<?xml version="1.0" encoding="UTF-8"?>
<testsuite xmlns:xsi="http://www.w3.org/2001/XMLSchema-instance" xsi:noNamespaceSchemaLocation="https://maven.apache.org/surefire/maven-surefire-plugin/xsd/surefire-test-report.xsd" name="org.apache.hadoop.ozone.client.rpc.TestFailureHandlingByClient" time="259.138" tests="5" errors="0" skipped="0" failures="1">
  <properties>
    <property name="awt.toolkit" value="sun.awt.X11.XToolkit"/>
    <property name="file.encoding.pkg" value="sun.io"/>
    <property name="java.specification.version" value="1.8"/>
    <property name="sun.cpu.isalist" value=""/>
    <property name="sun.jnu.encoding" value="ANSI_X3.4-1968"/>
    <property name="java.class.path" value="/workdir/hadoop-ozone/integration-test/target/test-classes:/workdir/hadoop-ozone/integration-test/target/classes:/home/user/.m2/repository/org/apache/hadoop/hadoop-ozone-common/0.5.0-SNAPSHOT/hadoop-ozone-common-0.5.0-SNAPSHOT.jar:/home/user/.m2/repository/org/apache/commons/commons-compress/1.4.1/commons-compress-1.4.1.jar:/home/user/.m2/repository/org/tukaani/xz/1.0/xz-1.0.jar:/home/user/.m2/repository/org/apache/hadoop/hadoop-common/3.2.0/hadoop-common-3.2.0.jar:/home/user/.m2/repository/org/apache/hadoop/hadoop-hdfs/3.2.0/hadoop-hdfs-3.2.0.jar:/home/user/.m2/repository/org/apache/hadoop/hadoop-hdfs-client/3.2.0/hadoop-hdfs-client-3.2.0.jar:/home/user/.m2/repository/com/fasterxml/jackson/core/jackson-annotations/2.9.9/jackson-annotations-2.9.9.jar:/home/user/.m2/repository/org/apache/hadoop/hadoop-hdds-common/0.5.0-SNAPSHOT/hadoop-hdds-common-0.5.0-SNAPSHOT.jar:/home/user/.m2/repository/javax/annotation/javax.annotation-api/1.2/javax.annotation-api-1.2.jar:/home/user/.m2/repository/org/apache/ratis/ratis-server/0.5.0-d6d58d0-SNAPSHOT/ratis-server-0.5.0-d6d58d0-SNAPSHOT.jar:/home/user/.m2/repository/org/apache/ratis/ratis-thirdparty-misc/0.2.0/ratis-thirdparty-misc-0.2.0.jar:/home/user/.m2/repository/org/apache/ratis/ratis-proto/0.5.0-d6d58d0-SNAPSHOT/ratis-proto-0.5.0-d6d58d0-SNAPSHOT.jar:/home/user/.m2/repository/org/apache/ratis/ratis-common/0.5.0-d6d58d0-SNAPSHOT/ratis-common-0.5.0-d6d58d0-SNAPSHOT.jar:/home/user/.m2/repository/org/apache/ratis/ratis-client/0.5.0-d6d58d0-SNAPSHOT/ratis-client-0.5.0-d6d58d0-SNAPSHOT.jar:/home/user/.m2/repository/org/apache/ratis/ratis-metrics/0.5.0-d6d58d0-SNAPSHOT/ratis-metrics-0.5.0-d6d58d0-SNAPSHOT.jar:/home/user/.m2/repository/org/apache/ratis/ratis-netty/0.5.0-d6d58d0-SNAPSHOT/ratis-netty-0.5.0-d6d58d0-SNAPSHOT.jar:/home/user/.m2/repository/org/apache/ratis/ratis-grpc/0.5.0-d6d58d0-SNAPSHOT/ratis-grpc-0.5.0-d6d58d0-SNAPSHOT.jar:/home/user/.m2/repository/org/rocksdb/rocksdbjni/6.0.1/rocksdbjni-6.0.1.jar:/home/user/.m2/repository/org/apache/logging/log4j/log4j-api/2.11.0/log4j-api-2.11.0.jar:/home/user/.m2/repository/org/apache/logging/log4j/log4j-core/2.11.0/log4j-core-2.11.0.jar:/home/user/.m2/repository/com/lmax/disruptor/3.4.2/disruptor-3.4.2.jar:/home/user/.m2/repository/org/apache/commons/commons-pool2/2.6.0/commons-pool2-2.6.0.jar:/home/user/.m2/repository/org/bouncycastle/bcpkix-jdk15on/1.60/bcpkix-jdk15on-1.60.jar:/home/user/.m2/repository/commons-validator/commons-validator/1.6/commons-validator-1.6.jar:/home/user/.m2/repository/commons-digester/commons-digester/1.8.1/commons-digester-1.8.1.jar:/home/user/.m2/repository/io/jaegertracing/jaeger-client/0.34.0/jaeger-client-0.34.0.jar:/home/user/.m2/repository/io/jaegertracing/jaeger-thrift/0.34.0/jaeger-thrift-0.34.0.jar:/home/user/.m2/repository/org/apache/thrift/libthrift/0.12.0/libthrift-0.12.0.jar:/home/user/.m2/repository/com/squareup/okhttp3/okhttp/3.9.0/okhttp-3.9.0.jar:/home/user/.m2/repository/com/squareup/okio/okio/1.13.0/okio-1.13.0.jar:/home/user/.m2/repository/io/jaegertracing/jaeger-core/0.34.0/jaeger-core-0.34.0.jar:/home/user/.m2/repository/io/jaegertracing/jaeger-tracerresolver/0.34.0/jaeger-tracerresolver-0.34.0.jar:/home/user/.m2/repository/io/opentracing/contrib/opentracing-tracerresolver/0.1.5/opentracing-tracerresolver-0.1.5.jar:/home/user/.m2/repository/io/opentracing/opentracing-util/0.31.0/opentracing-util-0.31.0.jar:/home/user/.m2/repository/io/opentracing/opentracing-api/0.31.0/opentracing-api-0.31.0.jar:/home/user/.m2/repository/io/opentracing/opentracing-noop/0.31.0/opentracing-noop-0.31.0.jar:/home/user/.m2/repository/org/apache/hadoop/hadoop-hdds-server-framework/0.5.0-SNAPSHOT/hadoop-hdds-server-framework-0.5.0-SNAPSHOT.jar:/home/user/.m2/repository/org/apache/hadoop/hadoop-hdds-container-service/0.5.0-SNAPSHOT/hadoop-hdds-container-service-0.5.0-SNAPSHOT.jar:/home/user/.m2/repository/org/apache/hadoop/hadoop-hdds-client/0.5.0-SNAPSHOT/hadoop-hdds-client-0.5.0-SNAPSHOT.jar:/home/user/.m2/repository/org/apache/hadoop/hadoop-hdds-tools/0.5.0-SNAPSHOT/hadoop-hdds-tools-0.5.0-SNAPSHOT.jar:/home/user/.m2/repository/org/apache/hadoop/hadoop-hdds-server-scm/0.5.0-SNAPSHOT/hadoop-hdds-server-scm-0.5.0-SNAPSHOT.jar:/home/user/.m2/repository/org/apache/hadoop/hadoop-hdds-docs/0.5.0-SNAPSHOT/hadoop-hdds-docs-0.5.0-SNAPSHOT.jar:/home/user/.m2/repository/io/dropwizard/metrics/metrics-core/3.2.4/metrics-core-3.2.4.jar:/home/user/.m2/repository/org/hamcrest/hamcrest-all/1.3/hamcrest-all-1.3.jar:/home/user/.m2/repository/org/bouncycastle/bcprov-jdk15on/1.60/bcprov-jdk15on-1.60.jar:/home/user/.m2/repository/info/picocli/picocli/3.9.6/picocli-3.9.6.jar:/home/user/.m2/repository/com/google/protobuf/protobuf-java/2.5.0/protobuf-java-2.5.0.jar:/home/user/.m2/repository/com/google/guava/guava/11.0.2/guava-11.0.2.jar:/home/user/.m2/repository/org/apache/hadoop/hadoop-ozone-ozone-manager/0.5.0-SNAPSHOT/hadoop-ozone-ozone-manager-0.5.0-SNAPSHOT.jar:/home/user/.m2/repository/org/apache/hadoop/hadoop-minikdc/3.2.0/hadoop-minikdc-3.2.0.jar:/home/user/.m2/repository/commons-io/commons-io/2.5/commons-io-2.5.jar:/home/user/.m2/repository/org/apache/kerby/kerb-simplekdc/1.0.1/kerb-simplekdc-1.0.1.jar:/home/user/.m2/repository/org/apache/kerby/kerb-client/1.0.1/kerb-client-1.0.1.jar:/home/user/.m2/repository/org/apache/kerby/kerby-config/1.0.1/kerby-config-1.0.1.jar:/home/user/.m2/repository/org/apache/kerby/kerb-core/1.0.1/kerb-core-1.0.1.jar:/home/user/.m2/repository/org/apache/kerby/kerby-pkix/1.0.1/kerby-pkix-1.0.1.jar:/home/user/.m2/repository/org/apache/kerby/kerby-asn1/1.0.1/kerby-asn1-1.0.1.jar:/home/user/.m2/repository/org/apache/kerby/kerby-util/1.0.1/kerby-util-1.0.1.jar:/home/user/.m2/repository/org/apache/kerby/kerb-common/1.0.1/kerb-common-1.0.1.jar:/home/user/.m2/repository/org/apache/kerby/kerb-crypto/1.0.1/kerb-crypto-1.0.1.jar:/home/user/.m2/repository/org/apache/kerby/kerb-util/1.0.1/kerb-util-1.0.1.jar:/home/user/.m2/repository/org/apache/kerby/token-provider/1.0.1/token-provider-1.0.1.jar:/home/user/.m2/repository/org/apache/kerby/kerb-admin/1.0.1/kerb-admin-1.0.1.jar:/home/user/.m2/repository/org/apache/kerby/kerb-server/1.0.1/kerb-server-1.0.1.jar:/home/user/.m2/repository/org/apache/kerby/kerb-identity/1.0.1/kerb-identity-1.0.1.jar:/home/user/.m2/repository/org/apache/kerby/kerby-xdr/1.0.1/kerby-xdr-1.0.1.jar:/home/user/.m2/repository/org/slf4j/slf4j-log4j12/1.7.25/slf4j-log4j12-1.7.25.jar:/home/user/.m2/repository/org/apache/hadoop/hadoop-ozone-s3gateway/0.5.0-SNAPSHOT/hadoop-ozone-s3gateway-0.5.0-SNAPSHOT.jar:/home/user/.m2/repository/org/jboss/weld/servlet/weld-servlet/2.4.7.Final/weld-servlet-2.4.7.Final.jar:/home/user/.m2/repository/org/glassfish/jersey/containers/jersey-container-servlet-core/2.27/jersey-container-servlet-core-2.27.jar:/home/user/.m2/repository/org/glassfish/hk2/external/javax.inject/2.5.0-b42/javax.inject-2.5.0-b42.jar:/home/user/.m2/repository/org/glassfish/jersey/core/jersey-common/2.27/jersey-common-2.27.jar:/home/user/.m2/repository/org/glassfish/hk2/osgi-resource-locator/1.0.1/osgi-resource-locator-1.0.1.jar:/home/user/.m2/repository/javax/ws/rs/javax.ws.rs-api/2.1/javax.ws.rs-api-2.1.jar:/home/user/.m2/repository/org/glassfish/jersey/ext/cdi/jersey-cdi1x/2.27/jersey-cdi1x-2.27.jar:/home/user/.m2/repository/org/glassfish/jersey/inject/jersey-hk2/2.27/jersey-hk2-2.27.jar:/home/user/.m2/repository/org/glassfish/hk2/hk2-locator/2.5.0-b42/hk2-locator-2.5.0-b42.jar:/home/user/.m2/repository/org/javassist/javassist/3.22.0-CR2/javassist-3.22.0-CR2.jar:/home/user/.m2/repository/org/glassfish/hk2/hk2-api/2.5.0/hk2-api-2.5.0.jar:/home/user/.m2/repository/org/glassfish/hk2/external/jakarta.inject/2.5.0/jakarta.inject-2.5.0.jar:/home/user/.m2/repository/org/glassfish/hk2/hk2-utils/2.5.0/hk2-utils-2.5.0.jar:/home/user/.m2/repository/jakarta/annotation/jakarta.annotation-api/1.3.4/jakarta.annotation-api-1.3.4.jar:/home/user/.m2/repository/org/glassfish/hk2/external/aopalliance-repackaged/2.5.0/aopalliance-repackaged-2.5.0.jar:/home/user/.m2/repository/com/fasterxml/jackson/dataformat/jackson-dataformat-xml/2.9.0/jackson-dataformat-xml-2.9.0.jar:/home/user/.m2/repository/com/fasterxml/jackson/core/jackson-core/2.9.9/jackson-core-2.9.9.jar:/home/user/.m2/repository/com/fasterxml/jackson/module/jackson-module-jaxb-annotations/2.9.9/jackson-module-jaxb-annotations-2.9.9.jar:/home/user/.m2/repository/javax/enterprise/cdi-api/1.2/cdi-api-1.2.jar:/home/user/.m2/repository/javax/el/javax.el-api/3.0.0/javax.el-api-3.0.0.jar:/home/user/.m2/repository/javax/interceptor/javax.interceptor-api/1.2/javax.interceptor-api-1.2.jar:/home/user/.m2/repository/javax/inject/javax.inject/1/javax.inject-1.jar:/home/user/.m2/repository/com/sun/xml/bind/jaxb-impl/2.3.0.1/jaxb-impl-2.3.0.1.jar:/home/user/.m2/repository/com/sun/xml/bind/jaxb-core/2.3.0.1/jaxb-core-2.3.0.1.jar:/home/user/.m2/repository/javax/xml/bind/jaxb-api/2.3.0/jaxb-api-2.3.0.jar:/home/user/.m2/repository/javax/activation/activation/1.1.1/activation-1.1.1.jar:/home/user/.m2/repository/org/apache/hadoop/hadoop-ozone-csi/0.5.0-SNAPSHOT/hadoop-ozone-csi-0.5.0-SNAPSHOT.jar:/home/user/.m2/repository/com/google/protobuf/protobuf-java-util/3.5.1/protobuf-java-util-3.5.1.jar:/home/user/.m2/repository/org/apache/hadoop/hadoop-hdds-config/0.5.0-SNAPSHOT/hadoop-hdds-config-0.5.0-SNAPSHOT.jar:/home/user/.m2/repository/io/grpc/grpc-netty/1.17.1/grpc-netty-1.17.1.jar:/home/user/.m2/repository/io/grpc/grpc-core/1.17.1/grpc-core-1.17.1.jar:/home/user/.m2/repository/io/grpc/grpc-context/1.17.1/grpc-context-1.17.1.jar:/home/user/.m2/repository/com/google/errorprone/error_prone_annotations/2.2.0/error_prone_annotations-2.2.0.jar:/home/user/.m2/repository/org/codehaus/mojo/animal-sniffer-annotations/1.17/animal-sniffer-annotations-1.17.jar:/home/user/.m2/repository/io/opencensus/opencensus-api/0.17.0/opencensus-api-0.17.0.jar:/home/user/.m2/repository/io/opencensus/opencensus-contrib-grpc-metrics/0.17.0/opencensus-contrib-grpc-metrics-0.17.0.jar:/home/user/.m2/repository/io/netty/netty-codec-http2/4.1.30.Final/netty-codec-http2-4.1.30.Final.jar:/home/user/.m2/repository/io/netty/netty-codec-http/4.1.30.Final/netty-codec-http-4.1.30.Final.jar:/home/user/.m2/repository/io/netty/netty-codec/4.1.30.Final/netty-codec-4.1.30.Final.jar:/home/user/.m2/repository/io/netty/netty-handler/4.1.30.Final/netty-handler-4.1.30.Final.jar:/home/user/.m2/repository/io/netty/netty-handler-proxy/4.1.30.Final/netty-handler-proxy-4.1.30.Final.jar:/home/user/.m2/repository/io/netty/netty-codec-socks/4.1.30.Final/netty-codec-socks-4.1.30.Final.jar:/home/user/.m2/repository/io/netty/netty-transport-native-epoll/4.1.30.Final/netty-transport-native-epoll-4.1.30.Final.jar:/home/user/.m2/repository/io/netty/netty-common/4.1.30.Final/netty-common-4.1.30.Final.jar:/home/user/.m2/repository/io/netty/netty-buffer/4.1.30.Final/netty-buffer-4.1.30.Final.jar:/home/user/.m2/repository/io/netty/netty-transport/4.1.30.Final/netty-transport-4.1.30.Final.jar:/home/user/.m2/repository/io/netty/netty-resolver/4.1.30.Final/netty-resolver-4.1.30.Final.jar:/home/user/.m2/repository/io/netty/netty-transport-native-unix-common/4.1.30.Final/netty-transport-native-unix-common-4.1.30.Final.jar:/home/user/.m2/repository/io/grpc/grpc-protobuf/1.17.1/grpc-protobuf-1.17.1.jar:/home/user/.m2/repository/com/google/api/grpc/proto-google-common-protos/1.0.0/proto-google-common-protos-1.0.0.jar:/home/user/.m2/repository/io/grpc/grpc-protobuf-lite/1.17.1/grpc-protobuf-lite-1.17.1.jar:/home/user/.m2/repository/io/grpc/grpc-stub/1.17.1/grpc-stub-1.17.1.jar:/home/user/.m2/repository/org/apache/hadoop/hadoop-ozone-recon/0.5.0-SNAPSHOT/hadoop-ozone-recon-0.5.0-SNAPSHOT.jar:/home/user/.m2/repository/org/apache/hadoop/hadoop-ozone-reconcodegen/0.5.0-SNAPSHOT/hadoop-ozone-reconcodegen-0.5.0-SNAPSHOT.jar:/home/user/.m2/repository/com/google/inject/extensions/guice-multibindings/4.0/guice-multibindings-4.0.jar:/home/user/.m2/repository/com/google/inject/guice/4.0/guice-4.0.jar:/home/user/.m2/repository/aopalliance/aopalliance/1.0/aopalliance-1.0.jar:/home/user/.m2/repository/com/google/inject/extensions/guice-servlet/4.0/guice-servlet-4.0.jar:/home/user/.m2/repository/org/glassfish/jersey/containers/jersey-container-servlet/2.27/jersey-container-servlet-2.27.jar:/home/user/.m2/repository/org/glassfish/hk2/guice-bridge/2.5.0/guice-bridge-2.5.0.jar:/home/user/.m2/repository/org/glassfish/jersey/core/jersey-server/2.27/jersey-server-2.27.jar:/home/user/.m2/repository/org/glassfish/jersey/core/jersey-client/2.27/jersey-client-2.27.jar:/home/user/.m2/repository/org/glassfish/jersey/media/jersey-media-jaxb/2.27/jersey-media-jaxb-2.27.jar:/home/user/.m2/repository/javax/validation/validation-api/1.1.0.Final/validation-api-1.1.0.Final.jar:/home/user/.m2/repository/org/glassfish/jersey/media/jersey-media-json-jackson/2.27/jersey-media-json-jackson-2.27.jar:/home/user/.m2/repository/org/glassfish/jersey/ext/jersey-entity-filtering/2.27/jersey-entity-filtering-2.27.jar:/home/user/.m2/repository/com/google/inject/extensions/guice-assistedinject/4.0/guice-assistedinject-4.0.jar:/home/user/.m2/repository/org/jooq/jooq/3.11.10/jooq-3.11.10.jar:/home/user/.m2/repository/org/jooq/jooq-meta/3.11.10/jooq-meta-3.11.10.jar:/home/user/.m2/repository/org/jooq/jooq-codegen/3.11.10/jooq-codegen-3.11.10.jar:/home/user/.m2/repository/com/jolbox/bonecp/0.8.0.RELEASE/bonecp-0.8.0.RELEASE.jar:/home/user/.m2/repository/org/xerial/sqlite-jdbc/3.25.2/sqlite-jdbc-3.25.2.jar:/home/user/.m2/repository/org/springframework/spring-jdbc/5.1.3.RELEASE/spring-jdbc-5.1.3.RELEASE.jar:/home/user/.m2/repository/org/springframework/spring-beans/5.1.3.RELEASE/spring-beans-5.1.3.RELEASE.jar:/home/user/.m2/repository/org/springframework/spring-core/5.1.3.RELEASE/spring-core-5.1.3.RELEASE.jar:/home/user/.m2/repository/org/springframework/spring-jcl/5.1.3.RELEASE/spring-jcl-5.1.3.RELEASE.jar:/home/user/.m2/repository/org/springframework/spring-tx/5.1.3.RELEASE/spring-tx-5.1.3.RELEASE.jar:/home/user/.m2/repository/org/apache/hadoop/hadoop-ozone-client/0.5.0-SNAPSHOT/hadoop-ozone-client-0.5.0-SNAPSHOT.jar:/home/user/.m2/repository/commons-lang/commons-lang/2.6/commons-lang-2.6.jar:/home/user/.m2/repository/org/apache/hadoop/hadoop-ozone-ozone-manager/0.5.0-SNAPSHOT/hadoop-ozone-ozone-manager-0.5.0-SNAPSHOT-tests.jar:/home/user/.m2/repository/junit/junit/4.11/junit-4.11.jar:/home/user/.m2/repository/org/hamcrest/hamcrest-core/1.3/hamcrest-core-1.3.jar:/home/user/.m2/repository/org/openjdk/jmh/jmh-core/1.19/jmh-core-1.19.jar:/home/user/.m2/repository/net/sf/jopt-simple/jopt-simple/4.6/jopt-simple-4.6.jar:/home/user/.m2/repository/org/apache/commons/commons-math3/3.1.1/commons-math3-3.1.1.jar:/home/user/.m2/repository/org/openjdk/jmh/jmh-generator-annprocess/1.19/jmh-generator-annprocess-1.19.jar:/home/user/.m2/repository/org/mockito/mockito-all/1.8.5/mockito-all-1.8.5.jar:/home/user/.m2/repository/org/apache/hadoop/hadoop-kms/3.2.0/hadoop-kms-3.2.0.jar:/home/user/.m2/repository/org/apache/hadoop/hadoop-auth/3.2.0/hadoop-auth-3.2.0.jar:/home/user/.m2/repository/com/nimbusds/nimbus-jose-jwt/4.41.1/nimbus-jose-jwt-4.41.1.jar:/home/user/.m2/repository/com/github/stephenc/jcip/jcip-annotations/1.0-1/jcip-annotations-1.0-1.jar:/home/user/.m2/repository/net/minidev/json-smart/2.3/json-smart-2.3.jar:/home/user/.m2/repository/net/minidev/accessors-smart/1.2/accessors-smart-1.2.jar:/home/user/.m2/repository/org/ow2/asm/asm/5.0.4/asm-5.0.4.jar:/home/user/.m2/repository/org/apache/curator/curator-framework/2.12.0/curator-framework-2.12.0.jar:/home/user/.m2/repository/com/sun/jersey/jersey-core/1.19/jersey-core-1.19.jar:/home/user/.m2/repository/javax/ws/rs/jsr311-api/1.1.1/jsr311-api-1.1.1.jar:/home/user/.m2/repository/com/sun/jersey/jersey-server/1.19/jersey-server-1.19.jar:/home/user/.m2/repository/javax/servlet/javax.servlet-api/3.1.0/javax.servlet-api-3.1.0.jar:/home/user/.m2/repository/org/eclipse/jetty/jetty-server/9.3.25.v20180904/jetty-server-9.3.25.v20180904.jar:/home/user/.m2/repository/org/eclipse/jetty/jetty-http/9.3.25.v20180904/jetty-http-9.3.25.v20180904.jar:/home/user/.m2/repository/org/eclipse/jetty/jetty-io/9.3.25.v20180904/jetty-io-9.3.25.v20180904.jar:/home/user/.m2/repository/org/eclipse/jetty/jetty-webapp/9.3.25.v20180904/jetty-webapp-9.3.25.v20180904.jar:/home/user/.m2/repository/org/eclipse/jetty/jetty-xml/9.3.25.v20180904/jetty-xml-9.3.25.v20180904.jar:/home/user/.m2/repository/log4j/log4j/1.2.17/log4j-1.2.17.jar:/home/user/.m2/repository/org/slf4j/slf4j-api/1.7.25/slf4j-api-1.7.25.jar:/home/user/.m2/repository/org/slf4j/jul-to-slf4j/1.7.25/jul-to-slf4j-1.7.25.jar:/home/user/.m2/repository/org/eclipse/jetty/jetty-util/9.3.25.v20180904/jetty-util-9.3.25.v20180904.jar:/home/user/.m2/repository/com/fasterxml/jackson/core/jackson-databind/2.9.9/jackson-databind-2.9.9.jar:/home/user/.m2/repository/org/apache/hadoop/hadoop-kms/3.2.0/hadoop-kms-3.2.0-tests.jar:/home/user/.m2/repository/org/apache/hadoop/hadoop-hdds-server-scm/0.5.0-SNAPSHOT/hadoop-hdds-server-scm-0.5.0-SNAPSHOT-tests.jar:/home/user/.m2/repository/org/apache/hadoop/hadoop-hdds-container-service/0.5.0-SNAPSHOT/hadoop-hdds-container-service-0.5.0-SNAPSHOT-tests.jar:/home/user/.m2/repository/org/yaml/snakeyaml/1.16/snakeyaml-1.16.jar:/home/user/.m2/repository/org/apache/hadoop/hadoop-common/3.2.0/hadoop-common-3.2.0-tests.jar:/home/user/.m2/repository/org/apache/hadoop/hadoop-annotations/3.2.0/hadoop-annotations-3.2.0.jar:/usr/lib/jvm/java-1.8.0-openjdk-1.8.0.222.b10-1.el7_7.x86_64/jre/../lib/tools.jar:/home/user/.m2/repository/commons-cli/commons-cli/1.2/commons-cli-1.2.jar:/home/user/.m2/repository/org/apache/httpcomponents/httpclient/4.5.2/httpclient-4.5.2.jar:/home/user/.m2/repository/org/apache/httpcomponents/httpcore/4.4.4/httpcore-4.4.4.jar:/home/user/.m2/repository/commons-codec/commons-codec/1.11/commons-codec-1.11.jar:/home/user/.m2/repository/commons-net/commons-net/3.6/commons-net-3.6.jar:/home/user/.m2/repository/commons-collections/commons-collections/3.2.2/commons-collections-3.2.2.jar:/home/user/.m2/repository/org/eclipse/jetty/jetty-servlet/9.3.25.v20180904/jetty-servlet-9.3.25.v20180904.jar:/home/user/.m2/repository/org/eclipse/jetty/jetty-security/9.3.25.v20180904/jetty-security-9.3.25.v20180904.jar:/home/user/.m2/repository/javax/servlet/jsp/jsp-api/2.1/jsp-api-2.1.jar:/home/user/.m2/repository/com/sun/jersey/jersey-servlet/1.19/jersey-servlet-1.19.jar:/home/user/.m2/repository/com/sun/jersey/jersey-json/1.19/jersey-json-1.19.jar:/home/user/.m2/repository/org/codehaus/jettison/jettison/1.1/jettison-1.1.jar:/home/user/.m2/repository/org/codehaus/jackson/jackson-core-asl/1.9.13/jackson-core-asl-1.9.13.jar:/home/user/.m2/repository/org/codehaus/jackson/jackson-mapper-asl/1.9.13/jackson-mapper-asl-1.9.13.jar:/home/user/.m2/repository/org/codehaus/jackson/jackson-jaxrs/1.9.13/jackson-jaxrs-1.9.13.jar:/home/user/.m2/repository/org/codehaus/jackson/jackson-xc/1.9.13/jackson-xc-1.9.13.jar:/home/user/.m2/repository/commons-logging/commons-logging/1.1.3/commons-logging-1.1.3.jar:/home/user/.m2/repository/commons-beanutils/commons-beanutils/1.9.4/commons-beanutils-1.9.4.jar:/home/user/.m2/repository/org/apache/commons/commons-configuration2/2.1.1/commons-configuration2-2.1.1.jar:/home/user/.m2/repository/org/apache/commons/commons-lang3/3.7/commons-lang3-3.7.jar:/home/user/.m2/repository/org/apache/commons/commons-text/1.4/commons-text-1.4.jar:/home/user/.m2/repository/org/apache/avro/avro/1.7.7/avro-1.7.7.jar:/home/user/.m2/repository/com/thoughtworks/paranamer/paranamer/2.3/paranamer-2.3.jar:/home/user/.m2/repository/org/xerial/snappy/snappy-java/1.0.5/snappy-java-1.0.5.jar:/home/user/.m2/repository/com/google/re2j/re2j/1.1/re2j-1.1.jar:/home/user/.m2/repository/com/google/code/gson/gson/2.2.4/gson-2.2.4.jar:/home/user/.m2/repository/com/jcraft/jsch/0.1.54/jsch-0.1.54.jar:/home/user/.m2/repository/org/apache/curator/curator-client/2.12.0/curator-client-2.12.0.jar:/home/user/.m2/repository/org/apache/curator/curator-recipes/2.12.0/curator-recipes-2.12.0.jar:/home/user/.m2/repository/com/google/code/findbugs/jsr305/3.0.0/jsr305-3.0.0.jar:/home/user/.m2/repository/org/apache/htrace/htrace-core4/4.1.0-incubating/htrace-core4-4.1.0-incubating.jar:/home/user/.m2/repository/org/apache/zookeeper/zookeeper/3.4.13/zookeeper-3.4.13.jar:/home/user/.m2/repository/jline/jline/0.9.94/jline-0.9.94.jar:/home/user/.m2/repository/org/apache/yetus/audience-annotations/0.5.0/audience-annotations-0.5.0.jar:/home/user/.m2/repository/org/codehaus/woodstox/stax2-api/3.1.4/stax2-api-3.1.4.jar:/home/user/.m2/repository/com/fasterxml/woodstox/woodstox-core/5.0.3/woodstox-core-5.0.3.jar:/home/user/.m2/repository/dnsjava/dnsjava/2.1.7/dnsjava-2.1.7.jar:/home/user/.m2/repository/org/apache/hadoop/hadoop-hdfs/3.2.0/hadoop-hdfs-3.2.0-tests.jar:/home/user/.m2/repository/org/eclipse/jetty/jetty-util-ajax/9.3.25.v20180904/jetty-util-ajax-9.3.25.v20180904.jar:/home/user/.m2/repository/commons-daemon/commons-daemon/1.0.13/commons-daemon-1.0.13.jar:/home/user/.m2/repository/io/netty/netty/3.10.5.Final/netty-3.10.5.Final.jar:/home/user/.m2/repository/io/netty/netty-all/4.0.52.Final/netty-all-4.0.52.Final.jar:/home/user/.m2/repository/org/fusesource/leveldbjni/leveldbjni-all/1.8/leveldbjni-all-1.8.jar:"/>
    <property name="java.vm.vendor" value="Oracle Corporation"/>
    <property name="sun.arch.data.model" value="64"/>
    <property name="test.build.dir" value="/workdir/hadoop-ozone/integration-test/target/test-dir"/>
    <property name="test.cache.data" value=""/>
    <property name="java.vendor.url" value="http://java.oracle.com/"/>
    <property name="user.timezone" value=""/>
    <property name="java.vm.specification.version" value="1.8"/>
    <property name="os.name" value="Linux"/>
    <property name="test.build.data" value="/workdir/hadoop-ozone/integration-test/target/test-dir"/>
    <property name="user.country" value="US"/>
    <property name="sun.java.launcher" value="SUN_STANDARD"/>
    <property name="sun.boot.library.path" value="/usr/lib/jvm/java-1.8.0-openjdk-1.8.0.222.b10-1.el7_7.x86_64/jre/lib/amd64"/>
    <property name="sun.java.command" value="/workdir/hadoop-ozone/integration-test/target/surefire/surefirebooter8378365307278183260.jar /workdir/hadoop-ozone/integration-test/target/surefire 2019-11-13T19-42-01_105-jvmRun1 surefire5026236333901602235tmp surefire_506572572489964814878tmp"/>
    <property name="surefire.test.class.path" value="/workdir/hadoop-ozone/integration-test/target/test-classes:/workdir/hadoop-ozone/integration-test/target/classes:/home/user/.m2/repository/org/apache/hadoop/hadoop-ozone-common/0.5.0-SNAPSHOT/hadoop-ozone-common-0.5.0-SNAPSHOT.jar:/home/user/.m2/repository/org/apache/commons/commons-compress/1.4.1/commons-compress-1.4.1.jar:/home/user/.m2/repository/org/tukaani/xz/1.0/xz-1.0.jar:/home/user/.m2/repository/org/apache/hadoop/hadoop-common/3.2.0/hadoop-common-3.2.0.jar:/home/user/.m2/repository/org/apache/hadoop/hadoop-hdfs/3.2.0/hadoop-hdfs-3.2.0.jar:/home/user/.m2/repository/org/apache/hadoop/hadoop-hdfs-client/3.2.0/hadoop-hdfs-client-3.2.0.jar:/home/user/.m2/repository/com/fasterxml/jackson/core/jackson-annotations/2.9.9/jackson-annotations-2.9.9.jar:/home/user/.m2/repository/org/apache/hadoop/hadoop-hdds-common/0.5.0-SNAPSHOT/hadoop-hdds-common-0.5.0-SNAPSHOT.jar:/home/user/.m2/repository/javax/annotation/javax.annotation-api/1.2/javax.annotation-api-1.2.jar:/home/user/.m2/repository/org/apache/ratis/ratis-server/0.5.0-d6d58d0-SNAPSHOT/ratis-server-0.5.0-d6d58d0-SNAPSHOT.jar:/home/user/.m2/repository/org/apache/ratis/ratis-thirdparty-misc/0.2.0/ratis-thirdparty-misc-0.2.0.jar:/home/user/.m2/repository/org/apache/ratis/ratis-proto/0.5.0-d6d58d0-SNAPSHOT/ratis-proto-0.5.0-d6d58d0-SNAPSHOT.jar:/home/user/.m2/repository/org/apache/ratis/ratis-common/0.5.0-d6d58d0-SNAPSHOT/ratis-common-0.5.0-d6d58d0-SNAPSHOT.jar:/home/user/.m2/repository/org/apache/ratis/ratis-client/0.5.0-d6d58d0-SNAPSHOT/ratis-client-0.5.0-d6d58d0-SNAPSHOT.jar:/home/user/.m2/repository/org/apache/ratis/ratis-metrics/0.5.0-d6d58d0-SNAPSHOT/ratis-metrics-0.5.0-d6d58d0-SNAPSHOT.jar:/home/user/.m2/repository/org/apache/ratis/ratis-netty/0.5.0-d6d58d0-SNAPSHOT/ratis-netty-0.5.0-d6d58d0-SNAPSHOT.jar:/home/user/.m2/repository/org/apache/ratis/ratis-grpc/0.5.0-d6d58d0-SNAPSHOT/ratis-grpc-0.5.0-d6d58d0-SNAPSHOT.jar:/home/user/.m2/repository/org/rocksdb/rocksdbjni/6.0.1/rocksdbjni-6.0.1.jar:/home/user/.m2/repository/org/apache/logging/log4j/log4j-api/2.11.0/log4j-api-2.11.0.jar:/home/user/.m2/repository/org/apache/logging/log4j/log4j-core/2.11.0/log4j-core-2.11.0.jar:/home/user/.m2/repository/com/lmax/disruptor/3.4.2/disruptor-3.4.2.jar:/home/user/.m2/repository/org/apache/commons/commons-pool2/2.6.0/commons-pool2-2.6.0.jar:/home/user/.m2/repository/org/bouncycastle/bcpkix-jdk15on/1.60/bcpkix-jdk15on-1.60.jar:/home/user/.m2/repository/commons-validator/commons-validator/1.6/commons-validator-1.6.jar:/home/user/.m2/repository/commons-digester/commons-digester/1.8.1/commons-digester-1.8.1.jar:/home/user/.m2/repository/io/jaegertracing/jaeger-client/0.34.0/jaeger-client-0.34.0.jar:/home/user/.m2/repository/io/jaegertracing/jaeger-thrift/0.34.0/jaeger-thrift-0.34.0.jar:/home/user/.m2/repository/org/apache/thrift/libthrift/0.12.0/libthrift-0.12.0.jar:/home/user/.m2/repository/com/squareup/okhttp3/okhttp/3.9.0/okhttp-3.9.0.jar:/home/user/.m2/repository/com/squareup/okio/okio/1.13.0/okio-1.13.0.jar:/home/user/.m2/repository/io/jaegertracing/jaeger-core/0.34.0/jaeger-core-0.34.0.jar:/home/user/.m2/repository/io/jaegertracing/jaeger-tracerresolver/0.34.0/jaeger-tracerresolver-0.34.0.jar:/home/user/.m2/repository/io/opentracing/contrib/opentracing-tracerresolver/0.1.5/opentracing-tracerresolver-0.1.5.jar:/home/user/.m2/repository/io/opentracing/opentracing-util/0.31.0/opentracing-util-0.31.0.jar:/home/user/.m2/repository/io/opentracing/opentracing-api/0.31.0/opentracing-api-0.31.0.jar:/home/user/.m2/repository/io/opentracing/opentracing-noop/0.31.0/opentracing-noop-0.31.0.jar:/home/user/.m2/repository/org/apache/hadoop/hadoop-hdds-server-framework/0.5.0-SNAPSHOT/hadoop-hdds-server-framework-0.5.0-SNAPSHOT.jar:/home/user/.m2/repository/org/apache/hadoop/hadoop-hdds-container-service/0.5.0-SNAPSHOT/hadoop-hdds-container-service-0.5.0-SNAPSHOT.jar:/home/user/.m2/repository/org/apache/hadoop/hadoop-hdds-client/0.5.0-SNAPSHOT/hadoop-hdds-client-0.5.0-SNAPSHOT.jar:/home/user/.m2/repository/org/apache/hadoop/hadoop-hdds-tools/0.5.0-SNAPSHOT/hadoop-hdds-tools-0.5.0-SNAPSHOT.jar:/home/user/.m2/repository/org/apache/hadoop/hadoop-hdds-server-scm/0.5.0-SNAPSHOT/hadoop-hdds-server-scm-0.5.0-SNAPSHOT.jar:/home/user/.m2/repository/org/apache/hadoop/hadoop-hdds-docs/0.5.0-SNAPSHOT/hadoop-hdds-docs-0.5.0-SNAPSHOT.jar:/home/user/.m2/repository/io/dropwizard/metrics/metrics-core/3.2.4/metrics-core-3.2.4.jar:/home/user/.m2/repository/org/hamcrest/hamcrest-all/1.3/hamcrest-all-1.3.jar:/home/user/.m2/repository/org/bouncycastle/bcprov-jdk15on/1.60/bcprov-jdk15on-1.60.jar:/home/user/.m2/repository/info/picocli/picocli/3.9.6/picocli-3.9.6.jar:/home/user/.m2/repository/com/google/protobuf/protobuf-java/2.5.0/protobuf-java-2.5.0.jar:/home/user/.m2/repository/com/google/guava/guava/11.0.2/guava-11.0.2.jar:/home/user/.m2/repository/org/apache/hadoop/hadoop-ozone-ozone-manager/0.5.0-SNAPSHOT/hadoop-ozone-ozone-manager-0.5.0-SNAPSHOT.jar:/home/user/.m2/repository/org/apache/hadoop/hadoop-minikdc/3.2.0/hadoop-minikdc-3.2.0.jar:/home/user/.m2/repository/commons-io/commons-io/2.5/commons-io-2.5.jar:/home/user/.m2/repository/org/apache/kerby/kerb-simplekdc/1.0.1/kerb-simplekdc-1.0.1.jar:/home/user/.m2/repository/org/apache/kerby/kerb-client/1.0.1/kerb-client-1.0.1.jar:/home/user/.m2/repository/org/apache/kerby/kerby-config/1.0.1/kerby-config-1.0.1.jar:/home/user/.m2/repository/org/apache/kerby/kerb-core/1.0.1/kerb-core-1.0.1.jar:/home/user/.m2/repository/org/apache/kerby/kerby-pkix/1.0.1/kerby-pkix-1.0.1.jar:/home/user/.m2/repository/org/apache/kerby/kerby-asn1/1.0.1/kerby-asn1-1.0.1.jar:/home/user/.m2/repository/org/apache/kerby/kerby-util/1.0.1/kerby-util-1.0.1.jar:/home/user/.m2/repository/org/apache/kerby/kerb-common/1.0.1/kerb-common-1.0.1.jar:/home/user/.m2/repository/org/apache/kerby/kerb-crypto/1.0.1/kerb-crypto-1.0.1.jar:/home/user/.m2/repository/org/apache/kerby/kerb-util/1.0.1/kerb-util-1.0.1.jar:/home/user/.m2/repository/org/apache/kerby/token-provider/1.0.1/token-provider-1.0.1.jar:/home/user/.m2/repository/org/apache/kerby/kerb-admin/1.0.1/kerb-admin-1.0.1.jar:/home/user/.m2/repository/org/apache/kerby/kerb-server/1.0.1/kerb-server-1.0.1.jar:/home/user/.m2/repository/org/apache/kerby/kerb-identity/1.0.1/kerb-identity-1.0.1.jar:/home/user/.m2/repository/org/apache/kerby/kerby-xdr/1.0.1/kerby-xdr-1.0.1.jar:/home/user/.m2/repository/org/slf4j/slf4j-log4j12/1.7.25/slf4j-log4j12-1.7.25.jar:/home/user/.m2/repository/org/apache/hadoop/hadoop-ozone-s3gateway/0.5.0-SNAPSHOT/hadoop-ozone-s3gateway-0.5.0-SNAPSHOT.jar:/home/user/.m2/repository/org/jboss/weld/servlet/weld-servlet/2.4.7.Final/weld-servlet-2.4.7.Final.jar:/home/user/.m2/repository/org/glassfish/jersey/containers/jersey-container-servlet-core/2.27/jersey-container-servlet-core-2.27.jar:/home/user/.m2/repository/org/glassfish/hk2/external/javax.inject/2.5.0-b42/javax.inject-2.5.0-b42.jar:/home/user/.m2/repository/org/glassfish/jersey/core/jersey-common/2.27/jersey-common-2.27.jar:/home/user/.m2/repository/org/glassfish/hk2/osgi-resource-locator/1.0.1/osgi-resource-locator-1.0.1.jar:/home/user/.m2/repository/javax/ws/rs/javax.ws.rs-api/2.1/javax.ws.rs-api-2.1.jar:/home/user/.m2/repository/org/glassfish/jersey/ext/cdi/jersey-cdi1x/2.27/jersey-cdi1x-2.27.jar:/home/user/.m2/repository/org/glassfish/jersey/inject/jersey-hk2/2.27/jersey-hk2-2.27.jar:/home/user/.m2/repository/org/glassfish/hk2/hk2-locator/2.5.0-b42/hk2-locator-2.5.0-b42.jar:/home/user/.m2/repository/org/javassist/javassist/3.22.0-CR2/javassist-3.22.0-CR2.jar:/home/user/.m2/repository/org/glassfish/hk2/hk2-api/2.5.0/hk2-api-2.5.0.jar:/home/user/.m2/repository/org/glassfish/hk2/external/jakarta.inject/2.5.0/jakarta.inject-2.5.0.jar:/home/user/.m2/repository/org/glassfish/hk2/hk2-utils/2.5.0/hk2-utils-2.5.0.jar:/home/user/.m2/repository/jakarta/annotation/jakarta.annotation-api/1.3.4/jakarta.annotation-api-1.3.4.jar:/home/user/.m2/repository/org/glassfish/hk2/external/aopalliance-repackaged/2.5.0/aopalliance-repackaged-2.5.0.jar:/home/user/.m2/repository/com/fasterxml/jackson/dataformat/jackson-dataformat-xml/2.9.0/jackson-dataformat-xml-2.9.0.jar:/home/user/.m2/repository/com/fasterxml/jackson/core/jackson-core/2.9.9/jackson-core-2.9.9.jar:/home/user/.m2/repository/com/fasterxml/jackson/module/jackson-module-jaxb-annotations/2.9.9/jackson-module-jaxb-annotations-2.9.9.jar:/home/user/.m2/repository/javax/enterprise/cdi-api/1.2/cdi-api-1.2.jar:/home/user/.m2/repository/javax/el/javax.el-api/3.0.0/javax.el-api-3.0.0.jar:/home/user/.m2/repository/javax/interceptor/javax.interceptor-api/1.2/javax.interceptor-api-1.2.jar:/home/user/.m2/repository/javax/inject/javax.inject/1/javax.inject-1.jar:/home/user/.m2/repository/com/sun/xml/bind/jaxb-impl/2.3.0.1/jaxb-impl-2.3.0.1.jar:/home/user/.m2/repository/com/sun/xml/bind/jaxb-core/2.3.0.1/jaxb-core-2.3.0.1.jar:/home/user/.m2/repository/javax/xml/bind/jaxb-api/2.3.0/jaxb-api-2.3.0.jar:/home/user/.m2/repository/javax/activation/activation/1.1.1/activation-1.1.1.jar:/home/user/.m2/repository/org/apache/hadoop/hadoop-ozone-csi/0.5.0-SNAPSHOT/hadoop-ozone-csi-0.5.0-SNAPSHOT.jar:/home/user/.m2/repository/com/google/protobuf/protobuf-java-util/3.5.1/protobuf-java-util-3.5.1.jar:/home/user/.m2/repository/org/apache/hadoop/hadoop-hdds-config/0.5.0-SNAPSHOT/hadoop-hdds-config-0.5.0-SNAPSHOT.jar:/home/user/.m2/repository/io/grpc/grpc-netty/1.17.1/grpc-netty-1.17.1.jar:/home/user/.m2/repository/io/grpc/grpc-core/1.17.1/grpc-core-1.17.1.jar:/home/user/.m2/repository/io/grpc/grpc-context/1.17.1/grpc-context-1.17.1.jar:/home/user/.m2/repository/com/google/errorprone/error_prone_annotations/2.2.0/error_prone_annotations-2.2.0.jar:/home/user/.m2/repository/org/codehaus/mojo/animal-sniffer-annotations/1.17/animal-sniffer-annotations-1.17.jar:/home/user/.m2/repository/io/opencensus/opencensus-api/0.17.0/opencensus-api-0.17.0.jar:/home/user/.m2/repository/io/opencensus/opencensus-contrib-grpc-metrics/0.17.0/opencensus-contrib-grpc-metrics-0.17.0.jar:/home/user/.m2/repository/io/netty/netty-codec-http2/4.1.30.Final/netty-codec-http2-4.1.30.Final.jar:/home/user/.m2/repository/io/netty/netty-codec-http/4.1.30.Final/netty-codec-http-4.1.30.Final.jar:/home/user/.m2/repository/io/netty/netty-codec/4.1.30.Final/netty-codec-4.1.30.Final.jar:/home/user/.m2/repository/io/netty/netty-handler/4.1.30.Final/netty-handler-4.1.30.Final.jar:/home/user/.m2/repository/io/netty/netty-handler-proxy/4.1.30.Final/netty-handler-proxy-4.1.30.Final.jar:/home/user/.m2/repository/io/netty/netty-codec-socks/4.1.30.Final/netty-codec-socks-4.1.30.Final.jar:/home/user/.m2/repository/io/netty/netty-transport-native-epoll/4.1.30.Final/netty-transport-native-epoll-4.1.30.Final.jar:/home/user/.m2/repository/io/netty/netty-common/4.1.30.Final/netty-common-4.1.30.Final.jar:/home/user/.m2/repository/io/netty/netty-buffer/4.1.30.Final/netty-buffer-4.1.30.Final.jar:/home/user/.m2/repository/io/netty/netty-transport/4.1.30.Final/netty-transport-4.1.30.Final.jar:/home/user/.m2/repository/io/netty/netty-resolver/4.1.30.Final/netty-resolver-4.1.30.Final.jar:/home/user/.m2/repository/io/netty/netty-transport-native-unix-common/4.1.30.Final/netty-transport-native-unix-common-4.1.30.Final.jar:/home/user/.m2/repository/io/grpc/grpc-protobuf/1.17.1/grpc-protobuf-1.17.1.jar:/home/user/.m2/repository/com/google/api/grpc/proto-google-common-protos/1.0.0/proto-google-common-protos-1.0.0.jar:/home/user/.m2/repository/io/grpc/grpc-protobuf-lite/1.17.1/grpc-protobuf-lite-1.17.1.jar:/home/user/.m2/repository/io/grpc/grpc-stub/1.17.1/grpc-stub-1.17.1.jar:/home/user/.m2/repository/org/apache/hadoop/hadoop-ozone-recon/0.5.0-SNAPSHOT/hadoop-ozone-recon-0.5.0-SNAPSHOT.jar:/home/user/.m2/repository/org/apache/hadoop/hadoop-ozone-reconcodegen/0.5.0-SNAPSHOT/hadoop-ozone-reconcodegen-0.5.0-SNAPSHOT.jar:/home/user/.m2/repository/com/google/inject/extensions/guice-multibindings/4.0/guice-multibindings-4.0.jar:/home/user/.m2/repository/com/google/inject/guice/4.0/guice-4.0.jar:/home/user/.m2/repository/aopalliance/aopalliance/1.0/aopalliance-1.0.jar:/home/user/.m2/repository/com/google/inject/extensions/guice-servlet/4.0/guice-servlet-4.0.jar:/home/user/.m2/repository/org/glassfish/jersey/containers/jersey-container-servlet/2.27/jersey-container-servlet-2.27.jar:/home/user/.m2/repository/org/glassfish/hk2/guice-bridge/2.5.0/guice-bridge-2.5.0.jar:/home/user/.m2/repository/org/glassfish/jersey/core/jersey-server/2.27/jersey-server-2.27.jar:/home/user/.m2/repository/org/glassfish/jersey/core/jersey-client/2.27/jersey-client-2.27.jar:/home/user/.m2/repository/org/glassfish/jersey/media/jersey-media-jaxb/2.27/jersey-media-jaxb-2.27.jar:/home/user/.m2/repository/javax/validation/validation-api/1.1.0.Final/validation-api-1.1.0.Final.jar:/home/user/.m2/repository/org/glassfish/jersey/media/jersey-media-json-jackson/2.27/jersey-media-json-jackson-2.27.jar:/home/user/.m2/repository/org/glassfish/jersey/ext/jersey-entity-filtering/2.27/jersey-entity-filtering-2.27.jar:/home/user/.m2/repository/com/google/inject/extensions/guice-assistedinject/4.0/guice-assistedinject-4.0.jar:/home/user/.m2/repository/org/jooq/jooq/3.11.10/jooq-3.11.10.jar:/home/user/.m2/repository/org/jooq/jooq-meta/3.11.10/jooq-meta-3.11.10.jar:/home/user/.m2/repository/org/jooq/jooq-codegen/3.11.10/jooq-codegen-3.11.10.jar:/home/user/.m2/repository/com/jolbox/bonecp/0.8.0.RELEASE/bonecp-0.8.0.RELEASE.jar:/home/user/.m2/repository/org/xerial/sqlite-jdbc/3.25.2/sqlite-jdbc-3.25.2.jar:/home/user/.m2/repository/org/springframework/spring-jdbc/5.1.3.RELEASE/spring-jdbc-5.1.3.RELEASE.jar:/home/user/.m2/repository/org/springframework/spring-beans/5.1.3.RELEASE/spring-beans-5.1.3.RELEASE.jar:/home/user/.m2/repository/org/springframework/spring-core/5.1.3.RELEASE/spring-core-5.1.3.RELEASE.jar:/home/user/.m2/repository/org/springframework/spring-jcl/5.1.3.RELEASE/spring-jcl-5.1.3.RELEASE.jar:/home/user/.m2/repository/org/springframework/spring-tx/5.1.3.RELEASE/spring-tx-5.1.3.RELEASE.jar:/home/user/.m2/repository/org/apache/hadoop/hadoop-ozone-client/0.5.0-SNAPSHOT/hadoop-ozone-client-0.5.0-SNAPSHOT.jar:/home/user/.m2/repository/commons-lang/commons-lang/2.6/commons-lang-2.6.jar:/home/user/.m2/repository/org/apache/hadoop/hadoop-ozone-ozone-manager/0.5.0-SNAPSHOT/hadoop-ozone-ozone-manager-0.5.0-SNAPSHOT-tests.jar:/home/user/.m2/repository/junit/junit/4.11/junit-4.11.jar:/home/user/.m2/repository/org/hamcrest/hamcrest-core/1.3/hamcrest-core-1.3.jar:/home/user/.m2/repository/org/openjdk/jmh/jmh-core/1.19/jmh-core-1.19.jar:/home/user/.m2/repository/net/sf/jopt-simple/jopt-simple/4.6/jopt-simple-4.6.jar:/home/user/.m2/repository/org/apache/commons/commons-math3/3.1.1/commons-math3-3.1.1.jar:/home/user/.m2/repository/org/openjdk/jmh/jmh-generator-annprocess/1.19/jmh-generator-annprocess-1.19.jar:/home/user/.m2/repository/org/mockito/mockito-all/1.8.5/mockito-all-1.8.5.jar:/home/user/.m2/repository/org/apache/hadoop/hadoop-kms/3.2.0/hadoop-kms-3.2.0.jar:/home/user/.m2/repository/org/apache/hadoop/hadoop-auth/3.2.0/hadoop-auth-3.2.0.jar:/home/user/.m2/repository/com/nimbusds/nimbus-jose-jwt/4.41.1/nimbus-jose-jwt-4.41.1.jar:/home/user/.m2/repository/com/github/stephenc/jcip/jcip-annotations/1.0-1/jcip-annotations-1.0-1.jar:/home/user/.m2/repository/net/minidev/json-smart/2.3/json-smart-2.3.jar:/home/user/.m2/repository/net/minidev/accessors-smart/1.2/accessors-smart-1.2.jar:/home/user/.m2/repository/org/ow2/asm/asm/5.0.4/asm-5.0.4.jar:/home/user/.m2/repository/org/apache/curator/curator-framework/2.12.0/curator-framework-2.12.0.jar:/home/user/.m2/repository/com/sun/jersey/jersey-core/1.19/jersey-core-1.19.jar:/home/user/.m2/repository/javax/ws/rs/jsr311-api/1.1.1/jsr311-api-1.1.1.jar:/home/user/.m2/repository/com/sun/jersey/jersey-server/1.19/jersey-server-1.19.jar:/home/user/.m2/repository/javax/servlet/javax.servlet-api/3.1.0/javax.servlet-api-3.1.0.jar:/home/user/.m2/repository/org/eclipse/jetty/jetty-server/9.3.25.v20180904/jetty-server-9.3.25.v20180904.jar:/home/user/.m2/repository/org/eclipse/jetty/jetty-http/9.3.25.v20180904/jetty-http-9.3.25.v20180904.jar:/home/user/.m2/repository/org/eclipse/jetty/jetty-io/9.3.25.v20180904/jetty-io-9.3.25.v20180904.jar:/home/user/.m2/repository/org/eclipse/jetty/jetty-webapp/9.3.25.v20180904/jetty-webapp-9.3.25.v20180904.jar:/home/user/.m2/repository/org/eclipse/jetty/jetty-xml/9.3.25.v20180904/jetty-xml-9.3.25.v20180904.jar:/home/user/.m2/repository/log4j/log4j/1.2.17/log4j-1.2.17.jar:/home/user/.m2/repository/org/slf4j/slf4j-api/1.7.25/slf4j-api-1.7.25.jar:/home/user/.m2/repository/org/slf4j/jul-to-slf4j/1.7.25/jul-to-slf4j-1.7.25.jar:/home/user/.m2/repository/org/eclipse/jetty/jetty-util/9.3.25.v20180904/jetty-util-9.3.25.v20180904.jar:/home/user/.m2/repository/com/fasterxml/jackson/core/jackson-databind/2.9.9/jackson-databind-2.9.9.jar:/home/user/.m2/repository/org/apache/hadoop/hadoop-kms/3.2.0/hadoop-kms-3.2.0-tests.jar:/home/user/.m2/repository/org/apache/hadoop/hadoop-hdds-server-scm/0.5.0-SNAPSHOT/hadoop-hdds-server-scm-0.5.0-SNAPSHOT-tests.jar:/home/user/.m2/repository/org/apache/hadoop/hadoop-hdds-container-service/0.5.0-SNAPSHOT/hadoop-hdds-container-service-0.5.0-SNAPSHOT-tests.jar:/home/user/.m2/repository/org/yaml/snakeyaml/1.16/snakeyaml-1.16.jar:/home/user/.m2/repository/org/apache/hadoop/hadoop-common/3.2.0/hadoop-common-3.2.0-tests.jar:/home/user/.m2/repository/org/apache/hadoop/hadoop-annotations/3.2.0/hadoop-annotations-3.2.0.jar:/usr/lib/jvm/java-1.8.0-openjdk-1.8.0.222.b10-1.el7_7.x86_64/jre/../lib/tools.jar:/home/user/.m2/repository/commons-cli/commons-cli/1.2/commons-cli-1.2.jar:/home/user/.m2/repository/org/apache/httpcomponents/httpclient/4.5.2/httpclient-4.5.2.jar:/home/user/.m2/repository/org/apache/httpcomponents/httpcore/4.4.4/httpcore-4.4.4.jar:/home/user/.m2/repository/commons-codec/commons-codec/1.11/commons-codec-1.11.jar:/home/user/.m2/repository/commons-net/commons-net/3.6/commons-net-3.6.jar:/home/user/.m2/repository/commons-collections/commons-collections/3.2.2/commons-collections-3.2.2.jar:/home/user/.m2/repository/org/eclipse/jetty/jetty-servlet/9.3.25.v20180904/jetty-servlet-9.3.25.v20180904.jar:/home/user/.m2/repository/org/eclipse/jetty/jetty-security/9.3.25.v20180904/jetty-security-9.3.25.v20180904.jar:/home/user/.m2/repository/javax/servlet/jsp/jsp-api/2.1/jsp-api-2.1.jar:/home/user/.m2/repository/com/sun/jersey/jersey-servlet/1.19/jersey-servlet-1.19.jar:/home/user/.m2/repository/com/sun/jersey/jersey-json/1.19/jersey-json-1.19.jar:/home/user/.m2/repository/org/codehaus/jettison/jettison/1.1/jettison-1.1.jar:/home/user/.m2/repository/org/codehaus/jackson/jackson-core-asl/1.9.13/jackson-core-asl-1.9.13.jar:/home/user/.m2/repository/org/codehaus/jackson/jackson-mapper-asl/1.9.13/jackson-mapper-asl-1.9.13.jar:/home/user/.m2/repository/org/codehaus/jackson/jackson-jaxrs/1.9.13/jackson-jaxrs-1.9.13.jar:/home/user/.m2/repository/org/codehaus/jackson/jackson-xc/1.9.13/jackson-xc-1.9.13.jar:/home/user/.m2/repository/commons-logging/commons-logging/1.1.3/commons-logging-1.1.3.jar:/home/user/.m2/repository/commons-beanutils/commons-beanutils/1.9.4/commons-beanutils-1.9.4.jar:/home/user/.m2/repository/org/apache/commons/commons-configuration2/2.1.1/commons-configuration2-2.1.1.jar:/home/user/.m2/repository/org/apache/commons/commons-lang3/3.7/commons-lang3-3.7.jar:/home/user/.m2/repository/org/apache/commons/commons-text/1.4/commons-text-1.4.jar:/home/user/.m2/repository/org/apache/avro/avro/1.7.7/avro-1.7.7.jar:/home/user/.m2/repository/com/thoughtworks/paranamer/paranamer/2.3/paranamer-2.3.jar:/home/user/.m2/repository/org/xerial/snappy/snappy-java/1.0.5/snappy-java-1.0.5.jar:/home/user/.m2/repository/com/google/re2j/re2j/1.1/re2j-1.1.jar:/home/user/.m2/repository/com/google/code/gson/gson/2.2.4/gson-2.2.4.jar:/home/user/.m2/repository/com/jcraft/jsch/0.1.54/jsch-0.1.54.jar:/home/user/.m2/repository/org/apache/curator/curator-client/2.12.0/curator-client-2.12.0.jar:/home/user/.m2/repository/org/apache/curator/curator-recipes/2.12.0/curator-recipes-2.12.0.jar:/home/user/.m2/repository/com/google/code/findbugs/jsr305/3.0.0/jsr305-3.0.0.jar:/home/user/.m2/repository/org/apache/htrace/htrace-core4/4.1.0-incubating/htrace-core4-4.1.0-incubating.jar:/home/user/.m2/repository/org/apache/zookeeper/zookeeper/3.4.13/zookeeper-3.4.13.jar:/home/user/.m2/repository/jline/jline/0.9.94/jline-0.9.94.jar:/home/user/.m2/repository/org/apache/yetus/audience-annotations/0.5.0/audience-annotations-0.5.0.jar:/home/user/.m2/repository/org/codehaus/woodstox/stax2-api/3.1.4/stax2-api-3.1.4.jar:/home/user/.m2/repository/com/fasterxml/woodstox/woodstox-core/5.0.3/woodstox-core-5.0.3.jar:/home/user/.m2/repository/dnsjava/dnsjava/2.1.7/dnsjava-2.1.7.jar:/home/user/.m2/repository/org/apache/hadoop/hadoop-hdfs/3.2.0/hadoop-hdfs-3.2.0-tests.jar:/home/user/.m2/repository/org/eclipse/jetty/jetty-util-ajax/9.3.25.v20180904/jetty-util-ajax-9.3.25.v20180904.jar:/home/user/.m2/repository/commons-daemon/commons-daemon/1.0.13/commons-daemon-1.0.13.jar:/home/user/.m2/repository/io/netty/netty/3.10.5.Final/netty-3.10.5.Final.jar:/home/user/.m2/repository/io/netty/netty-all/4.0.52.Final/netty-all-4.0.52.Final.jar:/home/user/.m2/repository/org/fusesource/leveldbjni/leveldbjni-all/1.8/leveldbjni-all-1.8.jar:"/>
    <property name="sun.cpu.endian" value="little"/>
    <property name="user.home" value="/home/user"/>
    <property name="user.language" value="en"/>
    <property name="java.specification.vendor" value="Oracle Corporation"/>
    <property name="java.home" value="/usr/lib/jvm/java-1.8.0-openjdk-1.8.0.222.b10-1.el7_7.x86_64/jre"/>
    <property name="surefire.excludesFile" value="/tools/ozone-bad-unit-tests"/>
    <property name="java.security.krb5.conf" value="/workdir/hadoop-ozone/integration-test/target/test-classes/krb5.conf"/>
    <property name="basedir" value="/workdir/hadoop-ozone/integration-test"/>
    <property name="file.separator" value="/"/>
    <property name="line.separator" value="&#10;"/>
    <property name="java.vm.specification.vendor" value="Oracle Corporation"/>
    <property name="java.specification.name" value="Java Platform API Specification"/>
    <property name="java.awt.graphicsenv" value="sun.awt.X11GraphicsEnvironment"/>
    <property name="surefire.real.class.path" value="/workdir/hadoop-ozone/integration-test/target/surefire/surefirebooter8378365307278183260.jar"/>
    <property name="hadoop.log.dir" value="/workdir/hadoop-ozone/integration-test/target/log"/>
    <property name="sun.boot.class.path" value="/usr/lib/jvm/java-1.8.0-openjdk-1.8.0.222.b10-1.el7_7.x86_64/jre/lib/resources.jar:/usr/lib/jvm/java-1.8.0-openjdk-1.8.0.222.b10-1.el7_7.x86_64/jre/lib/rt.jar:/usr/lib/jvm/java-1.8.0-openjdk-1.8.0.222.b10-1.el7_7.x86_64/jre/lib/sunrsasign.jar:/usr/lib/jvm/java-1.8.0-openjdk-1.8.0.222.b10-1.el7_7.x86_64/jre/lib/jsse.jar:/usr/lib/jvm/java-1.8.0-openjdk-1.8.0.222.b10-1.el7_7.x86_64/jre/lib/jce.jar:/usr/lib/jvm/java-1.8.0-openjdk-1.8.0.222.b10-1.el7_7.x86_64/jre/lib/charsets.jar:/usr/lib/jvm/java-1.8.0-openjdk-1.8.0.222.b10-1.el7_7.x86_64/jre/lib/jfr.jar:/usr/lib/jvm/java-1.8.0-openjdk-1.8.0.222.b10-1.el7_7.x86_64/jre/classes"/>
    <property name="sun.management.compiler" value="HotSpot 64-Bit Tiered Compilers"/>
    <property name="java.runtime.version" value="1.8.0_222-b10"/>
    <property name="java.net.preferIPv4Stack" value="true"/>
    <property name="user.name" value="jenkins1000"/>
    <property name="path.separator" value=":"/>
    <property name="java.security.egd" value="file:///dev/urandom"/>
    <property name="os.version" value="3.10.0-957.12.2.el7.x86_64"/>
    <property name="java.endorsed.dirs" value="/usr/lib/jvm/java-1.8.0-openjdk-1.8.0.222.b10-1.el7_7.x86_64/jre/lib/endorsed"/>
    <property name="java.runtime.name" value="OpenJDK Runtime Environment"/>
    <property name="file.encoding" value="ANSI_X3.4-1968"/>
    <property name="java.vm.name" value="OpenJDK 64-Bit Server VM"/>
    <property name="test.build.webapps" value=""/>
    <property name="localRepository" value="/home/user/.m2/repository"/>
    <property name="java.vendor.url.bug" value="http://bugreport.sun.com/bugreport/"/>
    <property name="java.io.tmpdir" value="/tmp"/>
    <property name="require.test.libhadoop" value=""/>
    <property name="java.version" value="1.8.0_222"/>
    <property name="user.dir" value="/workdir/hadoop-ozone/integration-test"/>
    <property name="os.arch" value="amd64"/>
    <property name="java.vm.specification.name" value="Java Virtual Machine Specification"/>
    <property name="test.build.classes" value="/workdir/hadoop-ozone/integration-test/target/test-classes"/>
    <property name="java.awt.printerjob" value="sun.print.PSPrinterJob"/>
    <property name="sun.os.patch.level" value="unknown"/>
    <property name="hadoop.tmp.dir" value="/workdir/hadoop-ozone/integration-test/target/tmp"/>
    <property name="java.library.path" value="/usr/lib:/workdir/hadoop-ozone/integration-test/target/native/target/usr/local/lib:/workdir/hadoop-ozone/integration-test/../../hadoop-common-project/hadoop-common/target/native/target/usr/local/lib:/usr/java/packages/lib/amd64:/usr/lib64:/lib64:/lib:/usr/lib"/>
    <property name="java.vm.info" value="mixed mode"/>
    <property name="java.vendor" value="Oracle Corporation"/>
    <property name="java.vm.version" value="25.222-b10"/>
    <property name="java.ext.dirs" value="/usr/lib/jvm/java-1.8.0-openjdk-1.8.0.222.b10-1.el7_7.x86_64/jre/lib/ext:/usr/java/packages/lib/ext"/>
    <property name="sun.io.unicode.encoding" value="UnicodeLittle"/>
    <property name="java.class.version" value="52.0"/>
  </properties>
  <testcase name="testPipelineExclusionWithPipelineFailure" classname="org.apache.hadoop.ozone.client.rpc.TestFailureHandlingByClient" time="56.794"/>
  <testcase name="testContainerExclusionWithClosedContainerException" classname="org.apache.hadoop.ozone.client.rpc.TestFailureHandlingByClient" time="38.91"/>
  <testcase name="testWriteSmallFile" classname="org.apache.hadoop.ozone.client.rpc.TestFailureHandlingByClient" time="40.792"/>
  <testcase name="testBlockWritesWithDnFailures" classname="org.apache.hadoop.ozone.client.rpc.TestFailureHandlingByClient" time="82.458"/>
  <testcase name="testDatanodeExclusionWithMajorityCommit" classname="org.apache.hadoop.ozone.client.rpc.TestFailureHandlingByClient" time="40.103">
    <failure type="java.lang.AssertionError">java.lang.AssertionError
	at org.junit.Assert.fail(Assert.java:86)
	at org.junit.Assert.assertTrue(Assert.java:41)
	at org.junit.Assert.assertTrue(Assert.java:52)
	at org.apache.hadoop.ozone.client.rpc.TestFailureHandlingByClient.testDatanodeExclusionWithMajorityCommit(TestFailureHandlingByClient.java:318)
	at sun.reflect.NativeMethodAccessorImpl.invoke0(Native Method)
	at sun.reflect.NativeMethodAccessorImpl.invoke(NativeMethodAccessorImpl.java:62)
	at sun.reflect.DelegatingMethodAccessorImpl.invoke(DelegatingMethodAccessorImpl.java:43)
	at java.lang.reflect.Method.invoke(Method.java:498)
	at org.junit.runners.model.FrameworkMethod$1.runReflectiveCall(FrameworkMethod.java:47)
	at org.junit.internal.runners.model.ReflectiveCallable.run(ReflectiveCallable.java:12)
	at org.junit.runners.model.FrameworkMethod.invokeExplosively(FrameworkMethod.java:44)
	at org.junit.internal.runners.statements.InvokeMethod.evaluate(InvokeMethod.java:17)
	at org.junit.internal.runners.statements.RunAfters.evaluate(RunAfters.java:27)
	at org.junit.runners.ParentRunner.runLeaf(ParentRunner.java:271)
	at org.junit.runners.BlockJUnit4ClassRunner.runChild(BlockJUnit4ClassRunner.java:70)
	at org.junit.runners.BlockJUnit4ClassRunner.runChild(BlockJUnit4ClassRunner.java:50)
	at org.junit.runners.ParentRunner$3.run(ParentRunner.java:238)
	at org.junit.runners.ParentRunner$1.schedule(ParentRunner.java:63)
	at org.junit.runners.ParentRunner.runChildren(ParentRunner.java:236)
	at org.junit.runners.ParentRunner.access$000(ParentRunner.java:53)
	at org.junit.runners.ParentRunner$2.evaluate(ParentRunner.java:229)
	at org.junit.runners.ParentRunner.run(ParentRunner.java:309)
	at org.apache.maven.surefire.junit4.JUnit4Provider.execute(JUnit4Provider.java:365)
	at org.apache.maven.surefire.junit4.JUnit4Provider.executeWithRerun(JUnit4Provider.java:273)
	at org.apache.maven.surefire.junit4.JUnit4Provider.executeTestSet(JUnit4Provider.java:238)
	at org.apache.maven.surefire.junit4.JUnit4Provider.invoke(JUnit4Provider.java:159)
	at org.apache.maven.surefire.booter.ForkedBooter.invokeProviderInSameClassLoader(ForkedBooter.java:384)
	at org.apache.maven.surefire.booter.ForkedBooter.runSuitesInProcess(ForkedBooter.java:345)
	at org.apache.maven.surefire.booter.ForkedBooter.execute(ForkedBooter.java:126)
	at org.apache.maven.surefire.booter.ForkedBooter.main(ForkedBooter.java:418)
</failure>
    <system-out><![CDATA[2019-11-13 20:40:05,690 [main] WARN  server.ServerUtils (ServerUtils.java:getScmDbDir(145)) - ozone.scm.db.dirs is not configured. We recommend adding this setting. Falling back to ozone.metadata.dirs instead.
2019-11-13 20:40:05,716 [main] WARN  server.ServerUtils (ServerUtils.java:getScmDbDir(145)) - ozone.scm.db.dirs is not configured. We recommend adding this setting. Falling back to ozone.metadata.dirs instead.
2019-11-13 20:40:05,716 [main] WARN  server.ServerUtils (ServerUtils.java:getScmDbDir(145)) - ozone.scm.db.dirs is not configured. We recommend adding this setting. Falling back to ozone.metadata.dirs instead.
2019-11-13 20:40:05,717 [main] INFO  db.DBStoreBuilder (DBStoreBuilder.java:addTable(127)) - using custom profile for table: deletedBlocks
2019-11-13 20:40:05,717 [main] INFO  db.DBStoreBuilder (DBStoreBuilder.java:processTables(183)) - Using default column profile:DBProfile.DISK for Table:deletedBlocks
2019-11-13 20:40:05,717 [main] INFO  db.DBStoreBuilder (DBStoreBuilder.java:addTable(127)) - using custom profile for table: validCerts
2019-11-13 20:40:05,718 [main] INFO  db.DBStoreBuilder (DBStoreBuilder.java:processTables(183)) - Using default column profile:DBProfile.DISK for Table:validCerts
2019-11-13 20:40:05,718 [main] INFO  db.DBStoreBuilder (DBStoreBuilder.java:addTable(127)) - using custom profile for table: revokedCerts
2019-11-13 20:40:05,718 [main] INFO  db.DBStoreBuilder (DBStoreBuilder.java:processTables(183)) - Using default column profile:DBProfile.DISK for Table:revokedCerts
2019-11-13 20:40:05,718 [main] INFO  db.DBStoreBuilder (DBStoreBuilder.java:addTable(127)) - using custom profile for table: default
2019-11-13 20:40:05,718 [main] INFO  db.DBStoreBuilder (DBStoreBuilder.java:processTables(189)) - Using default column profile:DBProfile.DISK for Table:default
2019-11-13 20:40:05,718 [main] INFO  db.DBStoreBuilder (DBStoreBuilder.java:getDbProfile(220)) - Using default options. DBProfile.DISK
2019-11-13 20:40:05,881 [main] INFO  net.NodeSchemaLoader (NodeSchemaLoader.java:loadSchemaFromFile(125)) - Loading file from sun.misc.CompoundEnumeration@530ee28b
2019-11-13 20:40:05,881 [main] INFO  net.NodeSchemaLoader (NodeSchemaLoader.java:loadSchema(171)) - Loading network topology layer schema file
2019-11-13 20:40:05,889 [main] INFO  node.SCMNodeManager (SCMNodeManager.java:<init>(116)) - Entering startup safe mode.
2019-11-13 20:40:05,891 [main] INFO  algorithms.ContainerPlacementPolicyFactory (ContainerPlacementPolicyFactory.java:getPolicy(57)) - Create container placement policy of type org.apache.hadoop.hdds.scm.container.placement.algorithms.SCMContainerPlacementRandom
2019-11-13 20:40:05,891 [main] WARN  server.ServerUtils (ServerUtils.java:getScmDbDir(145)) - ozone.scm.db.dirs is not configured. We recommend adding this setting. Falling back to ozone.metadata.dirs instead.
2019-11-13 20:40:05,950 [main] INFO  pipeline.SCMPipelineManager (SCMPipelineManager.java:initializePipelineState(132)) - No pipeline exists in current db
2019-11-13 20:40:05,950 [main] WARN  server.ServerUtils (ServerUtils.java:getScmDbDir(145)) - ozone.scm.db.dirs is not configured. We recommend adding this setting. Falling back to ozone.metadata.dirs instead.
2019-11-13 20:40:05,981 [main] WARN  events.EventQueue (EventQueue.java:fireEvent(183)) - No event handler registered for event TypedEvent{payloadType=SafeModeStatus, name='SafeModeStatus'}
2019-11-13 20:40:05,982 [main] INFO  ipc.CallQueueManager (CallQueueManager.java:<init>(84)) - Using callQueue: class java.util.concurrent.LinkedBlockingQueue, queueCapacity: 2000, scheduler: class org.apache.hadoop.ipc.DefaultRpcScheduler, ipcBackoff: false.
2019-11-13 20:40:05,983 [Socket Reader #1 for port 46790] INFO  ipc.Server (Server.java:run(1074)) - Starting Socket Reader #1 for port 46790
2019-11-13 20:40:05,985 [main] INFO  ipc.CallQueueManager (CallQueueManager.java:<init>(84)) - Using callQueue: class java.util.concurrent.LinkedBlockingQueue, queueCapacity: 2000, scheduler: class org.apache.hadoop.ipc.DefaultRpcScheduler, ipcBackoff: false.
2019-11-13 20:40:05,986 [Socket Reader #1 for port 43979] INFO  ipc.Server (Server.java:run(1074)) - Starting Socket Reader #1 for port 43979
2019-11-13 20:40:05,987 [main] INFO  ipc.CallQueueManager (CallQueueManager.java:<init>(84)) - Using callQueue: class java.util.concurrent.LinkedBlockingQueue, queueCapacity: 2000, scheduler: class org.apache.hadoop.ipc.DefaultRpcScheduler, ipcBackoff: false.
2019-11-13 20:40:05,988 [Socket Reader #1 for port 33892] INFO  ipc.Server (Server.java:run(1074)) - Starting Socket Reader #1 for port 33892
2019-11-13 20:40:05,990 [main] INFO  hdfs.DFSUtil (DFSUtil.java:httpServerTemplateForNNAndJN(1641)) - Starting Web-server for scm at: http://0.0.0.0:0
2019-11-13 20:40:05,993 [main] INFO  server.AuthenticationFilter (AuthenticationFilter.java:constructSecretProvider(240)) - Unable to initialize FileSignerSecretProvider, falling back to use random secrets.
2019-11-13 20:40:05,993 [main] WARN  http.HttpRequestLog (HttpRequestLog.java:getRequestLog(97)) - Jetty request log can only be enabled using Log4j
2019-11-13 20:40:05,995 [main] INFO  http.HttpServer2 (HttpServer2.java:addGlobalFilter(975)) - Added global filter 'safety' (class=org.apache.hadoop.http.HttpServer2$QuotingInputFilter)
2019-11-13 20:40:05,996 [main] INFO  http.HttpServer2 (HttpServer2.java:addFilter(948)) - Added filter static_user_filter (class=org.apache.hadoop.http.lib.StaticUserWebFilter$StaticUserFilter) to context scm
2019-11-13 20:40:05,996 [main] INFO  http.HttpServer2 (HttpServer2.java:addFilter(958)) - Added filter static_user_filter (class=org.apache.hadoop.http.lib.StaticUserWebFilter$StaticUserFilter) to context static
2019-11-13 20:40:05,996 [main] INFO  http.HttpServer2 (HttpServer2.java:addFilter(958)) - Added filter static_user_filter (class=org.apache.hadoop.http.lib.StaticUserWebFilter$StaticUserFilter) to context logs
2019-11-13 20:40:05,998 [main] INFO  server.StorageContainerManager (StorageContainerManager.java:start(764)) - StorageContainerLocationProtocol RPC server is listening at /0.0.0.0:33892
2019-11-13 20:40:06,001 [main] WARN  impl.MetricsConfig (MetricsConfig.java:loadFirst(134)) - Cannot locate configuration: tried hadoop-metrics2-storagecontainermanager.properties,hadoop-metrics2.properties
2019-11-13 20:40:06,001 [main] INFO  impl.MetricsSystemImpl (MetricsSystemImpl.java:startTimer(374)) - Scheduled Metric snapshot period at 10 second(s).
2019-11-13 20:40:06,002 [main] INFO  impl.MetricsSystemImpl (MetricsSystemImpl.java:start(191)) - StorageContainerManager metrics system started
2019-11-13 20:40:06,048 [main] WARN  impl.MetricsSystemImpl (MetricsSystemImpl.java:register(276)) - Sink prometheus already exists!
2019-11-13 20:40:06,110 [main] INFO  server.SCMClientProtocolServer (SCMClientProtocolServer.java:start(159)) - RPC server for Client  is listening at /0.0.0.0:33892
2019-11-13 20:40:06,110 [IPC Server Responder] INFO  ipc.Server (Server.java:run(1314)) - IPC Server Responder: starting
2019-11-13 20:40:06,110 [IPC Server listener on 33892] INFO  ipc.Server (Server.java:run(1153)) - IPC Server listener on 33892: starting
2019-11-13 20:40:06,114 [main] INFO  server.StorageContainerManager (StorageContainerManager.java:start(774)) - ScmBlockLocationProtocol RPC server is listening at /0.0.0.0:43979
2019-11-13 20:40:06,114 [main] INFO  server.SCMBlockProtocolServer (SCMBlockProtocolServer.java:start(146)) - RPC server for Block Protocol is listening at /0.0.0.0:43979
2019-11-13 20:40:06,115 [IPC Server Responder] INFO  ipc.Server (Server.java:run(1314)) - IPC Server Responder: starting
2019-11-13 20:40:06,115 [IPC Server listener on 43979] INFO  ipc.Server (Server.java:run(1153)) - IPC Server listener on 43979: starting
2019-11-13 20:40:06,118 [main] INFO  server.StorageContainerManager (StorageContainerManager.java:start(778)) - ScmDatanodeProtocl RPC server is listening at /0.0.0.0:46790
2019-11-13 20:40:06,118 [main] INFO  server.SCMDatanodeProtocolServer (SCMDatanodeProtocolServer.java:start(169)) - RPC server for DataNodes is listening at /0.0.0.0:46790
2019-11-13 20:40:06,118 [IPC Server Responder] INFO  ipc.Server (Server.java:run(1314)) - IPC Server Responder: starting
2019-11-13 20:40:06,118 [IPC Server listener on 46790] INFO  ipc.Server (Server.java:run(1153)) - IPC Server listener on 46790: starting
2019-11-13 20:40:06,121 [main] INFO  http.HttpServer2 (HttpServer2.java:bindListener(1191)) - Jetty bound to port 39582
2019-11-13 20:40:06,121 [main] INFO  server.Server (Server.java:doStart(351)) - jetty-9.3.25.v20180904, build timestamp: 2018-09-04T21:11:46Z, git hash: 3ce520221d0240229c862b122d2b06c12a625732
2019-11-13 20:40:06,123 [main] INFO  handler.ContextHandler (ContextHandler.java:doStart(781)) - Started o.e.j.s.ServletContextHandler@7a66c35a{/logs,file:///workdir/hadoop-ozone/integration-test/target/log,AVAILABLE}
2019-11-13 20:40:06,124 [main] INFO  handler.ContextHandler (ContextHandler.java:doStart(781)) - Started o.e.j.s.ServletContextHandler@73e4387{/static,file:///workdir/hadoop-ozone/integration-test/target/test-classes/webapps/static,AVAILABLE}
2019-11-13 20:40:06,127 [main] INFO  handler.ContextHandler (ContextHandler.java:doStart(781)) - Started o.e.j.w.WebAppContext@7a64cb0c{/,file:///workdir/hadoop-ozone/integration-test/target/test-classes/webapps/scm/,AVAILABLE}{/scm}
2019-11-13 20:40:06,128 [main] INFO  server.AbstractConnector (AbstractConnector.java:doStart(278)) - Started ServerConnector@785ed99c{HTTP/1.1,[http/1.1]}{0.0.0.0:39582}
2019-11-13 20:40:06,128 [main] INFO  server.Server (Server.java:doStart(419)) - Started @219851ms
2019-11-13 20:40:06,128 [main] WARN  impl.MetricsSystemImpl (MetricsSystemImpl.java:register(276)) - Sink prometheus already exists!
2019-11-13 20:40:06,129 [main] INFO  server.BaseHttpServer (BaseHttpServer.java:updateConnectorAddress(215)) - HTTP server of SCM is listening at http://0.0.0.0:39582
2019-11-13 20:40:06,130 [main] WARN  server.ServerUtils (ServerUtils.java:getDBPath(222)) - ozone.om.db.dirs is not configured. We recommend adding this setting. Falling back to ozone.metadata.dirs instead.
2019-11-13 20:40:06,131 [org.apache.hadoop.util.JvmPauseMonitor$Monitor@755b5f30] INFO  util.JvmPauseMonitor (JvmPauseMonitor.java:run(188)) - Starting JVM pause monitor
2019-11-13 20:40:06,156 [main] INFO  ha.OMHANodeDetails (OMHANodeDetails.java:loadOMHAConfig(190)) - Configuration either no ozone.om.address set. Falling back to the default OM address /127.0.0.1:0
2019-11-13 20:40:06,156 [main] INFO  ha.OMHANodeDetails (OMHANodeDetails.java:getOMNodeDetails(220)) - OM Service ID is not set. Setting it to the default ID: omServiceIdDefault
2019-11-13 20:40:06,156 [main] WARN  server.ServerUtils (ServerUtils.java:getDBPath(222)) - ozone.om.db.dirs is not configured. We recommend adding this setting. Falling back to ozone.metadata.dirs instead.
2019-11-13 20:40:06,157 [main] WARN  server.ServerUtils (ServerUtils.java:getDBPath(222)) - ozone.om.db.dirs is not configured. We recommend adding this setting. Falling back to ozone.metadata.dirs instead.
2019-11-13 20:40:06,163 [main] WARN  server.ServerUtils (ServerUtils.java:getDBPath(222)) - ozone.om.db.dirs is not configured. We recommend adding this setting. Falling back to ozone.metadata.dirs instead.
2019-11-13 20:40:06,163 [main] INFO  db.DBStoreBuilder (DBStoreBuilder.java:addTable(127)) - using custom profile for table: userTable
2019-11-13 20:40:06,163 [main] INFO  db.DBStoreBuilder (DBStoreBuilder.java:processTables(183)) - Using default column profile:DBProfile.DISK for Table:userTable
2019-11-13 20:40:06,163 [main] INFO  db.DBStoreBuilder (DBStoreBuilder.java:addTable(127)) - using custom profile for table: volumeTable
2019-11-13 20:40:06,164 [main] INFO  db.DBStoreBuilder (DBStoreBuilder.java:processTables(183)) - Using default column profile:DBProfile.DISK for Table:volumeTable
2019-11-13 20:40:06,164 [main] INFO  db.DBStoreBuilder (DBStoreBuilder.java:addTable(127)) - using custom profile for table: bucketTable
2019-11-13 20:40:06,164 [main] INFO  db.DBStoreBuilder (DBStoreBuilder.java:processTables(183)) - Using default column profile:DBProfile.DISK for Table:bucketTable
2019-11-13 20:40:06,164 [main] INFO  db.DBStoreBuilder (DBStoreBuilder.java:addTable(127)) - using custom profile for table: keyTable
2019-11-13 20:40:06,164 [main] INFO  db.DBStoreBuilder (DBStoreBuilder.java:processTables(183)) - Using default column profile:DBProfile.DISK for Table:keyTable
2019-11-13 20:40:06,165 [main] INFO  db.DBStoreBuilder (DBStoreBuilder.java:addTable(127)) - using custom profile for table: deletedTable
2019-11-13 20:40:06,165 [main] INFO  db.DBStoreBuilder (DBStoreBuilder.java:processTables(183)) - Using default column profile:DBProfile.DISK for Table:deletedTable
2019-11-13 20:40:06,165 [main] INFO  db.DBStoreBuilder (DBStoreBuilder.java:addTable(127)) - using custom profile for table: openKeyTable
2019-11-13 20:40:06,165 [main] INFO  db.DBStoreBuilder (DBStoreBuilder.java:processTables(183)) - Using default column profile:DBProfile.DISK for Table:openKeyTable
2019-11-13 20:40:06,165 [main] INFO  db.DBStoreBuilder (DBStoreBuilder.java:addTable(127)) - using custom profile for table: s3Table
2019-11-13 20:40:06,165 [main] INFO  db.DBStoreBuilder (DBStoreBuilder.java:processTables(183)) - Using default column profile:DBProfile.DISK for Table:s3Table
2019-11-13 20:40:06,166 [main] INFO  db.DBStoreBuilder (DBStoreBuilder.java:addTable(127)) - using custom profile for table: multipartInfoTable
2019-11-13 20:40:06,166 [main] INFO  db.DBStoreBuilder (DBStoreBuilder.java:processTables(183)) - Using default column profile:DBProfile.DISK for Table:multipartInfoTable
2019-11-13 20:40:06,166 [main] INFO  db.DBStoreBuilder (DBStoreBuilder.java:addTable(127)) - using custom profile for table: dTokenTable
2019-11-13 20:40:06,166 [main] INFO  db.DBStoreBuilder (DBStoreBuilder.java:processTables(183)) - Using default column profile:DBProfile.DISK for Table:dTokenTable
2019-11-13 20:40:06,166 [main] INFO  db.DBStoreBuilder (DBStoreBuilder.java:addTable(127)) - using custom profile for table: s3SecretTable
2019-11-13 20:40:06,166 [main] INFO  db.DBStoreBuilder (DBStoreBuilder.java:processTables(183)) - Using default column profile:DBProfile.DISK for Table:s3SecretTable
2019-11-13 20:40:06,167 [main] INFO  db.DBStoreBuilder (DBStoreBuilder.java:addTable(127)) - using custom profile for table: prefixTable
2019-11-13 20:40:06,167 [main] INFO  db.DBStoreBuilder (DBStoreBuilder.java:processTables(183)) - Using default column profile:DBProfile.DISK for Table:prefixTable
2019-11-13 20:40:06,167 [main] INFO  db.DBStoreBuilder (DBStoreBuilder.java:addTable(127)) - using custom profile for table: default
2019-11-13 20:40:06,167 [main] INFO  db.DBStoreBuilder (DBStoreBuilder.java:processTables(189)) - Using default column profile:DBProfile.DISK for Table:default
2019-11-13 20:40:06,167 [main] INFO  db.DBStoreBuilder (DBStoreBuilder.java:getDbProfile(220)) - Using default options. DBProfile.DISK
2019-11-13 20:40:06,551 [main] INFO  ipc.CallQueueManager (CallQueueManager.java:<init>(84)) - Using callQueue: class java.util.concurrent.LinkedBlockingQueue, queueCapacity: 2000, scheduler: class org.apache.hadoop.ipc.DefaultRpcScheduler, ipcBackoff: false.
2019-11-13 20:40:06,552 [Socket Reader #1 for port 35440] INFO  ipc.Server (Server.java:run(1074)) - Starting Socket Reader #1 for port 35440
2019-11-13 20:40:06,570 [main] INFO  om.OzoneManager (OzoneManager.java:start(1077)) - OzoneManager RPC server is listening at localhost/127.0.0.1:35440
2019-11-13 20:40:06,570 [main] INFO  impl.MetricsSystemImpl (MetricsSystemImpl.java:init(158)) - OzoneManager metrics system started (again)
2019-11-13 20:40:06,572 [IPC Server Responder] INFO  ipc.Server (Server.java:run(1314)) - IPC Server Responder: starting
2019-11-13 20:40:06,573 [IPC Server listener on 35440] INFO  ipc.Server (Server.java:run(1153)) - IPC Server listener on 35440: starting
2019-11-13 20:40:06,578 [main] INFO  hdfs.DFSUtil (DFSUtil.java:httpServerTemplateForNNAndJN(1641)) - Starting Web-server for ozoneManager at: http://0.0.0.0:0
2019-11-13 20:40:06,580 [main] INFO  server.AuthenticationFilter (AuthenticationFilter.java:constructSecretProvider(240)) - Unable to initialize FileSignerSecretProvider, falling back to use random secrets.
2019-11-13 20:40:06,580 [main] WARN  http.HttpRequestLog (HttpRequestLog.java:getRequestLog(97)) - Jetty request log can only be enabled using Log4j
2019-11-13 20:40:06,583 [main] INFO  http.HttpServer2 (HttpServer2.java:addGlobalFilter(975)) - Added global filter 'safety' (class=org.apache.hadoop.http.HttpServer2$QuotingInputFilter)
2019-11-13 20:40:06,584 [main] INFO  http.HttpServer2 (HttpServer2.java:addFilter(948)) - Added filter static_user_filter (class=org.apache.hadoop.http.lib.StaticUserWebFilter$StaticUserFilter) to context ozoneManager
2019-11-13 20:40:06,584 [main] INFO  http.HttpServer2 (HttpServer2.java:addFilter(958)) - Added filter static_user_filter (class=org.apache.hadoop.http.lib.StaticUserWebFilter$StaticUserFilter) to context static
2019-11-13 20:40:06,584 [main] INFO  http.HttpServer2 (HttpServer2.java:addFilter(958)) - Added filter static_user_filter (class=org.apache.hadoop.http.lib.StaticUserWebFilter$StaticUserFilter) to context logs
2019-11-13 20:40:06,585 [main] INFO  http.HttpServer2 (HttpServer2.java:bindListener(1191)) - Jetty bound to port 44395
2019-11-13 20:40:06,585 [main] INFO  server.Server (Server.java:doStart(351)) - jetty-9.3.25.v20180904, build timestamp: 2018-09-04T21:11:46Z, git hash: 3ce520221d0240229c862b122d2b06c12a625732
2019-11-13 20:40:06,587 [main] INFO  handler.ContextHandler (ContextHandler.java:doStart(781)) - Started o.e.j.s.ServletContextHandler@15d236fd{/logs,file:///workdir/hadoop-ozone/integration-test/target/log,AVAILABLE}
2019-11-13 20:40:06,588 [main] INFO  handler.ContextHandler (ContextHandler.java:doStart(781)) - Started o.e.j.s.ServletContextHandler@584ca390{/static,file:///workdir/hadoop-ozone/integration-test/target/test-classes/webapps/static,AVAILABLE}
2019-11-13 20:40:06,593 [main] INFO  handler.ContextHandler (ContextHandler.java:doStart(781)) - Started o.e.j.w.WebAppContext@37775bb1{/,file:///workdir/hadoop-ozone/integration-test/target/test-classes/webapps/ozoneManager/,AVAILABLE}{/ozoneManager}
2019-11-13 20:40:06,593 [main] INFO  server.AbstractConnector (AbstractConnector.java:doStart(278)) - Started ServerConnector@7b9e25bd{HTTP/1.1,[http/1.1]}{0.0.0.0:44395}
2019-11-13 20:40:06,594 [main] INFO  server.Server (Server.java:doStart(419)) - Started @220318ms
2019-11-13 20:40:06,594 [main] WARN  impl.MetricsSystemImpl (MetricsSystemImpl.java:register(276)) - Sink prometheus already exists!
2019-11-13 20:40:06,596 [main] INFO  server.BaseHttpServer (BaseHttpServer.java:updateConnectorAddress(215)) - HTTP server of OZONEMANAGER is listening at http://0.0.0.0:44395
2019-11-13 20:40:06,621 [main] INFO  impl.MetricsSystemImpl (MetricsSystemImpl.java:init(158)) - HddsDatanode metrics system started (again)
2019-11-13 20:40:06,624 [main] INFO  ozone.HddsDatanodeService (HddsDatanodeService.java:start(186)) - HddsDatanodeService host:pr-hdds-2470-fxbl9-3826649461 ip:192.168.34.20
2019-11-13 20:40:06,631 [main] INFO  volume.HddsVolume (HddsVolume.java:<init>(176)) - Creating Volume: /workdir/hadoop-ozone/integration-test/target/test-dir/MiniOzoneClusterImpl-23a5d35f-12cc-4157-b83c-481d86791456/datanode-0/data/containers/hdds of  storage type : DISK and capacity : 1482555576320
2019-11-13 20:40:06,631 [main] INFO  volume.VolumeSet (VolumeSet.java:initializeVolumeSet(170)) - Added Volume : /workdir/hadoop-ozone/integration-test/target/test-dir/MiniOzoneClusterImpl-23a5d35f-12cc-4157-b83c-481d86791456/datanode-0/data/containers/hdds to VolumeSet
2019-11-13 20:40:06,632 [main] INFO  volume.ThrottledAsyncChecker (ThrottledAsyncChecker.java:schedule(141)) - Scheduling a check for /workdir/hadoop-ozone/integration-test/target/test-dir/MiniOzoneClusterImpl-23a5d35f-12cc-4157-b83c-481d86791456/datanode-0/data/containers/hdds
2019-11-13 20:40:06,632 [main] INFO  volume.HddsVolumeChecker (HddsVolumeChecker.java:checkAllVolumes(204)) - Scheduled health check for volume /workdir/hadoop-ozone/integration-test/target/test-dir/MiniOzoneClusterImpl-23a5d35f-12cc-4157-b83c-481d86791456/datanode-0/data/containers/hdds
2019-11-13 20:40:06,649 [main] INFO  impl.RaftServerProxy (ConfUtils.java:logGet(43)) - raft.rpc.type = GRPC (default)
2019-11-13 20:40:06,649 [main] INFO  grpc.GrpcFactory (GrpcFactory.java:checkPooledByteBufAllocatorUseCacheForAllThreads(45)) - PERFORMANCE WARNING: useCacheForAllThreads is true that may cause Netty to create a lot garbage objects and, as a result, trigger GC.
	It is recommended to disable useCacheForAllThreads by setting -Dorg.apache.ratis.thirdparty.io.netty.allocator.useCacheForAllThreads=false in command line.
2019-11-13 20:40:06,649 [main] INFO  grpc.GrpcConfigKeys$Server (ConfUtils.java:logGet(43)) - raft.grpc.server.port = 0 (default)
2019-11-13 20:40:06,650 [main] INFO  server.GrpcService (ConfUtils.java:logGet(43)) - raft.grpc.message.size.max = 33570816 (custom)
2019-11-13 20:40:06,650 [main] INFO  server.RaftServerConfigKeys (ConfUtils.java:logGet(43)) - raft.server.log.appender.buffer.byte-limit = 33554432 (custom)
2019-11-13 20:40:06,650 [main] INFO  server.GrpcService (ConfUtils.java:logGet(43)) - raft.grpc.flow.control.window = 1MB (=1048576) (default)
2019-11-13 20:40:06,650 [main] INFO  server.RaftServerConfigKeys (ConfUtils.java:logGet(43)) - raft.server.rpc.request.timeout = 3000ms (default)
2019-11-13 20:40:06,651 [main] INFO  server.RaftServerConfigKeys (ConfUtils.java:logGet(43)) - raft.server.storage.dir = [/workdir/hadoop-ozone/integration-test/target/test-dir/MiniOzoneClusterImpl-23a5d35f-12cc-4157-b83c-481d86791456/datanode-0/data/ratis] (custom)
2019-11-13 20:40:06,653 [main] INFO  hdfs.DFSUtil (DFSUtil.java:httpServerTemplateForNNAndJN(1641)) - Starting Web-server for hddsDatanode at: http://0.0.0.0:0
2019-11-13 20:40:06,654 [main] INFO  server.AuthenticationFilter (AuthenticationFilter.java:constructSecretProvider(240)) - Unable to initialize FileSignerSecretProvider, falling back to use random secrets.
2019-11-13 20:40:06,654 [main] WARN  http.HttpRequestLog (HttpRequestLog.java:getRequestLog(97)) - Jetty request log can only be enabled using Log4j
2019-11-13 20:40:06,656 [main] INFO  http.HttpServer2 (HttpServer2.java:addGlobalFilter(975)) - Added global filter 'safety' (class=org.apache.hadoop.http.HttpServer2$QuotingInputFilter)
2019-11-13 20:40:06,657 [main] INFO  http.HttpServer2 (HttpServer2.java:addFilter(948)) - Added filter static_user_filter (class=org.apache.hadoop.http.lib.StaticUserWebFilter$StaticUserFilter) to context hddsDatanode
2019-11-13 20:40:06,657 [main] INFO  http.HttpServer2 (HttpServer2.java:addFilter(958)) - Added filter static_user_filter (class=org.apache.hadoop.http.lib.StaticUserWebFilter$StaticUserFilter) to context logs
2019-11-13 20:40:06,657 [main] INFO  http.HttpServer2 (HttpServer2.java:addFilter(958)) - Added filter static_user_filter (class=org.apache.hadoop.http.lib.StaticUserWebFilter$StaticUserFilter) to context static
2019-11-13 20:40:06,658 [main] INFO  http.HttpServer2 (HttpServer2.java:bindListener(1191)) - Jetty bound to port 34849
2019-11-13 20:40:06,658 [main] INFO  server.Server (Server.java:doStart(351)) - jetty-9.3.25.v20180904, build timestamp: 2018-09-04T21:11:46Z, git hash: 3ce520221d0240229c862b122d2b06c12a625732
2019-11-13 20:40:06,659 [main] INFO  handler.ContextHandler (ContextHandler.java:doStart(781)) - Started o.e.j.s.ServletContextHandler@115c946b{/logs,file:///workdir/hadoop-ozone/integration-test/target/log,AVAILABLE}
2019-11-13 20:40:06,660 [main] INFO  handler.ContextHandler (ContextHandler.java:doStart(781)) - Started o.e.j.s.ServletContextHandler@54f6b629{/static,jar:file:/home/user/.m2/repository/org/apache/hadoop/hadoop-hdds-container-service/0.5.0-SNAPSHOT/hadoop-hdds-container-service-0.5.0-SNAPSHOT.jar!/webapps/static,AVAILABLE}
2019-11-13 20:40:06,693 [main] INFO  handler.ContextHandler (ContextHandler.java:doStart(781)) - Started o.e.j.w.WebAppContext@7d484fcd{/,file:///tmp/jetty-0.0.0.0-34849-hddsDatanode-_-any-7002165724904300742.dir/webapp/,AVAILABLE}{/hddsDatanode}
2019-11-13 20:40:06,693 [main] INFO  server.AbstractConnector (AbstractConnector.java:doStart(278)) - Started ServerConnector@788e3702{HTTP/1.1,[http/1.1]}{0.0.0.0:34849}
2019-11-13 20:40:06,694 [main] INFO  server.Server (Server.java:doStart(419)) - Started @220418ms
2019-11-13 20:40:06,694 [main] WARN  impl.MetricsSystemImpl (MetricsSystemImpl.java:register(276)) - Sink prometheus already exists!
2019-11-13 20:40:06,695 [main] INFO  server.BaseHttpServer (BaseHttpServer.java:updateConnectorAddress(215)) - HTTP server of HDDSDATANODE is listening at http://0.0.0.0:34849
2019-11-13 20:40:06,695 [main] INFO  impl.MetricsSystemImpl (MetricsSystemImpl.java:init(158)) - HddsDatanode metrics system started (again)
2019-11-13 20:40:06,698 [main] INFO  ozone.HddsDatanodeService (HddsDatanodeService.java:start(186)) - HddsDatanodeService host:pr-hdds-2470-fxbl9-3826649461 ip:192.168.34.20
2019-11-13 20:40:06,698 [org.apache.hadoop.util.JvmPauseMonitor$Monitor@7812e101] INFO  util.JvmPauseMonitor (JvmPauseMonitor.java:run(188)) - Starting JVM pause monitor
2019-11-13 20:40:06,700 [Datanode State Machine Thread - 0] INFO  datanode.InitDatanodeState (InitDatanodeState.java:persistContainerDatanodeDetails(140)) - DatanodeDetails is persisted to /workdir/hadoop-ozone/integration-test/target/test-dir/MiniOzoneClusterImpl-23a5d35f-12cc-4157-b83c-481d86791456/datanode-0/meta/datanode.id
2019-11-13 20:40:06,704 [main] INFO  volume.HddsVolume (HddsVolume.java:<init>(176)) - Creating Volume: /workdir/hadoop-ozone/integration-test/target/test-dir/MiniOzoneClusterImpl-23a5d35f-12cc-4157-b83c-481d86791456/datanode-1/data/containers/hdds of  storage type : DISK and capacity : 1482555576320
2019-11-13 20:40:06,704 [main] INFO  volume.VolumeSet (VolumeSet.java:initializeVolumeSet(170)) - Added Volume : /workdir/hadoop-ozone/integration-test/target/test-dir/MiniOzoneClusterImpl-23a5d35f-12cc-4157-b83c-481d86791456/datanode-1/data/containers/hdds to VolumeSet
2019-11-13 20:40:06,704 [main] INFO  volume.ThrottledAsyncChecker (ThrottledAsyncChecker.java:schedule(141)) - Scheduling a check for /workdir/hadoop-ozone/integration-test/target/test-dir/MiniOzoneClusterImpl-23a5d35f-12cc-4157-b83c-481d86791456/datanode-1/data/containers/hdds
2019-11-13 20:40:06,704 [main] INFO  volume.HddsVolumeChecker (HddsVolumeChecker.java:checkAllVolumes(204)) - Scheduled health check for volume /workdir/hadoop-ozone/integration-test/target/test-dir/MiniOzoneClusterImpl-23a5d35f-12cc-4157-b83c-481d86791456/datanode-1/data/containers/hdds
2019-11-13 20:40:06,717 [main] INFO  impl.RaftServerProxy (ConfUtils.java:logGet(43)) - raft.rpc.type = GRPC (default)
2019-11-13 20:40:06,717 [main] INFO  grpc.GrpcFactory (GrpcFactory.java:checkPooledByteBufAllocatorUseCacheForAllThreads(45)) - PERFORMANCE WARNING: useCacheForAllThreads is true that may cause Netty to create a lot garbage objects and, as a result, trigger GC.
	It is recommended to disable useCacheForAllThreads by setting -Dorg.apache.ratis.thirdparty.io.netty.allocator.useCacheForAllThreads=false in command line.
2019-11-13 20:40:06,717 [main] INFO  grpc.GrpcConfigKeys$Server (ConfUtils.java:logGet(43)) - raft.grpc.server.port = 0 (default)
2019-11-13 20:40:06,717 [main] INFO  server.GrpcService (ConfUtils.java:logGet(43)) - raft.grpc.message.size.max = 33570816 (custom)
2019-11-13 20:40:06,718 [main] INFO  server.RaftServerConfigKeys (ConfUtils.java:logGet(43)) - raft.server.log.appender.buffer.byte-limit = 33554432 (custom)
2019-11-13 20:40:06,718 [main] INFO  server.GrpcService (ConfUtils.java:logGet(43)) - raft.grpc.flow.control.window = 1MB (=1048576) (default)
2019-11-13 20:40:06,718 [main] INFO  server.RaftServerConfigKeys (ConfUtils.java:logGet(43)) - raft.server.rpc.request.timeout = 3000ms (default)
2019-11-13 20:40:06,718 [main] INFO  server.RaftServerConfigKeys (ConfUtils.java:logGet(43)) - raft.server.storage.dir = [/workdir/hadoop-ozone/integration-test/target/test-dir/MiniOzoneClusterImpl-23a5d35f-12cc-4157-b83c-481d86791456/datanode-1/data/ratis] (custom)
2019-11-13 20:40:06,720 [main] INFO  hdfs.DFSUtil (DFSUtil.java:httpServerTemplateForNNAndJN(1641)) - Starting Web-server for hddsDatanode at: http://0.0.0.0:0
2019-11-13 20:40:06,721 [main] INFO  server.AuthenticationFilter (AuthenticationFilter.java:constructSecretProvider(240)) - Unable to initialize FileSignerSecretProvider, falling back to use random secrets.
2019-11-13 20:40:06,721 [main] WARN  http.HttpRequestLog (HttpRequestLog.java:getRequestLog(97)) - Jetty request log can only be enabled using Log4j
2019-11-13 20:40:06,722 [main] INFO  http.HttpServer2 (HttpServer2.java:addGlobalFilter(975)) - Added global filter 'safety' (class=org.apache.hadoop.http.HttpServer2$QuotingInputFilter)
2019-11-13 20:40:06,723 [main] INFO  http.HttpServer2 (HttpServer2.java:addFilter(948)) - Added filter static_user_filter (class=org.apache.hadoop.http.lib.StaticUserWebFilter$StaticUserFilter) to context hddsDatanode
2019-11-13 20:40:06,723 [main] INFO  http.HttpServer2 (HttpServer2.java:addFilter(958)) - Added filter static_user_filter (class=org.apache.hadoop.http.lib.StaticUserWebFilter$StaticUserFilter) to context static
2019-11-13 20:40:06,723 [main] INFO  http.HttpServer2 (HttpServer2.java:addFilter(958)) - Added filter static_user_filter (class=org.apache.hadoop.http.lib.StaticUserWebFilter$StaticUserFilter) to context logs
2019-11-13 20:40:06,724 [main] INFO  http.HttpServer2 (HttpServer2.java:bindListener(1191)) - Jetty bound to port 35635
2019-11-13 20:40:06,724 [main] INFO  server.Server (Server.java:doStart(351)) - jetty-9.3.25.v20180904, build timestamp: 2018-09-04T21:11:46Z, git hash: 3ce520221d0240229c862b122d2b06c12a625732
2019-11-13 20:40:06,726 [main] INFO  handler.ContextHandler (ContextHandler.java:doStart(781)) - Started o.e.j.s.ServletContextHandler@4863c8ac{/logs,file:///workdir/hadoop-ozone/integration-test/target/log,AVAILABLE}
2019-11-13 20:40:06,726 [main] INFO  handler.ContextHandler (ContextHandler.java:doStart(781)) - Started o.e.j.s.ServletContextHandler@6cdee57{/static,jar:file:/home/user/.m2/repository/org/apache/hadoop/hadoop-hdds-container-service/0.5.0-SNAPSHOT/hadoop-hdds-container-service-0.5.0-SNAPSHOT.jar!/webapps/static,AVAILABLE}
2019-11-13 20:40:06,765 [main] INFO  handler.ContextHandler (ContextHandler.java:doStart(781)) - Started o.e.j.w.WebAppContext@27e44e9c{/,file:///tmp/jetty-0.0.0.0-35635-hddsDatanode-_-any-8601204266231180104.dir/webapp/,AVAILABLE}{/hddsDatanode}
2019-11-13 20:40:06,766 [main] INFO  server.AbstractConnector (AbstractConnector.java:doStart(278)) - Started ServerConnector@2f09e6b2{HTTP/1.1,[http/1.1]}{0.0.0.0:35635}
2019-11-13 20:40:06,767 [main] INFO  server.Server (Server.java:doStart(419)) - Started @220490ms
2019-11-13 20:40:06,767 [main] WARN  impl.MetricsSystemImpl (MetricsSystemImpl.java:register(276)) - Sink prometheus already exists!
2019-11-13 20:40:06,768 [main] INFO  server.BaseHttpServer (BaseHttpServer.java:updateConnectorAddress(215)) - HTTP server of HDDSDATANODE is listening at http://0.0.0.0:35635
2019-11-13 20:40:06,768 [main] INFO  impl.MetricsSystemImpl (MetricsSystemImpl.java:init(158)) - HddsDatanode metrics system started (again)
2019-11-13 20:40:06,771 [org.apache.hadoop.util.JvmPauseMonitor$Monitor@7267045a] INFO  util.JvmPauseMonitor (JvmPauseMonitor.java:run(188)) - Starting JVM pause monitor
2019-11-13 20:40:06,771 [main] INFO  ozone.HddsDatanodeService (HddsDatanodeService.java:start(186)) - HddsDatanodeService host:pr-hdds-2470-fxbl9-3826649461 ip:192.168.34.20
2019-11-13 20:40:06,773 [Datanode State Machine Thread - 0] INFO  datanode.InitDatanodeState (InitDatanodeState.java:persistContainerDatanodeDetails(140)) - DatanodeDetails is persisted to /workdir/hadoop-ozone/integration-test/target/test-dir/MiniOzoneClusterImpl-23a5d35f-12cc-4157-b83c-481d86791456/datanode-1/meta/datanode.id
2019-11-13 20:40:06,778 [main] INFO  volume.HddsVolume (HddsVolume.java:<init>(176)) - Creating Volume: /workdir/hadoop-ozone/integration-test/target/test-dir/MiniOzoneClusterImpl-23a5d35f-12cc-4157-b83c-481d86791456/datanode-2/data/containers/hdds of  storage type : DISK and capacity : 1482555576320
2019-11-13 20:40:06,779 [main] INFO  volume.VolumeSet (VolumeSet.java:initializeVolumeSet(170)) - Added Volume : /workdir/hadoop-ozone/integration-test/target/test-dir/MiniOzoneClusterImpl-23a5d35f-12cc-4157-b83c-481d86791456/datanode-2/data/containers/hdds to VolumeSet
2019-11-13 20:40:06,779 [main] INFO  volume.ThrottledAsyncChecker (ThrottledAsyncChecker.java:schedule(141)) - Scheduling a check for /workdir/hadoop-ozone/integration-test/target/test-dir/MiniOzoneClusterImpl-23a5d35f-12cc-4157-b83c-481d86791456/datanode-2/data/containers/hdds
2019-11-13 20:40:06,779 [main] INFO  volume.HddsVolumeChecker (HddsVolumeChecker.java:checkAllVolumes(204)) - Scheduled health check for volume /workdir/hadoop-ozone/integration-test/target/test-dir/MiniOzoneClusterImpl-23a5d35f-12cc-4157-b83c-481d86791456/datanode-2/data/containers/hdds
2019-11-13 20:40:06,793 [main] INFO  impl.RaftServerProxy (ConfUtils.java:logGet(43)) - raft.rpc.type = GRPC (default)
2019-11-13 20:40:06,793 [main] INFO  grpc.GrpcFactory (GrpcFactory.java:checkPooledByteBufAllocatorUseCacheForAllThreads(45)) - PERFORMANCE WARNING: useCacheForAllThreads is true that may cause Netty to create a lot garbage objects and, as a result, trigger GC.
	It is recommended to disable useCacheForAllThreads by setting -Dorg.apache.ratis.thirdparty.io.netty.allocator.useCacheForAllThreads=false in command line.
2019-11-13 20:40:06,794 [main] INFO  grpc.GrpcConfigKeys$Server (ConfUtils.java:logGet(43)) - raft.grpc.server.port = 0 (default)
2019-11-13 20:40:06,794 [main] INFO  server.GrpcService (ConfUtils.java:logGet(43)) - raft.grpc.message.size.max = 33570816 (custom)
2019-11-13 20:40:06,794 [main] INFO  server.RaftServerConfigKeys (ConfUtils.java:logGet(43)) - raft.server.log.appender.buffer.byte-limit = 33554432 (custom)
2019-11-13 20:40:06,794 [main] INFO  server.GrpcService (ConfUtils.java:logGet(43)) - raft.grpc.flow.control.window = 1MB (=1048576) (default)
2019-11-13 20:40:06,794 [main] INFO  server.RaftServerConfigKeys (ConfUtils.java:logGet(43)) - raft.server.rpc.request.timeout = 3000ms (default)
2019-11-13 20:40:06,795 [main] INFO  server.RaftServerConfigKeys (ConfUtils.java:logGet(43)) - raft.server.storage.dir = [/workdir/hadoop-ozone/integration-test/target/test-dir/MiniOzoneClusterImpl-23a5d35f-12cc-4157-b83c-481d86791456/datanode-2/data/ratis] (custom)
2019-11-13 20:40:06,796 [main] INFO  hdfs.DFSUtil (DFSUtil.java:httpServerTemplateForNNAndJN(1641)) - Starting Web-server for hddsDatanode at: http://0.0.0.0:0
2019-11-13 20:40:06,798 [main] INFO  server.AuthenticationFilter (AuthenticationFilter.java:constructSecretProvider(240)) - Unable to initialize FileSignerSecretProvider, falling back to use random secrets.
2019-11-13 20:40:06,798 [main] WARN  http.HttpRequestLog (HttpRequestLog.java:getRequestLog(97)) - Jetty request log can only be enabled using Log4j
2019-11-13 20:40:06,799 [main] INFO  http.HttpServer2 (HttpServer2.java:addGlobalFilter(975)) - Added global filter 'safety' (class=org.apache.hadoop.http.HttpServer2$QuotingInputFilter)
2019-11-13 20:40:06,800 [main] INFO  http.HttpServer2 (HttpServer2.java:addFilter(948)) - Added filter static_user_filter (class=org.apache.hadoop.http.lib.StaticUserWebFilter$StaticUserFilter) to context hddsDatanode
2019-11-13 20:40:06,800 [main] INFO  http.HttpServer2 (HttpServer2.java:addFilter(958)) - Added filter static_user_filter (class=org.apache.hadoop.http.lib.StaticUserWebFilter$StaticUserFilter) to context static
2019-11-13 20:40:06,800 [main] INFO  http.HttpServer2 (HttpServer2.java:addFilter(958)) - Added filter static_user_filter (class=org.apache.hadoop.http.lib.StaticUserWebFilter$StaticUserFilter) to context logs
2019-11-13 20:40:06,801 [main] INFO  http.HttpServer2 (HttpServer2.java:bindListener(1191)) - Jetty bound to port 38450
2019-11-13 20:40:06,801 [main] INFO  server.Server (Server.java:doStart(351)) - jetty-9.3.25.v20180904, build timestamp: 2018-09-04T21:11:46Z, git hash: 3ce520221d0240229c862b122d2b06c12a625732
2019-11-13 20:40:06,803 [main] INFO  handler.ContextHandler (ContextHandler.java:doStart(781)) - Started o.e.j.s.ServletContextHandler@2e0ad709{/logs,file:///workdir/hadoop-ozone/integration-test/target/log,AVAILABLE}
2019-11-13 20:40:06,803 [main] INFO  handler.ContextHandler (ContextHandler.java:doStart(781)) - Started o.e.j.s.ServletContextHandler@39449465{/static,jar:file:/home/user/.m2/repository/org/apache/hadoop/hadoop-hdds-container-service/0.5.0-SNAPSHOT/hadoop-hdds-container-service-0.5.0-SNAPSHOT.jar!/webapps/static,AVAILABLE}
2019-11-13 20:40:06,834 [main] INFO  handler.ContextHandler (ContextHandler.java:doStart(781)) - Started o.e.j.w.WebAppContext@6d6cd1e0{/,file:///tmp/jetty-0.0.0.0-38450-hddsDatanode-_-any-7082331281748653062.dir/webapp/,AVAILABLE}{/hddsDatanode}
2019-11-13 20:40:06,834 [main] INFO  server.AbstractConnector (AbstractConnector.java:doStart(278)) - Started ServerConnector@76a9a009{HTTP/1.1,[http/1.1]}{0.0.0.0:38450}
2019-11-13 20:40:06,835 [main] INFO  server.Server (Server.java:doStart(419)) - Started @220559ms
2019-11-13 20:40:06,835 [main] WARN  impl.MetricsSystemImpl (MetricsSystemImpl.java:register(276)) - Sink prometheus already exists!
2019-11-13 20:40:06,836 [main] INFO  server.BaseHttpServer (BaseHttpServer.java:updateConnectorAddress(215)) - HTTP server of HDDSDATANODE is listening at http://0.0.0.0:38450
2019-11-13 20:40:06,836 [main] INFO  impl.MetricsSystemImpl (MetricsSystemImpl.java:init(158)) - HddsDatanode metrics system started (again)
2019-11-13 20:40:06,839 [org.apache.hadoop.util.JvmPauseMonitor$Monitor@4ad342c0] INFO  util.JvmPauseMonitor (JvmPauseMonitor.java:run(188)) - Starting JVM pause monitor
2019-11-13 20:40:06,839 [main] INFO  ozone.HddsDatanodeService (HddsDatanodeService.java:start(186)) - HddsDatanodeService host:pr-hdds-2470-fxbl9-3826649461 ip:192.168.34.20
2019-11-13 20:40:06,841 [Datanode State Machine Thread - 0] INFO  datanode.InitDatanodeState (InitDatanodeState.java:persistContainerDatanodeDetails(140)) - DatanodeDetails is persisted to /workdir/hadoop-ozone/integration-test/target/test-dir/MiniOzoneClusterImpl-23a5d35f-12cc-4157-b83c-481d86791456/datanode-2/meta/datanode.id
2019-11-13 20:40:06,846 [main] INFO  volume.HddsVolume (HddsVolume.java:<init>(176)) - Creating Volume: /workdir/hadoop-ozone/integration-test/target/test-dir/MiniOzoneClusterImpl-23a5d35f-12cc-4157-b83c-481d86791456/datanode-3/data/containers/hdds of  storage type : DISK and capacity : 1482555576320
2019-11-13 20:40:06,847 [main] INFO  volume.VolumeSet (VolumeSet.java:initializeVolumeSet(170)) - Added Volume : /workdir/hadoop-ozone/integration-test/target/test-dir/MiniOzoneClusterImpl-23a5d35f-12cc-4157-b83c-481d86791456/datanode-3/data/containers/hdds to VolumeSet
2019-11-13 20:40:06,847 [main] INFO  volume.ThrottledAsyncChecker (ThrottledAsyncChecker.java:schedule(141)) - Scheduling a check for /workdir/hadoop-ozone/integration-test/target/test-dir/MiniOzoneClusterImpl-23a5d35f-12cc-4157-b83c-481d86791456/datanode-3/data/containers/hdds
2019-11-13 20:40:06,847 [main] INFO  volume.HddsVolumeChecker (HddsVolumeChecker.java:checkAllVolumes(204)) - Scheduled health check for volume /workdir/hadoop-ozone/integration-test/target/test-dir/MiniOzoneClusterImpl-23a5d35f-12cc-4157-b83c-481d86791456/datanode-3/data/containers/hdds
2019-11-13 20:40:06,859 [main] INFO  impl.RaftServerProxy (ConfUtils.java:logGet(43)) - raft.rpc.type = GRPC (default)
2019-11-13 20:40:06,859 [main] INFO  grpc.GrpcFactory (GrpcFactory.java:checkPooledByteBufAllocatorUseCacheForAllThreads(45)) - PERFORMANCE WARNING: useCacheForAllThreads is true that may cause Netty to create a lot garbage objects and, as a result, trigger GC.
	It is recommended to disable useCacheForAllThreads by setting -Dorg.apache.ratis.thirdparty.io.netty.allocator.useCacheForAllThreads=false in command line.
2019-11-13 20:40:06,860 [main] INFO  grpc.GrpcConfigKeys$Server (ConfUtils.java:logGet(43)) - raft.grpc.server.port = 0 (default)
2019-11-13 20:40:06,860 [main] INFO  server.GrpcService (ConfUtils.java:logGet(43)) - raft.grpc.message.size.max = 33570816 (custom)
2019-11-13 20:40:06,860 [main] INFO  server.RaftServerConfigKeys (ConfUtils.java:logGet(43)) - raft.server.log.appender.buffer.byte-limit = 33554432 (custom)
2019-11-13 20:40:06,860 [main] INFO  server.GrpcService (ConfUtils.java:logGet(43)) - raft.grpc.flow.control.window = 1MB (=1048576) (default)
2019-11-13 20:40:06,860 [main] INFO  server.RaftServerConfigKeys (ConfUtils.java:logGet(43)) - raft.server.rpc.request.timeout = 3000ms (default)
2019-11-13 20:40:06,860 [main] INFO  server.RaftServerConfigKeys (ConfUtils.java:logGet(43)) - raft.server.storage.dir = [/workdir/hadoop-ozone/integration-test/target/test-dir/MiniOzoneClusterImpl-23a5d35f-12cc-4157-b83c-481d86791456/datanode-3/data/ratis] (custom)
2019-11-13 20:40:06,862 [main] INFO  hdfs.DFSUtil (DFSUtil.java:httpServerTemplateForNNAndJN(1641)) - Starting Web-server for hddsDatanode at: http://0.0.0.0:0
2019-11-13 20:40:06,863 [main] INFO  server.AuthenticationFilter (AuthenticationFilter.java:constructSecretProvider(240)) - Unable to initialize FileSignerSecretProvider, falling back to use random secrets.
2019-11-13 20:40:06,863 [main] WARN  http.HttpRequestLog (HttpRequestLog.java:getRequestLog(97)) - Jetty request log can only be enabled using Log4j
2019-11-13 20:40:06,864 [main] INFO  http.HttpServer2 (HttpServer2.java:addGlobalFilter(975)) - Added global filter 'safety' (class=org.apache.hadoop.http.HttpServer2$QuotingInputFilter)
2019-11-13 20:40:06,865 [main] INFO  http.HttpServer2 (HttpServer2.java:addFilter(948)) - Added filter static_user_filter (class=org.apache.hadoop.http.lib.StaticUserWebFilter$StaticUserFilter) to context hddsDatanode
2019-11-13 20:40:06,865 [main] INFO  http.HttpServer2 (HttpServer2.java:addFilter(958)) - Added filter static_user_filter (class=org.apache.hadoop.http.lib.StaticUserWebFilter$StaticUserFilter) to context logs
2019-11-13 20:40:06,865 [main] INFO  http.HttpServer2 (HttpServer2.java:addFilter(958)) - Added filter static_user_filter (class=org.apache.hadoop.http.lib.StaticUserWebFilter$StaticUserFilter) to context static
2019-11-13 20:40:06,866 [main] INFO  http.HttpServer2 (HttpServer2.java:bindListener(1191)) - Jetty bound to port 38798
2019-11-13 20:40:06,866 [main] INFO  server.Server (Server.java:doStart(351)) - jetty-9.3.25.v20180904, build timestamp: 2018-09-04T21:11:46Z, git hash: 3ce520221d0240229c862b122d2b06c12a625732
2019-11-13 20:40:06,868 [main] INFO  handler.ContextHandler (ContextHandler.java:doStart(781)) - Started o.e.j.s.ServletContextHandler@79cb8ffa{/logs,file:///workdir/hadoop-ozone/integration-test/target/log,AVAILABLE}
2019-11-13 20:40:06,868 [main] INFO  handler.ContextHandler (ContextHandler.java:doStart(781)) - Started o.e.j.s.ServletContextHandler@5b066c33{/static,jar:file:/home/user/.m2/repository/org/apache/hadoop/hadoop-hdds-container-service/0.5.0-SNAPSHOT/hadoop-hdds-container-service-0.5.0-SNAPSHOT.jar!/webapps/static,AVAILABLE}
2019-11-13 20:40:06,894 [main] INFO  handler.ContextHandler (ContextHandler.java:doStart(781)) - Started o.e.j.w.WebAppContext@77c66a4f{/,file:///tmp/jetty-0.0.0.0-38798-hddsDatanode-_-any-1209880483859431649.dir/webapp/,AVAILABLE}{/hddsDatanode}
2019-11-13 20:40:06,894 [main] INFO  server.AbstractConnector (AbstractConnector.java:doStart(278)) - Started ServerConnector@649b5891{HTTP/1.1,[http/1.1]}{0.0.0.0:38798}
2019-11-13 20:40:06,894 [main] INFO  server.Server (Server.java:doStart(419)) - Started @220618ms
2019-11-13 20:40:06,895 [main] WARN  impl.MetricsSystemImpl (MetricsSystemImpl.java:register(276)) - Sink prometheus already exists!
2019-11-13 20:40:06,896 [main] INFO  server.BaseHttpServer (BaseHttpServer.java:updateConnectorAddress(215)) - HTTP server of HDDSDATANODE is listening at http://0.0.0.0:38798
2019-11-13 20:40:06,897 [main] INFO  impl.MetricsSystemImpl (MetricsSystemImpl.java:init(158)) - HddsDatanode metrics system started (again)
2019-11-13 20:40:06,899 [main] INFO  ozone.HddsDatanodeService (HddsDatanodeService.java:start(186)) - HddsDatanodeService host:pr-hdds-2470-fxbl9-3826649461 ip:192.168.34.20
2019-11-13 20:40:06,899 [org.apache.hadoop.util.JvmPauseMonitor$Monitor@1588cdaa] INFO  util.JvmPauseMonitor (JvmPauseMonitor.java:run(188)) - Starting JVM pause monitor
2019-11-13 20:40:06,900 [Datanode State Machine Thread - 0] INFO  datanode.InitDatanodeState (InitDatanodeState.java:persistContainerDatanodeDetails(140)) - DatanodeDetails is persisted to /workdir/hadoop-ozone/integration-test/target/test-dir/MiniOzoneClusterImpl-23a5d35f-12cc-4157-b83c-481d86791456/datanode-3/meta/datanode.id
2019-11-13 20:40:06,906 [main] INFO  volume.HddsVolume (HddsVolume.java:<init>(176)) - Creating Volume: /workdir/hadoop-ozone/integration-test/target/test-dir/MiniOzoneClusterImpl-23a5d35f-12cc-4157-b83c-481d86791456/datanode-4/data/containers/hdds of  storage type : DISK and capacity : 1482555576320
2019-11-13 20:40:06,906 [main] INFO  volume.VolumeSet (VolumeSet.java:initializeVolumeSet(170)) - Added Volume : /workdir/hadoop-ozone/integration-test/target/test-dir/MiniOzoneClusterImpl-23a5d35f-12cc-4157-b83c-481d86791456/datanode-4/data/containers/hdds to VolumeSet
2019-11-13 20:40:06,906 [main] INFO  volume.ThrottledAsyncChecker (ThrottledAsyncChecker.java:schedule(141)) - Scheduling a check for /workdir/hadoop-ozone/integration-test/target/test-dir/MiniOzoneClusterImpl-23a5d35f-12cc-4157-b83c-481d86791456/datanode-4/data/containers/hdds
2019-11-13 20:40:06,907 [main] INFO  volume.HddsVolumeChecker (HddsVolumeChecker.java:checkAllVolumes(204)) - Scheduled health check for volume /workdir/hadoop-ozone/integration-test/target/test-dir/MiniOzoneClusterImpl-23a5d35f-12cc-4157-b83c-481d86791456/datanode-4/data/containers/hdds
2019-11-13 20:40:06,919 [main] INFO  impl.RaftServerProxy (ConfUtils.java:logGet(43)) - raft.rpc.type = GRPC (default)
2019-11-13 20:40:06,919 [main] INFO  grpc.GrpcFactory (GrpcFactory.java:checkPooledByteBufAllocatorUseCacheForAllThreads(45)) - PERFORMANCE WARNING: useCacheForAllThreads is true that may cause Netty to create a lot garbage objects and, as a result, trigger GC.
	It is recommended to disable useCacheForAllThreads by setting -Dorg.apache.ratis.thirdparty.io.netty.allocator.useCacheForAllThreads=false in command line.
2019-11-13 20:40:06,919 [main] INFO  grpc.GrpcConfigKeys$Server (ConfUtils.java:logGet(43)) - raft.grpc.server.port = 0 (default)
2019-11-13 20:40:06,919 [main] INFO  server.GrpcService (ConfUtils.java:logGet(43)) - raft.grpc.message.size.max = 33570816 (custom)
2019-11-13 20:40:06,919 [main] INFO  server.RaftServerConfigKeys (ConfUtils.java:logGet(43)) - raft.server.log.appender.buffer.byte-limit = 33554432 (custom)
2019-11-13 20:40:06,919 [main] INFO  server.GrpcService (ConfUtils.java:logGet(43)) - raft.grpc.flow.control.window = 1MB (=1048576) (default)
2019-11-13 20:40:06,919 [main] INFO  server.RaftServerConfigKeys (ConfUtils.java:logGet(43)) - raft.server.rpc.request.timeout = 3000ms (default)
2019-11-13 20:40:06,920 [main] INFO  server.RaftServerConfigKeys (ConfUtils.java:logGet(43)) - raft.server.storage.dir = [/workdir/hadoop-ozone/integration-test/target/test-dir/MiniOzoneClusterImpl-23a5d35f-12cc-4157-b83c-481d86791456/datanode-4/data/ratis] (custom)
2019-11-13 20:40:06,921 [main] INFO  hdfs.DFSUtil (DFSUtil.java:httpServerTemplateForNNAndJN(1641)) - Starting Web-server for hddsDatanode at: http://0.0.0.0:0
2019-11-13 20:40:06,922 [main] INFO  server.AuthenticationFilter (AuthenticationFilter.java:constructSecretProvider(240)) - Unable to initialize FileSignerSecretProvider, falling back to use random secrets.
2019-11-13 20:40:06,922 [main] WARN  http.HttpRequestLog (HttpRequestLog.java:getRequestLog(97)) - Jetty request log can only be enabled using Log4j
2019-11-13 20:40:06,923 [main] INFO  http.HttpServer2 (HttpServer2.java:addGlobalFilter(975)) - Added global filter 'safety' (class=org.apache.hadoop.http.HttpServer2$QuotingInputFilter)
2019-11-13 20:40:06,924 [main] INFO  http.HttpServer2 (HttpServer2.java:addFilter(948)) - Added filter static_user_filter (class=org.apache.hadoop.http.lib.StaticUserWebFilter$StaticUserFilter) to context hddsDatanode
2019-11-13 20:40:06,924 [main] INFO  http.HttpServer2 (HttpServer2.java:addFilter(958)) - Added filter static_user_filter (class=org.apache.hadoop.http.lib.StaticUserWebFilter$StaticUserFilter) to context logs
2019-11-13 20:40:06,924 [main] INFO  http.HttpServer2 (HttpServer2.java:addFilter(958)) - Added filter static_user_filter (class=org.apache.hadoop.http.lib.StaticUserWebFilter$StaticUserFilter) to context static
2019-11-13 20:40:06,924 [main] INFO  http.HttpServer2 (HttpServer2.java:bindListener(1191)) - Jetty bound to port 44519
2019-11-13 20:40:06,924 [main] INFO  server.Server (Server.java:doStart(351)) - jetty-9.3.25.v20180904, build timestamp: 2018-09-04T21:11:46Z, git hash: 3ce520221d0240229c862b122d2b06c12a625732
2019-11-13 20:40:06,926 [main] INFO  handler.ContextHandler (ContextHandler.java:doStart(781)) - Started o.e.j.s.ServletContextHandler@31881aa2{/logs,file:///workdir/hadoop-ozone/integration-test/target/log,AVAILABLE}
2019-11-13 20:40:06,926 [main] INFO  handler.ContextHandler (ContextHandler.java:doStart(781)) - Started o.e.j.s.ServletContextHandler@cf01c2e{/static,jar:file:/home/user/.m2/repository/org/apache/hadoop/hadoop-hdds-container-service/0.5.0-SNAPSHOT/hadoop-hdds-container-service-0.5.0-SNAPSHOT.jar!/webapps/static,AVAILABLE}
2019-11-13 20:40:06,951 [main] INFO  handler.ContextHandler (ContextHandler.java:doStart(781)) - Started o.e.j.w.WebAppContext@68e5c7ae{/,file:///tmp/jetty-0.0.0.0-44519-hddsDatanode-_-any-5358889728674996115.dir/webapp/,AVAILABLE}{/hddsDatanode}
2019-11-13 20:40:06,952 [main] INFO  server.AbstractConnector (AbstractConnector.java:doStart(278)) - Started ServerConnector@68bd8ca7{HTTP/1.1,[http/1.1]}{0.0.0.0:44519}
2019-11-13 20:40:06,952 [main] INFO  server.Server (Server.java:doStart(419)) - Started @220675ms
2019-11-13 20:40:06,953 [main] WARN  impl.MetricsSystemImpl (MetricsSystemImpl.java:register(276)) - Sink prometheus already exists!
2019-11-13 20:40:06,954 [main] INFO  server.BaseHttpServer (BaseHttpServer.java:updateConnectorAddress(215)) - HTTP server of HDDSDATANODE is listening at http://0.0.0.0:44519
2019-11-13 20:40:06,954 [main] INFO  impl.MetricsSystemImpl (MetricsSystemImpl.java:init(158)) - HddsDatanode metrics system started (again)
2019-11-13 20:40:06,957 [main] INFO  ozone.HddsDatanodeService (HddsDatanodeService.java:start(186)) - HddsDatanodeService host:pr-hdds-2470-fxbl9-3826649461 ip:192.168.34.20
2019-11-13 20:40:06,957 [org.apache.hadoop.util.JvmPauseMonitor$Monitor@27a537e9] INFO  util.JvmPauseMonitor (JvmPauseMonitor.java:run(188)) - Starting JVM pause monitor
2019-11-13 20:40:06,959 [Datanode State Machine Thread - 0] INFO  datanode.InitDatanodeState (InitDatanodeState.java:persistContainerDatanodeDetails(140)) - DatanodeDetails is persisted to /workdir/hadoop-ozone/integration-test/target/test-dir/MiniOzoneClusterImpl-23a5d35f-12cc-4157-b83c-481d86791456/datanode-4/meta/datanode.id
2019-11-13 20:40:06,964 [main] INFO  volume.HddsVolume (HddsVolume.java:<init>(176)) - Creating Volume: /workdir/hadoop-ozone/integration-test/target/test-dir/MiniOzoneClusterImpl-23a5d35f-12cc-4157-b83c-481d86791456/datanode-5/data/containers/hdds of  storage type : DISK and capacity : 1482555576320
2019-11-13 20:40:06,965 [main] INFO  volume.VolumeSet (VolumeSet.java:initializeVolumeSet(170)) - Added Volume : /workdir/hadoop-ozone/integration-test/target/test-dir/MiniOzoneClusterImpl-23a5d35f-12cc-4157-b83c-481d86791456/datanode-5/data/containers/hdds to VolumeSet
2019-11-13 20:40:06,965 [main] INFO  volume.ThrottledAsyncChecker (ThrottledAsyncChecker.java:schedule(141)) - Scheduling a check for /workdir/hadoop-ozone/integration-test/target/test-dir/MiniOzoneClusterImpl-23a5d35f-12cc-4157-b83c-481d86791456/datanode-5/data/containers/hdds
2019-11-13 20:40:06,966 [main] INFO  volume.HddsVolumeChecker (HddsVolumeChecker.java:checkAllVolumes(204)) - Scheduled health check for volume /workdir/hadoop-ozone/integration-test/target/test-dir/MiniOzoneClusterImpl-23a5d35f-12cc-4157-b83c-481d86791456/datanode-5/data/containers/hdds
2019-11-13 20:40:06,985 [main] INFO  impl.RaftServerProxy (ConfUtils.java:logGet(43)) - raft.rpc.type = GRPC (default)
2019-11-13 20:40:06,985 [main] INFO  grpc.GrpcFactory (GrpcFactory.java:checkPooledByteBufAllocatorUseCacheForAllThreads(45)) - PERFORMANCE WARNING: useCacheForAllThreads is true that may cause Netty to create a lot garbage objects and, as a result, trigger GC.
	It is recommended to disable useCacheForAllThreads by setting -Dorg.apache.ratis.thirdparty.io.netty.allocator.useCacheForAllThreads=false in command line.
2019-11-13 20:40:06,985 [main] INFO  grpc.GrpcConfigKeys$Server (ConfUtils.java:logGet(43)) - raft.grpc.server.port = 0 (default)
2019-11-13 20:40:06,985 [main] INFO  server.GrpcService (ConfUtils.java:logGet(43)) - raft.grpc.message.size.max = 33570816 (custom)
2019-11-13 20:40:06,986 [main] INFO  server.RaftServerConfigKeys (ConfUtils.java:logGet(43)) - raft.server.log.appender.buffer.byte-limit = 33554432 (custom)
2019-11-13 20:40:06,986 [main] INFO  server.GrpcService (ConfUtils.java:logGet(43)) - raft.grpc.flow.control.window = 1MB (=1048576) (default)
2019-11-13 20:40:06,986 [main] INFO  server.RaftServerConfigKeys (ConfUtils.java:logGet(43)) - raft.server.rpc.request.timeout = 3000ms (default)
2019-11-13 20:40:06,987 [main] INFO  server.RaftServerConfigKeys (ConfUtils.java:logGet(43)) - raft.server.storage.dir = [/workdir/hadoop-ozone/integration-test/target/test-dir/MiniOzoneClusterImpl-23a5d35f-12cc-4157-b83c-481d86791456/datanode-5/data/ratis] (custom)
2019-11-13 20:40:06,988 [main] INFO  hdfs.DFSUtil (DFSUtil.java:httpServerTemplateForNNAndJN(1641)) - Starting Web-server for hddsDatanode at: http://0.0.0.0:0
2019-11-13 20:40:06,989 [main] INFO  server.AuthenticationFilter (AuthenticationFilter.java:constructSecretProvider(240)) - Unable to initialize FileSignerSecretProvider, falling back to use random secrets.
2019-11-13 20:40:06,990 [main] WARN  http.HttpRequestLog (HttpRequestLog.java:getRequestLog(97)) - Jetty request log can only be enabled using Log4j
2019-11-13 20:40:06,991 [main] INFO  http.HttpServer2 (HttpServer2.java:addGlobalFilter(975)) - Added global filter 'safety' (class=org.apache.hadoop.http.HttpServer2$QuotingInputFilter)
2019-11-13 20:40:06,991 [main] INFO  http.HttpServer2 (HttpServer2.java:addFilter(948)) - Added filter static_user_filter (class=org.apache.hadoop.http.lib.StaticUserWebFilter$StaticUserFilter) to context hddsDatanode
2019-11-13 20:40:06,991 [main] INFO  http.HttpServer2 (HttpServer2.java:addFilter(958)) - Added filter static_user_filter (class=org.apache.hadoop.http.lib.StaticUserWebFilter$StaticUserFilter) to context static
2019-11-13 20:40:06,991 [main] INFO  http.HttpServer2 (HttpServer2.java:addFilter(958)) - Added filter static_user_filter (class=org.apache.hadoop.http.lib.StaticUserWebFilter$StaticUserFilter) to context logs
2019-11-13 20:40:06,992 [main] INFO  http.HttpServer2 (HttpServer2.java:bindListener(1191)) - Jetty bound to port 45798
2019-11-13 20:40:06,992 [main] INFO  server.Server (Server.java:doStart(351)) - jetty-9.3.25.v20180904, build timestamp: 2018-09-04T21:11:46Z, git hash: 3ce520221d0240229c862b122d2b06c12a625732
2019-11-13 20:40:06,993 [main] INFO  handler.ContextHandler (ContextHandler.java:doStart(781)) - Started o.e.j.s.ServletContextHandler@333398f{/logs,file:///workdir/hadoop-ozone/integration-test/target/log,AVAILABLE}
2019-11-13 20:40:06,993 [main] INFO  handler.ContextHandler (ContextHandler.java:doStart(781)) - Started o.e.j.s.ServletContextHandler@7d25913{/static,jar:file:/home/user/.m2/repository/org/apache/hadoop/hadoop-hdds-container-service/0.5.0-SNAPSHOT/hadoop-hdds-container-service-0.5.0-SNAPSHOT.jar!/webapps/static,AVAILABLE}
2019-11-13 20:40:07,017 [main] INFO  handler.ContextHandler (ContextHandler.java:doStart(781)) - Started o.e.j.w.WebAppContext@45d4421d{/,file:///tmp/jetty-0.0.0.0-45798-hddsDatanode-_-any-503472703885688673.dir/webapp/,AVAILABLE}{/hddsDatanode}
2019-11-13 20:40:07,018 [main] INFO  server.AbstractConnector (AbstractConnector.java:doStart(278)) - Started ServerConnector@782fd504{HTTP/1.1,[http/1.1]}{0.0.0.0:45798}
2019-11-13 20:40:07,018 [main] INFO  server.Server (Server.java:doStart(419)) - Started @220741ms
2019-11-13 20:40:07,019 [main] WARN  impl.MetricsSystemImpl (MetricsSystemImpl.java:register(276)) - Sink prometheus already exists!
2019-11-13 20:40:07,020 [main] INFO  server.BaseHttpServer (BaseHttpServer.java:updateConnectorAddress(215)) - HTTP server of HDDSDATANODE is listening at http://0.0.0.0:45798
2019-11-13 20:40:07,020 [main] INFO  impl.MetricsSystemImpl (MetricsSystemImpl.java:init(158)) - HddsDatanode metrics system started (again)
2019-11-13 20:40:07,024 [org.apache.hadoop.util.JvmPauseMonitor$Monitor@365fdcb9] INFO  util.JvmPauseMonitor (JvmPauseMonitor.java:run(188)) - Starting JVM pause monitor
2019-11-13 20:40:07,024 [main] INFO  ozone.HddsDatanodeService (HddsDatanodeService.java:start(186)) - HddsDatanodeService host:pr-hdds-2470-fxbl9-3826649461 ip:192.168.34.20
2019-11-13 20:40:07,025 [Datanode State Machine Thread - 0] INFO  datanode.InitDatanodeState (InitDatanodeState.java:persistContainerDatanodeDetails(140)) - DatanodeDetails is persisted to /workdir/hadoop-ozone/integration-test/target/test-dir/MiniOzoneClusterImpl-23a5d35f-12cc-4157-b83c-481d86791456/datanode-5/meta/datanode.id
2019-11-13 20:40:07,030 [main] INFO  volume.HddsVolume (HddsVolume.java:<init>(176)) - Creating Volume: /workdir/hadoop-ozone/integration-test/target/test-dir/MiniOzoneClusterImpl-23a5d35f-12cc-4157-b83c-481d86791456/datanode-6/data/containers/hdds of  storage type : DISK and capacity : 1482555576320
2019-11-13 20:40:07,031 [main] INFO  volume.VolumeSet (VolumeSet.java:initializeVolumeSet(170)) - Added Volume : /workdir/hadoop-ozone/integration-test/target/test-dir/MiniOzoneClusterImpl-23a5d35f-12cc-4157-b83c-481d86791456/datanode-6/data/containers/hdds to VolumeSet
2019-11-13 20:40:07,031 [main] INFO  volume.ThrottledAsyncChecker (ThrottledAsyncChecker.java:schedule(141)) - Scheduling a check for /workdir/hadoop-ozone/integration-test/target/test-dir/MiniOzoneClusterImpl-23a5d35f-12cc-4157-b83c-481d86791456/datanode-6/data/containers/hdds
2019-11-13 20:40:07,032 [main] INFO  volume.HddsVolumeChecker (HddsVolumeChecker.java:checkAllVolumes(204)) - Scheduled health check for volume /workdir/hadoop-ozone/integration-test/target/test-dir/MiniOzoneClusterImpl-23a5d35f-12cc-4157-b83c-481d86791456/datanode-6/data/containers/hdds
2019-11-13 20:40:07,055 [main] INFO  impl.RaftServerProxy (ConfUtils.java:logGet(43)) - raft.rpc.type = GRPC (default)
2019-11-13 20:40:07,056 [main] INFO  grpc.GrpcFactory (GrpcFactory.java:checkPooledByteBufAllocatorUseCacheForAllThreads(45)) - PERFORMANCE WARNING: useCacheForAllThreads is true that may cause Netty to create a lot garbage objects and, as a result, trigger GC.
	It is recommended to disable useCacheForAllThreads by setting -Dorg.apache.ratis.thirdparty.io.netty.allocator.useCacheForAllThreads=false in command line.
2019-11-13 20:40:07,056 [main] INFO  grpc.GrpcConfigKeys$Server (ConfUtils.java:logGet(43)) - raft.grpc.server.port = 0 (default)
2019-11-13 20:40:07,056 [main] INFO  server.GrpcService (ConfUtils.java:logGet(43)) - raft.grpc.message.size.max = 33570816 (custom)
2019-11-13 20:40:07,057 [main] INFO  server.RaftServerConfigKeys (ConfUtils.java:logGet(43)) - raft.server.log.appender.buffer.byte-limit = 33554432 (custom)
2019-11-13 20:40:07,057 [main] INFO  server.GrpcService (ConfUtils.java:logGet(43)) - raft.grpc.flow.control.window = 1MB (=1048576) (default)
2019-11-13 20:40:07,057 [main] INFO  server.RaftServerConfigKeys (ConfUtils.java:logGet(43)) - raft.server.rpc.request.timeout = 3000ms (default)
2019-11-13 20:40:07,058 [main] INFO  server.RaftServerConfigKeys (ConfUtils.java:logGet(43)) - raft.server.storage.dir = [/workdir/hadoop-ozone/integration-test/target/test-dir/MiniOzoneClusterImpl-23a5d35f-12cc-4157-b83c-481d86791456/datanode-6/data/ratis] (custom)
2019-11-13 20:40:07,060 [main] INFO  hdfs.DFSUtil (DFSUtil.java:httpServerTemplateForNNAndJN(1641)) - Starting Web-server for hddsDatanode at: http://0.0.0.0:0
2019-11-13 20:40:07,061 [main] INFO  server.AuthenticationFilter (AuthenticationFilter.java:constructSecretProvider(240)) - Unable to initialize FileSignerSecretProvider, falling back to use random secrets.
2019-11-13 20:40:07,062 [main] WARN  http.HttpRequestLog (HttpRequestLog.java:getRequestLog(97)) - Jetty request log can only be enabled using Log4j
2019-11-13 20:40:07,063 [main] INFO  http.HttpServer2 (HttpServer2.java:addGlobalFilter(975)) - Added global filter 'safety' (class=org.apache.hadoop.http.HttpServer2$QuotingInputFilter)
2019-11-13 20:40:07,064 [main] INFO  http.HttpServer2 (HttpServer2.java:addFilter(948)) - Added filter static_user_filter (class=org.apache.hadoop.http.lib.StaticUserWebFilter$StaticUserFilter) to context hddsDatanode
2019-11-13 20:40:07,064 [main] INFO  http.HttpServer2 (HttpServer2.java:addFilter(958)) - Added filter static_user_filter (class=org.apache.hadoop.http.lib.StaticUserWebFilter$StaticUserFilter) to context logs
2019-11-13 20:40:07,064 [main] INFO  http.HttpServer2 (HttpServer2.java:addFilter(958)) - Added filter static_user_filter (class=org.apache.hadoop.http.lib.StaticUserWebFilter$StaticUserFilter) to context static
2019-11-13 20:40:07,065 [main] INFO  http.HttpServer2 (HttpServer2.java:bindListener(1191)) - Jetty bound to port 43611
2019-11-13 20:40:07,065 [main] INFO  server.Server (Server.java:doStart(351)) - jetty-9.3.25.v20180904, build timestamp: 2018-09-04T21:11:46Z, git hash: 3ce520221d0240229c862b122d2b06c12a625732
2019-11-13 20:40:07,066 [main] INFO  handler.ContextHandler (ContextHandler.java:doStart(781)) - Started o.e.j.s.ServletContextHandler@3e6748ae{/logs,file:///workdir/hadoop-ozone/integration-test/target/log,AVAILABLE}
2019-11-13 20:40:07,067 [main] INFO  handler.ContextHandler (ContextHandler.java:doStart(781)) - Started o.e.j.s.ServletContextHandler@3030836d{/static,jar:file:/home/user/.m2/repository/org/apache/hadoop/hadoop-hdds-container-service/0.5.0-SNAPSHOT/hadoop-hdds-container-service-0.5.0-SNAPSHOT.jar!/webapps/static,AVAILABLE}
2019-11-13 20:40:07,101 [main] INFO  handler.ContextHandler (ContextHandler.java:doStart(781)) - Started o.e.j.w.WebAppContext@6ef4cbe1{/,file:///tmp/jetty-0.0.0.0-43611-hddsDatanode-_-any-6199090098922423714.dir/webapp/,AVAILABLE}{/hddsDatanode}
2019-11-13 20:40:07,102 [main] INFO  server.AbstractConnector (AbstractConnector.java:doStart(278)) - Started ServerConnector@207dd1b7{HTTP/1.1,[http/1.1]}{0.0.0.0:43611}
2019-11-13 20:40:07,103 [main] INFO  server.Server (Server.java:doStart(419)) - Started @220827ms
2019-11-13 20:40:07,103 [main] WARN  impl.MetricsSystemImpl (MetricsSystemImpl.java:register(276)) - Sink prometheus already exists!
2019-11-13 20:40:07,104 [main] INFO  server.BaseHttpServer (BaseHttpServer.java:updateConnectorAddress(215)) - HTTP server of HDDSDATANODE is listening at http://0.0.0.0:43611
2019-11-13 20:40:07,105 [main] INFO  impl.MetricsSystemImpl (MetricsSystemImpl.java:init(158)) - HddsDatanode metrics system started (again)
2019-11-13 20:40:07,108 [org.apache.hadoop.util.JvmPauseMonitor$Monitor@a13bf1b] INFO  util.JvmPauseMonitor (JvmPauseMonitor.java:run(188)) - Starting JVM pause monitor
2019-11-13 20:40:07,109 [main] INFO  ozone.HddsDatanodeService (HddsDatanodeService.java:start(186)) - HddsDatanodeService host:pr-hdds-2470-fxbl9-3826649461 ip:192.168.34.20
2019-11-13 20:40:07,109 [Datanode State Machine Thread - 0] INFO  datanode.InitDatanodeState (InitDatanodeState.java:persistContainerDatanodeDetails(140)) - DatanodeDetails is persisted to /workdir/hadoop-ozone/integration-test/target/test-dir/MiniOzoneClusterImpl-23a5d35f-12cc-4157-b83c-481d86791456/datanode-6/meta/datanode.id
2019-11-13 20:40:07,116 [main] INFO  volume.HddsVolume (HddsVolume.java:<init>(176)) - Creating Volume: /workdir/hadoop-ozone/integration-test/target/test-dir/MiniOzoneClusterImpl-23a5d35f-12cc-4157-b83c-481d86791456/datanode-7/data/containers/hdds of  storage type : DISK and capacity : 1482555576320
2019-11-13 20:40:07,116 [main] INFO  volume.VolumeSet (VolumeSet.java:initializeVolumeSet(170)) - Added Volume : /workdir/hadoop-ozone/integration-test/target/test-dir/MiniOzoneClusterImpl-23a5d35f-12cc-4157-b83c-481d86791456/datanode-7/data/containers/hdds to VolumeSet
2019-11-13 20:40:07,116 [main] INFO  volume.ThrottledAsyncChecker (ThrottledAsyncChecker.java:schedule(141)) - Scheduling a check for /workdir/hadoop-ozone/integration-test/target/test-dir/MiniOzoneClusterImpl-23a5d35f-12cc-4157-b83c-481d86791456/datanode-7/data/containers/hdds
2019-11-13 20:40:07,117 [main] INFO  volume.HddsVolumeChecker (HddsVolumeChecker.java:checkAllVolumes(204)) - Scheduled health check for volume /workdir/hadoop-ozone/integration-test/target/test-dir/MiniOzoneClusterImpl-23a5d35f-12cc-4157-b83c-481d86791456/datanode-7/data/containers/hdds
2019-11-13 20:40:07,131 [main] INFO  impl.RaftServerProxy (ConfUtils.java:logGet(43)) - raft.rpc.type = GRPC (default)
2019-11-13 20:40:07,131 [main] INFO  grpc.GrpcFactory (GrpcFactory.java:checkPooledByteBufAllocatorUseCacheForAllThreads(45)) - PERFORMANCE WARNING: useCacheForAllThreads is true that may cause Netty to create a lot garbage objects and, as a result, trigger GC.
	It is recommended to disable useCacheForAllThreads by setting -Dorg.apache.ratis.thirdparty.io.netty.allocator.useCacheForAllThreads=false in command line.
2019-11-13 20:40:07,131 [main] INFO  grpc.GrpcConfigKeys$Server (ConfUtils.java:logGet(43)) - raft.grpc.server.port = 0 (default)
2019-11-13 20:40:07,131 [main] INFO  server.GrpcService (ConfUtils.java:logGet(43)) - raft.grpc.message.size.max = 33570816 (custom)
2019-11-13 20:40:07,132 [main] INFO  server.RaftServerConfigKeys (ConfUtils.java:logGet(43)) - raft.server.log.appender.buffer.byte-limit = 33554432 (custom)
2019-11-13 20:40:07,132 [main] INFO  server.GrpcService (ConfUtils.java:logGet(43)) - raft.grpc.flow.control.window = 1MB (=1048576) (default)
2019-11-13 20:40:07,132 [main] INFO  server.RaftServerConfigKeys (ConfUtils.java:logGet(43)) - raft.server.rpc.request.timeout = 3000ms (default)
2019-11-13 20:40:07,132 [main] INFO  server.RaftServerConfigKeys (ConfUtils.java:logGet(43)) - raft.server.storage.dir = [/workdir/hadoop-ozone/integration-test/target/test-dir/MiniOzoneClusterImpl-23a5d35f-12cc-4157-b83c-481d86791456/datanode-7/data/ratis] (custom)
2019-11-13 20:40:07,134 [main] INFO  hdfs.DFSUtil (DFSUtil.java:httpServerTemplateForNNAndJN(1641)) - Starting Web-server for hddsDatanode at: http://0.0.0.0:0
2019-11-13 20:40:07,135 [main] INFO  server.AuthenticationFilter (AuthenticationFilter.java:constructSecretProvider(240)) - Unable to initialize FileSignerSecretProvider, falling back to use random secrets.
2019-11-13 20:40:07,136 [main] WARN  http.HttpRequestLog (HttpRequestLog.java:getRequestLog(97)) - Jetty request log can only be enabled using Log4j
2019-11-13 20:40:07,137 [main] INFO  http.HttpServer2 (HttpServer2.java:addGlobalFilter(975)) - Added global filter 'safety' (class=org.apache.hadoop.http.HttpServer2$QuotingInputFilter)
2019-11-13 20:40:07,138 [main] INFO  http.HttpServer2 (HttpServer2.java:addFilter(948)) - Added filter static_user_filter (class=org.apache.hadoop.http.lib.StaticUserWebFilter$StaticUserFilter) to context hddsDatanode
2019-11-13 20:40:07,138 [main] INFO  http.HttpServer2 (HttpServer2.java:addFilter(958)) - Added filter static_user_filter (class=org.apache.hadoop.http.lib.StaticUserWebFilter$StaticUserFilter) to context static
2019-11-13 20:40:07,138 [main] INFO  http.HttpServer2 (HttpServer2.java:addFilter(958)) - Added filter static_user_filter (class=org.apache.hadoop.http.lib.StaticUserWebFilter$StaticUserFilter) to context logs
2019-11-13 20:40:07,138 [main] INFO  http.HttpServer2 (HttpServer2.java:bindListener(1191)) - Jetty bound to port 35629
2019-11-13 20:40:07,138 [main] INFO  server.Server (Server.java:doStart(351)) - jetty-9.3.25.v20180904, build timestamp: 2018-09-04T21:11:46Z, git hash: 3ce520221d0240229c862b122d2b06c12a625732
2019-11-13 20:40:07,140 [main] INFO  handler.ContextHandler (ContextHandler.java:doStart(781)) - Started o.e.j.s.ServletContextHandler@1c62c3fd{/logs,file:///workdir/hadoop-ozone/integration-test/target/log,AVAILABLE}
2019-11-13 20:40:07,141 [main] INFO  handler.ContextHandler (ContextHandler.java:doStart(781)) - Started o.e.j.s.ServletContextHandler@49b89425{/static,jar:file:/home/user/.m2/repository/org/apache/hadoop/hadoop-hdds-container-service/0.5.0-SNAPSHOT/hadoop-hdds-container-service-0.5.0-SNAPSHOT.jar!/webapps/static,AVAILABLE}
2019-11-13 20:40:07,169 [main] INFO  handler.ContextHandler (ContextHandler.java:doStart(781)) - Started o.e.j.w.WebAppContext@2e362407{/,file:///tmp/jetty-0.0.0.0-35629-hddsDatanode-_-any-5497406034808886964.dir/webapp/,AVAILABLE}{/hddsDatanode}
2019-11-13 20:40:07,169 [main] INFO  server.AbstractConnector (AbstractConnector.java:doStart(278)) - Started ServerConnector@388be5fd{HTTP/1.1,[http/1.1]}{0.0.0.0:35629}
2019-11-13 20:40:07,169 [main] INFO  server.Server (Server.java:doStart(419)) - Started @220893ms
2019-11-13 20:40:07,171 [main] WARN  impl.MetricsSystemImpl (MetricsSystemImpl.java:register(276)) - Sink prometheus already exists!
2019-11-13 20:40:07,172 [main] INFO  server.BaseHttpServer (BaseHttpServer.java:updateConnectorAddress(215)) - HTTP server of HDDSDATANODE is listening at http://0.0.0.0:35629
2019-11-13 20:40:07,172 [main] INFO  impl.MetricsSystemImpl (MetricsSystemImpl.java:init(158)) - HddsDatanode metrics system started (again)
2019-11-13 20:40:07,176 [org.apache.hadoop.util.JvmPauseMonitor$Monitor@5aa1b739] INFO  util.JvmPauseMonitor (JvmPauseMonitor.java:run(188)) - Starting JVM pause monitor
2019-11-13 20:40:07,176 [main] INFO  ozone.HddsDatanodeService (HddsDatanodeService.java:start(186)) - HddsDatanodeService host:pr-hdds-2470-fxbl9-3826649461 ip:192.168.34.20
2019-11-13 20:40:07,177 [Datanode State Machine Thread - 0] INFO  datanode.InitDatanodeState (InitDatanodeState.java:persistContainerDatanodeDetails(140)) - DatanodeDetails is persisted to /workdir/hadoop-ozone/integration-test/target/test-dir/MiniOzoneClusterImpl-23a5d35f-12cc-4157-b83c-481d86791456/datanode-7/meta/datanode.id
2019-11-13 20:40:07,183 [main] INFO  volume.HddsVolume (HddsVolume.java:<init>(176)) - Creating Volume: /workdir/hadoop-ozone/integration-test/target/test-dir/MiniOzoneClusterImpl-23a5d35f-12cc-4157-b83c-481d86791456/datanode-8/data/containers/hdds of  storage type : DISK and capacity : 1482555576320
2019-11-13 20:40:07,183 [main] INFO  volume.VolumeSet (VolumeSet.java:initializeVolumeSet(170)) - Added Volume : /workdir/hadoop-ozone/integration-test/target/test-dir/MiniOzoneClusterImpl-23a5d35f-12cc-4157-b83c-481d86791456/datanode-8/data/containers/hdds to VolumeSet
2019-11-13 20:40:07,183 [main] INFO  volume.ThrottledAsyncChecker (ThrottledAsyncChecker.java:schedule(141)) - Scheduling a check for /workdir/hadoop-ozone/integration-test/target/test-dir/MiniOzoneClusterImpl-23a5d35f-12cc-4157-b83c-481d86791456/datanode-8/data/containers/hdds
2019-11-13 20:40:07,184 [main] INFO  volume.HddsVolumeChecker (HddsVolumeChecker.java:checkAllVolumes(204)) - Scheduled health check for volume /workdir/hadoop-ozone/integration-test/target/test-dir/MiniOzoneClusterImpl-23a5d35f-12cc-4157-b83c-481d86791456/datanode-8/data/containers/hdds
2019-11-13 20:40:07,199 [main] INFO  impl.RaftServerProxy (ConfUtils.java:logGet(43)) - raft.rpc.type = GRPC (default)
2019-11-13 20:40:07,199 [main] INFO  grpc.GrpcFactory (GrpcFactory.java:checkPooledByteBufAllocatorUseCacheForAllThreads(45)) - PERFORMANCE WARNING: useCacheForAllThreads is true that may cause Netty to create a lot garbage objects and, as a result, trigger GC.
	It is recommended to disable useCacheForAllThreads by setting -Dorg.apache.ratis.thirdparty.io.netty.allocator.useCacheForAllThreads=false in command line.
2019-11-13 20:40:07,199 [main] INFO  grpc.GrpcConfigKeys$Server (ConfUtils.java:logGet(43)) - raft.grpc.server.port = 0 (default)
2019-11-13 20:40:07,199 [main] INFO  server.GrpcService (ConfUtils.java:logGet(43)) - raft.grpc.message.size.max = 33570816 (custom)
2019-11-13 20:40:07,200 [main] INFO  server.RaftServerConfigKeys (ConfUtils.java:logGet(43)) - raft.server.log.appender.buffer.byte-limit = 33554432 (custom)
2019-11-13 20:40:07,200 [main] INFO  server.GrpcService (ConfUtils.java:logGet(43)) - raft.grpc.flow.control.window = 1MB (=1048576) (default)
2019-11-13 20:40:07,200 [main] INFO  server.RaftServerConfigKeys (ConfUtils.java:logGet(43)) - raft.server.rpc.request.timeout = 3000ms (default)
2019-11-13 20:40:07,201 [main] INFO  server.RaftServerConfigKeys (ConfUtils.java:logGet(43)) - raft.server.storage.dir = [/workdir/hadoop-ozone/integration-test/target/test-dir/MiniOzoneClusterImpl-23a5d35f-12cc-4157-b83c-481d86791456/datanode-8/data/ratis] (custom)
2019-11-13 20:40:07,202 [main] INFO  hdfs.DFSUtil (DFSUtil.java:httpServerTemplateForNNAndJN(1641)) - Starting Web-server for hddsDatanode at: http://0.0.0.0:0
2019-11-13 20:40:07,204 [main] INFO  server.AuthenticationFilter (AuthenticationFilter.java:constructSecretProvider(240)) - Unable to initialize FileSignerSecretProvider, falling back to use random secrets.
2019-11-13 20:40:07,204 [main] WARN  http.HttpRequestLog (HttpRequestLog.java:getRequestLog(97)) - Jetty request log can only be enabled using Log4j
2019-11-13 20:40:07,206 [main] INFO  http.HttpServer2 (HttpServer2.java:addGlobalFilter(975)) - Added global filter 'safety' (class=org.apache.hadoop.http.HttpServer2$QuotingInputFilter)
2019-11-13 20:40:07,206 [main] INFO  http.HttpServer2 (HttpServer2.java:addFilter(948)) - Added filter static_user_filter (class=org.apache.hadoop.http.lib.StaticUserWebFilter$StaticUserFilter) to context hddsDatanode
2019-11-13 20:40:07,207 [main] INFO  http.HttpServer2 (HttpServer2.java:addFilter(958)) - Added filter static_user_filter (class=org.apache.hadoop.http.lib.StaticUserWebFilter$StaticUserFilter) to context static
2019-11-13 20:40:07,207 [main] INFO  http.HttpServer2 (HttpServer2.java:addFilter(958)) - Added filter static_user_filter (class=org.apache.hadoop.http.lib.StaticUserWebFilter$StaticUserFilter) to context logs
2019-11-13 20:40:07,207 [main] INFO  http.HttpServer2 (HttpServer2.java:bindListener(1191)) - Jetty bound to port 38365
2019-11-13 20:40:07,208 [main] INFO  server.Server (Server.java:doStart(351)) - jetty-9.3.25.v20180904, build timestamp: 2018-09-04T21:11:46Z, git hash: 3ce520221d0240229c862b122d2b06c12a625732
2019-11-13 20:40:07,210 [main] INFO  handler.ContextHandler (ContextHandler.java:doStart(781)) - Started o.e.j.s.ServletContextHandler@21d9cd04{/logs,file:///workdir/hadoop-ozone/integration-test/target/log,AVAILABLE}
2019-11-13 20:40:07,210 [main] INFO  handler.ContextHandler (ContextHandler.java:doStart(781)) - Started o.e.j.s.ServletContextHandler@33bdd01{/static,jar:file:/home/user/.m2/repository/org/apache/hadoop/hadoop-hdds-container-service/0.5.0-SNAPSHOT/hadoop-hdds-container-service-0.5.0-SNAPSHOT.jar!/webapps/static,AVAILABLE}
2019-11-13 20:40:07,246 [main] INFO  handler.ContextHandler (ContextHandler.java:doStart(781)) - Started o.e.j.w.WebAppContext@4f5c30b1{/,file:///tmp/jetty-0.0.0.0-38365-hddsDatanode-_-any-3244395249106389851.dir/webapp/,AVAILABLE}{/hddsDatanode}
2019-11-13 20:40:07,246 [main] INFO  server.AbstractConnector (AbstractConnector.java:doStart(278)) - Started ServerConnector@62e73ab6{HTTP/1.1,[http/1.1]}{0.0.0.0:38365}
2019-11-13 20:40:07,248 [main] INFO  server.Server (Server.java:doStart(419)) - Started @220971ms
2019-11-13 20:40:07,248 [main] WARN  impl.MetricsSystemImpl (MetricsSystemImpl.java:register(276)) - Sink prometheus already exists!
2019-11-13 20:40:07,249 [main] INFO  server.BaseHttpServer (BaseHttpServer.java:updateConnectorAddress(215)) - HTTP server of HDDSDATANODE is listening at http://0.0.0.0:38365
2019-11-13 20:40:07,249 [main] INFO  impl.MetricsSystemImpl (MetricsSystemImpl.java:init(158)) - HddsDatanode metrics system started (again)
2019-11-13 20:40:07,254 [org.apache.hadoop.util.JvmPauseMonitor$Monitor@7038388e] INFO  util.JvmPauseMonitor (JvmPauseMonitor.java:run(188)) - Starting JVM pause monitor
2019-11-13 20:40:07,255 [main] INFO  ozone.HddsDatanodeService (HddsDatanodeService.java:start(186)) - HddsDatanodeService host:pr-hdds-2470-fxbl9-3826649461 ip:192.168.34.20
2019-11-13 20:40:07,256 [Datanode State Machine Thread - 0] INFO  datanode.InitDatanodeState (InitDatanodeState.java:persistContainerDatanodeDetails(140)) - DatanodeDetails is persisted to /workdir/hadoop-ozone/integration-test/target/test-dir/MiniOzoneClusterImpl-23a5d35f-12cc-4157-b83c-481d86791456/datanode-8/meta/datanode.id
2019-11-13 20:40:07,262 [main] INFO  volume.HddsVolume (HddsVolume.java:<init>(176)) - Creating Volume: /workdir/hadoop-ozone/integration-test/target/test-dir/MiniOzoneClusterImpl-23a5d35f-12cc-4157-b83c-481d86791456/datanode-9/data/containers/hdds of  storage type : DISK and capacity : 1482555576320
2019-11-13 20:40:07,262 [main] INFO  volume.VolumeSet (VolumeSet.java:initializeVolumeSet(170)) - Added Volume : /workdir/hadoop-ozone/integration-test/target/test-dir/MiniOzoneClusterImpl-23a5d35f-12cc-4157-b83c-481d86791456/datanode-9/data/containers/hdds to VolumeSet
2019-11-13 20:40:07,262 [main] INFO  volume.ThrottledAsyncChecker (ThrottledAsyncChecker.java:schedule(141)) - Scheduling a check for /workdir/hadoop-ozone/integration-test/target/test-dir/MiniOzoneClusterImpl-23a5d35f-12cc-4157-b83c-481d86791456/datanode-9/data/containers/hdds
2019-11-13 20:40:07,263 [main] INFO  volume.HddsVolumeChecker (HddsVolumeChecker.java:checkAllVolumes(204)) - Scheduled health check for volume /workdir/hadoop-ozone/integration-test/target/test-dir/MiniOzoneClusterImpl-23a5d35f-12cc-4157-b83c-481d86791456/datanode-9/data/containers/hdds
2019-11-13 20:40:07,276 [main] INFO  impl.RaftServerProxy (ConfUtils.java:logGet(43)) - raft.rpc.type = GRPC (default)
2019-11-13 20:40:07,276 [main] INFO  grpc.GrpcFactory (GrpcFactory.java:checkPooledByteBufAllocatorUseCacheForAllThreads(45)) - PERFORMANCE WARNING: useCacheForAllThreads is true that may cause Netty to create a lot garbage objects and, as a result, trigger GC.
	It is recommended to disable useCacheForAllThreads by setting -Dorg.apache.ratis.thirdparty.io.netty.allocator.useCacheForAllThreads=false in command line.
2019-11-13 20:40:07,276 [main] INFO  grpc.GrpcConfigKeys$Server (ConfUtils.java:logGet(43)) - raft.grpc.server.port = 0 (default)
2019-11-13 20:40:07,276 [main] INFO  server.GrpcService (ConfUtils.java:logGet(43)) - raft.grpc.message.size.max = 33570816 (custom)
2019-11-13 20:40:07,277 [main] INFO  server.RaftServerConfigKeys (ConfUtils.java:logGet(43)) - raft.server.log.appender.buffer.byte-limit = 33554432 (custom)
2019-11-13 20:40:07,277 [main] INFO  server.GrpcService (ConfUtils.java:logGet(43)) - raft.grpc.flow.control.window = 1MB (=1048576) (default)
2019-11-13 20:40:07,277 [main] INFO  server.RaftServerConfigKeys (ConfUtils.java:logGet(43)) - raft.server.rpc.request.timeout = 3000ms (default)
2019-11-13 20:40:07,277 [main] INFO  server.RaftServerConfigKeys (ConfUtils.java:logGet(43)) - raft.server.storage.dir = [/workdir/hadoop-ozone/integration-test/target/test-dir/MiniOzoneClusterImpl-23a5d35f-12cc-4157-b83c-481d86791456/datanode-9/data/ratis] (custom)
2019-11-13 20:40:07,279 [main] INFO  hdfs.DFSUtil (DFSUtil.java:httpServerTemplateForNNAndJN(1641)) - Starting Web-server for hddsDatanode at: http://0.0.0.0:0
2019-11-13 20:40:07,280 [main] INFO  server.AuthenticationFilter (AuthenticationFilter.java:constructSecretProvider(240)) - Unable to initialize FileSignerSecretProvider, falling back to use random secrets.
2019-11-13 20:40:07,280 [main] WARN  http.HttpRequestLog (HttpRequestLog.java:getRequestLog(97)) - Jetty request log can only be enabled using Log4j
2019-11-13 20:40:07,282 [main] INFO  http.HttpServer2 (HttpServer2.java:addGlobalFilter(975)) - Added global filter 'safety' (class=org.apache.hadoop.http.HttpServer2$QuotingInputFilter)
2019-11-13 20:40:07,282 [main] INFO  http.HttpServer2 (HttpServer2.java:addFilter(948)) - Added filter static_user_filter (class=org.apache.hadoop.http.lib.StaticUserWebFilter$StaticUserFilter) to context hddsDatanode
2019-11-13 20:40:07,283 [main] INFO  http.HttpServer2 (HttpServer2.java:addFilter(958)) - Added filter static_user_filter (class=org.apache.hadoop.http.lib.StaticUserWebFilter$StaticUserFilter) to context static
2019-11-13 20:40:07,283 [main] INFO  http.HttpServer2 (HttpServer2.java:addFilter(958)) - Added filter static_user_filter (class=org.apache.hadoop.http.lib.StaticUserWebFilter$StaticUserFilter) to context logs
2019-11-13 20:40:07,283 [main] INFO  http.HttpServer2 (HttpServer2.java:bindListener(1191)) - Jetty bound to port 38956
2019-11-13 20:40:07,284 [main] INFO  server.Server (Server.java:doStart(351)) - jetty-9.3.25.v20180904, build timestamp: 2018-09-04T21:11:46Z, git hash: 3ce520221d0240229c862b122d2b06c12a625732
2019-11-13 20:40:07,285 [main] INFO  handler.ContextHandler (ContextHandler.java:doStart(781)) - Started o.e.j.s.ServletContextHandler@69b3886f{/logs,file:///workdir/hadoop-ozone/integration-test/target/log,AVAILABLE}
2019-11-13 20:40:07,286 [main] INFO  handler.ContextHandler (ContextHandler.java:doStart(781)) - Started o.e.j.s.ServletContextHandler@44faa4f2{/static,jar:file:/home/user/.m2/repository/org/apache/hadoop/hadoop-hdds-container-service/0.5.0-SNAPSHOT/hadoop-hdds-container-service-0.5.0-SNAPSHOT.jar!/webapps/static,AVAILABLE}
2019-11-13 20:40:07,317 [main] INFO  handler.ContextHandler (ContextHandler.java:doStart(781)) - Started o.e.j.w.WebAppContext@29170a47{/,file:///tmp/jetty-0.0.0.0-38956-hddsDatanode-_-any-169766915752140137.dir/webapp/,AVAILABLE}{/hddsDatanode}
2019-11-13 20:40:07,318 [main] INFO  server.AbstractConnector (AbstractConnector.java:doStart(278)) - Started ServerConnector@2a8f8555{HTTP/1.1,[http/1.1]}{0.0.0.0:38956}
2019-11-13 20:40:07,319 [main] INFO  server.Server (Server.java:doStart(419)) - Started @221042ms
2019-11-13 20:40:07,319 [main] WARN  impl.MetricsSystemImpl (MetricsSystemImpl.java:register(276)) - Sink prometheus already exists!
2019-11-13 20:40:07,320 [main] INFO  server.BaseHttpServer (BaseHttpServer.java:updateConnectorAddress(215)) - HTTP server of HDDSDATANODE is listening at http://0.0.0.0:38956
2019-11-13 20:40:07,320 [main] INFO  ozone.MiniOzoneClusterImpl (MiniOzoneClusterImpl.java:lambda$waitForClusterToBeReady$2(171)) - Waiting for cluster to be ready. Got 0 of 10 DN Heartbeats.
2019-11-13 20:40:07,322 [org.apache.hadoop.util.JvmPauseMonitor$Monitor@81bb461] INFO  util.JvmPauseMonitor (JvmPauseMonitor.java:run(188)) - Starting JVM pause monitor
2019-11-13 20:40:07,323 [Datanode State Machine Thread - 0] INFO  datanode.InitDatanodeState (InitDatanodeState.java:persistContainerDatanodeDetails(140)) - DatanodeDetails is persisted to /workdir/hadoop-ozone/integration-test/target/test-dir/MiniOzoneClusterImpl-23a5d35f-12cc-4157-b83c-481d86791456/datanode-9/meta/datanode.id
2019-11-13 20:40:08,321 [main] INFO  ozone.MiniOzoneClusterImpl (MiniOzoneClusterImpl.java:lambda$waitForClusterToBeReady$2(171)) - Waiting for cluster to be ready. Got 0 of 10 DN Heartbeats.
2019-11-13 20:40:08,747 [Datanode State Machine Thread - 0] INFO  ozoneimpl.OzoneContainer (OzoneContainer.java:start(230)) - Attempting to start container services.
2019-11-13 20:40:08,747 [Datanode State Machine Thread - 0] INFO  ozoneimpl.OzoneContainer (OzoneContainer.java:startContainerScrub(194)) - Background container scanner has been disabled.
2019-11-13 20:40:08,747 [Datanode State Machine Thread - 0] INFO  ratis.XceiverServerRatis (XceiverServerRatis.java:start(421)) - Starting XceiverServerRatis 405db254-2a77-41b8-bcbc-61d002fbc757 at port 0
2019-11-13 20:40:08,756 [Datanode State Machine Thread - 0] INFO  impl.RaftServerProxy (RaftServerProxy.java:lambda$start$3(299)) - 405db254-2a77-41b8-bcbc-61d002fbc757: start RPC server
2019-11-13 20:40:08,758 [Datanode State Machine Thread - 0] INFO  server.GrpcService (GrpcService.java:startImpl(158)) - 405db254-2a77-41b8-bcbc-61d002fbc757: GrpcService started, listening on 0.0.0.0/0.0.0.0:41954
2019-11-13 20:40:08,758 [Datanode State Machine Thread - 0] INFO  ratis.XceiverServerRatis (XceiverServerRatis.java:start(431)) - XceiverServerRatis 405db254-2a77-41b8-bcbc-61d002fbc757 is started using port 41954
2019-11-13 20:40:08,760 [Datanode State Machine Thread - 0] INFO  server.XceiverServerGrpc (XceiverServerGrpc.java:start(145)) - XceiverServerGrpc 405db254-2a77-41b8-bcbc-61d002fbc757 is started using port 35904
2019-11-13 20:40:08,787 [Datanode State Machine Thread - 0] INFO  ozoneimpl.OzoneContainer (OzoneContainer.java:start(230)) - Attempting to start container services.
2019-11-13 20:40:08,787 [Datanode State Machine Thread - 0] INFO  ozoneimpl.OzoneContainer (OzoneContainer.java:startContainerScrub(194)) - Background container scanner has been disabled.
2019-11-13 20:40:08,787 [Datanode State Machine Thread - 0] INFO  ratis.XceiverServerRatis (XceiverServerRatis.java:start(421)) - Starting XceiverServerRatis dce7850f-9f3d-4223-ba72-4d8238cab252 at port 0
2019-11-13 20:40:08,793 [Datanode State Machine Thread - 0] INFO  impl.RaftServerProxy (RaftServerProxy.java:lambda$start$3(299)) - dce7850f-9f3d-4223-ba72-4d8238cab252: start RPC server
2019-11-13 20:40:08,794 [Datanode State Machine Thread - 0] INFO  server.GrpcService (GrpcService.java:startImpl(158)) - dce7850f-9f3d-4223-ba72-4d8238cab252: GrpcService started, listening on 0.0.0.0/0.0.0.0:38603
2019-11-13 20:40:08,794 [Datanode State Machine Thread - 0] INFO  ratis.XceiverServerRatis (XceiverServerRatis.java:start(431)) - XceiverServerRatis dce7850f-9f3d-4223-ba72-4d8238cab252 is started using port 38603
2019-11-13 20:40:08,794 [Datanode State Machine Thread - 0] INFO  server.XceiverServerGrpc (XceiverServerGrpc.java:start(145)) - XceiverServerGrpc dce7850f-9f3d-4223-ba72-4d8238cab252 is started using port 41370
2019-11-13 20:40:08,853 [Datanode State Machine Thread - 0] INFO  ozoneimpl.OzoneContainer (OzoneContainer.java:start(230)) - Attempting to start container services.
2019-11-13 20:40:08,854 [Datanode State Machine Thread - 0] INFO  ozoneimpl.OzoneContainer (OzoneContainer.java:startContainerScrub(194)) - Background container scanner has been disabled.
2019-11-13 20:40:08,854 [Datanode State Machine Thread - 0] INFO  ratis.XceiverServerRatis (XceiverServerRatis.java:start(421)) - Starting XceiverServerRatis a0d01d6c-1588-47d8-b58d-5bdc55d47431 at port 0
2019-11-13 20:40:08,861 [Datanode State Machine Thread - 0] INFO  impl.RaftServerProxy (RaftServerProxy.java:lambda$start$3(299)) - a0d01d6c-1588-47d8-b58d-5bdc55d47431: start RPC server
2019-11-13 20:40:08,861 [Datanode State Machine Thread - 0] INFO  server.GrpcService (GrpcService.java:startImpl(158)) - a0d01d6c-1588-47d8-b58d-5bdc55d47431: GrpcService started, listening on 0.0.0.0/0.0.0.0:42336
2019-11-13 20:40:08,862 [Datanode State Machine Thread - 0] INFO  ratis.XceiverServerRatis (XceiverServerRatis.java:start(431)) - XceiverServerRatis a0d01d6c-1588-47d8-b58d-5bdc55d47431 is started using port 42336
2019-11-13 20:40:08,862 [Datanode State Machine Thread - 0] INFO  server.XceiverServerGrpc (XceiverServerGrpc.java:start(145)) - XceiverServerGrpc a0d01d6c-1588-47d8-b58d-5bdc55d47431 is started using port 38086
2019-11-13 20:40:08,912 [Datanode State Machine Thread - 0] INFO  ozoneimpl.OzoneContainer (OzoneContainer.java:start(230)) - Attempting to start container services.
2019-11-13 20:40:08,912 [Datanode State Machine Thread - 0] INFO  ozoneimpl.OzoneContainer (OzoneContainer.java:startContainerScrub(194)) - Background container scanner has been disabled.
2019-11-13 20:40:08,912 [Datanode State Machine Thread - 0] INFO  ratis.XceiverServerRatis (XceiverServerRatis.java:start(421)) - Starting XceiverServerRatis 2929643e-7442-4794-a56e-1c38ca296261 at port 0
2019-11-13 20:40:08,920 [Datanode State Machine Thread - 0] INFO  impl.RaftServerProxy (RaftServerProxy.java:lambda$start$3(299)) - 2929643e-7442-4794-a56e-1c38ca296261: start RPC server
2019-11-13 20:40:08,922 [Datanode State Machine Thread - 0] INFO  server.GrpcService (GrpcService.java:startImpl(158)) - 2929643e-7442-4794-a56e-1c38ca296261: GrpcService started, listening on 0.0.0.0/0.0.0.0:43198
2019-11-13 20:40:08,922 [Datanode State Machine Thread - 0] INFO  ratis.XceiverServerRatis (XceiverServerRatis.java:start(431)) - XceiverServerRatis 2929643e-7442-4794-a56e-1c38ca296261 is started using port 43198
2019-11-13 20:40:08,923 [Datanode State Machine Thread - 0] INFO  server.XceiverServerGrpc (XceiverServerGrpc.java:start(145)) - XceiverServerGrpc 2929643e-7442-4794-a56e-1c38ca296261 is started using port 44492
2019-11-13 20:40:08,972 [Datanode State Machine Thread - 0] INFO  ozoneimpl.OzoneContainer (OzoneContainer.java:start(230)) - Attempting to start container services.
2019-11-13 20:40:08,973 [Datanode State Machine Thread - 0] INFO  ozoneimpl.OzoneContainer (OzoneContainer.java:startContainerScrub(194)) - Background container scanner has been disabled.
2019-11-13 20:40:08,973 [Datanode State Machine Thread - 0] INFO  ratis.XceiverServerRatis (XceiverServerRatis.java:start(421)) - Starting XceiverServerRatis 63c5c595-8d4c-4001-b46d-6e0cbb5b9d3c at port 0
2019-11-13 20:40:08,982 [Datanode State Machine Thread - 0] INFO  impl.RaftServerProxy (RaftServerProxy.java:lambda$start$3(299)) - 63c5c595-8d4c-4001-b46d-6e0cbb5b9d3c: start RPC server
2019-11-13 20:40:08,983 [Datanode State Machine Thread - 0] INFO  server.GrpcService (GrpcService.java:startImpl(158)) - 63c5c595-8d4c-4001-b46d-6e0cbb5b9d3c: GrpcService started, listening on 0.0.0.0/0.0.0.0:42027
2019-11-13 20:40:08,983 [Datanode State Machine Thread - 0] INFO  ratis.XceiverServerRatis (XceiverServerRatis.java:start(431)) - XceiverServerRatis 63c5c595-8d4c-4001-b46d-6e0cbb5b9d3c is started using port 42027
2019-11-13 20:40:08,983 [Datanode State Machine Thread - 0] INFO  server.XceiverServerGrpc (XceiverServerGrpc.java:start(145)) - XceiverServerGrpc 63c5c595-8d4c-4001-b46d-6e0cbb5b9d3c is started using port 37696
2019-11-13 20:40:09,038 [Datanode State Machine Thread - 0] INFO  ozoneimpl.OzoneContainer (OzoneContainer.java:start(230)) - Attempting to start container services.
2019-11-13 20:40:09,039 [Datanode State Machine Thread - 0] INFO  ozoneimpl.OzoneContainer (OzoneContainer.java:startContainerScrub(194)) - Background container scanner has been disabled.
2019-11-13 20:40:09,039 [Datanode State Machine Thread - 0] INFO  ratis.XceiverServerRatis (XceiverServerRatis.java:start(421)) - Starting XceiverServerRatis d8a6778e-ef1b-4a45-8dc3-d54ef706ff02 at port 0
2019-11-13 20:40:09,046 [Datanode State Machine Thread - 0] INFO  impl.RaftServerProxy (RaftServerProxy.java:lambda$start$3(299)) - d8a6778e-ef1b-4a45-8dc3-d54ef706ff02: start RPC server
2019-11-13 20:40:09,047 [Datanode State Machine Thread - 0] INFO  server.GrpcService (GrpcService.java:startImpl(158)) - d8a6778e-ef1b-4a45-8dc3-d54ef706ff02: GrpcService started, listening on 0.0.0.0/0.0.0.0:34234
2019-11-13 20:40:09,047 [Datanode State Machine Thread - 0] INFO  ratis.XceiverServerRatis (XceiverServerRatis.java:start(431)) - XceiverServerRatis d8a6778e-ef1b-4a45-8dc3-d54ef706ff02 is started using port 34234
2019-11-13 20:40:09,048 [Datanode State Machine Thread - 0] INFO  server.XceiverServerGrpc (XceiverServerGrpc.java:start(145)) - XceiverServerGrpc d8a6778e-ef1b-4a45-8dc3-d54ef706ff02 is started using port 40247
2019-11-13 20:40:09,120 [Datanode State Machine Thread - 0] INFO  ozoneimpl.OzoneContainer (OzoneContainer.java:start(230)) - Attempting to start container services.
2019-11-13 20:40:09,121 [Datanode State Machine Thread - 0] INFO  ozoneimpl.OzoneContainer (OzoneContainer.java:startContainerScrub(194)) - Background container scanner has been disabled.
2019-11-13 20:40:09,121 [Datanode State Machine Thread - 0] INFO  ratis.XceiverServerRatis (XceiverServerRatis.java:start(421)) - Starting XceiverServerRatis e207fbae-fd28-42f6-9bb4-297c35844d9f at port 0
2019-11-13 20:40:09,128 [Datanode State Machine Thread - 0] INFO  impl.RaftServerProxy (RaftServerProxy.java:lambda$start$3(299)) - e207fbae-fd28-42f6-9bb4-297c35844d9f: start RPC server
2019-11-13 20:40:09,129 [Datanode State Machine Thread - 0] INFO  server.GrpcService (GrpcService.java:startImpl(158)) - e207fbae-fd28-42f6-9bb4-297c35844d9f: GrpcService started, listening on 0.0.0.0/0.0.0.0:33417
2019-11-13 20:40:09,129 [Datanode State Machine Thread - 0] INFO  ratis.XceiverServerRatis (XceiverServerRatis.java:start(431)) - XceiverServerRatis e207fbae-fd28-42f6-9bb4-297c35844d9f is started using port 33417
2019-11-13 20:40:09,129 [Datanode State Machine Thread - 0] INFO  server.XceiverServerGrpc (XceiverServerGrpc.java:start(145)) - XceiverServerGrpc e207fbae-fd28-42f6-9bb4-297c35844d9f is started using port 39379
2019-11-13 20:40:09,183 [Datanode State Machine Thread - 0] INFO  ozoneimpl.OzoneContainer (OzoneContainer.java:start(230)) - Attempting to start container services.
2019-11-13 20:40:09,184 [Datanode State Machine Thread - 0] INFO  ozoneimpl.OzoneContainer (OzoneContainer.java:startContainerScrub(194)) - Background container scanner has been disabled.
2019-11-13 20:40:09,184 [Datanode State Machine Thread - 0] INFO  ratis.XceiverServerRatis (XceiverServerRatis.java:start(421)) - Starting XceiverServerRatis 11bf945c-44a0-4fdd-85a2-60a349617ab7 at port 0
2019-11-13 20:40:09,194 [Datanode State Machine Thread - 0] INFO  impl.RaftServerProxy (RaftServerProxy.java:lambda$start$3(299)) - 11bf945c-44a0-4fdd-85a2-60a349617ab7: start RPC server
2019-11-13 20:40:09,196 [Datanode State Machine Thread - 0] INFO  server.GrpcService (GrpcService.java:startImpl(158)) - 11bf945c-44a0-4fdd-85a2-60a349617ab7: GrpcService started, listening on 0.0.0.0/0.0.0.0:36272
2019-11-13 20:40:09,196 [Datanode State Machine Thread - 0] INFO  ratis.XceiverServerRatis (XceiverServerRatis.java:start(431)) - XceiverServerRatis 11bf945c-44a0-4fdd-85a2-60a349617ab7 is started using port 36272
2019-11-13 20:40:09,197 [Datanode State Machine Thread - 0] INFO  server.XceiverServerGrpc (XceiverServerGrpc.java:start(145)) - XceiverServerGrpc 11bf945c-44a0-4fdd-85a2-60a349617ab7 is started using port 44715
2019-11-13 20:40:09,262 [Datanode State Machine Thread - 0] INFO  ozoneimpl.OzoneContainer (OzoneContainer.java:start(230)) - Attempting to start container services.
2019-11-13 20:40:09,262 [Datanode State Machine Thread - 0] INFO  ozoneimpl.OzoneContainer (OzoneContainer.java:startContainerScrub(194)) - Background container scanner has been disabled.
2019-11-13 20:40:09,262 [Datanode State Machine Thread - 0] INFO  ratis.XceiverServerRatis (XceiverServerRatis.java:start(421)) - Starting XceiverServerRatis 777bd53d-1b96-45c1-9d99-437e419e4ea1 at port 0
2019-11-13 20:40:09,275 [Datanode State Machine Thread - 0] INFO  impl.RaftServerProxy (RaftServerProxy.java:lambda$start$3(299)) - 777bd53d-1b96-45c1-9d99-437e419e4ea1: start RPC server
2019-11-13 20:40:09,286 [Datanode State Machine Thread - 0] INFO  server.GrpcService (GrpcService.java:startImpl(158)) - 777bd53d-1b96-45c1-9d99-437e419e4ea1: GrpcService started, listening on 0.0.0.0/0.0.0.0:43853
2019-11-13 20:40:09,287 [Datanode State Machine Thread - 0] INFO  ratis.XceiverServerRatis (XceiverServerRatis.java:start(431)) - XceiverServerRatis 777bd53d-1b96-45c1-9d99-437e419e4ea1 is started using port 43853
2019-11-13 20:40:09,287 [Datanode State Machine Thread - 0] INFO  server.XceiverServerGrpc (XceiverServerGrpc.java:start(145)) - XceiverServerGrpc 777bd53d-1b96-45c1-9d99-437e419e4ea1 is started using port 38181
2019-11-13 20:40:09,321 [main] INFO  ozone.MiniOzoneClusterImpl (MiniOzoneClusterImpl.java:lambda$waitForClusterToBeReady$2(171)) - Waiting for cluster to be ready. Got 0 of 10 DN Heartbeats.
2019-11-13 20:40:09,336 [Datanode State Machine Thread - 0] INFO  ozoneimpl.OzoneContainer (OzoneContainer.java:start(230)) - Attempting to start container services.
2019-11-13 20:40:09,337 [Datanode State Machine Thread - 0] INFO  ozoneimpl.OzoneContainer (OzoneContainer.java:startContainerScrub(194)) - Background container scanner has been disabled.
2019-11-13 20:40:09,337 [Datanode State Machine Thread - 0] INFO  ratis.XceiverServerRatis (XceiverServerRatis.java:start(421)) - Starting XceiverServerRatis a35788b4-68d9-46fd-b847-60a9b7211510 at port 0
2019-11-13 20:40:09,343 [Datanode State Machine Thread - 0] INFO  impl.RaftServerProxy (RaftServerProxy.java:lambda$start$3(299)) - a35788b4-68d9-46fd-b847-60a9b7211510: start RPC server
2019-11-13 20:40:09,346 [Datanode State Machine Thread - 0] INFO  server.GrpcService (GrpcService.java:startImpl(158)) - a35788b4-68d9-46fd-b847-60a9b7211510: GrpcService started, listening on 0.0.0.0/0.0.0.0:39245
2019-11-13 20:40:09,346 [Datanode State Machine Thread - 0] INFO  ratis.XceiverServerRatis (XceiverServerRatis.java:start(431)) - XceiverServerRatis a35788b4-68d9-46fd-b847-60a9b7211510 is started using port 39245
2019-11-13 20:40:09,355 [Datanode State Machine Thread - 0] INFO  server.XceiverServerGrpc (XceiverServerGrpc.java:start(145)) - XceiverServerGrpc a35788b4-68d9-46fd-b847-60a9b7211510 is started using port 45666
2019-11-13 20:40:10,322 [main] INFO  ozone.MiniOzoneClusterImpl (MiniOzoneClusterImpl.java:lambda$waitForClusterToBeReady$2(171)) - Waiting for cluster to be ready. Got 0 of 10 DN Heartbeats.
2019-11-13 20:40:10,704 [IPC Server handler 4 on 46790] INFO  net.NetworkTopology (NetworkTopologyImpl.java:add(111)) - Added a new node: /rack1/405db254-2a77-41b8-bcbc-61d002fbc757
2019-11-13 20:40:10,707 [IPC Server handler 4 on 46790] INFO  node.SCMNodeManager (SCMNodeManager.java:register(267)) - Registered Data node : 405db254-2a77-41b8-bcbc-61d002fbc757{ip: 192.168.34.20, host: pr-hdds-2470-fxbl9-3826649461, networkLocation: /rack1, certSerialId: null}
2019-11-13 20:40:10,708 [EventQueue-NodeRegistrationContainerReportForDataNodeSafeModeRule] INFO  safemode.SCMSafeModeManager (DataNodeSafeModeRule.java:process(71)) - SCM in safe mode. 1 DataNodes registered, 1 required.
2019-11-13 20:40:10,710 [EventQueue-NodeRegistrationContainerReportForDataNodeSafeModeRule] INFO  safemode.SCMSafeModeManager (SCMSafeModeManager.java:validateSafeModeExitRules(177)) - ScmSafeModeManager, all rules are successfully validated
2019-11-13 20:40:10,710 [EventQueue-NodeRegistrationContainerReportForDataNodeSafeModeRule] INFO  safemode.SCMSafeModeManager (SCMSafeModeManager.java:exitSafeMode(193)) - SCM exiting safe mode.
2019-11-13 20:40:10,719 [grpc-default-executor-1] INFO  impl.RaftServerProxy (RaftServerProxy.java:addNew(89)) - 405db254-2a77-41b8-bcbc-61d002fbc757: addNew group-9B768BC94FC9:[405db254-2a77-41b8-bcbc-61d002fbc757:192.168.34.20:41954] returns group-9B768BC94FC9:java.util.concurrent.CompletableFuture@2585d4fc[Not completed]
2019-11-13 20:40:10,721 [pool-509-thread-1] INFO  impl.RaftServerImpl (RaftServerImpl.java:<init>(98)) - 405db254-2a77-41b8-bcbc-61d002fbc757: new RaftServerImpl for group-9B768BC94FC9:[405db254-2a77-41b8-bcbc-61d002fbc757:192.168.34.20:41954] with ContainerStateMachine:uninitialized
2019-11-13 20:40:10,721 [pool-509-thread-1] INFO  server.RaftServerConfigKeys (ConfUtils.java:logGet(43)) - raft.server.rpc.timeout.min = 1s (custom)
2019-11-13 20:40:10,721 [pool-509-thread-1] INFO  server.RaftServerConfigKeys (ConfUtils.java:logGet(43)) - raft.server.rpc.timeout.max = 1200ms (custom)
2019-11-13 20:40:10,721 [pool-509-thread-1] INFO  server.RaftServerConfigKeys (ConfUtils.java:logGet(43)) - raft.server.rpcslowness.timeout = 120s (custom)
2019-11-13 20:40:10,721 [pool-509-thread-1] INFO  server.RaftServerConfigKeys (ConfUtils.java:logGet(43)) - raft.server.sleep.deviation.threshold = 300 (default)
2019-11-13 20:40:10,722 [pool-509-thread-1] INFO  server.RaftServerConfigKeys (ConfUtils.java:logGet(43)) - raft.server.log.appender.install.snapshot.enabled = false (custom)
2019-11-13 20:40:10,722 [pool-509-thread-1] INFO  impl.RaftServerImpl (ServerState.java:<init>(103)) - 405db254-2a77-41b8-bcbc-61d002fbc757@group-9B768BC94FC9: ConfigurationManager, init=-1: [405db254-2a77-41b8-bcbc-61d002fbc757:192.168.34.20:41954], old=null, confs=<EMPTY_MAP>
2019-11-13 20:40:10,722 [pool-509-thread-1] INFO  server.RaftServerConfigKeys (ConfUtils.java:logGet(43)) - raft.server.storage.dir = [/workdir/hadoop-ozone/integration-test/target/test-dir/MiniOzoneClusterImpl-23a5d35f-12cc-4157-b83c-481d86791456/datanode-0/data/ratis] (custom)
2019-11-13 20:40:10,723 [pool-509-thread-1] INFO  server.RaftServerConfigKeys (ConfUtils.java:logGet(43)) - raft.server.log.corruption.policy = EXCEPTION (default)
2019-11-13 20:40:10,723 [pool-509-thread-1] INFO  storage.RaftStorageDirectory (RaftStorageDirectory.java:analyzeStorage(246)) - The storage directory /workdir/hadoop-ozone/integration-test/target/test-dir/MiniOzoneClusterImpl-23a5d35f-12cc-4157-b83c-481d86791456/datanode-0/data/ratis/a69fdb82-dc4f-427d-9ce7-9b768bc94fc9 does not exist. Creating ...
2019-11-13 20:40:10,736 [pool-509-thread-1] INFO  storage.RaftStorageDirectory (RaftStorageDirectory.java:tryLock(328)) - Lock on /workdir/hadoop-ozone/integration-test/target/test-dir/MiniOzoneClusterImpl-23a5d35f-12cc-4157-b83c-481d86791456/datanode-0/data/ratis/a69fdb82-dc4f-427d-9ce7-9b768bc94fc9/in_use.lock acquired by nodename 4541@pr-hdds-2470-fxbl9-3826649461
2019-11-13 20:40:10,749 [pool-509-thread-1] INFO  storage.RaftStorage (RaftStorage.java:format(84)) - Storage directory /workdir/hadoop-ozone/integration-test/target/test-dir/MiniOzoneClusterImpl-23a5d35f-12cc-4157-b83c-481d86791456/datanode-0/data/ratis/a69fdb82-dc4f-427d-9ce7-9b768bc94fc9 has been successfully formatted.
2019-11-13 20:40:10,750 [pool-509-thread-1] INFO  ratis.ContainerStateMachine (ContainerStateMachine.java:loadSnapshot(223)) - group-9B768BC94FC9: The snapshot info is null. Setting the last applied indexto:(t:0, i:~)
2019-11-13 20:40:10,750 [pool-509-thread-1] INFO  server.RaftServerConfigKeys (ConfUtils.java:logGet(43)) - raft.server.notification.no-leader.timeout = 120s (custom)
2019-11-13 20:40:10,750 [pool-509-thread-1] INFO  server.RaftServerConfigKeys (ConfUtils.java:logGet(43)) - raft.server.log.use.memory = false (default)
2019-11-13 20:40:10,750 [pool-509-thread-1] INFO  server.RaftServerConfigKeys (ConfUtils.java:logGet(43)) - raft.server.log.purge.gap = 1000000 (custom)
2019-11-13 20:40:10,750 [pool-509-thread-1] INFO  server.RaftServerConfigKeys (ConfUtils.java:logGet(43)) - raft.server.log.appender.buffer.byte-limit = 33554432 (custom)
2019-11-13 20:40:10,750 [pool-509-thread-1] INFO  server.RaftServerConfigKeys (ConfUtils.java:logGet(43)) - raft.server.log.segment.size.max = 1048576 (custom)
2019-11-13 20:40:10,750 [pool-509-thread-1] WARN  impl.MetricRegistriesImpl (MetricRegistriesImpl.java:lambda$create$1(61)) - First MetricRegistry has been created without registering reporters. You may need to call MetricRegistries.global().addReportRegistration(...) before.
2019-11-13 20:40:10,751 [pool-509-thread-1] INFO  server.RaftServerConfigKeys (ConfUtils.java:logGet(43)) - raft.server.log.segment.cache.num.max = 2 (custom)
2019-11-13 20:40:10,751 [pool-509-thread-1] INFO  segmented.SegmentedRaftLogWorker (SegmentedRaftLogWorker.java:<init>(173)) - new 405db254-2a77-41b8-bcbc-61d002fbc757@group-9B768BC94FC9-SegmentedRaftLogWorker for RaftStorage:Storage Directory /workdir/hadoop-ozone/integration-test/target/test-dir/MiniOzoneClusterImpl-23a5d35f-12cc-4157-b83c-481d86791456/datanode-0/data/ratis/a69fdb82-dc4f-427d-9ce7-9b768bc94fc9
2019-11-13 20:40:10,751 [pool-509-thread-1] INFO  server.RaftServerConfigKeys (ConfUtils.java:logGet(43)) - raft.server.log.queue.byte-limit = 2147483647 (custom)
2019-11-13 20:40:10,751 [pool-509-thread-1] INFO  server.RaftServerConfigKeys (ConfUtils.java:logGet(43)) - raft.server.log.queue.element-limit = 1024 (custom)
2019-11-13 20:40:10,751 [pool-509-thread-1] INFO  server.RaftServerConfigKeys (ConfUtils.java:logGet(43)) - raft.server.log.segment.size.max = 1048576 (custom)
2019-11-13 20:40:10,751 [pool-509-thread-1] INFO  server.RaftServerConfigKeys (ConfUtils.java:logGet(43)) - raft.server.log.preallocated.size = 16384 (custom)
2019-11-13 20:40:10,752 [pool-509-thread-1] INFO  server.RaftServerConfigKeys (ConfUtils.java:logGet(43)) - raft.server.log.write.buffer.size = 33554432 (custom)
2019-11-13 20:40:10,752 [pool-509-thread-1] INFO  server.RaftServerConfigKeys (ConfUtils.java:logGet(43)) - raft.server.log.force.sync.num = 128 (default)
2019-11-13 20:40:10,752 [pool-509-thread-1] INFO  server.RaftServerConfigKeys (ConfUtils.java:logGet(43)) - raft.server.log.statemachine.data.sync = true (default)
2019-11-13 20:40:10,752 [pool-509-thread-1] INFO  server.RaftServerConfigKeys (ConfUtils.java:logGet(43)) - raft.server.log.statemachine.data.sync.timeout = 10s (default)
2019-11-13 20:40:10,752 [pool-509-thread-1] INFO  server.RaftServerConfigKeys (ConfUtils.java:logGet(43)) - raft.server.log.statemachine.data.sync.timeout.retry = -1 (default)
2019-11-13 20:40:10,752 [pool-509-thread-1] INFO  server.RaftServerConfigKeys (ConfUtils.java:logGet(43)) - raft.server.log.statemachine.data.caching.enabled = true (custom)
2019-11-13 20:40:10,753 [pool-509-thread-1] INFO  segmented.SegmentedRaftLogWorker (SegmentedRaftLogWorker.java:lambda$new$0(128)) - 405db254-2a77-41b8-bcbc-61d002fbc757@group-9B768BC94FC9-SegmentedRaftLogWorker: flushIndex: setUnconditionally 0 -> -1
2019-11-13 20:40:10,753 [pool-509-thread-1] INFO  server.RaftServerConfigKeys (ConfUtils.java:logGet(43)) - raft.server.snapshot.auto.trigger.enabled = true (custom)
2019-11-13 20:40:10,753 [pool-509-thread-1] INFO  server.RaftServerConfigKeys (ConfUtils.java:logGet(43)) - raft.server.snapshot.auto.trigger.threshold = 10000 (custom)
2019-11-13 20:40:10,753 [pool-509-thread-1] INFO  server.RaftServerConfigKeys (ConfUtils.java:logGet(43)) - raft.server.snapshot.retention.file.num = 5 (custom)
2019-11-13 20:40:10,753 [pool-509-thread-1] INFO  server.RaftServerConfigKeys (ConfUtils.java:logGet(43)) - raft.server.retrycache.expirytime = 600000ms (custom)
2019-11-13 20:40:10,754 [pool-509-thread-1] WARN  impl.MetricRegistriesImpl (MetricRegistriesImpl.java:lambda$create$1(61)) - First MetricRegistry has been created without registering reporters. You may need to call MetricRegistries.global().addReportRegistration(...) before.
2019-11-13 20:40:10,754 [pool-509-thread-1] WARN  impl.MetricRegistriesImpl (MetricRegistriesImpl.java:lambda$create$1(61)) - First MetricRegistry has been created without registering reporters. You may need to call MetricRegistries.global().addReportRegistration(...) before.
2019-11-13 20:40:10,754 [pool-509-thread-1] INFO  impl.RaftServerImpl (RaftServerImpl.java:start(184)) - 405db254-2a77-41b8-bcbc-61d002fbc757@group-9B768BC94FC9: start as a follower, conf=-1: [405db254-2a77-41b8-bcbc-61d002fbc757:192.168.34.20:41954], old=null
2019-11-13 20:40:10,754 [pool-509-thread-1] INFO  impl.RaftServerImpl (RaftServerImpl.java:setRole(173)) - 405db254-2a77-41b8-bcbc-61d002fbc757@group-9B768BC94FC9: changes role from      null to FOLLOWER at term 0 for startAsFollower
2019-11-13 20:40:10,754 [pool-509-thread-1] INFO  impl.RoleInfo (RoleInfo.java:updateAndGet(143)) - 405db254-2a77-41b8-bcbc-61d002fbc757: start FollowerState
2019-11-13 20:40:10,755 [pool-509-thread-1] INFO  util.JmxRegister (JmxRegister.java:tryRegister(44)) - Successfully registered JMX Bean with object name Ratis:service=RaftServer,group=group-9B768BC94FC9,id=405db254-2a77-41b8-bcbc-61d002fbc757
2019-11-13 20:40:10,755 [pool-509-thread-1] WARN  impl.MetricRegistriesImpl (MetricRegistriesImpl.java:lambda$create$1(61)) - First MetricRegistry has been created without registering reporters. You may need to call MetricRegistries.global().addReportRegistration(...) before.
2019-11-13 20:40:10,758 [RatisPipelineUtilsThread] INFO  pipeline.PipelineStateManager (PipelineStateManager.java:addPipeline(55)) - Created pipeline Pipeline[ Id: a69fdb82-dc4f-427d-9ce7-9b768bc94fc9, Nodes: 405db254-2a77-41b8-bcbc-61d002fbc757{ip: 192.168.34.20, host: pr-hdds-2470-fxbl9-3826649461, networkLocation: /rack1, certSerialId: null}, Type:RATIS, Factor:ONE, State:ALLOCATED]
2019-11-13 20:40:10,772 [IPC Server handler 3 on 46790] INFO  net.NetworkTopology (NetworkTopologyImpl.java:add(111)) - Added a new node: /rack1/dce7850f-9f3d-4223-ba72-4d8238cab252
2019-11-13 20:40:10,772 [IPC Server handler 3 on 46790] INFO  node.SCMNodeManager (SCMNodeManager.java:register(267)) - Registered Data node : dce7850f-9f3d-4223-ba72-4d8238cab252{ip: 192.168.34.20, host: pr-hdds-2470-fxbl9-3826649461, networkLocation: /rack1, certSerialId: null}
2019-11-13 20:40:10,780 [grpc-default-executor-1] INFO  impl.RaftServerProxy (RaftServerProxy.java:addNew(89)) - dce7850f-9f3d-4223-ba72-4d8238cab252: addNew group-C7F4F73D1B11:[dce7850f-9f3d-4223-ba72-4d8238cab252:192.168.34.20:38603] returns group-C7F4F73D1B11:java.util.concurrent.CompletableFuture@35fccb54[Not completed]
2019-11-13 20:40:10,782 [pool-519-thread-1] INFO  impl.RaftServerImpl (RaftServerImpl.java:<init>(98)) - dce7850f-9f3d-4223-ba72-4d8238cab252: new RaftServerImpl for group-C7F4F73D1B11:[dce7850f-9f3d-4223-ba72-4d8238cab252:192.168.34.20:38603] with ContainerStateMachine:uninitialized
2019-11-13 20:40:10,782 [pool-519-thread-1] INFO  server.RaftServerConfigKeys (ConfUtils.java:logGet(43)) - raft.server.rpc.timeout.min = 1s (custom)
2019-11-13 20:40:10,782 [pool-519-thread-1] INFO  server.RaftServerConfigKeys (ConfUtils.java:logGet(43)) - raft.server.rpc.timeout.max = 1200ms (custom)
2019-11-13 20:40:10,782 [pool-519-thread-1] INFO  server.RaftServerConfigKeys (ConfUtils.java:logGet(43)) - raft.server.rpcslowness.timeout = 120s (custom)
2019-11-13 20:40:10,782 [pool-519-thread-1] INFO  server.RaftServerConfigKeys (ConfUtils.java:logGet(43)) - raft.server.sleep.deviation.threshold = 300 (default)
2019-11-13 20:40:10,782 [pool-519-thread-1] INFO  server.RaftServerConfigKeys (ConfUtils.java:logGet(43)) - raft.server.log.appender.install.snapshot.enabled = false (custom)
2019-11-13 20:40:10,782 [pool-519-thread-1] INFO  impl.RaftServerImpl (ServerState.java:<init>(103)) - dce7850f-9f3d-4223-ba72-4d8238cab252@group-C7F4F73D1B11: ConfigurationManager, init=-1: [dce7850f-9f3d-4223-ba72-4d8238cab252:192.168.34.20:38603], old=null, confs=<EMPTY_MAP>
2019-11-13 20:40:10,782 [pool-519-thread-1] INFO  server.RaftServerConfigKeys (ConfUtils.java:logGet(43)) - raft.server.storage.dir = [/workdir/hadoop-ozone/integration-test/target/test-dir/MiniOzoneClusterImpl-23a5d35f-12cc-4157-b83c-481d86791456/datanode-1/data/ratis] (custom)
2019-11-13 20:40:10,782 [pool-519-thread-1] INFO  server.RaftServerConfigKeys (ConfUtils.java:logGet(43)) - raft.server.log.corruption.policy = EXCEPTION (default)
2019-11-13 20:40:10,783 [pool-519-thread-1] INFO  storage.RaftStorageDirectory (RaftStorageDirectory.java:analyzeStorage(246)) - The storage directory /workdir/hadoop-ozone/integration-test/target/test-dir/MiniOzoneClusterImpl-23a5d35f-12cc-4157-b83c-481d86791456/datanode-1/data/ratis/e2bdf585-9e37-4675-a185-c7f4f73d1b11 does not exist. Creating ...
2019-11-13 20:40:10,797 [pool-519-thread-1] INFO  storage.RaftStorageDirectory (RaftStorageDirectory.java:tryLock(328)) - Lock on /workdir/hadoop-ozone/integration-test/target/test-dir/MiniOzoneClusterImpl-23a5d35f-12cc-4157-b83c-481d86791456/datanode-1/data/ratis/e2bdf585-9e37-4675-a185-c7f4f73d1b11/in_use.lock acquired by nodename 4541@pr-hdds-2470-fxbl9-3826649461
2019-11-13 20:40:10,809 [pool-519-thread-1] INFO  storage.RaftStorage (RaftStorage.java:format(84)) - Storage directory /workdir/hadoop-ozone/integration-test/target/test-dir/MiniOzoneClusterImpl-23a5d35f-12cc-4157-b83c-481d86791456/datanode-1/data/ratis/e2bdf585-9e37-4675-a185-c7f4f73d1b11 has been successfully formatted.
2019-11-13 20:40:10,809 [pool-519-thread-1] INFO  ratis.ContainerStateMachine (ContainerStateMachine.java:loadSnapshot(223)) - group-C7F4F73D1B11: The snapshot info is null. Setting the last applied indexto:(t:0, i:~)
2019-11-13 20:40:10,809 [pool-519-thread-1] INFO  server.RaftServerConfigKeys (ConfUtils.java:logGet(43)) - raft.server.notification.no-leader.timeout = 120s (custom)
2019-11-13 20:40:10,809 [pool-519-thread-1] INFO  server.RaftServerConfigKeys (ConfUtils.java:logGet(43)) - raft.server.log.use.memory = false (default)
2019-11-13 20:40:10,809 [pool-519-thread-1] INFO  server.RaftServerConfigKeys (ConfUtils.java:logGet(43)) - raft.server.log.purge.gap = 1000000 (custom)
2019-11-13 20:40:10,810 [pool-519-thread-1] INFO  server.RaftServerConfigKeys (ConfUtils.java:logGet(43)) - raft.server.log.appender.buffer.byte-limit = 33554432 (custom)
2019-11-13 20:40:10,810 [pool-519-thread-1] INFO  server.RaftServerConfigKeys (ConfUtils.java:logGet(43)) - raft.server.log.segment.size.max = 1048576 (custom)
2019-11-13 20:40:10,810 [pool-519-thread-1] WARN  impl.MetricRegistriesImpl (MetricRegistriesImpl.java:lambda$create$1(61)) - First MetricRegistry has been created without registering reporters. You may need to call MetricRegistries.global().addReportRegistration(...) before.
2019-11-13 20:40:10,810 [pool-519-thread-1] INFO  server.RaftServerConfigKeys (ConfUtils.java:logGet(43)) - raft.server.log.segment.cache.num.max = 2 (custom)
2019-11-13 20:40:10,810 [pool-519-thread-1] INFO  segmented.SegmentedRaftLogWorker (SegmentedRaftLogWorker.java:<init>(173)) - new dce7850f-9f3d-4223-ba72-4d8238cab252@group-C7F4F73D1B11-SegmentedRaftLogWorker for RaftStorage:Storage Directory /workdir/hadoop-ozone/integration-test/target/test-dir/MiniOzoneClusterImpl-23a5d35f-12cc-4157-b83c-481d86791456/datanode-1/data/ratis/e2bdf585-9e37-4675-a185-c7f4f73d1b11
2019-11-13 20:40:10,810 [pool-519-thread-1] INFO  server.RaftServerConfigKeys (ConfUtils.java:logGet(43)) - raft.server.log.queue.byte-limit = 2147483647 (custom)
2019-11-13 20:40:10,810 [pool-519-thread-1] INFO  server.RaftServerConfigKeys (ConfUtils.java:logGet(43)) - raft.server.log.queue.element-limit = 1024 (custom)
2019-11-13 20:40:10,810 [pool-519-thread-1] INFO  server.RaftServerConfigKeys (ConfUtils.java:logGet(43)) - raft.server.log.segment.size.max = 1048576 (custom)
2019-11-13 20:40:10,810 [pool-519-thread-1] INFO  server.RaftServerConfigKeys (ConfUtils.java:logGet(43)) - raft.server.log.preallocated.size = 16384 (custom)
2019-11-13 20:40:10,811 [pool-519-thread-1] INFO  server.RaftServerConfigKeys (ConfUtils.java:logGet(43)) - raft.server.log.write.buffer.size = 33554432 (custom)
2019-11-13 20:40:10,811 [pool-519-thread-1] INFO  server.RaftServerConfigKeys (ConfUtils.java:logGet(43)) - raft.server.log.force.sync.num = 128 (default)
2019-11-13 20:40:10,811 [pool-519-thread-1] INFO  server.RaftServerConfigKeys (ConfUtils.java:logGet(43)) - raft.server.log.statemachine.data.sync = true (default)
2019-11-13 20:40:10,811 [pool-519-thread-1] INFO  server.RaftServerConfigKeys (ConfUtils.java:logGet(43)) - raft.server.log.statemachine.data.sync.timeout = 10s (default)
2019-11-13 20:40:10,811 [pool-519-thread-1] INFO  server.RaftServerConfigKeys (ConfUtils.java:logGet(43)) - raft.server.log.statemachine.data.sync.timeout.retry = -1 (default)
2019-11-13 20:40:10,811 [pool-519-thread-1] INFO  server.RaftServerConfigKeys (ConfUtils.java:logGet(43)) - raft.server.log.statemachine.data.caching.enabled = true (custom)
2019-11-13 20:40:10,811 [pool-519-thread-1] INFO  segmented.SegmentedRaftLogWorker (SegmentedRaftLogWorker.java:lambda$new$0(128)) - dce7850f-9f3d-4223-ba72-4d8238cab252@group-C7F4F73D1B11-SegmentedRaftLogWorker: flushIndex: setUnconditionally 0 -> -1
2019-11-13 20:40:10,812 [pool-519-thread-1] INFO  server.RaftServerConfigKeys (ConfUtils.java:logGet(43)) - raft.server.snapshot.auto.trigger.enabled = true (custom)
2019-11-13 20:40:10,812 [pool-519-thread-1] INFO  server.RaftServerConfigKeys (ConfUtils.java:logGet(43)) - raft.server.snapshot.auto.trigger.threshold = 10000 (custom)
2019-11-13 20:40:10,812 [pool-519-thread-1] INFO  server.RaftServerConfigKeys (ConfUtils.java:logGet(43)) - raft.server.snapshot.retention.file.num = 5 (custom)
2019-11-13 20:40:10,812 [pool-519-thread-1] INFO  server.RaftServerConfigKeys (ConfUtils.java:logGet(43)) - raft.server.retrycache.expirytime = 600000ms (custom)
2019-11-13 20:40:10,812 [pool-519-thread-1] WARN  impl.MetricRegistriesImpl (MetricRegistriesImpl.java:lambda$create$1(61)) - First MetricRegistry has been created without registering reporters. You may need to call MetricRegistries.global().addReportRegistration(...) before.
2019-11-13 20:40:10,812 [pool-519-thread-1] WARN  impl.MetricRegistriesImpl (MetricRegistriesImpl.java:lambda$create$1(61)) - First MetricRegistry has been created without registering reporters. You may need to call MetricRegistries.global().addReportRegistration(...) before.
2019-11-13 20:40:10,812 [pool-519-thread-1] INFO  impl.RaftServerImpl (RaftServerImpl.java:start(184)) - dce7850f-9f3d-4223-ba72-4d8238cab252@group-C7F4F73D1B11: start as a follower, conf=-1: [dce7850f-9f3d-4223-ba72-4d8238cab252:192.168.34.20:38603], old=null
2019-11-13 20:40:10,812 [pool-519-thread-1] INFO  impl.RaftServerImpl (RaftServerImpl.java:setRole(173)) - dce7850f-9f3d-4223-ba72-4d8238cab252@group-C7F4F73D1B11: changes role from      null to FOLLOWER at term 0 for startAsFollower
2019-11-13 20:40:10,812 [pool-519-thread-1] INFO  impl.RoleInfo (RoleInfo.java:updateAndGet(143)) - dce7850f-9f3d-4223-ba72-4d8238cab252: start FollowerState
2019-11-13 20:40:10,813 [pool-519-thread-1] INFO  util.JmxRegister (JmxRegister.java:tryRegister(44)) - Successfully registered JMX Bean with object name Ratis:service=RaftServer,group=group-C7F4F73D1B11,id=dce7850f-9f3d-4223-ba72-4d8238cab252
2019-11-13 20:40:10,813 [pool-519-thread-1] WARN  impl.MetricRegistriesImpl (MetricRegistriesImpl.java:lambda$create$1(61)) - First MetricRegistry has been created without registering reporters. You may need to call MetricRegistries.global().addReportRegistration(...) before.
2019-11-13 20:40:10,815 [RatisPipelineUtilsThread] INFO  pipeline.PipelineStateManager (PipelineStateManager.java:addPipeline(55)) - Created pipeline Pipeline[ Id: e2bdf585-9e37-4675-a185-c7f4f73d1b11, Nodes: dce7850f-9f3d-4223-ba72-4d8238cab252{ip: 192.168.34.20, host: pr-hdds-2470-fxbl9-3826649461, networkLocation: /rack1, certSerialId: null}, Type:RATIS, Factor:ONE, State:ALLOCATED]
2019-11-13 20:40:10,839 [IPC Server handler 5 on 46790] INFO  net.NetworkTopology (NetworkTopologyImpl.java:add(111)) - Added a new node: /rack1/a0d01d6c-1588-47d8-b58d-5bdc55d47431
2019-11-13 20:40:10,840 [IPC Server handler 5 on 46790] INFO  node.SCMNodeManager (SCMNodeManager.java:register(267)) - Registered Data node : a0d01d6c-1588-47d8-b58d-5bdc55d47431{ip: 192.168.34.20, host: pr-hdds-2470-fxbl9-3826649461, networkLocation: /rack1, certSerialId: null}
2019-11-13 20:40:10,845 [grpc-default-executor-1] INFO  impl.RaftServerProxy (RaftServerProxy.java:addNew(89)) - a0d01d6c-1588-47d8-b58d-5bdc55d47431: addNew group-9A581287B931:[a0d01d6c-1588-47d8-b58d-5bdc55d47431:192.168.34.20:42336] returns group-9A581287B931:java.util.concurrent.CompletableFuture@73f05dc4[Not completed]
2019-11-13 20:40:10,846 [pool-529-thread-1] INFO  impl.RaftServerImpl (RaftServerImpl.java:<init>(98)) - a0d01d6c-1588-47d8-b58d-5bdc55d47431: new RaftServerImpl for group-9A581287B931:[a0d01d6c-1588-47d8-b58d-5bdc55d47431:192.168.34.20:42336] with ContainerStateMachine:uninitialized
2019-11-13 20:40:10,846 [pool-529-thread-1] INFO  server.RaftServerConfigKeys (ConfUtils.java:logGet(43)) - raft.server.rpc.timeout.min = 1s (custom)
2019-11-13 20:40:10,847 [pool-529-thread-1] INFO  server.RaftServerConfigKeys (ConfUtils.java:logGet(43)) - raft.server.rpc.timeout.max = 1200ms (custom)
2019-11-13 20:40:10,847 [pool-529-thread-1] INFO  server.RaftServerConfigKeys (ConfUtils.java:logGet(43)) - raft.server.rpcslowness.timeout = 120s (custom)
2019-11-13 20:40:10,847 [pool-529-thread-1] INFO  server.RaftServerConfigKeys (ConfUtils.java:logGet(43)) - raft.server.sleep.deviation.threshold = 300 (default)
2019-11-13 20:40:10,847 [pool-529-thread-1] INFO  server.RaftServerConfigKeys (ConfUtils.java:logGet(43)) - raft.server.log.appender.install.snapshot.enabled = false (custom)
2019-11-13 20:40:10,847 [pool-529-thread-1] INFO  impl.RaftServerImpl (ServerState.java:<init>(103)) - a0d01d6c-1588-47d8-b58d-5bdc55d47431@group-9A581287B931: ConfigurationManager, init=-1: [a0d01d6c-1588-47d8-b58d-5bdc55d47431:192.168.34.20:42336], old=null, confs=<EMPTY_MAP>
2019-11-13 20:40:10,847 [pool-529-thread-1] INFO  server.RaftServerConfigKeys (ConfUtils.java:logGet(43)) - raft.server.storage.dir = [/workdir/hadoop-ozone/integration-test/target/test-dir/MiniOzoneClusterImpl-23a5d35f-12cc-4157-b83c-481d86791456/datanode-2/data/ratis] (custom)
2019-11-13 20:40:10,847 [pool-529-thread-1] INFO  server.RaftServerConfigKeys (ConfUtils.java:logGet(43)) - raft.server.log.corruption.policy = EXCEPTION (default)
2019-11-13 20:40:10,847 [pool-529-thread-1] INFO  storage.RaftStorageDirectory (RaftStorageDirectory.java:analyzeStorage(246)) - The storage directory /workdir/hadoop-ozone/integration-test/target/test-dir/MiniOzoneClusterImpl-23a5d35f-12cc-4157-b83c-481d86791456/datanode-2/data/ratis/05658fa7-1419-46c7-9933-9a581287b931 does not exist. Creating ...
2019-11-13 20:40:10,860 [pool-529-thread-1] INFO  storage.RaftStorageDirectory (RaftStorageDirectory.java:tryLock(328)) - Lock on /workdir/hadoop-ozone/integration-test/target/test-dir/MiniOzoneClusterImpl-23a5d35f-12cc-4157-b83c-481d86791456/datanode-2/data/ratis/05658fa7-1419-46c7-9933-9a581287b931/in_use.lock acquired by nodename 4541@pr-hdds-2470-fxbl9-3826649461
2019-11-13 20:40:10,873 [pool-529-thread-1] INFO  storage.RaftStorage (RaftStorage.java:format(84)) - Storage directory /workdir/hadoop-ozone/integration-test/target/test-dir/MiniOzoneClusterImpl-23a5d35f-12cc-4157-b83c-481d86791456/datanode-2/data/ratis/05658fa7-1419-46c7-9933-9a581287b931 has been successfully formatted.
2019-11-13 20:40:10,873 [pool-529-thread-1] INFO  ratis.ContainerStateMachine (ContainerStateMachine.java:loadSnapshot(223)) - group-9A581287B931: The snapshot info is null. Setting the last applied indexto:(t:0, i:~)
2019-11-13 20:40:10,873 [pool-529-thread-1] INFO  server.RaftServerConfigKeys (ConfUtils.java:logGet(43)) - raft.server.notification.no-leader.timeout = 120s (custom)
2019-11-13 20:40:10,873 [pool-529-thread-1] INFO  server.RaftServerConfigKeys (ConfUtils.java:logGet(43)) - raft.server.log.use.memory = false (default)
2019-11-13 20:40:10,873 [pool-529-thread-1] INFO  server.RaftServerConfigKeys (ConfUtils.java:logGet(43)) - raft.server.log.purge.gap = 1000000 (custom)
2019-11-13 20:40:10,873 [pool-529-thread-1] INFO  server.RaftServerConfigKeys (ConfUtils.java:logGet(43)) - raft.server.log.appender.buffer.byte-limit = 33554432 (custom)
2019-11-13 20:40:10,874 [pool-529-thread-1] INFO  server.RaftServerConfigKeys (ConfUtils.java:logGet(43)) - raft.server.log.segment.size.max = 1048576 (custom)
2019-11-13 20:40:10,874 [pool-529-thread-1] WARN  impl.MetricRegistriesImpl (MetricRegistriesImpl.java:lambda$create$1(61)) - First MetricRegistry has been created without registering reporters. You may need to call MetricRegistries.global().addReportRegistration(...) before.
2019-11-13 20:40:10,874 [pool-529-thread-1] INFO  server.RaftServerConfigKeys (ConfUtils.java:logGet(43)) - raft.server.log.segment.cache.num.max = 2 (custom)
2019-11-13 20:40:10,874 [pool-529-thread-1] INFO  segmented.SegmentedRaftLogWorker (SegmentedRaftLogWorker.java:<init>(173)) - new a0d01d6c-1588-47d8-b58d-5bdc55d47431@group-9A581287B931-SegmentedRaftLogWorker for RaftStorage:Storage Directory /workdir/hadoop-ozone/integration-test/target/test-dir/MiniOzoneClusterImpl-23a5d35f-12cc-4157-b83c-481d86791456/datanode-2/data/ratis/05658fa7-1419-46c7-9933-9a581287b931
2019-11-13 20:40:10,874 [pool-529-thread-1] INFO  server.RaftServerConfigKeys (ConfUtils.java:logGet(43)) - raft.server.log.queue.byte-limit = 2147483647 (custom)
2019-11-13 20:40:10,874 [pool-529-thread-1] INFO  server.RaftServerConfigKeys (ConfUtils.java:logGet(43)) - raft.server.log.queue.element-limit = 1024 (custom)
2019-11-13 20:40:10,874 [pool-529-thread-1] INFO  server.RaftServerConfigKeys (ConfUtils.java:logGet(43)) - raft.server.log.segment.size.max = 1048576 (custom)
2019-11-13 20:40:10,874 [pool-529-thread-1] INFO  server.RaftServerConfigKeys (ConfUtils.java:logGet(43)) - raft.server.log.preallocated.size = 16384 (custom)
2019-11-13 20:40:10,874 [pool-529-thread-1] INFO  server.RaftServerConfigKeys (ConfUtils.java:logGet(43)) - raft.server.log.write.buffer.size = 33554432 (custom)
2019-11-13 20:40:10,874 [pool-529-thread-1] INFO  server.RaftServerConfigKeys (ConfUtils.java:logGet(43)) - raft.server.log.force.sync.num = 128 (default)
2019-11-13 20:40:10,874 [pool-529-thread-1] INFO  server.RaftServerConfigKeys (ConfUtils.java:logGet(43)) - raft.server.log.statemachine.data.sync = true (default)
2019-11-13 20:40:10,874 [pool-529-thread-1] INFO  server.RaftServerConfigKeys (ConfUtils.java:logGet(43)) - raft.server.log.statemachine.data.sync.timeout = 10s (default)
2019-11-13 20:40:10,875 [pool-529-thread-1] INFO  server.RaftServerConfigKeys (ConfUtils.java:logGet(43)) - raft.server.log.statemachine.data.sync.timeout.retry = -1 (default)
2019-11-13 20:40:10,875 [pool-529-thread-1] INFO  server.RaftServerConfigKeys (ConfUtils.java:logGet(43)) - raft.server.log.statemachine.data.caching.enabled = true (custom)
2019-11-13 20:40:10,875 [pool-529-thread-1] INFO  segmented.SegmentedRaftLogWorker (SegmentedRaftLogWorker.java:lambda$new$0(128)) - a0d01d6c-1588-47d8-b58d-5bdc55d47431@group-9A581287B931-SegmentedRaftLogWorker: flushIndex: setUnconditionally 0 -> -1
2019-11-13 20:40:10,875 [pool-529-thread-1] INFO  server.RaftServerConfigKeys (ConfUtils.java:logGet(43)) - raft.server.snapshot.auto.trigger.enabled = true (custom)
2019-11-13 20:40:10,875 [pool-529-thread-1] INFO  server.RaftServerConfigKeys (ConfUtils.java:logGet(43)) - raft.server.snapshot.auto.trigger.threshold = 10000 (custom)
2019-11-13 20:40:10,875 [pool-529-thread-1] INFO  server.RaftServerConfigKeys (ConfUtils.java:logGet(43)) - raft.server.snapshot.retention.file.num = 5 (custom)
2019-11-13 20:40:10,875 [pool-529-thread-1] INFO  server.RaftServerConfigKeys (ConfUtils.java:logGet(43)) - raft.server.retrycache.expirytime = 600000ms (custom)
2019-11-13 20:40:10,876 [pool-529-thread-1] WARN  impl.MetricRegistriesImpl (MetricRegistriesImpl.java:lambda$create$1(61)) - First MetricRegistry has been created without registering reporters. You may need to call MetricRegistries.global().addReportRegistration(...) before.
2019-11-13 20:40:10,876 [pool-529-thread-1] WARN  impl.MetricRegistriesImpl (MetricRegistriesImpl.java:lambda$create$1(61)) - First MetricRegistry has been created without registering reporters. You may need to call MetricRegistries.global().addReportRegistration(...) before.
2019-11-13 20:40:10,876 [pool-529-thread-1] INFO  impl.RaftServerImpl (RaftServerImpl.java:start(184)) - a0d01d6c-1588-47d8-b58d-5bdc55d47431@group-9A581287B931: start as a follower, conf=-1: [a0d01d6c-1588-47d8-b58d-5bdc55d47431:192.168.34.20:42336], old=null
2019-11-13 20:40:10,876 [pool-529-thread-1] INFO  impl.RaftServerImpl (RaftServerImpl.java:setRole(173)) - a0d01d6c-1588-47d8-b58d-5bdc55d47431@group-9A581287B931: changes role from      null to FOLLOWER at term 0 for startAsFollower
2019-11-13 20:40:10,876 [pool-529-thread-1] INFO  impl.RoleInfo (RoleInfo.java:updateAndGet(143)) - a0d01d6c-1588-47d8-b58d-5bdc55d47431: start FollowerState
2019-11-13 20:40:10,876 [pool-529-thread-1] INFO  util.JmxRegister (JmxRegister.java:tryRegister(44)) - Successfully registered JMX Bean with object name Ratis:service=RaftServer,group=group-9A581287B931,id=a0d01d6c-1588-47d8-b58d-5bdc55d47431
2019-11-13 20:40:10,876 [pool-529-thread-1] WARN  impl.MetricRegistriesImpl (MetricRegistriesImpl.java:lambda$create$1(61)) - First MetricRegistry has been created without registering reporters. You may need to call MetricRegistries.global().addReportRegistration(...) before.
2019-11-13 20:40:10,879 [RatisPipelineUtilsThread] INFO  pipeline.PipelineStateManager (PipelineStateManager.java:addPipeline(55)) - Created pipeline Pipeline[ Id: 05658fa7-1419-46c7-9933-9a581287b931, Nodes: a0d01d6c-1588-47d8-b58d-5bdc55d47431{ip: 192.168.34.20, host: pr-hdds-2470-fxbl9-3826649461, networkLocation: /rack1, certSerialId: null}, Type:RATIS, Factor:ONE, State:ALLOCATED]
2019-11-13 20:40:10,887 [grpc-default-executor-2] INFO  impl.RaftServerProxy (RaftServerProxy.java:addNew(89)) - 405db254-2a77-41b8-bcbc-61d002fbc757: addNew group-E62EDA102E3F:[a0d01d6c-1588-47d8-b58d-5bdc55d47431:192.168.34.20:42336, dce7850f-9f3d-4223-ba72-4d8238cab252:192.168.34.20:38603, 405db254-2a77-41b8-bcbc-61d002fbc757:192.168.34.20:41954] returns group-E62EDA102E3F:java.util.concurrent.CompletableFuture@62a168cb[Not completed]
2019-11-13 20:40:10,888 [grpc-default-executor-4] INFO  impl.RaftServerProxy (RaftServerProxy.java:addNew(89)) - a0d01d6c-1588-47d8-b58d-5bdc55d47431: addNew group-E62EDA102E3F:[a0d01d6c-1588-47d8-b58d-5bdc55d47431:192.168.34.20:42336, dce7850f-9f3d-4223-ba72-4d8238cab252:192.168.34.20:38603, 405db254-2a77-41b8-bcbc-61d002fbc757:192.168.34.20:41954] returns group-E62EDA102E3F:java.util.concurrent.CompletableFuture@7f07efb1[Not completed]
2019-11-13 20:40:10,888 [grpc-default-executor-4] INFO  impl.RaftServerProxy (RaftServerProxy.java:addNew(89)) - dce7850f-9f3d-4223-ba72-4d8238cab252: addNew group-E62EDA102E3F:[a0d01d6c-1588-47d8-b58d-5bdc55d47431:192.168.34.20:42336, dce7850f-9f3d-4223-ba72-4d8238cab252:192.168.34.20:38603, 405db254-2a77-41b8-bcbc-61d002fbc757:192.168.34.20:41954] returns group-E62EDA102E3F:java.util.concurrent.CompletableFuture@2915042a[Not completed]
2019-11-13 20:40:10,889 [pool-509-thread-1] INFO  impl.RaftServerImpl (RaftServerImpl.java:<init>(98)) - 405db254-2a77-41b8-bcbc-61d002fbc757: new RaftServerImpl for group-E62EDA102E3F:[a0d01d6c-1588-47d8-b58d-5bdc55d47431:192.168.34.20:42336, dce7850f-9f3d-4223-ba72-4d8238cab252:192.168.34.20:38603, 405db254-2a77-41b8-bcbc-61d002fbc757:192.168.34.20:41954] with ContainerStateMachine:uninitialized
2019-11-13 20:40:10,889 [pool-509-thread-1] INFO  server.RaftServerConfigKeys (ConfUtils.java:logGet(43)) - raft.server.rpc.timeout.min = 1s (custom)
2019-11-13 20:40:10,889 [pool-509-thread-1] INFO  server.RaftServerConfigKeys (ConfUtils.java:logGet(43)) - raft.server.rpc.timeout.max = 1200ms (custom)
2019-11-13 20:40:10,889 [pool-509-thread-1] INFO  server.RaftServerConfigKeys (ConfUtils.java:logGet(43)) - raft.server.rpcslowness.timeout = 120s (custom)
2019-11-13 20:40:10,889 [pool-509-thread-1] INFO  server.RaftServerConfigKeys (ConfUtils.java:logGet(43)) - raft.server.sleep.deviation.threshold = 300 (default)
2019-11-13 20:40:10,889 [pool-509-thread-1] INFO  server.RaftServerConfigKeys (ConfUtils.java:logGet(43)) - raft.server.log.appender.install.snapshot.enabled = false (custom)
2019-11-13 20:40:10,889 [pool-509-thread-1] INFO  impl.RaftServerImpl (ServerState.java:<init>(103)) - 405db254-2a77-41b8-bcbc-61d002fbc757@group-E62EDA102E3F: ConfigurationManager, init=-1: [a0d01d6c-1588-47d8-b58d-5bdc55d47431:192.168.34.20:42336, dce7850f-9f3d-4223-ba72-4d8238cab252:192.168.34.20:38603, 405db254-2a77-41b8-bcbc-61d002fbc757:192.168.34.20:41954], old=null, confs=<EMPTY_MAP>
2019-11-13 20:40:10,889 [pool-509-thread-1] INFO  server.RaftServerConfigKeys (ConfUtils.java:logGet(43)) - raft.server.storage.dir = [/workdir/hadoop-ozone/integration-test/target/test-dir/MiniOzoneClusterImpl-23a5d35f-12cc-4157-b83c-481d86791456/datanode-0/data/ratis] (custom)
2019-11-13 20:40:10,889 [pool-529-thread-1] INFO  impl.RaftServerImpl (RaftServerImpl.java:<init>(98)) - a0d01d6c-1588-47d8-b58d-5bdc55d47431: new RaftServerImpl for group-E62EDA102E3F:[a0d01d6c-1588-47d8-b58d-5bdc55d47431:192.168.34.20:42336, dce7850f-9f3d-4223-ba72-4d8238cab252:192.168.34.20:38603, 405db254-2a77-41b8-bcbc-61d002fbc757:192.168.34.20:41954] with ContainerStateMachine:uninitialized
2019-11-13 20:40:10,890 [pool-509-thread-1] INFO  server.RaftServerConfigKeys (ConfUtils.java:logGet(43)) - raft.server.log.corruption.policy = EXCEPTION (default)
2019-11-13 20:40:10,890 [pool-529-thread-1] INFO  server.RaftServerConfigKeys (ConfUtils.java:logGet(43)) - raft.server.rpc.timeout.min = 1s (custom)
2019-11-13 20:40:10,890 [pool-509-thread-1] INFO  storage.RaftStorageDirectory (RaftStorageDirectory.java:analyzeStorage(246)) - The storage directory /workdir/hadoop-ozone/integration-test/target/test-dir/MiniOzoneClusterImpl-23a5d35f-12cc-4157-b83c-481d86791456/datanode-0/data/ratis/7bed58e0-5ff4-438b-a792-e62eda102e3f does not exist. Creating ...
2019-11-13 20:40:10,890 [pool-529-thread-1] INFO  server.RaftServerConfigKeys (ConfUtils.java:logGet(43)) - raft.server.rpc.timeout.max = 1200ms (custom)
2019-11-13 20:40:10,890 [pool-529-thread-1] INFO  server.RaftServerConfigKeys (ConfUtils.java:logGet(43)) - raft.server.rpcslowness.timeout = 120s (custom)
2019-11-13 20:40:10,890 [pool-529-thread-1] INFO  server.RaftServerConfigKeys (ConfUtils.java:logGet(43)) - raft.server.sleep.deviation.threshold = 300 (default)
2019-11-13 20:40:10,890 [pool-529-thread-1] INFO  server.RaftServerConfigKeys (ConfUtils.java:logGet(43)) - raft.server.log.appender.install.snapshot.enabled = false (custom)
2019-11-13 20:40:10,890 [pool-529-thread-1] INFO  impl.RaftServerImpl (ServerState.java:<init>(103)) - a0d01d6c-1588-47d8-b58d-5bdc55d47431@group-E62EDA102E3F: ConfigurationManager, init=-1: [a0d01d6c-1588-47d8-b58d-5bdc55d47431:192.168.34.20:42336, dce7850f-9f3d-4223-ba72-4d8238cab252:192.168.34.20:38603, 405db254-2a77-41b8-bcbc-61d002fbc757:192.168.34.20:41954], old=null, confs=<EMPTY_MAP>
2019-11-13 20:40:10,891 [pool-529-thread-1] INFO  server.RaftServerConfigKeys (ConfUtils.java:logGet(43)) - raft.server.storage.dir = [/workdir/hadoop-ozone/integration-test/target/test-dir/MiniOzoneClusterImpl-23a5d35f-12cc-4157-b83c-481d86791456/datanode-2/data/ratis] (custom)
2019-11-13 20:40:10,891 [pool-519-thread-1] INFO  impl.RaftServerImpl (RaftServerImpl.java:<init>(98)) - dce7850f-9f3d-4223-ba72-4d8238cab252: new RaftServerImpl for group-E62EDA102E3F:[a0d01d6c-1588-47d8-b58d-5bdc55d47431:192.168.34.20:42336, dce7850f-9f3d-4223-ba72-4d8238cab252:192.168.34.20:38603, 405db254-2a77-41b8-bcbc-61d002fbc757:192.168.34.20:41954] with ContainerStateMachine:uninitialized
2019-11-13 20:40:10,891 [pool-529-thread-1] INFO  server.RaftServerConfigKeys (ConfUtils.java:logGet(43)) - raft.server.log.corruption.policy = EXCEPTION (default)
2019-11-13 20:40:10,891 [pool-519-thread-1] INFO  server.RaftServerConfigKeys (ConfUtils.java:logGet(43)) - raft.server.rpc.timeout.min = 1s (custom)
2019-11-13 20:40:10,891 [pool-529-thread-1] INFO  storage.RaftStorageDirectory (RaftStorageDirectory.java:analyzeStorage(246)) - The storage directory /workdir/hadoop-ozone/integration-test/target/test-dir/MiniOzoneClusterImpl-23a5d35f-12cc-4157-b83c-481d86791456/datanode-2/data/ratis/7bed58e0-5ff4-438b-a792-e62eda102e3f does not exist. Creating ...
2019-11-13 20:40:10,891 [pool-519-thread-1] INFO  server.RaftServerConfigKeys (ConfUtils.java:logGet(43)) - raft.server.rpc.timeout.max = 1200ms (custom)
2019-11-13 20:40:10,891 [pool-519-thread-1] INFO  server.RaftServerConfigKeys (ConfUtils.java:logGet(43)) - raft.server.rpcslowness.timeout = 120s (custom)
2019-11-13 20:40:10,892 [pool-519-thread-1] INFO  server.RaftServerConfigKeys (ConfUtils.java:logGet(43)) - raft.server.sleep.deviation.threshold = 300 (default)
2019-11-13 20:40:10,892 [pool-519-thread-1] INFO  server.RaftServerConfigKeys (ConfUtils.java:logGet(43)) - raft.server.log.appender.install.snapshot.enabled = false (custom)
2019-11-13 20:40:10,892 [pool-519-thread-1] INFO  impl.RaftServerImpl (ServerState.java:<init>(103)) - dce7850f-9f3d-4223-ba72-4d8238cab252@group-E62EDA102E3F: ConfigurationManager, init=-1: [a0d01d6c-1588-47d8-b58d-5bdc55d47431:192.168.34.20:42336, dce7850f-9f3d-4223-ba72-4d8238cab252:192.168.34.20:38603, 405db254-2a77-41b8-bcbc-61d002fbc757:192.168.34.20:41954], old=null, confs=<EMPTY_MAP>
2019-11-13 20:40:10,892 [pool-519-thread-1] INFO  server.RaftServerConfigKeys (ConfUtils.java:logGet(43)) - raft.server.storage.dir = [/workdir/hadoop-ozone/integration-test/target/test-dir/MiniOzoneClusterImpl-23a5d35f-12cc-4157-b83c-481d86791456/datanode-1/data/ratis] (custom)
2019-11-13 20:40:10,892 [pool-519-thread-1] INFO  server.RaftServerConfigKeys (ConfUtils.java:logGet(43)) - raft.server.log.corruption.policy = EXCEPTION (default)
2019-11-13 20:40:10,893 [pool-519-thread-1] INFO  storage.RaftStorageDirectory (RaftStorageDirectory.java:analyzeStorage(246)) - The storage directory /workdir/hadoop-ozone/integration-test/target/test-dir/MiniOzoneClusterImpl-23a5d35f-12cc-4157-b83c-481d86791456/datanode-1/data/ratis/7bed58e0-5ff4-438b-a792-e62eda102e3f does not exist. Creating ...
2019-11-13 20:40:10,901 [IPC Server handler 6 on 46790] INFO  net.NetworkTopology (NetworkTopologyImpl.java:add(111)) - Added a new node: /rack1/2929643e-7442-4794-a56e-1c38ca296261
2019-11-13 20:40:10,901 [IPC Server handler 6 on 46790] INFO  node.SCMNodeManager (SCMNodeManager.java:register(267)) - Registered Data node : 2929643e-7442-4794-a56e-1c38ca296261{ip: 192.168.34.20, host: pr-hdds-2470-fxbl9-3826649461, networkLocation: /rack1, certSerialId: null}
2019-11-13 20:40:10,903 [pool-529-thread-1] INFO  storage.RaftStorageDirectory (RaftStorageDirectory.java:tryLock(328)) - Lock on /workdir/hadoop-ozone/integration-test/target/test-dir/MiniOzoneClusterImpl-23a5d35f-12cc-4157-b83c-481d86791456/datanode-2/data/ratis/7bed58e0-5ff4-438b-a792-e62eda102e3f/in_use.lock acquired by nodename 4541@pr-hdds-2470-fxbl9-3826649461
2019-11-13 20:40:10,903 [pool-519-thread-1] INFO  storage.RaftStorageDirectory (RaftStorageDirectory.java:tryLock(328)) - Lock on /workdir/hadoop-ozone/integration-test/target/test-dir/MiniOzoneClusterImpl-23a5d35f-12cc-4157-b83c-481d86791456/datanode-1/data/ratis/7bed58e0-5ff4-438b-a792-e62eda102e3f/in_use.lock acquired by nodename 4541@pr-hdds-2470-fxbl9-3826649461
2019-11-13 20:40:10,903 [pool-509-thread-1] INFO  storage.RaftStorageDirectory (RaftStorageDirectory.java:tryLock(328)) - Lock on /workdir/hadoop-ozone/integration-test/target/test-dir/MiniOzoneClusterImpl-23a5d35f-12cc-4157-b83c-481d86791456/datanode-0/data/ratis/7bed58e0-5ff4-438b-a792-e62eda102e3f/in_use.lock acquired by nodename 4541@pr-hdds-2470-fxbl9-3826649461
2019-11-13 20:40:10,917 [pool-529-thread-1] INFO  storage.RaftStorage (RaftStorage.java:format(84)) - Storage directory /workdir/hadoop-ozone/integration-test/target/test-dir/MiniOzoneClusterImpl-23a5d35f-12cc-4157-b83c-481d86791456/datanode-2/data/ratis/7bed58e0-5ff4-438b-a792-e62eda102e3f has been successfully formatted.
2019-11-13 20:40:10,917 [pool-509-thread-1] INFO  storage.RaftStorage (RaftStorage.java:format(84)) - Storage directory /workdir/hadoop-ozone/integration-test/target/test-dir/MiniOzoneClusterImpl-23a5d35f-12cc-4157-b83c-481d86791456/datanode-0/data/ratis/7bed58e0-5ff4-438b-a792-e62eda102e3f has been successfully formatted.
2019-11-13 20:40:10,917 [pool-519-thread-1] INFO  storage.RaftStorage (RaftStorage.java:format(84)) - Storage directory /workdir/hadoop-ozone/integration-test/target/test-dir/MiniOzoneClusterImpl-23a5d35f-12cc-4157-b83c-481d86791456/datanode-1/data/ratis/7bed58e0-5ff4-438b-a792-e62eda102e3f has been successfully formatted.
2019-11-13 20:40:10,917 [pool-509-thread-1] INFO  ratis.ContainerStateMachine (ContainerStateMachine.java:loadSnapshot(223)) - group-E62EDA102E3F: The snapshot info is null. Setting the last applied indexto:(t:0, i:~)
2019-11-13 20:40:10,917 [pool-529-thread-1] INFO  ratis.ContainerStateMachine (ContainerStateMachine.java:loadSnapshot(223)) - group-E62EDA102E3F: The snapshot info is null. Setting the last applied indexto:(t:0, i:~)
2019-11-13 20:40:10,917 [pool-519-thread-1] INFO  ratis.ContainerStateMachine (ContainerStateMachine.java:loadSnapshot(223)) - group-E62EDA102E3F: The snapshot info is null. Setting the last applied indexto:(t:0, i:~)
2019-11-13 20:40:10,917 [pool-509-thread-1] INFO  server.RaftServerConfigKeys (ConfUtils.java:logGet(43)) - raft.server.notification.no-leader.timeout = 120s (custom)
2019-11-13 20:40:10,917 [pool-519-thread-1] INFO  server.RaftServerConfigKeys (ConfUtils.java:logGet(43)) - raft.server.notification.no-leader.timeout = 120s (custom)
2019-11-13 20:40:10,917 [pool-529-thread-1] INFO  server.RaftServerConfigKeys (ConfUtils.java:logGet(43)) - raft.server.notification.no-leader.timeout = 120s (custom)
2019-11-13 20:40:10,918 [pool-519-thread-1] INFO  server.RaftServerConfigKeys (ConfUtils.java:logGet(43)) - raft.server.log.use.memory = false (default)
2019-11-13 20:40:10,918 [pool-509-thread-1] INFO  server.RaftServerConfigKeys (ConfUtils.java:logGet(43)) - raft.server.log.use.memory = false (default)
2019-11-13 20:40:10,918 [pool-519-thread-1] INFO  server.RaftServerConfigKeys (ConfUtils.java:logGet(43)) - raft.server.log.purge.gap = 1000000 (custom)
2019-11-13 20:40:10,918 [pool-529-thread-1] INFO  server.RaftServerConfigKeys (ConfUtils.java:logGet(43)) - raft.server.log.use.memory = false (default)
2019-11-13 20:40:10,918 [pool-519-thread-1] INFO  server.RaftServerConfigKeys (ConfUtils.java:logGet(43)) - raft.server.log.appender.buffer.byte-limit = 33554432 (custom)
2019-11-13 20:40:10,918 [pool-509-thread-1] INFO  server.RaftServerConfigKeys (ConfUtils.java:logGet(43)) - raft.server.log.purge.gap = 1000000 (custom)
2019-11-13 20:40:10,918 [pool-519-thread-1] INFO  server.RaftServerConfigKeys (ConfUtils.java:logGet(43)) - raft.server.log.segment.size.max = 1048576 (custom)
2019-11-13 20:40:10,918 [pool-529-thread-1] INFO  server.RaftServerConfigKeys (ConfUtils.java:logGet(43)) - raft.server.log.purge.gap = 1000000 (custom)
2019-11-13 20:40:10,919 [pool-519-thread-1] INFO  server.RaftServerConfigKeys (ConfUtils.java:logGet(43)) - raft.server.log.segment.cache.num.max = 2 (custom)
2019-11-13 20:40:10,918 [pool-509-thread-1] INFO  server.RaftServerConfigKeys (ConfUtils.java:logGet(43)) - raft.server.log.appender.buffer.byte-limit = 33554432 (custom)
2019-11-13 20:40:10,919 [pool-519-thread-1] INFO  segmented.SegmentedRaftLogWorker (SegmentedRaftLogWorker.java:<init>(173)) - new dce7850f-9f3d-4223-ba72-4d8238cab252@group-E62EDA102E3F-SegmentedRaftLogWorker for RaftStorage:Storage Directory /workdir/hadoop-ozone/integration-test/target/test-dir/MiniOzoneClusterImpl-23a5d35f-12cc-4157-b83c-481d86791456/datanode-1/data/ratis/7bed58e0-5ff4-438b-a792-e62eda102e3f
2019-11-13 20:40:10,919 [pool-529-thread-1] INFO  server.RaftServerConfigKeys (ConfUtils.java:logGet(43)) - raft.server.log.appender.buffer.byte-limit = 33554432 (custom)
2019-11-13 20:40:10,919 [pool-519-thread-1] INFO  server.RaftServerConfigKeys (ConfUtils.java:logGet(43)) - raft.server.log.queue.byte-limit = 2147483647 (custom)
2019-11-13 20:40:10,919 [pool-509-thread-1] INFO  server.RaftServerConfigKeys (ConfUtils.java:logGet(43)) - raft.server.log.segment.size.max = 1048576 (custom)
2019-11-13 20:40:10,919 [pool-519-thread-1] INFO  server.RaftServerConfigKeys (ConfUtils.java:logGet(43)) - raft.server.log.queue.element-limit = 1024 (custom)
2019-11-13 20:40:10,919 [pool-529-thread-1] INFO  server.RaftServerConfigKeys (ConfUtils.java:logGet(43)) - raft.server.log.segment.size.max = 1048576 (custom)
2019-11-13 20:40:10,920 [pool-519-thread-1] INFO  server.RaftServerConfigKeys (ConfUtils.java:logGet(43)) - raft.server.log.segment.size.max = 1048576 (custom)
2019-11-13 20:40:10,919 [pool-509-thread-1] INFO  server.RaftServerConfigKeys (ConfUtils.java:logGet(43)) - raft.server.log.segment.cache.num.max = 2 (custom)
2019-11-13 20:40:10,920 [pool-519-thread-1] INFO  server.RaftServerConfigKeys (ConfUtils.java:logGet(43)) - raft.server.log.preallocated.size = 16384 (custom)
2019-11-13 20:40:10,920 [pool-529-thread-1] INFO  server.RaftServerConfigKeys (ConfUtils.java:logGet(43)) - raft.server.log.segment.cache.num.max = 2 (custom)
2019-11-13 20:40:10,920 [pool-519-thread-1] INFO  server.RaftServerConfigKeys (ConfUtils.java:logGet(43)) - raft.server.log.write.buffer.size = 33554432 (custom)
2019-11-13 20:40:10,920 [pool-509-thread-1] INFO  segmented.SegmentedRaftLogWorker (SegmentedRaftLogWorker.java:<init>(173)) - new 405db254-2a77-41b8-bcbc-61d002fbc757@group-E62EDA102E3F-SegmentedRaftLogWorker for RaftStorage:Storage Directory /workdir/hadoop-ozone/integration-test/target/test-dir/MiniOzoneClusterImpl-23a5d35f-12cc-4157-b83c-481d86791456/datanode-0/data/ratis/7bed58e0-5ff4-438b-a792-e62eda102e3f
2019-11-13 20:40:10,920 [pool-519-thread-1] INFO  server.RaftServerConfigKeys (ConfUtils.java:logGet(43)) - raft.server.log.force.sync.num = 128 (default)
2019-11-13 20:40:10,920 [pool-529-thread-1] INFO  segmented.SegmentedRaftLogWorker (SegmentedRaftLogWorker.java:<init>(173)) - new a0d01d6c-1588-47d8-b58d-5bdc55d47431@group-E62EDA102E3F-SegmentedRaftLogWorker for RaftStorage:Storage Directory /workdir/hadoop-ozone/integration-test/target/test-dir/MiniOzoneClusterImpl-23a5d35f-12cc-4157-b83c-481d86791456/datanode-2/data/ratis/7bed58e0-5ff4-438b-a792-e62eda102e3f
2019-11-13 20:40:10,921 [pool-519-thread-1] INFO  server.RaftServerConfigKeys (ConfUtils.java:logGet(43)) - raft.server.log.statemachine.data.sync = true (default)
2019-11-13 20:40:10,920 [pool-509-thread-1] INFO  server.RaftServerConfigKeys (ConfUtils.java:logGet(43)) - raft.server.log.queue.byte-limit = 2147483647 (custom)
2019-11-13 20:40:10,921 [pool-519-thread-1] INFO  server.RaftServerConfigKeys (ConfUtils.java:logGet(43)) - raft.server.log.statemachine.data.sync.timeout = 10s (default)
2019-11-13 20:40:10,921 [pool-529-thread-1] INFO  server.RaftServerConfigKeys (ConfUtils.java:logGet(43)) - raft.server.log.queue.byte-limit = 2147483647 (custom)
2019-11-13 20:40:10,921 [pool-519-thread-1] INFO  server.RaftServerConfigKeys (ConfUtils.java:logGet(43)) - raft.server.log.statemachine.data.sync.timeout.retry = -1 (default)
2019-11-13 20:40:10,921 [pool-509-thread-1] INFO  server.RaftServerConfigKeys (ConfUtils.java:logGet(43)) - raft.server.log.queue.element-limit = 1024 (custom)
2019-11-13 20:40:10,921 [pool-519-thread-1] INFO  server.RaftServerConfigKeys (ConfUtils.java:logGet(43)) - raft.server.log.statemachine.data.caching.enabled = true (custom)
2019-11-13 20:40:10,921 [pool-509-thread-1] INFO  server.RaftServerConfigKeys (ConfUtils.java:logGet(43)) - raft.server.log.segment.size.max = 1048576 (custom)
2019-11-13 20:40:10,921 [pool-529-thread-1] INFO  server.RaftServerConfigKeys (ConfUtils.java:logGet(43)) - raft.server.log.queue.element-limit = 1024 (custom)
2019-11-13 20:40:10,922 [pool-519-thread-1] INFO  segmented.SegmentedRaftLogWorker (SegmentedRaftLogWorker.java:lambda$new$0(128)) - dce7850f-9f3d-4223-ba72-4d8238cab252@group-E62EDA102E3F-SegmentedRaftLogWorker: flushIndex: setUnconditionally 0 -> -1
2019-11-13 20:40:10,922 [pool-509-thread-1] INFO  server.RaftServerConfigKeys (ConfUtils.java:logGet(43)) - raft.server.log.preallocated.size = 16384 (custom)
2019-11-13 20:40:10,922 [pool-529-thread-1] INFO  server.RaftServerConfigKeys (ConfUtils.java:logGet(43)) - raft.server.log.segment.size.max = 1048576 (custom)
2019-11-13 20:40:10,922 [pool-519-thread-1] INFO  server.RaftServerConfigKeys (ConfUtils.java:logGet(43)) - raft.server.snapshot.auto.trigger.enabled = true (custom)
2019-11-13 20:40:10,922 [pool-509-thread-1] INFO  server.RaftServerConfigKeys (ConfUtils.java:logGet(43)) - raft.server.log.write.buffer.size = 33554432 (custom)
2019-11-13 20:40:10,922 [pool-519-thread-1] INFO  server.RaftServerConfigKeys (ConfUtils.java:logGet(43)) - raft.server.snapshot.auto.trigger.threshold = 10000 (custom)
2019-11-13 20:40:10,922 [pool-529-thread-1] INFO  server.RaftServerConfigKeys (ConfUtils.java:logGet(43)) - raft.server.log.preallocated.size = 16384 (custom)
2019-11-13 20:40:10,922 [pool-519-thread-1] INFO  server.RaftServerConfigKeys (ConfUtils.java:logGet(43)) - raft.server.snapshot.retention.file.num = 5 (custom)
2019-11-13 20:40:10,922 [pool-509-thread-1] INFO  server.RaftServerConfigKeys (ConfUtils.java:logGet(43)) - raft.server.log.force.sync.num = 128 (default)
2019-11-13 20:40:10,923 [pool-519-thread-1] INFO  server.RaftServerConfigKeys (ConfUtils.java:logGet(43)) - raft.server.retrycache.expirytime = 600000ms (custom)
2019-11-13 20:40:10,923 [pool-529-thread-1] INFO  server.RaftServerConfigKeys (ConfUtils.java:logGet(43)) - raft.server.log.write.buffer.size = 33554432 (custom)
2019-11-13 20:40:10,923 [pool-519-thread-1] WARN  impl.MetricRegistriesImpl (MetricRegistriesImpl.java:lambda$create$1(61)) - First MetricRegistry has been created without registering reporters. You may need to call MetricRegistries.global().addReportRegistration(...) before.
2019-11-13 20:40:10,923 [pool-509-thread-1] INFO  server.RaftServerConfigKeys (ConfUtils.java:logGet(43)) - raft.server.log.statemachine.data.sync = true (default)
2019-11-13 20:40:10,923 [pool-519-thread-1] WARN  impl.MetricRegistriesImpl (MetricRegistriesImpl.java:lambda$create$1(61)) - First MetricRegistry has been created without registering reporters. You may need to call MetricRegistries.global().addReportRegistration(...) before.
2019-11-13 20:40:10,923 [pool-529-thread-1] INFO  server.RaftServerConfigKeys (ConfUtils.java:logGet(43)) - raft.server.log.force.sync.num = 128 (default)
2019-11-13 20:40:10,923 [pool-509-thread-1] INFO  server.RaftServerConfigKeys (ConfUtils.java:logGet(43)) - raft.server.log.statemachine.data.sync.timeout = 10s (default)
2019-11-13 20:40:10,924 [pool-529-thread-1] INFO  server.RaftServerConfigKeys (ConfUtils.java:logGet(43)) - raft.server.log.statemachine.data.sync = true (default)
2019-11-13 20:40:10,924 [pool-519-thread-1] INFO  impl.RaftServerImpl (RaftServerImpl.java:start(184)) - dce7850f-9f3d-4223-ba72-4d8238cab252@group-E62EDA102E3F: start as a follower, conf=-1: [a0d01d6c-1588-47d8-b58d-5bdc55d47431:192.168.34.20:42336, dce7850f-9f3d-4223-ba72-4d8238cab252:192.168.34.20:38603, 405db254-2a77-41b8-bcbc-61d002fbc757:192.168.34.20:41954], old=null
2019-11-13 20:40:10,924 [pool-529-thread-1] INFO  server.RaftServerConfigKeys (ConfUtils.java:logGet(43)) - raft.server.log.statemachine.data.sync.timeout = 10s (default)
2019-11-13 20:40:10,924 [pool-509-thread-1] INFO  server.RaftServerConfigKeys (ConfUtils.java:logGet(43)) - raft.server.log.statemachine.data.sync.timeout.retry = -1 (default)
2019-11-13 20:40:10,924 [pool-529-thread-1] INFO  server.RaftServerConfigKeys (ConfUtils.java:logGet(43)) - raft.server.log.statemachine.data.sync.timeout.retry = -1 (default)
2019-11-13 20:40:10,924 [pool-519-thread-1] INFO  impl.RaftServerImpl (RaftServerImpl.java:setRole(173)) - dce7850f-9f3d-4223-ba72-4d8238cab252@group-E62EDA102E3F: changes role from      null to FOLLOWER at term 0 for startAsFollower
2019-11-13 20:40:10,924 [pool-529-thread-1] INFO  server.RaftServerConfigKeys (ConfUtils.java:logGet(43)) - raft.server.log.statemachine.data.caching.enabled = true (custom)
2019-11-13 20:40:10,924 [pool-509-thread-1] INFO  server.RaftServerConfigKeys (ConfUtils.java:logGet(43)) - raft.server.log.statemachine.data.caching.enabled = true (custom)
2019-11-13 20:40:10,924 [pool-519-thread-1] INFO  impl.RoleInfo (RoleInfo.java:updateAndGet(143)) - dce7850f-9f3d-4223-ba72-4d8238cab252: start FollowerState
2019-11-13 20:40:10,925 [pool-529-thread-1] INFO  segmented.SegmentedRaftLogWorker (SegmentedRaftLogWorker.java:lambda$new$0(128)) - a0d01d6c-1588-47d8-b58d-5bdc55d47431@group-E62EDA102E3F-SegmentedRaftLogWorker: flushIndex: setUnconditionally 0 -> -1
2019-11-13 20:40:10,925 [pool-509-thread-1] INFO  segmented.SegmentedRaftLogWorker (SegmentedRaftLogWorker.java:lambda$new$0(128)) - 405db254-2a77-41b8-bcbc-61d002fbc757@group-E62EDA102E3F-SegmentedRaftLogWorker: flushIndex: setUnconditionally 0 -> -1
2019-11-13 20:40:10,925 [pool-529-thread-1] INFO  server.RaftServerConfigKeys (ConfUtils.java:logGet(43)) - raft.server.snapshot.auto.trigger.enabled = true (custom)
2019-11-13 20:40:10,925 [pool-519-thread-1] INFO  util.JmxRegister (JmxRegister.java:tryRegister(44)) - Successfully registered JMX Bean with object name Ratis:service=RaftServer,group=group-E62EDA102E3F,id=dce7850f-9f3d-4223-ba72-4d8238cab252
2019-11-13 20:40:10,925 [pool-509-thread-1] INFO  server.RaftServerConfigKeys (ConfUtils.java:logGet(43)) - raft.server.snapshot.auto.trigger.enabled = true (custom)
2019-11-13 20:40:10,925 [pool-529-thread-1] INFO  server.RaftServerConfigKeys (ConfUtils.java:logGet(43)) - raft.server.snapshot.auto.trigger.threshold = 10000 (custom)
2019-11-13 20:40:10,925 [pool-509-thread-1] INFO  server.RaftServerConfigKeys (ConfUtils.java:logGet(43)) - raft.server.snapshot.auto.trigger.threshold = 10000 (custom)
2019-11-13 20:40:10,925 [pool-519-thread-1] WARN  impl.MetricRegistriesImpl (MetricRegistriesImpl.java:lambda$create$1(61)) - First MetricRegistry has been created without registering reporters. You may need to call MetricRegistries.global().addReportRegistration(...) before.
2019-11-13 20:40:10,926 [pool-509-thread-1] INFO  server.RaftServerConfigKeys (ConfUtils.java:logGet(43)) - raft.server.snapshot.retention.file.num = 5 (custom)
2019-11-13 20:40:10,925 [pool-529-thread-1] INFO  server.RaftServerConfigKeys (ConfUtils.java:logGet(43)) - raft.server.snapshot.retention.file.num = 5 (custom)
2019-11-13 20:40:10,926 [pool-509-thread-1] INFO  server.RaftServerConfigKeys (ConfUtils.java:logGet(43)) - raft.server.retrycache.expirytime = 600000ms (custom)
2019-11-13 20:40:10,926 [pool-529-thread-1] INFO  server.RaftServerConfigKeys (ConfUtils.java:logGet(43)) - raft.server.retrycache.expirytime = 600000ms (custom)
2019-11-13 20:40:10,926 [pool-509-thread-1] WARN  impl.MetricRegistriesImpl (MetricRegistriesImpl.java:lambda$create$1(61)) - First MetricRegistry has been created without registering reporters. You may need to call MetricRegistries.global().addReportRegistration(...) before.
2019-11-13 20:40:10,926 [pool-529-thread-1] WARN  impl.MetricRegistriesImpl (MetricRegistriesImpl.java:lambda$create$1(61)) - First MetricRegistry has been created without registering reporters. You may need to call MetricRegistries.global().addReportRegistration(...) before.
2019-11-13 20:40:10,926 [pool-509-thread-1] WARN  impl.MetricRegistriesImpl (MetricRegistriesImpl.java:lambda$create$1(61)) - First MetricRegistry has been created without registering reporters. You may need to call MetricRegistries.global().addReportRegistration(...) before.
2019-11-13 20:40:10,926 [pool-529-thread-1] WARN  impl.MetricRegistriesImpl (MetricRegistriesImpl.java:lambda$create$1(61)) - First MetricRegistry has been created without registering reporters. You may need to call MetricRegistries.global().addReportRegistration(...) before.
2019-11-13 20:40:10,927 [pool-509-thread-1] INFO  impl.RaftServerImpl (RaftServerImpl.java:start(184)) - 405db254-2a77-41b8-bcbc-61d002fbc757@group-E62EDA102E3F: start as a follower, conf=-1: [a0d01d6c-1588-47d8-b58d-5bdc55d47431:192.168.34.20:42336, dce7850f-9f3d-4223-ba72-4d8238cab252:192.168.34.20:38603, 405db254-2a77-41b8-bcbc-61d002fbc757:192.168.34.20:41954], old=null
2019-11-13 20:40:10,927 [pool-529-thread-1] INFO  impl.RaftServerImpl (RaftServerImpl.java:start(184)) - a0d01d6c-1588-47d8-b58d-5bdc55d47431@group-E62EDA102E3F: start as a follower, conf=-1: [a0d01d6c-1588-47d8-b58d-5bdc55d47431:192.168.34.20:42336, dce7850f-9f3d-4223-ba72-4d8238cab252:192.168.34.20:38603, 405db254-2a77-41b8-bcbc-61d002fbc757:192.168.34.20:41954], old=null
2019-11-13 20:40:10,927 [pool-509-thread-1] INFO  impl.RaftServerImpl (RaftServerImpl.java:setRole(173)) - 405db254-2a77-41b8-bcbc-61d002fbc757@group-E62EDA102E3F: changes role from      null to FOLLOWER at term 0 for startAsFollower
2019-11-13 20:40:10,927 [pool-529-thread-1] INFO  impl.RaftServerImpl (RaftServerImpl.java:setRole(173)) - a0d01d6c-1588-47d8-b58d-5bdc55d47431@group-E62EDA102E3F: changes role from      null to FOLLOWER at term 0 for startAsFollower
2019-11-13 20:40:10,927 [pool-509-thread-1] INFO  impl.RoleInfo (RoleInfo.java:updateAndGet(143)) - 405db254-2a77-41b8-bcbc-61d002fbc757: start FollowerState
2019-11-13 20:40:10,927 [pool-529-thread-1] INFO  impl.RoleInfo (RoleInfo.java:updateAndGet(143)) - a0d01d6c-1588-47d8-b58d-5bdc55d47431: start FollowerState
2019-11-13 20:40:10,927 [pool-509-thread-1] INFO  util.JmxRegister (JmxRegister.java:tryRegister(44)) - Successfully registered JMX Bean with object name Ratis:service=RaftServer,group=group-E62EDA102E3F,id=405db254-2a77-41b8-bcbc-61d002fbc757
2019-11-13 20:40:10,927 [pool-509-thread-1] WARN  impl.MetricRegistriesImpl (MetricRegistriesImpl.java:lambda$create$1(61)) - First MetricRegistry has been created without registering reporters. You may need to call MetricRegistries.global().addReportRegistration(...) before.
2019-11-13 20:40:10,927 [pool-529-thread-1] INFO  util.JmxRegister (JmxRegister.java:tryRegister(44)) - Successfully registered JMX Bean with object name Ratis:service=RaftServer,group=group-E62EDA102E3F,id=a0d01d6c-1588-47d8-b58d-5bdc55d47431
2019-11-13 20:40:10,928 [pool-529-thread-1] WARN  impl.MetricRegistriesImpl (MetricRegistriesImpl.java:lambda$create$1(61)) - First MetricRegistry has been created without registering reporters. You may need to call MetricRegistries.global().addReportRegistration(...) before.
2019-11-13 20:40:10,930 [RatisPipelineUtilsThread] INFO  pipeline.PipelineStateManager (PipelineStateManager.java:addPipeline(55)) - Created pipeline Pipeline[ Id: 7bed58e0-5ff4-438b-a792-e62eda102e3f, Nodes: 405db254-2a77-41b8-bcbc-61d002fbc757{ip: 192.168.34.20, host: pr-hdds-2470-fxbl9-3826649461, networkLocation: /rack1, certSerialId: null}a0d01d6c-1588-47d8-b58d-5bdc55d47431{ip: 192.168.34.20, host: pr-hdds-2470-fxbl9-3826649461, networkLocation: /rack1, certSerialId: null}dce7850f-9f3d-4223-ba72-4d8238cab252{ip: 192.168.34.20, host: pr-hdds-2470-fxbl9-3826649461, networkLocation: /rack1, certSerialId: null}, Type:RATIS, Factor:THREE, State:ALLOCATED]
2019-11-13 20:40:10,958 [IPC Server handler 7 on 46790] INFO  net.NetworkTopology (NetworkTopologyImpl.java:add(111)) - Added a new node: /rack1/63c5c595-8d4c-4001-b46d-6e0cbb5b9d3c
2019-11-13 20:40:10,958 [IPC Server handler 7 on 46790] INFO  node.SCMNodeManager (SCMNodeManager.java:register(267)) - Registered Data node : 63c5c595-8d4c-4001-b46d-6e0cbb5b9d3c{ip: 192.168.34.20, host: pr-hdds-2470-fxbl9-3826649461, networkLocation: /rack1, certSerialId: null}
2019-11-13 20:40:10,965 [grpc-default-executor-4] INFO  impl.RaftServerProxy (RaftServerProxy.java:addNew(89)) - 63c5c595-8d4c-4001-b46d-6e0cbb5b9d3c: addNew group-15ACF87D72D4:[63c5c595-8d4c-4001-b46d-6e0cbb5b9d3c:192.168.34.20:42027] returns group-15ACF87D72D4:java.util.concurrent.CompletableFuture@4fe4201b[Not completed]
2019-11-13 20:40:10,966 [pool-549-thread-1] INFO  impl.RaftServerImpl (RaftServerImpl.java:<init>(98)) - 63c5c595-8d4c-4001-b46d-6e0cbb5b9d3c: new RaftServerImpl for group-15ACF87D72D4:[63c5c595-8d4c-4001-b46d-6e0cbb5b9d3c:192.168.34.20:42027] with ContainerStateMachine:uninitialized
2019-11-13 20:40:10,966 [pool-549-thread-1] INFO  server.RaftServerConfigKeys (ConfUtils.java:logGet(43)) - raft.server.rpc.timeout.min = 1s (custom)
2019-11-13 20:40:10,966 [pool-549-thread-1] INFO  server.RaftServerConfigKeys (ConfUtils.java:logGet(43)) - raft.server.rpc.timeout.max = 1200ms (custom)
2019-11-13 20:40:10,966 [pool-549-thread-1] INFO  server.RaftServerConfigKeys (ConfUtils.java:logGet(43)) - raft.server.rpcslowness.timeout = 120s (custom)
2019-11-13 20:40:10,966 [pool-549-thread-1] INFO  server.RaftServerConfigKeys (ConfUtils.java:logGet(43)) - raft.server.sleep.deviation.threshold = 300 (default)
2019-11-13 20:40:10,966 [pool-549-thread-1] INFO  server.RaftServerConfigKeys (ConfUtils.java:logGet(43)) - raft.server.log.appender.install.snapshot.enabled = false (custom)
2019-11-13 20:40:10,966 [pool-549-thread-1] INFO  impl.RaftServerImpl (ServerState.java:<init>(103)) - 63c5c595-8d4c-4001-b46d-6e0cbb5b9d3c@group-15ACF87D72D4: ConfigurationManager, init=-1: [63c5c595-8d4c-4001-b46d-6e0cbb5b9d3c:192.168.34.20:42027], old=null, confs=<EMPTY_MAP>
2019-11-13 20:40:10,966 [pool-549-thread-1] INFO  server.RaftServerConfigKeys (ConfUtils.java:logGet(43)) - raft.server.storage.dir = [/workdir/hadoop-ozone/integration-test/target/test-dir/MiniOzoneClusterImpl-23a5d35f-12cc-4157-b83c-481d86791456/datanode-4/data/ratis] (custom)
2019-11-13 20:40:10,967 [pool-549-thread-1] INFO  server.RaftServerConfigKeys (ConfUtils.java:logGet(43)) - raft.server.log.corruption.policy = EXCEPTION (default)
2019-11-13 20:40:10,967 [pool-549-thread-1] INFO  storage.RaftStorageDirectory (RaftStorageDirectory.java:analyzeStorage(246)) - The storage directory /workdir/hadoop-ozone/integration-test/target/test-dir/MiniOzoneClusterImpl-23a5d35f-12cc-4157-b83c-481d86791456/datanode-4/data/ratis/54f4a53b-a2f4-48e2-af84-15acf87d72d4 does not exist. Creating ...
2019-11-13 20:40:10,980 [pool-549-thread-1] INFO  storage.RaftStorageDirectory (RaftStorageDirectory.java:tryLock(328)) - Lock on /workdir/hadoop-ozone/integration-test/target/test-dir/MiniOzoneClusterImpl-23a5d35f-12cc-4157-b83c-481d86791456/datanode-4/data/ratis/54f4a53b-a2f4-48e2-af84-15acf87d72d4/in_use.lock acquired by nodename 4541@pr-hdds-2470-fxbl9-3826649461
2019-11-13 20:40:10,999 [pool-549-thread-1] INFO  storage.RaftStorage (RaftStorage.java:format(84)) - Storage directory /workdir/hadoop-ozone/integration-test/target/test-dir/MiniOzoneClusterImpl-23a5d35f-12cc-4157-b83c-481d86791456/datanode-4/data/ratis/54f4a53b-a2f4-48e2-af84-15acf87d72d4 has been successfully formatted.
2019-11-13 20:40:10,999 [pool-549-thread-1] INFO  ratis.ContainerStateMachine (ContainerStateMachine.java:loadSnapshot(223)) - group-15ACF87D72D4: The snapshot info is null. Setting the last applied indexto:(t:0, i:~)
2019-11-13 20:40:10,999 [pool-549-thread-1] INFO  server.RaftServerConfigKeys (ConfUtils.java:logGet(43)) - raft.server.notification.no-leader.timeout = 120s (custom)
2019-11-13 20:40:10,999 [pool-549-thread-1] INFO  server.RaftServerConfigKeys (ConfUtils.java:logGet(43)) - raft.server.log.use.memory = false (default)
2019-11-13 20:40:10,999 [pool-549-thread-1] INFO  server.RaftServerConfigKeys (ConfUtils.java:logGet(43)) - raft.server.log.purge.gap = 1000000 (custom)
2019-11-13 20:40:10,999 [pool-549-thread-1] INFO  server.RaftServerConfigKeys (ConfUtils.java:logGet(43)) - raft.server.log.appender.buffer.byte-limit = 33554432 (custom)
2019-11-13 20:40:10,999 [pool-549-thread-1] INFO  server.RaftServerConfigKeys (ConfUtils.java:logGet(43)) - raft.server.log.segment.size.max = 1048576 (custom)
2019-11-13 20:40:10,999 [pool-549-thread-1] WARN  impl.MetricRegistriesImpl (MetricRegistriesImpl.java:lambda$create$1(61)) - First MetricRegistry has been created without registering reporters. You may need to call MetricRegistries.global().addReportRegistration(...) before.
2019-11-13 20:40:10,999 [pool-549-thread-1] INFO  server.RaftServerConfigKeys (ConfUtils.java:logGet(43)) - raft.server.log.segment.cache.num.max = 2 (custom)
2019-11-13 20:40:10,999 [pool-549-thread-1] INFO  segmented.SegmentedRaftLogWorker (SegmentedRaftLogWorker.java:<init>(173)) - new 63c5c595-8d4c-4001-b46d-6e0cbb5b9d3c@group-15ACF87D72D4-SegmentedRaftLogWorker for RaftStorage:Storage Directory /workdir/hadoop-ozone/integration-test/target/test-dir/MiniOzoneClusterImpl-23a5d35f-12cc-4157-b83c-481d86791456/datanode-4/data/ratis/54f4a53b-a2f4-48e2-af84-15acf87d72d4
2019-11-13 20:40:10,999 [pool-549-thread-1] INFO  server.RaftServerConfigKeys (ConfUtils.java:logGet(43)) - raft.server.log.queue.byte-limit = 2147483647 (custom)
2019-11-13 20:40:10,999 [pool-549-thread-1] INFO  server.RaftServerConfigKeys (ConfUtils.java:logGet(43)) - raft.server.log.queue.element-limit = 1024 (custom)
2019-11-13 20:40:10,999 [pool-549-thread-1] INFO  server.RaftServerConfigKeys (ConfUtils.java:logGet(43)) - raft.server.log.segment.size.max = 1048576 (custom)
2019-11-13 20:40:11,000 [pool-549-thread-1] INFO  server.RaftServerConfigKeys (ConfUtils.java:logGet(43)) - raft.server.log.preallocated.size = 16384 (custom)
2019-11-13 20:40:11,000 [pool-549-thread-1] INFO  server.RaftServerConfigKeys (ConfUtils.java:logGet(43)) - raft.server.log.write.buffer.size = 33554432 (custom)
2019-11-13 20:40:11,000 [pool-549-thread-1] INFO  server.RaftServerConfigKeys (ConfUtils.java:logGet(43)) - raft.server.log.force.sync.num = 128 (default)
2019-11-13 20:40:11,000 [pool-549-thread-1] INFO  server.RaftServerConfigKeys (ConfUtils.java:logGet(43)) - raft.server.log.statemachine.data.sync = true (default)
2019-11-13 20:40:11,000 [pool-549-thread-1] INFO  server.RaftServerConfigKeys (ConfUtils.java:logGet(43)) - raft.server.log.statemachine.data.sync.timeout = 10s (default)
2019-11-13 20:40:11,000 [pool-549-thread-1] INFO  server.RaftServerConfigKeys (ConfUtils.java:logGet(43)) - raft.server.log.statemachine.data.sync.timeout.retry = -1 (default)
2019-11-13 20:40:11,000 [pool-549-thread-1] INFO  server.RaftServerConfigKeys (ConfUtils.java:logGet(43)) - raft.server.log.statemachine.data.caching.enabled = true (custom)
2019-11-13 20:40:11,000 [pool-549-thread-1] INFO  segmented.SegmentedRaftLogWorker (SegmentedRaftLogWorker.java:lambda$new$0(128)) - 63c5c595-8d4c-4001-b46d-6e0cbb5b9d3c@group-15ACF87D72D4-SegmentedRaftLogWorker: flushIndex: setUnconditionally 0 -> -1
2019-11-13 20:40:11,000 [pool-549-thread-1] INFO  server.RaftServerConfigKeys (ConfUtils.java:logGet(43)) - raft.server.snapshot.auto.trigger.enabled = true (custom)
2019-11-13 20:40:11,001 [pool-549-thread-1] INFO  server.RaftServerConfigKeys (ConfUtils.java:logGet(43)) - raft.server.snapshot.auto.trigger.threshold = 10000 (custom)
2019-11-13 20:40:11,001 [pool-549-thread-1] INFO  server.RaftServerConfigKeys (ConfUtils.java:logGet(43)) - raft.server.snapshot.retention.file.num = 5 (custom)
2019-11-13 20:40:11,001 [pool-549-thread-1] INFO  server.RaftServerConfigKeys (ConfUtils.java:logGet(43)) - raft.server.retrycache.expirytime = 600000ms (custom)
2019-11-13 20:40:11,001 [pool-549-thread-1] WARN  impl.MetricRegistriesImpl (MetricRegistriesImpl.java:lambda$create$1(61)) - First MetricRegistry has been created without registering reporters. You may need to call MetricRegistries.global().addReportRegistration(...) before.
2019-11-13 20:40:11,001 [pool-549-thread-1] WARN  impl.MetricRegistriesImpl (MetricRegistriesImpl.java:lambda$create$1(61)) - First MetricRegistry has been created without registering reporters. You may need to call MetricRegistries.global().addReportRegistration(...) before.
2019-11-13 20:40:11,001 [pool-549-thread-1] INFO  impl.RaftServerImpl (RaftServerImpl.java:start(184)) - 63c5c595-8d4c-4001-b46d-6e0cbb5b9d3c@group-15ACF87D72D4: start as a follower, conf=-1: [63c5c595-8d4c-4001-b46d-6e0cbb5b9d3c:192.168.34.20:42027], old=null
2019-11-13 20:40:11,001 [pool-549-thread-1] INFO  impl.RaftServerImpl (RaftServerImpl.java:setRole(173)) - 63c5c595-8d4c-4001-b46d-6e0cbb5b9d3c@group-15ACF87D72D4: changes role from      null to FOLLOWER at term 0 for startAsFollower
2019-11-13 20:40:11,001 [pool-549-thread-1] INFO  impl.RoleInfo (RoleInfo.java:updateAndGet(143)) - 63c5c595-8d4c-4001-b46d-6e0cbb5b9d3c: start FollowerState
2019-11-13 20:40:11,001 [pool-549-thread-1] INFO  util.JmxRegister (JmxRegister.java:tryRegister(44)) - Successfully registered JMX Bean with object name Ratis:service=RaftServer,group=group-15ACF87D72D4,id=63c5c595-8d4c-4001-b46d-6e0cbb5b9d3c
2019-11-13 20:40:11,001 [pool-549-thread-1] WARN  impl.MetricRegistriesImpl (MetricRegistriesImpl.java:lambda$create$1(61)) - First MetricRegistry has been created without registering reporters. You may need to call MetricRegistries.global().addReportRegistration(...) before.
2019-11-13 20:40:11,003 [RatisPipelineUtilsThread] INFO  pipeline.PipelineStateManager (PipelineStateManager.java:addPipeline(55)) - Created pipeline Pipeline[ Id: 54f4a53b-a2f4-48e2-af84-15acf87d72d4, Nodes: 63c5c595-8d4c-4001-b46d-6e0cbb5b9d3c{ip: 192.168.34.20, host: pr-hdds-2470-fxbl9-3826649461, networkLocation: /rack1, certSerialId: null}, Type:RATIS, Factor:ONE, State:ALLOCATED]
2019-11-13 20:40:11,010 [grpc-default-executor-4] INFO  impl.RaftServerProxy (RaftServerProxy.java:addNew(89)) - 2929643e-7442-4794-a56e-1c38ca296261: addNew group-E05D287FF04C:[2929643e-7442-4794-a56e-1c38ca296261:192.168.34.20:43198] returns group-E05D287FF04C:java.util.concurrent.CompletableFuture@633ce253[Not completed]
2019-11-13 20:40:11,011 [pool-539-thread-1] INFO  impl.RaftServerImpl (RaftServerImpl.java:<init>(98)) - 2929643e-7442-4794-a56e-1c38ca296261: new RaftServerImpl for group-E05D287FF04C:[2929643e-7442-4794-a56e-1c38ca296261:192.168.34.20:43198] with ContainerStateMachine:uninitialized
2019-11-13 20:40:11,012 [pool-539-thread-1] INFO  server.RaftServerConfigKeys (ConfUtils.java:logGet(43)) - raft.server.rpc.timeout.min = 1s (custom)
2019-11-13 20:40:11,012 [pool-539-thread-1] INFO  server.RaftServerConfigKeys (ConfUtils.java:logGet(43)) - raft.server.rpc.timeout.max = 1200ms (custom)
2019-11-13 20:40:11,012 [pool-539-thread-1] INFO  server.RaftServerConfigKeys (ConfUtils.java:logGet(43)) - raft.server.rpcslowness.timeout = 120s (custom)
2019-11-13 20:40:11,012 [pool-539-thread-1] INFO  server.RaftServerConfigKeys (ConfUtils.java:logGet(43)) - raft.server.sleep.deviation.threshold = 300 (default)
2019-11-13 20:40:11,012 [pool-539-thread-1] INFO  server.RaftServerConfigKeys (ConfUtils.java:logGet(43)) - raft.server.log.appender.install.snapshot.enabled = false (custom)
2019-11-13 20:40:11,012 [pool-539-thread-1] INFO  impl.RaftServerImpl (ServerState.java:<init>(103)) - 2929643e-7442-4794-a56e-1c38ca296261@group-E05D287FF04C: ConfigurationManager, init=-1: [2929643e-7442-4794-a56e-1c38ca296261:192.168.34.20:43198], old=null, confs=<EMPTY_MAP>
2019-11-13 20:40:11,012 [pool-539-thread-1] INFO  server.RaftServerConfigKeys (ConfUtils.java:logGet(43)) - raft.server.storage.dir = [/workdir/hadoop-ozone/integration-test/target/test-dir/MiniOzoneClusterImpl-23a5d35f-12cc-4157-b83c-481d86791456/datanode-3/data/ratis] (custom)
2019-11-13 20:40:11,013 [pool-539-thread-1] INFO  server.RaftServerConfigKeys (ConfUtils.java:logGet(43)) - raft.server.log.corruption.policy = EXCEPTION (default)
2019-11-13 20:40:11,013 [pool-539-thread-1] INFO  storage.RaftStorageDirectory (RaftStorageDirectory.java:analyzeStorage(246)) - The storage directory /workdir/hadoop-ozone/integration-test/target/test-dir/MiniOzoneClusterImpl-23a5d35f-12cc-4157-b83c-481d86791456/datanode-3/data/ratis/577da6db-8b4f-4c97-a681-e05d287ff04c does not exist. Creating ...
2019-11-13 20:40:11,025 [IPC Server handler 8 on 46790] INFO  net.NetworkTopology (NetworkTopologyImpl.java:add(111)) - Added a new node: /rack1/d8a6778e-ef1b-4a45-8dc3-d54ef706ff02
2019-11-13 20:40:11,025 [IPC Server handler 8 on 46790] INFO  node.SCMNodeManager (SCMNodeManager.java:register(267)) - Registered Data node : d8a6778e-ef1b-4a45-8dc3-d54ef706ff02{ip: 192.168.34.20, host: pr-hdds-2470-fxbl9-3826649461, networkLocation: /rack1, certSerialId: null}
2019-11-13 20:40:11,026 [pool-539-thread-1] INFO  storage.RaftStorageDirectory (RaftStorageDirectory.java:tryLock(328)) - Lock on /workdir/hadoop-ozone/integration-test/target/test-dir/MiniOzoneClusterImpl-23a5d35f-12cc-4157-b83c-481d86791456/datanode-3/data/ratis/577da6db-8b4f-4c97-a681-e05d287ff04c/in_use.lock acquired by nodename 4541@pr-hdds-2470-fxbl9-3826649461
2019-11-13 20:40:11,040 [pool-539-thread-1] INFO  storage.RaftStorage (RaftStorage.java:format(84)) - Storage directory /workdir/hadoop-ozone/integration-test/target/test-dir/MiniOzoneClusterImpl-23a5d35f-12cc-4157-b83c-481d86791456/datanode-3/data/ratis/577da6db-8b4f-4c97-a681-e05d287ff04c has been successfully formatted.
2019-11-13 20:40:11,040 [pool-539-thread-1] INFO  ratis.ContainerStateMachine (ContainerStateMachine.java:loadSnapshot(223)) - group-E05D287FF04C: The snapshot info is null. Setting the last applied indexto:(t:0, i:~)
2019-11-13 20:40:11,040 [pool-539-thread-1] INFO  server.RaftServerConfigKeys (ConfUtils.java:logGet(43)) - raft.server.notification.no-leader.timeout = 120s (custom)
2019-11-13 20:40:11,040 [pool-539-thread-1] INFO  server.RaftServerConfigKeys (ConfUtils.java:logGet(43)) - raft.server.log.use.memory = false (default)
2019-11-13 20:40:11,040 [pool-539-thread-1] INFO  server.RaftServerConfigKeys (ConfUtils.java:logGet(43)) - raft.server.log.purge.gap = 1000000 (custom)
2019-11-13 20:40:11,040 [pool-539-thread-1] INFO  server.RaftServerConfigKeys (ConfUtils.java:logGet(43)) - raft.server.log.appender.buffer.byte-limit = 33554432 (custom)
2019-11-13 20:40:11,040 [pool-539-thread-1] INFO  server.RaftServerConfigKeys (ConfUtils.java:logGet(43)) - raft.server.log.segment.size.max = 1048576 (custom)
2019-11-13 20:40:11,041 [pool-539-thread-1] WARN  impl.MetricRegistriesImpl (MetricRegistriesImpl.java:lambda$create$1(61)) - First MetricRegistry has been created without registering reporters. You may need to call MetricRegistries.global().addReportRegistration(...) before.
2019-11-13 20:40:11,041 [pool-539-thread-1] INFO  server.RaftServerConfigKeys (ConfUtils.java:logGet(43)) - raft.server.log.segment.cache.num.max = 2 (custom)
2019-11-13 20:40:11,041 [pool-539-thread-1] INFO  segmented.SegmentedRaftLogWorker (SegmentedRaftLogWorker.java:<init>(173)) - new 2929643e-7442-4794-a56e-1c38ca296261@group-E05D287FF04C-SegmentedRaftLogWorker for RaftStorage:Storage Directory /workdir/hadoop-ozone/integration-test/target/test-dir/MiniOzoneClusterImpl-23a5d35f-12cc-4157-b83c-481d86791456/datanode-3/data/ratis/577da6db-8b4f-4c97-a681-e05d287ff04c
2019-11-13 20:40:11,041 [pool-539-thread-1] INFO  server.RaftServerConfigKeys (ConfUtils.java:logGet(43)) - raft.server.log.queue.byte-limit = 2147483647 (custom)
2019-11-13 20:40:11,041 [pool-539-thread-1] INFO  server.RaftServerConfigKeys (ConfUtils.java:logGet(43)) - raft.server.log.queue.element-limit = 1024 (custom)
2019-11-13 20:40:11,041 [pool-539-thread-1] INFO  server.RaftServerConfigKeys (ConfUtils.java:logGet(43)) - raft.server.log.segment.size.max = 1048576 (custom)
2019-11-13 20:40:11,041 [pool-539-thread-1] INFO  server.RaftServerConfigKeys (ConfUtils.java:logGet(43)) - raft.server.log.preallocated.size = 16384 (custom)
2019-11-13 20:40:11,041 [pool-539-thread-1] INFO  server.RaftServerConfigKeys (ConfUtils.java:logGet(43)) - raft.server.log.write.buffer.size = 33554432 (custom)
2019-11-13 20:40:11,041 [pool-539-thread-1] INFO  server.RaftServerConfigKeys (ConfUtils.java:logGet(43)) - raft.server.log.force.sync.num = 128 (default)
2019-11-13 20:40:11,041 [pool-539-thread-1] INFO  server.RaftServerConfigKeys (ConfUtils.java:logGet(43)) - raft.server.log.statemachine.data.sync = true (default)
2019-11-13 20:40:11,041 [pool-539-thread-1] INFO  server.RaftServerConfigKeys (ConfUtils.java:logGet(43)) - raft.server.log.statemachine.data.sync.timeout = 10s (default)
2019-11-13 20:40:11,041 [pool-539-thread-1] INFO  server.RaftServerConfigKeys (ConfUtils.java:logGet(43)) - raft.server.log.statemachine.data.sync.timeout.retry = -1 (default)
2019-11-13 20:40:11,041 [pool-539-thread-1] INFO  server.RaftServerConfigKeys (ConfUtils.java:logGet(43)) - raft.server.log.statemachine.data.caching.enabled = true (custom)
2019-11-13 20:40:11,042 [pool-539-thread-1] INFO  segmented.SegmentedRaftLogWorker (SegmentedRaftLogWorker.java:lambda$new$0(128)) - 2929643e-7442-4794-a56e-1c38ca296261@group-E05D287FF04C-SegmentedRaftLogWorker: flushIndex: setUnconditionally 0 -> -1
2019-11-13 20:40:11,042 [pool-539-thread-1] INFO  server.RaftServerConfigKeys (ConfUtils.java:logGet(43)) - raft.server.snapshot.auto.trigger.enabled = true (custom)
2019-11-13 20:40:11,042 [pool-539-thread-1] INFO  server.RaftServerConfigKeys (ConfUtils.java:logGet(43)) - raft.server.snapshot.auto.trigger.threshold = 10000 (custom)
2019-11-13 20:40:11,042 [pool-539-thread-1] INFO  server.RaftServerConfigKeys (ConfUtils.java:logGet(43)) - raft.server.snapshot.retention.file.num = 5 (custom)
2019-11-13 20:40:11,042 [pool-539-thread-1] INFO  server.RaftServerConfigKeys (ConfUtils.java:logGet(43)) - raft.server.retrycache.expirytime = 600000ms (custom)
2019-11-13 20:40:11,042 [pool-539-thread-1] WARN  impl.MetricRegistriesImpl (MetricRegistriesImpl.java:lambda$create$1(61)) - First MetricRegistry has been created without registering reporters. You may need to call MetricRegistries.global().addReportRegistration(...) before.
2019-11-13 20:40:11,042 [pool-539-thread-1] WARN  impl.MetricRegistriesImpl (MetricRegistriesImpl.java:lambda$create$1(61)) - First MetricRegistry has been created without registering reporters. You may need to call MetricRegistries.global().addReportRegistration(...) before.
2019-11-13 20:40:11,043 [pool-539-thread-1] INFO  impl.RaftServerImpl (RaftServerImpl.java:start(184)) - 2929643e-7442-4794-a56e-1c38ca296261@group-E05D287FF04C: start as a follower, conf=-1: [2929643e-7442-4794-a56e-1c38ca296261:192.168.34.20:43198], old=null
2019-11-13 20:40:11,043 [pool-539-thread-1] INFO  impl.RaftServerImpl (RaftServerImpl.java:setRole(173)) - 2929643e-7442-4794-a56e-1c38ca296261@group-E05D287FF04C: changes role from      null to FOLLOWER at term 0 for startAsFollower
2019-11-13 20:40:11,043 [pool-539-thread-1] INFO  impl.RoleInfo (RoleInfo.java:updateAndGet(143)) - 2929643e-7442-4794-a56e-1c38ca296261: start FollowerState
2019-11-13 20:40:11,043 [pool-539-thread-1] INFO  util.JmxRegister (JmxRegister.java:tryRegister(44)) - Successfully registered JMX Bean with object name Ratis:service=RaftServer,group=group-E05D287FF04C,id=2929643e-7442-4794-a56e-1c38ca296261
2019-11-13 20:40:11,043 [pool-539-thread-1] WARN  impl.MetricRegistriesImpl (MetricRegistriesImpl.java:lambda$create$1(61)) - First MetricRegistry has been created without registering reporters. You may need to call MetricRegistries.global().addReportRegistration(...) before.
2019-11-13 20:40:11,045 [RatisPipelineUtilsThread] INFO  pipeline.PipelineStateManager (PipelineStateManager.java:addPipeline(55)) - Created pipeline Pipeline[ Id: 577da6db-8b4f-4c97-a681-e05d287ff04c, Nodes: 2929643e-7442-4794-a56e-1c38ca296261{ip: 192.168.34.20, host: pr-hdds-2470-fxbl9-3826649461, networkLocation: /rack1, certSerialId: null}, Type:RATIS, Factor:ONE, State:ALLOCATED]
2019-11-13 20:40:11,051 [grpc-default-executor-4] INFO  impl.RaftServerProxy (RaftServerProxy.java:addNew(89)) - d8a6778e-ef1b-4a45-8dc3-d54ef706ff02: addNew group-E699AAE816A0:[d8a6778e-ef1b-4a45-8dc3-d54ef706ff02:192.168.34.20:34234] returns group-E699AAE816A0:java.util.concurrent.CompletableFuture@3a777f60[Not completed]
2019-11-13 20:40:11,052 [pool-559-thread-1] INFO  impl.RaftServerImpl (RaftServerImpl.java:<init>(98)) - d8a6778e-ef1b-4a45-8dc3-d54ef706ff02: new RaftServerImpl for group-E699AAE816A0:[d8a6778e-ef1b-4a45-8dc3-d54ef706ff02:192.168.34.20:34234] with ContainerStateMachine:uninitialized
2019-11-13 20:40:11,052 [pool-559-thread-1] INFO  server.RaftServerConfigKeys (ConfUtils.java:logGet(43)) - raft.server.rpc.timeout.min = 1s (custom)
2019-11-13 20:40:11,052 [pool-559-thread-1] INFO  server.RaftServerConfigKeys (ConfUtils.java:logGet(43)) - raft.server.rpc.timeout.max = 1200ms (custom)
2019-11-13 20:40:11,052 [pool-559-thread-1] INFO  server.RaftServerConfigKeys (ConfUtils.java:logGet(43)) - raft.server.rpcslowness.timeout = 120s (custom)
2019-11-13 20:40:11,052 [pool-559-thread-1] INFO  server.RaftServerConfigKeys (ConfUtils.java:logGet(43)) - raft.server.sleep.deviation.threshold = 300 (default)
2019-11-13 20:40:11,052 [pool-559-thread-1] INFO  server.RaftServerConfigKeys (ConfUtils.java:logGet(43)) - raft.server.log.appender.install.snapshot.enabled = false (custom)
2019-11-13 20:40:11,053 [pool-559-thread-1] INFO  impl.RaftServerImpl (ServerState.java:<init>(103)) - d8a6778e-ef1b-4a45-8dc3-d54ef706ff02@group-E699AAE816A0: ConfigurationManager, init=-1: [d8a6778e-ef1b-4a45-8dc3-d54ef706ff02:192.168.34.20:34234], old=null, confs=<EMPTY_MAP>
2019-11-13 20:40:11,053 [pool-559-thread-1] INFO  server.RaftServerConfigKeys (ConfUtils.java:logGet(43)) - raft.server.storage.dir = [/workdir/hadoop-ozone/integration-test/target/test-dir/MiniOzoneClusterImpl-23a5d35f-12cc-4157-b83c-481d86791456/datanode-5/data/ratis] (custom)
2019-11-13 20:40:11,053 [pool-559-thread-1] INFO  server.RaftServerConfigKeys (ConfUtils.java:logGet(43)) - raft.server.log.corruption.policy = EXCEPTION (default)
2019-11-13 20:40:11,053 [pool-559-thread-1] INFO  storage.RaftStorageDirectory (RaftStorageDirectory.java:analyzeStorage(246)) - The storage directory /workdir/hadoop-ozone/integration-test/target/test-dir/MiniOzoneClusterImpl-23a5d35f-12cc-4157-b83c-481d86791456/datanode-5/data/ratis/f7c3b841-9e97-4b64-8ef1-e699aae816a0 does not exist. Creating ...
2019-11-13 20:40:11,066 [pool-559-thread-1] INFO  storage.RaftStorageDirectory (RaftStorageDirectory.java:tryLock(328)) - Lock on /workdir/hadoop-ozone/integration-test/target/test-dir/MiniOzoneClusterImpl-23a5d35f-12cc-4157-b83c-481d86791456/datanode-5/data/ratis/f7c3b841-9e97-4b64-8ef1-e699aae816a0/in_use.lock acquired by nodename 4541@pr-hdds-2470-fxbl9-3826649461
2019-11-13 20:40:11,079 [pool-559-thread-1] INFO  storage.RaftStorage (RaftStorage.java:format(84)) - Storage directory /workdir/hadoop-ozone/integration-test/target/test-dir/MiniOzoneClusterImpl-23a5d35f-12cc-4157-b83c-481d86791456/datanode-5/data/ratis/f7c3b841-9e97-4b64-8ef1-e699aae816a0 has been successfully formatted.
2019-11-13 20:40:11,079 [pool-559-thread-1] INFO  ratis.ContainerStateMachine (ContainerStateMachine.java:loadSnapshot(223)) - group-E699AAE816A0: The snapshot info is null. Setting the last applied indexto:(t:0, i:~)
2019-11-13 20:40:11,079 [pool-559-thread-1] INFO  server.RaftServerConfigKeys (ConfUtils.java:logGet(43)) - raft.server.notification.no-leader.timeout = 120s (custom)
2019-11-13 20:40:11,080 [pool-559-thread-1] INFO  server.RaftServerConfigKeys (ConfUtils.java:logGet(43)) - raft.server.log.use.memory = false (default)
2019-11-13 20:40:11,080 [pool-559-thread-1] INFO  server.RaftServerConfigKeys (ConfUtils.java:logGet(43)) - raft.server.log.purge.gap = 1000000 (custom)
2019-11-13 20:40:11,080 [pool-559-thread-1] INFO  server.RaftServerConfigKeys (ConfUtils.java:logGet(43)) - raft.server.log.appender.buffer.byte-limit = 33554432 (custom)
2019-11-13 20:40:11,080 [pool-559-thread-1] INFO  server.RaftServerConfigKeys (ConfUtils.java:logGet(43)) - raft.server.log.segment.size.max = 1048576 (custom)
2019-11-13 20:40:11,080 [pool-559-thread-1] WARN  impl.MetricRegistriesImpl (MetricRegistriesImpl.java:lambda$create$1(61)) - First MetricRegistry has been created without registering reporters. You may need to call MetricRegistries.global().addReportRegistration(...) before.
2019-11-13 20:40:11,080 [pool-559-thread-1] INFO  server.RaftServerConfigKeys (ConfUtils.java:logGet(43)) - raft.server.log.segment.cache.num.max = 2 (custom)
2019-11-13 20:40:11,080 [pool-559-thread-1] INFO  segmented.SegmentedRaftLogWorker (SegmentedRaftLogWorker.java:<init>(173)) - new d8a6778e-ef1b-4a45-8dc3-d54ef706ff02@group-E699AAE816A0-SegmentedRaftLogWorker for RaftStorage:Storage Directory /workdir/hadoop-ozone/integration-test/target/test-dir/MiniOzoneClusterImpl-23a5d35f-12cc-4157-b83c-481d86791456/datanode-5/data/ratis/f7c3b841-9e97-4b64-8ef1-e699aae816a0
2019-11-13 20:40:11,080 [pool-559-thread-1] INFO  server.RaftServerConfigKeys (ConfUtils.java:logGet(43)) - raft.server.log.queue.byte-limit = 2147483647 (custom)
2019-11-13 20:40:11,080 [pool-559-thread-1] INFO  server.RaftServerConfigKeys (ConfUtils.java:logGet(43)) - raft.server.log.queue.element-limit = 1024 (custom)
2019-11-13 20:40:11,080 [pool-559-thread-1] INFO  server.RaftServerConfigKeys (ConfUtils.java:logGet(43)) - raft.server.log.segment.size.max = 1048576 (custom)
2019-11-13 20:40:11,080 [pool-559-thread-1] INFO  server.RaftServerConfigKeys (ConfUtils.java:logGet(43)) - raft.server.log.preallocated.size = 16384 (custom)
2019-11-13 20:40:11,080 [pool-559-thread-1] INFO  server.RaftServerConfigKeys (ConfUtils.java:logGet(43)) - raft.server.log.write.buffer.size = 33554432 (custom)
2019-11-13 20:40:11,080 [pool-559-thread-1] INFO  server.RaftServerConfigKeys (ConfUtils.java:logGet(43)) - raft.server.log.force.sync.num = 128 (default)
2019-11-13 20:40:11,081 [pool-559-thread-1] INFO  server.RaftServerConfigKeys (ConfUtils.java:logGet(43)) - raft.server.log.statemachine.data.sync = true (default)
2019-11-13 20:40:11,081 [pool-559-thread-1] INFO  server.RaftServerConfigKeys (ConfUtils.java:logGet(43)) - raft.server.log.statemachine.data.sync.timeout = 10s (default)
2019-11-13 20:40:11,081 [pool-559-thread-1] INFO  server.RaftServerConfigKeys (ConfUtils.java:logGet(43)) - raft.server.log.statemachine.data.sync.timeout.retry = -1 (default)
2019-11-13 20:40:11,081 [pool-559-thread-1] INFO  server.RaftServerConfigKeys (ConfUtils.java:logGet(43)) - raft.server.log.statemachine.data.caching.enabled = true (custom)
2019-11-13 20:40:11,081 [pool-559-thread-1] INFO  segmented.SegmentedRaftLogWorker (SegmentedRaftLogWorker.java:lambda$new$0(128)) - d8a6778e-ef1b-4a45-8dc3-d54ef706ff02@group-E699AAE816A0-SegmentedRaftLogWorker: flushIndex: setUnconditionally 0 -> -1
2019-11-13 20:40:11,081 [pool-559-thread-1] INFO  server.RaftServerConfigKeys (ConfUtils.java:logGet(43)) - raft.server.snapshot.auto.trigger.enabled = true (custom)
2019-11-13 20:40:11,081 [pool-559-thread-1] INFO  server.RaftServerConfigKeys (ConfUtils.java:logGet(43)) - raft.server.snapshot.auto.trigger.threshold = 10000 (custom)
2019-11-13 20:40:11,081 [pool-559-thread-1] INFO  server.RaftServerConfigKeys (ConfUtils.java:logGet(43)) - raft.server.snapshot.retention.file.num = 5 (custom)
2019-11-13 20:40:11,082 [pool-559-thread-1] INFO  server.RaftServerConfigKeys (ConfUtils.java:logGet(43)) - raft.server.retrycache.expirytime = 600000ms (custom)
2019-11-13 20:40:11,082 [pool-559-thread-1] WARN  impl.MetricRegistriesImpl (MetricRegistriesImpl.java:lambda$create$1(61)) - First MetricRegistry has been created without registering reporters. You may need to call MetricRegistries.global().addReportRegistration(...) before.
2019-11-13 20:40:11,082 [pool-559-thread-1] WARN  impl.MetricRegistriesImpl (MetricRegistriesImpl.java:lambda$create$1(61)) - First MetricRegistry has been created without registering reporters. You may need to call MetricRegistries.global().addReportRegistration(...) before.
2019-11-13 20:40:11,082 [pool-559-thread-1] INFO  impl.RaftServerImpl (RaftServerImpl.java:start(184)) - d8a6778e-ef1b-4a45-8dc3-d54ef706ff02@group-E699AAE816A0: start as a follower, conf=-1: [d8a6778e-ef1b-4a45-8dc3-d54ef706ff02:192.168.34.20:34234], old=null
2019-11-13 20:40:11,082 [pool-559-thread-1] INFO  impl.RaftServerImpl (RaftServerImpl.java:setRole(173)) - d8a6778e-ef1b-4a45-8dc3-d54ef706ff02@group-E699AAE816A0: changes role from      null to FOLLOWER at term 0 for startAsFollower
2019-11-13 20:40:11,082 [pool-559-thread-1] INFO  impl.RoleInfo (RoleInfo.java:updateAndGet(143)) - d8a6778e-ef1b-4a45-8dc3-d54ef706ff02: start FollowerState
2019-11-13 20:40:11,082 [pool-559-thread-1] INFO  util.JmxRegister (JmxRegister.java:tryRegister(44)) - Successfully registered JMX Bean with object name Ratis:service=RaftServer,group=group-E699AAE816A0,id=d8a6778e-ef1b-4a45-8dc3-d54ef706ff02
2019-11-13 20:40:11,082 [pool-559-thread-1] WARN  impl.MetricRegistriesImpl (MetricRegistriesImpl.java:lambda$create$1(61)) - First MetricRegistry has been created without registering reporters. You may need to call MetricRegistries.global().addReportRegistration(...) before.
2019-11-13 20:40:11,084 [RatisPipelineUtilsThread] INFO  pipeline.PipelineStateManager (PipelineStateManager.java:addPipeline(55)) - Created pipeline Pipeline[ Id: f7c3b841-9e97-4b64-8ef1-e699aae816a0, Nodes: d8a6778e-ef1b-4a45-8dc3-d54ef706ff02{ip: 192.168.34.20, host: pr-hdds-2470-fxbl9-3826649461, networkLocation: /rack1, certSerialId: null}, Type:RATIS, Factor:ONE, State:ALLOCATED]
2019-11-13 20:40:11,093 [grpc-default-executor-2] INFO  impl.RaftServerProxy (RaftServerProxy.java:addNew(89)) - d8a6778e-ef1b-4a45-8dc3-d54ef706ff02: addNew group-007C6F2F8B97:[63c5c595-8d4c-4001-b46d-6e0cbb5b9d3c:192.168.34.20:42027, d8a6778e-ef1b-4a45-8dc3-d54ef706ff02:192.168.34.20:34234, 2929643e-7442-4794-a56e-1c38ca296261:192.168.34.20:43198] returns group-007C6F2F8B97:java.util.concurrent.CompletableFuture@5782bb33[Not completed]
2019-11-13 20:40:11,094 [grpc-default-executor-4] INFO  impl.RaftServerProxy (RaftServerProxy.java:addNew(89)) - 2929643e-7442-4794-a56e-1c38ca296261: addNew group-007C6F2F8B97:[63c5c595-8d4c-4001-b46d-6e0cbb5b9d3c:192.168.34.20:42027, d8a6778e-ef1b-4a45-8dc3-d54ef706ff02:192.168.34.20:34234, 2929643e-7442-4794-a56e-1c38ca296261:192.168.34.20:43198] returns group-007C6F2F8B97:java.util.concurrent.CompletableFuture@4c7d141[Not completed]
2019-11-13 20:40:11,094 [grpc-default-executor-1] INFO  impl.RaftServerProxy (RaftServerProxy.java:addNew(89)) - 63c5c595-8d4c-4001-b46d-6e0cbb5b9d3c: addNew group-007C6F2F8B97:[63c5c595-8d4c-4001-b46d-6e0cbb5b9d3c:192.168.34.20:42027, d8a6778e-ef1b-4a45-8dc3-d54ef706ff02:192.168.34.20:34234, 2929643e-7442-4794-a56e-1c38ca296261:192.168.34.20:43198] returns group-007C6F2F8B97:java.util.concurrent.CompletableFuture@57a5269a[Not completed]
2019-11-13 20:40:11,095 [pool-549-thread-1] INFO  impl.RaftServerImpl (RaftServerImpl.java:<init>(98)) - 63c5c595-8d4c-4001-b46d-6e0cbb5b9d3c: new RaftServerImpl for group-007C6F2F8B97:[63c5c595-8d4c-4001-b46d-6e0cbb5b9d3c:192.168.34.20:42027, d8a6778e-ef1b-4a45-8dc3-d54ef706ff02:192.168.34.20:34234, 2929643e-7442-4794-a56e-1c38ca296261:192.168.34.20:43198] with ContainerStateMachine:uninitialized
2019-11-13 20:40:11,095 [pool-549-thread-1] INFO  server.RaftServerConfigKeys (ConfUtils.java:logGet(43)) - raft.server.rpc.timeout.min = 1s (custom)
2019-11-13 20:40:11,095 [pool-549-thread-1] INFO  server.RaftServerConfigKeys (ConfUtils.java:logGet(43)) - raft.server.rpc.timeout.max = 1200ms (custom)
2019-11-13 20:40:11,095 [pool-549-thread-1] INFO  server.RaftServerConfigKeys (ConfUtils.java:logGet(43)) - raft.server.rpcslowness.timeout = 120s (custom)
2019-11-13 20:40:11,095 [pool-549-thread-1] INFO  server.RaftServerConfigKeys (ConfUtils.java:logGet(43)) - raft.server.sleep.deviation.threshold = 300 (default)
2019-11-13 20:40:11,095 [pool-549-thread-1] INFO  server.RaftServerConfigKeys (ConfUtils.java:logGet(43)) - raft.server.log.appender.install.snapshot.enabled = false (custom)
2019-11-13 20:40:11,095 [pool-549-thread-1] INFO  impl.RaftServerImpl (ServerState.java:<init>(103)) - 63c5c595-8d4c-4001-b46d-6e0cbb5b9d3c@group-007C6F2F8B97: ConfigurationManager, init=-1: [63c5c595-8d4c-4001-b46d-6e0cbb5b9d3c:192.168.34.20:42027, d8a6778e-ef1b-4a45-8dc3-d54ef706ff02:192.168.34.20:34234, 2929643e-7442-4794-a56e-1c38ca296261:192.168.34.20:43198], old=null, confs=<EMPTY_MAP>
2019-11-13 20:40:11,095 [pool-549-thread-1] INFO  server.RaftServerConfigKeys (ConfUtils.java:logGet(43)) - raft.server.storage.dir = [/workdir/hadoop-ozone/integration-test/target/test-dir/MiniOzoneClusterImpl-23a5d35f-12cc-4157-b83c-481d86791456/datanode-4/data/ratis] (custom)
2019-11-13 20:40:11,095 [pool-549-thread-1] INFO  server.RaftServerConfigKeys (ConfUtils.java:logGet(43)) - raft.server.log.corruption.policy = EXCEPTION (default)
2019-11-13 20:40:11,096 [pool-549-thread-1] INFO  storage.RaftStorageDirectory (RaftStorageDirectory.java:analyzeStorage(246)) - The storage directory /workdir/hadoop-ozone/integration-test/target/test-dir/MiniOzoneClusterImpl-23a5d35f-12cc-4157-b83c-481d86791456/datanode-4/data/ratis/9d3f366f-609a-4e08-bcd7-007c6f2f8b97 does not exist. Creating ...
2019-11-13 20:40:11,096 [pool-539-thread-1] INFO  impl.RaftServerImpl (RaftServerImpl.java:<init>(98)) - 2929643e-7442-4794-a56e-1c38ca296261: new RaftServerImpl for group-007C6F2F8B97:[63c5c595-8d4c-4001-b46d-6e0cbb5b9d3c:192.168.34.20:42027, d8a6778e-ef1b-4a45-8dc3-d54ef706ff02:192.168.34.20:34234, 2929643e-7442-4794-a56e-1c38ca296261:192.168.34.20:43198] with ContainerStateMachine:uninitialized
2019-11-13 20:40:11,096 [pool-539-thread-1] INFO  server.RaftServerConfigKeys (ConfUtils.java:logGet(43)) - raft.server.rpc.timeout.min = 1s (custom)
2019-11-13 20:40:11,096 [pool-539-thread-1] INFO  server.RaftServerConfigKeys (ConfUtils.java:logGet(43)) - raft.server.rpc.timeout.max = 1200ms (custom)
2019-11-13 20:40:11,096 [pool-559-thread-1] INFO  impl.RaftServerImpl (RaftServerImpl.java:<init>(98)) - d8a6778e-ef1b-4a45-8dc3-d54ef706ff02: new RaftServerImpl for group-007C6F2F8B97:[63c5c595-8d4c-4001-b46d-6e0cbb5b9d3c:192.168.34.20:42027, d8a6778e-ef1b-4a45-8dc3-d54ef706ff02:192.168.34.20:34234, 2929643e-7442-4794-a56e-1c38ca296261:192.168.34.20:43198] with ContainerStateMachine:uninitialized
2019-11-13 20:40:11,096 [pool-539-thread-1] INFO  server.RaftServerConfigKeys (ConfUtils.java:logGet(43)) - raft.server.rpcslowness.timeout = 120s (custom)
2019-11-13 20:40:11,096 [pool-559-thread-1] INFO  server.RaftServerConfigKeys (ConfUtils.java:logGet(43)) - raft.server.rpc.timeout.min = 1s (custom)
2019-11-13 20:40:11,096 [pool-539-thread-1] INFO  server.RaftServerConfigKeys (ConfUtils.java:logGet(43)) - raft.server.sleep.deviation.threshold = 300 (default)
2019-11-13 20:40:11,096 [pool-559-thread-1] INFO  server.RaftServerConfigKeys (ConfUtils.java:logGet(43)) - raft.server.rpc.timeout.max = 1200ms (custom)
2019-11-13 20:40:11,096 [pool-539-thread-1] INFO  server.RaftServerConfigKeys (ConfUtils.java:logGet(43)) - raft.server.log.appender.install.snapshot.enabled = false (custom)
2019-11-13 20:40:11,097 [pool-559-thread-1] INFO  server.RaftServerConfigKeys (ConfUtils.java:logGet(43)) - raft.server.rpcslowness.timeout = 120s (custom)
2019-11-13 20:40:11,097 [pool-559-thread-1] INFO  server.RaftServerConfigKeys (ConfUtils.java:logGet(43)) - raft.server.sleep.deviation.threshold = 300 (default)
2019-11-13 20:40:11,097 [pool-539-thread-1] INFO  impl.RaftServerImpl (ServerState.java:<init>(103)) - 2929643e-7442-4794-a56e-1c38ca296261@group-007C6F2F8B97: ConfigurationManager, init=-1: [63c5c595-8d4c-4001-b46d-6e0cbb5b9d3c:192.168.34.20:42027, d8a6778e-ef1b-4a45-8dc3-d54ef706ff02:192.168.34.20:34234, 2929643e-7442-4794-a56e-1c38ca296261:192.168.34.20:43198], old=null, confs=<EMPTY_MAP>
2019-11-13 20:40:11,097 [pool-559-thread-1] INFO  server.RaftServerConfigKeys (ConfUtils.java:logGet(43)) - raft.server.log.appender.install.snapshot.enabled = false (custom)
2019-11-13 20:40:11,097 [pool-559-thread-1] INFO  impl.RaftServerImpl (ServerState.java:<init>(103)) - d8a6778e-ef1b-4a45-8dc3-d54ef706ff02@group-007C6F2F8B97: ConfigurationManager, init=-1: [63c5c595-8d4c-4001-b46d-6e0cbb5b9d3c:192.168.34.20:42027, d8a6778e-ef1b-4a45-8dc3-d54ef706ff02:192.168.34.20:34234, 2929643e-7442-4794-a56e-1c38ca296261:192.168.34.20:43198], old=null, confs=<EMPTY_MAP>
2019-11-13 20:40:11,097 [pool-539-thread-1] INFO  server.RaftServerConfigKeys (ConfUtils.java:logGet(43)) - raft.server.storage.dir = [/workdir/hadoop-ozone/integration-test/target/test-dir/MiniOzoneClusterImpl-23a5d35f-12cc-4157-b83c-481d86791456/datanode-3/data/ratis] (custom)
2019-11-13 20:40:11,097 [pool-559-thread-1] INFO  server.RaftServerConfigKeys (ConfUtils.java:logGet(43)) - raft.server.storage.dir = [/workdir/hadoop-ozone/integration-test/target/test-dir/MiniOzoneClusterImpl-23a5d35f-12cc-4157-b83c-481d86791456/datanode-5/data/ratis] (custom)
2019-11-13 20:40:11,097 [pool-559-thread-1] INFO  server.RaftServerConfigKeys (ConfUtils.java:logGet(43)) - raft.server.log.corruption.policy = EXCEPTION (default)
2019-11-13 20:40:11,097 [pool-539-thread-1] INFO  server.RaftServerConfigKeys (ConfUtils.java:logGet(43)) - raft.server.log.corruption.policy = EXCEPTION (default)
2019-11-13 20:40:11,097 [pool-559-thread-1] INFO  storage.RaftStorageDirectory (RaftStorageDirectory.java:analyzeStorage(246)) - The storage directory /workdir/hadoop-ozone/integration-test/target/test-dir/MiniOzoneClusterImpl-23a5d35f-12cc-4157-b83c-481d86791456/datanode-5/data/ratis/9d3f366f-609a-4e08-bcd7-007c6f2f8b97 does not exist. Creating ...
2019-11-13 20:40:11,098 [pool-539-thread-1] INFO  storage.RaftStorageDirectory (RaftStorageDirectory.java:analyzeStorage(246)) - The storage directory /workdir/hadoop-ozone/integration-test/target/test-dir/MiniOzoneClusterImpl-23a5d35f-12cc-4157-b83c-481d86791456/datanode-3/data/ratis/9d3f366f-609a-4e08-bcd7-007c6f2f8b97 does not exist. Creating ...
2019-11-13 20:40:11,109 [pool-549-thread-1] INFO  storage.RaftStorageDirectory (RaftStorageDirectory.java:tryLock(328)) - Lock on /workdir/hadoop-ozone/integration-test/target/test-dir/MiniOzoneClusterImpl-23a5d35f-12cc-4157-b83c-481d86791456/datanode-4/data/ratis/9d3f366f-609a-4e08-bcd7-007c6f2f8b97/in_use.lock acquired by nodename 4541@pr-hdds-2470-fxbl9-3826649461
2019-11-13 20:40:11,109 [IPC Server handler 9 on 46790] INFO  net.NetworkTopology (NetworkTopologyImpl.java:add(111)) - Added a new node: /rack1/e207fbae-fd28-42f6-9bb4-297c35844d9f
2019-11-13 20:40:11,109 [pool-539-thread-1] INFO  storage.RaftStorageDirectory (RaftStorageDirectory.java:tryLock(328)) - Lock on /workdir/hadoop-ozone/integration-test/target/test-dir/MiniOzoneClusterImpl-23a5d35f-12cc-4157-b83c-481d86791456/datanode-3/data/ratis/9d3f366f-609a-4e08-bcd7-007c6f2f8b97/in_use.lock acquired by nodename 4541@pr-hdds-2470-fxbl9-3826649461
2019-11-13 20:40:11,109 [pool-559-thread-1] INFO  storage.RaftStorageDirectory (RaftStorageDirectory.java:tryLock(328)) - Lock on /workdir/hadoop-ozone/integration-test/target/test-dir/MiniOzoneClusterImpl-23a5d35f-12cc-4157-b83c-481d86791456/datanode-5/data/ratis/9d3f366f-609a-4e08-bcd7-007c6f2f8b97/in_use.lock acquired by nodename 4541@pr-hdds-2470-fxbl9-3826649461
2019-11-13 20:40:11,109 [IPC Server handler 9 on 46790] INFO  node.SCMNodeManager (SCMNodeManager.java:register(267)) - Registered Data node : e207fbae-fd28-42f6-9bb4-297c35844d9f{ip: 192.168.34.20, host: pr-hdds-2470-fxbl9-3826649461, networkLocation: /rack1, certSerialId: null}
2019-11-13 20:40:11,112 [pool-549-thread-1] INFO  storage.RaftStorage (RaftStorage.java:format(84)) - Storage directory /workdir/hadoop-ozone/integration-test/target/test-dir/MiniOzoneClusterImpl-23a5d35f-12cc-4157-b83c-481d86791456/datanode-4/data/ratis/9d3f366f-609a-4e08-bcd7-007c6f2f8b97 has been successfully formatted.
2019-11-13 20:40:11,112 [pool-539-thread-1] INFO  storage.RaftStorage (RaftStorage.java:format(84)) - Storage directory /workdir/hadoop-ozone/integration-test/target/test-dir/MiniOzoneClusterImpl-23a5d35f-12cc-4157-b83c-481d86791456/datanode-3/data/ratis/9d3f366f-609a-4e08-bcd7-007c6f2f8b97 has been successfully formatted.
2019-11-13 20:40:11,112 [pool-549-thread-1] INFO  ratis.ContainerStateMachine (ContainerStateMachine.java:loadSnapshot(223)) - group-007C6F2F8B97: The snapshot info is null. Setting the last applied indexto:(t:0, i:~)
2019-11-13 20:40:11,112 [pool-559-thread-1] INFO  storage.RaftStorage (RaftStorage.java:format(84)) - Storage directory /workdir/hadoop-ozone/integration-test/target/test-dir/MiniOzoneClusterImpl-23a5d35f-12cc-4157-b83c-481d86791456/datanode-5/data/ratis/9d3f366f-609a-4e08-bcd7-007c6f2f8b97 has been successfully formatted.
2019-11-13 20:40:11,112 [pool-539-thread-1] INFO  ratis.ContainerStateMachine (ContainerStateMachine.java:loadSnapshot(223)) - group-007C6F2F8B97: The snapshot info is null. Setting the last applied indexto:(t:0, i:~)
2019-11-13 20:40:11,112 [pool-549-thread-1] INFO  server.RaftServerConfigKeys (ConfUtils.java:logGet(43)) - raft.server.notification.no-leader.timeout = 120s (custom)
2019-11-13 20:40:11,113 [pool-549-thread-1] INFO  server.RaftServerConfigKeys (ConfUtils.java:logGet(43)) - raft.server.log.use.memory = false (default)
2019-11-13 20:40:11,113 [pool-539-thread-1] INFO  server.RaftServerConfigKeys (ConfUtils.java:logGet(43)) - raft.server.notification.no-leader.timeout = 120s (custom)
2019-11-13 20:40:11,113 [pool-559-thread-1] INFO  ratis.ContainerStateMachine (ContainerStateMachine.java:loadSnapshot(223)) - group-007C6F2F8B97: The snapshot info is null. Setting the last applied indexto:(t:0, i:~)
2019-11-13 20:40:11,113 [pool-539-thread-1] INFO  server.RaftServerConfigKeys (ConfUtils.java:logGet(43)) - raft.server.log.use.memory = false (default)
2019-11-13 20:40:11,113 [pool-549-thread-1] INFO  server.RaftServerConfigKeys (ConfUtils.java:logGet(43)) - raft.server.log.purge.gap = 1000000 (custom)
2019-11-13 20:40:11,113 [pool-539-thread-1] INFO  server.RaftServerConfigKeys (ConfUtils.java:logGet(43)) - raft.server.log.purge.gap = 1000000 (custom)
2019-11-13 20:40:11,113 [pool-559-thread-1] INFO  server.RaftServerConfigKeys (ConfUtils.java:logGet(43)) - raft.server.notification.no-leader.timeout = 120s (custom)
2019-11-13 20:40:11,113 [pool-539-thread-1] INFO  server.RaftServerConfigKeys (ConfUtils.java:logGet(43)) - raft.server.log.appender.buffer.byte-limit = 33554432 (custom)
2019-11-13 20:40:11,113 [pool-549-thread-1] INFO  server.RaftServerConfigKeys (ConfUtils.java:logGet(43)) - raft.server.log.appender.buffer.byte-limit = 33554432 (custom)
2019-11-13 20:40:11,114 [pool-539-thread-1] INFO  server.RaftServerConfigKeys (ConfUtils.java:logGet(43)) - raft.server.log.segment.size.max = 1048576 (custom)
2019-11-13 20:40:11,113 [pool-559-thread-1] INFO  server.RaftServerConfigKeys (ConfUtils.java:logGet(43)) - raft.server.log.use.memory = false (default)
2019-11-13 20:40:11,114 [pool-539-thread-1] INFO  server.RaftServerConfigKeys (ConfUtils.java:logGet(43)) - raft.server.log.segment.cache.num.max = 2 (custom)
2019-11-13 20:40:11,114 [pool-549-thread-1] INFO  server.RaftServerConfigKeys (ConfUtils.java:logGet(43)) - raft.server.log.segment.size.max = 1048576 (custom)
2019-11-13 20:40:11,114 [pool-539-thread-1] INFO  segmented.SegmentedRaftLogWorker (SegmentedRaftLogWorker.java:<init>(173)) - new 2929643e-7442-4794-a56e-1c38ca296261@group-007C6F2F8B97-SegmentedRaftLogWorker for RaftStorage:Storage Directory /workdir/hadoop-ozone/integration-test/target/test-dir/MiniOzoneClusterImpl-23a5d35f-12cc-4157-b83c-481d86791456/datanode-3/data/ratis/9d3f366f-609a-4e08-bcd7-007c6f2f8b97
2019-11-13 20:40:11,114 [pool-539-thread-1] INFO  server.RaftServerConfigKeys (ConfUtils.java:logGet(43)) - raft.server.log.queue.byte-limit = 2147483647 (custom)
2019-11-13 20:40:11,114 [pool-559-thread-1] INFO  server.RaftServerConfigKeys (ConfUtils.java:logGet(43)) - raft.server.log.purge.gap = 1000000 (custom)
2019-11-13 20:40:11,114 [pool-539-thread-1] INFO  server.RaftServerConfigKeys (ConfUtils.java:logGet(43)) - raft.server.log.queue.element-limit = 1024 (custom)
2019-11-13 20:40:11,114 [pool-539-thread-1] INFO  server.RaftServerConfigKeys (ConfUtils.java:logGet(43)) - raft.server.log.segment.size.max = 1048576 (custom)
2019-11-13 20:40:11,114 [pool-549-thread-1] INFO  server.RaftServerConfigKeys (ConfUtils.java:logGet(43)) - raft.server.log.segment.cache.num.max = 2 (custom)
2019-11-13 20:40:11,115 [pool-539-thread-1] INFO  server.RaftServerConfigKeys (ConfUtils.java:logGet(43)) - raft.server.log.preallocated.size = 16384 (custom)
2019-11-13 20:40:11,115 [pool-539-thread-1] INFO  server.RaftServerConfigKeys (ConfUtils.java:logGet(43)) - raft.server.log.write.buffer.size = 33554432 (custom)
2019-11-13 20:40:11,114 [pool-559-thread-1] INFO  server.RaftServerConfigKeys (ConfUtils.java:logGet(43)) - raft.server.log.appender.buffer.byte-limit = 33554432 (custom)
2019-11-13 20:40:11,115 [pool-539-thread-1] INFO  server.RaftServerConfigKeys (ConfUtils.java:logGet(43)) - raft.server.log.force.sync.num = 128 (default)
2019-11-13 20:40:11,115 [pool-549-thread-1] INFO  segmented.SegmentedRaftLogWorker (SegmentedRaftLogWorker.java:<init>(173)) - new 63c5c595-8d4c-4001-b46d-6e0cbb5b9d3c@group-007C6F2F8B97-SegmentedRaftLogWorker for RaftStorage:Storage Directory /workdir/hadoop-ozone/integration-test/target/test-dir/MiniOzoneClusterImpl-23a5d35f-12cc-4157-b83c-481d86791456/datanode-4/data/ratis/9d3f366f-609a-4e08-bcd7-007c6f2f8b97
2019-11-13 20:40:11,115 [pool-539-thread-1] INFO  server.RaftServerConfigKeys (ConfUtils.java:logGet(43)) - raft.server.log.statemachine.data.sync = true (default)
2019-11-13 20:40:11,115 [pool-559-thread-1] INFO  server.RaftServerConfigKeys (ConfUtils.java:logGet(43)) - raft.server.log.segment.size.max = 1048576 (custom)
2019-11-13 20:40:11,115 [pool-539-thread-1] INFO  server.RaftServerConfigKeys (ConfUtils.java:logGet(43)) - raft.server.log.statemachine.data.sync.timeout = 10s (default)
2019-11-13 20:40:11,115 [pool-549-thread-1] INFO  server.RaftServerConfigKeys (ConfUtils.java:logGet(43)) - raft.server.log.queue.byte-limit = 2147483647 (custom)
2019-11-13 20:40:11,115 [pool-539-thread-1] INFO  server.RaftServerConfigKeys (ConfUtils.java:logGet(43)) - raft.server.log.statemachine.data.sync.timeout.retry = -1 (default)
2019-11-13 20:40:11,115 [pool-559-thread-1] INFO  server.RaftServerConfigKeys (ConfUtils.java:logGet(43)) - raft.server.log.segment.cache.num.max = 2 (custom)
2019-11-13 20:40:11,116 [pool-539-thread-1] INFO  server.RaftServerConfigKeys (ConfUtils.java:logGet(43)) - raft.server.log.statemachine.data.caching.enabled = true (custom)
2019-11-13 20:40:11,116 [pool-559-thread-1] INFO  segmented.SegmentedRaftLogWorker (SegmentedRaftLogWorker.java:<init>(173)) - new d8a6778e-ef1b-4a45-8dc3-d54ef706ff02@group-007C6F2F8B97-SegmentedRaftLogWorker for RaftStorage:Storage Directory /workdir/hadoop-ozone/integration-test/target/test-dir/MiniOzoneClusterImpl-23a5d35f-12cc-4157-b83c-481d86791456/datanode-5/data/ratis/9d3f366f-609a-4e08-bcd7-007c6f2f8b97
2019-11-13 20:40:11,116 [pool-549-thread-1] INFO  server.RaftServerConfigKeys (ConfUtils.java:logGet(43)) - raft.server.log.queue.element-limit = 1024 (custom)
2019-11-13 20:40:11,116 [pool-559-thread-1] INFO  server.RaftServerConfigKeys (ConfUtils.java:logGet(43)) - raft.server.log.queue.byte-limit = 2147483647 (custom)
2019-11-13 20:40:11,116 [pool-539-thread-1] INFO  segmented.SegmentedRaftLogWorker (SegmentedRaftLogWorker.java:lambda$new$0(128)) - 2929643e-7442-4794-a56e-1c38ca296261@group-007C6F2F8B97-SegmentedRaftLogWorker: flushIndex: setUnconditionally 0 -> -1
2019-11-13 20:40:11,116 [pool-549-thread-1] INFO  server.RaftServerConfigKeys (ConfUtils.java:logGet(43)) - raft.server.log.segment.size.max = 1048576 (custom)
2019-11-13 20:40:11,116 [pool-549-thread-1] INFO  server.RaftServerConfigKeys (ConfUtils.java:logGet(43)) - raft.server.log.preallocated.size = 16384 (custom)
2019-11-13 20:40:11,116 [pool-559-thread-1] INFO  server.RaftServerConfigKeys (ConfUtils.java:logGet(43)) - raft.server.log.queue.element-limit = 1024 (custom)
2019-11-13 20:40:11,116 [pool-539-thread-1] INFO  server.RaftServerConfigKeys (ConfUtils.java:logGet(43)) - raft.server.snapshot.auto.trigger.enabled = true (custom)
2019-11-13 20:40:11,116 [pool-549-thread-1] INFO  server.RaftServerConfigKeys (ConfUtils.java:logGet(43)) - raft.server.log.write.buffer.size = 33554432 (custom)
2019-11-13 20:40:11,117 [pool-539-thread-1] INFO  server.RaftServerConfigKeys (ConfUtils.java:logGet(43)) - raft.server.snapshot.auto.trigger.threshold = 10000 (custom)
2019-11-13 20:40:11,116 [pool-559-thread-1] INFO  server.RaftServerConfigKeys (ConfUtils.java:logGet(43)) - raft.server.log.segment.size.max = 1048576 (custom)
2019-11-13 20:40:11,117 [pool-539-thread-1] INFO  server.RaftServerConfigKeys (ConfUtils.java:logGet(43)) - raft.server.snapshot.retention.file.num = 5 (custom)
2019-11-13 20:40:11,117 [pool-549-thread-1] INFO  server.RaftServerConfigKeys (ConfUtils.java:logGet(43)) - raft.server.log.force.sync.num = 128 (default)
2019-11-13 20:40:11,117 [pool-539-thread-1] INFO  server.RaftServerConfigKeys (ConfUtils.java:logGet(43)) - raft.server.retrycache.expirytime = 600000ms (custom)
2019-11-13 20:40:11,117 [pool-559-thread-1] INFO  server.RaftServerConfigKeys (ConfUtils.java:logGet(43)) - raft.server.log.preallocated.size = 16384 (custom)
2019-11-13 20:40:11,117 [pool-539-thread-1] WARN  impl.MetricRegistriesImpl (MetricRegistriesImpl.java:lambda$create$1(61)) - First MetricRegistry has been created without registering reporters. You may need to call MetricRegistries.global().addReportRegistration(...) before.
2019-11-13 20:40:11,117 [pool-549-thread-1] INFO  server.RaftServerConfigKeys (ConfUtils.java:logGet(43)) - raft.server.log.statemachine.data.sync = true (default)
2019-11-13 20:40:11,117 [pool-539-thread-1] WARN  impl.MetricRegistriesImpl (MetricRegistriesImpl.java:lambda$create$1(61)) - First MetricRegistry has been created without registering reporters. You may need to call MetricRegistries.global().addReportRegistration(...) before.
2019-11-13 20:40:11,117 [pool-559-thread-1] INFO  server.RaftServerConfigKeys (ConfUtils.java:logGet(43)) - raft.server.log.write.buffer.size = 33554432 (custom)
2019-11-13 20:40:11,117 [pool-549-thread-1] INFO  server.RaftServerConfigKeys (ConfUtils.java:logGet(43)) - raft.server.log.statemachine.data.sync.timeout = 10s (default)
2019-11-13 20:40:11,118 [pool-539-thread-1] INFO  impl.RaftServerImpl (RaftServerImpl.java:start(184)) - 2929643e-7442-4794-a56e-1c38ca296261@group-007C6F2F8B97: start as a follower, conf=-1: [63c5c595-8d4c-4001-b46d-6e0cbb5b9d3c:192.168.34.20:42027, d8a6778e-ef1b-4a45-8dc3-d54ef706ff02:192.168.34.20:34234, 2929643e-7442-4794-a56e-1c38ca296261:192.168.34.20:43198], old=null
2019-11-13 20:40:11,118 [pool-559-thread-1] INFO  server.RaftServerConfigKeys (ConfUtils.java:logGet(43)) - raft.server.log.force.sync.num = 128 (default)
2019-11-13 20:40:11,118 [pool-539-thread-1] INFO  impl.RaftServerImpl (RaftServerImpl.java:setRole(173)) - 2929643e-7442-4794-a56e-1c38ca296261@group-007C6F2F8B97: changes role from      null to FOLLOWER at term 0 for startAsFollower
2019-11-13 20:40:11,118 [pool-549-thread-1] INFO  server.RaftServerConfigKeys (ConfUtils.java:logGet(43)) - raft.server.log.statemachine.data.sync.timeout.retry = -1 (default)
2019-11-13 20:40:11,118 [pool-539-thread-1] INFO  impl.RoleInfo (RoleInfo.java:updateAndGet(143)) - 2929643e-7442-4794-a56e-1c38ca296261: start FollowerState
2019-11-13 20:40:11,118 [pool-559-thread-1] INFO  server.RaftServerConfigKeys (ConfUtils.java:logGet(43)) - raft.server.log.statemachine.data.sync = true (default)
2019-11-13 20:40:11,118 [pool-549-thread-1] INFO  server.RaftServerConfigKeys (ConfUtils.java:logGet(43)) - raft.server.log.statemachine.data.caching.enabled = true (custom)
2019-11-13 20:40:11,118 [pool-559-thread-1] INFO  server.RaftServerConfigKeys (ConfUtils.java:logGet(43)) - raft.server.log.statemachine.data.sync.timeout = 10s (default)
2019-11-13 20:40:11,119 [pool-549-thread-1] INFO  segmented.SegmentedRaftLogWorker (SegmentedRaftLogWorker.java:lambda$new$0(128)) - 63c5c595-8d4c-4001-b46d-6e0cbb5b9d3c@group-007C6F2F8B97-SegmentedRaftLogWorker: flushIndex: setUnconditionally 0 -> -1
2019-11-13 20:40:11,119 [pool-539-thread-1] INFO  util.JmxRegister (JmxRegister.java:tryRegister(44)) - Successfully registered JMX Bean with object name Ratis:service=RaftServer,group=group-007C6F2F8B97,id=2929643e-7442-4794-a56e-1c38ca296261
2019-11-13 20:40:11,119 [pool-559-thread-1] INFO  server.RaftServerConfigKeys (ConfUtils.java:logGet(43)) - raft.server.log.statemachine.data.sync.timeout.retry = -1 (default)
2019-11-13 20:40:11,119 [pool-549-thread-1] INFO  server.RaftServerConfigKeys (ConfUtils.java:logGet(43)) - raft.server.snapshot.auto.trigger.enabled = true (custom)
2019-11-13 20:40:11,119 [pool-539-thread-1] WARN  impl.MetricRegistriesImpl (MetricRegistriesImpl.java:lambda$create$1(61)) - First MetricRegistry has been created without registering reporters. You may need to call MetricRegistries.global().addReportRegistration(...) before.
2019-11-13 20:40:11,119 [pool-549-thread-1] INFO  server.RaftServerConfigKeys (ConfUtils.java:logGet(43)) - raft.server.snapshot.auto.trigger.threshold = 10000 (custom)
2019-11-13 20:40:11,119 [pool-559-thread-1] INFO  server.RaftServerConfigKeys (ConfUtils.java:logGet(43)) - raft.server.log.statemachine.data.caching.enabled = true (custom)
2019-11-13 20:40:11,119 [pool-549-thread-1] INFO  server.RaftServerConfigKeys (ConfUtils.java:logGet(43)) - raft.server.snapshot.retention.file.num = 5 (custom)
2019-11-13 20:40:11,119 [pool-559-thread-1] INFO  segmented.SegmentedRaftLogWorker (SegmentedRaftLogWorker.java:lambda$new$0(128)) - d8a6778e-ef1b-4a45-8dc3-d54ef706ff02@group-007C6F2F8B97-SegmentedRaftLogWorker: flushIndex: setUnconditionally 0 -> -1
2019-11-13 20:40:11,120 [pool-549-thread-1] INFO  server.RaftServerConfigKeys (ConfUtils.java:logGet(43)) - raft.server.retrycache.expirytime = 600000ms (custom)
2019-11-13 20:40:11,120 [pool-559-thread-1] INFO  server.RaftServerConfigKeys (ConfUtils.java:logGet(43)) - raft.server.snapshot.auto.trigger.enabled = true (custom)
2019-11-13 20:40:11,120 [pool-549-thread-1] WARN  impl.MetricRegistriesImpl (MetricRegistriesImpl.java:lambda$create$1(61)) - First MetricRegistry has been created without registering reporters. You may need to call MetricRegistries.global().addReportRegistration(...) before.
2019-11-13 20:40:11,120 [pool-559-thread-1] INFO  server.RaftServerConfigKeys (ConfUtils.java:logGet(43)) - raft.server.snapshot.auto.trigger.threshold = 10000 (custom)
2019-11-13 20:40:11,120 [pool-549-thread-1] WARN  impl.MetricRegistriesImpl (MetricRegistriesImpl.java:lambda$create$1(61)) - First MetricRegistry has been created without registering reporters. You may need to call MetricRegistries.global().addReportRegistration(...) before.
2019-11-13 20:40:11,120 [pool-559-thread-1] INFO  server.RaftServerConfigKeys (ConfUtils.java:logGet(43)) - raft.server.snapshot.retention.file.num = 5 (custom)
2019-11-13 20:40:11,120 [pool-549-thread-1] INFO  impl.RaftServerImpl (RaftServerImpl.java:start(184)) - 63c5c595-8d4c-4001-b46d-6e0cbb5b9d3c@group-007C6F2F8B97: start as a follower, conf=-1: [63c5c595-8d4c-4001-b46d-6e0cbb5b9d3c:192.168.34.20:42027, d8a6778e-ef1b-4a45-8dc3-d54ef706ff02:192.168.34.20:34234, 2929643e-7442-4794-a56e-1c38ca296261:192.168.34.20:43198], old=null
2019-11-13 20:40:11,120 [pool-559-thread-1] INFO  server.RaftServerConfigKeys (ConfUtils.java:logGet(43)) - raft.server.retrycache.expirytime = 600000ms (custom)
2019-11-13 20:40:11,120 [pool-549-thread-1] INFO  impl.RaftServerImpl (RaftServerImpl.java:setRole(173)) - 63c5c595-8d4c-4001-b46d-6e0cbb5b9d3c@group-007C6F2F8B97: changes role from      null to FOLLOWER at term 0 for startAsFollower
2019-11-13 20:40:11,120 [pool-559-thread-1] WARN  impl.MetricRegistriesImpl (MetricRegistriesImpl.java:lambda$create$1(61)) - First MetricRegistry has been created without registering reporters. You may need to call MetricRegistries.global().addReportRegistration(...) before.
2019-11-13 20:40:11,120 [pool-549-thread-1] INFO  impl.RoleInfo (RoleInfo.java:updateAndGet(143)) - 63c5c595-8d4c-4001-b46d-6e0cbb5b9d3c: start FollowerState
2019-11-13 20:40:11,120 [pool-559-thread-1] WARN  impl.MetricRegistriesImpl (MetricRegistriesImpl.java:lambda$create$1(61)) - First MetricRegistry has been created without registering reporters. You may need to call MetricRegistries.global().addReportRegistration(...) before.
2019-11-13 20:40:11,121 [pool-559-thread-1] INFO  impl.RaftServerImpl (RaftServerImpl.java:start(184)) - d8a6778e-ef1b-4a45-8dc3-d54ef706ff02@group-007C6F2F8B97: start as a follower, conf=-1: [63c5c595-8d4c-4001-b46d-6e0cbb5b9d3c:192.168.34.20:42027, d8a6778e-ef1b-4a45-8dc3-d54ef706ff02:192.168.34.20:34234, 2929643e-7442-4794-a56e-1c38ca296261:192.168.34.20:43198], old=null
2019-11-13 20:40:11,121 [pool-549-thread-1] INFO  util.JmxRegister (JmxRegister.java:tryRegister(44)) - Successfully registered JMX Bean with object name Ratis:service=RaftServer,group=group-007C6F2F8B97,id=63c5c595-8d4c-4001-b46d-6e0cbb5b9d3c
2019-11-13 20:40:11,121 [pool-559-thread-1] INFO  impl.RaftServerImpl (RaftServerImpl.java:setRole(173)) - d8a6778e-ef1b-4a45-8dc3-d54ef706ff02@group-007C6F2F8B97: changes role from      null to FOLLOWER at term 0 for startAsFollower
2019-11-13 20:40:11,121 [pool-549-thread-1] WARN  impl.MetricRegistriesImpl (MetricRegistriesImpl.java:lambda$create$1(61)) - First MetricRegistry has been created without registering reporters. You may need to call MetricRegistries.global().addReportRegistration(...) before.
2019-11-13 20:40:11,121 [pool-559-thread-1] INFO  impl.RoleInfo (RoleInfo.java:updateAndGet(143)) - d8a6778e-ef1b-4a45-8dc3-d54ef706ff02: start FollowerState
2019-11-13 20:40:11,121 [pool-559-thread-1] INFO  util.JmxRegister (JmxRegister.java:tryRegister(44)) - Successfully registered JMX Bean with object name Ratis:service=RaftServer,group=group-007C6F2F8B97,id=d8a6778e-ef1b-4a45-8dc3-d54ef706ff02
2019-11-13 20:40:11,121 [pool-559-thread-1] WARN  impl.MetricRegistriesImpl (MetricRegistriesImpl.java:lambda$create$1(61)) - First MetricRegistry has been created without registering reporters. You may need to call MetricRegistries.global().addReportRegistration(...) before.
2019-11-13 20:40:11,123 [RatisPipelineUtilsThread] INFO  pipeline.PipelineStateManager (PipelineStateManager.java:addPipeline(55)) - Created pipeline Pipeline[ Id: 9d3f366f-609a-4e08-bcd7-007c6f2f8b97, Nodes: 63c5c595-8d4c-4001-b46d-6e0cbb5b9d3c{ip: 192.168.34.20, host: pr-hdds-2470-fxbl9-3826649461, networkLocation: /rack1, certSerialId: null}2929643e-7442-4794-a56e-1c38ca296261{ip: 192.168.34.20, host: pr-hdds-2470-fxbl9-3826649461, networkLocation: /rack1, certSerialId: null}d8a6778e-ef1b-4a45-8dc3-d54ef706ff02{ip: 192.168.34.20, host: pr-hdds-2470-fxbl9-3826649461, networkLocation: /rack1, certSerialId: null}, Type:RATIS, Factor:THREE, State:ALLOCATED]
2019-11-13 20:40:11,178 [IPC Server handler 1 on 46790] INFO  net.NetworkTopology (NetworkTopologyImpl.java:add(111)) - Added a new node: /rack1/11bf945c-44a0-4fdd-85a2-60a349617ab7
2019-11-13 20:40:11,179 [IPC Server handler 1 on 46790] INFO  node.SCMNodeManager (SCMNodeManager.java:register(267)) - Registered Data node : 11bf945c-44a0-4fdd-85a2-60a349617ab7{ip: 192.168.34.20, host: pr-hdds-2470-fxbl9-3826649461, networkLocation: /rack1, certSerialId: null}
2019-11-13 20:40:11,185 [grpc-default-executor-1] INFO  impl.RaftServerProxy (RaftServerProxy.java:addNew(89)) - e207fbae-fd28-42f6-9bb4-297c35844d9f: addNew group-944452A367E5:[e207fbae-fd28-42f6-9bb4-297c35844d9f:192.168.34.20:33417] returns group-944452A367E5:java.util.concurrent.CompletableFuture@54fb4673[Not completed]
2019-11-13 20:40:11,187 [pool-569-thread-1] INFO  impl.RaftServerImpl (RaftServerImpl.java:<init>(98)) - e207fbae-fd28-42f6-9bb4-297c35844d9f: new RaftServerImpl for group-944452A367E5:[e207fbae-fd28-42f6-9bb4-297c35844d9f:192.168.34.20:33417] with ContainerStateMachine:uninitialized
2019-11-13 20:40:11,187 [pool-569-thread-1] INFO  server.RaftServerConfigKeys (ConfUtils.java:logGet(43)) - raft.server.rpc.timeout.min = 1s (custom)
2019-11-13 20:40:11,187 [pool-569-thread-1] INFO  server.RaftServerConfigKeys (ConfUtils.java:logGet(43)) - raft.server.rpc.timeout.max = 1200ms (custom)
2019-11-13 20:40:11,188 [pool-569-thread-1] INFO  server.RaftServerConfigKeys (ConfUtils.java:logGet(43)) - raft.server.rpcslowness.timeout = 120s (custom)
2019-11-13 20:40:11,188 [pool-569-thread-1] INFO  server.RaftServerConfigKeys (ConfUtils.java:logGet(43)) - raft.server.sleep.deviation.threshold = 300 (default)
2019-11-13 20:40:11,188 [pool-569-thread-1] INFO  server.RaftServerConfigKeys (ConfUtils.java:logGet(43)) - raft.server.log.appender.install.snapshot.enabled = false (custom)
2019-11-13 20:40:11,188 [pool-569-thread-1] INFO  impl.RaftServerImpl (ServerState.java:<init>(103)) - e207fbae-fd28-42f6-9bb4-297c35844d9f@group-944452A367E5: ConfigurationManager, init=-1: [e207fbae-fd28-42f6-9bb4-297c35844d9f:192.168.34.20:33417], old=null, confs=<EMPTY_MAP>
2019-11-13 20:40:11,188 [pool-569-thread-1] INFO  server.RaftServerConfigKeys (ConfUtils.java:logGet(43)) - raft.server.storage.dir = [/workdir/hadoop-ozone/integration-test/target/test-dir/MiniOzoneClusterImpl-23a5d35f-12cc-4157-b83c-481d86791456/datanode-6/data/ratis] (custom)
2019-11-13 20:40:11,189 [pool-569-thread-1] INFO  server.RaftServerConfigKeys (ConfUtils.java:logGet(43)) - raft.server.log.corruption.policy = EXCEPTION (default)
2019-11-13 20:40:11,189 [pool-569-thread-1] INFO  storage.RaftStorageDirectory (RaftStorageDirectory.java:analyzeStorage(246)) - The storage directory /workdir/hadoop-ozone/integration-test/target/test-dir/MiniOzoneClusterImpl-23a5d35f-12cc-4157-b83c-481d86791456/datanode-6/data/ratis/d74518e6-dbf8-45cf-9b37-944452a367e5 does not exist. Creating ...
2019-11-13 20:40:11,203 [pool-569-thread-1] INFO  storage.RaftStorageDirectory (RaftStorageDirectory.java:tryLock(328)) - Lock on /workdir/hadoop-ozone/integration-test/target/test-dir/MiniOzoneClusterImpl-23a5d35f-12cc-4157-b83c-481d86791456/datanode-6/data/ratis/d74518e6-dbf8-45cf-9b37-944452a367e5/in_use.lock acquired by nodename 4541@pr-hdds-2470-fxbl9-3826649461
2019-11-13 20:40:11,216 [pool-569-thread-1] INFO  storage.RaftStorage (RaftStorage.java:format(84)) - Storage directory /workdir/hadoop-ozone/integration-test/target/test-dir/MiniOzoneClusterImpl-23a5d35f-12cc-4157-b83c-481d86791456/datanode-6/data/ratis/d74518e6-dbf8-45cf-9b37-944452a367e5 has been successfully formatted.
2019-11-13 20:40:11,216 [pool-569-thread-1] INFO  ratis.ContainerStateMachine (ContainerStateMachine.java:loadSnapshot(223)) - group-944452A367E5: The snapshot info is null. Setting the last applied indexto:(t:0, i:~)
2019-11-13 20:40:11,216 [pool-569-thread-1] INFO  server.RaftServerConfigKeys (ConfUtils.java:logGet(43)) - raft.server.notification.no-leader.timeout = 120s (custom)
2019-11-13 20:40:11,216 [pool-569-thread-1] INFO  server.RaftServerConfigKeys (ConfUtils.java:logGet(43)) - raft.server.log.use.memory = false (default)
2019-11-13 20:40:11,216 [pool-569-thread-1] INFO  server.RaftServerConfigKeys (ConfUtils.java:logGet(43)) - raft.server.log.purge.gap = 1000000 (custom)
2019-11-13 20:40:11,217 [pool-569-thread-1] INFO  server.RaftServerConfigKeys (ConfUtils.java:logGet(43)) - raft.server.log.appender.buffer.byte-limit = 33554432 (custom)
2019-11-13 20:40:11,217 [pool-569-thread-1] INFO  server.RaftServerConfigKeys (ConfUtils.java:logGet(43)) - raft.server.log.segment.size.max = 1048576 (custom)
2019-11-13 20:40:11,217 [pool-569-thread-1] WARN  impl.MetricRegistriesImpl (MetricRegistriesImpl.java:lambda$create$1(61)) - First MetricRegistry has been created without registering reporters. You may need to call MetricRegistries.global().addReportRegistration(...) before.
2019-11-13 20:40:11,217 [pool-569-thread-1] INFO  server.RaftServerConfigKeys (ConfUtils.java:logGet(43)) - raft.server.log.segment.cache.num.max = 2 (custom)
2019-11-13 20:40:11,217 [pool-569-thread-1] INFO  segmented.SegmentedRaftLogWorker (SegmentedRaftLogWorker.java:<init>(173)) - new e207fbae-fd28-42f6-9bb4-297c35844d9f@group-944452A367E5-SegmentedRaftLogWorker for RaftStorage:Storage Directory /workdir/hadoop-ozone/integration-test/target/test-dir/MiniOzoneClusterImpl-23a5d35f-12cc-4157-b83c-481d86791456/datanode-6/data/ratis/d74518e6-dbf8-45cf-9b37-944452a367e5
2019-11-13 20:40:11,217 [pool-569-thread-1] INFO  server.RaftServerConfigKeys (ConfUtils.java:logGet(43)) - raft.server.log.queue.byte-limit = 2147483647 (custom)
2019-11-13 20:40:11,217 [pool-569-thread-1] INFO  server.RaftServerConfigKeys (ConfUtils.java:logGet(43)) - raft.server.log.queue.element-limit = 1024 (custom)
2019-11-13 20:40:11,217 [pool-569-thread-1] INFO  server.RaftServerConfigKeys (ConfUtils.java:logGet(43)) - raft.server.log.segment.size.max = 1048576 (custom)
2019-11-13 20:40:11,217 [pool-569-thread-1] INFO  server.RaftServerConfigKeys (ConfUtils.java:logGet(43)) - raft.server.log.preallocated.size = 16384 (custom)
2019-11-13 20:40:11,218 [pool-569-thread-1] INFO  server.RaftServerConfigKeys (ConfUtils.java:logGet(43)) - raft.server.log.write.buffer.size = 33554432 (custom)
2019-11-13 20:40:11,218 [pool-569-thread-1] INFO  server.RaftServerConfigKeys (ConfUtils.java:logGet(43)) - raft.server.log.force.sync.num = 128 (default)
2019-11-13 20:40:11,218 [pool-569-thread-1] INFO  server.RaftServerConfigKeys (ConfUtils.java:logGet(43)) - raft.server.log.statemachine.data.sync = true (default)
2019-11-13 20:40:11,218 [pool-569-thread-1] INFO  server.RaftServerConfigKeys (ConfUtils.java:logGet(43)) - raft.server.log.statemachine.data.sync.timeout = 10s (default)
2019-11-13 20:40:11,218 [pool-569-thread-1] INFO  server.RaftServerConfigKeys (ConfUtils.java:logGet(43)) - raft.server.log.statemachine.data.sync.timeout.retry = -1 (default)
2019-11-13 20:40:11,218 [pool-569-thread-1] INFO  server.RaftServerConfigKeys (ConfUtils.java:logGet(43)) - raft.server.log.statemachine.data.caching.enabled = true (custom)
2019-11-13 20:40:11,218 [pool-569-thread-1] INFO  segmented.SegmentedRaftLogWorker (SegmentedRaftLogWorker.java:lambda$new$0(128)) - e207fbae-fd28-42f6-9bb4-297c35844d9f@group-944452A367E5-SegmentedRaftLogWorker: flushIndex: setUnconditionally 0 -> -1
2019-11-13 20:40:11,219 [pool-569-thread-1] INFO  server.RaftServerConfigKeys (ConfUtils.java:logGet(43)) - raft.server.snapshot.auto.trigger.enabled = true (custom)
2019-11-13 20:40:11,219 [pool-569-thread-1] INFO  server.RaftServerConfigKeys (ConfUtils.java:logGet(43)) - raft.server.snapshot.auto.trigger.threshold = 10000 (custom)
2019-11-13 20:40:11,219 [pool-569-thread-1] INFO  server.RaftServerConfigKeys (ConfUtils.java:logGet(43)) - raft.server.snapshot.retention.file.num = 5 (custom)
2019-11-13 20:40:11,219 [pool-569-thread-1] INFO  server.RaftServerConfigKeys (ConfUtils.java:logGet(43)) - raft.server.retrycache.expirytime = 600000ms (custom)
2019-11-13 20:40:11,219 [pool-569-thread-1] WARN  impl.MetricRegistriesImpl (MetricRegistriesImpl.java:lambda$create$1(61)) - First MetricRegistry has been created without registering reporters. You may need to call MetricRegistries.global().addReportRegistration(...) before.
2019-11-13 20:40:11,219 [pool-569-thread-1] WARN  impl.MetricRegistriesImpl (MetricRegistriesImpl.java:lambda$create$1(61)) - First MetricRegistry has been created without registering reporters. You may need to call MetricRegistries.global().addReportRegistration(...) before.
2019-11-13 20:40:11,220 [pool-569-thread-1] INFO  impl.RaftServerImpl (RaftServerImpl.java:start(184)) - e207fbae-fd28-42f6-9bb4-297c35844d9f@group-944452A367E5: start as a follower, conf=-1: [e207fbae-fd28-42f6-9bb4-297c35844d9f:192.168.34.20:33417], old=null
2019-11-13 20:40:11,220 [pool-569-thread-1] INFO  impl.RaftServerImpl (RaftServerImpl.java:setRole(173)) - e207fbae-fd28-42f6-9bb4-297c35844d9f@group-944452A367E5: changes role from      null to FOLLOWER at term 0 for startAsFollower
2019-11-13 20:40:11,220 [pool-569-thread-1] INFO  impl.RoleInfo (RoleInfo.java:updateAndGet(143)) - e207fbae-fd28-42f6-9bb4-297c35844d9f: start FollowerState
2019-11-13 20:40:11,220 [pool-569-thread-1] INFO  util.JmxRegister (JmxRegister.java:tryRegister(44)) - Successfully registered JMX Bean with object name Ratis:service=RaftServer,group=group-944452A367E5,id=e207fbae-fd28-42f6-9bb4-297c35844d9f
2019-11-13 20:40:11,220 [pool-569-thread-1] WARN  impl.MetricRegistriesImpl (MetricRegistriesImpl.java:lambda$create$1(61)) - First MetricRegistry has been created without registering reporters. You may need to call MetricRegistries.global().addReportRegistration(...) before.
2019-11-13 20:40:11,222 [RatisPipelineUtilsThread] INFO  pipeline.PipelineStateManager (PipelineStateManager.java:addPipeline(55)) - Created pipeline Pipeline[ Id: d74518e6-dbf8-45cf-9b37-944452a367e5, Nodes: e207fbae-fd28-42f6-9bb4-297c35844d9f{ip: 192.168.34.20, host: pr-hdds-2470-fxbl9-3826649461, networkLocation: /rack1, certSerialId: null}, Type:RATIS, Factor:ONE, State:ALLOCATED]
2019-11-13 20:40:11,228 [grpc-default-executor-1] INFO  impl.RaftServerProxy (RaftServerProxy.java:addNew(89)) - 11bf945c-44a0-4fdd-85a2-60a349617ab7: addNew group-2A560A9E987B:[11bf945c-44a0-4fdd-85a2-60a349617ab7:192.168.34.20:36272] returns group-2A560A9E987B:java.util.concurrent.CompletableFuture@4814c4f1[Not completed]
2019-11-13 20:40:11,230 [pool-579-thread-1] INFO  impl.RaftServerImpl (RaftServerImpl.java:<init>(98)) - 11bf945c-44a0-4fdd-85a2-60a349617ab7: new RaftServerImpl for group-2A560A9E987B:[11bf945c-44a0-4fdd-85a2-60a349617ab7:192.168.34.20:36272] with ContainerStateMachine:uninitialized
2019-11-13 20:40:11,230 [pool-579-thread-1] INFO  server.RaftServerConfigKeys (ConfUtils.java:logGet(43)) - raft.server.rpc.timeout.min = 1s (custom)
2019-11-13 20:40:11,230 [pool-579-thread-1] INFO  server.RaftServerConfigKeys (ConfUtils.java:logGet(43)) - raft.server.rpc.timeout.max = 1200ms (custom)
2019-11-13 20:40:11,230 [pool-579-thread-1] INFO  server.RaftServerConfigKeys (ConfUtils.java:logGet(43)) - raft.server.rpcslowness.timeout = 120s (custom)
2019-11-13 20:40:11,230 [pool-579-thread-1] INFO  server.RaftServerConfigKeys (ConfUtils.java:logGet(43)) - raft.server.sleep.deviation.threshold = 300 (default)
2019-11-13 20:40:11,230 [pool-579-thread-1] INFO  server.RaftServerConfigKeys (ConfUtils.java:logGet(43)) - raft.server.log.appender.install.snapshot.enabled = false (custom)
2019-11-13 20:40:11,231 [pool-579-thread-1] INFO  impl.RaftServerImpl (ServerState.java:<init>(103)) - 11bf945c-44a0-4fdd-85a2-60a349617ab7@group-2A560A9E987B: ConfigurationManager, init=-1: [11bf945c-44a0-4fdd-85a2-60a349617ab7:192.168.34.20:36272], old=null, confs=<EMPTY_MAP>
2019-11-13 20:40:11,231 [pool-579-thread-1] INFO  server.RaftServerConfigKeys (ConfUtils.java:logGet(43)) - raft.server.storage.dir = [/workdir/hadoop-ozone/integration-test/target/test-dir/MiniOzoneClusterImpl-23a5d35f-12cc-4157-b83c-481d86791456/datanode-7/data/ratis] (custom)
2019-11-13 20:40:11,231 [pool-579-thread-1] INFO  server.RaftServerConfigKeys (ConfUtils.java:logGet(43)) - raft.server.log.corruption.policy = EXCEPTION (default)
2019-11-13 20:40:11,231 [pool-579-thread-1] INFO  storage.RaftStorageDirectory (RaftStorageDirectory.java:analyzeStorage(246)) - The storage directory /workdir/hadoop-ozone/integration-test/target/test-dir/MiniOzoneClusterImpl-23a5d35f-12cc-4157-b83c-481d86791456/datanode-7/data/ratis/fbcbfdcf-e4c6-444a-9ed4-2a560a9e987b does not exist. Creating ...
2019-11-13 20:40:11,244 [pool-579-thread-1] INFO  storage.RaftStorageDirectory (RaftStorageDirectory.java:tryLock(328)) - Lock on /workdir/hadoop-ozone/integration-test/target/test-dir/MiniOzoneClusterImpl-23a5d35f-12cc-4157-b83c-481d86791456/datanode-7/data/ratis/fbcbfdcf-e4c6-444a-9ed4-2a560a9e987b/in_use.lock acquired by nodename 4541@pr-hdds-2470-fxbl9-3826649461
2019-11-13 20:40:11,255 [IPC Server handler 2 on 46790] INFO  net.NetworkTopology (NetworkTopologyImpl.java:add(111)) - Added a new node: /rack1/777bd53d-1b96-45c1-9d99-437e419e4ea1
2019-11-13 20:40:11,255 [IPC Server handler 2 on 46790] INFO  node.SCMNodeManager (SCMNodeManager.java:register(267)) - Registered Data node : 777bd53d-1b96-45c1-9d99-437e419e4ea1{ip: 192.168.34.20, host: pr-hdds-2470-fxbl9-3826649461, networkLocation: /rack1, certSerialId: null}
2019-11-13 20:40:11,289 [pool-579-thread-1] INFO  storage.RaftStorage (RaftStorage.java:format(84)) - Storage directory /workdir/hadoop-ozone/integration-test/target/test-dir/MiniOzoneClusterImpl-23a5d35f-12cc-4157-b83c-481d86791456/datanode-7/data/ratis/fbcbfdcf-e4c6-444a-9ed4-2a560a9e987b has been successfully formatted.
2019-11-13 20:40:11,289 [pool-579-thread-1] INFO  ratis.ContainerStateMachine (ContainerStateMachine.java:loadSnapshot(223)) - group-2A560A9E987B: The snapshot info is null. Setting the last applied indexto:(t:0, i:~)
2019-11-13 20:40:11,289 [pool-579-thread-1] INFO  server.RaftServerConfigKeys (ConfUtils.java:logGet(43)) - raft.server.notification.no-leader.timeout = 120s (custom)
2019-11-13 20:40:11,289 [pool-579-thread-1] INFO  server.RaftServerConfigKeys (ConfUtils.java:logGet(43)) - raft.server.log.use.memory = false (default)
2019-11-13 20:40:11,290 [pool-579-thread-1] INFO  server.RaftServerConfigKeys (ConfUtils.java:logGet(43)) - raft.server.log.purge.gap = 1000000 (custom)
2019-11-13 20:40:11,290 [pool-579-thread-1] INFO  server.RaftServerConfigKeys (ConfUtils.java:logGet(43)) - raft.server.log.appender.buffer.byte-limit = 33554432 (custom)
2019-11-13 20:40:11,290 [pool-579-thread-1] INFO  server.RaftServerConfigKeys (ConfUtils.java:logGet(43)) - raft.server.log.segment.size.max = 1048576 (custom)
2019-11-13 20:40:11,290 [pool-579-thread-1] WARN  impl.MetricRegistriesImpl (MetricRegistriesImpl.java:lambda$create$1(61)) - First MetricRegistry has been created without registering reporters. You may need to call MetricRegistries.global().addReportRegistration(...) before.
2019-11-13 20:40:11,290 [pool-579-thread-1] INFO  server.RaftServerConfigKeys (ConfUtils.java:logGet(43)) - raft.server.log.segment.cache.num.max = 2 (custom)
2019-11-13 20:40:11,290 [pool-579-thread-1] INFO  segmented.SegmentedRaftLogWorker (SegmentedRaftLogWorker.java:<init>(173)) - new 11bf945c-44a0-4fdd-85a2-60a349617ab7@group-2A560A9E987B-SegmentedRaftLogWorker for RaftStorage:Storage Directory /workdir/hadoop-ozone/integration-test/target/test-dir/MiniOzoneClusterImpl-23a5d35f-12cc-4157-b83c-481d86791456/datanode-7/data/ratis/fbcbfdcf-e4c6-444a-9ed4-2a560a9e987b
2019-11-13 20:40:11,290 [pool-579-thread-1] INFO  server.RaftServerConfigKeys (ConfUtils.java:logGet(43)) - raft.server.log.queue.byte-limit = 2147483647 (custom)
2019-11-13 20:40:11,291 [pool-579-thread-1] INFO  server.RaftServerConfigKeys (ConfUtils.java:logGet(43)) - raft.server.log.queue.element-limit = 1024 (custom)
2019-11-13 20:40:11,291 [pool-579-thread-1] INFO  server.RaftServerConfigKeys (ConfUtils.java:logGet(43)) - raft.server.log.segment.size.max = 1048576 (custom)
2019-11-13 20:40:11,291 [pool-579-thread-1] INFO  server.RaftServerConfigKeys (ConfUtils.java:logGet(43)) - raft.server.log.preallocated.size = 16384 (custom)
2019-11-13 20:40:11,291 [pool-579-thread-1] INFO  server.RaftServerConfigKeys (ConfUtils.java:logGet(43)) - raft.server.log.write.buffer.size = 33554432 (custom)
2019-11-13 20:40:11,291 [pool-579-thread-1] INFO  server.RaftServerConfigKeys (ConfUtils.java:logGet(43)) - raft.server.log.force.sync.num = 128 (default)
2019-11-13 20:40:11,291 [pool-579-thread-1] INFO  server.RaftServerConfigKeys (ConfUtils.java:logGet(43)) - raft.server.log.statemachine.data.sync = true (default)
2019-11-13 20:40:11,291 [pool-579-thread-1] INFO  server.RaftServerConfigKeys (ConfUtils.java:logGet(43)) - raft.server.log.statemachine.data.sync.timeout = 10s (default)
2019-11-13 20:40:11,291 [pool-579-thread-1] INFO  server.RaftServerConfigKeys (ConfUtils.java:logGet(43)) - raft.server.log.statemachine.data.sync.timeout.retry = -1 (default)
2019-11-13 20:40:11,292 [pool-579-thread-1] INFO  server.RaftServerConfigKeys (ConfUtils.java:logGet(43)) - raft.server.log.statemachine.data.caching.enabled = true (custom)
2019-11-13 20:40:11,292 [pool-579-thread-1] INFO  segmented.SegmentedRaftLogWorker (SegmentedRaftLogWorker.java:lambda$new$0(128)) - 11bf945c-44a0-4fdd-85a2-60a349617ab7@group-2A560A9E987B-SegmentedRaftLogWorker: flushIndex: setUnconditionally 0 -> -1
2019-11-13 20:40:11,292 [pool-579-thread-1] INFO  server.RaftServerConfigKeys (ConfUtils.java:logGet(43)) - raft.server.snapshot.auto.trigger.enabled = true (custom)
2019-11-13 20:40:11,292 [pool-579-thread-1] INFO  server.RaftServerConfigKeys (ConfUtils.java:logGet(43)) - raft.server.snapshot.auto.trigger.threshold = 10000 (custom)
2019-11-13 20:40:11,292 [pool-579-thread-1] INFO  server.RaftServerConfigKeys (ConfUtils.java:logGet(43)) - raft.server.snapshot.retention.file.num = 5 (custom)
2019-11-13 20:40:11,293 [pool-579-thread-1] INFO  server.RaftServerConfigKeys (ConfUtils.java:logGet(43)) - raft.server.retrycache.expirytime = 600000ms (custom)
2019-11-13 20:40:11,293 [pool-579-thread-1] WARN  impl.MetricRegistriesImpl (MetricRegistriesImpl.java:lambda$create$1(61)) - First MetricRegistry has been created without registering reporters. You may need to call MetricRegistries.global().addReportRegistration(...) before.
2019-11-13 20:40:11,293 [pool-579-thread-1] WARN  impl.MetricRegistriesImpl (MetricRegistriesImpl.java:lambda$create$1(61)) - First MetricRegistry has been created without registering reporters. You may need to call MetricRegistries.global().addReportRegistration(...) before.
2019-11-13 20:40:11,293 [pool-579-thread-1] INFO  impl.RaftServerImpl (RaftServerImpl.java:start(184)) - 11bf945c-44a0-4fdd-85a2-60a349617ab7@group-2A560A9E987B: start as a follower, conf=-1: [11bf945c-44a0-4fdd-85a2-60a349617ab7:192.168.34.20:36272], old=null
2019-11-13 20:40:11,293 [pool-579-thread-1] INFO  impl.RaftServerImpl (RaftServerImpl.java:setRole(173)) - 11bf945c-44a0-4fdd-85a2-60a349617ab7@group-2A560A9E987B: changes role from      null to FOLLOWER at term 0 for startAsFollower
2019-11-13 20:40:11,293 [pool-579-thread-1] INFO  impl.RoleInfo (RoleInfo.java:updateAndGet(143)) - 11bf945c-44a0-4fdd-85a2-60a349617ab7: start FollowerState
2019-11-13 20:40:11,294 [pool-579-thread-1] INFO  util.JmxRegister (JmxRegister.java:tryRegister(44)) - Successfully registered JMX Bean with object name Ratis:service=RaftServer,group=group-2A560A9E987B,id=11bf945c-44a0-4fdd-85a2-60a349617ab7
2019-11-13 20:40:11,294 [pool-579-thread-1] WARN  impl.MetricRegistriesImpl (MetricRegistriesImpl.java:lambda$create$1(61)) - First MetricRegistry has been created without registering reporters. You may need to call MetricRegistries.global().addReportRegistration(...) before.
2019-11-13 20:40:11,296 [RatisPipelineUtilsThread] INFO  pipeline.PipelineStateManager (PipelineStateManager.java:addPipeline(55)) - Created pipeline Pipeline[ Id: fbcbfdcf-e4c6-444a-9ed4-2a560a9e987b, Nodes: 11bf945c-44a0-4fdd-85a2-60a349617ab7{ip: 192.168.34.20, host: pr-hdds-2470-fxbl9-3826649461, networkLocation: /rack1, certSerialId: null}, Type:RATIS, Factor:ONE, State:ALLOCATED]
2019-11-13 20:40:11,301 [grpc-default-executor-1] INFO  impl.RaftServerProxy (RaftServerProxy.java:addNew(89)) - 777bd53d-1b96-45c1-9d99-437e419e4ea1: addNew group-595DF4808363:[777bd53d-1b96-45c1-9d99-437e419e4ea1:192.168.34.20:43853] returns group-595DF4808363:java.util.concurrent.CompletableFuture@3453ef92[Not completed]
2019-11-13 20:40:11,303 [pool-589-thread-1] INFO  impl.RaftServerImpl (RaftServerImpl.java:<init>(98)) - 777bd53d-1b96-45c1-9d99-437e419e4ea1: new RaftServerImpl for group-595DF4808363:[777bd53d-1b96-45c1-9d99-437e419e4ea1:192.168.34.20:43853] with ContainerStateMachine:uninitialized
2019-11-13 20:40:11,303 [pool-589-thread-1] INFO  server.RaftServerConfigKeys (ConfUtils.java:logGet(43)) - raft.server.rpc.timeout.min = 1s (custom)
2019-11-13 20:40:11,303 [pool-589-thread-1] INFO  server.RaftServerConfigKeys (ConfUtils.java:logGet(43)) - raft.server.rpc.timeout.max = 1200ms (custom)
2019-11-13 20:40:11,303 [pool-589-thread-1] INFO  server.RaftServerConfigKeys (ConfUtils.java:logGet(43)) - raft.server.rpcslowness.timeout = 120s (custom)
2019-11-13 20:40:11,303 [pool-589-thread-1] INFO  server.RaftServerConfigKeys (ConfUtils.java:logGet(43)) - raft.server.sleep.deviation.threshold = 300 (default)
2019-11-13 20:40:11,304 [pool-589-thread-1] INFO  server.RaftServerConfigKeys (ConfUtils.java:logGet(43)) - raft.server.log.appender.install.snapshot.enabled = false (custom)
2019-11-13 20:40:11,304 [pool-589-thread-1] INFO  impl.RaftServerImpl (ServerState.java:<init>(103)) - 777bd53d-1b96-45c1-9d99-437e419e4ea1@group-595DF4808363: ConfigurationManager, init=-1: [777bd53d-1b96-45c1-9d99-437e419e4ea1:192.168.34.20:43853], old=null, confs=<EMPTY_MAP>
2019-11-13 20:40:11,304 [pool-589-thread-1] INFO  server.RaftServerConfigKeys (ConfUtils.java:logGet(43)) - raft.server.storage.dir = [/workdir/hadoop-ozone/integration-test/target/test-dir/MiniOzoneClusterImpl-23a5d35f-12cc-4157-b83c-481d86791456/datanode-8/data/ratis] (custom)
2019-11-13 20:40:11,304 [pool-589-thread-1] INFO  server.RaftServerConfigKeys (ConfUtils.java:logGet(43)) - raft.server.log.corruption.policy = EXCEPTION (default)
2019-11-13 20:40:11,305 [pool-589-thread-1] INFO  storage.RaftStorageDirectory (RaftStorageDirectory.java:analyzeStorage(246)) - The storage directory /workdir/hadoop-ozone/integration-test/target/test-dir/MiniOzoneClusterImpl-23a5d35f-12cc-4157-b83c-481d86791456/datanode-8/data/ratis/9807cbe3-72fc-4075-839a-595df4808363 does not exist. Creating ...
2019-11-13 20:40:11,317 [pool-589-thread-1] INFO  storage.RaftStorageDirectory (RaftStorageDirectory.java:tryLock(328)) - Lock on /workdir/hadoop-ozone/integration-test/target/test-dir/MiniOzoneClusterImpl-23a5d35f-12cc-4157-b83c-481d86791456/datanode-8/data/ratis/9807cbe3-72fc-4075-839a-595df4808363/in_use.lock acquired by nodename 4541@pr-hdds-2470-fxbl9-3826649461
2019-11-13 20:40:11,323 [IPC Server handler 4 on 46790] INFO  net.NetworkTopology (NetworkTopologyImpl.java:add(111)) - Added a new node: /rack1/a35788b4-68d9-46fd-b847-60a9b7211510
2019-11-13 20:40:11,323 [IPC Server handler 4 on 46790] INFO  node.SCMNodeManager (SCMNodeManager.java:register(267)) - Registered Data node : a35788b4-68d9-46fd-b847-60a9b7211510{ip: 192.168.34.20, host: pr-hdds-2470-fxbl9-3826649461, networkLocation: /rack1, certSerialId: null}
2019-11-13 20:40:11,330 [pool-589-thread-1] INFO  storage.RaftStorage (RaftStorage.java:format(84)) - Storage directory /workdir/hadoop-ozone/integration-test/target/test-dir/MiniOzoneClusterImpl-23a5d35f-12cc-4157-b83c-481d86791456/datanode-8/data/ratis/9807cbe3-72fc-4075-839a-595df4808363 has been successfully formatted.
2019-11-13 20:40:11,331 [pool-589-thread-1] INFO  ratis.ContainerStateMachine (ContainerStateMachine.java:loadSnapshot(223)) - group-595DF4808363: The snapshot info is null. Setting the last applied indexto:(t:0, i:~)
2019-11-13 20:40:11,331 [pool-589-thread-1] INFO  server.RaftServerConfigKeys (ConfUtils.java:logGet(43)) - raft.server.notification.no-leader.timeout = 120s (custom)
2019-11-13 20:40:11,331 [pool-589-thread-1] INFO  server.RaftServerConfigKeys (ConfUtils.java:logGet(43)) - raft.server.log.use.memory = false (default)
2019-11-13 20:40:11,331 [pool-589-thread-1] INFO  server.RaftServerConfigKeys (ConfUtils.java:logGet(43)) - raft.server.log.purge.gap = 1000000 (custom)
2019-11-13 20:40:11,331 [pool-589-thread-1] INFO  server.RaftServerConfigKeys (ConfUtils.java:logGet(43)) - raft.server.log.appender.buffer.byte-limit = 33554432 (custom)
2019-11-13 20:40:11,331 [pool-589-thread-1] INFO  server.RaftServerConfigKeys (ConfUtils.java:logGet(43)) - raft.server.log.segment.size.max = 1048576 (custom)
2019-11-13 20:40:11,331 [pool-589-thread-1] WARN  impl.MetricRegistriesImpl (MetricRegistriesImpl.java:lambda$create$1(61)) - First MetricRegistry has been created without registering reporters. You may need to call MetricRegistries.global().addReportRegistration(...) before.
2019-11-13 20:40:11,331 [pool-589-thread-1] INFO  server.RaftServerConfigKeys (ConfUtils.java:logGet(43)) - raft.server.log.segment.cache.num.max = 2 (custom)
2019-11-13 20:40:11,331 [pool-589-thread-1] INFO  segmented.SegmentedRaftLogWorker (SegmentedRaftLogWorker.java:<init>(173)) - new 777bd53d-1b96-45c1-9d99-437e419e4ea1@group-595DF4808363-SegmentedRaftLogWorker for RaftStorage:Storage Directory /workdir/hadoop-ozone/integration-test/target/test-dir/MiniOzoneClusterImpl-23a5d35f-12cc-4157-b83c-481d86791456/datanode-8/data/ratis/9807cbe3-72fc-4075-839a-595df4808363
2019-11-13 20:40:11,332 [pool-589-thread-1] INFO  server.RaftServerConfigKeys (ConfUtils.java:logGet(43)) - raft.server.log.queue.byte-limit = 2147483647 (custom)
2019-11-13 20:40:11,332 [pool-589-thread-1] INFO  server.RaftServerConfigKeys (ConfUtils.java:logGet(43)) - raft.server.log.queue.element-limit = 1024 (custom)
2019-11-13 20:40:11,332 [pool-589-thread-1] INFO  server.RaftServerConfigKeys (ConfUtils.java:logGet(43)) - raft.server.log.segment.size.max = 1048576 (custom)
2019-11-13 20:40:11,332 [pool-589-thread-1] INFO  server.RaftServerConfigKeys (ConfUtils.java:logGet(43)) - raft.server.log.preallocated.size = 16384 (custom)
2019-11-13 20:40:11,332 [pool-589-thread-1] INFO  server.RaftServerConfigKeys (ConfUtils.java:logGet(43)) - raft.server.log.write.buffer.size = 33554432 (custom)
2019-11-13 20:40:11,332 [pool-589-thread-1] INFO  server.RaftServerConfigKeys (ConfUtils.java:logGet(43)) - raft.server.log.force.sync.num = 128 (default)
2019-11-13 20:40:11,332 [pool-589-thread-1] INFO  server.RaftServerConfigKeys (ConfUtils.java:logGet(43)) - raft.server.log.statemachine.data.sync = true (default)
2019-11-13 20:40:11,332 [pool-589-thread-1] INFO  server.RaftServerConfigKeys (ConfUtils.java:logGet(43)) - raft.server.log.statemachine.data.sync.timeout = 10s (default)
2019-11-13 20:40:11,332 [pool-589-thread-1] INFO  server.RaftServerConfigKeys (ConfUtils.java:logGet(43)) - raft.server.log.statemachine.data.sync.timeout.retry = -1 (default)
2019-11-13 20:40:11,333 [pool-589-thread-1] INFO  server.RaftServerConfigKeys (ConfUtils.java:logGet(43)) - raft.server.log.statemachine.data.caching.enabled = true (custom)
2019-11-13 20:40:11,333 [pool-589-thread-1] INFO  segmented.SegmentedRaftLogWorker (SegmentedRaftLogWorker.java:lambda$new$0(128)) - 777bd53d-1b96-45c1-9d99-437e419e4ea1@group-595DF4808363-SegmentedRaftLogWorker: flushIndex: setUnconditionally 0 -> -1
2019-11-13 20:40:11,333 [pool-589-thread-1] INFO  server.RaftServerConfigKeys (ConfUtils.java:logGet(43)) - raft.server.snapshot.auto.trigger.enabled = true (custom)
2019-11-13 20:40:11,333 [pool-589-thread-1] INFO  server.RaftServerConfigKeys (ConfUtils.java:logGet(43)) - raft.server.snapshot.auto.trigger.threshold = 10000 (custom)
2019-11-13 20:40:11,333 [pool-589-thread-1] INFO  server.RaftServerConfigKeys (ConfUtils.java:logGet(43)) - raft.server.snapshot.retention.file.num = 5 (custom)
2019-11-13 20:40:11,333 [pool-589-thread-1] INFO  server.RaftServerConfigKeys (ConfUtils.java:logGet(43)) - raft.server.retrycache.expirytime = 600000ms (custom)
2019-11-13 20:40:11,334 [pool-589-thread-1] WARN  impl.MetricRegistriesImpl (MetricRegistriesImpl.java:lambda$create$1(61)) - First MetricRegistry has been created without registering reporters. You may need to call MetricRegistries.global().addReportRegistration(...) before.
2019-11-13 20:40:11,334 [pool-589-thread-1] WARN  impl.MetricRegistriesImpl (MetricRegistriesImpl.java:lambda$create$1(61)) - First MetricRegistry has been created without registering reporters. You may need to call MetricRegistries.global().addReportRegistration(...) before.
2019-11-13 20:40:11,334 [pool-589-thread-1] INFO  impl.RaftServerImpl (RaftServerImpl.java:start(184)) - 777bd53d-1b96-45c1-9d99-437e419e4ea1@group-595DF4808363: start as a follower, conf=-1: [777bd53d-1b96-45c1-9d99-437e419e4ea1:192.168.34.20:43853], old=null
2019-11-13 20:40:11,334 [pool-589-thread-1] INFO  impl.RaftServerImpl (RaftServerImpl.java:setRole(173)) - 777bd53d-1b96-45c1-9d99-437e419e4ea1@group-595DF4808363: changes role from      null to FOLLOWER at term 0 for startAsFollower
2019-11-13 20:40:11,334 [pool-589-thread-1] INFO  impl.RoleInfo (RoleInfo.java:updateAndGet(143)) - 777bd53d-1b96-45c1-9d99-437e419e4ea1: start FollowerState
2019-11-13 20:40:11,334 [pool-589-thread-1] INFO  util.JmxRegister (JmxRegister.java:tryRegister(44)) - Successfully registered JMX Bean with object name Ratis:service=RaftServer,group=group-595DF4808363,id=777bd53d-1b96-45c1-9d99-437e419e4ea1
2019-11-13 20:40:11,335 [pool-589-thread-1] WARN  impl.MetricRegistriesImpl (MetricRegistriesImpl.java:lambda$create$1(61)) - First MetricRegistry has been created without registering reporters. You may need to call MetricRegistries.global().addReportRegistration(...) before.
2019-11-13 20:40:11,336 [RatisPipelineUtilsThread] INFO  pipeline.PipelineStateManager (PipelineStateManager.java:addPipeline(55)) - Created pipeline Pipeline[ Id: 9807cbe3-72fc-4075-839a-595df4808363, Nodes: 777bd53d-1b96-45c1-9d99-437e419e4ea1{ip: 192.168.34.20, host: pr-hdds-2470-fxbl9-3826649461, networkLocation: /rack1, certSerialId: null}, Type:RATIS, Factor:ONE, State:ALLOCATED]
2019-11-13 20:40:11,342 [grpc-default-executor-1] INFO  impl.RaftServerProxy (RaftServerProxy.java:addNew(89)) - a35788b4-68d9-46fd-b847-60a9b7211510: addNew group-BFB5FF35FA29:[a35788b4-68d9-46fd-b847-60a9b7211510:192.168.34.20:39245] returns group-BFB5FF35FA29:java.util.concurrent.CompletableFuture@4e82e73c[Not completed]
2019-11-13 20:40:11,343 [pool-599-thread-1] INFO  impl.RaftServerImpl (RaftServerImpl.java:<init>(98)) - a35788b4-68d9-46fd-b847-60a9b7211510: new RaftServerImpl for group-BFB5FF35FA29:[a35788b4-68d9-46fd-b847-60a9b7211510:192.168.34.20:39245] with ContainerStateMachine:uninitialized
2019-11-13 20:40:11,343 [pool-599-thread-1] INFO  server.RaftServerConfigKeys (ConfUtils.java:logGet(43)) - raft.server.rpc.timeout.min = 1s (custom)
2019-11-13 20:40:11,343 [pool-599-thread-1] INFO  server.RaftServerConfigKeys (ConfUtils.java:logGet(43)) - raft.server.rpc.timeout.max = 1200ms (custom)
2019-11-13 20:40:11,343 [pool-599-thread-1] INFO  server.RaftServerConfigKeys (ConfUtils.java:logGet(43)) - raft.server.rpcslowness.timeout = 120s (custom)
2019-11-13 20:40:11,343 [pool-599-thread-1] INFO  server.RaftServerConfigKeys (ConfUtils.java:logGet(43)) - raft.server.sleep.deviation.threshold = 300 (default)
2019-11-13 20:40:11,343 [pool-599-thread-1] INFO  server.RaftServerConfigKeys (ConfUtils.java:logGet(43)) - raft.server.log.appender.install.snapshot.enabled = false (custom)
2019-11-13 20:40:11,344 [pool-599-thread-1] INFO  impl.RaftServerImpl (ServerState.java:<init>(103)) - a35788b4-68d9-46fd-b847-60a9b7211510@group-BFB5FF35FA29: ConfigurationManager, init=-1: [a35788b4-68d9-46fd-b847-60a9b7211510:192.168.34.20:39245], old=null, confs=<EMPTY_MAP>
2019-11-13 20:40:11,344 [pool-599-thread-1] INFO  server.RaftServerConfigKeys (ConfUtils.java:logGet(43)) - raft.server.storage.dir = [/workdir/hadoop-ozone/integration-test/target/test-dir/MiniOzoneClusterImpl-23a5d35f-12cc-4157-b83c-481d86791456/datanode-9/data/ratis] (custom)
2019-11-13 20:40:11,344 [pool-599-thread-1] INFO  server.RaftServerConfigKeys (ConfUtils.java:logGet(43)) - raft.server.log.corruption.policy = EXCEPTION (default)
2019-11-13 20:40:11,344 [pool-599-thread-1] INFO  storage.RaftStorageDirectory (RaftStorageDirectory.java:analyzeStorage(246)) - The storage directory /workdir/hadoop-ozone/integration-test/target/test-dir/MiniOzoneClusterImpl-23a5d35f-12cc-4157-b83c-481d86791456/datanode-9/data/ratis/ae8d1abb-7e8e-4ec4-8060-bfb5ff35fa29 does not exist. Creating ...
2019-11-13 20:40:11,357 [pool-599-thread-1] INFO  storage.RaftStorageDirectory (RaftStorageDirectory.java:tryLock(328)) - Lock on /workdir/hadoop-ozone/integration-test/target/test-dir/MiniOzoneClusterImpl-23a5d35f-12cc-4157-b83c-481d86791456/datanode-9/data/ratis/ae8d1abb-7e8e-4ec4-8060-bfb5ff35fa29/in_use.lock acquired by nodename 4541@pr-hdds-2470-fxbl9-3826649461
2019-11-13 20:40:11,370 [pool-599-thread-1] INFO  storage.RaftStorage (RaftStorage.java:format(84)) - Storage directory /workdir/hadoop-ozone/integration-test/target/test-dir/MiniOzoneClusterImpl-23a5d35f-12cc-4157-b83c-481d86791456/datanode-9/data/ratis/ae8d1abb-7e8e-4ec4-8060-bfb5ff35fa29 has been successfully formatted.
2019-11-13 20:40:11,370 [pool-599-thread-1] INFO  ratis.ContainerStateMachine (ContainerStateMachine.java:loadSnapshot(223)) - group-BFB5FF35FA29: The snapshot info is null. Setting the last applied indexto:(t:0, i:~)
2019-11-13 20:40:11,370 [pool-599-thread-1] INFO  server.RaftServerConfigKeys (ConfUtils.java:logGet(43)) - raft.server.notification.no-leader.timeout = 120s (custom)
2019-11-13 20:40:11,370 [pool-599-thread-1] INFO  server.RaftServerConfigKeys (ConfUtils.java:logGet(43)) - raft.server.log.use.memory = false (default)
2019-11-13 20:40:11,371 [pool-599-thread-1] INFO  server.RaftServerConfigKeys (ConfUtils.java:logGet(43)) - raft.server.log.purge.gap = 1000000 (custom)
2019-11-13 20:40:11,371 [pool-599-thread-1] INFO  server.RaftServerConfigKeys (ConfUtils.java:logGet(43)) - raft.server.log.appender.buffer.byte-limit = 33554432 (custom)
2019-11-13 20:40:11,371 [pool-599-thread-1] INFO  server.RaftServerConfigKeys (ConfUtils.java:logGet(43)) - raft.server.log.segment.size.max = 1048576 (custom)
2019-11-13 20:40:11,371 [pool-599-thread-1] WARN  impl.MetricRegistriesImpl (MetricRegistriesImpl.java:lambda$create$1(61)) - First MetricRegistry has been created without registering reporters. You may need to call MetricRegistries.global().addReportRegistration(...) before.
2019-11-13 20:40:11,371 [pool-599-thread-1] INFO  server.RaftServerConfigKeys (ConfUtils.java:logGet(43)) - raft.server.log.segment.cache.num.max = 2 (custom)
2019-11-13 20:40:11,371 [pool-599-thread-1] INFO  segmented.SegmentedRaftLogWorker (SegmentedRaftLogWorker.java:<init>(173)) - new a35788b4-68d9-46fd-b847-60a9b7211510@group-BFB5FF35FA29-SegmentedRaftLogWorker for RaftStorage:Storage Directory /workdir/hadoop-ozone/integration-test/target/test-dir/MiniOzoneClusterImpl-23a5d35f-12cc-4157-b83c-481d86791456/datanode-9/data/ratis/ae8d1abb-7e8e-4ec4-8060-bfb5ff35fa29
2019-11-13 20:40:11,371 [pool-599-thread-1] INFO  server.RaftServerConfigKeys (ConfUtils.java:logGet(43)) - raft.server.log.queue.byte-limit = 2147483647 (custom)
2019-11-13 20:40:11,371 [pool-599-thread-1] INFO  server.RaftServerConfigKeys (ConfUtils.java:logGet(43)) - raft.server.log.queue.element-limit = 1024 (custom)
2019-11-13 20:40:11,371 [pool-599-thread-1] INFO  server.RaftServerConfigKeys (ConfUtils.java:logGet(43)) - raft.server.log.segment.size.max = 1048576 (custom)
2019-11-13 20:40:11,371 [pool-599-thread-1] INFO  server.RaftServerConfigKeys (ConfUtils.java:logGet(43)) - raft.server.log.preallocated.size = 16384 (custom)
2019-11-13 20:40:11,372 [pool-599-thread-1] INFO  server.RaftServerConfigKeys (ConfUtils.java:logGet(43)) - raft.server.log.write.buffer.size = 33554432 (custom)
2019-11-13 20:40:11,372 [pool-599-thread-1] INFO  server.RaftServerConfigKeys (ConfUtils.java:logGet(43)) - raft.server.log.force.sync.num = 128 (default)
2019-11-13 20:40:11,372 [pool-599-thread-1] INFO  server.RaftServerConfigKeys (ConfUtils.java:logGet(43)) - raft.server.log.statemachine.data.sync = true (default)
2019-11-13 20:40:11,372 [pool-599-thread-1] INFO  server.RaftServerConfigKeys (ConfUtils.java:logGet(43)) - raft.server.log.statemachine.data.sync.timeout = 10s (default)
2019-11-13 20:40:11,372 [pool-599-thread-1] INFO  server.RaftServerConfigKeys (ConfUtils.java:logGet(43)) - raft.server.log.statemachine.data.sync.timeout.retry = -1 (default)
2019-11-13 20:40:11,372 [pool-599-thread-1] INFO  server.RaftServerConfigKeys (ConfUtils.java:logGet(43)) - raft.server.log.statemachine.data.caching.enabled = true (custom)
2019-11-13 20:40:11,372 [pool-599-thread-1] INFO  segmented.SegmentedRaftLogWorker (SegmentedRaftLogWorker.java:lambda$new$0(128)) - a35788b4-68d9-46fd-b847-60a9b7211510@group-BFB5FF35FA29-SegmentedRaftLogWorker: flushIndex: setUnconditionally 0 -> -1
2019-11-13 20:40:11,372 [pool-599-thread-1] INFO  server.RaftServerConfigKeys (ConfUtils.java:logGet(43)) - raft.server.snapshot.auto.trigger.enabled = true (custom)
2019-11-13 20:40:11,373 [pool-599-thread-1] INFO  server.RaftServerConfigKeys (ConfUtils.java:logGet(43)) - raft.server.snapshot.auto.trigger.threshold = 10000 (custom)
2019-11-13 20:40:11,373 [pool-599-thread-1] INFO  server.RaftServerConfigKeys (ConfUtils.java:logGet(43)) - raft.server.snapshot.retention.file.num = 5 (custom)
2019-11-13 20:40:11,373 [pool-599-thread-1] INFO  server.RaftServerConfigKeys (ConfUtils.java:logGet(43)) - raft.server.retrycache.expirytime = 600000ms (custom)
2019-11-13 20:40:11,373 [pool-599-thread-1] WARN  impl.MetricRegistriesImpl (MetricRegistriesImpl.java:lambda$create$1(61)) - First MetricRegistry has been created without registering reporters. You may need to call MetricRegistries.global().addReportRegistration(...) before.
2019-11-13 20:40:11,373 [pool-599-thread-1] WARN  impl.MetricRegistriesImpl (MetricRegistriesImpl.java:lambda$create$1(61)) - First MetricRegistry has been created without registering reporters. You may need to call MetricRegistries.global().addReportRegistration(...) before.
2019-11-13 20:40:11,373 [pool-599-thread-1] INFO  impl.RaftServerImpl (RaftServerImpl.java:start(184)) - a35788b4-68d9-46fd-b847-60a9b7211510@group-BFB5FF35FA29: start as a follower, conf=-1: [a35788b4-68d9-46fd-b847-60a9b7211510:192.168.34.20:39245], old=null
2019-11-13 20:40:11,373 [pool-599-thread-1] INFO  impl.RaftServerImpl (RaftServerImpl.java:setRole(173)) - a35788b4-68d9-46fd-b847-60a9b7211510@group-BFB5FF35FA29: changes role from      null to FOLLOWER at term 0 for startAsFollower
2019-11-13 20:40:11,373 [pool-599-thread-1] INFO  impl.RoleInfo (RoleInfo.java:updateAndGet(143)) - a35788b4-68d9-46fd-b847-60a9b7211510: start FollowerState
2019-11-13 20:40:11,373 [pool-599-thread-1] INFO  util.JmxRegister (JmxRegister.java:tryRegister(44)) - Successfully registered JMX Bean with object name Ratis:service=RaftServer,group=group-BFB5FF35FA29,id=a35788b4-68d9-46fd-b847-60a9b7211510
2019-11-13 20:40:11,374 [pool-599-thread-1] WARN  impl.MetricRegistriesImpl (MetricRegistriesImpl.java:lambda$create$1(61)) - First MetricRegistry has been created without registering reporters. You may need to call MetricRegistries.global().addReportRegistration(...) before.
2019-11-13 20:40:11,375 [RatisPipelineUtilsThread] INFO  pipeline.PipelineStateManager (PipelineStateManager.java:addPipeline(55)) - Created pipeline Pipeline[ Id: ae8d1abb-7e8e-4ec4-8060-bfb5ff35fa29, Nodes: a35788b4-68d9-46fd-b847-60a9b7211510{ip: 192.168.34.20, host: pr-hdds-2470-fxbl9-3826649461, networkLocation: /rack1, certSerialId: null}, Type:RATIS, Factor:ONE, State:ALLOCATED]
2019-11-13 20:40:11,384 [grpc-default-executor-4] INFO  impl.RaftServerProxy (RaftServerProxy.java:addNew(89)) - e207fbae-fd28-42f6-9bb4-297c35844d9f: addNew group-3EA5D500EF6D:[11bf945c-44a0-4fdd-85a2-60a349617ab7:192.168.34.20:36272, a35788b4-68d9-46fd-b847-60a9b7211510:192.168.34.20:39245, e207fbae-fd28-42f6-9bb4-297c35844d9f:192.168.34.20:33417] returns group-3EA5D500EF6D:java.util.concurrent.CompletableFuture@376c07c4[Not completed]
2019-11-13 20:40:11,384 [grpc-default-executor-1] INFO  impl.RaftServerProxy (RaftServerProxy.java:addNew(89)) - 11bf945c-44a0-4fdd-85a2-60a349617ab7: addNew group-3EA5D500EF6D:[11bf945c-44a0-4fdd-85a2-60a349617ab7:192.168.34.20:36272, a35788b4-68d9-46fd-b847-60a9b7211510:192.168.34.20:39245, e207fbae-fd28-42f6-9bb4-297c35844d9f:192.168.34.20:33417] returns group-3EA5D500EF6D:java.util.concurrent.CompletableFuture@4b1327ba[Not completed]
2019-11-13 20:40:11,384 [grpc-default-executor-2] INFO  impl.RaftServerProxy (RaftServerProxy.java:addNew(89)) - a35788b4-68d9-46fd-b847-60a9b7211510: addNew group-3EA5D500EF6D:[11bf945c-44a0-4fdd-85a2-60a349617ab7:192.168.34.20:36272, a35788b4-68d9-46fd-b847-60a9b7211510:192.168.34.20:39245, e207fbae-fd28-42f6-9bb4-297c35844d9f:192.168.34.20:33417] returns group-3EA5D500EF6D:java.util.concurrent.CompletableFuture@25ad4c67[Not completed]
2019-11-13 20:40:11,385 [pool-569-thread-1] INFO  impl.RaftServerImpl (RaftServerImpl.java:<init>(98)) - e207fbae-fd28-42f6-9bb4-297c35844d9f: new RaftServerImpl for group-3EA5D500EF6D:[11bf945c-44a0-4fdd-85a2-60a349617ab7:192.168.34.20:36272, a35788b4-68d9-46fd-b847-60a9b7211510:192.168.34.20:39245, e207fbae-fd28-42f6-9bb4-297c35844d9f:192.168.34.20:33417] with ContainerStateMachine:uninitialized
2019-11-13 20:40:11,386 [pool-569-thread-1] INFO  server.RaftServerConfigKeys (ConfUtils.java:logGet(43)) - raft.server.rpc.timeout.min = 1s (custom)
2019-11-13 20:40:11,386 [pool-569-thread-1] INFO  server.RaftServerConfigKeys (ConfUtils.java:logGet(43)) - raft.server.rpc.timeout.max = 1200ms (custom)
2019-11-13 20:40:11,386 [pool-569-thread-1] INFO  server.RaftServerConfigKeys (ConfUtils.java:logGet(43)) - raft.server.rpcslowness.timeout = 120s (custom)
2019-11-13 20:40:11,386 [pool-569-thread-1] INFO  server.RaftServerConfigKeys (ConfUtils.java:logGet(43)) - raft.server.sleep.deviation.threshold = 300 (default)
2019-11-13 20:40:11,386 [pool-569-thread-1] INFO  server.RaftServerConfigKeys (ConfUtils.java:logGet(43)) - raft.server.log.appender.install.snapshot.enabled = false (custom)
2019-11-13 20:40:11,386 [pool-569-thread-1] INFO  impl.RaftServerImpl (ServerState.java:<init>(103)) - e207fbae-fd28-42f6-9bb4-297c35844d9f@group-3EA5D500EF6D: ConfigurationManager, init=-1: [11bf945c-44a0-4fdd-85a2-60a349617ab7:192.168.34.20:36272, a35788b4-68d9-46fd-b847-60a9b7211510:192.168.34.20:39245, e207fbae-fd28-42f6-9bb4-297c35844d9f:192.168.34.20:33417], old=null, confs=<EMPTY_MAP>
2019-11-13 20:40:11,386 [pool-579-thread-1] INFO  impl.RaftServerImpl (RaftServerImpl.java:<init>(98)) - 11bf945c-44a0-4fdd-85a2-60a349617ab7: new RaftServerImpl for group-3EA5D500EF6D:[11bf945c-44a0-4fdd-85a2-60a349617ab7:192.168.34.20:36272, a35788b4-68d9-46fd-b847-60a9b7211510:192.168.34.20:39245, e207fbae-fd28-42f6-9bb4-297c35844d9f:192.168.34.20:33417] with ContainerStateMachine:uninitialized
2019-11-13 20:40:11,386 [pool-569-thread-1] INFO  server.RaftServerConfigKeys (ConfUtils.java:logGet(43)) - raft.server.storage.dir = [/workdir/hadoop-ozone/integration-test/target/test-dir/MiniOzoneClusterImpl-23a5d35f-12cc-4157-b83c-481d86791456/datanode-6/data/ratis] (custom)
2019-11-13 20:40:11,386 [pool-579-thread-1] INFO  server.RaftServerConfigKeys (ConfUtils.java:logGet(43)) - raft.server.rpc.timeout.min = 1s (custom)
2019-11-13 20:40:11,387 [pool-579-thread-1] INFO  server.RaftServerConfigKeys (ConfUtils.java:logGet(43)) - raft.server.rpc.timeout.max = 1200ms (custom)
2019-11-13 20:40:11,387 [pool-599-thread-1] INFO  impl.RaftServerImpl (RaftServerImpl.java:<init>(98)) - a35788b4-68d9-46fd-b847-60a9b7211510: new RaftServerImpl for group-3EA5D500EF6D:[11bf945c-44a0-4fdd-85a2-60a349617ab7:192.168.34.20:36272, a35788b4-68d9-46fd-b847-60a9b7211510:192.168.34.20:39245, e207fbae-fd28-42f6-9bb4-297c35844d9f:192.168.34.20:33417] with ContainerStateMachine:uninitialized
2019-11-13 20:40:11,387 [pool-569-thread-1] INFO  server.RaftServerConfigKeys (ConfUtils.java:logGet(43)) - raft.server.log.corruption.policy = EXCEPTION (default)
2019-11-13 20:40:11,387 [pool-599-thread-1] INFO  server.RaftServerConfigKeys (ConfUtils.java:logGet(43)) - raft.server.rpc.timeout.min = 1s (custom)
2019-11-13 20:40:11,387 [pool-599-thread-1] INFO  server.RaftServerConfigKeys (ConfUtils.java:logGet(43)) - raft.server.rpc.timeout.max = 1200ms (custom)
2019-11-13 20:40:11,387 [pool-579-thread-1] INFO  server.RaftServerConfigKeys (ConfUtils.java:logGet(43)) - raft.server.rpcslowness.timeout = 120s (custom)
2019-11-13 20:40:11,387 [pool-599-thread-1] INFO  server.RaftServerConfigKeys (ConfUtils.java:logGet(43)) - raft.server.rpcslowness.timeout = 120s (custom)
2019-11-13 20:40:11,387 [pool-569-thread-1] INFO  storage.RaftStorageDirectory (RaftStorageDirectory.java:analyzeStorage(246)) - The storage directory /workdir/hadoop-ozone/integration-test/target/test-dir/MiniOzoneClusterImpl-23a5d35f-12cc-4157-b83c-481d86791456/datanode-6/data/ratis/f1817d3d-ba30-4424-890f-3ea5d500ef6d does not exist. Creating ...
2019-11-13 20:40:11,387 [pool-599-thread-1] INFO  server.RaftServerConfigKeys (ConfUtils.java:logGet(43)) - raft.server.sleep.deviation.threshold = 300 (default)
2019-11-13 20:40:11,388 [pool-599-thread-1] INFO  server.RaftServerConfigKeys (ConfUtils.java:logGet(43)) - raft.server.log.appender.install.snapshot.enabled = false (custom)
2019-11-13 20:40:11,387 [pool-579-thread-1] INFO  server.RaftServerConfigKeys (ConfUtils.java:logGet(43)) - raft.server.sleep.deviation.threshold = 300 (default)
2019-11-13 20:40:11,388 [pool-599-thread-1] INFO  impl.RaftServerImpl (ServerState.java:<init>(103)) - a35788b4-68d9-46fd-b847-60a9b7211510@group-3EA5D500EF6D: ConfigurationManager, init=-1: [11bf945c-44a0-4fdd-85a2-60a349617ab7:192.168.34.20:36272, a35788b4-68d9-46fd-b847-60a9b7211510:192.168.34.20:39245, e207fbae-fd28-42f6-9bb4-297c35844d9f:192.168.34.20:33417], old=null, confs=<EMPTY_MAP>
2019-11-13 20:40:11,388 [pool-579-thread-1] INFO  server.RaftServerConfigKeys (ConfUtils.java:logGet(43)) - raft.server.log.appender.install.snapshot.enabled = false (custom)
2019-11-13 20:40:11,388 [pool-599-thread-1] INFO  server.RaftServerConfigKeys (ConfUtils.java:logGet(43)) - raft.server.storage.dir = [/workdir/hadoop-ozone/integration-test/target/test-dir/MiniOzoneClusterImpl-23a5d35f-12cc-4157-b83c-481d86791456/datanode-9/data/ratis] (custom)
2019-11-13 20:40:11,388 [pool-579-thread-1] INFO  impl.RaftServerImpl (ServerState.java:<init>(103)) - 11bf945c-44a0-4fdd-85a2-60a349617ab7@group-3EA5D500EF6D: ConfigurationManager, init=-1: [11bf945c-44a0-4fdd-85a2-60a349617ab7:192.168.34.20:36272, a35788b4-68d9-46fd-b847-60a9b7211510:192.168.34.20:39245, e207fbae-fd28-42f6-9bb4-297c35844d9f:192.168.34.20:33417], old=null, confs=<EMPTY_MAP>
2019-11-13 20:40:11,388 [pool-599-thread-1] INFO  server.RaftServerConfigKeys (ConfUtils.java:logGet(43)) - raft.server.log.corruption.policy = EXCEPTION (default)
2019-11-13 20:40:11,388 [pool-579-thread-1] INFO  server.RaftServerConfigKeys (ConfUtils.java:logGet(43)) - raft.server.storage.dir = [/workdir/hadoop-ozone/integration-test/target/test-dir/MiniOzoneClusterImpl-23a5d35f-12cc-4157-b83c-481d86791456/datanode-7/data/ratis] (custom)
2019-11-13 20:40:11,389 [pool-599-thread-1] INFO  storage.RaftStorageDirectory (RaftStorageDirectory.java:analyzeStorage(246)) - The storage directory /workdir/hadoop-ozone/integration-test/target/test-dir/MiniOzoneClusterImpl-23a5d35f-12cc-4157-b83c-481d86791456/datanode-9/data/ratis/f1817d3d-ba30-4424-890f-3ea5d500ef6d does not exist. Creating ...
2019-11-13 20:40:11,389 [pool-579-thread-1] INFO  server.RaftServerConfigKeys (ConfUtils.java:logGet(43)) - raft.server.log.corruption.policy = EXCEPTION (default)
2019-11-13 20:40:11,389 [pool-579-thread-1] INFO  storage.RaftStorageDirectory (RaftStorageDirectory.java:analyzeStorage(246)) - The storage directory /workdir/hadoop-ozone/integration-test/target/test-dir/MiniOzoneClusterImpl-23a5d35f-12cc-4157-b83c-481d86791456/datanode-7/data/ratis/f1817d3d-ba30-4424-890f-3ea5d500ef6d does not exist. Creating ...
2019-11-13 20:40:11,401 [pool-579-thread-1] INFO  storage.RaftStorageDirectory (RaftStorageDirectory.java:tryLock(328)) - Lock on /workdir/hadoop-ozone/integration-test/target/test-dir/MiniOzoneClusterImpl-23a5d35f-12cc-4157-b83c-481d86791456/datanode-7/data/ratis/f1817d3d-ba30-4424-890f-3ea5d500ef6d/in_use.lock acquired by nodename 4541@pr-hdds-2470-fxbl9-3826649461
2019-11-13 20:40:11,401 [pool-569-thread-1] INFO  storage.RaftStorageDirectory (RaftStorageDirectory.java:tryLock(328)) - Lock on /workdir/hadoop-ozone/integration-test/target/test-dir/MiniOzoneClusterImpl-23a5d35f-12cc-4157-b83c-481d86791456/datanode-6/data/ratis/f1817d3d-ba30-4424-890f-3ea5d500ef6d/in_use.lock acquired by nodename 4541@pr-hdds-2470-fxbl9-3826649461
2019-11-13 20:40:11,401 [pool-599-thread-1] INFO  storage.RaftStorageDirectory (RaftStorageDirectory.java:tryLock(328)) - Lock on /workdir/hadoop-ozone/integration-test/target/test-dir/MiniOzoneClusterImpl-23a5d35f-12cc-4157-b83c-481d86791456/datanode-9/data/ratis/f1817d3d-ba30-4424-890f-3ea5d500ef6d/in_use.lock acquired by nodename 4541@pr-hdds-2470-fxbl9-3826649461
2019-11-13 20:40:11,415 [pool-599-thread-1] INFO  storage.RaftStorage (RaftStorage.java:format(84)) - Storage directory /workdir/hadoop-ozone/integration-test/target/test-dir/MiniOzoneClusterImpl-23a5d35f-12cc-4157-b83c-481d86791456/datanode-9/data/ratis/f1817d3d-ba30-4424-890f-3ea5d500ef6d has been successfully formatted.
2019-11-13 20:40:11,415 [pool-569-thread-1] INFO  storage.RaftStorage (RaftStorage.java:format(84)) - Storage directory /workdir/hadoop-ozone/integration-test/target/test-dir/MiniOzoneClusterImpl-23a5d35f-12cc-4157-b83c-481d86791456/datanode-6/data/ratis/f1817d3d-ba30-4424-890f-3ea5d500ef6d has been successfully formatted.
2019-11-13 20:40:11,415 [pool-579-thread-1] INFO  storage.RaftStorage (RaftStorage.java:format(84)) - Storage directory /workdir/hadoop-ozone/integration-test/target/test-dir/MiniOzoneClusterImpl-23a5d35f-12cc-4157-b83c-481d86791456/datanode-7/data/ratis/f1817d3d-ba30-4424-890f-3ea5d500ef6d has been successfully formatted.
2019-11-13 20:40:11,415 [pool-599-thread-1] INFO  ratis.ContainerStateMachine (ContainerStateMachine.java:loadSnapshot(223)) - group-3EA5D500EF6D: The snapshot info is null. Setting the last applied indexto:(t:0, i:~)
2019-11-13 20:40:11,415 [pool-579-thread-1] INFO  ratis.ContainerStateMachine (ContainerStateMachine.java:loadSnapshot(223)) - group-3EA5D500EF6D: The snapshot info is null. Setting the last applied indexto:(t:0, i:~)
2019-11-13 20:40:11,415 [pool-569-thread-1] INFO  ratis.ContainerStateMachine (ContainerStateMachine.java:loadSnapshot(223)) - group-3EA5D500EF6D: The snapshot info is null. Setting the last applied indexto:(t:0, i:~)
2019-11-13 20:40:11,415 [pool-579-thread-1] INFO  server.RaftServerConfigKeys (ConfUtils.java:logGet(43)) - raft.server.notification.no-leader.timeout = 120s (custom)
2019-11-13 20:40:11,415 [pool-599-thread-1] INFO  server.RaftServerConfigKeys (ConfUtils.java:logGet(43)) - raft.server.notification.no-leader.timeout = 120s (custom)
2019-11-13 20:40:11,415 [pool-579-thread-1] INFO  server.RaftServerConfigKeys (ConfUtils.java:logGet(43)) - raft.server.log.use.memory = false (default)
2019-11-13 20:40:11,415 [pool-569-thread-1] INFO  server.RaftServerConfigKeys (ConfUtils.java:logGet(43)) - raft.server.notification.no-leader.timeout = 120s (custom)
2019-11-13 20:40:11,416 [pool-579-thread-1] INFO  server.RaftServerConfigKeys (ConfUtils.java:logGet(43)) - raft.server.log.purge.gap = 1000000 (custom)
2019-11-13 20:40:11,416 [pool-599-thread-1] INFO  server.RaftServerConfigKeys (ConfUtils.java:logGet(43)) - raft.server.log.use.memory = false (default)
2019-11-13 20:40:11,416 [pool-579-thread-1] INFO  server.RaftServerConfigKeys (ConfUtils.java:logGet(43)) - raft.server.log.appender.buffer.byte-limit = 33554432 (custom)
2019-11-13 20:40:11,416 [pool-569-thread-1] INFO  server.RaftServerConfigKeys (ConfUtils.java:logGet(43)) - raft.server.log.use.memory = false (default)
2019-11-13 20:40:11,416 [pool-579-thread-1] INFO  server.RaftServerConfigKeys (ConfUtils.java:logGet(43)) - raft.server.log.segment.size.max = 1048576 (custom)
2019-11-13 20:40:11,416 [pool-599-thread-1] INFO  server.RaftServerConfigKeys (ConfUtils.java:logGet(43)) - raft.server.log.purge.gap = 1000000 (custom)
2019-11-13 20:40:11,416 [pool-579-thread-1] INFO  server.RaftServerConfigKeys (ConfUtils.java:logGet(43)) - raft.server.log.segment.cache.num.max = 2 (custom)
2019-11-13 20:40:11,416 [pool-569-thread-1] INFO  server.RaftServerConfigKeys (ConfUtils.java:logGet(43)) - raft.server.log.purge.gap = 1000000 (custom)
2019-11-13 20:40:11,417 [pool-579-thread-1] INFO  segmented.SegmentedRaftLogWorker (SegmentedRaftLogWorker.java:<init>(173)) - new 11bf945c-44a0-4fdd-85a2-60a349617ab7@group-3EA5D500EF6D-SegmentedRaftLogWorker for RaftStorage:Storage Directory /workdir/hadoop-ozone/integration-test/target/test-dir/MiniOzoneClusterImpl-23a5d35f-12cc-4157-b83c-481d86791456/datanode-7/data/ratis/f1817d3d-ba30-4424-890f-3ea5d500ef6d
2019-11-13 20:40:11,417 [pool-579-thread-1] INFO  server.RaftServerConfigKeys (ConfUtils.java:logGet(43)) - raft.server.log.queue.byte-limit = 2147483647 (custom)
2019-11-13 20:40:11,416 [pool-599-thread-1] INFO  server.RaftServerConfigKeys (ConfUtils.java:logGet(43)) - raft.server.log.appender.buffer.byte-limit = 33554432 (custom)
2019-11-13 20:40:11,417 [pool-579-thread-1] INFO  server.RaftServerConfigKeys (ConfUtils.java:logGet(43)) - raft.server.log.queue.element-limit = 1024 (custom)
2019-11-13 20:40:11,417 [pool-569-thread-1] INFO  server.RaftServerConfigKeys (ConfUtils.java:logGet(43)) - raft.server.log.appender.buffer.byte-limit = 33554432 (custom)
2019-11-13 20:40:11,417 [pool-579-thread-1] INFO  server.RaftServerConfigKeys (ConfUtils.java:logGet(43)) - raft.server.log.segment.size.max = 1048576 (custom)
2019-11-13 20:40:11,417 [pool-599-thread-1] INFO  server.RaftServerConfigKeys (ConfUtils.java:logGet(43)) - raft.server.log.segment.size.max = 1048576 (custom)
2019-11-13 20:40:11,417 [pool-579-thread-1] INFO  server.RaftServerConfigKeys (ConfUtils.java:logGet(43)) - raft.server.log.preallocated.size = 16384 (custom)
2019-11-13 20:40:11,417 [pool-569-thread-1] INFO  server.RaftServerConfigKeys (ConfUtils.java:logGet(43)) - raft.server.log.segment.size.max = 1048576 (custom)
2019-11-13 20:40:11,417 [pool-579-thread-1] INFO  server.RaftServerConfigKeys (ConfUtils.java:logGet(43)) - raft.server.log.write.buffer.size = 33554432 (custom)
2019-11-13 20:40:11,418 [pool-579-thread-1] INFO  server.RaftServerConfigKeys (ConfUtils.java:logGet(43)) - raft.server.log.force.sync.num = 128 (default)
2019-11-13 20:40:11,417 [pool-599-thread-1] INFO  server.RaftServerConfigKeys (ConfUtils.java:logGet(43)) - raft.server.log.segment.cache.num.max = 2 (custom)
2019-11-13 20:40:11,418 [pool-579-thread-1] INFO  server.RaftServerConfigKeys (ConfUtils.java:logGet(43)) - raft.server.log.statemachine.data.sync = true (default)
2019-11-13 20:40:11,418 [pool-569-thread-1] INFO  server.RaftServerConfigKeys (ConfUtils.java:logGet(43)) - raft.server.log.segment.cache.num.max = 2 (custom)
2019-11-13 20:40:11,418 [pool-579-thread-1] INFO  server.RaftServerConfigKeys (ConfUtils.java:logGet(43)) - raft.server.log.statemachine.data.sync.timeout = 10s (default)
2019-11-13 20:40:11,418 [pool-599-thread-1] INFO  segmented.SegmentedRaftLogWorker (SegmentedRaftLogWorker.java:<init>(173)) - new a35788b4-68d9-46fd-b847-60a9b7211510@group-3EA5D500EF6D-SegmentedRaftLogWorker for RaftStorage:Storage Directory /workdir/hadoop-ozone/integration-test/target/test-dir/MiniOzoneClusterImpl-23a5d35f-12cc-4157-b83c-481d86791456/datanode-9/data/ratis/f1817d3d-ba30-4424-890f-3ea5d500ef6d
2019-11-13 20:40:11,418 [pool-579-thread-1] INFO  server.RaftServerConfigKeys (ConfUtils.java:logGet(43)) - raft.server.log.statemachine.data.sync.timeout.retry = -1 (default)
2019-11-13 20:40:11,418 [pool-569-thread-1] INFO  segmented.SegmentedRaftLogWorker (SegmentedRaftLogWorker.java:<init>(173)) - new e207fbae-fd28-42f6-9bb4-297c35844d9f@group-3EA5D500EF6D-SegmentedRaftLogWorker for RaftStorage:Storage Directory /workdir/hadoop-ozone/integration-test/target/test-dir/MiniOzoneClusterImpl-23a5d35f-12cc-4157-b83c-481d86791456/datanode-6/data/ratis/f1817d3d-ba30-4424-890f-3ea5d500ef6d
2019-11-13 20:40:11,419 [pool-579-thread-1] INFO  server.RaftServerConfigKeys (ConfUtils.java:logGet(43)) - raft.server.log.statemachine.data.caching.enabled = true (custom)
2019-11-13 20:40:11,418 [pool-599-thread-1] INFO  server.RaftServerConfigKeys (ConfUtils.java:logGet(43)) - raft.server.log.queue.byte-limit = 2147483647 (custom)
2019-11-13 20:40:11,419 [pool-569-thread-1] INFO  server.RaftServerConfigKeys (ConfUtils.java:logGet(43)) - raft.server.log.queue.byte-limit = 2147483647 (custom)
2019-11-13 20:40:11,419 [pool-579-thread-1] INFO  segmented.SegmentedRaftLogWorker (SegmentedRaftLogWorker.java:lambda$new$0(128)) - 11bf945c-44a0-4fdd-85a2-60a349617ab7@group-3EA5D500EF6D-SegmentedRaftLogWorker: flushIndex: setUnconditionally 0 -> -1
2019-11-13 20:40:11,419 [pool-599-thread-1] INFO  server.RaftServerConfigKeys (ConfUtils.java:logGet(43)) - raft.server.log.queue.element-limit = 1024 (custom)
2019-11-13 20:40:11,419 [pool-599-thread-1] INFO  server.RaftServerConfigKeys (ConfUtils.java:logGet(43)) - raft.server.log.segment.size.max = 1048576 (custom)
2019-11-13 20:40:11,419 [pool-579-thread-1] INFO  server.RaftServerConfigKeys (ConfUtils.java:logGet(43)) - raft.server.snapshot.auto.trigger.enabled = true (custom)
2019-11-13 20:40:11,419 [pool-569-thread-1] INFO  server.RaftServerConfigKeys (ConfUtils.java:logGet(43)) - raft.server.log.queue.element-limit = 1024 (custom)
2019-11-13 20:40:11,419 [pool-579-thread-1] INFO  server.RaftServerConfigKeys (ConfUtils.java:logGet(43)) - raft.server.snapshot.auto.trigger.threshold = 10000 (custom)
2019-11-13 20:40:11,420 [pool-579-thread-1] INFO  server.RaftServerConfigKeys (ConfUtils.java:logGet(43)) - raft.server.snapshot.retention.file.num = 5 (custom)
2019-11-13 20:40:11,419 [pool-599-thread-1] INFO  server.RaftServerConfigKeys (ConfUtils.java:logGet(43)) - raft.server.log.preallocated.size = 16384 (custom)
2019-11-13 20:40:11,420 [pool-579-thread-1] INFO  server.RaftServerConfigKeys (ConfUtils.java:logGet(43)) - raft.server.retrycache.expirytime = 600000ms (custom)
2019-11-13 20:40:11,419 [pool-569-thread-1] INFO  server.RaftServerConfigKeys (ConfUtils.java:logGet(43)) - raft.server.log.segment.size.max = 1048576 (custom)
2019-11-13 20:40:11,420 [pool-579-thread-1] WARN  impl.MetricRegistriesImpl (MetricRegistriesImpl.java:lambda$create$1(61)) - First MetricRegistry has been created without registering reporters. You may need to call MetricRegistries.global().addReportRegistration(...) before.
2019-11-13 20:40:11,420 [pool-579-thread-1] WARN  impl.MetricRegistriesImpl (MetricRegistriesImpl.java:lambda$create$1(61)) - First MetricRegistry has been created without registering reporters. You may need to call MetricRegistries.global().addReportRegistration(...) before.
2019-11-13 20:40:11,420 [pool-599-thread-1] INFO  server.RaftServerConfigKeys (ConfUtils.java:logGet(43)) - raft.server.log.write.buffer.size = 33554432 (custom)
2019-11-13 20:40:11,420 [pool-579-thread-1] INFO  impl.RaftServerImpl (RaftServerImpl.java:start(184)) - 11bf945c-44a0-4fdd-85a2-60a349617ab7@group-3EA5D500EF6D: start as a follower, conf=-1: [11bf945c-44a0-4fdd-85a2-60a349617ab7:192.168.34.20:36272, a35788b4-68d9-46fd-b847-60a9b7211510:192.168.34.20:39245, e207fbae-fd28-42f6-9bb4-297c35844d9f:192.168.34.20:33417], old=null
2019-11-13 20:40:11,421 [pool-579-thread-1] INFO  impl.RaftServerImpl (RaftServerImpl.java:setRole(173)) - 11bf945c-44a0-4fdd-85a2-60a349617ab7@group-3EA5D500EF6D: changes role from      null to FOLLOWER at term 0 for startAsFollower
2019-11-13 20:40:11,420 [pool-569-thread-1] INFO  server.RaftServerConfigKeys (ConfUtils.java:logGet(43)) - raft.server.log.preallocated.size = 16384 (custom)
2019-11-13 20:40:11,421 [pool-579-thread-1] INFO  impl.RoleInfo (RoleInfo.java:updateAndGet(143)) - 11bf945c-44a0-4fdd-85a2-60a349617ab7: start FollowerState
2019-11-13 20:40:11,420 [pool-599-thread-1] INFO  server.RaftServerConfigKeys (ConfUtils.java:logGet(43)) - raft.server.log.force.sync.num = 128 (default)
2019-11-13 20:40:11,421 [pool-569-thread-1] INFO  server.RaftServerConfigKeys (ConfUtils.java:logGet(43)) - raft.server.log.write.buffer.size = 33554432 (custom)
2019-11-13 20:40:11,421 [pool-579-thread-1] INFO  util.JmxRegister (JmxRegister.java:tryRegister(44)) - Successfully registered JMX Bean with object name Ratis:service=RaftServer,group=group-3EA5D500EF6D,id=11bf945c-44a0-4fdd-85a2-60a349617ab7
2019-11-13 20:40:11,421 [pool-599-thread-1] INFO  server.RaftServerConfigKeys (ConfUtils.java:logGet(43)) - raft.server.log.statemachine.data.sync = true (default)
2019-11-13 20:40:11,421 [pool-579-thread-1] WARN  impl.MetricRegistriesImpl (MetricRegistriesImpl.java:lambda$create$1(61)) - First MetricRegistry has been created without registering reporters. You may need to call MetricRegistries.global().addReportRegistration(...) before.
2019-11-13 20:40:11,421 [pool-569-thread-1] INFO  server.RaftServerConfigKeys (ConfUtils.java:logGet(43)) - raft.server.log.force.sync.num = 128 (default)
2019-11-13 20:40:11,421 [pool-599-thread-1] INFO  server.RaftServerConfigKeys (ConfUtils.java:logGet(43)) - raft.server.log.statemachine.data.sync.timeout = 10s (default)
2019-11-13 20:40:11,422 [pool-569-thread-1] INFO  server.RaftServerConfigKeys (ConfUtils.java:logGet(43)) - raft.server.log.statemachine.data.sync = true (default)
2019-11-13 20:40:11,422 [pool-599-thread-1] INFO  server.RaftServerConfigKeys (ConfUtils.java:logGet(43)) - raft.server.log.statemachine.data.sync.timeout.retry = -1 (default)
2019-11-13 20:40:11,422 [pool-569-thread-1] INFO  server.RaftServerConfigKeys (ConfUtils.java:logGet(43)) - raft.server.log.statemachine.data.sync.timeout = 10s (default)
2019-11-13 20:40:11,422 [pool-599-thread-1] INFO  server.RaftServerConfigKeys (ConfUtils.java:logGet(43)) - raft.server.log.statemachine.data.caching.enabled = true (custom)
2019-11-13 20:40:11,422 [pool-569-thread-1] INFO  server.RaftServerConfigKeys (ConfUtils.java:logGet(43)) - raft.server.log.statemachine.data.sync.timeout.retry = -1 (default)
2019-11-13 20:40:11,422 [pool-599-thread-1] INFO  segmented.SegmentedRaftLogWorker (SegmentedRaftLogWorker.java:lambda$new$0(128)) - a35788b4-68d9-46fd-b847-60a9b7211510@group-3EA5D500EF6D-SegmentedRaftLogWorker: flushIndex: setUnconditionally 0 -> -1
2019-11-13 20:40:11,422 [pool-569-thread-1] INFO  server.RaftServerConfigKeys (ConfUtils.java:logGet(43)) - raft.server.log.statemachine.data.caching.enabled = true (custom)
2019-11-13 20:40:11,423 [pool-599-thread-1] INFO  server.RaftServerConfigKeys (ConfUtils.java:logGet(43)) - raft.server.snapshot.auto.trigger.enabled = true (custom)
2019-11-13 20:40:11,423 [pool-569-thread-1] INFO  segmented.SegmentedRaftLogWorker (SegmentedRaftLogWorker.java:lambda$new$0(128)) - e207fbae-fd28-42f6-9bb4-297c35844d9f@group-3EA5D500EF6D-SegmentedRaftLogWorker: flushIndex: setUnconditionally 0 -> -1
2019-11-13 20:40:11,423 [pool-599-thread-1] INFO  server.RaftServerConfigKeys (ConfUtils.java:logGet(43)) - raft.server.snapshot.auto.trigger.threshold = 10000 (custom)
2019-11-13 20:40:11,423 [pool-569-thread-1] INFO  server.RaftServerConfigKeys (ConfUtils.java:logGet(43)) - raft.server.snapshot.auto.trigger.enabled = true (custom)
2019-11-13 20:40:11,423 [pool-599-thread-1] INFO  server.RaftServerConfigKeys (ConfUtils.java:logGet(43)) - raft.server.snapshot.retention.file.num = 5 (custom)
2019-11-13 20:40:11,423 [pool-569-thread-1] INFO  server.RaftServerConfigKeys (ConfUtils.java:logGet(43)) - raft.server.snapshot.auto.trigger.threshold = 10000 (custom)
2019-11-13 20:40:11,423 [pool-599-thread-1] INFO  server.RaftServerConfigKeys (ConfUtils.java:logGet(43)) - raft.server.retrycache.expirytime = 600000ms (custom)
2019-11-13 20:40:11,423 [pool-569-thread-1] INFO  server.RaftServerConfigKeys (ConfUtils.java:logGet(43)) - raft.server.snapshot.retention.file.num = 5 (custom)
2019-11-13 20:40:11,424 [pool-599-thread-1] WARN  impl.MetricRegistriesImpl (MetricRegistriesImpl.java:lambda$create$1(61)) - First MetricRegistry has been created without registering reporters. You may need to call MetricRegistries.global().addReportRegistration(...) before.
2019-11-13 20:40:11,424 [pool-569-thread-1] INFO  server.RaftServerConfigKeys (ConfUtils.java:logGet(43)) - raft.server.retrycache.expirytime = 600000ms (custom)
2019-11-13 20:40:11,424 [pool-599-thread-1] WARN  impl.MetricRegistriesImpl (MetricRegistriesImpl.java:lambda$create$1(61)) - First MetricRegistry has been created without registering reporters. You may need to call MetricRegistries.global().addReportRegistration(...) before.
2019-11-13 20:40:11,424 [pool-569-thread-1] WARN  impl.MetricRegistriesImpl (MetricRegistriesImpl.java:lambda$create$1(61)) - First MetricRegistry has been created without registering reporters. You may need to call MetricRegistries.global().addReportRegistration(...) before.
2019-11-13 20:40:11,424 [pool-599-thread-1] INFO  impl.RaftServerImpl (RaftServerImpl.java:start(184)) - a35788b4-68d9-46fd-b847-60a9b7211510@group-3EA5D500EF6D: start as a follower, conf=-1: [11bf945c-44a0-4fdd-85a2-60a349617ab7:192.168.34.20:36272, a35788b4-68d9-46fd-b847-60a9b7211510:192.168.34.20:39245, e207fbae-fd28-42f6-9bb4-297c35844d9f:192.168.34.20:33417], old=null
2019-11-13 20:40:11,424 [pool-569-thread-1] WARN  impl.MetricRegistriesImpl (MetricRegistriesImpl.java:lambda$create$1(61)) - First MetricRegistry has been created without registering reporters. You may need to call MetricRegistries.global().addReportRegistration(...) before.
2019-11-13 20:40:11,424 [pool-599-thread-1] INFO  impl.RaftServerImpl (RaftServerImpl.java:setRole(173)) - a35788b4-68d9-46fd-b847-60a9b7211510@group-3EA5D500EF6D: changes role from      null to FOLLOWER at term 0 for startAsFollower
2019-11-13 20:40:11,424 [pool-569-thread-1] INFO  impl.RaftServerImpl (RaftServerImpl.java:start(184)) - e207fbae-fd28-42f6-9bb4-297c35844d9f@group-3EA5D500EF6D: start as a follower, conf=-1: [11bf945c-44a0-4fdd-85a2-60a349617ab7:192.168.34.20:36272, a35788b4-68d9-46fd-b847-60a9b7211510:192.168.34.20:39245, e207fbae-fd28-42f6-9bb4-297c35844d9f:192.168.34.20:33417], old=null
2019-11-13 20:40:11,425 [pool-599-thread-1] INFO  impl.RoleInfo (RoleInfo.java:updateAndGet(143)) - a35788b4-68d9-46fd-b847-60a9b7211510: start FollowerState
2019-11-13 20:40:11,425 [pool-569-thread-1] INFO  impl.RaftServerImpl (RaftServerImpl.java:setRole(173)) - e207fbae-fd28-42f6-9bb4-297c35844d9f@group-3EA5D500EF6D: changes role from      null to FOLLOWER at term 0 for startAsFollower
2019-11-13 20:40:11,425 [pool-569-thread-1] INFO  impl.RoleInfo (RoleInfo.java:updateAndGet(143)) - e207fbae-fd28-42f6-9bb4-297c35844d9f: start FollowerState
2019-11-13 20:40:11,425 [pool-599-thread-1] INFO  util.JmxRegister (JmxRegister.java:tryRegister(44)) - Successfully registered JMX Bean with object name Ratis:service=RaftServer,group=group-3EA5D500EF6D,id=a35788b4-68d9-46fd-b847-60a9b7211510
2019-11-13 20:40:11,425 [pool-599-thread-1] WARN  impl.MetricRegistriesImpl (MetricRegistriesImpl.java:lambda$create$1(61)) - First MetricRegistry has been created without registering reporters. You may need to call MetricRegistries.global().addReportRegistration(...) before.
2019-11-13 20:40:11,425 [pool-569-thread-1] INFO  util.JmxRegister (JmxRegister.java:tryRegister(44)) - Successfully registered JMX Bean with object name Ratis:service=RaftServer,group=group-3EA5D500EF6D,id=e207fbae-fd28-42f6-9bb4-297c35844d9f
2019-11-13 20:40:11,425 [pool-569-thread-1] WARN  impl.MetricRegistriesImpl (MetricRegistriesImpl.java:lambda$create$1(61)) - First MetricRegistry has been created without registering reporters. You may need to call MetricRegistries.global().addReportRegistration(...) before.
2019-11-13 20:40:11,428 [RatisPipelineUtilsThread] INFO  pipeline.PipelineStateManager (PipelineStateManager.java:addPipeline(55)) - Created pipeline Pipeline[ Id: f1817d3d-ba30-4424-890f-3ea5d500ef6d, Nodes: e207fbae-fd28-42f6-9bb4-297c35844d9f{ip: 192.168.34.20, host: pr-hdds-2470-fxbl9-3826649461, networkLocation: /rack1, certSerialId: null}a35788b4-68d9-46fd-b847-60a9b7211510{ip: 192.168.34.20, host: pr-hdds-2470-fxbl9-3826649461, networkLocation: /rack1, certSerialId: null}11bf945c-44a0-4fdd-85a2-60a349617ab7{ip: 192.168.34.20, host: pr-hdds-2470-fxbl9-3826649461, networkLocation: /rack1, certSerialId: null}, Type:RATIS, Factor:THREE, State:ALLOCATED]
2019-11-13 20:40:11,428 [main] INFO  ozone.MiniOzoneClusterImpl (MiniOzoneClusterImpl.java:lambda$waitForClusterToBeReady$2(163)) - Waiting for 13 number of pipelines out of 13, to report a leader.
2019-11-13 20:40:11,826 [Thread-3956] INFO  impl.FollowerState (FollowerState.java:run(111)) - 405db254-2a77-41b8-bcbc-61d002fbc757@group-9B768BC94FC9-FollowerState: change to CANDIDATE, lastRpcTime:1071ms, electionTimeout:1071ms
2019-11-13 20:40:11,826 [Thread-3956] INFO  impl.RoleInfo (RoleInfo.java:shutdownFollowerState(121)) - 405db254-2a77-41b8-bcbc-61d002fbc757: shutdown FollowerState
2019-11-13 20:40:11,826 [Thread-3956] INFO  impl.RaftServerImpl (RaftServerImpl.java:setRole(173)) - 405db254-2a77-41b8-bcbc-61d002fbc757@group-9B768BC94FC9: changes role from  FOLLOWER to CANDIDATE at term 0 for changeToCandidate
2019-11-13 20:40:11,827 [Thread-3956] INFO  impl.RoleInfo (RoleInfo.java:updateAndGet(143)) - 405db254-2a77-41b8-bcbc-61d002fbc757: start LeaderElection
2019-11-13 20:40:11,846 [405db254-2a77-41b8-bcbc-61d002fbc757@group-9B768BC94FC9-LeaderElection149] INFO  impl.LeaderElection (LeaderElection.java:askForVotes(178)) - 405db254-2a77-41b8-bcbc-61d002fbc757@group-9B768BC94FC9-LeaderElection149: begin an election at term 1 for -1: [405db254-2a77-41b8-bcbc-61d002fbc757:192.168.34.20:41954], old=null
2019-11-13 20:40:11,846 [405db254-2a77-41b8-bcbc-61d002fbc757@group-9B768BC94FC9-LeaderElection149] INFO  impl.RoleInfo (RoleInfo.java:shutdownLeaderElection(134)) - 405db254-2a77-41b8-bcbc-61d002fbc757: shutdown LeaderElection
2019-11-13 20:40:11,846 [405db254-2a77-41b8-bcbc-61d002fbc757@group-9B768BC94FC9-LeaderElection149] INFO  impl.RaftServerImpl (RaftServerImpl.java:setRole(173)) - 405db254-2a77-41b8-bcbc-61d002fbc757@group-9B768BC94FC9: changes role from CANDIDATE to LEADER at term 1 for changeToLeader
2019-11-13 20:40:11,846 [405db254-2a77-41b8-bcbc-61d002fbc757@group-9B768BC94FC9-LeaderElection149] INFO  ratis.XceiverServerRatis (XceiverServerRatis.java:handleLeaderChangedNotification(697)) - Leader change notification received for group: group-9B768BC94FC9 with new leaderId: 405db254-2a77-41b8-bcbc-61d002fbc757
2019-11-13 20:40:11,847 [405db254-2a77-41b8-bcbc-61d002fbc757@group-9B768BC94FC9-LeaderElection149] INFO  impl.RaftServerImpl (ServerState.java:setLeader(255)) - 405db254-2a77-41b8-bcbc-61d002fbc757@group-9B768BC94FC9: change Leader from null to 405db254-2a77-41b8-bcbc-61d002fbc757 at term 1 for becomeLeader, leader elected after 1096ms
2019-11-13 20:40:11,847 [405db254-2a77-41b8-bcbc-61d002fbc757@group-9B768BC94FC9-LeaderElection149] INFO  server.RaftServerConfigKeys (ConfUtils.java:logGet(43)) - raft.server.staging.catchup.gap = 1000 (default)
2019-11-13 20:40:11,847 [405db254-2a77-41b8-bcbc-61d002fbc757@group-9B768BC94FC9-LeaderElection149] INFO  server.RaftServerConfigKeys (ConfUtils.java:logGet(43)) - raft.server.rpc.sleep.time = 25ms (default)
2019-11-13 20:40:11,848 [405db254-2a77-41b8-bcbc-61d002fbc757@group-9B768BC94FC9-LeaderElection149] INFO  server.RaftServerConfigKeys (ConfUtils.java:logGet(43)) - raft.server.write.element-limit = 4096 (default)
2019-11-13 20:40:11,848 [405db254-2a77-41b8-bcbc-61d002fbc757@group-9B768BC94FC9-LeaderElection149] INFO  server.RaftServerConfigKeys (ConfUtils.java:logGet(43)) - raft.server.watch.timeout = 10s (default)
2019-11-13 20:40:11,849 [405db254-2a77-41b8-bcbc-61d002fbc757@group-9B768BC94FC9-LeaderElection149] INFO  server.RaftServerConfigKeys (ConfUtils.java:logGet(43)) - raft.server.watch.timeout.denomination = 1s (default)
2019-11-13 20:40:11,849 [405db254-2a77-41b8-bcbc-61d002fbc757@group-9B768BC94FC9-LeaderElection149] INFO  server.RaftServerConfigKeys (ConfUtils.java:logGet(43)) - raft.server.watch.element-limit = 65536 (default)
2019-11-13 20:40:11,849 [405db254-2a77-41b8-bcbc-61d002fbc757@group-9B768BC94FC9-LeaderElection149] INFO  impl.RoleInfo (RoleInfo.java:updateAndGet(143)) - 405db254-2a77-41b8-bcbc-61d002fbc757: start LeaderState
2019-11-13 20:40:11,849 [EventQueue-PipelineReportForPipelineReportHandler] INFO  pipeline.PipelineStateManager (PipelineStateManager.java:openPipeline(134)) - Pipeline Pipeline[ Id: a69fdb82-dc4f-427d-9ce7-9b768bc94fc9, Nodes: 405db254-2a77-41b8-bcbc-61d002fbc757{ip: 192.168.34.20, host: pr-hdds-2470-fxbl9-3826649461, networkLocation: /rack1, certSerialId: null}, Type:RATIS, Factor:ONE, State:OPEN] moved to OPEN state
2019-11-13 20:40:11,849 [405db254-2a77-41b8-bcbc-61d002fbc757@group-9B768BC94FC9-LeaderElection149] INFO  segmented.SegmentedRaftLogWorker (SegmentedRaftLogWorker.java:startLogSegment(385)) - 405db254-2a77-41b8-bcbc-61d002fbc757@group-9B768BC94FC9-SegmentedRaftLogWorker: Starting segment from index:0
2019-11-13 20:40:11,850 [405db254-2a77-41b8-bcbc-61d002fbc757@group-9B768BC94FC9-LeaderElection149] INFO  impl.RaftServerImpl (ServerState.java:setRaftConf(356)) - 405db254-2a77-41b8-bcbc-61d002fbc757@group-9B768BC94FC9: set configuration 0: [405db254-2a77-41b8-bcbc-61d002fbc757:192.168.34.20:41954], old=null at 0
2019-11-13 20:40:11,883 [405db254-2a77-41b8-bcbc-61d002fbc757@group-9B768BC94FC9-SegmentedRaftLogWorker] INFO  segmented.SegmentedRaftLogWorker (SegmentedRaftLogWorker.java:execute(576)) - 405db254-2a77-41b8-bcbc-61d002fbc757@group-9B768BC94FC9-SegmentedRaftLogWorker: created new log segment /workdir/hadoop-ozone/integration-test/target/test-dir/MiniOzoneClusterImpl-23a5d35f-12cc-4157-b83c-481d86791456/datanode-0/data/ratis/a69fdb82-dc4f-427d-9ce7-9b768bc94fc9/current/log_inprogress_0
2019-11-13 20:40:11,918 [Thread-3962] INFO  impl.FollowerState (FollowerState.java:run(111)) - a0d01d6c-1588-47d8-b58d-5bdc55d47431@group-9A581287B931-FollowerState: change to CANDIDATE, lastRpcTime:1042ms, electionTimeout:1042ms
2019-11-13 20:40:11,919 [Thread-3962] INFO  impl.RoleInfo (RoleInfo.java:shutdownFollowerState(121)) - a0d01d6c-1588-47d8-b58d-5bdc55d47431: shutdown FollowerState
2019-11-13 20:40:11,919 [Thread-3962] INFO  impl.RaftServerImpl (RaftServerImpl.java:setRole(173)) - a0d01d6c-1588-47d8-b58d-5bdc55d47431@group-9A581287B931: changes role from  FOLLOWER to CANDIDATE at term 0 for changeToCandidate
2019-11-13 20:40:11,919 [Thread-3962] INFO  impl.RoleInfo (RoleInfo.java:updateAndGet(143)) - a0d01d6c-1588-47d8-b58d-5bdc55d47431: start LeaderElection
2019-11-13 20:40:11,933 [a0d01d6c-1588-47d8-b58d-5bdc55d47431@group-9A581287B931-LeaderElection150] INFO  impl.LeaderElection (LeaderElection.java:askForVotes(178)) - a0d01d6c-1588-47d8-b58d-5bdc55d47431@group-9A581287B931-LeaderElection150: begin an election at term 1 for -1: [a0d01d6c-1588-47d8-b58d-5bdc55d47431:192.168.34.20:42336], old=null
2019-11-13 20:40:11,933 [a0d01d6c-1588-47d8-b58d-5bdc55d47431@group-9A581287B931-LeaderElection150] INFO  impl.RoleInfo (RoleInfo.java:shutdownLeaderElection(134)) - a0d01d6c-1588-47d8-b58d-5bdc55d47431: shutdown LeaderElection
2019-11-13 20:40:11,933 [Thread-3965] INFO  impl.FollowerState (FollowerState.java:run(111)) - dce7850f-9f3d-4223-ba72-4d8238cab252@group-E62EDA102E3F-FollowerState: change to CANDIDATE, lastRpcTime:1008ms, electionTimeout:1008ms
2019-11-13 20:40:11,933 [a0d01d6c-1588-47d8-b58d-5bdc55d47431@group-9A581287B931-LeaderElection150] INFO  impl.RaftServerImpl (RaftServerImpl.java:setRole(173)) - a0d01d6c-1588-47d8-b58d-5bdc55d47431@group-9A581287B931: changes role from CANDIDATE to LEADER at term 1 for changeToLeader
2019-11-13 20:40:11,933 [Thread-3965] INFO  impl.RoleInfo (RoleInfo.java:shutdownFollowerState(121)) - dce7850f-9f3d-4223-ba72-4d8238cab252: shutdown FollowerState
2019-11-13 20:40:11,933 [a0d01d6c-1588-47d8-b58d-5bdc55d47431@group-9A581287B931-LeaderElection150] INFO  ratis.XceiverServerRatis (XceiverServerRatis.java:handleLeaderChangedNotification(697)) - Leader change notification received for group: group-9A581287B931 with new leaderId: a0d01d6c-1588-47d8-b58d-5bdc55d47431
2019-11-13 20:40:11,933 [Thread-3965] INFO  impl.RaftServerImpl (RaftServerImpl.java:setRole(173)) - dce7850f-9f3d-4223-ba72-4d8238cab252@group-E62EDA102E3F: changes role from  FOLLOWER to CANDIDATE at term 0 for changeToCandidate
2019-11-13 20:40:11,934 [a0d01d6c-1588-47d8-b58d-5bdc55d47431@group-9A581287B931-LeaderElection150] INFO  impl.RaftServerImpl (ServerState.java:setLeader(255)) - a0d01d6c-1588-47d8-b58d-5bdc55d47431@group-9A581287B931: change Leader from null to a0d01d6c-1588-47d8-b58d-5bdc55d47431 at term 1 for becomeLeader, leader elected after 1060ms
2019-11-13 20:40:11,934 [Thread-3965] INFO  impl.RoleInfo (RoleInfo.java:updateAndGet(143)) - dce7850f-9f3d-4223-ba72-4d8238cab252: start LeaderElection
2019-11-13 20:40:11,934 [a0d01d6c-1588-47d8-b58d-5bdc55d47431@group-9A581287B931-LeaderElection150] INFO  server.RaftServerConfigKeys (ConfUtils.java:logGet(43)) - raft.server.staging.catchup.gap = 1000 (default)
2019-11-13 20:40:11,934 [a0d01d6c-1588-47d8-b58d-5bdc55d47431@group-9A581287B931-LeaderElection150] INFO  server.RaftServerConfigKeys (ConfUtils.java:logGet(43)) - raft.server.rpc.sleep.time = 25ms (default)
2019-11-13 20:40:11,935 [a0d01d6c-1588-47d8-b58d-5bdc55d47431@group-9A581287B931-LeaderElection150] INFO  server.RaftServerConfigKeys (ConfUtils.java:logGet(43)) - raft.server.write.element-limit = 4096 (default)
2019-11-13 20:40:11,938 [a0d01d6c-1588-47d8-b58d-5bdc55d47431@group-9A581287B931-LeaderElection150] INFO  server.RaftServerConfigKeys (ConfUtils.java:logGet(43)) - raft.server.watch.timeout = 10s (default)
2019-11-13 20:40:11,938 [a0d01d6c-1588-47d8-b58d-5bdc55d47431@group-9A581287B931-LeaderElection150] INFO  server.RaftServerConfigKeys (ConfUtils.java:logGet(43)) - raft.server.watch.timeout.denomination = 1s (default)
2019-11-13 20:40:11,938 [a0d01d6c-1588-47d8-b58d-5bdc55d47431@group-9A581287B931-LeaderElection150] INFO  server.RaftServerConfigKeys (ConfUtils.java:logGet(43)) - raft.server.watch.element-limit = 65536 (default)
2019-11-13 20:40:11,938 [Thread-3959] INFO  impl.FollowerState (FollowerState.java:run(111)) - dce7850f-9f3d-4223-ba72-4d8238cab252@group-C7F4F73D1B11-FollowerState: change to CANDIDATE, lastRpcTime:1125ms, electionTimeout:1125ms
2019-11-13 20:40:11,938 [a0d01d6c-1588-47d8-b58d-5bdc55d47431@group-9A581287B931-LeaderElection150] INFO  impl.RoleInfo (RoleInfo.java:updateAndGet(143)) - a0d01d6c-1588-47d8-b58d-5bdc55d47431: start LeaderState
2019-11-13 20:40:11,938 [Thread-3959] INFO  impl.RoleInfo (RoleInfo.java:shutdownFollowerState(121)) - dce7850f-9f3d-4223-ba72-4d8238cab252: shutdown FollowerState
2019-11-13 20:40:11,938 [EventQueue-PipelineReportForPipelineReportHandler] INFO  pipeline.PipelineStateManager (PipelineStateManager.java:openPipeline(134)) - Pipeline Pipeline[ Id: 05658fa7-1419-46c7-9933-9a581287b931, Nodes: a0d01d6c-1588-47d8-b58d-5bdc55d47431{ip: 192.168.34.20, host: pr-hdds-2470-fxbl9-3826649461, networkLocation: /rack1, certSerialId: null}, Type:RATIS, Factor:ONE, State:OPEN] moved to OPEN state
2019-11-13 20:40:11,939 [a0d01d6c-1588-47d8-b58d-5bdc55d47431@group-9A581287B931-LeaderElection150] INFO  segmented.SegmentedRaftLogWorker (SegmentedRaftLogWorker.java:startLogSegment(385)) - a0d01d6c-1588-47d8-b58d-5bdc55d47431@group-9A581287B931-SegmentedRaftLogWorker: Starting segment from index:0
2019-11-13 20:40:11,938 [Thread-3959] INFO  impl.RaftServerImpl (RaftServerImpl.java:setRole(173)) - dce7850f-9f3d-4223-ba72-4d8238cab252@group-C7F4F73D1B11: changes role from  FOLLOWER to CANDIDATE at term 0 for changeToCandidate
2019-11-13 20:40:11,939 [Thread-3959] INFO  impl.RoleInfo (RoleInfo.java:updateAndGet(143)) - dce7850f-9f3d-4223-ba72-4d8238cab252: start LeaderElection
2019-11-13 20:40:11,939 [a0d01d6c-1588-47d8-b58d-5bdc55d47431@group-9A581287B931-LeaderElection150] INFO  impl.RaftServerImpl (ServerState.java:setRaftConf(356)) - a0d01d6c-1588-47d8-b58d-5bdc55d47431@group-9A581287B931: set configuration 0: [a0d01d6c-1588-47d8-b58d-5bdc55d47431:192.168.34.20:42336], old=null at 0
2019-11-13 20:40:11,978 [Thread-3970] INFO  impl.FollowerState (FollowerState.java:run(111)) - a0d01d6c-1588-47d8-b58d-5bdc55d47431@group-E62EDA102E3F-FollowerState: change to CANDIDATE, lastRpcTime:1050ms, electionTimeout:1025ms
2019-11-13 20:40:11,978 [Thread-3970] INFO  impl.RoleInfo (RoleInfo.java:shutdownFollowerState(121)) - a0d01d6c-1588-47d8-b58d-5bdc55d47431: shutdown FollowerState
2019-11-13 20:40:11,978 [dce7850f-9f3d-4223-ba72-4d8238cab252@group-E62EDA102E3F-LeaderElection151] INFO  impl.LeaderElection (LeaderElection.java:askForVotes(178)) - dce7850f-9f3d-4223-ba72-4d8238cab252@group-E62EDA102E3F-LeaderElection151: begin an election at term 1 for -1: [a0d01d6c-1588-47d8-b58d-5bdc55d47431:192.168.34.20:42336, dce7850f-9f3d-4223-ba72-4d8238cab252:192.168.34.20:38603, 405db254-2a77-41b8-bcbc-61d002fbc757:192.168.34.20:41954], old=null
2019-11-13 20:40:11,978 [Thread-3970] INFO  impl.RaftServerImpl (RaftServerImpl.java:setRole(173)) - a0d01d6c-1588-47d8-b58d-5bdc55d47431@group-E62EDA102E3F: changes role from  FOLLOWER to CANDIDATE at term 0 for changeToCandidate
2019-11-13 20:40:11,978 [Thread-3970] INFO  impl.RoleInfo (RoleInfo.java:updateAndGet(143)) - a0d01d6c-1588-47d8-b58d-5bdc55d47431: start LeaderElection
2019-11-13 20:40:11,987 [grpc-default-executor-2] INFO  impl.RaftServerImpl (RaftServerImpl.java:setRole(173)) - 405db254-2a77-41b8-bcbc-61d002fbc757@group-E62EDA102E3F: changes role from  FOLLOWER to FOLLOWER at term 1 for recognizeCandidate:dce7850f-9f3d-4223-ba72-4d8238cab252
2019-11-13 20:40:11,987 [a0d01d6c-1588-47d8-b58d-5bdc55d47431@group-E62EDA102E3F-LeaderElection153] INFO  impl.LeaderElection (LeaderElection.java:askForVotes(178)) - a0d01d6c-1588-47d8-b58d-5bdc55d47431@group-E62EDA102E3F-LeaderElection153: begin an election at term 1 for -1: [a0d01d6c-1588-47d8-b58d-5bdc55d47431:192.168.34.20:42336, dce7850f-9f3d-4223-ba72-4d8238cab252:192.168.34.20:38603, 405db254-2a77-41b8-bcbc-61d002fbc757:192.168.34.20:41954], old=null
2019-11-13 20:40:11,987 [a0d01d6c-1588-47d8-b58d-5bdc55d47431@group-9A581287B931-SegmentedRaftLogWorker] INFO  segmented.SegmentedRaftLogWorker (SegmentedRaftLogWorker.java:execute(576)) - a0d01d6c-1588-47d8-b58d-5bdc55d47431@group-9A581287B931-SegmentedRaftLogWorker: created new log segment /workdir/hadoop-ozone/integration-test/target/test-dir/MiniOzoneClusterImpl-23a5d35f-12cc-4157-b83c-481d86791456/datanode-2/data/ratis/05658fa7-1419-46c7-9933-9a581287b931/current/log_inprogress_0
2019-11-13 20:40:11,987 [dce7850f-9f3d-4223-ba72-4d8238cab252@group-C7F4F73D1B11-LeaderElection152] INFO  impl.LeaderElection (LeaderElection.java:askForVotes(178)) - dce7850f-9f3d-4223-ba72-4d8238cab252@group-C7F4F73D1B11-LeaderElection152: begin an election at term 1 for -1: [dce7850f-9f3d-4223-ba72-4d8238cab252:192.168.34.20:38603], old=null
2019-11-13 20:40:11,987 [grpc-default-executor-2] INFO  impl.RoleInfo (RoleInfo.java:shutdownFollowerState(121)) - 405db254-2a77-41b8-bcbc-61d002fbc757: shutdown FollowerState
2019-11-13 20:40:11,988 [dce7850f-9f3d-4223-ba72-4d8238cab252@group-C7F4F73D1B11-LeaderElection152] INFO  impl.RoleInfo (RoleInfo.java:shutdownLeaderElection(134)) - dce7850f-9f3d-4223-ba72-4d8238cab252: shutdown LeaderElection
2019-11-13 20:40:11,988 [grpc-default-executor-2] INFO  impl.RoleInfo (RoleInfo.java:updateAndGet(143)) - 405db254-2a77-41b8-bcbc-61d002fbc757: start FollowerState
2019-11-13 20:40:11,988 [dce7850f-9f3d-4223-ba72-4d8238cab252@group-C7F4F73D1B11-LeaderElection152] INFO  impl.RaftServerImpl (RaftServerImpl.java:setRole(173)) - dce7850f-9f3d-4223-ba72-4d8238cab252@group-C7F4F73D1B11: changes role from CANDIDATE to LEADER at term 1 for changeToLeader
2019-11-13 20:40:11,988 [Thread-3969] INFO  impl.FollowerState (FollowerState.java:run(120)) - 405db254-2a77-41b8-bcbc-61d002fbc757@group-E62EDA102E3F-FollowerState was interrupted: java.lang.InterruptedException: sleep interrupted
2019-11-13 20:40:11,988 [dce7850f-9f3d-4223-ba72-4d8238cab252@group-C7F4F73D1B11-LeaderElection152] INFO  ratis.XceiverServerRatis (XceiverServerRatis.java:handleLeaderChangedNotification(697)) - Leader change notification received for group: group-C7F4F73D1B11 with new leaderId: dce7850f-9f3d-4223-ba72-4d8238cab252
2019-11-13 20:40:11,988 [dce7850f-9f3d-4223-ba72-4d8238cab252@group-C7F4F73D1B11-LeaderElection152] INFO  impl.RaftServerImpl (ServerState.java:setLeader(255)) - dce7850f-9f3d-4223-ba72-4d8238cab252@group-C7F4F73D1B11: change Leader from null to dce7850f-9f3d-4223-ba72-4d8238cab252 at term 1 for becomeLeader, leader elected after 1178ms
2019-11-13 20:40:11,989 [dce7850f-9f3d-4223-ba72-4d8238cab252@group-C7F4F73D1B11-LeaderElection152] INFO  server.RaftServerConfigKeys (ConfUtils.java:logGet(43)) - raft.server.staging.catchup.gap = 1000 (default)
2019-11-13 20:40:11,993 [dce7850f-9f3d-4223-ba72-4d8238cab252@group-C7F4F73D1B11-LeaderElection152] INFO  server.RaftServerConfigKeys (ConfUtils.java:logGet(43)) - raft.server.rpc.sleep.time = 25ms (default)
2019-11-13 20:40:11,993 [dce7850f-9f3d-4223-ba72-4d8238cab252@group-C7F4F73D1B11-LeaderElection152] INFO  server.RaftServerConfigKeys (ConfUtils.java:logGet(43)) - raft.server.write.element-limit = 4096 (default)
2019-11-13 20:40:11,993 [dce7850f-9f3d-4223-ba72-4d8238cab252@group-C7F4F73D1B11-LeaderElection152] INFO  server.RaftServerConfigKeys (ConfUtils.java:logGet(43)) - raft.server.watch.timeout = 10s (default)
2019-11-13 20:40:11,993 [dce7850f-9f3d-4223-ba72-4d8238cab252@group-C7F4F73D1B11-LeaderElection152] INFO  server.RaftServerConfigKeys (ConfUtils.java:logGet(43)) - raft.server.watch.timeout.denomination = 1s (default)
2019-11-13 20:40:11,993 [dce7850f-9f3d-4223-ba72-4d8238cab252@group-C7F4F73D1B11-LeaderElection152] INFO  server.RaftServerConfigKeys (ConfUtils.java:logGet(43)) - raft.server.watch.element-limit = 65536 (default)
2019-11-13 20:40:11,994 [EventQueue-PipelineReportForPipelineReportHandler] INFO  pipeline.PipelineStateManager (PipelineStateManager.java:openPipeline(134)) - Pipeline Pipeline[ Id: e2bdf585-9e37-4675-a185-c7f4f73d1b11, Nodes: dce7850f-9f3d-4223-ba72-4d8238cab252{ip: 192.168.34.20, host: pr-hdds-2470-fxbl9-3826649461, networkLocation: /rack1, certSerialId: null}, Type:RATIS, Factor:ONE, State:OPEN] moved to OPEN state
2019-11-13 20:40:11,994 [dce7850f-9f3d-4223-ba72-4d8238cab252@group-C7F4F73D1B11-LeaderElection152] INFO  impl.RoleInfo (RoleInfo.java:updateAndGet(143)) - dce7850f-9f3d-4223-ba72-4d8238cab252: start LeaderState
2019-11-13 20:40:11,994 [dce7850f-9f3d-4223-ba72-4d8238cab252@group-C7F4F73D1B11-LeaderElection152] INFO  segmented.SegmentedRaftLogWorker (SegmentedRaftLogWorker.java:startLogSegment(385)) - dce7850f-9f3d-4223-ba72-4d8238cab252@group-C7F4F73D1B11-SegmentedRaftLogWorker: Starting segment from index:0
2019-11-13 20:40:11,994 [dce7850f-9f3d-4223-ba72-4d8238cab252@group-C7F4F73D1B11-LeaderElection152] INFO  impl.RaftServerImpl (ServerState.java:setRaftConf(356)) - dce7850f-9f3d-4223-ba72-4d8238cab252@group-C7F4F73D1B11: set configuration 0: [dce7850f-9f3d-4223-ba72-4d8238cab252:192.168.34.20:38603], old=null at 0
2019-11-13 20:40:12,001 [a0d01d6c-1588-47d8-b58d-5bdc55d47431@group-E62EDA102E3F-LeaderElection153] INFO  impl.LeaderElection (LeaderElection.java:logAndReturn(56)) - a0d01d6c-1588-47d8-b58d-5bdc55d47431@group-E62EDA102E3F-LeaderElection153: Election REJECTED; received 2 response(s) [a0d01d6c-1588-47d8-b58d-5bdc55d47431<-dce7850f-9f3d-4223-ba72-4d8238cab252#0:FAIL-t1, a0d01d6c-1588-47d8-b58d-5bdc55d47431<-405db254-2a77-41b8-bcbc-61d002fbc757#0:FAIL-t1] and 0 exception(s); a0d01d6c-1588-47d8-b58d-5bdc55d47431@group-E62EDA102E3F:t1, leader=null, voted=a0d01d6c-1588-47d8-b58d-5bdc55d47431, raftlog=a0d01d6c-1588-47d8-b58d-5bdc55d47431@group-E62EDA102E3F-SegmentedRaftLog:OPENED:c-1,f-1,i0, conf=-1: [a0d01d6c-1588-47d8-b58d-5bdc55d47431:192.168.34.20:42336, dce7850f-9f3d-4223-ba72-4d8238cab252:192.168.34.20:38603, 405db254-2a77-41b8-bcbc-61d002fbc757:192.168.34.20:41954], old=null
2019-11-13 20:40:12,001 [dce7850f-9f3d-4223-ba72-4d8238cab252@group-E62EDA102E3F-LeaderElection151] INFO  impl.LeaderElection (LeaderElection.java:logAndReturn(56)) - dce7850f-9f3d-4223-ba72-4d8238cab252@group-E62EDA102E3F-LeaderElection151: Election PASSED; received 2 response(s) [dce7850f-9f3d-4223-ba72-4d8238cab252<-a0d01d6c-1588-47d8-b58d-5bdc55d47431#0:FAIL-t1, dce7850f-9f3d-4223-ba72-4d8238cab252<-405db254-2a77-41b8-bcbc-61d002fbc757#0:OK-t1] and 0 exception(s); dce7850f-9f3d-4223-ba72-4d8238cab252@group-E62EDA102E3F:t1, leader=null, voted=dce7850f-9f3d-4223-ba72-4d8238cab252, raftlog=dce7850f-9f3d-4223-ba72-4d8238cab252@group-E62EDA102E3F-SegmentedRaftLog:OPENED:c-1,f-1,i0, conf=-1: [a0d01d6c-1588-47d8-b58d-5bdc55d47431:192.168.34.20:42336, dce7850f-9f3d-4223-ba72-4d8238cab252:192.168.34.20:38603, 405db254-2a77-41b8-bcbc-61d002fbc757:192.168.34.20:41954], old=null
2019-11-13 20:40:12,002 [a0d01d6c-1588-47d8-b58d-5bdc55d47431@group-E62EDA102E3F-LeaderElection153] INFO  impl.RaftServerImpl (RaftServerImpl.java:setRole(173)) - a0d01d6c-1588-47d8-b58d-5bdc55d47431@group-E62EDA102E3F: changes role from CANDIDATE to FOLLOWER at term 1 for DISCOVERED_A_NEW_TERM
2019-11-13 20:40:12,002 [dce7850f-9f3d-4223-ba72-4d8238cab252@group-E62EDA102E3F-LeaderElection151] INFO  impl.RoleInfo (RoleInfo.java:shutdownLeaderElection(134)) - dce7850f-9f3d-4223-ba72-4d8238cab252: shutdown LeaderElection
2019-11-13 20:40:12,002 [a0d01d6c-1588-47d8-b58d-5bdc55d47431@group-E62EDA102E3F-LeaderElection153] INFO  impl.RoleInfo (RoleInfo.java:shutdownLeaderElection(134)) - a0d01d6c-1588-47d8-b58d-5bdc55d47431: shutdown LeaderElection
2019-11-13 20:40:12,002 [dce7850f-9f3d-4223-ba72-4d8238cab252@group-E62EDA102E3F-LeaderElection151] INFO  impl.RaftServerImpl (RaftServerImpl.java:setRole(173)) - dce7850f-9f3d-4223-ba72-4d8238cab252@group-E62EDA102E3F: changes role from CANDIDATE to LEADER at term 1 for changeToLeader
2019-11-13 20:40:12,002 [a0d01d6c-1588-47d8-b58d-5bdc55d47431@group-E62EDA102E3F-LeaderElection153] INFO  impl.RoleInfo (RoleInfo.java:updateAndGet(143)) - a0d01d6c-1588-47d8-b58d-5bdc55d47431: start FollowerState
2019-11-13 20:40:12,002 [dce7850f-9f3d-4223-ba72-4d8238cab252@group-E62EDA102E3F-LeaderElection151] INFO  ratis.XceiverServerRatis (XceiverServerRatis.java:handleLeaderChangedNotification(697)) - Leader change notification received for group: group-E62EDA102E3F with new leaderId: dce7850f-9f3d-4223-ba72-4d8238cab252
2019-11-13 20:40:12,003 [dce7850f-9f3d-4223-ba72-4d8238cab252@group-E62EDA102E3F-LeaderElection151] INFO  impl.RaftServerImpl (ServerState.java:setLeader(255)) - dce7850f-9f3d-4223-ba72-4d8238cab252@group-E62EDA102E3F: change Leader from null to dce7850f-9f3d-4223-ba72-4d8238cab252 at term 1 for becomeLeader, leader elected after 1084ms
2019-11-13 20:40:12,003 [dce7850f-9f3d-4223-ba72-4d8238cab252@group-E62EDA102E3F-LeaderElection151] INFO  server.RaftServerConfigKeys (ConfUtils.java:logGet(43)) - raft.server.staging.catchup.gap = 1000 (default)
2019-11-13 20:40:12,003 [dce7850f-9f3d-4223-ba72-4d8238cab252@group-E62EDA102E3F-LeaderElection151] INFO  server.RaftServerConfigKeys (ConfUtils.java:logGet(43)) - raft.server.rpc.sleep.time = 25ms (default)
2019-11-13 20:40:12,003 [dce7850f-9f3d-4223-ba72-4d8238cab252@group-E62EDA102E3F-LeaderElection151] INFO  server.RaftServerConfigKeys (ConfUtils.java:logGet(43)) - raft.server.write.element-limit = 4096 (default)
2019-11-13 20:40:12,003 [dce7850f-9f3d-4223-ba72-4d8238cab252@group-E62EDA102E3F-LeaderElection151] INFO  server.RaftServerConfigKeys (ConfUtils.java:logGet(43)) - raft.server.watch.timeout = 10s (default)
2019-11-13 20:40:12,003 [dce7850f-9f3d-4223-ba72-4d8238cab252@group-E62EDA102E3F-LeaderElection151] INFO  server.RaftServerConfigKeys (ConfUtils.java:logGet(43)) - raft.server.watch.timeout.denomination = 1s (default)
2019-11-13 20:40:12,003 [dce7850f-9f3d-4223-ba72-4d8238cab252@group-E62EDA102E3F-LeaderElection151] INFO  server.RaftServerConfigKeys (ConfUtils.java:logGet(43)) - raft.server.watch.element-limit = 65536 (default)
2019-11-13 20:40:12,003 [EventQueue-PipelineReportForPipelineReportHandler] INFO  pipeline.PipelineStateManager (PipelineStateManager.java:openPipeline(134)) - Pipeline Pipeline[ Id: 7bed58e0-5ff4-438b-a792-e62eda102e3f, Nodes: 405db254-2a77-41b8-bcbc-61d002fbc757{ip: 192.168.34.20, host: pr-hdds-2470-fxbl9-3826649461, networkLocation: /rack1, certSerialId: null}a0d01d6c-1588-47d8-b58d-5bdc55d47431{ip: 192.168.34.20, host: pr-hdds-2470-fxbl9-3826649461, networkLocation: /rack1, certSerialId: null}dce7850f-9f3d-4223-ba72-4d8238cab252{ip: 192.168.34.20, host: pr-hdds-2470-fxbl9-3826649461, networkLocation: /rack1, certSerialId: null}, Type:RATIS, Factor:THREE, State:OPEN] moved to OPEN state
2019-11-13 20:40:12,004 [dce7850f-9f3d-4223-ba72-4d8238cab252@group-E62EDA102E3F-LeaderElection151] INFO  server.RaftServerConfigKeys (ConfUtils.java:logGet(43)) - raft.server.log.appender.snapshot.chunk.size.max = 16MB (=16777216) (default)
2019-11-13 20:40:12,004 [dce7850f-9f3d-4223-ba72-4d8238cab252@group-E62EDA102E3F-LeaderElection151] INFO  server.RaftServerConfigKeys (ConfUtils.java:logGet(43)) - raft.server.log.appender.buffer.byte-limit = 33554432 (custom)
2019-11-13 20:40:12,004 [dce7850f-9f3d-4223-ba72-4d8238cab252@group-E62EDA102E3F-LeaderElection151] INFO  server.RaftServerConfigKeys (ConfUtils.java:logGet(43)) - raft.server.log.appender.buffer.element-limit = 1 (custom)
2019-11-13 20:40:12,004 [dce7850f-9f3d-4223-ba72-4d8238cab252@group-E62EDA102E3F-LeaderElection151] INFO  grpc.GrpcConfigKeys$Server (ConfUtils.java:logGet(43)) - raft.grpc.server.leader.outstanding.appends.max = 128 (default)
2019-11-13 20:40:12,005 [dce7850f-9f3d-4223-ba72-4d8238cab252@group-E62EDA102E3F-LeaderElection151] INFO  server.RaftServerConfigKeys (ConfUtils.java:logGet(43)) - raft.server.rpc.request.timeout = 3000ms (default)
2019-11-13 20:40:12,005 [dce7850f-9f3d-4223-ba72-4d8238cab252@group-E62EDA102E3F-LeaderElection151] INFO  server.RaftServerConfigKeys (ConfUtils.java:logGet(43)) - raft.server.log.appender.install.snapshot.enabled = false (custom)
2019-11-13 20:40:12,005 [dce7850f-9f3d-4223-ba72-4d8238cab252@group-E62EDA102E3F-LeaderElection151] WARN  impl.MetricRegistriesImpl (MetricRegistriesImpl.java:lambda$create$1(61)) - First MetricRegistry has been created without registering reporters. You may need to call MetricRegistries.global().addReportRegistration(...) before.
2019-11-13 20:40:12,005 [dce7850f-9f3d-4223-ba72-4d8238cab252@group-E62EDA102E3F-LeaderElection151] INFO  server.RaftServerConfigKeys (ConfUtils.java:logGet(43)) - raft.server.log.appender.snapshot.chunk.size.max = 16MB (=16777216) (default)
2019-11-13 20:40:12,005 [dce7850f-9f3d-4223-ba72-4d8238cab252@group-E62EDA102E3F-LeaderElection151] INFO  server.RaftServerConfigKeys (ConfUtils.java:logGet(43)) - raft.server.log.appender.buffer.byte-limit = 33554432 (custom)
2019-11-13 20:40:12,005 [dce7850f-9f3d-4223-ba72-4d8238cab252@group-E62EDA102E3F-LeaderElection151] INFO  server.RaftServerConfigKeys (ConfUtils.java:logGet(43)) - raft.server.log.appender.buffer.element-limit = 1 (custom)
2019-11-13 20:40:12,006 [dce7850f-9f3d-4223-ba72-4d8238cab252@group-E62EDA102E3F-LeaderElection151] INFO  grpc.GrpcConfigKeys$Server (ConfUtils.java:logGet(43)) - raft.grpc.server.leader.outstanding.appends.max = 128 (default)
2019-11-13 20:40:12,006 [dce7850f-9f3d-4223-ba72-4d8238cab252@group-E62EDA102E3F-LeaderElection151] INFO  server.RaftServerConfigKeys (ConfUtils.java:logGet(43)) - raft.server.rpc.request.timeout = 3000ms (default)
2019-11-13 20:40:12,006 [dce7850f-9f3d-4223-ba72-4d8238cab252@group-E62EDA102E3F-LeaderElection151] INFO  server.RaftServerConfigKeys (ConfUtils.java:logGet(43)) - raft.server.log.appender.install.snapshot.enabled = false (custom)
2019-11-13 20:40:12,006 [dce7850f-9f3d-4223-ba72-4d8238cab252@group-E62EDA102E3F-LeaderElection151] INFO  impl.RoleInfo (RoleInfo.java:updateAndGet(143)) - dce7850f-9f3d-4223-ba72-4d8238cab252: start LeaderState
2019-11-13 20:40:12,006 [dce7850f-9f3d-4223-ba72-4d8238cab252@group-E62EDA102E3F-LeaderElection151] INFO  segmented.SegmentedRaftLogWorker (SegmentedRaftLogWorker.java:startLogSegment(385)) - dce7850f-9f3d-4223-ba72-4d8238cab252@group-E62EDA102E3F-SegmentedRaftLogWorker: Starting segment from index:0
2019-11-13 20:40:12,007 [dce7850f-9f3d-4223-ba72-4d8238cab252@group-E62EDA102E3F-LeaderElection151] INFO  impl.RaftServerImpl (ServerState.java:setRaftConf(356)) - dce7850f-9f3d-4223-ba72-4d8238cab252@group-E62EDA102E3F: set configuration 0: [a0d01d6c-1588-47d8-b58d-5bdc55d47431:192.168.34.20:42336, dce7850f-9f3d-4223-ba72-4d8238cab252:192.168.34.20:38603, 405db254-2a77-41b8-bcbc-61d002fbc757:192.168.34.20:41954], old=null at 0
2019-11-13 20:40:12,031 [grpc-default-executor-4] INFO  ratis.XceiverServerRatis (XceiverServerRatis.java:handleLeaderChangedNotification(697)) - Leader change notification received for group: group-E62EDA102E3F with new leaderId: dce7850f-9f3d-4223-ba72-4d8238cab252
2019-11-13 20:40:12,031 [grpc-default-executor-2] INFO  ratis.XceiverServerRatis (XceiverServerRatis.java:handleLeaderChangedNotification(697)) - Leader change notification received for group: group-E62EDA102E3F with new leaderId: dce7850f-9f3d-4223-ba72-4d8238cab252
2019-11-13 20:40:12,031 [grpc-default-executor-4] INFO  impl.RaftServerImpl (ServerState.java:setLeader(255)) - a0d01d6c-1588-47d8-b58d-5bdc55d47431@group-E62EDA102E3F: change Leader from null to dce7850f-9f3d-4223-ba72-4d8238cab252 at term 1 for appendEntries, leader elected after 1113ms
2019-11-13 20:40:12,032 [grpc-default-executor-2] INFO  impl.RaftServerImpl (ServerState.java:setLeader(255)) - 405db254-2a77-41b8-bcbc-61d002fbc757@group-E62EDA102E3F: change Leader from null to dce7850f-9f3d-4223-ba72-4d8238cab252 at term 1 for appendEntries, leader elected after 1113ms
2019-11-13 20:40:12,034 [grpc-default-executor-2] INFO  impl.RaftServerImpl (ServerState.java:setRaftConf(356)) - a0d01d6c-1588-47d8-b58d-5bdc55d47431@group-E62EDA102E3F: set configuration 0: [a0d01d6c-1588-47d8-b58d-5bdc55d47431:192.168.34.20:42336, dce7850f-9f3d-4223-ba72-4d8238cab252:192.168.34.20:38603, 405db254-2a77-41b8-bcbc-61d002fbc757:192.168.34.20:41954], old=null at 0
2019-11-13 20:40:12,034 [grpc-default-executor-4] INFO  impl.RaftServerImpl (ServerState.java:setRaftConf(356)) - 405db254-2a77-41b8-bcbc-61d002fbc757@group-E62EDA102E3F: set configuration 0: [a0d01d6c-1588-47d8-b58d-5bdc55d47431:192.168.34.20:42336, dce7850f-9f3d-4223-ba72-4d8238cab252:192.168.34.20:38603, 405db254-2a77-41b8-bcbc-61d002fbc757:192.168.34.20:41954], old=null at 0
2019-11-13 20:40:12,034 [grpc-default-executor-2] INFO  segmented.SegmentedRaftLogWorker (SegmentedRaftLogWorker.java:startLogSegment(385)) - a0d01d6c-1588-47d8-b58d-5bdc55d47431@group-E62EDA102E3F-SegmentedRaftLogWorker: Starting segment from index:0
2019-11-13 20:40:12,034 [grpc-default-executor-4] INFO  segmented.SegmentedRaftLogWorker (SegmentedRaftLogWorker.java:startLogSegment(385)) - 405db254-2a77-41b8-bcbc-61d002fbc757@group-E62EDA102E3F-SegmentedRaftLogWorker: Starting segment from index:0
2019-11-13 20:40:12,042 [dce7850f-9f3d-4223-ba72-4d8238cab252@group-C7F4F73D1B11-SegmentedRaftLogWorker] INFO  segmented.SegmentedRaftLogWorker (SegmentedRaftLogWorker.java:execute(576)) - dce7850f-9f3d-4223-ba72-4d8238cab252@group-C7F4F73D1B11-SegmentedRaftLogWorker: created new log segment /workdir/hadoop-ozone/integration-test/target/test-dir/MiniOzoneClusterImpl-23a5d35f-12cc-4157-b83c-481d86791456/datanode-1/data/ratis/e2bdf585-9e37-4675-a185-c7f4f73d1b11/current/log_inprogress_0
2019-11-13 20:40:12,079 [dce7850f-9f3d-4223-ba72-4d8238cab252@group-E62EDA102E3F-SegmentedRaftLogWorker] INFO  segmented.SegmentedRaftLogWorker (SegmentedRaftLogWorker.java:execute(576)) - dce7850f-9f3d-4223-ba72-4d8238cab252@group-E62EDA102E3F-SegmentedRaftLogWorker: created new log segment /workdir/hadoop-ozone/integration-test/target/test-dir/MiniOzoneClusterImpl-23a5d35f-12cc-4157-b83c-481d86791456/datanode-1/data/ratis/7bed58e0-5ff4-438b-a792-e62eda102e3f/current/log_inprogress_0
2019-11-13 20:40:12,079 [405db254-2a77-41b8-bcbc-61d002fbc757@group-E62EDA102E3F-SegmentedRaftLogWorker] INFO  segmented.SegmentedRaftLogWorker (SegmentedRaftLogWorker.java:execute(576)) - 405db254-2a77-41b8-bcbc-61d002fbc757@group-E62EDA102E3F-SegmentedRaftLogWorker: created new log segment /workdir/hadoop-ozone/integration-test/target/test-dir/MiniOzoneClusterImpl-23a5d35f-12cc-4157-b83c-481d86791456/datanode-0/data/ratis/7bed58e0-5ff4-438b-a792-e62eda102e3f/current/log_inprogress_0
2019-11-13 20:40:12,079 [a0d01d6c-1588-47d8-b58d-5bdc55d47431@group-E62EDA102E3F-SegmentedRaftLogWorker] INFO  segmented.SegmentedRaftLogWorker (SegmentedRaftLogWorker.java:execute(576)) - a0d01d6c-1588-47d8-b58d-5bdc55d47431@group-E62EDA102E3F-SegmentedRaftLogWorker: created new log segment /workdir/hadoop-ozone/integration-test/target/test-dir/MiniOzoneClusterImpl-23a5d35f-12cc-4157-b83c-481d86791456/datanode-2/data/ratis/7bed58e0-5ff4-438b-a792-e62eda102e3f/current/log_inprogress_0
2019-11-13 20:40:12,107 [Thread-3980] INFO  impl.FollowerState (FollowerState.java:run(111)) - d8a6778e-ef1b-4a45-8dc3-d54ef706ff02@group-E699AAE816A0-FollowerState: change to CANDIDATE, lastRpcTime:1024ms, electionTimeout:1024ms
2019-11-13 20:40:12,107 [Thread-3980] INFO  impl.RoleInfo (RoleInfo.java:shutdownFollowerState(121)) - d8a6778e-ef1b-4a45-8dc3-d54ef706ff02: shutdown FollowerState
2019-11-13 20:40:12,107 [Thread-3980] INFO  impl.RaftServerImpl (RaftServerImpl.java:setRole(173)) - d8a6778e-ef1b-4a45-8dc3-d54ef706ff02@group-E699AAE816A0: changes role from  FOLLOWER to CANDIDATE at term 0 for changeToCandidate
2019-11-13 20:40:12,107 [Thread-3980] INFO  impl.RoleInfo (RoleInfo.java:updateAndGet(143)) - d8a6778e-ef1b-4a45-8dc3-d54ef706ff02: start LeaderElection
2019-11-13 20:40:12,110 [Thread-3977] INFO  impl.FollowerState (FollowerState.java:run(111)) - 2929643e-7442-4794-a56e-1c38ca296261@group-E05D287FF04C-FollowerState: change to CANDIDATE, lastRpcTime:1067ms, electionTimeout:1067ms
2019-11-13 20:40:12,112 [Thread-3977] INFO  impl.RoleInfo (RoleInfo.java:shutdownFollowerState(121)) - 2929643e-7442-4794-a56e-1c38ca296261: shutdown FollowerState
2019-11-13 20:40:12,113 [Thread-3977] INFO  impl.RaftServerImpl (RaftServerImpl.java:setRole(173)) - 2929643e-7442-4794-a56e-1c38ca296261@group-E05D287FF04C: changes role from  FOLLOWER to CANDIDATE at term 0 for changeToCandidate
2019-11-13 20:40:12,113 [Thread-3977] INFO  impl.RoleInfo (RoleInfo.java:updateAndGet(143)) - 2929643e-7442-4794-a56e-1c38ca296261: start LeaderElection
2019-11-13 20:40:12,126 [d8a6778e-ef1b-4a45-8dc3-d54ef706ff02@group-E699AAE816A0-LeaderElection154] INFO  impl.LeaderElection (LeaderElection.java:askForVotes(178)) - d8a6778e-ef1b-4a45-8dc3-d54ef706ff02@group-E699AAE816A0-LeaderElection154: begin an election at term 1 for -1: [d8a6778e-ef1b-4a45-8dc3-d54ef706ff02:192.168.34.20:34234], old=null
2019-11-13 20:40:12,126 [2929643e-7442-4794-a56e-1c38ca296261@group-E05D287FF04C-LeaderElection155] INFO  impl.LeaderElection (LeaderElection.java:askForVotes(178)) - 2929643e-7442-4794-a56e-1c38ca296261@group-E05D287FF04C-LeaderElection155: begin an election at term 1 for -1: [2929643e-7442-4794-a56e-1c38ca296261:192.168.34.20:43198], old=null
2019-11-13 20:40:12,126 [d8a6778e-ef1b-4a45-8dc3-d54ef706ff02@group-E699AAE816A0-LeaderElection154] INFO  impl.RoleInfo (RoleInfo.java:shutdownLeaderElection(134)) - d8a6778e-ef1b-4a45-8dc3-d54ef706ff02: shutdown LeaderElection
2019-11-13 20:40:12,126 [2929643e-7442-4794-a56e-1c38ca296261@group-E05D287FF04C-LeaderElection155] INFO  impl.RoleInfo (RoleInfo.java:shutdownLeaderElection(134)) - 2929643e-7442-4794-a56e-1c38ca296261: shutdown LeaderElection
2019-11-13 20:40:12,127 [d8a6778e-ef1b-4a45-8dc3-d54ef706ff02@group-E699AAE816A0-LeaderElection154] INFO  impl.RaftServerImpl (RaftServerImpl.java:setRole(173)) - d8a6778e-ef1b-4a45-8dc3-d54ef706ff02@group-E699AAE816A0: changes role from CANDIDATE to LEADER at term 1 for changeToLeader
2019-11-13 20:40:12,127 [2929643e-7442-4794-a56e-1c38ca296261@group-E05D287FF04C-LeaderElection155] INFO  impl.RaftServerImpl (RaftServerImpl.java:setRole(173)) - 2929643e-7442-4794-a56e-1c38ca296261@group-E05D287FF04C: changes role from CANDIDATE to LEADER at term 1 for changeToLeader
2019-11-13 20:40:12,127 [d8a6778e-ef1b-4a45-8dc3-d54ef706ff02@group-E699AAE816A0-LeaderElection154] INFO  ratis.XceiverServerRatis (XceiverServerRatis.java:handleLeaderChangedNotification(697)) - Leader change notification received for group: group-E699AAE816A0 with new leaderId: d8a6778e-ef1b-4a45-8dc3-d54ef706ff02
2019-11-13 20:40:12,127 [2929643e-7442-4794-a56e-1c38ca296261@group-E05D287FF04C-LeaderElection155] INFO  ratis.XceiverServerRatis (XceiverServerRatis.java:handleLeaderChangedNotification(697)) - Leader change notification received for group: group-E05D287FF04C with new leaderId: 2929643e-7442-4794-a56e-1c38ca296261
2019-11-13 20:40:12,127 [d8a6778e-ef1b-4a45-8dc3-d54ef706ff02@group-E699AAE816A0-LeaderElection154] INFO  impl.RaftServerImpl (ServerState.java:setLeader(255)) - d8a6778e-ef1b-4a45-8dc3-d54ef706ff02@group-E699AAE816A0: change Leader from null to d8a6778e-ef1b-4a45-8dc3-d54ef706ff02 at term 1 for becomeLeader, leader elected after 1047ms
2019-11-13 20:40:12,127 [d8a6778e-ef1b-4a45-8dc3-d54ef706ff02@group-E699AAE816A0-LeaderElection154] INFO  server.RaftServerConfigKeys (ConfUtils.java:logGet(43)) - raft.server.staging.catchup.gap = 1000 (default)
2019-11-13 20:40:12,127 [2929643e-7442-4794-a56e-1c38ca296261@group-E05D287FF04C-LeaderElection155] INFO  impl.RaftServerImpl (ServerState.java:setLeader(255)) - 2929643e-7442-4794-a56e-1c38ca296261@group-E05D287FF04C: change Leader from null to 2929643e-7442-4794-a56e-1c38ca296261 at term 1 for becomeLeader, leader elected after 1086ms
2019-11-13 20:40:12,127 [d8a6778e-ef1b-4a45-8dc3-d54ef706ff02@group-E699AAE816A0-LeaderElection154] INFO  server.RaftServerConfigKeys (ConfUtils.java:logGet(43)) - raft.server.rpc.sleep.time = 25ms (default)
2019-11-13 20:40:12,129 [2929643e-7442-4794-a56e-1c38ca296261@group-E05D287FF04C-LeaderElection155] INFO  server.RaftServerConfigKeys (ConfUtils.java:logGet(43)) - raft.server.staging.catchup.gap = 1000 (default)
2019-11-13 20:40:12,129 [d8a6778e-ef1b-4a45-8dc3-d54ef706ff02@group-E699AAE816A0-LeaderElection154] INFO  server.RaftServerConfigKeys (ConfUtils.java:logGet(43)) - raft.server.write.element-limit = 4096 (default)
2019-11-13 20:40:12,130 [2929643e-7442-4794-a56e-1c38ca296261@group-E05D287FF04C-LeaderElection155] INFO  server.RaftServerConfigKeys (ConfUtils.java:logGet(43)) - raft.server.rpc.sleep.time = 25ms (default)
2019-11-13 20:40:12,130 [d8a6778e-ef1b-4a45-8dc3-d54ef706ff02@group-E699AAE816A0-LeaderElection154] INFO  server.RaftServerConfigKeys (ConfUtils.java:logGet(43)) - raft.server.watch.timeout = 10s (default)
2019-11-13 20:40:12,130 [2929643e-7442-4794-a56e-1c38ca296261@group-E05D287FF04C-LeaderElection155] INFO  server.RaftServerConfigKeys (ConfUtils.java:logGet(43)) - raft.server.write.element-limit = 4096 (default)
2019-11-13 20:40:12,130 [EventQueue-PipelineReportForPipelineReportHandler] INFO  pipeline.PipelineStateManager (PipelineStateManager.java:openPipeline(134)) - Pipeline Pipeline[ Id: 577da6db-8b4f-4c97-a681-e05d287ff04c, Nodes: 2929643e-7442-4794-a56e-1c38ca296261{ip: 192.168.34.20, host: pr-hdds-2470-fxbl9-3826649461, networkLocation: /rack1, certSerialId: null}, Type:RATIS, Factor:ONE, State:OPEN] moved to OPEN state
2019-11-13 20:40:12,130 [d8a6778e-ef1b-4a45-8dc3-d54ef706ff02@group-E699AAE816A0-LeaderElection154] INFO  server.RaftServerConfigKeys (ConfUtils.java:logGet(43)) - raft.server.watch.timeout.denomination = 1s (default)
2019-11-13 20:40:12,130 [2929643e-7442-4794-a56e-1c38ca296261@group-E05D287FF04C-LeaderElection155] INFO  server.RaftServerConfigKeys (ConfUtils.java:logGet(43)) - raft.server.watch.timeout = 10s (default)
2019-11-13 20:40:12,130 [d8a6778e-ef1b-4a45-8dc3-d54ef706ff02@group-E699AAE816A0-LeaderElection154] INFO  server.RaftServerConfigKeys (ConfUtils.java:logGet(43)) - raft.server.watch.element-limit = 65536 (default)
2019-11-13 20:40:12,130 [EventQueue-PipelineReportForPipelineReportHandler] INFO  pipeline.PipelineStateManager (PipelineStateManager.java:openPipeline(134)) - Pipeline Pipeline[ Id: f7c3b841-9e97-4b64-8ef1-e699aae816a0, Nodes: d8a6778e-ef1b-4a45-8dc3-d54ef706ff02{ip: 192.168.34.20, host: pr-hdds-2470-fxbl9-3826649461, networkLocation: /rack1, certSerialId: null}, Type:RATIS, Factor:ONE, State:OPEN] moved to OPEN state
2019-11-13 20:40:12,131 [d8a6778e-ef1b-4a45-8dc3-d54ef706ff02@group-E699AAE816A0-LeaderElection154] INFO  impl.RoleInfo (RoleInfo.java:updateAndGet(143)) - d8a6778e-ef1b-4a45-8dc3-d54ef706ff02: start LeaderState
2019-11-13 20:40:12,130 [2929643e-7442-4794-a56e-1c38ca296261@group-E05D287FF04C-LeaderElection155] INFO  server.RaftServerConfigKeys (ConfUtils.java:logGet(43)) - raft.server.watch.timeout.denomination = 1s (default)
2019-11-13 20:40:12,131 [d8a6778e-ef1b-4a45-8dc3-d54ef706ff02@group-E699AAE816A0-LeaderElection154] INFO  segmented.SegmentedRaftLogWorker (SegmentedRaftLogWorker.java:startLogSegment(385)) - d8a6778e-ef1b-4a45-8dc3-d54ef706ff02@group-E699AAE816A0-SegmentedRaftLogWorker: Starting segment from index:0
2019-11-13 20:40:12,131 [2929643e-7442-4794-a56e-1c38ca296261@group-E05D287FF04C-LeaderElection155] INFO  server.RaftServerConfigKeys (ConfUtils.java:logGet(43)) - raft.server.watch.element-limit = 65536 (default)
2019-11-13 20:40:12,131 [2929643e-7442-4794-a56e-1c38ca296261@group-E05D287FF04C-LeaderElection155] INFO  impl.RoleInfo (RoleInfo.java:updateAndGet(143)) - 2929643e-7442-4794-a56e-1c38ca296261: start LeaderState
2019-11-13 20:40:12,131 [d8a6778e-ef1b-4a45-8dc3-d54ef706ff02@group-E699AAE816A0-LeaderElection154] INFO  impl.RaftServerImpl (ServerState.java:setRaftConf(356)) - d8a6778e-ef1b-4a45-8dc3-d54ef706ff02@group-E699AAE816A0: set configuration 0: [d8a6778e-ef1b-4a45-8dc3-d54ef706ff02:192.168.34.20:34234], old=null at 0
2019-11-13 20:40:12,131 [2929643e-7442-4794-a56e-1c38ca296261@group-E05D287FF04C-LeaderElection155] INFO  segmented.SegmentedRaftLogWorker (SegmentedRaftLogWorker.java:startLogSegment(385)) - 2929643e-7442-4794-a56e-1c38ca296261@group-E05D287FF04C-SegmentedRaftLogWorker: Starting segment from index:0
2019-11-13 20:40:12,132 [2929643e-7442-4794-a56e-1c38ca296261@group-E05D287FF04C-LeaderElection155] INFO  impl.RaftServerImpl (ServerState.java:setRaftConf(356)) - 2929643e-7442-4794-a56e-1c38ca296261@group-E05D287FF04C: set configuration 0: [2929643e-7442-4794-a56e-1c38ca296261:192.168.34.20:43198], old=null at 0
2019-11-13 20:40:12,132 [Thread-3974] INFO  impl.FollowerState (FollowerState.java:run(111)) - 63c5c595-8d4c-4001-b46d-6e0cbb5b9d3c@group-15ACF87D72D4-FollowerState: change to CANDIDATE, lastRpcTime:1131ms, electionTimeout:1131ms
2019-11-13 20:40:12,133 [Thread-3974] INFO  impl.RoleInfo (RoleInfo.java:shutdownFollowerState(121)) - 63c5c595-8d4c-4001-b46d-6e0cbb5b9d3c: shutdown FollowerState
2019-11-13 20:40:12,133 [Thread-3974] INFO  impl.RaftServerImpl (RaftServerImpl.java:setRole(173)) - 63c5c595-8d4c-4001-b46d-6e0cbb5b9d3c@group-15ACF87D72D4: changes role from  FOLLOWER to CANDIDATE at term 0 for changeToCandidate
2019-11-13 20:40:12,133 [Thread-3974] INFO  impl.RoleInfo (RoleInfo.java:updateAndGet(143)) - 63c5c595-8d4c-4001-b46d-6e0cbb5b9d3c: start LeaderElection
2019-11-13 20:40:12,171 [Thread-3988] INFO  impl.FollowerState (FollowerState.java:run(111)) - d8a6778e-ef1b-4a45-8dc3-d54ef706ff02@group-007C6F2F8B97-FollowerState: change to CANDIDATE, lastRpcTime:1050ms, electionTimeout:1050ms
2019-11-13 20:40:12,172 [Thread-3988] INFO  impl.RoleInfo (RoleInfo.java:shutdownFollowerState(121)) - d8a6778e-ef1b-4a45-8dc3-d54ef706ff02: shutdown FollowerState
2019-11-13 20:40:12,172 [Thread-3988] INFO  impl.RaftServerImpl (RaftServerImpl.java:setRole(173)) - d8a6778e-ef1b-4a45-8dc3-d54ef706ff02@group-007C6F2F8B97: changes role from  FOLLOWER to CANDIDATE at term 0 for changeToCandidate
2019-11-13 20:40:12,172 [Thread-3988] INFO  impl.RoleInfo (RoleInfo.java:updateAndGet(143)) - d8a6778e-ef1b-4a45-8dc3-d54ef706ff02: start LeaderElection
2019-11-13 20:40:12,182 [Thread-3983] INFO  impl.FollowerState (FollowerState.java:run(111)) - 2929643e-7442-4794-a56e-1c38ca296261@group-007C6F2F8B97-FollowerState: change to CANDIDATE, lastRpcTime:1063ms, electionTimeout:1063ms
2019-11-13 20:40:12,182 [Thread-3983] INFO  impl.RoleInfo (RoleInfo.java:shutdownFollowerState(121)) - 2929643e-7442-4794-a56e-1c38ca296261: shutdown FollowerState
2019-11-13 20:40:12,182 [Thread-3983] INFO  impl.RaftServerImpl (RaftServerImpl.java:setRole(173)) - 2929643e-7442-4794-a56e-1c38ca296261@group-007C6F2F8B97: changes role from  FOLLOWER to CANDIDATE at term 0 for changeToCandidate
2019-11-13 20:40:12,182 [Thread-3983] INFO  impl.RoleInfo (RoleInfo.java:updateAndGet(143)) - 2929643e-7442-4794-a56e-1c38ca296261: start LeaderElection
2019-11-13 20:40:12,188 [d8a6778e-ef1b-4a45-8dc3-d54ef706ff02@group-E699AAE816A0-SegmentedRaftLogWorker] INFO  segmented.SegmentedRaftLogWorker (SegmentedRaftLogWorker.java:execute(576)) - d8a6778e-ef1b-4a45-8dc3-d54ef706ff02@group-E699AAE816A0-SegmentedRaftLogWorker: created new log segment /workdir/hadoop-ozone/integration-test/target/test-dir/MiniOzoneClusterImpl-23a5d35f-12cc-4157-b83c-481d86791456/datanode-5/data/ratis/f7c3b841-9e97-4b64-8ef1-e699aae816a0/current/log_inprogress_0
2019-11-13 20:40:12,188 [63c5c595-8d4c-4001-b46d-6e0cbb5b9d3c@group-15ACF87D72D4-LeaderElection156] INFO  impl.LeaderElection (LeaderElection.java:askForVotes(178)) - 63c5c595-8d4c-4001-b46d-6e0cbb5b9d3c@group-15ACF87D72D4-LeaderElection156: begin an election at term 1 for -1: [63c5c595-8d4c-4001-b46d-6e0cbb5b9d3c:192.168.34.20:42027], old=null
2019-11-13 20:40:12,188 [d8a6778e-ef1b-4a45-8dc3-d54ef706ff02@group-007C6F2F8B97-LeaderElection157] INFO  impl.LeaderElection (LeaderElection.java:askForVotes(178)) - d8a6778e-ef1b-4a45-8dc3-d54ef706ff02@group-007C6F2F8B97-LeaderElection157: begin an election at term 1 for -1: [63c5c595-8d4c-4001-b46d-6e0cbb5b9d3c:192.168.34.20:42027, d8a6778e-ef1b-4a45-8dc3-d54ef706ff02:192.168.34.20:34234, 2929643e-7442-4794-a56e-1c38ca296261:192.168.34.20:43198], old=null
2019-11-13 20:40:12,188 [2929643e-7442-4794-a56e-1c38ca296261@group-E05D287FF04C-SegmentedRaftLogWorker] INFO  segmented.SegmentedRaftLogWorker (SegmentedRaftLogWorker.java:execute(576)) - 2929643e-7442-4794-a56e-1c38ca296261@group-E05D287FF04C-SegmentedRaftLogWorker: created new log segment /workdir/hadoop-ozone/integration-test/target/test-dir/MiniOzoneClusterImpl-23a5d35f-12cc-4157-b83c-481d86791456/datanode-3/data/ratis/577da6db-8b4f-4c97-a681-e05d287ff04c/current/log_inprogress_0
2019-11-13 20:40:12,188 [63c5c595-8d4c-4001-b46d-6e0cbb5b9d3c@group-15ACF87D72D4-LeaderElection156] INFO  impl.RoleInfo (RoleInfo.java:shutdownLeaderElection(134)) - 63c5c595-8d4c-4001-b46d-6e0cbb5b9d3c: shutdown LeaderElection
2019-11-13 20:40:12,189 [63c5c595-8d4c-4001-b46d-6e0cbb5b9d3c@group-15ACF87D72D4-LeaderElection156] INFO  impl.RaftServerImpl (RaftServerImpl.java:setRole(173)) - 63c5c595-8d4c-4001-b46d-6e0cbb5b9d3c@group-15ACF87D72D4: changes role from CANDIDATE to LEADER at term 1 for changeToLeader
2019-11-13 20:40:12,189 [63c5c595-8d4c-4001-b46d-6e0cbb5b9d3c@group-15ACF87D72D4-LeaderElection156] INFO  ratis.XceiverServerRatis (XceiverServerRatis.java:handleLeaderChangedNotification(697)) - Leader change notification received for group: group-15ACF87D72D4 with new leaderId: 63c5c595-8d4c-4001-b46d-6e0cbb5b9d3c
2019-11-13 20:40:12,189 [63c5c595-8d4c-4001-b46d-6e0cbb5b9d3c@group-15ACF87D72D4-LeaderElection156] INFO  impl.RaftServerImpl (ServerState.java:setLeader(255)) - 63c5c595-8d4c-4001-b46d-6e0cbb5b9d3c@group-15ACF87D72D4: change Leader from null to 63c5c595-8d4c-4001-b46d-6e0cbb5b9d3c at term 1 for becomeLeader, leader elected after 1190ms
2019-11-13 20:40:12,189 [63c5c595-8d4c-4001-b46d-6e0cbb5b9d3c@group-15ACF87D72D4-LeaderElection156] INFO  server.RaftServerConfigKeys (ConfUtils.java:logGet(43)) - raft.server.staging.catchup.gap = 1000 (default)
2019-11-13 20:40:12,189 [63c5c595-8d4c-4001-b46d-6e0cbb5b9d3c@group-15ACF87D72D4-LeaderElection156] INFO  server.RaftServerConfigKeys (ConfUtils.java:logGet(43)) - raft.server.rpc.sleep.time = 25ms (default)
2019-11-13 20:40:12,196 [2929643e-7442-4794-a56e-1c38ca296261@group-007C6F2F8B97-LeaderElection158] INFO  impl.LeaderElection (LeaderElection.java:askForVotes(178)) - 2929643e-7442-4794-a56e-1c38ca296261@group-007C6F2F8B97-LeaderElection158: begin an election at term 1 for -1: [63c5c595-8d4c-4001-b46d-6e0cbb5b9d3c:192.168.34.20:42027, d8a6778e-ef1b-4a45-8dc3-d54ef706ff02:192.168.34.20:34234, 2929643e-7442-4794-a56e-1c38ca296261:192.168.34.20:43198], old=null
2019-11-13 20:40:12,197 [63c5c595-8d4c-4001-b46d-6e0cbb5b9d3c@group-15ACF87D72D4-LeaderElection156] INFO  server.RaftServerConfigKeys (ConfUtils.java:logGet(43)) - raft.server.write.element-limit = 4096 (default)
2019-11-13 20:40:12,197 [63c5c595-8d4c-4001-b46d-6e0cbb5b9d3c@group-15ACF87D72D4-LeaderElection156] INFO  server.RaftServerConfigKeys (ConfUtils.java:logGet(43)) - raft.server.watch.timeout = 10s (default)
2019-11-13 20:40:12,197 [63c5c595-8d4c-4001-b46d-6e0cbb5b9d3c@group-15ACF87D72D4-LeaderElection156] INFO  server.RaftServerConfigKeys (ConfUtils.java:logGet(43)) - raft.server.watch.timeout.denomination = 1s (default)
2019-11-13 20:40:12,197 [63c5c595-8d4c-4001-b46d-6e0cbb5b9d3c@group-15ACF87D72D4-LeaderElection156] INFO  server.RaftServerConfigKeys (ConfUtils.java:logGet(43)) - raft.server.watch.element-limit = 65536 (default)
2019-11-13 20:40:12,197 [EventQueue-PipelineReportForPipelineReportHandler] INFO  pipeline.PipelineStateManager (PipelineStateManager.java:openPipeline(134)) - Pipeline Pipeline[ Id: 54f4a53b-a2f4-48e2-af84-15acf87d72d4, Nodes: 63c5c595-8d4c-4001-b46d-6e0cbb5b9d3c{ip: 192.168.34.20, host: pr-hdds-2470-fxbl9-3826649461, networkLocation: /rack1, certSerialId: null}, Type:RATIS, Factor:ONE, State:OPEN] moved to OPEN state
2019-11-13 20:40:12,197 [63c5c595-8d4c-4001-b46d-6e0cbb5b9d3c@group-15ACF87D72D4-LeaderElection156] INFO  impl.RoleInfo (RoleInfo.java:updateAndGet(143)) - 63c5c595-8d4c-4001-b46d-6e0cbb5b9d3c: start LeaderState
2019-11-13 20:40:12,200 [63c5c595-8d4c-4001-b46d-6e0cbb5b9d3c@group-15ACF87D72D4-LeaderElection156] INFO  segmented.SegmentedRaftLogWorker (SegmentedRaftLogWorker.java:startLogSegment(385)) - 63c5c595-8d4c-4001-b46d-6e0cbb5b9d3c@group-15ACF87D72D4-SegmentedRaftLogWorker: Starting segment from index:0
2019-11-13 20:40:12,200 [63c5c595-8d4c-4001-b46d-6e0cbb5b9d3c@group-15ACF87D72D4-LeaderElection156] INFO  impl.RaftServerImpl (ServerState.java:setRaftConf(356)) - 63c5c595-8d4c-4001-b46d-6e0cbb5b9d3c@group-15ACF87D72D4: set configuration 0: [63c5c595-8d4c-4001-b46d-6e0cbb5b9d3c:192.168.34.20:42027], old=null at 0
2019-11-13 20:40:12,224 [grpc-default-executor-4] INFO  impl.RaftServerImpl (RaftServerImpl.java:setRole(173)) - 63c5c595-8d4c-4001-b46d-6e0cbb5b9d3c@group-007C6F2F8B97: changes role from  FOLLOWER to FOLLOWER at term 1 for recognizeCandidate:d8a6778e-ef1b-4a45-8dc3-d54ef706ff02
2019-11-13 20:40:12,224 [grpc-default-executor-4] INFO  impl.RoleInfo (RoleInfo.java:shutdownFollowerState(121)) - 63c5c595-8d4c-4001-b46d-6e0cbb5b9d3c: shutdown FollowerState
2019-11-13 20:40:12,224 [grpc-default-executor-4] INFO  impl.RoleInfo (RoleInfo.java:updateAndGet(143)) - 63c5c595-8d4c-4001-b46d-6e0cbb5b9d3c: start FollowerState
2019-11-13 20:40:12,224 [Thread-3987] INFO  impl.FollowerState (FollowerState.java:run(120)) - 63c5c595-8d4c-4001-b46d-6e0cbb5b9d3c@group-007C6F2F8B97-FollowerState was interrupted: java.lang.InterruptedException: sleep interrupted
2019-11-13 20:40:12,237 [63c5c595-8d4c-4001-b46d-6e0cbb5b9d3c@group-15ACF87D72D4-SegmentedRaftLogWorker] INFO  segmented.SegmentedRaftLogWorker (SegmentedRaftLogWorker.java:execute(576)) - 63c5c595-8d4c-4001-b46d-6e0cbb5b9d3c@group-15ACF87D72D4-SegmentedRaftLogWorker: created new log segment /workdir/hadoop-ozone/integration-test/target/test-dir/MiniOzoneClusterImpl-23a5d35f-12cc-4157-b83c-481d86791456/datanode-4/data/ratis/54f4a53b-a2f4-48e2-af84-15acf87d72d4/current/log_inprogress_0
2019-11-13 20:40:12,237 [d8a6778e-ef1b-4a45-8dc3-d54ef706ff02@group-007C6F2F8B97-LeaderElection157] INFO  impl.LeaderElection (LeaderElection.java:logAndReturn(56)) - d8a6778e-ef1b-4a45-8dc3-d54ef706ff02@group-007C6F2F8B97-LeaderElection157: Election PASSED; received 2 response(s) [d8a6778e-ef1b-4a45-8dc3-d54ef706ff02<-63c5c595-8d4c-4001-b46d-6e0cbb5b9d3c#0:OK-t1, d8a6778e-ef1b-4a45-8dc3-d54ef706ff02<-2929643e-7442-4794-a56e-1c38ca296261#0:FAIL-t1] and 0 exception(s); d8a6778e-ef1b-4a45-8dc3-d54ef706ff02@group-007C6F2F8B97:t1, leader=null, voted=d8a6778e-ef1b-4a45-8dc3-d54ef706ff02, raftlog=d8a6778e-ef1b-4a45-8dc3-d54ef706ff02@group-007C6F2F8B97-SegmentedRaftLog:OPENED:c-1,f-1,i0, conf=-1: [63c5c595-8d4c-4001-b46d-6e0cbb5b9d3c:192.168.34.20:42027, d8a6778e-ef1b-4a45-8dc3-d54ef706ff02:192.168.34.20:34234, 2929643e-7442-4794-a56e-1c38ca296261:192.168.34.20:43198], old=null
2019-11-13 20:40:12,237 [2929643e-7442-4794-a56e-1c38ca296261@group-007C6F2F8B97-LeaderElection158] INFO  impl.LeaderElection (LeaderElection.java:logAndReturn(56)) - 2929643e-7442-4794-a56e-1c38ca296261@group-007C6F2F8B97-LeaderElection158: Election REJECTED; received 2 response(s) [2929643e-7442-4794-a56e-1c38ca296261<-d8a6778e-ef1b-4a45-8dc3-d54ef706ff02#0:FAIL-t1, 2929643e-7442-4794-a56e-1c38ca296261<-63c5c595-8d4c-4001-b46d-6e0cbb5b9d3c#0:FAIL-t1] and 0 exception(s); 2929643e-7442-4794-a56e-1c38ca296261@group-007C6F2F8B97:t1, leader=null, voted=2929643e-7442-4794-a56e-1c38ca296261, raftlog=2929643e-7442-4794-a56e-1c38ca296261@group-007C6F2F8B97-SegmentedRaftLog:OPENED:c-1,f-1,i0, conf=-1: [63c5c595-8d4c-4001-b46d-6e0cbb5b9d3c:192.168.34.20:42027, d8a6778e-ef1b-4a45-8dc3-d54ef706ff02:192.168.34.20:34234, 2929643e-7442-4794-a56e-1c38ca296261:192.168.34.20:43198], old=null
2019-11-13 20:40:12,237 [d8a6778e-ef1b-4a45-8dc3-d54ef706ff02@group-007C6F2F8B97-LeaderElection157] INFO  impl.RoleInfo (RoleInfo.java:shutdownLeaderElection(134)) - d8a6778e-ef1b-4a45-8dc3-d54ef706ff02: shutdown LeaderElection
2019-11-13 20:40:12,238 [2929643e-7442-4794-a56e-1c38ca296261@group-007C6F2F8B97-LeaderElection158] INFO  impl.RaftServerImpl (RaftServerImpl.java:setRole(173)) - 2929643e-7442-4794-a56e-1c38ca296261@group-007C6F2F8B97: changes role from CANDIDATE to FOLLOWER at term 1 for DISCOVERED_A_NEW_TERM
2019-11-13 20:40:12,238 [d8a6778e-ef1b-4a45-8dc3-d54ef706ff02@group-007C6F2F8B97-LeaderElection157] INFO  impl.RaftServerImpl (RaftServerImpl.java:setRole(173)) - d8a6778e-ef1b-4a45-8dc3-d54ef706ff02@group-007C6F2F8B97: changes role from CANDIDATE to LEADER at term 1 for changeToLeader
2019-11-13 20:40:12,238 [2929643e-7442-4794-a56e-1c38ca296261@group-007C6F2F8B97-LeaderElection158] INFO  impl.RoleInfo (RoleInfo.java:shutdownLeaderElection(134)) - 2929643e-7442-4794-a56e-1c38ca296261: shutdown LeaderElection
2019-11-13 20:40:12,238 [d8a6778e-ef1b-4a45-8dc3-d54ef706ff02@group-007C6F2F8B97-LeaderElection157] INFO  ratis.XceiverServerRatis (XceiverServerRatis.java:handleLeaderChangedNotification(697)) - Leader change notification received for group: group-007C6F2F8B97 with new leaderId: d8a6778e-ef1b-4a45-8dc3-d54ef706ff02
2019-11-13 20:40:12,238 [2929643e-7442-4794-a56e-1c38ca296261@group-007C6F2F8B97-LeaderElection158] INFO  impl.RoleInfo (RoleInfo.java:updateAndGet(143)) - 2929643e-7442-4794-a56e-1c38ca296261: start FollowerState
2019-11-13 20:40:12,238 [d8a6778e-ef1b-4a45-8dc3-d54ef706ff02@group-007C6F2F8B97-LeaderElection157] INFO  impl.RaftServerImpl (ServerState.java:setLeader(255)) - d8a6778e-ef1b-4a45-8dc3-d54ef706ff02@group-007C6F2F8B97: change Leader from null to d8a6778e-ef1b-4a45-8dc3-d54ef706ff02 at term 1 for becomeLeader, leader elected after 1124ms
2019-11-13 20:40:12,238 [d8a6778e-ef1b-4a45-8dc3-d54ef706ff02@group-007C6F2F8B97-LeaderElection157] INFO  server.RaftServerConfigKeys (ConfUtils.java:logGet(43)) - raft.server.staging.catchup.gap = 1000 (default)
2019-11-13 20:40:12,238 [d8a6778e-ef1b-4a45-8dc3-d54ef706ff02@group-007C6F2F8B97-LeaderElection157] INFO  server.RaftServerConfigKeys (ConfUtils.java:logGet(43)) - raft.server.rpc.sleep.time = 25ms (default)
2019-11-13 20:40:12,238 [d8a6778e-ef1b-4a45-8dc3-d54ef706ff02@group-007C6F2F8B97-LeaderElection157] INFO  server.RaftServerConfigKeys (ConfUtils.java:logGet(43)) - raft.server.write.element-limit = 4096 (default)
2019-11-13 20:40:12,238 [d8a6778e-ef1b-4a45-8dc3-d54ef706ff02@group-007C6F2F8B97-LeaderElection157] INFO  server.RaftServerConfigKeys (ConfUtils.java:logGet(43)) - raft.server.watch.timeout = 10s (default)
2019-11-13 20:40:12,239 [d8a6778e-ef1b-4a45-8dc3-d54ef706ff02@group-007C6F2F8B97-LeaderElection157] INFO  server.RaftServerConfigKeys (ConfUtils.java:logGet(43)) - raft.server.watch.timeout.denomination = 1s (default)
2019-11-13 20:40:12,239 [d8a6778e-ef1b-4a45-8dc3-d54ef706ff02@group-007C6F2F8B97-LeaderElection157] INFO  server.RaftServerConfigKeys (ConfUtils.java:logGet(43)) - raft.server.watch.element-limit = 65536 (default)
2019-11-13 20:40:12,239 [d8a6778e-ef1b-4a45-8dc3-d54ef706ff02@group-007C6F2F8B97-LeaderElection157] INFO  server.RaftServerConfigKeys (ConfUtils.java:logGet(43)) - raft.server.log.appender.snapshot.chunk.size.max = 16MB (=16777216) (default)
2019-11-13 20:40:12,239 [EventQueue-PipelineReportForPipelineReportHandler] INFO  pipeline.PipelineStateManager (PipelineStateManager.java:openPipeline(134)) - Pipeline Pipeline[ Id: 9d3f366f-609a-4e08-bcd7-007c6f2f8b97, Nodes: 63c5c595-8d4c-4001-b46d-6e0cbb5b9d3c{ip: 192.168.34.20, host: pr-hdds-2470-fxbl9-3826649461, networkLocation: /rack1, certSerialId: null}2929643e-7442-4794-a56e-1c38ca296261{ip: 192.168.34.20, host: pr-hdds-2470-fxbl9-3826649461, networkLocation: /rack1, certSerialId: null}d8a6778e-ef1b-4a45-8dc3-d54ef706ff02{ip: 192.168.34.20, host: pr-hdds-2470-fxbl9-3826649461, networkLocation: /rack1, certSerialId: null}, Type:RATIS, Factor:THREE, State:OPEN] moved to OPEN state
2019-11-13 20:40:12,239 [d8a6778e-ef1b-4a45-8dc3-d54ef706ff02@group-007C6F2F8B97-LeaderElection157] INFO  server.RaftServerConfigKeys (ConfUtils.java:logGet(43)) - raft.server.log.appender.buffer.byte-limit = 33554432 (custom)
2019-11-13 20:40:12,239 [d8a6778e-ef1b-4a45-8dc3-d54ef706ff02@group-007C6F2F8B97-LeaderElection157] INFO  server.RaftServerConfigKeys (ConfUtils.java:logGet(43)) - raft.server.log.appender.buffer.element-limit = 1 (custom)
2019-11-13 20:40:12,239 [d8a6778e-ef1b-4a45-8dc3-d54ef706ff02@group-007C6F2F8B97-LeaderElection157] INFO  grpc.GrpcConfigKeys$Server (ConfUtils.java:logGet(43)) - raft.grpc.server.leader.outstanding.appends.max = 128 (default)
2019-11-13 20:40:12,239 [Thread-3992] INFO  impl.FollowerState (FollowerState.java:run(111)) - e207fbae-fd28-42f6-9bb4-297c35844d9f@group-944452A367E5-FollowerState: change to CANDIDATE, lastRpcTime:1019ms, electionTimeout:1019ms
2019-11-13 20:40:12,239 [d8a6778e-ef1b-4a45-8dc3-d54ef706ff02@group-007C6F2F8B97-LeaderElection157] INFO  server.RaftServerConfigKeys (ConfUtils.java:logGet(43)) - raft.server.rpc.request.timeout = 3000ms (default)
2019-11-13 20:40:12,239 [Thread-3992] INFO  impl.RoleInfo (RoleInfo.java:shutdownFollowerState(121)) - e207fbae-fd28-42f6-9bb4-297c35844d9f: shutdown FollowerState
2019-11-13 20:40:12,240 [d8a6778e-ef1b-4a45-8dc3-d54ef706ff02@group-007C6F2F8B97-LeaderElection157] INFO  server.RaftServerConfigKeys (ConfUtils.java:logGet(43)) - raft.server.log.appender.install.snapshot.enabled = false (custom)
2019-11-13 20:40:12,240 [Thread-3992] INFO  impl.RaftServerImpl (RaftServerImpl.java:setRole(173)) - e207fbae-fd28-42f6-9bb4-297c35844d9f@group-944452A367E5: changes role from  FOLLOWER to CANDIDATE at term 0 for changeToCandidate
2019-11-13 20:40:12,240 [d8a6778e-ef1b-4a45-8dc3-d54ef706ff02@group-007C6F2F8B97-LeaderElection157] WARN  impl.MetricRegistriesImpl (MetricRegistriesImpl.java:lambda$create$1(61)) - First MetricRegistry has been created without registering reporters. You may need to call MetricRegistries.global().addReportRegistration(...) before.
2019-11-13 20:40:12,240 [Thread-3992] INFO  impl.RoleInfo (RoleInfo.java:updateAndGet(143)) - e207fbae-fd28-42f6-9bb4-297c35844d9f: start LeaderElection
2019-11-13 20:40:12,240 [d8a6778e-ef1b-4a45-8dc3-d54ef706ff02@group-007C6F2F8B97-LeaderElection157] INFO  server.RaftServerConfigKeys (ConfUtils.java:logGet(43)) - raft.server.log.appender.snapshot.chunk.size.max = 16MB (=16777216) (default)
2019-11-13 20:40:12,240 [d8a6778e-ef1b-4a45-8dc3-d54ef706ff02@group-007C6F2F8B97-LeaderElection157] INFO  server.RaftServerConfigKeys (ConfUtils.java:logGet(43)) - raft.server.log.appender.buffer.byte-limit = 33554432 (custom)
2019-11-13 20:40:12,240 [d8a6778e-ef1b-4a45-8dc3-d54ef706ff02@group-007C6F2F8B97-LeaderElection157] INFO  server.RaftServerConfigKeys (ConfUtils.java:logGet(43)) - raft.server.log.appender.buffer.element-limit = 1 (custom)
2019-11-13 20:40:12,243 [d8a6778e-ef1b-4a45-8dc3-d54ef706ff02@group-007C6F2F8B97-LeaderElection157] INFO  grpc.GrpcConfigKeys$Server (ConfUtils.java:logGet(43)) - raft.grpc.server.leader.outstanding.appends.max = 128 (default)
2019-11-13 20:40:12,243 [d8a6778e-ef1b-4a45-8dc3-d54ef706ff02@group-007C6F2F8B97-LeaderElection157] INFO  server.RaftServerConfigKeys (ConfUtils.java:logGet(43)) - raft.server.rpc.request.timeout = 3000ms (default)
2019-11-13 20:40:12,243 [d8a6778e-ef1b-4a45-8dc3-d54ef706ff02@group-007C6F2F8B97-LeaderElection157] INFO  server.RaftServerConfigKeys (ConfUtils.java:logGet(43)) - raft.server.log.appender.install.snapshot.enabled = false (custom)
2019-11-13 20:40:12,244 [d8a6778e-ef1b-4a45-8dc3-d54ef706ff02@group-007C6F2F8B97-LeaderElection157] INFO  impl.RoleInfo (RoleInfo.java:updateAndGet(143)) - d8a6778e-ef1b-4a45-8dc3-d54ef706ff02: start LeaderState
2019-11-13 20:40:12,244 [d8a6778e-ef1b-4a45-8dc3-d54ef706ff02@group-007C6F2F8B97-LeaderElection157] INFO  segmented.SegmentedRaftLogWorker (SegmentedRaftLogWorker.java:startLogSegment(385)) - d8a6778e-ef1b-4a45-8dc3-d54ef706ff02@group-007C6F2F8B97-SegmentedRaftLogWorker: Starting segment from index:0
2019-11-13 20:40:12,244 [d8a6778e-ef1b-4a45-8dc3-d54ef706ff02@group-007C6F2F8B97-LeaderElection157] INFO  impl.RaftServerImpl (ServerState.java:setRaftConf(356)) - d8a6778e-ef1b-4a45-8dc3-d54ef706ff02@group-007C6F2F8B97: set configuration 0: [63c5c595-8d4c-4001-b46d-6e0cbb5b9d3c:192.168.34.20:42027, d8a6778e-ef1b-4a45-8dc3-d54ef706ff02:192.168.34.20:34234, 2929643e-7442-4794-a56e-1c38ca296261:192.168.34.20:43198], old=null at 0
2019-11-13 20:40:12,245 [grpc-default-executor-4] INFO  ratis.XceiverServerRatis (XceiverServerRatis.java:handleLeaderChangedNotification(697)) - Leader change notification received for group: group-007C6F2F8B97 with new leaderId: d8a6778e-ef1b-4a45-8dc3-d54ef706ff02
2019-11-13 20:40:12,245 [grpc-default-executor-2] INFO  ratis.XceiverServerRatis (XceiverServerRatis.java:handleLeaderChangedNotification(697)) - Leader change notification received for group: group-007C6F2F8B97 with new leaderId: d8a6778e-ef1b-4a45-8dc3-d54ef706ff02
2019-11-13 20:40:12,245 [grpc-default-executor-4] INFO  impl.RaftServerImpl (ServerState.java:setLeader(255)) - 2929643e-7442-4794-a56e-1c38ca296261@group-007C6F2F8B97: change Leader from null to d8a6778e-ef1b-4a45-8dc3-d54ef706ff02 at term 1 for appendEntries, leader elected after 1132ms
2019-11-13 20:40:12,245 [grpc-default-executor-2] INFO  impl.RaftServerImpl (ServerState.java:setLeader(255)) - 63c5c595-8d4c-4001-b46d-6e0cbb5b9d3c@group-007C6F2F8B97: change Leader from null to d8a6778e-ef1b-4a45-8dc3-d54ef706ff02 at term 1 for appendEntries, leader elected after 1132ms
2019-11-13 20:40:12,247 [grpc-default-executor-4] INFO  impl.RaftServerImpl (ServerState.java:setRaftConf(356)) - 2929643e-7442-4794-a56e-1c38ca296261@group-007C6F2F8B97: set configuration 0: [63c5c595-8d4c-4001-b46d-6e0cbb5b9d3c:192.168.34.20:42027, d8a6778e-ef1b-4a45-8dc3-d54ef706ff02:192.168.34.20:34234, 2929643e-7442-4794-a56e-1c38ca296261:192.168.34.20:43198], old=null at 0
2019-11-13 20:40:12,247 [grpc-default-executor-4] INFO  segmented.SegmentedRaftLogWorker (SegmentedRaftLogWorker.java:startLogSegment(385)) - 2929643e-7442-4794-a56e-1c38ca296261@group-007C6F2F8B97-SegmentedRaftLogWorker: Starting segment from index:0
2019-11-13 20:40:12,247 [grpc-default-executor-2] INFO  impl.RaftServerImpl (ServerState.java:setRaftConf(356)) - 63c5c595-8d4c-4001-b46d-6e0cbb5b9d3c@group-007C6F2F8B97: set configuration 0: [63c5c595-8d4c-4001-b46d-6e0cbb5b9d3c:192.168.34.20:42027, d8a6778e-ef1b-4a45-8dc3-d54ef706ff02:192.168.34.20:34234, 2929643e-7442-4794-a56e-1c38ca296261:192.168.34.20:43198], old=null at 0
2019-11-13 20:40:12,247 [grpc-default-executor-2] INFO  segmented.SegmentedRaftLogWorker (SegmentedRaftLogWorker.java:startLogSegment(385)) - 63c5c595-8d4c-4001-b46d-6e0cbb5b9d3c@group-007C6F2F8B97-SegmentedRaftLogWorker: Starting segment from index:0
2019-11-13 20:40:12,256 [e207fbae-fd28-42f6-9bb4-297c35844d9f@group-944452A367E5-LeaderElection159] INFO  impl.LeaderElection (LeaderElection.java:askForVotes(178)) - e207fbae-fd28-42f6-9bb4-297c35844d9f@group-944452A367E5-LeaderElection159: begin an election at term 1 for -1: [e207fbae-fd28-42f6-9bb4-297c35844d9f:192.168.34.20:33417], old=null
2019-11-13 20:40:12,256 [e207fbae-fd28-42f6-9bb4-297c35844d9f@group-944452A367E5-LeaderElection159] INFO  impl.RoleInfo (RoleInfo.java:shutdownLeaderElection(134)) - e207fbae-fd28-42f6-9bb4-297c35844d9f: shutdown LeaderElection
2019-11-13 20:40:12,256 [e207fbae-fd28-42f6-9bb4-297c35844d9f@group-944452A367E5-LeaderElection159] INFO  impl.RaftServerImpl (RaftServerImpl.java:setRole(173)) - e207fbae-fd28-42f6-9bb4-297c35844d9f@group-944452A367E5: changes role from CANDIDATE to LEADER at term 1 for changeToLeader
2019-11-13 20:40:12,256 [e207fbae-fd28-42f6-9bb4-297c35844d9f@group-944452A367E5-LeaderElection159] INFO  ratis.XceiverServerRatis (XceiverServerRatis.java:handleLeaderChangedNotification(697)) - Leader change notification received for group: group-944452A367E5 with new leaderId: e207fbae-fd28-42f6-9bb4-297c35844d9f
2019-11-13 20:40:12,256 [e207fbae-fd28-42f6-9bb4-297c35844d9f@group-944452A367E5-LeaderElection159] INFO  impl.RaftServerImpl (ServerState.java:setLeader(255)) - e207fbae-fd28-42f6-9bb4-297c35844d9f@group-944452A367E5: change Leader from null to e207fbae-fd28-42f6-9bb4-297c35844d9f at term 1 for becomeLeader, leader elected after 1039ms
2019-11-13 20:40:12,256 [e207fbae-fd28-42f6-9bb4-297c35844d9f@group-944452A367E5-LeaderElection159] INFO  server.RaftServerConfigKeys (ConfUtils.java:logGet(43)) - raft.server.staging.catchup.gap = 1000 (default)
2019-11-13 20:40:12,256 [e207fbae-fd28-42f6-9bb4-297c35844d9f@group-944452A367E5-LeaderElection159] INFO  server.RaftServerConfigKeys (ConfUtils.java:logGet(43)) - raft.server.rpc.sleep.time = 25ms (default)
2019-11-13 20:40:12,256 [e207fbae-fd28-42f6-9bb4-297c35844d9f@group-944452A367E5-LeaderElection159] INFO  server.RaftServerConfigKeys (ConfUtils.java:logGet(43)) - raft.server.write.element-limit = 4096 (default)
2019-11-13 20:40:12,278 [e207fbae-fd28-42f6-9bb4-297c35844d9f@group-944452A367E5-LeaderElection159] INFO  server.RaftServerConfigKeys (ConfUtils.java:logGet(43)) - raft.server.watch.timeout = 10s (default)
2019-11-13 20:40:12,278 [e207fbae-fd28-42f6-9bb4-297c35844d9f@group-944452A367E5-LeaderElection159] INFO  server.RaftServerConfigKeys (ConfUtils.java:logGet(43)) - raft.server.watch.timeout.denomination = 1s (default)
2019-11-13 20:40:12,278 [e207fbae-fd28-42f6-9bb4-297c35844d9f@group-944452A367E5-LeaderElection159] INFO  server.RaftServerConfigKeys (ConfUtils.java:logGet(43)) - raft.server.watch.element-limit = 65536 (default)
2019-11-13 20:40:12,279 [e207fbae-fd28-42f6-9bb4-297c35844d9f@group-944452A367E5-LeaderElection159] INFO  impl.RoleInfo (RoleInfo.java:updateAndGet(143)) - e207fbae-fd28-42f6-9bb4-297c35844d9f: start LeaderState
2019-11-13 20:40:12,279 [e207fbae-fd28-42f6-9bb4-297c35844d9f@group-944452A367E5-LeaderElection159] INFO  segmented.SegmentedRaftLogWorker (SegmentedRaftLogWorker.java:startLogSegment(385)) - e207fbae-fd28-42f6-9bb4-297c35844d9f@group-944452A367E5-SegmentedRaftLogWorker: Starting segment from index:0
2019-11-13 20:40:12,279 [EventQueue-PipelineReportForPipelineReportHandler] INFO  pipeline.PipelineStateManager (PipelineStateManager.java:openPipeline(134)) - Pipeline Pipeline[ Id: d74518e6-dbf8-45cf-9b37-944452a367e5, Nodes: e207fbae-fd28-42f6-9bb4-297c35844d9f{ip: 192.168.34.20, host: pr-hdds-2470-fxbl9-3826649461, networkLocation: /rack1, certSerialId: null}, Type:RATIS, Factor:ONE, State:OPEN] moved to OPEN state
2019-11-13 20:40:12,279 [e207fbae-fd28-42f6-9bb4-297c35844d9f@group-944452A367E5-LeaderElection159] INFO  impl.RaftServerImpl (ServerState.java:setRaftConf(356)) - e207fbae-fd28-42f6-9bb4-297c35844d9f@group-944452A367E5: set configuration 0: [e207fbae-fd28-42f6-9bb4-297c35844d9f:192.168.34.20:33417], old=null at 0
2019-11-13 20:40:12,291 [2929643e-7442-4794-a56e-1c38ca296261@group-007C6F2F8B97-SegmentedRaftLogWorker] INFO  segmented.SegmentedRaftLogWorker (SegmentedRaftLogWorker.java:execute(576)) - 2929643e-7442-4794-a56e-1c38ca296261@group-007C6F2F8B97-SegmentedRaftLogWorker: created new log segment /workdir/hadoop-ozone/integration-test/target/test-dir/MiniOzoneClusterImpl-23a5d35f-12cc-4157-b83c-481d86791456/datanode-3/data/ratis/9d3f366f-609a-4e08-bcd7-007c6f2f8b97/current/log_inprogress_0
2019-11-13 20:40:12,291 [d8a6778e-ef1b-4a45-8dc3-d54ef706ff02@group-007C6F2F8B97-SegmentedRaftLogWorker] INFO  segmented.SegmentedRaftLogWorker (SegmentedRaftLogWorker.java:execute(576)) - d8a6778e-ef1b-4a45-8dc3-d54ef706ff02@group-007C6F2F8B97-SegmentedRaftLogWorker: created new log segment /workdir/hadoop-ozone/integration-test/target/test-dir/MiniOzoneClusterImpl-23a5d35f-12cc-4157-b83c-481d86791456/datanode-5/data/ratis/9d3f366f-609a-4e08-bcd7-007c6f2f8b97/current/log_inprogress_0
2019-11-13 20:40:12,291 [63c5c595-8d4c-4001-b46d-6e0cbb5b9d3c@group-007C6F2F8B97-SegmentedRaftLogWorker] INFO  segmented.SegmentedRaftLogWorker (SegmentedRaftLogWorker.java:execute(576)) - 63c5c595-8d4c-4001-b46d-6e0cbb5b9d3c@group-007C6F2F8B97-SegmentedRaftLogWorker: created new log segment /workdir/hadoop-ozone/integration-test/target/test-dir/MiniOzoneClusterImpl-23a5d35f-12cc-4157-b83c-481d86791456/datanode-4/data/ratis/9d3f366f-609a-4e08-bcd7-007c6f2f8b97/current/log_inprogress_0
2019-11-13 20:40:12,308 [Thread-3995] INFO  impl.FollowerState (FollowerState.java:run(111)) - 11bf945c-44a0-4fdd-85a2-60a349617ab7@group-2A560A9E987B-FollowerState: change to CANDIDATE, lastRpcTime:1014ms, electionTimeout:1014ms
2019-11-13 20:40:12,308 [Thread-3995] INFO  impl.RoleInfo (RoleInfo.java:shutdownFollowerState(121)) - 11bf945c-44a0-4fdd-85a2-60a349617ab7: shutdown FollowerState
2019-11-13 20:40:12,308 [Thread-3995] INFO  impl.RaftServerImpl (RaftServerImpl.java:setRole(173)) - 11bf945c-44a0-4fdd-85a2-60a349617ab7@group-2A560A9E987B: changes role from  FOLLOWER to CANDIDATE at term 0 for changeToCandidate
2019-11-13 20:40:12,308 [Thread-3995] INFO  impl.RoleInfo (RoleInfo.java:updateAndGet(143)) - 11bf945c-44a0-4fdd-85a2-60a349617ab7: start LeaderElection
2019-11-13 20:40:12,325 [e207fbae-fd28-42f6-9bb4-297c35844d9f@group-944452A367E5-SegmentedRaftLogWorker] INFO  segmented.SegmentedRaftLogWorker (SegmentedRaftLogWorker.java:execute(576)) - e207fbae-fd28-42f6-9bb4-297c35844d9f@group-944452A367E5-SegmentedRaftLogWorker: created new log segment /workdir/hadoop-ozone/integration-test/target/test-dir/MiniOzoneClusterImpl-23a5d35f-12cc-4157-b83c-481d86791456/datanode-6/data/ratis/d74518e6-dbf8-45cf-9b37-944452a367e5/current/log_inprogress_0
2019-11-13 20:40:12,325 [11bf945c-44a0-4fdd-85a2-60a349617ab7@group-2A560A9E987B-LeaderElection160] INFO  impl.LeaderElection (LeaderElection.java:askForVotes(178)) - 11bf945c-44a0-4fdd-85a2-60a349617ab7@group-2A560A9E987B-LeaderElection160: begin an election at term 1 for -1: [11bf945c-44a0-4fdd-85a2-60a349617ab7:192.168.34.20:36272], old=null
2019-11-13 20:40:12,325 [11bf945c-44a0-4fdd-85a2-60a349617ab7@group-2A560A9E987B-LeaderElection160] INFO  impl.RoleInfo (RoleInfo.java:shutdownLeaderElection(134)) - 11bf945c-44a0-4fdd-85a2-60a349617ab7: shutdown LeaderElection
2019-11-13 20:40:12,325 [11bf945c-44a0-4fdd-85a2-60a349617ab7@group-2A560A9E987B-LeaderElection160] INFO  impl.RaftServerImpl (RaftServerImpl.java:setRole(173)) - 11bf945c-44a0-4fdd-85a2-60a349617ab7@group-2A560A9E987B: changes role from CANDIDATE to LEADER at term 1 for changeToLeader
2019-11-13 20:40:12,325 [11bf945c-44a0-4fdd-85a2-60a349617ab7@group-2A560A9E987B-LeaderElection160] INFO  ratis.XceiverServerRatis (XceiverServerRatis.java:handleLeaderChangedNotification(697)) - Leader change notification received for group: group-2A560A9E987B with new leaderId: 11bf945c-44a0-4fdd-85a2-60a349617ab7
2019-11-13 20:40:12,325 [11bf945c-44a0-4fdd-85a2-60a349617ab7@group-2A560A9E987B-LeaderElection160] INFO  impl.RaftServerImpl (ServerState.java:setLeader(255)) - 11bf945c-44a0-4fdd-85a2-60a349617ab7@group-2A560A9E987B: change Leader from null to 11bf945c-44a0-4fdd-85a2-60a349617ab7 at term 1 for becomeLeader, leader elected after 1036ms
2019-11-13 20:40:12,325 [11bf945c-44a0-4fdd-85a2-60a349617ab7@group-2A560A9E987B-LeaderElection160] INFO  server.RaftServerConfigKeys (ConfUtils.java:logGet(43)) - raft.server.staging.catchup.gap = 1000 (default)
2019-11-13 20:40:12,326 [11bf945c-44a0-4fdd-85a2-60a349617ab7@group-2A560A9E987B-LeaderElection160] INFO  server.RaftServerConfigKeys (ConfUtils.java:logGet(43)) - raft.server.rpc.sleep.time = 25ms (default)
2019-11-13 20:40:12,327 [11bf945c-44a0-4fdd-85a2-60a349617ab7@group-2A560A9E987B-LeaderElection160] INFO  server.RaftServerConfigKeys (ConfUtils.java:logGet(43)) - raft.server.write.element-limit = 4096 (default)
2019-11-13 20:40:12,327 [11bf945c-44a0-4fdd-85a2-60a349617ab7@group-2A560A9E987B-LeaderElection160] INFO  server.RaftServerConfigKeys (ConfUtils.java:logGet(43)) - raft.server.watch.timeout = 10s (default)
2019-11-13 20:40:12,328 [11bf945c-44a0-4fdd-85a2-60a349617ab7@group-2A560A9E987B-LeaderElection160] INFO  server.RaftServerConfigKeys (ConfUtils.java:logGet(43)) - raft.server.watch.timeout.denomination = 1s (default)
2019-11-13 20:40:12,328 [EventQueue-PipelineReportForPipelineReportHandler] INFO  pipeline.PipelineStateManager (PipelineStateManager.java:openPipeline(134)) - Pipeline Pipeline[ Id: fbcbfdcf-e4c6-444a-9ed4-2a560a9e987b, Nodes: 11bf945c-44a0-4fdd-85a2-60a349617ab7{ip: 192.168.34.20, host: pr-hdds-2470-fxbl9-3826649461, networkLocation: /rack1, certSerialId: null}, Type:RATIS, Factor:ONE, State:OPEN] moved to OPEN state
2019-11-13 20:40:12,328 [11bf945c-44a0-4fdd-85a2-60a349617ab7@group-2A560A9E987B-LeaderElection160] INFO  server.RaftServerConfigKeys (ConfUtils.java:logGet(43)) - raft.server.watch.element-limit = 65536 (default)
2019-11-13 20:40:12,328 [11bf945c-44a0-4fdd-85a2-60a349617ab7@group-2A560A9E987B-LeaderElection160] INFO  impl.RoleInfo (RoleInfo.java:updateAndGet(143)) - 11bf945c-44a0-4fdd-85a2-60a349617ab7: start LeaderState
2019-11-13 20:40:12,328 [11bf945c-44a0-4fdd-85a2-60a349617ab7@group-2A560A9E987B-LeaderElection160] INFO  segmented.SegmentedRaftLogWorker (SegmentedRaftLogWorker.java:startLogSegment(385)) - 11bf945c-44a0-4fdd-85a2-60a349617ab7@group-2A560A9E987B-SegmentedRaftLogWorker: Starting segment from index:0
2019-11-13 20:40:12,329 [11bf945c-44a0-4fdd-85a2-60a349617ab7@group-2A560A9E987B-LeaderElection160] INFO  impl.RaftServerImpl (ServerState.java:setRaftConf(356)) - 11bf945c-44a0-4fdd-85a2-60a349617ab7@group-2A560A9E987B: set configuration 0: [11bf945c-44a0-4fdd-85a2-60a349617ab7:192.168.34.20:36272], old=null at 0
2019-11-13 20:40:12,385 [11bf945c-44a0-4fdd-85a2-60a349617ab7@group-2A560A9E987B-SegmentedRaftLogWorker] INFO  segmented.SegmentedRaftLogWorker (SegmentedRaftLogWorker.java:execute(576)) - 11bf945c-44a0-4fdd-85a2-60a349617ab7@group-2A560A9E987B-SegmentedRaftLogWorker: created new log segment /workdir/hadoop-ozone/integration-test/target/test-dir/MiniOzoneClusterImpl-23a5d35f-12cc-4157-b83c-481d86791456/datanode-7/data/ratis/fbcbfdcf-e4c6-444a-9ed4-2a560a9e987b/current/log_inprogress_0
2019-11-13 20:40:12,411 [Thread-3998] INFO  impl.FollowerState (FollowerState.java:run(111)) - 777bd53d-1b96-45c1-9d99-437e419e4ea1@group-595DF4808363-FollowerState: change to CANDIDATE, lastRpcTime:1076ms, electionTimeout:1076ms
2019-11-13 20:40:12,411 [Thread-3998] INFO  impl.RoleInfo (RoleInfo.java:shutdownFollowerState(121)) - 777bd53d-1b96-45c1-9d99-437e419e4ea1: shutdown FollowerState
2019-11-13 20:40:12,411 [Thread-3998] INFO  impl.RaftServerImpl (RaftServerImpl.java:setRole(173)) - 777bd53d-1b96-45c1-9d99-437e419e4ea1@group-595DF4808363: changes role from  FOLLOWER to CANDIDATE at term 0 for changeToCandidate
2019-11-13 20:40:12,411 [Thread-3998] INFO  impl.RoleInfo (RoleInfo.java:updateAndGet(143)) - 777bd53d-1b96-45c1-9d99-437e419e4ea1: start LeaderElection
2019-11-13 20:40:12,424 [Thread-4001] INFO  impl.FollowerState (FollowerState.java:run(111)) - a35788b4-68d9-46fd-b847-60a9b7211510@group-BFB5FF35FA29-FollowerState: change to CANDIDATE, lastRpcTime:1050ms, electionTimeout:1050ms
2019-11-13 20:40:12,424 [Thread-4001] INFO  impl.RoleInfo (RoleInfo.java:shutdownFollowerState(121)) - a35788b4-68d9-46fd-b847-60a9b7211510: shutdown FollowerState
2019-11-13 20:40:12,424 [Thread-4001] INFO  impl.RaftServerImpl (RaftServerImpl.java:setRole(173)) - a35788b4-68d9-46fd-b847-60a9b7211510@group-BFB5FF35FA29: changes role from  FOLLOWER to CANDIDATE at term 0 for changeToCandidate
2019-11-13 20:40:12,424 [Thread-4001] INFO  impl.RoleInfo (RoleInfo.java:updateAndGet(143)) - a35788b4-68d9-46fd-b847-60a9b7211510: start LeaderElection
2019-11-13 20:40:12,428 [777bd53d-1b96-45c1-9d99-437e419e4ea1@group-595DF4808363-LeaderElection161] INFO  impl.LeaderElection (LeaderElection.java:askForVotes(178)) - 777bd53d-1b96-45c1-9d99-437e419e4ea1@group-595DF4808363-LeaderElection161: begin an election at term 1 for -1: [777bd53d-1b96-45c1-9d99-437e419e4ea1:192.168.34.20:43853], old=null
2019-11-13 20:40:12,428 [777bd53d-1b96-45c1-9d99-437e419e4ea1@group-595DF4808363-LeaderElection161] INFO  impl.RoleInfo (RoleInfo.java:shutdownLeaderElection(134)) - 777bd53d-1b96-45c1-9d99-437e419e4ea1: shutdown LeaderElection
2019-11-13 20:40:12,428 [777bd53d-1b96-45c1-9d99-437e419e4ea1@group-595DF4808363-LeaderElection161] INFO  impl.RaftServerImpl (RaftServerImpl.java:setRole(173)) - 777bd53d-1b96-45c1-9d99-437e419e4ea1@group-595DF4808363: changes role from CANDIDATE to LEADER at term 1 for changeToLeader
2019-11-13 20:40:12,428 [777bd53d-1b96-45c1-9d99-437e419e4ea1@group-595DF4808363-LeaderElection161] INFO  ratis.XceiverServerRatis (XceiverServerRatis.java:handleLeaderChangedNotification(697)) - Leader change notification received for group: group-595DF4808363 with new leaderId: 777bd53d-1b96-45c1-9d99-437e419e4ea1
2019-11-13 20:40:12,428 [777bd53d-1b96-45c1-9d99-437e419e4ea1@group-595DF4808363-LeaderElection161] INFO  impl.RaftServerImpl (ServerState.java:setLeader(255)) - 777bd53d-1b96-45c1-9d99-437e419e4ea1@group-595DF4808363: change Leader from null to 777bd53d-1b96-45c1-9d99-437e419e4ea1 at term 1 for becomeLeader, leader elected after 1097ms
2019-11-13 20:40:12,428 [777bd53d-1b96-45c1-9d99-437e419e4ea1@group-595DF4808363-LeaderElection161] INFO  server.RaftServerConfigKeys (ConfUtils.java:logGet(43)) - raft.server.staging.catchup.gap = 1000 (default)
2019-11-13 20:40:12,430 [777bd53d-1b96-45c1-9d99-437e419e4ea1@group-595DF4808363-LeaderElection161] INFO  server.RaftServerConfigKeys (ConfUtils.java:logGet(43)) - raft.server.rpc.sleep.time = 25ms (default)
2019-11-13 20:40:12,430 [main] INFO  ozone.MiniOzoneClusterImpl (MiniOzoneClusterImpl.java:lambda$waitForClusterToBeReady$2(163)) - Waiting for 3 number of pipelines out of 13, to report a leader.
2019-11-13 20:40:12,430 [777bd53d-1b96-45c1-9d99-437e419e4ea1@group-595DF4808363-LeaderElection161] INFO  server.RaftServerConfigKeys (ConfUtils.java:logGet(43)) - raft.server.write.element-limit = 4096 (default)
2019-11-13 20:40:12,430 [777bd53d-1b96-45c1-9d99-437e419e4ea1@group-595DF4808363-LeaderElection161] INFO  server.RaftServerConfigKeys (ConfUtils.java:logGet(43)) - raft.server.watch.timeout = 10s (default)
2019-11-13 20:40:12,430 [777bd53d-1b96-45c1-9d99-437e419e4ea1@group-595DF4808363-LeaderElection161] INFO  server.RaftServerConfigKeys (ConfUtils.java:logGet(43)) - raft.server.watch.timeout.denomination = 1s (default)
2019-11-13 20:40:12,430 [777bd53d-1b96-45c1-9d99-437e419e4ea1@group-595DF4808363-LeaderElection161] INFO  server.RaftServerConfigKeys (ConfUtils.java:logGet(43)) - raft.server.watch.element-limit = 65536 (default)
2019-11-13 20:40:12,430 [EventQueue-PipelineReportForPipelineReportHandler] INFO  pipeline.PipelineStateManager (PipelineStateManager.java:openPipeline(134)) - Pipeline Pipeline[ Id: 9807cbe3-72fc-4075-839a-595df4808363, Nodes: 777bd53d-1b96-45c1-9d99-437e419e4ea1{ip: 192.168.34.20, host: pr-hdds-2470-fxbl9-3826649461, networkLocation: /rack1, certSerialId: null}, Type:RATIS, Factor:ONE, State:OPEN] moved to OPEN state
2019-11-13 20:40:12,431 [a35788b4-68d9-46fd-b847-60a9b7211510@group-BFB5FF35FA29-LeaderElection162] INFO  impl.LeaderElection (LeaderElection.java:askForVotes(178)) - a35788b4-68d9-46fd-b847-60a9b7211510@group-BFB5FF35FA29-LeaderElection162: begin an election at term 1 for -1: [a35788b4-68d9-46fd-b847-60a9b7211510:192.168.34.20:39245], old=null
2019-11-13 20:40:12,431 [777bd53d-1b96-45c1-9d99-437e419e4ea1@group-595DF4808363-LeaderElection161] INFO  impl.RoleInfo (RoleInfo.java:updateAndGet(143)) - 777bd53d-1b96-45c1-9d99-437e419e4ea1: start LeaderState
2019-11-13 20:40:12,431 [a35788b4-68d9-46fd-b847-60a9b7211510@group-BFB5FF35FA29-LeaderElection162] INFO  impl.RoleInfo (RoleInfo.java:shutdownLeaderElection(134)) - a35788b4-68d9-46fd-b847-60a9b7211510: shutdown LeaderElection
2019-11-13 20:40:12,431 [777bd53d-1b96-45c1-9d99-437e419e4ea1@group-595DF4808363-LeaderElection161] INFO  segmented.SegmentedRaftLogWorker (SegmentedRaftLogWorker.java:startLogSegment(385)) - 777bd53d-1b96-45c1-9d99-437e419e4ea1@group-595DF4808363-SegmentedRaftLogWorker: Starting segment from index:0
2019-11-13 20:40:12,431 [a35788b4-68d9-46fd-b847-60a9b7211510@group-BFB5FF35FA29-LeaderElection162] INFO  impl.RaftServerImpl (RaftServerImpl.java:setRole(173)) - a35788b4-68d9-46fd-b847-60a9b7211510@group-BFB5FF35FA29: changes role from CANDIDATE to LEADER at term 1 for changeToLeader
2019-11-13 20:40:12,431 [a35788b4-68d9-46fd-b847-60a9b7211510@group-BFB5FF35FA29-LeaderElection162] INFO  ratis.XceiverServerRatis (XceiverServerRatis.java:handleLeaderChangedNotification(697)) - Leader change notification received for group: group-BFB5FF35FA29 with new leaderId: a35788b4-68d9-46fd-b847-60a9b7211510
2019-11-13 20:40:12,432 [a35788b4-68d9-46fd-b847-60a9b7211510@group-BFB5FF35FA29-LeaderElection162] INFO  impl.RaftServerImpl (ServerState.java:setLeader(255)) - a35788b4-68d9-46fd-b847-60a9b7211510@group-BFB5FF35FA29: change Leader from null to a35788b4-68d9-46fd-b847-60a9b7211510 at term 1 for becomeLeader, leader elected after 1061ms
2019-11-13 20:40:12,432 [777bd53d-1b96-45c1-9d99-437e419e4ea1@group-595DF4808363-LeaderElection161] INFO  impl.RaftServerImpl (ServerState.java:setRaftConf(356)) - 777bd53d-1b96-45c1-9d99-437e419e4ea1@group-595DF4808363: set configuration 0: [777bd53d-1b96-45c1-9d99-437e419e4ea1:192.168.34.20:43853], old=null at 0
2019-11-13 20:40:12,432 [a35788b4-68d9-46fd-b847-60a9b7211510@group-BFB5FF35FA29-LeaderElection162] INFO  server.RaftServerConfigKeys (ConfUtils.java:logGet(43)) - raft.server.staging.catchup.gap = 1000 (default)
2019-11-13 20:40:12,471 [Thread-4009] INFO  impl.FollowerState (FollowerState.java:run(111)) - e207fbae-fd28-42f6-9bb4-297c35844d9f@group-3EA5D500EF6D-FollowerState: change to CANDIDATE, lastRpcTime:1045ms, electionTimeout:1041ms
2019-11-13 20:40:12,471 [a35788b4-68d9-46fd-b847-60a9b7211510@group-BFB5FF35FA29-LeaderElection162] INFO  server.RaftServerConfigKeys (ConfUtils.java:logGet(43)) - raft.server.rpc.sleep.time = 25ms (default)
2019-11-13 20:40:12,471 [Thread-4009] INFO  impl.RoleInfo (RoleInfo.java:shutdownFollowerState(121)) - e207fbae-fd28-42f6-9bb4-297c35844d9f: shutdown FollowerState
2019-11-13 20:40:12,471 [a35788b4-68d9-46fd-b847-60a9b7211510@group-BFB5FF35FA29-LeaderElection162] INFO  server.RaftServerConfigKeys (ConfUtils.java:logGet(43)) - raft.server.write.element-limit = 4096 (default)
2019-11-13 20:40:12,471 [Thread-4009] INFO  impl.RaftServerImpl (RaftServerImpl.java:setRole(173)) - e207fbae-fd28-42f6-9bb4-297c35844d9f@group-3EA5D500EF6D: changes role from  FOLLOWER to CANDIDATE at term 0 for changeToCandidate
2019-11-13 20:40:12,471 [a35788b4-68d9-46fd-b847-60a9b7211510@group-BFB5FF35FA29-LeaderElection162] INFO  server.RaftServerConfigKeys (ConfUtils.java:logGet(43)) - raft.server.watch.timeout = 10s (default)
2019-11-13 20:40:12,472 [EventQueue-PipelineReportForPipelineReportHandler] INFO  pipeline.PipelineStateManager (PipelineStateManager.java:openPipeline(134)) - Pipeline Pipeline[ Id: ae8d1abb-7e8e-4ec4-8060-bfb5ff35fa29, Nodes: a35788b4-68d9-46fd-b847-60a9b7211510{ip: 192.168.34.20, host: pr-hdds-2470-fxbl9-3826649461, networkLocation: /rack1, certSerialId: null}, Type:RATIS, Factor:ONE, State:OPEN] moved to OPEN state
2019-11-13 20:40:12,472 [Thread-4009] INFO  impl.RoleInfo (RoleInfo.java:updateAndGet(143)) - e207fbae-fd28-42f6-9bb4-297c35844d9f: start LeaderElection
2019-11-13 20:40:12,472 [a35788b4-68d9-46fd-b847-60a9b7211510@group-BFB5FF35FA29-LeaderElection162] INFO  server.RaftServerConfigKeys (ConfUtils.java:logGet(43)) - raft.server.watch.timeout.denomination = 1s (default)
2019-11-13 20:40:12,472 [a35788b4-68d9-46fd-b847-60a9b7211510@group-BFB5FF35FA29-LeaderElection162] INFO  server.RaftServerConfigKeys (ConfUtils.java:logGet(43)) - raft.server.watch.element-limit = 65536 (default)
2019-11-13 20:40:12,472 [a35788b4-68d9-46fd-b847-60a9b7211510@group-BFB5FF35FA29-LeaderElection162] INFO  impl.RoleInfo (RoleInfo.java:updateAndGet(143)) - a35788b4-68d9-46fd-b847-60a9b7211510: start LeaderState
2019-11-13 20:40:12,474 [Thread-4004] INFO  impl.FollowerState (FollowerState.java:run(111)) - 11bf945c-44a0-4fdd-85a2-60a349617ab7@group-3EA5D500EF6D-FollowerState: change to CANDIDATE, lastRpcTime:1053ms, electionTimeout:1052ms
2019-11-13 20:40:12,476 [Thread-4004] INFO  impl.RoleInfo (RoleInfo.java:shutdownFollowerState(121)) - 11bf945c-44a0-4fdd-85a2-60a349617ab7: shutdown FollowerState
2019-11-13 20:40:12,476 [a35788b4-68d9-46fd-b847-60a9b7211510@group-BFB5FF35FA29-LeaderElection162] INFO  segmented.SegmentedRaftLogWorker (SegmentedRaftLogWorker.java:startLogSegment(385)) - a35788b4-68d9-46fd-b847-60a9b7211510@group-BFB5FF35FA29-SegmentedRaftLogWorker: Starting segment from index:0
2019-11-13 20:40:12,476 [Thread-4004] INFO  impl.RaftServerImpl (RaftServerImpl.java:setRole(173)) - 11bf945c-44a0-4fdd-85a2-60a349617ab7@group-3EA5D500EF6D: changes role from  FOLLOWER to CANDIDATE at term 0 for changeToCandidate
2019-11-13 20:40:12,476 [Thread-4004] INFO  impl.RoleInfo (RoleInfo.java:updateAndGet(143)) - 11bf945c-44a0-4fdd-85a2-60a349617ab7: start LeaderElection
2019-11-13 20:40:12,476 [a35788b4-68d9-46fd-b847-60a9b7211510@group-BFB5FF35FA29-LeaderElection162] INFO  impl.RaftServerImpl (ServerState.java:setRaftConf(356)) - a35788b4-68d9-46fd-b847-60a9b7211510@group-BFB5FF35FA29: set configuration 0: [a35788b4-68d9-46fd-b847-60a9b7211510:192.168.34.20:39245], old=null at 0
2019-11-13 20:40:12,515 [777bd53d-1b96-45c1-9d99-437e419e4ea1@group-595DF4808363-SegmentedRaftLogWorker] INFO  segmented.SegmentedRaftLogWorker (SegmentedRaftLogWorker.java:execute(576)) - 777bd53d-1b96-45c1-9d99-437e419e4ea1@group-595DF4808363-SegmentedRaftLogWorker: created new log segment /workdir/hadoop-ozone/integration-test/target/test-dir/MiniOzoneClusterImpl-23a5d35f-12cc-4157-b83c-481d86791456/datanode-8/data/ratis/9807cbe3-72fc-4075-839a-595df4808363/current/log_inprogress_0
2019-11-13 20:40:12,515 [e207fbae-fd28-42f6-9bb4-297c35844d9f@group-3EA5D500EF6D-LeaderElection163] INFO  impl.LeaderElection (LeaderElection.java:askForVotes(178)) - e207fbae-fd28-42f6-9bb4-297c35844d9f@group-3EA5D500EF6D-LeaderElection163: begin an election at term 1 for -1: [11bf945c-44a0-4fdd-85a2-60a349617ab7:192.168.34.20:36272, a35788b4-68d9-46fd-b847-60a9b7211510:192.168.34.20:39245, e207fbae-fd28-42f6-9bb4-297c35844d9f:192.168.34.20:33417], old=null
2019-11-13 20:40:12,523 [grpc-default-executor-4] INFO  impl.RaftServerImpl (RaftServerImpl.java:setRole(173)) - a35788b4-68d9-46fd-b847-60a9b7211510@group-3EA5D500EF6D: changes role from  FOLLOWER to FOLLOWER at term 1 for recognizeCandidate:e207fbae-fd28-42f6-9bb4-297c35844d9f
2019-11-13 20:40:12,523 [grpc-default-executor-4] INFO  impl.RoleInfo (RoleInfo.java:shutdownFollowerState(121)) - a35788b4-68d9-46fd-b847-60a9b7211510: shutdown FollowerState
2019-11-13 20:40:12,523 [Thread-4008] INFO  impl.FollowerState (FollowerState.java:run(120)) - a35788b4-68d9-46fd-b847-60a9b7211510@group-3EA5D500EF6D-FollowerState was interrupted: java.lang.InterruptedException: sleep interrupted
2019-11-13 20:40:12,523 [grpc-default-executor-4] INFO  impl.RoleInfo (RoleInfo.java:updateAndGet(143)) - a35788b4-68d9-46fd-b847-60a9b7211510: start FollowerState
2019-11-13 20:40:12,528 [a35788b4-68d9-46fd-b847-60a9b7211510@group-BFB5FF35FA29-SegmentedRaftLogWorker] INFO  segmented.SegmentedRaftLogWorker (SegmentedRaftLogWorker.java:execute(576)) - a35788b4-68d9-46fd-b847-60a9b7211510@group-BFB5FF35FA29-SegmentedRaftLogWorker: created new log segment /workdir/hadoop-ozone/integration-test/target/test-dir/MiniOzoneClusterImpl-23a5d35f-12cc-4157-b83c-481d86791456/datanode-9/data/ratis/ae8d1abb-7e8e-4ec4-8060-bfb5ff35fa29/current/log_inprogress_0
2019-11-13 20:40:12,528 [11bf945c-44a0-4fdd-85a2-60a349617ab7@group-3EA5D500EF6D-LeaderElection164] INFO  impl.LeaderElection (LeaderElection.java:askForVotes(178)) - 11bf945c-44a0-4fdd-85a2-60a349617ab7@group-3EA5D500EF6D-LeaderElection164: begin an election at term 1 for -1: [11bf945c-44a0-4fdd-85a2-60a349617ab7:192.168.34.20:36272, a35788b4-68d9-46fd-b847-60a9b7211510:192.168.34.20:39245, e207fbae-fd28-42f6-9bb4-297c35844d9f:192.168.34.20:33417], old=null
2019-11-13 20:40:12,529 [e207fbae-fd28-42f6-9bb4-297c35844d9f@group-3EA5D500EF6D-LeaderElection163] INFO  impl.LeaderElection (LeaderElection.java:logAndReturn(56)) - e207fbae-fd28-42f6-9bb4-297c35844d9f@group-3EA5D500EF6D-LeaderElection163: Election PASSED; received 1 response(s) [e207fbae-fd28-42f6-9bb4-297c35844d9f<-a35788b4-68d9-46fd-b847-60a9b7211510#0:OK-t1] and 0 exception(s); e207fbae-fd28-42f6-9bb4-297c35844d9f@group-3EA5D500EF6D:t1, leader=null, voted=e207fbae-fd28-42f6-9bb4-297c35844d9f, raftlog=e207fbae-fd28-42f6-9bb4-297c35844d9f@group-3EA5D500EF6D-SegmentedRaftLog:OPENED:c-1,f-1,i0, conf=-1: [11bf945c-44a0-4fdd-85a2-60a349617ab7:192.168.34.20:36272, a35788b4-68d9-46fd-b847-60a9b7211510:192.168.34.20:39245, e207fbae-fd28-42f6-9bb4-297c35844d9f:192.168.34.20:33417], old=null
2019-11-13 20:40:12,529 [e207fbae-fd28-42f6-9bb4-297c35844d9f@group-3EA5D500EF6D-LeaderElection163] INFO  impl.RoleInfo (RoleInfo.java:shutdownLeaderElection(134)) - e207fbae-fd28-42f6-9bb4-297c35844d9f: shutdown LeaderElection
2019-11-13 20:40:12,529 [e207fbae-fd28-42f6-9bb4-297c35844d9f@group-3EA5D500EF6D-LeaderElection163] INFO  impl.RaftServerImpl (RaftServerImpl.java:setRole(173)) - e207fbae-fd28-42f6-9bb4-297c35844d9f@group-3EA5D500EF6D: changes role from CANDIDATE to LEADER at term 1 for changeToLeader
2019-11-13 20:40:12,529 [e207fbae-fd28-42f6-9bb4-297c35844d9f@group-3EA5D500EF6D-LeaderElection163] INFO  ratis.XceiverServerRatis (XceiverServerRatis.java:handleLeaderChangedNotification(697)) - Leader change notification received for group: group-3EA5D500EF6D with new leaderId: e207fbae-fd28-42f6-9bb4-297c35844d9f
2019-11-13 20:40:12,529 [e207fbae-fd28-42f6-9bb4-297c35844d9f@group-3EA5D500EF6D-LeaderElection163] INFO  impl.RaftServerImpl (ServerState.java:setLeader(255)) - e207fbae-fd28-42f6-9bb4-297c35844d9f@group-3EA5D500EF6D: change Leader from null to e207fbae-fd28-42f6-9bb4-297c35844d9f at term 1 for becomeLeader, leader elected after 1113ms
2019-11-13 20:40:12,529 [e207fbae-fd28-42f6-9bb4-297c35844d9f@group-3EA5D500EF6D-LeaderElection163] INFO  server.RaftServerConfigKeys (ConfUtils.java:logGet(43)) - raft.server.staging.catchup.gap = 1000 (default)
2019-11-13 20:40:12,529 [e207fbae-fd28-42f6-9bb4-297c35844d9f@group-3EA5D500EF6D-LeaderElection163] INFO  server.RaftServerConfigKeys (ConfUtils.java:logGet(43)) - raft.server.rpc.sleep.time = 25ms (default)
2019-11-13 20:40:12,530 [e207fbae-fd28-42f6-9bb4-297c35844d9f@group-3EA5D500EF6D-LeaderElection163] INFO  server.RaftServerConfigKeys (ConfUtils.java:logGet(43)) - raft.server.write.element-limit = 4096 (default)
2019-11-13 20:40:12,530 [e207fbae-fd28-42f6-9bb4-297c35844d9f@group-3EA5D500EF6D-LeaderElection163] INFO  server.RaftServerConfigKeys (ConfUtils.java:logGet(43)) - raft.server.watch.timeout = 10s (default)
2019-11-13 20:40:12,530 [e207fbae-fd28-42f6-9bb4-297c35844d9f@group-3EA5D500EF6D-LeaderElection163] INFO  server.RaftServerConfigKeys (ConfUtils.java:logGet(43)) - raft.server.watch.timeout.denomination = 1s (default)
2019-11-13 20:40:12,530 [e207fbae-fd28-42f6-9bb4-297c35844d9f@group-3EA5D500EF6D-LeaderElection163] INFO  server.RaftServerConfigKeys (ConfUtils.java:logGet(43)) - raft.server.watch.element-limit = 65536 (default)
2019-11-13 20:40:12,530 [e207fbae-fd28-42f6-9bb4-297c35844d9f@group-3EA5D500EF6D-LeaderElection163] INFO  server.RaftServerConfigKeys (ConfUtils.java:logGet(43)) - raft.server.log.appender.snapshot.chunk.size.max = 16MB (=16777216) (default)
2019-11-13 20:40:12,530 [EventQueue-PipelineReportForPipelineReportHandler] INFO  pipeline.PipelineStateManager (PipelineStateManager.java:openPipeline(134)) - Pipeline Pipeline[ Id: f1817d3d-ba30-4424-890f-3ea5d500ef6d, Nodes: e207fbae-fd28-42f6-9bb4-297c35844d9f{ip: 192.168.34.20, host: pr-hdds-2470-fxbl9-3826649461, networkLocation: /rack1, certSerialId: null}a35788b4-68d9-46fd-b847-60a9b7211510{ip: 192.168.34.20, host: pr-hdds-2470-fxbl9-3826649461, networkLocation: /rack1, certSerialId: null}11bf945c-44a0-4fdd-85a2-60a349617ab7{ip: 192.168.34.20, host: pr-hdds-2470-fxbl9-3826649461, networkLocation: /rack1, certSerialId: null}, Type:RATIS, Factor:THREE, State:OPEN] moved to OPEN state
2019-11-13 20:40:12,530 [e207fbae-fd28-42f6-9bb4-297c35844d9f@group-3EA5D500EF6D-LeaderElection163] INFO  server.RaftServerConfigKeys (ConfUtils.java:logGet(43)) - raft.server.log.appender.buffer.byte-limit = 33554432 (custom)
2019-11-13 20:40:12,531 [e207fbae-fd28-42f6-9bb4-297c35844d9f@group-3EA5D500EF6D-LeaderElection163] INFO  server.RaftServerConfigKeys (ConfUtils.java:logGet(43)) - raft.server.log.appender.buffer.element-limit = 1 (custom)
2019-11-13 20:40:12,531 [e207fbae-fd28-42f6-9bb4-297c35844d9f@group-3EA5D500EF6D-LeaderElection163] INFO  grpc.GrpcConfigKeys$Server (ConfUtils.java:logGet(43)) - raft.grpc.server.leader.outstanding.appends.max = 128 (default)
2019-11-13 20:40:12,531 [e207fbae-fd28-42f6-9bb4-297c35844d9f@group-3EA5D500EF6D-LeaderElection163] INFO  server.RaftServerConfigKeys (ConfUtils.java:logGet(43)) - raft.server.rpc.request.timeout = 3000ms (default)
2019-11-13 20:40:12,531 [e207fbae-fd28-42f6-9bb4-297c35844d9f@group-3EA5D500EF6D-LeaderElection163] INFO  server.RaftServerConfigKeys (ConfUtils.java:logGet(43)) - raft.server.log.appender.install.snapshot.enabled = false (custom)
2019-11-13 20:40:12,534 [e207fbae-fd28-42f6-9bb4-297c35844d9f@group-3EA5D500EF6D-LeaderElection163] WARN  impl.MetricRegistriesImpl (MetricRegistriesImpl.java:lambda$create$1(61)) - First MetricRegistry has been created without registering reporters. You may need to call MetricRegistries.global().addReportRegistration(...) before.
2019-11-13 20:40:12,534 [e207fbae-fd28-42f6-9bb4-297c35844d9f@group-3EA5D500EF6D-LeaderElection163] INFO  server.RaftServerConfigKeys (ConfUtils.java:logGet(43)) - raft.server.log.appender.snapshot.chunk.size.max = 16MB (=16777216) (default)
2019-11-13 20:40:12,534 [e207fbae-fd28-42f6-9bb4-297c35844d9f@group-3EA5D500EF6D-LeaderElection163] INFO  server.RaftServerConfigKeys (ConfUtils.java:logGet(43)) - raft.server.log.appender.buffer.byte-limit = 33554432 (custom)
2019-11-13 20:40:12,535 [e207fbae-fd28-42f6-9bb4-297c35844d9f@group-3EA5D500EF6D-LeaderElection163] INFO  server.RaftServerConfigKeys (ConfUtils.java:logGet(43)) - raft.server.log.appender.buffer.element-limit = 1 (custom)
2019-11-13 20:40:12,535 [e207fbae-fd28-42f6-9bb4-297c35844d9f@group-3EA5D500EF6D-LeaderElection163] INFO  grpc.GrpcConfigKeys$Server (ConfUtils.java:logGet(43)) - raft.grpc.server.leader.outstanding.appends.max = 128 (default)
2019-11-13 20:40:12,535 [e207fbae-fd28-42f6-9bb4-297c35844d9f@group-3EA5D500EF6D-LeaderElection163] INFO  server.RaftServerConfigKeys (ConfUtils.java:logGet(43)) - raft.server.rpc.request.timeout = 3000ms (default)
2019-11-13 20:40:12,535 [e207fbae-fd28-42f6-9bb4-297c35844d9f@group-3EA5D500EF6D-LeaderElection163] INFO  server.RaftServerConfigKeys (ConfUtils.java:logGet(43)) - raft.server.log.appender.install.snapshot.enabled = false (custom)
2019-11-13 20:40:12,535 [e207fbae-fd28-42f6-9bb4-297c35844d9f@group-3EA5D500EF6D-LeaderElection163] INFO  impl.RoleInfo (RoleInfo.java:updateAndGet(143)) - e207fbae-fd28-42f6-9bb4-297c35844d9f: start LeaderState
2019-11-13 20:40:12,535 [e207fbae-fd28-42f6-9bb4-297c35844d9f@group-3EA5D500EF6D-LeaderElection163] INFO  segmented.SegmentedRaftLogWorker (SegmentedRaftLogWorker.java:startLogSegment(385)) - e207fbae-fd28-42f6-9bb4-297c35844d9f@group-3EA5D500EF6D-SegmentedRaftLogWorker: Starting segment from index:0
2019-11-13 20:40:12,536 [e207fbae-fd28-42f6-9bb4-297c35844d9f@group-3EA5D500EF6D-LeaderElection163] INFO  impl.RaftServerImpl (ServerState.java:setRaftConf(356)) - e207fbae-fd28-42f6-9bb4-297c35844d9f@group-3EA5D500EF6D: set configuration 0: [11bf945c-44a0-4fdd-85a2-60a349617ab7:192.168.34.20:36272, a35788b4-68d9-46fd-b847-60a9b7211510:192.168.34.20:39245, e207fbae-fd28-42f6-9bb4-297c35844d9f:192.168.34.20:33417], old=null at 0
2019-11-13 20:40:12,536 [grpc-default-executor-4] INFO  impl.RaftServerImpl (RaftServerImpl.java:requestVote(776)) - e207fbae-fd28-42f6-9bb4-297c35844d9f@group-3EA5D500EF6D-   LEADER: Withhold vote from candidate 11bf945c-44a0-4fdd-85a2-60a349617ab7 with term 1. State: leader=e207fbae-fd28-42f6-9bb4-297c35844d9f, term=1, lastRpcElapsed=null
2019-11-13 20:40:12,537 [grpc-default-executor-4] INFO  impl.RaftServerImpl (RaftServerImpl.java:setRole(173)) - 11bf945c-44a0-4fdd-85a2-60a349617ab7@group-3EA5D500EF6D: changes role from CANDIDATE to FOLLOWER at term 1 for appendEntries
2019-11-13 20:40:12,537 [11bf945c-44a0-4fdd-85a2-60a349617ab7@group-3EA5D500EF6D-LeaderElection164] INFO  impl.LeaderElection (LeaderElection.java:logAndReturn(56)) - 11bf945c-44a0-4fdd-85a2-60a349617ab7@group-3EA5D500EF6D-LeaderElection164: Election REJECTED; received 2 response(s) [11bf945c-44a0-4fdd-85a2-60a349617ab7<-a35788b4-68d9-46fd-b847-60a9b7211510#0:FAIL-t1, 11bf945c-44a0-4fdd-85a2-60a349617ab7<-e207fbae-fd28-42f6-9bb4-297c35844d9f#0:FAIL-t1] and 0 exception(s); 11bf945c-44a0-4fdd-85a2-60a349617ab7@group-3EA5D500EF6D:t1, leader=null, voted=11bf945c-44a0-4fdd-85a2-60a349617ab7, raftlog=11bf945c-44a0-4fdd-85a2-60a349617ab7@group-3EA5D500EF6D-SegmentedRaftLog:OPENED:c-1,f-1,i0, conf=-1: [11bf945c-44a0-4fdd-85a2-60a349617ab7:192.168.34.20:36272, a35788b4-68d9-46fd-b847-60a9b7211510:192.168.34.20:39245, e207fbae-fd28-42f6-9bb4-297c35844d9f:192.168.34.20:33417], old=null
2019-11-13 20:40:12,537 [grpc-default-executor-2] INFO  ratis.XceiverServerRatis (XceiverServerRatis.java:handleLeaderChangedNotification(697)) - Leader change notification received for group: group-3EA5D500EF6D with new leaderId: e207fbae-fd28-42f6-9bb4-297c35844d9f
2019-11-13 20:40:12,537 [grpc-default-executor-4] INFO  impl.RoleInfo (RoleInfo.java:shutdownLeaderElection(134)) - 11bf945c-44a0-4fdd-85a2-60a349617ab7: shutdown LeaderElection
2019-11-13 20:40:12,537 [grpc-default-executor-2] INFO  impl.RaftServerImpl (ServerState.java:setLeader(255)) - a35788b4-68d9-46fd-b847-60a9b7211510@group-3EA5D500EF6D: change Leader from null to e207fbae-fd28-42f6-9bb4-297c35844d9f at term 1 for appendEntries, leader elected after 1122ms
2019-11-13 20:40:12,538 [grpc-default-executor-4] INFO  impl.RoleInfo (RoleInfo.java:updateAndGet(143)) - 11bf945c-44a0-4fdd-85a2-60a349617ab7: start FollowerState
2019-11-13 20:40:12,538 [grpc-default-executor-4] INFO  ratis.XceiverServerRatis (XceiverServerRatis.java:handleLeaderChangedNotification(697)) - Leader change notification received for group: group-3EA5D500EF6D with new leaderId: e207fbae-fd28-42f6-9bb4-297c35844d9f
2019-11-13 20:40:12,538 [grpc-default-executor-4] INFO  impl.RaftServerImpl (ServerState.java:setLeader(255)) - 11bf945c-44a0-4fdd-85a2-60a349617ab7@group-3EA5D500EF6D: change Leader from null to e207fbae-fd28-42f6-9bb4-297c35844d9f at term 1 for appendEntries, leader elected after 1122ms
2019-11-13 20:40:12,539 [grpc-default-executor-4] INFO  impl.RaftServerImpl (ServerState.java:setRaftConf(356)) - a35788b4-68d9-46fd-b847-60a9b7211510@group-3EA5D500EF6D: set configuration 0: [11bf945c-44a0-4fdd-85a2-60a349617ab7:192.168.34.20:36272, a35788b4-68d9-46fd-b847-60a9b7211510:192.168.34.20:39245, e207fbae-fd28-42f6-9bb4-297c35844d9f:192.168.34.20:33417], old=null at 0
2019-11-13 20:40:12,539 [grpc-default-executor-2] INFO  impl.RaftServerImpl (ServerState.java:setRaftConf(356)) - 11bf945c-44a0-4fdd-85a2-60a349617ab7@group-3EA5D500EF6D: set configuration 0: [11bf945c-44a0-4fdd-85a2-60a349617ab7:192.168.34.20:36272, a35788b4-68d9-46fd-b847-60a9b7211510:192.168.34.20:39245, e207fbae-fd28-42f6-9bb4-297c35844d9f:192.168.34.20:33417], old=null at 0
2019-11-13 20:40:12,540 [grpc-default-executor-4] INFO  segmented.SegmentedRaftLogWorker (SegmentedRaftLogWorker.java:startLogSegment(385)) - a35788b4-68d9-46fd-b847-60a9b7211510@group-3EA5D500EF6D-SegmentedRaftLogWorker: Starting segment from index:0
2019-11-13 20:40:12,540 [grpc-default-executor-2] INFO  segmented.SegmentedRaftLogWorker (SegmentedRaftLogWorker.java:startLogSegment(385)) - 11bf945c-44a0-4fdd-85a2-60a349617ab7@group-3EA5D500EF6D-SegmentedRaftLogWorker: Starting segment from index:0
2019-11-13 20:40:12,579 [e207fbae-fd28-42f6-9bb4-297c35844d9f@group-3EA5D500EF6D-SegmentedRaftLogWorker] INFO  segmented.SegmentedRaftLogWorker (SegmentedRaftLogWorker.java:execute(576)) - e207fbae-fd28-42f6-9bb4-297c35844d9f@group-3EA5D500EF6D-SegmentedRaftLogWorker: created new log segment /workdir/hadoop-ozone/integration-test/target/test-dir/MiniOzoneClusterImpl-23a5d35f-12cc-4157-b83c-481d86791456/datanode-6/data/ratis/f1817d3d-ba30-4424-890f-3ea5d500ef6d/current/log_inprogress_0
2019-11-13 20:40:12,579 [a35788b4-68d9-46fd-b847-60a9b7211510@group-3EA5D500EF6D-SegmentedRaftLogWorker] INFO  segmented.SegmentedRaftLogWorker (SegmentedRaftLogWorker.java:execute(576)) - a35788b4-68d9-46fd-b847-60a9b7211510@group-3EA5D500EF6D-SegmentedRaftLogWorker: created new log segment /workdir/hadoop-ozone/integration-test/target/test-dir/MiniOzoneClusterImpl-23a5d35f-12cc-4157-b83c-481d86791456/datanode-9/data/ratis/f1817d3d-ba30-4424-890f-3ea5d500ef6d/current/log_inprogress_0
2019-11-13 20:40:12,579 [11bf945c-44a0-4fdd-85a2-60a349617ab7@group-3EA5D500EF6D-SegmentedRaftLogWorker] INFO  segmented.SegmentedRaftLogWorker (SegmentedRaftLogWorker.java:execute(576)) - 11bf945c-44a0-4fdd-85a2-60a349617ab7@group-3EA5D500EF6D-SegmentedRaftLogWorker: created new log segment /workdir/hadoop-ozone/integration-test/target/test-dir/MiniOzoneClusterImpl-23a5d35f-12cc-4157-b83c-481d86791456/datanode-7/data/ratis/f1817d3d-ba30-4424-890f-3ea5d500ef6d/current/log_inprogress_0
2019-11-13 20:40:13,434 [main] INFO  ozone.MiniOzoneClusterImpl (MiniOzoneClusterImpl.java:lambda$waitForClusterToBeReady$2(171)) - Cluster is ready. Got 10 of 10 DN Heartbeats.
2019-11-13 20:40:13,473 [main] INFO  rpc.RpcClient (RpcClient.java:createVolume(292)) - Creating Volume: datanodefailurehandlingtest, with jenkins1000 as owner.
2019-11-13 20:40:13,475 [IPC Server handler 2 on 35440] INFO  volume.OMVolumeCreateRequest (OMVolumeCreateRequest.java:validateAndUpdateCache(193)) - created volume:datanodefailurehandlingtest for user:jenkins1000
2019-11-13 20:40:13,611 [main] INFO  rpc.RpcClient (RpcClient.java:createBucket(431)) - Creating Bucket: datanodefailurehandlingtest/datanodefailurehandlingtest, with Versioning false and Storage Type set to DISK and Encryption set to false 
2019-11-13 20:40:13,713 [Thread-3954] INFO  container.ReplicationManager (ReplicationManager.java:start(162)) - Starting Replication Monitor Thread.
2019-11-13 20:40:13,714 [Thread-3954] INFO  pipeline.SCMPipelineManager (SCMPipelineManager.java:finalizeAndDestroyPipeline(315)) - destroying pipeline:Pipeline[ Id: 05658fa7-1419-46c7-9933-9a581287b931, Nodes: a0d01d6c-1588-47d8-b58d-5bdc55d47431{ip: 192.168.34.20, host: pr-hdds-2470-fxbl9-3826649461, networkLocation: /rack1, certSerialId: null}, Type:RATIS, Factor:ONE, State:OPEN]
2019-11-13 20:40:13,717 [ReplicationMonitor] INFO  container.ReplicationManager (ReplicationManager.java:run(225)) - Replication Monitor Thread took 0 milliseconds for processing 1 containers.
2019-11-13 20:40:13,717 [Thread-3954] INFO  pipeline.PipelineStateManager (PipelineStateManager.java:finalizePipeline(121)) - Pipeline Pipeline[ Id: 05658fa7-1419-46c7-9933-9a581287b931, Nodes: a0d01d6c-1588-47d8-b58d-5bdc55d47431{ip: 192.168.34.20, host: pr-hdds-2470-fxbl9-3826649461, networkLocation: /rack1, certSerialId: null}, Type:RATIS, Factor:ONE, State:CLOSED] moved to CLOSED state
2019-11-13 20:40:13,721 [grpc-default-executor-4] INFO  impl.RaftServerProxy (RaftServerProxy.java:remove(95)) - a0d01d6c-1588-47d8-b58d-5bdc55d47431: remove    LEADER a0d01d6c-1588-47d8-b58d-5bdc55d47431@group-9A581287B931:t1, leader=a0d01d6c-1588-47d8-b58d-5bdc55d47431, voted=a0d01d6c-1588-47d8-b58d-5bdc55d47431, raftlog=a0d01d6c-1588-47d8-b58d-5bdc55d47431@group-9A581287B931-SegmentedRaftLog:OPENED:c0,f0,i0, conf=0: [a0d01d6c-1588-47d8-b58d-5bdc55d47431:192.168.34.20:42336], old=null RUNNING
2019-11-13 20:40:13,721 [grpc-default-executor-4] INFO  impl.RaftServerImpl (RaftServerImpl.java:lambda$shutdown$3(250)) - a0d01d6c-1588-47d8-b58d-5bdc55d47431@group-9A581287B931: shutdown
2019-11-13 20:40:13,722 [grpc-default-executor-4] INFO  util.JmxRegister (JmxRegister.java:unregister(73)) - Successfully un-registered JMX Bean with object name Ratis:service=RaftServer,group=group-9A581287B931,id=a0d01d6c-1588-47d8-b58d-5bdc55d47431
2019-11-13 20:40:13,722 [grpc-default-executor-4] INFO  impl.RoleInfo (RoleInfo.java:shutdownLeaderState(104)) - a0d01d6c-1588-47d8-b58d-5bdc55d47431: shutdown LeaderState
2019-11-13 20:40:13,722 [grpc-default-executor-4] INFO  impl.PendingRequests (PendingRequests.java:sendNotLeaderResponses(206)) - a0d01d6c-1588-47d8-b58d-5bdc55d47431@group-9A581287B931-PendingRequests: sendNotLeaderResponses
2019-11-13 20:40:13,722 [grpc-default-executor-4] INFO  impl.StateMachineUpdater (StateMachineUpdater.java:stopAndJoin(136)) - a0d01d6c-1588-47d8-b58d-5bdc55d47431@group-9A581287B931-StateMachineUpdater: set stopIndex = 0
2019-11-13 20:40:13,722 [grpc-default-executor-4] INFO  impl.RaftServerImpl (ServerState.java:close(387)) - a0d01d6c-1588-47d8-b58d-5bdc55d47431@group-9A581287B931: closes. applyIndex: 0
2019-11-13 20:40:13,723 [a0d01d6c-1588-47d8-b58d-5bdc55d47431@group-9A581287B931-SegmentedRaftLogWorker] INFO  segmented.SegmentedRaftLogWorker (SegmentedRaftLogWorker.java:run(316)) - a0d01d6c-1588-47d8-b58d-5bdc55d47431@group-9A581287B931-SegmentedRaftLogWorker was interrupted, exiting. There are 0 tasks remaining in the queue.
2019-11-13 20:40:13,725 [grpc-default-executor-4] INFO  segmented.SegmentedRaftLogWorker (SegmentedRaftLogWorker.java:close(224)) - a0d01d6c-1588-47d8-b58d-5bdc55d47431@group-9A581287B931-SegmentedRaftLogWorker close()
2019-11-13 20:40:13,733 [Thread-3954] INFO  pipeline.PipelineStateManager (PipelineStateManager.java:removePipeline(106)) - Pipeline Pipeline[ Id: 05658fa7-1419-46c7-9933-9a581287b931, Nodes: a0d01d6c-1588-47d8-b58d-5bdc55d47431{ip: 192.168.34.20, host: pr-hdds-2470-fxbl9-3826649461, networkLocation: /rack1, certSerialId: null}, Type:RATIS, Factor:ONE, State:CLOSED] removed from db
2019-11-13 20:40:13,735 [Thread-3954] INFO  pipeline.SCMPipelineManager (SCMPipelineManager.java:finalizeAndDestroyPipeline(315)) - destroying pipeline:Pipeline[ Id: 7bed58e0-5ff4-438b-a792-e62eda102e3f, Nodes: 405db254-2a77-41b8-bcbc-61d002fbc757{ip: 192.168.34.20, host: pr-hdds-2470-fxbl9-3826649461, networkLocation: /rack1, certSerialId: null}a0d01d6c-1588-47d8-b58d-5bdc55d47431{ip: 192.168.34.20, host: pr-hdds-2470-fxbl9-3826649461, networkLocation: /rack1, certSerialId: null}dce7850f-9f3d-4223-ba72-4d8238cab252{ip: 192.168.34.20, host: pr-hdds-2470-fxbl9-3826649461, networkLocation: /rack1, certSerialId: null}, Type:RATIS, Factor:THREE, State:OPEN]
2019-11-13 20:40:13,739 [grpc-default-executor-4] INFO  impl.RaftServerProxy (RaftServerProxy.java:addNew(89)) - a0d01d6c-1588-47d8-b58d-5bdc55d47431: addNew group-8362288B7F2F:[a0d01d6c-1588-47d8-b58d-5bdc55d47431:192.168.34.20:42336] returns group-8362288B7F2F:java.util.concurrent.CompletableFuture@27b71d48[Not completed]
2019-11-13 20:40:13,741 [pool-529-thread-1] INFO  impl.RaftServerImpl (RaftServerImpl.java:<init>(98)) - a0d01d6c-1588-47d8-b58d-5bdc55d47431: new RaftServerImpl for group-8362288B7F2F:[a0d01d6c-1588-47d8-b58d-5bdc55d47431:192.168.34.20:42336] with ContainerStateMachine:uninitialized
2019-11-13 20:40:13,741 [pool-529-thread-1] INFO  server.RaftServerConfigKeys (ConfUtils.java:logGet(43)) - raft.server.rpc.timeout.min = 1s (custom)
2019-11-13 20:40:13,742 [pool-529-thread-1] INFO  server.RaftServerConfigKeys (ConfUtils.java:logGet(43)) - raft.server.rpc.timeout.max = 1200ms (custom)
2019-11-13 20:40:13,742 [pool-529-thread-1] INFO  server.RaftServerConfigKeys (ConfUtils.java:logGet(43)) - raft.server.rpcslowness.timeout = 120s (custom)
2019-11-13 20:40:13,742 [pool-529-thread-1] INFO  server.RaftServerConfigKeys (ConfUtils.java:logGet(43)) - raft.server.sleep.deviation.threshold = 300 (default)
2019-11-13 20:40:13,742 [pool-529-thread-1] INFO  server.RaftServerConfigKeys (ConfUtils.java:logGet(43)) - raft.server.log.appender.install.snapshot.enabled = false (custom)
2019-11-13 20:40:13,742 [pool-529-thread-1] INFO  impl.RaftServerImpl (ServerState.java:<init>(103)) - a0d01d6c-1588-47d8-b58d-5bdc55d47431@group-8362288B7F2F: ConfigurationManager, init=-1: [a0d01d6c-1588-47d8-b58d-5bdc55d47431:192.168.34.20:42336], old=null, confs=<EMPTY_MAP>
2019-11-13 20:40:13,743 [pool-529-thread-1] INFO  server.RaftServerConfigKeys (ConfUtils.java:logGet(43)) - raft.server.storage.dir = [/workdir/hadoop-ozone/integration-test/target/test-dir/MiniOzoneClusterImpl-23a5d35f-12cc-4157-b83c-481d86791456/datanode-2/data/ratis] (custom)
2019-11-13 20:40:13,743 [pool-529-thread-1] INFO  server.RaftServerConfigKeys (ConfUtils.java:logGet(43)) - raft.server.log.corruption.policy = EXCEPTION (default)
2019-11-13 20:40:13,743 [pool-529-thread-1] INFO  storage.RaftStorageDirectory (RaftStorageDirectory.java:analyzeStorage(246)) - The storage directory /workdir/hadoop-ozone/integration-test/target/test-dir/MiniOzoneClusterImpl-23a5d35f-12cc-4157-b83c-481d86791456/datanode-2/data/ratis/680312e2-9211-4244-b0d7-8362288b7f2f does not exist. Creating ...
2019-11-13 20:40:13,747 [pool-529-thread-1] INFO  storage.RaftStorageDirectory (RaftStorageDirectory.java:tryLock(328)) - Lock on /workdir/hadoop-ozone/integration-test/target/test-dir/MiniOzoneClusterImpl-23a5d35f-12cc-4157-b83c-481d86791456/datanode-2/data/ratis/680312e2-9211-4244-b0d7-8362288b7f2f/in_use.lock acquired by nodename 4541@pr-hdds-2470-fxbl9-3826649461
2019-11-13 20:40:13,751 [pool-529-thread-1] INFO  storage.RaftStorage (RaftStorage.java:format(84)) - Storage directory /workdir/hadoop-ozone/integration-test/target/test-dir/MiniOzoneClusterImpl-23a5d35f-12cc-4157-b83c-481d86791456/datanode-2/data/ratis/680312e2-9211-4244-b0d7-8362288b7f2f has been successfully formatted.
2019-11-13 20:40:13,751 [pool-529-thread-1] INFO  ratis.ContainerStateMachine (ContainerStateMachine.java:loadSnapshot(223)) - group-8362288B7F2F: The snapshot info is null. Setting the last applied indexto:(t:0, i:~)
2019-11-13 20:40:13,752 [pool-529-thread-1] INFO  server.RaftServerConfigKeys (ConfUtils.java:logGet(43)) - raft.server.notification.no-leader.timeout = 120s (custom)
2019-11-13 20:40:13,752 [pool-529-thread-1] INFO  server.RaftServerConfigKeys (ConfUtils.java:logGet(43)) - raft.server.log.use.memory = false (default)
2019-11-13 20:40:13,752 [pool-529-thread-1] INFO  server.RaftServerConfigKeys (ConfUtils.java:logGet(43)) - raft.server.log.purge.gap = 1000000 (custom)
2019-11-13 20:40:13,752 [pool-529-thread-1] INFO  server.RaftServerConfigKeys (ConfUtils.java:logGet(43)) - raft.server.log.appender.buffer.byte-limit = 33554432 (custom)
2019-11-13 20:40:13,752 [pool-529-thread-1] INFO  server.RaftServerConfigKeys (ConfUtils.java:logGet(43)) - raft.server.log.segment.size.max = 1048576 (custom)
2019-11-13 20:40:13,752 [pool-529-thread-1] INFO  server.RaftServerConfigKeys (ConfUtils.java:logGet(43)) - raft.server.log.segment.cache.num.max = 2 (custom)
2019-11-13 20:40:13,752 [pool-529-thread-1] INFO  segmented.SegmentedRaftLogWorker (SegmentedRaftLogWorker.java:<init>(173)) - new a0d01d6c-1588-47d8-b58d-5bdc55d47431@group-8362288B7F2F-SegmentedRaftLogWorker for RaftStorage:Storage Directory /workdir/hadoop-ozone/integration-test/target/test-dir/MiniOzoneClusterImpl-23a5d35f-12cc-4157-b83c-481d86791456/datanode-2/data/ratis/680312e2-9211-4244-b0d7-8362288b7f2f
2019-11-13 20:40:13,752 [pool-529-thread-1] INFO  server.RaftServerConfigKeys (ConfUtils.java:logGet(43)) - raft.server.log.queue.byte-limit = 2147483647 (custom)
2019-11-13 20:40:13,752 [pool-529-thread-1] INFO  server.RaftServerConfigKeys (ConfUtils.java:logGet(43)) - raft.server.log.queue.element-limit = 1024 (custom)
2019-11-13 20:40:13,753 [pool-529-thread-1] INFO  server.RaftServerConfigKeys (ConfUtils.java:logGet(43)) - raft.server.log.segment.size.max = 1048576 (custom)
2019-11-13 20:40:13,753 [pool-529-thread-1] INFO  server.RaftServerConfigKeys (ConfUtils.java:logGet(43)) - raft.server.log.preallocated.size = 16384 (custom)
2019-11-13 20:40:13,753 [pool-529-thread-1] INFO  server.RaftServerConfigKeys (ConfUtils.java:logGet(43)) - raft.server.log.write.buffer.size = 33554432 (custom)
2019-11-13 20:40:13,753 [pool-529-thread-1] INFO  server.RaftServerConfigKeys (ConfUtils.java:logGet(43)) - raft.server.log.force.sync.num = 128 (default)
2019-11-13 20:40:13,753 [pool-529-thread-1] INFO  server.RaftServerConfigKeys (ConfUtils.java:logGet(43)) - raft.server.log.statemachine.data.sync = true (default)
2019-11-13 20:40:13,753 [pool-529-thread-1] INFO  server.RaftServerConfigKeys (ConfUtils.java:logGet(43)) - raft.server.log.statemachine.data.sync.timeout = 10s (default)
2019-11-13 20:40:13,753 [pool-529-thread-1] INFO  server.RaftServerConfigKeys (ConfUtils.java:logGet(43)) - raft.server.log.statemachine.data.sync.timeout.retry = -1 (default)
2019-11-13 20:40:13,753 [pool-529-thread-1] INFO  server.RaftServerConfigKeys (ConfUtils.java:logGet(43)) - raft.server.log.statemachine.data.caching.enabled = true (custom)
2019-11-13 20:40:13,760 [pool-529-thread-1] INFO  segmented.SegmentedRaftLogWorker (SegmentedRaftLogWorker.java:lambda$new$0(128)) - a0d01d6c-1588-47d8-b58d-5bdc55d47431@group-8362288B7F2F-SegmentedRaftLogWorker: flushIndex: setUnconditionally 0 -> -1
2019-11-13 20:40:13,760 [pool-529-thread-1] INFO  server.RaftServerConfigKeys (ConfUtils.java:logGet(43)) - raft.server.snapshot.auto.trigger.enabled = true (custom)
2019-11-13 20:40:13,760 [pool-529-thread-1] INFO  server.RaftServerConfigKeys (ConfUtils.java:logGet(43)) - raft.server.snapshot.auto.trigger.threshold = 10000 (custom)
2019-11-13 20:40:13,760 [pool-529-thread-1] INFO  server.RaftServerConfigKeys (ConfUtils.java:logGet(43)) - raft.server.snapshot.retention.file.num = 5 (custom)
2019-11-13 20:40:13,761 [pool-529-thread-1] INFO  server.RaftServerConfigKeys (ConfUtils.java:logGet(43)) - raft.server.retrycache.expirytime = 600000ms (custom)
2019-11-13 20:40:13,761 [pool-529-thread-1] WARN  impl.MetricRegistriesImpl (MetricRegistriesImpl.java:lambda$create$1(61)) - First MetricRegistry has been created without registering reporters. You may need to call MetricRegistries.global().addReportRegistration(...) before.
2019-11-13 20:40:13,761 [pool-529-thread-1] WARN  impl.MetricRegistriesImpl (MetricRegistriesImpl.java:lambda$create$1(61)) - First MetricRegistry has been created without registering reporters. You may need to call MetricRegistries.global().addReportRegistration(...) before.
2019-11-13 20:40:13,761 [pool-529-thread-1] INFO  impl.RaftServerImpl (RaftServerImpl.java:start(184)) - a0d01d6c-1588-47d8-b58d-5bdc55d47431@group-8362288B7F2F: start as a follower, conf=-1: [a0d01d6c-1588-47d8-b58d-5bdc55d47431:192.168.34.20:42336], old=null
2019-11-13 20:40:13,761 [pool-529-thread-1] INFO  impl.RaftServerImpl (RaftServerImpl.java:setRole(173)) - a0d01d6c-1588-47d8-b58d-5bdc55d47431@group-8362288B7F2F: changes role from      null to FOLLOWER at term 0 for startAsFollower
2019-11-13 20:40:13,761 [pool-529-thread-1] INFO  impl.RoleInfo (RoleInfo.java:updateAndGet(143)) - a0d01d6c-1588-47d8-b58d-5bdc55d47431: start FollowerState
2019-11-13 20:40:13,770 [pool-529-thread-1] INFO  util.JmxRegister (JmxRegister.java:tryRegister(44)) - Successfully registered JMX Bean with object name Ratis:service=RaftServer,group=group-8362288B7F2F,id=a0d01d6c-1588-47d8-b58d-5bdc55d47431
2019-11-13 20:40:13,770 [pool-529-thread-1] WARN  impl.MetricRegistriesImpl (MetricRegistriesImpl.java:lambda$create$1(61)) - First MetricRegistry has been created without registering reporters. You may need to call MetricRegistries.global().addReportRegistration(...) before.
2019-11-13 20:40:13,777 [RatisPipelineUtilsThread] INFO  pipeline.PipelineStateManager (PipelineStateManager.java:addPipeline(55)) - Created pipeline Pipeline[ Id: 680312e2-9211-4244-b0d7-8362288b7f2f, Nodes: a0d01d6c-1588-47d8-b58d-5bdc55d47431{ip: 192.168.34.20, host: pr-hdds-2470-fxbl9-3826649461, networkLocation: /rack1, certSerialId: null}, Type:RATIS, Factor:ONE, State:ALLOCATED]
2019-11-13 20:40:13,778 [Thread-3954] INFO  pipeline.PipelineStateManager (PipelineStateManager.java:finalizePipeline(121)) - Pipeline Pipeline[ Id: 7bed58e0-5ff4-438b-a792-e62eda102e3f, Nodes: 405db254-2a77-41b8-bcbc-61d002fbc757{ip: 192.168.34.20, host: pr-hdds-2470-fxbl9-3826649461, networkLocation: /rack1, certSerialId: null}a0d01d6c-1588-47d8-b58d-5bdc55d47431{ip: 192.168.34.20, host: pr-hdds-2470-fxbl9-3826649461, networkLocation: /rack1, certSerialId: null}dce7850f-9f3d-4223-ba72-4d8238cab252{ip: 192.168.34.20, host: pr-hdds-2470-fxbl9-3826649461, networkLocation: /rack1, certSerialId: null}, Type:RATIS, Factor:THREE, State:CLOSED] moved to CLOSED state
2019-11-13 20:40:13,780 [grpc-default-executor-4] INFO  impl.RaftServerProxy (RaftServerProxy.java:remove(95)) - 405db254-2a77-41b8-bcbc-61d002fbc757: remove  FOLLOWER 405db254-2a77-41b8-bcbc-61d002fbc757@group-E62EDA102E3F:t1, leader=dce7850f-9f3d-4223-ba72-4d8238cab252, voted=dce7850f-9f3d-4223-ba72-4d8238cab252, raftlog=405db254-2a77-41b8-bcbc-61d002fbc757@group-E62EDA102E3F-SegmentedRaftLog:OPENED:c0,f0,i0, conf=0: [a0d01d6c-1588-47d8-b58d-5bdc55d47431:192.168.34.20:42336, dce7850f-9f3d-4223-ba72-4d8238cab252:192.168.34.20:38603, 405db254-2a77-41b8-bcbc-61d002fbc757:192.168.34.20:41954], old=null RUNNING
2019-11-13 20:40:13,781 [grpc-default-executor-4] INFO  impl.RaftServerImpl (RaftServerImpl.java:lambda$shutdown$3(250)) - 405db254-2a77-41b8-bcbc-61d002fbc757@group-E62EDA102E3F: shutdown
2019-11-13 20:40:13,781 [grpc-default-executor-4] INFO  util.JmxRegister (JmxRegister.java:unregister(73)) - Successfully un-registered JMX Bean with object name Ratis:service=RaftServer,group=group-E62EDA102E3F,id=405db254-2a77-41b8-bcbc-61d002fbc757
2019-11-13 20:40:13,781 [grpc-default-executor-4] INFO  impl.RoleInfo (RoleInfo.java:shutdownFollowerState(121)) - 405db254-2a77-41b8-bcbc-61d002fbc757: shutdown FollowerState
2019-11-13 20:40:13,781 [grpc-default-executor-4] INFO  impl.StateMachineUpdater (StateMachineUpdater.java:stopAndJoin(136)) - 405db254-2a77-41b8-bcbc-61d002fbc757@group-E62EDA102E3F-StateMachineUpdater: set stopIndex = 0
2019-11-13 20:40:13,781 [Thread-4023] INFO  impl.FollowerState (FollowerState.java:run(120)) - 405db254-2a77-41b8-bcbc-61d002fbc757@group-E62EDA102E3F-FollowerState was interrupted: java.lang.InterruptedException: sleep interrupted
2019-11-13 20:40:13,781 [grpc-default-executor-4] INFO  impl.RaftServerImpl (ServerState.java:close(387)) - 405db254-2a77-41b8-bcbc-61d002fbc757@group-E62EDA102E3F: closes. applyIndex: 0
2019-11-13 20:40:13,782 [405db254-2a77-41b8-bcbc-61d002fbc757@group-E62EDA102E3F-SegmentedRaftLogWorker] INFO  segmented.SegmentedRaftLogWorker (SegmentedRaftLogWorker.java:run(316)) - 405db254-2a77-41b8-bcbc-61d002fbc757@group-E62EDA102E3F-SegmentedRaftLogWorker was interrupted, exiting. There are 0 tasks remaining in the queue.
2019-11-13 20:40:13,782 [grpc-default-executor-4] INFO  segmented.SegmentedRaftLogWorker (SegmentedRaftLogWorker.java:close(224)) - 405db254-2a77-41b8-bcbc-61d002fbc757@group-E62EDA102E3F-SegmentedRaftLogWorker close()
2019-11-13 20:40:13,789 [grpc-default-executor-4] INFO  impl.RaftServerProxy (RaftServerProxy.java:remove(95)) - a0d01d6c-1588-47d8-b58d-5bdc55d47431: remove  FOLLOWER a0d01d6c-1588-47d8-b58d-5bdc55d47431@group-E62EDA102E3F:t1, leader=dce7850f-9f3d-4223-ba72-4d8238cab252, voted=a0d01d6c-1588-47d8-b58d-5bdc55d47431, raftlog=a0d01d6c-1588-47d8-b58d-5bdc55d47431@group-E62EDA102E3F-SegmentedRaftLog:OPENED:c0,f0,i0, conf=0: [a0d01d6c-1588-47d8-b58d-5bdc55d47431:192.168.34.20:42336, dce7850f-9f3d-4223-ba72-4d8238cab252:192.168.34.20:38603, 405db254-2a77-41b8-bcbc-61d002fbc757:192.168.34.20:41954], old=null RUNNING
2019-11-13 20:40:13,789 [grpc-default-executor-4] INFO  impl.RaftServerImpl (RaftServerImpl.java:lambda$shutdown$3(250)) - a0d01d6c-1588-47d8-b58d-5bdc55d47431@group-E62EDA102E3F: shutdown
2019-11-13 20:40:13,789 [grpc-default-executor-4] INFO  util.JmxRegister (JmxRegister.java:unregister(73)) - Successfully un-registered JMX Bean with object name Ratis:service=RaftServer,group=group-E62EDA102E3F,id=a0d01d6c-1588-47d8-b58d-5bdc55d47431
2019-11-13 20:40:13,789 [grpc-default-executor-4] INFO  impl.RoleInfo (RoleInfo.java:shutdownFollowerState(121)) - a0d01d6c-1588-47d8-b58d-5bdc55d47431: shutdown FollowerState
2019-11-13 20:40:13,790 [grpc-default-executor-4] INFO  impl.StateMachineUpdater (StateMachineUpdater.java:stopAndJoin(136)) - a0d01d6c-1588-47d8-b58d-5bdc55d47431@group-E62EDA102E3F-StateMachineUpdater: set stopIndex = 0
2019-11-13 20:40:13,790 [Thread-4025] INFO  impl.FollowerState (FollowerState.java:run(120)) - a0d01d6c-1588-47d8-b58d-5bdc55d47431@group-E62EDA102E3F-FollowerState was interrupted: java.lang.InterruptedException: sleep interrupted
2019-11-13 20:40:13,790 [grpc-default-executor-4] INFO  impl.RaftServerImpl (ServerState.java:close(387)) - a0d01d6c-1588-47d8-b58d-5bdc55d47431@group-E62EDA102E3F: closes. applyIndex: 0
2019-11-13 20:40:13,790 [a0d01d6c-1588-47d8-b58d-5bdc55d47431@group-E62EDA102E3F-SegmentedRaftLogWorker] INFO  segmented.SegmentedRaftLogWorker (SegmentedRaftLogWorker.java:run(316)) - a0d01d6c-1588-47d8-b58d-5bdc55d47431@group-E62EDA102E3F-SegmentedRaftLogWorker was interrupted, exiting. There are 0 tasks remaining in the queue.
2019-11-13 20:40:13,790 [grpc-default-executor-4] INFO  segmented.SegmentedRaftLogWorker (SegmentedRaftLogWorker.java:close(224)) - a0d01d6c-1588-47d8-b58d-5bdc55d47431@group-E62EDA102E3F-SegmentedRaftLogWorker close()
2019-11-13 20:40:13,797 [grpc-default-executor-4] INFO  impl.RaftServerProxy (RaftServerProxy.java:remove(95)) - dce7850f-9f3d-4223-ba72-4d8238cab252: remove    LEADER dce7850f-9f3d-4223-ba72-4d8238cab252@group-E62EDA102E3F:t1, leader=dce7850f-9f3d-4223-ba72-4d8238cab252, voted=dce7850f-9f3d-4223-ba72-4d8238cab252, raftlog=dce7850f-9f3d-4223-ba72-4d8238cab252@group-E62EDA102E3F-SegmentedRaftLog:OPENED:c0,f0,i0, conf=0: [a0d01d6c-1588-47d8-b58d-5bdc55d47431:192.168.34.20:42336, dce7850f-9f3d-4223-ba72-4d8238cab252:192.168.34.20:38603, 405db254-2a77-41b8-bcbc-61d002fbc757:192.168.34.20:41954], old=null RUNNING
2019-11-13 20:40:13,797 [grpc-default-executor-4] INFO  impl.RaftServerImpl (RaftServerImpl.java:lambda$shutdown$3(250)) - dce7850f-9f3d-4223-ba72-4d8238cab252@group-E62EDA102E3F: shutdown
2019-11-13 20:40:13,797 [grpc-default-executor-4] INFO  util.JmxRegister (JmxRegister.java:unregister(73)) - Successfully un-registered JMX Bean with object name Ratis:service=RaftServer,group=group-E62EDA102E3F,id=dce7850f-9f3d-4223-ba72-4d8238cab252
2019-11-13 20:40:13,797 [grpc-default-executor-4] INFO  impl.RoleInfo (RoleInfo.java:shutdownLeaderState(104)) - dce7850f-9f3d-4223-ba72-4d8238cab252: shutdown LeaderState
2019-11-13 20:40:13,800 [grpc-default-executor-4] INFO  impl.PendingRequests (PendingRequests.java:sendNotLeaderResponses(206)) - dce7850f-9f3d-4223-ba72-4d8238cab252@group-E62EDA102E3F-PendingRequests: sendNotLeaderResponses
2019-11-13 20:40:13,800 [org.apache.ratis.server.impl.LogAppender$AppenderDaemon$$Lambda$478/1368138073@532e5898] WARN  server.GrpcLogAppender (GrpcLogAppender.java:mayWait(151)) - dce7850f-9f3d-4223-ba72-4d8238cab252@group-E62EDA102E3F->a0d01d6c-1588-47d8-b58d-5bdc55d47431-GrpcLogAppender: Wait interrupted by java.lang.InterruptedException
2019-11-13 20:40:13,800 [org.apache.ratis.server.impl.LogAppender$AppenderDaemon$$Lambda$478/1368138073@162cdc99] WARN  server.GrpcLogAppender (GrpcLogAppender.java:mayWait(151)) - dce7850f-9f3d-4223-ba72-4d8238cab252@group-E62EDA102E3F->405db254-2a77-41b8-bcbc-61d002fbc757-GrpcLogAppender: Wait interrupted by java.lang.InterruptedException
2019-11-13 20:40:13,801 [grpc-default-executor-4] INFO  impl.StateMachineUpdater (StateMachineUpdater.java:stopAndJoin(136)) - dce7850f-9f3d-4223-ba72-4d8238cab252@group-E62EDA102E3F-StateMachineUpdater: set stopIndex = 0
2019-11-13 20:40:13,801 [grpc-default-executor-1] INFO  server.GrpcServerProtocolService (GrpcServerProtocolService.java:onCompleted(113)) - a0d01d6c-1588-47d8-b58d-5bdc55d47431: Completed APPEND_ENTRIES, lastRequest: dce7850f-9f3d-4223-ba72-4d8238cab252->a0d01d6c-1588-47d8-b58d-5bdc55d47431#4-t1, previous=(t:1, i:0), leaderCommit=0, initializing? false, entries: <empty>
2019-11-13 20:40:13,801 [grpc-default-executor-0] INFO  server.GrpcServerProtocolService (GrpcServerProtocolService.java:onCompleted(113)) - 405db254-2a77-41b8-bcbc-61d002fbc757: Completed APPEND_ENTRIES, lastRequest: dce7850f-9f3d-4223-ba72-4d8238cab252->405db254-2a77-41b8-bcbc-61d002fbc757#4-t1, previous=(t:1, i:0), leaderCommit=0, initializing? false, entries: <empty>
2019-11-13 20:40:13,801 [grpc-default-executor-4] INFO  impl.RaftServerImpl (ServerState.java:close(387)) - dce7850f-9f3d-4223-ba72-4d8238cab252@group-E62EDA102E3F: closes. applyIndex: 0
2019-11-13 20:40:13,801 [grpc-default-executor-0] INFO  server.GrpcLogAppender (GrpcLogAppender.java:onCompleted(308)) - dce7850f-9f3d-4223-ba72-4d8238cab252@group-E62EDA102E3F->a0d01d6c-1588-47d8-b58d-5bdc55d47431-AppendLogResponseHandler: follower responses appendEntries COMPLETED
2019-11-13 20:40:13,803 [dce7850f-9f3d-4223-ba72-4d8238cab252@group-E62EDA102E3F-SegmentedRaftLogWorker] INFO  segmented.SegmentedRaftLogWorker (SegmentedRaftLogWorker.java:run(316)) - dce7850f-9f3d-4223-ba72-4d8238cab252@group-E62EDA102E3F-SegmentedRaftLogWorker was interrupted, exiting. There are 0 tasks remaining in the queue.
2019-11-13 20:40:13,803 [grpc-default-executor-2] INFO  server.GrpcLogAppender (GrpcLogAppender.java:onCompleted(308)) - dce7850f-9f3d-4223-ba72-4d8238cab252@group-E62EDA102E3F->405db254-2a77-41b8-bcbc-61d002fbc757-AppendLogResponseHandler: follower responses appendEntries COMPLETED
2019-11-13 20:40:13,803 [grpc-default-executor-0] INFO  impl.FollowerInfo (FollowerInfo.java:lambda$new$0(51)) - dce7850f-9f3d-4223-ba72-4d8238cab252@group-E62EDA102E3F->a0d01d6c-1588-47d8-b58d-5bdc55d47431: nextIndex: updateUnconditionally 1 -> 0
2019-11-13 20:40:13,803 [grpc-default-executor-4] INFO  segmented.SegmentedRaftLogWorker (SegmentedRaftLogWorker.java:close(224)) - dce7850f-9f3d-4223-ba72-4d8238cab252@group-E62EDA102E3F-SegmentedRaftLogWorker close()
2019-11-13 20:40:13,803 [grpc-default-executor-2] INFO  impl.FollowerInfo (FollowerInfo.java:lambda$new$0(51)) - dce7850f-9f3d-4223-ba72-4d8238cab252@group-E62EDA102E3F->405db254-2a77-41b8-bcbc-61d002fbc757: nextIndex: updateUnconditionally 1 -> 0
2019-11-13 20:40:13,807 [Thread-3954] INFO  pipeline.PipelineStateManager (PipelineStateManager.java:removePipeline(106)) - Pipeline Pipeline[ Id: 7bed58e0-5ff4-438b-a792-e62eda102e3f, Nodes: 405db254-2a77-41b8-bcbc-61d002fbc757{ip: 192.168.34.20, host: pr-hdds-2470-fxbl9-3826649461, networkLocation: /rack1, certSerialId: null}a0d01d6c-1588-47d8-b58d-5bdc55d47431{ip: 192.168.34.20, host: pr-hdds-2470-fxbl9-3826649461, networkLocation: /rack1, certSerialId: null}dce7850f-9f3d-4223-ba72-4d8238cab252{ip: 192.168.34.20, host: pr-hdds-2470-fxbl9-3826649461, networkLocation: /rack1, certSerialId: null}, Type:RATIS, Factor:THREE, State:CLOSED] removed from db
2019-11-13 20:40:13,807 [Thread-3954] INFO  pipeline.SCMPipelineManager (SCMPipelineManager.java:finalizeAndDestroyPipeline(315)) - destroying pipeline:Pipeline[ Id: 9807cbe3-72fc-4075-839a-595df4808363, Nodes: 777bd53d-1b96-45c1-9d99-437e419e4ea1{ip: 192.168.34.20, host: pr-hdds-2470-fxbl9-3826649461, networkLocation: /rack1, certSerialId: null}, Type:RATIS, Factor:ONE, State:OPEN]
2019-11-13 20:40:13,812 [grpc-default-executor-2] INFO  impl.RaftServerProxy (RaftServerProxy.java:addNew(89)) - a0d01d6c-1588-47d8-b58d-5bdc55d47431: addNew group-DA587B7DE557:[777bd53d-1b96-45c1-9d99-437e419e4ea1:192.168.34.20:43853, a0d01d6c-1588-47d8-b58d-5bdc55d47431:192.168.34.20:42336, 405db254-2a77-41b8-bcbc-61d002fbc757:192.168.34.20:41954] returns group-DA587B7DE557:java.util.concurrent.CompletableFuture@10e75695[Not completed]
2019-11-13 20:40:13,812 [grpc-default-executor-0] INFO  impl.RaftServerProxy (RaftServerProxy.java:addNew(89)) - 405db254-2a77-41b8-bcbc-61d002fbc757: addNew group-DA587B7DE557:[777bd53d-1b96-45c1-9d99-437e419e4ea1:192.168.34.20:43853, a0d01d6c-1588-47d8-b58d-5bdc55d47431:192.168.34.20:42336, 405db254-2a77-41b8-bcbc-61d002fbc757:192.168.34.20:41954] returns group-DA587B7DE557:java.util.concurrent.CompletableFuture@7f427faa[Not completed]
2019-11-13 20:40:13,812 [grpc-default-executor-0] INFO  impl.RaftServerProxy (RaftServerProxy.java:addNew(89)) - 777bd53d-1b96-45c1-9d99-437e419e4ea1: addNew group-DA587B7DE557:[777bd53d-1b96-45c1-9d99-437e419e4ea1:192.168.34.20:43853, a0d01d6c-1588-47d8-b58d-5bdc55d47431:192.168.34.20:42336, 405db254-2a77-41b8-bcbc-61d002fbc757:192.168.34.20:41954] returns group-DA587B7DE557:java.util.concurrent.CompletableFuture@6a93b18e[Not completed]
2019-11-13 20:40:13,813 [pool-529-thread-1] INFO  impl.RaftServerImpl (RaftServerImpl.java:<init>(98)) - a0d01d6c-1588-47d8-b58d-5bdc55d47431: new RaftServerImpl for group-DA587B7DE557:[777bd53d-1b96-45c1-9d99-437e419e4ea1:192.168.34.20:43853, a0d01d6c-1588-47d8-b58d-5bdc55d47431:192.168.34.20:42336, 405db254-2a77-41b8-bcbc-61d002fbc757:192.168.34.20:41954] with ContainerStateMachine:uninitialized
2019-11-13 20:40:13,813 [pool-529-thread-1] INFO  server.RaftServerConfigKeys (ConfUtils.java:logGet(43)) - raft.server.rpc.timeout.min = 1s (custom)
2019-11-13 20:40:13,813 [pool-529-thread-1] INFO  server.RaftServerConfigKeys (ConfUtils.java:logGet(43)) - raft.server.rpc.timeout.max = 1200ms (custom)
2019-11-13 20:40:13,813 [pool-529-thread-1] INFO  server.RaftServerConfigKeys (ConfUtils.java:logGet(43)) - raft.server.rpcslowness.timeout = 120s (custom)
2019-11-13 20:40:13,813 [pool-529-thread-1] INFO  server.RaftServerConfigKeys (ConfUtils.java:logGet(43)) - raft.server.sleep.deviation.threshold = 300 (default)
2019-11-13 20:40:13,813 [pool-529-thread-1] INFO  server.RaftServerConfigKeys (ConfUtils.java:logGet(43)) - raft.server.log.appender.install.snapshot.enabled = false (custom)
2019-11-13 20:40:13,813 [pool-589-thread-1] INFO  impl.RaftServerImpl (RaftServerImpl.java:<init>(98)) - 777bd53d-1b96-45c1-9d99-437e419e4ea1: new RaftServerImpl for group-DA587B7DE557:[777bd53d-1b96-45c1-9d99-437e419e4ea1:192.168.34.20:43853, a0d01d6c-1588-47d8-b58d-5bdc55d47431:192.168.34.20:42336, 405db254-2a77-41b8-bcbc-61d002fbc757:192.168.34.20:41954] with ContainerStateMachine:uninitialized
2019-11-13 20:40:13,813 [pool-529-thread-1] INFO  impl.RaftServerImpl (ServerState.java:<init>(103)) - a0d01d6c-1588-47d8-b58d-5bdc55d47431@group-DA587B7DE557: ConfigurationManager, init=-1: [777bd53d-1b96-45c1-9d99-437e419e4ea1:192.168.34.20:43853, a0d01d6c-1588-47d8-b58d-5bdc55d47431:192.168.34.20:42336, 405db254-2a77-41b8-bcbc-61d002fbc757:192.168.34.20:41954], old=null, confs=<EMPTY_MAP>
2019-11-13 20:40:13,814 [pool-589-thread-1] INFO  server.RaftServerConfigKeys (ConfUtils.java:logGet(43)) - raft.server.rpc.timeout.min = 1s (custom)
2019-11-13 20:40:13,814 [pool-529-thread-1] INFO  server.RaftServerConfigKeys (ConfUtils.java:logGet(43)) - raft.server.storage.dir = [/workdir/hadoop-ozone/integration-test/target/test-dir/MiniOzoneClusterImpl-23a5d35f-12cc-4157-b83c-481d86791456/datanode-2/data/ratis] (custom)
2019-11-13 20:40:13,814 [pool-589-thread-1] INFO  server.RaftServerConfigKeys (ConfUtils.java:logGet(43)) - raft.server.rpc.timeout.max = 1200ms (custom)
2019-11-13 20:40:13,814 [pool-509-thread-1] INFO  impl.RaftServerImpl (RaftServerImpl.java:<init>(98)) - 405db254-2a77-41b8-bcbc-61d002fbc757: new RaftServerImpl for group-DA587B7DE557:[777bd53d-1b96-45c1-9d99-437e419e4ea1:192.168.34.20:43853, a0d01d6c-1588-47d8-b58d-5bdc55d47431:192.168.34.20:42336, 405db254-2a77-41b8-bcbc-61d002fbc757:192.168.34.20:41954] with ContainerStateMachine:uninitialized
2019-11-13 20:40:13,814 [pool-529-thread-1] INFO  server.RaftServerConfigKeys (ConfUtils.java:logGet(43)) - raft.server.log.corruption.policy = EXCEPTION (default)
2019-11-13 20:40:13,814 [pool-589-thread-1] INFO  server.RaftServerConfigKeys (ConfUtils.java:logGet(43)) - raft.server.rpcslowness.timeout = 120s (custom)
2019-11-13 20:40:13,814 [pool-509-thread-1] INFO  server.RaftServerConfigKeys (ConfUtils.java:logGet(43)) - raft.server.rpc.timeout.min = 1s (custom)
2019-11-13 20:40:13,814 [pool-529-thread-1] INFO  storage.RaftStorageDirectory (RaftStorageDirectory.java:analyzeStorage(246)) - The storage directory /workdir/hadoop-ozone/integration-test/target/test-dir/MiniOzoneClusterImpl-23a5d35f-12cc-4157-b83c-481d86791456/datanode-2/data/ratis/cb13d4b8-21af-4e91-ab7c-da587b7de557 does not exist. Creating ...
2019-11-13 20:40:13,814 [pool-589-thread-1] INFO  server.RaftServerConfigKeys (ConfUtils.java:logGet(43)) - raft.server.sleep.deviation.threshold = 300 (default)
2019-11-13 20:40:13,814 [pool-509-thread-1] INFO  server.RaftServerConfigKeys (ConfUtils.java:logGet(43)) - raft.server.rpc.timeout.max = 1200ms (custom)
2019-11-13 20:40:13,814 [pool-589-thread-1] INFO  server.RaftServerConfigKeys (ConfUtils.java:logGet(43)) - raft.server.log.appender.install.snapshot.enabled = false (custom)
2019-11-13 20:40:13,814 [pool-509-thread-1] INFO  server.RaftServerConfigKeys (ConfUtils.java:logGet(43)) - raft.server.rpcslowness.timeout = 120s (custom)
2019-11-13 20:40:13,815 [pool-589-thread-1] INFO  impl.RaftServerImpl (ServerState.java:<init>(103)) - 777bd53d-1b96-45c1-9d99-437e419e4ea1@group-DA587B7DE557: ConfigurationManager, init=-1: [777bd53d-1b96-45c1-9d99-437e419e4ea1:192.168.34.20:43853, a0d01d6c-1588-47d8-b58d-5bdc55d47431:192.168.34.20:42336, 405db254-2a77-41b8-bcbc-61d002fbc757:192.168.34.20:41954], old=null, confs=<EMPTY_MAP>
2019-11-13 20:40:13,815 [pool-509-thread-1] INFO  server.RaftServerConfigKeys (ConfUtils.java:logGet(43)) - raft.server.sleep.deviation.threshold = 300 (default)
2019-11-13 20:40:13,815 [pool-589-thread-1] INFO  server.RaftServerConfigKeys (ConfUtils.java:logGet(43)) - raft.server.storage.dir = [/workdir/hadoop-ozone/integration-test/target/test-dir/MiniOzoneClusterImpl-23a5d35f-12cc-4157-b83c-481d86791456/datanode-8/data/ratis] (custom)
2019-11-13 20:40:13,815 [pool-509-thread-1] INFO  server.RaftServerConfigKeys (ConfUtils.java:logGet(43)) - raft.server.log.appender.install.snapshot.enabled = false (custom)
2019-11-13 20:40:13,815 [pool-589-thread-1] INFO  server.RaftServerConfigKeys (ConfUtils.java:logGet(43)) - raft.server.log.corruption.policy = EXCEPTION (default)
2019-11-13 20:40:13,815 [pool-509-thread-1] INFO  impl.RaftServerImpl (ServerState.java:<init>(103)) - 405db254-2a77-41b8-bcbc-61d002fbc757@group-DA587B7DE557: ConfigurationManager, init=-1: [777bd53d-1b96-45c1-9d99-437e419e4ea1:192.168.34.20:43853, a0d01d6c-1588-47d8-b58d-5bdc55d47431:192.168.34.20:42336, 405db254-2a77-41b8-bcbc-61d002fbc757:192.168.34.20:41954], old=null, confs=<EMPTY_MAP>
2019-11-13 20:40:13,815 [pool-589-thread-1] INFO  storage.RaftStorageDirectory (RaftStorageDirectory.java:analyzeStorage(246)) - The storage directory /workdir/hadoop-ozone/integration-test/target/test-dir/MiniOzoneClusterImpl-23a5d35f-12cc-4157-b83c-481d86791456/datanode-8/data/ratis/cb13d4b8-21af-4e91-ab7c-da587b7de557 does not exist. Creating ...
2019-11-13 20:40:13,815 [pool-509-thread-1] INFO  server.RaftServerConfigKeys (ConfUtils.java:logGet(43)) - raft.server.storage.dir = [/workdir/hadoop-ozone/integration-test/target/test-dir/MiniOzoneClusterImpl-23a5d35f-12cc-4157-b83c-481d86791456/datanode-0/data/ratis] (custom)
2019-11-13 20:40:13,815 [pool-509-thread-1] INFO  server.RaftServerConfigKeys (ConfUtils.java:logGet(43)) - raft.server.log.corruption.policy = EXCEPTION (default)
2019-11-13 20:40:13,816 [pool-509-thread-1] INFO  storage.RaftStorageDirectory (RaftStorageDirectory.java:analyzeStorage(246)) - The storage directory /workdir/hadoop-ozone/integration-test/target/test-dir/MiniOzoneClusterImpl-23a5d35f-12cc-4157-b83c-481d86791456/datanode-0/data/ratis/cb13d4b8-21af-4e91-ab7c-da587b7de557 does not exist. Creating ...
2019-11-13 20:40:13,818 [pool-529-thread-1] INFO  storage.RaftStorageDirectory (RaftStorageDirectory.java:tryLock(328)) - Lock on /workdir/hadoop-ozone/integration-test/target/test-dir/MiniOzoneClusterImpl-23a5d35f-12cc-4157-b83c-481d86791456/datanode-2/data/ratis/cb13d4b8-21af-4e91-ab7c-da587b7de557/in_use.lock acquired by nodename 4541@pr-hdds-2470-fxbl9-3826649461
2019-11-13 20:40:13,822 [pool-509-thread-1] INFO  storage.RaftStorageDirectory (RaftStorageDirectory.java:tryLock(328)) - Lock on /workdir/hadoop-ozone/integration-test/target/test-dir/MiniOzoneClusterImpl-23a5d35f-12cc-4157-b83c-481d86791456/datanode-0/data/ratis/cb13d4b8-21af-4e91-ab7c-da587b7de557/in_use.lock acquired by nodename 4541@pr-hdds-2470-fxbl9-3826649461
2019-11-13 20:40:13,822 [pool-589-thread-1] INFO  storage.RaftStorageDirectory (RaftStorageDirectory.java:tryLock(328)) - Lock on /workdir/hadoop-ozone/integration-test/target/test-dir/MiniOzoneClusterImpl-23a5d35f-12cc-4157-b83c-481d86791456/datanode-8/data/ratis/cb13d4b8-21af-4e91-ab7c-da587b7de557/in_use.lock acquired by nodename 4541@pr-hdds-2470-fxbl9-3826649461
2019-11-13 20:40:13,824 [pool-529-thread-1] INFO  storage.RaftStorage (RaftStorage.java:format(84)) - Storage directory /workdir/hadoop-ozone/integration-test/target/test-dir/MiniOzoneClusterImpl-23a5d35f-12cc-4157-b83c-481d86791456/datanode-2/data/ratis/cb13d4b8-21af-4e91-ab7c-da587b7de557 has been successfully formatted.
2019-11-13 20:40:13,824 [pool-509-thread-1] INFO  storage.RaftStorage (RaftStorage.java:format(84)) - Storage directory /workdir/hadoop-ozone/integration-test/target/test-dir/MiniOzoneClusterImpl-23a5d35f-12cc-4157-b83c-481d86791456/datanode-0/data/ratis/cb13d4b8-21af-4e91-ab7c-da587b7de557 has been successfully formatted.
2019-11-13 20:40:13,825 [pool-529-thread-1] INFO  ratis.ContainerStateMachine (ContainerStateMachine.java:loadSnapshot(223)) - group-DA587B7DE557: The snapshot info is null. Setting the last applied indexto:(t:0, i:~)
2019-11-13 20:40:13,825 [pool-509-thread-1] INFO  ratis.ContainerStateMachine (ContainerStateMachine.java:loadSnapshot(223)) - group-DA587B7DE557: The snapshot info is null. Setting the last applied indexto:(t:0, i:~)
2019-11-13 20:40:13,825 [pool-529-thread-1] INFO  server.RaftServerConfigKeys (ConfUtils.java:logGet(43)) - raft.server.notification.no-leader.timeout = 120s (custom)
2019-11-13 20:40:13,825 [pool-509-thread-1] INFO  server.RaftServerConfigKeys (ConfUtils.java:logGet(43)) - raft.server.notification.no-leader.timeout = 120s (custom)
2019-11-13 20:40:13,825 [pool-529-thread-1] INFO  server.RaftServerConfigKeys (ConfUtils.java:logGet(43)) - raft.server.log.use.memory = false (default)
2019-11-13 20:40:13,825 [pool-509-thread-1] INFO  server.RaftServerConfigKeys (ConfUtils.java:logGet(43)) - raft.server.log.use.memory = false (default)
2019-11-13 20:40:13,825 [pool-529-thread-1] INFO  server.RaftServerConfigKeys (ConfUtils.java:logGet(43)) - raft.server.log.purge.gap = 1000000 (custom)
2019-11-13 20:40:13,825 [pool-509-thread-1] INFO  server.RaftServerConfigKeys (ConfUtils.java:logGet(43)) - raft.server.log.purge.gap = 1000000 (custom)
2019-11-13 20:40:13,825 [pool-529-thread-1] INFO  server.RaftServerConfigKeys (ConfUtils.java:logGet(43)) - raft.server.log.appender.buffer.byte-limit = 33554432 (custom)
2019-11-13 20:40:13,825 [pool-509-thread-1] INFO  server.RaftServerConfigKeys (ConfUtils.java:logGet(43)) - raft.server.log.appender.buffer.byte-limit = 33554432 (custom)
2019-11-13 20:40:13,825 [pool-529-thread-1] INFO  server.RaftServerConfigKeys (ConfUtils.java:logGet(43)) - raft.server.log.segment.size.max = 1048576 (custom)
2019-11-13 20:40:13,825 [pool-509-thread-1] INFO  server.RaftServerConfigKeys (ConfUtils.java:logGet(43)) - raft.server.log.segment.size.max = 1048576 (custom)
2019-11-13 20:40:13,825 [pool-529-thread-1] INFO  server.RaftServerConfigKeys (ConfUtils.java:logGet(43)) - raft.server.log.segment.cache.num.max = 2 (custom)
2019-11-13 20:40:13,826 [pool-509-thread-1] INFO  server.RaftServerConfigKeys (ConfUtils.java:logGet(43)) - raft.server.log.segment.cache.num.max = 2 (custom)
2019-11-13 20:40:13,826 [pool-529-thread-1] INFO  segmented.SegmentedRaftLogWorker (SegmentedRaftLogWorker.java:<init>(173)) - new a0d01d6c-1588-47d8-b58d-5bdc55d47431@group-DA587B7DE557-SegmentedRaftLogWorker for RaftStorage:Storage Directory /workdir/hadoop-ozone/integration-test/target/test-dir/MiniOzoneClusterImpl-23a5d35f-12cc-4157-b83c-481d86791456/datanode-2/data/ratis/cb13d4b8-21af-4e91-ab7c-da587b7de557
2019-11-13 20:40:13,826 [pool-509-thread-1] INFO  segmented.SegmentedRaftLogWorker (SegmentedRaftLogWorker.java:<init>(173)) - new 405db254-2a77-41b8-bcbc-61d002fbc757@group-DA587B7DE557-SegmentedRaftLogWorker for RaftStorage:Storage Directory /workdir/hadoop-ozone/integration-test/target/test-dir/MiniOzoneClusterImpl-23a5d35f-12cc-4157-b83c-481d86791456/datanode-0/data/ratis/cb13d4b8-21af-4e91-ab7c-da587b7de557
2019-11-13 20:40:13,826 [pool-529-thread-1] INFO  server.RaftServerConfigKeys (ConfUtils.java:logGet(43)) - raft.server.log.queue.byte-limit = 2147483647 (custom)
2019-11-13 20:40:13,826 [pool-589-thread-1] INFO  storage.RaftStorage (RaftStorage.java:format(84)) - Storage directory /workdir/hadoop-ozone/integration-test/target/test-dir/MiniOzoneClusterImpl-23a5d35f-12cc-4157-b83c-481d86791456/datanode-8/data/ratis/cb13d4b8-21af-4e91-ab7c-da587b7de557 has been successfully formatted.
2019-11-13 20:40:13,826 [pool-509-thread-1] INFO  server.RaftServerConfigKeys (ConfUtils.java:logGet(43)) - raft.server.log.queue.byte-limit = 2147483647 (custom)
2019-11-13 20:40:13,826 [pool-589-thread-1] INFO  ratis.ContainerStateMachine (ContainerStateMachine.java:loadSnapshot(223)) - group-DA587B7DE557: The snapshot info is null. Setting the last applied indexto:(t:0, i:~)
2019-11-13 20:40:13,826 [pool-529-thread-1] INFO  server.RaftServerConfigKeys (ConfUtils.java:logGet(43)) - raft.server.log.queue.element-limit = 1024 (custom)
2019-11-13 20:40:13,826 [pool-589-thread-1] INFO  server.RaftServerConfigKeys (ConfUtils.java:logGet(43)) - raft.server.notification.no-leader.timeout = 120s (custom)
2019-11-13 20:40:13,826 [pool-509-thread-1] INFO  server.RaftServerConfigKeys (ConfUtils.java:logGet(43)) - raft.server.log.queue.element-limit = 1024 (custom)
2019-11-13 20:40:13,826 [pool-589-thread-1] INFO  server.RaftServerConfigKeys (ConfUtils.java:logGet(43)) - raft.server.log.use.memory = false (default)
2019-11-13 20:40:13,826 [pool-529-thread-1] INFO  server.RaftServerConfigKeys (ConfUtils.java:logGet(43)) - raft.server.log.segment.size.max = 1048576 (custom)
2019-11-13 20:40:13,827 [pool-589-thread-1] INFO  server.RaftServerConfigKeys (ConfUtils.java:logGet(43)) - raft.server.log.purge.gap = 1000000 (custom)
2019-11-13 20:40:13,827 [pool-509-thread-1] INFO  server.RaftServerConfigKeys (ConfUtils.java:logGet(43)) - raft.server.log.segment.size.max = 1048576 (custom)
2019-11-13 20:40:13,827 [pool-589-thread-1] INFO  server.RaftServerConfigKeys (ConfUtils.java:logGet(43)) - raft.server.log.appender.buffer.byte-limit = 33554432 (custom)
2019-11-13 20:40:13,827 [pool-529-thread-1] INFO  server.RaftServerConfigKeys (ConfUtils.java:logGet(43)) - raft.server.log.preallocated.size = 16384 (custom)
2019-11-13 20:40:13,827 [pool-589-thread-1] INFO  server.RaftServerConfigKeys (ConfUtils.java:logGet(43)) - raft.server.log.segment.size.max = 1048576 (custom)
2019-11-13 20:40:13,827 [pool-509-thread-1] INFO  server.RaftServerConfigKeys (ConfUtils.java:logGet(43)) - raft.server.log.preallocated.size = 16384 (custom)
2019-11-13 20:40:13,827 [pool-589-thread-1] INFO  server.RaftServerConfigKeys (ConfUtils.java:logGet(43)) - raft.server.log.segment.cache.num.max = 2 (custom)
2019-11-13 20:40:13,827 [pool-529-thread-1] INFO  server.RaftServerConfigKeys (ConfUtils.java:logGet(43)) - raft.server.log.write.buffer.size = 33554432 (custom)
2019-11-13 20:40:13,827 [pool-589-thread-1] INFO  segmented.SegmentedRaftLogWorker (SegmentedRaftLogWorker.java:<init>(173)) - new 777bd53d-1b96-45c1-9d99-437e419e4ea1@group-DA587B7DE557-SegmentedRaftLogWorker for RaftStorage:Storage Directory /workdir/hadoop-ozone/integration-test/target/test-dir/MiniOzoneClusterImpl-23a5d35f-12cc-4157-b83c-481d86791456/datanode-8/data/ratis/cb13d4b8-21af-4e91-ab7c-da587b7de557
2019-11-13 20:40:13,827 [pool-509-thread-1] INFO  server.RaftServerConfigKeys (ConfUtils.java:logGet(43)) - raft.server.log.write.buffer.size = 33554432 (custom)
2019-11-13 20:40:13,828 [pool-589-thread-1] INFO  server.RaftServerConfigKeys (ConfUtils.java:logGet(43)) - raft.server.log.queue.byte-limit = 2147483647 (custom)
2019-11-13 20:40:13,828 [pool-589-thread-1] INFO  server.RaftServerConfigKeys (ConfUtils.java:logGet(43)) - raft.server.log.queue.element-limit = 1024 (custom)
2019-11-13 20:40:13,828 [pool-529-thread-1] INFO  server.RaftServerConfigKeys (ConfUtils.java:logGet(43)) - raft.server.log.force.sync.num = 128 (default)
2019-11-13 20:40:13,828 [pool-589-thread-1] INFO  server.RaftServerConfigKeys (ConfUtils.java:logGet(43)) - raft.server.log.segment.size.max = 1048576 (custom)
2019-11-13 20:40:13,828 [pool-509-thread-1] INFO  server.RaftServerConfigKeys (ConfUtils.java:logGet(43)) - raft.server.log.force.sync.num = 128 (default)
2019-11-13 20:40:13,828 [pool-589-thread-1] INFO  server.RaftServerConfigKeys (ConfUtils.java:logGet(43)) - raft.server.log.preallocated.size = 16384 (custom)
2019-11-13 20:40:13,828 [pool-529-thread-1] INFO  server.RaftServerConfigKeys (ConfUtils.java:logGet(43)) - raft.server.log.statemachine.data.sync = true (default)
2019-11-13 20:40:13,828 [pool-589-thread-1] INFO  server.RaftServerConfigKeys (ConfUtils.java:logGet(43)) - raft.server.log.write.buffer.size = 33554432 (custom)
2019-11-13 20:40:13,828 [pool-509-thread-1] INFO  server.RaftServerConfigKeys (ConfUtils.java:logGet(43)) - raft.server.log.statemachine.data.sync = true (default)
2019-11-13 20:40:13,828 [pool-589-thread-1] INFO  server.RaftServerConfigKeys (ConfUtils.java:logGet(43)) - raft.server.log.force.sync.num = 128 (default)
2019-11-13 20:40:13,828 [pool-529-thread-1] INFO  server.RaftServerConfigKeys (ConfUtils.java:logGet(43)) - raft.server.log.statemachine.data.sync.timeout = 10s (default)
2019-11-13 20:40:13,828 [pool-589-thread-1] INFO  server.RaftServerConfigKeys (ConfUtils.java:logGet(43)) - raft.server.log.statemachine.data.sync = true (default)
2019-11-13 20:40:13,828 [pool-509-thread-1] INFO  server.RaftServerConfigKeys (ConfUtils.java:logGet(43)) - raft.server.log.statemachine.data.sync.timeout = 10s (default)
2019-11-13 20:40:13,829 [pool-589-thread-1] INFO  server.RaftServerConfigKeys (ConfUtils.java:logGet(43)) - raft.server.log.statemachine.data.sync.timeout = 10s (default)
2019-11-13 20:40:13,829 [pool-529-thread-1] INFO  server.RaftServerConfigKeys (ConfUtils.java:logGet(43)) - raft.server.log.statemachine.data.sync.timeout.retry = -1 (default)
2019-11-13 20:40:13,829 [pool-589-thread-1] INFO  server.RaftServerConfigKeys (ConfUtils.java:logGet(43)) - raft.server.log.statemachine.data.sync.timeout.retry = -1 (default)
2019-11-13 20:40:13,829 [pool-509-thread-1] INFO  server.RaftServerConfigKeys (ConfUtils.java:logGet(43)) - raft.server.log.statemachine.data.sync.timeout.retry = -1 (default)
2019-11-13 20:40:13,829 [pool-589-thread-1] INFO  server.RaftServerConfigKeys (ConfUtils.java:logGet(43)) - raft.server.log.statemachine.data.caching.enabled = true (custom)
2019-11-13 20:40:13,829 [pool-529-thread-1] INFO  server.RaftServerConfigKeys (ConfUtils.java:logGet(43)) - raft.server.log.statemachine.data.caching.enabled = true (custom)
2019-11-13 20:40:13,829 [pool-509-thread-1] INFO  server.RaftServerConfigKeys (ConfUtils.java:logGet(43)) - raft.server.log.statemachine.data.caching.enabled = true (custom)
2019-11-13 20:40:13,829 [pool-529-thread-1] INFO  segmented.SegmentedRaftLogWorker (SegmentedRaftLogWorker.java:lambda$new$0(128)) - a0d01d6c-1588-47d8-b58d-5bdc55d47431@group-DA587B7DE557-SegmentedRaftLogWorker: flushIndex: setUnconditionally 0 -> -1
2019-11-13 20:40:13,829 [pool-589-thread-1] INFO  segmented.SegmentedRaftLogWorker (SegmentedRaftLogWorker.java:lambda$new$0(128)) - 777bd53d-1b96-45c1-9d99-437e419e4ea1@group-DA587B7DE557-SegmentedRaftLogWorker: flushIndex: setUnconditionally 0 -> -1
2019-11-13 20:40:13,829 [pool-509-thread-1] INFO  segmented.SegmentedRaftLogWorker (SegmentedRaftLogWorker.java:lambda$new$0(128)) - 405db254-2a77-41b8-bcbc-61d002fbc757@group-DA587B7DE557-SegmentedRaftLogWorker: flushIndex: setUnconditionally 0 -> -1
2019-11-13 20:40:13,829 [pool-529-thread-1] INFO  server.RaftServerConfigKeys (ConfUtils.java:logGet(43)) - raft.server.snapshot.auto.trigger.enabled = true (custom)
2019-11-13 20:40:13,830 [pool-529-thread-1] INFO  server.RaftServerConfigKeys (ConfUtils.java:logGet(43)) - raft.server.snapshot.auto.trigger.threshold = 10000 (custom)
2019-11-13 20:40:13,830 [pool-589-thread-1] INFO  server.RaftServerConfigKeys (ConfUtils.java:logGet(43)) - raft.server.snapshot.auto.trigger.enabled = true (custom)
2019-11-13 20:40:13,830 [pool-509-thread-1] INFO  server.RaftServerConfigKeys (ConfUtils.java:logGet(43)) - raft.server.snapshot.auto.trigger.enabled = true (custom)
2019-11-13 20:40:13,830 [pool-529-thread-1] INFO  server.RaftServerConfigKeys (ConfUtils.java:logGet(43)) - raft.server.snapshot.retention.file.num = 5 (custom)
2019-11-13 20:40:13,830 [pool-509-thread-1] INFO  server.RaftServerConfigKeys (ConfUtils.java:logGet(43)) - raft.server.snapshot.auto.trigger.threshold = 10000 (custom)
2019-11-13 20:40:13,830 [pool-589-thread-1] INFO  server.RaftServerConfigKeys (ConfUtils.java:logGet(43)) - raft.server.snapshot.auto.trigger.threshold = 10000 (custom)
2019-11-13 20:40:13,830 [pool-509-thread-1] INFO  server.RaftServerConfigKeys (ConfUtils.java:logGet(43)) - raft.server.snapshot.retention.file.num = 5 (custom)
2019-11-13 20:40:13,830 [pool-529-thread-1] INFO  server.RaftServerConfigKeys (ConfUtils.java:logGet(43)) - raft.server.retrycache.expirytime = 600000ms (custom)
2019-11-13 20:40:13,830 [pool-509-thread-1] INFO  server.RaftServerConfigKeys (ConfUtils.java:logGet(43)) - raft.server.retrycache.expirytime = 600000ms (custom)
2019-11-13 20:40:13,830 [pool-589-thread-1] INFO  server.RaftServerConfigKeys (ConfUtils.java:logGet(43)) - raft.server.snapshot.retention.file.num = 5 (custom)
2019-11-13 20:40:13,830 [pool-509-thread-1] WARN  impl.MetricRegistriesImpl (MetricRegistriesImpl.java:lambda$create$1(61)) - First MetricRegistry has been created without registering reporters. You may need to call MetricRegistries.global().addReportRegistration(...) before.
2019-11-13 20:40:13,830 [pool-529-thread-1] WARN  impl.MetricRegistriesImpl (MetricRegistriesImpl.java:lambda$create$1(61)) - First MetricRegistry has been created without registering reporters. You may need to call MetricRegistries.global().addReportRegistration(...) before.
2019-11-13 20:40:13,831 [pool-509-thread-1] WARN  impl.MetricRegistriesImpl (MetricRegistriesImpl.java:lambda$create$1(61)) - First MetricRegistry has been created without registering reporters. You may need to call MetricRegistries.global().addReportRegistration(...) before.
2019-11-13 20:40:13,830 [pool-589-thread-1] INFO  server.RaftServerConfigKeys (ConfUtils.java:logGet(43)) - raft.server.retrycache.expirytime = 600000ms (custom)
2019-11-13 20:40:13,831 [pool-529-thread-1] WARN  impl.MetricRegistriesImpl (MetricRegistriesImpl.java:lambda$create$1(61)) - First MetricRegistry has been created without registering reporters. You may need to call MetricRegistries.global().addReportRegistration(...) before.
2019-11-13 20:40:13,831 [pool-509-thread-1] INFO  impl.RaftServerImpl (RaftServerImpl.java:start(184)) - 405db254-2a77-41b8-bcbc-61d002fbc757@group-DA587B7DE557: start as a follower, conf=-1: [777bd53d-1b96-45c1-9d99-437e419e4ea1:192.168.34.20:43853, a0d01d6c-1588-47d8-b58d-5bdc55d47431:192.168.34.20:42336, 405db254-2a77-41b8-bcbc-61d002fbc757:192.168.34.20:41954], old=null
2019-11-13 20:40:13,831 [pool-589-thread-1] WARN  impl.MetricRegistriesImpl (MetricRegistriesImpl.java:lambda$create$1(61)) - First MetricRegistry has been created without registering reporters. You may need to call MetricRegistries.global().addReportRegistration(...) before.
2019-11-13 20:40:13,831 [pool-509-thread-1] INFO  impl.RaftServerImpl (RaftServerImpl.java:setRole(173)) - 405db254-2a77-41b8-bcbc-61d002fbc757@group-DA587B7DE557: changes role from      null to FOLLOWER at term 0 for startAsFollower
2019-11-13 20:40:13,831 [pool-529-thread-1] INFO  impl.RaftServerImpl (RaftServerImpl.java:start(184)) - a0d01d6c-1588-47d8-b58d-5bdc55d47431@group-DA587B7DE557: start as a follower, conf=-1: [777bd53d-1b96-45c1-9d99-437e419e4ea1:192.168.34.20:43853, a0d01d6c-1588-47d8-b58d-5bdc55d47431:192.168.34.20:42336, 405db254-2a77-41b8-bcbc-61d002fbc757:192.168.34.20:41954], old=null
2019-11-13 20:40:13,831 [pool-509-thread-1] INFO  impl.RoleInfo (RoleInfo.java:updateAndGet(143)) - 405db254-2a77-41b8-bcbc-61d002fbc757: start FollowerState
2019-11-13 20:40:13,831 [pool-589-thread-1] WARN  impl.MetricRegistriesImpl (MetricRegistriesImpl.java:lambda$create$1(61)) - First MetricRegistry has been created without registering reporters. You may need to call MetricRegistries.global().addReportRegistration(...) before.
2019-11-13 20:40:13,831 [pool-529-thread-1] INFO  impl.RaftServerImpl (RaftServerImpl.java:setRole(173)) - a0d01d6c-1588-47d8-b58d-5bdc55d47431@group-DA587B7DE557: changes role from      null to FOLLOWER at term 0 for startAsFollower
2019-11-13 20:40:13,832 [pool-589-thread-1] INFO  impl.RaftServerImpl (RaftServerImpl.java:start(184)) - 777bd53d-1b96-45c1-9d99-437e419e4ea1@group-DA587B7DE557: start as a follower, conf=-1: [777bd53d-1b96-45c1-9d99-437e419e4ea1:192.168.34.20:43853, a0d01d6c-1588-47d8-b58d-5bdc55d47431:192.168.34.20:42336, 405db254-2a77-41b8-bcbc-61d002fbc757:192.168.34.20:41954], old=null
2019-11-13 20:40:13,832 [pool-529-thread-1] INFO  impl.RoleInfo (RoleInfo.java:updateAndGet(143)) - a0d01d6c-1588-47d8-b58d-5bdc55d47431: start FollowerState
2019-11-13 20:40:13,832 [pool-509-thread-1] INFO  util.JmxRegister (JmxRegister.java:tryRegister(44)) - Successfully registered JMX Bean with object name Ratis:service=RaftServer,group=group-DA587B7DE557,id=405db254-2a77-41b8-bcbc-61d002fbc757
2019-11-13 20:40:13,832 [pool-589-thread-1] INFO  impl.RaftServerImpl (RaftServerImpl.java:setRole(173)) - 777bd53d-1b96-45c1-9d99-437e419e4ea1@group-DA587B7DE557: changes role from      null to FOLLOWER at term 0 for startAsFollower
2019-11-13 20:40:13,832 [pool-529-thread-1] INFO  util.JmxRegister (JmxRegister.java:tryRegister(44)) - Successfully registered JMX Bean with object name Ratis:service=RaftServer,group=group-DA587B7DE557,id=a0d01d6c-1588-47d8-b58d-5bdc55d47431
2019-11-13 20:40:13,832 [pool-509-thread-1] WARN  impl.MetricRegistriesImpl (MetricRegistriesImpl.java:lambda$create$1(61)) - First MetricRegistry has been created without registering reporters. You may need to call MetricRegistries.global().addReportRegistration(...) before.
2019-11-13 20:40:13,832 [pool-529-thread-1] WARN  impl.MetricRegistriesImpl (MetricRegistriesImpl.java:lambda$create$1(61)) - First MetricRegistry has been created without registering reporters. You may need to call MetricRegistries.global().addReportRegistration(...) before.
2019-11-13 20:40:13,832 [pool-589-thread-1] INFO  impl.RoleInfo (RoleInfo.java:updateAndGet(143)) - 777bd53d-1b96-45c1-9d99-437e419e4ea1: start FollowerState
2019-11-13 20:40:13,833 [pool-589-thread-1] INFO  util.JmxRegister (JmxRegister.java:tryRegister(44)) - Successfully registered JMX Bean with object name Ratis:service=RaftServer,group=group-DA587B7DE557,id=777bd53d-1b96-45c1-9d99-437e419e4ea1
2019-11-13 20:40:13,833 [pool-589-thread-1] WARN  impl.MetricRegistriesImpl (MetricRegistriesImpl.java:lambda$create$1(61)) - First MetricRegistry has been created without registering reporters. You may need to call MetricRegistries.global().addReportRegistration(...) before.
2019-11-13 20:40:13,834 [RatisPipelineUtilsThread] INFO  pipeline.PipelineStateManager (PipelineStateManager.java:addPipeline(55)) - Created pipeline Pipeline[ Id: cb13d4b8-21af-4e91-ab7c-da587b7de557, Nodes: 405db254-2a77-41b8-bcbc-61d002fbc757{ip: 192.168.34.20, host: pr-hdds-2470-fxbl9-3826649461, networkLocation: /rack1, certSerialId: null}a0d01d6c-1588-47d8-b58d-5bdc55d47431{ip: 192.168.34.20, host: pr-hdds-2470-fxbl9-3826649461, networkLocation: /rack1, certSerialId: null}777bd53d-1b96-45c1-9d99-437e419e4ea1{ip: 192.168.34.20, host: pr-hdds-2470-fxbl9-3826649461, networkLocation: /rack1, certSerialId: null}, Type:RATIS, Factor:THREE, State:ALLOCATED]
2019-11-13 20:40:13,835 [Thread-3954] INFO  pipeline.PipelineStateManager (PipelineStateManager.java:finalizePipeline(121)) - Pipeline Pipeline[ Id: 9807cbe3-72fc-4075-839a-595df4808363, Nodes: 777bd53d-1b96-45c1-9d99-437e419e4ea1{ip: 192.168.34.20, host: pr-hdds-2470-fxbl9-3826649461, networkLocation: /rack1, certSerialId: null}, Type:RATIS, Factor:ONE, State:CLOSED] moved to CLOSED state
2019-11-13 20:40:13,837 [grpc-default-executor-0] INFO  impl.RaftServerProxy (RaftServerProxy.java:remove(95)) - 777bd53d-1b96-45c1-9d99-437e419e4ea1: remove    LEADER 777bd53d-1b96-45c1-9d99-437e419e4ea1@group-595DF4808363:t1, leader=777bd53d-1b96-45c1-9d99-437e419e4ea1, voted=777bd53d-1b96-45c1-9d99-437e419e4ea1, raftlog=777bd53d-1b96-45c1-9d99-437e419e4ea1@group-595DF4808363-SegmentedRaftLog:OPENED:c0,f0,i0, conf=0: [777bd53d-1b96-45c1-9d99-437e419e4ea1:192.168.34.20:43853], old=null RUNNING
2019-11-13 20:40:13,837 [grpc-default-executor-0] INFO  impl.RaftServerImpl (RaftServerImpl.java:lambda$shutdown$3(250)) - 777bd53d-1b96-45c1-9d99-437e419e4ea1@group-595DF4808363: shutdown
2019-11-13 20:40:13,838 [grpc-default-executor-0] INFO  util.JmxRegister (JmxRegister.java:unregister(73)) - Successfully un-registered JMX Bean with object name Ratis:service=RaftServer,group=group-595DF4808363,id=777bd53d-1b96-45c1-9d99-437e419e4ea1
2019-11-13 20:40:13,838 [grpc-default-executor-0] INFO  impl.RoleInfo (RoleInfo.java:shutdownLeaderState(104)) - 777bd53d-1b96-45c1-9d99-437e419e4ea1: shutdown LeaderState
2019-11-13 20:40:13,838 [grpc-default-executor-0] INFO  impl.PendingRequests (PendingRequests.java:sendNotLeaderResponses(206)) - 777bd53d-1b96-45c1-9d99-437e419e4ea1@group-595DF4808363-PendingRequests: sendNotLeaderResponses
2019-11-13 20:40:13,838 [grpc-default-executor-0] INFO  impl.StateMachineUpdater (StateMachineUpdater.java:stopAndJoin(136)) - 777bd53d-1b96-45c1-9d99-437e419e4ea1@group-595DF4808363-StateMachineUpdater: set stopIndex = 0
2019-11-13 20:40:13,838 [grpc-default-executor-0] INFO  impl.RaftServerImpl (ServerState.java:close(387)) - 777bd53d-1b96-45c1-9d99-437e419e4ea1@group-595DF4808363: closes. applyIndex: 0
2019-11-13 20:40:13,838 [777bd53d-1b96-45c1-9d99-437e419e4ea1@group-595DF4808363-SegmentedRaftLogWorker] INFO  segmented.SegmentedRaftLogWorker (SegmentedRaftLogWorker.java:run(316)) - 777bd53d-1b96-45c1-9d99-437e419e4ea1@group-595DF4808363-SegmentedRaftLogWorker was interrupted, exiting. There are 0 tasks remaining in the queue.
2019-11-13 20:40:13,847 [grpc-default-executor-0] INFO  segmented.SegmentedRaftLogWorker (SegmentedRaftLogWorker.java:close(224)) - 777bd53d-1b96-45c1-9d99-437e419e4ea1@group-595DF4808363-SegmentedRaftLogWorker close()
2019-11-13 20:40:13,851 [Thread-3954] INFO  pipeline.PipelineStateManager (PipelineStateManager.java:removePipeline(106)) - Pipeline Pipeline[ Id: 9807cbe3-72fc-4075-839a-595df4808363, Nodes: 777bd53d-1b96-45c1-9d99-437e419e4ea1{ip: 192.168.34.20, host: pr-hdds-2470-fxbl9-3826649461, networkLocation: /rack1, certSerialId: null}, Type:RATIS, Factor:ONE, State:CLOSED] removed from db
2019-11-13 20:40:13,851 [Thread-3954] INFO  pipeline.SCMPipelineManager (SCMPipelineManager.java:finalizeAndDestroyPipeline(315)) - destroying pipeline:Pipeline[ Id: fbcbfdcf-e4c6-444a-9ed4-2a560a9e987b, Nodes: 11bf945c-44a0-4fdd-85a2-60a349617ab7{ip: 192.168.34.20, host: pr-hdds-2470-fxbl9-3826649461, networkLocation: /rack1, certSerialId: null}, Type:RATIS, Factor:ONE, State:OPEN]
2019-11-13 20:40:13,854 [grpc-default-executor-0] INFO  impl.RaftServerProxy (RaftServerProxy.java:addNew(89)) - 777bd53d-1b96-45c1-9d99-437e419e4ea1: addNew group-7A44C2229B30:[777bd53d-1b96-45c1-9d99-437e419e4ea1:192.168.34.20:43853] returns group-7A44C2229B30:java.util.concurrent.CompletableFuture@13d5a275[Not completed]
2019-11-13 20:40:13,855 [pool-589-thread-1] INFO  impl.RaftServerImpl (RaftServerImpl.java:<init>(98)) - 777bd53d-1b96-45c1-9d99-437e419e4ea1: new RaftServerImpl for group-7A44C2229B30:[777bd53d-1b96-45c1-9d99-437e419e4ea1:192.168.34.20:43853] with ContainerStateMachine:uninitialized
2019-11-13 20:40:13,855 [pool-589-thread-1] INFO  server.RaftServerConfigKeys (ConfUtils.java:logGet(43)) - raft.server.rpc.timeout.min = 1s (custom)
2019-11-13 20:40:13,855 [pool-589-thread-1] INFO  server.RaftServerConfigKeys (ConfUtils.java:logGet(43)) - raft.server.rpc.timeout.max = 1200ms (custom)
2019-11-13 20:40:13,855 [pool-589-thread-1] INFO  server.RaftServerConfigKeys (ConfUtils.java:logGet(43)) - raft.server.rpcslowness.timeout = 120s (custom)
2019-11-13 20:40:13,855 [pool-589-thread-1] INFO  server.RaftServerConfigKeys (ConfUtils.java:logGet(43)) - raft.server.sleep.deviation.threshold = 300 (default)
2019-11-13 20:40:13,856 [pool-589-thread-1] INFO  server.RaftServerConfigKeys (ConfUtils.java:logGet(43)) - raft.server.log.appender.install.snapshot.enabled = false (custom)
2019-11-13 20:40:13,856 [pool-589-thread-1] INFO  impl.RaftServerImpl (ServerState.java:<init>(103)) - 777bd53d-1b96-45c1-9d99-437e419e4ea1@group-7A44C2229B30: ConfigurationManager, init=-1: [777bd53d-1b96-45c1-9d99-437e419e4ea1:192.168.34.20:43853], old=null, confs=<EMPTY_MAP>
2019-11-13 20:40:13,856 [pool-589-thread-1] INFO  server.RaftServerConfigKeys (ConfUtils.java:logGet(43)) - raft.server.storage.dir = [/workdir/hadoop-ozone/integration-test/target/test-dir/MiniOzoneClusterImpl-23a5d35f-12cc-4157-b83c-481d86791456/datanode-8/data/ratis] (custom)
2019-11-13 20:40:13,856 [pool-589-thread-1] INFO  server.RaftServerConfigKeys (ConfUtils.java:logGet(43)) - raft.server.log.corruption.policy = EXCEPTION (default)
2019-11-13 20:40:13,856 [pool-589-thread-1] INFO  storage.RaftStorageDirectory (RaftStorageDirectory.java:analyzeStorage(246)) - The storage directory /workdir/hadoop-ozone/integration-test/target/test-dir/MiniOzoneClusterImpl-23a5d35f-12cc-4157-b83c-481d86791456/datanode-8/data/ratis/96fa8199-9742-4e4e-bc8c-7a44c2229b30 does not exist. Creating ...
2019-11-13 20:40:13,867 [pool-589-thread-1] INFO  storage.RaftStorageDirectory (RaftStorageDirectory.java:tryLock(328)) - Lock on /workdir/hadoop-ozone/integration-test/target/test-dir/MiniOzoneClusterImpl-23a5d35f-12cc-4157-b83c-481d86791456/datanode-8/data/ratis/96fa8199-9742-4e4e-bc8c-7a44c2229b30/in_use.lock acquired by nodename 4541@pr-hdds-2470-fxbl9-3826649461
2019-11-13 20:40:13,880 [pool-589-thread-1] INFO  storage.RaftStorage (RaftStorage.java:format(84)) - Storage directory /workdir/hadoop-ozone/integration-test/target/test-dir/MiniOzoneClusterImpl-23a5d35f-12cc-4157-b83c-481d86791456/datanode-8/data/ratis/96fa8199-9742-4e4e-bc8c-7a44c2229b30 has been successfully formatted.
2019-11-13 20:40:13,880 [pool-589-thread-1] INFO  ratis.ContainerStateMachine (ContainerStateMachine.java:loadSnapshot(223)) - group-7A44C2229B30: The snapshot info is null. Setting the last applied indexto:(t:0, i:~)
2019-11-13 20:40:13,880 [pool-589-thread-1] INFO  server.RaftServerConfigKeys (ConfUtils.java:logGet(43)) - raft.server.notification.no-leader.timeout = 120s (custom)
2019-11-13 20:40:13,880 [pool-589-thread-1] INFO  server.RaftServerConfigKeys (ConfUtils.java:logGet(43)) - raft.server.log.use.memory = false (default)
2019-11-13 20:40:13,881 [pool-589-thread-1] INFO  server.RaftServerConfigKeys (ConfUtils.java:logGet(43)) - raft.server.log.purge.gap = 1000000 (custom)
2019-11-13 20:40:13,881 [pool-589-thread-1] INFO  server.RaftServerConfigKeys (ConfUtils.java:logGet(43)) - raft.server.log.appender.buffer.byte-limit = 33554432 (custom)
2019-11-13 20:40:13,881 [pool-589-thread-1] INFO  server.RaftServerConfigKeys (ConfUtils.java:logGet(43)) - raft.server.log.segment.size.max = 1048576 (custom)
2019-11-13 20:40:13,881 [pool-589-thread-1] INFO  server.RaftServerConfigKeys (ConfUtils.java:logGet(43)) - raft.server.log.segment.cache.num.max = 2 (custom)
2019-11-13 20:40:13,881 [pool-589-thread-1] INFO  segmented.SegmentedRaftLogWorker (SegmentedRaftLogWorker.java:<init>(173)) - new 777bd53d-1b96-45c1-9d99-437e419e4ea1@group-7A44C2229B30-SegmentedRaftLogWorker for RaftStorage:Storage Directory /workdir/hadoop-ozone/integration-test/target/test-dir/MiniOzoneClusterImpl-23a5d35f-12cc-4157-b83c-481d86791456/datanode-8/data/ratis/96fa8199-9742-4e4e-bc8c-7a44c2229b30
2019-11-13 20:40:13,881 [pool-589-thread-1] INFO  server.RaftServerConfigKeys (ConfUtils.java:logGet(43)) - raft.server.log.queue.byte-limit = 2147483647 (custom)
2019-11-13 20:40:13,881 [pool-589-thread-1] INFO  server.RaftServerConfigKeys (ConfUtils.java:logGet(43)) - raft.server.log.queue.element-limit = 1024 (custom)
2019-11-13 20:40:13,881 [pool-589-thread-1] INFO  server.RaftServerConfigKeys (ConfUtils.java:logGet(43)) - raft.server.log.segment.size.max = 1048576 (custom)
2019-11-13 20:40:13,881 [pool-589-thread-1] INFO  server.RaftServerConfigKeys (ConfUtils.java:logGet(43)) - raft.server.log.preallocated.size = 16384 (custom)
2019-11-13 20:40:13,881 [pool-589-thread-1] INFO  server.RaftServerConfigKeys (ConfUtils.java:logGet(43)) - raft.server.log.write.buffer.size = 33554432 (custom)
2019-11-13 20:40:13,881 [pool-589-thread-1] INFO  server.RaftServerConfigKeys (ConfUtils.java:logGet(43)) - raft.server.log.force.sync.num = 128 (default)
2019-11-13 20:40:13,882 [pool-589-thread-1] INFO  server.RaftServerConfigKeys (ConfUtils.java:logGet(43)) - raft.server.log.statemachine.data.sync = true (default)
2019-11-13 20:40:13,882 [pool-589-thread-1] INFO  server.RaftServerConfigKeys (ConfUtils.java:logGet(43)) - raft.server.log.statemachine.data.sync.timeout = 10s (default)
2019-11-13 20:40:13,882 [pool-589-thread-1] INFO  server.RaftServerConfigKeys (ConfUtils.java:logGet(43)) - raft.server.log.statemachine.data.sync.timeout.retry = -1 (default)
2019-11-13 20:40:13,882 [pool-589-thread-1] INFO  server.RaftServerConfigKeys (ConfUtils.java:logGet(43)) - raft.server.log.statemachine.data.caching.enabled = true (custom)
2019-11-13 20:40:13,892 [pool-589-thread-1] INFO  segmented.SegmentedRaftLogWorker (SegmentedRaftLogWorker.java:lambda$new$0(128)) - 777bd53d-1b96-45c1-9d99-437e419e4ea1@group-7A44C2229B30-SegmentedRaftLogWorker: flushIndex: setUnconditionally 0 -> -1
2019-11-13 20:40:13,892 [pool-589-thread-1] INFO  server.RaftServerConfigKeys (ConfUtils.java:logGet(43)) - raft.server.snapshot.auto.trigger.enabled = true (custom)
2019-11-13 20:40:13,892 [pool-589-thread-1] INFO  server.RaftServerConfigKeys (ConfUtils.java:logGet(43)) - raft.server.snapshot.auto.trigger.threshold = 10000 (custom)
2019-11-13 20:40:13,892 [pool-589-thread-1] INFO  server.RaftServerConfigKeys (ConfUtils.java:logGet(43)) - raft.server.snapshot.retention.file.num = 5 (custom)
2019-11-13 20:40:13,892 [pool-589-thread-1] INFO  server.RaftServerConfigKeys (ConfUtils.java:logGet(43)) - raft.server.retrycache.expirytime = 600000ms (custom)
2019-11-13 20:40:13,892 [pool-589-thread-1] WARN  impl.MetricRegistriesImpl (MetricRegistriesImpl.java:lambda$create$1(61)) - First MetricRegistry has been created without registering reporters. You may need to call MetricRegistries.global().addReportRegistration(...) before.
2019-11-13 20:40:13,892 [pool-589-thread-1] WARN  impl.MetricRegistriesImpl (MetricRegistriesImpl.java:lambda$create$1(61)) - First MetricRegistry has been created without registering reporters. You may need to call MetricRegistries.global().addReportRegistration(...) before.
2019-11-13 20:40:13,893 [pool-589-thread-1] INFO  impl.RaftServerImpl (RaftServerImpl.java:start(184)) - 777bd53d-1b96-45c1-9d99-437e419e4ea1@group-7A44C2229B30: start as a follower, conf=-1: [777bd53d-1b96-45c1-9d99-437e419e4ea1:192.168.34.20:43853], old=null
2019-11-13 20:40:13,893 [pool-589-thread-1] INFO  impl.RaftServerImpl (RaftServerImpl.java:setRole(173)) - 777bd53d-1b96-45c1-9d99-437e419e4ea1@group-7A44C2229B30: changes role from      null to FOLLOWER at term 0 for startAsFollower
2019-11-13 20:40:13,893 [pool-589-thread-1] INFO  impl.RoleInfo (RoleInfo.java:updateAndGet(143)) - 777bd53d-1b96-45c1-9d99-437e419e4ea1: start FollowerState
2019-11-13 20:40:13,894 [pool-589-thread-1] INFO  util.JmxRegister (JmxRegister.java:tryRegister(44)) - Successfully registered JMX Bean with object name Ratis:service=RaftServer,group=group-7A44C2229B30,id=777bd53d-1b96-45c1-9d99-437e419e4ea1
2019-11-13 20:40:13,894 [pool-589-thread-1] WARN  impl.MetricRegistriesImpl (MetricRegistriesImpl.java:lambda$create$1(61)) - First MetricRegistry has been created without registering reporters. You may need to call MetricRegistries.global().addReportRegistration(...) before.
2019-11-13 20:40:13,896 [RatisPipelineUtilsThread] INFO  pipeline.PipelineStateManager (PipelineStateManager.java:addPipeline(55)) - Created pipeline Pipeline[ Id: 96fa8199-9742-4e4e-bc8c-7a44c2229b30, Nodes: 777bd53d-1b96-45c1-9d99-437e419e4ea1{ip: 192.168.34.20, host: pr-hdds-2470-fxbl9-3826649461, networkLocation: /rack1, certSerialId: null}, Type:RATIS, Factor:ONE, State:ALLOCATED]
2019-11-13 20:40:13,896 [Thread-3954] INFO  pipeline.PipelineStateManager (PipelineStateManager.java:finalizePipeline(121)) - Pipeline Pipeline[ Id: fbcbfdcf-e4c6-444a-9ed4-2a560a9e987b, Nodes: 11bf945c-44a0-4fdd-85a2-60a349617ab7{ip: 192.168.34.20, host: pr-hdds-2470-fxbl9-3826649461, networkLocation: /rack1, certSerialId: null}, Type:RATIS, Factor:ONE, State:CLOSED] moved to CLOSED state
2019-11-13 20:40:13,899 [grpc-default-executor-0] INFO  impl.RaftServerProxy (RaftServerProxy.java:remove(95)) - 11bf945c-44a0-4fdd-85a2-60a349617ab7: remove    LEADER 11bf945c-44a0-4fdd-85a2-60a349617ab7@group-2A560A9E987B:t1, leader=11bf945c-44a0-4fdd-85a2-60a349617ab7, voted=11bf945c-44a0-4fdd-85a2-60a349617ab7, raftlog=11bf945c-44a0-4fdd-85a2-60a349617ab7@group-2A560A9E987B-SegmentedRaftLog:OPENED:c0,f0,i0, conf=0: [11bf945c-44a0-4fdd-85a2-60a349617ab7:192.168.34.20:36272], old=null RUNNING
2019-11-13 20:40:13,899 [grpc-default-executor-0] INFO  impl.RaftServerImpl (RaftServerImpl.java:lambda$shutdown$3(250)) - 11bf945c-44a0-4fdd-85a2-60a349617ab7@group-2A560A9E987B: shutdown
2019-11-13 20:40:13,899 [grpc-default-executor-0] INFO  util.JmxRegister (JmxRegister.java:unregister(73)) - Successfully un-registered JMX Bean with object name Ratis:service=RaftServer,group=group-2A560A9E987B,id=11bf945c-44a0-4fdd-85a2-60a349617ab7
2019-11-13 20:40:13,899 [grpc-default-executor-0] INFO  impl.RoleInfo (RoleInfo.java:shutdownLeaderState(104)) - 11bf945c-44a0-4fdd-85a2-60a349617ab7: shutdown LeaderState
2019-11-13 20:40:13,900 [grpc-default-executor-0] INFO  impl.PendingRequests (PendingRequests.java:sendNotLeaderResponses(206)) - 11bf945c-44a0-4fdd-85a2-60a349617ab7@group-2A560A9E987B-PendingRequests: sendNotLeaderResponses
2019-11-13 20:40:13,900 [grpc-default-executor-0] INFO  impl.StateMachineUpdater (StateMachineUpdater.java:stopAndJoin(136)) - 11bf945c-44a0-4fdd-85a2-60a349617ab7@group-2A560A9E987B-StateMachineUpdater: set stopIndex = 0
2019-11-13 20:40:13,900 [grpc-default-executor-0] INFO  impl.RaftServerImpl (ServerState.java:close(387)) - 11bf945c-44a0-4fdd-85a2-60a349617ab7@group-2A560A9E987B: closes. applyIndex: 0
2019-11-13 20:40:13,900 [11bf945c-44a0-4fdd-85a2-60a349617ab7@group-2A560A9E987B-SegmentedRaftLogWorker] INFO  segmented.SegmentedRaftLogWorker (SegmentedRaftLogWorker.java:run(316)) - 11bf945c-44a0-4fdd-85a2-60a349617ab7@group-2A560A9E987B-SegmentedRaftLogWorker was interrupted, exiting. There are 0 tasks remaining in the queue.
2019-11-13 20:40:13,901 [grpc-default-executor-0] INFO  segmented.SegmentedRaftLogWorker (SegmentedRaftLogWorker.java:close(224)) - 11bf945c-44a0-4fdd-85a2-60a349617ab7@group-2A560A9E987B-SegmentedRaftLogWorker close()
2019-11-13 20:40:13,905 [Thread-3954] INFO  pipeline.PipelineStateManager (PipelineStateManager.java:removePipeline(106)) - Pipeline Pipeline[ Id: fbcbfdcf-e4c6-444a-9ed4-2a560a9e987b, Nodes: 11bf945c-44a0-4fdd-85a2-60a349617ab7{ip: 192.168.34.20, host: pr-hdds-2470-fxbl9-3826649461, networkLocation: /rack1, certSerialId: null}, Type:RATIS, Factor:ONE, State:CLOSED] removed from db
2019-11-13 20:40:13,906 [Thread-3954] INFO  pipeline.SCMPipelineManager (SCMPipelineManager.java:finalizeAndDestroyPipeline(315)) - destroying pipeline:Pipeline[ Id: f1817d3d-ba30-4424-890f-3ea5d500ef6d, Nodes: e207fbae-fd28-42f6-9bb4-297c35844d9f{ip: 192.168.34.20, host: pr-hdds-2470-fxbl9-3826649461, networkLocation: /rack1, certSerialId: null}a35788b4-68d9-46fd-b847-60a9b7211510{ip: 192.168.34.20, host: pr-hdds-2470-fxbl9-3826649461, networkLocation: /rack1, certSerialId: null}11bf945c-44a0-4fdd-85a2-60a349617ab7{ip: 192.168.34.20, host: pr-hdds-2470-fxbl9-3826649461, networkLocation: /rack1, certSerialId: null}, Type:RATIS, Factor:THREE, State:OPEN]
2019-11-13 20:40:13,908 [grpc-default-executor-0] INFO  impl.RaftServerProxy (RaftServerProxy.java:addNew(89)) - 11bf945c-44a0-4fdd-85a2-60a349617ab7: addNew group-9B9325370298:[11bf945c-44a0-4fdd-85a2-60a349617ab7:192.168.34.20:36272] returns group-9B9325370298:java.util.concurrent.CompletableFuture@391be738[Not completed]
2019-11-13 20:40:13,909 [pool-579-thread-1] INFO  impl.RaftServerImpl (RaftServerImpl.java:<init>(98)) - 11bf945c-44a0-4fdd-85a2-60a349617ab7: new RaftServerImpl for group-9B9325370298:[11bf945c-44a0-4fdd-85a2-60a349617ab7:192.168.34.20:36272] with ContainerStateMachine:uninitialized
2019-11-13 20:40:13,909 [pool-579-thread-1] INFO  server.RaftServerConfigKeys (ConfUtils.java:logGet(43)) - raft.server.rpc.timeout.min = 1s (custom)
2019-11-13 20:40:13,909 [pool-579-thread-1] INFO  server.RaftServerConfigKeys (ConfUtils.java:logGet(43)) - raft.server.rpc.timeout.max = 1200ms (custom)
2019-11-13 20:40:13,909 [pool-579-thread-1] INFO  server.RaftServerConfigKeys (ConfUtils.java:logGet(43)) - raft.server.rpcslowness.timeout = 120s (custom)
2019-11-13 20:40:13,909 [pool-579-thread-1] INFO  server.RaftServerConfigKeys (ConfUtils.java:logGet(43)) - raft.server.sleep.deviation.threshold = 300 (default)
2019-11-13 20:40:13,909 [pool-579-thread-1] INFO  server.RaftServerConfigKeys (ConfUtils.java:logGet(43)) - raft.server.log.appender.install.snapshot.enabled = false (custom)
2019-11-13 20:40:13,909 [pool-579-thread-1] INFO  impl.RaftServerImpl (ServerState.java:<init>(103)) - 11bf945c-44a0-4fdd-85a2-60a349617ab7@group-9B9325370298: ConfigurationManager, init=-1: [11bf945c-44a0-4fdd-85a2-60a349617ab7:192.168.34.20:36272], old=null, confs=<EMPTY_MAP>
2019-11-13 20:40:13,909 [pool-579-thread-1] INFO  server.RaftServerConfigKeys (ConfUtils.java:logGet(43)) - raft.server.storage.dir = [/workdir/hadoop-ozone/integration-test/target/test-dir/MiniOzoneClusterImpl-23a5d35f-12cc-4157-b83c-481d86791456/datanode-7/data/ratis] (custom)
2019-11-13 20:40:13,910 [pool-579-thread-1] INFO  server.RaftServerConfigKeys (ConfUtils.java:logGet(43)) - raft.server.log.corruption.policy = EXCEPTION (default)
2019-11-13 20:40:13,910 [pool-579-thread-1] INFO  storage.RaftStorageDirectory (RaftStorageDirectory.java:analyzeStorage(246)) - The storage directory /workdir/hadoop-ozone/integration-test/target/test-dir/MiniOzoneClusterImpl-23a5d35f-12cc-4157-b83c-481d86791456/datanode-7/data/ratis/13a87628-fc3b-4110-86e4-9b9325370298 does not exist. Creating ...
2019-11-13 20:40:13,915 [pool-579-thread-1] INFO  storage.RaftStorageDirectory (RaftStorageDirectory.java:tryLock(328)) - Lock on /workdir/hadoop-ozone/integration-test/target/test-dir/MiniOzoneClusterImpl-23a5d35f-12cc-4157-b83c-481d86791456/datanode-7/data/ratis/13a87628-fc3b-4110-86e4-9b9325370298/in_use.lock acquired by nodename 4541@pr-hdds-2470-fxbl9-3826649461
2019-11-13 20:40:13,928 [pool-579-thread-1] INFO  storage.RaftStorage (RaftStorage.java:format(84)) - Storage directory /workdir/hadoop-ozone/integration-test/target/test-dir/MiniOzoneClusterImpl-23a5d35f-12cc-4157-b83c-481d86791456/datanode-7/data/ratis/13a87628-fc3b-4110-86e4-9b9325370298 has been successfully formatted.
2019-11-13 20:40:13,928 [pool-579-thread-1] INFO  ratis.ContainerStateMachine (ContainerStateMachine.java:loadSnapshot(223)) - group-9B9325370298: The snapshot info is null. Setting the last applied indexto:(t:0, i:~)
2019-11-13 20:40:13,928 [pool-579-thread-1] INFO  server.RaftServerConfigKeys (ConfUtils.java:logGet(43)) - raft.server.notification.no-leader.timeout = 120s (custom)
2019-11-13 20:40:13,928 [pool-579-thread-1] INFO  server.RaftServerConfigKeys (ConfUtils.java:logGet(43)) - raft.server.log.use.memory = false (default)
2019-11-13 20:40:13,928 [pool-579-thread-1] INFO  server.RaftServerConfigKeys (ConfUtils.java:logGet(43)) - raft.server.log.purge.gap = 1000000 (custom)
2019-11-13 20:40:13,928 [pool-579-thread-1] INFO  server.RaftServerConfigKeys (ConfUtils.java:logGet(43)) - raft.server.log.appender.buffer.byte-limit = 33554432 (custom)
2019-11-13 20:40:13,928 [pool-579-thread-1] INFO  server.RaftServerConfigKeys (ConfUtils.java:logGet(43)) - raft.server.log.segment.size.max = 1048576 (custom)
2019-11-13 20:40:13,928 [pool-579-thread-1] INFO  server.RaftServerConfigKeys (ConfUtils.java:logGet(43)) - raft.server.log.segment.cache.num.max = 2 (custom)
2019-11-13 20:40:13,928 [pool-579-thread-1] INFO  segmented.SegmentedRaftLogWorker (SegmentedRaftLogWorker.java:<init>(173)) - new 11bf945c-44a0-4fdd-85a2-60a349617ab7@group-9B9325370298-SegmentedRaftLogWorker for RaftStorage:Storage Directory /workdir/hadoop-ozone/integration-test/target/test-dir/MiniOzoneClusterImpl-23a5d35f-12cc-4157-b83c-481d86791456/datanode-7/data/ratis/13a87628-fc3b-4110-86e4-9b9325370298
2019-11-13 20:40:13,929 [pool-579-thread-1] INFO  server.RaftServerConfigKeys (ConfUtils.java:logGet(43)) - raft.server.log.queue.byte-limit = 2147483647 (custom)
2019-11-13 20:40:13,929 [pool-579-thread-1] INFO  server.RaftServerConfigKeys (ConfUtils.java:logGet(43)) - raft.server.log.queue.element-limit = 1024 (custom)
2019-11-13 20:40:13,929 [pool-579-thread-1] INFO  server.RaftServerConfigKeys (ConfUtils.java:logGet(43)) - raft.server.log.segment.size.max = 1048576 (custom)
2019-11-13 20:40:13,929 [pool-579-thread-1] INFO  server.RaftServerConfigKeys (ConfUtils.java:logGet(43)) - raft.server.log.preallocated.size = 16384 (custom)
2019-11-13 20:40:13,929 [pool-579-thread-1] INFO  server.RaftServerConfigKeys (ConfUtils.java:logGet(43)) - raft.server.log.write.buffer.size = 33554432 (custom)
2019-11-13 20:40:13,929 [pool-579-thread-1] INFO  server.RaftServerConfigKeys (ConfUtils.java:logGet(43)) - raft.server.log.force.sync.num = 128 (default)
2019-11-13 20:40:13,929 [pool-579-thread-1] INFO  server.RaftServerConfigKeys (ConfUtils.java:logGet(43)) - raft.server.log.statemachine.data.sync = true (default)
2019-11-13 20:40:13,929 [pool-579-thread-1] INFO  server.RaftServerConfigKeys (ConfUtils.java:logGet(43)) - raft.server.log.statemachine.data.sync.timeout = 10s (default)
2019-11-13 20:40:13,929 [pool-579-thread-1] INFO  server.RaftServerConfigKeys (ConfUtils.java:logGet(43)) - raft.server.log.statemachine.data.sync.timeout.retry = -1 (default)
2019-11-13 20:40:13,929 [pool-579-thread-1] INFO  server.RaftServerConfigKeys (ConfUtils.java:logGet(43)) - raft.server.log.statemachine.data.caching.enabled = true (custom)
2019-11-13 20:40:13,929 [pool-579-thread-1] INFO  segmented.SegmentedRaftLogWorker (SegmentedRaftLogWorker.java:lambda$new$0(128)) - 11bf945c-44a0-4fdd-85a2-60a349617ab7@group-9B9325370298-SegmentedRaftLogWorker: flushIndex: setUnconditionally 0 -> -1
2019-11-13 20:40:13,930 [pool-579-thread-1] INFO  server.RaftServerConfigKeys (ConfUtils.java:logGet(43)) - raft.server.snapshot.auto.trigger.enabled = true (custom)
2019-11-13 20:40:13,930 [pool-579-thread-1] INFO  server.RaftServerConfigKeys (ConfUtils.java:logGet(43)) - raft.server.snapshot.auto.trigger.threshold = 10000 (custom)
2019-11-13 20:40:13,930 [pool-579-thread-1] INFO  server.RaftServerConfigKeys (ConfUtils.java:logGet(43)) - raft.server.snapshot.retention.file.num = 5 (custom)
2019-11-13 20:40:13,930 [pool-579-thread-1] INFO  server.RaftServerConfigKeys (ConfUtils.java:logGet(43)) - raft.server.retrycache.expirytime = 600000ms (custom)
2019-11-13 20:40:13,930 [pool-579-thread-1] WARN  impl.MetricRegistriesImpl (MetricRegistriesImpl.java:lambda$create$1(61)) - First MetricRegistry has been created without registering reporters. You may need to call MetricRegistries.global().addReportRegistration(...) before.
2019-11-13 20:40:13,930 [pool-579-thread-1] WARN  impl.MetricRegistriesImpl (MetricRegistriesImpl.java:lambda$create$1(61)) - First MetricRegistry has been created without registering reporters. You may need to call MetricRegistries.global().addReportRegistration(...) before.
2019-11-13 20:40:13,930 [pool-579-thread-1] INFO  impl.RaftServerImpl (RaftServerImpl.java:start(184)) - 11bf945c-44a0-4fdd-85a2-60a349617ab7@group-9B9325370298: start as a follower, conf=-1: [11bf945c-44a0-4fdd-85a2-60a349617ab7:192.168.34.20:36272], old=null
2019-11-13 20:40:13,930 [pool-579-thread-1] INFO  impl.RaftServerImpl (RaftServerImpl.java:setRole(173)) - 11bf945c-44a0-4fdd-85a2-60a349617ab7@group-9B9325370298: changes role from      null to FOLLOWER at term 0 for startAsFollower
2019-11-13 20:40:13,930 [pool-579-thread-1] INFO  impl.RoleInfo (RoleInfo.java:updateAndGet(143)) - 11bf945c-44a0-4fdd-85a2-60a349617ab7: start FollowerState
2019-11-13 20:40:13,931 [pool-579-thread-1] INFO  util.JmxRegister (JmxRegister.java:tryRegister(44)) - Successfully registered JMX Bean with object name Ratis:service=RaftServer,group=group-9B9325370298,id=11bf945c-44a0-4fdd-85a2-60a349617ab7
2019-11-13 20:40:13,931 [pool-579-thread-1] WARN  impl.MetricRegistriesImpl (MetricRegistriesImpl.java:lambda$create$1(61)) - First MetricRegistry has been created without registering reporters. You may need to call MetricRegistries.global().addReportRegistration(...) before.
2019-11-13 20:40:13,933 [RatisPipelineUtilsThread] INFO  pipeline.PipelineStateManager (PipelineStateManager.java:addPipeline(55)) - Created pipeline Pipeline[ Id: 13a87628-fc3b-4110-86e4-9b9325370298, Nodes: 11bf945c-44a0-4fdd-85a2-60a349617ab7{ip: 192.168.34.20, host: pr-hdds-2470-fxbl9-3826649461, networkLocation: /rack1, certSerialId: null}, Type:RATIS, Factor:ONE, State:ALLOCATED]
2019-11-13 20:40:13,934 [Thread-3954] INFO  pipeline.PipelineStateManager (PipelineStateManager.java:finalizePipeline(121)) - Pipeline Pipeline[ Id: f1817d3d-ba30-4424-890f-3ea5d500ef6d, Nodes: e207fbae-fd28-42f6-9bb4-297c35844d9f{ip: 192.168.34.20, host: pr-hdds-2470-fxbl9-3826649461, networkLocation: /rack1, certSerialId: null}a35788b4-68d9-46fd-b847-60a9b7211510{ip: 192.168.34.20, host: pr-hdds-2470-fxbl9-3826649461, networkLocation: /rack1, certSerialId: null}11bf945c-44a0-4fdd-85a2-60a349617ab7{ip: 192.168.34.20, host: pr-hdds-2470-fxbl9-3826649461, networkLocation: /rack1, certSerialId: null}, Type:RATIS, Factor:THREE, State:CLOSED] moved to CLOSED state
2019-11-13 20:40:13,934 [EventQueue-CloseContainerForCloseContainerEventHandler] INFO  container.CloseContainerEventHandler (CloseContainerEventHandler.java:onMessage(61)) - Close container Event triggered for container : #1
2019-11-13 20:40:13,936 [grpc-default-executor-0] INFO  impl.RaftServerProxy (RaftServerProxy.java:remove(95)) - e207fbae-fd28-42f6-9bb4-297c35844d9f: remove    LEADER e207fbae-fd28-42f6-9bb4-297c35844d9f@group-3EA5D500EF6D:t1, leader=e207fbae-fd28-42f6-9bb4-297c35844d9f, voted=e207fbae-fd28-42f6-9bb4-297c35844d9f, raftlog=e207fbae-fd28-42f6-9bb4-297c35844d9f@group-3EA5D500EF6D-SegmentedRaftLog:OPENED:c4,f4,i4, conf=0: [11bf945c-44a0-4fdd-85a2-60a349617ab7:192.168.34.20:36272, a35788b4-68d9-46fd-b847-60a9b7211510:192.168.34.20:39245, e207fbae-fd28-42f6-9bb4-297c35844d9f:192.168.34.20:33417], old=null RUNNING
2019-11-13 20:40:13,936 [grpc-default-executor-0] INFO  impl.RaftServerImpl (RaftServerImpl.java:lambda$shutdown$3(250)) - e207fbae-fd28-42f6-9bb4-297c35844d9f@group-3EA5D500EF6D: shutdown
2019-11-13 20:40:13,936 [grpc-default-executor-0] INFO  util.JmxRegister (JmxRegister.java:unregister(73)) - Successfully un-registered JMX Bean with object name Ratis:service=RaftServer,group=group-3EA5D500EF6D,id=e207fbae-fd28-42f6-9bb4-297c35844d9f
2019-11-13 20:40:13,937 [grpc-default-executor-0] INFO  impl.RoleInfo (RoleInfo.java:shutdownLeaderState(104)) - e207fbae-fd28-42f6-9bb4-297c35844d9f: shutdown LeaderState
2019-11-13 20:40:13,939 [org.apache.ratis.server.impl.LogAppender$AppenderDaemon$$Lambda$478/1368138073@3cdab680] WARN  server.GrpcLogAppender (GrpcLogAppender.java:mayWait(151)) - e207fbae-fd28-42f6-9bb4-297c35844d9f@group-3EA5D500EF6D->11bf945c-44a0-4fdd-85a2-60a349617ab7-GrpcLogAppender: Wait interrupted by java.lang.InterruptedException
2019-11-13 20:40:13,941 [org.apache.ratis.server.impl.LogAppender$AppenderDaemon$$Lambda$478/1368138073@79d82f7f] WARN  server.GrpcLogAppender (GrpcLogAppender.java:mayWait(151)) - e207fbae-fd28-42f6-9bb4-297c35844d9f@group-3EA5D500EF6D->a35788b4-68d9-46fd-b847-60a9b7211510-GrpcLogAppender: Wait interrupted by java.lang.InterruptedException
2019-11-13 20:40:13,941 [grpc-default-executor-0] INFO  impl.PendingRequests (PendingRequests.java:sendNotLeaderResponses(206)) - e207fbae-fd28-42f6-9bb4-297c35844d9f@group-3EA5D500EF6D-PendingRequests: sendNotLeaderResponses
2019-11-13 20:40:13,945 [grpc-default-executor-4] INFO  server.GrpcServerProtocolService (GrpcServerProtocolService.java:onCompleted(113)) - a35788b4-68d9-46fd-b847-60a9b7211510: Completed APPEND_ENTRIES, lastRequest: e207fbae-fd28-42f6-9bb4-297c35844d9f->a35788b4-68d9-46fd-b847-60a9b7211510#7-t1, previous=(t:1, i:3), leaderCommit=2, initializing? false, entries: size=1, first=(t:1, i:4), METADATAENTRY(c2)
2019-11-13 20:40:13,945 [e207fbae-fd28-42f6-9bb4-297c35844d9f@group-3EA5D500EF6D-StateMachineUpdater] INFO  ratis.ContainerStateMachine (ContainerStateMachine.java:takeSnapshot(285)) - group-3EA5D500EF6D: Taking a snapshot at:(t:1, i:4) file /workdir/hadoop-ozone/integration-test/target/test-dir/MiniOzoneClusterImpl-23a5d35f-12cc-4157-b83c-481d86791456/datanode-6/data/ratis/f1817d3d-ba30-4424-890f-3ea5d500ef6d/sm/snapshot.1_4
2019-11-13 20:40:13,945 [grpc-default-executor-2] INFO  server.GrpcServerProtocolService (GrpcServerProtocolService.java:onCompleted(113)) - 11bf945c-44a0-4fdd-85a2-60a349617ab7: Completed APPEND_ENTRIES, lastRequest: e207fbae-fd28-42f6-9bb4-297c35844d9f->11bf945c-44a0-4fdd-85a2-60a349617ab7#7-t1, previous=(t:1, i:3), leaderCommit=2, initializing? false, entries: size=1, first=(t:1, i:4), METADATAENTRY(c2)
2019-11-13 20:40:13,945 [grpc-default-executor-1] INFO  server.GrpcLogAppender (GrpcLogAppender.java:onCompleted(308)) - e207fbae-fd28-42f6-9bb4-297c35844d9f@group-3EA5D500EF6D->a35788b4-68d9-46fd-b847-60a9b7211510-AppendLogResponseHandler: follower responses appendEntries COMPLETED
2019-11-13 20:40:13,945 [grpc-default-executor-0] INFO  impl.StateMachineUpdater (StateMachineUpdater.java:stopAndJoin(136)) - e207fbae-fd28-42f6-9bb4-297c35844d9f@group-3EA5D500EF6D-StateMachineUpdater: set stopIndex = 4
2019-11-13 20:40:13,946 [grpc-default-executor-2] INFO  server.GrpcLogAppender (GrpcLogAppender.java:onCompleted(308)) - e207fbae-fd28-42f6-9bb4-297c35844d9f@group-3EA5D500EF6D->11bf945c-44a0-4fdd-85a2-60a349617ab7-AppendLogResponseHandler: follower responses appendEntries COMPLETED
2019-11-13 20:40:13,946 [grpc-default-executor-1] INFO  impl.FollowerInfo (FollowerInfo.java:lambda$new$0(51)) - e207fbae-fd28-42f6-9bb4-297c35844d9f@group-3EA5D500EF6D->a35788b4-68d9-46fd-b847-60a9b7211510: nextIndex: updateUnconditionally 5 -> 4
2019-11-13 20:40:13,946 [grpc-default-executor-2] INFO  impl.FollowerInfo (FollowerInfo.java:lambda$new$0(51)) - e207fbae-fd28-42f6-9bb4-297c35844d9f@group-3EA5D500EF6D->11bf945c-44a0-4fdd-85a2-60a349617ab7: nextIndex: updateUnconditionally 5 -> 4
2019-11-13 20:40:13,952 [e207fbae-fd28-42f6-9bb4-297c35844d9f@group-3EA5D500EF6D-StateMachineUpdater] INFO  ratis.ContainerStateMachine (ContainerStateMachine.java:takeSnapshot(296)) - group-3EA5D500EF6D: Finished taking a snapshot at:(t:1, i:4) file:/workdir/hadoop-ozone/integration-test/target/test-dir/MiniOzoneClusterImpl-23a5d35f-12cc-4157-b83c-481d86791456/datanode-6/data/ratis/f1817d3d-ba30-4424-890f-3ea5d500ef6d/sm/snapshot.1_4 time:6
2019-11-13 20:40:13,952 [e207fbae-fd28-42f6-9bb4-297c35844d9f@group-3EA5D500EF6D-StateMachineUpdater] INFO  impl.StateMachineUpdater (StateMachineUpdater.java:takeSnapshot(269)) - e207fbae-fd28-42f6-9bb4-297c35844d9f@group-3EA5D500EF6D-StateMachineUpdater: Took a snapshot at index 4
2019-11-13 20:40:13,952 [e207fbae-fd28-42f6-9bb4-297c35844d9f@group-3EA5D500EF6D-StateMachineUpdater] INFO  impl.StateMachineUpdater (StateMachineUpdater.java:lambda$new$0(84)) - e207fbae-fd28-42f6-9bb4-297c35844d9f@group-3EA5D500EF6D-StateMachineUpdater: snapshotIndex: updateIncreasingly -1 -> 4
2019-11-13 20:40:13,952 [grpc-default-executor-0] INFO  impl.RaftServerImpl (ServerState.java:close(387)) - e207fbae-fd28-42f6-9bb4-297c35844d9f@group-3EA5D500EF6D: closes. applyIndex: 4
2019-11-13 20:40:13,952 [e207fbae-fd28-42f6-9bb4-297c35844d9f@group-3EA5D500EF6D-SegmentedRaftLogWorker] INFO  segmented.SegmentedRaftLogWorker (SegmentedRaftLogWorker.java:run(316)) - e207fbae-fd28-42f6-9bb4-297c35844d9f@group-3EA5D500EF6D-SegmentedRaftLogWorker was interrupted, exiting. There are 0 tasks remaining in the queue.
2019-11-13 20:40:13,953 [grpc-default-executor-0] INFO  segmented.SegmentedRaftLogWorker (SegmentedRaftLogWorker.java:close(224)) - e207fbae-fd28-42f6-9bb4-297c35844d9f@group-3EA5D500EF6D-SegmentedRaftLogWorker close()
2019-11-13 20:40:13,965 [Datanode State Machine Thread - 0] INFO  statemachine.DatanodeStateMachine (DatanodeStateMachine.java:lambda$startDaemon$0(350)) - Ozone container server started.
2019-11-13 20:40:13,974 [grpc-default-executor-0] INFO  interfaces.Container (KeyValueContainer.java:flushAndSyncDB(400)) - Container 1 is synced with bcsId 2.
2019-11-13 20:40:13,974 [grpc-default-executor-0] INFO  interfaces.Container (KeyValueContainer.java:flushAndSyncDB(400)) - Container 1 is synced with bcsId 2.
2019-11-13 20:40:13,987 [grpc-default-executor-0] INFO  impl.RaftServerProxy (RaftServerProxy.java:remove(95)) - a35788b4-68d9-46fd-b847-60a9b7211510: remove  FOLLOWER a35788b4-68d9-46fd-b847-60a9b7211510@group-3EA5D500EF6D:t1, leader=e207fbae-fd28-42f6-9bb4-297c35844d9f, voted=e207fbae-fd28-42f6-9bb4-297c35844d9f, raftlog=a35788b4-68d9-46fd-b847-60a9b7211510@group-3EA5D500EF6D-SegmentedRaftLog:OPENED:c2,f4,i4, conf=0: [11bf945c-44a0-4fdd-85a2-60a349617ab7:192.168.34.20:36272, a35788b4-68d9-46fd-b847-60a9b7211510:192.168.34.20:39245, e207fbae-fd28-42f6-9bb4-297c35844d9f:192.168.34.20:33417], old=null RUNNING
2019-11-13 20:40:13,987 [grpc-default-executor-0] INFO  impl.RaftServerImpl (RaftServerImpl.java:lambda$shutdown$3(250)) - a35788b4-68d9-46fd-b847-60a9b7211510@group-3EA5D500EF6D: shutdown
2019-11-13 20:40:13,987 [grpc-default-executor-0] INFO  util.JmxRegister (JmxRegister.java:unregister(73)) - Successfully un-registered JMX Bean with object name Ratis:service=RaftServer,group=group-3EA5D500EF6D,id=a35788b4-68d9-46fd-b847-60a9b7211510
2019-11-13 20:40:13,988 [grpc-default-executor-0] INFO  impl.RoleInfo (RoleInfo.java:shutdownFollowerState(121)) - a35788b4-68d9-46fd-b847-60a9b7211510: shutdown FollowerState
2019-11-13 20:40:13,988 [grpc-default-executor-0] INFO  impl.StateMachineUpdater (StateMachineUpdater.java:stopAndJoin(136)) - a35788b4-68d9-46fd-b847-60a9b7211510@group-3EA5D500EF6D-StateMachineUpdater: set stopIndex = 2
2019-11-13 20:40:13,988 [a35788b4-68d9-46fd-b847-60a9b7211510@group-3EA5D500EF6D-StateMachineUpdater] INFO  ratis.ContainerStateMachine (ContainerStateMachine.java:takeSnapshot(285)) - group-3EA5D500EF6D: Taking a snapshot at:(t:1, i:2) file /workdir/hadoop-ozone/integration-test/target/test-dir/MiniOzoneClusterImpl-23a5d35f-12cc-4157-b83c-481d86791456/datanode-9/data/ratis/f1817d3d-ba30-4424-890f-3ea5d500ef6d/sm/snapshot.1_2
2019-11-13 20:40:13,988 [Thread-4067] INFO  impl.FollowerState (FollowerState.java:run(120)) - a35788b4-68d9-46fd-b847-60a9b7211510@group-3EA5D500EF6D-FollowerState was interrupted: java.lang.InterruptedException: sleep interrupted
2019-11-13 20:40:13,994 [a35788b4-68d9-46fd-b847-60a9b7211510@group-3EA5D500EF6D-StateMachineUpdater] INFO  ratis.ContainerStateMachine (ContainerStateMachine.java:takeSnapshot(296)) - group-3EA5D500EF6D: Finished taking a snapshot at:(t:1, i:2) file:/workdir/hadoop-ozone/integration-test/target/test-dir/MiniOzoneClusterImpl-23a5d35f-12cc-4157-b83c-481d86791456/datanode-9/data/ratis/f1817d3d-ba30-4424-890f-3ea5d500ef6d/sm/snapshot.1_2 time:7
2019-11-13 20:40:13,994 [a35788b4-68d9-46fd-b847-60a9b7211510@group-3EA5D500EF6D-StateMachineUpdater] INFO  impl.StateMachineUpdater (StateMachineUpdater.java:takeSnapshot(269)) - a35788b4-68d9-46fd-b847-60a9b7211510@group-3EA5D500EF6D-StateMachineUpdater: Took a snapshot at index 2
2019-11-13 20:40:13,995 [a35788b4-68d9-46fd-b847-60a9b7211510@group-3EA5D500EF6D-StateMachineUpdater] INFO  impl.StateMachineUpdater (StateMachineUpdater.java:lambda$new$0(84)) - a35788b4-68d9-46fd-b847-60a9b7211510@group-3EA5D500EF6D-StateMachineUpdater: snapshotIndex: updateIncreasingly -1 -> 2
2019-11-13 20:40:13,995 [grpc-default-executor-0] INFO  impl.RaftServerImpl (ServerState.java:close(387)) - a35788b4-68d9-46fd-b847-60a9b7211510@group-3EA5D500EF6D: closes. applyIndex: 2
2019-11-13 20:40:13,995 [a35788b4-68d9-46fd-b847-60a9b7211510@group-3EA5D500EF6D-SegmentedRaftLogWorker] INFO  segmented.SegmentedRaftLogWorker (SegmentedRaftLogWorker.java:run(316)) - a35788b4-68d9-46fd-b847-60a9b7211510@group-3EA5D500EF6D-SegmentedRaftLogWorker was interrupted, exiting. There are 0 tasks remaining in the queue.
2019-11-13 20:40:13,995 [grpc-default-executor-0] INFO  segmented.SegmentedRaftLogWorker (SegmentedRaftLogWorker.java:close(224)) - a35788b4-68d9-46fd-b847-60a9b7211510@group-3EA5D500EF6D-SegmentedRaftLogWorker close()
2019-11-13 20:40:14,039 [grpc-default-executor-0] INFO  interfaces.Container (KeyValueContainer.java:flushAndSyncDB(400)) - Container 1 is synced with bcsId 2.
2019-11-13 20:40:14,039 [grpc-default-executor-0] INFO  interfaces.Container (KeyValueContainer.java:flushAndSyncDB(400)) - Container 1 is synced with bcsId 2.
2019-11-13 20:40:14,050 [EventQueue-IncrementalContainerReportForIncrementalContainerReportHandler] INFO  container.IncrementalContainerReportHandler (AbstractContainerReportHandler.java:updateContainerState(171)) - Moving container #1 to QUASI_CLOSED state, datanode a35788b4-68d9-46fd-b847-60a9b7211510{ip: 192.168.34.20, host: pr-hdds-2470-fxbl9-3826649461, networkLocation: /rack1, certSerialId: null} reported QUASI_CLOSED replica.
2019-11-13 20:40:14,054 [grpc-default-executor-0] INFO  impl.RaftServerProxy (RaftServerProxy.java:remove(95)) - 11bf945c-44a0-4fdd-85a2-60a349617ab7: remove  FOLLOWER 11bf945c-44a0-4fdd-85a2-60a349617ab7@group-3EA5D500EF6D:t1, leader=e207fbae-fd28-42f6-9bb4-297c35844d9f, voted=11bf945c-44a0-4fdd-85a2-60a349617ab7, raftlog=11bf945c-44a0-4fdd-85a2-60a349617ab7@group-3EA5D500EF6D-SegmentedRaftLog:OPENED:c2,f4,i4, conf=0: [11bf945c-44a0-4fdd-85a2-60a349617ab7:192.168.34.20:36272, a35788b4-68d9-46fd-b847-60a9b7211510:192.168.34.20:39245, e207fbae-fd28-42f6-9bb4-297c35844d9f:192.168.34.20:33417], old=null RUNNING
2019-11-13 20:40:14,054 [grpc-default-executor-0] INFO  impl.RaftServerImpl (RaftServerImpl.java:lambda$shutdown$3(250)) - 11bf945c-44a0-4fdd-85a2-60a349617ab7@group-3EA5D500EF6D: shutdown
2019-11-13 20:40:14,054 [grpc-default-executor-0] INFO  util.JmxRegister (JmxRegister.java:unregister(73)) - Successfully un-registered JMX Bean with object name Ratis:service=RaftServer,group=group-3EA5D500EF6D,id=11bf945c-44a0-4fdd-85a2-60a349617ab7
2019-11-13 20:40:14,054 [grpc-default-executor-0] INFO  impl.RoleInfo (RoleInfo.java:shutdownFollowerState(121)) - 11bf945c-44a0-4fdd-85a2-60a349617ab7: shutdown FollowerState
2019-11-13 20:40:14,054 [grpc-default-executor-0] INFO  impl.StateMachineUpdater (StateMachineUpdater.java:stopAndJoin(136)) - 11bf945c-44a0-4fdd-85a2-60a349617ab7@group-3EA5D500EF6D-StateMachineUpdater: set stopIndex = 2
2019-11-13 20:40:14,054 [11bf945c-44a0-4fdd-85a2-60a349617ab7@group-3EA5D500EF6D-StateMachineUpdater] INFO  ratis.ContainerStateMachine (ContainerStateMachine.java:takeSnapshot(285)) - group-3EA5D500EF6D: Taking a snapshot at:(t:1, i:2) file /workdir/hadoop-ozone/integration-test/target/test-dir/MiniOzoneClusterImpl-23a5d35f-12cc-4157-b83c-481d86791456/datanode-7/data/ratis/f1817d3d-ba30-4424-890f-3ea5d500ef6d/sm/snapshot.1_2
2019-11-13 20:40:14,054 [Thread-4073] INFO  impl.FollowerState (FollowerState.java:run(120)) - 11bf945c-44a0-4fdd-85a2-60a349617ab7@group-3EA5D500EF6D-FollowerState was interrupted: java.lang.InterruptedException: sleep interrupted
2019-11-13 20:40:14,069 [11bf945c-44a0-4fdd-85a2-60a349617ab7@group-3EA5D500EF6D-StateMachineUpdater] INFO  ratis.ContainerStateMachine (ContainerStateMachine.java:takeSnapshot(296)) - group-3EA5D500EF6D: Finished taking a snapshot at:(t:1, i:2) file:/workdir/hadoop-ozone/integration-test/target/test-dir/MiniOzoneClusterImpl-23a5d35f-12cc-4157-b83c-481d86791456/datanode-7/data/ratis/f1817d3d-ba30-4424-890f-3ea5d500ef6d/sm/snapshot.1_2 time:14
2019-11-13 20:40:14,069 [11bf945c-44a0-4fdd-85a2-60a349617ab7@group-3EA5D500EF6D-StateMachineUpdater] INFO  impl.StateMachineUpdater (StateMachineUpdater.java:takeSnapshot(269)) - 11bf945c-44a0-4fdd-85a2-60a349617ab7@group-3EA5D500EF6D-StateMachineUpdater: Took a snapshot at index 2
2019-11-13 20:40:14,069 [11bf945c-44a0-4fdd-85a2-60a349617ab7@group-3EA5D500EF6D-StateMachineUpdater] INFO  impl.StateMachineUpdater (StateMachineUpdater.java:lambda$new$0(84)) - 11bf945c-44a0-4fdd-85a2-60a349617ab7@group-3EA5D500EF6D-StateMachineUpdater: snapshotIndex: updateIncreasingly -1 -> 2
2019-11-13 20:40:14,069 [grpc-default-executor-0] INFO  impl.RaftServerImpl (ServerState.java:close(387)) - 11bf945c-44a0-4fdd-85a2-60a349617ab7@group-3EA5D500EF6D: closes. applyIndex: 2
2019-11-13 20:40:14,069 [11bf945c-44a0-4fdd-85a2-60a349617ab7@group-3EA5D500EF6D-SegmentedRaftLogWorker] INFO  segmented.SegmentedRaftLogWorker (SegmentedRaftLogWorker.java:run(316)) - 11bf945c-44a0-4fdd-85a2-60a349617ab7@group-3EA5D500EF6D-SegmentedRaftLogWorker was interrupted, exiting. There are 0 tasks remaining in the queue.
2019-11-13 20:40:14,070 [grpc-default-executor-0] INFO  segmented.SegmentedRaftLogWorker (SegmentedRaftLogWorker.java:close(224)) - 11bf945c-44a0-4fdd-85a2-60a349617ab7@group-3EA5D500EF6D-SegmentedRaftLogWorker close()
2019-11-13 20:40:14,086 [grpc-default-executor-0] INFO  interfaces.Container (KeyValueContainer.java:flushAndSyncDB(400)) - Container 1 is synced with bcsId 2.
2019-11-13 20:40:14,086 [grpc-default-executor-0] INFO  interfaces.Container (KeyValueContainer.java:flushAndSyncDB(400)) - Container 1 is synced with bcsId 2.
2019-11-13 20:40:14,095 [Thread-3954] INFO  pipeline.PipelineStateManager (PipelineStateManager.java:removePipeline(106)) - Pipeline Pipeline[ Id: f1817d3d-ba30-4424-890f-3ea5d500ef6d, Nodes: e207fbae-fd28-42f6-9bb4-297c35844d9f{ip: 192.168.34.20, host: pr-hdds-2470-fxbl9-3826649461, networkLocation: /rack1, certSerialId: null}a35788b4-68d9-46fd-b847-60a9b7211510{ip: 192.168.34.20, host: pr-hdds-2470-fxbl9-3826649461, networkLocation: /rack1, certSerialId: null}11bf945c-44a0-4fdd-85a2-60a349617ab7{ip: 192.168.34.20, host: pr-hdds-2470-fxbl9-3826649461, networkLocation: /rack1, certSerialId: null}, Type:RATIS, Factor:THREE, State:CLOSED] removed from db
2019-11-13 20:40:14,096 [Thread-3954] INFO  pipeline.SCMPipelineManager (SCMPipelineManager.java:finalizeAndDestroyPipeline(315)) - destroying pipeline:Pipeline[ Id: 577da6db-8b4f-4c97-a681-e05d287ff04c, Nodes: 2929643e-7442-4794-a56e-1c38ca296261{ip: 192.168.34.20, host: pr-hdds-2470-fxbl9-3826649461, networkLocation: /rack1, certSerialId: null}, Type:RATIS, Factor:ONE, State:OPEN]
2019-11-13 20:40:14,101 [grpc-default-executor-0] INFO  impl.RaftServerProxy (RaftServerProxy.java:addNew(89)) - e207fbae-fd28-42f6-9bb4-297c35844d9f: addNew group-B74ABADDE9AD:[11bf945c-44a0-4fdd-85a2-60a349617ab7:192.168.34.20:36272, a35788b4-68d9-46fd-b847-60a9b7211510:192.168.34.20:39245, e207fbae-fd28-42f6-9bb4-297c35844d9f:192.168.34.20:33417] returns group-B74ABADDE9AD:java.util.concurrent.CompletableFuture@612d17f2[Not completed]
2019-11-13 20:40:14,101 [grpc-default-executor-1] INFO  impl.RaftServerProxy (RaftServerProxy.java:addNew(89)) - a35788b4-68d9-46fd-b847-60a9b7211510: addNew group-B74ABADDE9AD:[11bf945c-44a0-4fdd-85a2-60a349617ab7:192.168.34.20:36272, a35788b4-68d9-46fd-b847-60a9b7211510:192.168.34.20:39245, e207fbae-fd28-42f6-9bb4-297c35844d9f:192.168.34.20:33417] returns group-B74ABADDE9AD:java.util.concurrent.CompletableFuture@2a6a9570[Not completed]
2019-11-13 20:40:14,101 [grpc-default-executor-2] INFO  impl.RaftServerProxy (RaftServerProxy.java:addNew(89)) - 11bf945c-44a0-4fdd-85a2-60a349617ab7: addNew group-B74ABADDE9AD:[11bf945c-44a0-4fdd-85a2-60a349617ab7:192.168.34.20:36272, a35788b4-68d9-46fd-b847-60a9b7211510:192.168.34.20:39245, e207fbae-fd28-42f6-9bb4-297c35844d9f:192.168.34.20:33417] returns group-B74ABADDE9AD:java.util.concurrent.CompletableFuture@52f9b84[Not completed]
2019-11-13 20:40:14,103 [pool-569-thread-1] INFO  impl.RaftServerImpl (RaftServerImpl.java:<init>(98)) - e207fbae-fd28-42f6-9bb4-297c35844d9f: new RaftServerImpl for group-B74ABADDE9AD:[11bf945c-44a0-4fdd-85a2-60a349617ab7:192.168.34.20:36272, a35788b4-68d9-46fd-b847-60a9b7211510:192.168.34.20:39245, e207fbae-fd28-42f6-9bb4-297c35844d9f:192.168.34.20:33417] with ContainerStateMachine:uninitialized
2019-11-13 20:40:14,103 [pool-569-thread-1] INFO  server.RaftServerConfigKeys (ConfUtils.java:logGet(43)) - raft.server.rpc.timeout.min = 1s (custom)
2019-11-13 20:40:14,103 [pool-569-thread-1] INFO  server.RaftServerConfigKeys (ConfUtils.java:logGet(43)) - raft.server.rpc.timeout.max = 1200ms (custom)
2019-11-13 20:40:14,103 [pool-569-thread-1] INFO  server.RaftServerConfigKeys (ConfUtils.java:logGet(43)) - raft.server.rpcslowness.timeout = 120s (custom)
2019-11-13 20:40:14,103 [pool-569-thread-1] INFO  server.RaftServerConfigKeys (ConfUtils.java:logGet(43)) - raft.server.sleep.deviation.threshold = 300 (default)
2019-11-13 20:40:14,103 [pool-569-thread-1] INFO  server.RaftServerConfigKeys (ConfUtils.java:logGet(43)) - raft.server.log.appender.install.snapshot.enabled = false (custom)
2019-11-13 20:40:14,103 [pool-599-thread-1] INFO  impl.RaftServerImpl (RaftServerImpl.java:<init>(98)) - a35788b4-68d9-46fd-b847-60a9b7211510: new RaftServerImpl for group-B74ABADDE9AD:[11bf945c-44a0-4fdd-85a2-60a349617ab7:192.168.34.20:36272, a35788b4-68d9-46fd-b847-60a9b7211510:192.168.34.20:39245, e207fbae-fd28-42f6-9bb4-297c35844d9f:192.168.34.20:33417] with ContainerStateMachine:uninitialized
2019-11-13 20:40:14,103 [pool-569-thread-1] INFO  impl.RaftServerImpl (ServerState.java:<init>(103)) - e207fbae-fd28-42f6-9bb4-297c35844d9f@group-B74ABADDE9AD: ConfigurationManager, init=-1: [11bf945c-44a0-4fdd-85a2-60a349617ab7:192.168.34.20:36272, a35788b4-68d9-46fd-b847-60a9b7211510:192.168.34.20:39245, e207fbae-fd28-42f6-9bb4-297c35844d9f:192.168.34.20:33417], old=null, confs=<EMPTY_MAP>
2019-11-13 20:40:14,103 [pool-599-thread-1] INFO  server.RaftServerConfigKeys (ConfUtils.java:logGet(43)) - raft.server.rpc.timeout.min = 1s (custom)
2019-11-13 20:40:14,104 [pool-569-thread-1] INFO  server.RaftServerConfigKeys (ConfUtils.java:logGet(43)) - raft.server.storage.dir = [/workdir/hadoop-ozone/integration-test/target/test-dir/MiniOzoneClusterImpl-23a5d35f-12cc-4157-b83c-481d86791456/datanode-6/data/ratis] (custom)
2019-11-13 20:40:14,104 [pool-599-thread-1] INFO  server.RaftServerConfigKeys (ConfUtils.java:logGet(43)) - raft.server.rpc.timeout.max = 1200ms (custom)
2019-11-13 20:40:14,104 [pool-579-thread-1] INFO  impl.RaftServerImpl (RaftServerImpl.java:<init>(98)) - 11bf945c-44a0-4fdd-85a2-60a349617ab7: new RaftServerImpl for group-B74ABADDE9AD:[11bf945c-44a0-4fdd-85a2-60a349617ab7:192.168.34.20:36272, a35788b4-68d9-46fd-b847-60a9b7211510:192.168.34.20:39245, e207fbae-fd28-42f6-9bb4-297c35844d9f:192.168.34.20:33417] with ContainerStateMachine:uninitialized
2019-11-13 20:40:14,104 [pool-599-thread-1] INFO  server.RaftServerConfigKeys (ConfUtils.java:logGet(43)) - raft.server.rpcslowness.timeout = 120s (custom)
2019-11-13 20:40:14,104 [pool-569-thread-1] INFO  server.RaftServerConfigKeys (ConfUtils.java:logGet(43)) - raft.server.log.corruption.policy = EXCEPTION (default)
2019-11-13 20:40:14,104 [pool-579-thread-1] INFO  server.RaftServerConfigKeys (ConfUtils.java:logGet(43)) - raft.server.rpc.timeout.min = 1s (custom)
2019-11-13 20:40:14,104 [pool-599-thread-1] INFO  server.RaftServerConfigKeys (ConfUtils.java:logGet(43)) - raft.server.sleep.deviation.threshold = 300 (default)
2019-11-13 20:40:14,104 [pool-569-thread-1] INFO  storage.RaftStorageDirectory (RaftStorageDirectory.java:analyzeStorage(246)) - The storage directory /workdir/hadoop-ozone/integration-test/target/test-dir/MiniOzoneClusterImpl-23a5d35f-12cc-4157-b83c-481d86791456/datanode-6/data/ratis/821aa06f-d437-4bf7-8c37-b74abadde9ad does not exist. Creating ...
2019-11-13 20:40:14,104 [pool-579-thread-1] INFO  server.RaftServerConfigKeys (ConfUtils.java:logGet(43)) - raft.server.rpc.timeout.max = 1200ms (custom)
2019-11-13 20:40:14,104 [pool-599-thread-1] INFO  server.RaftServerConfigKeys (ConfUtils.java:logGet(43)) - raft.server.log.appender.install.snapshot.enabled = false (custom)
2019-11-13 20:40:14,104 [pool-579-thread-1] INFO  server.RaftServerConfigKeys (ConfUtils.java:logGet(43)) - raft.server.rpcslowness.timeout = 120s (custom)
2019-11-13 20:40:14,104 [pool-599-thread-1] INFO  impl.RaftServerImpl (ServerState.java:<init>(103)) - a35788b4-68d9-46fd-b847-60a9b7211510@group-B74ABADDE9AD: ConfigurationManager, init=-1: [11bf945c-44a0-4fdd-85a2-60a349617ab7:192.168.34.20:36272, a35788b4-68d9-46fd-b847-60a9b7211510:192.168.34.20:39245, e207fbae-fd28-42f6-9bb4-297c35844d9f:192.168.34.20:33417], old=null, confs=<EMPTY_MAP>
2019-11-13 20:40:14,104 [pool-579-thread-1] INFO  server.RaftServerConfigKeys (ConfUtils.java:logGet(43)) - raft.server.sleep.deviation.threshold = 300 (default)
2019-11-13 20:40:14,105 [pool-599-thread-1] INFO  server.RaftServerConfigKeys (ConfUtils.java:logGet(43)) - raft.server.storage.dir = [/workdir/hadoop-ozone/integration-test/target/test-dir/MiniOzoneClusterImpl-23a5d35f-12cc-4157-b83c-481d86791456/datanode-9/data/ratis] (custom)
2019-11-13 20:40:14,105 [pool-579-thread-1] INFO  server.RaftServerConfigKeys (ConfUtils.java:logGet(43)) - raft.server.log.appender.install.snapshot.enabled = false (custom)
2019-11-13 20:40:14,105 [pool-579-thread-1] INFO  impl.RaftServerImpl (ServerState.java:<init>(103)) - 11bf945c-44a0-4fdd-85a2-60a349617ab7@group-B74ABADDE9AD: ConfigurationManager, init=-1: [11bf945c-44a0-4fdd-85a2-60a349617ab7:192.168.34.20:36272, a35788b4-68d9-46fd-b847-60a9b7211510:192.168.34.20:39245, e207fbae-fd28-42f6-9bb4-297c35844d9f:192.168.34.20:33417], old=null, confs=<EMPTY_MAP>
2019-11-13 20:40:14,105 [pool-599-thread-1] INFO  server.RaftServerConfigKeys (ConfUtils.java:logGet(43)) - raft.server.log.corruption.policy = EXCEPTION (default)
2019-11-13 20:40:14,105 [pool-579-thread-1] INFO  server.RaftServerConfigKeys (ConfUtils.java:logGet(43)) - raft.server.storage.dir = [/workdir/hadoop-ozone/integration-test/target/test-dir/MiniOzoneClusterImpl-23a5d35f-12cc-4157-b83c-481d86791456/datanode-7/data/ratis] (custom)
2019-11-13 20:40:14,105 [pool-599-thread-1] INFO  storage.RaftStorageDirectory (RaftStorageDirectory.java:analyzeStorage(246)) - The storage directory /workdir/hadoop-ozone/integration-test/target/test-dir/MiniOzoneClusterImpl-23a5d35f-12cc-4157-b83c-481d86791456/datanode-9/data/ratis/821aa06f-d437-4bf7-8c37-b74abadde9ad does not exist. Creating ...
2019-11-13 20:40:14,105 [pool-579-thread-1] INFO  server.RaftServerConfigKeys (ConfUtils.java:logGet(43)) - raft.server.log.corruption.policy = EXCEPTION (default)
2019-11-13 20:40:14,105 [pool-579-thread-1] INFO  storage.RaftStorageDirectory (RaftStorageDirectory.java:analyzeStorage(246)) - The storage directory /workdir/hadoop-ozone/integration-test/target/test-dir/MiniOzoneClusterImpl-23a5d35f-12cc-4157-b83c-481d86791456/datanode-7/data/ratis/821aa06f-d437-4bf7-8c37-b74abadde9ad does not exist. Creating ...
2019-11-13 20:40:14,112 [pool-599-thread-1] INFO  storage.RaftStorageDirectory (RaftStorageDirectory.java:tryLock(328)) - Lock on /workdir/hadoop-ozone/integration-test/target/test-dir/MiniOzoneClusterImpl-23a5d35f-12cc-4157-b83c-481d86791456/datanode-9/data/ratis/821aa06f-d437-4bf7-8c37-b74abadde9ad/in_use.lock acquired by nodename 4541@pr-hdds-2470-fxbl9-3826649461
2019-11-13 20:40:14,112 [pool-569-thread-1] INFO  storage.RaftStorageDirectory (RaftStorageDirectory.java:tryLock(328)) - Lock on /workdir/hadoop-ozone/integration-test/target/test-dir/MiniOzoneClusterImpl-23a5d35f-12cc-4157-b83c-481d86791456/datanode-6/data/ratis/821aa06f-d437-4bf7-8c37-b74abadde9ad/in_use.lock acquired by nodename 4541@pr-hdds-2470-fxbl9-3826649461
2019-11-13 20:40:14,112 [pool-579-thread-1] INFO  storage.RaftStorageDirectory (RaftStorageDirectory.java:tryLock(328)) - Lock on /workdir/hadoop-ozone/integration-test/target/test-dir/MiniOzoneClusterImpl-23a5d35f-12cc-4157-b83c-481d86791456/datanode-7/data/ratis/821aa06f-d437-4bf7-8c37-b74abadde9ad/in_use.lock acquired by nodename 4541@pr-hdds-2470-fxbl9-3826649461
2019-11-13 20:40:14,125 [pool-569-thread-1] INFO  storage.RaftStorage (RaftStorage.java:format(84)) - Storage directory /workdir/hadoop-ozone/integration-test/target/test-dir/MiniOzoneClusterImpl-23a5d35f-12cc-4157-b83c-481d86791456/datanode-6/data/ratis/821aa06f-d437-4bf7-8c37-b74abadde9ad has been successfully formatted.
2019-11-13 20:40:14,125 [pool-599-thread-1] INFO  storage.RaftStorage (RaftStorage.java:format(84)) - Storage directory /workdir/hadoop-ozone/integration-test/target/test-dir/MiniOzoneClusterImpl-23a5d35f-12cc-4157-b83c-481d86791456/datanode-9/data/ratis/821aa06f-d437-4bf7-8c37-b74abadde9ad has been successfully formatted.
2019-11-13 20:40:14,125 [pool-579-thread-1] INFO  storage.RaftStorage (RaftStorage.java:format(84)) - Storage directory /workdir/hadoop-ozone/integration-test/target/test-dir/MiniOzoneClusterImpl-23a5d35f-12cc-4157-b83c-481d86791456/datanode-7/data/ratis/821aa06f-d437-4bf7-8c37-b74abadde9ad has been successfully formatted.
2019-11-13 20:40:14,127 [pool-599-thread-1] INFO  ratis.ContainerStateMachine (ContainerStateMachine.java:loadSnapshot(223)) - group-B74ABADDE9AD: The snapshot info is null. Setting the last applied indexto:(t:0, i:~)
2019-11-13 20:40:14,127 [pool-569-thread-1] INFO  ratis.ContainerStateMachine (ContainerStateMachine.java:loadSnapshot(223)) - group-B74ABADDE9AD: The snapshot info is null. Setting the last applied indexto:(t:0, i:~)
2019-11-13 20:40:14,127 [pool-599-thread-1] INFO  server.RaftServerConfigKeys (ConfUtils.java:logGet(43)) - raft.server.notification.no-leader.timeout = 120s (custom)
2019-11-13 20:40:14,127 [pool-579-thread-1] INFO  ratis.ContainerStateMachine (ContainerStateMachine.java:loadSnapshot(223)) - group-B74ABADDE9AD: The snapshot info is null. Setting the last applied indexto:(t:0, i:~)
2019-11-13 20:40:14,127 [pool-599-thread-1] INFO  server.RaftServerConfigKeys (ConfUtils.java:logGet(43)) - raft.server.log.use.memory = false (default)
2019-11-13 20:40:14,127 [pool-569-thread-1] INFO  server.RaftServerConfigKeys (ConfUtils.java:logGet(43)) - raft.server.notification.no-leader.timeout = 120s (custom)
2019-11-13 20:40:14,127 [pool-599-thread-1] INFO  server.RaftServerConfigKeys (ConfUtils.java:logGet(43)) - raft.server.log.purge.gap = 1000000 (custom)
2019-11-13 20:40:14,128 [pool-599-thread-1] INFO  server.RaftServerConfigKeys (ConfUtils.java:logGet(43)) - raft.server.log.appender.buffer.byte-limit = 33554432 (custom)
2019-11-13 20:40:14,127 [pool-579-thread-1] INFO  server.RaftServerConfigKeys (ConfUtils.java:logGet(43)) - raft.server.notification.no-leader.timeout = 120s (custom)
2019-11-13 20:40:14,128 [pool-599-thread-1] INFO  server.RaftServerConfigKeys (ConfUtils.java:logGet(43)) - raft.server.log.segment.size.max = 1048576 (custom)
2019-11-13 20:40:14,128 [pool-569-thread-1] INFO  server.RaftServerConfigKeys (ConfUtils.java:logGet(43)) - raft.server.log.use.memory = false (default)
2019-11-13 20:40:14,128 [pool-599-thread-1] INFO  server.RaftServerConfigKeys (ConfUtils.java:logGet(43)) - raft.server.log.segment.cache.num.max = 2 (custom)
2019-11-13 20:40:14,128 [pool-579-thread-1] INFO  server.RaftServerConfigKeys (ConfUtils.java:logGet(43)) - raft.server.log.use.memory = false (default)
2019-11-13 20:40:14,128 [pool-599-thread-1] INFO  segmented.SegmentedRaftLogWorker (SegmentedRaftLogWorker.java:<init>(173)) - new a35788b4-68d9-46fd-b847-60a9b7211510@group-B74ABADDE9AD-SegmentedRaftLogWorker for RaftStorage:Storage Directory /workdir/hadoop-ozone/integration-test/target/test-dir/MiniOzoneClusterImpl-23a5d35f-12cc-4157-b83c-481d86791456/datanode-9/data/ratis/821aa06f-d437-4bf7-8c37-b74abadde9ad
2019-11-13 20:40:14,128 [pool-569-thread-1] INFO  server.RaftServerConfigKeys (ConfUtils.java:logGet(43)) - raft.server.log.purge.gap = 1000000 (custom)
2019-11-13 20:40:14,129 [pool-599-thread-1] INFO  server.RaftServerConfigKeys (ConfUtils.java:logGet(43)) - raft.server.log.queue.byte-limit = 2147483647 (custom)
2019-11-13 20:40:14,129 [pool-599-thread-1] INFO  server.RaftServerConfigKeys (ConfUtils.java:logGet(43)) - raft.server.log.queue.element-limit = 1024 (custom)
2019-11-13 20:40:14,129 [pool-579-thread-1] INFO  server.RaftServerConfigKeys (ConfUtils.java:logGet(43)) - raft.server.log.purge.gap = 1000000 (custom)
2019-11-13 20:40:14,129 [pool-599-thread-1] INFO  server.RaftServerConfigKeys (ConfUtils.java:logGet(43)) - raft.server.log.segment.size.max = 1048576 (custom)
2019-11-13 20:40:14,129 [pool-569-thread-1] INFO  server.RaftServerConfigKeys (ConfUtils.java:logGet(43)) - raft.server.log.appender.buffer.byte-limit = 33554432 (custom)
2019-11-13 20:40:14,129 [pool-599-thread-1] INFO  server.RaftServerConfigKeys (ConfUtils.java:logGet(43)) - raft.server.log.preallocated.size = 16384 (custom)
2019-11-13 20:40:14,129 [pool-579-thread-1] INFO  server.RaftServerConfigKeys (ConfUtils.java:logGet(43)) - raft.server.log.appender.buffer.byte-limit = 33554432 (custom)
2019-11-13 20:40:14,130 [pool-599-thread-1] INFO  server.RaftServerConfigKeys (ConfUtils.java:logGet(43)) - raft.server.log.write.buffer.size = 33554432 (custom)
2019-11-13 20:40:14,129 [pool-569-thread-1] INFO  server.RaftServerConfigKeys (ConfUtils.java:logGet(43)) - raft.server.log.segment.size.max = 1048576 (custom)
2019-11-13 20:40:14,130 [pool-599-thread-1] INFO  server.RaftServerConfigKeys (ConfUtils.java:logGet(43)) - raft.server.log.force.sync.num = 128 (default)
2019-11-13 20:40:14,130 [pool-579-thread-1] INFO  server.RaftServerConfigKeys (ConfUtils.java:logGet(43)) - raft.server.log.segment.size.max = 1048576 (custom)
2019-11-13 20:40:14,130 [pool-599-thread-1] INFO  server.RaftServerConfigKeys (ConfUtils.java:logGet(43)) - raft.server.log.statemachine.data.sync = true (default)
2019-11-13 20:40:14,130 [pool-569-thread-1] INFO  server.RaftServerConfigKeys (ConfUtils.java:logGet(43)) - raft.server.log.segment.cache.num.max = 2 (custom)
2019-11-13 20:40:14,130 [pool-599-thread-1] INFO  server.RaftServerConfigKeys (ConfUtils.java:logGet(43)) - raft.server.log.statemachine.data.sync.timeout = 10s (default)
2019-11-13 20:40:14,130 [pool-579-thread-1] INFO  server.RaftServerConfigKeys (ConfUtils.java:logGet(43)) - raft.server.log.segment.cache.num.max = 2 (custom)
2019-11-13 20:40:14,131 [pool-599-thread-1] INFO  server.RaftServerConfigKeys (ConfUtils.java:logGet(43)) - raft.server.log.statemachine.data.sync.timeout.retry = -1 (default)
2019-11-13 20:40:14,130 [pool-569-thread-1] INFO  segmented.SegmentedRaftLogWorker (SegmentedRaftLogWorker.java:<init>(173)) - new e207fbae-fd28-42f6-9bb4-297c35844d9f@group-B74ABADDE9AD-SegmentedRaftLogWorker for RaftStorage:Storage Directory /workdir/hadoop-ozone/integration-test/target/test-dir/MiniOzoneClusterImpl-23a5d35f-12cc-4157-b83c-481d86791456/datanode-6/data/ratis/821aa06f-d437-4bf7-8c37-b74abadde9ad
2019-11-13 20:40:14,131 [pool-599-thread-1] INFO  server.RaftServerConfigKeys (ConfUtils.java:logGet(43)) - raft.server.log.statemachine.data.caching.enabled = true (custom)
2019-11-13 20:40:14,131 [pool-579-thread-1] INFO  segmented.SegmentedRaftLogWorker (SegmentedRaftLogWorker.java:<init>(173)) - new 11bf945c-44a0-4fdd-85a2-60a349617ab7@group-B74ABADDE9AD-SegmentedRaftLogWorker for RaftStorage:Storage Directory /workdir/hadoop-ozone/integration-test/target/test-dir/MiniOzoneClusterImpl-23a5d35f-12cc-4157-b83c-481d86791456/datanode-7/data/ratis/821aa06f-d437-4bf7-8c37-b74abadde9ad
2019-11-13 20:40:14,131 [pool-569-thread-1] INFO  server.RaftServerConfigKeys (ConfUtils.java:logGet(43)) - raft.server.log.queue.byte-limit = 2147483647 (custom)
2019-11-13 20:40:14,131 [pool-569-thread-1] INFO  server.RaftServerConfigKeys (ConfUtils.java:logGet(43)) - raft.server.log.queue.element-limit = 1024 (custom)
2019-11-13 20:40:14,131 [pool-579-thread-1] INFO  server.RaftServerConfigKeys (ConfUtils.java:logGet(43)) - raft.server.log.queue.byte-limit = 2147483647 (custom)
2019-11-13 20:40:14,131 [pool-599-thread-1] INFO  segmented.SegmentedRaftLogWorker (SegmentedRaftLogWorker.java:lambda$new$0(128)) - a35788b4-68d9-46fd-b847-60a9b7211510@group-B74ABADDE9AD-SegmentedRaftLogWorker: flushIndex: setUnconditionally 0 -> -1
2019-11-13 20:40:14,131 [pool-579-thread-1] INFO  server.RaftServerConfigKeys (ConfUtils.java:logGet(43)) - raft.server.log.queue.element-limit = 1024 (custom)
2019-11-13 20:40:14,131 [pool-569-thread-1] INFO  server.RaftServerConfigKeys (ConfUtils.java:logGet(43)) - raft.server.log.segment.size.max = 1048576 (custom)
2019-11-13 20:40:14,132 [pool-579-thread-1] INFO  server.RaftServerConfigKeys (ConfUtils.java:logGet(43)) - raft.server.log.segment.size.max = 1048576 (custom)
2019-11-13 20:40:14,132 [pool-599-thread-1] INFO  server.RaftServerConfigKeys (ConfUtils.java:logGet(43)) - raft.server.snapshot.auto.trigger.enabled = true (custom)
2019-11-13 20:40:14,132 [pool-579-thread-1] INFO  server.RaftServerConfigKeys (ConfUtils.java:logGet(43)) - raft.server.log.preallocated.size = 16384 (custom)
2019-11-13 20:40:14,132 [pool-569-thread-1] INFO  server.RaftServerConfigKeys (ConfUtils.java:logGet(43)) - raft.server.log.preallocated.size = 16384 (custom)
2019-11-13 20:40:14,132 [pool-579-thread-1] INFO  server.RaftServerConfigKeys (ConfUtils.java:logGet(43)) - raft.server.log.write.buffer.size = 33554432 (custom)
2019-11-13 20:40:14,132 [pool-599-thread-1] INFO  server.RaftServerConfigKeys (ConfUtils.java:logGet(43)) - raft.server.snapshot.auto.trigger.threshold = 10000 (custom)
2019-11-13 20:40:14,132 [pool-579-thread-1] INFO  server.RaftServerConfigKeys (ConfUtils.java:logGet(43)) - raft.server.log.force.sync.num = 128 (default)
2019-11-13 20:40:14,132 [pool-569-thread-1] INFO  server.RaftServerConfigKeys (ConfUtils.java:logGet(43)) - raft.server.log.write.buffer.size = 33554432 (custom)
2019-11-13 20:40:14,133 [pool-579-thread-1] INFO  server.RaftServerConfigKeys (ConfUtils.java:logGet(43)) - raft.server.log.statemachine.data.sync = true (default)
2019-11-13 20:40:14,133 [pool-599-thread-1] INFO  server.RaftServerConfigKeys (ConfUtils.java:logGet(43)) - raft.server.snapshot.retention.file.num = 5 (custom)
2019-11-13 20:40:14,133 [pool-579-thread-1] INFO  server.RaftServerConfigKeys (ConfUtils.java:logGet(43)) - raft.server.log.statemachine.data.sync.timeout = 10s (default)
2019-11-13 20:40:14,133 [pool-569-thread-1] INFO  server.RaftServerConfigKeys (ConfUtils.java:logGet(43)) - raft.server.log.force.sync.num = 128 (default)
2019-11-13 20:40:14,133 [pool-579-thread-1] INFO  server.RaftServerConfigKeys (ConfUtils.java:logGet(43)) - raft.server.log.statemachine.data.sync.timeout.retry = -1 (default)
2019-11-13 20:40:14,133 [pool-599-thread-1] INFO  server.RaftServerConfigKeys (ConfUtils.java:logGet(43)) - raft.server.retrycache.expirytime = 600000ms (custom)
2019-11-13 20:40:14,133 [pool-579-thread-1] INFO  server.RaftServerConfigKeys (ConfUtils.java:logGet(43)) - raft.server.log.statemachine.data.caching.enabled = true (custom)
2019-11-13 20:40:14,133 [pool-569-thread-1] INFO  server.RaftServerConfigKeys (ConfUtils.java:logGet(43)) - raft.server.log.statemachine.data.sync = true (default)
2019-11-13 20:40:14,134 [pool-599-thread-1] WARN  impl.MetricRegistriesImpl (MetricRegistriesImpl.java:lambda$create$1(61)) - First MetricRegistry has been created without registering reporters. You may need to call MetricRegistries.global().addReportRegistration(...) before.
2019-11-13 20:40:14,134 [pool-579-thread-1] INFO  segmented.SegmentedRaftLogWorker (SegmentedRaftLogWorker.java:lambda$new$0(128)) - 11bf945c-44a0-4fdd-85a2-60a349617ab7@group-B74ABADDE9AD-SegmentedRaftLogWorker: flushIndex: setUnconditionally 0 -> -1
2019-11-13 20:40:14,134 [pool-569-thread-1] INFO  server.RaftServerConfigKeys (ConfUtils.java:logGet(43)) - raft.server.log.statemachine.data.sync.timeout = 10s (default)
2019-11-13 20:40:14,134 [pool-599-thread-1] WARN  impl.MetricRegistriesImpl (MetricRegistriesImpl.java:lambda$create$1(61)) - First MetricRegistry has been created without registering reporters. You may need to call MetricRegistries.global().addReportRegistration(...) before.
2019-11-13 20:40:14,134 [pool-579-thread-1] INFO  server.RaftServerConfigKeys (ConfUtils.java:logGet(43)) - raft.server.snapshot.auto.trigger.enabled = true (custom)
2019-11-13 20:40:14,135 [pool-579-thread-1] INFO  server.RaftServerConfigKeys (ConfUtils.java:logGet(43)) - raft.server.snapshot.auto.trigger.threshold = 10000 (custom)
2019-11-13 20:40:14,134 [pool-569-thread-1] INFO  server.RaftServerConfigKeys (ConfUtils.java:logGet(43)) - raft.server.log.statemachine.data.sync.timeout.retry = -1 (default)
2019-11-13 20:40:14,135 [pool-579-thread-1] INFO  server.RaftServerConfigKeys (ConfUtils.java:logGet(43)) - raft.server.snapshot.retention.file.num = 5 (custom)
2019-11-13 20:40:14,134 [pool-599-thread-1] INFO  impl.RaftServerImpl (RaftServerImpl.java:start(184)) - a35788b4-68d9-46fd-b847-60a9b7211510@group-B74ABADDE9AD: start as a follower, conf=-1: [11bf945c-44a0-4fdd-85a2-60a349617ab7:192.168.34.20:36272, a35788b4-68d9-46fd-b847-60a9b7211510:192.168.34.20:39245, e207fbae-fd28-42f6-9bb4-297c35844d9f:192.168.34.20:33417], old=null
2019-11-13 20:40:14,135 [pool-579-thread-1] INFO  server.RaftServerConfigKeys (ConfUtils.java:logGet(43)) - raft.server.retrycache.expirytime = 600000ms (custom)
2019-11-13 20:40:14,135 [pool-569-thread-1] INFO  server.RaftServerConfigKeys (ConfUtils.java:logGet(43)) - raft.server.log.statemachine.data.caching.enabled = true (custom)
2019-11-13 20:40:14,135 [pool-579-thread-1] WARN  impl.MetricRegistriesImpl (MetricRegistriesImpl.java:lambda$create$1(61)) - First MetricRegistry has been created without registering reporters. You may need to call MetricRegistries.global().addReportRegistration(...) before.
2019-11-13 20:40:14,135 [pool-599-thread-1] INFO  impl.RaftServerImpl (RaftServerImpl.java:setRole(173)) - a35788b4-68d9-46fd-b847-60a9b7211510@group-B74ABADDE9AD: changes role from      null to FOLLOWER at term 0 for startAsFollower
2019-11-13 20:40:14,136 [pool-579-thread-1] WARN  impl.MetricRegistriesImpl (MetricRegistriesImpl.java:lambda$create$1(61)) - First MetricRegistry has been created without registering reporters. You may need to call MetricRegistries.global().addReportRegistration(...) before.
2019-11-13 20:40:14,135 [pool-569-thread-1] INFO  segmented.SegmentedRaftLogWorker (SegmentedRaftLogWorker.java:lambda$new$0(128)) - e207fbae-fd28-42f6-9bb4-297c35844d9f@group-B74ABADDE9AD-SegmentedRaftLogWorker: flushIndex: setUnconditionally 0 -> -1
2019-11-13 20:40:14,136 [pool-579-thread-1] INFO  impl.RaftServerImpl (RaftServerImpl.java:start(184)) - 11bf945c-44a0-4fdd-85a2-60a349617ab7@group-B74ABADDE9AD: start as a follower, conf=-1: [11bf945c-44a0-4fdd-85a2-60a349617ab7:192.168.34.20:36272, a35788b4-68d9-46fd-b847-60a9b7211510:192.168.34.20:39245, e207fbae-fd28-42f6-9bb4-297c35844d9f:192.168.34.20:33417], old=null
2019-11-13 20:40:14,136 [pool-569-thread-1] INFO  server.RaftServerConfigKeys (ConfUtils.java:logGet(43)) - raft.server.snapshot.auto.trigger.enabled = true (custom)
2019-11-13 20:40:14,136 [pool-599-thread-1] INFO  impl.RoleInfo (RoleInfo.java:updateAndGet(143)) - a35788b4-68d9-46fd-b847-60a9b7211510: start FollowerState
2019-11-13 20:40:14,136 [pool-569-thread-1] INFO  server.RaftServerConfigKeys (ConfUtils.java:logGet(43)) - raft.server.snapshot.auto.trigger.threshold = 10000 (custom)
2019-11-13 20:40:14,136 [pool-579-thread-1] INFO  impl.RaftServerImpl (RaftServerImpl.java:setRole(173)) - 11bf945c-44a0-4fdd-85a2-60a349617ab7@group-B74ABADDE9AD: changes role from      null to FOLLOWER at term 0 for startAsFollower
2019-11-13 20:40:14,136 [pool-569-thread-1] INFO  server.RaftServerConfigKeys (ConfUtils.java:logGet(43)) - raft.server.snapshot.retention.file.num = 5 (custom)
2019-11-13 20:40:14,136 [pool-579-thread-1] INFO  impl.RoleInfo (RoleInfo.java:updateAndGet(143)) - 11bf945c-44a0-4fdd-85a2-60a349617ab7: start FollowerState
2019-11-13 20:40:14,137 [pool-599-thread-1] INFO  util.JmxRegister (JmxRegister.java:tryRegister(44)) - Successfully registered JMX Bean with object name Ratis:service=RaftServer,group=group-B74ABADDE9AD,id=a35788b4-68d9-46fd-b847-60a9b7211510
2019-11-13 20:40:14,137 [pool-569-thread-1] INFO  server.RaftServerConfigKeys (ConfUtils.java:logGet(43)) - raft.server.retrycache.expirytime = 600000ms (custom)
2019-11-13 20:40:14,137 [pool-599-thread-1] WARN  impl.MetricRegistriesImpl (MetricRegistriesImpl.java:lambda$create$1(61)) - First MetricRegistry has been created without registering reporters. You may need to call MetricRegistries.global().addReportRegistration(...) before.
2019-11-13 20:40:14,137 [pool-579-thread-1] INFO  util.JmxRegister (JmxRegister.java:tryRegister(44)) - Successfully registered JMX Bean with object name Ratis:service=RaftServer,group=group-B74ABADDE9AD,id=11bf945c-44a0-4fdd-85a2-60a349617ab7
2019-11-13 20:40:14,137 [pool-569-thread-1] WARN  impl.MetricRegistriesImpl (MetricRegistriesImpl.java:lambda$create$1(61)) - First MetricRegistry has been created without registering reporters. You may need to call MetricRegistries.global().addReportRegistration(...) before.
2019-11-13 20:40:14,137 [pool-579-thread-1] WARN  impl.MetricRegistriesImpl (MetricRegistriesImpl.java:lambda$create$1(61)) - First MetricRegistry has been created without registering reporters. You may need to call MetricRegistries.global().addReportRegistration(...) before.
2019-11-13 20:40:14,137 [pool-569-thread-1] WARN  impl.MetricRegistriesImpl (MetricRegistriesImpl.java:lambda$create$1(61)) - First MetricRegistry has been created without registering reporters. You may need to call MetricRegistries.global().addReportRegistration(...) before.
2019-11-13 20:40:14,138 [pool-569-thread-1] INFO  impl.RaftServerImpl (RaftServerImpl.java:start(184)) - e207fbae-fd28-42f6-9bb4-297c35844d9f@group-B74ABADDE9AD: start as a follower, conf=-1: [11bf945c-44a0-4fdd-85a2-60a349617ab7:192.168.34.20:36272, a35788b4-68d9-46fd-b847-60a9b7211510:192.168.34.20:39245, e207fbae-fd28-42f6-9bb4-297c35844d9f:192.168.34.20:33417], old=null
2019-11-13 20:40:14,138 [pool-569-thread-1] INFO  impl.RaftServerImpl (RaftServerImpl.java:setRole(173)) - e207fbae-fd28-42f6-9bb4-297c35844d9f@group-B74ABADDE9AD: changes role from      null to FOLLOWER at term 0 for startAsFollower
2019-11-13 20:40:14,138 [pool-569-thread-1] INFO  impl.RoleInfo (RoleInfo.java:updateAndGet(143)) - e207fbae-fd28-42f6-9bb4-297c35844d9f: start FollowerState
2019-11-13 20:40:14,138 [pool-569-thread-1] INFO  util.JmxRegister (JmxRegister.java:tryRegister(44)) - Successfully registered JMX Bean with object name Ratis:service=RaftServer,group=group-B74ABADDE9AD,id=e207fbae-fd28-42f6-9bb4-297c35844d9f
2019-11-13 20:40:14,138 [pool-569-thread-1] WARN  impl.MetricRegistriesImpl (MetricRegistriesImpl.java:lambda$create$1(61)) - First MetricRegistry has been created without registering reporters. You may need to call MetricRegistries.global().addReportRegistration(...) before.
2019-11-13 20:40:14,140 [RatisPipelineUtilsThread] INFO  pipeline.PipelineStateManager (PipelineStateManager.java:addPipeline(55)) - Created pipeline Pipeline[ Id: 821aa06f-d437-4bf7-8c37-b74abadde9ad, Nodes: e207fbae-fd28-42f6-9bb4-297c35844d9f{ip: 192.168.34.20, host: pr-hdds-2470-fxbl9-3826649461, networkLocation: /rack1, certSerialId: null}a35788b4-68d9-46fd-b847-60a9b7211510{ip: 192.168.34.20, host: pr-hdds-2470-fxbl9-3826649461, networkLocation: /rack1, certSerialId: null}11bf945c-44a0-4fdd-85a2-60a349617ab7{ip: 192.168.34.20, host: pr-hdds-2470-fxbl9-3826649461, networkLocation: /rack1, certSerialId: null}, Type:RATIS, Factor:THREE, State:ALLOCATED]
2019-11-13 20:40:14,141 [Thread-3954] INFO  pipeline.PipelineStateManager (PipelineStateManager.java:finalizePipeline(121)) - Pipeline Pipeline[ Id: 577da6db-8b4f-4c97-a681-e05d287ff04c, Nodes: 2929643e-7442-4794-a56e-1c38ca296261{ip: 192.168.34.20, host: pr-hdds-2470-fxbl9-3826649461, networkLocation: /rack1, certSerialId: null}, Type:RATIS, Factor:ONE, State:CLOSED] moved to CLOSED state
2019-11-13 20:40:14,143 [grpc-default-executor-2] INFO  impl.RaftServerProxy (RaftServerProxy.java:remove(95)) - 2929643e-7442-4794-a56e-1c38ca296261: remove    LEADER 2929643e-7442-4794-a56e-1c38ca296261@group-E05D287FF04C:t1, leader=2929643e-7442-4794-a56e-1c38ca296261, voted=2929643e-7442-4794-a56e-1c38ca296261, raftlog=2929643e-7442-4794-a56e-1c38ca296261@group-E05D287FF04C-SegmentedRaftLog:OPENED:c0,f0,i0, conf=0: [2929643e-7442-4794-a56e-1c38ca296261:192.168.34.20:43198], old=null RUNNING
2019-11-13 20:40:14,144 [grpc-default-executor-2] INFO  impl.RaftServerImpl (RaftServerImpl.java:lambda$shutdown$3(250)) - 2929643e-7442-4794-a56e-1c38ca296261@group-E05D287FF04C: shutdown
2019-11-13 20:40:14,144 [grpc-default-executor-2] INFO  util.JmxRegister (JmxRegister.java:unregister(73)) - Successfully un-registered JMX Bean with object name Ratis:service=RaftServer,group=group-E05D287FF04C,id=2929643e-7442-4794-a56e-1c38ca296261
2019-11-13 20:40:14,144 [grpc-default-executor-2] INFO  impl.RoleInfo (RoleInfo.java:shutdownLeaderState(104)) - 2929643e-7442-4794-a56e-1c38ca296261: shutdown LeaderState
2019-11-13 20:40:14,144 [grpc-default-executor-2] INFO  impl.PendingRequests (PendingRequests.java:sendNotLeaderResponses(206)) - 2929643e-7442-4794-a56e-1c38ca296261@group-E05D287FF04C-PendingRequests: sendNotLeaderResponses
2019-11-13 20:40:14,144 [grpc-default-executor-2] INFO  impl.StateMachineUpdater (StateMachineUpdater.java:stopAndJoin(136)) - 2929643e-7442-4794-a56e-1c38ca296261@group-E05D287FF04C-StateMachineUpdater: set stopIndex = 0
2019-11-13 20:40:14,144 [grpc-default-executor-2] INFO  impl.RaftServerImpl (ServerState.java:close(387)) - 2929643e-7442-4794-a56e-1c38ca296261@group-E05D287FF04C: closes. applyIndex: 0
2019-11-13 20:40:14,145 [2929643e-7442-4794-a56e-1c38ca296261@group-E05D287FF04C-SegmentedRaftLogWorker] INFO  segmented.SegmentedRaftLogWorker (SegmentedRaftLogWorker.java:run(316)) - 2929643e-7442-4794-a56e-1c38ca296261@group-E05D287FF04C-SegmentedRaftLogWorker was interrupted, exiting. There are 0 tasks remaining in the queue.
2019-11-13 20:40:14,145 [grpc-default-executor-2] INFO  segmented.SegmentedRaftLogWorker (SegmentedRaftLogWorker.java:close(224)) - 2929643e-7442-4794-a56e-1c38ca296261@group-E05D287FF04C-SegmentedRaftLogWorker close()
2019-11-13 20:40:14,149 [Thread-3954] INFO  pipeline.PipelineStateManager (PipelineStateManager.java:removePipeline(106)) - Pipeline Pipeline[ Id: 577da6db-8b4f-4c97-a681-e05d287ff04c, Nodes: 2929643e-7442-4794-a56e-1c38ca296261{ip: 192.168.34.20, host: pr-hdds-2470-fxbl9-3826649461, networkLocation: /rack1, certSerialId: null}, Type:RATIS, Factor:ONE, State:CLOSED] removed from db
2019-11-13 20:40:14,149 [Thread-3954] INFO  pipeline.SCMPipelineManager (SCMPipelineManager.java:finalizeAndDestroyPipeline(315)) - destroying pipeline:Pipeline[ Id: 9d3f366f-609a-4e08-bcd7-007c6f2f8b97, Nodes: 63c5c595-8d4c-4001-b46d-6e0cbb5b9d3c{ip: 192.168.34.20, host: pr-hdds-2470-fxbl9-3826649461, networkLocation: /rack1, certSerialId: null}2929643e-7442-4794-a56e-1c38ca296261{ip: 192.168.34.20, host: pr-hdds-2470-fxbl9-3826649461, networkLocation: /rack1, certSerialId: null}d8a6778e-ef1b-4a45-8dc3-d54ef706ff02{ip: 192.168.34.20, host: pr-hdds-2470-fxbl9-3826649461, networkLocation: /rack1, certSerialId: null}, Type:RATIS, Factor:THREE, State:OPEN]
2019-11-13 20:40:14,152 [grpc-default-executor-2] INFO  impl.RaftServerProxy (RaftServerProxy.java:addNew(89)) - 2929643e-7442-4794-a56e-1c38ca296261: addNew group-F1C2C1597C11:[2929643e-7442-4794-a56e-1c38ca296261:192.168.34.20:43198] returns group-F1C2C1597C11:java.util.concurrent.CompletableFuture@3b0e2837[Not completed]
2019-11-13 20:40:14,153 [pool-539-thread-1] INFO  impl.RaftServerImpl (RaftServerImpl.java:<init>(98)) - 2929643e-7442-4794-a56e-1c38ca296261: new RaftServerImpl for group-F1C2C1597C11:[2929643e-7442-4794-a56e-1c38ca296261:192.168.34.20:43198] with ContainerStateMachine:uninitialized
2019-11-13 20:40:14,154 [pool-539-thread-1] INFO  server.RaftServerConfigKeys (ConfUtils.java:logGet(43)) - raft.server.rpc.timeout.min = 1s (custom)
2019-11-13 20:40:14,154 [pool-539-thread-1] INFO  server.RaftServerConfigKeys (ConfUtils.java:logGet(43)) - raft.server.rpc.timeout.max = 1200ms (custom)
2019-11-13 20:40:14,154 [pool-539-thread-1] INFO  server.RaftServerConfigKeys (ConfUtils.java:logGet(43)) - raft.server.rpcslowness.timeout = 120s (custom)
2019-11-13 20:40:14,154 [pool-539-thread-1] INFO  server.RaftServerConfigKeys (ConfUtils.java:logGet(43)) - raft.server.sleep.deviation.threshold = 300 (default)
2019-11-13 20:40:14,154 [pool-539-thread-1] INFO  server.RaftServerConfigKeys (ConfUtils.java:logGet(43)) - raft.server.log.appender.install.snapshot.enabled = false (custom)
2019-11-13 20:40:14,154 [pool-539-thread-1] INFO  impl.RaftServerImpl (ServerState.java:<init>(103)) - 2929643e-7442-4794-a56e-1c38ca296261@group-F1C2C1597C11: ConfigurationManager, init=-1: [2929643e-7442-4794-a56e-1c38ca296261:192.168.34.20:43198], old=null, confs=<EMPTY_MAP>
2019-11-13 20:40:14,154 [pool-539-thread-1] INFO  server.RaftServerConfigKeys (ConfUtils.java:logGet(43)) - raft.server.storage.dir = [/workdir/hadoop-ozone/integration-test/target/test-dir/MiniOzoneClusterImpl-23a5d35f-12cc-4157-b83c-481d86791456/datanode-3/data/ratis] (custom)
2019-11-13 20:40:14,154 [pool-539-thread-1] INFO  server.RaftServerConfigKeys (ConfUtils.java:logGet(43)) - raft.server.log.corruption.policy = EXCEPTION (default)
2019-11-13 20:40:14,154 [pool-539-thread-1] INFO  storage.RaftStorageDirectory (RaftStorageDirectory.java:analyzeStorage(246)) - The storage directory /workdir/hadoop-ozone/integration-test/target/test-dir/MiniOzoneClusterImpl-23a5d35f-12cc-4157-b83c-481d86791456/datanode-3/data/ratis/776490f5-9a51-434e-9250-f1c2c1597c11 does not exist. Creating ...
2019-11-13 20:40:14,168 [pool-539-thread-1] INFO  storage.RaftStorageDirectory (RaftStorageDirectory.java:tryLock(328)) - Lock on /workdir/hadoop-ozone/integration-test/target/test-dir/MiniOzoneClusterImpl-23a5d35f-12cc-4157-b83c-481d86791456/datanode-3/data/ratis/776490f5-9a51-434e-9250-f1c2c1597c11/in_use.lock acquired by nodename 4541@pr-hdds-2470-fxbl9-3826649461
2019-11-13 20:40:14,181 [pool-539-thread-1] INFO  storage.RaftStorage (RaftStorage.java:format(84)) - Storage directory /workdir/hadoop-ozone/integration-test/target/test-dir/MiniOzoneClusterImpl-23a5d35f-12cc-4157-b83c-481d86791456/datanode-3/data/ratis/776490f5-9a51-434e-9250-f1c2c1597c11 has been successfully formatted.
2019-11-13 20:40:14,181 [pool-539-thread-1] INFO  ratis.ContainerStateMachine (ContainerStateMachine.java:loadSnapshot(223)) - group-F1C2C1597C11: The snapshot info is null. Setting the last applied indexto:(t:0, i:~)
2019-11-13 20:40:14,181 [pool-539-thread-1] INFO  server.RaftServerConfigKeys (ConfUtils.java:logGet(43)) - raft.server.notification.no-leader.timeout = 120s (custom)
2019-11-13 20:40:14,181 [pool-539-thread-1] INFO  server.RaftServerConfigKeys (ConfUtils.java:logGet(43)) - raft.server.log.use.memory = false (default)
2019-11-13 20:40:14,181 [pool-539-thread-1] INFO  server.RaftServerConfigKeys (ConfUtils.java:logGet(43)) - raft.server.log.purge.gap = 1000000 (custom)
2019-11-13 20:40:14,181 [pool-539-thread-1] INFO  server.RaftServerConfigKeys (ConfUtils.java:logGet(43)) - raft.server.log.appender.buffer.byte-limit = 33554432 (custom)
2019-11-13 20:40:14,182 [pool-539-thread-1] INFO  server.RaftServerConfigKeys (ConfUtils.java:logGet(43)) - raft.server.log.segment.size.max = 1048576 (custom)
2019-11-13 20:40:14,182 [pool-539-thread-1] INFO  server.RaftServerConfigKeys (ConfUtils.java:logGet(43)) - raft.server.log.segment.cache.num.max = 2 (custom)
2019-11-13 20:40:14,182 [pool-539-thread-1] INFO  segmented.SegmentedRaftLogWorker (SegmentedRaftLogWorker.java:<init>(173)) - new 2929643e-7442-4794-a56e-1c38ca296261@group-F1C2C1597C11-SegmentedRaftLogWorker for RaftStorage:Storage Directory /workdir/hadoop-ozone/integration-test/target/test-dir/MiniOzoneClusterImpl-23a5d35f-12cc-4157-b83c-481d86791456/datanode-3/data/ratis/776490f5-9a51-434e-9250-f1c2c1597c11
2019-11-13 20:40:14,182 [pool-539-thread-1] INFO  server.RaftServerConfigKeys (ConfUtils.java:logGet(43)) - raft.server.log.queue.byte-limit = 2147483647 (custom)
2019-11-13 20:40:14,412 [pool-539-thread-1] INFO  server.RaftServerConfigKeys (ConfUtils.java:logGet(43)) - raft.server.log.queue.element-limit = 1024 (custom)
2019-11-13 20:40:14,423 [pool-539-thread-1] INFO  server.RaftServerConfigKeys (ConfUtils.java:logGet(43)) - raft.server.log.segment.size.max = 1048576 (custom)
2019-11-13 20:40:14,423 [pool-539-thread-1] INFO  server.RaftServerConfigKeys (ConfUtils.java:logGet(43)) - raft.server.log.preallocated.size = 16384 (custom)
2019-11-13 20:40:14,423 [pool-539-thread-1] INFO  server.RaftServerConfigKeys (ConfUtils.java:logGet(43)) - raft.server.log.write.buffer.size = 33554432 (custom)
2019-11-13 20:40:14,423 [pool-539-thread-1] INFO  server.RaftServerConfigKeys (ConfUtils.java:logGet(43)) - raft.server.log.force.sync.num = 128 (default)
2019-11-13 20:40:14,424 [pool-539-thread-1] INFO  server.RaftServerConfigKeys (ConfUtils.java:logGet(43)) - raft.server.log.statemachine.data.sync = true (default)
2019-11-13 20:40:14,424 [pool-539-thread-1] INFO  server.RaftServerConfigKeys (ConfUtils.java:logGet(43)) - raft.server.log.statemachine.data.sync.timeout = 10s (default)
2019-11-13 20:40:14,424 [pool-539-thread-1] INFO  server.RaftServerConfigKeys (ConfUtils.java:logGet(43)) - raft.server.log.statemachine.data.sync.timeout.retry = -1 (default)
2019-11-13 20:40:14,424 [pool-539-thread-1] INFO  server.RaftServerConfigKeys (ConfUtils.java:logGet(43)) - raft.server.log.statemachine.data.caching.enabled = true (custom)
2019-11-13 20:40:14,424 [pool-539-thread-1] INFO  segmented.SegmentedRaftLogWorker (SegmentedRaftLogWorker.java:lambda$new$0(128)) - 2929643e-7442-4794-a56e-1c38ca296261@group-F1C2C1597C11-SegmentedRaftLogWorker: flushIndex: setUnconditionally 0 -> -1
2019-11-13 20:40:14,425 [pool-539-thread-1] INFO  server.RaftServerConfigKeys (ConfUtils.java:logGet(43)) - raft.server.snapshot.auto.trigger.enabled = true (custom)
2019-11-13 20:40:14,425 [pool-539-thread-1] INFO  server.RaftServerConfigKeys (ConfUtils.java:logGet(43)) - raft.server.snapshot.auto.trigger.threshold = 10000 (custom)
2019-11-13 20:40:14,425 [pool-539-thread-1] INFO  server.RaftServerConfigKeys (ConfUtils.java:logGet(43)) - raft.server.snapshot.retention.file.num = 5 (custom)
2019-11-13 20:40:14,425 [pool-539-thread-1] INFO  server.RaftServerConfigKeys (ConfUtils.java:logGet(43)) - raft.server.retrycache.expirytime = 600000ms (custom)
2019-11-13 20:40:14,425 [pool-539-thread-1] WARN  impl.MetricRegistriesImpl (MetricRegistriesImpl.java:lambda$create$1(61)) - First MetricRegistry has been created without registering reporters. You may need to call MetricRegistries.global().addReportRegistration(...) before.
2019-11-13 20:40:14,425 [pool-539-thread-1] WARN  impl.MetricRegistriesImpl (MetricRegistriesImpl.java:lambda$create$1(61)) - First MetricRegistry has been created without registering reporters. You may need to call MetricRegistries.global().addReportRegistration(...) before.
2019-11-13 20:40:14,426 [pool-539-thread-1] INFO  impl.RaftServerImpl (RaftServerImpl.java:start(184)) - 2929643e-7442-4794-a56e-1c38ca296261@group-F1C2C1597C11: start as a follower, conf=-1: [2929643e-7442-4794-a56e-1c38ca296261:192.168.34.20:43198], old=null
2019-11-13 20:40:14,426 [pool-539-thread-1] INFO  impl.RaftServerImpl (RaftServerImpl.java:setRole(173)) - 2929643e-7442-4794-a56e-1c38ca296261@group-F1C2C1597C11: changes role from      null to FOLLOWER at term 0 for startAsFollower
2019-11-13 20:40:14,426 [pool-539-thread-1] INFO  impl.RoleInfo (RoleInfo.java:updateAndGet(143)) - 2929643e-7442-4794-a56e-1c38ca296261: start FollowerState
2019-11-13 20:40:14,426 [pool-539-thread-1] INFO  util.JmxRegister (JmxRegister.java:tryRegister(44)) - Successfully registered JMX Bean with object name Ratis:service=RaftServer,group=group-F1C2C1597C11,id=2929643e-7442-4794-a56e-1c38ca296261
2019-11-13 20:40:14,426 [pool-539-thread-1] WARN  impl.MetricRegistriesImpl (MetricRegistriesImpl.java:lambda$create$1(61)) - First MetricRegistry has been created without registering reporters. You may need to call MetricRegistries.global().addReportRegistration(...) before.
2019-11-13 20:40:14,457 [RatisPipelineUtilsThread] INFO  pipeline.PipelineStateManager (PipelineStateManager.java:addPipeline(55)) - Created pipeline Pipeline[ Id: 776490f5-9a51-434e-9250-f1c2c1597c11, Nodes: 2929643e-7442-4794-a56e-1c38ca296261{ip: 192.168.34.20, host: pr-hdds-2470-fxbl9-3826649461, networkLocation: /rack1, certSerialId: null}, Type:RATIS, Factor:ONE, State:ALLOCATED]
2019-11-13 20:40:14,457 [Thread-3954] INFO  pipeline.PipelineStateManager (PipelineStateManager.java:finalizePipeline(121)) - Pipeline Pipeline[ Id: 9d3f366f-609a-4e08-bcd7-007c6f2f8b97, Nodes: 63c5c595-8d4c-4001-b46d-6e0cbb5b9d3c{ip: 192.168.34.20, host: pr-hdds-2470-fxbl9-3826649461, networkLocation: /rack1, certSerialId: null}2929643e-7442-4794-a56e-1c38ca296261{ip: 192.168.34.20, host: pr-hdds-2470-fxbl9-3826649461, networkLocation: /rack1, certSerialId: null}d8a6778e-ef1b-4a45-8dc3-d54ef706ff02{ip: 192.168.34.20, host: pr-hdds-2470-fxbl9-3826649461, networkLocation: /rack1, certSerialId: null}, Type:RATIS, Factor:THREE, State:CLOSED] moved to CLOSED state
2019-11-13 20:40:14,467 [grpc-default-executor-1] INFO  impl.RaftServerProxy (RaftServerProxy.java:remove(95)) - 63c5c595-8d4c-4001-b46d-6e0cbb5b9d3c: remove  FOLLOWER 63c5c595-8d4c-4001-b46d-6e0cbb5b9d3c@group-007C6F2F8B97:t1, leader=d8a6778e-ef1b-4a45-8dc3-d54ef706ff02, voted=d8a6778e-ef1b-4a45-8dc3-d54ef706ff02, raftlog=63c5c595-8d4c-4001-b46d-6e0cbb5b9d3c@group-007C6F2F8B97-SegmentedRaftLog:OPENED:c0,f0,i0, conf=0: [63c5c595-8d4c-4001-b46d-6e0cbb5b9d3c:192.168.34.20:42027, d8a6778e-ef1b-4a45-8dc3-d54ef706ff02:192.168.34.20:34234, 2929643e-7442-4794-a56e-1c38ca296261:192.168.34.20:43198], old=null RUNNING
2019-11-13 20:40:14,467 [grpc-default-executor-1] INFO  impl.RaftServerImpl (RaftServerImpl.java:lambda$shutdown$3(250)) - 63c5c595-8d4c-4001-b46d-6e0cbb5b9d3c@group-007C6F2F8B97: shutdown
2019-11-13 20:40:14,467 [grpc-default-executor-1] INFO  util.JmxRegister (JmxRegister.java:unregister(73)) - Successfully un-registered JMX Bean with object name Ratis:service=RaftServer,group=group-007C6F2F8B97,id=63c5c595-8d4c-4001-b46d-6e0cbb5b9d3c
2019-11-13 20:40:14,467 [grpc-default-executor-1] INFO  impl.RoleInfo (RoleInfo.java:shutdownFollowerState(121)) - 63c5c595-8d4c-4001-b46d-6e0cbb5b9d3c: shutdown FollowerState
2019-11-13 20:40:14,468 [grpc-default-executor-1] INFO  impl.StateMachineUpdater (StateMachineUpdater.java:stopAndJoin(136)) - 63c5c595-8d4c-4001-b46d-6e0cbb5b9d3c@group-007C6F2F8B97-StateMachineUpdater: set stopIndex = 0
2019-11-13 20:40:14,468 [grpc-default-executor-1] INFO  impl.RaftServerImpl (ServerState.java:close(387)) - 63c5c595-8d4c-4001-b46d-6e0cbb5b9d3c@group-007C6F2F8B97: closes. applyIndex: 0
2019-11-13 20:40:14,468 [63c5c595-8d4c-4001-b46d-6e0cbb5b9d3c@group-007C6F2F8B97-SegmentedRaftLogWorker] INFO  segmented.SegmentedRaftLogWorker (SegmentedRaftLogWorker.java:run(316)) - 63c5c595-8d4c-4001-b46d-6e0cbb5b9d3c@group-007C6F2F8B97-SegmentedRaftLogWorker was interrupted, exiting. There are 0 tasks remaining in the queue.
2019-11-13 20:40:14,468 [grpc-default-executor-1] INFO  segmented.SegmentedRaftLogWorker (SegmentedRaftLogWorker.java:close(224)) - 63c5c595-8d4c-4001-b46d-6e0cbb5b9d3c@group-007C6F2F8B97-SegmentedRaftLogWorker close()
2019-11-13 20:40:14,533 [Thread-4046] INFO  impl.FollowerState (FollowerState.java:run(120)) - 63c5c595-8d4c-4001-b46d-6e0cbb5b9d3c@group-007C6F2F8B97-FollowerState was interrupted: java.lang.InterruptedException: sleep interrupted
2019-11-13 20:40:14,592 [grpc-default-executor-1] INFO  impl.RaftServerProxy (RaftServerProxy.java:remove(95)) - 2929643e-7442-4794-a56e-1c38ca296261: remove  FOLLOWER 2929643e-7442-4794-a56e-1c38ca296261@group-007C6F2F8B97:t1, leader=d8a6778e-ef1b-4a45-8dc3-d54ef706ff02, voted=2929643e-7442-4794-a56e-1c38ca296261, raftlog=2929643e-7442-4794-a56e-1c38ca296261@group-007C6F2F8B97-SegmentedRaftLog:OPENED:c0,f0,i0, conf=0: [63c5c595-8d4c-4001-b46d-6e0cbb5b9d3c:192.168.34.20:42027, d8a6778e-ef1b-4a45-8dc3-d54ef706ff02:192.168.34.20:34234, 2929643e-7442-4794-a56e-1c38ca296261:192.168.34.20:43198], old=null RUNNING
2019-11-13 20:40:14,593 [grpc-default-executor-1] INFO  impl.RaftServerImpl (RaftServerImpl.java:lambda$shutdown$3(250)) - 2929643e-7442-4794-a56e-1c38ca296261@group-007C6F2F8B97: shutdown
2019-11-13 20:40:14,593 [grpc-default-executor-1] INFO  util.JmxRegister (JmxRegister.java:unregister(73)) - Successfully un-registered JMX Bean with object name Ratis:service=RaftServer,group=group-007C6F2F8B97,id=2929643e-7442-4794-a56e-1c38ca296261
2019-11-13 20:40:14,593 [grpc-default-executor-1] INFO  impl.RoleInfo (RoleInfo.java:shutdownFollowerState(121)) - 2929643e-7442-4794-a56e-1c38ca296261: shutdown FollowerState
2019-11-13 20:40:14,593 [grpc-default-executor-1] INFO  impl.StateMachineUpdater (StateMachineUpdater.java:stopAndJoin(136)) - 2929643e-7442-4794-a56e-1c38ca296261@group-007C6F2F8B97-StateMachineUpdater: set stopIndex = 0
2019-11-13 20:40:14,593 [Thread-4047] INFO  impl.FollowerState (FollowerState.java:run(120)) - 2929643e-7442-4794-a56e-1c38ca296261@group-007C6F2F8B97-FollowerState was interrupted: java.lang.InterruptedException: sleep interrupted
2019-11-13 20:40:14,594 [grpc-default-executor-1] INFO  impl.RaftServerImpl (ServerState.java:close(387)) - 2929643e-7442-4794-a56e-1c38ca296261@group-007C6F2F8B97: closes. applyIndex: 0
2019-11-13 20:40:14,594 [2929643e-7442-4794-a56e-1c38ca296261@group-007C6F2F8B97-SegmentedRaftLogWorker] INFO  segmented.SegmentedRaftLogWorker (SegmentedRaftLogWorker.java:run(316)) - 2929643e-7442-4794-a56e-1c38ca296261@group-007C6F2F8B97-SegmentedRaftLogWorker was interrupted, exiting. There are 0 tasks remaining in the queue.
2019-11-13 20:40:14,594 [grpc-default-executor-1] INFO  segmented.SegmentedRaftLogWorker (SegmentedRaftLogWorker.java:close(224)) - 2929643e-7442-4794-a56e-1c38ca296261@group-007C6F2F8B97-SegmentedRaftLogWorker close()
2019-11-13 20:40:14,612 [grpc-default-executor-1] INFO  impl.RaftServerProxy (RaftServerProxy.java:remove(95)) - d8a6778e-ef1b-4a45-8dc3-d54ef706ff02: remove    LEADER d8a6778e-ef1b-4a45-8dc3-d54ef706ff02@group-007C6F2F8B97:t1, leader=d8a6778e-ef1b-4a45-8dc3-d54ef706ff02, voted=d8a6778e-ef1b-4a45-8dc3-d54ef706ff02, raftlog=d8a6778e-ef1b-4a45-8dc3-d54ef706ff02@group-007C6F2F8B97-SegmentedRaftLog:OPENED:c0,f0,i0, conf=0: [63c5c595-8d4c-4001-b46d-6e0cbb5b9d3c:192.168.34.20:42027, d8a6778e-ef1b-4a45-8dc3-d54ef706ff02:192.168.34.20:34234, 2929643e-7442-4794-a56e-1c38ca296261:192.168.34.20:43198], old=null RUNNING
2019-11-13 20:40:14,612 [grpc-default-executor-1] INFO  impl.RaftServerImpl (RaftServerImpl.java:lambda$shutdown$3(250)) - d8a6778e-ef1b-4a45-8dc3-d54ef706ff02@group-007C6F2F8B97: shutdown
2019-11-13 20:40:14,612 [grpc-default-executor-1] INFO  util.JmxRegister (JmxRegister.java:unregister(73)) - Successfully un-registered JMX Bean with object name Ratis:service=RaftServer,group=group-007C6F2F8B97,id=d8a6778e-ef1b-4a45-8dc3-d54ef706ff02
2019-11-13 20:40:14,612 [grpc-default-executor-1] INFO  impl.RoleInfo (RoleInfo.java:shutdownLeaderState(104)) - d8a6778e-ef1b-4a45-8dc3-d54ef706ff02: shutdown LeaderState
2019-11-13 20:40:14,616 [grpc-default-executor-1] INFO  impl.PendingRequests (PendingRequests.java:sendNotLeaderResponses(206)) - d8a6778e-ef1b-4a45-8dc3-d54ef706ff02@group-007C6F2F8B97-PendingRequests: sendNotLeaderResponses
2019-11-13 20:40:14,616 [org.apache.ratis.server.impl.LogAppender$AppenderDaemon$$Lambda$478/1368138073@cbe44b5] WARN  server.GrpcLogAppender (GrpcLogAppender.java:mayWait(151)) - d8a6778e-ef1b-4a45-8dc3-d54ef706ff02@group-007C6F2F8B97->2929643e-7442-4794-a56e-1c38ca296261-GrpcLogAppender: Wait interrupted by java.lang.InterruptedException
2019-11-13 20:40:14,616 [grpc-default-executor-1] INFO  impl.StateMachineUpdater (StateMachineUpdater.java:stopAndJoin(136)) - d8a6778e-ef1b-4a45-8dc3-d54ef706ff02@group-007C6F2F8B97-StateMachineUpdater: set stopIndex = 0
2019-11-13 20:40:14,616 [grpc-default-executor-1] INFO  impl.RaftServerImpl (ServerState.java:close(387)) - d8a6778e-ef1b-4a45-8dc3-d54ef706ff02@group-007C6F2F8B97: closes. applyIndex: 0
2019-11-13 20:40:14,616 [org.apache.ratis.server.impl.LogAppender$AppenderDaemon$$Lambda$478/1368138073@49bcd3e6] WARN  server.GrpcLogAppender (GrpcLogAppender.java:mayWait(151)) - d8a6778e-ef1b-4a45-8dc3-d54ef706ff02@group-007C6F2F8B97->63c5c595-8d4c-4001-b46d-6e0cbb5b9d3c-GrpcLogAppender: Wait interrupted by java.lang.InterruptedException
2019-11-13 20:40:14,616 [grpc-default-executor-2] INFO  server.GrpcServerProtocolService (GrpcServerProtocolService.java:onCompleted(113)) - 2929643e-7442-4794-a56e-1c38ca296261: Completed APPEND_ENTRIES, lastRequest: d8a6778e-ef1b-4a45-8dc3-d54ef706ff02->2929643e-7442-4794-a56e-1c38ca296261#5-t1, previous=(t:1, i:0), leaderCommit=0, initializing? false, entries: <empty>
2019-11-13 20:40:14,616 [d8a6778e-ef1b-4a45-8dc3-d54ef706ff02@group-007C6F2F8B97-SegmentedRaftLogWorker] INFO  segmented.SegmentedRaftLogWorker (SegmentedRaftLogWorker.java:run(316)) - d8a6778e-ef1b-4a45-8dc3-d54ef706ff02@group-007C6F2F8B97-SegmentedRaftLogWorker was interrupted, exiting. There are 0 tasks remaining in the queue.
2019-11-13 20:40:14,617 [grpc-default-executor-2] INFO  server.GrpcServerProtocolService (GrpcServerProtocolService.java:onCompleted(113)) - 63c5c595-8d4c-4001-b46d-6e0cbb5b9d3c: Completed APPEND_ENTRIES, lastRequest: d8a6778e-ef1b-4a45-8dc3-d54ef706ff02->63c5c595-8d4c-4001-b46d-6e0cbb5b9d3c#5-t1, previous=(t:1, i:0), leaderCommit=0, initializing? false, entries: <empty>
2019-11-13 20:40:14,617 [grpc-default-executor-4] INFO  server.GrpcLogAppender (GrpcLogAppender.java:onCompleted(308)) - d8a6778e-ef1b-4a45-8dc3-d54ef706ff02@group-007C6F2F8B97->2929643e-7442-4794-a56e-1c38ca296261-AppendLogResponseHandler: follower responses appendEntries COMPLETED
2019-11-13 20:40:14,617 [grpc-default-executor-1] INFO  segmented.SegmentedRaftLogWorker (SegmentedRaftLogWorker.java:close(224)) - d8a6778e-ef1b-4a45-8dc3-d54ef706ff02@group-007C6F2F8B97-SegmentedRaftLogWorker close()
2019-11-13 20:40:14,617 [grpc-default-executor-2] INFO  server.GrpcLogAppender (GrpcLogAppender.java:onCompleted(308)) - d8a6778e-ef1b-4a45-8dc3-d54ef706ff02@group-007C6F2F8B97->63c5c595-8d4c-4001-b46d-6e0cbb5b9d3c-AppendLogResponseHandler: follower responses appendEntries COMPLETED
2019-11-13 20:40:14,617 [grpc-default-executor-4] INFO  impl.FollowerInfo (FollowerInfo.java:lambda$new$0(51)) - d8a6778e-ef1b-4a45-8dc3-d54ef706ff02@group-007C6F2F8B97->2929643e-7442-4794-a56e-1c38ca296261: nextIndex: updateUnconditionally 1 -> 0
2019-11-13 20:40:14,617 [grpc-default-executor-2] INFO  impl.FollowerInfo (FollowerInfo.java:lambda$new$0(51)) - d8a6778e-ef1b-4a45-8dc3-d54ef706ff02@group-007C6F2F8B97->63c5c595-8d4c-4001-b46d-6e0cbb5b9d3c: nextIndex: updateUnconditionally 1 -> 0
2019-11-13 20:40:14,619 [Thread-3954] INFO  pipeline.PipelineStateManager (PipelineStateManager.java:removePipeline(106)) - Pipeline Pipeline[ Id: 9d3f366f-609a-4e08-bcd7-007c6f2f8b97, Nodes: 63c5c595-8d4c-4001-b46d-6e0cbb5b9d3c{ip: 192.168.34.20, host: pr-hdds-2470-fxbl9-3826649461, networkLocation: /rack1, certSerialId: null}2929643e-7442-4794-a56e-1c38ca296261{ip: 192.168.34.20, host: pr-hdds-2470-fxbl9-3826649461, networkLocation: /rack1, certSerialId: null}d8a6778e-ef1b-4a45-8dc3-d54ef706ff02{ip: 192.168.34.20, host: pr-hdds-2470-fxbl9-3826649461, networkLocation: /rack1, certSerialId: null}, Type:RATIS, Factor:THREE, State:CLOSED] removed from db
2019-11-13 20:40:14,619 [Thread-3954] INFO  pipeline.SCMPipelineManager (SCMPipelineManager.java:finalizeAndDestroyPipeline(315)) - destroying pipeline:Pipeline[ Id: ae8d1abb-7e8e-4ec4-8060-bfb5ff35fa29, Nodes: a35788b4-68d9-46fd-b847-60a9b7211510{ip: 192.168.34.20, host: pr-hdds-2470-fxbl9-3826649461, networkLocation: /rack1, certSerialId: null}, Type:RATIS, Factor:ONE, State:OPEN]
2019-11-13 20:40:14,634 [grpc-default-executor-1] INFO  impl.RaftServerProxy (RaftServerProxy.java:addNew(89)) - 63c5c595-8d4c-4001-b46d-6e0cbb5b9d3c: addNew group-1F54BEB118E4:[63c5c595-8d4c-4001-b46d-6e0cbb5b9d3c:192.168.34.20:42027, 2929643e-7442-4794-a56e-1c38ca296261:192.168.34.20:43198, dce7850f-9f3d-4223-ba72-4d8238cab252:192.168.34.20:38603] returns group-1F54BEB118E4:java.util.concurrent.CompletableFuture@223d480f[Not completed]
2019-11-13 20:40:14,634 [grpc-default-executor-2] INFO  impl.RaftServerProxy (RaftServerProxy.java:addNew(89)) - dce7850f-9f3d-4223-ba72-4d8238cab252: addNew group-1F54BEB118E4:[63c5c595-8d4c-4001-b46d-6e0cbb5b9d3c:192.168.34.20:42027, 2929643e-7442-4794-a56e-1c38ca296261:192.168.34.20:43198, dce7850f-9f3d-4223-ba72-4d8238cab252:192.168.34.20:38603] returns group-1F54BEB118E4:java.util.concurrent.CompletableFuture@1e271cdb[Not completed]
2019-11-13 20:40:14,634 [grpc-default-executor-4] INFO  impl.RaftServerProxy (RaftServerProxy.java:addNew(89)) - 2929643e-7442-4794-a56e-1c38ca296261: addNew group-1F54BEB118E4:[63c5c595-8d4c-4001-b46d-6e0cbb5b9d3c:192.168.34.20:42027, 2929643e-7442-4794-a56e-1c38ca296261:192.168.34.20:43198, dce7850f-9f3d-4223-ba72-4d8238cab252:192.168.34.20:38603] returns group-1F54BEB118E4:java.util.concurrent.CompletableFuture@760ab4cc[Not completed]
2019-11-13 20:40:14,636 [pool-549-thread-1] INFO  impl.RaftServerImpl (RaftServerImpl.java:<init>(98)) - 63c5c595-8d4c-4001-b46d-6e0cbb5b9d3c: new RaftServerImpl for group-1F54BEB118E4:[63c5c595-8d4c-4001-b46d-6e0cbb5b9d3c:192.168.34.20:42027, 2929643e-7442-4794-a56e-1c38ca296261:192.168.34.20:43198, dce7850f-9f3d-4223-ba72-4d8238cab252:192.168.34.20:38603] with ContainerStateMachine:uninitialized
2019-11-13 20:40:14,636 [pool-549-thread-1] INFO  server.RaftServerConfigKeys (ConfUtils.java:logGet(43)) - raft.server.rpc.timeout.min = 1s (custom)
2019-11-13 20:40:14,636 [pool-549-thread-1] INFO  server.RaftServerConfigKeys (ConfUtils.java:logGet(43)) - raft.server.rpc.timeout.max = 1200ms (custom)
2019-11-13 20:40:14,636 [pool-549-thread-1] INFO  server.RaftServerConfigKeys (ConfUtils.java:logGet(43)) - raft.server.rpcslowness.timeout = 120s (custom)
2019-11-13 20:40:14,636 [pool-549-thread-1] INFO  server.RaftServerConfigKeys (ConfUtils.java:logGet(43)) - raft.server.sleep.deviation.threshold = 300 (default)
2019-11-13 20:40:14,636 [pool-549-thread-1] INFO  server.RaftServerConfigKeys (ConfUtils.java:logGet(43)) - raft.server.log.appender.install.snapshot.enabled = false (custom)
2019-11-13 20:40:14,636 [pool-549-thread-1] INFO  impl.RaftServerImpl (ServerState.java:<init>(103)) - 63c5c595-8d4c-4001-b46d-6e0cbb5b9d3c@group-1F54BEB118E4: ConfigurationManager, init=-1: [63c5c595-8d4c-4001-b46d-6e0cbb5b9d3c:192.168.34.20:42027, 2929643e-7442-4794-a56e-1c38ca296261:192.168.34.20:43198, dce7850f-9f3d-4223-ba72-4d8238cab252:192.168.34.20:38603], old=null, confs=<EMPTY_MAP>
2019-11-13 20:40:14,636 [pool-549-thread-1] INFO  server.RaftServerConfigKeys (ConfUtils.java:logGet(43)) - raft.server.storage.dir = [/workdir/hadoop-ozone/integration-test/target/test-dir/MiniOzoneClusterImpl-23a5d35f-12cc-4157-b83c-481d86791456/datanode-4/data/ratis] (custom)
2019-11-13 20:40:14,637 [pool-539-thread-1] INFO  impl.RaftServerImpl (RaftServerImpl.java:<init>(98)) - 2929643e-7442-4794-a56e-1c38ca296261: new RaftServerImpl for group-1F54BEB118E4:[63c5c595-8d4c-4001-b46d-6e0cbb5b9d3c:192.168.34.20:42027, 2929643e-7442-4794-a56e-1c38ca296261:192.168.34.20:43198, dce7850f-9f3d-4223-ba72-4d8238cab252:192.168.34.20:38603] with ContainerStateMachine:uninitialized
2019-11-13 20:40:14,637 [pool-549-thread-1] INFO  server.RaftServerConfigKeys (ConfUtils.java:logGet(43)) - raft.server.log.corruption.policy = EXCEPTION (default)
2019-11-13 20:40:14,637 [pool-539-thread-1] INFO  server.RaftServerConfigKeys (ConfUtils.java:logGet(43)) - raft.server.rpc.timeout.min = 1s (custom)
2019-11-13 20:40:14,637 [pool-549-thread-1] INFO  storage.RaftStorageDirectory (RaftStorageDirectory.java:analyzeStorage(246)) - The storage directory /workdir/hadoop-ozone/integration-test/target/test-dir/MiniOzoneClusterImpl-23a5d35f-12cc-4157-b83c-481d86791456/datanode-4/data/ratis/acc2acbb-a4d5-4292-8026-1f54beb118e4 does not exist. Creating ...
2019-11-13 20:40:14,637 [pool-519-thread-1] INFO  impl.RaftServerImpl (RaftServerImpl.java:<init>(98)) - dce7850f-9f3d-4223-ba72-4d8238cab252: new RaftServerImpl for group-1F54BEB118E4:[63c5c595-8d4c-4001-b46d-6e0cbb5b9d3c:192.168.34.20:42027, 2929643e-7442-4794-a56e-1c38ca296261:192.168.34.20:43198, dce7850f-9f3d-4223-ba72-4d8238cab252:192.168.34.20:38603] with ContainerStateMachine:uninitialized
2019-11-13 20:40:14,637 [pool-539-thread-1] INFO  server.RaftServerConfigKeys (ConfUtils.java:logGet(43)) - raft.server.rpc.timeout.max = 1200ms (custom)
2019-11-13 20:40:14,637 [pool-519-thread-1] INFO  server.RaftServerConfigKeys (ConfUtils.java:logGet(43)) - raft.server.rpc.timeout.min = 1s (custom)
2019-11-13 20:40:14,637 [pool-539-thread-1] INFO  server.RaftServerConfigKeys (ConfUtils.java:logGet(43)) - raft.server.rpcslowness.timeout = 120s (custom)
2019-11-13 20:40:14,637 [pool-519-thread-1] INFO  server.RaftServerConfigKeys (ConfUtils.java:logGet(43)) - raft.server.rpc.timeout.max = 1200ms (custom)
2019-11-13 20:40:14,637 [pool-539-thread-1] INFO  server.RaftServerConfigKeys (ConfUtils.java:logGet(43)) - raft.server.sleep.deviation.threshold = 300 (default)
2019-11-13 20:40:14,638 [pool-519-thread-1] INFO  server.RaftServerConfigKeys (ConfUtils.java:logGet(43)) - raft.server.rpcslowness.timeout = 120s (custom)
2019-11-13 20:40:14,638 [pool-539-thread-1] INFO  server.RaftServerConfigKeys (ConfUtils.java:logGet(43)) - raft.server.log.appender.install.snapshot.enabled = false (custom)
2019-11-13 20:40:14,638 [pool-519-thread-1] INFO  server.RaftServerConfigKeys (ConfUtils.java:logGet(43)) - raft.server.sleep.deviation.threshold = 300 (default)
2019-11-13 20:40:14,638 [pool-539-thread-1] INFO  impl.RaftServerImpl (ServerState.java:<init>(103)) - 2929643e-7442-4794-a56e-1c38ca296261@group-1F54BEB118E4: ConfigurationManager, init=-1: [63c5c595-8d4c-4001-b46d-6e0cbb5b9d3c:192.168.34.20:42027, 2929643e-7442-4794-a56e-1c38ca296261:192.168.34.20:43198, dce7850f-9f3d-4223-ba72-4d8238cab252:192.168.34.20:38603], old=null, confs=<EMPTY_MAP>
2019-11-13 20:40:14,638 [pool-519-thread-1] INFO  server.RaftServerConfigKeys (ConfUtils.java:logGet(43)) - raft.server.log.appender.install.snapshot.enabled = false (custom)
2019-11-13 20:40:14,638 [pool-539-thread-1] INFO  server.RaftServerConfigKeys (ConfUtils.java:logGet(43)) - raft.server.storage.dir = [/workdir/hadoop-ozone/integration-test/target/test-dir/MiniOzoneClusterImpl-23a5d35f-12cc-4157-b83c-481d86791456/datanode-3/data/ratis] (custom)
2019-11-13 20:40:14,638 [pool-519-thread-1] INFO  impl.RaftServerImpl (ServerState.java:<init>(103)) - dce7850f-9f3d-4223-ba72-4d8238cab252@group-1F54BEB118E4: ConfigurationManager, init=-1: [63c5c595-8d4c-4001-b46d-6e0cbb5b9d3c:192.168.34.20:42027, 2929643e-7442-4794-a56e-1c38ca296261:192.168.34.20:43198, dce7850f-9f3d-4223-ba72-4d8238cab252:192.168.34.20:38603], old=null, confs=<EMPTY_MAP>
2019-11-13 20:40:14,638 [pool-519-thread-1] INFO  server.RaftServerConfigKeys (ConfUtils.java:logGet(43)) - raft.server.storage.dir = [/workdir/hadoop-ozone/integration-test/target/test-dir/MiniOzoneClusterImpl-23a5d35f-12cc-4157-b83c-481d86791456/datanode-1/data/ratis] (custom)
2019-11-13 20:40:14,638 [pool-539-thread-1] INFO  server.RaftServerConfigKeys (ConfUtils.java:logGet(43)) - raft.server.log.corruption.policy = EXCEPTION (default)
2019-11-13 20:40:14,638 [pool-519-thread-1] INFO  server.RaftServerConfigKeys (ConfUtils.java:logGet(43)) - raft.server.log.corruption.policy = EXCEPTION (default)
2019-11-13 20:40:14,639 [pool-539-thread-1] INFO  storage.RaftStorageDirectory (RaftStorageDirectory.java:analyzeStorage(246)) - The storage directory /workdir/hadoop-ozone/integration-test/target/test-dir/MiniOzoneClusterImpl-23a5d35f-12cc-4157-b83c-481d86791456/datanode-3/data/ratis/acc2acbb-a4d5-4292-8026-1f54beb118e4 does not exist. Creating ...
2019-11-13 20:40:14,639 [pool-519-thread-1] INFO  storage.RaftStorageDirectory (RaftStorageDirectory.java:analyzeStorage(246)) - The storage directory /workdir/hadoop-ozone/integration-test/target/test-dir/MiniOzoneClusterImpl-23a5d35f-12cc-4157-b83c-481d86791456/datanode-1/data/ratis/acc2acbb-a4d5-4292-8026-1f54beb118e4 does not exist. Creating ...
2019-11-13 20:40:14,663 [pool-549-thread-1] INFO  storage.RaftStorageDirectory (RaftStorageDirectory.java:tryLock(328)) - Lock on /workdir/hadoop-ozone/integration-test/target/test-dir/MiniOzoneClusterImpl-23a5d35f-12cc-4157-b83c-481d86791456/datanode-4/data/ratis/acc2acbb-a4d5-4292-8026-1f54beb118e4/in_use.lock acquired by nodename 4541@pr-hdds-2470-fxbl9-3826649461
2019-11-13 20:40:14,663 [pool-519-thread-1] INFO  storage.RaftStorageDirectory (RaftStorageDirectory.java:tryLock(328)) - Lock on /workdir/hadoop-ozone/integration-test/target/test-dir/MiniOzoneClusterImpl-23a5d35f-12cc-4157-b83c-481d86791456/datanode-1/data/ratis/acc2acbb-a4d5-4292-8026-1f54beb118e4/in_use.lock acquired by nodename 4541@pr-hdds-2470-fxbl9-3826649461
2019-11-13 20:40:14,663 [pool-539-thread-1] INFO  storage.RaftStorageDirectory (RaftStorageDirectory.java:tryLock(328)) - Lock on /workdir/hadoop-ozone/integration-test/target/test-dir/MiniOzoneClusterImpl-23a5d35f-12cc-4157-b83c-481d86791456/datanode-3/data/ratis/acc2acbb-a4d5-4292-8026-1f54beb118e4/in_use.lock acquired by nodename 4541@pr-hdds-2470-fxbl9-3826649461
2019-11-13 20:40:14,698 [pool-519-thread-1] INFO  storage.RaftStorage (RaftStorage.java:format(84)) - Storage directory /workdir/hadoop-ozone/integration-test/target/test-dir/MiniOzoneClusterImpl-23a5d35f-12cc-4157-b83c-481d86791456/datanode-1/data/ratis/acc2acbb-a4d5-4292-8026-1f54beb118e4 has been successfully formatted.
2019-11-13 20:40:14,698 [pool-549-thread-1] INFO  storage.RaftStorage (RaftStorage.java:format(84)) - Storage directory /workdir/hadoop-ozone/integration-test/target/test-dir/MiniOzoneClusterImpl-23a5d35f-12cc-4157-b83c-481d86791456/datanode-4/data/ratis/acc2acbb-a4d5-4292-8026-1f54beb118e4 has been successfully formatted.
2019-11-13 20:40:14,698 [pool-519-thread-1] INFO  ratis.ContainerStateMachine (ContainerStateMachine.java:loadSnapshot(223)) - group-1F54BEB118E4: The snapshot info is null. Setting the last applied indexto:(t:0, i:~)
2019-11-13 20:40:14,698 [pool-549-thread-1] INFO  ratis.ContainerStateMachine (ContainerStateMachine.java:loadSnapshot(223)) - group-1F54BEB118E4: The snapshot info is null. Setting the last applied indexto:(t:0, i:~)
2019-11-13 20:40:14,698 [pool-539-thread-1] INFO  storage.RaftStorage (RaftStorage.java:format(84)) - Storage directory /workdir/hadoop-ozone/integration-test/target/test-dir/MiniOzoneClusterImpl-23a5d35f-12cc-4157-b83c-481d86791456/datanode-3/data/ratis/acc2acbb-a4d5-4292-8026-1f54beb118e4 has been successfully formatted.
2019-11-13 20:40:14,698 [pool-549-thread-1] INFO  server.RaftServerConfigKeys (ConfUtils.java:logGet(43)) - raft.server.notification.no-leader.timeout = 120s (custom)
2019-11-13 20:40:14,698 [pool-519-thread-1] INFO  server.RaftServerConfigKeys (ConfUtils.java:logGet(43)) - raft.server.notification.no-leader.timeout = 120s (custom)
2019-11-13 20:40:14,699 [pool-549-thread-1] INFO  server.RaftServerConfigKeys (ConfUtils.java:logGet(43)) - raft.server.log.use.memory = false (default)
2019-11-13 20:40:14,699 [pool-539-thread-1] INFO  ratis.ContainerStateMachine (ContainerStateMachine.java:loadSnapshot(223)) - group-1F54BEB118E4: The snapshot info is null. Setting the last applied indexto:(t:0, i:~)
2019-11-13 20:40:14,699 [pool-549-thread-1] INFO  server.RaftServerConfigKeys (ConfUtils.java:logGet(43)) - raft.server.log.purge.gap = 1000000 (custom)
2019-11-13 20:40:14,699 [pool-519-thread-1] INFO  server.RaftServerConfigKeys (ConfUtils.java:logGet(43)) - raft.server.log.use.memory = false (default)
2019-11-13 20:40:14,699 [pool-549-thread-1] INFO  server.RaftServerConfigKeys (ConfUtils.java:logGet(43)) - raft.server.log.appender.buffer.byte-limit = 33554432 (custom)
2019-11-13 20:40:14,699 [pool-539-thread-1] INFO  server.RaftServerConfigKeys (ConfUtils.java:logGet(43)) - raft.server.notification.no-leader.timeout = 120s (custom)
2019-11-13 20:40:14,699 [pool-549-thread-1] INFO  server.RaftServerConfigKeys (ConfUtils.java:logGet(43)) - raft.server.log.segment.size.max = 1048576 (custom)
2019-11-13 20:40:14,699 [pool-519-thread-1] INFO  server.RaftServerConfigKeys (ConfUtils.java:logGet(43)) - raft.server.log.purge.gap = 1000000 (custom)
2019-11-13 20:40:14,700 [pool-549-thread-1] INFO  server.RaftServerConfigKeys (ConfUtils.java:logGet(43)) - raft.server.log.segment.cache.num.max = 2 (custom)
2019-11-13 20:40:14,699 [pool-539-thread-1] INFO  server.RaftServerConfigKeys (ConfUtils.java:logGet(43)) - raft.server.log.use.memory = false (default)
2019-11-13 20:40:14,700 [pool-549-thread-1] INFO  segmented.SegmentedRaftLogWorker (SegmentedRaftLogWorker.java:<init>(173)) - new 63c5c595-8d4c-4001-b46d-6e0cbb5b9d3c@group-1F54BEB118E4-SegmentedRaftLogWorker for RaftStorage:Storage Directory /workdir/hadoop-ozone/integration-test/target/test-dir/MiniOzoneClusterImpl-23a5d35f-12cc-4157-b83c-481d86791456/datanode-4/data/ratis/acc2acbb-a4d5-4292-8026-1f54beb118e4
2019-11-13 20:40:14,700 [pool-519-thread-1] INFO  server.RaftServerConfigKeys (ConfUtils.java:logGet(43)) - raft.server.log.appender.buffer.byte-limit = 33554432 (custom)
2019-11-13 20:40:14,700 [pool-549-thread-1] INFO  server.RaftServerConfigKeys (ConfUtils.java:logGet(43)) - raft.server.log.queue.byte-limit = 2147483647 (custom)
2019-11-13 20:40:14,700 [pool-539-thread-1] INFO  server.RaftServerConfigKeys (ConfUtils.java:logGet(43)) - raft.server.log.purge.gap = 1000000 (custom)
2019-11-13 20:40:14,700 [pool-549-thread-1] INFO  server.RaftServerConfigKeys (ConfUtils.java:logGet(43)) - raft.server.log.queue.element-limit = 1024 (custom)
2019-11-13 20:40:14,700 [pool-519-thread-1] INFO  server.RaftServerConfigKeys (ConfUtils.java:logGet(43)) - raft.server.log.segment.size.max = 1048576 (custom)
2019-11-13 20:40:14,701 [pool-549-thread-1] INFO  server.RaftServerConfigKeys (ConfUtils.java:logGet(43)) - raft.server.log.segment.size.max = 1048576 (custom)
2019-11-13 20:40:14,700 [pool-539-thread-1] INFO  server.RaftServerConfigKeys (ConfUtils.java:logGet(43)) - raft.server.log.appender.buffer.byte-limit = 33554432 (custom)
2019-11-13 20:40:14,701 [pool-549-thread-1] INFO  server.RaftServerConfigKeys (ConfUtils.java:logGet(43)) - raft.server.log.preallocated.size = 16384 (custom)
2019-11-13 20:40:14,701 [pool-519-thread-1] INFO  server.RaftServerConfigKeys (ConfUtils.java:logGet(43)) - raft.server.log.segment.cache.num.max = 2 (custom)
2019-11-13 20:40:14,701 [pool-549-thread-1] INFO  server.RaftServerConfigKeys (ConfUtils.java:logGet(43)) - raft.server.log.write.buffer.size = 33554432 (custom)
2019-11-13 20:40:14,701 [pool-539-thread-1] INFO  server.RaftServerConfigKeys (ConfUtils.java:logGet(43)) - raft.server.log.segment.size.max = 1048576 (custom)
2019-11-13 20:40:14,701 [pool-549-thread-1] INFO  server.RaftServerConfigKeys (ConfUtils.java:logGet(43)) - raft.server.log.force.sync.num = 128 (default)
2019-11-13 20:40:14,701 [pool-519-thread-1] INFO  segmented.SegmentedRaftLogWorker (SegmentedRaftLogWorker.java:<init>(173)) - new dce7850f-9f3d-4223-ba72-4d8238cab252@group-1F54BEB118E4-SegmentedRaftLogWorker for RaftStorage:Storage Directory /workdir/hadoop-ozone/integration-test/target/test-dir/MiniOzoneClusterImpl-23a5d35f-12cc-4157-b83c-481d86791456/datanode-1/data/ratis/acc2acbb-a4d5-4292-8026-1f54beb118e4
2019-11-13 20:40:14,701 [pool-549-thread-1] INFO  server.RaftServerConfigKeys (ConfUtils.java:logGet(43)) - raft.server.log.statemachine.data.sync = true (default)
2019-11-13 20:40:14,701 [pool-539-thread-1] INFO  server.RaftServerConfigKeys (ConfUtils.java:logGet(43)) - raft.server.log.segment.cache.num.max = 2 (custom)
2019-11-13 20:40:14,702 [pool-549-thread-1] INFO  server.RaftServerConfigKeys (ConfUtils.java:logGet(43)) - raft.server.log.statemachine.data.sync.timeout = 10s (default)
2019-11-13 20:40:14,702 [pool-519-thread-1] INFO  server.RaftServerConfigKeys (ConfUtils.java:logGet(43)) - raft.server.log.queue.byte-limit = 2147483647 (custom)
2019-11-13 20:40:14,702 [pool-549-thread-1] INFO  server.RaftServerConfigKeys (ConfUtils.java:logGet(43)) - raft.server.log.statemachine.data.sync.timeout.retry = -1 (default)
2019-11-13 20:40:14,702 [pool-539-thread-1] INFO  segmented.SegmentedRaftLogWorker (SegmentedRaftLogWorker.java:<init>(173)) - new 2929643e-7442-4794-a56e-1c38ca296261@group-1F54BEB118E4-SegmentedRaftLogWorker for RaftStorage:Storage Directory /workdir/hadoop-ozone/integration-test/target/test-dir/MiniOzoneClusterImpl-23a5d35f-12cc-4157-b83c-481d86791456/datanode-3/data/ratis/acc2acbb-a4d5-4292-8026-1f54beb118e4
2019-11-13 20:40:14,702 [pool-549-thread-1] INFO  server.RaftServerConfigKeys (ConfUtils.java:logGet(43)) - raft.server.log.statemachine.data.caching.enabled = true (custom)
2019-11-13 20:40:14,702 [pool-519-thread-1] INFO  server.RaftServerConfigKeys (ConfUtils.java:logGet(43)) - raft.server.log.queue.element-limit = 1024 (custom)
2019-11-13 20:40:14,702 [pool-539-thread-1] INFO  server.RaftServerConfigKeys (ConfUtils.java:logGet(43)) - raft.server.log.queue.byte-limit = 2147483647 (custom)
2019-11-13 20:40:14,702 [pool-549-thread-1] INFO  segmented.SegmentedRaftLogWorker (SegmentedRaftLogWorker.java:lambda$new$0(128)) - 63c5c595-8d4c-4001-b46d-6e0cbb5b9d3c@group-1F54BEB118E4-SegmentedRaftLogWorker: flushIndex: setUnconditionally 0 -> -1
2019-11-13 20:40:14,702 [pool-519-thread-1] INFO  server.RaftServerConfigKeys (ConfUtils.java:logGet(43)) - raft.server.log.segment.size.max = 1048576 (custom)
2019-11-13 20:40:14,702 [pool-539-thread-1] INFO  server.RaftServerConfigKeys (ConfUtils.java:logGet(43)) - raft.server.log.queue.element-limit = 1024 (custom)
2019-11-13 20:40:14,703 [pool-549-thread-1] INFO  server.RaftServerConfigKeys (ConfUtils.java:logGet(43)) - raft.server.snapshot.auto.trigger.enabled = true (custom)
2019-11-13 20:40:14,703 [pool-519-thread-1] INFO  server.RaftServerConfigKeys (ConfUtils.java:logGet(43)) - raft.server.log.preallocated.size = 16384 (custom)
2019-11-13 20:40:14,703 [pool-549-thread-1] INFO  server.RaftServerConfigKeys (ConfUtils.java:logGet(43)) - raft.server.snapshot.auto.trigger.threshold = 10000 (custom)
2019-11-13 20:40:14,703 [pool-539-thread-1] INFO  server.RaftServerConfigKeys (ConfUtils.java:logGet(43)) - raft.server.log.segment.size.max = 1048576 (custom)
2019-11-13 20:40:14,703 [pool-549-thread-1] INFO  server.RaftServerConfigKeys (ConfUtils.java:logGet(43)) - raft.server.snapshot.retention.file.num = 5 (custom)
2019-11-13 20:40:14,703 [pool-519-thread-1] INFO  server.RaftServerConfigKeys (ConfUtils.java:logGet(43)) - raft.server.log.write.buffer.size = 33554432 (custom)
2019-11-13 20:40:14,703 [pool-549-thread-1] INFO  server.RaftServerConfigKeys (ConfUtils.java:logGet(43)) - raft.server.retrycache.expirytime = 600000ms (custom)
2019-11-13 20:40:14,703 [pool-539-thread-1] INFO  server.RaftServerConfigKeys (ConfUtils.java:logGet(43)) - raft.server.log.preallocated.size = 16384 (custom)
2019-11-13 20:40:14,703 [pool-549-thread-1] WARN  impl.MetricRegistriesImpl (MetricRegistriesImpl.java:lambda$create$1(61)) - First MetricRegistry has been created without registering reporters. You may need to call MetricRegistries.global().addReportRegistration(...) before.
2019-11-13 20:40:14,703 [pool-519-thread-1] INFO  server.RaftServerConfigKeys (ConfUtils.java:logGet(43)) - raft.server.log.force.sync.num = 128 (default)
2019-11-13 20:40:14,704 [pool-549-thread-1] WARN  impl.MetricRegistriesImpl (MetricRegistriesImpl.java:lambda$create$1(61)) - First MetricRegistry has been created without registering reporters. You may need to call MetricRegistries.global().addReportRegistration(...) before.
2019-11-13 20:40:14,704 [pool-539-thread-1] INFO  server.RaftServerConfigKeys (ConfUtils.java:logGet(43)) - raft.server.log.write.buffer.size = 33554432 (custom)
2019-11-13 20:40:14,704 [pool-549-thread-1] INFO  impl.RaftServerImpl (RaftServerImpl.java:start(184)) - 63c5c595-8d4c-4001-b46d-6e0cbb5b9d3c@group-1F54BEB118E4: start as a follower, conf=-1: [63c5c595-8d4c-4001-b46d-6e0cbb5b9d3c:192.168.34.20:42027, 2929643e-7442-4794-a56e-1c38ca296261:192.168.34.20:43198, dce7850f-9f3d-4223-ba72-4d8238cab252:192.168.34.20:38603], old=null
2019-11-13 20:40:14,704 [pool-519-thread-1] INFO  server.RaftServerConfigKeys (ConfUtils.java:logGet(43)) - raft.server.log.statemachine.data.sync = true (default)
2019-11-13 20:40:14,704 [pool-549-thread-1] INFO  impl.RaftServerImpl (RaftServerImpl.java:setRole(173)) - 63c5c595-8d4c-4001-b46d-6e0cbb5b9d3c@group-1F54BEB118E4: changes role from      null to FOLLOWER at term 0 for startAsFollower
2019-11-13 20:40:14,704 [pool-539-thread-1] INFO  server.RaftServerConfigKeys (ConfUtils.java:logGet(43)) - raft.server.log.force.sync.num = 128 (default)
2019-11-13 20:40:14,704 [pool-549-thread-1] INFO  impl.RoleInfo (RoleInfo.java:updateAndGet(143)) - 63c5c595-8d4c-4001-b46d-6e0cbb5b9d3c: start FollowerState
2019-11-13 20:40:14,704 [pool-519-thread-1] INFO  server.RaftServerConfigKeys (ConfUtils.java:logGet(43)) - raft.server.log.statemachine.data.sync.timeout = 10s (default)
2019-11-13 20:40:14,704 [pool-539-thread-1] INFO  server.RaftServerConfigKeys (ConfUtils.java:logGet(43)) - raft.server.log.statemachine.data.sync = true (default)
2019-11-13 20:40:14,705 [pool-519-thread-1] INFO  server.RaftServerConfigKeys (ConfUtils.java:logGet(43)) - raft.server.log.statemachine.data.sync.timeout.retry = -1 (default)
2019-11-13 20:40:14,705 [pool-549-thread-1] INFO  util.JmxRegister (JmxRegister.java:tryRegister(44)) - Successfully registered JMX Bean with object name Ratis:service=RaftServer,group=group-1F54BEB118E4,id=63c5c595-8d4c-4001-b46d-6e0cbb5b9d3c
2019-11-13 20:40:14,705 [pool-539-thread-1] INFO  server.RaftServerConfigKeys (ConfUtils.java:logGet(43)) - raft.server.log.statemachine.data.sync.timeout = 10s (default)
2019-11-13 20:40:14,705 [pool-549-thread-1] WARN  impl.MetricRegistriesImpl (MetricRegistriesImpl.java:lambda$create$1(61)) - First MetricRegistry has been created without registering reporters. You may need to call MetricRegistries.global().addReportRegistration(...) before.
2019-11-13 20:40:14,705 [pool-519-thread-1] INFO  server.RaftServerConfigKeys (ConfUtils.java:logGet(43)) - raft.server.log.statemachine.data.caching.enabled = true (custom)
2019-11-13 20:40:14,705 [pool-539-thread-1] INFO  server.RaftServerConfigKeys (ConfUtils.java:logGet(43)) - raft.server.log.statemachine.data.sync.timeout.retry = -1 (default)
2019-11-13 20:40:14,705 [pool-519-thread-1] INFO  segmented.SegmentedRaftLogWorker (SegmentedRaftLogWorker.java:lambda$new$0(128)) - dce7850f-9f3d-4223-ba72-4d8238cab252@group-1F54BEB118E4-SegmentedRaftLogWorker: flushIndex: setUnconditionally 0 -> -1
2019-11-13 20:40:14,705 [pool-539-thread-1] INFO  server.RaftServerConfigKeys (ConfUtils.java:logGet(43)) - raft.server.log.statemachine.data.caching.enabled = true (custom)
2019-11-13 20:40:14,706 [pool-519-thread-1] INFO  server.RaftServerConfigKeys (ConfUtils.java:logGet(43)) - raft.server.snapshot.auto.trigger.enabled = true (custom)
2019-11-13 20:40:14,706 [pool-539-thread-1] INFO  segmented.SegmentedRaftLogWorker (SegmentedRaftLogWorker.java:lambda$new$0(128)) - 2929643e-7442-4794-a56e-1c38ca296261@group-1F54BEB118E4-SegmentedRaftLogWorker: flushIndex: setUnconditionally 0 -> -1
2019-11-13 20:40:14,706 [pool-519-thread-1] INFO  server.RaftServerConfigKeys (ConfUtils.java:logGet(43)) - raft.server.snapshot.auto.trigger.threshold = 10000 (custom)
2019-11-13 20:40:14,706 [pool-519-thread-1] INFO  server.RaftServerConfigKeys (ConfUtils.java:logGet(43)) - raft.server.snapshot.retention.file.num = 5 (custom)
2019-11-13 20:40:14,706 [pool-539-thread-1] INFO  server.RaftServerConfigKeys (ConfUtils.java:logGet(43)) - raft.server.snapshot.auto.trigger.enabled = true (custom)
2019-11-13 20:40:14,706 [pool-519-thread-1] INFO  server.RaftServerConfigKeys (ConfUtils.java:logGet(43)) - raft.server.retrycache.expirytime = 600000ms (custom)
2019-11-13 20:40:14,706 [pool-539-thread-1] INFO  server.RaftServerConfigKeys (ConfUtils.java:logGet(43)) - raft.server.snapshot.auto.trigger.threshold = 10000 (custom)
2019-11-13 20:40:14,706 [pool-519-thread-1] WARN  impl.MetricRegistriesImpl (MetricRegistriesImpl.java:lambda$create$1(61)) - First MetricRegistry has been created without registering reporters. You may need to call MetricRegistries.global().addReportRegistration(...) before.
2019-11-13 20:40:14,706 [pool-539-thread-1] INFO  server.RaftServerConfigKeys (ConfUtils.java:logGet(43)) - raft.server.snapshot.retention.file.num = 5 (custom)
2019-11-13 20:40:14,706 [pool-519-thread-1] WARN  impl.MetricRegistriesImpl (MetricRegistriesImpl.java:lambda$create$1(61)) - First MetricRegistry has been created without registering reporters. You may need to call MetricRegistries.global().addReportRegistration(...) before.
2019-11-13 20:40:14,706 [pool-539-thread-1] INFO  server.RaftServerConfigKeys (ConfUtils.java:logGet(43)) - raft.server.retrycache.expirytime = 600000ms (custom)
2019-11-13 20:40:14,707 [pool-519-thread-1] INFO  impl.RaftServerImpl (RaftServerImpl.java:start(184)) - dce7850f-9f3d-4223-ba72-4d8238cab252@group-1F54BEB118E4: start as a follower, conf=-1: [63c5c595-8d4c-4001-b46d-6e0cbb5b9d3c:192.168.34.20:42027, 2929643e-7442-4794-a56e-1c38ca296261:192.168.34.20:43198, dce7850f-9f3d-4223-ba72-4d8238cab252:192.168.34.20:38603], old=null
2019-11-13 20:40:14,707 [pool-539-thread-1] WARN  impl.MetricRegistriesImpl (MetricRegistriesImpl.java:lambda$create$1(61)) - First MetricRegistry has been created without registering reporters. You may need to call MetricRegistries.global().addReportRegistration(...) before.
2019-11-13 20:40:14,707 [pool-519-thread-1] INFO  impl.RaftServerImpl (RaftServerImpl.java:setRole(173)) - dce7850f-9f3d-4223-ba72-4d8238cab252@group-1F54BEB118E4: changes role from      null to FOLLOWER at term 0 for startAsFollower
2019-11-13 20:40:14,707 [pool-539-thread-1] WARN  impl.MetricRegistriesImpl (MetricRegistriesImpl.java:lambda$create$1(61)) - First MetricRegistry has been created without registering reporters. You may need to call MetricRegistries.global().addReportRegistration(...) before.
2019-11-13 20:40:14,707 [pool-519-thread-1] INFO  impl.RoleInfo (RoleInfo.java:updateAndGet(143)) - dce7850f-9f3d-4223-ba72-4d8238cab252: start FollowerState
2019-11-13 20:40:14,707 [pool-539-thread-1] INFO  impl.RaftServerImpl (RaftServerImpl.java:start(184)) - 2929643e-7442-4794-a56e-1c38ca296261@group-1F54BEB118E4: start as a follower, conf=-1: [63c5c595-8d4c-4001-b46d-6e0cbb5b9d3c:192.168.34.20:42027, 2929643e-7442-4794-a56e-1c38ca296261:192.168.34.20:43198, dce7850f-9f3d-4223-ba72-4d8238cab252:192.168.34.20:38603], old=null
2019-11-13 20:40:14,707 [pool-539-thread-1] INFO  impl.RaftServerImpl (RaftServerImpl.java:setRole(173)) - 2929643e-7442-4794-a56e-1c38ca296261@group-1F54BEB118E4: changes role from      null to FOLLOWER at term 0 for startAsFollower
2019-11-13 20:40:14,707 [pool-539-thread-1] INFO  impl.RoleInfo (RoleInfo.java:updateAndGet(143)) - 2929643e-7442-4794-a56e-1c38ca296261: start FollowerState
2019-11-13 20:40:14,707 [pool-519-thread-1] INFO  util.JmxRegister (JmxRegister.java:tryRegister(44)) - Successfully registered JMX Bean with object name Ratis:service=RaftServer,group=group-1F54BEB118E4,id=dce7850f-9f3d-4223-ba72-4d8238cab252
2019-11-13 20:40:14,707 [pool-519-thread-1] WARN  impl.MetricRegistriesImpl (MetricRegistriesImpl.java:lambda$create$1(61)) - First MetricRegistry has been created without registering reporters. You may need to call MetricRegistries.global().addReportRegistration(...) before.
2019-11-13 20:40:14,707 [pool-539-thread-1] INFO  util.JmxRegister (JmxRegister.java:tryRegister(44)) - Successfully registered JMX Bean with object name Ratis:service=RaftServer,group=group-1F54BEB118E4,id=2929643e-7442-4794-a56e-1c38ca296261
2019-11-13 20:40:14,708 [pool-539-thread-1] WARN  impl.MetricRegistriesImpl (MetricRegistriesImpl.java:lambda$create$1(61)) - First MetricRegistry has been created without registering reporters. You may need to call MetricRegistries.global().addReportRegistration(...) before.
2019-11-13 20:40:14,710 [RatisPipelineUtilsThread] INFO  pipeline.PipelineStateManager (PipelineStateManager.java:addPipeline(55)) - Created pipeline Pipeline[ Id: acc2acbb-a4d5-4292-8026-1f54beb118e4, Nodes: 63c5c595-8d4c-4001-b46d-6e0cbb5b9d3c{ip: 192.168.34.20, host: pr-hdds-2470-fxbl9-3826649461, networkLocation: /rack1, certSerialId: null}dce7850f-9f3d-4223-ba72-4d8238cab252{ip: 192.168.34.20, host: pr-hdds-2470-fxbl9-3826649461, networkLocation: /rack1, certSerialId: null}2929643e-7442-4794-a56e-1c38ca296261{ip: 192.168.34.20, host: pr-hdds-2470-fxbl9-3826649461, networkLocation: /rack1, certSerialId: null}, Type:RATIS, Factor:THREE, State:ALLOCATED]
2019-11-13 20:40:14,710 [Thread-3954] INFO  pipeline.PipelineStateManager (PipelineStateManager.java:finalizePipeline(121)) - Pipeline Pipeline[ Id: ae8d1abb-7e8e-4ec4-8060-bfb5ff35fa29, Nodes: a35788b4-68d9-46fd-b847-60a9b7211510{ip: 192.168.34.20, host: pr-hdds-2470-fxbl9-3826649461, networkLocation: /rack1, certSerialId: null}, Type:RATIS, Factor:ONE, State:CLOSED] moved to CLOSED state
2019-11-13 20:40:14,713 [grpc-default-executor-4] INFO  impl.RaftServerProxy (RaftServerProxy.java:remove(95)) - a35788b4-68d9-46fd-b847-60a9b7211510: remove    LEADER a35788b4-68d9-46fd-b847-60a9b7211510@group-BFB5FF35FA29:t1, leader=a35788b4-68d9-46fd-b847-60a9b7211510, voted=a35788b4-68d9-46fd-b847-60a9b7211510, raftlog=a35788b4-68d9-46fd-b847-60a9b7211510@group-BFB5FF35FA29-SegmentedRaftLog:OPENED:c0,f0,i0, conf=0: [a35788b4-68d9-46fd-b847-60a9b7211510:192.168.34.20:39245], old=null RUNNING
2019-11-13 20:40:14,713 [grpc-default-executor-4] INFO  impl.RaftServerImpl (RaftServerImpl.java:lambda$shutdown$3(250)) - a35788b4-68d9-46fd-b847-60a9b7211510@group-BFB5FF35FA29: shutdown
2019-11-13 20:40:14,713 [grpc-default-executor-4] INFO  util.JmxRegister (JmxRegister.java:unregister(73)) - Successfully un-registered JMX Bean with object name Ratis:service=RaftServer,group=group-BFB5FF35FA29,id=a35788b4-68d9-46fd-b847-60a9b7211510
2019-11-13 20:40:14,713 [grpc-default-executor-4] INFO  impl.RoleInfo (RoleInfo.java:shutdownLeaderState(104)) - a35788b4-68d9-46fd-b847-60a9b7211510: shutdown LeaderState
2019-11-13 20:40:14,713 [grpc-default-executor-4] INFO  impl.PendingRequests (PendingRequests.java:sendNotLeaderResponses(206)) - a35788b4-68d9-46fd-b847-60a9b7211510@group-BFB5FF35FA29-PendingRequests: sendNotLeaderResponses
2019-11-13 20:40:14,714 [grpc-default-executor-4] INFO  impl.StateMachineUpdater (StateMachineUpdater.java:stopAndJoin(136)) - a35788b4-68d9-46fd-b847-60a9b7211510@group-BFB5FF35FA29-StateMachineUpdater: set stopIndex = 0
2019-11-13 20:40:14,714 [grpc-default-executor-4] INFO  impl.RaftServerImpl (ServerState.java:close(387)) - a35788b4-68d9-46fd-b847-60a9b7211510@group-BFB5FF35FA29: closes. applyIndex: 0
2019-11-13 20:40:14,714 [a35788b4-68d9-46fd-b847-60a9b7211510@group-BFB5FF35FA29-SegmentedRaftLogWorker] INFO  segmented.SegmentedRaftLogWorker (SegmentedRaftLogWorker.java:run(316)) - a35788b4-68d9-46fd-b847-60a9b7211510@group-BFB5FF35FA29-SegmentedRaftLogWorker was interrupted, exiting. There are 0 tasks remaining in the queue.
2019-11-13 20:40:14,714 [grpc-default-executor-4] INFO  segmented.SegmentedRaftLogWorker (SegmentedRaftLogWorker.java:close(224)) - a35788b4-68d9-46fd-b847-60a9b7211510@group-BFB5FF35FA29-SegmentedRaftLogWorker close()
2019-11-13 20:40:14,716 [Thread-3954] INFO  pipeline.PipelineStateManager (PipelineStateManager.java:removePipeline(106)) - Pipeline Pipeline[ Id: ae8d1abb-7e8e-4ec4-8060-bfb5ff35fa29, Nodes: a35788b4-68d9-46fd-b847-60a9b7211510{ip: 192.168.34.20, host: pr-hdds-2470-fxbl9-3826649461, networkLocation: /rack1, certSerialId: null}, Type:RATIS, Factor:ONE, State:CLOSED] removed from db
2019-11-13 20:40:14,716 [Thread-3954] INFO  pipeline.SCMPipelineManager (SCMPipelineManager.java:finalizeAndDestroyPipeline(315)) - destroying pipeline:Pipeline[ Id: 54f4a53b-a2f4-48e2-af84-15acf87d72d4, Nodes: 63c5c595-8d4c-4001-b46d-6e0cbb5b9d3c{ip: 192.168.34.20, host: pr-hdds-2470-fxbl9-3826649461, networkLocation: /rack1, certSerialId: null}, Type:RATIS, Factor:ONE, State:OPEN]
2019-11-13 20:40:14,719 [grpc-default-executor-4] INFO  impl.RaftServerProxy (RaftServerProxy.java:addNew(89)) - a35788b4-68d9-46fd-b847-60a9b7211510: addNew group-43733B6E7F00:[a35788b4-68d9-46fd-b847-60a9b7211510:192.168.34.20:39245] returns group-43733B6E7F00:java.util.concurrent.CompletableFuture@1d17e509[Not completed]
2019-11-13 20:40:14,720 [pool-599-thread-1] INFO  impl.RaftServerImpl (RaftServerImpl.java:<init>(98)) - a35788b4-68d9-46fd-b847-60a9b7211510: new RaftServerImpl for group-43733B6E7F00:[a35788b4-68d9-46fd-b847-60a9b7211510:192.168.34.20:39245] with ContainerStateMachine:uninitialized
2019-11-13 20:40:14,720 [pool-599-thread-1] INFO  server.RaftServerConfigKeys (ConfUtils.java:logGet(43)) - raft.server.rpc.timeout.min = 1s (custom)
2019-11-13 20:40:14,720 [pool-599-thread-1] INFO  server.RaftServerConfigKeys (ConfUtils.java:logGet(43)) - raft.server.rpc.timeout.max = 1200ms (custom)
2019-11-13 20:40:14,720 [pool-599-thread-1] INFO  server.RaftServerConfigKeys (ConfUtils.java:logGet(43)) - raft.server.rpcslowness.timeout = 120s (custom)
2019-11-13 20:40:14,720 [pool-599-thread-1] INFO  server.RaftServerConfigKeys (ConfUtils.java:logGet(43)) - raft.server.sleep.deviation.threshold = 300 (default)
2019-11-13 20:40:14,720 [pool-599-thread-1] INFO  server.RaftServerConfigKeys (ConfUtils.java:logGet(43)) - raft.server.log.appender.install.snapshot.enabled = false (custom)
2019-11-13 20:40:14,720 [pool-599-thread-1] INFO  impl.RaftServerImpl (ServerState.java:<init>(103)) - a35788b4-68d9-46fd-b847-60a9b7211510@group-43733B6E7F00: ConfigurationManager, init=-1: [a35788b4-68d9-46fd-b847-60a9b7211510:192.168.34.20:39245], old=null, confs=<EMPTY_MAP>
2019-11-13 20:40:14,721 [pool-599-thread-1] INFO  server.RaftServerConfigKeys (ConfUtils.java:logGet(43)) - raft.server.storage.dir = [/workdir/hadoop-ozone/integration-test/target/test-dir/MiniOzoneClusterImpl-23a5d35f-12cc-4157-b83c-481d86791456/datanode-9/data/ratis] (custom)
2019-11-13 20:40:14,721 [pool-599-thread-1] INFO  server.RaftServerConfigKeys (ConfUtils.java:logGet(43)) - raft.server.log.corruption.policy = EXCEPTION (default)
2019-11-13 20:40:14,721 [pool-599-thread-1] INFO  storage.RaftStorageDirectory (RaftStorageDirectory.java:analyzeStorage(246)) - The storage directory /workdir/hadoop-ozone/integration-test/target/test-dir/MiniOzoneClusterImpl-23a5d35f-12cc-4157-b83c-481d86791456/datanode-9/data/ratis/572891f3-84b0-450d-af73-43733b6e7f00 does not exist. Creating ...
2019-11-13 20:40:14,734 [pool-599-thread-1] INFO  storage.RaftStorageDirectory (RaftStorageDirectory.java:tryLock(328)) - Lock on /workdir/hadoop-ozone/integration-test/target/test-dir/MiniOzoneClusterImpl-23a5d35f-12cc-4157-b83c-481d86791456/datanode-9/data/ratis/572891f3-84b0-450d-af73-43733b6e7f00/in_use.lock acquired by nodename 4541@pr-hdds-2470-fxbl9-3826649461
2019-11-13 20:40:14,750 [pool-599-thread-1] INFO  storage.RaftStorage (RaftStorage.java:format(84)) - Storage directory /workdir/hadoop-ozone/integration-test/target/test-dir/MiniOzoneClusterImpl-23a5d35f-12cc-4157-b83c-481d86791456/datanode-9/data/ratis/572891f3-84b0-450d-af73-43733b6e7f00 has been successfully formatted.
2019-11-13 20:40:14,750 [pool-599-thread-1] INFO  ratis.ContainerStateMachine (ContainerStateMachine.java:loadSnapshot(223)) - group-43733B6E7F00: The snapshot info is null. Setting the last applied indexto:(t:0, i:~)
2019-11-13 20:40:14,750 [pool-599-thread-1] INFO  server.RaftServerConfigKeys (ConfUtils.java:logGet(43)) - raft.server.notification.no-leader.timeout = 120s (custom)
2019-11-13 20:40:14,750 [pool-599-thread-1] INFO  server.RaftServerConfigKeys (ConfUtils.java:logGet(43)) - raft.server.log.use.memory = false (default)
2019-11-13 20:40:14,750 [pool-599-thread-1] INFO  server.RaftServerConfigKeys (ConfUtils.java:logGet(43)) - raft.server.log.purge.gap = 1000000 (custom)
2019-11-13 20:40:14,751 [pool-599-thread-1] INFO  server.RaftServerConfigKeys (ConfUtils.java:logGet(43)) - raft.server.log.appender.buffer.byte-limit = 33554432 (custom)
2019-11-13 20:40:14,751 [pool-599-thread-1] INFO  server.RaftServerConfigKeys (ConfUtils.java:logGet(43)) - raft.server.log.segment.size.max = 1048576 (custom)
2019-11-13 20:40:14,751 [pool-599-thread-1] INFO  server.RaftServerConfigKeys (ConfUtils.java:logGet(43)) - raft.server.log.segment.cache.num.max = 2 (custom)
2019-11-13 20:40:14,751 [pool-599-thread-1] INFO  segmented.SegmentedRaftLogWorker (SegmentedRaftLogWorker.java:<init>(173)) - new a35788b4-68d9-46fd-b847-60a9b7211510@group-43733B6E7F00-SegmentedRaftLogWorker for RaftStorage:Storage Directory /workdir/hadoop-ozone/integration-test/target/test-dir/MiniOzoneClusterImpl-23a5d35f-12cc-4157-b83c-481d86791456/datanode-9/data/ratis/572891f3-84b0-450d-af73-43733b6e7f00
2019-11-13 20:40:14,751 [pool-599-thread-1] INFO  server.RaftServerConfigKeys (ConfUtils.java:logGet(43)) - raft.server.log.queue.byte-limit = 2147483647 (custom)
2019-11-13 20:40:14,751 [pool-599-thread-1] INFO  server.RaftServerConfigKeys (ConfUtils.java:logGet(43)) - raft.server.log.queue.element-limit = 1024 (custom)
2019-11-13 20:40:14,751 [pool-599-thread-1] INFO  server.RaftServerConfigKeys (ConfUtils.java:logGet(43)) - raft.server.log.segment.size.max = 1048576 (custom)
2019-11-13 20:40:14,751 [pool-599-thread-1] INFO  server.RaftServerConfigKeys (ConfUtils.java:logGet(43)) - raft.server.log.preallocated.size = 16384 (custom)
2019-11-13 20:40:14,751 [pool-599-thread-1] INFO  server.RaftServerConfigKeys (ConfUtils.java:logGet(43)) - raft.server.log.write.buffer.size = 33554432 (custom)
2019-11-13 20:40:14,752 [pool-599-thread-1] INFO  server.RaftServerConfigKeys (ConfUtils.java:logGet(43)) - raft.server.log.force.sync.num = 128 (default)
2019-11-13 20:40:14,752 [pool-599-thread-1] INFO  server.RaftServerConfigKeys (ConfUtils.java:logGet(43)) - raft.server.log.statemachine.data.sync = true (default)
2019-11-13 20:40:14,752 [pool-599-thread-1] INFO  server.RaftServerConfigKeys (ConfUtils.java:logGet(43)) - raft.server.log.statemachine.data.sync.timeout = 10s (default)
2019-11-13 20:40:14,752 [pool-599-thread-1] INFO  server.RaftServerConfigKeys (ConfUtils.java:logGet(43)) - raft.server.log.statemachine.data.sync.timeout.retry = -1 (default)
2019-11-13 20:40:14,752 [pool-599-thread-1] INFO  server.RaftServerConfigKeys (ConfUtils.java:logGet(43)) - raft.server.log.statemachine.data.caching.enabled = true (custom)
2019-11-13 20:40:14,752 [pool-599-thread-1] INFO  segmented.SegmentedRaftLogWorker (SegmentedRaftLogWorker.java:lambda$new$0(128)) - a35788b4-68d9-46fd-b847-60a9b7211510@group-43733B6E7F00-SegmentedRaftLogWorker: flushIndex: setUnconditionally 0 -> -1
2019-11-13 20:40:14,753 [pool-599-thread-1] INFO  server.RaftServerConfigKeys (ConfUtils.java:logGet(43)) - raft.server.snapshot.auto.trigger.enabled = true (custom)
2019-11-13 20:40:14,753 [pool-599-thread-1] INFO  server.RaftServerConfigKeys (ConfUtils.java:logGet(43)) - raft.server.snapshot.auto.trigger.threshold = 10000 (custom)
2019-11-13 20:40:14,753 [pool-599-thread-1] INFO  server.RaftServerConfigKeys (ConfUtils.java:logGet(43)) - raft.server.snapshot.retention.file.num = 5 (custom)
2019-11-13 20:40:14,753 [pool-599-thread-1] INFO  server.RaftServerConfigKeys (ConfUtils.java:logGet(43)) - raft.server.retrycache.expirytime = 600000ms (custom)
2019-11-13 20:40:14,753 [pool-599-thread-1] WARN  impl.MetricRegistriesImpl (MetricRegistriesImpl.java:lambda$create$1(61)) - First MetricRegistry has been created without registering reporters. You may need to call MetricRegistries.global().addReportRegistration(...) before.
2019-11-13 20:40:14,753 [pool-599-thread-1] WARN  impl.MetricRegistriesImpl (MetricRegistriesImpl.java:lambda$create$1(61)) - First MetricRegistry has been created without registering reporters. You may need to call MetricRegistries.global().addReportRegistration(...) before.
2019-11-13 20:40:14,753 [pool-599-thread-1] INFO  impl.RaftServerImpl (RaftServerImpl.java:start(184)) - a35788b4-68d9-46fd-b847-60a9b7211510@group-43733B6E7F00: start as a follower, conf=-1: [a35788b4-68d9-46fd-b847-60a9b7211510:192.168.34.20:39245], old=null
2019-11-13 20:40:14,753 [pool-599-thread-1] INFO  impl.RaftServerImpl (RaftServerImpl.java:setRole(173)) - a35788b4-68d9-46fd-b847-60a9b7211510@group-43733B6E7F00: changes role from      null to FOLLOWER at term 0 for startAsFollower
2019-11-13 20:40:14,754 [pool-599-thread-1] INFO  impl.RoleInfo (RoleInfo.java:updateAndGet(143)) - a35788b4-68d9-46fd-b847-60a9b7211510: start FollowerState
2019-11-13 20:40:14,754 [pool-599-thread-1] INFO  util.JmxRegister (JmxRegister.java:tryRegister(44)) - Successfully registered JMX Bean with object name Ratis:service=RaftServer,group=group-43733B6E7F00,id=a35788b4-68d9-46fd-b847-60a9b7211510
2019-11-13 20:40:14,754 [pool-599-thread-1] WARN  impl.MetricRegistriesImpl (MetricRegistriesImpl.java:lambda$create$1(61)) - First MetricRegistry has been created without registering reporters. You may need to call MetricRegistries.global().addReportRegistration(...) before.
2019-11-13 20:40:14,756 [RatisPipelineUtilsThread] INFO  pipeline.PipelineStateManager (PipelineStateManager.java:addPipeline(55)) - Created pipeline Pipeline[ Id: 572891f3-84b0-450d-af73-43733b6e7f00, Nodes: a35788b4-68d9-46fd-b847-60a9b7211510{ip: 192.168.34.20, host: pr-hdds-2470-fxbl9-3826649461, networkLocation: /rack1, certSerialId: null}, Type:RATIS, Factor:ONE, State:ALLOCATED]
2019-11-13 20:40:14,756 [Thread-3954] INFO  pipeline.PipelineStateManager (PipelineStateManager.java:finalizePipeline(121)) - Pipeline Pipeline[ Id: 54f4a53b-a2f4-48e2-af84-15acf87d72d4, Nodes: 63c5c595-8d4c-4001-b46d-6e0cbb5b9d3c{ip: 192.168.34.20, host: pr-hdds-2470-fxbl9-3826649461, networkLocation: /rack1, certSerialId: null}, Type:RATIS, Factor:ONE, State:CLOSED] moved to CLOSED state
2019-11-13 20:40:14,758 [grpc-default-executor-4] INFO  impl.RaftServerProxy (RaftServerProxy.java:remove(95)) - 63c5c595-8d4c-4001-b46d-6e0cbb5b9d3c: remove    LEADER 63c5c595-8d4c-4001-b46d-6e0cbb5b9d3c@group-15ACF87D72D4:t1, leader=63c5c595-8d4c-4001-b46d-6e0cbb5b9d3c, voted=63c5c595-8d4c-4001-b46d-6e0cbb5b9d3c, raftlog=63c5c595-8d4c-4001-b46d-6e0cbb5b9d3c@group-15ACF87D72D4-SegmentedRaftLog:OPENED:c0,f0,i0, conf=0: [63c5c595-8d4c-4001-b46d-6e0cbb5b9d3c:192.168.34.20:42027], old=null RUNNING
2019-11-13 20:40:14,758 [grpc-default-executor-4] INFO  impl.RaftServerImpl (RaftServerImpl.java:lambda$shutdown$3(250)) - 63c5c595-8d4c-4001-b46d-6e0cbb5b9d3c@group-15ACF87D72D4: shutdown
2019-11-13 20:40:14,758 [grpc-default-executor-4] INFO  util.JmxRegister (JmxRegister.java:unregister(73)) - Successfully un-registered JMX Bean with object name Ratis:service=RaftServer,group=group-15ACF87D72D4,id=63c5c595-8d4c-4001-b46d-6e0cbb5b9d3c
2019-11-13 20:40:14,759 [grpc-default-executor-4] INFO  impl.RoleInfo (RoleInfo.java:shutdownLeaderState(104)) - 63c5c595-8d4c-4001-b46d-6e0cbb5b9d3c: shutdown LeaderState
2019-11-13 20:40:14,759 [grpc-default-executor-4] INFO  impl.PendingRequests (PendingRequests.java:sendNotLeaderResponses(206)) - 63c5c595-8d4c-4001-b46d-6e0cbb5b9d3c@group-15ACF87D72D4-PendingRequests: sendNotLeaderResponses
2019-11-13 20:40:14,759 [grpc-default-executor-4] INFO  impl.StateMachineUpdater (StateMachineUpdater.java:stopAndJoin(136)) - 63c5c595-8d4c-4001-b46d-6e0cbb5b9d3c@group-15ACF87D72D4-StateMachineUpdater: set stopIndex = 0
2019-11-13 20:40:14,759 [grpc-default-executor-4] INFO  impl.RaftServerImpl (ServerState.java:close(387)) - 63c5c595-8d4c-4001-b46d-6e0cbb5b9d3c@group-15ACF87D72D4: closes. applyIndex: 0
2019-11-13 20:40:14,759 [63c5c595-8d4c-4001-b46d-6e0cbb5b9d3c@group-15ACF87D72D4-SegmentedRaftLogWorker] INFO  segmented.SegmentedRaftLogWorker (SegmentedRaftLogWorker.java:run(316)) - 63c5c595-8d4c-4001-b46d-6e0cbb5b9d3c@group-15ACF87D72D4-SegmentedRaftLogWorker was interrupted, exiting. There are 0 tasks remaining in the queue.
2019-11-13 20:40:14,759 [grpc-default-executor-4] INFO  segmented.SegmentedRaftLogWorker (SegmentedRaftLogWorker.java:close(224)) - 63c5c595-8d4c-4001-b46d-6e0cbb5b9d3c@group-15ACF87D72D4-SegmentedRaftLogWorker close()
2019-11-13 20:40:14,761 [Thread-3954] INFO  pipeline.PipelineStateManager (PipelineStateManager.java:removePipeline(106)) - Pipeline Pipeline[ Id: 54f4a53b-a2f4-48e2-af84-15acf87d72d4, Nodes: 63c5c595-8d4c-4001-b46d-6e0cbb5b9d3c{ip: 192.168.34.20, host: pr-hdds-2470-fxbl9-3826649461, networkLocation: /rack1, certSerialId: null}, Type:RATIS, Factor:ONE, State:CLOSED] removed from db
2019-11-13 20:40:14,761 [Thread-3954] INFO  pipeline.SCMPipelineManager (SCMPipelineManager.java:finalizeAndDestroyPipeline(315)) - destroying pipeline:Pipeline[ Id: a69fdb82-dc4f-427d-9ce7-9b768bc94fc9, Nodes: 405db254-2a77-41b8-bcbc-61d002fbc757{ip: 192.168.34.20, host: pr-hdds-2470-fxbl9-3826649461, networkLocation: /rack1, certSerialId: null}, Type:RATIS, Factor:ONE, State:OPEN]
2019-11-13 20:40:14,763 [grpc-default-executor-4] INFO  impl.RaftServerProxy (RaftServerProxy.java:addNew(89)) - 63c5c595-8d4c-4001-b46d-6e0cbb5b9d3c: addNew group-A100AD492506:[63c5c595-8d4c-4001-b46d-6e0cbb5b9d3c:192.168.34.20:42027] returns group-A100AD492506:java.util.concurrent.CompletableFuture@28100b64[Not completed]
2019-11-13 20:40:14,764 [pool-549-thread-1] INFO  impl.RaftServerImpl (RaftServerImpl.java:<init>(98)) - 63c5c595-8d4c-4001-b46d-6e0cbb5b9d3c: new RaftServerImpl for group-A100AD492506:[63c5c595-8d4c-4001-b46d-6e0cbb5b9d3c:192.168.34.20:42027] with ContainerStateMachine:uninitialized
2019-11-13 20:40:14,764 [pool-549-thread-1] INFO  server.RaftServerConfigKeys (ConfUtils.java:logGet(43)) - raft.server.rpc.timeout.min = 1s (custom)
2019-11-13 20:40:14,764 [pool-549-thread-1] INFO  server.RaftServerConfigKeys (ConfUtils.java:logGet(43)) - raft.server.rpc.timeout.max = 1200ms (custom)
2019-11-13 20:40:14,764 [pool-549-thread-1] INFO  server.RaftServerConfigKeys (ConfUtils.java:logGet(43)) - raft.server.rpcslowness.timeout = 120s (custom)
2019-11-13 20:40:14,764 [pool-549-thread-1] INFO  server.RaftServerConfigKeys (ConfUtils.java:logGet(43)) - raft.server.sleep.deviation.threshold = 300 (default)
2019-11-13 20:40:14,764 [pool-549-thread-1] INFO  server.RaftServerConfigKeys (ConfUtils.java:logGet(43)) - raft.server.log.appender.install.snapshot.enabled = false (custom)
2019-11-13 20:40:14,764 [pool-549-thread-1] INFO  impl.RaftServerImpl (ServerState.java:<init>(103)) - 63c5c595-8d4c-4001-b46d-6e0cbb5b9d3c@group-A100AD492506: ConfigurationManager, init=-1: [63c5c595-8d4c-4001-b46d-6e0cbb5b9d3c:192.168.34.20:42027], old=null, confs=<EMPTY_MAP>
2019-11-13 20:40:14,764 [pool-549-thread-1] INFO  server.RaftServerConfigKeys (ConfUtils.java:logGet(43)) - raft.server.storage.dir = [/workdir/hadoop-ozone/integration-test/target/test-dir/MiniOzoneClusterImpl-23a5d35f-12cc-4157-b83c-481d86791456/datanode-4/data/ratis] (custom)
2019-11-13 20:40:14,764 [pool-549-thread-1] INFO  server.RaftServerConfigKeys (ConfUtils.java:logGet(43)) - raft.server.log.corruption.policy = EXCEPTION (default)
2019-11-13 20:40:14,764 [pool-549-thread-1] INFO  storage.RaftStorageDirectory (RaftStorageDirectory.java:analyzeStorage(246)) - The storage directory /workdir/hadoop-ozone/integration-test/target/test-dir/MiniOzoneClusterImpl-23a5d35f-12cc-4157-b83c-481d86791456/datanode-4/data/ratis/6fbf59ac-ef43-4f9a-bd43-a100ad492506 does not exist. Creating ...
2019-11-13 20:40:14,777 [pool-549-thread-1] INFO  storage.RaftStorageDirectory (RaftStorageDirectory.java:tryLock(328)) - Lock on /workdir/hadoop-ozone/integration-test/target/test-dir/MiniOzoneClusterImpl-23a5d35f-12cc-4157-b83c-481d86791456/datanode-4/data/ratis/6fbf59ac-ef43-4f9a-bd43-a100ad492506/in_use.lock acquired by nodename 4541@pr-hdds-2470-fxbl9-3826649461
2019-11-13 20:40:14,790 [pool-549-thread-1] INFO  storage.RaftStorage (RaftStorage.java:format(84)) - Storage directory /workdir/hadoop-ozone/integration-test/target/test-dir/MiniOzoneClusterImpl-23a5d35f-12cc-4157-b83c-481d86791456/datanode-4/data/ratis/6fbf59ac-ef43-4f9a-bd43-a100ad492506 has been successfully formatted.
2019-11-13 20:40:14,790 [pool-549-thread-1] INFO  ratis.ContainerStateMachine (ContainerStateMachine.java:loadSnapshot(223)) - group-A100AD492506: The snapshot info is null. Setting the last applied indexto:(t:0, i:~)
2019-11-13 20:40:14,790 [pool-549-thread-1] INFO  server.RaftServerConfigKeys (ConfUtils.java:logGet(43)) - raft.server.notification.no-leader.timeout = 120s (custom)
2019-11-13 20:40:14,790 [pool-549-thread-1] INFO  server.RaftServerConfigKeys (ConfUtils.java:logGet(43)) - raft.server.log.use.memory = false (default)
2019-11-13 20:40:14,790 [pool-549-thread-1] INFO  server.RaftServerConfigKeys (ConfUtils.java:logGet(43)) - raft.server.log.purge.gap = 1000000 (custom)
2019-11-13 20:40:14,791 [pool-549-thread-1] INFO  server.RaftServerConfigKeys (ConfUtils.java:logGet(43)) - raft.server.log.appender.buffer.byte-limit = 33554432 (custom)
2019-11-13 20:40:14,791 [pool-549-thread-1] INFO  server.RaftServerConfigKeys (ConfUtils.java:logGet(43)) - raft.server.log.segment.size.max = 1048576 (custom)
2019-11-13 20:40:14,791 [pool-549-thread-1] INFO  server.RaftServerConfigKeys (ConfUtils.java:logGet(43)) - raft.server.log.segment.cache.num.max = 2 (custom)
2019-11-13 20:40:14,791 [pool-549-thread-1] INFO  segmented.SegmentedRaftLogWorker (SegmentedRaftLogWorker.java:<init>(173)) - new 63c5c595-8d4c-4001-b46d-6e0cbb5b9d3c@group-A100AD492506-SegmentedRaftLogWorker for RaftStorage:Storage Directory /workdir/hadoop-ozone/integration-test/target/test-dir/MiniOzoneClusterImpl-23a5d35f-12cc-4157-b83c-481d86791456/datanode-4/data/ratis/6fbf59ac-ef43-4f9a-bd43-a100ad492506
2019-11-13 20:40:14,791 [pool-549-thread-1] INFO  server.RaftServerConfigKeys (ConfUtils.java:logGet(43)) - raft.server.log.queue.byte-limit = 2147483647 (custom)
2019-11-13 20:40:14,791 [pool-549-thread-1] INFO  server.RaftServerConfigKeys (ConfUtils.java:logGet(43)) - raft.server.log.queue.element-limit = 1024 (custom)
2019-11-13 20:40:14,791 [pool-549-thread-1] INFO  server.RaftServerConfigKeys (ConfUtils.java:logGet(43)) - raft.server.log.segment.size.max = 1048576 (custom)
2019-11-13 20:40:14,791 [pool-549-thread-1] INFO  server.RaftServerConfigKeys (ConfUtils.java:logGet(43)) - raft.server.log.preallocated.size = 16384 (custom)
2019-11-13 20:40:14,791 [pool-549-thread-1] INFO  server.RaftServerConfigKeys (ConfUtils.java:logGet(43)) - raft.server.log.write.buffer.size = 33554432 (custom)
2019-11-13 20:40:14,791 [pool-549-thread-1] INFO  server.RaftServerConfigKeys (ConfUtils.java:logGet(43)) - raft.server.log.force.sync.num = 128 (default)
2019-11-13 20:40:14,791 [pool-549-thread-1] INFO  server.RaftServerConfigKeys (ConfUtils.java:logGet(43)) - raft.server.log.statemachine.data.sync = true (default)
2019-11-13 20:40:14,791 [pool-549-thread-1] INFO  server.RaftServerConfigKeys (ConfUtils.java:logGet(43)) - raft.server.log.statemachine.data.sync.timeout = 10s (default)
2019-11-13 20:40:14,791 [pool-549-thread-1] INFO  server.RaftServerConfigKeys (ConfUtils.java:logGet(43)) - raft.server.log.statemachine.data.sync.timeout.retry = -1 (default)
2019-11-13 20:40:14,791 [pool-549-thread-1] INFO  server.RaftServerConfigKeys (ConfUtils.java:logGet(43)) - raft.server.log.statemachine.data.caching.enabled = true (custom)
2019-11-13 20:40:14,792 [pool-549-thread-1] INFO  segmented.SegmentedRaftLogWorker (SegmentedRaftLogWorker.java:lambda$new$0(128)) - 63c5c595-8d4c-4001-b46d-6e0cbb5b9d3c@group-A100AD492506-SegmentedRaftLogWorker: flushIndex: setUnconditionally 0 -> -1
2019-11-13 20:40:14,792 [pool-549-thread-1] INFO  server.RaftServerConfigKeys (ConfUtils.java:logGet(43)) - raft.server.snapshot.auto.trigger.enabled = true (custom)
2019-11-13 20:40:14,792 [pool-549-thread-1] INFO  server.RaftServerConfigKeys (ConfUtils.java:logGet(43)) - raft.server.snapshot.auto.trigger.threshold = 10000 (custom)
2019-11-13 20:40:14,792 [pool-549-thread-1] INFO  server.RaftServerConfigKeys (ConfUtils.java:logGet(43)) - raft.server.snapshot.retention.file.num = 5 (custom)
2019-11-13 20:40:14,792 [pool-549-thread-1] INFO  server.RaftServerConfigKeys (ConfUtils.java:logGet(43)) - raft.server.retrycache.expirytime = 600000ms (custom)
2019-11-13 20:40:14,792 [pool-549-thread-1] WARN  impl.MetricRegistriesImpl (MetricRegistriesImpl.java:lambda$create$1(61)) - First MetricRegistry has been created without registering reporters. You may need to call MetricRegistries.global().addReportRegistration(...) before.
2019-11-13 20:40:14,792 [pool-549-thread-1] WARN  impl.MetricRegistriesImpl (MetricRegistriesImpl.java:lambda$create$1(61)) - First MetricRegistry has been created without registering reporters. You may need to call MetricRegistries.global().addReportRegistration(...) before.
2019-11-13 20:40:14,792 [pool-549-thread-1] INFO  impl.RaftServerImpl (RaftServerImpl.java:start(184)) - 63c5c595-8d4c-4001-b46d-6e0cbb5b9d3c@group-A100AD492506: start as a follower, conf=-1: [63c5c595-8d4c-4001-b46d-6e0cbb5b9d3c:192.168.34.20:42027], old=null
2019-11-13 20:40:14,792 [pool-549-thread-1] INFO  impl.RaftServerImpl (RaftServerImpl.java:setRole(173)) - 63c5c595-8d4c-4001-b46d-6e0cbb5b9d3c@group-A100AD492506: changes role from      null to FOLLOWER at term 0 for startAsFollower
2019-11-13 20:40:14,792 [pool-549-thread-1] INFO  impl.RoleInfo (RoleInfo.java:updateAndGet(143)) - 63c5c595-8d4c-4001-b46d-6e0cbb5b9d3c: start FollowerState
2019-11-13 20:40:14,793 [pool-549-thread-1] INFO  util.JmxRegister (JmxRegister.java:tryRegister(44)) - Successfully registered JMX Bean with object name Ratis:service=RaftServer,group=group-A100AD492506,id=63c5c595-8d4c-4001-b46d-6e0cbb5b9d3c
2019-11-13 20:40:14,793 [pool-549-thread-1] WARN  impl.MetricRegistriesImpl (MetricRegistriesImpl.java:lambda$create$1(61)) - First MetricRegistry has been created without registering reporters. You may need to call MetricRegistries.global().addReportRegistration(...) before.
2019-11-13 20:40:14,794 [RatisPipelineUtilsThread] INFO  pipeline.PipelineStateManager (PipelineStateManager.java:addPipeline(55)) - Created pipeline Pipeline[ Id: 6fbf59ac-ef43-4f9a-bd43-a100ad492506, Nodes: 63c5c595-8d4c-4001-b46d-6e0cbb5b9d3c{ip: 192.168.34.20, host: pr-hdds-2470-fxbl9-3826649461, networkLocation: /rack1, certSerialId: null}, Type:RATIS, Factor:ONE, State:ALLOCATED]
2019-11-13 20:40:14,795 [Thread-3954] INFO  pipeline.PipelineStateManager (PipelineStateManager.java:finalizePipeline(121)) - Pipeline Pipeline[ Id: a69fdb82-dc4f-427d-9ce7-9b768bc94fc9, Nodes: 405db254-2a77-41b8-bcbc-61d002fbc757{ip: 192.168.34.20, host: pr-hdds-2470-fxbl9-3826649461, networkLocation: /rack1, certSerialId: null}, Type:RATIS, Factor:ONE, State:CLOSED] moved to CLOSED state
2019-11-13 20:40:14,800 [grpc-default-executor-4] INFO  impl.RaftServerProxy (RaftServerProxy.java:remove(95)) - 405db254-2a77-41b8-bcbc-61d002fbc757: remove    LEADER 405db254-2a77-41b8-bcbc-61d002fbc757@group-9B768BC94FC9:t1, leader=405db254-2a77-41b8-bcbc-61d002fbc757, voted=405db254-2a77-41b8-bcbc-61d002fbc757, raftlog=405db254-2a77-41b8-bcbc-61d002fbc757@group-9B768BC94FC9-SegmentedRaftLog:OPENED:c0,f0,i0, conf=0: [405db254-2a77-41b8-bcbc-61d002fbc757:192.168.34.20:41954], old=null RUNNING
2019-11-13 20:40:14,801 [grpc-default-executor-4] INFO  impl.RaftServerImpl (RaftServerImpl.java:lambda$shutdown$3(250)) - 405db254-2a77-41b8-bcbc-61d002fbc757@group-9B768BC94FC9: shutdown
2019-11-13 20:40:14,801 [grpc-default-executor-4] INFO  util.JmxRegister (JmxRegister.java:unregister(73)) - Successfully un-registered JMX Bean with object name Ratis:service=RaftServer,group=group-9B768BC94FC9,id=405db254-2a77-41b8-bcbc-61d002fbc757
2019-11-13 20:40:14,801 [grpc-default-executor-4] INFO  impl.RoleInfo (RoleInfo.java:shutdownLeaderState(104)) - 405db254-2a77-41b8-bcbc-61d002fbc757: shutdown LeaderState
2019-11-13 20:40:14,801 [grpc-default-executor-4] INFO  impl.PendingRequests (PendingRequests.java:sendNotLeaderResponses(206)) - 405db254-2a77-41b8-bcbc-61d002fbc757@group-9B768BC94FC9-PendingRequests: sendNotLeaderResponses
2019-11-13 20:40:14,801 [grpc-default-executor-4] INFO  impl.StateMachineUpdater (StateMachineUpdater.java:stopAndJoin(136)) - 405db254-2a77-41b8-bcbc-61d002fbc757@group-9B768BC94FC9-StateMachineUpdater: set stopIndex = 0
2019-11-13 20:40:14,801 [grpc-default-executor-4] INFO  impl.RaftServerImpl (ServerState.java:close(387)) - 405db254-2a77-41b8-bcbc-61d002fbc757@group-9B768BC94FC9: closes. applyIndex: 0
2019-11-13 20:40:14,802 [405db254-2a77-41b8-bcbc-61d002fbc757@group-9B768BC94FC9-SegmentedRaftLogWorker] INFO  segmented.SegmentedRaftLogWorker (SegmentedRaftLogWorker.java:run(316)) - 405db254-2a77-41b8-bcbc-61d002fbc757@group-9B768BC94FC9-SegmentedRaftLogWorker was interrupted, exiting. There are 0 tasks remaining in the queue.
2019-11-13 20:40:14,802 [grpc-default-executor-4] INFO  segmented.SegmentedRaftLogWorker (SegmentedRaftLogWorker.java:close(224)) - 405db254-2a77-41b8-bcbc-61d002fbc757@group-9B768BC94FC9-SegmentedRaftLogWorker close()
2019-11-13 20:40:14,803 [Thread-3954] INFO  pipeline.PipelineStateManager (PipelineStateManager.java:removePipeline(106)) - Pipeline Pipeline[ Id: a69fdb82-dc4f-427d-9ce7-9b768bc94fc9, Nodes: 405db254-2a77-41b8-bcbc-61d002fbc757{ip: 192.168.34.20, host: pr-hdds-2470-fxbl9-3826649461, networkLocation: /rack1, certSerialId: null}, Type:RATIS, Factor:ONE, State:CLOSED] removed from db
2019-11-13 20:40:14,806 [grpc-default-executor-4] INFO  impl.RaftServerProxy (RaftServerProxy.java:addNew(89)) - 405db254-2a77-41b8-bcbc-61d002fbc757: addNew group-190992A81D7D:[405db254-2a77-41b8-bcbc-61d002fbc757:192.168.34.20:41954] returns group-190992A81D7D:java.util.concurrent.CompletableFuture@52cf0d1b[Not completed]
2019-11-13 20:40:14,807 [pool-509-thread-1] INFO  impl.RaftServerImpl (RaftServerImpl.java:<init>(98)) - 405db254-2a77-41b8-bcbc-61d002fbc757: new RaftServerImpl for group-190992A81D7D:[405db254-2a77-41b8-bcbc-61d002fbc757:192.168.34.20:41954] with ContainerStateMachine:uninitialized
2019-11-13 20:40:14,807 [pool-509-thread-1] INFO  server.RaftServerConfigKeys (ConfUtils.java:logGet(43)) - raft.server.rpc.timeout.min = 1s (custom)
2019-11-13 20:40:14,807 [pool-509-thread-1] INFO  server.RaftServerConfigKeys (ConfUtils.java:logGet(43)) - raft.server.rpc.timeout.max = 1200ms (custom)
2019-11-13 20:40:14,808 [pool-509-thread-1] INFO  server.RaftServerConfigKeys (ConfUtils.java:logGet(43)) - raft.server.rpcslowness.timeout = 120s (custom)
2019-11-13 20:40:14,808 [pool-509-thread-1] INFO  server.RaftServerConfigKeys (ConfUtils.java:logGet(43)) - raft.server.sleep.deviation.threshold = 300 (default)
2019-11-13 20:40:14,808 [pool-509-thread-1] INFO  server.RaftServerConfigKeys (ConfUtils.java:logGet(43)) - raft.server.log.appender.install.snapshot.enabled = false (custom)
2019-11-13 20:40:14,808 [pool-509-thread-1] INFO  impl.RaftServerImpl (ServerState.java:<init>(103)) - 405db254-2a77-41b8-bcbc-61d002fbc757@group-190992A81D7D: ConfigurationManager, init=-1: [405db254-2a77-41b8-bcbc-61d002fbc757:192.168.34.20:41954], old=null, confs=<EMPTY_MAP>
2019-11-13 20:40:14,808 [pool-509-thread-1] INFO  server.RaftServerConfigKeys (ConfUtils.java:logGet(43)) - raft.server.storage.dir = [/workdir/hadoop-ozone/integration-test/target/test-dir/MiniOzoneClusterImpl-23a5d35f-12cc-4157-b83c-481d86791456/datanode-0/data/ratis] (custom)
2019-11-13 20:40:14,808 [pool-509-thread-1] INFO  server.RaftServerConfigKeys (ConfUtils.java:logGet(43)) - raft.server.log.corruption.policy = EXCEPTION (default)
2019-11-13 20:40:14,808 [pool-509-thread-1] INFO  storage.RaftStorageDirectory (RaftStorageDirectory.java:analyzeStorage(246)) - The storage directory /workdir/hadoop-ozone/integration-test/target/test-dir/MiniOzoneClusterImpl-23a5d35f-12cc-4157-b83c-481d86791456/datanode-0/data/ratis/fb14d60c-9d33-486c-9718-190992a81d7d does not exist. Creating ...
2019-11-13 20:40:14,821 [pool-509-thread-1] INFO  storage.RaftStorageDirectory (RaftStorageDirectory.java:tryLock(328)) - Lock on /workdir/hadoop-ozone/integration-test/target/test-dir/MiniOzoneClusterImpl-23a5d35f-12cc-4157-b83c-481d86791456/datanode-0/data/ratis/fb14d60c-9d33-486c-9718-190992a81d7d/in_use.lock acquired by nodename 4541@pr-hdds-2470-fxbl9-3826649461
2019-11-13 20:40:14,834 [pool-509-thread-1] INFO  storage.RaftStorage (RaftStorage.java:format(84)) - Storage directory /workdir/hadoop-ozone/integration-test/target/test-dir/MiniOzoneClusterImpl-23a5d35f-12cc-4157-b83c-481d86791456/datanode-0/data/ratis/fb14d60c-9d33-486c-9718-190992a81d7d has been successfully formatted.
2019-11-13 20:40:14,834 [pool-509-thread-1] INFO  ratis.ContainerStateMachine (ContainerStateMachine.java:loadSnapshot(223)) - group-190992A81D7D: The snapshot info is null. Setting the last applied indexto:(t:0, i:~)
2019-11-13 20:40:14,835 [pool-509-thread-1] INFO  server.RaftServerConfigKeys (ConfUtils.java:logGet(43)) - raft.server.notification.no-leader.timeout = 120s (custom)
2019-11-13 20:40:14,835 [pool-509-thread-1] INFO  server.RaftServerConfigKeys (ConfUtils.java:logGet(43)) - raft.server.log.use.memory = false (default)
2019-11-13 20:40:14,835 [pool-509-thread-1] INFO  server.RaftServerConfigKeys (ConfUtils.java:logGet(43)) - raft.server.log.purge.gap = 1000000 (custom)
2019-11-13 20:40:14,835 [pool-509-thread-1] INFO  server.RaftServerConfigKeys (ConfUtils.java:logGet(43)) - raft.server.log.appender.buffer.byte-limit = 33554432 (custom)
2019-11-13 20:40:14,835 [pool-509-thread-1] INFO  server.RaftServerConfigKeys (ConfUtils.java:logGet(43)) - raft.server.log.segment.size.max = 1048576 (custom)
2019-11-13 20:40:14,835 [pool-509-thread-1] INFO  server.RaftServerConfigKeys (ConfUtils.java:logGet(43)) - raft.server.log.segment.cache.num.max = 2 (custom)
2019-11-13 20:40:14,835 [pool-509-thread-1] INFO  segmented.SegmentedRaftLogWorker (SegmentedRaftLogWorker.java:<init>(173)) - new 405db254-2a77-41b8-bcbc-61d002fbc757@group-190992A81D7D-SegmentedRaftLogWorker for RaftStorage:Storage Directory /workdir/hadoop-ozone/integration-test/target/test-dir/MiniOzoneClusterImpl-23a5d35f-12cc-4157-b83c-481d86791456/datanode-0/data/ratis/fb14d60c-9d33-486c-9718-190992a81d7d
2019-11-13 20:40:14,835 [pool-509-thread-1] INFO  server.RaftServerConfigKeys (ConfUtils.java:logGet(43)) - raft.server.log.queue.byte-limit = 2147483647 (custom)
2019-11-13 20:40:14,836 [pool-509-thread-1] INFO  server.RaftServerConfigKeys (ConfUtils.java:logGet(43)) - raft.server.log.queue.element-limit = 1024 (custom)
2019-11-13 20:40:14,836 [pool-509-thread-1] INFO  server.RaftServerConfigKeys (ConfUtils.java:logGet(43)) - raft.server.log.segment.size.max = 1048576 (custom)
2019-11-13 20:40:14,836 [pool-509-thread-1] INFO  server.RaftServerConfigKeys (ConfUtils.java:logGet(43)) - raft.server.log.preallocated.size = 16384 (custom)
2019-11-13 20:40:14,836 [pool-509-thread-1] INFO  server.RaftServerConfigKeys (ConfUtils.java:logGet(43)) - raft.server.log.write.buffer.size = 33554432 (custom)
2019-11-13 20:40:14,836 [pool-509-thread-1] INFO  server.RaftServerConfigKeys (ConfUtils.java:logGet(43)) - raft.server.log.force.sync.num = 128 (default)
2019-11-13 20:40:14,836 [pool-509-thread-1] INFO  server.RaftServerConfigKeys (ConfUtils.java:logGet(43)) - raft.server.log.statemachine.data.sync = true (default)
2019-11-13 20:40:14,836 [pool-509-thread-1] INFO  server.RaftServerConfigKeys (ConfUtils.java:logGet(43)) - raft.server.log.statemachine.data.sync.timeout = 10s (default)
2019-11-13 20:40:14,836 [pool-509-thread-1] INFO  server.RaftServerConfigKeys (ConfUtils.java:logGet(43)) - raft.server.log.statemachine.data.sync.timeout.retry = -1 (default)
2019-11-13 20:40:14,837 [pool-509-thread-1] INFO  server.RaftServerConfigKeys (ConfUtils.java:logGet(43)) - raft.server.log.statemachine.data.caching.enabled = true (custom)
2019-11-13 20:40:14,837 [pool-509-thread-1] INFO  segmented.SegmentedRaftLogWorker (SegmentedRaftLogWorker.java:lambda$new$0(128)) - 405db254-2a77-41b8-bcbc-61d002fbc757@group-190992A81D7D-SegmentedRaftLogWorker: flushIndex: setUnconditionally 0 -> -1
2019-11-13 20:40:14,837 [pool-509-thread-1] INFO  server.RaftServerConfigKeys (ConfUtils.java:logGet(43)) - raft.server.snapshot.auto.trigger.enabled = true (custom)
2019-11-13 20:40:14,837 [pool-509-thread-1] INFO  server.RaftServerConfigKeys (ConfUtils.java:logGet(43)) - raft.server.snapshot.auto.trigger.threshold = 10000 (custom)
2019-11-13 20:40:14,837 [pool-509-thread-1] INFO  server.RaftServerConfigKeys (ConfUtils.java:logGet(43)) - raft.server.snapshot.retention.file.num = 5 (custom)
2019-11-13 20:40:14,837 [pool-509-thread-1] INFO  server.RaftServerConfigKeys (ConfUtils.java:logGet(43)) - raft.server.retrycache.expirytime = 600000ms (custom)
2019-11-13 20:40:14,838 [pool-509-thread-1] WARN  impl.MetricRegistriesImpl (MetricRegistriesImpl.java:lambda$create$1(61)) - First MetricRegistry has been created without registering reporters. You may need to call MetricRegistries.global().addReportRegistration(...) before.
2019-11-13 20:40:14,838 [pool-509-thread-1] WARN  impl.MetricRegistriesImpl (MetricRegistriesImpl.java:lambda$create$1(61)) - First MetricRegistry has been created without registering reporters. You may need to call MetricRegistries.global().addReportRegistration(...) before.
2019-11-13 20:40:14,838 [pool-509-thread-1] INFO  impl.RaftServerImpl (RaftServerImpl.java:start(184)) - 405db254-2a77-41b8-bcbc-61d002fbc757@group-190992A81D7D: start as a follower, conf=-1: [405db254-2a77-41b8-bcbc-61d002fbc757:192.168.34.20:41954], old=null
2019-11-13 20:40:14,838 [pool-509-thread-1] INFO  impl.RaftServerImpl (RaftServerImpl.java:setRole(173)) - 405db254-2a77-41b8-bcbc-61d002fbc757@group-190992A81D7D: changes role from      null to FOLLOWER at term 0 for startAsFollower
2019-11-13 20:40:14,838 [pool-509-thread-1] INFO  impl.RoleInfo (RoleInfo.java:updateAndGet(143)) - 405db254-2a77-41b8-bcbc-61d002fbc757: start FollowerState
2019-11-13 20:40:14,838 [pool-509-thread-1] INFO  util.JmxRegister (JmxRegister.java:tryRegister(44)) - Successfully registered JMX Bean with object name Ratis:service=RaftServer,group=group-190992A81D7D,id=405db254-2a77-41b8-bcbc-61d002fbc757
2019-11-13 20:40:14,839 [pool-509-thread-1] WARN  impl.MetricRegistriesImpl (MetricRegistriesImpl.java:lambda$create$1(61)) - First MetricRegistry has been created without registering reporters. You may need to call MetricRegistries.global().addReportRegistration(...) before.
2019-11-13 20:40:14,840 [RatisPipelineUtilsThread] INFO  pipeline.PipelineStateManager (PipelineStateManager.java:addPipeline(55)) - Created pipeline Pipeline[ Id: fb14d60c-9d33-486c-9718-190992a81d7d, Nodes: 405db254-2a77-41b8-bcbc-61d002fbc757{ip: 192.168.34.20, host: pr-hdds-2470-fxbl9-3826649461, networkLocation: /rack1, certSerialId: null}, Type:RATIS, Factor:ONE, State:ALLOCATED]
2019-11-13 20:40:14,856 [Thread-4123] INFO  impl.FollowerState (FollowerState.java:run(111)) - 405db254-2a77-41b8-bcbc-61d002fbc757@group-DA587B7DE557-FollowerState: change to CANDIDATE, lastRpcTime:1024ms, electionTimeout:1024ms
2019-11-13 20:40:14,856 [Thread-4123] INFO  impl.RoleInfo (RoleInfo.java:shutdownFollowerState(121)) - 405db254-2a77-41b8-bcbc-61d002fbc757: shutdown FollowerState
2019-11-13 20:40:14,856 [Thread-4123] INFO  impl.RaftServerImpl (RaftServerImpl.java:setRole(173)) - 405db254-2a77-41b8-bcbc-61d002fbc757@group-DA587B7DE557: changes role from  FOLLOWER to CANDIDATE at term 0 for changeToCandidate
2019-11-13 20:40:14,856 [Thread-4123] INFO  impl.RoleInfo (RoleInfo.java:updateAndGet(143)) - 405db254-2a77-41b8-bcbc-61d002fbc757: start LeaderElection
2019-11-13 20:40:14,885 [405db254-2a77-41b8-bcbc-61d002fbc757@group-DA587B7DE557-LeaderElection165] INFO  impl.LeaderElection (LeaderElection.java:askForVotes(178)) - 405db254-2a77-41b8-bcbc-61d002fbc757@group-DA587B7DE557-LeaderElection165: begin an election at term 1 for -1: [777bd53d-1b96-45c1-9d99-437e419e4ea1:192.168.34.20:43853, a0d01d6c-1588-47d8-b58d-5bdc55d47431:192.168.34.20:42336, 405db254-2a77-41b8-bcbc-61d002fbc757:192.168.34.20:41954], old=null
2019-11-13 20:40:14,888 [grpc-default-executor-4] INFO  impl.RaftServerImpl (RaftServerImpl.java:setRole(173)) - 777bd53d-1b96-45c1-9d99-437e419e4ea1@group-DA587B7DE557: changes role from  FOLLOWER to FOLLOWER at term 1 for recognizeCandidate:405db254-2a77-41b8-bcbc-61d002fbc757
2019-11-13 20:40:14,888 [grpc-default-executor-2] INFO  impl.RaftServerImpl (RaftServerImpl.java:setRole(173)) - a0d01d6c-1588-47d8-b58d-5bdc55d47431@group-DA587B7DE557: changes role from  FOLLOWER to FOLLOWER at term 1 for recognizeCandidate:405db254-2a77-41b8-bcbc-61d002fbc757
2019-11-13 20:40:14,889 [grpc-default-executor-2] INFO  impl.RoleInfo (RoleInfo.java:shutdownFollowerState(121)) - a0d01d6c-1588-47d8-b58d-5bdc55d47431: shutdown FollowerState
2019-11-13 20:40:14,888 [grpc-default-executor-4] INFO  impl.RoleInfo (RoleInfo.java:shutdownFollowerState(121)) - 777bd53d-1b96-45c1-9d99-437e419e4ea1: shutdown FollowerState
2019-11-13 20:40:14,889 [grpc-default-executor-4] INFO  impl.RoleInfo (RoleInfo.java:updateAndGet(143)) - 777bd53d-1b96-45c1-9d99-437e419e4ea1: start FollowerState
2019-11-13 20:40:14,889 [Thread-4124] INFO  impl.FollowerState (FollowerState.java:run(120)) - a0d01d6c-1588-47d8-b58d-5bdc55d47431@group-DA587B7DE557-FollowerState was interrupted: java.lang.InterruptedException: sleep interrupted
2019-11-13 20:40:14,889 [grpc-default-executor-2] INFO  impl.RoleInfo (RoleInfo.java:updateAndGet(143)) - a0d01d6c-1588-47d8-b58d-5bdc55d47431: start FollowerState
2019-11-13 20:40:14,889 [Thread-4125] INFO  impl.FollowerState (FollowerState.java:run(120)) - 777bd53d-1b96-45c1-9d99-437e419e4ea1@group-DA587B7DE557-FollowerState was interrupted: java.lang.InterruptedException: sleep interrupted
2019-11-13 20:40:14,903 [405db254-2a77-41b8-bcbc-61d002fbc757@group-DA587B7DE557-LeaderElection165] INFO  impl.LeaderElection (LeaderElection.java:logAndReturn(56)) - 405db254-2a77-41b8-bcbc-61d002fbc757@group-DA587B7DE557-LeaderElection165: Election PASSED; received 1 response(s) [405db254-2a77-41b8-bcbc-61d002fbc757<-777bd53d-1b96-45c1-9d99-437e419e4ea1#0:OK-t1] and 0 exception(s); 405db254-2a77-41b8-bcbc-61d002fbc757@group-DA587B7DE557:t1, leader=null, voted=405db254-2a77-41b8-bcbc-61d002fbc757, raftlog=405db254-2a77-41b8-bcbc-61d002fbc757@group-DA587B7DE557-SegmentedRaftLog:OPENED:c-1,f-1,i0, conf=-1: [777bd53d-1b96-45c1-9d99-437e419e4ea1:192.168.34.20:43853, a0d01d6c-1588-47d8-b58d-5bdc55d47431:192.168.34.20:42336, 405db254-2a77-41b8-bcbc-61d002fbc757:192.168.34.20:41954], old=null
2019-11-13 20:40:14,903 [405db254-2a77-41b8-bcbc-61d002fbc757@group-DA587B7DE557-LeaderElection165] INFO  impl.RoleInfo (RoleInfo.java:shutdownLeaderElection(134)) - 405db254-2a77-41b8-bcbc-61d002fbc757: shutdown LeaderElection
2019-11-13 20:40:14,903 [405db254-2a77-41b8-bcbc-61d002fbc757@group-DA587B7DE557-LeaderElection165] INFO  impl.RaftServerImpl (RaftServerImpl.java:setRole(173)) - 405db254-2a77-41b8-bcbc-61d002fbc757@group-DA587B7DE557: changes role from CANDIDATE to LEADER at term 1 for changeToLeader
2019-11-13 20:40:14,903 [405db254-2a77-41b8-bcbc-61d002fbc757@group-DA587B7DE557-LeaderElection165] INFO  ratis.XceiverServerRatis (XceiverServerRatis.java:handleLeaderChangedNotification(697)) - Leader change notification received for group: group-DA587B7DE557 with new leaderId: 405db254-2a77-41b8-bcbc-61d002fbc757
2019-11-13 20:40:14,904 [405db254-2a77-41b8-bcbc-61d002fbc757@group-DA587B7DE557-LeaderElection165] INFO  impl.RaftServerImpl (ServerState.java:setLeader(255)) - 405db254-2a77-41b8-bcbc-61d002fbc757@group-DA587B7DE557: change Leader from null to 405db254-2a77-41b8-bcbc-61d002fbc757 at term 1 for becomeLeader, leader elected after 1078ms
2019-11-13 20:40:14,904 [405db254-2a77-41b8-bcbc-61d002fbc757@group-DA587B7DE557-LeaderElection165] INFO  server.RaftServerConfigKeys (ConfUtils.java:logGet(43)) - raft.server.staging.catchup.gap = 1000 (default)
2019-11-13 20:40:14,904 [405db254-2a77-41b8-bcbc-61d002fbc757@group-DA587B7DE557-LeaderElection165] INFO  server.RaftServerConfigKeys (ConfUtils.java:logGet(43)) - raft.server.rpc.sleep.time = 25ms (default)
2019-11-13 20:40:14,904 [405db254-2a77-41b8-bcbc-61d002fbc757@group-DA587B7DE557-LeaderElection165] INFO  server.RaftServerConfigKeys (ConfUtils.java:logGet(43)) - raft.server.write.element-limit = 4096 (default)
2019-11-13 20:40:14,904 [405db254-2a77-41b8-bcbc-61d002fbc757@group-DA587B7DE557-LeaderElection165] INFO  server.RaftServerConfigKeys (ConfUtils.java:logGet(43)) - raft.server.watch.timeout = 10s (default)
2019-11-13 20:40:14,904 [405db254-2a77-41b8-bcbc-61d002fbc757@group-DA587B7DE557-LeaderElection165] INFO  server.RaftServerConfigKeys (ConfUtils.java:logGet(43)) - raft.server.watch.timeout.denomination = 1s (default)
2019-11-13 20:40:14,904 [405db254-2a77-41b8-bcbc-61d002fbc757@group-DA587B7DE557-LeaderElection165] INFO  server.RaftServerConfigKeys (ConfUtils.java:logGet(43)) - raft.server.watch.element-limit = 65536 (default)
2019-11-13 20:40:14,904 [405db254-2a77-41b8-bcbc-61d002fbc757@group-DA587B7DE557-LeaderElection165] INFO  server.RaftServerConfigKeys (ConfUtils.java:logGet(43)) - raft.server.log.appender.snapshot.chunk.size.max = 16MB (=16777216) (default)
2019-11-13 20:40:14,904 [405db254-2a77-41b8-bcbc-61d002fbc757@group-DA587B7DE557-LeaderElection165] INFO  server.RaftServerConfigKeys (ConfUtils.java:logGet(43)) - raft.server.log.appender.buffer.byte-limit = 33554432 (custom)
2019-11-13 20:40:14,905 [405db254-2a77-41b8-bcbc-61d002fbc757@group-DA587B7DE557-LeaderElection165] INFO  server.RaftServerConfigKeys (ConfUtils.java:logGet(43)) - raft.server.log.appender.buffer.element-limit = 1 (custom)
2019-11-13 20:40:14,905 [405db254-2a77-41b8-bcbc-61d002fbc757@group-DA587B7DE557-LeaderElection165] INFO  grpc.GrpcConfigKeys$Server (ConfUtils.java:logGet(43)) - raft.grpc.server.leader.outstanding.appends.max = 128 (default)
2019-11-13 20:40:14,905 [EventQueue-PipelineReportForPipelineReportHandler] INFO  pipeline.PipelineStateManager (PipelineStateManager.java:openPipeline(134)) - Pipeline Pipeline[ Id: cb13d4b8-21af-4e91-ab7c-da587b7de557, Nodes: 405db254-2a77-41b8-bcbc-61d002fbc757{ip: 192.168.34.20, host: pr-hdds-2470-fxbl9-3826649461, networkLocation: /rack1, certSerialId: null}a0d01d6c-1588-47d8-b58d-5bdc55d47431{ip: 192.168.34.20, host: pr-hdds-2470-fxbl9-3826649461, networkLocation: /rack1, certSerialId: null}777bd53d-1b96-45c1-9d99-437e419e4ea1{ip: 192.168.34.20, host: pr-hdds-2470-fxbl9-3826649461, networkLocation: /rack1, certSerialId: null}, Type:RATIS, Factor:THREE, State:OPEN] moved to OPEN state
2019-11-13 20:40:14,905 [405db254-2a77-41b8-bcbc-61d002fbc757@group-DA587B7DE557-LeaderElection165] INFO  server.RaftServerConfigKeys (ConfUtils.java:logGet(43)) - raft.server.rpc.request.timeout = 3000ms (default)
2019-11-13 20:40:14,905 [405db254-2a77-41b8-bcbc-61d002fbc757@group-DA587B7DE557-LeaderElection165] INFO  server.RaftServerConfigKeys (ConfUtils.java:logGet(43)) - raft.server.log.appender.install.snapshot.enabled = false (custom)
2019-11-13 20:40:14,905 [405db254-2a77-41b8-bcbc-61d002fbc757@group-DA587B7DE557-LeaderElection165] WARN  impl.MetricRegistriesImpl (MetricRegistriesImpl.java:lambda$create$1(61)) - First MetricRegistry has been created without registering reporters. You may need to call MetricRegistries.global().addReportRegistration(...) before.
2019-11-13 20:40:14,905 [405db254-2a77-41b8-bcbc-61d002fbc757@group-DA587B7DE557-LeaderElection165] INFO  server.RaftServerConfigKeys (ConfUtils.java:logGet(43)) - raft.server.log.appender.snapshot.chunk.size.max = 16MB (=16777216) (default)
2019-11-13 20:40:14,905 [405db254-2a77-41b8-bcbc-61d002fbc757@group-DA587B7DE557-LeaderElection165] INFO  server.RaftServerConfigKeys (ConfUtils.java:logGet(43)) - raft.server.log.appender.buffer.byte-limit = 33554432 (custom)
2019-11-13 20:40:14,906 [405db254-2a77-41b8-bcbc-61d002fbc757@group-DA587B7DE557-LeaderElection165] INFO  server.RaftServerConfigKeys (ConfUtils.java:logGet(43)) - raft.server.log.appender.buffer.element-limit = 1 (custom)
2019-11-13 20:40:14,906 [405db254-2a77-41b8-bcbc-61d002fbc757@group-DA587B7DE557-LeaderElection165] INFO  grpc.GrpcConfigKeys$Server (ConfUtils.java:logGet(43)) - raft.grpc.server.leader.outstanding.appends.max = 128 (default)
2019-11-13 20:40:14,906 [405db254-2a77-41b8-bcbc-61d002fbc757@group-DA587B7DE557-LeaderElection165] INFO  server.RaftServerConfigKeys (ConfUtils.java:logGet(43)) - raft.server.rpc.request.timeout = 3000ms (default)
2019-11-13 20:40:14,906 [405db254-2a77-41b8-bcbc-61d002fbc757@group-DA587B7DE557-LeaderElection165] INFO  server.RaftServerConfigKeys (ConfUtils.java:logGet(43)) - raft.server.log.appender.install.snapshot.enabled = false (custom)
2019-11-13 20:40:14,906 [405db254-2a77-41b8-bcbc-61d002fbc757@group-DA587B7DE557-LeaderElection165] INFO  impl.RoleInfo (RoleInfo.java:updateAndGet(143)) - 405db254-2a77-41b8-bcbc-61d002fbc757: start LeaderState
2019-11-13 20:40:14,906 [405db254-2a77-41b8-bcbc-61d002fbc757@group-DA587B7DE557-LeaderElection165] INFO  segmented.SegmentedRaftLogWorker (SegmentedRaftLogWorker.java:startLogSegment(385)) - 405db254-2a77-41b8-bcbc-61d002fbc757@group-DA587B7DE557-SegmentedRaftLogWorker: Starting segment from index:0
2019-11-13 20:40:14,911 [405db254-2a77-41b8-bcbc-61d002fbc757@group-DA587B7DE557-LeaderElection165] INFO  impl.RaftServerImpl (ServerState.java:setRaftConf(356)) - 405db254-2a77-41b8-bcbc-61d002fbc757@group-DA587B7DE557: set configuration 0: [777bd53d-1b96-45c1-9d99-437e419e4ea1:192.168.34.20:43853, a0d01d6c-1588-47d8-b58d-5bdc55d47431:192.168.34.20:42336, 405db254-2a77-41b8-bcbc-61d002fbc757:192.168.34.20:41954], old=null at 0
2019-11-13 20:40:14,941 [Thread-4131] INFO  impl.FollowerState (FollowerState.java:run(111)) - 777bd53d-1b96-45c1-9d99-437e419e4ea1@group-7A44C2229B30-FollowerState: change to CANDIDATE, lastRpcTime:1047ms, electionTimeout:1038ms
2019-11-13 20:40:14,941 [Thread-4098] INFO  impl.FollowerState (FollowerState.java:run(111)) - a0d01d6c-1588-47d8-b58d-5bdc55d47431@group-8362288B7F2F-FollowerState: change to CANDIDATE, lastRpcTime:1179ms, electionTimeout:1159ms
2019-11-13 20:40:14,943 [Thread-4131] INFO  impl.RoleInfo (RoleInfo.java:shutdownFollowerState(121)) - 777bd53d-1b96-45c1-9d99-437e419e4ea1: shutdown FollowerState
2019-11-13 20:40:14,943 [Thread-4098] INFO  impl.RoleInfo (RoleInfo.java:shutdownFollowerState(121)) - a0d01d6c-1588-47d8-b58d-5bdc55d47431: shutdown FollowerState
2019-11-13 20:40:14,943 [Thread-4131] INFO  impl.RaftServerImpl (RaftServerImpl.java:setRole(173)) - 777bd53d-1b96-45c1-9d99-437e419e4ea1@group-7A44C2229B30: changes role from  FOLLOWER to CANDIDATE at term 0 for changeToCandidate
2019-11-13 20:40:14,943 [Thread-4098] INFO  impl.RaftServerImpl (RaftServerImpl.java:setRole(173)) - a0d01d6c-1588-47d8-b58d-5bdc55d47431@group-8362288B7F2F: changes role from  FOLLOWER to CANDIDATE at term 0 for changeToCandidate
2019-11-13 20:40:14,944 [Thread-4131] INFO  impl.RoleInfo (RoleInfo.java:updateAndGet(143)) - 777bd53d-1b96-45c1-9d99-437e419e4ea1: start LeaderElection
2019-11-13 20:40:14,944 [Thread-4098] INFO  impl.RoleInfo (RoleInfo.java:updateAndGet(143)) - a0d01d6c-1588-47d8-b58d-5bdc55d47431: start LeaderElection
2019-11-13 20:40:14,946 [grpc-default-executor-4] INFO  ratis.XceiverServerRatis (XceiverServerRatis.java:handleLeaderChangedNotification(697)) - Leader change notification received for group: group-DA587B7DE557 with new leaderId: 405db254-2a77-41b8-bcbc-61d002fbc757
2019-11-13 20:40:14,947 [grpc-default-executor-4] INFO  impl.RaftServerImpl (ServerState.java:setLeader(255)) - a0d01d6c-1588-47d8-b58d-5bdc55d47431@group-DA587B7DE557: change Leader from null to 405db254-2a77-41b8-bcbc-61d002fbc757 at term 1 for appendEntries, leader elected after 1121ms
2019-11-13 20:40:14,950 [grpc-default-executor-2] INFO  ratis.XceiverServerRatis (XceiverServerRatis.java:handleLeaderChangedNotification(697)) - Leader change notification received for group: group-DA587B7DE557 with new leaderId: 405db254-2a77-41b8-bcbc-61d002fbc757
2019-11-13 20:40:14,951 [grpc-default-executor-2] INFO  impl.RaftServerImpl (ServerState.java:setLeader(255)) - 777bd53d-1b96-45c1-9d99-437e419e4ea1@group-DA587B7DE557: change Leader from null to 405db254-2a77-41b8-bcbc-61d002fbc757 at term 1 for appendEntries, leader elected after 1123ms
2019-11-13 20:40:14,954 [grpc-default-executor-4] INFO  impl.RaftServerImpl (ServerState.java:setRaftConf(356)) - a0d01d6c-1588-47d8-b58d-5bdc55d47431@group-DA587B7DE557: set configuration 0: [777bd53d-1b96-45c1-9d99-437e419e4ea1:192.168.34.20:43853, a0d01d6c-1588-47d8-b58d-5bdc55d47431:192.168.34.20:42336, 405db254-2a77-41b8-bcbc-61d002fbc757:192.168.34.20:41954], old=null at 0
2019-11-13 20:40:14,954 [grpc-default-executor-4] INFO  segmented.SegmentedRaftLogWorker (SegmentedRaftLogWorker.java:startLogSegment(385)) - a0d01d6c-1588-47d8-b58d-5bdc55d47431@group-DA587B7DE557-SegmentedRaftLogWorker: Starting segment from index:0
2019-11-13 20:40:14,954 [405db254-2a77-41b8-bcbc-61d002fbc757@group-DA587B7DE557-SegmentedRaftLogWorker] INFO  segmented.SegmentedRaftLogWorker (SegmentedRaftLogWorker.java:execute(576)) - 405db254-2a77-41b8-bcbc-61d002fbc757@group-DA587B7DE557-SegmentedRaftLogWorker: created new log segment /workdir/hadoop-ozone/integration-test/target/test-dir/MiniOzoneClusterImpl-23a5d35f-12cc-4157-b83c-481d86791456/datanode-0/data/ratis/cb13d4b8-21af-4e91-ab7c-da587b7de557/current/log_inprogress_0
2019-11-13 20:40:14,954 [777bd53d-1b96-45c1-9d99-437e419e4ea1@group-7A44C2229B30-LeaderElection166] INFO  impl.LeaderElection (LeaderElection.java:askForVotes(178)) - 777bd53d-1b96-45c1-9d99-437e419e4ea1@group-7A44C2229B30-LeaderElection166: begin an election at term 1 for -1: [777bd53d-1b96-45c1-9d99-437e419e4ea1:192.168.34.20:43853], old=null
2019-11-13 20:40:14,954 [a0d01d6c-1588-47d8-b58d-5bdc55d47431@group-8362288B7F2F-LeaderElection167] INFO  impl.LeaderElection (LeaderElection.java:askForVotes(178)) - a0d01d6c-1588-47d8-b58d-5bdc55d47431@group-8362288B7F2F-LeaderElection167: begin an election at term 1 for -1: [a0d01d6c-1588-47d8-b58d-5bdc55d47431:192.168.34.20:42336], old=null
2019-11-13 20:40:14,954 [777bd53d-1b96-45c1-9d99-437e419e4ea1@group-7A44C2229B30-LeaderElection166] INFO  impl.RoleInfo (RoleInfo.java:shutdownLeaderElection(134)) - 777bd53d-1b96-45c1-9d99-437e419e4ea1: shutdown LeaderElection
2019-11-13 20:40:14,954 [a0d01d6c-1588-47d8-b58d-5bdc55d47431@group-8362288B7F2F-LeaderElection167] INFO  impl.RoleInfo (RoleInfo.java:shutdownLeaderElection(134)) - a0d01d6c-1588-47d8-b58d-5bdc55d47431: shutdown LeaderElection
2019-11-13 20:40:14,954 [grpc-default-executor-4] INFO  impl.RaftServerImpl (ServerState.java:setRaftConf(356)) - 777bd53d-1b96-45c1-9d99-437e419e4ea1@group-DA587B7DE557: set configuration 0: [777bd53d-1b96-45c1-9d99-437e419e4ea1:192.168.34.20:43853, a0d01d6c-1588-47d8-b58d-5bdc55d47431:192.168.34.20:42336, 405db254-2a77-41b8-bcbc-61d002fbc757:192.168.34.20:41954], old=null at 0
2019-11-13 20:40:14,955 [a0d01d6c-1588-47d8-b58d-5bdc55d47431@group-8362288B7F2F-LeaderElection167] INFO  impl.RaftServerImpl (RaftServerImpl.java:setRole(173)) - a0d01d6c-1588-47d8-b58d-5bdc55d47431@group-8362288B7F2F: changes role from CANDIDATE to LEADER at term 1 for changeToLeader
2019-11-13 20:40:14,955 [grpc-default-executor-4] INFO  segmented.SegmentedRaftLogWorker (SegmentedRaftLogWorker.java:startLogSegment(385)) - 777bd53d-1b96-45c1-9d99-437e419e4ea1@group-DA587B7DE557-SegmentedRaftLogWorker: Starting segment from index:0
2019-11-13 20:40:14,954 [777bd53d-1b96-45c1-9d99-437e419e4ea1@group-7A44C2229B30-LeaderElection166] INFO  impl.RaftServerImpl (RaftServerImpl.java:setRole(173)) - 777bd53d-1b96-45c1-9d99-437e419e4ea1@group-7A44C2229B30: changes role from CANDIDATE to LEADER at term 1 for changeToLeader
2019-11-13 20:40:14,955 [a0d01d6c-1588-47d8-b58d-5bdc55d47431@group-8362288B7F2F-LeaderElection167] INFO  ratis.XceiverServerRatis (XceiverServerRatis.java:handleLeaderChangedNotification(697)) - Leader change notification received for group: group-8362288B7F2F with new leaderId: a0d01d6c-1588-47d8-b58d-5bdc55d47431
2019-11-13 20:40:14,955 [777bd53d-1b96-45c1-9d99-437e419e4ea1@group-7A44C2229B30-LeaderElection166] INFO  ratis.XceiverServerRatis (XceiverServerRatis.java:handleLeaderChangedNotification(697)) - Leader change notification received for group: group-7A44C2229B30 with new leaderId: 777bd53d-1b96-45c1-9d99-437e419e4ea1
2019-11-13 20:40:14,955 [a0d01d6c-1588-47d8-b58d-5bdc55d47431@group-8362288B7F2F-LeaderElection167] INFO  impl.RaftServerImpl (ServerState.java:setLeader(255)) - a0d01d6c-1588-47d8-b58d-5bdc55d47431@group-8362288B7F2F: change Leader from null to a0d01d6c-1588-47d8-b58d-5bdc55d47431 at term 1 for becomeLeader, leader elected after 1203ms
2019-11-13 20:40:14,955 [777bd53d-1b96-45c1-9d99-437e419e4ea1@group-7A44C2229B30-LeaderElection166] INFO  impl.RaftServerImpl (ServerState.java:setLeader(255)) - 777bd53d-1b96-45c1-9d99-437e419e4ea1@group-7A44C2229B30: change Leader from null to 777bd53d-1b96-45c1-9d99-437e419e4ea1 at term 1 for becomeLeader, leader elected after 1074ms
2019-11-13 20:40:14,955 [a0d01d6c-1588-47d8-b58d-5bdc55d47431@group-8362288B7F2F-LeaderElection167] INFO  server.RaftServerConfigKeys (ConfUtils.java:logGet(43)) - raft.server.staging.catchup.gap = 1000 (default)
2019-11-13 20:40:14,955 [777bd53d-1b96-45c1-9d99-437e419e4ea1@group-7A44C2229B30-LeaderElection166] INFO  server.RaftServerConfigKeys (ConfUtils.java:logGet(43)) - raft.server.staging.catchup.gap = 1000 (default)
2019-11-13 20:40:14,956 [a0d01d6c-1588-47d8-b58d-5bdc55d47431@group-8362288B7F2F-LeaderElection167] INFO  server.RaftServerConfigKeys (ConfUtils.java:logGet(43)) - raft.server.rpc.sleep.time = 25ms (default)
2019-11-13 20:40:14,956 [777bd53d-1b96-45c1-9d99-437e419e4ea1@group-7A44C2229B30-LeaderElection166] INFO  server.RaftServerConfigKeys (ConfUtils.java:logGet(43)) - raft.server.rpc.sleep.time = 25ms (default)
2019-11-13 20:40:14,956 [a0d01d6c-1588-47d8-b58d-5bdc55d47431@group-8362288B7F2F-LeaderElection167] INFO  server.RaftServerConfigKeys (ConfUtils.java:logGet(43)) - raft.server.write.element-limit = 4096 (default)
2019-11-13 20:40:14,956 [777bd53d-1b96-45c1-9d99-437e419e4ea1@group-7A44C2229B30-LeaderElection166] INFO  server.RaftServerConfigKeys (ConfUtils.java:logGet(43)) - raft.server.write.element-limit = 4096 (default)
2019-11-13 20:40:14,956 [a0d01d6c-1588-47d8-b58d-5bdc55d47431@group-8362288B7F2F-LeaderElection167] INFO  server.RaftServerConfigKeys (ConfUtils.java:logGet(43)) - raft.server.watch.timeout = 10s (default)
2019-11-13 20:40:14,956 [EventQueue-PipelineReportForPipelineReportHandler] INFO  pipeline.PipelineStateManager (PipelineStateManager.java:openPipeline(134)) - Pipeline Pipeline[ Id: 680312e2-9211-4244-b0d7-8362288b7f2f, Nodes: a0d01d6c-1588-47d8-b58d-5bdc55d47431{ip: 192.168.34.20, host: pr-hdds-2470-fxbl9-3826649461, networkLocation: /rack1, certSerialId: null}, Type:RATIS, Factor:ONE, State:OPEN] moved to OPEN state
2019-11-13 20:40:14,956 [a0d01d6c-1588-47d8-b58d-5bdc55d47431@group-8362288B7F2F-LeaderElection167] INFO  server.RaftServerConfigKeys (ConfUtils.java:logGet(43)) - raft.server.watch.timeout.denomination = 1s (default)
2019-11-13 20:40:14,956 [777bd53d-1b96-45c1-9d99-437e419e4ea1@group-7A44C2229B30-LeaderElection166] INFO  server.RaftServerConfigKeys (ConfUtils.java:logGet(43)) - raft.server.watch.timeout = 10s (default)
2019-11-13 20:40:14,956 [EventQueue-PipelineReportForPipelineReportHandler] INFO  pipeline.PipelineStateManager (PipelineStateManager.java:openPipeline(134)) - Pipeline Pipeline[ Id: 96fa8199-9742-4e4e-bc8c-7a44c2229b30, Nodes: 777bd53d-1b96-45c1-9d99-437e419e4ea1{ip: 192.168.34.20, host: pr-hdds-2470-fxbl9-3826649461, networkLocation: /rack1, certSerialId: null}, Type:RATIS, Factor:ONE, State:OPEN] moved to OPEN state
2019-11-13 20:40:14,956 [a0d01d6c-1588-47d8-b58d-5bdc55d47431@group-8362288B7F2F-LeaderElection167] INFO  server.RaftServerConfigKeys (ConfUtils.java:logGet(43)) - raft.server.watch.element-limit = 65536 (default)
2019-11-13 20:40:14,956 [777bd53d-1b96-45c1-9d99-437e419e4ea1@group-7A44C2229B30-LeaderElection166] INFO  server.RaftServerConfigKeys (ConfUtils.java:logGet(43)) - raft.server.watch.timeout.denomination = 1s (default)
2019-11-13 20:40:14,957 [a0d01d6c-1588-47d8-b58d-5bdc55d47431@group-8362288B7F2F-LeaderElection167] INFO  impl.RoleInfo (RoleInfo.java:updateAndGet(143)) - a0d01d6c-1588-47d8-b58d-5bdc55d47431: start LeaderState
2019-11-13 20:40:14,957 [777bd53d-1b96-45c1-9d99-437e419e4ea1@group-7A44C2229B30-LeaderElection166] INFO  server.RaftServerConfigKeys (ConfUtils.java:logGet(43)) - raft.server.watch.element-limit = 65536 (default)
2019-11-13 20:40:14,957 [a0d01d6c-1588-47d8-b58d-5bdc55d47431@group-8362288B7F2F-LeaderElection167] INFO  segmented.SegmentedRaftLogWorker (SegmentedRaftLogWorker.java:startLogSegment(385)) - a0d01d6c-1588-47d8-b58d-5bdc55d47431@group-8362288B7F2F-SegmentedRaftLogWorker: Starting segment from index:0
2019-11-13 20:40:14,957 [777bd53d-1b96-45c1-9d99-437e419e4ea1@group-7A44C2229B30-LeaderElection166] INFO  impl.RoleInfo (RoleInfo.java:updateAndGet(143)) - 777bd53d-1b96-45c1-9d99-437e419e4ea1: start LeaderState
2019-11-13 20:40:14,957 [a0d01d6c-1588-47d8-b58d-5bdc55d47431@group-8362288B7F2F-LeaderElection167] INFO  impl.RaftServerImpl (ServerState.java:setRaftConf(356)) - a0d01d6c-1588-47d8-b58d-5bdc55d47431@group-8362288B7F2F: set configuration 0: [a0d01d6c-1588-47d8-b58d-5bdc55d47431:192.168.34.20:42336], old=null at 0
2019-11-13 20:40:14,957 [777bd53d-1b96-45c1-9d99-437e419e4ea1@group-7A44C2229B30-LeaderElection166] INFO  segmented.SegmentedRaftLogWorker (SegmentedRaftLogWorker.java:startLogSegment(385)) - 777bd53d-1b96-45c1-9d99-437e419e4ea1@group-7A44C2229B30-SegmentedRaftLogWorker: Starting segment from index:0
2019-11-13 20:40:14,997 [777bd53d-1b96-45c1-9d99-437e419e4ea1@group-7A44C2229B30-LeaderElection166] INFO  impl.RaftServerImpl (ServerState.java:setRaftConf(356)) - 777bd53d-1b96-45c1-9d99-437e419e4ea1@group-7A44C2229B30: set configuration 0: [777bd53d-1b96-45c1-9d99-437e419e4ea1:192.168.34.20:43853], old=null at 0
2019-11-13 20:40:15,084 [a0d01d6c-1588-47d8-b58d-5bdc55d47431@group-DA587B7DE557-SegmentedRaftLogWorker] INFO  segmented.SegmentedRaftLogWorker (SegmentedRaftLogWorker.java:execute(576)) - a0d01d6c-1588-47d8-b58d-5bdc55d47431@group-DA587B7DE557-SegmentedRaftLogWorker: created new log segment /workdir/hadoop-ozone/integration-test/target/test-dir/MiniOzoneClusterImpl-23a5d35f-12cc-4157-b83c-481d86791456/datanode-2/data/ratis/cb13d4b8-21af-4e91-ab7c-da587b7de557/current/log_inprogress_0
2019-11-13 20:40:15,084 [777bd53d-1b96-45c1-9d99-437e419e4ea1@group-7A44C2229B30-SegmentedRaftLogWorker] INFO  segmented.SegmentedRaftLogWorker (SegmentedRaftLogWorker.java:execute(576)) - 777bd53d-1b96-45c1-9d99-437e419e4ea1@group-7A44C2229B30-SegmentedRaftLogWorker: created new log segment /workdir/hadoop-ozone/integration-test/target/test-dir/MiniOzoneClusterImpl-23a5d35f-12cc-4157-b83c-481d86791456/datanode-8/data/ratis/96fa8199-9742-4e4e-bc8c-7a44c2229b30/current/log_inprogress_0
2019-11-13 20:40:15,084 [777bd53d-1b96-45c1-9d99-437e419e4ea1@group-DA587B7DE557-SegmentedRaftLogWorker] INFO  segmented.SegmentedRaftLogWorker (SegmentedRaftLogWorker.java:execute(576)) - 777bd53d-1b96-45c1-9d99-437e419e4ea1@group-DA587B7DE557-SegmentedRaftLogWorker: created new log segment /workdir/hadoop-ozone/integration-test/target/test-dir/MiniOzoneClusterImpl-23a5d35f-12cc-4157-b83c-481d86791456/datanode-8/data/ratis/cb13d4b8-21af-4e91-ab7c-da587b7de557/current/log_inprogress_0
2019-11-13 20:40:15,084 [a0d01d6c-1588-47d8-b58d-5bdc55d47431@group-8362288B7F2F-SegmentedRaftLogWorker] INFO  segmented.SegmentedRaftLogWorker (SegmentedRaftLogWorker.java:execute(576)) - a0d01d6c-1588-47d8-b58d-5bdc55d47431@group-8362288B7F2F-SegmentedRaftLogWorker: created new log segment /workdir/hadoop-ozone/integration-test/target/test-dir/MiniOzoneClusterImpl-23a5d35f-12cc-4157-b83c-481d86791456/datanode-2/data/ratis/680312e2-9211-4244-b0d7-8362288b7f2f/current/log_inprogress_0
2019-11-13 20:40:15,101 [Thread-4135] INFO  impl.FollowerState (FollowerState.java:run(111)) - 11bf945c-44a0-4fdd-85a2-60a349617ab7@group-9B9325370298-FollowerState: change to CANDIDATE, lastRpcTime:1170ms, electionTimeout:1170ms
2019-11-13 20:40:15,101 [Thread-4135] INFO  impl.RoleInfo (RoleInfo.java:shutdownFollowerState(121)) - 11bf945c-44a0-4fdd-85a2-60a349617ab7: shutdown FollowerState
2019-11-13 20:40:15,101 [Thread-4135] INFO  impl.RaftServerImpl (RaftServerImpl.java:setRole(173)) - 11bf945c-44a0-4fdd-85a2-60a349617ab7@group-9B9325370298: changes role from  FOLLOWER to CANDIDATE at term 0 for changeToCandidate
2019-11-13 20:40:15,101 [Thread-4135] INFO  impl.RoleInfo (RoleInfo.java:updateAndGet(143)) - 11bf945c-44a0-4fdd-85a2-60a349617ab7: start LeaderElection
2019-11-13 20:40:15,186 [11bf945c-44a0-4fdd-85a2-60a349617ab7@group-9B9325370298-LeaderElection168] INFO  impl.LeaderElection (LeaderElection.java:askForVotes(178)) - 11bf945c-44a0-4fdd-85a2-60a349617ab7@group-9B9325370298-LeaderElection168: begin an election at term 1 for -1: [11bf945c-44a0-4fdd-85a2-60a349617ab7:192.168.34.20:36272], old=null
2019-11-13 20:40:15,186 [11bf945c-44a0-4fdd-85a2-60a349617ab7@group-9B9325370298-LeaderElection168] INFO  impl.RoleInfo (RoleInfo.java:shutdownLeaderElection(134)) - 11bf945c-44a0-4fdd-85a2-60a349617ab7: shutdown LeaderElection
2019-11-13 20:40:15,186 [11bf945c-44a0-4fdd-85a2-60a349617ab7@group-9B9325370298-LeaderElection168] INFO  impl.RaftServerImpl (RaftServerImpl.java:setRole(173)) - 11bf945c-44a0-4fdd-85a2-60a349617ab7@group-9B9325370298: changes role from CANDIDATE to LEADER at term 1 for changeToLeader
2019-11-13 20:40:15,186 [11bf945c-44a0-4fdd-85a2-60a349617ab7@group-9B9325370298-LeaderElection168] INFO  ratis.XceiverServerRatis (XceiverServerRatis.java:handleLeaderChangedNotification(697)) - Leader change notification received for group: group-9B9325370298 with new leaderId: 11bf945c-44a0-4fdd-85a2-60a349617ab7
2019-11-13 20:40:15,186 [11bf945c-44a0-4fdd-85a2-60a349617ab7@group-9B9325370298-LeaderElection168] INFO  impl.RaftServerImpl (ServerState.java:setLeader(255)) - 11bf945c-44a0-4fdd-85a2-60a349617ab7@group-9B9325370298: change Leader from null to 11bf945c-44a0-4fdd-85a2-60a349617ab7 at term 1 for becomeLeader, leader elected after 1257ms
2019-11-13 20:40:15,186 [11bf945c-44a0-4fdd-85a2-60a349617ab7@group-9B9325370298-LeaderElection168] INFO  server.RaftServerConfigKeys (ConfUtils.java:logGet(43)) - raft.server.staging.catchup.gap = 1000 (default)
2019-11-13 20:40:15,186 [11bf945c-44a0-4fdd-85a2-60a349617ab7@group-9B9325370298-LeaderElection168] INFO  server.RaftServerConfigKeys (ConfUtils.java:logGet(43)) - raft.server.rpc.sleep.time = 25ms (default)
2019-11-13 20:40:15,186 [11bf945c-44a0-4fdd-85a2-60a349617ab7@group-9B9325370298-LeaderElection168] INFO  server.RaftServerConfigKeys (ConfUtils.java:logGet(43)) - raft.server.write.element-limit = 4096 (default)
2019-11-13 20:40:15,186 [11bf945c-44a0-4fdd-85a2-60a349617ab7@group-9B9325370298-LeaderElection168] INFO  server.RaftServerConfigKeys (ConfUtils.java:logGet(43)) - raft.server.watch.timeout = 10s (default)
2019-11-13 20:40:15,187 [11bf945c-44a0-4fdd-85a2-60a349617ab7@group-9B9325370298-LeaderElection168] INFO  server.RaftServerConfigKeys (ConfUtils.java:logGet(43)) - raft.server.watch.timeout.denomination = 1s (default)
2019-11-13 20:40:15,187 [11bf945c-44a0-4fdd-85a2-60a349617ab7@group-9B9325370298-LeaderElection168] INFO  server.RaftServerConfigKeys (ConfUtils.java:logGet(43)) - raft.server.watch.element-limit = 65536 (default)
2019-11-13 20:40:15,187 [11bf945c-44a0-4fdd-85a2-60a349617ab7@group-9B9325370298-LeaderElection168] INFO  impl.RoleInfo (RoleInfo.java:updateAndGet(143)) - 11bf945c-44a0-4fdd-85a2-60a349617ab7: start LeaderState
2019-11-13 20:40:15,187 [11bf945c-44a0-4fdd-85a2-60a349617ab7@group-9B9325370298-LeaderElection168] INFO  segmented.SegmentedRaftLogWorker (SegmentedRaftLogWorker.java:startLogSegment(385)) - 11bf945c-44a0-4fdd-85a2-60a349617ab7@group-9B9325370298-SegmentedRaftLogWorker: Starting segment from index:0
2019-11-13 20:40:15,187 [EventQueue-PipelineReportForPipelineReportHandler] INFO  pipeline.PipelineStateManager (PipelineStateManager.java:openPipeline(134)) - Pipeline Pipeline[ Id: 13a87628-fc3b-4110-86e4-9b9325370298, Nodes: 11bf945c-44a0-4fdd-85a2-60a349617ab7{ip: 192.168.34.20, host: pr-hdds-2470-fxbl9-3826649461, networkLocation: /rack1, certSerialId: null}, Type:RATIS, Factor:ONE, State:OPEN] moved to OPEN state
2019-11-13 20:40:15,187 [11bf945c-44a0-4fdd-85a2-60a349617ab7@group-9B9325370298-LeaderElection168] INFO  impl.RaftServerImpl (ServerState.java:setRaftConf(356)) - 11bf945c-44a0-4fdd-85a2-60a349617ab7@group-9B9325370298: set configuration 0: [11bf945c-44a0-4fdd-85a2-60a349617ab7:192.168.34.20:36272], old=null at 0
2019-11-13 20:40:15,206 [Thread-4145] INFO  impl.FollowerState (FollowerState.java:run(111)) - 11bf945c-44a0-4fdd-85a2-60a349617ab7@group-B74ABADDE9AD-FollowerState: change to CANDIDATE, lastRpcTime:1069ms, electionTimeout:1069ms
2019-11-13 20:40:15,206 [Thread-4145] INFO  impl.RoleInfo (RoleInfo.java:shutdownFollowerState(121)) - 11bf945c-44a0-4fdd-85a2-60a349617ab7: shutdown FollowerState
2019-11-13 20:40:15,206 [Thread-4145] INFO  impl.RaftServerImpl (RaftServerImpl.java:setRole(173)) - 11bf945c-44a0-4fdd-85a2-60a349617ab7@group-B74ABADDE9AD: changes role from  FOLLOWER to CANDIDATE at term 0 for changeToCandidate
2019-11-13 20:40:15,206 [Thread-4145] INFO  impl.RoleInfo (RoleInfo.java:updateAndGet(143)) - 11bf945c-44a0-4fdd-85a2-60a349617ab7: start LeaderElection
2019-11-13 20:40:15,232 [Thread-4144] INFO  impl.FollowerState (FollowerState.java:run(111)) - a35788b4-68d9-46fd-b847-60a9b7211510@group-B74ABADDE9AD-FollowerState: change to CANDIDATE, lastRpcTime:1096ms, electionTimeout:1096ms
2019-11-13 20:40:15,233 [Thread-4144] INFO  impl.RoleInfo (RoleInfo.java:shutdownFollowerState(121)) - a35788b4-68d9-46fd-b847-60a9b7211510: shutdown FollowerState
2019-11-13 20:40:15,233 [Thread-4144] INFO  impl.RaftServerImpl (RaftServerImpl.java:setRole(173)) - a35788b4-68d9-46fd-b847-60a9b7211510@group-B74ABADDE9AD: changes role from  FOLLOWER to CANDIDATE at term 0 for changeToCandidate
2019-11-13 20:40:15,233 [Thread-4144] INFO  impl.RoleInfo (RoleInfo.java:updateAndGet(143)) - a35788b4-68d9-46fd-b847-60a9b7211510: start LeaderElection
2019-11-13 20:40:15,233 [11bf945c-44a0-4fdd-85a2-60a349617ab7@group-9B9325370298-SegmentedRaftLogWorker] INFO  segmented.SegmentedRaftLogWorker (SegmentedRaftLogWorker.java:execute(576)) - 11bf945c-44a0-4fdd-85a2-60a349617ab7@group-9B9325370298-SegmentedRaftLogWorker: created new log segment /workdir/hadoop-ozone/integration-test/target/test-dir/MiniOzoneClusterImpl-23a5d35f-12cc-4157-b83c-481d86791456/datanode-7/data/ratis/13a87628-fc3b-4110-86e4-9b9325370298/current/log_inprogress_0
2019-11-13 20:40:15,233 [11bf945c-44a0-4fdd-85a2-60a349617ab7@group-B74ABADDE9AD-LeaderElection169] INFO  impl.LeaderElection (LeaderElection.java:askForVotes(178)) - 11bf945c-44a0-4fdd-85a2-60a349617ab7@group-B74ABADDE9AD-LeaderElection169: begin an election at term 1 for -1: [11bf945c-44a0-4fdd-85a2-60a349617ab7:192.168.34.20:36272, a35788b4-68d9-46fd-b847-60a9b7211510:192.168.34.20:39245, e207fbae-fd28-42f6-9bb4-297c35844d9f:192.168.34.20:33417], old=null
2019-11-13 20:40:15,237 [grpc-default-executor-2] INFO  impl.RaftServerImpl (RaftServerImpl.java:setRole(173)) - e207fbae-fd28-42f6-9bb4-297c35844d9f@group-B74ABADDE9AD: changes role from  FOLLOWER to FOLLOWER at term 1 for recognizeCandidate:11bf945c-44a0-4fdd-85a2-60a349617ab7
2019-11-13 20:40:15,237 [grpc-default-executor-2] INFO  impl.RoleInfo (RoleInfo.java:shutdownFollowerState(121)) - e207fbae-fd28-42f6-9bb4-297c35844d9f: shutdown FollowerState
2019-11-13 20:40:15,237 [grpc-default-executor-2] INFO  impl.RoleInfo (RoleInfo.java:updateAndGet(143)) - e207fbae-fd28-42f6-9bb4-297c35844d9f: start FollowerState
2019-11-13 20:40:15,237 [Thread-4149] INFO  impl.FollowerState (FollowerState.java:run(120)) - e207fbae-fd28-42f6-9bb4-297c35844d9f@group-B74ABADDE9AD-FollowerState was interrupted: java.lang.InterruptedException: sleep interrupted
2019-11-13 20:40:15,243 [a35788b4-68d9-46fd-b847-60a9b7211510@group-B74ABADDE9AD-LeaderElection170] INFO  impl.LeaderElection (LeaderElection.java:askForVotes(178)) - a35788b4-68d9-46fd-b847-60a9b7211510@group-B74ABADDE9AD-LeaderElection170: begin an election at term 1 for -1: [11bf945c-44a0-4fdd-85a2-60a349617ab7:192.168.34.20:36272, a35788b4-68d9-46fd-b847-60a9b7211510:192.168.34.20:39245, e207fbae-fd28-42f6-9bb4-297c35844d9f:192.168.34.20:33417], old=null
2019-11-13 20:40:15,246 [11bf945c-44a0-4fdd-85a2-60a349617ab7@group-B74ABADDE9AD-LeaderElection169] INFO  impl.LeaderElection (LeaderElection.java:logAndReturn(56)) - 11bf945c-44a0-4fdd-85a2-60a349617ab7@group-B74ABADDE9AD-LeaderElection169: Election PASSED; received 2 response(s) [11bf945c-44a0-4fdd-85a2-60a349617ab7<-a35788b4-68d9-46fd-b847-60a9b7211510#0:FAIL-t1, 11bf945c-44a0-4fdd-85a2-60a349617ab7<-e207fbae-fd28-42f6-9bb4-297c35844d9f#0:OK-t1] and 0 exception(s); 11bf945c-44a0-4fdd-85a2-60a349617ab7@group-B74ABADDE9AD:t1, leader=null, voted=11bf945c-44a0-4fdd-85a2-60a349617ab7, raftlog=11bf945c-44a0-4fdd-85a2-60a349617ab7@group-B74ABADDE9AD-SegmentedRaftLog:OPENED:c-1,f-1,i0, conf=-1: [11bf945c-44a0-4fdd-85a2-60a349617ab7:192.168.34.20:36272, a35788b4-68d9-46fd-b847-60a9b7211510:192.168.34.20:39245, e207fbae-fd28-42f6-9bb4-297c35844d9f:192.168.34.20:33417], old=null
2019-11-13 20:40:15,246 [11bf945c-44a0-4fdd-85a2-60a349617ab7@group-B74ABADDE9AD-LeaderElection169] INFO  impl.RoleInfo (RoleInfo.java:shutdownLeaderElection(134)) - 11bf945c-44a0-4fdd-85a2-60a349617ab7: shutdown LeaderElection
2019-11-13 20:40:15,246 [11bf945c-44a0-4fdd-85a2-60a349617ab7@group-B74ABADDE9AD-LeaderElection169] INFO  impl.RaftServerImpl (RaftServerImpl.java:setRole(173)) - 11bf945c-44a0-4fdd-85a2-60a349617ab7@group-B74ABADDE9AD: changes role from CANDIDATE to LEADER at term 1 for changeToLeader
2019-11-13 20:40:15,246 [11bf945c-44a0-4fdd-85a2-60a349617ab7@group-B74ABADDE9AD-LeaderElection169] INFO  ratis.XceiverServerRatis (XceiverServerRatis.java:handleLeaderChangedNotification(697)) - Leader change notification received for group: group-B74ABADDE9AD with new leaderId: 11bf945c-44a0-4fdd-85a2-60a349617ab7
2019-11-13 20:40:15,246 [11bf945c-44a0-4fdd-85a2-60a349617ab7@group-B74ABADDE9AD-LeaderElection169] INFO  impl.RaftServerImpl (ServerState.java:setLeader(255)) - 11bf945c-44a0-4fdd-85a2-60a349617ab7@group-B74ABADDE9AD: change Leader from null to 11bf945c-44a0-4fdd-85a2-60a349617ab7 at term 1 for becomeLeader, leader elected after 1118ms
2019-11-13 20:40:15,246 [11bf945c-44a0-4fdd-85a2-60a349617ab7@group-B74ABADDE9AD-LeaderElection169] INFO  server.RaftServerConfigKeys (ConfUtils.java:logGet(43)) - raft.server.staging.catchup.gap = 1000 (default)
2019-11-13 20:40:15,246 [11bf945c-44a0-4fdd-85a2-60a349617ab7@group-B74ABADDE9AD-LeaderElection169] INFO  server.RaftServerConfigKeys (ConfUtils.java:logGet(43)) - raft.server.rpc.sleep.time = 25ms (default)
2019-11-13 20:40:15,246 [11bf945c-44a0-4fdd-85a2-60a349617ab7@group-B74ABADDE9AD-LeaderElection169] INFO  server.RaftServerConfigKeys (ConfUtils.java:logGet(43)) - raft.server.write.element-limit = 4096 (default)
2019-11-13 20:40:15,246 [11bf945c-44a0-4fdd-85a2-60a349617ab7@group-B74ABADDE9AD-LeaderElection169] INFO  server.RaftServerConfigKeys (ConfUtils.java:logGet(43)) - raft.server.watch.timeout = 10s (default)
2019-11-13 20:40:15,246 [11bf945c-44a0-4fdd-85a2-60a349617ab7@group-B74ABADDE9AD-LeaderElection169] INFO  server.RaftServerConfigKeys (ConfUtils.java:logGet(43)) - raft.server.watch.timeout.denomination = 1s (default)
2019-11-13 20:40:15,247 [11bf945c-44a0-4fdd-85a2-60a349617ab7@group-B74ABADDE9AD-LeaderElection169] INFO  server.RaftServerConfigKeys (ConfUtils.java:logGet(43)) - raft.server.watch.element-limit = 65536 (default)
2019-11-13 20:40:15,247 [11bf945c-44a0-4fdd-85a2-60a349617ab7@group-B74ABADDE9AD-LeaderElection169] INFO  server.RaftServerConfigKeys (ConfUtils.java:logGet(43)) - raft.server.log.appender.snapshot.chunk.size.max = 16MB (=16777216) (default)
2019-11-13 20:40:15,247 [11bf945c-44a0-4fdd-85a2-60a349617ab7@group-B74ABADDE9AD-LeaderElection169] INFO  server.RaftServerConfigKeys (ConfUtils.java:logGet(43)) - raft.server.log.appender.buffer.byte-limit = 33554432 (custom)
2019-11-13 20:40:15,247 [11bf945c-44a0-4fdd-85a2-60a349617ab7@group-B74ABADDE9AD-LeaderElection169] INFO  server.RaftServerConfigKeys (ConfUtils.java:logGet(43)) - raft.server.log.appender.buffer.element-limit = 1 (custom)
2019-11-13 20:40:15,247 [EventQueue-PipelineReportForPipelineReportHandler] INFO  pipeline.PipelineStateManager (PipelineStateManager.java:openPipeline(134)) - Pipeline Pipeline[ Id: 821aa06f-d437-4bf7-8c37-b74abadde9ad, Nodes: e207fbae-fd28-42f6-9bb4-297c35844d9f{ip: 192.168.34.20, host: pr-hdds-2470-fxbl9-3826649461, networkLocation: /rack1, certSerialId: null}a35788b4-68d9-46fd-b847-60a9b7211510{ip: 192.168.34.20, host: pr-hdds-2470-fxbl9-3826649461, networkLocation: /rack1, certSerialId: null}11bf945c-44a0-4fdd-85a2-60a349617ab7{ip: 192.168.34.20, host: pr-hdds-2470-fxbl9-3826649461, networkLocation: /rack1, certSerialId: null}, Type:RATIS, Factor:THREE, State:OPEN] moved to OPEN state
2019-11-13 20:40:15,247 [11bf945c-44a0-4fdd-85a2-60a349617ab7@group-B74ABADDE9AD-LeaderElection169] INFO  grpc.GrpcConfigKeys$Server (ConfUtils.java:logGet(43)) - raft.grpc.server.leader.outstanding.appends.max = 128 (default)
2019-11-13 20:40:15,247 [11bf945c-44a0-4fdd-85a2-60a349617ab7@group-B74ABADDE9AD-LeaderElection169] INFO  server.RaftServerConfigKeys (ConfUtils.java:logGet(43)) - raft.server.rpc.request.timeout = 3000ms (default)
2019-11-13 20:40:15,247 [11bf945c-44a0-4fdd-85a2-60a349617ab7@group-B74ABADDE9AD-LeaderElection169] INFO  server.RaftServerConfigKeys (ConfUtils.java:logGet(43)) - raft.server.log.appender.install.snapshot.enabled = false (custom)
2019-11-13 20:40:15,247 [11bf945c-44a0-4fdd-85a2-60a349617ab7@group-B74ABADDE9AD-LeaderElection169] WARN  impl.MetricRegistriesImpl (MetricRegistriesImpl.java:lambda$create$1(61)) - First MetricRegistry has been created without registering reporters. You may need to call MetricRegistries.global().addReportRegistration(...) before.
2019-11-13 20:40:15,252 [11bf945c-44a0-4fdd-85a2-60a349617ab7@group-B74ABADDE9AD-LeaderElection169] INFO  server.RaftServerConfigKeys (ConfUtils.java:logGet(43)) - raft.server.log.appender.snapshot.chunk.size.max = 16MB (=16777216) (default)
2019-11-13 20:40:15,252 [11bf945c-44a0-4fdd-85a2-60a349617ab7@group-B74ABADDE9AD-LeaderElection169] INFO  server.RaftServerConfigKeys (ConfUtils.java:logGet(43)) - raft.server.log.appender.buffer.byte-limit = 33554432 (custom)
2019-11-13 20:40:15,252 [11bf945c-44a0-4fdd-85a2-60a349617ab7@group-B74ABADDE9AD-LeaderElection169] INFO  server.RaftServerConfigKeys (ConfUtils.java:logGet(43)) - raft.server.log.appender.buffer.element-limit = 1 (custom)
2019-11-13 20:40:15,252 [11bf945c-44a0-4fdd-85a2-60a349617ab7@group-B74ABADDE9AD-LeaderElection169] INFO  grpc.GrpcConfigKeys$Server (ConfUtils.java:logGet(43)) - raft.grpc.server.leader.outstanding.appends.max = 128 (default)
2019-11-13 20:40:15,252 [11bf945c-44a0-4fdd-85a2-60a349617ab7@group-B74ABADDE9AD-LeaderElection169] INFO  server.RaftServerConfigKeys (ConfUtils.java:logGet(43)) - raft.server.rpc.request.timeout = 3000ms (default)
2019-11-13 20:40:15,252 [11bf945c-44a0-4fdd-85a2-60a349617ab7@group-B74ABADDE9AD-LeaderElection169] INFO  server.RaftServerConfigKeys (ConfUtils.java:logGet(43)) - raft.server.log.appender.install.snapshot.enabled = false (custom)
2019-11-13 20:40:15,252 [11bf945c-44a0-4fdd-85a2-60a349617ab7@group-B74ABADDE9AD-LeaderElection169] INFO  impl.RoleInfo (RoleInfo.java:updateAndGet(143)) - 11bf945c-44a0-4fdd-85a2-60a349617ab7: start LeaderState
2019-11-13 20:40:15,252 [11bf945c-44a0-4fdd-85a2-60a349617ab7@group-B74ABADDE9AD-LeaderElection169] INFO  segmented.SegmentedRaftLogWorker (SegmentedRaftLogWorker.java:startLogSegment(385)) - 11bf945c-44a0-4fdd-85a2-60a349617ab7@group-B74ABADDE9AD-SegmentedRaftLogWorker: Starting segment from index:0
2019-11-13 20:40:15,253 [11bf945c-44a0-4fdd-85a2-60a349617ab7@group-B74ABADDE9AD-LeaderElection169] INFO  impl.RaftServerImpl (ServerState.java:setRaftConf(356)) - 11bf945c-44a0-4fdd-85a2-60a349617ab7@group-B74ABADDE9AD: set configuration 0: [11bf945c-44a0-4fdd-85a2-60a349617ab7:192.168.34.20:36272, a35788b4-68d9-46fd-b847-60a9b7211510:192.168.34.20:39245, e207fbae-fd28-42f6-9bb4-297c35844d9f:192.168.34.20:33417], old=null at 0
2019-11-13 20:40:15,253 [grpc-default-executor-4] INFO  impl.RaftServerImpl (RaftServerImpl.java:requestVote(776)) - 11bf945c-44a0-4fdd-85a2-60a349617ab7@group-B74ABADDE9AD-   LEADER: Withhold vote from candidate a35788b4-68d9-46fd-b847-60a9b7211510 with term 1. State: leader=11bf945c-44a0-4fdd-85a2-60a349617ab7, term=1, lastRpcElapsed=null
2019-11-13 20:40:15,278 [grpc-default-executor-2] INFO  impl.RaftServerImpl (RaftServerImpl.java:setRole(173)) - a35788b4-68d9-46fd-b847-60a9b7211510@group-B74ABADDE9AD: changes role from CANDIDATE to FOLLOWER at term 1 for appendEntries
2019-11-13 20:40:15,278 [grpc-default-executor-1] INFO  ratis.XceiverServerRatis (XceiverServerRatis.java:handleLeaderChangedNotification(697)) - Leader change notification received for group: group-B74ABADDE9AD with new leaderId: 11bf945c-44a0-4fdd-85a2-60a349617ab7
2019-11-13 20:40:15,279 [grpc-default-executor-2] INFO  impl.RoleInfo (RoleInfo.java:shutdownLeaderElection(134)) - a35788b4-68d9-46fd-b847-60a9b7211510: shutdown LeaderElection
2019-11-13 20:40:15,278 [a35788b4-68d9-46fd-b847-60a9b7211510@group-B74ABADDE9AD-LeaderElection170] INFO  impl.LeaderElection (LeaderElection.java:logAndReturn(56)) - a35788b4-68d9-46fd-b847-60a9b7211510@group-B74ABADDE9AD-LeaderElection170: Election REJECTED; received 2 response(s) [a35788b4-68d9-46fd-b847-60a9b7211510<-11bf945c-44a0-4fdd-85a2-60a349617ab7#0:FAIL-t1, a35788b4-68d9-46fd-b847-60a9b7211510<-e207fbae-fd28-42f6-9bb4-297c35844d9f#0:FAIL-t1] and 0 exception(s); a35788b4-68d9-46fd-b847-60a9b7211510@group-B74ABADDE9AD:t1, leader=null, voted=a35788b4-68d9-46fd-b847-60a9b7211510, raftlog=a35788b4-68d9-46fd-b847-60a9b7211510@group-B74ABADDE9AD-SegmentedRaftLog:OPENED:c-1,f-1,i0, conf=-1: [11bf945c-44a0-4fdd-85a2-60a349617ab7:192.168.34.20:36272, a35788b4-68d9-46fd-b847-60a9b7211510:192.168.34.20:39245, e207fbae-fd28-42f6-9bb4-297c35844d9f:192.168.34.20:33417], old=null
2019-11-13 20:40:15,279 [grpc-default-executor-2] INFO  impl.RoleInfo (RoleInfo.java:updateAndGet(143)) - a35788b4-68d9-46fd-b847-60a9b7211510: start FollowerState
2019-11-13 20:40:15,279 [grpc-default-executor-1] INFO  impl.RaftServerImpl (ServerState.java:setLeader(255)) - e207fbae-fd28-42f6-9bb4-297c35844d9f@group-B74ABADDE9AD: change Leader from null to 11bf945c-44a0-4fdd-85a2-60a349617ab7 at term 1 for appendEntries, leader elected after 1151ms
2019-11-13 20:40:15,279 [grpc-default-executor-2] INFO  ratis.XceiverServerRatis (XceiverServerRatis.java:handleLeaderChangedNotification(697)) - Leader change notification received for group: group-B74ABADDE9AD with new leaderId: 11bf945c-44a0-4fdd-85a2-60a349617ab7
2019-11-13 20:40:15,280 [grpc-default-executor-2] INFO  impl.RaftServerImpl (ServerState.java:setLeader(255)) - a35788b4-68d9-46fd-b847-60a9b7211510@group-B74ABADDE9AD: change Leader from null to 11bf945c-44a0-4fdd-85a2-60a349617ab7 at term 1 for appendEntries, leader elected after 1152ms
2019-11-13 20:40:15,281 [grpc-default-executor-2] INFO  impl.RaftServerImpl (ServerState.java:setRaftConf(356)) - e207fbae-fd28-42f6-9bb4-297c35844d9f@group-B74ABADDE9AD: set configuration 0: [11bf945c-44a0-4fdd-85a2-60a349617ab7:192.168.34.20:36272, a35788b4-68d9-46fd-b847-60a9b7211510:192.168.34.20:39245, e207fbae-fd28-42f6-9bb4-297c35844d9f:192.168.34.20:33417], old=null at 0
2019-11-13 20:40:15,281 [grpc-default-executor-1] INFO  impl.RaftServerImpl (ServerState.java:setRaftConf(356)) - a35788b4-68d9-46fd-b847-60a9b7211510@group-B74ABADDE9AD: set configuration 0: [11bf945c-44a0-4fdd-85a2-60a349617ab7:192.168.34.20:36272, a35788b4-68d9-46fd-b847-60a9b7211510:192.168.34.20:39245, e207fbae-fd28-42f6-9bb4-297c35844d9f:192.168.34.20:33417], old=null at 0
2019-11-13 20:40:15,281 [grpc-default-executor-2] INFO  segmented.SegmentedRaftLogWorker (SegmentedRaftLogWorker.java:startLogSegment(385)) - e207fbae-fd28-42f6-9bb4-297c35844d9f@group-B74ABADDE9AD-SegmentedRaftLogWorker: Starting segment from index:0
2019-11-13 20:40:15,281 [grpc-default-executor-1] INFO  segmented.SegmentedRaftLogWorker (SegmentedRaftLogWorker.java:startLogSegment(385)) - a35788b4-68d9-46fd-b847-60a9b7211510@group-B74ABADDE9AD-SegmentedRaftLogWorker: Starting segment from index:0
2019-11-13 20:40:15,291 [11bf945c-44a0-4fdd-85a2-60a349617ab7@group-B74ABADDE9AD-SegmentedRaftLogWorker] INFO  segmented.SegmentedRaftLogWorker (SegmentedRaftLogWorker.java:execute(576)) - 11bf945c-44a0-4fdd-85a2-60a349617ab7@group-B74ABADDE9AD-SegmentedRaftLogWorker: created new log segment /workdir/hadoop-ozone/integration-test/target/test-dir/MiniOzoneClusterImpl-23a5d35f-12cc-4157-b83c-481d86791456/datanode-7/data/ratis/821aa06f-d437-4bf7-8c37-b74abadde9ad/current/log_inprogress_0
2019-11-13 20:40:15,312 [a35788b4-68d9-46fd-b847-60a9b7211510@group-B74ABADDE9AD-SegmentedRaftLogWorker] INFO  segmented.SegmentedRaftLogWorker (SegmentedRaftLogWorker.java:execute(576)) - a35788b4-68d9-46fd-b847-60a9b7211510@group-B74ABADDE9AD-SegmentedRaftLogWorker: created new log segment /workdir/hadoop-ozone/integration-test/target/test-dir/MiniOzoneClusterImpl-23a5d35f-12cc-4157-b83c-481d86791456/datanode-9/data/ratis/821aa06f-d437-4bf7-8c37-b74abadde9ad/current/log_inprogress_0
2019-11-13 20:40:15,321 [e207fbae-fd28-42f6-9bb4-297c35844d9f@group-B74ABADDE9AD-SegmentedRaftLogWorker] INFO  segmented.SegmentedRaftLogWorker (SegmentedRaftLogWorker.java:execute(576)) - e207fbae-fd28-42f6-9bb4-297c35844d9f@group-B74ABADDE9AD-SegmentedRaftLogWorker: created new log segment /workdir/hadoop-ozone/integration-test/target/test-dir/MiniOzoneClusterImpl-23a5d35f-12cc-4157-b83c-481d86791456/datanode-6/data/ratis/821aa06f-d437-4bf7-8c37-b74abadde9ad/current/log_inprogress_0
2019-11-13 20:40:15,560 [Thread-4156] INFO  impl.FollowerState (FollowerState.java:run(111)) - 2929643e-7442-4794-a56e-1c38ca296261@group-F1C2C1597C11-FollowerState: change to CANDIDATE, lastRpcTime:1134ms, electionTimeout:1125ms
2019-11-13 20:40:15,560 [Thread-4156] INFO  impl.RoleInfo (RoleInfo.java:shutdownFollowerState(121)) - 2929643e-7442-4794-a56e-1c38ca296261: shutdown FollowerState
2019-11-13 20:40:15,561 [Thread-4156] INFO  impl.RaftServerImpl (RaftServerImpl.java:setRole(173)) - 2929643e-7442-4794-a56e-1c38ca296261@group-F1C2C1597C11: changes role from  FOLLOWER to CANDIDATE at term 0 for changeToCandidate
2019-11-13 20:40:15,561 [Thread-4156] INFO  impl.RoleInfo (RoleInfo.java:updateAndGet(143)) - 2929643e-7442-4794-a56e-1c38ca296261: start LeaderElection
2019-11-13 20:40:15,577 [2929643e-7442-4794-a56e-1c38ca296261@group-F1C2C1597C11-LeaderElection171] INFO  impl.LeaderElection (LeaderElection.java:askForVotes(178)) - 2929643e-7442-4794-a56e-1c38ca296261@group-F1C2C1597C11-LeaderElection171: begin an election at term 1 for -1: [2929643e-7442-4794-a56e-1c38ca296261:192.168.34.20:43198], old=null
2019-11-13 20:40:15,577 [2929643e-7442-4794-a56e-1c38ca296261@group-F1C2C1597C11-LeaderElection171] INFO  impl.RoleInfo (RoleInfo.java:shutdownLeaderElection(134)) - 2929643e-7442-4794-a56e-1c38ca296261: shutdown LeaderElection
2019-11-13 20:40:15,577 [2929643e-7442-4794-a56e-1c38ca296261@group-F1C2C1597C11-LeaderElection171] INFO  impl.RaftServerImpl (RaftServerImpl.java:setRole(173)) - 2929643e-7442-4794-a56e-1c38ca296261@group-F1C2C1597C11: changes role from CANDIDATE to LEADER at term 1 for changeToLeader
2019-11-13 20:40:15,577 [2929643e-7442-4794-a56e-1c38ca296261@group-F1C2C1597C11-LeaderElection171] INFO  ratis.XceiverServerRatis (XceiverServerRatis.java:handleLeaderChangedNotification(697)) - Leader change notification received for group: group-F1C2C1597C11 with new leaderId: 2929643e-7442-4794-a56e-1c38ca296261
2019-11-13 20:40:15,578 [2929643e-7442-4794-a56e-1c38ca296261@group-F1C2C1597C11-LeaderElection171] INFO  impl.RaftServerImpl (ServerState.java:setLeader(255)) - 2929643e-7442-4794-a56e-1c38ca296261@group-F1C2C1597C11: change Leader from null to 2929643e-7442-4794-a56e-1c38ca296261 at term 1 for becomeLeader, leader elected after 1396ms
2019-11-13 20:40:15,578 [2929643e-7442-4794-a56e-1c38ca296261@group-F1C2C1597C11-LeaderElection171] INFO  server.RaftServerConfigKeys (ConfUtils.java:logGet(43)) - raft.server.staging.catchup.gap = 1000 (default)
2019-11-13 20:40:15,578 [2929643e-7442-4794-a56e-1c38ca296261@group-F1C2C1597C11-LeaderElection171] INFO  server.RaftServerConfigKeys (ConfUtils.java:logGet(43)) - raft.server.rpc.sleep.time = 25ms (default)
2019-11-13 20:40:15,578 [2929643e-7442-4794-a56e-1c38ca296261@group-F1C2C1597C11-LeaderElection171] INFO  server.RaftServerConfigKeys (ConfUtils.java:logGet(43)) - raft.server.write.element-limit = 4096 (default)
2019-11-13 20:40:15,578 [2929643e-7442-4794-a56e-1c38ca296261@group-F1C2C1597C11-LeaderElection171] INFO  server.RaftServerConfigKeys (ConfUtils.java:logGet(43)) - raft.server.watch.timeout = 10s (default)
2019-11-13 20:40:15,578 [2929643e-7442-4794-a56e-1c38ca296261@group-F1C2C1597C11-LeaderElection171] INFO  server.RaftServerConfigKeys (ConfUtils.java:logGet(43)) - raft.server.watch.timeout.denomination = 1s (default)
2019-11-13 20:40:15,578 [2929643e-7442-4794-a56e-1c38ca296261@group-F1C2C1597C11-LeaderElection171] INFO  server.RaftServerConfigKeys (ConfUtils.java:logGet(43)) - raft.server.watch.element-limit = 65536 (default)
2019-11-13 20:40:15,578 [EventQueue-PipelineReportForPipelineReportHandler] INFO  pipeline.PipelineStateManager (PipelineStateManager.java:openPipeline(134)) - Pipeline Pipeline[ Id: 776490f5-9a51-434e-9250-f1c2c1597c11, Nodes: 2929643e-7442-4794-a56e-1c38ca296261{ip: 192.168.34.20, host: pr-hdds-2470-fxbl9-3826649461, networkLocation: /rack1, certSerialId: null}, Type:RATIS, Factor:ONE, State:OPEN] moved to OPEN state
2019-11-13 20:40:15,579 [2929643e-7442-4794-a56e-1c38ca296261@group-F1C2C1597C11-LeaderElection171] INFO  impl.RoleInfo (RoleInfo.java:updateAndGet(143)) - 2929643e-7442-4794-a56e-1c38ca296261: start LeaderState
2019-11-13 20:40:15,579 [2929643e-7442-4794-a56e-1c38ca296261@group-F1C2C1597C11-LeaderElection171] INFO  segmented.SegmentedRaftLogWorker (SegmentedRaftLogWorker.java:startLogSegment(385)) - 2929643e-7442-4794-a56e-1c38ca296261@group-F1C2C1597C11-SegmentedRaftLogWorker: Starting segment from index:0
2019-11-13 20:40:15,579 [2929643e-7442-4794-a56e-1c38ca296261@group-F1C2C1597C11-LeaderElection171] INFO  impl.RaftServerImpl (ServerState.java:setRaftConf(356)) - 2929643e-7442-4794-a56e-1c38ca296261@group-F1C2C1597C11: set configuration 0: [2929643e-7442-4794-a56e-1c38ca296261:192.168.34.20:43198], old=null at 0
2019-11-13 20:40:15,628 [2929643e-7442-4794-a56e-1c38ca296261@group-F1C2C1597C11-SegmentedRaftLogWorker] INFO  segmented.SegmentedRaftLogWorker (SegmentedRaftLogWorker.java:execute(576)) - 2929643e-7442-4794-a56e-1c38ca296261@group-F1C2C1597C11-SegmentedRaftLogWorker: created new log segment /workdir/hadoop-ozone/integration-test/target/test-dir/MiniOzoneClusterImpl-23a5d35f-12cc-4157-b83c-481d86791456/datanode-3/data/ratis/776490f5-9a51-434e-9250-f1c2c1597c11/current/log_inprogress_0
2019-11-13 20:40:15,720 [Thread-4167] INFO  impl.FollowerState (FollowerState.java:run(111)) - 2929643e-7442-4794-a56e-1c38ca296261@group-1F54BEB118E4-FollowerState: change to CANDIDATE, lastRpcTime:1012ms, electionTimeout:1012ms
2019-11-13 20:40:15,720 [Thread-4167] INFO  impl.RoleInfo (RoleInfo.java:shutdownFollowerState(121)) - 2929643e-7442-4794-a56e-1c38ca296261: shutdown FollowerState
2019-11-13 20:40:15,720 [Thread-4167] INFO  impl.RaftServerImpl (RaftServerImpl.java:setRole(173)) - 2929643e-7442-4794-a56e-1c38ca296261@group-1F54BEB118E4: changes role from  FOLLOWER to CANDIDATE at term 0 for changeToCandidate
2019-11-13 20:40:15,720 [Thread-4167] INFO  impl.RoleInfo (RoleInfo.java:updateAndGet(143)) - 2929643e-7442-4794-a56e-1c38ca296261: start LeaderElection
2019-11-13 20:40:15,736 [2929643e-7442-4794-a56e-1c38ca296261@group-1F54BEB118E4-LeaderElection172] INFO  impl.LeaderElection (LeaderElection.java:askForVotes(178)) - 2929643e-7442-4794-a56e-1c38ca296261@group-1F54BEB118E4-LeaderElection172: begin an election at term 1 for -1: [63c5c595-8d4c-4001-b46d-6e0cbb5b9d3c:192.168.34.20:42027, 2929643e-7442-4794-a56e-1c38ca296261:192.168.34.20:43198, dce7850f-9f3d-4223-ba72-4d8238cab252:192.168.34.20:38603], old=null
2019-11-13 20:40:15,738 [grpc-default-executor-1] INFO  impl.RaftServerImpl (RaftServerImpl.java:setRole(173)) - 63c5c595-8d4c-4001-b46d-6e0cbb5b9d3c@group-1F54BEB118E4: changes role from  FOLLOWER to FOLLOWER at term 1 for recognizeCandidate:2929643e-7442-4794-a56e-1c38ca296261
2019-11-13 20:40:15,738 [grpc-default-executor-1] INFO  impl.RoleInfo (RoleInfo.java:shutdownFollowerState(121)) - 63c5c595-8d4c-4001-b46d-6e0cbb5b9d3c: shutdown FollowerState
2019-11-13 20:40:15,738 [grpc-default-executor-1] INFO  impl.RoleInfo (RoleInfo.java:updateAndGet(143)) - 63c5c595-8d4c-4001-b46d-6e0cbb5b9d3c: start FollowerState
2019-11-13 20:40:15,738 [Thread-4162] INFO  impl.FollowerState (FollowerState.java:run(120)) - 63c5c595-8d4c-4001-b46d-6e0cbb5b9d3c@group-1F54BEB118E4-FollowerState was interrupted: java.lang.InterruptedException: sleep interrupted
2019-11-13 20:40:15,739 [grpc-default-executor-2] INFO  impl.RaftServerImpl (RaftServerImpl.java:setRole(173)) - dce7850f-9f3d-4223-ba72-4d8238cab252@group-1F54BEB118E4: changes role from  FOLLOWER to FOLLOWER at term 1 for recognizeCandidate:2929643e-7442-4794-a56e-1c38ca296261
2019-11-13 20:40:15,739 [grpc-default-executor-2] INFO  impl.RoleInfo (RoleInfo.java:shutdownFollowerState(121)) - dce7850f-9f3d-4223-ba72-4d8238cab252: shutdown FollowerState
2019-11-13 20:40:15,739 [grpc-default-executor-2] INFO  impl.RoleInfo (RoleInfo.java:updateAndGet(143)) - dce7850f-9f3d-4223-ba72-4d8238cab252: start FollowerState
2019-11-13 20:40:15,739 [Thread-4166] INFO  impl.FollowerState (FollowerState.java:run(120)) - dce7850f-9f3d-4223-ba72-4d8238cab252@group-1F54BEB118E4-FollowerState was interrupted: java.lang.InterruptedException: sleep interrupted
2019-11-13 20:40:15,762 [2929643e-7442-4794-a56e-1c38ca296261@group-1F54BEB118E4-LeaderElection172] INFO  impl.LeaderElection (LeaderElection.java:logAndReturn(56)) - 2929643e-7442-4794-a56e-1c38ca296261@group-1F54BEB118E4-LeaderElection172: Election PASSED; received 1 response(s) [2929643e-7442-4794-a56e-1c38ca296261<-63c5c595-8d4c-4001-b46d-6e0cbb5b9d3c#0:OK-t1] and 0 exception(s); 2929643e-7442-4794-a56e-1c38ca296261@group-1F54BEB118E4:t1, leader=null, voted=2929643e-7442-4794-a56e-1c38ca296261, raftlog=2929643e-7442-4794-a56e-1c38ca296261@group-1F54BEB118E4-SegmentedRaftLog:OPENED:c-1,f-1,i0, conf=-1: [63c5c595-8d4c-4001-b46d-6e0cbb5b9d3c:192.168.34.20:42027, 2929643e-7442-4794-a56e-1c38ca296261:192.168.34.20:43198, dce7850f-9f3d-4223-ba72-4d8238cab252:192.168.34.20:38603], old=null
2019-11-13 20:40:15,762 [2929643e-7442-4794-a56e-1c38ca296261@group-1F54BEB118E4-LeaderElection172] INFO  impl.RoleInfo (RoleInfo.java:shutdownLeaderElection(134)) - 2929643e-7442-4794-a56e-1c38ca296261: shutdown LeaderElection
2019-11-13 20:40:15,762 [2929643e-7442-4794-a56e-1c38ca296261@group-1F54BEB118E4-LeaderElection172] INFO  impl.RaftServerImpl (RaftServerImpl.java:setRole(173)) - 2929643e-7442-4794-a56e-1c38ca296261@group-1F54BEB118E4: changes role from CANDIDATE to LEADER at term 1 for changeToLeader
2019-11-13 20:40:15,762 [2929643e-7442-4794-a56e-1c38ca296261@group-1F54BEB118E4-LeaderElection172] INFO  ratis.XceiverServerRatis (XceiverServerRatis.java:handleLeaderChangedNotification(697)) - Leader change notification received for group: group-1F54BEB118E4 with new leaderId: 2929643e-7442-4794-a56e-1c38ca296261
2019-11-13 20:40:15,762 [2929643e-7442-4794-a56e-1c38ca296261@group-1F54BEB118E4-LeaderElection172] INFO  impl.RaftServerImpl (ServerState.java:setLeader(255)) - 2929643e-7442-4794-a56e-1c38ca296261@group-1F54BEB118E4: change Leader from null to 2929643e-7442-4794-a56e-1c38ca296261 at term 1 for becomeLeader, leader elected after 1062ms
2019-11-13 20:40:15,762 [2929643e-7442-4794-a56e-1c38ca296261@group-1F54BEB118E4-LeaderElection172] INFO  server.RaftServerConfigKeys (ConfUtils.java:logGet(43)) - raft.server.staging.catchup.gap = 1000 (default)
2019-11-13 20:40:15,762 [2929643e-7442-4794-a56e-1c38ca296261@group-1F54BEB118E4-LeaderElection172] INFO  server.RaftServerConfigKeys (ConfUtils.java:logGet(43)) - raft.server.rpc.sleep.time = 25ms (default)
2019-11-13 20:40:15,763 [2929643e-7442-4794-a56e-1c38ca296261@group-1F54BEB118E4-LeaderElection172] INFO  server.RaftServerConfigKeys (ConfUtils.java:logGet(43)) - raft.server.write.element-limit = 4096 (default)
2019-11-13 20:40:15,763 [2929643e-7442-4794-a56e-1c38ca296261@group-1F54BEB118E4-LeaderElection172] INFO  server.RaftServerConfigKeys (ConfUtils.java:logGet(43)) - raft.server.watch.timeout = 10s (default)
2019-11-13 20:40:15,763 [2929643e-7442-4794-a56e-1c38ca296261@group-1F54BEB118E4-LeaderElection172] INFO  server.RaftServerConfigKeys (ConfUtils.java:logGet(43)) - raft.server.watch.timeout.denomination = 1s (default)
2019-11-13 20:40:15,763 [2929643e-7442-4794-a56e-1c38ca296261@group-1F54BEB118E4-LeaderElection172] INFO  server.RaftServerConfigKeys (ConfUtils.java:logGet(43)) - raft.server.watch.element-limit = 65536 (default)
2019-11-13 20:40:15,763 [EventQueue-PipelineReportForPipelineReportHandler] INFO  pipeline.PipelineStateManager (PipelineStateManager.java:openPipeline(134)) - Pipeline Pipeline[ Id: acc2acbb-a4d5-4292-8026-1f54beb118e4, Nodes: 63c5c595-8d4c-4001-b46d-6e0cbb5b9d3c{ip: 192.168.34.20, host: pr-hdds-2470-fxbl9-3826649461, networkLocation: /rack1, certSerialId: null}dce7850f-9f3d-4223-ba72-4d8238cab252{ip: 192.168.34.20, host: pr-hdds-2470-fxbl9-3826649461, networkLocation: /rack1, certSerialId: null}2929643e-7442-4794-a56e-1c38ca296261{ip: 192.168.34.20, host: pr-hdds-2470-fxbl9-3826649461, networkLocation: /rack1, certSerialId: null}, Type:RATIS, Factor:THREE, State:OPEN] moved to OPEN state
2019-11-13 20:40:15,763 [2929643e-7442-4794-a56e-1c38ca296261@group-1F54BEB118E4-LeaderElection172] INFO  server.RaftServerConfigKeys (ConfUtils.java:logGet(43)) - raft.server.log.appender.snapshot.chunk.size.max = 16MB (=16777216) (default)
2019-11-13 20:40:15,764 [2929643e-7442-4794-a56e-1c38ca296261@group-1F54BEB118E4-LeaderElection172] INFO  server.RaftServerConfigKeys (ConfUtils.java:logGet(43)) - raft.server.log.appender.buffer.byte-limit = 33554432 (custom)
2019-11-13 20:40:15,764 [2929643e-7442-4794-a56e-1c38ca296261@group-1F54BEB118E4-LeaderElection172] INFO  server.RaftServerConfigKeys (ConfUtils.java:logGet(43)) - raft.server.log.appender.buffer.element-limit = 1 (custom)
2019-11-13 20:40:15,764 [2929643e-7442-4794-a56e-1c38ca296261@group-1F54BEB118E4-LeaderElection172] INFO  grpc.GrpcConfigKeys$Server (ConfUtils.java:logGet(43)) - raft.grpc.server.leader.outstanding.appends.max = 128 (default)
2019-11-13 20:40:15,764 [2929643e-7442-4794-a56e-1c38ca296261@group-1F54BEB118E4-LeaderElection172] INFO  server.RaftServerConfigKeys (ConfUtils.java:logGet(43)) - raft.server.rpc.request.timeout = 3000ms (default)
2019-11-13 20:40:15,764 [2929643e-7442-4794-a56e-1c38ca296261@group-1F54BEB118E4-LeaderElection172] INFO  server.RaftServerConfigKeys (ConfUtils.java:logGet(43)) - raft.server.log.appender.install.snapshot.enabled = false (custom)
2019-11-13 20:40:15,764 [2929643e-7442-4794-a56e-1c38ca296261@group-1F54BEB118E4-LeaderElection172] WARN  impl.MetricRegistriesImpl (MetricRegistriesImpl.java:lambda$create$1(61)) - First MetricRegistry has been created without registering reporters. You may need to call MetricRegistries.global().addReportRegistration(...) before.
2019-11-13 20:40:15,765 [2929643e-7442-4794-a56e-1c38ca296261@group-1F54BEB118E4-LeaderElection172] INFO  server.RaftServerConfigKeys (ConfUtils.java:logGet(43)) - raft.server.log.appender.snapshot.chunk.size.max = 16MB (=16777216) (default)
2019-11-13 20:40:15,765 [2929643e-7442-4794-a56e-1c38ca296261@group-1F54BEB118E4-LeaderElection172] INFO  server.RaftServerConfigKeys (ConfUtils.java:logGet(43)) - raft.server.log.appender.buffer.byte-limit = 33554432 (custom)
2019-11-13 20:40:15,765 [2929643e-7442-4794-a56e-1c38ca296261@group-1F54BEB118E4-LeaderElection172] INFO  server.RaftServerConfigKeys (ConfUtils.java:logGet(43)) - raft.server.log.appender.buffer.element-limit = 1 (custom)
2019-11-13 20:40:15,765 [2929643e-7442-4794-a56e-1c38ca296261@group-1F54BEB118E4-LeaderElection172] INFO  grpc.GrpcConfigKeys$Server (ConfUtils.java:logGet(43)) - raft.grpc.server.leader.outstanding.appends.max = 128 (default)
2019-11-13 20:40:15,765 [2929643e-7442-4794-a56e-1c38ca296261@group-1F54BEB118E4-LeaderElection172] INFO  server.RaftServerConfigKeys (ConfUtils.java:logGet(43)) - raft.server.rpc.request.timeout = 3000ms (default)
2019-11-13 20:40:15,765 [2929643e-7442-4794-a56e-1c38ca296261@group-1F54BEB118E4-LeaderElection172] INFO  server.RaftServerConfigKeys (ConfUtils.java:logGet(43)) - raft.server.log.appender.install.snapshot.enabled = false (custom)
2019-11-13 20:40:15,766 [2929643e-7442-4794-a56e-1c38ca296261@group-1F54BEB118E4-LeaderElection172] INFO  impl.RoleInfo (RoleInfo.java:updateAndGet(143)) - 2929643e-7442-4794-a56e-1c38ca296261: start LeaderState
2019-11-13 20:40:15,766 [2929643e-7442-4794-a56e-1c38ca296261@group-1F54BEB118E4-LeaderElection172] INFO  segmented.SegmentedRaftLogWorker (SegmentedRaftLogWorker.java:startLogSegment(385)) - 2929643e-7442-4794-a56e-1c38ca296261@group-1F54BEB118E4-SegmentedRaftLogWorker: Starting segment from index:0
2019-11-13 20:40:15,766 [2929643e-7442-4794-a56e-1c38ca296261@group-1F54BEB118E4-LeaderElection172] INFO  impl.RaftServerImpl (ServerState.java:setRaftConf(356)) - 2929643e-7442-4794-a56e-1c38ca296261@group-1F54BEB118E4: set configuration 0: [63c5c595-8d4c-4001-b46d-6e0cbb5b9d3c:192.168.34.20:42027, 2929643e-7442-4794-a56e-1c38ca296261:192.168.34.20:43198, dce7850f-9f3d-4223-ba72-4d8238cab252:192.168.34.20:38603], old=null at 0
2019-11-13 20:40:15,799 [grpc-default-executor-2] INFO  ratis.XceiverServerRatis (XceiverServerRatis.java:handleLeaderChangedNotification(697)) - Leader change notification received for group: group-1F54BEB118E4 with new leaderId: 2929643e-7442-4794-a56e-1c38ca296261
2019-11-13 20:40:15,799 [grpc-default-executor-1] INFO  ratis.XceiverServerRatis (XceiverServerRatis.java:handleLeaderChangedNotification(697)) - Leader change notification received for group: group-1F54BEB118E4 with new leaderId: 2929643e-7442-4794-a56e-1c38ca296261
2019-11-13 20:40:15,799 [grpc-default-executor-2] INFO  impl.RaftServerImpl (ServerState.java:setLeader(255)) - dce7850f-9f3d-4223-ba72-4d8238cab252@group-1F54BEB118E4: change Leader from null to 2929643e-7442-4794-a56e-1c38ca296261 at term 1 for appendEntries, leader elected after 1100ms
2019-11-13 20:40:15,799 [grpc-default-executor-1] INFO  impl.RaftServerImpl (ServerState.java:setLeader(255)) - 63c5c595-8d4c-4001-b46d-6e0cbb5b9d3c@group-1F54BEB118E4: change Leader from null to 2929643e-7442-4794-a56e-1c38ca296261 at term 1 for appendEntries, leader elected after 1100ms
2019-11-13 20:40:15,808 [grpc-default-executor-1] INFO  impl.RaftServerImpl (ServerState.java:setRaftConf(356)) - dce7850f-9f3d-4223-ba72-4d8238cab252@group-1F54BEB118E4: set configuration 0: [63c5c595-8d4c-4001-b46d-6e0cbb5b9d3c:192.168.34.20:42027, 2929643e-7442-4794-a56e-1c38ca296261:192.168.34.20:43198, dce7850f-9f3d-4223-ba72-4d8238cab252:192.168.34.20:38603], old=null at 0
2019-11-13 20:40:15,808 [grpc-default-executor-2] INFO  impl.RaftServerImpl (ServerState.java:setRaftConf(356)) - 63c5c595-8d4c-4001-b46d-6e0cbb5b9d3c@group-1F54BEB118E4: set configuration 0: [63c5c595-8d4c-4001-b46d-6e0cbb5b9d3c:192.168.34.20:42027, 2929643e-7442-4794-a56e-1c38ca296261:192.168.34.20:43198, dce7850f-9f3d-4223-ba72-4d8238cab252:192.168.34.20:38603], old=null at 0
2019-11-13 20:40:15,808 [grpc-default-executor-1] INFO  segmented.SegmentedRaftLogWorker (SegmentedRaftLogWorker.java:startLogSegment(385)) - dce7850f-9f3d-4223-ba72-4d8238cab252@group-1F54BEB118E4-SegmentedRaftLogWorker: Starting segment from index:0
2019-11-13 20:40:15,808 [grpc-default-executor-2] INFO  segmented.SegmentedRaftLogWorker (SegmentedRaftLogWorker.java:startLogSegment(385)) - 63c5c595-8d4c-4001-b46d-6e0cbb5b9d3c@group-1F54BEB118E4-SegmentedRaftLogWorker: Starting segment from index:0
2019-11-13 20:40:15,811 [2929643e-7442-4794-a56e-1c38ca296261@group-1F54BEB118E4-SegmentedRaftLogWorker] INFO  segmented.SegmentedRaftLogWorker (SegmentedRaftLogWorker.java:execute(576)) - 2929643e-7442-4794-a56e-1c38ca296261@group-1F54BEB118E4-SegmentedRaftLogWorker: created new log segment /workdir/hadoop-ozone/integration-test/target/test-dir/MiniOzoneClusterImpl-23a5d35f-12cc-4157-b83c-481d86791456/datanode-3/data/ratis/acc2acbb-a4d5-4292-8026-1f54beb118e4/current/log_inprogress_0
2019-11-13 20:40:15,851 [63c5c595-8d4c-4001-b46d-6e0cbb5b9d3c@group-1F54BEB118E4-SegmentedRaftLogWorker] INFO  segmented.SegmentedRaftLogWorker (SegmentedRaftLogWorker.java:execute(576)) - 63c5c595-8d4c-4001-b46d-6e0cbb5b9d3c@group-1F54BEB118E4-SegmentedRaftLogWorker: created new log segment /workdir/hadoop-ozone/integration-test/target/test-dir/MiniOzoneClusterImpl-23a5d35f-12cc-4157-b83c-481d86791456/datanode-4/data/ratis/acc2acbb-a4d5-4292-8026-1f54beb118e4/current/log_inprogress_0
2019-11-13 20:40:15,851 [dce7850f-9f3d-4223-ba72-4d8238cab252@group-1F54BEB118E4-SegmentedRaftLogWorker] INFO  segmented.SegmentedRaftLogWorker (SegmentedRaftLogWorker.java:execute(576)) - dce7850f-9f3d-4223-ba72-4d8238cab252@group-1F54BEB118E4-SegmentedRaftLogWorker: created new log segment /workdir/hadoop-ozone/integration-test/target/test-dir/MiniOzoneClusterImpl-23a5d35f-12cc-4157-b83c-481d86791456/datanode-1/data/ratis/acc2acbb-a4d5-4292-8026-1f54beb118e4/current/log_inprogress_0
2019-11-13 20:40:15,916 [Thread-4172] INFO  impl.FollowerState (FollowerState.java:run(111)) - a35788b4-68d9-46fd-b847-60a9b7211510@group-43733B6E7F00-FollowerState: change to CANDIDATE, lastRpcTime:1162ms, electionTimeout:1162ms
2019-11-13 20:40:15,916 [Thread-4172] INFO  impl.RoleInfo (RoleInfo.java:shutdownFollowerState(121)) - a35788b4-68d9-46fd-b847-60a9b7211510: shutdown FollowerState
2019-11-13 20:40:15,916 [Thread-4172] INFO  impl.RaftServerImpl (RaftServerImpl.java:setRole(173)) - a35788b4-68d9-46fd-b847-60a9b7211510@group-43733B6E7F00: changes role from  FOLLOWER to CANDIDATE at term 0 for changeToCandidate
2019-11-13 20:40:15,916 [Thread-4172] INFO  impl.RoleInfo (RoleInfo.java:updateAndGet(143)) - a35788b4-68d9-46fd-b847-60a9b7211510: start LeaderElection
2019-11-13 20:40:15,924 [Thread-4176] INFO  impl.FollowerState (FollowerState.java:run(111)) - 63c5c595-8d4c-4001-b46d-6e0cbb5b9d3c@group-A100AD492506-FollowerState: change to CANDIDATE, lastRpcTime:1131ms, electionTimeout:1131ms
2019-11-13 20:40:15,924 [Thread-4176] INFO  impl.RoleInfo (RoleInfo.java:shutdownFollowerState(121)) - 63c5c595-8d4c-4001-b46d-6e0cbb5b9d3c: shutdown FollowerState
2019-11-13 20:40:15,924 [Thread-4176] INFO  impl.RaftServerImpl (RaftServerImpl.java:setRole(173)) - 63c5c595-8d4c-4001-b46d-6e0cbb5b9d3c@group-A100AD492506: changes role from  FOLLOWER to CANDIDATE at term 0 for changeToCandidate
2019-11-13 20:40:15,924 [Thread-4176] INFO  impl.RoleInfo (RoleInfo.java:updateAndGet(143)) - 63c5c595-8d4c-4001-b46d-6e0cbb5b9d3c: start LeaderElection
2019-11-13 20:40:15,928 [Thread-4180] INFO  impl.FollowerState (FollowerState.java:run(111)) - 405db254-2a77-41b8-bcbc-61d002fbc757@group-190992A81D7D-FollowerState: change to CANDIDATE, lastRpcTime:1090ms, electionTimeout:1090ms
2019-11-13 20:40:15,929 [Thread-4180] INFO  impl.RoleInfo (RoleInfo.java:shutdownFollowerState(121)) - 405db254-2a77-41b8-bcbc-61d002fbc757: shutdown FollowerState
2019-11-13 20:40:15,929 [Thread-4180] INFO  impl.RaftServerImpl (RaftServerImpl.java:setRole(173)) - 405db254-2a77-41b8-bcbc-61d002fbc757@group-190992A81D7D: changes role from  FOLLOWER to CANDIDATE at term 0 for changeToCandidate
2019-11-13 20:40:15,929 [Thread-4180] INFO  impl.RoleInfo (RoleInfo.java:updateAndGet(143)) - 405db254-2a77-41b8-bcbc-61d002fbc757: start LeaderElection
2019-11-13 20:40:15,934 [a35788b4-68d9-46fd-b847-60a9b7211510@group-43733B6E7F00-LeaderElection173] INFO  impl.LeaderElection (LeaderElection.java:askForVotes(178)) - a35788b4-68d9-46fd-b847-60a9b7211510@group-43733B6E7F00-LeaderElection173: begin an election at term 1 for -1: [a35788b4-68d9-46fd-b847-60a9b7211510:192.168.34.20:39245], old=null
2019-11-13 20:40:15,934 [405db254-2a77-41b8-bcbc-61d002fbc757@group-190992A81D7D-LeaderElection175] INFO  impl.LeaderElection (LeaderElection.java:askForVotes(178)) - 405db254-2a77-41b8-bcbc-61d002fbc757@group-190992A81D7D-LeaderElection175: begin an election at term 1 for -1: [405db254-2a77-41b8-bcbc-61d002fbc757:192.168.34.20:41954], old=null
2019-11-13 20:40:15,934 [a35788b4-68d9-46fd-b847-60a9b7211510@group-43733B6E7F00-LeaderElection173] INFO  impl.RoleInfo (RoleInfo.java:shutdownLeaderElection(134)) - a35788b4-68d9-46fd-b847-60a9b7211510: shutdown LeaderElection
2019-11-13 20:40:15,934 [63c5c595-8d4c-4001-b46d-6e0cbb5b9d3c@group-A100AD492506-LeaderElection174] INFO  impl.LeaderElection (LeaderElection.java:askForVotes(178)) - 63c5c595-8d4c-4001-b46d-6e0cbb5b9d3c@group-A100AD492506-LeaderElection174: begin an election at term 1 for -1: [63c5c595-8d4c-4001-b46d-6e0cbb5b9d3c:192.168.34.20:42027], old=null
2019-11-13 20:40:15,934 [a35788b4-68d9-46fd-b847-60a9b7211510@group-43733B6E7F00-LeaderElection173] INFO  impl.RaftServerImpl (RaftServerImpl.java:setRole(173)) - a35788b4-68d9-46fd-b847-60a9b7211510@group-43733B6E7F00: changes role from CANDIDATE to LEADER at term 1 for changeToLeader
2019-11-13 20:40:15,934 [405db254-2a77-41b8-bcbc-61d002fbc757@group-190992A81D7D-LeaderElection175] INFO  impl.RoleInfo (RoleInfo.java:shutdownLeaderElection(134)) - 405db254-2a77-41b8-bcbc-61d002fbc757: shutdown LeaderElection
2019-11-13 20:40:15,934 [a35788b4-68d9-46fd-b847-60a9b7211510@group-43733B6E7F00-LeaderElection173] INFO  ratis.XceiverServerRatis (XceiverServerRatis.java:handleLeaderChangedNotification(697)) - Leader change notification received for group: group-43733B6E7F00 with new leaderId: a35788b4-68d9-46fd-b847-60a9b7211510
2019-11-13 20:40:15,934 [63c5c595-8d4c-4001-b46d-6e0cbb5b9d3c@group-A100AD492506-LeaderElection174] INFO  impl.RoleInfo (RoleInfo.java:shutdownLeaderElection(134)) - 63c5c595-8d4c-4001-b46d-6e0cbb5b9d3c: shutdown LeaderElection
2019-11-13 20:40:15,934 [a35788b4-68d9-46fd-b847-60a9b7211510@group-43733B6E7F00-LeaderElection173] INFO  impl.RaftServerImpl (ServerState.java:setLeader(255)) - a35788b4-68d9-46fd-b847-60a9b7211510@group-43733B6E7F00: change Leader from null to a35788b4-68d9-46fd-b847-60a9b7211510 at term 1 for becomeLeader, leader elected after 1183ms
2019-11-13 20:40:15,934 [405db254-2a77-41b8-bcbc-61d002fbc757@group-190992A81D7D-LeaderElection175] INFO  impl.RaftServerImpl (RaftServerImpl.java:setRole(173)) - 405db254-2a77-41b8-bcbc-61d002fbc757@group-190992A81D7D: changes role from CANDIDATE to LEADER at term 1 for changeToLeader
2019-11-13 20:40:15,935 [a35788b4-68d9-46fd-b847-60a9b7211510@group-43733B6E7F00-LeaderElection173] INFO  server.RaftServerConfigKeys (ConfUtils.java:logGet(43)) - raft.server.staging.catchup.gap = 1000 (default)
2019-11-13 20:40:15,935 [63c5c595-8d4c-4001-b46d-6e0cbb5b9d3c@group-A100AD492506-LeaderElection174] INFO  impl.RaftServerImpl (RaftServerImpl.java:setRole(173)) - 63c5c595-8d4c-4001-b46d-6e0cbb5b9d3c@group-A100AD492506: changes role from CANDIDATE to LEADER at term 1 for changeToLeader
2019-11-13 20:40:15,935 [a35788b4-68d9-46fd-b847-60a9b7211510@group-43733B6E7F00-LeaderElection173] INFO  server.RaftServerConfigKeys (ConfUtils.java:logGet(43)) - raft.server.rpc.sleep.time = 25ms (default)
2019-11-13 20:40:15,935 [405db254-2a77-41b8-bcbc-61d002fbc757@group-190992A81D7D-LeaderElection175] INFO  ratis.XceiverServerRatis (XceiverServerRatis.java:handleLeaderChangedNotification(697)) - Leader change notification received for group: group-190992A81D7D with new leaderId: 405db254-2a77-41b8-bcbc-61d002fbc757
2019-11-13 20:40:15,935 [a35788b4-68d9-46fd-b847-60a9b7211510@group-43733B6E7F00-LeaderElection173] INFO  server.RaftServerConfigKeys (ConfUtils.java:logGet(43)) - raft.server.write.element-limit = 4096 (default)
2019-11-13 20:40:15,935 [63c5c595-8d4c-4001-b46d-6e0cbb5b9d3c@group-A100AD492506-LeaderElection174] INFO  ratis.XceiverServerRatis (XceiverServerRatis.java:handleLeaderChangedNotification(697)) - Leader change notification received for group: group-A100AD492506 with new leaderId: 63c5c595-8d4c-4001-b46d-6e0cbb5b9d3c
2019-11-13 20:40:15,935 [EventQueue-PipelineReportForPipelineReportHandler] INFO  pipeline.PipelineStateManager (PipelineStateManager.java:openPipeline(134)) - Pipeline Pipeline[ Id: 572891f3-84b0-450d-af73-43733b6e7f00, Nodes: a35788b4-68d9-46fd-b847-60a9b7211510{ip: 192.168.34.20, host: pr-hdds-2470-fxbl9-3826649461, networkLocation: /rack1, certSerialId: null}, Type:RATIS, Factor:ONE, State:OPEN] moved to OPEN state
2019-11-13 20:40:15,935 [a35788b4-68d9-46fd-b847-60a9b7211510@group-43733B6E7F00-LeaderElection173] INFO  server.RaftServerConfigKeys (ConfUtils.java:logGet(43)) - raft.server.watch.timeout = 10s (default)
2019-11-13 20:40:15,935 [405db254-2a77-41b8-bcbc-61d002fbc757@group-190992A81D7D-LeaderElection175] INFO  impl.RaftServerImpl (ServerState.java:setLeader(255)) - 405db254-2a77-41b8-bcbc-61d002fbc757@group-190992A81D7D: change Leader from null to 405db254-2a77-41b8-bcbc-61d002fbc757 at term 1 for becomeLeader, leader elected after 1100ms
2019-11-13 20:40:15,938 [a35788b4-68d9-46fd-b847-60a9b7211510@group-43733B6E7F00-LeaderElection173] INFO  server.RaftServerConfigKeys (ConfUtils.java:logGet(43)) - raft.server.watch.timeout.denomination = 1s (default)
2019-11-13 20:40:15,938 [a35788b4-68d9-46fd-b847-60a9b7211510@group-43733B6E7F00-LeaderElection173] INFO  server.RaftServerConfigKeys (ConfUtils.java:logGet(43)) - raft.server.watch.element-limit = 65536 (default)
2019-11-13 20:40:15,938 [EventQueue-PipelineReportForPipelineReportHandler] INFO  pipeline.PipelineStateManager (PipelineStateManager.java:openPipeline(134)) - Pipeline Pipeline[ Id: fb14d60c-9d33-486c-9718-190992a81d7d, Nodes: 405db254-2a77-41b8-bcbc-61d002fbc757{ip: 192.168.34.20, host: pr-hdds-2470-fxbl9-3826649461, networkLocation: /rack1, certSerialId: null}, Type:RATIS, Factor:ONE, State:OPEN] moved to OPEN state
2019-11-13 20:40:15,937 [63c5c595-8d4c-4001-b46d-6e0cbb5b9d3c@group-A100AD492506-LeaderElection174] INFO  impl.RaftServerImpl (ServerState.java:setLeader(255)) - 63c5c595-8d4c-4001-b46d-6e0cbb5b9d3c@group-A100AD492506: change Leader from null to 63c5c595-8d4c-4001-b46d-6e0cbb5b9d3c at term 1 for becomeLeader, leader elected after 1144ms
2019-11-13 20:40:15,938 [EventQueue-PipelineReportForPipelineReportHandler] INFO  pipeline.PipelineStateManager (PipelineStateManager.java:openPipeline(134)) - Pipeline Pipeline[ Id: 6fbf59ac-ef43-4f9a-bd43-a100ad492506, Nodes: 63c5c595-8d4c-4001-b46d-6e0cbb5b9d3c{ip: 192.168.34.20, host: pr-hdds-2470-fxbl9-3826649461, networkLocation: /rack1, certSerialId: null}, Type:RATIS, Factor:ONE, State:OPEN] moved to OPEN state
2019-11-13 20:40:15,938 [a35788b4-68d9-46fd-b847-60a9b7211510@group-43733B6E7F00-LeaderElection173] INFO  impl.RoleInfo (RoleInfo.java:updateAndGet(143)) - a35788b4-68d9-46fd-b847-60a9b7211510: start LeaderState
2019-11-13 20:40:15,938 [405db254-2a77-41b8-bcbc-61d002fbc757@group-190992A81D7D-LeaderElection175] INFO  server.RaftServerConfigKeys (ConfUtils.java:logGet(43)) - raft.server.staging.catchup.gap = 1000 (default)
2019-11-13 20:40:15,939 [a35788b4-68d9-46fd-b847-60a9b7211510@group-43733B6E7F00-LeaderElection173] INFO  segmented.SegmentedRaftLogWorker (SegmentedRaftLogWorker.java:startLogSegment(385)) - a35788b4-68d9-46fd-b847-60a9b7211510@group-43733B6E7F00-SegmentedRaftLogWorker: Starting segment from index:0
2019-11-13 20:40:15,939 [405db254-2a77-41b8-bcbc-61d002fbc757@group-190992A81D7D-LeaderElection175] INFO  server.RaftServerConfigKeys (ConfUtils.java:logGet(43)) - raft.server.rpc.sleep.time = 25ms (default)
2019-11-13 20:40:15,938 [63c5c595-8d4c-4001-b46d-6e0cbb5b9d3c@group-A100AD492506-LeaderElection174] INFO  server.RaftServerConfigKeys (ConfUtils.java:logGet(43)) - raft.server.staging.catchup.gap = 1000 (default)
2019-11-13 20:40:15,939 [405db254-2a77-41b8-bcbc-61d002fbc757@group-190992A81D7D-LeaderElection175] INFO  server.RaftServerConfigKeys (ConfUtils.java:logGet(43)) - raft.server.write.element-limit = 4096 (default)
2019-11-13 20:40:15,939 [a35788b4-68d9-46fd-b847-60a9b7211510@group-43733B6E7F00-LeaderElection173] INFO  impl.RaftServerImpl (ServerState.java:setRaftConf(356)) - a35788b4-68d9-46fd-b847-60a9b7211510@group-43733B6E7F00: set configuration 0: [a35788b4-68d9-46fd-b847-60a9b7211510:192.168.34.20:39245], old=null at 0
2019-11-13 20:40:15,939 [63c5c595-8d4c-4001-b46d-6e0cbb5b9d3c@group-A100AD492506-LeaderElection174] INFO  server.RaftServerConfigKeys (ConfUtils.java:logGet(43)) - raft.server.rpc.sleep.time = 25ms (default)
2019-11-13 20:40:15,939 [405db254-2a77-41b8-bcbc-61d002fbc757@group-190992A81D7D-LeaderElection175] INFO  server.RaftServerConfigKeys (ConfUtils.java:logGet(43)) - raft.server.watch.timeout = 10s (default)
2019-11-13 20:40:15,977 [63c5c595-8d4c-4001-b46d-6e0cbb5b9d3c@group-A100AD492506-LeaderElection174] INFO  server.RaftServerConfigKeys (ConfUtils.java:logGet(43)) - raft.server.write.element-limit = 4096 (default)
2019-11-13 20:40:15,977 [405db254-2a77-41b8-bcbc-61d002fbc757@group-190992A81D7D-LeaderElection175] INFO  server.RaftServerConfigKeys (ConfUtils.java:logGet(43)) - raft.server.watch.timeout.denomination = 1s (default)
2019-11-13 20:40:15,977 [63c5c595-8d4c-4001-b46d-6e0cbb5b9d3c@group-A100AD492506-LeaderElection174] INFO  server.RaftServerConfigKeys (ConfUtils.java:logGet(43)) - raft.server.watch.timeout = 10s (default)
2019-11-13 20:40:15,977 [405db254-2a77-41b8-bcbc-61d002fbc757@group-190992A81D7D-LeaderElection175] INFO  server.RaftServerConfigKeys (ConfUtils.java:logGet(43)) - raft.server.watch.element-limit = 65536 (default)
2019-11-13 20:40:15,977 [63c5c595-8d4c-4001-b46d-6e0cbb5b9d3c@group-A100AD492506-LeaderElection174] INFO  server.RaftServerConfigKeys (ConfUtils.java:logGet(43)) - raft.server.watch.timeout.denomination = 1s (default)
2019-11-13 20:40:15,977 [405db254-2a77-41b8-bcbc-61d002fbc757@group-190992A81D7D-LeaderElection175] INFO  impl.RoleInfo (RoleInfo.java:updateAndGet(143)) - 405db254-2a77-41b8-bcbc-61d002fbc757: start LeaderState
2019-11-13 20:40:15,977 [63c5c595-8d4c-4001-b46d-6e0cbb5b9d3c@group-A100AD492506-LeaderElection174] INFO  server.RaftServerConfigKeys (ConfUtils.java:logGet(43)) - raft.server.watch.element-limit = 65536 (default)
2019-11-13 20:40:15,978 [405db254-2a77-41b8-bcbc-61d002fbc757@group-190992A81D7D-LeaderElection175] INFO  segmented.SegmentedRaftLogWorker (SegmentedRaftLogWorker.java:startLogSegment(385)) - 405db254-2a77-41b8-bcbc-61d002fbc757@group-190992A81D7D-SegmentedRaftLogWorker: Starting segment from index:0
2019-11-13 20:40:15,978 [63c5c595-8d4c-4001-b46d-6e0cbb5b9d3c@group-A100AD492506-LeaderElection174] INFO  impl.RoleInfo (RoleInfo.java:updateAndGet(143)) - 63c5c595-8d4c-4001-b46d-6e0cbb5b9d3c: start LeaderState
2019-11-13 20:40:15,978 [63c5c595-8d4c-4001-b46d-6e0cbb5b9d3c@group-A100AD492506-LeaderElection174] INFO  segmented.SegmentedRaftLogWorker (SegmentedRaftLogWorker.java:startLogSegment(385)) - 63c5c595-8d4c-4001-b46d-6e0cbb5b9d3c@group-A100AD492506-SegmentedRaftLogWorker: Starting segment from index:0
2019-11-13 20:40:15,978 [405db254-2a77-41b8-bcbc-61d002fbc757@group-190992A81D7D-LeaderElection175] INFO  impl.RaftServerImpl (ServerState.java:setRaftConf(356)) - 405db254-2a77-41b8-bcbc-61d002fbc757@group-190992A81D7D: set configuration 0: [405db254-2a77-41b8-bcbc-61d002fbc757:192.168.34.20:41954], old=null at 0
2019-11-13 20:40:16,016 [a35788b4-68d9-46fd-b847-60a9b7211510@group-43733B6E7F00-SegmentedRaftLogWorker] INFO  segmented.SegmentedRaftLogWorker (SegmentedRaftLogWorker.java:execute(576)) - a35788b4-68d9-46fd-b847-60a9b7211510@group-43733B6E7F00-SegmentedRaftLogWorker: created new log segment /workdir/hadoop-ozone/integration-test/target/test-dir/MiniOzoneClusterImpl-23a5d35f-12cc-4157-b83c-481d86791456/datanode-9/data/ratis/572891f3-84b0-450d-af73-43733b6e7f00/current/log_inprogress_0
2019-11-13 20:40:16,016 [63c5c595-8d4c-4001-b46d-6e0cbb5b9d3c@group-A100AD492506-LeaderElection174] INFO  impl.RaftServerImpl (ServerState.java:setRaftConf(356)) - 63c5c595-8d4c-4001-b46d-6e0cbb5b9d3c@group-A100AD492506: set configuration 0: [63c5c595-8d4c-4001-b46d-6e0cbb5b9d3c:192.168.34.20:42027], old=null at 0
2019-11-13 20:40:16,054 [405db254-2a77-41b8-bcbc-61d002fbc757@group-190992A81D7D-SegmentedRaftLogWorker] INFO  segmented.SegmentedRaftLogWorker (SegmentedRaftLogWorker.java:execute(576)) - 405db254-2a77-41b8-bcbc-61d002fbc757@group-190992A81D7D-SegmentedRaftLogWorker: created new log segment /workdir/hadoop-ozone/integration-test/target/test-dir/MiniOzoneClusterImpl-23a5d35f-12cc-4157-b83c-481d86791456/datanode-0/data/ratis/fb14d60c-9d33-486c-9718-190992a81d7d/current/log_inprogress_0
2019-11-13 20:40:16,067 [63c5c595-8d4c-4001-b46d-6e0cbb5b9d3c@group-A100AD492506-SegmentedRaftLogWorker] INFO  segmented.SegmentedRaftLogWorker (SegmentedRaftLogWorker.java:execute(576)) - 63c5c595-8d4c-4001-b46d-6e0cbb5b9d3c@group-A100AD492506-SegmentedRaftLogWorker: created new log segment /workdir/hadoop-ozone/integration-test/target/test-dir/MiniOzoneClusterImpl-23a5d35f-12cc-4157-b83c-481d86791456/datanode-4/data/ratis/6fbf59ac-ef43-4f9a-bd43-a100ad492506/current/log_inprogress_0
2019-11-13 20:40:18,836 [main] INFO  ozoneimpl.OzoneContainer (OzoneContainer.java:stop(244)) - Attempting to stop container services.
2019-11-13 20:40:18,836 [main] INFO  impl.RaftServerProxy (RaftServerProxy.java:lambda$close$4(314)) - e207fbae-fd28-42f6-9bb4-297c35844d9f: close
2019-11-13 20:40:18,837 [main] INFO  impl.RaftServerImpl (RaftServerImpl.java:lambda$shutdown$3(250)) - e207fbae-fd28-42f6-9bb4-297c35844d9f@group-944452A367E5: shutdown
2019-11-13 20:40:18,837 [ForkJoinPool.commonPool-worker-1] INFO  impl.RaftServerImpl (RaftServerImpl.java:lambda$shutdown$3(250)) - e207fbae-fd28-42f6-9bb4-297c35844d9f@group-B74ABADDE9AD: shutdown
2019-11-13 20:40:18,837 [main] INFO  util.JmxRegister (JmxRegister.java:unregister(73)) - Successfully un-registered JMX Bean with object name Ratis:service=RaftServer,group=group-944452A367E5,id=e207fbae-fd28-42f6-9bb4-297c35844d9f
2019-11-13 20:40:18,837 [ForkJoinPool.commonPool-worker-1] INFO  util.JmxRegister (JmxRegister.java:unregister(73)) - Successfully un-registered JMX Bean with object name Ratis:service=RaftServer,group=group-B74ABADDE9AD,id=e207fbae-fd28-42f6-9bb4-297c35844d9f
2019-11-13 20:40:18,838 [main] INFO  impl.RoleInfo (RoleInfo.java:shutdownLeaderState(104)) - e207fbae-fd28-42f6-9bb4-297c35844d9f: shutdown LeaderState
2019-11-13 20:40:18,838 [ForkJoinPool.commonPool-worker-1] INFO  impl.RoleInfo (RoleInfo.java:shutdownFollowerState(121)) - e207fbae-fd28-42f6-9bb4-297c35844d9f: shutdown FollowerState
2019-11-13 20:40:18,838 [main] INFO  impl.PendingRequests (PendingRequests.java:sendNotLeaderResponses(206)) - e207fbae-fd28-42f6-9bb4-297c35844d9f@group-944452A367E5-PendingRequests: sendNotLeaderResponses
2019-11-13 20:40:18,838 [Thread-4205] INFO  impl.FollowerState (FollowerState.java:run(120)) - e207fbae-fd28-42f6-9bb4-297c35844d9f@group-B74ABADDE9AD-FollowerState was interrupted: java.lang.InterruptedException: sleep interrupted
2019-11-13 20:40:18,838 [ForkJoinPool.commonPool-worker-1] INFO  impl.StateMachineUpdater (StateMachineUpdater.java:stopAndJoin(136)) - e207fbae-fd28-42f6-9bb4-297c35844d9f@group-B74ABADDE9AD-StateMachineUpdater: set stopIndex = 0
2019-11-13 20:40:18,839 [main] INFO  impl.StateMachineUpdater (StateMachineUpdater.java:stopAndJoin(136)) - e207fbae-fd28-42f6-9bb4-297c35844d9f@group-944452A367E5-StateMachineUpdater: set stopIndex = 0
2019-11-13 20:40:18,839 [main] INFO  impl.RaftServerImpl (ServerState.java:close(387)) - e207fbae-fd28-42f6-9bb4-297c35844d9f@group-944452A367E5: closes. applyIndex: 0
2019-11-13 20:40:18,839 [ForkJoinPool.commonPool-worker-1] INFO  impl.RaftServerImpl (ServerState.java:close(387)) - e207fbae-fd28-42f6-9bb4-297c35844d9f@group-B74ABADDE9AD: closes. applyIndex: 0
2019-11-13 20:40:18,839 [e207fbae-fd28-42f6-9bb4-297c35844d9f@group-944452A367E5-SegmentedRaftLogWorker] INFO  segmented.SegmentedRaftLogWorker (SegmentedRaftLogWorker.java:run(316)) - e207fbae-fd28-42f6-9bb4-297c35844d9f@group-944452A367E5-SegmentedRaftLogWorker was interrupted, exiting. There are 0 tasks remaining in the queue.
2019-11-13 20:40:18,840 [e207fbae-fd28-42f6-9bb4-297c35844d9f@group-B74ABADDE9AD-SegmentedRaftLogWorker] INFO  segmented.SegmentedRaftLogWorker (SegmentedRaftLogWorker.java:run(316)) - e207fbae-fd28-42f6-9bb4-297c35844d9f@group-B74ABADDE9AD-SegmentedRaftLogWorker was interrupted, exiting. There are 0 tasks remaining in the queue.
2019-11-13 20:40:18,840 [main] INFO  segmented.SegmentedRaftLogWorker (SegmentedRaftLogWorker.java:close(224)) - e207fbae-fd28-42f6-9bb4-297c35844d9f@group-944452A367E5-SegmentedRaftLogWorker close()
2019-11-13 20:40:18,840 [ForkJoinPool.commonPool-worker-1] INFO  segmented.SegmentedRaftLogWorker (SegmentedRaftLogWorker.java:close(224)) - e207fbae-fd28-42f6-9bb4-297c35844d9f@group-B74ABADDE9AD-SegmentedRaftLogWorker close()
2019-11-13 20:40:18,840 [main] INFO  server.GrpcService (GrpcService.java:closeImpl(164)) - e207fbae-fd28-42f6-9bb4-297c35844d9f: shutdown server with port 33417 now
2019-11-13 20:40:18,841 [grpc-default-executor-2] WARN  server.GrpcServerProtocolService (LogUtils.java:warn(134)) - e207fbae-fd28-42f6-9bb4-297c35844d9f: installSnapshot onError, lastRequest: 11bf945c-44a0-4fdd-85a2-60a349617ab7->e207fbae-fd28-42f6-9bb4-297c35844d9f#8-t1, previous=(t:1, i:0), leaderCommit=0, initializing? false, entries: <empty>: org.apache.ratis.thirdparty.io.grpc.StatusRuntimeException: CANCELLED: cancelled before receiving half close
2019-11-13 20:40:18,841 [grpc-default-executor-1] WARN  server.GrpcLogAppender (LogUtils.java:warn(134)) - 11bf945c-44a0-4fdd-85a2-60a349617ab7@group-B74ABADDE9AD->e207fbae-fd28-42f6-9bb4-297c35844d9f-AppendLogResponseHandler: Failed appendEntries: org.apache.ratis.thirdparty.io.grpc.StatusRuntimeException: CANCELLED: HTTP/2 error code: CANCEL
Received Rst Stream
2019-11-13 20:40:18,841 [main] INFO  server.GrpcService (GrpcService.java:closeImpl(172)) - e207fbae-fd28-42f6-9bb4-297c35844d9f: shutdown server with port 33417 successfully
2019-11-13 20:40:18,842 [grpc-default-executor-1] INFO  impl.FollowerInfo (FollowerInfo.java:lambda$new$0(51)) - 11bf945c-44a0-4fdd-85a2-60a349617ab7@group-B74ABADDE9AD->e207fbae-fd28-42f6-9bb4-297c35844d9f: nextIndex: updateUnconditionally 1 -> 0
2019-11-13 20:40:18,843 [refreshUsed-/workdir/hadoop-ozone/integration-test/target/test-dir/MiniOzoneClusterImpl-23a5d35f-12cc-4157-b83c-481d86791456/datanode-6/data/containers] WARN  fs.CachingGetSpaceUsed (CachingGetSpaceUsed.java:run(183)) - Thread Interrupted waiting to refresh disk information: sleep interrupted
2019-11-13 20:40:18,864 [main] INFO  utils.BackgroundService (BackgroundService.java:shutdown(151)) - Shutting down service BlockDeletingService
2019-11-13 20:40:18,871 [main] INFO  statemachine.DatanodeStateMachine (DatanodeStateMachine.java:stopDaemon(395)) - Ozone container server stopped.
2019-11-13 20:40:18,873 [main] INFO  handler.ContextHandler (ContextHandler.java:doStop(910)) - Stopped o.e.j.w.WebAppContext@6ef4cbe1{/,null,UNAVAILABLE}{/hddsDatanode}
2019-11-13 20:40:18,875 [main] INFO  server.AbstractConnector (AbstractConnector.java:doStop(318)) - Stopped ServerConnector@207dd1b7{HTTP/1.1,[http/1.1]}{0.0.0.0:0}
2019-11-13 20:40:18,875 [main] INFO  handler.ContextHandler (ContextHandler.java:doStop(910)) - Stopped o.e.j.s.ServletContextHandler@3030836d{/static,jar:file:/home/user/.m2/repository/org/apache/hadoop/hadoop-hdds-container-service/0.5.0-SNAPSHOT/hadoop-hdds-container-service-0.5.0-SNAPSHOT.jar!/webapps/static,UNAVAILABLE}
2019-11-13 20:40:18,876 [main] INFO  handler.ContextHandler (ContextHandler.java:doStop(910)) - Stopped o.e.j.s.ServletContextHandler@3e6748ae{/logs,file:///workdir/hadoop-ozone/integration-test/target/log,UNAVAILABLE}
2019-11-13 20:40:19,342 [grpc-default-executor-4] WARN  server.GrpcLogAppender (LogUtils.java:warn(134)) - 11bf945c-44a0-4fdd-85a2-60a349617ab7@group-B74ABADDE9AD->e207fbae-fd28-42f6-9bb4-297c35844d9f-AppendLogResponseHandler: Failed appendEntries: org.apache.ratis.thirdparty.io.grpc.StatusRuntimeException: UNAVAILABLE: io exception
2019-11-13 20:40:19,342 [grpc-default-executor-4] INFO  impl.FollowerInfo (FollowerInfo.java:lambda$new$0(51)) - 11bf945c-44a0-4fdd-85a2-60a349617ab7@group-B74ABADDE9AD->e207fbae-fd28-42f6-9bb4-297c35844d9f: nextIndex: updateUnconditionally 0 -> 0
2019-11-13 20:40:19,842 [grpc-default-executor-2] WARN  server.GrpcLogAppender (LogUtils.java:warn(134)) - 11bf945c-44a0-4fdd-85a2-60a349617ab7@group-B74ABADDE9AD->e207fbae-fd28-42f6-9bb4-297c35844d9f-AppendLogResponseHandler: Failed appendEntries: org.apache.ratis.thirdparty.io.grpc.StatusRuntimeException: UNAVAILABLE: io exception
2019-11-13 20:40:19,843 [grpc-default-executor-2] INFO  impl.FollowerInfo (FollowerInfo.java:lambda$new$0(51)) - 11bf945c-44a0-4fdd-85a2-60a349617ab7@group-B74ABADDE9AD->e207fbae-fd28-42f6-9bb4-297c35844d9f: nextIndex: updateUnconditionally 0 -> 0
2019-11-13 20:40:19,904 [main] WARN  io.KeyOutputStream (KeyOutputStream.java:handleException(274)) - Encountered exception java.io.IOException: Unexpected Storage Container Exception: java.util.concurrent.CompletionException: java.util.concurrent.CompletionException: org.apache.ratis.protocol.GroupMismatchException: 11bf945c-44a0-4fdd-85a2-60a349617ab7: group-3EA5D500EF6D not found. on the pipeline Pipeline[ Id: f1817d3d-ba30-4424-890f-3ea5d500ef6d, Nodes: e207fbae-fd28-42f6-9bb4-297c35844d9f{ip: 192.168.34.20, host: pr-hdds-2470-fxbl9-3826649461, networkLocation: /rack1, certSerialId: null}a35788b4-68d9-46fd-b847-60a9b7211510{ip: 192.168.34.20, host: pr-hdds-2470-fxbl9-3826649461, networkLocation: /rack1, certSerialId: null}11bf945c-44a0-4fdd-85a2-60a349617ab7{ip: 192.168.34.20, host: pr-hdds-2470-fxbl9-3826649461, networkLocation: /rack1, certSerialId: null}, Type:RATIS, Factor:THREE, State:OPEN]. The last committed block length is 1048576, uncommitted data length is 2097152 retry count 0
2019-11-13 20:40:19,905 [main] INFO  io.BlockOutputStreamEntryPool (BlockOutputStreamEntryPool.java:allocateNewBlock(257)) - Allocating block with ExcludeList {datanodes = [], containerIds = [], pipelineIds = [PipelineID=f1817d3d-ba30-4424-890f-3ea5d500ef6d]}
2019-11-13 20:40:20,294 [main] INFO  ozone.MiniOzoneClusterImpl (MiniOzoneClusterImpl.java:shutdown(352)) - Shutting down the Mini Ozone Cluster
2019-11-13 20:40:20,294 [main] INFO  ozone.MiniOzoneClusterImpl (MiniOzoneClusterImpl.java:stop(368)) - Stopping the Mini Ozone Cluster
2019-11-13 20:40:20,295 [main] INFO  ozone.MiniOzoneClusterImpl (MiniOzoneClusterImpl.java:stopOM(438)) - Stopping the OzoneManager
2019-11-13 20:40:20,295 [main] INFO  ipc.Server (Server.java:stop(3082)) - Stopping server on 35440
2019-11-13 20:40:20,301 [IPC Server listener on 35440] INFO  ipc.Server (Server.java:run(1185)) - Stopping IPC Server listener on 35440
2019-11-13 20:40:20,301 [main] INFO  ratis.OzoneManagerDoubleBuffer (OzoneManagerDoubleBuffer.java:stop(261)) - Stopping OMDoubleBuffer flush thread
2019-11-13 20:40:20,301 [IPC Server Responder] INFO  ipc.Server (Server.java:run(1319)) - Stopping IPC Server Responder
2019-11-13 20:40:20,313 [OMDoubleBufferFlushThread] INFO  ratis.OzoneManagerDoubleBuffer (OzoneManagerDoubleBuffer.java:flushTransactions(199)) - OMDoubleBuffer flush thread OMDoubleBufferFlushThread is interrupted and will exit. OMDoubleBufferFlushThread
2019-11-13 20:40:20,313 [main] INFO  utils.BackgroundService (BackgroundService.java:shutdown(151)) - Shutting down service KeyDeletingService
2019-11-13 20:40:20,332 [main] INFO  handler.ContextHandler (ContextHandler.java:doStop(910)) - Stopped o.e.j.w.WebAppContext@37775bb1{/,null,UNAVAILABLE}{/ozoneManager}
2019-11-13 20:40:20,332 [main] INFO  server.AbstractConnector (AbstractConnector.java:doStop(318)) - Stopped ServerConnector@7b9e25bd{HTTP/1.1,[http/1.1]}{0.0.0.0:0}
2019-11-13 20:40:20,332 [main] INFO  handler.ContextHandler (ContextHandler.java:doStop(910)) - Stopped o.e.j.s.ServletContextHandler@584ca390{/static,file:///workdir/hadoop-ozone/integration-test/target/test-classes/webapps/static,UNAVAILABLE}
2019-11-13 20:40:20,333 [main] INFO  handler.ContextHandler (ContextHandler.java:doStop(910)) - Stopped o.e.j.s.ServletContextHandler@15d236fd{/logs,file:///workdir/hadoop-ozone/integration-test/target/log,UNAVAILABLE}
2019-11-13 20:40:20,335 [main] INFO  ozone.MiniOzoneClusterImpl (MiniOzoneClusterImpl.java:stopDatanodes(415)) - Stopping the HddsDatanodes
2019-11-13 20:40:20,343 [grpc-default-executor-2] WARN  server.GrpcLogAppender (LogUtils.java:warn(134)) - 11bf945c-44a0-4fdd-85a2-60a349617ab7@group-B74ABADDE9AD->e207fbae-fd28-42f6-9bb4-297c35844d9f-AppendLogResponseHandler: Failed appendEntries: org.apache.ratis.thirdparty.io.grpc.StatusRuntimeException: UNAVAILABLE: io exception
2019-11-13 20:40:20,343 [grpc-default-executor-2] INFO  impl.FollowerInfo (FollowerInfo.java:lambda$new$0(51)) - 11bf945c-44a0-4fdd-85a2-60a349617ab7@group-B74ABADDE9AD->e207fbae-fd28-42f6-9bb4-297c35844d9f: nextIndex: updateUnconditionally 0 -> 0
2019-11-13 20:40:20,416 [Datanode State Machine Thread - 0] INFO  statemachine.DatanodeStateMachine (DatanodeStateMachine.java:lambda$startDaemon$0(350)) - Ozone container server started.
2019-11-13 20:40:20,845 [grpc-default-executor-1] WARN  server.GrpcLogAppender (LogUtils.java:warn(134)) - 11bf945c-44a0-4fdd-85a2-60a349617ab7@group-B74ABADDE9AD->e207fbae-fd28-42f6-9bb4-297c35844d9f-AppendLogResponseHandler: Failed appendEntries: org.apache.ratis.thirdparty.io.grpc.StatusRuntimeException: UNAVAILABLE: io exception
2019-11-13 20:40:20,846 [grpc-default-executor-1] INFO  impl.FollowerInfo (FollowerInfo.java:lambda$new$0(51)) - 11bf945c-44a0-4fdd-85a2-60a349617ab7@group-B74ABADDE9AD->e207fbae-fd28-42f6-9bb4-297c35844d9f: nextIndex: updateUnconditionally 0 -> 0
2019-11-13 20:40:20,976 [Datanode State Machine Thread - 0] INFO  statemachine.DatanodeStateMachine (DatanodeStateMachine.java:lambda$startDaemon$0(350)) - Ozone container server started.
2019-11-13 20:40:21,346 [grpc-default-executor-4] WARN  server.GrpcLogAppender (LogUtils.java:warn(134)) - 11bf945c-44a0-4fdd-85a2-60a349617ab7@group-B74ABADDE9AD->e207fbae-fd28-42f6-9bb4-297c35844d9f-AppendLogResponseHandler: Failed appendEntries: org.apache.ratis.thirdparty.io.grpc.StatusRuntimeException: UNAVAILABLE: io exception
2019-11-13 20:40:21,346 [grpc-default-executor-4] INFO  impl.FollowerInfo (FollowerInfo.java:lambda$new$0(51)) - 11bf945c-44a0-4fdd-85a2-60a349617ab7@group-B74ABADDE9AD->e207fbae-fd28-42f6-9bb4-297c35844d9f: nextIndex: updateUnconditionally 0 -> 0
2019-11-13 20:40:21,848 [grpc-default-executor-2] WARN  server.GrpcLogAppender (LogUtils.java:warn(134)) - 11bf945c-44a0-4fdd-85a2-60a349617ab7@group-B74ABADDE9AD->e207fbae-fd28-42f6-9bb4-297c35844d9f-AppendLogResponseHandler: Failed appendEntries: org.apache.ratis.thirdparty.io.grpc.StatusRuntimeException: UNAVAILABLE: io exception
2019-11-13 20:40:21,848 [grpc-default-executor-2] INFO  impl.FollowerInfo (FollowerInfo.java:lambda$new$0(51)) - 11bf945c-44a0-4fdd-85a2-60a349617ab7@group-B74ABADDE9AD->e207fbae-fd28-42f6-9bb4-297c35844d9f: nextIndex: updateUnconditionally 0 -> 0
2019-11-13 20:40:22,348 [grpc-default-executor-1] WARN  server.GrpcLogAppender (LogUtils.java:warn(134)) - 11bf945c-44a0-4fdd-85a2-60a349617ab7@group-B74ABADDE9AD->e207fbae-fd28-42f6-9bb4-297c35844d9f-AppendLogResponseHandler: Failed appendEntries: org.apache.ratis.thirdparty.io.grpc.StatusRuntimeException: UNAVAILABLE: io exception
2019-11-13 20:40:22,348 [grpc-default-executor-1] INFO  impl.FollowerInfo (FollowerInfo.java:lambda$new$0(51)) - 11bf945c-44a0-4fdd-85a2-60a349617ab7@group-B74ABADDE9AD->e207fbae-fd28-42f6-9bb4-297c35844d9f: nextIndex: updateUnconditionally 0 -> 0
2019-11-13 20:40:22,851 [grpc-default-executor-4] WARN  server.GrpcLogAppender (LogUtils.java:warn(134)) - 11bf945c-44a0-4fdd-85a2-60a349617ab7@group-B74ABADDE9AD->e207fbae-fd28-42f6-9bb4-297c35844d9f-AppendLogResponseHandler: Failed appendEntries: org.apache.ratis.thirdparty.io.grpc.StatusRuntimeException: UNAVAILABLE: io exception
2019-11-13 20:40:22,851 [grpc-default-executor-4] INFO  impl.FollowerInfo (FollowerInfo.java:lambda$new$0(51)) - 11bf945c-44a0-4fdd-85a2-60a349617ab7@group-B74ABADDE9AD->e207fbae-fd28-42f6-9bb4-297c35844d9f: nextIndex: updateUnconditionally 0 -> 0
2019-11-13 20:40:23,352 [grpc-default-executor-2] WARN  server.GrpcLogAppender (LogUtils.java:warn(134)) - 11bf945c-44a0-4fdd-85a2-60a349617ab7@group-B74ABADDE9AD->e207fbae-fd28-42f6-9bb4-297c35844d9f-AppendLogResponseHandler: Failed appendEntries: org.apache.ratis.thirdparty.io.grpc.StatusRuntimeException: UNAVAILABLE: io exception
2019-11-13 20:40:23,353 [grpc-default-executor-2] INFO  impl.FollowerInfo (FollowerInfo.java:lambda$new$0(51)) - 11bf945c-44a0-4fdd-85a2-60a349617ab7@group-B74ABADDE9AD->e207fbae-fd28-42f6-9bb4-297c35844d9f: nextIndex: updateUnconditionally 0 -> 0
2019-11-13 20:40:23,857 [grpc-default-executor-2] WARN  server.GrpcLogAppender (LogUtils.java:warn(134)) - 11bf945c-44a0-4fdd-85a2-60a349617ab7@group-B74ABADDE9AD->e207fbae-fd28-42f6-9bb4-297c35844d9f-AppendLogResponseHandler: Failed appendEntries: org.apache.ratis.thirdparty.io.grpc.StatusRuntimeException: UNAVAILABLE: io exception
2019-11-13 20:40:23,857 [grpc-default-executor-2] INFO  impl.FollowerInfo (FollowerInfo.java:lambda$new$0(51)) - 11bf945c-44a0-4fdd-85a2-60a349617ab7@group-B74ABADDE9AD->e207fbae-fd28-42f6-9bb4-297c35844d9f: nextIndex: updateUnconditionally 0 -> 0
2019-11-13 20:40:24,359 [grpc-default-executor-4] WARN  server.GrpcLogAppender (LogUtils.java:warn(134)) - 11bf945c-44a0-4fdd-85a2-60a349617ab7@group-B74ABADDE9AD->e207fbae-fd28-42f6-9bb4-297c35844d9f-AppendLogResponseHandler: Failed appendEntries: org.apache.ratis.thirdparty.io.grpc.StatusRuntimeException: UNAVAILABLE: io exception
2019-11-13 20:40:24,360 [grpc-default-executor-4] INFO  impl.FollowerInfo (FollowerInfo.java:lambda$new$0(51)) - 11bf945c-44a0-4fdd-85a2-60a349617ab7@group-B74ABADDE9AD->e207fbae-fd28-42f6-9bb4-297c35844d9f: nextIndex: updateUnconditionally 0 -> 0
2019-11-13 20:40:24,870 [grpc-default-executor-4] WARN  server.GrpcLogAppender (LogUtils.java:warn(134)) - 11bf945c-44a0-4fdd-85a2-60a349617ab7@group-B74ABADDE9AD->e207fbae-fd28-42f6-9bb4-297c35844d9f-AppendLogResponseHandler: Failed appendEntries: org.apache.ratis.thirdparty.io.grpc.StatusRuntimeException: UNAVAILABLE: io exception
2019-11-13 20:40:24,870 [grpc-default-executor-4] INFO  impl.FollowerInfo (FollowerInfo.java:lambda$new$0(51)) - 11bf945c-44a0-4fdd-85a2-60a349617ab7@group-B74ABADDE9AD->e207fbae-fd28-42f6-9bb4-297c35844d9f: nextIndex: updateUnconditionally 0 -> 0
2019-11-13 20:40:25,336 [ForkJoinPool.commonPool-worker-1] INFO  ozoneimpl.OzoneContainer (OzoneContainer.java:stop(244)) - Attempting to stop container services.
2019-11-13 20:40:25,336 [main] INFO  ozoneimpl.OzoneContainer (OzoneContainer.java:stop(244)) - Attempting to stop container services.
2019-11-13 20:40:25,337 [ForkJoinPool.commonPool-worker-1] INFO  impl.RaftServerProxy (RaftServerProxy.java:lambda$close$4(314)) - a0d01d6c-1588-47d8-b58d-5bdc55d47431: close
2019-11-13 20:40:25,337 [main] INFO  impl.RaftServerProxy (RaftServerProxy.java:lambda$close$4(314)) - d8a6778e-ef1b-4a45-8dc3-d54ef706ff02: close
2019-11-13 20:40:25,337 [ForkJoinPool.commonPool-worker-1] INFO  impl.RaftServerImpl (RaftServerImpl.java:lambda$shutdown$3(250)) - a0d01d6c-1588-47d8-b58d-5bdc55d47431@group-8362288B7F2F: shutdown
2019-11-13 20:40:25,338 [main] INFO  impl.RaftServerImpl (RaftServerImpl.java:lambda$shutdown$3(250)) - d8a6778e-ef1b-4a45-8dc3-d54ef706ff02@group-E699AAE816A0: shutdown
2019-11-13 20:40:25,338 [ForkJoinPool.commonPool-worker-1] INFO  util.JmxRegister (JmxRegister.java:unregister(73)) - Successfully un-registered JMX Bean with object name Ratis:service=RaftServer,group=group-8362288B7F2F,id=a0d01d6c-1588-47d8-b58d-5bdc55d47431
2019-11-13 20:40:25,338 [main] INFO  util.JmxRegister (JmxRegister.java:unregister(73)) - Successfully un-registered JMX Bean with object name Ratis:service=RaftServer,group=group-E699AAE816A0,id=d8a6778e-ef1b-4a45-8dc3-d54ef706ff02
2019-11-13 20:40:25,338 [ForkJoinPool.commonPool-worker-1] INFO  impl.RoleInfo (RoleInfo.java:shutdownLeaderState(104)) - a0d01d6c-1588-47d8-b58d-5bdc55d47431: shutdown LeaderState
2019-11-13 20:40:25,338 [main] INFO  impl.RoleInfo (RoleInfo.java:shutdownLeaderState(104)) - d8a6778e-ef1b-4a45-8dc3-d54ef706ff02: shutdown LeaderState
2019-11-13 20:40:25,339 [ForkJoinPool.commonPool-worker-1] INFO  impl.PendingRequests (PendingRequests.java:sendNotLeaderResponses(206)) - a0d01d6c-1588-47d8-b58d-5bdc55d47431@group-8362288B7F2F-PendingRequests: sendNotLeaderResponses
2019-11-13 20:40:25,339 [main] INFO  impl.PendingRequests (PendingRequests.java:sendNotLeaderResponses(206)) - d8a6778e-ef1b-4a45-8dc3-d54ef706ff02@group-E699AAE816A0-PendingRequests: sendNotLeaderResponses
2019-11-13 20:40:25,339 [ForkJoinPool.commonPool-worker-1] INFO  impl.StateMachineUpdater (StateMachineUpdater.java:stopAndJoin(136)) - a0d01d6c-1588-47d8-b58d-5bdc55d47431@group-8362288B7F2F-StateMachineUpdater: set stopIndex = 0
2019-11-13 20:40:25,339 [main] INFO  impl.StateMachineUpdater (StateMachineUpdater.java:stopAndJoin(136)) - d8a6778e-ef1b-4a45-8dc3-d54ef706ff02@group-E699AAE816A0-StateMachineUpdater: set stopIndex = 0
2019-11-13 20:40:25,340 [ForkJoinPool.commonPool-worker-1] INFO  impl.RaftServerImpl (ServerState.java:close(387)) - a0d01d6c-1588-47d8-b58d-5bdc55d47431@group-8362288B7F2F: closes. applyIndex: 0
2019-11-13 20:40:25,340 [main] INFO  impl.RaftServerImpl (ServerState.java:close(387)) - d8a6778e-ef1b-4a45-8dc3-d54ef706ff02@group-E699AAE816A0: closes. applyIndex: 0
2019-11-13 20:40:25,341 [a0d01d6c-1588-47d8-b58d-5bdc55d47431@group-8362288B7F2F-SegmentedRaftLogWorker] INFO  segmented.SegmentedRaftLogWorker (SegmentedRaftLogWorker.java:run(316)) - a0d01d6c-1588-47d8-b58d-5bdc55d47431@group-8362288B7F2F-SegmentedRaftLogWorker was interrupted, exiting. There are 0 tasks remaining in the queue.
2019-11-13 20:40:25,341 [d8a6778e-ef1b-4a45-8dc3-d54ef706ff02@group-E699AAE816A0-SegmentedRaftLogWorker] INFO  segmented.SegmentedRaftLogWorker (SegmentedRaftLogWorker.java:run(316)) - d8a6778e-ef1b-4a45-8dc3-d54ef706ff02@group-E699AAE816A0-SegmentedRaftLogWorker was interrupted, exiting. There are 0 tasks remaining in the queue.
2019-11-13 20:40:25,341 [ForkJoinPool.commonPool-worker-1] INFO  segmented.SegmentedRaftLogWorker (SegmentedRaftLogWorker.java:close(224)) - a0d01d6c-1588-47d8-b58d-5bdc55d47431@group-8362288B7F2F-SegmentedRaftLogWorker close()
2019-11-13 20:40:25,341 [main] INFO  segmented.SegmentedRaftLogWorker (SegmentedRaftLogWorker.java:close(224)) - d8a6778e-ef1b-4a45-8dc3-d54ef706ff02@group-E699AAE816A0-SegmentedRaftLogWorker close()
2019-11-13 20:40:25,341 [ForkJoinPool.commonPool-worker-1] INFO  impl.RaftServerImpl (RaftServerImpl.java:lambda$shutdown$3(250)) - a0d01d6c-1588-47d8-b58d-5bdc55d47431@group-DA587B7DE557: shutdown
2019-11-13 20:40:25,342 [main] INFO  server.GrpcService (GrpcService.java:closeImpl(164)) - d8a6778e-ef1b-4a45-8dc3-d54ef706ff02: shutdown server with port 34234 now
2019-11-13 20:40:25,342 [ForkJoinPool.commonPool-worker-1] INFO  util.JmxRegister (JmxRegister.java:unregister(73)) - Successfully un-registered JMX Bean with object name Ratis:service=RaftServer,group=group-DA587B7DE557,id=a0d01d6c-1588-47d8-b58d-5bdc55d47431
2019-11-13 20:40:25,342 [ForkJoinPool.commonPool-worker-1] INFO  impl.RoleInfo (RoleInfo.java:shutdownFollowerState(121)) - a0d01d6c-1588-47d8-b58d-5bdc55d47431: shutdown FollowerState
2019-11-13 20:40:25,342 [ForkJoinPool.commonPool-worker-1] INFO  impl.StateMachineUpdater (StateMachineUpdater.java:stopAndJoin(136)) - a0d01d6c-1588-47d8-b58d-5bdc55d47431@group-DA587B7DE557-StateMachineUpdater: set stopIndex = 0
2019-11-13 20:40:25,342 [Thread-4185] INFO  impl.FollowerState (FollowerState.java:run(120)) - a0d01d6c-1588-47d8-b58d-5bdc55d47431@group-DA587B7DE557-FollowerState was interrupted: java.lang.InterruptedException: sleep interrupted
2019-11-13 20:40:25,342 [ForkJoinPool.commonPool-worker-1] INFO  impl.RaftServerImpl (ServerState.java:close(387)) - a0d01d6c-1588-47d8-b58d-5bdc55d47431@group-DA587B7DE557: closes. applyIndex: 0
2019-11-13 20:40:25,343 [main] INFO  server.GrpcService (GrpcService.java:closeImpl(172)) - d8a6778e-ef1b-4a45-8dc3-d54ef706ff02: shutdown server with port 34234 successfully
2019-11-13 20:40:25,343 [a0d01d6c-1588-47d8-b58d-5bdc55d47431@group-DA587B7DE557-SegmentedRaftLogWorker] INFO  segmented.SegmentedRaftLogWorker (SegmentedRaftLogWorker.java:run(316)) - a0d01d6c-1588-47d8-b58d-5bdc55d47431@group-DA587B7DE557-SegmentedRaftLogWorker was interrupted, exiting. There are 0 tasks remaining in the queue.
2019-11-13 20:40:25,343 [ForkJoinPool.commonPool-worker-1] INFO  segmented.SegmentedRaftLogWorker (SegmentedRaftLogWorker.java:close(224)) - a0d01d6c-1588-47d8-b58d-5bdc55d47431@group-DA587B7DE557-SegmentedRaftLogWorker close()
2019-11-13 20:40:25,344 [ForkJoinPool.commonPool-worker-1] INFO  server.GrpcService (GrpcService.java:closeImpl(164)) - a0d01d6c-1588-47d8-b58d-5bdc55d47431: shutdown server with port 42336 now
2019-11-13 20:40:25,345 [grpc-default-executor-2] WARN  server.GrpcServerProtocolService (LogUtils.java:warn(134)) - a0d01d6c-1588-47d8-b58d-5bdc55d47431: installSnapshot onError, lastRequest: 405db254-2a77-41b8-bcbc-61d002fbc757->a0d01d6c-1588-47d8-b58d-5bdc55d47431#21-t1, previous=(t:1, i:0), leaderCommit=0, initializing? false, entries: <empty>: org.apache.ratis.thirdparty.io.grpc.StatusRuntimeException: CANCELLED: cancelled before receiving half close
2019-11-13 20:40:25,345 [grpc-default-executor-4] WARN  server.GrpcLogAppender (LogUtils.java:warn(134)) - 405db254-2a77-41b8-bcbc-61d002fbc757@group-DA587B7DE557->a0d01d6c-1588-47d8-b58d-5bdc55d47431-AppendLogResponseHandler: Failed appendEntries: org.apache.ratis.thirdparty.io.grpc.StatusRuntimeException: CANCELLED: HTTP/2 error code: CANCEL
Received Rst Stream
2019-11-13 20:40:25,346 [refreshUsed-/workdir/hadoop-ozone/integration-test/target/test-dir/MiniOzoneClusterImpl-23a5d35f-12cc-4157-b83c-481d86791456/datanode-5/data/containers] WARN  fs.CachingGetSpaceUsed (CachingGetSpaceUsed.java:run(183)) - Thread Interrupted waiting to refresh disk information: sleep interrupted
2019-11-13 20:40:25,346 [grpc-default-executor-4] INFO  impl.FollowerInfo (FollowerInfo.java:lambda$new$0(51)) - 405db254-2a77-41b8-bcbc-61d002fbc757@group-DA587B7DE557->a0d01d6c-1588-47d8-b58d-5bdc55d47431: nextIndex: updateUnconditionally 1 -> 0
2019-11-13 20:40:25,346 [ForkJoinPool.commonPool-worker-1] INFO  server.GrpcService (GrpcService.java:closeImpl(172)) - a0d01d6c-1588-47d8-b58d-5bdc55d47431: shutdown server with port 42336 successfully
2019-11-13 20:40:25,351 [refreshUsed-/workdir/hadoop-ozone/integration-test/target/test-dir/MiniOzoneClusterImpl-23a5d35f-12cc-4157-b83c-481d86791456/datanode-2/data/containers] WARN  fs.CachingGetSpaceUsed (CachingGetSpaceUsed.java:run(183)) - Thread Interrupted waiting to refresh disk information: sleep interrupted
2019-11-13 20:40:25,370 [grpc-default-executor-1] WARN  server.GrpcLogAppender (LogUtils.java:warn(134)) - 11bf945c-44a0-4fdd-85a2-60a349617ab7@group-B74ABADDE9AD->e207fbae-fd28-42f6-9bb4-297c35844d9f-AppendLogResponseHandler: Failed appendEntries: org.apache.ratis.thirdparty.io.grpc.StatusRuntimeException: UNAVAILABLE: io exception
2019-11-13 20:40:25,370 [grpc-default-executor-1] INFO  impl.FollowerInfo (FollowerInfo.java:lambda$new$0(51)) - 11bf945c-44a0-4fdd-85a2-60a349617ab7@group-B74ABADDE9AD->e207fbae-fd28-42f6-9bb4-297c35844d9f: nextIndex: updateUnconditionally 0 -> 0
2019-11-13 20:40:25,371 [main] INFO  utils.BackgroundService (BackgroundService.java:shutdown(151)) - Shutting down service BlockDeletingService
2019-11-13 20:40:25,371 [ForkJoinPool.commonPool-worker-1] INFO  utils.BackgroundService (BackgroundService.java:shutdown(151)) - Shutting down service BlockDeletingService
2019-11-13 20:40:25,391 [main] INFO  statemachine.DatanodeStateMachine (DatanodeStateMachine.java:stopDaemon(395)) - Ozone container server stopped.
2019-11-13 20:40:25,391 [ForkJoinPool.commonPool-worker-1] INFO  statemachine.DatanodeStateMachine (DatanodeStateMachine.java:stopDaemon(395)) - Ozone container server stopped.
2019-11-13 20:40:25,397 [ForkJoinPool.commonPool-worker-1] INFO  handler.ContextHandler (ContextHandler.java:doStop(910)) - Stopped o.e.j.w.WebAppContext@6d6cd1e0{/,null,UNAVAILABLE}{/hddsDatanode}
2019-11-13 20:40:25,397 [main] INFO  handler.ContextHandler (ContextHandler.java:doStop(910)) - Stopped o.e.j.w.WebAppContext@45d4421d{/,null,UNAVAILABLE}{/hddsDatanode}
2019-11-13 20:40:25,398 [ForkJoinPool.commonPool-worker-1] INFO  server.AbstractConnector (AbstractConnector.java:doStop(318)) - Stopped ServerConnector@76a9a009{HTTP/1.1,[http/1.1]}{0.0.0.0:0}
2019-11-13 20:40:25,399 [ForkJoinPool.commonPool-worker-1] INFO  handler.ContextHandler (ContextHandler.java:doStop(910)) - Stopped o.e.j.s.ServletContextHandler@39449465{/static,jar:file:/home/user/.m2/repository/org/apache/hadoop/hadoop-hdds-container-service/0.5.0-SNAPSHOT/hadoop-hdds-container-service-0.5.0-SNAPSHOT.jar!/webapps/static,UNAVAILABLE}
2019-11-13 20:40:25,401 [ForkJoinPool.commonPool-worker-1] INFO  handler.ContextHandler (ContextHandler.java:doStop(910)) - Stopped o.e.j.s.ServletContextHandler@2e0ad709{/logs,file:///workdir/hadoop-ozone/integration-test/target/log,UNAVAILABLE}
2019-11-13 20:40:25,401 [main] INFO  server.AbstractConnector (AbstractConnector.java:doStop(318)) - Stopped ServerConnector@782fd504{HTTP/1.1,[http/1.1]}{0.0.0.0:0}
2019-11-13 20:40:25,402 [main] INFO  handler.ContextHandler (ContextHandler.java:doStop(910)) - Stopped o.e.j.s.ServletContextHandler@7d25913{/static,jar:file:/home/user/.m2/repository/org/apache/hadoop/hadoop-hdds-container-service/0.5.0-SNAPSHOT/hadoop-hdds-container-service-0.5.0-SNAPSHOT.jar!/webapps/static,UNAVAILABLE}
2019-11-13 20:40:25,403 [main] INFO  handler.ContextHandler (ContextHandler.java:doStop(910)) - Stopped o.e.j.s.ServletContextHandler@333398f{/logs,file:///workdir/hadoop-ozone/integration-test/target/log,UNAVAILABLE}
2019-11-13 20:40:25,711 [grpc-default-executor-4] WARN  server.GrpcLogAppender (LogUtils.java:warn(134)) - 405db254-2a77-41b8-bcbc-61d002fbc757@group-DA587B7DE557->a0d01d6c-1588-47d8-b58d-5bdc55d47431-AppendLogResponseHandler: Failed appendEntries: org.apache.ratis.thirdparty.io.grpc.StatusRuntimeException: UNAVAILABLE: io exception
2019-11-13 20:40:25,711 [grpc-default-executor-4] INFO  impl.FollowerInfo (FollowerInfo.java:lambda$new$0(51)) - 405db254-2a77-41b8-bcbc-61d002fbc757@group-DA587B7DE557->a0d01d6c-1588-47d8-b58d-5bdc55d47431: nextIndex: updateUnconditionally 0 -> 0
2019-11-13 20:40:25,870 [grpc-default-executor-2] WARN  server.GrpcLogAppender (LogUtils.java:warn(134)) - 11bf945c-44a0-4fdd-85a2-60a349617ab7@group-B74ABADDE9AD->e207fbae-fd28-42f6-9bb4-297c35844d9f-AppendLogResponseHandler: Failed appendEntries: org.apache.ratis.thirdparty.io.grpc.StatusRuntimeException: UNAVAILABLE: io exception
2019-11-13 20:40:25,871 [grpc-default-executor-2] INFO  impl.FollowerInfo (FollowerInfo.java:lambda$new$0(51)) - 11bf945c-44a0-4fdd-85a2-60a349617ab7@group-B74ABADDE9AD->e207fbae-fd28-42f6-9bb4-297c35844d9f: nextIndex: updateUnconditionally 0 -> 0
2019-11-13 20:40:25,977 [Datanode State Machine Thread - 0] INFO  statemachine.DatanodeStateMachine (DatanodeStateMachine.java:lambda$startDaemon$0(350)) - Ozone container server started.
2019-11-13 20:40:26,049 [Datanode State Machine Thread - 0] INFO  statemachine.DatanodeStateMachine (DatanodeStateMachine.java:lambda$startDaemon$0(350)) - Ozone container server started.
2019-11-13 20:40:26,211 [grpc-default-executor-4] WARN  server.GrpcLogAppender (LogUtils.java:warn(134)) - 405db254-2a77-41b8-bcbc-61d002fbc757@group-DA587B7DE557->a0d01d6c-1588-47d8-b58d-5bdc55d47431-AppendLogResponseHandler: Failed appendEntries: org.apache.ratis.thirdparty.io.grpc.StatusRuntimeException: UNAVAILABLE: io exception
2019-11-13 20:40:26,212 [grpc-default-executor-4] INFO  impl.FollowerInfo (FollowerInfo.java:lambda$new$0(51)) - 405db254-2a77-41b8-bcbc-61d002fbc757@group-DA587B7DE557->a0d01d6c-1588-47d8-b58d-5bdc55d47431: nextIndex: updateUnconditionally 0 -> 0
2019-11-13 20:40:26,371 [grpc-default-executor-1] WARN  server.GrpcLogAppender (LogUtils.java:warn(134)) - 11bf945c-44a0-4fdd-85a2-60a349617ab7@group-B74ABADDE9AD->e207fbae-fd28-42f6-9bb4-297c35844d9f-AppendLogResponseHandler: Failed appendEntries: org.apache.ratis.thirdparty.io.grpc.StatusRuntimeException: UNAVAILABLE: io exception
2019-11-13 20:40:26,371 [grpc-default-executor-1] INFO  impl.FollowerInfo (FollowerInfo.java:lambda$new$0(51)) - 11bf945c-44a0-4fdd-85a2-60a349617ab7@group-B74ABADDE9AD->e207fbae-fd28-42f6-9bb4-297c35844d9f: nextIndex: updateUnconditionally 0 -> 0
2019-11-13 20:40:26,712 [grpc-default-executor-2] WARN  server.GrpcLogAppender (LogUtils.java:warn(134)) - 405db254-2a77-41b8-bcbc-61d002fbc757@group-DA587B7DE557->a0d01d6c-1588-47d8-b58d-5bdc55d47431-AppendLogResponseHandler: Failed appendEntries: org.apache.ratis.thirdparty.io.grpc.StatusRuntimeException: UNAVAILABLE: io exception
2019-11-13 20:40:26,712 [grpc-default-executor-2] INFO  impl.FollowerInfo (FollowerInfo.java:lambda$new$0(51)) - 405db254-2a77-41b8-bcbc-61d002fbc757@group-DA587B7DE557->a0d01d6c-1588-47d8-b58d-5bdc55d47431: nextIndex: updateUnconditionally 0 -> 0
2019-11-13 20:40:26,871 [grpc-default-executor-1] WARN  server.GrpcLogAppender (LogUtils.java:warn(134)) - 11bf945c-44a0-4fdd-85a2-60a349617ab7@group-B74ABADDE9AD->e207fbae-fd28-42f6-9bb4-297c35844d9f-AppendLogResponseHandler: Failed appendEntries: org.apache.ratis.thirdparty.io.grpc.StatusRuntimeException: UNAVAILABLE: io exception
2019-11-13 20:40:26,872 [grpc-default-executor-1] INFO  impl.FollowerInfo (FollowerInfo.java:lambda$new$0(51)) - 11bf945c-44a0-4fdd-85a2-60a349617ab7@group-B74ABADDE9AD->e207fbae-fd28-42f6-9bb4-297c35844d9f: nextIndex: updateUnconditionally 0 -> 0
2019-11-13 20:40:27,212 [grpc-default-executor-4] WARN  server.GrpcLogAppender (LogUtils.java:warn(134)) - 405db254-2a77-41b8-bcbc-61d002fbc757@group-DA587B7DE557->a0d01d6c-1588-47d8-b58d-5bdc55d47431-AppendLogResponseHandler: Failed appendEntries: org.apache.ratis.thirdparty.io.grpc.StatusRuntimeException: UNAVAILABLE: io exception
2019-11-13 20:40:27,213 [grpc-default-executor-4] INFO  impl.FollowerInfo (FollowerInfo.java:lambda$new$0(51)) - 405db254-2a77-41b8-bcbc-61d002fbc757@group-DA587B7DE557->a0d01d6c-1588-47d8-b58d-5bdc55d47431: nextIndex: updateUnconditionally 0 -> 0
2019-11-13 20:40:27,372 [grpc-default-executor-1] WARN  server.GrpcLogAppender (LogUtils.java:warn(134)) - 11bf945c-44a0-4fdd-85a2-60a349617ab7@group-B74ABADDE9AD->e207fbae-fd28-42f6-9bb4-297c35844d9f-AppendLogResponseHandler: Failed appendEntries: org.apache.ratis.thirdparty.io.grpc.StatusRuntimeException: UNAVAILABLE: io exception
2019-11-13 20:40:27,372 [grpc-default-executor-1] INFO  impl.FollowerInfo (FollowerInfo.java:lambda$new$0(51)) - 11bf945c-44a0-4fdd-85a2-60a349617ab7@group-B74ABADDE9AD->e207fbae-fd28-42f6-9bb4-297c35844d9f: nextIndex: updateUnconditionally 0 -> 0
2019-11-13 20:40:27,713 [grpc-default-executor-4] WARN  server.GrpcLogAppender (LogUtils.java:warn(134)) - 405db254-2a77-41b8-bcbc-61d002fbc757@group-DA587B7DE557->a0d01d6c-1588-47d8-b58d-5bdc55d47431-AppendLogResponseHandler: Failed appendEntries: org.apache.ratis.thirdparty.io.grpc.StatusRuntimeException: UNAVAILABLE: io exception
2019-11-13 20:40:27,714 [grpc-default-executor-4] INFO  impl.FollowerInfo (FollowerInfo.java:lambda$new$0(51)) - 405db254-2a77-41b8-bcbc-61d002fbc757@group-DA587B7DE557->a0d01d6c-1588-47d8-b58d-5bdc55d47431: nextIndex: updateUnconditionally 0 -> 0
2019-11-13 20:40:27,872 [grpc-default-executor-2] WARN  server.GrpcLogAppender (LogUtils.java:warn(134)) - 11bf945c-44a0-4fdd-85a2-60a349617ab7@group-B74ABADDE9AD->e207fbae-fd28-42f6-9bb4-297c35844d9f-AppendLogResponseHandler: Failed appendEntries: org.apache.ratis.thirdparty.io.grpc.StatusRuntimeException: UNAVAILABLE: io exception
2019-11-13 20:40:27,873 [grpc-default-executor-2] INFO  impl.FollowerInfo (FollowerInfo.java:lambda$new$0(51)) - 11bf945c-44a0-4fdd-85a2-60a349617ab7@group-B74ABADDE9AD->e207fbae-fd28-42f6-9bb4-297c35844d9f: nextIndex: updateUnconditionally 0 -> 0
2019-11-13 20:40:28,213 [grpc-default-executor-1] WARN  server.GrpcLogAppender (LogUtils.java:warn(134)) - 405db254-2a77-41b8-bcbc-61d002fbc757@group-DA587B7DE557->a0d01d6c-1588-47d8-b58d-5bdc55d47431-AppendLogResponseHandler: Failed appendEntries: org.apache.ratis.thirdparty.io.grpc.StatusRuntimeException: UNAVAILABLE: io exception
2019-11-13 20:40:28,214 [grpc-default-executor-1] INFO  impl.FollowerInfo (FollowerInfo.java:lambda$new$0(51)) - 405db254-2a77-41b8-bcbc-61d002fbc757@group-DA587B7DE557->a0d01d6c-1588-47d8-b58d-5bdc55d47431: nextIndex: updateUnconditionally 0 -> 0
2019-11-13 20:40:28,372 [grpc-default-executor-2] WARN  server.GrpcLogAppender (LogUtils.java:warn(134)) - 11bf945c-44a0-4fdd-85a2-60a349617ab7@group-B74ABADDE9AD->e207fbae-fd28-42f6-9bb4-297c35844d9f-AppendLogResponseHandler: Failed appendEntries: org.apache.ratis.thirdparty.io.grpc.StatusRuntimeException: UNAVAILABLE: io exception
2019-11-13 20:40:28,373 [grpc-default-executor-2] INFO  impl.FollowerInfo (FollowerInfo.java:lambda$new$0(51)) - 11bf945c-44a0-4fdd-85a2-60a349617ab7@group-B74ABADDE9AD->e207fbae-fd28-42f6-9bb4-297c35844d9f: nextIndex: updateUnconditionally 0 -> 0
2019-11-13 20:40:28,714 [grpc-default-executor-1] WARN  server.GrpcLogAppender (LogUtils.java:warn(134)) - 405db254-2a77-41b8-bcbc-61d002fbc757@group-DA587B7DE557->a0d01d6c-1588-47d8-b58d-5bdc55d47431-AppendLogResponseHandler: Failed appendEntries: org.apache.ratis.thirdparty.io.grpc.StatusRuntimeException: UNAVAILABLE: io exception
2019-11-13 20:40:28,714 [grpc-default-executor-1] INFO  impl.FollowerInfo (FollowerInfo.java:lambda$new$0(51)) - 405db254-2a77-41b8-bcbc-61d002fbc757@group-DA587B7DE557->a0d01d6c-1588-47d8-b58d-5bdc55d47431: nextIndex: updateUnconditionally 0 -> 0
2019-11-13 20:40:28,873 [grpc-default-executor-1] WARN  server.GrpcLogAppender (LogUtils.java:warn(134)) - 11bf945c-44a0-4fdd-85a2-60a349617ab7@group-B74ABADDE9AD->e207fbae-fd28-42f6-9bb4-297c35844d9f-AppendLogResponseHandler: Failed appendEntries: org.apache.ratis.thirdparty.io.grpc.StatusRuntimeException: UNAVAILABLE: io exception
2019-11-13 20:40:28,873 [grpc-default-executor-1] INFO  impl.FollowerInfo (FollowerInfo.java:lambda$new$0(51)) - 11bf945c-44a0-4fdd-85a2-60a349617ab7@group-B74ABADDE9AD->e207fbae-fd28-42f6-9bb4-297c35844d9f: nextIndex: updateUnconditionally 0 -> 0
2019-11-13 20:40:29,215 [grpc-default-executor-4] WARN  server.GrpcLogAppender (LogUtils.java:warn(134)) - 405db254-2a77-41b8-bcbc-61d002fbc757@group-DA587B7DE557->a0d01d6c-1588-47d8-b58d-5bdc55d47431-AppendLogResponseHandler: Failed appendEntries: org.apache.ratis.thirdparty.io.grpc.StatusRuntimeException: UNAVAILABLE: io exception
2019-11-13 20:40:29,215 [grpc-default-executor-4] INFO  impl.FollowerInfo (FollowerInfo.java:lambda$new$0(51)) - 405db254-2a77-41b8-bcbc-61d002fbc757@group-DA587B7DE557->a0d01d6c-1588-47d8-b58d-5bdc55d47431: nextIndex: updateUnconditionally 0 -> 0
2019-11-13 20:40:29,373 [grpc-default-executor-1] WARN  server.GrpcLogAppender (LogUtils.java:warn(134)) - 11bf945c-44a0-4fdd-85a2-60a349617ab7@group-B74ABADDE9AD->e207fbae-fd28-42f6-9bb4-297c35844d9f-AppendLogResponseHandler: Failed appendEntries: org.apache.ratis.thirdparty.io.grpc.StatusRuntimeException: UNAVAILABLE: io exception
2019-11-13 20:40:29,374 [grpc-default-executor-1] INFO  impl.FollowerInfo (FollowerInfo.java:lambda$new$0(51)) - 11bf945c-44a0-4fdd-85a2-60a349617ab7@group-B74ABADDE9AD->e207fbae-fd28-42f6-9bb4-297c35844d9f: nextIndex: updateUnconditionally 0 -> 0
2019-11-13 20:40:29,715 [grpc-default-executor-4] WARN  server.GrpcLogAppender (LogUtils.java:warn(134)) - 405db254-2a77-41b8-bcbc-61d002fbc757@group-DA587B7DE557->a0d01d6c-1588-47d8-b58d-5bdc55d47431-AppendLogResponseHandler: Failed appendEntries: org.apache.ratis.thirdparty.io.grpc.StatusRuntimeException: UNAVAILABLE: io exception
2019-11-13 20:40:29,715 [grpc-default-executor-4] INFO  impl.FollowerInfo (FollowerInfo.java:lambda$new$0(51)) - 405db254-2a77-41b8-bcbc-61d002fbc757@group-DA587B7DE557->a0d01d6c-1588-47d8-b58d-5bdc55d47431: nextIndex: updateUnconditionally 0 -> 0
2019-11-13 20:40:29,874 [grpc-default-executor-4] WARN  server.GrpcLogAppender (LogUtils.java:warn(134)) - 11bf945c-44a0-4fdd-85a2-60a349617ab7@group-B74ABADDE9AD->e207fbae-fd28-42f6-9bb4-297c35844d9f-AppendLogResponseHandler: Failed appendEntries: org.apache.ratis.thirdparty.io.grpc.StatusRuntimeException: UNAVAILABLE: io exception
2019-11-13 20:40:29,874 [grpc-default-executor-4] INFO  impl.FollowerInfo (FollowerInfo.java:lambda$new$0(51)) - 11bf945c-44a0-4fdd-85a2-60a349617ab7@group-B74ABADDE9AD->e207fbae-fd28-42f6-9bb4-297c35844d9f: nextIndex: updateUnconditionally 0 -> 0
2019-11-13 20:40:30,215 [grpc-default-executor-4] WARN  server.GrpcLogAppender (LogUtils.java:warn(134)) - 405db254-2a77-41b8-bcbc-61d002fbc757@group-DA587B7DE557->a0d01d6c-1588-47d8-b58d-5bdc55d47431-AppendLogResponseHandler: Failed appendEntries: org.apache.ratis.thirdparty.io.grpc.StatusRuntimeException: UNAVAILABLE: io exception
2019-11-13 20:40:30,216 [grpc-default-executor-4] INFO  impl.FollowerInfo (FollowerInfo.java:lambda$new$0(51)) - 405db254-2a77-41b8-bcbc-61d002fbc757@group-DA587B7DE557->a0d01d6c-1588-47d8-b58d-5bdc55d47431: nextIndex: updateUnconditionally 0 -> 0
2019-11-13 20:40:30,374 [grpc-default-executor-2] WARN  server.GrpcLogAppender (LogUtils.java:warn(134)) - 11bf945c-44a0-4fdd-85a2-60a349617ab7@group-B74ABADDE9AD->e207fbae-fd28-42f6-9bb4-297c35844d9f-AppendLogResponseHandler: Failed appendEntries: org.apache.ratis.thirdparty.io.grpc.StatusRuntimeException: UNAVAILABLE: io exception
2019-11-13 20:40:30,375 [grpc-default-executor-2] INFO  impl.FollowerInfo (FollowerInfo.java:lambda$new$0(51)) - 11bf945c-44a0-4fdd-85a2-60a349617ab7@group-B74ABADDE9AD->e207fbae-fd28-42f6-9bb4-297c35844d9f: nextIndex: updateUnconditionally 0 -> 0
2019-11-13 20:40:30,404 [ForkJoinPool.commonPool-worker-1] INFO  ozoneimpl.OzoneContainer (OzoneContainer.java:stop(244)) - Attempting to stop container services.
2019-11-13 20:40:30,404 [ForkJoinPool.commonPool-worker-1] INFO  impl.RaftServerProxy (RaftServerProxy.java:lambda$close$4(314)) - 2929643e-7442-4794-a56e-1c38ca296261: close
2019-11-13 20:40:30,405 [ForkJoinPool.commonPool-worker-1] INFO  impl.RaftServerImpl (RaftServerImpl.java:lambda$shutdown$3(250)) - 2929643e-7442-4794-a56e-1c38ca296261@group-F1C2C1597C11: shutdown
2019-11-13 20:40:30,405 [ForkJoinPool.commonPool-worker-1] INFO  util.JmxRegister (JmxRegister.java:unregister(73)) - Successfully un-registered JMX Bean with object name Ratis:service=RaftServer,group=group-F1C2C1597C11,id=2929643e-7442-4794-a56e-1c38ca296261
2019-11-13 20:40:30,405 [main] INFO  ozoneimpl.OzoneContainer (OzoneContainer.java:stop(244)) - Attempting to stop container services.
2019-11-13 20:40:30,405 [ForkJoinPool.commonPool-worker-1] INFO  impl.RoleInfo (RoleInfo.java:shutdownLeaderState(104)) - 2929643e-7442-4794-a56e-1c38ca296261: shutdown LeaderState
2019-11-13 20:40:30,406 [main] INFO  impl.RaftServerProxy (RaftServerProxy.java:lambda$close$4(314)) - 777bd53d-1b96-45c1-9d99-437e419e4ea1: close
2019-11-13 20:40:30,406 [ForkJoinPool.commonPool-worker-1] INFO  impl.PendingRequests (PendingRequests.java:sendNotLeaderResponses(206)) - 2929643e-7442-4794-a56e-1c38ca296261@group-F1C2C1597C11-PendingRequests: sendNotLeaderResponses
2019-11-13 20:40:30,406 [main] INFO  impl.RaftServerImpl (RaftServerImpl.java:lambda$shutdown$3(250)) - 777bd53d-1b96-45c1-9d99-437e419e4ea1@group-7A44C2229B30: shutdown
2019-11-13 20:40:30,406 [ForkJoinPool.commonPool-worker-1] INFO  impl.StateMachineUpdater (StateMachineUpdater.java:stopAndJoin(136)) - 2929643e-7442-4794-a56e-1c38ca296261@group-F1C2C1597C11-StateMachineUpdater: set stopIndex = 0
2019-11-13 20:40:30,406 [main] INFO  util.JmxRegister (JmxRegister.java:unregister(73)) - Successfully un-registered JMX Bean with object name Ratis:service=RaftServer,group=group-7A44C2229B30,id=777bd53d-1b96-45c1-9d99-437e419e4ea1
2019-11-13 20:40:30,407 [main] INFO  impl.RoleInfo (RoleInfo.java:shutdownLeaderState(104)) - 777bd53d-1b96-45c1-9d99-437e419e4ea1: shutdown LeaderState
2019-11-13 20:40:30,407 [main] INFO  impl.PendingRequests (PendingRequests.java:sendNotLeaderResponses(206)) - 777bd53d-1b96-45c1-9d99-437e419e4ea1@group-7A44C2229B30-PendingRequests: sendNotLeaderResponses
2019-11-13 20:40:30,407 [ForkJoinPool.commonPool-worker-1] INFO  impl.RaftServerImpl (ServerState.java:close(387)) - 2929643e-7442-4794-a56e-1c38ca296261@group-F1C2C1597C11: closes. applyIndex: 0
2019-11-13 20:40:30,407 [main] INFO  impl.StateMachineUpdater (StateMachineUpdater.java:stopAndJoin(136)) - 777bd53d-1b96-45c1-9d99-437e419e4ea1@group-7A44C2229B30-StateMachineUpdater: set stopIndex = 0
2019-11-13 20:40:30,408 [main] INFO  impl.RaftServerImpl (ServerState.java:close(387)) - 777bd53d-1b96-45c1-9d99-437e419e4ea1@group-7A44C2229B30: closes. applyIndex: 0
2019-11-13 20:40:30,408 [2929643e-7442-4794-a56e-1c38ca296261@group-F1C2C1597C11-SegmentedRaftLogWorker] INFO  segmented.SegmentedRaftLogWorker (SegmentedRaftLogWorker.java:run(316)) - 2929643e-7442-4794-a56e-1c38ca296261@group-F1C2C1597C11-SegmentedRaftLogWorker was interrupted, exiting. There are 0 tasks remaining in the queue.
2019-11-13 20:40:30,408 [777bd53d-1b96-45c1-9d99-437e419e4ea1@group-7A44C2229B30-SegmentedRaftLogWorker] INFO  segmented.SegmentedRaftLogWorker (SegmentedRaftLogWorker.java:run(316)) - 777bd53d-1b96-45c1-9d99-437e419e4ea1@group-7A44C2229B30-SegmentedRaftLogWorker was interrupted, exiting. There are 0 tasks remaining in the queue.
2019-11-13 20:40:30,408 [ForkJoinPool.commonPool-worker-1] INFO  segmented.SegmentedRaftLogWorker (SegmentedRaftLogWorker.java:close(224)) - 2929643e-7442-4794-a56e-1c38ca296261@group-F1C2C1597C11-SegmentedRaftLogWorker close()
2019-11-13 20:40:30,408 [main] INFO  segmented.SegmentedRaftLogWorker (SegmentedRaftLogWorker.java:close(224)) - 777bd53d-1b96-45c1-9d99-437e419e4ea1@group-7A44C2229B30-SegmentedRaftLogWorker close()
2019-11-13 20:40:30,409 [ForkJoinPool.commonPool-worker-1] INFO  impl.RaftServerImpl (RaftServerImpl.java:lambda$shutdown$3(250)) - 2929643e-7442-4794-a56e-1c38ca296261@group-1F54BEB118E4: shutdown
2019-11-13 20:40:30,409 [main] INFO  impl.RaftServerImpl (RaftServerImpl.java:lambda$shutdown$3(250)) - 777bd53d-1b96-45c1-9d99-437e419e4ea1@group-DA587B7DE557: shutdown
2019-11-13 20:40:30,409 [ForkJoinPool.commonPool-worker-1] INFO  util.JmxRegister (JmxRegister.java:unregister(73)) - Successfully un-registered JMX Bean with object name Ratis:service=RaftServer,group=group-1F54BEB118E4,id=2929643e-7442-4794-a56e-1c38ca296261
2019-11-13 20:40:30,409 [main] INFO  util.JmxRegister (JmxRegister.java:unregister(73)) - Successfully un-registered JMX Bean with object name Ratis:service=RaftServer,group=group-DA587B7DE557,id=777bd53d-1b96-45c1-9d99-437e419e4ea1
2019-11-13 20:40:30,409 [ForkJoinPool.commonPool-worker-1] INFO  impl.RoleInfo (RoleInfo.java:shutdownLeaderState(104)) - 2929643e-7442-4794-a56e-1c38ca296261: shutdown LeaderState
2019-11-13 20:40:30,410 [main] INFO  impl.RoleInfo (RoleInfo.java:shutdownFollowerState(121)) - 777bd53d-1b96-45c1-9d99-437e419e4ea1: shutdown FollowerState
2019-11-13 20:40:30,415 [org.apache.ratis.server.impl.LogAppender$AppenderDaemon$$Lambda$478/1368138073@3656d8d8] WARN  server.GrpcLogAppender (GrpcLogAppender.java:mayWait(151)) - 2929643e-7442-4794-a56e-1c38ca296261@group-1F54BEB118E4->63c5c595-8d4c-4001-b46d-6e0cbb5b9d3c-GrpcLogAppender: Wait interrupted by java.lang.InterruptedException
2019-11-13 20:40:30,415 [org.apache.ratis.server.impl.LogAppender$AppenderDaemon$$Lambda$478/1368138073@73544076] WARN  server.GrpcLogAppender (GrpcLogAppender.java:mayWait(151)) - 2929643e-7442-4794-a56e-1c38ca296261@group-1F54BEB118E4->dce7850f-9f3d-4223-ba72-4d8238cab252-GrpcLogAppender: Wait interrupted by java.lang.InterruptedException
2019-11-13 20:40:30,415 [ForkJoinPool.commonPool-worker-1] INFO  impl.PendingRequests (PendingRequests.java:sendNotLeaderResponses(206)) - 2929643e-7442-4794-a56e-1c38ca296261@group-1F54BEB118E4-PendingRequests: sendNotLeaderResponses
2019-11-13 20:40:30,416 [Thread-4186] INFO  impl.FollowerState (FollowerState.java:run(120)) - 777bd53d-1b96-45c1-9d99-437e419e4ea1@group-DA587B7DE557-FollowerState was interrupted: java.lang.InterruptedException: sleep interrupted
2019-11-13 20:40:30,415 [main] INFO  impl.StateMachineUpdater (StateMachineUpdater.java:stopAndJoin(136)) - 777bd53d-1b96-45c1-9d99-437e419e4ea1@group-DA587B7DE557-StateMachineUpdater: set stopIndex = 0
2019-11-13 20:40:30,424 [ForkJoinPool.commonPool-worker-1] INFO  impl.StateMachineUpdater (StateMachineUpdater.java:stopAndJoin(136)) - 2929643e-7442-4794-a56e-1c38ca296261@group-1F54BEB118E4-StateMachineUpdater: set stopIndex = 6
2019-11-13 20:40:30,418 [grpc-default-executor-1] INFO  server.GrpcServerProtocolService (GrpcServerProtocolService.java:onCompleted(113)) - 63c5c595-8d4c-4001-b46d-6e0cbb5b9d3c: Completed APPEND_ENTRIES, lastRequest: 2929643e-7442-4794-a56e-1c38ca296261->63c5c595-8d4c-4001-b46d-6e0cbb5b9d3c#35-t1, previous=(t:1, i:6), leaderCommit=6, initializing? false, entries: <empty>
2019-11-13 20:40:30,418 [grpc-default-executor-2] INFO  server.GrpcServerProtocolService (GrpcServerProtocolService.java:onCompleted(113)) - dce7850f-9f3d-4223-ba72-4d8238cab252: Completed APPEND_ENTRIES, lastRequest: 2929643e-7442-4794-a56e-1c38ca296261->dce7850f-9f3d-4223-ba72-4d8238cab252#35-t1, previous=(t:1, i:6), leaderCommit=6, initializing? false, entries: <empty>
2019-11-13 20:40:30,424 [2929643e-7442-4794-a56e-1c38ca296261@group-1F54BEB118E4-StateMachineUpdater] INFO  ratis.ContainerStateMachine (ContainerStateMachine.java:takeSnapshot(285)) - group-1F54BEB118E4: Taking a snapshot at:(t:1, i:6) file /workdir/hadoop-ozone/integration-test/target/test-dir/MiniOzoneClusterImpl-23a5d35f-12cc-4157-b83c-481d86791456/datanode-3/data/ratis/acc2acbb-a4d5-4292-8026-1f54beb118e4/sm/snapshot.1_6
2019-11-13 20:40:30,424 [main] INFO  impl.RaftServerImpl (ServerState.java:close(387)) - 777bd53d-1b96-45c1-9d99-437e419e4ea1@group-DA587B7DE557: closes. applyIndex: 0
2019-11-13 20:40:30,425 [grpc-default-executor-1] INFO  server.GrpcLogAppender (GrpcLogAppender.java:onCompleted(308)) - 2929643e-7442-4794-a56e-1c38ca296261@group-1F54BEB118E4->63c5c595-8d4c-4001-b46d-6e0cbb5b9d3c-AppendLogResponseHandler: follower responses appendEntries COMPLETED
2019-11-13 20:40:30,425 [grpc-default-executor-2] INFO  server.GrpcLogAppender (GrpcLogAppender.java:onCompleted(308)) - 2929643e-7442-4794-a56e-1c38ca296261@group-1F54BEB118E4->dce7850f-9f3d-4223-ba72-4d8238cab252-AppendLogResponseHandler: follower responses appendEntries COMPLETED
2019-11-13 20:40:30,425 [777bd53d-1b96-45c1-9d99-437e419e4ea1@group-DA587B7DE557-SegmentedRaftLogWorker] INFO  segmented.SegmentedRaftLogWorker (SegmentedRaftLogWorker.java:run(316)) - 777bd53d-1b96-45c1-9d99-437e419e4ea1@group-DA587B7DE557-SegmentedRaftLogWorker was interrupted, exiting. There are 0 tasks remaining in the queue.
2019-11-13 20:40:30,425 [main] INFO  segmented.SegmentedRaftLogWorker (SegmentedRaftLogWorker.java:close(224)) - 777bd53d-1b96-45c1-9d99-437e419e4ea1@group-DA587B7DE557-SegmentedRaftLogWorker close()
2019-11-13 20:40:30,426 [grpc-default-executor-2] INFO  impl.FollowerInfo (FollowerInfo.java:lambda$new$0(51)) - 2929643e-7442-4794-a56e-1c38ca296261@group-1F54BEB118E4->dce7850f-9f3d-4223-ba72-4d8238cab252: nextIndex: updateUnconditionally 7 -> 6
2019-11-13 20:40:30,426 [grpc-default-executor-1] INFO  impl.FollowerInfo (FollowerInfo.java:lambda$new$0(51)) - 2929643e-7442-4794-a56e-1c38ca296261@group-1F54BEB118E4->63c5c595-8d4c-4001-b46d-6e0cbb5b9d3c: nextIndex: updateUnconditionally 7 -> 6
2019-11-13 20:40:30,426 [main] INFO  server.GrpcService (GrpcService.java:closeImpl(164)) - 777bd53d-1b96-45c1-9d99-437e419e4ea1: shutdown server with port 43853 now
2019-11-13 20:40:30,427 [grpc-default-executor-2] WARN  server.GrpcServerProtocolService (LogUtils.java:warn(134)) - 777bd53d-1b96-45c1-9d99-437e419e4ea1: installSnapshot onError, lastRequest: 405db254-2a77-41b8-bcbc-61d002fbc757->777bd53d-1b96-45c1-9d99-437e419e4ea1#31-t1, previous=(t:1, i:0), leaderCommit=0, initializing? false, entries: <empty>: org.apache.ratis.thirdparty.io.grpc.StatusRuntimeException: CANCELLED: cancelled before receiving half close
2019-11-13 20:40:30,427 [main] INFO  server.GrpcService (GrpcService.java:closeImpl(172)) - 777bd53d-1b96-45c1-9d99-437e419e4ea1: shutdown server with port 43853 successfully
2019-11-13 20:40:30,427 [grpc-default-executor-1] WARN  server.GrpcLogAppender (LogUtils.java:warn(134)) - 405db254-2a77-41b8-bcbc-61d002fbc757@group-DA587B7DE557->777bd53d-1b96-45c1-9d99-437e419e4ea1-AppendLogResponseHandler: Failed appendEntries: org.apache.ratis.thirdparty.io.grpc.StatusRuntimeException: CANCELLED: HTTP/2 error code: CANCEL
Received Rst Stream
2019-11-13 20:40:30,427 [grpc-default-executor-1] INFO  impl.FollowerInfo (FollowerInfo.java:lambda$new$0(51)) - 405db254-2a77-41b8-bcbc-61d002fbc757@group-DA587B7DE557->777bd53d-1b96-45c1-9d99-437e419e4ea1: nextIndex: updateUnconditionally 1 -> 0
2019-11-13 20:40:30,434 [refreshUsed-/workdir/hadoop-ozone/integration-test/target/test-dir/MiniOzoneClusterImpl-23a5d35f-12cc-4157-b83c-481d86791456/datanode-8/data/containers] WARN  fs.CachingGetSpaceUsed (CachingGetSpaceUsed.java:run(183)) - Thread Interrupted waiting to refresh disk information: sleep interrupted
2019-11-13 20:40:30,438 [2929643e-7442-4794-a56e-1c38ca296261@group-1F54BEB118E4-StateMachineUpdater] INFO  ratis.ContainerStateMachine (ContainerStateMachine.java:takeSnapshot(296)) - group-1F54BEB118E4: Finished taking a snapshot at:(t:1, i:6) file:/workdir/hadoop-ozone/integration-test/target/test-dir/MiniOzoneClusterImpl-23a5d35f-12cc-4157-b83c-481d86791456/datanode-3/data/ratis/acc2acbb-a4d5-4292-8026-1f54beb118e4/sm/snapshot.1_6 time:14
2019-11-13 20:40:30,438 [2929643e-7442-4794-a56e-1c38ca296261@group-1F54BEB118E4-StateMachineUpdater] INFO  impl.StateMachineUpdater (StateMachineUpdater.java:takeSnapshot(269)) - 2929643e-7442-4794-a56e-1c38ca296261@group-1F54BEB118E4-StateMachineUpdater: Took a snapshot at index 6
2019-11-13 20:40:30,438 [2929643e-7442-4794-a56e-1c38ca296261@group-1F54BEB118E4-StateMachineUpdater] INFO  impl.StateMachineUpdater (StateMachineUpdater.java:lambda$new$0(84)) - 2929643e-7442-4794-a56e-1c38ca296261@group-1F54BEB118E4-StateMachineUpdater: snapshotIndex: updateIncreasingly -1 -> 6
2019-11-13 20:40:30,439 [ForkJoinPool.commonPool-worker-1] INFO  impl.RaftServerImpl (ServerState.java:close(387)) - 2929643e-7442-4794-a56e-1c38ca296261@group-1F54BEB118E4: closes. applyIndex: 6
2019-11-13 20:40:30,439 [2929643e-7442-4794-a56e-1c38ca296261@group-1F54BEB118E4-SegmentedRaftLogWorker] INFO  segmented.SegmentedRaftLogWorker (SegmentedRaftLogWorker.java:run(316)) - 2929643e-7442-4794-a56e-1c38ca296261@group-1F54BEB118E4-SegmentedRaftLogWorker was interrupted, exiting. There are 0 tasks remaining in the queue.
2019-11-13 20:40:30,439 [ForkJoinPool.commonPool-worker-1] INFO  segmented.SegmentedRaftLogWorker (SegmentedRaftLogWorker.java:close(224)) - 2929643e-7442-4794-a56e-1c38ca296261@group-1F54BEB118E4-SegmentedRaftLogWorker close()
2019-11-13 20:40:30,441 [ForkJoinPool.commonPool-worker-1] INFO  server.GrpcService (GrpcService.java:closeImpl(164)) - 2929643e-7442-4794-a56e-1c38ca296261: shutdown server with port 43198 now
2019-11-13 20:40:30,442 [ForkJoinPool.commonPool-worker-1] INFO  server.GrpcService (GrpcService.java:closeImpl(172)) - 2929643e-7442-4794-a56e-1c38ca296261: shutdown server with port 43198 successfully
2019-11-13 20:40:30,443 [refreshUsed-/workdir/hadoop-ozone/integration-test/target/test-dir/MiniOzoneClusterImpl-23a5d35f-12cc-4157-b83c-481d86791456/datanode-3/data/containers] WARN  fs.CachingGetSpaceUsed (CachingGetSpaceUsed.java:run(183)) - Thread Interrupted waiting to refresh disk information: sleep interrupted
2019-11-13 20:40:30,451 [main] INFO  utils.BackgroundService (BackgroundService.java:shutdown(151)) - Shutting down service BlockDeletingService
2019-11-13 20:40:30,453 [main] INFO  statemachine.DatanodeStateMachine (DatanodeStateMachine.java:stopDaemon(395)) - Ozone container server stopped.
2019-11-13 20:40:30,454 [main] INFO  handler.ContextHandler (ContextHandler.java:doStop(910)) - Stopped o.e.j.w.WebAppContext@4f5c30b1{/,null,UNAVAILABLE}{/hddsDatanode}
2019-11-13 20:40:30,455 [main] INFO  server.AbstractConnector (AbstractConnector.java:doStop(318)) - Stopped ServerConnector@62e73ab6{HTTP/1.1,[http/1.1]}{0.0.0.0:0}
2019-11-13 20:40:30,455 [main] INFO  handler.ContextHandler (ContextHandler.java:doStop(910)) - Stopped o.e.j.s.ServletContextHandler@33bdd01{/static,jar:file:/home/user/.m2/repository/org/apache/hadoop/hadoop-hdds-container-service/0.5.0-SNAPSHOT/hadoop-hdds-container-service-0.5.0-SNAPSHOT.jar!/webapps/static,UNAVAILABLE}
2019-11-13 20:40:30,455 [main] INFO  handler.ContextHandler (ContextHandler.java:doStop(910)) - Stopped o.e.j.s.ServletContextHandler@21d9cd04{/logs,file:///workdir/hadoop-ozone/integration-test/target/log,UNAVAILABLE}
2019-11-13 20:40:30,462 [ForkJoinPool.commonPool-worker-1] INFO  utils.BackgroundService (BackgroundService.java:shutdown(151)) - Shutting down service BlockDeletingService
2019-11-13 20:40:30,463 [ForkJoinPool.commonPool-worker-1] INFO  statemachine.DatanodeStateMachine (DatanodeStateMachine.java:stopDaemon(395)) - Ozone container server stopped.
2019-11-13 20:40:30,466 [ForkJoinPool.commonPool-worker-1] INFO  handler.ContextHandler (ContextHandler.java:doStop(910)) - Stopped o.e.j.w.WebAppContext@77c66a4f{/,null,UNAVAILABLE}{/hddsDatanode}
2019-11-13 20:40:30,467 [ForkJoinPool.commonPool-worker-1] INFO  server.AbstractConnector (AbstractConnector.java:doStop(318)) - Stopped ServerConnector@649b5891{HTTP/1.1,[http/1.1]}{0.0.0.0:0}
2019-11-13 20:40:30,468 [ForkJoinPool.commonPool-worker-1] INFO  handler.ContextHandler (ContextHandler.java:doStop(910)) - Stopped o.e.j.s.ServletContextHandler@5b066c33{/static,jar:file:/home/user/.m2/repository/org/apache/hadoop/hadoop-hdds-container-service/0.5.0-SNAPSHOT/hadoop-hdds-container-service-0.5.0-SNAPSHOT.jar!/webapps/static,UNAVAILABLE}
2019-11-13 20:40:30,469 [ForkJoinPool.commonPool-worker-1] INFO  handler.ContextHandler (ContextHandler.java:doStop(910)) - Stopped o.e.j.s.ServletContextHandler@79cb8ffa{/logs,file:///workdir/hadoop-ozone/integration-test/target/log,UNAVAILABLE}
2019-11-13 20:40:30,716 [grpc-default-executor-4] WARN  server.GrpcLogAppender (LogUtils.java:warn(134)) - 405db254-2a77-41b8-bcbc-61d002fbc757@group-DA587B7DE557->a0d01d6c-1588-47d8-b58d-5bdc55d47431-AppendLogResponseHandler: Failed appendEntries: org.apache.ratis.thirdparty.io.grpc.StatusRuntimeException: UNAVAILABLE: io exception
2019-11-13 20:40:30,717 [grpc-default-executor-4] INFO  impl.FollowerInfo (FollowerInfo.java:lambda$new$0(51)) - 405db254-2a77-41b8-bcbc-61d002fbc757@group-DA587B7DE557->a0d01d6c-1588-47d8-b58d-5bdc55d47431: nextIndex: updateUnconditionally 0 -> 0
2019-11-13 20:40:30,726 [grpc-default-executor-2] WARN  server.GrpcLogAppender (LogUtils.java:warn(134)) - 405db254-2a77-41b8-bcbc-61d002fbc757@group-DA587B7DE557->777bd53d-1b96-45c1-9d99-437e419e4ea1-AppendLogResponseHandler: Failed appendEntries: org.apache.ratis.thirdparty.io.grpc.StatusRuntimeException: UNAVAILABLE: io exception
2019-11-13 20:40:30,726 [grpc-default-executor-2] INFO  impl.FollowerInfo (FollowerInfo.java:lambda$new$0(51)) - 405db254-2a77-41b8-bcbc-61d002fbc757@group-DA587B7DE557->777bd53d-1b96-45c1-9d99-437e419e4ea1: nextIndex: updateUnconditionally 0 -> 0
2019-11-13 20:40:30,875 [grpc-default-executor-1] WARN  server.GrpcLogAppender (LogUtils.java:warn(134)) - 11bf945c-44a0-4fdd-85a2-60a349617ab7@group-B74ABADDE9AD->e207fbae-fd28-42f6-9bb4-297c35844d9f-AppendLogResponseHandler: Failed appendEntries: org.apache.ratis.thirdparty.io.grpc.StatusRuntimeException: UNAVAILABLE: io exception
2019-11-13 20:40:30,875 [grpc-default-executor-1] INFO  impl.FollowerInfo (FollowerInfo.java:lambda$new$0(51)) - 11bf945c-44a0-4fdd-85a2-60a349617ab7@group-B74ABADDE9AD->e207fbae-fd28-42f6-9bb4-297c35844d9f: nextIndex: updateUnconditionally 0 -> 0
2019-11-13 20:40:30,943 [Datanode State Machine Thread - 0] INFO  statemachine.DatanodeStateMachine (DatanodeStateMachine.java:lambda$startDaemon$0(350)) - Ozone container server started.
2019-11-13 20:40:31,049 [Datanode State Machine Thread - 0] INFO  statemachine.DatanodeStateMachine (DatanodeStateMachine.java:lambda$startDaemon$0(350)) - Ozone container server started.
2019-11-13 20:40:31,217 [grpc-default-executor-2] WARN  server.GrpcLogAppender (LogUtils.java:warn(134)) - 405db254-2a77-41b8-bcbc-61d002fbc757@group-DA587B7DE557->a0d01d6c-1588-47d8-b58d-5bdc55d47431-AppendLogResponseHandler: Failed appendEntries: org.apache.ratis.thirdparty.io.grpc.StatusRuntimeException: UNAVAILABLE: io exception
2019-11-13 20:40:31,217 [grpc-default-executor-2] INFO  impl.FollowerInfo (FollowerInfo.java:lambda$new$0(51)) - 405db254-2a77-41b8-bcbc-61d002fbc757@group-DA587B7DE557->a0d01d6c-1588-47d8-b58d-5bdc55d47431: nextIndex: updateUnconditionally 0 -> 0
2019-11-13 20:40:31,226 [grpc-default-executor-2] WARN  server.GrpcLogAppender (LogUtils.java:warn(134)) - 405db254-2a77-41b8-bcbc-61d002fbc757@group-DA587B7DE557->777bd53d-1b96-45c1-9d99-437e419e4ea1-AppendLogResponseHandler: Failed appendEntries: org.apache.ratis.thirdparty.io.grpc.StatusRuntimeException: UNAVAILABLE: io exception
2019-11-13 20:40:31,226 [grpc-default-executor-2] INFO  impl.FollowerInfo (FollowerInfo.java:lambda$new$0(51)) - 405db254-2a77-41b8-bcbc-61d002fbc757@group-DA587B7DE557->777bd53d-1b96-45c1-9d99-437e419e4ea1: nextIndex: updateUnconditionally 0 -> 0
2019-11-13 20:40:31,242 [Thread-4224] INFO  impl.FollowerState (FollowerState.java:run(111)) - dce7850f-9f3d-4223-ba72-4d8238cab252@group-1F54BEB118E4-FollowerState: change to CANDIDATE, lastRpcTime:1123ms, electionTimeout:1021ms
2019-11-13 20:40:31,242 [Thread-4224] INFO  impl.RoleInfo (RoleInfo.java:shutdownFollowerState(121)) - dce7850f-9f3d-4223-ba72-4d8238cab252: shutdown FollowerState
2019-11-13 20:40:31,243 [Thread-4224] INFO  impl.RaftServerImpl (RaftServerImpl.java:setRole(173)) - dce7850f-9f3d-4223-ba72-4d8238cab252@group-1F54BEB118E4: changes role from  FOLLOWER to CANDIDATE at term 1 for changeToCandidate
2019-11-13 20:40:31,243 [Thread-4224] INFO  impl.RoleInfo (RoleInfo.java:updateAndGet(143)) - dce7850f-9f3d-4223-ba72-4d8238cab252: start LeaderElection
2019-11-13 20:40:31,243 [dce7850f-9f3d-4223-ba72-4d8238cab252@group-1F54BEB118E4-LeaderElection176] INFO  impl.RaftServerImpl (ServerState.java:setLeader(255)) - dce7850f-9f3d-4223-ba72-4d8238cab252@group-1F54BEB118E4: change Leader from 2929643e-7442-4794-a56e-1c38ca296261 to null at term 1 for initElection
2019-11-13 20:40:31,253 [dce7850f-9f3d-4223-ba72-4d8238cab252@group-1F54BEB118E4-LeaderElection176] INFO  impl.LeaderElection (LeaderElection.java:askForVotes(178)) - dce7850f-9f3d-4223-ba72-4d8238cab252@group-1F54BEB118E4-LeaderElection176: begin an election at term 2 for 0: [63c5c595-8d4c-4001-b46d-6e0cbb5b9d3c:192.168.34.20:42027, 2929643e-7442-4794-a56e-1c38ca296261:192.168.34.20:43198, dce7850f-9f3d-4223-ba72-4d8238cab252:192.168.34.20:38603], old=null
2019-11-13 20:40:31,255 [dce7850f-9f3d-4223-ba72-4d8238cab252@group-1F54BEB118E4-LeaderElection176] INFO  impl.LeaderElection (LogUtils.java:infoOrTrace(149)) - dce7850f-9f3d-4223-ba72-4d8238cab252@group-1F54BEB118E4-LeaderElection176 got exception when requesting votes: {}
java.util.concurrent.ExecutionException: org.apache.ratis.thirdparty.io.grpc.StatusRuntimeException: UNAVAILABLE: io exception
	at java.util.concurrent.FutureTask.report(FutureTask.java:122)
	at java.util.concurrent.FutureTask.get(FutureTask.java:192)
	at org.apache.ratis.server.impl.LeaderElection.waitForResults(LeaderElection.java:259)
	at org.apache.ratis.server.impl.LeaderElection.askForVotes(LeaderElection.java:197)
	at org.apache.ratis.server.impl.LeaderElection.run(LeaderElection.java:133)
	at java.lang.Thread.run(Thread.java:748)
Caused by: org.apache.ratis.thirdparty.io.grpc.StatusRuntimeException: UNAVAILABLE: io exception
	at org.apache.ratis.thirdparty.io.grpc.stub.ClientCalls.toStatusRuntimeException(ClientCalls.java:233)
	at org.apache.ratis.thirdparty.io.grpc.stub.ClientCalls.getUnchecked(ClientCalls.java:214)
	at org.apache.ratis.thirdparty.io.grpc.stub.ClientCalls.blockingUnaryCall(ClientCalls.java:139)
	at org.apache.ratis.proto.grpc.RaftServerProtocolServiceGrpc$RaftServerProtocolServiceBlockingStub.requestVote(RaftServerProtocolServiceGrpc.java:265)
	at org.apache.ratis.grpc.server.GrpcServerProtocolClient.requestVote(GrpcServerProtocolClient.java:99)
	at org.apache.ratis.grpc.server.GrpcService.requestVote(GrpcService.java:204)
	at org.apache.ratis.server.impl.LeaderElection.lambda$submitRequests$1(LeaderElection.java:234)
	at java.util.concurrent.FutureTask.run(FutureTask.java:266)
	at java.util.concurrent.Executors$RunnableAdapter.call(Executors.java:511)
	at java.util.concurrent.FutureTask.run(FutureTask.java:266)
	at java.util.concurrent.ThreadPoolExecutor.runWorker(ThreadPoolExecutor.java:1149)
	at java.util.concurrent.ThreadPoolExecutor$Worker.run(ThreadPoolExecutor.java:624)
	... 1 more
Caused by: org.apache.ratis.thirdparty.io.netty.channel.AbstractChannel$AnnotatedConnectException: Connection refused: /192.168.34.20:43198
	at sun.nio.ch.SocketChannelImpl.checkConnect(Native Method)
	at sun.nio.ch.SocketChannelImpl.finishConnect(SocketChannelImpl.java:717)
	at org.apache.ratis.thirdparty.io.netty.channel.socket.nio.NioSocketChannel.doFinishConnect(NioSocketChannel.java:327)
	at org.apache.ratis.thirdparty.io.netty.channel.nio.AbstractNioChannel$AbstractNioUnsafe.finishConnect(AbstractNioChannel.java:340)
	at org.apache.ratis.thirdparty.io.netty.channel.nio.NioEventLoop.processSelectedKey(NioEventLoop.java:632)
	at org.apache.ratis.thirdparty.io.netty.channel.nio.NioEventLoop.processSelectedKeysOptimized(NioEventLoop.java:579)
	at org.apache.ratis.thirdparty.io.netty.channel.nio.NioEventLoop.processSelectedKeys(NioEventLoop.java:496)
	at org.apache.ratis.thirdparty.io.netty.channel.nio.NioEventLoop.run(NioEventLoop.java:458)
	at org.apache.ratis.thirdparty.io.netty.util.concurrent.SingleThreadEventExecutor$5.run(SingleThreadEventExecutor.java:897)
	at org.apache.ratis.thirdparty.io.netty.util.concurrent.FastThreadLocalRunnable.run(FastThreadLocalRunnable.java:30)
	... 1 more
Caused by: java.net.ConnectException: Connection refused
	... 11 more
2019-11-13 20:40:31,258 [grpc-default-executor-1] INFO  impl.RaftServerImpl (ServerState.java:setLeader(255)) - 63c5c595-8d4c-4001-b46d-6e0cbb5b9d3c@group-1F54BEB118E4: change Leader from 2929643e-7442-4794-a56e-1c38ca296261 to null at term 2 for updateCurrentTerm
2019-11-13 20:40:31,258 [grpc-default-executor-1] INFO  impl.RaftServerImpl (RaftServerImpl.java:setRole(173)) - 63c5c595-8d4c-4001-b46d-6e0cbb5b9d3c@group-1F54BEB118E4: changes role from  FOLLOWER to FOLLOWER at term 2 for recognizeCandidate:dce7850f-9f3d-4223-ba72-4d8238cab252
2019-11-13 20:40:31,258 [grpc-default-executor-1] INFO  impl.RoleInfo (RoleInfo.java:shutdownFollowerState(121)) - 63c5c595-8d4c-4001-b46d-6e0cbb5b9d3c: shutdown FollowerState
2019-11-13 20:40:31,258 [grpc-default-executor-1] INFO  impl.RoleInfo (RoleInfo.java:updateAndGet(143)) - 63c5c595-8d4c-4001-b46d-6e0cbb5b9d3c: start FollowerState
2019-11-13 20:40:31,258 [Thread-4223] INFO  impl.FollowerState (FollowerState.java:run(120)) - 63c5c595-8d4c-4001-b46d-6e0cbb5b9d3c@group-1F54BEB118E4-FollowerState was interrupted: java.lang.InterruptedException: sleep interrupted
2019-11-13 20:40:31,271 [dce7850f-9f3d-4223-ba72-4d8238cab252@group-1F54BEB118E4-LeaderElection176] INFO  impl.LeaderElection (LeaderElection.java:logAndReturn(56)) - dce7850f-9f3d-4223-ba72-4d8238cab252@group-1F54BEB118E4-LeaderElection176: Election PASSED; received 1 response(s) [dce7850f-9f3d-4223-ba72-4d8238cab252<-63c5c595-8d4c-4001-b46d-6e0cbb5b9d3c#0:OK-t2] and 1 exception(s); dce7850f-9f3d-4223-ba72-4d8238cab252@group-1F54BEB118E4:t2, leader=null, voted=dce7850f-9f3d-4223-ba72-4d8238cab252, raftlog=dce7850f-9f3d-4223-ba72-4d8238cab252@group-1F54BEB118E4-SegmentedRaftLog:OPENED:c6,f6,i6, conf=0: [63c5c595-8d4c-4001-b46d-6e0cbb5b9d3c:192.168.34.20:42027, 2929643e-7442-4794-a56e-1c38ca296261:192.168.34.20:43198, dce7850f-9f3d-4223-ba72-4d8238cab252:192.168.34.20:38603], old=null
2019-11-13 20:40:31,271 [dce7850f-9f3d-4223-ba72-4d8238cab252@group-1F54BEB118E4-LeaderElection176] INFO  impl.LeaderElection (LogUtils.java:infoOrTrace(149)) -   Exception 0: {}
java.util.concurrent.ExecutionException: org.apache.ratis.thirdparty.io.grpc.StatusRuntimeException: UNAVAILABLE: io exception
	at java.util.concurrent.FutureTask.report(FutureTask.java:122)
	at java.util.concurrent.FutureTask.get(FutureTask.java:192)
	at org.apache.ratis.server.impl.LeaderElection.waitForResults(LeaderElection.java:259)
	at org.apache.ratis.server.impl.LeaderElection.askForVotes(LeaderElection.java:197)
	at org.apache.ratis.server.impl.LeaderElection.run(LeaderElection.java:133)
	at java.lang.Thread.run(Thread.java:748)
Caused by: org.apache.ratis.thirdparty.io.grpc.StatusRuntimeException: UNAVAILABLE: io exception
	at org.apache.ratis.thirdparty.io.grpc.stub.ClientCalls.toStatusRuntimeException(ClientCalls.java:233)
	at org.apache.ratis.thirdparty.io.grpc.stub.ClientCalls.getUnchecked(ClientCalls.java:214)
	at org.apache.ratis.thirdparty.io.grpc.stub.ClientCalls.blockingUnaryCall(ClientCalls.java:139)
	at org.apache.ratis.proto.grpc.RaftServerProtocolServiceGrpc$RaftServerProtocolServiceBlockingStub.requestVote(RaftServerProtocolServiceGrpc.java:265)
	at org.apache.ratis.grpc.server.GrpcServerProtocolClient.requestVote(GrpcServerProtocolClient.java:99)
	at org.apache.ratis.grpc.server.GrpcService.requestVote(GrpcService.java:204)
	at org.apache.ratis.server.impl.LeaderElection.lambda$submitRequests$1(LeaderElection.java:234)
	at java.util.concurrent.FutureTask.run(FutureTask.java:266)
	at java.util.concurrent.Executors$RunnableAdapter.call(Executors.java:511)
	at java.util.concurrent.FutureTask.run(FutureTask.java:266)
	at java.util.concurrent.ThreadPoolExecutor.runWorker(ThreadPoolExecutor.java:1149)
	at java.util.concurrent.ThreadPoolExecutor$Worker.run(ThreadPoolExecutor.java:624)
	... 1 more
Caused by: org.apache.ratis.thirdparty.io.netty.channel.AbstractChannel$AnnotatedConnectException: Connection refused: /192.168.34.20:43198
	at sun.nio.ch.SocketChannelImpl.checkConnect(Native Method)
	at sun.nio.ch.SocketChannelImpl.finishConnect(SocketChannelImpl.java:717)
	at org.apache.ratis.thirdparty.io.netty.channel.socket.nio.NioSocketChannel.doFinishConnect(NioSocketChannel.java:327)
	at org.apache.ratis.thirdparty.io.netty.channel.nio.AbstractNioChannel$AbstractNioUnsafe.finishConnect(AbstractNioChannel.java:340)
	at org.apache.ratis.thirdparty.io.netty.channel.nio.NioEventLoop.processSelectedKey(NioEventLoop.java:632)
	at org.apache.ratis.thirdparty.io.netty.channel.nio.NioEventLoop.processSelectedKeysOptimized(NioEventLoop.java:579)
	at org.apache.ratis.thirdparty.io.netty.channel.nio.NioEventLoop.processSelectedKeys(NioEventLoop.java:496)
	at org.apache.ratis.thirdparty.io.netty.channel.nio.NioEventLoop.run(NioEventLoop.java:458)
	at org.apache.ratis.thirdparty.io.netty.util.concurrent.SingleThreadEventExecutor$5.run(SingleThreadEventExecutor.java:897)
	at org.apache.ratis.thirdparty.io.netty.util.concurrent.FastThreadLocalRunnable.run(FastThreadLocalRunnable.java:30)
	... 1 more
Caused by: java.net.ConnectException: Connection refused
	... 11 more
2019-11-13 20:40:31,272 [dce7850f-9f3d-4223-ba72-4d8238cab252@group-1F54BEB118E4-LeaderElection176] INFO  impl.RoleInfo (RoleInfo.java:shutdownLeaderElection(134)) - dce7850f-9f3d-4223-ba72-4d8238cab252: shutdown LeaderElection
2019-11-13 20:40:31,272 [dce7850f-9f3d-4223-ba72-4d8238cab252@group-1F54BEB118E4-LeaderElection176] INFO  impl.RaftServerImpl (RaftServerImpl.java:setRole(173)) - dce7850f-9f3d-4223-ba72-4d8238cab252@group-1F54BEB118E4: changes role from CANDIDATE to LEADER at term 2 for changeToLeader
2019-11-13 20:40:31,272 [dce7850f-9f3d-4223-ba72-4d8238cab252@group-1F54BEB118E4-LeaderElection176] INFO  ratis.XceiverServerRatis (XceiverServerRatis.java:handleLeaderChangedNotification(697)) - Leader change notification received for group: group-1F54BEB118E4 with new leaderId: dce7850f-9f3d-4223-ba72-4d8238cab252
2019-11-13 20:40:31,272 [dce7850f-9f3d-4223-ba72-4d8238cab252@group-1F54BEB118E4-LeaderElection176] INFO  impl.RaftServerImpl (ServerState.java:setLeader(255)) - dce7850f-9f3d-4223-ba72-4d8238cab252@group-1F54BEB118E4: change Leader from null to dce7850f-9f3d-4223-ba72-4d8238cab252 at term 2 for becomeLeader, leader elected after 28ms
2019-11-13 20:40:31,272 [dce7850f-9f3d-4223-ba72-4d8238cab252@group-1F54BEB118E4-LeaderElection176] INFO  server.RaftServerConfigKeys (ConfUtils.java:logGet(43)) - raft.server.staging.catchup.gap = 1000 (default)
2019-11-13 20:40:31,272 [dce7850f-9f3d-4223-ba72-4d8238cab252@group-1F54BEB118E4-LeaderElection176] INFO  server.RaftServerConfigKeys (ConfUtils.java:logGet(43)) - raft.server.rpc.sleep.time = 25ms (default)
2019-11-13 20:40:31,272 [dce7850f-9f3d-4223-ba72-4d8238cab252@group-1F54BEB118E4-LeaderElection176] INFO  server.RaftServerConfigKeys (ConfUtils.java:logGet(43)) - raft.server.write.element-limit = 4096 (default)
2019-11-13 20:40:31,273 [dce7850f-9f3d-4223-ba72-4d8238cab252@group-1F54BEB118E4-LeaderElection176] INFO  server.RaftServerConfigKeys (ConfUtils.java:logGet(43)) - raft.server.watch.timeout = 10s (default)
2019-11-13 20:40:31,273 [dce7850f-9f3d-4223-ba72-4d8238cab252@group-1F54BEB118E4-LeaderElection176] INFO  server.RaftServerConfigKeys (ConfUtils.java:logGet(43)) - raft.server.watch.timeout.denomination = 1s (default)
2019-11-13 20:40:31,273 [dce7850f-9f3d-4223-ba72-4d8238cab252@group-1F54BEB118E4-LeaderElection176] INFO  server.RaftServerConfigKeys (ConfUtils.java:logGet(43)) - raft.server.watch.element-limit = 65536 (default)
2019-11-13 20:40:31,273 [dce7850f-9f3d-4223-ba72-4d8238cab252@group-1F54BEB118E4-LeaderElection176] INFO  server.RaftServerConfigKeys (ConfUtils.java:logGet(43)) - raft.server.log.appender.snapshot.chunk.size.max = 16MB (=16777216) (default)
2019-11-13 20:40:31,273 [dce7850f-9f3d-4223-ba72-4d8238cab252@group-1F54BEB118E4-LeaderElection176] INFO  server.RaftServerConfigKeys (ConfUtils.java:logGet(43)) - raft.server.log.appender.buffer.byte-limit = 33554432 (custom)
2019-11-13 20:40:31,273 [dce7850f-9f3d-4223-ba72-4d8238cab252@group-1F54BEB118E4-LeaderElection176] INFO  server.RaftServerConfigKeys (ConfUtils.java:logGet(43)) - raft.server.log.appender.buffer.element-limit = 1 (custom)
2019-11-13 20:40:31,273 [dce7850f-9f3d-4223-ba72-4d8238cab252@group-1F54BEB118E4-LeaderElection176] INFO  grpc.GrpcConfigKeys$Server (ConfUtils.java:logGet(43)) - raft.grpc.server.leader.outstanding.appends.max = 128 (default)
2019-11-13 20:40:31,273 [dce7850f-9f3d-4223-ba72-4d8238cab252@group-1F54BEB118E4-LeaderElection176] INFO  server.RaftServerConfigKeys (ConfUtils.java:logGet(43)) - raft.server.rpc.request.timeout = 3000ms (default)
2019-11-13 20:40:31,274 [dce7850f-9f3d-4223-ba72-4d8238cab252@group-1F54BEB118E4-LeaderElection176] INFO  server.RaftServerConfigKeys (ConfUtils.java:logGet(43)) - raft.server.log.appender.install.snapshot.enabled = false (custom)
2019-11-13 20:40:31,274 [dce7850f-9f3d-4223-ba72-4d8238cab252@group-1F54BEB118E4-LeaderElection176] WARN  impl.MetricRegistriesImpl (MetricRegistriesImpl.java:lambda$create$1(61)) - First MetricRegistry has been created without registering reporters. You may need to call MetricRegistries.global().addReportRegistration(...) before.
2019-11-13 20:40:31,274 [dce7850f-9f3d-4223-ba72-4d8238cab252@group-1F54BEB118E4-LeaderElection176] INFO  server.RaftServerConfigKeys (ConfUtils.java:logGet(43)) - raft.server.log.appender.snapshot.chunk.size.max = 16MB (=16777216) (default)
2019-11-13 20:40:31,274 [dce7850f-9f3d-4223-ba72-4d8238cab252@group-1F54BEB118E4-LeaderElection176] INFO  server.RaftServerConfigKeys (ConfUtils.java:logGet(43)) - raft.server.log.appender.buffer.byte-limit = 33554432 (custom)
2019-11-13 20:40:31,274 [dce7850f-9f3d-4223-ba72-4d8238cab252@group-1F54BEB118E4-LeaderElection176] INFO  server.RaftServerConfigKeys (ConfUtils.java:logGet(43)) - raft.server.log.appender.buffer.element-limit = 1 (custom)
2019-11-13 20:40:31,274 [dce7850f-9f3d-4223-ba72-4d8238cab252@group-1F54BEB118E4-LeaderElection176] INFO  grpc.GrpcConfigKeys$Server (ConfUtils.java:logGet(43)) - raft.grpc.server.leader.outstanding.appends.max = 128 (default)
2019-11-13 20:40:31,274 [dce7850f-9f3d-4223-ba72-4d8238cab252@group-1F54BEB118E4-LeaderElection176] INFO  server.RaftServerConfigKeys (ConfUtils.java:logGet(43)) - raft.server.rpc.request.timeout = 3000ms (default)
2019-11-13 20:40:31,274 [dce7850f-9f3d-4223-ba72-4d8238cab252@group-1F54BEB118E4-LeaderElection176] INFO  server.RaftServerConfigKeys (ConfUtils.java:logGet(43)) - raft.server.log.appender.install.snapshot.enabled = false (custom)
2019-11-13 20:40:31,274 [dce7850f-9f3d-4223-ba72-4d8238cab252@group-1F54BEB118E4-LeaderElection176] INFO  impl.RoleInfo (RoleInfo.java:updateAndGet(143)) - dce7850f-9f3d-4223-ba72-4d8238cab252: start LeaderState
2019-11-13 20:40:31,275 [dce7850f-9f3d-4223-ba72-4d8238cab252@group-1F54BEB118E4-LeaderElection176] INFO  segmented.SegmentedRaftLogWorker (SegmentedRaftLogWorker.java:rollLogSegment(390)) - dce7850f-9f3d-4223-ba72-4d8238cab252@group-1F54BEB118E4-SegmentedRaftLogWorker: Rolling segment log-0_6 to index:6
2019-11-13 20:40:31,276 [dce7850f-9f3d-4223-ba72-4d8238cab252@group-1F54BEB118E4-LeaderElection176] INFO  impl.RaftServerImpl (ServerState.java:setRaftConf(356)) - dce7850f-9f3d-4223-ba72-4d8238cab252@group-1F54BEB118E4: set configuration 7: [63c5c595-8d4c-4001-b46d-6e0cbb5b9d3c:192.168.34.20:42027, 2929643e-7442-4794-a56e-1c38ca296261:192.168.34.20:43198, dce7850f-9f3d-4223-ba72-4d8238cab252:192.168.34.20:38603], old=null at 7
2019-11-13 20:40:31,276 [dce7850f-9f3d-4223-ba72-4d8238cab252@group-1F54BEB118E4-SegmentedRaftLogWorker] INFO  segmented.SegmentedRaftLogWorker (SegmentedRaftLogWorker.java:execute(533)) - dce7850f-9f3d-4223-ba72-4d8238cab252@group-1F54BEB118E4-SegmentedRaftLogWorker: Rolled log segment from /workdir/hadoop-ozone/integration-test/target/test-dir/MiniOzoneClusterImpl-23a5d35f-12cc-4157-b83c-481d86791456/datanode-1/data/ratis/acc2acbb-a4d5-4292-8026-1f54beb118e4/current/log_inprogress_0 to /workdir/hadoop-ozone/integration-test/target/test-dir/MiniOzoneClusterImpl-23a5d35f-12cc-4157-b83c-481d86791456/datanode-1/data/ratis/acc2acbb-a4d5-4292-8026-1f54beb118e4/current/log_0-6
2019-11-13 20:40:31,276 [grpc-default-executor-1] WARN  server.GrpcLogAppender (LogUtils.java:warn(134)) - dce7850f-9f3d-4223-ba72-4d8238cab252@group-1F54BEB118E4->2929643e-7442-4794-a56e-1c38ca296261-AppendLogResponseHandler: Failed appendEntries: org.apache.ratis.thirdparty.io.grpc.StatusRuntimeException: UNAVAILABLE: io exception
2019-11-13 20:40:31,276 [grpc-default-executor-1] INFO  impl.FollowerInfo (FollowerInfo.java:lambda$new$0(51)) - dce7850f-9f3d-4223-ba72-4d8238cab252@group-1F54BEB118E4->2929643e-7442-4794-a56e-1c38ca296261: nextIndex: updateUnconditionally 7 -> 1
2019-11-13 20:40:31,276 [grpc-default-executor-2] INFO  ratis.XceiverServerRatis (XceiverServerRatis.java:handleLeaderChangedNotification(697)) - Leader change notification received for group: group-1F54BEB118E4 with new leaderId: dce7850f-9f3d-4223-ba72-4d8238cab252
2019-11-13 20:40:31,276 [grpc-default-executor-2] INFO  impl.RaftServerImpl (ServerState.java:setLeader(255)) - 63c5c595-8d4c-4001-b46d-6e0cbb5b9d3c@group-1F54BEB118E4: change Leader from null to dce7850f-9f3d-4223-ba72-4d8238cab252 at term 2 for appendEntries, leader elected after 18ms
2019-11-13 20:40:31,278 [grpc-default-executor-2] INFO  impl.RaftServerImpl (ServerState.java:setRaftConf(356)) - 63c5c595-8d4c-4001-b46d-6e0cbb5b9d3c@group-1F54BEB118E4: set configuration 7: [63c5c595-8d4c-4001-b46d-6e0cbb5b9d3c:192.168.34.20:42027, 2929643e-7442-4794-a56e-1c38ca296261:192.168.34.20:43198, dce7850f-9f3d-4223-ba72-4d8238cab252:192.168.34.20:38603], old=null at 7
2019-11-13 20:40:31,278 [grpc-default-executor-2] INFO  segmented.SegmentedRaftLogWorker (SegmentedRaftLogWorker.java:rollLogSegment(390)) - 63c5c595-8d4c-4001-b46d-6e0cbb5b9d3c@group-1F54BEB118E4-SegmentedRaftLogWorker: Rolling segment log-0_6 to index:6
2019-11-13 20:40:31,279 [63c5c595-8d4c-4001-b46d-6e0cbb5b9d3c@group-1F54BEB118E4-SegmentedRaftLogWorker] INFO  segmented.SegmentedRaftLogWorker (SegmentedRaftLogWorker.java:execute(533)) - 63c5c595-8d4c-4001-b46d-6e0cbb5b9d3c@group-1F54BEB118E4-SegmentedRaftLogWorker: Rolled log segment from /workdir/hadoop-ozone/integration-test/target/test-dir/MiniOzoneClusterImpl-23a5d35f-12cc-4157-b83c-481d86791456/datanode-4/data/ratis/acc2acbb-a4d5-4292-8026-1f54beb118e4/current/log_inprogress_0 to /workdir/hadoop-ozone/integration-test/target/test-dir/MiniOzoneClusterImpl-23a5d35f-12cc-4157-b83c-481d86791456/datanode-4/data/ratis/acc2acbb-a4d5-4292-8026-1f54beb118e4/current/log_0-6
2019-11-13 20:40:31,313 [dce7850f-9f3d-4223-ba72-4d8238cab252@group-1F54BEB118E4-SegmentedRaftLogWorker] INFO  segmented.SegmentedRaftLogWorker (SegmentedRaftLogWorker.java:execute(576)) - dce7850f-9f3d-4223-ba72-4d8238cab252@group-1F54BEB118E4-SegmentedRaftLogWorker: created new log segment /workdir/hadoop-ozone/integration-test/target/test-dir/MiniOzoneClusterImpl-23a5d35f-12cc-4157-b83c-481d86791456/datanode-1/data/ratis/acc2acbb-a4d5-4292-8026-1f54beb118e4/current/log_inprogress_7
2019-11-13 20:40:31,313 [63c5c595-8d4c-4001-b46d-6e0cbb5b9d3c@group-1F54BEB118E4-SegmentedRaftLogWorker] INFO  segmented.SegmentedRaftLogWorker (SegmentedRaftLogWorker.java:execute(576)) - 63c5c595-8d4c-4001-b46d-6e0cbb5b9d3c@group-1F54BEB118E4-SegmentedRaftLogWorker: created new log segment /workdir/hadoop-ozone/integration-test/target/test-dir/MiniOzoneClusterImpl-23a5d35f-12cc-4157-b83c-481d86791456/datanode-4/data/ratis/acc2acbb-a4d5-4292-8026-1f54beb118e4/current/log_inprogress_7
2019-11-13 20:40:31,323 [grpc-default-executor-2] WARN  server.GrpcLogAppender (LogUtils.java:warn(134)) - dce7850f-9f3d-4223-ba72-4d8238cab252@group-1F54BEB118E4->2929643e-7442-4794-a56e-1c38ca296261-AppendLogResponseHandler: Failed appendEntries: org.apache.ratis.thirdparty.io.grpc.StatusRuntimeException: UNAVAILABLE: io exception
2019-11-13 20:40:31,323 [grpc-default-executor-2] INFO  impl.FollowerInfo (FollowerInfo.java:lambda$new$0(51)) - dce7850f-9f3d-4223-ba72-4d8238cab252@group-1F54BEB118E4->2929643e-7442-4794-a56e-1c38ca296261: nextIndex: updateUnconditionally 2 -> 1
2019-11-13 20:40:31,331 [grpc-default-executor-2] WARN  server.GrpcLogAppender (LogUtils.java:warn(134)) - dce7850f-9f3d-4223-ba72-4d8238cab252@group-1F54BEB118E4->2929643e-7442-4794-a56e-1c38ca296261-AppendLogResponseHandler: Failed appendEntries: org.apache.ratis.thirdparty.io.grpc.StatusRuntimeException: UNAVAILABLE: io exception
2019-11-13 20:40:31,331 [grpc-default-executor-2] INFO  impl.FollowerInfo (FollowerInfo.java:lambda$new$0(51)) - dce7850f-9f3d-4223-ba72-4d8238cab252@group-1F54BEB118E4->2929643e-7442-4794-a56e-1c38ca296261: nextIndex: updateUnconditionally 2 -> 1
2019-11-13 20:40:31,375 [grpc-default-executor-0] WARN  server.GrpcLogAppender (LogUtils.java:warn(134)) - 11bf945c-44a0-4fdd-85a2-60a349617ab7@group-B74ABADDE9AD->e207fbae-fd28-42f6-9bb4-297c35844d9f-AppendLogResponseHandler: Failed appendEntries: org.apache.ratis.thirdparty.io.grpc.StatusRuntimeException: UNAVAILABLE: io exception
2019-11-13 20:40:31,375 [grpc-default-executor-0] INFO  impl.FollowerInfo (FollowerInfo.java:lambda$new$0(51)) - 11bf945c-44a0-4fdd-85a2-60a349617ab7@group-B74ABADDE9AD->e207fbae-fd28-42f6-9bb4-297c35844d9f: nextIndex: updateUnconditionally 0 -> 0
2019-11-13 20:40:31,717 [grpc-default-executor-0] WARN  server.GrpcLogAppender (LogUtils.java:warn(134)) - 405db254-2a77-41b8-bcbc-61d002fbc757@group-DA587B7DE557->a0d01d6c-1588-47d8-b58d-5bdc55d47431-AppendLogResponseHandler: Failed appendEntries: org.apache.ratis.thirdparty.io.grpc.StatusRuntimeException: UNAVAILABLE: io exception
2019-11-13 20:40:31,717 [grpc-default-executor-0] INFO  impl.FollowerInfo (FollowerInfo.java:lambda$new$0(51)) - 405db254-2a77-41b8-bcbc-61d002fbc757@group-DA587B7DE557->a0d01d6c-1588-47d8-b58d-5bdc55d47431: nextIndex: updateUnconditionally 0 -> 0
2019-11-13 20:40:31,727 [grpc-default-executor-2] WARN  server.GrpcLogAppender (LogUtils.java:warn(134)) - 405db254-2a77-41b8-bcbc-61d002fbc757@group-DA587B7DE557->777bd53d-1b96-45c1-9d99-437e419e4ea1-AppendLogResponseHandler: Failed appendEntries: org.apache.ratis.thirdparty.io.grpc.StatusRuntimeException: UNAVAILABLE: io exception
2019-11-13 20:40:31,727 [grpc-default-executor-2] INFO  impl.FollowerInfo (FollowerInfo.java:lambda$new$0(51)) - 405db254-2a77-41b8-bcbc-61d002fbc757@group-DA587B7DE557->777bd53d-1b96-45c1-9d99-437e419e4ea1: nextIndex: updateUnconditionally 0 -> 0
2019-11-13 20:40:31,833 [grpc-default-executor-4] WARN  server.GrpcLogAppender (LogUtils.java:warn(134)) - dce7850f-9f3d-4223-ba72-4d8238cab252@group-1F54BEB118E4->2929643e-7442-4794-a56e-1c38ca296261-AppendLogResponseHandler: Failed appendEntries: org.apache.ratis.thirdparty.io.grpc.StatusRuntimeException: UNAVAILABLE: io exception
2019-11-13 20:40:31,834 [grpc-default-executor-4] INFO  impl.FollowerInfo (FollowerInfo.java:lambda$new$0(51)) - dce7850f-9f3d-4223-ba72-4d8238cab252@group-1F54BEB118E4->2929643e-7442-4794-a56e-1c38ca296261: nextIndex: updateUnconditionally 1 -> 0
2019-11-13 20:40:31,875 [grpc-default-executor-0] WARN  server.GrpcLogAppender (LogUtils.java:warn(134)) - 11bf945c-44a0-4fdd-85a2-60a349617ab7@group-B74ABADDE9AD->e207fbae-fd28-42f6-9bb4-297c35844d9f-AppendLogResponseHandler: Failed appendEntries: org.apache.ratis.thirdparty.io.grpc.StatusRuntimeException: UNAVAILABLE: io exception
2019-11-13 20:40:31,875 [grpc-default-executor-0] INFO  impl.FollowerInfo (FollowerInfo.java:lambda$new$0(51)) - 11bf945c-44a0-4fdd-85a2-60a349617ab7@group-B74ABADDE9AD->e207fbae-fd28-42f6-9bb4-297c35844d9f: nextIndex: updateUnconditionally 0 -> 0
2019-11-13 20:40:32,217 [grpc-default-executor-2] WARN  server.GrpcLogAppender (LogUtils.java:warn(134)) - 405db254-2a77-41b8-bcbc-61d002fbc757@group-DA587B7DE557->a0d01d6c-1588-47d8-b58d-5bdc55d47431-AppendLogResponseHandler: Failed appendEntries: org.apache.ratis.thirdparty.io.grpc.StatusRuntimeException: UNAVAILABLE: io exception
2019-11-13 20:40:32,218 [grpc-default-executor-2] INFO  impl.FollowerInfo (FollowerInfo.java:lambda$new$0(51)) - 405db254-2a77-41b8-bcbc-61d002fbc757@group-DA587B7DE557->a0d01d6c-1588-47d8-b58d-5bdc55d47431: nextIndex: updateUnconditionally 0 -> 0
2019-11-13 20:40:32,227 [grpc-default-executor-4] WARN  server.GrpcLogAppender (LogUtils.java:warn(134)) - 405db254-2a77-41b8-bcbc-61d002fbc757@group-DA587B7DE557->777bd53d-1b96-45c1-9d99-437e419e4ea1-AppendLogResponseHandler: Failed appendEntries: org.apache.ratis.thirdparty.io.grpc.StatusRuntimeException: UNAVAILABLE: io exception
2019-11-13 20:40:32,228 [grpc-default-executor-4] INFO  impl.FollowerInfo (FollowerInfo.java:lambda$new$0(51)) - 405db254-2a77-41b8-bcbc-61d002fbc757@group-DA587B7DE557->777bd53d-1b96-45c1-9d99-437e419e4ea1: nextIndex: updateUnconditionally 0 -> 0
2019-11-13 20:40:32,332 [grpc-default-executor-0] WARN  server.GrpcLogAppender (LogUtils.java:warn(134)) - dce7850f-9f3d-4223-ba72-4d8238cab252@group-1F54BEB118E4->2929643e-7442-4794-a56e-1c38ca296261-AppendLogResponseHandler: Failed appendEntries: org.apache.ratis.thirdparty.io.grpc.StatusRuntimeException: UNAVAILABLE: io exception
2019-11-13 20:40:32,332 [grpc-default-executor-0] INFO  impl.FollowerInfo (FollowerInfo.java:lambda$new$0(51)) - dce7850f-9f3d-4223-ba72-4d8238cab252@group-1F54BEB118E4->2929643e-7442-4794-a56e-1c38ca296261: nextIndex: updateUnconditionally 0 -> 0
2019-11-13 20:40:32,376 [grpc-default-executor-2] WARN  server.GrpcLogAppender (LogUtils.java:warn(134)) - 11bf945c-44a0-4fdd-85a2-60a349617ab7@group-B74ABADDE9AD->e207fbae-fd28-42f6-9bb4-297c35844d9f-AppendLogResponseHandler: Failed appendEntries: org.apache.ratis.thirdparty.io.grpc.StatusRuntimeException: UNAVAILABLE: io exception
2019-11-13 20:40:32,376 [grpc-default-executor-2] INFO  impl.FollowerInfo (FollowerInfo.java:lambda$new$0(51)) - 11bf945c-44a0-4fdd-85a2-60a349617ab7@group-B74ABADDE9AD->e207fbae-fd28-42f6-9bb4-297c35844d9f: nextIndex: updateUnconditionally 0 -> 0
2019-11-13 20:40:32,721 [grpc-default-executor-2] WARN  server.GrpcLogAppender (LogUtils.java:warn(134)) - 405db254-2a77-41b8-bcbc-61d002fbc757@group-DA587B7DE557->a0d01d6c-1588-47d8-b58d-5bdc55d47431-AppendLogResponseHandler: Failed appendEntries: org.apache.ratis.thirdparty.io.grpc.StatusRuntimeException: UNAVAILABLE: io exception
2019-11-13 20:40:32,722 [grpc-default-executor-2] INFO  impl.FollowerInfo (FollowerInfo.java:lambda$new$0(51)) - 405db254-2a77-41b8-bcbc-61d002fbc757@group-DA587B7DE557->a0d01d6c-1588-47d8-b58d-5bdc55d47431: nextIndex: updateUnconditionally 0 -> 0
2019-11-13 20:40:32,727 [grpc-default-executor-4] WARN  server.GrpcLogAppender (LogUtils.java:warn(134)) - 405db254-2a77-41b8-bcbc-61d002fbc757@group-DA587B7DE557->777bd53d-1b96-45c1-9d99-437e419e4ea1-AppendLogResponseHandler: Failed appendEntries: org.apache.ratis.thirdparty.io.grpc.StatusRuntimeException: UNAVAILABLE: io exception
2019-11-13 20:40:32,728 [grpc-default-executor-4] INFO  impl.FollowerInfo (FollowerInfo.java:lambda$new$0(51)) - 405db254-2a77-41b8-bcbc-61d002fbc757@group-DA587B7DE557->777bd53d-1b96-45c1-9d99-437e419e4ea1: nextIndex: updateUnconditionally 0 -> 0
2019-11-13 20:40:32,833 [grpc-default-executor-0] WARN  server.GrpcLogAppender (LogUtils.java:warn(134)) - dce7850f-9f3d-4223-ba72-4d8238cab252@group-1F54BEB118E4->2929643e-7442-4794-a56e-1c38ca296261-AppendLogResponseHandler: Failed appendEntries: org.apache.ratis.thirdparty.io.grpc.StatusRuntimeException: UNAVAILABLE: io exception
2019-11-13 20:40:32,839 [grpc-default-executor-0] INFO  impl.FollowerInfo (FollowerInfo.java:lambda$new$0(51)) - dce7850f-9f3d-4223-ba72-4d8238cab252@group-1F54BEB118E4->2929643e-7442-4794-a56e-1c38ca296261: nextIndex: updateUnconditionally 0 -> 0
2019-11-13 20:40:32,876 [grpc-default-executor-0] WARN  server.GrpcLogAppender (LogUtils.java:warn(134)) - 11bf945c-44a0-4fdd-85a2-60a349617ab7@group-B74ABADDE9AD->e207fbae-fd28-42f6-9bb4-297c35844d9f-AppendLogResponseHandler: Failed appendEntries: org.apache.ratis.thirdparty.io.grpc.StatusRuntimeException: UNAVAILABLE: io exception
2019-11-13 20:40:32,876 [grpc-default-executor-0] INFO  impl.FollowerInfo (FollowerInfo.java:lambda$new$0(51)) - 11bf945c-44a0-4fdd-85a2-60a349617ab7@group-B74ABADDE9AD->e207fbae-fd28-42f6-9bb4-297c35844d9f: nextIndex: updateUnconditionally 0 -> 0
2019-11-13 20:40:33,221 [grpc-default-executor-0] WARN  server.GrpcLogAppender (LogUtils.java:warn(134)) - 405db254-2a77-41b8-bcbc-61d002fbc757@group-DA587B7DE557->a0d01d6c-1588-47d8-b58d-5bdc55d47431-AppendLogResponseHandler: Failed appendEntries: org.apache.ratis.thirdparty.io.grpc.StatusRuntimeException: UNAVAILABLE: io exception
2019-11-13 20:40:33,221 [grpc-default-executor-0] INFO  impl.FollowerInfo (FollowerInfo.java:lambda$new$0(51)) - 405db254-2a77-41b8-bcbc-61d002fbc757@group-DA587B7DE557->a0d01d6c-1588-47d8-b58d-5bdc55d47431: nextIndex: updateUnconditionally 0 -> 0
2019-11-13 20:40:33,228 [grpc-default-executor-2] WARN  server.GrpcLogAppender (LogUtils.java:warn(134)) - 405db254-2a77-41b8-bcbc-61d002fbc757@group-DA587B7DE557->777bd53d-1b96-45c1-9d99-437e419e4ea1-AppendLogResponseHandler: Failed appendEntries: org.apache.ratis.thirdparty.io.grpc.StatusRuntimeException: UNAVAILABLE: io exception
2019-11-13 20:40:33,228 [grpc-default-executor-2] INFO  impl.FollowerInfo (FollowerInfo.java:lambda$new$0(51)) - 405db254-2a77-41b8-bcbc-61d002fbc757@group-DA587B7DE557->777bd53d-1b96-45c1-9d99-437e419e4ea1: nextIndex: updateUnconditionally 0 -> 0
2019-11-13 20:40:33,334 [grpc-default-executor-0] WARN  server.GrpcLogAppender (LogUtils.java:warn(134)) - dce7850f-9f3d-4223-ba72-4d8238cab252@group-1F54BEB118E4->2929643e-7442-4794-a56e-1c38ca296261-AppendLogResponseHandler: Failed appendEntries: org.apache.ratis.thirdparty.io.grpc.StatusRuntimeException: UNAVAILABLE: io exception
2019-11-13 20:40:33,334 [grpc-default-executor-0] INFO  impl.FollowerInfo (FollowerInfo.java:lambda$new$0(51)) - dce7850f-9f3d-4223-ba72-4d8238cab252@group-1F54BEB118E4->2929643e-7442-4794-a56e-1c38ca296261: nextIndex: updateUnconditionally 0 -> 0
2019-11-13 20:40:33,376 [grpc-default-executor-4] WARN  server.GrpcLogAppender (LogUtils.java:warn(134)) - 11bf945c-44a0-4fdd-85a2-60a349617ab7@group-B74ABADDE9AD->e207fbae-fd28-42f6-9bb4-297c35844d9f-AppendLogResponseHandler: Failed appendEntries: org.apache.ratis.thirdparty.io.grpc.StatusRuntimeException: UNAVAILABLE: io exception
2019-11-13 20:40:33,377 [grpc-default-executor-4] INFO  impl.FollowerInfo (FollowerInfo.java:lambda$new$0(51)) - 11bf945c-44a0-4fdd-85a2-60a349617ab7@group-B74ABADDE9AD->e207fbae-fd28-42f6-9bb4-297c35844d9f: nextIndex: updateUnconditionally 0 -> 0
2019-11-13 20:40:33,721 [grpc-default-executor-4] WARN  server.GrpcLogAppender (LogUtils.java:warn(134)) - 405db254-2a77-41b8-bcbc-61d002fbc757@group-DA587B7DE557->a0d01d6c-1588-47d8-b58d-5bdc55d47431-AppendLogResponseHandler: Failed appendEntries: org.apache.ratis.thirdparty.io.grpc.StatusRuntimeException: UNAVAILABLE: io exception
2019-11-13 20:40:33,721 [grpc-default-executor-4] INFO  impl.FollowerInfo (FollowerInfo.java:lambda$new$0(51)) - 405db254-2a77-41b8-bcbc-61d002fbc757@group-DA587B7DE557->a0d01d6c-1588-47d8-b58d-5bdc55d47431: nextIndex: updateUnconditionally 0 -> 0
2019-11-13 20:40:33,728 [grpc-default-executor-2] WARN  server.GrpcLogAppender (LogUtils.java:warn(134)) - 405db254-2a77-41b8-bcbc-61d002fbc757@group-DA587B7DE557->777bd53d-1b96-45c1-9d99-437e419e4ea1-AppendLogResponseHandler: Failed appendEntries: org.apache.ratis.thirdparty.io.grpc.StatusRuntimeException: UNAVAILABLE: io exception
2019-11-13 20:40:33,729 [grpc-default-executor-2] INFO  impl.FollowerInfo (FollowerInfo.java:lambda$new$0(51)) - 405db254-2a77-41b8-bcbc-61d002fbc757@group-DA587B7DE557->777bd53d-1b96-45c1-9d99-437e419e4ea1: nextIndex: updateUnconditionally 0 -> 0
2019-11-13 20:40:33,833 [grpc-default-executor-4] WARN  server.GrpcLogAppender (LogUtils.java:warn(134)) - dce7850f-9f3d-4223-ba72-4d8238cab252@group-1F54BEB118E4->2929643e-7442-4794-a56e-1c38ca296261-AppendLogResponseHandler: Failed appendEntries: org.apache.ratis.thirdparty.io.grpc.StatusRuntimeException: UNAVAILABLE: io exception
2019-11-13 20:40:33,834 [grpc-default-executor-4] INFO  impl.FollowerInfo (FollowerInfo.java:lambda$new$0(51)) - dce7850f-9f3d-4223-ba72-4d8238cab252@group-1F54BEB118E4->2929643e-7442-4794-a56e-1c38ca296261: nextIndex: updateUnconditionally 0 -> 0
2019-11-13 20:40:33,877 [grpc-default-executor-0] WARN  server.GrpcLogAppender (LogUtils.java:warn(134)) - 11bf945c-44a0-4fdd-85a2-60a349617ab7@group-B74ABADDE9AD->e207fbae-fd28-42f6-9bb4-297c35844d9f-AppendLogResponseHandler: Failed appendEntries: org.apache.ratis.thirdparty.io.grpc.StatusRuntimeException: UNAVAILABLE: io exception
2019-11-13 20:40:33,877 [grpc-default-executor-0] INFO  impl.FollowerInfo (FollowerInfo.java:lambda$new$0(51)) - 11bf945c-44a0-4fdd-85a2-60a349617ab7@group-B74ABADDE9AD->e207fbae-fd28-42f6-9bb4-297c35844d9f: nextIndex: updateUnconditionally 0 -> 0
2019-11-13 20:40:34,221 [grpc-default-executor-2] WARN  server.GrpcLogAppender (LogUtils.java:warn(134)) - 405db254-2a77-41b8-bcbc-61d002fbc757@group-DA587B7DE557->a0d01d6c-1588-47d8-b58d-5bdc55d47431-AppendLogResponseHandler: Failed appendEntries: org.apache.ratis.thirdparty.io.grpc.StatusRuntimeException: UNAVAILABLE: io exception
2019-11-13 20:40:34,222 [grpc-default-executor-2] INFO  impl.FollowerInfo (FollowerInfo.java:lambda$new$0(51)) - 405db254-2a77-41b8-bcbc-61d002fbc757@group-DA587B7DE557->a0d01d6c-1588-47d8-b58d-5bdc55d47431: nextIndex: updateUnconditionally 0 -> 0
2019-11-13 20:40:34,228 [grpc-default-executor-2] WARN  server.GrpcLogAppender (LogUtils.java:warn(134)) - 405db254-2a77-41b8-bcbc-61d002fbc757@group-DA587B7DE557->777bd53d-1b96-45c1-9d99-437e419e4ea1-AppendLogResponseHandler: Failed appendEntries: org.apache.ratis.thirdparty.io.grpc.StatusRuntimeException: UNAVAILABLE: io exception
2019-11-13 20:40:34,229 [grpc-default-executor-2] INFO  impl.FollowerInfo (FollowerInfo.java:lambda$new$0(51)) - 405db254-2a77-41b8-bcbc-61d002fbc757@group-DA587B7DE557->777bd53d-1b96-45c1-9d99-437e419e4ea1: nextIndex: updateUnconditionally 0 -> 0
2019-11-13 20:40:34,334 [grpc-default-executor-2] WARN  server.GrpcLogAppender (LogUtils.java:warn(134)) - dce7850f-9f3d-4223-ba72-4d8238cab252@group-1F54BEB118E4->2929643e-7442-4794-a56e-1c38ca296261-AppendLogResponseHandler: Failed appendEntries: org.apache.ratis.thirdparty.io.grpc.StatusRuntimeException: UNAVAILABLE: io exception
2019-11-13 20:40:34,334 [grpc-default-executor-2] INFO  impl.FollowerInfo (FollowerInfo.java:lambda$new$0(51)) - dce7850f-9f3d-4223-ba72-4d8238cab252@group-1F54BEB118E4->2929643e-7442-4794-a56e-1c38ca296261: nextIndex: updateUnconditionally 0 -> 0
2019-11-13 20:40:34,377 [grpc-default-executor-2] WARN  server.GrpcLogAppender (LogUtils.java:warn(134)) - 11bf945c-44a0-4fdd-85a2-60a349617ab7@group-B74ABADDE9AD->e207fbae-fd28-42f6-9bb4-297c35844d9f-AppendLogResponseHandler: Failed appendEntries: org.apache.ratis.thirdparty.io.grpc.StatusRuntimeException: UNAVAILABLE: io exception
2019-11-13 20:40:34,377 [grpc-default-executor-2] INFO  impl.FollowerInfo (FollowerInfo.java:lambda$new$0(51)) - 11bf945c-44a0-4fdd-85a2-60a349617ab7@group-B74ABADDE9AD->e207fbae-fd28-42f6-9bb4-297c35844d9f: nextIndex: updateUnconditionally 0 -> 0
2019-11-13 20:40:34,722 [grpc-default-executor-2] WARN  server.GrpcLogAppender (LogUtils.java:warn(134)) - 405db254-2a77-41b8-bcbc-61d002fbc757@group-DA587B7DE557->a0d01d6c-1588-47d8-b58d-5bdc55d47431-AppendLogResponseHandler: Failed appendEntries: org.apache.ratis.thirdparty.io.grpc.StatusRuntimeException: UNAVAILABLE: io exception
2019-11-13 20:40:34,722 [grpc-default-executor-2] INFO  impl.FollowerInfo (FollowerInfo.java:lambda$new$0(51)) - 405db254-2a77-41b8-bcbc-61d002fbc757@group-DA587B7DE557->a0d01d6c-1588-47d8-b58d-5bdc55d47431: nextIndex: updateUnconditionally 0 -> 0
2019-11-13 20:40:34,729 [grpc-default-executor-2] WARN  server.GrpcLogAppender (LogUtils.java:warn(134)) - 405db254-2a77-41b8-bcbc-61d002fbc757@group-DA587B7DE557->777bd53d-1b96-45c1-9d99-437e419e4ea1-AppendLogResponseHandler: Failed appendEntries: org.apache.ratis.thirdparty.io.grpc.StatusRuntimeException: UNAVAILABLE: io exception
2019-11-13 20:40:34,729 [grpc-default-executor-2] INFO  impl.FollowerInfo (FollowerInfo.java:lambda$new$0(51)) - 405db254-2a77-41b8-bcbc-61d002fbc757@group-DA587B7DE557->777bd53d-1b96-45c1-9d99-437e419e4ea1: nextIndex: updateUnconditionally 0 -> 0
2019-11-13 20:40:34,834 [grpc-default-executor-2] WARN  server.GrpcLogAppender (LogUtils.java:warn(134)) - dce7850f-9f3d-4223-ba72-4d8238cab252@group-1F54BEB118E4->2929643e-7442-4794-a56e-1c38ca296261-AppendLogResponseHandler: Failed appendEntries: org.apache.ratis.thirdparty.io.grpc.StatusRuntimeException: UNAVAILABLE: io exception
2019-11-13 20:40:34,834 [grpc-default-executor-2] INFO  impl.FollowerInfo (FollowerInfo.java:lambda$new$0(51)) - dce7850f-9f3d-4223-ba72-4d8238cab252@group-1F54BEB118E4->2929643e-7442-4794-a56e-1c38ca296261: nextIndex: updateUnconditionally 0 -> 0
2019-11-13 20:40:34,878 [grpc-default-executor-2] WARN  server.GrpcLogAppender (LogUtils.java:warn(134)) - 11bf945c-44a0-4fdd-85a2-60a349617ab7@group-B74ABADDE9AD->e207fbae-fd28-42f6-9bb4-297c35844d9f-AppendLogResponseHandler: Failed appendEntries: org.apache.ratis.thirdparty.io.grpc.StatusRuntimeException: UNAVAILABLE: io exception
2019-11-13 20:40:34,878 [grpc-default-executor-2] INFO  impl.FollowerInfo (FollowerInfo.java:lambda$new$0(51)) - 11bf945c-44a0-4fdd-85a2-60a349617ab7@group-B74ABADDE9AD->e207fbae-fd28-42f6-9bb4-297c35844d9f: nextIndex: updateUnconditionally 0 -> 0
2019-11-13 20:40:35,222 [grpc-default-executor-4] WARN  server.GrpcLogAppender (LogUtils.java:warn(134)) - 405db254-2a77-41b8-bcbc-61d002fbc757@group-DA587B7DE557->a0d01d6c-1588-47d8-b58d-5bdc55d47431-AppendLogResponseHandler: Failed appendEntries: org.apache.ratis.thirdparty.io.grpc.StatusRuntimeException: UNAVAILABLE: io exception
2019-11-13 20:40:35,223 [grpc-default-executor-4] INFO  impl.FollowerInfo (FollowerInfo.java:lambda$new$0(51)) - 405db254-2a77-41b8-bcbc-61d002fbc757@group-DA587B7DE557->a0d01d6c-1588-47d8-b58d-5bdc55d47431: nextIndex: updateUnconditionally 0 -> 0
2019-11-13 20:40:35,230 [grpc-default-executor-0] WARN  server.GrpcLogAppender (LogUtils.java:warn(134)) - 405db254-2a77-41b8-bcbc-61d002fbc757@group-DA587B7DE557->777bd53d-1b96-45c1-9d99-437e419e4ea1-AppendLogResponseHandler: Failed appendEntries: org.apache.ratis.thirdparty.io.grpc.StatusRuntimeException: UNAVAILABLE: io exception
2019-11-13 20:40:35,230 [grpc-default-executor-0] INFO  impl.FollowerInfo (FollowerInfo.java:lambda$new$0(51)) - 405db254-2a77-41b8-bcbc-61d002fbc757@group-DA587B7DE557->777bd53d-1b96-45c1-9d99-437e419e4ea1: nextIndex: updateUnconditionally 0 -> 0
2019-11-13 20:40:35,335 [grpc-default-executor-2] WARN  server.GrpcLogAppender (LogUtils.java:warn(134)) - dce7850f-9f3d-4223-ba72-4d8238cab252@group-1F54BEB118E4->2929643e-7442-4794-a56e-1c38ca296261-AppendLogResponseHandler: Failed appendEntries: org.apache.ratis.thirdparty.io.grpc.StatusRuntimeException: UNAVAILABLE: io exception
2019-11-13 20:40:35,336 [grpc-default-executor-2] INFO  impl.FollowerInfo (FollowerInfo.java:lambda$new$0(51)) - dce7850f-9f3d-4223-ba72-4d8238cab252@group-1F54BEB118E4->2929643e-7442-4794-a56e-1c38ca296261: nextIndex: updateUnconditionally 0 -> 0
2019-11-13 20:40:35,378 [grpc-default-executor-4] WARN  server.GrpcLogAppender (LogUtils.java:warn(134)) - 11bf945c-44a0-4fdd-85a2-60a349617ab7@group-B74ABADDE9AD->e207fbae-fd28-42f6-9bb4-297c35844d9f-AppendLogResponseHandler: Failed appendEntries: org.apache.ratis.thirdparty.io.grpc.StatusRuntimeException: UNAVAILABLE: io exception
2019-11-13 20:40:35,378 [grpc-default-executor-4] INFO  impl.FollowerInfo (FollowerInfo.java:lambda$new$0(51)) - 11bf945c-44a0-4fdd-85a2-60a349617ab7@group-B74ABADDE9AD->e207fbae-fd28-42f6-9bb4-297c35844d9f: nextIndex: updateUnconditionally 0 -> 0
2019-11-13 20:40:35,457 [main] INFO  ozoneimpl.OzoneContainer (OzoneContainer.java:stop(244)) - Attempting to stop container services.
2019-11-13 20:40:35,458 [main] INFO  impl.RaftServerProxy (RaftServerProxy.java:lambda$close$4(314)) - a35788b4-68d9-46fd-b847-60a9b7211510: close
2019-11-13 20:40:35,459 [main] INFO  impl.RaftServerImpl (RaftServerImpl.java:lambda$shutdown$3(250)) - a35788b4-68d9-46fd-b847-60a9b7211510@group-B74ABADDE9AD: shutdown
2019-11-13 20:40:35,459 [main] INFO  util.JmxRegister (JmxRegister.java:unregister(73)) - Successfully un-registered JMX Bean with object name Ratis:service=RaftServer,group=group-B74ABADDE9AD,id=a35788b4-68d9-46fd-b847-60a9b7211510
2019-11-13 20:40:35,459 [main] INFO  impl.RoleInfo (RoleInfo.java:shutdownFollowerState(121)) - a35788b4-68d9-46fd-b847-60a9b7211510: shutdown FollowerState
2019-11-13 20:40:35,460 [main] INFO  impl.StateMachineUpdater (StateMachineUpdater.java:stopAndJoin(136)) - a35788b4-68d9-46fd-b847-60a9b7211510@group-B74ABADDE9AD-StateMachineUpdater: set stopIndex = 0
2019-11-13 20:40:35,460 [Thread-4211] INFO  impl.FollowerState (FollowerState.java:run(120)) - a35788b4-68d9-46fd-b847-60a9b7211510@group-B74ABADDE9AD-FollowerState was interrupted: java.lang.InterruptedException: sleep interrupted
2019-11-13 20:40:35,461 [main] INFO  impl.RaftServerImpl (ServerState.java:close(387)) - a35788b4-68d9-46fd-b847-60a9b7211510@group-B74ABADDE9AD: closes. applyIndex: 0
2019-11-13 20:40:35,461 [a35788b4-68d9-46fd-b847-60a9b7211510@group-B74ABADDE9AD-SegmentedRaftLogWorker] INFO  segmented.SegmentedRaftLogWorker (SegmentedRaftLogWorker.java:run(316)) - a35788b4-68d9-46fd-b847-60a9b7211510@group-B74ABADDE9AD-SegmentedRaftLogWorker was interrupted, exiting. There are 0 tasks remaining in the queue.
2019-11-13 20:40:35,462 [main] INFO  segmented.SegmentedRaftLogWorker (SegmentedRaftLogWorker.java:close(224)) - a35788b4-68d9-46fd-b847-60a9b7211510@group-B74ABADDE9AD-SegmentedRaftLogWorker close()
2019-11-13 20:40:35,462 [main] INFO  impl.RaftServerImpl (RaftServerImpl.java:lambda$shutdown$3(250)) - a35788b4-68d9-46fd-b847-60a9b7211510@group-43733B6E7F00: shutdown
2019-11-13 20:40:35,462 [main] INFO  util.JmxRegister (JmxRegister.java:unregister(73)) - Successfully un-registered JMX Bean with object name Ratis:service=RaftServer,group=group-43733B6E7F00,id=a35788b4-68d9-46fd-b847-60a9b7211510
2019-11-13 20:40:35,463 [main] INFO  impl.RoleInfo (RoleInfo.java:shutdownLeaderState(104)) - a35788b4-68d9-46fd-b847-60a9b7211510: shutdown LeaderState
2019-11-13 20:40:35,463 [main] INFO  impl.PendingRequests (PendingRequests.java:sendNotLeaderResponses(206)) - a35788b4-68d9-46fd-b847-60a9b7211510@group-43733B6E7F00-PendingRequests: sendNotLeaderResponses
2019-11-13 20:40:35,463 [main] INFO  impl.StateMachineUpdater (StateMachineUpdater.java:stopAndJoin(136)) - a35788b4-68d9-46fd-b847-60a9b7211510@group-43733B6E7F00-StateMachineUpdater: set stopIndex = 0
2019-11-13 20:40:35,464 [main] INFO  impl.RaftServerImpl (ServerState.java:close(387)) - a35788b4-68d9-46fd-b847-60a9b7211510@group-43733B6E7F00: closes. applyIndex: 0
2019-11-13 20:40:35,464 [a35788b4-68d9-46fd-b847-60a9b7211510@group-43733B6E7F00-SegmentedRaftLogWorker] INFO  segmented.SegmentedRaftLogWorker (SegmentedRaftLogWorker.java:run(316)) - a35788b4-68d9-46fd-b847-60a9b7211510@group-43733B6E7F00-SegmentedRaftLogWorker was interrupted, exiting. There are 0 tasks remaining in the queue.
2019-11-13 20:40:35,464 [main] INFO  segmented.SegmentedRaftLogWorker (SegmentedRaftLogWorker.java:close(224)) - a35788b4-68d9-46fd-b847-60a9b7211510@group-43733B6E7F00-SegmentedRaftLogWorker close()
2019-11-13 20:40:35,467 [main] INFO  server.GrpcService (GrpcService.java:closeImpl(164)) - a35788b4-68d9-46fd-b847-60a9b7211510: shutdown server with port 39245 now
2019-11-13 20:40:35,468 [grpc-default-executor-0] WARN  server.GrpcServerProtocolService (LogUtils.java:warn(134)) - a35788b4-68d9-46fd-b847-60a9b7211510: installSnapshot onError, lastRequest: 11bf945c-44a0-4fdd-85a2-60a349617ab7->a35788b4-68d9-46fd-b847-60a9b7211510#41-t1, previous=(t:1, i:0), leaderCommit=0, initializing? false, entries: <empty>: org.apache.ratis.thirdparty.io.grpc.StatusRuntimeException: CANCELLED: cancelled before receiving half close
2019-11-13 20:40:35,468 [grpc-default-executor-4] WARN  server.GrpcLogAppender (LogUtils.java:warn(134)) - 11bf945c-44a0-4fdd-85a2-60a349617ab7@group-B74ABADDE9AD->a35788b4-68d9-46fd-b847-60a9b7211510-AppendLogResponseHandler: Failed appendEntries: org.apache.ratis.thirdparty.io.grpc.StatusRuntimeException: CANCELLED: HTTP/2 error code: CANCEL
Received Rst Stream
2019-11-13 20:40:35,468 [main] INFO  server.GrpcService (GrpcService.java:closeImpl(172)) - a35788b4-68d9-46fd-b847-60a9b7211510: shutdown server with port 39245 successfully
2019-11-13 20:40:35,468 [grpc-default-executor-4] INFO  impl.FollowerInfo (FollowerInfo.java:lambda$new$0(51)) - 11bf945c-44a0-4fdd-85a2-60a349617ab7@group-B74ABADDE9AD->a35788b4-68d9-46fd-b847-60a9b7211510: nextIndex: updateUnconditionally 1 -> 0
2019-11-13 20:40:35,471 [refreshUsed-/workdir/hadoop-ozone/integration-test/target/test-dir/MiniOzoneClusterImpl-23a5d35f-12cc-4157-b83c-481d86791456/datanode-9/data/containers] WARN  fs.CachingGetSpaceUsed (CachingGetSpaceUsed.java:run(183)) - Thread Interrupted waiting to refresh disk information: sleep interrupted
2019-11-13 20:40:35,471 [ForkJoinPool.commonPool-worker-1] INFO  ozoneimpl.OzoneContainer (OzoneContainer.java:stop(244)) - Attempting to stop container services.
2019-11-13 20:40:35,472 [ForkJoinPool.commonPool-worker-1] INFO  impl.RaftServerProxy (RaftServerProxy.java:lambda$close$4(314)) - 63c5c595-8d4c-4001-b46d-6e0cbb5b9d3c: close
2019-11-13 20:40:35,472 [ForkJoinPool.commonPool-worker-1] INFO  impl.RaftServerImpl (RaftServerImpl.java:lambda$shutdown$3(250)) - 63c5c595-8d4c-4001-b46d-6e0cbb5b9d3c@group-A100AD492506: shutdown
2019-11-13 20:40:35,473 [ForkJoinPool.commonPool-worker-1] INFO  util.JmxRegister (JmxRegister.java:unregister(73)) - Successfully un-registered JMX Bean with object name Ratis:service=RaftServer,group=group-A100AD492506,id=63c5c595-8d4c-4001-b46d-6e0cbb5b9d3c
2019-11-13 20:40:35,473 [ForkJoinPool.commonPool-worker-1] INFO  impl.RoleInfo (RoleInfo.java:shutdownLeaderState(104)) - 63c5c595-8d4c-4001-b46d-6e0cbb5b9d3c: shutdown LeaderState
2019-11-13 20:40:35,473 [ForkJoinPool.commonPool-worker-1] INFO  impl.PendingRequests (PendingRequests.java:sendNotLeaderResponses(206)) - 63c5c595-8d4c-4001-b46d-6e0cbb5b9d3c@group-A100AD492506-PendingRequests: sendNotLeaderResponses
2019-11-13 20:40:35,474 [ForkJoinPool.commonPool-worker-1] INFO  impl.StateMachineUpdater (StateMachineUpdater.java:stopAndJoin(136)) - 63c5c595-8d4c-4001-b46d-6e0cbb5b9d3c@group-A100AD492506-StateMachineUpdater: set stopIndex = 0
2019-11-13 20:40:35,474 [ForkJoinPool.commonPool-worker-1] INFO  impl.RaftServerImpl (ServerState.java:close(387)) - 63c5c595-8d4c-4001-b46d-6e0cbb5b9d3c@group-A100AD492506: closes. applyIndex: 0
2019-11-13 20:40:35,475 [63c5c595-8d4c-4001-b46d-6e0cbb5b9d3c@group-A100AD492506-SegmentedRaftLogWorker] INFO  segmented.SegmentedRaftLogWorker (SegmentedRaftLogWorker.java:run(316)) - 63c5c595-8d4c-4001-b46d-6e0cbb5b9d3c@group-A100AD492506-SegmentedRaftLogWorker was interrupted, exiting. There are 0 tasks remaining in the queue.
2019-11-13 20:40:35,475 [ForkJoinPool.commonPool-worker-1] INFO  segmented.SegmentedRaftLogWorker (SegmentedRaftLogWorker.java:close(224)) - 63c5c595-8d4c-4001-b46d-6e0cbb5b9d3c@group-A100AD492506-SegmentedRaftLogWorker close()
2019-11-13 20:40:35,477 [ForkJoinPool.commonPool-worker-1] INFO  impl.RaftServerImpl (RaftServerImpl.java:lambda$shutdown$3(250)) - 63c5c595-8d4c-4001-b46d-6e0cbb5b9d3c@group-1F54BEB118E4: shutdown
2019-11-13 20:40:35,477 [ForkJoinPool.commonPool-worker-1] INFO  util.JmxRegister (JmxRegister.java:unregister(73)) - Successfully un-registered JMX Bean with object name Ratis:service=RaftServer,group=group-1F54BEB118E4,id=63c5c595-8d4c-4001-b46d-6e0cbb5b9d3c
2019-11-13 20:40:35,477 [ForkJoinPool.commonPool-worker-1] INFO  impl.RoleInfo (RoleInfo.java:shutdownFollowerState(121)) - 63c5c595-8d4c-4001-b46d-6e0cbb5b9d3c: shutdown FollowerState
2019-11-13 20:40:35,477 [ForkJoinPool.commonPool-worker-1] INFO  impl.StateMachineUpdater (StateMachineUpdater.java:stopAndJoin(136)) - 63c5c595-8d4c-4001-b46d-6e0cbb5b9d3c@group-1F54BEB118E4-StateMachineUpdater: set stopIndex = 8
2019-11-13 20:40:35,477 [Thread-4405] INFO  impl.FollowerState (FollowerState.java:run(120)) - 63c5c595-8d4c-4001-b46d-6e0cbb5b9d3c@group-1F54BEB118E4-FollowerState was interrupted: java.lang.InterruptedException: sleep interrupted
2019-11-13 20:40:35,477 [63c5c595-8d4c-4001-b46d-6e0cbb5b9d3c@group-1F54BEB118E4-StateMachineUpdater] INFO  ratis.ContainerStateMachine (ContainerStateMachine.java:takeSnapshot(285)) - group-1F54BEB118E4: Taking a snapshot at:(t:1, i:4) file /workdir/hadoop-ozone/integration-test/target/test-dir/MiniOzoneClusterImpl-23a5d35f-12cc-4157-b83c-481d86791456/datanode-4/data/ratis/acc2acbb-a4d5-4292-8026-1f54beb118e4/sm/snapshot.1_4
2019-11-13 20:40:35,493 [main] INFO  utils.BackgroundService (BackgroundService.java:shutdown(151)) - Shutting down service BlockDeletingService
2019-11-13 20:40:35,495 [main] INFO  statemachine.DatanodeStateMachine (DatanodeStateMachine.java:stopDaemon(395)) - Ozone container server stopped.
2019-11-13 20:40:35,497 [63c5c595-8d4c-4001-b46d-6e0cbb5b9d3c@group-1F54BEB118E4-StateMachineUpdater] INFO  ratis.ContainerStateMachine (ContainerStateMachine.java:takeSnapshot(296)) - group-1F54BEB118E4: Finished taking a snapshot at:(t:1, i:4) file:/workdir/hadoop-ozone/integration-test/target/test-dir/MiniOzoneClusterImpl-23a5d35f-12cc-4157-b83c-481d86791456/datanode-4/data/ratis/acc2acbb-a4d5-4292-8026-1f54beb118e4/sm/snapshot.1_4 time:19
2019-11-13 20:40:35,497 [main] INFO  handler.ContextHandler (ContextHandler.java:doStop(910)) - Stopped o.e.j.w.WebAppContext@29170a47{/,null,UNAVAILABLE}{/hddsDatanode}
2019-11-13 20:40:35,497 [63c5c595-8d4c-4001-b46d-6e0cbb5b9d3c@group-1F54BEB118E4-StateMachineUpdater] INFO  impl.StateMachineUpdater (StateMachineUpdater.java:takeSnapshot(269)) - 63c5c595-8d4c-4001-b46d-6e0cbb5b9d3c@group-1F54BEB118E4-StateMachineUpdater: Took a snapshot at index 4
2019-11-13 20:40:35,498 [63c5c595-8d4c-4001-b46d-6e0cbb5b9d3c@group-1F54BEB118E4-StateMachineUpdater] INFO  impl.StateMachineUpdater (StateMachineUpdater.java:lambda$new$0(84)) - 63c5c595-8d4c-4001-b46d-6e0cbb5b9d3c@group-1F54BEB118E4-StateMachineUpdater: snapshotIndex: updateIncreasingly -1 -> 4
2019-11-13 20:40:35,498 [63c5c595-8d4c-4001-b46d-6e0cbb5b9d3c@group-1F54BEB118E4-StateMachineUpdater] INFO  ratis.ContainerStateMachine (ContainerStateMachine.java:takeSnapshot(285)) - group-1F54BEB118E4: Taking a snapshot at:(t:1, i:4) file /workdir/hadoop-ozone/integration-test/target/test-dir/MiniOzoneClusterImpl-23a5d35f-12cc-4157-b83c-481d86791456/datanode-4/data/ratis/acc2acbb-a4d5-4292-8026-1f54beb118e4/sm/snapshot.1_4
2019-11-13 20:40:35,498 [main] INFO  server.AbstractConnector (AbstractConnector.java:doStop(318)) - Stopped ServerConnector@2a8f8555{HTTP/1.1,[http/1.1]}{0.0.0.0:0}
2019-11-13 20:40:35,499 [main] INFO  handler.ContextHandler (ContextHandler.java:doStop(910)) - Stopped o.e.j.s.ServletContextHandler@44faa4f2{/static,jar:file:/home/user/.m2/repository/org/apache/hadoop/hadoop-hdds-container-service/0.5.0-SNAPSHOT/hadoop-hdds-container-service-0.5.0-SNAPSHOT.jar!/webapps/static,UNAVAILABLE}
2019-11-13 20:40:35,499 [main] INFO  handler.ContextHandler (ContextHandler.java:doStop(910)) - Stopped o.e.j.s.ServletContextHandler@69b3886f{/logs,file:///workdir/hadoop-ozone/integration-test/target/log,UNAVAILABLE}
2019-11-13 20:40:35,512 [63c5c595-8d4c-4001-b46d-6e0cbb5b9d3c@group-1F54BEB118E4-StateMachineUpdater] INFO  ratis.ContainerStateMachine (ContainerStateMachine.java:takeSnapshot(296)) - group-1F54BEB118E4: Finished taking a snapshot at:(t:1, i:4) file:/workdir/hadoop-ozone/integration-test/target/test-dir/MiniOzoneClusterImpl-23a5d35f-12cc-4157-b83c-481d86791456/datanode-4/data/ratis/acc2acbb-a4d5-4292-8026-1f54beb118e4/sm/snapshot.1_4 time:14
2019-11-13 20:40:35,512 [63c5c595-8d4c-4001-b46d-6e0cbb5b9d3c@group-1F54BEB118E4-StateMachineUpdater] INFO  impl.StateMachineUpdater (StateMachineUpdater.java:takeSnapshot(269)) - 63c5c595-8d4c-4001-b46d-6e0cbb5b9d3c@group-1F54BEB118E4-StateMachineUpdater: Took a snapshot at index 4
2019-11-13 20:40:35,512 [63c5c595-8d4c-4001-b46d-6e0cbb5b9d3c@group-1F54BEB118E4-StateMachineUpdater] INFO  impl.StateMachineUpdater (StateMachineUpdater.java:lambda$new$0(84)) - 63c5c595-8d4c-4001-b46d-6e0cbb5b9d3c@group-1F54BEB118E4-StateMachineUpdater: snapshotIndex: updateIncreasingly 4 -> 4
2019-11-13 20:40:35,512 [ForkJoinPool.commonPool-worker-1] INFO  impl.RaftServerImpl (ServerState.java:close(387)) - 63c5c595-8d4c-4001-b46d-6e0cbb5b9d3c@group-1F54BEB118E4: closes. applyIndex: 8
2019-11-13 20:40:35,513 [63c5c595-8d4c-4001-b46d-6e0cbb5b9d3c@group-1F54BEB118E4-SegmentedRaftLogWorker] INFO  segmented.SegmentedRaftLogWorker (SegmentedRaftLogWorker.java:run(316)) - 63c5c595-8d4c-4001-b46d-6e0cbb5b9d3c@group-1F54BEB118E4-SegmentedRaftLogWorker was interrupted, exiting. There are 0 tasks remaining in the queue.
2019-11-13 20:40:35,513 [ForkJoinPool.commonPool-worker-1] INFO  segmented.SegmentedRaftLogWorker (SegmentedRaftLogWorker.java:close(224)) - 63c5c595-8d4c-4001-b46d-6e0cbb5b9d3c@group-1F54BEB118E4-SegmentedRaftLogWorker close()
2019-11-13 20:40:35,514 [ForkJoinPool.commonPool-worker-1] INFO  server.GrpcService (GrpcService.java:closeImpl(164)) - 63c5c595-8d4c-4001-b46d-6e0cbb5b9d3c: shutdown server with port 42027 now
2019-11-13 20:40:35,514 [grpc-default-executor-4] WARN  server.GrpcServerProtocolService (LogUtils.java:warn(134)) - 63c5c595-8d4c-4001-b46d-6e0cbb5b9d3c: installSnapshot onError, lastRequest: dce7850f-9f3d-4223-ba72-4d8238cab252->63c5c595-8d4c-4001-b46d-6e0cbb5b9d3c#10-t2, previous=(t:2, i:8), leaderCommit=8, initializing? false, entries: <empty>: org.apache.ratis.thirdparty.io.grpc.StatusRuntimeException: CANCELLED: cancelled before receiving half close
2019-11-13 20:40:35,515 [ForkJoinPool.commonPool-worker-1] INFO  server.GrpcService (GrpcService.java:closeImpl(172)) - 63c5c595-8d4c-4001-b46d-6e0cbb5b9d3c: shutdown server with port 42027 successfully
2019-11-13 20:40:35,515 [grpc-default-executor-2] WARN  server.GrpcLogAppender (LogUtils.java:warn(134)) - dce7850f-9f3d-4223-ba72-4d8238cab252@group-1F54BEB118E4->63c5c595-8d4c-4001-b46d-6e0cbb5b9d3c-AppendLogResponseHandler: Failed appendEntries: org.apache.ratis.thirdparty.io.grpc.StatusRuntimeException: CANCELLED: HTTP/2 error code: CANCEL
Received Rst Stream
2019-11-13 20:40:35,515 [grpc-default-executor-2] INFO  impl.FollowerInfo (FollowerInfo.java:lambda$new$0(51)) - dce7850f-9f3d-4223-ba72-4d8238cab252@group-1F54BEB118E4->63c5c595-8d4c-4001-b46d-6e0cbb5b9d3c: nextIndex: updateUnconditionally 9 -> 8
2019-11-13 20:40:35,520 [refreshUsed-/workdir/hadoop-ozone/integration-test/target/test-dir/MiniOzoneClusterImpl-23a5d35f-12cc-4157-b83c-481d86791456/datanode-4/data/containers] WARN  fs.CachingGetSpaceUsed (CachingGetSpaceUsed.java:run(183)) - Thread Interrupted waiting to refresh disk information: sleep interrupted
2019-11-13 20:40:35,532 [ForkJoinPool.commonPool-worker-1] INFO  utils.BackgroundService (BackgroundService.java:shutdown(151)) - Shutting down service BlockDeletingService
2019-11-13 20:40:35,533 [ForkJoinPool.commonPool-worker-1] INFO  statemachine.DatanodeStateMachine (DatanodeStateMachine.java:stopDaemon(395)) - Ozone container server stopped.
2019-11-13 20:40:35,542 [ForkJoinPool.commonPool-worker-1] INFO  handler.ContextHandler (ContextHandler.java:doStop(910)) - Stopped o.e.j.w.WebAppContext@68e5c7ae{/,null,UNAVAILABLE}{/hddsDatanode}
2019-11-13 20:40:35,542 [ForkJoinPool.commonPool-worker-1] INFO  server.AbstractConnector (AbstractConnector.java:doStop(318)) - Stopped ServerConnector@68bd8ca7{HTTP/1.1,[http/1.1]}{0.0.0.0:0}
2019-11-13 20:40:35,543 [ForkJoinPool.commonPool-worker-1] INFO  handler.ContextHandler (ContextHandler.java:doStop(910)) - Stopped o.e.j.s.ServletContextHandler@cf01c2e{/static,jar:file:/home/user/.m2/repository/org/apache/hadoop/hadoop-hdds-container-service/0.5.0-SNAPSHOT/hadoop-hdds-container-service-0.5.0-SNAPSHOT.jar!/webapps/static,UNAVAILABLE}
2019-11-13 20:40:35,544 [ForkJoinPool.commonPool-worker-1] INFO  handler.ContextHandler (ContextHandler.java:doStop(910)) - Stopped o.e.j.s.ServletContextHandler@31881aa2{/logs,file:///workdir/hadoop-ozone/integration-test/target/log,UNAVAILABLE}
2019-11-13 20:40:35,723 [grpc-default-executor-4] WARN  server.GrpcLogAppender (LogUtils.java:warn(134)) - 405db254-2a77-41b8-bcbc-61d002fbc757@group-DA587B7DE557->a0d01d6c-1588-47d8-b58d-5bdc55d47431-AppendLogResponseHandler: Failed appendEntries: org.apache.ratis.thirdparty.io.grpc.StatusRuntimeException: UNAVAILABLE: io exception
2019-11-13 20:40:35,723 [grpc-default-executor-4] INFO  impl.FollowerInfo (FollowerInfo.java:lambda$new$0(51)) - 405db254-2a77-41b8-bcbc-61d002fbc757@group-DA587B7DE557->a0d01d6c-1588-47d8-b58d-5bdc55d47431: nextIndex: updateUnconditionally 0 -> 0
2019-11-13 20:40:35,730 [grpc-default-executor-0] WARN  server.GrpcLogAppender (LogUtils.java:warn(134)) - 405db254-2a77-41b8-bcbc-61d002fbc757@group-DA587B7DE557->777bd53d-1b96-45c1-9d99-437e419e4ea1-AppendLogResponseHandler: Failed appendEntries: org.apache.ratis.thirdparty.io.grpc.StatusRuntimeException: UNAVAILABLE: io exception
2019-11-13 20:40:35,730 [grpc-default-executor-0] INFO  impl.FollowerInfo (FollowerInfo.java:lambda$new$0(51)) - 405db254-2a77-41b8-bcbc-61d002fbc757@group-DA587B7DE557->777bd53d-1b96-45c1-9d99-437e419e4ea1: nextIndex: updateUnconditionally 0 -> 0
2019-11-13 20:40:35,836 [grpc-default-executor-4] WARN  server.GrpcLogAppender (LogUtils.java:warn(134)) - dce7850f-9f3d-4223-ba72-4d8238cab252@group-1F54BEB118E4->2929643e-7442-4794-a56e-1c38ca296261-AppendLogResponseHandler: Failed appendEntries: org.apache.ratis.thirdparty.io.grpc.StatusRuntimeException: UNAVAILABLE: io exception
2019-11-13 20:40:35,836 [grpc-default-executor-4] INFO  impl.FollowerInfo (FollowerInfo.java:lambda$new$0(51)) - dce7850f-9f3d-4223-ba72-4d8238cab252@group-1F54BEB118E4->2929643e-7442-4794-a56e-1c38ca296261: nextIndex: updateUnconditionally 0 -> 0
2019-11-13 20:40:35,854 [grpc-default-executor-2] WARN  server.GrpcLogAppender (LogUtils.java:warn(134)) - dce7850f-9f3d-4223-ba72-4d8238cab252@group-1F54BEB118E4->63c5c595-8d4c-4001-b46d-6e0cbb5b9d3c-AppendLogResponseHandler: Failed appendEntries: org.apache.ratis.thirdparty.io.grpc.StatusRuntimeException: UNAVAILABLE: io exception
2019-11-13 20:40:35,854 [grpc-default-executor-2] INFO  impl.FollowerInfo (FollowerInfo.java:lambda$new$0(51)) - dce7850f-9f3d-4223-ba72-4d8238cab252@group-1F54BEB118E4->63c5c595-8d4c-4001-b46d-6e0cbb5b9d3c: nextIndex: updateUnconditionally 8 -> 7
2019-11-13 20:40:35,878 [grpc-default-executor-0] WARN  server.GrpcLogAppender (LogUtils.java:warn(134)) - 11bf945c-44a0-4fdd-85a2-60a349617ab7@group-B74ABADDE9AD->e207fbae-fd28-42f6-9bb4-297c35844d9f-AppendLogResponseHandler: Failed appendEntries: org.apache.ratis.thirdparty.io.grpc.StatusRuntimeException: UNAVAILABLE: io exception
2019-11-13 20:40:35,878 [grpc-default-executor-0] INFO  impl.FollowerInfo (FollowerInfo.java:lambda$new$0(51)) - 11bf945c-44a0-4fdd-85a2-60a349617ab7@group-B74ABADDE9AD->e207fbae-fd28-42f6-9bb4-297c35844d9f: nextIndex: updateUnconditionally 0 -> 0
2019-11-13 20:40:35,887 [grpc-default-executor-4] WARN  server.GrpcLogAppender (LogUtils.java:warn(134)) - 11bf945c-44a0-4fdd-85a2-60a349617ab7@group-B74ABADDE9AD->a35788b4-68d9-46fd-b847-60a9b7211510-AppendLogResponseHandler: Failed appendEntries: org.apache.ratis.thirdparty.io.grpc.StatusRuntimeException: UNAVAILABLE: io exception
2019-11-13 20:40:35,888 [grpc-default-executor-4] INFO  impl.FollowerInfo (FollowerInfo.java:lambda$new$0(51)) - 11bf945c-44a0-4fdd-85a2-60a349617ab7@group-B74ABADDE9AD->a35788b4-68d9-46fd-b847-60a9b7211510: nextIndex: updateUnconditionally 0 -> 0
2019-11-13 20:40:35,943 [Datanode State Machine Thread - 0] INFO  statemachine.DatanodeStateMachine (DatanodeStateMachine.java:lambda$startDaemon$0(350)) - Ozone container server started.
2019-11-13 20:40:36,223 [grpc-default-executor-2] WARN  server.GrpcLogAppender (LogUtils.java:warn(134)) - 405db254-2a77-41b8-bcbc-61d002fbc757@group-DA587B7DE557->a0d01d6c-1588-47d8-b58d-5bdc55d47431-AppendLogResponseHandler: Failed appendEntries: org.apache.ratis.thirdparty.io.grpc.StatusRuntimeException: UNAVAILABLE: io exception
2019-11-13 20:40:36,223 [grpc-default-executor-2] INFO  impl.FollowerInfo (FollowerInfo.java:lambda$new$0(51)) - 405db254-2a77-41b8-bcbc-61d002fbc757@group-DA587B7DE557->a0d01d6c-1588-47d8-b58d-5bdc55d47431: nextIndex: updateUnconditionally 0 -> 0
2019-11-13 20:40:36,230 [grpc-default-executor-2] WARN  server.GrpcLogAppender (LogUtils.java:warn(134)) - 405db254-2a77-41b8-bcbc-61d002fbc757@group-DA587B7DE557->777bd53d-1b96-45c1-9d99-437e419e4ea1-AppendLogResponseHandler: Failed appendEntries: org.apache.ratis.thirdparty.io.grpc.StatusRuntimeException: UNAVAILABLE: io exception
2019-11-13 20:40:36,230 [grpc-default-executor-2] INFO  impl.FollowerInfo (FollowerInfo.java:lambda$new$0(51)) - 405db254-2a77-41b8-bcbc-61d002fbc757@group-DA587B7DE557->777bd53d-1b96-45c1-9d99-437e419e4ea1: nextIndex: updateUnconditionally 0 -> 0
2019-11-13 20:40:36,252 [Datanode State Machine Thread - 0] INFO  statemachine.DatanodeStateMachine (DatanodeStateMachine.java:lambda$startDaemon$0(350)) - Ozone container server started.
2019-11-13 20:40:36,336 [grpc-default-executor-2] WARN  server.GrpcLogAppender (LogUtils.java:warn(134)) - dce7850f-9f3d-4223-ba72-4d8238cab252@group-1F54BEB118E4->2929643e-7442-4794-a56e-1c38ca296261-AppendLogResponseHandler: Failed appendEntries: org.apache.ratis.thirdparty.io.grpc.StatusRuntimeException: UNAVAILABLE: io exception
2019-11-13 20:40:36,336 [grpc-default-executor-2] INFO  impl.FollowerInfo (FollowerInfo.java:lambda$new$0(51)) - dce7850f-9f3d-4223-ba72-4d8238cab252@group-1F54BEB118E4->2929643e-7442-4794-a56e-1c38ca296261: nextIndex: updateUnconditionally 0 -> 0
2019-11-13 20:40:36,354 [grpc-default-executor-2] WARN  server.GrpcLogAppender (LogUtils.java:warn(134)) - dce7850f-9f3d-4223-ba72-4d8238cab252@group-1F54BEB118E4->63c5c595-8d4c-4001-b46d-6e0cbb5b9d3c-AppendLogResponseHandler: Failed appendEntries: org.apache.ratis.thirdparty.io.grpc.StatusRuntimeException: UNAVAILABLE: io exception
2019-11-13 20:40:36,354 [grpc-default-executor-2] INFO  impl.FollowerInfo (FollowerInfo.java:lambda$new$0(51)) - dce7850f-9f3d-4223-ba72-4d8238cab252@group-1F54BEB118E4->63c5c595-8d4c-4001-b46d-6e0cbb5b9d3c: nextIndex: updateUnconditionally 7 -> 6
2019-11-13 20:40:36,378 [grpc-default-executor-0] WARN  server.GrpcLogAppender (LogUtils.java:warn(134)) - 11bf945c-44a0-4fdd-85a2-60a349617ab7@group-B74ABADDE9AD->e207fbae-fd28-42f6-9bb4-297c35844d9f-AppendLogResponseHandler: Failed appendEntries: org.apache.ratis.thirdparty.io.grpc.StatusRuntimeException: UNAVAILABLE: io exception
2019-11-13 20:40:36,379 [grpc-default-executor-0] INFO  impl.FollowerInfo (FollowerInfo.java:lambda$new$0(51)) - 11bf945c-44a0-4fdd-85a2-60a349617ab7@group-B74ABADDE9AD->e207fbae-fd28-42f6-9bb4-297c35844d9f: nextIndex: updateUnconditionally 0 -> 0
2019-11-13 20:40:36,388 [grpc-default-executor-4] WARN  server.GrpcLogAppender (LogUtils.java:warn(134)) - 11bf945c-44a0-4fdd-85a2-60a349617ab7@group-B74ABADDE9AD->a35788b4-68d9-46fd-b847-60a9b7211510-AppendLogResponseHandler: Failed appendEntries: org.apache.ratis.thirdparty.io.grpc.StatusRuntimeException: UNAVAILABLE: io exception
2019-11-13 20:40:36,388 [grpc-default-executor-4] INFO  impl.FollowerInfo (FollowerInfo.java:lambda$new$0(51)) - 11bf945c-44a0-4fdd-85a2-60a349617ab7@group-B74ABADDE9AD->a35788b4-68d9-46fd-b847-60a9b7211510: nextIndex: updateUnconditionally 0 -> 0
2019-11-13 20:40:36,724 [grpc-default-executor-2] WARN  server.GrpcLogAppender (LogUtils.java:warn(134)) - 405db254-2a77-41b8-bcbc-61d002fbc757@group-DA587B7DE557->a0d01d6c-1588-47d8-b58d-5bdc55d47431-AppendLogResponseHandler: Failed appendEntries: org.apache.ratis.thirdparty.io.grpc.StatusRuntimeException: UNAVAILABLE: io exception
2019-11-13 20:40:36,724 [grpc-default-executor-2] INFO  impl.FollowerInfo (FollowerInfo.java:lambda$new$0(51)) - 405db254-2a77-41b8-bcbc-61d002fbc757@group-DA587B7DE557->a0d01d6c-1588-47d8-b58d-5bdc55d47431: nextIndex: updateUnconditionally 0 -> 0
2019-11-13 20:40:36,730 [grpc-default-executor-4] WARN  server.GrpcLogAppender (LogUtils.java:warn(134)) - 405db254-2a77-41b8-bcbc-61d002fbc757@group-DA587B7DE557->777bd53d-1b96-45c1-9d99-437e419e4ea1-AppendLogResponseHandler: Failed appendEntries: org.apache.ratis.thirdparty.io.grpc.StatusRuntimeException: UNAVAILABLE: io exception
2019-11-13 20:40:36,730 [grpc-default-executor-4] INFO  impl.FollowerInfo (FollowerInfo.java:lambda$new$0(51)) - 405db254-2a77-41b8-bcbc-61d002fbc757@group-DA587B7DE557->777bd53d-1b96-45c1-9d99-437e419e4ea1: nextIndex: updateUnconditionally 0 -> 0
2019-11-13 20:40:36,836 [grpc-default-executor-0] WARN  server.GrpcLogAppender (LogUtils.java:warn(134)) - dce7850f-9f3d-4223-ba72-4d8238cab252@group-1F54BEB118E4->2929643e-7442-4794-a56e-1c38ca296261-AppendLogResponseHandler: Failed appendEntries: org.apache.ratis.thirdparty.io.grpc.StatusRuntimeException: UNAVAILABLE: io exception
2019-11-13 20:40:36,836 [grpc-default-executor-0] INFO  impl.FollowerInfo (FollowerInfo.java:lambda$new$0(51)) - dce7850f-9f3d-4223-ba72-4d8238cab252@group-1F54BEB118E4->2929643e-7442-4794-a56e-1c38ca296261: nextIndex: updateUnconditionally 0 -> 0
2019-11-13 20:40:36,854 [grpc-default-executor-0] WARN  server.GrpcLogAppender (LogUtils.java:warn(134)) - dce7850f-9f3d-4223-ba72-4d8238cab252@group-1F54BEB118E4->63c5c595-8d4c-4001-b46d-6e0cbb5b9d3c-AppendLogResponseHandler: Failed appendEntries: org.apache.ratis.thirdparty.io.grpc.StatusRuntimeException: UNAVAILABLE: io exception
2019-11-13 20:40:36,855 [grpc-default-executor-0] INFO  impl.FollowerInfo (FollowerInfo.java:lambda$new$0(51)) - dce7850f-9f3d-4223-ba72-4d8238cab252@group-1F54BEB118E4->63c5c595-8d4c-4001-b46d-6e0cbb5b9d3c: nextIndex: updateUnconditionally 6 -> 5
2019-11-13 20:40:36,879 [grpc-default-executor-2] WARN  server.GrpcLogAppender (LogUtils.java:warn(134)) - 11bf945c-44a0-4fdd-85a2-60a349617ab7@group-B74ABADDE9AD->e207fbae-fd28-42f6-9bb4-297c35844d9f-AppendLogResponseHandler: Failed appendEntries: org.apache.ratis.thirdparty.io.grpc.StatusRuntimeException: UNAVAILABLE: io exception
2019-11-13 20:40:36,879 [grpc-default-executor-2] INFO  impl.FollowerInfo (FollowerInfo.java:lambda$new$0(51)) - 11bf945c-44a0-4fdd-85a2-60a349617ab7@group-B74ABADDE9AD->e207fbae-fd28-42f6-9bb4-297c35844d9f: nextIndex: updateUnconditionally 0 -> 0
2019-11-13 20:40:36,888 [grpc-default-executor-0] WARN  server.GrpcLogAppender (LogUtils.java:warn(134)) - 11bf945c-44a0-4fdd-85a2-60a349617ab7@group-B74ABADDE9AD->a35788b4-68d9-46fd-b847-60a9b7211510-AppendLogResponseHandler: Failed appendEntries: org.apache.ratis.thirdparty.io.grpc.StatusRuntimeException: UNAVAILABLE: io exception
2019-11-13 20:40:36,888 [grpc-default-executor-0] INFO  impl.FollowerInfo (FollowerInfo.java:lambda$new$0(51)) - 11bf945c-44a0-4fdd-85a2-60a349617ab7@group-B74ABADDE9AD->a35788b4-68d9-46fd-b847-60a9b7211510: nextIndex: updateUnconditionally 0 -> 0
2019-11-13 20:40:37,224 [grpc-default-executor-4] WARN  server.GrpcLogAppender (LogUtils.java:warn(134)) - 405db254-2a77-41b8-bcbc-61d002fbc757@group-DA587B7DE557->a0d01d6c-1588-47d8-b58d-5bdc55d47431-AppendLogResponseHandler: Failed appendEntries: org.apache.ratis.thirdparty.io.grpc.StatusRuntimeException: UNAVAILABLE: io exception
2019-11-13 20:40:37,225 [grpc-default-executor-4] INFO  impl.FollowerInfo (FollowerInfo.java:lambda$new$0(51)) - 405db254-2a77-41b8-bcbc-61d002fbc757@group-DA587B7DE557->a0d01d6c-1588-47d8-b58d-5bdc55d47431: nextIndex: updateUnconditionally 0 -> 0
2019-11-13 20:40:37,231 [grpc-default-executor-4] WARN  server.GrpcLogAppender (LogUtils.java:warn(134)) - 405db254-2a77-41b8-bcbc-61d002fbc757@group-DA587B7DE557->777bd53d-1b96-45c1-9d99-437e419e4ea1-AppendLogResponseHandler: Failed appendEntries: org.apache.ratis.thirdparty.io.grpc.StatusRuntimeException: UNAVAILABLE: io exception
2019-11-13 20:40:37,231 [grpc-default-executor-4] INFO  impl.FollowerInfo (FollowerInfo.java:lambda$new$0(51)) - 405db254-2a77-41b8-bcbc-61d002fbc757@group-DA587B7DE557->777bd53d-1b96-45c1-9d99-437e419e4ea1: nextIndex: updateUnconditionally 0 -> 0
2019-11-13 20:40:37,337 [grpc-default-executor-4] WARN  server.GrpcLogAppender (LogUtils.java:warn(134)) - dce7850f-9f3d-4223-ba72-4d8238cab252@group-1F54BEB118E4->2929643e-7442-4794-a56e-1c38ca296261-AppendLogResponseHandler: Failed appendEntries: org.apache.ratis.thirdparty.io.grpc.StatusRuntimeException: UNAVAILABLE: io exception
2019-11-13 20:40:37,337 [grpc-default-executor-4] INFO  impl.FollowerInfo (FollowerInfo.java:lambda$new$0(51)) - dce7850f-9f3d-4223-ba72-4d8238cab252@group-1F54BEB118E4->2929643e-7442-4794-a56e-1c38ca296261: nextIndex: updateUnconditionally 0 -> 0
2019-11-13 20:40:37,355 [grpc-default-executor-4] WARN  server.GrpcLogAppender (LogUtils.java:warn(134)) - dce7850f-9f3d-4223-ba72-4d8238cab252@group-1F54BEB118E4->63c5c595-8d4c-4001-b46d-6e0cbb5b9d3c-AppendLogResponseHandler: Failed appendEntries: org.apache.ratis.thirdparty.io.grpc.StatusRuntimeException: UNAVAILABLE: io exception
2019-11-13 20:40:37,355 [grpc-default-executor-4] INFO  impl.FollowerInfo (FollowerInfo.java:lambda$new$0(51)) - dce7850f-9f3d-4223-ba72-4d8238cab252@group-1F54BEB118E4->63c5c595-8d4c-4001-b46d-6e0cbb5b9d3c: nextIndex: updateUnconditionally 5 -> 4
2019-11-13 20:40:37,379 [grpc-default-executor-2] WARN  server.GrpcLogAppender (LogUtils.java:warn(134)) - 11bf945c-44a0-4fdd-85a2-60a349617ab7@group-B74ABADDE9AD->e207fbae-fd28-42f6-9bb4-297c35844d9f-AppendLogResponseHandler: Failed appendEntries: org.apache.ratis.thirdparty.io.grpc.StatusRuntimeException: UNAVAILABLE: io exception
2019-11-13 20:40:37,379 [grpc-default-executor-2] INFO  impl.FollowerInfo (FollowerInfo.java:lambda$new$0(51)) - 11bf945c-44a0-4fdd-85a2-60a349617ab7@group-B74ABADDE9AD->e207fbae-fd28-42f6-9bb4-297c35844d9f: nextIndex: updateUnconditionally 0 -> 0
2019-11-13 20:40:37,388 [grpc-default-executor-0] WARN  server.GrpcLogAppender (LogUtils.java:warn(134)) - 11bf945c-44a0-4fdd-85a2-60a349617ab7@group-B74ABADDE9AD->a35788b4-68d9-46fd-b847-60a9b7211510-AppendLogResponseHandler: Failed appendEntries: org.apache.ratis.thirdparty.io.grpc.StatusRuntimeException: UNAVAILABLE: io exception
2019-11-13 20:40:37,389 [grpc-default-executor-0] INFO  impl.FollowerInfo (FollowerInfo.java:lambda$new$0(51)) - 11bf945c-44a0-4fdd-85a2-60a349617ab7@group-B74ABADDE9AD->a35788b4-68d9-46fd-b847-60a9b7211510: nextIndex: updateUnconditionally 0 -> 0
2019-11-13 20:40:37,725 [grpc-default-executor-0] WARN  server.GrpcLogAppender (LogUtils.java:warn(134)) - 405db254-2a77-41b8-bcbc-61d002fbc757@group-DA587B7DE557->a0d01d6c-1588-47d8-b58d-5bdc55d47431-AppendLogResponseHandler: Failed appendEntries: org.apache.ratis.thirdparty.io.grpc.StatusRuntimeException: UNAVAILABLE: io exception
2019-11-13 20:40:37,726 [grpc-default-executor-0] INFO  impl.FollowerInfo (FollowerInfo.java:lambda$new$0(51)) - 405db254-2a77-41b8-bcbc-61d002fbc757@group-DA587B7DE557->a0d01d6c-1588-47d8-b58d-5bdc55d47431: nextIndex: updateUnconditionally 0 -> 0
2019-11-13 20:40:37,731 [grpc-default-executor-4] WARN  server.GrpcLogAppender (LogUtils.java:warn(134)) - 405db254-2a77-41b8-bcbc-61d002fbc757@group-DA587B7DE557->777bd53d-1b96-45c1-9d99-437e419e4ea1-AppendLogResponseHandler: Failed appendEntries: org.apache.ratis.thirdparty.io.grpc.StatusRuntimeException: UNAVAILABLE: io exception
2019-11-13 20:40:37,732 [grpc-default-executor-4] INFO  impl.FollowerInfo (FollowerInfo.java:lambda$new$0(51)) - 405db254-2a77-41b8-bcbc-61d002fbc757@group-DA587B7DE557->777bd53d-1b96-45c1-9d99-437e419e4ea1: nextIndex: updateUnconditionally 0 -> 0
2019-11-13 20:40:37,837 [grpc-default-executor-4] WARN  server.GrpcLogAppender (LogUtils.java:warn(134)) - dce7850f-9f3d-4223-ba72-4d8238cab252@group-1F54BEB118E4->2929643e-7442-4794-a56e-1c38ca296261-AppendLogResponseHandler: Failed appendEntries: org.apache.ratis.thirdparty.io.grpc.StatusRuntimeException: UNAVAILABLE: io exception
2019-11-13 20:40:37,838 [grpc-default-executor-4] INFO  impl.FollowerInfo (FollowerInfo.java:lambda$new$0(51)) - dce7850f-9f3d-4223-ba72-4d8238cab252@group-1F54BEB118E4->2929643e-7442-4794-a56e-1c38ca296261: nextIndex: updateUnconditionally 0 -> 0
2019-11-13 20:40:37,855 [grpc-default-executor-2] WARN  server.GrpcLogAppender (LogUtils.java:warn(134)) - dce7850f-9f3d-4223-ba72-4d8238cab252@group-1F54BEB118E4->63c5c595-8d4c-4001-b46d-6e0cbb5b9d3c-AppendLogResponseHandler: Failed appendEntries: org.apache.ratis.thirdparty.io.grpc.StatusRuntimeException: UNAVAILABLE: io exception
2019-11-13 20:40:37,856 [grpc-default-executor-2] INFO  impl.FollowerInfo (FollowerInfo.java:lambda$new$0(51)) - dce7850f-9f3d-4223-ba72-4d8238cab252@group-1F54BEB118E4->63c5c595-8d4c-4001-b46d-6e0cbb5b9d3c: nextIndex: updateUnconditionally 4 -> 3
2019-11-13 20:40:37,879 [grpc-default-executor-2] WARN  server.GrpcLogAppender (LogUtils.java:warn(134)) - 11bf945c-44a0-4fdd-85a2-60a349617ab7@group-B74ABADDE9AD->e207fbae-fd28-42f6-9bb4-297c35844d9f-AppendLogResponseHandler: Failed appendEntries: org.apache.ratis.thirdparty.io.grpc.StatusRuntimeException: UNAVAILABLE: io exception
2019-11-13 20:40:37,879 [grpc-default-executor-2] INFO  impl.FollowerInfo (FollowerInfo.java:lambda$new$0(51)) - 11bf945c-44a0-4fdd-85a2-60a349617ab7@group-B74ABADDE9AD->e207fbae-fd28-42f6-9bb4-297c35844d9f: nextIndex: updateUnconditionally 0 -> 0
2019-11-13 20:40:37,889 [grpc-default-executor-2] WARN  server.GrpcLogAppender (LogUtils.java:warn(134)) - 11bf945c-44a0-4fdd-85a2-60a349617ab7@group-B74ABADDE9AD->a35788b4-68d9-46fd-b847-60a9b7211510-AppendLogResponseHandler: Failed appendEntries: org.apache.ratis.thirdparty.io.grpc.StatusRuntimeException: UNAVAILABLE: io exception
2019-11-13 20:40:37,889 [grpc-default-executor-2] INFO  impl.FollowerInfo (FollowerInfo.java:lambda$new$0(51)) - 11bf945c-44a0-4fdd-85a2-60a349617ab7@group-B74ABADDE9AD->a35788b4-68d9-46fd-b847-60a9b7211510: nextIndex: updateUnconditionally 0 -> 0
2019-11-13 20:40:38,229 [grpc-default-executor-2] WARN  server.GrpcLogAppender (LogUtils.java:warn(134)) - 405db254-2a77-41b8-bcbc-61d002fbc757@group-DA587B7DE557->a0d01d6c-1588-47d8-b58d-5bdc55d47431-AppendLogResponseHandler: Failed appendEntries: org.apache.ratis.thirdparty.io.grpc.StatusRuntimeException: UNAVAILABLE: io exception
2019-11-13 20:40:38,230 [grpc-default-executor-2] INFO  impl.FollowerInfo (FollowerInfo.java:lambda$new$0(51)) - 405db254-2a77-41b8-bcbc-61d002fbc757@group-DA587B7DE557->a0d01d6c-1588-47d8-b58d-5bdc55d47431: nextIndex: updateUnconditionally 0 -> 0
2019-11-13 20:40:38,231 [grpc-default-executor-0] WARN  server.GrpcLogAppender (LogUtils.java:warn(134)) - 405db254-2a77-41b8-bcbc-61d002fbc757@group-DA587B7DE557->777bd53d-1b96-45c1-9d99-437e419e4ea1-AppendLogResponseHandler: Failed appendEntries: org.apache.ratis.thirdparty.io.grpc.StatusRuntimeException: UNAVAILABLE: io exception
2019-11-13 20:40:38,232 [grpc-default-executor-0] INFO  impl.FollowerInfo (FollowerInfo.java:lambda$new$0(51)) - 405db254-2a77-41b8-bcbc-61d002fbc757@group-DA587B7DE557->777bd53d-1b96-45c1-9d99-437e419e4ea1: nextIndex: updateUnconditionally 0 -> 0
2019-11-13 20:40:38,338 [grpc-default-executor-4] WARN  server.GrpcLogAppender (LogUtils.java:warn(134)) - dce7850f-9f3d-4223-ba72-4d8238cab252@group-1F54BEB118E4->2929643e-7442-4794-a56e-1c38ca296261-AppendLogResponseHandler: Failed appendEntries: org.apache.ratis.thirdparty.io.grpc.StatusRuntimeException: UNAVAILABLE: io exception
2019-11-13 20:40:38,338 [grpc-default-executor-4] INFO  impl.FollowerInfo (FollowerInfo.java:lambda$new$0(51)) - dce7850f-9f3d-4223-ba72-4d8238cab252@group-1F54BEB118E4->2929643e-7442-4794-a56e-1c38ca296261: nextIndex: updateUnconditionally 0 -> 0
2019-11-13 20:40:38,356 [grpc-default-executor-2] WARN  server.GrpcLogAppender (LogUtils.java:warn(134)) - dce7850f-9f3d-4223-ba72-4d8238cab252@group-1F54BEB118E4->63c5c595-8d4c-4001-b46d-6e0cbb5b9d3c-AppendLogResponseHandler: Failed appendEntries: org.apache.ratis.thirdparty.io.grpc.StatusRuntimeException: UNAVAILABLE: io exception
2019-11-13 20:40:38,357 [grpc-default-executor-2] INFO  impl.FollowerInfo (FollowerInfo.java:lambda$new$0(51)) - dce7850f-9f3d-4223-ba72-4d8238cab252@group-1F54BEB118E4->63c5c595-8d4c-4001-b46d-6e0cbb5b9d3c: nextIndex: updateUnconditionally 3 -> 2
2019-11-13 20:40:38,380 [grpc-default-executor-2] WARN  server.GrpcLogAppender (LogUtils.java:warn(134)) - 11bf945c-44a0-4fdd-85a2-60a349617ab7@group-B74ABADDE9AD->e207fbae-fd28-42f6-9bb4-297c35844d9f-AppendLogResponseHandler: Failed appendEntries: org.apache.ratis.thirdparty.io.grpc.StatusRuntimeException: UNAVAILABLE: io exception
2019-11-13 20:40:38,380 [grpc-default-executor-2] INFO  impl.FollowerInfo (FollowerInfo.java:lambda$new$0(51)) - 11bf945c-44a0-4fdd-85a2-60a349617ab7@group-B74ABADDE9AD->e207fbae-fd28-42f6-9bb4-297c35844d9f: nextIndex: updateUnconditionally 0 -> 0
2019-11-13 20:40:38,389 [grpc-default-executor-0] WARN  server.GrpcLogAppender (LogUtils.java:warn(134)) - 11bf945c-44a0-4fdd-85a2-60a349617ab7@group-B74ABADDE9AD->a35788b4-68d9-46fd-b847-60a9b7211510-AppendLogResponseHandler: Failed appendEntries: org.apache.ratis.thirdparty.io.grpc.StatusRuntimeException: UNAVAILABLE: io exception
2019-11-13 20:40:38,389 [grpc-default-executor-0] INFO  impl.FollowerInfo (FollowerInfo.java:lambda$new$0(51)) - 11bf945c-44a0-4fdd-85a2-60a349617ab7@group-B74ABADDE9AD->a35788b4-68d9-46fd-b847-60a9b7211510: nextIndex: updateUnconditionally 0 -> 0
2019-11-13 20:40:38,728 [grpc-default-executor-4] WARN  server.GrpcLogAppender (LogUtils.java:warn(134)) - 405db254-2a77-41b8-bcbc-61d002fbc757@group-DA587B7DE557->a0d01d6c-1588-47d8-b58d-5bdc55d47431-AppendLogResponseHandler: Failed appendEntries: org.apache.ratis.thirdparty.io.grpc.StatusRuntimeException: UNAVAILABLE: io exception
2019-11-13 20:40:38,729 [grpc-default-executor-4] INFO  impl.FollowerInfo (FollowerInfo.java:lambda$new$0(51)) - 405db254-2a77-41b8-bcbc-61d002fbc757@group-DA587B7DE557->a0d01d6c-1588-47d8-b58d-5bdc55d47431: nextIndex: updateUnconditionally 0 -> 0
2019-11-13 20:40:38,732 [grpc-default-executor-0] WARN  server.GrpcLogAppender (LogUtils.java:warn(134)) - 405db254-2a77-41b8-bcbc-61d002fbc757@group-DA587B7DE557->777bd53d-1b96-45c1-9d99-437e419e4ea1-AppendLogResponseHandler: Failed appendEntries: org.apache.ratis.thirdparty.io.grpc.StatusRuntimeException: UNAVAILABLE: io exception
2019-11-13 20:40:38,732 [grpc-default-executor-0] INFO  impl.FollowerInfo (FollowerInfo.java:lambda$new$0(51)) - 405db254-2a77-41b8-bcbc-61d002fbc757@group-DA587B7DE557->777bd53d-1b96-45c1-9d99-437e419e4ea1: nextIndex: updateUnconditionally 0 -> 0
2019-11-13 20:40:38,838 [grpc-default-executor-2] WARN  server.GrpcLogAppender (LogUtils.java:warn(134)) - dce7850f-9f3d-4223-ba72-4d8238cab252@group-1F54BEB118E4->2929643e-7442-4794-a56e-1c38ca296261-AppendLogResponseHandler: Failed appendEntries: org.apache.ratis.thirdparty.io.grpc.StatusRuntimeException: UNAVAILABLE: io exception
2019-11-13 20:40:38,838 [grpc-default-executor-2] INFO  impl.FollowerInfo (FollowerInfo.java:lambda$new$0(51)) - dce7850f-9f3d-4223-ba72-4d8238cab252@group-1F54BEB118E4->2929643e-7442-4794-a56e-1c38ca296261: nextIndex: updateUnconditionally 0 -> 0
2019-11-13 20:40:38,857 [grpc-default-executor-4] WARN  server.GrpcLogAppender (LogUtils.java:warn(134)) - dce7850f-9f3d-4223-ba72-4d8238cab252@group-1F54BEB118E4->63c5c595-8d4c-4001-b46d-6e0cbb5b9d3c-AppendLogResponseHandler: Failed appendEntries: org.apache.ratis.thirdparty.io.grpc.StatusRuntimeException: UNAVAILABLE: io exception
2019-11-13 20:40:38,857 [grpc-default-executor-4] INFO  impl.FollowerInfo (FollowerInfo.java:lambda$new$0(51)) - dce7850f-9f3d-4223-ba72-4d8238cab252@group-1F54BEB118E4->63c5c595-8d4c-4001-b46d-6e0cbb5b9d3c: nextIndex: updateUnconditionally 2 -> 1
2019-11-13 20:40:38,880 [grpc-default-executor-0] WARN  server.GrpcLogAppender (LogUtils.java:warn(134)) - 11bf945c-44a0-4fdd-85a2-60a349617ab7@group-B74ABADDE9AD->e207fbae-fd28-42f6-9bb4-297c35844d9f-AppendLogResponseHandler: Failed appendEntries: org.apache.ratis.thirdparty.io.grpc.StatusRuntimeException: UNAVAILABLE: io exception
2019-11-13 20:40:38,881 [grpc-default-executor-0] INFO  impl.FollowerInfo (FollowerInfo.java:lambda$new$0(51)) - 11bf945c-44a0-4fdd-85a2-60a349617ab7@group-B74ABADDE9AD->e207fbae-fd28-42f6-9bb4-297c35844d9f: nextIndex: updateUnconditionally 0 -> 0
2019-11-13 20:40:38,890 [grpc-default-executor-2] WARN  server.GrpcLogAppender (LogUtils.java:warn(134)) - 11bf945c-44a0-4fdd-85a2-60a349617ab7@group-B74ABADDE9AD->a35788b4-68d9-46fd-b847-60a9b7211510-AppendLogResponseHandler: Failed appendEntries: org.apache.ratis.thirdparty.io.grpc.StatusRuntimeException: UNAVAILABLE: io exception
2019-11-13 20:40:38,890 [grpc-default-executor-2] INFO  impl.FollowerInfo (FollowerInfo.java:lambda$new$0(51)) - 11bf945c-44a0-4fdd-85a2-60a349617ab7@group-B74ABADDE9AD->a35788b4-68d9-46fd-b847-60a9b7211510: nextIndex: updateUnconditionally 0 -> 0
2019-11-13 20:40:39,229 [grpc-default-executor-2] WARN  server.GrpcLogAppender (LogUtils.java:warn(134)) - 405db254-2a77-41b8-bcbc-61d002fbc757@group-DA587B7DE557->a0d01d6c-1588-47d8-b58d-5bdc55d47431-AppendLogResponseHandler: Failed appendEntries: org.apache.ratis.thirdparty.io.grpc.StatusRuntimeException: UNAVAILABLE: io exception
2019-11-13 20:40:39,229 [grpc-default-executor-2] INFO  impl.FollowerInfo (FollowerInfo.java:lambda$new$0(51)) - 405db254-2a77-41b8-bcbc-61d002fbc757@group-DA587B7DE557->a0d01d6c-1588-47d8-b58d-5bdc55d47431: nextIndex: updateUnconditionally 0 -> 0
2019-11-13 20:40:39,232 [grpc-default-executor-4] WARN  server.GrpcLogAppender (LogUtils.java:warn(134)) - 405db254-2a77-41b8-bcbc-61d002fbc757@group-DA587B7DE557->777bd53d-1b96-45c1-9d99-437e419e4ea1-AppendLogResponseHandler: Failed appendEntries: org.apache.ratis.thirdparty.io.grpc.StatusRuntimeException: UNAVAILABLE: io exception
2019-11-13 20:40:39,232 [grpc-default-executor-4] INFO  impl.FollowerInfo (FollowerInfo.java:lambda$new$0(51)) - 405db254-2a77-41b8-bcbc-61d002fbc757@group-DA587B7DE557->777bd53d-1b96-45c1-9d99-437e419e4ea1: nextIndex: updateUnconditionally 0 -> 0
2019-11-13 20:40:39,338 [grpc-default-executor-4] WARN  server.GrpcLogAppender (LogUtils.java:warn(134)) - dce7850f-9f3d-4223-ba72-4d8238cab252@group-1F54BEB118E4->2929643e-7442-4794-a56e-1c38ca296261-AppendLogResponseHandler: Failed appendEntries: org.apache.ratis.thirdparty.io.grpc.StatusRuntimeException: UNAVAILABLE: io exception
2019-11-13 20:40:39,339 [grpc-default-executor-4] INFO  impl.FollowerInfo (FollowerInfo.java:lambda$new$0(51)) - dce7850f-9f3d-4223-ba72-4d8238cab252@group-1F54BEB118E4->2929643e-7442-4794-a56e-1c38ca296261: nextIndex: updateUnconditionally 0 -> 0
2019-11-13 20:40:39,357 [grpc-default-executor-0] WARN  server.GrpcLogAppender (LogUtils.java:warn(134)) - dce7850f-9f3d-4223-ba72-4d8238cab252@group-1F54BEB118E4->63c5c595-8d4c-4001-b46d-6e0cbb5b9d3c-AppendLogResponseHandler: Failed appendEntries: org.apache.ratis.thirdparty.io.grpc.StatusRuntimeException: UNAVAILABLE: io exception
2019-11-13 20:40:39,357 [grpc-default-executor-0] INFO  impl.FollowerInfo (FollowerInfo.java:lambda$new$0(51)) - dce7850f-9f3d-4223-ba72-4d8238cab252@group-1F54BEB118E4->63c5c595-8d4c-4001-b46d-6e0cbb5b9d3c: nextIndex: updateUnconditionally 1 -> 0
2019-11-13 20:40:39,382 [grpc-default-executor-2] WARN  server.GrpcLogAppender (LogUtils.java:warn(134)) - 11bf945c-44a0-4fdd-85a2-60a349617ab7@group-B74ABADDE9AD->e207fbae-fd28-42f6-9bb4-297c35844d9f-AppendLogResponseHandler: Failed appendEntries: org.apache.ratis.thirdparty.io.grpc.StatusRuntimeException: UNAVAILABLE: io exception
2019-11-13 20:40:39,382 [grpc-default-executor-2] INFO  impl.FollowerInfo (FollowerInfo.java:lambda$new$0(51)) - 11bf945c-44a0-4fdd-85a2-60a349617ab7@group-B74ABADDE9AD->e207fbae-fd28-42f6-9bb4-297c35844d9f: nextIndex: updateUnconditionally 0 -> 0
2019-11-13 20:40:39,390 [grpc-default-executor-4] WARN  server.GrpcLogAppender (LogUtils.java:warn(134)) - 11bf945c-44a0-4fdd-85a2-60a349617ab7@group-B74ABADDE9AD->a35788b4-68d9-46fd-b847-60a9b7211510-AppendLogResponseHandler: Failed appendEntries: org.apache.ratis.thirdparty.io.grpc.StatusRuntimeException: UNAVAILABLE: io exception
2019-11-13 20:40:39,390 [grpc-default-executor-4] INFO  impl.FollowerInfo (FollowerInfo.java:lambda$new$0(51)) - 11bf945c-44a0-4fdd-85a2-60a349617ab7@group-B74ABADDE9AD->a35788b4-68d9-46fd-b847-60a9b7211510: nextIndex: updateUnconditionally 0 -> 0
2019-11-13 20:40:39,732 [grpc-default-executor-4] WARN  server.GrpcLogAppender (LogUtils.java:warn(134)) - 405db254-2a77-41b8-bcbc-61d002fbc757@group-DA587B7DE557->a0d01d6c-1588-47d8-b58d-5bdc55d47431-AppendLogResponseHandler: Failed appendEntries: org.apache.ratis.thirdparty.io.grpc.StatusRuntimeException: UNAVAILABLE: io exception
2019-11-13 20:40:39,732 [grpc-default-executor-4] INFO  impl.FollowerInfo (FollowerInfo.java:lambda$new$0(51)) - 405db254-2a77-41b8-bcbc-61d002fbc757@group-DA587B7DE557->a0d01d6c-1588-47d8-b58d-5bdc55d47431: nextIndex: updateUnconditionally 0 -> 0
2019-11-13 20:40:39,732 [grpc-default-executor-4] WARN  server.GrpcLogAppender (LogUtils.java:warn(134)) - 405db254-2a77-41b8-bcbc-61d002fbc757@group-DA587B7DE557->777bd53d-1b96-45c1-9d99-437e419e4ea1-AppendLogResponseHandler: Failed appendEntries: org.apache.ratis.thirdparty.io.grpc.StatusRuntimeException: UNAVAILABLE: io exception
2019-11-13 20:40:39,732 [grpc-default-executor-4] INFO  impl.FollowerInfo (FollowerInfo.java:lambda$new$0(51)) - 405db254-2a77-41b8-bcbc-61d002fbc757@group-DA587B7DE557->777bd53d-1b96-45c1-9d99-437e419e4ea1: nextIndex: updateUnconditionally 0 -> 0
2019-11-13 20:40:39,839 [grpc-default-executor-2] WARN  server.GrpcLogAppender (LogUtils.java:warn(134)) - dce7850f-9f3d-4223-ba72-4d8238cab252@group-1F54BEB118E4->2929643e-7442-4794-a56e-1c38ca296261-AppendLogResponseHandler: Failed appendEntries: org.apache.ratis.thirdparty.io.grpc.StatusRuntimeException: UNAVAILABLE: io exception
2019-11-13 20:40:39,839 [grpc-default-executor-2] INFO  impl.FollowerInfo (FollowerInfo.java:lambda$new$0(51)) - dce7850f-9f3d-4223-ba72-4d8238cab252@group-1F54BEB118E4->2929643e-7442-4794-a56e-1c38ca296261: nextIndex: updateUnconditionally 0 -> 0
2019-11-13 20:40:39,857 [grpc-default-executor-0] WARN  server.GrpcLogAppender (LogUtils.java:warn(134)) - dce7850f-9f3d-4223-ba72-4d8238cab252@group-1F54BEB118E4->63c5c595-8d4c-4001-b46d-6e0cbb5b9d3c-AppendLogResponseHandler: Failed appendEntries: org.apache.ratis.thirdparty.io.grpc.StatusRuntimeException: UNAVAILABLE: io exception
2019-11-13 20:40:39,857 [grpc-default-executor-0] INFO  impl.FollowerInfo (FollowerInfo.java:lambda$new$0(51)) - dce7850f-9f3d-4223-ba72-4d8238cab252@group-1F54BEB118E4->63c5c595-8d4c-4001-b46d-6e0cbb5b9d3c: nextIndex: updateUnconditionally 0 -> 0
2019-11-13 20:40:39,881 [grpc-default-executor-4] WARN  server.GrpcLogAppender (LogUtils.java:warn(134)) - 11bf945c-44a0-4fdd-85a2-60a349617ab7@group-B74ABADDE9AD->e207fbae-fd28-42f6-9bb4-297c35844d9f-AppendLogResponseHandler: Failed appendEntries: org.apache.ratis.thirdparty.io.grpc.StatusRuntimeException: UNAVAILABLE: io exception
2019-11-13 20:40:39,882 [grpc-default-executor-4] INFO  impl.FollowerInfo (FollowerInfo.java:lambda$new$0(51)) - 11bf945c-44a0-4fdd-85a2-60a349617ab7@group-B74ABADDE9AD->e207fbae-fd28-42f6-9bb4-297c35844d9f: nextIndex: updateUnconditionally 0 -> 0
2019-11-13 20:40:39,891 [grpc-default-executor-2] WARN  server.GrpcLogAppender (LogUtils.java:warn(134)) - 11bf945c-44a0-4fdd-85a2-60a349617ab7@group-B74ABADDE9AD->a35788b4-68d9-46fd-b847-60a9b7211510-AppendLogResponseHandler: Failed appendEntries: org.apache.ratis.thirdparty.io.grpc.StatusRuntimeException: UNAVAILABLE: io exception
2019-11-13 20:40:39,892 [grpc-default-executor-2] INFO  impl.FollowerInfo (FollowerInfo.java:lambda$new$0(51)) - 11bf945c-44a0-4fdd-85a2-60a349617ab7@group-B74ABADDE9AD->a35788b4-68d9-46fd-b847-60a9b7211510: nextIndex: updateUnconditionally 0 -> 0
2019-11-13 20:40:40,231 [grpc-default-executor-2] WARN  server.GrpcLogAppender (LogUtils.java:warn(134)) - 405db254-2a77-41b8-bcbc-61d002fbc757@group-DA587B7DE557->a0d01d6c-1588-47d8-b58d-5bdc55d47431-AppendLogResponseHandler: Failed appendEntries: org.apache.ratis.thirdparty.io.grpc.StatusRuntimeException: UNAVAILABLE: io exception
2019-11-13 20:40:40,232 [grpc-default-executor-2] INFO  impl.FollowerInfo (FollowerInfo.java:lambda$new$0(51)) - 405db254-2a77-41b8-bcbc-61d002fbc757@group-DA587B7DE557->a0d01d6c-1588-47d8-b58d-5bdc55d47431: nextIndex: updateUnconditionally 0 -> 0
2019-11-13 20:40:40,233 [grpc-default-executor-0] WARN  server.GrpcLogAppender (LogUtils.java:warn(134)) - 405db254-2a77-41b8-bcbc-61d002fbc757@group-DA587B7DE557->777bd53d-1b96-45c1-9d99-437e419e4ea1-AppendLogResponseHandler: Failed appendEntries: org.apache.ratis.thirdparty.io.grpc.StatusRuntimeException: UNAVAILABLE: io exception
2019-11-13 20:40:40,233 [grpc-default-executor-0] INFO  impl.FollowerInfo (FollowerInfo.java:lambda$new$0(51)) - 405db254-2a77-41b8-bcbc-61d002fbc757@group-DA587B7DE557->777bd53d-1b96-45c1-9d99-437e419e4ea1: nextIndex: updateUnconditionally 0 -> 0
2019-11-13 20:40:40,340 [grpc-default-executor-4] WARN  server.GrpcLogAppender (LogUtils.java:warn(134)) - dce7850f-9f3d-4223-ba72-4d8238cab252@group-1F54BEB118E4->2929643e-7442-4794-a56e-1c38ca296261-AppendLogResponseHandler: Failed appendEntries: org.apache.ratis.thirdparty.io.grpc.StatusRuntimeException: UNAVAILABLE: io exception
2019-11-13 20:40:40,340 [grpc-default-executor-4] INFO  impl.FollowerInfo (FollowerInfo.java:lambda$new$0(51)) - dce7850f-9f3d-4223-ba72-4d8238cab252@group-1F54BEB118E4->2929643e-7442-4794-a56e-1c38ca296261: nextIndex: updateUnconditionally 0 -> 0
2019-11-13 20:40:40,358 [grpc-default-executor-2] WARN  server.GrpcLogAppender (LogUtils.java:warn(134)) - dce7850f-9f3d-4223-ba72-4d8238cab252@group-1F54BEB118E4->63c5c595-8d4c-4001-b46d-6e0cbb5b9d3c-AppendLogResponseHandler: Failed appendEntries: org.apache.ratis.thirdparty.io.grpc.StatusRuntimeException: UNAVAILABLE: io exception
2019-11-13 20:40:40,358 [grpc-default-executor-2] INFO  impl.FollowerInfo (FollowerInfo.java:lambda$new$0(51)) - dce7850f-9f3d-4223-ba72-4d8238cab252@group-1F54BEB118E4->63c5c595-8d4c-4001-b46d-6e0cbb5b9d3c: nextIndex: updateUnconditionally 0 -> 0
2019-11-13 20:40:40,382 [grpc-default-executor-0] WARN  server.GrpcLogAppender (LogUtils.java:warn(134)) - 11bf945c-44a0-4fdd-85a2-60a349617ab7@group-B74ABADDE9AD->e207fbae-fd28-42f6-9bb4-297c35844d9f-AppendLogResponseHandler: Failed appendEntries: org.apache.ratis.thirdparty.io.grpc.StatusRuntimeException: UNAVAILABLE: io exception
2019-11-13 20:40:40,382 [grpc-default-executor-0] INFO  impl.FollowerInfo (FollowerInfo.java:lambda$new$0(51)) - 11bf945c-44a0-4fdd-85a2-60a349617ab7@group-B74ABADDE9AD->e207fbae-fd28-42f6-9bb4-297c35844d9f: nextIndex: updateUnconditionally 0 -> 0
2019-11-13 20:40:40,391 [grpc-default-executor-4] WARN  server.GrpcLogAppender (LogUtils.java:warn(134)) - 11bf945c-44a0-4fdd-85a2-60a349617ab7@group-B74ABADDE9AD->a35788b4-68d9-46fd-b847-60a9b7211510-AppendLogResponseHandler: Failed appendEntries: org.apache.ratis.thirdparty.io.grpc.StatusRuntimeException: UNAVAILABLE: io exception
2019-11-13 20:40:40,392 [grpc-default-executor-4] INFO  impl.FollowerInfo (FollowerInfo.java:lambda$new$0(51)) - 11bf945c-44a0-4fdd-85a2-60a349617ab7@group-B74ABADDE9AD->a35788b4-68d9-46fd-b847-60a9b7211510: nextIndex: updateUnconditionally 0 -> 0
2019-11-13 20:40:40,502 [main] INFO  ozoneimpl.OzoneContainer (OzoneContainer.java:stop(244)) - Attempting to stop container services.
2019-11-13 20:40:40,503 [main] INFO  impl.RaftServerProxy (RaftServerProxy.java:lambda$close$4(314)) - 11bf945c-44a0-4fdd-85a2-60a349617ab7: close
2019-11-13 20:40:40,504 [main] INFO  impl.RaftServerImpl (RaftServerImpl.java:lambda$shutdown$3(250)) - 11bf945c-44a0-4fdd-85a2-60a349617ab7@group-9B9325370298: shutdown
2019-11-13 20:40:40,504 [main] INFO  util.JmxRegister (JmxRegister.java:unregister(73)) - Successfully un-registered JMX Bean with object name Ratis:service=RaftServer,group=group-9B9325370298,id=11bf945c-44a0-4fdd-85a2-60a349617ab7
2019-11-13 20:40:40,504 [main] INFO  impl.RoleInfo (RoleInfo.java:shutdownLeaderState(104)) - 11bf945c-44a0-4fdd-85a2-60a349617ab7: shutdown LeaderState
2019-11-13 20:40:40,505 [main] INFO  impl.PendingRequests (PendingRequests.java:sendNotLeaderResponses(206)) - 11bf945c-44a0-4fdd-85a2-60a349617ab7@group-9B9325370298-PendingRequests: sendNotLeaderResponses
2019-11-13 20:40:40,506 [main] INFO  impl.StateMachineUpdater (StateMachineUpdater.java:stopAndJoin(136)) - 11bf945c-44a0-4fdd-85a2-60a349617ab7@group-9B9325370298-StateMachineUpdater: set stopIndex = 0
2019-11-13 20:40:40,507 [main] INFO  impl.RaftServerImpl (ServerState.java:close(387)) - 11bf945c-44a0-4fdd-85a2-60a349617ab7@group-9B9325370298: closes. applyIndex: 0
2019-11-13 20:40:40,508 [11bf945c-44a0-4fdd-85a2-60a349617ab7@group-9B9325370298-SegmentedRaftLogWorker] INFO  segmented.SegmentedRaftLogWorker (SegmentedRaftLogWorker.java:run(316)) - 11bf945c-44a0-4fdd-85a2-60a349617ab7@group-9B9325370298-SegmentedRaftLogWorker was interrupted, exiting. There are 0 tasks remaining in the queue.
2019-11-13 20:40:40,508 [main] INFO  segmented.SegmentedRaftLogWorker (SegmentedRaftLogWorker.java:close(224)) - 11bf945c-44a0-4fdd-85a2-60a349617ab7@group-9B9325370298-SegmentedRaftLogWorker close()
2019-11-13 20:40:40,509 [main] INFO  impl.RaftServerImpl (RaftServerImpl.java:lambda$shutdown$3(250)) - 11bf945c-44a0-4fdd-85a2-60a349617ab7@group-B74ABADDE9AD: shutdown
2019-11-13 20:40:40,509 [main] INFO  util.JmxRegister (JmxRegister.java:unregister(73)) - Successfully un-registered JMX Bean with object name Ratis:service=RaftServer,group=group-B74ABADDE9AD,id=11bf945c-44a0-4fdd-85a2-60a349617ab7
2019-11-13 20:40:40,509 [main] INFO  impl.RoleInfo (RoleInfo.java:shutdownLeaderState(104)) - 11bf945c-44a0-4fdd-85a2-60a349617ab7: shutdown LeaderState
2019-11-13 20:40:40,514 [org.apache.ratis.server.impl.LogAppender$AppenderDaemon$$Lambda$478/1368138073@4cf33b7e] WARN  server.GrpcLogAppender (GrpcLogAppender.java:mayWait(151)) - 11bf945c-44a0-4fdd-85a2-60a349617ab7@group-B74ABADDE9AD->a35788b4-68d9-46fd-b847-60a9b7211510-GrpcLogAppender: Wait interrupted by java.lang.InterruptedException
2019-11-13 20:40:40,515 [main] INFO  impl.PendingRequests (PendingRequests.java:sendNotLeaderResponses(206)) - 11bf945c-44a0-4fdd-85a2-60a349617ab7@group-B74ABADDE9AD-PendingRequests: sendNotLeaderResponses
2019-11-13 20:40:40,515 [org.apache.ratis.server.impl.LogAppender$AppenderDaemon$$Lambda$478/1368138073@9f1bc84] WARN  server.GrpcLogAppender (GrpcLogAppender.java:mayWait(151)) - 11bf945c-44a0-4fdd-85a2-60a349617ab7@group-B74ABADDE9AD->e207fbae-fd28-42f6-9bb4-297c35844d9f-GrpcLogAppender: Wait interrupted by java.lang.InterruptedException
2019-11-13 20:40:40,515 [main] INFO  impl.StateMachineUpdater (StateMachineUpdater.java:stopAndJoin(136)) - 11bf945c-44a0-4fdd-85a2-60a349617ab7@group-B74ABADDE9AD-StateMachineUpdater: set stopIndex = 0
2019-11-13 20:40:40,516 [main] INFO  impl.RaftServerImpl (ServerState.java:close(387)) - 11bf945c-44a0-4fdd-85a2-60a349617ab7@group-B74ABADDE9AD: closes. applyIndex: 0
2019-11-13 20:40:40,516 [11bf945c-44a0-4fdd-85a2-60a349617ab7@group-B74ABADDE9AD-SegmentedRaftLogWorker] INFO  segmented.SegmentedRaftLogWorker (SegmentedRaftLogWorker.java:run(316)) - 11bf945c-44a0-4fdd-85a2-60a349617ab7@group-B74ABADDE9AD-SegmentedRaftLogWorker was interrupted, exiting. There are 0 tasks remaining in the queue.
2019-11-13 20:40:40,516 [main] INFO  segmented.SegmentedRaftLogWorker (SegmentedRaftLogWorker.java:close(224)) - 11bf945c-44a0-4fdd-85a2-60a349617ab7@group-B74ABADDE9AD-SegmentedRaftLogWorker close()
2019-11-13 20:40:40,517 [main] INFO  server.GrpcService (GrpcService.java:closeImpl(164)) - 11bf945c-44a0-4fdd-85a2-60a349617ab7: shutdown server with port 36272 now
2019-11-13 20:40:40,518 [main] INFO  server.GrpcService (GrpcService.java:closeImpl(172)) - 11bf945c-44a0-4fdd-85a2-60a349617ab7: shutdown server with port 36272 successfully
2019-11-13 20:40:40,521 [refreshUsed-/workdir/hadoop-ozone/integration-test/target/test-dir/MiniOzoneClusterImpl-23a5d35f-12cc-4157-b83c-481d86791456/datanode-7/data/containers] WARN  fs.CachingGetSpaceUsed (CachingGetSpaceUsed.java:run(183)) - Thread Interrupted waiting to refresh disk information: sleep interrupted
2019-11-13 20:40:40,540 [main] INFO  utils.BackgroundService (BackgroundService.java:shutdown(151)) - Shutting down service BlockDeletingService
2019-11-13 20:40:40,543 [main] INFO  statemachine.DatanodeStateMachine (DatanodeStateMachine.java:stopDaemon(395)) - Ozone container server stopped.
2019-11-13 20:40:40,544 [main] INFO  handler.ContextHandler (ContextHandler.java:doStop(910)) - Stopped o.e.j.w.WebAppContext@2e362407{/,null,UNAVAILABLE}{/hddsDatanode}
2019-11-13 20:40:40,545 [ForkJoinPool.commonPool-worker-1] INFO  ozoneimpl.OzoneContainer (OzoneContainer.java:stop(244)) - Attempting to stop container services.
2019-11-13 20:40:40,545 [main] INFO  server.AbstractConnector (AbstractConnector.java:doStop(318)) - Stopped ServerConnector@388be5fd{HTTP/1.1,[http/1.1]}{0.0.0.0:0}
2019-11-13 20:40:40,546 [ForkJoinPool.commonPool-worker-1] INFO  impl.RaftServerProxy (RaftServerProxy.java:lambda$close$4(314)) - 405db254-2a77-41b8-bcbc-61d002fbc757: close
2019-11-13 20:40:40,546 [main] INFO  handler.ContextHandler (ContextHandler.java:doStop(910)) - Stopped o.e.j.s.ServletContextHandler@49b89425{/static,jar:file:/home/user/.m2/repository/org/apache/hadoop/hadoop-hdds-container-service/0.5.0-SNAPSHOT/hadoop-hdds-container-service-0.5.0-SNAPSHOT.jar!/webapps/static,UNAVAILABLE}
2019-11-13 20:40:40,546 [ForkJoinPool.commonPool-worker-1] INFO  impl.RaftServerImpl (RaftServerImpl.java:lambda$shutdown$3(250)) - 405db254-2a77-41b8-bcbc-61d002fbc757@group-190992A81D7D: shutdown
2019-11-13 20:40:40,546 [main] INFO  handler.ContextHandler (ContextHandler.java:doStop(910)) - Stopped o.e.j.s.ServletContextHandler@1c62c3fd{/logs,file:///workdir/hadoop-ozone/integration-test/target/log,UNAVAILABLE}
2019-11-13 20:40:40,546 [ForkJoinPool.commonPool-worker-1] INFO  util.JmxRegister (JmxRegister.java:unregister(73)) - Successfully un-registered JMX Bean with object name Ratis:service=RaftServer,group=group-190992A81D7D,id=405db254-2a77-41b8-bcbc-61d002fbc757
2019-11-13 20:40:40,547 [ForkJoinPool.commonPool-worker-1] INFO  impl.RoleInfo (RoleInfo.java:shutdownLeaderState(104)) - 405db254-2a77-41b8-bcbc-61d002fbc757: shutdown LeaderState
2019-11-13 20:40:40,547 [ForkJoinPool.commonPool-worker-1] INFO  impl.PendingRequests (PendingRequests.java:sendNotLeaderResponses(206)) - 405db254-2a77-41b8-bcbc-61d002fbc757@group-190992A81D7D-PendingRequests: sendNotLeaderResponses
2019-11-13 20:40:40,548 [ForkJoinPool.commonPool-worker-1] INFO  impl.StateMachineUpdater (StateMachineUpdater.java:stopAndJoin(136)) - 405db254-2a77-41b8-bcbc-61d002fbc757@group-190992A81D7D-StateMachineUpdater: set stopIndex = 0
2019-11-13 20:40:40,548 [ForkJoinPool.commonPool-worker-1] INFO  impl.RaftServerImpl (ServerState.java:close(387)) - 405db254-2a77-41b8-bcbc-61d002fbc757@group-190992A81D7D: closes. applyIndex: 0
2019-11-13 20:40:40,548 [405db254-2a77-41b8-bcbc-61d002fbc757@group-190992A81D7D-SegmentedRaftLogWorker] INFO  segmented.SegmentedRaftLogWorker (SegmentedRaftLogWorker.java:run(316)) - 405db254-2a77-41b8-bcbc-61d002fbc757@group-190992A81D7D-SegmentedRaftLogWorker was interrupted, exiting. There are 0 tasks remaining in the queue.
2019-11-13 20:40:40,549 [ForkJoinPool.commonPool-worker-1] INFO  segmented.SegmentedRaftLogWorker (SegmentedRaftLogWorker.java:close(224)) - 405db254-2a77-41b8-bcbc-61d002fbc757@group-190992A81D7D-SegmentedRaftLogWorker close()
2019-11-13 20:40:40,550 [ForkJoinPool.commonPool-worker-1] INFO  impl.RaftServerImpl (RaftServerImpl.java:lambda$shutdown$3(250)) - 405db254-2a77-41b8-bcbc-61d002fbc757@group-DA587B7DE557: shutdown
2019-11-13 20:40:40,550 [ForkJoinPool.commonPool-worker-1] INFO  util.JmxRegister (JmxRegister.java:unregister(73)) - Successfully un-registered JMX Bean with object name Ratis:service=RaftServer,group=group-DA587B7DE557,id=405db254-2a77-41b8-bcbc-61d002fbc757
2019-11-13 20:40:40,550 [ForkJoinPool.commonPool-worker-1] INFO  impl.RoleInfo (RoleInfo.java:shutdownLeaderState(104)) - 405db254-2a77-41b8-bcbc-61d002fbc757: shutdown LeaderState
2019-11-13 20:40:40,553 [org.apache.ratis.server.impl.LogAppender$AppenderDaemon$$Lambda$478/1368138073@47c73a29] WARN  server.GrpcLogAppender (GrpcLogAppender.java:mayWait(151)) - 405db254-2a77-41b8-bcbc-61d002fbc757@group-DA587B7DE557->777bd53d-1b96-45c1-9d99-437e419e4ea1-GrpcLogAppender: Wait interrupted by java.lang.InterruptedException
2019-11-13 20:40:40,553 [org.apache.ratis.server.impl.LogAppender$AppenderDaemon$$Lambda$478/1368138073@2c5bcb5] WARN  server.GrpcLogAppender (GrpcLogAppender.java:mayWait(151)) - 405db254-2a77-41b8-bcbc-61d002fbc757@group-DA587B7DE557->a0d01d6c-1588-47d8-b58d-5bdc55d47431-GrpcLogAppender: Wait interrupted by java.lang.InterruptedException
2019-11-13 20:40:40,553 [ForkJoinPool.commonPool-worker-1] INFO  impl.PendingRequests (PendingRequests.java:sendNotLeaderResponses(206)) - 405db254-2a77-41b8-bcbc-61d002fbc757@group-DA587B7DE557-PendingRequests: sendNotLeaderResponses
2019-11-13 20:40:40,553 [ForkJoinPool.commonPool-worker-1] INFO  impl.StateMachineUpdater (StateMachineUpdater.java:stopAndJoin(136)) - 405db254-2a77-41b8-bcbc-61d002fbc757@group-DA587B7DE557-StateMachineUpdater: set stopIndex = 0
2019-11-13 20:40:40,553 [ForkJoinPool.commonPool-worker-1] INFO  impl.RaftServerImpl (ServerState.java:close(387)) - 405db254-2a77-41b8-bcbc-61d002fbc757@group-DA587B7DE557: closes. applyIndex: 0
2019-11-13 20:40:40,554 [405db254-2a77-41b8-bcbc-61d002fbc757@group-DA587B7DE557-SegmentedRaftLogWorker] INFO  segmented.SegmentedRaftLogWorker (SegmentedRaftLogWorker.java:run(316)) - 405db254-2a77-41b8-bcbc-61d002fbc757@group-DA587B7DE557-SegmentedRaftLogWorker was interrupted, exiting. There are 0 tasks remaining in the queue.
2019-11-13 20:40:40,554 [ForkJoinPool.commonPool-worker-1] INFO  segmented.SegmentedRaftLogWorker (SegmentedRaftLogWorker.java:close(224)) - 405db254-2a77-41b8-bcbc-61d002fbc757@group-DA587B7DE557-SegmentedRaftLogWorker close()
2019-11-13 20:40:40,555 [ForkJoinPool.commonPool-worker-1] INFO  server.GrpcService (GrpcService.java:closeImpl(164)) - 405db254-2a77-41b8-bcbc-61d002fbc757: shutdown server with port 41954 now
2019-11-13 20:40:40,555 [ForkJoinPool.commonPool-worker-1] INFO  server.GrpcService (GrpcService.java:closeImpl(172)) - 405db254-2a77-41b8-bcbc-61d002fbc757: shutdown server with port 41954 successfully
2019-11-13 20:40:40,557 [refreshUsed-/workdir/hadoop-ozone/integration-test/target/test-dir/MiniOzoneClusterImpl-23a5d35f-12cc-4157-b83c-481d86791456/datanode-0/data/containers] WARN  fs.CachingGetSpaceUsed (CachingGetSpaceUsed.java:run(183)) - Thread Interrupted waiting to refresh disk information: sleep interrupted
2019-11-13 20:40:40,578 [ForkJoinPool.commonPool-worker-1] INFO  utils.BackgroundService (BackgroundService.java:shutdown(151)) - Shutting down service BlockDeletingService
2019-11-13 20:40:40,579 [ForkJoinPool.commonPool-worker-1] INFO  statemachine.DatanodeStateMachine (DatanodeStateMachine.java:stopDaemon(395)) - Ozone container server stopped.
2019-11-13 20:40:40,581 [ForkJoinPool.commonPool-worker-1] INFO  handler.ContextHandler (ContextHandler.java:doStop(910)) - Stopped o.e.j.w.WebAppContext@7d484fcd{/,null,UNAVAILABLE}{/hddsDatanode}
2019-11-13 20:40:40,582 [ForkJoinPool.commonPool-worker-1] INFO  server.AbstractConnector (AbstractConnector.java:doStop(318)) - Stopped ServerConnector@788e3702{HTTP/1.1,[http/1.1]}{0.0.0.0:0}
2019-11-13 20:40:40,583 [ForkJoinPool.commonPool-worker-1] INFO  handler.ContextHandler (ContextHandler.java:doStop(910)) - Stopped o.e.j.s.ServletContextHandler@54f6b629{/static,jar:file:/home/user/.m2/repository/org/apache/hadoop/hadoop-hdds-container-service/0.5.0-SNAPSHOT/hadoop-hdds-container-service-0.5.0-SNAPSHOT.jar!/webapps/static,UNAVAILABLE}
2019-11-13 20:40:40,584 [ForkJoinPool.commonPool-worker-1] INFO  handler.ContextHandler (ContextHandler.java:doStop(910)) - Stopped o.e.j.s.ServletContextHandler@115c946b{/logs,file:///workdir/hadoop-ozone/integration-test/target/log,UNAVAILABLE}
2019-11-13 20:40:40,841 [grpc-default-executor-2] WARN  server.GrpcLogAppender (LogUtils.java:warn(134)) - dce7850f-9f3d-4223-ba72-4d8238cab252@group-1F54BEB118E4->2929643e-7442-4794-a56e-1c38ca296261-AppendLogResponseHandler: Failed appendEntries: org.apache.ratis.thirdparty.io.grpc.StatusRuntimeException: UNAVAILABLE: io exception
2019-11-13 20:40:40,841 [grpc-default-executor-2] INFO  impl.FollowerInfo (FollowerInfo.java:lambda$new$0(51)) - dce7850f-9f3d-4223-ba72-4d8238cab252@group-1F54BEB118E4->2929643e-7442-4794-a56e-1c38ca296261: nextIndex: updateUnconditionally 0 -> 0
2019-11-13 20:40:40,858 [grpc-default-executor-0] WARN  server.GrpcLogAppender (LogUtils.java:warn(134)) - dce7850f-9f3d-4223-ba72-4d8238cab252@group-1F54BEB118E4->63c5c595-8d4c-4001-b46d-6e0cbb5b9d3c-AppendLogResponseHandler: Failed appendEntries: org.apache.ratis.thirdparty.io.grpc.StatusRuntimeException: UNAVAILABLE: io exception
2019-11-13 20:40:40,859 [grpc-default-executor-0] INFO  impl.FollowerInfo (FollowerInfo.java:lambda$new$0(51)) - dce7850f-9f3d-4223-ba72-4d8238cab252@group-1F54BEB118E4->63c5c595-8d4c-4001-b46d-6e0cbb5b9d3c: nextIndex: updateUnconditionally 0 -> 0
2019-11-13 20:40:41,274 [Datanode State Machine Thread - 0] INFO  statemachine.DatanodeStateMachine (DatanodeStateMachine.java:lambda$startDaemon$0(350)) - Ozone container server started.
2019-11-13 20:40:41,341 [grpc-default-executor-0] WARN  server.GrpcLogAppender (LogUtils.java:warn(134)) - dce7850f-9f3d-4223-ba72-4d8238cab252@group-1F54BEB118E4->2929643e-7442-4794-a56e-1c38ca296261-AppendLogResponseHandler: Failed appendEntries: org.apache.ratis.thirdparty.io.grpc.StatusRuntimeException: UNAVAILABLE: io exception
2019-11-13 20:40:41,341 [grpc-default-executor-0] INFO  impl.FollowerInfo (FollowerInfo.java:lambda$new$0(51)) - dce7850f-9f3d-4223-ba72-4d8238cab252@group-1F54BEB118E4->2929643e-7442-4794-a56e-1c38ca296261: nextIndex: updateUnconditionally 0 -> 0
2019-11-13 20:40:41,360 [grpc-default-executor-0] WARN  server.GrpcLogAppender (LogUtils.java:warn(134)) - dce7850f-9f3d-4223-ba72-4d8238cab252@group-1F54BEB118E4->63c5c595-8d4c-4001-b46d-6e0cbb5b9d3c-AppendLogResponseHandler: Failed appendEntries: org.apache.ratis.thirdparty.io.grpc.StatusRuntimeException: UNAVAILABLE: io exception
2019-11-13 20:40:41,360 [grpc-default-executor-0] INFO  impl.FollowerInfo (FollowerInfo.java:lambda$new$0(51)) - dce7850f-9f3d-4223-ba72-4d8238cab252@group-1F54BEB118E4->63c5c595-8d4c-4001-b46d-6e0cbb5b9d3c: nextIndex: updateUnconditionally 0 -> 0
2019-11-13 20:40:41,842 [grpc-default-executor-4] WARN  server.GrpcLogAppender (LogUtils.java:warn(134)) - dce7850f-9f3d-4223-ba72-4d8238cab252@group-1F54BEB118E4->2929643e-7442-4794-a56e-1c38ca296261-AppendLogResponseHandler: Failed appendEntries: org.apache.ratis.thirdparty.io.grpc.StatusRuntimeException: UNAVAILABLE: io exception
2019-11-13 20:40:41,842 [grpc-default-executor-4] INFO  impl.FollowerInfo (FollowerInfo.java:lambda$new$0(51)) - dce7850f-9f3d-4223-ba72-4d8238cab252@group-1F54BEB118E4->2929643e-7442-4794-a56e-1c38ca296261: nextIndex: updateUnconditionally 0 -> 0
2019-11-13 20:40:41,859 [grpc-default-executor-2] WARN  server.GrpcLogAppender (LogUtils.java:warn(134)) - dce7850f-9f3d-4223-ba72-4d8238cab252@group-1F54BEB118E4->63c5c595-8d4c-4001-b46d-6e0cbb5b9d3c-AppendLogResponseHandler: Failed appendEntries: org.apache.ratis.thirdparty.io.grpc.StatusRuntimeException: UNAVAILABLE: io exception
2019-11-13 20:40:41,859 [grpc-default-executor-2] INFO  impl.FollowerInfo (FollowerInfo.java:lambda$new$0(51)) - dce7850f-9f3d-4223-ba72-4d8238cab252@group-1F54BEB118E4->63c5c595-8d4c-4001-b46d-6e0cbb5b9d3c: nextIndex: updateUnconditionally 0 -> 0
2019-11-13 20:40:42,342 [grpc-default-executor-0] WARN  server.GrpcLogAppender (LogUtils.java:warn(134)) - dce7850f-9f3d-4223-ba72-4d8238cab252@group-1F54BEB118E4->2929643e-7442-4794-a56e-1c38ca296261-AppendLogResponseHandler: Failed appendEntries: org.apache.ratis.thirdparty.io.grpc.StatusRuntimeException: UNAVAILABLE: io exception
2019-11-13 20:40:42,342 [grpc-default-executor-0] INFO  impl.FollowerInfo (FollowerInfo.java:lambda$new$0(51)) - dce7850f-9f3d-4223-ba72-4d8238cab252@group-1F54BEB118E4->2929643e-7442-4794-a56e-1c38ca296261: nextIndex: updateUnconditionally 0 -> 0
2019-11-13 20:40:42,359 [grpc-default-executor-4] WARN  server.GrpcLogAppender (LogUtils.java:warn(134)) - dce7850f-9f3d-4223-ba72-4d8238cab252@group-1F54BEB118E4->63c5c595-8d4c-4001-b46d-6e0cbb5b9d3c-AppendLogResponseHandler: Failed appendEntries: org.apache.ratis.thirdparty.io.grpc.StatusRuntimeException: UNAVAILABLE: io exception
2019-11-13 20:40:42,360 [grpc-default-executor-4] INFO  impl.FollowerInfo (FollowerInfo.java:lambda$new$0(51)) - dce7850f-9f3d-4223-ba72-4d8238cab252@group-1F54BEB118E4->63c5c595-8d4c-4001-b46d-6e0cbb5b9d3c: nextIndex: updateUnconditionally 0 -> 0
2019-11-13 20:40:42,843 [grpc-default-executor-4] WARN  server.GrpcLogAppender (LogUtils.java:warn(134)) - dce7850f-9f3d-4223-ba72-4d8238cab252@group-1F54BEB118E4->2929643e-7442-4794-a56e-1c38ca296261-AppendLogResponseHandler: Failed appendEntries: org.apache.ratis.thirdparty.io.grpc.StatusRuntimeException: UNAVAILABLE: io exception
2019-11-13 20:40:42,843 [grpc-default-executor-4] INFO  impl.FollowerInfo (FollowerInfo.java:lambda$new$0(51)) - dce7850f-9f3d-4223-ba72-4d8238cab252@group-1F54BEB118E4->2929643e-7442-4794-a56e-1c38ca296261: nextIndex: updateUnconditionally 0 -> 0
2019-11-13 20:40:42,860 [grpc-default-executor-2] WARN  server.GrpcLogAppender (LogUtils.java:warn(134)) - dce7850f-9f3d-4223-ba72-4d8238cab252@group-1F54BEB118E4->63c5c595-8d4c-4001-b46d-6e0cbb5b9d3c-AppendLogResponseHandler: Failed appendEntries: org.apache.ratis.thirdparty.io.grpc.StatusRuntimeException: UNAVAILABLE: io exception
2019-11-13 20:40:42,860 [grpc-default-executor-2] INFO  impl.FollowerInfo (FollowerInfo.java:lambda$new$0(51)) - dce7850f-9f3d-4223-ba72-4d8238cab252@group-1F54BEB118E4->63c5c595-8d4c-4001-b46d-6e0cbb5b9d3c: nextIndex: updateUnconditionally 0 -> 0
2019-11-13 20:40:43,345 [grpc-default-executor-0] WARN  server.GrpcLogAppender (LogUtils.java:warn(134)) - dce7850f-9f3d-4223-ba72-4d8238cab252@group-1F54BEB118E4->2929643e-7442-4794-a56e-1c38ca296261-AppendLogResponseHandler: Failed appendEntries: org.apache.ratis.thirdparty.io.grpc.StatusRuntimeException: UNAVAILABLE: io exception
2019-11-13 20:40:43,346 [grpc-default-executor-0] INFO  impl.FollowerInfo (FollowerInfo.java:lambda$new$0(51)) - dce7850f-9f3d-4223-ba72-4d8238cab252@group-1F54BEB118E4->2929643e-7442-4794-a56e-1c38ca296261: nextIndex: updateUnconditionally 0 -> 0
2019-11-13 20:40:43,360 [grpc-default-executor-4] WARN  server.GrpcLogAppender (LogUtils.java:warn(134)) - dce7850f-9f3d-4223-ba72-4d8238cab252@group-1F54BEB118E4->63c5c595-8d4c-4001-b46d-6e0cbb5b9d3c-AppendLogResponseHandler: Failed appendEntries: org.apache.ratis.thirdparty.io.grpc.StatusRuntimeException: UNAVAILABLE: io exception
2019-11-13 20:40:43,360 [grpc-default-executor-4] INFO  impl.FollowerInfo (FollowerInfo.java:lambda$new$0(51)) - dce7850f-9f3d-4223-ba72-4d8238cab252@group-1F54BEB118E4->63c5c595-8d4c-4001-b46d-6e0cbb5b9d3c: nextIndex: updateUnconditionally 0 -> 0
2019-11-13 20:40:43,848 [grpc-default-executor-4] WARN  server.GrpcLogAppender (LogUtils.java:warn(134)) - dce7850f-9f3d-4223-ba72-4d8238cab252@group-1F54BEB118E4->2929643e-7442-4794-a56e-1c38ca296261-AppendLogResponseHandler: Failed appendEntries: org.apache.ratis.thirdparty.io.grpc.StatusRuntimeException: UNAVAILABLE: io exception
2019-11-13 20:40:43,849 [grpc-default-executor-4] INFO  impl.FollowerInfo (FollowerInfo.java:lambda$new$0(51)) - dce7850f-9f3d-4223-ba72-4d8238cab252@group-1F54BEB118E4->2929643e-7442-4794-a56e-1c38ca296261: nextIndex: updateUnconditionally 0 -> 0
2019-11-13 20:40:43,860 [grpc-default-executor-2] WARN  server.GrpcLogAppender (LogUtils.java:warn(134)) - dce7850f-9f3d-4223-ba72-4d8238cab252@group-1F54BEB118E4->63c5c595-8d4c-4001-b46d-6e0cbb5b9d3c-AppendLogResponseHandler: Failed appendEntries: org.apache.ratis.thirdparty.io.grpc.StatusRuntimeException: UNAVAILABLE: io exception
2019-11-13 20:40:43,861 [grpc-default-executor-2] INFO  impl.FollowerInfo (FollowerInfo.java:lambda$new$0(51)) - dce7850f-9f3d-4223-ba72-4d8238cab252@group-1F54BEB118E4->63c5c595-8d4c-4001-b46d-6e0cbb5b9d3c: nextIndex: updateUnconditionally 0 -> 0
2019-11-13 20:40:44,347 [grpc-default-executor-2] WARN  server.GrpcLogAppender (LogUtils.java:warn(134)) - dce7850f-9f3d-4223-ba72-4d8238cab252@group-1F54BEB118E4->2929643e-7442-4794-a56e-1c38ca296261-AppendLogResponseHandler: Failed appendEntries: org.apache.ratis.thirdparty.io.grpc.StatusRuntimeException: UNAVAILABLE: io exception
2019-11-13 20:40:44,348 [grpc-default-executor-2] INFO  impl.FollowerInfo (FollowerInfo.java:lambda$new$0(51)) - dce7850f-9f3d-4223-ba72-4d8238cab252@group-1F54BEB118E4->2929643e-7442-4794-a56e-1c38ca296261: nextIndex: updateUnconditionally 0 -> 0
2019-11-13 20:40:44,361 [grpc-default-executor-0] WARN  server.GrpcLogAppender (LogUtils.java:warn(134)) - dce7850f-9f3d-4223-ba72-4d8238cab252@group-1F54BEB118E4->63c5c595-8d4c-4001-b46d-6e0cbb5b9d3c-AppendLogResponseHandler: Failed appendEntries: org.apache.ratis.thirdparty.io.grpc.StatusRuntimeException: UNAVAILABLE: io exception
2019-11-13 20:40:44,361 [grpc-default-executor-0] INFO  impl.FollowerInfo (FollowerInfo.java:lambda$new$0(51)) - dce7850f-9f3d-4223-ba72-4d8238cab252@group-1F54BEB118E4->63c5c595-8d4c-4001-b46d-6e0cbb5b9d3c: nextIndex: updateUnconditionally 0 -> 0
2019-11-13 20:40:44,848 [grpc-default-executor-4] WARN  server.GrpcLogAppender (LogUtils.java:warn(134)) - dce7850f-9f3d-4223-ba72-4d8238cab252@group-1F54BEB118E4->2929643e-7442-4794-a56e-1c38ca296261-AppendLogResponseHandler: Failed appendEntries: org.apache.ratis.thirdparty.io.grpc.StatusRuntimeException: UNAVAILABLE: io exception
2019-11-13 20:40:44,848 [grpc-default-executor-4] INFO  impl.FollowerInfo (FollowerInfo.java:lambda$new$0(51)) - dce7850f-9f3d-4223-ba72-4d8238cab252@group-1F54BEB118E4->2929643e-7442-4794-a56e-1c38ca296261: nextIndex: updateUnconditionally 0 -> 0
2019-11-13 20:40:44,861 [grpc-default-executor-2] WARN  server.GrpcLogAppender (LogUtils.java:warn(134)) - dce7850f-9f3d-4223-ba72-4d8238cab252@group-1F54BEB118E4->63c5c595-8d4c-4001-b46d-6e0cbb5b9d3c-AppendLogResponseHandler: Failed appendEntries: org.apache.ratis.thirdparty.io.grpc.StatusRuntimeException: UNAVAILABLE: io exception
2019-11-13 20:40:44,862 [grpc-default-executor-2] INFO  impl.FollowerInfo (FollowerInfo.java:lambda$new$0(51)) - dce7850f-9f3d-4223-ba72-4d8238cab252@group-1F54BEB118E4->63c5c595-8d4c-4001-b46d-6e0cbb5b9d3c: nextIndex: updateUnconditionally 0 -> 0
2019-11-13 20:40:45,348 [grpc-default-executor-0] WARN  server.GrpcLogAppender (LogUtils.java:warn(134)) - dce7850f-9f3d-4223-ba72-4d8238cab252@group-1F54BEB118E4->2929643e-7442-4794-a56e-1c38ca296261-AppendLogResponseHandler: Failed appendEntries: org.apache.ratis.thirdparty.io.grpc.StatusRuntimeException: UNAVAILABLE: io exception
2019-11-13 20:40:45,348 [grpc-default-executor-0] INFO  impl.FollowerInfo (FollowerInfo.java:lambda$new$0(51)) - dce7850f-9f3d-4223-ba72-4d8238cab252@group-1F54BEB118E4->2929643e-7442-4794-a56e-1c38ca296261: nextIndex: updateUnconditionally 0 -> 0
2019-11-13 20:40:45,362 [grpc-default-executor-4] WARN  server.GrpcLogAppender (LogUtils.java:warn(134)) - dce7850f-9f3d-4223-ba72-4d8238cab252@group-1F54BEB118E4->63c5c595-8d4c-4001-b46d-6e0cbb5b9d3c-AppendLogResponseHandler: Failed appendEntries: org.apache.ratis.thirdparty.io.grpc.StatusRuntimeException: UNAVAILABLE: io exception
2019-11-13 20:40:45,362 [grpc-default-executor-4] INFO  impl.FollowerInfo (FollowerInfo.java:lambda$new$0(51)) - dce7850f-9f3d-4223-ba72-4d8238cab252@group-1F54BEB118E4->63c5c595-8d4c-4001-b46d-6e0cbb5b9d3c: nextIndex: updateUnconditionally 0 -> 0
2019-11-13 20:40:45,586 [ForkJoinPool.commonPool-worker-1] INFO  ozoneimpl.OzoneContainer (OzoneContainer.java:stop(244)) - Attempting to stop container services.
2019-11-13 20:40:45,587 [ForkJoinPool.commonPool-worker-1] INFO  impl.RaftServerProxy (RaftServerProxy.java:lambda$close$4(314)) - dce7850f-9f3d-4223-ba72-4d8238cab252: close
2019-11-13 20:40:45,587 [ForkJoinPool.commonPool-worker-1] INFO  impl.RaftServerImpl (RaftServerImpl.java:lambda$shutdown$3(250)) - dce7850f-9f3d-4223-ba72-4d8238cab252@group-C7F4F73D1B11: shutdown
2019-11-13 20:40:45,588 [ForkJoinPool.commonPool-worker-1] INFO  util.JmxRegister (JmxRegister.java:unregister(73)) - Successfully un-registered JMX Bean with object name Ratis:service=RaftServer,group=group-C7F4F73D1B11,id=dce7850f-9f3d-4223-ba72-4d8238cab252
2019-11-13 20:40:45,588 [ForkJoinPool.commonPool-worker-1] INFO  impl.RoleInfo (RoleInfo.java:shutdownLeaderState(104)) - dce7850f-9f3d-4223-ba72-4d8238cab252: shutdown LeaderState
2019-11-13 20:40:45,589 [ForkJoinPool.commonPool-worker-1] INFO  impl.PendingRequests (PendingRequests.java:sendNotLeaderResponses(206)) - dce7850f-9f3d-4223-ba72-4d8238cab252@group-C7F4F73D1B11-PendingRequests: sendNotLeaderResponses
2019-11-13 20:40:45,589 [ForkJoinPool.commonPool-worker-1] INFO  impl.StateMachineUpdater (StateMachineUpdater.java:stopAndJoin(136)) - dce7850f-9f3d-4223-ba72-4d8238cab252@group-C7F4F73D1B11-StateMachineUpdater: set stopIndex = 0
2019-11-13 20:40:45,590 [ForkJoinPool.commonPool-worker-1] INFO  impl.RaftServerImpl (ServerState.java:close(387)) - dce7850f-9f3d-4223-ba72-4d8238cab252@group-C7F4F73D1B11: closes. applyIndex: 0
2019-11-13 20:40:45,591 [dce7850f-9f3d-4223-ba72-4d8238cab252@group-C7F4F73D1B11-SegmentedRaftLogWorker] INFO  segmented.SegmentedRaftLogWorker (SegmentedRaftLogWorker.java:run(316)) - dce7850f-9f3d-4223-ba72-4d8238cab252@group-C7F4F73D1B11-SegmentedRaftLogWorker was interrupted, exiting. There are 0 tasks remaining in the queue.
2019-11-13 20:40:45,591 [ForkJoinPool.commonPool-worker-1] INFO  segmented.SegmentedRaftLogWorker (SegmentedRaftLogWorker.java:close(224)) - dce7850f-9f3d-4223-ba72-4d8238cab252@group-C7F4F73D1B11-SegmentedRaftLogWorker close()
2019-11-13 20:40:45,591 [ForkJoinPool.commonPool-worker-1] INFO  impl.RaftServerImpl (RaftServerImpl.java:lambda$shutdown$3(250)) - dce7850f-9f3d-4223-ba72-4d8238cab252@group-1F54BEB118E4: shutdown
2019-11-13 20:40:45,592 [ForkJoinPool.commonPool-worker-1] INFO  util.JmxRegister (JmxRegister.java:unregister(73)) - Successfully un-registered JMX Bean with object name Ratis:service=RaftServer,group=group-1F54BEB118E4,id=dce7850f-9f3d-4223-ba72-4d8238cab252
2019-11-13 20:40:45,592 [ForkJoinPool.commonPool-worker-1] INFO  impl.RoleInfo (RoleInfo.java:shutdownLeaderState(104)) - dce7850f-9f3d-4223-ba72-4d8238cab252: shutdown LeaderState
2019-11-13 20:40:45,594 [org.apache.ratis.server.impl.LogAppender$AppenderDaemon$$Lambda$478/1368138073@514080e5] WARN  server.GrpcLogAppender (GrpcLogAppender.java:mayWait(151)) - dce7850f-9f3d-4223-ba72-4d8238cab252@group-1F54BEB118E4->63c5c595-8d4c-4001-b46d-6e0cbb5b9d3c-GrpcLogAppender: Wait interrupted by java.lang.InterruptedException
2019-11-13 20:40:45,594 [ForkJoinPool.commonPool-worker-1] INFO  impl.PendingRequests (PendingRequests.java:sendNotLeaderResponses(206)) - dce7850f-9f3d-4223-ba72-4d8238cab252@group-1F54BEB118E4-PendingRequests: sendNotLeaderResponses
2019-11-13 20:40:45,594 [org.apache.ratis.server.impl.LogAppender$AppenderDaemon$$Lambda$478/1368138073@54a6b3eb] WARN  server.GrpcLogAppender (GrpcLogAppender.java:mayWait(151)) - dce7850f-9f3d-4223-ba72-4d8238cab252@group-1F54BEB118E4->2929643e-7442-4794-a56e-1c38ca296261-GrpcLogAppender: Wait interrupted by java.lang.InterruptedException
2019-11-13 20:40:45,594 [ForkJoinPool.commonPool-worker-1] INFO  impl.StateMachineUpdater (StateMachineUpdater.java:stopAndJoin(136)) - dce7850f-9f3d-4223-ba72-4d8238cab252@group-1F54BEB118E4-StateMachineUpdater: set stopIndex = 8
2019-11-13 20:40:45,594 [dce7850f-9f3d-4223-ba72-4d8238cab252@group-1F54BEB118E4-StateMachineUpdater] INFO  ratis.ContainerStateMachine (ContainerStateMachine.java:takeSnapshot(285)) - group-1F54BEB118E4: Taking a snapshot at:(t:1, i:4) file /workdir/hadoop-ozone/integration-test/target/test-dir/MiniOzoneClusterImpl-23a5d35f-12cc-4157-b83c-481d86791456/datanode-1/data/ratis/acc2acbb-a4d5-4292-8026-1f54beb118e4/sm/snapshot.1_4
2019-11-13 20:40:45,608 [dce7850f-9f3d-4223-ba72-4d8238cab252@group-1F54BEB118E4-StateMachineUpdater] INFO  ratis.ContainerStateMachine (ContainerStateMachine.java:takeSnapshot(296)) - group-1F54BEB118E4: Finished taking a snapshot at:(t:1, i:4) file:/workdir/hadoop-ozone/integration-test/target/test-dir/MiniOzoneClusterImpl-23a5d35f-12cc-4157-b83c-481d86791456/datanode-1/data/ratis/acc2acbb-a4d5-4292-8026-1f54beb118e4/sm/snapshot.1_4 time:14
2019-11-13 20:40:45,608 [dce7850f-9f3d-4223-ba72-4d8238cab252@group-1F54BEB118E4-StateMachineUpdater] INFO  impl.StateMachineUpdater (StateMachineUpdater.java:takeSnapshot(269)) - dce7850f-9f3d-4223-ba72-4d8238cab252@group-1F54BEB118E4-StateMachineUpdater: Took a snapshot at index 4
2019-11-13 20:40:45,609 [dce7850f-9f3d-4223-ba72-4d8238cab252@group-1F54BEB118E4-StateMachineUpdater] INFO  impl.StateMachineUpdater (StateMachineUpdater.java:lambda$new$0(84)) - dce7850f-9f3d-4223-ba72-4d8238cab252@group-1F54BEB118E4-StateMachineUpdater: snapshotIndex: updateIncreasingly -1 -> 4
2019-11-13 20:40:45,609 [dce7850f-9f3d-4223-ba72-4d8238cab252@group-1F54BEB118E4-StateMachineUpdater] INFO  ratis.ContainerStateMachine (ContainerStateMachine.java:takeSnapshot(285)) - group-1F54BEB118E4: Taking a snapshot at:(t:1, i:4) file /workdir/hadoop-ozone/integration-test/target/test-dir/MiniOzoneClusterImpl-23a5d35f-12cc-4157-b83c-481d86791456/datanode-1/data/ratis/acc2acbb-a4d5-4292-8026-1f54beb118e4/sm/snapshot.1_4
2019-11-13 20:40:45,621 [dce7850f-9f3d-4223-ba72-4d8238cab252@group-1F54BEB118E4-StateMachineUpdater] INFO  ratis.ContainerStateMachine (ContainerStateMachine.java:takeSnapshot(296)) - group-1F54BEB118E4: Finished taking a snapshot at:(t:1, i:4) file:/workdir/hadoop-ozone/integration-test/target/test-dir/MiniOzoneClusterImpl-23a5d35f-12cc-4157-b83c-481d86791456/datanode-1/data/ratis/acc2acbb-a4d5-4292-8026-1f54beb118e4/sm/snapshot.1_4 time:13
2019-11-13 20:40:45,622 [dce7850f-9f3d-4223-ba72-4d8238cab252@group-1F54BEB118E4-StateMachineUpdater] INFO  impl.StateMachineUpdater (StateMachineUpdater.java:takeSnapshot(269)) - dce7850f-9f3d-4223-ba72-4d8238cab252@group-1F54BEB118E4-StateMachineUpdater: Took a snapshot at index 4
2019-11-13 20:40:45,622 [dce7850f-9f3d-4223-ba72-4d8238cab252@group-1F54BEB118E4-StateMachineUpdater] INFO  impl.StateMachineUpdater (StateMachineUpdater.java:lambda$new$0(84)) - dce7850f-9f3d-4223-ba72-4d8238cab252@group-1F54BEB118E4-StateMachineUpdater: snapshotIndex: updateIncreasingly 4 -> 4
2019-11-13 20:40:45,622 [ForkJoinPool.commonPool-worker-1] INFO  impl.RaftServerImpl (ServerState.java:close(387)) - dce7850f-9f3d-4223-ba72-4d8238cab252@group-1F54BEB118E4: closes. applyIndex: 8
2019-11-13 20:40:45,622 [dce7850f-9f3d-4223-ba72-4d8238cab252@group-1F54BEB118E4-SegmentedRaftLogWorker] INFO  segmented.SegmentedRaftLogWorker (SegmentedRaftLogWorker.java:run(316)) - dce7850f-9f3d-4223-ba72-4d8238cab252@group-1F54BEB118E4-SegmentedRaftLogWorker was interrupted, exiting. There are 0 tasks remaining in the queue.
2019-11-13 20:40:45,622 [ForkJoinPool.commonPool-worker-1] INFO  segmented.SegmentedRaftLogWorker (SegmentedRaftLogWorker.java:close(224)) - dce7850f-9f3d-4223-ba72-4d8238cab252@group-1F54BEB118E4-SegmentedRaftLogWorker close()
2019-11-13 20:40:45,624 [ForkJoinPool.commonPool-worker-1] INFO  server.GrpcService (GrpcService.java:closeImpl(164)) - dce7850f-9f3d-4223-ba72-4d8238cab252: shutdown server with port 38603 now
2019-11-13 20:40:45,624 [ForkJoinPool.commonPool-worker-1] INFO  server.GrpcService (GrpcService.java:closeImpl(172)) - dce7850f-9f3d-4223-ba72-4d8238cab252: shutdown server with port 38603 successfully
2019-11-13 20:40:45,627 [refreshUsed-/workdir/hadoop-ozone/integration-test/target/test-dir/MiniOzoneClusterImpl-23a5d35f-12cc-4157-b83c-481d86791456/datanode-1/data/containers] WARN  fs.CachingGetSpaceUsed (CachingGetSpaceUsed.java:run(183)) - Thread Interrupted waiting to refresh disk information: sleep interrupted
2019-11-13 20:40:45,643 [ForkJoinPool.commonPool-worker-1] INFO  utils.BackgroundService (BackgroundService.java:shutdown(151)) - Shutting down service BlockDeletingService
2019-11-13 20:40:45,645 [ForkJoinPool.commonPool-worker-1] INFO  statemachine.DatanodeStateMachine (DatanodeStateMachine.java:stopDaemon(395)) - Ozone container server stopped.
2019-11-13 20:40:45,646 [ForkJoinPool.commonPool-worker-1] INFO  handler.ContextHandler (ContextHandler.java:doStop(910)) - Stopped o.e.j.w.WebAppContext@27e44e9c{/,null,UNAVAILABLE}{/hddsDatanode}
2019-11-13 20:40:45,647 [ForkJoinPool.commonPool-worker-1] INFO  server.AbstractConnector (AbstractConnector.java:doStop(318)) - Stopped ServerConnector@2f09e6b2{HTTP/1.1,[http/1.1]}{0.0.0.0:0}
2019-11-13 20:40:45,648 [ForkJoinPool.commonPool-worker-1] INFO  handler.ContextHandler (ContextHandler.java:doStop(910)) - Stopped o.e.j.s.ServletContextHandler@6cdee57{/static,jar:file:/home/user/.m2/repository/org/apache/hadoop/hadoop-hdds-container-service/0.5.0-SNAPSHOT/hadoop-hdds-container-service-0.5.0-SNAPSHOT.jar!/webapps/static,UNAVAILABLE}
2019-11-13 20:40:45,648 [ForkJoinPool.commonPool-worker-1] INFO  handler.ContextHandler (ContextHandler.java:doStop(910)) - Stopped o.e.j.s.ServletContextHandler@4863c8ac{/logs,file:///workdir/hadoop-ozone/integration-test/target/log,UNAVAILABLE}
2019-11-13 20:40:45,650 [main] INFO  ozone.MiniOzoneClusterImpl (MiniOzoneClusterImpl.java:stopSCM(430)) - Stopping the StorageContainerManager
2019-11-13 20:40:45,650 [main] INFO  server.StorageContainerManager (StorageContainerManager.java:stop(802)) - Stopping Replication Manager Service.
2019-11-13 20:40:45,650 [main] INFO  container.ReplicationManager (ReplicationManager.java:stop(203)) - Stopping Replication Monitor Thread.
2019-11-13 20:40:45,650 [main] INFO  server.StorageContainerManager (StorageContainerManager.java:stop(809)) - Stopping Lease Manager of the command watchers
2019-11-13 20:40:45,650 [main] INFO  server.StorageContainerManager (StorageContainerManager.java:stop(816)) - Stopping datanode service RPC server
2019-11-13 20:40:45,650 [main] INFO  server.SCMDatanodeProtocolServer (SCMDatanodeProtocolServer.java:stop(346)) - Stopping the RPC server for DataNodes
2019-11-13 20:40:45,650 [main] INFO  ipc.Server (Server.java:stop(3082)) - Stopping server on 46790
2019-11-13 20:40:45,652 [IPC Server listener on 46790] INFO  ipc.Server (Server.java:run(1185)) - Stopping IPC Server listener on 46790
2019-11-13 20:40:45,653 [IPC Server Responder] INFO  ipc.Server (Server.java:run(1319)) - Stopping IPC Server Responder
2019-11-13 20:40:45,715 [SCM Heartbeat Processing Thread - 0] WARN  node.NodeStateManager (NodeStateManager.java:scheduleNextHealthCheck(646)) - Current Thread is interrupted, shutting down HB processing thread for Node Manager.
2019-11-13 20:40:45,715 [main] INFO  server.StorageContainerManager (StorageContainerManager.java:stop(824)) - Stopping block service RPC server
2019-11-13 20:40:45,716 [main] INFO  server.SCMBlockProtocolServer (SCMBlockProtocolServer.java:stop(155)) - Stopping the RPC server for Block Protocol
2019-11-13 20:40:45,716 [main] INFO  ipc.Server (Server.java:stop(3082)) - Stopping server on 43979
2019-11-13 20:40:45,717 [IPC Server listener on 43979] INFO  ipc.Server (Server.java:run(1185)) - Stopping IPC Server listener on 43979
2019-11-13 20:40:45,717 [main] INFO  server.StorageContainerManager (StorageContainerManager.java:stop(831)) - Stopping the StorageContainerLocationProtocol RPC server
2019-11-13 20:40:45,718 [IPC Server Responder] INFO  ipc.Server (Server.java:run(1319)) - Stopping IPC Server Responder
2019-11-13 20:40:45,718 [main] INFO  server.SCMClientProtocolServer (SCMClientProtocolServer.java:stop(168)) - Stopping the RPC server for Client Protocol
2019-11-13 20:40:45,718 [main] INFO  ipc.Server (Server.java:stop(3082)) - Stopping server on 33892
2019-11-13 20:40:45,720 [IPC Server listener on 33892] INFO  ipc.Server (Server.java:run(1185)) - Stopping IPC Server listener on 33892
2019-11-13 20:40:45,720 [main] INFO  server.StorageContainerManager (StorageContainerManager.java:stop(838)) - Stopping Storage Container Manager HTTP server.
2019-11-13 20:40:45,720 [IPC Server Responder] INFO  ipc.Server (Server.java:run(1319)) - Stopping IPC Server Responder
2019-11-13 20:40:45,721 [main] INFO  handler.ContextHandler (ContextHandler.java:doStop(910)) - Stopped o.e.j.w.WebAppContext@7a64cb0c{/,null,UNAVAILABLE}{/scm}
2019-11-13 20:40:45,722 [main] INFO  server.AbstractConnector (AbstractConnector.java:doStop(318)) - Stopped ServerConnector@785ed99c{HTTP/1.1,[http/1.1]}{0.0.0.0:0}
2019-11-13 20:40:45,722 [main] INFO  handler.ContextHandler (ContextHandler.java:doStop(910)) - Stopped o.e.j.s.ServletContextHandler@73e4387{/static,file:///workdir/hadoop-ozone/integration-test/target/test-classes/webapps/static,UNAVAILABLE}
2019-11-13 20:40:45,722 [main] INFO  handler.ContextHandler (ContextHandler.java:doStop(910)) - Stopped o.e.j.s.ServletContextHandler@7a66c35a{/logs,file:///workdir/hadoop-ozone/integration-test/target/log,UNAVAILABLE}
2019-11-13 20:40:45,723 [main] INFO  server.StorageContainerManager (StorageContainerManager.java:stop(849)) - Stopping Block Manager Service.
2019-11-13 20:40:45,723 [main] INFO  utils.BackgroundService (BackgroundService.java:shutdown(151)) - Shutting down service SCMBlockDeletingService
2019-11-13 20:40:45,724 [main] INFO  utils.BackgroundService (BackgroundService.java:shutdown(151)) - Shutting down service SCMBlockDeletingService
2019-11-13 20:40:45,724 [main] INFO  server.StorageContainerManager (StorageContainerManager.java:stop(871)) - Stopping SCM Event Queue.
2019-11-13 20:40:45,728 [main] INFO  impl.MetricsSystemImpl (MetricsSystemImpl.java:stop(210)) - Stopping HddsDatanode metrics system...
2019-11-13 20:40:45,739 [main] INFO  impl.MetricsSystemImpl (MetricsSystemImpl.java:stop(216)) - HddsDatanode metrics system stopped.
]]></system-out>
    <system-err><![CDATA[Nov 13, 2019 8:40:18 PM org.apache.ratis.thirdparty.io.grpc.internal.SerializingExecutor run
SEVERE: Exception while executing runnable org.apache.ratis.thirdparty.io.grpc.internal.ServerImpl$JumpToApplicationThreadServerStreamListener$1Closed@e11f9ae
org.apache.ratis.thirdparty.io.grpc.StatusRuntimeException: CANCELLED: call already cancelled
	at org.apache.ratis.thirdparty.io.grpc.Status.asRuntimeException(Status.java:517)
	at org.apache.ratis.thirdparty.io.grpc.stub.ServerCalls$ServerCallStreamObserverImpl.onCompleted(ServerCalls.java:356)
	at org.apache.ratis.grpc.server.GrpcServerProtocolService$ServerRequestStreamObserver.onError(GrpcServerProtocolService.java:121)
	at org.apache.ratis.thirdparty.io.grpc.stub.ServerCalls$StreamingServerCallHandler$StreamingServerCallListener.onCancel(ServerCalls.java:269)
	at org.apache.ratis.thirdparty.io.grpc.internal.ServerCallImpl$ServerStreamListenerImpl.closed(ServerCallImpl.java:293)
	at org.apache.ratis.thirdparty.io.grpc.internal.ServerImpl$JumpToApplicationThreadServerStreamListener$1Closed.runInContext(ServerImpl.java:741)
	at org.apache.ratis.thirdparty.io.grpc.internal.ContextRunnable.run(ContextRunnable.java:37)
	at org.apache.ratis.thirdparty.io.grpc.internal.SerializingExecutor.run(SerializingExecutor.java:123)
	at java.util.concurrent.ThreadPoolExecutor.runWorker(ThreadPoolExecutor.java:1149)
	at java.util.concurrent.ThreadPoolExecutor$Worker.run(ThreadPoolExecutor.java:624)
	at java.lang.Thread.run(Thread.java:748)

Nov 13, 2019 8:40:25 PM org.apache.ratis.thirdparty.io.grpc.internal.SerializingExecutor run
SEVERE: Exception while executing runnable org.apache.ratis.thirdparty.io.grpc.internal.ServerImpl$JumpToApplicationThreadServerStreamListener$1Closed@12e38e6e
org.apache.ratis.thirdparty.io.grpc.StatusRuntimeException: CANCELLED: call already cancelled
	at org.apache.ratis.thirdparty.io.grpc.Status.asRuntimeException(Status.java:517)
	at org.apache.ratis.thirdparty.io.grpc.stub.ServerCalls$ServerCallStreamObserverImpl.onCompleted(ServerCalls.java:356)
	at org.apache.ratis.grpc.server.GrpcServerProtocolService$ServerRequestStreamObserver.onError(GrpcServerProtocolService.java:121)
	at org.apache.ratis.thirdparty.io.grpc.stub.ServerCalls$StreamingServerCallHandler$StreamingServerCallListener.onCancel(ServerCalls.java:269)
	at org.apache.ratis.thirdparty.io.grpc.internal.ServerCallImpl$ServerStreamListenerImpl.closed(ServerCallImpl.java:293)
	at org.apache.ratis.thirdparty.io.grpc.internal.ServerImpl$JumpToApplicationThreadServerStreamListener$1Closed.runInContext(ServerImpl.java:741)
	at org.apache.ratis.thirdparty.io.grpc.internal.ContextRunnable.run(ContextRunnable.java:37)
	at org.apache.ratis.thirdparty.io.grpc.internal.SerializingExecutor.run(SerializingExecutor.java:123)
	at java.util.concurrent.ThreadPoolExecutor.runWorker(ThreadPoolExecutor.java:1149)
	at java.util.concurrent.ThreadPoolExecutor$Worker.run(ThreadPoolExecutor.java:624)
	at java.lang.Thread.run(Thread.java:748)

Nov 13, 2019 8:40:30 PM org.apache.ratis.thirdparty.io.grpc.internal.SerializingExecutor run
SEVERE: Exception while executing runnable org.apache.ratis.thirdparty.io.grpc.internal.ServerImpl$JumpToApplicationThreadServerStreamListener$1Closed@523ddf8b
org.apache.ratis.thirdparty.io.grpc.StatusRuntimeException: CANCELLED: call already cancelled
	at org.apache.ratis.thirdparty.io.grpc.Status.asRuntimeException(Status.java:517)
	at org.apache.ratis.thirdparty.io.grpc.stub.ServerCalls$ServerCallStreamObserverImpl.onCompleted(ServerCalls.java:356)
	at org.apache.ratis.grpc.server.GrpcServerProtocolService$ServerRequestStreamObserver.onError(GrpcServerProtocolService.java:121)
	at org.apache.ratis.thirdparty.io.grpc.stub.ServerCalls$StreamingServerCallHandler$StreamingServerCallListener.onCancel(ServerCalls.java:269)
	at org.apache.ratis.thirdparty.io.grpc.internal.ServerCallImpl$ServerStreamListenerImpl.closed(ServerCallImpl.java:293)
	at org.apache.ratis.thirdparty.io.grpc.internal.ServerImpl$JumpToApplicationThreadServerStreamListener$1Closed.runInContext(ServerImpl.java:741)
	at org.apache.ratis.thirdparty.io.grpc.internal.ContextRunnable.run(ContextRunnable.java:37)
	at org.apache.ratis.thirdparty.io.grpc.internal.SerializingExecutor.run(SerializingExecutor.java:123)
	at java.util.concurrent.ThreadPoolExecutor.runWorker(ThreadPoolExecutor.java:1149)
	at java.util.concurrent.ThreadPoolExecutor$Worker.run(ThreadPoolExecutor.java:624)
	at java.lang.Thread.run(Thread.java:748)

Nov 13, 2019 8:40:35 PM org.apache.ratis.thirdparty.io.grpc.internal.SerializingExecutor run
SEVERE: Exception while executing runnable org.apache.ratis.thirdparty.io.grpc.internal.ServerImpl$JumpToApplicationThreadServerStreamListener$1Closed@2768dc2a
org.apache.ratis.thirdparty.io.grpc.StatusRuntimeException: CANCELLED: call already cancelled
	at org.apache.ratis.thirdparty.io.grpc.Status.asRuntimeException(Status.java:517)
	at org.apache.ratis.thirdparty.io.grpc.stub.ServerCalls$ServerCallStreamObserverImpl.onCompleted(ServerCalls.java:356)
	at org.apache.ratis.grpc.server.GrpcServerProtocolService$ServerRequestStreamObserver.onError(GrpcServerProtocolService.java:121)
	at org.apache.ratis.thirdparty.io.grpc.stub.ServerCalls$StreamingServerCallHandler$StreamingServerCallListener.onCancel(ServerCalls.java:269)
	at org.apache.ratis.thirdparty.io.grpc.internal.ServerCallImpl$ServerStreamListenerImpl.closed(ServerCallImpl.java:293)
	at org.apache.ratis.thirdparty.io.grpc.internal.ServerImpl$JumpToApplicationThreadServerStreamListener$1Closed.runInContext(ServerImpl.java:741)
	at org.apache.ratis.thirdparty.io.grpc.internal.ContextRunnable.run(ContextRunnable.java:37)
	at org.apache.ratis.thirdparty.io.grpc.internal.SerializingExecutor.run(SerializingExecutor.java:123)
	at java.util.concurrent.ThreadPoolExecutor.runWorker(ThreadPoolExecutor.java:1149)
	at java.util.concurrent.ThreadPoolExecutor$Worker.run(ThreadPoolExecutor.java:624)
	at java.lang.Thread.run(Thread.java:748)

Nov 13, 2019 8:40:35 PM org.apache.ratis.thirdparty.io.grpc.internal.SerializingExecutor run
SEVERE: Exception while executing runnable org.apache.ratis.thirdparty.io.grpc.internal.ServerImpl$JumpToApplicationThreadServerStreamListener$1Closed@2e031f26
org.apache.ratis.thirdparty.io.grpc.StatusRuntimeException: CANCELLED: call already cancelled
	at org.apache.ratis.thirdparty.io.grpc.Status.asRuntimeException(Status.java:517)
	at org.apache.ratis.thirdparty.io.grpc.stub.ServerCalls$ServerCallStreamObserverImpl.onCompleted(ServerCalls.java:356)
	at org.apache.ratis.grpc.server.GrpcServerProtocolService$ServerRequestStreamObserver.onError(GrpcServerProtocolService.java:121)
	at org.apache.ratis.thirdparty.io.grpc.stub.ServerCalls$StreamingServerCallHandler$StreamingServerCallListener.onCancel(ServerCalls.java:269)
	at org.apache.ratis.thirdparty.io.grpc.internal.ServerCallImpl$ServerStreamListenerImpl.closed(ServerCallImpl.java:293)
	at org.apache.ratis.thirdparty.io.grpc.internal.ServerImpl$JumpToApplicationThreadServerStreamListener$1Closed.runInContext(ServerImpl.java:741)
	at org.apache.ratis.thirdparty.io.grpc.internal.ContextRunnable.run(ContextRunnable.java:37)
	at org.apache.ratis.thirdparty.io.grpc.internal.SerializingExecutor.run(SerializingExecutor.java:123)
	at java.util.concurrent.ThreadPoolExecutor.runWorker(ThreadPoolExecutor.java:1149)
	at java.util.concurrent.ThreadPoolExecutor$Worker.run(ThreadPoolExecutor.java:624)
	at java.lang.Thread.run(Thread.java:748)

]]></system-err>
  </testcase>
</testsuite>