<?xml version="1.0" encoding="UTF-8"?>
<testsuite xmlns:xsi="http://www.w3.org/2001/XMLSchema-instance" xsi:noNamespaceSchemaLocation="https://maven.apache.org/surefire/maven-surefire-plugin/xsd/surefire-test-report.xsd" name="org.apache.hadoop.ozone.client.rpc.TestDeleteWithSlowFollower" time="125.088" tests="1" errors="1" skipped="0" failures="0">
  <properties>
    <property name="awt.toolkit" value="sun.awt.X11.XToolkit"/>
    <property name="file.encoding.pkg" value="sun.io"/>
    <property name="java.specification.version" value="1.8"/>
    <property name="sun.cpu.isalist" value=""/>
    <property name="sun.jnu.encoding" value="ANSI_X3.4-1968"/>
    <property name="java.class.path" value="/workdir/hadoop-ozone/integration-test/target/test-classes:/workdir/hadoop-ozone/integration-test/target/classes:/home/user/.m2/repository/org/apache/hadoop/hadoop-ozone-common/0.5.0-SNAPSHOT/hadoop-ozone-common-0.5.0-SNAPSHOT.jar:/home/user/.m2/repository/org/apache/commons/commons-compress/1.4.1/commons-compress-1.4.1.jar:/home/user/.m2/repository/org/tukaani/xz/1.0/xz-1.0.jar:/home/user/.m2/repository/org/apache/hadoop/hadoop-common/3.2.0/hadoop-common-3.2.0.jar:/home/user/.m2/repository/org/apache/hadoop/hadoop-hdfs/3.2.0/hadoop-hdfs-3.2.0.jar:/home/user/.m2/repository/org/apache/hadoop/hadoop-hdfs-client/3.2.0/hadoop-hdfs-client-3.2.0.jar:/home/user/.m2/repository/com/fasterxml/jackson/core/jackson-annotations/2.9.9/jackson-annotations-2.9.9.jar:/home/user/.m2/repository/org/apache/hadoop/hadoop-hdds-common/0.5.0-SNAPSHOT/hadoop-hdds-common-0.5.0-SNAPSHOT.jar:/home/user/.m2/repository/javax/annotation/javax.annotation-api/1.2/javax.annotation-api-1.2.jar:/home/user/.m2/repository/org/apache/ratis/ratis-server/0.5.0-d6d58d0-SNAPSHOT/ratis-server-0.5.0-d6d58d0-SNAPSHOT.jar:/home/user/.m2/repository/org/apache/ratis/ratis-thirdparty-misc/0.2.0/ratis-thirdparty-misc-0.2.0.jar:/home/user/.m2/repository/org/apache/ratis/ratis-proto/0.5.0-d6d58d0-SNAPSHOT/ratis-proto-0.5.0-d6d58d0-SNAPSHOT.jar:/home/user/.m2/repository/org/apache/ratis/ratis-common/0.5.0-d6d58d0-SNAPSHOT/ratis-common-0.5.0-d6d58d0-SNAPSHOT.jar:/home/user/.m2/repository/org/apache/ratis/ratis-client/0.5.0-d6d58d0-SNAPSHOT/ratis-client-0.5.0-d6d58d0-SNAPSHOT.jar:/home/user/.m2/repository/org/apache/ratis/ratis-metrics/0.5.0-d6d58d0-SNAPSHOT/ratis-metrics-0.5.0-d6d58d0-SNAPSHOT.jar:/home/user/.m2/repository/org/apache/ratis/ratis-netty/0.5.0-d6d58d0-SNAPSHOT/ratis-netty-0.5.0-d6d58d0-SNAPSHOT.jar:/home/user/.m2/repository/org/apache/ratis/ratis-grpc/0.5.0-d6d58d0-SNAPSHOT/ratis-grpc-0.5.0-d6d58d0-SNAPSHOT.jar:/home/user/.m2/repository/org/rocksdb/rocksdbjni/6.0.1/rocksdbjni-6.0.1.jar:/home/user/.m2/repository/org/apache/logging/log4j/log4j-api/2.11.0/log4j-api-2.11.0.jar:/home/user/.m2/repository/org/apache/logging/log4j/log4j-core/2.11.0/log4j-core-2.11.0.jar:/home/user/.m2/repository/com/lmax/disruptor/3.4.2/disruptor-3.4.2.jar:/home/user/.m2/repository/org/apache/commons/commons-pool2/2.6.0/commons-pool2-2.6.0.jar:/home/user/.m2/repository/org/bouncycastle/bcpkix-jdk15on/1.60/bcpkix-jdk15on-1.60.jar:/home/user/.m2/repository/commons-validator/commons-validator/1.6/commons-validator-1.6.jar:/home/user/.m2/repository/commons-digester/commons-digester/1.8.1/commons-digester-1.8.1.jar:/home/user/.m2/repository/io/jaegertracing/jaeger-client/0.34.0/jaeger-client-0.34.0.jar:/home/user/.m2/repository/io/jaegertracing/jaeger-thrift/0.34.0/jaeger-thrift-0.34.0.jar:/home/user/.m2/repository/org/apache/thrift/libthrift/0.12.0/libthrift-0.12.0.jar:/home/user/.m2/repository/com/squareup/okhttp3/okhttp/3.9.0/okhttp-3.9.0.jar:/home/user/.m2/repository/com/squareup/okio/okio/1.13.0/okio-1.13.0.jar:/home/user/.m2/repository/io/jaegertracing/jaeger-core/0.34.0/jaeger-core-0.34.0.jar:/home/user/.m2/repository/io/jaegertracing/jaeger-tracerresolver/0.34.0/jaeger-tracerresolver-0.34.0.jar:/home/user/.m2/repository/io/opentracing/contrib/opentracing-tracerresolver/0.1.5/opentracing-tracerresolver-0.1.5.jar:/home/user/.m2/repository/io/opentracing/opentracing-util/0.31.0/opentracing-util-0.31.0.jar:/home/user/.m2/repository/io/opentracing/opentracing-api/0.31.0/opentracing-api-0.31.0.jar:/home/user/.m2/repository/io/opentracing/opentracing-noop/0.31.0/opentracing-noop-0.31.0.jar:/home/user/.m2/repository/org/apache/hadoop/hadoop-hdds-server-framework/0.5.0-SNAPSHOT/hadoop-hdds-server-framework-0.5.0-SNAPSHOT.jar:/home/user/.m2/repository/org/apache/hadoop/hadoop-hdds-container-service/0.5.0-SNAPSHOT/hadoop-hdds-container-service-0.5.0-SNAPSHOT.jar:/home/user/.m2/repository/org/apache/hadoop/hadoop-hdds-client/0.5.0-SNAPSHOT/hadoop-hdds-client-0.5.0-SNAPSHOT.jar:/home/user/.m2/repository/org/apache/hadoop/hadoop-hdds-tools/0.5.0-SNAPSHOT/hadoop-hdds-tools-0.5.0-SNAPSHOT.jar:/home/user/.m2/repository/org/apache/hadoop/hadoop-hdds-server-scm/0.5.0-SNAPSHOT/hadoop-hdds-server-scm-0.5.0-SNAPSHOT.jar:/home/user/.m2/repository/org/apache/hadoop/hadoop-hdds-docs/0.5.0-SNAPSHOT/hadoop-hdds-docs-0.5.0-SNAPSHOT.jar:/home/user/.m2/repository/io/dropwizard/metrics/metrics-core/3.2.4/metrics-core-3.2.4.jar:/home/user/.m2/repository/org/hamcrest/hamcrest-all/1.3/hamcrest-all-1.3.jar:/home/user/.m2/repository/org/bouncycastle/bcprov-jdk15on/1.60/bcprov-jdk15on-1.60.jar:/home/user/.m2/repository/info/picocli/picocli/3.9.6/picocli-3.9.6.jar:/home/user/.m2/repository/com/google/protobuf/protobuf-java/2.5.0/protobuf-java-2.5.0.jar:/home/user/.m2/repository/com/google/guava/guava/11.0.2/guava-11.0.2.jar:/home/user/.m2/repository/org/apache/hadoop/hadoop-ozone-ozone-manager/0.5.0-SNAPSHOT/hadoop-ozone-ozone-manager-0.5.0-SNAPSHOT.jar:/home/user/.m2/repository/org/apache/hadoop/hadoop-minikdc/3.2.0/hadoop-minikdc-3.2.0.jar:/home/user/.m2/repository/commons-io/commons-io/2.5/commons-io-2.5.jar:/home/user/.m2/repository/org/apache/kerby/kerb-simplekdc/1.0.1/kerb-simplekdc-1.0.1.jar:/home/user/.m2/repository/org/apache/kerby/kerb-client/1.0.1/kerb-client-1.0.1.jar:/home/user/.m2/repository/org/apache/kerby/kerby-config/1.0.1/kerby-config-1.0.1.jar:/home/user/.m2/repository/org/apache/kerby/kerb-core/1.0.1/kerb-core-1.0.1.jar:/home/user/.m2/repository/org/apache/kerby/kerby-pkix/1.0.1/kerby-pkix-1.0.1.jar:/home/user/.m2/repository/org/apache/kerby/kerby-asn1/1.0.1/kerby-asn1-1.0.1.jar:/home/user/.m2/repository/org/apache/kerby/kerby-util/1.0.1/kerby-util-1.0.1.jar:/home/user/.m2/repository/org/apache/kerby/kerb-common/1.0.1/kerb-common-1.0.1.jar:/home/user/.m2/repository/org/apache/kerby/kerb-crypto/1.0.1/kerb-crypto-1.0.1.jar:/home/user/.m2/repository/org/apache/kerby/kerb-util/1.0.1/kerb-util-1.0.1.jar:/home/user/.m2/repository/org/apache/kerby/token-provider/1.0.1/token-provider-1.0.1.jar:/home/user/.m2/repository/org/apache/kerby/kerb-admin/1.0.1/kerb-admin-1.0.1.jar:/home/user/.m2/repository/org/apache/kerby/kerb-server/1.0.1/kerb-server-1.0.1.jar:/home/user/.m2/repository/org/apache/kerby/kerb-identity/1.0.1/kerb-identity-1.0.1.jar:/home/user/.m2/repository/org/apache/kerby/kerby-xdr/1.0.1/kerby-xdr-1.0.1.jar:/home/user/.m2/repository/org/slf4j/slf4j-log4j12/1.7.25/slf4j-log4j12-1.7.25.jar:/home/user/.m2/repository/org/apache/hadoop/hadoop-ozone-s3gateway/0.5.0-SNAPSHOT/hadoop-ozone-s3gateway-0.5.0-SNAPSHOT.jar:/home/user/.m2/repository/org/jboss/weld/servlet/weld-servlet/2.4.7.Final/weld-servlet-2.4.7.Final.jar:/home/user/.m2/repository/org/glassfish/jersey/containers/jersey-container-servlet-core/2.27/jersey-container-servlet-core-2.27.jar:/home/user/.m2/repository/org/glassfish/hk2/external/javax.inject/2.5.0-b42/javax.inject-2.5.0-b42.jar:/home/user/.m2/repository/org/glassfish/jersey/core/jersey-common/2.27/jersey-common-2.27.jar:/home/user/.m2/repository/org/glassfish/hk2/osgi-resource-locator/1.0.1/osgi-resource-locator-1.0.1.jar:/home/user/.m2/repository/javax/ws/rs/javax.ws.rs-api/2.1/javax.ws.rs-api-2.1.jar:/home/user/.m2/repository/org/glassfish/jersey/ext/cdi/jersey-cdi1x/2.27/jersey-cdi1x-2.27.jar:/home/user/.m2/repository/org/glassfish/jersey/inject/jersey-hk2/2.27/jersey-hk2-2.27.jar:/home/user/.m2/repository/org/glassfish/hk2/hk2-locator/2.5.0-b42/hk2-locator-2.5.0-b42.jar:/home/user/.m2/repository/org/javassist/javassist/3.22.0-CR2/javassist-3.22.0-CR2.jar:/home/user/.m2/repository/org/glassfish/hk2/hk2-api/2.5.0/hk2-api-2.5.0.jar:/home/user/.m2/repository/org/glassfish/hk2/external/jakarta.inject/2.5.0/jakarta.inject-2.5.0.jar:/home/user/.m2/repository/org/glassfish/hk2/hk2-utils/2.5.0/hk2-utils-2.5.0.jar:/home/user/.m2/repository/jakarta/annotation/jakarta.annotation-api/1.3.4/jakarta.annotation-api-1.3.4.jar:/home/user/.m2/repository/org/glassfish/hk2/external/aopalliance-repackaged/2.5.0/aopalliance-repackaged-2.5.0.jar:/home/user/.m2/repository/com/fasterxml/jackson/dataformat/jackson-dataformat-xml/2.9.0/jackson-dataformat-xml-2.9.0.jar:/home/user/.m2/repository/com/fasterxml/jackson/core/jackson-core/2.9.9/jackson-core-2.9.9.jar:/home/user/.m2/repository/com/fasterxml/jackson/module/jackson-module-jaxb-annotations/2.9.9/jackson-module-jaxb-annotations-2.9.9.jar:/home/user/.m2/repository/javax/enterprise/cdi-api/1.2/cdi-api-1.2.jar:/home/user/.m2/repository/javax/el/javax.el-api/3.0.0/javax.el-api-3.0.0.jar:/home/user/.m2/repository/javax/interceptor/javax.interceptor-api/1.2/javax.interceptor-api-1.2.jar:/home/user/.m2/repository/javax/inject/javax.inject/1/javax.inject-1.jar:/home/user/.m2/repository/com/sun/xml/bind/jaxb-impl/2.3.0.1/jaxb-impl-2.3.0.1.jar:/home/user/.m2/repository/com/sun/xml/bind/jaxb-core/2.3.0.1/jaxb-core-2.3.0.1.jar:/home/user/.m2/repository/javax/xml/bind/jaxb-api/2.3.0/jaxb-api-2.3.0.jar:/home/user/.m2/repository/javax/activation/activation/1.1.1/activation-1.1.1.jar:/home/user/.m2/repository/org/apache/hadoop/hadoop-ozone-csi/0.5.0-SNAPSHOT/hadoop-ozone-csi-0.5.0-SNAPSHOT.jar:/home/user/.m2/repository/com/google/protobuf/protobuf-java-util/3.5.1/protobuf-java-util-3.5.1.jar:/home/user/.m2/repository/org/apache/hadoop/hadoop-hdds-config/0.5.0-SNAPSHOT/hadoop-hdds-config-0.5.0-SNAPSHOT.jar:/home/user/.m2/repository/io/grpc/grpc-netty/1.17.1/grpc-netty-1.17.1.jar:/home/user/.m2/repository/io/grpc/grpc-core/1.17.1/grpc-core-1.17.1.jar:/home/user/.m2/repository/io/grpc/grpc-context/1.17.1/grpc-context-1.17.1.jar:/home/user/.m2/repository/com/google/errorprone/error_prone_annotations/2.2.0/error_prone_annotations-2.2.0.jar:/home/user/.m2/repository/org/codehaus/mojo/animal-sniffer-annotations/1.17/animal-sniffer-annotations-1.17.jar:/home/user/.m2/repository/io/opencensus/opencensus-api/0.17.0/opencensus-api-0.17.0.jar:/home/user/.m2/repository/io/opencensus/opencensus-contrib-grpc-metrics/0.17.0/opencensus-contrib-grpc-metrics-0.17.0.jar:/home/user/.m2/repository/io/netty/netty-codec-http2/4.1.30.Final/netty-codec-http2-4.1.30.Final.jar:/home/user/.m2/repository/io/netty/netty-codec-http/4.1.30.Final/netty-codec-http-4.1.30.Final.jar:/home/user/.m2/repository/io/netty/netty-codec/4.1.30.Final/netty-codec-4.1.30.Final.jar:/home/user/.m2/repository/io/netty/netty-handler/4.1.30.Final/netty-handler-4.1.30.Final.jar:/home/user/.m2/repository/io/netty/netty-handler-proxy/4.1.30.Final/netty-handler-proxy-4.1.30.Final.jar:/home/user/.m2/repository/io/netty/netty-codec-socks/4.1.30.Final/netty-codec-socks-4.1.30.Final.jar:/home/user/.m2/repository/io/netty/netty-transport-native-epoll/4.1.30.Final/netty-transport-native-epoll-4.1.30.Final.jar:/home/user/.m2/repository/io/netty/netty-common/4.1.30.Final/netty-common-4.1.30.Final.jar:/home/user/.m2/repository/io/netty/netty-buffer/4.1.30.Final/netty-buffer-4.1.30.Final.jar:/home/user/.m2/repository/io/netty/netty-transport/4.1.30.Final/netty-transport-4.1.30.Final.jar:/home/user/.m2/repository/io/netty/netty-resolver/4.1.30.Final/netty-resolver-4.1.30.Final.jar:/home/user/.m2/repository/io/netty/netty-transport-native-unix-common/4.1.30.Final/netty-transport-native-unix-common-4.1.30.Final.jar:/home/user/.m2/repository/io/grpc/grpc-protobuf/1.17.1/grpc-protobuf-1.17.1.jar:/home/user/.m2/repository/com/google/api/grpc/proto-google-common-protos/1.0.0/proto-google-common-protos-1.0.0.jar:/home/user/.m2/repository/io/grpc/grpc-protobuf-lite/1.17.1/grpc-protobuf-lite-1.17.1.jar:/home/user/.m2/repository/io/grpc/grpc-stub/1.17.1/grpc-stub-1.17.1.jar:/home/user/.m2/repository/org/apache/hadoop/hadoop-ozone-recon/0.5.0-SNAPSHOT/hadoop-ozone-recon-0.5.0-SNAPSHOT.jar:/home/user/.m2/repository/org/apache/hadoop/hadoop-ozone-reconcodegen/0.5.0-SNAPSHOT/hadoop-ozone-reconcodegen-0.5.0-SNAPSHOT.jar:/home/user/.m2/repository/com/google/inject/extensions/guice-multibindings/4.0/guice-multibindings-4.0.jar:/home/user/.m2/repository/com/google/inject/guice/4.0/guice-4.0.jar:/home/user/.m2/repository/aopalliance/aopalliance/1.0/aopalliance-1.0.jar:/home/user/.m2/repository/com/google/inject/extensions/guice-servlet/4.0/guice-servlet-4.0.jar:/home/user/.m2/repository/org/glassfish/jersey/containers/jersey-container-servlet/2.27/jersey-container-servlet-2.27.jar:/home/user/.m2/repository/org/glassfish/hk2/guice-bridge/2.5.0/guice-bridge-2.5.0.jar:/home/user/.m2/repository/org/glassfish/jersey/core/jersey-server/2.27/jersey-server-2.27.jar:/home/user/.m2/repository/org/glassfish/jersey/core/jersey-client/2.27/jersey-client-2.27.jar:/home/user/.m2/repository/org/glassfish/jersey/media/jersey-media-jaxb/2.27/jersey-media-jaxb-2.27.jar:/home/user/.m2/repository/javax/validation/validation-api/1.1.0.Final/validation-api-1.1.0.Final.jar:/home/user/.m2/repository/org/glassfish/jersey/media/jersey-media-json-jackson/2.27/jersey-media-json-jackson-2.27.jar:/home/user/.m2/repository/org/glassfish/jersey/ext/jersey-entity-filtering/2.27/jersey-entity-filtering-2.27.jar:/home/user/.m2/repository/com/google/inject/extensions/guice-assistedinject/4.0/guice-assistedinject-4.0.jar:/home/user/.m2/repository/org/jooq/jooq/3.11.10/jooq-3.11.10.jar:/home/user/.m2/repository/org/jooq/jooq-meta/3.11.10/jooq-meta-3.11.10.jar:/home/user/.m2/repository/org/jooq/jooq-codegen/3.11.10/jooq-codegen-3.11.10.jar:/home/user/.m2/repository/com/jolbox/bonecp/0.8.0.RELEASE/bonecp-0.8.0.RELEASE.jar:/home/user/.m2/repository/org/xerial/sqlite-jdbc/3.25.2/sqlite-jdbc-3.25.2.jar:/home/user/.m2/repository/org/springframework/spring-jdbc/5.1.3.RELEASE/spring-jdbc-5.1.3.RELEASE.jar:/home/user/.m2/repository/org/springframework/spring-beans/5.1.3.RELEASE/spring-beans-5.1.3.RELEASE.jar:/home/user/.m2/repository/org/springframework/spring-core/5.1.3.RELEASE/spring-core-5.1.3.RELEASE.jar:/home/user/.m2/repository/org/springframework/spring-jcl/5.1.3.RELEASE/spring-jcl-5.1.3.RELEASE.jar:/home/user/.m2/repository/org/springframework/spring-tx/5.1.3.RELEASE/spring-tx-5.1.3.RELEASE.jar:/home/user/.m2/repository/org/apache/hadoop/hadoop-ozone-client/0.5.0-SNAPSHOT/hadoop-ozone-client-0.5.0-SNAPSHOT.jar:/home/user/.m2/repository/commons-lang/commons-lang/2.6/commons-lang-2.6.jar:/home/user/.m2/repository/org/apache/hadoop/hadoop-ozone-ozone-manager/0.5.0-SNAPSHOT/hadoop-ozone-ozone-manager-0.5.0-SNAPSHOT-tests.jar:/home/user/.m2/repository/junit/junit/4.11/junit-4.11.jar:/home/user/.m2/repository/org/hamcrest/hamcrest-core/1.3/hamcrest-core-1.3.jar:/home/user/.m2/repository/org/openjdk/jmh/jmh-core/1.19/jmh-core-1.19.jar:/home/user/.m2/repository/net/sf/jopt-simple/jopt-simple/4.6/jopt-simple-4.6.jar:/home/user/.m2/repository/org/apache/commons/commons-math3/3.1.1/commons-math3-3.1.1.jar:/home/user/.m2/repository/org/openjdk/jmh/jmh-generator-annprocess/1.19/jmh-generator-annprocess-1.19.jar:/home/user/.m2/repository/org/mockito/mockito-all/1.8.5/mockito-all-1.8.5.jar:/home/user/.m2/repository/org/apache/hadoop/hadoop-kms/3.2.0/hadoop-kms-3.2.0.jar:/home/user/.m2/repository/org/apache/hadoop/hadoop-auth/3.2.0/hadoop-auth-3.2.0.jar:/home/user/.m2/repository/com/nimbusds/nimbus-jose-jwt/4.41.1/nimbus-jose-jwt-4.41.1.jar:/home/user/.m2/repository/com/github/stephenc/jcip/jcip-annotations/1.0-1/jcip-annotations-1.0-1.jar:/home/user/.m2/repository/net/minidev/json-smart/2.3/json-smart-2.3.jar:/home/user/.m2/repository/net/minidev/accessors-smart/1.2/accessors-smart-1.2.jar:/home/user/.m2/repository/org/ow2/asm/asm/5.0.4/asm-5.0.4.jar:/home/user/.m2/repository/org/apache/curator/curator-framework/2.12.0/curator-framework-2.12.0.jar:/home/user/.m2/repository/com/sun/jersey/jersey-core/1.19/jersey-core-1.19.jar:/home/user/.m2/repository/javax/ws/rs/jsr311-api/1.1.1/jsr311-api-1.1.1.jar:/home/user/.m2/repository/com/sun/jersey/jersey-server/1.19/jersey-server-1.19.jar:/home/user/.m2/repository/javax/servlet/javax.servlet-api/3.1.0/javax.servlet-api-3.1.0.jar:/home/user/.m2/repository/org/eclipse/jetty/jetty-server/9.3.25.v20180904/jetty-server-9.3.25.v20180904.jar:/home/user/.m2/repository/org/eclipse/jetty/jetty-http/9.3.25.v20180904/jetty-http-9.3.25.v20180904.jar:/home/user/.m2/repository/org/eclipse/jetty/jetty-io/9.3.25.v20180904/jetty-io-9.3.25.v20180904.jar:/home/user/.m2/repository/org/eclipse/jetty/jetty-webapp/9.3.25.v20180904/jetty-webapp-9.3.25.v20180904.jar:/home/user/.m2/repository/org/eclipse/jetty/jetty-xml/9.3.25.v20180904/jetty-xml-9.3.25.v20180904.jar:/home/user/.m2/repository/log4j/log4j/1.2.17/log4j-1.2.17.jar:/home/user/.m2/repository/org/slf4j/slf4j-api/1.7.25/slf4j-api-1.7.25.jar:/home/user/.m2/repository/org/slf4j/jul-to-slf4j/1.7.25/jul-to-slf4j-1.7.25.jar:/home/user/.m2/repository/org/eclipse/jetty/jetty-util/9.3.25.v20180904/jetty-util-9.3.25.v20180904.jar:/home/user/.m2/repository/com/fasterxml/jackson/core/jackson-databind/2.9.9/jackson-databind-2.9.9.jar:/home/user/.m2/repository/org/apache/hadoop/hadoop-kms/3.2.0/hadoop-kms-3.2.0-tests.jar:/home/user/.m2/repository/org/apache/hadoop/hadoop-hdds-server-scm/0.5.0-SNAPSHOT/hadoop-hdds-server-scm-0.5.0-SNAPSHOT-tests.jar:/home/user/.m2/repository/org/apache/hadoop/hadoop-hdds-container-service/0.5.0-SNAPSHOT/hadoop-hdds-container-service-0.5.0-SNAPSHOT-tests.jar:/home/user/.m2/repository/org/yaml/snakeyaml/1.16/snakeyaml-1.16.jar:/home/user/.m2/repository/org/apache/hadoop/hadoop-common/3.2.0/hadoop-common-3.2.0-tests.jar:/home/user/.m2/repository/org/apache/hadoop/hadoop-annotations/3.2.0/hadoop-annotations-3.2.0.jar:/usr/lib/jvm/java-1.8.0-openjdk-1.8.0.222.b10-1.el7_7.x86_64/jre/../lib/tools.jar:/home/user/.m2/repository/commons-cli/commons-cli/1.2/commons-cli-1.2.jar:/home/user/.m2/repository/org/apache/httpcomponents/httpclient/4.5.2/httpclient-4.5.2.jar:/home/user/.m2/repository/org/apache/httpcomponents/httpcore/4.4.4/httpcore-4.4.4.jar:/home/user/.m2/repository/commons-codec/commons-codec/1.11/commons-codec-1.11.jar:/home/user/.m2/repository/commons-net/commons-net/3.6/commons-net-3.6.jar:/home/user/.m2/repository/commons-collections/commons-collections/3.2.2/commons-collections-3.2.2.jar:/home/user/.m2/repository/org/eclipse/jetty/jetty-servlet/9.3.25.v20180904/jetty-servlet-9.3.25.v20180904.jar:/home/user/.m2/repository/org/eclipse/jetty/jetty-security/9.3.25.v20180904/jetty-security-9.3.25.v20180904.jar:/home/user/.m2/repository/javax/servlet/jsp/jsp-api/2.1/jsp-api-2.1.jar:/home/user/.m2/repository/com/sun/jersey/jersey-servlet/1.19/jersey-servlet-1.19.jar:/home/user/.m2/repository/com/sun/jersey/jersey-json/1.19/jersey-json-1.19.jar:/home/user/.m2/repository/org/codehaus/jettison/jettison/1.1/jettison-1.1.jar:/home/user/.m2/repository/org/codehaus/jackson/jackson-core-asl/1.9.13/jackson-core-asl-1.9.13.jar:/home/user/.m2/repository/org/codehaus/jackson/jackson-mapper-asl/1.9.13/jackson-mapper-asl-1.9.13.jar:/home/user/.m2/repository/org/codehaus/jackson/jackson-jaxrs/1.9.13/jackson-jaxrs-1.9.13.jar:/home/user/.m2/repository/org/codehaus/jackson/jackson-xc/1.9.13/jackson-xc-1.9.13.jar:/home/user/.m2/repository/commons-logging/commons-logging/1.1.3/commons-logging-1.1.3.jar:/home/user/.m2/repository/commons-beanutils/commons-beanutils/1.9.4/commons-beanutils-1.9.4.jar:/home/user/.m2/repository/org/apache/commons/commons-configuration2/2.1.1/commons-configuration2-2.1.1.jar:/home/user/.m2/repository/org/apache/commons/commons-lang3/3.7/commons-lang3-3.7.jar:/home/user/.m2/repository/org/apache/commons/commons-text/1.4/commons-text-1.4.jar:/home/user/.m2/repository/org/apache/avro/avro/1.7.7/avro-1.7.7.jar:/home/user/.m2/repository/com/thoughtworks/paranamer/paranamer/2.3/paranamer-2.3.jar:/home/user/.m2/repository/org/xerial/snappy/snappy-java/1.0.5/snappy-java-1.0.5.jar:/home/user/.m2/repository/com/google/re2j/re2j/1.1/re2j-1.1.jar:/home/user/.m2/repository/com/google/code/gson/gson/2.2.4/gson-2.2.4.jar:/home/user/.m2/repository/com/jcraft/jsch/0.1.54/jsch-0.1.54.jar:/home/user/.m2/repository/org/apache/curator/curator-client/2.12.0/curator-client-2.12.0.jar:/home/user/.m2/repository/org/apache/curator/curator-recipes/2.12.0/curator-recipes-2.12.0.jar:/home/user/.m2/repository/com/google/code/findbugs/jsr305/3.0.0/jsr305-3.0.0.jar:/home/user/.m2/repository/org/apache/htrace/htrace-core4/4.1.0-incubating/htrace-core4-4.1.0-incubating.jar:/home/user/.m2/repository/org/apache/zookeeper/zookeeper/3.4.13/zookeeper-3.4.13.jar:/home/user/.m2/repository/jline/jline/0.9.94/jline-0.9.94.jar:/home/user/.m2/repository/org/apache/yetus/audience-annotations/0.5.0/audience-annotations-0.5.0.jar:/home/user/.m2/repository/org/codehaus/woodstox/stax2-api/3.1.4/stax2-api-3.1.4.jar:/home/user/.m2/repository/com/fasterxml/woodstox/woodstox-core/5.0.3/woodstox-core-5.0.3.jar:/home/user/.m2/repository/dnsjava/dnsjava/2.1.7/dnsjava-2.1.7.jar:/home/user/.m2/repository/org/apache/hadoop/hadoop-hdfs/3.2.0/hadoop-hdfs-3.2.0-tests.jar:/home/user/.m2/repository/org/eclipse/jetty/jetty-util-ajax/9.3.25.v20180904/jetty-util-ajax-9.3.25.v20180904.jar:/home/user/.m2/repository/commons-daemon/commons-daemon/1.0.13/commons-daemon-1.0.13.jar:/home/user/.m2/repository/io/netty/netty/3.10.5.Final/netty-3.10.5.Final.jar:/home/user/.m2/repository/io/netty/netty-all/4.0.52.Final/netty-all-4.0.52.Final.jar:/home/user/.m2/repository/org/fusesource/leveldbjni/leveldbjni-all/1.8/leveldbjni-all-1.8.jar:"/>
    <property name="java.vm.vendor" value="Oracle Corporation"/>
    <property name="sun.arch.data.model" value="64"/>
    <property name="test.build.dir" value="/workdir/hadoop-ozone/integration-test/target/test-dir"/>
    <property name="test.cache.data" value=""/>
    <property name="java.vendor.url" value="http://java.oracle.com/"/>
    <property name="user.timezone" value=""/>
    <property name="java.vm.specification.version" value="1.8"/>
    <property name="os.name" value="Linux"/>
    <property name="test.build.data" value="/workdir/hadoop-ozone/integration-test/target/test-dir"/>
    <property name="user.country" value="US"/>
    <property name="sun.java.launcher" value="SUN_STANDARD"/>
    <property name="sun.boot.library.path" value="/usr/lib/jvm/java-1.8.0-openjdk-1.8.0.222.b10-1.el7_7.x86_64/jre/lib/amd64"/>
    <property name="sun.java.command" value="/workdir/hadoop-ozone/integration-test/target/surefire/surefirebooter5638685217599595121.jar /workdir/hadoop-ozone/integration-test/target/surefire 2019-11-14T11-41-54_424-jvmRun1 surefire3041420165787652801tmp surefire_425823259201868666363tmp"/>
    <property name="surefire.test.class.path" value="/workdir/hadoop-ozone/integration-test/target/test-classes:/workdir/hadoop-ozone/integration-test/target/classes:/home/user/.m2/repository/org/apache/hadoop/hadoop-ozone-common/0.5.0-SNAPSHOT/hadoop-ozone-common-0.5.0-SNAPSHOT.jar:/home/user/.m2/repository/org/apache/commons/commons-compress/1.4.1/commons-compress-1.4.1.jar:/home/user/.m2/repository/org/tukaani/xz/1.0/xz-1.0.jar:/home/user/.m2/repository/org/apache/hadoop/hadoop-common/3.2.0/hadoop-common-3.2.0.jar:/home/user/.m2/repository/org/apache/hadoop/hadoop-hdfs/3.2.0/hadoop-hdfs-3.2.0.jar:/home/user/.m2/repository/org/apache/hadoop/hadoop-hdfs-client/3.2.0/hadoop-hdfs-client-3.2.0.jar:/home/user/.m2/repository/com/fasterxml/jackson/core/jackson-annotations/2.9.9/jackson-annotations-2.9.9.jar:/home/user/.m2/repository/org/apache/hadoop/hadoop-hdds-common/0.5.0-SNAPSHOT/hadoop-hdds-common-0.5.0-SNAPSHOT.jar:/home/user/.m2/repository/javax/annotation/javax.annotation-api/1.2/javax.annotation-api-1.2.jar:/home/user/.m2/repository/org/apache/ratis/ratis-server/0.5.0-d6d58d0-SNAPSHOT/ratis-server-0.5.0-d6d58d0-SNAPSHOT.jar:/home/user/.m2/repository/org/apache/ratis/ratis-thirdparty-misc/0.2.0/ratis-thirdparty-misc-0.2.0.jar:/home/user/.m2/repository/org/apache/ratis/ratis-proto/0.5.0-d6d58d0-SNAPSHOT/ratis-proto-0.5.0-d6d58d0-SNAPSHOT.jar:/home/user/.m2/repository/org/apache/ratis/ratis-common/0.5.0-d6d58d0-SNAPSHOT/ratis-common-0.5.0-d6d58d0-SNAPSHOT.jar:/home/user/.m2/repository/org/apache/ratis/ratis-client/0.5.0-d6d58d0-SNAPSHOT/ratis-client-0.5.0-d6d58d0-SNAPSHOT.jar:/home/user/.m2/repository/org/apache/ratis/ratis-metrics/0.5.0-d6d58d0-SNAPSHOT/ratis-metrics-0.5.0-d6d58d0-SNAPSHOT.jar:/home/user/.m2/repository/org/apache/ratis/ratis-netty/0.5.0-d6d58d0-SNAPSHOT/ratis-netty-0.5.0-d6d58d0-SNAPSHOT.jar:/home/user/.m2/repository/org/apache/ratis/ratis-grpc/0.5.0-d6d58d0-SNAPSHOT/ratis-grpc-0.5.0-d6d58d0-SNAPSHOT.jar:/home/user/.m2/repository/org/rocksdb/rocksdbjni/6.0.1/rocksdbjni-6.0.1.jar:/home/user/.m2/repository/org/apache/logging/log4j/log4j-api/2.11.0/log4j-api-2.11.0.jar:/home/user/.m2/repository/org/apache/logging/log4j/log4j-core/2.11.0/log4j-core-2.11.0.jar:/home/user/.m2/repository/com/lmax/disruptor/3.4.2/disruptor-3.4.2.jar:/home/user/.m2/repository/org/apache/commons/commons-pool2/2.6.0/commons-pool2-2.6.0.jar:/home/user/.m2/repository/org/bouncycastle/bcpkix-jdk15on/1.60/bcpkix-jdk15on-1.60.jar:/home/user/.m2/repository/commons-validator/commons-validator/1.6/commons-validator-1.6.jar:/home/user/.m2/repository/commons-digester/commons-digester/1.8.1/commons-digester-1.8.1.jar:/home/user/.m2/repository/io/jaegertracing/jaeger-client/0.34.0/jaeger-client-0.34.0.jar:/home/user/.m2/repository/io/jaegertracing/jaeger-thrift/0.34.0/jaeger-thrift-0.34.0.jar:/home/user/.m2/repository/org/apache/thrift/libthrift/0.12.0/libthrift-0.12.0.jar:/home/user/.m2/repository/com/squareup/okhttp3/okhttp/3.9.0/okhttp-3.9.0.jar:/home/user/.m2/repository/com/squareup/okio/okio/1.13.0/okio-1.13.0.jar:/home/user/.m2/repository/io/jaegertracing/jaeger-core/0.34.0/jaeger-core-0.34.0.jar:/home/user/.m2/repository/io/jaegertracing/jaeger-tracerresolver/0.34.0/jaeger-tracerresolver-0.34.0.jar:/home/user/.m2/repository/io/opentracing/contrib/opentracing-tracerresolver/0.1.5/opentracing-tracerresolver-0.1.5.jar:/home/user/.m2/repository/io/opentracing/opentracing-util/0.31.0/opentracing-util-0.31.0.jar:/home/user/.m2/repository/io/opentracing/opentracing-api/0.31.0/opentracing-api-0.31.0.jar:/home/user/.m2/repository/io/opentracing/opentracing-noop/0.31.0/opentracing-noop-0.31.0.jar:/home/user/.m2/repository/org/apache/hadoop/hadoop-hdds-server-framework/0.5.0-SNAPSHOT/hadoop-hdds-server-framework-0.5.0-SNAPSHOT.jar:/home/user/.m2/repository/org/apache/hadoop/hadoop-hdds-container-service/0.5.0-SNAPSHOT/hadoop-hdds-container-service-0.5.0-SNAPSHOT.jar:/home/user/.m2/repository/org/apache/hadoop/hadoop-hdds-client/0.5.0-SNAPSHOT/hadoop-hdds-client-0.5.0-SNAPSHOT.jar:/home/user/.m2/repository/org/apache/hadoop/hadoop-hdds-tools/0.5.0-SNAPSHOT/hadoop-hdds-tools-0.5.0-SNAPSHOT.jar:/home/user/.m2/repository/org/apache/hadoop/hadoop-hdds-server-scm/0.5.0-SNAPSHOT/hadoop-hdds-server-scm-0.5.0-SNAPSHOT.jar:/home/user/.m2/repository/org/apache/hadoop/hadoop-hdds-docs/0.5.0-SNAPSHOT/hadoop-hdds-docs-0.5.0-SNAPSHOT.jar:/home/user/.m2/repository/io/dropwizard/metrics/metrics-core/3.2.4/metrics-core-3.2.4.jar:/home/user/.m2/repository/org/hamcrest/hamcrest-all/1.3/hamcrest-all-1.3.jar:/home/user/.m2/repository/org/bouncycastle/bcprov-jdk15on/1.60/bcprov-jdk15on-1.60.jar:/home/user/.m2/repository/info/picocli/picocli/3.9.6/picocli-3.9.6.jar:/home/user/.m2/repository/com/google/protobuf/protobuf-java/2.5.0/protobuf-java-2.5.0.jar:/home/user/.m2/repository/com/google/guava/guava/11.0.2/guava-11.0.2.jar:/home/user/.m2/repository/org/apache/hadoop/hadoop-ozone-ozone-manager/0.5.0-SNAPSHOT/hadoop-ozone-ozone-manager-0.5.0-SNAPSHOT.jar:/home/user/.m2/repository/org/apache/hadoop/hadoop-minikdc/3.2.0/hadoop-minikdc-3.2.0.jar:/home/user/.m2/repository/commons-io/commons-io/2.5/commons-io-2.5.jar:/home/user/.m2/repository/org/apache/kerby/kerb-simplekdc/1.0.1/kerb-simplekdc-1.0.1.jar:/home/user/.m2/repository/org/apache/kerby/kerb-client/1.0.1/kerb-client-1.0.1.jar:/home/user/.m2/repository/org/apache/kerby/kerby-config/1.0.1/kerby-config-1.0.1.jar:/home/user/.m2/repository/org/apache/kerby/kerb-core/1.0.1/kerb-core-1.0.1.jar:/home/user/.m2/repository/org/apache/kerby/kerby-pkix/1.0.1/kerby-pkix-1.0.1.jar:/home/user/.m2/repository/org/apache/kerby/kerby-asn1/1.0.1/kerby-asn1-1.0.1.jar:/home/user/.m2/repository/org/apache/kerby/kerby-util/1.0.1/kerby-util-1.0.1.jar:/home/user/.m2/repository/org/apache/kerby/kerb-common/1.0.1/kerb-common-1.0.1.jar:/home/user/.m2/repository/org/apache/kerby/kerb-crypto/1.0.1/kerb-crypto-1.0.1.jar:/home/user/.m2/repository/org/apache/kerby/kerb-util/1.0.1/kerb-util-1.0.1.jar:/home/user/.m2/repository/org/apache/kerby/token-provider/1.0.1/token-provider-1.0.1.jar:/home/user/.m2/repository/org/apache/kerby/kerb-admin/1.0.1/kerb-admin-1.0.1.jar:/home/user/.m2/repository/org/apache/kerby/kerb-server/1.0.1/kerb-server-1.0.1.jar:/home/user/.m2/repository/org/apache/kerby/kerb-identity/1.0.1/kerb-identity-1.0.1.jar:/home/user/.m2/repository/org/apache/kerby/kerby-xdr/1.0.1/kerby-xdr-1.0.1.jar:/home/user/.m2/repository/org/slf4j/slf4j-log4j12/1.7.25/slf4j-log4j12-1.7.25.jar:/home/user/.m2/repository/org/apache/hadoop/hadoop-ozone-s3gateway/0.5.0-SNAPSHOT/hadoop-ozone-s3gateway-0.5.0-SNAPSHOT.jar:/home/user/.m2/repository/org/jboss/weld/servlet/weld-servlet/2.4.7.Final/weld-servlet-2.4.7.Final.jar:/home/user/.m2/repository/org/glassfish/jersey/containers/jersey-container-servlet-core/2.27/jersey-container-servlet-core-2.27.jar:/home/user/.m2/repository/org/glassfish/hk2/external/javax.inject/2.5.0-b42/javax.inject-2.5.0-b42.jar:/home/user/.m2/repository/org/glassfish/jersey/core/jersey-common/2.27/jersey-common-2.27.jar:/home/user/.m2/repository/org/glassfish/hk2/osgi-resource-locator/1.0.1/osgi-resource-locator-1.0.1.jar:/home/user/.m2/repository/javax/ws/rs/javax.ws.rs-api/2.1/javax.ws.rs-api-2.1.jar:/home/user/.m2/repository/org/glassfish/jersey/ext/cdi/jersey-cdi1x/2.27/jersey-cdi1x-2.27.jar:/home/user/.m2/repository/org/glassfish/jersey/inject/jersey-hk2/2.27/jersey-hk2-2.27.jar:/home/user/.m2/repository/org/glassfish/hk2/hk2-locator/2.5.0-b42/hk2-locator-2.5.0-b42.jar:/home/user/.m2/repository/org/javassist/javassist/3.22.0-CR2/javassist-3.22.0-CR2.jar:/home/user/.m2/repository/org/glassfish/hk2/hk2-api/2.5.0/hk2-api-2.5.0.jar:/home/user/.m2/repository/org/glassfish/hk2/external/jakarta.inject/2.5.0/jakarta.inject-2.5.0.jar:/home/user/.m2/repository/org/glassfish/hk2/hk2-utils/2.5.0/hk2-utils-2.5.0.jar:/home/user/.m2/repository/jakarta/annotation/jakarta.annotation-api/1.3.4/jakarta.annotation-api-1.3.4.jar:/home/user/.m2/repository/org/glassfish/hk2/external/aopalliance-repackaged/2.5.0/aopalliance-repackaged-2.5.0.jar:/home/user/.m2/repository/com/fasterxml/jackson/dataformat/jackson-dataformat-xml/2.9.0/jackson-dataformat-xml-2.9.0.jar:/home/user/.m2/repository/com/fasterxml/jackson/core/jackson-core/2.9.9/jackson-core-2.9.9.jar:/home/user/.m2/repository/com/fasterxml/jackson/module/jackson-module-jaxb-annotations/2.9.9/jackson-module-jaxb-annotations-2.9.9.jar:/home/user/.m2/repository/javax/enterprise/cdi-api/1.2/cdi-api-1.2.jar:/home/user/.m2/repository/javax/el/javax.el-api/3.0.0/javax.el-api-3.0.0.jar:/home/user/.m2/repository/javax/interceptor/javax.interceptor-api/1.2/javax.interceptor-api-1.2.jar:/home/user/.m2/repository/javax/inject/javax.inject/1/javax.inject-1.jar:/home/user/.m2/repository/com/sun/xml/bind/jaxb-impl/2.3.0.1/jaxb-impl-2.3.0.1.jar:/home/user/.m2/repository/com/sun/xml/bind/jaxb-core/2.3.0.1/jaxb-core-2.3.0.1.jar:/home/user/.m2/repository/javax/xml/bind/jaxb-api/2.3.0/jaxb-api-2.3.0.jar:/home/user/.m2/repository/javax/activation/activation/1.1.1/activation-1.1.1.jar:/home/user/.m2/repository/org/apache/hadoop/hadoop-ozone-csi/0.5.0-SNAPSHOT/hadoop-ozone-csi-0.5.0-SNAPSHOT.jar:/home/user/.m2/repository/com/google/protobuf/protobuf-java-util/3.5.1/protobuf-java-util-3.5.1.jar:/home/user/.m2/repository/org/apache/hadoop/hadoop-hdds-config/0.5.0-SNAPSHOT/hadoop-hdds-config-0.5.0-SNAPSHOT.jar:/home/user/.m2/repository/io/grpc/grpc-netty/1.17.1/grpc-netty-1.17.1.jar:/home/user/.m2/repository/io/grpc/grpc-core/1.17.1/grpc-core-1.17.1.jar:/home/user/.m2/repository/io/grpc/grpc-context/1.17.1/grpc-context-1.17.1.jar:/home/user/.m2/repository/com/google/errorprone/error_prone_annotations/2.2.0/error_prone_annotations-2.2.0.jar:/home/user/.m2/repository/org/codehaus/mojo/animal-sniffer-annotations/1.17/animal-sniffer-annotations-1.17.jar:/home/user/.m2/repository/io/opencensus/opencensus-api/0.17.0/opencensus-api-0.17.0.jar:/home/user/.m2/repository/io/opencensus/opencensus-contrib-grpc-metrics/0.17.0/opencensus-contrib-grpc-metrics-0.17.0.jar:/home/user/.m2/repository/io/netty/netty-codec-http2/4.1.30.Final/netty-codec-http2-4.1.30.Final.jar:/home/user/.m2/repository/io/netty/netty-codec-http/4.1.30.Final/netty-codec-http-4.1.30.Final.jar:/home/user/.m2/repository/io/netty/netty-codec/4.1.30.Final/netty-codec-4.1.30.Final.jar:/home/user/.m2/repository/io/netty/netty-handler/4.1.30.Final/netty-handler-4.1.30.Final.jar:/home/user/.m2/repository/io/netty/netty-handler-proxy/4.1.30.Final/netty-handler-proxy-4.1.30.Final.jar:/home/user/.m2/repository/io/netty/netty-codec-socks/4.1.30.Final/netty-codec-socks-4.1.30.Final.jar:/home/user/.m2/repository/io/netty/netty-transport-native-epoll/4.1.30.Final/netty-transport-native-epoll-4.1.30.Final.jar:/home/user/.m2/repository/io/netty/netty-common/4.1.30.Final/netty-common-4.1.30.Final.jar:/home/user/.m2/repository/io/netty/netty-buffer/4.1.30.Final/netty-buffer-4.1.30.Final.jar:/home/user/.m2/repository/io/netty/netty-transport/4.1.30.Final/netty-transport-4.1.30.Final.jar:/home/user/.m2/repository/io/netty/netty-resolver/4.1.30.Final/netty-resolver-4.1.30.Final.jar:/home/user/.m2/repository/io/netty/netty-transport-native-unix-common/4.1.30.Final/netty-transport-native-unix-common-4.1.30.Final.jar:/home/user/.m2/repository/io/grpc/grpc-protobuf/1.17.1/grpc-protobuf-1.17.1.jar:/home/user/.m2/repository/com/google/api/grpc/proto-google-common-protos/1.0.0/proto-google-common-protos-1.0.0.jar:/home/user/.m2/repository/io/grpc/grpc-protobuf-lite/1.17.1/grpc-protobuf-lite-1.17.1.jar:/home/user/.m2/repository/io/grpc/grpc-stub/1.17.1/grpc-stub-1.17.1.jar:/home/user/.m2/repository/org/apache/hadoop/hadoop-ozone-recon/0.5.0-SNAPSHOT/hadoop-ozone-recon-0.5.0-SNAPSHOT.jar:/home/user/.m2/repository/org/apache/hadoop/hadoop-ozone-reconcodegen/0.5.0-SNAPSHOT/hadoop-ozone-reconcodegen-0.5.0-SNAPSHOT.jar:/home/user/.m2/repository/com/google/inject/extensions/guice-multibindings/4.0/guice-multibindings-4.0.jar:/home/user/.m2/repository/com/google/inject/guice/4.0/guice-4.0.jar:/home/user/.m2/repository/aopalliance/aopalliance/1.0/aopalliance-1.0.jar:/home/user/.m2/repository/com/google/inject/extensions/guice-servlet/4.0/guice-servlet-4.0.jar:/home/user/.m2/repository/org/glassfish/jersey/containers/jersey-container-servlet/2.27/jersey-container-servlet-2.27.jar:/home/user/.m2/repository/org/glassfish/hk2/guice-bridge/2.5.0/guice-bridge-2.5.0.jar:/home/user/.m2/repository/org/glassfish/jersey/core/jersey-server/2.27/jersey-server-2.27.jar:/home/user/.m2/repository/org/glassfish/jersey/core/jersey-client/2.27/jersey-client-2.27.jar:/home/user/.m2/repository/org/glassfish/jersey/media/jersey-media-jaxb/2.27/jersey-media-jaxb-2.27.jar:/home/user/.m2/repository/javax/validation/validation-api/1.1.0.Final/validation-api-1.1.0.Final.jar:/home/user/.m2/repository/org/glassfish/jersey/media/jersey-media-json-jackson/2.27/jersey-media-json-jackson-2.27.jar:/home/user/.m2/repository/org/glassfish/jersey/ext/jersey-entity-filtering/2.27/jersey-entity-filtering-2.27.jar:/home/user/.m2/repository/com/google/inject/extensions/guice-assistedinject/4.0/guice-assistedinject-4.0.jar:/home/user/.m2/repository/org/jooq/jooq/3.11.10/jooq-3.11.10.jar:/home/user/.m2/repository/org/jooq/jooq-meta/3.11.10/jooq-meta-3.11.10.jar:/home/user/.m2/repository/org/jooq/jooq-codegen/3.11.10/jooq-codegen-3.11.10.jar:/home/user/.m2/repository/com/jolbox/bonecp/0.8.0.RELEASE/bonecp-0.8.0.RELEASE.jar:/home/user/.m2/repository/org/xerial/sqlite-jdbc/3.25.2/sqlite-jdbc-3.25.2.jar:/home/user/.m2/repository/org/springframework/spring-jdbc/5.1.3.RELEASE/spring-jdbc-5.1.3.RELEASE.jar:/home/user/.m2/repository/org/springframework/spring-beans/5.1.3.RELEASE/spring-beans-5.1.3.RELEASE.jar:/home/user/.m2/repository/org/springframework/spring-core/5.1.3.RELEASE/spring-core-5.1.3.RELEASE.jar:/home/user/.m2/repository/org/springframework/spring-jcl/5.1.3.RELEASE/spring-jcl-5.1.3.RELEASE.jar:/home/user/.m2/repository/org/springframework/spring-tx/5.1.3.RELEASE/spring-tx-5.1.3.RELEASE.jar:/home/user/.m2/repository/org/apache/hadoop/hadoop-ozone-client/0.5.0-SNAPSHOT/hadoop-ozone-client-0.5.0-SNAPSHOT.jar:/home/user/.m2/repository/commons-lang/commons-lang/2.6/commons-lang-2.6.jar:/home/user/.m2/repository/org/apache/hadoop/hadoop-ozone-ozone-manager/0.5.0-SNAPSHOT/hadoop-ozone-ozone-manager-0.5.0-SNAPSHOT-tests.jar:/home/user/.m2/repository/junit/junit/4.11/junit-4.11.jar:/home/user/.m2/repository/org/hamcrest/hamcrest-core/1.3/hamcrest-core-1.3.jar:/home/user/.m2/repository/org/openjdk/jmh/jmh-core/1.19/jmh-core-1.19.jar:/home/user/.m2/repository/net/sf/jopt-simple/jopt-simple/4.6/jopt-simple-4.6.jar:/home/user/.m2/repository/org/apache/commons/commons-math3/3.1.1/commons-math3-3.1.1.jar:/home/user/.m2/repository/org/openjdk/jmh/jmh-generator-annprocess/1.19/jmh-generator-annprocess-1.19.jar:/home/user/.m2/repository/org/mockito/mockito-all/1.8.5/mockito-all-1.8.5.jar:/home/user/.m2/repository/org/apache/hadoop/hadoop-kms/3.2.0/hadoop-kms-3.2.0.jar:/home/user/.m2/repository/org/apache/hadoop/hadoop-auth/3.2.0/hadoop-auth-3.2.0.jar:/home/user/.m2/repository/com/nimbusds/nimbus-jose-jwt/4.41.1/nimbus-jose-jwt-4.41.1.jar:/home/user/.m2/repository/com/github/stephenc/jcip/jcip-annotations/1.0-1/jcip-annotations-1.0-1.jar:/home/user/.m2/repository/net/minidev/json-smart/2.3/json-smart-2.3.jar:/home/user/.m2/repository/net/minidev/accessors-smart/1.2/accessors-smart-1.2.jar:/home/user/.m2/repository/org/ow2/asm/asm/5.0.4/asm-5.0.4.jar:/home/user/.m2/repository/org/apache/curator/curator-framework/2.12.0/curator-framework-2.12.0.jar:/home/user/.m2/repository/com/sun/jersey/jersey-core/1.19/jersey-core-1.19.jar:/home/user/.m2/repository/javax/ws/rs/jsr311-api/1.1.1/jsr311-api-1.1.1.jar:/home/user/.m2/repository/com/sun/jersey/jersey-server/1.19/jersey-server-1.19.jar:/home/user/.m2/repository/javax/servlet/javax.servlet-api/3.1.0/javax.servlet-api-3.1.0.jar:/home/user/.m2/repository/org/eclipse/jetty/jetty-server/9.3.25.v20180904/jetty-server-9.3.25.v20180904.jar:/home/user/.m2/repository/org/eclipse/jetty/jetty-http/9.3.25.v20180904/jetty-http-9.3.25.v20180904.jar:/home/user/.m2/repository/org/eclipse/jetty/jetty-io/9.3.25.v20180904/jetty-io-9.3.25.v20180904.jar:/home/user/.m2/repository/org/eclipse/jetty/jetty-webapp/9.3.25.v20180904/jetty-webapp-9.3.25.v20180904.jar:/home/user/.m2/repository/org/eclipse/jetty/jetty-xml/9.3.25.v20180904/jetty-xml-9.3.25.v20180904.jar:/home/user/.m2/repository/log4j/log4j/1.2.17/log4j-1.2.17.jar:/home/user/.m2/repository/org/slf4j/slf4j-api/1.7.25/slf4j-api-1.7.25.jar:/home/user/.m2/repository/org/slf4j/jul-to-slf4j/1.7.25/jul-to-slf4j-1.7.25.jar:/home/user/.m2/repository/org/eclipse/jetty/jetty-util/9.3.25.v20180904/jetty-util-9.3.25.v20180904.jar:/home/user/.m2/repository/com/fasterxml/jackson/core/jackson-databind/2.9.9/jackson-databind-2.9.9.jar:/home/user/.m2/repository/org/apache/hadoop/hadoop-kms/3.2.0/hadoop-kms-3.2.0-tests.jar:/home/user/.m2/repository/org/apache/hadoop/hadoop-hdds-server-scm/0.5.0-SNAPSHOT/hadoop-hdds-server-scm-0.5.0-SNAPSHOT-tests.jar:/home/user/.m2/repository/org/apache/hadoop/hadoop-hdds-container-service/0.5.0-SNAPSHOT/hadoop-hdds-container-service-0.5.0-SNAPSHOT-tests.jar:/home/user/.m2/repository/org/yaml/snakeyaml/1.16/snakeyaml-1.16.jar:/home/user/.m2/repository/org/apache/hadoop/hadoop-common/3.2.0/hadoop-common-3.2.0-tests.jar:/home/user/.m2/repository/org/apache/hadoop/hadoop-annotations/3.2.0/hadoop-annotations-3.2.0.jar:/usr/lib/jvm/java-1.8.0-openjdk-1.8.0.222.b10-1.el7_7.x86_64/jre/../lib/tools.jar:/home/user/.m2/repository/commons-cli/commons-cli/1.2/commons-cli-1.2.jar:/home/user/.m2/repository/org/apache/httpcomponents/httpclient/4.5.2/httpclient-4.5.2.jar:/home/user/.m2/repository/org/apache/httpcomponents/httpcore/4.4.4/httpcore-4.4.4.jar:/home/user/.m2/repository/commons-codec/commons-codec/1.11/commons-codec-1.11.jar:/home/user/.m2/repository/commons-net/commons-net/3.6/commons-net-3.6.jar:/home/user/.m2/repository/commons-collections/commons-collections/3.2.2/commons-collections-3.2.2.jar:/home/user/.m2/repository/org/eclipse/jetty/jetty-servlet/9.3.25.v20180904/jetty-servlet-9.3.25.v20180904.jar:/home/user/.m2/repository/org/eclipse/jetty/jetty-security/9.3.25.v20180904/jetty-security-9.3.25.v20180904.jar:/home/user/.m2/repository/javax/servlet/jsp/jsp-api/2.1/jsp-api-2.1.jar:/home/user/.m2/repository/com/sun/jersey/jersey-servlet/1.19/jersey-servlet-1.19.jar:/home/user/.m2/repository/com/sun/jersey/jersey-json/1.19/jersey-json-1.19.jar:/home/user/.m2/repository/org/codehaus/jettison/jettison/1.1/jettison-1.1.jar:/home/user/.m2/repository/org/codehaus/jackson/jackson-core-asl/1.9.13/jackson-core-asl-1.9.13.jar:/home/user/.m2/repository/org/codehaus/jackson/jackson-mapper-asl/1.9.13/jackson-mapper-asl-1.9.13.jar:/home/user/.m2/repository/org/codehaus/jackson/jackson-jaxrs/1.9.13/jackson-jaxrs-1.9.13.jar:/home/user/.m2/repository/org/codehaus/jackson/jackson-xc/1.9.13/jackson-xc-1.9.13.jar:/home/user/.m2/repository/commons-logging/commons-logging/1.1.3/commons-logging-1.1.3.jar:/home/user/.m2/repository/commons-beanutils/commons-beanutils/1.9.4/commons-beanutils-1.9.4.jar:/home/user/.m2/repository/org/apache/commons/commons-configuration2/2.1.1/commons-configuration2-2.1.1.jar:/home/user/.m2/repository/org/apache/commons/commons-lang3/3.7/commons-lang3-3.7.jar:/home/user/.m2/repository/org/apache/commons/commons-text/1.4/commons-text-1.4.jar:/home/user/.m2/repository/org/apache/avro/avro/1.7.7/avro-1.7.7.jar:/home/user/.m2/repository/com/thoughtworks/paranamer/paranamer/2.3/paranamer-2.3.jar:/home/user/.m2/repository/org/xerial/snappy/snappy-java/1.0.5/snappy-java-1.0.5.jar:/home/user/.m2/repository/com/google/re2j/re2j/1.1/re2j-1.1.jar:/home/user/.m2/repository/com/google/code/gson/gson/2.2.4/gson-2.2.4.jar:/home/user/.m2/repository/com/jcraft/jsch/0.1.54/jsch-0.1.54.jar:/home/user/.m2/repository/org/apache/curator/curator-client/2.12.0/curator-client-2.12.0.jar:/home/user/.m2/repository/org/apache/curator/curator-recipes/2.12.0/curator-recipes-2.12.0.jar:/home/user/.m2/repository/com/google/code/findbugs/jsr305/3.0.0/jsr305-3.0.0.jar:/home/user/.m2/repository/org/apache/htrace/htrace-core4/4.1.0-incubating/htrace-core4-4.1.0-incubating.jar:/home/user/.m2/repository/org/apache/zookeeper/zookeeper/3.4.13/zookeeper-3.4.13.jar:/home/user/.m2/repository/jline/jline/0.9.94/jline-0.9.94.jar:/home/user/.m2/repository/org/apache/yetus/audience-annotations/0.5.0/audience-annotations-0.5.0.jar:/home/user/.m2/repository/org/codehaus/woodstox/stax2-api/3.1.4/stax2-api-3.1.4.jar:/home/user/.m2/repository/com/fasterxml/woodstox/woodstox-core/5.0.3/woodstox-core-5.0.3.jar:/home/user/.m2/repository/dnsjava/dnsjava/2.1.7/dnsjava-2.1.7.jar:/home/user/.m2/repository/org/apache/hadoop/hadoop-hdfs/3.2.0/hadoop-hdfs-3.2.0-tests.jar:/home/user/.m2/repository/org/eclipse/jetty/jetty-util-ajax/9.3.25.v20180904/jetty-util-ajax-9.3.25.v20180904.jar:/home/user/.m2/repository/commons-daemon/commons-daemon/1.0.13/commons-daemon-1.0.13.jar:/home/user/.m2/repository/io/netty/netty/3.10.5.Final/netty-3.10.5.Final.jar:/home/user/.m2/repository/io/netty/netty-all/4.0.52.Final/netty-all-4.0.52.Final.jar:/home/user/.m2/repository/org/fusesource/leveldbjni/leveldbjni-all/1.8/leveldbjni-all-1.8.jar:"/>
    <property name="sun.cpu.endian" value="little"/>
    <property name="user.home" value="/home/user"/>
    <property name="user.language" value="en"/>
    <property name="java.specification.vendor" value="Oracle Corporation"/>
    <property name="java.home" value="/usr/lib/jvm/java-1.8.0-openjdk-1.8.0.222.b10-1.el7_7.x86_64/jre"/>
    <property name="surefire.excludesFile" value="/tools/ozone-bad-unit-tests"/>
    <property name="java.security.krb5.conf" value="/workdir/hadoop-ozone/integration-test/target/test-classes/krb5.conf"/>
    <property name="basedir" value="/workdir/hadoop-ozone/integration-test"/>
    <property name="file.separator" value="/"/>
    <property name="line.separator" value="&#10;"/>
    <property name="java.vm.specification.vendor" value="Oracle Corporation"/>
    <property name="java.specification.name" value="Java Platform API Specification"/>
    <property name="java.awt.graphicsenv" value="sun.awt.X11GraphicsEnvironment"/>
    <property name="surefire.real.class.path" value="/workdir/hadoop-ozone/integration-test/target/surefire/surefirebooter5638685217599595121.jar"/>
    <property name="hadoop.log.dir" value="/workdir/hadoop-ozone/integration-test/target/log"/>
    <property name="sun.boot.class.path" value="/usr/lib/jvm/java-1.8.0-openjdk-1.8.0.222.b10-1.el7_7.x86_64/jre/lib/resources.jar:/usr/lib/jvm/java-1.8.0-openjdk-1.8.0.222.b10-1.el7_7.x86_64/jre/lib/rt.jar:/usr/lib/jvm/java-1.8.0-openjdk-1.8.0.222.b10-1.el7_7.x86_64/jre/lib/sunrsasign.jar:/usr/lib/jvm/java-1.8.0-openjdk-1.8.0.222.b10-1.el7_7.x86_64/jre/lib/jsse.jar:/usr/lib/jvm/java-1.8.0-openjdk-1.8.0.222.b10-1.el7_7.x86_64/jre/lib/jce.jar:/usr/lib/jvm/java-1.8.0-openjdk-1.8.0.222.b10-1.el7_7.x86_64/jre/lib/charsets.jar:/usr/lib/jvm/java-1.8.0-openjdk-1.8.0.222.b10-1.el7_7.x86_64/jre/lib/jfr.jar:/usr/lib/jvm/java-1.8.0-openjdk-1.8.0.222.b10-1.el7_7.x86_64/jre/classes"/>
    <property name="sun.management.compiler" value="HotSpot 64-Bit Tiered Compilers"/>
    <property name="java.runtime.version" value="1.8.0_222-b10"/>
    <property name="java.net.preferIPv4Stack" value="true"/>
    <property name="user.name" value="jenkins1000"/>
    <property name="path.separator" value=":"/>
    <property name="java.security.egd" value="file:///dev/urandom"/>
    <property name="os.version" value="3.10.0-957.12.2.el7.x86_64"/>
    <property name="java.endorsed.dirs" value="/usr/lib/jvm/java-1.8.0-openjdk-1.8.0.222.b10-1.el7_7.x86_64/jre/lib/endorsed"/>
    <property name="java.runtime.name" value="OpenJDK Runtime Environment"/>
    <property name="file.encoding" value="ANSI_X3.4-1968"/>
    <property name="java.vm.name" value="OpenJDK 64-Bit Server VM"/>
    <property name="test.build.webapps" value=""/>
    <property name="localRepository" value="/home/user/.m2/repository"/>
    <property name="java.vendor.url.bug" value="http://bugreport.sun.com/bugreport/"/>
    <property name="java.io.tmpdir" value="/tmp"/>
    <property name="require.test.libhadoop" value=""/>
    <property name="java.version" value="1.8.0_222"/>
    <property name="user.dir" value="/workdir/hadoop-ozone/integration-test"/>
    <property name="os.arch" value="amd64"/>
    <property name="java.vm.specification.name" value="Java Virtual Machine Specification"/>
    <property name="test.build.classes" value="/workdir/hadoop-ozone/integration-test/target/test-classes"/>
    <property name="java.awt.printerjob" value="sun.print.PSPrinterJob"/>
    <property name="sun.os.patch.level" value="unknown"/>
    <property name="hadoop.tmp.dir" value="/workdir/hadoop-ozone/integration-test/target/tmp"/>
    <property name="java.library.path" value="/usr/lib:/workdir/hadoop-ozone/integration-test/target/native/target/usr/local/lib:/workdir/hadoop-ozone/integration-test/../../hadoop-common-project/hadoop-common/target/native/target/usr/local/lib:/usr/java/packages/lib/amd64:/usr/lib64:/lib64:/lib:/usr/lib"/>
    <property name="java.vm.info" value="mixed mode"/>
    <property name="java.vendor" value="Oracle Corporation"/>
    <property name="java.vm.version" value="25.222-b10"/>
    <property name="java.ext.dirs" value="/usr/lib/jvm/java-1.8.0-openjdk-1.8.0.222.b10-1.el7_7.x86_64/jre/lib/ext:/usr/java/packages/lib/ext"/>
    <property name="sun.io.unicode.encoding" value="UnicodeLittle"/>
    <property name="java.class.version" value="52.0"/>
  </properties>
  <testcase name="testDeleteKeyWithSlowFollower" classname="org.apache.hadoop.ozone.client.rpc.TestDeleteWithSlowFollower" time="101.486">
    <error type="java.lang.NullPointerException">java.lang.NullPointerException
	at org.apache.hadoop.ozone.container.keyvalue.impl.ChunkManagerImpl.getTmpChunkFile(ChunkManagerImpl.java:321)
	at org.apache.hadoop.ozone.container.keyvalue.impl.ChunkManagerImpl.readChunk(ChunkManagerImpl.java:221)
	at org.apache.hadoop.ozone.client.rpc.TestDeleteWithSlowFollower.testDeleteKeyWithSlowFollower(TestDeleteWithSlowFollower.java:247)
	at sun.reflect.NativeMethodAccessorImpl.invoke0(Native Method)
	at sun.reflect.NativeMethodAccessorImpl.invoke(NativeMethodAccessorImpl.java:62)
	at sun.reflect.DelegatingMethodAccessorImpl.invoke(DelegatingMethodAccessorImpl.java:43)
	at java.lang.reflect.Method.invoke(Method.java:498)
	at org.junit.runners.model.FrameworkMethod$1.runReflectiveCall(FrameworkMethod.java:47)
	at org.junit.internal.runners.model.ReflectiveCallable.run(ReflectiveCallable.java:12)
	at org.junit.runners.model.FrameworkMethod.invokeExplosively(FrameworkMethod.java:44)
	at org.junit.internal.runners.statements.InvokeMethod.evaluate(InvokeMethod.java:17)
	at org.junit.runners.ParentRunner.runLeaf(ParentRunner.java:271)
	at org.junit.runners.BlockJUnit4ClassRunner.runChild(BlockJUnit4ClassRunner.java:70)
	at org.junit.runners.BlockJUnit4ClassRunner.runChild(BlockJUnit4ClassRunner.java:50)
	at org.junit.runners.ParentRunner$3.run(ParentRunner.java:238)
	at org.junit.runners.ParentRunner$1.schedule(ParentRunner.java:63)
	at org.junit.runners.ParentRunner.runChildren(ParentRunner.java:236)
	at org.junit.runners.ParentRunner.access$000(ParentRunner.java:53)
	at org.junit.runners.ParentRunner$2.evaluate(ParentRunner.java:229)
	at org.junit.internal.runners.statements.RunBefores.evaluate(RunBefores.java:26)
	at org.junit.internal.runners.statements.RunAfters.evaluate(RunAfters.java:27)
	at org.junit.runners.ParentRunner.run(ParentRunner.java:309)
	at org.apache.maven.surefire.junit4.JUnit4Provider.execute(JUnit4Provider.java:365)
	at org.apache.maven.surefire.junit4.JUnit4Provider.executeWithRerun(JUnit4Provider.java:273)
	at org.apache.maven.surefire.junit4.JUnit4Provider.executeTestSet(JUnit4Provider.java:238)
	at org.apache.maven.surefire.junit4.JUnit4Provider.invoke(JUnit4Provider.java:159)
	at org.apache.maven.surefire.booter.ForkedBooter.invokeProviderInSameClassLoader(ForkedBooter.java:384)
	at org.apache.maven.surefire.booter.ForkedBooter.runSuitesInProcess(ForkedBooter.java:345)
	at org.apache.maven.surefire.booter.ForkedBooter.execute(ForkedBooter.java:126)
	at org.apache.maven.surefire.booter.ForkedBooter.main(ForkedBooter.java:418)
</error>
    <system-out><![CDATA[2019-11-14 12:25:21,635 [main] WARN  server.ServerUtils (ServerUtils.java:getScmDbDir(145)) - ozone.scm.db.dirs is not configured. We recommend adding this setting. Falling back to ozone.metadata.dirs instead.
2019-11-14 12:25:21,757 [main] WARN  server.ServerUtils (ServerUtils.java:getScmDbDir(145)) - ozone.scm.db.dirs is not configured. We recommend adding this setting. Falling back to ozone.metadata.dirs instead.
2019-11-14 12:25:21,760 [main] WARN  server.ServerUtils (ServerUtils.java:getScmDbDir(145)) - ozone.scm.db.dirs is not configured. We recommend adding this setting. Falling back to ozone.metadata.dirs instead.
2019-11-14 12:25:21,787 [main] INFO  util.log (Log.java:initialized(192)) - Logging initialized @846ms
2019-11-14 12:25:21,881 [main] INFO  db.DBStoreBuilder (DBStoreBuilder.java:addTable(127)) - using custom profile for table: deletedBlocks
2019-11-14 12:25:21,881 [main] INFO  db.DBStoreBuilder (DBStoreBuilder.java:processTables(183)) - Using default column profile:DBProfile.DISK for Table:deletedBlocks
2019-11-14 12:25:21,881 [main] INFO  db.DBStoreBuilder (DBStoreBuilder.java:addTable(127)) - using custom profile for table: validCerts
2019-11-14 12:25:21,882 [main] INFO  db.DBStoreBuilder (DBStoreBuilder.java:processTables(183)) - Using default column profile:DBProfile.DISK for Table:validCerts
2019-11-14 12:25:21,882 [main] INFO  db.DBStoreBuilder (DBStoreBuilder.java:addTable(127)) - using custom profile for table: revokedCerts
2019-11-14 12:25:21,882 [main] INFO  db.DBStoreBuilder (DBStoreBuilder.java:processTables(183)) - Using default column profile:DBProfile.DISK for Table:revokedCerts
2019-11-14 12:25:21,893 [main] INFO  db.DBStoreBuilder (DBStoreBuilder.java:addTable(127)) - using custom profile for table: default
2019-11-14 12:25:21,893 [main] INFO  db.DBStoreBuilder (DBStoreBuilder.java:processTables(189)) - Using default column profile:DBProfile.DISK for Table:default
2019-11-14 12:25:21,894 [main] INFO  db.DBStoreBuilder (DBStoreBuilder.java:getDbProfile(220)) - Using default options. DBProfile.DISK
2019-11-14 12:25:22,112 [main] INFO  net.NodeSchemaLoader (NodeSchemaLoader.java:loadSchemaFromFile(125)) - Loading file from sun.misc.CompoundEnumeration@41d477ed
2019-11-14 12:25:22,113 [main] INFO  net.NodeSchemaLoader (NodeSchemaLoader.java:loadSchema(171)) - Loading network topology layer schema file
2019-11-14 12:25:22,169 [main] WARN  server.ServerUtils (ServerUtils.java:sanitizeUserArgs(70)) - ozone.scm.stale.node.interval value = 1000000 is larger than max = 100000 based on the key value of ozone.scm.heartbeat.thread.interval, reset to the max value 100000.
2019-11-14 12:25:22,171 [main] WARN  server.ServerUtils (ServerUtils.java:sanitizeUserArgs(70)) - ozone.scm.stale.node.interval value = 1000000 is larger than max = 100000 based on the key value of ozone.scm.heartbeat.thread.interval, reset to the max value 100000.
2019-11-14 12:25:22,173 [main] INFO  node.SCMNodeManager (SCMNodeManager.java:<init>(116)) - Entering startup safe mode.
2019-11-14 12:25:22,233 [main] INFO  algorithms.ContainerPlacementPolicyFactory (ContainerPlacementPolicyFactory.java:getPolicy(57)) - Create container placement policy of type org.apache.hadoop.hdds.scm.container.placement.algorithms.SCMContainerPlacementRandom
2019-11-14 12:25:22,245 [main] WARN  server.ServerUtils (ServerUtils.java:getScmDbDir(145)) - ozone.scm.db.dirs is not configured. We recommend adding this setting. Falling back to ozone.metadata.dirs instead.
2019-11-14 12:25:22,594 [main] INFO  pipeline.SCMPipelineManager (SCMPipelineManager.java:initializePipelineState(132)) - No pipeline exists in current db
2019-11-14 12:25:22,598 [main] WARN  server.ServerUtils (ServerUtils.java:getScmDbDir(145)) - ozone.scm.db.dirs is not configured. We recommend adding this setting. Falling back to ozone.metadata.dirs instead.
2019-11-14 12:25:22,696 [main] WARN  events.EventQueue (EventQueue.java:fireEvent(183)) - No event handler registered for event TypedEvent{payloadType=SafeModeStatus, name='SafeModeStatus'}
2019-11-14 12:25:23,088 [main] INFO  ipc.CallQueueManager (CallQueueManager.java:<init>(84)) - Using callQueue: class java.util.concurrent.LinkedBlockingQueue, queueCapacity: 2000, scheduler: class org.apache.hadoop.ipc.DefaultRpcScheduler, ipcBackoff: false.
2019-11-14 12:25:23,211 [Socket Reader #1 for port 35862] INFO  ipc.Server (Server.java:run(1074)) - Starting Socket Reader #1 for port 35862
2019-11-14 12:25:23,254 [main] INFO  ipc.CallQueueManager (CallQueueManager.java:<init>(84)) - Using callQueue: class java.util.concurrent.LinkedBlockingQueue, queueCapacity: 2000, scheduler: class org.apache.hadoop.ipc.DefaultRpcScheduler, ipcBackoff: false.
2019-11-14 12:25:23,255 [Socket Reader #1 for port 36008] INFO  ipc.Server (Server.java:run(1074)) - Starting Socket Reader #1 for port 36008
2019-11-14 12:25:23,264 [main] INFO  ipc.CallQueueManager (CallQueueManager.java:<init>(84)) - Using callQueue: class java.util.concurrent.LinkedBlockingQueue, queueCapacity: 2000, scheduler: class org.apache.hadoop.ipc.DefaultRpcScheduler, ipcBackoff: false.
2019-11-14 12:25:23,265 [Socket Reader #1 for port 40543] INFO  ipc.Server (Server.java:run(1074)) - Starting Socket Reader #1 for port 40543
2019-11-14 12:25:23,290 [main] INFO  hdfs.DFSUtil (DFSUtil.java:httpServerTemplateForNNAndJN(1641)) - Starting Web-server for scm at: http://0.0.0.0:0
2019-11-14 12:25:23,421 [main] INFO  server.AuthenticationFilter (AuthenticationFilter.java:constructSecretProvider(240)) - Unable to initialize FileSignerSecretProvider, falling back to use random secrets.
2019-11-14 12:25:23,429 [main] WARN  http.HttpRequestLog (HttpRequestLog.java:getRequestLog(97)) - Jetty request log can only be enabled using Log4j
2019-11-14 12:25:23,436 [main] INFO  http.HttpServer2 (HttpServer2.java:addGlobalFilter(975)) - Added global filter 'safety' (class=org.apache.hadoop.http.HttpServer2$QuotingInputFilter)
2019-11-14 12:25:23,440 [main] INFO  http.HttpServer2 (HttpServer2.java:addFilter(948)) - Added filter static_user_filter (class=org.apache.hadoop.http.lib.StaticUserWebFilter$StaticUserFilter) to context scm
2019-11-14 12:25:23,440 [main] INFO  http.HttpServer2 (HttpServer2.java:addFilter(958)) - Added filter static_user_filter (class=org.apache.hadoop.http.lib.StaticUserWebFilter$StaticUserFilter) to context static
2019-11-14 12:25:23,440 [main] INFO  http.HttpServer2 (HttpServer2.java:addFilter(958)) - Added filter static_user_filter (class=org.apache.hadoop.http.lib.StaticUserWebFilter$StaticUserFilter) to context logs
2019-11-14 12:25:23,483 [main] INFO  server.StorageContainerManager (StorageContainerManager.java:start(766)) - StorageContainerLocationProtocol RPC server is listening at /0.0.0.0:40543
2019-11-14 12:25:23,553 [main] WARN  impl.MetricsConfig (MetricsConfig.java:loadFirst(134)) - Cannot locate configuration: tried hadoop-metrics2-storagecontainermanager.properties,hadoop-metrics2.properties
2019-11-14 12:25:23,570 [main] INFO  impl.MetricsSystemImpl (MetricsSystemImpl.java:startTimer(374)) - Scheduled Metric snapshot period at 10 second(s).
2019-11-14 12:25:23,571 [main] INFO  impl.MetricsSystemImpl (MetricsSystemImpl.java:start(191)) - StorageContainerManager metrics system started
2019-11-14 12:25:23,842 [main] INFO  server.SCMClientProtocolServer (SCMClientProtocolServer.java:start(160)) - RPC server for Client  is listening at /0.0.0.0:40543
2019-11-14 12:25:23,842 [IPC Server Responder] INFO  ipc.Server (Server.java:run(1314)) - IPC Server Responder: starting
2019-11-14 12:25:23,843 [IPC Server listener on 40543] INFO  ipc.Server (Server.java:run(1153)) - IPC Server listener on 40543: starting
2019-11-14 12:25:23,845 [main] INFO  server.StorageContainerManager (StorageContainerManager.java:start(776)) - ScmBlockLocationProtocol RPC server is listening at /0.0.0.0:36008
2019-11-14 12:25:23,845 [main] INFO  server.SCMBlockProtocolServer (SCMBlockProtocolServer.java:start(146)) - RPC server for Block Protocol is listening at /0.0.0.0:36008
2019-11-14 12:25:23,846 [IPC Server Responder] INFO  ipc.Server (Server.java:run(1314)) - IPC Server Responder: starting
2019-11-14 12:25:23,846 [IPC Server listener on 36008] INFO  ipc.Server (Server.java:run(1153)) - IPC Server listener on 36008: starting
2019-11-14 12:25:23,848 [main] INFO  server.StorageContainerManager (StorageContainerManager.java:start(780)) - ScmDatanodeProtocl RPC server is listening at /0.0.0.0:35862
2019-11-14 12:25:23,848 [main] INFO  server.SCMDatanodeProtocolServer (SCMDatanodeProtocolServer.java:start(169)) - RPC server for DataNodes is listening at /0.0.0.0:35862
2019-11-14 12:25:23,849 [IPC Server Responder] INFO  ipc.Server (Server.java:run(1314)) - IPC Server Responder: starting
2019-11-14 12:25:23,849 [IPC Server listener on 35862] INFO  ipc.Server (Server.java:run(1153)) - IPC Server listener on 35862: starting
2019-11-14 12:25:23,852 [main] INFO  http.HttpServer2 (HttpServer2.java:bindListener(1191)) - Jetty bound to port 40998
2019-11-14 12:25:23,854 [main] INFO  server.Server (Server.java:doStart(351)) - jetty-9.3.25.v20180904, build timestamp: 2018-09-04T21:11:46Z, git hash: 3ce520221d0240229c862b122d2b06c12a625732
2019-11-14 12:25:23,890 [main] INFO  handler.ContextHandler (ContextHandler.java:doStart(781)) - Started o.e.j.s.ServletContextHandler@23bff419{/logs,file:///workdir/hadoop-ozone/integration-test/target/log,AVAILABLE}
2019-11-14 12:25:23,891 [main] INFO  handler.ContextHandler (ContextHandler.java:doStart(781)) - Started o.e.j.s.ServletContextHandler@44e3a2b2{/static,file:///workdir/hadoop-ozone/integration-test/target/test-classes/webapps/static,AVAILABLE}
2019-11-14 12:25:23,922 [main] INFO  handler.ContextHandler (ContextHandler.java:doStart(781)) - Started o.e.j.w.WebAppContext@9573b3b{/,file:///workdir/hadoop-ozone/integration-test/target/test-classes/webapps/scm/,AVAILABLE}{/scm}
2019-11-14 12:25:23,927 [main] INFO  server.AbstractConnector (AbstractConnector.java:doStart(278)) - Started ServerConnector@7fb9f71f{HTTP/1.1,[http/1.1]}{0.0.0.0:40998}
2019-11-14 12:25:23,928 [main] INFO  server.Server (Server.java:doStart(419)) - Started @2986ms
2019-11-14 12:25:23,930 [main] INFO  impl.MetricsSinkAdapter (MetricsSinkAdapter.java:start(204)) - Sink prometheus started
2019-11-14 12:25:23,930 [main] INFO  impl.MetricsSystemImpl (MetricsSystemImpl.java:registerSink(301)) - Registered sink prometheus
2019-11-14 12:25:23,931 [main] INFO  server.BaseHttpServer (BaseHttpServer.java:updateConnectorAddress(215)) - HTTP server of SCM is listening at http://0.0.0.0:40998
2019-11-14 12:25:23,936 [org.apache.hadoop.util.JvmPauseMonitor$Monitor@3670f00] INFO  util.JvmPauseMonitor (JvmPauseMonitor.java:run(188)) - Starting JVM pause monitor
2019-11-14 12:25:23,940 [main] WARN  server.ServerUtils (ServerUtils.java:getDBPath(222)) - ozone.om.db.dirs is not configured. We recommend adding this setting. Falling back to ozone.metadata.dirs instead.
2019-11-14 12:25:24,038 [main] INFO  ha.OMHANodeDetails (OMHANodeDetails.java:loadOMHAConfig(190)) - Configuration either no ozone.om.address set. Falling back to the default OM address /127.0.0.1:0
2019-11-14 12:25:24,038 [main] INFO  ha.OMHANodeDetails (OMHANodeDetails.java:getOMNodeDetails(220)) - OM Service ID is not set. Setting it to the default ID: omServiceIdDefault
2019-11-14 12:25:24,040 [main] WARN  server.ServerUtils (ServerUtils.java:getDBPath(222)) - ozone.om.db.dirs is not configured. We recommend adding this setting. Falling back to ozone.metadata.dirs instead.
2019-11-14 12:25:24,041 [main] WARN  server.ServerUtils (ServerUtils.java:getDBPath(222)) - ozone.om.db.dirs is not configured. We recommend adding this setting. Falling back to ozone.metadata.dirs instead.
2019-11-14 12:25:24,630 [main] WARN  server.ServerUtils (ServerUtils.java:getDBPath(222)) - ozone.om.db.dirs is not configured. We recommend adding this setting. Falling back to ozone.metadata.dirs instead.
2019-11-14 12:25:24,638 [main] INFO  db.DBStoreBuilder (DBStoreBuilder.java:addTable(127)) - using custom profile for table: userTable
2019-11-14 12:25:24,638 [main] INFO  db.DBStoreBuilder (DBStoreBuilder.java:processTables(183)) - Using default column profile:DBProfile.DISK for Table:userTable
2019-11-14 12:25:24,638 [main] INFO  db.DBStoreBuilder (DBStoreBuilder.java:addTable(127)) - using custom profile for table: volumeTable
2019-11-14 12:25:24,639 [main] INFO  db.DBStoreBuilder (DBStoreBuilder.java:processTables(183)) - Using default column profile:DBProfile.DISK for Table:volumeTable
2019-11-14 12:25:24,639 [main] INFO  db.DBStoreBuilder (DBStoreBuilder.java:addTable(127)) - using custom profile for table: bucketTable
2019-11-14 12:25:24,639 [main] INFO  db.DBStoreBuilder (DBStoreBuilder.java:processTables(183)) - Using default column profile:DBProfile.DISK for Table:bucketTable
2019-11-14 12:25:24,639 [main] INFO  db.DBStoreBuilder (DBStoreBuilder.java:addTable(127)) - using custom profile for table: keyTable
2019-11-14 12:25:24,639 [main] INFO  db.DBStoreBuilder (DBStoreBuilder.java:processTables(183)) - Using default column profile:DBProfile.DISK for Table:keyTable
2019-11-14 12:25:24,640 [main] INFO  db.DBStoreBuilder (DBStoreBuilder.java:addTable(127)) - using custom profile for table: deletedTable
2019-11-14 12:25:24,640 [main] INFO  db.DBStoreBuilder (DBStoreBuilder.java:processTables(183)) - Using default column profile:DBProfile.DISK for Table:deletedTable
2019-11-14 12:25:24,640 [main] INFO  db.DBStoreBuilder (DBStoreBuilder.java:addTable(127)) - using custom profile for table: openKeyTable
2019-11-14 12:25:24,640 [main] INFO  db.DBStoreBuilder (DBStoreBuilder.java:processTables(183)) - Using default column profile:DBProfile.DISK for Table:openKeyTable
2019-11-14 12:25:24,641 [main] INFO  db.DBStoreBuilder (DBStoreBuilder.java:addTable(127)) - using custom profile for table: s3Table
2019-11-14 12:25:24,641 [main] INFO  db.DBStoreBuilder (DBStoreBuilder.java:processTables(183)) - Using default column profile:DBProfile.DISK for Table:s3Table
2019-11-14 12:25:24,641 [main] INFO  db.DBStoreBuilder (DBStoreBuilder.java:addTable(127)) - using custom profile for table: multipartInfoTable
2019-11-14 12:25:24,641 [main] INFO  db.DBStoreBuilder (DBStoreBuilder.java:processTables(183)) - Using default column profile:DBProfile.DISK for Table:multipartInfoTable
2019-11-14 12:25:24,641 [main] INFO  db.DBStoreBuilder (DBStoreBuilder.java:addTable(127)) - using custom profile for table: dTokenTable
2019-11-14 12:25:24,642 [main] INFO  db.DBStoreBuilder (DBStoreBuilder.java:processTables(183)) - Using default column profile:DBProfile.DISK for Table:dTokenTable
2019-11-14 12:25:24,642 [main] INFO  db.DBStoreBuilder (DBStoreBuilder.java:addTable(127)) - using custom profile for table: s3SecretTable
2019-11-14 12:25:24,642 [main] INFO  db.DBStoreBuilder (DBStoreBuilder.java:processTables(183)) - Using default column profile:DBProfile.DISK for Table:s3SecretTable
2019-11-14 12:25:24,642 [main] INFO  db.DBStoreBuilder (DBStoreBuilder.java:addTable(127)) - using custom profile for table: prefixTable
2019-11-14 12:25:24,643 [main] INFO  db.DBStoreBuilder (DBStoreBuilder.java:processTables(183)) - Using default column profile:DBProfile.DISK for Table:prefixTable
2019-11-14 12:25:24,643 [main] INFO  db.DBStoreBuilder (DBStoreBuilder.java:addTable(127)) - using custom profile for table: default
2019-11-14 12:25:24,643 [main] INFO  db.DBStoreBuilder (DBStoreBuilder.java:processTables(189)) - Using default column profile:DBProfile.DISK for Table:default
2019-11-14 12:25:24,643 [main] INFO  db.DBStoreBuilder (DBStoreBuilder.java:getDbProfile(220)) - Using default options. DBProfile.DISK
2019-11-14 12:25:25,016 [main] INFO  ipc.CallQueueManager (CallQueueManager.java:<init>(84)) - Using callQueue: class java.util.concurrent.LinkedBlockingQueue, queueCapacity: 2000, scheduler: class org.apache.hadoop.ipc.DefaultRpcScheduler, ipcBackoff: false.
2019-11-14 12:25:25,018 [Socket Reader #1 for port 39648] INFO  ipc.Server (Server.java:run(1074)) - Starting Socket Reader #1 for port 39648
2019-11-14 12:25:25,045 [main] INFO  om.OzoneManager (OzoneManager.java:start(1077)) - OzoneManager RPC server is listening at localhost/127.0.0.1:39648
2019-11-14 12:25:25,045 [main] INFO  impl.MetricsSystemImpl (MetricsSystemImpl.java:init(158)) - OzoneManager metrics system started (again)
2019-11-14 12:25:25,055 [IPC Server Responder] INFO  ipc.Server (Server.java:run(1314)) - IPC Server Responder: starting
2019-11-14 12:25:25,055 [IPC Server listener on 39648] INFO  ipc.Server (Server.java:run(1153)) - IPC Server listener on 39648: starting
2019-11-14 12:25:25,061 [main] INFO  hdfs.DFSUtil (DFSUtil.java:httpServerTemplateForNNAndJN(1641)) - Starting Web-server for ozoneManager at: http://0.0.0.0:0
2019-11-14 12:25:25,062 [main] INFO  server.AuthenticationFilter (AuthenticationFilter.java:constructSecretProvider(240)) - Unable to initialize FileSignerSecretProvider, falling back to use random secrets.
2019-11-14 12:25:25,063 [main] WARN  http.HttpRequestLog (HttpRequestLog.java:getRequestLog(97)) - Jetty request log can only be enabled using Log4j
2019-11-14 12:25:25,065 [main] INFO  http.HttpServer2 (HttpServer2.java:addGlobalFilter(975)) - Added global filter 'safety' (class=org.apache.hadoop.http.HttpServer2$QuotingInputFilter)
2019-11-14 12:25:25,066 [main] INFO  http.HttpServer2 (HttpServer2.java:addFilter(948)) - Added filter static_user_filter (class=org.apache.hadoop.http.lib.StaticUserWebFilter$StaticUserFilter) to context ozoneManager
2019-11-14 12:25:25,066 [main] INFO  http.HttpServer2 (HttpServer2.java:addFilter(958)) - Added filter static_user_filter (class=org.apache.hadoop.http.lib.StaticUserWebFilter$StaticUserFilter) to context logs
2019-11-14 12:25:25,067 [main] INFO  http.HttpServer2 (HttpServer2.java:addFilter(958)) - Added filter static_user_filter (class=org.apache.hadoop.http.lib.StaticUserWebFilter$StaticUserFilter) to context static
2019-11-14 12:25:25,069 [main] INFO  http.HttpServer2 (HttpServer2.java:bindListener(1191)) - Jetty bound to port 38762
2019-11-14 12:25:25,069 [main] INFO  server.Server (Server.java:doStart(351)) - jetty-9.3.25.v20180904, build timestamp: 2018-09-04T21:11:46Z, git hash: 3ce520221d0240229c862b122d2b06c12a625732
2019-11-14 12:25:25,071 [main] INFO  handler.ContextHandler (ContextHandler.java:doStart(781)) - Started o.e.j.s.ServletContextHandler@5dc3fcb7{/logs,file:///workdir/hadoop-ozone/integration-test/target/log,AVAILABLE}
2019-11-14 12:25:25,071 [main] INFO  handler.ContextHandler (ContextHandler.java:doStart(781)) - Started o.e.j.s.ServletContextHandler@76911385{/static,file:///workdir/hadoop-ozone/integration-test/target/test-classes/webapps/static,AVAILABLE}
2019-11-14 12:25:25,077 [main] INFO  handler.ContextHandler (ContextHandler.java:doStart(781)) - Started o.e.j.w.WebAppContext@7b208b45{/,file:///workdir/hadoop-ozone/integration-test/target/test-classes/webapps/ozoneManager/,AVAILABLE}{/ozoneManager}
2019-11-14 12:25:25,078 [main] INFO  server.AbstractConnector (AbstractConnector.java:doStart(278)) - Started ServerConnector@5bfc257{HTTP/1.1,[http/1.1]}{0.0.0.0:38762}
2019-11-14 12:25:25,078 [main] INFO  server.Server (Server.java:doStart(419)) - Started @4137ms
2019-11-14 12:25:25,078 [main] WARN  impl.MetricsSystemImpl (MetricsSystemImpl.java:register(276)) - Sink prometheus already exists!
2019-11-14 12:25:25,080 [main] INFO  server.BaseHttpServer (BaseHttpServer.java:updateConnectorAddress(215)) - HTTP server of OZONEMANAGER is listening at http://0.0.0.0:38762
2019-11-14 12:25:25,310 [main] INFO  impl.MetricsSystemImpl (MetricsSystemImpl.java:init(158)) - HddsDatanode metrics system started (again)
2019-11-14 12:25:25,350 [main] INFO  ozone.HddsDatanodeService (HddsDatanodeService.java:start(186)) - HddsDatanodeService host:pr-hdds-2372-lnsqz-525025365 ip:192.168.34.12
2019-11-14 12:25:25,377 [main] INFO  volume.HddsVolume (HddsVolume.java:<init>(176)) - Creating Volume: /workdir/hadoop-ozone/integration-test/target/test-dir/MiniOzoneClusterImpl-cf655b43-0097-49a4-b217-83f11111c146/datanode-0/data/containers/hdds of  storage type : DISK and capacity : 1482555576320
2019-11-14 12:25:25,379 [main] INFO  volume.VolumeSet (VolumeSet.java:initializeVolumeSet(170)) - Added Volume : /workdir/hadoop-ozone/integration-test/target/test-dir/MiniOzoneClusterImpl-cf655b43-0097-49a4-b217-83f11111c146/datanode-0/data/containers/hdds to VolumeSet
2019-11-14 12:25:25,382 [main] INFO  volume.ThrottledAsyncChecker (ThrottledAsyncChecker.java:schedule(141)) - Scheduling a check for /workdir/hadoop-ozone/integration-test/target/test-dir/MiniOzoneClusterImpl-cf655b43-0097-49a4-b217-83f11111c146/datanode-0/data/containers/hdds
2019-11-14 12:25:25,396 [main] INFO  volume.HddsVolumeChecker (HddsVolumeChecker.java:checkAllVolumes(204)) - Scheduled health check for volume /workdir/hadoop-ozone/integration-test/target/test-dir/MiniOzoneClusterImpl-cf655b43-0097-49a4-b217-83f11111c146/datanode-0/data/containers/hdds
2019-11-14 12:25:25,503 [main] INFO  impl.RaftServerProxy (ConfUtils.java:logGet(43)) - raft.rpc.type = GRPC (default)
2019-11-14 12:25:25,555 [main] INFO  grpc.GrpcFactory (GrpcFactory.java:checkPooledByteBufAllocatorUseCacheForAllThreads(45)) - PERFORMANCE WARNING: useCacheForAllThreads is true that may cause Netty to create a lot garbage objects and, as a result, trigger GC.
	It is recommended to disable useCacheForAllThreads by setting -Dorg.apache.ratis.thirdparty.io.netty.allocator.useCacheForAllThreads=false in command line.
2019-11-14 12:25:25,560 [main] INFO  grpc.GrpcConfigKeys$Server (ConfUtils.java:logGet(43)) - raft.grpc.server.port = 0 (default)
2019-11-14 12:25:25,561 [main] INFO  server.GrpcService (ConfUtils.java:logGet(43)) - raft.grpc.message.size.max = 33570816 (custom)
2019-11-14 12:25:25,562 [main] INFO  server.RaftServerConfigKeys (ConfUtils.java:logGet(43)) - raft.server.log.appender.buffer.byte-limit = 33554432 (custom)
2019-11-14 12:25:25,563 [main] INFO  server.GrpcService (ConfUtils.java:logGet(43)) - raft.grpc.flow.control.window = 1MB (=1048576) (default)
2019-11-14 12:25:25,563 [main] INFO  server.RaftServerConfigKeys (ConfUtils.java:logGet(43)) - raft.server.rpc.request.timeout = 3000ms (default)
2019-11-14 12:25:25,738 [main] INFO  server.RaftServerConfigKeys (ConfUtils.java:logGet(43)) - raft.server.storage.dir = [/workdir/hadoop-ozone/integration-test/target/test-dir/MiniOzoneClusterImpl-cf655b43-0097-49a4-b217-83f11111c146/datanode-0/data/ratis] (custom)
2019-11-14 12:25:25,785 [main] INFO  hdfs.DFSUtil (DFSUtil.java:httpServerTemplateForNNAndJN(1641)) - Starting Web-server for hddsDatanode at: http://0.0.0.0:0
2019-11-14 12:25:25,789 [main] INFO  server.AuthenticationFilter (AuthenticationFilter.java:constructSecretProvider(240)) - Unable to initialize FileSignerSecretProvider, falling back to use random secrets.
2019-11-14 12:25:25,790 [main] WARN  http.HttpRequestLog (HttpRequestLog.java:getRequestLog(97)) - Jetty request log can only be enabled using Log4j
2019-11-14 12:25:25,794 [main] INFO  http.HttpServer2 (HttpServer2.java:addGlobalFilter(975)) - Added global filter 'safety' (class=org.apache.hadoop.http.HttpServer2$QuotingInputFilter)
2019-11-14 12:25:25,796 [main] INFO  http.HttpServer2 (HttpServer2.java:addFilter(948)) - Added filter static_user_filter (class=org.apache.hadoop.http.lib.StaticUserWebFilter$StaticUserFilter) to context hddsDatanode
2019-11-14 12:25:25,797 [main] INFO  http.HttpServer2 (HttpServer2.java:addFilter(958)) - Added filter static_user_filter (class=org.apache.hadoop.http.lib.StaticUserWebFilter$StaticUserFilter) to context logs
2019-11-14 12:25:25,797 [main] INFO  http.HttpServer2 (HttpServer2.java:addFilter(958)) - Added filter static_user_filter (class=org.apache.hadoop.http.lib.StaticUserWebFilter$StaticUserFilter) to context static
2019-11-14 12:25:25,799 [main] INFO  http.HttpServer2 (HttpServer2.java:bindListener(1191)) - Jetty bound to port 38152
2019-11-14 12:25:25,800 [main] INFO  server.Server (Server.java:doStart(351)) - jetty-9.3.25.v20180904, build timestamp: 2018-09-04T21:11:46Z, git hash: 3ce520221d0240229c862b122d2b06c12a625732
2019-11-14 12:25:25,805 [main] INFO  handler.ContextHandler (ContextHandler.java:doStart(781)) - Started o.e.j.s.ServletContextHandler@672b72ba{/logs,file:///workdir/hadoop-ozone/integration-test/target/log,AVAILABLE}
2019-11-14 12:25:25,806 [main] INFO  handler.ContextHandler (ContextHandler.java:doStart(781)) - Started o.e.j.s.ServletContextHandler@312b34e3{/static,jar:file:/home/user/.m2/repository/org/apache/hadoop/hadoop-hdds-container-service/0.5.0-SNAPSHOT/hadoop-hdds-container-service-0.5.0-SNAPSHOT.jar!/webapps/static,AVAILABLE}
2019-11-14 12:25:25,861 [main] INFO  handler.ContextHandler (ContextHandler.java:doStart(781)) - Started o.e.j.w.WebAppContext@644ded04{/,file:///tmp/jetty-0.0.0.0-38152-hddsDatanode-_-any-8163844827281602006.dir/webapp/,AVAILABLE}{/hddsDatanode}
2019-11-14 12:25:25,862 [main] INFO  server.AbstractConnector (AbstractConnector.java:doStart(278)) - Started ServerConnector@5292ceca{HTTP/1.1,[http/1.1]}{0.0.0.0:38152}
2019-11-14 12:25:25,863 [main] INFO  server.Server (Server.java:doStart(419)) - Started @4921ms
2019-11-14 12:25:25,863 [main] WARN  impl.MetricsSystemImpl (MetricsSystemImpl.java:register(276)) - Sink prometheus already exists!
2019-11-14 12:25:25,865 [main] INFO  server.BaseHttpServer (BaseHttpServer.java:updateConnectorAddress(215)) - HTTP server of HDDSDATANODE is listening at http://0.0.0.0:38152
2019-11-14 12:25:25,866 [main] INFO  impl.MetricsSystemImpl (MetricsSystemImpl.java:init(158)) - HddsDatanode metrics system started (again)
2019-11-14 12:25:25,869 [main] INFO  ozone.HddsDatanodeService (HddsDatanodeService.java:start(186)) - HddsDatanodeService host:pr-hdds-2372-lnsqz-525025365 ip:192.168.34.12
2019-11-14 12:25:25,871 [org.apache.hadoop.util.JvmPauseMonitor$Monitor@70ebe7e7] INFO  util.JvmPauseMonitor (JvmPauseMonitor.java:run(188)) - Starting JVM pause monitor
2019-11-14 12:25:25,879 [main] INFO  volume.HddsVolume (HddsVolume.java:<init>(176)) - Creating Volume: /workdir/hadoop-ozone/integration-test/target/test-dir/MiniOzoneClusterImpl-cf655b43-0097-49a4-b217-83f11111c146/datanode-1/data/containers/hdds of  storage type : DISK and capacity : 1482555576320
2019-11-14 12:25:25,879 [main] INFO  volume.VolumeSet (VolumeSet.java:initializeVolumeSet(170)) - Added Volume : /workdir/hadoop-ozone/integration-test/target/test-dir/MiniOzoneClusterImpl-cf655b43-0097-49a4-b217-83f11111c146/datanode-1/data/containers/hdds to VolumeSet
2019-11-14 12:25:25,879 [main] INFO  volume.ThrottledAsyncChecker (ThrottledAsyncChecker.java:schedule(141)) - Scheduling a check for /workdir/hadoop-ozone/integration-test/target/test-dir/MiniOzoneClusterImpl-cf655b43-0097-49a4-b217-83f11111c146/datanode-1/data/containers/hdds
2019-11-14 12:25:25,880 [main] INFO  volume.HddsVolumeChecker (HddsVolumeChecker.java:checkAllVolumes(204)) - Scheduled health check for volume /workdir/hadoop-ozone/integration-test/target/test-dir/MiniOzoneClusterImpl-cf655b43-0097-49a4-b217-83f11111c146/datanode-1/data/containers/hdds
2019-11-14 12:25:25,893 [main] INFO  impl.RaftServerProxy (ConfUtils.java:logGet(43)) - raft.rpc.type = GRPC (default)
2019-11-14 12:25:25,893 [main] INFO  grpc.GrpcFactory (GrpcFactory.java:checkPooledByteBufAllocatorUseCacheForAllThreads(45)) - PERFORMANCE WARNING: useCacheForAllThreads is true that may cause Netty to create a lot garbage objects and, as a result, trigger GC.
	It is recommended to disable useCacheForAllThreads by setting -Dorg.apache.ratis.thirdparty.io.netty.allocator.useCacheForAllThreads=false in command line.
2019-11-14 12:25:25,893 [main] INFO  grpc.GrpcConfigKeys$Server (ConfUtils.java:logGet(43)) - raft.grpc.server.port = 0 (default)
2019-11-14 12:25:25,894 [main] INFO  server.GrpcService (ConfUtils.java:logGet(43)) - raft.grpc.message.size.max = 33570816 (custom)
2019-11-14 12:25:25,894 [main] INFO  server.RaftServerConfigKeys (ConfUtils.java:logGet(43)) - raft.server.log.appender.buffer.byte-limit = 33554432 (custom)
2019-11-14 12:25:25,894 [main] INFO  server.GrpcService (ConfUtils.java:logGet(43)) - raft.grpc.flow.control.window = 1MB (=1048576) (default)
2019-11-14 12:25:25,894 [main] INFO  server.RaftServerConfigKeys (ConfUtils.java:logGet(43)) - raft.server.rpc.request.timeout = 3000ms (default)
2019-11-14 12:25:25,895 [main] INFO  server.RaftServerConfigKeys (ConfUtils.java:logGet(43)) - raft.server.storage.dir = [/workdir/hadoop-ozone/integration-test/target/test-dir/MiniOzoneClusterImpl-cf655b43-0097-49a4-b217-83f11111c146/datanode-1/data/ratis] (custom)
2019-11-14 12:25:25,896 [main] INFO  hdfs.DFSUtil (DFSUtil.java:httpServerTemplateForNNAndJN(1641)) - Starting Web-server for hddsDatanode at: http://0.0.0.0:0
2019-11-14 12:25:25,898 [main] INFO  server.AuthenticationFilter (AuthenticationFilter.java:constructSecretProvider(240)) - Unable to initialize FileSignerSecretProvider, falling back to use random secrets.
2019-11-14 12:25:25,898 [main] WARN  http.HttpRequestLog (HttpRequestLog.java:getRequestLog(97)) - Jetty request log can only be enabled using Log4j
2019-11-14 12:25:25,900 [main] INFO  http.HttpServer2 (HttpServer2.java:addGlobalFilter(975)) - Added global filter 'safety' (class=org.apache.hadoop.http.HttpServer2$QuotingInputFilter)
2019-11-14 12:25:25,900 [main] INFO  http.HttpServer2 (HttpServer2.java:addFilter(948)) - Added filter static_user_filter (class=org.apache.hadoop.http.lib.StaticUserWebFilter$StaticUserFilter) to context hddsDatanode
2019-11-14 12:25:25,901 [main] INFO  http.HttpServer2 (HttpServer2.java:addFilter(958)) - Added filter static_user_filter (class=org.apache.hadoop.http.lib.StaticUserWebFilter$StaticUserFilter) to context logs
2019-11-14 12:25:25,901 [main] INFO  http.HttpServer2 (HttpServer2.java:addFilter(958)) - Added filter static_user_filter (class=org.apache.hadoop.http.lib.StaticUserWebFilter$StaticUserFilter) to context static
2019-11-14 12:25:25,901 [main] INFO  http.HttpServer2 (HttpServer2.java:bindListener(1191)) - Jetty bound to port 40109
2019-11-14 12:25:25,902 [main] INFO  server.Server (Server.java:doStart(351)) - jetty-9.3.25.v20180904, build timestamp: 2018-09-04T21:11:46Z, git hash: 3ce520221d0240229c862b122d2b06c12a625732
2019-11-14 12:25:25,906 [main] INFO  handler.ContextHandler (ContextHandler.java:doStart(781)) - Started o.e.j.s.ServletContextHandler@546e61d5{/logs,file:///workdir/hadoop-ozone/integration-test/target/log,AVAILABLE}
2019-11-14 12:25:25,907 [main] INFO  handler.ContextHandler (ContextHandler.java:doStart(781)) - Started o.e.j.s.ServletContextHandler@60783105{/static,jar:file:/home/user/.m2/repository/org/apache/hadoop/hadoop-hdds-container-service/0.5.0-SNAPSHOT/hadoop-hdds-container-service-0.5.0-SNAPSHOT.jar!/webapps/static,AVAILABLE}
2019-11-14 12:25:25,937 [main] INFO  handler.ContextHandler (ContextHandler.java:doStart(781)) - Started o.e.j.w.WebAppContext@730f9695{/,file:///tmp/jetty-0.0.0.0-40109-hddsDatanode-_-any-349717767444275527.dir/webapp/,AVAILABLE}{/hddsDatanode}
2019-11-14 12:25:25,939 [main] INFO  server.AbstractConnector (AbstractConnector.java:doStart(278)) - Started ServerConnector@277bf091{HTTP/1.1,[http/1.1]}{0.0.0.0:40109}
2019-11-14 12:25:25,939 [main] INFO  server.Server (Server.java:doStart(419)) - Started @4998ms
2019-11-14 12:25:25,940 [main] WARN  impl.MetricsSystemImpl (MetricsSystemImpl.java:register(276)) - Sink prometheus already exists!
2019-11-14 12:25:25,941 [main] INFO  server.BaseHttpServer (BaseHttpServer.java:updateConnectorAddress(215)) - HTTP server of HDDSDATANODE is listening at http://0.0.0.0:40109
2019-11-14 12:25:25,941 [main] INFO  impl.MetricsSystemImpl (MetricsSystemImpl.java:init(158)) - HddsDatanode metrics system started (again)
2019-11-14 12:25:25,943 [main] INFO  ozone.HddsDatanodeService (HddsDatanodeService.java:start(186)) - HddsDatanodeService host:pr-hdds-2372-lnsqz-525025365 ip:192.168.34.12
2019-11-14 12:25:25,944 [org.apache.hadoop.util.JvmPauseMonitor$Monitor@5c1a8108] INFO  util.JvmPauseMonitor (JvmPauseMonitor.java:run(188)) - Starting JVM pause monitor
2019-11-14 12:25:25,956 [main] INFO  volume.HddsVolume (HddsVolume.java:<init>(176)) - Creating Volume: /workdir/hadoop-ozone/integration-test/target/test-dir/MiniOzoneClusterImpl-cf655b43-0097-49a4-b217-83f11111c146/datanode-2/data/containers/hdds of  storage type : DISK and capacity : 1482555576320
2019-11-14 12:25:25,957 [main] INFO  volume.VolumeSet (VolumeSet.java:initializeVolumeSet(170)) - Added Volume : /workdir/hadoop-ozone/integration-test/target/test-dir/MiniOzoneClusterImpl-cf655b43-0097-49a4-b217-83f11111c146/datanode-2/data/containers/hdds to VolumeSet
2019-11-14 12:25:25,957 [main] INFO  volume.ThrottledAsyncChecker (ThrottledAsyncChecker.java:schedule(141)) - Scheduling a check for /workdir/hadoop-ozone/integration-test/target/test-dir/MiniOzoneClusterImpl-cf655b43-0097-49a4-b217-83f11111c146/datanode-2/data/containers/hdds
2019-11-14 12:25:25,958 [main] INFO  volume.HddsVolumeChecker (HddsVolumeChecker.java:checkAllVolumes(204)) - Scheduled health check for volume /workdir/hadoop-ozone/integration-test/target/test-dir/MiniOzoneClusterImpl-cf655b43-0097-49a4-b217-83f11111c146/datanode-2/data/containers/hdds
2019-11-14 12:25:25,983 [main] INFO  impl.RaftServerProxy (ConfUtils.java:logGet(43)) - raft.rpc.type = GRPC (default)
2019-11-14 12:25:25,983 [main] INFO  grpc.GrpcFactory (GrpcFactory.java:checkPooledByteBufAllocatorUseCacheForAllThreads(45)) - PERFORMANCE WARNING: useCacheForAllThreads is true that may cause Netty to create a lot garbage objects and, as a result, trigger GC.
	It is recommended to disable useCacheForAllThreads by setting -Dorg.apache.ratis.thirdparty.io.netty.allocator.useCacheForAllThreads=false in command line.
2019-11-14 12:25:25,984 [main] INFO  grpc.GrpcConfigKeys$Server (ConfUtils.java:logGet(43)) - raft.grpc.server.port = 0 (default)
2019-11-14 12:25:25,984 [main] INFO  server.GrpcService (ConfUtils.java:logGet(43)) - raft.grpc.message.size.max = 33570816 (custom)
2019-11-14 12:25:25,985 [main] INFO  server.RaftServerConfigKeys (ConfUtils.java:logGet(43)) - raft.server.log.appender.buffer.byte-limit = 33554432 (custom)
2019-11-14 12:25:25,985 [main] INFO  server.GrpcService (ConfUtils.java:logGet(43)) - raft.grpc.flow.control.window = 1MB (=1048576) (default)
2019-11-14 12:25:25,985 [main] INFO  server.RaftServerConfigKeys (ConfUtils.java:logGet(43)) - raft.server.rpc.request.timeout = 3000ms (default)
2019-11-14 12:25:25,987 [main] INFO  server.RaftServerConfigKeys (ConfUtils.java:logGet(43)) - raft.server.storage.dir = [/workdir/hadoop-ozone/integration-test/target/test-dir/MiniOzoneClusterImpl-cf655b43-0097-49a4-b217-83f11111c146/datanode-2/data/ratis] (custom)
2019-11-14 12:25:25,988 [Datanode State Machine Thread - 0] INFO  datanode.InitDatanodeState (InitDatanodeState.java:persistContainerDatanodeDetails(140)) - DatanodeDetails is persisted to /workdir/hadoop-ozone/integration-test/target/test-dir/MiniOzoneClusterImpl-cf655b43-0097-49a4-b217-83f11111c146/datanode-0/meta/datanode.id
2019-11-14 12:25:25,992 [Datanode State Machine Thread - 0] INFO  datanode.InitDatanodeState (InitDatanodeState.java:persistContainerDatanodeDetails(140)) - DatanodeDetails is persisted to /workdir/hadoop-ozone/integration-test/target/test-dir/MiniOzoneClusterImpl-cf655b43-0097-49a4-b217-83f11111c146/datanode-1/meta/datanode.id
2019-11-14 12:25:25,992 [main] INFO  hdfs.DFSUtil (DFSUtil.java:httpServerTemplateForNNAndJN(1641)) - Starting Web-server for hddsDatanode at: http://0.0.0.0:0
2019-11-14 12:25:25,994 [main] INFO  server.AuthenticationFilter (AuthenticationFilter.java:constructSecretProvider(240)) - Unable to initialize FileSignerSecretProvider, falling back to use random secrets.
2019-11-14 12:25:25,994 [main] WARN  http.HttpRequestLog (HttpRequestLog.java:getRequestLog(97)) - Jetty request log can only be enabled using Log4j
2019-11-14 12:25:25,996 [main] INFO  http.HttpServer2 (HttpServer2.java:addGlobalFilter(975)) - Added global filter 'safety' (class=org.apache.hadoop.http.HttpServer2$QuotingInputFilter)
2019-11-14 12:25:25,997 [main] INFO  http.HttpServer2 (HttpServer2.java:addFilter(948)) - Added filter static_user_filter (class=org.apache.hadoop.http.lib.StaticUserWebFilter$StaticUserFilter) to context hddsDatanode
2019-11-14 12:25:25,997 [main] INFO  http.HttpServer2 (HttpServer2.java:addFilter(958)) - Added filter static_user_filter (class=org.apache.hadoop.http.lib.StaticUserWebFilter$StaticUserFilter) to context static
2019-11-14 12:25:25,997 [main] INFO  http.HttpServer2 (HttpServer2.java:addFilter(958)) - Added filter static_user_filter (class=org.apache.hadoop.http.lib.StaticUserWebFilter$StaticUserFilter) to context logs
2019-11-14 12:25:25,998 [main] INFO  http.HttpServer2 (HttpServer2.java:bindListener(1191)) - Jetty bound to port 45244
2019-11-14 12:25:25,998 [main] INFO  server.Server (Server.java:doStart(351)) - jetty-9.3.25.v20180904, build timestamp: 2018-09-04T21:11:46Z, git hash: 3ce520221d0240229c862b122d2b06c12a625732
2019-11-14 12:25:26,000 [main] INFO  handler.ContextHandler (ContextHandler.java:doStart(781)) - Started o.e.j.s.ServletContextHandler@23b8d9f3{/logs,file:///workdir/hadoop-ozone/integration-test/target/log,AVAILABLE}
2019-11-14 12:25:26,001 [main] INFO  handler.ContextHandler (ContextHandler.java:doStart(781)) - Started o.e.j.s.ServletContextHandler@4649d70a{/static,jar:file:/home/user/.m2/repository/org/apache/hadoop/hadoop-hdds-container-service/0.5.0-SNAPSHOT/hadoop-hdds-container-service-0.5.0-SNAPSHOT.jar!/webapps/static,AVAILABLE}
2019-11-14 12:25:26,032 [main] INFO  handler.ContextHandler (ContextHandler.java:doStart(781)) - Started o.e.j.w.WebAppContext@2f236de0{/,file:///tmp/jetty-0.0.0.0-45244-hddsDatanode-_-any-3332469021387209638.dir/webapp/,AVAILABLE}{/hddsDatanode}
2019-11-14 12:25:26,032 [main] INFO  server.AbstractConnector (AbstractConnector.java:doStart(278)) - Started ServerConnector@4eba373c{HTTP/1.1,[http/1.1]}{0.0.0.0:45244}
2019-11-14 12:25:26,033 [main] INFO  server.Server (Server.java:doStart(419)) - Started @5092ms
2019-11-14 12:25:26,033 [main] WARN  impl.MetricsSystemImpl (MetricsSystemImpl.java:register(276)) - Sink prometheus already exists!
2019-11-14 12:25:26,035 [main] INFO  server.BaseHttpServer (BaseHttpServer.java:updateConnectorAddress(215)) - HTTP server of HDDSDATANODE is listening at http://0.0.0.0:45244
2019-11-14 12:25:26,037 [main] INFO  ozone.MiniOzoneClusterImpl (MiniOzoneClusterImpl.java:lambda$waitForClusterToBeReady$2(171)) - Waiting for cluster to be ready. Got 0 of 3 DN Heartbeats.
2019-11-14 12:25:26,037 [org.apache.hadoop.util.JvmPauseMonitor$Monitor@808ca5f] INFO  util.JvmPauseMonitor (JvmPauseMonitor.java:run(188)) - Starting JVM pause monitor
2019-11-14 12:25:26,040 [Datanode State Machine Thread - 0] INFO  datanode.InitDatanodeState (InitDatanodeState.java:persistContainerDatanodeDetails(140)) - DatanodeDetails is persisted to /workdir/hadoop-ozone/integration-test/target/test-dir/MiniOzoneClusterImpl-cf655b43-0097-49a4-b217-83f11111c146/datanode-2/meta/datanode.id
2019-11-14 12:25:27,037 [main] INFO  ozone.MiniOzoneClusterImpl (MiniOzoneClusterImpl.java:lambda$waitForClusterToBeReady$2(171)) - Waiting for cluster to be ready. Got 0 of 3 DN Heartbeats.
2019-11-14 12:25:28,038 [main] INFO  ozone.MiniOzoneClusterImpl (MiniOzoneClusterImpl.java:lambda$waitForClusterToBeReady$2(171)) - Waiting for cluster to be ready. Got 0 of 3 DN Heartbeats.
2019-11-14 12:25:28,308 [Datanode State Machine Thread - 0] INFO  ozoneimpl.OzoneContainer (OzoneContainer.java:start(230)) - Attempting to start container services.
2019-11-14 12:25:28,308 [Datanode State Machine Thread - 0] INFO  ozoneimpl.OzoneContainer (OzoneContainer.java:start(230)) - Attempting to start container services.
2019-11-14 12:25:28,308 [Datanode State Machine Thread - 0] INFO  ozoneimpl.OzoneContainer (OzoneContainer.java:start(230)) - Attempting to start container services.
2019-11-14 12:25:28,314 [Datanode State Machine Thread - 0] INFO  ozoneimpl.OzoneContainer (OzoneContainer.java:startContainerScrub(194)) - Background container scanner has been disabled.
2019-11-14 12:25:28,315 [Datanode State Machine Thread - 0] INFO  ratis.XceiverServerRatis (XceiverServerRatis.java:start(421)) - Starting XceiverServerRatis 00c62217-5fe8-4e7e-82ea-e9eb3a319654 at port 0
2019-11-14 12:25:28,315 [Datanode State Machine Thread - 0] INFO  ozoneimpl.OzoneContainer (OzoneContainer.java:startContainerScrub(194)) - Background container scanner has been disabled.
2019-11-14 12:25:28,315 [Datanode State Machine Thread - 0] INFO  ozoneimpl.OzoneContainer (OzoneContainer.java:startContainerScrub(194)) - Background container scanner has been disabled.
2019-11-14 12:25:28,315 [Datanode State Machine Thread - 0] INFO  ratis.XceiverServerRatis (XceiverServerRatis.java:start(421)) - Starting XceiverServerRatis cd558214-326f-4a5f-9303-c2e363dc7cbf at port 0
2019-11-14 12:25:28,316 [Datanode State Machine Thread - 0] INFO  ratis.XceiverServerRatis (XceiverServerRatis.java:start(421)) - Starting XceiverServerRatis 34945432-9180-41ca-be60-2140985b491a at port 0
2019-11-14 12:25:28,347 [Datanode State Machine Thread - 0] INFO  impl.RaftServerProxy (RaftServerProxy.java:lambda$start$3(299)) - 00c62217-5fe8-4e7e-82ea-e9eb3a319654: start RPC server
2019-11-14 12:25:28,347 [Datanode State Machine Thread - 0] INFO  impl.RaftServerProxy (RaftServerProxy.java:lambda$start$3(299)) - 34945432-9180-41ca-be60-2140985b491a: start RPC server
2019-11-14 12:25:28,348 [Datanode State Machine Thread - 0] INFO  impl.RaftServerProxy (RaftServerProxy.java:lambda$start$3(299)) - cd558214-326f-4a5f-9303-c2e363dc7cbf: start RPC server
2019-11-14 12:25:28,463 [Datanode State Machine Thread - 0] INFO  server.GrpcService (GrpcService.java:startImpl(158)) - 34945432-9180-41ca-be60-2140985b491a: GrpcService started, listening on 0.0.0.0/0.0.0.0:42562
2019-11-14 12:25:28,463 [Datanode State Machine Thread - 0] INFO  server.GrpcService (GrpcService.java:startImpl(158)) - cd558214-326f-4a5f-9303-c2e363dc7cbf: GrpcService started, listening on 0.0.0.0/0.0.0.0:41621
2019-11-14 12:25:28,463 [Datanode State Machine Thread - 0] INFO  server.GrpcService (GrpcService.java:startImpl(158)) - 00c62217-5fe8-4e7e-82ea-e9eb3a319654: GrpcService started, listening on 0.0.0.0/0.0.0.0:43981
2019-11-14 12:25:28,464 [Datanode State Machine Thread - 0] INFO  ratis.XceiverServerRatis (XceiverServerRatis.java:start(431)) - XceiverServerRatis cd558214-326f-4a5f-9303-c2e363dc7cbf is started using port 41621
2019-11-14 12:25:28,464 [Datanode State Machine Thread - 0] INFO  ratis.XceiverServerRatis (XceiverServerRatis.java:start(431)) - XceiverServerRatis 34945432-9180-41ca-be60-2140985b491a is started using port 42562
2019-11-14 12:25:28,464 [Datanode State Machine Thread - 0] INFO  ratis.XceiverServerRatis (XceiverServerRatis.java:start(431)) - XceiverServerRatis 00c62217-5fe8-4e7e-82ea-e9eb3a319654 is started using port 43981
2019-11-14 12:25:28,467 [Datanode State Machine Thread - 0] INFO  server.XceiverServerGrpc (XceiverServerGrpc.java:start(145)) - XceiverServerGrpc 00c62217-5fe8-4e7e-82ea-e9eb3a319654 is started using port 39725
2019-11-14 12:25:28,467 [Datanode State Machine Thread - 0] INFO  server.XceiverServerGrpc (XceiverServerGrpc.java:start(145)) - XceiverServerGrpc 34945432-9180-41ca-be60-2140985b491a is started using port 37045
2019-11-14 12:25:28,467 [Datanode State Machine Thread - 0] INFO  server.XceiverServerGrpc (XceiverServerGrpc.java:start(145)) - XceiverServerGrpc cd558214-326f-4a5f-9303-c2e363dc7cbf is started using port 44982
2019-11-14 12:25:29,039 [main] INFO  ozone.MiniOzoneClusterImpl (MiniOzoneClusterImpl.java:lambda$waitForClusterToBeReady$2(171)) - Waiting for cluster to be ready. Got 0 of 3 DN Heartbeats.
2019-11-14 12:25:29,904 [IPC Server handler 0 on 35862] INFO  net.NetworkTopology (NetworkTopologyImpl.java:add(111)) - Added a new node: /default-rack/cd558214-326f-4a5f-9303-c2e363dc7cbf
2019-11-14 12:25:29,904 [IPC Server handler 0 on 35862] INFO  node.SCMNodeManager (SCMNodeManager.java:register(267)) - Registered Data node : cd558214-326f-4a5f-9303-c2e363dc7cbf{ip: 192.168.34.12, host: pr-hdds-2372-lnsqz-525025365, networkLocation: /default-rack, certSerialId: null}
2019-11-14 12:25:29,907 [EventQueue-NodeRegistrationContainerReportForDataNodeSafeModeRule] INFO  safemode.SCMSafeModeManager (DataNodeSafeModeRule.java:process(71)) - SCM in safe mode. 1 DataNodes registered, 1 required.
2019-11-14 12:25:29,908 [EventQueue-NodeRegistrationContainerReportForDataNodeSafeModeRule] INFO  safemode.SCMSafeModeManager (SCMSafeModeManager.java:validateSafeModeExitRules(177)) - ScmSafeModeManager, all rules are successfully validated
2019-11-14 12:25:29,908 [EventQueue-NodeRegistrationContainerReportForDataNodeSafeModeRule] INFO  safemode.SCMSafeModeManager (SCMSafeModeManager.java:exitSafeMode(193)) - SCM exiting safe mode.
2019-11-14 12:25:29,945 [IPC Server handler 1 on 35862] INFO  net.NetworkTopology (NetworkTopologyImpl.java:add(111)) - Added a new node: /default-rack/34945432-9180-41ca-be60-2140985b491a
2019-11-14 12:25:29,946 [IPC Server handler 1 on 35862] INFO  node.SCMNodeManager (SCMNodeManager.java:register(267)) - Registered Data node : 34945432-9180-41ca-be60-2140985b491a{ip: 192.168.34.12, host: pr-hdds-2372-lnsqz-525025365, networkLocation: /default-rack, certSerialId: null}
2019-11-14 12:25:30,040 [IPC Server handler 3 on 35862] INFO  net.NetworkTopology (NetworkTopologyImpl.java:add(111)) - Added a new node: /default-rack/00c62217-5fe8-4e7e-82ea-e9eb3a319654
2019-11-14 12:25:30,040 [IPC Server handler 3 on 35862] INFO  node.SCMNodeManager (SCMNodeManager.java:register(267)) - Registered Data node : 00c62217-5fe8-4e7e-82ea-e9eb3a319654{ip: 192.168.34.12, host: pr-hdds-2372-lnsqz-525025365, networkLocation: /default-rack, certSerialId: null}
2019-11-14 12:25:30,322 [grpc-default-executor-0] INFO  impl.RaftServerProxy (RaftServerProxy.java:addNew(89)) - cd558214-326f-4a5f-9303-c2e363dc7cbf: addNew group-13F8EBBEA57A:[cd558214-326f-4a5f-9303-c2e363dc7cbf:192.168.34.12:41621] returns group-13F8EBBEA57A:java.util.concurrent.CompletableFuture@6fb0aa5[Not completed]
2019-11-14 12:25:30,332 [pool-27-thread-1] INFO  impl.RaftServerImpl (RaftServerImpl.java:<init>(98)) - cd558214-326f-4a5f-9303-c2e363dc7cbf: new RaftServerImpl for group-13F8EBBEA57A:[cd558214-326f-4a5f-9303-c2e363dc7cbf:192.168.34.12:41621] with ContainerStateMachine:uninitialized
2019-11-14 12:25:30,334 [pool-27-thread-1] INFO  server.RaftServerConfigKeys (ConfUtils.java:logGet(43)) - raft.server.rpc.timeout.min = 5s (custom)
2019-11-14 12:25:30,335 [pool-27-thread-1] INFO  server.RaftServerConfigKeys (ConfUtils.java:logGet(43)) - raft.server.rpc.timeout.max = 5200ms (custom)
2019-11-14 12:25:30,335 [pool-27-thread-1] INFO  server.RaftServerConfigKeys (ConfUtils.java:logGet(43)) - raft.server.rpcslowness.timeout = 1000s (custom)
2019-11-14 12:25:30,336 [pool-27-thread-1] INFO  server.RaftServerConfigKeys (ConfUtils.java:logGet(43)) - raft.server.sleep.deviation.threshold = 300 (default)
2019-11-14 12:25:30,336 [pool-27-thread-1] INFO  server.RaftServerConfigKeys (ConfUtils.java:logGet(43)) - raft.server.log.appender.install.snapshot.enabled = false (custom)
2019-11-14 12:25:30,343 [pool-27-thread-1] INFO  impl.RaftServerImpl (ServerState.java:<init>(103)) - cd558214-326f-4a5f-9303-c2e363dc7cbf@group-13F8EBBEA57A: ConfigurationManager, init=-1: [cd558214-326f-4a5f-9303-c2e363dc7cbf:192.168.34.12:41621], old=null, confs=<EMPTY_MAP>
2019-11-14 12:25:30,343 [pool-27-thread-1] INFO  server.RaftServerConfigKeys (ConfUtils.java:logGet(43)) - raft.server.storage.dir = [/workdir/hadoop-ozone/integration-test/target/test-dir/MiniOzoneClusterImpl-cf655b43-0097-49a4-b217-83f11111c146/datanode-0/data/ratis] (custom)
2019-11-14 12:25:30,349 [pool-27-thread-1] INFO  server.RaftServerConfigKeys (ConfUtils.java:logGet(43)) - raft.server.log.corruption.policy = EXCEPTION (default)
2019-11-14 12:25:30,350 [pool-27-thread-1] INFO  storage.RaftStorageDirectory (RaftStorageDirectory.java:analyzeStorage(246)) - The storage directory /workdir/hadoop-ozone/integration-test/target/test-dir/MiniOzoneClusterImpl-cf655b43-0097-49a4-b217-83f11111c146/datanode-0/data/ratis/66f72381-ed92-4676-8b30-13f8ebbea57a does not exist. Creating ...
2019-11-14 12:25:30,380 [pool-27-thread-1] INFO  storage.RaftStorageDirectory (RaftStorageDirectory.java:tryLock(328)) - Lock on /workdir/hadoop-ozone/integration-test/target/test-dir/MiniOzoneClusterImpl-cf655b43-0097-49a4-b217-83f11111c146/datanode-0/data/ratis/66f72381-ed92-4676-8b30-13f8ebbea57a/in_use.lock acquired by nodename 22457@pr-hdds-2372-lnsqz-525025365
2019-11-14 12:25:30,403 [pool-27-thread-1] INFO  storage.RaftStorage (RaftStorage.java:format(84)) - Storage directory /workdir/hadoop-ozone/integration-test/target/test-dir/MiniOzoneClusterImpl-cf655b43-0097-49a4-b217-83f11111c146/datanode-0/data/ratis/66f72381-ed92-4676-8b30-13f8ebbea57a has been successfully formatted.
2019-11-14 12:25:30,405 [pool-27-thread-1] INFO  ratis.ContainerStateMachine (ContainerStateMachine.java:loadSnapshot(223)) - group-13F8EBBEA57A: The snapshot info is null. Setting the last applied indexto:(t:0, i:~)
2019-11-14 12:25:30,405 [pool-27-thread-1] INFO  server.RaftServerConfigKeys (ConfUtils.java:logGet(43)) - raft.server.notification.no-leader.timeout = 1000s (custom)
2019-11-14 12:25:30,407 [pool-27-thread-1] INFO  server.RaftServerConfigKeys (ConfUtils.java:logGet(43)) - raft.server.log.use.memory = false (default)
2019-11-14 12:25:30,411 [pool-27-thread-1] INFO  server.RaftServerConfigKeys (ConfUtils.java:logGet(43)) - raft.server.log.purge.gap = 1000000 (custom)
2019-11-14 12:25:30,411 [pool-27-thread-1] INFO  server.RaftServerConfigKeys (ConfUtils.java:logGet(43)) - raft.server.log.appender.buffer.byte-limit = 33554432 (custom)
2019-11-14 12:25:30,414 [pool-27-thread-1] INFO  server.RaftServerConfigKeys (ConfUtils.java:logGet(43)) - raft.server.log.segment.size.max = 1048576 (custom)
2019-11-14 12:25:30,421 [pool-27-thread-1] INFO  metrics.MetricRegistries (MetricRegistriesLoader.java:load(64)) - Loaded MetricRegistries class org.apache.ratis.metrics.impl.MetricRegistriesImpl
2019-11-14 12:25:30,426 [pool-27-thread-1] WARN  impl.MetricRegistriesImpl (MetricRegistriesImpl.java:lambda$create$1(61)) - First MetricRegistry has been created without registering reporters. You may need to call MetricRegistries.global().addReportRegistration(...) before.
2019-11-14 12:25:30,434 [pool-27-thread-1] INFO  server.RaftServerConfigKeys (ConfUtils.java:logGet(43)) - raft.server.log.segment.cache.num.max = 2 (custom)
2019-11-14 12:25:30,441 [pool-27-thread-1] INFO  segmented.SegmentedRaftLogWorker (SegmentedRaftLogWorker.java:<init>(173)) - new cd558214-326f-4a5f-9303-c2e363dc7cbf@group-13F8EBBEA57A-SegmentedRaftLogWorker for RaftStorage:Storage Directory /workdir/hadoop-ozone/integration-test/target/test-dir/MiniOzoneClusterImpl-cf655b43-0097-49a4-b217-83f11111c146/datanode-0/data/ratis/66f72381-ed92-4676-8b30-13f8ebbea57a
2019-11-14 12:25:30,442 [pool-27-thread-1] INFO  server.RaftServerConfigKeys (ConfUtils.java:logGet(43)) - raft.server.log.queue.byte-limit = 2147483647 (custom)
2019-11-14 12:25:30,442 [pool-27-thread-1] INFO  server.RaftServerConfigKeys (ConfUtils.java:logGet(43)) - raft.server.log.queue.element-limit = 1024 (custom)
2019-11-14 12:25:30,444 [pool-27-thread-1] INFO  server.RaftServerConfigKeys (ConfUtils.java:logGet(43)) - raft.server.log.segment.size.max = 1048576 (custom)
2019-11-14 12:25:30,444 [pool-27-thread-1] INFO  server.RaftServerConfigKeys (ConfUtils.java:logGet(43)) - raft.server.log.preallocated.size = 16384 (custom)
2019-11-14 12:25:30,445 [pool-27-thread-1] INFO  server.RaftServerConfigKeys (ConfUtils.java:logGet(43)) - raft.server.log.write.buffer.size = 33554432 (custom)
2019-11-14 12:25:30,446 [pool-27-thread-1] INFO  server.RaftServerConfigKeys (ConfUtils.java:logGet(43)) - raft.server.log.force.sync.num = 128 (default)
2019-11-14 12:25:30,447 [pool-27-thread-1] INFO  server.RaftServerConfigKeys (ConfUtils.java:logGet(43)) - raft.server.log.statemachine.data.sync = true (default)
2019-11-14 12:25:30,447 [pool-27-thread-1] INFO  server.RaftServerConfigKeys (ConfUtils.java:logGet(43)) - raft.server.log.statemachine.data.sync.timeout = 10s (default)
2019-11-14 12:25:30,448 [pool-27-thread-1] INFO  server.RaftServerConfigKeys (ConfUtils.java:logGet(43)) - raft.server.log.statemachine.data.sync.timeout.retry = -1 (default)
2019-11-14 12:25:30,462 [pool-27-thread-1] INFO  server.RaftServerConfigKeys (ConfUtils.java:logGet(43)) - raft.server.log.statemachine.data.caching.enabled = true (custom)
2019-11-14 12:25:30,467 [pool-27-thread-1] INFO  segmented.SegmentedRaftLogWorker (SegmentedRaftLogWorker.java:lambda$new$0(128)) - cd558214-326f-4a5f-9303-c2e363dc7cbf@group-13F8EBBEA57A-SegmentedRaftLogWorker: flushIndex: setUnconditionally 0 -> -1
2019-11-14 12:25:30,472 [pool-27-thread-1] INFO  server.RaftServerConfigKeys (ConfUtils.java:logGet(43)) - raft.server.snapshot.auto.trigger.enabled = true (custom)
2019-11-14 12:25:30,475 [pool-27-thread-1] INFO  server.RaftServerConfigKeys (ConfUtils.java:logGet(43)) - raft.server.snapshot.auto.trigger.threshold = 10000 (custom)
2019-11-14 12:25:30,475 [pool-27-thread-1] INFO  server.RaftServerConfigKeys (ConfUtils.java:logGet(43)) - raft.server.snapshot.retention.file.num = 5 (custom)
2019-11-14 12:25:30,476 [pool-27-thread-1] INFO  server.RaftServerConfigKeys (ConfUtils.java:logGet(43)) - raft.server.retrycache.expirytime = 600000ms (custom)
2019-11-14 12:25:30,497 [pool-27-thread-1] WARN  impl.MetricRegistriesImpl (MetricRegistriesImpl.java:lambda$create$1(61)) - First MetricRegistry has been created without registering reporters. You may need to call MetricRegistries.global().addReportRegistration(...) before.
2019-11-14 12:25:30,499 [pool-27-thread-1] WARN  impl.MetricRegistriesImpl (MetricRegistriesImpl.java:lambda$create$1(61)) - First MetricRegistry has been created without registering reporters. You may need to call MetricRegistries.global().addReportRegistration(...) before.
2019-11-14 12:25:30,500 [pool-27-thread-1] INFO  impl.RaftServerImpl (RaftServerImpl.java:start(184)) - cd558214-326f-4a5f-9303-c2e363dc7cbf@group-13F8EBBEA57A: start as a follower, conf=-1: [cd558214-326f-4a5f-9303-c2e363dc7cbf:192.168.34.12:41621], old=null
2019-11-14 12:25:30,501 [pool-27-thread-1] INFO  impl.RaftServerImpl (RaftServerImpl.java:setRole(173)) - cd558214-326f-4a5f-9303-c2e363dc7cbf@group-13F8EBBEA57A: changes role from      null to FOLLOWER at term 0 for startAsFollower
2019-11-14 12:25:30,502 [pool-27-thread-1] INFO  impl.RoleInfo (RoleInfo.java:updateAndGet(143)) - cd558214-326f-4a5f-9303-c2e363dc7cbf: start FollowerState
2019-11-14 12:25:30,505 [pool-27-thread-1] INFO  util.JmxRegister (JmxRegister.java:tryRegister(44)) - Successfully registered JMX Bean with object name Ratis:service=RaftServer,group=group-13F8EBBEA57A,id=cd558214-326f-4a5f-9303-c2e363dc7cbf
2019-11-14 12:25:30,506 [pool-27-thread-1] WARN  impl.MetricRegistriesImpl (MetricRegistriesImpl.java:lambda$create$1(61)) - First MetricRegistry has been created without registering reporters. You may need to call MetricRegistries.global().addReportRegistration(...) before.
2019-11-14 12:25:30,562 [RatisPipelineUtilsThread] INFO  pipeline.PipelineStateManager (PipelineStateManager.java:addPipeline(55)) - Created pipeline Pipeline[ Id: 66f72381-ed92-4676-8b30-13f8ebbea57a, Nodes: cd558214-326f-4a5f-9303-c2e363dc7cbf{ip: 192.168.34.12, host: pr-hdds-2372-lnsqz-525025365, networkLocation: /default-rack, certSerialId: null}, Type:RATIS, Factor:ONE, State:ALLOCATED]
2019-11-14 12:25:30,581 [grpc-default-executor-0] INFO  impl.RaftServerProxy (RaftServerProxy.java:addNew(89)) - 00c62217-5fe8-4e7e-82ea-e9eb3a319654: addNew group-0FC506ED7F06:[00c62217-5fe8-4e7e-82ea-e9eb3a319654:192.168.34.12:43981] returns group-0FC506ED7F06:java.util.concurrent.CompletableFuture@28d997a1[Not completed]
2019-11-14 12:25:30,603 [pool-47-thread-1] INFO  impl.RaftServerImpl (RaftServerImpl.java:<init>(98)) - 00c62217-5fe8-4e7e-82ea-e9eb3a319654: new RaftServerImpl for group-0FC506ED7F06:[00c62217-5fe8-4e7e-82ea-e9eb3a319654:192.168.34.12:43981] with ContainerStateMachine:uninitialized
2019-11-14 12:25:30,604 [pool-47-thread-1] INFO  server.RaftServerConfigKeys (ConfUtils.java:logGet(43)) - raft.server.rpc.timeout.min = 5s (custom)
2019-11-14 12:25:30,604 [pool-47-thread-1] INFO  server.RaftServerConfigKeys (ConfUtils.java:logGet(43)) - raft.server.rpc.timeout.max = 5200ms (custom)
2019-11-14 12:25:30,605 [pool-47-thread-1] INFO  server.RaftServerConfigKeys (ConfUtils.java:logGet(43)) - raft.server.rpcslowness.timeout = 1000s (custom)
2019-11-14 12:25:30,605 [pool-47-thread-1] INFO  server.RaftServerConfigKeys (ConfUtils.java:logGet(43)) - raft.server.sleep.deviation.threshold = 300 (default)
2019-11-14 12:25:30,605 [pool-47-thread-1] INFO  server.RaftServerConfigKeys (ConfUtils.java:logGet(43)) - raft.server.log.appender.install.snapshot.enabled = false (custom)
2019-11-14 12:25:30,605 [pool-47-thread-1] INFO  impl.RaftServerImpl (ServerState.java:<init>(103)) - 00c62217-5fe8-4e7e-82ea-e9eb3a319654@group-0FC506ED7F06: ConfigurationManager, init=-1: [00c62217-5fe8-4e7e-82ea-e9eb3a319654:192.168.34.12:43981], old=null, confs=<EMPTY_MAP>
2019-11-14 12:25:30,606 [pool-47-thread-1] INFO  server.RaftServerConfigKeys (ConfUtils.java:logGet(43)) - raft.server.storage.dir = [/workdir/hadoop-ozone/integration-test/target/test-dir/MiniOzoneClusterImpl-cf655b43-0097-49a4-b217-83f11111c146/datanode-2/data/ratis] (custom)
2019-11-14 12:25:30,606 [pool-47-thread-1] INFO  server.RaftServerConfigKeys (ConfUtils.java:logGet(43)) - raft.server.log.corruption.policy = EXCEPTION (default)
2019-11-14 12:25:30,607 [pool-47-thread-1] INFO  storage.RaftStorageDirectory (RaftStorageDirectory.java:analyzeStorage(246)) - The storage directory /workdir/hadoop-ozone/integration-test/target/test-dir/MiniOzoneClusterImpl-cf655b43-0097-49a4-b217-83f11111c146/datanode-2/data/ratis/f0419ad6-5168-4c1f-a626-0fc506ed7f06 does not exist. Creating ...
2019-11-14 12:25:30,632 [pool-47-thread-1] INFO  storage.RaftStorageDirectory (RaftStorageDirectory.java:tryLock(328)) - Lock on /workdir/hadoop-ozone/integration-test/target/test-dir/MiniOzoneClusterImpl-cf655b43-0097-49a4-b217-83f11111c146/datanode-2/data/ratis/f0419ad6-5168-4c1f-a626-0fc506ed7f06/in_use.lock acquired by nodename 22457@pr-hdds-2372-lnsqz-525025365
2019-11-14 12:25:30,648 [pool-47-thread-1] INFO  storage.RaftStorage (RaftStorage.java:format(84)) - Storage directory /workdir/hadoop-ozone/integration-test/target/test-dir/MiniOzoneClusterImpl-cf655b43-0097-49a4-b217-83f11111c146/datanode-2/data/ratis/f0419ad6-5168-4c1f-a626-0fc506ed7f06 has been successfully formatted.
2019-11-14 12:25:30,649 [pool-47-thread-1] INFO  ratis.ContainerStateMachine (ContainerStateMachine.java:loadSnapshot(223)) - group-0FC506ED7F06: The snapshot info is null. Setting the last applied indexto:(t:0, i:~)
2019-11-14 12:25:30,649 [pool-47-thread-1] INFO  server.RaftServerConfigKeys (ConfUtils.java:logGet(43)) - raft.server.notification.no-leader.timeout = 1000s (custom)
2019-11-14 12:25:30,650 [pool-47-thread-1] INFO  server.RaftServerConfigKeys (ConfUtils.java:logGet(43)) - raft.server.log.use.memory = false (default)
2019-11-14 12:25:30,650 [pool-47-thread-1] INFO  server.RaftServerConfigKeys (ConfUtils.java:logGet(43)) - raft.server.log.purge.gap = 1000000 (custom)
2019-11-14 12:25:30,650 [pool-47-thread-1] INFO  server.RaftServerConfigKeys (ConfUtils.java:logGet(43)) - raft.server.log.appender.buffer.byte-limit = 33554432 (custom)
2019-11-14 12:25:30,650 [pool-47-thread-1] INFO  server.RaftServerConfigKeys (ConfUtils.java:logGet(43)) - raft.server.log.segment.size.max = 1048576 (custom)
2019-11-14 12:25:30,650 [pool-47-thread-1] WARN  impl.MetricRegistriesImpl (MetricRegistriesImpl.java:lambda$create$1(61)) - First MetricRegistry has been created without registering reporters. You may need to call MetricRegistries.global().addReportRegistration(...) before.
2019-11-14 12:25:30,651 [pool-47-thread-1] INFO  server.RaftServerConfigKeys (ConfUtils.java:logGet(43)) - raft.server.log.segment.cache.num.max = 2 (custom)
2019-11-14 12:25:30,651 [pool-47-thread-1] INFO  segmented.SegmentedRaftLogWorker (SegmentedRaftLogWorker.java:<init>(173)) - new 00c62217-5fe8-4e7e-82ea-e9eb3a319654@group-0FC506ED7F06-SegmentedRaftLogWorker for RaftStorage:Storage Directory /workdir/hadoop-ozone/integration-test/target/test-dir/MiniOzoneClusterImpl-cf655b43-0097-49a4-b217-83f11111c146/datanode-2/data/ratis/f0419ad6-5168-4c1f-a626-0fc506ed7f06
2019-11-14 12:25:30,652 [pool-47-thread-1] INFO  server.RaftServerConfigKeys (ConfUtils.java:logGet(43)) - raft.server.log.queue.byte-limit = 2147483647 (custom)
2019-11-14 12:25:30,652 [pool-47-thread-1] INFO  server.RaftServerConfigKeys (ConfUtils.java:logGet(43)) - raft.server.log.queue.element-limit = 1024 (custom)
2019-11-14 12:25:30,652 [pool-47-thread-1] INFO  server.RaftServerConfigKeys (ConfUtils.java:logGet(43)) - raft.server.log.segment.size.max = 1048576 (custom)
2019-11-14 12:25:30,653 [pool-47-thread-1] INFO  server.RaftServerConfigKeys (ConfUtils.java:logGet(43)) - raft.server.log.preallocated.size = 16384 (custom)
2019-11-14 12:25:30,653 [pool-47-thread-1] INFO  server.RaftServerConfigKeys (ConfUtils.java:logGet(43)) - raft.server.log.write.buffer.size = 33554432 (custom)
2019-11-14 12:25:30,653 [pool-47-thread-1] INFO  server.RaftServerConfigKeys (ConfUtils.java:logGet(43)) - raft.server.log.force.sync.num = 128 (default)
2019-11-14 12:25:30,653 [pool-47-thread-1] INFO  server.RaftServerConfigKeys (ConfUtils.java:logGet(43)) - raft.server.log.statemachine.data.sync = true (default)
2019-11-14 12:25:30,653 [pool-47-thread-1] INFO  server.RaftServerConfigKeys (ConfUtils.java:logGet(43)) - raft.server.log.statemachine.data.sync.timeout = 10s (default)
2019-11-14 12:25:30,653 [pool-47-thread-1] INFO  server.RaftServerConfigKeys (ConfUtils.java:logGet(43)) - raft.server.log.statemachine.data.sync.timeout.retry = -1 (default)
2019-11-14 12:25:30,654 [pool-47-thread-1] INFO  server.RaftServerConfigKeys (ConfUtils.java:logGet(43)) - raft.server.log.statemachine.data.caching.enabled = true (custom)
2019-11-14 12:25:30,654 [pool-47-thread-1] INFO  segmented.SegmentedRaftLogWorker (SegmentedRaftLogWorker.java:lambda$new$0(128)) - 00c62217-5fe8-4e7e-82ea-e9eb3a319654@group-0FC506ED7F06-SegmentedRaftLogWorker: flushIndex: setUnconditionally 0 -> -1
2019-11-14 12:25:30,654 [pool-47-thread-1] INFO  server.RaftServerConfigKeys (ConfUtils.java:logGet(43)) - raft.server.snapshot.auto.trigger.enabled = true (custom)
2019-11-14 12:25:30,654 [pool-47-thread-1] INFO  server.RaftServerConfigKeys (ConfUtils.java:logGet(43)) - raft.server.snapshot.auto.trigger.threshold = 10000 (custom)
2019-11-14 12:25:30,655 [pool-47-thread-1] INFO  server.RaftServerConfigKeys (ConfUtils.java:logGet(43)) - raft.server.snapshot.retention.file.num = 5 (custom)
2019-11-14 12:25:30,655 [pool-47-thread-1] INFO  server.RaftServerConfigKeys (ConfUtils.java:logGet(43)) - raft.server.retrycache.expirytime = 600000ms (custom)
2019-11-14 12:25:30,655 [pool-47-thread-1] WARN  impl.MetricRegistriesImpl (MetricRegistriesImpl.java:lambda$create$1(61)) - First MetricRegistry has been created without registering reporters. You may need to call MetricRegistries.global().addReportRegistration(...) before.
2019-11-14 12:25:30,655 [pool-47-thread-1] WARN  impl.MetricRegistriesImpl (MetricRegistriesImpl.java:lambda$create$1(61)) - First MetricRegistry has been created without registering reporters. You may need to call MetricRegistries.global().addReportRegistration(...) before.
2019-11-14 12:25:30,655 [pool-47-thread-1] INFO  impl.RaftServerImpl (RaftServerImpl.java:start(184)) - 00c62217-5fe8-4e7e-82ea-e9eb3a319654@group-0FC506ED7F06: start as a follower, conf=-1: [00c62217-5fe8-4e7e-82ea-e9eb3a319654:192.168.34.12:43981], old=null
2019-11-14 12:25:30,655 [pool-47-thread-1] INFO  impl.RaftServerImpl (RaftServerImpl.java:setRole(173)) - 00c62217-5fe8-4e7e-82ea-e9eb3a319654@group-0FC506ED7F06: changes role from      null to FOLLOWER at term 0 for startAsFollower
2019-11-14 12:25:30,656 [pool-47-thread-1] INFO  impl.RoleInfo (RoleInfo.java:updateAndGet(143)) - 00c62217-5fe8-4e7e-82ea-e9eb3a319654: start FollowerState
2019-11-14 12:25:30,657 [pool-47-thread-1] INFO  util.JmxRegister (JmxRegister.java:tryRegister(44)) - Successfully registered JMX Bean with object name Ratis:service=RaftServer,group=group-0FC506ED7F06,id=00c62217-5fe8-4e7e-82ea-e9eb3a319654
2019-11-14 12:25:30,659 [pool-47-thread-1] WARN  impl.MetricRegistriesImpl (MetricRegistriesImpl.java:lambda$create$1(61)) - First MetricRegistry has been created without registering reporters. You may need to call MetricRegistries.global().addReportRegistration(...) before.
2019-11-14 12:25:30,669 [RatisPipelineUtilsThread] INFO  pipeline.PipelineStateManager (PipelineStateManager.java:addPipeline(55)) - Created pipeline Pipeline[ Id: f0419ad6-5168-4c1f-a626-0fc506ed7f06, Nodes: 00c62217-5fe8-4e7e-82ea-e9eb3a319654{ip: 192.168.34.12, host: pr-hdds-2372-lnsqz-525025365, networkLocation: /default-rack, certSerialId: null}, Type:RATIS, Factor:ONE, State:ALLOCATED]
2019-11-14 12:25:30,685 [grpc-default-executor-0] INFO  impl.RaftServerProxy (RaftServerProxy.java:addNew(89)) - 34945432-9180-41ca-be60-2140985b491a: addNew group-E56D37E1DD71:[34945432-9180-41ca-be60-2140985b491a:192.168.34.12:42562] returns group-E56D37E1DD71:java.util.concurrent.CompletableFuture@3f128450[Not completed]
2019-11-14 12:25:30,701 [pool-37-thread-1] INFO  impl.RaftServerImpl (RaftServerImpl.java:<init>(98)) - 34945432-9180-41ca-be60-2140985b491a: new RaftServerImpl for group-E56D37E1DD71:[34945432-9180-41ca-be60-2140985b491a:192.168.34.12:42562] with ContainerStateMachine:uninitialized
2019-11-14 12:25:30,702 [pool-37-thread-1] INFO  server.RaftServerConfigKeys (ConfUtils.java:logGet(43)) - raft.server.rpc.timeout.min = 5s (custom)
2019-11-14 12:25:30,702 [pool-37-thread-1] INFO  server.RaftServerConfigKeys (ConfUtils.java:logGet(43)) - raft.server.rpc.timeout.max = 5200ms (custom)
2019-11-14 12:25:30,702 [pool-37-thread-1] INFO  server.RaftServerConfigKeys (ConfUtils.java:logGet(43)) - raft.server.rpcslowness.timeout = 1000s (custom)
2019-11-14 12:25:30,702 [pool-37-thread-1] INFO  server.RaftServerConfigKeys (ConfUtils.java:logGet(43)) - raft.server.sleep.deviation.threshold = 300 (default)
2019-11-14 12:25:30,702 [pool-37-thread-1] INFO  server.RaftServerConfigKeys (ConfUtils.java:logGet(43)) - raft.server.log.appender.install.snapshot.enabled = false (custom)
2019-11-14 12:25:30,702 [pool-37-thread-1] INFO  impl.RaftServerImpl (ServerState.java:<init>(103)) - 34945432-9180-41ca-be60-2140985b491a@group-E56D37E1DD71: ConfigurationManager, init=-1: [34945432-9180-41ca-be60-2140985b491a:192.168.34.12:42562], old=null, confs=<EMPTY_MAP>
2019-11-14 12:25:30,703 [pool-37-thread-1] INFO  server.RaftServerConfigKeys (ConfUtils.java:logGet(43)) - raft.server.storage.dir = [/workdir/hadoop-ozone/integration-test/target/test-dir/MiniOzoneClusterImpl-cf655b43-0097-49a4-b217-83f11111c146/datanode-1/data/ratis] (custom)
2019-11-14 12:25:30,703 [pool-37-thread-1] INFO  server.RaftServerConfigKeys (ConfUtils.java:logGet(43)) - raft.server.log.corruption.policy = EXCEPTION (default)
2019-11-14 12:25:30,703 [pool-37-thread-1] INFO  storage.RaftStorageDirectory (RaftStorageDirectory.java:analyzeStorage(246)) - The storage directory /workdir/hadoop-ozone/integration-test/target/test-dir/MiniOzoneClusterImpl-cf655b43-0097-49a4-b217-83f11111c146/datanode-1/data/ratis/4470958c-dd84-420d-9bbe-e56d37e1dd71 does not exist. Creating ...
2019-11-14 12:25:30,716 [pool-37-thread-1] INFO  storage.RaftStorageDirectory (RaftStorageDirectory.java:tryLock(328)) - Lock on /workdir/hadoop-ozone/integration-test/target/test-dir/MiniOzoneClusterImpl-cf655b43-0097-49a4-b217-83f11111c146/datanode-1/data/ratis/4470958c-dd84-420d-9bbe-e56d37e1dd71/in_use.lock acquired by nodename 22457@pr-hdds-2372-lnsqz-525025365
2019-11-14 12:25:30,729 [pool-37-thread-1] INFO  storage.RaftStorage (RaftStorage.java:format(84)) - Storage directory /workdir/hadoop-ozone/integration-test/target/test-dir/MiniOzoneClusterImpl-cf655b43-0097-49a4-b217-83f11111c146/datanode-1/data/ratis/4470958c-dd84-420d-9bbe-e56d37e1dd71 has been successfully formatted.
2019-11-14 12:25:30,730 [pool-37-thread-1] INFO  ratis.ContainerStateMachine (ContainerStateMachine.java:loadSnapshot(223)) - group-E56D37E1DD71: The snapshot info is null. Setting the last applied indexto:(t:0, i:~)
2019-11-14 12:25:30,730 [pool-37-thread-1] INFO  server.RaftServerConfigKeys (ConfUtils.java:logGet(43)) - raft.server.notification.no-leader.timeout = 1000s (custom)
2019-11-14 12:25:30,730 [pool-37-thread-1] INFO  server.RaftServerConfigKeys (ConfUtils.java:logGet(43)) - raft.server.log.use.memory = false (default)
2019-11-14 12:25:30,730 [pool-37-thread-1] INFO  server.RaftServerConfigKeys (ConfUtils.java:logGet(43)) - raft.server.log.purge.gap = 1000000 (custom)
2019-11-14 12:25:30,730 [pool-37-thread-1] INFO  server.RaftServerConfigKeys (ConfUtils.java:logGet(43)) - raft.server.log.appender.buffer.byte-limit = 33554432 (custom)
2019-11-14 12:25:30,731 [pool-37-thread-1] INFO  server.RaftServerConfigKeys (ConfUtils.java:logGet(43)) - raft.server.log.segment.size.max = 1048576 (custom)
2019-11-14 12:25:30,731 [pool-37-thread-1] WARN  impl.MetricRegistriesImpl (MetricRegistriesImpl.java:lambda$create$1(61)) - First MetricRegistry has been created without registering reporters. You may need to call MetricRegistries.global().addReportRegistration(...) before.
2019-11-14 12:25:30,731 [pool-37-thread-1] INFO  server.RaftServerConfigKeys (ConfUtils.java:logGet(43)) - raft.server.log.segment.cache.num.max = 2 (custom)
2019-11-14 12:25:30,731 [pool-37-thread-1] INFO  segmented.SegmentedRaftLogWorker (SegmentedRaftLogWorker.java:<init>(173)) - new 34945432-9180-41ca-be60-2140985b491a@group-E56D37E1DD71-SegmentedRaftLogWorker for RaftStorage:Storage Directory /workdir/hadoop-ozone/integration-test/target/test-dir/MiniOzoneClusterImpl-cf655b43-0097-49a4-b217-83f11111c146/datanode-1/data/ratis/4470958c-dd84-420d-9bbe-e56d37e1dd71
2019-11-14 12:25:30,731 [pool-37-thread-1] INFO  server.RaftServerConfigKeys (ConfUtils.java:logGet(43)) - raft.server.log.queue.byte-limit = 2147483647 (custom)
2019-11-14 12:25:30,731 [pool-37-thread-1] INFO  server.RaftServerConfigKeys (ConfUtils.java:logGet(43)) - raft.server.log.queue.element-limit = 1024 (custom)
2019-11-14 12:25:30,732 [pool-37-thread-1] INFO  server.RaftServerConfigKeys (ConfUtils.java:logGet(43)) - raft.server.log.segment.size.max = 1048576 (custom)
2019-11-14 12:25:30,732 [pool-37-thread-1] INFO  server.RaftServerConfigKeys (ConfUtils.java:logGet(43)) - raft.server.log.preallocated.size = 16384 (custom)
2019-11-14 12:25:30,732 [pool-37-thread-1] INFO  server.RaftServerConfigKeys (ConfUtils.java:logGet(43)) - raft.server.log.write.buffer.size = 33554432 (custom)
2019-11-14 12:25:30,732 [pool-37-thread-1] INFO  server.RaftServerConfigKeys (ConfUtils.java:logGet(43)) - raft.server.log.force.sync.num = 128 (default)
2019-11-14 12:25:30,732 [pool-37-thread-1] INFO  server.RaftServerConfigKeys (ConfUtils.java:logGet(43)) - raft.server.log.statemachine.data.sync = true (default)
2019-11-14 12:25:30,733 [pool-37-thread-1] INFO  server.RaftServerConfigKeys (ConfUtils.java:logGet(43)) - raft.server.log.statemachine.data.sync.timeout = 10s (default)
2019-11-14 12:25:30,733 [pool-37-thread-1] INFO  server.RaftServerConfigKeys (ConfUtils.java:logGet(43)) - raft.server.log.statemachine.data.sync.timeout.retry = -1 (default)
2019-11-14 12:25:30,733 [pool-37-thread-1] INFO  server.RaftServerConfigKeys (ConfUtils.java:logGet(43)) - raft.server.log.statemachine.data.caching.enabled = true (custom)
2019-11-14 12:25:30,733 [pool-37-thread-1] INFO  segmented.SegmentedRaftLogWorker (SegmentedRaftLogWorker.java:lambda$new$0(128)) - 34945432-9180-41ca-be60-2140985b491a@group-E56D37E1DD71-SegmentedRaftLogWorker: flushIndex: setUnconditionally 0 -> -1
2019-11-14 12:25:30,734 [pool-37-thread-1] INFO  server.RaftServerConfigKeys (ConfUtils.java:logGet(43)) - raft.server.snapshot.auto.trigger.enabled = true (custom)
2019-11-14 12:25:30,734 [pool-37-thread-1] INFO  server.RaftServerConfigKeys (ConfUtils.java:logGet(43)) - raft.server.snapshot.auto.trigger.threshold = 10000 (custom)
2019-11-14 12:25:30,734 [pool-37-thread-1] INFO  server.RaftServerConfigKeys (ConfUtils.java:logGet(43)) - raft.server.snapshot.retention.file.num = 5 (custom)
2019-11-14 12:25:30,735 [pool-37-thread-1] INFO  server.RaftServerConfigKeys (ConfUtils.java:logGet(43)) - raft.server.retrycache.expirytime = 600000ms (custom)
2019-11-14 12:25:30,735 [pool-37-thread-1] WARN  impl.MetricRegistriesImpl (MetricRegistriesImpl.java:lambda$create$1(61)) - First MetricRegistry has been created without registering reporters. You may need to call MetricRegistries.global().addReportRegistration(...) before.
2019-11-14 12:25:30,735 [pool-37-thread-1] WARN  impl.MetricRegistriesImpl (MetricRegistriesImpl.java:lambda$create$1(61)) - First MetricRegistry has been created without registering reporters. You may need to call MetricRegistries.global().addReportRegistration(...) before.
2019-11-14 12:25:30,735 [pool-37-thread-1] INFO  impl.RaftServerImpl (RaftServerImpl.java:start(184)) - 34945432-9180-41ca-be60-2140985b491a@group-E56D37E1DD71: start as a follower, conf=-1: [34945432-9180-41ca-be60-2140985b491a:192.168.34.12:42562], old=null
2019-11-14 12:25:30,735 [pool-37-thread-1] INFO  impl.RaftServerImpl (RaftServerImpl.java:setRole(173)) - 34945432-9180-41ca-be60-2140985b491a@group-E56D37E1DD71: changes role from      null to FOLLOWER at term 0 for startAsFollower
2019-11-14 12:25:30,736 [pool-37-thread-1] INFO  impl.RoleInfo (RoleInfo.java:updateAndGet(143)) - 34945432-9180-41ca-be60-2140985b491a: start FollowerState
2019-11-14 12:25:30,736 [pool-37-thread-1] INFO  util.JmxRegister (JmxRegister.java:tryRegister(44)) - Successfully registered JMX Bean with object name Ratis:service=RaftServer,group=group-E56D37E1DD71,id=34945432-9180-41ca-be60-2140985b491a
2019-11-14 12:25:30,737 [pool-37-thread-1] WARN  impl.MetricRegistriesImpl (MetricRegistriesImpl.java:lambda$create$1(61)) - First MetricRegistry has been created without registering reporters. You may need to call MetricRegistries.global().addReportRegistration(...) before.
2019-11-14 12:25:30,747 [RatisPipelineUtilsThread] INFO  pipeline.PipelineStateManager (PipelineStateManager.java:addPipeline(55)) - Created pipeline Pipeline[ Id: 4470958c-dd84-420d-9bbe-e56d37e1dd71, Nodes: 34945432-9180-41ca-be60-2140985b491a{ip: 192.168.34.12, host: pr-hdds-2372-lnsqz-525025365, networkLocation: /default-rack, certSerialId: null}, Type:RATIS, Factor:ONE, State:ALLOCATED]
2019-11-14 12:25:30,769 [grpc-default-executor-2] INFO  impl.RaftServerProxy (RaftServerProxy.java:addNew(89)) - 34945432-9180-41ca-be60-2140985b491a: addNew group-6532495DD37D:[00c62217-5fe8-4e7e-82ea-e9eb3a319654:192.168.34.12:43981, 34945432-9180-41ca-be60-2140985b491a:192.168.34.12:42562, cd558214-326f-4a5f-9303-c2e363dc7cbf:192.168.34.12:41621] returns group-6532495DD37D:java.util.concurrent.CompletableFuture@4925a519[Not completed]
2019-11-14 12:25:30,772 [grpc-default-executor-2] INFO  impl.RaftServerProxy (RaftServerProxy.java:addNew(89)) - 00c62217-5fe8-4e7e-82ea-e9eb3a319654: addNew group-6532495DD37D:[00c62217-5fe8-4e7e-82ea-e9eb3a319654:192.168.34.12:43981, 34945432-9180-41ca-be60-2140985b491a:192.168.34.12:42562, cd558214-326f-4a5f-9303-c2e363dc7cbf:192.168.34.12:41621] returns group-6532495DD37D:java.util.concurrent.CompletableFuture@358af6ad[Not completed]
2019-11-14 12:25:30,773 [pool-37-thread-1] INFO  impl.RaftServerImpl (RaftServerImpl.java:<init>(98)) - 34945432-9180-41ca-be60-2140985b491a: new RaftServerImpl for group-6532495DD37D:[00c62217-5fe8-4e7e-82ea-e9eb3a319654:192.168.34.12:43981, 34945432-9180-41ca-be60-2140985b491a:192.168.34.12:42562, cd558214-326f-4a5f-9303-c2e363dc7cbf:192.168.34.12:41621] with ContainerStateMachine:uninitialized
2019-11-14 12:25:30,774 [pool-37-thread-1] INFO  server.RaftServerConfigKeys (ConfUtils.java:logGet(43)) - raft.server.rpc.timeout.min = 5s (custom)
2019-11-14 12:25:30,775 [pool-37-thread-1] INFO  server.RaftServerConfigKeys (ConfUtils.java:logGet(43)) - raft.server.rpc.timeout.max = 5200ms (custom)
2019-11-14 12:25:30,775 [pool-37-thread-1] INFO  server.RaftServerConfigKeys (ConfUtils.java:logGet(43)) - raft.server.rpcslowness.timeout = 1000s (custom)
2019-11-14 12:25:30,775 [pool-37-thread-1] INFO  server.RaftServerConfigKeys (ConfUtils.java:logGet(43)) - raft.server.sleep.deviation.threshold = 300 (default)
2019-11-14 12:25:30,776 [pool-37-thread-1] INFO  server.RaftServerConfigKeys (ConfUtils.java:logGet(43)) - raft.server.log.appender.install.snapshot.enabled = false (custom)
2019-11-14 12:25:30,776 [pool-37-thread-1] INFO  impl.RaftServerImpl (ServerState.java:<init>(103)) - 34945432-9180-41ca-be60-2140985b491a@group-6532495DD37D: ConfigurationManager, init=-1: [00c62217-5fe8-4e7e-82ea-e9eb3a319654:192.168.34.12:43981, 34945432-9180-41ca-be60-2140985b491a:192.168.34.12:42562, cd558214-326f-4a5f-9303-c2e363dc7cbf:192.168.34.12:41621], old=null, confs=<EMPTY_MAP>
2019-11-14 12:25:30,776 [grpc-default-executor-2] INFO  impl.RaftServerProxy (RaftServerProxy.java:addNew(89)) - cd558214-326f-4a5f-9303-c2e363dc7cbf: addNew group-6532495DD37D:[00c62217-5fe8-4e7e-82ea-e9eb3a319654:192.168.34.12:43981, 34945432-9180-41ca-be60-2140985b491a:192.168.34.12:42562, cd558214-326f-4a5f-9303-c2e363dc7cbf:192.168.34.12:41621] returns group-6532495DD37D:java.util.concurrent.CompletableFuture@4de3239e[Not completed]
2019-11-14 12:25:30,776 [pool-37-thread-1] INFO  server.RaftServerConfigKeys (ConfUtils.java:logGet(43)) - raft.server.storage.dir = [/workdir/hadoop-ozone/integration-test/target/test-dir/MiniOzoneClusterImpl-cf655b43-0097-49a4-b217-83f11111c146/datanode-1/data/ratis] (custom)
2019-11-14 12:25:30,776 [pool-47-thread-1] INFO  impl.RaftServerImpl (RaftServerImpl.java:<init>(98)) - 00c62217-5fe8-4e7e-82ea-e9eb3a319654: new RaftServerImpl for group-6532495DD37D:[00c62217-5fe8-4e7e-82ea-e9eb3a319654:192.168.34.12:43981, 34945432-9180-41ca-be60-2140985b491a:192.168.34.12:42562, cd558214-326f-4a5f-9303-c2e363dc7cbf:192.168.34.12:41621] with ContainerStateMachine:uninitialized
2019-11-14 12:25:30,777 [pool-47-thread-1] INFO  server.RaftServerConfigKeys (ConfUtils.java:logGet(43)) - raft.server.rpc.timeout.min = 5s (custom)
2019-11-14 12:25:30,777 [pool-37-thread-1] INFO  server.RaftServerConfigKeys (ConfUtils.java:logGet(43)) - raft.server.log.corruption.policy = EXCEPTION (default)
2019-11-14 12:25:30,777 [pool-47-thread-1] INFO  server.RaftServerConfigKeys (ConfUtils.java:logGet(43)) - raft.server.rpc.timeout.max = 5200ms (custom)
2019-11-14 12:25:30,777 [pool-47-thread-1] INFO  server.RaftServerConfigKeys (ConfUtils.java:logGet(43)) - raft.server.rpcslowness.timeout = 1000s (custom)
2019-11-14 12:25:30,777 [pool-27-thread-1] INFO  impl.RaftServerImpl (RaftServerImpl.java:<init>(98)) - cd558214-326f-4a5f-9303-c2e363dc7cbf: new RaftServerImpl for group-6532495DD37D:[00c62217-5fe8-4e7e-82ea-e9eb3a319654:192.168.34.12:43981, 34945432-9180-41ca-be60-2140985b491a:192.168.34.12:42562, cd558214-326f-4a5f-9303-c2e363dc7cbf:192.168.34.12:41621] with ContainerStateMachine:uninitialized
2019-11-14 12:25:30,777 [pool-47-thread-1] INFO  server.RaftServerConfigKeys (ConfUtils.java:logGet(43)) - raft.server.sleep.deviation.threshold = 300 (default)
2019-11-14 12:25:30,777 [pool-37-thread-1] INFO  storage.RaftStorageDirectory (RaftStorageDirectory.java:analyzeStorage(246)) - The storage directory /workdir/hadoop-ozone/integration-test/target/test-dir/MiniOzoneClusterImpl-cf655b43-0097-49a4-b217-83f11111c146/datanode-1/data/ratis/6854f8b7-cbc6-4047-a529-6532495dd37d does not exist. Creating ...
2019-11-14 12:25:30,778 [pool-47-thread-1] INFO  server.RaftServerConfigKeys (ConfUtils.java:logGet(43)) - raft.server.log.appender.install.snapshot.enabled = false (custom)
2019-11-14 12:25:30,777 [pool-27-thread-1] INFO  server.RaftServerConfigKeys (ConfUtils.java:logGet(43)) - raft.server.rpc.timeout.min = 5s (custom)
2019-11-14 12:25:30,778 [pool-47-thread-1] INFO  impl.RaftServerImpl (ServerState.java:<init>(103)) - 00c62217-5fe8-4e7e-82ea-e9eb3a319654@group-6532495DD37D: ConfigurationManager, init=-1: [00c62217-5fe8-4e7e-82ea-e9eb3a319654:192.168.34.12:43981, 34945432-9180-41ca-be60-2140985b491a:192.168.34.12:42562, cd558214-326f-4a5f-9303-c2e363dc7cbf:192.168.34.12:41621], old=null, confs=<EMPTY_MAP>
2019-11-14 12:25:30,778 [pool-27-thread-1] INFO  server.RaftServerConfigKeys (ConfUtils.java:logGet(43)) - raft.server.rpc.timeout.max = 5200ms (custom)
2019-11-14 12:25:30,778 [pool-27-thread-1] INFO  server.RaftServerConfigKeys (ConfUtils.java:logGet(43)) - raft.server.rpcslowness.timeout = 1000s (custom)
2019-11-14 12:25:30,778 [pool-47-thread-1] INFO  server.RaftServerConfigKeys (ConfUtils.java:logGet(43)) - raft.server.storage.dir = [/workdir/hadoop-ozone/integration-test/target/test-dir/MiniOzoneClusterImpl-cf655b43-0097-49a4-b217-83f11111c146/datanode-2/data/ratis] (custom)
2019-11-14 12:25:30,778 [pool-27-thread-1] INFO  server.RaftServerConfigKeys (ConfUtils.java:logGet(43)) - raft.server.sleep.deviation.threshold = 300 (default)
2019-11-14 12:25:30,779 [pool-27-thread-1] INFO  server.RaftServerConfigKeys (ConfUtils.java:logGet(43)) - raft.server.log.appender.install.snapshot.enabled = false (custom)
2019-11-14 12:25:30,779 [pool-27-thread-1] INFO  impl.RaftServerImpl (ServerState.java:<init>(103)) - cd558214-326f-4a5f-9303-c2e363dc7cbf@group-6532495DD37D: ConfigurationManager, init=-1: [00c62217-5fe8-4e7e-82ea-e9eb3a319654:192.168.34.12:43981, 34945432-9180-41ca-be60-2140985b491a:192.168.34.12:42562, cd558214-326f-4a5f-9303-c2e363dc7cbf:192.168.34.12:41621], old=null, confs=<EMPTY_MAP>
2019-11-14 12:25:30,779 [pool-47-thread-1] INFO  server.RaftServerConfigKeys (ConfUtils.java:logGet(43)) - raft.server.log.corruption.policy = EXCEPTION (default)
2019-11-14 12:25:30,779 [pool-27-thread-1] INFO  server.RaftServerConfigKeys (ConfUtils.java:logGet(43)) - raft.server.storage.dir = [/workdir/hadoop-ozone/integration-test/target/test-dir/MiniOzoneClusterImpl-cf655b43-0097-49a4-b217-83f11111c146/datanode-0/data/ratis] (custom)
2019-11-14 12:25:30,779 [pool-47-thread-1] INFO  storage.RaftStorageDirectory (RaftStorageDirectory.java:analyzeStorage(246)) - The storage directory /workdir/hadoop-ozone/integration-test/target/test-dir/MiniOzoneClusterImpl-cf655b43-0097-49a4-b217-83f11111c146/datanode-2/data/ratis/6854f8b7-cbc6-4047-a529-6532495dd37d does not exist. Creating ...
2019-11-14 12:25:30,779 [pool-27-thread-1] INFO  server.RaftServerConfigKeys (ConfUtils.java:logGet(43)) - raft.server.log.corruption.policy = EXCEPTION (default)
2019-11-14 12:25:30,779 [pool-27-thread-1] INFO  storage.RaftStorageDirectory (RaftStorageDirectory.java:analyzeStorage(246)) - The storage directory /workdir/hadoop-ozone/integration-test/target/test-dir/MiniOzoneClusterImpl-cf655b43-0097-49a4-b217-83f11111c146/datanode-0/data/ratis/6854f8b7-cbc6-4047-a529-6532495dd37d does not exist. Creating ...
2019-11-14 12:25:30,792 [pool-47-thread-1] INFO  storage.RaftStorageDirectory (RaftStorageDirectory.java:tryLock(328)) - Lock on /workdir/hadoop-ozone/integration-test/target/test-dir/MiniOzoneClusterImpl-cf655b43-0097-49a4-b217-83f11111c146/datanode-2/data/ratis/6854f8b7-cbc6-4047-a529-6532495dd37d/in_use.lock acquired by nodename 22457@pr-hdds-2372-lnsqz-525025365
2019-11-14 12:25:30,792 [pool-37-thread-1] INFO  storage.RaftStorageDirectory (RaftStorageDirectory.java:tryLock(328)) - Lock on /workdir/hadoop-ozone/integration-test/target/test-dir/MiniOzoneClusterImpl-cf655b43-0097-49a4-b217-83f11111c146/datanode-1/data/ratis/6854f8b7-cbc6-4047-a529-6532495dd37d/in_use.lock acquired by nodename 22457@pr-hdds-2372-lnsqz-525025365
2019-11-14 12:25:30,792 [pool-27-thread-1] INFO  storage.RaftStorageDirectory (RaftStorageDirectory.java:tryLock(328)) - Lock on /workdir/hadoop-ozone/integration-test/target/test-dir/MiniOzoneClusterImpl-cf655b43-0097-49a4-b217-83f11111c146/datanode-0/data/ratis/6854f8b7-cbc6-4047-a529-6532495dd37d/in_use.lock acquired by nodename 22457@pr-hdds-2372-lnsqz-525025365
2019-11-14 12:25:30,805 [pool-37-thread-1] INFO  storage.RaftStorage (RaftStorage.java:format(84)) - Storage directory /workdir/hadoop-ozone/integration-test/target/test-dir/MiniOzoneClusterImpl-cf655b43-0097-49a4-b217-83f11111c146/datanode-1/data/ratis/6854f8b7-cbc6-4047-a529-6532495dd37d has been successfully formatted.
2019-11-14 12:25:30,805 [pool-47-thread-1] INFO  storage.RaftStorage (RaftStorage.java:format(84)) - Storage directory /workdir/hadoop-ozone/integration-test/target/test-dir/MiniOzoneClusterImpl-cf655b43-0097-49a4-b217-83f11111c146/datanode-2/data/ratis/6854f8b7-cbc6-4047-a529-6532495dd37d has been successfully formatted.
2019-11-14 12:25:30,805 [pool-27-thread-1] INFO  storage.RaftStorage (RaftStorage.java:format(84)) - Storage directory /workdir/hadoop-ozone/integration-test/target/test-dir/MiniOzoneClusterImpl-cf655b43-0097-49a4-b217-83f11111c146/datanode-0/data/ratis/6854f8b7-cbc6-4047-a529-6532495dd37d has been successfully formatted.
2019-11-14 12:25:30,805 [pool-37-thread-1] INFO  ratis.ContainerStateMachine (ContainerStateMachine.java:loadSnapshot(223)) - group-6532495DD37D: The snapshot info is null. Setting the last applied indexto:(t:0, i:~)
2019-11-14 12:25:30,806 [pool-47-thread-1] INFO  ratis.ContainerStateMachine (ContainerStateMachine.java:loadSnapshot(223)) - group-6532495DD37D: The snapshot info is null. Setting the last applied indexto:(t:0, i:~)
2019-11-14 12:25:30,806 [pool-27-thread-1] INFO  ratis.ContainerStateMachine (ContainerStateMachine.java:loadSnapshot(223)) - group-6532495DD37D: The snapshot info is null. Setting the last applied indexto:(t:0, i:~)
2019-11-14 12:25:30,806 [pool-37-thread-1] INFO  server.RaftServerConfigKeys (ConfUtils.java:logGet(43)) - raft.server.notification.no-leader.timeout = 1000s (custom)
2019-11-14 12:25:30,806 [pool-27-thread-1] INFO  server.RaftServerConfigKeys (ConfUtils.java:logGet(43)) - raft.server.notification.no-leader.timeout = 1000s (custom)
2019-11-14 12:25:30,806 [pool-47-thread-1] INFO  server.RaftServerConfigKeys (ConfUtils.java:logGet(43)) - raft.server.notification.no-leader.timeout = 1000s (custom)
2019-11-14 12:25:30,806 [pool-27-thread-1] INFO  server.RaftServerConfigKeys (ConfUtils.java:logGet(43)) - raft.server.log.use.memory = false (default)
2019-11-14 12:25:30,806 [pool-37-thread-1] INFO  server.RaftServerConfigKeys (ConfUtils.java:logGet(43)) - raft.server.log.use.memory = false (default)
2019-11-14 12:25:30,807 [pool-27-thread-1] INFO  server.RaftServerConfigKeys (ConfUtils.java:logGet(43)) - raft.server.log.purge.gap = 1000000 (custom)
2019-11-14 12:25:30,806 [pool-47-thread-1] INFO  server.RaftServerConfigKeys (ConfUtils.java:logGet(43)) - raft.server.log.use.memory = false (default)
2019-11-14 12:25:30,807 [pool-27-thread-1] INFO  server.RaftServerConfigKeys (ConfUtils.java:logGet(43)) - raft.server.log.appender.buffer.byte-limit = 33554432 (custom)
2019-11-14 12:25:30,807 [pool-37-thread-1] INFO  server.RaftServerConfigKeys (ConfUtils.java:logGet(43)) - raft.server.log.purge.gap = 1000000 (custom)
2019-11-14 12:25:30,807 [pool-27-thread-1] INFO  server.RaftServerConfigKeys (ConfUtils.java:logGet(43)) - raft.server.log.segment.size.max = 1048576 (custom)
2019-11-14 12:25:30,807 [pool-47-thread-1] INFO  server.RaftServerConfigKeys (ConfUtils.java:logGet(43)) - raft.server.log.purge.gap = 1000000 (custom)
2019-11-14 12:25:30,807 [pool-27-thread-1] INFO  server.RaftServerConfigKeys (ConfUtils.java:logGet(43)) - raft.server.log.segment.cache.num.max = 2 (custom)
2019-11-14 12:25:30,807 [pool-37-thread-1] INFO  server.RaftServerConfigKeys (ConfUtils.java:logGet(43)) - raft.server.log.appender.buffer.byte-limit = 33554432 (custom)
2019-11-14 12:25:30,807 [pool-27-thread-1] INFO  segmented.SegmentedRaftLogWorker (SegmentedRaftLogWorker.java:<init>(173)) - new cd558214-326f-4a5f-9303-c2e363dc7cbf@group-6532495DD37D-SegmentedRaftLogWorker for RaftStorage:Storage Directory /workdir/hadoop-ozone/integration-test/target/test-dir/MiniOzoneClusterImpl-cf655b43-0097-49a4-b217-83f11111c146/datanode-0/data/ratis/6854f8b7-cbc6-4047-a529-6532495dd37d
2019-11-14 12:25:30,807 [pool-47-thread-1] INFO  server.RaftServerConfigKeys (ConfUtils.java:logGet(43)) - raft.server.log.appender.buffer.byte-limit = 33554432 (custom)
2019-11-14 12:25:30,808 [pool-27-thread-1] INFO  server.RaftServerConfigKeys (ConfUtils.java:logGet(43)) - raft.server.log.queue.byte-limit = 2147483647 (custom)
2019-11-14 12:25:30,807 [pool-37-thread-1] INFO  server.RaftServerConfigKeys (ConfUtils.java:logGet(43)) - raft.server.log.segment.size.max = 1048576 (custom)
2019-11-14 12:25:30,808 [pool-27-thread-1] INFO  server.RaftServerConfigKeys (ConfUtils.java:logGet(43)) - raft.server.log.queue.element-limit = 1024 (custom)
2019-11-14 12:25:30,808 [pool-37-thread-1] INFO  server.RaftServerConfigKeys (ConfUtils.java:logGet(43)) - raft.server.log.segment.cache.num.max = 2 (custom)
2019-11-14 12:25:30,808 [pool-47-thread-1] INFO  server.RaftServerConfigKeys (ConfUtils.java:logGet(43)) - raft.server.log.segment.size.max = 1048576 (custom)
2019-11-14 12:25:30,808 [pool-37-thread-1] INFO  segmented.SegmentedRaftLogWorker (SegmentedRaftLogWorker.java:<init>(173)) - new 34945432-9180-41ca-be60-2140985b491a@group-6532495DD37D-SegmentedRaftLogWorker for RaftStorage:Storage Directory /workdir/hadoop-ozone/integration-test/target/test-dir/MiniOzoneClusterImpl-cf655b43-0097-49a4-b217-83f11111c146/datanode-1/data/ratis/6854f8b7-cbc6-4047-a529-6532495dd37d
2019-11-14 12:25:30,808 [pool-27-thread-1] INFO  server.RaftServerConfigKeys (ConfUtils.java:logGet(43)) - raft.server.log.segment.size.max = 1048576 (custom)
2019-11-14 12:25:30,809 [pool-37-thread-1] INFO  server.RaftServerConfigKeys (ConfUtils.java:logGet(43)) - raft.server.log.queue.byte-limit = 2147483647 (custom)
2019-11-14 12:25:30,808 [pool-47-thread-1] INFO  server.RaftServerConfigKeys (ConfUtils.java:logGet(43)) - raft.server.log.segment.cache.num.max = 2 (custom)
2019-11-14 12:25:30,809 [pool-37-thread-1] INFO  server.RaftServerConfigKeys (ConfUtils.java:logGet(43)) - raft.server.log.queue.element-limit = 1024 (custom)
2019-11-14 12:25:30,809 [pool-27-thread-1] INFO  server.RaftServerConfigKeys (ConfUtils.java:logGet(43)) - raft.server.log.preallocated.size = 16384 (custom)
2019-11-14 12:25:30,809 [pool-37-thread-1] INFO  server.RaftServerConfigKeys (ConfUtils.java:logGet(43)) - raft.server.log.segment.size.max = 1048576 (custom)
2019-11-14 12:25:30,809 [pool-47-thread-1] INFO  segmented.SegmentedRaftLogWorker (SegmentedRaftLogWorker.java:<init>(173)) - new 00c62217-5fe8-4e7e-82ea-e9eb3a319654@group-6532495DD37D-SegmentedRaftLogWorker for RaftStorage:Storage Directory /workdir/hadoop-ozone/integration-test/target/test-dir/MiniOzoneClusterImpl-cf655b43-0097-49a4-b217-83f11111c146/datanode-2/data/ratis/6854f8b7-cbc6-4047-a529-6532495dd37d
2019-11-14 12:25:30,809 [pool-37-thread-1] INFO  server.RaftServerConfigKeys (ConfUtils.java:logGet(43)) - raft.server.log.preallocated.size = 16384 (custom)
2019-11-14 12:25:30,809 [pool-27-thread-1] INFO  server.RaftServerConfigKeys (ConfUtils.java:logGet(43)) - raft.server.log.write.buffer.size = 33554432 (custom)
2019-11-14 12:25:30,810 [pool-37-thread-1] INFO  server.RaftServerConfigKeys (ConfUtils.java:logGet(43)) - raft.server.log.write.buffer.size = 33554432 (custom)
2019-11-14 12:25:30,810 [pool-47-thread-1] INFO  server.RaftServerConfigKeys (ConfUtils.java:logGet(43)) - raft.server.log.queue.byte-limit = 2147483647 (custom)
2019-11-14 12:25:30,810 [pool-37-thread-1] INFO  server.RaftServerConfigKeys (ConfUtils.java:logGet(43)) - raft.server.log.force.sync.num = 128 (default)
2019-11-14 12:25:30,810 [pool-27-thread-1] INFO  server.RaftServerConfigKeys (ConfUtils.java:logGet(43)) - raft.server.log.force.sync.num = 128 (default)
2019-11-14 12:25:30,810 [pool-37-thread-1] INFO  server.RaftServerConfigKeys (ConfUtils.java:logGet(43)) - raft.server.log.statemachine.data.sync = true (default)
2019-11-14 12:25:30,810 [pool-47-thread-1] INFO  server.RaftServerConfigKeys (ConfUtils.java:logGet(43)) - raft.server.log.queue.element-limit = 1024 (custom)
2019-11-14 12:25:30,811 [pool-37-thread-1] INFO  server.RaftServerConfigKeys (ConfUtils.java:logGet(43)) - raft.server.log.statemachine.data.sync.timeout = 10s (default)
2019-11-14 12:25:30,811 [pool-27-thread-1] INFO  server.RaftServerConfigKeys (ConfUtils.java:logGet(43)) - raft.server.log.statemachine.data.sync = true (default)
2019-11-14 12:25:30,811 [pool-37-thread-1] INFO  server.RaftServerConfigKeys (ConfUtils.java:logGet(43)) - raft.server.log.statemachine.data.sync.timeout.retry = -1 (default)
2019-11-14 12:25:30,811 [pool-47-thread-1] INFO  server.RaftServerConfigKeys (ConfUtils.java:logGet(43)) - raft.server.log.segment.size.max = 1048576 (custom)
2019-11-14 12:25:30,811 [pool-27-thread-1] INFO  server.RaftServerConfigKeys (ConfUtils.java:logGet(43)) - raft.server.log.statemachine.data.sync.timeout = 10s (default)
2019-11-14 12:25:30,812 [pool-47-thread-1] INFO  server.RaftServerConfigKeys (ConfUtils.java:logGet(43)) - raft.server.log.preallocated.size = 16384 (custom)
2019-11-14 12:25:30,812 [pool-37-thread-1] INFO  server.RaftServerConfigKeys (ConfUtils.java:logGet(43)) - raft.server.log.statemachine.data.caching.enabled = true (custom)
2019-11-14 12:25:30,812 [pool-47-thread-1] INFO  server.RaftServerConfigKeys (ConfUtils.java:logGet(43)) - raft.server.log.write.buffer.size = 33554432 (custom)
2019-11-14 12:25:30,812 [pool-27-thread-1] INFO  server.RaftServerConfigKeys (ConfUtils.java:logGet(43)) - raft.server.log.statemachine.data.sync.timeout.retry = -1 (default)
2019-11-14 12:25:30,812 [pool-37-thread-1] INFO  segmented.SegmentedRaftLogWorker (SegmentedRaftLogWorker.java:lambda$new$0(128)) - 34945432-9180-41ca-be60-2140985b491a@group-6532495DD37D-SegmentedRaftLogWorker: flushIndex: setUnconditionally 0 -> -1
2019-11-14 12:25:30,812 [pool-47-thread-1] INFO  server.RaftServerConfigKeys (ConfUtils.java:logGet(43)) - raft.server.log.force.sync.num = 128 (default)
2019-11-14 12:25:30,812 [pool-27-thread-1] INFO  server.RaftServerConfigKeys (ConfUtils.java:logGet(43)) - raft.server.log.statemachine.data.caching.enabled = true (custom)
2019-11-14 12:25:30,813 [pool-37-thread-1] INFO  server.RaftServerConfigKeys (ConfUtils.java:logGet(43)) - raft.server.snapshot.auto.trigger.enabled = true (custom)
2019-11-14 12:25:30,813 [pool-47-thread-1] INFO  server.RaftServerConfigKeys (ConfUtils.java:logGet(43)) - raft.server.log.statemachine.data.sync = true (default)
2019-11-14 12:25:30,813 [pool-27-thread-1] INFO  segmented.SegmentedRaftLogWorker (SegmentedRaftLogWorker.java:lambda$new$0(128)) - cd558214-326f-4a5f-9303-c2e363dc7cbf@group-6532495DD37D-SegmentedRaftLogWorker: flushIndex: setUnconditionally 0 -> -1
2019-11-14 12:25:30,813 [pool-37-thread-1] INFO  server.RaftServerConfigKeys (ConfUtils.java:logGet(43)) - raft.server.snapshot.auto.trigger.threshold = 10000 (custom)
2019-11-14 12:25:30,813 [pool-47-thread-1] INFO  server.RaftServerConfigKeys (ConfUtils.java:logGet(43)) - raft.server.log.statemachine.data.sync.timeout = 10s (default)
2019-11-14 12:25:30,813 [pool-27-thread-1] INFO  server.RaftServerConfigKeys (ConfUtils.java:logGet(43)) - raft.server.snapshot.auto.trigger.enabled = true (custom)
2019-11-14 12:25:30,813 [pool-37-thread-1] INFO  server.RaftServerConfigKeys (ConfUtils.java:logGet(43)) - raft.server.snapshot.retention.file.num = 5 (custom)
2019-11-14 12:25:30,814 [pool-27-thread-1] INFO  server.RaftServerConfigKeys (ConfUtils.java:logGet(43)) - raft.server.snapshot.auto.trigger.threshold = 10000 (custom)
2019-11-14 12:25:30,814 [pool-37-thread-1] INFO  server.RaftServerConfigKeys (ConfUtils.java:logGet(43)) - raft.server.retrycache.expirytime = 600000ms (custom)
2019-11-14 12:25:30,814 [pool-47-thread-1] INFO  server.RaftServerConfigKeys (ConfUtils.java:logGet(43)) - raft.server.log.statemachine.data.sync.timeout.retry = -1 (default)
2019-11-14 12:25:30,814 [pool-37-thread-1] WARN  impl.MetricRegistriesImpl (MetricRegistriesImpl.java:lambda$create$1(61)) - First MetricRegistry has been created without registering reporters. You may need to call MetricRegistries.global().addReportRegistration(...) before.
2019-11-14 12:25:30,814 [pool-37-thread-1] WARN  impl.MetricRegistriesImpl (MetricRegistriesImpl.java:lambda$create$1(61)) - First MetricRegistry has been created without registering reporters. You may need to call MetricRegistries.global().addReportRegistration(...) before.
2019-11-14 12:25:30,814 [pool-27-thread-1] INFO  server.RaftServerConfigKeys (ConfUtils.java:logGet(43)) - raft.server.snapshot.retention.file.num = 5 (custom)
2019-11-14 12:25:30,815 [pool-37-thread-1] INFO  impl.RaftServerImpl (RaftServerImpl.java:start(184)) - 34945432-9180-41ca-be60-2140985b491a@group-6532495DD37D: start as a follower, conf=-1: [00c62217-5fe8-4e7e-82ea-e9eb3a319654:192.168.34.12:43981, 34945432-9180-41ca-be60-2140985b491a:192.168.34.12:42562, cd558214-326f-4a5f-9303-c2e363dc7cbf:192.168.34.12:41621], old=null
2019-11-14 12:25:30,815 [pool-27-thread-1] INFO  server.RaftServerConfigKeys (ConfUtils.java:logGet(43)) - raft.server.retrycache.expirytime = 600000ms (custom)
2019-11-14 12:25:30,814 [pool-47-thread-1] INFO  server.RaftServerConfigKeys (ConfUtils.java:logGet(43)) - raft.server.log.statemachine.data.caching.enabled = true (custom)
2019-11-14 12:25:30,815 [pool-27-thread-1] WARN  impl.MetricRegistriesImpl (MetricRegistriesImpl.java:lambda$create$1(61)) - First MetricRegistry has been created without registering reporters. You may need to call MetricRegistries.global().addReportRegistration(...) before.
2019-11-14 12:25:30,815 [pool-37-thread-1] INFO  impl.RaftServerImpl (RaftServerImpl.java:setRole(173)) - 34945432-9180-41ca-be60-2140985b491a@group-6532495DD37D: changes role from      null to FOLLOWER at term 0 for startAsFollower
2019-11-14 12:25:30,815 [pool-47-thread-1] INFO  segmented.SegmentedRaftLogWorker (SegmentedRaftLogWorker.java:lambda$new$0(128)) - 00c62217-5fe8-4e7e-82ea-e9eb3a319654@group-6532495DD37D-SegmentedRaftLogWorker: flushIndex: setUnconditionally 0 -> -1
2019-11-14 12:25:30,815 [pool-27-thread-1] WARN  impl.MetricRegistriesImpl (MetricRegistriesImpl.java:lambda$create$1(61)) - First MetricRegistry has been created without registering reporters. You may need to call MetricRegistries.global().addReportRegistration(...) before.
2019-11-14 12:25:30,816 [pool-37-thread-1] INFO  impl.RoleInfo (RoleInfo.java:updateAndGet(143)) - 34945432-9180-41ca-be60-2140985b491a: start FollowerState
2019-11-14 12:25:30,816 [pool-47-thread-1] INFO  server.RaftServerConfigKeys (ConfUtils.java:logGet(43)) - raft.server.snapshot.auto.trigger.enabled = true (custom)
2019-11-14 12:25:30,816 [pool-27-thread-1] INFO  impl.RaftServerImpl (RaftServerImpl.java:start(184)) - cd558214-326f-4a5f-9303-c2e363dc7cbf@group-6532495DD37D: start as a follower, conf=-1: [00c62217-5fe8-4e7e-82ea-e9eb3a319654:192.168.34.12:43981, 34945432-9180-41ca-be60-2140985b491a:192.168.34.12:42562, cd558214-326f-4a5f-9303-c2e363dc7cbf:192.168.34.12:41621], old=null
2019-11-14 12:25:30,816 [pool-47-thread-1] INFO  server.RaftServerConfigKeys (ConfUtils.java:logGet(43)) - raft.server.snapshot.auto.trigger.threshold = 10000 (custom)
2019-11-14 12:25:30,816 [pool-37-thread-1] INFO  util.JmxRegister (JmxRegister.java:tryRegister(44)) - Successfully registered JMX Bean with object name Ratis:service=RaftServer,group=group-6532495DD37D,id=34945432-9180-41ca-be60-2140985b491a
2019-11-14 12:25:30,816 [pool-27-thread-1] INFO  impl.RaftServerImpl (RaftServerImpl.java:setRole(173)) - cd558214-326f-4a5f-9303-c2e363dc7cbf@group-6532495DD37D: changes role from      null to FOLLOWER at term 0 for startAsFollower
2019-11-14 12:25:30,816 [pool-37-thread-1] WARN  impl.MetricRegistriesImpl (MetricRegistriesImpl.java:lambda$create$1(61)) - First MetricRegistry has been created without registering reporters. You may need to call MetricRegistries.global().addReportRegistration(...) before.
2019-11-14 12:25:30,817 [pool-27-thread-1] INFO  impl.RoleInfo (RoleInfo.java:updateAndGet(143)) - cd558214-326f-4a5f-9303-c2e363dc7cbf: start FollowerState
2019-11-14 12:25:30,816 [pool-47-thread-1] INFO  server.RaftServerConfigKeys (ConfUtils.java:logGet(43)) - raft.server.snapshot.retention.file.num = 5 (custom)
2019-11-14 12:25:30,817 [pool-47-thread-1] INFO  server.RaftServerConfigKeys (ConfUtils.java:logGet(43)) - raft.server.retrycache.expirytime = 600000ms (custom)
2019-11-14 12:25:30,817 [pool-27-thread-1] INFO  util.JmxRegister (JmxRegister.java:tryRegister(44)) - Successfully registered JMX Bean with object name Ratis:service=RaftServer,group=group-6532495DD37D,id=cd558214-326f-4a5f-9303-c2e363dc7cbf
2019-11-14 12:25:30,817 [pool-47-thread-1] WARN  impl.MetricRegistriesImpl (MetricRegistriesImpl.java:lambda$create$1(61)) - First MetricRegistry has been created without registering reporters. You may need to call MetricRegistries.global().addReportRegistration(...) before.
2019-11-14 12:25:30,818 [pool-27-thread-1] WARN  impl.MetricRegistriesImpl (MetricRegistriesImpl.java:lambda$create$1(61)) - First MetricRegistry has been created without registering reporters. You may need to call MetricRegistries.global().addReportRegistration(...) before.
2019-11-14 12:25:30,818 [pool-47-thread-1] WARN  impl.MetricRegistriesImpl (MetricRegistriesImpl.java:lambda$create$1(61)) - First MetricRegistry has been created without registering reporters. You may need to call MetricRegistries.global().addReportRegistration(...) before.
2019-11-14 12:25:30,819 [pool-47-thread-1] INFO  impl.RaftServerImpl (RaftServerImpl.java:start(184)) - 00c62217-5fe8-4e7e-82ea-e9eb3a319654@group-6532495DD37D: start as a follower, conf=-1: [00c62217-5fe8-4e7e-82ea-e9eb3a319654:192.168.34.12:43981, 34945432-9180-41ca-be60-2140985b491a:192.168.34.12:42562, cd558214-326f-4a5f-9303-c2e363dc7cbf:192.168.34.12:41621], old=null
2019-11-14 12:25:30,819 [pool-47-thread-1] INFO  impl.RaftServerImpl (RaftServerImpl.java:setRole(173)) - 00c62217-5fe8-4e7e-82ea-e9eb3a319654@group-6532495DD37D: changes role from      null to FOLLOWER at term 0 for startAsFollower
2019-11-14 12:25:30,821 [pool-47-thread-1] INFO  impl.RoleInfo (RoleInfo.java:updateAndGet(143)) - 00c62217-5fe8-4e7e-82ea-e9eb3a319654: start FollowerState
2019-11-14 12:25:30,824 [pool-47-thread-1] INFO  util.JmxRegister (JmxRegister.java:tryRegister(44)) - Successfully registered JMX Bean with object name Ratis:service=RaftServer,group=group-6532495DD37D,id=00c62217-5fe8-4e7e-82ea-e9eb3a319654
2019-11-14 12:25:30,825 [pool-47-thread-1] WARN  impl.MetricRegistriesImpl (MetricRegistriesImpl.java:lambda$create$1(61)) - First MetricRegistry has been created without registering reporters. You may need to call MetricRegistries.global().addReportRegistration(...) before.
2019-11-14 12:25:30,838 [RatisPipelineUtilsThread] INFO  pipeline.PipelineStateManager (PipelineStateManager.java:addPipeline(55)) - Created pipeline Pipeline[ Id: 6854f8b7-cbc6-4047-a529-6532495dd37d, Nodes: cd558214-326f-4a5f-9303-c2e363dc7cbf{ip: 192.168.34.12, host: pr-hdds-2372-lnsqz-525025365, networkLocation: /default-rack, certSerialId: null}00c62217-5fe8-4e7e-82ea-e9eb3a319654{ip: 192.168.34.12, host: pr-hdds-2372-lnsqz-525025365, networkLocation: /default-rack, certSerialId: null}34945432-9180-41ca-be60-2140985b491a{ip: 192.168.34.12, host: pr-hdds-2372-lnsqz-525025365, networkLocation: /default-rack, certSerialId: null}, Type:RATIS, Factor:THREE, State:ALLOCATED]
2019-11-14 12:25:30,840 [main] INFO  ozone.MiniOzoneClusterImpl (MiniOzoneClusterImpl.java:lambda$waitForClusterToBeReady$2(163)) - Waiting for 4 number of pipelines out of 4, to report a leader.
2019-11-14 12:25:31,841 [main] INFO  ozone.MiniOzoneClusterImpl (MiniOzoneClusterImpl.java:lambda$waitForClusterToBeReady$2(163)) - Waiting for 4 number of pipelines out of 4, to report a leader.
2019-11-14 12:25:32,842 [main] INFO  ozone.MiniOzoneClusterImpl (MiniOzoneClusterImpl.java:lambda$waitForClusterToBeReady$2(163)) - Waiting for 4 number of pipelines out of 4, to report a leader.
2019-11-14 12:25:32,912 [Thread-181] INFO  container.ReplicationManager (ReplicationManager.java:start(162)) - Starting Replication Monitor Thread.
2019-11-14 12:25:32,915 [Thread-181] INFO  pipeline.SCMPipelineManager (SCMPipelineManager.java:finalizeAndDestroyPipeline(315)) - destroying pipeline:Pipeline[ Id: 4470958c-dd84-420d-9bbe-e56d37e1dd71, Nodes: 34945432-9180-41ca-be60-2140985b491a{ip: 192.168.34.12, host: pr-hdds-2372-lnsqz-525025365, networkLocation: /default-rack, certSerialId: null}, Type:RATIS, Factor:ONE, State:ALLOCATED]
2019-11-14 12:25:32,915 [ReplicationMonitor] INFO  container.ReplicationManager (ReplicationManager.java:run(225)) - Replication Monitor Thread took 0 milliseconds for processing 0 containers.
2019-11-14 12:25:32,916 [Thread-181] INFO  pipeline.PipelineStateManager (PipelineStateManager.java:finalizePipeline(121)) - Pipeline Pipeline[ Id: 4470958c-dd84-420d-9bbe-e56d37e1dd71, Nodes: 34945432-9180-41ca-be60-2140985b491a{ip: 192.168.34.12, host: pr-hdds-2372-lnsqz-525025365, networkLocation: /default-rack, certSerialId: null}, Type:RATIS, Factor:ONE, State:CLOSED] moved to CLOSED state
2019-11-14 12:25:32,946 [grpc-default-executor-2] INFO  impl.RaftServerProxy (RaftServerProxy.java:remove(95)) - 34945432-9180-41ca-be60-2140985b491a: remove  FOLLOWER 34945432-9180-41ca-be60-2140985b491a@group-E56D37E1DD71:t0, leader=null, voted=null, raftlog=34945432-9180-41ca-be60-2140985b491a@group-E56D37E1DD71-SegmentedRaftLog:OPENED:c-1,f-1,i0, conf=-1: [34945432-9180-41ca-be60-2140985b491a:192.168.34.12:42562], old=null RUNNING
2019-11-14 12:25:32,950 [grpc-default-executor-2] INFO  impl.RaftServerImpl (RaftServerImpl.java:lambda$shutdown$3(250)) - 34945432-9180-41ca-be60-2140985b491a@group-E56D37E1DD71: shutdown
2019-11-14 12:25:32,950 [grpc-default-executor-2] INFO  util.JmxRegister (JmxRegister.java:unregister(73)) - Successfully un-registered JMX Bean with object name Ratis:service=RaftServer,group=group-E56D37E1DD71,id=34945432-9180-41ca-be60-2140985b491a
2019-11-14 12:25:32,950 [grpc-default-executor-2] INFO  impl.RoleInfo (RoleInfo.java:shutdownFollowerState(121)) - 34945432-9180-41ca-be60-2140985b491a: shutdown FollowerState
2019-11-14 12:25:32,951 [grpc-default-executor-2] INFO  impl.StateMachineUpdater (StateMachineUpdater.java:stopAndJoin(136)) - 34945432-9180-41ca-be60-2140985b491a@group-E56D37E1DD71-StateMachineUpdater: set stopIndex = -1
2019-11-14 12:25:32,951 [Thread-192] INFO  impl.FollowerState (FollowerState.java:run(120)) - 34945432-9180-41ca-be60-2140985b491a@group-E56D37E1DD71-FollowerState was interrupted: java.lang.InterruptedException: sleep interrupted
2019-11-14 12:25:32,953 [grpc-default-executor-2] INFO  impl.RaftServerImpl (ServerState.java:close(387)) - 34945432-9180-41ca-be60-2140985b491a@group-E56D37E1DD71: closes. applyIndex: -1
2019-11-14 12:25:32,957 [34945432-9180-41ca-be60-2140985b491a@group-E56D37E1DD71-SegmentedRaftLogWorker] INFO  segmented.SegmentedRaftLogWorker (SegmentedRaftLogWorker.java:run(316)) - 34945432-9180-41ca-be60-2140985b491a@group-E56D37E1DD71-SegmentedRaftLogWorker was interrupted, exiting. There are 0 tasks remaining in the queue.
2019-11-14 12:25:32,959 [grpc-default-executor-2] INFO  segmented.SegmentedRaftLogWorker (SegmentedRaftLogWorker.java:close(224)) - 34945432-9180-41ca-be60-2140985b491a@group-E56D37E1DD71-SegmentedRaftLogWorker close()
2019-11-14 12:25:32,975 [Thread-181] INFO  pipeline.PipelineStateManager (PipelineStateManager.java:removePipeline(106)) - Pipeline Pipeline[ Id: 4470958c-dd84-420d-9bbe-e56d37e1dd71, Nodes: 34945432-9180-41ca-be60-2140985b491a{ip: 192.168.34.12, host: pr-hdds-2372-lnsqz-525025365, networkLocation: /default-rack, certSerialId: null}, Type:RATIS, Factor:ONE, State:CLOSED] removed from db
2019-11-14 12:25:32,977 [Thread-181] INFO  pipeline.SCMPipelineManager (SCMPipelineManager.java:finalizeAndDestroyPipeline(315)) - destroying pipeline:Pipeline[ Id: f0419ad6-5168-4c1f-a626-0fc506ed7f06, Nodes: 00c62217-5fe8-4e7e-82ea-e9eb3a319654{ip: 192.168.34.12, host: pr-hdds-2372-lnsqz-525025365, networkLocation: /default-rack, certSerialId: null}, Type:RATIS, Factor:ONE, State:ALLOCATED]
2019-11-14 12:25:32,987 [grpc-default-executor-2] INFO  impl.RaftServerProxy (RaftServerProxy.java:addNew(89)) - 34945432-9180-41ca-be60-2140985b491a: addNew group-983D1E9AA262:[34945432-9180-41ca-be60-2140985b491a:192.168.34.12:42562] returns group-983D1E9AA262:java.util.concurrent.CompletableFuture@4aa2ed22[Not completed]
2019-11-14 12:25:32,989 [pool-37-thread-1] INFO  impl.RaftServerImpl (RaftServerImpl.java:<init>(98)) - 34945432-9180-41ca-be60-2140985b491a: new RaftServerImpl for group-983D1E9AA262:[34945432-9180-41ca-be60-2140985b491a:192.168.34.12:42562] with ContainerStateMachine:uninitialized
2019-11-14 12:25:32,989 [pool-37-thread-1] INFO  server.RaftServerConfigKeys (ConfUtils.java:logGet(43)) - raft.server.rpc.timeout.min = 5s (custom)
2019-11-14 12:25:32,989 [pool-37-thread-1] INFO  server.RaftServerConfigKeys (ConfUtils.java:logGet(43)) - raft.server.rpc.timeout.max = 5200ms (custom)
2019-11-14 12:25:32,989 [pool-37-thread-1] INFO  server.RaftServerConfigKeys (ConfUtils.java:logGet(43)) - raft.server.rpcslowness.timeout = 1000s (custom)
2019-11-14 12:25:32,990 [pool-37-thread-1] INFO  server.RaftServerConfigKeys (ConfUtils.java:logGet(43)) - raft.server.sleep.deviation.threshold = 300 (default)
2019-11-14 12:25:32,990 [pool-37-thread-1] INFO  server.RaftServerConfigKeys (ConfUtils.java:logGet(43)) - raft.server.log.appender.install.snapshot.enabled = false (custom)
2019-11-14 12:25:32,990 [pool-37-thread-1] INFO  impl.RaftServerImpl (ServerState.java:<init>(103)) - 34945432-9180-41ca-be60-2140985b491a@group-983D1E9AA262: ConfigurationManager, init=-1: [34945432-9180-41ca-be60-2140985b491a:192.168.34.12:42562], old=null, confs=<EMPTY_MAP>
2019-11-14 12:25:32,990 [pool-37-thread-1] INFO  server.RaftServerConfigKeys (ConfUtils.java:logGet(43)) - raft.server.storage.dir = [/workdir/hadoop-ozone/integration-test/target/test-dir/MiniOzoneClusterImpl-cf655b43-0097-49a4-b217-83f11111c146/datanode-1/data/ratis] (custom)
2019-11-14 12:25:32,990 [pool-37-thread-1] INFO  server.RaftServerConfigKeys (ConfUtils.java:logGet(43)) - raft.server.log.corruption.policy = EXCEPTION (default)
2019-11-14 12:25:32,990 [pool-37-thread-1] INFO  storage.RaftStorageDirectory (RaftStorageDirectory.java:analyzeStorage(246)) - The storage directory /workdir/hadoop-ozone/integration-test/target/test-dir/MiniOzoneClusterImpl-cf655b43-0097-49a4-b217-83f11111c146/datanode-1/data/ratis/b841183f-7ad5-4435-9c95-983d1e9aa262 does not exist. Creating ...
2019-11-14 12:25:33,279 [pool-37-thread-1] INFO  storage.RaftStorageDirectory (RaftStorageDirectory.java:tryLock(328)) - Lock on /workdir/hadoop-ozone/integration-test/target/test-dir/MiniOzoneClusterImpl-cf655b43-0097-49a4-b217-83f11111c146/datanode-1/data/ratis/b841183f-7ad5-4435-9c95-983d1e9aa262/in_use.lock acquired by nodename 22457@pr-hdds-2372-lnsqz-525025365
2019-11-14 12:25:33,283 [pool-37-thread-1] INFO  storage.RaftStorage (RaftStorage.java:format(84)) - Storage directory /workdir/hadoop-ozone/integration-test/target/test-dir/MiniOzoneClusterImpl-cf655b43-0097-49a4-b217-83f11111c146/datanode-1/data/ratis/b841183f-7ad5-4435-9c95-983d1e9aa262 has been successfully formatted.
2019-11-14 12:25:33,283 [pool-37-thread-1] INFO  ratis.ContainerStateMachine (ContainerStateMachine.java:loadSnapshot(223)) - group-983D1E9AA262: The snapshot info is null. Setting the last applied indexto:(t:0, i:~)
2019-11-14 12:25:33,283 [pool-37-thread-1] INFO  server.RaftServerConfigKeys (ConfUtils.java:logGet(43)) - raft.server.notification.no-leader.timeout = 1000s (custom)
2019-11-14 12:25:33,284 [pool-37-thread-1] INFO  server.RaftServerConfigKeys (ConfUtils.java:logGet(43)) - raft.server.log.use.memory = false (default)
2019-11-14 12:25:33,284 [pool-37-thread-1] INFO  server.RaftServerConfigKeys (ConfUtils.java:logGet(43)) - raft.server.log.purge.gap = 1000000 (custom)
2019-11-14 12:25:33,284 [pool-37-thread-1] INFO  server.RaftServerConfigKeys (ConfUtils.java:logGet(43)) - raft.server.log.appender.buffer.byte-limit = 33554432 (custom)
2019-11-14 12:25:33,284 [pool-37-thread-1] INFO  server.RaftServerConfigKeys (ConfUtils.java:logGet(43)) - raft.server.log.segment.size.max = 1048576 (custom)
2019-11-14 12:25:33,284 [pool-37-thread-1] INFO  server.RaftServerConfigKeys (ConfUtils.java:logGet(43)) - raft.server.log.segment.cache.num.max = 2 (custom)
2019-11-14 12:25:33,284 [pool-37-thread-1] INFO  segmented.SegmentedRaftLogWorker (SegmentedRaftLogWorker.java:<init>(173)) - new 34945432-9180-41ca-be60-2140985b491a@group-983D1E9AA262-SegmentedRaftLogWorker for RaftStorage:Storage Directory /workdir/hadoop-ozone/integration-test/target/test-dir/MiniOzoneClusterImpl-cf655b43-0097-49a4-b217-83f11111c146/datanode-1/data/ratis/b841183f-7ad5-4435-9c95-983d1e9aa262
2019-11-14 12:25:33,285 [pool-37-thread-1] INFO  server.RaftServerConfigKeys (ConfUtils.java:logGet(43)) - raft.server.log.queue.byte-limit = 2147483647 (custom)
2019-11-14 12:25:33,285 [pool-37-thread-1] INFO  server.RaftServerConfigKeys (ConfUtils.java:logGet(43)) - raft.server.log.queue.element-limit = 1024 (custom)
2019-11-14 12:25:33,285 [pool-37-thread-1] INFO  server.RaftServerConfigKeys (ConfUtils.java:logGet(43)) - raft.server.log.segment.size.max = 1048576 (custom)
2019-11-14 12:25:33,285 [pool-37-thread-1] INFO  server.RaftServerConfigKeys (ConfUtils.java:logGet(43)) - raft.server.log.preallocated.size = 16384 (custom)
2019-11-14 12:25:33,285 [pool-37-thread-1] INFO  server.RaftServerConfigKeys (ConfUtils.java:logGet(43)) - raft.server.log.write.buffer.size = 33554432 (custom)
2019-11-14 12:25:33,285 [pool-37-thread-1] INFO  server.RaftServerConfigKeys (ConfUtils.java:logGet(43)) - raft.server.log.force.sync.num = 128 (default)
2019-11-14 12:25:33,285 [pool-37-thread-1] INFO  server.RaftServerConfigKeys (ConfUtils.java:logGet(43)) - raft.server.log.statemachine.data.sync = true (default)
2019-11-14 12:25:33,286 [pool-37-thread-1] INFO  server.RaftServerConfigKeys (ConfUtils.java:logGet(43)) - raft.server.log.statemachine.data.sync.timeout = 10s (default)
2019-11-14 12:25:33,286 [pool-37-thread-1] INFO  server.RaftServerConfigKeys (ConfUtils.java:logGet(43)) - raft.server.log.statemachine.data.sync.timeout.retry = -1 (default)
2019-11-14 12:25:33,286 [pool-37-thread-1] INFO  server.RaftServerConfigKeys (ConfUtils.java:logGet(43)) - raft.server.log.statemachine.data.caching.enabled = true (custom)
2019-11-14 12:25:33,287 [pool-37-thread-1] INFO  segmented.SegmentedRaftLogWorker (SegmentedRaftLogWorker.java:lambda$new$0(128)) - 34945432-9180-41ca-be60-2140985b491a@group-983D1E9AA262-SegmentedRaftLogWorker: flushIndex: setUnconditionally 0 -> -1
2019-11-14 12:25:33,287 [pool-37-thread-1] INFO  server.RaftServerConfigKeys (ConfUtils.java:logGet(43)) - raft.server.snapshot.auto.trigger.enabled = true (custom)
2019-11-14 12:25:33,287 [pool-37-thread-1] INFO  server.RaftServerConfigKeys (ConfUtils.java:logGet(43)) - raft.server.snapshot.auto.trigger.threshold = 10000 (custom)
2019-11-14 12:25:33,287 [pool-37-thread-1] INFO  server.RaftServerConfigKeys (ConfUtils.java:logGet(43)) - raft.server.snapshot.retention.file.num = 5 (custom)
2019-11-14 12:25:33,288 [pool-37-thread-1] INFO  server.RaftServerConfigKeys (ConfUtils.java:logGet(43)) - raft.server.retrycache.expirytime = 600000ms (custom)
2019-11-14 12:25:33,288 [pool-37-thread-1] WARN  impl.MetricRegistriesImpl (MetricRegistriesImpl.java:lambda$create$1(61)) - First MetricRegistry has been created without registering reporters. You may need to call MetricRegistries.global().addReportRegistration(...) before.
2019-11-14 12:25:33,288 [pool-37-thread-1] WARN  impl.MetricRegistriesImpl (MetricRegistriesImpl.java:lambda$create$1(61)) - First MetricRegistry has been created without registering reporters. You may need to call MetricRegistries.global().addReportRegistration(...) before.
2019-11-14 12:25:33,288 [pool-37-thread-1] INFO  impl.RaftServerImpl (RaftServerImpl.java:start(184)) - 34945432-9180-41ca-be60-2140985b491a@group-983D1E9AA262: start as a follower, conf=-1: [34945432-9180-41ca-be60-2140985b491a:192.168.34.12:42562], old=null
2019-11-14 12:25:33,289 [pool-37-thread-1] INFO  impl.RaftServerImpl (RaftServerImpl.java:setRole(173)) - 34945432-9180-41ca-be60-2140985b491a@group-983D1E9AA262: changes role from      null to FOLLOWER at term 0 for startAsFollower
2019-11-14 12:25:33,289 [pool-37-thread-1] INFO  impl.RoleInfo (RoleInfo.java:updateAndGet(143)) - 34945432-9180-41ca-be60-2140985b491a: start FollowerState
2019-11-14 12:25:33,289 [pool-37-thread-1] INFO  util.JmxRegister (JmxRegister.java:tryRegister(44)) - Successfully registered JMX Bean with object name Ratis:service=RaftServer,group=group-983D1E9AA262,id=34945432-9180-41ca-be60-2140985b491a
2019-11-14 12:25:33,290 [pool-37-thread-1] WARN  impl.MetricRegistriesImpl (MetricRegistriesImpl.java:lambda$create$1(61)) - First MetricRegistry has been created without registering reporters. You may need to call MetricRegistries.global().addReportRegistration(...) before.
2019-11-14 12:25:33,298 [RatisPipelineUtilsThread] INFO  pipeline.PipelineStateManager (PipelineStateManager.java:addPipeline(55)) - Created pipeline Pipeline[ Id: b841183f-7ad5-4435-9c95-983d1e9aa262, Nodes: 34945432-9180-41ca-be60-2140985b491a{ip: 192.168.34.12, host: pr-hdds-2372-lnsqz-525025365, networkLocation: /default-rack, certSerialId: null}, Type:RATIS, Factor:ONE, State:ALLOCATED]
2019-11-14 12:25:33,300 [Thread-181] INFO  pipeline.PipelineStateManager (PipelineStateManager.java:finalizePipeline(121)) - Pipeline Pipeline[ Id: f0419ad6-5168-4c1f-a626-0fc506ed7f06, Nodes: 00c62217-5fe8-4e7e-82ea-e9eb3a319654{ip: 192.168.34.12, host: pr-hdds-2372-lnsqz-525025365, networkLocation: /default-rack, certSerialId: null}, Type:RATIS, Factor:ONE, State:CLOSED] moved to CLOSED state
2019-11-14 12:25:33,312 [grpc-default-executor-2] INFO  impl.RaftServerProxy (RaftServerProxy.java:remove(95)) - 00c62217-5fe8-4e7e-82ea-e9eb3a319654: remove  FOLLOWER 00c62217-5fe8-4e7e-82ea-e9eb3a319654@group-0FC506ED7F06:t0, leader=null, voted=null, raftlog=00c62217-5fe8-4e7e-82ea-e9eb3a319654@group-0FC506ED7F06-SegmentedRaftLog:OPENED:c-1,f-1,i0, conf=-1: [00c62217-5fe8-4e7e-82ea-e9eb3a319654:192.168.34.12:43981], old=null RUNNING
2019-11-14 12:25:33,312 [grpc-default-executor-2] INFO  impl.RaftServerImpl (RaftServerImpl.java:lambda$shutdown$3(250)) - 00c62217-5fe8-4e7e-82ea-e9eb3a319654@group-0FC506ED7F06: shutdown
2019-11-14 12:25:33,313 [grpc-default-executor-2] INFO  util.JmxRegister (JmxRegister.java:unregister(73)) - Successfully un-registered JMX Bean with object name Ratis:service=RaftServer,group=group-0FC506ED7F06,id=00c62217-5fe8-4e7e-82ea-e9eb3a319654
2019-11-14 12:25:33,313 [grpc-default-executor-2] INFO  impl.RoleInfo (RoleInfo.java:shutdownFollowerState(121)) - 00c62217-5fe8-4e7e-82ea-e9eb3a319654: shutdown FollowerState
2019-11-14 12:25:33,313 [grpc-default-executor-2] INFO  impl.StateMachineUpdater (StateMachineUpdater.java:stopAndJoin(136)) - 00c62217-5fe8-4e7e-82ea-e9eb3a319654@group-0FC506ED7F06-StateMachineUpdater: set stopIndex = -1
2019-11-14 12:25:33,313 [Thread-189] INFO  impl.FollowerState (FollowerState.java:run(120)) - 00c62217-5fe8-4e7e-82ea-e9eb3a319654@group-0FC506ED7F06-FollowerState was interrupted: java.lang.InterruptedException: sleep interrupted
2019-11-14 12:25:33,318 [grpc-default-executor-2] INFO  impl.RaftServerImpl (ServerState.java:close(387)) - 00c62217-5fe8-4e7e-82ea-e9eb3a319654@group-0FC506ED7F06: closes. applyIndex: -1
2019-11-14 12:25:33,319 [00c62217-5fe8-4e7e-82ea-e9eb3a319654@group-0FC506ED7F06-SegmentedRaftLogWorker] INFO  segmented.SegmentedRaftLogWorker (SegmentedRaftLogWorker.java:run(316)) - 00c62217-5fe8-4e7e-82ea-e9eb3a319654@group-0FC506ED7F06-SegmentedRaftLogWorker was interrupted, exiting. There are 0 tasks remaining in the queue.
2019-11-14 12:25:33,319 [grpc-default-executor-2] INFO  segmented.SegmentedRaftLogWorker (SegmentedRaftLogWorker.java:close(224)) - 00c62217-5fe8-4e7e-82ea-e9eb3a319654@group-0FC506ED7F06-SegmentedRaftLogWorker close()
2019-11-14 12:25:33,332 [Thread-181] INFO  pipeline.PipelineStateManager (PipelineStateManager.java:removePipeline(106)) - Pipeline Pipeline[ Id: f0419ad6-5168-4c1f-a626-0fc506ed7f06, Nodes: 00c62217-5fe8-4e7e-82ea-e9eb3a319654{ip: 192.168.34.12, host: pr-hdds-2372-lnsqz-525025365, networkLocation: /default-rack, certSerialId: null}, Type:RATIS, Factor:ONE, State:CLOSED] removed from db
2019-11-14 12:25:33,332 [Thread-181] INFO  pipeline.SCMPipelineManager (SCMPipelineManager.java:finalizeAndDestroyPipeline(315)) - destroying pipeline:Pipeline[ Id: 6854f8b7-cbc6-4047-a529-6532495dd37d, Nodes: cd558214-326f-4a5f-9303-c2e363dc7cbf{ip: 192.168.34.12, host: pr-hdds-2372-lnsqz-525025365, networkLocation: /default-rack, certSerialId: null}00c62217-5fe8-4e7e-82ea-e9eb3a319654{ip: 192.168.34.12, host: pr-hdds-2372-lnsqz-525025365, networkLocation: /default-rack, certSerialId: null}34945432-9180-41ca-be60-2140985b491a{ip: 192.168.34.12, host: pr-hdds-2372-lnsqz-525025365, networkLocation: /default-rack, certSerialId: null}, Type:RATIS, Factor:THREE, State:ALLOCATED]
2019-11-14 12:25:33,342 [grpc-default-executor-2] INFO  impl.RaftServerProxy (RaftServerProxy.java:addNew(89)) - 00c62217-5fe8-4e7e-82ea-e9eb3a319654: addNew group-832C8B3CFD8D:[00c62217-5fe8-4e7e-82ea-e9eb3a319654:192.168.34.12:43981] returns group-832C8B3CFD8D:java.util.concurrent.CompletableFuture@1097543d[Not completed]
2019-11-14 12:25:33,344 [pool-47-thread-1] INFO  impl.RaftServerImpl (RaftServerImpl.java:<init>(98)) - 00c62217-5fe8-4e7e-82ea-e9eb3a319654: new RaftServerImpl for group-832C8B3CFD8D:[00c62217-5fe8-4e7e-82ea-e9eb3a319654:192.168.34.12:43981] with ContainerStateMachine:uninitialized
2019-11-14 12:25:33,345 [pool-47-thread-1] INFO  server.RaftServerConfigKeys (ConfUtils.java:logGet(43)) - raft.server.rpc.timeout.min = 5s (custom)
2019-11-14 12:25:33,345 [pool-47-thread-1] INFO  server.RaftServerConfigKeys (ConfUtils.java:logGet(43)) - raft.server.rpc.timeout.max = 5200ms (custom)
2019-11-14 12:25:33,345 [pool-47-thread-1] INFO  server.RaftServerConfigKeys (ConfUtils.java:logGet(43)) - raft.server.rpcslowness.timeout = 1000s (custom)
2019-11-14 12:25:33,345 [pool-47-thread-1] INFO  server.RaftServerConfigKeys (ConfUtils.java:logGet(43)) - raft.server.sleep.deviation.threshold = 300 (default)
2019-11-14 12:25:33,345 [pool-47-thread-1] INFO  server.RaftServerConfigKeys (ConfUtils.java:logGet(43)) - raft.server.log.appender.install.snapshot.enabled = false (custom)
2019-11-14 12:25:33,345 [pool-47-thread-1] INFO  impl.RaftServerImpl (ServerState.java:<init>(103)) - 00c62217-5fe8-4e7e-82ea-e9eb3a319654@group-832C8B3CFD8D: ConfigurationManager, init=-1: [00c62217-5fe8-4e7e-82ea-e9eb3a319654:192.168.34.12:43981], old=null, confs=<EMPTY_MAP>
2019-11-14 12:25:33,345 [pool-47-thread-1] INFO  server.RaftServerConfigKeys (ConfUtils.java:logGet(43)) - raft.server.storage.dir = [/workdir/hadoop-ozone/integration-test/target/test-dir/MiniOzoneClusterImpl-cf655b43-0097-49a4-b217-83f11111c146/datanode-2/data/ratis] (custom)
2019-11-14 12:25:33,346 [pool-47-thread-1] INFO  server.RaftServerConfigKeys (ConfUtils.java:logGet(43)) - raft.server.log.corruption.policy = EXCEPTION (default)
2019-11-14 12:25:33,346 [pool-47-thread-1] INFO  storage.RaftStorageDirectory (RaftStorageDirectory.java:analyzeStorage(246)) - The storage directory /workdir/hadoop-ozone/integration-test/target/test-dir/MiniOzoneClusterImpl-cf655b43-0097-49a4-b217-83f11111c146/datanode-2/data/ratis/f131ac40-2cb5-4518-8c2e-832c8b3cfd8d does not exist. Creating ...
2019-11-14 12:25:33,357 [pool-47-thread-1] INFO  storage.RaftStorageDirectory (RaftStorageDirectory.java:tryLock(328)) - Lock on /workdir/hadoop-ozone/integration-test/target/test-dir/MiniOzoneClusterImpl-cf655b43-0097-49a4-b217-83f11111c146/datanode-2/data/ratis/f131ac40-2cb5-4518-8c2e-832c8b3cfd8d/in_use.lock acquired by nodename 22457@pr-hdds-2372-lnsqz-525025365
2019-11-14 12:25:33,361 [pool-47-thread-1] INFO  storage.RaftStorage (RaftStorage.java:format(84)) - Storage directory /workdir/hadoop-ozone/integration-test/target/test-dir/MiniOzoneClusterImpl-cf655b43-0097-49a4-b217-83f11111c146/datanode-2/data/ratis/f131ac40-2cb5-4518-8c2e-832c8b3cfd8d has been successfully formatted.
2019-11-14 12:25:33,361 [pool-47-thread-1] INFO  ratis.ContainerStateMachine (ContainerStateMachine.java:loadSnapshot(223)) - group-832C8B3CFD8D: The snapshot info is null. Setting the last applied indexto:(t:0, i:~)
2019-11-14 12:25:33,361 [pool-47-thread-1] INFO  server.RaftServerConfigKeys (ConfUtils.java:logGet(43)) - raft.server.notification.no-leader.timeout = 1000s (custom)
2019-11-14 12:25:33,361 [pool-47-thread-1] INFO  server.RaftServerConfigKeys (ConfUtils.java:logGet(43)) - raft.server.log.use.memory = false (default)
2019-11-14 12:25:33,361 [pool-47-thread-1] INFO  server.RaftServerConfigKeys (ConfUtils.java:logGet(43)) - raft.server.log.purge.gap = 1000000 (custom)
2019-11-14 12:25:33,361 [pool-47-thread-1] INFO  server.RaftServerConfigKeys (ConfUtils.java:logGet(43)) - raft.server.log.appender.buffer.byte-limit = 33554432 (custom)
2019-11-14 12:25:33,361 [pool-47-thread-1] INFO  server.RaftServerConfigKeys (ConfUtils.java:logGet(43)) - raft.server.log.segment.size.max = 1048576 (custom)
2019-11-14 12:25:33,362 [pool-47-thread-1] INFO  server.RaftServerConfigKeys (ConfUtils.java:logGet(43)) - raft.server.log.segment.cache.num.max = 2 (custom)
2019-11-14 12:25:33,362 [pool-47-thread-1] INFO  segmented.SegmentedRaftLogWorker (SegmentedRaftLogWorker.java:<init>(173)) - new 00c62217-5fe8-4e7e-82ea-e9eb3a319654@group-832C8B3CFD8D-SegmentedRaftLogWorker for RaftStorage:Storage Directory /workdir/hadoop-ozone/integration-test/target/test-dir/MiniOzoneClusterImpl-cf655b43-0097-49a4-b217-83f11111c146/datanode-2/data/ratis/f131ac40-2cb5-4518-8c2e-832c8b3cfd8d
2019-11-14 12:25:33,362 [pool-47-thread-1] INFO  server.RaftServerConfigKeys (ConfUtils.java:logGet(43)) - raft.server.log.queue.byte-limit = 2147483647 (custom)
2019-11-14 12:25:33,362 [pool-47-thread-1] INFO  server.RaftServerConfigKeys (ConfUtils.java:logGet(43)) - raft.server.log.queue.element-limit = 1024 (custom)
2019-11-14 12:25:33,362 [pool-47-thread-1] INFO  server.RaftServerConfigKeys (ConfUtils.java:logGet(43)) - raft.server.log.segment.size.max = 1048576 (custom)
2019-11-14 12:25:33,362 [pool-47-thread-1] INFO  server.RaftServerConfigKeys (ConfUtils.java:logGet(43)) - raft.server.log.preallocated.size = 16384 (custom)
2019-11-14 12:25:33,362 [pool-47-thread-1] INFO  server.RaftServerConfigKeys (ConfUtils.java:logGet(43)) - raft.server.log.write.buffer.size = 33554432 (custom)
2019-11-14 12:25:33,362 [pool-47-thread-1] INFO  server.RaftServerConfigKeys (ConfUtils.java:logGet(43)) - raft.server.log.force.sync.num = 128 (default)
2019-11-14 12:25:33,362 [pool-47-thread-1] INFO  server.RaftServerConfigKeys (ConfUtils.java:logGet(43)) - raft.server.log.statemachine.data.sync = true (default)
2019-11-14 12:25:33,362 [pool-47-thread-1] INFO  server.RaftServerConfigKeys (ConfUtils.java:logGet(43)) - raft.server.log.statemachine.data.sync.timeout = 10s (default)
2019-11-14 12:25:33,363 [pool-47-thread-1] INFO  server.RaftServerConfigKeys (ConfUtils.java:logGet(43)) - raft.server.log.statemachine.data.sync.timeout.retry = -1 (default)
2019-11-14 12:25:33,363 [pool-47-thread-1] INFO  server.RaftServerConfigKeys (ConfUtils.java:logGet(43)) - raft.server.log.statemachine.data.caching.enabled = true (custom)
2019-11-14 12:25:33,363 [pool-47-thread-1] INFO  segmented.SegmentedRaftLogWorker (SegmentedRaftLogWorker.java:lambda$new$0(128)) - 00c62217-5fe8-4e7e-82ea-e9eb3a319654@group-832C8B3CFD8D-SegmentedRaftLogWorker: flushIndex: setUnconditionally 0 -> -1
2019-11-14 12:25:33,363 [pool-47-thread-1] INFO  server.RaftServerConfigKeys (ConfUtils.java:logGet(43)) - raft.server.snapshot.auto.trigger.enabled = true (custom)
2019-11-14 12:25:33,363 [pool-47-thread-1] INFO  server.RaftServerConfigKeys (ConfUtils.java:logGet(43)) - raft.server.snapshot.auto.trigger.threshold = 10000 (custom)
2019-11-14 12:25:33,364 [pool-47-thread-1] INFO  server.RaftServerConfigKeys (ConfUtils.java:logGet(43)) - raft.server.snapshot.retention.file.num = 5 (custom)
2019-11-14 12:25:33,364 [pool-47-thread-1] INFO  server.RaftServerConfigKeys (ConfUtils.java:logGet(43)) - raft.server.retrycache.expirytime = 600000ms (custom)
2019-11-14 12:25:33,364 [pool-47-thread-1] WARN  impl.MetricRegistriesImpl (MetricRegistriesImpl.java:lambda$create$1(61)) - First MetricRegistry has been created without registering reporters. You may need to call MetricRegistries.global().addReportRegistration(...) before.
2019-11-14 12:25:33,364 [pool-47-thread-1] WARN  impl.MetricRegistriesImpl (MetricRegistriesImpl.java:lambda$create$1(61)) - First MetricRegistry has been created without registering reporters. You may need to call MetricRegistries.global().addReportRegistration(...) before.
2019-11-14 12:25:33,364 [pool-47-thread-1] INFO  impl.RaftServerImpl (RaftServerImpl.java:start(184)) - 00c62217-5fe8-4e7e-82ea-e9eb3a319654@group-832C8B3CFD8D: start as a follower, conf=-1: [00c62217-5fe8-4e7e-82ea-e9eb3a319654:192.168.34.12:43981], old=null
2019-11-14 12:25:33,364 [pool-47-thread-1] INFO  impl.RaftServerImpl (RaftServerImpl.java:setRole(173)) - 00c62217-5fe8-4e7e-82ea-e9eb3a319654@group-832C8B3CFD8D: changes role from      null to FOLLOWER at term 0 for startAsFollower
2019-11-14 12:25:33,365 [pool-47-thread-1] INFO  impl.RoleInfo (RoleInfo.java:updateAndGet(143)) - 00c62217-5fe8-4e7e-82ea-e9eb3a319654: start FollowerState
2019-11-14 12:25:33,365 [pool-47-thread-1] INFO  util.JmxRegister (JmxRegister.java:tryRegister(44)) - Successfully registered JMX Bean with object name Ratis:service=RaftServer,group=group-832C8B3CFD8D,id=00c62217-5fe8-4e7e-82ea-e9eb3a319654
2019-11-14 12:25:33,365 [pool-47-thread-1] WARN  impl.MetricRegistriesImpl (MetricRegistriesImpl.java:lambda$create$1(61)) - First MetricRegistry has been created without registering reporters. You may need to call MetricRegistries.global().addReportRegistration(...) before.
2019-11-14 12:25:33,371 [RatisPipelineUtilsThread] INFO  pipeline.PipelineStateManager (PipelineStateManager.java:addPipeline(55)) - Created pipeline Pipeline[ Id: f131ac40-2cb5-4518-8c2e-832c8b3cfd8d, Nodes: 00c62217-5fe8-4e7e-82ea-e9eb3a319654{ip: 192.168.34.12, host: pr-hdds-2372-lnsqz-525025365, networkLocation: /default-rack, certSerialId: null}, Type:RATIS, Factor:ONE, State:ALLOCATED]
2019-11-14 12:25:33,373 [Thread-181] INFO  pipeline.PipelineStateManager (PipelineStateManager.java:finalizePipeline(121)) - Pipeline Pipeline[ Id: 6854f8b7-cbc6-4047-a529-6532495dd37d, Nodes: cd558214-326f-4a5f-9303-c2e363dc7cbf{ip: 192.168.34.12, host: pr-hdds-2372-lnsqz-525025365, networkLocation: /default-rack, certSerialId: null}00c62217-5fe8-4e7e-82ea-e9eb3a319654{ip: 192.168.34.12, host: pr-hdds-2372-lnsqz-525025365, networkLocation: /default-rack, certSerialId: null}34945432-9180-41ca-be60-2140985b491a{ip: 192.168.34.12, host: pr-hdds-2372-lnsqz-525025365, networkLocation: /default-rack, certSerialId: null}, Type:RATIS, Factor:THREE, State:CLOSED] moved to CLOSED state
2019-11-14 12:25:33,382 [grpc-default-executor-2] INFO  impl.RaftServerProxy (RaftServerProxy.java:remove(95)) - cd558214-326f-4a5f-9303-c2e363dc7cbf: remove  FOLLOWER cd558214-326f-4a5f-9303-c2e363dc7cbf@group-6532495DD37D:t0, leader=null, voted=null, raftlog=cd558214-326f-4a5f-9303-c2e363dc7cbf@group-6532495DD37D-SegmentedRaftLog:OPENED:c-1,f-1,i0, conf=-1: [00c62217-5fe8-4e7e-82ea-e9eb3a319654:192.168.34.12:43981, 34945432-9180-41ca-be60-2140985b491a:192.168.34.12:42562, cd558214-326f-4a5f-9303-c2e363dc7cbf:192.168.34.12:41621], old=null RUNNING
2019-11-14 12:25:33,383 [grpc-default-executor-2] INFO  impl.RaftServerImpl (RaftServerImpl.java:lambda$shutdown$3(250)) - cd558214-326f-4a5f-9303-c2e363dc7cbf@group-6532495DD37D: shutdown
2019-11-14 12:25:33,383 [grpc-default-executor-2] INFO  util.JmxRegister (JmxRegister.java:unregister(73)) - Successfully un-registered JMX Bean with object name Ratis:service=RaftServer,group=group-6532495DD37D,id=cd558214-326f-4a5f-9303-c2e363dc7cbf
2019-11-14 12:25:33,383 [grpc-default-executor-2] INFO  impl.RoleInfo (RoleInfo.java:shutdownFollowerState(121)) - cd558214-326f-4a5f-9303-c2e363dc7cbf: shutdown FollowerState
2019-11-14 12:25:33,383 [grpc-default-executor-2] INFO  impl.StateMachineUpdater (StateMachineUpdater.java:stopAndJoin(136)) - cd558214-326f-4a5f-9303-c2e363dc7cbf@group-6532495DD37D-StateMachineUpdater: set stopIndex = -1
2019-11-14 12:25:33,383 [Thread-197] INFO  impl.FollowerState (FollowerState.java:run(120)) - cd558214-326f-4a5f-9303-c2e363dc7cbf@group-6532495DD37D-FollowerState was interrupted: java.lang.InterruptedException: sleep interrupted
2019-11-14 12:25:33,384 [grpc-default-executor-2] INFO  impl.RaftServerImpl (ServerState.java:close(387)) - cd558214-326f-4a5f-9303-c2e363dc7cbf@group-6532495DD37D: closes. applyIndex: -1
2019-11-14 12:25:33,385 [cd558214-326f-4a5f-9303-c2e363dc7cbf@group-6532495DD37D-SegmentedRaftLogWorker] INFO  segmented.SegmentedRaftLogWorker (SegmentedRaftLogWorker.java:run(316)) - cd558214-326f-4a5f-9303-c2e363dc7cbf@group-6532495DD37D-SegmentedRaftLogWorker was interrupted, exiting. There are 0 tasks remaining in the queue.
2019-11-14 12:25:33,385 [grpc-default-executor-2] INFO  segmented.SegmentedRaftLogWorker (SegmentedRaftLogWorker.java:close(224)) - cd558214-326f-4a5f-9303-c2e363dc7cbf@group-6532495DD37D-SegmentedRaftLogWorker close()
2019-11-14 12:25:33,400 [grpc-default-executor-2] INFO  impl.RaftServerProxy (RaftServerProxy.java:remove(95)) - 00c62217-5fe8-4e7e-82ea-e9eb3a319654: remove  FOLLOWER 00c62217-5fe8-4e7e-82ea-e9eb3a319654@group-6532495DD37D:t0, leader=null, voted=null, raftlog=00c62217-5fe8-4e7e-82ea-e9eb3a319654@group-6532495DD37D-SegmentedRaftLog:OPENED:c-1,f-1,i0, conf=-1: [00c62217-5fe8-4e7e-82ea-e9eb3a319654:192.168.34.12:43981, 34945432-9180-41ca-be60-2140985b491a:192.168.34.12:42562, cd558214-326f-4a5f-9303-c2e363dc7cbf:192.168.34.12:41621], old=null RUNNING
2019-11-14 12:25:33,401 [grpc-default-executor-2] INFO  impl.RaftServerImpl (RaftServerImpl.java:lambda$shutdown$3(250)) - 00c62217-5fe8-4e7e-82ea-e9eb3a319654@group-6532495DD37D: shutdown
2019-11-14 12:25:33,401 [grpc-default-executor-2] INFO  util.JmxRegister (JmxRegister.java:unregister(73)) - Successfully un-registered JMX Bean with object name Ratis:service=RaftServer,group=group-6532495DD37D,id=00c62217-5fe8-4e7e-82ea-e9eb3a319654
2019-11-14 12:25:33,401 [grpc-default-executor-2] INFO  impl.RoleInfo (RoleInfo.java:shutdownFollowerState(121)) - 00c62217-5fe8-4e7e-82ea-e9eb3a319654: shutdown FollowerState
2019-11-14 12:25:33,401 [grpc-default-executor-2] INFO  impl.StateMachineUpdater (StateMachineUpdater.java:stopAndJoin(136)) - 00c62217-5fe8-4e7e-82ea-e9eb3a319654@group-6532495DD37D-StateMachineUpdater: set stopIndex = -1
2019-11-14 12:25:33,401 [Thread-201] INFO  impl.FollowerState (FollowerState.java:run(120)) - 00c62217-5fe8-4e7e-82ea-e9eb3a319654@group-6532495DD37D-FollowerState was interrupted: java.lang.InterruptedException: sleep interrupted
2019-11-14 12:25:33,402 [grpc-default-executor-2] INFO  impl.RaftServerImpl (ServerState.java:close(387)) - 00c62217-5fe8-4e7e-82ea-e9eb3a319654@group-6532495DD37D: closes. applyIndex: -1
2019-11-14 12:25:33,402 [00c62217-5fe8-4e7e-82ea-e9eb3a319654@group-6532495DD37D-SegmentedRaftLogWorker] INFO  segmented.SegmentedRaftLogWorker (SegmentedRaftLogWorker.java:run(316)) - 00c62217-5fe8-4e7e-82ea-e9eb3a319654@group-6532495DD37D-SegmentedRaftLogWorker was interrupted, exiting. There are 0 tasks remaining in the queue.
2019-11-14 12:25:33,403 [grpc-default-executor-2] INFO  segmented.SegmentedRaftLogWorker (SegmentedRaftLogWorker.java:close(224)) - 00c62217-5fe8-4e7e-82ea-e9eb3a319654@group-6532495DD37D-SegmentedRaftLogWorker close()
2019-11-14 12:25:33,418 [grpc-default-executor-2] INFO  impl.RaftServerProxy (RaftServerProxy.java:remove(95)) - 34945432-9180-41ca-be60-2140985b491a: remove  FOLLOWER 34945432-9180-41ca-be60-2140985b491a@group-6532495DD37D:t0, leader=null, voted=null, raftlog=34945432-9180-41ca-be60-2140985b491a@group-6532495DD37D-SegmentedRaftLog:OPENED:c-1,f-1,i0, conf=-1: [00c62217-5fe8-4e7e-82ea-e9eb3a319654:192.168.34.12:43981, 34945432-9180-41ca-be60-2140985b491a:192.168.34.12:42562, cd558214-326f-4a5f-9303-c2e363dc7cbf:192.168.34.12:41621], old=null RUNNING
2019-11-14 12:25:33,419 [grpc-default-executor-2] INFO  impl.RaftServerImpl (RaftServerImpl.java:lambda$shutdown$3(250)) - 34945432-9180-41ca-be60-2140985b491a@group-6532495DD37D: shutdown
2019-11-14 12:25:33,419 [grpc-default-executor-2] INFO  util.JmxRegister (JmxRegister.java:unregister(73)) - Successfully un-registered JMX Bean with object name Ratis:service=RaftServer,group=group-6532495DD37D,id=34945432-9180-41ca-be60-2140985b491a
2019-11-14 12:25:33,419 [grpc-default-executor-2] INFO  impl.RoleInfo (RoleInfo.java:shutdownFollowerState(121)) - 34945432-9180-41ca-be60-2140985b491a: shutdown FollowerState
2019-11-14 12:25:33,419 [grpc-default-executor-2] INFO  impl.StateMachineUpdater (StateMachineUpdater.java:stopAndJoin(136)) - 34945432-9180-41ca-be60-2140985b491a@group-6532495DD37D-StateMachineUpdater: set stopIndex = -1
2019-11-14 12:25:33,419 [Thread-196] INFO  impl.FollowerState (FollowerState.java:run(120)) - 34945432-9180-41ca-be60-2140985b491a@group-6532495DD37D-FollowerState was interrupted: java.lang.InterruptedException: sleep interrupted
2019-11-14 12:25:33,420 [grpc-default-executor-2] INFO  impl.RaftServerImpl (ServerState.java:close(387)) - 34945432-9180-41ca-be60-2140985b491a@group-6532495DD37D: closes. applyIndex: -1
2019-11-14 12:25:33,421 [34945432-9180-41ca-be60-2140985b491a@group-6532495DD37D-SegmentedRaftLogWorker] INFO  segmented.SegmentedRaftLogWorker (SegmentedRaftLogWorker.java:run(316)) - 34945432-9180-41ca-be60-2140985b491a@group-6532495DD37D-SegmentedRaftLogWorker was interrupted, exiting. There are 0 tasks remaining in the queue.
2019-11-14 12:25:33,421 [grpc-default-executor-2] INFO  segmented.SegmentedRaftLogWorker (SegmentedRaftLogWorker.java:close(224)) - 34945432-9180-41ca-be60-2140985b491a@group-6532495DD37D-SegmentedRaftLogWorker close()
2019-11-14 12:25:33,427 [Thread-181] INFO  pipeline.PipelineStateManager (PipelineStateManager.java:removePipeline(106)) - Pipeline Pipeline[ Id: 6854f8b7-cbc6-4047-a529-6532495dd37d, Nodes: cd558214-326f-4a5f-9303-c2e363dc7cbf{ip: 192.168.34.12, host: pr-hdds-2372-lnsqz-525025365, networkLocation: /default-rack, certSerialId: null}00c62217-5fe8-4e7e-82ea-e9eb3a319654{ip: 192.168.34.12, host: pr-hdds-2372-lnsqz-525025365, networkLocation: /default-rack, certSerialId: null}34945432-9180-41ca-be60-2140985b491a{ip: 192.168.34.12, host: pr-hdds-2372-lnsqz-525025365, networkLocation: /default-rack, certSerialId: null}, Type:RATIS, Factor:THREE, State:CLOSED] removed from db
2019-11-14 12:25:33,427 [Thread-181] INFO  pipeline.SCMPipelineManager (SCMPipelineManager.java:finalizeAndDestroyPipeline(315)) - destroying pipeline:Pipeline[ Id: 66f72381-ed92-4676-8b30-13f8ebbea57a, Nodes: cd558214-326f-4a5f-9303-c2e363dc7cbf{ip: 192.168.34.12, host: pr-hdds-2372-lnsqz-525025365, networkLocation: /default-rack, certSerialId: null}, Type:RATIS, Factor:ONE, State:ALLOCATED]
2019-11-14 12:25:33,427 [Thread-181] INFO  pipeline.PipelineStateManager (PipelineStateManager.java:finalizePipeline(121)) - Pipeline Pipeline[ Id: 66f72381-ed92-4676-8b30-13f8ebbea57a, Nodes: cd558214-326f-4a5f-9303-c2e363dc7cbf{ip: 192.168.34.12, host: pr-hdds-2372-lnsqz-525025365, networkLocation: /default-rack, certSerialId: null}, Type:RATIS, Factor:ONE, State:CLOSED] moved to CLOSED state
2019-11-14 12:25:33,437 [grpc-default-executor-2] INFO  impl.RaftServerProxy (RaftServerProxy.java:addNew(89)) - cd558214-326f-4a5f-9303-c2e363dc7cbf: addNew group-DB300740D4BE:[cd558214-326f-4a5f-9303-c2e363dc7cbf:192.168.34.12:41621] returns group-DB300740D4BE:java.util.concurrent.CompletableFuture@b2ef200[Not completed]
2019-11-14 12:25:33,438 [grpc-default-executor-1] INFO  impl.RaftServerProxy (RaftServerProxy.java:remove(95)) - cd558214-326f-4a5f-9303-c2e363dc7cbf: remove  FOLLOWER cd558214-326f-4a5f-9303-c2e363dc7cbf@group-13F8EBBEA57A:t0, leader=null, voted=null, raftlog=cd558214-326f-4a5f-9303-c2e363dc7cbf@group-13F8EBBEA57A-SegmentedRaftLog:OPENED:c-1,f-1,i0, conf=-1: [cd558214-326f-4a5f-9303-c2e363dc7cbf:192.168.34.12:41621], old=null RUNNING
2019-11-14 12:25:33,438 [grpc-default-executor-1] INFO  impl.RaftServerImpl (RaftServerImpl.java:lambda$shutdown$3(250)) - cd558214-326f-4a5f-9303-c2e363dc7cbf@group-13F8EBBEA57A: shutdown
2019-11-14 12:25:33,439 [grpc-default-executor-1] INFO  util.JmxRegister (JmxRegister.java:unregister(73)) - Successfully un-registered JMX Bean with object name Ratis:service=RaftServer,group=group-13F8EBBEA57A,id=cd558214-326f-4a5f-9303-c2e363dc7cbf
2019-11-14 12:25:33,439 [grpc-default-executor-1] INFO  impl.RoleInfo (RoleInfo.java:shutdownFollowerState(121)) - cd558214-326f-4a5f-9303-c2e363dc7cbf: shutdown FollowerState
2019-11-14 12:25:33,439 [grpc-default-executor-1] INFO  impl.StateMachineUpdater (StateMachineUpdater.java:stopAndJoin(136)) - cd558214-326f-4a5f-9303-c2e363dc7cbf@group-13F8EBBEA57A-StateMachineUpdater: set stopIndex = -1
2019-11-14 12:25:33,439 [Thread-186] INFO  impl.FollowerState (FollowerState.java:run(120)) - cd558214-326f-4a5f-9303-c2e363dc7cbf@group-13F8EBBEA57A-FollowerState was interrupted: java.lang.InterruptedException: sleep interrupted
2019-11-14 12:25:33,440 [pool-27-thread-1] INFO  impl.RaftServerImpl (RaftServerImpl.java:<init>(98)) - cd558214-326f-4a5f-9303-c2e363dc7cbf: new RaftServerImpl for group-DB300740D4BE:[cd558214-326f-4a5f-9303-c2e363dc7cbf:192.168.34.12:41621] with ContainerStateMachine:uninitialized
2019-11-14 12:25:33,440 [grpc-default-executor-1] INFO  impl.RaftServerImpl (ServerState.java:close(387)) - cd558214-326f-4a5f-9303-c2e363dc7cbf@group-13F8EBBEA57A: closes. applyIndex: -1
2019-11-14 12:25:33,441 [pool-27-thread-1] INFO  server.RaftServerConfigKeys (ConfUtils.java:logGet(43)) - raft.server.rpc.timeout.min = 5s (custom)
2019-11-14 12:25:33,441 [cd558214-326f-4a5f-9303-c2e363dc7cbf@group-13F8EBBEA57A-SegmentedRaftLogWorker] INFO  segmented.SegmentedRaftLogWorker (SegmentedRaftLogWorker.java:run(316)) - cd558214-326f-4a5f-9303-c2e363dc7cbf@group-13F8EBBEA57A-SegmentedRaftLogWorker was interrupted, exiting. There are 0 tasks remaining in the queue.
2019-11-14 12:25:33,441 [pool-27-thread-1] INFO  server.RaftServerConfigKeys (ConfUtils.java:logGet(43)) - raft.server.rpc.timeout.max = 5200ms (custom)
2019-11-14 12:25:33,441 [grpc-default-executor-1] INFO  segmented.SegmentedRaftLogWorker (SegmentedRaftLogWorker.java:close(224)) - cd558214-326f-4a5f-9303-c2e363dc7cbf@group-13F8EBBEA57A-SegmentedRaftLogWorker close()
2019-11-14 12:25:33,441 [pool-27-thread-1] INFO  server.RaftServerConfigKeys (ConfUtils.java:logGet(43)) - raft.server.rpcslowness.timeout = 1000s (custom)
2019-11-14 12:25:33,442 [pool-27-thread-1] INFO  server.RaftServerConfigKeys (ConfUtils.java:logGet(43)) - raft.server.sleep.deviation.threshold = 300 (default)
2019-11-14 12:25:33,443 [pool-27-thread-1] INFO  server.RaftServerConfigKeys (ConfUtils.java:logGet(43)) - raft.server.log.appender.install.snapshot.enabled = false (custom)
2019-11-14 12:25:33,443 [pool-27-thread-1] INFO  impl.RaftServerImpl (ServerState.java:<init>(103)) - cd558214-326f-4a5f-9303-c2e363dc7cbf@group-DB300740D4BE: ConfigurationManager, init=-1: [cd558214-326f-4a5f-9303-c2e363dc7cbf:192.168.34.12:41621], old=null, confs=<EMPTY_MAP>
2019-11-14 12:25:33,443 [pool-27-thread-1] INFO  server.RaftServerConfigKeys (ConfUtils.java:logGet(43)) - raft.server.storage.dir = [/workdir/hadoop-ozone/integration-test/target/test-dir/MiniOzoneClusterImpl-cf655b43-0097-49a4-b217-83f11111c146/datanode-0/data/ratis] (custom)
2019-11-14 12:25:33,443 [pool-27-thread-1] INFO  server.RaftServerConfigKeys (ConfUtils.java:logGet(43)) - raft.server.log.corruption.policy = EXCEPTION (default)
2019-11-14 12:25:33,444 [pool-27-thread-1] INFO  storage.RaftStorageDirectory (RaftStorageDirectory.java:analyzeStorage(246)) - The storage directory /workdir/hadoop-ozone/integration-test/target/test-dir/MiniOzoneClusterImpl-cf655b43-0097-49a4-b217-83f11111c146/datanode-0/data/ratis/4cc5e574-8360-4ebd-ac3e-db300740d4be does not exist. Creating ...
2019-11-14 12:25:33,455 [pool-27-thread-1] INFO  storage.RaftStorageDirectory (RaftStorageDirectory.java:tryLock(328)) - Lock on /workdir/hadoop-ozone/integration-test/target/test-dir/MiniOzoneClusterImpl-cf655b43-0097-49a4-b217-83f11111c146/datanode-0/data/ratis/4cc5e574-8360-4ebd-ac3e-db300740d4be/in_use.lock acquired by nodename 22457@pr-hdds-2372-lnsqz-525025365
2019-11-14 12:25:33,461 [pool-27-thread-1] INFO  storage.RaftStorage (RaftStorage.java:format(84)) - Storage directory /workdir/hadoop-ozone/integration-test/target/test-dir/MiniOzoneClusterImpl-cf655b43-0097-49a4-b217-83f11111c146/datanode-0/data/ratis/4cc5e574-8360-4ebd-ac3e-db300740d4be has been successfully formatted.
2019-11-14 12:25:33,462 [pool-27-thread-1] INFO  ratis.ContainerStateMachine (ContainerStateMachine.java:loadSnapshot(223)) - group-DB300740D4BE: The snapshot info is null. Setting the last applied indexto:(t:0, i:~)
2019-11-14 12:25:33,462 [pool-27-thread-1] INFO  server.RaftServerConfigKeys (ConfUtils.java:logGet(43)) - raft.server.notification.no-leader.timeout = 1000s (custom)
2019-11-14 12:25:33,462 [pool-27-thread-1] INFO  server.RaftServerConfigKeys (ConfUtils.java:logGet(43)) - raft.server.log.use.memory = false (default)
2019-11-14 12:25:33,463 [pool-27-thread-1] INFO  server.RaftServerConfigKeys (ConfUtils.java:logGet(43)) - raft.server.log.purge.gap = 1000000 (custom)
2019-11-14 12:25:33,463 [pool-27-thread-1] INFO  server.RaftServerConfigKeys (ConfUtils.java:logGet(43)) - raft.server.log.appender.buffer.byte-limit = 33554432 (custom)
2019-11-14 12:25:33,463 [pool-27-thread-1] INFO  server.RaftServerConfigKeys (ConfUtils.java:logGet(43)) - raft.server.log.segment.size.max = 1048576 (custom)
2019-11-14 12:25:33,463 [pool-27-thread-1] INFO  server.RaftServerConfigKeys (ConfUtils.java:logGet(43)) - raft.server.log.segment.cache.num.max = 2 (custom)
2019-11-14 12:25:33,463 [pool-27-thread-1] INFO  segmented.SegmentedRaftLogWorker (SegmentedRaftLogWorker.java:<init>(173)) - new cd558214-326f-4a5f-9303-c2e363dc7cbf@group-DB300740D4BE-SegmentedRaftLogWorker for RaftStorage:Storage Directory /workdir/hadoop-ozone/integration-test/target/test-dir/MiniOzoneClusterImpl-cf655b43-0097-49a4-b217-83f11111c146/datanode-0/data/ratis/4cc5e574-8360-4ebd-ac3e-db300740d4be
2019-11-14 12:25:33,463 [pool-27-thread-1] INFO  server.RaftServerConfigKeys (ConfUtils.java:logGet(43)) - raft.server.log.queue.byte-limit = 2147483647 (custom)
2019-11-14 12:25:33,463 [pool-27-thread-1] INFO  server.RaftServerConfigKeys (ConfUtils.java:logGet(43)) - raft.server.log.queue.element-limit = 1024 (custom)
2019-11-14 12:25:33,463 [pool-27-thread-1] INFO  server.RaftServerConfigKeys (ConfUtils.java:logGet(43)) - raft.server.log.segment.size.max = 1048576 (custom)
2019-11-14 12:25:33,464 [pool-27-thread-1] INFO  server.RaftServerConfigKeys (ConfUtils.java:logGet(43)) - raft.server.log.preallocated.size = 16384 (custom)
2019-11-14 12:25:33,464 [pool-27-thread-1] INFO  server.RaftServerConfigKeys (ConfUtils.java:logGet(43)) - raft.server.log.write.buffer.size = 33554432 (custom)
2019-11-14 12:25:33,464 [pool-27-thread-1] INFO  server.RaftServerConfigKeys (ConfUtils.java:logGet(43)) - raft.server.log.force.sync.num = 128 (default)
2019-11-14 12:25:33,464 [pool-27-thread-1] INFO  server.RaftServerConfigKeys (ConfUtils.java:logGet(43)) - raft.server.log.statemachine.data.sync = true (default)
2019-11-14 12:25:33,464 [pool-27-thread-1] INFO  server.RaftServerConfigKeys (ConfUtils.java:logGet(43)) - raft.server.log.statemachine.data.sync.timeout = 10s (default)
2019-11-14 12:25:33,464 [pool-27-thread-1] INFO  server.RaftServerConfigKeys (ConfUtils.java:logGet(43)) - raft.server.log.statemachine.data.sync.timeout.retry = -1 (default)
2019-11-14 12:25:33,464 [pool-27-thread-1] INFO  server.RaftServerConfigKeys (ConfUtils.java:logGet(43)) - raft.server.log.statemachine.data.caching.enabled = true (custom)
2019-11-14 12:25:33,465 [pool-27-thread-1] INFO  segmented.SegmentedRaftLogWorker (SegmentedRaftLogWorker.java:lambda$new$0(128)) - cd558214-326f-4a5f-9303-c2e363dc7cbf@group-DB300740D4BE-SegmentedRaftLogWorker: flushIndex: setUnconditionally 0 -> -1
2019-11-14 12:25:33,465 [pool-27-thread-1] INFO  server.RaftServerConfigKeys (ConfUtils.java:logGet(43)) - raft.server.snapshot.auto.trigger.enabled = true (custom)
2019-11-14 12:25:33,465 [pool-27-thread-1] INFO  server.RaftServerConfigKeys (ConfUtils.java:logGet(43)) - raft.server.snapshot.auto.trigger.threshold = 10000 (custom)
2019-11-14 12:25:33,466 [pool-27-thread-1] INFO  server.RaftServerConfigKeys (ConfUtils.java:logGet(43)) - raft.server.snapshot.retention.file.num = 5 (custom)
2019-11-14 12:25:33,466 [pool-27-thread-1] INFO  server.RaftServerConfigKeys (ConfUtils.java:logGet(43)) - raft.server.retrycache.expirytime = 600000ms (custom)
2019-11-14 12:25:33,466 [pool-27-thread-1] WARN  impl.MetricRegistriesImpl (MetricRegistriesImpl.java:lambda$create$1(61)) - First MetricRegistry has been created without registering reporters. You may need to call MetricRegistries.global().addReportRegistration(...) before.
2019-11-14 12:25:33,466 [pool-27-thread-1] WARN  impl.MetricRegistriesImpl (MetricRegistriesImpl.java:lambda$create$1(61)) - First MetricRegistry has been created without registering reporters. You may need to call MetricRegistries.global().addReportRegistration(...) before.
2019-11-14 12:25:33,467 [pool-27-thread-1] INFO  impl.RaftServerImpl (RaftServerImpl.java:start(184)) - cd558214-326f-4a5f-9303-c2e363dc7cbf@group-DB300740D4BE: start as a follower, conf=-1: [cd558214-326f-4a5f-9303-c2e363dc7cbf:192.168.34.12:41621], old=null
2019-11-14 12:25:33,467 [pool-27-thread-1] INFO  impl.RaftServerImpl (RaftServerImpl.java:setRole(173)) - cd558214-326f-4a5f-9303-c2e363dc7cbf@group-DB300740D4BE: changes role from      null to FOLLOWER at term 0 for startAsFollower
2019-11-14 12:25:33,467 [pool-27-thread-1] INFO  impl.RoleInfo (RoleInfo.java:updateAndGet(143)) - cd558214-326f-4a5f-9303-c2e363dc7cbf: start FollowerState
2019-11-14 12:25:33,468 [pool-27-thread-1] INFO  util.JmxRegister (JmxRegister.java:tryRegister(44)) - Successfully registered JMX Bean with object name Ratis:service=RaftServer,group=group-DB300740D4BE,id=cd558214-326f-4a5f-9303-c2e363dc7cbf
2019-11-14 12:25:33,468 [pool-27-thread-1] WARN  impl.MetricRegistriesImpl (MetricRegistriesImpl.java:lambda$create$1(61)) - First MetricRegistry has been created without registering reporters. You may need to call MetricRegistries.global().addReportRegistration(...) before.
2019-11-14 12:25:33,476 [RatisPipelineUtilsThread] INFO  pipeline.PipelineStateManager (PipelineStateManager.java:addPipeline(55)) - Created pipeline Pipeline[ Id: 4cc5e574-8360-4ebd-ac3e-db300740d4be, Nodes: cd558214-326f-4a5f-9303-c2e363dc7cbf{ip: 192.168.34.12, host: pr-hdds-2372-lnsqz-525025365, networkLocation: /default-rack, certSerialId: null}, Type:RATIS, Factor:ONE, State:ALLOCATED]
2019-11-14 12:25:33,494 [grpc-default-executor-2] INFO  impl.RaftServerProxy (RaftServerProxy.java:addNew(89)) - 34945432-9180-41ca-be60-2140985b491a: addNew group-687E5D4EE5B9:[00c62217-5fe8-4e7e-82ea-e9eb3a319654:192.168.34.12:43981, 34945432-9180-41ca-be60-2140985b491a:192.168.34.12:42562, cd558214-326f-4a5f-9303-c2e363dc7cbf:192.168.34.12:41621] returns group-687E5D4EE5B9:java.util.concurrent.CompletableFuture@2865e818[Not completed]
2019-11-14 12:25:33,498 [grpc-default-executor-1] INFO  impl.RaftServerProxy (RaftServerProxy.java:addNew(89)) - 00c62217-5fe8-4e7e-82ea-e9eb3a319654: addNew group-687E5D4EE5B9:[00c62217-5fe8-4e7e-82ea-e9eb3a319654:192.168.34.12:43981, 34945432-9180-41ca-be60-2140985b491a:192.168.34.12:42562, cd558214-326f-4a5f-9303-c2e363dc7cbf:192.168.34.12:41621] returns group-687E5D4EE5B9:java.util.concurrent.CompletableFuture@b91c2de[Not completed]
2019-11-14 12:25:33,499 [grpc-default-executor-2] INFO  impl.RaftServerProxy (RaftServerProxy.java:addNew(89)) - cd558214-326f-4a5f-9303-c2e363dc7cbf: addNew group-687E5D4EE5B9:[00c62217-5fe8-4e7e-82ea-e9eb3a319654:192.168.34.12:43981, 34945432-9180-41ca-be60-2140985b491a:192.168.34.12:42562, cd558214-326f-4a5f-9303-c2e363dc7cbf:192.168.34.12:41621] returns group-687E5D4EE5B9:java.util.concurrent.CompletableFuture@27c4b8d9[Not completed]
2019-11-14 12:25:33,500 [pool-37-thread-1] INFO  impl.RaftServerImpl (RaftServerImpl.java:<init>(98)) - 34945432-9180-41ca-be60-2140985b491a: new RaftServerImpl for group-687E5D4EE5B9:[00c62217-5fe8-4e7e-82ea-e9eb3a319654:192.168.34.12:43981, 34945432-9180-41ca-be60-2140985b491a:192.168.34.12:42562, cd558214-326f-4a5f-9303-c2e363dc7cbf:192.168.34.12:41621] with ContainerStateMachine:uninitialized
2019-11-14 12:25:33,500 [pool-37-thread-1] INFO  server.RaftServerConfigKeys (ConfUtils.java:logGet(43)) - raft.server.rpc.timeout.min = 5s (custom)
2019-11-14 12:25:33,500 [pool-37-thread-1] INFO  server.RaftServerConfigKeys (ConfUtils.java:logGet(43)) - raft.server.rpc.timeout.max = 5200ms (custom)
2019-11-14 12:25:33,500 [pool-37-thread-1] INFO  server.RaftServerConfigKeys (ConfUtils.java:logGet(43)) - raft.server.rpcslowness.timeout = 1000s (custom)
2019-11-14 12:25:33,500 [pool-37-thread-1] INFO  server.RaftServerConfigKeys (ConfUtils.java:logGet(43)) - raft.server.sleep.deviation.threshold = 300 (default)
2019-11-14 12:25:33,500 [pool-37-thread-1] INFO  server.RaftServerConfigKeys (ConfUtils.java:logGet(43)) - raft.server.log.appender.install.snapshot.enabled = false (custom)
2019-11-14 12:25:33,501 [pool-27-thread-1] INFO  impl.RaftServerImpl (RaftServerImpl.java:<init>(98)) - cd558214-326f-4a5f-9303-c2e363dc7cbf: new RaftServerImpl for group-687E5D4EE5B9:[00c62217-5fe8-4e7e-82ea-e9eb3a319654:192.168.34.12:43981, 34945432-9180-41ca-be60-2140985b491a:192.168.34.12:42562, cd558214-326f-4a5f-9303-c2e363dc7cbf:192.168.34.12:41621] with ContainerStateMachine:uninitialized
2019-11-14 12:25:33,501 [pool-37-thread-1] INFO  impl.RaftServerImpl (ServerState.java:<init>(103)) - 34945432-9180-41ca-be60-2140985b491a@group-687E5D4EE5B9: ConfigurationManager, init=-1: [00c62217-5fe8-4e7e-82ea-e9eb3a319654:192.168.34.12:43981, 34945432-9180-41ca-be60-2140985b491a:192.168.34.12:42562, cd558214-326f-4a5f-9303-c2e363dc7cbf:192.168.34.12:41621], old=null, confs=<EMPTY_MAP>
2019-11-14 12:25:33,501 [pool-27-thread-1] INFO  server.RaftServerConfigKeys (ConfUtils.java:logGet(43)) - raft.server.rpc.timeout.min = 5s (custom)
2019-11-14 12:25:33,501 [pool-27-thread-1] INFO  server.RaftServerConfigKeys (ConfUtils.java:logGet(43)) - raft.server.rpc.timeout.max = 5200ms (custom)
2019-11-14 12:25:33,501 [pool-37-thread-1] INFO  server.RaftServerConfigKeys (ConfUtils.java:logGet(43)) - raft.server.storage.dir = [/workdir/hadoop-ozone/integration-test/target/test-dir/MiniOzoneClusterImpl-cf655b43-0097-49a4-b217-83f11111c146/datanode-1/data/ratis] (custom)
2019-11-14 12:25:33,501 [pool-27-thread-1] INFO  server.RaftServerConfigKeys (ConfUtils.java:logGet(43)) - raft.server.rpcslowness.timeout = 1000s (custom)
2019-11-14 12:25:33,501 [pool-27-thread-1] INFO  server.RaftServerConfigKeys (ConfUtils.java:logGet(43)) - raft.server.sleep.deviation.threshold = 300 (default)
2019-11-14 12:25:33,501 [pool-27-thread-1] INFO  server.RaftServerConfigKeys (ConfUtils.java:logGet(43)) - raft.server.log.appender.install.snapshot.enabled = false (custom)
2019-11-14 12:25:33,501 [pool-37-thread-1] INFO  server.RaftServerConfigKeys (ConfUtils.java:logGet(43)) - raft.server.log.corruption.policy = EXCEPTION (default)
2019-11-14 12:25:33,501 [pool-27-thread-1] INFO  impl.RaftServerImpl (ServerState.java:<init>(103)) - cd558214-326f-4a5f-9303-c2e363dc7cbf@group-687E5D4EE5B9: ConfigurationManager, init=-1: [00c62217-5fe8-4e7e-82ea-e9eb3a319654:192.168.34.12:43981, 34945432-9180-41ca-be60-2140985b491a:192.168.34.12:42562, cd558214-326f-4a5f-9303-c2e363dc7cbf:192.168.34.12:41621], old=null, confs=<EMPTY_MAP>
2019-11-14 12:25:33,502 [pool-37-thread-1] INFO  storage.RaftStorageDirectory (RaftStorageDirectory.java:analyzeStorage(246)) - The storage directory /workdir/hadoop-ozone/integration-test/target/test-dir/MiniOzoneClusterImpl-cf655b43-0097-49a4-b217-83f11111c146/datanode-1/data/ratis/3a9b6b08-a844-44f5-89a3-687e5d4ee5b9 does not exist. Creating ...
2019-11-14 12:25:33,502 [pool-27-thread-1] INFO  server.RaftServerConfigKeys (ConfUtils.java:logGet(43)) - raft.server.storage.dir = [/workdir/hadoop-ozone/integration-test/target/test-dir/MiniOzoneClusterImpl-cf655b43-0097-49a4-b217-83f11111c146/datanode-0/data/ratis] (custom)
2019-11-14 12:25:33,502 [pool-47-thread-1] INFO  impl.RaftServerImpl (RaftServerImpl.java:<init>(98)) - 00c62217-5fe8-4e7e-82ea-e9eb3a319654: new RaftServerImpl for group-687E5D4EE5B9:[00c62217-5fe8-4e7e-82ea-e9eb3a319654:192.168.34.12:43981, 34945432-9180-41ca-be60-2140985b491a:192.168.34.12:42562, cd558214-326f-4a5f-9303-c2e363dc7cbf:192.168.34.12:41621] with ContainerStateMachine:uninitialized
2019-11-14 12:25:33,502 [pool-27-thread-1] INFO  server.RaftServerConfigKeys (ConfUtils.java:logGet(43)) - raft.server.log.corruption.policy = EXCEPTION (default)
2019-11-14 12:25:33,502 [pool-47-thread-1] INFO  server.RaftServerConfigKeys (ConfUtils.java:logGet(43)) - raft.server.rpc.timeout.min = 5s (custom)
2019-11-14 12:25:33,502 [pool-27-thread-1] INFO  storage.RaftStorageDirectory (RaftStorageDirectory.java:analyzeStorage(246)) - The storage directory /workdir/hadoop-ozone/integration-test/target/test-dir/MiniOzoneClusterImpl-cf655b43-0097-49a4-b217-83f11111c146/datanode-0/data/ratis/3a9b6b08-a844-44f5-89a3-687e5d4ee5b9 does not exist. Creating ...
2019-11-14 12:25:33,502 [pool-47-thread-1] INFO  server.RaftServerConfigKeys (ConfUtils.java:logGet(43)) - raft.server.rpc.timeout.max = 5200ms (custom)
2019-11-14 12:25:33,502 [pool-47-thread-1] INFO  server.RaftServerConfigKeys (ConfUtils.java:logGet(43)) - raft.server.rpcslowness.timeout = 1000s (custom)
2019-11-14 12:25:33,502 [pool-47-thread-1] INFO  server.RaftServerConfigKeys (ConfUtils.java:logGet(43)) - raft.server.sleep.deviation.threshold = 300 (default)
2019-11-14 12:25:33,503 [pool-47-thread-1] INFO  server.RaftServerConfigKeys (ConfUtils.java:logGet(43)) - raft.server.log.appender.install.snapshot.enabled = false (custom)
2019-11-14 12:25:33,503 [pool-47-thread-1] INFO  impl.RaftServerImpl (ServerState.java:<init>(103)) - 00c62217-5fe8-4e7e-82ea-e9eb3a319654@group-687E5D4EE5B9: ConfigurationManager, init=-1: [00c62217-5fe8-4e7e-82ea-e9eb3a319654:192.168.34.12:43981, 34945432-9180-41ca-be60-2140985b491a:192.168.34.12:42562, cd558214-326f-4a5f-9303-c2e363dc7cbf:192.168.34.12:41621], old=null, confs=<EMPTY_MAP>
2019-11-14 12:25:33,503 [pool-47-thread-1] INFO  server.RaftServerConfigKeys (ConfUtils.java:logGet(43)) - raft.server.storage.dir = [/workdir/hadoop-ozone/integration-test/target/test-dir/MiniOzoneClusterImpl-cf655b43-0097-49a4-b217-83f11111c146/datanode-2/data/ratis] (custom)
2019-11-14 12:25:33,503 [pool-47-thread-1] INFO  server.RaftServerConfigKeys (ConfUtils.java:logGet(43)) - raft.server.log.corruption.policy = EXCEPTION (default)
2019-11-14 12:25:33,503 [pool-47-thread-1] INFO  storage.RaftStorageDirectory (RaftStorageDirectory.java:analyzeStorage(246)) - The storage directory /workdir/hadoop-ozone/integration-test/target/test-dir/MiniOzoneClusterImpl-cf655b43-0097-49a4-b217-83f11111c146/datanode-2/data/ratis/3a9b6b08-a844-44f5-89a3-687e5d4ee5b9 does not exist. Creating ...
2019-11-14 12:25:33,514 [pool-47-thread-1] INFO  storage.RaftStorageDirectory (RaftStorageDirectory.java:tryLock(328)) - Lock on /workdir/hadoop-ozone/integration-test/target/test-dir/MiniOzoneClusterImpl-cf655b43-0097-49a4-b217-83f11111c146/datanode-2/data/ratis/3a9b6b08-a844-44f5-89a3-687e5d4ee5b9/in_use.lock acquired by nodename 22457@pr-hdds-2372-lnsqz-525025365
2019-11-14 12:25:33,514 [pool-37-thread-1] INFO  storage.RaftStorageDirectory (RaftStorageDirectory.java:tryLock(328)) - Lock on /workdir/hadoop-ozone/integration-test/target/test-dir/MiniOzoneClusterImpl-cf655b43-0097-49a4-b217-83f11111c146/datanode-1/data/ratis/3a9b6b08-a844-44f5-89a3-687e5d4ee5b9/in_use.lock acquired by nodename 22457@pr-hdds-2372-lnsqz-525025365
2019-11-14 12:25:33,514 [pool-27-thread-1] INFO  storage.RaftStorageDirectory (RaftStorageDirectory.java:tryLock(328)) - Lock on /workdir/hadoop-ozone/integration-test/target/test-dir/MiniOzoneClusterImpl-cf655b43-0097-49a4-b217-83f11111c146/datanode-0/data/ratis/3a9b6b08-a844-44f5-89a3-687e5d4ee5b9/in_use.lock acquired by nodename 22457@pr-hdds-2372-lnsqz-525025365
2019-11-14 12:25:33,518 [pool-47-thread-1] INFO  storage.RaftStorage (RaftStorage.java:format(84)) - Storage directory /workdir/hadoop-ozone/integration-test/target/test-dir/MiniOzoneClusterImpl-cf655b43-0097-49a4-b217-83f11111c146/datanode-2/data/ratis/3a9b6b08-a844-44f5-89a3-687e5d4ee5b9 has been successfully formatted.
2019-11-14 12:25:33,518 [pool-27-thread-1] INFO  storage.RaftStorage (RaftStorage.java:format(84)) - Storage directory /workdir/hadoop-ozone/integration-test/target/test-dir/MiniOzoneClusterImpl-cf655b43-0097-49a4-b217-83f11111c146/datanode-0/data/ratis/3a9b6b08-a844-44f5-89a3-687e5d4ee5b9 has been successfully formatted.
2019-11-14 12:25:33,518 [pool-37-thread-1] INFO  storage.RaftStorage (RaftStorage.java:format(84)) - Storage directory /workdir/hadoop-ozone/integration-test/target/test-dir/MiniOzoneClusterImpl-cf655b43-0097-49a4-b217-83f11111c146/datanode-1/data/ratis/3a9b6b08-a844-44f5-89a3-687e5d4ee5b9 has been successfully formatted.
2019-11-14 12:25:33,518 [pool-47-thread-1] INFO  ratis.ContainerStateMachine (ContainerStateMachine.java:loadSnapshot(223)) - group-687E5D4EE5B9: The snapshot info is null. Setting the last applied indexto:(t:0, i:~)
2019-11-14 12:25:33,518 [pool-27-thread-1] INFO  ratis.ContainerStateMachine (ContainerStateMachine.java:loadSnapshot(223)) - group-687E5D4EE5B9: The snapshot info is null. Setting the last applied indexto:(t:0, i:~)
2019-11-14 12:25:33,518 [pool-37-thread-1] INFO  ratis.ContainerStateMachine (ContainerStateMachine.java:loadSnapshot(223)) - group-687E5D4EE5B9: The snapshot info is null. Setting the last applied indexto:(t:0, i:~)
2019-11-14 12:25:33,518 [pool-47-thread-1] INFO  server.RaftServerConfigKeys (ConfUtils.java:logGet(43)) - raft.server.notification.no-leader.timeout = 1000s (custom)
2019-11-14 12:25:33,519 [pool-37-thread-1] INFO  server.RaftServerConfigKeys (ConfUtils.java:logGet(43)) - raft.server.notification.no-leader.timeout = 1000s (custom)
2019-11-14 12:25:33,519 [pool-27-thread-1] INFO  server.RaftServerConfigKeys (ConfUtils.java:logGet(43)) - raft.server.notification.no-leader.timeout = 1000s (custom)
2019-11-14 12:25:33,519 [pool-37-thread-1] INFO  server.RaftServerConfigKeys (ConfUtils.java:logGet(43)) - raft.server.log.use.memory = false (default)
2019-11-14 12:25:33,519 [pool-47-thread-1] INFO  server.RaftServerConfigKeys (ConfUtils.java:logGet(43)) - raft.server.log.use.memory = false (default)
2019-11-14 12:25:33,519 [pool-37-thread-1] INFO  server.RaftServerConfigKeys (ConfUtils.java:logGet(43)) - raft.server.log.purge.gap = 1000000 (custom)
2019-11-14 12:25:33,519 [pool-27-thread-1] INFO  server.RaftServerConfigKeys (ConfUtils.java:logGet(43)) - raft.server.log.use.memory = false (default)
2019-11-14 12:25:33,519 [pool-37-thread-1] INFO  server.RaftServerConfigKeys (ConfUtils.java:logGet(43)) - raft.server.log.appender.buffer.byte-limit = 33554432 (custom)
2019-11-14 12:25:33,519 [pool-47-thread-1] INFO  server.RaftServerConfigKeys (ConfUtils.java:logGet(43)) - raft.server.log.purge.gap = 1000000 (custom)
2019-11-14 12:25:33,520 [pool-37-thread-1] INFO  server.RaftServerConfigKeys (ConfUtils.java:logGet(43)) - raft.server.log.segment.size.max = 1048576 (custom)
2019-11-14 12:25:33,519 [pool-27-thread-1] INFO  server.RaftServerConfigKeys (ConfUtils.java:logGet(43)) - raft.server.log.purge.gap = 1000000 (custom)
2019-11-14 12:25:33,520 [pool-37-thread-1] INFO  server.RaftServerConfigKeys (ConfUtils.java:logGet(43)) - raft.server.log.segment.cache.num.max = 2 (custom)
2019-11-14 12:25:33,520 [pool-47-thread-1] INFO  server.RaftServerConfigKeys (ConfUtils.java:logGet(43)) - raft.server.log.appender.buffer.byte-limit = 33554432 (custom)
2019-11-14 12:25:33,520 [pool-37-thread-1] INFO  segmented.SegmentedRaftLogWorker (SegmentedRaftLogWorker.java:<init>(173)) - new 34945432-9180-41ca-be60-2140985b491a@group-687E5D4EE5B9-SegmentedRaftLogWorker for RaftStorage:Storage Directory /workdir/hadoop-ozone/integration-test/target/test-dir/MiniOzoneClusterImpl-cf655b43-0097-49a4-b217-83f11111c146/datanode-1/data/ratis/3a9b6b08-a844-44f5-89a3-687e5d4ee5b9
2019-11-14 12:25:33,520 [pool-27-thread-1] INFO  server.RaftServerConfigKeys (ConfUtils.java:logGet(43)) - raft.server.log.appender.buffer.byte-limit = 33554432 (custom)
2019-11-14 12:25:33,520 [pool-37-thread-1] INFO  server.RaftServerConfigKeys (ConfUtils.java:logGet(43)) - raft.server.log.queue.byte-limit = 2147483647 (custom)
2019-11-14 12:25:33,520 [pool-47-thread-1] INFO  server.RaftServerConfigKeys (ConfUtils.java:logGet(43)) - raft.server.log.segment.size.max = 1048576 (custom)
2019-11-14 12:25:33,520 [pool-37-thread-1] INFO  server.RaftServerConfigKeys (ConfUtils.java:logGet(43)) - raft.server.log.queue.element-limit = 1024 (custom)
2019-11-14 12:25:33,520 [pool-27-thread-1] INFO  server.RaftServerConfigKeys (ConfUtils.java:logGet(43)) - raft.server.log.segment.size.max = 1048576 (custom)
2019-11-14 12:25:33,521 [pool-37-thread-1] INFO  server.RaftServerConfigKeys (ConfUtils.java:logGet(43)) - raft.server.log.segment.size.max = 1048576 (custom)
2019-11-14 12:25:33,520 [pool-47-thread-1] INFO  server.RaftServerConfigKeys (ConfUtils.java:logGet(43)) - raft.server.log.segment.cache.num.max = 2 (custom)
2019-11-14 12:25:33,521 [pool-37-thread-1] INFO  server.RaftServerConfigKeys (ConfUtils.java:logGet(43)) - raft.server.log.preallocated.size = 16384 (custom)
2019-11-14 12:25:33,521 [pool-27-thread-1] INFO  server.RaftServerConfigKeys (ConfUtils.java:logGet(43)) - raft.server.log.segment.cache.num.max = 2 (custom)
2019-11-14 12:25:33,521 [pool-37-thread-1] INFO  server.RaftServerConfigKeys (ConfUtils.java:logGet(43)) - raft.server.log.write.buffer.size = 33554432 (custom)
2019-11-14 12:25:33,521 [pool-47-thread-1] INFO  segmented.SegmentedRaftLogWorker (SegmentedRaftLogWorker.java:<init>(173)) - new 00c62217-5fe8-4e7e-82ea-e9eb3a319654@group-687E5D4EE5B9-SegmentedRaftLogWorker for RaftStorage:Storage Directory /workdir/hadoop-ozone/integration-test/target/test-dir/MiniOzoneClusterImpl-cf655b43-0097-49a4-b217-83f11111c146/datanode-2/data/ratis/3a9b6b08-a844-44f5-89a3-687e5d4ee5b9
2019-11-14 12:25:33,521 [pool-37-thread-1] INFO  server.RaftServerConfigKeys (ConfUtils.java:logGet(43)) - raft.server.log.force.sync.num = 128 (default)
2019-11-14 12:25:33,521 [pool-27-thread-1] INFO  segmented.SegmentedRaftLogWorker (SegmentedRaftLogWorker.java:<init>(173)) - new cd558214-326f-4a5f-9303-c2e363dc7cbf@group-687E5D4EE5B9-SegmentedRaftLogWorker for RaftStorage:Storage Directory /workdir/hadoop-ozone/integration-test/target/test-dir/MiniOzoneClusterImpl-cf655b43-0097-49a4-b217-83f11111c146/datanode-0/data/ratis/3a9b6b08-a844-44f5-89a3-687e5d4ee5b9
2019-11-14 12:25:33,521 [pool-37-thread-1] INFO  server.RaftServerConfigKeys (ConfUtils.java:logGet(43)) - raft.server.log.statemachine.data.sync = true (default)
2019-11-14 12:25:33,521 [pool-47-thread-1] INFO  server.RaftServerConfigKeys (ConfUtils.java:logGet(43)) - raft.server.log.queue.byte-limit = 2147483647 (custom)
2019-11-14 12:25:33,522 [pool-37-thread-1] INFO  server.RaftServerConfigKeys (ConfUtils.java:logGet(43)) - raft.server.log.statemachine.data.sync.timeout = 10s (default)
2019-11-14 12:25:33,522 [pool-37-thread-1] INFO  server.RaftServerConfigKeys (ConfUtils.java:logGet(43)) - raft.server.log.statemachine.data.sync.timeout.retry = -1 (default)
2019-11-14 12:25:33,521 [pool-27-thread-1] INFO  server.RaftServerConfigKeys (ConfUtils.java:logGet(43)) - raft.server.log.queue.byte-limit = 2147483647 (custom)
2019-11-14 12:25:33,522 [pool-37-thread-1] INFO  server.RaftServerConfigKeys (ConfUtils.java:logGet(43)) - raft.server.log.statemachine.data.caching.enabled = true (custom)
2019-11-14 12:25:33,522 [pool-47-thread-1] INFO  server.RaftServerConfigKeys (ConfUtils.java:logGet(43)) - raft.server.log.queue.element-limit = 1024 (custom)
2019-11-14 12:25:33,522 [pool-27-thread-1] INFO  server.RaftServerConfigKeys (ConfUtils.java:logGet(43)) - raft.server.log.queue.element-limit = 1024 (custom)
2019-11-14 12:25:33,522 [pool-47-thread-1] INFO  server.RaftServerConfigKeys (ConfUtils.java:logGet(43)) - raft.server.log.segment.size.max = 1048576 (custom)
2019-11-14 12:25:33,522 [pool-27-thread-1] INFO  server.RaftServerConfigKeys (ConfUtils.java:logGet(43)) - raft.server.log.segment.size.max = 1048576 (custom)
2019-11-14 12:25:33,522 [pool-37-thread-1] INFO  segmented.SegmentedRaftLogWorker (SegmentedRaftLogWorker.java:lambda$new$0(128)) - 34945432-9180-41ca-be60-2140985b491a@group-687E5D4EE5B9-SegmentedRaftLogWorker: flushIndex: setUnconditionally 0 -> -1
2019-11-14 12:25:33,523 [pool-27-thread-1] INFO  server.RaftServerConfigKeys (ConfUtils.java:logGet(43)) - raft.server.log.preallocated.size = 16384 (custom)
2019-11-14 12:25:33,522 [pool-47-thread-1] INFO  server.RaftServerConfigKeys (ConfUtils.java:logGet(43)) - raft.server.log.preallocated.size = 16384 (custom)
2019-11-14 12:25:33,523 [pool-27-thread-1] INFO  server.RaftServerConfigKeys (ConfUtils.java:logGet(43)) - raft.server.log.write.buffer.size = 33554432 (custom)
2019-11-14 12:25:33,523 [pool-47-thread-1] INFO  server.RaftServerConfigKeys (ConfUtils.java:logGet(43)) - raft.server.log.write.buffer.size = 33554432 (custom)
2019-11-14 12:25:33,523 [pool-37-thread-1] INFO  server.RaftServerConfigKeys (ConfUtils.java:logGet(43)) - raft.server.snapshot.auto.trigger.enabled = true (custom)
2019-11-14 12:25:33,523 [pool-47-thread-1] INFO  server.RaftServerConfigKeys (ConfUtils.java:logGet(43)) - raft.server.log.force.sync.num = 128 (default)
2019-11-14 12:25:33,523 [pool-27-thread-1] INFO  server.RaftServerConfigKeys (ConfUtils.java:logGet(43)) - raft.server.log.force.sync.num = 128 (default)
2019-11-14 12:25:33,523 [pool-47-thread-1] INFO  server.RaftServerConfigKeys (ConfUtils.java:logGet(43)) - raft.server.log.statemachine.data.sync = true (default)
2019-11-14 12:25:33,523 [pool-37-thread-1] INFO  server.RaftServerConfigKeys (ConfUtils.java:logGet(43)) - raft.server.snapshot.auto.trigger.threshold = 10000 (custom)
2019-11-14 12:25:33,524 [pool-47-thread-1] INFO  server.RaftServerConfigKeys (ConfUtils.java:logGet(43)) - raft.server.log.statemachine.data.sync.timeout = 10s (default)
2019-11-14 12:25:33,524 [pool-27-thread-1] INFO  server.RaftServerConfigKeys (ConfUtils.java:logGet(43)) - raft.server.log.statemachine.data.sync = true (default)
2019-11-14 12:25:33,524 [pool-47-thread-1] INFO  server.RaftServerConfigKeys (ConfUtils.java:logGet(43)) - raft.server.log.statemachine.data.sync.timeout.retry = -1 (default)
2019-11-14 12:25:33,524 [pool-37-thread-1] INFO  server.RaftServerConfigKeys (ConfUtils.java:logGet(43)) - raft.server.snapshot.retention.file.num = 5 (custom)
2019-11-14 12:25:33,524 [pool-27-thread-1] INFO  server.RaftServerConfigKeys (ConfUtils.java:logGet(43)) - raft.server.log.statemachine.data.sync.timeout = 10s (default)
2019-11-14 12:25:33,524 [pool-37-thread-1] INFO  server.RaftServerConfigKeys (ConfUtils.java:logGet(43)) - raft.server.retrycache.expirytime = 600000ms (custom)
2019-11-14 12:25:33,524 [pool-47-thread-1] INFO  server.RaftServerConfigKeys (ConfUtils.java:logGet(43)) - raft.server.log.statemachine.data.caching.enabled = true (custom)
2019-11-14 12:25:33,524 [pool-37-thread-1] WARN  impl.MetricRegistriesImpl (MetricRegistriesImpl.java:lambda$create$1(61)) - First MetricRegistry has been created without registering reporters. You may need to call MetricRegistries.global().addReportRegistration(...) before.
2019-11-14 12:25:33,524 [pool-27-thread-1] INFO  server.RaftServerConfigKeys (ConfUtils.java:logGet(43)) - raft.server.log.statemachine.data.sync.timeout.retry = -1 (default)
2019-11-14 12:25:33,525 [pool-37-thread-1] WARN  impl.MetricRegistriesImpl (MetricRegistriesImpl.java:lambda$create$1(61)) - First MetricRegistry has been created without registering reporters. You may need to call MetricRegistries.global().addReportRegistration(...) before.
2019-11-14 12:25:33,525 [pool-47-thread-1] INFO  segmented.SegmentedRaftLogWorker (SegmentedRaftLogWorker.java:lambda$new$0(128)) - 00c62217-5fe8-4e7e-82ea-e9eb3a319654@group-687E5D4EE5B9-SegmentedRaftLogWorker: flushIndex: setUnconditionally 0 -> -1
2019-11-14 12:25:33,525 [pool-27-thread-1] INFO  server.RaftServerConfigKeys (ConfUtils.java:logGet(43)) - raft.server.log.statemachine.data.caching.enabled = true (custom)
2019-11-14 12:25:33,525 [pool-37-thread-1] INFO  impl.RaftServerImpl (RaftServerImpl.java:start(184)) - 34945432-9180-41ca-be60-2140985b491a@group-687E5D4EE5B9: start as a follower, conf=-1: [00c62217-5fe8-4e7e-82ea-e9eb3a319654:192.168.34.12:43981, 34945432-9180-41ca-be60-2140985b491a:192.168.34.12:42562, cd558214-326f-4a5f-9303-c2e363dc7cbf:192.168.34.12:41621], old=null
2019-11-14 12:25:33,525 [pool-47-thread-1] INFO  server.RaftServerConfigKeys (ConfUtils.java:logGet(43)) - raft.server.snapshot.auto.trigger.enabled = true (custom)
2019-11-14 12:25:33,525 [pool-37-thread-1] INFO  impl.RaftServerImpl (RaftServerImpl.java:setRole(173)) - 34945432-9180-41ca-be60-2140985b491a@group-687E5D4EE5B9: changes role from      null to FOLLOWER at term 0 for startAsFollower
2019-11-14 12:25:33,525 [pool-27-thread-1] INFO  segmented.SegmentedRaftLogWorker (SegmentedRaftLogWorker.java:lambda$new$0(128)) - cd558214-326f-4a5f-9303-c2e363dc7cbf@group-687E5D4EE5B9-SegmentedRaftLogWorker: flushIndex: setUnconditionally 0 -> -1
2019-11-14 12:25:33,525 [pool-47-thread-1] INFO  server.RaftServerConfigKeys (ConfUtils.java:logGet(43)) - raft.server.snapshot.auto.trigger.threshold = 10000 (custom)
2019-11-14 12:25:33,525 [pool-37-thread-1] INFO  impl.RoleInfo (RoleInfo.java:updateAndGet(143)) - 34945432-9180-41ca-be60-2140985b491a: start FollowerState
2019-11-14 12:25:33,525 [pool-47-thread-1] INFO  server.RaftServerConfigKeys (ConfUtils.java:logGet(43)) - raft.server.snapshot.retention.file.num = 5 (custom)
2019-11-14 12:25:33,525 [pool-27-thread-1] INFO  server.RaftServerConfigKeys (ConfUtils.java:logGet(43)) - raft.server.snapshot.auto.trigger.enabled = true (custom)
2019-11-14 12:25:33,526 [pool-47-thread-1] INFO  server.RaftServerConfigKeys (ConfUtils.java:logGet(43)) - raft.server.retrycache.expirytime = 600000ms (custom)
2019-11-14 12:25:33,526 [pool-27-thread-1] INFO  server.RaftServerConfigKeys (ConfUtils.java:logGet(43)) - raft.server.snapshot.auto.trigger.threshold = 10000 (custom)
2019-11-14 12:25:33,526 [pool-37-thread-1] INFO  util.JmxRegister (JmxRegister.java:tryRegister(44)) - Successfully registered JMX Bean with object name Ratis:service=RaftServer,group=group-687E5D4EE5B9,id=34945432-9180-41ca-be60-2140985b491a
2019-11-14 12:25:33,526 [pool-47-thread-1] WARN  impl.MetricRegistriesImpl (MetricRegistriesImpl.java:lambda$create$1(61)) - First MetricRegistry has been created without registering reporters. You may need to call MetricRegistries.global().addReportRegistration(...) before.
2019-11-14 12:25:33,526 [pool-37-thread-1] WARN  impl.MetricRegistriesImpl (MetricRegistriesImpl.java:lambda$create$1(61)) - First MetricRegistry has been created without registering reporters. You may need to call MetricRegistries.global().addReportRegistration(...) before.
2019-11-14 12:25:33,526 [pool-27-thread-1] INFO  server.RaftServerConfigKeys (ConfUtils.java:logGet(43)) - raft.server.snapshot.retention.file.num = 5 (custom)
2019-11-14 12:25:33,526 [pool-47-thread-1] WARN  impl.MetricRegistriesImpl (MetricRegistriesImpl.java:lambda$create$1(61)) - First MetricRegistry has been created without registering reporters. You may need to call MetricRegistries.global().addReportRegistration(...) before.
2019-11-14 12:25:33,526 [pool-27-thread-1] INFO  server.RaftServerConfigKeys (ConfUtils.java:logGet(43)) - raft.server.retrycache.expirytime = 600000ms (custom)
2019-11-14 12:25:33,526 [pool-47-thread-1] INFO  impl.RaftServerImpl (RaftServerImpl.java:start(184)) - 00c62217-5fe8-4e7e-82ea-e9eb3a319654@group-687E5D4EE5B9: start as a follower, conf=-1: [00c62217-5fe8-4e7e-82ea-e9eb3a319654:192.168.34.12:43981, 34945432-9180-41ca-be60-2140985b491a:192.168.34.12:42562, cd558214-326f-4a5f-9303-c2e363dc7cbf:192.168.34.12:41621], old=null
2019-11-14 12:25:33,527 [pool-27-thread-1] WARN  impl.MetricRegistriesImpl (MetricRegistriesImpl.java:lambda$create$1(61)) - First MetricRegistry has been created without registering reporters. You may need to call MetricRegistries.global().addReportRegistration(...) before.
2019-11-14 12:25:33,527 [pool-47-thread-1] INFO  impl.RaftServerImpl (RaftServerImpl.java:setRole(173)) - 00c62217-5fe8-4e7e-82ea-e9eb3a319654@group-687E5D4EE5B9: changes role from      null to FOLLOWER at term 0 for startAsFollower
2019-11-14 12:25:33,527 [pool-27-thread-1] WARN  impl.MetricRegistriesImpl (MetricRegistriesImpl.java:lambda$create$1(61)) - First MetricRegistry has been created without registering reporters. You may need to call MetricRegistries.global().addReportRegistration(...) before.
2019-11-14 12:25:33,527 [pool-47-thread-1] INFO  impl.RoleInfo (RoleInfo.java:updateAndGet(143)) - 00c62217-5fe8-4e7e-82ea-e9eb3a319654: start FollowerState
2019-11-14 12:25:33,527 [pool-27-thread-1] INFO  impl.RaftServerImpl (RaftServerImpl.java:start(184)) - cd558214-326f-4a5f-9303-c2e363dc7cbf@group-687E5D4EE5B9: start as a follower, conf=-1: [00c62217-5fe8-4e7e-82ea-e9eb3a319654:192.168.34.12:43981, 34945432-9180-41ca-be60-2140985b491a:192.168.34.12:42562, cd558214-326f-4a5f-9303-c2e363dc7cbf:192.168.34.12:41621], old=null
2019-11-14 12:25:33,527 [pool-27-thread-1] INFO  impl.RaftServerImpl (RaftServerImpl.java:setRole(173)) - cd558214-326f-4a5f-9303-c2e363dc7cbf@group-687E5D4EE5B9: changes role from      null to FOLLOWER at term 0 for startAsFollower
2019-11-14 12:25:33,527 [pool-47-thread-1] INFO  util.JmxRegister (JmxRegister.java:tryRegister(44)) - Successfully registered JMX Bean with object name Ratis:service=RaftServer,group=group-687E5D4EE5B9,id=00c62217-5fe8-4e7e-82ea-e9eb3a319654
2019-11-14 12:25:33,527 [pool-47-thread-1] WARN  impl.MetricRegistriesImpl (MetricRegistriesImpl.java:lambda$create$1(61)) - First MetricRegistry has been created without registering reporters. You may need to call MetricRegistries.global().addReportRegistration(...) before.
2019-11-14 12:25:33,527 [pool-27-thread-1] INFO  impl.RoleInfo (RoleInfo.java:updateAndGet(143)) - cd558214-326f-4a5f-9303-c2e363dc7cbf: start FollowerState
2019-11-14 12:25:33,529 [pool-27-thread-1] INFO  util.JmxRegister (JmxRegister.java:tryRegister(44)) - Successfully registered JMX Bean with object name Ratis:service=RaftServer,group=group-687E5D4EE5B9,id=cd558214-326f-4a5f-9303-c2e363dc7cbf
2019-11-14 12:25:33,529 [pool-27-thread-1] WARN  impl.MetricRegistriesImpl (MetricRegistriesImpl.java:lambda$create$1(61)) - First MetricRegistry has been created without registering reporters. You may need to call MetricRegistries.global().addReportRegistration(...) before.
2019-11-14 12:25:33,535 [RatisPipelineUtilsThread] INFO  pipeline.PipelineStateManager (PipelineStateManager.java:addPipeline(55)) - Created pipeline Pipeline[ Id: 3a9b6b08-a844-44f5-89a3-687e5d4ee5b9, Nodes: cd558214-326f-4a5f-9303-c2e363dc7cbf{ip: 192.168.34.12, host: pr-hdds-2372-lnsqz-525025365, networkLocation: /default-rack, certSerialId: null}00c62217-5fe8-4e7e-82ea-e9eb3a319654{ip: 192.168.34.12, host: pr-hdds-2372-lnsqz-525025365, networkLocation: /default-rack, certSerialId: null}34945432-9180-41ca-be60-2140985b491a{ip: 192.168.34.12, host: pr-hdds-2372-lnsqz-525025365, networkLocation: /default-rack, certSerialId: null}, Type:RATIS, Factor:THREE, State:ALLOCATED]
2019-11-14 12:25:33,536 [Thread-181] INFO  pipeline.PipelineStateManager (PipelineStateManager.java:removePipeline(106)) - Pipeline Pipeline[ Id: 66f72381-ed92-4676-8b30-13f8ebbea57a, Nodes: cd558214-326f-4a5f-9303-c2e363dc7cbf{ip: 192.168.34.12, host: pr-hdds-2372-lnsqz-525025365, networkLocation: /default-rack, certSerialId: null}, Type:RATIS, Factor:ONE, State:CLOSED] removed from db
2019-11-14 12:25:33,843 [main] INFO  ozone.MiniOzoneClusterImpl (MiniOzoneClusterImpl.java:lambda$waitForClusterToBeReady$2(163)) - Waiting for 4 number of pipelines out of 4, to report a leader.
2019-11-14 12:25:34,845 [main] INFO  ozone.MiniOzoneClusterImpl (MiniOzoneClusterImpl.java:lambda$waitForClusterToBeReady$2(163)) - Waiting for 4 number of pipelines out of 4, to report a leader.
2019-11-14 12:25:35,846 [main] INFO  ozone.MiniOzoneClusterImpl (MiniOzoneClusterImpl.java:lambda$waitForClusterToBeReady$2(163)) - Waiting for 4 number of pipelines out of 4, to report a leader.
2019-11-14 12:25:36,852 [main] INFO  ozone.MiniOzoneClusterImpl (MiniOzoneClusterImpl.java:lambda$waitForClusterToBeReady$2(163)) - Waiting for 4 number of pipelines out of 4, to report a leader.
2019-11-14 12:25:37,853 [main] INFO  ozone.MiniOzoneClusterImpl (MiniOzoneClusterImpl.java:lambda$waitForClusterToBeReady$2(163)) - Waiting for 4 number of pipelines out of 4, to report a leader.
2019-11-14 12:25:38,384 [Thread-216] INFO  impl.FollowerState (FollowerState.java:run(111)) - 00c62217-5fe8-4e7e-82ea-e9eb3a319654@group-832C8B3CFD8D-FollowerState: change to CANDIDATE, lastRpcTime:5019ms, electionTimeout:5019ms
2019-11-14 12:25:38,387 [Thread-216] INFO  impl.RoleInfo (RoleInfo.java:shutdownFollowerState(121)) - 00c62217-5fe8-4e7e-82ea-e9eb3a319654: shutdown FollowerState
2019-11-14 12:25:38,387 [Thread-216] INFO  impl.RaftServerImpl (RaftServerImpl.java:setRole(173)) - 00c62217-5fe8-4e7e-82ea-e9eb3a319654@group-832C8B3CFD8D: changes role from  FOLLOWER to CANDIDATE at term 0 for changeToCandidate
2019-11-14 12:25:38,393 [Thread-216] INFO  impl.RoleInfo (RoleInfo.java:updateAndGet(143)) - 00c62217-5fe8-4e7e-82ea-e9eb3a319654: start LeaderElection
2019-11-14 12:25:38,402 [Thread-212] INFO  impl.FollowerState (FollowerState.java:run(111)) - 34945432-9180-41ca-be60-2140985b491a@group-983D1E9AA262-FollowerState: change to CANDIDATE, lastRpcTime:5113ms, electionTimeout:5113ms
2019-11-14 12:25:38,403 [Thread-212] INFO  impl.RoleInfo (RoleInfo.java:shutdownFollowerState(121)) - 34945432-9180-41ca-be60-2140985b491a: shutdown FollowerState
2019-11-14 12:25:38,403 [Thread-212] INFO  impl.RaftServerImpl (RaftServerImpl.java:setRole(173)) - 34945432-9180-41ca-be60-2140985b491a@group-983D1E9AA262: changes role from  FOLLOWER to CANDIDATE at term 0 for changeToCandidate
2019-11-14 12:25:38,403 [Thread-212] INFO  impl.RoleInfo (RoleInfo.java:updateAndGet(143)) - 34945432-9180-41ca-be60-2140985b491a: start LeaderElection
2019-11-14 12:25:38,410 [34945432-9180-41ca-be60-2140985b491a@group-983D1E9AA262-LeaderElection2] INFO  impl.LeaderElection (LeaderElection.java:askForVotes(178)) - 34945432-9180-41ca-be60-2140985b491a@group-983D1E9AA262-LeaderElection2: begin an election at term 1 for -1: [34945432-9180-41ca-be60-2140985b491a:192.168.34.12:42562], old=null
2019-11-14 12:25:38,410 [00c62217-5fe8-4e7e-82ea-e9eb3a319654@group-832C8B3CFD8D-LeaderElection1] INFO  impl.LeaderElection (LeaderElection.java:askForVotes(178)) - 00c62217-5fe8-4e7e-82ea-e9eb3a319654@group-832C8B3CFD8D-LeaderElection1: begin an election at term 1 for -1: [00c62217-5fe8-4e7e-82ea-e9eb3a319654:192.168.34.12:43981], old=null
2019-11-14 12:25:38,412 [34945432-9180-41ca-be60-2140985b491a@group-983D1E9AA262-LeaderElection2] INFO  impl.RoleInfo (RoleInfo.java:shutdownLeaderElection(134)) - 34945432-9180-41ca-be60-2140985b491a: shutdown LeaderElection
2019-11-14 12:25:38,412 [00c62217-5fe8-4e7e-82ea-e9eb3a319654@group-832C8B3CFD8D-LeaderElection1] INFO  impl.RoleInfo (RoleInfo.java:shutdownLeaderElection(134)) - 00c62217-5fe8-4e7e-82ea-e9eb3a319654: shutdown LeaderElection
2019-11-14 12:25:38,413 [34945432-9180-41ca-be60-2140985b491a@group-983D1E9AA262-LeaderElection2] INFO  impl.RaftServerImpl (RaftServerImpl.java:setRole(173)) - 34945432-9180-41ca-be60-2140985b491a@group-983D1E9AA262: changes role from CANDIDATE to LEADER at term 1 for changeToLeader
2019-11-14 12:25:38,413 [00c62217-5fe8-4e7e-82ea-e9eb3a319654@group-832C8B3CFD8D-LeaderElection1] INFO  impl.RaftServerImpl (RaftServerImpl.java:setRole(173)) - 00c62217-5fe8-4e7e-82ea-e9eb3a319654@group-832C8B3CFD8D: changes role from CANDIDATE to LEADER at term 1 for changeToLeader
2019-11-14 12:25:38,413 [34945432-9180-41ca-be60-2140985b491a@group-983D1E9AA262-LeaderElection2] INFO  ratis.XceiverServerRatis (XceiverServerRatis.java:handleLeaderChangedNotification(697)) - Leader change notification received for group: group-983D1E9AA262 with new leaderId: 34945432-9180-41ca-be60-2140985b491a
2019-11-14 12:25:38,413 [00c62217-5fe8-4e7e-82ea-e9eb3a319654@group-832C8B3CFD8D-LeaderElection1] INFO  ratis.XceiverServerRatis (XceiverServerRatis.java:handleLeaderChangedNotification(697)) - Leader change notification received for group: group-832C8B3CFD8D with new leaderId: 00c62217-5fe8-4e7e-82ea-e9eb3a319654
2019-11-14 12:25:38,416 [34945432-9180-41ca-be60-2140985b491a@group-983D1E9AA262-LeaderElection2] INFO  impl.RaftServerImpl (ServerState.java:setLeader(255)) - 34945432-9180-41ca-be60-2140985b491a@group-983D1E9AA262: change Leader from null to 34945432-9180-41ca-be60-2140985b491a at term 1 for becomeLeader, leader elected after 5129ms
2019-11-14 12:25:38,416 [00c62217-5fe8-4e7e-82ea-e9eb3a319654@group-832C8B3CFD8D-LeaderElection1] INFO  impl.RaftServerImpl (ServerState.java:setLeader(255)) - 00c62217-5fe8-4e7e-82ea-e9eb3a319654@group-832C8B3CFD8D: change Leader from null to 00c62217-5fe8-4e7e-82ea-e9eb3a319654 at term 1 for becomeLeader, leader elected after 5052ms
2019-11-14 12:25:38,420 [EventQueue-PipelineReportForPipelineReportHandler] INFO  pipeline.PipelineStateManager (PipelineStateManager.java:openPipeline(134)) - Pipeline Pipeline[ Id: f131ac40-2cb5-4518-8c2e-832c8b3cfd8d, Nodes: 00c62217-5fe8-4e7e-82ea-e9eb3a319654{ip: 192.168.34.12, host: pr-hdds-2372-lnsqz-525025365, networkLocation: /default-rack, certSerialId: null}, Type:RATIS, Factor:ONE, State:OPEN] moved to OPEN state
2019-11-14 12:25:38,420 [EventQueue-PipelineReportForPipelineReportHandler] INFO  pipeline.PipelineStateManager (PipelineStateManager.java:openPipeline(134)) - Pipeline Pipeline[ Id: b841183f-7ad5-4435-9c95-983d1e9aa262, Nodes: 34945432-9180-41ca-be60-2140985b491a{ip: 192.168.34.12, host: pr-hdds-2372-lnsqz-525025365, networkLocation: /default-rack, certSerialId: null}, Type:RATIS, Factor:ONE, State:OPEN] moved to OPEN state
2019-11-14 12:25:38,423 [34945432-9180-41ca-be60-2140985b491a@group-983D1E9AA262-LeaderElection2] INFO  server.RaftServerConfigKeys (ConfUtils.java:logGet(43)) - raft.server.staging.catchup.gap = 1000 (default)
2019-11-14 12:25:38,423 [00c62217-5fe8-4e7e-82ea-e9eb3a319654@group-832C8B3CFD8D-LeaderElection1] INFO  server.RaftServerConfigKeys (ConfUtils.java:logGet(43)) - raft.server.staging.catchup.gap = 1000 (default)
2019-11-14 12:25:38,423 [34945432-9180-41ca-be60-2140985b491a@group-983D1E9AA262-LeaderElection2] INFO  server.RaftServerConfigKeys (ConfUtils.java:logGet(43)) - raft.server.rpc.sleep.time = 25ms (default)
2019-11-14 12:25:38,423 [00c62217-5fe8-4e7e-82ea-e9eb3a319654@group-832C8B3CFD8D-LeaderElection1] INFO  server.RaftServerConfigKeys (ConfUtils.java:logGet(43)) - raft.server.rpc.sleep.time = 25ms (default)
2019-11-14 12:25:38,428 [34945432-9180-41ca-be60-2140985b491a@group-983D1E9AA262-LeaderElection2] INFO  server.RaftServerConfigKeys (ConfUtils.java:logGet(43)) - raft.server.write.element-limit = 4096 (default)
2019-11-14 12:25:38,428 [00c62217-5fe8-4e7e-82ea-e9eb3a319654@group-832C8B3CFD8D-LeaderElection1] INFO  server.RaftServerConfigKeys (ConfUtils.java:logGet(43)) - raft.server.write.element-limit = 4096 (default)
2019-11-14 12:25:38,431 [00c62217-5fe8-4e7e-82ea-e9eb3a319654@group-832C8B3CFD8D-LeaderElection1] INFO  server.RaftServerConfigKeys (ConfUtils.java:logGet(43)) - raft.server.watch.timeout = 10s (default)
2019-11-14 12:25:38,431 [34945432-9180-41ca-be60-2140985b491a@group-983D1E9AA262-LeaderElection2] INFO  server.RaftServerConfigKeys (ConfUtils.java:logGet(43)) - raft.server.watch.timeout = 10s (default)
2019-11-14 12:25:38,432 [00c62217-5fe8-4e7e-82ea-e9eb3a319654@group-832C8B3CFD8D-LeaderElection1] INFO  server.RaftServerConfigKeys (ConfUtils.java:logGet(43)) - raft.server.watch.timeout.denomination = 1s (default)
2019-11-14 12:25:38,432 [34945432-9180-41ca-be60-2140985b491a@group-983D1E9AA262-LeaderElection2] INFO  server.RaftServerConfigKeys (ConfUtils.java:logGet(43)) - raft.server.watch.timeout.denomination = 1s (default)
2019-11-14 12:25:38,432 [00c62217-5fe8-4e7e-82ea-e9eb3a319654@group-832C8B3CFD8D-LeaderElection1] INFO  server.RaftServerConfigKeys (ConfUtils.java:logGet(43)) - raft.server.watch.element-limit = 65536 (default)
2019-11-14 12:25:38,432 [34945432-9180-41ca-be60-2140985b491a@group-983D1E9AA262-LeaderElection2] INFO  server.RaftServerConfigKeys (ConfUtils.java:logGet(43)) - raft.server.watch.element-limit = 65536 (default)
2019-11-14 12:25:38,444 [00c62217-5fe8-4e7e-82ea-e9eb3a319654@group-832C8B3CFD8D-LeaderElection1] INFO  impl.RoleInfo (RoleInfo.java:updateAndGet(143)) - 00c62217-5fe8-4e7e-82ea-e9eb3a319654: start LeaderState
2019-11-14 12:25:38,444 [34945432-9180-41ca-be60-2140985b491a@group-983D1E9AA262-LeaderElection2] INFO  impl.RoleInfo (RoleInfo.java:updateAndGet(143)) - 34945432-9180-41ca-be60-2140985b491a: start LeaderState
2019-11-14 12:25:38,463 [00c62217-5fe8-4e7e-82ea-e9eb3a319654@group-832C8B3CFD8D-LeaderElection1] INFO  segmented.SegmentedRaftLogWorker (SegmentedRaftLogWorker.java:startLogSegment(385)) - 00c62217-5fe8-4e7e-82ea-e9eb3a319654@group-832C8B3CFD8D-SegmentedRaftLogWorker: Starting segment from index:0
2019-11-14 12:25:38,463 [34945432-9180-41ca-be60-2140985b491a@group-983D1E9AA262-LeaderElection2] INFO  segmented.SegmentedRaftLogWorker (SegmentedRaftLogWorker.java:startLogSegment(385)) - 34945432-9180-41ca-be60-2140985b491a@group-983D1E9AA262-SegmentedRaftLogWorker: Starting segment from index:0
2019-11-14 12:25:38,475 [34945432-9180-41ca-be60-2140985b491a@group-983D1E9AA262-LeaderElection2] INFO  impl.RaftServerImpl (ServerState.java:setRaftConf(356)) - 34945432-9180-41ca-be60-2140985b491a@group-983D1E9AA262: set configuration 0: [34945432-9180-41ca-be60-2140985b491a:192.168.34.12:42562], old=null at 0
2019-11-14 12:25:38,475 [00c62217-5fe8-4e7e-82ea-e9eb3a319654@group-832C8B3CFD8D-LeaderElection1] INFO  impl.RaftServerImpl (ServerState.java:setRaftConf(356)) - 00c62217-5fe8-4e7e-82ea-e9eb3a319654@group-832C8B3CFD8D: set configuration 0: [00c62217-5fe8-4e7e-82ea-e9eb3a319654:192.168.34.12:43981], old=null at 0
2019-11-14 12:25:38,517 [Thread-223] INFO  impl.FollowerState (FollowerState.java:run(111)) - cd558214-326f-4a5f-9303-c2e363dc7cbf@group-DB300740D4BE-FollowerState: change to CANDIDATE, lastRpcTime:5049ms, electionTimeout:5049ms
2019-11-14 12:25:38,517 [Thread-223] INFO  impl.RoleInfo (RoleInfo.java:shutdownFollowerState(121)) - cd558214-326f-4a5f-9303-c2e363dc7cbf: shutdown FollowerState
2019-11-14 12:25:38,517 [Thread-223] INFO  impl.RaftServerImpl (RaftServerImpl.java:setRole(173)) - cd558214-326f-4a5f-9303-c2e363dc7cbf@group-DB300740D4BE: changes role from  FOLLOWER to CANDIDATE at term 0 for changeToCandidate
2019-11-14 12:25:38,517 [Thread-223] INFO  impl.RoleInfo (RoleInfo.java:updateAndGet(143)) - cd558214-326f-4a5f-9303-c2e363dc7cbf: start LeaderElection
2019-11-14 12:25:38,533 [cd558214-326f-4a5f-9303-c2e363dc7cbf@group-DB300740D4BE-LeaderElection3] INFO  impl.LeaderElection (LeaderElection.java:askForVotes(178)) - cd558214-326f-4a5f-9303-c2e363dc7cbf@group-DB300740D4BE-LeaderElection3: begin an election at term 1 for -1: [cd558214-326f-4a5f-9303-c2e363dc7cbf:192.168.34.12:41621], old=null
2019-11-14 12:25:38,533 [cd558214-326f-4a5f-9303-c2e363dc7cbf@group-DB300740D4BE-LeaderElection3] INFO  impl.RoleInfo (RoleInfo.java:shutdownLeaderElection(134)) - cd558214-326f-4a5f-9303-c2e363dc7cbf: shutdown LeaderElection
2019-11-14 12:25:38,534 [cd558214-326f-4a5f-9303-c2e363dc7cbf@group-DB300740D4BE-LeaderElection3] INFO  impl.RaftServerImpl (RaftServerImpl.java:setRole(173)) - cd558214-326f-4a5f-9303-c2e363dc7cbf@group-DB300740D4BE: changes role from CANDIDATE to LEADER at term 1 for changeToLeader
2019-11-14 12:25:38,534 [cd558214-326f-4a5f-9303-c2e363dc7cbf@group-DB300740D4BE-LeaderElection3] INFO  ratis.XceiverServerRatis (XceiverServerRatis.java:handleLeaderChangedNotification(697)) - Leader change notification received for group: group-DB300740D4BE with new leaderId: cd558214-326f-4a5f-9303-c2e363dc7cbf
2019-11-14 12:25:38,534 [cd558214-326f-4a5f-9303-c2e363dc7cbf@group-DB300740D4BE-LeaderElection3] INFO  impl.RaftServerImpl (ServerState.java:setLeader(255)) - cd558214-326f-4a5f-9303-c2e363dc7cbf@group-DB300740D4BE: change Leader from null to cd558214-326f-4a5f-9303-c2e363dc7cbf at term 1 for becomeLeader, leader elected after 5071ms
2019-11-14 12:25:38,534 [cd558214-326f-4a5f-9303-c2e363dc7cbf@group-DB300740D4BE-LeaderElection3] INFO  server.RaftServerConfigKeys (ConfUtils.java:logGet(43)) - raft.server.staging.catchup.gap = 1000 (default)
2019-11-14 12:25:38,534 [cd558214-326f-4a5f-9303-c2e363dc7cbf@group-DB300740D4BE-LeaderElection3] INFO  server.RaftServerConfigKeys (ConfUtils.java:logGet(43)) - raft.server.rpc.sleep.time = 25ms (default)
2019-11-14 12:25:38,535 [cd558214-326f-4a5f-9303-c2e363dc7cbf@group-DB300740D4BE-LeaderElection3] INFO  server.RaftServerConfigKeys (ConfUtils.java:logGet(43)) - raft.server.write.element-limit = 4096 (default)
2019-11-14 12:25:38,535 [cd558214-326f-4a5f-9303-c2e363dc7cbf@group-DB300740D4BE-LeaderElection3] INFO  server.RaftServerConfigKeys (ConfUtils.java:logGet(43)) - raft.server.watch.timeout = 10s (default)
2019-11-14 12:25:38,535 [cd558214-326f-4a5f-9303-c2e363dc7cbf@group-DB300740D4BE-LeaderElection3] INFO  server.RaftServerConfigKeys (ConfUtils.java:logGet(43)) - raft.server.watch.timeout.denomination = 1s (default)
2019-11-14 12:25:38,535 [cd558214-326f-4a5f-9303-c2e363dc7cbf@group-DB300740D4BE-LeaderElection3] INFO  server.RaftServerConfigKeys (ConfUtils.java:logGet(43)) - raft.server.watch.element-limit = 65536 (default)
2019-11-14 12:25:38,535 [EventQueue-PipelineReportForPipelineReportHandler] INFO  pipeline.PipelineStateManager (PipelineStateManager.java:openPipeline(134)) - Pipeline Pipeline[ Id: 4cc5e574-8360-4ebd-ac3e-db300740d4be, Nodes: cd558214-326f-4a5f-9303-c2e363dc7cbf{ip: 192.168.34.12, host: pr-hdds-2372-lnsqz-525025365, networkLocation: /default-rack, certSerialId: null}, Type:RATIS, Factor:ONE, State:OPEN] moved to OPEN state
2019-11-14 12:25:38,535 [cd558214-326f-4a5f-9303-c2e363dc7cbf@group-DB300740D4BE-LeaderElection3] INFO  impl.RoleInfo (RoleInfo.java:updateAndGet(143)) - cd558214-326f-4a5f-9303-c2e363dc7cbf: start LeaderState
2019-11-14 12:25:38,536 [cd558214-326f-4a5f-9303-c2e363dc7cbf@group-DB300740D4BE-LeaderElection3] INFO  segmented.SegmentedRaftLogWorker (SegmentedRaftLogWorker.java:startLogSegment(385)) - cd558214-326f-4a5f-9303-c2e363dc7cbf@group-DB300740D4BE-SegmentedRaftLogWorker: Starting segment from index:0
2019-11-14 12:25:38,537 [cd558214-326f-4a5f-9303-c2e363dc7cbf@group-DB300740D4BE-LeaderElection3] INFO  impl.RaftServerImpl (ServerState.java:setRaftConf(356)) - cd558214-326f-4a5f-9303-c2e363dc7cbf@group-DB300740D4BE: set configuration 0: [cd558214-326f-4a5f-9303-c2e363dc7cbf:192.168.34.12:41621], old=null at 0
2019-11-14 12:25:38,565 [Thread-233] INFO  impl.FollowerState (FollowerState.java:run(111)) - 00c62217-5fe8-4e7e-82ea-e9eb3a319654@group-687E5D4EE5B9-FollowerState: change to CANDIDATE, lastRpcTime:5038ms, electionTimeout:5038ms
2019-11-14 12:25:38,566 [Thread-233] INFO  impl.RoleInfo (RoleInfo.java:shutdownFollowerState(121)) - 00c62217-5fe8-4e7e-82ea-e9eb3a319654: shutdown FollowerState
2019-11-14 12:25:38,566 [Thread-233] INFO  impl.RaftServerImpl (RaftServerImpl.java:setRole(173)) - 00c62217-5fe8-4e7e-82ea-e9eb3a319654@group-687E5D4EE5B9: changes role from  FOLLOWER to CANDIDATE at term 0 for changeToCandidate
2019-11-14 12:25:38,566 [Thread-233] INFO  impl.RoleInfo (RoleInfo.java:updateAndGet(143)) - 00c62217-5fe8-4e7e-82ea-e9eb3a319654: start LeaderElection
2019-11-14 12:25:38,593 [00c62217-5fe8-4e7e-82ea-e9eb3a319654@group-687E5D4EE5B9-LeaderElection4] INFO  impl.LeaderElection (LeaderElection.java:askForVotes(178)) - 00c62217-5fe8-4e7e-82ea-e9eb3a319654@group-687E5D4EE5B9-LeaderElection4: begin an election at term 1 for -1: [00c62217-5fe8-4e7e-82ea-e9eb3a319654:192.168.34.12:43981, 34945432-9180-41ca-be60-2140985b491a:192.168.34.12:42562, cd558214-326f-4a5f-9303-c2e363dc7cbf:192.168.34.12:41621], old=null
2019-11-14 12:25:38,638 [grpc-default-executor-2] INFO  impl.RaftServerImpl (RaftServerImpl.java:setRole(173)) - 34945432-9180-41ca-be60-2140985b491a@group-687E5D4EE5B9: changes role from  FOLLOWER to FOLLOWER at term 1 for recognizeCandidate:00c62217-5fe8-4e7e-82ea-e9eb3a319654
2019-11-14 12:25:38,638 [grpc-default-executor-2] INFO  impl.RoleInfo (RoleInfo.java:shutdownFollowerState(121)) - 34945432-9180-41ca-be60-2140985b491a: shutdown FollowerState
2019-11-14 12:25:38,638 [grpc-default-executor-1] INFO  impl.RaftServerImpl (RaftServerImpl.java:setRole(173)) - cd558214-326f-4a5f-9303-c2e363dc7cbf@group-687E5D4EE5B9: changes role from  FOLLOWER to FOLLOWER at term 1 for recognizeCandidate:00c62217-5fe8-4e7e-82ea-e9eb3a319654
2019-11-14 12:25:38,638 [Thread-229] INFO  impl.FollowerState (FollowerState.java:run(120)) - 34945432-9180-41ca-be60-2140985b491a@group-687E5D4EE5B9-FollowerState was interrupted: java.lang.InterruptedException: sleep interrupted
2019-11-14 12:25:38,638 [grpc-default-executor-2] INFO  impl.RoleInfo (RoleInfo.java:updateAndGet(143)) - 34945432-9180-41ca-be60-2140985b491a: start FollowerState
2019-11-14 12:25:38,638 [grpc-default-executor-1] INFO  impl.RoleInfo (RoleInfo.java:shutdownFollowerState(121)) - cd558214-326f-4a5f-9303-c2e363dc7cbf: shutdown FollowerState
2019-11-14 12:25:38,639 [Thread-234] INFO  impl.FollowerState (FollowerState.java:run(120)) - cd558214-326f-4a5f-9303-c2e363dc7cbf@group-687E5D4EE5B9-FollowerState was interrupted: java.lang.InterruptedException: sleep interrupted
2019-11-14 12:25:38,639 [grpc-default-executor-1] INFO  impl.RoleInfo (RoleInfo.java:updateAndGet(143)) - cd558214-326f-4a5f-9303-c2e363dc7cbf: start FollowerState
2019-11-14 12:25:38,642 [34945432-9180-41ca-be60-2140985b491a@group-983D1E9AA262-SegmentedRaftLogWorker] INFO  segmented.SegmentedRaftLogWorker (SegmentedRaftLogWorker.java:execute(576)) - 34945432-9180-41ca-be60-2140985b491a@group-983D1E9AA262-SegmentedRaftLogWorker: created new log segment /workdir/hadoop-ozone/integration-test/target/test-dir/MiniOzoneClusterImpl-cf655b43-0097-49a4-b217-83f11111c146/datanode-1/data/ratis/b841183f-7ad5-4435-9c95-983d1e9aa262/current/log_inprogress_0
2019-11-14 12:25:38,642 [00c62217-5fe8-4e7e-82ea-e9eb3a319654@group-832C8B3CFD8D-SegmentedRaftLogWorker] INFO  segmented.SegmentedRaftLogWorker (SegmentedRaftLogWorker.java:execute(576)) - 00c62217-5fe8-4e7e-82ea-e9eb3a319654@group-832C8B3CFD8D-SegmentedRaftLogWorker: created new log segment /workdir/hadoop-ozone/integration-test/target/test-dir/MiniOzoneClusterImpl-cf655b43-0097-49a4-b217-83f11111c146/datanode-2/data/ratis/f131ac40-2cb5-4518-8c2e-832c8b3cfd8d/current/log_inprogress_0
2019-11-14 12:25:38,642 [cd558214-326f-4a5f-9303-c2e363dc7cbf@group-DB300740D4BE-SegmentedRaftLogWorker] INFO  segmented.SegmentedRaftLogWorker (SegmentedRaftLogWorker.java:execute(576)) - cd558214-326f-4a5f-9303-c2e363dc7cbf@group-DB300740D4BE-SegmentedRaftLogWorker: created new log segment /workdir/hadoop-ozone/integration-test/target/test-dir/MiniOzoneClusterImpl-cf655b43-0097-49a4-b217-83f11111c146/datanode-0/data/ratis/4cc5e574-8360-4ebd-ac3e-db300740d4be/current/log_inprogress_0
2019-11-14 12:25:38,668 [00c62217-5fe8-4e7e-82ea-e9eb3a319654@group-687E5D4EE5B9-LeaderElection4] INFO  impl.LeaderElection (LeaderElection.java:logAndReturn(56)) - 00c62217-5fe8-4e7e-82ea-e9eb3a319654@group-687E5D4EE5B9-LeaderElection4: Election PASSED; received 1 response(s) [00c62217-5fe8-4e7e-82ea-e9eb3a319654<-34945432-9180-41ca-be60-2140985b491a#0:OK-t1] and 0 exception(s); 00c62217-5fe8-4e7e-82ea-e9eb3a319654@group-687E5D4EE5B9:t1, leader=null, voted=00c62217-5fe8-4e7e-82ea-e9eb3a319654, raftlog=00c62217-5fe8-4e7e-82ea-e9eb3a319654@group-687E5D4EE5B9-SegmentedRaftLog:OPENED:c-1,f-1,i0, conf=-1: [00c62217-5fe8-4e7e-82ea-e9eb3a319654:192.168.34.12:43981, 34945432-9180-41ca-be60-2140985b491a:192.168.34.12:42562, cd558214-326f-4a5f-9303-c2e363dc7cbf:192.168.34.12:41621], old=null
2019-11-14 12:25:38,668 [00c62217-5fe8-4e7e-82ea-e9eb3a319654@group-687E5D4EE5B9-LeaderElection4] INFO  impl.RoleInfo (RoleInfo.java:shutdownLeaderElection(134)) - 00c62217-5fe8-4e7e-82ea-e9eb3a319654: shutdown LeaderElection
2019-11-14 12:25:38,668 [00c62217-5fe8-4e7e-82ea-e9eb3a319654@group-687E5D4EE5B9-LeaderElection4] INFO  impl.RaftServerImpl (RaftServerImpl.java:setRole(173)) - 00c62217-5fe8-4e7e-82ea-e9eb3a319654@group-687E5D4EE5B9: changes role from CANDIDATE to LEADER at term 1 for changeToLeader
2019-11-14 12:25:38,669 [00c62217-5fe8-4e7e-82ea-e9eb3a319654@group-687E5D4EE5B9-LeaderElection4] INFO  ratis.XceiverServerRatis (XceiverServerRatis.java:handleLeaderChangedNotification(697)) - Leader change notification received for group: group-687E5D4EE5B9 with new leaderId: 00c62217-5fe8-4e7e-82ea-e9eb3a319654
2019-11-14 12:25:38,669 [00c62217-5fe8-4e7e-82ea-e9eb3a319654@group-687E5D4EE5B9-LeaderElection4] INFO  impl.RaftServerImpl (ServerState.java:setLeader(255)) - 00c62217-5fe8-4e7e-82ea-e9eb3a319654@group-687E5D4EE5B9: change Leader from null to 00c62217-5fe8-4e7e-82ea-e9eb3a319654 at term 1 for becomeLeader, leader elected after 5149ms
2019-11-14 12:25:38,670 [00c62217-5fe8-4e7e-82ea-e9eb3a319654@group-687E5D4EE5B9-LeaderElection4] INFO  server.RaftServerConfigKeys (ConfUtils.java:logGet(43)) - raft.server.staging.catchup.gap = 1000 (default)
2019-11-14 12:25:38,670 [00c62217-5fe8-4e7e-82ea-e9eb3a319654@group-687E5D4EE5B9-LeaderElection4] INFO  server.RaftServerConfigKeys (ConfUtils.java:logGet(43)) - raft.server.rpc.sleep.time = 25ms (default)
2019-11-14 12:25:38,670 [00c62217-5fe8-4e7e-82ea-e9eb3a319654@group-687E5D4EE5B9-LeaderElection4] INFO  server.RaftServerConfigKeys (ConfUtils.java:logGet(43)) - raft.server.write.element-limit = 4096 (default)
2019-11-14 12:25:38,670 [00c62217-5fe8-4e7e-82ea-e9eb3a319654@group-687E5D4EE5B9-LeaderElection4] INFO  server.RaftServerConfigKeys (ConfUtils.java:logGet(43)) - raft.server.watch.timeout = 10s (default)
2019-11-14 12:25:38,670 [00c62217-5fe8-4e7e-82ea-e9eb3a319654@group-687E5D4EE5B9-LeaderElection4] INFO  server.RaftServerConfigKeys (ConfUtils.java:logGet(43)) - raft.server.watch.timeout.denomination = 1s (default)
2019-11-14 12:25:38,670 [00c62217-5fe8-4e7e-82ea-e9eb3a319654@group-687E5D4EE5B9-LeaderElection4] INFO  server.RaftServerConfigKeys (ConfUtils.java:logGet(43)) - raft.server.watch.element-limit = 65536 (default)
2019-11-14 12:25:38,671 [EventQueue-PipelineReportForPipelineReportHandler] INFO  pipeline.PipelineStateManager (PipelineStateManager.java:openPipeline(134)) - Pipeline Pipeline[ Id: 3a9b6b08-a844-44f5-89a3-687e5d4ee5b9, Nodes: cd558214-326f-4a5f-9303-c2e363dc7cbf{ip: 192.168.34.12, host: pr-hdds-2372-lnsqz-525025365, networkLocation: /default-rack, certSerialId: null}00c62217-5fe8-4e7e-82ea-e9eb3a319654{ip: 192.168.34.12, host: pr-hdds-2372-lnsqz-525025365, networkLocation: /default-rack, certSerialId: null}34945432-9180-41ca-be60-2140985b491a{ip: 192.168.34.12, host: pr-hdds-2372-lnsqz-525025365, networkLocation: /default-rack, certSerialId: null}, Type:RATIS, Factor:THREE, State:OPEN] moved to OPEN state
2019-11-14 12:25:38,673 [00c62217-5fe8-4e7e-82ea-e9eb3a319654@group-687E5D4EE5B9-LeaderElection4] INFO  server.RaftServerConfigKeys (ConfUtils.java:logGet(43)) - raft.server.log.appender.snapshot.chunk.size.max = 16MB (=16777216) (default)
2019-11-14 12:25:38,674 [00c62217-5fe8-4e7e-82ea-e9eb3a319654@group-687E5D4EE5B9-LeaderElection4] INFO  server.RaftServerConfigKeys (ConfUtils.java:logGet(43)) - raft.server.log.appender.buffer.byte-limit = 33554432 (custom)
2019-11-14 12:25:38,674 [00c62217-5fe8-4e7e-82ea-e9eb3a319654@group-687E5D4EE5B9-LeaderElection4] INFO  server.RaftServerConfigKeys (ConfUtils.java:logGet(43)) - raft.server.log.appender.buffer.element-limit = 1 (custom)
2019-11-14 12:25:38,677 [00c62217-5fe8-4e7e-82ea-e9eb3a319654@group-687E5D4EE5B9-LeaderElection4] INFO  grpc.GrpcConfigKeys$Server (ConfUtils.java:logGet(43)) - raft.grpc.server.leader.outstanding.appends.max = 128 (default)
2019-11-14 12:25:38,678 [00c62217-5fe8-4e7e-82ea-e9eb3a319654@group-687E5D4EE5B9-LeaderElection4] INFO  server.RaftServerConfigKeys (ConfUtils.java:logGet(43)) - raft.server.rpc.request.timeout = 3000ms (default)
2019-11-14 12:25:38,678 [00c62217-5fe8-4e7e-82ea-e9eb3a319654@group-687E5D4EE5B9-LeaderElection4] INFO  server.RaftServerConfigKeys (ConfUtils.java:logGet(43)) - raft.server.log.appender.install.snapshot.enabled = false (custom)
2019-11-14 12:25:38,679 [00c62217-5fe8-4e7e-82ea-e9eb3a319654@group-687E5D4EE5B9-LeaderElection4] WARN  impl.MetricRegistriesImpl (MetricRegistriesImpl.java:lambda$create$1(61)) - First MetricRegistry has been created without registering reporters. You may need to call MetricRegistries.global().addReportRegistration(...) before.
2019-11-14 12:25:38,680 [00c62217-5fe8-4e7e-82ea-e9eb3a319654@group-687E5D4EE5B9-LeaderElection4] INFO  server.RaftServerConfigKeys (ConfUtils.java:logGet(43)) - raft.server.log.appender.snapshot.chunk.size.max = 16MB (=16777216) (default)
2019-11-14 12:25:38,680 [00c62217-5fe8-4e7e-82ea-e9eb3a319654@group-687E5D4EE5B9-LeaderElection4] INFO  server.RaftServerConfigKeys (ConfUtils.java:logGet(43)) - raft.server.log.appender.buffer.byte-limit = 33554432 (custom)
2019-11-14 12:25:38,680 [00c62217-5fe8-4e7e-82ea-e9eb3a319654@group-687E5D4EE5B9-LeaderElection4] INFO  server.RaftServerConfigKeys (ConfUtils.java:logGet(43)) - raft.server.log.appender.buffer.element-limit = 1 (custom)
2019-11-14 12:25:38,680 [00c62217-5fe8-4e7e-82ea-e9eb3a319654@group-687E5D4EE5B9-LeaderElection4] INFO  grpc.GrpcConfigKeys$Server (ConfUtils.java:logGet(43)) - raft.grpc.server.leader.outstanding.appends.max = 128 (default)
2019-11-14 12:25:38,680 [00c62217-5fe8-4e7e-82ea-e9eb3a319654@group-687E5D4EE5B9-LeaderElection4] INFO  server.RaftServerConfigKeys (ConfUtils.java:logGet(43)) - raft.server.rpc.request.timeout = 3000ms (default)
2019-11-14 12:25:38,680 [00c62217-5fe8-4e7e-82ea-e9eb3a319654@group-687E5D4EE5B9-LeaderElection4] INFO  server.RaftServerConfigKeys (ConfUtils.java:logGet(43)) - raft.server.log.appender.install.snapshot.enabled = false (custom)
2019-11-14 12:25:38,683 [00c62217-5fe8-4e7e-82ea-e9eb3a319654@group-687E5D4EE5B9-LeaderElection4] INFO  impl.RoleInfo (RoleInfo.java:updateAndGet(143)) - 00c62217-5fe8-4e7e-82ea-e9eb3a319654: start LeaderState
2019-11-14 12:25:38,683 [00c62217-5fe8-4e7e-82ea-e9eb3a319654@group-687E5D4EE5B9-LeaderElection4] INFO  segmented.SegmentedRaftLogWorker (SegmentedRaftLogWorker.java:startLogSegment(385)) - 00c62217-5fe8-4e7e-82ea-e9eb3a319654@group-687E5D4EE5B9-SegmentedRaftLogWorker: Starting segment from index:0
2019-11-14 12:25:38,684 [00c62217-5fe8-4e7e-82ea-e9eb3a319654@group-687E5D4EE5B9-LeaderElection4] INFO  impl.RaftServerImpl (ServerState.java:setRaftConf(356)) - 00c62217-5fe8-4e7e-82ea-e9eb3a319654@group-687E5D4EE5B9: set configuration 0: [00c62217-5fe8-4e7e-82ea-e9eb3a319654:192.168.34.12:43981, 34945432-9180-41ca-be60-2140985b491a:192.168.34.12:42562, cd558214-326f-4a5f-9303-c2e363dc7cbf:192.168.34.12:41621], old=null at 0
2019-11-14 12:25:38,729 [grpc-default-executor-1] INFO  ratis.XceiverServerRatis (XceiverServerRatis.java:handleLeaderChangedNotification(697)) - Leader change notification received for group: group-687E5D4EE5B9 with new leaderId: 00c62217-5fe8-4e7e-82ea-e9eb3a319654
2019-11-14 12:25:38,730 [grpc-default-executor-2] INFO  ratis.XceiverServerRatis (XceiverServerRatis.java:handleLeaderChangedNotification(697)) - Leader change notification received for group: group-687E5D4EE5B9 with new leaderId: 00c62217-5fe8-4e7e-82ea-e9eb3a319654
2019-11-14 12:25:38,730 [grpc-default-executor-1] INFO  impl.RaftServerImpl (ServerState.java:setLeader(255)) - cd558214-326f-4a5f-9303-c2e363dc7cbf@group-687E5D4EE5B9: change Leader from null to 00c62217-5fe8-4e7e-82ea-e9eb3a319654 at term 1 for appendEntries, leader elected after 5210ms
2019-11-14 12:25:38,730 [grpc-default-executor-2] INFO  impl.RaftServerImpl (ServerState.java:setLeader(255)) - 34945432-9180-41ca-be60-2140985b491a@group-687E5D4EE5B9: change Leader from null to 00c62217-5fe8-4e7e-82ea-e9eb3a319654 at term 1 for appendEntries, leader elected after 5211ms
2019-11-14 12:25:38,734 [00c62217-5fe8-4e7e-82ea-e9eb3a319654@group-687E5D4EE5B9-SegmentedRaftLogWorker] INFO  segmented.SegmentedRaftLogWorker (SegmentedRaftLogWorker.java:execute(576)) - 00c62217-5fe8-4e7e-82ea-e9eb3a319654@group-687E5D4EE5B9-SegmentedRaftLogWorker: created new log segment /workdir/hadoop-ozone/integration-test/target/test-dir/MiniOzoneClusterImpl-cf655b43-0097-49a4-b217-83f11111c146/datanode-2/data/ratis/3a9b6b08-a844-44f5-89a3-687e5d4ee5b9/current/log_inprogress_0
2019-11-14 12:25:38,757 [grpc-default-executor-1] INFO  impl.RaftServerImpl (ServerState.java:setRaftConf(356)) - 34945432-9180-41ca-be60-2140985b491a@group-687E5D4EE5B9: set configuration 0: [00c62217-5fe8-4e7e-82ea-e9eb3a319654:192.168.34.12:43981, 34945432-9180-41ca-be60-2140985b491a:192.168.34.12:42562, cd558214-326f-4a5f-9303-c2e363dc7cbf:192.168.34.12:41621], old=null at 0
2019-11-14 12:25:38,757 [grpc-default-executor-2] INFO  impl.RaftServerImpl (ServerState.java:setRaftConf(356)) - cd558214-326f-4a5f-9303-c2e363dc7cbf@group-687E5D4EE5B9: set configuration 0: [00c62217-5fe8-4e7e-82ea-e9eb3a319654:192.168.34.12:43981, 34945432-9180-41ca-be60-2140985b491a:192.168.34.12:42562, cd558214-326f-4a5f-9303-c2e363dc7cbf:192.168.34.12:41621], old=null at 0
2019-11-14 12:25:38,758 [grpc-default-executor-1] INFO  segmented.SegmentedRaftLogWorker (SegmentedRaftLogWorker.java:startLogSegment(385)) - 34945432-9180-41ca-be60-2140985b491a@group-687E5D4EE5B9-SegmentedRaftLogWorker: Starting segment from index:0
2019-11-14 12:25:38,758 [grpc-default-executor-2] INFO  segmented.SegmentedRaftLogWorker (SegmentedRaftLogWorker.java:startLogSegment(385)) - cd558214-326f-4a5f-9303-c2e363dc7cbf@group-687E5D4EE5B9-SegmentedRaftLogWorker: Starting segment from index:0
2019-11-14 12:25:38,803 [34945432-9180-41ca-be60-2140985b491a@group-687E5D4EE5B9-SegmentedRaftLogWorker] INFO  segmented.SegmentedRaftLogWorker (SegmentedRaftLogWorker.java:execute(576)) - 34945432-9180-41ca-be60-2140985b491a@group-687E5D4EE5B9-SegmentedRaftLogWorker: created new log segment /workdir/hadoop-ozone/integration-test/target/test-dir/MiniOzoneClusterImpl-cf655b43-0097-49a4-b217-83f11111c146/datanode-1/data/ratis/3a9b6b08-a844-44f5-89a3-687e5d4ee5b9/current/log_inprogress_0
2019-11-14 12:25:38,803 [cd558214-326f-4a5f-9303-c2e363dc7cbf@group-687E5D4EE5B9-SegmentedRaftLogWorker] INFO  segmented.SegmentedRaftLogWorker (SegmentedRaftLogWorker.java:execute(576)) - cd558214-326f-4a5f-9303-c2e363dc7cbf@group-687E5D4EE5B9-SegmentedRaftLogWorker: created new log segment /workdir/hadoop-ozone/integration-test/target/test-dir/MiniOzoneClusterImpl-cf655b43-0097-49a4-b217-83f11111c146/datanode-0/data/ratis/3a9b6b08-a844-44f5-89a3-687e5d4ee5b9/current/log_inprogress_0
2019-11-14 12:25:38,853 [main] INFO  ozone.MiniOzoneClusterImpl (MiniOzoneClusterImpl.java:lambda$waitForClusterToBeReady$2(171)) - Cluster is ready. Got 3 of 3 DN Heartbeats.
2019-11-14 12:25:39,606 [main] INFO  rpc.RpcClient (RpcClient.java:createVolume(292)) - Creating Volume: testcontainerstatemachinefailures, with jenkins1000 as owner.
2019-11-14 12:25:39,663 [IPC Server handler 1 on 39648] INFO  volume.OMVolumeCreateRequest (OMVolumeCreateRequest.java:validateAndUpdateCache(193)) - created volume:testcontainerstatemachinefailures for user:jenkins1000
2019-11-14 12:25:39,693 [main] INFO  rpc.RpcClient (RpcClient.java:createBucket(431)) - Creating Bucket: testcontainerstatemachinefailures/testcontainerstatemachinefailures, with Versioning false and Storage Type set to DISK and Encryption set to false 
2019-11-14 12:25:39,842 [main] INFO  impl.MetricsSystemImpl (MetricsSystemImpl.java:init(158)) - XceiverClientMetrics metrics system started (again)
2019-11-14 12:25:40,330 [Datanode State Machine Thread - 0] INFO  statemachine.DatanodeStateMachine (DatanodeStateMachine.java:lambda$startDaemon$0(350)) - Ozone container server started.
2019-11-14 12:25:45,274 [main] INFO  ozoneimpl.OzoneContainer (OzoneContainer.java:stop(244)) - Attempting to stop container services.
2019-11-14 12:25:45,275 [main] INFO  impl.RaftServerProxy (RaftServerProxy.java:lambda$close$4(314)) - 34945432-9180-41ca-be60-2140985b491a: close
2019-11-14 12:25:45,276 [main] INFO  impl.RaftServerImpl (RaftServerImpl.java:lambda$shutdown$3(250)) - 34945432-9180-41ca-be60-2140985b491a@group-687E5D4EE5B9: shutdown
2019-11-14 12:25:45,277 [main] INFO  util.JmxRegister (JmxRegister.java:unregister(73)) - Successfully un-registered JMX Bean with object name Ratis:service=RaftServer,group=group-687E5D4EE5B9,id=34945432-9180-41ca-be60-2140985b491a
2019-11-14 12:25:45,277 [main] INFO  impl.RoleInfo (RoleInfo.java:shutdownFollowerState(121)) - 34945432-9180-41ca-be60-2140985b491a: shutdown FollowerState
2019-11-14 12:25:45,277 [main] INFO  impl.StateMachineUpdater (StateMachineUpdater.java:stopAndJoin(136)) - 34945432-9180-41ca-be60-2140985b491a@group-687E5D4EE5B9-StateMachineUpdater: set stopIndex = 4
2019-11-14 12:25:45,277 [Thread-255] INFO  impl.FollowerState (FollowerState.java:run(120)) - 34945432-9180-41ca-be60-2140985b491a@group-687E5D4EE5B9-FollowerState was interrupted: java.lang.InterruptedException: sleep interrupted
2019-11-14 12:25:45,279 [34945432-9180-41ca-be60-2140985b491a@group-687E5D4EE5B9-StateMachineUpdater] INFO  ratis.ContainerStateMachine (ContainerStateMachine.java:takeSnapshot(285)) - group-687E5D4EE5B9: Taking a snapshot at:(t:1, i:2) file /workdir/hadoop-ozone/integration-test/target/test-dir/MiniOzoneClusterImpl-cf655b43-0097-49a4-b217-83f11111c146/datanode-1/data/ratis/3a9b6b08-a844-44f5-89a3-687e5d4ee5b9/sm/snapshot.1_2
2019-11-14 12:25:45,392 [34945432-9180-41ca-be60-2140985b491a@group-687E5D4EE5B9-StateMachineUpdater] INFO  ratis.ContainerStateMachine (ContainerStateMachine.java:takeSnapshot(296)) - group-687E5D4EE5B9: Finished taking a snapshot at:(t:1, i:2) file:/workdir/hadoop-ozone/integration-test/target/test-dir/MiniOzoneClusterImpl-cf655b43-0097-49a4-b217-83f11111c146/datanode-1/data/ratis/3a9b6b08-a844-44f5-89a3-687e5d4ee5b9/sm/snapshot.1_2 time:115
2019-11-14 12:25:45,394 [34945432-9180-41ca-be60-2140985b491a@group-687E5D4EE5B9-StateMachineUpdater] INFO  impl.StateMachineUpdater (StateMachineUpdater.java:takeSnapshot(269)) - 34945432-9180-41ca-be60-2140985b491a@group-687E5D4EE5B9-StateMachineUpdater: Took a snapshot at index 2
2019-11-14 12:25:45,394 [34945432-9180-41ca-be60-2140985b491a@group-687E5D4EE5B9-StateMachineUpdater] INFO  impl.StateMachineUpdater (StateMachineUpdater.java:lambda$new$0(84)) - 34945432-9180-41ca-be60-2140985b491a@group-687E5D4EE5B9-StateMachineUpdater: snapshotIndex: updateIncreasingly -1 -> 2
2019-11-14 12:25:45,397 [34945432-9180-41ca-be60-2140985b491a@group-687E5D4EE5B9-StateMachineUpdater] INFO  ratis.ContainerStateMachine (ContainerStateMachine.java:takeSnapshot(285)) - group-687E5D4EE5B9: Taking a snapshot at:(t:1, i:2) file /workdir/hadoop-ozone/integration-test/target/test-dir/MiniOzoneClusterImpl-cf655b43-0097-49a4-b217-83f11111c146/datanode-1/data/ratis/3a9b6b08-a844-44f5-89a3-687e5d4ee5b9/sm/snapshot.1_2
2019-11-14 12:25:45,430 [34945432-9180-41ca-be60-2140985b491a@group-687E5D4EE5B9-StateMachineUpdater] INFO  ratis.ContainerStateMachine (ContainerStateMachine.java:takeSnapshot(296)) - group-687E5D4EE5B9: Finished taking a snapshot at:(t:1, i:2) file:/workdir/hadoop-ozone/integration-test/target/test-dir/MiniOzoneClusterImpl-cf655b43-0097-49a4-b217-83f11111c146/datanode-1/data/ratis/3a9b6b08-a844-44f5-89a3-687e5d4ee5b9/sm/snapshot.1_2 time:32
2019-11-14 12:25:45,430 [34945432-9180-41ca-be60-2140985b491a@group-687E5D4EE5B9-StateMachineUpdater] INFO  impl.StateMachineUpdater (StateMachineUpdater.java:takeSnapshot(269)) - 34945432-9180-41ca-be60-2140985b491a@group-687E5D4EE5B9-StateMachineUpdater: Took a snapshot at index 2
2019-11-14 12:25:45,430 [34945432-9180-41ca-be60-2140985b491a@group-687E5D4EE5B9-StateMachineUpdater] INFO  impl.StateMachineUpdater (StateMachineUpdater.java:lambda$new$0(84)) - 34945432-9180-41ca-be60-2140985b491a@group-687E5D4EE5B9-StateMachineUpdater: snapshotIndex: updateIncreasingly 2 -> 2
2019-11-14 12:25:45,430 [main] INFO  impl.RaftServerImpl (ServerState.java:close(387)) - 34945432-9180-41ca-be60-2140985b491a@group-687E5D4EE5B9: closes. applyIndex: 4
2019-11-14 12:25:45,431 [34945432-9180-41ca-be60-2140985b491a@group-687E5D4EE5B9-SegmentedRaftLogWorker] INFO  segmented.SegmentedRaftLogWorker (SegmentedRaftLogWorker.java:run(316)) - 34945432-9180-41ca-be60-2140985b491a@group-687E5D4EE5B9-SegmentedRaftLogWorker was interrupted, exiting. There are 0 tasks remaining in the queue.
2019-11-14 12:25:45,432 [main] INFO  segmented.SegmentedRaftLogWorker (SegmentedRaftLogWorker.java:close(224)) - 34945432-9180-41ca-be60-2140985b491a@group-687E5D4EE5B9-SegmentedRaftLogWorker close()
2019-11-14 12:25:45,433 [main] INFO  impl.RaftServerImpl (RaftServerImpl.java:lambda$shutdown$3(250)) - 34945432-9180-41ca-be60-2140985b491a@group-983D1E9AA262: shutdown
2019-11-14 12:25:45,433 [main] INFO  util.JmxRegister (JmxRegister.java:unregister(73)) - Successfully un-registered JMX Bean with object name Ratis:service=RaftServer,group=group-983D1E9AA262,id=34945432-9180-41ca-be60-2140985b491a
2019-11-14 12:25:45,434 [main] INFO  impl.RoleInfo (RoleInfo.java:shutdownLeaderState(104)) - 34945432-9180-41ca-be60-2140985b491a: shutdown LeaderState
2019-11-14 12:25:45,434 [main] INFO  impl.PendingRequests (PendingRequests.java:sendNotLeaderResponses(206)) - 34945432-9180-41ca-be60-2140985b491a@group-983D1E9AA262-PendingRequests: sendNotLeaderResponses
2019-11-14 12:25:45,436 [main] INFO  impl.StateMachineUpdater (StateMachineUpdater.java:stopAndJoin(136)) - 34945432-9180-41ca-be60-2140985b491a@group-983D1E9AA262-StateMachineUpdater: set stopIndex = 0
2019-11-14 12:25:45,436 [main] INFO  impl.RaftServerImpl (ServerState.java:close(387)) - 34945432-9180-41ca-be60-2140985b491a@group-983D1E9AA262: closes. applyIndex: 0
2019-11-14 12:25:45,437 [34945432-9180-41ca-be60-2140985b491a@group-983D1E9AA262-SegmentedRaftLogWorker] INFO  segmented.SegmentedRaftLogWorker (SegmentedRaftLogWorker.java:run(316)) - 34945432-9180-41ca-be60-2140985b491a@group-983D1E9AA262-SegmentedRaftLogWorker was interrupted, exiting. There are 0 tasks remaining in the queue.
2019-11-14 12:25:45,437 [main] INFO  segmented.SegmentedRaftLogWorker (SegmentedRaftLogWorker.java:close(224)) - 34945432-9180-41ca-be60-2140985b491a@group-983D1E9AA262-SegmentedRaftLogWorker close()
2019-11-14 12:25:45,439 [main] INFO  server.GrpcService (GrpcService.java:closeImpl(164)) - 34945432-9180-41ca-be60-2140985b491a: shutdown server with port 42562 now
2019-11-14 12:25:45,444 [grpc-default-executor-1] WARN  server.GrpcServerProtocolService (LogUtils.java:warn(134)) - 34945432-9180-41ca-be60-2140985b491a: installSnapshot onError, lastRequest: 00c62217-5fe8-4e7e-82ea-e9eb3a319654->34945432-9180-41ca-be60-2140985b491a#7-t1, previous=(t:1, i:4), leaderCommit=4, initializing? false, entries: <empty>: org.apache.ratis.thirdparty.io.grpc.StatusRuntimeException: CANCELLED: cancelled before receiving half close
2019-11-14 12:25:45,444 [main] INFO  server.GrpcService (GrpcService.java:closeImpl(172)) - 34945432-9180-41ca-be60-2140985b491a: shutdown server with port 42562 successfully
2019-11-14 12:25:45,447 [grpc-default-executor-2] WARN  server.GrpcLogAppender (LogUtils.java:warn(134)) - 00c62217-5fe8-4e7e-82ea-e9eb3a319654@group-687E5D4EE5B9->34945432-9180-41ca-be60-2140985b491a-AppendLogResponseHandler: Failed appendEntries: org.apache.ratis.thirdparty.io.grpc.StatusRuntimeException: CANCELLED: HTTP/2 error code: CANCEL
Received Rst Stream
2019-11-14 12:25:45,447 [refreshUsed-/workdir/hadoop-ozone/integration-test/target/test-dir/MiniOzoneClusterImpl-cf655b43-0097-49a4-b217-83f11111c146/datanode-1/data/containers] WARN  fs.CachingGetSpaceUsed (CachingGetSpaceUsed.java:run(183)) - Thread Interrupted waiting to refresh disk information: sleep interrupted
2019-11-14 12:25:45,453 [grpc-default-executor-2] INFO  impl.FollowerInfo (FollowerInfo.java:lambda$new$0(51)) - 00c62217-5fe8-4e7e-82ea-e9eb3a319654@group-687E5D4EE5B9->34945432-9180-41ca-be60-2140985b491a: nextIndex: updateUnconditionally 5 -> 4
2019-11-14 12:25:45,469 [main] INFO  utils.BackgroundService (BackgroundService.java:shutdown(151)) - Shutting down service BlockDeletingService
2019-11-14 12:25:45,472 [main] INFO  statemachine.DatanodeStateMachine (DatanodeStateMachine.java:stopDaemon(395)) - Ozone container server stopped.
2019-11-14 12:25:45,477 [main] INFO  handler.ContextHandler (ContextHandler.java:doStop(910)) - Stopped o.e.j.w.WebAppContext@730f9695{/,null,UNAVAILABLE}{/hddsDatanode}
2019-11-14 12:25:45,483 [main] INFO  server.AbstractConnector (AbstractConnector.java:doStop(318)) - Stopped ServerConnector@277bf091{HTTP/1.1,[http/1.1]}{0.0.0.0:0}
2019-11-14 12:25:45,483 [main] INFO  handler.ContextHandler (ContextHandler.java:doStop(910)) - Stopped o.e.j.s.ServletContextHandler@60783105{/static,jar:file:/home/user/.m2/repository/org/apache/hadoop/hadoop-hdds-container-service/0.5.0-SNAPSHOT/hadoop-hdds-container-service-0.5.0-SNAPSHOT.jar!/webapps/static,UNAVAILABLE}
2019-11-14 12:25:45,484 [main] INFO  handler.ContextHandler (ContextHandler.java:doStop(910)) - Stopped o.e.j.s.ServletContextHandler@546e61d5{/logs,file:///workdir/hadoop-ozone/integration-test/target/log,UNAVAILABLE}
2019-11-14 12:25:45,500 [grpc-default-executor-1] WARN  server.GrpcLogAppender (LogUtils.java:warn(134)) - 00c62217-5fe8-4e7e-82ea-e9eb3a319654@group-687E5D4EE5B9->34945432-9180-41ca-be60-2140985b491a-AppendLogResponseHandler: Failed appendEntries: org.apache.ratis.thirdparty.io.grpc.StatusRuntimeException: UNAVAILABLE: io exception
2019-11-14 12:25:45,501 [grpc-default-executor-1] INFO  impl.FollowerInfo (FollowerInfo.java:lambda$new$0(51)) - 00c62217-5fe8-4e7e-82ea-e9eb3a319654@group-687E5D4EE5B9->34945432-9180-41ca-be60-2140985b491a: nextIndex: updateUnconditionally 5 -> 4
2019-11-14 12:25:45,508 [grpc-default-executor-3] WARN  server.GrpcLogAppender (LogUtils.java:warn(134)) - 00c62217-5fe8-4e7e-82ea-e9eb3a319654@group-687E5D4EE5B9->34945432-9180-41ca-be60-2140985b491a-AppendLogResponseHandler: Failed appendEntries: org.apache.ratis.thirdparty.io.grpc.StatusRuntimeException: UNAVAILABLE: io exception
2019-11-14 12:25:45,509 [grpc-default-executor-3] INFO  impl.FollowerInfo (FollowerInfo.java:lambda$new$0(51)) - 00c62217-5fe8-4e7e-82ea-e9eb3a319654@group-687E5D4EE5B9->34945432-9180-41ca-be60-2140985b491a: nextIndex: updateUnconditionally 5 -> 4
2019-11-14 12:25:45,521 [grpc-default-executor-1] WARN  server.GrpcLogAppender (LogUtils.java:warn(134)) - 00c62217-5fe8-4e7e-82ea-e9eb3a319654@group-687E5D4EE5B9->34945432-9180-41ca-be60-2140985b491a-AppendLogResponseHandler: Failed appendEntries: org.apache.ratis.thirdparty.io.grpc.StatusRuntimeException: UNAVAILABLE: io exception
2019-11-14 12:25:45,522 [grpc-default-executor-1] INFO  impl.FollowerInfo (FollowerInfo.java:lambda$new$0(51)) - 00c62217-5fe8-4e7e-82ea-e9eb3a319654@group-687E5D4EE5B9->34945432-9180-41ca-be60-2140985b491a: nextIndex: updateUnconditionally 5 -> 4
2019-11-14 12:25:48,031 [grpc-default-executor-1] WARN  server.GrpcLogAppender (LogUtils.java:warn(134)) - 00c62217-5fe8-4e7e-82ea-e9eb3a319654@group-687E5D4EE5B9->34945432-9180-41ca-be60-2140985b491a-AppendLogResponseHandler: Failed appendEntries: org.apache.ratis.thirdparty.io.grpc.StatusRuntimeException: UNAVAILABLE: io exception
2019-11-14 12:25:48,032 [grpc-default-executor-1] INFO  impl.FollowerInfo (FollowerInfo.java:lambda$new$0(51)) - 00c62217-5fe8-4e7e-82ea-e9eb3a319654@group-687E5D4EE5B9->34945432-9180-41ca-be60-2140985b491a: nextIndex: updateUnconditionally 4 -> 3
2019-11-14 12:25:50,532 [grpc-default-executor-0] WARN  server.GrpcLogAppender (LogUtils.java:warn(134)) - 00c62217-5fe8-4e7e-82ea-e9eb3a319654@group-687E5D4EE5B9->34945432-9180-41ca-be60-2140985b491a-AppendLogResponseHandler: Failed appendEntries: org.apache.ratis.thirdparty.io.grpc.StatusRuntimeException: UNAVAILABLE: io exception
2019-11-14 12:25:50,533 [grpc-default-executor-0] INFO  impl.FollowerInfo (FollowerInfo.java:lambda$new$0(51)) - 00c62217-5fe8-4e7e-82ea-e9eb3a319654@group-687E5D4EE5B9->34945432-9180-41ca-be60-2140985b491a: nextIndex: updateUnconditionally 3 -> 2
2019-11-14 12:25:53,034 [grpc-default-executor-1] WARN  server.GrpcLogAppender (LogUtils.java:warn(134)) - 00c62217-5fe8-4e7e-82ea-e9eb3a319654@group-687E5D4EE5B9->34945432-9180-41ca-be60-2140985b491a-AppendLogResponseHandler: Failed appendEntries: org.apache.ratis.thirdparty.io.grpc.StatusRuntimeException: UNAVAILABLE: io exception
2019-11-14 12:25:53,036 [grpc-default-executor-1] INFO  impl.FollowerInfo (FollowerInfo.java:lambda$new$0(51)) - 00c62217-5fe8-4e7e-82ea-e9eb3a319654@group-687E5D4EE5B9->34945432-9180-41ca-be60-2140985b491a: nextIndex: updateUnconditionally 2 -> 1
2019-11-14 12:25:54,534 [Thread-301] INFO  client.GrpcClientProtocolService (GrpcClientProtocolService.java:lambda$processClientRequest$0(279)) - Failed RaftClientRequest:client-E39780D61DFF->cd558214-326f-4a5f-9303-c2e363dc7cbf@group-687E5D4EE5B9, cid=23, seq=0, Watch-ALL_COMMITTED(6), Message:<EMPTY>, reply=RaftClientReply:client-E39780D61DFF->cd558214-326f-4a5f-9303-c2e363dc7cbf@group-687E5D4EE5B9, cid=23, FAILED org.apache.ratis.protocol.NotLeaderException: Server cd558214-326f-4a5f-9303-c2e363dc7cbf@group-687E5D4EE5B9 is not the leader 00c62217-5fe8-4e7e-82ea-e9eb3a319654:192.168.34.12:43981, logIndex=0, commits[cd558214-326f-4a5f-9303-c2e363dc7cbf:c8, 00c62217-5fe8-4e7e-82ea-e9eb3a319654:c8, 34945432-9180-41ca-be60-2140985b491a:c4]
2019-11-14 12:25:55,536 [grpc-default-executor-2] WARN  server.GrpcLogAppender (LogUtils.java:warn(134)) - 00c62217-5fe8-4e7e-82ea-e9eb3a319654@group-687E5D4EE5B9->34945432-9180-41ca-be60-2140985b491a-AppendLogResponseHandler: Failed appendEntries: org.apache.ratis.thirdparty.io.grpc.StatusRuntimeException: UNAVAILABLE: io exception
2019-11-14 12:25:55,538 [grpc-default-executor-2] INFO  impl.FollowerInfo (FollowerInfo.java:lambda$new$0(51)) - 00c62217-5fe8-4e7e-82ea-e9eb3a319654@group-687E5D4EE5B9->34945432-9180-41ca-be60-2140985b491a: nextIndex: updateUnconditionally 1 -> 0
2019-11-14 12:25:55,760 [Thread-305] INFO  client.GrpcClientProtocolService (GrpcClientProtocolService.java:lambda$processClientRequest$0(279)) - Failed RaftClientRequest:client-E39780D61DFF->00c62217-5fe8-4e7e-82ea-e9eb3a319654@group-687E5D4EE5B9, cid=23, seq=0, Watch-ALL_COMMITTED(6), Message:<EMPTY>, reply=RaftClientReply:client-E39780D61DFF->00c62217-5fe8-4e7e-82ea-e9eb3a319654@group-687E5D4EE5B9, cid=23, FAILED org.apache.ratis.protocol.NotReplicatedException: Request with call Id 23 and log index 6 is not yet replicated to ALL_COMMITTED, logIndex=6, commits[00c62217-5fe8-4e7e-82ea-e9eb3a319654:c8, 34945432-9180-41ca-be60-2140985b491a:c4, cd558214-326f-4a5f-9303-c2e363dc7cbf:c8]
2019-11-14 12:25:58,039 [grpc-default-executor-2] WARN  server.GrpcLogAppender (LogUtils.java:warn(134)) - 00c62217-5fe8-4e7e-82ea-e9eb3a319654@group-687E5D4EE5B9->34945432-9180-41ca-be60-2140985b491a-AppendLogResponseHandler: Failed appendEntries: org.apache.ratis.thirdparty.io.grpc.StatusRuntimeException: UNAVAILABLE: io exception
2019-11-14 12:25:58,041 [grpc-default-executor-2] INFO  impl.FollowerInfo (FollowerInfo.java:lambda$new$0(51)) - 00c62217-5fe8-4e7e-82ea-e9eb3a319654@group-687E5D4EE5B9->34945432-9180-41ca-be60-2140985b491a: nextIndex: updateUnconditionally 0 -> 0
2019-11-14 12:26:00,549 [grpc-default-executor-2] WARN  server.GrpcLogAppender (LogUtils.java:warn(134)) - 00c62217-5fe8-4e7e-82ea-e9eb3a319654@group-687E5D4EE5B9->34945432-9180-41ca-be60-2140985b491a-AppendLogResponseHandler: Failed appendEntries: org.apache.ratis.thirdparty.io.grpc.StatusRuntimeException: UNAVAILABLE: io exception
2019-11-14 12:26:00,551 [grpc-default-executor-2] INFO  impl.FollowerInfo (FollowerInfo.java:lambda$new$0(51)) - 00c62217-5fe8-4e7e-82ea-e9eb3a319654@group-687E5D4EE5B9->34945432-9180-41ca-be60-2140985b491a: nextIndex: updateUnconditionally 0 -> 0
2019-11-14 12:26:03,052 [grpc-default-executor-0] WARN  server.GrpcLogAppender (LogUtils.java:warn(134)) - 00c62217-5fe8-4e7e-82ea-e9eb3a319654@group-687E5D4EE5B9->34945432-9180-41ca-be60-2140985b491a-AppendLogResponseHandler: Failed appendEntries: org.apache.ratis.thirdparty.io.grpc.StatusRuntimeException: UNAVAILABLE: io exception
2019-11-14 12:26:03,053 [grpc-default-executor-0] INFO  impl.FollowerInfo (FollowerInfo.java:lambda$new$0(51)) - 00c62217-5fe8-4e7e-82ea-e9eb3a319654@group-687E5D4EE5B9->34945432-9180-41ca-be60-2140985b491a: nextIndex: updateUnconditionally 0 -> 0
2019-11-14 12:26:03,556 [Thread-311] INFO  client.GrpcClientProtocolService (GrpcClientProtocolService.java:lambda$processClientRequest$0(279)) - Failed RaftClientRequest:client-E39780D61DFF->cd558214-326f-4a5f-9303-c2e363dc7cbf@group-687E5D4EE5B9, cid=23, seq=0, Watch-ALL_COMMITTED(6), Message:<EMPTY>, reply=RaftClientReply:client-E39780D61DFF->cd558214-326f-4a5f-9303-c2e363dc7cbf@group-687E5D4EE5B9, cid=23, FAILED org.apache.ratis.protocol.NotLeaderException: Server cd558214-326f-4a5f-9303-c2e363dc7cbf@group-687E5D4EE5B9 is not the leader 00c62217-5fe8-4e7e-82ea-e9eb3a319654:192.168.34.12:43981, logIndex=0, commits[cd558214-326f-4a5f-9303-c2e363dc7cbf:c8, 00c62217-5fe8-4e7e-82ea-e9eb3a319654:c8, 34945432-9180-41ca-be60-2140985b491a:c4]
2019-11-14 12:26:04,757 [Thread-314] INFO  client.GrpcClientProtocolService (GrpcClientProtocolService.java:lambda$processClientRequest$0(279)) - Failed RaftClientRequest:client-E39780D61DFF->00c62217-5fe8-4e7e-82ea-e9eb3a319654@group-687E5D4EE5B9, cid=23, seq=0, Watch-ALL_COMMITTED(6), Message:<EMPTY>, reply=RaftClientReply:client-E39780D61DFF->00c62217-5fe8-4e7e-82ea-e9eb3a319654@group-687E5D4EE5B9, cid=23, FAILED org.apache.ratis.protocol.NotReplicatedException: Request with call Id 23 and log index 6 is not yet replicated to ALL_COMMITTED, logIndex=6, commits[00c62217-5fe8-4e7e-82ea-e9eb3a319654:c8, 34945432-9180-41ca-be60-2140985b491a:c4, cd558214-326f-4a5f-9303-c2e363dc7cbf:c8]
2019-11-14 12:26:05,557 [grpc-default-executor-0] WARN  server.GrpcLogAppender (LogUtils.java:warn(134)) - 00c62217-5fe8-4e7e-82ea-e9eb3a319654@group-687E5D4EE5B9->34945432-9180-41ca-be60-2140985b491a-AppendLogResponseHandler: Failed appendEntries: org.apache.ratis.thirdparty.io.grpc.StatusRuntimeException: UNAVAILABLE: io exception
2019-11-14 12:26:05,560 [grpc-default-executor-0] INFO  impl.FollowerInfo (FollowerInfo.java:lambda$new$0(51)) - 00c62217-5fe8-4e7e-82ea-e9eb3a319654@group-687E5D4EE5B9->34945432-9180-41ca-be60-2140985b491a: nextIndex: updateUnconditionally 0 -> 0
2019-11-14 12:26:08,062 [grpc-default-executor-0] WARN  server.GrpcLogAppender (LogUtils.java:warn(134)) - 00c62217-5fe8-4e7e-82ea-e9eb3a319654@group-687E5D4EE5B9->34945432-9180-41ca-be60-2140985b491a-AppendLogResponseHandler: Failed appendEntries: org.apache.ratis.thirdparty.io.grpc.StatusRuntimeException: UNAVAILABLE: io exception
2019-11-14 12:26:08,067 [grpc-default-executor-0] INFO  impl.FollowerInfo (FollowerInfo.java:lambda$new$0(51)) - 00c62217-5fe8-4e7e-82ea-e9eb3a319654@group-687E5D4EE5B9->34945432-9180-41ca-be60-2140985b491a: nextIndex: updateUnconditionally 0 -> 0
2019-11-14 12:26:10,570 [grpc-default-executor-0] WARN  server.GrpcLogAppender (LogUtils.java:warn(134)) - 00c62217-5fe8-4e7e-82ea-e9eb3a319654@group-687E5D4EE5B9->34945432-9180-41ca-be60-2140985b491a-AppendLogResponseHandler: Failed appendEntries: org.apache.ratis.thirdparty.io.grpc.StatusRuntimeException: UNAVAILABLE: io exception
2019-11-14 12:26:10,573 [grpc-default-executor-0] INFO  impl.FollowerInfo (FollowerInfo.java:lambda$new$0(51)) - 00c62217-5fe8-4e7e-82ea-e9eb3a319654@group-687E5D4EE5B9->34945432-9180-41ca-be60-2140985b491a: nextIndex: updateUnconditionally 0 -> 0
2019-11-14 12:26:13,073 [grpc-default-executor-1] WARN  server.GrpcLogAppender (LogUtils.java:warn(134)) - 00c62217-5fe8-4e7e-82ea-e9eb3a319654@group-687E5D4EE5B9->34945432-9180-41ca-be60-2140985b491a-AppendLogResponseHandler: Failed appendEntries: org.apache.ratis.thirdparty.io.grpc.StatusRuntimeException: UNAVAILABLE: io exception
2019-11-14 12:26:13,076 [grpc-default-executor-1] INFO  impl.FollowerInfo (FollowerInfo.java:lambda$new$0(51)) - 00c62217-5fe8-4e7e-82ea-e9eb3a319654@group-687E5D4EE5B9->34945432-9180-41ca-be60-2140985b491a: nextIndex: updateUnconditionally 0 -> 0
2019-11-14 12:26:13,755 [Thread-323] INFO  client.GrpcClientProtocolService (GrpcClientProtocolService.java:lambda$processClientRequest$0(279)) - Failed RaftClientRequest:client-E39780D61DFF->00c62217-5fe8-4e7e-82ea-e9eb3a319654@group-687E5D4EE5B9, cid=23, seq=0, Watch-ALL_COMMITTED(6), Message:<EMPTY>, reply=RaftClientReply:client-E39780D61DFF->00c62217-5fe8-4e7e-82ea-e9eb3a319654@group-687E5D4EE5B9, cid=23, FAILED org.apache.ratis.protocol.NotReplicatedException: Request with call Id 23 and log index 6 is not yet replicated to ALL_COMMITTED, logIndex=6, commits[00c62217-5fe8-4e7e-82ea-e9eb3a319654:c8, 34945432-9180-41ca-be60-2140985b491a:c4, cd558214-326f-4a5f-9303-c2e363dc7cbf:c8]
2019-11-14 12:26:15,520 [main] WARN  scm.XceiverClientRatis (XceiverClientRatis.java:watchForCommit(277)) - 3 way commit failed on pipeline Pipeline[ Id: 3a9b6b08-a844-44f5-89a3-687e5d4ee5b9, Nodes: cd558214-326f-4a5f-9303-c2e363dc7cbf{ip: 192.168.34.12, host: pr-hdds-2372-lnsqz-525025365, networkLocation: /default-rack, certSerialId: null}00c62217-5fe8-4e7e-82ea-e9eb3a319654{ip: 192.168.34.12, host: pr-hdds-2372-lnsqz-525025365, networkLocation: /default-rack, certSerialId: null}34945432-9180-41ca-be60-2140985b491a{ip: 192.168.34.12, host: pr-hdds-2372-lnsqz-525025365, networkLocation: /default-rack, certSerialId: null}, Type:RATIS, Factor:THREE, State:OPEN]
java.util.concurrent.TimeoutException
	at java.util.concurrent.CompletableFuture.timedGet(CompletableFuture.java:1771)
	at java.util.concurrent.CompletableFuture.get(CompletableFuture.java:1915)
	at org.apache.hadoop.hdds.scm.XceiverClientRatis.watchForCommit(XceiverClientRatis.java:274)
	at org.apache.hadoop.hdds.scm.storage.CommitWatcher.watchForCommit(CommitWatcher.java:198)
	at org.apache.hadoop.hdds.scm.storage.CommitWatcher.watchOnLastIndex(CommitWatcher.java:161)
	at org.apache.hadoop.hdds.scm.storage.BlockOutputStream.watchForCommit(BlockOutputStream.java:346)
	at org.apache.hadoop.hdds.scm.storage.BlockOutputStream.handleFlush(BlockOutputStream.java:482)
	at org.apache.hadoop.hdds.scm.storage.BlockOutputStream.close(BlockOutputStream.java:496)
	at org.apache.hadoop.ozone.client.io.BlockOutputStreamEntry.close(BlockOutputStreamEntry.java:143)
	at org.apache.hadoop.ozone.client.io.KeyOutputStream.handleFlushOrClose(KeyOutputStream.java:435)
	at org.apache.hadoop.ozone.client.io.KeyOutputStream.close(KeyOutputStream.java:473)
	at org.apache.hadoop.ozone.client.io.OzoneOutputStream.close(OzoneOutputStream.java:60)
	at org.apache.hadoop.ozone.client.rpc.TestDeleteWithSlowFollower.testDeleteKeyWithSlowFollower(TestDeleteWithSlowFollower.java:193)
	at sun.reflect.NativeMethodAccessorImpl.invoke0(Native Method)
	at sun.reflect.NativeMethodAccessorImpl.invoke(NativeMethodAccessorImpl.java:62)
	at sun.reflect.DelegatingMethodAccessorImpl.invoke(DelegatingMethodAccessorImpl.java:43)
	at java.lang.reflect.Method.invoke(Method.java:498)
	at org.junit.runners.model.FrameworkMethod$1.runReflectiveCall(FrameworkMethod.java:47)
	at org.junit.internal.runners.model.ReflectiveCallable.run(ReflectiveCallable.java:12)
	at org.junit.runners.model.FrameworkMethod.invokeExplosively(FrameworkMethod.java:44)
	at org.junit.internal.runners.statements.InvokeMethod.evaluate(InvokeMethod.java:17)
	at org.junit.runners.ParentRunner.runLeaf(ParentRunner.java:271)
	at org.junit.runners.BlockJUnit4ClassRunner.runChild(BlockJUnit4ClassRunner.java:70)
	at org.junit.runners.BlockJUnit4ClassRunner.runChild(BlockJUnit4ClassRunner.java:50)
	at org.junit.runners.ParentRunner$3.run(ParentRunner.java:238)
	at org.junit.runners.ParentRunner$1.schedule(ParentRunner.java:63)
	at org.junit.runners.ParentRunner.runChildren(ParentRunner.java:236)
	at org.junit.runners.ParentRunner.access$000(ParentRunner.java:53)
	at org.junit.runners.ParentRunner$2.evaluate(ParentRunner.java:229)
	at org.junit.internal.runners.statements.RunBefores.evaluate(RunBefores.java:26)
	at org.junit.internal.runners.statements.RunAfters.evaluate(RunAfters.java:27)
	at org.junit.runners.ParentRunner.run(ParentRunner.java:309)
	at org.apache.maven.surefire.junit4.JUnit4Provider.execute(JUnit4Provider.java:365)
	at org.apache.maven.surefire.junit4.JUnit4Provider.executeWithRerun(JUnit4Provider.java:273)
	at org.apache.maven.surefire.junit4.JUnit4Provider.executeTestSet(JUnit4Provider.java:238)
	at org.apache.maven.surefire.junit4.JUnit4Provider.invoke(JUnit4Provider.java:159)
	at org.apache.maven.surefire.booter.ForkedBooter.invokeProviderInSameClassLoader(ForkedBooter.java:384)
	at org.apache.maven.surefire.booter.ForkedBooter.runSuitesInProcess(ForkedBooter.java:345)
	at org.apache.maven.surefire.booter.ForkedBooter.execute(ForkedBooter.java:126)
	at org.apache.maven.surefire.booter.ForkedBooter.main(ForkedBooter.java:418)
2019-11-14 12:26:15,536 [main] INFO  scm.XceiverClientRatis (XceiverClientRatis.java:lambda$watchForCommit$5(295)) - Could not commit index 6 on pipeline Pipeline[ Id: 3a9b6b08-a844-44f5-89a3-687e5d4ee5b9, Nodes: cd558214-326f-4a5f-9303-c2e363dc7cbf{ip: 192.168.34.12, host: pr-hdds-2372-lnsqz-525025365, networkLocation: /default-rack, certSerialId: null}00c62217-5fe8-4e7e-82ea-e9eb3a319654{ip: 192.168.34.12, host: pr-hdds-2372-lnsqz-525025365, networkLocation: /default-rack, certSerialId: null}34945432-9180-41ca-be60-2140985b491a{ip: 192.168.34.12, host: pr-hdds-2372-lnsqz-525025365, networkLocation: /default-rack, certSerialId: null}, Type:RATIS, Factor:THREE, State:OPEN] to all the nodes. Server 34945432-9180-41ca-be60-2140985b491a has failed. Committed by majority.
2019-11-14 12:26:15,537 [main] WARN  storage.BlockOutputStream (BlockOutputStream.java:watchForCommit(352)) - Failed to commit BlockId conID: 1 locID: 103136253690707968 bcsId: 6 on Pipeline[ Id: 3a9b6b08-a844-44f5-89a3-687e5d4ee5b9, Nodes: cd558214-326f-4a5f-9303-c2e363dc7cbf{ip: 192.168.34.12, host: pr-hdds-2372-lnsqz-525025365, networkLocation: /default-rack, certSerialId: null}00c62217-5fe8-4e7e-82ea-e9eb3a319654{ip: 192.168.34.12, host: pr-hdds-2372-lnsqz-525025365, networkLocation: /default-rack, certSerialId: null}34945432-9180-41ca-be60-2140985b491a{ip: 192.168.34.12, host: pr-hdds-2372-lnsqz-525025365, networkLocation: /default-rack, certSerialId: null}, Type:RATIS, Factor:THREE, State:OPEN]. Failed nodes: [34945432-9180-41ca-be60-2140985b491a{ip: null, host: null, networkLocation: /default-rack, certSerialId: null}]
2019-11-14 12:26:15,583 [grpc-default-executor-3] WARN  server.GrpcLogAppender (LogUtils.java:warn(134)) - 00c62217-5fe8-4e7e-82ea-e9eb3a319654@group-687E5D4EE5B9->34945432-9180-41ca-be60-2140985b491a-AppendLogResponseHandler: Failed appendEntries: org.apache.ratis.thirdparty.io.grpc.StatusRuntimeException: UNAVAILABLE: io exception
2019-11-14 12:26:15,585 [grpc-default-executor-3] INFO  impl.FollowerInfo (FollowerInfo.java:lambda$new$0(51)) - 00c62217-5fe8-4e7e-82ea-e9eb3a319654@group-687E5D4EE5B9->34945432-9180-41ca-be60-2140985b491a: nextIndex: updateUnconditionally 0 -> 0
2019-11-14 12:26:15,609 [grpc-default-executor-0] WARN  server.GrpcLogAppender (LogUtils.java:warn(134)) - 00c62217-5fe8-4e7e-82ea-e9eb3a319654@group-687E5D4EE5B9->34945432-9180-41ca-be60-2140985b491a-AppendLogResponseHandler: Failed appendEntries: org.apache.ratis.thirdparty.io.grpc.StatusRuntimeException: UNAVAILABLE: io exception
2019-11-14 12:26:15,610 [grpc-default-executor-0] INFO  impl.FollowerInfo (FollowerInfo.java:lambda$new$0(51)) - 00c62217-5fe8-4e7e-82ea-e9eb3a319654@group-687E5D4EE5B9->34945432-9180-41ca-be60-2140985b491a: nextIndex: updateUnconditionally 1 -> 0
2019-11-14 12:26:15,618 [grpc-default-executor-3] WARN  server.GrpcLogAppender (LogUtils.java:warn(134)) - 00c62217-5fe8-4e7e-82ea-e9eb3a319654@group-687E5D4EE5B9->34945432-9180-41ca-be60-2140985b491a-AppendLogResponseHandler: Failed appendEntries: org.apache.ratis.thirdparty.io.grpc.StatusRuntimeException: UNAVAILABLE: io exception
2019-11-14 12:26:15,619 [grpc-default-executor-3] INFO  impl.FollowerInfo (FollowerInfo.java:lambda$new$0(51)) - 00c62217-5fe8-4e7e-82ea-e9eb3a319654@group-687E5D4EE5B9->34945432-9180-41ca-be60-2140985b491a: nextIndex: updateUnconditionally 1 -> 0
2019-11-14 12:26:15,625 [grpc-default-executor-2] WARN  server.GrpcLogAppender (LogUtils.java:warn(134)) - 00c62217-5fe8-4e7e-82ea-e9eb3a319654@group-687E5D4EE5B9->34945432-9180-41ca-be60-2140985b491a-AppendLogResponseHandler: Failed appendEntries: org.apache.ratis.thirdparty.io.grpc.StatusRuntimeException: UNAVAILABLE: io exception
2019-11-14 12:26:15,626 [grpc-default-executor-2] INFO  impl.FollowerInfo (FollowerInfo.java:lambda$new$0(51)) - 00c62217-5fe8-4e7e-82ea-e9eb3a319654@group-687E5D4EE5B9->34945432-9180-41ca-be60-2140985b491a: nextIndex: updateUnconditionally 1 -> 0
2019-11-14 12:26:15,630 [EventQueue-IncrementalContainerReportForIncrementalContainerReportHandler] WARN  container.IncrementalContainerReportHandler (AbstractContainerReportHandler.java:updateContainerState(145)) - Container #1 is in OPEN state, but the datanode 00c62217-5fe8-4e7e-82ea-e9eb3a319654{ip: 192.168.34.12, host: pr-hdds-2372-lnsqz-525025365, networkLocation: /default-rack, certSerialId: null} reports an CLOSING replica.
2019-11-14 12:26:15,632 [RatisApplyTransactionExecutor 1] INFO  interfaces.Container (KeyValueContainer.java:flushAndSyncDB(400)) - Container 1 is synced with bcsId 6.
2019-11-14 12:26:15,632 [RatisApplyTransactionExecutor 1] INFO  interfaces.Container (KeyValueContainer.java:flushAndSyncDB(400)) - Container 1 is synced with bcsId 6.
2019-11-14 12:26:15,632 [EventQueue-IncrementalContainerReportForIncrementalContainerReportHandler] WARN  container.IncrementalContainerReportHandler (AbstractContainerReportHandler.java:updateContainerState(145)) - Container #1 is in OPEN state, but the datanode cd558214-326f-4a5f-9303-c2e363dc7cbf{ip: 192.168.34.12, host: pr-hdds-2372-lnsqz-525025365, networkLocation: /default-rack, certSerialId: null} reports an CLOSING replica.
2019-11-14 12:26:15,639 [RatisApplyTransactionExecutor 1] INFO  interfaces.Container (KeyValueContainer.java:flushAndSyncDB(400)) - Container 1 is synced with bcsId 6.
2019-11-14 12:26:15,640 [RatisApplyTransactionExecutor 1] INFO  interfaces.Container (KeyValueContainer.java:flushAndSyncDB(400)) - Container 1 is synced with bcsId 6.
2019-11-14 12:26:15,649 [RatisApplyTransactionExecutor 1] INFO  interfaces.Container (KeyValueContainer.java:close(338)) - Container 1 is closed with bcsId 6.
2019-11-14 12:26:15,649 [RatisApplyTransactionExecutor 1] INFO  interfaces.Container (KeyValueContainer.java:close(338)) - Container 1 is closed with bcsId 6.
2019-11-14 12:26:15,650 [EventQueue-IncrementalContainerReportForIncrementalContainerReportHandler] WARN  container.IncrementalContainerReportHandler (AbstractContainerReportHandler.java:updateContainerState(145)) - Container #1 is in OPEN state, but the datanode cd558214-326f-4a5f-9303-c2e363dc7cbf{ip: 192.168.34.12, host: pr-hdds-2372-lnsqz-525025365, networkLocation: /default-rack, certSerialId: null} reports an CLOSED replica.
2019-11-14 12:26:15,651 [EventQueue-IncrementalContainerReportForIncrementalContainerReportHandler] WARN  container.IncrementalContainerReportHandler (AbstractContainerReportHandler.java:updateContainerState(145)) - Container #1 is in OPEN state, but the datanode 00c62217-5fe8-4e7e-82ea-e9eb3a319654{ip: 192.168.34.12, host: pr-hdds-2372-lnsqz-525025365, networkLocation: /default-rack, certSerialId: null} reports an CLOSED replica.
2019-11-14 12:26:15,750 [EventQueue-ContainerReportForContainerReportHandler] WARN  container.ContainerReportHandler (AbstractContainerReportHandler.java:updateContainerState(145)) - Container #1 is in OPEN state, but the datanode cd558214-326f-4a5f-9303-c2e363dc7cbf{ip: 192.168.34.12, host: pr-hdds-2372-lnsqz-525025365, networkLocation: /default-rack, certSerialId: null} reports an CLOSED replica.
2019-11-14 12:26:15,851 [EventQueue-ContainerReportForContainerReportHandler] WARN  container.ContainerReportHandler (AbstractContainerReportHandler.java:updateContainerState(145)) - Container #1 is in OPEN state, but the datanode 00c62217-5fe8-4e7e-82ea-e9eb3a319654{ip: 192.168.34.12, host: pr-hdds-2372-lnsqz-525025365, networkLocation: /default-rack, certSerialId: null} reports an CLOSED replica.
2019-11-14 12:26:16,097 [IPC Server handler 0 on 36008] INFO  server.SCMBlockProtocolServer (SCMBlockProtocolServer.java:deleteKeyBlocks(217)) - SCM is informed by OM to delete 1 blocks
2019-11-14 12:26:16,097 [IPC Server handler 0 on 36008] INFO  block.BlockManagerImpl (BlockManagerImpl.java:deleteBlocks(285)) - Deleting blocks conID: 1 locID: 103136253690707968 bcsId: 0
2019-11-14 12:26:16,150 [EventQueue-ContainerReportForContainerReportHandler] WARN  container.ContainerReportHandler (AbstractContainerReportHandler.java:updateContainerState(145)) - Container #1 is in OPEN state, but the datanode cd558214-326f-4a5f-9303-c2e363dc7cbf{ip: 192.168.34.12, host: pr-hdds-2372-lnsqz-525025365, networkLocation: /default-rack, certSerialId: null} reports an CLOSED replica.
2019-11-14 12:26:16,150 [EventQueue-ContainerReportForContainerReportHandler] WARN  container.ContainerReportHandler (AbstractContainerReportHandler.java:updateContainerState(145)) - Container #1 is in OPEN state, but the datanode 00c62217-5fe8-4e7e-82ea-e9eb3a319654{ip: 192.168.34.12, host: pr-hdds-2372-lnsqz-525025365, networkLocation: /default-rack, certSerialId: null} reports an CLOSED replica.
2019-11-14 12:26:16,350 [EventQueue-ContainerReportForContainerReportHandler] WARN  container.ContainerReportHandler (AbstractContainerReportHandler.java:updateContainerState(145)) - Container #1 is in OPEN state, but the datanode cd558214-326f-4a5f-9303-c2e363dc7cbf{ip: 192.168.34.12, host: pr-hdds-2372-lnsqz-525025365, networkLocation: /default-rack, certSerialId: null} reports an CLOSED replica.
2019-11-14 12:26:16,506 [BlockDeletingService#2] WARN  background.BlockDeletingService (BlockDeletingService.java:isDeletionAllowed(187)) - Close Container log Index 6 is not replicated across allthe servers in the pipeline 3a9b6b08-a844-44f5-89a3-687e5d4ee5b9 as the min replicated index is 4. Deletion is not allowed in this container yet.
2019-11-14 12:26:16,507 [BlockDeletingService#2] WARN  background.BlockDeletingService (BlockDeletingService.java:isDeletionAllowed(187)) - Close Container log Index 6 is not replicated across allthe servers in the pipeline 3a9b6b08-a844-44f5-89a3-687e5d4ee5b9 as the min replicated index is 4. Deletion is not allowed in this container yet.
2019-11-14 12:26:16,550 [EventQueue-ContainerReportForContainerReportHandler] WARN  container.ContainerReportHandler (AbstractContainerReportHandler.java:updateContainerState(145)) - Container #1 is in OPEN state, but the datanode 00c62217-5fe8-4e7e-82ea-e9eb3a319654{ip: 192.168.34.12, host: pr-hdds-2372-lnsqz-525025365, networkLocation: /default-rack, certSerialId: null} reports an CLOSED replica.
2019-11-14 12:26:16,650 [EventQueue-ContainerReportForContainerReportHandler] WARN  container.ContainerReportHandler (AbstractContainerReportHandler.java:updateContainerState(145)) - Container #1 is in OPEN state, but the datanode cd558214-326f-4a5f-9303-c2e363dc7cbf{ip: 192.168.34.12, host: pr-hdds-2372-lnsqz-525025365, networkLocation: /default-rack, certSerialId: null} reports an CLOSED replica.
2019-11-14 12:26:16,750 [EventQueue-ContainerReportForContainerReportHandler] WARN  container.ContainerReportHandler (AbstractContainerReportHandler.java:updateContainerState(145)) - Container #1 is in OPEN state, but the datanode 00c62217-5fe8-4e7e-82ea-e9eb3a319654{ip: 192.168.34.12, host: pr-hdds-2372-lnsqz-525025365, networkLocation: /default-rack, certSerialId: null} reports an CLOSED replica.
2019-11-14 12:26:16,951 [EventQueue-ContainerReportForContainerReportHandler] WARN  container.ContainerReportHandler (AbstractContainerReportHandler.java:updateContainerState(145)) - Container #1 is in OPEN state, but the datanode 00c62217-5fe8-4e7e-82ea-e9eb3a319654{ip: 192.168.34.12, host: pr-hdds-2372-lnsqz-525025365, networkLocation: /default-rack, certSerialId: null} reports an CLOSED replica.
2019-11-14 12:26:17,051 [EventQueue-ContainerReportForContainerReportHandler] WARN  container.ContainerReportHandler (AbstractContainerReportHandler.java:updateContainerState(145)) - Container #1 is in OPEN state, but the datanode cd558214-326f-4a5f-9303-c2e363dc7cbf{ip: 192.168.34.12, host: pr-hdds-2372-lnsqz-525025365, networkLocation: /default-rack, certSerialId: null} reports an CLOSED replica.
2019-11-14 12:26:17,151 [EventQueue-ContainerReportForContainerReportHandler] WARN  container.ContainerReportHandler (AbstractContainerReportHandler.java:updateContainerState(145)) - Container #1 is in OPEN state, but the datanode 00c62217-5fe8-4e7e-82ea-e9eb3a319654{ip: 192.168.34.12, host: pr-hdds-2372-lnsqz-525025365, networkLocation: /default-rack, certSerialId: null} reports an CLOSED replica.
2019-11-14 12:26:17,251 [EventQueue-ContainerReportForContainerReportHandler] WARN  container.ContainerReportHandler (AbstractContainerReportHandler.java:updateContainerState(145)) - Container #1 is in OPEN state, but the datanode cd558214-326f-4a5f-9303-c2e363dc7cbf{ip: 192.168.34.12, host: pr-hdds-2372-lnsqz-525025365, networkLocation: /default-rack, certSerialId: null} reports an CLOSED replica.
2019-11-14 12:26:17,451 [EventQueue-ContainerReportForContainerReportHandler] WARN  container.ContainerReportHandler (AbstractContainerReportHandler.java:updateContainerState(145)) - Container #1 is in OPEN state, but the datanode cd558214-326f-4a5f-9303-c2e363dc7cbf{ip: 192.168.34.12, host: pr-hdds-2372-lnsqz-525025365, networkLocation: /default-rack, certSerialId: null} reports an CLOSED replica.
2019-11-14 12:26:17,507 [BlockDeletingService#2] WARN  background.BlockDeletingService (BlockDeletingService.java:isDeletionAllowed(187)) - Close Container log Index 6 is not replicated across allthe servers in the pipeline 3a9b6b08-a844-44f5-89a3-687e5d4ee5b9 as the min replicated index is 4. Deletion is not allowed in this container yet.
2019-11-14 12:26:17,509 [BlockDeletingService#2] WARN  background.BlockDeletingService (BlockDeletingService.java:isDeletionAllowed(187)) - Close Container log Index 6 is not replicated across allthe servers in the pipeline 3a9b6b08-a844-44f5-89a3-687e5d4ee5b9 as the min replicated index is 4. Deletion is not allowed in this container yet.
2019-11-14 12:26:17,551 [EventQueue-ContainerReportForContainerReportHandler] WARN  container.ContainerReportHandler (AbstractContainerReportHandler.java:updateContainerState(145)) - Container #1 is in OPEN state, but the datanode 00c62217-5fe8-4e7e-82ea-e9eb3a319654{ip: 192.168.34.12, host: pr-hdds-2372-lnsqz-525025365, networkLocation: /default-rack, certSerialId: null} reports an CLOSED replica.
2019-11-14 12:26:17,750 [EventQueue-ContainerReportForContainerReportHandler] WARN  container.ContainerReportHandler (AbstractContainerReportHandler.java:updateContainerState(145)) - Container #1 is in OPEN state, but the datanode cd558214-326f-4a5f-9303-c2e363dc7cbf{ip: 192.168.34.12, host: pr-hdds-2372-lnsqz-525025365, networkLocation: /default-rack, certSerialId: null} reports an CLOSED replica.
2019-11-14 12:26:17,751 [EventQueue-ContainerReportForContainerReportHandler] WARN  container.ContainerReportHandler (AbstractContainerReportHandler.java:updateContainerState(145)) - Container #1 is in OPEN state, but the datanode 00c62217-5fe8-4e7e-82ea-e9eb3a319654{ip: 192.168.34.12, host: pr-hdds-2372-lnsqz-525025365, networkLocation: /default-rack, certSerialId: null} reports an CLOSED replica.
2019-11-14 12:26:18,132 [grpc-default-executor-0] WARN  server.GrpcLogAppender (LogUtils.java:warn(134)) - 00c62217-5fe8-4e7e-82ea-e9eb3a319654@group-687E5D4EE5B9->34945432-9180-41ca-be60-2140985b491a-AppendLogResponseHandler: Failed appendEntries: org.apache.ratis.thirdparty.io.grpc.StatusRuntimeException: UNAVAILABLE: io exception
2019-11-14 12:26:18,133 [grpc-default-executor-0] INFO  impl.FollowerInfo (FollowerInfo.java:lambda$new$0(51)) - 00c62217-5fe8-4e7e-82ea-e9eb3a319654@group-687E5D4EE5B9->34945432-9180-41ca-be60-2140985b491a: nextIndex: updateUnconditionally 0 -> 0
2019-11-14 12:26:18,151 [EventQueue-ContainerReportForContainerReportHandler] WARN  container.ContainerReportHandler (AbstractContainerReportHandler.java:updateContainerState(145)) - Container #1 is in OPEN state, but the datanode cd558214-326f-4a5f-9303-c2e363dc7cbf{ip: 192.168.34.12, host: pr-hdds-2372-lnsqz-525025365, networkLocation: /default-rack, certSerialId: null} reports an CLOSED replica.
2019-11-14 12:26:18,152 [EventQueue-ContainerReportForContainerReportHandler] WARN  container.ContainerReportHandler (AbstractContainerReportHandler.java:updateContainerState(145)) - Container #1 is in OPEN state, but the datanode 00c62217-5fe8-4e7e-82ea-e9eb3a319654{ip: 192.168.34.12, host: pr-hdds-2372-lnsqz-525025365, networkLocation: /default-rack, certSerialId: null} reports an CLOSED replica.
2019-11-14 12:26:18,354 [EventQueue-ContainerReportForContainerReportHandler] WARN  container.ContainerReportHandler (AbstractContainerReportHandler.java:updateContainerState(145)) - Container #1 is in OPEN state, but the datanode 00c62217-5fe8-4e7e-82ea-e9eb3a319654{ip: 192.168.34.12, host: pr-hdds-2372-lnsqz-525025365, networkLocation: /default-rack, certSerialId: null} reports an CLOSED replica.
2019-11-14 12:26:18,450 [EventQueue-ContainerReportForContainerReportHandler] WARN  container.ContainerReportHandler (AbstractContainerReportHandler.java:updateContainerState(145)) - Container #1 is in OPEN state, but the datanode cd558214-326f-4a5f-9303-c2e363dc7cbf{ip: 192.168.34.12, host: pr-hdds-2372-lnsqz-525025365, networkLocation: /default-rack, certSerialId: null} reports an CLOSED replica.
2019-11-14 12:26:18,509 [BlockDeletingService#2] WARN  background.BlockDeletingService (BlockDeletingService.java:isDeletionAllowed(187)) - Close Container log Index 6 is not replicated across allthe servers in the pipeline 3a9b6b08-a844-44f5-89a3-687e5d4ee5b9 as the min replicated index is 4. Deletion is not allowed in this container yet.
2019-11-14 12:26:18,510 [BlockDeletingService#2] WARN  background.BlockDeletingService (BlockDeletingService.java:isDeletionAllowed(187)) - Close Container log Index 6 is not replicated across allthe servers in the pipeline 3a9b6b08-a844-44f5-89a3-687e5d4ee5b9 as the min replicated index is 4. Deletion is not allowed in this container yet.
2019-11-14 12:26:18,654 [EventQueue-ContainerReportForContainerReportHandler] WARN  container.ContainerReportHandler (AbstractContainerReportHandler.java:updateContainerState(145)) - Container #1 is in OPEN state, but the datanode 00c62217-5fe8-4e7e-82ea-e9eb3a319654{ip: 192.168.34.12, host: pr-hdds-2372-lnsqz-525025365, networkLocation: /default-rack, certSerialId: null} reports an CLOSED replica.
2019-11-14 12:26:18,750 [EventQueue-ContainerReportForContainerReportHandler] WARN  container.ContainerReportHandler (AbstractContainerReportHandler.java:updateContainerState(145)) - Container #1 is in OPEN state, but the datanode cd558214-326f-4a5f-9303-c2e363dc7cbf{ip: 192.168.34.12, host: pr-hdds-2372-lnsqz-525025365, networkLocation: /default-rack, certSerialId: null} reports an CLOSED replica.
2019-11-14 12:26:18,953 [EventQueue-ContainerReportForContainerReportHandler] WARN  container.ContainerReportHandler (AbstractContainerReportHandler.java:updateContainerState(145)) - Container #1 is in OPEN state, but the datanode cd558214-326f-4a5f-9303-c2e363dc7cbf{ip: 192.168.34.12, host: pr-hdds-2372-lnsqz-525025365, networkLocation: /default-rack, certSerialId: null} reports an CLOSED replica.
2019-11-14 12:26:19,053 [EventQueue-ContainerReportForContainerReportHandler] WARN  container.ContainerReportHandler (AbstractContainerReportHandler.java:updateContainerState(145)) - Container #1 is in OPEN state, but the datanode 00c62217-5fe8-4e7e-82ea-e9eb3a319654{ip: 192.168.34.12, host: pr-hdds-2372-lnsqz-525025365, networkLocation: /default-rack, certSerialId: null} reports an CLOSED replica.
2019-11-14 12:26:19,252 [EventQueue-ContainerReportForContainerReportHandler] WARN  container.ContainerReportHandler (AbstractContainerReportHandler.java:updateContainerState(145)) - Container #1 is in OPEN state, but the datanode cd558214-326f-4a5f-9303-c2e363dc7cbf{ip: 192.168.34.12, host: pr-hdds-2372-lnsqz-525025365, networkLocation: /default-rack, certSerialId: null} reports an CLOSED replica.
2019-11-14 12:26:19,453 [EventQueue-ContainerReportForContainerReportHandler] WARN  container.ContainerReportHandler (AbstractContainerReportHandler.java:updateContainerState(145)) - Container #1 is in OPEN state, but the datanode 00c62217-5fe8-4e7e-82ea-e9eb3a319654{ip: 192.168.34.12, host: pr-hdds-2372-lnsqz-525025365, networkLocation: /default-rack, certSerialId: null} reports an CLOSED replica.
2019-11-14 12:26:19,512 [BlockDeletingService#2] WARN  background.BlockDeletingService (BlockDeletingService.java:isDeletionAllowed(187)) - Close Container log Index 6 is not replicated across allthe servers in the pipeline 3a9b6b08-a844-44f5-89a3-687e5d4ee5b9 as the min replicated index is 4. Deletion is not allowed in this container yet.
2019-11-14 12:26:19,512 [BlockDeletingService#2] WARN  background.BlockDeletingService (BlockDeletingService.java:isDeletionAllowed(187)) - Close Container log Index 6 is not replicated across allthe servers in the pipeline 3a9b6b08-a844-44f5-89a3-687e5d4ee5b9 as the min replicated index is 4. Deletion is not allowed in this container yet.
2019-11-14 12:26:19,552 [EventQueue-ContainerReportForContainerReportHandler] WARN  container.ContainerReportHandler (AbstractContainerReportHandler.java:updateContainerState(145)) - Container #1 is in OPEN state, but the datanode cd558214-326f-4a5f-9303-c2e363dc7cbf{ip: 192.168.34.12, host: pr-hdds-2372-lnsqz-525025365, networkLocation: /default-rack, certSerialId: null} reports an CLOSED replica.
2019-11-14 12:26:19,753 [EventQueue-ContainerReportForContainerReportHandler] WARN  container.ContainerReportHandler (AbstractContainerReportHandler.java:updateContainerState(145)) - Container #1 is in OPEN state, but the datanode 00c62217-5fe8-4e7e-82ea-e9eb3a319654{ip: 192.168.34.12, host: pr-hdds-2372-lnsqz-525025365, networkLocation: /default-rack, certSerialId: null} reports an CLOSED replica.
2019-11-14 12:26:19,952 [EventQueue-ContainerReportForContainerReportHandler] WARN  container.ContainerReportHandler (AbstractContainerReportHandler.java:updateContainerState(145)) - Container #1 is in OPEN state, but the datanode cd558214-326f-4a5f-9303-c2e363dc7cbf{ip: 192.168.34.12, host: pr-hdds-2372-lnsqz-525025365, networkLocation: /default-rack, certSerialId: null} reports an CLOSED replica.
2019-11-14 12:26:19,954 [EventQueue-ContainerReportForContainerReportHandler] WARN  container.ContainerReportHandler (AbstractContainerReportHandler.java:updateContainerState(145)) - Container #1 is in OPEN state, but the datanode 00c62217-5fe8-4e7e-82ea-e9eb3a319654{ip: 192.168.34.12, host: pr-hdds-2372-lnsqz-525025365, networkLocation: /default-rack, certSerialId: null} reports an CLOSED replica.
2019-11-14 12:26:20,153 [EventQueue-ContainerReportForContainerReportHandler] WARN  container.ContainerReportHandler (AbstractContainerReportHandler.java:updateContainerState(145)) - Container #1 is in OPEN state, but the datanode cd558214-326f-4a5f-9303-c2e363dc7cbf{ip: 192.168.34.12, host: pr-hdds-2372-lnsqz-525025365, networkLocation: /default-rack, certSerialId: null} reports an CLOSED replica.
2019-11-14 12:26:20,353 [EventQueue-ContainerReportForContainerReportHandler] WARN  container.ContainerReportHandler (AbstractContainerReportHandler.java:updateContainerState(145)) - Container #1 is in OPEN state, but the datanode cd558214-326f-4a5f-9303-c2e363dc7cbf{ip: 192.168.34.12, host: pr-hdds-2372-lnsqz-525025365, networkLocation: /default-rack, certSerialId: null} reports an CLOSED replica.
2019-11-14 12:26:20,356 [EventQueue-ContainerReportForContainerReportHandler] WARN  container.ContainerReportHandler (AbstractContainerReportHandler.java:updateContainerState(145)) - Container #1 is in OPEN state, but the datanode 00c62217-5fe8-4e7e-82ea-e9eb3a319654{ip: 192.168.34.12, host: pr-hdds-2372-lnsqz-525025365, networkLocation: /default-rack, certSerialId: null} reports an CLOSED replica.
2019-11-14 12:26:20,516 [BlockDeletingService#2] WARN  background.BlockDeletingService (BlockDeletingService.java:isDeletionAllowed(187)) - Close Container log Index 6 is not replicated across allthe servers in the pipeline 3a9b6b08-a844-44f5-89a3-687e5d4ee5b9 as the min replicated index is 4. Deletion is not allowed in this container yet.
2019-11-14 12:26:20,516 [BlockDeletingService#2] WARN  background.BlockDeletingService (BlockDeletingService.java:isDeletionAllowed(187)) - Close Container log Index 6 is not replicated across allthe servers in the pipeline 3a9b6b08-a844-44f5-89a3-687e5d4ee5b9 as the min replicated index is 4. Deletion is not allowed in this container yet.
2019-11-14 12:26:20,635 [grpc-default-executor-2] WARN  server.GrpcLogAppender (LogUtils.java:warn(134)) - 00c62217-5fe8-4e7e-82ea-e9eb3a319654@group-687E5D4EE5B9->34945432-9180-41ca-be60-2140985b491a-AppendLogResponseHandler: Failed appendEntries: org.apache.ratis.thirdparty.io.grpc.StatusRuntimeException: UNAVAILABLE: io exception
2019-11-14 12:26:20,636 [grpc-default-executor-2] INFO  impl.FollowerInfo (FollowerInfo.java:lambda$new$0(51)) - 00c62217-5fe8-4e7e-82ea-e9eb3a319654@group-687E5D4EE5B9->34945432-9180-41ca-be60-2140985b491a: nextIndex: updateUnconditionally 0 -> 0
2019-11-14 12:26:20,657 [EventQueue-ContainerReportForContainerReportHandler] WARN  container.ContainerReportHandler (AbstractContainerReportHandler.java:updateContainerState(145)) - Container #1 is in OPEN state, but the datanode 00c62217-5fe8-4e7e-82ea-e9eb3a319654{ip: 192.168.34.12, host: pr-hdds-2372-lnsqz-525025365, networkLocation: /default-rack, certSerialId: null} reports an CLOSED replica.
2019-11-14 12:26:20,757 [EventQueue-ContainerReportForContainerReportHandler] WARN  container.ContainerReportHandler (AbstractContainerReportHandler.java:updateContainerState(145)) - Container #1 is in OPEN state, but the datanode cd558214-326f-4a5f-9303-c2e363dc7cbf{ip: 192.168.34.12, host: pr-hdds-2372-lnsqz-525025365, networkLocation: /default-rack, certSerialId: null} reports an CLOSED replica.
2019-11-14 12:26:20,954 [EventQueue-ContainerReportForContainerReportHandler] WARN  container.ContainerReportHandler (AbstractContainerReportHandler.java:updateContainerState(145)) - Container #1 is in OPEN state, but the datanode cd558214-326f-4a5f-9303-c2e363dc7cbf{ip: 192.168.34.12, host: pr-hdds-2372-lnsqz-525025365, networkLocation: /default-rack, certSerialId: null} reports an CLOSED replica.
2019-11-14 12:26:20,957 [EventQueue-ContainerReportForContainerReportHandler] WARN  container.ContainerReportHandler (AbstractContainerReportHandler.java:updateContainerState(145)) - Container #1 is in OPEN state, but the datanode 00c62217-5fe8-4e7e-82ea-e9eb3a319654{ip: 192.168.34.12, host: pr-hdds-2372-lnsqz-525025365, networkLocation: /default-rack, certSerialId: null} reports an CLOSED replica.
2019-11-14 12:26:21,154 [EventQueue-ContainerReportForContainerReportHandler] WARN  container.ContainerReportHandler (AbstractContainerReportHandler.java:updateContainerState(145)) - Container #1 is in OPEN state, but the datanode cd558214-326f-4a5f-9303-c2e363dc7cbf{ip: 192.168.34.12, host: pr-hdds-2372-lnsqz-525025365, networkLocation: /default-rack, certSerialId: null} reports an CLOSED replica.
2019-11-14 12:26:21,156 [EventQueue-ContainerReportForContainerReportHandler] WARN  container.ContainerReportHandler (AbstractContainerReportHandler.java:updateContainerState(145)) - Container #1 is in OPEN state, but the datanode 00c62217-5fe8-4e7e-82ea-e9eb3a319654{ip: 192.168.34.12, host: pr-hdds-2372-lnsqz-525025365, networkLocation: /default-rack, certSerialId: null} reports an CLOSED replica.
2019-11-14 12:26:21,454 [EventQueue-ContainerReportForContainerReportHandler] WARN  container.ContainerReportHandler (AbstractContainerReportHandler.java:updateContainerState(145)) - Container #1 is in OPEN state, but the datanode cd558214-326f-4a5f-9303-c2e363dc7cbf{ip: 192.168.34.12, host: pr-hdds-2372-lnsqz-525025365, networkLocation: /default-rack, certSerialId: null} reports an CLOSED replica.
2019-11-14 12:26:21,456 [EventQueue-ContainerReportForContainerReportHandler] WARN  container.ContainerReportHandler (AbstractContainerReportHandler.java:updateContainerState(145)) - Container #1 is in OPEN state, but the datanode 00c62217-5fe8-4e7e-82ea-e9eb3a319654{ip: 192.168.34.12, host: pr-hdds-2372-lnsqz-525025365, networkLocation: /default-rack, certSerialId: null} reports an CLOSED replica.
2019-11-14 12:26:21,519 [BlockDeletingService#2] WARN  background.BlockDeletingService (BlockDeletingService.java:isDeletionAllowed(187)) - Close Container log Index 6 is not replicated across allthe servers in the pipeline 3a9b6b08-a844-44f5-89a3-687e5d4ee5b9 as the min replicated index is 4. Deletion is not allowed in this container yet.
2019-11-14 12:26:21,519 [BlockDeletingService#2] WARN  background.BlockDeletingService (BlockDeletingService.java:isDeletionAllowed(187)) - Close Container log Index 6 is not replicated across allthe servers in the pipeline 3a9b6b08-a844-44f5-89a3-687e5d4ee5b9 as the min replicated index is 4. Deletion is not allowed in this container yet.
2019-11-14 12:26:21,654 [EventQueue-ContainerReportForContainerReportHandler] WARN  container.ContainerReportHandler (AbstractContainerReportHandler.java:updateContainerState(145)) - Container #1 is in OPEN state, but the datanode cd558214-326f-4a5f-9303-c2e363dc7cbf{ip: 192.168.34.12, host: pr-hdds-2372-lnsqz-525025365, networkLocation: /default-rack, certSerialId: null} reports an CLOSED replica.
2019-11-14 12:26:21,757 [EventQueue-ContainerReportForContainerReportHandler] WARN  container.ContainerReportHandler (AbstractContainerReportHandler.java:updateContainerState(145)) - Container #1 is in OPEN state, but the datanode 00c62217-5fe8-4e7e-82ea-e9eb3a319654{ip: 192.168.34.12, host: pr-hdds-2372-lnsqz-525025365, networkLocation: /default-rack, certSerialId: null} reports an CLOSED replica.
2019-11-14 12:26:21,856 [EventQueue-ContainerReportForContainerReportHandler] WARN  container.ContainerReportHandler (AbstractContainerReportHandler.java:updateContainerState(145)) - Container #1 is in OPEN state, but the datanode cd558214-326f-4a5f-9303-c2e363dc7cbf{ip: 192.168.34.12, host: pr-hdds-2372-lnsqz-525025365, networkLocation: /default-rack, certSerialId: null} reports an CLOSED replica.
2019-11-14 12:26:22,057 [EventQueue-ContainerReportForContainerReportHandler] WARN  container.ContainerReportHandler (AbstractContainerReportHandler.java:updateContainerState(145)) - Container #1 is in OPEN state, but the datanode cd558214-326f-4a5f-9303-c2e363dc7cbf{ip: 192.168.34.12, host: pr-hdds-2372-lnsqz-525025365, networkLocation: /default-rack, certSerialId: null} reports an CLOSED replica.
2019-11-14 12:26:22,156 [EventQueue-ContainerReportForContainerReportHandler] WARN  container.ContainerReportHandler (AbstractContainerReportHandler.java:updateContainerState(145)) - Container #1 is in OPEN state, but the datanode 00c62217-5fe8-4e7e-82ea-e9eb3a319654{ip: 192.168.34.12, host: pr-hdds-2372-lnsqz-525025365, networkLocation: /default-rack, certSerialId: null} reports an CLOSED replica.
2019-11-14 12:26:22,357 [EventQueue-ContainerReportForContainerReportHandler] WARN  container.ContainerReportHandler (AbstractContainerReportHandler.java:updateContainerState(145)) - Container #1 is in OPEN state, but the datanode 00c62217-5fe8-4e7e-82ea-e9eb3a319654{ip: 192.168.34.12, host: pr-hdds-2372-lnsqz-525025365, networkLocation: /default-rack, certSerialId: null} reports an CLOSED replica.
2019-11-14 12:26:22,457 [EventQueue-ContainerReportForContainerReportHandler] WARN  container.ContainerReportHandler (AbstractContainerReportHandler.java:updateContainerState(145)) - Container #1 is in OPEN state, but the datanode cd558214-326f-4a5f-9303-c2e363dc7cbf{ip: 192.168.34.12, host: pr-hdds-2372-lnsqz-525025365, networkLocation: /default-rack, certSerialId: null} reports an CLOSED replica.
2019-11-14 12:26:22,523 [BlockDeletingService#2] WARN  background.BlockDeletingService (BlockDeletingService.java:isDeletionAllowed(187)) - Close Container log Index 6 is not replicated across allthe servers in the pipeline 3a9b6b08-a844-44f5-89a3-687e5d4ee5b9 as the min replicated index is 4. Deletion is not allowed in this container yet.
2019-11-14 12:26:22,523 [BlockDeletingService#2] WARN  background.BlockDeletingService (BlockDeletingService.java:isDeletionAllowed(187)) - Close Container log Index 6 is not replicated across allthe servers in the pipeline 3a9b6b08-a844-44f5-89a3-687e5d4ee5b9 as the min replicated index is 4. Deletion is not allowed in this container yet.
2019-11-14 12:26:22,604 [Thread-353] INFO  client.GrpcClientProtocolService (GrpcClientProtocolService.java:lambda$processClientRequest$0(279)) - Failed RaftClientRequest:client-E39780D61DFF->cd558214-326f-4a5f-9303-c2e363dc7cbf@group-687E5D4EE5B9, cid=23, seq=0, Watch-ALL_COMMITTED(6), Message:<EMPTY>, reply=RaftClientReply:client-E39780D61DFF->cd558214-326f-4a5f-9303-c2e363dc7cbf@group-687E5D4EE5B9, cid=23, FAILED org.apache.ratis.protocol.NotLeaderException: Server cd558214-326f-4a5f-9303-c2e363dc7cbf@group-687E5D4EE5B9 is not the leader 00c62217-5fe8-4e7e-82ea-e9eb3a319654:192.168.34.12:43981, logIndex=0, commits[cd558214-326f-4a5f-9303-c2e363dc7cbf:c10, 00c62217-5fe8-4e7e-82ea-e9eb3a319654:c10, 34945432-9180-41ca-be60-2140985b491a:c4]
2019-11-14 12:26:22,757 [EventQueue-ContainerReportForContainerReportHandler] WARN  container.ContainerReportHandler (AbstractContainerReportHandler.java:updateContainerState(145)) - Container #1 is in OPEN state, but the datanode 00c62217-5fe8-4e7e-82ea-e9eb3a319654{ip: 192.168.34.12, host: pr-hdds-2372-lnsqz-525025365, networkLocation: /default-rack, certSerialId: null} reports an CLOSED replica.
2019-11-14 12:26:22,758 [EventQueue-ContainerReportForContainerReportHandler] WARN  container.ContainerReportHandler (AbstractContainerReportHandler.java:updateContainerState(145)) - Container #1 is in OPEN state, but the datanode cd558214-326f-4a5f-9303-c2e363dc7cbf{ip: 192.168.34.12, host: pr-hdds-2372-lnsqz-525025365, networkLocation: /default-rack, certSerialId: null} reports an CLOSED replica.
2019-11-14 12:26:23,057 [EventQueue-ContainerReportForContainerReportHandler] WARN  container.ContainerReportHandler (AbstractContainerReportHandler.java:updateContainerState(145)) - Container #1 is in OPEN state, but the datanode cd558214-326f-4a5f-9303-c2e363dc7cbf{ip: 192.168.34.12, host: pr-hdds-2372-lnsqz-525025365, networkLocation: /default-rack, certSerialId: null} reports an CLOSED replica.
2019-11-14 12:26:23,135 [grpc-default-executor-2] WARN  server.GrpcLogAppender (LogUtils.java:warn(134)) - 00c62217-5fe8-4e7e-82ea-e9eb3a319654@group-687E5D4EE5B9->34945432-9180-41ca-be60-2140985b491a-AppendLogResponseHandler: Failed appendEntries: org.apache.ratis.thirdparty.io.grpc.StatusRuntimeException: UNAVAILABLE: io exception
2019-11-14 12:26:23,136 [grpc-default-executor-2] INFO  impl.FollowerInfo (FollowerInfo.java:lambda$new$0(51)) - 00c62217-5fe8-4e7e-82ea-e9eb3a319654@group-687E5D4EE5B9->34945432-9180-41ca-be60-2140985b491a: nextIndex: updateUnconditionally 0 -> 0
2019-11-14 12:26:23,158 [EventQueue-ContainerReportForContainerReportHandler] WARN  container.ContainerReportHandler (AbstractContainerReportHandler.java:updateContainerState(145)) - Container #1 is in OPEN state, but the datanode 00c62217-5fe8-4e7e-82ea-e9eb3a319654{ip: 192.168.34.12, host: pr-hdds-2372-lnsqz-525025365, networkLocation: /default-rack, certSerialId: null} reports an CLOSED replica.
2019-11-14 12:26:23,257 [EventQueue-ContainerReportForContainerReportHandler] WARN  container.ContainerReportHandler (AbstractContainerReportHandler.java:updateContainerState(145)) - Container #1 is in OPEN state, but the datanode cd558214-326f-4a5f-9303-c2e363dc7cbf{ip: 192.168.34.12, host: pr-hdds-2372-lnsqz-525025365, networkLocation: /default-rack, certSerialId: null} reports an CLOSED replica.
2019-11-14 12:26:23,458 [EventQueue-ContainerReportForContainerReportHandler] WARN  container.ContainerReportHandler (AbstractContainerReportHandler.java:updateContainerState(145)) - Container #1 is in OPEN state, but the datanode cd558214-326f-4a5f-9303-c2e363dc7cbf{ip: 192.168.34.12, host: pr-hdds-2372-lnsqz-525025365, networkLocation: /default-rack, certSerialId: null} reports an CLOSED replica.
2019-11-14 12:26:23,524 [BlockDeletingService#2] WARN  background.BlockDeletingService (BlockDeletingService.java:isDeletionAllowed(187)) - Close Container log Index 6 is not replicated across allthe servers in the pipeline 3a9b6b08-a844-44f5-89a3-687e5d4ee5b9 as the min replicated index is 4. Deletion is not allowed in this container yet.
2019-11-14 12:26:23,524 [BlockDeletingService#2] WARN  background.BlockDeletingService (BlockDeletingService.java:isDeletionAllowed(187)) - Close Container log Index 6 is not replicated across allthe servers in the pipeline 3a9b6b08-a844-44f5-89a3-687e5d4ee5b9 as the min replicated index is 4. Deletion is not allowed in this container yet.
2019-11-14 12:26:23,558 [EventQueue-ContainerReportForContainerReportHandler] WARN  container.ContainerReportHandler (AbstractContainerReportHandler.java:updateContainerState(145)) - Container #1 is in OPEN state, but the datanode 00c62217-5fe8-4e7e-82ea-e9eb3a319654{ip: 192.168.34.12, host: pr-hdds-2372-lnsqz-525025365, networkLocation: /default-rack, certSerialId: null} reports an CLOSED replica.
2019-11-14 12:26:23,756 [Thread-359] INFO  client.GrpcClientProtocolService (GrpcClientProtocolService.java:lambda$processClientRequest$0(279)) - Failed RaftClientRequest:client-E39780D61DFF->00c62217-5fe8-4e7e-82ea-e9eb3a319654@group-687E5D4EE5B9, cid=23, seq=0, Watch-ALL_COMMITTED(6), Message:<EMPTY>, reply=RaftClientReply:client-E39780D61DFF->00c62217-5fe8-4e7e-82ea-e9eb3a319654@group-687E5D4EE5B9, cid=23, FAILED org.apache.ratis.protocol.NotReplicatedException: Request with call Id 23 and log index 6 is not yet replicated to ALL_COMMITTED, logIndex=6, commits[00c62217-5fe8-4e7e-82ea-e9eb3a319654:c10, 34945432-9180-41ca-be60-2140985b491a:c4, cd558214-326f-4a5f-9303-c2e363dc7cbf:c10]
2019-11-14 12:26:23,760 [EventQueue-ContainerReportForContainerReportHandler] WARN  container.ContainerReportHandler (AbstractContainerReportHandler.java:updateContainerState(145)) - Container #1 is in OPEN state, but the datanode 00c62217-5fe8-4e7e-82ea-e9eb3a319654{ip: 192.168.34.12, host: pr-hdds-2372-lnsqz-525025365, networkLocation: /default-rack, certSerialId: null} reports an CLOSED replica.
2019-11-14 12:26:23,857 [EventQueue-ContainerReportForContainerReportHandler] WARN  container.ContainerReportHandler (AbstractContainerReportHandler.java:updateContainerState(145)) - Container #1 is in OPEN state, but the datanode cd558214-326f-4a5f-9303-c2e363dc7cbf{ip: 192.168.34.12, host: pr-hdds-2372-lnsqz-525025365, networkLocation: /default-rack, certSerialId: null} reports an CLOSED replica.
2019-11-14 12:26:23,959 [EventQueue-ContainerReportForContainerReportHandler] WARN  container.ContainerReportHandler (AbstractContainerReportHandler.java:updateContainerState(145)) - Container #1 is in OPEN state, but the datanode 00c62217-5fe8-4e7e-82ea-e9eb3a319654{ip: 192.168.34.12, host: pr-hdds-2372-lnsqz-525025365, networkLocation: /default-rack, certSerialId: null} reports an CLOSED replica.
2019-11-14 12:26:24,258 [EventQueue-ContainerReportForContainerReportHandler] WARN  container.ContainerReportHandler (AbstractContainerReportHandler.java:updateContainerState(145)) - Container #1 is in OPEN state, but the datanode cd558214-326f-4a5f-9303-c2e363dc7cbf{ip: 192.168.34.12, host: pr-hdds-2372-lnsqz-525025365, networkLocation: /default-rack, certSerialId: null} reports an CLOSED replica.
2019-11-14 12:26:24,260 [EventQueue-ContainerReportForContainerReportHandler] WARN  container.ContainerReportHandler (AbstractContainerReportHandler.java:updateContainerState(145)) - Container #1 is in OPEN state, but the datanode 00c62217-5fe8-4e7e-82ea-e9eb3a319654{ip: 192.168.34.12, host: pr-hdds-2372-lnsqz-525025365, networkLocation: /default-rack, certSerialId: null} reports an CLOSED replica.
2019-11-14 12:26:24,458 [EventQueue-ContainerReportForContainerReportHandler] WARN  container.ContainerReportHandler (AbstractContainerReportHandler.java:updateContainerState(145)) - Container #1 is in OPEN state, but the datanode cd558214-326f-4a5f-9303-c2e363dc7cbf{ip: 192.168.34.12, host: pr-hdds-2372-lnsqz-525025365, networkLocation: /default-rack, certSerialId: null} reports an CLOSED replica.
2019-11-14 12:26:24,461 [EventQueue-ContainerReportForContainerReportHandler] WARN  container.ContainerReportHandler (AbstractContainerReportHandler.java:updateContainerState(145)) - Container #1 is in OPEN state, but the datanode 00c62217-5fe8-4e7e-82ea-e9eb3a319654{ip: 192.168.34.12, host: pr-hdds-2372-lnsqz-525025365, networkLocation: /default-rack, certSerialId: null} reports an CLOSED replica.
2019-11-14 12:26:24,525 [BlockDeletingService#2] WARN  background.BlockDeletingService (BlockDeletingService.java:isDeletionAllowed(187)) - Close Container log Index 6 is not replicated across allthe servers in the pipeline 3a9b6b08-a844-44f5-89a3-687e5d4ee5b9 as the min replicated index is 4. Deletion is not allowed in this container yet.
2019-11-14 12:26:24,525 [BlockDeletingService#2] WARN  background.BlockDeletingService (BlockDeletingService.java:isDeletionAllowed(187)) - Close Container log Index 6 is not replicated across allthe servers in the pipeline 3a9b6b08-a844-44f5-89a3-687e5d4ee5b9 as the min replicated index is 4. Deletion is not allowed in this container yet.
2019-11-14 12:26:24,758 [EventQueue-ContainerReportForContainerReportHandler] WARN  container.ContainerReportHandler (AbstractContainerReportHandler.java:updateContainerState(145)) - Container #1 is in OPEN state, but the datanode cd558214-326f-4a5f-9303-c2e363dc7cbf{ip: 192.168.34.12, host: pr-hdds-2372-lnsqz-525025365, networkLocation: /default-rack, certSerialId: null} reports an CLOSED replica.
2019-11-14 12:26:24,763 [EventQueue-ContainerReportForContainerReportHandler] WARN  container.ContainerReportHandler (AbstractContainerReportHandler.java:updateContainerState(145)) - Container #1 is in OPEN state, but the datanode 00c62217-5fe8-4e7e-82ea-e9eb3a319654{ip: 192.168.34.12, host: pr-hdds-2372-lnsqz-525025365, networkLocation: /default-rack, certSerialId: null} reports an CLOSED replica.
2019-11-14 12:26:25,059 [EventQueue-ContainerReportForContainerReportHandler] WARN  container.ContainerReportHandler (AbstractContainerReportHandler.java:updateContainerState(145)) - Container #1 is in OPEN state, but the datanode cd558214-326f-4a5f-9303-c2e363dc7cbf{ip: 192.168.34.12, host: pr-hdds-2372-lnsqz-525025365, networkLocation: /default-rack, certSerialId: null} reports an CLOSED replica.
2019-11-14 12:26:25,164 [EventQueue-ContainerReportForContainerReportHandler] WARN  container.ContainerReportHandler (AbstractContainerReportHandler.java:updateContainerState(145)) - Container #1 is in OPEN state, but the datanode 00c62217-5fe8-4e7e-82ea-e9eb3a319654{ip: 192.168.34.12, host: pr-hdds-2372-lnsqz-525025365, networkLocation: /default-rack, certSerialId: null} reports an CLOSED replica.
2019-11-14 12:26:25,359 [EventQueue-ContainerReportForContainerReportHandler] WARN  container.ContainerReportHandler (AbstractContainerReportHandler.java:updateContainerState(145)) - Container #1 is in OPEN state, but the datanode cd558214-326f-4a5f-9303-c2e363dc7cbf{ip: 192.168.34.12, host: pr-hdds-2372-lnsqz-525025365, networkLocation: /default-rack, certSerialId: null} reports an CLOSED replica.
2019-11-14 12:26:25,363 [EventQueue-ContainerReportForContainerReportHandler] WARN  container.ContainerReportHandler (AbstractContainerReportHandler.java:updateContainerState(145)) - Container #1 is in OPEN state, but the datanode 00c62217-5fe8-4e7e-82ea-e9eb3a319654{ip: 192.168.34.12, host: pr-hdds-2372-lnsqz-525025365, networkLocation: /default-rack, certSerialId: null} reports an CLOSED replica.
2019-11-14 12:26:25,528 [BlockDeletingService#2] WARN  background.BlockDeletingService (BlockDeletingService.java:isDeletionAllowed(187)) - Close Container log Index 6 is not replicated across allthe servers in the pipeline 3a9b6b08-a844-44f5-89a3-687e5d4ee5b9 as the min replicated index is 4. Deletion is not allowed in this container yet.
2019-11-14 12:26:25,528 [BlockDeletingService#2] WARN  background.BlockDeletingService (BlockDeletingService.java:isDeletionAllowed(187)) - Close Container log Index 6 is not replicated across allthe servers in the pipeline 3a9b6b08-a844-44f5-89a3-687e5d4ee5b9 as the min replicated index is 4. Deletion is not allowed in this container yet.
2019-11-14 12:26:25,559 [EventQueue-ContainerReportForContainerReportHandler] WARN  container.ContainerReportHandler (AbstractContainerReportHandler.java:updateContainerState(145)) - Container #1 is in OPEN state, but the datanode cd558214-326f-4a5f-9303-c2e363dc7cbf{ip: 192.168.34.12, host: pr-hdds-2372-lnsqz-525025365, networkLocation: /default-rack, certSerialId: null} reports an CLOSED replica.
2019-11-14 12:26:25,563 [EventQueue-ContainerReportForContainerReportHandler] WARN  container.ContainerReportHandler (AbstractContainerReportHandler.java:updateContainerState(145)) - Container #1 is in OPEN state, but the datanode 00c62217-5fe8-4e7e-82ea-e9eb3a319654{ip: 192.168.34.12, host: pr-hdds-2372-lnsqz-525025365, networkLocation: /default-rack, certSerialId: null} reports an CLOSED replica.
2019-11-14 12:26:25,636 [grpc-default-executor-3] WARN  server.GrpcLogAppender (LogUtils.java:warn(134)) - 00c62217-5fe8-4e7e-82ea-e9eb3a319654@group-687E5D4EE5B9->34945432-9180-41ca-be60-2140985b491a-AppendLogResponseHandler: Failed appendEntries: org.apache.ratis.thirdparty.io.grpc.StatusRuntimeException: UNAVAILABLE: io exception
2019-11-14 12:26:25,637 [grpc-default-executor-3] INFO  impl.FollowerInfo (FollowerInfo.java:lambda$new$0(51)) - 00c62217-5fe8-4e7e-82ea-e9eb3a319654@group-687E5D4EE5B9->34945432-9180-41ca-be60-2140985b491a: nextIndex: updateUnconditionally 0 -> 0
2019-11-14 12:26:25,864 [EventQueue-ContainerReportForContainerReportHandler] WARN  container.ContainerReportHandler (AbstractContainerReportHandler.java:updateContainerState(145)) - Container #1 is in OPEN state, but the datanode 00c62217-5fe8-4e7e-82ea-e9eb3a319654{ip: 192.168.34.12, host: pr-hdds-2372-lnsqz-525025365, networkLocation: /default-rack, certSerialId: null} reports an CLOSED replica.
2019-11-14 12:26:25,965 [EventQueue-ContainerReportForContainerReportHandler] WARN  container.ContainerReportHandler (AbstractContainerReportHandler.java:updateContainerState(145)) - Container #1 is in OPEN state, but the datanode cd558214-326f-4a5f-9303-c2e363dc7cbf{ip: 192.168.34.12, host: pr-hdds-2372-lnsqz-525025365, networkLocation: /default-rack, certSerialId: null} reports an CLOSED replica.
2019-11-14 12:26:26,164 [EventQueue-ContainerReportForContainerReportHandler] WARN  container.ContainerReportHandler (AbstractContainerReportHandler.java:updateContainerState(145)) - Container #1 is in OPEN state, but the datanode 00c62217-5fe8-4e7e-82ea-e9eb3a319654{ip: 192.168.34.12, host: pr-hdds-2372-lnsqz-525025365, networkLocation: /default-rack, certSerialId: null} reports an CLOSED replica.
2019-11-14 12:26:26,261 [EventQueue-ContainerReportForContainerReportHandler] WARN  container.ContainerReportHandler (AbstractContainerReportHandler.java:updateContainerState(145)) - Container #1 is in OPEN state, but the datanode cd558214-326f-4a5f-9303-c2e363dc7cbf{ip: 192.168.34.12, host: pr-hdds-2372-lnsqz-525025365, networkLocation: /default-rack, certSerialId: null} reports an CLOSED replica.
2019-11-14 12:26:26,530 [BlockDeletingService#2] WARN  background.BlockDeletingService (BlockDeletingService.java:isDeletionAllowed(187)) - Close Container log Index 6 is not replicated across allthe servers in the pipeline 3a9b6b08-a844-44f5-89a3-687e5d4ee5b9 as the min replicated index is 4. Deletion is not allowed in this container yet.
2019-11-14 12:26:26,530 [BlockDeletingService#2] WARN  background.BlockDeletingService (BlockDeletingService.java:isDeletionAllowed(187)) - Close Container log Index 6 is not replicated across allthe servers in the pipeline 3a9b6b08-a844-44f5-89a3-687e5d4ee5b9 as the min replicated index is 4. Deletion is not allowed in this container yet.
2019-11-14 12:26:26,561 [EventQueue-ContainerReportForContainerReportHandler] WARN  container.ContainerReportHandler (AbstractContainerReportHandler.java:updateContainerState(145)) - Container #1 is in OPEN state, but the datanode cd558214-326f-4a5f-9303-c2e363dc7cbf{ip: 192.168.34.12, host: pr-hdds-2372-lnsqz-525025365, networkLocation: /default-rack, certSerialId: null} reports an CLOSED replica.
2019-11-14 12:26:26,563 [EventQueue-ContainerReportForContainerReportHandler] WARN  container.ContainerReportHandler (AbstractContainerReportHandler.java:updateContainerState(145)) - Container #1 is in OPEN state, but the datanode 00c62217-5fe8-4e7e-82ea-e9eb3a319654{ip: 192.168.34.12, host: pr-hdds-2372-lnsqz-525025365, networkLocation: /default-rack, certSerialId: null} reports an CLOSED replica.
2019-11-14 12:26:26,761 [EventQueue-ContainerReportForContainerReportHandler] WARN  container.ContainerReportHandler (AbstractContainerReportHandler.java:updateContainerState(145)) - Container #1 is in OPEN state, but the datanode cd558214-326f-4a5f-9303-c2e363dc7cbf{ip: 192.168.34.12, host: pr-hdds-2372-lnsqz-525025365, networkLocation: /default-rack, certSerialId: null} reports an CLOSED replica.
2019-11-14 12:26:26,765 [EventQueue-ContainerReportForContainerReportHandler] WARN  container.ContainerReportHandler (AbstractContainerReportHandler.java:updateContainerState(145)) - Container #1 is in OPEN state, but the datanode 00c62217-5fe8-4e7e-82ea-e9eb3a319654{ip: 192.168.34.12, host: pr-hdds-2372-lnsqz-525025365, networkLocation: /default-rack, certSerialId: null} reports an CLOSED replica.
2019-11-14 12:26:27,061 [EventQueue-ContainerReportForContainerReportHandler] WARN  container.ContainerReportHandler (AbstractContainerReportHandler.java:updateContainerState(145)) - Container #1 is in OPEN state, but the datanode cd558214-326f-4a5f-9303-c2e363dc7cbf{ip: 192.168.34.12, host: pr-hdds-2372-lnsqz-525025365, networkLocation: /default-rack, certSerialId: null} reports an CLOSED replica.
2019-11-14 12:26:27,066 [EventQueue-ContainerReportForContainerReportHandler] WARN  container.ContainerReportHandler (AbstractContainerReportHandler.java:updateContainerState(145)) - Container #1 is in OPEN state, but the datanode 00c62217-5fe8-4e7e-82ea-e9eb3a319654{ip: 192.168.34.12, host: pr-hdds-2372-lnsqz-525025365, networkLocation: /default-rack, certSerialId: null} reports an CLOSED replica.
2019-11-14 12:26:27,461 [EventQueue-ContainerReportForContainerReportHandler] WARN  container.ContainerReportHandler (AbstractContainerReportHandler.java:updateContainerState(145)) - Container #1 is in OPEN state, but the datanode cd558214-326f-4a5f-9303-c2e363dc7cbf{ip: 192.168.34.12, host: pr-hdds-2372-lnsqz-525025365, networkLocation: /default-rack, certSerialId: null} reports an CLOSED replica.
2019-11-14 12:26:27,467 [EventQueue-ContainerReportForContainerReportHandler] WARN  container.ContainerReportHandler (AbstractContainerReportHandler.java:updateContainerState(145)) - Container #1 is in OPEN state, but the datanode 00c62217-5fe8-4e7e-82ea-e9eb3a319654{ip: 192.168.34.12, host: pr-hdds-2372-lnsqz-525025365, networkLocation: /default-rack, certSerialId: null} reports an CLOSED replica.
2019-11-14 12:26:27,531 [BlockDeletingService#2] WARN  background.BlockDeletingService (BlockDeletingService.java:isDeletionAllowed(187)) - Close Container log Index 6 is not replicated across allthe servers in the pipeline 3a9b6b08-a844-44f5-89a3-687e5d4ee5b9 as the min replicated index is 4. Deletion is not allowed in this container yet.
2019-11-14 12:26:27,531 [BlockDeletingService#2] WARN  background.BlockDeletingService (BlockDeletingService.java:isDeletionAllowed(187)) - Close Container log Index 6 is not replicated across allthe servers in the pipeline 3a9b6b08-a844-44f5-89a3-687e5d4ee5b9 as the min replicated index is 4. Deletion is not allowed in this container yet.
2019-11-14 12:26:27,761 [EventQueue-ContainerReportForContainerReportHandler] WARN  container.ContainerReportHandler (AbstractContainerReportHandler.java:updateContainerState(145)) - Container #1 is in OPEN state, but the datanode cd558214-326f-4a5f-9303-c2e363dc7cbf{ip: 192.168.34.12, host: pr-hdds-2372-lnsqz-525025365, networkLocation: /default-rack, certSerialId: null} reports an CLOSED replica.
2019-11-14 12:26:27,769 [EventQueue-ContainerReportForContainerReportHandler] WARN  container.ContainerReportHandler (AbstractContainerReportHandler.java:updateContainerState(145)) - Container #1 is in OPEN state, but the datanode 00c62217-5fe8-4e7e-82ea-e9eb3a319654{ip: 192.168.34.12, host: pr-hdds-2372-lnsqz-525025365, networkLocation: /default-rack, certSerialId: null} reports an CLOSED replica.
2019-11-14 12:26:27,961 [EventQueue-ContainerReportForContainerReportHandler] WARN  container.ContainerReportHandler (AbstractContainerReportHandler.java:updateContainerState(145)) - Container #1 is in OPEN state, but the datanode cd558214-326f-4a5f-9303-c2e363dc7cbf{ip: 192.168.34.12, host: pr-hdds-2372-lnsqz-525025365, networkLocation: /default-rack, certSerialId: null} reports an CLOSED replica.
2019-11-14 12:26:28,069 [EventQueue-ContainerReportForContainerReportHandler] WARN  container.ContainerReportHandler (AbstractContainerReportHandler.java:updateContainerState(145)) - Container #1 is in OPEN state, but the datanode 00c62217-5fe8-4e7e-82ea-e9eb3a319654{ip: 192.168.34.12, host: pr-hdds-2372-lnsqz-525025365, networkLocation: /default-rack, certSerialId: null} reports an CLOSED replica.
2019-11-14 12:26:28,139 [grpc-default-executor-0] WARN  server.GrpcLogAppender (LogUtils.java:warn(134)) - 00c62217-5fe8-4e7e-82ea-e9eb3a319654@group-687E5D4EE5B9->34945432-9180-41ca-be60-2140985b491a-AppendLogResponseHandler: Failed appendEntries: org.apache.ratis.thirdparty.io.grpc.StatusRuntimeException: UNAVAILABLE: io exception
2019-11-14 12:26:28,140 [grpc-default-executor-0] INFO  impl.FollowerInfo (FollowerInfo.java:lambda$new$0(51)) - 00c62217-5fe8-4e7e-82ea-e9eb3a319654@group-687E5D4EE5B9->34945432-9180-41ca-be60-2140985b491a: nextIndex: updateUnconditionally 0 -> 0
2019-11-14 12:26:28,261 [EventQueue-ContainerReportForContainerReportHandler] WARN  container.ContainerReportHandler (AbstractContainerReportHandler.java:updateContainerState(145)) - Container #1 is in OPEN state, but the datanode cd558214-326f-4a5f-9303-c2e363dc7cbf{ip: 192.168.34.12, host: pr-hdds-2372-lnsqz-525025365, networkLocation: /default-rack, certSerialId: null} reports an CLOSED replica.
2019-11-14 12:26:28,370 [EventQueue-ContainerReportForContainerReportHandler] WARN  container.ContainerReportHandler (AbstractContainerReportHandler.java:updateContainerState(145)) - Container #1 is in OPEN state, but the datanode 00c62217-5fe8-4e7e-82ea-e9eb3a319654{ip: 192.168.34.12, host: pr-hdds-2372-lnsqz-525025365, networkLocation: /default-rack, certSerialId: null} reports an CLOSED replica.
2019-11-14 12:26:28,534 [BlockDeletingService#2] WARN  background.BlockDeletingService (BlockDeletingService.java:isDeletionAllowed(187)) - Close Container log Index 6 is not replicated across allthe servers in the pipeline 3a9b6b08-a844-44f5-89a3-687e5d4ee5b9 as the min replicated index is 4. Deletion is not allowed in this container yet.
2019-11-14 12:26:28,534 [BlockDeletingService#2] WARN  background.BlockDeletingService (BlockDeletingService.java:isDeletionAllowed(187)) - Close Container log Index 6 is not replicated across allthe servers in the pipeline 3a9b6b08-a844-44f5-89a3-687e5d4ee5b9 as the min replicated index is 4. Deletion is not allowed in this container yet.
2019-11-14 12:26:28,563 [EventQueue-ContainerReportForContainerReportHandler] WARN  container.ContainerReportHandler (AbstractContainerReportHandler.java:updateContainerState(145)) - Container #1 is in OPEN state, but the datanode cd558214-326f-4a5f-9303-c2e363dc7cbf{ip: 192.168.34.12, host: pr-hdds-2372-lnsqz-525025365, networkLocation: /default-rack, certSerialId: null} reports an CLOSED replica.
2019-11-14 12:26:28,669 [EventQueue-ContainerReportForContainerReportHandler] WARN  container.ContainerReportHandler (AbstractContainerReportHandler.java:updateContainerState(145)) - Container #1 is in OPEN state, but the datanode 00c62217-5fe8-4e7e-82ea-e9eb3a319654{ip: 192.168.34.12, host: pr-hdds-2372-lnsqz-525025365, networkLocation: /default-rack, certSerialId: null} reports an CLOSED replica.
2019-11-14 12:26:28,965 [EventQueue-ContainerReportForContainerReportHandler] WARN  container.ContainerReportHandler (AbstractContainerReportHandler.java:updateContainerState(145)) - Container #1 is in OPEN state, but the datanode cd558214-326f-4a5f-9303-c2e363dc7cbf{ip: 192.168.34.12, host: pr-hdds-2372-lnsqz-525025365, networkLocation: /default-rack, certSerialId: null} reports an CLOSED replica.
2019-11-14 12:26:29,070 [EventQueue-ContainerReportForContainerReportHandler] WARN  container.ContainerReportHandler (AbstractContainerReportHandler.java:updateContainerState(145)) - Container #1 is in OPEN state, but the datanode 00c62217-5fe8-4e7e-82ea-e9eb3a319654{ip: 192.168.34.12, host: pr-hdds-2372-lnsqz-525025365, networkLocation: /default-rack, certSerialId: null} reports an CLOSED replica.
2019-11-14 12:26:29,264 [EventQueue-ContainerReportForContainerReportHandler] WARN  container.ContainerReportHandler (AbstractContainerReportHandler.java:updateContainerState(145)) - Container #1 is in OPEN state, but the datanode cd558214-326f-4a5f-9303-c2e363dc7cbf{ip: 192.168.34.12, host: pr-hdds-2372-lnsqz-525025365, networkLocation: /default-rack, certSerialId: null} reports an CLOSED replica.
2019-11-14 12:26:29,465 [EventQueue-ContainerReportForContainerReportHandler] WARN  container.ContainerReportHandler (AbstractContainerReportHandler.java:updateContainerState(145)) - Container #1 is in OPEN state, but the datanode cd558214-326f-4a5f-9303-c2e363dc7cbf{ip: 192.168.34.12, host: pr-hdds-2372-lnsqz-525025365, networkLocation: /default-rack, certSerialId: null} reports an CLOSED replica.
2019-11-14 12:26:29,469 [EventQueue-ContainerReportForContainerReportHandler] WARN  container.ContainerReportHandler (AbstractContainerReportHandler.java:updateContainerState(145)) - Container #1 is in OPEN state, but the datanode 00c62217-5fe8-4e7e-82ea-e9eb3a319654{ip: 192.168.34.12, host: pr-hdds-2372-lnsqz-525025365, networkLocation: /default-rack, certSerialId: null} reports an CLOSED replica.
2019-11-14 12:26:29,536 [BlockDeletingService#2] WARN  background.BlockDeletingService (BlockDeletingService.java:isDeletionAllowed(187)) - Close Container log Index 6 is not replicated across allthe servers in the pipeline 3a9b6b08-a844-44f5-89a3-687e5d4ee5b9 as the min replicated index is 4. Deletion is not allowed in this container yet.
2019-11-14 12:26:29,536 [BlockDeletingService#2] WARN  background.BlockDeletingService (BlockDeletingService.java:isDeletionAllowed(187)) - Close Container log Index 6 is not replicated across allthe servers in the pipeline 3a9b6b08-a844-44f5-89a3-687e5d4ee5b9 as the min replicated index is 4. Deletion is not allowed in this container yet.
2019-11-14 12:26:29,672 [EventQueue-ContainerReportForContainerReportHandler] WARN  container.ContainerReportHandler (AbstractContainerReportHandler.java:updateContainerState(145)) - Container #1 is in OPEN state, but the datanode 00c62217-5fe8-4e7e-82ea-e9eb3a319654{ip: 192.168.34.12, host: pr-hdds-2372-lnsqz-525025365, networkLocation: /default-rack, certSerialId: null} reports an CLOSED replica.
2019-11-14 12:26:29,765 [EventQueue-ContainerReportForContainerReportHandler] WARN  container.ContainerReportHandler (AbstractContainerReportHandler.java:updateContainerState(145)) - Container #1 is in OPEN state, but the datanode cd558214-326f-4a5f-9303-c2e363dc7cbf{ip: 192.168.34.12, host: pr-hdds-2372-lnsqz-525025365, networkLocation: /default-rack, certSerialId: null} reports an CLOSED replica.
2019-11-14 12:26:29,972 [EventQueue-ContainerReportForContainerReportHandler] WARN  container.ContainerReportHandler (AbstractContainerReportHandler.java:updateContainerState(145)) - Container #1 is in OPEN state, but the datanode 00c62217-5fe8-4e7e-82ea-e9eb3a319654{ip: 192.168.34.12, host: pr-hdds-2372-lnsqz-525025365, networkLocation: /default-rack, certSerialId: null} reports an CLOSED replica.
2019-11-14 12:26:30,065 [EventQueue-ContainerReportForContainerReportHandler] WARN  container.ContainerReportHandler (AbstractContainerReportHandler.java:updateContainerState(145)) - Container #1 is in OPEN state, but the datanode cd558214-326f-4a5f-9303-c2e363dc7cbf{ip: 192.168.34.12, host: pr-hdds-2372-lnsqz-525025365, networkLocation: /default-rack, certSerialId: null} reports an CLOSED replica.
2019-11-14 12:26:30,266 [EventQueue-ContainerReportForContainerReportHandler] WARN  container.ContainerReportHandler (AbstractContainerReportHandler.java:updateContainerState(145)) - Container #1 is in OPEN state, but the datanode cd558214-326f-4a5f-9303-c2e363dc7cbf{ip: 192.168.34.12, host: pr-hdds-2372-lnsqz-525025365, networkLocation: /default-rack, certSerialId: null} reports an CLOSED replica.
2019-11-14 12:26:30,272 [EventQueue-ContainerReportForContainerReportHandler] WARN  container.ContainerReportHandler (AbstractContainerReportHandler.java:updateContainerState(145)) - Container #1 is in OPEN state, but the datanode 00c62217-5fe8-4e7e-82ea-e9eb3a319654{ip: 192.168.34.12, host: pr-hdds-2372-lnsqz-525025365, networkLocation: /default-rack, certSerialId: null} reports an CLOSED replica.
2019-11-14 12:26:30,538 [BlockDeletingService#2] WARN  background.BlockDeletingService (BlockDeletingService.java:isDeletionAllowed(187)) - Close Container log Index 6 is not replicated across allthe servers in the pipeline 3a9b6b08-a844-44f5-89a3-687e5d4ee5b9 as the min replicated index is 4. Deletion is not allowed in this container yet.
2019-11-14 12:26:30,538 [BlockDeletingService#2] WARN  background.BlockDeletingService (BlockDeletingService.java:isDeletionAllowed(187)) - Close Container log Index 6 is not replicated across allthe servers in the pipeline 3a9b6b08-a844-44f5-89a3-687e5d4ee5b9 as the min replicated index is 4. Deletion is not allowed in this container yet.
2019-11-14 12:26:30,566 [EventQueue-ContainerReportForContainerReportHandler] WARN  container.ContainerReportHandler (AbstractContainerReportHandler.java:updateContainerState(145)) - Container #1 is in OPEN state, but the datanode cd558214-326f-4a5f-9303-c2e363dc7cbf{ip: 192.168.34.12, host: pr-hdds-2372-lnsqz-525025365, networkLocation: /default-rack, certSerialId: null} reports an CLOSED replica.
2019-11-14 12:26:30,647 [grpc-default-executor-2] WARN  server.GrpcLogAppender (LogUtils.java:warn(134)) - 00c62217-5fe8-4e7e-82ea-e9eb3a319654@group-687E5D4EE5B9->34945432-9180-41ca-be60-2140985b491a-AppendLogResponseHandler: Failed appendEntries: org.apache.ratis.thirdparty.io.grpc.StatusRuntimeException: UNAVAILABLE: io exception
2019-11-14 12:26:30,648 [grpc-default-executor-2] INFO  impl.FollowerInfo (FollowerInfo.java:lambda$new$0(51)) - 00c62217-5fe8-4e7e-82ea-e9eb3a319654@group-687E5D4EE5B9->34945432-9180-41ca-be60-2140985b491a: nextIndex: updateUnconditionally 0 -> 0
2019-11-14 12:26:30,674 [EventQueue-ContainerReportForContainerReportHandler] WARN  container.ContainerReportHandler (AbstractContainerReportHandler.java:updateContainerState(145)) - Container #1 is in OPEN state, but the datanode 00c62217-5fe8-4e7e-82ea-e9eb3a319654{ip: 192.168.34.12, host: pr-hdds-2372-lnsqz-525025365, networkLocation: /default-rack, certSerialId: null} reports an CLOSED replica.
2019-11-14 12:26:30,867 [EventQueue-ContainerReportForContainerReportHandler] WARN  container.ContainerReportHandler (AbstractContainerReportHandler.java:updateContainerState(145)) - Container #1 is in OPEN state, but the datanode cd558214-326f-4a5f-9303-c2e363dc7cbf{ip: 192.168.34.12, host: pr-hdds-2372-lnsqz-525025365, networkLocation: /default-rack, certSerialId: null} reports an CLOSED replica.
2019-11-14 12:26:30,973 [EventQueue-ContainerReportForContainerReportHandler] WARN  container.ContainerReportHandler (AbstractContainerReportHandler.java:updateContainerState(145)) - Container #1 is in OPEN state, but the datanode 00c62217-5fe8-4e7e-82ea-e9eb3a319654{ip: 192.168.34.12, host: pr-hdds-2372-lnsqz-525025365, networkLocation: /default-rack, certSerialId: null} reports an CLOSED replica.
2019-11-14 12:26:31,168 [EventQueue-ContainerReportForContainerReportHandler] WARN  container.ContainerReportHandler (AbstractContainerReportHandler.java:updateContainerState(145)) - Container #1 is in OPEN state, but the datanode cd558214-326f-4a5f-9303-c2e363dc7cbf{ip: 192.168.34.12, host: pr-hdds-2372-lnsqz-525025365, networkLocation: /default-rack, certSerialId: null} reports an CLOSED replica.
2019-11-14 12:26:31,273 [EventQueue-ContainerReportForContainerReportHandler] WARN  container.ContainerReportHandler (AbstractContainerReportHandler.java:updateContainerState(145)) - Container #1 is in OPEN state, but the datanode 00c62217-5fe8-4e7e-82ea-e9eb3a319654{ip: 192.168.34.12, host: pr-hdds-2372-lnsqz-525025365, networkLocation: /default-rack, certSerialId: null} reports an CLOSED replica.
2019-11-14 12:26:31,467 [EventQueue-ContainerReportForContainerReportHandler] WARN  container.ContainerReportHandler (AbstractContainerReportHandler.java:updateContainerState(145)) - Container #1 is in OPEN state, but the datanode cd558214-326f-4a5f-9303-c2e363dc7cbf{ip: 192.168.34.12, host: pr-hdds-2372-lnsqz-525025365, networkLocation: /default-rack, certSerialId: null} reports an CLOSED replica.
2019-11-14 12:26:31,541 [BlockDeletingService#2] WARN  background.BlockDeletingService (BlockDeletingService.java:isDeletionAllowed(187)) - Close Container log Index 6 is not replicated across allthe servers in the pipeline 3a9b6b08-a844-44f5-89a3-687e5d4ee5b9 as the min replicated index is 4. Deletion is not allowed in this container yet.
2019-11-14 12:26:31,541 [BlockDeletingService#2] WARN  background.BlockDeletingService (BlockDeletingService.java:isDeletionAllowed(187)) - Close Container log Index 6 is not replicated across allthe servers in the pipeline 3a9b6b08-a844-44f5-89a3-687e5d4ee5b9 as the min replicated index is 4. Deletion is not allowed in this container yet.
2019-11-14 12:26:31,575 [EventQueue-ContainerReportForContainerReportHandler] WARN  container.ContainerReportHandler (AbstractContainerReportHandler.java:updateContainerState(145)) - Container #1 is in OPEN state, but the datanode 00c62217-5fe8-4e7e-82ea-e9eb3a319654{ip: 192.168.34.12, host: pr-hdds-2372-lnsqz-525025365, networkLocation: /default-rack, certSerialId: null} reports an CLOSED replica.
2019-11-14 12:26:31,631 [Thread-382] INFO  client.GrpcClientProtocolService (GrpcClientProtocolService.java:lambda$processClientRequest$0(279)) - Failed RaftClientRequest:client-E39780D61DFF->cd558214-326f-4a5f-9303-c2e363dc7cbf@group-687E5D4EE5B9, cid=23, seq=0, Watch-ALL_COMMITTED(6), Message:<EMPTY>, reply=RaftClientReply:client-E39780D61DFF->cd558214-326f-4a5f-9303-c2e363dc7cbf@group-687E5D4EE5B9, cid=23, FAILED org.apache.ratis.protocol.NotLeaderException: Server cd558214-326f-4a5f-9303-c2e363dc7cbf@group-687E5D4EE5B9 is not the leader 00c62217-5fe8-4e7e-82ea-e9eb3a319654:192.168.34.12:43981, logIndex=0, commits[cd558214-326f-4a5f-9303-c2e363dc7cbf:c10, 00c62217-5fe8-4e7e-82ea-e9eb3a319654:c10, 34945432-9180-41ca-be60-2140985b491a:c4]
2019-11-14 12:26:31,776 [EventQueue-ContainerReportForContainerReportHandler] WARN  container.ContainerReportHandler (AbstractContainerReportHandler.java:updateContainerState(145)) - Container #1 is in OPEN state, but the datanode 00c62217-5fe8-4e7e-82ea-e9eb3a319654{ip: 192.168.34.12, host: pr-hdds-2372-lnsqz-525025365, networkLocation: /default-rack, certSerialId: null} reports an CLOSED replica.
2019-11-14 12:26:31,867 [EventQueue-ContainerReportForContainerReportHandler] WARN  container.ContainerReportHandler (AbstractContainerReportHandler.java:updateContainerState(145)) - Container #1 is in OPEN state, but the datanode cd558214-326f-4a5f-9303-c2e363dc7cbf{ip: 192.168.34.12, host: pr-hdds-2372-lnsqz-525025365, networkLocation: /default-rack, certSerialId: null} reports an CLOSED replica.
2019-11-14 12:26:32,167 [EventQueue-ContainerReportForContainerReportHandler] WARN  container.ContainerReportHandler (AbstractContainerReportHandler.java:updateContainerState(145)) - Container #1 is in OPEN state, but the datanode cd558214-326f-4a5f-9303-c2e363dc7cbf{ip: 192.168.34.12, host: pr-hdds-2372-lnsqz-525025365, networkLocation: /default-rack, certSerialId: null} reports an CLOSED replica.
2019-11-14 12:26:32,175 [EventQueue-ContainerReportForContainerReportHandler] WARN  container.ContainerReportHandler (AbstractContainerReportHandler.java:updateContainerState(145)) - Container #1 is in OPEN state, but the datanode 00c62217-5fe8-4e7e-82ea-e9eb3a319654{ip: 192.168.34.12, host: pr-hdds-2372-lnsqz-525025365, networkLocation: /default-rack, certSerialId: null} reports an CLOSED replica.
2019-11-14 12:26:32,376 [EventQueue-ContainerReportForContainerReportHandler] WARN  container.ContainerReportHandler (AbstractContainerReportHandler.java:updateContainerState(145)) - Container #1 is in OPEN state, but the datanode 00c62217-5fe8-4e7e-82ea-e9eb3a319654{ip: 192.168.34.12, host: pr-hdds-2372-lnsqz-525025365, networkLocation: /default-rack, certSerialId: null} reports an CLOSED replica.
2019-11-14 12:26:32,466 [EventQueue-ContainerReportForContainerReportHandler] WARN  container.ContainerReportHandler (AbstractContainerReportHandler.java:updateContainerState(145)) - Container #1 is in OPEN state, but the datanode cd558214-326f-4a5f-9303-c2e363dc7cbf{ip: 192.168.34.12, host: pr-hdds-2372-lnsqz-525025365, networkLocation: /default-rack, certSerialId: null} reports an CLOSED replica.
2019-11-14 12:26:32,542 [BlockDeletingService#2] WARN  background.BlockDeletingService (BlockDeletingService.java:isDeletionAllowed(187)) - Close Container log Index 6 is not replicated across allthe servers in the pipeline 3a9b6b08-a844-44f5-89a3-687e5d4ee5b9 as the min replicated index is 4. Deletion is not allowed in this container yet.
2019-11-14 12:26:32,544 [BlockDeletingService#2] WARN  background.BlockDeletingService (BlockDeletingService.java:isDeletionAllowed(187)) - Close Container log Index 6 is not replicated across allthe servers in the pipeline 3a9b6b08-a844-44f5-89a3-687e5d4ee5b9 as the min replicated index is 4. Deletion is not allowed in this container yet.
2019-11-14 12:26:32,676 [EventQueue-ContainerReportForContainerReportHandler] WARN  container.ContainerReportHandler (AbstractContainerReportHandler.java:updateContainerState(145)) - Container #1 is in OPEN state, but the datanode 00c62217-5fe8-4e7e-82ea-e9eb3a319654{ip: 192.168.34.12, host: pr-hdds-2372-lnsqz-525025365, networkLocation: /default-rack, certSerialId: null} reports an CLOSED replica.
2019-11-14 12:26:32,756 [Thread-387] INFO  client.GrpcClientProtocolService (GrpcClientProtocolService.java:lambda$processClientRequest$0(279)) - Failed RaftClientRequest:client-E39780D61DFF->00c62217-5fe8-4e7e-82ea-e9eb3a319654@group-687E5D4EE5B9, cid=23, seq=0, Watch-ALL_COMMITTED(6), Message:<EMPTY>, reply=RaftClientReply:client-E39780D61DFF->00c62217-5fe8-4e7e-82ea-e9eb3a319654@group-687E5D4EE5B9, cid=23, FAILED org.apache.ratis.protocol.NotReplicatedException: Request with call Id 23 and log index 6 is not yet replicated to ALL_COMMITTED, logIndex=6, commits[00c62217-5fe8-4e7e-82ea-e9eb3a319654:c10, 34945432-9180-41ca-be60-2140985b491a:c4, cd558214-326f-4a5f-9303-c2e363dc7cbf:c10]
2019-11-14 12:26:32,767 [EventQueue-ContainerReportForContainerReportHandler] WARN  container.ContainerReportHandler (AbstractContainerReportHandler.java:updateContainerState(145)) - Container #1 is in OPEN state, but the datanode cd558214-326f-4a5f-9303-c2e363dc7cbf{ip: 192.168.34.12, host: pr-hdds-2372-lnsqz-525025365, networkLocation: /default-rack, certSerialId: null} reports an CLOSED replica.
2019-11-14 12:26:32,876 [EventQueue-ContainerReportForContainerReportHandler] WARN  container.ContainerReportHandler (AbstractContainerReportHandler.java:updateContainerState(145)) - Container #1 is in OPEN state, but the datanode 00c62217-5fe8-4e7e-82ea-e9eb3a319654{ip: 192.168.34.12, host: pr-hdds-2372-lnsqz-525025365, networkLocation: /default-rack, certSerialId: null} reports an CLOSED replica.
2019-11-14 12:26:33,067 [EventQueue-ContainerReportForContainerReportHandler] WARN  container.ContainerReportHandler (AbstractContainerReportHandler.java:updateContainerState(145)) - Container #1 is in OPEN state, but the datanode cd558214-326f-4a5f-9303-c2e363dc7cbf{ip: 192.168.34.12, host: pr-hdds-2372-lnsqz-525025365, networkLocation: /default-rack, certSerialId: null} reports an CLOSED replica.
2019-11-14 12:26:33,150 [grpc-default-executor-2] WARN  server.GrpcLogAppender (LogUtils.java:warn(134)) - 00c62217-5fe8-4e7e-82ea-e9eb3a319654@group-687E5D4EE5B9->34945432-9180-41ca-be60-2140985b491a-AppendLogResponseHandler: Failed appendEntries: org.apache.ratis.thirdparty.io.grpc.StatusRuntimeException: UNAVAILABLE: io exception
2019-11-14 12:26:33,151 [grpc-default-executor-2] INFO  impl.FollowerInfo (FollowerInfo.java:lambda$new$0(51)) - 00c62217-5fe8-4e7e-82ea-e9eb3a319654@group-687E5D4EE5B9->34945432-9180-41ca-be60-2140985b491a: nextIndex: updateUnconditionally 0 -> 0
2019-11-14 12:26:33,176 [EventQueue-ContainerReportForContainerReportHandler] WARN  container.ContainerReportHandler (AbstractContainerReportHandler.java:updateContainerState(145)) - Container #1 is in OPEN state, but the datanode 00c62217-5fe8-4e7e-82ea-e9eb3a319654{ip: 192.168.34.12, host: pr-hdds-2372-lnsqz-525025365, networkLocation: /default-rack, certSerialId: null} reports an CLOSED replica.
2019-11-14 12:26:33,267 [EventQueue-ContainerReportForContainerReportHandler] WARN  container.ContainerReportHandler (AbstractContainerReportHandler.java:updateContainerState(145)) - Container #1 is in OPEN state, but the datanode cd558214-326f-4a5f-9303-c2e363dc7cbf{ip: 192.168.34.12, host: pr-hdds-2372-lnsqz-525025365, networkLocation: /default-rack, certSerialId: null} reports an CLOSED replica.
2019-11-14 12:26:33,478 [EventQueue-ContainerReportForContainerReportHandler] WARN  container.ContainerReportHandler (AbstractContainerReportHandler.java:updateContainerState(145)) - Container #1 is in OPEN state, but the datanode 00c62217-5fe8-4e7e-82ea-e9eb3a319654{ip: 192.168.34.12, host: pr-hdds-2372-lnsqz-525025365, networkLocation: /default-rack, certSerialId: null} reports an CLOSED replica.
2019-11-14 12:26:33,547 [BlockDeletingService#2] WARN  background.BlockDeletingService (BlockDeletingService.java:isDeletionAllowed(187)) - Close Container log Index 6 is not replicated across allthe servers in the pipeline 3a9b6b08-a844-44f5-89a3-687e5d4ee5b9 as the min replicated index is 4. Deletion is not allowed in this container yet.
2019-11-14 12:26:33,547 [BlockDeletingService#2] WARN  background.BlockDeletingService (BlockDeletingService.java:isDeletionAllowed(187)) - Close Container log Index 6 is not replicated across allthe servers in the pipeline 3a9b6b08-a844-44f5-89a3-687e5d4ee5b9 as the min replicated index is 4. Deletion is not allowed in this container yet.
2019-11-14 12:26:33,667 [EventQueue-ContainerReportForContainerReportHandler] WARN  container.ContainerReportHandler (AbstractContainerReportHandler.java:updateContainerState(145)) - Container #1 is in OPEN state, but the datanode cd558214-326f-4a5f-9303-c2e363dc7cbf{ip: 192.168.34.12, host: pr-hdds-2372-lnsqz-525025365, networkLocation: /default-rack, certSerialId: null} reports an CLOSED replica.
2019-11-14 12:26:33,776 [EventQueue-ContainerReportForContainerReportHandler] WARN  container.ContainerReportHandler (AbstractContainerReportHandler.java:updateContainerState(145)) - Container #1 is in OPEN state, but the datanode 00c62217-5fe8-4e7e-82ea-e9eb3a319654{ip: 192.168.34.12, host: pr-hdds-2372-lnsqz-525025365, networkLocation: /default-rack, certSerialId: null} reports an CLOSED replica.
2019-11-14 12:26:33,967 [EventQueue-ContainerReportForContainerReportHandler] WARN  container.ContainerReportHandler (AbstractContainerReportHandler.java:updateContainerState(145)) - Container #1 is in OPEN state, but the datanode cd558214-326f-4a5f-9303-c2e363dc7cbf{ip: 192.168.34.12, host: pr-hdds-2372-lnsqz-525025365, networkLocation: /default-rack, certSerialId: null} reports an CLOSED replica.
2019-11-14 12:26:34,075 [EventQueue-ContainerReportForContainerReportHandler] WARN  container.ContainerReportHandler (AbstractContainerReportHandler.java:updateContainerState(145)) - Container #1 is in OPEN state, but the datanode 00c62217-5fe8-4e7e-82ea-e9eb3a319654{ip: 192.168.34.12, host: pr-hdds-2372-lnsqz-525025365, networkLocation: /default-rack, certSerialId: null} reports an CLOSED replica.
2019-11-14 12:26:34,267 [EventQueue-ContainerReportForContainerReportHandler] WARN  container.ContainerReportHandler (AbstractContainerReportHandler.java:updateContainerState(145)) - Container #1 is in OPEN state, but the datanode cd558214-326f-4a5f-9303-c2e363dc7cbf{ip: 192.168.34.12, host: pr-hdds-2372-lnsqz-525025365, networkLocation: /default-rack, certSerialId: null} reports an CLOSED replica.
2019-11-14 12:26:34,376 [EventQueue-ContainerReportForContainerReportHandler] WARN  container.ContainerReportHandler (AbstractContainerReportHandler.java:updateContainerState(145)) - Container #1 is in OPEN state, but the datanode 00c62217-5fe8-4e7e-82ea-e9eb3a319654{ip: 192.168.34.12, host: pr-hdds-2372-lnsqz-525025365, networkLocation: /default-rack, certSerialId: null} reports an CLOSED replica.
2019-11-14 12:26:34,549 [BlockDeletingService#2] WARN  background.BlockDeletingService (BlockDeletingService.java:isDeletionAllowed(187)) - Close Container log Index 6 is not replicated across allthe servers in the pipeline 3a9b6b08-a844-44f5-89a3-687e5d4ee5b9 as the min replicated index is 4. Deletion is not allowed in this container yet.
2019-11-14 12:26:34,549 [BlockDeletingService#2] WARN  background.BlockDeletingService (BlockDeletingService.java:isDeletionAllowed(187)) - Close Container log Index 6 is not replicated across allthe servers in the pipeline 3a9b6b08-a844-44f5-89a3-687e5d4ee5b9 as the min replicated index is 4. Deletion is not allowed in this container yet.
2019-11-14 12:26:34,577 [EventQueue-ContainerReportForContainerReportHandler] WARN  container.ContainerReportHandler (AbstractContainerReportHandler.java:updateContainerState(145)) - Container #1 is in OPEN state, but the datanode 00c62217-5fe8-4e7e-82ea-e9eb3a319654{ip: 192.168.34.12, host: pr-hdds-2372-lnsqz-525025365, networkLocation: /default-rack, certSerialId: null} reports an CLOSED replica.
2019-11-14 12:26:34,668 [EventQueue-ContainerReportForContainerReportHandler] WARN  container.ContainerReportHandler (AbstractContainerReportHandler.java:updateContainerState(145)) - Container #1 is in OPEN state, but the datanode cd558214-326f-4a5f-9303-c2e363dc7cbf{ip: 192.168.34.12, host: pr-hdds-2372-lnsqz-525025365, networkLocation: /default-rack, certSerialId: null} reports an CLOSED replica.
2019-11-14 12:26:34,777 [EventQueue-ContainerReportForContainerReportHandler] WARN  container.ContainerReportHandler (AbstractContainerReportHandler.java:updateContainerState(145)) - Container #1 is in OPEN state, but the datanode 00c62217-5fe8-4e7e-82ea-e9eb3a319654{ip: 192.168.34.12, host: pr-hdds-2372-lnsqz-525025365, networkLocation: /default-rack, certSerialId: null} reports an CLOSED replica.
2019-11-14 12:26:34,867 [EventQueue-ContainerReportForContainerReportHandler] WARN  container.ContainerReportHandler (AbstractContainerReportHandler.java:updateContainerState(145)) - Container #1 is in OPEN state, but the datanode cd558214-326f-4a5f-9303-c2e363dc7cbf{ip: 192.168.34.12, host: pr-hdds-2372-lnsqz-525025365, networkLocation: /default-rack, certSerialId: null} reports an CLOSED replica.
2019-11-14 12:26:35,077 [EventQueue-ContainerReportForContainerReportHandler] WARN  container.ContainerReportHandler (AbstractContainerReportHandler.java:updateContainerState(145)) - Container #1 is in OPEN state, but the datanode 00c62217-5fe8-4e7e-82ea-e9eb3a319654{ip: 192.168.34.12, host: pr-hdds-2372-lnsqz-525025365, networkLocation: /default-rack, certSerialId: null} reports an CLOSED replica.
2019-11-14 12:26:35,266 [EventQueue-ContainerReportForContainerReportHandler] WARN  container.ContainerReportHandler (AbstractContainerReportHandler.java:updateContainerState(145)) - Container #1 is in OPEN state, but the datanode cd558214-326f-4a5f-9303-c2e363dc7cbf{ip: 192.168.34.12, host: pr-hdds-2372-lnsqz-525025365, networkLocation: /default-rack, certSerialId: null} reports an CLOSED replica.
2019-11-14 12:26:35,377 [EventQueue-ContainerReportForContainerReportHandler] WARN  container.ContainerReportHandler (AbstractContainerReportHandler.java:updateContainerState(145)) - Container #1 is in OPEN state, but the datanode 00c62217-5fe8-4e7e-82ea-e9eb3a319654{ip: 192.168.34.12, host: pr-hdds-2372-lnsqz-525025365, networkLocation: /default-rack, certSerialId: null} reports an CLOSED replica.
2019-11-14 12:26:35,552 [BlockDeletingService#2] WARN  background.BlockDeletingService (BlockDeletingService.java:isDeletionAllowed(187)) - Close Container log Index 6 is not replicated across allthe servers in the pipeline 3a9b6b08-a844-44f5-89a3-687e5d4ee5b9 as the min replicated index is 4. Deletion is not allowed in this container yet.
2019-11-14 12:26:35,552 [BlockDeletingService#2] WARN  background.BlockDeletingService (BlockDeletingService.java:isDeletionAllowed(187)) - Close Container log Index 6 is not replicated across allthe servers in the pipeline 3a9b6b08-a844-44f5-89a3-687e5d4ee5b9 as the min replicated index is 4. Deletion is not allowed in this container yet.
2019-11-14 12:26:35,566 [EventQueue-ContainerReportForContainerReportHandler] WARN  container.ContainerReportHandler (AbstractContainerReportHandler.java:updateContainerState(145)) - Container #1 is in OPEN state, but the datanode cd558214-326f-4a5f-9303-c2e363dc7cbf{ip: 192.168.34.12, host: pr-hdds-2372-lnsqz-525025365, networkLocation: /default-rack, certSerialId: null} reports an CLOSED replica.
2019-11-14 12:26:35,576 [EventQueue-ContainerReportForContainerReportHandler] WARN  container.ContainerReportHandler (AbstractContainerReportHandler.java:updateContainerState(145)) - Container #1 is in OPEN state, but the datanode 00c62217-5fe8-4e7e-82ea-e9eb3a319654{ip: 192.168.34.12, host: pr-hdds-2372-lnsqz-525025365, networkLocation: /default-rack, certSerialId: null} reports an CLOSED replica.
2019-11-14 12:26:35,657 [grpc-default-executor-2] WARN  server.GrpcLogAppender (LogUtils.java:warn(134)) - 00c62217-5fe8-4e7e-82ea-e9eb3a319654@group-687E5D4EE5B9->34945432-9180-41ca-be60-2140985b491a-AppendLogResponseHandler: Failed appendEntries: org.apache.ratis.thirdparty.io.grpc.StatusRuntimeException: UNAVAILABLE: io exception
2019-11-14 12:26:35,659 [grpc-default-executor-2] INFO  impl.FollowerInfo (FollowerInfo.java:lambda$new$0(51)) - 00c62217-5fe8-4e7e-82ea-e9eb3a319654@group-687E5D4EE5B9->34945432-9180-41ca-be60-2140985b491a: nextIndex: updateUnconditionally 0 -> 0
2019-11-14 12:26:35,767 [EventQueue-ContainerReportForContainerReportHandler] WARN  container.ContainerReportHandler (AbstractContainerReportHandler.java:updateContainerState(145)) - Container #1 is in OPEN state, but the datanode cd558214-326f-4a5f-9303-c2e363dc7cbf{ip: 192.168.34.12, host: pr-hdds-2372-lnsqz-525025365, networkLocation: /default-rack, certSerialId: null} reports an CLOSED replica.
2019-11-14 12:26:35,876 [EventQueue-ContainerReportForContainerReportHandler] WARN  container.ContainerReportHandler (AbstractContainerReportHandler.java:updateContainerState(145)) - Container #1 is in OPEN state, but the datanode 00c62217-5fe8-4e7e-82ea-e9eb3a319654{ip: 192.168.34.12, host: pr-hdds-2372-lnsqz-525025365, networkLocation: /default-rack, certSerialId: null} reports an CLOSED replica.
2019-11-14 12:26:36,066 [EventQueue-ContainerReportForContainerReportHandler] WARN  container.ContainerReportHandler (AbstractContainerReportHandler.java:updateContainerState(145)) - Container #1 is in OPEN state, but the datanode cd558214-326f-4a5f-9303-c2e363dc7cbf{ip: 192.168.34.12, host: pr-hdds-2372-lnsqz-525025365, networkLocation: /default-rack, certSerialId: null} reports an CLOSED replica.
2019-11-14 12:26:36,076 [EventQueue-ContainerReportForContainerReportHandler] WARN  container.ContainerReportHandler (AbstractContainerReportHandler.java:updateContainerState(145)) - Container #1 is in OPEN state, but the datanode 00c62217-5fe8-4e7e-82ea-e9eb3a319654{ip: 192.168.34.12, host: pr-hdds-2372-lnsqz-525025365, networkLocation: /default-rack, certSerialId: null} reports an CLOSED replica.
2019-11-14 12:26:36,367 [EventQueue-ContainerReportForContainerReportHandler] WARN  container.ContainerReportHandler (AbstractContainerReportHandler.java:updateContainerState(145)) - Container #1 is in OPEN state, but the datanode cd558214-326f-4a5f-9303-c2e363dc7cbf{ip: 192.168.34.12, host: pr-hdds-2372-lnsqz-525025365, networkLocation: /default-rack, certSerialId: null} reports an CLOSED replica.
2019-11-14 12:26:36,377 [EventQueue-ContainerReportForContainerReportHandler] WARN  container.ContainerReportHandler (AbstractContainerReportHandler.java:updateContainerState(145)) - Container #1 is in OPEN state, but the datanode 00c62217-5fe8-4e7e-82ea-e9eb3a319654{ip: 192.168.34.12, host: pr-hdds-2372-lnsqz-525025365, networkLocation: /default-rack, certSerialId: null} reports an CLOSED replica.
2019-11-14 12:26:36,554 [BlockDeletingService#2] WARN  background.BlockDeletingService (BlockDeletingService.java:isDeletionAllowed(187)) - Close Container log Index 6 is not replicated across allthe servers in the pipeline 3a9b6b08-a844-44f5-89a3-687e5d4ee5b9 as the min replicated index is 4. Deletion is not allowed in this container yet.
2019-11-14 12:26:36,554 [BlockDeletingService#2] WARN  background.BlockDeletingService (BlockDeletingService.java:isDeletionAllowed(187)) - Close Container log Index 6 is not replicated across allthe servers in the pipeline 3a9b6b08-a844-44f5-89a3-687e5d4ee5b9 as the min replicated index is 4. Deletion is not allowed in this container yet.
2019-11-14 12:26:36,667 [EventQueue-ContainerReportForContainerReportHandler] WARN  container.ContainerReportHandler (AbstractContainerReportHandler.java:updateContainerState(145)) - Container #1 is in OPEN state, but the datanode cd558214-326f-4a5f-9303-c2e363dc7cbf{ip: 192.168.34.12, host: pr-hdds-2372-lnsqz-525025365, networkLocation: /default-rack, certSerialId: null} reports an CLOSED replica.
2019-11-14 12:26:36,777 [EventQueue-ContainerReportForContainerReportHandler] WARN  container.ContainerReportHandler (AbstractContainerReportHandler.java:updateContainerState(145)) - Container #1 is in OPEN state, but the datanode 00c62217-5fe8-4e7e-82ea-e9eb3a319654{ip: 192.168.34.12, host: pr-hdds-2372-lnsqz-525025365, networkLocation: /default-rack, certSerialId: null} reports an CLOSED replica.
2019-11-14 12:26:36,869 [EventQueue-ContainerReportForContainerReportHandler] WARN  container.ContainerReportHandler (AbstractContainerReportHandler.java:updateContainerState(145)) - Container #1 is in OPEN state, but the datanode cd558214-326f-4a5f-9303-c2e363dc7cbf{ip: 192.168.34.12, host: pr-hdds-2372-lnsqz-525025365, networkLocation: /default-rack, certSerialId: null} reports an CLOSED replica.
2019-11-14 12:26:37,067 [EventQueue-ContainerReportForContainerReportHandler] WARN  container.ContainerReportHandler (AbstractContainerReportHandler.java:updateContainerState(145)) - Container #1 is in OPEN state, but the datanode cd558214-326f-4a5f-9303-c2e363dc7cbf{ip: 192.168.34.12, host: pr-hdds-2372-lnsqz-525025365, networkLocation: /default-rack, certSerialId: null} reports an CLOSED replica.
2019-11-14 12:26:37,078 [EventQueue-ContainerReportForContainerReportHandler] WARN  container.ContainerReportHandler (AbstractContainerReportHandler.java:updateContainerState(145)) - Container #1 is in OPEN state, but the datanode 00c62217-5fe8-4e7e-82ea-e9eb3a319654{ip: 192.168.34.12, host: pr-hdds-2372-lnsqz-525025365, networkLocation: /default-rack, certSerialId: null} reports an CLOSED replica.
2019-11-14 12:26:37,377 [EventQueue-ContainerReportForContainerReportHandler] WARN  container.ContainerReportHandler (AbstractContainerReportHandler.java:updateContainerState(145)) - Container #1 is in OPEN state, but the datanode 00c62217-5fe8-4e7e-82ea-e9eb3a319654{ip: 192.168.34.12, host: pr-hdds-2372-lnsqz-525025365, networkLocation: /default-rack, certSerialId: null} reports an CLOSED replica.
2019-11-14 12:26:37,469 [EventQueue-ContainerReportForContainerReportHandler] WARN  container.ContainerReportHandler (AbstractContainerReportHandler.java:updateContainerState(145)) - Container #1 is in OPEN state, but the datanode cd558214-326f-4a5f-9303-c2e363dc7cbf{ip: 192.168.34.12, host: pr-hdds-2372-lnsqz-525025365, networkLocation: /default-rack, certSerialId: null} reports an CLOSED replica.
2019-11-14 12:26:37,557 [BlockDeletingService#2] WARN  background.BlockDeletingService (BlockDeletingService.java:isDeletionAllowed(187)) - Close Container log Index 6 is not replicated across allthe servers in the pipeline 3a9b6b08-a844-44f5-89a3-687e5d4ee5b9 as the min replicated index is 4. Deletion is not allowed in this container yet.
2019-11-14 12:26:37,557 [BlockDeletingService#2] WARN  background.BlockDeletingService (BlockDeletingService.java:isDeletionAllowed(187)) - Close Container log Index 6 is not replicated across allthe servers in the pipeline 3a9b6b08-a844-44f5-89a3-687e5d4ee5b9 as the min replicated index is 4. Deletion is not allowed in this container yet.
2019-11-14 12:26:37,577 [EventQueue-ContainerReportForContainerReportHandler] WARN  container.ContainerReportHandler (AbstractContainerReportHandler.java:updateContainerState(145)) - Container #1 is in OPEN state, but the datanode 00c62217-5fe8-4e7e-82ea-e9eb3a319654{ip: 192.168.34.12, host: pr-hdds-2372-lnsqz-525025365, networkLocation: /default-rack, certSerialId: null} reports an CLOSED replica.
2019-11-14 12:26:37,669 [EventQueue-ContainerReportForContainerReportHandler] WARN  container.ContainerReportHandler (AbstractContainerReportHandler.java:updateContainerState(145)) - Container #1 is in OPEN state, but the datanode cd558214-326f-4a5f-9303-c2e363dc7cbf{ip: 192.168.34.12, host: pr-hdds-2372-lnsqz-525025365, networkLocation: /default-rack, certSerialId: null} reports an CLOSED replica.
2019-11-14 12:26:37,881 [EventQueue-ContainerReportForContainerReportHandler] WARN  container.ContainerReportHandler (AbstractContainerReportHandler.java:updateContainerState(145)) - Container #1 is in OPEN state, but the datanode 00c62217-5fe8-4e7e-82ea-e9eb3a319654{ip: 192.168.34.12, host: pr-hdds-2372-lnsqz-525025365, networkLocation: /default-rack, certSerialId: null} reports an CLOSED replica.
2019-11-14 12:26:37,970 [EventQueue-ContainerReportForContainerReportHandler] WARN  container.ContainerReportHandler (AbstractContainerReportHandler.java:updateContainerState(145)) - Container #1 is in OPEN state, but the datanode cd558214-326f-4a5f-9303-c2e363dc7cbf{ip: 192.168.34.12, host: pr-hdds-2372-lnsqz-525025365, networkLocation: /default-rack, certSerialId: null} reports an CLOSED replica.
2019-11-14 12:26:38,078 [EventQueue-ContainerReportForContainerReportHandler] WARN  container.ContainerReportHandler (AbstractContainerReportHandler.java:updateContainerState(145)) - Container #1 is in OPEN state, but the datanode 00c62217-5fe8-4e7e-82ea-e9eb3a319654{ip: 192.168.34.12, host: pr-hdds-2372-lnsqz-525025365, networkLocation: /default-rack, certSerialId: null} reports an CLOSED replica.
2019-11-14 12:26:38,163 [grpc-default-executor-3] WARN  server.GrpcLogAppender (LogUtils.java:warn(134)) - 00c62217-5fe8-4e7e-82ea-e9eb3a319654@group-687E5D4EE5B9->34945432-9180-41ca-be60-2140985b491a-AppendLogResponseHandler: Failed appendEntries: org.apache.ratis.thirdparty.io.grpc.StatusRuntimeException: UNAVAILABLE: io exception
2019-11-14 12:26:38,164 [grpc-default-executor-3] INFO  impl.FollowerInfo (FollowerInfo.java:lambda$new$0(51)) - 00c62217-5fe8-4e7e-82ea-e9eb3a319654@group-687E5D4EE5B9->34945432-9180-41ca-be60-2140985b491a: nextIndex: updateUnconditionally 0 -> 0
2019-11-14 12:26:38,170 [EventQueue-ContainerReportForContainerReportHandler] WARN  container.ContainerReportHandler (AbstractContainerReportHandler.java:updateContainerState(145)) - Container #1 is in OPEN state, but the datanode cd558214-326f-4a5f-9303-c2e363dc7cbf{ip: 192.168.34.12, host: pr-hdds-2372-lnsqz-525025365, networkLocation: /default-rack, certSerialId: null} reports an CLOSED replica.
2019-11-14 12:26:38,380 [EventQueue-ContainerReportForContainerReportHandler] WARN  container.ContainerReportHandler (AbstractContainerReportHandler.java:updateContainerState(145)) - Container #1 is in OPEN state, but the datanode 00c62217-5fe8-4e7e-82ea-e9eb3a319654{ip: 192.168.34.12, host: pr-hdds-2372-lnsqz-525025365, networkLocation: /default-rack, certSerialId: null} reports an CLOSED replica.
2019-11-14 12:26:38,471 [EventQueue-ContainerReportForContainerReportHandler] WARN  container.ContainerReportHandler (AbstractContainerReportHandler.java:updateContainerState(145)) - Container #1 is in OPEN state, but the datanode cd558214-326f-4a5f-9303-c2e363dc7cbf{ip: 192.168.34.12, host: pr-hdds-2372-lnsqz-525025365, networkLocation: /default-rack, certSerialId: null} reports an CLOSED replica.
2019-11-14 12:26:38,559 [BlockDeletingService#2] WARN  background.BlockDeletingService (BlockDeletingService.java:isDeletionAllowed(187)) - Close Container log Index 6 is not replicated across allthe servers in the pipeline 3a9b6b08-a844-44f5-89a3-687e5d4ee5b9 as the min replicated index is 4. Deletion is not allowed in this container yet.
2019-11-14 12:26:38,559 [BlockDeletingService#2] WARN  background.BlockDeletingService (BlockDeletingService.java:isDeletionAllowed(187)) - Close Container log Index 6 is not replicated across allthe servers in the pipeline 3a9b6b08-a844-44f5-89a3-687e5d4ee5b9 as the min replicated index is 4. Deletion is not allowed in this container yet.
2019-11-14 12:26:38,680 [EventQueue-ContainerReportForContainerReportHandler] WARN  container.ContainerReportHandler (AbstractContainerReportHandler.java:updateContainerState(145)) - Container #1 is in OPEN state, but the datanode 00c62217-5fe8-4e7e-82ea-e9eb3a319654{ip: 192.168.34.12, host: pr-hdds-2372-lnsqz-525025365, networkLocation: /default-rack, certSerialId: null} reports an CLOSED replica.
2019-11-14 12:26:38,875 [EventQueue-ContainerReportForContainerReportHandler] WARN  container.ContainerReportHandler (AbstractContainerReportHandler.java:updateContainerState(145)) - Container #1 is in OPEN state, but the datanode cd558214-326f-4a5f-9303-c2e363dc7cbf{ip: 192.168.34.12, host: pr-hdds-2372-lnsqz-525025365, networkLocation: /default-rack, certSerialId: null} reports an CLOSED replica.
2019-11-14 12:26:38,979 [EventQueue-ContainerReportForContainerReportHandler] WARN  container.ContainerReportHandler (AbstractContainerReportHandler.java:updateContainerState(145)) - Container #1 is in OPEN state, but the datanode 00c62217-5fe8-4e7e-82ea-e9eb3a319654{ip: 192.168.34.12, host: pr-hdds-2372-lnsqz-525025365, networkLocation: /default-rack, certSerialId: null} reports an CLOSED replica.
2019-11-14 12:26:39,176 [EventQueue-ContainerReportForContainerReportHandler] WARN  container.ContainerReportHandler (AbstractContainerReportHandler.java:updateContainerState(145)) - Container #1 is in OPEN state, but the datanode cd558214-326f-4a5f-9303-c2e363dc7cbf{ip: 192.168.34.12, host: pr-hdds-2372-lnsqz-525025365, networkLocation: /default-rack, certSerialId: null} reports an CLOSED replica.
2019-11-14 12:26:39,281 [EventQueue-ContainerReportForContainerReportHandler] WARN  container.ContainerReportHandler (AbstractContainerReportHandler.java:updateContainerState(145)) - Container #1 is in OPEN state, but the datanode 00c62217-5fe8-4e7e-82ea-e9eb3a319654{ip: 192.168.34.12, host: pr-hdds-2372-lnsqz-525025365, networkLocation: /default-rack, certSerialId: null} reports an CLOSED replica.
2019-11-14 12:26:39,481 [EventQueue-ContainerReportForContainerReportHandler] WARN  container.ContainerReportHandler (AbstractContainerReportHandler.java:updateContainerState(145)) - Container #1 is in OPEN state, but the datanode 00c62217-5fe8-4e7e-82ea-e9eb3a319654{ip: 192.168.34.12, host: pr-hdds-2372-lnsqz-525025365, networkLocation: /default-rack, certSerialId: null} reports an CLOSED replica.
2019-11-14 12:26:39,561 [BlockDeletingService#2] WARN  background.BlockDeletingService (BlockDeletingService.java:isDeletionAllowed(187)) - Close Container log Index 6 is not replicated across allthe servers in the pipeline 3a9b6b08-a844-44f5-89a3-687e5d4ee5b9 as the min replicated index is 4. Deletion is not allowed in this container yet.
2019-11-14 12:26:39,561 [BlockDeletingService#2] WARN  background.BlockDeletingService (BlockDeletingService.java:isDeletionAllowed(187)) - Close Container log Index 6 is not replicated across allthe servers in the pipeline 3a9b6b08-a844-44f5-89a3-687e5d4ee5b9 as the min replicated index is 4. Deletion is not allowed in this container yet.
2019-11-14 12:26:39,576 [EventQueue-ContainerReportForContainerReportHandler] WARN  container.ContainerReportHandler (AbstractContainerReportHandler.java:updateContainerState(145)) - Container #1 is in OPEN state, but the datanode cd558214-326f-4a5f-9303-c2e363dc7cbf{ip: 192.168.34.12, host: pr-hdds-2372-lnsqz-525025365, networkLocation: /default-rack, certSerialId: null} reports an CLOSED replica.
2019-11-14 12:26:39,680 [EventQueue-ContainerReportForContainerReportHandler] WARN  container.ContainerReportHandler (AbstractContainerReportHandler.java:updateContainerState(145)) - Container #1 is in OPEN state, but the datanode 00c62217-5fe8-4e7e-82ea-e9eb3a319654{ip: 192.168.34.12, host: pr-hdds-2372-lnsqz-525025365, networkLocation: /default-rack, certSerialId: null} reports an CLOSED replica.
2019-11-14 12:26:39,875 [EventQueue-ContainerReportForContainerReportHandler] WARN  container.ContainerReportHandler (AbstractContainerReportHandler.java:updateContainerState(145)) - Container #1 is in OPEN state, but the datanode cd558214-326f-4a5f-9303-c2e363dc7cbf{ip: 192.168.34.12, host: pr-hdds-2372-lnsqz-525025365, networkLocation: /default-rack, certSerialId: null} reports an CLOSED replica.
2019-11-14 12:26:39,982 [EventQueue-ContainerReportForContainerReportHandler] WARN  container.ContainerReportHandler (AbstractContainerReportHandler.java:updateContainerState(145)) - Container #1 is in OPEN state, but the datanode 00c62217-5fe8-4e7e-82ea-e9eb3a319654{ip: 192.168.34.12, host: pr-hdds-2372-lnsqz-525025365, networkLocation: /default-rack, certSerialId: null} reports an CLOSED replica.
2019-11-14 12:26:40,276 [EventQueue-ContainerReportForContainerReportHandler] WARN  container.ContainerReportHandler (AbstractContainerReportHandler.java:updateContainerState(145)) - Container #1 is in OPEN state, but the datanode cd558214-326f-4a5f-9303-c2e363dc7cbf{ip: 192.168.34.12, host: pr-hdds-2372-lnsqz-525025365, networkLocation: /default-rack, certSerialId: null} reports an CLOSED replica.
2019-11-14 12:26:40,282 [EventQueue-ContainerReportForContainerReportHandler] WARN  container.ContainerReportHandler (AbstractContainerReportHandler.java:updateContainerState(145)) - Container #1 is in OPEN state, but the datanode 00c62217-5fe8-4e7e-82ea-e9eb3a319654{ip: 192.168.34.12, host: pr-hdds-2372-lnsqz-525025365, networkLocation: /default-rack, certSerialId: null} reports an CLOSED replica.
2019-11-14 12:26:40,563 [BlockDeletingService#2] WARN  background.BlockDeletingService (BlockDeletingService.java:isDeletionAllowed(187)) - Close Container log Index 6 is not replicated across allthe servers in the pipeline 3a9b6b08-a844-44f5-89a3-687e5d4ee5b9 as the min replicated index is 4. Deletion is not allowed in this container yet.
2019-11-14 12:26:40,563 [BlockDeletingService#2] WARN  background.BlockDeletingService (BlockDeletingService.java:isDeletionAllowed(187)) - Close Container log Index 6 is not replicated across allthe servers in the pipeline 3a9b6b08-a844-44f5-89a3-687e5d4ee5b9 as the min replicated index is 4. Deletion is not allowed in this container yet.
2019-11-14 12:26:40,578 [EventQueue-ContainerReportForContainerReportHandler] WARN  container.ContainerReportHandler (AbstractContainerReportHandler.java:updateContainerState(145)) - Container #1 is in OPEN state, but the datanode cd558214-326f-4a5f-9303-c2e363dc7cbf{ip: 192.168.34.12, host: pr-hdds-2372-lnsqz-525025365, networkLocation: /default-rack, certSerialId: null} reports an CLOSED replica.
2019-11-14 12:26:40,583 [EventQueue-ContainerReportForContainerReportHandler] WARN  container.ContainerReportHandler (AbstractContainerReportHandler.java:updateContainerState(145)) - Container #1 is in OPEN state, but the datanode 00c62217-5fe8-4e7e-82ea-e9eb3a319654{ip: 192.168.34.12, host: pr-hdds-2372-lnsqz-525025365, networkLocation: /default-rack, certSerialId: null} reports an CLOSED replica.
2019-11-14 12:26:40,663 [Thread-409] INFO  client.GrpcClientProtocolService (GrpcClientProtocolService.java:lambda$processClientRequest$0(279)) - Failed RaftClientRequest:client-E39780D61DFF->cd558214-326f-4a5f-9303-c2e363dc7cbf@group-687E5D4EE5B9, cid=23, seq=0, Watch-ALL_COMMITTED(6), Message:<EMPTY>, reply=RaftClientReply:client-E39780D61DFF->cd558214-326f-4a5f-9303-c2e363dc7cbf@group-687E5D4EE5B9, cid=23, FAILED org.apache.ratis.protocol.NotLeaderException: Server cd558214-326f-4a5f-9303-c2e363dc7cbf@group-687E5D4EE5B9 is not the leader 00c62217-5fe8-4e7e-82ea-e9eb3a319654:192.168.34.12:43981, logIndex=0, commits[cd558214-326f-4a5f-9303-c2e363dc7cbf:c10, 00c62217-5fe8-4e7e-82ea-e9eb3a319654:c10, 34945432-9180-41ca-be60-2140985b491a:c4]
2019-11-14 12:26:40,663 [grpc-default-executor-2] WARN  server.GrpcLogAppender (LogUtils.java:warn(134)) - 00c62217-5fe8-4e7e-82ea-e9eb3a319654@group-687E5D4EE5B9->34945432-9180-41ca-be60-2140985b491a-AppendLogResponseHandler: Failed appendEntries: org.apache.ratis.thirdparty.io.grpc.StatusRuntimeException: UNAVAILABLE: io exception
2019-11-14 12:26:40,666 [grpc-default-executor-2] INFO  impl.FollowerInfo (FollowerInfo.java:lambda$new$0(51)) - 00c62217-5fe8-4e7e-82ea-e9eb3a319654@group-687E5D4EE5B9->34945432-9180-41ca-be60-2140985b491a: nextIndex: updateUnconditionally 0 -> 0
2019-11-14 12:26:40,877 [EventQueue-ContainerReportForContainerReportHandler] WARN  container.ContainerReportHandler (AbstractContainerReportHandler.java:updateContainerState(145)) - Container #1 is in OPEN state, but the datanode cd558214-326f-4a5f-9303-c2e363dc7cbf{ip: 192.168.34.12, host: pr-hdds-2372-lnsqz-525025365, networkLocation: /default-rack, certSerialId: null} reports an CLOSED replica.
2019-11-14 12:26:40,884 [EventQueue-ContainerReportForContainerReportHandler] WARN  container.ContainerReportHandler (AbstractContainerReportHandler.java:updateContainerState(145)) - Container #1 is in OPEN state, but the datanode 00c62217-5fe8-4e7e-82ea-e9eb3a319654{ip: 192.168.34.12, host: pr-hdds-2372-lnsqz-525025365, networkLocation: /default-rack, certSerialId: null} reports an CLOSED replica.
2019-11-14 12:26:41,076 [EventQueue-ContainerReportForContainerReportHandler] WARN  container.ContainerReportHandler (AbstractContainerReportHandler.java:updateContainerState(145)) - Container #1 is in OPEN state, but the datanode cd558214-326f-4a5f-9303-c2e363dc7cbf{ip: 192.168.34.12, host: pr-hdds-2372-lnsqz-525025365, networkLocation: /default-rack, certSerialId: null} reports an CLOSED replica.
2019-11-14 12:26:41,285 [EventQueue-ContainerReportForContainerReportHandler] WARN  container.ContainerReportHandler (AbstractContainerReportHandler.java:updateContainerState(145)) - Container #1 is in OPEN state, but the datanode 00c62217-5fe8-4e7e-82ea-e9eb3a319654{ip: 192.168.34.12, host: pr-hdds-2372-lnsqz-525025365, networkLocation: /default-rack, certSerialId: null} reports an CLOSED replica.
2019-11-14 12:26:41,377 [EventQueue-ContainerReportForContainerReportHandler] WARN  container.ContainerReportHandler (AbstractContainerReportHandler.java:updateContainerState(145)) - Container #1 is in OPEN state, but the datanode cd558214-326f-4a5f-9303-c2e363dc7cbf{ip: 192.168.34.12, host: pr-hdds-2372-lnsqz-525025365, networkLocation: /default-rack, certSerialId: null} reports an CLOSED replica.
2019-11-14 12:26:41,565 [BlockDeletingService#2] WARN  background.BlockDeletingService (BlockDeletingService.java:isDeletionAllowed(187)) - Close Container log Index 6 is not replicated across allthe servers in the pipeline 3a9b6b08-a844-44f5-89a3-687e5d4ee5b9 as the min replicated index is 4. Deletion is not allowed in this container yet.
2019-11-14 12:26:41,565 [BlockDeletingService#2] WARN  background.BlockDeletingService (BlockDeletingService.java:isDeletionAllowed(187)) - Close Container log Index 6 is not replicated across allthe servers in the pipeline 3a9b6b08-a844-44f5-89a3-687e5d4ee5b9 as the min replicated index is 4. Deletion is not allowed in this container yet.
2019-11-14 12:26:41,586 [EventQueue-ContainerReportForContainerReportHandler] WARN  container.ContainerReportHandler (AbstractContainerReportHandler.java:updateContainerState(145)) - Container #1 is in OPEN state, but the datanode 00c62217-5fe8-4e7e-82ea-e9eb3a319654{ip: 192.168.34.12, host: pr-hdds-2372-lnsqz-525025365, networkLocation: /default-rack, certSerialId: null} reports an CLOSED replica.
2019-11-14 12:26:41,676 [EventQueue-ContainerReportForContainerReportHandler] WARN  container.ContainerReportHandler (AbstractContainerReportHandler.java:updateContainerState(145)) - Container #1 is in OPEN state, but the datanode cd558214-326f-4a5f-9303-c2e363dc7cbf{ip: 192.168.34.12, host: pr-hdds-2372-lnsqz-525025365, networkLocation: /default-rack, certSerialId: null} reports an CLOSED replica.
2019-11-14 12:26:41,756 [Thread-415] INFO  client.GrpcClientProtocolService (GrpcClientProtocolService.java:lambda$processClientRequest$0(279)) - Failed RaftClientRequest:client-E39780D61DFF->00c62217-5fe8-4e7e-82ea-e9eb3a319654@group-687E5D4EE5B9, cid=23, seq=0, Watch-ALL_COMMITTED(6), Message:<EMPTY>, reply=RaftClientReply:client-E39780D61DFF->00c62217-5fe8-4e7e-82ea-e9eb3a319654@group-687E5D4EE5B9, cid=23, FAILED org.apache.ratis.protocol.NotReplicatedException: Request with call Id 23 and log index 6 is not yet replicated to ALL_COMMITTED, logIndex=6, commits[00c62217-5fe8-4e7e-82ea-e9eb3a319654:c10, 34945432-9180-41ca-be60-2140985b491a:c4, cd558214-326f-4a5f-9303-c2e363dc7cbf:c10]
2019-11-14 12:26:41,888 [EventQueue-ContainerReportForContainerReportHandler] WARN  container.ContainerReportHandler (AbstractContainerReportHandler.java:updateContainerState(145)) - Container #1 is in OPEN state, but the datanode 00c62217-5fe8-4e7e-82ea-e9eb3a319654{ip: 192.168.34.12, host: pr-hdds-2372-lnsqz-525025365, networkLocation: /default-rack, certSerialId: null} reports an CLOSED replica.
2019-11-14 12:26:41,976 [EventQueue-ContainerReportForContainerReportHandler] WARN  container.ContainerReportHandler (AbstractContainerReportHandler.java:updateContainerState(145)) - Container #1 is in OPEN state, but the datanode cd558214-326f-4a5f-9303-c2e363dc7cbf{ip: 192.168.34.12, host: pr-hdds-2372-lnsqz-525025365, networkLocation: /default-rack, certSerialId: null} reports an CLOSED replica.
2019-11-14 12:26:42,290 [EventQueue-ContainerReportForContainerReportHandler] WARN  container.ContainerReportHandler (AbstractContainerReportHandler.java:updateContainerState(145)) - Container #1 is in OPEN state, but the datanode 00c62217-5fe8-4e7e-82ea-e9eb3a319654{ip: 192.168.34.12, host: pr-hdds-2372-lnsqz-525025365, networkLocation: /default-rack, certSerialId: null} reports an CLOSED replica.
2019-11-14 12:26:42,377 [EventQueue-ContainerReportForContainerReportHandler] WARN  container.ContainerReportHandler (AbstractContainerReportHandler.java:updateContainerState(145)) - Container #1 is in OPEN state, but the datanode cd558214-326f-4a5f-9303-c2e363dc7cbf{ip: 192.168.34.12, host: pr-hdds-2372-lnsqz-525025365, networkLocation: /default-rack, certSerialId: null} reports an CLOSED replica.
2019-11-14 12:26:42,570 [BlockDeletingService#2] WARN  background.BlockDeletingService (BlockDeletingService.java:isDeletionAllowed(187)) - Close Container log Index 6 is not replicated across allthe servers in the pipeline 3a9b6b08-a844-44f5-89a3-687e5d4ee5b9 as the min replicated index is 4. Deletion is not allowed in this container yet.
2019-11-14 12:26:42,570 [BlockDeletingService#2] WARN  background.BlockDeletingService (BlockDeletingService.java:isDeletionAllowed(187)) - Close Container log Index 6 is not replicated across allthe servers in the pipeline 3a9b6b08-a844-44f5-89a3-687e5d4ee5b9 as the min replicated index is 4. Deletion is not allowed in this container yet.
2019-11-14 12:26:42,589 [EventQueue-ContainerReportForContainerReportHandler] WARN  container.ContainerReportHandler (AbstractContainerReportHandler.java:updateContainerState(145)) - Container #1 is in OPEN state, but the datanode 00c62217-5fe8-4e7e-82ea-e9eb3a319654{ip: 192.168.34.12, host: pr-hdds-2372-lnsqz-525025365, networkLocation: /default-rack, certSerialId: null} reports an CLOSED replica.
2019-11-14 12:26:42,779 [EventQueue-ContainerReportForContainerReportHandler] WARN  container.ContainerReportHandler (AbstractContainerReportHandler.java:updateContainerState(145)) - Container #1 is in OPEN state, but the datanode cd558214-326f-4a5f-9303-c2e363dc7cbf{ip: 192.168.34.12, host: pr-hdds-2372-lnsqz-525025365, networkLocation: /default-rack, certSerialId: null} reports an CLOSED replica.
2019-11-14 12:26:42,889 [EventQueue-ContainerReportForContainerReportHandler] WARN  container.ContainerReportHandler (AbstractContainerReportHandler.java:updateContainerState(145)) - Container #1 is in OPEN state, but the datanode 00c62217-5fe8-4e7e-82ea-e9eb3a319654{ip: 192.168.34.12, host: pr-hdds-2372-lnsqz-525025365, networkLocation: /default-rack, certSerialId: null} reports an CLOSED replica.
2019-11-14 12:26:43,079 [EventQueue-ContainerReportForContainerReportHandler] WARN  container.ContainerReportHandler (AbstractContainerReportHandler.java:updateContainerState(145)) - Container #1 is in OPEN state, but the datanode cd558214-326f-4a5f-9303-c2e363dc7cbf{ip: 192.168.34.12, host: pr-hdds-2372-lnsqz-525025365, networkLocation: /default-rack, certSerialId: null} reports an CLOSED replica.
2019-11-14 12:26:43,172 [grpc-default-executor-3] WARN  server.GrpcLogAppender (LogUtils.java:warn(134)) - 00c62217-5fe8-4e7e-82ea-e9eb3a319654@group-687E5D4EE5B9->34945432-9180-41ca-be60-2140985b491a-AppendLogResponseHandler: Failed appendEntries: org.apache.ratis.thirdparty.io.grpc.StatusRuntimeException: UNAVAILABLE: io exception
2019-11-14 12:26:43,174 [grpc-default-executor-3] INFO  impl.FollowerInfo (FollowerInfo.java:lambda$new$0(51)) - 00c62217-5fe8-4e7e-82ea-e9eb3a319654@group-687E5D4EE5B9->34945432-9180-41ca-be60-2140985b491a: nextIndex: updateUnconditionally 0 -> 0
2019-11-14 12:26:43,190 [EventQueue-ContainerReportForContainerReportHandler] WARN  container.ContainerReportHandler (AbstractContainerReportHandler.java:updateContainerState(145)) - Container #1 is in OPEN state, but the datanode 00c62217-5fe8-4e7e-82ea-e9eb3a319654{ip: 192.168.34.12, host: pr-hdds-2372-lnsqz-525025365, networkLocation: /default-rack, certSerialId: null} reports an CLOSED replica.
2019-11-14 12:26:43,380 [EventQueue-ContainerReportForContainerReportHandler] WARN  container.ContainerReportHandler (AbstractContainerReportHandler.java:updateContainerState(145)) - Container #1 is in OPEN state, but the datanode cd558214-326f-4a5f-9303-c2e363dc7cbf{ip: 192.168.34.12, host: pr-hdds-2372-lnsqz-525025365, networkLocation: /default-rack, certSerialId: null} reports an CLOSED replica.
2019-11-14 12:26:43,390 [EventQueue-ContainerReportForContainerReportHandler] WARN  container.ContainerReportHandler (AbstractContainerReportHandler.java:updateContainerState(145)) - Container #1 is in OPEN state, but the datanode 00c62217-5fe8-4e7e-82ea-e9eb3a319654{ip: 192.168.34.12, host: pr-hdds-2372-lnsqz-525025365, networkLocation: /default-rack, certSerialId: null} reports an CLOSED replica.
2019-11-14 12:26:43,574 [BlockDeletingService#2] WARN  background.BlockDeletingService (BlockDeletingService.java:isDeletionAllowed(187)) - Close Container log Index 6 is not replicated across allthe servers in the pipeline 3a9b6b08-a844-44f5-89a3-687e5d4ee5b9 as the min replicated index is 4. Deletion is not allowed in this container yet.
2019-11-14 12:26:43,574 [BlockDeletingService#2] WARN  background.BlockDeletingService (BlockDeletingService.java:isDeletionAllowed(187)) - Close Container log Index 6 is not replicated across allthe servers in the pipeline 3a9b6b08-a844-44f5-89a3-687e5d4ee5b9 as the min replicated index is 4. Deletion is not allowed in this container yet.
2019-11-14 12:26:43,781 [EventQueue-ContainerReportForContainerReportHandler] WARN  container.ContainerReportHandler (AbstractContainerReportHandler.java:updateContainerState(145)) - Container #1 is in OPEN state, but the datanode cd558214-326f-4a5f-9303-c2e363dc7cbf{ip: 192.168.34.12, host: pr-hdds-2372-lnsqz-525025365, networkLocation: /default-rack, certSerialId: null} reports an CLOSED replica.
2019-11-14 12:26:43,790 [EventQueue-ContainerReportForContainerReportHandler] WARN  container.ContainerReportHandler (AbstractContainerReportHandler.java:updateContainerState(145)) - Container #1 is in OPEN state, but the datanode 00c62217-5fe8-4e7e-82ea-e9eb3a319654{ip: 192.168.34.12, host: pr-hdds-2372-lnsqz-525025365, networkLocation: /default-rack, certSerialId: null} reports an CLOSED replica.
2019-11-14 12:26:43,989 [EventQueue-ContainerReportForContainerReportHandler] WARN  container.ContainerReportHandler (AbstractContainerReportHandler.java:updateContainerState(145)) - Container #1 is in OPEN state, but the datanode 00c62217-5fe8-4e7e-82ea-e9eb3a319654{ip: 192.168.34.12, host: pr-hdds-2372-lnsqz-525025365, networkLocation: /default-rack, certSerialId: null} reports an CLOSED replica.
2019-11-14 12:26:44,080 [EventQueue-ContainerReportForContainerReportHandler] WARN  container.ContainerReportHandler (AbstractContainerReportHandler.java:updateContainerState(145)) - Container #1 is in OPEN state, but the datanode cd558214-326f-4a5f-9303-c2e363dc7cbf{ip: 192.168.34.12, host: pr-hdds-2372-lnsqz-525025365, networkLocation: /default-rack, certSerialId: null} reports an CLOSED replica.
2019-11-14 12:26:44,390 [EventQueue-ContainerReportForContainerReportHandler] WARN  container.ContainerReportHandler (AbstractContainerReportHandler.java:updateContainerState(145)) - Container #1 is in OPEN state, but the datanode 00c62217-5fe8-4e7e-82ea-e9eb3a319654{ip: 192.168.34.12, host: pr-hdds-2372-lnsqz-525025365, networkLocation: /default-rack, certSerialId: null} reports an CLOSED replica.
2019-11-14 12:26:44,479 [EventQueue-ContainerReportForContainerReportHandler] WARN  container.ContainerReportHandler (AbstractContainerReportHandler.java:updateContainerState(145)) - Container #1 is in OPEN state, but the datanode cd558214-326f-4a5f-9303-c2e363dc7cbf{ip: 192.168.34.12, host: pr-hdds-2372-lnsqz-525025365, networkLocation: /default-rack, certSerialId: null} reports an CLOSED replica.
2019-11-14 12:26:44,576 [BlockDeletingService#2] WARN  background.BlockDeletingService (BlockDeletingService.java:isDeletionAllowed(187)) - Close Container log Index 6 is not replicated across allthe servers in the pipeline 3a9b6b08-a844-44f5-89a3-687e5d4ee5b9 as the min replicated index is 4. Deletion is not allowed in this container yet.
2019-11-14 12:26:44,576 [BlockDeletingService#2] WARN  background.BlockDeletingService (BlockDeletingService.java:isDeletionAllowed(187)) - Close Container log Index 6 is not replicated across allthe servers in the pipeline 3a9b6b08-a844-44f5-89a3-687e5d4ee5b9 as the min replicated index is 4. Deletion is not allowed in this container yet.
2019-11-14 12:26:44,682 [EventQueue-ContainerReportForContainerReportHandler] WARN  container.ContainerReportHandler (AbstractContainerReportHandler.java:updateContainerState(145)) - Container #1 is in OPEN state, but the datanode cd558214-326f-4a5f-9303-c2e363dc7cbf{ip: 192.168.34.12, host: pr-hdds-2372-lnsqz-525025365, networkLocation: /default-rack, certSerialId: null} reports an CLOSED replica.
2019-11-14 12:26:44,790 [EventQueue-ContainerReportForContainerReportHandler] WARN  container.ContainerReportHandler (AbstractContainerReportHandler.java:updateContainerState(145)) - Container #1 is in OPEN state, but the datanode 00c62217-5fe8-4e7e-82ea-e9eb3a319654{ip: 192.168.34.12, host: pr-hdds-2372-lnsqz-525025365, networkLocation: /default-rack, certSerialId: null} reports an CLOSED replica.
2019-11-14 12:26:45,082 [EventQueue-ContainerReportForContainerReportHandler] WARN  container.ContainerReportHandler (AbstractContainerReportHandler.java:updateContainerState(145)) - Container #1 is in OPEN state, but the datanode cd558214-326f-4a5f-9303-c2e363dc7cbf{ip: 192.168.34.12, host: pr-hdds-2372-lnsqz-525025365, networkLocation: /default-rack, certSerialId: null} reports an CLOSED replica.
2019-11-14 12:26:45,190 [EventQueue-ContainerReportForContainerReportHandler] WARN  container.ContainerReportHandler (AbstractContainerReportHandler.java:updateContainerState(145)) - Container #1 is in OPEN state, but the datanode 00c62217-5fe8-4e7e-82ea-e9eb3a319654{ip: 192.168.34.12, host: pr-hdds-2372-lnsqz-525025365, networkLocation: /default-rack, certSerialId: null} reports an CLOSED replica.
2019-11-14 12:26:45,383 [EventQueue-ContainerReportForContainerReportHandler] WARN  container.ContainerReportHandler (AbstractContainerReportHandler.java:updateContainerState(145)) - Container #1 is in OPEN state, but the datanode cd558214-326f-4a5f-9303-c2e363dc7cbf{ip: 192.168.34.12, host: pr-hdds-2372-lnsqz-525025365, networkLocation: /default-rack, certSerialId: null} reports an CLOSED replica.
2019-11-14 12:26:45,490 [EventQueue-ContainerReportForContainerReportHandler] WARN  container.ContainerReportHandler (AbstractContainerReportHandler.java:updateContainerState(145)) - Container #1 is in OPEN state, but the datanode 00c62217-5fe8-4e7e-82ea-e9eb3a319654{ip: 192.168.34.12, host: pr-hdds-2372-lnsqz-525025365, networkLocation: /default-rack, certSerialId: null} reports an CLOSED replica.
2019-11-14 12:26:45,578 [BlockDeletingService#2] WARN  background.BlockDeletingService (BlockDeletingService.java:isDeletionAllowed(187)) - Close Container log Index 6 is not replicated across allthe servers in the pipeline 3a9b6b08-a844-44f5-89a3-687e5d4ee5b9 as the min replicated index is 4. Deletion is not allowed in this container yet.
2019-11-14 12:26:45,578 [BlockDeletingService#2] WARN  background.BlockDeletingService (BlockDeletingService.java:isDeletionAllowed(187)) - Close Container log Index 6 is not replicated across allthe servers in the pipeline 3a9b6b08-a844-44f5-89a3-687e5d4ee5b9 as the min replicated index is 4. Deletion is not allowed in this container yet.
2019-11-14 12:26:45,675 [grpc-default-executor-3] WARN  server.GrpcLogAppender (LogUtils.java:warn(134)) - 00c62217-5fe8-4e7e-82ea-e9eb3a319654@group-687E5D4EE5B9->34945432-9180-41ca-be60-2140985b491a-AppendLogResponseHandler: Failed appendEntries: org.apache.ratis.thirdparty.io.grpc.StatusRuntimeException: UNAVAILABLE: io exception
2019-11-14 12:26:45,677 [grpc-default-executor-3] INFO  impl.FollowerInfo (FollowerInfo.java:lambda$new$0(51)) - 00c62217-5fe8-4e7e-82ea-e9eb3a319654@group-687E5D4EE5B9->34945432-9180-41ca-be60-2140985b491a: nextIndex: updateUnconditionally 0 -> 0
2019-11-14 12:26:45,684 [EventQueue-ContainerReportForContainerReportHandler] WARN  container.ContainerReportHandler (AbstractContainerReportHandler.java:updateContainerState(145)) - Container #1 is in OPEN state, but the datanode cd558214-326f-4a5f-9303-c2e363dc7cbf{ip: 192.168.34.12, host: pr-hdds-2372-lnsqz-525025365, networkLocation: /default-rack, certSerialId: null} reports an CLOSED replica.
2019-11-14 12:26:45,892 [EventQueue-ContainerReportForContainerReportHandler] WARN  container.ContainerReportHandler (AbstractContainerReportHandler.java:updateContainerState(145)) - Container #1 is in OPEN state, but the datanode 00c62217-5fe8-4e7e-82ea-e9eb3a319654{ip: 192.168.34.12, host: pr-hdds-2372-lnsqz-525025365, networkLocation: /default-rack, certSerialId: null} reports an CLOSED replica.
2019-11-14 12:26:45,986 [EventQueue-ContainerReportForContainerReportHandler] WARN  container.ContainerReportHandler (AbstractContainerReportHandler.java:updateContainerState(145)) - Container #1 is in OPEN state, but the datanode cd558214-326f-4a5f-9303-c2e363dc7cbf{ip: 192.168.34.12, host: pr-hdds-2372-lnsqz-525025365, networkLocation: /default-rack, certSerialId: null} reports an CLOSED replica.
2019-11-14 12:26:46,193 [EventQueue-ContainerReportForContainerReportHandler] WARN  container.ContainerReportHandler (AbstractContainerReportHandler.java:updateContainerState(145)) - Container #1 is in OPEN state, but the datanode 00c62217-5fe8-4e7e-82ea-e9eb3a319654{ip: 192.168.34.12, host: pr-hdds-2372-lnsqz-525025365, networkLocation: /default-rack, certSerialId: null} reports an CLOSED replica.
2019-11-14 12:26:46,286 [EventQueue-ContainerReportForContainerReportHandler] WARN  container.ContainerReportHandler (AbstractContainerReportHandler.java:updateContainerState(145)) - Container #1 is in OPEN state, but the datanode cd558214-326f-4a5f-9303-c2e363dc7cbf{ip: 192.168.34.12, host: pr-hdds-2372-lnsqz-525025365, networkLocation: /default-rack, certSerialId: null} reports an CLOSED replica.
2019-11-14 12:26:46,487 [EventQueue-ContainerReportForContainerReportHandler] WARN  container.ContainerReportHandler (AbstractContainerReportHandler.java:updateContainerState(145)) - Container #1 is in OPEN state, but the datanode cd558214-326f-4a5f-9303-c2e363dc7cbf{ip: 192.168.34.12, host: pr-hdds-2372-lnsqz-525025365, networkLocation: /default-rack, certSerialId: null} reports an CLOSED replica.
2019-11-14 12:26:46,580 [BlockDeletingService#2] WARN  background.BlockDeletingService (BlockDeletingService.java:isDeletionAllowed(187)) - Close Container log Index 6 is not replicated across allthe servers in the pipeline 3a9b6b08-a844-44f5-89a3-687e5d4ee5b9 as the min replicated index is 4. Deletion is not allowed in this container yet.
2019-11-14 12:26:46,580 [BlockDeletingService#2] WARN  background.BlockDeletingService (BlockDeletingService.java:isDeletionAllowed(187)) - Close Container log Index 6 is not replicated across allthe servers in the pipeline 3a9b6b08-a844-44f5-89a3-687e5d4ee5b9 as the min replicated index is 4. Deletion is not allowed in this container yet.
2019-11-14 12:26:46,593 [EventQueue-ContainerReportForContainerReportHandler] WARN  container.ContainerReportHandler (AbstractContainerReportHandler.java:updateContainerState(145)) - Container #1 is in OPEN state, but the datanode 00c62217-5fe8-4e7e-82ea-e9eb3a319654{ip: 192.168.34.12, host: pr-hdds-2372-lnsqz-525025365, networkLocation: /default-rack, certSerialId: null} reports an CLOSED replica.
2019-11-14 12:26:46,787 [EventQueue-ContainerReportForContainerReportHandler] WARN  container.ContainerReportHandler (AbstractContainerReportHandler.java:updateContainerState(145)) - Container #1 is in OPEN state, but the datanode cd558214-326f-4a5f-9303-c2e363dc7cbf{ip: 192.168.34.12, host: pr-hdds-2372-lnsqz-525025365, networkLocation: /default-rack, certSerialId: null} reports an CLOSED replica.
2019-11-14 12:26:46,793 [EventQueue-ContainerReportForContainerReportHandler] WARN  container.ContainerReportHandler (AbstractContainerReportHandler.java:updateContainerState(145)) - Container #1 is in OPEN state, but the datanode 00c62217-5fe8-4e7e-82ea-e9eb3a319654{ip: 192.168.34.12, host: pr-hdds-2372-lnsqz-525025365, networkLocation: /default-rack, certSerialId: null} reports an CLOSED replica.
2019-11-14 12:26:46,987 [EventQueue-ContainerReportForContainerReportHandler] WARN  container.ContainerReportHandler (AbstractContainerReportHandler.java:updateContainerState(145)) - Container #1 is in OPEN state, but the datanode cd558214-326f-4a5f-9303-c2e363dc7cbf{ip: 192.168.34.12, host: pr-hdds-2372-lnsqz-525025365, networkLocation: /default-rack, certSerialId: null} reports an CLOSED replica.
2019-11-14 12:26:47,092 [EventQueue-ContainerReportForContainerReportHandler] WARN  container.ContainerReportHandler (AbstractContainerReportHandler.java:updateContainerState(145)) - Container #1 is in OPEN state, but the datanode 00c62217-5fe8-4e7e-82ea-e9eb3a319654{ip: 192.168.34.12, host: pr-hdds-2372-lnsqz-525025365, networkLocation: /default-rack, certSerialId: null} reports an CLOSED replica.
2019-11-14 12:26:47,292 [EventQueue-ContainerReportForContainerReportHandler] WARN  container.ContainerReportHandler (AbstractContainerReportHandler.java:updateContainerState(145)) - Container #1 is in OPEN state, but the datanode 00c62217-5fe8-4e7e-82ea-e9eb3a319654{ip: 192.168.34.12, host: pr-hdds-2372-lnsqz-525025365, networkLocation: /default-rack, certSerialId: null} reports an CLOSED replica.
2019-11-14 12:26:47,388 [EventQueue-ContainerReportForContainerReportHandler] WARN  container.ContainerReportHandler (AbstractContainerReportHandler.java:updateContainerState(145)) - Container #1 is in OPEN state, but the datanode cd558214-326f-4a5f-9303-c2e363dc7cbf{ip: 192.168.34.12, host: pr-hdds-2372-lnsqz-525025365, networkLocation: /default-rack, certSerialId: null} reports an CLOSED replica.
2019-11-14 12:26:47,582 [BlockDeletingService#2] WARN  background.BlockDeletingService (BlockDeletingService.java:isDeletionAllowed(187)) - Close Container log Index 6 is not replicated across allthe servers in the pipeline 3a9b6b08-a844-44f5-89a3-687e5d4ee5b9 as the min replicated index is 4. Deletion is not allowed in this container yet.
2019-11-14 12:26:47,582 [BlockDeletingService#2] WARN  background.BlockDeletingService (BlockDeletingService.java:isDeletionAllowed(187)) - Close Container log Index 6 is not replicated across allthe servers in the pipeline 3a9b6b08-a844-44f5-89a3-687e5d4ee5b9 as the min replicated index is 4. Deletion is not allowed in this container yet.
2019-11-14 12:26:47,588 [EventQueue-ContainerReportForContainerReportHandler] WARN  container.ContainerReportHandler (AbstractContainerReportHandler.java:updateContainerState(145)) - Container #1 is in OPEN state, but the datanode cd558214-326f-4a5f-9303-c2e363dc7cbf{ip: 192.168.34.12, host: pr-hdds-2372-lnsqz-525025365, networkLocation: /default-rack, certSerialId: null} reports an CLOSED replica.
2019-11-14 12:26:47,692 [EventQueue-ContainerReportForContainerReportHandler] WARN  container.ContainerReportHandler (AbstractContainerReportHandler.java:updateContainerState(145)) - Container #1 is in OPEN state, but the datanode 00c62217-5fe8-4e7e-82ea-e9eb3a319654{ip: 192.168.34.12, host: pr-hdds-2372-lnsqz-525025365, networkLocation: /default-rack, certSerialId: null} reports an CLOSED replica.
2019-11-14 12:26:47,788 [EventQueue-ContainerReportForContainerReportHandler] WARN  container.ContainerReportHandler (AbstractContainerReportHandler.java:updateContainerState(145)) - Container #1 is in OPEN state, but the datanode cd558214-326f-4a5f-9303-c2e363dc7cbf{ip: 192.168.34.12, host: pr-hdds-2372-lnsqz-525025365, networkLocation: /default-rack, certSerialId: null} reports an CLOSED replica.
2019-11-14 12:26:48,090 [EventQueue-ContainerReportForContainerReportHandler] WARN  container.ContainerReportHandler (AbstractContainerReportHandler.java:updateContainerState(145)) - Container #1 is in OPEN state, but the datanode cd558214-326f-4a5f-9303-c2e363dc7cbf{ip: 192.168.34.12, host: pr-hdds-2372-lnsqz-525025365, networkLocation: /default-rack, certSerialId: null} reports an CLOSED replica.
2019-11-14 12:26:48,093 [EventQueue-ContainerReportForContainerReportHandler] WARN  container.ContainerReportHandler (AbstractContainerReportHandler.java:updateContainerState(145)) - Container #1 is in OPEN state, but the datanode 00c62217-5fe8-4e7e-82ea-e9eb3a319654{ip: 192.168.34.12, host: pr-hdds-2372-lnsqz-525025365, networkLocation: /default-rack, certSerialId: null} reports an CLOSED replica.
2019-11-14 12:26:48,179 [grpc-default-executor-3] WARN  server.GrpcLogAppender (LogUtils.java:warn(134)) - 00c62217-5fe8-4e7e-82ea-e9eb3a319654@group-687E5D4EE5B9->34945432-9180-41ca-be60-2140985b491a-AppendLogResponseHandler: Failed appendEntries: org.apache.ratis.thirdparty.io.grpc.StatusRuntimeException: UNAVAILABLE: io exception
2019-11-14 12:26:48,181 [grpc-default-executor-3] INFO  impl.FollowerInfo (FollowerInfo.java:lambda$new$0(51)) - 00c62217-5fe8-4e7e-82ea-e9eb3a319654@group-687E5D4EE5B9->34945432-9180-41ca-be60-2140985b491a: nextIndex: updateUnconditionally 0 -> 0
2019-11-14 12:26:48,296 [EventQueue-ContainerReportForContainerReportHandler] WARN  container.ContainerReportHandler (AbstractContainerReportHandler.java:updateContainerState(145)) - Container #1 is in OPEN state, but the datanode 00c62217-5fe8-4e7e-82ea-e9eb3a319654{ip: 192.168.34.12, host: pr-hdds-2372-lnsqz-525025365, networkLocation: /default-rack, certSerialId: null} reports an CLOSED replica.
2019-11-14 12:26:48,391 [EventQueue-ContainerReportForContainerReportHandler] WARN  container.ContainerReportHandler (AbstractContainerReportHandler.java:updateContainerState(145)) - Container #1 is in OPEN state, but the datanode cd558214-326f-4a5f-9303-c2e363dc7cbf{ip: 192.168.34.12, host: pr-hdds-2372-lnsqz-525025365, networkLocation: /default-rack, certSerialId: null} reports an CLOSED replica.
2019-11-14 12:26:48,585 [BlockDeletingService#2] WARN  background.BlockDeletingService (BlockDeletingService.java:isDeletionAllowed(187)) - Close Container log Index 6 is not replicated across allthe servers in the pipeline 3a9b6b08-a844-44f5-89a3-687e5d4ee5b9 as the min replicated index is 4. Deletion is not allowed in this container yet.
2019-11-14 12:26:48,585 [BlockDeletingService#2] WARN  background.BlockDeletingService (BlockDeletingService.java:isDeletionAllowed(187)) - Close Container log Index 6 is not replicated across allthe servers in the pipeline 3a9b6b08-a844-44f5-89a3-687e5d4ee5b9 as the min replicated index is 4. Deletion is not allowed in this container yet.
2019-11-14 12:26:48,594 [EventQueue-ContainerReportForContainerReportHandler] WARN  container.ContainerReportHandler (AbstractContainerReportHandler.java:updateContainerState(145)) - Container #1 is in OPEN state, but the datanode 00c62217-5fe8-4e7e-82ea-e9eb3a319654{ip: 192.168.34.12, host: pr-hdds-2372-lnsqz-525025365, networkLocation: /default-rack, certSerialId: null} reports an CLOSED replica.
2019-11-14 12:26:48,692 [EventQueue-ContainerReportForContainerReportHandler] WARN  container.ContainerReportHandler (AbstractContainerReportHandler.java:updateContainerState(145)) - Container #1 is in OPEN state, but the datanode cd558214-326f-4a5f-9303-c2e363dc7cbf{ip: 192.168.34.12, host: pr-hdds-2372-lnsqz-525025365, networkLocation: /default-rack, certSerialId: null} reports an CLOSED replica.
2019-11-14 12:26:48,895 [EventQueue-ContainerReportForContainerReportHandler] WARN  container.ContainerReportHandler (AbstractContainerReportHandler.java:updateContainerState(145)) - Container #1 is in OPEN state, but the datanode 00c62217-5fe8-4e7e-82ea-e9eb3a319654{ip: 192.168.34.12, host: pr-hdds-2372-lnsqz-525025365, networkLocation: /default-rack, certSerialId: null} reports an CLOSED replica.
2019-11-14 12:26:49,093 [EventQueue-ContainerReportForContainerReportHandler] WARN  container.ContainerReportHandler (AbstractContainerReportHandler.java:updateContainerState(145)) - Container #1 is in OPEN state, but the datanode cd558214-326f-4a5f-9303-c2e363dc7cbf{ip: 192.168.34.12, host: pr-hdds-2372-lnsqz-525025365, networkLocation: /default-rack, certSerialId: null} reports an CLOSED replica.
2019-11-14 12:26:49,195 [EventQueue-ContainerReportForContainerReportHandler] WARN  container.ContainerReportHandler (AbstractContainerReportHandler.java:updateContainerState(145)) - Container #1 is in OPEN state, but the datanode 00c62217-5fe8-4e7e-82ea-e9eb3a319654{ip: 192.168.34.12, host: pr-hdds-2372-lnsqz-525025365, networkLocation: /default-rack, certSerialId: null} reports an CLOSED replica.
2019-11-14 12:26:49,392 [EventQueue-ContainerReportForContainerReportHandler] WARN  container.ContainerReportHandler (AbstractContainerReportHandler.java:updateContainerState(145)) - Container #1 is in OPEN state, but the datanode cd558214-326f-4a5f-9303-c2e363dc7cbf{ip: 192.168.34.12, host: pr-hdds-2372-lnsqz-525025365, networkLocation: /default-rack, certSerialId: null} reports an CLOSED replica.
2019-11-14 12:26:49,586 [BlockDeletingService#2] WARN  background.BlockDeletingService (BlockDeletingService.java:isDeletionAllowed(187)) - Close Container log Index 6 is not replicated across allthe servers in the pipeline 3a9b6b08-a844-44f5-89a3-687e5d4ee5b9 as the min replicated index is 4. Deletion is not allowed in this container yet.
2019-11-14 12:26:49,586 [BlockDeletingService#2] WARN  background.BlockDeletingService (BlockDeletingService.java:isDeletionAllowed(187)) - Close Container log Index 6 is not replicated across allthe servers in the pipeline 3a9b6b08-a844-44f5-89a3-687e5d4ee5b9 as the min replicated index is 4. Deletion is not allowed in this container yet.
2019-11-14 12:26:49,596 [EventQueue-ContainerReportForContainerReportHandler] WARN  container.ContainerReportHandler (AbstractContainerReportHandler.java:updateContainerState(145)) - Container #1 is in OPEN state, but the datanode 00c62217-5fe8-4e7e-82ea-e9eb3a319654{ip: 192.168.34.12, host: pr-hdds-2372-lnsqz-525025365, networkLocation: /default-rack, certSerialId: null} reports an CLOSED replica.
2019-11-14 12:26:49,693 [EventQueue-ContainerReportForContainerReportHandler] WARN  container.ContainerReportHandler (AbstractContainerReportHandler.java:updateContainerState(145)) - Container #1 is in OPEN state, but the datanode cd558214-326f-4a5f-9303-c2e363dc7cbf{ip: 192.168.34.12, host: pr-hdds-2372-lnsqz-525025365, networkLocation: /default-rack, certSerialId: null} reports an CLOSED replica.
2019-11-14 12:26:49,796 [EventQueue-ContainerReportForContainerReportHandler] WARN  container.ContainerReportHandler (AbstractContainerReportHandler.java:updateContainerState(145)) - Container #1 is in OPEN state, but the datanode 00c62217-5fe8-4e7e-82ea-e9eb3a319654{ip: 192.168.34.12, host: pr-hdds-2372-lnsqz-525025365, networkLocation: /default-rack, certSerialId: null} reports an CLOSED replica.
2019-11-14 12:26:49,893 [EventQueue-ContainerReportForContainerReportHandler] WARN  container.ContainerReportHandler (AbstractContainerReportHandler.java:updateContainerState(145)) - Container #1 is in OPEN state, but the datanode cd558214-326f-4a5f-9303-c2e363dc7cbf{ip: 192.168.34.12, host: pr-hdds-2372-lnsqz-525025365, networkLocation: /default-rack, certSerialId: null} reports an CLOSED replica.
2019-11-14 12:26:50,093 [EventQueue-ContainerReportForContainerReportHandler] WARN  container.ContainerReportHandler (AbstractContainerReportHandler.java:updateContainerState(145)) - Container #1 is in OPEN state, but the datanode cd558214-326f-4a5f-9303-c2e363dc7cbf{ip: 192.168.34.12, host: pr-hdds-2372-lnsqz-525025365, networkLocation: /default-rack, certSerialId: null} reports an CLOSED replica.
2019-11-14 12:26:50,096 [EventQueue-ContainerReportForContainerReportHandler] WARN  container.ContainerReportHandler (AbstractContainerReportHandler.java:updateContainerState(145)) - Container #1 is in OPEN state, but the datanode 00c62217-5fe8-4e7e-82ea-e9eb3a319654{ip: 192.168.34.12, host: pr-hdds-2372-lnsqz-525025365, networkLocation: /default-rack, certSerialId: null} reports an CLOSED replica.
2019-11-14 12:26:50,394 [EventQueue-ContainerReportForContainerReportHandler] WARN  container.ContainerReportHandler (AbstractContainerReportHandler.java:updateContainerState(145)) - Container #1 is in OPEN state, but the datanode cd558214-326f-4a5f-9303-c2e363dc7cbf{ip: 192.168.34.12, host: pr-hdds-2372-lnsqz-525025365, networkLocation: /default-rack, certSerialId: null} reports an CLOSED replica.
2019-11-14 12:26:50,497 [EventQueue-ContainerReportForContainerReportHandler] WARN  container.ContainerReportHandler (AbstractContainerReportHandler.java:updateContainerState(145)) - Container #1 is in OPEN state, but the datanode 00c62217-5fe8-4e7e-82ea-e9eb3a319654{ip: 192.168.34.12, host: pr-hdds-2372-lnsqz-525025365, networkLocation: /default-rack, certSerialId: null} reports an CLOSED replica.
2019-11-14 12:26:50,588 [BlockDeletingService#2] WARN  background.BlockDeletingService (BlockDeletingService.java:isDeletionAllowed(187)) - Close Container log Index 6 is not replicated across allthe servers in the pipeline 3a9b6b08-a844-44f5-89a3-687e5d4ee5b9 as the min replicated index is 4. Deletion is not allowed in this container yet.
2019-11-14 12:26:50,588 [BlockDeletingService#2] WARN  background.BlockDeletingService (BlockDeletingService.java:isDeletionAllowed(187)) - Close Container log Index 6 is not replicated across allthe servers in the pipeline 3a9b6b08-a844-44f5-89a3-687e5d4ee5b9 as the min replicated index is 4. Deletion is not allowed in this container yet.
2019-11-14 12:26:50,681 [grpc-default-executor-2] WARN  server.GrpcLogAppender (LogUtils.java:warn(134)) - 00c62217-5fe8-4e7e-82ea-e9eb3a319654@group-687E5D4EE5B9->34945432-9180-41ca-be60-2140985b491a-AppendLogResponseHandler: Failed appendEntries: org.apache.ratis.thirdparty.io.grpc.StatusRuntimeException: UNAVAILABLE: io exception
2019-11-14 12:26:50,682 [grpc-default-executor-2] INFO  impl.FollowerInfo (FollowerInfo.java:lambda$new$0(51)) - 00c62217-5fe8-4e7e-82ea-e9eb3a319654@group-687E5D4EE5B9->34945432-9180-41ca-be60-2140985b491a: nextIndex: updateUnconditionally 0 -> 0
2019-11-14 12:26:50,695 [EventQueue-ContainerReportForContainerReportHandler] WARN  container.ContainerReportHandler (AbstractContainerReportHandler.java:updateContainerState(145)) - Container #1 is in OPEN state, but the datanode cd558214-326f-4a5f-9303-c2e363dc7cbf{ip: 192.168.34.12, host: pr-hdds-2372-lnsqz-525025365, networkLocation: /default-rack, certSerialId: null} reports an CLOSED replica.
2019-11-14 12:26:50,696 [EventQueue-ContainerReportForContainerReportHandler] WARN  container.ContainerReportHandler (AbstractContainerReportHandler.java:updateContainerState(145)) - Container #1 is in OPEN state, but the datanode 00c62217-5fe8-4e7e-82ea-e9eb3a319654{ip: 192.168.34.12, host: pr-hdds-2372-lnsqz-525025365, networkLocation: /default-rack, certSerialId: null} reports an CLOSED replica.
2019-11-14 12:26:50,755 [Thread-442] INFO  client.GrpcClientProtocolService (GrpcClientProtocolService.java:lambda$processClientRequest$0(279)) - Failed RaftClientRequest:client-E39780D61DFF->00c62217-5fe8-4e7e-82ea-e9eb3a319654@group-687E5D4EE5B9, cid=23, seq=0, Watch-ALL_COMMITTED(6), Message:<EMPTY>, reply=RaftClientReply:client-E39780D61DFF->00c62217-5fe8-4e7e-82ea-e9eb3a319654@group-687E5D4EE5B9, cid=23, FAILED org.apache.ratis.protocol.NotReplicatedException: Request with call Id 23 and log index 6 is not yet replicated to ALL_COMMITTED, logIndex=6, commits[00c62217-5fe8-4e7e-82ea-e9eb3a319654:c10, 34945432-9180-41ca-be60-2140985b491a:c4, cd558214-326f-4a5f-9303-c2e363dc7cbf:c10]
2019-11-14 12:26:50,995 [EventQueue-ContainerReportForContainerReportHandler] WARN  container.ContainerReportHandler (AbstractContainerReportHandler.java:updateContainerState(145)) - Container #1 is in OPEN state, but the datanode cd558214-326f-4a5f-9303-c2e363dc7cbf{ip: 192.168.34.12, host: pr-hdds-2372-lnsqz-525025365, networkLocation: /default-rack, certSerialId: null} reports an CLOSED replica.
2019-11-14 12:26:50,996 [EventQueue-ContainerReportForContainerReportHandler] WARN  container.ContainerReportHandler (AbstractContainerReportHandler.java:updateContainerState(145)) - Container #1 is in OPEN state, but the datanode 00c62217-5fe8-4e7e-82ea-e9eb3a319654{ip: 192.168.34.12, host: pr-hdds-2372-lnsqz-525025365, networkLocation: /default-rack, certSerialId: null} reports an CLOSED replica.
2019-11-14 12:26:51,294 [EventQueue-ContainerReportForContainerReportHandler] WARN  container.ContainerReportHandler (AbstractContainerReportHandler.java:updateContainerState(145)) - Container #1 is in OPEN state, but the datanode cd558214-326f-4a5f-9303-c2e363dc7cbf{ip: 192.168.34.12, host: pr-hdds-2372-lnsqz-525025365, networkLocation: /default-rack, certSerialId: null} reports an CLOSED replica.
2019-11-14 12:26:51,296 [EventQueue-ContainerReportForContainerReportHandler] WARN  container.ContainerReportHandler (AbstractContainerReportHandler.java:updateContainerState(145)) - Container #1 is in OPEN state, but the datanode 00c62217-5fe8-4e7e-82ea-e9eb3a319654{ip: 192.168.34.12, host: pr-hdds-2372-lnsqz-525025365, networkLocation: /default-rack, certSerialId: null} reports an CLOSED replica.
2019-11-14 12:26:51,495 [EventQueue-ContainerReportForContainerReportHandler] WARN  container.ContainerReportHandler (AbstractContainerReportHandler.java:updateContainerState(145)) - Container #1 is in OPEN state, but the datanode cd558214-326f-4a5f-9303-c2e363dc7cbf{ip: 192.168.34.12, host: pr-hdds-2372-lnsqz-525025365, networkLocation: /default-rack, certSerialId: null} reports an CLOSED replica.
2019-11-14 12:26:51,590 [BlockDeletingService#2] WARN  background.BlockDeletingService (BlockDeletingService.java:isDeletionAllowed(187)) - Close Container log Index 6 is not replicated across allthe servers in the pipeline 3a9b6b08-a844-44f5-89a3-687e5d4ee5b9 as the min replicated index is 4. Deletion is not allowed in this container yet.
2019-11-14 12:26:51,591 [BlockDeletingService#2] WARN  background.BlockDeletingService (BlockDeletingService.java:isDeletionAllowed(187)) - Close Container log Index 6 is not replicated across allthe servers in the pipeline 3a9b6b08-a844-44f5-89a3-687e5d4ee5b9 as the min replicated index is 4. Deletion is not allowed in this container yet.
2019-11-14 12:26:51,596 [EventQueue-ContainerReportForContainerReportHandler] WARN  container.ContainerReportHandler (AbstractContainerReportHandler.java:updateContainerState(145)) - Container #1 is in OPEN state, but the datanode 00c62217-5fe8-4e7e-82ea-e9eb3a319654{ip: 192.168.34.12, host: pr-hdds-2372-lnsqz-525025365, networkLocation: /default-rack, certSerialId: null} reports an CLOSED replica.
2019-11-14 12:26:51,795 [EventQueue-ContainerReportForContainerReportHandler] WARN  container.ContainerReportHandler (AbstractContainerReportHandler.java:updateContainerState(145)) - Container #1 is in OPEN state, but the datanode cd558214-326f-4a5f-9303-c2e363dc7cbf{ip: 192.168.34.12, host: pr-hdds-2372-lnsqz-525025365, networkLocation: /default-rack, certSerialId: null} reports an CLOSED replica.
2019-11-14 12:26:51,997 [EventQueue-ContainerReportForContainerReportHandler] WARN  container.ContainerReportHandler (AbstractContainerReportHandler.java:updateContainerState(145)) - Container #1 is in OPEN state, but the datanode 00c62217-5fe8-4e7e-82ea-e9eb3a319654{ip: 192.168.34.12, host: pr-hdds-2372-lnsqz-525025365, networkLocation: /default-rack, certSerialId: null} reports an CLOSED replica.
2019-11-14 12:26:52,096 [EventQueue-ContainerReportForContainerReportHandler] WARN  container.ContainerReportHandler (AbstractContainerReportHandler.java:updateContainerState(145)) - Container #1 is in OPEN state, but the datanode cd558214-326f-4a5f-9303-c2e363dc7cbf{ip: 192.168.34.12, host: pr-hdds-2372-lnsqz-525025365, networkLocation: /default-rack, certSerialId: null} reports an CLOSED replica.
2019-11-14 12:26:52,296 [EventQueue-ContainerReportForContainerReportHandler] WARN  container.ContainerReportHandler (AbstractContainerReportHandler.java:updateContainerState(145)) - Container #1 is in OPEN state, but the datanode 00c62217-5fe8-4e7e-82ea-e9eb3a319654{ip: 192.168.34.12, host: pr-hdds-2372-lnsqz-525025365, networkLocation: /default-rack, certSerialId: null} reports an CLOSED replica.
2019-11-14 12:26:52,495 [EventQueue-ContainerReportForContainerReportHandler] WARN  container.ContainerReportHandler (AbstractContainerReportHandler.java:updateContainerState(145)) - Container #1 is in OPEN state, but the datanode cd558214-326f-4a5f-9303-c2e363dc7cbf{ip: 192.168.34.12, host: pr-hdds-2372-lnsqz-525025365, networkLocation: /default-rack, certSerialId: null} reports an CLOSED replica.
2019-11-14 12:26:52,596 [EventQueue-ContainerReportForContainerReportHandler] WARN  container.ContainerReportHandler (AbstractContainerReportHandler.java:updateContainerState(145)) - Container #1 is in OPEN state, but the datanode 00c62217-5fe8-4e7e-82ea-e9eb3a319654{ip: 192.168.34.12, host: pr-hdds-2372-lnsqz-525025365, networkLocation: /default-rack, certSerialId: null} reports an CLOSED replica.
2019-11-14 12:26:52,596 [BlockDeletingService#2] WARN  background.BlockDeletingService (BlockDeletingService.java:isDeletionAllowed(187)) - Close Container log Index 6 is not replicated across allthe servers in the pipeline 3a9b6b08-a844-44f5-89a3-687e5d4ee5b9 as the min replicated index is 4. Deletion is not allowed in this container yet.
2019-11-14 12:26:52,596 [BlockDeletingService#2] WARN  background.BlockDeletingService (BlockDeletingService.java:isDeletionAllowed(187)) - Close Container log Index 6 is not replicated across allthe servers in the pipeline 3a9b6b08-a844-44f5-89a3-687e5d4ee5b9 as the min replicated index is 4. Deletion is not allowed in this container yet.
2019-11-14 12:26:52,797 [EventQueue-ContainerReportForContainerReportHandler] WARN  container.ContainerReportHandler (AbstractContainerReportHandler.java:updateContainerState(145)) - Container #1 is in OPEN state, but the datanode cd558214-326f-4a5f-9303-c2e363dc7cbf{ip: 192.168.34.12, host: pr-hdds-2372-lnsqz-525025365, networkLocation: /default-rack, certSerialId: null} reports an CLOSED replica.
2019-11-14 12:26:52,898 [EventQueue-ContainerReportForContainerReportHandler] WARN  container.ContainerReportHandler (AbstractContainerReportHandler.java:updateContainerState(145)) - Container #1 is in OPEN state, but the datanode 00c62217-5fe8-4e7e-82ea-e9eb3a319654{ip: 192.168.34.12, host: pr-hdds-2372-lnsqz-525025365, networkLocation: /default-rack, certSerialId: null} reports an CLOSED replica.
2019-11-14 12:26:52,997 [EventQueue-ContainerReportForContainerReportHandler] WARN  container.ContainerReportHandler (AbstractContainerReportHandler.java:updateContainerState(145)) - Container #1 is in OPEN state, but the datanode cd558214-326f-4a5f-9303-c2e363dc7cbf{ip: 192.168.34.12, host: pr-hdds-2372-lnsqz-525025365, networkLocation: /default-rack, certSerialId: null} reports an CLOSED replica.
2019-11-14 12:26:53,188 [grpc-default-executor-2] WARN  server.GrpcLogAppender (LogUtils.java:warn(134)) - 00c62217-5fe8-4e7e-82ea-e9eb3a319654@group-687E5D4EE5B9->34945432-9180-41ca-be60-2140985b491a-AppendLogResponseHandler: Failed appendEntries: org.apache.ratis.thirdparty.io.grpc.StatusRuntimeException: UNAVAILABLE: io exception
2019-11-14 12:26:53,190 [grpc-default-executor-2] INFO  impl.FollowerInfo (FollowerInfo.java:lambda$new$0(51)) - 00c62217-5fe8-4e7e-82ea-e9eb3a319654@group-687E5D4EE5B9->34945432-9180-41ca-be60-2140985b491a: nextIndex: updateUnconditionally 0 -> 0
2019-11-14 12:26:53,199 [EventQueue-ContainerReportForContainerReportHandler] WARN  container.ContainerReportHandler (AbstractContainerReportHandler.java:updateContainerState(145)) - Container #1 is in OPEN state, but the datanode 00c62217-5fe8-4e7e-82ea-e9eb3a319654{ip: 192.168.34.12, host: pr-hdds-2372-lnsqz-525025365, networkLocation: /default-rack, certSerialId: null} reports an CLOSED replica.
2019-11-14 12:26:53,398 [EventQueue-ContainerReportForContainerReportHandler] WARN  container.ContainerReportHandler (AbstractContainerReportHandler.java:updateContainerState(145)) - Container #1 is in OPEN state, but the datanode cd558214-326f-4a5f-9303-c2e363dc7cbf{ip: 192.168.34.12, host: pr-hdds-2372-lnsqz-525025365, networkLocation: /default-rack, certSerialId: null} reports an CLOSED replica.
2019-11-14 12:26:53,598 [EventQueue-ContainerReportForContainerReportHandler] WARN  container.ContainerReportHandler (AbstractContainerReportHandler.java:updateContainerState(145)) - Container #1 is in OPEN state, but the datanode 00c62217-5fe8-4e7e-82ea-e9eb3a319654{ip: 192.168.34.12, host: pr-hdds-2372-lnsqz-525025365, networkLocation: /default-rack, certSerialId: null} reports an CLOSED replica.
2019-11-14 12:26:53,599 [BlockDeletingService#2] WARN  background.BlockDeletingService (BlockDeletingService.java:isDeletionAllowed(187)) - Close Container log Index 6 is not replicated across allthe servers in the pipeline 3a9b6b08-a844-44f5-89a3-687e5d4ee5b9 as the min replicated index is 4. Deletion is not allowed in this container yet.
2019-11-14 12:26:53,599 [BlockDeletingService#2] WARN  background.BlockDeletingService (BlockDeletingService.java:isDeletionAllowed(187)) - Close Container log Index 6 is not replicated across allthe servers in the pipeline 3a9b6b08-a844-44f5-89a3-687e5d4ee5b9 as the min replicated index is 4. Deletion is not allowed in this container yet.
2019-11-14 12:26:53,699 [EventQueue-ContainerReportForContainerReportHandler] WARN  container.ContainerReportHandler (AbstractContainerReportHandler.java:updateContainerState(145)) - Container #1 is in OPEN state, but the datanode cd558214-326f-4a5f-9303-c2e363dc7cbf{ip: 192.168.34.12, host: pr-hdds-2372-lnsqz-525025365, networkLocation: /default-rack, certSerialId: null} reports an CLOSED replica.
2019-11-14 12:26:53,999 [EventQueue-ContainerReportForContainerReportHandler] WARN  container.ContainerReportHandler (AbstractContainerReportHandler.java:updateContainerState(145)) - Container #1 is in OPEN state, but the datanode 00c62217-5fe8-4e7e-82ea-e9eb3a319654{ip: 192.168.34.12, host: pr-hdds-2372-lnsqz-525025365, networkLocation: /default-rack, certSerialId: null} reports an CLOSED replica.
2019-11-14 12:26:54,100 [EventQueue-ContainerReportForContainerReportHandler] WARN  container.ContainerReportHandler (AbstractContainerReportHandler.java:updateContainerState(145)) - Container #1 is in OPEN state, but the datanode cd558214-326f-4a5f-9303-c2e363dc7cbf{ip: 192.168.34.12, host: pr-hdds-2372-lnsqz-525025365, networkLocation: /default-rack, certSerialId: null} reports an CLOSED replica.
2019-11-14 12:26:54,299 [EventQueue-ContainerReportForContainerReportHandler] WARN  container.ContainerReportHandler (AbstractContainerReportHandler.java:updateContainerState(145)) - Container #1 is in OPEN state, but the datanode 00c62217-5fe8-4e7e-82ea-e9eb3a319654{ip: 192.168.34.12, host: pr-hdds-2372-lnsqz-525025365, networkLocation: /default-rack, certSerialId: null} reports an CLOSED replica.
2019-11-14 12:26:54,299 [EventQueue-ContainerReportForContainerReportHandler] WARN  container.ContainerReportHandler (AbstractContainerReportHandler.java:updateContainerState(145)) - Container #1 is in OPEN state, but the datanode cd558214-326f-4a5f-9303-c2e363dc7cbf{ip: 192.168.34.12, host: pr-hdds-2372-lnsqz-525025365, networkLocation: /default-rack, certSerialId: null} reports an CLOSED replica.
2019-11-14 12:26:54,600 [EventQueue-ContainerReportForContainerReportHandler] WARN  container.ContainerReportHandler (AbstractContainerReportHandler.java:updateContainerState(145)) - Container #1 is in OPEN state, but the datanode 00c62217-5fe8-4e7e-82ea-e9eb3a319654{ip: 192.168.34.12, host: pr-hdds-2372-lnsqz-525025365, networkLocation: /default-rack, certSerialId: null} reports an CLOSED replica.
2019-11-14 12:26:54,600 [EventQueue-ContainerReportForContainerReportHandler] WARN  container.ContainerReportHandler (AbstractContainerReportHandler.java:updateContainerState(145)) - Container #1 is in OPEN state, but the datanode cd558214-326f-4a5f-9303-c2e363dc7cbf{ip: 192.168.34.12, host: pr-hdds-2372-lnsqz-525025365, networkLocation: /default-rack, certSerialId: null} reports an CLOSED replica.
2019-11-14 12:26:54,601 [BlockDeletingService#2] WARN  background.BlockDeletingService (BlockDeletingService.java:isDeletionAllowed(187)) - Close Container log Index 6 is not replicated across allthe servers in the pipeline 3a9b6b08-a844-44f5-89a3-687e5d4ee5b9 as the min replicated index is 4. Deletion is not allowed in this container yet.
2019-11-14 12:26:54,601 [BlockDeletingService#2] WARN  background.BlockDeletingService (BlockDeletingService.java:isDeletionAllowed(187)) - Close Container log Index 6 is not replicated across allthe servers in the pipeline 3a9b6b08-a844-44f5-89a3-687e5d4ee5b9 as the min replicated index is 4. Deletion is not allowed in this container yet.
2019-11-14 12:26:54,800 [EventQueue-ContainerReportForContainerReportHandler] WARN  container.ContainerReportHandler (AbstractContainerReportHandler.java:updateContainerState(145)) - Container #1 is in OPEN state, but the datanode cd558214-326f-4a5f-9303-c2e363dc7cbf{ip: 192.168.34.12, host: pr-hdds-2372-lnsqz-525025365, networkLocation: /default-rack, certSerialId: null} reports an CLOSED replica.
2019-11-14 12:26:54,900 [EventQueue-ContainerReportForContainerReportHandler] WARN  container.ContainerReportHandler (AbstractContainerReportHandler.java:updateContainerState(145)) - Container #1 is in OPEN state, but the datanode 00c62217-5fe8-4e7e-82ea-e9eb3a319654{ip: 192.168.34.12, host: pr-hdds-2372-lnsqz-525025365, networkLocation: /default-rack, certSerialId: null} reports an CLOSED replica.
2019-11-14 12:26:55,102 [EventQueue-ContainerReportForContainerReportHandler] WARN  container.ContainerReportHandler (AbstractContainerReportHandler.java:updateContainerState(145)) - Container #1 is in OPEN state, but the datanode cd558214-326f-4a5f-9303-c2e363dc7cbf{ip: 192.168.34.12, host: pr-hdds-2372-lnsqz-525025365, networkLocation: /default-rack, certSerialId: null} reports an CLOSED replica.
2019-11-14 12:26:55,202 [EventQueue-ContainerReportForContainerReportHandler] WARN  container.ContainerReportHandler (AbstractContainerReportHandler.java:updateContainerState(145)) - Container #1 is in OPEN state, but the datanode 00c62217-5fe8-4e7e-82ea-e9eb3a319654{ip: 192.168.34.12, host: pr-hdds-2372-lnsqz-525025365, networkLocation: /default-rack, certSerialId: null} reports an CLOSED replica.
2019-11-14 12:26:55,402 [EventQueue-ContainerReportForContainerReportHandler] WARN  container.ContainerReportHandler (AbstractContainerReportHandler.java:updateContainerState(145)) - Container #1 is in OPEN state, but the datanode cd558214-326f-4a5f-9303-c2e363dc7cbf{ip: 192.168.34.12, host: pr-hdds-2372-lnsqz-525025365, networkLocation: /default-rack, certSerialId: null} reports an CLOSED replica.
2019-11-14 12:26:55,501 [EventQueue-ContainerReportForContainerReportHandler] WARN  container.ContainerReportHandler (AbstractContainerReportHandler.java:updateContainerState(145)) - Container #1 is in OPEN state, but the datanode 00c62217-5fe8-4e7e-82ea-e9eb3a319654{ip: 192.168.34.12, host: pr-hdds-2372-lnsqz-525025365, networkLocation: /default-rack, certSerialId: null} reports an CLOSED replica.
2019-11-14 12:26:55,601 [EventQueue-ContainerReportForContainerReportHandler] WARN  container.ContainerReportHandler (AbstractContainerReportHandler.java:updateContainerState(145)) - Container #1 is in OPEN state, but the datanode cd558214-326f-4a5f-9303-c2e363dc7cbf{ip: 192.168.34.12, host: pr-hdds-2372-lnsqz-525025365, networkLocation: /default-rack, certSerialId: null} reports an CLOSED replica.
2019-11-14 12:26:55,603 [BlockDeletingService#2] WARN  background.BlockDeletingService (BlockDeletingService.java:isDeletionAllowed(187)) - Close Container log Index 6 is not replicated across allthe servers in the pipeline 3a9b6b08-a844-44f5-89a3-687e5d4ee5b9 as the min replicated index is 4. Deletion is not allowed in this container yet.
2019-11-14 12:26:55,603 [BlockDeletingService#2] WARN  background.BlockDeletingService (BlockDeletingService.java:isDeletionAllowed(187)) - Close Container log Index 6 is not replicated across allthe servers in the pipeline 3a9b6b08-a844-44f5-89a3-687e5d4ee5b9 as the min replicated index is 4. Deletion is not allowed in this container yet.
2019-11-14 12:26:55,695 [grpc-default-executor-3] WARN  server.GrpcLogAppender (LogUtils.java:warn(134)) - 00c62217-5fe8-4e7e-82ea-e9eb3a319654@group-687E5D4EE5B9->34945432-9180-41ca-be60-2140985b491a-AppendLogResponseHandler: Failed appendEntries: org.apache.ratis.thirdparty.io.grpc.StatusRuntimeException: UNAVAILABLE: io exception
2019-11-14 12:26:55,697 [grpc-default-executor-3] INFO  impl.FollowerInfo (FollowerInfo.java:lambda$new$0(51)) - 00c62217-5fe8-4e7e-82ea-e9eb3a319654@group-687E5D4EE5B9->34945432-9180-41ca-be60-2140985b491a: nextIndex: updateUnconditionally 0 -> 0
2019-11-14 12:26:55,802 [EventQueue-ContainerReportForContainerReportHandler] WARN  container.ContainerReportHandler (AbstractContainerReportHandler.java:updateContainerState(145)) - Container #1 is in OPEN state, but the datanode 00c62217-5fe8-4e7e-82ea-e9eb3a319654{ip: 192.168.34.12, host: pr-hdds-2372-lnsqz-525025365, networkLocation: /default-rack, certSerialId: null} reports an CLOSED replica.
2019-11-14 12:26:55,902 [EventQueue-ContainerReportForContainerReportHandler] WARN  container.ContainerReportHandler (AbstractContainerReportHandler.java:updateContainerState(145)) - Container #1 is in OPEN state, but the datanode cd558214-326f-4a5f-9303-c2e363dc7cbf{ip: 192.168.34.12, host: pr-hdds-2372-lnsqz-525025365, networkLocation: /default-rack, certSerialId: null} reports an CLOSED replica.
2019-11-14 12:26:56,202 [EventQueue-ContainerReportForContainerReportHandler] WARN  container.ContainerReportHandler (AbstractContainerReportHandler.java:updateContainerState(145)) - Container #1 is in OPEN state, but the datanode 00c62217-5fe8-4e7e-82ea-e9eb3a319654{ip: 192.168.34.12, host: pr-hdds-2372-lnsqz-525025365, networkLocation: /default-rack, certSerialId: null} reports an CLOSED replica.
2019-11-14 12:26:56,301 [EventQueue-ContainerReportForContainerReportHandler] WARN  container.ContainerReportHandler (AbstractContainerReportHandler.java:updateContainerState(145)) - Container #1 is in OPEN state, but the datanode cd558214-326f-4a5f-9303-c2e363dc7cbf{ip: 192.168.34.12, host: pr-hdds-2372-lnsqz-525025365, networkLocation: /default-rack, certSerialId: null} reports an CLOSED replica.
2019-11-14 12:26:56,501 [EventQueue-ContainerReportForContainerReportHandler] WARN  container.ContainerReportHandler (AbstractContainerReportHandler.java:updateContainerState(145)) - Container #1 is in OPEN state, but the datanode 00c62217-5fe8-4e7e-82ea-e9eb3a319654{ip: 192.168.34.12, host: pr-hdds-2372-lnsqz-525025365, networkLocation: /default-rack, certSerialId: null} reports an CLOSED replica.
2019-11-14 12:26:56,601 [EventQueue-ContainerReportForContainerReportHandler] WARN  container.ContainerReportHandler (AbstractContainerReportHandler.java:updateContainerState(145)) - Container #1 is in OPEN state, but the datanode cd558214-326f-4a5f-9303-c2e363dc7cbf{ip: 192.168.34.12, host: pr-hdds-2372-lnsqz-525025365, networkLocation: /default-rack, certSerialId: null} reports an CLOSED replica.
2019-11-14 12:26:56,605 [BlockDeletingService#2] WARN  background.BlockDeletingService (BlockDeletingService.java:isDeletionAllowed(187)) - Close Container log Index 6 is not replicated across allthe servers in the pipeline 3a9b6b08-a844-44f5-89a3-687e5d4ee5b9 as the min replicated index is 4. Deletion is not allowed in this container yet.
2019-11-14 12:26:56,605 [BlockDeletingService#2] WARN  background.BlockDeletingService (BlockDeletingService.java:isDeletionAllowed(187)) - Close Container log Index 6 is not replicated across allthe servers in the pipeline 3a9b6b08-a844-44f5-89a3-687e5d4ee5b9 as the min replicated index is 4. Deletion is not allowed in this container yet.
2019-11-14 12:26:56,802 [EventQueue-ContainerReportForContainerReportHandler] WARN  container.ContainerReportHandler (AbstractContainerReportHandler.java:updateContainerState(145)) - Container #1 is in OPEN state, but the datanode cd558214-326f-4a5f-9303-c2e363dc7cbf{ip: 192.168.34.12, host: pr-hdds-2372-lnsqz-525025365, networkLocation: /default-rack, certSerialId: null} reports an CLOSED replica.
2019-11-14 12:26:56,802 [EventQueue-ContainerReportForContainerReportHandler] WARN  container.ContainerReportHandler (AbstractContainerReportHandler.java:updateContainerState(145)) - Container #1 is in OPEN state, but the datanode 00c62217-5fe8-4e7e-82ea-e9eb3a319654{ip: 192.168.34.12, host: pr-hdds-2372-lnsqz-525025365, networkLocation: /default-rack, certSerialId: null} reports an CLOSED replica.
2019-11-14 12:26:57,002 [EventQueue-ContainerReportForContainerReportHandler] WARN  container.ContainerReportHandler (AbstractContainerReportHandler.java:updateContainerState(145)) - Container #1 is in OPEN state, but the datanode cd558214-326f-4a5f-9303-c2e363dc7cbf{ip: 192.168.34.12, host: pr-hdds-2372-lnsqz-525025365, networkLocation: /default-rack, certSerialId: null} reports an CLOSED replica.
2019-11-14 12:26:57,203 [EventQueue-ContainerReportForContainerReportHandler] WARN  container.ContainerReportHandler (AbstractContainerReportHandler.java:updateContainerState(145)) - Container #1 is in OPEN state, but the datanode 00c62217-5fe8-4e7e-82ea-e9eb3a319654{ip: 192.168.34.12, host: pr-hdds-2372-lnsqz-525025365, networkLocation: /default-rack, certSerialId: null} reports an CLOSED replica.
2019-11-14 12:26:57,303 [EventQueue-ContainerReportForContainerReportHandler] WARN  container.ContainerReportHandler (AbstractContainerReportHandler.java:updateContainerState(145)) - Container #1 is in OPEN state, but the datanode cd558214-326f-4a5f-9303-c2e363dc7cbf{ip: 192.168.34.12, host: pr-hdds-2372-lnsqz-525025365, networkLocation: /default-rack, certSerialId: null} reports an CLOSED replica.
2019-11-14 12:26:57,403 [EventQueue-ContainerReportForContainerReportHandler] WARN  container.ContainerReportHandler (AbstractContainerReportHandler.java:updateContainerState(145)) - Container #1 is in OPEN state, but the datanode 00c62217-5fe8-4e7e-82ea-e9eb3a319654{ip: 192.168.34.12, host: pr-hdds-2372-lnsqz-525025365, networkLocation: /default-rack, certSerialId: null} reports an CLOSED replica.
2019-11-14 12:26:57,603 [EventQueue-ContainerReportForContainerReportHandler] WARN  container.ContainerReportHandler (AbstractContainerReportHandler.java:updateContainerState(145)) - Container #1 is in OPEN state, but the datanode cd558214-326f-4a5f-9303-c2e363dc7cbf{ip: 192.168.34.12, host: pr-hdds-2372-lnsqz-525025365, networkLocation: /default-rack, certSerialId: null} reports an CLOSED replica.
2019-11-14 12:26:57,604 [EventQueue-ContainerReportForContainerReportHandler] WARN  container.ContainerReportHandler (AbstractContainerReportHandler.java:updateContainerState(145)) - Container #1 is in OPEN state, but the datanode 00c62217-5fe8-4e7e-82ea-e9eb3a319654{ip: 192.168.34.12, host: pr-hdds-2372-lnsqz-525025365, networkLocation: /default-rack, certSerialId: null} reports an CLOSED replica.
2019-11-14 12:26:57,607 [BlockDeletingService#2] WARN  background.BlockDeletingService (BlockDeletingService.java:isDeletionAllowed(187)) - Close Container log Index 6 is not replicated across allthe servers in the pipeline 3a9b6b08-a844-44f5-89a3-687e5d4ee5b9 as the min replicated index is 4. Deletion is not allowed in this container yet.
2019-11-14 12:26:57,607 [BlockDeletingService#2] WARN  background.BlockDeletingService (BlockDeletingService.java:isDeletionAllowed(187)) - Close Container log Index 6 is not replicated across allthe servers in the pipeline 3a9b6b08-a844-44f5-89a3-687e5d4ee5b9 as the min replicated index is 4. Deletion is not allowed in this container yet.
2019-11-14 12:26:57,904 [EventQueue-ContainerReportForContainerReportHandler] WARN  container.ContainerReportHandler (AbstractContainerReportHandler.java:updateContainerState(145)) - Container #1 is in OPEN state, but the datanode cd558214-326f-4a5f-9303-c2e363dc7cbf{ip: 192.168.34.12, host: pr-hdds-2372-lnsqz-525025365, networkLocation: /default-rack, certSerialId: null} reports an CLOSED replica.
2019-11-14 12:26:58,004 [EventQueue-ContainerReportForContainerReportHandler] WARN  container.ContainerReportHandler (AbstractContainerReportHandler.java:updateContainerState(145)) - Container #1 is in OPEN state, but the datanode 00c62217-5fe8-4e7e-82ea-e9eb3a319654{ip: 192.168.34.12, host: pr-hdds-2372-lnsqz-525025365, networkLocation: /default-rack, certSerialId: null} reports an CLOSED replica.
2019-11-14 12:26:58,103 [EventQueue-ContainerReportForContainerReportHandler] WARN  container.ContainerReportHandler (AbstractContainerReportHandler.java:updateContainerState(145)) - Container #1 is in OPEN state, but the datanode cd558214-326f-4a5f-9303-c2e363dc7cbf{ip: 192.168.34.12, host: pr-hdds-2372-lnsqz-525025365, networkLocation: /default-rack, certSerialId: null} reports an CLOSED replica.
2019-11-14 12:26:58,198 [grpc-default-executor-3] WARN  server.GrpcLogAppender (LogUtils.java:warn(134)) - 00c62217-5fe8-4e7e-82ea-e9eb3a319654@group-687E5D4EE5B9->34945432-9180-41ca-be60-2140985b491a-AppendLogResponseHandler: Failed appendEntries: org.apache.ratis.thirdparty.io.grpc.StatusRuntimeException: UNAVAILABLE: io exception
2019-11-14 12:26:58,199 [grpc-default-executor-3] INFO  impl.FollowerInfo (FollowerInfo.java:lambda$new$0(51)) - 00c62217-5fe8-4e7e-82ea-e9eb3a319654@group-687E5D4EE5B9->34945432-9180-41ca-be60-2140985b491a: nextIndex: updateUnconditionally 0 -> 0
2019-11-14 12:26:58,303 [EventQueue-ContainerReportForContainerReportHandler] WARN  container.ContainerReportHandler (AbstractContainerReportHandler.java:updateContainerState(145)) - Container #1 is in OPEN state, but the datanode cd558214-326f-4a5f-9303-c2e363dc7cbf{ip: 192.168.34.12, host: pr-hdds-2372-lnsqz-525025365, networkLocation: /default-rack, certSerialId: null} reports an CLOSED replica.
2019-11-14 12:26:58,305 [EventQueue-ContainerReportForContainerReportHandler] WARN  container.ContainerReportHandler (AbstractContainerReportHandler.java:updateContainerState(145)) - Container #1 is in OPEN state, but the datanode 00c62217-5fe8-4e7e-82ea-e9eb3a319654{ip: 192.168.34.12, host: pr-hdds-2372-lnsqz-525025365, networkLocation: /default-rack, certSerialId: null} reports an CLOSED replica.
2019-11-14 12:26:58,604 [EventQueue-ContainerReportForContainerReportHandler] WARN  container.ContainerReportHandler (AbstractContainerReportHandler.java:updateContainerState(145)) - Container #1 is in OPEN state, but the datanode cd558214-326f-4a5f-9303-c2e363dc7cbf{ip: 192.168.34.12, host: pr-hdds-2372-lnsqz-525025365, networkLocation: /default-rack, certSerialId: null} reports an CLOSED replica.
2019-11-14 12:26:58,605 [EventQueue-ContainerReportForContainerReportHandler] WARN  container.ContainerReportHandler (AbstractContainerReportHandler.java:updateContainerState(145)) - Container #1 is in OPEN state, but the datanode 00c62217-5fe8-4e7e-82ea-e9eb3a319654{ip: 192.168.34.12, host: pr-hdds-2372-lnsqz-525025365, networkLocation: /default-rack, certSerialId: null} reports an CLOSED replica.
2019-11-14 12:26:58,610 [BlockDeletingService#2] WARN  background.BlockDeletingService (BlockDeletingService.java:isDeletionAllowed(187)) - Close Container log Index 6 is not replicated across allthe servers in the pipeline 3a9b6b08-a844-44f5-89a3-687e5d4ee5b9 as the min replicated index is 4. Deletion is not allowed in this container yet.
2019-11-14 12:26:58,610 [BlockDeletingService#2] WARN  background.BlockDeletingService (BlockDeletingService.java:isDeletionAllowed(187)) - Close Container log Index 6 is not replicated across allthe servers in the pipeline 3a9b6b08-a844-44f5-89a3-687e5d4ee5b9 as the min replicated index is 4. Deletion is not allowed in this container yet.
2019-11-14 12:26:59,005 [EventQueue-ContainerReportForContainerReportHandler] WARN  container.ContainerReportHandler (AbstractContainerReportHandler.java:updateContainerState(145)) - Container #1 is in OPEN state, but the datanode cd558214-326f-4a5f-9303-c2e363dc7cbf{ip: 192.168.34.12, host: pr-hdds-2372-lnsqz-525025365, networkLocation: /default-rack, certSerialId: null} reports an CLOSED replica.
2019-11-14 12:26:59,005 [EventQueue-ContainerReportForContainerReportHandler] WARN  container.ContainerReportHandler (AbstractContainerReportHandler.java:updateContainerState(145)) - Container #1 is in OPEN state, but the datanode 00c62217-5fe8-4e7e-82ea-e9eb3a319654{ip: 192.168.34.12, host: pr-hdds-2372-lnsqz-525025365, networkLocation: /default-rack, certSerialId: null} reports an CLOSED replica.
2019-11-14 12:26:59,205 [EventQueue-ContainerReportForContainerReportHandler] WARN  container.ContainerReportHandler (AbstractContainerReportHandler.java:updateContainerState(145)) - Container #1 is in OPEN state, but the datanode 00c62217-5fe8-4e7e-82ea-e9eb3a319654{ip: 192.168.34.12, host: pr-hdds-2372-lnsqz-525025365, networkLocation: /default-rack, certSerialId: null} reports an CLOSED replica.
2019-11-14 12:26:59,305 [EventQueue-ContainerReportForContainerReportHandler] WARN  container.ContainerReportHandler (AbstractContainerReportHandler.java:updateContainerState(145)) - Container #1 is in OPEN state, but the datanode cd558214-326f-4a5f-9303-c2e363dc7cbf{ip: 192.168.34.12, host: pr-hdds-2372-lnsqz-525025365, networkLocation: /default-rack, certSerialId: null} reports an CLOSED replica.
2019-11-14 12:26:59,605 [EventQueue-ContainerReportForContainerReportHandler] WARN  container.ContainerReportHandler (AbstractContainerReportHandler.java:updateContainerState(145)) - Container #1 is in OPEN state, but the datanode 00c62217-5fe8-4e7e-82ea-e9eb3a319654{ip: 192.168.34.12, host: pr-hdds-2372-lnsqz-525025365, networkLocation: /default-rack, certSerialId: null} reports an CLOSED replica.
2019-11-14 12:26:59,606 [EventQueue-ContainerReportForContainerReportHandler] WARN  container.ContainerReportHandler (AbstractContainerReportHandler.java:updateContainerState(145)) - Container #1 is in OPEN state, but the datanode cd558214-326f-4a5f-9303-c2e363dc7cbf{ip: 192.168.34.12, host: pr-hdds-2372-lnsqz-525025365, networkLocation: /default-rack, certSerialId: null} reports an CLOSED replica.
2019-11-14 12:26:59,612 [BlockDeletingService#2] WARN  background.BlockDeletingService (BlockDeletingService.java:isDeletionAllowed(187)) - Close Container log Index 6 is not replicated across allthe servers in the pipeline 3a9b6b08-a844-44f5-89a3-687e5d4ee5b9 as the min replicated index is 4. Deletion is not allowed in this container yet.
2019-11-14 12:26:59,612 [BlockDeletingService#2] WARN  background.BlockDeletingService (BlockDeletingService.java:isDeletionAllowed(187)) - Close Container log Index 6 is not replicated across allthe servers in the pipeline 3a9b6b08-a844-44f5-89a3-687e5d4ee5b9 as the min replicated index is 4. Deletion is not allowed in this container yet.
2019-11-14 12:26:59,810 [EventQueue-ContainerReportForContainerReportHandler] WARN  container.ContainerReportHandler (AbstractContainerReportHandler.java:updateContainerState(145)) - Container #1 is in OPEN state, but the datanode cd558214-326f-4a5f-9303-c2e363dc7cbf{ip: 192.168.34.12, host: pr-hdds-2372-lnsqz-525025365, networkLocation: /default-rack, certSerialId: null} reports an CLOSED replica.
2019-11-14 12:26:59,909 [EventQueue-ContainerReportForContainerReportHandler] WARN  container.ContainerReportHandler (AbstractContainerReportHandler.java:updateContainerState(145)) - Container #1 is in OPEN state, but the datanode 00c62217-5fe8-4e7e-82ea-e9eb3a319654{ip: 192.168.34.12, host: pr-hdds-2372-lnsqz-525025365, networkLocation: /default-rack, certSerialId: null} reports an CLOSED replica.
2019-11-14 12:27:00,110 [EventQueue-ContainerReportForContainerReportHandler] WARN  container.ContainerReportHandler (AbstractContainerReportHandler.java:updateContainerState(145)) - Container #1 is in OPEN state, but the datanode cd558214-326f-4a5f-9303-c2e363dc7cbf{ip: 192.168.34.12, host: pr-hdds-2372-lnsqz-525025365, networkLocation: /default-rack, certSerialId: null} reports an CLOSED replica.
2019-11-14 12:27:00,210 [EventQueue-ContainerReportForContainerReportHandler] WARN  container.ContainerReportHandler (AbstractContainerReportHandler.java:updateContainerState(145)) - Container #1 is in OPEN state, but the datanode 00c62217-5fe8-4e7e-82ea-e9eb3a319654{ip: 192.168.34.12, host: pr-hdds-2372-lnsqz-525025365, networkLocation: /default-rack, certSerialId: null} reports an CLOSED replica.
2019-11-14 12:27:00,411 [EventQueue-ContainerReportForContainerReportHandler] WARN  container.ContainerReportHandler (AbstractContainerReportHandler.java:updateContainerState(145)) - Container #1 is in OPEN state, but the datanode cd558214-326f-4a5f-9303-c2e363dc7cbf{ip: 192.168.34.12, host: pr-hdds-2372-lnsqz-525025365, networkLocation: /default-rack, certSerialId: null} reports an CLOSED replica.
2019-11-14 12:27:00,613 [EventQueue-ContainerReportForContainerReportHandler] WARN  container.ContainerReportHandler (AbstractContainerReportHandler.java:updateContainerState(145)) - Container #1 is in OPEN state, but the datanode 00c62217-5fe8-4e7e-82ea-e9eb3a319654{ip: 192.168.34.12, host: pr-hdds-2372-lnsqz-525025365, networkLocation: /default-rack, certSerialId: null} reports an CLOSED replica.
2019-11-14 12:27:00,613 [EventQueue-ContainerReportForContainerReportHandler] WARN  container.ContainerReportHandler (AbstractContainerReportHandler.java:updateContainerState(145)) - Container #1 is in OPEN state, but the datanode cd558214-326f-4a5f-9303-c2e363dc7cbf{ip: 192.168.34.12, host: pr-hdds-2372-lnsqz-525025365, networkLocation: /default-rack, certSerialId: null} reports an CLOSED replica.
2019-11-14 12:27:00,614 [BlockDeletingService#2] WARN  background.BlockDeletingService (BlockDeletingService.java:isDeletionAllowed(187)) - Close Container log Index 6 is not replicated across allthe servers in the pipeline 3a9b6b08-a844-44f5-89a3-687e5d4ee5b9 as the min replicated index is 4. Deletion is not allowed in this container yet.
2019-11-14 12:27:00,614 [BlockDeletingService#2] WARN  background.BlockDeletingService (BlockDeletingService.java:isDeletionAllowed(187)) - Close Container log Index 6 is not replicated across allthe servers in the pipeline 3a9b6b08-a844-44f5-89a3-687e5d4ee5b9 as the min replicated index is 4. Deletion is not allowed in this container yet.
2019-11-14 12:27:00,702 [grpc-default-executor-2] WARN  server.GrpcLogAppender (LogUtils.java:warn(134)) - 00c62217-5fe8-4e7e-82ea-e9eb3a319654@group-687E5D4EE5B9->34945432-9180-41ca-be60-2140985b491a-AppendLogResponseHandler: Failed appendEntries: org.apache.ratis.thirdparty.io.grpc.StatusRuntimeException: UNAVAILABLE: io exception
2019-11-14 12:27:00,703 [grpc-default-executor-2] INFO  impl.FollowerInfo (FollowerInfo.java:lambda$new$0(51)) - 00c62217-5fe8-4e7e-82ea-e9eb3a319654@group-687E5D4EE5B9->34945432-9180-41ca-be60-2140985b491a: nextIndex: updateUnconditionally 0 -> 0
2019-11-14 12:27:00,721 [Thread-471] INFO  client.GrpcClientProtocolService (GrpcClientProtocolService.java:lambda$processClientRequest$0(279)) - Failed RaftClientRequest:client-E39780D61DFF->cd558214-326f-4a5f-9303-c2e363dc7cbf@group-687E5D4EE5B9, cid=23, seq=0, Watch-ALL_COMMITTED(6), Message:<EMPTY>, reply=RaftClientReply:client-E39780D61DFF->cd558214-326f-4a5f-9303-c2e363dc7cbf@group-687E5D4EE5B9, cid=23, FAILED org.apache.ratis.protocol.NotLeaderException: Server cd558214-326f-4a5f-9303-c2e363dc7cbf@group-687E5D4EE5B9 is not the leader 00c62217-5fe8-4e7e-82ea-e9eb3a319654:192.168.34.12:43981, logIndex=0, commits[cd558214-326f-4a5f-9303-c2e363dc7cbf:c10, 00c62217-5fe8-4e7e-82ea-e9eb3a319654:c10, 34945432-9180-41ca-be60-2140985b491a:c4]
2019-11-14 12:27:00,755 [Thread-474] INFO  client.GrpcClientProtocolService (GrpcClientProtocolService.java:lambda$processClientRequest$0(279)) - Failed RaftClientRequest:client-E39780D61DFF->00c62217-5fe8-4e7e-82ea-e9eb3a319654@group-687E5D4EE5B9, cid=23, seq=0, Watch-ALL_COMMITTED(6), Message:<EMPTY>, reply=RaftClientReply:client-E39780D61DFF->00c62217-5fe8-4e7e-82ea-e9eb3a319654@group-687E5D4EE5B9, cid=23, FAILED org.apache.ratis.protocol.NotReplicatedException: Request with call Id 23 and log index 6 is not yet replicated to ALL_COMMITTED, logIndex=6, commits[00c62217-5fe8-4e7e-82ea-e9eb3a319654:c10, 34945432-9180-41ca-be60-2140985b491a:c4, cd558214-326f-4a5f-9303-c2e363dc7cbf:c10]
2019-11-14 12:27:00,811 [EventQueue-ContainerReportForContainerReportHandler] WARN  container.ContainerReportHandler (AbstractContainerReportHandler.java:updateContainerState(145)) - Container #1 is in OPEN state, but the datanode 00c62217-5fe8-4e7e-82ea-e9eb3a319654{ip: 192.168.34.12, host: pr-hdds-2372-lnsqz-525025365, networkLocation: /default-rack, certSerialId: null} reports an CLOSED replica.
2019-11-14 12:27:00,912 [EventQueue-ContainerReportForContainerReportHandler] WARN  container.ContainerReportHandler (AbstractContainerReportHandler.java:updateContainerState(145)) - Container #1 is in OPEN state, but the datanode cd558214-326f-4a5f-9303-c2e363dc7cbf{ip: 192.168.34.12, host: pr-hdds-2372-lnsqz-525025365, networkLocation: /default-rack, certSerialId: null} reports an CLOSED replica.
2019-11-14 12:27:01,011 [EventQueue-ContainerReportForContainerReportHandler] WARN  container.ContainerReportHandler (AbstractContainerReportHandler.java:updateContainerState(145)) - Container #1 is in OPEN state, but the datanode 00c62217-5fe8-4e7e-82ea-e9eb3a319654{ip: 192.168.34.12, host: pr-hdds-2372-lnsqz-525025365, networkLocation: /default-rack, certSerialId: null} reports an CLOSED replica.
2019-11-14 12:27:01,112 [EventQueue-ContainerReportForContainerReportHandler] WARN  container.ContainerReportHandler (AbstractContainerReportHandler.java:updateContainerState(145)) - Container #1 is in OPEN state, but the datanode cd558214-326f-4a5f-9303-c2e363dc7cbf{ip: 192.168.34.12, host: pr-hdds-2372-lnsqz-525025365, networkLocation: /default-rack, certSerialId: null} reports an CLOSED replica.
2019-11-14 12:27:01,412 [EventQueue-ContainerReportForContainerReportHandler] WARN  container.ContainerReportHandler (AbstractContainerReportHandler.java:updateContainerState(145)) - Container #1 is in OPEN state, but the datanode 00c62217-5fe8-4e7e-82ea-e9eb3a319654{ip: 192.168.34.12, host: pr-hdds-2372-lnsqz-525025365, networkLocation: /default-rack, certSerialId: null} reports an CLOSED replica.
2019-11-14 12:27:01,413 [EventQueue-ContainerReportForContainerReportHandler] WARN  container.ContainerReportHandler (AbstractContainerReportHandler.java:updateContainerState(145)) - Container #1 is in OPEN state, but the datanode cd558214-326f-4a5f-9303-c2e363dc7cbf{ip: 192.168.34.12, host: pr-hdds-2372-lnsqz-525025365, networkLocation: /default-rack, certSerialId: null} reports an CLOSED replica.
2019-11-14 12:27:01,612 [EventQueue-ContainerReportForContainerReportHandler] WARN  container.ContainerReportHandler (AbstractContainerReportHandler.java:updateContainerState(145)) - Container #1 is in OPEN state, but the datanode 00c62217-5fe8-4e7e-82ea-e9eb3a319654{ip: 192.168.34.12, host: pr-hdds-2372-lnsqz-525025365, networkLocation: /default-rack, certSerialId: null} reports an CLOSED replica.
2019-11-14 12:27:01,616 [BlockDeletingService#2] WARN  background.BlockDeletingService (BlockDeletingService.java:isDeletionAllowed(187)) - Close Container log Index 6 is not replicated across allthe servers in the pipeline 3a9b6b08-a844-44f5-89a3-687e5d4ee5b9 as the min replicated index is 4. Deletion is not allowed in this container yet.
2019-11-14 12:27:01,616 [BlockDeletingService#2] WARN  background.BlockDeletingService (BlockDeletingService.java:isDeletionAllowed(187)) - Close Container log Index 6 is not replicated across allthe servers in the pipeline 3a9b6b08-a844-44f5-89a3-687e5d4ee5b9 as the min replicated index is 4. Deletion is not allowed in this container yet.
2019-11-14 12:27:01,713 [EventQueue-ContainerReportForContainerReportHandler] WARN  container.ContainerReportHandler (AbstractContainerReportHandler.java:updateContainerState(145)) - Container #1 is in OPEN state, but the datanode cd558214-326f-4a5f-9303-c2e363dc7cbf{ip: 192.168.34.12, host: pr-hdds-2372-lnsqz-525025365, networkLocation: /default-rack, certSerialId: null} reports an CLOSED replica.
2019-11-14 12:27:01,912 [EventQueue-ContainerReportForContainerReportHandler] WARN  container.ContainerReportHandler (AbstractContainerReportHandler.java:updateContainerState(145)) - Container #1 is in OPEN state, but the datanode 00c62217-5fe8-4e7e-82ea-e9eb3a319654{ip: 192.168.34.12, host: pr-hdds-2372-lnsqz-525025365, networkLocation: /default-rack, certSerialId: null} reports an CLOSED replica.
2019-11-14 12:27:02,013 [EventQueue-ContainerReportForContainerReportHandler] WARN  container.ContainerReportHandler (AbstractContainerReportHandler.java:updateContainerState(145)) - Container #1 is in OPEN state, but the datanode cd558214-326f-4a5f-9303-c2e363dc7cbf{ip: 192.168.34.12, host: pr-hdds-2372-lnsqz-525025365, networkLocation: /default-rack, certSerialId: null} reports an CLOSED replica.
2019-11-14 12:27:02,212 [EventQueue-ContainerReportForContainerReportHandler] WARN  container.ContainerReportHandler (AbstractContainerReportHandler.java:updateContainerState(145)) - Container #1 is in OPEN state, but the datanode 00c62217-5fe8-4e7e-82ea-e9eb3a319654{ip: 192.168.34.12, host: pr-hdds-2372-lnsqz-525025365, networkLocation: /default-rack, certSerialId: null} reports an CLOSED replica.
2019-11-14 12:27:02,314 [EventQueue-ContainerReportForContainerReportHandler] WARN  container.ContainerReportHandler (AbstractContainerReportHandler.java:updateContainerState(145)) - Container #1 is in OPEN state, but the datanode cd558214-326f-4a5f-9303-c2e363dc7cbf{ip: 192.168.34.12, host: pr-hdds-2372-lnsqz-525025365, networkLocation: /default-rack, certSerialId: null} reports an CLOSED replica.
2019-11-14 12:27:02,511 [EventQueue-ContainerReportForContainerReportHandler] WARN  container.ContainerReportHandler (AbstractContainerReportHandler.java:updateContainerState(145)) - Container #1 is in OPEN state, but the datanode 00c62217-5fe8-4e7e-82ea-e9eb3a319654{ip: 192.168.34.12, host: pr-hdds-2372-lnsqz-525025365, networkLocation: /default-rack, certSerialId: null} reports an CLOSED replica.
2019-11-14 12:27:02,619 [BlockDeletingService#2] WARN  background.BlockDeletingService (BlockDeletingService.java:isDeletionAllowed(187)) - Close Container log Index 6 is not replicated across allthe servers in the pipeline 3a9b6b08-a844-44f5-89a3-687e5d4ee5b9 as the min replicated index is 4. Deletion is not allowed in this container yet.
2019-11-14 12:27:02,619 [BlockDeletingService#2] WARN  background.BlockDeletingService (BlockDeletingService.java:isDeletionAllowed(187)) - Close Container log Index 6 is not replicated across allthe servers in the pipeline 3a9b6b08-a844-44f5-89a3-687e5d4ee5b9 as the min replicated index is 4. Deletion is not allowed in this container yet.
2019-11-14 12:27:02,716 [EventQueue-ContainerReportForContainerReportHandler] WARN  container.ContainerReportHandler (AbstractContainerReportHandler.java:updateContainerState(145)) - Container #1 is in OPEN state, but the datanode cd558214-326f-4a5f-9303-c2e363dc7cbf{ip: 192.168.34.12, host: pr-hdds-2372-lnsqz-525025365, networkLocation: /default-rack, certSerialId: null} reports an CLOSED replica.
2019-11-14 12:27:02,911 [EventQueue-ContainerReportForContainerReportHandler] WARN  container.ContainerReportHandler (AbstractContainerReportHandler.java:updateContainerState(145)) - Container #1 is in OPEN state, but the datanode 00c62217-5fe8-4e7e-82ea-e9eb3a319654{ip: 192.168.34.12, host: pr-hdds-2372-lnsqz-525025365, networkLocation: /default-rack, certSerialId: null} reports an CLOSED replica.
2019-11-14 12:27:02,915 [EventQueue-ContainerReportForContainerReportHandler] WARN  container.ContainerReportHandler (AbstractContainerReportHandler.java:updateContainerState(145)) - Container #1 is in OPEN state, but the datanode cd558214-326f-4a5f-9303-c2e363dc7cbf{ip: 192.168.34.12, host: pr-hdds-2372-lnsqz-525025365, networkLocation: /default-rack, certSerialId: null} reports an CLOSED replica.
2019-11-14 12:27:03,209 [grpc-default-executor-3] WARN  server.GrpcLogAppender (LogUtils.java:warn(134)) - 00c62217-5fe8-4e7e-82ea-e9eb3a319654@group-687E5D4EE5B9->34945432-9180-41ca-be60-2140985b491a-AppendLogResponseHandler: Failed appendEntries: org.apache.ratis.thirdparty.io.grpc.StatusRuntimeException: UNAVAILABLE: io exception
2019-11-14 12:27:03,217 [grpc-default-executor-3] INFO  impl.FollowerInfo (FollowerInfo.java:lambda$new$0(51)) - 00c62217-5fe8-4e7e-82ea-e9eb3a319654@group-687E5D4EE5B9->34945432-9180-41ca-be60-2140985b491a: nextIndex: updateUnconditionally 0 -> 0
2019-11-14 12:27:03,218 [EventQueue-ContainerReportForContainerReportHandler] WARN  container.ContainerReportHandler (AbstractContainerReportHandler.java:updateContainerState(145)) - Container #1 is in OPEN state, but the datanode 00c62217-5fe8-4e7e-82ea-e9eb3a319654{ip: 192.168.34.12, host: pr-hdds-2372-lnsqz-525025365, networkLocation: /default-rack, certSerialId: null} reports an CLOSED replica.
2019-11-14 12:27:03,318 [EventQueue-ContainerReportForContainerReportHandler] WARN  container.ContainerReportHandler (AbstractContainerReportHandler.java:updateContainerState(145)) - Container #1 is in OPEN state, but the datanode cd558214-326f-4a5f-9303-c2e363dc7cbf{ip: 192.168.34.12, host: pr-hdds-2372-lnsqz-525025365, networkLocation: /default-rack, certSerialId: null} reports an CLOSED replica.
2019-11-14 12:27:03,417 [EventQueue-ContainerReportForContainerReportHandler] WARN  container.ContainerReportHandler (AbstractContainerReportHandler.java:updateContainerState(145)) - Container #1 is in OPEN state, but the datanode 00c62217-5fe8-4e7e-82ea-e9eb3a319654{ip: 192.168.34.12, host: pr-hdds-2372-lnsqz-525025365, networkLocation: /default-rack, certSerialId: null} reports an CLOSED replica.
2019-11-14 12:27:03,619 [EventQueue-ContainerReportForContainerReportHandler] WARN  container.ContainerReportHandler (AbstractContainerReportHandler.java:updateContainerState(145)) - Container #1 is in OPEN state, but the datanode cd558214-326f-4a5f-9303-c2e363dc7cbf{ip: 192.168.34.12, host: pr-hdds-2372-lnsqz-525025365, networkLocation: /default-rack, certSerialId: null} reports an CLOSED replica.
2019-11-14 12:27:03,622 [BlockDeletingService#2] WARN  background.BlockDeletingService (BlockDeletingService.java:isDeletionAllowed(187)) - Close Container log Index 6 is not replicated across allthe servers in the pipeline 3a9b6b08-a844-44f5-89a3-687e5d4ee5b9 as the min replicated index is 4. Deletion is not allowed in this container yet.
2019-11-14 12:27:03,622 [BlockDeletingService#2] WARN  background.BlockDeletingService (BlockDeletingService.java:isDeletionAllowed(187)) - Close Container log Index 6 is not replicated across allthe servers in the pipeline 3a9b6b08-a844-44f5-89a3-687e5d4ee5b9 as the min replicated index is 4. Deletion is not allowed in this container yet.
2019-11-14 12:27:03,818 [EventQueue-ContainerReportForContainerReportHandler] WARN  container.ContainerReportHandler (AbstractContainerReportHandler.java:updateContainerState(145)) - Container #1 is in OPEN state, but the datanode 00c62217-5fe8-4e7e-82ea-e9eb3a319654{ip: 192.168.34.12, host: pr-hdds-2372-lnsqz-525025365, networkLocation: /default-rack, certSerialId: null} reports an CLOSED replica.
2019-11-14 12:27:03,918 [EventQueue-ContainerReportForContainerReportHandler] WARN  container.ContainerReportHandler (AbstractContainerReportHandler.java:updateContainerState(145)) - Container #1 is in OPEN state, but the datanode cd558214-326f-4a5f-9303-c2e363dc7cbf{ip: 192.168.34.12, host: pr-hdds-2372-lnsqz-525025365, networkLocation: /default-rack, certSerialId: null} reports an CLOSED replica.
2019-11-14 12:27:04,118 [EventQueue-ContainerReportForContainerReportHandler] WARN  container.ContainerReportHandler (AbstractContainerReportHandler.java:updateContainerState(145)) - Container #1 is in OPEN state, but the datanode 00c62217-5fe8-4e7e-82ea-e9eb3a319654{ip: 192.168.34.12, host: pr-hdds-2372-lnsqz-525025365, networkLocation: /default-rack, certSerialId: null} reports an CLOSED replica.
2019-11-14 12:27:04,218 [EventQueue-ContainerReportForContainerReportHandler] WARN  container.ContainerReportHandler (AbstractContainerReportHandler.java:updateContainerState(145)) - Container #1 is in OPEN state, but the datanode cd558214-326f-4a5f-9303-c2e363dc7cbf{ip: 192.168.34.12, host: pr-hdds-2372-lnsqz-525025365, networkLocation: /default-rack, certSerialId: null} reports an CLOSED replica.
2019-11-14 12:27:04,318 [EventQueue-ContainerReportForContainerReportHandler] WARN  container.ContainerReportHandler (AbstractContainerReportHandler.java:updateContainerState(145)) - Container #1 is in OPEN state, but the datanode 00c62217-5fe8-4e7e-82ea-e9eb3a319654{ip: 192.168.34.12, host: pr-hdds-2372-lnsqz-525025365, networkLocation: /default-rack, certSerialId: null} reports an CLOSED replica.
2019-11-14 12:27:04,519 [EventQueue-ContainerReportForContainerReportHandler] WARN  container.ContainerReportHandler (AbstractContainerReportHandler.java:updateContainerState(145)) - Container #1 is in OPEN state, but the datanode cd558214-326f-4a5f-9303-c2e363dc7cbf{ip: 192.168.34.12, host: pr-hdds-2372-lnsqz-525025365, networkLocation: /default-rack, certSerialId: null} reports an CLOSED replica.
2019-11-14 12:27:04,619 [EventQueue-ContainerReportForContainerReportHandler] WARN  container.ContainerReportHandler (AbstractContainerReportHandler.java:updateContainerState(145)) - Container #1 is in OPEN state, but the datanode 00c62217-5fe8-4e7e-82ea-e9eb3a319654{ip: 192.168.34.12, host: pr-hdds-2372-lnsqz-525025365, networkLocation: /default-rack, certSerialId: null} reports an CLOSED replica.
2019-11-14 12:27:04,624 [BlockDeletingService#2] WARN  background.BlockDeletingService (BlockDeletingService.java:isDeletionAllowed(187)) - Close Container log Index 6 is not replicated across allthe servers in the pipeline 3a9b6b08-a844-44f5-89a3-687e5d4ee5b9 as the min replicated index is 4. Deletion is not allowed in this container yet.
2019-11-14 12:27:04,624 [BlockDeletingService#2] WARN  background.BlockDeletingService (BlockDeletingService.java:isDeletionAllowed(187)) - Close Container log Index 6 is not replicated across allthe servers in the pipeline 3a9b6b08-a844-44f5-89a3-687e5d4ee5b9 as the min replicated index is 4. Deletion is not allowed in this container yet.
2019-11-14 12:27:04,819 [EventQueue-ContainerReportForContainerReportHandler] WARN  container.ContainerReportHandler (AbstractContainerReportHandler.java:updateContainerState(145)) - Container #1 is in OPEN state, but the datanode cd558214-326f-4a5f-9303-c2e363dc7cbf{ip: 192.168.34.12, host: pr-hdds-2372-lnsqz-525025365, networkLocation: /default-rack, certSerialId: null} reports an CLOSED replica.
2019-11-14 12:27:04,821 [EventQueue-ContainerReportForContainerReportHandler] WARN  container.ContainerReportHandler (AbstractContainerReportHandler.java:updateContainerState(145)) - Container #1 is in OPEN state, but the datanode 00c62217-5fe8-4e7e-82ea-e9eb3a319654{ip: 192.168.34.12, host: pr-hdds-2372-lnsqz-525025365, networkLocation: /default-rack, certSerialId: null} reports an CLOSED replica.
2019-11-14 12:27:05,019 [EventQueue-ContainerReportForContainerReportHandler] WARN  container.ContainerReportHandler (AbstractContainerReportHandler.java:updateContainerState(145)) - Container #1 is in OPEN state, but the datanode cd558214-326f-4a5f-9303-c2e363dc7cbf{ip: 192.168.34.12, host: pr-hdds-2372-lnsqz-525025365, networkLocation: /default-rack, certSerialId: null} reports an CLOSED replica.
2019-11-14 12:27:05,120 [EventQueue-ContainerReportForContainerReportHandler] WARN  container.ContainerReportHandler (AbstractContainerReportHandler.java:updateContainerState(145)) - Container #1 is in OPEN state, but the datanode 00c62217-5fe8-4e7e-82ea-e9eb3a319654{ip: 192.168.34.12, host: pr-hdds-2372-lnsqz-525025365, networkLocation: /default-rack, certSerialId: null} reports an CLOSED replica.
2019-11-14 12:27:05,319 [EventQueue-ContainerReportForContainerReportHandler] WARN  container.ContainerReportHandler (AbstractContainerReportHandler.java:updateContainerState(145)) - Container #1 is in OPEN state, but the datanode cd558214-326f-4a5f-9303-c2e363dc7cbf{ip: 192.168.34.12, host: pr-hdds-2372-lnsqz-525025365, networkLocation: /default-rack, certSerialId: null} reports an CLOSED replica.
2019-11-14 12:27:05,420 [EventQueue-ContainerReportForContainerReportHandler] WARN  container.ContainerReportHandler (AbstractContainerReportHandler.java:updateContainerState(145)) - Container #1 is in OPEN state, but the datanode 00c62217-5fe8-4e7e-82ea-e9eb3a319654{ip: 192.168.34.12, host: pr-hdds-2372-lnsqz-525025365, networkLocation: /default-rack, certSerialId: null} reports an CLOSED replica.
2019-11-14 12:27:05,619 [EventQueue-ContainerReportForContainerReportHandler] WARN  container.ContainerReportHandler (AbstractContainerReportHandler.java:updateContainerState(145)) - Container #1 is in OPEN state, but the datanode cd558214-326f-4a5f-9303-c2e363dc7cbf{ip: 192.168.34.12, host: pr-hdds-2372-lnsqz-525025365, networkLocation: /default-rack, certSerialId: null} reports an CLOSED replica.
2019-11-14 12:27:05,626 [BlockDeletingService#2] WARN  background.BlockDeletingService (BlockDeletingService.java:isDeletionAllowed(187)) - Close Container log Index 6 is not replicated across allthe servers in the pipeline 3a9b6b08-a844-44f5-89a3-687e5d4ee5b9 as the min replicated index is 4. Deletion is not allowed in this container yet.
2019-11-14 12:27:05,626 [BlockDeletingService#2] WARN  background.BlockDeletingService (BlockDeletingService.java:isDeletionAllowed(187)) - Close Container log Index 6 is not replicated across allthe servers in the pipeline 3a9b6b08-a844-44f5-89a3-687e5d4ee5b9 as the min replicated index is 4. Deletion is not allowed in this container yet.
2019-11-14 12:27:05,714 [grpc-default-executor-0] WARN  server.GrpcLogAppender (LogUtils.java:warn(134)) - 00c62217-5fe8-4e7e-82ea-e9eb3a319654@group-687E5D4EE5B9->34945432-9180-41ca-be60-2140985b491a-AppendLogResponseHandler: Failed appendEntries: org.apache.ratis.thirdparty.io.grpc.StatusRuntimeException: UNAVAILABLE: io exception
2019-11-14 12:27:05,715 [grpc-default-executor-0] INFO  impl.FollowerInfo (FollowerInfo.java:lambda$new$0(51)) - 00c62217-5fe8-4e7e-82ea-e9eb3a319654@group-687E5D4EE5B9->34945432-9180-41ca-be60-2140985b491a: nextIndex: updateUnconditionally 0 -> 0
2019-11-14 12:27:05,720 [EventQueue-ContainerReportForContainerReportHandler] WARN  container.ContainerReportHandler (AbstractContainerReportHandler.java:updateContainerState(145)) - Container #1 is in OPEN state, but the datanode 00c62217-5fe8-4e7e-82ea-e9eb3a319654{ip: 192.168.34.12, host: pr-hdds-2372-lnsqz-525025365, networkLocation: /default-rack, certSerialId: null} reports an CLOSED replica.
2019-11-14 12:27:05,821 [EventQueue-ContainerReportForContainerReportHandler] WARN  container.ContainerReportHandler (AbstractContainerReportHandler.java:updateContainerState(145)) - Container #1 is in OPEN state, but the datanode cd558214-326f-4a5f-9303-c2e363dc7cbf{ip: 192.168.34.12, host: pr-hdds-2372-lnsqz-525025365, networkLocation: /default-rack, certSerialId: null} reports an CLOSED replica.
2019-11-14 12:27:05,921 [EventQueue-ContainerReportForContainerReportHandler] WARN  container.ContainerReportHandler (AbstractContainerReportHandler.java:updateContainerState(145)) - Container #1 is in OPEN state, but the datanode 00c62217-5fe8-4e7e-82ea-e9eb3a319654{ip: 192.168.34.12, host: pr-hdds-2372-lnsqz-525025365, networkLocation: /default-rack, certSerialId: null} reports an CLOSED replica.
2019-11-14 12:27:06,023 [EventQueue-ContainerReportForContainerReportHandler] WARN  container.ContainerReportHandler (AbstractContainerReportHandler.java:updateContainerState(145)) - Container #1 is in OPEN state, but the datanode cd558214-326f-4a5f-9303-c2e363dc7cbf{ip: 192.168.34.12, host: pr-hdds-2372-lnsqz-525025365, networkLocation: /default-rack, certSerialId: null} reports an CLOSED replica.
2019-11-14 12:27:06,221 [EventQueue-ContainerReportForContainerReportHandler] WARN  container.ContainerReportHandler (AbstractContainerReportHandler.java:updateContainerState(145)) - Container #1 is in OPEN state, but the datanode 00c62217-5fe8-4e7e-82ea-e9eb3a319654{ip: 192.168.34.12, host: pr-hdds-2372-lnsqz-525025365, networkLocation: /default-rack, certSerialId: null} reports an CLOSED replica.
2019-11-14 12:27:06,221 [EventQueue-ContainerReportForContainerReportHandler] WARN  container.ContainerReportHandler (AbstractContainerReportHandler.java:updateContainerState(145)) - Container #1 is in OPEN state, but the datanode cd558214-326f-4a5f-9303-c2e363dc7cbf{ip: 192.168.34.12, host: pr-hdds-2372-lnsqz-525025365, networkLocation: /default-rack, certSerialId: null} reports an CLOSED replica.
2019-11-14 12:27:06,421 [EventQueue-ContainerReportForContainerReportHandler] WARN  container.ContainerReportHandler (AbstractContainerReportHandler.java:updateContainerState(145)) - Container #1 is in OPEN state, but the datanode 00c62217-5fe8-4e7e-82ea-e9eb3a319654{ip: 192.168.34.12, host: pr-hdds-2372-lnsqz-525025365, networkLocation: /default-rack, certSerialId: null} reports an CLOSED replica.
2019-11-14 12:27:06,521 [EventQueue-ContainerReportForContainerReportHandler] WARN  container.ContainerReportHandler (AbstractContainerReportHandler.java:updateContainerState(145)) - Container #1 is in OPEN state, but the datanode cd558214-326f-4a5f-9303-c2e363dc7cbf{ip: 192.168.34.12, host: pr-hdds-2372-lnsqz-525025365, networkLocation: /default-rack, certSerialId: null} reports an CLOSED replica.
2019-11-14 12:27:06,629 [BlockDeletingService#2] WARN  background.BlockDeletingService (BlockDeletingService.java:isDeletionAllowed(187)) - Close Container log Index 6 is not replicated across allthe servers in the pipeline 3a9b6b08-a844-44f5-89a3-687e5d4ee5b9 as the min replicated index is 4. Deletion is not allowed in this container yet.
2019-11-14 12:27:06,629 [BlockDeletingService#2] WARN  background.BlockDeletingService (BlockDeletingService.java:isDeletionAllowed(187)) - Close Container log Index 6 is not replicated across allthe servers in the pipeline 3a9b6b08-a844-44f5-89a3-687e5d4ee5b9 as the min replicated index is 4. Deletion is not allowed in this container yet.
2019-11-14 12:27:06,722 [EventQueue-ContainerReportForContainerReportHandler] WARN  container.ContainerReportHandler (AbstractContainerReportHandler.java:updateContainerState(145)) - Container #1 is in OPEN state, but the datanode 00c62217-5fe8-4e7e-82ea-e9eb3a319654{ip: 192.168.34.12, host: pr-hdds-2372-lnsqz-525025365, networkLocation: /default-rack, certSerialId: null} reports an CLOSED replica.
2019-11-14 12:27:06,822 [EventQueue-ContainerReportForContainerReportHandler] WARN  container.ContainerReportHandler (AbstractContainerReportHandler.java:updateContainerState(145)) - Container #1 is in OPEN state, but the datanode cd558214-326f-4a5f-9303-c2e363dc7cbf{ip: 192.168.34.12, host: pr-hdds-2372-lnsqz-525025365, networkLocation: /default-rack, certSerialId: null} reports an CLOSED replica.
2019-11-14 12:27:07,023 [EventQueue-ContainerReportForContainerReportHandler] WARN  container.ContainerReportHandler (AbstractContainerReportHandler.java:updateContainerState(145)) - Container #1 is in OPEN state, but the datanode cd558214-326f-4a5f-9303-c2e363dc7cbf{ip: 192.168.34.12, host: pr-hdds-2372-lnsqz-525025365, networkLocation: /default-rack, certSerialId: null} reports an CLOSED replica.
2019-11-14 12:27:07,122 [EventQueue-ContainerReportForContainerReportHandler] WARN  container.ContainerReportHandler (AbstractContainerReportHandler.java:updateContainerState(145)) - Container #1 is in OPEN state, but the datanode 00c62217-5fe8-4e7e-82ea-e9eb3a319654{ip: 192.168.34.12, host: pr-hdds-2372-lnsqz-525025365, networkLocation: /default-rack, certSerialId: null} reports an CLOSED replica.
2019-11-14 12:27:07,322 [EventQueue-ContainerReportForContainerReportHandler] WARN  container.ContainerReportHandler (AbstractContainerReportHandler.java:updateContainerState(145)) - Container #1 is in OPEN state, but the datanode cd558214-326f-4a5f-9303-c2e363dc7cbf{ip: 192.168.34.12, host: pr-hdds-2372-lnsqz-525025365, networkLocation: /default-rack, certSerialId: null} reports an CLOSED replica.
2019-11-14 12:27:07,323 [EventQueue-ContainerReportForContainerReportHandler] WARN  container.ContainerReportHandler (AbstractContainerReportHandler.java:updateContainerState(145)) - Container #1 is in OPEN state, but the datanode 00c62217-5fe8-4e7e-82ea-e9eb3a319654{ip: 192.168.34.12, host: pr-hdds-2372-lnsqz-525025365, networkLocation: /default-rack, certSerialId: null} reports an CLOSED replica.
2019-11-14 12:27:07,622 [EventQueue-ContainerReportForContainerReportHandler] WARN  container.ContainerReportHandler (AbstractContainerReportHandler.java:updateContainerState(145)) - Container #1 is in OPEN state, but the datanode 00c62217-5fe8-4e7e-82ea-e9eb3a319654{ip: 192.168.34.12, host: pr-hdds-2372-lnsqz-525025365, networkLocation: /default-rack, certSerialId: null} reports an CLOSED replica.
2019-11-14 12:27:07,631 [BlockDeletingService#2] WARN  background.BlockDeletingService (BlockDeletingService.java:isDeletionAllowed(187)) - Close Container log Index 6 is not replicated across allthe servers in the pipeline 3a9b6b08-a844-44f5-89a3-687e5d4ee5b9 as the min replicated index is 4. Deletion is not allowed in this container yet.
2019-11-14 12:27:07,631 [BlockDeletingService#2] WARN  background.BlockDeletingService (BlockDeletingService.java:isDeletionAllowed(187)) - Close Container log Index 6 is not replicated across allthe servers in the pipeline 3a9b6b08-a844-44f5-89a3-687e5d4ee5b9 as the min replicated index is 4. Deletion is not allowed in this container yet.
2019-11-14 12:27:07,723 [EventQueue-ContainerReportForContainerReportHandler] WARN  container.ContainerReportHandler (AbstractContainerReportHandler.java:updateContainerState(145)) - Container #1 is in OPEN state, but the datanode cd558214-326f-4a5f-9303-c2e363dc7cbf{ip: 192.168.34.12, host: pr-hdds-2372-lnsqz-525025365, networkLocation: /default-rack, certSerialId: null} reports an CLOSED replica.
2019-11-14 12:27:07,924 [EventQueue-ContainerReportForContainerReportHandler] WARN  container.ContainerReportHandler (AbstractContainerReportHandler.java:updateContainerState(145)) - Container #1 is in OPEN state, but the datanode 00c62217-5fe8-4e7e-82ea-e9eb3a319654{ip: 192.168.34.12, host: pr-hdds-2372-lnsqz-525025365, networkLocation: /default-rack, certSerialId: null} reports an CLOSED replica.
2019-11-14 12:27:08,023 [EventQueue-ContainerReportForContainerReportHandler] WARN  container.ContainerReportHandler (AbstractContainerReportHandler.java:updateContainerState(145)) - Container #1 is in OPEN state, but the datanode cd558214-326f-4a5f-9303-c2e363dc7cbf{ip: 192.168.34.12, host: pr-hdds-2372-lnsqz-525025365, networkLocation: /default-rack, certSerialId: null} reports an CLOSED replica.
2019-11-14 12:27:08,221 [grpc-default-executor-0] WARN  server.GrpcLogAppender (LogUtils.java:warn(134)) - 00c62217-5fe8-4e7e-82ea-e9eb3a319654@group-687E5D4EE5B9->34945432-9180-41ca-be60-2140985b491a-AppendLogResponseHandler: Failed appendEntries: org.apache.ratis.thirdparty.io.grpc.StatusRuntimeException: UNAVAILABLE: io exception
2019-11-14 12:27:08,222 [grpc-default-executor-0] INFO  impl.FollowerInfo (FollowerInfo.java:lambda$new$0(51)) - 00c62217-5fe8-4e7e-82ea-e9eb3a319654@group-687E5D4EE5B9->34945432-9180-41ca-be60-2140985b491a: nextIndex: updateUnconditionally 0 -> 0
2019-11-14 12:27:08,223 [EventQueue-ContainerReportForContainerReportHandler] WARN  container.ContainerReportHandler (AbstractContainerReportHandler.java:updateContainerState(145)) - Container #1 is in OPEN state, but the datanode 00c62217-5fe8-4e7e-82ea-e9eb3a319654{ip: 192.168.34.12, host: pr-hdds-2372-lnsqz-525025365, networkLocation: /default-rack, certSerialId: null} reports an CLOSED replica.
2019-11-14 12:27:08,423 [EventQueue-ContainerReportForContainerReportHandler] WARN  container.ContainerReportHandler (AbstractContainerReportHandler.java:updateContainerState(145)) - Container #1 is in OPEN state, but the datanode cd558214-326f-4a5f-9303-c2e363dc7cbf{ip: 192.168.34.12, host: pr-hdds-2372-lnsqz-525025365, networkLocation: /default-rack, certSerialId: null} reports an CLOSED replica.
2019-11-14 12:27:08,623 [EventQueue-ContainerReportForContainerReportHandler] WARN  container.ContainerReportHandler (AbstractContainerReportHandler.java:updateContainerState(145)) - Container #1 is in OPEN state, but the datanode 00c62217-5fe8-4e7e-82ea-e9eb3a319654{ip: 192.168.34.12, host: pr-hdds-2372-lnsqz-525025365, networkLocation: /default-rack, certSerialId: null} reports an CLOSED replica.
2019-11-14 12:27:08,634 [BlockDeletingService#2] WARN  background.BlockDeletingService (BlockDeletingService.java:isDeletionAllowed(187)) - Close Container log Index 6 is not replicated across allthe servers in the pipeline 3a9b6b08-a844-44f5-89a3-687e5d4ee5b9 as the min replicated index is 4. Deletion is not allowed in this container yet.
2019-11-14 12:27:08,634 [BlockDeletingService#2] WARN  background.BlockDeletingService (BlockDeletingService.java:isDeletionAllowed(187)) - Close Container log Index 6 is not replicated across allthe servers in the pipeline 3a9b6b08-a844-44f5-89a3-687e5d4ee5b9 as the min replicated index is 4. Deletion is not allowed in this container yet.
2019-11-14 12:27:08,724 [EventQueue-ContainerReportForContainerReportHandler] WARN  container.ContainerReportHandler (AbstractContainerReportHandler.java:updateContainerState(145)) - Container #1 is in OPEN state, but the datanode cd558214-326f-4a5f-9303-c2e363dc7cbf{ip: 192.168.34.12, host: pr-hdds-2372-lnsqz-525025365, networkLocation: /default-rack, certSerialId: null} reports an CLOSED replica.
2019-11-14 12:27:09,024 [EventQueue-ContainerReportForContainerReportHandler] WARN  container.ContainerReportHandler (AbstractContainerReportHandler.java:updateContainerState(145)) - Container #1 is in OPEN state, but the datanode 00c62217-5fe8-4e7e-82ea-e9eb3a319654{ip: 192.168.34.12, host: pr-hdds-2372-lnsqz-525025365, networkLocation: /default-rack, certSerialId: null} reports an CLOSED replica.
2019-11-14 12:27:09,024 [EventQueue-ContainerReportForContainerReportHandler] WARN  container.ContainerReportHandler (AbstractContainerReportHandler.java:updateContainerState(145)) - Container #1 is in OPEN state, but the datanode cd558214-326f-4a5f-9303-c2e363dc7cbf{ip: 192.168.34.12, host: pr-hdds-2372-lnsqz-525025365, networkLocation: /default-rack, certSerialId: null} reports an CLOSED replica.
2019-11-14 12:27:09,326 [EventQueue-ContainerReportForContainerReportHandler] WARN  container.ContainerReportHandler (AbstractContainerReportHandler.java:updateContainerState(145)) - Container #1 is in OPEN state, but the datanode 00c62217-5fe8-4e7e-82ea-e9eb3a319654{ip: 192.168.34.12, host: pr-hdds-2372-lnsqz-525025365, networkLocation: /default-rack, certSerialId: null} reports an CLOSED replica.
2019-11-14 12:27:09,427 [EventQueue-ContainerReportForContainerReportHandler] WARN  container.ContainerReportHandler (AbstractContainerReportHandler.java:updateContainerState(145)) - Container #1 is in OPEN state, but the datanode cd558214-326f-4a5f-9303-c2e363dc7cbf{ip: 192.168.34.12, host: pr-hdds-2372-lnsqz-525025365, networkLocation: /default-rack, certSerialId: null} reports an CLOSED replica.
2019-11-14 12:27:09,527 [EventQueue-ContainerReportForContainerReportHandler] WARN  container.ContainerReportHandler (AbstractContainerReportHandler.java:updateContainerState(145)) - Container #1 is in OPEN state, but the datanode 00c62217-5fe8-4e7e-82ea-e9eb3a319654{ip: 192.168.34.12, host: pr-hdds-2372-lnsqz-525025365, networkLocation: /default-rack, certSerialId: null} reports an CLOSED replica.
2019-11-14 12:27:09,636 [BlockDeletingService#2] WARN  background.BlockDeletingService (BlockDeletingService.java:isDeletionAllowed(187)) - Close Container log Index 6 is not replicated across allthe servers in the pipeline 3a9b6b08-a844-44f5-89a3-687e5d4ee5b9 as the min replicated index is 4. Deletion is not allowed in this container yet.
2019-11-14 12:27:09,636 [BlockDeletingService#2] WARN  background.BlockDeletingService (BlockDeletingService.java:isDeletionAllowed(187)) - Close Container log Index 6 is not replicated across allthe servers in the pipeline 3a9b6b08-a844-44f5-89a3-687e5d4ee5b9 as the min replicated index is 4. Deletion is not allowed in this container yet.
2019-11-14 12:27:09,726 [EventQueue-ContainerReportForContainerReportHandler] WARN  container.ContainerReportHandler (AbstractContainerReportHandler.java:updateContainerState(145)) - Container #1 is in OPEN state, but the datanode cd558214-326f-4a5f-9303-c2e363dc7cbf{ip: 192.168.34.12, host: pr-hdds-2372-lnsqz-525025365, networkLocation: /default-rack, certSerialId: null} reports an CLOSED replica.
2019-11-14 12:27:09,726 [EventQueue-ContainerReportForContainerReportHandler] WARN  container.ContainerReportHandler (AbstractContainerReportHandler.java:updateContainerState(145)) - Container #1 is in OPEN state, but the datanode 00c62217-5fe8-4e7e-82ea-e9eb3a319654{ip: 192.168.34.12, host: pr-hdds-2372-lnsqz-525025365, networkLocation: /default-rack, certSerialId: null} reports an CLOSED replica.
2019-11-14 12:27:09,744 [Thread-498] INFO  client.GrpcClientProtocolService (GrpcClientProtocolService.java:lambda$processClientRequest$0(279)) - Failed RaftClientRequest:client-E39780D61DFF->cd558214-326f-4a5f-9303-c2e363dc7cbf@group-687E5D4EE5B9, cid=23, seq=0, Watch-ALL_COMMITTED(6), Message:<EMPTY>, reply=RaftClientReply:client-E39780D61DFF->cd558214-326f-4a5f-9303-c2e363dc7cbf@group-687E5D4EE5B9, cid=23, FAILED org.apache.ratis.protocol.NotLeaderException: Server cd558214-326f-4a5f-9303-c2e363dc7cbf@group-687E5D4EE5B9 is not the leader 00c62217-5fe8-4e7e-82ea-e9eb3a319654:192.168.34.12:43981, logIndex=0, commits[cd558214-326f-4a5f-9303-c2e363dc7cbf:c10, 00c62217-5fe8-4e7e-82ea-e9eb3a319654:c10, 34945432-9180-41ca-be60-2140985b491a:c4]
2019-11-14 12:27:10,026 [EventQueue-ContainerReportForContainerReportHandler] WARN  container.ContainerReportHandler (AbstractContainerReportHandler.java:updateContainerState(145)) - Container #1 is in OPEN state, but the datanode 00c62217-5fe8-4e7e-82ea-e9eb3a319654{ip: 192.168.34.12, host: pr-hdds-2372-lnsqz-525025365, networkLocation: /default-rack, certSerialId: null} reports an CLOSED replica.
2019-11-14 12:27:10,126 [EventQueue-ContainerReportForContainerReportHandler] WARN  container.ContainerReportHandler (AbstractContainerReportHandler.java:updateContainerState(145)) - Container #1 is in OPEN state, but the datanode cd558214-326f-4a5f-9303-c2e363dc7cbf{ip: 192.168.34.12, host: pr-hdds-2372-lnsqz-525025365, networkLocation: /default-rack, certSerialId: null} reports an CLOSED replica.
2019-11-14 12:27:10,427 [EventQueue-ContainerReportForContainerReportHandler] WARN  container.ContainerReportHandler (AbstractContainerReportHandler.java:updateContainerState(145)) - Container #1 is in OPEN state, but the datanode cd558214-326f-4a5f-9303-c2e363dc7cbf{ip: 192.168.34.12, host: pr-hdds-2372-lnsqz-525025365, networkLocation: /default-rack, certSerialId: null} reports an CLOSED replica.
2019-11-14 12:27:10,427 [EventQueue-ContainerReportForContainerReportHandler] WARN  container.ContainerReportHandler (AbstractContainerReportHandler.java:updateContainerState(145)) - Container #1 is in OPEN state, but the datanode 00c62217-5fe8-4e7e-82ea-e9eb3a319654{ip: 192.168.34.12, host: pr-hdds-2372-lnsqz-525025365, networkLocation: /default-rack, certSerialId: null} reports an CLOSED replica.
2019-11-14 12:27:10,638 [BlockDeletingService#2] WARN  background.BlockDeletingService (BlockDeletingService.java:isDeletionAllowed(187)) - Close Container log Index 6 is not replicated across allthe servers in the pipeline 3a9b6b08-a844-44f5-89a3-687e5d4ee5b9 as the min replicated index is 4. Deletion is not allowed in this container yet.
2019-11-14 12:27:10,638 [BlockDeletingService#2] WARN  background.BlockDeletingService (BlockDeletingService.java:isDeletionAllowed(187)) - Close Container log Index 6 is not replicated across allthe servers in the pipeline 3a9b6b08-a844-44f5-89a3-687e5d4ee5b9 as the min replicated index is 4. Deletion is not allowed in this container yet.
2019-11-14 12:27:10,725 [grpc-default-executor-0] WARN  server.GrpcLogAppender (LogUtils.java:warn(134)) - 00c62217-5fe8-4e7e-82ea-e9eb3a319654@group-687E5D4EE5B9->34945432-9180-41ca-be60-2140985b491a-AppendLogResponseHandler: Failed appendEntries: org.apache.ratis.thirdparty.io.grpc.StatusRuntimeException: UNAVAILABLE: io exception
2019-11-14 12:27:10,727 [grpc-default-executor-0] INFO  impl.FollowerInfo (FollowerInfo.java:lambda$new$0(51)) - 00c62217-5fe8-4e7e-82ea-e9eb3a319654@group-687E5D4EE5B9->34945432-9180-41ca-be60-2140985b491a: nextIndex: updateUnconditionally 0 -> 0
2019-11-14 12:27:10,727 [EventQueue-ContainerReportForContainerReportHandler] WARN  container.ContainerReportHandler (AbstractContainerReportHandler.java:updateContainerState(145)) - Container #1 is in OPEN state, but the datanode cd558214-326f-4a5f-9303-c2e363dc7cbf{ip: 192.168.34.12, host: pr-hdds-2372-lnsqz-525025365, networkLocation: /default-rack, certSerialId: null} reports an CLOSED replica.
2019-11-14 12:27:10,727 [EventQueue-ContainerReportForContainerReportHandler] WARN  container.ContainerReportHandler (AbstractContainerReportHandler.java:updateContainerState(145)) - Container #1 is in OPEN state, but the datanode 00c62217-5fe8-4e7e-82ea-e9eb3a319654{ip: 192.168.34.12, host: pr-hdds-2372-lnsqz-525025365, networkLocation: /default-rack, certSerialId: null} reports an CLOSED replica.
2019-11-14 12:27:10,755 [Thread-504] INFO  client.GrpcClientProtocolService (GrpcClientProtocolService.java:lambda$processClientRequest$0(279)) - Failed RaftClientRequest:client-E39780D61DFF->00c62217-5fe8-4e7e-82ea-e9eb3a319654@group-687E5D4EE5B9, cid=23, seq=0, Watch-ALL_COMMITTED(6), Message:<EMPTY>, reply=RaftClientReply:client-E39780D61DFF->00c62217-5fe8-4e7e-82ea-e9eb3a319654@group-687E5D4EE5B9, cid=23, FAILED org.apache.ratis.protocol.NotReplicatedException: Request with call Id 23 and log index 6 is not yet replicated to ALL_COMMITTED, logIndex=6, commits[00c62217-5fe8-4e7e-82ea-e9eb3a319654:c10, 34945432-9180-41ca-be60-2140985b491a:c4, cd558214-326f-4a5f-9303-c2e363dc7cbf:c10]
2019-11-14 12:27:11,026 [EventQueue-ContainerReportForContainerReportHandler] WARN  container.ContainerReportHandler (AbstractContainerReportHandler.java:updateContainerState(145)) - Container #1 is in OPEN state, but the datanode cd558214-326f-4a5f-9303-c2e363dc7cbf{ip: 192.168.34.12, host: pr-hdds-2372-lnsqz-525025365, networkLocation: /default-rack, certSerialId: null} reports an CLOSED replica.
2019-11-14 12:27:11,126 [EventQueue-ContainerReportForContainerReportHandler] WARN  container.ContainerReportHandler (AbstractContainerReportHandler.java:updateContainerState(145)) - Container #1 is in OPEN state, but the datanode 00c62217-5fe8-4e7e-82ea-e9eb3a319654{ip: 192.168.34.12, host: pr-hdds-2372-lnsqz-525025365, networkLocation: /default-rack, certSerialId: null} reports an CLOSED replica.
2019-11-14 12:27:11,228 [EventQueue-ContainerReportForContainerReportHandler] WARN  container.ContainerReportHandler (AbstractContainerReportHandler.java:updateContainerState(145)) - Container #1 is in OPEN state, but the datanode cd558214-326f-4a5f-9303-c2e363dc7cbf{ip: 192.168.34.12, host: pr-hdds-2372-lnsqz-525025365, networkLocation: /default-rack, certSerialId: null} reports an CLOSED replica.
2019-11-14 12:27:11,326 [EventQueue-ContainerReportForContainerReportHandler] WARN  container.ContainerReportHandler (AbstractContainerReportHandler.java:updateContainerState(145)) - Container #1 is in OPEN state, but the datanode 00c62217-5fe8-4e7e-82ea-e9eb3a319654{ip: 192.168.34.12, host: pr-hdds-2372-lnsqz-525025365, networkLocation: /default-rack, certSerialId: null} reports an CLOSED replica.
2019-11-14 12:27:11,627 [EventQueue-ContainerReportForContainerReportHandler] WARN  container.ContainerReportHandler (AbstractContainerReportHandler.java:updateContainerState(145)) - Container #1 is in OPEN state, but the datanode cd558214-326f-4a5f-9303-c2e363dc7cbf{ip: 192.168.34.12, host: pr-hdds-2372-lnsqz-525025365, networkLocation: /default-rack, certSerialId: null} reports an CLOSED replica.
2019-11-14 12:27:11,642 [BlockDeletingService#2] WARN  background.BlockDeletingService (BlockDeletingService.java:isDeletionAllowed(187)) - Close Container log Index 6 is not replicated across allthe servers in the pipeline 3a9b6b08-a844-44f5-89a3-687e5d4ee5b9 as the min replicated index is 4. Deletion is not allowed in this container yet.
2019-11-14 12:27:11,642 [BlockDeletingService#2] WARN  background.BlockDeletingService (BlockDeletingService.java:isDeletionAllowed(187)) - Close Container log Index 6 is not replicated across allthe servers in the pipeline 3a9b6b08-a844-44f5-89a3-687e5d4ee5b9 as the min replicated index is 4. Deletion is not allowed in this container yet.
2019-11-14 12:27:11,727 [EventQueue-ContainerReportForContainerReportHandler] WARN  container.ContainerReportHandler (AbstractContainerReportHandler.java:updateContainerState(145)) - Container #1 is in OPEN state, but the datanode 00c62217-5fe8-4e7e-82ea-e9eb3a319654{ip: 192.168.34.12, host: pr-hdds-2372-lnsqz-525025365, networkLocation: /default-rack, certSerialId: null} reports an CLOSED replica.
2019-11-14 12:27:11,828 [EventQueue-ContainerReportForContainerReportHandler] WARN  container.ContainerReportHandler (AbstractContainerReportHandler.java:updateContainerState(145)) - Container #1 is in OPEN state, but the datanode cd558214-326f-4a5f-9303-c2e363dc7cbf{ip: 192.168.34.12, host: pr-hdds-2372-lnsqz-525025365, networkLocation: /default-rack, certSerialId: null} reports an CLOSED replica.
2019-11-14 12:27:11,928 [EventQueue-ContainerReportForContainerReportHandler] WARN  container.ContainerReportHandler (AbstractContainerReportHandler.java:updateContainerState(145)) - Container #1 is in OPEN state, but the datanode 00c62217-5fe8-4e7e-82ea-e9eb3a319654{ip: 192.168.34.12, host: pr-hdds-2372-lnsqz-525025365, networkLocation: /default-rack, certSerialId: null} reports an CLOSED replica.
2019-11-14 12:27:12,127 [EventQueue-ContainerReportForContainerReportHandler] WARN  container.ContainerReportHandler (AbstractContainerReportHandler.java:updateContainerState(145)) - Container #1 is in OPEN state, but the datanode 00c62217-5fe8-4e7e-82ea-e9eb3a319654{ip: 192.168.34.12, host: pr-hdds-2372-lnsqz-525025365, networkLocation: /default-rack, certSerialId: null} reports an CLOSED replica.
2019-11-14 12:27:12,227 [EventQueue-ContainerReportForContainerReportHandler] WARN  container.ContainerReportHandler (AbstractContainerReportHandler.java:updateContainerState(145)) - Container #1 is in OPEN state, but the datanode cd558214-326f-4a5f-9303-c2e363dc7cbf{ip: 192.168.34.12, host: pr-hdds-2372-lnsqz-525025365, networkLocation: /default-rack, certSerialId: null} reports an CLOSED replica.
2019-11-14 12:27:12,528 [EventQueue-ContainerReportForContainerReportHandler] WARN  container.ContainerReportHandler (AbstractContainerReportHandler.java:updateContainerState(145)) - Container #1 is in OPEN state, but the datanode 00c62217-5fe8-4e7e-82ea-e9eb3a319654{ip: 192.168.34.12, host: pr-hdds-2372-lnsqz-525025365, networkLocation: /default-rack, certSerialId: null} reports an CLOSED replica.
2019-11-14 12:27:12,528 [EventQueue-ContainerReportForContainerReportHandler] WARN  container.ContainerReportHandler (AbstractContainerReportHandler.java:updateContainerState(145)) - Container #1 is in OPEN state, but the datanode cd558214-326f-4a5f-9303-c2e363dc7cbf{ip: 192.168.34.12, host: pr-hdds-2372-lnsqz-525025365, networkLocation: /default-rack, certSerialId: null} reports an CLOSED replica.
2019-11-14 12:27:12,645 [BlockDeletingService#2] WARN  background.BlockDeletingService (BlockDeletingService.java:isDeletionAllowed(187)) - Close Container log Index 6 is not replicated across allthe servers in the pipeline 3a9b6b08-a844-44f5-89a3-687e5d4ee5b9 as the min replicated index is 4. Deletion is not allowed in this container yet.
2019-11-14 12:27:12,645 [BlockDeletingService#2] WARN  background.BlockDeletingService (BlockDeletingService.java:isDeletionAllowed(187)) - Close Container log Index 6 is not replicated across allthe servers in the pipeline 3a9b6b08-a844-44f5-89a3-687e5d4ee5b9 as the min replicated index is 4. Deletion is not allowed in this container yet.
2019-11-14 12:27:12,728 [EventQueue-ContainerReportForContainerReportHandler] WARN  container.ContainerReportHandler (AbstractContainerReportHandler.java:updateContainerState(145)) - Container #1 is in OPEN state, but the datanode 00c62217-5fe8-4e7e-82ea-e9eb3a319654{ip: 192.168.34.12, host: pr-hdds-2372-lnsqz-525025365, networkLocation: /default-rack, certSerialId: null} reports an CLOSED replica.
2019-11-14 12:27:12,828 [EventQueue-ContainerReportForContainerReportHandler] WARN  container.ContainerReportHandler (AbstractContainerReportHandler.java:updateContainerState(145)) - Container #1 is in OPEN state, but the datanode cd558214-326f-4a5f-9303-c2e363dc7cbf{ip: 192.168.34.12, host: pr-hdds-2372-lnsqz-525025365, networkLocation: /default-rack, certSerialId: null} reports an CLOSED replica.
2019-11-14 12:27:13,129 [EventQueue-ContainerReportForContainerReportHandler] WARN  container.ContainerReportHandler (AbstractContainerReportHandler.java:updateContainerState(145)) - Container #1 is in OPEN state, but the datanode 00c62217-5fe8-4e7e-82ea-e9eb3a319654{ip: 192.168.34.12, host: pr-hdds-2372-lnsqz-525025365, networkLocation: /default-rack, certSerialId: null} reports an CLOSED replica.
2019-11-14 12:27:13,129 [EventQueue-ContainerReportForContainerReportHandler] WARN  container.ContainerReportHandler (AbstractContainerReportHandler.java:updateContainerState(145)) - Container #1 is in OPEN state, but the datanode cd558214-326f-4a5f-9303-c2e363dc7cbf{ip: 192.168.34.12, host: pr-hdds-2372-lnsqz-525025365, networkLocation: /default-rack, certSerialId: null} reports an CLOSED replica.
2019-11-14 12:27:13,229 [grpc-default-executor-2] WARN  server.GrpcLogAppender (LogUtils.java:warn(134)) - 00c62217-5fe8-4e7e-82ea-e9eb3a319654@group-687E5D4EE5B9->34945432-9180-41ca-be60-2140985b491a-AppendLogResponseHandler: Failed appendEntries: org.apache.ratis.thirdparty.io.grpc.StatusRuntimeException: UNAVAILABLE: io exception
2019-11-14 12:27:13,230 [grpc-default-executor-2] INFO  impl.FollowerInfo (FollowerInfo.java:lambda$new$0(51)) - 00c62217-5fe8-4e7e-82ea-e9eb3a319654@group-687E5D4EE5B9->34945432-9180-41ca-be60-2140985b491a: nextIndex: updateUnconditionally 0 -> 0
2019-11-14 12:27:13,327 [EventQueue-ContainerReportForContainerReportHandler] WARN  container.ContainerReportHandler (AbstractContainerReportHandler.java:updateContainerState(145)) - Container #1 is in OPEN state, but the datanode 00c62217-5fe8-4e7e-82ea-e9eb3a319654{ip: 192.168.34.12, host: pr-hdds-2372-lnsqz-525025365, networkLocation: /default-rack, certSerialId: null} reports an CLOSED replica.
2019-11-14 12:27:13,428 [EventQueue-ContainerReportForContainerReportHandler] WARN  container.ContainerReportHandler (AbstractContainerReportHandler.java:updateContainerState(145)) - Container #1 is in OPEN state, but the datanode cd558214-326f-4a5f-9303-c2e363dc7cbf{ip: 192.168.34.12, host: pr-hdds-2372-lnsqz-525025365, networkLocation: /default-rack, certSerialId: null} reports an CLOSED replica.
2019-11-14 12:27:13,529 [EventQueue-ContainerReportForContainerReportHandler] WARN  container.ContainerReportHandler (AbstractContainerReportHandler.java:updateContainerState(145)) - Container #1 is in OPEN state, but the datanode 00c62217-5fe8-4e7e-82ea-e9eb3a319654{ip: 192.168.34.12, host: pr-hdds-2372-lnsqz-525025365, networkLocation: /default-rack, certSerialId: null} reports an CLOSED replica.
2019-11-14 12:27:13,647 [BlockDeletingService#2] WARN  background.BlockDeletingService (BlockDeletingService.java:isDeletionAllowed(187)) - Close Container log Index 6 is not replicated across allthe servers in the pipeline 3a9b6b08-a844-44f5-89a3-687e5d4ee5b9 as the min replicated index is 4. Deletion is not allowed in this container yet.
2019-11-14 12:27:13,647 [BlockDeletingService#2] WARN  background.BlockDeletingService (BlockDeletingService.java:isDeletionAllowed(187)) - Close Container log Index 6 is not replicated across allthe servers in the pipeline 3a9b6b08-a844-44f5-89a3-687e5d4ee5b9 as the min replicated index is 4. Deletion is not allowed in this container yet.
2019-11-14 12:27:13,729 [EventQueue-ContainerReportForContainerReportHandler] WARN  container.ContainerReportHandler (AbstractContainerReportHandler.java:updateContainerState(145)) - Container #1 is in OPEN state, but the datanode cd558214-326f-4a5f-9303-c2e363dc7cbf{ip: 192.168.34.12, host: pr-hdds-2372-lnsqz-525025365, networkLocation: /default-rack, certSerialId: null} reports an CLOSED replica.
2019-11-14 12:27:13,927 [EventQueue-ContainerReportForContainerReportHandler] WARN  container.ContainerReportHandler (AbstractContainerReportHandler.java:updateContainerState(145)) - Container #1 is in OPEN state, but the datanode 00c62217-5fe8-4e7e-82ea-e9eb3a319654{ip: 192.168.34.12, host: pr-hdds-2372-lnsqz-525025365, networkLocation: /default-rack, certSerialId: null} reports an CLOSED replica.
2019-11-14 12:27:14,027 [EventQueue-ContainerReportForContainerReportHandler] WARN  container.ContainerReportHandler (AbstractContainerReportHandler.java:updateContainerState(145)) - Container #1 is in OPEN state, but the datanode cd558214-326f-4a5f-9303-c2e363dc7cbf{ip: 192.168.34.12, host: pr-hdds-2372-lnsqz-525025365, networkLocation: /default-rack, certSerialId: null} reports an CLOSED replica.
2019-11-14 12:27:14,227 [EventQueue-ContainerReportForContainerReportHandler] WARN  container.ContainerReportHandler (AbstractContainerReportHandler.java:updateContainerState(145)) - Container #1 is in OPEN state, but the datanode 00c62217-5fe8-4e7e-82ea-e9eb3a319654{ip: 192.168.34.12, host: pr-hdds-2372-lnsqz-525025365, networkLocation: /default-rack, certSerialId: null} reports an CLOSED replica.
2019-11-14 12:27:14,327 [EventQueue-ContainerReportForContainerReportHandler] WARN  container.ContainerReportHandler (AbstractContainerReportHandler.java:updateContainerState(145)) - Container #1 is in OPEN state, but the datanode cd558214-326f-4a5f-9303-c2e363dc7cbf{ip: 192.168.34.12, host: pr-hdds-2372-lnsqz-525025365, networkLocation: /default-rack, certSerialId: null} reports an CLOSED replica.
2019-11-14 12:27:14,428 [EventQueue-ContainerReportForContainerReportHandler] WARN  container.ContainerReportHandler (AbstractContainerReportHandler.java:updateContainerState(145)) - Container #1 is in OPEN state, but the datanode 00c62217-5fe8-4e7e-82ea-e9eb3a319654{ip: 192.168.34.12, host: pr-hdds-2372-lnsqz-525025365, networkLocation: /default-rack, certSerialId: null} reports an CLOSED replica.
2019-11-14 12:27:14,628 [EventQueue-ContainerReportForContainerReportHandler] WARN  container.ContainerReportHandler (AbstractContainerReportHandler.java:updateContainerState(145)) - Container #1 is in OPEN state, but the datanode cd558214-326f-4a5f-9303-c2e363dc7cbf{ip: 192.168.34.12, host: pr-hdds-2372-lnsqz-525025365, networkLocation: /default-rack, certSerialId: null} reports an CLOSED replica.
2019-11-14 12:27:14,649 [BlockDeletingService#2] WARN  background.BlockDeletingService (BlockDeletingService.java:isDeletionAllowed(187)) - Close Container log Index 6 is not replicated across allthe servers in the pipeline 3a9b6b08-a844-44f5-89a3-687e5d4ee5b9 as the min replicated index is 4. Deletion is not allowed in this container yet.
2019-11-14 12:27:14,649 [BlockDeletingService#2] WARN  background.BlockDeletingService (BlockDeletingService.java:isDeletionAllowed(187)) - Close Container log Index 6 is not replicated across allthe servers in the pipeline 3a9b6b08-a844-44f5-89a3-687e5d4ee5b9 as the min replicated index is 4. Deletion is not allowed in this container yet.
2019-11-14 12:27:14,728 [EventQueue-ContainerReportForContainerReportHandler] WARN  container.ContainerReportHandler (AbstractContainerReportHandler.java:updateContainerState(145)) - Container #1 is in OPEN state, but the datanode 00c62217-5fe8-4e7e-82ea-e9eb3a319654{ip: 192.168.34.12, host: pr-hdds-2372-lnsqz-525025365, networkLocation: /default-rack, certSerialId: null} reports an CLOSED replica.
2019-11-14 12:27:15,027 [EventQueue-ContainerReportForContainerReportHandler] WARN  container.ContainerReportHandler (AbstractContainerReportHandler.java:updateContainerState(145)) - Container #1 is in OPEN state, but the datanode cd558214-326f-4a5f-9303-c2e363dc7cbf{ip: 192.168.34.12, host: pr-hdds-2372-lnsqz-525025365, networkLocation: /default-rack, certSerialId: null} reports an CLOSED replica.
2019-11-14 12:27:15,128 [EventQueue-ContainerReportForContainerReportHandler] WARN  container.ContainerReportHandler (AbstractContainerReportHandler.java:updateContainerState(145)) - Container #1 is in OPEN state, but the datanode 00c62217-5fe8-4e7e-82ea-e9eb3a319654{ip: 192.168.34.12, host: pr-hdds-2372-lnsqz-525025365, networkLocation: /default-rack, certSerialId: null} reports an CLOSED replica.
2019-11-14 12:27:15,327 [EventQueue-ContainerReportForContainerReportHandler] WARN  container.ContainerReportHandler (AbstractContainerReportHandler.java:updateContainerState(145)) - Container #1 is in OPEN state, but the datanode cd558214-326f-4a5f-9303-c2e363dc7cbf{ip: 192.168.34.12, host: pr-hdds-2372-lnsqz-525025365, networkLocation: /default-rack, certSerialId: null} reports an CLOSED replica.
2019-11-14 12:27:15,329 [EventQueue-ContainerReportForContainerReportHandler] WARN  container.ContainerReportHandler (AbstractContainerReportHandler.java:updateContainerState(145)) - Container #1 is in OPEN state, but the datanode 00c62217-5fe8-4e7e-82ea-e9eb3a319654{ip: 192.168.34.12, host: pr-hdds-2372-lnsqz-525025365, networkLocation: /default-rack, certSerialId: null} reports an CLOSED replica.
2019-11-14 12:27:15,528 [EventQueue-ContainerReportForContainerReportHandler] WARN  container.ContainerReportHandler (AbstractContainerReportHandler.java:updateContainerState(145)) - Container #1 is in OPEN state, but the datanode 00c62217-5fe8-4e7e-82ea-e9eb3a319654{ip: 192.168.34.12, host: pr-hdds-2372-lnsqz-525025365, networkLocation: /default-rack, certSerialId: null} reports an CLOSED replica.
2019-11-14 12:27:15,627 [EventQueue-ContainerReportForContainerReportHandler] WARN  container.ContainerReportHandler (AbstractContainerReportHandler.java:updateContainerState(145)) - Container #1 is in OPEN state, but the datanode cd558214-326f-4a5f-9303-c2e363dc7cbf{ip: 192.168.34.12, host: pr-hdds-2372-lnsqz-525025365, networkLocation: /default-rack, certSerialId: null} reports an CLOSED replica.
2019-11-14 12:27:15,651 [BlockDeletingService#2] WARN  background.BlockDeletingService (BlockDeletingService.java:isDeletionAllowed(187)) - Close Container log Index 6 is not replicated across allthe servers in the pipeline 3a9b6b08-a844-44f5-89a3-687e5d4ee5b9 as the min replicated index is 4. Deletion is not allowed in this container yet.
2019-11-14 12:27:15,651 [BlockDeletingService#2] WARN  background.BlockDeletingService (BlockDeletingService.java:isDeletionAllowed(187)) - Close Container log Index 6 is not replicated across allthe servers in the pipeline 3a9b6b08-a844-44f5-89a3-687e5d4ee5b9 as the min replicated index is 4. Deletion is not allowed in this container yet.
2019-11-14 12:27:15,729 [EventQueue-ContainerReportForContainerReportHandler] WARN  container.ContainerReportHandler (AbstractContainerReportHandler.java:updateContainerState(145)) - Container #1 is in OPEN state, but the datanode 00c62217-5fe8-4e7e-82ea-e9eb3a319654{ip: 192.168.34.12, host: pr-hdds-2372-lnsqz-525025365, networkLocation: /default-rack, certSerialId: null} reports an CLOSED replica.
2019-11-14 12:27:15,734 [grpc-default-executor-2] WARN  server.GrpcLogAppender (LogUtils.java:warn(134)) - 00c62217-5fe8-4e7e-82ea-e9eb3a319654@group-687E5D4EE5B9->34945432-9180-41ca-be60-2140985b491a-AppendLogResponseHandler: Failed appendEntries: org.apache.ratis.thirdparty.io.grpc.StatusRuntimeException: UNAVAILABLE: io exception
2019-11-14 12:27:15,735 [grpc-default-executor-2] INFO  impl.FollowerInfo (FollowerInfo.java:lambda$new$0(51)) - 00c62217-5fe8-4e7e-82ea-e9eb3a319654@group-687E5D4EE5B9->34945432-9180-41ca-be60-2140985b491a: nextIndex: updateUnconditionally 0 -> 0
2019-11-14 12:27:15,828 [EventQueue-ContainerReportForContainerReportHandler] WARN  container.ContainerReportHandler (AbstractContainerReportHandler.java:updateContainerState(145)) - Container #1 is in OPEN state, but the datanode cd558214-326f-4a5f-9303-c2e363dc7cbf{ip: 192.168.34.12, host: pr-hdds-2372-lnsqz-525025365, networkLocation: /default-rack, certSerialId: null} reports an CLOSED replica.
2019-11-14 12:27:16,131 [EventQueue-ContainerReportForContainerReportHandler] WARN  container.ContainerReportHandler (AbstractContainerReportHandler.java:updateContainerState(145)) - Container #1 is in OPEN state, but the datanode 00c62217-5fe8-4e7e-82ea-e9eb3a319654{ip: 192.168.34.12, host: pr-hdds-2372-lnsqz-525025365, networkLocation: /default-rack, certSerialId: null} reports an CLOSED replica.
2019-11-14 12:27:16,132 [EventQueue-ContainerReportForContainerReportHandler] WARN  container.ContainerReportHandler (AbstractContainerReportHandler.java:updateContainerState(145)) - Container #1 is in OPEN state, but the datanode cd558214-326f-4a5f-9303-c2e363dc7cbf{ip: 192.168.34.12, host: pr-hdds-2372-lnsqz-525025365, networkLocation: /default-rack, certSerialId: null} reports an CLOSED replica.
2019-11-14 12:27:16,431 [EventQueue-ContainerReportForContainerReportHandler] WARN  container.ContainerReportHandler (AbstractContainerReportHandler.java:updateContainerState(145)) - Container #1 is in OPEN state, but the datanode 00c62217-5fe8-4e7e-82ea-e9eb3a319654{ip: 192.168.34.12, host: pr-hdds-2372-lnsqz-525025365, networkLocation: /default-rack, certSerialId: null} reports an CLOSED replica.
2019-11-14 12:27:16,529 [EventQueue-ContainerReportForContainerReportHandler] WARN  container.ContainerReportHandler (AbstractContainerReportHandler.java:updateContainerState(145)) - Container #1 is in OPEN state, but the datanode cd558214-326f-4a5f-9303-c2e363dc7cbf{ip: 192.168.34.12, host: pr-hdds-2372-lnsqz-525025365, networkLocation: /default-rack, certSerialId: null} reports an CLOSED replica.
2019-11-14 12:27:16,653 [BlockDeletingService#2] WARN  background.BlockDeletingService (BlockDeletingService.java:isDeletionAllowed(187)) - Close Container log Index 6 is not replicated across allthe servers in the pipeline 3a9b6b08-a844-44f5-89a3-687e5d4ee5b9 as the min replicated index is 4. Deletion is not allowed in this container yet.
2019-11-14 12:27:16,653 [BlockDeletingService#2] WARN  background.BlockDeletingService (BlockDeletingService.java:isDeletionAllowed(187)) - Close Container log Index 6 is not replicated across allthe servers in the pipeline 3a9b6b08-a844-44f5-89a3-687e5d4ee5b9 as the min replicated index is 4. Deletion is not allowed in this container yet.
2019-11-14 12:27:16,829 [EventQueue-ContainerReportForContainerReportHandler] WARN  container.ContainerReportHandler (AbstractContainerReportHandler.java:updateContainerState(145)) - Container #1 is in OPEN state, but the datanode cd558214-326f-4a5f-9303-c2e363dc7cbf{ip: 192.168.34.12, host: pr-hdds-2372-lnsqz-525025365, networkLocation: /default-rack, certSerialId: null} reports an CLOSED replica.
2019-11-14 12:27:16,830 [EventQueue-ContainerReportForContainerReportHandler] WARN  container.ContainerReportHandler (AbstractContainerReportHandler.java:updateContainerState(145)) - Container #1 is in OPEN state, but the datanode 00c62217-5fe8-4e7e-82ea-e9eb3a319654{ip: 192.168.34.12, host: pr-hdds-2372-lnsqz-525025365, networkLocation: /default-rack, certSerialId: null} reports an CLOSED replica.
2019-11-14 12:27:17,030 [EventQueue-ContainerReportForContainerReportHandler] WARN  container.ContainerReportHandler (AbstractContainerReportHandler.java:updateContainerState(145)) - Container #1 is in OPEN state, but the datanode cd558214-326f-4a5f-9303-c2e363dc7cbf{ip: 192.168.34.12, host: pr-hdds-2372-lnsqz-525025365, networkLocation: /default-rack, certSerialId: null} reports an CLOSED replica.
2019-11-14 12:27:17,130 [EventQueue-ContainerReportForContainerReportHandler] WARN  container.ContainerReportHandler (AbstractContainerReportHandler.java:updateContainerState(145)) - Container #1 is in OPEN state, but the datanode 00c62217-5fe8-4e7e-82ea-e9eb3a319654{ip: 192.168.34.12, host: pr-hdds-2372-lnsqz-525025365, networkLocation: /default-rack, certSerialId: null} reports an CLOSED replica.
2019-11-14 12:27:17,330 [EventQueue-ContainerReportForContainerReportHandler] WARN  container.ContainerReportHandler (AbstractContainerReportHandler.java:updateContainerState(145)) - Container #1 is in OPEN state, but the datanode cd558214-326f-4a5f-9303-c2e363dc7cbf{ip: 192.168.34.12, host: pr-hdds-2372-lnsqz-525025365, networkLocation: /default-rack, certSerialId: null} reports an CLOSED replica.
2019-11-14 12:27:17,430 [EventQueue-ContainerReportForContainerReportHandler] WARN  container.ContainerReportHandler (AbstractContainerReportHandler.java:updateContainerState(145)) - Container #1 is in OPEN state, but the datanode 00c62217-5fe8-4e7e-82ea-e9eb3a319654{ip: 192.168.34.12, host: pr-hdds-2372-lnsqz-525025365, networkLocation: /default-rack, certSerialId: null} reports an CLOSED replica.
2019-11-14 12:27:17,655 [BlockDeletingService#2] WARN  background.BlockDeletingService (BlockDeletingService.java:isDeletionAllowed(187)) - Close Container log Index 6 is not replicated across allthe servers in the pipeline 3a9b6b08-a844-44f5-89a3-687e5d4ee5b9 as the min replicated index is 4. Deletion is not allowed in this container yet.
2019-11-14 12:27:17,655 [BlockDeletingService#2] WARN  background.BlockDeletingService (BlockDeletingService.java:isDeletionAllowed(187)) - Close Container log Index 6 is not replicated across allthe servers in the pipeline 3a9b6b08-a844-44f5-89a3-687e5d4ee5b9 as the min replicated index is 4. Deletion is not allowed in this container yet.
2019-11-14 12:27:17,729 [EventQueue-ContainerReportForContainerReportHandler] WARN  container.ContainerReportHandler (AbstractContainerReportHandler.java:updateContainerState(145)) - Container #1 is in OPEN state, but the datanode cd558214-326f-4a5f-9303-c2e363dc7cbf{ip: 192.168.34.12, host: pr-hdds-2372-lnsqz-525025365, networkLocation: /default-rack, certSerialId: null} reports an CLOSED replica.
2019-11-14 12:27:17,830 [EventQueue-ContainerReportForContainerReportHandler] WARN  container.ContainerReportHandler (AbstractContainerReportHandler.java:updateContainerState(145)) - Container #1 is in OPEN state, but the datanode 00c62217-5fe8-4e7e-82ea-e9eb3a319654{ip: 192.168.34.12, host: pr-hdds-2372-lnsqz-525025365, networkLocation: /default-rack, certSerialId: null} reports an CLOSED replica.
2019-11-14 12:27:17,930 [EventQueue-ContainerReportForContainerReportHandler] WARN  container.ContainerReportHandler (AbstractContainerReportHandler.java:updateContainerState(145)) - Container #1 is in OPEN state, but the datanode cd558214-326f-4a5f-9303-c2e363dc7cbf{ip: 192.168.34.12, host: pr-hdds-2372-lnsqz-525025365, networkLocation: /default-rack, certSerialId: null} reports an CLOSED replica.
2019-11-14 12:27:18,131 [EventQueue-ContainerReportForContainerReportHandler] WARN  container.ContainerReportHandler (AbstractContainerReportHandler.java:updateContainerState(145)) - Container #1 is in OPEN state, but the datanode 00c62217-5fe8-4e7e-82ea-e9eb3a319654{ip: 192.168.34.12, host: pr-hdds-2372-lnsqz-525025365, networkLocation: /default-rack, certSerialId: null} reports an CLOSED replica.
2019-11-14 12:27:18,231 [EventQueue-ContainerReportForContainerReportHandler] WARN  container.ContainerReportHandler (AbstractContainerReportHandler.java:updateContainerState(145)) - Container #1 is in OPEN state, but the datanode cd558214-326f-4a5f-9303-c2e363dc7cbf{ip: 192.168.34.12, host: pr-hdds-2372-lnsqz-525025365, networkLocation: /default-rack, certSerialId: null} reports an CLOSED replica.
2019-11-14 12:27:18,238 [grpc-default-executor-3] WARN  server.GrpcLogAppender (LogUtils.java:warn(134)) - 00c62217-5fe8-4e7e-82ea-e9eb3a319654@group-687E5D4EE5B9->34945432-9180-41ca-be60-2140985b491a-AppendLogResponseHandler: Failed appendEntries: org.apache.ratis.thirdparty.io.grpc.StatusRuntimeException: UNAVAILABLE: io exception
2019-11-14 12:27:18,239 [grpc-default-executor-3] INFO  impl.FollowerInfo (FollowerInfo.java:lambda$new$0(51)) - 00c62217-5fe8-4e7e-82ea-e9eb3a319654@group-687E5D4EE5B9->34945432-9180-41ca-be60-2140985b491a: nextIndex: updateUnconditionally 0 -> 0
2019-11-14 12:27:18,433 [EventQueue-ContainerReportForContainerReportHandler] WARN  container.ContainerReportHandler (AbstractContainerReportHandler.java:updateContainerState(145)) - Container #1 is in OPEN state, but the datanode cd558214-326f-4a5f-9303-c2e363dc7cbf{ip: 192.168.34.12, host: pr-hdds-2372-lnsqz-525025365, networkLocation: /default-rack, certSerialId: null} reports an CLOSED replica.
2019-11-14 12:27:18,433 [EventQueue-ContainerReportForContainerReportHandler] WARN  container.ContainerReportHandler (AbstractContainerReportHandler.java:updateContainerState(145)) - Container #1 is in OPEN state, but the datanode 00c62217-5fe8-4e7e-82ea-e9eb3a319654{ip: 192.168.34.12, host: pr-hdds-2372-lnsqz-525025365, networkLocation: /default-rack, certSerialId: null} reports an CLOSED replica.
2019-11-14 12:27:18,635 [EventQueue-ContainerReportForContainerReportHandler] WARN  container.ContainerReportHandler (AbstractContainerReportHandler.java:updateContainerState(145)) - Container #1 is in OPEN state, but the datanode 00c62217-5fe8-4e7e-82ea-e9eb3a319654{ip: 192.168.34.12, host: pr-hdds-2372-lnsqz-525025365, networkLocation: /default-rack, certSerialId: null} reports an CLOSED replica.
2019-11-14 12:27:18,657 [BlockDeletingService#2] WARN  background.BlockDeletingService (BlockDeletingService.java:isDeletionAllowed(187)) - Close Container log Index 6 is not replicated across allthe servers in the pipeline 3a9b6b08-a844-44f5-89a3-687e5d4ee5b9 as the min replicated index is 4. Deletion is not allowed in this container yet.
2019-11-14 12:27:18,657 [BlockDeletingService#2] WARN  background.BlockDeletingService (BlockDeletingService.java:isDeletionAllowed(187)) - Close Container log Index 6 is not replicated across allthe servers in the pipeline 3a9b6b08-a844-44f5-89a3-687e5d4ee5b9 as the min replicated index is 4. Deletion is not allowed in this container yet.
2019-11-14 12:27:18,834 [EventQueue-ContainerReportForContainerReportHandler] WARN  container.ContainerReportHandler (AbstractContainerReportHandler.java:updateContainerState(145)) - Container #1 is in OPEN state, but the datanode cd558214-326f-4a5f-9303-c2e363dc7cbf{ip: 192.168.34.12, host: pr-hdds-2372-lnsqz-525025365, networkLocation: /default-rack, certSerialId: null} reports an CLOSED replica.
2019-11-14 12:27:18,934 [EventQueue-ContainerReportForContainerReportHandler] WARN  container.ContainerReportHandler (AbstractContainerReportHandler.java:updateContainerState(145)) - Container #1 is in OPEN state, but the datanode 00c62217-5fe8-4e7e-82ea-e9eb3a319654{ip: 192.168.34.12, host: pr-hdds-2372-lnsqz-525025365, networkLocation: /default-rack, certSerialId: null} reports an CLOSED replica.
2019-11-14 12:27:19,034 [EventQueue-ContainerReportForContainerReportHandler] WARN  container.ContainerReportHandler (AbstractContainerReportHandler.java:updateContainerState(145)) - Container #1 is in OPEN state, but the datanode cd558214-326f-4a5f-9303-c2e363dc7cbf{ip: 192.168.34.12, host: pr-hdds-2372-lnsqz-525025365, networkLocation: /default-rack, certSerialId: null} reports an CLOSED replica.
2019-11-14 12:27:19,235 [EventQueue-ContainerReportForContainerReportHandler] WARN  container.ContainerReportHandler (AbstractContainerReportHandler.java:updateContainerState(145)) - Container #1 is in OPEN state, but the datanode 00c62217-5fe8-4e7e-82ea-e9eb3a319654{ip: 192.168.34.12, host: pr-hdds-2372-lnsqz-525025365, networkLocation: /default-rack, certSerialId: null} reports an CLOSED replica.
2019-11-14 12:27:19,335 [EventQueue-ContainerReportForContainerReportHandler] WARN  container.ContainerReportHandler (AbstractContainerReportHandler.java:updateContainerState(145)) - Container #1 is in OPEN state, but the datanode cd558214-326f-4a5f-9303-c2e363dc7cbf{ip: 192.168.34.12, host: pr-hdds-2372-lnsqz-525025365, networkLocation: /default-rack, certSerialId: null} reports an CLOSED replica.
2019-11-14 12:27:19,537 [EventQueue-ContainerReportForContainerReportHandler] WARN  container.ContainerReportHandler (AbstractContainerReportHandler.java:updateContainerState(145)) - Container #1 is in OPEN state, but the datanode 00c62217-5fe8-4e7e-82ea-e9eb3a319654{ip: 192.168.34.12, host: pr-hdds-2372-lnsqz-525025365, networkLocation: /default-rack, certSerialId: null} reports an CLOSED replica.
2019-11-14 12:27:19,660 [BlockDeletingService#2] WARN  background.BlockDeletingService (BlockDeletingService.java:isDeletionAllowed(187)) - Close Container log Index 6 is not replicated across allthe servers in the pipeline 3a9b6b08-a844-44f5-89a3-687e5d4ee5b9 as the min replicated index is 4. Deletion is not allowed in this container yet.
2019-11-14 12:27:19,660 [BlockDeletingService#2] WARN  background.BlockDeletingService (BlockDeletingService.java:isDeletionAllowed(187)) - Close Container log Index 6 is not replicated across allthe servers in the pipeline 3a9b6b08-a844-44f5-89a3-687e5d4ee5b9 as the min replicated index is 4. Deletion is not allowed in this container yet.
2019-11-14 12:27:19,735 [EventQueue-ContainerReportForContainerReportHandler] WARN  container.ContainerReportHandler (AbstractContainerReportHandler.java:updateContainerState(145)) - Container #1 is in OPEN state, but the datanode cd558214-326f-4a5f-9303-c2e363dc7cbf{ip: 192.168.34.12, host: pr-hdds-2372-lnsqz-525025365, networkLocation: /default-rack, certSerialId: null} reports an CLOSED replica.
2019-11-14 12:27:19,777 [Thread-530] INFO  client.GrpcClientProtocolService (GrpcClientProtocolService.java:lambda$processClientRequest$0(279)) - Failed RaftClientRequest:client-E39780D61DFF->cd558214-326f-4a5f-9303-c2e363dc7cbf@group-687E5D4EE5B9, cid=23, seq=0, Watch-ALL_COMMITTED(6), Message:<EMPTY>, reply=RaftClientReply:client-E39780D61DFF->cd558214-326f-4a5f-9303-c2e363dc7cbf@group-687E5D4EE5B9, cid=23, FAILED org.apache.ratis.protocol.NotLeaderException: Server cd558214-326f-4a5f-9303-c2e363dc7cbf@group-687E5D4EE5B9 is not the leader 00c62217-5fe8-4e7e-82ea-e9eb3a319654:192.168.34.12:43981, logIndex=0, commits[cd558214-326f-4a5f-9303-c2e363dc7cbf:c10, 00c62217-5fe8-4e7e-82ea-e9eb3a319654:c10, 34945432-9180-41ca-be60-2140985b491a:c4]
2019-11-14 12:27:19,835 [EventQueue-ContainerReportForContainerReportHandler] WARN  container.ContainerReportHandler (AbstractContainerReportHandler.java:updateContainerState(145)) - Container #1 is in OPEN state, but the datanode 00c62217-5fe8-4e7e-82ea-e9eb3a319654{ip: 192.168.34.12, host: pr-hdds-2372-lnsqz-525025365, networkLocation: /default-rack, certSerialId: null} reports an CLOSED replica.
2019-11-14 12:27:20,034 [EventQueue-ContainerReportForContainerReportHandler] WARN  container.ContainerReportHandler (AbstractContainerReportHandler.java:updateContainerState(145)) - Container #1 is in OPEN state, but the datanode cd558214-326f-4a5f-9303-c2e363dc7cbf{ip: 192.168.34.12, host: pr-hdds-2372-lnsqz-525025365, networkLocation: /default-rack, certSerialId: null} reports an CLOSED replica.
2019-11-14 12:27:20,235 [EventQueue-ContainerReportForContainerReportHandler] WARN  container.ContainerReportHandler (AbstractContainerReportHandler.java:updateContainerState(145)) - Container #1 is in OPEN state, but the datanode 00c62217-5fe8-4e7e-82ea-e9eb3a319654{ip: 192.168.34.12, host: pr-hdds-2372-lnsqz-525025365, networkLocation: /default-rack, certSerialId: null} reports an CLOSED replica.
2019-11-14 12:27:20,242 [EventQueue-StaleNodeForStaleNodeHandler] INFO  node.StaleNodeHandler (StaleNodeHandler.java:onMessage(58)) - Datanode 34945432-9180-41ca-be60-2140985b491a{ip: 192.168.34.12, host: pr-hdds-2372-lnsqz-525025365, networkLocation: /default-rack, certSerialId: null} moved to stale state. Finalizing its pipelines [PipelineID=3a9b6b08-a844-44f5-89a3-687e5d4ee5b9, PipelineID=b841183f-7ad5-4435-9c95-983d1e9aa262]
2019-11-14 12:27:20,245 [EventQueue-StaleNodeForStaleNodeHandler] INFO  pipeline.SCMPipelineManager (SCMPipelineManager.java:finalizeAndDestroyPipeline(315)) - destroying pipeline:Pipeline[ Id: 3a9b6b08-a844-44f5-89a3-687e5d4ee5b9, Nodes: cd558214-326f-4a5f-9303-c2e363dc7cbf{ip: 192.168.34.12, host: pr-hdds-2372-lnsqz-525025365, networkLocation: /default-rack, certSerialId: null}00c62217-5fe8-4e7e-82ea-e9eb3a319654{ip: 192.168.34.12, host: pr-hdds-2372-lnsqz-525025365, networkLocation: /default-rack, certSerialId: null}34945432-9180-41ca-be60-2140985b491a{ip: 192.168.34.12, host: pr-hdds-2372-lnsqz-525025365, networkLocation: /default-rack, certSerialId: null}, Type:RATIS, Factor:THREE, State:OPEN]
2019-11-14 12:27:20,246 [EventQueue-StaleNodeForStaleNodeHandler] INFO  pipeline.PipelineStateManager (PipelineStateManager.java:finalizePipeline(121)) - Pipeline Pipeline[ Id: 3a9b6b08-a844-44f5-89a3-687e5d4ee5b9, Nodes: cd558214-326f-4a5f-9303-c2e363dc7cbf{ip: 192.168.34.12, host: pr-hdds-2372-lnsqz-525025365, networkLocation: /default-rack, certSerialId: null}00c62217-5fe8-4e7e-82ea-e9eb3a319654{ip: 192.168.34.12, host: pr-hdds-2372-lnsqz-525025365, networkLocation: /default-rack, certSerialId: null}34945432-9180-41ca-be60-2140985b491a{ip: 192.168.34.12, host: pr-hdds-2372-lnsqz-525025365, networkLocation: /default-rack, certSerialId: null}, Type:RATIS, Factor:THREE, State:CLOSED] moved to CLOSED state
2019-11-14 12:27:20,246 [EventQueue-CloseContainerForCloseContainerEventHandler] INFO  container.CloseContainerEventHandler (CloseContainerEventHandler.java:onMessage(61)) - Close container Event triggered for container : #1
2019-11-14 12:27:20,249 [EventQueue-StaleNodeForStaleNodeHandler] INFO  pipeline.SCMPipelineManager (SCMPipelineManager.java:finalizeAndDestroyPipeline(315)) - destroying pipeline:Pipeline[ Id: b841183f-7ad5-4435-9c95-983d1e9aa262, Nodes: 34945432-9180-41ca-be60-2140985b491a{ip: 192.168.34.12, host: pr-hdds-2372-lnsqz-525025365, networkLocation: /default-rack, certSerialId: null}, Type:RATIS, Factor:ONE, State:OPEN]
2019-11-14 12:27:20,250 [EventQueue-StaleNodeForStaleNodeHandler] INFO  pipeline.PipelineStateManager (PipelineStateManager.java:finalizePipeline(121)) - Pipeline Pipeline[ Id: b841183f-7ad5-4435-9c95-983d1e9aa262, Nodes: 34945432-9180-41ca-be60-2140985b491a{ip: 192.168.34.12, host: pr-hdds-2372-lnsqz-525025365, networkLocation: /default-rack, certSerialId: null}, Type:RATIS, Factor:ONE, State:CLOSED] moved to CLOSED state
2019-11-14 12:27:20,435 [EventQueue-ContainerReportForContainerReportHandler] INFO  container.ContainerReportHandler (AbstractContainerReportHandler.java:updateContainerState(178)) - Moving container #1 to CLOSED state, datanode cd558214-326f-4a5f-9303-c2e363dc7cbf{ip: 192.168.34.12, host: pr-hdds-2372-lnsqz-525025365, networkLocation: /default-rack, certSerialId: null} reported CLOSED replica.
2019-11-14 12:27:20,662 [BlockDeletingService#2] WARN  background.BlockDeletingService (BlockDeletingService.java:isDeletionAllowed(187)) - Close Container log Index 6 is not replicated across allthe servers in the pipeline 3a9b6b08-a844-44f5-89a3-687e5d4ee5b9 as the min replicated index is 4. Deletion is not allowed in this container yet.
2019-11-14 12:27:20,662 [BlockDeletingService#2] WARN  background.BlockDeletingService (BlockDeletingService.java:isDeletionAllowed(187)) - Close Container log Index 6 is not replicated across allthe servers in the pipeline 3a9b6b08-a844-44f5-89a3-687e5d4ee5b9 as the min replicated index is 4. Deletion is not allowed in this container yet.
2019-11-14 12:27:20,739 [grpc-default-executor-0] WARN  server.GrpcLogAppender (LogUtils.java:warn(134)) - 00c62217-5fe8-4e7e-82ea-e9eb3a319654@group-687E5D4EE5B9->34945432-9180-41ca-be60-2140985b491a-AppendLogResponseHandler: Failed appendEntries: org.apache.ratis.thirdparty.io.grpc.StatusRuntimeException: UNAVAILABLE: io exception
2019-11-14 12:27:20,740 [grpc-default-executor-0] INFO  impl.FollowerInfo (FollowerInfo.java:lambda$new$0(51)) - 00c62217-5fe8-4e7e-82ea-e9eb3a319654@group-687E5D4EE5B9->34945432-9180-41ca-be60-2140985b491a: nextIndex: updateUnconditionally 0 -> 0
2019-11-14 12:27:20,756 [Thread-538] INFO  client.GrpcClientProtocolService (GrpcClientProtocolService.java:lambda$processClientRequest$0(279)) - Failed RaftClientRequest:client-E39780D61DFF->00c62217-5fe8-4e7e-82ea-e9eb3a319654@group-687E5D4EE5B9, cid=23, seq=0, Watch-ALL_COMMITTED(6), Message:<EMPTY>, reply=RaftClientReply:client-E39780D61DFF->00c62217-5fe8-4e7e-82ea-e9eb3a319654@group-687E5D4EE5B9, cid=23, FAILED org.apache.ratis.protocol.NotReplicatedException: Request with call Id 23 and log index 6 is not yet replicated to ALL_COMMITTED, logIndex=6, commits[00c62217-5fe8-4e7e-82ea-e9eb3a319654:c10, 34945432-9180-41ca-be60-2140985b491a:c4, cd558214-326f-4a5f-9303-c2e363dc7cbf:c10]
2019-11-14 12:27:21,019 [SCMBlockDeletingService#1] INFO  block.SCMBlockDeletingService (SCMBlockDeletingService.java:call(184)) - Totally added 3 delete blocks command for 3 datanodes, task elapsed time: 3ms
2019-11-14 12:27:21,036 [EventQueue-PendingDeleteStatusForPendingDeleteHandler] INFO  block.SCMBlockDeletingService (SCMBlockDeletingService.java:handlePendingDeletes(115)) - Block deletion txnID mismatch in datanode 00c62217-5fe8-4e7e-82ea-e9eb3a319654 for containerID 1. Datanode delete txnID: 0, SCM txnID: 1
2019-11-14 12:27:21,135 [EventQueue-PendingDeleteStatusForPendingDeleteHandler] INFO  block.SCMBlockDeletingService (SCMBlockDeletingService.java:handlePendingDeletes(115)) - Block deletion txnID mismatch in datanode cd558214-326f-4a5f-9303-c2e363dc7cbf for containerID 1. Datanode delete txnID: 0, SCM txnID: 1
2019-11-14 12:27:21,136 [Command processor thread] INFO  commandhandler.DeleteBlocksCommandHandler (DeleteBlocksCommandHandler.java:handle(106)) - Start to delete container blocks, TXIDs=[1(0)], numOfContainers=1, numOfBlocks=1
]]></system-out>
    <system-err><![CDATA[ERROR StatusLogger No Log4j 2 configuration file found. Using default configuration (logging only errors to the console), or user programmatically provided configurations. Set system property 'log4j2.debug' to show Log4j 2 internal initialization logging. See https://logging.apache.org/log4j/2.x/manual/configuration.html for instructions on how to configure Log4j 2
Nov 14, 2019 12:25:45 PM org.apache.ratis.thirdparty.io.grpc.internal.SerializingExecutor run
SEVERE: Exception while executing runnable org.apache.ratis.thirdparty.io.grpc.internal.ServerImpl$JumpToApplicationThreadServerStreamListener$1Closed@76e3baa3
org.apache.ratis.thirdparty.io.grpc.StatusRuntimeException: CANCELLED: call already cancelled
	at org.apache.ratis.thirdparty.io.grpc.Status.asRuntimeException(Status.java:517)
	at org.apache.ratis.thirdparty.io.grpc.stub.ServerCalls$ServerCallStreamObserverImpl.onCompleted(ServerCalls.java:356)
	at org.apache.ratis.grpc.server.GrpcServerProtocolService$ServerRequestStreamObserver.onError(GrpcServerProtocolService.java:121)
	at org.apache.ratis.thirdparty.io.grpc.stub.ServerCalls$StreamingServerCallHandler$StreamingServerCallListener.onCancel(ServerCalls.java:269)
	at org.apache.ratis.thirdparty.io.grpc.internal.ServerCallImpl$ServerStreamListenerImpl.closed(ServerCallImpl.java:293)
	at org.apache.ratis.thirdparty.io.grpc.internal.ServerImpl$JumpToApplicationThreadServerStreamListener$1Closed.runInContext(ServerImpl.java:741)
	at org.apache.ratis.thirdparty.io.grpc.internal.ContextRunnable.run(ContextRunnable.java:37)
	at org.apache.ratis.thirdparty.io.grpc.internal.SerializingExecutor.run(SerializingExecutor.java:123)
	at java.util.concurrent.ThreadPoolExecutor.runWorker(ThreadPoolExecutor.java:1149)
	at java.util.concurrent.ThreadPoolExecutor$Worker.run(ThreadPoolExecutor.java:624)
	at java.lang.Thread.run(Thread.java:748)

]]></system-err>
  </testcase>
</testsuite>