<?xml version="1.0" encoding="UTF-8"?>
<testsuite xmlns:xsi="http://www.w3.org/2001/XMLSchema-instance" xsi:noNamespaceSchemaLocation="https://maven.apache.org/surefire/maven-surefire-plugin/xsd/surefire-test-report.xsd" name="org.apache.hadoop.ozone.freon.TestFreonWithPipelineDestroy" time="47.396" tests="1" errors="1" skipped="0" failures="0">
  <properties>
    <property name="awt.toolkit" value="sun.awt.X11.XToolkit"/>
    <property name="file.encoding.pkg" value="sun.io"/>
    <property name="java.specification.version" value="1.8"/>
    <property name="sun.cpu.isalist" value=""/>
    <property name="sun.jnu.encoding" value="ANSI_X3.4-1968"/>
    <property name="java.class.path" value="/workdir/hadoop-ozone/tools/target/test-classes:/workdir/hadoop-ozone/tools/target/classes:/home/user/.m2/repository/org/apache/hadoop/hadoop-ozone-ozone-manager/0.5.0-SNAPSHOT/hadoop-ozone-ozone-manager-0.5.0-SNAPSHOT.jar:/home/user/.m2/repository/org/apache/hadoop/hadoop-hdds-docs/0.5.0-SNAPSHOT/hadoop-hdds-docs-0.5.0-SNAPSHOT.jar:/home/user/.m2/repository/org/bouncycastle/bcprov-jdk15on/1.60/bcprov-jdk15on-1.60.jar:/home/user/.m2/repository/org/apache/hadoop/hadoop-ozone-common/0.5.0-SNAPSHOT/hadoop-ozone-common-0.5.0-SNAPSHOT.jar:/home/user/.m2/repository/org/apache/commons/commons-compress/1.4.1/commons-compress-1.4.1.jar:/home/user/.m2/repository/org/tukaani/xz/1.0/xz-1.0.jar:/home/user/.m2/repository/org/apache/hadoop/hadoop-hdfs-client/3.2.0/hadoop-hdfs-client-3.2.0.jar:/home/user/.m2/repository/com/fasterxml/jackson/core/jackson-annotations/2.9.9/jackson-annotations-2.9.9.jar:/home/user/.m2/repository/org/apache/hadoop/hadoop-hdds-common/0.5.0-SNAPSHOT/hadoop-hdds-common-0.5.0-SNAPSHOT.jar:/home/user/.m2/repository/org/apache/hadoop/hadoop-hdds-config/0.5.0-SNAPSHOT/hadoop-hdds-config-0.5.0-SNAPSHOT.jar:/home/user/.m2/repository/javax/annotation/javax.annotation-api/1.2/javax.annotation-api-1.2.jar:/home/user/.m2/repository/org/apache/ratis/ratis-server/0.5.0-d6d58d0-SNAPSHOT/ratis-server-0.5.0-d6d58d0-SNAPSHOT.jar:/home/user/.m2/repository/org/apache/ratis/ratis-thirdparty-misc/0.2.0/ratis-thirdparty-misc-0.2.0.jar:/home/user/.m2/repository/org/apache/ratis/ratis-proto/0.5.0-d6d58d0-SNAPSHOT/ratis-proto-0.5.0-d6d58d0-SNAPSHOT.jar:/home/user/.m2/repository/org/apache/ratis/ratis-common/0.5.0-d6d58d0-SNAPSHOT/ratis-common-0.5.0-d6d58d0-SNAPSHOT.jar:/home/user/.m2/repository/org/apache/ratis/ratis-client/0.5.0-d6d58d0-SNAPSHOT/ratis-client-0.5.0-d6d58d0-SNAPSHOT.jar:/home/user/.m2/repository/org/apache/ratis/ratis-metrics/0.5.0-d6d58d0-SNAPSHOT/ratis-metrics-0.5.0-d6d58d0-SNAPSHOT.jar:/home/user/.m2/repository/org/apache/ratis/ratis-netty/0.5.0-d6d58d0-SNAPSHOT/ratis-netty-0.5.0-d6d58d0-SNAPSHOT.jar:/home/user/.m2/repository/org/apache/ratis/ratis-grpc/0.5.0-d6d58d0-SNAPSHOT/ratis-grpc-0.5.0-d6d58d0-SNAPSHOT.jar:/home/user/.m2/repository/org/rocksdb/rocksdbjni/6.0.1/rocksdbjni-6.0.1.jar:/home/user/.m2/repository/org/apache/logging/log4j/log4j-api/2.11.0/log4j-api-2.11.0.jar:/home/user/.m2/repository/org/apache/logging/log4j/log4j-core/2.11.0/log4j-core-2.11.0.jar:/home/user/.m2/repository/com/lmax/disruptor/3.4.2/disruptor-3.4.2.jar:/home/user/.m2/repository/org/apache/commons/commons-pool2/2.6.0/commons-pool2-2.6.0.jar:/home/user/.m2/repository/org/bouncycastle/bcpkix-jdk15on/1.60/bcpkix-jdk15on-1.60.jar:/home/user/.m2/repository/commons-validator/commons-validator/1.6/commons-validator-1.6.jar:/home/user/.m2/repository/commons-digester/commons-digester/1.8.1/commons-digester-1.8.1.jar:/home/user/.m2/repository/io/jaegertracing/jaeger-client/0.34.0/jaeger-client-0.34.0.jar:/home/user/.m2/repository/io/jaegertracing/jaeger-thrift/0.34.0/jaeger-thrift-0.34.0.jar:/home/user/.m2/repository/org/apache/thrift/libthrift/0.12.0/libthrift-0.12.0.jar:/home/user/.m2/repository/com/squareup/okhttp3/okhttp/3.9.0/okhttp-3.9.0.jar:/home/user/.m2/repository/com/squareup/okio/okio/1.13.0/okio-1.13.0.jar:/home/user/.m2/repository/io/jaegertracing/jaeger-core/0.34.0/jaeger-core-0.34.0.jar:/home/user/.m2/repository/io/jaegertracing/jaeger-tracerresolver/0.34.0/jaeger-tracerresolver-0.34.0.jar:/home/user/.m2/repository/io/opentracing/contrib/opentracing-tracerresolver/0.1.5/opentracing-tracerresolver-0.1.5.jar:/home/user/.m2/repository/io/opentracing/opentracing-util/0.31.0/opentracing-util-0.31.0.jar:/home/user/.m2/repository/io/opentracing/opentracing-api/0.31.0/opentracing-api-0.31.0.jar:/home/user/.m2/repository/io/opentracing/opentracing-noop/0.31.0/opentracing-noop-0.31.0.jar:/home/user/.m2/repository/org/yaml/snakeyaml/1.16/snakeyaml-1.16.jar:/home/user/.m2/repository/org/apache/hadoop/hadoop-hdds-container-service/0.5.0-SNAPSHOT/hadoop-hdds-container-service-0.5.0-SNAPSHOT.jar:/home/user/.m2/repository/org/apache/hadoop/hadoop-hdds-client/0.5.0-SNAPSHOT/hadoop-hdds-client-0.5.0-SNAPSHOT.jar:/home/user/.m2/repository/org/apache/hadoop/hadoop-hdds-tools/0.5.0-SNAPSHOT/hadoop-hdds-tools-0.5.0-SNAPSHOT.jar:/home/user/.m2/repository/org/xerial/sqlite-jdbc/3.25.2/sqlite-jdbc-3.25.2.jar:/home/user/.m2/repository/org/apache/hadoop/hadoop-hdds-server-scm/0.5.0-SNAPSHOT/hadoop-hdds-server-scm-0.5.0-SNAPSHOT.jar:/home/user/.m2/repository/org/hamcrest/hamcrest-all/1.3/hamcrest-all-1.3.jar:/home/user/.m2/repository/info/picocli/picocli/3.9.6/picocli-3.9.6.jar:/home/user/.m2/repository/com/google/protobuf/protobuf-java/2.5.0/protobuf-java-2.5.0.jar:/home/user/.m2/repository/com/google/guava/guava/11.0.2/guava-11.0.2.jar:/home/user/.m2/repository/org/apache/hadoop/hadoop-ozone-client/0.5.0-SNAPSHOT/hadoop-ozone-client-0.5.0-SNAPSHOT.jar:/workdir/hadoop-ozone/ozonefs/target/classes:/home/user/.m2/repository/org/apache/httpcomponents/httpclient/4.5.2/httpclient-4.5.2.jar:/home/user/.m2/repository/org/apache/httpcomponents/httpcore/4.4.4/httpcore-4.4.4.jar:/home/user/.m2/repository/org/apache/hadoop/hadoop-hdds-server-framework/0.5.0-SNAPSHOT/hadoop-hdds-server-framework-0.5.0-SNAPSHOT.jar:/home/user/.m2/repository/org/apache/hadoop/hadoop-common/3.2.0/hadoop-common-3.2.0.jar:/home/user/.m2/repository/org/apache/hadoop/hadoop-annotations/3.2.0/hadoop-annotations-3.2.0.jar:/usr/lib/jvm/java-1.8.0-openjdk-1.8.0.222.b10-1.el7_7.x86_64/jre/../lib/tools.jar:/home/user/.m2/repository/commons-cli/commons-cli/1.2/commons-cli-1.2.jar:/home/user/.m2/repository/org/apache/commons/commons-math3/3.1.1/commons-math3-3.1.1.jar:/home/user/.m2/repository/commons-codec/commons-codec/1.11/commons-codec-1.11.jar:/home/user/.m2/repository/commons-io/commons-io/2.5/commons-io-2.5.jar:/home/user/.m2/repository/commons-net/commons-net/3.6/commons-net-3.6.jar:/home/user/.m2/repository/commons-collections/commons-collections/3.2.2/commons-collections-3.2.2.jar:/home/user/.m2/repository/javax/servlet/javax.servlet-api/3.1.0/javax.servlet-api-3.1.0.jar:/home/user/.m2/repository/org/eclipse/jetty/jetty-server/9.3.25.v20180904/jetty-server-9.3.25.v20180904.jar:/home/user/.m2/repository/org/eclipse/jetty/jetty-http/9.3.25.v20180904/jetty-http-9.3.25.v20180904.jar:/home/user/.m2/repository/org/eclipse/jetty/jetty-io/9.3.25.v20180904/jetty-io-9.3.25.v20180904.jar:/home/user/.m2/repository/org/eclipse/jetty/jetty-util/9.3.25.v20180904/jetty-util-9.3.25.v20180904.jar:/home/user/.m2/repository/org/eclipse/jetty/jetty-servlet/9.3.25.v20180904/jetty-servlet-9.3.25.v20180904.jar:/home/user/.m2/repository/org/eclipse/jetty/jetty-security/9.3.25.v20180904/jetty-security-9.3.25.v20180904.jar:/home/user/.m2/repository/org/eclipse/jetty/jetty-webapp/9.3.25.v20180904/jetty-webapp-9.3.25.v20180904.jar:/home/user/.m2/repository/org/eclipse/jetty/jetty-xml/9.3.25.v20180904/jetty-xml-9.3.25.v20180904.jar:/home/user/.m2/repository/javax/servlet/jsp/jsp-api/2.1/jsp-api-2.1.jar:/home/user/.m2/repository/com/sun/jersey/jersey-core/1.19/jersey-core-1.19.jar:/home/user/.m2/repository/javax/ws/rs/jsr311-api/1.1.1/jsr311-api-1.1.1.jar:/home/user/.m2/repository/com/sun/jersey/jersey-servlet/1.19/jersey-servlet-1.19.jar:/home/user/.m2/repository/com/sun/jersey/jersey-json/1.19/jersey-json-1.19.jar:/home/user/.m2/repository/org/codehaus/jettison/jettison/1.1/jettison-1.1.jar:/home/user/.m2/repository/com/sun/xml/bind/jaxb-impl/2.3.0.1/jaxb-impl-2.3.0.1.jar:/home/user/.m2/repository/org/codehaus/jackson/jackson-core-asl/1.9.13/jackson-core-asl-1.9.13.jar:/home/user/.m2/repository/org/codehaus/jackson/jackson-mapper-asl/1.9.13/jackson-mapper-asl-1.9.13.jar:/home/user/.m2/repository/org/codehaus/jackson/jackson-jaxrs/1.9.13/jackson-jaxrs-1.9.13.jar:/home/user/.m2/repository/org/codehaus/jackson/jackson-xc/1.9.13/jackson-xc-1.9.13.jar:/home/user/.m2/repository/com/sun/jersey/jersey-server/1.19/jersey-server-1.19.jar:/home/user/.m2/repository/commons-logging/commons-logging/1.1.3/commons-logging-1.1.3.jar:/home/user/.m2/repository/log4j/log4j/1.2.17/log4j-1.2.17.jar:/home/user/.m2/repository/commons-beanutils/commons-beanutils/1.9.4/commons-beanutils-1.9.4.jar:/home/user/.m2/repository/org/apache/commons/commons-configuration2/2.1.1/commons-configuration2-2.1.1.jar:/home/user/.m2/repository/org/apache/commons/commons-lang3/3.7/commons-lang3-3.7.jar:/home/user/.m2/repository/org/apache/commons/commons-text/1.4/commons-text-1.4.jar:/home/user/.m2/repository/org/slf4j/slf4j-api/1.7.25/slf4j-api-1.7.25.jar:/home/user/.m2/repository/org/slf4j/slf4j-log4j12/1.7.25/slf4j-log4j12-1.7.25.jar:/home/user/.m2/repository/org/apache/avro/avro/1.7.7/avro-1.7.7.jar:/home/user/.m2/repository/com/thoughtworks/paranamer/paranamer/2.3/paranamer-2.3.jar:/home/user/.m2/repository/org/xerial/snappy/snappy-java/1.0.5/snappy-java-1.0.5.jar:/home/user/.m2/repository/com/google/re2j/re2j/1.1/re2j-1.1.jar:/home/user/.m2/repository/com/google/code/gson/gson/2.2.4/gson-2.2.4.jar:/home/user/.m2/repository/org/apache/hadoop/hadoop-auth/3.2.0/hadoop-auth-3.2.0.jar:/home/user/.m2/repository/com/nimbusds/nimbus-jose-jwt/4.41.1/nimbus-jose-jwt-4.41.1.jar:/home/user/.m2/repository/com/github/stephenc/jcip/jcip-annotations/1.0-1/jcip-annotations-1.0-1.jar:/home/user/.m2/repository/net/minidev/json-smart/2.3/json-smart-2.3.jar:/home/user/.m2/repository/net/minidev/accessors-smart/1.2/accessors-smart-1.2.jar:/home/user/.m2/repository/org/apache/curator/curator-framework/2.12.0/curator-framework-2.12.0.jar:/home/user/.m2/repository/com/jcraft/jsch/0.1.54/jsch-0.1.54.jar:/home/user/.m2/repository/org/apache/curator/curator-client/2.12.0/curator-client-2.12.0.jar:/home/user/.m2/repository/org/apache/curator/curator-recipes/2.12.0/curator-recipes-2.12.0.jar:/home/user/.m2/repository/com/google/code/findbugs/jsr305/3.0.0/jsr305-3.0.0.jar:/home/user/.m2/repository/org/apache/htrace/htrace-core4/4.1.0-incubating/htrace-core4-4.1.0-incubating.jar:/home/user/.m2/repository/org/apache/zookeeper/zookeeper/3.4.13/zookeeper-3.4.13.jar:/home/user/.m2/repository/jline/jline/0.9.94/jline-0.9.94.jar:/home/user/.m2/repository/org/apache/yetus/audience-annotations/0.5.0/audience-annotations-0.5.0.jar:/home/user/.m2/repository/org/apache/kerby/kerb-simplekdc/1.0.1/kerb-simplekdc-1.0.1.jar:/home/user/.m2/repository/org/apache/kerby/kerb-client/1.0.1/kerb-client-1.0.1.jar:/home/user/.m2/repository/org/apache/kerby/kerby-config/1.0.1/kerby-config-1.0.1.jar:/home/user/.m2/repository/org/apache/kerby/kerb-core/1.0.1/kerb-core-1.0.1.jar:/home/user/.m2/repository/org/apache/kerby/kerby-pkix/1.0.1/kerby-pkix-1.0.1.jar:/home/user/.m2/repository/org/apache/kerby/kerby-asn1/1.0.1/kerby-asn1-1.0.1.jar:/home/user/.m2/repository/org/apache/kerby/kerby-util/1.0.1/kerby-util-1.0.1.jar:/home/user/.m2/repository/org/apache/kerby/kerb-common/1.0.1/kerb-common-1.0.1.jar:/home/user/.m2/repository/org/apache/kerby/kerb-crypto/1.0.1/kerb-crypto-1.0.1.jar:/home/user/.m2/repository/org/apache/kerby/kerb-util/1.0.1/kerb-util-1.0.1.jar:/home/user/.m2/repository/org/apache/kerby/token-provider/1.0.1/token-provider-1.0.1.jar:/home/user/.m2/repository/org/apache/kerby/kerb-admin/1.0.1/kerb-admin-1.0.1.jar:/home/user/.m2/repository/org/apache/kerby/kerb-server/1.0.1/kerb-server-1.0.1.jar:/home/user/.m2/repository/org/apache/kerby/kerb-identity/1.0.1/kerb-identity-1.0.1.jar:/home/user/.m2/repository/org/apache/kerby/kerby-xdr/1.0.1/kerby-xdr-1.0.1.jar:/home/user/.m2/repository/com/fasterxml/jackson/core/jackson-databind/2.9.9/jackson-databind-2.9.9.jar:/home/user/.m2/repository/com/fasterxml/jackson/core/jackson-core/2.9.9/jackson-core-2.9.9.jar:/home/user/.m2/repository/org/codehaus/woodstox/stax2-api/3.1.4/stax2-api-3.1.4.jar:/home/user/.m2/repository/com/fasterxml/woodstox/woodstox-core/5.0.3/woodstox-core-5.0.3.jar:/home/user/.m2/repository/dnsjava/dnsjava/2.1.7/dnsjava-2.1.7.jar:/home/user/.m2/repository/org/apache/hadoop/hadoop-hdfs/3.2.0/hadoop-hdfs-3.2.0.jar:/home/user/.m2/repository/org/eclipse/jetty/jetty-util-ajax/9.3.25.v20180904/jetty-util-ajax-9.3.25.v20180904.jar:/home/user/.m2/repository/commons-daemon/commons-daemon/1.0.13/commons-daemon-1.0.13.jar:/home/user/.m2/repository/io/netty/netty/3.10.5.Final/netty-3.10.5.Final.jar:/home/user/.m2/repository/io/netty/netty-all/4.0.52.Final/netty-all-4.0.52.Final.jar:/home/user/.m2/repository/org/fusesource/leveldbjni/leveldbjni-all/1.8/leveldbjni-all-1.8.jar:/home/user/.m2/repository/com/sun/xml/bind/jaxb-core/2.3.0.1/jaxb-core-2.3.0.1.jar:/home/user/.m2/repository/javax/xml/bind/jaxb-api/2.3.0/jaxb-api-2.3.0.jar:/home/user/.m2/repository/javax/activation/activation/1.1.1/activation-1.1.1.jar:/home/user/.m2/repository/org/openjdk/jmh/jmh-core/1.19/jmh-core-1.19.jar:/home/user/.m2/repository/net/sf/jopt-simple/jopt-simple/4.6/jopt-simple-4.6.jar:/home/user/.m2/repository/org/openjdk/jmh/jmh-generator-annprocess/1.19/jmh-generator-annprocess-1.19.jar:/home/user/.m2/repository/io/dropwizard/metrics/metrics-core/3.2.4/metrics-core-3.2.4.jar:/home/user/.m2/repository/com/amazonaws/aws-java-sdk-s3/1.11.615/aws-java-sdk-s3-1.11.615.jar:/home/user/.m2/repository/com/amazonaws/aws-java-sdk-kms/1.11.615/aws-java-sdk-kms-1.11.615.jar:/home/user/.m2/repository/com/amazonaws/aws-java-sdk-core/1.11.615/aws-java-sdk-core-1.11.615.jar:/home/user/.m2/repository/software/amazon/ion/ion-java/1.0.2/ion-java-1.0.2.jar:/home/user/.m2/repository/com/fasterxml/jackson/dataformat/jackson-dataformat-cbor/2.9.9/jackson-dataformat-cbor-2.9.9.jar:/home/user/.m2/repository/joda-time/joda-time/2.9.9/joda-time-2.9.9.jar:/home/user/.m2/repository/com/amazonaws/jmespath-java/1.11.615/jmespath-java-1.11.615.jar:/home/user/.m2/repository/com/github/spotbugs/spotbugs/3.1.12/spotbugs-3.1.12.jar:/home/user/.m2/repository/org/ow2/asm/asm/5.0.4/asm-5.0.4.jar:/home/user/.m2/repository/org/ow2/asm/asm-analysis/7.0/asm-analysis-7.0.jar:/home/user/.m2/repository/org/ow2/asm/asm-commons/7.0/asm-commons-7.0.jar:/home/user/.m2/repository/org/ow2/asm/asm-tree/7.0/asm-tree-7.0.jar:/home/user/.m2/repository/org/ow2/asm/asm-util/7.0/asm-util-7.0.jar:/home/user/.m2/repository/org/apache/bcel/bcel/6.3/bcel-6.3.jar:/home/user/.m2/repository/net/jcip/jcip-annotations/1.0/jcip-annotations-1.0.jar:/home/user/.m2/repository/org/dom4j/dom4j/2.1.1/dom4j-2.1.1.jar:/home/user/.m2/repository/jaxen/jaxen/1.1.6/jaxen-1.1.6.jar:/home/user/.m2/repository/commons-lang/commons-lang/2.6/commons-lang-2.6.jar:/home/user/.m2/repository/com/github/spotbugs/spotbugs-annotations/3.1.12/spotbugs-annotations-3.1.12.jar:/home/user/.m2/repository/junit/junit/4.11/junit-4.11.jar:/home/user/.m2/repository/org/hamcrest/hamcrest-core/1.3/hamcrest-core-1.3.jar:/home/user/.m2/repository/org/apache/hadoop/hadoop-common/3.2.0/hadoop-common-3.2.0-tests.jar:/workdir/hadoop-ozone/integration-test/target/test-classes:/home/user/.m2/repository/org/apache/hadoop/hadoop-ozone-s3gateway/0.5.0-SNAPSHOT/hadoop-ozone-s3gateway-0.5.0-SNAPSHOT.jar:/home/user/.m2/repository/org/jboss/weld/servlet/weld-servlet/2.4.7.Final/weld-servlet-2.4.7.Final.jar:/home/user/.m2/repository/org/glassfish/jersey/containers/jersey-container-servlet-core/2.27/jersey-container-servlet-core-2.27.jar:/home/user/.m2/repository/org/glassfish/hk2/external/javax.inject/2.5.0-b42/javax.inject-2.5.0-b42.jar:/home/user/.m2/repository/org/glassfish/jersey/core/jersey-common/2.27/jersey-common-2.27.jar:/home/user/.m2/repository/org/glassfish/hk2/osgi-resource-locator/1.0.1/osgi-resource-locator-1.0.1.jar:/home/user/.m2/repository/javax/ws/rs/javax.ws.rs-api/2.1/javax.ws.rs-api-2.1.jar:/home/user/.m2/repository/org/glassfish/jersey/ext/cdi/jersey-cdi1x/2.27/jersey-cdi1x-2.27.jar:/home/user/.m2/repository/org/glassfish/jersey/inject/jersey-hk2/2.27/jersey-hk2-2.27.jar:/home/user/.m2/repository/org/glassfish/hk2/hk2-locator/2.5.0-b42/hk2-locator-2.5.0-b42.jar:/home/user/.m2/repository/org/javassist/javassist/3.22.0-CR2/javassist-3.22.0-CR2.jar:/home/user/.m2/repository/org/glassfish/hk2/hk2-api/2.5.0/hk2-api-2.5.0.jar:/home/user/.m2/repository/org/glassfish/hk2/external/jakarta.inject/2.5.0/jakarta.inject-2.5.0.jar:/home/user/.m2/repository/org/glassfish/hk2/hk2-utils/2.5.0/hk2-utils-2.5.0.jar:/home/user/.m2/repository/jakarta/annotation/jakarta.annotation-api/1.3.4/jakarta.annotation-api-1.3.4.jar:/home/user/.m2/repository/org/glassfish/hk2/external/aopalliance-repackaged/2.5.0/aopalliance-repackaged-2.5.0.jar:/home/user/.m2/repository/com/fasterxml/jackson/dataformat/jackson-dataformat-xml/2.9.0/jackson-dataformat-xml-2.9.0.jar:/home/user/.m2/repository/com/fasterxml/jackson/module/jackson-module-jaxb-annotations/2.9.9/jackson-module-jaxb-annotations-2.9.9.jar:/home/user/.m2/repository/javax/enterprise/cdi-api/1.2/cdi-api-1.2.jar:/home/user/.m2/repository/javax/el/javax.el-api/3.0.0/javax.el-api-3.0.0.jar:/home/user/.m2/repository/javax/interceptor/javax.interceptor-api/1.2/javax.interceptor-api-1.2.jar:/home/user/.m2/repository/javax/inject/javax.inject/1/javax.inject-1.jar:/home/user/.m2/repository/org/apache/hadoop/hadoop-ozone-csi/0.5.0-SNAPSHOT/hadoop-ozone-csi-0.5.0-SNAPSHOT.jar:/home/user/.m2/repository/com/google/protobuf/protobuf-java-util/3.5.1/protobuf-java-util-3.5.1.jar:/home/user/.m2/repository/io/grpc/grpc-netty/1.17.1/grpc-netty-1.17.1.jar:/home/user/.m2/repository/io/grpc/grpc-core/1.17.1/grpc-core-1.17.1.jar:/home/user/.m2/repository/io/grpc/grpc-context/1.17.1/grpc-context-1.17.1.jar:/home/user/.m2/repository/com/google/errorprone/error_prone_annotations/2.2.0/error_prone_annotations-2.2.0.jar:/home/user/.m2/repository/org/codehaus/mojo/animal-sniffer-annotations/1.17/animal-sniffer-annotations-1.17.jar:/home/user/.m2/repository/io/opencensus/opencensus-api/0.17.0/opencensus-api-0.17.0.jar:/home/user/.m2/repository/io/opencensus/opencensus-contrib-grpc-metrics/0.17.0/opencensus-contrib-grpc-metrics-0.17.0.jar:/home/user/.m2/repository/io/netty/netty-codec-http2/4.1.30.Final/netty-codec-http2-4.1.30.Final.jar:/home/user/.m2/repository/io/netty/netty-codec-http/4.1.30.Final/netty-codec-http-4.1.30.Final.jar:/home/user/.m2/repository/io/netty/netty-codec/4.1.30.Final/netty-codec-4.1.30.Final.jar:/home/user/.m2/repository/io/netty/netty-handler/4.1.30.Final/netty-handler-4.1.30.Final.jar:/home/user/.m2/repository/io/netty/netty-handler-proxy/4.1.30.Final/netty-handler-proxy-4.1.30.Final.jar:/home/user/.m2/repository/io/netty/netty-codec-socks/4.1.30.Final/netty-codec-socks-4.1.30.Final.jar:/home/user/.m2/repository/io/netty/netty-transport-native-epoll/4.1.30.Final/netty-transport-native-epoll-4.1.30.Final.jar:/home/user/.m2/repository/io/netty/netty-common/4.1.30.Final/netty-common-4.1.30.Final.jar:/home/user/.m2/repository/io/netty/netty-buffer/4.1.30.Final/netty-buffer-4.1.30.Final.jar:/home/user/.m2/repository/io/netty/netty-transport/4.1.30.Final/netty-transport-4.1.30.Final.jar:/home/user/.m2/repository/io/netty/netty-resolver/4.1.30.Final/netty-resolver-4.1.30.Final.jar:/home/user/.m2/repository/io/netty/netty-transport-native-unix-common/4.1.30.Final/netty-transport-native-unix-common-4.1.30.Final.jar:/home/user/.m2/repository/io/grpc/grpc-protobuf/1.17.1/grpc-protobuf-1.17.1.jar:/home/user/.m2/repository/com/google/api/grpc/proto-google-common-protos/1.0.0/proto-google-common-protos-1.0.0.jar:/home/user/.m2/repository/io/grpc/grpc-protobuf-lite/1.17.1/grpc-protobuf-lite-1.17.1.jar:/home/user/.m2/repository/io/grpc/grpc-stub/1.17.1/grpc-stub-1.17.1.jar:/home/user/.m2/repository/org/apache/hadoop/hadoop-ozone-recon/0.5.0-SNAPSHOT/hadoop-ozone-recon-0.5.0-SNAPSHOT.jar:/home/user/.m2/repository/org/apache/hadoop/hadoop-ozone-reconcodegen/0.5.0-SNAPSHOT/hadoop-ozone-reconcodegen-0.5.0-SNAPSHOT.jar:/home/user/.m2/repository/com/google/inject/extensions/guice-multibindings/4.0/guice-multibindings-4.0.jar:/home/user/.m2/repository/com/google/inject/guice/4.0/guice-4.0.jar:/home/user/.m2/repository/aopalliance/aopalliance/1.0/aopalliance-1.0.jar:/home/user/.m2/repository/com/google/inject/extensions/guice-servlet/4.0/guice-servlet-4.0.jar:/home/user/.m2/repository/org/glassfish/jersey/containers/jersey-container-servlet/2.27/jersey-container-servlet-2.27.jar:/home/user/.m2/repository/org/glassfish/hk2/guice-bridge/2.5.0/guice-bridge-2.5.0.jar:/home/user/.m2/repository/org/glassfish/jersey/core/jersey-server/2.27/jersey-server-2.27.jar:/home/user/.m2/repository/org/glassfish/jersey/core/jersey-client/2.27/jersey-client-2.27.jar:/home/user/.m2/repository/org/glassfish/jersey/media/jersey-media-jaxb/2.27/jersey-media-jaxb-2.27.jar:/home/user/.m2/repository/javax/validation/validation-api/1.1.0.Final/validation-api-1.1.0.Final.jar:/home/user/.m2/repository/org/glassfish/jersey/media/jersey-media-json-jackson/2.27/jersey-media-json-jackson-2.27.jar:/home/user/.m2/repository/org/glassfish/jersey/ext/jersey-entity-filtering/2.27/jersey-entity-filtering-2.27.jar:/home/user/.m2/repository/com/google/inject/extensions/guice-assistedinject/4.0/guice-assistedinject-4.0.jar:/home/user/.m2/repository/org/jooq/jooq/3.11.10/jooq-3.11.10.jar:/home/user/.m2/repository/org/jooq/jooq-meta/3.11.10/jooq-meta-3.11.10.jar:/home/user/.m2/repository/org/jooq/jooq-codegen/3.11.10/jooq-codegen-3.11.10.jar:/home/user/.m2/repository/com/jolbox/bonecp/0.8.0.RELEASE/bonecp-0.8.0.RELEASE.jar:/home/user/.m2/repository/org/springframework/spring-jdbc/5.1.3.RELEASE/spring-jdbc-5.1.3.RELEASE.jar:/home/user/.m2/repository/org/springframework/spring-beans/5.1.3.RELEASE/spring-beans-5.1.3.RELEASE.jar:/home/user/.m2/repository/org/springframework/spring-core/5.1.3.RELEASE/spring-core-5.1.3.RELEASE.jar:/home/user/.m2/repository/org/springframework/spring-jcl/5.1.3.RELEASE/spring-jcl-5.1.3.RELEASE.jar:/home/user/.m2/repository/org/springframework/spring-tx/5.1.3.RELEASE/spring-tx-5.1.3.RELEASE.jar:/home/user/.m2/repository/org/mockito/mockito-core/2.15.0/mockito-core-2.15.0.jar:/home/user/.m2/repository/net/bytebuddy/byte-buddy/1.7.9/byte-buddy-1.7.9.jar:/home/user/.m2/repository/net/bytebuddy/byte-buddy-agent/1.7.9/byte-buddy-agent-1.7.9.jar:/home/user/.m2/repository/org/objenesis/objenesis/1.0/objenesis-1.0.jar:"/>
    <property name="java.vm.vendor" value="Oracle Corporation"/>
    <property name="sun.arch.data.model" value="64"/>
    <property name="test.build.dir" value="/workdir/hadoop-ozone/tools/target/test-dir"/>
    <property name="test.cache.data" value=""/>
    <property name="java.vendor.url" value="http://java.oracle.com/"/>
    <property name="user.timezone" value=""/>
    <property name="java.vm.specification.version" value="1.8"/>
    <property name="os.name" value="Linux"/>
    <property name="test.build.data" value="/workdir/hadoop-ozone/tools/target/test-dir"/>
    <property name="user.country" value="US"/>
    <property name="sun.java.launcher" value="SUN_STANDARD"/>
    <property name="sun.boot.library.path" value="/usr/lib/jvm/java-1.8.0-openjdk-1.8.0.222.b10-1.el7_7.x86_64/jre/lib/amd64"/>
    <property name="sun.java.command" value="/workdir/hadoop-ozone/tools/target/surefire/surefirebooter1836054616220111435.jar /workdir/hadoop-ozone/tools/target/surefire 2019-11-06T13-06-15_332-jvmRun1 surefire562428996234606985tmp surefire_1017678356206320658716tmp"/>
    <property name="surefire.test.class.path" value="/workdir/hadoop-ozone/tools/target/test-classes:/workdir/hadoop-ozone/tools/target/classes:/home/user/.m2/repository/org/apache/hadoop/hadoop-ozone-ozone-manager/0.5.0-SNAPSHOT/hadoop-ozone-ozone-manager-0.5.0-SNAPSHOT.jar:/home/user/.m2/repository/org/apache/hadoop/hadoop-hdds-docs/0.5.0-SNAPSHOT/hadoop-hdds-docs-0.5.0-SNAPSHOT.jar:/home/user/.m2/repository/org/bouncycastle/bcprov-jdk15on/1.60/bcprov-jdk15on-1.60.jar:/home/user/.m2/repository/org/apache/hadoop/hadoop-ozone-common/0.5.0-SNAPSHOT/hadoop-ozone-common-0.5.0-SNAPSHOT.jar:/home/user/.m2/repository/org/apache/commons/commons-compress/1.4.1/commons-compress-1.4.1.jar:/home/user/.m2/repository/org/tukaani/xz/1.0/xz-1.0.jar:/home/user/.m2/repository/org/apache/hadoop/hadoop-hdfs-client/3.2.0/hadoop-hdfs-client-3.2.0.jar:/home/user/.m2/repository/com/fasterxml/jackson/core/jackson-annotations/2.9.9/jackson-annotations-2.9.9.jar:/home/user/.m2/repository/org/apache/hadoop/hadoop-hdds-common/0.5.0-SNAPSHOT/hadoop-hdds-common-0.5.0-SNAPSHOT.jar:/home/user/.m2/repository/org/apache/hadoop/hadoop-hdds-config/0.5.0-SNAPSHOT/hadoop-hdds-config-0.5.0-SNAPSHOT.jar:/home/user/.m2/repository/javax/annotation/javax.annotation-api/1.2/javax.annotation-api-1.2.jar:/home/user/.m2/repository/org/apache/ratis/ratis-server/0.5.0-d6d58d0-SNAPSHOT/ratis-server-0.5.0-d6d58d0-SNAPSHOT.jar:/home/user/.m2/repository/org/apache/ratis/ratis-thirdparty-misc/0.2.0/ratis-thirdparty-misc-0.2.0.jar:/home/user/.m2/repository/org/apache/ratis/ratis-proto/0.5.0-d6d58d0-SNAPSHOT/ratis-proto-0.5.0-d6d58d0-SNAPSHOT.jar:/home/user/.m2/repository/org/apache/ratis/ratis-common/0.5.0-d6d58d0-SNAPSHOT/ratis-common-0.5.0-d6d58d0-SNAPSHOT.jar:/home/user/.m2/repository/org/apache/ratis/ratis-client/0.5.0-d6d58d0-SNAPSHOT/ratis-client-0.5.0-d6d58d0-SNAPSHOT.jar:/home/user/.m2/repository/org/apache/ratis/ratis-metrics/0.5.0-d6d58d0-SNAPSHOT/ratis-metrics-0.5.0-d6d58d0-SNAPSHOT.jar:/home/user/.m2/repository/org/apache/ratis/ratis-netty/0.5.0-d6d58d0-SNAPSHOT/ratis-netty-0.5.0-d6d58d0-SNAPSHOT.jar:/home/user/.m2/repository/org/apache/ratis/ratis-grpc/0.5.0-d6d58d0-SNAPSHOT/ratis-grpc-0.5.0-d6d58d0-SNAPSHOT.jar:/home/user/.m2/repository/org/rocksdb/rocksdbjni/6.0.1/rocksdbjni-6.0.1.jar:/home/user/.m2/repository/org/apache/logging/log4j/log4j-api/2.11.0/log4j-api-2.11.0.jar:/home/user/.m2/repository/org/apache/logging/log4j/log4j-core/2.11.0/log4j-core-2.11.0.jar:/home/user/.m2/repository/com/lmax/disruptor/3.4.2/disruptor-3.4.2.jar:/home/user/.m2/repository/org/apache/commons/commons-pool2/2.6.0/commons-pool2-2.6.0.jar:/home/user/.m2/repository/org/bouncycastle/bcpkix-jdk15on/1.60/bcpkix-jdk15on-1.60.jar:/home/user/.m2/repository/commons-validator/commons-validator/1.6/commons-validator-1.6.jar:/home/user/.m2/repository/commons-digester/commons-digester/1.8.1/commons-digester-1.8.1.jar:/home/user/.m2/repository/io/jaegertracing/jaeger-client/0.34.0/jaeger-client-0.34.0.jar:/home/user/.m2/repository/io/jaegertracing/jaeger-thrift/0.34.0/jaeger-thrift-0.34.0.jar:/home/user/.m2/repository/org/apache/thrift/libthrift/0.12.0/libthrift-0.12.0.jar:/home/user/.m2/repository/com/squareup/okhttp3/okhttp/3.9.0/okhttp-3.9.0.jar:/home/user/.m2/repository/com/squareup/okio/okio/1.13.0/okio-1.13.0.jar:/home/user/.m2/repository/io/jaegertracing/jaeger-core/0.34.0/jaeger-core-0.34.0.jar:/home/user/.m2/repository/io/jaegertracing/jaeger-tracerresolver/0.34.0/jaeger-tracerresolver-0.34.0.jar:/home/user/.m2/repository/io/opentracing/contrib/opentracing-tracerresolver/0.1.5/opentracing-tracerresolver-0.1.5.jar:/home/user/.m2/repository/io/opentracing/opentracing-util/0.31.0/opentracing-util-0.31.0.jar:/home/user/.m2/repository/io/opentracing/opentracing-api/0.31.0/opentracing-api-0.31.0.jar:/home/user/.m2/repository/io/opentracing/opentracing-noop/0.31.0/opentracing-noop-0.31.0.jar:/home/user/.m2/repository/org/yaml/snakeyaml/1.16/snakeyaml-1.16.jar:/home/user/.m2/repository/org/apache/hadoop/hadoop-hdds-container-service/0.5.0-SNAPSHOT/hadoop-hdds-container-service-0.5.0-SNAPSHOT.jar:/home/user/.m2/repository/org/apache/hadoop/hadoop-hdds-client/0.5.0-SNAPSHOT/hadoop-hdds-client-0.5.0-SNAPSHOT.jar:/home/user/.m2/repository/org/apache/hadoop/hadoop-hdds-tools/0.5.0-SNAPSHOT/hadoop-hdds-tools-0.5.0-SNAPSHOT.jar:/home/user/.m2/repository/org/xerial/sqlite-jdbc/3.25.2/sqlite-jdbc-3.25.2.jar:/home/user/.m2/repository/org/apache/hadoop/hadoop-hdds-server-scm/0.5.0-SNAPSHOT/hadoop-hdds-server-scm-0.5.0-SNAPSHOT.jar:/home/user/.m2/repository/org/hamcrest/hamcrest-all/1.3/hamcrest-all-1.3.jar:/home/user/.m2/repository/info/picocli/picocli/3.9.6/picocli-3.9.6.jar:/home/user/.m2/repository/com/google/protobuf/protobuf-java/2.5.0/protobuf-java-2.5.0.jar:/home/user/.m2/repository/com/google/guava/guava/11.0.2/guava-11.0.2.jar:/home/user/.m2/repository/org/apache/hadoop/hadoop-ozone-client/0.5.0-SNAPSHOT/hadoop-ozone-client-0.5.0-SNAPSHOT.jar:/workdir/hadoop-ozone/ozonefs/target/classes:/home/user/.m2/repository/org/apache/httpcomponents/httpclient/4.5.2/httpclient-4.5.2.jar:/home/user/.m2/repository/org/apache/httpcomponents/httpcore/4.4.4/httpcore-4.4.4.jar:/home/user/.m2/repository/org/apache/hadoop/hadoop-hdds-server-framework/0.5.0-SNAPSHOT/hadoop-hdds-server-framework-0.5.0-SNAPSHOT.jar:/home/user/.m2/repository/org/apache/hadoop/hadoop-common/3.2.0/hadoop-common-3.2.0.jar:/home/user/.m2/repository/org/apache/hadoop/hadoop-annotations/3.2.0/hadoop-annotations-3.2.0.jar:/usr/lib/jvm/java-1.8.0-openjdk-1.8.0.222.b10-1.el7_7.x86_64/jre/../lib/tools.jar:/home/user/.m2/repository/commons-cli/commons-cli/1.2/commons-cli-1.2.jar:/home/user/.m2/repository/org/apache/commons/commons-math3/3.1.1/commons-math3-3.1.1.jar:/home/user/.m2/repository/commons-codec/commons-codec/1.11/commons-codec-1.11.jar:/home/user/.m2/repository/commons-io/commons-io/2.5/commons-io-2.5.jar:/home/user/.m2/repository/commons-net/commons-net/3.6/commons-net-3.6.jar:/home/user/.m2/repository/commons-collections/commons-collections/3.2.2/commons-collections-3.2.2.jar:/home/user/.m2/repository/javax/servlet/javax.servlet-api/3.1.0/javax.servlet-api-3.1.0.jar:/home/user/.m2/repository/org/eclipse/jetty/jetty-server/9.3.25.v20180904/jetty-server-9.3.25.v20180904.jar:/home/user/.m2/repository/org/eclipse/jetty/jetty-http/9.3.25.v20180904/jetty-http-9.3.25.v20180904.jar:/home/user/.m2/repository/org/eclipse/jetty/jetty-io/9.3.25.v20180904/jetty-io-9.3.25.v20180904.jar:/home/user/.m2/repository/org/eclipse/jetty/jetty-util/9.3.25.v20180904/jetty-util-9.3.25.v20180904.jar:/home/user/.m2/repository/org/eclipse/jetty/jetty-servlet/9.3.25.v20180904/jetty-servlet-9.3.25.v20180904.jar:/home/user/.m2/repository/org/eclipse/jetty/jetty-security/9.3.25.v20180904/jetty-security-9.3.25.v20180904.jar:/home/user/.m2/repository/org/eclipse/jetty/jetty-webapp/9.3.25.v20180904/jetty-webapp-9.3.25.v20180904.jar:/home/user/.m2/repository/org/eclipse/jetty/jetty-xml/9.3.25.v20180904/jetty-xml-9.3.25.v20180904.jar:/home/user/.m2/repository/javax/servlet/jsp/jsp-api/2.1/jsp-api-2.1.jar:/home/user/.m2/repository/com/sun/jersey/jersey-core/1.19/jersey-core-1.19.jar:/home/user/.m2/repository/javax/ws/rs/jsr311-api/1.1.1/jsr311-api-1.1.1.jar:/home/user/.m2/repository/com/sun/jersey/jersey-servlet/1.19/jersey-servlet-1.19.jar:/home/user/.m2/repository/com/sun/jersey/jersey-json/1.19/jersey-json-1.19.jar:/home/user/.m2/repository/org/codehaus/jettison/jettison/1.1/jettison-1.1.jar:/home/user/.m2/repository/com/sun/xml/bind/jaxb-impl/2.3.0.1/jaxb-impl-2.3.0.1.jar:/home/user/.m2/repository/org/codehaus/jackson/jackson-core-asl/1.9.13/jackson-core-asl-1.9.13.jar:/home/user/.m2/repository/org/codehaus/jackson/jackson-mapper-asl/1.9.13/jackson-mapper-asl-1.9.13.jar:/home/user/.m2/repository/org/codehaus/jackson/jackson-jaxrs/1.9.13/jackson-jaxrs-1.9.13.jar:/home/user/.m2/repository/org/codehaus/jackson/jackson-xc/1.9.13/jackson-xc-1.9.13.jar:/home/user/.m2/repository/com/sun/jersey/jersey-server/1.19/jersey-server-1.19.jar:/home/user/.m2/repository/commons-logging/commons-logging/1.1.3/commons-logging-1.1.3.jar:/home/user/.m2/repository/log4j/log4j/1.2.17/log4j-1.2.17.jar:/home/user/.m2/repository/commons-beanutils/commons-beanutils/1.9.4/commons-beanutils-1.9.4.jar:/home/user/.m2/repository/org/apache/commons/commons-configuration2/2.1.1/commons-configuration2-2.1.1.jar:/home/user/.m2/repository/org/apache/commons/commons-lang3/3.7/commons-lang3-3.7.jar:/home/user/.m2/repository/org/apache/commons/commons-text/1.4/commons-text-1.4.jar:/home/user/.m2/repository/org/slf4j/slf4j-api/1.7.25/slf4j-api-1.7.25.jar:/home/user/.m2/repository/org/slf4j/slf4j-log4j12/1.7.25/slf4j-log4j12-1.7.25.jar:/home/user/.m2/repository/org/apache/avro/avro/1.7.7/avro-1.7.7.jar:/home/user/.m2/repository/com/thoughtworks/paranamer/paranamer/2.3/paranamer-2.3.jar:/home/user/.m2/repository/org/xerial/snappy/snappy-java/1.0.5/snappy-java-1.0.5.jar:/home/user/.m2/repository/com/google/re2j/re2j/1.1/re2j-1.1.jar:/home/user/.m2/repository/com/google/code/gson/gson/2.2.4/gson-2.2.4.jar:/home/user/.m2/repository/org/apache/hadoop/hadoop-auth/3.2.0/hadoop-auth-3.2.0.jar:/home/user/.m2/repository/com/nimbusds/nimbus-jose-jwt/4.41.1/nimbus-jose-jwt-4.41.1.jar:/home/user/.m2/repository/com/github/stephenc/jcip/jcip-annotations/1.0-1/jcip-annotations-1.0-1.jar:/home/user/.m2/repository/net/minidev/json-smart/2.3/json-smart-2.3.jar:/home/user/.m2/repository/net/minidev/accessors-smart/1.2/accessors-smart-1.2.jar:/home/user/.m2/repository/org/apache/curator/curator-framework/2.12.0/curator-framework-2.12.0.jar:/home/user/.m2/repository/com/jcraft/jsch/0.1.54/jsch-0.1.54.jar:/home/user/.m2/repository/org/apache/curator/curator-client/2.12.0/curator-client-2.12.0.jar:/home/user/.m2/repository/org/apache/curator/curator-recipes/2.12.0/curator-recipes-2.12.0.jar:/home/user/.m2/repository/com/google/code/findbugs/jsr305/3.0.0/jsr305-3.0.0.jar:/home/user/.m2/repository/org/apache/htrace/htrace-core4/4.1.0-incubating/htrace-core4-4.1.0-incubating.jar:/home/user/.m2/repository/org/apache/zookeeper/zookeeper/3.4.13/zookeeper-3.4.13.jar:/home/user/.m2/repository/jline/jline/0.9.94/jline-0.9.94.jar:/home/user/.m2/repository/org/apache/yetus/audience-annotations/0.5.0/audience-annotations-0.5.0.jar:/home/user/.m2/repository/org/apache/kerby/kerb-simplekdc/1.0.1/kerb-simplekdc-1.0.1.jar:/home/user/.m2/repository/org/apache/kerby/kerb-client/1.0.1/kerb-client-1.0.1.jar:/home/user/.m2/repository/org/apache/kerby/kerby-config/1.0.1/kerby-config-1.0.1.jar:/home/user/.m2/repository/org/apache/kerby/kerb-core/1.0.1/kerb-core-1.0.1.jar:/home/user/.m2/repository/org/apache/kerby/kerby-pkix/1.0.1/kerby-pkix-1.0.1.jar:/home/user/.m2/repository/org/apache/kerby/kerby-asn1/1.0.1/kerby-asn1-1.0.1.jar:/home/user/.m2/repository/org/apache/kerby/kerby-util/1.0.1/kerby-util-1.0.1.jar:/home/user/.m2/repository/org/apache/kerby/kerb-common/1.0.1/kerb-common-1.0.1.jar:/home/user/.m2/repository/org/apache/kerby/kerb-crypto/1.0.1/kerb-crypto-1.0.1.jar:/home/user/.m2/repository/org/apache/kerby/kerb-util/1.0.1/kerb-util-1.0.1.jar:/home/user/.m2/repository/org/apache/kerby/token-provider/1.0.1/token-provider-1.0.1.jar:/home/user/.m2/repository/org/apache/kerby/kerb-admin/1.0.1/kerb-admin-1.0.1.jar:/home/user/.m2/repository/org/apache/kerby/kerb-server/1.0.1/kerb-server-1.0.1.jar:/home/user/.m2/repository/org/apache/kerby/kerb-identity/1.0.1/kerb-identity-1.0.1.jar:/home/user/.m2/repository/org/apache/kerby/kerby-xdr/1.0.1/kerby-xdr-1.0.1.jar:/home/user/.m2/repository/com/fasterxml/jackson/core/jackson-databind/2.9.9/jackson-databind-2.9.9.jar:/home/user/.m2/repository/com/fasterxml/jackson/core/jackson-core/2.9.9/jackson-core-2.9.9.jar:/home/user/.m2/repository/org/codehaus/woodstox/stax2-api/3.1.4/stax2-api-3.1.4.jar:/home/user/.m2/repository/com/fasterxml/woodstox/woodstox-core/5.0.3/woodstox-core-5.0.3.jar:/home/user/.m2/repository/dnsjava/dnsjava/2.1.7/dnsjava-2.1.7.jar:/home/user/.m2/repository/org/apache/hadoop/hadoop-hdfs/3.2.0/hadoop-hdfs-3.2.0.jar:/home/user/.m2/repository/org/eclipse/jetty/jetty-util-ajax/9.3.25.v20180904/jetty-util-ajax-9.3.25.v20180904.jar:/home/user/.m2/repository/commons-daemon/commons-daemon/1.0.13/commons-daemon-1.0.13.jar:/home/user/.m2/repository/io/netty/netty/3.10.5.Final/netty-3.10.5.Final.jar:/home/user/.m2/repository/io/netty/netty-all/4.0.52.Final/netty-all-4.0.52.Final.jar:/home/user/.m2/repository/org/fusesource/leveldbjni/leveldbjni-all/1.8/leveldbjni-all-1.8.jar:/home/user/.m2/repository/com/sun/xml/bind/jaxb-core/2.3.0.1/jaxb-core-2.3.0.1.jar:/home/user/.m2/repository/javax/xml/bind/jaxb-api/2.3.0/jaxb-api-2.3.0.jar:/home/user/.m2/repository/javax/activation/activation/1.1.1/activation-1.1.1.jar:/home/user/.m2/repository/org/openjdk/jmh/jmh-core/1.19/jmh-core-1.19.jar:/home/user/.m2/repository/net/sf/jopt-simple/jopt-simple/4.6/jopt-simple-4.6.jar:/home/user/.m2/repository/org/openjdk/jmh/jmh-generator-annprocess/1.19/jmh-generator-annprocess-1.19.jar:/home/user/.m2/repository/io/dropwizard/metrics/metrics-core/3.2.4/metrics-core-3.2.4.jar:/home/user/.m2/repository/com/amazonaws/aws-java-sdk-s3/1.11.615/aws-java-sdk-s3-1.11.615.jar:/home/user/.m2/repository/com/amazonaws/aws-java-sdk-kms/1.11.615/aws-java-sdk-kms-1.11.615.jar:/home/user/.m2/repository/com/amazonaws/aws-java-sdk-core/1.11.615/aws-java-sdk-core-1.11.615.jar:/home/user/.m2/repository/software/amazon/ion/ion-java/1.0.2/ion-java-1.0.2.jar:/home/user/.m2/repository/com/fasterxml/jackson/dataformat/jackson-dataformat-cbor/2.9.9/jackson-dataformat-cbor-2.9.9.jar:/home/user/.m2/repository/joda-time/joda-time/2.9.9/joda-time-2.9.9.jar:/home/user/.m2/repository/com/amazonaws/jmespath-java/1.11.615/jmespath-java-1.11.615.jar:/home/user/.m2/repository/com/github/spotbugs/spotbugs/3.1.12/spotbugs-3.1.12.jar:/home/user/.m2/repository/org/ow2/asm/asm/5.0.4/asm-5.0.4.jar:/home/user/.m2/repository/org/ow2/asm/asm-analysis/7.0/asm-analysis-7.0.jar:/home/user/.m2/repository/org/ow2/asm/asm-commons/7.0/asm-commons-7.0.jar:/home/user/.m2/repository/org/ow2/asm/asm-tree/7.0/asm-tree-7.0.jar:/home/user/.m2/repository/org/ow2/asm/asm-util/7.0/asm-util-7.0.jar:/home/user/.m2/repository/org/apache/bcel/bcel/6.3/bcel-6.3.jar:/home/user/.m2/repository/net/jcip/jcip-annotations/1.0/jcip-annotations-1.0.jar:/home/user/.m2/repository/org/dom4j/dom4j/2.1.1/dom4j-2.1.1.jar:/home/user/.m2/repository/jaxen/jaxen/1.1.6/jaxen-1.1.6.jar:/home/user/.m2/repository/commons-lang/commons-lang/2.6/commons-lang-2.6.jar:/home/user/.m2/repository/com/github/spotbugs/spotbugs-annotations/3.1.12/spotbugs-annotations-3.1.12.jar:/home/user/.m2/repository/junit/junit/4.11/junit-4.11.jar:/home/user/.m2/repository/org/hamcrest/hamcrest-core/1.3/hamcrest-core-1.3.jar:/home/user/.m2/repository/org/apache/hadoop/hadoop-common/3.2.0/hadoop-common-3.2.0-tests.jar:/workdir/hadoop-ozone/integration-test/target/test-classes:/home/user/.m2/repository/org/apache/hadoop/hadoop-ozone-s3gateway/0.5.0-SNAPSHOT/hadoop-ozone-s3gateway-0.5.0-SNAPSHOT.jar:/home/user/.m2/repository/org/jboss/weld/servlet/weld-servlet/2.4.7.Final/weld-servlet-2.4.7.Final.jar:/home/user/.m2/repository/org/glassfish/jersey/containers/jersey-container-servlet-core/2.27/jersey-container-servlet-core-2.27.jar:/home/user/.m2/repository/org/glassfish/hk2/external/javax.inject/2.5.0-b42/javax.inject-2.5.0-b42.jar:/home/user/.m2/repository/org/glassfish/jersey/core/jersey-common/2.27/jersey-common-2.27.jar:/home/user/.m2/repository/org/glassfish/hk2/osgi-resource-locator/1.0.1/osgi-resource-locator-1.0.1.jar:/home/user/.m2/repository/javax/ws/rs/javax.ws.rs-api/2.1/javax.ws.rs-api-2.1.jar:/home/user/.m2/repository/org/glassfish/jersey/ext/cdi/jersey-cdi1x/2.27/jersey-cdi1x-2.27.jar:/home/user/.m2/repository/org/glassfish/jersey/inject/jersey-hk2/2.27/jersey-hk2-2.27.jar:/home/user/.m2/repository/org/glassfish/hk2/hk2-locator/2.5.0-b42/hk2-locator-2.5.0-b42.jar:/home/user/.m2/repository/org/javassist/javassist/3.22.0-CR2/javassist-3.22.0-CR2.jar:/home/user/.m2/repository/org/glassfish/hk2/hk2-api/2.5.0/hk2-api-2.5.0.jar:/home/user/.m2/repository/org/glassfish/hk2/external/jakarta.inject/2.5.0/jakarta.inject-2.5.0.jar:/home/user/.m2/repository/org/glassfish/hk2/hk2-utils/2.5.0/hk2-utils-2.5.0.jar:/home/user/.m2/repository/jakarta/annotation/jakarta.annotation-api/1.3.4/jakarta.annotation-api-1.3.4.jar:/home/user/.m2/repository/org/glassfish/hk2/external/aopalliance-repackaged/2.5.0/aopalliance-repackaged-2.5.0.jar:/home/user/.m2/repository/com/fasterxml/jackson/dataformat/jackson-dataformat-xml/2.9.0/jackson-dataformat-xml-2.9.0.jar:/home/user/.m2/repository/com/fasterxml/jackson/module/jackson-module-jaxb-annotations/2.9.9/jackson-module-jaxb-annotations-2.9.9.jar:/home/user/.m2/repository/javax/enterprise/cdi-api/1.2/cdi-api-1.2.jar:/home/user/.m2/repository/javax/el/javax.el-api/3.0.0/javax.el-api-3.0.0.jar:/home/user/.m2/repository/javax/interceptor/javax.interceptor-api/1.2/javax.interceptor-api-1.2.jar:/home/user/.m2/repository/javax/inject/javax.inject/1/javax.inject-1.jar:/home/user/.m2/repository/org/apache/hadoop/hadoop-ozone-csi/0.5.0-SNAPSHOT/hadoop-ozone-csi-0.5.0-SNAPSHOT.jar:/home/user/.m2/repository/com/google/protobuf/protobuf-java-util/3.5.1/protobuf-java-util-3.5.1.jar:/home/user/.m2/repository/io/grpc/grpc-netty/1.17.1/grpc-netty-1.17.1.jar:/home/user/.m2/repository/io/grpc/grpc-core/1.17.1/grpc-core-1.17.1.jar:/home/user/.m2/repository/io/grpc/grpc-context/1.17.1/grpc-context-1.17.1.jar:/home/user/.m2/repository/com/google/errorprone/error_prone_annotations/2.2.0/error_prone_annotations-2.2.0.jar:/home/user/.m2/repository/org/codehaus/mojo/animal-sniffer-annotations/1.17/animal-sniffer-annotations-1.17.jar:/home/user/.m2/repository/io/opencensus/opencensus-api/0.17.0/opencensus-api-0.17.0.jar:/home/user/.m2/repository/io/opencensus/opencensus-contrib-grpc-metrics/0.17.0/opencensus-contrib-grpc-metrics-0.17.0.jar:/home/user/.m2/repository/io/netty/netty-codec-http2/4.1.30.Final/netty-codec-http2-4.1.30.Final.jar:/home/user/.m2/repository/io/netty/netty-codec-http/4.1.30.Final/netty-codec-http-4.1.30.Final.jar:/home/user/.m2/repository/io/netty/netty-codec/4.1.30.Final/netty-codec-4.1.30.Final.jar:/home/user/.m2/repository/io/netty/netty-handler/4.1.30.Final/netty-handler-4.1.30.Final.jar:/home/user/.m2/repository/io/netty/netty-handler-proxy/4.1.30.Final/netty-handler-proxy-4.1.30.Final.jar:/home/user/.m2/repository/io/netty/netty-codec-socks/4.1.30.Final/netty-codec-socks-4.1.30.Final.jar:/home/user/.m2/repository/io/netty/netty-transport-native-epoll/4.1.30.Final/netty-transport-native-epoll-4.1.30.Final.jar:/home/user/.m2/repository/io/netty/netty-common/4.1.30.Final/netty-common-4.1.30.Final.jar:/home/user/.m2/repository/io/netty/netty-buffer/4.1.30.Final/netty-buffer-4.1.30.Final.jar:/home/user/.m2/repository/io/netty/netty-transport/4.1.30.Final/netty-transport-4.1.30.Final.jar:/home/user/.m2/repository/io/netty/netty-resolver/4.1.30.Final/netty-resolver-4.1.30.Final.jar:/home/user/.m2/repository/io/netty/netty-transport-native-unix-common/4.1.30.Final/netty-transport-native-unix-common-4.1.30.Final.jar:/home/user/.m2/repository/io/grpc/grpc-protobuf/1.17.1/grpc-protobuf-1.17.1.jar:/home/user/.m2/repository/com/google/api/grpc/proto-google-common-protos/1.0.0/proto-google-common-protos-1.0.0.jar:/home/user/.m2/repository/io/grpc/grpc-protobuf-lite/1.17.1/grpc-protobuf-lite-1.17.1.jar:/home/user/.m2/repository/io/grpc/grpc-stub/1.17.1/grpc-stub-1.17.1.jar:/home/user/.m2/repository/org/apache/hadoop/hadoop-ozone-recon/0.5.0-SNAPSHOT/hadoop-ozone-recon-0.5.0-SNAPSHOT.jar:/home/user/.m2/repository/org/apache/hadoop/hadoop-ozone-reconcodegen/0.5.0-SNAPSHOT/hadoop-ozone-reconcodegen-0.5.0-SNAPSHOT.jar:/home/user/.m2/repository/com/google/inject/extensions/guice-multibindings/4.0/guice-multibindings-4.0.jar:/home/user/.m2/repository/com/google/inject/guice/4.0/guice-4.0.jar:/home/user/.m2/repository/aopalliance/aopalliance/1.0/aopalliance-1.0.jar:/home/user/.m2/repository/com/google/inject/extensions/guice-servlet/4.0/guice-servlet-4.0.jar:/home/user/.m2/repository/org/glassfish/jersey/containers/jersey-container-servlet/2.27/jersey-container-servlet-2.27.jar:/home/user/.m2/repository/org/glassfish/hk2/guice-bridge/2.5.0/guice-bridge-2.5.0.jar:/home/user/.m2/repository/org/glassfish/jersey/core/jersey-server/2.27/jersey-server-2.27.jar:/home/user/.m2/repository/org/glassfish/jersey/core/jersey-client/2.27/jersey-client-2.27.jar:/home/user/.m2/repository/org/glassfish/jersey/media/jersey-media-jaxb/2.27/jersey-media-jaxb-2.27.jar:/home/user/.m2/repository/javax/validation/validation-api/1.1.0.Final/validation-api-1.1.0.Final.jar:/home/user/.m2/repository/org/glassfish/jersey/media/jersey-media-json-jackson/2.27/jersey-media-json-jackson-2.27.jar:/home/user/.m2/repository/org/glassfish/jersey/ext/jersey-entity-filtering/2.27/jersey-entity-filtering-2.27.jar:/home/user/.m2/repository/com/google/inject/extensions/guice-assistedinject/4.0/guice-assistedinject-4.0.jar:/home/user/.m2/repository/org/jooq/jooq/3.11.10/jooq-3.11.10.jar:/home/user/.m2/repository/org/jooq/jooq-meta/3.11.10/jooq-meta-3.11.10.jar:/home/user/.m2/repository/org/jooq/jooq-codegen/3.11.10/jooq-codegen-3.11.10.jar:/home/user/.m2/repository/com/jolbox/bonecp/0.8.0.RELEASE/bonecp-0.8.0.RELEASE.jar:/home/user/.m2/repository/org/springframework/spring-jdbc/5.1.3.RELEASE/spring-jdbc-5.1.3.RELEASE.jar:/home/user/.m2/repository/org/springframework/spring-beans/5.1.3.RELEASE/spring-beans-5.1.3.RELEASE.jar:/home/user/.m2/repository/org/springframework/spring-core/5.1.3.RELEASE/spring-core-5.1.3.RELEASE.jar:/home/user/.m2/repository/org/springframework/spring-jcl/5.1.3.RELEASE/spring-jcl-5.1.3.RELEASE.jar:/home/user/.m2/repository/org/springframework/spring-tx/5.1.3.RELEASE/spring-tx-5.1.3.RELEASE.jar:/home/user/.m2/repository/org/mockito/mockito-core/2.15.0/mockito-core-2.15.0.jar:/home/user/.m2/repository/net/bytebuddy/byte-buddy/1.7.9/byte-buddy-1.7.9.jar:/home/user/.m2/repository/net/bytebuddy/byte-buddy-agent/1.7.9/byte-buddy-agent-1.7.9.jar:/home/user/.m2/repository/org/objenesis/objenesis/1.0/objenesis-1.0.jar:"/>
    <property name="sun.cpu.endian" value="little"/>
    <property name="user.home" value="/home/user"/>
    <property name="user.language" value="en"/>
    <property name="java.specification.vendor" value="Oracle Corporation"/>
    <property name="java.home" value="/usr/lib/jvm/java-1.8.0-openjdk-1.8.0.222.b10-1.el7_7.x86_64/jre"/>
    <property name="surefire.excludesFile" value="/tools/ozone-bad-unit-tests"/>
    <property name="java.security.krb5.conf" value="/workdir/hadoop-ozone/tools/target/test-classes/krb5.conf"/>
    <property name="basedir" value="/workdir/hadoop-ozone/tools"/>
    <property name="file.separator" value="/"/>
    <property name="line.separator" value="&#10;"/>
    <property name="java.vm.specification.vendor" value="Oracle Corporation"/>
    <property name="java.specification.name" value="Java Platform API Specification"/>
    <property name="java.awt.graphicsenv" value="sun.awt.X11GraphicsEnvironment"/>
    <property name="surefire.real.class.path" value="/workdir/hadoop-ozone/tools/target/surefire/surefirebooter1836054616220111435.jar"/>
    <property name="hadoop.log.dir" value="/workdir/hadoop-ozone/tools/target/log"/>
    <property name="sun.boot.class.path" value="/usr/lib/jvm/java-1.8.0-openjdk-1.8.0.222.b10-1.el7_7.x86_64/jre/lib/resources.jar:/usr/lib/jvm/java-1.8.0-openjdk-1.8.0.222.b10-1.el7_7.x86_64/jre/lib/rt.jar:/usr/lib/jvm/java-1.8.0-openjdk-1.8.0.222.b10-1.el7_7.x86_64/jre/lib/sunrsasign.jar:/usr/lib/jvm/java-1.8.0-openjdk-1.8.0.222.b10-1.el7_7.x86_64/jre/lib/jsse.jar:/usr/lib/jvm/java-1.8.0-openjdk-1.8.0.222.b10-1.el7_7.x86_64/jre/lib/jce.jar:/usr/lib/jvm/java-1.8.0-openjdk-1.8.0.222.b10-1.el7_7.x86_64/jre/lib/charsets.jar:/usr/lib/jvm/java-1.8.0-openjdk-1.8.0.222.b10-1.el7_7.x86_64/jre/lib/jfr.jar:/usr/lib/jvm/java-1.8.0-openjdk-1.8.0.222.b10-1.el7_7.x86_64/jre/classes"/>
    <property name="sun.management.compiler" value="HotSpot 64-Bit Tiered Compilers"/>
    <property name="java.runtime.version" value="1.8.0_222-b10"/>
    <property name="java.net.preferIPv4Stack" value="true"/>
    <property name="user.name" value="jenkins1000"/>
    <property name="path.separator" value=":"/>
    <property name="java.security.egd" value="file:///dev/urandom"/>
    <property name="os.version" value="3.10.0-957.12.2.el7.x86_64"/>
    <property name="java.endorsed.dirs" value="/usr/lib/jvm/java-1.8.0-openjdk-1.8.0.222.b10-1.el7_7.x86_64/jre/lib/endorsed"/>
    <property name="java.runtime.name" value="OpenJDK Runtime Environment"/>
    <property name="file.encoding" value="ANSI_X3.4-1968"/>
    <property name="java.vm.name" value="OpenJDK 64-Bit Server VM"/>
    <property name="test.build.webapps" value=""/>
    <property name="localRepository" value="/home/user/.m2/repository"/>
    <property name="java.vendor.url.bug" value="http://bugreport.sun.com/bugreport/"/>
    <property name="java.io.tmpdir" value="/tmp"/>
    <property name="require.test.libhadoop" value=""/>
    <property name="java.version" value="1.8.0_222"/>
    <property name="user.dir" value="/workdir/hadoop-ozone/tools"/>
    <property name="os.arch" value="amd64"/>
    <property name="java.vm.specification.name" value="Java Virtual Machine Specification"/>
    <property name="test.build.classes" value="/workdir/hadoop-ozone/tools/target/test-classes"/>
    <property name="java.awt.printerjob" value="sun.print.PSPrinterJob"/>
    <property name="sun.os.patch.level" value="unknown"/>
    <property name="hadoop.tmp.dir" value="/workdir/hadoop-ozone/tools/target/tmp"/>
    <property name="java.library.path" value="/usr/lib:/workdir/hadoop-ozone/tools/target/native/target/usr/local/lib:/workdir/hadoop-ozone/tools/../../hadoop-common-project/hadoop-common/target/native/target/usr/local/lib:/usr/java/packages/lib/amd64:/usr/lib64:/lib64:/lib:/usr/lib"/>
    <property name="java.vm.info" value="mixed mode"/>
    <property name="java.vendor" value="Oracle Corporation"/>
    <property name="java.vm.version" value="25.222-b10"/>
    <property name="java.ext.dirs" value="/usr/lib/jvm/java-1.8.0-openjdk-1.8.0.222.b10-1.el7_7.x86_64/jre/lib/ext:/usr/java/packages/lib/ext"/>
    <property name="sun.io.unicode.encoding" value="UnicodeLittle"/>
    <property name="java.class.version" value="52.0"/>
  </properties>
  <testcase name="testRestart" classname="org.apache.hadoop.ozone.freon.TestFreonWithPipelineDestroy" time="21.03">
    <error message="INTERNAL_ERROR org.apache.hadoop.ozone.om.exceptions.OMException: Allocated 0 blocks. Requested 5 blocks" type="java.lang.RuntimeException">java.lang.RuntimeException: INTERNAL_ERROR org.apache.hadoop.ozone.om.exceptions.OMException: Allocated 0 blocks. Requested 5 blocks
	at org.apache.hadoop.ozone.freon.RandomKeyGenerator.call(RandomKeyGenerator.java:341)
	at org.apache.hadoop.ozone.freon.TestFreonWithPipelineDestroy.startFreon(TestFreonWithPipelineDestroy.java:87)
	at org.apache.hadoop.ozone.freon.TestFreonWithPipelineDestroy.testRestart(TestFreonWithPipelineDestroy.java:74)
	at sun.reflect.NativeMethodAccessorImpl.invoke0(Native Method)
	at sun.reflect.NativeMethodAccessorImpl.invoke(NativeMethodAccessorImpl.java:62)
	at sun.reflect.DelegatingMethodAccessorImpl.invoke(DelegatingMethodAccessorImpl.java:43)
	at java.lang.reflect.Method.invoke(Method.java:498)
	at org.junit.runners.model.FrameworkMethod$1.runReflectiveCall(FrameworkMethod.java:47)
	at org.junit.internal.runners.model.ReflectiveCallable.run(ReflectiveCallable.java:12)
	at org.junit.runners.model.FrameworkMethod.invokeExplosively(FrameworkMethod.java:44)
	at org.junit.internal.runners.statements.InvokeMethod.evaluate(InvokeMethod.java:17)
	at org.junit.runners.ParentRunner.runLeaf(ParentRunner.java:271)
	at org.junit.runners.BlockJUnit4ClassRunner.runChild(BlockJUnit4ClassRunner.java:70)
	at org.junit.runners.BlockJUnit4ClassRunner.runChild(BlockJUnit4ClassRunner.java:50)
	at org.junit.runners.ParentRunner$3.run(ParentRunner.java:238)
	at org.junit.runners.ParentRunner$1.schedule(ParentRunner.java:63)
	at org.junit.runners.ParentRunner.runChildren(ParentRunner.java:236)
	at org.junit.runners.ParentRunner.access$000(ParentRunner.java:53)
	at org.junit.runners.ParentRunner$2.evaluate(ParentRunner.java:229)
	at org.junit.internal.runners.statements.RunBefores.evaluate(RunBefores.java:26)
	at org.junit.internal.runners.statements.RunAfters.evaluate(RunAfters.java:27)
	at org.junit.runners.ParentRunner.run(ParentRunner.java:309)
	at org.apache.maven.surefire.junit4.JUnit4Provider.execute(JUnit4Provider.java:365)
	at org.apache.maven.surefire.junit4.JUnit4Provider.executeWithRerun(JUnit4Provider.java:273)
	at org.apache.maven.surefire.junit4.JUnit4Provider.executeTestSet(JUnit4Provider.java:238)
	at org.apache.maven.surefire.junit4.JUnit4Provider.invoke(JUnit4Provider.java:159)
	at org.apache.maven.surefire.booter.ForkedBooter.invokeProviderInSameClassLoader(ForkedBooter.java:384)
	at org.apache.maven.surefire.booter.ForkedBooter.runSuitesInProcess(ForkedBooter.java:345)
	at org.apache.maven.surefire.booter.ForkedBooter.execute(ForkedBooter.java:126)
	at org.apache.maven.surefire.booter.ForkedBooter.main(ForkedBooter.java:418)
Caused by: INTERNAL_ERROR org.apache.hadoop.ozone.om.exceptions.OMException: Allocated 0 blocks. Requested 5 blocks
	at org.apache.hadoop.ozone.om.protocolPB.OzoneManagerProtocolClientSideTranslatorPB.handleError(OzoneManagerProtocolClientSideTranslatorPB.java:758)
	at org.apache.hadoop.ozone.om.protocolPB.OzoneManagerProtocolClientSideTranslatorPB.openKey(OzoneManagerProtocolClientSideTranslatorPB.java:749)
	at sun.reflect.NativeMethodAccessorImpl.invoke0(Native Method)
	at sun.reflect.NativeMethodAccessorImpl.invoke(NativeMethodAccessorImpl.java:62)
	at sun.reflect.DelegatingMethodAccessorImpl.invoke(DelegatingMethodAccessorImpl.java:43)
	at java.lang.reflect.Method.invoke(Method.java:498)
	at org.apache.hadoop.hdds.tracing.TraceAllMethod.invoke(TraceAllMethod.java:66)
	at com.sun.proxy.$Proxy37.openKey(Unknown Source)
	at org.apache.hadoop.ozone.client.rpc.RpcClient.createKey(RpcClient.java:633)
	at org.apache.hadoop.ozone.client.OzoneBucket.createKey(OzoneBucket.java:325)
	at org.apache.hadoop.ozone.freon.RandomKeyGenerator.createKey(RandomKeyGenerator.java:697)
	at org.apache.hadoop.ozone.freon.RandomKeyGenerator.access$1100(RandomKeyGenerator.java:88)
	at org.apache.hadoop.ozone.freon.RandomKeyGenerator$ObjectCreator.run(RandomKeyGenerator.java:615)
	at java.util.concurrent.Executors$RunnableAdapter.call(Executors.java:511)
	at java.util.concurrent.FutureTask.run(FutureTask.java:266)
	at java.util.concurrent.ThreadPoolExecutor.runWorker(ThreadPoolExecutor.java:1149)
	at java.util.concurrent.ThreadPoolExecutor$Worker.run(ThreadPoolExecutor.java:624)
	at java.lang.Thread.run(Thread.java:748)
</error>
    <system-out><![CDATA[2019-11-06 14:58:15,123 [main] WARN  server.ServerUtils (ServerUtils.java:getScmDbDir(145)) - ozone.scm.db.dirs is not configured. We recommend adding this setting. Falling back to ozone.metadata.dirs instead.
2019-11-06 14:58:15,296 [main] WARN  server.ServerUtils (ServerUtils.java:getScmDbDir(145)) - ozone.scm.db.dirs is not configured. We recommend adding this setting. Falling back to ozone.metadata.dirs instead.
2019-11-06 14:58:15,299 [main] WARN  server.ServerUtils (ServerUtils.java:getScmDbDir(145)) - ozone.scm.db.dirs is not configured. We recommend adding this setting. Falling back to ozone.metadata.dirs instead.
2019-11-06 14:58:15,329 [main] INFO  util.log (Log.java:initialized(192)) - Logging initialized @955ms
2019-11-06 14:58:15,426 [main] INFO  db.DBStoreBuilder (DBStoreBuilder.java:addTable(127)) - using custom profile for table: deletedBlocks
2019-11-06 14:58:15,427 [main] INFO  db.DBStoreBuilder (DBStoreBuilder.java:processTables(183)) - Using default column profile:DBProfile.DISK for Table:deletedBlocks
2019-11-06 14:58:15,427 [main] INFO  db.DBStoreBuilder (DBStoreBuilder.java:addTable(127)) - using custom profile for table: validCerts
2019-11-06 14:58:15,427 [main] INFO  db.DBStoreBuilder (DBStoreBuilder.java:processTables(183)) - Using default column profile:DBProfile.DISK for Table:validCerts
2019-11-06 14:58:15,428 [main] INFO  db.DBStoreBuilder (DBStoreBuilder.java:addTable(127)) - using custom profile for table: revokedCerts
2019-11-06 14:58:15,428 [main] INFO  db.DBStoreBuilder (DBStoreBuilder.java:processTables(183)) - Using default column profile:DBProfile.DISK for Table:revokedCerts
2019-11-06 14:58:15,439 [main] INFO  db.DBStoreBuilder (DBStoreBuilder.java:addTable(127)) - using custom profile for table: default
2019-11-06 14:58:15,439 [main] INFO  db.DBStoreBuilder (DBStoreBuilder.java:processTables(189)) - Using default column profile:DBProfile.DISK for Table:default
2019-11-06 14:58:15,441 [main] INFO  db.DBStoreBuilder (DBStoreBuilder.java:getDbProfile(220)) - Using default options. DBProfile.DISK
2019-11-06 14:58:15,692 [main] INFO  net.NodeSchemaLoader (NodeSchemaLoader.java:loadSchemaFromFile(125)) - Loading file from sun.misc.CompoundEnumeration@618b19ad
2019-11-06 14:58:15,694 [main] INFO  net.NodeSchemaLoader (NodeSchemaLoader.java:loadSchema(171)) - Loading network topology layer schema file
2019-11-06 14:58:15,757 [main] INFO  node.SCMNodeManager (SCMNodeManager.java:<init>(116)) - Entering startup safe mode.
2019-11-06 14:58:15,824 [main] INFO  algorithms.ContainerPlacementPolicyFactory (ContainerPlacementPolicyFactory.java:getPolicy(57)) - Create container placement policy of type org.apache.hadoop.hdds.scm.container.placement.algorithms.SCMContainerPlacementRandom
2019-11-06 14:58:15,840 [main] WARN  server.ServerUtils (ServerUtils.java:getScmDbDir(145)) - ozone.scm.db.dirs is not configured. We recommend adding this setting. Falling back to ozone.metadata.dirs instead.
2019-11-06 14:58:15,934 [main] INFO  pipeline.SCMPipelineManager (SCMPipelineManager.java:initializePipelineState(136)) - No pipeline exists in current db
2019-11-06 14:58:15,937 [main] WARN  server.ServerUtils (ServerUtils.java:getScmDbDir(145)) - ozone.scm.db.dirs is not configured. We recommend adding this setting. Falling back to ozone.metadata.dirs instead.
2019-11-06 14:58:16,086 [main] INFO  safemode.HealthyPipelineSafeModeRule (HealthyPipelineSafeModeRule.java:<init>(91)) -  Total pipeline count is 0, healthy pipeline threshold count is 1
2019-11-06 14:58:16,090 [main] INFO  safemode.OneReplicaPipelineSafeModeRule (OneReplicaPipelineSafeModeRule.java:<init>(79)) - Total pipeline count is 0, pipeline's with at least one datanode reported threshold count is 0
2019-11-06 14:58:16,090 [main] WARN  events.EventQueue (EventQueue.java:fireEvent(183)) - No event handler registered for event TypedEvent{payloadType=SafeModeStatus, name='SafeModeStatus'}
2019-11-06 14:58:16,472 [main] INFO  ipc.CallQueueManager (CallQueueManager.java:<init>(84)) - Using callQueue: class java.util.concurrent.LinkedBlockingQueue, queueCapacity: 2000, scheduler: class org.apache.hadoop.ipc.DefaultRpcScheduler, ipcBackoff: false.
2019-11-06 14:58:16,608 [Socket Reader #1 for port 40831] INFO  ipc.Server (Server.java:run(1074)) - Starting Socket Reader #1 for port 40831
2019-11-06 14:58:16,637 [main] INFO  ipc.CallQueueManager (CallQueueManager.java:<init>(84)) - Using callQueue: class java.util.concurrent.LinkedBlockingQueue, queueCapacity: 2000, scheduler: class org.apache.hadoop.ipc.DefaultRpcScheduler, ipcBackoff: false.
2019-11-06 14:58:16,638 [Socket Reader #1 for port 39986] INFO  ipc.Server (Server.java:run(1074)) - Starting Socket Reader #1 for port 39986
2019-11-06 14:58:16,645 [main] INFO  ipc.CallQueueManager (CallQueueManager.java:<init>(84)) - Using callQueue: class java.util.concurrent.LinkedBlockingQueue, queueCapacity: 2000, scheduler: class org.apache.hadoop.ipc.DefaultRpcScheduler, ipcBackoff: false.
2019-11-06 14:58:16,646 [Socket Reader #1 for port 34615] INFO  ipc.Server (Server.java:run(1074)) - Starting Socket Reader #1 for port 34615
2019-11-06 14:58:16,670 [main] INFO  hdfs.DFSUtil (DFSUtil.java:httpServerTemplateForNNAndJN(1641)) - Starting Web-server for scm at: http://0.0.0.0:0
2019-11-06 14:58:16,807 [main] INFO  server.AuthenticationFilter (AuthenticationFilter.java:constructSecretProvider(240)) - Unable to initialize FileSignerSecretProvider, falling back to use random secrets.
2019-11-06 14:58:16,823 [main] WARN  http.HttpRequestLog (HttpRequestLog.java:getRequestLog(97)) - Jetty request log can only be enabled using Log4j
2019-11-06 14:58:16,831 [main] INFO  http.HttpServer2 (HttpServer2.java:addGlobalFilter(975)) - Added global filter 'safety' (class=org.apache.hadoop.http.HttpServer2$QuotingInputFilter)
2019-11-06 14:58:16,834 [main] INFO  http.HttpServer2 (HttpServer2.java:addFilter(948)) - Added filter static_user_filter (class=org.apache.hadoop.http.lib.StaticUserWebFilter$StaticUserFilter) to context scm
2019-11-06 14:58:16,834 [main] INFO  http.HttpServer2 (HttpServer2.java:addFilter(958)) - Added filter static_user_filter (class=org.apache.hadoop.http.lib.StaticUserWebFilter$StaticUserFilter) to context logs
2019-11-06 14:58:16,835 [main] INFO  http.HttpServer2 (HttpServer2.java:addFilter(958)) - Added filter static_user_filter (class=org.apache.hadoop.http.lib.StaticUserWebFilter$StaticUserFilter) to context static
2019-11-06 14:58:16,861 [main] INFO  server.StorageContainerManager (StorageContainerManager.java:start(763)) - StorageContainerLocationProtocol RPC server is listening at /0.0.0.0:34615
2019-11-06 14:58:16,932 [main] WARN  impl.MetricsConfig (MetricsConfig.java:loadFirst(134)) - Cannot locate configuration: tried hadoop-metrics2-storagecontainermanager.properties,hadoop-metrics2.properties
2019-11-06 14:58:16,952 [main] INFO  impl.MetricsSystemImpl (MetricsSystemImpl.java:startTimer(374)) - Scheduled Metric snapshot period at 10 second(s).
2019-11-06 14:58:16,953 [main] INFO  impl.MetricsSystemImpl (MetricsSystemImpl.java:start(191)) - StorageContainerManager metrics system started
2019-11-06 14:58:17,199 [main] INFO  server.SCMClientProtocolServer (SCMClientProtocolServer.java:start(159)) - RPC server for Client  is listening at /0.0.0.0:34615
2019-11-06 14:58:17,200 [IPC Server Responder] INFO  ipc.Server (Server.java:run(1314)) - IPC Server Responder: starting
2019-11-06 14:58:17,200 [IPC Server listener on 34615] INFO  ipc.Server (Server.java:run(1153)) - IPC Server listener on 34615: starting
2019-11-06 14:58:17,203 [main] INFO  server.StorageContainerManager (StorageContainerManager.java:start(773)) - ScmBlockLocationProtocol RPC server is listening at /0.0.0.0:39986
2019-11-06 14:58:17,204 [main] INFO  server.SCMBlockProtocolServer (SCMBlockProtocolServer.java:start(146)) - RPC server for Block Protocol is listening at /0.0.0.0:39986
2019-11-06 14:58:17,204 [IPC Server Responder] INFO  ipc.Server (Server.java:run(1314)) - IPC Server Responder: starting
2019-11-06 14:58:17,204 [IPC Server listener on 39986] INFO  ipc.Server (Server.java:run(1153)) - IPC Server listener on 39986: starting
2019-11-06 14:58:17,206 [main] INFO  server.StorageContainerManager (StorageContainerManager.java:start(777)) - ScmDatanodeProtocl RPC server is listening at /0.0.0.0:40831
2019-11-06 14:58:17,207 [main] INFO  server.SCMDatanodeProtocolServer (SCMDatanodeProtocolServer.java:start(177)) - RPC server for DataNodes is listening at /0.0.0.0:40831
2019-11-06 14:58:17,208 [IPC Server Responder] INFO  ipc.Server (Server.java:run(1314)) - IPC Server Responder: starting
2019-11-06 14:58:17,208 [IPC Server listener on 40831] INFO  ipc.Server (Server.java:run(1153)) - IPC Server listener on 40831: starting
2019-11-06 14:58:17,211 [main] INFO  http.HttpServer2 (HttpServer2.java:bindListener(1191)) - Jetty bound to port 38005
2019-11-06 14:58:17,212 [main] INFO  server.Server (Server.java:doStart(351)) - jetty-9.3.25.v20180904, build timestamp: 2018-09-04T21:11:46Z, git hash: 3ce520221d0240229c862b122d2b06c12a625732
2019-11-06 14:58:17,244 [main] INFO  handler.ContextHandler (ContextHandler.java:doStart(781)) - Started o.e.j.s.ServletContextHandler@708400f6{/logs,file:///workdir/hadoop-ozone/tools/target/log,AVAILABLE}
2019-11-06 14:58:17,245 [main] INFO  handler.ContextHandler (ContextHandler.java:doStart(781)) - Started o.e.j.s.ServletContextHandler@1b2c4efb{/static,jar:file:/home/user/.m2/repository/org/apache/hadoop/hadoop-hdds-server-scm/0.5.0-SNAPSHOT/hadoop-hdds-server-scm-0.5.0-SNAPSHOT.jar!/webapps/static,AVAILABLE}
2019-11-06 14:58:17,315 [main] INFO  handler.ContextHandler (ContextHandler.java:doStart(781)) - Started o.e.j.w.WebAppContext@aa22f1c{/,file:///tmp/jetty-0.0.0.0-38005-scm-_-any-29530303716127275.dir/webapp/,AVAILABLE}{/scm}
2019-11-06 14:58:17,320 [main] INFO  server.AbstractConnector (AbstractConnector.java:doStart(278)) - Started ServerConnector@4108fa66{HTTP/1.1,[http/1.1]}{0.0.0.0:38005}
2019-11-06 14:58:17,320 [main] INFO  server.Server (Server.java:doStart(419)) - Started @2947ms
2019-11-06 14:58:17,322 [main] INFO  impl.MetricsSinkAdapter (MetricsSinkAdapter.java:start(204)) - Sink prometheus started
2019-11-06 14:58:17,323 [main] INFO  impl.MetricsSystemImpl (MetricsSystemImpl.java:registerSink(301)) - Registered sink prometheus
2019-11-06 14:58:17,324 [main] INFO  server.BaseHttpServer (BaseHttpServer.java:updateConnectorAddress(215)) - HTTP server of SCM is listening at http://0.0.0.0:38005
2019-11-06 14:58:17,333 [org.apache.hadoop.util.JvmPauseMonitor$Monitor@641856] INFO  util.JvmPauseMonitor (JvmPauseMonitor.java:run(188)) - Starting JVM pause monitor
2019-11-06 14:58:17,338 [main] WARN  server.ServerUtils (ServerUtils.java:getDBPath(222)) - ozone.om.db.dirs is not configured. We recommend adding this setting. Falling back to ozone.metadata.dirs instead.
2019-11-06 14:58:17,443 [main] INFO  ha.OMHANodeDetails (OMHANodeDetails.java:loadOMHAConfig(190)) - Configuration either no ozone.om.address set. Falling back to the default OM address /127.0.0.1:0
2019-11-06 14:58:17,443 [main] INFO  ha.OMHANodeDetails (OMHANodeDetails.java:getOMNodeDetails(220)) - OM Service ID is not set. Setting it to the default ID: omServiceIdDefault
2019-11-06 14:58:17,445 [main] WARN  server.ServerUtils (ServerUtils.java:getDBPath(222)) - ozone.om.db.dirs is not configured. We recommend adding this setting. Falling back to ozone.metadata.dirs instead.
2019-11-06 14:58:17,446 [main] WARN  server.ServerUtils (ServerUtils.java:getDBPath(222)) - ozone.om.db.dirs is not configured. We recommend adding this setting. Falling back to ozone.metadata.dirs instead.
2019-11-06 14:58:18,056 [main] WARN  server.ServerUtils (ServerUtils.java:getDBPath(222)) - ozone.om.db.dirs is not configured. We recommend adding this setting. Falling back to ozone.metadata.dirs instead.
2019-11-06 14:58:18,064 [main] INFO  db.DBStoreBuilder (DBStoreBuilder.java:addTable(127)) - using custom profile for table: userTable
2019-11-06 14:58:18,064 [main] INFO  db.DBStoreBuilder (DBStoreBuilder.java:processTables(183)) - Using default column profile:DBProfile.DISK for Table:userTable
2019-11-06 14:58:18,064 [main] INFO  db.DBStoreBuilder (DBStoreBuilder.java:addTable(127)) - using custom profile for table: volumeTable
2019-11-06 14:58:18,065 [main] INFO  db.DBStoreBuilder (DBStoreBuilder.java:processTables(183)) - Using default column profile:DBProfile.DISK for Table:volumeTable
2019-11-06 14:58:18,065 [main] INFO  db.DBStoreBuilder (DBStoreBuilder.java:addTable(127)) - using custom profile for table: bucketTable
2019-11-06 14:58:18,065 [main] INFO  db.DBStoreBuilder (DBStoreBuilder.java:processTables(183)) - Using default column profile:DBProfile.DISK for Table:bucketTable
2019-11-06 14:58:18,065 [main] INFO  db.DBStoreBuilder (DBStoreBuilder.java:addTable(127)) - using custom profile for table: keyTable
2019-11-06 14:58:18,065 [main] INFO  db.DBStoreBuilder (DBStoreBuilder.java:processTables(183)) - Using default column profile:DBProfile.DISK for Table:keyTable
2019-11-06 14:58:18,066 [main] INFO  db.DBStoreBuilder (DBStoreBuilder.java:addTable(127)) - using custom profile for table: deletedTable
2019-11-06 14:58:18,066 [main] INFO  db.DBStoreBuilder (DBStoreBuilder.java:processTables(183)) - Using default column profile:DBProfile.DISK for Table:deletedTable
2019-11-06 14:58:18,066 [main] INFO  db.DBStoreBuilder (DBStoreBuilder.java:addTable(127)) - using custom profile for table: openKeyTable
2019-11-06 14:58:18,066 [main] INFO  db.DBStoreBuilder (DBStoreBuilder.java:processTables(183)) - Using default column profile:DBProfile.DISK for Table:openKeyTable
2019-11-06 14:58:18,067 [main] INFO  db.DBStoreBuilder (DBStoreBuilder.java:addTable(127)) - using custom profile for table: s3Table
2019-11-06 14:58:18,067 [main] INFO  db.DBStoreBuilder (DBStoreBuilder.java:processTables(183)) - Using default column profile:DBProfile.DISK for Table:s3Table
2019-11-06 14:58:18,067 [main] INFO  db.DBStoreBuilder (DBStoreBuilder.java:addTable(127)) - using custom profile for table: multipartInfoTable
2019-11-06 14:58:18,067 [main] INFO  db.DBStoreBuilder (DBStoreBuilder.java:processTables(183)) - Using default column profile:DBProfile.DISK for Table:multipartInfoTable
2019-11-06 14:58:18,067 [main] INFO  db.DBStoreBuilder (DBStoreBuilder.java:addTable(127)) - using custom profile for table: dTokenTable
2019-11-06 14:58:18,068 [main] INFO  db.DBStoreBuilder (DBStoreBuilder.java:processTables(183)) - Using default column profile:DBProfile.DISK for Table:dTokenTable
2019-11-06 14:58:18,068 [main] INFO  db.DBStoreBuilder (DBStoreBuilder.java:addTable(127)) - using custom profile for table: s3SecretTable
2019-11-06 14:58:18,068 [main] INFO  db.DBStoreBuilder (DBStoreBuilder.java:processTables(183)) - Using default column profile:DBProfile.DISK for Table:s3SecretTable
2019-11-06 14:58:18,068 [main] INFO  db.DBStoreBuilder (DBStoreBuilder.java:addTable(127)) - using custom profile for table: prefixTable
2019-11-06 14:58:18,068 [main] INFO  db.DBStoreBuilder (DBStoreBuilder.java:processTables(183)) - Using default column profile:DBProfile.DISK for Table:prefixTable
2019-11-06 14:58:18,069 [main] INFO  db.DBStoreBuilder (DBStoreBuilder.java:addTable(127)) - using custom profile for table: default
2019-11-06 14:58:18,069 [main] INFO  db.DBStoreBuilder (DBStoreBuilder.java:processTables(189)) - Using default column profile:DBProfile.DISK for Table:default
2019-11-06 14:58:18,069 [main] INFO  db.DBStoreBuilder (DBStoreBuilder.java:getDbProfile(220)) - Using default options. DBProfile.DISK
2019-11-06 14:58:18,554 [main] INFO  ipc.CallQueueManager (CallQueueManager.java:<init>(84)) - Using callQueue: class java.util.concurrent.LinkedBlockingQueue, queueCapacity: 2000, scheduler: class org.apache.hadoop.ipc.DefaultRpcScheduler, ipcBackoff: false.
2019-11-06 14:58:18,555 [Socket Reader #1 for port 40288] INFO  ipc.Server (Server.java:run(1074)) - Starting Socket Reader #1 for port 40288
2019-11-06 14:58:18,579 [main] INFO  om.OzoneManager (OzoneManager.java:start(1076)) - OzoneManager RPC server is listening at localhost/127.0.0.1:40288
2019-11-06 14:58:18,580 [main] INFO  impl.MetricsSystemImpl (MetricsSystemImpl.java:init(158)) - OzoneManager metrics system started (again)
2019-11-06 14:58:18,588 [IPC Server listener on 40288] INFO  ipc.Server (Server.java:run(1153)) - IPC Server listener on 40288: starting
2019-11-06 14:58:18,588 [IPC Server Responder] INFO  ipc.Server (Server.java:run(1314)) - IPC Server Responder: starting
2019-11-06 14:58:18,595 [main] INFO  hdfs.DFSUtil (DFSUtil.java:httpServerTemplateForNNAndJN(1641)) - Starting Web-server for ozoneManager at: http://0.0.0.0:0
2019-11-06 14:58:18,597 [main] INFO  server.AuthenticationFilter (AuthenticationFilter.java:constructSecretProvider(240)) - Unable to initialize FileSignerSecretProvider, falling back to use random secrets.
2019-11-06 14:58:18,598 [main] WARN  http.HttpRequestLog (HttpRequestLog.java:getRequestLog(97)) - Jetty request log can only be enabled using Log4j
2019-11-06 14:58:18,601 [main] INFO  http.HttpServer2 (HttpServer2.java:addGlobalFilter(975)) - Added global filter 'safety' (class=org.apache.hadoop.http.HttpServer2$QuotingInputFilter)
2019-11-06 14:58:18,602 [main] INFO  http.HttpServer2 (HttpServer2.java:addFilter(948)) - Added filter static_user_filter (class=org.apache.hadoop.http.lib.StaticUserWebFilter$StaticUserFilter) to context ozoneManager
2019-11-06 14:58:18,603 [main] INFO  http.HttpServer2 (HttpServer2.java:addFilter(958)) - Added filter static_user_filter (class=org.apache.hadoop.http.lib.StaticUserWebFilter$StaticUserFilter) to context static
2019-11-06 14:58:18,603 [main] INFO  http.HttpServer2 (HttpServer2.java:addFilter(958)) - Added filter static_user_filter (class=org.apache.hadoop.http.lib.StaticUserWebFilter$StaticUserFilter) to context logs
2019-11-06 14:58:18,606 [main] INFO  http.HttpServer2 (HttpServer2.java:bindListener(1191)) - Jetty bound to port 36963
2019-11-06 14:58:18,606 [main] INFO  server.Server (Server.java:doStart(351)) - jetty-9.3.25.v20180904, build timestamp: 2018-09-04T21:11:46Z, git hash: 3ce520221d0240229c862b122d2b06c12a625732
2019-11-06 14:58:18,609 [main] INFO  handler.ContextHandler (ContextHandler.java:doStart(781)) - Started o.e.j.s.ServletContextHandler@75b3673{/logs,file:///workdir/hadoop-ozone/tools/target/log,AVAILABLE}
2019-11-06 14:58:18,610 [main] INFO  handler.ContextHandler (ContextHandler.java:doStart(781)) - Started o.e.j.s.ServletContextHandler@d1a10ac{/static,jar:file:/home/user/.m2/repository/org/apache/hadoop/hadoop-ozone-ozone-manager/0.5.0-SNAPSHOT/hadoop-ozone-ozone-manager-0.5.0-SNAPSHOT.jar!/webapps/static,AVAILABLE}
2019-11-06 14:58:18,674 [main] INFO  handler.ContextHandler (ContextHandler.java:doStart(781)) - Started o.e.j.w.WebAppContext@6272c96f{/,file:///tmp/jetty-0.0.0.0-36963-ozoneManager-_-any-7933664497085368157.dir/webapp/,AVAILABLE}{/ozoneManager}
2019-11-06 14:58:18,675 [main] INFO  server.AbstractConnector (AbstractConnector.java:doStart(278)) - Started ServerConnector@6de30571{HTTP/1.1,[http/1.1]}{0.0.0.0:36963}
2019-11-06 14:58:18,675 [main] INFO  server.Server (Server.java:doStart(419)) - Started @4302ms
2019-11-06 14:58:18,676 [main] WARN  impl.MetricsSystemImpl (MetricsSystemImpl.java:register(276)) - Sink prometheus already exists!
2019-11-06 14:58:18,677 [main] INFO  server.BaseHttpServer (BaseHttpServer.java:updateConnectorAddress(215)) - HTTP server of OZONEMANAGER is listening at http://0.0.0.0:36963
2019-11-06 14:58:18,926 [main] INFO  impl.MetricsSystemImpl (MetricsSystemImpl.java:init(158)) - HddsDatanode metrics system started (again)
2019-11-06 14:58:18,967 [main] INFO  ozone.HddsDatanodeService (HddsDatanodeService.java:start(183)) - HddsDatanodeService host:pr-hdds-2034-kzwt9-1771795315 ip:192.168.34.45
2019-11-06 14:58:18,998 [main] INFO  volume.HddsVolume (HddsVolume.java:<init>(176)) - Creating Volume: /workdir/hadoop-ozone/tools/target/test-dir/MiniOzoneClusterImpl-4661be70-4e3d-459f-9aa3-197b2cf720b3/datanode-0/data/containers/hdds of  storage type : DISK and capacity : 1482555576320
2019-11-06 14:58:19,000 [main] INFO  volume.VolumeSet (VolumeSet.java:initializeVolumeSet(170)) - Added Volume : /workdir/hadoop-ozone/tools/target/test-dir/MiniOzoneClusterImpl-4661be70-4e3d-459f-9aa3-197b2cf720b3/datanode-0/data/containers/hdds to VolumeSet
2019-11-06 14:58:19,003 [main] INFO  volume.ThrottledAsyncChecker (ThrottledAsyncChecker.java:schedule(141)) - Scheduling a check for /workdir/hadoop-ozone/tools/target/test-dir/MiniOzoneClusterImpl-4661be70-4e3d-459f-9aa3-197b2cf720b3/datanode-0/data/containers/hdds
2019-11-06 14:58:19,017 [main] INFO  volume.HddsVolumeChecker (HddsVolumeChecker.java:checkAllVolumes(204)) - Scheduled health check for volume /workdir/hadoop-ozone/tools/target/test-dir/MiniOzoneClusterImpl-4661be70-4e3d-459f-9aa3-197b2cf720b3/datanode-0/data/containers/hdds
2019-11-06 14:58:19,104 [main] INFO  impl.RaftServerProxy (ConfUtils.java:logGet(43)) - raft.rpc.type = GRPC (default)
2019-11-06 14:58:19,157 [main] INFO  grpc.GrpcFactory (GrpcFactory.java:checkPooledByteBufAllocatorUseCacheForAllThreads(45)) - PERFORMANCE WARNING: useCacheForAllThreads is true that may cause Netty to create a lot garbage objects and, as a result, trigger GC.
	It is recommended to disable useCacheForAllThreads by setting -Dorg.apache.ratis.thirdparty.io.netty.allocator.useCacheForAllThreads=false in command line.
2019-11-06 14:58:19,161 [main] INFO  grpc.GrpcConfigKeys$Server (ConfUtils.java:logGet(43)) - raft.grpc.server.port = 0 (default)
2019-11-06 14:58:19,162 [main] INFO  server.GrpcService (ConfUtils.java:logGet(43)) - raft.grpc.message.size.max = 33570816 (custom)
2019-11-06 14:58:19,164 [main] INFO  server.RaftServerConfigKeys (ConfUtils.java:logGet(43)) - raft.server.log.appender.buffer.byte-limit = 33554432 (custom)
2019-11-06 14:58:19,164 [main] INFO  server.GrpcService (ConfUtils.java:logGet(43)) - raft.grpc.flow.control.window = 1MB (=1048576) (default)
2019-11-06 14:58:19,165 [main] INFO  server.RaftServerConfigKeys (ConfUtils.java:logGet(43)) - raft.server.rpc.request.timeout = 3000ms (default)
2019-11-06 14:58:19,343 [main] INFO  server.RaftServerConfigKeys (ConfUtils.java:logGet(43)) - raft.server.storage.dir = [/workdir/hadoop-ozone/tools/target/test-dir/MiniOzoneClusterImpl-4661be70-4e3d-459f-9aa3-197b2cf720b3/datanode-0/data/ratis] (custom)
2019-11-06 14:58:19,416 [main] INFO  hdfs.DFSUtil (DFSUtil.java:httpServerTemplateForNNAndJN(1641)) - Starting Web-server for hddsDatanode at: http://0.0.0.0:0
2019-11-06 14:58:19,418 [main] INFO  server.AuthenticationFilter (AuthenticationFilter.java:constructSecretProvider(240)) - Unable to initialize FileSignerSecretProvider, falling back to use random secrets.
2019-11-06 14:58:19,419 [main] WARN  http.HttpRequestLog (HttpRequestLog.java:getRequestLog(97)) - Jetty request log can only be enabled using Log4j
2019-11-06 14:58:19,420 [main] INFO  http.HttpServer2 (HttpServer2.java:addGlobalFilter(975)) - Added global filter 'safety' (class=org.apache.hadoop.http.HttpServer2$QuotingInputFilter)
2019-11-06 14:58:19,421 [main] INFO  http.HttpServer2 (HttpServer2.java:addFilter(948)) - Added filter static_user_filter (class=org.apache.hadoop.http.lib.StaticUserWebFilter$StaticUserFilter) to context hddsDatanode
2019-11-06 14:58:19,421 [main] INFO  http.HttpServer2 (HttpServer2.java:addFilter(958)) - Added filter static_user_filter (class=org.apache.hadoop.http.lib.StaticUserWebFilter$StaticUserFilter) to context static
2019-11-06 14:58:19,421 [main] INFO  http.HttpServer2 (HttpServer2.java:addFilter(958)) - Added filter static_user_filter (class=org.apache.hadoop.http.lib.StaticUserWebFilter$StaticUserFilter) to context logs
2019-11-06 14:58:19,422 [main] INFO  http.HttpServer2 (HttpServer2.java:bindListener(1191)) - Jetty bound to port 39689
2019-11-06 14:58:19,422 [main] INFO  server.Server (Server.java:doStart(351)) - jetty-9.3.25.v20180904, build timestamp: 2018-09-04T21:11:46Z, git hash: 3ce520221d0240229c862b122d2b06c12a625732
2019-11-06 14:58:19,425 [main] INFO  handler.ContextHandler (ContextHandler.java:doStart(781)) - Started o.e.j.s.ServletContextHandler@62e93c3a{/logs,file:///workdir/hadoop-ozone/tools/target/log,AVAILABLE}
2019-11-06 14:58:19,425 [main] INFO  handler.ContextHandler (ContextHandler.java:doStart(781)) - Started o.e.j.s.ServletContextHandler@25d93198{/static,jar:file:/home/user/.m2/repository/org/apache/hadoop/hadoop-hdds-container-service/0.5.0-SNAPSHOT/hadoop-hdds-container-service-0.5.0-SNAPSHOT.jar!/webapps/static,AVAILABLE}
2019-11-06 14:58:19,452 [main] INFO  handler.ContextHandler (ContextHandler.java:doStart(781)) - Started o.e.j.w.WebAppContext@4674d90{/,file:///tmp/jetty-0.0.0.0-39689-hddsDatanode-_-any-3703989867872679425.dir/webapp/,AVAILABLE}{/hddsDatanode}
2019-11-06 14:58:19,453 [main] INFO  server.AbstractConnector (AbstractConnector.java:doStart(278)) - Started ServerConnector@60783105{HTTP/1.1,[http/1.1]}{0.0.0.0:39689}
2019-11-06 14:58:19,453 [main] INFO  server.Server (Server.java:doStart(419)) - Started @5080ms
2019-11-06 14:58:19,453 [main] WARN  impl.MetricsSystemImpl (MetricsSystemImpl.java:register(276)) - Sink prometheus already exists!
2019-11-06 14:58:19,455 [main] INFO  server.BaseHttpServer (BaseHttpServer.java:updateConnectorAddress(215)) - HTTP server of HDDSDATANODE is listening at http://0.0.0.0:39689
2019-11-06 14:58:19,456 [main] INFO  impl.MetricsSystemImpl (MetricsSystemImpl.java:init(158)) - HddsDatanode metrics system started (again)
2019-11-06 14:58:19,458 [main] INFO  ozone.HddsDatanodeService (HddsDatanodeService.java:start(183)) - HddsDatanodeService host:pr-hdds-2034-kzwt9-1771795315 ip:192.168.34.45
2019-11-06 14:58:19,460 [org.apache.hadoop.util.JvmPauseMonitor$Monitor@333da147] INFO  util.JvmPauseMonitor (JvmPauseMonitor.java:run(188)) - Starting JVM pause monitor
2019-11-06 14:58:19,468 [main] INFO  volume.HddsVolume (HddsVolume.java:<init>(176)) - Creating Volume: /workdir/hadoop-ozone/tools/target/test-dir/MiniOzoneClusterImpl-4661be70-4e3d-459f-9aa3-197b2cf720b3/datanode-1/data/containers/hdds of  storage type : DISK and capacity : 1482555576320
2019-11-06 14:58:19,468 [main] INFO  volume.VolumeSet (VolumeSet.java:initializeVolumeSet(170)) - Added Volume : /workdir/hadoop-ozone/tools/target/test-dir/MiniOzoneClusterImpl-4661be70-4e3d-459f-9aa3-197b2cf720b3/datanode-1/data/containers/hdds to VolumeSet
2019-11-06 14:58:19,469 [main] INFO  volume.ThrottledAsyncChecker (ThrottledAsyncChecker.java:schedule(141)) - Scheduling a check for /workdir/hadoop-ozone/tools/target/test-dir/MiniOzoneClusterImpl-4661be70-4e3d-459f-9aa3-197b2cf720b3/datanode-1/data/containers/hdds
2019-11-06 14:58:19,469 [main] INFO  volume.HddsVolumeChecker (HddsVolumeChecker.java:checkAllVolumes(204)) - Scheduled health check for volume /workdir/hadoop-ozone/tools/target/test-dir/MiniOzoneClusterImpl-4661be70-4e3d-459f-9aa3-197b2cf720b3/datanode-1/data/containers/hdds
2019-11-06 14:58:19,483 [main] INFO  impl.RaftServerProxy (ConfUtils.java:logGet(43)) - raft.rpc.type = GRPC (default)
2019-11-06 14:58:19,483 [main] INFO  grpc.GrpcFactory (GrpcFactory.java:checkPooledByteBufAllocatorUseCacheForAllThreads(45)) - PERFORMANCE WARNING: useCacheForAllThreads is true that may cause Netty to create a lot garbage objects and, as a result, trigger GC.
	It is recommended to disable useCacheForAllThreads by setting -Dorg.apache.ratis.thirdparty.io.netty.allocator.useCacheForAllThreads=false in command line.
2019-11-06 14:58:19,483 [main] INFO  grpc.GrpcConfigKeys$Server (ConfUtils.java:logGet(43)) - raft.grpc.server.port = 0 (default)
2019-11-06 14:58:19,484 [main] INFO  server.GrpcService (ConfUtils.java:logGet(43)) - raft.grpc.message.size.max = 33570816 (custom)
2019-11-06 14:58:19,484 [main] INFO  server.RaftServerConfigKeys (ConfUtils.java:logGet(43)) - raft.server.log.appender.buffer.byte-limit = 33554432 (custom)
2019-11-06 14:58:19,484 [main] INFO  server.GrpcService (ConfUtils.java:logGet(43)) - raft.grpc.flow.control.window = 1MB (=1048576) (default)
2019-11-06 14:58:19,484 [main] INFO  server.RaftServerConfigKeys (ConfUtils.java:logGet(43)) - raft.server.rpc.request.timeout = 3000ms (default)
2019-11-06 14:58:19,485 [main] INFO  server.RaftServerConfigKeys (ConfUtils.java:logGet(43)) - raft.server.storage.dir = [/workdir/hadoop-ozone/tools/target/test-dir/MiniOzoneClusterImpl-4661be70-4e3d-459f-9aa3-197b2cf720b3/datanode-1/data/ratis] (custom)
2019-11-06 14:58:19,486 [main] INFO  hdfs.DFSUtil (DFSUtil.java:httpServerTemplateForNNAndJN(1641)) - Starting Web-server for hddsDatanode at: http://0.0.0.0:0
2019-11-06 14:58:19,487 [main] INFO  server.AuthenticationFilter (AuthenticationFilter.java:constructSecretProvider(240)) - Unable to initialize FileSignerSecretProvider, falling back to use random secrets.
2019-11-06 14:58:19,488 [main] WARN  http.HttpRequestLog (HttpRequestLog.java:getRequestLog(97)) - Jetty request log can only be enabled using Log4j
2019-11-06 14:58:19,489 [main] INFO  http.HttpServer2 (HttpServer2.java:addGlobalFilter(975)) - Added global filter 'safety' (class=org.apache.hadoop.http.HttpServer2$QuotingInputFilter)
2019-11-06 14:58:19,490 [main] INFO  http.HttpServer2 (HttpServer2.java:addFilter(948)) - Added filter static_user_filter (class=org.apache.hadoop.http.lib.StaticUserWebFilter$StaticUserFilter) to context hddsDatanode
2019-11-06 14:58:19,490 [main] INFO  http.HttpServer2 (HttpServer2.java:addFilter(958)) - Added filter static_user_filter (class=org.apache.hadoop.http.lib.StaticUserWebFilter$StaticUserFilter) to context static
2019-11-06 14:58:19,490 [main] INFO  http.HttpServer2 (HttpServer2.java:addFilter(958)) - Added filter static_user_filter (class=org.apache.hadoop.http.lib.StaticUserWebFilter$StaticUserFilter) to context logs
2019-11-06 14:58:19,491 [main] INFO  http.HttpServer2 (HttpServer2.java:bindListener(1191)) - Jetty bound to port 40629
2019-11-06 14:58:19,491 [main] INFO  server.Server (Server.java:doStart(351)) - jetty-9.3.25.v20180904, build timestamp: 2018-09-04T21:11:46Z, git hash: 3ce520221d0240229c862b122d2b06c12a625732
2019-11-06 14:58:19,496 [main] INFO  handler.ContextHandler (ContextHandler.java:doStart(781)) - Started o.e.j.s.ServletContextHandler@2f37f1f9{/logs,file:///workdir/hadoop-ozone/tools/target/log,AVAILABLE}
2019-11-06 14:58:19,496 [main] INFO  handler.ContextHandler (ContextHandler.java:doStart(781)) - Started o.e.j.s.ServletContextHandler@2af69643{/static,jar:file:/home/user/.m2/repository/org/apache/hadoop/hadoop-hdds-container-service/0.5.0-SNAPSHOT/hadoop-hdds-container-service-0.5.0-SNAPSHOT.jar!/webapps/static,AVAILABLE}
2019-11-06 14:58:19,527 [main] INFO  handler.ContextHandler (ContextHandler.java:doStart(781)) - Started o.e.j.w.WebAppContext@5d43409a{/,file:///tmp/jetty-0.0.0.0-40629-hddsDatanode-_-any-4093078540301321781.dir/webapp/,AVAILABLE}{/hddsDatanode}
2019-11-06 14:58:19,527 [main] INFO  server.AbstractConnector (AbstractConnector.java:doStart(278)) - Started ServerConnector@38d17d80{HTTP/1.1,[http/1.1]}{0.0.0.0:40629}
2019-11-06 14:58:19,528 [main] INFO  server.Server (Server.java:doStart(419)) - Started @5155ms
2019-11-06 14:58:19,528 [main] WARN  impl.MetricsSystemImpl (MetricsSystemImpl.java:register(276)) - Sink prometheus already exists!
2019-11-06 14:58:19,529 [main] INFO  server.BaseHttpServer (BaseHttpServer.java:updateConnectorAddress(215)) - HTTP server of HDDSDATANODE is listening at http://0.0.0.0:40629
2019-11-06 14:58:19,530 [main] INFO  impl.MetricsSystemImpl (MetricsSystemImpl.java:init(158)) - HddsDatanode metrics system started (again)
2019-11-06 14:58:19,533 [main] INFO  ozone.HddsDatanodeService (HddsDatanodeService.java:start(183)) - HddsDatanodeService host:pr-hdds-2034-kzwt9-1771795315 ip:192.168.34.45
2019-11-06 14:58:19,533 [org.apache.hadoop.util.JvmPauseMonitor$Monitor@2579b4bf] INFO  util.JvmPauseMonitor (JvmPauseMonitor.java:run(188)) - Starting JVM pause monitor
2019-11-06 14:58:19,542 [main] INFO  volume.HddsVolume (HddsVolume.java:<init>(176)) - Creating Volume: /workdir/hadoop-ozone/tools/target/test-dir/MiniOzoneClusterImpl-4661be70-4e3d-459f-9aa3-197b2cf720b3/datanode-2/data/containers/hdds of  storage type : DISK and capacity : 1482555576320
2019-11-06 14:58:19,543 [main] INFO  volume.VolumeSet (VolumeSet.java:initializeVolumeSet(170)) - Added Volume : /workdir/hadoop-ozone/tools/target/test-dir/MiniOzoneClusterImpl-4661be70-4e3d-459f-9aa3-197b2cf720b3/datanode-2/data/containers/hdds to VolumeSet
2019-11-06 14:58:19,543 [main] INFO  volume.ThrottledAsyncChecker (ThrottledAsyncChecker.java:schedule(141)) - Scheduling a check for /workdir/hadoop-ozone/tools/target/test-dir/MiniOzoneClusterImpl-4661be70-4e3d-459f-9aa3-197b2cf720b3/datanode-2/data/containers/hdds
2019-11-06 14:58:19,543 [main] INFO  volume.HddsVolumeChecker (HddsVolumeChecker.java:checkAllVolumes(204)) - Scheduled health check for volume /workdir/hadoop-ozone/tools/target/test-dir/MiniOzoneClusterImpl-4661be70-4e3d-459f-9aa3-197b2cf720b3/datanode-2/data/containers/hdds
2019-11-06 14:58:19,556 [main] INFO  impl.RaftServerProxy (ConfUtils.java:logGet(43)) - raft.rpc.type = GRPC (default)
2019-11-06 14:58:19,557 [main] INFO  grpc.GrpcFactory (GrpcFactory.java:checkPooledByteBufAllocatorUseCacheForAllThreads(45)) - PERFORMANCE WARNING: useCacheForAllThreads is true that may cause Netty to create a lot garbage objects and, as a result, trigger GC.
	It is recommended to disable useCacheForAllThreads by setting -Dorg.apache.ratis.thirdparty.io.netty.allocator.useCacheForAllThreads=false in command line.
2019-11-06 14:58:19,557 [main] INFO  grpc.GrpcConfigKeys$Server (ConfUtils.java:logGet(43)) - raft.grpc.server.port = 0 (default)
2019-11-06 14:58:19,557 [main] INFO  server.GrpcService (ConfUtils.java:logGet(43)) - raft.grpc.message.size.max = 33570816 (custom)
2019-11-06 14:58:19,557 [main] INFO  server.RaftServerConfigKeys (ConfUtils.java:logGet(43)) - raft.server.log.appender.buffer.byte-limit = 33554432 (custom)
2019-11-06 14:58:19,557 [main] INFO  server.GrpcService (ConfUtils.java:logGet(43)) - raft.grpc.flow.control.window = 1MB (=1048576) (default)
2019-11-06 14:58:19,558 [main] INFO  server.RaftServerConfigKeys (ConfUtils.java:logGet(43)) - raft.server.rpc.request.timeout = 3000ms (default)
2019-11-06 14:58:19,559 [main] INFO  server.RaftServerConfigKeys (ConfUtils.java:logGet(43)) - raft.server.storage.dir = [/workdir/hadoop-ozone/tools/target/test-dir/MiniOzoneClusterImpl-4661be70-4e3d-459f-9aa3-197b2cf720b3/datanode-2/data/ratis] (custom)
2019-11-06 14:58:19,561 [main] INFO  hdfs.DFSUtil (DFSUtil.java:httpServerTemplateForNNAndJN(1641)) - Starting Web-server for hddsDatanode at: http://0.0.0.0:0
2019-11-06 14:58:19,562 [main] INFO  server.AuthenticationFilter (AuthenticationFilter.java:constructSecretProvider(240)) - Unable to initialize FileSignerSecretProvider, falling back to use random secrets.
2019-11-06 14:58:19,562 [main] WARN  http.HttpRequestLog (HttpRequestLog.java:getRequestLog(97)) - Jetty request log can only be enabled using Log4j
2019-11-06 14:58:19,564 [main] INFO  http.HttpServer2 (HttpServer2.java:addGlobalFilter(975)) - Added global filter 'safety' (class=org.apache.hadoop.http.HttpServer2$QuotingInputFilter)
2019-11-06 14:58:19,564 [main] INFO  http.HttpServer2 (HttpServer2.java:addFilter(948)) - Added filter static_user_filter (class=org.apache.hadoop.http.lib.StaticUserWebFilter$StaticUserFilter) to context hddsDatanode
2019-11-06 14:58:19,564 [main] INFO  http.HttpServer2 (HttpServer2.java:addFilter(958)) - Added filter static_user_filter (class=org.apache.hadoop.http.lib.StaticUserWebFilter$StaticUserFilter) to context logs
2019-11-06 14:58:19,564 [main] INFO  http.HttpServer2 (HttpServer2.java:addFilter(958)) - Added filter static_user_filter (class=org.apache.hadoop.http.lib.StaticUserWebFilter$StaticUserFilter) to context static
2019-11-06 14:58:19,565 [main] INFO  http.HttpServer2 (HttpServer2.java:bindListener(1191)) - Jetty bound to port 45552
2019-11-06 14:58:19,565 [main] INFO  server.Server (Server.java:doStart(351)) - jetty-9.3.25.v20180904, build timestamp: 2018-09-04T21:11:46Z, git hash: 3ce520221d0240229c862b122d2b06c12a625732
2019-11-06 14:58:19,568 [main] INFO  handler.ContextHandler (ContextHandler.java:doStart(781)) - Started o.e.j.s.ServletContextHandler@70228253{/logs,file:///workdir/hadoop-ozone/tools/target/log,AVAILABLE}
2019-11-06 14:58:19,568 [main] INFO  handler.ContextHandler (ContextHandler.java:doStart(781)) - Started o.e.j.s.ServletContextHandler@21bd20ee{/static,jar:file:/home/user/.m2/repository/org/apache/hadoop/hadoop-hdds-container-service/0.5.0-SNAPSHOT/hadoop-hdds-container-service-0.5.0-SNAPSHOT.jar!/webapps/static,AVAILABLE}
2019-11-06 14:58:19,571 [Datanode State Machine Thread - 0] INFO  datanode.InitDatanodeState (InitDatanodeState.java:persistContainerDatanodeDetails(140)) - DatanodeDetails is persisted to /workdir/hadoop-ozone/tools/target/test-dir/MiniOzoneClusterImpl-4661be70-4e3d-459f-9aa3-197b2cf720b3/datanode-0/meta/datanode.id
2019-11-06 14:58:19,574 [Datanode State Machine Thread - 0] INFO  datanode.InitDatanodeState (InitDatanodeState.java:persistContainerDatanodeDetails(140)) - DatanodeDetails is persisted to /workdir/hadoop-ozone/tools/target/test-dir/MiniOzoneClusterImpl-4661be70-4e3d-459f-9aa3-197b2cf720b3/datanode-1/meta/datanode.id
2019-11-06 14:58:19,596 [main] INFO  handler.ContextHandler (ContextHandler.java:doStart(781)) - Started o.e.j.w.WebAppContext@68a4dcc6{/,file:///tmp/jetty-0.0.0.0-45552-hddsDatanode-_-any-4139611381740511579.dir/webapp/,AVAILABLE}{/hddsDatanode}
2019-11-06 14:58:19,597 [main] INFO  server.AbstractConnector (AbstractConnector.java:doStart(278)) - Started ServerConnector@646c0a67{HTTP/1.1,[http/1.1]}{0.0.0.0:45552}
2019-11-06 14:58:19,597 [main] INFO  server.Server (Server.java:doStart(419)) - Started @5224ms
2019-11-06 14:58:19,598 [main] WARN  impl.MetricsSystemImpl (MetricsSystemImpl.java:register(276)) - Sink prometheus already exists!
2019-11-06 14:58:19,598 [main] INFO  server.BaseHttpServer (BaseHttpServer.java:updateConnectorAddress(215)) - HTTP server of HDDSDATANODE is listening at http://0.0.0.0:45552
2019-11-06 14:58:19,600 [main] INFO  ozone.MiniOzoneClusterImpl (MiniOzoneClusterImpl.java:lambda$waitForClusterToBeReady$0(149)) - Waiting for nodes to be ready. Got 0 of 3 DN Heartbeats.
2019-11-06 14:58:19,600 [main] INFO  ozone.MiniOzoneClusterImpl (MiniOzoneClusterImpl.java:lambda$waitForClusterToBeReady$0(152)) - Waiting for cluster to exit safe mode
2019-11-06 14:58:19,601 [org.apache.hadoop.util.JvmPauseMonitor$Monitor@25f233db] INFO  util.JvmPauseMonitor (JvmPauseMonitor.java:run(188)) - Starting JVM pause monitor
2019-11-06 14:58:19,603 [Datanode State Machine Thread - 0] INFO  datanode.InitDatanodeState (InitDatanodeState.java:persistContainerDatanodeDetails(140)) - DatanodeDetails is persisted to /workdir/hadoop-ozone/tools/target/test-dir/MiniOzoneClusterImpl-4661be70-4e3d-459f-9aa3-197b2cf720b3/datanode-2/meta/datanode.id
2019-11-06 14:58:20,600 [main] INFO  ozone.MiniOzoneClusterImpl (MiniOzoneClusterImpl.java:lambda$waitForClusterToBeReady$0(149)) - Waiting for nodes to be ready. Got 0 of 3 DN Heartbeats.
2019-11-06 14:58:20,601 [main] INFO  ozone.MiniOzoneClusterImpl (MiniOzoneClusterImpl.java:lambda$waitForClusterToBeReady$0(152)) - Waiting for cluster to exit safe mode
2019-11-06 14:58:21,558 [Datanode State Machine Thread - 0] INFO  ozoneimpl.OzoneContainer (OzoneContainer.java:start(218)) - Attempting to start container services.
2019-11-06 14:58:21,558 [Datanode State Machine Thread - 0] INFO  ozoneimpl.OzoneContainer (OzoneContainer.java:start(218)) - Attempting to start container services.
2019-11-06 14:58:21,563 [Datanode State Machine Thread - 0] INFO  ozoneimpl.OzoneContainer (OzoneContainer.java:startContainerScrub(182)) - Background container scanner has been disabled.
2019-11-06 14:58:21,563 [Datanode State Machine Thread - 0] INFO  ozoneimpl.OzoneContainer (OzoneContainer.java:startContainerScrub(182)) - Background container scanner has been disabled.
2019-11-06 14:58:21,563 [Datanode State Machine Thread - 0] INFO  ratis.XceiverServerRatis (XceiverServerRatis.java:start(415)) - Starting XceiverServerRatis d0f6f4b4-0f66-48e7-8ad4-e312f8c6983b at port 0
2019-11-06 14:58:21,563 [Datanode State Machine Thread - 0] INFO  ratis.XceiverServerRatis (XceiverServerRatis.java:start(415)) - Starting XceiverServerRatis 89180557-9220-4947-93f7-5e558f12b698 at port 0
2019-11-06 14:58:21,602 [main] INFO  ozone.MiniOzoneClusterImpl (MiniOzoneClusterImpl.java:lambda$waitForClusterToBeReady$0(149)) - Waiting for nodes to be ready. Got 0 of 3 DN Heartbeats.
2019-11-06 14:58:21,602 [Datanode State Machine Thread - 0] INFO  impl.RaftServerProxy (RaftServerProxy.java:lambda$start$3(299)) - d0f6f4b4-0f66-48e7-8ad4-e312f8c6983b: start RPC server
2019-11-06 14:58:21,602 [Datanode State Machine Thread - 0] INFO  impl.RaftServerProxy (RaftServerProxy.java:lambda$start$3(299)) - 89180557-9220-4947-93f7-5e558f12b698: start RPC server
2019-11-06 14:58:21,603 [main] INFO  ozone.MiniOzoneClusterImpl (MiniOzoneClusterImpl.java:lambda$waitForClusterToBeReady$0(152)) - Waiting for cluster to exit safe mode
2019-11-06 14:58:21,619 [Datanode State Machine Thread - 0] INFO  ozoneimpl.OzoneContainer (OzoneContainer.java:start(218)) - Attempting to start container services.
2019-11-06 14:58:21,623 [Datanode State Machine Thread - 0] INFO  ozoneimpl.OzoneContainer (OzoneContainer.java:startContainerScrub(182)) - Background container scanner has been disabled.
2019-11-06 14:58:21,623 [Datanode State Machine Thread - 0] INFO  ratis.XceiverServerRatis (XceiverServerRatis.java:start(415)) - Starting XceiverServerRatis f1fe5ac3-bd32-402e-9f50-fd9ae13bec7d at port 0
2019-11-06 14:58:21,637 [Datanode State Machine Thread - 0] INFO  impl.RaftServerProxy (RaftServerProxy.java:lambda$start$3(299)) - f1fe5ac3-bd32-402e-9f50-fd9ae13bec7d: start RPC server
2019-11-06 14:58:21,747 [Datanode State Machine Thread - 0] INFO  server.GrpcService (GrpcService.java:startImpl(158)) - d0f6f4b4-0f66-48e7-8ad4-e312f8c6983b: GrpcService started, listening on 0.0.0.0/0.0.0.0:45961
2019-11-06 14:58:21,747 [Datanode State Machine Thread - 0] INFO  server.GrpcService (GrpcService.java:startImpl(158)) - 89180557-9220-4947-93f7-5e558f12b698: GrpcService started, listening on 0.0.0.0/0.0.0.0:46454
2019-11-06 14:58:21,747 [Datanode State Machine Thread - 0] INFO  server.GrpcService (GrpcService.java:startImpl(158)) - f1fe5ac3-bd32-402e-9f50-fd9ae13bec7d: GrpcService started, listening on 0.0.0.0/0.0.0.0:40801
2019-11-06 14:58:21,749 [Datanode State Machine Thread - 0] INFO  ratis.XceiverServerRatis (XceiverServerRatis.java:start(425)) - XceiverServerRatis 89180557-9220-4947-93f7-5e558f12b698 is started using port 46454
2019-11-06 14:58:21,748 [Datanode State Machine Thread - 0] INFO  ratis.XceiverServerRatis (XceiverServerRatis.java:start(425)) - XceiverServerRatis d0f6f4b4-0f66-48e7-8ad4-e312f8c6983b is started using port 45961
2019-11-06 14:58:21,749 [Datanode State Machine Thread - 0] INFO  ratis.XceiverServerRatis (XceiverServerRatis.java:start(425)) - XceiverServerRatis f1fe5ac3-bd32-402e-9f50-fd9ae13bec7d is started using port 40801
2019-11-06 14:58:21,755 [Datanode State Machine Thread - 0] INFO  server.XceiverServerGrpc (XceiverServerGrpc.java:start(145)) - XceiverServerGrpc d0f6f4b4-0f66-48e7-8ad4-e312f8c6983b is started using port 42626
2019-11-06 14:58:21,756 [Datanode State Machine Thread - 0] INFO  server.XceiverServerGrpc (XceiverServerGrpc.java:start(145)) - XceiverServerGrpc 89180557-9220-4947-93f7-5e558f12b698 is started using port 38881
2019-11-06 14:58:21,755 [Datanode State Machine Thread - 0] INFO  server.XceiverServerGrpc (XceiverServerGrpc.java:start(145)) - XceiverServerGrpc f1fe5ac3-bd32-402e-9f50-fd9ae13bec7d is started using port 33855
2019-11-06 14:58:22,604 [main] INFO  ozone.MiniOzoneClusterImpl (MiniOzoneClusterImpl.java:lambda$waitForClusterToBeReady$0(149)) - Waiting for nodes to be ready. Got 0 of 3 DN Heartbeats.
2019-11-06 14:58:22,604 [main] INFO  ozone.MiniOzoneClusterImpl (MiniOzoneClusterImpl.java:lambda$waitForClusterToBeReady$0(152)) - Waiting for cluster to exit safe mode
2019-11-06 14:58:23,503 [IPC Server handler 1 on 40831] INFO  net.NetworkTopology (NetworkTopologyImpl.java:add(111)) - Added a new node: /default-rack/89180557-9220-4947-93f7-5e558f12b698
2019-11-06 14:58:23,504 [IPC Server handler 1 on 40831] INFO  node.SCMNodeManager (SCMNodeManager.java:register(267)) - Registered Data node : 89180557-9220-4947-93f7-5e558f12b698{ip: 192.168.34.45, host: pr-hdds-2034-kzwt9-1771795315, networkLocation: /default-rack, certSerialId: null}
2019-11-06 14:58:23,507 [EventQueue-NodeRegistrationContainerReportForContainerSafeModeRule] INFO  safemode.SCMSafeModeManager (SCMSafeModeManager.java:validateSafeModeExitRules(176)) - ContainerSafeModeRule rule is successfully validated
2019-11-06 14:58:23,507 [EventQueue-NodeRegistrationContainerReportForDataNodeSafeModeRule] INFO  safemode.SCMSafeModeManager (DataNodeSafeModeRule.java:process(71)) - SCM in safe mode. 1 DataNodes registered, 1 required.
2019-11-06 14:58:23,507 [EventQueue-NodeRegistrationContainerReportForDataNodeSafeModeRule] INFO  safemode.SCMSafeModeManager (SCMSafeModeManager.java:validateSafeModeExitRules(176)) - DataNodeSafeModeRule rule is successfully validated
2019-11-06 14:58:23,512 [RatisPipelineUtilsThread] INFO  pipeline.RatisPipelineProvider (RatisPipelineProvider.java:lambda$create$4(163)) - Send pipeline:PipelineID=a697287b-9f54-44a6-a5a7-40581713e1eb create command to datanode 89180557-9220-4947-93f7-5e558f12b698
2019-11-06 14:58:23,536 [IPC Server handler 0 on 40831] INFO  net.NetworkTopology (NetworkTopologyImpl.java:add(111)) - Added a new node: /default-rack/d0f6f4b4-0f66-48e7-8ad4-e312f8c6983b
2019-11-06 14:58:23,537 [IPC Server handler 0 on 40831] INFO  node.SCMNodeManager (SCMNodeManager.java:register(267)) - Registered Data node : d0f6f4b4-0f66-48e7-8ad4-e312f8c6983b{ip: 192.168.34.45, host: pr-hdds-2034-kzwt9-1771795315, networkLocation: /default-rack, certSerialId: null}
2019-11-06 14:58:23,537 [EventQueue-NodeRegistrationContainerReportForContainerSafeModeRule] INFO  safemode.SCMSafeModeManager (SCMSafeModeManager.java:validateSafeModeExitRules(176)) - ContainerSafeModeRule rule is successfully validated
2019-11-06 14:58:23,537 [EventQueue-NodeRegistrationContainerReportForDataNodeSafeModeRule] INFO  safemode.SCMSafeModeManager (SCMSafeModeManager.java:validateSafeModeExitRules(176)) - DataNodeSafeModeRule rule is successfully validated
2019-11-06 14:58:23,537 [RatisPipelineUtilsThread] INFO  pipeline.RatisPipelineProvider (RatisPipelineProvider.java:lambda$create$4(163)) - Send pipeline:PipelineID=0d0667b3-6843-4aa7-bffc-cc9a02f01264 create command to datanode d0f6f4b4-0f66-48e7-8ad4-e312f8c6983b
2019-11-06 14:58:23,604 [IPC Server handler 3 on 40831] INFO  net.NetworkTopology (NetworkTopologyImpl.java:add(111)) - Added a new node: /default-rack/f1fe5ac3-bd32-402e-9f50-fd9ae13bec7d
2019-11-06 14:58:23,604 [IPC Server handler 3 on 40831] INFO  node.SCMNodeManager (SCMNodeManager.java:register(267)) - Registered Data node : f1fe5ac3-bd32-402e-9f50-fd9ae13bec7d{ip: 192.168.34.45, host: pr-hdds-2034-kzwt9-1771795315, networkLocation: /default-rack, certSerialId: null}
2019-11-06 14:58:23,605 [main] INFO  ozone.MiniOzoneClusterImpl (MiniOzoneClusterImpl.java:lambda$waitForClusterToBeReady$0(149)) - Nodes are ready. Got 3 of 3 DN Heartbeats.
2019-11-06 14:58:23,605 [RatisPipelineUtilsThread] INFO  pipeline.RatisPipelineProvider (RatisPipelineProvider.java:lambda$create$4(163)) - Send pipeline:PipelineID=114ee282-cc98-41be-b318-5738d9ad8cd1 create command to datanode f1fe5ac3-bd32-402e-9f50-fd9ae13bec7d
2019-11-06 14:58:23,605 [EventQueue-NodeRegistrationContainerReportForContainerSafeModeRule] INFO  safemode.SCMSafeModeManager (SCMSafeModeManager.java:validateSafeModeExitRules(176)) - ContainerSafeModeRule rule is successfully validated
2019-11-06 14:58:23,605 [main] INFO  ozone.MiniOzoneClusterImpl (MiniOzoneClusterImpl.java:lambda$waitForClusterToBeReady$0(152)) - Waiting for cluster to exit safe mode
2019-11-06 14:58:23,606 [EventQueue-NodeRegistrationContainerReportForDataNodeSafeModeRule] INFO  safemode.SCMSafeModeManager (SCMSafeModeManager.java:validateSafeModeExitRules(176)) - DataNodeSafeModeRule rule is successfully validated
2019-11-06 14:58:23,607 [RatisPipelineUtilsThread] INFO  pipeline.RatisPipelineProvider (RatisPipelineProvider.java:lambda$create$4(163)) - Send pipeline:PipelineID=7ad97d23-9d37-412a-a74b-6194f80d31a1 create command to datanode 89180557-9220-4947-93f7-5e558f12b698
2019-11-06 14:58:23,607 [RatisPipelineUtilsThread] INFO  pipeline.RatisPipelineProvider (RatisPipelineProvider.java:lambda$create$4(163)) - Send pipeline:PipelineID=7ad97d23-9d37-412a-a74b-6194f80d31a1 create command to datanode d0f6f4b4-0f66-48e7-8ad4-e312f8c6983b
2019-11-06 14:58:23,607 [RatisPipelineUtilsThread] INFO  pipeline.RatisPipelineProvider (RatisPipelineProvider.java:lambda$create$4(163)) - Send pipeline:PipelineID=7ad97d23-9d37-412a-a74b-6194f80d31a1 create command to datanode f1fe5ac3-bd32-402e-9f50-fd9ae13bec7d
2019-11-06 14:58:24,606 [main] INFO  ozone.MiniOzoneClusterImpl (MiniOzoneClusterImpl.java:lambda$waitForClusterToBeReady$0(149)) - Nodes are ready. Got 3 of 3 DN Heartbeats.
2019-11-06 14:58:24,607 [main] INFO  ozone.MiniOzoneClusterImpl (MiniOzoneClusterImpl.java:lambda$waitForClusterToBeReady$0(152)) - Waiting for cluster to exit safe mode
2019-11-06 14:58:25,607 [main] INFO  ozone.MiniOzoneClusterImpl (MiniOzoneClusterImpl.java:lambda$waitForClusterToBeReady$0(149)) - Nodes are ready. Got 3 of 3 DN Heartbeats.
2019-11-06 14:58:25,608 [main] INFO  ozone.MiniOzoneClusterImpl (MiniOzoneClusterImpl.java:lambda$waitForClusterToBeReady$0(152)) - Waiting for cluster to exit safe mode
2019-11-06 14:58:26,499 [Command processor thread] INFO  impl.RaftServerProxy (RaftServerProxy.java:addNew(89)) - 89180557-9220-4947-93f7-5e558f12b698: addNew group-40581713E1EB:[89180557-9220-4947-93f7-5e558f12b698:192.168.34.45:46454] returns group-40581713E1EB:java.util.concurrent.CompletableFuture@13815e35[Not completed]
2019-11-06 14:58:26,529 [pool-27-thread-1] INFO  impl.RaftServerImpl (RaftServerImpl.java:<init>(98)) - 89180557-9220-4947-93f7-5e558f12b698: new RaftServerImpl for group-40581713E1EB:[89180557-9220-4947-93f7-5e558f12b698:192.168.34.45:46454] with ContainerStateMachine:uninitialized
2019-11-06 14:58:26,533 [pool-27-thread-1] INFO  server.RaftServerConfigKeys (ConfUtils.java:logGet(43)) - raft.server.rpc.timeout.min = 5s (custom)
2019-11-06 14:58:26,535 [pool-27-thread-1] INFO  server.RaftServerConfigKeys (ConfUtils.java:logGet(43)) - raft.server.rpc.timeout.max = 5200ms (custom)
2019-11-06 14:58:26,537 [pool-27-thread-1] INFO  server.RaftServerConfigKeys (ConfUtils.java:logGet(43)) - raft.server.rpcslowness.timeout = 120s (custom)
2019-11-06 14:58:26,537 [Command processor thread] INFO  impl.RaftServerProxy (RaftServerProxy.java:addNew(89)) - d0f6f4b4-0f66-48e7-8ad4-e312f8c6983b: addNew group-CC9A02F01264:[d0f6f4b4-0f66-48e7-8ad4-e312f8c6983b:192.168.34.45:45961] returns group-CC9A02F01264:java.util.concurrent.CompletableFuture@5367c07[Not completed]
2019-11-06 14:58:26,538 [pool-27-thread-1] INFO  server.RaftServerConfigKeys (ConfUtils.java:logGet(43)) - raft.server.sleep.deviation.threshold = 300 (default)
2019-11-06 14:58:26,564 [pool-27-thread-1] INFO  server.RaftServerConfigKeys (ConfUtils.java:logGet(43)) - raft.server.log.appender.install.snapshot.enabled = false (custom)
2019-11-06 14:58:26,565 [pool-37-thread-1] INFO  impl.RaftServerImpl (RaftServerImpl.java:<init>(98)) - d0f6f4b4-0f66-48e7-8ad4-e312f8c6983b: new RaftServerImpl for group-CC9A02F01264:[d0f6f4b4-0f66-48e7-8ad4-e312f8c6983b:192.168.34.45:45961] with ContainerStateMachine:uninitialized
2019-11-06 14:58:26,568 [pool-37-thread-1] INFO  server.RaftServerConfigKeys (ConfUtils.java:logGet(43)) - raft.server.rpc.timeout.min = 5s (custom)
2019-11-06 14:58:26,568 [pool-37-thread-1] INFO  server.RaftServerConfigKeys (ConfUtils.java:logGet(43)) - raft.server.rpc.timeout.max = 5200ms (custom)
2019-11-06 14:58:26,568 [pool-37-thread-1] INFO  server.RaftServerConfigKeys (ConfUtils.java:logGet(43)) - raft.server.rpcslowness.timeout = 120s (custom)
2019-11-06 14:58:26,568 [pool-37-thread-1] INFO  server.RaftServerConfigKeys (ConfUtils.java:logGet(43)) - raft.server.sleep.deviation.threshold = 300 (default)
2019-11-06 14:58:26,569 [pool-37-thread-1] INFO  server.RaftServerConfigKeys (ConfUtils.java:logGet(43)) - raft.server.log.appender.install.snapshot.enabled = false (custom)
2019-11-06 14:58:26,578 [pool-37-thread-1] INFO  impl.RaftServerImpl (ServerState.java:<init>(103)) - d0f6f4b4-0f66-48e7-8ad4-e312f8c6983b@group-CC9A02F01264: ConfigurationManager, init=-1: [d0f6f4b4-0f66-48e7-8ad4-e312f8c6983b:192.168.34.45:45961], old=null, confs=<EMPTY_MAP>
2019-11-06 14:58:26,578 [pool-27-thread-1] INFO  impl.RaftServerImpl (ServerState.java:<init>(103)) - 89180557-9220-4947-93f7-5e558f12b698@group-40581713E1EB: ConfigurationManager, init=-1: [89180557-9220-4947-93f7-5e558f12b698:192.168.34.45:46454], old=null, confs=<EMPTY_MAP>
2019-11-06 14:58:26,579 [pool-37-thread-1] INFO  server.RaftServerConfigKeys (ConfUtils.java:logGet(43)) - raft.server.storage.dir = [/workdir/hadoop-ozone/tools/target/test-dir/MiniOzoneClusterImpl-4661be70-4e3d-459f-9aa3-197b2cf720b3/datanode-1/data/ratis] (custom)
2019-11-06 14:58:26,579 [pool-27-thread-1] INFO  server.RaftServerConfigKeys (ConfUtils.java:logGet(43)) - raft.server.storage.dir = [/workdir/hadoop-ozone/tools/target/test-dir/MiniOzoneClusterImpl-4661be70-4e3d-459f-9aa3-197b2cf720b3/datanode-0/data/ratis] (custom)
2019-11-06 14:58:26,588 [pool-37-thread-1] INFO  server.RaftServerConfigKeys (ConfUtils.java:logGet(43)) - raft.server.log.corruption.policy = EXCEPTION (default)
2019-11-06 14:58:26,588 [pool-27-thread-1] INFO  server.RaftServerConfigKeys (ConfUtils.java:logGet(43)) - raft.server.log.corruption.policy = EXCEPTION (default)
2019-11-06 14:58:26,590 [pool-37-thread-1] INFO  storage.RaftStorageDirectory (RaftStorageDirectory.java:analyzeStorage(246)) - The storage directory /workdir/hadoop-ozone/tools/target/test-dir/MiniOzoneClusterImpl-4661be70-4e3d-459f-9aa3-197b2cf720b3/datanode-1/data/ratis/0d0667b3-6843-4aa7-bffc-cc9a02f01264 does not exist. Creating ...
2019-11-06 14:58:26,590 [pool-27-thread-1] INFO  storage.RaftStorageDirectory (RaftStorageDirectory.java:analyzeStorage(246)) - The storage directory /workdir/hadoop-ozone/tools/target/test-dir/MiniOzoneClusterImpl-4661be70-4e3d-459f-9aa3-197b2cf720b3/datanode-0/data/ratis/a697287b-9f54-44a6-a5a7-40581713e1eb does not exist. Creating ...
2019-11-06 14:58:26,603 [Command processor thread] INFO  impl.RaftServerProxy (RaftServerProxy.java:addNew(89)) - f1fe5ac3-bd32-402e-9f50-fd9ae13bec7d: addNew group-5738D9AD8CD1:[f1fe5ac3-bd32-402e-9f50-fd9ae13bec7d:192.168.34.45:40801] returns group-5738D9AD8CD1:java.util.concurrent.CompletableFuture@694dddbf[Not completed]
2019-11-06 14:58:26,610 [main] INFO  ozone.MiniOzoneClusterImpl (MiniOzoneClusterImpl.java:lambda$waitForClusterToBeReady$0(149)) - Nodes are ready. Got 3 of 3 DN Heartbeats.
2019-11-06 14:58:26,619 [main] INFO  ozone.MiniOzoneClusterImpl (MiniOzoneClusterImpl.java:lambda$waitForClusterToBeReady$0(152)) - Waiting for cluster to exit safe mode
2019-11-06 14:58:26,620 [pool-47-thread-1] INFO  impl.RaftServerImpl (RaftServerImpl.java:<init>(98)) - f1fe5ac3-bd32-402e-9f50-fd9ae13bec7d: new RaftServerImpl for group-5738D9AD8CD1:[f1fe5ac3-bd32-402e-9f50-fd9ae13bec7d:192.168.34.45:40801] with ContainerStateMachine:uninitialized
2019-11-06 14:58:26,621 [pool-47-thread-1] INFO  server.RaftServerConfigKeys (ConfUtils.java:logGet(43)) - raft.server.rpc.timeout.min = 5s (custom)
2019-11-06 14:58:26,621 [pool-47-thread-1] INFO  server.RaftServerConfigKeys (ConfUtils.java:logGet(43)) - raft.server.rpc.timeout.max = 5200ms (custom)
2019-11-06 14:58:26,621 [pool-47-thread-1] INFO  server.RaftServerConfigKeys (ConfUtils.java:logGet(43)) - raft.server.rpcslowness.timeout = 120s (custom)
2019-11-06 14:58:26,621 [pool-47-thread-1] INFO  server.RaftServerConfigKeys (ConfUtils.java:logGet(43)) - raft.server.sleep.deviation.threshold = 300 (default)
2019-11-06 14:58:26,622 [pool-47-thread-1] INFO  server.RaftServerConfigKeys (ConfUtils.java:logGet(43)) - raft.server.log.appender.install.snapshot.enabled = false (custom)
2019-11-06 14:58:26,622 [pool-47-thread-1] INFO  impl.RaftServerImpl (ServerState.java:<init>(103)) - f1fe5ac3-bd32-402e-9f50-fd9ae13bec7d@group-5738D9AD8CD1: ConfigurationManager, init=-1: [f1fe5ac3-bd32-402e-9f50-fd9ae13bec7d:192.168.34.45:40801], old=null, confs=<EMPTY_MAP>
2019-11-06 14:58:26,622 [pool-47-thread-1] INFO  server.RaftServerConfigKeys (ConfUtils.java:logGet(43)) - raft.server.storage.dir = [/workdir/hadoop-ozone/tools/target/test-dir/MiniOzoneClusterImpl-4661be70-4e3d-459f-9aa3-197b2cf720b3/datanode-2/data/ratis] (custom)
2019-11-06 14:58:26,623 [pool-47-thread-1] INFO  server.RaftServerConfigKeys (ConfUtils.java:logGet(43)) - raft.server.log.corruption.policy = EXCEPTION (default)
2019-11-06 14:58:26,623 [pool-47-thread-1] INFO  storage.RaftStorageDirectory (RaftStorageDirectory.java:analyzeStorage(246)) - The storage directory /workdir/hadoop-ozone/tools/target/test-dir/MiniOzoneClusterImpl-4661be70-4e3d-459f-9aa3-197b2cf720b3/datanode-2/data/ratis/114ee282-cc98-41be-b318-5738d9ad8cd1 does not exist. Creating ...
2019-11-06 14:58:26,628 [pool-27-thread-1] INFO  storage.RaftStorageDirectory (RaftStorageDirectory.java:tryLock(328)) - Lock on /workdir/hadoop-ozone/tools/target/test-dir/MiniOzoneClusterImpl-4661be70-4e3d-459f-9aa3-197b2cf720b3/datanode-0/data/ratis/a697287b-9f54-44a6-a5a7-40581713e1eb/in_use.lock acquired by nodename 27231@pr-hdds-2034-kzwt9-1771795315
2019-11-06 14:58:26,628 [pool-37-thread-1] INFO  storage.RaftStorageDirectory (RaftStorageDirectory.java:tryLock(328)) - Lock on /workdir/hadoop-ozone/tools/target/test-dir/MiniOzoneClusterImpl-4661be70-4e3d-459f-9aa3-197b2cf720b3/datanode-1/data/ratis/0d0667b3-6843-4aa7-bffc-cc9a02f01264/in_use.lock acquired by nodename 27231@pr-hdds-2034-kzwt9-1771795315
2019-11-06 14:58:26,632 [pool-47-thread-1] INFO  storage.RaftStorageDirectory (RaftStorageDirectory.java:tryLock(328)) - Lock on /workdir/hadoop-ozone/tools/target/test-dir/MiniOzoneClusterImpl-4661be70-4e3d-459f-9aa3-197b2cf720b3/datanode-2/data/ratis/114ee282-cc98-41be-b318-5738d9ad8cd1/in_use.lock acquired by nodename 27231@pr-hdds-2034-kzwt9-1771795315
2019-11-06 14:58:26,636 [pool-37-thread-1] INFO  storage.RaftStorage (RaftStorage.java:format(84)) - Storage directory /workdir/hadoop-ozone/tools/target/test-dir/MiniOzoneClusterImpl-4661be70-4e3d-459f-9aa3-197b2cf720b3/datanode-1/data/ratis/0d0667b3-6843-4aa7-bffc-cc9a02f01264 has been successfully formatted.
2019-11-06 14:58:26,637 [pool-47-thread-1] INFO  storage.RaftStorage (RaftStorage.java:format(84)) - Storage directory /workdir/hadoop-ozone/tools/target/test-dir/MiniOzoneClusterImpl-4661be70-4e3d-459f-9aa3-197b2cf720b3/datanode-2/data/ratis/114ee282-cc98-41be-b318-5738d9ad8cd1 has been successfully formatted.
2019-11-06 14:58:26,636 [pool-27-thread-1] INFO  storage.RaftStorage (RaftStorage.java:format(84)) - Storage directory /workdir/hadoop-ozone/tools/target/test-dir/MiniOzoneClusterImpl-4661be70-4e3d-459f-9aa3-197b2cf720b3/datanode-0/data/ratis/a697287b-9f54-44a6-a5a7-40581713e1eb has been successfully formatted.
2019-11-06 14:58:26,640 [pool-37-thread-1] INFO  ratis.ContainerStateMachine (ContainerStateMachine.java:loadSnapshot(222)) - group-CC9A02F01264: The snapshot info is null. Setting the last applied indexto:(t:0, i:~)
2019-11-06 14:58:26,640 [pool-47-thread-1] INFO  ratis.ContainerStateMachine (ContainerStateMachine.java:loadSnapshot(222)) - group-5738D9AD8CD1: The snapshot info is null. Setting the last applied indexto:(t:0, i:~)
2019-11-06 14:58:26,640 [pool-27-thread-1] INFO  ratis.ContainerStateMachine (ContainerStateMachine.java:loadSnapshot(222)) - group-40581713E1EB: The snapshot info is null. Setting the last applied indexto:(t:0, i:~)
2019-11-06 14:58:26,642 [pool-47-thread-1] INFO  server.RaftServerConfigKeys (ConfUtils.java:logGet(43)) - raft.server.notification.no-leader.timeout = 120s (custom)
2019-11-06 14:58:26,642 [pool-37-thread-1] INFO  server.RaftServerConfigKeys (ConfUtils.java:logGet(43)) - raft.server.notification.no-leader.timeout = 120s (custom)
2019-11-06 14:58:26,642 [pool-27-thread-1] INFO  server.RaftServerConfigKeys (ConfUtils.java:logGet(43)) - raft.server.notification.no-leader.timeout = 120s (custom)
2019-11-06 14:58:26,645 [pool-47-thread-1] INFO  server.RaftServerConfigKeys (ConfUtils.java:logGet(43)) - raft.server.log.use.memory = false (default)
2019-11-06 14:58:26,646 [pool-37-thread-1] INFO  server.RaftServerConfigKeys (ConfUtils.java:logGet(43)) - raft.server.log.use.memory = false (default)
2019-11-06 14:58:26,646 [pool-27-thread-1] INFO  server.RaftServerConfigKeys (ConfUtils.java:logGet(43)) - raft.server.log.use.memory = false (default)
2019-11-06 14:58:26,654 [pool-47-thread-1] INFO  server.RaftServerConfigKeys (ConfUtils.java:logGet(43)) - raft.server.log.purge.gap = 1000000 (custom)
2019-11-06 14:58:26,654 [pool-27-thread-1] INFO  server.RaftServerConfigKeys (ConfUtils.java:logGet(43)) - raft.server.log.purge.gap = 1000000 (custom)
2019-11-06 14:58:26,654 [pool-37-thread-1] INFO  server.RaftServerConfigKeys (ConfUtils.java:logGet(43)) - raft.server.log.purge.gap = 1000000 (custom)
2019-11-06 14:58:26,654 [pool-27-thread-1] INFO  server.RaftServerConfigKeys (ConfUtils.java:logGet(43)) - raft.server.log.appender.buffer.byte-limit = 33554432 (custom)
2019-11-06 14:58:26,654 [pool-47-thread-1] INFO  server.RaftServerConfigKeys (ConfUtils.java:logGet(43)) - raft.server.log.appender.buffer.byte-limit = 33554432 (custom)
2019-11-06 14:58:26,655 [pool-37-thread-1] INFO  server.RaftServerConfigKeys (ConfUtils.java:logGet(43)) - raft.server.log.appender.buffer.byte-limit = 33554432 (custom)
2019-11-06 14:58:26,658 [pool-47-thread-1] INFO  server.RaftServerConfigKeys (ConfUtils.java:logGet(43)) - raft.server.log.segment.size.max = 1048576 (custom)
2019-11-06 14:58:26,658 [pool-37-thread-1] INFO  server.RaftServerConfigKeys (ConfUtils.java:logGet(43)) - raft.server.log.segment.size.max = 1048576 (custom)
2019-11-06 14:58:26,658 [pool-27-thread-1] INFO  server.RaftServerConfigKeys (ConfUtils.java:logGet(43)) - raft.server.log.segment.size.max = 1048576 (custom)
2019-11-06 14:58:26,667 [pool-47-thread-1] INFO  metrics.MetricRegistries (MetricRegistriesLoader.java:load(64)) - Loaded MetricRegistries class org.apache.ratis.metrics.impl.MetricRegistriesImpl
2019-11-06 14:58:26,673 [pool-47-thread-1] WARN  impl.MetricRegistriesImpl (MetricRegistriesImpl.java:lambda$create$1(61)) - First MetricRegistry has been created without registering reporters. You may need to call MetricRegistries.global().addReportRegistration(...) before.
2019-11-06 14:58:26,673 [pool-27-thread-1] WARN  impl.MetricRegistriesImpl (MetricRegistriesImpl.java:lambda$create$1(61)) - First MetricRegistry has been created without registering reporters. You may need to call MetricRegistries.global().addReportRegistration(...) before.
2019-11-06 14:58:26,673 [pool-37-thread-1] WARN  impl.MetricRegistriesImpl (MetricRegistriesImpl.java:lambda$create$1(61)) - First MetricRegistry has been created without registering reporters. You may need to call MetricRegistries.global().addReportRegistration(...) before.
2019-11-06 14:58:26,682 [pool-47-thread-1] INFO  server.RaftServerConfigKeys (ConfUtils.java:logGet(43)) - raft.server.log.segment.cache.num.max = 2 (custom)
2019-11-06 14:58:26,682 [pool-27-thread-1] INFO  server.RaftServerConfigKeys (ConfUtils.java:logGet(43)) - raft.server.log.segment.cache.num.max = 2 (custom)
2019-11-06 14:58:26,682 [pool-37-thread-1] INFO  server.RaftServerConfigKeys (ConfUtils.java:logGet(43)) - raft.server.log.segment.cache.num.max = 2 (custom)
2019-11-06 14:58:26,689 [pool-47-thread-1] INFO  segmented.SegmentedRaftLogWorker (SegmentedRaftLogWorker.java:<init>(173)) - new f1fe5ac3-bd32-402e-9f50-fd9ae13bec7d@group-5738D9AD8CD1-SegmentedRaftLogWorker for RaftStorage:Storage Directory /workdir/hadoop-ozone/tools/target/test-dir/MiniOzoneClusterImpl-4661be70-4e3d-459f-9aa3-197b2cf720b3/datanode-2/data/ratis/114ee282-cc98-41be-b318-5738d9ad8cd1
2019-11-06 14:58:26,689 [pool-27-thread-1] INFO  segmented.SegmentedRaftLogWorker (SegmentedRaftLogWorker.java:<init>(173)) - new 89180557-9220-4947-93f7-5e558f12b698@group-40581713E1EB-SegmentedRaftLogWorker for RaftStorage:Storage Directory /workdir/hadoop-ozone/tools/target/test-dir/MiniOzoneClusterImpl-4661be70-4e3d-459f-9aa3-197b2cf720b3/datanode-0/data/ratis/a697287b-9f54-44a6-a5a7-40581713e1eb
2019-11-06 14:58:26,689 [pool-37-thread-1] INFO  segmented.SegmentedRaftLogWorker (SegmentedRaftLogWorker.java:<init>(173)) - new d0f6f4b4-0f66-48e7-8ad4-e312f8c6983b@group-CC9A02F01264-SegmentedRaftLogWorker for RaftStorage:Storage Directory /workdir/hadoop-ozone/tools/target/test-dir/MiniOzoneClusterImpl-4661be70-4e3d-459f-9aa3-197b2cf720b3/datanode-1/data/ratis/0d0667b3-6843-4aa7-bffc-cc9a02f01264
2019-11-06 14:58:26,691 [pool-47-thread-1] INFO  server.RaftServerConfigKeys (ConfUtils.java:logGet(43)) - raft.server.log.queue.byte-limit = 2147483647 (custom)
2019-11-06 14:58:26,691 [pool-37-thread-1] INFO  server.RaftServerConfigKeys (ConfUtils.java:logGet(43)) - raft.server.log.queue.byte-limit = 2147483647 (custom)
2019-11-06 14:58:26,691 [pool-27-thread-1] INFO  server.RaftServerConfigKeys (ConfUtils.java:logGet(43)) - raft.server.log.queue.byte-limit = 2147483647 (custom)
2019-11-06 14:58:26,691 [pool-47-thread-1] INFO  server.RaftServerConfigKeys (ConfUtils.java:logGet(43)) - raft.server.log.queue.element-limit = 1024 (custom)
2019-11-06 14:58:26,691 [pool-27-thread-1] INFO  server.RaftServerConfigKeys (ConfUtils.java:logGet(43)) - raft.server.log.queue.element-limit = 1024 (custom)
2019-11-06 14:58:26,692 [pool-37-thread-1] INFO  server.RaftServerConfigKeys (ConfUtils.java:logGet(43)) - raft.server.log.queue.element-limit = 1024 (custom)
2019-11-06 14:58:26,693 [pool-47-thread-1] INFO  server.RaftServerConfigKeys (ConfUtils.java:logGet(43)) - raft.server.log.segment.size.max = 1048576 (custom)
2019-11-06 14:58:26,693 [pool-27-thread-1] INFO  server.RaftServerConfigKeys (ConfUtils.java:logGet(43)) - raft.server.log.segment.size.max = 1048576 (custom)
2019-11-06 14:58:26,693 [pool-37-thread-1] INFO  server.RaftServerConfigKeys (ConfUtils.java:logGet(43)) - raft.server.log.segment.size.max = 1048576 (custom)
2019-11-06 14:58:26,694 [pool-47-thread-1] INFO  server.RaftServerConfigKeys (ConfUtils.java:logGet(43)) - raft.server.log.preallocated.size = 16384 (custom)
2019-11-06 14:58:26,694 [pool-37-thread-1] INFO  server.RaftServerConfigKeys (ConfUtils.java:logGet(43)) - raft.server.log.preallocated.size = 16384 (custom)
2019-11-06 14:58:26,694 [pool-27-thread-1] INFO  server.RaftServerConfigKeys (ConfUtils.java:logGet(43)) - raft.server.log.preallocated.size = 16384 (custom)
2019-11-06 14:58:26,694 [pool-47-thread-1] INFO  server.RaftServerConfigKeys (ConfUtils.java:logGet(43)) - raft.server.log.write.buffer.size = 33554432 (custom)
2019-11-06 14:58:26,694 [pool-27-thread-1] INFO  server.RaftServerConfigKeys (ConfUtils.java:logGet(43)) - raft.server.log.write.buffer.size = 33554432 (custom)
2019-11-06 14:58:26,694 [pool-37-thread-1] INFO  server.RaftServerConfigKeys (ConfUtils.java:logGet(43)) - raft.server.log.write.buffer.size = 33554432 (custom)
2019-11-06 14:58:26,695 [pool-47-thread-1] INFO  server.RaftServerConfigKeys (ConfUtils.java:logGet(43)) - raft.server.log.force.sync.num = 128 (default)
2019-11-06 14:58:26,695 [pool-37-thread-1] INFO  server.RaftServerConfigKeys (ConfUtils.java:logGet(43)) - raft.server.log.force.sync.num = 128 (default)
2019-11-06 14:58:26,695 [pool-27-thread-1] INFO  server.RaftServerConfigKeys (ConfUtils.java:logGet(43)) - raft.server.log.force.sync.num = 128 (default)
2019-11-06 14:58:26,696 [pool-47-thread-1] INFO  server.RaftServerConfigKeys (ConfUtils.java:logGet(43)) - raft.server.log.statemachine.data.sync = true (default)
2019-11-06 14:58:26,696 [pool-27-thread-1] INFO  server.RaftServerConfigKeys (ConfUtils.java:logGet(43)) - raft.server.log.statemachine.data.sync = true (default)
2019-11-06 14:58:26,696 [pool-37-thread-1] INFO  server.RaftServerConfigKeys (ConfUtils.java:logGet(43)) - raft.server.log.statemachine.data.sync = true (default)
2019-11-06 14:58:26,697 [pool-27-thread-1] INFO  server.RaftServerConfigKeys (ConfUtils.java:logGet(43)) - raft.server.log.statemachine.data.sync.timeout = 10s (default)
2019-11-06 14:58:26,697 [pool-47-thread-1] INFO  server.RaftServerConfigKeys (ConfUtils.java:logGet(43)) - raft.server.log.statemachine.data.sync.timeout = 10s (default)
2019-11-06 14:58:26,697 [pool-37-thread-1] INFO  server.RaftServerConfigKeys (ConfUtils.java:logGet(43)) - raft.server.log.statemachine.data.sync.timeout = 10s (default)
2019-11-06 14:58:26,698 [pool-47-thread-1] INFO  server.RaftServerConfigKeys (ConfUtils.java:logGet(43)) - raft.server.log.statemachine.data.sync.timeout.retry = -1 (default)
2019-11-06 14:58:26,698 [pool-27-thread-1] INFO  server.RaftServerConfigKeys (ConfUtils.java:logGet(43)) - raft.server.log.statemachine.data.sync.timeout.retry = -1 (default)
2019-11-06 14:58:26,698 [pool-37-thread-1] INFO  server.RaftServerConfigKeys (ConfUtils.java:logGet(43)) - raft.server.log.statemachine.data.sync.timeout.retry = -1 (default)
2019-11-06 14:58:26,714 [pool-47-thread-1] INFO  server.RaftServerConfigKeys (ConfUtils.java:logGet(43)) - raft.server.log.statemachine.data.caching.enabled = true (custom)
2019-11-06 14:58:26,714 [pool-37-thread-1] INFO  server.RaftServerConfigKeys (ConfUtils.java:logGet(43)) - raft.server.log.statemachine.data.caching.enabled = true (custom)
2019-11-06 14:58:26,714 [pool-27-thread-1] INFO  server.RaftServerConfigKeys (ConfUtils.java:logGet(43)) - raft.server.log.statemachine.data.caching.enabled = true (custom)
2019-11-06 14:58:26,721 [pool-47-thread-1] INFO  segmented.SegmentedRaftLogWorker (SegmentedRaftLogWorker.java:lambda$new$0(128)) - f1fe5ac3-bd32-402e-9f50-fd9ae13bec7d@group-5738D9AD8CD1-SegmentedRaftLogWorker: flushIndex: setUnconditionally 0 -> -1
2019-11-06 14:58:26,722 [pool-37-thread-1] INFO  segmented.SegmentedRaftLogWorker (SegmentedRaftLogWorker.java:lambda$new$0(128)) - d0f6f4b4-0f66-48e7-8ad4-e312f8c6983b@group-CC9A02F01264-SegmentedRaftLogWorker: flushIndex: setUnconditionally 0 -> -1
2019-11-06 14:58:26,722 [pool-27-thread-1] INFO  segmented.SegmentedRaftLogWorker (SegmentedRaftLogWorker.java:lambda$new$0(128)) - 89180557-9220-4947-93f7-5e558f12b698@group-40581713E1EB-SegmentedRaftLogWorker: flushIndex: setUnconditionally 0 -> -1
2019-11-06 14:58:26,727 [pool-47-thread-1] INFO  server.RaftServerConfigKeys (ConfUtils.java:logGet(43)) - raft.server.snapshot.auto.trigger.enabled = true (custom)
2019-11-06 14:58:26,727 [pool-37-thread-1] INFO  server.RaftServerConfigKeys (ConfUtils.java:logGet(43)) - raft.server.snapshot.auto.trigger.enabled = true (custom)
2019-11-06 14:58:26,727 [pool-27-thread-1] INFO  server.RaftServerConfigKeys (ConfUtils.java:logGet(43)) - raft.server.snapshot.auto.trigger.enabled = true (custom)
2019-11-06 14:58:26,729 [pool-47-thread-1] INFO  server.RaftServerConfigKeys (ConfUtils.java:logGet(43)) - raft.server.snapshot.auto.trigger.threshold = 10000 (custom)
2019-11-06 14:58:26,729 [pool-27-thread-1] INFO  server.RaftServerConfigKeys (ConfUtils.java:logGet(43)) - raft.server.snapshot.auto.trigger.threshold = 10000 (custom)
2019-11-06 14:58:26,729 [pool-37-thread-1] INFO  server.RaftServerConfigKeys (ConfUtils.java:logGet(43)) - raft.server.snapshot.auto.trigger.threshold = 10000 (custom)
2019-11-06 14:58:26,729 [pool-47-thread-1] INFO  server.RaftServerConfigKeys (ConfUtils.java:logGet(43)) - raft.server.snapshot.retention.file.num = 5 (custom)
2019-11-06 14:58:26,729 [pool-37-thread-1] INFO  server.RaftServerConfigKeys (ConfUtils.java:logGet(43)) - raft.server.snapshot.retention.file.num = 5 (custom)
2019-11-06 14:58:26,729 [pool-27-thread-1] INFO  server.RaftServerConfigKeys (ConfUtils.java:logGet(43)) - raft.server.snapshot.retention.file.num = 5 (custom)
2019-11-06 14:58:26,730 [pool-47-thread-1] INFO  server.RaftServerConfigKeys (ConfUtils.java:logGet(43)) - raft.server.retrycache.expirytime = 600000ms (custom)
2019-11-06 14:58:26,730 [pool-37-thread-1] INFO  server.RaftServerConfigKeys (ConfUtils.java:logGet(43)) - raft.server.retrycache.expirytime = 600000ms (custom)
2019-11-06 14:58:26,730 [pool-27-thread-1] INFO  server.RaftServerConfigKeys (ConfUtils.java:logGet(43)) - raft.server.retrycache.expirytime = 600000ms (custom)
2019-11-06 14:58:26,752 [pool-47-thread-1] WARN  impl.MetricRegistriesImpl (MetricRegistriesImpl.java:lambda$create$1(61)) - First MetricRegistry has been created without registering reporters. You may need to call MetricRegistries.global().addReportRegistration(...) before.
2019-11-06 14:58:26,752 [pool-37-thread-1] WARN  impl.MetricRegistriesImpl (MetricRegistriesImpl.java:lambda$create$1(61)) - First MetricRegistry has been created without registering reporters. You may need to call MetricRegistries.global().addReportRegistration(...) before.
2019-11-06 14:58:26,752 [pool-27-thread-1] WARN  impl.MetricRegistriesImpl (MetricRegistriesImpl.java:lambda$create$1(61)) - First MetricRegistry has been created without registering reporters. You may need to call MetricRegistries.global().addReportRegistration(...) before.
2019-11-06 14:58:26,754 [pool-47-thread-1] WARN  impl.MetricRegistriesImpl (MetricRegistriesImpl.java:lambda$create$1(61)) - First MetricRegistry has been created without registering reporters. You may need to call MetricRegistries.global().addReportRegistration(...) before.
2019-11-06 14:58:26,754 [pool-37-thread-1] WARN  impl.MetricRegistriesImpl (MetricRegistriesImpl.java:lambda$create$1(61)) - First MetricRegistry has been created without registering reporters. You may need to call MetricRegistries.global().addReportRegistration(...) before.
2019-11-06 14:58:26,754 [pool-27-thread-1] WARN  impl.MetricRegistriesImpl (MetricRegistriesImpl.java:lambda$create$1(61)) - First MetricRegistry has been created without registering reporters. You may need to call MetricRegistries.global().addReportRegistration(...) before.
2019-11-06 14:58:26,755 [pool-47-thread-1] INFO  impl.RaftServerImpl (RaftServerImpl.java:start(184)) - f1fe5ac3-bd32-402e-9f50-fd9ae13bec7d@group-5738D9AD8CD1: start as a follower, conf=-1: [f1fe5ac3-bd32-402e-9f50-fd9ae13bec7d:192.168.34.45:40801], old=null
2019-11-06 14:58:26,755 [pool-27-thread-1] INFO  impl.RaftServerImpl (RaftServerImpl.java:start(184)) - 89180557-9220-4947-93f7-5e558f12b698@group-40581713E1EB: start as a follower, conf=-1: [89180557-9220-4947-93f7-5e558f12b698:192.168.34.45:46454], old=null
2019-11-06 14:58:26,755 [pool-37-thread-1] INFO  impl.RaftServerImpl (RaftServerImpl.java:start(184)) - d0f6f4b4-0f66-48e7-8ad4-e312f8c6983b@group-CC9A02F01264: start as a follower, conf=-1: [d0f6f4b4-0f66-48e7-8ad4-e312f8c6983b:192.168.34.45:45961], old=null
2019-11-06 14:58:26,756 [pool-47-thread-1] INFO  impl.RaftServerImpl (RaftServerImpl.java:setRole(173)) - f1fe5ac3-bd32-402e-9f50-fd9ae13bec7d@group-5738D9AD8CD1: changes role from      null to FOLLOWER at term 0 for startAsFollower
2019-11-06 14:58:26,756 [pool-37-thread-1] INFO  impl.RaftServerImpl (RaftServerImpl.java:setRole(173)) - d0f6f4b4-0f66-48e7-8ad4-e312f8c6983b@group-CC9A02F01264: changes role from      null to FOLLOWER at term 0 for startAsFollower
2019-11-06 14:58:26,756 [pool-27-thread-1] INFO  impl.RaftServerImpl (RaftServerImpl.java:setRole(173)) - 89180557-9220-4947-93f7-5e558f12b698@group-40581713E1EB: changes role from      null to FOLLOWER at term 0 for startAsFollower
2019-11-06 14:58:26,758 [pool-47-thread-1] INFO  impl.RoleInfo (RoleInfo.java:updateAndGet(143)) - f1fe5ac3-bd32-402e-9f50-fd9ae13bec7d: start FollowerState
2019-11-06 14:58:26,758 [pool-27-thread-1] INFO  impl.RoleInfo (RoleInfo.java:updateAndGet(143)) - 89180557-9220-4947-93f7-5e558f12b698: start FollowerState
2019-11-06 14:58:26,758 [pool-37-thread-1] INFO  impl.RoleInfo (RoleInfo.java:updateAndGet(143)) - d0f6f4b4-0f66-48e7-8ad4-e312f8c6983b: start FollowerState
2019-11-06 14:58:26,762 [pool-47-thread-1] INFO  util.JmxRegister (JmxRegister.java:tryRegister(44)) - Successfully registered JMX Bean with object name Ratis:service=RaftServer,group=group-5738D9AD8CD1,id=f1fe5ac3-bd32-402e-9f50-fd9ae13bec7d
2019-11-06 14:58:26,762 [pool-37-thread-1] INFO  util.JmxRegister (JmxRegister.java:tryRegister(44)) - Successfully registered JMX Bean with object name Ratis:service=RaftServer,group=group-CC9A02F01264,id=d0f6f4b4-0f66-48e7-8ad4-e312f8c6983b
2019-11-06 14:58:26,762 [pool-27-thread-1] INFO  util.JmxRegister (JmxRegister.java:tryRegister(44)) - Successfully registered JMX Bean with object name Ratis:service=RaftServer,group=group-40581713E1EB,id=89180557-9220-4947-93f7-5e558f12b698
2019-11-06 14:58:26,764 [pool-47-thread-1] WARN  impl.MetricRegistriesImpl (MetricRegistriesImpl.java:lambda$create$1(61)) - First MetricRegistry has been created without registering reporters. You may need to call MetricRegistries.global().addReportRegistration(...) before.
2019-11-06 14:58:26,764 [pool-37-thread-1] WARN  impl.MetricRegistriesImpl (MetricRegistriesImpl.java:lambda$create$1(61)) - First MetricRegistry has been created without registering reporters. You may need to call MetricRegistries.global().addReportRegistration(...) before.
2019-11-06 14:58:26,764 [pool-27-thread-1] WARN  impl.MetricRegistriesImpl (MetricRegistriesImpl.java:lambda$create$1(61)) - First MetricRegistry has been created without registering reporters. You may need to call MetricRegistries.global().addReportRegistration(...) before.
2019-11-06 14:58:26,777 [Command processor thread] INFO  commandhandler.CreatePipelineCommandHandler (CreatePipelineCommandHandler.java:handle(86)) - Create Pipeline RATIS ONE #id: "114ee282-cc98-41be-b318-5738d9ad8cd1"
 command succeed on datanode f1fe5ac3-bd32-402e-9f50-fd9ae13bec7d.
2019-11-06 14:58:26,777 [Command processor thread] INFO  commandhandler.CreatePipelineCommandHandler (CreatePipelineCommandHandler.java:handle(86)) - Create Pipeline RATIS ONE #id: "0d0667b3-6843-4aa7-bffc-cc9a02f01264"
 command succeed on datanode d0f6f4b4-0f66-48e7-8ad4-e312f8c6983b.
2019-11-06 14:58:26,777 [Command processor thread] INFO  commandhandler.CreatePipelineCommandHandler (CreatePipelineCommandHandler.java:handle(86)) - Create Pipeline RATIS ONE #id: "a697287b-9f54-44a6-a5a7-40581713e1eb"
 command succeed on datanode 89180557-9220-4947-93f7-5e558f12b698.
2019-11-06 14:58:26,784 [Command processor thread] INFO  impl.RaftServerProxy (RaftServerProxy.java:addNew(89)) - f1fe5ac3-bd32-402e-9f50-fd9ae13bec7d: addNew group-6194F80D31A1:[d0f6f4b4-0f66-48e7-8ad4-e312f8c6983b:192.168.34.45:45961, f1fe5ac3-bd32-402e-9f50-fd9ae13bec7d:192.168.34.45:40801, 89180557-9220-4947-93f7-5e558f12b698:192.168.34.45:46454] returns group-6194F80D31A1:java.util.concurrent.CompletableFuture@66bd1f6f[Not completed]
2019-11-06 14:58:26,784 [Command processor thread] INFO  impl.RaftServerProxy (RaftServerProxy.java:addNew(89)) - 89180557-9220-4947-93f7-5e558f12b698: addNew group-6194F80D31A1:[d0f6f4b4-0f66-48e7-8ad4-e312f8c6983b:192.168.34.45:45961, f1fe5ac3-bd32-402e-9f50-fd9ae13bec7d:192.168.34.45:40801, 89180557-9220-4947-93f7-5e558f12b698:192.168.34.45:46454] returns group-6194F80D31A1:java.util.concurrent.CompletableFuture@25720234[Not completed]
2019-11-06 14:58:26,784 [Command processor thread] INFO  impl.RaftServerProxy (RaftServerProxy.java:addNew(89)) - d0f6f4b4-0f66-48e7-8ad4-e312f8c6983b: addNew group-6194F80D31A1:[d0f6f4b4-0f66-48e7-8ad4-e312f8c6983b:192.168.34.45:45961, f1fe5ac3-bd32-402e-9f50-fd9ae13bec7d:192.168.34.45:40801, 89180557-9220-4947-93f7-5e558f12b698:192.168.34.45:46454] returns group-6194F80D31A1:java.util.concurrent.CompletableFuture@109e879[Not completed]
2019-11-06 14:58:26,787 [pool-47-thread-1] INFO  impl.RaftServerImpl (RaftServerImpl.java:<init>(98)) - f1fe5ac3-bd32-402e-9f50-fd9ae13bec7d: new RaftServerImpl for group-6194F80D31A1:[d0f6f4b4-0f66-48e7-8ad4-e312f8c6983b:192.168.34.45:45961, f1fe5ac3-bd32-402e-9f50-fd9ae13bec7d:192.168.34.45:40801, 89180557-9220-4947-93f7-5e558f12b698:192.168.34.45:46454] with ContainerStateMachine:uninitialized
2019-11-06 14:58:26,787 [pool-47-thread-1] INFO  server.RaftServerConfigKeys (ConfUtils.java:logGet(43)) - raft.server.rpc.timeout.min = 5s (custom)
2019-11-06 14:58:26,787 [pool-47-thread-1] INFO  server.RaftServerConfigKeys (ConfUtils.java:logGet(43)) - raft.server.rpc.timeout.max = 5200ms (custom)
2019-11-06 14:58:26,787 [pool-47-thread-1] INFO  server.RaftServerConfigKeys (ConfUtils.java:logGet(43)) - raft.server.rpcslowness.timeout = 120s (custom)
2019-11-06 14:58:26,787 [pool-47-thread-1] INFO  server.RaftServerConfigKeys (ConfUtils.java:logGet(43)) - raft.server.sleep.deviation.threshold = 300 (default)
2019-11-06 14:58:26,787 [pool-47-thread-1] INFO  server.RaftServerConfigKeys (ConfUtils.java:logGet(43)) - raft.server.log.appender.install.snapshot.enabled = false (custom)
2019-11-06 14:58:26,787 [pool-47-thread-1] INFO  impl.RaftServerImpl (ServerState.java:<init>(103)) - f1fe5ac3-bd32-402e-9f50-fd9ae13bec7d@group-6194F80D31A1: ConfigurationManager, init=-1: [d0f6f4b4-0f66-48e7-8ad4-e312f8c6983b:192.168.34.45:45961, f1fe5ac3-bd32-402e-9f50-fd9ae13bec7d:192.168.34.45:40801, 89180557-9220-4947-93f7-5e558f12b698:192.168.34.45:46454], old=null, confs=<EMPTY_MAP>
2019-11-06 14:58:26,788 [pool-47-thread-1] INFO  server.RaftServerConfigKeys (ConfUtils.java:logGet(43)) - raft.server.storage.dir = [/workdir/hadoop-ozone/tools/target/test-dir/MiniOzoneClusterImpl-4661be70-4e3d-459f-9aa3-197b2cf720b3/datanode-2/data/ratis] (custom)
2019-11-06 14:58:26,788 [pool-37-thread-1] INFO  impl.RaftServerImpl (RaftServerImpl.java:<init>(98)) - d0f6f4b4-0f66-48e7-8ad4-e312f8c6983b: new RaftServerImpl for group-6194F80D31A1:[d0f6f4b4-0f66-48e7-8ad4-e312f8c6983b:192.168.34.45:45961, f1fe5ac3-bd32-402e-9f50-fd9ae13bec7d:192.168.34.45:40801, 89180557-9220-4947-93f7-5e558f12b698:192.168.34.45:46454] with ContainerStateMachine:uninitialized
2019-11-06 14:58:26,788 [pool-37-thread-1] INFO  server.RaftServerConfigKeys (ConfUtils.java:logGet(43)) - raft.server.rpc.timeout.min = 5s (custom)
2019-11-06 14:58:26,788 [pool-47-thread-1] INFO  server.RaftServerConfigKeys (ConfUtils.java:logGet(43)) - raft.server.log.corruption.policy = EXCEPTION (default)
2019-11-06 14:58:26,788 [pool-37-thread-1] INFO  server.RaftServerConfigKeys (ConfUtils.java:logGet(43)) - raft.server.rpc.timeout.max = 5200ms (custom)
2019-11-06 14:58:26,788 [pool-47-thread-1] INFO  storage.RaftStorageDirectory (RaftStorageDirectory.java:analyzeStorage(246)) - The storage directory /workdir/hadoop-ozone/tools/target/test-dir/MiniOzoneClusterImpl-4661be70-4e3d-459f-9aa3-197b2cf720b3/datanode-2/data/ratis/7ad97d23-9d37-412a-a74b-6194f80d31a1 does not exist. Creating ...
2019-11-06 14:58:26,788 [pool-37-thread-1] INFO  server.RaftServerConfigKeys (ConfUtils.java:logGet(43)) - raft.server.rpcslowness.timeout = 120s (custom)
2019-11-06 14:58:26,788 [pool-37-thread-1] INFO  server.RaftServerConfigKeys (ConfUtils.java:logGet(43)) - raft.server.sleep.deviation.threshold = 300 (default)
2019-11-06 14:58:26,789 [pool-37-thread-1] INFO  server.RaftServerConfigKeys (ConfUtils.java:logGet(43)) - raft.server.log.appender.install.snapshot.enabled = false (custom)
2019-11-06 14:58:26,789 [pool-27-thread-1] INFO  impl.RaftServerImpl (RaftServerImpl.java:<init>(98)) - 89180557-9220-4947-93f7-5e558f12b698: new RaftServerImpl for group-6194F80D31A1:[d0f6f4b4-0f66-48e7-8ad4-e312f8c6983b:192.168.34.45:45961, f1fe5ac3-bd32-402e-9f50-fd9ae13bec7d:192.168.34.45:40801, 89180557-9220-4947-93f7-5e558f12b698:192.168.34.45:46454] with ContainerStateMachine:uninitialized
2019-11-06 14:58:26,789 [pool-37-thread-1] INFO  impl.RaftServerImpl (ServerState.java:<init>(103)) - d0f6f4b4-0f66-48e7-8ad4-e312f8c6983b@group-6194F80D31A1: ConfigurationManager, init=-1: [d0f6f4b4-0f66-48e7-8ad4-e312f8c6983b:192.168.34.45:45961, f1fe5ac3-bd32-402e-9f50-fd9ae13bec7d:192.168.34.45:40801, 89180557-9220-4947-93f7-5e558f12b698:192.168.34.45:46454], old=null, confs=<EMPTY_MAP>
2019-11-06 14:58:26,789 [pool-27-thread-1] INFO  server.RaftServerConfigKeys (ConfUtils.java:logGet(43)) - raft.server.rpc.timeout.min = 5s (custom)
2019-11-06 14:58:26,789 [pool-37-thread-1] INFO  server.RaftServerConfigKeys (ConfUtils.java:logGet(43)) - raft.server.storage.dir = [/workdir/hadoop-ozone/tools/target/test-dir/MiniOzoneClusterImpl-4661be70-4e3d-459f-9aa3-197b2cf720b3/datanode-1/data/ratis] (custom)
2019-11-06 14:58:26,789 [pool-27-thread-1] INFO  server.RaftServerConfigKeys (ConfUtils.java:logGet(43)) - raft.server.rpc.timeout.max = 5200ms (custom)
2019-11-06 14:58:26,789 [pool-37-thread-1] INFO  server.RaftServerConfigKeys (ConfUtils.java:logGet(43)) - raft.server.log.corruption.policy = EXCEPTION (default)
2019-11-06 14:58:26,789 [pool-27-thread-1] INFO  server.RaftServerConfigKeys (ConfUtils.java:logGet(43)) - raft.server.rpcslowness.timeout = 120s (custom)
2019-11-06 14:58:26,790 [pool-37-thread-1] INFO  storage.RaftStorageDirectory (RaftStorageDirectory.java:analyzeStorage(246)) - The storage directory /workdir/hadoop-ozone/tools/target/test-dir/MiniOzoneClusterImpl-4661be70-4e3d-459f-9aa3-197b2cf720b3/datanode-1/data/ratis/7ad97d23-9d37-412a-a74b-6194f80d31a1 does not exist. Creating ...
2019-11-06 14:58:26,790 [pool-27-thread-1] INFO  server.RaftServerConfigKeys (ConfUtils.java:logGet(43)) - raft.server.sleep.deviation.threshold = 300 (default)
2019-11-06 14:58:26,790 [pool-27-thread-1] INFO  server.RaftServerConfigKeys (ConfUtils.java:logGet(43)) - raft.server.log.appender.install.snapshot.enabled = false (custom)
2019-11-06 14:58:26,790 [pool-27-thread-1] INFO  impl.RaftServerImpl (ServerState.java:<init>(103)) - 89180557-9220-4947-93f7-5e558f12b698@group-6194F80D31A1: ConfigurationManager, init=-1: [d0f6f4b4-0f66-48e7-8ad4-e312f8c6983b:192.168.34.45:45961, f1fe5ac3-bd32-402e-9f50-fd9ae13bec7d:192.168.34.45:40801, 89180557-9220-4947-93f7-5e558f12b698:192.168.34.45:46454], old=null, confs=<EMPTY_MAP>
2019-11-06 14:58:26,790 [pool-27-thread-1] INFO  server.RaftServerConfigKeys (ConfUtils.java:logGet(43)) - raft.server.storage.dir = [/workdir/hadoop-ozone/tools/target/test-dir/MiniOzoneClusterImpl-4661be70-4e3d-459f-9aa3-197b2cf720b3/datanode-0/data/ratis] (custom)
2019-11-06 14:58:26,791 [pool-27-thread-1] INFO  server.RaftServerConfigKeys (ConfUtils.java:logGet(43)) - raft.server.log.corruption.policy = EXCEPTION (default)
2019-11-06 14:58:26,791 [pool-27-thread-1] INFO  storage.RaftStorageDirectory (RaftStorageDirectory.java:analyzeStorage(246)) - The storage directory /workdir/hadoop-ozone/tools/target/test-dir/MiniOzoneClusterImpl-4661be70-4e3d-459f-9aa3-197b2cf720b3/datanode-0/data/ratis/7ad97d23-9d37-412a-a74b-6194f80d31a1 does not exist. Creating ...
2019-11-06 14:58:26,802 [EventQueue-PipelineReportForPipelineReportHandler] INFO  pipeline.PipelineReportHandler (PipelineReportHandler.java:processPipelineReport(104)) - Pipeline ONE PipelineID=114ee282-cc98-41be-b318-5738d9ad8cd1 reported by f1fe5ac3-bd32-402e-9f50-fd9ae13bec7d{ip: 192.168.34.45, host: pr-hdds-2034-kzwt9-1771795315, networkLocation: /default-rack, certSerialId: null}
2019-11-06 14:58:26,803 [EventQueue-PipelineReportForPipelineReportHandler] INFO  pipeline.PipelineStateManager (PipelineStateManager.java:openPipeline(134)) - Pipeline Pipeline[ Id: 114ee282-cc98-41be-b318-5738d9ad8cd1, Nodes: f1fe5ac3-bd32-402e-9f50-fd9ae13bec7d{ip: 192.168.34.45, host: pr-hdds-2034-kzwt9-1771795315, networkLocation: /default-rack, certSerialId: null}, Type:RATIS, Factor:ONE, State:ALLOCATED] moved to OPEN state
2019-11-06 14:58:26,803 [pool-37-thread-1] INFO  storage.RaftStorageDirectory (RaftStorageDirectory.java:tryLock(328)) - Lock on /workdir/hadoop-ozone/tools/target/test-dir/MiniOzoneClusterImpl-4661be70-4e3d-459f-9aa3-197b2cf720b3/datanode-1/data/ratis/7ad97d23-9d37-412a-a74b-6194f80d31a1/in_use.lock acquired by nodename 27231@pr-hdds-2034-kzwt9-1771795315
2019-11-06 14:58:26,803 [pool-47-thread-1] INFO  storage.RaftStorageDirectory (RaftStorageDirectory.java:tryLock(328)) - Lock on /workdir/hadoop-ozone/tools/target/test-dir/MiniOzoneClusterImpl-4661be70-4e3d-459f-9aa3-197b2cf720b3/datanode-2/data/ratis/7ad97d23-9d37-412a-a74b-6194f80d31a1/in_use.lock acquired by nodename 27231@pr-hdds-2034-kzwt9-1771795315
2019-11-06 14:58:26,803 [pool-27-thread-1] INFO  storage.RaftStorageDirectory (RaftStorageDirectory.java:tryLock(328)) - Lock on /workdir/hadoop-ozone/tools/target/test-dir/MiniOzoneClusterImpl-4661be70-4e3d-459f-9aa3-197b2cf720b3/datanode-0/data/ratis/7ad97d23-9d37-412a-a74b-6194f80d31a1/in_use.lock acquired by nodename 27231@pr-hdds-2034-kzwt9-1771795315
2019-11-06 14:58:26,805 [EventQueue-OpenPipelineForHealthyPipelineSafeModeRule] INFO  safemode.SCMSafeModeManager (HealthyPipelineSafeModeRule.java:process(125)) - SCM in safe mode. Healthy pipelines reported count is 0, required healthy pipeline reported count is 1
2019-11-06 14:58:26,805 [EventQueue-PipelineReportForPipelineReportHandler] INFO  pipeline.PipelineReportHandler (PipelineReportHandler.java:processPipelineReport(104)) - Pipeline ONE PipelineID=a697287b-9f54-44a6-a5a7-40581713e1eb reported by 89180557-9220-4947-93f7-5e558f12b698{ip: 192.168.34.45, host: pr-hdds-2034-kzwt9-1771795315, networkLocation: /default-rack, certSerialId: null}
2019-11-06 14:58:26,806 [EventQueue-OpenPipelineForOneReplicaPipelineSafeModeRule] INFO  safemode.SCMSafeModeManager (SCMSafeModeManager.java:validateSafeModeExitRules(176)) - AtleastOneDatanodeReportedRule rule is successfully validated
2019-11-06 14:58:26,806 [EventQueue-PipelineReportForPipelineReportHandler] INFO  pipeline.PipelineStateManager (PipelineStateManager.java:openPipeline(134)) - Pipeline Pipeline[ Id: a697287b-9f54-44a6-a5a7-40581713e1eb, Nodes: 89180557-9220-4947-93f7-5e558f12b698{ip: 192.168.34.45, host: pr-hdds-2034-kzwt9-1771795315, networkLocation: /default-rack, certSerialId: null}, Type:RATIS, Factor:ONE, State:ALLOCATED] moved to OPEN state
2019-11-06 14:58:26,806 [EventQueue-OpenPipelineForOneReplicaPipelineSafeModeRule] INFO  safemode.SCMSafeModeManager (SCMSafeModeManager.java:validateSafeModeExitRules(176)) - AtleastOneDatanodeReportedRule rule is successfully validated
2019-11-06 14:58:26,806 [EventQueue-PipelineReportForPipelineReportHandler] INFO  pipeline.PipelineReportHandler (PipelineReportHandler.java:processPipelineReport(104)) - Pipeline ONE PipelineID=0d0667b3-6843-4aa7-bffc-cc9a02f01264 reported by d0f6f4b4-0f66-48e7-8ad4-e312f8c6983b{ip: 192.168.34.45, host: pr-hdds-2034-kzwt9-1771795315, networkLocation: /default-rack, certSerialId: null}
2019-11-06 14:58:26,806 [EventQueue-OpenPipelineForHealthyPipelineSafeModeRule] INFO  safemode.SCMSafeModeManager (HealthyPipelineSafeModeRule.java:process(125)) - SCM in safe mode. Healthy pipelines reported count is 0, required healthy pipeline reported count is 1
2019-11-06 14:58:26,807 [EventQueue-PipelineReportForPipelineReportHandler] INFO  pipeline.PipelineStateManager (PipelineStateManager.java:openPipeline(134)) - Pipeline Pipeline[ Id: 0d0667b3-6843-4aa7-bffc-cc9a02f01264, Nodes: d0f6f4b4-0f66-48e7-8ad4-e312f8c6983b{ip: 192.168.34.45, host: pr-hdds-2034-kzwt9-1771795315, networkLocation: /default-rack, certSerialId: null}, Type:RATIS, Factor:ONE, State:ALLOCATED] moved to OPEN state
2019-11-06 14:58:26,807 [EventQueue-OpenPipelineForOneReplicaPipelineSafeModeRule] INFO  safemode.SCMSafeModeManager (SCMSafeModeManager.java:validateSafeModeExitRules(176)) - AtleastOneDatanodeReportedRule rule is successfully validated
2019-11-06 14:58:26,807 [EventQueue-OpenPipelineForHealthyPipelineSafeModeRule] INFO  safemode.SCMSafeModeManager (HealthyPipelineSafeModeRule.java:process(125)) - SCM in safe mode. Healthy pipelines reported count is 0, required healthy pipeline reported count is 1
2019-11-06 14:58:26,809 [pool-37-thread-1] INFO  storage.RaftStorage (RaftStorage.java:format(84)) - Storage directory /workdir/hadoop-ozone/tools/target/test-dir/MiniOzoneClusterImpl-4661be70-4e3d-459f-9aa3-197b2cf720b3/datanode-1/data/ratis/7ad97d23-9d37-412a-a74b-6194f80d31a1 has been successfully formatted.
2019-11-06 14:58:26,809 [pool-27-thread-1] INFO  storage.RaftStorage (RaftStorage.java:format(84)) - Storage directory /workdir/hadoop-ozone/tools/target/test-dir/MiniOzoneClusterImpl-4661be70-4e3d-459f-9aa3-197b2cf720b3/datanode-0/data/ratis/7ad97d23-9d37-412a-a74b-6194f80d31a1 has been successfully formatted.
2019-11-06 14:58:26,809 [pool-47-thread-1] INFO  storage.RaftStorage (RaftStorage.java:format(84)) - Storage directory /workdir/hadoop-ozone/tools/target/test-dir/MiniOzoneClusterImpl-4661be70-4e3d-459f-9aa3-197b2cf720b3/datanode-2/data/ratis/7ad97d23-9d37-412a-a74b-6194f80d31a1 has been successfully formatted.
2019-11-06 14:58:26,809 [pool-37-thread-1] INFO  ratis.ContainerStateMachine (ContainerStateMachine.java:loadSnapshot(222)) - group-6194F80D31A1: The snapshot info is null. Setting the last applied indexto:(t:0, i:~)
2019-11-06 14:58:26,809 [pool-27-thread-1] INFO  ratis.ContainerStateMachine (ContainerStateMachine.java:loadSnapshot(222)) - group-6194F80D31A1: The snapshot info is null. Setting the last applied indexto:(t:0, i:~)
2019-11-06 14:58:26,810 [pool-37-thread-1] INFO  server.RaftServerConfigKeys (ConfUtils.java:logGet(43)) - raft.server.notification.no-leader.timeout = 120s (custom)
2019-11-06 14:58:26,809 [pool-47-thread-1] INFO  ratis.ContainerStateMachine (ContainerStateMachine.java:loadSnapshot(222)) - group-6194F80D31A1: The snapshot info is null. Setting the last applied indexto:(t:0, i:~)
2019-11-06 14:58:26,810 [pool-37-thread-1] INFO  server.RaftServerConfigKeys (ConfUtils.java:logGet(43)) - raft.server.log.use.memory = false (default)
2019-11-06 14:58:26,810 [pool-27-thread-1] INFO  server.RaftServerConfigKeys (ConfUtils.java:logGet(43)) - raft.server.notification.no-leader.timeout = 120s (custom)
2019-11-06 14:58:26,810 [pool-37-thread-1] INFO  server.RaftServerConfigKeys (ConfUtils.java:logGet(43)) - raft.server.log.purge.gap = 1000000 (custom)
2019-11-06 14:58:26,810 [pool-47-thread-1] INFO  server.RaftServerConfigKeys (ConfUtils.java:logGet(43)) - raft.server.notification.no-leader.timeout = 120s (custom)
2019-11-06 14:58:26,810 [pool-37-thread-1] INFO  server.RaftServerConfigKeys (ConfUtils.java:logGet(43)) - raft.server.log.appender.buffer.byte-limit = 33554432 (custom)
2019-11-06 14:58:26,810 [pool-27-thread-1] INFO  server.RaftServerConfigKeys (ConfUtils.java:logGet(43)) - raft.server.log.use.memory = false (default)
2019-11-06 14:58:26,811 [pool-37-thread-1] INFO  server.RaftServerConfigKeys (ConfUtils.java:logGet(43)) - raft.server.log.segment.size.max = 1048576 (custom)
2019-11-06 14:58:26,811 [pool-47-thread-1] INFO  server.RaftServerConfigKeys (ConfUtils.java:logGet(43)) - raft.server.log.use.memory = false (default)
2019-11-06 14:58:26,811 [pool-37-thread-1] INFO  server.RaftServerConfigKeys (ConfUtils.java:logGet(43)) - raft.server.log.segment.cache.num.max = 2 (custom)
2019-11-06 14:58:26,811 [pool-27-thread-1] INFO  server.RaftServerConfigKeys (ConfUtils.java:logGet(43)) - raft.server.log.purge.gap = 1000000 (custom)
2019-11-06 14:58:26,811 [pool-37-thread-1] INFO  segmented.SegmentedRaftLogWorker (SegmentedRaftLogWorker.java:<init>(173)) - new d0f6f4b4-0f66-48e7-8ad4-e312f8c6983b@group-6194F80D31A1-SegmentedRaftLogWorker for RaftStorage:Storage Directory /workdir/hadoop-ozone/tools/target/test-dir/MiniOzoneClusterImpl-4661be70-4e3d-459f-9aa3-197b2cf720b3/datanode-1/data/ratis/7ad97d23-9d37-412a-a74b-6194f80d31a1
2019-11-06 14:58:26,811 [pool-47-thread-1] INFO  server.RaftServerConfigKeys (ConfUtils.java:logGet(43)) - raft.server.log.purge.gap = 1000000 (custom)
2019-11-06 14:58:26,812 [pool-37-thread-1] INFO  server.RaftServerConfigKeys (ConfUtils.java:logGet(43)) - raft.server.log.queue.byte-limit = 2147483647 (custom)
2019-11-06 14:58:26,811 [pool-27-thread-1] INFO  server.RaftServerConfigKeys (ConfUtils.java:logGet(43)) - raft.server.log.appender.buffer.byte-limit = 33554432 (custom)
2019-11-06 14:58:26,812 [pool-37-thread-1] INFO  server.RaftServerConfigKeys (ConfUtils.java:logGet(43)) - raft.server.log.queue.element-limit = 1024 (custom)
2019-11-06 14:58:26,812 [pool-47-thread-1] INFO  server.RaftServerConfigKeys (ConfUtils.java:logGet(43)) - raft.server.log.appender.buffer.byte-limit = 33554432 (custom)
2019-11-06 14:58:26,812 [pool-37-thread-1] INFO  server.RaftServerConfigKeys (ConfUtils.java:logGet(43)) - raft.server.log.segment.size.max = 1048576 (custom)
2019-11-06 14:58:26,812 [pool-27-thread-1] INFO  server.RaftServerConfigKeys (ConfUtils.java:logGet(43)) - raft.server.log.segment.size.max = 1048576 (custom)
2019-11-06 14:58:26,812 [pool-37-thread-1] INFO  server.RaftServerConfigKeys (ConfUtils.java:logGet(43)) - raft.server.log.preallocated.size = 16384 (custom)
2019-11-06 14:58:26,812 [pool-47-thread-1] INFO  server.RaftServerConfigKeys (ConfUtils.java:logGet(43)) - raft.server.log.segment.size.max = 1048576 (custom)
2019-11-06 14:58:26,813 [pool-37-thread-1] INFO  server.RaftServerConfigKeys (ConfUtils.java:logGet(43)) - raft.server.log.write.buffer.size = 33554432 (custom)
2019-11-06 14:58:26,813 [pool-27-thread-1] INFO  server.RaftServerConfigKeys (ConfUtils.java:logGet(43)) - raft.server.log.segment.cache.num.max = 2 (custom)
2019-11-06 14:58:26,813 [pool-37-thread-1] INFO  server.RaftServerConfigKeys (ConfUtils.java:logGet(43)) - raft.server.log.force.sync.num = 128 (default)
2019-11-06 14:58:26,813 [pool-47-thread-1] INFO  server.RaftServerConfigKeys (ConfUtils.java:logGet(43)) - raft.server.log.segment.cache.num.max = 2 (custom)
2019-11-06 14:58:26,813 [pool-37-thread-1] INFO  server.RaftServerConfigKeys (ConfUtils.java:logGet(43)) - raft.server.log.statemachine.data.sync = true (default)
2019-11-06 14:58:26,813 [pool-27-thread-1] INFO  segmented.SegmentedRaftLogWorker (SegmentedRaftLogWorker.java:<init>(173)) - new 89180557-9220-4947-93f7-5e558f12b698@group-6194F80D31A1-SegmentedRaftLogWorker for RaftStorage:Storage Directory /workdir/hadoop-ozone/tools/target/test-dir/MiniOzoneClusterImpl-4661be70-4e3d-459f-9aa3-197b2cf720b3/datanode-0/data/ratis/7ad97d23-9d37-412a-a74b-6194f80d31a1
2019-11-06 14:58:26,814 [pool-37-thread-1] INFO  server.RaftServerConfigKeys (ConfUtils.java:logGet(43)) - raft.server.log.statemachine.data.sync.timeout = 10s (default)
2019-11-06 14:58:26,814 [pool-47-thread-1] INFO  segmented.SegmentedRaftLogWorker (SegmentedRaftLogWorker.java:<init>(173)) - new f1fe5ac3-bd32-402e-9f50-fd9ae13bec7d@group-6194F80D31A1-SegmentedRaftLogWorker for RaftStorage:Storage Directory /workdir/hadoop-ozone/tools/target/test-dir/MiniOzoneClusterImpl-4661be70-4e3d-459f-9aa3-197b2cf720b3/datanode-2/data/ratis/7ad97d23-9d37-412a-a74b-6194f80d31a1
2019-11-06 14:58:26,814 [pool-37-thread-1] INFO  server.RaftServerConfigKeys (ConfUtils.java:logGet(43)) - raft.server.log.statemachine.data.sync.timeout.retry = -1 (default)
2019-11-06 14:58:26,814 [pool-27-thread-1] INFO  server.RaftServerConfigKeys (ConfUtils.java:logGet(43)) - raft.server.log.queue.byte-limit = 2147483647 (custom)
2019-11-06 14:58:26,814 [pool-37-thread-1] INFO  server.RaftServerConfigKeys (ConfUtils.java:logGet(43)) - raft.server.log.statemachine.data.caching.enabled = true (custom)
2019-11-06 14:58:26,814 [pool-47-thread-1] INFO  server.RaftServerConfigKeys (ConfUtils.java:logGet(43)) - raft.server.log.queue.byte-limit = 2147483647 (custom)
2019-11-06 14:58:26,815 [pool-27-thread-1] INFO  server.RaftServerConfigKeys (ConfUtils.java:logGet(43)) - raft.server.log.queue.element-limit = 1024 (custom)
2019-11-06 14:58:26,815 [pool-47-thread-1] INFO  server.RaftServerConfigKeys (ConfUtils.java:logGet(43)) - raft.server.log.queue.element-limit = 1024 (custom)
2019-11-06 14:58:26,815 [pool-27-thread-1] INFO  server.RaftServerConfigKeys (ConfUtils.java:logGet(43)) - raft.server.log.segment.size.max = 1048576 (custom)
2019-11-06 14:58:26,815 [pool-37-thread-1] INFO  segmented.SegmentedRaftLogWorker (SegmentedRaftLogWorker.java:lambda$new$0(128)) - d0f6f4b4-0f66-48e7-8ad4-e312f8c6983b@group-6194F80D31A1-SegmentedRaftLogWorker: flushIndex: setUnconditionally 0 -> -1
2019-11-06 14:58:26,815 [pool-27-thread-1] INFO  server.RaftServerConfigKeys (ConfUtils.java:logGet(43)) - raft.server.log.preallocated.size = 16384 (custom)
2019-11-06 14:58:26,815 [pool-47-thread-1] INFO  server.RaftServerConfigKeys (ConfUtils.java:logGet(43)) - raft.server.log.segment.size.max = 1048576 (custom)
2019-11-06 14:58:26,816 [pool-37-thread-1] INFO  server.RaftServerConfigKeys (ConfUtils.java:logGet(43)) - raft.server.snapshot.auto.trigger.enabled = true (custom)
2019-11-06 14:58:26,816 [pool-27-thread-1] INFO  server.RaftServerConfigKeys (ConfUtils.java:logGet(43)) - raft.server.log.write.buffer.size = 33554432 (custom)
2019-11-06 14:58:26,816 [pool-37-thread-1] INFO  server.RaftServerConfigKeys (ConfUtils.java:logGet(43)) - raft.server.snapshot.auto.trigger.threshold = 10000 (custom)
2019-11-06 14:58:26,816 [pool-47-thread-1] INFO  server.RaftServerConfigKeys (ConfUtils.java:logGet(43)) - raft.server.log.preallocated.size = 16384 (custom)
2019-11-06 14:58:26,816 [pool-37-thread-1] INFO  server.RaftServerConfigKeys (ConfUtils.java:logGet(43)) - raft.server.snapshot.retention.file.num = 5 (custom)
2019-11-06 14:58:26,816 [pool-27-thread-1] INFO  server.RaftServerConfigKeys (ConfUtils.java:logGet(43)) - raft.server.log.force.sync.num = 128 (default)
2019-11-06 14:58:26,816 [pool-37-thread-1] INFO  server.RaftServerConfigKeys (ConfUtils.java:logGet(43)) - raft.server.retrycache.expirytime = 600000ms (custom)
2019-11-06 14:58:26,816 [pool-47-thread-1] INFO  server.RaftServerConfigKeys (ConfUtils.java:logGet(43)) - raft.server.log.write.buffer.size = 33554432 (custom)
2019-11-06 14:58:26,817 [pool-37-thread-1] WARN  impl.MetricRegistriesImpl (MetricRegistriesImpl.java:lambda$create$1(61)) - First MetricRegistry has been created without registering reporters. You may need to call MetricRegistries.global().addReportRegistration(...) before.
2019-11-06 14:58:26,817 [pool-27-thread-1] INFO  server.RaftServerConfigKeys (ConfUtils.java:logGet(43)) - raft.server.log.statemachine.data.sync = true (default)
2019-11-06 14:58:26,817 [pool-37-thread-1] WARN  impl.MetricRegistriesImpl (MetricRegistriesImpl.java:lambda$create$1(61)) - First MetricRegistry has been created without registering reporters. You may need to call MetricRegistries.global().addReportRegistration(...) before.
2019-11-06 14:58:26,817 [pool-47-thread-1] INFO  server.RaftServerConfigKeys (ConfUtils.java:logGet(43)) - raft.server.log.force.sync.num = 128 (default)
2019-11-06 14:58:26,817 [pool-27-thread-1] INFO  server.RaftServerConfigKeys (ConfUtils.java:logGet(43)) - raft.server.log.statemachine.data.sync.timeout = 10s (default)
2019-11-06 14:58:26,817 [pool-47-thread-1] INFO  server.RaftServerConfigKeys (ConfUtils.java:logGet(43)) - raft.server.log.statemachine.data.sync = true (default)
2019-11-06 14:58:26,817 [pool-37-thread-1] INFO  impl.RaftServerImpl (RaftServerImpl.java:start(184)) - d0f6f4b4-0f66-48e7-8ad4-e312f8c6983b@group-6194F80D31A1: start as a follower, conf=-1: [d0f6f4b4-0f66-48e7-8ad4-e312f8c6983b:192.168.34.45:45961, f1fe5ac3-bd32-402e-9f50-fd9ae13bec7d:192.168.34.45:40801, 89180557-9220-4947-93f7-5e558f12b698:192.168.34.45:46454], old=null
2019-11-06 14:58:26,818 [pool-47-thread-1] INFO  server.RaftServerConfigKeys (ConfUtils.java:logGet(43)) - raft.server.log.statemachine.data.sync.timeout = 10s (default)
2019-11-06 14:58:26,817 [pool-27-thread-1] INFO  server.RaftServerConfigKeys (ConfUtils.java:logGet(43)) - raft.server.log.statemachine.data.sync.timeout.retry = -1 (default)
2019-11-06 14:58:26,818 [pool-47-thread-1] INFO  server.RaftServerConfigKeys (ConfUtils.java:logGet(43)) - raft.server.log.statemachine.data.sync.timeout.retry = -1 (default)
2019-11-06 14:58:26,818 [pool-37-thread-1] INFO  impl.RaftServerImpl (RaftServerImpl.java:setRole(173)) - d0f6f4b4-0f66-48e7-8ad4-e312f8c6983b@group-6194F80D31A1: changes role from      null to FOLLOWER at term 0 for startAsFollower
2019-11-06 14:58:26,818 [pool-47-thread-1] INFO  server.RaftServerConfigKeys (ConfUtils.java:logGet(43)) - raft.server.log.statemachine.data.caching.enabled = true (custom)
2019-11-06 14:58:26,818 [pool-27-thread-1] INFO  server.RaftServerConfigKeys (ConfUtils.java:logGet(43)) - raft.server.log.statemachine.data.caching.enabled = true (custom)
2019-11-06 14:58:26,818 [pool-37-thread-1] INFO  impl.RoleInfo (RoleInfo.java:updateAndGet(143)) - d0f6f4b4-0f66-48e7-8ad4-e312f8c6983b: start FollowerState
2019-11-06 14:58:26,819 [pool-47-thread-1] INFO  segmented.SegmentedRaftLogWorker (SegmentedRaftLogWorker.java:lambda$new$0(128)) - f1fe5ac3-bd32-402e-9f50-fd9ae13bec7d@group-6194F80D31A1-SegmentedRaftLogWorker: flushIndex: setUnconditionally 0 -> -1
2019-11-06 14:58:26,819 [pool-27-thread-1] INFO  segmented.SegmentedRaftLogWorker (SegmentedRaftLogWorker.java:lambda$new$0(128)) - 89180557-9220-4947-93f7-5e558f12b698@group-6194F80D31A1-SegmentedRaftLogWorker: flushIndex: setUnconditionally 0 -> -1
2019-11-06 14:58:26,819 [pool-47-thread-1] INFO  server.RaftServerConfigKeys (ConfUtils.java:logGet(43)) - raft.server.snapshot.auto.trigger.enabled = true (custom)
2019-11-06 14:58:26,819 [pool-37-thread-1] INFO  util.JmxRegister (JmxRegister.java:tryRegister(44)) - Successfully registered JMX Bean with object name Ratis:service=RaftServer,group=group-6194F80D31A1,id=d0f6f4b4-0f66-48e7-8ad4-e312f8c6983b
2019-11-06 14:58:26,819 [pool-47-thread-1] INFO  server.RaftServerConfigKeys (ConfUtils.java:logGet(43)) - raft.server.snapshot.auto.trigger.threshold = 10000 (custom)
2019-11-06 14:58:26,819 [pool-27-thread-1] INFO  server.RaftServerConfigKeys (ConfUtils.java:logGet(43)) - raft.server.snapshot.auto.trigger.enabled = true (custom)
2019-11-06 14:58:26,820 [pool-47-thread-1] INFO  server.RaftServerConfigKeys (ConfUtils.java:logGet(43)) - raft.server.snapshot.retention.file.num = 5 (custom)
2019-11-06 14:58:26,820 [pool-37-thread-1] WARN  impl.MetricRegistriesImpl (MetricRegistriesImpl.java:lambda$create$1(61)) - First MetricRegistry has been created without registering reporters. You may need to call MetricRegistries.global().addReportRegistration(...) before.
2019-11-06 14:58:26,820 [pool-47-thread-1] INFO  server.RaftServerConfigKeys (ConfUtils.java:logGet(43)) - raft.server.retrycache.expirytime = 600000ms (custom)
2019-11-06 14:58:26,820 [pool-27-thread-1] INFO  server.RaftServerConfigKeys (ConfUtils.java:logGet(43)) - raft.server.snapshot.auto.trigger.threshold = 10000 (custom)
2019-11-06 14:58:26,820 [pool-47-thread-1] WARN  impl.MetricRegistriesImpl (MetricRegistriesImpl.java:lambda$create$1(61)) - First MetricRegistry has been created without registering reporters. You may need to call MetricRegistries.global().addReportRegistration(...) before.
2019-11-06 14:58:26,820 [pool-27-thread-1] INFO  server.RaftServerConfigKeys (ConfUtils.java:logGet(43)) - raft.server.snapshot.retention.file.num = 5 (custom)
2019-11-06 14:58:26,821 [Command processor thread] INFO  commandhandler.CreatePipelineCommandHandler (CreatePipelineCommandHandler.java:handle(86)) - Create Pipeline RATIS THREE #id: "7ad97d23-9d37-412a-a74b-6194f80d31a1"
 command succeed on datanode d0f6f4b4-0f66-48e7-8ad4-e312f8c6983b.
2019-11-06 14:58:26,821 [pool-47-thread-1] WARN  impl.MetricRegistriesImpl (MetricRegistriesImpl.java:lambda$create$1(61)) - First MetricRegistry has been created without registering reporters. You may need to call MetricRegistries.global().addReportRegistration(...) before.
2019-11-06 14:58:26,821 [pool-27-thread-1] INFO  server.RaftServerConfigKeys (ConfUtils.java:logGet(43)) - raft.server.retrycache.expirytime = 600000ms (custom)
2019-11-06 14:58:26,821 [pool-47-thread-1] INFO  impl.RaftServerImpl (RaftServerImpl.java:start(184)) - f1fe5ac3-bd32-402e-9f50-fd9ae13bec7d@group-6194F80D31A1: start as a follower, conf=-1: [d0f6f4b4-0f66-48e7-8ad4-e312f8c6983b:192.168.34.45:45961, f1fe5ac3-bd32-402e-9f50-fd9ae13bec7d:192.168.34.45:40801, 89180557-9220-4947-93f7-5e558f12b698:192.168.34.45:46454], old=null
2019-11-06 14:58:26,821 [pool-27-thread-1] WARN  impl.MetricRegistriesImpl (MetricRegistriesImpl.java:lambda$create$1(61)) - First MetricRegistry has been created without registering reporters. You may need to call MetricRegistries.global().addReportRegistration(...) before.
2019-11-06 14:58:26,821 [pool-47-thread-1] INFO  impl.RaftServerImpl (RaftServerImpl.java:setRole(173)) - f1fe5ac3-bd32-402e-9f50-fd9ae13bec7d@group-6194F80D31A1: changes role from      null to FOLLOWER at term 0 for startAsFollower
2019-11-06 14:58:26,821 [pool-27-thread-1] WARN  impl.MetricRegistriesImpl (MetricRegistriesImpl.java:lambda$create$1(61)) - First MetricRegistry has been created without registering reporters. You may need to call MetricRegistries.global().addReportRegistration(...) before.
2019-11-06 14:58:26,822 [pool-47-thread-1] INFO  impl.RoleInfo (RoleInfo.java:updateAndGet(143)) - f1fe5ac3-bd32-402e-9f50-fd9ae13bec7d: start FollowerState
2019-11-06 14:58:26,822 [pool-27-thread-1] INFO  impl.RaftServerImpl (RaftServerImpl.java:start(184)) - 89180557-9220-4947-93f7-5e558f12b698@group-6194F80D31A1: start as a follower, conf=-1: [d0f6f4b4-0f66-48e7-8ad4-e312f8c6983b:192.168.34.45:45961, f1fe5ac3-bd32-402e-9f50-fd9ae13bec7d:192.168.34.45:40801, 89180557-9220-4947-93f7-5e558f12b698:192.168.34.45:46454], old=null
2019-11-06 14:58:26,822 [pool-27-thread-1] INFO  impl.RaftServerImpl (RaftServerImpl.java:setRole(173)) - 89180557-9220-4947-93f7-5e558f12b698@group-6194F80D31A1: changes role from      null to FOLLOWER at term 0 for startAsFollower
2019-11-06 14:58:26,823 [pool-27-thread-1] INFO  impl.RoleInfo (RoleInfo.java:updateAndGet(143)) - 89180557-9220-4947-93f7-5e558f12b698: start FollowerState
2019-11-06 14:58:26,823 [pool-47-thread-1] INFO  util.JmxRegister (JmxRegister.java:tryRegister(44)) - Successfully registered JMX Bean with object name Ratis:service=RaftServer,group=group-6194F80D31A1,id=f1fe5ac3-bd32-402e-9f50-fd9ae13bec7d
2019-11-06 14:58:26,823 [pool-47-thread-1] WARN  impl.MetricRegistriesImpl (MetricRegistriesImpl.java:lambda$create$1(61)) - First MetricRegistry has been created without registering reporters. You may need to call MetricRegistries.global().addReportRegistration(...) before.
2019-11-06 14:58:26,823 [pool-27-thread-1] INFO  util.JmxRegister (JmxRegister.java:tryRegister(44)) - Successfully registered JMX Bean with object name Ratis:service=RaftServer,group=group-6194F80D31A1,id=89180557-9220-4947-93f7-5e558f12b698
2019-11-06 14:58:26,823 [EventQueue-PipelineReportForPipelineReportHandler] INFO  pipeline.PipelineReportHandler (PipelineReportHandler.java:processPipelineReport(104)) - Pipeline THREE PipelineID=7ad97d23-9d37-412a-a74b-6194f80d31a1 reported by d0f6f4b4-0f66-48e7-8ad4-e312f8c6983b{ip: 192.168.34.45, host: pr-hdds-2034-kzwt9-1771795315, networkLocation: /default-rack, certSerialId: null}
2019-11-06 14:58:26,823 [pool-27-thread-1] WARN  impl.MetricRegistriesImpl (MetricRegistriesImpl.java:lambda$create$1(61)) - First MetricRegistry has been created without registering reporters. You may need to call MetricRegistries.global().addReportRegistration(...) before.
2019-11-06 14:58:26,823 [Command processor thread] INFO  commandhandler.CreatePipelineCommandHandler (CreatePipelineCommandHandler.java:handle(86)) - Create Pipeline RATIS THREE #id: "7ad97d23-9d37-412a-a74b-6194f80d31a1"
 command succeed on datanode f1fe5ac3-bd32-402e-9f50-fd9ae13bec7d.
2019-11-06 14:58:26,823 [EventQueue-OpenPipelineForHealthyPipelineSafeModeRule] INFO  safemode.SCMSafeModeManager (HealthyPipelineSafeModeRule.java:process(125)) - SCM in safe mode. Healthy pipelines reported count is 1, required healthy pipeline reported count is 1
2019-11-06 14:58:26,823 [EventQueue-OpenPipelineForOneReplicaPipelineSafeModeRule] INFO  safemode.SCMSafeModeManager (SCMSafeModeManager.java:validateSafeModeExitRules(176)) - AtleastOneDatanodeReportedRule rule is successfully validated
2019-11-06 14:58:26,824 [Command processor thread] INFO  commandhandler.CreatePipelineCommandHandler (CreatePipelineCommandHandler.java:handle(86)) - Create Pipeline RATIS THREE #id: "7ad97d23-9d37-412a-a74b-6194f80d31a1"
 command succeed on datanode 89180557-9220-4947-93f7-5e558f12b698.
2019-11-06 14:58:26,824 [EventQueue-OpenPipelineForHealthyPipelineSafeModeRule] INFO  safemode.SCMSafeModeManager (SCMSafeModeManager.java:validateSafeModeExitRules(176)) - HealthyPipelineSafeModeRule rule is successfully validated
2019-11-06 14:58:26,824 [EventQueue-OpenPipelineForHealthyPipelineSafeModeRule] INFO  safemode.SCMSafeModeManager (SCMSafeModeManager.java:validateSafeModeExitRules(185)) - ScmSafeModeManager, all rules are successfully validated
2019-11-06 14:58:26,825 [EventQueue-OpenPipelineForHealthyPipelineSafeModeRule] INFO  safemode.SCMSafeModeManager (SCMSafeModeManager.java:exitSafeMode(201)) - SCM exiting safe mode.
2019-11-06 14:58:26,827 [EventQueue-PipelineReportForPipelineReportHandler] INFO  pipeline.PipelineReportHandler (PipelineReportHandler.java:processPipelineReport(104)) - Pipeline THREE PipelineID=7ad97d23-9d37-412a-a74b-6194f80d31a1 reported by f1fe5ac3-bd32-402e-9f50-fd9ae13bec7d{ip: 192.168.34.45, host: pr-hdds-2034-kzwt9-1771795315, networkLocation: /default-rack, certSerialId: null}
2019-11-06 14:58:26,827 [EventQueue-PipelineReportForPipelineReportHandler] INFO  pipeline.PipelineReportHandler (PipelineReportHandler.java:processPipelineReport(104)) - Pipeline THREE PipelineID=7ad97d23-9d37-412a-a74b-6194f80d31a1 reported by 89180557-9220-4947-93f7-5e558f12b698{ip: 192.168.34.45, host: pr-hdds-2034-kzwt9-1771795315, networkLocation: /default-rack, certSerialId: null}
2019-11-06 14:58:26,827 [EventQueue-PipelineReportForPipelineReportHandler] INFO  pipeline.PipelineStateManager (PipelineStateManager.java:openPipeline(134)) - Pipeline Pipeline[ Id: 7ad97d23-9d37-412a-a74b-6194f80d31a1, Nodes: 89180557-9220-4947-93f7-5e558f12b698{ip: 192.168.34.45, host: pr-hdds-2034-kzwt9-1771795315, networkLocation: /default-rack, certSerialId: null}d0f6f4b4-0f66-48e7-8ad4-e312f8c6983b{ip: 192.168.34.45, host: pr-hdds-2034-kzwt9-1771795315, networkLocation: /default-rack, certSerialId: null}f1fe5ac3-bd32-402e-9f50-fd9ae13bec7d{ip: 192.168.34.45, host: pr-hdds-2034-kzwt9-1771795315, networkLocation: /default-rack, certSerialId: null}, Type:RATIS, Factor:THREE, State:ALLOCATED] moved to OPEN state
2019-11-06 14:58:27,619 [main] INFO  ozone.MiniOzoneClusterImpl (MiniOzoneClusterImpl.java:lambda$waitForClusterToBeReady$0(149)) - Nodes are ready. Got 3 of 3 DN Heartbeats.
2019-11-06 14:58:27,620 [main] INFO  ozone.MiniOzoneClusterImpl (MiniOzoneClusterImpl.java:lambda$waitForClusterToBeReady$0(152)) - Cluster exits safe mode
2019-11-06 14:58:29,833 [Thread-193] INFO  container.ReplicationManager (ReplicationManager.java:start(162)) - Starting Replication Monitor Thread.
2019-11-06 14:58:29,836 [ReplicationMonitor] INFO  container.ReplicationManager (ReplicationManager.java:run(225)) - Replication Monitor Thread took 1 milliseconds for processing 0 containers.
2019-11-06 14:58:31,224 [main] INFO  freon.RandomKeyGenerator (RandomKeyGenerator.java:call(283)) - Number of Threads: 10
2019-11-06 14:58:31,225 [main] INFO  freon.RandomKeyGenerator (RandomKeyGenerator.java:call(288)) - Number of Volumes: 1.
2019-11-06 14:58:31,225 [main] INFO  freon.RandomKeyGenerator (RandomKeyGenerator.java:call(289)) - Number of Buckets per Volume: 1.
2019-11-06 14:58:31,225 [main] INFO  freon.RandomKeyGenerator (RandomKeyGenerator.java:call(290)) - Number of Keys per Bucket: 1.
2019-11-06 14:58:31,225 [main] INFO  freon.RandomKeyGenerator (RandomKeyGenerator.java:call(291)) - Key size: 20971520 bytes
2019-11-06 14:58:31,225 [main] INFO  freon.RandomKeyGenerator (RandomKeyGenerator.java:call(292)) - Buffer size: 4096 bytes
2019-11-06 14:58:31,225 [main] INFO  freon.RandomKeyGenerator (RandomKeyGenerator.java:call(293)) - validateWrites : true
2019-11-06 14:58:31,230 [main] INFO  freon.RandomKeyGenerator (RandomKeyGenerator.java:call(307)) - Data validation is enabled.
2019-11-06 14:58:31,232 [main] INFO  freon.RandomKeyGenerator (RandomKeyGenerator.java:call(313)) - Starting progress bar Thread.

 0.00% |?                                                                                                    |  0/1 Time: 0:00:002019-11-06 14:58:31,260 [pool-53-thread-1] INFO  rpc.RpcClient (RpcClient.java:createVolume(291)) - Creating Volume: vol-0-41250, with jenkins1000 as owner.
2019-11-06 14:58:31,349 [IPC Server handler 1 on 40288] INFO  volume.OMVolumeCreateRequest (OMVolumeCreateRequest.java:validateAndUpdateCache(193)) - created volume:vol-0-41250 for user:jenkins1000
2019-11-06 14:58:31,392 [pool-53-thread-2] INFO  rpc.RpcClient (RpcClient.java:createBucket(430)) - Creating Bucket: vol-0-41250/bucket-0-98549, with Versioning false and Storage Type set to DISK and Encryption set to false 
2019-11-06 14:58:31,568 [pool-53-thread-3] INFO  impl.MetricsSystemImpl (MetricsSystemImpl.java:init(158)) - XceiverClientMetrics metrics system started (again)
2019-11-06 14:58:32,041 [Thread-191] INFO  impl.FollowerState (FollowerState.java:run(111)) - 89180557-9220-4947-93f7-5e558f12b698@group-6194F80D31A1-FollowerState: change to CANDIDATE, lastRpcTime:5218ms, electionTimeout:5167ms
2019-11-06 14:58:32,044 [Thread-183] INFO  impl.FollowerState (FollowerState.java:run(111)) - d0f6f4b4-0f66-48e7-8ad4-e312f8c6983b@group-CC9A02F01264-FollowerState: change to CANDIDATE, lastRpcTime:5286ms, electionTimeout:5155ms
2019-11-06 14:58:32,043 [Thread-182] INFO  impl.FollowerState (FollowerState.java:run(111)) - 89180557-9220-4947-93f7-5e558f12b698@group-40581713E1EB-FollowerState: change to CANDIDATE, lastRpcTime:5285ms, electionTimeout:5055ms
2019-11-06 14:58:32,042 [Thread-181] INFO  impl.FollowerState (FollowerState.java:run(111)) - f1fe5ac3-bd32-402e-9f50-fd9ae13bec7d@group-5738D9AD8CD1-FollowerState: change to CANDIDATE, lastRpcTime:5285ms, electionTimeout:5099ms
2019-11-06 14:58:32,042 [Thread-190] INFO  impl.FollowerState (FollowerState.java:run(111)) - f1fe5ac3-bd32-402e-9f50-fd9ae13bec7d@group-6194F80D31A1-FollowerState: change to CANDIDATE, lastRpcTime:5221ms, electionTimeout:5090ms
2019-11-06 14:58:32,041 [Thread-187] INFO  impl.FollowerState (FollowerState.java:run(111)) - d0f6f4b4-0f66-48e7-8ad4-e312f8c6983b@group-6194F80D31A1-FollowerState: change to CANDIDATE, lastRpcTime:5222ms, electionTimeout:5185ms
2019-11-06 14:58:32,053 [Thread-183] INFO  impl.RoleInfo (RoleInfo.java:shutdownFollowerState(121)) - d0f6f4b4-0f66-48e7-8ad4-e312f8c6983b: shutdown FollowerState
2019-11-06 14:58:32,053 [Thread-181] INFO  impl.RoleInfo (RoleInfo.java:shutdownFollowerState(121)) - f1fe5ac3-bd32-402e-9f50-fd9ae13bec7d: shutdown FollowerState
2019-11-06 14:58:32,053 [Thread-191] INFO  impl.RoleInfo (RoleInfo.java:shutdownFollowerState(121)) - 89180557-9220-4947-93f7-5e558f12b698: shutdown FollowerState
2019-11-06 14:58:32,055 [Thread-183] INFO  impl.RaftServerImpl (RaftServerImpl.java:setRole(173)) - d0f6f4b4-0f66-48e7-8ad4-e312f8c6983b@group-CC9A02F01264: changes role from  FOLLOWER to CANDIDATE at term 0 for changeToCandidate
2019-11-06 14:58:32,053 [Thread-182] INFO  impl.RoleInfo (RoleInfo.java:shutdownFollowerState(121)) - 89180557-9220-4947-93f7-5e558f12b698: shutdown FollowerState
2019-11-06 14:58:32,053 [Thread-190] INFO  impl.RoleInfo (RoleInfo.java:shutdownFollowerState(121)) - f1fe5ac3-bd32-402e-9f50-fd9ae13bec7d: shutdown FollowerState
2019-11-06 14:58:32,053 [Thread-187] INFO  impl.RoleInfo (RoleInfo.java:shutdownFollowerState(121)) - d0f6f4b4-0f66-48e7-8ad4-e312f8c6983b: shutdown FollowerState
2019-11-06 14:58:32,057 [Thread-190] INFO  impl.RaftServerImpl (RaftServerImpl.java:setRole(173)) - f1fe5ac3-bd32-402e-9f50-fd9ae13bec7d@group-6194F80D31A1: changes role from  FOLLOWER to CANDIDATE at term 0 for changeToCandidate
2019-11-06 14:58:32,057 [Thread-182] INFO  impl.RaftServerImpl (RaftServerImpl.java:setRole(173)) - 89180557-9220-4947-93f7-5e558f12b698@group-40581713E1EB: changes role from  FOLLOWER to CANDIDATE at term 0 for changeToCandidate
2019-11-06 14:58:32,055 [Thread-191] INFO  impl.RaftServerImpl (RaftServerImpl.java:setRole(173)) - 89180557-9220-4947-93f7-5e558f12b698@group-6194F80D31A1: changes role from  FOLLOWER to CANDIDATE at term 0 for changeToCandidate
2019-11-06 14:58:32,055 [Thread-181] INFO  impl.RaftServerImpl (RaftServerImpl.java:setRole(173)) - f1fe5ac3-bd32-402e-9f50-fd9ae13bec7d@group-5738D9AD8CD1: changes role from  FOLLOWER to CANDIDATE at term 0 for changeToCandidate
2019-11-06 14:58:32,057 [Thread-187] INFO  impl.RaftServerImpl (RaftServerImpl.java:setRole(173)) - d0f6f4b4-0f66-48e7-8ad4-e312f8c6983b@group-6194F80D31A1: changes role from  FOLLOWER to CANDIDATE at term 0 for changeToCandidate
2019-11-06 14:58:32,064 [Thread-191] INFO  impl.RoleInfo (RoleInfo.java:updateAndGet(143)) - 89180557-9220-4947-93f7-5e558f12b698: start LeaderElection
2019-11-06 14:58:32,064 [Thread-190] INFO  impl.RoleInfo (RoleInfo.java:updateAndGet(143)) - f1fe5ac3-bd32-402e-9f50-fd9ae13bec7d: start LeaderElection
2019-11-06 14:58:32,064 [Thread-187] INFO  impl.RoleInfo (RoleInfo.java:updateAndGet(143)) - d0f6f4b4-0f66-48e7-8ad4-e312f8c6983b: start LeaderElection
2019-11-06 14:58:32,064 [Thread-183] INFO  impl.RoleInfo (RoleInfo.java:updateAndGet(143)) - d0f6f4b4-0f66-48e7-8ad4-e312f8c6983b: start LeaderElection
2019-11-06 14:58:32,064 [Thread-182] INFO  impl.RoleInfo (RoleInfo.java:updateAndGet(143)) - 89180557-9220-4947-93f7-5e558f12b698: start LeaderElection
2019-11-06 14:58:32,064 [Thread-181] INFO  impl.RoleInfo (RoleInfo.java:updateAndGet(143)) - f1fe5ac3-bd32-402e-9f50-fd9ae13bec7d: start LeaderElection
2019-11-06 14:58:32,086 [d0f6f4b4-0f66-48e7-8ad4-e312f8c6983b@group-CC9A02F01264-LeaderElection5] INFO  impl.LeaderElection (LeaderElection.java:askForVotes(178)) - d0f6f4b4-0f66-48e7-8ad4-e312f8c6983b@group-CC9A02F01264-LeaderElection5: begin an election at term 1 for -1: [d0f6f4b4-0f66-48e7-8ad4-e312f8c6983b:192.168.34.45:45961], old=null
2019-11-06 14:58:32,086 [f1fe5ac3-bd32-402e-9f50-fd9ae13bec7d@group-5738D9AD8CD1-LeaderElection4] INFO  impl.LeaderElection (LeaderElection.java:askForVotes(178)) - f1fe5ac3-bd32-402e-9f50-fd9ae13bec7d@group-5738D9AD8CD1-LeaderElection4: begin an election at term 1 for -1: [f1fe5ac3-bd32-402e-9f50-fd9ae13bec7d:192.168.34.45:40801], old=null
2019-11-06 14:58:32,086 [89180557-9220-4947-93f7-5e558f12b698@group-40581713E1EB-LeaderElection1] INFO  impl.LeaderElection (LeaderElection.java:askForVotes(178)) - 89180557-9220-4947-93f7-5e558f12b698@group-40581713E1EB-LeaderElection1: begin an election at term 1 for -1: [89180557-9220-4947-93f7-5e558f12b698:192.168.34.45:46454], old=null
2019-11-06 14:58:32,086 [d0f6f4b4-0f66-48e7-8ad4-e312f8c6983b@group-6194F80D31A1-LeaderElection3] INFO  impl.LeaderElection (LeaderElection.java:askForVotes(178)) - d0f6f4b4-0f66-48e7-8ad4-e312f8c6983b@group-6194F80D31A1-LeaderElection3: begin an election at term 1 for -1: [d0f6f4b4-0f66-48e7-8ad4-e312f8c6983b:192.168.34.45:45961, f1fe5ac3-bd32-402e-9f50-fd9ae13bec7d:192.168.34.45:40801, 89180557-9220-4947-93f7-5e558f12b698:192.168.34.45:46454], old=null
2019-11-06 14:58:32,086 [f1fe5ac3-bd32-402e-9f50-fd9ae13bec7d@group-6194F80D31A1-LeaderElection2] INFO  impl.LeaderElection (LeaderElection.java:askForVotes(178)) - f1fe5ac3-bd32-402e-9f50-fd9ae13bec7d@group-6194F80D31A1-LeaderElection2: begin an election at term 1 for -1: [d0f6f4b4-0f66-48e7-8ad4-e312f8c6983b:192.168.34.45:45961, f1fe5ac3-bd32-402e-9f50-fd9ae13bec7d:192.168.34.45:40801, 89180557-9220-4947-93f7-5e558f12b698:192.168.34.45:46454], old=null
2019-11-06 14:58:32,086 [89180557-9220-4947-93f7-5e558f12b698@group-6194F80D31A1-LeaderElection6] INFO  impl.LeaderElection (LeaderElection.java:askForVotes(178)) - 89180557-9220-4947-93f7-5e558f12b698@group-6194F80D31A1-LeaderElection6: begin an election at term 1 for -1: [d0f6f4b4-0f66-48e7-8ad4-e312f8c6983b:192.168.34.45:45961, f1fe5ac3-bd32-402e-9f50-fd9ae13bec7d:192.168.34.45:40801, 89180557-9220-4947-93f7-5e558f12b698:192.168.34.45:46454], old=null
2019-11-06 14:58:32,089 [d0f6f4b4-0f66-48e7-8ad4-e312f8c6983b@group-CC9A02F01264-LeaderElection5] INFO  impl.RoleInfo (RoleInfo.java:shutdownLeaderElection(134)) - d0f6f4b4-0f66-48e7-8ad4-e312f8c6983b: shutdown LeaderElection
2019-11-06 14:58:32,089 [f1fe5ac3-bd32-402e-9f50-fd9ae13bec7d@group-5738D9AD8CD1-LeaderElection4] INFO  impl.RoleInfo (RoleInfo.java:shutdownLeaderElection(134)) - f1fe5ac3-bd32-402e-9f50-fd9ae13bec7d: shutdown LeaderElection
2019-11-06 14:58:32,089 [89180557-9220-4947-93f7-5e558f12b698@group-40581713E1EB-LeaderElection1] INFO  impl.RoleInfo (RoleInfo.java:shutdownLeaderElection(134)) - 89180557-9220-4947-93f7-5e558f12b698: shutdown LeaderElection
2019-11-06 14:58:32,090 [d0f6f4b4-0f66-48e7-8ad4-e312f8c6983b@group-CC9A02F01264-LeaderElection5] INFO  impl.RaftServerImpl (RaftServerImpl.java:setRole(173)) - d0f6f4b4-0f66-48e7-8ad4-e312f8c6983b@group-CC9A02F01264: changes role from CANDIDATE to LEADER at term 1 for changeToLeader
2019-11-06 14:58:32,090 [f1fe5ac3-bd32-402e-9f50-fd9ae13bec7d@group-5738D9AD8CD1-LeaderElection4] INFO  impl.RaftServerImpl (RaftServerImpl.java:setRole(173)) - f1fe5ac3-bd32-402e-9f50-fd9ae13bec7d@group-5738D9AD8CD1: changes role from CANDIDATE to LEADER at term 1 for changeToLeader
2019-11-06 14:58:32,091 [d0f6f4b4-0f66-48e7-8ad4-e312f8c6983b@group-CC9A02F01264-LeaderElection5] INFO  impl.RaftServerImpl (ServerState.java:setLeader(255)) - d0f6f4b4-0f66-48e7-8ad4-e312f8c6983b@group-CC9A02F01264: change Leader from null to d0f6f4b4-0f66-48e7-8ad4-e312f8c6983b at term 1 for becomeLeader, leader elected after 5449ms
2019-11-06 14:58:32,090 [89180557-9220-4947-93f7-5e558f12b698@group-40581713E1EB-LeaderElection1] INFO  impl.RaftServerImpl (RaftServerImpl.java:setRole(173)) - 89180557-9220-4947-93f7-5e558f12b698@group-40581713E1EB: changes role from CANDIDATE to LEADER at term 1 for changeToLeader
2019-11-06 14:58:32,091 [f1fe5ac3-bd32-402e-9f50-fd9ae13bec7d@group-5738D9AD8CD1-LeaderElection4] INFO  impl.RaftServerImpl (ServerState.java:setLeader(255)) - f1fe5ac3-bd32-402e-9f50-fd9ae13bec7d@group-5738D9AD8CD1: change Leader from null to f1fe5ac3-bd32-402e-9f50-fd9ae13bec7d at term 1 for becomeLeader, leader elected after 5449ms
2019-11-06 14:58:32,091 [89180557-9220-4947-93f7-5e558f12b698@group-40581713E1EB-LeaderElection1] INFO  impl.RaftServerImpl (ServerState.java:setLeader(255)) - 89180557-9220-4947-93f7-5e558f12b698@group-40581713E1EB: change Leader from null to 89180557-9220-4947-93f7-5e558f12b698 at term 1 for becomeLeader, leader elected after 5449ms
2019-11-06 14:58:32,097 [d0f6f4b4-0f66-48e7-8ad4-e312f8c6983b@group-CC9A02F01264-LeaderElection5] INFO  server.RaftServerConfigKeys (ConfUtils.java:logGet(43)) - raft.server.staging.catchup.gap = 1000 (default)
2019-11-06 14:58:32,097 [f1fe5ac3-bd32-402e-9f50-fd9ae13bec7d@group-5738D9AD8CD1-LeaderElection4] INFO  server.RaftServerConfigKeys (ConfUtils.java:logGet(43)) - raft.server.staging.catchup.gap = 1000 (default)
2019-11-06 14:58:32,098 [d0f6f4b4-0f66-48e7-8ad4-e312f8c6983b@group-CC9A02F01264-LeaderElection5] INFO  server.RaftServerConfigKeys (ConfUtils.java:logGet(43)) - raft.server.rpc.sleep.time = 25ms (default)
2019-11-06 14:58:32,097 [89180557-9220-4947-93f7-5e558f12b698@group-40581713E1EB-LeaderElection1] INFO  server.RaftServerConfigKeys (ConfUtils.java:logGet(43)) - raft.server.staging.catchup.gap = 1000 (default)
2019-11-06 14:58:32,098 [f1fe5ac3-bd32-402e-9f50-fd9ae13bec7d@group-5738D9AD8CD1-LeaderElection4] INFO  server.RaftServerConfigKeys (ConfUtils.java:logGet(43)) - raft.server.rpc.sleep.time = 25ms (default)
2019-11-06 14:58:32,098 [89180557-9220-4947-93f7-5e558f12b698@group-40581713E1EB-LeaderElection1] INFO  server.RaftServerConfigKeys (ConfUtils.java:logGet(43)) - raft.server.rpc.sleep.time = 25ms (default)
2019-11-06 14:58:32,101 [d0f6f4b4-0f66-48e7-8ad4-e312f8c6983b@group-CC9A02F01264-LeaderElection5] INFO  server.RaftServerConfigKeys (ConfUtils.java:logGet(43)) - raft.server.write.element-limit = 4096 (default)
2019-11-06 14:58:32,102 [89180557-9220-4947-93f7-5e558f12b698@group-40581713E1EB-LeaderElection1] INFO  server.RaftServerConfigKeys (ConfUtils.java:logGet(43)) - raft.server.write.element-limit = 4096 (default)
2019-11-06 14:58:32,102 [f1fe5ac3-bd32-402e-9f50-fd9ae13bec7d@group-5738D9AD8CD1-LeaderElection4] INFO  server.RaftServerConfigKeys (ConfUtils.java:logGet(43)) - raft.server.write.element-limit = 4096 (default)
2019-11-06 14:58:32,107 [d0f6f4b4-0f66-48e7-8ad4-e312f8c6983b@group-CC9A02F01264-LeaderElection5] INFO  server.RaftServerConfigKeys (ConfUtils.java:logGet(43)) - raft.server.watch.timeout = 10s (default)
2019-11-06 14:58:32,107 [f1fe5ac3-bd32-402e-9f50-fd9ae13bec7d@group-5738D9AD8CD1-LeaderElection4] INFO  server.RaftServerConfigKeys (ConfUtils.java:logGet(43)) - raft.server.watch.timeout = 10s (default)
2019-11-06 14:58:32,107 [d0f6f4b4-0f66-48e7-8ad4-e312f8c6983b@group-CC9A02F01264-LeaderElection5] INFO  server.RaftServerConfigKeys (ConfUtils.java:logGet(43)) - raft.server.watch.timeout.denomination = 1s (default)
2019-11-06 14:58:32,107 [89180557-9220-4947-93f7-5e558f12b698@group-40581713E1EB-LeaderElection1] INFO  server.RaftServerConfigKeys (ConfUtils.java:logGet(43)) - raft.server.watch.timeout = 10s (default)
2019-11-06 14:58:32,107 [f1fe5ac3-bd32-402e-9f50-fd9ae13bec7d@group-5738D9AD8CD1-LeaderElection4] INFO  server.RaftServerConfigKeys (ConfUtils.java:logGet(43)) - raft.server.watch.timeout.denomination = 1s (default)
2019-11-06 14:58:32,107 [89180557-9220-4947-93f7-5e558f12b698@group-40581713E1EB-LeaderElection1] INFO  server.RaftServerConfigKeys (ConfUtils.java:logGet(43)) - raft.server.watch.timeout.denomination = 1s (default)
2019-11-06 14:58:32,108 [d0f6f4b4-0f66-48e7-8ad4-e312f8c6983b@group-CC9A02F01264-LeaderElection5] INFO  server.RaftServerConfigKeys (ConfUtils.java:logGet(43)) - raft.server.watch.element-limit = 65536 (default)
2019-11-06 14:58:32,108 [f1fe5ac3-bd32-402e-9f50-fd9ae13bec7d@group-5738D9AD8CD1-LeaderElection4] INFO  server.RaftServerConfigKeys (ConfUtils.java:logGet(43)) - raft.server.watch.element-limit = 65536 (default)
2019-11-06 14:58:32,108 [89180557-9220-4947-93f7-5e558f12b698@group-40581713E1EB-LeaderElection1] INFO  server.RaftServerConfigKeys (ConfUtils.java:logGet(43)) - raft.server.watch.element-limit = 65536 (default)
2019-11-06 14:58:32,122 [d0f6f4b4-0f66-48e7-8ad4-e312f8c6983b@group-CC9A02F01264-LeaderElection5] INFO  impl.RoleInfo (RoleInfo.java:updateAndGet(143)) - d0f6f4b4-0f66-48e7-8ad4-e312f8c6983b: start LeaderState
2019-11-06 14:58:32,122 [89180557-9220-4947-93f7-5e558f12b698@group-40581713E1EB-LeaderElection1] INFO  impl.RoleInfo (RoleInfo.java:updateAndGet(143)) - 89180557-9220-4947-93f7-5e558f12b698: start LeaderState
2019-11-06 14:58:32,122 [f1fe5ac3-bd32-402e-9f50-fd9ae13bec7d@group-5738D9AD8CD1-LeaderElection4] INFO  impl.RoleInfo (RoleInfo.java:updateAndGet(143)) - f1fe5ac3-bd32-402e-9f50-fd9ae13bec7d: start LeaderState
2019-11-06 14:58:32,144 [d0f6f4b4-0f66-48e7-8ad4-e312f8c6983b@group-CC9A02F01264-LeaderElection5] INFO  segmented.SegmentedRaftLogWorker (SegmentedRaftLogWorker.java:startLogSegment(385)) - d0f6f4b4-0f66-48e7-8ad4-e312f8c6983b@group-CC9A02F01264-SegmentedRaftLogWorker: Starting segment from index:0
2019-11-06 14:58:32,144 [f1fe5ac3-bd32-402e-9f50-fd9ae13bec7d@group-5738D9AD8CD1-LeaderElection4] INFO  segmented.SegmentedRaftLogWorker (SegmentedRaftLogWorker.java:startLogSegment(385)) - f1fe5ac3-bd32-402e-9f50-fd9ae13bec7d@group-5738D9AD8CD1-SegmentedRaftLogWorker: Starting segment from index:0
2019-11-06 14:58:32,144 [89180557-9220-4947-93f7-5e558f12b698@group-40581713E1EB-LeaderElection1] INFO  segmented.SegmentedRaftLogWorker (SegmentedRaftLogWorker.java:startLogSegment(385)) - 89180557-9220-4947-93f7-5e558f12b698@group-40581713E1EB-SegmentedRaftLogWorker: Starting segment from index:0
2019-11-06 14:58:32,160 [d0f6f4b4-0f66-48e7-8ad4-e312f8c6983b@group-CC9A02F01264-LeaderElection5] INFO  impl.RaftServerImpl (ServerState.java:setRaftConf(356)) - d0f6f4b4-0f66-48e7-8ad4-e312f8c6983b@group-CC9A02F01264: set configuration 0: [d0f6f4b4-0f66-48e7-8ad4-e312f8c6983b:192.168.34.45:45961], old=null at 0
2019-11-06 14:58:32,160 [89180557-9220-4947-93f7-5e558f12b698@group-40581713E1EB-LeaderElection1] INFO  impl.RaftServerImpl (ServerState.java:setRaftConf(356)) - 89180557-9220-4947-93f7-5e558f12b698@group-40581713E1EB: set configuration 0: [89180557-9220-4947-93f7-5e558f12b698:192.168.34.45:46454], old=null at 0
2019-11-06 14:58:32,160 [f1fe5ac3-bd32-402e-9f50-fd9ae13bec7d@group-5738D9AD8CD1-LeaderElection4] INFO  impl.RaftServerImpl (ServerState.java:setRaftConf(356)) - f1fe5ac3-bd32-402e-9f50-fd9ae13bec7d@group-5738D9AD8CD1: set configuration 0: [f1fe5ac3-bd32-402e-9f50-fd9ae13bec7d:192.168.34.45:40801], old=null at 0
 0.00% |?                                                                                                    |  0/1 Time: 0:00:012019-11-06 14:58:32,337 [f1fe5ac3-bd32-402e-9f50-fd9ae13bec7d@group-5738D9AD8CD1-SegmentedRaftLogWorker] INFO  segmented.SegmentedRaftLogWorker (SegmentedRaftLogWorker.java:execute(576)) - f1fe5ac3-bd32-402e-9f50-fd9ae13bec7d@group-5738D9AD8CD1-SegmentedRaftLogWorker: created new log segment /workdir/hadoop-ozone/tools/target/test-dir/MiniOzoneClusterImpl-4661be70-4e3d-459f-9aa3-197b2cf720b3/datanode-2/data/ratis/114ee282-cc98-41be-b318-5738d9ad8cd1/current/log_inprogress_0
2019-11-06 14:58:32,337 [d0f6f4b4-0f66-48e7-8ad4-e312f8c6983b@group-CC9A02F01264-SegmentedRaftLogWorker] INFO  segmented.SegmentedRaftLogWorker (SegmentedRaftLogWorker.java:execute(576)) - d0f6f4b4-0f66-48e7-8ad4-e312f8c6983b@group-CC9A02F01264-SegmentedRaftLogWorker: created new log segment /workdir/hadoop-ozone/tools/target/test-dir/MiniOzoneClusterImpl-4661be70-4e3d-459f-9aa3-197b2cf720b3/datanode-1/data/ratis/0d0667b3-6843-4aa7-bffc-cc9a02f01264/current/log_inprogress_0
2019-11-06 14:58:32,337 [89180557-9220-4947-93f7-5e558f12b698@group-40581713E1EB-SegmentedRaftLogWorker] INFO  segmented.SegmentedRaftLogWorker (SegmentedRaftLogWorker.java:execute(576)) - 89180557-9220-4947-93f7-5e558f12b698@group-40581713E1EB-SegmentedRaftLogWorker: created new log segment /workdir/hadoop-ozone/tools/target/test-dir/MiniOzoneClusterImpl-4661be70-4e3d-459f-9aa3-197b2cf720b3/datanode-0/data/ratis/a697287b-9f54-44a6-a5a7-40581713e1eb/current/log_inprogress_0
2019-11-06 14:58:32,409 [d0f6f4b4-0f66-48e7-8ad4-e312f8c6983b@group-6194F80D31A1-LeaderElection3] INFO  impl.LeaderElection (LeaderElection.java:logAndReturn(56)) - d0f6f4b4-0f66-48e7-8ad4-e312f8c6983b@group-6194F80D31A1-LeaderElection3: Election REJECTED; received 2 response(s) [d0f6f4b4-0f66-48e7-8ad4-e312f8c6983b<-f1fe5ac3-bd32-402e-9f50-fd9ae13bec7d#0:FAIL-t1, d0f6f4b4-0f66-48e7-8ad4-e312f8c6983b<-89180557-9220-4947-93f7-5e558f12b698#0:FAIL-t1] and 0 exception(s); d0f6f4b4-0f66-48e7-8ad4-e312f8c6983b@group-6194F80D31A1:t1, leader=null, voted=d0f6f4b4-0f66-48e7-8ad4-e312f8c6983b, raftlog=d0f6f4b4-0f66-48e7-8ad4-e312f8c6983b@group-6194F80D31A1-SegmentedRaftLog:OPENED:c-1,f-1,i0, conf=-1: [d0f6f4b4-0f66-48e7-8ad4-e312f8c6983b:192.168.34.45:45961, f1fe5ac3-bd32-402e-9f50-fd9ae13bec7d:192.168.34.45:40801, 89180557-9220-4947-93f7-5e558f12b698:192.168.34.45:46454], old=null
2019-11-06 14:58:32,409 [f1fe5ac3-bd32-402e-9f50-fd9ae13bec7d@group-6194F80D31A1-LeaderElection2] INFO  impl.LeaderElection (LeaderElection.java:logAndReturn(56)) - f1fe5ac3-bd32-402e-9f50-fd9ae13bec7d@group-6194F80D31A1-LeaderElection2: Election REJECTED; received 2 response(s) [f1fe5ac3-bd32-402e-9f50-fd9ae13bec7d<-d0f6f4b4-0f66-48e7-8ad4-e312f8c6983b#0:FAIL-t1, f1fe5ac3-bd32-402e-9f50-fd9ae13bec7d<-89180557-9220-4947-93f7-5e558f12b698#0:FAIL-t1] and 0 exception(s); f1fe5ac3-bd32-402e-9f50-fd9ae13bec7d@group-6194F80D31A1:t1, leader=null, voted=f1fe5ac3-bd32-402e-9f50-fd9ae13bec7d, raftlog=f1fe5ac3-bd32-402e-9f50-fd9ae13bec7d@group-6194F80D31A1-SegmentedRaftLog:OPENED:c-1,f-1,i0, conf=-1: [d0f6f4b4-0f66-48e7-8ad4-e312f8c6983b:192.168.34.45:45961, f1fe5ac3-bd32-402e-9f50-fd9ae13bec7d:192.168.34.45:40801, 89180557-9220-4947-93f7-5e558f12b698:192.168.34.45:46454], old=null
2019-11-06 14:58:32,409 [89180557-9220-4947-93f7-5e558f12b698@group-6194F80D31A1-LeaderElection6] INFO  impl.LeaderElection (LeaderElection.java:logAndReturn(56)) - 89180557-9220-4947-93f7-5e558f12b698@group-6194F80D31A1-LeaderElection6: Election REJECTED; received 2 response(s) [89180557-9220-4947-93f7-5e558f12b698<-f1fe5ac3-bd32-402e-9f50-fd9ae13bec7d#0:FAIL-t1, 89180557-9220-4947-93f7-5e558f12b698<-d0f6f4b4-0f66-48e7-8ad4-e312f8c6983b#0:FAIL-t1] and 0 exception(s); 89180557-9220-4947-93f7-5e558f12b698@group-6194F80D31A1:t1, leader=null, voted=89180557-9220-4947-93f7-5e558f12b698, raftlog=89180557-9220-4947-93f7-5e558f12b698@group-6194F80D31A1-SegmentedRaftLog:OPENED:c-1,f-1,i0, conf=-1: [d0f6f4b4-0f66-48e7-8ad4-e312f8c6983b:192.168.34.45:45961, f1fe5ac3-bd32-402e-9f50-fd9ae13bec7d:192.168.34.45:40801, 89180557-9220-4947-93f7-5e558f12b698:192.168.34.45:46454], old=null
2019-11-06 14:58:32,412 [f1fe5ac3-bd32-402e-9f50-fd9ae13bec7d@group-6194F80D31A1-LeaderElection2] INFO  impl.RaftServerImpl (RaftServerImpl.java:setRole(173)) - f1fe5ac3-bd32-402e-9f50-fd9ae13bec7d@group-6194F80D31A1: changes role from CANDIDATE to FOLLOWER at term 1 for DISCOVERED_A_NEW_TERM
2019-11-06 14:58:32,413 [f1fe5ac3-bd32-402e-9f50-fd9ae13bec7d@group-6194F80D31A1-LeaderElection2] INFO  impl.RoleInfo (RoleInfo.java:shutdownLeaderElection(134)) - f1fe5ac3-bd32-402e-9f50-fd9ae13bec7d: shutdown LeaderElection
2019-11-06 14:58:32,413 [89180557-9220-4947-93f7-5e558f12b698@group-6194F80D31A1-LeaderElection6] INFO  impl.RaftServerImpl (RaftServerImpl.java:setRole(173)) - 89180557-9220-4947-93f7-5e558f12b698@group-6194F80D31A1: changes role from CANDIDATE to FOLLOWER at term 1 for DISCOVERED_A_NEW_TERM
2019-11-06 14:58:32,415 [89180557-9220-4947-93f7-5e558f12b698@group-6194F80D31A1-LeaderElection6] INFO  impl.RoleInfo (RoleInfo.java:shutdownLeaderElection(134)) - 89180557-9220-4947-93f7-5e558f12b698: shutdown LeaderElection
2019-11-06 14:58:32,414 [d0f6f4b4-0f66-48e7-8ad4-e312f8c6983b@group-6194F80D31A1-LeaderElection3] INFO  impl.RaftServerImpl (RaftServerImpl.java:setRole(173)) - d0f6f4b4-0f66-48e7-8ad4-e312f8c6983b@group-6194F80D31A1: changes role from CANDIDATE to FOLLOWER at term 1 for DISCOVERED_A_NEW_TERM
2019-11-06 14:58:32,415 [89180557-9220-4947-93f7-5e558f12b698@group-6194F80D31A1-LeaderElection6] INFO  impl.RoleInfo (RoleInfo.java:updateAndGet(143)) - 89180557-9220-4947-93f7-5e558f12b698: start FollowerState
2019-11-06 14:58:32,415 [f1fe5ac3-bd32-402e-9f50-fd9ae13bec7d@group-6194F80D31A1-LeaderElection2] INFO  impl.RoleInfo (RoleInfo.java:updateAndGet(143)) - f1fe5ac3-bd32-402e-9f50-fd9ae13bec7d: start FollowerState
2019-11-06 14:58:32,415 [d0f6f4b4-0f66-48e7-8ad4-e312f8c6983b@group-6194F80D31A1-LeaderElection3] INFO  impl.RoleInfo (RoleInfo.java:shutdownLeaderElection(134)) - d0f6f4b4-0f66-48e7-8ad4-e312f8c6983b: shutdown LeaderElection
2019-11-06 14:58:32,416 [d0f6f4b4-0f66-48e7-8ad4-e312f8c6983b@group-6194F80D31A1-LeaderElection3] INFO  impl.RoleInfo (RoleInfo.java:updateAndGet(143)) - d0f6f4b4-0f66-48e7-8ad4-e312f8c6983b: start FollowerState
 0.00% |?                                                                                                    |  0/1 Time: 0:00:02 0.00% |?                                                                                                    |  0/1 Time: 0:00:03 0.00% |?                                                                                                    |  0/1 Time: 0:00:04 0.00% |?                                                                                                    |  0/1 Time: 0:00:05 0.00% |?                                                                                                    |  0/1 Time: 0:00:062019-11-06 14:58:37,430 [Thread-219] INFO  impl.FollowerState (FollowerState.java:run(111)) - f1fe5ac3-bd32-402e-9f50-fd9ae13bec7d@group-6194F80D31A1-FollowerState: change to CANDIDATE, lastRpcTime:5015ms, electionTimeout:5013ms
2019-11-06 14:58:37,430 [Thread-219] INFO  impl.RoleInfo (RoleInfo.java:shutdownFollowerState(121)) - f1fe5ac3-bd32-402e-9f50-fd9ae13bec7d: shutdown FollowerState
2019-11-06 14:58:37,430 [Thread-219] INFO  impl.RaftServerImpl (RaftServerImpl.java:setRole(173)) - f1fe5ac3-bd32-402e-9f50-fd9ae13bec7d@group-6194F80D31A1: changes role from  FOLLOWER to CANDIDATE at term 1 for changeToCandidate
2019-11-06 14:58:37,431 [Thread-219] INFO  impl.RoleInfo (RoleInfo.java:updateAndGet(143)) - f1fe5ac3-bd32-402e-9f50-fd9ae13bec7d: start LeaderElection
2019-11-06 14:58:37,450 [f1fe5ac3-bd32-402e-9f50-fd9ae13bec7d@group-6194F80D31A1-LeaderElection7] INFO  impl.LeaderElection (LeaderElection.java:askForVotes(178)) - f1fe5ac3-bd32-402e-9f50-fd9ae13bec7d@group-6194F80D31A1-LeaderElection7: begin an election at term 2 for -1: [d0f6f4b4-0f66-48e7-8ad4-e312f8c6983b:192.168.34.45:45961, f1fe5ac3-bd32-402e-9f50-fd9ae13bec7d:192.168.34.45:40801, 89180557-9220-4947-93f7-5e558f12b698:192.168.34.45:46454], old=null
2019-11-06 14:58:37,455 [grpc-default-executor-1] INFO  impl.RaftServerImpl (RaftServerImpl.java:setRole(173)) - 89180557-9220-4947-93f7-5e558f12b698@group-6194F80D31A1: changes role from  FOLLOWER to FOLLOWER at term 2 for recognizeCandidate:f1fe5ac3-bd32-402e-9f50-fd9ae13bec7d
2019-11-06 14:58:37,455 [grpc-default-executor-1] INFO  impl.RoleInfo (RoleInfo.java:shutdownFollowerState(121)) - 89180557-9220-4947-93f7-5e558f12b698: shutdown FollowerState
2019-11-06 14:58:37,456 [grpc-default-executor-1] INFO  impl.RoleInfo (RoleInfo.java:updateAndGet(143)) - 89180557-9220-4947-93f7-5e558f12b698: start FollowerState
2019-11-06 14:58:37,456 [Thread-220] INFO  impl.FollowerState (FollowerState.java:run(120)) - 89180557-9220-4947-93f7-5e558f12b698@group-6194F80D31A1-FollowerState was interrupted: java.lang.InterruptedException: sleep interrupted
2019-11-06 14:58:37,458 [grpc-default-executor-5] INFO  impl.RaftServerImpl (RaftServerImpl.java:setRole(173)) - d0f6f4b4-0f66-48e7-8ad4-e312f8c6983b@group-6194F80D31A1: changes role from  FOLLOWER to FOLLOWER at term 2 for recognizeCandidate:f1fe5ac3-bd32-402e-9f50-fd9ae13bec7d
2019-11-06 14:58:37,458 [grpc-default-executor-5] INFO  impl.RoleInfo (RoleInfo.java:shutdownFollowerState(121)) - d0f6f4b4-0f66-48e7-8ad4-e312f8c6983b: shutdown FollowerState
2019-11-06 14:58:37,458 [Thread-221] INFO  impl.FollowerState (FollowerState.java:run(120)) - d0f6f4b4-0f66-48e7-8ad4-e312f8c6983b@group-6194F80D31A1-FollowerState was interrupted: java.lang.InterruptedException: sleep interrupted
2019-11-06 14:58:37,458 [grpc-default-executor-5] INFO  impl.RoleInfo (RoleInfo.java:updateAndGet(143)) - d0f6f4b4-0f66-48e7-8ad4-e312f8c6983b: start FollowerState
2019-11-06 14:58:37,496 [f1fe5ac3-bd32-402e-9f50-fd9ae13bec7d@group-6194F80D31A1-LeaderElection7] INFO  impl.LeaderElection (LeaderElection.java:logAndReturn(56)) - f1fe5ac3-bd32-402e-9f50-fd9ae13bec7d@group-6194F80D31A1-LeaderElection7: Election PASSED; received 1 response(s) [f1fe5ac3-bd32-402e-9f50-fd9ae13bec7d<-d0f6f4b4-0f66-48e7-8ad4-e312f8c6983b#0:OK-t2] and 0 exception(s); f1fe5ac3-bd32-402e-9f50-fd9ae13bec7d@group-6194F80D31A1:t2, leader=null, voted=f1fe5ac3-bd32-402e-9f50-fd9ae13bec7d, raftlog=f1fe5ac3-bd32-402e-9f50-fd9ae13bec7d@group-6194F80D31A1-SegmentedRaftLog:OPENED:c-1,f-1,i0, conf=-1: [d0f6f4b4-0f66-48e7-8ad4-e312f8c6983b:192.168.34.45:45961, f1fe5ac3-bd32-402e-9f50-fd9ae13bec7d:192.168.34.45:40801, 89180557-9220-4947-93f7-5e558f12b698:192.168.34.45:46454], old=null
2019-11-06 14:58:37,496 [f1fe5ac3-bd32-402e-9f50-fd9ae13bec7d@group-6194F80D31A1-LeaderElection7] INFO  impl.RoleInfo (RoleInfo.java:shutdownLeaderElection(134)) - f1fe5ac3-bd32-402e-9f50-fd9ae13bec7d: shutdown LeaderElection
2019-11-06 14:58:37,497 [f1fe5ac3-bd32-402e-9f50-fd9ae13bec7d@group-6194F80D31A1-LeaderElection7] INFO  impl.RaftServerImpl (RaftServerImpl.java:setRole(173)) - f1fe5ac3-bd32-402e-9f50-fd9ae13bec7d@group-6194F80D31A1: changes role from CANDIDATE to LEADER at term 2 for changeToLeader
2019-11-06 14:58:37,497 [f1fe5ac3-bd32-402e-9f50-fd9ae13bec7d@group-6194F80D31A1-LeaderElection7] INFO  impl.RaftServerImpl (ServerState.java:setLeader(255)) - f1fe5ac3-bd32-402e-9f50-fd9ae13bec7d@group-6194F80D31A1: change Leader from null to f1fe5ac3-bd32-402e-9f50-fd9ae13bec7d at term 2 for becomeLeader, leader elected after 10687ms
2019-11-06 14:58:37,497 [f1fe5ac3-bd32-402e-9f50-fd9ae13bec7d@group-6194F80D31A1-LeaderElection7] INFO  server.RaftServerConfigKeys (ConfUtils.java:logGet(43)) - raft.server.staging.catchup.gap = 1000 (default)
2019-11-06 14:58:37,498 [f1fe5ac3-bd32-402e-9f50-fd9ae13bec7d@group-6194F80D31A1-LeaderElection7] INFO  server.RaftServerConfigKeys (ConfUtils.java:logGet(43)) - raft.server.rpc.sleep.time = 25ms (default)
2019-11-06 14:58:37,498 [f1fe5ac3-bd32-402e-9f50-fd9ae13bec7d@group-6194F80D31A1-LeaderElection7] INFO  server.RaftServerConfigKeys (ConfUtils.java:logGet(43)) - raft.server.write.element-limit = 4096 (default)
2019-11-06 14:58:37,498 [f1fe5ac3-bd32-402e-9f50-fd9ae13bec7d@group-6194F80D31A1-LeaderElection7] INFO  server.RaftServerConfigKeys (ConfUtils.java:logGet(43)) - raft.server.watch.timeout = 10s (default)
2019-11-06 14:58:37,498 [f1fe5ac3-bd32-402e-9f50-fd9ae13bec7d@group-6194F80D31A1-LeaderElection7] INFO  server.RaftServerConfigKeys (ConfUtils.java:logGet(43)) - raft.server.watch.timeout.denomination = 1s (default)
2019-11-06 14:58:37,498 [f1fe5ac3-bd32-402e-9f50-fd9ae13bec7d@group-6194F80D31A1-LeaderElection7] INFO  server.RaftServerConfigKeys (ConfUtils.java:logGet(43)) - raft.server.watch.element-limit = 65536 (default)
2019-11-06 14:58:37,502 [f1fe5ac3-bd32-402e-9f50-fd9ae13bec7d@group-6194F80D31A1-LeaderElection7] INFO  server.RaftServerConfigKeys (ConfUtils.java:logGet(43)) - raft.server.log.appender.snapshot.chunk.size.max = 16MB (=16777216) (default)
2019-11-06 14:58:37,503 [f1fe5ac3-bd32-402e-9f50-fd9ae13bec7d@group-6194F80D31A1-LeaderElection7] INFO  server.RaftServerConfigKeys (ConfUtils.java:logGet(43)) - raft.server.log.appender.buffer.byte-limit = 33554432 (custom)
2019-11-06 14:58:37,503 [f1fe5ac3-bd32-402e-9f50-fd9ae13bec7d@group-6194F80D31A1-LeaderElection7] INFO  server.RaftServerConfigKeys (ConfUtils.java:logGet(43)) - raft.server.log.appender.buffer.element-limit = 1 (custom)
2019-11-06 14:58:37,508 [f1fe5ac3-bd32-402e-9f50-fd9ae13bec7d@group-6194F80D31A1-LeaderElection7] INFO  grpc.GrpcConfigKeys$Server (ConfUtils.java:logGet(43)) - raft.grpc.server.leader.outstanding.appends.max = 128 (default)
2019-11-06 14:58:37,508 [f1fe5ac3-bd32-402e-9f50-fd9ae13bec7d@group-6194F80D31A1-LeaderElection7] INFO  server.RaftServerConfigKeys (ConfUtils.java:logGet(43)) - raft.server.rpc.request.timeout = 3000ms (default)
2019-11-06 14:58:37,508 [f1fe5ac3-bd32-402e-9f50-fd9ae13bec7d@group-6194F80D31A1-LeaderElection7] INFO  server.RaftServerConfigKeys (ConfUtils.java:logGet(43)) - raft.server.log.appender.install.snapshot.enabled = false (custom)
2019-11-06 14:58:37,510 [f1fe5ac3-bd32-402e-9f50-fd9ae13bec7d@group-6194F80D31A1-LeaderElection7] WARN  impl.MetricRegistriesImpl (MetricRegistriesImpl.java:lambda$create$1(61)) - First MetricRegistry has been created without registering reporters. You may need to call MetricRegistries.global().addReportRegistration(...) before.
2019-11-06 14:58:37,511 [f1fe5ac3-bd32-402e-9f50-fd9ae13bec7d@group-6194F80D31A1-LeaderElection7] INFO  server.RaftServerConfigKeys (ConfUtils.java:logGet(43)) - raft.server.log.appender.snapshot.chunk.size.max = 16MB (=16777216) (default)
2019-11-06 14:58:37,511 [f1fe5ac3-bd32-402e-9f50-fd9ae13bec7d@group-6194F80D31A1-LeaderElection7] INFO  server.RaftServerConfigKeys (ConfUtils.java:logGet(43)) - raft.server.log.appender.buffer.byte-limit = 33554432 (custom)
2019-11-06 14:58:37,511 [f1fe5ac3-bd32-402e-9f50-fd9ae13bec7d@group-6194F80D31A1-LeaderElection7] INFO  server.RaftServerConfigKeys (ConfUtils.java:logGet(43)) - raft.server.log.appender.buffer.element-limit = 1 (custom)
2019-11-06 14:58:37,512 [f1fe5ac3-bd32-402e-9f50-fd9ae13bec7d@group-6194F80D31A1-LeaderElection7] INFO  grpc.GrpcConfigKeys$Server (ConfUtils.java:logGet(43)) - raft.grpc.server.leader.outstanding.appends.max = 128 (default)
2019-11-06 14:58:37,512 [f1fe5ac3-bd32-402e-9f50-fd9ae13bec7d@group-6194F80D31A1-LeaderElection7] INFO  server.RaftServerConfigKeys (ConfUtils.java:logGet(43)) - raft.server.rpc.request.timeout = 3000ms (default)
2019-11-06 14:58:37,512 [f1fe5ac3-bd32-402e-9f50-fd9ae13bec7d@group-6194F80D31A1-LeaderElection7] INFO  server.RaftServerConfigKeys (ConfUtils.java:logGet(43)) - raft.server.log.appender.install.snapshot.enabled = false (custom)
2019-11-06 14:58:37,513 [f1fe5ac3-bd32-402e-9f50-fd9ae13bec7d@group-6194F80D31A1-LeaderElection7] INFO  impl.RoleInfo (RoleInfo.java:updateAndGet(143)) - f1fe5ac3-bd32-402e-9f50-fd9ae13bec7d: start LeaderState
2019-11-06 14:58:37,514 [f1fe5ac3-bd32-402e-9f50-fd9ae13bec7d@group-6194F80D31A1-LeaderElection7] INFO  segmented.SegmentedRaftLogWorker (SegmentedRaftLogWorker.java:startLogSegment(385)) - f1fe5ac3-bd32-402e-9f50-fd9ae13bec7d@group-6194F80D31A1-SegmentedRaftLogWorker: Starting segment from index:0
2019-11-06 14:58:37,515 [f1fe5ac3-bd32-402e-9f50-fd9ae13bec7d@group-6194F80D31A1-LeaderElection7] INFO  impl.RaftServerImpl (ServerState.java:setRaftConf(356)) - f1fe5ac3-bd32-402e-9f50-fd9ae13bec7d@group-6194F80D31A1: set configuration 0: [d0f6f4b4-0f66-48e7-8ad4-e312f8c6983b:192.168.34.45:45961, f1fe5ac3-bd32-402e-9f50-fd9ae13bec7d:192.168.34.45:40801, 89180557-9220-4947-93f7-5e558f12b698:192.168.34.45:46454], old=null at 0
2019-11-06 14:58:37,558 [f1fe5ac3-bd32-402e-9f50-fd9ae13bec7d@group-6194F80D31A1-SegmentedRaftLogWorker] INFO  segmented.SegmentedRaftLogWorker (SegmentedRaftLogWorker.java:execute(576)) - f1fe5ac3-bd32-402e-9f50-fd9ae13bec7d@group-6194F80D31A1-SegmentedRaftLogWorker: created new log segment /workdir/hadoop-ozone/tools/target/test-dir/MiniOzoneClusterImpl-4661be70-4e3d-459f-9aa3-197b2cf720b3/datanode-2/data/ratis/7ad97d23-9d37-412a-a74b-6194f80d31a1/current/log_inprogress_0
2019-11-06 14:58:37,568 [grpc-default-executor-1] INFO  impl.RaftServerImpl (ServerState.java:setLeader(255)) - 89180557-9220-4947-93f7-5e558f12b698@group-6194F80D31A1: change Leader from null to f1fe5ac3-bd32-402e-9f50-fd9ae13bec7d at term 2 for appendEntries, leader elected after 10758ms
2019-11-06 14:58:37,568 [grpc-default-executor-5] INFO  impl.RaftServerImpl (ServerState.java:setLeader(255)) - d0f6f4b4-0f66-48e7-8ad4-e312f8c6983b@group-6194F80D31A1: change Leader from null to f1fe5ac3-bd32-402e-9f50-fd9ae13bec7d at term 2 for appendEntries, leader elected after 10758ms
2019-11-06 14:58:37,590 [grpc-default-executor-1] INFO  impl.RaftServerImpl (ServerState.java:setRaftConf(356)) - 89180557-9220-4947-93f7-5e558f12b698@group-6194F80D31A1: set configuration 0: [d0f6f4b4-0f66-48e7-8ad4-e312f8c6983b:192.168.34.45:45961, f1fe5ac3-bd32-402e-9f50-fd9ae13bec7d:192.168.34.45:40801, 89180557-9220-4947-93f7-5e558f12b698:192.168.34.45:46454], old=null at 0
2019-11-06 14:58:37,591 [grpc-default-executor-1] INFO  segmented.SegmentedRaftLogWorker (SegmentedRaftLogWorker.java:startLogSegment(385)) - 89180557-9220-4947-93f7-5e558f12b698@group-6194F80D31A1-SegmentedRaftLogWorker: Starting segment from index:0
2019-11-06 14:58:37,591 [grpc-default-executor-5] INFO  impl.RaftServerImpl (ServerState.java:setRaftConf(356)) - d0f6f4b4-0f66-48e7-8ad4-e312f8c6983b@group-6194F80D31A1: set configuration 0: [d0f6f4b4-0f66-48e7-8ad4-e312f8c6983b:192.168.34.45:45961, f1fe5ac3-bd32-402e-9f50-fd9ae13bec7d:192.168.34.45:40801, 89180557-9220-4947-93f7-5e558f12b698:192.168.34.45:46454], old=null at 0
2019-11-06 14:58:37,591 [grpc-default-executor-5] INFO  segmented.SegmentedRaftLogWorker (SegmentedRaftLogWorker.java:startLogSegment(385)) - d0f6f4b4-0f66-48e7-8ad4-e312f8c6983b@group-6194F80D31A1-SegmentedRaftLogWorker: Starting segment from index:0
2019-11-06 14:58:37,636 [d0f6f4b4-0f66-48e7-8ad4-e312f8c6983b@group-6194F80D31A1-SegmentedRaftLogWorker] INFO  segmented.SegmentedRaftLogWorker (SegmentedRaftLogWorker.java:execute(576)) - d0f6f4b4-0f66-48e7-8ad4-e312f8c6983b@group-6194F80D31A1-SegmentedRaftLogWorker: created new log segment /workdir/hadoop-ozone/tools/target/test-dir/MiniOzoneClusterImpl-4661be70-4e3d-459f-9aa3-197b2cf720b3/datanode-1/data/ratis/7ad97d23-9d37-412a-a74b-6194f80d31a1/current/log_inprogress_0
2019-11-06 14:58:37,636 [89180557-9220-4947-93f7-5e558f12b698@group-6194F80D31A1-SegmentedRaftLogWorker] INFO  segmented.SegmentedRaftLogWorker (SegmentedRaftLogWorker.java:execute(576)) - 89180557-9220-4947-93f7-5e558f12b698@group-6194F80D31A1-SegmentedRaftLogWorker: created new log segment /workdir/hadoop-ozone/tools/target/test-dir/MiniOzoneClusterImpl-4661be70-4e3d-459f-9aa3-197b2cf720b3/datanode-0/data/ratis/7ad97d23-9d37-412a-a74b-6194f80d31a1/current/log_inprogress_0
 0.00% |?                                                                                                    |  0/1 Time: 0:00:07 0.00% |?                                                                                                    |  0/1 Time: 0:00:08 0.00% |?                                                                                                    |  0/1 Time: 0:00:09 100.00% |?????????????????????????????????????????????????????????????????????????????????????????????????????|  1/1 Time: 0:00:10
2019-11-06 14:58:41,547 [main] INFO  pipeline.SCMPipelineManager (SCMPipelineManager.java:finalizeAndDestroyPipeline(333)) - destroying pipeline:Pipeline[ Id: 7ad97d23-9d37-412a-a74b-6194f80d31a1, Nodes: 89180557-9220-4947-93f7-5e558f12b698{ip: 192.168.34.45, host: pr-hdds-2034-kzwt9-1771795315, networkLocation: /default-rack, certSerialId: null}d0f6f4b4-0f66-48e7-8ad4-e312f8c6983b{ip: 192.168.34.45, host: pr-hdds-2034-kzwt9-1771795315, networkLocation: /default-rack, certSerialId: null}f1fe5ac3-bd32-402e-9f50-fd9ae13bec7d{ip: 192.168.34.45, host: pr-hdds-2034-kzwt9-1771795315, networkLocation: /default-rack, certSerialId: null}, Type:RATIS, Factor:THREE, State:OPEN]
2019-11-06 14:58:41,547 [main] INFO  pipeline.PipelineStateManager (PipelineStateManager.java:finalizePipeline(123)) - Pipeline Pipeline[ Id: 7ad97d23-9d37-412a-a74b-6194f80d31a1, Nodes: 89180557-9220-4947-93f7-5e558f12b698{ip: 192.168.34.45, host: pr-hdds-2034-kzwt9-1771795315, networkLocation: /default-rack, certSerialId: null}d0f6f4b4-0f66-48e7-8ad4-e312f8c6983b{ip: 192.168.34.45, host: pr-hdds-2034-kzwt9-1771795315, networkLocation: /default-rack, certSerialId: null}f1fe5ac3-bd32-402e-9f50-fd9ae13bec7d{ip: 192.168.34.45, host: pr-hdds-2034-kzwt9-1771795315, networkLocation: /default-rack, certSerialId: null}, Type:RATIS, Factor:THREE, State:CLOSED] moved to CLOSED state
2019-11-06 14:58:41,548 [EventQueue-CloseContainerForCloseContainerEventHandler] INFO  container.CloseContainerEventHandler (CloseContainerEventHandler.java:onMessage(61)) - Close container Event triggered for container : #1
2019-11-06 14:58:41,549 [main] INFO  pipeline.RatisPipelineProvider (RatisPipelineProvider.java:lambda$close$5(208)) - Send pipeline:PipelineID=7ad97d23-9d37-412a-a74b-6194f80d31a1 close command to datanode 89180557-9220-4947-93f7-5e558f12b698
2019-11-06 14:58:41,550 [main] INFO  pipeline.RatisPipelineProvider (RatisPipelineProvider.java:lambda$close$5(208)) - Send pipeline:PipelineID=7ad97d23-9d37-412a-a74b-6194f80d31a1 close command to datanode d0f6f4b4-0f66-48e7-8ad4-e312f8c6983b
2019-11-06 14:58:41,550 [main] INFO  pipeline.RatisPipelineProvider (RatisPipelineProvider.java:lambda$close$5(208)) - Send pipeline:PipelineID=7ad97d23-9d37-412a-a74b-6194f80d31a1 close command to datanode f1fe5ac3-bd32-402e-9f50-fd9ae13bec7d
2019-11-06 14:58:41,550 [main] INFO  pipeline.PipelineStateManager (PipelineStateManager.java:removePipeline(108)) - Pipeline Pipeline[ Id: 7ad97d23-9d37-412a-a74b-6194f80d31a1, Nodes: 89180557-9220-4947-93f7-5e558f12b698{ip: 192.168.34.45, host: pr-hdds-2034-kzwt9-1771795315, networkLocation: /default-rack, certSerialId: null}d0f6f4b4-0f66-48e7-8ad4-e312f8c6983b{ip: 192.168.34.45, host: pr-hdds-2034-kzwt9-1771795315, networkLocation: /default-rack, certSerialId: null}f1fe5ac3-bd32-402e-9f50-fd9ae13bec7d{ip: 192.168.34.45, host: pr-hdds-2034-kzwt9-1771795315, networkLocation: /default-rack, certSerialId: null}, Type:RATIS, Factor:THREE, State:CLOSED] removed from db
2019-11-06 14:58:41,553 [RatisPipelineUtilsThread] INFO  pipeline.RatisPipelineProvider (RatisPipelineProvider.java:lambda$create$4(163)) - Send pipeline:PipelineID=04fdb449-f65f-40d6-8b32-bda639393a09 create command to datanode 89180557-9220-4947-93f7-5e558f12b698
2019-11-06 14:58:41,553 [RatisPipelineUtilsThread] INFO  pipeline.RatisPipelineProvider (RatisPipelineProvider.java:lambda$create$4(163)) - Send pipeline:PipelineID=04fdb449-f65f-40d6-8b32-bda639393a09 create command to datanode d0f6f4b4-0f66-48e7-8ad4-e312f8c6983b
2019-11-06 14:58:41,553 [EventQueue-CloseContainerForCloseContainerEventHandler] INFO  container.CloseContainerEventHandler (CloseContainerEventHandler.java:onMessage(61)) - Close container Event triggered for container : #2
2019-11-06 14:58:41,554 [RatisPipelineUtilsThread] INFO  pipeline.RatisPipelineProvider (RatisPipelineProvider.java:lambda$create$4(163)) - Send pipeline:PipelineID=04fdb449-f65f-40d6-8b32-bda639393a09 create command to datanode f1fe5ac3-bd32-402e-9f50-fd9ae13bec7d
2019-11-06 14:58:41,557 [EventQueue-CloseContainerForCloseContainerEventHandler] ERROR container.CloseContainerEventHandler (CloseContainerEventHandler.java:onMessage(89)) - Failed to close the container #2.
org.apache.hadoop.hdds.scm.pipeline.PipelineNotFoundException: PipelineID=7ad97d23-9d37-412a-a74b-6194f80d31a1 not found
	at org.apache.hadoop.hdds.scm.pipeline.PipelineStateMap.removeContainerFromPipeline(PipelineStateMap.java:351)
	at org.apache.hadoop.hdds.scm.pipeline.PipelineStateManager.removeContainerFromPipeline(PipelineStateManager.java:114)
	at org.apache.hadoop.hdds.scm.pipeline.SCMPipelineManager.removeContainerFromPipeline(SCMPipelineManager.java:286)
	at org.apache.hadoop.hdds.scm.container.SCMContainerManager.updateContainerState(SCMContainerManager.java:331)
	at org.apache.hadoop.hdds.scm.container.CloseContainerEventHandler.onMessage(CloseContainerEventHandler.java:66)
	at org.apache.hadoop.hdds.scm.container.CloseContainerEventHandler.onMessage(CloseContainerEventHandler.java:45)
	at org.apache.hadoop.hdds.server.events.SingleThreadExecutor.lambda$onMessage$1(SingleThreadExecutor.java:85)
	at java.util.concurrent.ThreadPoolExecutor.runWorker(ThreadPoolExecutor.java:1149)
	at java.util.concurrent.ThreadPoolExecutor$Worker.run(ThreadPoolExecutor.java:624)
	at java.lang.Thread.run(Thread.java:748)
2019-11-06 14:58:41,559 [EventQueue-CloseContainerForCloseContainerEventHandler] INFO  container.CloseContainerEventHandler (CloseContainerEventHandler.java:onMessage(61)) - Close container Event triggered for container : #3
2019-11-06 14:58:41,559 [EventQueue-CloseContainerForCloseContainerEventHandler] ERROR container.CloseContainerEventHandler (CloseContainerEventHandler.java:onMessage(89)) - Failed to close the container #3.
org.apache.hadoop.hdds.scm.pipeline.PipelineNotFoundException: PipelineID=7ad97d23-9d37-412a-a74b-6194f80d31a1 not found
	at org.apache.hadoop.hdds.scm.pipeline.PipelineStateMap.removeContainerFromPipeline(PipelineStateMap.java:351)
	at org.apache.hadoop.hdds.scm.pipeline.PipelineStateManager.removeContainerFromPipeline(PipelineStateManager.java:114)
	at org.apache.hadoop.hdds.scm.pipeline.SCMPipelineManager.removeContainerFromPipeline(SCMPipelineManager.java:286)
	at org.apache.hadoop.hdds.scm.container.SCMContainerManager.updateContainerState(SCMContainerManager.java:331)
	at org.apache.hadoop.hdds.scm.container.CloseContainerEventHandler.onMessage(CloseContainerEventHandler.java:66)
	at org.apache.hadoop.hdds.scm.container.CloseContainerEventHandler.onMessage(CloseContainerEventHandler.java:45)
	at org.apache.hadoop.hdds.server.events.SingleThreadExecutor.lambda$onMessage$1(SingleThreadExecutor.java:85)
	at java.util.concurrent.ThreadPoolExecutor.runWorker(ThreadPoolExecutor.java:1149)
	at java.util.concurrent.ThreadPoolExecutor$Worker.run(ThreadPoolExecutor.java:624)
	at java.lang.Thread.run(Thread.java:748)
2019-11-06 14:58:41,638 [main] INFO  freon.RandomKeyGenerator (RandomKeyGenerator.java:call(283)) - Number of Threads: 10
2019-11-06 14:58:41,638 [main] INFO  freon.RandomKeyGenerator (RandomKeyGenerator.java:call(288)) - Number of Volumes: 1.
2019-11-06 14:58:41,638 [main] INFO  freon.RandomKeyGenerator (RandomKeyGenerator.java:call(289)) - Number of Buckets per Volume: 1.
2019-11-06 14:58:41,638 [main] INFO  freon.RandomKeyGenerator (RandomKeyGenerator.java:call(290)) - Number of Keys per Bucket: 1.
2019-11-06 14:58:41,639 [main] INFO  freon.RandomKeyGenerator (RandomKeyGenerator.java:call(291)) - Key size: 20971520 bytes
2019-11-06 14:58:41,639 [main] INFO  freon.RandomKeyGenerator (RandomKeyGenerator.java:call(292)) - Buffer size: 4096 bytes
2019-11-06 14:58:41,639 [main] INFO  freon.RandomKeyGenerator (RandomKeyGenerator.java:call(293)) - validateWrites : true
2019-11-06 14:58:41,640 [main] INFO  freon.RandomKeyGenerator (RandomKeyGenerator.java:call(307)) - Data validation is enabled.
2019-11-06 14:58:41,640 [main] INFO  freon.RandomKeyGenerator (RandomKeyGenerator.java:call(313)) - Starting progress bar Thread.

2019-11-06 14:58:41,640 [pool-59-thread-1] INFO  rpc.RpcClient (RpcClient.java:createVolume(291)) - Creating Volume: vol-0-26534, with jenkins1000 as owner.
 0.00% |?                                                                                                    |  0/1 Time: 0:00:002019-11-06 14:58:41,644 [IPC Server handler 0 on 40288] INFO  volume.OMVolumeCreateRequest (OMVolumeCreateRequest.java:validateAndUpdateCache(193)) - created volume:vol-0-26534 for user:jenkins1000
2019-11-06 14:58:41,680 [pool-59-thread-3] INFO  rpc.RpcClient (RpcClient.java:createBucket(430)) - Creating Bucket: vol-0-26534/bucket-0-14760, with Versioning false and Storage Type set to DISK and Encryption set to false 
2019-11-06 14:58:41,708 [IPC Server handler 1 on 39986] WARN  block.BlockManagerImpl (BlockManagerImpl.java:allocateBlock(203)) - Pipeline creation failed for type:RATIS factor:THREE. Retrying get pipelines call once.
org.apache.hadoop.hdds.scm.pipeline.InsufficientDatanodesException: Cannot create pipeline of factor 3 using 0 nodes.
	at org.apache.hadoop.hdds.scm.pipeline.RatisPipelineProvider.create(RatisPipelineProvider.java:144)
	at org.apache.hadoop.hdds.scm.pipeline.PipelineFactory.create(PipelineFactory.java:60)
	at org.apache.hadoop.hdds.scm.pipeline.SCMPipelineManager.createPipeline(SCMPipelineManager.java:159)
	at org.apache.hadoop.hdds.scm.block.BlockManagerImpl.allocateBlock(BlockManagerImpl.java:199)
	at org.apache.hadoop.hdds.scm.server.SCMBlockProtocolServer.allocateBlock(SCMBlockProtocolServer.java:187)
	at org.apache.hadoop.hdds.scm.protocol.ScmBlockLocationProtocolServerSideTranslatorPB.allocateScmBlock(ScmBlockLocationProtocolServerSideTranslatorPB.java:159)
	at org.apache.hadoop.hdds.scm.protocol.ScmBlockLocationProtocolServerSideTranslatorPB.processMessage(ScmBlockLocationProtocolServerSideTranslatorPB.java:117)
	at org.apache.hadoop.hdds.server.OzoneProtocolMessageDispatcher.processRequest(OzoneProtocolMessageDispatcher.java:72)
	at org.apache.hadoop.hdds.scm.protocol.ScmBlockLocationProtocolServerSideTranslatorPB.send(ScmBlockLocationProtocolServerSideTranslatorPB.java:98)
	at org.apache.hadoop.hdds.protocol.proto.ScmBlockLocationProtocolProtos$ScmBlockLocationProtocolService$2.callBlockingMethod(ScmBlockLocationProtocolProtos.java:13157)
	at org.apache.hadoop.ipc.ProtobufRpcEngine$Server$ProtoBufRpcInvoker.call(ProtobufRpcEngine.java:524)
	at org.apache.hadoop.ipc.RPC$Server.call(RPC.java:1025)
	at org.apache.hadoop.ipc.Server$RpcCall.run(Server.java:876)
	at org.apache.hadoop.ipc.Server$RpcCall.run(Server.java:822)
	at java.security.AccessController.doPrivileged(Native Method)
	at javax.security.auth.Subject.doAs(Subject.java:422)
	at org.apache.hadoop.security.UserGroupInformation.doAs(UserGroupInformation.java:1730)
	at org.apache.hadoop.ipc.Server$Handler.run(Server.java:2682)
2019-11-06 14:58:41,709 [IPC Server handler 1 on 39986] INFO  block.BlockManagerImpl (BlockManagerImpl.java:allocateBlock(215)) - Could not find available pipeline of type:RATIS and factor:THREE even after retrying
2019-11-06 14:58:41,709 [IPC Server handler 1 on 39986] ERROR block.BlockManagerImpl (BlockManagerImpl.java:allocateBlock(239)) - Unable to allocate a block for the size: 4194304, type: RATIS, factor: THREE
2019-11-06 14:58:41,710 [IPC Server handler 1 on 39986] WARN  block.BlockManagerImpl (BlockManagerImpl.java:allocateBlock(203)) - Pipeline creation failed for type:RATIS factor:THREE. Retrying get pipelines call once.
org.apache.hadoop.hdds.scm.pipeline.InsufficientDatanodesException: Cannot create pipeline of factor 3 using 0 nodes.
	at org.apache.hadoop.hdds.scm.pipeline.RatisPipelineProvider.create(RatisPipelineProvider.java:144)
	at org.apache.hadoop.hdds.scm.pipeline.PipelineFactory.create(PipelineFactory.java:60)
	at org.apache.hadoop.hdds.scm.pipeline.SCMPipelineManager.createPipeline(SCMPipelineManager.java:159)
	at org.apache.hadoop.hdds.scm.block.BlockManagerImpl.allocateBlock(BlockManagerImpl.java:199)
	at org.apache.hadoop.hdds.scm.server.SCMBlockProtocolServer.allocateBlock(SCMBlockProtocolServer.java:187)
	at org.apache.hadoop.hdds.scm.protocol.ScmBlockLocationProtocolServerSideTranslatorPB.allocateScmBlock(ScmBlockLocationProtocolServerSideTranslatorPB.java:159)
	at org.apache.hadoop.hdds.scm.protocol.ScmBlockLocationProtocolServerSideTranslatorPB.processMessage(ScmBlockLocationProtocolServerSideTranslatorPB.java:117)
	at org.apache.hadoop.hdds.server.OzoneProtocolMessageDispatcher.processRequest(OzoneProtocolMessageDispatcher.java:72)
	at org.apache.hadoop.hdds.scm.protocol.ScmBlockLocationProtocolServerSideTranslatorPB.send(ScmBlockLocationProtocolServerSideTranslatorPB.java:98)
	at org.apache.hadoop.hdds.protocol.proto.ScmBlockLocationProtocolProtos$ScmBlockLocationProtocolService$2.callBlockingMethod(ScmBlockLocationProtocolProtos.java:13157)
	at org.apache.hadoop.ipc.ProtobufRpcEngine$Server$ProtoBufRpcInvoker.call(ProtobufRpcEngine.java:524)
	at org.apache.hadoop.ipc.RPC$Server.call(RPC.java:1025)
	at org.apache.hadoop.ipc.Server$RpcCall.run(Server.java:876)
	at org.apache.hadoop.ipc.Server$RpcCall.run(Server.java:822)
	at java.security.AccessController.doPrivileged(Native Method)
	at javax.security.auth.Subject.doAs(Subject.java:422)
	at org.apache.hadoop.security.UserGroupInformation.doAs(UserGroupInformation.java:1730)
	at org.apache.hadoop.ipc.Server$Handler.run(Server.java:2682)
2019-11-06 14:58:41,714 [IPC Server handler 1 on 39986] INFO  block.BlockManagerImpl (BlockManagerImpl.java:allocateBlock(215)) - Could not find available pipeline of type:RATIS and factor:THREE even after retrying
2019-11-06 14:58:41,714 [IPC Server handler 1 on 39986] ERROR block.BlockManagerImpl (BlockManagerImpl.java:allocateBlock(239)) - Unable to allocate a block for the size: 4194304, type: RATIS, factor: THREE
2019-11-06 14:58:41,714 [IPC Server handler 1 on 39986] WARN  block.BlockManagerImpl (BlockManagerImpl.java:allocateBlock(203)) - Pipeline creation failed for type:RATIS factor:THREE. Retrying get pipelines call once.
org.apache.hadoop.hdds.scm.pipeline.InsufficientDatanodesException: Cannot create pipeline of factor 3 using 0 nodes.
	at org.apache.hadoop.hdds.scm.pipeline.RatisPipelineProvider.create(RatisPipelineProvider.java:144)
	at org.apache.hadoop.hdds.scm.pipeline.PipelineFactory.create(PipelineFactory.java:60)
	at org.apache.hadoop.hdds.scm.pipeline.SCMPipelineManager.createPipeline(SCMPipelineManager.java:159)
	at org.apache.hadoop.hdds.scm.block.BlockManagerImpl.allocateBlock(BlockManagerImpl.java:199)
	at org.apache.hadoop.hdds.scm.server.SCMBlockProtocolServer.allocateBlock(SCMBlockProtocolServer.java:187)
	at org.apache.hadoop.hdds.scm.protocol.ScmBlockLocationProtocolServerSideTranslatorPB.allocateScmBlock(ScmBlockLocationProtocolServerSideTranslatorPB.java:159)
	at org.apache.hadoop.hdds.scm.protocol.ScmBlockLocationProtocolServerSideTranslatorPB.processMessage(ScmBlockLocationProtocolServerSideTranslatorPB.java:117)
	at org.apache.hadoop.hdds.server.OzoneProtocolMessageDispatcher.processRequest(OzoneProtocolMessageDispatcher.java:72)
	at org.apache.hadoop.hdds.scm.protocol.ScmBlockLocationProtocolServerSideTranslatorPB.send(ScmBlockLocationProtocolServerSideTranslatorPB.java:98)
	at org.apache.hadoop.hdds.protocol.proto.ScmBlockLocationProtocolProtos$ScmBlockLocationProtocolService$2.callBlockingMethod(ScmBlockLocationProtocolProtos.java:13157)
	at org.apache.hadoop.ipc.ProtobufRpcEngine$Server$ProtoBufRpcInvoker.call(ProtobufRpcEngine.java:524)
	at org.apache.hadoop.ipc.RPC$Server.call(RPC.java:1025)
	at org.apache.hadoop.ipc.Server$RpcCall.run(Server.java:876)
	at org.apache.hadoop.ipc.Server$RpcCall.run(Server.java:822)
	at java.security.AccessController.doPrivileged(Native Method)
	at javax.security.auth.Subject.doAs(Subject.java:422)
	at org.apache.hadoop.security.UserGroupInformation.doAs(UserGroupInformation.java:1730)
	at org.apache.hadoop.ipc.Server$Handler.run(Server.java:2682)
2019-11-06 14:58:41,715 [IPC Server handler 1 on 39986] INFO  block.BlockManagerImpl (BlockManagerImpl.java:allocateBlock(215)) - Could not find available pipeline of type:RATIS and factor:THREE even after retrying
2019-11-06 14:58:41,715 [IPC Server handler 1 on 39986] ERROR block.BlockManagerImpl (BlockManagerImpl.java:allocateBlock(239)) - Unable to allocate a block for the size: 4194304, type: RATIS, factor: THREE
2019-11-06 14:58:41,715 [IPC Server handler 1 on 39986] WARN  block.BlockManagerImpl (BlockManagerImpl.java:allocateBlock(203)) - Pipeline creation failed for type:RATIS factor:THREE. Retrying get pipelines call once.
org.apache.hadoop.hdds.scm.pipeline.InsufficientDatanodesException: Cannot create pipeline of factor 3 using 0 nodes.
	at org.apache.hadoop.hdds.scm.pipeline.RatisPipelineProvider.create(RatisPipelineProvider.java:144)
	at org.apache.hadoop.hdds.scm.pipeline.PipelineFactory.create(PipelineFactory.java:60)
	at org.apache.hadoop.hdds.scm.pipeline.SCMPipelineManager.createPipeline(SCMPipelineManager.java:159)
	at org.apache.hadoop.hdds.scm.block.BlockManagerImpl.allocateBlock(BlockManagerImpl.java:199)
	at org.apache.hadoop.hdds.scm.server.SCMBlockProtocolServer.allocateBlock(SCMBlockProtocolServer.java:187)
	at org.apache.hadoop.hdds.scm.protocol.ScmBlockLocationProtocolServerSideTranslatorPB.allocateScmBlock(ScmBlockLocationProtocolServerSideTranslatorPB.java:159)
	at org.apache.hadoop.hdds.scm.protocol.ScmBlockLocationProtocolServerSideTranslatorPB.processMessage(ScmBlockLocationProtocolServerSideTranslatorPB.java:117)
	at org.apache.hadoop.hdds.server.OzoneProtocolMessageDispatcher.processRequest(OzoneProtocolMessageDispatcher.java:72)
	at org.apache.hadoop.hdds.scm.protocol.ScmBlockLocationProtocolServerSideTranslatorPB.send(ScmBlockLocationProtocolServerSideTranslatorPB.java:98)
	at org.apache.hadoop.hdds.protocol.proto.ScmBlockLocationProtocolProtos$ScmBlockLocationProtocolService$2.callBlockingMethod(ScmBlockLocationProtocolProtos.java:13157)
	at org.apache.hadoop.ipc.ProtobufRpcEngine$Server$ProtoBufRpcInvoker.call(ProtobufRpcEngine.java:524)
	at org.apache.hadoop.ipc.RPC$Server.call(RPC.java:1025)
	at org.apache.hadoop.ipc.Server$RpcCall.run(Server.java:876)
	at org.apache.hadoop.ipc.Server$RpcCall.run(Server.java:822)
	at java.security.AccessController.doPrivileged(Native Method)
	at javax.security.auth.Subject.doAs(Subject.java:422)
	at org.apache.hadoop.security.UserGroupInformation.doAs(UserGroupInformation.java:1730)
	at org.apache.hadoop.ipc.Server$Handler.run(Server.java:2682)
2019-11-06 14:58:41,716 [IPC Server handler 1 on 39986] INFO  block.BlockManagerImpl (BlockManagerImpl.java:allocateBlock(215)) - Could not find available pipeline of type:RATIS and factor:THREE even after retrying
2019-11-06 14:58:41,716 [IPC Server handler 1 on 39986] ERROR block.BlockManagerImpl (BlockManagerImpl.java:allocateBlock(239)) - Unable to allocate a block for the size: 4194304, type: RATIS, factor: THREE
2019-11-06 14:58:41,716 [IPC Server handler 1 on 39986] WARN  block.BlockManagerImpl (BlockManagerImpl.java:allocateBlock(203)) - Pipeline creation failed for type:RATIS factor:THREE. Retrying get pipelines call once.
org.apache.hadoop.hdds.scm.pipeline.InsufficientDatanodesException: Cannot create pipeline of factor 3 using 0 nodes.
	at org.apache.hadoop.hdds.scm.pipeline.RatisPipelineProvider.create(RatisPipelineProvider.java:144)
	at org.apache.hadoop.hdds.scm.pipeline.PipelineFactory.create(PipelineFactory.java:60)
	at org.apache.hadoop.hdds.scm.pipeline.SCMPipelineManager.createPipeline(SCMPipelineManager.java:159)
	at org.apache.hadoop.hdds.scm.block.BlockManagerImpl.allocateBlock(BlockManagerImpl.java:199)
	at org.apache.hadoop.hdds.scm.server.SCMBlockProtocolServer.allocateBlock(SCMBlockProtocolServer.java:187)
	at org.apache.hadoop.hdds.scm.protocol.ScmBlockLocationProtocolServerSideTranslatorPB.allocateScmBlock(ScmBlockLocationProtocolServerSideTranslatorPB.java:159)
	at org.apache.hadoop.hdds.scm.protocol.ScmBlockLocationProtocolServerSideTranslatorPB.processMessage(ScmBlockLocationProtocolServerSideTranslatorPB.java:117)
	at org.apache.hadoop.hdds.server.OzoneProtocolMessageDispatcher.processRequest(OzoneProtocolMessageDispatcher.java:72)
	at org.apache.hadoop.hdds.scm.protocol.ScmBlockLocationProtocolServerSideTranslatorPB.send(ScmBlockLocationProtocolServerSideTranslatorPB.java:98)
	at org.apache.hadoop.hdds.protocol.proto.ScmBlockLocationProtocolProtos$ScmBlockLocationProtocolService$2.callBlockingMethod(ScmBlockLocationProtocolProtos.java:13157)
	at org.apache.hadoop.ipc.ProtobufRpcEngine$Server$ProtoBufRpcInvoker.call(ProtobufRpcEngine.java:524)
	at org.apache.hadoop.ipc.RPC$Server.call(RPC.java:1025)
	at org.apache.hadoop.ipc.Server$RpcCall.run(Server.java:876)
	at org.apache.hadoop.ipc.Server$RpcCall.run(Server.java:822)
	at java.security.AccessController.doPrivileged(Native Method)
	at javax.security.auth.Subject.doAs(Subject.java:422)
	at org.apache.hadoop.security.UserGroupInformation.doAs(UserGroupInformation.java:1730)
	at org.apache.hadoop.ipc.Server$Handler.run(Server.java:2682)
2019-11-06 14:58:41,717 [IPC Server handler 1 on 39986] INFO  block.BlockManagerImpl (BlockManagerImpl.java:allocateBlock(215)) - Could not find available pipeline of type:RATIS and factor:THREE even after retrying
2019-11-06 14:58:41,717 [IPC Server handler 1 on 39986] ERROR block.BlockManagerImpl (BlockManagerImpl.java:allocateBlock(239)) - Unable to allocate a block for the size: 4194304, type: RATIS, factor: THREE
2019-11-06 14:58:41,721 [pool-59-thread-2] ERROR freon.RandomKeyGenerator (RandomKeyGenerator.java:createKey(735)) - Exception while adding key: key-0-51400 in bucket: bucket-0-14760 of volume: vol-0-26534.
INTERNAL_ERROR org.apache.hadoop.ozone.om.exceptions.OMException: Allocated 0 blocks. Requested 5 blocks
	at org.apache.hadoop.ozone.om.protocolPB.OzoneManagerProtocolClientSideTranslatorPB.handleError(OzoneManagerProtocolClientSideTranslatorPB.java:758)
	at org.apache.hadoop.ozone.om.protocolPB.OzoneManagerProtocolClientSideTranslatorPB.openKey(OzoneManagerProtocolClientSideTranslatorPB.java:749)
	at sun.reflect.NativeMethodAccessorImpl.invoke0(Native Method)
	at sun.reflect.NativeMethodAccessorImpl.invoke(NativeMethodAccessorImpl.java:62)
	at sun.reflect.DelegatingMethodAccessorImpl.invoke(DelegatingMethodAccessorImpl.java:43)
	at java.lang.reflect.Method.invoke(Method.java:498)
	at org.apache.hadoop.hdds.tracing.TraceAllMethod.invoke(TraceAllMethod.java:66)
	at com.sun.proxy.$Proxy37.openKey(Unknown Source)
	at org.apache.hadoop.ozone.client.rpc.RpcClient.createKey(RpcClient.java:633)
	at org.apache.hadoop.ozone.client.OzoneBucket.createKey(OzoneBucket.java:325)
	at org.apache.hadoop.ozone.freon.RandomKeyGenerator.createKey(RandomKeyGenerator.java:697)
	at org.apache.hadoop.ozone.freon.RandomKeyGenerator.access$1100(RandomKeyGenerator.java:88)
	at org.apache.hadoop.ozone.freon.RandomKeyGenerator$ObjectCreator.run(RandomKeyGenerator.java:615)
	at java.util.concurrent.Executors$RunnableAdapter.call(Executors.java:511)
	at java.util.concurrent.FutureTask.run(FutureTask.java:266)
	at java.util.concurrent.ThreadPoolExecutor.runWorker(ThreadPoolExecutor.java:1149)
	at java.util.concurrent.ThreadPoolExecutor$Worker.run(ThreadPoolExecutor.java:624)
	at java.lang.Thread.run(Thread.java:748)
2019-11-06 14:58:41,806 [Command processor thread] INFO  impl.RaftServerProxy (RaftServerProxy.java:remove(95)) - f1fe5ac3-bd32-402e-9f50-fd9ae13bec7d: remove    LEADER f1fe5ac3-bd32-402e-9f50-fd9ae13bec7d@group-6194F80D31A1:t2, leader=f1fe5ac3-bd32-402e-9f50-fd9ae13bec7d, voted=f1fe5ac3-bd32-402e-9f50-fd9ae13bec7d, raftlog=f1fe5ac3-bd32-402e-9f50-fd9ae13bec7d@group-6194F80D31A1-SegmentedRaftLog:OPENED:c74,f74,i74, conf=0: [d0f6f4b4-0f66-48e7-8ad4-e312f8c6983b:192.168.34.45:45961, f1fe5ac3-bd32-402e-9f50-fd9ae13bec7d:192.168.34.45:40801, 89180557-9220-4947-93f7-5e558f12b698:192.168.34.45:46454], old=null RUNNING
2019-11-06 14:58:41,808 [Command processor thread] INFO  impl.RaftServerImpl (RaftServerImpl.java:lambda$shutdown$3(250)) - f1fe5ac3-bd32-402e-9f50-fd9ae13bec7d@group-6194F80D31A1: shutdown
2019-11-06 14:58:41,808 [Command processor thread] INFO  util.JmxRegister (JmxRegister.java:unregister(73)) - Successfully un-registered JMX Bean with object name Ratis:service=RaftServer,group=group-6194F80D31A1,id=f1fe5ac3-bd32-402e-9f50-fd9ae13bec7d
2019-11-06 14:58:41,808 [Command processor thread] INFO  impl.RoleInfo (RoleInfo.java:shutdownLeaderState(104)) - f1fe5ac3-bd32-402e-9f50-fd9ae13bec7d: shutdown LeaderState
2019-11-06 14:58:41,811 [org.apache.ratis.server.impl.LogAppender$AppenderDaemon$$Lambda$817/988576579@31ae2bd5] WARN  server.GrpcLogAppender (GrpcLogAppender.java:mayWait(151)) - f1fe5ac3-bd32-402e-9f50-fd9ae13bec7d@group-6194F80D31A1->d0f6f4b4-0f66-48e7-8ad4-e312f8c6983b-GrpcLogAppender: Wait interrupted by java.lang.InterruptedException
2019-11-06 14:58:41,811 [org.apache.ratis.server.impl.LogAppender$AppenderDaemon$$Lambda$817/988576579@f42dce3] WARN  server.GrpcLogAppender (GrpcLogAppender.java:mayWait(151)) - f1fe5ac3-bd32-402e-9f50-fd9ae13bec7d@group-6194F80D31A1->89180557-9220-4947-93f7-5e558f12b698-GrpcLogAppender: Wait interrupted by java.lang.InterruptedException
2019-11-06 14:58:41,812 [Command processor thread] INFO  impl.RaftServerProxy (RaftServerProxy.java:remove(95)) - d0f6f4b4-0f66-48e7-8ad4-e312f8c6983b: remove  FOLLOWER d0f6f4b4-0f66-48e7-8ad4-e312f8c6983b@group-6194F80D31A1:t2, leader=f1fe5ac3-bd32-402e-9f50-fd9ae13bec7d, voted=f1fe5ac3-bd32-402e-9f50-fd9ae13bec7d, raftlog=d0f6f4b4-0f66-48e7-8ad4-e312f8c6983b@group-6194F80D31A1-SegmentedRaftLog:OPENED:c72,f74,i74, conf=0: [d0f6f4b4-0f66-48e7-8ad4-e312f8c6983b:192.168.34.45:45961, f1fe5ac3-bd32-402e-9f50-fd9ae13bec7d:192.168.34.45:40801, 89180557-9220-4947-93f7-5e558f12b698:192.168.34.45:46454], old=null RUNNING
2019-11-06 14:58:41,811 [Command processor thread] INFO  impl.PendingRequests (PendingRequests.java:sendNotLeaderResponses(206)) - f1fe5ac3-bd32-402e-9f50-fd9ae13bec7d@group-6194F80D31A1-PendingRequests: sendNotLeaderResponses
2019-11-06 14:58:41,812 [Command processor thread] INFO  impl.RaftServerImpl (RaftServerImpl.java:lambda$shutdown$3(250)) - d0f6f4b4-0f66-48e7-8ad4-e312f8c6983b@group-6194F80D31A1: shutdown
2019-11-06 14:58:41,812 [Command processor thread] INFO  impl.RaftServerProxy (RaftServerProxy.java:remove(95)) - 89180557-9220-4947-93f7-5e558f12b698: remove  FOLLOWER 89180557-9220-4947-93f7-5e558f12b698@group-6194F80D31A1:t2, leader=f1fe5ac3-bd32-402e-9f50-fd9ae13bec7d, voted=f1fe5ac3-bd32-402e-9f50-fd9ae13bec7d, raftlog=89180557-9220-4947-93f7-5e558f12b698@group-6194F80D31A1-SegmentedRaftLog:OPENED:c72,f74,i74, conf=0: [d0f6f4b4-0f66-48e7-8ad4-e312f8c6983b:192.168.34.45:45961, f1fe5ac3-bd32-402e-9f50-fd9ae13bec7d:192.168.34.45:40801, 89180557-9220-4947-93f7-5e558f12b698:192.168.34.45:46454], old=null RUNNING
2019-11-06 14:58:41,813 [Command processor thread] INFO  util.JmxRegister (JmxRegister.java:unregister(73)) - Successfully un-registered JMX Bean with object name Ratis:service=RaftServer,group=group-6194F80D31A1,id=d0f6f4b4-0f66-48e7-8ad4-e312f8c6983b
2019-11-06 14:58:41,813 [Command processor thread] INFO  impl.RaftServerImpl (RaftServerImpl.java:lambda$shutdown$3(250)) - 89180557-9220-4947-93f7-5e558f12b698@group-6194F80D31A1: shutdown
2019-11-06 14:58:41,813 [Command processor thread] INFO  impl.RoleInfo (RoleInfo.java:shutdownFollowerState(121)) - d0f6f4b4-0f66-48e7-8ad4-e312f8c6983b: shutdown FollowerState
2019-11-06 14:58:41,814 [Command processor thread] INFO  util.JmxRegister (JmxRegister.java:unregister(73)) - Successfully un-registered JMX Bean with object name Ratis:service=RaftServer,group=group-6194F80D31A1,id=89180557-9220-4947-93f7-5e558f12b698
2019-11-06 14:58:41,815 [Command processor thread] INFO  impl.StateMachineUpdater (StateMachineUpdater.java:stopAndJoin(136)) - d0f6f4b4-0f66-48e7-8ad4-e312f8c6983b@group-6194F80D31A1-StateMachineUpdater: set stopIndex = 72
2019-11-06 14:58:41,815 [Thread-235] INFO  impl.FollowerState (FollowerState.java:run(120)) - d0f6f4b4-0f66-48e7-8ad4-e312f8c6983b@group-6194F80D31A1-FollowerState was interrupted: java.lang.InterruptedException: sleep interrupted
2019-11-06 14:58:41,815 [d0f6f4b4-0f66-48e7-8ad4-e312f8c6983b@group-6194F80D31A1-StateMachineUpdater] INFO  ratis.ContainerStateMachine (ContainerStateMachine.java:takeSnapshot(285)) - group-6194F80D31A1: Taking a snapshot at:(t:2, i:72) file /workdir/hadoop-ozone/tools/target/test-dir/MiniOzoneClusterImpl-4661be70-4e3d-459f-9aa3-197b2cf720b3/datanode-1/data/ratis/7ad97d23-9d37-412a-a74b-6194f80d31a1/sm/snapshot.2_72
2019-11-06 14:58:41,815 [Command processor thread] INFO  impl.RoleInfo (RoleInfo.java:shutdownFollowerState(121)) - 89180557-9220-4947-93f7-5e558f12b698: shutdown FollowerState
2019-11-06 14:58:41,818 [grpc-default-executor-3] INFO  server.GrpcServerProtocolService (GrpcServerProtocolService.java:onCompleted(113)) - d0f6f4b4-0f66-48e7-8ad4-e312f8c6983b: Completed APPEND_ENTRIES, lastRequest: f1fe5ac3-bd32-402e-9f50-fd9ae13bec7d->d0f6f4b4-0f66-48e7-8ad4-e312f8c6983b#75-t2, previous=(t:2, i:73), leaderCommit=72, initializing? false, entries: size=1, first=(t:2, i:74), METADATAENTRY(c72)
2019-11-06 14:58:41,818 [grpc-default-executor-5] INFO  server.GrpcServerProtocolService (GrpcServerProtocolService.java:onCompleted(113)) - 89180557-9220-4947-93f7-5e558f12b698: Completed APPEND_ENTRIES, lastRequest: f1fe5ac3-bd32-402e-9f50-fd9ae13bec7d->89180557-9220-4947-93f7-5e558f12b698#75-t2, previous=(t:2, i:73), leaderCommit=72, initializing? false, entries: size=1, first=(t:2, i:74), METADATAENTRY(c72)
2019-11-06 14:58:41,819 [Thread-234] INFO  impl.FollowerState (FollowerState.java:run(120)) - 89180557-9220-4947-93f7-5e558f12b698@group-6194F80D31A1-FollowerState was interrupted: java.lang.InterruptedException: sleep interrupted
2019-11-06 14:58:41,819 [Command processor thread] INFO  impl.StateMachineUpdater (StateMachineUpdater.java:stopAndJoin(136)) - f1fe5ac3-bd32-402e-9f50-fd9ae13bec7d@group-6194F80D31A1-StateMachineUpdater: set stopIndex = 74
2019-11-06 14:58:41,819 [Command processor thread] INFO  impl.StateMachineUpdater (StateMachineUpdater.java:stopAndJoin(136)) - 89180557-9220-4947-93f7-5e558f12b698@group-6194F80D31A1-StateMachineUpdater: set stopIndex = 72
2019-11-06 14:58:41,819 [f1fe5ac3-bd32-402e-9f50-fd9ae13bec7d@group-6194F80D31A1-StateMachineUpdater] INFO  ratis.ContainerStateMachine (ContainerStateMachine.java:takeSnapshot(285)) - group-6194F80D31A1: Taking a snapshot at:(t:2, i:72) file /workdir/hadoop-ozone/tools/target/test-dir/MiniOzoneClusterImpl-4661be70-4e3d-459f-9aa3-197b2cf720b3/datanode-2/data/ratis/7ad97d23-9d37-412a-a74b-6194f80d31a1/sm/snapshot.2_72
2019-11-06 14:58:41,819 [89180557-9220-4947-93f7-5e558f12b698@group-6194F80D31A1-StateMachineUpdater] INFO  ratis.ContainerStateMachine (ContainerStateMachine.java:takeSnapshot(285)) - group-6194F80D31A1: Taking a snapshot at:(t:2, i:72) file /workdir/hadoop-ozone/tools/target/test-dir/MiniOzoneClusterImpl-4661be70-4e3d-459f-9aa3-197b2cf720b3/datanode-0/data/ratis/7ad97d23-9d37-412a-a74b-6194f80d31a1/sm/snapshot.2_72
2019-11-06 14:58:41,822 [grpc-default-executor-5] INFO  server.GrpcLogAppender (GrpcLogAppender.java:onCompleted(308)) - f1fe5ac3-bd32-402e-9f50-fd9ae13bec7d@group-6194F80D31A1->d0f6f4b4-0f66-48e7-8ad4-e312f8c6983b-AppendLogResponseHandler: follower responses appendEntries COMPLETED
2019-11-06 14:58:41,822 [grpc-default-executor-3] INFO  server.GrpcLogAppender (GrpcLogAppender.java:onCompleted(308)) - f1fe5ac3-bd32-402e-9f50-fd9ae13bec7d@group-6194F80D31A1->89180557-9220-4947-93f7-5e558f12b698-AppendLogResponseHandler: follower responses appendEntries COMPLETED
2019-11-06 14:58:41,828 [grpc-default-executor-5] INFO  impl.FollowerInfo (FollowerInfo.java:lambda$new$0(51)) - f1fe5ac3-bd32-402e-9f50-fd9ae13bec7d@group-6194F80D31A1->d0f6f4b4-0f66-48e7-8ad4-e312f8c6983b: nextIndex: updateUnconditionally 75 -> 74
2019-11-06 14:58:41,828 [grpc-default-executor-3] INFO  impl.FollowerInfo (FollowerInfo.java:lambda$new$0(51)) - f1fe5ac3-bd32-402e-9f50-fd9ae13bec7d@group-6194F80D31A1->89180557-9220-4947-93f7-5e558f12b698: nextIndex: updateUnconditionally 75 -> 74
2019-11-06 14:58:41,869 [f1fe5ac3-bd32-402e-9f50-fd9ae13bec7d@group-6194F80D31A1-StateMachineUpdater] INFO  ratis.ContainerStateMachine (ContainerStateMachine.java:takeSnapshot(296)) - group-6194F80D31A1: Finished taking a snapshot at:(t:2, i:72) file:/workdir/hadoop-ozone/tools/target/test-dir/MiniOzoneClusterImpl-4661be70-4e3d-459f-9aa3-197b2cf720b3/datanode-2/data/ratis/7ad97d23-9d37-412a-a74b-6194f80d31a1/sm/snapshot.2_72 time:50
2019-11-06 14:58:41,869 [89180557-9220-4947-93f7-5e558f12b698@group-6194F80D31A1-StateMachineUpdater] INFO  ratis.ContainerStateMachine (ContainerStateMachine.java:takeSnapshot(296)) - group-6194F80D31A1: Finished taking a snapshot at:(t:2, i:72) file:/workdir/hadoop-ozone/tools/target/test-dir/MiniOzoneClusterImpl-4661be70-4e3d-459f-9aa3-197b2cf720b3/datanode-0/data/ratis/7ad97d23-9d37-412a-a74b-6194f80d31a1/sm/snapshot.2_72 time:50
2019-11-06 14:58:41,869 [d0f6f4b4-0f66-48e7-8ad4-e312f8c6983b@group-6194F80D31A1-StateMachineUpdater] INFO  ratis.ContainerStateMachine (ContainerStateMachine.java:takeSnapshot(296)) - group-6194F80D31A1: Finished taking a snapshot at:(t:2, i:72) file:/workdir/hadoop-ozone/tools/target/test-dir/MiniOzoneClusterImpl-4661be70-4e3d-459f-9aa3-197b2cf720b3/datanode-1/data/ratis/7ad97d23-9d37-412a-a74b-6194f80d31a1/sm/snapshot.2_72 time:54
2019-11-06 14:58:41,870 [f1fe5ac3-bd32-402e-9f50-fd9ae13bec7d@group-6194F80D31A1-StateMachineUpdater] INFO  impl.StateMachineUpdater (StateMachineUpdater.java:takeSnapshot(269)) - f1fe5ac3-bd32-402e-9f50-fd9ae13bec7d@group-6194F80D31A1-StateMachineUpdater: Took a snapshot at index 72
2019-11-06 14:58:41,870 [89180557-9220-4947-93f7-5e558f12b698@group-6194F80D31A1-StateMachineUpdater] INFO  impl.StateMachineUpdater (StateMachineUpdater.java:takeSnapshot(269)) - 89180557-9220-4947-93f7-5e558f12b698@group-6194F80D31A1-StateMachineUpdater: Took a snapshot at index 72
2019-11-06 14:58:41,870 [d0f6f4b4-0f66-48e7-8ad4-e312f8c6983b@group-6194F80D31A1-StateMachineUpdater] INFO  impl.StateMachineUpdater (StateMachineUpdater.java:takeSnapshot(269)) - d0f6f4b4-0f66-48e7-8ad4-e312f8c6983b@group-6194F80D31A1-StateMachineUpdater: Took a snapshot at index 72
2019-11-06 14:58:41,871 [89180557-9220-4947-93f7-5e558f12b698@group-6194F80D31A1-StateMachineUpdater] INFO  impl.StateMachineUpdater (StateMachineUpdater.java:lambda$new$0(84)) - 89180557-9220-4947-93f7-5e558f12b698@group-6194F80D31A1-StateMachineUpdater: snapshotIndex: updateIncreasingly -1 -> 72
2019-11-06 14:58:41,871 [f1fe5ac3-bd32-402e-9f50-fd9ae13bec7d@group-6194F80D31A1-StateMachineUpdater] INFO  impl.StateMachineUpdater (StateMachineUpdater.java:lambda$new$0(84)) - f1fe5ac3-bd32-402e-9f50-fd9ae13bec7d@group-6194F80D31A1-StateMachineUpdater: snapshotIndex: updateIncreasingly -1 -> 72
2019-11-06 14:58:41,871 [d0f6f4b4-0f66-48e7-8ad4-e312f8c6983b@group-6194F80D31A1-StateMachineUpdater] INFO  impl.StateMachineUpdater (StateMachineUpdater.java:lambda$new$0(84)) - d0f6f4b4-0f66-48e7-8ad4-e312f8c6983b@group-6194F80D31A1-StateMachineUpdater: snapshotIndex: updateIncreasingly -1 -> 72
2019-11-06 14:58:41,876 [f1fe5ac3-bd32-402e-9f50-fd9ae13bec7d@group-6194F80D31A1-StateMachineUpdater] INFO  ratis.ContainerStateMachine (ContainerStateMachine.java:takeSnapshot(285)) - group-6194F80D31A1: Taking a snapshot at:(t:2, i:72) file /workdir/hadoop-ozone/tools/target/test-dir/MiniOzoneClusterImpl-4661be70-4e3d-459f-9aa3-197b2cf720b3/datanode-2/data/ratis/7ad97d23-9d37-412a-a74b-6194f80d31a1/sm/snapshot.2_72
2019-11-06 14:58:41,876 [Command processor thread] INFO  impl.RaftServerImpl (ServerState.java:close(387)) - 89180557-9220-4947-93f7-5e558f12b698@group-6194F80D31A1: closes. applyIndex: 72
2019-11-06 14:58:41,876 [Command processor thread] INFO  impl.RaftServerImpl (ServerState.java:close(387)) - d0f6f4b4-0f66-48e7-8ad4-e312f8c6983b@group-6194F80D31A1: closes. applyIndex: 72
2019-11-06 14:58:41,878 [d0f6f4b4-0f66-48e7-8ad4-e312f8c6983b@group-6194F80D31A1-SegmentedRaftLogWorker] INFO  segmented.SegmentedRaftLogWorker (SegmentedRaftLogWorker.java:run(316)) - d0f6f4b4-0f66-48e7-8ad4-e312f8c6983b@group-6194F80D31A1-SegmentedRaftLogWorker was interrupted, exiting. There are 0 tasks remaining in the queue.
2019-11-06 14:58:41,878 [89180557-9220-4947-93f7-5e558f12b698@group-6194F80D31A1-SegmentedRaftLogWorker] INFO  segmented.SegmentedRaftLogWorker (SegmentedRaftLogWorker.java:run(316)) - 89180557-9220-4947-93f7-5e558f12b698@group-6194F80D31A1-SegmentedRaftLogWorker was interrupted, exiting. There are 0 tasks remaining in the queue.
2019-11-06 14:58:41,880 [Command processor thread] INFO  segmented.SegmentedRaftLogWorker (SegmentedRaftLogWorker.java:close(224)) - d0f6f4b4-0f66-48e7-8ad4-e312f8c6983b@group-6194F80D31A1-SegmentedRaftLogWorker close()
2019-11-06 14:58:41,880 [Command processor thread] INFO  segmented.SegmentedRaftLogWorker (SegmentedRaftLogWorker.java:close(224)) - 89180557-9220-4947-93f7-5e558f12b698@group-6194F80D31A1-SegmentedRaftLogWorker close()
2019-11-06 14:58:41,890 [f1fe5ac3-bd32-402e-9f50-fd9ae13bec7d@group-6194F80D31A1-StateMachineUpdater] INFO  ratis.ContainerStateMachine (ContainerStateMachine.java:takeSnapshot(296)) - group-6194F80D31A1: Finished taking a snapshot at:(t:2, i:72) file:/workdir/hadoop-ozone/tools/target/test-dir/MiniOzoneClusterImpl-4661be70-4e3d-459f-9aa3-197b2cf720b3/datanode-2/data/ratis/7ad97d23-9d37-412a-a74b-6194f80d31a1/sm/snapshot.2_72 time:14
2019-11-06 14:58:41,890 [f1fe5ac3-bd32-402e-9f50-fd9ae13bec7d@group-6194F80D31A1-StateMachineUpdater] INFO  impl.StateMachineUpdater (StateMachineUpdater.java:takeSnapshot(269)) - f1fe5ac3-bd32-402e-9f50-fd9ae13bec7d@group-6194F80D31A1-StateMachineUpdater: Took a snapshot at index 72
2019-11-06 14:58:41,890 [f1fe5ac3-bd32-402e-9f50-fd9ae13bec7d@group-6194F80D31A1-StateMachineUpdater] INFO  impl.StateMachineUpdater (StateMachineUpdater.java:lambda$new$0(84)) - f1fe5ac3-bd32-402e-9f50-fd9ae13bec7d@group-6194F80D31A1-StateMachineUpdater: snapshotIndex: updateIncreasingly 72 -> 72
2019-11-06 14:58:41,891 [Command processor thread] INFO  impl.RaftServerImpl (ServerState.java:close(387)) - f1fe5ac3-bd32-402e-9f50-fd9ae13bec7d@group-6194F80D31A1: closes. applyIndex: 74
2019-11-06 14:58:41,891 [f1fe5ac3-bd32-402e-9f50-fd9ae13bec7d@group-6194F80D31A1-SegmentedRaftLogWorker] INFO  segmented.SegmentedRaftLogWorker (SegmentedRaftLogWorker.java:run(316)) - f1fe5ac3-bd32-402e-9f50-fd9ae13bec7d@group-6194F80D31A1-SegmentedRaftLogWorker was interrupted, exiting. There are 0 tasks remaining in the queue.
2019-11-06 14:58:41,892 [Command processor thread] INFO  segmented.SegmentedRaftLogWorker (SegmentedRaftLogWorker.java:close(224)) - f1fe5ac3-bd32-402e-9f50-fd9ae13bec7d@group-6194F80D31A1-SegmentedRaftLogWorker close()
2019-11-06 14:58:41,930 [Command processor thread] INFO  interfaces.Container (KeyValueContainer.java:flushAndSyncDB(400)) - Container 1 is synced with bcsId 56.
2019-11-06 14:58:41,930 [Command processor thread] INFO  interfaces.Container (KeyValueContainer.java:flushAndSyncDB(400)) - Container 1 is synced with bcsId 56.
2019-11-06 14:58:41,934 [Command processor thread] INFO  interfaces.Container (KeyValueContainer.java:flushAndSyncDB(400)) - Container 1 is synced with bcsId 56.
2019-11-06 14:58:41,930 [Command processor thread] INFO  interfaces.Container (KeyValueContainer.java:flushAndSyncDB(400)) - Container 1 is synced with bcsId 56.
2019-11-06 14:58:41,934 [Command processor thread] INFO  interfaces.Container (KeyValueContainer.java:flushAndSyncDB(400)) - Container 1 is synced with bcsId 56.
2019-11-06 14:58:41,934 [Command processor thread] INFO  interfaces.Container (KeyValueContainer.java:flushAndSyncDB(400)) - Container 1 is synced with bcsId 56.
2019-11-06 14:58:41,964 [EventQueue-IncrementalContainerReportForIncrementalContainerReportHandler] INFO  container.IncrementalContainerReportHandler (AbstractContainerReportHandler.java:updateContainerState(171)) - Moving container #1 to QUASI_CLOSED state, datanode 89180557-9220-4947-93f7-5e558f12b698{ip: 192.168.34.45, host: pr-hdds-2034-kzwt9-1771795315, networkLocation: /default-rack, certSerialId: null} reported QUASI_CLOSED replica.
2019-11-06 14:58:41,994 [Command processor thread] INFO  interfaces.Container (KeyValueContainer.java:flushAndSyncDB(400)) - Container 2 is synced with bcsId 72.
2019-11-06 14:58:41,994 [Command processor thread] INFO  interfaces.Container (KeyValueContainer.java:flushAndSyncDB(400)) - Container 2 is synced with bcsId 72.
2019-11-06 14:58:41,994 [Command processor thread] INFO  interfaces.Container (KeyValueContainer.java:flushAndSyncDB(400)) - Container 2 is synced with bcsId 72.
2019-11-06 14:58:41,994 [Command processor thread] INFO  interfaces.Container (KeyValueContainer.java:flushAndSyncDB(400)) - Container 2 is synced with bcsId 72.
2019-11-06 14:58:41,994 [Command processor thread] INFO  interfaces.Container (KeyValueContainer.java:flushAndSyncDB(400)) - Container 2 is synced with bcsId 72.
2019-11-06 14:58:41,995 [Command processor thread] INFO  interfaces.Container (KeyValueContainer.java:flushAndSyncDB(400)) - Container 2 is synced with bcsId 72.
2019-11-06 14:58:42,017 [EventQueue-IncrementalContainerReportForIncrementalContainerReportHandler] INFO  container.IncrementalContainerReportHandler (AbstractContainerReportHandler.java:updateContainerState(171)) - Moving container #2 to QUASI_CLOSED state, datanode 89180557-9220-4947-93f7-5e558f12b698{ip: 192.168.34.45, host: pr-hdds-2034-kzwt9-1771795315, networkLocation: /default-rack, certSerialId: null} reported QUASI_CLOSED replica.
2019-11-06 14:58:42,051 [Command processor thread] INFO  interfaces.Container (KeyValueContainer.java:flushAndSyncDB(400)) - Container 3 is synced with bcsId 39.
2019-11-06 14:58:42,051 [Command processor thread] INFO  interfaces.Container (KeyValueContainer.java:flushAndSyncDB(400)) - Container 3 is synced with bcsId 39.
2019-11-06 14:58:42,051 [Command processor thread] INFO  interfaces.Container (KeyValueContainer.java:flushAndSyncDB(400)) - Container 3 is synced with bcsId 39.
2019-11-06 14:58:42,051 [Command processor thread] INFO  interfaces.Container (KeyValueContainer.java:flushAndSyncDB(400)) - Container 3 is synced with bcsId 39.
2019-11-06 14:58:42,051 [Command processor thread] INFO  interfaces.Container (KeyValueContainer.java:flushAndSyncDB(400)) - Container 3 is synced with bcsId 39.
2019-11-06 14:58:42,052 [Command processor thread] INFO  interfaces.Container (KeyValueContainer.java:flushAndSyncDB(400)) - Container 3 is synced with bcsId 39.
2019-11-06 14:58:42,067 [Command processor thread] INFO  commandhandler.ClosePipelineCommandHandler (ClosePipelineCommandHandler.java:handle(78)) - Close Pipeline #id: "7ad97d23-9d37-412a-a74b-6194f80d31a1"
 command on datanode #f1fe5ac3-bd32-402e-9f50-fd9ae13bec7d.
2019-11-06 14:58:42,067 [Command processor thread] INFO  commandhandler.ClosePipelineCommandHandler (ClosePipelineCommandHandler.java:handle(78)) - Close Pipeline #id: "7ad97d23-9d37-412a-a74b-6194f80d31a1"
 command on datanode #89180557-9220-4947-93f7-5e558f12b698.
2019-11-06 14:58:42,067 [Command processor thread] INFO  commandhandler.ClosePipelineCommandHandler (ClosePipelineCommandHandler.java:handle(78)) - Close Pipeline #id: "7ad97d23-9d37-412a-a74b-6194f80d31a1"
 command on datanode #d0f6f4b4-0f66-48e7-8ad4-e312f8c6983b.
2019-11-06 14:58:42,067 [Command processor thread] INFO  impl.RaftServerProxy (RaftServerProxy.java:addNew(89)) - 89180557-9220-4947-93f7-5e558f12b698: addNew group-BDA639393A09:[d0f6f4b4-0f66-48e7-8ad4-e312f8c6983b:192.168.34.45:45961, f1fe5ac3-bd32-402e-9f50-fd9ae13bec7d:192.168.34.45:40801, 89180557-9220-4947-93f7-5e558f12b698:192.168.34.45:46454] returns group-BDA639393A09:java.util.concurrent.CompletableFuture@2fe86bf6[Not completed]
2019-11-06 14:58:42,068 [EventQueue-IncrementalContainerReportForIncrementalContainerReportHandler] INFO  container.IncrementalContainerReportHandler (AbstractContainerReportHandler.java:updateContainerState(171)) - Moving container #3 to QUASI_CLOSED state, datanode f1fe5ac3-bd32-402e-9f50-fd9ae13bec7d{ip: 192.168.34.45, host: pr-hdds-2034-kzwt9-1771795315, networkLocation: /default-rack, certSerialId: null} reported QUASI_CLOSED replica.
2019-11-06 14:58:42,068 [Command processor thread] INFO  impl.RaftServerProxy (RaftServerProxy.java:addNew(89)) - f1fe5ac3-bd32-402e-9f50-fd9ae13bec7d: addNew group-BDA639393A09:[d0f6f4b4-0f66-48e7-8ad4-e312f8c6983b:192.168.34.45:45961, f1fe5ac3-bd32-402e-9f50-fd9ae13bec7d:192.168.34.45:40801, 89180557-9220-4947-93f7-5e558f12b698:192.168.34.45:46454] returns group-BDA639393A09:java.util.concurrent.CompletableFuture@52002637[Not completed]
2019-11-06 14:58:42,068 [Command processor thread] INFO  impl.RaftServerProxy (RaftServerProxy.java:addNew(89)) - d0f6f4b4-0f66-48e7-8ad4-e312f8c6983b: addNew group-BDA639393A09:[d0f6f4b4-0f66-48e7-8ad4-e312f8c6983b:192.168.34.45:45961, f1fe5ac3-bd32-402e-9f50-fd9ae13bec7d:192.168.34.45:40801, 89180557-9220-4947-93f7-5e558f12b698:192.168.34.45:46454] returns group-BDA639393A09:java.util.concurrent.CompletableFuture@a4f99bd[Not completed]
2019-11-06 14:58:42,070 [pool-27-thread-1] INFO  impl.RaftServerImpl (RaftServerImpl.java:<init>(98)) - 89180557-9220-4947-93f7-5e558f12b698: new RaftServerImpl for group-BDA639393A09:[d0f6f4b4-0f66-48e7-8ad4-e312f8c6983b:192.168.34.45:45961, f1fe5ac3-bd32-402e-9f50-fd9ae13bec7d:192.168.34.45:40801, 89180557-9220-4947-93f7-5e558f12b698:192.168.34.45:46454] with ContainerStateMachine:uninitialized
2019-11-06 14:58:42,070 [pool-27-thread-1] INFO  server.RaftServerConfigKeys (ConfUtils.java:logGet(43)) - raft.server.rpc.timeout.min = 5s (custom)
2019-11-06 14:58:42,070 [pool-27-thread-1] INFO  server.RaftServerConfigKeys (ConfUtils.java:logGet(43)) - raft.server.rpc.timeout.max = 5200ms (custom)
2019-11-06 14:58:42,070 [pool-27-thread-1] INFO  server.RaftServerConfigKeys (ConfUtils.java:logGet(43)) - raft.server.rpcslowness.timeout = 120s (custom)
2019-11-06 14:58:42,070 [pool-27-thread-1] INFO  server.RaftServerConfigKeys (ConfUtils.java:logGet(43)) - raft.server.sleep.deviation.threshold = 300 (default)
2019-11-06 14:58:42,070 [pool-27-thread-1] INFO  server.RaftServerConfigKeys (ConfUtils.java:logGet(43)) - raft.server.log.appender.install.snapshot.enabled = false (custom)
2019-11-06 14:58:42,070 [pool-27-thread-1] INFO  impl.RaftServerImpl (ServerState.java:<init>(103)) - 89180557-9220-4947-93f7-5e558f12b698@group-BDA639393A09: ConfigurationManager, init=-1: [d0f6f4b4-0f66-48e7-8ad4-e312f8c6983b:192.168.34.45:45961, f1fe5ac3-bd32-402e-9f50-fd9ae13bec7d:192.168.34.45:40801, 89180557-9220-4947-93f7-5e558f12b698:192.168.34.45:46454], old=null, confs=<EMPTY_MAP>
2019-11-06 14:58:42,071 [pool-27-thread-1] INFO  server.RaftServerConfigKeys (ConfUtils.java:logGet(43)) - raft.server.storage.dir = [/workdir/hadoop-ozone/tools/target/test-dir/MiniOzoneClusterImpl-4661be70-4e3d-459f-9aa3-197b2cf720b3/datanode-0/data/ratis] (custom)
2019-11-06 14:58:42,071 [pool-37-thread-1] INFO  impl.RaftServerImpl (RaftServerImpl.java:<init>(98)) - d0f6f4b4-0f66-48e7-8ad4-e312f8c6983b: new RaftServerImpl for group-BDA639393A09:[d0f6f4b4-0f66-48e7-8ad4-e312f8c6983b:192.168.34.45:45961, f1fe5ac3-bd32-402e-9f50-fd9ae13bec7d:192.168.34.45:40801, 89180557-9220-4947-93f7-5e558f12b698:192.168.34.45:46454] with ContainerStateMachine:uninitialized
2019-11-06 14:58:42,071 [pool-27-thread-1] INFO  server.RaftServerConfigKeys (ConfUtils.java:logGet(43)) - raft.server.log.corruption.policy = EXCEPTION (default)
2019-11-06 14:58:42,071 [pool-37-thread-1] INFO  server.RaftServerConfigKeys (ConfUtils.java:logGet(43)) - raft.server.rpc.timeout.min = 5s (custom)
2019-11-06 14:58:42,071 [pool-27-thread-1] INFO  storage.RaftStorageDirectory (RaftStorageDirectory.java:analyzeStorage(246)) - The storage directory /workdir/hadoop-ozone/tools/target/test-dir/MiniOzoneClusterImpl-4661be70-4e3d-459f-9aa3-197b2cf720b3/datanode-0/data/ratis/04fdb449-f65f-40d6-8b32-bda639393a09 does not exist. Creating ...
2019-11-06 14:58:42,071 [pool-37-thread-1] INFO  server.RaftServerConfigKeys (ConfUtils.java:logGet(43)) - raft.server.rpc.timeout.max = 5200ms (custom)
2019-11-06 14:58:42,071 [pool-37-thread-1] INFO  server.RaftServerConfigKeys (ConfUtils.java:logGet(43)) - raft.server.rpcslowness.timeout = 120s (custom)
2019-11-06 14:58:42,072 [pool-37-thread-1] INFO  server.RaftServerConfigKeys (ConfUtils.java:logGet(43)) - raft.server.sleep.deviation.threshold = 300 (default)
2019-11-06 14:58:42,072 [pool-47-thread-1] INFO  impl.RaftServerImpl (RaftServerImpl.java:<init>(98)) - f1fe5ac3-bd32-402e-9f50-fd9ae13bec7d: new RaftServerImpl for group-BDA639393A09:[d0f6f4b4-0f66-48e7-8ad4-e312f8c6983b:192.168.34.45:45961, f1fe5ac3-bd32-402e-9f50-fd9ae13bec7d:192.168.34.45:40801, 89180557-9220-4947-93f7-5e558f12b698:192.168.34.45:46454] with ContainerStateMachine:uninitialized
2019-11-06 14:58:42,072 [pool-37-thread-1] INFO  server.RaftServerConfigKeys (ConfUtils.java:logGet(43)) - raft.server.log.appender.install.snapshot.enabled = false (custom)
2019-11-06 14:58:42,072 [pool-47-thread-1] INFO  server.RaftServerConfigKeys (ConfUtils.java:logGet(43)) - raft.server.rpc.timeout.min = 5s (custom)
2019-11-06 14:58:42,072 [pool-37-thread-1] INFO  impl.RaftServerImpl (ServerState.java:<init>(103)) - d0f6f4b4-0f66-48e7-8ad4-e312f8c6983b@group-BDA639393A09: ConfigurationManager, init=-1: [d0f6f4b4-0f66-48e7-8ad4-e312f8c6983b:192.168.34.45:45961, f1fe5ac3-bd32-402e-9f50-fd9ae13bec7d:192.168.34.45:40801, 89180557-9220-4947-93f7-5e558f12b698:192.168.34.45:46454], old=null, confs=<EMPTY_MAP>
2019-11-06 14:58:42,072 [pool-47-thread-1] INFO  server.RaftServerConfigKeys (ConfUtils.java:logGet(43)) - raft.server.rpc.timeout.max = 5200ms (custom)
2019-11-06 14:58:42,072 [pool-37-thread-1] INFO  server.RaftServerConfigKeys (ConfUtils.java:logGet(43)) - raft.server.storage.dir = [/workdir/hadoop-ozone/tools/target/test-dir/MiniOzoneClusterImpl-4661be70-4e3d-459f-9aa3-197b2cf720b3/datanode-1/data/ratis] (custom)
2019-11-06 14:58:42,072 [pool-47-thread-1] INFO  server.RaftServerConfigKeys (ConfUtils.java:logGet(43)) - raft.server.rpcslowness.timeout = 120s (custom)
2019-11-06 14:58:42,073 [pool-47-thread-1] INFO  server.RaftServerConfigKeys (ConfUtils.java:logGet(43)) - raft.server.sleep.deviation.threshold = 300 (default)
2019-11-06 14:58:42,073 [pool-37-thread-1] INFO  server.RaftServerConfigKeys (ConfUtils.java:logGet(43)) - raft.server.log.corruption.policy = EXCEPTION (default)
2019-11-06 14:58:42,073 [pool-47-thread-1] INFO  server.RaftServerConfigKeys (ConfUtils.java:logGet(43)) - raft.server.log.appender.install.snapshot.enabled = false (custom)
2019-11-06 14:58:42,073 [pool-37-thread-1] INFO  storage.RaftStorageDirectory (RaftStorageDirectory.java:analyzeStorage(246)) - The storage directory /workdir/hadoop-ozone/tools/target/test-dir/MiniOzoneClusterImpl-4661be70-4e3d-459f-9aa3-197b2cf720b3/datanode-1/data/ratis/04fdb449-f65f-40d6-8b32-bda639393a09 does not exist. Creating ...
2019-11-06 14:58:42,073 [pool-47-thread-1] INFO  impl.RaftServerImpl (ServerState.java:<init>(103)) - f1fe5ac3-bd32-402e-9f50-fd9ae13bec7d@group-BDA639393A09: ConfigurationManager, init=-1: [d0f6f4b4-0f66-48e7-8ad4-e312f8c6983b:192.168.34.45:45961, f1fe5ac3-bd32-402e-9f50-fd9ae13bec7d:192.168.34.45:40801, 89180557-9220-4947-93f7-5e558f12b698:192.168.34.45:46454], old=null, confs=<EMPTY_MAP>
2019-11-06 14:58:42,073 [pool-47-thread-1] INFO  server.RaftServerConfigKeys (ConfUtils.java:logGet(43)) - raft.server.storage.dir = [/workdir/hadoop-ozone/tools/target/test-dir/MiniOzoneClusterImpl-4661be70-4e3d-459f-9aa3-197b2cf720b3/datanode-2/data/ratis] (custom)
2019-11-06 14:58:42,073 [pool-47-thread-1] INFO  server.RaftServerConfigKeys (ConfUtils.java:logGet(43)) - raft.server.log.corruption.policy = EXCEPTION (default)
2019-11-06 14:58:42,074 [pool-47-thread-1] INFO  storage.RaftStorageDirectory (RaftStorageDirectory.java:analyzeStorage(246)) - The storage directory /workdir/hadoop-ozone/tools/target/test-dir/MiniOzoneClusterImpl-4661be70-4e3d-459f-9aa3-197b2cf720b3/datanode-2/data/ratis/04fdb449-f65f-40d6-8b32-bda639393a09 does not exist. Creating ...
2019-11-06 14:58:42,085 [pool-27-thread-1] INFO  storage.RaftStorageDirectory (RaftStorageDirectory.java:tryLock(328)) - Lock on /workdir/hadoop-ozone/tools/target/test-dir/MiniOzoneClusterImpl-4661be70-4e3d-459f-9aa3-197b2cf720b3/datanode-0/data/ratis/04fdb449-f65f-40d6-8b32-bda639393a09/in_use.lock acquired by nodename 27231@pr-hdds-2034-kzwt9-1771795315
2019-11-06 14:58:42,086 [pool-37-thread-1] INFO  storage.RaftStorageDirectory (RaftStorageDirectory.java:tryLock(328)) - Lock on /workdir/hadoop-ozone/tools/target/test-dir/MiniOzoneClusterImpl-4661be70-4e3d-459f-9aa3-197b2cf720b3/datanode-1/data/ratis/04fdb449-f65f-40d6-8b32-bda639393a09/in_use.lock acquired by nodename 27231@pr-hdds-2034-kzwt9-1771795315
2019-11-06 14:58:42,086 [pool-47-thread-1] INFO  storage.RaftStorageDirectory (RaftStorageDirectory.java:tryLock(328)) - Lock on /workdir/hadoop-ozone/tools/target/test-dir/MiniOzoneClusterImpl-4661be70-4e3d-459f-9aa3-197b2cf720b3/datanode-2/data/ratis/04fdb449-f65f-40d6-8b32-bda639393a09/in_use.lock acquired by nodename 27231@pr-hdds-2034-kzwt9-1771795315
2019-11-06 14:58:42,098 [pool-37-thread-1] INFO  storage.RaftStorage (RaftStorage.java:format(84)) - Storage directory /workdir/hadoop-ozone/tools/target/test-dir/MiniOzoneClusterImpl-4661be70-4e3d-459f-9aa3-197b2cf720b3/datanode-1/data/ratis/04fdb449-f65f-40d6-8b32-bda639393a09 has been successfully formatted.
2019-11-06 14:58:42,098 [pool-47-thread-1] INFO  storage.RaftStorage (RaftStorage.java:format(84)) - Storage directory /workdir/hadoop-ozone/tools/target/test-dir/MiniOzoneClusterImpl-4661be70-4e3d-459f-9aa3-197b2cf720b3/datanode-2/data/ratis/04fdb449-f65f-40d6-8b32-bda639393a09 has been successfully formatted.
2019-11-06 14:58:42,098 [pool-27-thread-1] INFO  storage.RaftStorage (RaftStorage.java:format(84)) - Storage directory /workdir/hadoop-ozone/tools/target/test-dir/MiniOzoneClusterImpl-4661be70-4e3d-459f-9aa3-197b2cf720b3/datanode-0/data/ratis/04fdb449-f65f-40d6-8b32-bda639393a09 has been successfully formatted.
2019-11-06 14:58:42,098 [pool-37-thread-1] INFO  ratis.ContainerStateMachine (ContainerStateMachine.java:loadSnapshot(222)) - group-BDA639393A09: The snapshot info is null. Setting the last applied indexto:(t:0, i:~)
2019-11-06 14:58:42,098 [pool-47-thread-1] INFO  ratis.ContainerStateMachine (ContainerStateMachine.java:loadSnapshot(222)) - group-BDA639393A09: The snapshot info is null. Setting the last applied indexto:(t:0, i:~)
2019-11-06 14:58:42,098 [pool-27-thread-1] INFO  ratis.ContainerStateMachine (ContainerStateMachine.java:loadSnapshot(222)) - group-BDA639393A09: The snapshot info is null. Setting the last applied indexto:(t:0, i:~)
2019-11-06 14:58:42,099 [pool-47-thread-1] INFO  server.RaftServerConfigKeys (ConfUtils.java:logGet(43)) - raft.server.notification.no-leader.timeout = 120s (custom)
2019-11-06 14:58:42,098 [pool-37-thread-1] INFO  server.RaftServerConfigKeys (ConfUtils.java:logGet(43)) - raft.server.notification.no-leader.timeout = 120s (custom)
2019-11-06 14:58:42,099 [pool-47-thread-1] INFO  server.RaftServerConfigKeys (ConfUtils.java:logGet(43)) - raft.server.log.use.memory = false (default)
2019-11-06 14:58:42,099 [pool-27-thread-1] INFO  server.RaftServerConfigKeys (ConfUtils.java:logGet(43)) - raft.server.notification.no-leader.timeout = 120s (custom)
2019-11-06 14:58:42,099 [pool-47-thread-1] INFO  server.RaftServerConfigKeys (ConfUtils.java:logGet(43)) - raft.server.log.purge.gap = 1000000 (custom)
2019-11-06 14:58:42,099 [pool-37-thread-1] INFO  server.RaftServerConfigKeys (ConfUtils.java:logGet(43)) - raft.server.log.use.memory = false (default)
2019-11-06 14:58:42,099 [pool-47-thread-1] INFO  server.RaftServerConfigKeys (ConfUtils.java:logGet(43)) - raft.server.log.appender.buffer.byte-limit = 33554432 (custom)
2019-11-06 14:58:42,099 [pool-27-thread-1] INFO  server.RaftServerConfigKeys (ConfUtils.java:logGet(43)) - raft.server.log.use.memory = false (default)
2019-11-06 14:58:42,100 [pool-47-thread-1] INFO  server.RaftServerConfigKeys (ConfUtils.java:logGet(43)) - raft.server.log.segment.size.max = 1048576 (custom)
2019-11-06 14:58:42,099 [pool-37-thread-1] INFO  server.RaftServerConfigKeys (ConfUtils.java:logGet(43)) - raft.server.log.purge.gap = 1000000 (custom)
2019-11-06 14:58:42,100 [pool-47-thread-1] INFO  server.RaftServerConfigKeys (ConfUtils.java:logGet(43)) - raft.server.log.segment.cache.num.max = 2 (custom)
2019-11-06 14:58:42,100 [pool-27-thread-1] INFO  server.RaftServerConfigKeys (ConfUtils.java:logGet(43)) - raft.server.log.purge.gap = 1000000 (custom)
2019-11-06 14:58:42,100 [pool-47-thread-1] INFO  segmented.SegmentedRaftLogWorker (SegmentedRaftLogWorker.java:<init>(173)) - new f1fe5ac3-bd32-402e-9f50-fd9ae13bec7d@group-BDA639393A09-SegmentedRaftLogWorker for RaftStorage:Storage Directory /workdir/hadoop-ozone/tools/target/test-dir/MiniOzoneClusterImpl-4661be70-4e3d-459f-9aa3-197b2cf720b3/datanode-2/data/ratis/04fdb449-f65f-40d6-8b32-bda639393a09
2019-11-06 14:58:42,100 [pool-37-thread-1] INFO  server.RaftServerConfigKeys (ConfUtils.java:logGet(43)) - raft.server.log.appender.buffer.byte-limit = 33554432 (custom)
2019-11-06 14:58:42,100 [pool-47-thread-1] INFO  server.RaftServerConfigKeys (ConfUtils.java:logGet(43)) - raft.server.log.queue.byte-limit = 2147483647 (custom)
2019-11-06 14:58:42,100 [pool-27-thread-1] INFO  server.RaftServerConfigKeys (ConfUtils.java:logGet(43)) - raft.server.log.appender.buffer.byte-limit = 33554432 (custom)
2019-11-06 14:58:42,100 [pool-47-thread-1] INFO  server.RaftServerConfigKeys (ConfUtils.java:logGet(43)) - raft.server.log.queue.element-limit = 1024 (custom)
2019-11-06 14:58:42,100 [pool-37-thread-1] INFO  server.RaftServerConfigKeys (ConfUtils.java:logGet(43)) - raft.server.log.segment.size.max = 1048576 (custom)
2019-11-06 14:58:42,101 [pool-47-thread-1] INFO  server.RaftServerConfigKeys (ConfUtils.java:logGet(43)) - raft.server.log.segment.size.max = 1048576 (custom)
2019-11-06 14:58:42,101 [pool-27-thread-1] INFO  server.RaftServerConfigKeys (ConfUtils.java:logGet(43)) - raft.server.log.segment.size.max = 1048576 (custom)
2019-11-06 14:58:42,101 [pool-47-thread-1] INFO  server.RaftServerConfigKeys (ConfUtils.java:logGet(43)) - raft.server.log.preallocated.size = 16384 (custom)
2019-11-06 14:58:42,101 [pool-37-thread-1] INFO  server.RaftServerConfigKeys (ConfUtils.java:logGet(43)) - raft.server.log.segment.cache.num.max = 2 (custom)
2019-11-06 14:58:42,101 [pool-47-thread-1] INFO  server.RaftServerConfigKeys (ConfUtils.java:logGet(43)) - raft.server.log.write.buffer.size = 33554432 (custom)
2019-11-06 14:58:42,101 [pool-27-thread-1] INFO  server.RaftServerConfigKeys (ConfUtils.java:logGet(43)) - raft.server.log.segment.cache.num.max = 2 (custom)
2019-11-06 14:58:42,101 [pool-47-thread-1] INFO  server.RaftServerConfigKeys (ConfUtils.java:logGet(43)) - raft.server.log.force.sync.num = 128 (default)
2019-11-06 14:58:42,101 [pool-37-thread-1] INFO  segmented.SegmentedRaftLogWorker (SegmentedRaftLogWorker.java:<init>(173)) - new d0f6f4b4-0f66-48e7-8ad4-e312f8c6983b@group-BDA639393A09-SegmentedRaftLogWorker for RaftStorage:Storage Directory /workdir/hadoop-ozone/tools/target/test-dir/MiniOzoneClusterImpl-4661be70-4e3d-459f-9aa3-197b2cf720b3/datanode-1/data/ratis/04fdb449-f65f-40d6-8b32-bda639393a09
2019-11-06 14:58:42,102 [pool-47-thread-1] INFO  server.RaftServerConfigKeys (ConfUtils.java:logGet(43)) - raft.server.log.statemachine.data.sync = true (default)
2019-11-06 14:58:42,102 [pool-27-thread-1] INFO  segmented.SegmentedRaftLogWorker (SegmentedRaftLogWorker.java:<init>(173)) - new 89180557-9220-4947-93f7-5e558f12b698@group-BDA639393A09-SegmentedRaftLogWorker for RaftStorage:Storage Directory /workdir/hadoop-ozone/tools/target/test-dir/MiniOzoneClusterImpl-4661be70-4e3d-459f-9aa3-197b2cf720b3/datanode-0/data/ratis/04fdb449-f65f-40d6-8b32-bda639393a09
2019-11-06 14:58:42,102 [pool-47-thread-1] INFO  server.RaftServerConfigKeys (ConfUtils.java:logGet(43)) - raft.server.log.statemachine.data.sync.timeout = 10s (default)
2019-11-06 14:58:42,102 [pool-37-thread-1] INFO  server.RaftServerConfigKeys (ConfUtils.java:logGet(43)) - raft.server.log.queue.byte-limit = 2147483647 (custom)
2019-11-06 14:58:42,102 [pool-47-thread-1] INFO  server.RaftServerConfigKeys (ConfUtils.java:logGet(43)) - raft.server.log.statemachine.data.sync.timeout.retry = -1 (default)
2019-11-06 14:58:42,102 [pool-27-thread-1] INFO  server.RaftServerConfigKeys (ConfUtils.java:logGet(43)) - raft.server.log.queue.byte-limit = 2147483647 (custom)
2019-11-06 14:58:42,103 [pool-47-thread-1] INFO  server.RaftServerConfigKeys (ConfUtils.java:logGet(43)) - raft.server.log.statemachine.data.caching.enabled = true (custom)
2019-11-06 14:58:42,102 [pool-37-thread-1] INFO  server.RaftServerConfigKeys (ConfUtils.java:logGet(43)) - raft.server.log.queue.element-limit = 1024 (custom)
2019-11-06 14:58:42,103 [pool-27-thread-1] INFO  server.RaftServerConfigKeys (ConfUtils.java:logGet(43)) - raft.server.log.queue.element-limit = 1024 (custom)
2019-11-06 14:58:42,103 [pool-37-thread-1] INFO  server.RaftServerConfigKeys (ConfUtils.java:logGet(43)) - raft.server.log.segment.size.max = 1048576 (custom)
2019-11-06 14:58:42,103 [pool-47-thread-1] INFO  segmented.SegmentedRaftLogWorker (SegmentedRaftLogWorker.java:lambda$new$0(128)) - f1fe5ac3-bd32-402e-9f50-fd9ae13bec7d@group-BDA639393A09-SegmentedRaftLogWorker: flushIndex: setUnconditionally 0 -> -1
2019-11-06 14:58:42,103 [pool-27-thread-1] INFO  server.RaftServerConfigKeys (ConfUtils.java:logGet(43)) - raft.server.log.segment.size.max = 1048576 (custom)
2019-11-06 14:58:42,103 [pool-37-thread-1] INFO  server.RaftServerConfigKeys (ConfUtils.java:logGet(43)) - raft.server.log.preallocated.size = 16384 (custom)
2019-11-06 14:58:42,103 [pool-47-thread-1] INFO  server.RaftServerConfigKeys (ConfUtils.java:logGet(43)) - raft.server.snapshot.auto.trigger.enabled = true (custom)
2019-11-06 14:58:42,103 [pool-27-thread-1] INFO  server.RaftServerConfigKeys (ConfUtils.java:logGet(43)) - raft.server.log.preallocated.size = 16384 (custom)
2019-11-06 14:58:42,104 [pool-47-thread-1] INFO  server.RaftServerConfigKeys (ConfUtils.java:logGet(43)) - raft.server.snapshot.auto.trigger.threshold = 10000 (custom)
2019-11-06 14:58:42,103 [pool-37-thread-1] INFO  server.RaftServerConfigKeys (ConfUtils.java:logGet(43)) - raft.server.log.write.buffer.size = 33554432 (custom)
2019-11-06 14:58:42,104 [pool-47-thread-1] INFO  server.RaftServerConfigKeys (ConfUtils.java:logGet(43)) - raft.server.snapshot.retention.file.num = 5 (custom)
2019-11-06 14:58:42,104 [pool-27-thread-1] INFO  server.RaftServerConfigKeys (ConfUtils.java:logGet(43)) - raft.server.log.write.buffer.size = 33554432 (custom)
2019-11-06 14:58:42,104 [pool-37-thread-1] INFO  server.RaftServerConfigKeys (ConfUtils.java:logGet(43)) - raft.server.log.force.sync.num = 128 (default)
2019-11-06 14:58:42,104 [pool-47-thread-1] INFO  server.RaftServerConfigKeys (ConfUtils.java:logGet(43)) - raft.server.retrycache.expirytime = 600000ms (custom)
2019-11-06 14:58:42,104 [pool-27-thread-1] INFO  server.RaftServerConfigKeys (ConfUtils.java:logGet(43)) - raft.server.log.force.sync.num = 128 (default)
2019-11-06 14:58:42,104 [pool-37-thread-1] INFO  server.RaftServerConfigKeys (ConfUtils.java:logGet(43)) - raft.server.log.statemachine.data.sync = true (default)
2019-11-06 14:58:42,105 [pool-47-thread-1] WARN  impl.MetricRegistriesImpl (MetricRegistriesImpl.java:lambda$create$1(61)) - First MetricRegistry has been created without registering reporters. You may need to call MetricRegistries.global().addReportRegistration(...) before.
2019-11-06 14:58:42,105 [pool-27-thread-1] INFO  server.RaftServerConfigKeys (ConfUtils.java:logGet(43)) - raft.server.log.statemachine.data.sync = true (default)
2019-11-06 14:58:42,105 [pool-47-thread-1] WARN  impl.MetricRegistriesImpl (MetricRegistriesImpl.java:lambda$create$1(61)) - First MetricRegistry has been created without registering reporters. You may need to call MetricRegistries.global().addReportRegistration(...) before.
2019-11-06 14:58:42,105 [pool-37-thread-1] INFO  server.RaftServerConfigKeys (ConfUtils.java:logGet(43)) - raft.server.log.statemachine.data.sync.timeout = 10s (default)
2019-11-06 14:58:42,105 [pool-27-thread-1] INFO  server.RaftServerConfigKeys (ConfUtils.java:logGet(43)) - raft.server.log.statemachine.data.sync.timeout = 10s (default)
2019-11-06 14:58:42,105 [pool-47-thread-1] INFO  impl.RaftServerImpl (RaftServerImpl.java:start(184)) - f1fe5ac3-bd32-402e-9f50-fd9ae13bec7d@group-BDA639393A09: start as a follower, conf=-1: [d0f6f4b4-0f66-48e7-8ad4-e312f8c6983b:192.168.34.45:45961, f1fe5ac3-bd32-402e-9f50-fd9ae13bec7d:192.168.34.45:40801, 89180557-9220-4947-93f7-5e558f12b698:192.168.34.45:46454], old=null
2019-11-06 14:58:42,105 [pool-37-thread-1] INFO  server.RaftServerConfigKeys (ConfUtils.java:logGet(43)) - raft.server.log.statemachine.data.sync.timeout.retry = -1 (default)
2019-11-06 14:58:42,105 [pool-47-thread-1] INFO  impl.RaftServerImpl (RaftServerImpl.java:setRole(173)) - f1fe5ac3-bd32-402e-9f50-fd9ae13bec7d@group-BDA639393A09: changes role from      null to FOLLOWER at term 0 for startAsFollower
2019-11-06 14:58:42,105 [pool-27-thread-1] INFO  server.RaftServerConfigKeys (ConfUtils.java:logGet(43)) - raft.server.log.statemachine.data.sync.timeout.retry = -1 (default)
2019-11-06 14:58:42,106 [pool-47-thread-1] INFO  impl.RoleInfo (RoleInfo.java:updateAndGet(143)) - f1fe5ac3-bd32-402e-9f50-fd9ae13bec7d: start FollowerState
2019-11-06 14:58:42,106 [pool-37-thread-1] INFO  server.RaftServerConfigKeys (ConfUtils.java:logGet(43)) - raft.server.log.statemachine.data.caching.enabled = true (custom)
2019-11-06 14:58:42,106 [pool-27-thread-1] INFO  server.RaftServerConfigKeys (ConfUtils.java:logGet(43)) - raft.server.log.statemachine.data.caching.enabled = true (custom)
2019-11-06 14:58:42,106 [pool-37-thread-1] INFO  segmented.SegmentedRaftLogWorker (SegmentedRaftLogWorker.java:lambda$new$0(128)) - d0f6f4b4-0f66-48e7-8ad4-e312f8c6983b@group-BDA639393A09-SegmentedRaftLogWorker: flushIndex: setUnconditionally 0 -> -1
2019-11-06 14:58:42,106 [pool-47-thread-1] INFO  util.JmxRegister (JmxRegister.java:tryRegister(44)) - Successfully registered JMX Bean with object name Ratis:service=RaftServer,group=group-BDA639393A09,id=f1fe5ac3-bd32-402e-9f50-fd9ae13bec7d
2019-11-06 14:58:42,106 [pool-27-thread-1] INFO  segmented.SegmentedRaftLogWorker (SegmentedRaftLogWorker.java:lambda$new$0(128)) - 89180557-9220-4947-93f7-5e558f12b698@group-BDA639393A09-SegmentedRaftLogWorker: flushIndex: setUnconditionally 0 -> -1
2019-11-06 14:58:42,107 [pool-37-thread-1] INFO  server.RaftServerConfigKeys (ConfUtils.java:logGet(43)) - raft.server.snapshot.auto.trigger.enabled = true (custom)
2019-11-06 14:58:42,107 [pool-47-thread-1] WARN  impl.MetricRegistriesImpl (MetricRegistriesImpl.java:lambda$create$1(61)) - First MetricRegistry has been created without registering reporters. You may need to call MetricRegistries.global().addReportRegistration(...) before.
2019-11-06 14:58:42,107 [pool-37-thread-1] INFO  server.RaftServerConfigKeys (ConfUtils.java:logGet(43)) - raft.server.snapshot.auto.trigger.threshold = 10000 (custom)
2019-11-06 14:58:42,107 [pool-27-thread-1] INFO  server.RaftServerConfigKeys (ConfUtils.java:logGet(43)) - raft.server.snapshot.auto.trigger.enabled = true (custom)
2019-11-06 14:58:42,107 [pool-37-thread-1] INFO  server.RaftServerConfigKeys (ConfUtils.java:logGet(43)) - raft.server.snapshot.retention.file.num = 5 (custom)
2019-11-06 14:58:42,107 [pool-27-thread-1] INFO  server.RaftServerConfigKeys (ConfUtils.java:logGet(43)) - raft.server.snapshot.auto.trigger.threshold = 10000 (custom)
2019-11-06 14:58:42,107 [Command processor thread] INFO  commandhandler.CreatePipelineCommandHandler (CreatePipelineCommandHandler.java:handle(86)) - Create Pipeline RATIS THREE #id: "04fdb449-f65f-40d6-8b32-bda639393a09"
 command succeed on datanode f1fe5ac3-bd32-402e-9f50-fd9ae13bec7d.
2019-11-06 14:58:42,107 [pool-37-thread-1] INFO  server.RaftServerConfigKeys (ConfUtils.java:logGet(43)) - raft.server.retrycache.expirytime = 600000ms (custom)
2019-11-06 14:58:42,107 [pool-27-thread-1] INFO  server.RaftServerConfigKeys (ConfUtils.java:logGet(43)) - raft.server.snapshot.retention.file.num = 5 (custom)
2019-11-06 14:58:42,108 [pool-37-thread-1] WARN  impl.MetricRegistriesImpl (MetricRegistriesImpl.java:lambda$create$1(61)) - First MetricRegistry has been created without registering reporters. You may need to call MetricRegistries.global().addReportRegistration(...) before.
2019-11-06 14:58:42,108 [pool-27-thread-1] INFO  server.RaftServerConfigKeys (ConfUtils.java:logGet(43)) - raft.server.retrycache.expirytime = 600000ms (custom)
2019-11-06 14:58:42,108 [pool-37-thread-1] WARN  impl.MetricRegistriesImpl (MetricRegistriesImpl.java:lambda$create$1(61)) - First MetricRegistry has been created without registering reporters. You may need to call MetricRegistries.global().addReportRegistration(...) before.
2019-11-06 14:58:42,108 [pool-27-thread-1] WARN  impl.MetricRegistriesImpl (MetricRegistriesImpl.java:lambda$create$1(61)) - First MetricRegistry has been created without registering reporters. You may need to call MetricRegistries.global().addReportRegistration(...) before.
2019-11-06 14:58:42,108 [pool-27-thread-1] WARN  impl.MetricRegistriesImpl (MetricRegistriesImpl.java:lambda$create$1(61)) - First MetricRegistry has been created without registering reporters. You may need to call MetricRegistries.global().addReportRegistration(...) before.
2019-11-06 14:58:42,108 [pool-37-thread-1] INFO  impl.RaftServerImpl (RaftServerImpl.java:start(184)) - d0f6f4b4-0f66-48e7-8ad4-e312f8c6983b@group-BDA639393A09: start as a follower, conf=-1: [d0f6f4b4-0f66-48e7-8ad4-e312f8c6983b:192.168.34.45:45961, f1fe5ac3-bd32-402e-9f50-fd9ae13bec7d:192.168.34.45:40801, 89180557-9220-4947-93f7-5e558f12b698:192.168.34.45:46454], old=null
2019-11-06 14:58:42,108 [pool-27-thread-1] INFO  impl.RaftServerImpl (RaftServerImpl.java:start(184)) - 89180557-9220-4947-93f7-5e558f12b698@group-BDA639393A09: start as a follower, conf=-1: [d0f6f4b4-0f66-48e7-8ad4-e312f8c6983b:192.168.34.45:45961, f1fe5ac3-bd32-402e-9f50-fd9ae13bec7d:192.168.34.45:40801, 89180557-9220-4947-93f7-5e558f12b698:192.168.34.45:46454], old=null
2019-11-06 14:58:42,108 [pool-37-thread-1] INFO  impl.RaftServerImpl (RaftServerImpl.java:setRole(173)) - d0f6f4b4-0f66-48e7-8ad4-e312f8c6983b@group-BDA639393A09: changes role from      null to FOLLOWER at term 0 for startAsFollower
2019-11-06 14:58:42,108 [pool-27-thread-1] INFO  impl.RaftServerImpl (RaftServerImpl.java:setRole(173)) - 89180557-9220-4947-93f7-5e558f12b698@group-BDA639393A09: changes role from      null to FOLLOWER at term 0 for startAsFollower
2019-11-06 14:58:42,109 [pool-37-thread-1] INFO  impl.RoleInfo (RoleInfo.java:updateAndGet(143)) - d0f6f4b4-0f66-48e7-8ad4-e312f8c6983b: start FollowerState
2019-11-06 14:58:42,109 [pool-27-thread-1] INFO  impl.RoleInfo (RoleInfo.java:updateAndGet(143)) - 89180557-9220-4947-93f7-5e558f12b698: start FollowerState
2019-11-06 14:58:42,109 [EventQueue-PipelineReportForPipelineReportHandler] INFO  pipeline.PipelineReportHandler (PipelineReportHandler.java:processPipelineReport(104)) - Pipeline THREE PipelineID=04fdb449-f65f-40d6-8b32-bda639393a09 reported by f1fe5ac3-bd32-402e-9f50-fd9ae13bec7d{ip: 192.168.34.45, host: pr-hdds-2034-kzwt9-1771795315, networkLocation: /default-rack, certSerialId: null}
2019-11-06 14:58:42,109 [pool-27-thread-1] INFO  util.JmxRegister (JmxRegister.java:tryRegister(44)) - Successfully registered JMX Bean with object name Ratis:service=RaftServer,group=group-BDA639393A09,id=89180557-9220-4947-93f7-5e558f12b698
2019-11-06 14:58:42,109 [pool-37-thread-1] INFO  util.JmxRegister (JmxRegister.java:tryRegister(44)) - Successfully registered JMX Bean with object name Ratis:service=RaftServer,group=group-BDA639393A09,id=d0f6f4b4-0f66-48e7-8ad4-e312f8c6983b
2019-11-06 14:58:42,109 [pool-27-thread-1] WARN  impl.MetricRegistriesImpl (MetricRegistriesImpl.java:lambda$create$1(61)) - First MetricRegistry has been created without registering reporters. You may need to call MetricRegistries.global().addReportRegistration(...) before.
2019-11-06 14:58:42,109 [pool-37-thread-1] WARN  impl.MetricRegistriesImpl (MetricRegistriesImpl.java:lambda$create$1(61)) - First MetricRegistry has been created without registering reporters. You may need to call MetricRegistries.global().addReportRegistration(...) before.
2019-11-06 14:58:42,110 [Command processor thread] INFO  commandhandler.CreatePipelineCommandHandler (CreatePipelineCommandHandler.java:handle(86)) - Create Pipeline RATIS THREE #id: "04fdb449-f65f-40d6-8b32-bda639393a09"
 command succeed on datanode 89180557-9220-4947-93f7-5e558f12b698.
2019-11-06 14:58:42,110 [Command processor thread] INFO  commandhandler.CreatePipelineCommandHandler (CreatePipelineCommandHandler.java:handle(86)) - Create Pipeline RATIS THREE #id: "04fdb449-f65f-40d6-8b32-bda639393a09"
 command succeed on datanode d0f6f4b4-0f66-48e7-8ad4-e312f8c6983b.
2019-11-06 14:58:42,111 [EventQueue-PipelineReportForPipelineReportHandler] INFO  pipeline.PipelineReportHandler (PipelineReportHandler.java:processPipelineReport(104)) - Pipeline THREE PipelineID=04fdb449-f65f-40d6-8b32-bda639393a09 reported by 89180557-9220-4947-93f7-5e558f12b698{ip: 192.168.34.45, host: pr-hdds-2034-kzwt9-1771795315, networkLocation: /default-rack, certSerialId: null}
2019-11-06 14:58:42,111 [EventQueue-PipelineReportForPipelineReportHandler] INFO  pipeline.PipelineReportHandler (PipelineReportHandler.java:processPipelineReport(104)) - Pipeline THREE PipelineID=04fdb449-f65f-40d6-8b32-bda639393a09 reported by d0f6f4b4-0f66-48e7-8ad4-e312f8c6983b{ip: 192.168.34.45, host: pr-hdds-2034-kzwt9-1771795315, networkLocation: /default-rack, certSerialId: null}
2019-11-06 14:58:42,111 [EventQueue-PipelineReportForPipelineReportHandler] INFO  pipeline.PipelineStateManager (PipelineStateManager.java:openPipeline(134)) - Pipeline Pipeline[ Id: 04fdb449-f65f-40d6-8b32-bda639393a09, Nodes: 89180557-9220-4947-93f7-5e558f12b698{ip: 192.168.34.45, host: pr-hdds-2034-kzwt9-1771795315, networkLocation: /default-rack, certSerialId: null}d0f6f4b4-0f66-48e7-8ad4-e312f8c6983b{ip: 192.168.34.45, host: pr-hdds-2034-kzwt9-1771795315, networkLocation: /default-rack, certSerialId: null}f1fe5ac3-bd32-402e-9f50-fd9ae13bec7d{ip: 192.168.34.45, host: pr-hdds-2034-kzwt9-1771795315, networkLocation: /default-rack, certSerialId: null}, Type:RATIS, Factor:THREE, State:ALLOCATED] moved to OPEN state
 0.00% |?                                                                                                    |  0/1 Time: 0:00:01 0.00% |?                                                                                                    |  0/1 Time: 0:00:02 0.00% |?                                                                                                    |  0/1 Time: 0:00:03 0.00% |?                                                                                                    |  0/1 Time: 0:00:04 100.00% |?????????????????????????????????????????????????????????????????????????????????????????????????????|  1/1 Time: 0:00:05
2019-11-06 14:58:47,137 [Thread-472] INFO  impl.FollowerState (FollowerState.java:run(111)) - d0f6f4b4-0f66-48e7-8ad4-e312f8c6983b@group-BDA639393A09-FollowerState: change to CANDIDATE, lastRpcTime:5028ms, electionTimeout:5028ms
2019-11-06 14:58:47,138 [Thread-472] INFO  impl.RoleInfo (RoleInfo.java:shutdownFollowerState(121)) - d0f6f4b4-0f66-48e7-8ad4-e312f8c6983b: shutdown FollowerState
2019-11-06 14:58:47,139 [Thread-472] INFO  impl.RaftServerImpl (RaftServerImpl.java:setRole(173)) - d0f6f4b4-0f66-48e7-8ad4-e312f8c6983b@group-BDA639393A09: changes role from  FOLLOWER to CANDIDATE at term 0 for changeToCandidate
2019-11-06 14:58:47,139 [Thread-472] INFO  impl.RoleInfo (RoleInfo.java:updateAndGet(143)) - d0f6f4b4-0f66-48e7-8ad4-e312f8c6983b: start LeaderElection
2019-11-06 14:58:47,152 [Thread-469] INFO  impl.FollowerState (FollowerState.java:run(111)) - f1fe5ac3-bd32-402e-9f50-fd9ae13bec7d@group-BDA639393A09-FollowerState: change to CANDIDATE, lastRpcTime:5045ms, electionTimeout:5045ms
2019-11-06 14:58:47,152 [Thread-469] INFO  impl.RoleInfo (RoleInfo.java:shutdownFollowerState(121)) - f1fe5ac3-bd32-402e-9f50-fd9ae13bec7d: shutdown FollowerState
2019-11-06 14:58:47,152 [Thread-469] INFO  impl.RaftServerImpl (RaftServerImpl.java:setRole(173)) - f1fe5ac3-bd32-402e-9f50-fd9ae13bec7d@group-BDA639393A09: changes role from  FOLLOWER to CANDIDATE at term 0 for changeToCandidate
2019-11-06 14:58:47,153 [Thread-469] INFO  impl.RoleInfo (RoleInfo.java:updateAndGet(143)) - f1fe5ac3-bd32-402e-9f50-fd9ae13bec7d: start LeaderElection
2019-11-06 14:58:47,170 [f1fe5ac3-bd32-402e-9f50-fd9ae13bec7d@group-BDA639393A09-LeaderElection9] INFO  impl.LeaderElection (LeaderElection.java:askForVotes(178)) - f1fe5ac3-bd32-402e-9f50-fd9ae13bec7d@group-BDA639393A09-LeaderElection9: begin an election at term 1 for -1: [d0f6f4b4-0f66-48e7-8ad4-e312f8c6983b:192.168.34.45:45961, f1fe5ac3-bd32-402e-9f50-fd9ae13bec7d:192.168.34.45:40801, 89180557-9220-4947-93f7-5e558f12b698:192.168.34.45:46454], old=null
2019-11-06 14:58:47,170 [d0f6f4b4-0f66-48e7-8ad4-e312f8c6983b@group-BDA639393A09-LeaderElection8] INFO  impl.LeaderElection (LeaderElection.java:askForVotes(178)) - d0f6f4b4-0f66-48e7-8ad4-e312f8c6983b@group-BDA639393A09-LeaderElection8: begin an election at term 1 for -1: [d0f6f4b4-0f66-48e7-8ad4-e312f8c6983b:192.168.34.45:45961, f1fe5ac3-bd32-402e-9f50-fd9ae13bec7d:192.168.34.45:40801, 89180557-9220-4947-93f7-5e558f12b698:192.168.34.45:46454], old=null
2019-11-06 14:58:47,186 [grpc-default-executor-3] INFO  impl.RaftServerImpl (RaftServerImpl.java:setRole(173)) - 89180557-9220-4947-93f7-5e558f12b698@group-BDA639393A09: changes role from  FOLLOWER to FOLLOWER at term 1 for recognizeCandidate:d0f6f4b4-0f66-48e7-8ad4-e312f8c6983b
2019-11-06 14:58:47,186 [grpc-default-executor-3] INFO  impl.RoleInfo (RoleInfo.java:shutdownFollowerState(121)) - 89180557-9220-4947-93f7-5e558f12b698: shutdown FollowerState
2019-11-06 14:58:47,186 [grpc-default-executor-3] INFO  impl.RoleInfo (RoleInfo.java:updateAndGet(143)) - 89180557-9220-4947-93f7-5e558f12b698: start FollowerState
2019-11-06 14:58:47,186 [Thread-473] INFO  impl.FollowerState (FollowerState.java:run(120)) - 89180557-9220-4947-93f7-5e558f12b698@group-BDA639393A09-FollowerState was interrupted: java.lang.InterruptedException: sleep interrupted
2019-11-06 14:58:47,206 [d0f6f4b4-0f66-48e7-8ad4-e312f8c6983b@group-BDA639393A09-LeaderElection8] INFO  impl.LeaderElection (LeaderElection.java:logAndReturn(56)) - d0f6f4b4-0f66-48e7-8ad4-e312f8c6983b@group-BDA639393A09-LeaderElection8: Election PASSED; received 2 response(s) [d0f6f4b4-0f66-48e7-8ad4-e312f8c6983b<-f1fe5ac3-bd32-402e-9f50-fd9ae13bec7d#0:FAIL-t1, d0f6f4b4-0f66-48e7-8ad4-e312f8c6983b<-89180557-9220-4947-93f7-5e558f12b698#0:OK-t1] and 0 exception(s); d0f6f4b4-0f66-48e7-8ad4-e312f8c6983b@group-BDA639393A09:t1, leader=null, voted=d0f6f4b4-0f66-48e7-8ad4-e312f8c6983b, raftlog=d0f6f4b4-0f66-48e7-8ad4-e312f8c6983b@group-BDA639393A09-SegmentedRaftLog:OPENED:c-1,f-1,i0, conf=-1: [d0f6f4b4-0f66-48e7-8ad4-e312f8c6983b:192.168.34.45:45961, f1fe5ac3-bd32-402e-9f50-fd9ae13bec7d:192.168.34.45:40801, 89180557-9220-4947-93f7-5e558f12b698:192.168.34.45:46454], old=null
2019-11-06 14:58:47,206 [d0f6f4b4-0f66-48e7-8ad4-e312f8c6983b@group-BDA639393A09-LeaderElection8] INFO  impl.RoleInfo (RoleInfo.java:shutdownLeaderElection(134)) - d0f6f4b4-0f66-48e7-8ad4-e312f8c6983b: shutdown LeaderElection
2019-11-06 14:58:47,206 [f1fe5ac3-bd32-402e-9f50-fd9ae13bec7d@group-BDA639393A09-LeaderElection9] INFO  impl.LeaderElection (LeaderElection.java:logAndReturn(56)) - f1fe5ac3-bd32-402e-9f50-fd9ae13bec7d@group-BDA639393A09-LeaderElection9: Election REJECTED; received 2 response(s) [f1fe5ac3-bd32-402e-9f50-fd9ae13bec7d<-d0f6f4b4-0f66-48e7-8ad4-e312f8c6983b#0:FAIL-t1, f1fe5ac3-bd32-402e-9f50-fd9ae13bec7d<-89180557-9220-4947-93f7-5e558f12b698#0:FAIL-t1] and 0 exception(s); f1fe5ac3-bd32-402e-9f50-fd9ae13bec7d@group-BDA639393A09:t1, leader=null, voted=f1fe5ac3-bd32-402e-9f50-fd9ae13bec7d, raftlog=f1fe5ac3-bd32-402e-9f50-fd9ae13bec7d@group-BDA639393A09-SegmentedRaftLog:OPENED:c-1,f-1,i0, conf=-1: [d0f6f4b4-0f66-48e7-8ad4-e312f8c6983b:192.168.34.45:45961, f1fe5ac3-bd32-402e-9f50-fd9ae13bec7d:192.168.34.45:40801, 89180557-9220-4947-93f7-5e558f12b698:192.168.34.45:46454], old=null
2019-11-06 14:58:47,207 [d0f6f4b4-0f66-48e7-8ad4-e312f8c6983b@group-BDA639393A09-LeaderElection8] INFO  impl.RaftServerImpl (RaftServerImpl.java:setRole(173)) - d0f6f4b4-0f66-48e7-8ad4-e312f8c6983b@group-BDA639393A09: changes role from CANDIDATE to LEADER at term 1 for changeToLeader
2019-11-06 14:58:47,207 [d0f6f4b4-0f66-48e7-8ad4-e312f8c6983b@group-BDA639393A09-LeaderElection8] INFO  impl.RaftServerImpl (ServerState.java:setLeader(255)) - d0f6f4b4-0f66-48e7-8ad4-e312f8c6983b@group-BDA639393A09: change Leader from null to d0f6f4b4-0f66-48e7-8ad4-e312f8c6983b at term 1 for becomeLeader, leader elected after 5109ms
2019-11-06 14:58:47,208 [f1fe5ac3-bd32-402e-9f50-fd9ae13bec7d@group-BDA639393A09-LeaderElection9] INFO  impl.RaftServerImpl (RaftServerImpl.java:setRole(173)) - f1fe5ac3-bd32-402e-9f50-fd9ae13bec7d@group-BDA639393A09: changes role from CANDIDATE to FOLLOWER at term 1 for DISCOVERED_A_NEW_TERM
2019-11-06 14:58:47,209 [f1fe5ac3-bd32-402e-9f50-fd9ae13bec7d@group-BDA639393A09-LeaderElection9] INFO  impl.RoleInfo (RoleInfo.java:shutdownLeaderElection(134)) - f1fe5ac3-bd32-402e-9f50-fd9ae13bec7d: shutdown LeaderElection
2019-11-06 14:58:47,209 [d0f6f4b4-0f66-48e7-8ad4-e312f8c6983b@group-BDA639393A09-LeaderElection8] INFO  server.RaftServerConfigKeys (ConfUtils.java:logGet(43)) - raft.server.staging.catchup.gap = 1000 (default)
2019-11-06 14:58:47,210 [f1fe5ac3-bd32-402e-9f50-fd9ae13bec7d@group-BDA639393A09-LeaderElection9] INFO  impl.RoleInfo (RoleInfo.java:updateAndGet(143)) - f1fe5ac3-bd32-402e-9f50-fd9ae13bec7d: start FollowerState
2019-11-06 14:58:47,210 [d0f6f4b4-0f66-48e7-8ad4-e312f8c6983b@group-BDA639393A09-LeaderElection8] INFO  server.RaftServerConfigKeys (ConfUtils.java:logGet(43)) - raft.server.rpc.sleep.time = 25ms (default)
2019-11-06 14:58:47,211 [d0f6f4b4-0f66-48e7-8ad4-e312f8c6983b@group-BDA639393A09-LeaderElection8] INFO  server.RaftServerConfigKeys (ConfUtils.java:logGet(43)) - raft.server.write.element-limit = 4096 (default)
2019-11-06 14:58:47,211 [d0f6f4b4-0f66-48e7-8ad4-e312f8c6983b@group-BDA639393A09-LeaderElection8] INFO  server.RaftServerConfigKeys (ConfUtils.java:logGet(43)) - raft.server.watch.timeout = 10s (default)
2019-11-06 14:58:47,211 [d0f6f4b4-0f66-48e7-8ad4-e312f8c6983b@group-BDA639393A09-LeaderElection8] INFO  server.RaftServerConfigKeys (ConfUtils.java:logGet(43)) - raft.server.watch.timeout.denomination = 1s (default)
2019-11-06 14:58:47,211 [d0f6f4b4-0f66-48e7-8ad4-e312f8c6983b@group-BDA639393A09-LeaderElection8] INFO  server.RaftServerConfigKeys (ConfUtils.java:logGet(43)) - raft.server.watch.element-limit = 65536 (default)
2019-11-06 14:58:47,212 [d0f6f4b4-0f66-48e7-8ad4-e312f8c6983b@group-BDA639393A09-LeaderElection8] INFO  server.RaftServerConfigKeys (ConfUtils.java:logGet(43)) - raft.server.log.appender.snapshot.chunk.size.max = 16MB (=16777216) (default)
2019-11-06 14:58:47,212 [d0f6f4b4-0f66-48e7-8ad4-e312f8c6983b@group-BDA639393A09-LeaderElection8] INFO  server.RaftServerConfigKeys (ConfUtils.java:logGet(43)) - raft.server.log.appender.buffer.byte-limit = 33554432 (custom)
2019-11-06 14:58:47,212 [d0f6f4b4-0f66-48e7-8ad4-e312f8c6983b@group-BDA639393A09-LeaderElection8] INFO  server.RaftServerConfigKeys (ConfUtils.java:logGet(43)) - raft.server.log.appender.buffer.element-limit = 1 (custom)
2019-11-06 14:58:47,212 [d0f6f4b4-0f66-48e7-8ad4-e312f8c6983b@group-BDA639393A09-LeaderElection8] INFO  grpc.GrpcConfigKeys$Server (ConfUtils.java:logGet(43)) - raft.grpc.server.leader.outstanding.appends.max = 128 (default)
2019-11-06 14:58:47,212 [d0f6f4b4-0f66-48e7-8ad4-e312f8c6983b@group-BDA639393A09-LeaderElection8] INFO  server.RaftServerConfigKeys (ConfUtils.java:logGet(43)) - raft.server.rpc.request.timeout = 3000ms (default)
2019-11-06 14:58:47,213 [d0f6f4b4-0f66-48e7-8ad4-e312f8c6983b@group-BDA639393A09-LeaderElection8] INFO  server.RaftServerConfigKeys (ConfUtils.java:logGet(43)) - raft.server.log.appender.install.snapshot.enabled = false (custom)
2019-11-06 14:58:47,213 [d0f6f4b4-0f66-48e7-8ad4-e312f8c6983b@group-BDA639393A09-LeaderElection8] WARN  impl.MetricRegistriesImpl (MetricRegistriesImpl.java:lambda$create$1(61)) - First MetricRegistry has been created without registering reporters. You may need to call MetricRegistries.global().addReportRegistration(...) before.
2019-11-06 14:58:47,213 [d0f6f4b4-0f66-48e7-8ad4-e312f8c6983b@group-BDA639393A09-LeaderElection8] INFO  server.RaftServerConfigKeys (ConfUtils.java:logGet(43)) - raft.server.log.appender.snapshot.chunk.size.max = 16MB (=16777216) (default)
2019-11-06 14:58:47,213 [d0f6f4b4-0f66-48e7-8ad4-e312f8c6983b@group-BDA639393A09-LeaderElection8] INFO  server.RaftServerConfigKeys (ConfUtils.java:logGet(43)) - raft.server.log.appender.buffer.byte-limit = 33554432 (custom)
2019-11-06 14:58:47,213 [d0f6f4b4-0f66-48e7-8ad4-e312f8c6983b@group-BDA639393A09-LeaderElection8] INFO  server.RaftServerConfigKeys (ConfUtils.java:logGet(43)) - raft.server.log.appender.buffer.element-limit = 1 (custom)
2019-11-06 14:58:47,213 [d0f6f4b4-0f66-48e7-8ad4-e312f8c6983b@group-BDA639393A09-LeaderElection8] INFO  grpc.GrpcConfigKeys$Server (ConfUtils.java:logGet(43)) - raft.grpc.server.leader.outstanding.appends.max = 128 (default)
2019-11-06 14:58:47,214 [d0f6f4b4-0f66-48e7-8ad4-e312f8c6983b@group-BDA639393A09-LeaderElection8] INFO  server.RaftServerConfigKeys (ConfUtils.java:logGet(43)) - raft.server.rpc.request.timeout = 3000ms (default)
2019-11-06 14:58:47,214 [d0f6f4b4-0f66-48e7-8ad4-e312f8c6983b@group-BDA639393A09-LeaderElection8] INFO  server.RaftServerConfigKeys (ConfUtils.java:logGet(43)) - raft.server.log.appender.install.snapshot.enabled = false (custom)
2019-11-06 14:58:47,214 [d0f6f4b4-0f66-48e7-8ad4-e312f8c6983b@group-BDA639393A09-LeaderElection8] INFO  impl.RoleInfo (RoleInfo.java:updateAndGet(143)) - d0f6f4b4-0f66-48e7-8ad4-e312f8c6983b: start LeaderState
2019-11-06 14:58:47,214 [d0f6f4b4-0f66-48e7-8ad4-e312f8c6983b@group-BDA639393A09-LeaderElection8] INFO  segmented.SegmentedRaftLogWorker (SegmentedRaftLogWorker.java:startLogSegment(385)) - d0f6f4b4-0f66-48e7-8ad4-e312f8c6983b@group-BDA639393A09-SegmentedRaftLogWorker: Starting segment from index:0
2019-11-06 14:58:47,216 [d0f6f4b4-0f66-48e7-8ad4-e312f8c6983b@group-BDA639393A09-LeaderElection8] INFO  impl.RaftServerImpl (ServerState.java:setRaftConf(356)) - d0f6f4b4-0f66-48e7-8ad4-e312f8c6983b@group-BDA639393A09: set configuration 0: [d0f6f4b4-0f66-48e7-8ad4-e312f8c6983b:192.168.34.45:45961, f1fe5ac3-bd32-402e-9f50-fd9ae13bec7d:192.168.34.45:40801, 89180557-9220-4947-93f7-5e558f12b698:192.168.34.45:46454], old=null at 0
2019-11-06 14:58:47,247 [grpc-default-executor-3] INFO  impl.RaftServerImpl (ServerState.java:setLeader(255)) - 89180557-9220-4947-93f7-5e558f12b698@group-BDA639393A09: change Leader from null to d0f6f4b4-0f66-48e7-8ad4-e312f8c6983b at term 1 for appendEntries, leader elected after 5148ms
2019-11-06 14:58:47,247 [grpc-default-executor-5] INFO  impl.RaftServerImpl (ServerState.java:setLeader(255)) - f1fe5ac3-bd32-402e-9f50-fd9ae13bec7d@group-BDA639393A09: change Leader from null to d0f6f4b4-0f66-48e7-8ad4-e312f8c6983b at term 1 for appendEntries, leader elected after 5148ms
2019-11-06 14:58:47,250 [grpc-default-executor-3] INFO  impl.RaftServerImpl (ServerState.java:setRaftConf(356)) - 89180557-9220-4947-93f7-5e558f12b698@group-BDA639393A09: set configuration 0: [d0f6f4b4-0f66-48e7-8ad4-e312f8c6983b:192.168.34.45:45961, f1fe5ac3-bd32-402e-9f50-fd9ae13bec7d:192.168.34.45:40801, 89180557-9220-4947-93f7-5e558f12b698:192.168.34.45:46454], old=null at 0
2019-11-06 14:58:47,250 [grpc-default-executor-5] INFO  impl.RaftServerImpl (ServerState.java:setRaftConf(356)) - f1fe5ac3-bd32-402e-9f50-fd9ae13bec7d@group-BDA639393A09: set configuration 0: [d0f6f4b4-0f66-48e7-8ad4-e312f8c6983b:192.168.34.45:45961, f1fe5ac3-bd32-402e-9f50-fd9ae13bec7d:192.168.34.45:40801, 89180557-9220-4947-93f7-5e558f12b698:192.168.34.45:46454], old=null at 0
2019-11-06 14:58:47,250 [grpc-default-executor-3] INFO  segmented.SegmentedRaftLogWorker (SegmentedRaftLogWorker.java:startLogSegment(385)) - 89180557-9220-4947-93f7-5e558f12b698@group-BDA639393A09-SegmentedRaftLogWorker: Starting segment from index:0
2019-11-06 14:58:47,250 [grpc-default-executor-5] INFO  segmented.SegmentedRaftLogWorker (SegmentedRaftLogWorker.java:startLogSegment(385)) - f1fe5ac3-bd32-402e-9f50-fd9ae13bec7d@group-BDA639393A09-SegmentedRaftLogWorker: Starting segment from index:0
2019-11-06 14:58:47,269 [d0f6f4b4-0f66-48e7-8ad4-e312f8c6983b@group-BDA639393A09-SegmentedRaftLogWorker] INFO  segmented.SegmentedRaftLogWorker (SegmentedRaftLogWorker.java:execute(576)) - d0f6f4b4-0f66-48e7-8ad4-e312f8c6983b@group-BDA639393A09-SegmentedRaftLogWorker: created new log segment /workdir/hadoop-ozone/tools/target/test-dir/MiniOzoneClusterImpl-4661be70-4e3d-459f-9aa3-197b2cf720b3/datanode-1/data/ratis/04fdb449-f65f-40d6-8b32-bda639393a09/current/log_inprogress_0
2019-11-06 14:58:47,296 [89180557-9220-4947-93f7-5e558f12b698@group-BDA639393A09-SegmentedRaftLogWorker] INFO  segmented.SegmentedRaftLogWorker (SegmentedRaftLogWorker.java:execute(576)) - 89180557-9220-4947-93f7-5e558f12b698@group-BDA639393A09-SegmentedRaftLogWorker: created new log segment /workdir/hadoop-ozone/tools/target/test-dir/MiniOzoneClusterImpl-4661be70-4e3d-459f-9aa3-197b2cf720b3/datanode-0/data/ratis/04fdb449-f65f-40d6-8b32-bda639393a09/current/log_inprogress_0
2019-11-06 14:58:47,296 [f1fe5ac3-bd32-402e-9f50-fd9ae13bec7d@group-BDA639393A09-SegmentedRaftLogWorker] INFO  segmented.SegmentedRaftLogWorker (SegmentedRaftLogWorker.java:execute(576)) - f1fe5ac3-bd32-402e-9f50-fd9ae13bec7d@group-BDA639393A09-SegmentedRaftLogWorker: created new log segment /workdir/hadoop-ozone/tools/target/test-dir/MiniOzoneClusterImpl-4661be70-4e3d-459f-9aa3-197b2cf720b3/datanode-2/data/ratis/04fdb449-f65f-40d6-8b32-bda639393a09/current/log_inprogress_0
]]></system-out>
    <system-err><![CDATA[ERROR StatusLogger No Log4j 2 configuration file found. Using default configuration (logging only errors to the console), or user programmatically provided configurations. Set system property 'log4j2.debug' to show Log4j 2 internal initialization logging. See https://logging.apache.org/log4j/2.x/manual/configuration.html for instructions on how to configure Log4j 2
]]></system-err>
  </testcase>
</testsuite>