<?xml version="1.0" encoding="UTF-8"?>
<testsuite xmlns:xsi="http://www.w3.org/2001/XMLSchema-instance" xsi:noNamespaceSchemaLocation="https://maven.apache.org/surefire/maven-surefire-plugin/xsd/surefire-test-report.xsd" name="org.apache.hadoop.ozone.client.rpc.TestFailureHandlingByClient" time="287.885" tests="5" errors="0" skipped="0" failures="1">
  <properties>
    <property name="awt.toolkit" value="sun.awt.X11.XToolkit"/>
    <property name="file.encoding.pkg" value="sun.io"/>
    <property name="java.specification.version" value="1.8"/>
    <property name="sun.cpu.isalist" value=""/>
    <property name="sun.jnu.encoding" value="ANSI_X3.4-1968"/>
    <property name="java.class.path" value="/workdir/hadoop-ozone/integration-test/target/test-classes:/workdir/hadoop-ozone/integration-test/target/classes:/home/user/.m2/repository/org/apache/hadoop/hadoop-ozone-common/0.5.0-SNAPSHOT/hadoop-ozone-common-0.5.0-SNAPSHOT.jar:/home/user/.m2/repository/org/apache/commons/commons-compress/1.4.1/commons-compress-1.4.1.jar:/home/user/.m2/repository/org/tukaani/xz/1.0/xz-1.0.jar:/home/user/.m2/repository/org/apache/hadoop/hadoop-common/3.2.0/hadoop-common-3.2.0.jar:/home/user/.m2/repository/org/apache/hadoop/hadoop-hdfs/3.2.0/hadoop-hdfs-3.2.0.jar:/home/user/.m2/repository/org/apache/hadoop/hadoop-hdfs-client/3.2.0/hadoop-hdfs-client-3.2.0.jar:/home/user/.m2/repository/com/fasterxml/jackson/core/jackson-annotations/2.9.9/jackson-annotations-2.9.9.jar:/home/user/.m2/repository/org/apache/hadoop/hadoop-hdds-common/0.5.0-SNAPSHOT/hadoop-hdds-common-0.5.0-SNAPSHOT.jar:/home/user/.m2/repository/javax/annotation/javax.annotation-api/1.2/javax.annotation-api-1.2.jar:/home/user/.m2/repository/org/apache/ratis/ratis-server/0.5.0-d6d58d0-SNAPSHOT/ratis-server-0.5.0-d6d58d0-SNAPSHOT.jar:/home/user/.m2/repository/org/apache/ratis/ratis-thirdparty-misc/0.2.0/ratis-thirdparty-misc-0.2.0.jar:/home/user/.m2/repository/org/apache/ratis/ratis-proto/0.5.0-d6d58d0-SNAPSHOT/ratis-proto-0.5.0-d6d58d0-SNAPSHOT.jar:/home/user/.m2/repository/org/apache/ratis/ratis-common/0.5.0-d6d58d0-SNAPSHOT/ratis-common-0.5.0-d6d58d0-SNAPSHOT.jar:/home/user/.m2/repository/org/apache/ratis/ratis-client/0.5.0-d6d58d0-SNAPSHOT/ratis-client-0.5.0-d6d58d0-SNAPSHOT.jar:/home/user/.m2/repository/org/apache/ratis/ratis-metrics/0.5.0-d6d58d0-SNAPSHOT/ratis-metrics-0.5.0-d6d58d0-SNAPSHOT.jar:/home/user/.m2/repository/org/apache/ratis/ratis-netty/0.5.0-d6d58d0-SNAPSHOT/ratis-netty-0.5.0-d6d58d0-SNAPSHOT.jar:/home/user/.m2/repository/org/apache/ratis/ratis-grpc/0.5.0-d6d58d0-SNAPSHOT/ratis-grpc-0.5.0-d6d58d0-SNAPSHOT.jar:/home/user/.m2/repository/org/rocksdb/rocksdbjni/6.0.1/rocksdbjni-6.0.1.jar:/home/user/.m2/repository/org/apache/logging/log4j/log4j-api/2.11.0/log4j-api-2.11.0.jar:/home/user/.m2/repository/org/apache/logging/log4j/log4j-core/2.11.0/log4j-core-2.11.0.jar:/home/user/.m2/repository/com/lmax/disruptor/3.4.2/disruptor-3.4.2.jar:/home/user/.m2/repository/org/apache/commons/commons-pool2/2.6.0/commons-pool2-2.6.0.jar:/home/user/.m2/repository/org/bouncycastle/bcpkix-jdk15on/1.60/bcpkix-jdk15on-1.60.jar:/home/user/.m2/repository/commons-validator/commons-validator/1.6/commons-validator-1.6.jar:/home/user/.m2/repository/commons-digester/commons-digester/1.8.1/commons-digester-1.8.1.jar:/home/user/.m2/repository/io/jaegertracing/jaeger-client/0.34.0/jaeger-client-0.34.0.jar:/home/user/.m2/repository/io/jaegertracing/jaeger-thrift/0.34.0/jaeger-thrift-0.34.0.jar:/home/user/.m2/repository/org/apache/thrift/libthrift/0.12.0/libthrift-0.12.0.jar:/home/user/.m2/repository/com/squareup/okhttp3/okhttp/3.9.0/okhttp-3.9.0.jar:/home/user/.m2/repository/com/squareup/okio/okio/1.13.0/okio-1.13.0.jar:/home/user/.m2/repository/io/jaegertracing/jaeger-core/0.34.0/jaeger-core-0.34.0.jar:/home/user/.m2/repository/io/jaegertracing/jaeger-tracerresolver/0.34.0/jaeger-tracerresolver-0.34.0.jar:/home/user/.m2/repository/io/opentracing/contrib/opentracing-tracerresolver/0.1.5/opentracing-tracerresolver-0.1.5.jar:/home/user/.m2/repository/io/opentracing/opentracing-util/0.31.0/opentracing-util-0.31.0.jar:/home/user/.m2/repository/io/opentracing/opentracing-api/0.31.0/opentracing-api-0.31.0.jar:/home/user/.m2/repository/io/opentracing/opentracing-noop/0.31.0/opentracing-noop-0.31.0.jar:/home/user/.m2/repository/org/apache/hadoop/hadoop-hdds-server-framework/0.5.0-SNAPSHOT/hadoop-hdds-server-framework-0.5.0-SNAPSHOT.jar:/home/user/.m2/repository/org/apache/hadoop/hadoop-hdds-container-service/0.5.0-SNAPSHOT/hadoop-hdds-container-service-0.5.0-SNAPSHOT.jar:/home/user/.m2/repository/org/apache/hadoop/hadoop-hdds-client/0.5.0-SNAPSHOT/hadoop-hdds-client-0.5.0-SNAPSHOT.jar:/home/user/.m2/repository/org/apache/hadoop/hadoop-hdds-tools/0.5.0-SNAPSHOT/hadoop-hdds-tools-0.5.0-SNAPSHOT.jar:/home/user/.m2/repository/org/apache/hadoop/hadoop-hdds-server-scm/0.5.0-SNAPSHOT/hadoop-hdds-server-scm-0.5.0-SNAPSHOT.jar:/home/user/.m2/repository/org/apache/hadoop/hadoop-hdds-docs/0.5.0-SNAPSHOT/hadoop-hdds-docs-0.5.0-SNAPSHOT.jar:/home/user/.m2/repository/io/dropwizard/metrics/metrics-core/3.2.4/metrics-core-3.2.4.jar:/home/user/.m2/repository/org/hamcrest/hamcrest-all/1.3/hamcrest-all-1.3.jar:/home/user/.m2/repository/org/bouncycastle/bcprov-jdk15on/1.60/bcprov-jdk15on-1.60.jar:/home/user/.m2/repository/info/picocli/picocli/3.9.6/picocli-3.9.6.jar:/home/user/.m2/repository/com/google/protobuf/protobuf-java/2.5.0/protobuf-java-2.5.0.jar:/home/user/.m2/repository/com/google/guava/guava/11.0.2/guava-11.0.2.jar:/home/user/.m2/repository/org/apache/hadoop/hadoop-ozone-ozone-manager/0.5.0-SNAPSHOT/hadoop-ozone-ozone-manager-0.5.0-SNAPSHOT.jar:/home/user/.m2/repository/org/apache/hadoop/hadoop-minikdc/3.2.0/hadoop-minikdc-3.2.0.jar:/home/user/.m2/repository/commons-io/commons-io/2.5/commons-io-2.5.jar:/home/user/.m2/repository/org/apache/kerby/kerb-simplekdc/1.0.1/kerb-simplekdc-1.0.1.jar:/home/user/.m2/repository/org/apache/kerby/kerb-client/1.0.1/kerb-client-1.0.1.jar:/home/user/.m2/repository/org/apache/kerby/kerby-config/1.0.1/kerby-config-1.0.1.jar:/home/user/.m2/repository/org/apache/kerby/kerb-core/1.0.1/kerb-core-1.0.1.jar:/home/user/.m2/repository/org/apache/kerby/kerby-pkix/1.0.1/kerby-pkix-1.0.1.jar:/home/user/.m2/repository/org/apache/kerby/kerby-asn1/1.0.1/kerby-asn1-1.0.1.jar:/home/user/.m2/repository/org/apache/kerby/kerby-util/1.0.1/kerby-util-1.0.1.jar:/home/user/.m2/repository/org/apache/kerby/kerb-common/1.0.1/kerb-common-1.0.1.jar:/home/user/.m2/repository/org/apache/kerby/kerb-crypto/1.0.1/kerb-crypto-1.0.1.jar:/home/user/.m2/repository/org/apache/kerby/kerb-util/1.0.1/kerb-util-1.0.1.jar:/home/user/.m2/repository/org/apache/kerby/token-provider/1.0.1/token-provider-1.0.1.jar:/home/user/.m2/repository/org/apache/kerby/kerb-admin/1.0.1/kerb-admin-1.0.1.jar:/home/user/.m2/repository/org/apache/kerby/kerb-server/1.0.1/kerb-server-1.0.1.jar:/home/user/.m2/repository/org/apache/kerby/kerb-identity/1.0.1/kerb-identity-1.0.1.jar:/home/user/.m2/repository/org/apache/kerby/kerby-xdr/1.0.1/kerby-xdr-1.0.1.jar:/home/user/.m2/repository/org/slf4j/slf4j-log4j12/1.7.25/slf4j-log4j12-1.7.25.jar:/home/user/.m2/repository/org/apache/hadoop/hadoop-ozone-s3gateway/0.5.0-SNAPSHOT/hadoop-ozone-s3gateway-0.5.0-SNAPSHOT.jar:/home/user/.m2/repository/org/jboss/weld/servlet/weld-servlet/2.4.7.Final/weld-servlet-2.4.7.Final.jar:/home/user/.m2/repository/org/glassfish/jersey/containers/jersey-container-servlet-core/2.27/jersey-container-servlet-core-2.27.jar:/home/user/.m2/repository/org/glassfish/hk2/external/javax.inject/2.5.0-b42/javax.inject-2.5.0-b42.jar:/home/user/.m2/repository/org/glassfish/jersey/core/jersey-common/2.27/jersey-common-2.27.jar:/home/user/.m2/repository/org/glassfish/hk2/osgi-resource-locator/1.0.1/osgi-resource-locator-1.0.1.jar:/home/user/.m2/repository/javax/ws/rs/javax.ws.rs-api/2.1/javax.ws.rs-api-2.1.jar:/home/user/.m2/repository/org/glassfish/jersey/ext/cdi/jersey-cdi1x/2.27/jersey-cdi1x-2.27.jar:/home/user/.m2/repository/org/glassfish/jersey/inject/jersey-hk2/2.27/jersey-hk2-2.27.jar:/home/user/.m2/repository/org/glassfish/hk2/hk2-locator/2.5.0-b42/hk2-locator-2.5.0-b42.jar:/home/user/.m2/repository/org/javassist/javassist/3.22.0-CR2/javassist-3.22.0-CR2.jar:/home/user/.m2/repository/org/glassfish/hk2/hk2-api/2.5.0/hk2-api-2.5.0.jar:/home/user/.m2/repository/org/glassfish/hk2/external/jakarta.inject/2.5.0/jakarta.inject-2.5.0.jar:/home/user/.m2/repository/org/glassfish/hk2/hk2-utils/2.5.0/hk2-utils-2.5.0.jar:/home/user/.m2/repository/jakarta/annotation/jakarta.annotation-api/1.3.4/jakarta.annotation-api-1.3.4.jar:/home/user/.m2/repository/org/glassfish/hk2/external/aopalliance-repackaged/2.5.0/aopalliance-repackaged-2.5.0.jar:/home/user/.m2/repository/com/fasterxml/jackson/dataformat/jackson-dataformat-xml/2.9.0/jackson-dataformat-xml-2.9.0.jar:/home/user/.m2/repository/com/fasterxml/jackson/core/jackson-core/2.9.9/jackson-core-2.9.9.jar:/home/user/.m2/repository/com/fasterxml/jackson/module/jackson-module-jaxb-annotations/2.9.9/jackson-module-jaxb-annotations-2.9.9.jar:/home/user/.m2/repository/javax/enterprise/cdi-api/1.2/cdi-api-1.2.jar:/home/user/.m2/repository/javax/el/javax.el-api/3.0.0/javax.el-api-3.0.0.jar:/home/user/.m2/repository/javax/interceptor/javax.interceptor-api/1.2/javax.interceptor-api-1.2.jar:/home/user/.m2/repository/javax/inject/javax.inject/1/javax.inject-1.jar:/home/user/.m2/repository/com/sun/xml/bind/jaxb-impl/2.3.0.1/jaxb-impl-2.3.0.1.jar:/home/user/.m2/repository/com/sun/xml/bind/jaxb-core/2.3.0.1/jaxb-core-2.3.0.1.jar:/home/user/.m2/repository/javax/xml/bind/jaxb-api/2.3.0/jaxb-api-2.3.0.jar:/home/user/.m2/repository/javax/activation/activation/1.1.1/activation-1.1.1.jar:/home/user/.m2/repository/org/apache/hadoop/hadoop-ozone-csi/0.5.0-SNAPSHOT/hadoop-ozone-csi-0.5.0-SNAPSHOT.jar:/home/user/.m2/repository/com/google/protobuf/protobuf-java-util/3.5.1/protobuf-java-util-3.5.1.jar:/home/user/.m2/repository/org/apache/hadoop/hadoop-hdds-config/0.5.0-SNAPSHOT/hadoop-hdds-config-0.5.0-SNAPSHOT.jar:/home/user/.m2/repository/io/grpc/grpc-netty/1.17.1/grpc-netty-1.17.1.jar:/home/user/.m2/repository/io/grpc/grpc-core/1.17.1/grpc-core-1.17.1.jar:/home/user/.m2/repository/io/grpc/grpc-context/1.17.1/grpc-context-1.17.1.jar:/home/user/.m2/repository/com/google/errorprone/error_prone_annotations/2.2.0/error_prone_annotations-2.2.0.jar:/home/user/.m2/repository/org/codehaus/mojo/animal-sniffer-annotations/1.17/animal-sniffer-annotations-1.17.jar:/home/user/.m2/repository/io/opencensus/opencensus-api/0.17.0/opencensus-api-0.17.0.jar:/home/user/.m2/repository/io/opencensus/opencensus-contrib-grpc-metrics/0.17.0/opencensus-contrib-grpc-metrics-0.17.0.jar:/home/user/.m2/repository/io/netty/netty-codec-http2/4.1.30.Final/netty-codec-http2-4.1.30.Final.jar:/home/user/.m2/repository/io/netty/netty-codec-http/4.1.30.Final/netty-codec-http-4.1.30.Final.jar:/home/user/.m2/repository/io/netty/netty-codec/4.1.30.Final/netty-codec-4.1.30.Final.jar:/home/user/.m2/repository/io/netty/netty-handler/4.1.30.Final/netty-handler-4.1.30.Final.jar:/home/user/.m2/repository/io/netty/netty-handler-proxy/4.1.30.Final/netty-handler-proxy-4.1.30.Final.jar:/home/user/.m2/repository/io/netty/netty-codec-socks/4.1.30.Final/netty-codec-socks-4.1.30.Final.jar:/home/user/.m2/repository/io/netty/netty-transport-native-epoll/4.1.30.Final/netty-transport-native-epoll-4.1.30.Final.jar:/home/user/.m2/repository/io/netty/netty-common/4.1.30.Final/netty-common-4.1.30.Final.jar:/home/user/.m2/repository/io/netty/netty-buffer/4.1.30.Final/netty-buffer-4.1.30.Final.jar:/home/user/.m2/repository/io/netty/netty-transport/4.1.30.Final/netty-transport-4.1.30.Final.jar:/home/user/.m2/repository/io/netty/netty-resolver/4.1.30.Final/netty-resolver-4.1.30.Final.jar:/home/user/.m2/repository/io/netty/netty-transport-native-unix-common/4.1.30.Final/netty-transport-native-unix-common-4.1.30.Final.jar:/home/user/.m2/repository/io/grpc/grpc-protobuf/1.17.1/grpc-protobuf-1.17.1.jar:/home/user/.m2/repository/com/google/api/grpc/proto-google-common-protos/1.0.0/proto-google-common-protos-1.0.0.jar:/home/user/.m2/repository/io/grpc/grpc-protobuf-lite/1.17.1/grpc-protobuf-lite-1.17.1.jar:/home/user/.m2/repository/io/grpc/grpc-stub/1.17.1/grpc-stub-1.17.1.jar:/home/user/.m2/repository/org/apache/hadoop/hadoop-ozone-recon/0.5.0-SNAPSHOT/hadoop-ozone-recon-0.5.0-SNAPSHOT.jar:/home/user/.m2/repository/org/apache/hadoop/hadoop-ozone-reconcodegen/0.5.0-SNAPSHOT/hadoop-ozone-reconcodegen-0.5.0-SNAPSHOT.jar:/home/user/.m2/repository/com/google/inject/extensions/guice-multibindings/4.0/guice-multibindings-4.0.jar:/home/user/.m2/repository/com/google/inject/guice/4.0/guice-4.0.jar:/home/user/.m2/repository/aopalliance/aopalliance/1.0/aopalliance-1.0.jar:/home/user/.m2/repository/com/google/inject/extensions/guice-servlet/4.0/guice-servlet-4.0.jar:/home/user/.m2/repository/org/glassfish/jersey/containers/jersey-container-servlet/2.27/jersey-container-servlet-2.27.jar:/home/user/.m2/repository/org/glassfish/hk2/guice-bridge/2.5.0/guice-bridge-2.5.0.jar:/home/user/.m2/repository/org/glassfish/jersey/core/jersey-server/2.27/jersey-server-2.27.jar:/home/user/.m2/repository/org/glassfish/jersey/core/jersey-client/2.27/jersey-client-2.27.jar:/home/user/.m2/repository/org/glassfish/jersey/media/jersey-media-jaxb/2.27/jersey-media-jaxb-2.27.jar:/home/user/.m2/repository/javax/validation/validation-api/1.1.0.Final/validation-api-1.1.0.Final.jar:/home/user/.m2/repository/org/glassfish/jersey/media/jersey-media-json-jackson/2.27/jersey-media-json-jackson-2.27.jar:/home/user/.m2/repository/org/glassfish/jersey/ext/jersey-entity-filtering/2.27/jersey-entity-filtering-2.27.jar:/home/user/.m2/repository/com/google/inject/extensions/guice-assistedinject/4.0/guice-assistedinject-4.0.jar:/home/user/.m2/repository/org/jooq/jooq/3.11.10/jooq-3.11.10.jar:/home/user/.m2/repository/org/jooq/jooq-meta/3.11.10/jooq-meta-3.11.10.jar:/home/user/.m2/repository/org/jooq/jooq-codegen/3.11.10/jooq-codegen-3.11.10.jar:/home/user/.m2/repository/com/jolbox/bonecp/0.8.0.RELEASE/bonecp-0.8.0.RELEASE.jar:/home/user/.m2/repository/org/xerial/sqlite-jdbc/3.25.2/sqlite-jdbc-3.25.2.jar:/home/user/.m2/repository/org/springframework/spring-jdbc/5.1.3.RELEASE/spring-jdbc-5.1.3.RELEASE.jar:/home/user/.m2/repository/org/springframework/spring-beans/5.1.3.RELEASE/spring-beans-5.1.3.RELEASE.jar:/home/user/.m2/repository/org/springframework/spring-core/5.1.3.RELEASE/spring-core-5.1.3.RELEASE.jar:/home/user/.m2/repository/org/springframework/spring-jcl/5.1.3.RELEASE/spring-jcl-5.1.3.RELEASE.jar:/home/user/.m2/repository/org/springframework/spring-tx/5.1.3.RELEASE/spring-tx-5.1.3.RELEASE.jar:/home/user/.m2/repository/org/apache/hadoop/hadoop-ozone-client/0.5.0-SNAPSHOT/hadoop-ozone-client-0.5.0-SNAPSHOT.jar:/home/user/.m2/repository/commons-lang/commons-lang/2.6/commons-lang-2.6.jar:/home/user/.m2/repository/org/apache/hadoop/hadoop-ozone-ozone-manager/0.5.0-SNAPSHOT/hadoop-ozone-ozone-manager-0.5.0-SNAPSHOT-tests.jar:/home/user/.m2/repository/junit/junit/4.11/junit-4.11.jar:/home/user/.m2/repository/org/hamcrest/hamcrest-core/1.3/hamcrest-core-1.3.jar:/home/user/.m2/repository/org/openjdk/jmh/jmh-core/1.19/jmh-core-1.19.jar:/home/user/.m2/repository/net/sf/jopt-simple/jopt-simple/4.6/jopt-simple-4.6.jar:/home/user/.m2/repository/org/apache/commons/commons-math3/3.1.1/commons-math3-3.1.1.jar:/home/user/.m2/repository/org/openjdk/jmh/jmh-generator-annprocess/1.19/jmh-generator-annprocess-1.19.jar:/home/user/.m2/repository/org/mockito/mockito-all/1.8.5/mockito-all-1.8.5.jar:/home/user/.m2/repository/org/apache/hadoop/hadoop-kms/3.2.0/hadoop-kms-3.2.0.jar:/home/user/.m2/repository/org/apache/hadoop/hadoop-auth/3.2.0/hadoop-auth-3.2.0.jar:/home/user/.m2/repository/com/nimbusds/nimbus-jose-jwt/4.41.1/nimbus-jose-jwt-4.41.1.jar:/home/user/.m2/repository/com/github/stephenc/jcip/jcip-annotations/1.0-1/jcip-annotations-1.0-1.jar:/home/user/.m2/repository/net/minidev/json-smart/2.3/json-smart-2.3.jar:/home/user/.m2/repository/net/minidev/accessors-smart/1.2/accessors-smart-1.2.jar:/home/user/.m2/repository/org/ow2/asm/asm/5.0.4/asm-5.0.4.jar:/home/user/.m2/repository/org/apache/curator/curator-framework/2.12.0/curator-framework-2.12.0.jar:/home/user/.m2/repository/com/sun/jersey/jersey-core/1.19/jersey-core-1.19.jar:/home/user/.m2/repository/javax/ws/rs/jsr311-api/1.1.1/jsr311-api-1.1.1.jar:/home/user/.m2/repository/com/sun/jersey/jersey-server/1.19/jersey-server-1.19.jar:/home/user/.m2/repository/javax/servlet/javax.servlet-api/3.1.0/javax.servlet-api-3.1.0.jar:/home/user/.m2/repository/org/eclipse/jetty/jetty-server/9.3.25.v20180904/jetty-server-9.3.25.v20180904.jar:/home/user/.m2/repository/org/eclipse/jetty/jetty-http/9.3.25.v20180904/jetty-http-9.3.25.v20180904.jar:/home/user/.m2/repository/org/eclipse/jetty/jetty-io/9.3.25.v20180904/jetty-io-9.3.25.v20180904.jar:/home/user/.m2/repository/org/eclipse/jetty/jetty-webapp/9.3.25.v20180904/jetty-webapp-9.3.25.v20180904.jar:/home/user/.m2/repository/org/eclipse/jetty/jetty-xml/9.3.25.v20180904/jetty-xml-9.3.25.v20180904.jar:/home/user/.m2/repository/log4j/log4j/1.2.17/log4j-1.2.17.jar:/home/user/.m2/repository/org/slf4j/slf4j-api/1.7.25/slf4j-api-1.7.25.jar:/home/user/.m2/repository/org/slf4j/jul-to-slf4j/1.7.25/jul-to-slf4j-1.7.25.jar:/home/user/.m2/repository/org/eclipse/jetty/jetty-util/9.3.25.v20180904/jetty-util-9.3.25.v20180904.jar:/home/user/.m2/repository/com/fasterxml/jackson/core/jackson-databind/2.9.9/jackson-databind-2.9.9.jar:/home/user/.m2/repository/org/apache/hadoop/hadoop-kms/3.2.0/hadoop-kms-3.2.0-tests.jar:/home/user/.m2/repository/org/apache/hadoop/hadoop-hdds-server-scm/0.5.0-SNAPSHOT/hadoop-hdds-server-scm-0.5.0-SNAPSHOT-tests.jar:/home/user/.m2/repository/org/apache/hadoop/hadoop-hdds-container-service/0.5.0-SNAPSHOT/hadoop-hdds-container-service-0.5.0-SNAPSHOT-tests.jar:/home/user/.m2/repository/org/yaml/snakeyaml/1.16/snakeyaml-1.16.jar:/home/user/.m2/repository/org/apache/hadoop/hadoop-common/3.2.0/hadoop-common-3.2.0-tests.jar:/home/user/.m2/repository/org/apache/hadoop/hadoop-annotations/3.2.0/hadoop-annotations-3.2.0.jar:/usr/lib/jvm/java-1.8.0-openjdk-1.8.0.222.b10-1.el7_7.x86_64/jre/../lib/tools.jar:/home/user/.m2/repository/commons-cli/commons-cli/1.2/commons-cli-1.2.jar:/home/user/.m2/repository/org/apache/httpcomponents/httpclient/4.5.2/httpclient-4.5.2.jar:/home/user/.m2/repository/org/apache/httpcomponents/httpcore/4.4.4/httpcore-4.4.4.jar:/home/user/.m2/repository/commons-codec/commons-codec/1.11/commons-codec-1.11.jar:/home/user/.m2/repository/commons-net/commons-net/3.6/commons-net-3.6.jar:/home/user/.m2/repository/commons-collections/commons-collections/3.2.2/commons-collections-3.2.2.jar:/home/user/.m2/repository/org/eclipse/jetty/jetty-servlet/9.3.25.v20180904/jetty-servlet-9.3.25.v20180904.jar:/home/user/.m2/repository/org/eclipse/jetty/jetty-security/9.3.25.v20180904/jetty-security-9.3.25.v20180904.jar:/home/user/.m2/repository/javax/servlet/jsp/jsp-api/2.1/jsp-api-2.1.jar:/home/user/.m2/repository/com/sun/jersey/jersey-servlet/1.19/jersey-servlet-1.19.jar:/home/user/.m2/repository/com/sun/jersey/jersey-json/1.19/jersey-json-1.19.jar:/home/user/.m2/repository/org/codehaus/jettison/jettison/1.1/jettison-1.1.jar:/home/user/.m2/repository/org/codehaus/jackson/jackson-core-asl/1.9.13/jackson-core-asl-1.9.13.jar:/home/user/.m2/repository/org/codehaus/jackson/jackson-mapper-asl/1.9.13/jackson-mapper-asl-1.9.13.jar:/home/user/.m2/repository/org/codehaus/jackson/jackson-jaxrs/1.9.13/jackson-jaxrs-1.9.13.jar:/home/user/.m2/repository/org/codehaus/jackson/jackson-xc/1.9.13/jackson-xc-1.9.13.jar:/home/user/.m2/repository/commons-logging/commons-logging/1.1.3/commons-logging-1.1.3.jar:/home/user/.m2/repository/commons-beanutils/commons-beanutils/1.9.4/commons-beanutils-1.9.4.jar:/home/user/.m2/repository/org/apache/commons/commons-configuration2/2.1.1/commons-configuration2-2.1.1.jar:/home/user/.m2/repository/org/apache/commons/commons-lang3/3.7/commons-lang3-3.7.jar:/home/user/.m2/repository/org/apache/commons/commons-text/1.4/commons-text-1.4.jar:/home/user/.m2/repository/org/apache/avro/avro/1.7.7/avro-1.7.7.jar:/home/user/.m2/repository/com/thoughtworks/paranamer/paranamer/2.3/paranamer-2.3.jar:/home/user/.m2/repository/org/xerial/snappy/snappy-java/1.0.5/snappy-java-1.0.5.jar:/home/user/.m2/repository/com/google/re2j/re2j/1.1/re2j-1.1.jar:/home/user/.m2/repository/com/google/code/gson/gson/2.2.4/gson-2.2.4.jar:/home/user/.m2/repository/com/jcraft/jsch/0.1.54/jsch-0.1.54.jar:/home/user/.m2/repository/org/apache/curator/curator-client/2.12.0/curator-client-2.12.0.jar:/home/user/.m2/repository/org/apache/curator/curator-recipes/2.12.0/curator-recipes-2.12.0.jar:/home/user/.m2/repository/com/google/code/findbugs/jsr305/3.0.0/jsr305-3.0.0.jar:/home/user/.m2/repository/org/apache/htrace/htrace-core4/4.1.0-incubating/htrace-core4-4.1.0-incubating.jar:/home/user/.m2/repository/org/apache/zookeeper/zookeeper/3.4.13/zookeeper-3.4.13.jar:/home/user/.m2/repository/jline/jline/0.9.94/jline-0.9.94.jar:/home/user/.m2/repository/org/apache/yetus/audience-annotations/0.5.0/audience-annotations-0.5.0.jar:/home/user/.m2/repository/org/codehaus/woodstox/stax2-api/3.1.4/stax2-api-3.1.4.jar:/home/user/.m2/repository/com/fasterxml/woodstox/woodstox-core/5.0.3/woodstox-core-5.0.3.jar:/home/user/.m2/repository/dnsjava/dnsjava/2.1.7/dnsjava-2.1.7.jar:/home/user/.m2/repository/org/apache/hadoop/hadoop-hdfs/3.2.0/hadoop-hdfs-3.2.0-tests.jar:/home/user/.m2/repository/org/eclipse/jetty/jetty-util-ajax/9.3.25.v20180904/jetty-util-ajax-9.3.25.v20180904.jar:/home/user/.m2/repository/commons-daemon/commons-daemon/1.0.13/commons-daemon-1.0.13.jar:/home/user/.m2/repository/io/netty/netty/3.10.5.Final/netty-3.10.5.Final.jar:/home/user/.m2/repository/io/netty/netty-all/4.0.52.Final/netty-all-4.0.52.Final.jar:/home/user/.m2/repository/org/fusesource/leveldbjni/leveldbjni-all/1.8/leveldbjni-all-1.8.jar:"/>
    <property name="java.vm.vendor" value="Oracle Corporation"/>
    <property name="sun.arch.data.model" value="64"/>
    <property name="test.build.dir" value="/workdir/hadoop-ozone/integration-test/target/test-dir"/>
    <property name="test.cache.data" value=""/>
    <property name="java.vendor.url" value="http://java.oracle.com/"/>
    <property name="user.timezone" value=""/>
    <property name="java.vm.specification.version" value="1.8"/>
    <property name="os.name" value="Linux"/>
    <property name="test.build.data" value="/workdir/hadoop-ozone/integration-test/target/test-dir"/>
    <property name="user.country" value="US"/>
    <property name="sun.java.launcher" value="SUN_STANDARD"/>
    <property name="sun.boot.library.path" value="/usr/lib/jvm/java-1.8.0-openjdk-1.8.0.222.b10-1.el7_7.x86_64/jre/lib/amd64"/>
    <property name="sun.java.command" value="/workdir/hadoop-ozone/integration-test/target/surefire/surefirebooter6370279966191134663.jar /workdir/hadoop-ozone/integration-test/target/surefire 2019-11-15T03-15-37_002-jvmRun1 surefire8843534396394396047tmp surefire_505874678139468317666tmp"/>
    <property name="surefire.test.class.path" value="/workdir/hadoop-ozone/integration-test/target/test-classes:/workdir/hadoop-ozone/integration-test/target/classes:/home/user/.m2/repository/org/apache/hadoop/hadoop-ozone-common/0.5.0-SNAPSHOT/hadoop-ozone-common-0.5.0-SNAPSHOT.jar:/home/user/.m2/repository/org/apache/commons/commons-compress/1.4.1/commons-compress-1.4.1.jar:/home/user/.m2/repository/org/tukaani/xz/1.0/xz-1.0.jar:/home/user/.m2/repository/org/apache/hadoop/hadoop-common/3.2.0/hadoop-common-3.2.0.jar:/home/user/.m2/repository/org/apache/hadoop/hadoop-hdfs/3.2.0/hadoop-hdfs-3.2.0.jar:/home/user/.m2/repository/org/apache/hadoop/hadoop-hdfs-client/3.2.0/hadoop-hdfs-client-3.2.0.jar:/home/user/.m2/repository/com/fasterxml/jackson/core/jackson-annotations/2.9.9/jackson-annotations-2.9.9.jar:/home/user/.m2/repository/org/apache/hadoop/hadoop-hdds-common/0.5.0-SNAPSHOT/hadoop-hdds-common-0.5.0-SNAPSHOT.jar:/home/user/.m2/repository/javax/annotation/javax.annotation-api/1.2/javax.annotation-api-1.2.jar:/home/user/.m2/repository/org/apache/ratis/ratis-server/0.5.0-d6d58d0-SNAPSHOT/ratis-server-0.5.0-d6d58d0-SNAPSHOT.jar:/home/user/.m2/repository/org/apache/ratis/ratis-thirdparty-misc/0.2.0/ratis-thirdparty-misc-0.2.0.jar:/home/user/.m2/repository/org/apache/ratis/ratis-proto/0.5.0-d6d58d0-SNAPSHOT/ratis-proto-0.5.0-d6d58d0-SNAPSHOT.jar:/home/user/.m2/repository/org/apache/ratis/ratis-common/0.5.0-d6d58d0-SNAPSHOT/ratis-common-0.5.0-d6d58d0-SNAPSHOT.jar:/home/user/.m2/repository/org/apache/ratis/ratis-client/0.5.0-d6d58d0-SNAPSHOT/ratis-client-0.5.0-d6d58d0-SNAPSHOT.jar:/home/user/.m2/repository/org/apache/ratis/ratis-metrics/0.5.0-d6d58d0-SNAPSHOT/ratis-metrics-0.5.0-d6d58d0-SNAPSHOT.jar:/home/user/.m2/repository/org/apache/ratis/ratis-netty/0.5.0-d6d58d0-SNAPSHOT/ratis-netty-0.5.0-d6d58d0-SNAPSHOT.jar:/home/user/.m2/repository/org/apache/ratis/ratis-grpc/0.5.0-d6d58d0-SNAPSHOT/ratis-grpc-0.5.0-d6d58d0-SNAPSHOT.jar:/home/user/.m2/repository/org/rocksdb/rocksdbjni/6.0.1/rocksdbjni-6.0.1.jar:/home/user/.m2/repository/org/apache/logging/log4j/log4j-api/2.11.0/log4j-api-2.11.0.jar:/home/user/.m2/repository/org/apache/logging/log4j/log4j-core/2.11.0/log4j-core-2.11.0.jar:/home/user/.m2/repository/com/lmax/disruptor/3.4.2/disruptor-3.4.2.jar:/home/user/.m2/repository/org/apache/commons/commons-pool2/2.6.0/commons-pool2-2.6.0.jar:/home/user/.m2/repository/org/bouncycastle/bcpkix-jdk15on/1.60/bcpkix-jdk15on-1.60.jar:/home/user/.m2/repository/commons-validator/commons-validator/1.6/commons-validator-1.6.jar:/home/user/.m2/repository/commons-digester/commons-digester/1.8.1/commons-digester-1.8.1.jar:/home/user/.m2/repository/io/jaegertracing/jaeger-client/0.34.0/jaeger-client-0.34.0.jar:/home/user/.m2/repository/io/jaegertracing/jaeger-thrift/0.34.0/jaeger-thrift-0.34.0.jar:/home/user/.m2/repository/org/apache/thrift/libthrift/0.12.0/libthrift-0.12.0.jar:/home/user/.m2/repository/com/squareup/okhttp3/okhttp/3.9.0/okhttp-3.9.0.jar:/home/user/.m2/repository/com/squareup/okio/okio/1.13.0/okio-1.13.0.jar:/home/user/.m2/repository/io/jaegertracing/jaeger-core/0.34.0/jaeger-core-0.34.0.jar:/home/user/.m2/repository/io/jaegertracing/jaeger-tracerresolver/0.34.0/jaeger-tracerresolver-0.34.0.jar:/home/user/.m2/repository/io/opentracing/contrib/opentracing-tracerresolver/0.1.5/opentracing-tracerresolver-0.1.5.jar:/home/user/.m2/repository/io/opentracing/opentracing-util/0.31.0/opentracing-util-0.31.0.jar:/home/user/.m2/repository/io/opentracing/opentracing-api/0.31.0/opentracing-api-0.31.0.jar:/home/user/.m2/repository/io/opentracing/opentracing-noop/0.31.0/opentracing-noop-0.31.0.jar:/home/user/.m2/repository/org/apache/hadoop/hadoop-hdds-server-framework/0.5.0-SNAPSHOT/hadoop-hdds-server-framework-0.5.0-SNAPSHOT.jar:/home/user/.m2/repository/org/apache/hadoop/hadoop-hdds-container-service/0.5.0-SNAPSHOT/hadoop-hdds-container-service-0.5.0-SNAPSHOT.jar:/home/user/.m2/repository/org/apache/hadoop/hadoop-hdds-client/0.5.0-SNAPSHOT/hadoop-hdds-client-0.5.0-SNAPSHOT.jar:/home/user/.m2/repository/org/apache/hadoop/hadoop-hdds-tools/0.5.0-SNAPSHOT/hadoop-hdds-tools-0.5.0-SNAPSHOT.jar:/home/user/.m2/repository/org/apache/hadoop/hadoop-hdds-server-scm/0.5.0-SNAPSHOT/hadoop-hdds-server-scm-0.5.0-SNAPSHOT.jar:/home/user/.m2/repository/org/apache/hadoop/hadoop-hdds-docs/0.5.0-SNAPSHOT/hadoop-hdds-docs-0.5.0-SNAPSHOT.jar:/home/user/.m2/repository/io/dropwizard/metrics/metrics-core/3.2.4/metrics-core-3.2.4.jar:/home/user/.m2/repository/org/hamcrest/hamcrest-all/1.3/hamcrest-all-1.3.jar:/home/user/.m2/repository/org/bouncycastle/bcprov-jdk15on/1.60/bcprov-jdk15on-1.60.jar:/home/user/.m2/repository/info/picocli/picocli/3.9.6/picocli-3.9.6.jar:/home/user/.m2/repository/com/google/protobuf/protobuf-java/2.5.0/protobuf-java-2.5.0.jar:/home/user/.m2/repository/com/google/guava/guava/11.0.2/guava-11.0.2.jar:/home/user/.m2/repository/org/apache/hadoop/hadoop-ozone-ozone-manager/0.5.0-SNAPSHOT/hadoop-ozone-ozone-manager-0.5.0-SNAPSHOT.jar:/home/user/.m2/repository/org/apache/hadoop/hadoop-minikdc/3.2.0/hadoop-minikdc-3.2.0.jar:/home/user/.m2/repository/commons-io/commons-io/2.5/commons-io-2.5.jar:/home/user/.m2/repository/org/apache/kerby/kerb-simplekdc/1.0.1/kerb-simplekdc-1.0.1.jar:/home/user/.m2/repository/org/apache/kerby/kerb-client/1.0.1/kerb-client-1.0.1.jar:/home/user/.m2/repository/org/apache/kerby/kerby-config/1.0.1/kerby-config-1.0.1.jar:/home/user/.m2/repository/org/apache/kerby/kerb-core/1.0.1/kerb-core-1.0.1.jar:/home/user/.m2/repository/org/apache/kerby/kerby-pkix/1.0.1/kerby-pkix-1.0.1.jar:/home/user/.m2/repository/org/apache/kerby/kerby-asn1/1.0.1/kerby-asn1-1.0.1.jar:/home/user/.m2/repository/org/apache/kerby/kerby-util/1.0.1/kerby-util-1.0.1.jar:/home/user/.m2/repository/org/apache/kerby/kerb-common/1.0.1/kerb-common-1.0.1.jar:/home/user/.m2/repository/org/apache/kerby/kerb-crypto/1.0.1/kerb-crypto-1.0.1.jar:/home/user/.m2/repository/org/apache/kerby/kerb-util/1.0.1/kerb-util-1.0.1.jar:/home/user/.m2/repository/org/apache/kerby/token-provider/1.0.1/token-provider-1.0.1.jar:/home/user/.m2/repository/org/apache/kerby/kerb-admin/1.0.1/kerb-admin-1.0.1.jar:/home/user/.m2/repository/org/apache/kerby/kerb-server/1.0.1/kerb-server-1.0.1.jar:/home/user/.m2/repository/org/apache/kerby/kerb-identity/1.0.1/kerb-identity-1.0.1.jar:/home/user/.m2/repository/org/apache/kerby/kerby-xdr/1.0.1/kerby-xdr-1.0.1.jar:/home/user/.m2/repository/org/slf4j/slf4j-log4j12/1.7.25/slf4j-log4j12-1.7.25.jar:/home/user/.m2/repository/org/apache/hadoop/hadoop-ozone-s3gateway/0.5.0-SNAPSHOT/hadoop-ozone-s3gateway-0.5.0-SNAPSHOT.jar:/home/user/.m2/repository/org/jboss/weld/servlet/weld-servlet/2.4.7.Final/weld-servlet-2.4.7.Final.jar:/home/user/.m2/repository/org/glassfish/jersey/containers/jersey-container-servlet-core/2.27/jersey-container-servlet-core-2.27.jar:/home/user/.m2/repository/org/glassfish/hk2/external/javax.inject/2.5.0-b42/javax.inject-2.5.0-b42.jar:/home/user/.m2/repository/org/glassfish/jersey/core/jersey-common/2.27/jersey-common-2.27.jar:/home/user/.m2/repository/org/glassfish/hk2/osgi-resource-locator/1.0.1/osgi-resource-locator-1.0.1.jar:/home/user/.m2/repository/javax/ws/rs/javax.ws.rs-api/2.1/javax.ws.rs-api-2.1.jar:/home/user/.m2/repository/org/glassfish/jersey/ext/cdi/jersey-cdi1x/2.27/jersey-cdi1x-2.27.jar:/home/user/.m2/repository/org/glassfish/jersey/inject/jersey-hk2/2.27/jersey-hk2-2.27.jar:/home/user/.m2/repository/org/glassfish/hk2/hk2-locator/2.5.0-b42/hk2-locator-2.5.0-b42.jar:/home/user/.m2/repository/org/javassist/javassist/3.22.0-CR2/javassist-3.22.0-CR2.jar:/home/user/.m2/repository/org/glassfish/hk2/hk2-api/2.5.0/hk2-api-2.5.0.jar:/home/user/.m2/repository/org/glassfish/hk2/external/jakarta.inject/2.5.0/jakarta.inject-2.5.0.jar:/home/user/.m2/repository/org/glassfish/hk2/hk2-utils/2.5.0/hk2-utils-2.5.0.jar:/home/user/.m2/repository/jakarta/annotation/jakarta.annotation-api/1.3.4/jakarta.annotation-api-1.3.4.jar:/home/user/.m2/repository/org/glassfish/hk2/external/aopalliance-repackaged/2.5.0/aopalliance-repackaged-2.5.0.jar:/home/user/.m2/repository/com/fasterxml/jackson/dataformat/jackson-dataformat-xml/2.9.0/jackson-dataformat-xml-2.9.0.jar:/home/user/.m2/repository/com/fasterxml/jackson/core/jackson-core/2.9.9/jackson-core-2.9.9.jar:/home/user/.m2/repository/com/fasterxml/jackson/module/jackson-module-jaxb-annotations/2.9.9/jackson-module-jaxb-annotations-2.9.9.jar:/home/user/.m2/repository/javax/enterprise/cdi-api/1.2/cdi-api-1.2.jar:/home/user/.m2/repository/javax/el/javax.el-api/3.0.0/javax.el-api-3.0.0.jar:/home/user/.m2/repository/javax/interceptor/javax.interceptor-api/1.2/javax.interceptor-api-1.2.jar:/home/user/.m2/repository/javax/inject/javax.inject/1/javax.inject-1.jar:/home/user/.m2/repository/com/sun/xml/bind/jaxb-impl/2.3.0.1/jaxb-impl-2.3.0.1.jar:/home/user/.m2/repository/com/sun/xml/bind/jaxb-core/2.3.0.1/jaxb-core-2.3.0.1.jar:/home/user/.m2/repository/javax/xml/bind/jaxb-api/2.3.0/jaxb-api-2.3.0.jar:/home/user/.m2/repository/javax/activation/activation/1.1.1/activation-1.1.1.jar:/home/user/.m2/repository/org/apache/hadoop/hadoop-ozone-csi/0.5.0-SNAPSHOT/hadoop-ozone-csi-0.5.0-SNAPSHOT.jar:/home/user/.m2/repository/com/google/protobuf/protobuf-java-util/3.5.1/protobuf-java-util-3.5.1.jar:/home/user/.m2/repository/org/apache/hadoop/hadoop-hdds-config/0.5.0-SNAPSHOT/hadoop-hdds-config-0.5.0-SNAPSHOT.jar:/home/user/.m2/repository/io/grpc/grpc-netty/1.17.1/grpc-netty-1.17.1.jar:/home/user/.m2/repository/io/grpc/grpc-core/1.17.1/grpc-core-1.17.1.jar:/home/user/.m2/repository/io/grpc/grpc-context/1.17.1/grpc-context-1.17.1.jar:/home/user/.m2/repository/com/google/errorprone/error_prone_annotations/2.2.0/error_prone_annotations-2.2.0.jar:/home/user/.m2/repository/org/codehaus/mojo/animal-sniffer-annotations/1.17/animal-sniffer-annotations-1.17.jar:/home/user/.m2/repository/io/opencensus/opencensus-api/0.17.0/opencensus-api-0.17.0.jar:/home/user/.m2/repository/io/opencensus/opencensus-contrib-grpc-metrics/0.17.0/opencensus-contrib-grpc-metrics-0.17.0.jar:/home/user/.m2/repository/io/netty/netty-codec-http2/4.1.30.Final/netty-codec-http2-4.1.30.Final.jar:/home/user/.m2/repository/io/netty/netty-codec-http/4.1.30.Final/netty-codec-http-4.1.30.Final.jar:/home/user/.m2/repository/io/netty/netty-codec/4.1.30.Final/netty-codec-4.1.30.Final.jar:/home/user/.m2/repository/io/netty/netty-handler/4.1.30.Final/netty-handler-4.1.30.Final.jar:/home/user/.m2/repository/io/netty/netty-handler-proxy/4.1.30.Final/netty-handler-proxy-4.1.30.Final.jar:/home/user/.m2/repository/io/netty/netty-codec-socks/4.1.30.Final/netty-codec-socks-4.1.30.Final.jar:/home/user/.m2/repository/io/netty/netty-transport-native-epoll/4.1.30.Final/netty-transport-native-epoll-4.1.30.Final.jar:/home/user/.m2/repository/io/netty/netty-common/4.1.30.Final/netty-common-4.1.30.Final.jar:/home/user/.m2/repository/io/netty/netty-buffer/4.1.30.Final/netty-buffer-4.1.30.Final.jar:/home/user/.m2/repository/io/netty/netty-transport/4.1.30.Final/netty-transport-4.1.30.Final.jar:/home/user/.m2/repository/io/netty/netty-resolver/4.1.30.Final/netty-resolver-4.1.30.Final.jar:/home/user/.m2/repository/io/netty/netty-transport-native-unix-common/4.1.30.Final/netty-transport-native-unix-common-4.1.30.Final.jar:/home/user/.m2/repository/io/grpc/grpc-protobuf/1.17.1/grpc-protobuf-1.17.1.jar:/home/user/.m2/repository/com/google/api/grpc/proto-google-common-protos/1.0.0/proto-google-common-protos-1.0.0.jar:/home/user/.m2/repository/io/grpc/grpc-protobuf-lite/1.17.1/grpc-protobuf-lite-1.17.1.jar:/home/user/.m2/repository/io/grpc/grpc-stub/1.17.1/grpc-stub-1.17.1.jar:/home/user/.m2/repository/org/apache/hadoop/hadoop-ozone-recon/0.5.0-SNAPSHOT/hadoop-ozone-recon-0.5.0-SNAPSHOT.jar:/home/user/.m2/repository/org/apache/hadoop/hadoop-ozone-reconcodegen/0.5.0-SNAPSHOT/hadoop-ozone-reconcodegen-0.5.0-SNAPSHOT.jar:/home/user/.m2/repository/com/google/inject/extensions/guice-multibindings/4.0/guice-multibindings-4.0.jar:/home/user/.m2/repository/com/google/inject/guice/4.0/guice-4.0.jar:/home/user/.m2/repository/aopalliance/aopalliance/1.0/aopalliance-1.0.jar:/home/user/.m2/repository/com/google/inject/extensions/guice-servlet/4.0/guice-servlet-4.0.jar:/home/user/.m2/repository/org/glassfish/jersey/containers/jersey-container-servlet/2.27/jersey-container-servlet-2.27.jar:/home/user/.m2/repository/org/glassfish/hk2/guice-bridge/2.5.0/guice-bridge-2.5.0.jar:/home/user/.m2/repository/org/glassfish/jersey/core/jersey-server/2.27/jersey-server-2.27.jar:/home/user/.m2/repository/org/glassfish/jersey/core/jersey-client/2.27/jersey-client-2.27.jar:/home/user/.m2/repository/org/glassfish/jersey/media/jersey-media-jaxb/2.27/jersey-media-jaxb-2.27.jar:/home/user/.m2/repository/javax/validation/validation-api/1.1.0.Final/validation-api-1.1.0.Final.jar:/home/user/.m2/repository/org/glassfish/jersey/media/jersey-media-json-jackson/2.27/jersey-media-json-jackson-2.27.jar:/home/user/.m2/repository/org/glassfish/jersey/ext/jersey-entity-filtering/2.27/jersey-entity-filtering-2.27.jar:/home/user/.m2/repository/com/google/inject/extensions/guice-assistedinject/4.0/guice-assistedinject-4.0.jar:/home/user/.m2/repository/org/jooq/jooq/3.11.10/jooq-3.11.10.jar:/home/user/.m2/repository/org/jooq/jooq-meta/3.11.10/jooq-meta-3.11.10.jar:/home/user/.m2/repository/org/jooq/jooq-codegen/3.11.10/jooq-codegen-3.11.10.jar:/home/user/.m2/repository/com/jolbox/bonecp/0.8.0.RELEASE/bonecp-0.8.0.RELEASE.jar:/home/user/.m2/repository/org/xerial/sqlite-jdbc/3.25.2/sqlite-jdbc-3.25.2.jar:/home/user/.m2/repository/org/springframework/spring-jdbc/5.1.3.RELEASE/spring-jdbc-5.1.3.RELEASE.jar:/home/user/.m2/repository/org/springframework/spring-beans/5.1.3.RELEASE/spring-beans-5.1.3.RELEASE.jar:/home/user/.m2/repository/org/springframework/spring-core/5.1.3.RELEASE/spring-core-5.1.3.RELEASE.jar:/home/user/.m2/repository/org/springframework/spring-jcl/5.1.3.RELEASE/spring-jcl-5.1.3.RELEASE.jar:/home/user/.m2/repository/org/springframework/spring-tx/5.1.3.RELEASE/spring-tx-5.1.3.RELEASE.jar:/home/user/.m2/repository/org/apache/hadoop/hadoop-ozone-client/0.5.0-SNAPSHOT/hadoop-ozone-client-0.5.0-SNAPSHOT.jar:/home/user/.m2/repository/commons-lang/commons-lang/2.6/commons-lang-2.6.jar:/home/user/.m2/repository/org/apache/hadoop/hadoop-ozone-ozone-manager/0.5.0-SNAPSHOT/hadoop-ozone-ozone-manager-0.5.0-SNAPSHOT-tests.jar:/home/user/.m2/repository/junit/junit/4.11/junit-4.11.jar:/home/user/.m2/repository/org/hamcrest/hamcrest-core/1.3/hamcrest-core-1.3.jar:/home/user/.m2/repository/org/openjdk/jmh/jmh-core/1.19/jmh-core-1.19.jar:/home/user/.m2/repository/net/sf/jopt-simple/jopt-simple/4.6/jopt-simple-4.6.jar:/home/user/.m2/repository/org/apache/commons/commons-math3/3.1.1/commons-math3-3.1.1.jar:/home/user/.m2/repository/org/openjdk/jmh/jmh-generator-annprocess/1.19/jmh-generator-annprocess-1.19.jar:/home/user/.m2/repository/org/mockito/mockito-all/1.8.5/mockito-all-1.8.5.jar:/home/user/.m2/repository/org/apache/hadoop/hadoop-kms/3.2.0/hadoop-kms-3.2.0.jar:/home/user/.m2/repository/org/apache/hadoop/hadoop-auth/3.2.0/hadoop-auth-3.2.0.jar:/home/user/.m2/repository/com/nimbusds/nimbus-jose-jwt/4.41.1/nimbus-jose-jwt-4.41.1.jar:/home/user/.m2/repository/com/github/stephenc/jcip/jcip-annotations/1.0-1/jcip-annotations-1.0-1.jar:/home/user/.m2/repository/net/minidev/json-smart/2.3/json-smart-2.3.jar:/home/user/.m2/repository/net/minidev/accessors-smart/1.2/accessors-smart-1.2.jar:/home/user/.m2/repository/org/ow2/asm/asm/5.0.4/asm-5.0.4.jar:/home/user/.m2/repository/org/apache/curator/curator-framework/2.12.0/curator-framework-2.12.0.jar:/home/user/.m2/repository/com/sun/jersey/jersey-core/1.19/jersey-core-1.19.jar:/home/user/.m2/repository/javax/ws/rs/jsr311-api/1.1.1/jsr311-api-1.1.1.jar:/home/user/.m2/repository/com/sun/jersey/jersey-server/1.19/jersey-server-1.19.jar:/home/user/.m2/repository/javax/servlet/javax.servlet-api/3.1.0/javax.servlet-api-3.1.0.jar:/home/user/.m2/repository/org/eclipse/jetty/jetty-server/9.3.25.v20180904/jetty-server-9.3.25.v20180904.jar:/home/user/.m2/repository/org/eclipse/jetty/jetty-http/9.3.25.v20180904/jetty-http-9.3.25.v20180904.jar:/home/user/.m2/repository/org/eclipse/jetty/jetty-io/9.3.25.v20180904/jetty-io-9.3.25.v20180904.jar:/home/user/.m2/repository/org/eclipse/jetty/jetty-webapp/9.3.25.v20180904/jetty-webapp-9.3.25.v20180904.jar:/home/user/.m2/repository/org/eclipse/jetty/jetty-xml/9.3.25.v20180904/jetty-xml-9.3.25.v20180904.jar:/home/user/.m2/repository/log4j/log4j/1.2.17/log4j-1.2.17.jar:/home/user/.m2/repository/org/slf4j/slf4j-api/1.7.25/slf4j-api-1.7.25.jar:/home/user/.m2/repository/org/slf4j/jul-to-slf4j/1.7.25/jul-to-slf4j-1.7.25.jar:/home/user/.m2/repository/org/eclipse/jetty/jetty-util/9.3.25.v20180904/jetty-util-9.3.25.v20180904.jar:/home/user/.m2/repository/com/fasterxml/jackson/core/jackson-databind/2.9.9/jackson-databind-2.9.9.jar:/home/user/.m2/repository/org/apache/hadoop/hadoop-kms/3.2.0/hadoop-kms-3.2.0-tests.jar:/home/user/.m2/repository/org/apache/hadoop/hadoop-hdds-server-scm/0.5.0-SNAPSHOT/hadoop-hdds-server-scm-0.5.0-SNAPSHOT-tests.jar:/home/user/.m2/repository/org/apache/hadoop/hadoop-hdds-container-service/0.5.0-SNAPSHOT/hadoop-hdds-container-service-0.5.0-SNAPSHOT-tests.jar:/home/user/.m2/repository/org/yaml/snakeyaml/1.16/snakeyaml-1.16.jar:/home/user/.m2/repository/org/apache/hadoop/hadoop-common/3.2.0/hadoop-common-3.2.0-tests.jar:/home/user/.m2/repository/org/apache/hadoop/hadoop-annotations/3.2.0/hadoop-annotations-3.2.0.jar:/usr/lib/jvm/java-1.8.0-openjdk-1.8.0.222.b10-1.el7_7.x86_64/jre/../lib/tools.jar:/home/user/.m2/repository/commons-cli/commons-cli/1.2/commons-cli-1.2.jar:/home/user/.m2/repository/org/apache/httpcomponents/httpclient/4.5.2/httpclient-4.5.2.jar:/home/user/.m2/repository/org/apache/httpcomponents/httpcore/4.4.4/httpcore-4.4.4.jar:/home/user/.m2/repository/commons-codec/commons-codec/1.11/commons-codec-1.11.jar:/home/user/.m2/repository/commons-net/commons-net/3.6/commons-net-3.6.jar:/home/user/.m2/repository/commons-collections/commons-collections/3.2.2/commons-collections-3.2.2.jar:/home/user/.m2/repository/org/eclipse/jetty/jetty-servlet/9.3.25.v20180904/jetty-servlet-9.3.25.v20180904.jar:/home/user/.m2/repository/org/eclipse/jetty/jetty-security/9.3.25.v20180904/jetty-security-9.3.25.v20180904.jar:/home/user/.m2/repository/javax/servlet/jsp/jsp-api/2.1/jsp-api-2.1.jar:/home/user/.m2/repository/com/sun/jersey/jersey-servlet/1.19/jersey-servlet-1.19.jar:/home/user/.m2/repository/com/sun/jersey/jersey-json/1.19/jersey-json-1.19.jar:/home/user/.m2/repository/org/codehaus/jettison/jettison/1.1/jettison-1.1.jar:/home/user/.m2/repository/org/codehaus/jackson/jackson-core-asl/1.9.13/jackson-core-asl-1.9.13.jar:/home/user/.m2/repository/org/codehaus/jackson/jackson-mapper-asl/1.9.13/jackson-mapper-asl-1.9.13.jar:/home/user/.m2/repository/org/codehaus/jackson/jackson-jaxrs/1.9.13/jackson-jaxrs-1.9.13.jar:/home/user/.m2/repository/org/codehaus/jackson/jackson-xc/1.9.13/jackson-xc-1.9.13.jar:/home/user/.m2/repository/commons-logging/commons-logging/1.1.3/commons-logging-1.1.3.jar:/home/user/.m2/repository/commons-beanutils/commons-beanutils/1.9.4/commons-beanutils-1.9.4.jar:/home/user/.m2/repository/org/apache/commons/commons-configuration2/2.1.1/commons-configuration2-2.1.1.jar:/home/user/.m2/repository/org/apache/commons/commons-lang3/3.7/commons-lang3-3.7.jar:/home/user/.m2/repository/org/apache/commons/commons-text/1.4/commons-text-1.4.jar:/home/user/.m2/repository/org/apache/avro/avro/1.7.7/avro-1.7.7.jar:/home/user/.m2/repository/com/thoughtworks/paranamer/paranamer/2.3/paranamer-2.3.jar:/home/user/.m2/repository/org/xerial/snappy/snappy-java/1.0.5/snappy-java-1.0.5.jar:/home/user/.m2/repository/com/google/re2j/re2j/1.1/re2j-1.1.jar:/home/user/.m2/repository/com/google/code/gson/gson/2.2.4/gson-2.2.4.jar:/home/user/.m2/repository/com/jcraft/jsch/0.1.54/jsch-0.1.54.jar:/home/user/.m2/repository/org/apache/curator/curator-client/2.12.0/curator-client-2.12.0.jar:/home/user/.m2/repository/org/apache/curator/curator-recipes/2.12.0/curator-recipes-2.12.0.jar:/home/user/.m2/repository/com/google/code/findbugs/jsr305/3.0.0/jsr305-3.0.0.jar:/home/user/.m2/repository/org/apache/htrace/htrace-core4/4.1.0-incubating/htrace-core4-4.1.0-incubating.jar:/home/user/.m2/repository/org/apache/zookeeper/zookeeper/3.4.13/zookeeper-3.4.13.jar:/home/user/.m2/repository/jline/jline/0.9.94/jline-0.9.94.jar:/home/user/.m2/repository/org/apache/yetus/audience-annotations/0.5.0/audience-annotations-0.5.0.jar:/home/user/.m2/repository/org/codehaus/woodstox/stax2-api/3.1.4/stax2-api-3.1.4.jar:/home/user/.m2/repository/com/fasterxml/woodstox/woodstox-core/5.0.3/woodstox-core-5.0.3.jar:/home/user/.m2/repository/dnsjava/dnsjava/2.1.7/dnsjava-2.1.7.jar:/home/user/.m2/repository/org/apache/hadoop/hadoop-hdfs/3.2.0/hadoop-hdfs-3.2.0-tests.jar:/home/user/.m2/repository/org/eclipse/jetty/jetty-util-ajax/9.3.25.v20180904/jetty-util-ajax-9.3.25.v20180904.jar:/home/user/.m2/repository/commons-daemon/commons-daemon/1.0.13/commons-daemon-1.0.13.jar:/home/user/.m2/repository/io/netty/netty/3.10.5.Final/netty-3.10.5.Final.jar:/home/user/.m2/repository/io/netty/netty-all/4.0.52.Final/netty-all-4.0.52.Final.jar:/home/user/.m2/repository/org/fusesource/leveldbjni/leveldbjni-all/1.8/leveldbjni-all-1.8.jar:"/>
    <property name="sun.cpu.endian" value="little"/>
    <property name="user.home" value="/home/user"/>
    <property name="user.language" value="en"/>
    <property name="java.specification.vendor" value="Oracle Corporation"/>
    <property name="java.home" value="/usr/lib/jvm/java-1.8.0-openjdk-1.8.0.222.b10-1.el7_7.x86_64/jre"/>
    <property name="surefire.excludesFile" value="/tools/ozone-bad-unit-tests"/>
    <property name="java.security.krb5.conf" value="/workdir/hadoop-ozone/integration-test/target/test-classes/krb5.conf"/>
    <property name="basedir" value="/workdir/hadoop-ozone/integration-test"/>
    <property name="file.separator" value="/"/>
    <property name="line.separator" value="&#10;"/>
    <property name="java.vm.specification.vendor" value="Oracle Corporation"/>
    <property name="java.specification.name" value="Java Platform API Specification"/>
    <property name="java.awt.graphicsenv" value="sun.awt.X11GraphicsEnvironment"/>
    <property name="surefire.real.class.path" value="/workdir/hadoop-ozone/integration-test/target/surefire/surefirebooter6370279966191134663.jar"/>
    <property name="hadoop.log.dir" value="/workdir/hadoop-ozone/integration-test/target/log"/>
    <property name="sun.boot.class.path" value="/usr/lib/jvm/java-1.8.0-openjdk-1.8.0.222.b10-1.el7_7.x86_64/jre/lib/resources.jar:/usr/lib/jvm/java-1.8.0-openjdk-1.8.0.222.b10-1.el7_7.x86_64/jre/lib/rt.jar:/usr/lib/jvm/java-1.8.0-openjdk-1.8.0.222.b10-1.el7_7.x86_64/jre/lib/sunrsasign.jar:/usr/lib/jvm/java-1.8.0-openjdk-1.8.0.222.b10-1.el7_7.x86_64/jre/lib/jsse.jar:/usr/lib/jvm/java-1.8.0-openjdk-1.8.0.222.b10-1.el7_7.x86_64/jre/lib/jce.jar:/usr/lib/jvm/java-1.8.0-openjdk-1.8.0.222.b10-1.el7_7.x86_64/jre/lib/charsets.jar:/usr/lib/jvm/java-1.8.0-openjdk-1.8.0.222.b10-1.el7_7.x86_64/jre/lib/jfr.jar:/usr/lib/jvm/java-1.8.0-openjdk-1.8.0.222.b10-1.el7_7.x86_64/jre/classes"/>
    <property name="sun.management.compiler" value="HotSpot 64-Bit Tiered Compilers"/>
    <property name="java.runtime.version" value="1.8.0_222-b10"/>
    <property name="java.net.preferIPv4Stack" value="true"/>
    <property name="user.name" value="jenkins1000"/>
    <property name="path.separator" value=":"/>
    <property name="java.security.egd" value="file:///dev/urandom"/>
    <property name="os.version" value="3.10.0-957.12.2.el7.x86_64"/>
    <property name="java.endorsed.dirs" value="/usr/lib/jvm/java-1.8.0-openjdk-1.8.0.222.b10-1.el7_7.x86_64/jre/lib/endorsed"/>
    <property name="java.runtime.name" value="OpenJDK Runtime Environment"/>
    <property name="file.encoding" value="ANSI_X3.4-1968"/>
    <property name="java.vm.name" value="OpenJDK 64-Bit Server VM"/>
    <property name="test.build.webapps" value=""/>
    <property name="localRepository" value="/home/user/.m2/repository"/>
    <property name="java.vendor.url.bug" value="http://bugreport.sun.com/bugreport/"/>
    <property name="java.io.tmpdir" value="/tmp"/>
    <property name="require.test.libhadoop" value=""/>
    <property name="java.version" value="1.8.0_222"/>
    <property name="user.dir" value="/workdir/hadoop-ozone/integration-test"/>
    <property name="os.arch" value="amd64"/>
    <property name="java.vm.specification.name" value="Java Virtual Machine Specification"/>
    <property name="test.build.classes" value="/workdir/hadoop-ozone/integration-test/target/test-classes"/>
    <property name="java.awt.printerjob" value="sun.print.PSPrinterJob"/>
    <property name="sun.os.patch.level" value="unknown"/>
    <property name="hadoop.tmp.dir" value="/workdir/hadoop-ozone/integration-test/target/tmp"/>
    <property name="java.library.path" value="/usr/lib:/workdir/hadoop-ozone/integration-test/target/native/target/usr/local/lib:/workdir/hadoop-ozone/integration-test/../../hadoop-common-project/hadoop-common/target/native/target/usr/local/lib:/usr/java/packages/lib/amd64:/usr/lib64:/lib64:/lib:/usr/lib"/>
    <property name="java.vm.info" value="mixed mode"/>
    <property name="java.vendor" value="Oracle Corporation"/>
    <property name="java.vm.version" value="25.222-b10"/>
    <property name="java.ext.dirs" value="/usr/lib/jvm/java-1.8.0-openjdk-1.8.0.222.b10-1.el7_7.x86_64/jre/lib/ext:/usr/java/packages/lib/ext"/>
    <property name="sun.io.unicode.encoding" value="UnicodeLittle"/>
    <property name="java.class.version" value="52.0"/>
  </properties>
  <testcase name="testPipelineExclusionWithPipelineFailure" classname="org.apache.hadoop.ozone.client.rpc.TestFailureHandlingByClient" time="66.581"/>
  <testcase name="testContainerExclusionWithClosedContainerException" classname="org.apache.hadoop.ozone.client.rpc.TestFailureHandlingByClient" time="41.334"/>
  <testcase name="testWriteSmallFile" classname="org.apache.hadoop.ozone.client.rpc.TestFailureHandlingByClient" time="72.351"/>
  <testcase name="testBlockWritesWithDnFailures" classname="org.apache.hadoop.ozone.client.rpc.TestFailureHandlingByClient" time="52.542"/>
  <testcase name="testDatanodeExclusionWithMajorityCommit" classname="org.apache.hadoop.ozone.client.rpc.TestFailureHandlingByClient" time="55.01">
    <failure type="java.lang.AssertionError">java.lang.AssertionError
	at org.junit.Assert.fail(Assert.java:86)
	at org.junit.Assert.assertTrue(Assert.java:41)
	at org.junit.Assert.assertTrue(Assert.java:52)
	at org.apache.hadoop.ozone.client.rpc.TestFailureHandlingByClient.testDatanodeExclusionWithMajorityCommit(TestFailureHandlingByClient.java:318)
	at sun.reflect.NativeMethodAccessorImpl.invoke0(Native Method)
	at sun.reflect.NativeMethodAccessorImpl.invoke(NativeMethodAccessorImpl.java:62)
	at sun.reflect.DelegatingMethodAccessorImpl.invoke(DelegatingMethodAccessorImpl.java:43)
	at java.lang.reflect.Method.invoke(Method.java:498)
	at org.junit.runners.model.FrameworkMethod$1.runReflectiveCall(FrameworkMethod.java:47)
	at org.junit.internal.runners.model.ReflectiveCallable.run(ReflectiveCallable.java:12)
	at org.junit.runners.model.FrameworkMethod.invokeExplosively(FrameworkMethod.java:44)
	at org.junit.internal.runners.statements.InvokeMethod.evaluate(InvokeMethod.java:17)
	at org.junit.internal.runners.statements.RunAfters.evaluate(RunAfters.java:27)
	at org.junit.runners.ParentRunner.runLeaf(ParentRunner.java:271)
	at org.junit.runners.BlockJUnit4ClassRunner.runChild(BlockJUnit4ClassRunner.java:70)
	at org.junit.runners.BlockJUnit4ClassRunner.runChild(BlockJUnit4ClassRunner.java:50)
	at org.junit.runners.ParentRunner$3.run(ParentRunner.java:238)
	at org.junit.runners.ParentRunner$1.schedule(ParentRunner.java:63)
	at org.junit.runners.ParentRunner.runChildren(ParentRunner.java:236)
	at org.junit.runners.ParentRunner.access$000(ParentRunner.java:53)
	at org.junit.runners.ParentRunner$2.evaluate(ParentRunner.java:229)
	at org.junit.runners.ParentRunner.run(ParentRunner.java:309)
	at org.apache.maven.surefire.junit4.JUnit4Provider.execute(JUnit4Provider.java:365)
	at org.apache.maven.surefire.junit4.JUnit4Provider.executeWithRerun(JUnit4Provider.java:273)
	at org.apache.maven.surefire.junit4.JUnit4Provider.executeTestSet(JUnit4Provider.java:238)
	at org.apache.maven.surefire.junit4.JUnit4Provider.invoke(JUnit4Provider.java:159)
	at org.apache.maven.surefire.booter.ForkedBooter.invokeProviderInSameClassLoader(ForkedBooter.java:384)
	at org.apache.maven.surefire.booter.ForkedBooter.runSuitesInProcess(ForkedBooter.java:345)
	at org.apache.maven.surefire.booter.ForkedBooter.execute(ForkedBooter.java:126)
	at org.apache.maven.surefire.booter.ForkedBooter.main(ForkedBooter.java:418)
</failure>
    <system-out><![CDATA[2019-11-15 04:24:39,611 [main] WARN  server.ServerUtils (ServerUtils.java:getScmDbDir(145)) - ozone.scm.db.dirs is not configured. We recommend adding this setting. Falling back to ozone.metadata.dirs instead.
2019-11-15 04:24:39,621 [main] WARN  server.ServerUtils (ServerUtils.java:getScmDbDir(145)) - ozone.scm.db.dirs is not configured. We recommend adding this setting. Falling back to ozone.metadata.dirs instead.
2019-11-15 04:24:39,622 [main] WARN  server.ServerUtils (ServerUtils.java:getScmDbDir(145)) - ozone.scm.db.dirs is not configured. We recommend adding this setting. Falling back to ozone.metadata.dirs instead.
2019-11-15 04:24:39,622 [main] INFO  db.DBStoreBuilder (DBStoreBuilder.java:addTable(127)) - using custom profile for table: deletedBlocks
2019-11-15 04:24:39,623 [main] INFO  db.DBStoreBuilder (DBStoreBuilder.java:processTables(183)) - Using default column profile:DBProfile.DISK for Table:deletedBlocks
2019-11-15 04:24:39,623 [main] INFO  db.DBStoreBuilder (DBStoreBuilder.java:addTable(127)) - using custom profile for table: validCerts
2019-11-15 04:24:39,623 [main] INFO  db.DBStoreBuilder (DBStoreBuilder.java:processTables(183)) - Using default column profile:DBProfile.DISK for Table:validCerts
2019-11-15 04:24:39,623 [main] INFO  db.DBStoreBuilder (DBStoreBuilder.java:addTable(127)) - using custom profile for table: revokedCerts
2019-11-15 04:24:39,623 [main] INFO  db.DBStoreBuilder (DBStoreBuilder.java:processTables(183)) - Using default column profile:DBProfile.DISK for Table:revokedCerts
2019-11-15 04:24:39,623 [main] INFO  db.DBStoreBuilder (DBStoreBuilder.java:addTable(127)) - using custom profile for table: default
2019-11-15 04:24:39,623 [main] INFO  db.DBStoreBuilder (DBStoreBuilder.java:processTables(189)) - Using default column profile:DBProfile.DISK for Table:default
2019-11-15 04:24:39,624 [main] INFO  db.DBStoreBuilder (DBStoreBuilder.java:getDbProfile(220)) - Using default options. DBProfile.DISK
2019-11-15 04:24:39,807 [main] INFO  net.NodeSchemaLoader (NodeSchemaLoader.java:loadSchemaFromFile(125)) - Loading file from sun.misc.CompoundEnumeration@785ed99c
2019-11-15 04:24:39,808 [main] INFO  net.NodeSchemaLoader (NodeSchemaLoader.java:loadSchema(171)) - Loading network topology layer schema file
2019-11-15 04:24:39,815 [main] INFO  node.SCMNodeManager (SCMNodeManager.java:<init>(116)) - Entering startup safe mode.
2019-11-15 04:24:39,815 [main] INFO  algorithms.ContainerPlacementPolicyFactory (ContainerPlacementPolicyFactory.java:getPolicy(57)) - Create container placement policy of type org.apache.hadoop.hdds.scm.container.placement.algorithms.SCMContainerPlacementRandom
2019-11-15 04:24:39,816 [main] WARN  server.ServerUtils (ServerUtils.java:getScmDbDir(145)) - ozone.scm.db.dirs is not configured. We recommend adding this setting. Falling back to ozone.metadata.dirs instead.
2019-11-15 04:24:39,881 [main] INFO  pipeline.SCMPipelineManager (SCMPipelineManager.java:initializePipelineState(136)) - No pipeline exists in current db
2019-11-15 04:24:39,881 [main] WARN  server.ServerUtils (ServerUtils.java:getScmDbDir(145)) - ozone.scm.db.dirs is not configured. We recommend adding this setting. Falling back to ozone.metadata.dirs instead.
2019-11-15 04:24:40,034 [main] INFO  safemode.HealthyPipelineSafeModeRule (HealthyPipelineSafeModeRule.java:<init>(92)) -  Total pipeline count is 0, healthy pipeline threshold count is 1
2019-11-15 04:24:40,034 [main] INFO  safemode.OneReplicaPipelineSafeModeRule (OneReplicaPipelineSafeModeRule.java:<init>(79)) - Total pipeline count is 0, pipeline's with at least one datanode reported threshold count is 0
2019-11-15 04:24:40,034 [main] WARN  events.EventQueue (EventQueue.java:fireEvent(183)) - No event handler registered for event TypedEvent{payloadType=SafeModeStatus, name='SafeModeStatus'}
2019-11-15 04:24:40,036 [main] INFO  ipc.CallQueueManager (CallQueueManager.java:<init>(84)) - Using callQueue: class java.util.concurrent.LinkedBlockingQueue, queueCapacity: 2000, scheduler: class org.apache.hadoop.ipc.DefaultRpcScheduler, ipcBackoff: false.
2019-11-15 04:24:40,037 [Socket Reader #1 for port 42026] INFO  ipc.Server (Server.java:run(1074)) - Starting Socket Reader #1 for port 42026
2019-11-15 04:24:40,041 [main] INFO  ipc.CallQueueManager (CallQueueManager.java:<init>(84)) - Using callQueue: class java.util.concurrent.LinkedBlockingQueue, queueCapacity: 2000, scheduler: class org.apache.hadoop.ipc.DefaultRpcScheduler, ipcBackoff: false.
2019-11-15 04:24:40,042 [Socket Reader #1 for port 34092] INFO  ipc.Server (Server.java:run(1074)) - Starting Socket Reader #1 for port 34092
2019-11-15 04:24:40,044 [main] INFO  ipc.CallQueueManager (CallQueueManager.java:<init>(84)) - Using callQueue: class java.util.concurrent.LinkedBlockingQueue, queueCapacity: 2000, scheduler: class org.apache.hadoop.ipc.DefaultRpcScheduler, ipcBackoff: false.
2019-11-15 04:24:40,046 [Socket Reader #1 for port 43325] INFO  ipc.Server (Server.java:run(1074)) - Starting Socket Reader #1 for port 43325
2019-11-15 04:24:40,046 [main] INFO  hdfs.DFSUtil (DFSUtil.java:httpServerTemplateForNNAndJN(1641)) - Starting Web-server for scm at: http://0.0.0.0:0
2019-11-15 04:24:40,049 [main] INFO  server.AuthenticationFilter (AuthenticationFilter.java:constructSecretProvider(240)) - Unable to initialize FileSignerSecretProvider, falling back to use random secrets.
2019-11-15 04:24:40,050 [main] WARN  http.HttpRequestLog (HttpRequestLog.java:getRequestLog(97)) - Jetty request log can only be enabled using Log4j
2019-11-15 04:24:40,051 [main] INFO  http.HttpServer2 (HttpServer2.java:addGlobalFilter(975)) - Added global filter 'safety' (class=org.apache.hadoop.http.HttpServer2$QuotingInputFilter)
2019-11-15 04:24:40,052 [main] INFO  http.HttpServer2 (HttpServer2.java:addFilter(948)) - Added filter static_user_filter (class=org.apache.hadoop.http.lib.StaticUserWebFilter$StaticUserFilter) to context scm
2019-11-15 04:24:40,052 [main] INFO  http.HttpServer2 (HttpServer2.java:addFilter(958)) - Added filter static_user_filter (class=org.apache.hadoop.http.lib.StaticUserWebFilter$StaticUserFilter) to context static
2019-11-15 04:24:40,052 [main] INFO  http.HttpServer2 (HttpServer2.java:addFilter(958)) - Added filter static_user_filter (class=org.apache.hadoop.http.lib.StaticUserWebFilter$StaticUserFilter) to context logs
2019-11-15 04:24:40,054 [main] INFO  server.StorageContainerManager (StorageContainerManager.java:start(765)) - StorageContainerLocationProtocol RPC server is listening at /0.0.0.0:43325
2019-11-15 04:24:40,056 [main] WARN  impl.MetricsConfig (MetricsConfig.java:loadFirst(134)) - Cannot locate configuration: tried hadoop-metrics2-storagecontainermanager.properties,hadoop-metrics2.properties
2019-11-15 04:24:40,057 [main] INFO  impl.MetricsSystemImpl (MetricsSystemImpl.java:startTimer(374)) - Scheduled Metric snapshot period at 10 second(s).
2019-11-15 04:24:40,058 [main] INFO  impl.MetricsSystemImpl (MetricsSystemImpl.java:start(191)) - StorageContainerManager metrics system started
2019-11-15 04:24:40,097 [main] WARN  impl.MetricsSystemImpl (MetricsSystemImpl.java:register(276)) - Sink prometheus already exists!
2019-11-15 04:24:40,134 [main] INFO  server.SCMClientProtocolServer (SCMClientProtocolServer.java:start(160)) - RPC server for Client  is listening at /0.0.0.0:43325
2019-11-15 04:24:40,134 [IPC Server Responder] INFO  ipc.Server (Server.java:run(1314)) - IPC Server Responder: starting
2019-11-15 04:24:40,134 [IPC Server listener on 43325] INFO  ipc.Server (Server.java:run(1153)) - IPC Server listener on 43325: starting
2019-11-15 04:24:40,137 [main] INFO  server.StorageContainerManager (StorageContainerManager.java:start(775)) - ScmBlockLocationProtocol RPC server is listening at /0.0.0.0:34092
2019-11-15 04:24:40,137 [main] INFO  server.SCMBlockProtocolServer (SCMBlockProtocolServer.java:start(146)) - RPC server for Block Protocol is listening at /0.0.0.0:34092
2019-11-15 04:24:40,138 [IPC Server Responder] INFO  ipc.Server (Server.java:run(1314)) - IPC Server Responder: starting
2019-11-15 04:24:40,138 [IPC Server listener on 34092] INFO  ipc.Server (Server.java:run(1153)) - IPC Server listener on 34092: starting
2019-11-15 04:24:40,140 [main] INFO  server.StorageContainerManager (StorageContainerManager.java:start(779)) - ScmDatanodeProtocl RPC server is listening at /0.0.0.0:42026
2019-11-15 04:24:40,140 [main] INFO  server.SCMDatanodeProtocolServer (SCMDatanodeProtocolServer.java:start(177)) - RPC server for DataNodes is listening at /0.0.0.0:42026
2019-11-15 04:24:40,141 [IPC Server Responder] INFO  ipc.Server (Server.java:run(1314)) - IPC Server Responder: starting
2019-11-15 04:24:40,141 [IPC Server listener on 42026] INFO  ipc.Server (Server.java:run(1153)) - IPC Server listener on 42026: starting
2019-11-15 04:24:40,143 [main] INFO  http.HttpServer2 (HttpServer2.java:bindListener(1191)) - Jetty bound to port 36857
2019-11-15 04:24:40,144 [main] INFO  server.Server (Server.java:doStart(351)) - jetty-9.3.25.v20180904, build timestamp: 2018-09-04T21:11:46Z, git hash: 3ce520221d0240229c862b122d2b06c12a625732
2019-11-15 04:24:40,145 [main] INFO  handler.ContextHandler (ContextHandler.java:doStart(781)) - Started o.e.j.s.ServletContextHandler@1373e3ee{/logs,file:///workdir/hadoop-ozone/integration-test/target/log,AVAILABLE}
2019-11-15 04:24:40,146 [main] INFO  handler.ContextHandler (ContextHandler.java:doStart(781)) - Started o.e.j.s.ServletContextHandler@69a5c6be{/static,file:///workdir/hadoop-ozone/integration-test/target/test-classes/webapps/static,AVAILABLE}
2019-11-15 04:24:40,151 [main] INFO  handler.ContextHandler (ContextHandler.java:doStart(781)) - Started o.e.j.w.WebAppContext@2aea717c{/,file:///workdir/hadoop-ozone/integration-test/target/test-classes/webapps/scm/,AVAILABLE}{/scm}
2019-11-15 04:24:40,151 [main] INFO  server.AbstractConnector (AbstractConnector.java:doStart(278)) - Started ServerConnector@5ca4dce5{HTTP/1.1,[http/1.1]}{0.0.0.0:36857}
2019-11-15 04:24:40,152 [main] INFO  server.Server (Server.java:doStart(419)) - Started @233745ms
2019-11-15 04:24:40,152 [main] WARN  impl.MetricsSystemImpl (MetricsSystemImpl.java:register(276)) - Sink prometheus already exists!
2019-11-15 04:24:40,154 [main] INFO  server.BaseHttpServer (BaseHttpServer.java:updateConnectorAddress(215)) - HTTP server of SCM is listening at http://0.0.0.0:36857
2019-11-15 04:24:40,155 [main] WARN  server.ServerUtils (ServerUtils.java:getDBPath(222)) - ozone.om.db.dirs is not configured. We recommend adding this setting. Falling back to ozone.metadata.dirs instead.
2019-11-15 04:24:40,155 [org.apache.hadoop.util.JvmPauseMonitor$Monitor@7d133fb7] INFO  util.JvmPauseMonitor (JvmPauseMonitor.java:run(188)) - Starting JVM pause monitor
2019-11-15 04:24:40,161 [main] INFO  ha.OMHANodeDetails (OMHANodeDetails.java:loadOMHAConfig(190)) - Configuration either no ozone.om.address set. Falling back to the default OM address /127.0.0.1:0
2019-11-15 04:24:40,161 [main] INFO  ha.OMHANodeDetails (OMHANodeDetails.java:getOMNodeDetails(220)) - OM Service ID is not set. Setting it to the default ID: omServiceIdDefault
2019-11-15 04:24:40,161 [main] WARN  server.ServerUtils (ServerUtils.java:getDBPath(222)) - ozone.om.db.dirs is not configured. We recommend adding this setting. Falling back to ozone.metadata.dirs instead.
2019-11-15 04:24:40,161 [main] WARN  server.ServerUtils (ServerUtils.java:getDBPath(222)) - ozone.om.db.dirs is not configured. We recommend adding this setting. Falling back to ozone.metadata.dirs instead.
2019-11-15 04:24:40,166 [main] WARN  server.ServerUtils (ServerUtils.java:getDBPath(222)) - ozone.om.db.dirs is not configured. We recommend adding this setting. Falling back to ozone.metadata.dirs instead.
2019-11-15 04:24:40,166 [main] INFO  db.DBStoreBuilder (DBStoreBuilder.java:addTable(127)) - using custom profile for table: userTable
2019-11-15 04:24:40,166 [main] INFO  db.DBStoreBuilder (DBStoreBuilder.java:processTables(183)) - Using default column profile:DBProfile.DISK for Table:userTable
2019-11-15 04:24:40,167 [main] INFO  db.DBStoreBuilder (DBStoreBuilder.java:addTable(127)) - using custom profile for table: volumeTable
2019-11-15 04:24:40,167 [main] INFO  db.DBStoreBuilder (DBStoreBuilder.java:processTables(183)) - Using default column profile:DBProfile.DISK for Table:volumeTable
2019-11-15 04:24:40,167 [main] INFO  db.DBStoreBuilder (DBStoreBuilder.java:addTable(127)) - using custom profile for table: bucketTable
2019-11-15 04:24:40,167 [main] INFO  db.DBStoreBuilder (DBStoreBuilder.java:processTables(183)) - Using default column profile:DBProfile.DISK for Table:bucketTable
2019-11-15 04:24:40,167 [main] INFO  db.DBStoreBuilder (DBStoreBuilder.java:addTable(127)) - using custom profile for table: keyTable
2019-11-15 04:24:40,167 [main] INFO  db.DBStoreBuilder (DBStoreBuilder.java:processTables(183)) - Using default column profile:DBProfile.DISK for Table:keyTable
2019-11-15 04:24:40,167 [main] INFO  db.DBStoreBuilder (DBStoreBuilder.java:addTable(127)) - using custom profile for table: deletedTable
2019-11-15 04:24:40,167 [main] INFO  db.DBStoreBuilder (DBStoreBuilder.java:processTables(183)) - Using default column profile:DBProfile.DISK for Table:deletedTable
2019-11-15 04:24:40,168 [main] INFO  db.DBStoreBuilder (DBStoreBuilder.java:addTable(127)) - using custom profile for table: openKeyTable
2019-11-15 04:24:40,168 [main] INFO  db.DBStoreBuilder (DBStoreBuilder.java:processTables(183)) - Using default column profile:DBProfile.DISK for Table:openKeyTable
2019-11-15 04:24:40,168 [main] INFO  db.DBStoreBuilder (DBStoreBuilder.java:addTable(127)) - using custom profile for table: s3Table
2019-11-15 04:24:40,168 [main] INFO  db.DBStoreBuilder (DBStoreBuilder.java:processTables(183)) - Using default column profile:DBProfile.DISK for Table:s3Table
2019-11-15 04:24:40,168 [main] INFO  db.DBStoreBuilder (DBStoreBuilder.java:addTable(127)) - using custom profile for table: multipartInfoTable
2019-11-15 04:24:40,168 [main] INFO  db.DBStoreBuilder (DBStoreBuilder.java:processTables(183)) - Using default column profile:DBProfile.DISK for Table:multipartInfoTable
2019-11-15 04:24:40,168 [main] INFO  db.DBStoreBuilder (DBStoreBuilder.java:addTable(127)) - using custom profile for table: dTokenTable
2019-11-15 04:24:40,168 [main] INFO  db.DBStoreBuilder (DBStoreBuilder.java:processTables(183)) - Using default column profile:DBProfile.DISK for Table:dTokenTable
2019-11-15 04:24:40,169 [main] INFO  db.DBStoreBuilder (DBStoreBuilder.java:addTable(127)) - using custom profile for table: s3SecretTable
2019-11-15 04:24:40,169 [main] INFO  db.DBStoreBuilder (DBStoreBuilder.java:processTables(183)) - Using default column profile:DBProfile.DISK for Table:s3SecretTable
2019-11-15 04:24:40,169 [main] INFO  db.DBStoreBuilder (DBStoreBuilder.java:addTable(127)) - using custom profile for table: prefixTable
2019-11-15 04:24:40,169 [main] INFO  db.DBStoreBuilder (DBStoreBuilder.java:processTables(183)) - Using default column profile:DBProfile.DISK for Table:prefixTable
2019-11-15 04:24:40,169 [main] INFO  db.DBStoreBuilder (DBStoreBuilder.java:addTable(127)) - using custom profile for table: default
2019-11-15 04:24:40,169 [main] INFO  db.DBStoreBuilder (DBStoreBuilder.java:processTables(189)) - Using default column profile:DBProfile.DISK for Table:default
2019-11-15 04:24:40,169 [main] INFO  db.DBStoreBuilder (DBStoreBuilder.java:getDbProfile(220)) - Using default options. DBProfile.DISK
2019-11-15 04:24:41,057 [main] INFO  ipc.CallQueueManager (CallQueueManager.java:<init>(84)) - Using callQueue: class java.util.concurrent.LinkedBlockingQueue, queueCapacity: 2000, scheduler: class org.apache.hadoop.ipc.DefaultRpcScheduler, ipcBackoff: false.
2019-11-15 04:24:41,058 [Socket Reader #1 for port 38870] INFO  ipc.Server (Server.java:run(1074)) - Starting Socket Reader #1 for port 38870
2019-11-15 04:24:41,071 [main] INFO  om.OzoneManager (OzoneManager.java:start(1077)) - OzoneManager RPC server is listening at localhost/127.0.0.1:38870
2019-11-15 04:24:41,071 [main] INFO  impl.MetricsSystemImpl (MetricsSystemImpl.java:init(158)) - OzoneManager metrics system started (again)
2019-11-15 04:24:41,074 [IPC Server Responder] INFO  ipc.Server (Server.java:run(1314)) - IPC Server Responder: starting
2019-11-15 04:24:41,075 [IPC Server listener on 38870] INFO  ipc.Server (Server.java:run(1153)) - IPC Server listener on 38870: starting
2019-11-15 04:24:41,078 [main] INFO  hdfs.DFSUtil (DFSUtil.java:httpServerTemplateForNNAndJN(1641)) - Starting Web-server for ozoneManager at: http://0.0.0.0:0
2019-11-15 04:24:41,079 [main] INFO  server.AuthenticationFilter (AuthenticationFilter.java:constructSecretProvider(240)) - Unable to initialize FileSignerSecretProvider, falling back to use random secrets.
2019-11-15 04:24:41,080 [main] WARN  http.HttpRequestLog (HttpRequestLog.java:getRequestLog(97)) - Jetty request log can only be enabled using Log4j
2019-11-15 04:24:41,081 [main] INFO  http.HttpServer2 (HttpServer2.java:addGlobalFilter(975)) - Added global filter 'safety' (class=org.apache.hadoop.http.HttpServer2$QuotingInputFilter)
2019-11-15 04:24:41,081 [main] INFO  http.HttpServer2 (HttpServer2.java:addFilter(948)) - Added filter static_user_filter (class=org.apache.hadoop.http.lib.StaticUserWebFilter$StaticUserFilter) to context ozoneManager
2019-11-15 04:24:41,081 [main] INFO  http.HttpServer2 (HttpServer2.java:addFilter(958)) - Added filter static_user_filter (class=org.apache.hadoop.http.lib.StaticUserWebFilter$StaticUserFilter) to context static
2019-11-15 04:24:41,081 [main] INFO  http.HttpServer2 (HttpServer2.java:addFilter(958)) - Added filter static_user_filter (class=org.apache.hadoop.http.lib.StaticUserWebFilter$StaticUserFilter) to context logs
2019-11-15 04:24:41,082 [main] INFO  http.HttpServer2 (HttpServer2.java:bindListener(1191)) - Jetty bound to port 44514
2019-11-15 04:24:41,082 [main] INFO  server.Server (Server.java:doStart(351)) - jetty-9.3.25.v20180904, build timestamp: 2018-09-04T21:11:46Z, git hash: 3ce520221d0240229c862b122d2b06c12a625732
2019-11-15 04:24:41,083 [main] INFO  handler.ContextHandler (ContextHandler.java:doStart(781)) - Started o.e.j.s.ServletContextHandler@147cc940{/logs,file:///workdir/hadoop-ozone/integration-test/target/log,AVAILABLE}
2019-11-15 04:24:41,083 [main] INFO  handler.ContextHandler (ContextHandler.java:doStart(781)) - Started o.e.j.s.ServletContextHandler@70c29356{/static,file:///workdir/hadoop-ozone/integration-test/target/test-classes/webapps/static,AVAILABLE}
2019-11-15 04:24:41,086 [main] INFO  handler.ContextHandler (ContextHandler.java:doStart(781)) - Started o.e.j.w.WebAppContext@578c3fd9{/,file:///workdir/hadoop-ozone/integration-test/target/test-classes/webapps/ozoneManager/,AVAILABLE}{/ozoneManager}
2019-11-15 04:24:41,087 [main] INFO  server.AbstractConnector (AbstractConnector.java:doStart(278)) - Started ServerConnector@245cb8df{HTTP/1.1,[http/1.1]}{0.0.0.0:44514}
2019-11-15 04:24:41,087 [main] INFO  server.Server (Server.java:doStart(419)) - Started @234680ms
2019-11-15 04:24:41,088 [main] WARN  impl.MetricsSystemImpl (MetricsSystemImpl.java:register(276)) - Sink prometheus already exists!
2019-11-15 04:24:41,088 [main] INFO  server.BaseHttpServer (BaseHttpServer.java:updateConnectorAddress(215)) - HTTP server of OZONEMANAGER is listening at http://0.0.0.0:44514
2019-11-15 04:24:41,103 [main] INFO  impl.MetricsSystemImpl (MetricsSystemImpl.java:init(158)) - HddsDatanode metrics system started (again)
2019-11-15 04:24:41,105 [main] INFO  ozone.HddsDatanodeService (HddsDatanodeService.java:start(186)) - HddsDatanodeService host:trunk-nightly-20191115-sgx8w-1801196118 ip:192.168.34.61
2019-11-15 04:24:41,111 [main] INFO  volume.HddsVolume (HddsVolume.java:<init>(176)) - Creating Volume: /workdir/hadoop-ozone/integration-test/target/test-dir/MiniOzoneClusterImpl-b8077c48-d45a-4953-83b6-e1fc361e67bb/datanode-0/data/containers/hdds of  storage type : DISK and capacity : 1482555576320
2019-11-15 04:24:41,111 [main] INFO  volume.VolumeSet (VolumeSet.java:initializeVolumeSet(170)) - Added Volume : /workdir/hadoop-ozone/integration-test/target/test-dir/MiniOzoneClusterImpl-b8077c48-d45a-4953-83b6-e1fc361e67bb/datanode-0/data/containers/hdds to VolumeSet
2019-11-15 04:24:41,112 [main] INFO  volume.ThrottledAsyncChecker (ThrottledAsyncChecker.java:schedule(141)) - Scheduling a check for /workdir/hadoop-ozone/integration-test/target/test-dir/MiniOzoneClusterImpl-b8077c48-d45a-4953-83b6-e1fc361e67bb/datanode-0/data/containers/hdds
2019-11-15 04:24:41,112 [main] INFO  volume.HddsVolumeChecker (HddsVolumeChecker.java:checkAllVolumes(204)) - Scheduled health check for volume /workdir/hadoop-ozone/integration-test/target/test-dir/MiniOzoneClusterImpl-b8077c48-d45a-4953-83b6-e1fc361e67bb/datanode-0/data/containers/hdds
2019-11-15 04:24:41,122 [main] INFO  impl.RaftServerProxy (ConfUtils.java:logGet(43)) - raft.rpc.type = GRPC (default)
2019-11-15 04:24:41,123 [main] INFO  grpc.GrpcFactory (GrpcFactory.java:checkPooledByteBufAllocatorUseCacheForAllThreads(45)) - PERFORMANCE WARNING: useCacheForAllThreads is true that may cause Netty to create a lot garbage objects and, as a result, trigger GC.
	It is recommended to disable useCacheForAllThreads by setting -Dorg.apache.ratis.thirdparty.io.netty.allocator.useCacheForAllThreads=false in command line.
2019-11-15 04:24:41,123 [main] INFO  grpc.GrpcConfigKeys$Server (ConfUtils.java:logGet(43)) - raft.grpc.server.port = 0 (default)
2019-11-15 04:24:41,123 [main] INFO  server.GrpcService (ConfUtils.java:logGet(43)) - raft.grpc.message.size.max = 33570816 (custom)
2019-11-15 04:24:41,123 [main] INFO  server.RaftServerConfigKeys (ConfUtils.java:logGet(43)) - raft.server.log.appender.buffer.byte-limit = 33554432 (custom)
2019-11-15 04:24:41,123 [main] INFO  server.GrpcService (ConfUtils.java:logGet(43)) - raft.grpc.flow.control.window = 1MB (=1048576) (default)
2019-11-15 04:24:41,123 [main] INFO  server.RaftServerConfigKeys (ConfUtils.java:logGet(43)) - raft.server.rpc.request.timeout = 3000ms (default)
2019-11-15 04:24:41,124 [main] INFO  server.RaftServerConfigKeys (ConfUtils.java:logGet(43)) - raft.server.storage.dir = [/workdir/hadoop-ozone/integration-test/target/test-dir/MiniOzoneClusterImpl-b8077c48-d45a-4953-83b6-e1fc361e67bb/datanode-0/data/ratis] (custom)
2019-11-15 04:24:41,125 [main] INFO  hdfs.DFSUtil (DFSUtil.java:httpServerTemplateForNNAndJN(1641)) - Starting Web-server for hddsDatanode at: http://0.0.0.0:0
2019-11-15 04:24:41,126 [main] INFO  server.AuthenticationFilter (AuthenticationFilter.java:constructSecretProvider(240)) - Unable to initialize FileSignerSecretProvider, falling back to use random secrets.
2019-11-15 04:24:41,127 [main] WARN  http.HttpRequestLog (HttpRequestLog.java:getRequestLog(97)) - Jetty request log can only be enabled using Log4j
2019-11-15 04:24:41,128 [main] INFO  http.HttpServer2 (HttpServer2.java:addGlobalFilter(975)) - Added global filter 'safety' (class=org.apache.hadoop.http.HttpServer2$QuotingInputFilter)
2019-11-15 04:24:41,128 [main] INFO  http.HttpServer2 (HttpServer2.java:addFilter(948)) - Added filter static_user_filter (class=org.apache.hadoop.http.lib.StaticUserWebFilter$StaticUserFilter) to context hddsDatanode
2019-11-15 04:24:41,128 [main] INFO  http.HttpServer2 (HttpServer2.java:addFilter(958)) - Added filter static_user_filter (class=org.apache.hadoop.http.lib.StaticUserWebFilter$StaticUserFilter) to context logs
2019-11-15 04:24:41,128 [main] INFO  http.HttpServer2 (HttpServer2.java:addFilter(958)) - Added filter static_user_filter (class=org.apache.hadoop.http.lib.StaticUserWebFilter$StaticUserFilter) to context static
2019-11-15 04:24:41,129 [main] INFO  http.HttpServer2 (HttpServer2.java:bindListener(1191)) - Jetty bound to port 36471
2019-11-15 04:24:41,129 [main] INFO  server.Server (Server.java:doStart(351)) - jetty-9.3.25.v20180904, build timestamp: 2018-09-04T21:11:46Z, git hash: 3ce520221d0240229c862b122d2b06c12a625732
2019-11-15 04:24:41,130 [main] INFO  handler.ContextHandler (ContextHandler.java:doStart(781)) - Started o.e.j.s.ServletContextHandler@646d810b{/logs,file:///workdir/hadoop-ozone/integration-test/target/log,AVAILABLE}
2019-11-15 04:24:41,131 [main] INFO  handler.ContextHandler (ContextHandler.java:doStart(781)) - Started o.e.j.s.ServletContextHandler@9408857{/static,jar:file:/home/user/.m2/repository/org/apache/hadoop/hadoop-hdds-container-service/0.5.0-SNAPSHOT/hadoop-hdds-container-service-0.5.0-SNAPSHOT.jar!/webapps/static,AVAILABLE}
2019-11-15 04:24:41,160 [main] INFO  handler.ContextHandler (ContextHandler.java:doStart(781)) - Started o.e.j.w.WebAppContext@191ec193{/,file:///tmp/jetty-0.0.0.0-36471-hddsDatanode-_-any-3615374723077012823.dir/webapp/,AVAILABLE}{/hddsDatanode}
2019-11-15 04:24:41,161 [main] INFO  server.AbstractConnector (AbstractConnector.java:doStart(278)) - Started ServerConnector@6321a5aa{HTTP/1.1,[http/1.1]}{0.0.0.0:36471}
2019-11-15 04:24:41,161 [main] INFO  server.Server (Server.java:doStart(419)) - Started @234754ms
2019-11-15 04:24:41,162 [main] WARN  impl.MetricsSystemImpl (MetricsSystemImpl.java:register(276)) - Sink prometheus already exists!
2019-11-15 04:24:41,162 [main] INFO  server.BaseHttpServer (BaseHttpServer.java:updateConnectorAddress(215)) - HTTP server of HDDSDATANODE is listening at http://0.0.0.0:36471
2019-11-15 04:24:41,163 [main] INFO  impl.MetricsSystemImpl (MetricsSystemImpl.java:init(158)) - HddsDatanode metrics system started (again)
2019-11-15 04:24:41,164 [main] INFO  ozone.HddsDatanodeService (HddsDatanodeService.java:start(186)) - HddsDatanodeService host:trunk-nightly-20191115-sgx8w-1801196118 ip:192.168.34.61
2019-11-15 04:24:41,165 [org.apache.hadoop.util.JvmPauseMonitor$Monitor@76a6f348] INFO  util.JvmPauseMonitor (JvmPauseMonitor.java:run(188)) - Starting JVM pause monitor
2019-11-15 04:24:41,166 [Datanode State Machine Thread - 0] INFO  datanode.InitDatanodeState (InitDatanodeState.java:persistContainerDatanodeDetails(140)) - DatanodeDetails is persisted to /workdir/hadoop-ozone/integration-test/target/test-dir/MiniOzoneClusterImpl-b8077c48-d45a-4953-83b6-e1fc361e67bb/datanode-0/meta/datanode.id
2019-11-15 04:24:41,170 [main] INFO  volume.HddsVolume (HddsVolume.java:<init>(176)) - Creating Volume: /workdir/hadoop-ozone/integration-test/target/test-dir/MiniOzoneClusterImpl-b8077c48-d45a-4953-83b6-e1fc361e67bb/datanode-1/data/containers/hdds of  storage type : DISK and capacity : 1482555576320
2019-11-15 04:24:41,171 [main] INFO  volume.VolumeSet (VolumeSet.java:initializeVolumeSet(170)) - Added Volume : /workdir/hadoop-ozone/integration-test/target/test-dir/MiniOzoneClusterImpl-b8077c48-d45a-4953-83b6-e1fc361e67bb/datanode-1/data/containers/hdds to VolumeSet
2019-11-15 04:24:41,171 [main] INFO  volume.ThrottledAsyncChecker (ThrottledAsyncChecker.java:schedule(141)) - Scheduling a check for /workdir/hadoop-ozone/integration-test/target/test-dir/MiniOzoneClusterImpl-b8077c48-d45a-4953-83b6-e1fc361e67bb/datanode-1/data/containers/hdds
2019-11-15 04:24:41,171 [main] INFO  volume.HddsVolumeChecker (HddsVolumeChecker.java:checkAllVolumes(204)) - Scheduled health check for volume /workdir/hadoop-ozone/integration-test/target/test-dir/MiniOzoneClusterImpl-b8077c48-d45a-4953-83b6-e1fc361e67bb/datanode-1/data/containers/hdds
2019-11-15 04:24:41,181 [main] INFO  impl.RaftServerProxy (ConfUtils.java:logGet(43)) - raft.rpc.type = GRPC (default)
2019-11-15 04:24:41,182 [main] INFO  grpc.GrpcFactory (GrpcFactory.java:checkPooledByteBufAllocatorUseCacheForAllThreads(45)) - PERFORMANCE WARNING: useCacheForAllThreads is true that may cause Netty to create a lot garbage objects and, as a result, trigger GC.
	It is recommended to disable useCacheForAllThreads by setting -Dorg.apache.ratis.thirdparty.io.netty.allocator.useCacheForAllThreads=false in command line.
2019-11-15 04:24:41,182 [main] INFO  grpc.GrpcConfigKeys$Server (ConfUtils.java:logGet(43)) - raft.grpc.server.port = 0 (default)
2019-11-15 04:24:41,182 [main] INFO  server.GrpcService (ConfUtils.java:logGet(43)) - raft.grpc.message.size.max = 33570816 (custom)
2019-11-15 04:24:41,182 [main] INFO  server.RaftServerConfigKeys (ConfUtils.java:logGet(43)) - raft.server.log.appender.buffer.byte-limit = 33554432 (custom)
2019-11-15 04:24:41,182 [main] INFO  server.GrpcService (ConfUtils.java:logGet(43)) - raft.grpc.flow.control.window = 1MB (=1048576) (default)
2019-11-15 04:24:41,182 [main] INFO  server.RaftServerConfigKeys (ConfUtils.java:logGet(43)) - raft.server.rpc.request.timeout = 3000ms (default)
2019-11-15 04:24:41,183 [main] INFO  server.RaftServerConfigKeys (ConfUtils.java:logGet(43)) - raft.server.storage.dir = [/workdir/hadoop-ozone/integration-test/target/test-dir/MiniOzoneClusterImpl-b8077c48-d45a-4953-83b6-e1fc361e67bb/datanode-1/data/ratis] (custom)
2019-11-15 04:24:41,184 [main] INFO  hdfs.DFSUtil (DFSUtil.java:httpServerTemplateForNNAndJN(1641)) - Starting Web-server for hddsDatanode at: http://0.0.0.0:0
2019-11-15 04:24:41,185 [main] INFO  server.AuthenticationFilter (AuthenticationFilter.java:constructSecretProvider(240)) - Unable to initialize FileSignerSecretProvider, falling back to use random secrets.
2019-11-15 04:24:41,186 [main] WARN  http.HttpRequestLog (HttpRequestLog.java:getRequestLog(97)) - Jetty request log can only be enabled using Log4j
2019-11-15 04:24:41,187 [main] INFO  http.HttpServer2 (HttpServer2.java:addGlobalFilter(975)) - Added global filter 'safety' (class=org.apache.hadoop.http.HttpServer2$QuotingInputFilter)
2019-11-15 04:24:41,187 [main] INFO  http.HttpServer2 (HttpServer2.java:addFilter(948)) - Added filter static_user_filter (class=org.apache.hadoop.http.lib.StaticUserWebFilter$StaticUserFilter) to context hddsDatanode
2019-11-15 04:24:41,187 [main] INFO  http.HttpServer2 (HttpServer2.java:addFilter(958)) - Added filter static_user_filter (class=org.apache.hadoop.http.lib.StaticUserWebFilter$StaticUserFilter) to context static
2019-11-15 04:24:41,187 [main] INFO  http.HttpServer2 (HttpServer2.java:addFilter(958)) - Added filter static_user_filter (class=org.apache.hadoop.http.lib.StaticUserWebFilter$StaticUserFilter) to context logs
2019-11-15 04:24:41,188 [main] INFO  http.HttpServer2 (HttpServer2.java:bindListener(1191)) - Jetty bound to port 46596
2019-11-15 04:24:41,188 [main] INFO  server.Server (Server.java:doStart(351)) - jetty-9.3.25.v20180904, build timestamp: 2018-09-04T21:11:46Z, git hash: 3ce520221d0240229c862b122d2b06c12a625732
2019-11-15 04:24:41,189 [main] INFO  handler.ContextHandler (ContextHandler.java:doStart(781)) - Started o.e.j.s.ServletContextHandler@19fbc594{/logs,file:///workdir/hadoop-ozone/integration-test/target/log,AVAILABLE}
2019-11-15 04:24:41,190 [main] INFO  handler.ContextHandler (ContextHandler.java:doStart(781)) - Started o.e.j.s.ServletContextHandler@774d8276{/static,jar:file:/home/user/.m2/repository/org/apache/hadoop/hadoop-hdds-container-service/0.5.0-SNAPSHOT/hadoop-hdds-container-service-0.5.0-SNAPSHOT.jar!/webapps/static,AVAILABLE}
2019-11-15 04:24:41,219 [main] INFO  handler.ContextHandler (ContextHandler.java:doStart(781)) - Started o.e.j.w.WebAppContext@25ce435{/,file:///tmp/jetty-0.0.0.0-46596-hddsDatanode-_-any-2797791241332355414.dir/webapp/,AVAILABLE}{/hddsDatanode}
2019-11-15 04:24:41,220 [main] INFO  server.AbstractConnector (AbstractConnector.java:doStart(278)) - Started ServerConnector@7ea71fc2{HTTP/1.1,[http/1.1]}{0.0.0.0:46596}
2019-11-15 04:24:41,220 [main] INFO  server.Server (Server.java:doStart(419)) - Started @234813ms
2019-11-15 04:24:41,220 [main] WARN  impl.MetricsSystemImpl (MetricsSystemImpl.java:register(276)) - Sink prometheus already exists!
2019-11-15 04:24:41,221 [main] INFO  server.BaseHttpServer (BaseHttpServer.java:updateConnectorAddress(215)) - HTTP server of HDDSDATANODE is listening at http://0.0.0.0:46596
2019-11-15 04:24:41,222 [main] INFO  impl.MetricsSystemImpl (MetricsSystemImpl.java:init(158)) - HddsDatanode metrics system started (again)
2019-11-15 04:24:41,223 [main] INFO  ozone.HddsDatanodeService (HddsDatanodeService.java:start(186)) - HddsDatanodeService host:trunk-nightly-20191115-sgx8w-1801196118 ip:192.168.34.61
2019-11-15 04:24:41,224 [org.apache.hadoop.util.JvmPauseMonitor$Monitor@5aa05f32] INFO  util.JvmPauseMonitor (JvmPauseMonitor.java:run(188)) - Starting JVM pause monitor
2019-11-15 04:24:41,225 [Datanode State Machine Thread - 0] INFO  datanode.InitDatanodeState (InitDatanodeState.java:persistContainerDatanodeDetails(140)) - DatanodeDetails is persisted to /workdir/hadoop-ozone/integration-test/target/test-dir/MiniOzoneClusterImpl-b8077c48-d45a-4953-83b6-e1fc361e67bb/datanode-1/meta/datanode.id
2019-11-15 04:24:41,230 [main] INFO  volume.HddsVolume (HddsVolume.java:<init>(176)) - Creating Volume: /workdir/hadoop-ozone/integration-test/target/test-dir/MiniOzoneClusterImpl-b8077c48-d45a-4953-83b6-e1fc361e67bb/datanode-2/data/containers/hdds of  storage type : DISK and capacity : 1482555576320
2019-11-15 04:24:41,230 [main] INFO  volume.VolumeSet (VolumeSet.java:initializeVolumeSet(170)) - Added Volume : /workdir/hadoop-ozone/integration-test/target/test-dir/MiniOzoneClusterImpl-b8077c48-d45a-4953-83b6-e1fc361e67bb/datanode-2/data/containers/hdds to VolumeSet
2019-11-15 04:24:41,230 [main] INFO  volume.ThrottledAsyncChecker (ThrottledAsyncChecker.java:schedule(141)) - Scheduling a check for /workdir/hadoop-ozone/integration-test/target/test-dir/MiniOzoneClusterImpl-b8077c48-d45a-4953-83b6-e1fc361e67bb/datanode-2/data/containers/hdds
2019-11-15 04:24:41,231 [main] INFO  volume.HddsVolumeChecker (HddsVolumeChecker.java:checkAllVolumes(204)) - Scheduled health check for volume /workdir/hadoop-ozone/integration-test/target/test-dir/MiniOzoneClusterImpl-b8077c48-d45a-4953-83b6-e1fc361e67bb/datanode-2/data/containers/hdds
2019-11-15 04:24:41,241 [main] INFO  impl.RaftServerProxy (ConfUtils.java:logGet(43)) - raft.rpc.type = GRPC (default)
2019-11-15 04:24:41,241 [main] INFO  grpc.GrpcFactory (GrpcFactory.java:checkPooledByteBufAllocatorUseCacheForAllThreads(45)) - PERFORMANCE WARNING: useCacheForAllThreads is true that may cause Netty to create a lot garbage objects and, as a result, trigger GC.
	It is recommended to disable useCacheForAllThreads by setting -Dorg.apache.ratis.thirdparty.io.netty.allocator.useCacheForAllThreads=false in command line.
2019-11-15 04:24:41,241 [main] INFO  grpc.GrpcConfigKeys$Server (ConfUtils.java:logGet(43)) - raft.grpc.server.port = 0 (default)
2019-11-15 04:24:41,242 [main] INFO  server.GrpcService (ConfUtils.java:logGet(43)) - raft.grpc.message.size.max = 33570816 (custom)
2019-11-15 04:24:41,242 [main] INFO  server.RaftServerConfigKeys (ConfUtils.java:logGet(43)) - raft.server.log.appender.buffer.byte-limit = 33554432 (custom)
2019-11-15 04:24:41,242 [main] INFO  server.GrpcService (ConfUtils.java:logGet(43)) - raft.grpc.flow.control.window = 1MB (=1048576) (default)
2019-11-15 04:24:41,242 [main] INFO  server.RaftServerConfigKeys (ConfUtils.java:logGet(43)) - raft.server.rpc.request.timeout = 3000ms (default)
2019-11-15 04:24:41,242 [main] INFO  server.RaftServerConfigKeys (ConfUtils.java:logGet(43)) - raft.server.storage.dir = [/workdir/hadoop-ozone/integration-test/target/test-dir/MiniOzoneClusterImpl-b8077c48-d45a-4953-83b6-e1fc361e67bb/datanode-2/data/ratis] (custom)
2019-11-15 04:24:41,244 [main] INFO  hdfs.DFSUtil (DFSUtil.java:httpServerTemplateForNNAndJN(1641)) - Starting Web-server for hddsDatanode at: http://0.0.0.0:0
2019-11-15 04:24:41,245 [main] INFO  server.AuthenticationFilter (AuthenticationFilter.java:constructSecretProvider(240)) - Unable to initialize FileSignerSecretProvider, falling back to use random secrets.
2019-11-15 04:24:41,245 [main] WARN  http.HttpRequestLog (HttpRequestLog.java:getRequestLog(97)) - Jetty request log can only be enabled using Log4j
2019-11-15 04:24:41,246 [main] INFO  http.HttpServer2 (HttpServer2.java:addGlobalFilter(975)) - Added global filter 'safety' (class=org.apache.hadoop.http.HttpServer2$QuotingInputFilter)
2019-11-15 04:24:41,247 [main] INFO  http.HttpServer2 (HttpServer2.java:addFilter(948)) - Added filter static_user_filter (class=org.apache.hadoop.http.lib.StaticUserWebFilter$StaticUserFilter) to context hddsDatanode
2019-11-15 04:24:41,247 [main] INFO  http.HttpServer2 (HttpServer2.java:addFilter(958)) - Added filter static_user_filter (class=org.apache.hadoop.http.lib.StaticUserWebFilter$StaticUserFilter) to context logs
2019-11-15 04:24:41,247 [main] INFO  http.HttpServer2 (HttpServer2.java:addFilter(958)) - Added filter static_user_filter (class=org.apache.hadoop.http.lib.StaticUserWebFilter$StaticUserFilter) to context static
2019-11-15 04:24:41,248 [main] INFO  http.HttpServer2 (HttpServer2.java:bindListener(1191)) - Jetty bound to port 34415
2019-11-15 04:24:41,248 [main] INFO  server.Server (Server.java:doStart(351)) - jetty-9.3.25.v20180904, build timestamp: 2018-09-04T21:11:46Z, git hash: 3ce520221d0240229c862b122d2b06c12a625732
2019-11-15 04:24:41,249 [main] INFO  handler.ContextHandler (ContextHandler.java:doStart(781)) - Started o.e.j.s.ServletContextHandler@7ac5b4c{/logs,file:///workdir/hadoop-ozone/integration-test/target/log,AVAILABLE}
2019-11-15 04:24:41,249 [main] INFO  handler.ContextHandler (ContextHandler.java:doStart(781)) - Started o.e.j.s.ServletContextHandler@55d8c2c4{/static,jar:file:/home/user/.m2/repository/org/apache/hadoop/hadoop-hdds-container-service/0.5.0-SNAPSHOT/hadoop-hdds-container-service-0.5.0-SNAPSHOT.jar!/webapps/static,AVAILABLE}
2019-11-15 04:24:41,279 [main] INFO  handler.ContextHandler (ContextHandler.java:doStart(781)) - Started o.e.j.w.WebAppContext@42d9e8d2{/,file:///tmp/jetty-0.0.0.0-34415-hddsDatanode-_-any-5719145594886148701.dir/webapp/,AVAILABLE}{/hddsDatanode}
2019-11-15 04:24:41,279 [main] INFO  server.AbstractConnector (AbstractConnector.java:doStart(278)) - Started ServerConnector@4b93dd6a{HTTP/1.1,[http/1.1]}{0.0.0.0:34415}
2019-11-15 04:24:41,280 [main] INFO  server.Server (Server.java:doStart(419)) - Started @234873ms
2019-11-15 04:24:41,280 [main] WARN  impl.MetricsSystemImpl (MetricsSystemImpl.java:register(276)) - Sink prometheus already exists!
2019-11-15 04:24:41,281 [main] INFO  server.BaseHttpServer (BaseHttpServer.java:updateConnectorAddress(215)) - HTTP server of HDDSDATANODE is listening at http://0.0.0.0:34415
2019-11-15 04:24:41,281 [main] INFO  impl.MetricsSystemImpl (MetricsSystemImpl.java:init(158)) - HddsDatanode metrics system started (again)
2019-11-15 04:24:41,284 [main] INFO  ozone.HddsDatanodeService (HddsDatanodeService.java:start(186)) - HddsDatanodeService host:trunk-nightly-20191115-sgx8w-1801196118 ip:192.168.34.61
2019-11-15 04:24:41,284 [org.apache.hadoop.util.JvmPauseMonitor$Monitor@5ef86d02] INFO  util.JvmPauseMonitor (JvmPauseMonitor.java:run(188)) - Starting JVM pause monitor
2019-11-15 04:24:41,285 [Datanode State Machine Thread - 0] INFO  datanode.InitDatanodeState (InitDatanodeState.java:persistContainerDatanodeDetails(140)) - DatanodeDetails is persisted to /workdir/hadoop-ozone/integration-test/target/test-dir/MiniOzoneClusterImpl-b8077c48-d45a-4953-83b6-e1fc361e67bb/datanode-2/meta/datanode.id
2019-11-15 04:24:41,289 [main] INFO  volume.HddsVolume (HddsVolume.java:<init>(176)) - Creating Volume: /workdir/hadoop-ozone/integration-test/target/test-dir/MiniOzoneClusterImpl-b8077c48-d45a-4953-83b6-e1fc361e67bb/datanode-3/data/containers/hdds of  storage type : DISK and capacity : 1482555576320
2019-11-15 04:24:41,290 [main] INFO  volume.VolumeSet (VolumeSet.java:initializeVolumeSet(170)) - Added Volume : /workdir/hadoop-ozone/integration-test/target/test-dir/MiniOzoneClusterImpl-b8077c48-d45a-4953-83b6-e1fc361e67bb/datanode-3/data/containers/hdds to VolumeSet
2019-11-15 04:24:41,290 [main] INFO  volume.ThrottledAsyncChecker (ThrottledAsyncChecker.java:schedule(141)) - Scheduling a check for /workdir/hadoop-ozone/integration-test/target/test-dir/MiniOzoneClusterImpl-b8077c48-d45a-4953-83b6-e1fc361e67bb/datanode-3/data/containers/hdds
2019-11-15 04:24:41,290 [main] INFO  volume.HddsVolumeChecker (HddsVolumeChecker.java:checkAllVolumes(204)) - Scheduled health check for volume /workdir/hadoop-ozone/integration-test/target/test-dir/MiniOzoneClusterImpl-b8077c48-d45a-4953-83b6-e1fc361e67bb/datanode-3/data/containers/hdds
2019-11-15 04:24:41,300 [main] INFO  impl.RaftServerProxy (ConfUtils.java:logGet(43)) - raft.rpc.type = GRPC (default)
2019-11-15 04:24:41,300 [main] INFO  grpc.GrpcFactory (GrpcFactory.java:checkPooledByteBufAllocatorUseCacheForAllThreads(45)) - PERFORMANCE WARNING: useCacheForAllThreads is true that may cause Netty to create a lot garbage objects and, as a result, trigger GC.
	It is recommended to disable useCacheForAllThreads by setting -Dorg.apache.ratis.thirdparty.io.netty.allocator.useCacheForAllThreads=false in command line.
2019-11-15 04:24:41,300 [main] INFO  grpc.GrpcConfigKeys$Server (ConfUtils.java:logGet(43)) - raft.grpc.server.port = 0 (default)
2019-11-15 04:24:41,301 [main] INFO  server.GrpcService (ConfUtils.java:logGet(43)) - raft.grpc.message.size.max = 33570816 (custom)
2019-11-15 04:24:41,301 [main] INFO  server.RaftServerConfigKeys (ConfUtils.java:logGet(43)) - raft.server.log.appender.buffer.byte-limit = 33554432 (custom)
2019-11-15 04:24:41,301 [main] INFO  server.GrpcService (ConfUtils.java:logGet(43)) - raft.grpc.flow.control.window = 1MB (=1048576) (default)
2019-11-15 04:24:41,301 [main] INFO  server.RaftServerConfigKeys (ConfUtils.java:logGet(43)) - raft.server.rpc.request.timeout = 3000ms (default)
2019-11-15 04:24:41,301 [main] INFO  server.RaftServerConfigKeys (ConfUtils.java:logGet(43)) - raft.server.storage.dir = [/workdir/hadoop-ozone/integration-test/target/test-dir/MiniOzoneClusterImpl-b8077c48-d45a-4953-83b6-e1fc361e67bb/datanode-3/data/ratis] (custom)
2019-11-15 04:24:41,303 [main] INFO  hdfs.DFSUtil (DFSUtil.java:httpServerTemplateForNNAndJN(1641)) - Starting Web-server for hddsDatanode at: http://0.0.0.0:0
2019-11-15 04:24:41,304 [main] INFO  server.AuthenticationFilter (AuthenticationFilter.java:constructSecretProvider(240)) - Unable to initialize FileSignerSecretProvider, falling back to use random secrets.
2019-11-15 04:24:41,304 [main] WARN  http.HttpRequestLog (HttpRequestLog.java:getRequestLog(97)) - Jetty request log can only be enabled using Log4j
2019-11-15 04:24:41,305 [main] INFO  http.HttpServer2 (HttpServer2.java:addGlobalFilter(975)) - Added global filter 'safety' (class=org.apache.hadoop.http.HttpServer2$QuotingInputFilter)
2019-11-15 04:24:41,306 [main] INFO  http.HttpServer2 (HttpServer2.java:addFilter(948)) - Added filter static_user_filter (class=org.apache.hadoop.http.lib.StaticUserWebFilter$StaticUserFilter) to context hddsDatanode
2019-11-15 04:24:41,306 [main] INFO  http.HttpServer2 (HttpServer2.java:addFilter(958)) - Added filter static_user_filter (class=org.apache.hadoop.http.lib.StaticUserWebFilter$StaticUserFilter) to context logs
2019-11-15 04:24:41,306 [main] INFO  http.HttpServer2 (HttpServer2.java:addFilter(958)) - Added filter static_user_filter (class=org.apache.hadoop.http.lib.StaticUserWebFilter$StaticUserFilter) to context static
2019-11-15 04:24:41,307 [main] INFO  http.HttpServer2 (HttpServer2.java:bindListener(1191)) - Jetty bound to port 37942
2019-11-15 04:24:41,307 [main] INFO  server.Server (Server.java:doStart(351)) - jetty-9.3.25.v20180904, build timestamp: 2018-09-04T21:11:46Z, git hash: 3ce520221d0240229c862b122d2b06c12a625732
2019-11-15 04:24:41,308 [main] INFO  handler.ContextHandler (ContextHandler.java:doStart(781)) - Started o.e.j.s.ServletContextHandler@3d1c933{/logs,file:///workdir/hadoop-ozone/integration-test/target/log,AVAILABLE}
2019-11-15 04:24:41,308 [main] INFO  handler.ContextHandler (ContextHandler.java:doStart(781)) - Started o.e.j.s.ServletContextHandler@626c569b{/static,jar:file:/home/user/.m2/repository/org/apache/hadoop/hadoop-hdds-container-service/0.5.0-SNAPSHOT/hadoop-hdds-container-service-0.5.0-SNAPSHOT.jar!/webapps/static,AVAILABLE}
2019-11-15 04:24:41,339 [main] INFO  handler.ContextHandler (ContextHandler.java:doStart(781)) - Started o.e.j.w.WebAppContext@1068176{/,file:///tmp/jetty-0.0.0.0-37942-hddsDatanode-_-any-7969644841535642378.dir/webapp/,AVAILABLE}{/hddsDatanode}
2019-11-15 04:24:41,340 [main] INFO  server.AbstractConnector (AbstractConnector.java:doStart(278)) - Started ServerConnector@5bf4764d{HTTP/1.1,[http/1.1]}{0.0.0.0:37942}
2019-11-15 04:24:41,341 [main] INFO  server.Server (Server.java:doStart(419)) - Started @234934ms
2019-11-15 04:24:41,341 [main] WARN  impl.MetricsSystemImpl (MetricsSystemImpl.java:register(276)) - Sink prometheus already exists!
2019-11-15 04:24:41,342 [main] INFO  server.BaseHttpServer (BaseHttpServer.java:updateConnectorAddress(215)) - HTTP server of HDDSDATANODE is listening at http://0.0.0.0:37942
2019-11-15 04:24:41,343 [main] INFO  impl.MetricsSystemImpl (MetricsSystemImpl.java:init(158)) - HddsDatanode metrics system started (again)
2019-11-15 04:24:41,344 [org.apache.hadoop.util.JvmPauseMonitor$Monitor@49ea2a5e] INFO  util.JvmPauseMonitor (JvmPauseMonitor.java:run(188)) - Starting JVM pause monitor
2019-11-15 04:24:41,347 [main] INFO  ozone.HddsDatanodeService (HddsDatanodeService.java:start(186)) - HddsDatanodeService host:trunk-nightly-20191115-sgx8w-1801196118 ip:192.168.34.61
2019-11-15 04:24:41,347 [Datanode State Machine Thread - 0] INFO  datanode.InitDatanodeState (InitDatanodeState.java:persistContainerDatanodeDetails(140)) - DatanodeDetails is persisted to /workdir/hadoop-ozone/integration-test/target/test-dir/MiniOzoneClusterImpl-b8077c48-d45a-4953-83b6-e1fc361e67bb/datanode-3/meta/datanode.id
2019-11-15 04:24:41,354 [main] INFO  volume.HddsVolume (HddsVolume.java:<init>(176)) - Creating Volume: /workdir/hadoop-ozone/integration-test/target/test-dir/MiniOzoneClusterImpl-b8077c48-d45a-4953-83b6-e1fc361e67bb/datanode-4/data/containers/hdds of  storage type : DISK and capacity : 1482555576320
2019-11-15 04:24:41,354 [main] INFO  volume.VolumeSet (VolumeSet.java:initializeVolumeSet(170)) - Added Volume : /workdir/hadoop-ozone/integration-test/target/test-dir/MiniOzoneClusterImpl-b8077c48-d45a-4953-83b6-e1fc361e67bb/datanode-4/data/containers/hdds to VolumeSet
2019-11-15 04:24:41,354 [main] INFO  volume.ThrottledAsyncChecker (ThrottledAsyncChecker.java:schedule(141)) - Scheduling a check for /workdir/hadoop-ozone/integration-test/target/test-dir/MiniOzoneClusterImpl-b8077c48-d45a-4953-83b6-e1fc361e67bb/datanode-4/data/containers/hdds
2019-11-15 04:24:41,354 [main] INFO  volume.HddsVolumeChecker (HddsVolumeChecker.java:checkAllVolumes(204)) - Scheduled health check for volume /workdir/hadoop-ozone/integration-test/target/test-dir/MiniOzoneClusterImpl-b8077c48-d45a-4953-83b6-e1fc361e67bb/datanode-4/data/containers/hdds
2019-11-15 04:24:41,366 [main] INFO  impl.RaftServerProxy (ConfUtils.java:logGet(43)) - raft.rpc.type = GRPC (default)
2019-11-15 04:24:41,366 [main] INFO  grpc.GrpcFactory (GrpcFactory.java:checkPooledByteBufAllocatorUseCacheForAllThreads(45)) - PERFORMANCE WARNING: useCacheForAllThreads is true that may cause Netty to create a lot garbage objects and, as a result, trigger GC.
	It is recommended to disable useCacheForAllThreads by setting -Dorg.apache.ratis.thirdparty.io.netty.allocator.useCacheForAllThreads=false in command line.
2019-11-15 04:24:41,366 [main] INFO  grpc.GrpcConfigKeys$Server (ConfUtils.java:logGet(43)) - raft.grpc.server.port = 0 (default)
2019-11-15 04:24:41,366 [main] INFO  server.GrpcService (ConfUtils.java:logGet(43)) - raft.grpc.message.size.max = 33570816 (custom)
2019-11-15 04:24:41,366 [main] INFO  server.RaftServerConfigKeys (ConfUtils.java:logGet(43)) - raft.server.log.appender.buffer.byte-limit = 33554432 (custom)
2019-11-15 04:24:41,367 [main] INFO  server.GrpcService (ConfUtils.java:logGet(43)) - raft.grpc.flow.control.window = 1MB (=1048576) (default)
2019-11-15 04:24:41,367 [main] INFO  server.RaftServerConfigKeys (ConfUtils.java:logGet(43)) - raft.server.rpc.request.timeout = 3000ms (default)
2019-11-15 04:24:41,367 [main] INFO  server.RaftServerConfigKeys (ConfUtils.java:logGet(43)) - raft.server.storage.dir = [/workdir/hadoop-ozone/integration-test/target/test-dir/MiniOzoneClusterImpl-b8077c48-d45a-4953-83b6-e1fc361e67bb/datanode-4/data/ratis] (custom)
2019-11-15 04:24:41,368 [main] INFO  hdfs.DFSUtil (DFSUtil.java:httpServerTemplateForNNAndJN(1641)) - Starting Web-server for hddsDatanode at: http://0.0.0.0:0
2019-11-15 04:24:41,370 [main] INFO  server.AuthenticationFilter (AuthenticationFilter.java:constructSecretProvider(240)) - Unable to initialize FileSignerSecretProvider, falling back to use random secrets.
2019-11-15 04:24:41,370 [main] WARN  http.HttpRequestLog (HttpRequestLog.java:getRequestLog(97)) - Jetty request log can only be enabled using Log4j
2019-11-15 04:24:41,371 [main] INFO  http.HttpServer2 (HttpServer2.java:addGlobalFilter(975)) - Added global filter 'safety' (class=org.apache.hadoop.http.HttpServer2$QuotingInputFilter)
2019-11-15 04:24:41,371 [main] INFO  http.HttpServer2 (HttpServer2.java:addFilter(948)) - Added filter static_user_filter (class=org.apache.hadoop.http.lib.StaticUserWebFilter$StaticUserFilter) to context hddsDatanode
2019-11-15 04:24:41,371 [main] INFO  http.HttpServer2 (HttpServer2.java:addFilter(958)) - Added filter static_user_filter (class=org.apache.hadoop.http.lib.StaticUserWebFilter$StaticUserFilter) to context logs
2019-11-15 04:24:41,372 [main] INFO  http.HttpServer2 (HttpServer2.java:addFilter(958)) - Added filter static_user_filter (class=org.apache.hadoop.http.lib.StaticUserWebFilter$StaticUserFilter) to context static
2019-11-15 04:24:41,372 [main] INFO  http.HttpServer2 (HttpServer2.java:bindListener(1191)) - Jetty bound to port 43982
2019-11-15 04:24:41,372 [main] INFO  server.Server (Server.java:doStart(351)) - jetty-9.3.25.v20180904, build timestamp: 2018-09-04T21:11:46Z, git hash: 3ce520221d0240229c862b122d2b06c12a625732
2019-11-15 04:24:41,373 [main] INFO  handler.ContextHandler (ContextHandler.java:doStart(781)) - Started o.e.j.s.ServletContextHandler@21002393{/logs,file:///workdir/hadoop-ozone/integration-test/target/log,AVAILABLE}
2019-11-15 04:24:41,374 [main] INFO  handler.ContextHandler (ContextHandler.java:doStart(781)) - Started o.e.j.s.ServletContextHandler@69f080ad{/static,jar:file:/home/user/.m2/repository/org/apache/hadoop/hadoop-hdds-container-service/0.5.0-SNAPSHOT/hadoop-hdds-container-service-0.5.0-SNAPSHOT.jar!/webapps/static,AVAILABLE}
2019-11-15 04:24:41,404 [main] INFO  handler.ContextHandler (ContextHandler.java:doStart(781)) - Started o.e.j.w.WebAppContext@21f9c6ea{/,file:///tmp/jetty-0.0.0.0-43982-hddsDatanode-_-any-7027015092598986617.dir/webapp/,AVAILABLE}{/hddsDatanode}
2019-11-15 04:24:41,404 [main] INFO  server.AbstractConnector (AbstractConnector.java:doStart(278)) - Started ServerConnector@418f0534{HTTP/1.1,[http/1.1]}{0.0.0.0:43982}
2019-11-15 04:24:41,405 [main] INFO  server.Server (Server.java:doStart(419)) - Started @234998ms
2019-11-15 04:24:41,405 [main] WARN  impl.MetricsSystemImpl (MetricsSystemImpl.java:register(276)) - Sink prometheus already exists!
2019-11-15 04:24:41,407 [main] INFO  server.BaseHttpServer (BaseHttpServer.java:updateConnectorAddress(215)) - HTTP server of HDDSDATANODE is listening at http://0.0.0.0:43982
2019-11-15 04:24:41,407 [main] INFO  impl.MetricsSystemImpl (MetricsSystemImpl.java:init(158)) - HddsDatanode metrics system started (again)
2019-11-15 04:24:41,410 [main] INFO  ozone.HddsDatanodeService (HddsDatanodeService.java:start(186)) - HddsDatanodeService host:trunk-nightly-20191115-sgx8w-1801196118 ip:192.168.34.61
2019-11-15 04:24:41,410 [org.apache.hadoop.util.JvmPauseMonitor$Monitor@4af22dce] INFO  util.JvmPauseMonitor (JvmPauseMonitor.java:run(188)) - Starting JVM pause monitor
2019-11-15 04:24:41,411 [Datanode State Machine Thread - 0] INFO  datanode.InitDatanodeState (InitDatanodeState.java:persistContainerDatanodeDetails(140)) - DatanodeDetails is persisted to /workdir/hadoop-ozone/integration-test/target/test-dir/MiniOzoneClusterImpl-b8077c48-d45a-4953-83b6-e1fc361e67bb/datanode-4/meta/datanode.id
2019-11-15 04:24:41,417 [main] INFO  volume.HddsVolume (HddsVolume.java:<init>(176)) - Creating Volume: /workdir/hadoop-ozone/integration-test/target/test-dir/MiniOzoneClusterImpl-b8077c48-d45a-4953-83b6-e1fc361e67bb/datanode-5/data/containers/hdds of  storage type : DISK and capacity : 1482555576320
2019-11-15 04:24:41,418 [main] INFO  volume.VolumeSet (VolumeSet.java:initializeVolumeSet(170)) - Added Volume : /workdir/hadoop-ozone/integration-test/target/test-dir/MiniOzoneClusterImpl-b8077c48-d45a-4953-83b6-e1fc361e67bb/datanode-5/data/containers/hdds to VolumeSet
2019-11-15 04:24:41,418 [main] INFO  volume.ThrottledAsyncChecker (ThrottledAsyncChecker.java:schedule(141)) - Scheduling a check for /workdir/hadoop-ozone/integration-test/target/test-dir/MiniOzoneClusterImpl-b8077c48-d45a-4953-83b6-e1fc361e67bb/datanode-5/data/containers/hdds
2019-11-15 04:24:41,418 [main] INFO  volume.HddsVolumeChecker (HddsVolumeChecker.java:checkAllVolumes(204)) - Scheduled health check for volume /workdir/hadoop-ozone/integration-test/target/test-dir/MiniOzoneClusterImpl-b8077c48-d45a-4953-83b6-e1fc361e67bb/datanode-5/data/containers/hdds
2019-11-15 04:24:41,430 [main] INFO  impl.RaftServerProxy (ConfUtils.java:logGet(43)) - raft.rpc.type = GRPC (default)
2019-11-15 04:24:41,430 [main] INFO  grpc.GrpcFactory (GrpcFactory.java:checkPooledByteBufAllocatorUseCacheForAllThreads(45)) - PERFORMANCE WARNING: useCacheForAllThreads is true that may cause Netty to create a lot garbage objects and, as a result, trigger GC.
	It is recommended to disable useCacheForAllThreads by setting -Dorg.apache.ratis.thirdparty.io.netty.allocator.useCacheForAllThreads=false in command line.
2019-11-15 04:24:41,430 [main] INFO  grpc.GrpcConfigKeys$Server (ConfUtils.java:logGet(43)) - raft.grpc.server.port = 0 (default)
2019-11-15 04:24:41,430 [main] INFO  server.GrpcService (ConfUtils.java:logGet(43)) - raft.grpc.message.size.max = 33570816 (custom)
2019-11-15 04:24:41,431 [main] INFO  server.RaftServerConfigKeys (ConfUtils.java:logGet(43)) - raft.server.log.appender.buffer.byte-limit = 33554432 (custom)
2019-11-15 04:24:41,431 [main] INFO  server.GrpcService (ConfUtils.java:logGet(43)) - raft.grpc.flow.control.window = 1MB (=1048576) (default)
2019-11-15 04:24:41,431 [main] INFO  server.RaftServerConfigKeys (ConfUtils.java:logGet(43)) - raft.server.rpc.request.timeout = 3000ms (default)
2019-11-15 04:24:41,431 [main] INFO  server.RaftServerConfigKeys (ConfUtils.java:logGet(43)) - raft.server.storage.dir = [/workdir/hadoop-ozone/integration-test/target/test-dir/MiniOzoneClusterImpl-b8077c48-d45a-4953-83b6-e1fc361e67bb/datanode-5/data/ratis] (custom)
2019-11-15 04:24:41,433 [main] INFO  hdfs.DFSUtil (DFSUtil.java:httpServerTemplateForNNAndJN(1641)) - Starting Web-server for hddsDatanode at: http://0.0.0.0:0
2019-11-15 04:24:41,434 [main] INFO  server.AuthenticationFilter (AuthenticationFilter.java:constructSecretProvider(240)) - Unable to initialize FileSignerSecretProvider, falling back to use random secrets.
2019-11-15 04:24:41,434 [main] WARN  http.HttpRequestLog (HttpRequestLog.java:getRequestLog(97)) - Jetty request log can only be enabled using Log4j
2019-11-15 04:24:41,435 [main] INFO  http.HttpServer2 (HttpServer2.java:addGlobalFilter(975)) - Added global filter 'safety' (class=org.apache.hadoop.http.HttpServer2$QuotingInputFilter)
2019-11-15 04:24:41,436 [main] INFO  http.HttpServer2 (HttpServer2.java:addFilter(948)) - Added filter static_user_filter (class=org.apache.hadoop.http.lib.StaticUserWebFilter$StaticUserFilter) to context hddsDatanode
2019-11-15 04:24:41,437 [main] INFO  http.HttpServer2 (HttpServer2.java:addFilter(958)) - Added filter static_user_filter (class=org.apache.hadoop.http.lib.StaticUserWebFilter$StaticUserFilter) to context logs
2019-11-15 04:24:41,437 [main] INFO  http.HttpServer2 (HttpServer2.java:addFilter(958)) - Added filter static_user_filter (class=org.apache.hadoop.http.lib.StaticUserWebFilter$StaticUserFilter) to context static
2019-11-15 04:24:41,437 [main] INFO  http.HttpServer2 (HttpServer2.java:bindListener(1191)) - Jetty bound to port 34321
2019-11-15 04:24:41,437 [main] INFO  server.Server (Server.java:doStart(351)) - jetty-9.3.25.v20180904, build timestamp: 2018-09-04T21:11:46Z, git hash: 3ce520221d0240229c862b122d2b06c12a625732
2019-11-15 04:24:41,439 [main] INFO  handler.ContextHandler (ContextHandler.java:doStart(781)) - Started o.e.j.s.ServletContextHandler@8f57e4c{/logs,file:///workdir/hadoop-ozone/integration-test/target/log,AVAILABLE}
2019-11-15 04:24:41,439 [main] INFO  handler.ContextHandler (ContextHandler.java:doStart(781)) - Started o.e.j.s.ServletContextHandler@66451058{/static,jar:file:/home/user/.m2/repository/org/apache/hadoop/hadoop-hdds-container-service/0.5.0-SNAPSHOT/hadoop-hdds-container-service-0.5.0-SNAPSHOT.jar!/webapps/static,AVAILABLE}
2019-11-15 04:24:41,469 [main] INFO  handler.ContextHandler (ContextHandler.java:doStart(781)) - Started o.e.j.w.WebAppContext@677349fb{/,file:///tmp/jetty-0.0.0.0-34321-hddsDatanode-_-any-7795884401668002684.dir/webapp/,AVAILABLE}{/hddsDatanode}
2019-11-15 04:24:41,469 [main] INFO  server.AbstractConnector (AbstractConnector.java:doStart(278)) - Started ServerConnector@4466cf5d{HTTP/1.1,[http/1.1]}{0.0.0.0:34321}
2019-11-15 04:24:41,469 [main] INFO  server.Server (Server.java:doStart(419)) - Started @235062ms
2019-11-15 04:24:41,470 [main] WARN  impl.MetricsSystemImpl (MetricsSystemImpl.java:register(276)) - Sink prometheus already exists!
2019-11-15 04:24:41,471 [main] INFO  server.BaseHttpServer (BaseHttpServer.java:updateConnectorAddress(215)) - HTTP server of HDDSDATANODE is listening at http://0.0.0.0:34321
2019-11-15 04:24:41,471 [main] INFO  impl.MetricsSystemImpl (MetricsSystemImpl.java:init(158)) - HddsDatanode metrics system started (again)
2019-11-15 04:24:41,475 [main] INFO  ozone.HddsDatanodeService (HddsDatanodeService.java:start(186)) - HddsDatanodeService host:trunk-nightly-20191115-sgx8w-1801196118 ip:192.168.34.61
2019-11-15 04:24:41,475 [org.apache.hadoop.util.JvmPauseMonitor$Monitor@33d6dd61] INFO  util.JvmPauseMonitor (JvmPauseMonitor.java:run(188)) - Starting JVM pause monitor
2019-11-15 04:24:41,476 [Datanode State Machine Thread - 0] INFO  datanode.InitDatanodeState (InitDatanodeState.java:persistContainerDatanodeDetails(140)) - DatanodeDetails is persisted to /workdir/hadoop-ozone/integration-test/target/test-dir/MiniOzoneClusterImpl-b8077c48-d45a-4953-83b6-e1fc361e67bb/datanode-5/meta/datanode.id
2019-11-15 04:24:41,482 [main] INFO  volume.HddsVolume (HddsVolume.java:<init>(176)) - Creating Volume: /workdir/hadoop-ozone/integration-test/target/test-dir/MiniOzoneClusterImpl-b8077c48-d45a-4953-83b6-e1fc361e67bb/datanode-6/data/containers/hdds of  storage type : DISK and capacity : 1482555576320
2019-11-15 04:24:41,482 [main] INFO  volume.VolumeSet (VolumeSet.java:initializeVolumeSet(170)) - Added Volume : /workdir/hadoop-ozone/integration-test/target/test-dir/MiniOzoneClusterImpl-b8077c48-d45a-4953-83b6-e1fc361e67bb/datanode-6/data/containers/hdds to VolumeSet
2019-11-15 04:24:41,482 [main] INFO  volume.ThrottledAsyncChecker (ThrottledAsyncChecker.java:schedule(141)) - Scheduling a check for /workdir/hadoop-ozone/integration-test/target/test-dir/MiniOzoneClusterImpl-b8077c48-d45a-4953-83b6-e1fc361e67bb/datanode-6/data/containers/hdds
2019-11-15 04:24:41,482 [main] INFO  volume.HddsVolumeChecker (HddsVolumeChecker.java:checkAllVolumes(204)) - Scheduled health check for volume /workdir/hadoop-ozone/integration-test/target/test-dir/MiniOzoneClusterImpl-b8077c48-d45a-4953-83b6-e1fc361e67bb/datanode-6/data/containers/hdds
2019-11-15 04:24:41,494 [main] INFO  impl.RaftServerProxy (ConfUtils.java:logGet(43)) - raft.rpc.type = GRPC (default)
2019-11-15 04:24:41,494 [main] INFO  grpc.GrpcFactory (GrpcFactory.java:checkPooledByteBufAllocatorUseCacheForAllThreads(45)) - PERFORMANCE WARNING: useCacheForAllThreads is true that may cause Netty to create a lot garbage objects and, as a result, trigger GC.
	It is recommended to disable useCacheForAllThreads by setting -Dorg.apache.ratis.thirdparty.io.netty.allocator.useCacheForAllThreads=false in command line.
2019-11-15 04:24:41,494 [main] INFO  grpc.GrpcConfigKeys$Server (ConfUtils.java:logGet(43)) - raft.grpc.server.port = 0 (default)
2019-11-15 04:24:41,494 [main] INFO  server.GrpcService (ConfUtils.java:logGet(43)) - raft.grpc.message.size.max = 33570816 (custom)
2019-11-15 04:24:41,494 [main] INFO  server.RaftServerConfigKeys (ConfUtils.java:logGet(43)) - raft.server.log.appender.buffer.byte-limit = 33554432 (custom)
2019-11-15 04:24:41,494 [main] INFO  server.GrpcService (ConfUtils.java:logGet(43)) - raft.grpc.flow.control.window = 1MB (=1048576) (default)
2019-11-15 04:24:41,495 [main] INFO  server.RaftServerConfigKeys (ConfUtils.java:logGet(43)) - raft.server.rpc.request.timeout = 3000ms (default)
2019-11-15 04:24:41,495 [main] INFO  server.RaftServerConfigKeys (ConfUtils.java:logGet(43)) - raft.server.storage.dir = [/workdir/hadoop-ozone/integration-test/target/test-dir/MiniOzoneClusterImpl-b8077c48-d45a-4953-83b6-e1fc361e67bb/datanode-6/data/ratis] (custom)
2019-11-15 04:24:41,496 [main] INFO  hdfs.DFSUtil (DFSUtil.java:httpServerTemplateForNNAndJN(1641)) - Starting Web-server for hddsDatanode at: http://0.0.0.0:0
2019-11-15 04:24:41,497 [main] INFO  server.AuthenticationFilter (AuthenticationFilter.java:constructSecretProvider(240)) - Unable to initialize FileSignerSecretProvider, falling back to use random secrets.
2019-11-15 04:24:41,498 [main] WARN  http.HttpRequestLog (HttpRequestLog.java:getRequestLog(97)) - Jetty request log can only be enabled using Log4j
2019-11-15 04:24:41,499 [main] INFO  http.HttpServer2 (HttpServer2.java:addGlobalFilter(975)) - Added global filter 'safety' (class=org.apache.hadoop.http.HttpServer2$QuotingInputFilter)
2019-11-15 04:24:41,499 [main] INFO  http.HttpServer2 (HttpServer2.java:addFilter(948)) - Added filter static_user_filter (class=org.apache.hadoop.http.lib.StaticUserWebFilter$StaticUserFilter) to context hddsDatanode
2019-11-15 04:24:41,499 [main] INFO  http.HttpServer2 (HttpServer2.java:addFilter(958)) - Added filter static_user_filter (class=org.apache.hadoop.http.lib.StaticUserWebFilter$StaticUserFilter) to context logs
2019-11-15 04:24:41,500 [main] INFO  http.HttpServer2 (HttpServer2.java:addFilter(958)) - Added filter static_user_filter (class=org.apache.hadoop.http.lib.StaticUserWebFilter$StaticUserFilter) to context static
2019-11-15 04:24:41,500 [main] INFO  http.HttpServer2 (HttpServer2.java:bindListener(1191)) - Jetty bound to port 42055
2019-11-15 04:24:41,500 [main] INFO  server.Server (Server.java:doStart(351)) - jetty-9.3.25.v20180904, build timestamp: 2018-09-04T21:11:46Z, git hash: 3ce520221d0240229c862b122d2b06c12a625732
2019-11-15 04:24:41,502 [main] INFO  handler.ContextHandler (ContextHandler.java:doStart(781)) - Started o.e.j.s.ServletContextHandler@105db94d{/logs,file:///workdir/hadoop-ozone/integration-test/target/log,AVAILABLE}
2019-11-15 04:24:41,502 [main] INFO  handler.ContextHandler (ContextHandler.java:doStart(781)) - Started o.e.j.s.ServletContextHandler@3915e7c3{/static,jar:file:/home/user/.m2/repository/org/apache/hadoop/hadoop-hdds-container-service/0.5.0-SNAPSHOT/hadoop-hdds-container-service-0.5.0-SNAPSHOT.jar!/webapps/static,AVAILABLE}
2019-11-15 04:24:41,532 [main] INFO  handler.ContextHandler (ContextHandler.java:doStart(781)) - Started o.e.j.w.WebAppContext@1cde374{/,file:///tmp/jetty-0.0.0.0-42055-hddsDatanode-_-any-655456397782457356.dir/webapp/,AVAILABLE}{/hddsDatanode}
2019-11-15 04:24:41,532 [main] INFO  server.AbstractConnector (AbstractConnector.java:doStart(278)) - Started ServerConnector@6818fd48{HTTP/1.1,[http/1.1]}{0.0.0.0:42055}
2019-11-15 04:24:41,533 [main] INFO  server.Server (Server.java:doStart(419)) - Started @235125ms
2019-11-15 04:24:41,533 [main] WARN  impl.MetricsSystemImpl (MetricsSystemImpl.java:register(276)) - Sink prometheus already exists!
2019-11-15 04:24:41,534 [main] INFO  server.BaseHttpServer (BaseHttpServer.java:updateConnectorAddress(215)) - HTTP server of HDDSDATANODE is listening at http://0.0.0.0:42055
2019-11-15 04:24:41,535 [main] INFO  impl.MetricsSystemImpl (MetricsSystemImpl.java:init(158)) - HddsDatanode metrics system started (again)
2019-11-15 04:24:41,538 [main] INFO  ozone.HddsDatanodeService (HddsDatanodeService.java:start(186)) - HddsDatanodeService host:trunk-nightly-20191115-sgx8w-1801196118 ip:192.168.34.61
2019-11-15 04:24:41,538 [org.apache.hadoop.util.JvmPauseMonitor$Monitor@6a2a3e89] INFO  util.JvmPauseMonitor (JvmPauseMonitor.java:run(188)) - Starting JVM pause monitor
2019-11-15 04:24:41,539 [Datanode State Machine Thread - 0] INFO  datanode.InitDatanodeState (InitDatanodeState.java:persistContainerDatanodeDetails(140)) - DatanodeDetails is persisted to /workdir/hadoop-ozone/integration-test/target/test-dir/MiniOzoneClusterImpl-b8077c48-d45a-4953-83b6-e1fc361e67bb/datanode-6/meta/datanode.id
2019-11-15 04:24:41,544 [main] INFO  volume.HddsVolume (HddsVolume.java:<init>(176)) - Creating Volume: /workdir/hadoop-ozone/integration-test/target/test-dir/MiniOzoneClusterImpl-b8077c48-d45a-4953-83b6-e1fc361e67bb/datanode-7/data/containers/hdds of  storage type : DISK and capacity : 1482555576320
2019-11-15 04:24:41,545 [main] INFO  volume.VolumeSet (VolumeSet.java:initializeVolumeSet(170)) - Added Volume : /workdir/hadoop-ozone/integration-test/target/test-dir/MiniOzoneClusterImpl-b8077c48-d45a-4953-83b6-e1fc361e67bb/datanode-7/data/containers/hdds to VolumeSet
2019-11-15 04:24:41,545 [main] INFO  volume.ThrottledAsyncChecker (ThrottledAsyncChecker.java:schedule(141)) - Scheduling a check for /workdir/hadoop-ozone/integration-test/target/test-dir/MiniOzoneClusterImpl-b8077c48-d45a-4953-83b6-e1fc361e67bb/datanode-7/data/containers/hdds
2019-11-15 04:24:41,545 [main] INFO  volume.HddsVolumeChecker (HddsVolumeChecker.java:checkAllVolumes(204)) - Scheduled health check for volume /workdir/hadoop-ozone/integration-test/target/test-dir/MiniOzoneClusterImpl-b8077c48-d45a-4953-83b6-e1fc361e67bb/datanode-7/data/containers/hdds
2019-11-15 04:24:41,556 [main] INFO  impl.RaftServerProxy (ConfUtils.java:logGet(43)) - raft.rpc.type = GRPC (default)
2019-11-15 04:24:41,557 [main] INFO  grpc.GrpcFactory (GrpcFactory.java:checkPooledByteBufAllocatorUseCacheForAllThreads(45)) - PERFORMANCE WARNING: useCacheForAllThreads is true that may cause Netty to create a lot garbage objects and, as a result, trigger GC.
	It is recommended to disable useCacheForAllThreads by setting -Dorg.apache.ratis.thirdparty.io.netty.allocator.useCacheForAllThreads=false in command line.
2019-11-15 04:24:41,557 [main] INFO  grpc.GrpcConfigKeys$Server (ConfUtils.java:logGet(43)) - raft.grpc.server.port = 0 (default)
2019-11-15 04:24:41,557 [main] INFO  server.GrpcService (ConfUtils.java:logGet(43)) - raft.grpc.message.size.max = 33570816 (custom)
2019-11-15 04:24:41,557 [main] INFO  server.RaftServerConfigKeys (ConfUtils.java:logGet(43)) - raft.server.log.appender.buffer.byte-limit = 33554432 (custom)
2019-11-15 04:24:41,557 [main] INFO  server.GrpcService (ConfUtils.java:logGet(43)) - raft.grpc.flow.control.window = 1MB (=1048576) (default)
2019-11-15 04:24:41,557 [main] INFO  server.RaftServerConfigKeys (ConfUtils.java:logGet(43)) - raft.server.rpc.request.timeout = 3000ms (default)
2019-11-15 04:24:41,558 [main] INFO  server.RaftServerConfigKeys (ConfUtils.java:logGet(43)) - raft.server.storage.dir = [/workdir/hadoop-ozone/integration-test/target/test-dir/MiniOzoneClusterImpl-b8077c48-d45a-4953-83b6-e1fc361e67bb/datanode-7/data/ratis] (custom)
2019-11-15 04:24:41,559 [main] INFO  hdfs.DFSUtil (DFSUtil.java:httpServerTemplateForNNAndJN(1641)) - Starting Web-server for hddsDatanode at: http://0.0.0.0:0
2019-11-15 04:24:41,561 [main] INFO  server.AuthenticationFilter (AuthenticationFilter.java:constructSecretProvider(240)) - Unable to initialize FileSignerSecretProvider, falling back to use random secrets.
2019-11-15 04:24:41,561 [main] WARN  http.HttpRequestLog (HttpRequestLog.java:getRequestLog(97)) - Jetty request log can only be enabled using Log4j
2019-11-15 04:24:41,562 [main] INFO  http.HttpServer2 (HttpServer2.java:addGlobalFilter(975)) - Added global filter 'safety' (class=org.apache.hadoop.http.HttpServer2$QuotingInputFilter)
2019-11-15 04:24:41,563 [main] INFO  http.HttpServer2 (HttpServer2.java:addFilter(948)) - Added filter static_user_filter (class=org.apache.hadoop.http.lib.StaticUserWebFilter$StaticUserFilter) to context hddsDatanode
2019-11-15 04:24:41,563 [main] INFO  http.HttpServer2 (HttpServer2.java:addFilter(958)) - Added filter static_user_filter (class=org.apache.hadoop.http.lib.StaticUserWebFilter$StaticUserFilter) to context static
2019-11-15 04:24:41,563 [main] INFO  http.HttpServer2 (HttpServer2.java:addFilter(958)) - Added filter static_user_filter (class=org.apache.hadoop.http.lib.StaticUserWebFilter$StaticUserFilter) to context logs
2019-11-15 04:24:41,564 [main] INFO  http.HttpServer2 (HttpServer2.java:bindListener(1191)) - Jetty bound to port 38952
2019-11-15 04:24:41,564 [main] INFO  server.Server (Server.java:doStart(351)) - jetty-9.3.25.v20180904, build timestamp: 2018-09-04T21:11:46Z, git hash: 3ce520221d0240229c862b122d2b06c12a625732
2019-11-15 04:24:41,565 [main] INFO  handler.ContextHandler (ContextHandler.java:doStart(781)) - Started o.e.j.s.ServletContextHandler@35e74e08{/logs,file:///workdir/hadoop-ozone/integration-test/target/log,AVAILABLE}
2019-11-15 04:24:41,565 [main] INFO  handler.ContextHandler (ContextHandler.java:doStart(781)) - Started o.e.j.s.ServletContextHandler@63f9ddf9{/static,jar:file:/home/user/.m2/repository/org/apache/hadoop/hadoop-hdds-container-service/0.5.0-SNAPSHOT/hadoop-hdds-container-service-0.5.0-SNAPSHOT.jar!/webapps/static,AVAILABLE}
2019-11-15 04:24:41,595 [main] INFO  handler.ContextHandler (ContextHandler.java:doStart(781)) - Started o.e.j.w.WebAppContext@3f6c2763{/,file:///tmp/jetty-0.0.0.0-38952-hddsDatanode-_-any-3168228431650549410.dir/webapp/,AVAILABLE}{/hddsDatanode}
2019-11-15 04:24:41,596 [main] INFO  server.AbstractConnector (AbstractConnector.java:doStart(278)) - Started ServerConnector@5c82031b{HTTP/1.1,[http/1.1]}{0.0.0.0:38952}
2019-11-15 04:24:41,597 [main] INFO  server.Server (Server.java:doStart(419)) - Started @235190ms
2019-11-15 04:24:41,597 [main] WARN  impl.MetricsSystemImpl (MetricsSystemImpl.java:register(276)) - Sink prometheus already exists!
2019-11-15 04:24:41,598 [main] INFO  server.BaseHttpServer (BaseHttpServer.java:updateConnectorAddress(215)) - HTTP server of HDDSDATANODE is listening at http://0.0.0.0:38952
2019-11-15 04:24:41,599 [main] INFO  impl.MetricsSystemImpl (MetricsSystemImpl.java:init(158)) - HddsDatanode metrics system started (again)
2019-11-15 04:24:41,602 [org.apache.hadoop.util.JvmPauseMonitor$Monitor@47cb79db] INFO  util.JvmPauseMonitor (JvmPauseMonitor.java:run(188)) - Starting JVM pause monitor
2019-11-15 04:24:41,602 [main] INFO  ozone.HddsDatanodeService (HddsDatanodeService.java:start(186)) - HddsDatanodeService host:trunk-nightly-20191115-sgx8w-1801196118 ip:192.168.34.61
2019-11-15 04:24:41,603 [Datanode State Machine Thread - 0] INFO  datanode.InitDatanodeState (InitDatanodeState.java:persistContainerDatanodeDetails(140)) - DatanodeDetails is persisted to /workdir/hadoop-ozone/integration-test/target/test-dir/MiniOzoneClusterImpl-b8077c48-d45a-4953-83b6-e1fc361e67bb/datanode-7/meta/datanode.id
2019-11-15 04:24:41,609 [main] INFO  volume.HddsVolume (HddsVolume.java:<init>(176)) - Creating Volume: /workdir/hadoop-ozone/integration-test/target/test-dir/MiniOzoneClusterImpl-b8077c48-d45a-4953-83b6-e1fc361e67bb/datanode-8/data/containers/hdds of  storage type : DISK and capacity : 1482555576320
2019-11-15 04:24:41,609 [main] INFO  volume.VolumeSet (VolumeSet.java:initializeVolumeSet(170)) - Added Volume : /workdir/hadoop-ozone/integration-test/target/test-dir/MiniOzoneClusterImpl-b8077c48-d45a-4953-83b6-e1fc361e67bb/datanode-8/data/containers/hdds to VolumeSet
2019-11-15 04:24:41,609 [main] INFO  volume.ThrottledAsyncChecker (ThrottledAsyncChecker.java:schedule(141)) - Scheduling a check for /workdir/hadoop-ozone/integration-test/target/test-dir/MiniOzoneClusterImpl-b8077c48-d45a-4953-83b6-e1fc361e67bb/datanode-8/data/containers/hdds
2019-11-15 04:24:41,610 [main] INFO  volume.HddsVolumeChecker (HddsVolumeChecker.java:checkAllVolumes(204)) - Scheduled health check for volume /workdir/hadoop-ozone/integration-test/target/test-dir/MiniOzoneClusterImpl-b8077c48-d45a-4953-83b6-e1fc361e67bb/datanode-8/data/containers/hdds
2019-11-15 04:24:41,621 [main] INFO  impl.RaftServerProxy (ConfUtils.java:logGet(43)) - raft.rpc.type = GRPC (default)
2019-11-15 04:24:41,621 [main] INFO  grpc.GrpcFactory (GrpcFactory.java:checkPooledByteBufAllocatorUseCacheForAllThreads(45)) - PERFORMANCE WARNING: useCacheForAllThreads is true that may cause Netty to create a lot garbage objects and, as a result, trigger GC.
	It is recommended to disable useCacheForAllThreads by setting -Dorg.apache.ratis.thirdparty.io.netty.allocator.useCacheForAllThreads=false in command line.
2019-11-15 04:24:41,621 [main] INFO  grpc.GrpcConfigKeys$Server (ConfUtils.java:logGet(43)) - raft.grpc.server.port = 0 (default)
2019-11-15 04:24:41,621 [main] INFO  server.GrpcService (ConfUtils.java:logGet(43)) - raft.grpc.message.size.max = 33570816 (custom)
2019-11-15 04:24:41,621 [main] INFO  server.RaftServerConfigKeys (ConfUtils.java:logGet(43)) - raft.server.log.appender.buffer.byte-limit = 33554432 (custom)
2019-11-15 04:24:41,622 [main] INFO  server.GrpcService (ConfUtils.java:logGet(43)) - raft.grpc.flow.control.window = 1MB (=1048576) (default)
2019-11-15 04:24:41,622 [main] INFO  server.RaftServerConfigKeys (ConfUtils.java:logGet(43)) - raft.server.rpc.request.timeout = 3000ms (default)
2019-11-15 04:24:41,622 [main] INFO  server.RaftServerConfigKeys (ConfUtils.java:logGet(43)) - raft.server.storage.dir = [/workdir/hadoop-ozone/integration-test/target/test-dir/MiniOzoneClusterImpl-b8077c48-d45a-4953-83b6-e1fc361e67bb/datanode-8/data/ratis] (custom)
2019-11-15 04:24:41,624 [main] INFO  hdfs.DFSUtil (DFSUtil.java:httpServerTemplateForNNAndJN(1641)) - Starting Web-server for hddsDatanode at: http://0.0.0.0:0
2019-11-15 04:24:41,625 [main] INFO  server.AuthenticationFilter (AuthenticationFilter.java:constructSecretProvider(240)) - Unable to initialize FileSignerSecretProvider, falling back to use random secrets.
2019-11-15 04:24:41,625 [main] WARN  http.HttpRequestLog (HttpRequestLog.java:getRequestLog(97)) - Jetty request log can only be enabled using Log4j
2019-11-15 04:24:41,626 [main] INFO  http.HttpServer2 (HttpServer2.java:addGlobalFilter(975)) - Added global filter 'safety' (class=org.apache.hadoop.http.HttpServer2$QuotingInputFilter)
2019-11-15 04:24:41,627 [main] INFO  http.HttpServer2 (HttpServer2.java:addFilter(948)) - Added filter static_user_filter (class=org.apache.hadoop.http.lib.StaticUserWebFilter$StaticUserFilter) to context hddsDatanode
2019-11-15 04:24:41,627 [main] INFO  http.HttpServer2 (HttpServer2.java:addFilter(958)) - Added filter static_user_filter (class=org.apache.hadoop.http.lib.StaticUserWebFilter$StaticUserFilter) to context static
2019-11-15 04:24:41,627 [main] INFO  http.HttpServer2 (HttpServer2.java:addFilter(958)) - Added filter static_user_filter (class=org.apache.hadoop.http.lib.StaticUserWebFilter$StaticUserFilter) to context logs
2019-11-15 04:24:41,627 [main] INFO  http.HttpServer2 (HttpServer2.java:bindListener(1191)) - Jetty bound to port 42287
2019-11-15 04:24:41,628 [main] INFO  server.Server (Server.java:doStart(351)) - jetty-9.3.25.v20180904, build timestamp: 2018-09-04T21:11:46Z, git hash: 3ce520221d0240229c862b122d2b06c12a625732
2019-11-15 04:24:41,629 [main] INFO  handler.ContextHandler (ContextHandler.java:doStart(781)) - Started o.e.j.s.ServletContextHandler@7de147e9{/logs,file:///workdir/hadoop-ozone/integration-test/target/log,AVAILABLE}
2019-11-15 04:24:41,629 [main] INFO  handler.ContextHandler (ContextHandler.java:doStart(781)) - Started o.e.j.s.ServletContextHandler@37d699a1{/static,jar:file:/home/user/.m2/repository/org/apache/hadoop/hadoop-hdds-container-service/0.5.0-SNAPSHOT/hadoop-hdds-container-service-0.5.0-SNAPSHOT.jar!/webapps/static,AVAILABLE}
2019-11-15 04:24:41,659 [main] INFO  handler.ContextHandler (ContextHandler.java:doStart(781)) - Started o.e.j.w.WebAppContext@3a2546d6{/,file:///tmp/jetty-0.0.0.0-42287-hddsDatanode-_-any-1093002658742392491.dir/webapp/,AVAILABLE}{/hddsDatanode}
2019-11-15 04:24:41,659 [main] INFO  server.AbstractConnector (AbstractConnector.java:doStart(278)) - Started ServerConnector@7282af25{HTTP/1.1,[http/1.1]}{0.0.0.0:42287}
2019-11-15 04:24:41,660 [main] INFO  server.Server (Server.java:doStart(419)) - Started @235252ms
2019-11-15 04:24:41,661 [main] WARN  impl.MetricsSystemImpl (MetricsSystemImpl.java:register(276)) - Sink prometheus already exists!
2019-11-15 04:24:41,662 [main] INFO  server.BaseHttpServer (BaseHttpServer.java:updateConnectorAddress(215)) - HTTP server of HDDSDATANODE is listening at http://0.0.0.0:42287
2019-11-15 04:24:41,662 [main] INFO  impl.MetricsSystemImpl (MetricsSystemImpl.java:init(158)) - HddsDatanode metrics system started (again)
2019-11-15 04:24:41,666 [main] INFO  ozone.HddsDatanodeService (HddsDatanodeService.java:start(186)) - HddsDatanodeService host:trunk-nightly-20191115-sgx8w-1801196118 ip:192.168.34.61
2019-11-15 04:24:41,666 [org.apache.hadoop.util.JvmPauseMonitor$Monitor@25a7bd35] INFO  util.JvmPauseMonitor (JvmPauseMonitor.java:run(188)) - Starting JVM pause monitor
2019-11-15 04:24:41,667 [Datanode State Machine Thread - 0] INFO  datanode.InitDatanodeState (InitDatanodeState.java:persistContainerDatanodeDetails(140)) - DatanodeDetails is persisted to /workdir/hadoop-ozone/integration-test/target/test-dir/MiniOzoneClusterImpl-b8077c48-d45a-4953-83b6-e1fc361e67bb/datanode-8/meta/datanode.id
2019-11-15 04:24:41,673 [main] INFO  volume.HddsVolume (HddsVolume.java:<init>(176)) - Creating Volume: /workdir/hadoop-ozone/integration-test/target/test-dir/MiniOzoneClusterImpl-b8077c48-d45a-4953-83b6-e1fc361e67bb/datanode-9/data/containers/hdds of  storage type : DISK and capacity : 1482555576320
2019-11-15 04:24:41,673 [main] INFO  volume.VolumeSet (VolumeSet.java:initializeVolumeSet(170)) - Added Volume : /workdir/hadoop-ozone/integration-test/target/test-dir/MiniOzoneClusterImpl-b8077c48-d45a-4953-83b6-e1fc361e67bb/datanode-9/data/containers/hdds to VolumeSet
2019-11-15 04:24:41,673 [main] INFO  volume.ThrottledAsyncChecker (ThrottledAsyncChecker.java:schedule(141)) - Scheduling a check for /workdir/hadoop-ozone/integration-test/target/test-dir/MiniOzoneClusterImpl-b8077c48-d45a-4953-83b6-e1fc361e67bb/datanode-9/data/containers/hdds
2019-11-15 04:24:41,674 [main] INFO  volume.HddsVolumeChecker (HddsVolumeChecker.java:checkAllVolumes(204)) - Scheduled health check for volume /workdir/hadoop-ozone/integration-test/target/test-dir/MiniOzoneClusterImpl-b8077c48-d45a-4953-83b6-e1fc361e67bb/datanode-9/data/containers/hdds
2019-11-15 04:24:41,690 [main] INFO  impl.RaftServerProxy (ConfUtils.java:logGet(43)) - raft.rpc.type = GRPC (default)
2019-11-15 04:24:41,690 [main] INFO  grpc.GrpcFactory (GrpcFactory.java:checkPooledByteBufAllocatorUseCacheForAllThreads(45)) - PERFORMANCE WARNING: useCacheForAllThreads is true that may cause Netty to create a lot garbage objects and, as a result, trigger GC.
	It is recommended to disable useCacheForAllThreads by setting -Dorg.apache.ratis.thirdparty.io.netty.allocator.useCacheForAllThreads=false in command line.
2019-11-15 04:24:41,691 [main] INFO  grpc.GrpcConfigKeys$Server (ConfUtils.java:logGet(43)) - raft.grpc.server.port = 0 (default)
2019-11-15 04:24:41,691 [main] INFO  server.GrpcService (ConfUtils.java:logGet(43)) - raft.grpc.message.size.max = 33570816 (custom)
2019-11-15 04:24:41,691 [main] INFO  server.RaftServerConfigKeys (ConfUtils.java:logGet(43)) - raft.server.log.appender.buffer.byte-limit = 33554432 (custom)
2019-11-15 04:24:41,691 [main] INFO  server.GrpcService (ConfUtils.java:logGet(43)) - raft.grpc.flow.control.window = 1MB (=1048576) (default)
2019-11-15 04:24:41,691 [main] INFO  server.RaftServerConfigKeys (ConfUtils.java:logGet(43)) - raft.server.rpc.request.timeout = 3000ms (default)
2019-11-15 04:24:41,692 [main] INFO  server.RaftServerConfigKeys (ConfUtils.java:logGet(43)) - raft.server.storage.dir = [/workdir/hadoop-ozone/integration-test/target/test-dir/MiniOzoneClusterImpl-b8077c48-d45a-4953-83b6-e1fc361e67bb/datanode-9/data/ratis] (custom)
2019-11-15 04:24:41,694 [main] INFO  hdfs.DFSUtil (DFSUtil.java:httpServerTemplateForNNAndJN(1641)) - Starting Web-server for hddsDatanode at: http://0.0.0.0:0
2019-11-15 04:24:41,695 [main] INFO  server.AuthenticationFilter (AuthenticationFilter.java:constructSecretProvider(240)) - Unable to initialize FileSignerSecretProvider, falling back to use random secrets.
2019-11-15 04:24:41,696 [main] WARN  http.HttpRequestLog (HttpRequestLog.java:getRequestLog(97)) - Jetty request log can only be enabled using Log4j
2019-11-15 04:24:41,697 [main] INFO  http.HttpServer2 (HttpServer2.java:addGlobalFilter(975)) - Added global filter 'safety' (class=org.apache.hadoop.http.HttpServer2$QuotingInputFilter)
2019-11-15 04:24:41,697 [main] INFO  http.HttpServer2 (HttpServer2.java:addFilter(948)) - Added filter static_user_filter (class=org.apache.hadoop.http.lib.StaticUserWebFilter$StaticUserFilter) to context hddsDatanode
2019-11-15 04:24:41,698 [main] INFO  http.HttpServer2 (HttpServer2.java:addFilter(958)) - Added filter static_user_filter (class=org.apache.hadoop.http.lib.StaticUserWebFilter$StaticUserFilter) to context static
2019-11-15 04:24:41,698 [main] INFO  http.HttpServer2 (HttpServer2.java:addFilter(958)) - Added filter static_user_filter (class=org.apache.hadoop.http.lib.StaticUserWebFilter$StaticUserFilter) to context logs
2019-11-15 04:24:41,698 [main] INFO  http.HttpServer2 (HttpServer2.java:bindListener(1191)) - Jetty bound to port 39948
2019-11-15 04:24:41,699 [main] INFO  server.Server (Server.java:doStart(351)) - jetty-9.3.25.v20180904, build timestamp: 2018-09-04T21:11:46Z, git hash: 3ce520221d0240229c862b122d2b06c12a625732
2019-11-15 04:24:41,700 [main] INFO  handler.ContextHandler (ContextHandler.java:doStart(781)) - Started o.e.j.s.ServletContextHandler@17176b18{/logs,file:///workdir/hadoop-ozone/integration-test/target/log,AVAILABLE}
2019-11-15 04:24:41,700 [main] INFO  handler.ContextHandler (ContextHandler.java:doStart(781)) - Started o.e.j.s.ServletContextHandler@1ab53860{/static,jar:file:/home/user/.m2/repository/org/apache/hadoop/hadoop-hdds-container-service/0.5.0-SNAPSHOT/hadoop-hdds-container-service-0.5.0-SNAPSHOT.jar!/webapps/static,AVAILABLE}
2019-11-15 04:24:41,732 [main] INFO  handler.ContextHandler (ContextHandler.java:doStart(781)) - Started o.e.j.w.WebAppContext@504497fa{/,file:///tmp/jetty-0.0.0.0-39948-hddsDatanode-_-any-1877064495855003020.dir/webapp/,AVAILABLE}{/hddsDatanode}
2019-11-15 04:24:41,733 [main] INFO  server.AbstractConnector (AbstractConnector.java:doStart(278)) - Started ServerConnector@5618fc1f{HTTP/1.1,[http/1.1]}{0.0.0.0:39948}
2019-11-15 04:24:41,735 [main] INFO  server.Server (Server.java:doStart(419)) - Started @235328ms
2019-11-15 04:24:41,735 [main] WARN  impl.MetricsSystemImpl (MetricsSystemImpl.java:register(276)) - Sink prometheus already exists!
2019-11-15 04:24:41,736 [main] INFO  server.BaseHttpServer (BaseHttpServer.java:updateConnectorAddress(215)) - HTTP server of HDDSDATANODE is listening at http://0.0.0.0:39948
2019-11-15 04:24:41,736 [main] INFO  ozone.MiniOzoneClusterImpl (MiniOzoneClusterImpl.java:lambda$waitForClusterToBeReady$0(150)) - Waiting for nodes to be ready. Got 0 of 10 DN Heartbeats.
2019-11-15 04:24:41,737 [main] INFO  ozone.MiniOzoneClusterImpl (MiniOzoneClusterImpl.java:lambda$waitForClusterToBeReady$0(153)) - Waiting for cluster to exit safe mode
2019-11-15 04:24:41,738 [org.apache.hadoop.util.JvmPauseMonitor$Monitor@5bf1bea7] INFO  util.JvmPauseMonitor (JvmPauseMonitor.java:run(188)) - Starting JVM pause monitor
2019-11-15 04:24:41,739 [Datanode State Machine Thread - 0] INFO  datanode.InitDatanodeState (InitDatanodeState.java:persistContainerDatanodeDetails(140)) - DatanodeDetails is persisted to /workdir/hadoop-ozone/integration-test/target/test-dir/MiniOzoneClusterImpl-b8077c48-d45a-4953-83b6-e1fc361e67bb/datanode-9/meta/datanode.id
2019-11-15 04:24:42,737 [main] INFO  ozone.MiniOzoneClusterImpl (MiniOzoneClusterImpl.java:lambda$waitForClusterToBeReady$0(150)) - Waiting for nodes to be ready. Got 0 of 10 DN Heartbeats.
2019-11-15 04:24:42,738 [main] INFO  ozone.MiniOzoneClusterImpl (MiniOzoneClusterImpl.java:lambda$waitForClusterToBeReady$0(153)) - Waiting for cluster to exit safe mode
2019-11-15 04:24:43,297 [Datanode State Machine Thread - 0] INFO  ozoneimpl.OzoneContainer (OzoneContainer.java:start(230)) - Attempting to start container services.
2019-11-15 04:24:43,298 [Datanode State Machine Thread - 0] INFO  ozoneimpl.OzoneContainer (OzoneContainer.java:startContainerScrub(194)) - Background container scanner has been disabled.
2019-11-15 04:24:43,298 [Datanode State Machine Thread - 0] INFO  ratis.XceiverServerRatis (XceiverServerRatis.java:start(422)) - Starting XceiverServerRatis f15e9ea2-ac28-4081-8e04-15028e251385 at port 0
2019-11-15 04:24:43,305 [Datanode State Machine Thread - 0] INFO  impl.RaftServerProxy (RaftServerProxy.java:lambda$start$3(299)) - f15e9ea2-ac28-4081-8e04-15028e251385: start RPC server
2019-11-15 04:24:43,307 [Datanode State Machine Thread - 0] INFO  ozoneimpl.OzoneContainer (OzoneContainer.java:start(230)) - Attempting to start container services.
2019-11-15 04:24:43,307 [Datanode State Machine Thread - 0] INFO  ozoneimpl.OzoneContainer (OzoneContainer.java:start(230)) - Attempting to start container services.
2019-11-15 04:24:43,307 [Datanode State Machine Thread - 0] INFO  ozoneimpl.OzoneContainer (OzoneContainer.java:startContainerScrub(194)) - Background container scanner has been disabled.
2019-11-15 04:24:43,307 [Datanode State Machine Thread - 0] INFO  ratis.XceiverServerRatis (XceiverServerRatis.java:start(422)) - Starting XceiverServerRatis b8480f98-5c77-4f73-b6b9-e737b10a7f9e at port 0
2019-11-15 04:24:43,307 [Datanode State Machine Thread - 0] INFO  server.GrpcService (GrpcService.java:startImpl(158)) - f15e9ea2-ac28-4081-8e04-15028e251385: GrpcService started, listening on 0.0.0.0/0.0.0.0:44094
2019-11-15 04:24:43,308 [Datanode State Machine Thread - 0] INFO  ratis.XceiverServerRatis (XceiverServerRatis.java:start(432)) - XceiverServerRatis f15e9ea2-ac28-4081-8e04-15028e251385 is started using port 44094
2019-11-15 04:24:43,307 [Datanode State Machine Thread - 0] INFO  ozoneimpl.OzoneContainer (OzoneContainer.java:startContainerScrub(194)) - Background container scanner has been disabled.
2019-11-15 04:24:43,308 [Datanode State Machine Thread - 0] INFO  ratis.XceiverServerRatis (XceiverServerRatis.java:start(422)) - Starting XceiverServerRatis be6365c1-8fb2-47f9-87b1-78a3fb38138b at port 0
2019-11-15 04:24:43,308 [Datanode State Machine Thread - 0] INFO  server.XceiverServerGrpc (XceiverServerGrpc.java:start(145)) - XceiverServerGrpc f15e9ea2-ac28-4081-8e04-15028e251385 is started using port 37008
2019-11-15 04:24:43,319 [Datanode State Machine Thread - 0] INFO  impl.RaftServerProxy (RaftServerProxy.java:lambda$start$3(299)) - b8480f98-5c77-4f73-b6b9-e737b10a7f9e: start RPC server
2019-11-15 04:24:43,320 [Datanode State Machine Thread - 0] INFO  server.GrpcService (GrpcService.java:startImpl(158)) - b8480f98-5c77-4f73-b6b9-e737b10a7f9e: GrpcService started, listening on 0.0.0.0/0.0.0.0:32848
2019-11-15 04:24:43,320 [Datanode State Machine Thread - 0] INFO  ratis.XceiverServerRatis (XceiverServerRatis.java:start(432)) - XceiverServerRatis b8480f98-5c77-4f73-b6b9-e737b10a7f9e is started using port 32848
2019-11-15 04:24:43,321 [Datanode State Machine Thread - 0] INFO  server.XceiverServerGrpc (XceiverServerGrpc.java:start(145)) - XceiverServerGrpc b8480f98-5c77-4f73-b6b9-e737b10a7f9e is started using port 43864
2019-11-15 04:24:43,323 [Datanode State Machine Thread - 0] INFO  impl.RaftServerProxy (RaftServerProxy.java:lambda$start$3(299)) - be6365c1-8fb2-47f9-87b1-78a3fb38138b: start RPC server
2019-11-15 04:24:43,323 [Datanode State Machine Thread - 0] INFO  server.GrpcService (GrpcService.java:startImpl(158)) - be6365c1-8fb2-47f9-87b1-78a3fb38138b: GrpcService started, listening on 0.0.0.0/0.0.0.0:44393
2019-11-15 04:24:43,323 [Datanode State Machine Thread - 0] INFO  ratis.XceiverServerRatis (XceiverServerRatis.java:start(432)) - XceiverServerRatis be6365c1-8fb2-47f9-87b1-78a3fb38138b is started using port 44393
2019-11-15 04:24:43,331 [Datanode State Machine Thread - 0] INFO  server.XceiverServerGrpc (XceiverServerGrpc.java:start(145)) - XceiverServerGrpc be6365c1-8fb2-47f9-87b1-78a3fb38138b is started using port 40491
2019-11-15 04:24:43,374 [Datanode State Machine Thread - 0] INFO  ozoneimpl.OzoneContainer (OzoneContainer.java:start(230)) - Attempting to start container services.
2019-11-15 04:24:43,374 [Datanode State Machine Thread - 0] INFO  ozoneimpl.OzoneContainer (OzoneContainer.java:startContainerScrub(194)) - Background container scanner has been disabled.
2019-11-15 04:24:43,374 [Datanode State Machine Thread - 0] INFO  ratis.XceiverServerRatis (XceiverServerRatis.java:start(422)) - Starting XceiverServerRatis 64e09b31-9ee8-424d-be17-3e0ab51a0c68 at port 0
2019-11-15 04:24:43,380 [Datanode State Machine Thread - 0] INFO  impl.RaftServerProxy (RaftServerProxy.java:lambda$start$3(299)) - 64e09b31-9ee8-424d-be17-3e0ab51a0c68: start RPC server
2019-11-15 04:24:43,381 [Datanode State Machine Thread - 0] INFO  server.GrpcService (GrpcService.java:startImpl(158)) - 64e09b31-9ee8-424d-be17-3e0ab51a0c68: GrpcService started, listening on 0.0.0.0/0.0.0.0:46300
2019-11-15 04:24:43,381 [Datanode State Machine Thread - 0] INFO  ratis.XceiverServerRatis (XceiverServerRatis.java:start(432)) - XceiverServerRatis 64e09b31-9ee8-424d-be17-3e0ab51a0c68 is started using port 46300
2019-11-15 04:24:43,381 [Datanode State Machine Thread - 0] INFO  server.XceiverServerGrpc (XceiverServerGrpc.java:start(145)) - XceiverServerGrpc 64e09b31-9ee8-424d-be17-3e0ab51a0c68 is started using port 37121
2019-11-15 04:24:43,433 [Datanode State Machine Thread - 0] INFO  ozoneimpl.OzoneContainer (OzoneContainer.java:start(230)) - Attempting to start container services.
2019-11-15 04:24:43,433 [Datanode State Machine Thread - 0] INFO  ozoneimpl.OzoneContainer (OzoneContainer.java:startContainerScrub(194)) - Background container scanner has been disabled.
2019-11-15 04:24:43,433 [Datanode State Machine Thread - 0] INFO  ratis.XceiverServerRatis (XceiverServerRatis.java:start(422)) - Starting XceiverServerRatis a0798825-8ead-4df5-a6ef-f7c35f311519 at port 0
2019-11-15 04:24:43,440 [Datanode State Machine Thread - 0] INFO  impl.RaftServerProxy (RaftServerProxy.java:lambda$start$3(299)) - a0798825-8ead-4df5-a6ef-f7c35f311519: start RPC server
2019-11-15 04:24:43,441 [Datanode State Machine Thread - 0] INFO  server.GrpcService (GrpcService.java:startImpl(158)) - a0798825-8ead-4df5-a6ef-f7c35f311519: GrpcService started, listening on 0.0.0.0/0.0.0.0:36951
2019-11-15 04:24:43,441 [Datanode State Machine Thread - 0] INFO  ratis.XceiverServerRatis (XceiverServerRatis.java:start(432)) - XceiverServerRatis a0798825-8ead-4df5-a6ef-f7c35f311519 is started using port 36951
2019-11-15 04:24:43,442 [Datanode State Machine Thread - 0] INFO  server.XceiverServerGrpc (XceiverServerGrpc.java:start(145)) - XceiverServerGrpc a0798825-8ead-4df5-a6ef-f7c35f311519 is started using port 41847
2019-11-15 04:24:43,500 [Datanode State Machine Thread - 0] INFO  ozoneimpl.OzoneContainer (OzoneContainer.java:start(230)) - Attempting to start container services.
2019-11-15 04:24:43,500 [Datanode State Machine Thread - 0] INFO  ozoneimpl.OzoneContainer (OzoneContainer.java:startContainerScrub(194)) - Background container scanner has been disabled.
2019-11-15 04:24:43,500 [Datanode State Machine Thread - 0] INFO  ratis.XceiverServerRatis (XceiverServerRatis.java:start(422)) - Starting XceiverServerRatis ed7fcdca-26e4-49e6-a038-f4a6d52e370d at port 0
2019-11-15 04:24:43,507 [Datanode State Machine Thread - 0] INFO  impl.RaftServerProxy (RaftServerProxy.java:lambda$start$3(299)) - ed7fcdca-26e4-49e6-a038-f4a6d52e370d: start RPC server
2019-11-15 04:24:43,508 [Datanode State Machine Thread - 0] INFO  server.GrpcService (GrpcService.java:startImpl(158)) - ed7fcdca-26e4-49e6-a038-f4a6d52e370d: GrpcService started, listening on 0.0.0.0/0.0.0.0:44989
2019-11-15 04:24:43,508 [Datanode State Machine Thread - 0] INFO  ratis.XceiverServerRatis (XceiverServerRatis.java:start(432)) - XceiverServerRatis ed7fcdca-26e4-49e6-a038-f4a6d52e370d is started using port 44989
2019-11-15 04:24:43,509 [Datanode State Machine Thread - 0] INFO  server.XceiverServerGrpc (XceiverServerGrpc.java:start(145)) - XceiverServerGrpc ed7fcdca-26e4-49e6-a038-f4a6d52e370d is started using port 44528
2019-11-15 04:24:43,555 [Datanode State Machine Thread - 0] INFO  ozoneimpl.OzoneContainer (OzoneContainer.java:start(230)) - Attempting to start container services.
2019-11-15 04:24:43,556 [Datanode State Machine Thread - 0] INFO  ozoneimpl.OzoneContainer (OzoneContainer.java:startContainerScrub(194)) - Background container scanner has been disabled.
2019-11-15 04:24:43,556 [Datanode State Machine Thread - 0] INFO  ratis.XceiverServerRatis (XceiverServerRatis.java:start(422)) - Starting XceiverServerRatis ba7b154f-e59a-417b-969a-e8c75d4b6746 at port 0
2019-11-15 04:24:43,563 [Datanode State Machine Thread - 0] INFO  impl.RaftServerProxy (RaftServerProxy.java:lambda$start$3(299)) - ba7b154f-e59a-417b-969a-e8c75d4b6746: start RPC server
2019-11-15 04:24:43,563 [Datanode State Machine Thread - 0] INFO  server.GrpcService (GrpcService.java:startImpl(158)) - ba7b154f-e59a-417b-969a-e8c75d4b6746: GrpcService started, listening on 0.0.0.0/0.0.0.0:40163
2019-11-15 04:24:43,563 [Datanode State Machine Thread - 0] INFO  ratis.XceiverServerRatis (XceiverServerRatis.java:start(432)) - XceiverServerRatis ba7b154f-e59a-417b-969a-e8c75d4b6746 is started using port 40163
2019-11-15 04:24:43,564 [Datanode State Machine Thread - 0] INFO  server.XceiverServerGrpc (XceiverServerGrpc.java:start(145)) - XceiverServerGrpc ba7b154f-e59a-417b-969a-e8c75d4b6746 is started using port 34014
2019-11-15 04:24:43,622 [Datanode State Machine Thread - 0] INFO  ozoneimpl.OzoneContainer (OzoneContainer.java:start(230)) - Attempting to start container services.
2019-11-15 04:24:43,623 [Datanode State Machine Thread - 0] INFO  ozoneimpl.OzoneContainer (OzoneContainer.java:startContainerScrub(194)) - Background container scanner has been disabled.
2019-11-15 04:24:43,623 [Datanode State Machine Thread - 0] INFO  ratis.XceiverServerRatis (XceiverServerRatis.java:start(422)) - Starting XceiverServerRatis ddd86f17-0fb6-44dc-8f8a-1b8ddc68cc7e at port 0
2019-11-15 04:24:43,630 [Datanode State Machine Thread - 0] INFO  impl.RaftServerProxy (RaftServerProxy.java:lambda$start$3(299)) - ddd86f17-0fb6-44dc-8f8a-1b8ddc68cc7e: start RPC server
2019-11-15 04:24:43,630 [Datanode State Machine Thread - 0] INFO  server.GrpcService (GrpcService.java:startImpl(158)) - ddd86f17-0fb6-44dc-8f8a-1b8ddc68cc7e: GrpcService started, listening on 0.0.0.0/0.0.0.0:37754
2019-11-15 04:24:43,630 [Datanode State Machine Thread - 0] INFO  ratis.XceiverServerRatis (XceiverServerRatis.java:start(432)) - XceiverServerRatis ddd86f17-0fb6-44dc-8f8a-1b8ddc68cc7e is started using port 37754
2019-11-15 04:24:43,631 [Datanode State Machine Thread - 0] INFO  server.XceiverServerGrpc (XceiverServerGrpc.java:start(145)) - XceiverServerGrpc ddd86f17-0fb6-44dc-8f8a-1b8ddc68cc7e is started using port 42923
2019-11-15 04:24:43,691 [Datanode State Machine Thread - 0] INFO  ozoneimpl.OzoneContainer (OzoneContainer.java:start(230)) - Attempting to start container services.
2019-11-15 04:24:43,691 [Datanode State Machine Thread - 0] INFO  ozoneimpl.OzoneContainer (OzoneContainer.java:startContainerScrub(194)) - Background container scanner has been disabled.
2019-11-15 04:24:43,691 [Datanode State Machine Thread - 0] INFO  ratis.XceiverServerRatis (XceiverServerRatis.java:start(422)) - Starting XceiverServerRatis 8e34abce-4df2-4d13-822a-b9906190a447 at port 0
2019-11-15 04:24:43,699 [Datanode State Machine Thread - 0] INFO  impl.RaftServerProxy (RaftServerProxy.java:lambda$start$3(299)) - 8e34abce-4df2-4d13-822a-b9906190a447: start RPC server
2019-11-15 04:24:43,699 [Datanode State Machine Thread - 0] INFO  server.GrpcService (GrpcService.java:startImpl(158)) - 8e34abce-4df2-4d13-822a-b9906190a447: GrpcService started, listening on 0.0.0.0/0.0.0.0:34382
2019-11-15 04:24:43,700 [Datanode State Machine Thread - 0] INFO  ratis.XceiverServerRatis (XceiverServerRatis.java:start(432)) - XceiverServerRatis 8e34abce-4df2-4d13-822a-b9906190a447 is started using port 34382
2019-11-15 04:24:43,700 [Datanode State Machine Thread - 0] INFO  server.XceiverServerGrpc (XceiverServerGrpc.java:start(145)) - XceiverServerGrpc 8e34abce-4df2-4d13-822a-b9906190a447 is started using port 35196
2019-11-15 04:24:43,738 [main] INFO  ozone.MiniOzoneClusterImpl (MiniOzoneClusterImpl.java:lambda$waitForClusterToBeReady$0(150)) - Waiting for nodes to be ready. Got 0 of 10 DN Heartbeats.
2019-11-15 04:24:43,739 [main] INFO  ozone.MiniOzoneClusterImpl (MiniOzoneClusterImpl.java:lambda$waitForClusterToBeReady$0(153)) - Waiting for cluster to exit safe mode
2019-11-15 04:24:43,752 [Datanode State Machine Thread - 0] INFO  ozoneimpl.OzoneContainer (OzoneContainer.java:start(230)) - Attempting to start container services.
2019-11-15 04:24:43,752 [Datanode State Machine Thread - 0] INFO  ozoneimpl.OzoneContainer (OzoneContainer.java:startContainerScrub(194)) - Background container scanner has been disabled.
2019-11-15 04:24:43,752 [Datanode State Machine Thread - 0] INFO  ratis.XceiverServerRatis (XceiverServerRatis.java:start(422)) - Starting XceiverServerRatis 20bbc30b-ac2f-443a-8d40-7c1ff9223c1a at port 0
2019-11-15 04:24:43,759 [Datanode State Machine Thread - 0] INFO  impl.RaftServerProxy (RaftServerProxy.java:lambda$start$3(299)) - 20bbc30b-ac2f-443a-8d40-7c1ff9223c1a: start RPC server
2019-11-15 04:24:43,772 [Datanode State Machine Thread - 0] INFO  server.GrpcService (GrpcService.java:startImpl(158)) - 20bbc30b-ac2f-443a-8d40-7c1ff9223c1a: GrpcService started, listening on 0.0.0.0/0.0.0.0:40377
2019-11-15 04:24:43,772 [Datanode State Machine Thread - 0] INFO  ratis.XceiverServerRatis (XceiverServerRatis.java:start(432)) - XceiverServerRatis 20bbc30b-ac2f-443a-8d40-7c1ff9223c1a is started using port 40377
2019-11-15 04:24:43,772 [Datanode State Machine Thread - 0] INFO  server.XceiverServerGrpc (XceiverServerGrpc.java:start(145)) - XceiverServerGrpc 20bbc30b-ac2f-443a-8d40-7c1ff9223c1a is started using port 39749
2019-11-15 04:24:44,739 [main] INFO  ozone.MiniOzoneClusterImpl (MiniOzoneClusterImpl.java:lambda$waitForClusterToBeReady$0(150)) - Waiting for nodes to be ready. Got 0 of 10 DN Heartbeats.
2019-11-15 04:24:44,739 [main] INFO  ozone.MiniOzoneClusterImpl (MiniOzoneClusterImpl.java:lambda$waitForClusterToBeReady$0(153)) - Waiting for cluster to exit safe mode
2019-11-15 04:24:45,171 [IPC Server handler 0 on 42026] INFO  net.NetworkTopology (NetworkTopologyImpl.java:add(111)) - Added a new node: /rack1/f15e9ea2-ac28-4081-8e04-15028e251385
2019-11-15 04:24:45,171 [IPC Server handler 0 on 42026] INFO  node.SCMNodeManager (SCMNodeManager.java:register(267)) - Registered Data node : f15e9ea2-ac28-4081-8e04-15028e251385{ip: 192.168.34.61, host: trunk-nightly-20191115-sgx8w-1801196118, networkLocation: /rack1, certSerialId: null}
2019-11-15 04:24:45,172 [EventQueue-NodeRegistrationContainerReportForDataNodeSafeModeRule] INFO  safemode.SCMSafeModeManager (DataNodeSafeModeRule.java:process(71)) - SCM in safe mode. 1 DataNodes registered, 1 required.
2019-11-15 04:24:45,172 [EventQueue-NodeRegistrationContainerReportForContainerSafeModeRule] INFO  safemode.SCMSafeModeManager (SCMSafeModeManager.java:validateSafeModeExitRules(176)) - ContainerSafeModeRule rule is successfully validated
2019-11-15 04:24:45,174 [RatisPipelineUtilsThread] INFO  pipeline.RatisPipelineProvider (RatisPipelineProvider.java:lambda$create$4(163)) - Send pipeline:PipelineID=2d5266ae-58ec-4fbf-aaf4-efd342b65ba7 create command to datanode f15e9ea2-ac28-4081-8e04-15028e251385
2019-11-15 04:24:45,175 [EventQueue-NodeRegistrationContainerReportForDataNodeSafeModeRule] INFO  safemode.SCMSafeModeManager (SCMSafeModeManager.java:validateSafeModeExitRules(176)) - DataNodeSafeModeRule rule is successfully validated
2019-11-15 04:24:45,176 [RatisPipelineUtilsThread] INFO  pipeline.PipelineStateManager (PipelineStateManager.java:addPipeline(55)) - Created pipeline Pipeline[ Id: 2d5266ae-58ec-4fbf-aaf4-efd342b65ba7, Nodes: f15e9ea2-ac28-4081-8e04-15028e251385{ip: 192.168.34.61, host: trunk-nightly-20191115-sgx8w-1801196118, networkLocation: /rack1, certSerialId: null}, Type:RATIS, Factor:ONE, State:ALLOCATED]
2019-11-15 04:24:45,226 [IPC Server handler 1 on 42026] INFO  net.NetworkTopology (NetworkTopologyImpl.java:add(111)) - Added a new node: /rack1/be6365c1-8fb2-47f9-87b1-78a3fb38138b
2019-11-15 04:24:45,226 [IPC Server handler 1 on 42026] INFO  node.SCMNodeManager (SCMNodeManager.java:register(267)) - Registered Data node : be6365c1-8fb2-47f9-87b1-78a3fb38138b{ip: 192.168.34.61, host: trunk-nightly-20191115-sgx8w-1801196118, networkLocation: /rack1, certSerialId: null}
2019-11-15 04:24:45,226 [EventQueue-NodeRegistrationContainerReportForDataNodeSafeModeRule] INFO  safemode.SCMSafeModeManager (SCMSafeModeManager.java:validateSafeModeExitRules(176)) - DataNodeSafeModeRule rule is successfully validated
2019-11-15 04:24:45,226 [EventQueue-NodeRegistrationContainerReportForContainerSafeModeRule] INFO  safemode.SCMSafeModeManager (SCMSafeModeManager.java:validateSafeModeExitRules(176)) - ContainerSafeModeRule rule is successfully validated
2019-11-15 04:24:45,226 [RatisPipelineUtilsThread] INFO  pipeline.RatisPipelineProvider (RatisPipelineProvider.java:lambda$create$4(163)) - Send pipeline:PipelineID=44c68b8f-0191-4b9f-a107-3ac3d75f4efd create command to datanode be6365c1-8fb2-47f9-87b1-78a3fb38138b
2019-11-15 04:24:45,227 [RatisPipelineUtilsThread] INFO  pipeline.PipelineStateManager (PipelineStateManager.java:addPipeline(55)) - Created pipeline Pipeline[ Id: 44c68b8f-0191-4b9f-a107-3ac3d75f4efd, Nodes: be6365c1-8fb2-47f9-87b1-78a3fb38138b{ip: 192.168.34.61, host: trunk-nightly-20191115-sgx8w-1801196118, networkLocation: /rack1, certSerialId: null}, Type:RATIS, Factor:ONE, State:ALLOCATED]
2019-11-15 04:24:45,285 [IPC Server handler 2 on 42026] INFO  net.NetworkTopology (NetworkTopologyImpl.java:add(111)) - Added a new node: /rack1/b8480f98-5c77-4f73-b6b9-e737b10a7f9e
2019-11-15 04:24:45,286 [IPC Server handler 2 on 42026] INFO  node.SCMNodeManager (SCMNodeManager.java:register(267)) - Registered Data node : b8480f98-5c77-4f73-b6b9-e737b10a7f9e{ip: 192.168.34.61, host: trunk-nightly-20191115-sgx8w-1801196118, networkLocation: /rack1, certSerialId: null}
2019-11-15 04:24:45,286 [RatisPipelineUtilsThread] INFO  pipeline.RatisPipelineProvider (RatisPipelineProvider.java:lambda$create$4(163)) - Send pipeline:PipelineID=ef563034-0782-4212-b3d5-80736278a2ff create command to datanode b8480f98-5c77-4f73-b6b9-e737b10a7f9e
2019-11-15 04:24:45,286 [EventQueue-NodeRegistrationContainerReportForDataNodeSafeModeRule] INFO  safemode.SCMSafeModeManager (SCMSafeModeManager.java:validateSafeModeExitRules(176)) - DataNodeSafeModeRule rule is successfully validated
2019-11-15 04:24:45,286 [EventQueue-NodeRegistrationContainerReportForContainerSafeModeRule] INFO  safemode.SCMSafeModeManager (SCMSafeModeManager.java:validateSafeModeExitRules(176)) - ContainerSafeModeRule rule is successfully validated
2019-11-15 04:24:45,286 [RatisPipelineUtilsThread] INFO  pipeline.PipelineStateManager (PipelineStateManager.java:addPipeline(55)) - Created pipeline Pipeline[ Id: ef563034-0782-4212-b3d5-80736278a2ff, Nodes: b8480f98-5c77-4f73-b6b9-e737b10a7f9e{ip: 192.168.34.61, host: trunk-nightly-20191115-sgx8w-1801196118, networkLocation: /rack1, certSerialId: null}, Type:RATIS, Factor:ONE, State:ALLOCATED]
2019-11-15 04:24:45,290 [RatisPipelineUtilsThread] INFO  pipeline.RatisPipelineProvider (RatisPipelineProvider.java:lambda$create$4(163)) - Send pipeline:PipelineID=37bb1998-c457-4570-8a91-b41f48618ba6 create command to datanode f15e9ea2-ac28-4081-8e04-15028e251385
2019-11-15 04:24:45,290 [RatisPipelineUtilsThread] INFO  pipeline.RatisPipelineProvider (RatisPipelineProvider.java:lambda$create$4(163)) - Send pipeline:PipelineID=37bb1998-c457-4570-8a91-b41f48618ba6 create command to datanode be6365c1-8fb2-47f9-87b1-78a3fb38138b
2019-11-15 04:24:45,290 [RatisPipelineUtilsThread] INFO  pipeline.RatisPipelineProvider (RatisPipelineProvider.java:lambda$create$4(163)) - Send pipeline:PipelineID=37bb1998-c457-4570-8a91-b41f48618ba6 create command to datanode b8480f98-5c77-4f73-b6b9-e737b10a7f9e
2019-11-15 04:24:45,290 [RatisPipelineUtilsThread] INFO  pipeline.PipelineStateManager (PipelineStateManager.java:addPipeline(55)) - Created pipeline Pipeline[ Id: 37bb1998-c457-4570-8a91-b41f48618ba6, Nodes: f15e9ea2-ac28-4081-8e04-15028e251385{ip: 192.168.34.61, host: trunk-nightly-20191115-sgx8w-1801196118, networkLocation: /rack1, certSerialId: null}be6365c1-8fb2-47f9-87b1-78a3fb38138b{ip: 192.168.34.61, host: trunk-nightly-20191115-sgx8w-1801196118, networkLocation: /rack1, certSerialId: null}b8480f98-5c77-4f73-b6b9-e737b10a7f9e{ip: 192.168.34.61, host: trunk-nightly-20191115-sgx8w-1801196118, networkLocation: /rack1, certSerialId: null}, Type:RATIS, Factor:THREE, State:ALLOCATED]
2019-11-15 04:24:45,346 [IPC Server handler 4 on 42026] INFO  net.NetworkTopology (NetworkTopologyImpl.java:add(111)) - Added a new node: /rack1/64e09b31-9ee8-424d-be17-3e0ab51a0c68
2019-11-15 04:24:45,346 [RatisPipelineUtilsThread] INFO  pipeline.RatisPipelineProvider (RatisPipelineProvider.java:lambda$create$4(163)) - Send pipeline:PipelineID=831ca3d1-1ae8-4419-8a23-ee00fc5e4418 create command to datanode 64e09b31-9ee8-424d-be17-3e0ab51a0c68
2019-11-15 04:24:45,346 [IPC Server handler 4 on 42026] INFO  node.SCMNodeManager (SCMNodeManager.java:register(267)) - Registered Data node : 64e09b31-9ee8-424d-be17-3e0ab51a0c68{ip: 192.168.34.61, host: trunk-nightly-20191115-sgx8w-1801196118, networkLocation: /rack1, certSerialId: null}
2019-11-15 04:24:45,346 [RatisPipelineUtilsThread] INFO  pipeline.PipelineStateManager (PipelineStateManager.java:addPipeline(55)) - Created pipeline Pipeline[ Id: 831ca3d1-1ae8-4419-8a23-ee00fc5e4418, Nodes: 64e09b31-9ee8-424d-be17-3e0ab51a0c68{ip: 192.168.34.61, host: trunk-nightly-20191115-sgx8w-1801196118, networkLocation: /rack1, certSerialId: null}, Type:RATIS, Factor:ONE, State:ALLOCATED]
2019-11-15 04:24:45,346 [EventQueue-NodeRegistrationContainerReportForDataNodeSafeModeRule] INFO  safemode.SCMSafeModeManager (SCMSafeModeManager.java:validateSafeModeExitRules(176)) - DataNodeSafeModeRule rule is successfully validated
2019-11-15 04:24:45,347 [EventQueue-NodeRegistrationContainerReportForContainerSafeModeRule] INFO  safemode.SCMSafeModeManager (SCMSafeModeManager.java:validateSafeModeExitRules(176)) - ContainerSafeModeRule rule is successfully validated
2019-11-15 04:24:45,410 [IPC Server handler 5 on 42026] INFO  net.NetworkTopology (NetworkTopologyImpl.java:add(111)) - Added a new node: /rack1/a0798825-8ead-4df5-a6ef-f7c35f311519
2019-11-15 04:24:45,411 [IPC Server handler 5 on 42026] INFO  node.SCMNodeManager (SCMNodeManager.java:register(267)) - Registered Data node : a0798825-8ead-4df5-a6ef-f7c35f311519{ip: 192.168.34.61, host: trunk-nightly-20191115-sgx8w-1801196118, networkLocation: /rack1, certSerialId: null}
2019-11-15 04:24:45,411 [RatisPipelineUtilsThread] INFO  pipeline.RatisPipelineProvider (RatisPipelineProvider.java:lambda$create$4(163)) - Send pipeline:PipelineID=d790bd89-affe-4f04-954d-d69fe38ffec9 create command to datanode a0798825-8ead-4df5-a6ef-f7c35f311519
2019-11-15 04:24:45,411 [EventQueue-NodeRegistrationContainerReportForDataNodeSafeModeRule] INFO  safemode.SCMSafeModeManager (SCMSafeModeManager.java:validateSafeModeExitRules(176)) - DataNodeSafeModeRule rule is successfully validated
2019-11-15 04:24:45,411 [RatisPipelineUtilsThread] INFO  pipeline.PipelineStateManager (PipelineStateManager.java:addPipeline(55)) - Created pipeline Pipeline[ Id: d790bd89-affe-4f04-954d-d69fe38ffec9, Nodes: a0798825-8ead-4df5-a6ef-f7c35f311519{ip: 192.168.34.61, host: trunk-nightly-20191115-sgx8w-1801196118, networkLocation: /rack1, certSerialId: null}, Type:RATIS, Factor:ONE, State:ALLOCATED]
2019-11-15 04:24:45,411 [EventQueue-NodeRegistrationContainerReportForContainerSafeModeRule] INFO  safemode.SCMSafeModeManager (SCMSafeModeManager.java:validateSafeModeExitRules(176)) - ContainerSafeModeRule rule is successfully validated
2019-11-15 04:24:45,477 [IPC Server handler 6 on 42026] INFO  net.NetworkTopology (NetworkTopologyImpl.java:add(111)) - Added a new node: /rack1/ed7fcdca-26e4-49e6-a038-f4a6d52e370d
2019-11-15 04:24:45,477 [IPC Server handler 6 on 42026] INFO  node.SCMNodeManager (SCMNodeManager.java:register(267)) - Registered Data node : ed7fcdca-26e4-49e6-a038-f4a6d52e370d{ip: 192.168.34.61, host: trunk-nightly-20191115-sgx8w-1801196118, networkLocation: /rack1, certSerialId: null}
2019-11-15 04:24:45,477 [RatisPipelineUtilsThread] INFO  pipeline.RatisPipelineProvider (RatisPipelineProvider.java:lambda$create$4(163)) - Send pipeline:PipelineID=f689922b-b186-40f1-ad6a-903109cb5148 create command to datanode ed7fcdca-26e4-49e6-a038-f4a6d52e370d
2019-11-15 04:24:45,478 [EventQueue-NodeRegistrationContainerReportForDataNodeSafeModeRule] INFO  safemode.SCMSafeModeManager (SCMSafeModeManager.java:validateSafeModeExitRules(176)) - DataNodeSafeModeRule rule is successfully validated
2019-11-15 04:24:45,478 [EventQueue-NodeRegistrationContainerReportForContainerSafeModeRule] INFO  safemode.SCMSafeModeManager (SCMSafeModeManager.java:validateSafeModeExitRules(176)) - ContainerSafeModeRule rule is successfully validated
2019-11-15 04:24:45,478 [RatisPipelineUtilsThread] INFO  pipeline.PipelineStateManager (PipelineStateManager.java:addPipeline(55)) - Created pipeline Pipeline[ Id: f689922b-b186-40f1-ad6a-903109cb5148, Nodes: ed7fcdca-26e4-49e6-a038-f4a6d52e370d{ip: 192.168.34.61, host: trunk-nightly-20191115-sgx8w-1801196118, networkLocation: /rack1, certSerialId: null}, Type:RATIS, Factor:ONE, State:ALLOCATED]
2019-11-15 04:24:45,482 [RatisPipelineUtilsThread] INFO  pipeline.RatisPipelineProvider (RatisPipelineProvider.java:lambda$create$4(163)) - Send pipeline:PipelineID=a346b2a8-df1e-4e24-b87e-1f0597f7c030 create command to datanode a0798825-8ead-4df5-a6ef-f7c35f311519
2019-11-15 04:24:45,482 [RatisPipelineUtilsThread] INFO  pipeline.RatisPipelineProvider (RatisPipelineProvider.java:lambda$create$4(163)) - Send pipeline:PipelineID=a346b2a8-df1e-4e24-b87e-1f0597f7c030 create command to datanode ed7fcdca-26e4-49e6-a038-f4a6d52e370d
2019-11-15 04:24:45,482 [RatisPipelineUtilsThread] INFO  pipeline.RatisPipelineProvider (RatisPipelineProvider.java:lambda$create$4(163)) - Send pipeline:PipelineID=a346b2a8-df1e-4e24-b87e-1f0597f7c030 create command to datanode 64e09b31-9ee8-424d-be17-3e0ab51a0c68
2019-11-15 04:24:45,482 [RatisPipelineUtilsThread] INFO  pipeline.PipelineStateManager (PipelineStateManager.java:addPipeline(55)) - Created pipeline Pipeline[ Id: a346b2a8-df1e-4e24-b87e-1f0597f7c030, Nodes: a0798825-8ead-4df5-a6ef-f7c35f311519{ip: 192.168.34.61, host: trunk-nightly-20191115-sgx8w-1801196118, networkLocation: /rack1, certSerialId: null}ed7fcdca-26e4-49e6-a038-f4a6d52e370d{ip: 192.168.34.61, host: trunk-nightly-20191115-sgx8w-1801196118, networkLocation: /rack1, certSerialId: null}64e09b31-9ee8-424d-be17-3e0ab51a0c68{ip: 192.168.34.61, host: trunk-nightly-20191115-sgx8w-1801196118, networkLocation: /rack1, certSerialId: null}, Type:RATIS, Factor:THREE, State:ALLOCATED]
2019-11-15 04:24:45,538 [IPC Server handler 7 on 42026] INFO  net.NetworkTopology (NetworkTopologyImpl.java:add(111)) - Added a new node: /rack1/ba7b154f-e59a-417b-969a-e8c75d4b6746
2019-11-15 04:24:45,539 [IPC Server handler 7 on 42026] INFO  node.SCMNodeManager (SCMNodeManager.java:register(267)) - Registered Data node : ba7b154f-e59a-417b-969a-e8c75d4b6746{ip: 192.168.34.61, host: trunk-nightly-20191115-sgx8w-1801196118, networkLocation: /rack1, certSerialId: null}
2019-11-15 04:24:45,539 [RatisPipelineUtilsThread] INFO  pipeline.RatisPipelineProvider (RatisPipelineProvider.java:lambda$create$4(163)) - Send pipeline:PipelineID=42071279-1921-414c-9ce2-3386c323f25d create command to datanode ba7b154f-e59a-417b-969a-e8c75d4b6746
2019-11-15 04:24:45,539 [EventQueue-NodeRegistrationContainerReportForDataNodeSafeModeRule] INFO  safemode.SCMSafeModeManager (SCMSafeModeManager.java:validateSafeModeExitRules(176)) - DataNodeSafeModeRule rule is successfully validated
2019-11-15 04:24:45,539 [EventQueue-NodeRegistrationContainerReportForContainerSafeModeRule] INFO  safemode.SCMSafeModeManager (SCMSafeModeManager.java:validateSafeModeExitRules(176)) - ContainerSafeModeRule rule is successfully validated
2019-11-15 04:24:45,539 [RatisPipelineUtilsThread] INFO  pipeline.PipelineStateManager (PipelineStateManager.java:addPipeline(55)) - Created pipeline Pipeline[ Id: 42071279-1921-414c-9ce2-3386c323f25d, Nodes: ba7b154f-e59a-417b-969a-e8c75d4b6746{ip: 192.168.34.61, host: trunk-nightly-20191115-sgx8w-1801196118, networkLocation: /rack1, certSerialId: null}, Type:RATIS, Factor:ONE, State:ALLOCATED]
2019-11-15 04:24:45,603 [IPC Server handler 8 on 42026] INFO  net.NetworkTopology (NetworkTopologyImpl.java:add(111)) - Added a new node: /rack1/ddd86f17-0fb6-44dc-8f8a-1b8ddc68cc7e
2019-11-15 04:24:45,603 [IPC Server handler 8 on 42026] INFO  node.SCMNodeManager (SCMNodeManager.java:register(267)) - Registered Data node : ddd86f17-0fb6-44dc-8f8a-1b8ddc68cc7e{ip: 192.168.34.61, host: trunk-nightly-20191115-sgx8w-1801196118, networkLocation: /rack1, certSerialId: null}
2019-11-15 04:24:45,603 [RatisPipelineUtilsThread] INFO  pipeline.RatisPipelineProvider (RatisPipelineProvider.java:lambda$create$4(163)) - Send pipeline:PipelineID=de40b1db-f1ee-4a94-a0da-53f961436bb0 create command to datanode ddd86f17-0fb6-44dc-8f8a-1b8ddc68cc7e
2019-11-15 04:24:45,603 [EventQueue-NodeRegistrationContainerReportForDataNodeSafeModeRule] INFO  safemode.SCMSafeModeManager (SCMSafeModeManager.java:validateSafeModeExitRules(176)) - DataNodeSafeModeRule rule is successfully validated
2019-11-15 04:24:45,603 [EventQueue-NodeRegistrationContainerReportForContainerSafeModeRule] INFO  safemode.SCMSafeModeManager (SCMSafeModeManager.java:validateSafeModeExitRules(176)) - ContainerSafeModeRule rule is successfully validated
2019-11-15 04:24:45,604 [RatisPipelineUtilsThread] INFO  pipeline.PipelineStateManager (PipelineStateManager.java:addPipeline(55)) - Created pipeline Pipeline[ Id: de40b1db-f1ee-4a94-a0da-53f961436bb0, Nodes: ddd86f17-0fb6-44dc-8f8a-1b8ddc68cc7e{ip: 192.168.34.61, host: trunk-nightly-20191115-sgx8w-1801196118, networkLocation: /rack1, certSerialId: null}, Type:RATIS, Factor:ONE, State:ALLOCATED]
2019-11-15 04:24:45,666 [IPC Server handler 9 on 42026] INFO  net.NetworkTopology (NetworkTopologyImpl.java:add(111)) - Added a new node: /rack1/8e34abce-4df2-4d13-822a-b9906190a447
2019-11-15 04:24:45,667 [IPC Server handler 9 on 42026] INFO  node.SCMNodeManager (SCMNodeManager.java:register(267)) - Registered Data node : 8e34abce-4df2-4d13-822a-b9906190a447{ip: 192.168.34.61, host: trunk-nightly-20191115-sgx8w-1801196118, networkLocation: /rack1, certSerialId: null}
2019-11-15 04:24:45,667 [RatisPipelineUtilsThread] INFO  pipeline.RatisPipelineProvider (RatisPipelineProvider.java:lambda$create$4(163)) - Send pipeline:PipelineID=042fd156-7a1f-4f9c-b706-5128ecdaa3cd create command to datanode 8e34abce-4df2-4d13-822a-b9906190a447
2019-11-15 04:24:45,667 [EventQueue-NodeRegistrationContainerReportForDataNodeSafeModeRule] INFO  safemode.SCMSafeModeManager (SCMSafeModeManager.java:validateSafeModeExitRules(176)) - DataNodeSafeModeRule rule is successfully validated
2019-11-15 04:24:45,667 [EventQueue-NodeRegistrationContainerReportForContainerSafeModeRule] INFO  safemode.SCMSafeModeManager (SCMSafeModeManager.java:validateSafeModeExitRules(176)) - ContainerSafeModeRule rule is successfully validated
2019-11-15 04:24:45,667 [RatisPipelineUtilsThread] INFO  pipeline.PipelineStateManager (PipelineStateManager.java:addPipeline(55)) - Created pipeline Pipeline[ Id: 042fd156-7a1f-4f9c-b706-5128ecdaa3cd, Nodes: 8e34abce-4df2-4d13-822a-b9906190a447{ip: 192.168.34.61, host: trunk-nightly-20191115-sgx8w-1801196118, networkLocation: /rack1, certSerialId: null}, Type:RATIS, Factor:ONE, State:ALLOCATED]
2019-11-15 04:24:45,668 [RatisPipelineUtilsThread] INFO  pipeline.RatisPipelineProvider (RatisPipelineProvider.java:lambda$create$4(163)) - Send pipeline:PipelineID=94ea20d5-f2f7-4c51-9fa4-c3e515194f35 create command to datanode ddd86f17-0fb6-44dc-8f8a-1b8ddc68cc7e
2019-11-15 04:24:45,668 [RatisPipelineUtilsThread] INFO  pipeline.RatisPipelineProvider (RatisPipelineProvider.java:lambda$create$4(163)) - Send pipeline:PipelineID=94ea20d5-f2f7-4c51-9fa4-c3e515194f35 create command to datanode ba7b154f-e59a-417b-969a-e8c75d4b6746
2019-11-15 04:24:45,668 [RatisPipelineUtilsThread] INFO  pipeline.RatisPipelineProvider (RatisPipelineProvider.java:lambda$create$4(163)) - Send pipeline:PipelineID=94ea20d5-f2f7-4c51-9fa4-c3e515194f35 create command to datanode 8e34abce-4df2-4d13-822a-b9906190a447
2019-11-15 04:24:45,669 [RatisPipelineUtilsThread] INFO  pipeline.PipelineStateManager (PipelineStateManager.java:addPipeline(55)) - Created pipeline Pipeline[ Id: 94ea20d5-f2f7-4c51-9fa4-c3e515194f35, Nodes: ddd86f17-0fb6-44dc-8f8a-1b8ddc68cc7e{ip: 192.168.34.61, host: trunk-nightly-20191115-sgx8w-1801196118, networkLocation: /rack1, certSerialId: null}ba7b154f-e59a-417b-969a-e8c75d4b6746{ip: 192.168.34.61, host: trunk-nightly-20191115-sgx8w-1801196118, networkLocation: /rack1, certSerialId: null}8e34abce-4df2-4d13-822a-b9906190a447{ip: 192.168.34.61, host: trunk-nightly-20191115-sgx8w-1801196118, networkLocation: /rack1, certSerialId: null}, Type:RATIS, Factor:THREE, State:ALLOCATED]
2019-11-15 04:24:45,739 [IPC Server handler 10 on 42026] INFO  net.NetworkTopology (NetworkTopologyImpl.java:add(111)) - Added a new node: /rack1/20bbc30b-ac2f-443a-8d40-7c1ff9223c1a
2019-11-15 04:24:45,739 [IPC Server handler 10 on 42026] INFO  node.SCMNodeManager (SCMNodeManager.java:register(267)) - Registered Data node : 20bbc30b-ac2f-443a-8d40-7c1ff9223c1a{ip: 192.168.34.61, host: trunk-nightly-20191115-sgx8w-1801196118, networkLocation: /rack1, certSerialId: null}
2019-11-15 04:24:45,739 [EventQueue-NodeRegistrationContainerReportForDataNodeSafeModeRule] INFO  safemode.SCMSafeModeManager (SCMSafeModeManager.java:validateSafeModeExitRules(176)) - DataNodeSafeModeRule rule is successfully validated
2019-11-15 04:24:45,739 [RatisPipelineUtilsThread] INFO  pipeline.RatisPipelineProvider (RatisPipelineProvider.java:lambda$create$4(163)) - Send pipeline:PipelineID=81a75f4e-2b52-485c-a77e-2157a9c13c12 create command to datanode 20bbc30b-ac2f-443a-8d40-7c1ff9223c1a
2019-11-15 04:24:45,739 [main] INFO  ozone.MiniOzoneClusterImpl (MiniOzoneClusterImpl.java:lambda$waitForClusterToBeReady$0(150)) - Nodes are ready. Got 10 of 10 DN Heartbeats.
2019-11-15 04:24:45,740 [main] INFO  ozone.MiniOzoneClusterImpl (MiniOzoneClusterImpl.java:lambda$waitForClusterToBeReady$0(153)) - Waiting for cluster to exit safe mode
2019-11-15 04:24:45,739 [EventQueue-NodeRegistrationContainerReportForContainerSafeModeRule] INFO  safemode.SCMSafeModeManager (SCMSafeModeManager.java:validateSafeModeExitRules(176)) - ContainerSafeModeRule rule is successfully validated
2019-11-15 04:24:45,740 [RatisPipelineUtilsThread] INFO  pipeline.PipelineStateManager (PipelineStateManager.java:addPipeline(55)) - Created pipeline Pipeline[ Id: 81a75f4e-2b52-485c-a77e-2157a9c13c12, Nodes: 20bbc30b-ac2f-443a-8d40-7c1ff9223c1a{ip: 192.168.34.61, host: trunk-nightly-20191115-sgx8w-1801196118, networkLocation: /rack1, certSerialId: null}, Type:RATIS, Factor:ONE, State:ALLOCATED]
2019-11-15 04:24:46,740 [main] INFO  ozone.MiniOzoneClusterImpl (MiniOzoneClusterImpl.java:lambda$waitForClusterToBeReady$0(150)) - Nodes are ready. Got 10 of 10 DN Heartbeats.
2019-11-15 04:24:46,740 [main] INFO  ozone.MiniOzoneClusterImpl (MiniOzoneClusterImpl.java:lambda$waitForClusterToBeReady$0(153)) - Waiting for cluster to exit safe mode
2019-11-15 04:24:47,741 [main] INFO  ozone.MiniOzoneClusterImpl (MiniOzoneClusterImpl.java:lambda$waitForClusterToBeReady$0(150)) - Nodes are ready. Got 10 of 10 DN Heartbeats.
2019-11-15 04:24:47,741 [main] INFO  ozone.MiniOzoneClusterImpl (MiniOzoneClusterImpl.java:lambda$waitForClusterToBeReady$0(153)) - Waiting for cluster to exit safe mode
2019-11-15 04:24:48,171 [Command processor thread] INFO  impl.RaftServerProxy (RaftServerProxy.java:addNew(89)) - f15e9ea2-ac28-4081-8e04-15028e251385: addNew group-EFD342B65BA7:[f15e9ea2-ac28-4081-8e04-15028e251385:192.168.34.61:44094] returns group-EFD342B65BA7:java.util.concurrent.CompletableFuture@11919db3[Not completed]
2019-11-15 04:24:48,174 [pool-509-thread-1] INFO  impl.RaftServerImpl (RaftServerImpl.java:<init>(98)) - f15e9ea2-ac28-4081-8e04-15028e251385: new RaftServerImpl for group-EFD342B65BA7:[f15e9ea2-ac28-4081-8e04-15028e251385:192.168.34.61:44094] with ContainerStateMachine:uninitialized
2019-11-15 04:24:48,174 [pool-509-thread-1] INFO  server.RaftServerConfigKeys (ConfUtils.java:logGet(43)) - raft.server.rpc.timeout.min = 1s (custom)
2019-11-15 04:24:48,175 [pool-509-thread-1] INFO  server.RaftServerConfigKeys (ConfUtils.java:logGet(43)) - raft.server.rpc.timeout.max = 1200ms (custom)
2019-11-15 04:24:48,175 [pool-509-thread-1] INFO  server.RaftServerConfigKeys (ConfUtils.java:logGet(43)) - raft.server.rpcslowness.timeout = 120s (custom)
2019-11-15 04:24:48,175 [pool-509-thread-1] INFO  server.RaftServerConfigKeys (ConfUtils.java:logGet(43)) - raft.server.sleep.deviation.threshold = 300 (default)
2019-11-15 04:24:48,175 [pool-509-thread-1] INFO  server.RaftServerConfigKeys (ConfUtils.java:logGet(43)) - raft.server.log.appender.install.snapshot.enabled = false (custom)
2019-11-15 04:24:48,175 [pool-509-thread-1] INFO  impl.RaftServerImpl (ServerState.java:<init>(103)) - f15e9ea2-ac28-4081-8e04-15028e251385@group-EFD342B65BA7: ConfigurationManager, init=-1: [f15e9ea2-ac28-4081-8e04-15028e251385:192.168.34.61:44094], old=null, confs=<EMPTY_MAP>
2019-11-15 04:24:48,175 [pool-509-thread-1] INFO  server.RaftServerConfigKeys (ConfUtils.java:logGet(43)) - raft.server.storage.dir = [/workdir/hadoop-ozone/integration-test/target/test-dir/MiniOzoneClusterImpl-b8077c48-d45a-4953-83b6-e1fc361e67bb/datanode-0/data/ratis] (custom)
2019-11-15 04:24:48,176 [pool-509-thread-1] INFO  server.RaftServerConfigKeys (ConfUtils.java:logGet(43)) - raft.server.log.corruption.policy = EXCEPTION (default)
2019-11-15 04:24:48,176 [pool-509-thread-1] INFO  storage.RaftStorageDirectory (RaftStorageDirectory.java:analyzeStorage(246)) - The storage directory /workdir/hadoop-ozone/integration-test/target/test-dir/MiniOzoneClusterImpl-b8077c48-d45a-4953-83b6-e1fc361e67bb/datanode-0/data/ratis/2d5266ae-58ec-4fbf-aaf4-efd342b65ba7 does not exist. Creating ...
2019-11-15 04:24:48,223 [pool-509-thread-1] INFO  storage.RaftStorageDirectory (RaftStorageDirectory.java:tryLock(328)) - Lock on /workdir/hadoop-ozone/integration-test/target/test-dir/MiniOzoneClusterImpl-b8077c48-d45a-4953-83b6-e1fc361e67bb/datanode-0/data/ratis/2d5266ae-58ec-4fbf-aaf4-efd342b65ba7/in_use.lock acquired by nodename 7542@trunk-nightly-20191115-sgx8w-1801196118
2019-11-15 04:24:48,230 [Command processor thread] INFO  impl.RaftServerProxy (RaftServerProxy.java:addNew(89)) - be6365c1-8fb2-47f9-87b1-78a3fb38138b: addNew group-3AC3D75F4EFD:[be6365c1-8fb2-47f9-87b1-78a3fb38138b:192.168.34.61:44393] returns group-3AC3D75F4EFD:java.util.concurrent.CompletableFuture@6971c861[Not completed]
2019-11-15 04:24:48,231 [pool-519-thread-1] INFO  impl.RaftServerImpl (RaftServerImpl.java:<init>(98)) - be6365c1-8fb2-47f9-87b1-78a3fb38138b: new RaftServerImpl for group-3AC3D75F4EFD:[be6365c1-8fb2-47f9-87b1-78a3fb38138b:192.168.34.61:44393] with ContainerStateMachine:uninitialized
2019-11-15 04:24:48,232 [pool-519-thread-1] INFO  server.RaftServerConfigKeys (ConfUtils.java:logGet(43)) - raft.server.rpc.timeout.min = 1s (custom)
2019-11-15 04:24:48,232 [pool-519-thread-1] INFO  server.RaftServerConfigKeys (ConfUtils.java:logGet(43)) - raft.server.rpc.timeout.max = 1200ms (custom)
2019-11-15 04:24:48,232 [pool-519-thread-1] INFO  server.RaftServerConfigKeys (ConfUtils.java:logGet(43)) - raft.server.rpcslowness.timeout = 120s (custom)
2019-11-15 04:24:48,232 [pool-519-thread-1] INFO  server.RaftServerConfigKeys (ConfUtils.java:logGet(43)) - raft.server.sleep.deviation.threshold = 300 (default)
2019-11-15 04:24:48,232 [pool-519-thread-1] INFO  server.RaftServerConfigKeys (ConfUtils.java:logGet(43)) - raft.server.log.appender.install.snapshot.enabled = false (custom)
2019-11-15 04:24:48,232 [pool-519-thread-1] INFO  impl.RaftServerImpl (ServerState.java:<init>(103)) - be6365c1-8fb2-47f9-87b1-78a3fb38138b@group-3AC3D75F4EFD: ConfigurationManager, init=-1: [be6365c1-8fb2-47f9-87b1-78a3fb38138b:192.168.34.61:44393], old=null, confs=<EMPTY_MAP>
2019-11-15 04:24:48,232 [pool-519-thread-1] INFO  server.RaftServerConfigKeys (ConfUtils.java:logGet(43)) - raft.server.storage.dir = [/workdir/hadoop-ozone/integration-test/target/test-dir/MiniOzoneClusterImpl-b8077c48-d45a-4953-83b6-e1fc361e67bb/datanode-1/data/ratis] (custom)
2019-11-15 04:24:48,233 [pool-519-thread-1] INFO  server.RaftServerConfigKeys (ConfUtils.java:logGet(43)) - raft.server.log.corruption.policy = EXCEPTION (default)
2019-11-15 04:24:48,233 [pool-519-thread-1] INFO  storage.RaftStorageDirectory (RaftStorageDirectory.java:analyzeStorage(246)) - The storage directory /workdir/hadoop-ozone/integration-test/target/test-dir/MiniOzoneClusterImpl-b8077c48-d45a-4953-83b6-e1fc361e67bb/datanode-1/data/ratis/44c68b8f-0191-4b9f-a107-3ac3d75f4efd does not exist. Creating ...
2019-11-15 04:24:48,237 [pool-519-thread-1] INFO  storage.RaftStorageDirectory (RaftStorageDirectory.java:tryLock(328)) - Lock on /workdir/hadoop-ozone/integration-test/target/test-dir/MiniOzoneClusterImpl-b8077c48-d45a-4953-83b6-e1fc361e67bb/datanode-1/data/ratis/44c68b8f-0191-4b9f-a107-3ac3d75f4efd/in_use.lock acquired by nodename 7542@trunk-nightly-20191115-sgx8w-1801196118
2019-11-15 04:24:48,237 [pool-509-thread-1] INFO  storage.RaftStorage (RaftStorage.java:format(84)) - Storage directory /workdir/hadoop-ozone/integration-test/target/test-dir/MiniOzoneClusterImpl-b8077c48-d45a-4953-83b6-e1fc361e67bb/datanode-0/data/ratis/2d5266ae-58ec-4fbf-aaf4-efd342b65ba7 has been successfully formatted.
2019-11-15 04:24:48,237 [pool-509-thread-1] INFO  ratis.ContainerStateMachine (ContainerStateMachine.java:loadSnapshot(223)) - group-EFD342B65BA7: The snapshot info is null. Setting the last applied indexto:(t:0, i:~)
2019-11-15 04:24:48,238 [pool-509-thread-1] INFO  server.RaftServerConfigKeys (ConfUtils.java:logGet(43)) - raft.server.notification.no-leader.timeout = 120s (custom)
2019-11-15 04:24:48,238 [pool-509-thread-1] INFO  server.RaftServerConfigKeys (ConfUtils.java:logGet(43)) - raft.server.log.use.memory = false (default)
2019-11-15 04:24:48,238 [pool-509-thread-1] INFO  server.RaftServerConfigKeys (ConfUtils.java:logGet(43)) - raft.server.log.purge.gap = 1000000 (custom)
2019-11-15 04:24:48,238 [pool-509-thread-1] INFO  server.RaftServerConfigKeys (ConfUtils.java:logGet(43)) - raft.server.log.appender.buffer.byte-limit = 33554432 (custom)
2019-11-15 04:24:48,238 [pool-509-thread-1] INFO  server.RaftServerConfigKeys (ConfUtils.java:logGet(43)) - raft.server.log.segment.size.max = 1048576 (custom)
2019-11-15 04:24:48,238 [pool-509-thread-1] WARN  impl.MetricRegistriesImpl (MetricRegistriesImpl.java:lambda$create$1(61)) - First MetricRegistry has been created without registering reporters. You may need to call MetricRegistries.global().addReportRegistration(...) before.
2019-11-15 04:24:48,239 [pool-509-thread-1] INFO  server.RaftServerConfigKeys (ConfUtils.java:logGet(43)) - raft.server.log.segment.cache.num.max = 2 (custom)
2019-11-15 04:24:48,239 [pool-509-thread-1] INFO  segmented.SegmentedRaftLogWorker (SegmentedRaftLogWorker.java:<init>(173)) - new f15e9ea2-ac28-4081-8e04-15028e251385@group-EFD342B65BA7-SegmentedRaftLogWorker for RaftStorage:Storage Directory /workdir/hadoop-ozone/integration-test/target/test-dir/MiniOzoneClusterImpl-b8077c48-d45a-4953-83b6-e1fc361e67bb/datanode-0/data/ratis/2d5266ae-58ec-4fbf-aaf4-efd342b65ba7
2019-11-15 04:24:48,239 [pool-509-thread-1] INFO  server.RaftServerConfigKeys (ConfUtils.java:logGet(43)) - raft.server.log.queue.byte-limit = 2147483647 (custom)
2019-11-15 04:24:48,239 [pool-509-thread-1] INFO  server.RaftServerConfigKeys (ConfUtils.java:logGet(43)) - raft.server.log.queue.element-limit = 1024 (custom)
2019-11-15 04:24:48,239 [pool-509-thread-1] INFO  server.RaftServerConfigKeys (ConfUtils.java:logGet(43)) - raft.server.log.segment.size.max = 1048576 (custom)
2019-11-15 04:24:48,239 [pool-509-thread-1] INFO  server.RaftServerConfigKeys (ConfUtils.java:logGet(43)) - raft.server.log.preallocated.size = 16384 (custom)
2019-11-15 04:24:48,239 [pool-509-thread-1] INFO  server.RaftServerConfigKeys (ConfUtils.java:logGet(43)) - raft.server.log.write.buffer.size = 33554432 (custom)
2019-11-15 04:24:48,239 [pool-509-thread-1] INFO  server.RaftServerConfigKeys (ConfUtils.java:logGet(43)) - raft.server.log.force.sync.num = 128 (default)
2019-11-15 04:24:48,239 [pool-509-thread-1] INFO  server.RaftServerConfigKeys (ConfUtils.java:logGet(43)) - raft.server.log.statemachine.data.sync = true (default)
2019-11-15 04:24:48,240 [pool-509-thread-1] INFO  server.RaftServerConfigKeys (ConfUtils.java:logGet(43)) - raft.server.log.statemachine.data.sync.timeout = 10s (default)
2019-11-15 04:24:48,240 [pool-509-thread-1] INFO  server.RaftServerConfigKeys (ConfUtils.java:logGet(43)) - raft.server.log.statemachine.data.sync.timeout.retry = -1 (default)
2019-11-15 04:24:48,240 [pool-509-thread-1] INFO  server.RaftServerConfigKeys (ConfUtils.java:logGet(43)) - raft.server.log.statemachine.data.caching.enabled = true (custom)
2019-11-15 04:24:48,240 [pool-509-thread-1] INFO  segmented.SegmentedRaftLogWorker (SegmentedRaftLogWorker.java:lambda$new$0(128)) - f15e9ea2-ac28-4081-8e04-15028e251385@group-EFD342B65BA7-SegmentedRaftLogWorker: flushIndex: setUnconditionally 0 -> -1
2019-11-15 04:24:48,249 [pool-519-thread-1] INFO  storage.RaftStorage (RaftStorage.java:format(84)) - Storage directory /workdir/hadoop-ozone/integration-test/target/test-dir/MiniOzoneClusterImpl-b8077c48-d45a-4953-83b6-e1fc361e67bb/datanode-1/data/ratis/44c68b8f-0191-4b9f-a107-3ac3d75f4efd has been successfully formatted.
2019-11-15 04:24:48,249 [pool-519-thread-1] INFO  ratis.ContainerStateMachine (ContainerStateMachine.java:loadSnapshot(223)) - group-3AC3D75F4EFD: The snapshot info is null. Setting the last applied indexto:(t:0, i:~)
2019-11-15 04:24:48,249 [pool-509-thread-1] INFO  server.RaftServerConfigKeys (ConfUtils.java:logGet(43)) - raft.server.snapshot.auto.trigger.enabled = true (custom)
2019-11-15 04:24:48,249 [pool-519-thread-1] INFO  server.RaftServerConfigKeys (ConfUtils.java:logGet(43)) - raft.server.notification.no-leader.timeout = 120s (custom)
2019-11-15 04:24:48,249 [pool-509-thread-1] INFO  server.RaftServerConfigKeys (ConfUtils.java:logGet(43)) - raft.server.snapshot.auto.trigger.threshold = 10000 (custom)
2019-11-15 04:24:48,250 [pool-519-thread-1] INFO  server.RaftServerConfigKeys (ConfUtils.java:logGet(43)) - raft.server.log.use.memory = false (default)
2019-11-15 04:24:48,250 [pool-509-thread-1] INFO  server.RaftServerConfigKeys (ConfUtils.java:logGet(43)) - raft.server.snapshot.retention.file.num = 5 (custom)
2019-11-15 04:24:48,250 [pool-519-thread-1] INFO  server.RaftServerConfigKeys (ConfUtils.java:logGet(43)) - raft.server.log.purge.gap = 1000000 (custom)
2019-11-15 04:24:48,250 [pool-509-thread-1] INFO  server.RaftServerConfigKeys (ConfUtils.java:logGet(43)) - raft.server.retrycache.expirytime = 600000ms (custom)
2019-11-15 04:24:48,250 [pool-519-thread-1] INFO  server.RaftServerConfigKeys (ConfUtils.java:logGet(43)) - raft.server.log.appender.buffer.byte-limit = 33554432 (custom)
2019-11-15 04:24:48,250 [pool-519-thread-1] INFO  server.RaftServerConfigKeys (ConfUtils.java:logGet(43)) - raft.server.log.segment.size.max = 1048576 (custom)
2019-11-15 04:24:48,250 [pool-509-thread-1] WARN  impl.MetricRegistriesImpl (MetricRegistriesImpl.java:lambda$create$1(61)) - First MetricRegistry has been created without registering reporters. You may need to call MetricRegistries.global().addReportRegistration(...) before.
2019-11-15 04:24:48,250 [pool-519-thread-1] WARN  impl.MetricRegistriesImpl (MetricRegistriesImpl.java:lambda$create$1(61)) - First MetricRegistry has been created without registering reporters. You may need to call MetricRegistries.global().addReportRegistration(...) before.
2019-11-15 04:24:48,251 [pool-509-thread-1] WARN  impl.MetricRegistriesImpl (MetricRegistriesImpl.java:lambda$create$1(61)) - First MetricRegistry has been created without registering reporters. You may need to call MetricRegistries.global().addReportRegistration(...) before.
2019-11-15 04:24:48,251 [pool-519-thread-1] INFO  server.RaftServerConfigKeys (ConfUtils.java:logGet(43)) - raft.server.log.segment.cache.num.max = 2 (custom)
2019-11-15 04:24:48,251 [pool-509-thread-1] INFO  impl.RaftServerImpl (RaftServerImpl.java:start(184)) - f15e9ea2-ac28-4081-8e04-15028e251385@group-EFD342B65BA7: start as a follower, conf=-1: [f15e9ea2-ac28-4081-8e04-15028e251385:192.168.34.61:44094], old=null
2019-11-15 04:24:48,251 [pool-519-thread-1] INFO  segmented.SegmentedRaftLogWorker (SegmentedRaftLogWorker.java:<init>(173)) - new be6365c1-8fb2-47f9-87b1-78a3fb38138b@group-3AC3D75F4EFD-SegmentedRaftLogWorker for RaftStorage:Storage Directory /workdir/hadoop-ozone/integration-test/target/test-dir/MiniOzoneClusterImpl-b8077c48-d45a-4953-83b6-e1fc361e67bb/datanode-1/data/ratis/44c68b8f-0191-4b9f-a107-3ac3d75f4efd
2019-11-15 04:24:48,251 [pool-509-thread-1] INFO  impl.RaftServerImpl (RaftServerImpl.java:setRole(173)) - f15e9ea2-ac28-4081-8e04-15028e251385@group-EFD342B65BA7: changes role from      null to FOLLOWER at term 0 for startAsFollower
2019-11-15 04:24:48,251 [pool-519-thread-1] INFO  server.RaftServerConfigKeys (ConfUtils.java:logGet(43)) - raft.server.log.queue.byte-limit = 2147483647 (custom)
2019-11-15 04:24:48,251 [pool-509-thread-1] INFO  impl.RoleInfo (RoleInfo.java:updateAndGet(143)) - f15e9ea2-ac28-4081-8e04-15028e251385: start FollowerState
2019-11-15 04:24:48,251 [pool-519-thread-1] INFO  server.RaftServerConfigKeys (ConfUtils.java:logGet(43)) - raft.server.log.queue.element-limit = 1024 (custom)
2019-11-15 04:24:48,252 [pool-519-thread-1] INFO  server.RaftServerConfigKeys (ConfUtils.java:logGet(43)) - raft.server.log.segment.size.max = 1048576 (custom)
2019-11-15 04:24:48,252 [pool-519-thread-1] INFO  server.RaftServerConfigKeys (ConfUtils.java:logGet(43)) - raft.server.log.preallocated.size = 16384 (custom)
2019-11-15 04:24:48,252 [pool-509-thread-1] INFO  util.JmxRegister (JmxRegister.java:tryRegister(44)) - Successfully registered JMX Bean with object name Ratis:service=RaftServer,group=group-EFD342B65BA7,id=f15e9ea2-ac28-4081-8e04-15028e251385
2019-11-15 04:24:48,252 [pool-519-thread-1] INFO  server.RaftServerConfigKeys (ConfUtils.java:logGet(43)) - raft.server.log.write.buffer.size = 33554432 (custom)
2019-11-15 04:24:48,252 [pool-509-thread-1] WARN  impl.MetricRegistriesImpl (MetricRegistriesImpl.java:lambda$create$1(61)) - First MetricRegistry has been created without registering reporters. You may need to call MetricRegistries.global().addReportRegistration(...) before.
2019-11-15 04:24:48,252 [pool-519-thread-1] INFO  server.RaftServerConfigKeys (ConfUtils.java:logGet(43)) - raft.server.log.force.sync.num = 128 (default)
2019-11-15 04:24:48,252 [pool-519-thread-1] INFO  server.RaftServerConfigKeys (ConfUtils.java:logGet(43)) - raft.server.log.statemachine.data.sync = true (default)
2019-11-15 04:24:48,253 [pool-519-thread-1] INFO  server.RaftServerConfigKeys (ConfUtils.java:logGet(43)) - raft.server.log.statemachine.data.sync.timeout = 10s (default)
2019-11-15 04:24:48,253 [pool-519-thread-1] INFO  server.RaftServerConfigKeys (ConfUtils.java:logGet(43)) - raft.server.log.statemachine.data.sync.timeout.retry = -1 (default)
2019-11-15 04:24:48,253 [pool-519-thread-1] INFO  server.RaftServerConfigKeys (ConfUtils.java:logGet(43)) - raft.server.log.statemachine.data.caching.enabled = true (custom)
2019-11-15 04:24:48,253 [Command processor thread] INFO  commandhandler.CreatePipelineCommandHandler (CreatePipelineCommandHandler.java:handle(86)) - Create Pipeline RATIS ONE #id: "2d5266ae-58ec-4fbf-aaf4-efd342b65ba7"
 command succeed on datanode f15e9ea2-ac28-4081-8e04-15028e251385.
2019-11-15 04:24:48,253 [pool-519-thread-1] INFO  segmented.SegmentedRaftLogWorker (SegmentedRaftLogWorker.java:lambda$new$0(128)) - be6365c1-8fb2-47f9-87b1-78a3fb38138b@group-3AC3D75F4EFD-SegmentedRaftLogWorker: flushIndex: setUnconditionally 0 -> -1
2019-11-15 04:24:48,256 [pool-519-thread-1] INFO  server.RaftServerConfigKeys (ConfUtils.java:logGet(43)) - raft.server.snapshot.auto.trigger.enabled = true (custom)
2019-11-15 04:24:48,256 [Command processor thread] INFO  impl.RaftServerProxy (RaftServerProxy.java:addNew(89)) - f15e9ea2-ac28-4081-8e04-15028e251385: addNew group-B41F48618BA6:[b8480f98-5c77-4f73-b6b9-e737b10a7f9e:192.168.34.61:32848, be6365c1-8fb2-47f9-87b1-78a3fb38138b:192.168.34.61:44393, f15e9ea2-ac28-4081-8e04-15028e251385:192.168.34.61:44094] returns group-B41F48618BA6:java.util.concurrent.CompletableFuture@15ae1b59[Not completed]
2019-11-15 04:24:48,256 [pool-519-thread-1] INFO  server.RaftServerConfigKeys (ConfUtils.java:logGet(43)) - raft.server.snapshot.auto.trigger.threshold = 10000 (custom)
2019-11-15 04:24:48,256 [pool-519-thread-1] INFO  server.RaftServerConfigKeys (ConfUtils.java:logGet(43)) - raft.server.snapshot.retention.file.num = 5 (custom)
2019-11-15 04:24:48,256 [pool-519-thread-1] INFO  server.RaftServerConfigKeys (ConfUtils.java:logGet(43)) - raft.server.retrycache.expirytime = 600000ms (custom)
2019-11-15 04:24:48,256 [pool-519-thread-1] WARN  impl.MetricRegistriesImpl (MetricRegistriesImpl.java:lambda$create$1(61)) - First MetricRegistry has been created without registering reporters. You may need to call MetricRegistries.global().addReportRegistration(...) before.
2019-11-15 04:24:48,256 [pool-519-thread-1] WARN  impl.MetricRegistriesImpl (MetricRegistriesImpl.java:lambda$create$1(61)) - First MetricRegistry has been created without registering reporters. You may need to call MetricRegistries.global().addReportRegistration(...) before.
2019-11-15 04:24:48,257 [EventQueue-PipelineReportForPipelineReportHandler] INFO  pipeline.PipelineReportHandler (PipelineReportHandler.java:processPipelineReport(113)) - Pipeline ONE PipelineID=2d5266ae-58ec-4fbf-aaf4-efd342b65ba7 reported by f15e9ea2-ac28-4081-8e04-15028e251385{ip: 192.168.34.61, host: trunk-nightly-20191115-sgx8w-1801196118, networkLocation: /rack1, certSerialId: null}
2019-11-15 04:24:48,257 [pool-519-thread-1] INFO  impl.RaftServerImpl (RaftServerImpl.java:start(184)) - be6365c1-8fb2-47f9-87b1-78a3fb38138b@group-3AC3D75F4EFD: start as a follower, conf=-1: [be6365c1-8fb2-47f9-87b1-78a3fb38138b:192.168.34.61:44393], old=null
2019-11-15 04:24:48,257 [EventQueue-PipelineReportForPipelineReportHandler] INFO  pipeline.PipelineStateManager (PipelineStateManager.java:openPipeline(132)) - Pipeline Pipeline[ Id: 2d5266ae-58ec-4fbf-aaf4-efd342b65ba7, Nodes: f15e9ea2-ac28-4081-8e04-15028e251385{ip: 192.168.34.61, host: trunk-nightly-20191115-sgx8w-1801196118, networkLocation: /rack1, certSerialId: null}, Type:RATIS, Factor:ONE, State:ALLOCATED] moved to OPEN state
2019-11-15 04:24:48,257 [pool-519-thread-1] INFO  impl.RaftServerImpl (RaftServerImpl.java:setRole(173)) - be6365c1-8fb2-47f9-87b1-78a3fb38138b@group-3AC3D75F4EFD: changes role from      null to FOLLOWER at term 0 for startAsFollower
2019-11-15 04:24:48,257 [pool-509-thread-1] INFO  impl.RaftServerImpl (RaftServerImpl.java:<init>(98)) - f15e9ea2-ac28-4081-8e04-15028e251385: new RaftServerImpl for group-B41F48618BA6:[b8480f98-5c77-4f73-b6b9-e737b10a7f9e:192.168.34.61:32848, be6365c1-8fb2-47f9-87b1-78a3fb38138b:192.168.34.61:44393, f15e9ea2-ac28-4081-8e04-15028e251385:192.168.34.61:44094] with ContainerStateMachine:uninitialized
2019-11-15 04:24:48,257 [pool-519-thread-1] INFO  impl.RoleInfo (RoleInfo.java:updateAndGet(143)) - be6365c1-8fb2-47f9-87b1-78a3fb38138b: start FollowerState
2019-11-15 04:24:48,259 [pool-509-thread-1] INFO  server.RaftServerConfigKeys (ConfUtils.java:logGet(43)) - raft.server.rpc.timeout.min = 1s (custom)
2019-11-15 04:24:48,259 [pool-509-thread-1] INFO  server.RaftServerConfigKeys (ConfUtils.java:logGet(43)) - raft.server.rpc.timeout.max = 1200ms (custom)
2019-11-15 04:24:48,259 [EventQueue-OpenPipelineForHealthyPipelineSafeModeRule] INFO  safemode.SCMSafeModeManager (HealthyPipelineSafeModeRule.java:process(132)) - SCM in safe mode. Healthy pipelines reported count is 0, required healthy pipeline reported count is 1
2019-11-15 04:24:48,259 [pool-509-thread-1] INFO  server.RaftServerConfigKeys (ConfUtils.java:logGet(43)) - raft.server.rpcslowness.timeout = 120s (custom)
2019-11-15 04:24:48,259 [pool-519-thread-1] INFO  util.JmxRegister (JmxRegister.java:tryRegister(44)) - Successfully registered JMX Bean with object name Ratis:service=RaftServer,group=group-3AC3D75F4EFD,id=be6365c1-8fb2-47f9-87b1-78a3fb38138b
2019-11-15 04:24:48,259 [pool-509-thread-1] INFO  server.RaftServerConfigKeys (ConfUtils.java:logGet(43)) - raft.server.sleep.deviation.threshold = 300 (default)
2019-11-15 04:24:48,260 [EventQueue-OpenPipelineForOneReplicaPipelineSafeModeRule] INFO  safemode.SCMSafeModeManager (SCMSafeModeManager.java:validateSafeModeExitRules(176)) - AtleastOneDatanodeReportedRule rule is successfully validated
2019-11-15 04:24:48,260 [pool-519-thread-1] WARN  impl.MetricRegistriesImpl (MetricRegistriesImpl.java:lambda$create$1(61)) - First MetricRegistry has been created without registering reporters. You may need to call MetricRegistries.global().addReportRegistration(...) before.
2019-11-15 04:24:48,260 [pool-509-thread-1] INFO  server.RaftServerConfigKeys (ConfUtils.java:logGet(43)) - raft.server.log.appender.install.snapshot.enabled = false (custom)
2019-11-15 04:24:48,260 [pool-509-thread-1] INFO  impl.RaftServerImpl (ServerState.java:<init>(103)) - f15e9ea2-ac28-4081-8e04-15028e251385@group-B41F48618BA6: ConfigurationManager, init=-1: [b8480f98-5c77-4f73-b6b9-e737b10a7f9e:192.168.34.61:32848, be6365c1-8fb2-47f9-87b1-78a3fb38138b:192.168.34.61:44393, f15e9ea2-ac28-4081-8e04-15028e251385:192.168.34.61:44094], old=null, confs=<EMPTY_MAP>
2019-11-15 04:24:48,260 [pool-509-thread-1] INFO  server.RaftServerConfigKeys (ConfUtils.java:logGet(43)) - raft.server.storage.dir = [/workdir/hadoop-ozone/integration-test/target/test-dir/MiniOzoneClusterImpl-b8077c48-d45a-4953-83b6-e1fc361e67bb/datanode-0/data/ratis] (custom)
2019-11-15 04:24:48,260 [Command processor thread] INFO  commandhandler.CreatePipelineCommandHandler (CreatePipelineCommandHandler.java:handle(86)) - Create Pipeline RATIS ONE #id: "44c68b8f-0191-4b9f-a107-3ac3d75f4efd"
 command succeed on datanode be6365c1-8fb2-47f9-87b1-78a3fb38138b.
2019-11-15 04:24:48,261 [pool-509-thread-1] INFO  server.RaftServerConfigKeys (ConfUtils.java:logGet(43)) - raft.server.log.corruption.policy = EXCEPTION (default)
2019-11-15 04:24:48,262 [pool-509-thread-1] INFO  storage.RaftStorageDirectory (RaftStorageDirectory.java:analyzeStorage(246)) - The storage directory /workdir/hadoop-ozone/integration-test/target/test-dir/MiniOzoneClusterImpl-b8077c48-d45a-4953-83b6-e1fc361e67bb/datanode-0/data/ratis/37bb1998-c457-4570-8a91-b41f48618ba6 does not exist. Creating ...
2019-11-15 04:24:48,262 [Command processor thread] INFO  impl.RaftServerProxy (RaftServerProxy.java:addNew(89)) - be6365c1-8fb2-47f9-87b1-78a3fb38138b: addNew group-B41F48618BA6:[b8480f98-5c77-4f73-b6b9-e737b10a7f9e:192.168.34.61:32848, be6365c1-8fb2-47f9-87b1-78a3fb38138b:192.168.34.61:44393, f15e9ea2-ac28-4081-8e04-15028e251385:192.168.34.61:44094] returns group-B41F48618BA6:java.util.concurrent.CompletableFuture@6d4e4197[Not completed]
2019-11-15 04:24:48,262 [EventQueue-PipelineReportForPipelineReportHandler] INFO  pipeline.PipelineReportHandler (PipelineReportHandler.java:processPipelineReport(113)) - Pipeline ONE PipelineID=44c68b8f-0191-4b9f-a107-3ac3d75f4efd reported by be6365c1-8fb2-47f9-87b1-78a3fb38138b{ip: 192.168.34.61, host: trunk-nightly-20191115-sgx8w-1801196118, networkLocation: /rack1, certSerialId: null}
2019-11-15 04:24:48,263 [EventQueue-PipelineReportForPipelineReportHandler] INFO  pipeline.PipelineStateManager (PipelineStateManager.java:openPipeline(132)) - Pipeline Pipeline[ Id: 44c68b8f-0191-4b9f-a107-3ac3d75f4efd, Nodes: be6365c1-8fb2-47f9-87b1-78a3fb38138b{ip: 192.168.34.61, host: trunk-nightly-20191115-sgx8w-1801196118, networkLocation: /rack1, certSerialId: null}, Type:RATIS, Factor:ONE, State:ALLOCATED] moved to OPEN state
2019-11-15 04:24:48,263 [EventQueue-OpenPipelineForHealthyPipelineSafeModeRule] INFO  safemode.SCMSafeModeManager (HealthyPipelineSafeModeRule.java:process(132)) - SCM in safe mode. Healthy pipelines reported count is 0, required healthy pipeline reported count is 1
2019-11-15 04:24:48,263 [EventQueue-OpenPipelineForOneReplicaPipelineSafeModeRule] INFO  safemode.SCMSafeModeManager (SCMSafeModeManager.java:validateSafeModeExitRules(176)) - AtleastOneDatanodeReportedRule rule is successfully validated
2019-11-15 04:24:48,263 [pool-519-thread-1] INFO  impl.RaftServerImpl (RaftServerImpl.java:<init>(98)) - be6365c1-8fb2-47f9-87b1-78a3fb38138b: new RaftServerImpl for group-B41F48618BA6:[b8480f98-5c77-4f73-b6b9-e737b10a7f9e:192.168.34.61:32848, be6365c1-8fb2-47f9-87b1-78a3fb38138b:192.168.34.61:44393, f15e9ea2-ac28-4081-8e04-15028e251385:192.168.34.61:44094] with ContainerStateMachine:uninitialized
2019-11-15 04:24:48,264 [pool-519-thread-1] INFO  server.RaftServerConfigKeys (ConfUtils.java:logGet(43)) - raft.server.rpc.timeout.min = 1s (custom)
2019-11-15 04:24:48,264 [pool-519-thread-1] INFO  server.RaftServerConfigKeys (ConfUtils.java:logGet(43)) - raft.server.rpc.timeout.max = 1200ms (custom)
2019-11-15 04:24:48,264 [pool-519-thread-1] INFO  server.RaftServerConfigKeys (ConfUtils.java:logGet(43)) - raft.server.rpcslowness.timeout = 120s (custom)
2019-11-15 04:24:48,264 [pool-519-thread-1] INFO  server.RaftServerConfigKeys (ConfUtils.java:logGet(43)) - raft.server.sleep.deviation.threshold = 300 (default)
2019-11-15 04:24:48,264 [pool-519-thread-1] INFO  server.RaftServerConfigKeys (ConfUtils.java:logGet(43)) - raft.server.log.appender.install.snapshot.enabled = false (custom)
2019-11-15 04:24:48,264 [pool-519-thread-1] INFO  impl.RaftServerImpl (ServerState.java:<init>(103)) - be6365c1-8fb2-47f9-87b1-78a3fb38138b@group-B41F48618BA6: ConfigurationManager, init=-1: [b8480f98-5c77-4f73-b6b9-e737b10a7f9e:192.168.34.61:32848, be6365c1-8fb2-47f9-87b1-78a3fb38138b:192.168.34.61:44393, f15e9ea2-ac28-4081-8e04-15028e251385:192.168.34.61:44094], old=null, confs=<EMPTY_MAP>
2019-11-15 04:24:48,264 [pool-519-thread-1] INFO  server.RaftServerConfigKeys (ConfUtils.java:logGet(43)) - raft.server.storage.dir = [/workdir/hadoop-ozone/integration-test/target/test-dir/MiniOzoneClusterImpl-b8077c48-d45a-4953-83b6-e1fc361e67bb/datanode-1/data/ratis] (custom)
2019-11-15 04:24:48,265 [pool-519-thread-1] INFO  server.RaftServerConfigKeys (ConfUtils.java:logGet(43)) - raft.server.log.corruption.policy = EXCEPTION (default)
2019-11-15 04:24:48,265 [pool-519-thread-1] INFO  storage.RaftStorageDirectory (RaftStorageDirectory.java:analyzeStorage(246)) - The storage directory /workdir/hadoop-ozone/integration-test/target/test-dir/MiniOzoneClusterImpl-b8077c48-d45a-4953-83b6-e1fc361e67bb/datanode-1/data/ratis/37bb1998-c457-4570-8a91-b41f48618ba6 does not exist. Creating ...
2019-11-15 04:24:48,279 [pool-519-thread-1] INFO  storage.RaftStorageDirectory (RaftStorageDirectory.java:tryLock(328)) - Lock on /workdir/hadoop-ozone/integration-test/target/test-dir/MiniOzoneClusterImpl-b8077c48-d45a-4953-83b6-e1fc361e67bb/datanode-1/data/ratis/37bb1998-c457-4570-8a91-b41f48618ba6/in_use.lock acquired by nodename 7542@trunk-nightly-20191115-sgx8w-1801196118
2019-11-15 04:24:48,279 [pool-509-thread-1] INFO  storage.RaftStorageDirectory (RaftStorageDirectory.java:tryLock(328)) - Lock on /workdir/hadoop-ozone/integration-test/target/test-dir/MiniOzoneClusterImpl-b8077c48-d45a-4953-83b6-e1fc361e67bb/datanode-0/data/ratis/37bb1998-c457-4570-8a91-b41f48618ba6/in_use.lock acquired by nodename 7542@trunk-nightly-20191115-sgx8w-1801196118
2019-11-15 04:24:48,288 [Command processor thread] INFO  impl.RaftServerProxy (RaftServerProxy.java:addNew(89)) - b8480f98-5c77-4f73-b6b9-e737b10a7f9e: addNew group-80736278A2FF:[b8480f98-5c77-4f73-b6b9-e737b10a7f9e:192.168.34.61:32848] returns group-80736278A2FF:java.util.concurrent.CompletableFuture@1d0f9c2b[Not completed]
2019-11-15 04:24:48,288 [pool-519-thread-1] INFO  storage.RaftStorage (RaftStorage.java:format(84)) - Storage directory /workdir/hadoop-ozone/integration-test/target/test-dir/MiniOzoneClusterImpl-b8077c48-d45a-4953-83b6-e1fc361e67bb/datanode-1/data/ratis/37bb1998-c457-4570-8a91-b41f48618ba6 has been successfully formatted.
2019-11-15 04:24:48,288 [pool-509-thread-1] INFO  storage.RaftStorage (RaftStorage.java:format(84)) - Storage directory /workdir/hadoop-ozone/integration-test/target/test-dir/MiniOzoneClusterImpl-b8077c48-d45a-4953-83b6-e1fc361e67bb/datanode-0/data/ratis/37bb1998-c457-4570-8a91-b41f48618ba6 has been successfully formatted.
2019-11-15 04:24:48,289 [pool-519-thread-1] INFO  ratis.ContainerStateMachine (ContainerStateMachine.java:loadSnapshot(223)) - group-B41F48618BA6: The snapshot info is null. Setting the last applied indexto:(t:0, i:~)
2019-11-15 04:24:48,289 [pool-509-thread-1] INFO  ratis.ContainerStateMachine (ContainerStateMachine.java:loadSnapshot(223)) - group-B41F48618BA6: The snapshot info is null. Setting the last applied indexto:(t:0, i:~)
2019-11-15 04:24:48,289 [pool-519-thread-1] INFO  server.RaftServerConfigKeys (ConfUtils.java:logGet(43)) - raft.server.notification.no-leader.timeout = 120s (custom)
2019-11-15 04:24:48,289 [pool-509-thread-1] INFO  server.RaftServerConfigKeys (ConfUtils.java:logGet(43)) - raft.server.notification.no-leader.timeout = 120s (custom)
2019-11-15 04:24:48,289 [pool-519-thread-1] INFO  server.RaftServerConfigKeys (ConfUtils.java:logGet(43)) - raft.server.log.use.memory = false (default)
2019-11-15 04:24:48,289 [pool-509-thread-1] INFO  server.RaftServerConfigKeys (ConfUtils.java:logGet(43)) - raft.server.log.use.memory = false (default)
2019-11-15 04:24:48,289 [pool-519-thread-1] INFO  server.RaftServerConfigKeys (ConfUtils.java:logGet(43)) - raft.server.log.purge.gap = 1000000 (custom)
2019-11-15 04:24:48,289 [pool-529-thread-1] INFO  impl.RaftServerImpl (RaftServerImpl.java:<init>(98)) - b8480f98-5c77-4f73-b6b9-e737b10a7f9e: new RaftServerImpl for group-80736278A2FF:[b8480f98-5c77-4f73-b6b9-e737b10a7f9e:192.168.34.61:32848] with ContainerStateMachine:uninitialized
2019-11-15 04:24:48,289 [pool-509-thread-1] INFO  server.RaftServerConfigKeys (ConfUtils.java:logGet(43)) - raft.server.log.purge.gap = 1000000 (custom)
2019-11-15 04:24:48,289 [pool-529-thread-1] INFO  server.RaftServerConfigKeys (ConfUtils.java:logGet(43)) - raft.server.rpc.timeout.min = 1s (custom)
2019-11-15 04:24:48,289 [pool-519-thread-1] INFO  server.RaftServerConfigKeys (ConfUtils.java:logGet(43)) - raft.server.log.appender.buffer.byte-limit = 33554432 (custom)
2019-11-15 04:24:48,290 [pool-529-thread-1] INFO  server.RaftServerConfigKeys (ConfUtils.java:logGet(43)) - raft.server.rpc.timeout.max = 1200ms (custom)
2019-11-15 04:24:48,289 [pool-509-thread-1] INFO  server.RaftServerConfigKeys (ConfUtils.java:logGet(43)) - raft.server.log.appender.buffer.byte-limit = 33554432 (custom)
2019-11-15 04:24:48,290 [pool-529-thread-1] INFO  server.RaftServerConfigKeys (ConfUtils.java:logGet(43)) - raft.server.rpcslowness.timeout = 120s (custom)
2019-11-15 04:24:48,290 [pool-519-thread-1] INFO  server.RaftServerConfigKeys (ConfUtils.java:logGet(43)) - raft.server.log.segment.size.max = 1048576 (custom)
2019-11-15 04:24:48,290 [pool-529-thread-1] INFO  server.RaftServerConfigKeys (ConfUtils.java:logGet(43)) - raft.server.sleep.deviation.threshold = 300 (default)
2019-11-15 04:24:48,290 [pool-509-thread-1] INFO  server.RaftServerConfigKeys (ConfUtils.java:logGet(43)) - raft.server.log.segment.size.max = 1048576 (custom)
2019-11-15 04:24:48,290 [pool-529-thread-1] INFO  server.RaftServerConfigKeys (ConfUtils.java:logGet(43)) - raft.server.log.appender.install.snapshot.enabled = false (custom)
2019-11-15 04:24:48,290 [pool-519-thread-1] INFO  server.RaftServerConfigKeys (ConfUtils.java:logGet(43)) - raft.server.log.segment.cache.num.max = 2 (custom)
2019-11-15 04:24:48,290 [pool-529-thread-1] INFO  impl.RaftServerImpl (ServerState.java:<init>(103)) - b8480f98-5c77-4f73-b6b9-e737b10a7f9e@group-80736278A2FF: ConfigurationManager, init=-1: [b8480f98-5c77-4f73-b6b9-e737b10a7f9e:192.168.34.61:32848], old=null, confs=<EMPTY_MAP>
2019-11-15 04:24:48,290 [pool-509-thread-1] INFO  server.RaftServerConfigKeys (ConfUtils.java:logGet(43)) - raft.server.log.segment.cache.num.max = 2 (custom)
2019-11-15 04:24:48,290 [pool-529-thread-1] INFO  server.RaftServerConfigKeys (ConfUtils.java:logGet(43)) - raft.server.storage.dir = [/workdir/hadoop-ozone/integration-test/target/test-dir/MiniOzoneClusterImpl-b8077c48-d45a-4953-83b6-e1fc361e67bb/datanode-2/data/ratis] (custom)
2019-11-15 04:24:48,290 [pool-519-thread-1] INFO  segmented.SegmentedRaftLogWorker (SegmentedRaftLogWorker.java:<init>(173)) - new be6365c1-8fb2-47f9-87b1-78a3fb38138b@group-B41F48618BA6-SegmentedRaftLogWorker for RaftStorage:Storage Directory /workdir/hadoop-ozone/integration-test/target/test-dir/MiniOzoneClusterImpl-b8077c48-d45a-4953-83b6-e1fc361e67bb/datanode-1/data/ratis/37bb1998-c457-4570-8a91-b41f48618ba6
2019-11-15 04:24:48,291 [pool-519-thread-1] INFO  server.RaftServerConfigKeys (ConfUtils.java:logGet(43)) - raft.server.log.queue.byte-limit = 2147483647 (custom)
2019-11-15 04:24:48,291 [pool-509-thread-1] INFO  segmented.SegmentedRaftLogWorker (SegmentedRaftLogWorker.java:<init>(173)) - new f15e9ea2-ac28-4081-8e04-15028e251385@group-B41F48618BA6-SegmentedRaftLogWorker for RaftStorage:Storage Directory /workdir/hadoop-ozone/integration-test/target/test-dir/MiniOzoneClusterImpl-b8077c48-d45a-4953-83b6-e1fc361e67bb/datanode-0/data/ratis/37bb1998-c457-4570-8a91-b41f48618ba6
2019-11-15 04:24:48,291 [pool-519-thread-1] INFO  server.RaftServerConfigKeys (ConfUtils.java:logGet(43)) - raft.server.log.queue.element-limit = 1024 (custom)
2019-11-15 04:24:48,291 [pool-529-thread-1] INFO  server.RaftServerConfigKeys (ConfUtils.java:logGet(43)) - raft.server.log.corruption.policy = EXCEPTION (default)
2019-11-15 04:24:48,291 [pool-519-thread-1] INFO  server.RaftServerConfigKeys (ConfUtils.java:logGet(43)) - raft.server.log.segment.size.max = 1048576 (custom)
2019-11-15 04:24:48,291 [pool-509-thread-1] INFO  server.RaftServerConfigKeys (ConfUtils.java:logGet(43)) - raft.server.log.queue.byte-limit = 2147483647 (custom)
2019-11-15 04:24:48,291 [pool-519-thread-1] INFO  server.RaftServerConfigKeys (ConfUtils.java:logGet(43)) - raft.server.log.preallocated.size = 16384 (custom)
2019-11-15 04:24:48,291 [pool-529-thread-1] INFO  storage.RaftStorageDirectory (RaftStorageDirectory.java:analyzeStorage(246)) - The storage directory /workdir/hadoop-ozone/integration-test/target/test-dir/MiniOzoneClusterImpl-b8077c48-d45a-4953-83b6-e1fc361e67bb/datanode-2/data/ratis/ef563034-0782-4212-b3d5-80736278a2ff does not exist. Creating ...
2019-11-15 04:24:48,291 [pool-519-thread-1] INFO  server.RaftServerConfigKeys (ConfUtils.java:logGet(43)) - raft.server.log.write.buffer.size = 33554432 (custom)
2019-11-15 04:24:48,291 [pool-509-thread-1] INFO  server.RaftServerConfigKeys (ConfUtils.java:logGet(43)) - raft.server.log.queue.element-limit = 1024 (custom)
2019-11-15 04:24:48,292 [pool-519-thread-1] INFO  server.RaftServerConfigKeys (ConfUtils.java:logGet(43)) - raft.server.log.force.sync.num = 128 (default)
2019-11-15 04:24:48,292 [pool-509-thread-1] INFO  server.RaftServerConfigKeys (ConfUtils.java:logGet(43)) - raft.server.log.segment.size.max = 1048576 (custom)
2019-11-15 04:24:48,292 [pool-519-thread-1] INFO  server.RaftServerConfigKeys (ConfUtils.java:logGet(43)) - raft.server.log.statemachine.data.sync = true (default)
2019-11-15 04:24:48,292 [pool-509-thread-1] INFO  server.RaftServerConfigKeys (ConfUtils.java:logGet(43)) - raft.server.log.preallocated.size = 16384 (custom)
2019-11-15 04:24:48,292 [pool-519-thread-1] INFO  server.RaftServerConfigKeys (ConfUtils.java:logGet(43)) - raft.server.log.statemachine.data.sync.timeout = 10s (default)
2019-11-15 04:24:48,292 [pool-509-thread-1] INFO  server.RaftServerConfigKeys (ConfUtils.java:logGet(43)) - raft.server.log.write.buffer.size = 33554432 (custom)
2019-11-15 04:24:48,292 [pool-519-thread-1] INFO  server.RaftServerConfigKeys (ConfUtils.java:logGet(43)) - raft.server.log.statemachine.data.sync.timeout.retry = -1 (default)
2019-11-15 04:24:48,292 [pool-509-thread-1] INFO  server.RaftServerConfigKeys (ConfUtils.java:logGet(43)) - raft.server.log.force.sync.num = 128 (default)
2019-11-15 04:24:48,292 [pool-519-thread-1] INFO  server.RaftServerConfigKeys (ConfUtils.java:logGet(43)) - raft.server.log.statemachine.data.caching.enabled = true (custom)
2019-11-15 04:24:48,292 [pool-509-thread-1] INFO  server.RaftServerConfigKeys (ConfUtils.java:logGet(43)) - raft.server.log.statemachine.data.sync = true (default)
2019-11-15 04:24:48,293 [pool-509-thread-1] INFO  server.RaftServerConfigKeys (ConfUtils.java:logGet(43)) - raft.server.log.statemachine.data.sync.timeout = 10s (default)
2019-11-15 04:24:48,293 [pool-519-thread-1] INFO  segmented.SegmentedRaftLogWorker (SegmentedRaftLogWorker.java:lambda$new$0(128)) - be6365c1-8fb2-47f9-87b1-78a3fb38138b@group-B41F48618BA6-SegmentedRaftLogWorker: flushIndex: setUnconditionally 0 -> -1
2019-11-15 04:24:48,293 [pool-509-thread-1] INFO  server.RaftServerConfigKeys (ConfUtils.java:logGet(43)) - raft.server.log.statemachine.data.sync.timeout.retry = -1 (default)
2019-11-15 04:24:48,293 [pool-509-thread-1] INFO  server.RaftServerConfigKeys (ConfUtils.java:logGet(43)) - raft.server.log.statemachine.data.caching.enabled = true (custom)
2019-11-15 04:24:48,293 [pool-519-thread-1] INFO  server.RaftServerConfigKeys (ConfUtils.java:logGet(43)) - raft.server.snapshot.auto.trigger.enabled = true (custom)
2019-11-15 04:24:48,293 [pool-519-thread-1] INFO  server.RaftServerConfigKeys (ConfUtils.java:logGet(43)) - raft.server.snapshot.auto.trigger.threshold = 10000 (custom)
2019-11-15 04:24:48,293 [pool-509-thread-1] INFO  segmented.SegmentedRaftLogWorker (SegmentedRaftLogWorker.java:lambda$new$0(128)) - f15e9ea2-ac28-4081-8e04-15028e251385@group-B41F48618BA6-SegmentedRaftLogWorker: flushIndex: setUnconditionally 0 -> -1
2019-11-15 04:24:48,293 [pool-519-thread-1] INFO  server.RaftServerConfigKeys (ConfUtils.java:logGet(43)) - raft.server.snapshot.retention.file.num = 5 (custom)
2019-11-15 04:24:48,294 [pool-519-thread-1] INFO  server.RaftServerConfigKeys (ConfUtils.java:logGet(43)) - raft.server.retrycache.expirytime = 600000ms (custom)
2019-11-15 04:24:48,294 [pool-509-thread-1] INFO  server.RaftServerConfigKeys (ConfUtils.java:logGet(43)) - raft.server.snapshot.auto.trigger.enabled = true (custom)
2019-11-15 04:24:48,294 [pool-519-thread-1] WARN  impl.MetricRegistriesImpl (MetricRegistriesImpl.java:lambda$create$1(61)) - First MetricRegistry has been created without registering reporters. You may need to call MetricRegistries.global().addReportRegistration(...) before.
2019-11-15 04:24:48,294 [pool-509-thread-1] INFO  server.RaftServerConfigKeys (ConfUtils.java:logGet(43)) - raft.server.snapshot.auto.trigger.threshold = 10000 (custom)
2019-11-15 04:24:48,294 [pool-519-thread-1] WARN  impl.MetricRegistriesImpl (MetricRegistriesImpl.java:lambda$create$1(61)) - First MetricRegistry has been created without registering reporters. You may need to call MetricRegistries.global().addReportRegistration(...) before.
2019-11-15 04:24:48,294 [pool-509-thread-1] INFO  server.RaftServerConfigKeys (ConfUtils.java:logGet(43)) - raft.server.snapshot.retention.file.num = 5 (custom)
2019-11-15 04:24:48,294 [pool-519-thread-1] INFO  impl.RaftServerImpl (RaftServerImpl.java:start(184)) - be6365c1-8fb2-47f9-87b1-78a3fb38138b@group-B41F48618BA6: start as a follower, conf=-1: [b8480f98-5c77-4f73-b6b9-e737b10a7f9e:192.168.34.61:32848, be6365c1-8fb2-47f9-87b1-78a3fb38138b:192.168.34.61:44393, f15e9ea2-ac28-4081-8e04-15028e251385:192.168.34.61:44094], old=null
2019-11-15 04:24:48,294 [pool-509-thread-1] INFO  server.RaftServerConfigKeys (ConfUtils.java:logGet(43)) - raft.server.retrycache.expirytime = 600000ms (custom)
2019-11-15 04:24:48,294 [pool-519-thread-1] INFO  impl.RaftServerImpl (RaftServerImpl.java:setRole(173)) - be6365c1-8fb2-47f9-87b1-78a3fb38138b@group-B41F48618BA6: changes role from      null to FOLLOWER at term 0 for startAsFollower
2019-11-15 04:24:48,295 [pool-509-thread-1] WARN  impl.MetricRegistriesImpl (MetricRegistriesImpl.java:lambda$create$1(61)) - First MetricRegistry has been created without registering reporters. You may need to call MetricRegistries.global().addReportRegistration(...) before.
2019-11-15 04:24:48,295 [pool-519-thread-1] INFO  impl.RoleInfo (RoleInfo.java:updateAndGet(143)) - be6365c1-8fb2-47f9-87b1-78a3fb38138b: start FollowerState
2019-11-15 04:24:48,295 [pool-509-thread-1] WARN  impl.MetricRegistriesImpl (MetricRegistriesImpl.java:lambda$create$1(61)) - First MetricRegistry has been created without registering reporters. You may need to call MetricRegistries.global().addReportRegistration(...) before.
2019-11-15 04:24:48,295 [pool-509-thread-1] INFO  impl.RaftServerImpl (RaftServerImpl.java:start(184)) - f15e9ea2-ac28-4081-8e04-15028e251385@group-B41F48618BA6: start as a follower, conf=-1: [b8480f98-5c77-4f73-b6b9-e737b10a7f9e:192.168.34.61:32848, be6365c1-8fb2-47f9-87b1-78a3fb38138b:192.168.34.61:44393, f15e9ea2-ac28-4081-8e04-15028e251385:192.168.34.61:44094], old=null
2019-11-15 04:24:48,295 [pool-509-thread-1] INFO  impl.RaftServerImpl (RaftServerImpl.java:setRole(173)) - f15e9ea2-ac28-4081-8e04-15028e251385@group-B41F48618BA6: changes role from      null to FOLLOWER at term 0 for startAsFollower
2019-11-15 04:24:48,295 [pool-519-thread-1] INFO  util.JmxRegister (JmxRegister.java:tryRegister(44)) - Successfully registered JMX Bean with object name Ratis:service=RaftServer,group=group-B41F48618BA6,id=be6365c1-8fb2-47f9-87b1-78a3fb38138b
2019-11-15 04:24:48,295 [pool-509-thread-1] INFO  impl.RoleInfo (RoleInfo.java:updateAndGet(143)) - f15e9ea2-ac28-4081-8e04-15028e251385: start FollowerState
2019-11-15 04:24:48,295 [pool-519-thread-1] WARN  impl.MetricRegistriesImpl (MetricRegistriesImpl.java:lambda$create$1(61)) - First MetricRegistry has been created without registering reporters. You may need to call MetricRegistries.global().addReportRegistration(...) before.
2019-11-15 04:24:48,296 [pool-509-thread-1] INFO  util.JmxRegister (JmxRegister.java:tryRegister(44)) - Successfully registered JMX Bean with object name Ratis:service=RaftServer,group=group-B41F48618BA6,id=f15e9ea2-ac28-4081-8e04-15028e251385
2019-11-15 04:24:48,296 [pool-509-thread-1] WARN  impl.MetricRegistriesImpl (MetricRegistriesImpl.java:lambda$create$1(61)) - First MetricRegistry has been created without registering reporters. You may need to call MetricRegistries.global().addReportRegistration(...) before.
2019-11-15 04:24:48,296 [Command processor thread] INFO  commandhandler.CreatePipelineCommandHandler (CreatePipelineCommandHandler.java:handle(86)) - Create Pipeline RATIS THREE #id: "37bb1998-c457-4570-8a91-b41f48618ba6"
 command succeed on datanode be6365c1-8fb2-47f9-87b1-78a3fb38138b.
2019-11-15 04:24:48,296 [Command processor thread] INFO  commandhandler.CreatePipelineCommandHandler (CreatePipelineCommandHandler.java:handle(86)) - Create Pipeline RATIS THREE #id: "37bb1998-c457-4570-8a91-b41f48618ba6"
 command succeed on datanode f15e9ea2-ac28-4081-8e04-15028e251385.
2019-11-15 04:24:48,297 [EventQueue-PipelineReportForPipelineReportHandler] INFO  pipeline.PipelineReportHandler (PipelineReportHandler.java:processPipelineReport(113)) - Pipeline THREE PipelineID=37bb1998-c457-4570-8a91-b41f48618ba6 reported by f15e9ea2-ac28-4081-8e04-15028e251385{ip: 192.168.34.61, host: trunk-nightly-20191115-sgx8w-1801196118, networkLocation: /rack1, certSerialId: null}
2019-11-15 04:24:48,297 [EventQueue-PipelineReportForPipelineReportHandler] INFO  pipeline.PipelineReportHandler (PipelineReportHandler.java:processPipelineReport(113)) - Pipeline THREE PipelineID=37bb1998-c457-4570-8a91-b41f48618ba6 reported by be6365c1-8fb2-47f9-87b1-78a3fb38138b{ip: 192.168.34.61, host: trunk-nightly-20191115-sgx8w-1801196118, networkLocation: /rack1, certSerialId: null}
2019-11-15 04:24:48,298 [pool-529-thread-1] INFO  storage.RaftStorageDirectory (RaftStorageDirectory.java:tryLock(328)) - Lock on /workdir/hadoop-ozone/integration-test/target/test-dir/MiniOzoneClusterImpl-b8077c48-d45a-4953-83b6-e1fc361e67bb/datanode-2/data/ratis/ef563034-0782-4212-b3d5-80736278a2ff/in_use.lock acquired by nodename 7542@trunk-nightly-20191115-sgx8w-1801196118
2019-11-15 04:24:48,300 [pool-529-thread-1] INFO  storage.RaftStorage (RaftStorage.java:format(84)) - Storage directory /workdir/hadoop-ozone/integration-test/target/test-dir/MiniOzoneClusterImpl-b8077c48-d45a-4953-83b6-e1fc361e67bb/datanode-2/data/ratis/ef563034-0782-4212-b3d5-80736278a2ff has been successfully formatted.
2019-11-15 04:24:48,301 [pool-529-thread-1] INFO  ratis.ContainerStateMachine (ContainerStateMachine.java:loadSnapshot(223)) - group-80736278A2FF: The snapshot info is null. Setting the last applied indexto:(t:0, i:~)
2019-11-15 04:24:48,301 [pool-529-thread-1] INFO  server.RaftServerConfigKeys (ConfUtils.java:logGet(43)) - raft.server.notification.no-leader.timeout = 120s (custom)
2019-11-15 04:24:48,301 [pool-529-thread-1] INFO  server.RaftServerConfigKeys (ConfUtils.java:logGet(43)) - raft.server.log.use.memory = false (default)
2019-11-15 04:24:48,301 [pool-529-thread-1] INFO  server.RaftServerConfigKeys (ConfUtils.java:logGet(43)) - raft.server.log.purge.gap = 1000000 (custom)
2019-11-15 04:24:48,301 [pool-529-thread-1] INFO  server.RaftServerConfigKeys (ConfUtils.java:logGet(43)) - raft.server.log.appender.buffer.byte-limit = 33554432 (custom)
2019-11-15 04:24:48,301 [pool-529-thread-1] INFO  server.RaftServerConfigKeys (ConfUtils.java:logGet(43)) - raft.server.log.segment.size.max = 1048576 (custom)
2019-11-15 04:24:48,301 [pool-529-thread-1] WARN  impl.MetricRegistriesImpl (MetricRegistriesImpl.java:lambda$create$1(61)) - First MetricRegistry has been created without registering reporters. You may need to call MetricRegistries.global().addReportRegistration(...) before.
2019-11-15 04:24:48,301 [pool-529-thread-1] INFO  server.RaftServerConfigKeys (ConfUtils.java:logGet(43)) - raft.server.log.segment.cache.num.max = 2 (custom)
2019-11-15 04:24:48,301 [pool-529-thread-1] INFO  segmented.SegmentedRaftLogWorker (SegmentedRaftLogWorker.java:<init>(173)) - new b8480f98-5c77-4f73-b6b9-e737b10a7f9e@group-80736278A2FF-SegmentedRaftLogWorker for RaftStorage:Storage Directory /workdir/hadoop-ozone/integration-test/target/test-dir/MiniOzoneClusterImpl-b8077c48-d45a-4953-83b6-e1fc361e67bb/datanode-2/data/ratis/ef563034-0782-4212-b3d5-80736278a2ff
2019-11-15 04:24:48,301 [pool-529-thread-1] INFO  server.RaftServerConfigKeys (ConfUtils.java:logGet(43)) - raft.server.log.queue.byte-limit = 2147483647 (custom)
2019-11-15 04:24:48,302 [pool-529-thread-1] INFO  server.RaftServerConfigKeys (ConfUtils.java:logGet(43)) - raft.server.log.queue.element-limit = 1024 (custom)
2019-11-15 04:24:48,302 [pool-529-thread-1] INFO  server.RaftServerConfigKeys (ConfUtils.java:logGet(43)) - raft.server.log.segment.size.max = 1048576 (custom)
2019-11-15 04:24:48,302 [pool-529-thread-1] INFO  server.RaftServerConfigKeys (ConfUtils.java:logGet(43)) - raft.server.log.preallocated.size = 16384 (custom)
2019-11-15 04:24:48,302 [pool-529-thread-1] INFO  server.RaftServerConfigKeys (ConfUtils.java:logGet(43)) - raft.server.log.write.buffer.size = 33554432 (custom)
2019-11-15 04:24:48,302 [pool-529-thread-1] INFO  server.RaftServerConfigKeys (ConfUtils.java:logGet(43)) - raft.server.log.force.sync.num = 128 (default)
2019-11-15 04:24:48,302 [pool-529-thread-1] INFO  server.RaftServerConfigKeys (ConfUtils.java:logGet(43)) - raft.server.log.statemachine.data.sync = true (default)
2019-11-15 04:24:48,302 [pool-529-thread-1] INFO  server.RaftServerConfigKeys (ConfUtils.java:logGet(43)) - raft.server.log.statemachine.data.sync.timeout = 10s (default)
2019-11-15 04:24:48,302 [pool-529-thread-1] INFO  server.RaftServerConfigKeys (ConfUtils.java:logGet(43)) - raft.server.log.statemachine.data.sync.timeout.retry = -1 (default)
2019-11-15 04:24:48,302 [pool-529-thread-1] INFO  server.RaftServerConfigKeys (ConfUtils.java:logGet(43)) - raft.server.log.statemachine.data.caching.enabled = true (custom)
2019-11-15 04:24:48,302 [pool-529-thread-1] INFO  segmented.SegmentedRaftLogWorker (SegmentedRaftLogWorker.java:lambda$new$0(128)) - b8480f98-5c77-4f73-b6b9-e737b10a7f9e@group-80736278A2FF-SegmentedRaftLogWorker: flushIndex: setUnconditionally 0 -> -1
2019-11-15 04:24:48,303 [pool-529-thread-1] INFO  server.RaftServerConfigKeys (ConfUtils.java:logGet(43)) - raft.server.snapshot.auto.trigger.enabled = true (custom)
2019-11-15 04:24:48,303 [pool-529-thread-1] INFO  server.RaftServerConfigKeys (ConfUtils.java:logGet(43)) - raft.server.snapshot.auto.trigger.threshold = 10000 (custom)
2019-11-15 04:24:48,303 [pool-529-thread-1] INFO  server.RaftServerConfigKeys (ConfUtils.java:logGet(43)) - raft.server.snapshot.retention.file.num = 5 (custom)
2019-11-15 04:24:48,303 [pool-529-thread-1] INFO  server.RaftServerConfigKeys (ConfUtils.java:logGet(43)) - raft.server.retrycache.expirytime = 600000ms (custom)
2019-11-15 04:24:48,303 [pool-529-thread-1] WARN  impl.MetricRegistriesImpl (MetricRegistriesImpl.java:lambda$create$1(61)) - First MetricRegistry has been created without registering reporters. You may need to call MetricRegistries.global().addReportRegistration(...) before.
2019-11-15 04:24:48,303 [pool-529-thread-1] WARN  impl.MetricRegistriesImpl (MetricRegistriesImpl.java:lambda$create$1(61)) - First MetricRegistry has been created without registering reporters. You may need to call MetricRegistries.global().addReportRegistration(...) before.
2019-11-15 04:24:48,303 [pool-529-thread-1] INFO  impl.RaftServerImpl (RaftServerImpl.java:start(184)) - b8480f98-5c77-4f73-b6b9-e737b10a7f9e@group-80736278A2FF: start as a follower, conf=-1: [b8480f98-5c77-4f73-b6b9-e737b10a7f9e:192.168.34.61:32848], old=null
2019-11-15 04:24:48,303 [pool-529-thread-1] INFO  impl.RaftServerImpl (RaftServerImpl.java:setRole(173)) - b8480f98-5c77-4f73-b6b9-e737b10a7f9e@group-80736278A2FF: changes role from      null to FOLLOWER at term 0 for startAsFollower
2019-11-15 04:24:48,303 [pool-529-thread-1] INFO  impl.RoleInfo (RoleInfo.java:updateAndGet(143)) - b8480f98-5c77-4f73-b6b9-e737b10a7f9e: start FollowerState
2019-11-15 04:24:48,304 [pool-529-thread-1] INFO  util.JmxRegister (JmxRegister.java:tryRegister(44)) - Successfully registered JMX Bean with object name Ratis:service=RaftServer,group=group-80736278A2FF,id=b8480f98-5c77-4f73-b6b9-e737b10a7f9e
2019-11-15 04:24:48,304 [pool-529-thread-1] WARN  impl.MetricRegistriesImpl (MetricRegistriesImpl.java:lambda$create$1(61)) - First MetricRegistry has been created without registering reporters. You may need to call MetricRegistries.global().addReportRegistration(...) before.
2019-11-15 04:24:48,304 [Command processor thread] INFO  commandhandler.CreatePipelineCommandHandler (CreatePipelineCommandHandler.java:handle(86)) - Create Pipeline RATIS ONE #id: "ef563034-0782-4212-b3d5-80736278a2ff"
 command succeed on datanode b8480f98-5c77-4f73-b6b9-e737b10a7f9e.
2019-11-15 04:24:48,307 [Command processor thread] INFO  impl.RaftServerProxy (RaftServerProxy.java:addNew(89)) - b8480f98-5c77-4f73-b6b9-e737b10a7f9e: addNew group-B41F48618BA6:[b8480f98-5c77-4f73-b6b9-e737b10a7f9e:192.168.34.61:32848, be6365c1-8fb2-47f9-87b1-78a3fb38138b:192.168.34.61:44393, f15e9ea2-ac28-4081-8e04-15028e251385:192.168.34.61:44094] returns group-B41F48618BA6:java.util.concurrent.CompletableFuture@19301b52[Not completed]
2019-11-15 04:24:48,308 [EventQueue-PipelineReportForPipelineReportHandler] INFO  pipeline.PipelineReportHandler (PipelineReportHandler.java:processPipelineReport(113)) - Pipeline ONE PipelineID=ef563034-0782-4212-b3d5-80736278a2ff reported by b8480f98-5c77-4f73-b6b9-e737b10a7f9e{ip: 192.168.34.61, host: trunk-nightly-20191115-sgx8w-1801196118, networkLocation: /rack1, certSerialId: null}
2019-11-15 04:24:48,308 [EventQueue-PipelineReportForPipelineReportHandler] INFO  pipeline.PipelineStateManager (PipelineStateManager.java:openPipeline(132)) - Pipeline Pipeline[ Id: ef563034-0782-4212-b3d5-80736278a2ff, Nodes: b8480f98-5c77-4f73-b6b9-e737b10a7f9e{ip: 192.168.34.61, host: trunk-nightly-20191115-sgx8w-1801196118, networkLocation: /rack1, certSerialId: null}, Type:RATIS, Factor:ONE, State:ALLOCATED] moved to OPEN state
2019-11-15 04:24:48,308 [EventQueue-OpenPipelineForHealthyPipelineSafeModeRule] INFO  safemode.SCMSafeModeManager (HealthyPipelineSafeModeRule.java:process(132)) - SCM in safe mode. Healthy pipelines reported count is 0, required healthy pipeline reported count is 1
2019-11-15 04:24:48,308 [EventQueue-OpenPipelineForOneReplicaPipelineSafeModeRule] INFO  safemode.SCMSafeModeManager (SCMSafeModeManager.java:validateSafeModeExitRules(176)) - AtleastOneDatanodeReportedRule rule is successfully validated
2019-11-15 04:24:48,308 [pool-529-thread-1] INFO  impl.RaftServerImpl (RaftServerImpl.java:<init>(98)) - b8480f98-5c77-4f73-b6b9-e737b10a7f9e: new RaftServerImpl for group-B41F48618BA6:[b8480f98-5c77-4f73-b6b9-e737b10a7f9e:192.168.34.61:32848, be6365c1-8fb2-47f9-87b1-78a3fb38138b:192.168.34.61:44393, f15e9ea2-ac28-4081-8e04-15028e251385:192.168.34.61:44094] with ContainerStateMachine:uninitialized
2019-11-15 04:24:48,308 [pool-529-thread-1] INFO  server.RaftServerConfigKeys (ConfUtils.java:logGet(43)) - raft.server.rpc.timeout.min = 1s (custom)
2019-11-15 04:24:48,308 [pool-529-thread-1] INFO  server.RaftServerConfigKeys (ConfUtils.java:logGet(43)) - raft.server.rpc.timeout.max = 1200ms (custom)
2019-11-15 04:24:48,308 [pool-529-thread-1] INFO  server.RaftServerConfigKeys (ConfUtils.java:logGet(43)) - raft.server.rpcslowness.timeout = 120s (custom)
2019-11-15 04:24:48,308 [pool-529-thread-1] INFO  server.RaftServerConfigKeys (ConfUtils.java:logGet(43)) - raft.server.sleep.deviation.threshold = 300 (default)
2019-11-15 04:24:48,308 [pool-529-thread-1] INFO  server.RaftServerConfigKeys (ConfUtils.java:logGet(43)) - raft.server.log.appender.install.snapshot.enabled = false (custom)
2019-11-15 04:24:48,309 [pool-529-thread-1] INFO  impl.RaftServerImpl (ServerState.java:<init>(103)) - b8480f98-5c77-4f73-b6b9-e737b10a7f9e@group-B41F48618BA6: ConfigurationManager, init=-1: [b8480f98-5c77-4f73-b6b9-e737b10a7f9e:192.168.34.61:32848, be6365c1-8fb2-47f9-87b1-78a3fb38138b:192.168.34.61:44393, f15e9ea2-ac28-4081-8e04-15028e251385:192.168.34.61:44094], old=null, confs=<EMPTY_MAP>
2019-11-15 04:24:48,309 [pool-529-thread-1] INFO  server.RaftServerConfigKeys (ConfUtils.java:logGet(43)) - raft.server.storage.dir = [/workdir/hadoop-ozone/integration-test/target/test-dir/MiniOzoneClusterImpl-b8077c48-d45a-4953-83b6-e1fc361e67bb/datanode-2/data/ratis] (custom)
2019-11-15 04:24:48,309 [pool-529-thread-1] INFO  server.RaftServerConfigKeys (ConfUtils.java:logGet(43)) - raft.server.log.corruption.policy = EXCEPTION (default)
2019-11-15 04:24:48,309 [pool-529-thread-1] INFO  storage.RaftStorageDirectory (RaftStorageDirectory.java:analyzeStorage(246)) - The storage directory /workdir/hadoop-ozone/integration-test/target/test-dir/MiniOzoneClusterImpl-b8077c48-d45a-4953-83b6-e1fc361e67bb/datanode-2/data/ratis/37bb1998-c457-4570-8a91-b41f48618ba6 does not exist. Creating ...
2019-11-15 04:24:48,315 [pool-529-thread-1] INFO  storage.RaftStorageDirectory (RaftStorageDirectory.java:tryLock(328)) - Lock on /workdir/hadoop-ozone/integration-test/target/test-dir/MiniOzoneClusterImpl-b8077c48-d45a-4953-83b6-e1fc361e67bb/datanode-2/data/ratis/37bb1998-c457-4570-8a91-b41f48618ba6/in_use.lock acquired by nodename 7542@trunk-nightly-20191115-sgx8w-1801196118
2019-11-15 04:24:48,328 [pool-529-thread-1] INFO  storage.RaftStorage (RaftStorage.java:format(84)) - Storage directory /workdir/hadoop-ozone/integration-test/target/test-dir/MiniOzoneClusterImpl-b8077c48-d45a-4953-83b6-e1fc361e67bb/datanode-2/data/ratis/37bb1998-c457-4570-8a91-b41f48618ba6 has been successfully formatted.
2019-11-15 04:24:48,328 [pool-529-thread-1] INFO  ratis.ContainerStateMachine (ContainerStateMachine.java:loadSnapshot(223)) - group-B41F48618BA6: The snapshot info is null. Setting the last applied indexto:(t:0, i:~)
2019-11-15 04:24:48,329 [pool-529-thread-1] INFO  server.RaftServerConfigKeys (ConfUtils.java:logGet(43)) - raft.server.notification.no-leader.timeout = 120s (custom)
2019-11-15 04:24:48,329 [pool-529-thread-1] INFO  server.RaftServerConfigKeys (ConfUtils.java:logGet(43)) - raft.server.log.use.memory = false (default)
2019-11-15 04:24:48,329 [pool-529-thread-1] INFO  server.RaftServerConfigKeys (ConfUtils.java:logGet(43)) - raft.server.log.purge.gap = 1000000 (custom)
2019-11-15 04:24:48,329 [pool-529-thread-1] INFO  server.RaftServerConfigKeys (ConfUtils.java:logGet(43)) - raft.server.log.appender.buffer.byte-limit = 33554432 (custom)
2019-11-15 04:24:48,329 [pool-529-thread-1] INFO  server.RaftServerConfigKeys (ConfUtils.java:logGet(43)) - raft.server.log.segment.size.max = 1048576 (custom)
2019-11-15 04:24:48,329 [pool-529-thread-1] INFO  server.RaftServerConfigKeys (ConfUtils.java:logGet(43)) - raft.server.log.segment.cache.num.max = 2 (custom)
2019-11-15 04:24:48,329 [pool-529-thread-1] INFO  segmented.SegmentedRaftLogWorker (SegmentedRaftLogWorker.java:<init>(173)) - new b8480f98-5c77-4f73-b6b9-e737b10a7f9e@group-B41F48618BA6-SegmentedRaftLogWorker for RaftStorage:Storage Directory /workdir/hadoop-ozone/integration-test/target/test-dir/MiniOzoneClusterImpl-b8077c48-d45a-4953-83b6-e1fc361e67bb/datanode-2/data/ratis/37bb1998-c457-4570-8a91-b41f48618ba6
2019-11-15 04:24:48,329 [pool-529-thread-1] INFO  server.RaftServerConfigKeys (ConfUtils.java:logGet(43)) - raft.server.log.queue.byte-limit = 2147483647 (custom)
2019-11-15 04:24:48,329 [pool-529-thread-1] INFO  server.RaftServerConfigKeys (ConfUtils.java:logGet(43)) - raft.server.log.queue.element-limit = 1024 (custom)
2019-11-15 04:24:48,329 [pool-529-thread-1] INFO  server.RaftServerConfigKeys (ConfUtils.java:logGet(43)) - raft.server.log.segment.size.max = 1048576 (custom)
2019-11-15 04:24:48,329 [pool-529-thread-1] INFO  server.RaftServerConfigKeys (ConfUtils.java:logGet(43)) - raft.server.log.preallocated.size = 16384 (custom)
2019-11-15 04:24:48,329 [pool-529-thread-1] INFO  server.RaftServerConfigKeys (ConfUtils.java:logGet(43)) - raft.server.log.write.buffer.size = 33554432 (custom)
2019-11-15 04:24:48,329 [pool-529-thread-1] INFO  server.RaftServerConfigKeys (ConfUtils.java:logGet(43)) - raft.server.log.force.sync.num = 128 (default)
2019-11-15 04:24:48,330 [pool-529-thread-1] INFO  server.RaftServerConfigKeys (ConfUtils.java:logGet(43)) - raft.server.log.statemachine.data.sync = true (default)
2019-11-15 04:24:48,330 [pool-529-thread-1] INFO  server.RaftServerConfigKeys (ConfUtils.java:logGet(43)) - raft.server.log.statemachine.data.sync.timeout = 10s (default)
2019-11-15 04:24:48,330 [pool-529-thread-1] INFO  server.RaftServerConfigKeys (ConfUtils.java:logGet(43)) - raft.server.log.statemachine.data.sync.timeout.retry = -1 (default)
2019-11-15 04:24:48,330 [pool-529-thread-1] INFO  server.RaftServerConfigKeys (ConfUtils.java:logGet(43)) - raft.server.log.statemachine.data.caching.enabled = true (custom)
2019-11-15 04:24:48,330 [pool-529-thread-1] INFO  segmented.SegmentedRaftLogWorker (SegmentedRaftLogWorker.java:lambda$new$0(128)) - b8480f98-5c77-4f73-b6b9-e737b10a7f9e@group-B41F48618BA6-SegmentedRaftLogWorker: flushIndex: setUnconditionally 0 -> -1
2019-11-15 04:24:48,330 [pool-529-thread-1] INFO  server.RaftServerConfigKeys (ConfUtils.java:logGet(43)) - raft.server.snapshot.auto.trigger.enabled = true (custom)
2019-11-15 04:24:48,330 [pool-529-thread-1] INFO  server.RaftServerConfigKeys (ConfUtils.java:logGet(43)) - raft.server.snapshot.auto.trigger.threshold = 10000 (custom)
2019-11-15 04:24:48,330 [pool-529-thread-1] INFO  server.RaftServerConfigKeys (ConfUtils.java:logGet(43)) - raft.server.snapshot.retention.file.num = 5 (custom)
2019-11-15 04:24:48,331 [pool-529-thread-1] INFO  server.RaftServerConfigKeys (ConfUtils.java:logGet(43)) - raft.server.retrycache.expirytime = 600000ms (custom)
2019-11-15 04:24:48,331 [pool-529-thread-1] WARN  impl.MetricRegistriesImpl (MetricRegistriesImpl.java:lambda$create$1(61)) - First MetricRegistry has been created without registering reporters. You may need to call MetricRegistries.global().addReportRegistration(...) before.
2019-11-15 04:24:48,331 [pool-529-thread-1] WARN  impl.MetricRegistriesImpl (MetricRegistriesImpl.java:lambda$create$1(61)) - First MetricRegistry has been created without registering reporters. You may need to call MetricRegistries.global().addReportRegistration(...) before.
2019-11-15 04:24:48,331 [pool-529-thread-1] INFO  impl.RaftServerImpl (RaftServerImpl.java:start(184)) - b8480f98-5c77-4f73-b6b9-e737b10a7f9e@group-B41F48618BA6: start as a follower, conf=-1: [b8480f98-5c77-4f73-b6b9-e737b10a7f9e:192.168.34.61:32848, be6365c1-8fb2-47f9-87b1-78a3fb38138b:192.168.34.61:44393, f15e9ea2-ac28-4081-8e04-15028e251385:192.168.34.61:44094], old=null
2019-11-15 04:24:48,331 [pool-529-thread-1] INFO  impl.RaftServerImpl (RaftServerImpl.java:setRole(173)) - b8480f98-5c77-4f73-b6b9-e737b10a7f9e@group-B41F48618BA6: changes role from      null to FOLLOWER at term 0 for startAsFollower
2019-11-15 04:24:48,331 [pool-529-thread-1] INFO  impl.RoleInfo (RoleInfo.java:updateAndGet(143)) - b8480f98-5c77-4f73-b6b9-e737b10a7f9e: start FollowerState
2019-11-15 04:24:48,331 [pool-529-thread-1] INFO  util.JmxRegister (JmxRegister.java:tryRegister(44)) - Successfully registered JMX Bean with object name Ratis:service=RaftServer,group=group-B41F48618BA6,id=b8480f98-5c77-4f73-b6b9-e737b10a7f9e
2019-11-15 04:24:48,332 [pool-529-thread-1] WARN  impl.MetricRegistriesImpl (MetricRegistriesImpl.java:lambda$create$1(61)) - First MetricRegistry has been created without registering reporters. You may need to call MetricRegistries.global().addReportRegistration(...) before.
2019-11-15 04:24:48,332 [Command processor thread] INFO  commandhandler.CreatePipelineCommandHandler (CreatePipelineCommandHandler.java:handle(86)) - Create Pipeline RATIS THREE #id: "37bb1998-c457-4570-8a91-b41f48618ba6"
 command succeed on datanode b8480f98-5c77-4f73-b6b9-e737b10a7f9e.
2019-11-15 04:24:48,333 [EventQueue-PipelineReportForPipelineReportHandler] INFO  pipeline.PipelineReportHandler (PipelineReportHandler.java:processPipelineReport(113)) - Pipeline THREE PipelineID=37bb1998-c457-4570-8a91-b41f48618ba6 reported by b8480f98-5c77-4f73-b6b9-e737b10a7f9e{ip: 192.168.34.61, host: trunk-nightly-20191115-sgx8w-1801196118, networkLocation: /rack1, certSerialId: null}
2019-11-15 04:24:48,348 [Command processor thread] INFO  impl.RaftServerProxy (RaftServerProxy.java:addNew(89)) - 64e09b31-9ee8-424d-be17-3e0ab51a0c68: addNew group-EE00FC5E4418:[64e09b31-9ee8-424d-be17-3e0ab51a0c68:192.168.34.61:46300] returns group-EE00FC5E4418:java.util.concurrent.CompletableFuture@ad0d18f[Not completed]
2019-11-15 04:24:48,349 [pool-539-thread-1] INFO  impl.RaftServerImpl (RaftServerImpl.java:<init>(98)) - 64e09b31-9ee8-424d-be17-3e0ab51a0c68: new RaftServerImpl for group-EE00FC5E4418:[64e09b31-9ee8-424d-be17-3e0ab51a0c68:192.168.34.61:46300] with ContainerStateMachine:uninitialized
2019-11-15 04:24:48,349 [pool-539-thread-1] INFO  server.RaftServerConfigKeys (ConfUtils.java:logGet(43)) - raft.server.rpc.timeout.min = 1s (custom)
2019-11-15 04:24:48,349 [pool-539-thread-1] INFO  server.RaftServerConfigKeys (ConfUtils.java:logGet(43)) - raft.server.rpc.timeout.max = 1200ms (custom)
2019-11-15 04:24:48,349 [pool-539-thread-1] INFO  server.RaftServerConfigKeys (ConfUtils.java:logGet(43)) - raft.server.rpcslowness.timeout = 120s (custom)
2019-11-15 04:24:48,349 [pool-539-thread-1] INFO  server.RaftServerConfigKeys (ConfUtils.java:logGet(43)) - raft.server.sleep.deviation.threshold = 300 (default)
2019-11-15 04:24:48,349 [pool-539-thread-1] INFO  server.RaftServerConfigKeys (ConfUtils.java:logGet(43)) - raft.server.log.appender.install.snapshot.enabled = false (custom)
2019-11-15 04:24:48,349 [pool-539-thread-1] INFO  impl.RaftServerImpl (ServerState.java:<init>(103)) - 64e09b31-9ee8-424d-be17-3e0ab51a0c68@group-EE00FC5E4418: ConfigurationManager, init=-1: [64e09b31-9ee8-424d-be17-3e0ab51a0c68:192.168.34.61:46300], old=null, confs=<EMPTY_MAP>
2019-11-15 04:24:48,349 [pool-539-thread-1] INFO  server.RaftServerConfigKeys (ConfUtils.java:logGet(43)) - raft.server.storage.dir = [/workdir/hadoop-ozone/integration-test/target/test-dir/MiniOzoneClusterImpl-b8077c48-d45a-4953-83b6-e1fc361e67bb/datanode-3/data/ratis] (custom)
2019-11-15 04:24:48,350 [pool-539-thread-1] INFO  server.RaftServerConfigKeys (ConfUtils.java:logGet(43)) - raft.server.log.corruption.policy = EXCEPTION (default)
2019-11-15 04:24:48,350 [pool-539-thread-1] INFO  storage.RaftStorageDirectory (RaftStorageDirectory.java:analyzeStorage(246)) - The storage directory /workdir/hadoop-ozone/integration-test/target/test-dir/MiniOzoneClusterImpl-b8077c48-d45a-4953-83b6-e1fc361e67bb/datanode-3/data/ratis/831ca3d1-1ae8-4419-8a23-ee00fc5e4418 does not exist. Creating ...
2019-11-15 04:24:48,359 [pool-539-thread-1] INFO  storage.RaftStorageDirectory (RaftStorageDirectory.java:tryLock(328)) - Lock on /workdir/hadoop-ozone/integration-test/target/test-dir/MiniOzoneClusterImpl-b8077c48-d45a-4953-83b6-e1fc361e67bb/datanode-3/data/ratis/831ca3d1-1ae8-4419-8a23-ee00fc5e4418/in_use.lock acquired by nodename 7542@trunk-nightly-20191115-sgx8w-1801196118
2019-11-15 04:24:48,373 [pool-539-thread-1] INFO  storage.RaftStorage (RaftStorage.java:format(84)) - Storage directory /workdir/hadoop-ozone/integration-test/target/test-dir/MiniOzoneClusterImpl-b8077c48-d45a-4953-83b6-e1fc361e67bb/datanode-3/data/ratis/831ca3d1-1ae8-4419-8a23-ee00fc5e4418 has been successfully formatted.
2019-11-15 04:24:48,374 [pool-539-thread-1] INFO  ratis.ContainerStateMachine (ContainerStateMachine.java:loadSnapshot(223)) - group-EE00FC5E4418: The snapshot info is null. Setting the last applied indexto:(t:0, i:~)
2019-11-15 04:24:48,374 [pool-539-thread-1] INFO  server.RaftServerConfigKeys (ConfUtils.java:logGet(43)) - raft.server.notification.no-leader.timeout = 120s (custom)
2019-11-15 04:24:48,374 [pool-539-thread-1] INFO  server.RaftServerConfigKeys (ConfUtils.java:logGet(43)) - raft.server.log.use.memory = false (default)
2019-11-15 04:24:48,374 [pool-539-thread-1] INFO  server.RaftServerConfigKeys (ConfUtils.java:logGet(43)) - raft.server.log.purge.gap = 1000000 (custom)
2019-11-15 04:24:48,374 [pool-539-thread-1] INFO  server.RaftServerConfigKeys (ConfUtils.java:logGet(43)) - raft.server.log.appender.buffer.byte-limit = 33554432 (custom)
2019-11-15 04:24:48,374 [pool-539-thread-1] INFO  server.RaftServerConfigKeys (ConfUtils.java:logGet(43)) - raft.server.log.segment.size.max = 1048576 (custom)
2019-11-15 04:24:48,374 [pool-539-thread-1] WARN  impl.MetricRegistriesImpl (MetricRegistriesImpl.java:lambda$create$1(61)) - First MetricRegistry has been created without registering reporters. You may need to call MetricRegistries.global().addReportRegistration(...) before.
2019-11-15 04:24:48,374 [pool-539-thread-1] INFO  server.RaftServerConfigKeys (ConfUtils.java:logGet(43)) - raft.server.log.segment.cache.num.max = 2 (custom)
2019-11-15 04:24:48,374 [pool-539-thread-1] INFO  segmented.SegmentedRaftLogWorker (SegmentedRaftLogWorker.java:<init>(173)) - new 64e09b31-9ee8-424d-be17-3e0ab51a0c68@group-EE00FC5E4418-SegmentedRaftLogWorker for RaftStorage:Storage Directory /workdir/hadoop-ozone/integration-test/target/test-dir/MiniOzoneClusterImpl-b8077c48-d45a-4953-83b6-e1fc361e67bb/datanode-3/data/ratis/831ca3d1-1ae8-4419-8a23-ee00fc5e4418
2019-11-15 04:24:48,375 [pool-539-thread-1] INFO  server.RaftServerConfigKeys (ConfUtils.java:logGet(43)) - raft.server.log.queue.byte-limit = 2147483647 (custom)
2019-11-15 04:24:48,375 [pool-539-thread-1] INFO  server.RaftServerConfigKeys (ConfUtils.java:logGet(43)) - raft.server.log.queue.element-limit = 1024 (custom)
2019-11-15 04:24:48,375 [pool-539-thread-1] INFO  server.RaftServerConfigKeys (ConfUtils.java:logGet(43)) - raft.server.log.segment.size.max = 1048576 (custom)
2019-11-15 04:24:48,375 [pool-539-thread-1] INFO  server.RaftServerConfigKeys (ConfUtils.java:logGet(43)) - raft.server.log.preallocated.size = 16384 (custom)
2019-11-15 04:24:48,375 [pool-539-thread-1] INFO  server.RaftServerConfigKeys (ConfUtils.java:logGet(43)) - raft.server.log.write.buffer.size = 33554432 (custom)
2019-11-15 04:24:48,375 [pool-539-thread-1] INFO  server.RaftServerConfigKeys (ConfUtils.java:logGet(43)) - raft.server.log.force.sync.num = 128 (default)
2019-11-15 04:24:48,375 [pool-539-thread-1] INFO  server.RaftServerConfigKeys (ConfUtils.java:logGet(43)) - raft.server.log.statemachine.data.sync = true (default)
2019-11-15 04:24:48,375 [pool-539-thread-1] INFO  server.RaftServerConfigKeys (ConfUtils.java:logGet(43)) - raft.server.log.statemachine.data.sync.timeout = 10s (default)
2019-11-15 04:24:48,375 [pool-539-thread-1] INFO  server.RaftServerConfigKeys (ConfUtils.java:logGet(43)) - raft.server.log.statemachine.data.sync.timeout.retry = -1 (default)
2019-11-15 04:24:48,375 [pool-539-thread-1] INFO  server.RaftServerConfigKeys (ConfUtils.java:logGet(43)) - raft.server.log.statemachine.data.caching.enabled = true (custom)
2019-11-15 04:24:48,375 [pool-539-thread-1] INFO  segmented.SegmentedRaftLogWorker (SegmentedRaftLogWorker.java:lambda$new$0(128)) - 64e09b31-9ee8-424d-be17-3e0ab51a0c68@group-EE00FC5E4418-SegmentedRaftLogWorker: flushIndex: setUnconditionally 0 -> -1
2019-11-15 04:24:48,376 [pool-539-thread-1] INFO  server.RaftServerConfigKeys (ConfUtils.java:logGet(43)) - raft.server.snapshot.auto.trigger.enabled = true (custom)
2019-11-15 04:24:48,376 [pool-539-thread-1] INFO  server.RaftServerConfigKeys (ConfUtils.java:logGet(43)) - raft.server.snapshot.auto.trigger.threshold = 10000 (custom)
2019-11-15 04:24:48,376 [pool-539-thread-1] INFO  server.RaftServerConfigKeys (ConfUtils.java:logGet(43)) - raft.server.snapshot.retention.file.num = 5 (custom)
2019-11-15 04:24:48,376 [pool-539-thread-1] INFO  server.RaftServerConfigKeys (ConfUtils.java:logGet(43)) - raft.server.retrycache.expirytime = 600000ms (custom)
2019-11-15 04:24:48,376 [pool-539-thread-1] WARN  impl.MetricRegistriesImpl (MetricRegistriesImpl.java:lambda$create$1(61)) - First MetricRegistry has been created without registering reporters. You may need to call MetricRegistries.global().addReportRegistration(...) before.
2019-11-15 04:24:48,376 [pool-539-thread-1] WARN  impl.MetricRegistriesImpl (MetricRegistriesImpl.java:lambda$create$1(61)) - First MetricRegistry has been created without registering reporters. You may need to call MetricRegistries.global().addReportRegistration(...) before.
2019-11-15 04:24:48,377 [pool-539-thread-1] INFO  impl.RaftServerImpl (RaftServerImpl.java:start(184)) - 64e09b31-9ee8-424d-be17-3e0ab51a0c68@group-EE00FC5E4418: start as a follower, conf=-1: [64e09b31-9ee8-424d-be17-3e0ab51a0c68:192.168.34.61:46300], old=null
2019-11-15 04:24:48,377 [pool-539-thread-1] INFO  impl.RaftServerImpl (RaftServerImpl.java:setRole(173)) - 64e09b31-9ee8-424d-be17-3e0ab51a0c68@group-EE00FC5E4418: changes role from      null to FOLLOWER at term 0 for startAsFollower
2019-11-15 04:24:48,377 [pool-539-thread-1] INFO  impl.RoleInfo (RoleInfo.java:updateAndGet(143)) - 64e09b31-9ee8-424d-be17-3e0ab51a0c68: start FollowerState
2019-11-15 04:24:48,377 [pool-539-thread-1] INFO  util.JmxRegister (JmxRegister.java:tryRegister(44)) - Successfully registered JMX Bean with object name Ratis:service=RaftServer,group=group-EE00FC5E4418,id=64e09b31-9ee8-424d-be17-3e0ab51a0c68
2019-11-15 04:24:48,377 [pool-539-thread-1] WARN  impl.MetricRegistriesImpl (MetricRegistriesImpl.java:lambda$create$1(61)) - First MetricRegistry has been created without registering reporters. You may need to call MetricRegistries.global().addReportRegistration(...) before.
2019-11-15 04:24:48,378 [Command processor thread] INFO  commandhandler.CreatePipelineCommandHandler (CreatePipelineCommandHandler.java:handle(86)) - Create Pipeline RATIS ONE #id: "831ca3d1-1ae8-4419-8a23-ee00fc5e4418"
 command succeed on datanode 64e09b31-9ee8-424d-be17-3e0ab51a0c68.
2019-11-15 04:24:48,381 [Command processor thread] INFO  impl.RaftServerProxy (RaftServerProxy.java:addNew(89)) - 64e09b31-9ee8-424d-be17-3e0ab51a0c68: addNew group-1F0597F7C030:[64e09b31-9ee8-424d-be17-3e0ab51a0c68:192.168.34.61:46300, a0798825-8ead-4df5-a6ef-f7c35f311519:192.168.34.61:36951, ed7fcdca-26e4-49e6-a038-f4a6d52e370d:192.168.34.61:44989] returns group-1F0597F7C030:java.util.concurrent.CompletableFuture@eef440d[Not completed]
2019-11-15 04:24:48,382 [EventQueue-PipelineReportForPipelineReportHandler] INFO  pipeline.PipelineReportHandler (PipelineReportHandler.java:processPipelineReport(113)) - Pipeline ONE PipelineID=831ca3d1-1ae8-4419-8a23-ee00fc5e4418 reported by 64e09b31-9ee8-424d-be17-3e0ab51a0c68{ip: 192.168.34.61, host: trunk-nightly-20191115-sgx8w-1801196118, networkLocation: /rack1, certSerialId: null}
2019-11-15 04:24:48,382 [pool-539-thread-1] INFO  impl.RaftServerImpl (RaftServerImpl.java:<init>(98)) - 64e09b31-9ee8-424d-be17-3e0ab51a0c68: new RaftServerImpl for group-1F0597F7C030:[64e09b31-9ee8-424d-be17-3e0ab51a0c68:192.168.34.61:46300, a0798825-8ead-4df5-a6ef-f7c35f311519:192.168.34.61:36951, ed7fcdca-26e4-49e6-a038-f4a6d52e370d:192.168.34.61:44989] with ContainerStateMachine:uninitialized
2019-11-15 04:24:48,382 [EventQueue-PipelineReportForPipelineReportHandler] INFO  pipeline.PipelineStateManager (PipelineStateManager.java:openPipeline(132)) - Pipeline Pipeline[ Id: 831ca3d1-1ae8-4419-8a23-ee00fc5e4418, Nodes: 64e09b31-9ee8-424d-be17-3e0ab51a0c68{ip: 192.168.34.61, host: trunk-nightly-20191115-sgx8w-1801196118, networkLocation: /rack1, certSerialId: null}, Type:RATIS, Factor:ONE, State:ALLOCATED] moved to OPEN state
2019-11-15 04:24:48,382 [pool-539-thread-1] INFO  server.RaftServerConfigKeys (ConfUtils.java:logGet(43)) - raft.server.rpc.timeout.min = 1s (custom)
2019-11-15 04:24:48,383 [EventQueue-OpenPipelineForHealthyPipelineSafeModeRule] INFO  safemode.SCMSafeModeManager (HealthyPipelineSafeModeRule.java:process(132)) - SCM in safe mode. Healthy pipelines reported count is 0, required healthy pipeline reported count is 1
2019-11-15 04:24:48,383 [EventQueue-OpenPipelineForOneReplicaPipelineSafeModeRule] INFO  safemode.SCMSafeModeManager (SCMSafeModeManager.java:validateSafeModeExitRules(176)) - AtleastOneDatanodeReportedRule rule is successfully validated
2019-11-15 04:24:48,383 [pool-539-thread-1] INFO  server.RaftServerConfigKeys (ConfUtils.java:logGet(43)) - raft.server.rpc.timeout.max = 1200ms (custom)
2019-11-15 04:24:48,383 [pool-539-thread-1] INFO  server.RaftServerConfigKeys (ConfUtils.java:logGet(43)) - raft.server.rpcslowness.timeout = 120s (custom)
2019-11-15 04:24:48,383 [pool-539-thread-1] INFO  server.RaftServerConfigKeys (ConfUtils.java:logGet(43)) - raft.server.sleep.deviation.threshold = 300 (default)
2019-11-15 04:24:48,383 [pool-539-thread-1] INFO  server.RaftServerConfigKeys (ConfUtils.java:logGet(43)) - raft.server.log.appender.install.snapshot.enabled = false (custom)
2019-11-15 04:24:48,383 [pool-539-thread-1] INFO  impl.RaftServerImpl (ServerState.java:<init>(103)) - 64e09b31-9ee8-424d-be17-3e0ab51a0c68@group-1F0597F7C030: ConfigurationManager, init=-1: [64e09b31-9ee8-424d-be17-3e0ab51a0c68:192.168.34.61:46300, a0798825-8ead-4df5-a6ef-f7c35f311519:192.168.34.61:36951, ed7fcdca-26e4-49e6-a038-f4a6d52e370d:192.168.34.61:44989], old=null, confs=<EMPTY_MAP>
2019-11-15 04:24:48,383 [pool-539-thread-1] INFO  server.RaftServerConfigKeys (ConfUtils.java:logGet(43)) - raft.server.storage.dir = [/workdir/hadoop-ozone/integration-test/target/test-dir/MiniOzoneClusterImpl-b8077c48-d45a-4953-83b6-e1fc361e67bb/datanode-3/data/ratis] (custom)
2019-11-15 04:24:48,383 [pool-539-thread-1] INFO  server.RaftServerConfigKeys (ConfUtils.java:logGet(43)) - raft.server.log.corruption.policy = EXCEPTION (default)
2019-11-15 04:24:48,384 [pool-539-thread-1] INFO  storage.RaftStorageDirectory (RaftStorageDirectory.java:analyzeStorage(246)) - The storage directory /workdir/hadoop-ozone/integration-test/target/test-dir/MiniOzoneClusterImpl-b8077c48-d45a-4953-83b6-e1fc361e67bb/datanode-3/data/ratis/a346b2a8-df1e-4e24-b87e-1f0597f7c030 does not exist. Creating ...
2019-11-15 04:24:48,389 [pool-539-thread-1] INFO  storage.RaftStorageDirectory (RaftStorageDirectory.java:tryLock(328)) - Lock on /workdir/hadoop-ozone/integration-test/target/test-dir/MiniOzoneClusterImpl-b8077c48-d45a-4953-83b6-e1fc361e67bb/datanode-3/data/ratis/a346b2a8-df1e-4e24-b87e-1f0597f7c030/in_use.lock acquired by nodename 7542@trunk-nightly-20191115-sgx8w-1801196118
2019-11-15 04:24:48,402 [pool-539-thread-1] INFO  storage.RaftStorage (RaftStorage.java:format(84)) - Storage directory /workdir/hadoop-ozone/integration-test/target/test-dir/MiniOzoneClusterImpl-b8077c48-d45a-4953-83b6-e1fc361e67bb/datanode-3/data/ratis/a346b2a8-df1e-4e24-b87e-1f0597f7c030 has been successfully formatted.
2019-11-15 04:24:48,402 [pool-539-thread-1] INFO  ratis.ContainerStateMachine (ContainerStateMachine.java:loadSnapshot(223)) - group-1F0597F7C030: The snapshot info is null. Setting the last applied indexto:(t:0, i:~)
2019-11-15 04:24:48,402 [pool-539-thread-1] INFO  server.RaftServerConfigKeys (ConfUtils.java:logGet(43)) - raft.server.notification.no-leader.timeout = 120s (custom)
2019-11-15 04:24:48,402 [pool-539-thread-1] INFO  server.RaftServerConfigKeys (ConfUtils.java:logGet(43)) - raft.server.log.use.memory = false (default)
2019-11-15 04:24:48,402 [pool-539-thread-1] INFO  server.RaftServerConfigKeys (ConfUtils.java:logGet(43)) - raft.server.log.purge.gap = 1000000 (custom)
2019-11-15 04:24:48,402 [pool-539-thread-1] INFO  server.RaftServerConfigKeys (ConfUtils.java:logGet(43)) - raft.server.log.appender.buffer.byte-limit = 33554432 (custom)
2019-11-15 04:24:48,402 [pool-539-thread-1] INFO  server.RaftServerConfigKeys (ConfUtils.java:logGet(43)) - raft.server.log.segment.size.max = 1048576 (custom)
2019-11-15 04:24:48,402 [pool-539-thread-1] INFO  server.RaftServerConfigKeys (ConfUtils.java:logGet(43)) - raft.server.log.segment.cache.num.max = 2 (custom)
2019-11-15 04:24:48,402 [pool-539-thread-1] INFO  segmented.SegmentedRaftLogWorker (SegmentedRaftLogWorker.java:<init>(173)) - new 64e09b31-9ee8-424d-be17-3e0ab51a0c68@group-1F0597F7C030-SegmentedRaftLogWorker for RaftStorage:Storage Directory /workdir/hadoop-ozone/integration-test/target/test-dir/MiniOzoneClusterImpl-b8077c48-d45a-4953-83b6-e1fc361e67bb/datanode-3/data/ratis/a346b2a8-df1e-4e24-b87e-1f0597f7c030
2019-11-15 04:24:48,402 [pool-539-thread-1] INFO  server.RaftServerConfigKeys (ConfUtils.java:logGet(43)) - raft.server.log.queue.byte-limit = 2147483647 (custom)
2019-11-15 04:24:48,403 [pool-539-thread-1] INFO  server.RaftServerConfigKeys (ConfUtils.java:logGet(43)) - raft.server.log.queue.element-limit = 1024 (custom)
2019-11-15 04:24:48,403 [pool-539-thread-1] INFO  server.RaftServerConfigKeys (ConfUtils.java:logGet(43)) - raft.server.log.segment.size.max = 1048576 (custom)
2019-11-15 04:24:48,403 [pool-539-thread-1] INFO  server.RaftServerConfigKeys (ConfUtils.java:logGet(43)) - raft.server.log.preallocated.size = 16384 (custom)
2019-11-15 04:24:48,403 [pool-539-thread-1] INFO  server.RaftServerConfigKeys (ConfUtils.java:logGet(43)) - raft.server.log.write.buffer.size = 33554432 (custom)
2019-11-15 04:24:48,403 [pool-539-thread-1] INFO  server.RaftServerConfigKeys (ConfUtils.java:logGet(43)) - raft.server.log.force.sync.num = 128 (default)
2019-11-15 04:24:48,403 [pool-539-thread-1] INFO  server.RaftServerConfigKeys (ConfUtils.java:logGet(43)) - raft.server.log.statemachine.data.sync = true (default)
2019-11-15 04:24:48,403 [pool-539-thread-1] INFO  server.RaftServerConfigKeys (ConfUtils.java:logGet(43)) - raft.server.log.statemachine.data.sync.timeout = 10s (default)
2019-11-15 04:24:48,403 [pool-539-thread-1] INFO  server.RaftServerConfigKeys (ConfUtils.java:logGet(43)) - raft.server.log.statemachine.data.sync.timeout.retry = -1 (default)
2019-11-15 04:24:48,403 [pool-539-thread-1] INFO  server.RaftServerConfigKeys (ConfUtils.java:logGet(43)) - raft.server.log.statemachine.data.caching.enabled = true (custom)
2019-11-15 04:24:48,403 [pool-539-thread-1] INFO  segmented.SegmentedRaftLogWorker (SegmentedRaftLogWorker.java:lambda$new$0(128)) - 64e09b31-9ee8-424d-be17-3e0ab51a0c68@group-1F0597F7C030-SegmentedRaftLogWorker: flushIndex: setUnconditionally 0 -> -1
2019-11-15 04:24:48,404 [pool-539-thread-1] INFO  server.RaftServerConfigKeys (ConfUtils.java:logGet(43)) - raft.server.snapshot.auto.trigger.enabled = true (custom)
2019-11-15 04:24:48,404 [pool-539-thread-1] INFO  server.RaftServerConfigKeys (ConfUtils.java:logGet(43)) - raft.server.snapshot.auto.trigger.threshold = 10000 (custom)
2019-11-15 04:24:48,404 [pool-539-thread-1] INFO  server.RaftServerConfigKeys (ConfUtils.java:logGet(43)) - raft.server.snapshot.retention.file.num = 5 (custom)
2019-11-15 04:24:48,404 [pool-539-thread-1] INFO  server.RaftServerConfigKeys (ConfUtils.java:logGet(43)) - raft.server.retrycache.expirytime = 600000ms (custom)
2019-11-15 04:24:48,404 [pool-539-thread-1] WARN  impl.MetricRegistriesImpl (MetricRegistriesImpl.java:lambda$create$1(61)) - First MetricRegistry has been created without registering reporters. You may need to call MetricRegistries.global().addReportRegistration(...) before.
2019-11-15 04:24:48,404 [pool-539-thread-1] WARN  impl.MetricRegistriesImpl (MetricRegistriesImpl.java:lambda$create$1(61)) - First MetricRegistry has been created without registering reporters. You may need to call MetricRegistries.global().addReportRegistration(...) before.
2019-11-15 04:24:48,404 [pool-539-thread-1] INFO  impl.RaftServerImpl (RaftServerImpl.java:start(184)) - 64e09b31-9ee8-424d-be17-3e0ab51a0c68@group-1F0597F7C030: start as a follower, conf=-1: [64e09b31-9ee8-424d-be17-3e0ab51a0c68:192.168.34.61:46300, a0798825-8ead-4df5-a6ef-f7c35f311519:192.168.34.61:36951, ed7fcdca-26e4-49e6-a038-f4a6d52e370d:192.168.34.61:44989], old=null
2019-11-15 04:24:48,404 [pool-539-thread-1] INFO  impl.RaftServerImpl (RaftServerImpl.java:setRole(173)) - 64e09b31-9ee8-424d-be17-3e0ab51a0c68@group-1F0597F7C030: changes role from      null to FOLLOWER at term 0 for startAsFollower
2019-11-15 04:24:48,404 [pool-539-thread-1] INFO  impl.RoleInfo (RoleInfo.java:updateAndGet(143)) - 64e09b31-9ee8-424d-be17-3e0ab51a0c68: start FollowerState
2019-11-15 04:24:48,405 [pool-539-thread-1] INFO  util.JmxRegister (JmxRegister.java:tryRegister(44)) - Successfully registered JMX Bean with object name Ratis:service=RaftServer,group=group-1F0597F7C030,id=64e09b31-9ee8-424d-be17-3e0ab51a0c68
2019-11-15 04:24:48,405 [pool-539-thread-1] WARN  impl.MetricRegistriesImpl (MetricRegistriesImpl.java:lambda$create$1(61)) - First MetricRegistry has been created without registering reporters. You may need to call MetricRegistries.global().addReportRegistration(...) before.
2019-11-15 04:24:48,405 [Command processor thread] INFO  commandhandler.CreatePipelineCommandHandler (CreatePipelineCommandHandler.java:handle(86)) - Create Pipeline RATIS THREE #id: "a346b2a8-df1e-4e24-b87e-1f0597f7c030"
 command succeed on datanode 64e09b31-9ee8-424d-be17-3e0ab51a0c68.
2019-11-15 04:24:48,406 [EventQueue-PipelineReportForPipelineReportHandler] INFO  pipeline.PipelineReportHandler (PipelineReportHandler.java:processPipelineReport(113)) - Pipeline THREE PipelineID=a346b2a8-df1e-4e24-b87e-1f0597f7c030 reported by 64e09b31-9ee8-424d-be17-3e0ab51a0c68{ip: 192.168.34.61, host: trunk-nightly-20191115-sgx8w-1801196118, networkLocation: /rack1, certSerialId: null}
2019-11-15 04:24:48,412 [Command processor thread] INFO  impl.RaftServerProxy (RaftServerProxy.java:addNew(89)) - a0798825-8ead-4df5-a6ef-f7c35f311519: addNew group-D69FE38FFEC9:[a0798825-8ead-4df5-a6ef-f7c35f311519:192.168.34.61:36951] returns group-D69FE38FFEC9:java.util.concurrent.CompletableFuture@61c84ca[Not completed]
2019-11-15 04:24:48,413 [pool-549-thread-1] INFO  impl.RaftServerImpl (RaftServerImpl.java:<init>(98)) - a0798825-8ead-4df5-a6ef-f7c35f311519: new RaftServerImpl for group-D69FE38FFEC9:[a0798825-8ead-4df5-a6ef-f7c35f311519:192.168.34.61:36951] with ContainerStateMachine:uninitialized
2019-11-15 04:24:48,413 [pool-549-thread-1] INFO  server.RaftServerConfigKeys (ConfUtils.java:logGet(43)) - raft.server.rpc.timeout.min = 1s (custom)
2019-11-15 04:24:48,413 [pool-549-thread-1] INFO  server.RaftServerConfigKeys (ConfUtils.java:logGet(43)) - raft.server.rpc.timeout.max = 1200ms (custom)
2019-11-15 04:24:48,414 [pool-549-thread-1] INFO  server.RaftServerConfigKeys (ConfUtils.java:logGet(43)) - raft.server.rpcslowness.timeout = 120s (custom)
2019-11-15 04:24:48,414 [pool-549-thread-1] INFO  server.RaftServerConfigKeys (ConfUtils.java:logGet(43)) - raft.server.sleep.deviation.threshold = 300 (default)
2019-11-15 04:24:48,414 [pool-549-thread-1] INFO  server.RaftServerConfigKeys (ConfUtils.java:logGet(43)) - raft.server.log.appender.install.snapshot.enabled = false (custom)
2019-11-15 04:24:48,414 [pool-549-thread-1] INFO  impl.RaftServerImpl (ServerState.java:<init>(103)) - a0798825-8ead-4df5-a6ef-f7c35f311519@group-D69FE38FFEC9: ConfigurationManager, init=-1: [a0798825-8ead-4df5-a6ef-f7c35f311519:192.168.34.61:36951], old=null, confs=<EMPTY_MAP>
2019-11-15 04:24:48,414 [pool-549-thread-1] INFO  server.RaftServerConfigKeys (ConfUtils.java:logGet(43)) - raft.server.storage.dir = [/workdir/hadoop-ozone/integration-test/target/test-dir/MiniOzoneClusterImpl-b8077c48-d45a-4953-83b6-e1fc361e67bb/datanode-4/data/ratis] (custom)
2019-11-15 04:24:48,414 [pool-549-thread-1] INFO  server.RaftServerConfigKeys (ConfUtils.java:logGet(43)) - raft.server.log.corruption.policy = EXCEPTION (default)
2019-11-15 04:24:48,414 [pool-549-thread-1] INFO  storage.RaftStorageDirectory (RaftStorageDirectory.java:analyzeStorage(246)) - The storage directory /workdir/hadoop-ozone/integration-test/target/test-dir/MiniOzoneClusterImpl-b8077c48-d45a-4953-83b6-e1fc361e67bb/datanode-4/data/ratis/d790bd89-affe-4f04-954d-d69fe38ffec9 does not exist. Creating ...
2019-11-15 04:24:48,420 [pool-549-thread-1] INFO  storage.RaftStorageDirectory (RaftStorageDirectory.java:tryLock(328)) - Lock on /workdir/hadoop-ozone/integration-test/target/test-dir/MiniOzoneClusterImpl-b8077c48-d45a-4953-83b6-e1fc361e67bb/datanode-4/data/ratis/d790bd89-affe-4f04-954d-d69fe38ffec9/in_use.lock acquired by nodename 7542@trunk-nightly-20191115-sgx8w-1801196118
2019-11-15 04:24:48,433 [pool-549-thread-1] INFO  storage.RaftStorage (RaftStorage.java:format(84)) - Storage directory /workdir/hadoop-ozone/integration-test/target/test-dir/MiniOzoneClusterImpl-b8077c48-d45a-4953-83b6-e1fc361e67bb/datanode-4/data/ratis/d790bd89-affe-4f04-954d-d69fe38ffec9 has been successfully formatted.
2019-11-15 04:24:48,433 [pool-549-thread-1] INFO  ratis.ContainerStateMachine (ContainerStateMachine.java:loadSnapshot(223)) - group-D69FE38FFEC9: The snapshot info is null. Setting the last applied indexto:(t:0, i:~)
2019-11-15 04:24:48,433 [pool-549-thread-1] INFO  server.RaftServerConfigKeys (ConfUtils.java:logGet(43)) - raft.server.notification.no-leader.timeout = 120s (custom)
2019-11-15 04:24:48,433 [pool-549-thread-1] INFO  server.RaftServerConfigKeys (ConfUtils.java:logGet(43)) - raft.server.log.use.memory = false (default)
2019-11-15 04:24:48,433 [pool-549-thread-1] INFO  server.RaftServerConfigKeys (ConfUtils.java:logGet(43)) - raft.server.log.purge.gap = 1000000 (custom)
2019-11-15 04:24:48,433 [pool-549-thread-1] INFO  server.RaftServerConfigKeys (ConfUtils.java:logGet(43)) - raft.server.log.appender.buffer.byte-limit = 33554432 (custom)
2019-11-15 04:24:48,434 [pool-549-thread-1] INFO  server.RaftServerConfigKeys (ConfUtils.java:logGet(43)) - raft.server.log.segment.size.max = 1048576 (custom)
2019-11-15 04:24:48,434 [pool-549-thread-1] WARN  impl.MetricRegistriesImpl (MetricRegistriesImpl.java:lambda$create$1(61)) - First MetricRegistry has been created without registering reporters. You may need to call MetricRegistries.global().addReportRegistration(...) before.
2019-11-15 04:24:48,434 [pool-549-thread-1] INFO  server.RaftServerConfigKeys (ConfUtils.java:logGet(43)) - raft.server.log.segment.cache.num.max = 2 (custom)
2019-11-15 04:24:48,434 [pool-549-thread-1] INFO  segmented.SegmentedRaftLogWorker (SegmentedRaftLogWorker.java:<init>(173)) - new a0798825-8ead-4df5-a6ef-f7c35f311519@group-D69FE38FFEC9-SegmentedRaftLogWorker for RaftStorage:Storage Directory /workdir/hadoop-ozone/integration-test/target/test-dir/MiniOzoneClusterImpl-b8077c48-d45a-4953-83b6-e1fc361e67bb/datanode-4/data/ratis/d790bd89-affe-4f04-954d-d69fe38ffec9
2019-11-15 04:24:48,434 [pool-549-thread-1] INFO  server.RaftServerConfigKeys (ConfUtils.java:logGet(43)) - raft.server.log.queue.byte-limit = 2147483647 (custom)
2019-11-15 04:24:48,434 [pool-549-thread-1] INFO  server.RaftServerConfigKeys (ConfUtils.java:logGet(43)) - raft.server.log.queue.element-limit = 1024 (custom)
2019-11-15 04:24:48,434 [pool-549-thread-1] INFO  server.RaftServerConfigKeys (ConfUtils.java:logGet(43)) - raft.server.log.segment.size.max = 1048576 (custom)
2019-11-15 04:24:48,434 [pool-549-thread-1] INFO  server.RaftServerConfigKeys (ConfUtils.java:logGet(43)) - raft.server.log.preallocated.size = 16384 (custom)
2019-11-15 04:24:48,434 [pool-549-thread-1] INFO  server.RaftServerConfigKeys (ConfUtils.java:logGet(43)) - raft.server.log.write.buffer.size = 33554432 (custom)
2019-11-15 04:24:48,434 [pool-549-thread-1] INFO  server.RaftServerConfigKeys (ConfUtils.java:logGet(43)) - raft.server.log.force.sync.num = 128 (default)
2019-11-15 04:24:48,435 [pool-549-thread-1] INFO  server.RaftServerConfigKeys (ConfUtils.java:logGet(43)) - raft.server.log.statemachine.data.sync = true (default)
2019-11-15 04:24:48,435 [pool-549-thread-1] INFO  server.RaftServerConfigKeys (ConfUtils.java:logGet(43)) - raft.server.log.statemachine.data.sync.timeout = 10s (default)
2019-11-15 04:24:48,435 [pool-549-thread-1] INFO  server.RaftServerConfigKeys (ConfUtils.java:logGet(43)) - raft.server.log.statemachine.data.sync.timeout.retry = -1 (default)
2019-11-15 04:24:48,435 [pool-549-thread-1] INFO  server.RaftServerConfigKeys (ConfUtils.java:logGet(43)) - raft.server.log.statemachine.data.caching.enabled = true (custom)
2019-11-15 04:24:48,435 [pool-549-thread-1] INFO  segmented.SegmentedRaftLogWorker (SegmentedRaftLogWorker.java:lambda$new$0(128)) - a0798825-8ead-4df5-a6ef-f7c35f311519@group-D69FE38FFEC9-SegmentedRaftLogWorker: flushIndex: setUnconditionally 0 -> -1
2019-11-15 04:24:48,436 [pool-549-thread-1] INFO  server.RaftServerConfigKeys (ConfUtils.java:logGet(43)) - raft.server.snapshot.auto.trigger.enabled = true (custom)
2019-11-15 04:24:48,436 [pool-549-thread-1] INFO  server.RaftServerConfigKeys (ConfUtils.java:logGet(43)) - raft.server.snapshot.auto.trigger.threshold = 10000 (custom)
2019-11-15 04:24:48,436 [pool-549-thread-1] INFO  server.RaftServerConfigKeys (ConfUtils.java:logGet(43)) - raft.server.snapshot.retention.file.num = 5 (custom)
2019-11-15 04:24:48,436 [pool-549-thread-1] INFO  server.RaftServerConfigKeys (ConfUtils.java:logGet(43)) - raft.server.retrycache.expirytime = 600000ms (custom)
2019-11-15 04:24:48,436 [pool-549-thread-1] WARN  impl.MetricRegistriesImpl (MetricRegistriesImpl.java:lambda$create$1(61)) - First MetricRegistry has been created without registering reporters. You may need to call MetricRegistries.global().addReportRegistration(...) before.
2019-11-15 04:24:48,436 [pool-549-thread-1] WARN  impl.MetricRegistriesImpl (MetricRegistriesImpl.java:lambda$create$1(61)) - First MetricRegistry has been created without registering reporters. You may need to call MetricRegistries.global().addReportRegistration(...) before.
2019-11-15 04:24:48,437 [pool-549-thread-1] INFO  impl.RaftServerImpl (RaftServerImpl.java:start(184)) - a0798825-8ead-4df5-a6ef-f7c35f311519@group-D69FE38FFEC9: start as a follower, conf=-1: [a0798825-8ead-4df5-a6ef-f7c35f311519:192.168.34.61:36951], old=null
2019-11-15 04:24:48,437 [pool-549-thread-1] INFO  impl.RaftServerImpl (RaftServerImpl.java:setRole(173)) - a0798825-8ead-4df5-a6ef-f7c35f311519@group-D69FE38FFEC9: changes role from      null to FOLLOWER at term 0 for startAsFollower
2019-11-15 04:24:48,437 [pool-549-thread-1] INFO  impl.RoleInfo (RoleInfo.java:updateAndGet(143)) - a0798825-8ead-4df5-a6ef-f7c35f311519: start FollowerState
2019-11-15 04:24:48,437 [pool-549-thread-1] INFO  util.JmxRegister (JmxRegister.java:tryRegister(44)) - Successfully registered JMX Bean with object name Ratis:service=RaftServer,group=group-D69FE38FFEC9,id=a0798825-8ead-4df5-a6ef-f7c35f311519
2019-11-15 04:24:48,437 [pool-549-thread-1] WARN  impl.MetricRegistriesImpl (MetricRegistriesImpl.java:lambda$create$1(61)) - First MetricRegistry has been created without registering reporters. You may need to call MetricRegistries.global().addReportRegistration(...) before.
2019-11-15 04:24:48,438 [Command processor thread] INFO  commandhandler.CreatePipelineCommandHandler (CreatePipelineCommandHandler.java:handle(86)) - Create Pipeline RATIS ONE #id: "d790bd89-affe-4f04-954d-d69fe38ffec9"
 command succeed on datanode a0798825-8ead-4df5-a6ef-f7c35f311519.
2019-11-15 04:24:48,440 [Command processor thread] INFO  impl.RaftServerProxy (RaftServerProxy.java:addNew(89)) - a0798825-8ead-4df5-a6ef-f7c35f311519: addNew group-1F0597F7C030:[64e09b31-9ee8-424d-be17-3e0ab51a0c68:192.168.34.61:46300, a0798825-8ead-4df5-a6ef-f7c35f311519:192.168.34.61:36951, ed7fcdca-26e4-49e6-a038-f4a6d52e370d:192.168.34.61:44989] returns group-1F0597F7C030:java.util.concurrent.CompletableFuture@22310d1[Not completed]
2019-11-15 04:24:48,441 [EventQueue-PipelineReportForPipelineReportHandler] INFO  pipeline.PipelineReportHandler (PipelineReportHandler.java:processPipelineReport(113)) - Pipeline ONE PipelineID=d790bd89-affe-4f04-954d-d69fe38ffec9 reported by a0798825-8ead-4df5-a6ef-f7c35f311519{ip: 192.168.34.61, host: trunk-nightly-20191115-sgx8w-1801196118, networkLocation: /rack1, certSerialId: null}
2019-11-15 04:24:48,441 [pool-549-thread-1] INFO  impl.RaftServerImpl (RaftServerImpl.java:<init>(98)) - a0798825-8ead-4df5-a6ef-f7c35f311519: new RaftServerImpl for group-1F0597F7C030:[64e09b31-9ee8-424d-be17-3e0ab51a0c68:192.168.34.61:46300, a0798825-8ead-4df5-a6ef-f7c35f311519:192.168.34.61:36951, ed7fcdca-26e4-49e6-a038-f4a6d52e370d:192.168.34.61:44989] with ContainerStateMachine:uninitialized
2019-11-15 04:24:48,441 [EventQueue-PipelineReportForPipelineReportHandler] INFO  pipeline.PipelineStateManager (PipelineStateManager.java:openPipeline(132)) - Pipeline Pipeline[ Id: d790bd89-affe-4f04-954d-d69fe38ffec9, Nodes: a0798825-8ead-4df5-a6ef-f7c35f311519{ip: 192.168.34.61, host: trunk-nightly-20191115-sgx8w-1801196118, networkLocation: /rack1, certSerialId: null}, Type:RATIS, Factor:ONE, State:ALLOCATED] moved to OPEN state
2019-11-15 04:24:48,441 [pool-549-thread-1] INFO  server.RaftServerConfigKeys (ConfUtils.java:logGet(43)) - raft.server.rpc.timeout.min = 1s (custom)
2019-11-15 04:24:48,442 [pool-549-thread-1] INFO  server.RaftServerConfigKeys (ConfUtils.java:logGet(43)) - raft.server.rpc.timeout.max = 1200ms (custom)
2019-11-15 04:24:48,442 [EventQueue-OpenPipelineForHealthyPipelineSafeModeRule] INFO  safemode.SCMSafeModeManager (HealthyPipelineSafeModeRule.java:process(132)) - SCM in safe mode. Healthy pipelines reported count is 0, required healthy pipeline reported count is 1
2019-11-15 04:24:48,442 [EventQueue-OpenPipelineForOneReplicaPipelineSafeModeRule] INFO  safemode.SCMSafeModeManager (SCMSafeModeManager.java:validateSafeModeExitRules(176)) - AtleastOneDatanodeReportedRule rule is successfully validated
2019-11-15 04:24:48,442 [pool-549-thread-1] INFO  server.RaftServerConfigKeys (ConfUtils.java:logGet(43)) - raft.server.rpcslowness.timeout = 120s (custom)
2019-11-15 04:24:48,442 [pool-549-thread-1] INFO  server.RaftServerConfigKeys (ConfUtils.java:logGet(43)) - raft.server.sleep.deviation.threshold = 300 (default)
2019-11-15 04:24:48,442 [pool-549-thread-1] INFO  server.RaftServerConfigKeys (ConfUtils.java:logGet(43)) - raft.server.log.appender.install.snapshot.enabled = false (custom)
2019-11-15 04:24:48,442 [pool-549-thread-1] INFO  impl.RaftServerImpl (ServerState.java:<init>(103)) - a0798825-8ead-4df5-a6ef-f7c35f311519@group-1F0597F7C030: ConfigurationManager, init=-1: [64e09b31-9ee8-424d-be17-3e0ab51a0c68:192.168.34.61:46300, a0798825-8ead-4df5-a6ef-f7c35f311519:192.168.34.61:36951, ed7fcdca-26e4-49e6-a038-f4a6d52e370d:192.168.34.61:44989], old=null, confs=<EMPTY_MAP>
2019-11-15 04:24:48,442 [pool-549-thread-1] INFO  server.RaftServerConfigKeys (ConfUtils.java:logGet(43)) - raft.server.storage.dir = [/workdir/hadoop-ozone/integration-test/target/test-dir/MiniOzoneClusterImpl-b8077c48-d45a-4953-83b6-e1fc361e67bb/datanode-4/data/ratis] (custom)
2019-11-15 04:24:48,442 [pool-549-thread-1] INFO  server.RaftServerConfigKeys (ConfUtils.java:logGet(43)) - raft.server.log.corruption.policy = EXCEPTION (default)
2019-11-15 04:24:48,443 [pool-549-thread-1] INFO  storage.RaftStorageDirectory (RaftStorageDirectory.java:analyzeStorage(246)) - The storage directory /workdir/hadoop-ozone/integration-test/target/test-dir/MiniOzoneClusterImpl-b8077c48-d45a-4953-83b6-e1fc361e67bb/datanode-4/data/ratis/a346b2a8-df1e-4e24-b87e-1f0597f7c030 does not exist. Creating ...
2019-11-15 04:24:48,456 [pool-549-thread-1] INFO  storage.RaftStorageDirectory (RaftStorageDirectory.java:tryLock(328)) - Lock on /workdir/hadoop-ozone/integration-test/target/test-dir/MiniOzoneClusterImpl-b8077c48-d45a-4953-83b6-e1fc361e67bb/datanode-4/data/ratis/a346b2a8-df1e-4e24-b87e-1f0597f7c030/in_use.lock acquired by nodename 7542@trunk-nightly-20191115-sgx8w-1801196118
2019-11-15 04:24:48,469 [pool-549-thread-1] INFO  storage.RaftStorage (RaftStorage.java:format(84)) - Storage directory /workdir/hadoop-ozone/integration-test/target/test-dir/MiniOzoneClusterImpl-b8077c48-d45a-4953-83b6-e1fc361e67bb/datanode-4/data/ratis/a346b2a8-df1e-4e24-b87e-1f0597f7c030 has been successfully formatted.
2019-11-15 04:24:48,469 [pool-549-thread-1] INFO  ratis.ContainerStateMachine (ContainerStateMachine.java:loadSnapshot(223)) - group-1F0597F7C030: The snapshot info is null. Setting the last applied indexto:(t:0, i:~)
2019-11-15 04:24:48,469 [pool-549-thread-1] INFO  server.RaftServerConfigKeys (ConfUtils.java:logGet(43)) - raft.server.notification.no-leader.timeout = 120s (custom)
2019-11-15 04:24:48,470 [pool-549-thread-1] INFO  server.RaftServerConfigKeys (ConfUtils.java:logGet(43)) - raft.server.log.use.memory = false (default)
2019-11-15 04:24:48,470 [pool-549-thread-1] INFO  server.RaftServerConfigKeys (ConfUtils.java:logGet(43)) - raft.server.log.purge.gap = 1000000 (custom)
2019-11-15 04:24:48,470 [pool-549-thread-1] INFO  server.RaftServerConfigKeys (ConfUtils.java:logGet(43)) - raft.server.log.appender.buffer.byte-limit = 33554432 (custom)
2019-11-15 04:24:48,470 [pool-549-thread-1] INFO  server.RaftServerConfigKeys (ConfUtils.java:logGet(43)) - raft.server.log.segment.size.max = 1048576 (custom)
2019-11-15 04:24:48,470 [pool-549-thread-1] INFO  server.RaftServerConfigKeys (ConfUtils.java:logGet(43)) - raft.server.log.segment.cache.num.max = 2 (custom)
2019-11-15 04:24:48,470 [pool-549-thread-1] INFO  segmented.SegmentedRaftLogWorker (SegmentedRaftLogWorker.java:<init>(173)) - new a0798825-8ead-4df5-a6ef-f7c35f311519@group-1F0597F7C030-SegmentedRaftLogWorker for RaftStorage:Storage Directory /workdir/hadoop-ozone/integration-test/target/test-dir/MiniOzoneClusterImpl-b8077c48-d45a-4953-83b6-e1fc361e67bb/datanode-4/data/ratis/a346b2a8-df1e-4e24-b87e-1f0597f7c030
2019-11-15 04:24:48,470 [pool-549-thread-1] INFO  server.RaftServerConfigKeys (ConfUtils.java:logGet(43)) - raft.server.log.queue.byte-limit = 2147483647 (custom)
2019-11-15 04:24:48,470 [pool-549-thread-1] INFO  server.RaftServerConfigKeys (ConfUtils.java:logGet(43)) - raft.server.log.queue.element-limit = 1024 (custom)
2019-11-15 04:24:48,470 [pool-549-thread-1] INFO  server.RaftServerConfigKeys (ConfUtils.java:logGet(43)) - raft.server.log.segment.size.max = 1048576 (custom)
2019-11-15 04:24:48,470 [pool-549-thread-1] INFO  server.RaftServerConfigKeys (ConfUtils.java:logGet(43)) - raft.server.log.preallocated.size = 16384 (custom)
2019-11-15 04:24:48,470 [pool-549-thread-1] INFO  server.RaftServerConfigKeys (ConfUtils.java:logGet(43)) - raft.server.log.write.buffer.size = 33554432 (custom)
2019-11-15 04:24:48,470 [pool-549-thread-1] INFO  server.RaftServerConfigKeys (ConfUtils.java:logGet(43)) - raft.server.log.force.sync.num = 128 (default)
2019-11-15 04:24:48,471 [pool-549-thread-1] INFO  server.RaftServerConfigKeys (ConfUtils.java:logGet(43)) - raft.server.log.statemachine.data.sync = true (default)
2019-11-15 04:24:48,471 [pool-549-thread-1] INFO  server.RaftServerConfigKeys (ConfUtils.java:logGet(43)) - raft.server.log.statemachine.data.sync.timeout = 10s (default)
2019-11-15 04:24:48,471 [pool-549-thread-1] INFO  server.RaftServerConfigKeys (ConfUtils.java:logGet(43)) - raft.server.log.statemachine.data.sync.timeout.retry = -1 (default)
2019-11-15 04:24:48,471 [pool-549-thread-1] INFO  server.RaftServerConfigKeys (ConfUtils.java:logGet(43)) - raft.server.log.statemachine.data.caching.enabled = true (custom)
2019-11-15 04:24:48,471 [pool-549-thread-1] INFO  segmented.SegmentedRaftLogWorker (SegmentedRaftLogWorker.java:lambda$new$0(128)) - a0798825-8ead-4df5-a6ef-f7c35f311519@group-1F0597F7C030-SegmentedRaftLogWorker: flushIndex: setUnconditionally 0 -> -1
2019-11-15 04:24:48,471 [pool-549-thread-1] INFO  server.RaftServerConfigKeys (ConfUtils.java:logGet(43)) - raft.server.snapshot.auto.trigger.enabled = true (custom)
2019-11-15 04:24:48,471 [pool-549-thread-1] INFO  server.RaftServerConfigKeys (ConfUtils.java:logGet(43)) - raft.server.snapshot.auto.trigger.threshold = 10000 (custom)
2019-11-15 04:24:48,471 [pool-549-thread-1] INFO  server.RaftServerConfigKeys (ConfUtils.java:logGet(43)) - raft.server.snapshot.retention.file.num = 5 (custom)
2019-11-15 04:24:48,472 [pool-549-thread-1] INFO  server.RaftServerConfigKeys (ConfUtils.java:logGet(43)) - raft.server.retrycache.expirytime = 600000ms (custom)
2019-11-15 04:24:48,472 [pool-549-thread-1] WARN  impl.MetricRegistriesImpl (MetricRegistriesImpl.java:lambda$create$1(61)) - First MetricRegistry has been created without registering reporters. You may need to call MetricRegistries.global().addReportRegistration(...) before.
2019-11-15 04:24:48,472 [pool-549-thread-1] WARN  impl.MetricRegistriesImpl (MetricRegistriesImpl.java:lambda$create$1(61)) - First MetricRegistry has been created without registering reporters. You may need to call MetricRegistries.global().addReportRegistration(...) before.
2019-11-15 04:24:48,472 [pool-549-thread-1] INFO  impl.RaftServerImpl (RaftServerImpl.java:start(184)) - a0798825-8ead-4df5-a6ef-f7c35f311519@group-1F0597F7C030: start as a follower, conf=-1: [64e09b31-9ee8-424d-be17-3e0ab51a0c68:192.168.34.61:46300, a0798825-8ead-4df5-a6ef-f7c35f311519:192.168.34.61:36951, ed7fcdca-26e4-49e6-a038-f4a6d52e370d:192.168.34.61:44989], old=null
2019-11-15 04:24:48,472 [pool-549-thread-1] INFO  impl.RaftServerImpl (RaftServerImpl.java:setRole(173)) - a0798825-8ead-4df5-a6ef-f7c35f311519@group-1F0597F7C030: changes role from      null to FOLLOWER at term 0 for startAsFollower
2019-11-15 04:24:48,472 [pool-549-thread-1] INFO  impl.RoleInfo (RoleInfo.java:updateAndGet(143)) - a0798825-8ead-4df5-a6ef-f7c35f311519: start FollowerState
2019-11-15 04:24:48,472 [pool-549-thread-1] INFO  util.JmxRegister (JmxRegister.java:tryRegister(44)) - Successfully registered JMX Bean with object name Ratis:service=RaftServer,group=group-1F0597F7C030,id=a0798825-8ead-4df5-a6ef-f7c35f311519
2019-11-15 04:24:48,472 [pool-549-thread-1] WARN  impl.MetricRegistriesImpl (MetricRegistriesImpl.java:lambda$create$1(61)) - First MetricRegistry has been created without registering reporters. You may need to call MetricRegistries.global().addReportRegistration(...) before.
2019-11-15 04:24:48,473 [Command processor thread] INFO  commandhandler.CreatePipelineCommandHandler (CreatePipelineCommandHandler.java:handle(86)) - Create Pipeline RATIS THREE #id: "a346b2a8-df1e-4e24-b87e-1f0597f7c030"
 command succeed on datanode a0798825-8ead-4df5-a6ef-f7c35f311519.
2019-11-15 04:24:48,474 [EventQueue-PipelineReportForPipelineReportHandler] INFO  pipeline.PipelineReportHandler (PipelineReportHandler.java:processPipelineReport(113)) - Pipeline THREE PipelineID=a346b2a8-df1e-4e24-b87e-1f0597f7c030 reported by a0798825-8ead-4df5-a6ef-f7c35f311519{ip: 192.168.34.61, host: trunk-nightly-20191115-sgx8w-1801196118, networkLocation: /rack1, certSerialId: null}
2019-11-15 04:24:48,479 [Command processor thread] INFO  impl.RaftServerProxy (RaftServerProxy.java:addNew(89)) - ed7fcdca-26e4-49e6-a038-f4a6d52e370d: addNew group-903109CB5148:[ed7fcdca-26e4-49e6-a038-f4a6d52e370d:192.168.34.61:44989] returns group-903109CB5148:java.util.concurrent.CompletableFuture@6f3735c3[Not completed]
2019-11-15 04:24:48,481 [pool-559-thread-1] INFO  impl.RaftServerImpl (RaftServerImpl.java:<init>(98)) - ed7fcdca-26e4-49e6-a038-f4a6d52e370d: new RaftServerImpl for group-903109CB5148:[ed7fcdca-26e4-49e6-a038-f4a6d52e370d:192.168.34.61:44989] with ContainerStateMachine:uninitialized
2019-11-15 04:24:48,481 [pool-559-thread-1] INFO  server.RaftServerConfigKeys (ConfUtils.java:logGet(43)) - raft.server.rpc.timeout.min = 1s (custom)
2019-11-15 04:24:48,481 [pool-559-thread-1] INFO  server.RaftServerConfigKeys (ConfUtils.java:logGet(43)) - raft.server.rpc.timeout.max = 1200ms (custom)
2019-11-15 04:24:48,481 [pool-559-thread-1] INFO  server.RaftServerConfigKeys (ConfUtils.java:logGet(43)) - raft.server.rpcslowness.timeout = 120s (custom)
2019-11-15 04:24:48,481 [pool-559-thread-1] INFO  server.RaftServerConfigKeys (ConfUtils.java:logGet(43)) - raft.server.sleep.deviation.threshold = 300 (default)
2019-11-15 04:24:48,482 [pool-559-thread-1] INFO  server.RaftServerConfigKeys (ConfUtils.java:logGet(43)) - raft.server.log.appender.install.snapshot.enabled = false (custom)
2019-11-15 04:24:48,482 [pool-559-thread-1] INFO  impl.RaftServerImpl (ServerState.java:<init>(103)) - ed7fcdca-26e4-49e6-a038-f4a6d52e370d@group-903109CB5148: ConfigurationManager, init=-1: [ed7fcdca-26e4-49e6-a038-f4a6d52e370d:192.168.34.61:44989], old=null, confs=<EMPTY_MAP>
2019-11-15 04:24:48,482 [pool-559-thread-1] INFO  server.RaftServerConfigKeys (ConfUtils.java:logGet(43)) - raft.server.storage.dir = [/workdir/hadoop-ozone/integration-test/target/test-dir/MiniOzoneClusterImpl-b8077c48-d45a-4953-83b6-e1fc361e67bb/datanode-5/data/ratis] (custom)
2019-11-15 04:24:48,482 [pool-559-thread-1] INFO  server.RaftServerConfigKeys (ConfUtils.java:logGet(43)) - raft.server.log.corruption.policy = EXCEPTION (default)
2019-11-15 04:24:48,482 [pool-559-thread-1] INFO  storage.RaftStorageDirectory (RaftStorageDirectory.java:analyzeStorage(246)) - The storage directory /workdir/hadoop-ozone/integration-test/target/test-dir/MiniOzoneClusterImpl-b8077c48-d45a-4953-83b6-e1fc361e67bb/datanode-5/data/ratis/f689922b-b186-40f1-ad6a-903109cb5148 does not exist. Creating ...
2019-11-15 04:24:48,491 [pool-559-thread-1] INFO  storage.RaftStorageDirectory (RaftStorageDirectory.java:tryLock(328)) - Lock on /workdir/hadoop-ozone/integration-test/target/test-dir/MiniOzoneClusterImpl-b8077c48-d45a-4953-83b6-e1fc361e67bb/datanode-5/data/ratis/f689922b-b186-40f1-ad6a-903109cb5148/in_use.lock acquired by nodename 7542@trunk-nightly-20191115-sgx8w-1801196118
2019-11-15 04:24:48,494 [pool-559-thread-1] INFO  storage.RaftStorage (RaftStorage.java:format(84)) - Storage directory /workdir/hadoop-ozone/integration-test/target/test-dir/MiniOzoneClusterImpl-b8077c48-d45a-4953-83b6-e1fc361e67bb/datanode-5/data/ratis/f689922b-b186-40f1-ad6a-903109cb5148 has been successfully formatted.
2019-11-15 04:24:48,494 [pool-559-thread-1] INFO  ratis.ContainerStateMachine (ContainerStateMachine.java:loadSnapshot(223)) - group-903109CB5148: The snapshot info is null. Setting the last applied indexto:(t:0, i:~)
2019-11-15 04:24:48,494 [pool-559-thread-1] INFO  server.RaftServerConfigKeys (ConfUtils.java:logGet(43)) - raft.server.notification.no-leader.timeout = 120s (custom)
2019-11-15 04:24:48,494 [pool-559-thread-1] INFO  server.RaftServerConfigKeys (ConfUtils.java:logGet(43)) - raft.server.log.use.memory = false (default)
2019-11-15 04:24:48,494 [pool-559-thread-1] INFO  server.RaftServerConfigKeys (ConfUtils.java:logGet(43)) - raft.server.log.purge.gap = 1000000 (custom)
2019-11-15 04:24:48,494 [pool-559-thread-1] INFO  server.RaftServerConfigKeys (ConfUtils.java:logGet(43)) - raft.server.log.appender.buffer.byte-limit = 33554432 (custom)
2019-11-15 04:24:48,494 [pool-559-thread-1] INFO  server.RaftServerConfigKeys (ConfUtils.java:logGet(43)) - raft.server.log.segment.size.max = 1048576 (custom)
2019-11-15 04:24:48,494 [pool-559-thread-1] WARN  impl.MetricRegistriesImpl (MetricRegistriesImpl.java:lambda$create$1(61)) - First MetricRegistry has been created without registering reporters. You may need to call MetricRegistries.global().addReportRegistration(...) before.
2019-11-15 04:24:48,494 [pool-559-thread-1] INFO  server.RaftServerConfigKeys (ConfUtils.java:logGet(43)) - raft.server.log.segment.cache.num.max = 2 (custom)
2019-11-15 04:24:48,495 [pool-559-thread-1] INFO  segmented.SegmentedRaftLogWorker (SegmentedRaftLogWorker.java:<init>(173)) - new ed7fcdca-26e4-49e6-a038-f4a6d52e370d@group-903109CB5148-SegmentedRaftLogWorker for RaftStorage:Storage Directory /workdir/hadoop-ozone/integration-test/target/test-dir/MiniOzoneClusterImpl-b8077c48-d45a-4953-83b6-e1fc361e67bb/datanode-5/data/ratis/f689922b-b186-40f1-ad6a-903109cb5148
2019-11-15 04:24:48,495 [pool-559-thread-1] INFO  server.RaftServerConfigKeys (ConfUtils.java:logGet(43)) - raft.server.log.queue.byte-limit = 2147483647 (custom)
2019-11-15 04:24:48,495 [pool-559-thread-1] INFO  server.RaftServerConfigKeys (ConfUtils.java:logGet(43)) - raft.server.log.queue.element-limit = 1024 (custom)
2019-11-15 04:24:48,495 [pool-559-thread-1] INFO  server.RaftServerConfigKeys (ConfUtils.java:logGet(43)) - raft.server.log.segment.size.max = 1048576 (custom)
2019-11-15 04:24:48,495 [pool-559-thread-1] INFO  server.RaftServerConfigKeys (ConfUtils.java:logGet(43)) - raft.server.log.preallocated.size = 16384 (custom)
2019-11-15 04:24:48,495 [pool-559-thread-1] INFO  server.RaftServerConfigKeys (ConfUtils.java:logGet(43)) - raft.server.log.write.buffer.size = 33554432 (custom)
2019-11-15 04:24:48,495 [pool-559-thread-1] INFO  server.RaftServerConfigKeys (ConfUtils.java:logGet(43)) - raft.server.log.force.sync.num = 128 (default)
2019-11-15 04:24:48,495 [pool-559-thread-1] INFO  server.RaftServerConfigKeys (ConfUtils.java:logGet(43)) - raft.server.log.statemachine.data.sync = true (default)
2019-11-15 04:24:48,495 [pool-559-thread-1] INFO  server.RaftServerConfigKeys (ConfUtils.java:logGet(43)) - raft.server.log.statemachine.data.sync.timeout = 10s (default)
2019-11-15 04:24:48,495 [pool-559-thread-1] INFO  server.RaftServerConfigKeys (ConfUtils.java:logGet(43)) - raft.server.log.statemachine.data.sync.timeout.retry = -1 (default)
2019-11-15 04:24:48,495 [pool-559-thread-1] INFO  server.RaftServerConfigKeys (ConfUtils.java:logGet(43)) - raft.server.log.statemachine.data.caching.enabled = true (custom)
2019-11-15 04:24:48,495 [pool-559-thread-1] INFO  segmented.SegmentedRaftLogWorker (SegmentedRaftLogWorker.java:lambda$new$0(128)) - ed7fcdca-26e4-49e6-a038-f4a6d52e370d@group-903109CB5148-SegmentedRaftLogWorker: flushIndex: setUnconditionally 0 -> -1
2019-11-15 04:24:48,496 [pool-559-thread-1] INFO  server.RaftServerConfigKeys (ConfUtils.java:logGet(43)) - raft.server.snapshot.auto.trigger.enabled = true (custom)
2019-11-15 04:24:48,496 [pool-559-thread-1] INFO  server.RaftServerConfigKeys (ConfUtils.java:logGet(43)) - raft.server.snapshot.auto.trigger.threshold = 10000 (custom)
2019-11-15 04:24:48,496 [pool-559-thread-1] INFO  server.RaftServerConfigKeys (ConfUtils.java:logGet(43)) - raft.server.snapshot.retention.file.num = 5 (custom)
2019-11-15 04:24:48,496 [pool-559-thread-1] INFO  server.RaftServerConfigKeys (ConfUtils.java:logGet(43)) - raft.server.retrycache.expirytime = 600000ms (custom)
2019-11-15 04:24:48,496 [pool-559-thread-1] WARN  impl.MetricRegistriesImpl (MetricRegistriesImpl.java:lambda$create$1(61)) - First MetricRegistry has been created without registering reporters. You may need to call MetricRegistries.global().addReportRegistration(...) before.
2019-11-15 04:24:48,496 [pool-559-thread-1] WARN  impl.MetricRegistriesImpl (MetricRegistriesImpl.java:lambda$create$1(61)) - First MetricRegistry has been created without registering reporters. You may need to call MetricRegistries.global().addReportRegistration(...) before.
2019-11-15 04:24:48,496 [pool-559-thread-1] INFO  impl.RaftServerImpl (RaftServerImpl.java:start(184)) - ed7fcdca-26e4-49e6-a038-f4a6d52e370d@group-903109CB5148: start as a follower, conf=-1: [ed7fcdca-26e4-49e6-a038-f4a6d52e370d:192.168.34.61:44989], old=null
2019-11-15 04:24:48,496 [pool-559-thread-1] INFO  impl.RaftServerImpl (RaftServerImpl.java:setRole(173)) - ed7fcdca-26e4-49e6-a038-f4a6d52e370d@group-903109CB5148: changes role from      null to FOLLOWER at term 0 for startAsFollower
2019-11-15 04:24:48,496 [pool-559-thread-1] INFO  impl.RoleInfo (RoleInfo.java:updateAndGet(143)) - ed7fcdca-26e4-49e6-a038-f4a6d52e370d: start FollowerState
2019-11-15 04:24:48,497 [pool-559-thread-1] INFO  util.JmxRegister (JmxRegister.java:tryRegister(44)) - Successfully registered JMX Bean with object name Ratis:service=RaftServer,group=group-903109CB5148,id=ed7fcdca-26e4-49e6-a038-f4a6d52e370d
2019-11-15 04:24:48,497 [pool-559-thread-1] WARN  impl.MetricRegistriesImpl (MetricRegistriesImpl.java:lambda$create$1(61)) - First MetricRegistry has been created without registering reporters. You may need to call MetricRegistries.global().addReportRegistration(...) before.
2019-11-15 04:24:48,497 [Command processor thread] INFO  commandhandler.CreatePipelineCommandHandler (CreatePipelineCommandHandler.java:handle(86)) - Create Pipeline RATIS ONE #id: "f689922b-b186-40f1-ad6a-903109cb5148"
 command succeed on datanode ed7fcdca-26e4-49e6-a038-f4a6d52e370d.
2019-11-15 04:24:48,500 [Command processor thread] INFO  impl.RaftServerProxy (RaftServerProxy.java:addNew(89)) - ed7fcdca-26e4-49e6-a038-f4a6d52e370d: addNew group-1F0597F7C030:[64e09b31-9ee8-424d-be17-3e0ab51a0c68:192.168.34.61:46300, a0798825-8ead-4df5-a6ef-f7c35f311519:192.168.34.61:36951, ed7fcdca-26e4-49e6-a038-f4a6d52e370d:192.168.34.61:44989] returns group-1F0597F7C030:java.util.concurrent.CompletableFuture@6b08bcfd[Not completed]
2019-11-15 04:24:48,501 [EventQueue-PipelineReportForPipelineReportHandler] INFO  pipeline.PipelineReportHandler (PipelineReportHandler.java:processPipelineReport(113)) - Pipeline ONE PipelineID=f689922b-b186-40f1-ad6a-903109cb5148 reported by ed7fcdca-26e4-49e6-a038-f4a6d52e370d{ip: 192.168.34.61, host: trunk-nightly-20191115-sgx8w-1801196118, networkLocation: /rack1, certSerialId: null}
2019-11-15 04:24:48,501 [EventQueue-PipelineReportForPipelineReportHandler] INFO  pipeline.PipelineStateManager (PipelineStateManager.java:openPipeline(132)) - Pipeline Pipeline[ Id: f689922b-b186-40f1-ad6a-903109cb5148, Nodes: ed7fcdca-26e4-49e6-a038-f4a6d52e370d{ip: 192.168.34.61, host: trunk-nightly-20191115-sgx8w-1801196118, networkLocation: /rack1, certSerialId: null}, Type:RATIS, Factor:ONE, State:ALLOCATED] moved to OPEN state
2019-11-15 04:24:48,501 [pool-559-thread-1] INFO  impl.RaftServerImpl (RaftServerImpl.java:<init>(98)) - ed7fcdca-26e4-49e6-a038-f4a6d52e370d: new RaftServerImpl for group-1F0597F7C030:[64e09b31-9ee8-424d-be17-3e0ab51a0c68:192.168.34.61:46300, a0798825-8ead-4df5-a6ef-f7c35f311519:192.168.34.61:36951, ed7fcdca-26e4-49e6-a038-f4a6d52e370d:192.168.34.61:44989] with ContainerStateMachine:uninitialized
2019-11-15 04:24:48,501 [pool-559-thread-1] INFO  server.RaftServerConfigKeys (ConfUtils.java:logGet(43)) - raft.server.rpc.timeout.min = 1s (custom)
2019-11-15 04:24:48,501 [EventQueue-OpenPipelineForOneReplicaPipelineSafeModeRule] INFO  safemode.SCMSafeModeManager (SCMSafeModeManager.java:validateSafeModeExitRules(176)) - AtleastOneDatanodeReportedRule rule is successfully validated
2019-11-15 04:24:48,501 [EventQueue-OpenPipelineForHealthyPipelineSafeModeRule] INFO  safemode.SCMSafeModeManager (HealthyPipelineSafeModeRule.java:process(132)) - SCM in safe mode. Healthy pipelines reported count is 0, required healthy pipeline reported count is 1
2019-11-15 04:24:48,502 [pool-559-thread-1] INFO  server.RaftServerConfigKeys (ConfUtils.java:logGet(43)) - raft.server.rpc.timeout.max = 1200ms (custom)
2019-11-15 04:24:48,502 [pool-559-thread-1] INFO  server.RaftServerConfigKeys (ConfUtils.java:logGet(43)) - raft.server.rpcslowness.timeout = 120s (custom)
2019-11-15 04:24:48,502 [pool-559-thread-1] INFO  server.RaftServerConfigKeys (ConfUtils.java:logGet(43)) - raft.server.sleep.deviation.threshold = 300 (default)
2019-11-15 04:24:48,502 [pool-559-thread-1] INFO  server.RaftServerConfigKeys (ConfUtils.java:logGet(43)) - raft.server.log.appender.install.snapshot.enabled = false (custom)
2019-11-15 04:24:48,502 [pool-559-thread-1] INFO  impl.RaftServerImpl (ServerState.java:<init>(103)) - ed7fcdca-26e4-49e6-a038-f4a6d52e370d@group-1F0597F7C030: ConfigurationManager, init=-1: [64e09b31-9ee8-424d-be17-3e0ab51a0c68:192.168.34.61:46300, a0798825-8ead-4df5-a6ef-f7c35f311519:192.168.34.61:36951, ed7fcdca-26e4-49e6-a038-f4a6d52e370d:192.168.34.61:44989], old=null, confs=<EMPTY_MAP>
2019-11-15 04:24:48,502 [pool-559-thread-1] INFO  server.RaftServerConfigKeys (ConfUtils.java:logGet(43)) - raft.server.storage.dir = [/workdir/hadoop-ozone/integration-test/target/test-dir/MiniOzoneClusterImpl-b8077c48-d45a-4953-83b6-e1fc361e67bb/datanode-5/data/ratis] (custom)
2019-11-15 04:24:48,502 [pool-559-thread-1] INFO  server.RaftServerConfigKeys (ConfUtils.java:logGet(43)) - raft.server.log.corruption.policy = EXCEPTION (default)
2019-11-15 04:24:48,502 [pool-559-thread-1] INFO  storage.RaftStorageDirectory (RaftStorageDirectory.java:analyzeStorage(246)) - The storage directory /workdir/hadoop-ozone/integration-test/target/test-dir/MiniOzoneClusterImpl-b8077c48-d45a-4953-83b6-e1fc361e67bb/datanode-5/data/ratis/a346b2a8-df1e-4e24-b87e-1f0597f7c030 does not exist. Creating ...
2019-11-15 04:24:48,508 [pool-559-thread-1] INFO  storage.RaftStorageDirectory (RaftStorageDirectory.java:tryLock(328)) - Lock on /workdir/hadoop-ozone/integration-test/target/test-dir/MiniOzoneClusterImpl-b8077c48-d45a-4953-83b6-e1fc361e67bb/datanode-5/data/ratis/a346b2a8-df1e-4e24-b87e-1f0597f7c030/in_use.lock acquired by nodename 7542@trunk-nightly-20191115-sgx8w-1801196118
2019-11-15 04:24:48,520 [pool-559-thread-1] INFO  storage.RaftStorage (RaftStorage.java:format(84)) - Storage directory /workdir/hadoop-ozone/integration-test/target/test-dir/MiniOzoneClusterImpl-b8077c48-d45a-4953-83b6-e1fc361e67bb/datanode-5/data/ratis/a346b2a8-df1e-4e24-b87e-1f0597f7c030 has been successfully formatted.
2019-11-15 04:24:48,520 [pool-559-thread-1] INFO  ratis.ContainerStateMachine (ContainerStateMachine.java:loadSnapshot(223)) - group-1F0597F7C030: The snapshot info is null. Setting the last applied indexto:(t:0, i:~)
2019-11-15 04:24:48,521 [pool-559-thread-1] INFO  server.RaftServerConfigKeys (ConfUtils.java:logGet(43)) - raft.server.notification.no-leader.timeout = 120s (custom)
2019-11-15 04:24:48,521 [pool-559-thread-1] INFO  server.RaftServerConfigKeys (ConfUtils.java:logGet(43)) - raft.server.log.use.memory = false (default)
2019-11-15 04:24:48,521 [pool-559-thread-1] INFO  server.RaftServerConfigKeys (ConfUtils.java:logGet(43)) - raft.server.log.purge.gap = 1000000 (custom)
2019-11-15 04:24:48,521 [pool-559-thread-1] INFO  server.RaftServerConfigKeys (ConfUtils.java:logGet(43)) - raft.server.log.appender.buffer.byte-limit = 33554432 (custom)
2019-11-15 04:24:48,521 [pool-559-thread-1] INFO  server.RaftServerConfigKeys (ConfUtils.java:logGet(43)) - raft.server.log.segment.size.max = 1048576 (custom)
2019-11-15 04:24:48,521 [pool-559-thread-1] INFO  server.RaftServerConfigKeys (ConfUtils.java:logGet(43)) - raft.server.log.segment.cache.num.max = 2 (custom)
2019-11-15 04:24:48,521 [pool-559-thread-1] INFO  segmented.SegmentedRaftLogWorker (SegmentedRaftLogWorker.java:<init>(173)) - new ed7fcdca-26e4-49e6-a038-f4a6d52e370d@group-1F0597F7C030-SegmentedRaftLogWorker for RaftStorage:Storage Directory /workdir/hadoop-ozone/integration-test/target/test-dir/MiniOzoneClusterImpl-b8077c48-d45a-4953-83b6-e1fc361e67bb/datanode-5/data/ratis/a346b2a8-df1e-4e24-b87e-1f0597f7c030
2019-11-15 04:24:48,521 [pool-559-thread-1] INFO  server.RaftServerConfigKeys (ConfUtils.java:logGet(43)) - raft.server.log.queue.byte-limit = 2147483647 (custom)
2019-11-15 04:24:48,521 [pool-559-thread-1] INFO  server.RaftServerConfigKeys (ConfUtils.java:logGet(43)) - raft.server.log.queue.element-limit = 1024 (custom)
2019-11-15 04:24:48,521 [pool-559-thread-1] INFO  server.RaftServerConfigKeys (ConfUtils.java:logGet(43)) - raft.server.log.segment.size.max = 1048576 (custom)
2019-11-15 04:24:48,521 [pool-559-thread-1] INFO  server.RaftServerConfigKeys (ConfUtils.java:logGet(43)) - raft.server.log.preallocated.size = 16384 (custom)
2019-11-15 04:24:48,521 [pool-559-thread-1] INFO  server.RaftServerConfigKeys (ConfUtils.java:logGet(43)) - raft.server.log.write.buffer.size = 33554432 (custom)
2019-11-15 04:24:48,521 [pool-559-thread-1] INFO  server.RaftServerConfigKeys (ConfUtils.java:logGet(43)) - raft.server.log.force.sync.num = 128 (default)
2019-11-15 04:24:48,522 [pool-559-thread-1] INFO  server.RaftServerConfigKeys (ConfUtils.java:logGet(43)) - raft.server.log.statemachine.data.sync = true (default)
2019-11-15 04:24:48,522 [pool-559-thread-1] INFO  server.RaftServerConfigKeys (ConfUtils.java:logGet(43)) - raft.server.log.statemachine.data.sync.timeout = 10s (default)
2019-11-15 04:24:48,522 [pool-559-thread-1] INFO  server.RaftServerConfigKeys (ConfUtils.java:logGet(43)) - raft.server.log.statemachine.data.sync.timeout.retry = -1 (default)
2019-11-15 04:24:48,522 [pool-559-thread-1] INFO  server.RaftServerConfigKeys (ConfUtils.java:logGet(43)) - raft.server.log.statemachine.data.caching.enabled = true (custom)
2019-11-15 04:24:48,522 [pool-559-thread-1] INFO  segmented.SegmentedRaftLogWorker (SegmentedRaftLogWorker.java:lambda$new$0(128)) - ed7fcdca-26e4-49e6-a038-f4a6d52e370d@group-1F0597F7C030-SegmentedRaftLogWorker: flushIndex: setUnconditionally 0 -> -1
2019-11-15 04:24:48,522 [pool-559-thread-1] INFO  server.RaftServerConfigKeys (ConfUtils.java:logGet(43)) - raft.server.snapshot.auto.trigger.enabled = true (custom)
2019-11-15 04:24:48,522 [pool-559-thread-1] INFO  server.RaftServerConfigKeys (ConfUtils.java:logGet(43)) - raft.server.snapshot.auto.trigger.threshold = 10000 (custom)
2019-11-15 04:24:48,522 [pool-559-thread-1] INFO  server.RaftServerConfigKeys (ConfUtils.java:logGet(43)) - raft.server.snapshot.retention.file.num = 5 (custom)
2019-11-15 04:24:48,522 [pool-559-thread-1] INFO  server.RaftServerConfigKeys (ConfUtils.java:logGet(43)) - raft.server.retrycache.expirytime = 600000ms (custom)
2019-11-15 04:24:48,523 [pool-559-thread-1] WARN  impl.MetricRegistriesImpl (MetricRegistriesImpl.java:lambda$create$1(61)) - First MetricRegistry has been created without registering reporters. You may need to call MetricRegistries.global().addReportRegistration(...) before.
2019-11-15 04:24:48,523 [pool-559-thread-1] WARN  impl.MetricRegistriesImpl (MetricRegistriesImpl.java:lambda$create$1(61)) - First MetricRegistry has been created without registering reporters. You may need to call MetricRegistries.global().addReportRegistration(...) before.
2019-11-15 04:24:48,523 [pool-559-thread-1] INFO  impl.RaftServerImpl (RaftServerImpl.java:start(184)) - ed7fcdca-26e4-49e6-a038-f4a6d52e370d@group-1F0597F7C030: start as a follower, conf=-1: [64e09b31-9ee8-424d-be17-3e0ab51a0c68:192.168.34.61:46300, a0798825-8ead-4df5-a6ef-f7c35f311519:192.168.34.61:36951, ed7fcdca-26e4-49e6-a038-f4a6d52e370d:192.168.34.61:44989], old=null
2019-11-15 04:24:48,523 [pool-559-thread-1] INFO  impl.RaftServerImpl (RaftServerImpl.java:setRole(173)) - ed7fcdca-26e4-49e6-a038-f4a6d52e370d@group-1F0597F7C030: changes role from      null to FOLLOWER at term 0 for startAsFollower
2019-11-15 04:24:48,523 [pool-559-thread-1] INFO  impl.RoleInfo (RoleInfo.java:updateAndGet(143)) - ed7fcdca-26e4-49e6-a038-f4a6d52e370d: start FollowerState
2019-11-15 04:24:48,523 [pool-559-thread-1] INFO  util.JmxRegister (JmxRegister.java:tryRegister(44)) - Successfully registered JMX Bean with object name Ratis:service=RaftServer,group=group-1F0597F7C030,id=ed7fcdca-26e4-49e6-a038-f4a6d52e370d
2019-11-15 04:24:48,523 [pool-559-thread-1] WARN  impl.MetricRegistriesImpl (MetricRegistriesImpl.java:lambda$create$1(61)) - First MetricRegistry has been created without registering reporters. You may need to call MetricRegistries.global().addReportRegistration(...) before.
2019-11-15 04:24:48,524 [Command processor thread] INFO  commandhandler.CreatePipelineCommandHandler (CreatePipelineCommandHandler.java:handle(86)) - Create Pipeline RATIS THREE #id: "a346b2a8-df1e-4e24-b87e-1f0597f7c030"
 command succeed on datanode ed7fcdca-26e4-49e6-a038-f4a6d52e370d.
2019-11-15 04:24:48,525 [EventQueue-PipelineReportForPipelineReportHandler] INFO  pipeline.PipelineReportHandler (PipelineReportHandler.java:processPipelineReport(113)) - Pipeline THREE PipelineID=a346b2a8-df1e-4e24-b87e-1f0597f7c030 reported by ed7fcdca-26e4-49e6-a038-f4a6d52e370d{ip: 192.168.34.61, host: trunk-nightly-20191115-sgx8w-1801196118, networkLocation: /rack1, certSerialId: null}
2019-11-15 04:24:48,540 [Command processor thread] INFO  impl.RaftServerProxy (RaftServerProxy.java:addNew(89)) - ba7b154f-e59a-417b-969a-e8c75d4b6746: addNew group-3386C323F25D:[ba7b154f-e59a-417b-969a-e8c75d4b6746:192.168.34.61:40163] returns group-3386C323F25D:java.util.concurrent.CompletableFuture@5a5ba61c[Not completed]
2019-11-15 04:24:48,541 [pool-569-thread-1] INFO  impl.RaftServerImpl (RaftServerImpl.java:<init>(98)) - ba7b154f-e59a-417b-969a-e8c75d4b6746: new RaftServerImpl for group-3386C323F25D:[ba7b154f-e59a-417b-969a-e8c75d4b6746:192.168.34.61:40163] with ContainerStateMachine:uninitialized
2019-11-15 04:24:48,542 [pool-569-thread-1] INFO  server.RaftServerConfigKeys (ConfUtils.java:logGet(43)) - raft.server.rpc.timeout.min = 1s (custom)
2019-11-15 04:24:48,542 [pool-569-thread-1] INFO  server.RaftServerConfigKeys (ConfUtils.java:logGet(43)) - raft.server.rpc.timeout.max = 1200ms (custom)
2019-11-15 04:24:48,542 [pool-569-thread-1] INFO  server.RaftServerConfigKeys (ConfUtils.java:logGet(43)) - raft.server.rpcslowness.timeout = 120s (custom)
2019-11-15 04:24:48,542 [pool-569-thread-1] INFO  server.RaftServerConfigKeys (ConfUtils.java:logGet(43)) - raft.server.sleep.deviation.threshold = 300 (default)
2019-11-15 04:24:48,542 [pool-569-thread-1] INFO  server.RaftServerConfigKeys (ConfUtils.java:logGet(43)) - raft.server.log.appender.install.snapshot.enabled = false (custom)
2019-11-15 04:24:48,542 [pool-569-thread-1] INFO  impl.RaftServerImpl (ServerState.java:<init>(103)) - ba7b154f-e59a-417b-969a-e8c75d4b6746@group-3386C323F25D: ConfigurationManager, init=-1: [ba7b154f-e59a-417b-969a-e8c75d4b6746:192.168.34.61:40163], old=null, confs=<EMPTY_MAP>
2019-11-15 04:24:48,542 [pool-569-thread-1] INFO  server.RaftServerConfigKeys (ConfUtils.java:logGet(43)) - raft.server.storage.dir = [/workdir/hadoop-ozone/integration-test/target/test-dir/MiniOzoneClusterImpl-b8077c48-d45a-4953-83b6-e1fc361e67bb/datanode-6/data/ratis] (custom)
2019-11-15 04:24:48,542 [pool-569-thread-1] INFO  server.RaftServerConfigKeys (ConfUtils.java:logGet(43)) - raft.server.log.corruption.policy = EXCEPTION (default)
2019-11-15 04:24:48,542 [pool-569-thread-1] INFO  storage.RaftStorageDirectory (RaftStorageDirectory.java:analyzeStorage(246)) - The storage directory /workdir/hadoop-ozone/integration-test/target/test-dir/MiniOzoneClusterImpl-b8077c48-d45a-4953-83b6-e1fc361e67bb/datanode-6/data/ratis/42071279-1921-414c-9ce2-3386c323f25d does not exist. Creating ...
2019-11-15 04:24:48,554 [pool-569-thread-1] INFO  storage.RaftStorageDirectory (RaftStorageDirectory.java:tryLock(328)) - Lock on /workdir/hadoop-ozone/integration-test/target/test-dir/MiniOzoneClusterImpl-b8077c48-d45a-4953-83b6-e1fc361e67bb/datanode-6/data/ratis/42071279-1921-414c-9ce2-3386c323f25d/in_use.lock acquired by nodename 7542@trunk-nightly-20191115-sgx8w-1801196118
2019-11-15 04:24:48,558 [pool-569-thread-1] INFO  storage.RaftStorage (RaftStorage.java:format(84)) - Storage directory /workdir/hadoop-ozone/integration-test/target/test-dir/MiniOzoneClusterImpl-b8077c48-d45a-4953-83b6-e1fc361e67bb/datanode-6/data/ratis/42071279-1921-414c-9ce2-3386c323f25d has been successfully formatted.
2019-11-15 04:24:48,558 [pool-569-thread-1] INFO  ratis.ContainerStateMachine (ContainerStateMachine.java:loadSnapshot(223)) - group-3386C323F25D: The snapshot info is null. Setting the last applied indexto:(t:0, i:~)
2019-11-15 04:24:48,558 [pool-569-thread-1] INFO  server.RaftServerConfigKeys (ConfUtils.java:logGet(43)) - raft.server.notification.no-leader.timeout = 120s (custom)
2019-11-15 04:24:48,558 [pool-569-thread-1] INFO  server.RaftServerConfigKeys (ConfUtils.java:logGet(43)) - raft.server.log.use.memory = false (default)
2019-11-15 04:24:48,558 [pool-569-thread-1] INFO  server.RaftServerConfigKeys (ConfUtils.java:logGet(43)) - raft.server.log.purge.gap = 1000000 (custom)
2019-11-15 04:24:48,558 [pool-569-thread-1] INFO  server.RaftServerConfigKeys (ConfUtils.java:logGet(43)) - raft.server.log.appender.buffer.byte-limit = 33554432 (custom)
2019-11-15 04:24:48,559 [pool-569-thread-1] INFO  server.RaftServerConfigKeys (ConfUtils.java:logGet(43)) - raft.server.log.segment.size.max = 1048576 (custom)
2019-11-15 04:24:48,559 [pool-569-thread-1] WARN  impl.MetricRegistriesImpl (MetricRegistriesImpl.java:lambda$create$1(61)) - First MetricRegistry has been created without registering reporters. You may need to call MetricRegistries.global().addReportRegistration(...) before.
2019-11-15 04:24:48,559 [pool-569-thread-1] INFO  server.RaftServerConfigKeys (ConfUtils.java:logGet(43)) - raft.server.log.segment.cache.num.max = 2 (custom)
2019-11-15 04:24:48,559 [pool-569-thread-1] INFO  segmented.SegmentedRaftLogWorker (SegmentedRaftLogWorker.java:<init>(173)) - new ba7b154f-e59a-417b-969a-e8c75d4b6746@group-3386C323F25D-SegmentedRaftLogWorker for RaftStorage:Storage Directory /workdir/hadoop-ozone/integration-test/target/test-dir/MiniOzoneClusterImpl-b8077c48-d45a-4953-83b6-e1fc361e67bb/datanode-6/data/ratis/42071279-1921-414c-9ce2-3386c323f25d
2019-11-15 04:24:48,559 [pool-569-thread-1] INFO  server.RaftServerConfigKeys (ConfUtils.java:logGet(43)) - raft.server.log.queue.byte-limit = 2147483647 (custom)
2019-11-15 04:24:48,559 [pool-569-thread-1] INFO  server.RaftServerConfigKeys (ConfUtils.java:logGet(43)) - raft.server.log.queue.element-limit = 1024 (custom)
2019-11-15 04:24:48,559 [pool-569-thread-1] INFO  server.RaftServerConfigKeys (ConfUtils.java:logGet(43)) - raft.server.log.segment.size.max = 1048576 (custom)
2019-11-15 04:24:48,559 [pool-569-thread-1] INFO  server.RaftServerConfigKeys (ConfUtils.java:logGet(43)) - raft.server.log.preallocated.size = 16384 (custom)
2019-11-15 04:24:48,559 [pool-569-thread-1] INFO  server.RaftServerConfigKeys (ConfUtils.java:logGet(43)) - raft.server.log.write.buffer.size = 33554432 (custom)
2019-11-15 04:24:48,559 [pool-569-thread-1] INFO  server.RaftServerConfigKeys (ConfUtils.java:logGet(43)) - raft.server.log.force.sync.num = 128 (default)
2019-11-15 04:24:48,559 [pool-569-thread-1] INFO  server.RaftServerConfigKeys (ConfUtils.java:logGet(43)) - raft.server.log.statemachine.data.sync = true (default)
2019-11-15 04:24:48,559 [pool-569-thread-1] INFO  server.RaftServerConfigKeys (ConfUtils.java:logGet(43)) - raft.server.log.statemachine.data.sync.timeout = 10s (default)
2019-11-15 04:24:48,560 [pool-569-thread-1] INFO  server.RaftServerConfigKeys (ConfUtils.java:logGet(43)) - raft.server.log.statemachine.data.sync.timeout.retry = -1 (default)
2019-11-15 04:24:48,560 [pool-569-thread-1] INFO  server.RaftServerConfigKeys (ConfUtils.java:logGet(43)) - raft.server.log.statemachine.data.caching.enabled = true (custom)
2019-11-15 04:24:48,560 [pool-569-thread-1] INFO  segmented.SegmentedRaftLogWorker (SegmentedRaftLogWorker.java:lambda$new$0(128)) - ba7b154f-e59a-417b-969a-e8c75d4b6746@group-3386C323F25D-SegmentedRaftLogWorker: flushIndex: setUnconditionally 0 -> -1
2019-11-15 04:24:48,561 [pool-569-thread-1] INFO  server.RaftServerConfigKeys (ConfUtils.java:logGet(43)) - raft.server.snapshot.auto.trigger.enabled = true (custom)
2019-11-15 04:24:48,561 [pool-569-thread-1] INFO  server.RaftServerConfigKeys (ConfUtils.java:logGet(43)) - raft.server.snapshot.auto.trigger.threshold = 10000 (custom)
2019-11-15 04:24:48,561 [pool-569-thread-1] INFO  server.RaftServerConfigKeys (ConfUtils.java:logGet(43)) - raft.server.snapshot.retention.file.num = 5 (custom)
2019-11-15 04:24:48,561 [pool-569-thread-1] INFO  server.RaftServerConfigKeys (ConfUtils.java:logGet(43)) - raft.server.retrycache.expirytime = 600000ms (custom)
2019-11-15 04:24:48,561 [pool-569-thread-1] WARN  impl.MetricRegistriesImpl (MetricRegistriesImpl.java:lambda$create$1(61)) - First MetricRegistry has been created without registering reporters. You may need to call MetricRegistries.global().addReportRegistration(...) before.
2019-11-15 04:24:48,561 [pool-569-thread-1] WARN  impl.MetricRegistriesImpl (MetricRegistriesImpl.java:lambda$create$1(61)) - First MetricRegistry has been created without registering reporters. You may need to call MetricRegistries.global().addReportRegistration(...) before.
2019-11-15 04:24:48,561 [pool-569-thread-1] INFO  impl.RaftServerImpl (RaftServerImpl.java:start(184)) - ba7b154f-e59a-417b-969a-e8c75d4b6746@group-3386C323F25D: start as a follower, conf=-1: [ba7b154f-e59a-417b-969a-e8c75d4b6746:192.168.34.61:40163], old=null
2019-11-15 04:24:48,561 [pool-569-thread-1] INFO  impl.RaftServerImpl (RaftServerImpl.java:setRole(173)) - ba7b154f-e59a-417b-969a-e8c75d4b6746@group-3386C323F25D: changes role from      null to FOLLOWER at term 0 for startAsFollower
2019-11-15 04:24:48,561 [pool-569-thread-1] INFO  impl.RoleInfo (RoleInfo.java:updateAndGet(143)) - ba7b154f-e59a-417b-969a-e8c75d4b6746: start FollowerState
2019-11-15 04:24:48,562 [pool-569-thread-1] INFO  util.JmxRegister (JmxRegister.java:tryRegister(44)) - Successfully registered JMX Bean with object name Ratis:service=RaftServer,group=group-3386C323F25D,id=ba7b154f-e59a-417b-969a-e8c75d4b6746
2019-11-15 04:24:48,562 [pool-569-thread-1] WARN  impl.MetricRegistriesImpl (MetricRegistriesImpl.java:lambda$create$1(61)) - First MetricRegistry has been created without registering reporters. You may need to call MetricRegistries.global().addReportRegistration(...) before.
2019-11-15 04:24:48,562 [Command processor thread] INFO  commandhandler.CreatePipelineCommandHandler (CreatePipelineCommandHandler.java:handle(86)) - Create Pipeline RATIS ONE #id: "42071279-1921-414c-9ce2-3386c323f25d"
 command succeed on datanode ba7b154f-e59a-417b-969a-e8c75d4b6746.
2019-11-15 04:24:48,568 [Command processor thread] INFO  impl.RaftServerProxy (RaftServerProxy.java:addNew(89)) - ba7b154f-e59a-417b-969a-e8c75d4b6746: addNew group-C3E515194F35:[ba7b154f-e59a-417b-969a-e8c75d4b6746:192.168.34.61:40163, ddd86f17-0fb6-44dc-8f8a-1b8ddc68cc7e:192.168.34.61:37754, 8e34abce-4df2-4d13-822a-b9906190a447:192.168.34.61:34382] returns group-C3E515194F35:java.util.concurrent.CompletableFuture@5e64398f[Not completed]
2019-11-15 04:24:48,569 [EventQueue-PipelineReportForPipelineReportHandler] INFO  pipeline.PipelineReportHandler (PipelineReportHandler.java:processPipelineReport(113)) - Pipeline ONE PipelineID=42071279-1921-414c-9ce2-3386c323f25d reported by ba7b154f-e59a-417b-969a-e8c75d4b6746{ip: 192.168.34.61, host: trunk-nightly-20191115-sgx8w-1801196118, networkLocation: /rack1, certSerialId: null}
2019-11-15 04:24:48,569 [EventQueue-PipelineReportForPipelineReportHandler] INFO  pipeline.PipelineStateManager (PipelineStateManager.java:openPipeline(132)) - Pipeline Pipeline[ Id: 42071279-1921-414c-9ce2-3386c323f25d, Nodes: ba7b154f-e59a-417b-969a-e8c75d4b6746{ip: 192.168.34.61, host: trunk-nightly-20191115-sgx8w-1801196118, networkLocation: /rack1, certSerialId: null}, Type:RATIS, Factor:ONE, State:ALLOCATED] moved to OPEN state
2019-11-15 04:24:48,569 [EventQueue-OpenPipelineForHealthyPipelineSafeModeRule] INFO  safemode.SCMSafeModeManager (HealthyPipelineSafeModeRule.java:process(132)) - SCM in safe mode. Healthy pipelines reported count is 0, required healthy pipeline reported count is 1
2019-11-15 04:24:48,569 [EventQueue-OpenPipelineForOneReplicaPipelineSafeModeRule] INFO  safemode.SCMSafeModeManager (SCMSafeModeManager.java:validateSafeModeExitRules(176)) - AtleastOneDatanodeReportedRule rule is successfully validated
2019-11-15 04:24:48,569 [pool-569-thread-1] INFO  impl.RaftServerImpl (RaftServerImpl.java:<init>(98)) - ba7b154f-e59a-417b-969a-e8c75d4b6746: new RaftServerImpl for group-C3E515194F35:[ba7b154f-e59a-417b-969a-e8c75d4b6746:192.168.34.61:40163, ddd86f17-0fb6-44dc-8f8a-1b8ddc68cc7e:192.168.34.61:37754, 8e34abce-4df2-4d13-822a-b9906190a447:192.168.34.61:34382] with ContainerStateMachine:uninitialized
2019-11-15 04:24:48,569 [pool-569-thread-1] INFO  server.RaftServerConfigKeys (ConfUtils.java:logGet(43)) - raft.server.rpc.timeout.min = 1s (custom)
2019-11-15 04:24:48,570 [pool-569-thread-1] INFO  server.RaftServerConfigKeys (ConfUtils.java:logGet(43)) - raft.server.rpc.timeout.max = 1200ms (custom)
2019-11-15 04:24:48,570 [pool-569-thread-1] INFO  server.RaftServerConfigKeys (ConfUtils.java:logGet(43)) - raft.server.rpcslowness.timeout = 120s (custom)
2019-11-15 04:24:48,570 [pool-569-thread-1] INFO  server.RaftServerConfigKeys (ConfUtils.java:logGet(43)) - raft.server.sleep.deviation.threshold = 300 (default)
2019-11-15 04:24:48,570 [pool-569-thread-1] INFO  server.RaftServerConfigKeys (ConfUtils.java:logGet(43)) - raft.server.log.appender.install.snapshot.enabled = false (custom)
2019-11-15 04:24:48,570 [pool-569-thread-1] INFO  impl.RaftServerImpl (ServerState.java:<init>(103)) - ba7b154f-e59a-417b-969a-e8c75d4b6746@group-C3E515194F35: ConfigurationManager, init=-1: [ba7b154f-e59a-417b-969a-e8c75d4b6746:192.168.34.61:40163, ddd86f17-0fb6-44dc-8f8a-1b8ddc68cc7e:192.168.34.61:37754, 8e34abce-4df2-4d13-822a-b9906190a447:192.168.34.61:34382], old=null, confs=<EMPTY_MAP>
2019-11-15 04:24:48,570 [pool-569-thread-1] INFO  server.RaftServerConfigKeys (ConfUtils.java:logGet(43)) - raft.server.storage.dir = [/workdir/hadoop-ozone/integration-test/target/test-dir/MiniOzoneClusterImpl-b8077c48-d45a-4953-83b6-e1fc361e67bb/datanode-6/data/ratis] (custom)
2019-11-15 04:24:48,570 [pool-569-thread-1] INFO  server.RaftServerConfigKeys (ConfUtils.java:logGet(43)) - raft.server.log.corruption.policy = EXCEPTION (default)
2019-11-15 04:24:48,571 [pool-569-thread-1] INFO  storage.RaftStorageDirectory (RaftStorageDirectory.java:analyzeStorage(246)) - The storage directory /workdir/hadoop-ozone/integration-test/target/test-dir/MiniOzoneClusterImpl-b8077c48-d45a-4953-83b6-e1fc361e67bb/datanode-6/data/ratis/94ea20d5-f2f7-4c51-9fa4-c3e515194f35 does not exist. Creating ...
2019-11-15 04:24:48,579 [pool-569-thread-1] INFO  storage.RaftStorageDirectory (RaftStorageDirectory.java:tryLock(328)) - Lock on /workdir/hadoop-ozone/integration-test/target/test-dir/MiniOzoneClusterImpl-b8077c48-d45a-4953-83b6-e1fc361e67bb/datanode-6/data/ratis/94ea20d5-f2f7-4c51-9fa4-c3e515194f35/in_use.lock acquired by nodename 7542@trunk-nightly-20191115-sgx8w-1801196118
2019-11-15 04:24:48,592 [pool-569-thread-1] INFO  storage.RaftStorage (RaftStorage.java:format(84)) - Storage directory /workdir/hadoop-ozone/integration-test/target/test-dir/MiniOzoneClusterImpl-b8077c48-d45a-4953-83b6-e1fc361e67bb/datanode-6/data/ratis/94ea20d5-f2f7-4c51-9fa4-c3e515194f35 has been successfully formatted.
2019-11-15 04:24:48,592 [pool-569-thread-1] INFO  ratis.ContainerStateMachine (ContainerStateMachine.java:loadSnapshot(223)) - group-C3E515194F35: The snapshot info is null. Setting the last applied indexto:(t:0, i:~)
2019-11-15 04:24:48,593 [pool-569-thread-1] INFO  server.RaftServerConfigKeys (ConfUtils.java:logGet(43)) - raft.server.notification.no-leader.timeout = 120s (custom)
2019-11-15 04:24:48,593 [pool-569-thread-1] INFO  server.RaftServerConfigKeys (ConfUtils.java:logGet(43)) - raft.server.log.use.memory = false (default)
2019-11-15 04:24:48,593 [pool-569-thread-1] INFO  server.RaftServerConfigKeys (ConfUtils.java:logGet(43)) - raft.server.log.purge.gap = 1000000 (custom)
2019-11-15 04:24:48,593 [pool-569-thread-1] INFO  server.RaftServerConfigKeys (ConfUtils.java:logGet(43)) - raft.server.log.appender.buffer.byte-limit = 33554432 (custom)
2019-11-15 04:24:48,593 [pool-569-thread-1] INFO  server.RaftServerConfigKeys (ConfUtils.java:logGet(43)) - raft.server.log.segment.size.max = 1048576 (custom)
2019-11-15 04:24:48,593 [pool-569-thread-1] INFO  server.RaftServerConfigKeys (ConfUtils.java:logGet(43)) - raft.server.log.segment.cache.num.max = 2 (custom)
2019-11-15 04:24:48,593 [pool-569-thread-1] INFO  segmented.SegmentedRaftLogWorker (SegmentedRaftLogWorker.java:<init>(173)) - new ba7b154f-e59a-417b-969a-e8c75d4b6746@group-C3E515194F35-SegmentedRaftLogWorker for RaftStorage:Storage Directory /workdir/hadoop-ozone/integration-test/target/test-dir/MiniOzoneClusterImpl-b8077c48-d45a-4953-83b6-e1fc361e67bb/datanode-6/data/ratis/94ea20d5-f2f7-4c51-9fa4-c3e515194f35
2019-11-15 04:24:48,593 [pool-569-thread-1] INFO  server.RaftServerConfigKeys (ConfUtils.java:logGet(43)) - raft.server.log.queue.byte-limit = 2147483647 (custom)
2019-11-15 04:24:48,593 [pool-569-thread-1] INFO  server.RaftServerConfigKeys (ConfUtils.java:logGet(43)) - raft.server.log.queue.element-limit = 1024 (custom)
2019-11-15 04:24:48,593 [pool-569-thread-1] INFO  server.RaftServerConfigKeys (ConfUtils.java:logGet(43)) - raft.server.log.segment.size.max = 1048576 (custom)
2019-11-15 04:24:48,593 [pool-569-thread-1] INFO  server.RaftServerConfigKeys (ConfUtils.java:logGet(43)) - raft.server.log.preallocated.size = 16384 (custom)
2019-11-15 04:24:48,594 [pool-569-thread-1] INFO  server.RaftServerConfigKeys (ConfUtils.java:logGet(43)) - raft.server.log.write.buffer.size = 33554432 (custom)
2019-11-15 04:24:48,594 [pool-569-thread-1] INFO  server.RaftServerConfigKeys (ConfUtils.java:logGet(43)) - raft.server.log.force.sync.num = 128 (default)
2019-11-15 04:24:48,594 [pool-569-thread-1] INFO  server.RaftServerConfigKeys (ConfUtils.java:logGet(43)) - raft.server.log.statemachine.data.sync = true (default)
2019-11-15 04:24:48,594 [pool-569-thread-1] INFO  server.RaftServerConfigKeys (ConfUtils.java:logGet(43)) - raft.server.log.statemachine.data.sync.timeout = 10s (default)
2019-11-15 04:24:48,594 [pool-569-thread-1] INFO  server.RaftServerConfigKeys (ConfUtils.java:logGet(43)) - raft.server.log.statemachine.data.sync.timeout.retry = -1 (default)
2019-11-15 04:24:48,594 [pool-569-thread-1] INFO  server.RaftServerConfigKeys (ConfUtils.java:logGet(43)) - raft.server.log.statemachine.data.caching.enabled = true (custom)
2019-11-15 04:24:48,594 [pool-569-thread-1] INFO  segmented.SegmentedRaftLogWorker (SegmentedRaftLogWorker.java:lambda$new$0(128)) - ba7b154f-e59a-417b-969a-e8c75d4b6746@group-C3E515194F35-SegmentedRaftLogWorker: flushIndex: setUnconditionally 0 -> -1
2019-11-15 04:24:48,594 [pool-569-thread-1] INFO  server.RaftServerConfigKeys (ConfUtils.java:logGet(43)) - raft.server.snapshot.auto.trigger.enabled = true (custom)
2019-11-15 04:24:48,595 [pool-569-thread-1] INFO  server.RaftServerConfigKeys (ConfUtils.java:logGet(43)) - raft.server.snapshot.auto.trigger.threshold = 10000 (custom)
2019-11-15 04:24:48,595 [pool-569-thread-1] INFO  server.RaftServerConfigKeys (ConfUtils.java:logGet(43)) - raft.server.snapshot.retention.file.num = 5 (custom)
2019-11-15 04:24:48,595 [pool-569-thread-1] INFO  server.RaftServerConfigKeys (ConfUtils.java:logGet(43)) - raft.server.retrycache.expirytime = 600000ms (custom)
2019-11-15 04:24:48,595 [pool-569-thread-1] WARN  impl.MetricRegistriesImpl (MetricRegistriesImpl.java:lambda$create$1(61)) - First MetricRegistry has been created without registering reporters. You may need to call MetricRegistries.global().addReportRegistration(...) before.
2019-11-15 04:24:48,595 [pool-569-thread-1] WARN  impl.MetricRegistriesImpl (MetricRegistriesImpl.java:lambda$create$1(61)) - First MetricRegistry has been created without registering reporters. You may need to call MetricRegistries.global().addReportRegistration(...) before.
2019-11-15 04:24:48,595 [pool-569-thread-1] INFO  impl.RaftServerImpl (RaftServerImpl.java:start(184)) - ba7b154f-e59a-417b-969a-e8c75d4b6746@group-C3E515194F35: start as a follower, conf=-1: [ba7b154f-e59a-417b-969a-e8c75d4b6746:192.168.34.61:40163, ddd86f17-0fb6-44dc-8f8a-1b8ddc68cc7e:192.168.34.61:37754, 8e34abce-4df2-4d13-822a-b9906190a447:192.168.34.61:34382], old=null
2019-11-15 04:24:48,595 [pool-569-thread-1] INFO  impl.RaftServerImpl (RaftServerImpl.java:setRole(173)) - ba7b154f-e59a-417b-969a-e8c75d4b6746@group-C3E515194F35: changes role from      null to FOLLOWER at term 0 for startAsFollower
2019-11-15 04:24:48,595 [pool-569-thread-1] INFO  impl.RoleInfo (RoleInfo.java:updateAndGet(143)) - ba7b154f-e59a-417b-969a-e8c75d4b6746: start FollowerState
2019-11-15 04:24:48,596 [pool-569-thread-1] INFO  util.JmxRegister (JmxRegister.java:tryRegister(44)) - Successfully registered JMX Bean with object name Ratis:service=RaftServer,group=group-C3E515194F35,id=ba7b154f-e59a-417b-969a-e8c75d4b6746
2019-11-15 04:24:48,596 [pool-569-thread-1] WARN  impl.MetricRegistriesImpl (MetricRegistriesImpl.java:lambda$create$1(61)) - First MetricRegistry has been created without registering reporters. You may need to call MetricRegistries.global().addReportRegistration(...) before.
2019-11-15 04:24:48,596 [Command processor thread] INFO  commandhandler.CreatePipelineCommandHandler (CreatePipelineCommandHandler.java:handle(86)) - Create Pipeline RATIS THREE #id: "94ea20d5-f2f7-4c51-9fa4-c3e515194f35"
 command succeed on datanode ba7b154f-e59a-417b-969a-e8c75d4b6746.
2019-11-15 04:24:48,597 [EventQueue-PipelineReportForPipelineReportHandler] INFO  pipeline.PipelineReportHandler (PipelineReportHandler.java:processPipelineReport(113)) - Pipeline THREE PipelineID=94ea20d5-f2f7-4c51-9fa4-c3e515194f35 reported by ba7b154f-e59a-417b-969a-e8c75d4b6746{ip: 192.168.34.61, host: trunk-nightly-20191115-sgx8w-1801196118, networkLocation: /rack1, certSerialId: null}
2019-11-15 04:24:48,604 [Command processor thread] INFO  impl.RaftServerProxy (RaftServerProxy.java:addNew(89)) - ddd86f17-0fb6-44dc-8f8a-1b8ddc68cc7e: addNew group-53F961436BB0:[ddd86f17-0fb6-44dc-8f8a-1b8ddc68cc7e:192.168.34.61:37754] returns group-53F961436BB0:java.util.concurrent.CompletableFuture@71d1865f[Not completed]
2019-11-15 04:24:48,605 [pool-579-thread-1] INFO  impl.RaftServerImpl (RaftServerImpl.java:<init>(98)) - ddd86f17-0fb6-44dc-8f8a-1b8ddc68cc7e: new RaftServerImpl for group-53F961436BB0:[ddd86f17-0fb6-44dc-8f8a-1b8ddc68cc7e:192.168.34.61:37754] with ContainerStateMachine:uninitialized
2019-11-15 04:24:48,605 [pool-579-thread-1] INFO  server.RaftServerConfigKeys (ConfUtils.java:logGet(43)) - raft.server.rpc.timeout.min = 1s (custom)
2019-11-15 04:24:48,605 [pool-579-thread-1] INFO  server.RaftServerConfigKeys (ConfUtils.java:logGet(43)) - raft.server.rpc.timeout.max = 1200ms (custom)
2019-11-15 04:24:48,605 [pool-579-thread-1] INFO  server.RaftServerConfigKeys (ConfUtils.java:logGet(43)) - raft.server.rpcslowness.timeout = 120s (custom)
2019-11-15 04:24:48,605 [pool-579-thread-1] INFO  server.RaftServerConfigKeys (ConfUtils.java:logGet(43)) - raft.server.sleep.deviation.threshold = 300 (default)
2019-11-15 04:24:48,606 [pool-579-thread-1] INFO  server.RaftServerConfigKeys (ConfUtils.java:logGet(43)) - raft.server.log.appender.install.snapshot.enabled = false (custom)
2019-11-15 04:24:48,606 [pool-579-thread-1] INFO  impl.RaftServerImpl (ServerState.java:<init>(103)) - ddd86f17-0fb6-44dc-8f8a-1b8ddc68cc7e@group-53F961436BB0: ConfigurationManager, init=-1: [ddd86f17-0fb6-44dc-8f8a-1b8ddc68cc7e:192.168.34.61:37754], old=null, confs=<EMPTY_MAP>
2019-11-15 04:24:48,606 [pool-579-thread-1] INFO  server.RaftServerConfigKeys (ConfUtils.java:logGet(43)) - raft.server.storage.dir = [/workdir/hadoop-ozone/integration-test/target/test-dir/MiniOzoneClusterImpl-b8077c48-d45a-4953-83b6-e1fc361e67bb/datanode-7/data/ratis] (custom)
2019-11-15 04:24:48,606 [pool-579-thread-1] INFO  server.RaftServerConfigKeys (ConfUtils.java:logGet(43)) - raft.server.log.corruption.policy = EXCEPTION (default)
2019-11-15 04:24:48,606 [pool-579-thread-1] INFO  storage.RaftStorageDirectory (RaftStorageDirectory.java:analyzeStorage(246)) - The storage directory /workdir/hadoop-ozone/integration-test/target/test-dir/MiniOzoneClusterImpl-b8077c48-d45a-4953-83b6-e1fc361e67bb/datanode-7/data/ratis/de40b1db-f1ee-4a94-a0da-53f961436bb0 does not exist. Creating ...
2019-11-15 04:24:48,612 [pool-579-thread-1] INFO  storage.RaftStorageDirectory (RaftStorageDirectory.java:tryLock(328)) - Lock on /workdir/hadoop-ozone/integration-test/target/test-dir/MiniOzoneClusterImpl-b8077c48-d45a-4953-83b6-e1fc361e67bb/datanode-7/data/ratis/de40b1db-f1ee-4a94-a0da-53f961436bb0/in_use.lock acquired by nodename 7542@trunk-nightly-20191115-sgx8w-1801196118
2019-11-15 04:24:48,626 [pool-579-thread-1] INFO  storage.RaftStorage (RaftStorage.java:format(84)) - Storage directory /workdir/hadoop-ozone/integration-test/target/test-dir/MiniOzoneClusterImpl-b8077c48-d45a-4953-83b6-e1fc361e67bb/datanode-7/data/ratis/de40b1db-f1ee-4a94-a0da-53f961436bb0 has been successfully formatted.
2019-11-15 04:24:48,626 [pool-579-thread-1] INFO  ratis.ContainerStateMachine (ContainerStateMachine.java:loadSnapshot(223)) - group-53F961436BB0: The snapshot info is null. Setting the last applied indexto:(t:0, i:~)
2019-11-15 04:24:48,626 [pool-579-thread-1] INFO  server.RaftServerConfigKeys (ConfUtils.java:logGet(43)) - raft.server.notification.no-leader.timeout = 120s (custom)
2019-11-15 04:24:48,626 [pool-579-thread-1] INFO  server.RaftServerConfigKeys (ConfUtils.java:logGet(43)) - raft.server.log.use.memory = false (default)
2019-11-15 04:24:48,626 [pool-579-thread-1] INFO  server.RaftServerConfigKeys (ConfUtils.java:logGet(43)) - raft.server.log.purge.gap = 1000000 (custom)
2019-11-15 04:24:48,626 [pool-579-thread-1] INFO  server.RaftServerConfigKeys (ConfUtils.java:logGet(43)) - raft.server.log.appender.buffer.byte-limit = 33554432 (custom)
2019-11-15 04:24:48,627 [pool-579-thread-1] INFO  server.RaftServerConfigKeys (ConfUtils.java:logGet(43)) - raft.server.log.segment.size.max = 1048576 (custom)
2019-11-15 04:24:48,627 [pool-579-thread-1] WARN  impl.MetricRegistriesImpl (MetricRegistriesImpl.java:lambda$create$1(61)) - First MetricRegistry has been created without registering reporters. You may need to call MetricRegistries.global().addReportRegistration(...) before.
2019-11-15 04:24:48,627 [pool-579-thread-1] INFO  server.RaftServerConfigKeys (ConfUtils.java:logGet(43)) - raft.server.log.segment.cache.num.max = 2 (custom)
2019-11-15 04:24:48,627 [pool-579-thread-1] INFO  segmented.SegmentedRaftLogWorker (SegmentedRaftLogWorker.java:<init>(173)) - new ddd86f17-0fb6-44dc-8f8a-1b8ddc68cc7e@group-53F961436BB0-SegmentedRaftLogWorker for RaftStorage:Storage Directory /workdir/hadoop-ozone/integration-test/target/test-dir/MiniOzoneClusterImpl-b8077c48-d45a-4953-83b6-e1fc361e67bb/datanode-7/data/ratis/de40b1db-f1ee-4a94-a0da-53f961436bb0
2019-11-15 04:24:48,627 [pool-579-thread-1] INFO  server.RaftServerConfigKeys (ConfUtils.java:logGet(43)) - raft.server.log.queue.byte-limit = 2147483647 (custom)
2019-11-15 04:24:48,627 [pool-579-thread-1] INFO  server.RaftServerConfigKeys (ConfUtils.java:logGet(43)) - raft.server.log.queue.element-limit = 1024 (custom)
2019-11-15 04:24:48,627 [pool-579-thread-1] INFO  server.RaftServerConfigKeys (ConfUtils.java:logGet(43)) - raft.server.log.segment.size.max = 1048576 (custom)
2019-11-15 04:24:48,627 [pool-579-thread-1] INFO  server.RaftServerConfigKeys (ConfUtils.java:logGet(43)) - raft.server.log.preallocated.size = 16384 (custom)
2019-11-15 04:24:48,627 [pool-579-thread-1] INFO  server.RaftServerConfigKeys (ConfUtils.java:logGet(43)) - raft.server.log.write.buffer.size = 33554432 (custom)
2019-11-15 04:24:48,627 [pool-579-thread-1] INFO  server.RaftServerConfigKeys (ConfUtils.java:logGet(43)) - raft.server.log.force.sync.num = 128 (default)
2019-11-15 04:24:48,627 [pool-579-thread-1] INFO  server.RaftServerConfigKeys (ConfUtils.java:logGet(43)) - raft.server.log.statemachine.data.sync = true (default)
2019-11-15 04:24:48,627 [pool-579-thread-1] INFO  server.RaftServerConfigKeys (ConfUtils.java:logGet(43)) - raft.server.log.statemachine.data.sync.timeout = 10s (default)
2019-11-15 04:24:48,627 [pool-579-thread-1] INFO  server.RaftServerConfigKeys (ConfUtils.java:logGet(43)) - raft.server.log.statemachine.data.sync.timeout.retry = -1 (default)
2019-11-15 04:24:48,628 [pool-579-thread-1] INFO  server.RaftServerConfigKeys (ConfUtils.java:logGet(43)) - raft.server.log.statemachine.data.caching.enabled = true (custom)
2019-11-15 04:24:48,628 [pool-579-thread-1] INFO  segmented.SegmentedRaftLogWorker (SegmentedRaftLogWorker.java:lambda$new$0(128)) - ddd86f17-0fb6-44dc-8f8a-1b8ddc68cc7e@group-53F961436BB0-SegmentedRaftLogWorker: flushIndex: setUnconditionally 0 -> -1
2019-11-15 04:24:48,628 [pool-579-thread-1] INFO  server.RaftServerConfigKeys (ConfUtils.java:logGet(43)) - raft.server.snapshot.auto.trigger.enabled = true (custom)
2019-11-15 04:24:48,628 [pool-579-thread-1] INFO  server.RaftServerConfigKeys (ConfUtils.java:logGet(43)) - raft.server.snapshot.auto.trigger.threshold = 10000 (custom)
2019-11-15 04:24:48,628 [pool-579-thread-1] INFO  server.RaftServerConfigKeys (ConfUtils.java:logGet(43)) - raft.server.snapshot.retention.file.num = 5 (custom)
2019-11-15 04:24:48,628 [pool-579-thread-1] INFO  server.RaftServerConfigKeys (ConfUtils.java:logGet(43)) - raft.server.retrycache.expirytime = 600000ms (custom)
2019-11-15 04:24:48,628 [pool-579-thread-1] WARN  impl.MetricRegistriesImpl (MetricRegistriesImpl.java:lambda$create$1(61)) - First MetricRegistry has been created without registering reporters. You may need to call MetricRegistries.global().addReportRegistration(...) before.
2019-11-15 04:24:48,629 [pool-579-thread-1] WARN  impl.MetricRegistriesImpl (MetricRegistriesImpl.java:lambda$create$1(61)) - First MetricRegistry has been created without registering reporters. You may need to call MetricRegistries.global().addReportRegistration(...) before.
2019-11-15 04:24:48,629 [pool-579-thread-1] INFO  impl.RaftServerImpl (RaftServerImpl.java:start(184)) - ddd86f17-0fb6-44dc-8f8a-1b8ddc68cc7e@group-53F961436BB0: start as a follower, conf=-1: [ddd86f17-0fb6-44dc-8f8a-1b8ddc68cc7e:192.168.34.61:37754], old=null
2019-11-15 04:24:48,629 [pool-579-thread-1] INFO  impl.RaftServerImpl (RaftServerImpl.java:setRole(173)) - ddd86f17-0fb6-44dc-8f8a-1b8ddc68cc7e@group-53F961436BB0: changes role from      null to FOLLOWER at term 0 for startAsFollower
2019-11-15 04:24:48,629 [pool-579-thread-1] INFO  impl.RoleInfo (RoleInfo.java:updateAndGet(143)) - ddd86f17-0fb6-44dc-8f8a-1b8ddc68cc7e: start FollowerState
2019-11-15 04:24:48,629 [pool-579-thread-1] INFO  util.JmxRegister (JmxRegister.java:tryRegister(44)) - Successfully registered JMX Bean with object name Ratis:service=RaftServer,group=group-53F961436BB0,id=ddd86f17-0fb6-44dc-8f8a-1b8ddc68cc7e
2019-11-15 04:24:48,629 [pool-579-thread-1] WARN  impl.MetricRegistriesImpl (MetricRegistriesImpl.java:lambda$create$1(61)) - First MetricRegistry has been created without registering reporters. You may need to call MetricRegistries.global().addReportRegistration(...) before.
2019-11-15 04:24:48,630 [Command processor thread] INFO  commandhandler.CreatePipelineCommandHandler (CreatePipelineCommandHandler.java:handle(86)) - Create Pipeline RATIS ONE #id: "de40b1db-f1ee-4a94-a0da-53f961436bb0"
 command succeed on datanode ddd86f17-0fb6-44dc-8f8a-1b8ddc68cc7e.
2019-11-15 04:24:48,633 [Command processor thread] INFO  impl.RaftServerProxy (RaftServerProxy.java:addNew(89)) - ddd86f17-0fb6-44dc-8f8a-1b8ddc68cc7e: addNew group-C3E515194F35:[ba7b154f-e59a-417b-969a-e8c75d4b6746:192.168.34.61:40163, ddd86f17-0fb6-44dc-8f8a-1b8ddc68cc7e:192.168.34.61:37754, 8e34abce-4df2-4d13-822a-b9906190a447:192.168.34.61:34382] returns group-C3E515194F35:java.util.concurrent.CompletableFuture@75ee1cbd[Not completed]
2019-11-15 04:24:48,633 [EventQueue-PipelineReportForPipelineReportHandler] INFO  pipeline.PipelineReportHandler (PipelineReportHandler.java:processPipelineReport(113)) - Pipeline ONE PipelineID=de40b1db-f1ee-4a94-a0da-53f961436bb0 reported by ddd86f17-0fb6-44dc-8f8a-1b8ddc68cc7e{ip: 192.168.34.61, host: trunk-nightly-20191115-sgx8w-1801196118, networkLocation: /rack1, certSerialId: null}
2019-11-15 04:24:48,633 [EventQueue-PipelineReportForPipelineReportHandler] INFO  pipeline.PipelineStateManager (PipelineStateManager.java:openPipeline(132)) - Pipeline Pipeline[ Id: de40b1db-f1ee-4a94-a0da-53f961436bb0, Nodes: ddd86f17-0fb6-44dc-8f8a-1b8ddc68cc7e{ip: 192.168.34.61, host: trunk-nightly-20191115-sgx8w-1801196118, networkLocation: /rack1, certSerialId: null}, Type:RATIS, Factor:ONE, State:ALLOCATED] moved to OPEN state
2019-11-15 04:24:48,634 [EventQueue-OpenPipelineForOneReplicaPipelineSafeModeRule] INFO  safemode.SCMSafeModeManager (SCMSafeModeManager.java:validateSafeModeExitRules(176)) - AtleastOneDatanodeReportedRule rule is successfully validated
2019-11-15 04:24:48,634 [EventQueue-OpenPipelineForHealthyPipelineSafeModeRule] INFO  safemode.SCMSafeModeManager (HealthyPipelineSafeModeRule.java:process(132)) - SCM in safe mode. Healthy pipelines reported count is 0, required healthy pipeline reported count is 1
2019-11-15 04:24:48,634 [pool-579-thread-1] INFO  impl.RaftServerImpl (RaftServerImpl.java:<init>(98)) - ddd86f17-0fb6-44dc-8f8a-1b8ddc68cc7e: new RaftServerImpl for group-C3E515194F35:[ba7b154f-e59a-417b-969a-e8c75d4b6746:192.168.34.61:40163, ddd86f17-0fb6-44dc-8f8a-1b8ddc68cc7e:192.168.34.61:37754, 8e34abce-4df2-4d13-822a-b9906190a447:192.168.34.61:34382] with ContainerStateMachine:uninitialized
2019-11-15 04:24:48,634 [pool-579-thread-1] INFO  server.RaftServerConfigKeys (ConfUtils.java:logGet(43)) - raft.server.rpc.timeout.min = 1s (custom)
2019-11-15 04:24:48,634 [pool-579-thread-1] INFO  server.RaftServerConfigKeys (ConfUtils.java:logGet(43)) - raft.server.rpc.timeout.max = 1200ms (custom)
2019-11-15 04:24:48,634 [pool-579-thread-1] INFO  server.RaftServerConfigKeys (ConfUtils.java:logGet(43)) - raft.server.rpcslowness.timeout = 120s (custom)
2019-11-15 04:24:48,634 [pool-579-thread-1] INFO  server.RaftServerConfigKeys (ConfUtils.java:logGet(43)) - raft.server.sleep.deviation.threshold = 300 (default)
2019-11-15 04:24:48,634 [pool-579-thread-1] INFO  server.RaftServerConfigKeys (ConfUtils.java:logGet(43)) - raft.server.log.appender.install.snapshot.enabled = false (custom)
2019-11-15 04:24:48,634 [pool-579-thread-1] INFO  impl.RaftServerImpl (ServerState.java:<init>(103)) - ddd86f17-0fb6-44dc-8f8a-1b8ddc68cc7e@group-C3E515194F35: ConfigurationManager, init=-1: [ba7b154f-e59a-417b-969a-e8c75d4b6746:192.168.34.61:40163, ddd86f17-0fb6-44dc-8f8a-1b8ddc68cc7e:192.168.34.61:37754, 8e34abce-4df2-4d13-822a-b9906190a447:192.168.34.61:34382], old=null, confs=<EMPTY_MAP>
2019-11-15 04:24:48,634 [pool-579-thread-1] INFO  server.RaftServerConfigKeys (ConfUtils.java:logGet(43)) - raft.server.storage.dir = [/workdir/hadoop-ozone/integration-test/target/test-dir/MiniOzoneClusterImpl-b8077c48-d45a-4953-83b6-e1fc361e67bb/datanode-7/data/ratis] (custom)
2019-11-15 04:24:48,635 [pool-579-thread-1] INFO  server.RaftServerConfigKeys (ConfUtils.java:logGet(43)) - raft.server.log.corruption.policy = EXCEPTION (default)
2019-11-15 04:24:48,635 [pool-579-thread-1] INFO  storage.RaftStorageDirectory (RaftStorageDirectory.java:analyzeStorage(246)) - The storage directory /workdir/hadoop-ozone/integration-test/target/test-dir/MiniOzoneClusterImpl-b8077c48-d45a-4953-83b6-e1fc361e67bb/datanode-7/data/ratis/94ea20d5-f2f7-4c51-9fa4-c3e515194f35 does not exist. Creating ...
2019-11-15 04:24:48,638 [pool-579-thread-1] INFO  storage.RaftStorageDirectory (RaftStorageDirectory.java:tryLock(328)) - Lock on /workdir/hadoop-ozone/integration-test/target/test-dir/MiniOzoneClusterImpl-b8077c48-d45a-4953-83b6-e1fc361e67bb/datanode-7/data/ratis/94ea20d5-f2f7-4c51-9fa4-c3e515194f35/in_use.lock acquired by nodename 7542@trunk-nightly-20191115-sgx8w-1801196118
2019-11-15 04:24:48,651 [pool-579-thread-1] INFO  storage.RaftStorage (RaftStorage.java:format(84)) - Storage directory /workdir/hadoop-ozone/integration-test/target/test-dir/MiniOzoneClusterImpl-b8077c48-d45a-4953-83b6-e1fc361e67bb/datanode-7/data/ratis/94ea20d5-f2f7-4c51-9fa4-c3e515194f35 has been successfully formatted.
2019-11-15 04:24:48,651 [pool-579-thread-1] INFO  ratis.ContainerStateMachine (ContainerStateMachine.java:loadSnapshot(223)) - group-C3E515194F35: The snapshot info is null. Setting the last applied indexto:(t:0, i:~)
2019-11-15 04:24:48,651 [pool-579-thread-1] INFO  server.RaftServerConfigKeys (ConfUtils.java:logGet(43)) - raft.server.notification.no-leader.timeout = 120s (custom)
2019-11-15 04:24:48,652 [pool-579-thread-1] INFO  server.RaftServerConfigKeys (ConfUtils.java:logGet(43)) - raft.server.log.use.memory = false (default)
2019-11-15 04:24:48,652 [pool-579-thread-1] INFO  server.RaftServerConfigKeys (ConfUtils.java:logGet(43)) - raft.server.log.purge.gap = 1000000 (custom)
2019-11-15 04:24:48,652 [pool-579-thread-1] INFO  server.RaftServerConfigKeys (ConfUtils.java:logGet(43)) - raft.server.log.appender.buffer.byte-limit = 33554432 (custom)
2019-11-15 04:24:48,652 [pool-579-thread-1] INFO  server.RaftServerConfigKeys (ConfUtils.java:logGet(43)) - raft.server.log.segment.size.max = 1048576 (custom)
2019-11-15 04:24:48,652 [pool-579-thread-1] INFO  server.RaftServerConfigKeys (ConfUtils.java:logGet(43)) - raft.server.log.segment.cache.num.max = 2 (custom)
2019-11-15 04:24:48,652 [pool-579-thread-1] INFO  segmented.SegmentedRaftLogWorker (SegmentedRaftLogWorker.java:<init>(173)) - new ddd86f17-0fb6-44dc-8f8a-1b8ddc68cc7e@group-C3E515194F35-SegmentedRaftLogWorker for RaftStorage:Storage Directory /workdir/hadoop-ozone/integration-test/target/test-dir/MiniOzoneClusterImpl-b8077c48-d45a-4953-83b6-e1fc361e67bb/datanode-7/data/ratis/94ea20d5-f2f7-4c51-9fa4-c3e515194f35
2019-11-15 04:24:48,652 [pool-579-thread-1] INFO  server.RaftServerConfigKeys (ConfUtils.java:logGet(43)) - raft.server.log.queue.byte-limit = 2147483647 (custom)
2019-11-15 04:24:48,652 [pool-579-thread-1] INFO  server.RaftServerConfigKeys (ConfUtils.java:logGet(43)) - raft.server.log.queue.element-limit = 1024 (custom)
2019-11-15 04:24:48,652 [pool-579-thread-1] INFO  server.RaftServerConfigKeys (ConfUtils.java:logGet(43)) - raft.server.log.segment.size.max = 1048576 (custom)
2019-11-15 04:24:48,652 [pool-579-thread-1] INFO  server.RaftServerConfigKeys (ConfUtils.java:logGet(43)) - raft.server.log.preallocated.size = 16384 (custom)
2019-11-15 04:24:48,652 [pool-579-thread-1] INFO  server.RaftServerConfigKeys (ConfUtils.java:logGet(43)) - raft.server.log.write.buffer.size = 33554432 (custom)
2019-11-15 04:24:48,652 [pool-579-thread-1] INFO  server.RaftServerConfigKeys (ConfUtils.java:logGet(43)) - raft.server.log.force.sync.num = 128 (default)
2019-11-15 04:24:48,652 [pool-579-thread-1] INFO  server.RaftServerConfigKeys (ConfUtils.java:logGet(43)) - raft.server.log.statemachine.data.sync = true (default)
2019-11-15 04:24:48,653 [pool-579-thread-1] INFO  server.RaftServerConfigKeys (ConfUtils.java:logGet(43)) - raft.server.log.statemachine.data.sync.timeout = 10s (default)
2019-11-15 04:24:48,653 [pool-579-thread-1] INFO  server.RaftServerConfigKeys (ConfUtils.java:logGet(43)) - raft.server.log.statemachine.data.sync.timeout.retry = -1 (default)
2019-11-15 04:24:48,653 [pool-579-thread-1] INFO  server.RaftServerConfigKeys (ConfUtils.java:logGet(43)) - raft.server.log.statemachine.data.caching.enabled = true (custom)
2019-11-15 04:24:48,653 [pool-579-thread-1] INFO  segmented.SegmentedRaftLogWorker (SegmentedRaftLogWorker.java:lambda$new$0(128)) - ddd86f17-0fb6-44dc-8f8a-1b8ddc68cc7e@group-C3E515194F35-SegmentedRaftLogWorker: flushIndex: setUnconditionally 0 -> -1
2019-11-15 04:24:48,653 [pool-579-thread-1] INFO  server.RaftServerConfigKeys (ConfUtils.java:logGet(43)) - raft.server.snapshot.auto.trigger.enabled = true (custom)
2019-11-15 04:24:48,653 [pool-579-thread-1] INFO  server.RaftServerConfigKeys (ConfUtils.java:logGet(43)) - raft.server.snapshot.auto.trigger.threshold = 10000 (custom)
2019-11-15 04:24:48,653 [pool-579-thread-1] INFO  server.RaftServerConfigKeys (ConfUtils.java:logGet(43)) - raft.server.snapshot.retention.file.num = 5 (custom)
2019-11-15 04:24:48,653 [pool-579-thread-1] INFO  server.RaftServerConfigKeys (ConfUtils.java:logGet(43)) - raft.server.retrycache.expirytime = 600000ms (custom)
2019-11-15 04:24:48,653 [pool-579-thread-1] WARN  impl.MetricRegistriesImpl (MetricRegistriesImpl.java:lambda$create$1(61)) - First MetricRegistry has been created without registering reporters. You may need to call MetricRegistries.global().addReportRegistration(...) before.
2019-11-15 04:24:48,654 [pool-579-thread-1] WARN  impl.MetricRegistriesImpl (MetricRegistriesImpl.java:lambda$create$1(61)) - First MetricRegistry has been created without registering reporters. You may need to call MetricRegistries.global().addReportRegistration(...) before.
2019-11-15 04:24:48,654 [pool-579-thread-1] INFO  impl.RaftServerImpl (RaftServerImpl.java:start(184)) - ddd86f17-0fb6-44dc-8f8a-1b8ddc68cc7e@group-C3E515194F35: start as a follower, conf=-1: [ba7b154f-e59a-417b-969a-e8c75d4b6746:192.168.34.61:40163, ddd86f17-0fb6-44dc-8f8a-1b8ddc68cc7e:192.168.34.61:37754, 8e34abce-4df2-4d13-822a-b9906190a447:192.168.34.61:34382], old=null
2019-11-15 04:24:48,654 [pool-579-thread-1] INFO  impl.RaftServerImpl (RaftServerImpl.java:setRole(173)) - ddd86f17-0fb6-44dc-8f8a-1b8ddc68cc7e@group-C3E515194F35: changes role from      null to FOLLOWER at term 0 for startAsFollower
2019-11-15 04:24:48,654 [pool-579-thread-1] INFO  impl.RoleInfo (RoleInfo.java:updateAndGet(143)) - ddd86f17-0fb6-44dc-8f8a-1b8ddc68cc7e: start FollowerState
2019-11-15 04:24:48,654 [pool-579-thread-1] INFO  util.JmxRegister (JmxRegister.java:tryRegister(44)) - Successfully registered JMX Bean with object name Ratis:service=RaftServer,group=group-C3E515194F35,id=ddd86f17-0fb6-44dc-8f8a-1b8ddc68cc7e
2019-11-15 04:24:48,654 [pool-579-thread-1] WARN  impl.MetricRegistriesImpl (MetricRegistriesImpl.java:lambda$create$1(61)) - First MetricRegistry has been created without registering reporters. You may need to call MetricRegistries.global().addReportRegistration(...) before.
2019-11-15 04:24:48,655 [Command processor thread] INFO  commandhandler.CreatePipelineCommandHandler (CreatePipelineCommandHandler.java:handle(86)) - Create Pipeline RATIS THREE #id: "94ea20d5-f2f7-4c51-9fa4-c3e515194f35"
 command succeed on datanode ddd86f17-0fb6-44dc-8f8a-1b8ddc68cc7e.
2019-11-15 04:24:48,655 [EventQueue-PipelineReportForPipelineReportHandler] INFO  pipeline.PipelineReportHandler (PipelineReportHandler.java:processPipelineReport(113)) - Pipeline THREE PipelineID=94ea20d5-f2f7-4c51-9fa4-c3e515194f35 reported by ddd86f17-0fb6-44dc-8f8a-1b8ddc68cc7e{ip: 192.168.34.61, host: trunk-nightly-20191115-sgx8w-1801196118, networkLocation: /rack1, certSerialId: null}
2019-11-15 04:24:48,669 [Command processor thread] INFO  impl.RaftServerProxy (RaftServerProxy.java:addNew(89)) - 8e34abce-4df2-4d13-822a-b9906190a447: addNew group-5128ECDAA3CD:[8e34abce-4df2-4d13-822a-b9906190a447:192.168.34.61:34382] returns group-5128ECDAA3CD:java.util.concurrent.CompletableFuture@3cc86b9b[Not completed]
2019-11-15 04:24:48,670 [pool-589-thread-1] INFO  impl.RaftServerImpl (RaftServerImpl.java:<init>(98)) - 8e34abce-4df2-4d13-822a-b9906190a447: new RaftServerImpl for group-5128ECDAA3CD:[8e34abce-4df2-4d13-822a-b9906190a447:192.168.34.61:34382] with ContainerStateMachine:uninitialized
2019-11-15 04:24:48,670 [pool-589-thread-1] INFO  server.RaftServerConfigKeys (ConfUtils.java:logGet(43)) - raft.server.rpc.timeout.min = 1s (custom)
2019-11-15 04:24:48,670 [pool-589-thread-1] INFO  server.RaftServerConfigKeys (ConfUtils.java:logGet(43)) - raft.server.rpc.timeout.max = 1200ms (custom)
2019-11-15 04:24:48,670 [pool-589-thread-1] INFO  server.RaftServerConfigKeys (ConfUtils.java:logGet(43)) - raft.server.rpcslowness.timeout = 120s (custom)
2019-11-15 04:24:48,670 [pool-589-thread-1] INFO  server.RaftServerConfigKeys (ConfUtils.java:logGet(43)) - raft.server.sleep.deviation.threshold = 300 (default)
2019-11-15 04:24:48,670 [pool-589-thread-1] INFO  server.RaftServerConfigKeys (ConfUtils.java:logGet(43)) - raft.server.log.appender.install.snapshot.enabled = false (custom)
2019-11-15 04:24:48,671 [pool-589-thread-1] INFO  impl.RaftServerImpl (ServerState.java:<init>(103)) - 8e34abce-4df2-4d13-822a-b9906190a447@group-5128ECDAA3CD: ConfigurationManager, init=-1: [8e34abce-4df2-4d13-822a-b9906190a447:192.168.34.61:34382], old=null, confs=<EMPTY_MAP>
2019-11-15 04:24:48,671 [pool-589-thread-1] INFO  server.RaftServerConfigKeys (ConfUtils.java:logGet(43)) - raft.server.storage.dir = [/workdir/hadoop-ozone/integration-test/target/test-dir/MiniOzoneClusterImpl-b8077c48-d45a-4953-83b6-e1fc361e67bb/datanode-8/data/ratis] (custom)
2019-11-15 04:24:48,671 [pool-589-thread-1] INFO  server.RaftServerConfigKeys (ConfUtils.java:logGet(43)) - raft.server.log.corruption.policy = EXCEPTION (default)
2019-11-15 04:24:48,671 [pool-589-thread-1] INFO  storage.RaftStorageDirectory (RaftStorageDirectory.java:analyzeStorage(246)) - The storage directory /workdir/hadoop-ozone/integration-test/target/test-dir/MiniOzoneClusterImpl-b8077c48-d45a-4953-83b6-e1fc361e67bb/datanode-8/data/ratis/042fd156-7a1f-4f9c-b706-5128ecdaa3cd does not exist. Creating ...
2019-11-15 04:24:48,684 [pool-589-thread-1] INFO  storage.RaftStorageDirectory (RaftStorageDirectory.java:tryLock(328)) - Lock on /workdir/hadoop-ozone/integration-test/target/test-dir/MiniOzoneClusterImpl-b8077c48-d45a-4953-83b6-e1fc361e67bb/datanode-8/data/ratis/042fd156-7a1f-4f9c-b706-5128ecdaa3cd/in_use.lock acquired by nodename 7542@trunk-nightly-20191115-sgx8w-1801196118
2019-11-15 04:24:48,688 [pool-589-thread-1] INFO  storage.RaftStorage (RaftStorage.java:format(84)) - Storage directory /workdir/hadoop-ozone/integration-test/target/test-dir/MiniOzoneClusterImpl-b8077c48-d45a-4953-83b6-e1fc361e67bb/datanode-8/data/ratis/042fd156-7a1f-4f9c-b706-5128ecdaa3cd has been successfully formatted.
2019-11-15 04:24:48,689 [pool-589-thread-1] INFO  ratis.ContainerStateMachine (ContainerStateMachine.java:loadSnapshot(223)) - group-5128ECDAA3CD: The snapshot info is null. Setting the last applied indexto:(t:0, i:~)
2019-11-15 04:24:48,689 [pool-589-thread-1] INFO  server.RaftServerConfigKeys (ConfUtils.java:logGet(43)) - raft.server.notification.no-leader.timeout = 120s (custom)
2019-11-15 04:24:48,689 [pool-589-thread-1] INFO  server.RaftServerConfigKeys (ConfUtils.java:logGet(43)) - raft.server.log.use.memory = false (default)
2019-11-15 04:24:48,689 [pool-589-thread-1] INFO  server.RaftServerConfigKeys (ConfUtils.java:logGet(43)) - raft.server.log.purge.gap = 1000000 (custom)
2019-11-15 04:24:48,689 [pool-589-thread-1] INFO  server.RaftServerConfigKeys (ConfUtils.java:logGet(43)) - raft.server.log.appender.buffer.byte-limit = 33554432 (custom)
2019-11-15 04:24:48,689 [pool-589-thread-1] INFO  server.RaftServerConfigKeys (ConfUtils.java:logGet(43)) - raft.server.log.segment.size.max = 1048576 (custom)
2019-11-15 04:24:48,689 [pool-589-thread-1] WARN  impl.MetricRegistriesImpl (MetricRegistriesImpl.java:lambda$create$1(61)) - First MetricRegistry has been created without registering reporters. You may need to call MetricRegistries.global().addReportRegistration(...) before.
2019-11-15 04:24:48,690 [pool-589-thread-1] INFO  server.RaftServerConfigKeys (ConfUtils.java:logGet(43)) - raft.server.log.segment.cache.num.max = 2 (custom)
2019-11-15 04:24:48,690 [pool-589-thread-1] INFO  segmented.SegmentedRaftLogWorker (SegmentedRaftLogWorker.java:<init>(173)) - new 8e34abce-4df2-4d13-822a-b9906190a447@group-5128ECDAA3CD-SegmentedRaftLogWorker for RaftStorage:Storage Directory /workdir/hadoop-ozone/integration-test/target/test-dir/MiniOzoneClusterImpl-b8077c48-d45a-4953-83b6-e1fc361e67bb/datanode-8/data/ratis/042fd156-7a1f-4f9c-b706-5128ecdaa3cd
2019-11-15 04:24:48,690 [pool-589-thread-1] INFO  server.RaftServerConfigKeys (ConfUtils.java:logGet(43)) - raft.server.log.queue.byte-limit = 2147483647 (custom)
2019-11-15 04:24:48,690 [pool-589-thread-1] INFO  server.RaftServerConfigKeys (ConfUtils.java:logGet(43)) - raft.server.log.queue.element-limit = 1024 (custom)
2019-11-15 04:24:48,690 [pool-589-thread-1] INFO  server.RaftServerConfigKeys (ConfUtils.java:logGet(43)) - raft.server.log.segment.size.max = 1048576 (custom)
2019-11-15 04:24:48,690 [pool-589-thread-1] INFO  server.RaftServerConfigKeys (ConfUtils.java:logGet(43)) - raft.server.log.preallocated.size = 16384 (custom)
2019-11-15 04:24:48,690 [pool-589-thread-1] INFO  server.RaftServerConfigKeys (ConfUtils.java:logGet(43)) - raft.server.log.write.buffer.size = 33554432 (custom)
2019-11-15 04:24:48,690 [pool-589-thread-1] INFO  server.RaftServerConfigKeys (ConfUtils.java:logGet(43)) - raft.server.log.force.sync.num = 128 (default)
2019-11-15 04:24:48,690 [pool-589-thread-1] INFO  server.RaftServerConfigKeys (ConfUtils.java:logGet(43)) - raft.server.log.statemachine.data.sync = true (default)
2019-11-15 04:24:48,691 [pool-589-thread-1] INFO  server.RaftServerConfigKeys (ConfUtils.java:logGet(43)) - raft.server.log.statemachine.data.sync.timeout = 10s (default)
2019-11-15 04:24:48,691 [pool-589-thread-1] INFO  server.RaftServerConfigKeys (ConfUtils.java:logGet(43)) - raft.server.log.statemachine.data.sync.timeout.retry = -1 (default)
2019-11-15 04:24:48,691 [pool-589-thread-1] INFO  server.RaftServerConfigKeys (ConfUtils.java:logGet(43)) - raft.server.log.statemachine.data.caching.enabled = true (custom)
2019-11-15 04:24:48,691 [pool-589-thread-1] INFO  segmented.SegmentedRaftLogWorker (SegmentedRaftLogWorker.java:lambda$new$0(128)) - 8e34abce-4df2-4d13-822a-b9906190a447@group-5128ECDAA3CD-SegmentedRaftLogWorker: flushIndex: setUnconditionally 0 -> -1
2019-11-15 04:24:48,692 [pool-589-thread-1] INFO  server.RaftServerConfigKeys (ConfUtils.java:logGet(43)) - raft.server.snapshot.auto.trigger.enabled = true (custom)
2019-11-15 04:24:48,692 [pool-589-thread-1] INFO  server.RaftServerConfigKeys (ConfUtils.java:logGet(43)) - raft.server.snapshot.auto.trigger.threshold = 10000 (custom)
2019-11-15 04:24:48,692 [pool-589-thread-1] INFO  server.RaftServerConfigKeys (ConfUtils.java:logGet(43)) - raft.server.snapshot.retention.file.num = 5 (custom)
2019-11-15 04:24:48,692 [pool-589-thread-1] INFO  server.RaftServerConfigKeys (ConfUtils.java:logGet(43)) - raft.server.retrycache.expirytime = 600000ms (custom)
2019-11-15 04:24:48,692 [pool-589-thread-1] WARN  impl.MetricRegistriesImpl (MetricRegistriesImpl.java:lambda$create$1(61)) - First MetricRegistry has been created without registering reporters. You may need to call MetricRegistries.global().addReportRegistration(...) before.
2019-11-15 04:24:48,692 [pool-589-thread-1] WARN  impl.MetricRegistriesImpl (MetricRegistriesImpl.java:lambda$create$1(61)) - First MetricRegistry has been created without registering reporters. You may need to call MetricRegistries.global().addReportRegistration(...) before.
2019-11-15 04:24:48,692 [pool-589-thread-1] INFO  impl.RaftServerImpl (RaftServerImpl.java:start(184)) - 8e34abce-4df2-4d13-822a-b9906190a447@group-5128ECDAA3CD: start as a follower, conf=-1: [8e34abce-4df2-4d13-822a-b9906190a447:192.168.34.61:34382], old=null
2019-11-15 04:24:48,692 [pool-589-thread-1] INFO  impl.RaftServerImpl (RaftServerImpl.java:setRole(173)) - 8e34abce-4df2-4d13-822a-b9906190a447@group-5128ECDAA3CD: changes role from      null to FOLLOWER at term 0 for startAsFollower
2019-11-15 04:24:48,692 [pool-589-thread-1] INFO  impl.RoleInfo (RoleInfo.java:updateAndGet(143)) - 8e34abce-4df2-4d13-822a-b9906190a447: start FollowerState
2019-11-15 04:24:48,693 [pool-589-thread-1] INFO  util.JmxRegister (JmxRegister.java:tryRegister(44)) - Successfully registered JMX Bean with object name Ratis:service=RaftServer,group=group-5128ECDAA3CD,id=8e34abce-4df2-4d13-822a-b9906190a447
2019-11-15 04:24:48,693 [pool-589-thread-1] WARN  impl.MetricRegistriesImpl (MetricRegistriesImpl.java:lambda$create$1(61)) - First MetricRegistry has been created without registering reporters. You may need to call MetricRegistries.global().addReportRegistration(...) before.
2019-11-15 04:24:48,693 [Command processor thread] INFO  commandhandler.CreatePipelineCommandHandler (CreatePipelineCommandHandler.java:handle(86)) - Create Pipeline RATIS ONE #id: "042fd156-7a1f-4f9c-b706-5128ecdaa3cd"
 command succeed on datanode 8e34abce-4df2-4d13-822a-b9906190a447.
2019-11-15 04:24:48,708 [Command processor thread] INFO  impl.RaftServerProxy (RaftServerProxy.java:addNew(89)) - 8e34abce-4df2-4d13-822a-b9906190a447: addNew group-C3E515194F35:[ba7b154f-e59a-417b-969a-e8c75d4b6746:192.168.34.61:40163, ddd86f17-0fb6-44dc-8f8a-1b8ddc68cc7e:192.168.34.61:37754, 8e34abce-4df2-4d13-822a-b9906190a447:192.168.34.61:34382] returns group-C3E515194F35:java.util.concurrent.CompletableFuture@38f7e8da[Not completed]
2019-11-15 04:24:48,708 [EventQueue-PipelineReportForPipelineReportHandler] INFO  pipeline.PipelineReportHandler (PipelineReportHandler.java:processPipelineReport(113)) - Pipeline ONE PipelineID=042fd156-7a1f-4f9c-b706-5128ecdaa3cd reported by 8e34abce-4df2-4d13-822a-b9906190a447{ip: 192.168.34.61, host: trunk-nightly-20191115-sgx8w-1801196118, networkLocation: /rack1, certSerialId: null}
2019-11-15 04:24:48,709 [EventQueue-PipelineReportForPipelineReportHandler] INFO  pipeline.PipelineStateManager (PipelineStateManager.java:openPipeline(132)) - Pipeline Pipeline[ Id: 042fd156-7a1f-4f9c-b706-5128ecdaa3cd, Nodes: 8e34abce-4df2-4d13-822a-b9906190a447{ip: 192.168.34.61, host: trunk-nightly-20191115-sgx8w-1801196118, networkLocation: /rack1, certSerialId: null}, Type:RATIS, Factor:ONE, State:ALLOCATED] moved to OPEN state
2019-11-15 04:24:48,709 [EventQueue-OpenPipelineForOneReplicaPipelineSafeModeRule] INFO  safemode.SCMSafeModeManager (SCMSafeModeManager.java:validateSafeModeExitRules(176)) - AtleastOneDatanodeReportedRule rule is successfully validated
2019-11-15 04:24:48,709 [pool-589-thread-1] INFO  impl.RaftServerImpl (RaftServerImpl.java:<init>(98)) - 8e34abce-4df2-4d13-822a-b9906190a447: new RaftServerImpl for group-C3E515194F35:[ba7b154f-e59a-417b-969a-e8c75d4b6746:192.168.34.61:40163, ddd86f17-0fb6-44dc-8f8a-1b8ddc68cc7e:192.168.34.61:37754, 8e34abce-4df2-4d13-822a-b9906190a447:192.168.34.61:34382] with ContainerStateMachine:uninitialized
2019-11-15 04:24:48,709 [EventQueue-OpenPipelineForHealthyPipelineSafeModeRule] INFO  safemode.SCMSafeModeManager (HealthyPipelineSafeModeRule.java:process(132)) - SCM in safe mode. Healthy pipelines reported count is 0, required healthy pipeline reported count is 1
2019-11-15 04:24:48,709 [pool-589-thread-1] INFO  server.RaftServerConfigKeys (ConfUtils.java:logGet(43)) - raft.server.rpc.timeout.min = 1s (custom)
2019-11-15 04:24:48,709 [pool-589-thread-1] INFO  server.RaftServerConfigKeys (ConfUtils.java:logGet(43)) - raft.server.rpc.timeout.max = 1200ms (custom)
2019-11-15 04:24:48,709 [pool-589-thread-1] INFO  server.RaftServerConfigKeys (ConfUtils.java:logGet(43)) - raft.server.rpcslowness.timeout = 120s (custom)
2019-11-15 04:24:48,709 [pool-589-thread-1] INFO  server.RaftServerConfigKeys (ConfUtils.java:logGet(43)) - raft.server.sleep.deviation.threshold = 300 (default)
2019-11-15 04:24:48,709 [pool-589-thread-1] INFO  server.RaftServerConfigKeys (ConfUtils.java:logGet(43)) - raft.server.log.appender.install.snapshot.enabled = false (custom)
2019-11-15 04:24:48,710 [pool-589-thread-1] INFO  impl.RaftServerImpl (ServerState.java:<init>(103)) - 8e34abce-4df2-4d13-822a-b9906190a447@group-C3E515194F35: ConfigurationManager, init=-1: [ba7b154f-e59a-417b-969a-e8c75d4b6746:192.168.34.61:40163, ddd86f17-0fb6-44dc-8f8a-1b8ddc68cc7e:192.168.34.61:37754, 8e34abce-4df2-4d13-822a-b9906190a447:192.168.34.61:34382], old=null, confs=<EMPTY_MAP>
2019-11-15 04:24:48,710 [pool-589-thread-1] INFO  server.RaftServerConfigKeys (ConfUtils.java:logGet(43)) - raft.server.storage.dir = [/workdir/hadoop-ozone/integration-test/target/test-dir/MiniOzoneClusterImpl-b8077c48-d45a-4953-83b6-e1fc361e67bb/datanode-8/data/ratis] (custom)
2019-11-15 04:24:48,710 [pool-589-thread-1] INFO  server.RaftServerConfigKeys (ConfUtils.java:logGet(43)) - raft.server.log.corruption.policy = EXCEPTION (default)
2019-11-15 04:24:48,710 [pool-589-thread-1] INFO  storage.RaftStorageDirectory (RaftStorageDirectory.java:analyzeStorage(246)) - The storage directory /workdir/hadoop-ozone/integration-test/target/test-dir/MiniOzoneClusterImpl-b8077c48-d45a-4953-83b6-e1fc361e67bb/datanode-8/data/ratis/94ea20d5-f2f7-4c51-9fa4-c3e515194f35 does not exist. Creating ...
2019-11-15 04:24:48,714 [pool-589-thread-1] INFO  storage.RaftStorageDirectory (RaftStorageDirectory.java:tryLock(328)) - Lock on /workdir/hadoop-ozone/integration-test/target/test-dir/MiniOzoneClusterImpl-b8077c48-d45a-4953-83b6-e1fc361e67bb/datanode-8/data/ratis/94ea20d5-f2f7-4c51-9fa4-c3e515194f35/in_use.lock acquired by nodename 7542@trunk-nightly-20191115-sgx8w-1801196118
2019-11-15 04:24:48,727 [pool-589-thread-1] INFO  storage.RaftStorage (RaftStorage.java:format(84)) - Storage directory /workdir/hadoop-ozone/integration-test/target/test-dir/MiniOzoneClusterImpl-b8077c48-d45a-4953-83b6-e1fc361e67bb/datanode-8/data/ratis/94ea20d5-f2f7-4c51-9fa4-c3e515194f35 has been successfully formatted.
2019-11-15 04:24:48,727 [pool-589-thread-1] INFO  ratis.ContainerStateMachine (ContainerStateMachine.java:loadSnapshot(223)) - group-C3E515194F35: The snapshot info is null. Setting the last applied indexto:(t:0, i:~)
2019-11-15 04:24:48,727 [pool-589-thread-1] INFO  server.RaftServerConfigKeys (ConfUtils.java:logGet(43)) - raft.server.notification.no-leader.timeout = 120s (custom)
2019-11-15 04:24:48,727 [pool-589-thread-1] INFO  server.RaftServerConfigKeys (ConfUtils.java:logGet(43)) - raft.server.log.use.memory = false (default)
2019-11-15 04:24:48,727 [pool-589-thread-1] INFO  server.RaftServerConfigKeys (ConfUtils.java:logGet(43)) - raft.server.log.purge.gap = 1000000 (custom)
2019-11-15 04:24:48,727 [pool-589-thread-1] INFO  server.RaftServerConfigKeys (ConfUtils.java:logGet(43)) - raft.server.log.appender.buffer.byte-limit = 33554432 (custom)
2019-11-15 04:24:48,727 [pool-589-thread-1] INFO  server.RaftServerConfigKeys (ConfUtils.java:logGet(43)) - raft.server.log.segment.size.max = 1048576 (custom)
2019-11-15 04:24:48,727 [pool-589-thread-1] INFO  server.RaftServerConfigKeys (ConfUtils.java:logGet(43)) - raft.server.log.segment.cache.num.max = 2 (custom)
2019-11-15 04:24:48,728 [pool-589-thread-1] INFO  segmented.SegmentedRaftLogWorker (SegmentedRaftLogWorker.java:<init>(173)) - new 8e34abce-4df2-4d13-822a-b9906190a447@group-C3E515194F35-SegmentedRaftLogWorker for RaftStorage:Storage Directory /workdir/hadoop-ozone/integration-test/target/test-dir/MiniOzoneClusterImpl-b8077c48-d45a-4953-83b6-e1fc361e67bb/datanode-8/data/ratis/94ea20d5-f2f7-4c51-9fa4-c3e515194f35
2019-11-15 04:24:48,728 [pool-589-thread-1] INFO  server.RaftServerConfigKeys (ConfUtils.java:logGet(43)) - raft.server.log.queue.byte-limit = 2147483647 (custom)
2019-11-15 04:24:48,728 [pool-589-thread-1] INFO  server.RaftServerConfigKeys (ConfUtils.java:logGet(43)) - raft.server.log.queue.element-limit = 1024 (custom)
2019-11-15 04:24:48,728 [pool-589-thread-1] INFO  server.RaftServerConfigKeys (ConfUtils.java:logGet(43)) - raft.server.log.segment.size.max = 1048576 (custom)
2019-11-15 04:24:48,728 [pool-589-thread-1] INFO  server.RaftServerConfigKeys (ConfUtils.java:logGet(43)) - raft.server.log.preallocated.size = 16384 (custom)
2019-11-15 04:24:48,728 [pool-589-thread-1] INFO  server.RaftServerConfigKeys (ConfUtils.java:logGet(43)) - raft.server.log.write.buffer.size = 33554432 (custom)
2019-11-15 04:24:48,728 [pool-589-thread-1] INFO  server.RaftServerConfigKeys (ConfUtils.java:logGet(43)) - raft.server.log.force.sync.num = 128 (default)
2019-11-15 04:24:48,728 [pool-589-thread-1] INFO  server.RaftServerConfigKeys (ConfUtils.java:logGet(43)) - raft.server.log.statemachine.data.sync = true (default)
2019-11-15 04:24:48,728 [pool-589-thread-1] INFO  server.RaftServerConfigKeys (ConfUtils.java:logGet(43)) - raft.server.log.statemachine.data.sync.timeout = 10s (default)
2019-11-15 04:24:48,728 [pool-589-thread-1] INFO  server.RaftServerConfigKeys (ConfUtils.java:logGet(43)) - raft.server.log.statemachine.data.sync.timeout.retry = -1 (default)
2019-11-15 04:24:48,728 [pool-589-thread-1] INFO  server.RaftServerConfigKeys (ConfUtils.java:logGet(43)) - raft.server.log.statemachine.data.caching.enabled = true (custom)
2019-11-15 04:24:48,728 [pool-589-thread-1] INFO  segmented.SegmentedRaftLogWorker (SegmentedRaftLogWorker.java:lambda$new$0(128)) - 8e34abce-4df2-4d13-822a-b9906190a447@group-C3E515194F35-SegmentedRaftLogWorker: flushIndex: setUnconditionally 0 -> -1
2019-11-15 04:24:48,729 [pool-589-thread-1] INFO  server.RaftServerConfigKeys (ConfUtils.java:logGet(43)) - raft.server.snapshot.auto.trigger.enabled = true (custom)
2019-11-15 04:24:48,729 [pool-589-thread-1] INFO  server.RaftServerConfigKeys (ConfUtils.java:logGet(43)) - raft.server.snapshot.auto.trigger.threshold = 10000 (custom)
2019-11-15 04:24:48,729 [pool-589-thread-1] INFO  server.RaftServerConfigKeys (ConfUtils.java:logGet(43)) - raft.server.snapshot.retention.file.num = 5 (custom)
2019-11-15 04:24:48,729 [pool-589-thread-1] INFO  server.RaftServerConfigKeys (ConfUtils.java:logGet(43)) - raft.server.retrycache.expirytime = 600000ms (custom)
2019-11-15 04:24:48,729 [pool-589-thread-1] WARN  impl.MetricRegistriesImpl (MetricRegistriesImpl.java:lambda$create$1(61)) - First MetricRegistry has been created without registering reporters. You may need to call MetricRegistries.global().addReportRegistration(...) before.
2019-11-15 04:24:48,729 [pool-589-thread-1] WARN  impl.MetricRegistriesImpl (MetricRegistriesImpl.java:lambda$create$1(61)) - First MetricRegistry has been created without registering reporters. You may need to call MetricRegistries.global().addReportRegistration(...) before.
2019-11-15 04:24:48,729 [pool-589-thread-1] INFO  impl.RaftServerImpl (RaftServerImpl.java:start(184)) - 8e34abce-4df2-4d13-822a-b9906190a447@group-C3E515194F35: start as a follower, conf=-1: [ba7b154f-e59a-417b-969a-e8c75d4b6746:192.168.34.61:40163, ddd86f17-0fb6-44dc-8f8a-1b8ddc68cc7e:192.168.34.61:37754, 8e34abce-4df2-4d13-822a-b9906190a447:192.168.34.61:34382], old=null
2019-11-15 04:24:48,729 [pool-589-thread-1] INFO  impl.RaftServerImpl (RaftServerImpl.java:setRole(173)) - 8e34abce-4df2-4d13-822a-b9906190a447@group-C3E515194F35: changes role from      null to FOLLOWER at term 0 for startAsFollower
2019-11-15 04:24:48,730 [pool-589-thread-1] INFO  impl.RoleInfo (RoleInfo.java:updateAndGet(143)) - 8e34abce-4df2-4d13-822a-b9906190a447: start FollowerState
2019-11-15 04:24:48,730 [pool-589-thread-1] INFO  util.JmxRegister (JmxRegister.java:tryRegister(44)) - Successfully registered JMX Bean with object name Ratis:service=RaftServer,group=group-C3E515194F35,id=8e34abce-4df2-4d13-822a-b9906190a447
2019-11-15 04:24:48,730 [pool-589-thread-1] WARN  impl.MetricRegistriesImpl (MetricRegistriesImpl.java:lambda$create$1(61)) - First MetricRegistry has been created without registering reporters. You may need to call MetricRegistries.global().addReportRegistration(...) before.
2019-11-15 04:24:48,730 [Command processor thread] INFO  commandhandler.CreatePipelineCommandHandler (CreatePipelineCommandHandler.java:handle(86)) - Create Pipeline RATIS THREE #id: "94ea20d5-f2f7-4c51-9fa4-c3e515194f35"
 command succeed on datanode 8e34abce-4df2-4d13-822a-b9906190a447.
2019-11-15 04:24:48,731 [EventQueue-PipelineReportForPipelineReportHandler] INFO  pipeline.PipelineReportHandler (PipelineReportHandler.java:processPipelineReport(113)) - Pipeline THREE PipelineID=94ea20d5-f2f7-4c51-9fa4-c3e515194f35 reported by 8e34abce-4df2-4d13-822a-b9906190a447{ip: 192.168.34.61, host: trunk-nightly-20191115-sgx8w-1801196118, networkLocation: /rack1, certSerialId: null}
2019-11-15 04:24:48,740 [Command processor thread] INFO  impl.RaftServerProxy (RaftServerProxy.java:addNew(89)) - 20bbc30b-ac2f-443a-8d40-7c1ff9223c1a: addNew group-2157A9C13C12:[20bbc30b-ac2f-443a-8d40-7c1ff9223c1a:192.168.34.61:40377] returns group-2157A9C13C12:java.util.concurrent.CompletableFuture@55535c46[Not completed]
2019-11-15 04:24:48,741 [main] INFO  ozone.MiniOzoneClusterImpl (MiniOzoneClusterImpl.java:lambda$waitForClusterToBeReady$0(150)) - Nodes are ready. Got 10 of 10 DN Heartbeats.
2019-11-15 04:24:48,741 [main] INFO  ozone.MiniOzoneClusterImpl (MiniOzoneClusterImpl.java:lambda$waitForClusterToBeReady$0(153)) - Waiting for cluster to exit safe mode
2019-11-15 04:24:48,741 [pool-599-thread-1] INFO  impl.RaftServerImpl (RaftServerImpl.java:<init>(98)) - 20bbc30b-ac2f-443a-8d40-7c1ff9223c1a: new RaftServerImpl for group-2157A9C13C12:[20bbc30b-ac2f-443a-8d40-7c1ff9223c1a:192.168.34.61:40377] with ContainerStateMachine:uninitialized
2019-11-15 04:24:48,742 [pool-599-thread-1] INFO  server.RaftServerConfigKeys (ConfUtils.java:logGet(43)) - raft.server.rpc.timeout.min = 1s (custom)
2019-11-15 04:24:48,742 [pool-599-thread-1] INFO  server.RaftServerConfigKeys (ConfUtils.java:logGet(43)) - raft.server.rpc.timeout.max = 1200ms (custom)
2019-11-15 04:24:48,742 [pool-599-thread-1] INFO  server.RaftServerConfigKeys (ConfUtils.java:logGet(43)) - raft.server.rpcslowness.timeout = 120s (custom)
2019-11-15 04:24:48,742 [pool-599-thread-1] INFO  server.RaftServerConfigKeys (ConfUtils.java:logGet(43)) - raft.server.sleep.deviation.threshold = 300 (default)
2019-11-15 04:24:48,742 [pool-599-thread-1] INFO  server.RaftServerConfigKeys (ConfUtils.java:logGet(43)) - raft.server.log.appender.install.snapshot.enabled = false (custom)
2019-11-15 04:24:48,742 [pool-599-thread-1] INFO  impl.RaftServerImpl (ServerState.java:<init>(103)) - 20bbc30b-ac2f-443a-8d40-7c1ff9223c1a@group-2157A9C13C12: ConfigurationManager, init=-1: [20bbc30b-ac2f-443a-8d40-7c1ff9223c1a:192.168.34.61:40377], old=null, confs=<EMPTY_MAP>
2019-11-15 04:24:48,742 [pool-599-thread-1] INFO  server.RaftServerConfigKeys (ConfUtils.java:logGet(43)) - raft.server.storage.dir = [/workdir/hadoop-ozone/integration-test/target/test-dir/MiniOzoneClusterImpl-b8077c48-d45a-4953-83b6-e1fc361e67bb/datanode-9/data/ratis] (custom)
2019-11-15 04:24:48,742 [pool-599-thread-1] INFO  server.RaftServerConfigKeys (ConfUtils.java:logGet(43)) - raft.server.log.corruption.policy = EXCEPTION (default)
2019-11-15 04:24:48,742 [pool-599-thread-1] INFO  storage.RaftStorageDirectory (RaftStorageDirectory.java:analyzeStorage(246)) - The storage directory /workdir/hadoop-ozone/integration-test/target/test-dir/MiniOzoneClusterImpl-b8077c48-d45a-4953-83b6-e1fc361e67bb/datanode-9/data/ratis/81a75f4e-2b52-485c-a77e-2157a9c13c12 does not exist. Creating ...
2019-11-15 04:24:48,749 [pool-599-thread-1] INFO  storage.RaftStorageDirectory (RaftStorageDirectory.java:tryLock(328)) - Lock on /workdir/hadoop-ozone/integration-test/target/test-dir/MiniOzoneClusterImpl-b8077c48-d45a-4953-83b6-e1fc361e67bb/datanode-9/data/ratis/81a75f4e-2b52-485c-a77e-2157a9c13c12/in_use.lock acquired by nodename 7542@trunk-nightly-20191115-sgx8w-1801196118
2019-11-15 04:24:48,762 [pool-599-thread-1] INFO  storage.RaftStorage (RaftStorage.java:format(84)) - Storage directory /workdir/hadoop-ozone/integration-test/target/test-dir/MiniOzoneClusterImpl-b8077c48-d45a-4953-83b6-e1fc361e67bb/datanode-9/data/ratis/81a75f4e-2b52-485c-a77e-2157a9c13c12 has been successfully formatted.
2019-11-15 04:24:48,762 [pool-599-thread-1] INFO  ratis.ContainerStateMachine (ContainerStateMachine.java:loadSnapshot(223)) - group-2157A9C13C12: The snapshot info is null. Setting the last applied indexto:(t:0, i:~)
2019-11-15 04:24:48,762 [pool-599-thread-1] INFO  server.RaftServerConfigKeys (ConfUtils.java:logGet(43)) - raft.server.notification.no-leader.timeout = 120s (custom)
2019-11-15 04:24:48,762 [pool-599-thread-1] INFO  server.RaftServerConfigKeys (ConfUtils.java:logGet(43)) - raft.server.log.use.memory = false (default)
2019-11-15 04:24:48,762 [pool-599-thread-1] INFO  server.RaftServerConfigKeys (ConfUtils.java:logGet(43)) - raft.server.log.purge.gap = 1000000 (custom)
2019-11-15 04:24:48,762 [pool-599-thread-1] INFO  server.RaftServerConfigKeys (ConfUtils.java:logGet(43)) - raft.server.log.appender.buffer.byte-limit = 33554432 (custom)
2019-11-15 04:24:48,763 [pool-599-thread-1] INFO  server.RaftServerConfigKeys (ConfUtils.java:logGet(43)) - raft.server.log.segment.size.max = 1048576 (custom)
2019-11-15 04:24:48,763 [pool-599-thread-1] WARN  impl.MetricRegistriesImpl (MetricRegistriesImpl.java:lambda$create$1(61)) - First MetricRegistry has been created without registering reporters. You may need to call MetricRegistries.global().addReportRegistration(...) before.
2019-11-15 04:24:48,763 [pool-599-thread-1] INFO  server.RaftServerConfigKeys (ConfUtils.java:logGet(43)) - raft.server.log.segment.cache.num.max = 2 (custom)
2019-11-15 04:24:48,763 [pool-599-thread-1] INFO  segmented.SegmentedRaftLogWorker (SegmentedRaftLogWorker.java:<init>(173)) - new 20bbc30b-ac2f-443a-8d40-7c1ff9223c1a@group-2157A9C13C12-SegmentedRaftLogWorker for RaftStorage:Storage Directory /workdir/hadoop-ozone/integration-test/target/test-dir/MiniOzoneClusterImpl-b8077c48-d45a-4953-83b6-e1fc361e67bb/datanode-9/data/ratis/81a75f4e-2b52-485c-a77e-2157a9c13c12
2019-11-15 04:24:48,763 [pool-599-thread-1] INFO  server.RaftServerConfigKeys (ConfUtils.java:logGet(43)) - raft.server.log.queue.byte-limit = 2147483647 (custom)
2019-11-15 04:24:48,763 [pool-599-thread-1] INFO  server.RaftServerConfigKeys (ConfUtils.java:logGet(43)) - raft.server.log.queue.element-limit = 1024 (custom)
2019-11-15 04:24:48,763 [pool-599-thread-1] INFO  server.RaftServerConfigKeys (ConfUtils.java:logGet(43)) - raft.server.log.segment.size.max = 1048576 (custom)
2019-11-15 04:24:48,763 [pool-599-thread-1] INFO  server.RaftServerConfigKeys (ConfUtils.java:logGet(43)) - raft.server.log.preallocated.size = 16384 (custom)
2019-11-15 04:24:48,763 [pool-599-thread-1] INFO  server.RaftServerConfigKeys (ConfUtils.java:logGet(43)) - raft.server.log.write.buffer.size = 33554432 (custom)
2019-11-15 04:24:48,763 [pool-599-thread-1] INFO  server.RaftServerConfigKeys (ConfUtils.java:logGet(43)) - raft.server.log.force.sync.num = 128 (default)
2019-11-15 04:24:48,763 [pool-599-thread-1] INFO  server.RaftServerConfigKeys (ConfUtils.java:logGet(43)) - raft.server.log.statemachine.data.sync = true (default)
2019-11-15 04:24:48,763 [pool-599-thread-1] INFO  server.RaftServerConfigKeys (ConfUtils.java:logGet(43)) - raft.server.log.statemachine.data.sync.timeout = 10s (default)
2019-11-15 04:24:48,763 [pool-599-thread-1] INFO  server.RaftServerConfigKeys (ConfUtils.java:logGet(43)) - raft.server.log.statemachine.data.sync.timeout.retry = -1 (default)
2019-11-15 04:24:48,764 [pool-599-thread-1] INFO  server.RaftServerConfigKeys (ConfUtils.java:logGet(43)) - raft.server.log.statemachine.data.caching.enabled = true (custom)
2019-11-15 04:24:48,764 [pool-599-thread-1] INFO  segmented.SegmentedRaftLogWorker (SegmentedRaftLogWorker.java:lambda$new$0(128)) - 20bbc30b-ac2f-443a-8d40-7c1ff9223c1a@group-2157A9C13C12-SegmentedRaftLogWorker: flushIndex: setUnconditionally 0 -> -1
2019-11-15 04:24:48,764 [pool-599-thread-1] INFO  server.RaftServerConfigKeys (ConfUtils.java:logGet(43)) - raft.server.snapshot.auto.trigger.enabled = true (custom)
2019-11-15 04:24:48,764 [pool-599-thread-1] INFO  server.RaftServerConfigKeys (ConfUtils.java:logGet(43)) - raft.server.snapshot.auto.trigger.threshold = 10000 (custom)
2019-11-15 04:24:48,764 [pool-599-thread-1] INFO  server.RaftServerConfigKeys (ConfUtils.java:logGet(43)) - raft.server.snapshot.retention.file.num = 5 (custom)
2019-11-15 04:24:48,765 [pool-599-thread-1] INFO  server.RaftServerConfigKeys (ConfUtils.java:logGet(43)) - raft.server.retrycache.expirytime = 600000ms (custom)
2019-11-15 04:24:48,765 [pool-599-thread-1] WARN  impl.MetricRegistriesImpl (MetricRegistriesImpl.java:lambda$create$1(61)) - First MetricRegistry has been created without registering reporters. You may need to call MetricRegistries.global().addReportRegistration(...) before.
2019-11-15 04:24:48,766 [pool-599-thread-1] WARN  impl.MetricRegistriesImpl (MetricRegistriesImpl.java:lambda$create$1(61)) - First MetricRegistry has been created without registering reporters. You may need to call MetricRegistries.global().addReportRegistration(...) before.
2019-11-15 04:24:48,766 [pool-599-thread-1] INFO  impl.RaftServerImpl (RaftServerImpl.java:start(184)) - 20bbc30b-ac2f-443a-8d40-7c1ff9223c1a@group-2157A9C13C12: start as a follower, conf=-1: [20bbc30b-ac2f-443a-8d40-7c1ff9223c1a:192.168.34.61:40377], old=null
2019-11-15 04:24:48,767 [pool-599-thread-1] INFO  impl.RaftServerImpl (RaftServerImpl.java:setRole(173)) - 20bbc30b-ac2f-443a-8d40-7c1ff9223c1a@group-2157A9C13C12: changes role from      null to FOLLOWER at term 0 for startAsFollower
2019-11-15 04:24:48,767 [pool-599-thread-1] INFO  impl.RoleInfo (RoleInfo.java:updateAndGet(143)) - 20bbc30b-ac2f-443a-8d40-7c1ff9223c1a: start FollowerState
2019-11-15 04:24:48,768 [pool-599-thread-1] INFO  util.JmxRegister (JmxRegister.java:tryRegister(44)) - Successfully registered JMX Bean with object name Ratis:service=RaftServer,group=group-2157A9C13C12,id=20bbc30b-ac2f-443a-8d40-7c1ff9223c1a
2019-11-15 04:24:48,768 [pool-599-thread-1] WARN  impl.MetricRegistriesImpl (MetricRegistriesImpl.java:lambda$create$1(61)) - First MetricRegistry has been created without registering reporters. You may need to call MetricRegistries.global().addReportRegistration(...) before.
2019-11-15 04:24:48,769 [Command processor thread] INFO  commandhandler.CreatePipelineCommandHandler (CreatePipelineCommandHandler.java:handle(86)) - Create Pipeline RATIS ONE #id: "81a75f4e-2b52-485c-a77e-2157a9c13c12"
 command succeed on datanode 20bbc30b-ac2f-443a-8d40-7c1ff9223c1a.
2019-11-15 04:24:48,774 [EventQueue-PipelineReportForPipelineReportHandler] INFO  pipeline.PipelineReportHandler (PipelineReportHandler.java:processPipelineReport(113)) - Pipeline ONE PipelineID=81a75f4e-2b52-485c-a77e-2157a9c13c12 reported by 20bbc30b-ac2f-443a-8d40-7c1ff9223c1a{ip: 192.168.34.61, host: trunk-nightly-20191115-sgx8w-1801196118, networkLocation: /rack1, certSerialId: null}
2019-11-15 04:24:48,774 [EventQueue-PipelineReportForPipelineReportHandler] INFO  pipeline.PipelineStateManager (PipelineStateManager.java:openPipeline(132)) - Pipeline Pipeline[ Id: 81a75f4e-2b52-485c-a77e-2157a9c13c12, Nodes: 20bbc30b-ac2f-443a-8d40-7c1ff9223c1a{ip: 192.168.34.61, host: trunk-nightly-20191115-sgx8w-1801196118, networkLocation: /rack1, certSerialId: null}, Type:RATIS, Factor:ONE, State:ALLOCATED] moved to OPEN state
2019-11-15 04:24:48,775 [EventQueue-OpenPipelineForOneReplicaPipelineSafeModeRule] INFO  safemode.SCMSafeModeManager (SCMSafeModeManager.java:validateSafeModeExitRules(176)) - AtleastOneDatanodeReportedRule rule is successfully validated
2019-11-15 04:24:48,775 [EventQueue-OpenPipelineForHealthyPipelineSafeModeRule] INFO  safemode.SCMSafeModeManager (HealthyPipelineSafeModeRule.java:process(132)) - SCM in safe mode. Healthy pipelines reported count is 0, required healthy pipeline reported count is 1
2019-11-15 04:24:49,348 [Thread-3592] INFO  impl.FollowerState (FollowerState.java:run(111)) - b8480f98-5c77-4f73-b6b9-e737b10a7f9e@group-B41F48618BA6-FollowerState: change to CANDIDATE, lastRpcTime:1016ms, electionTimeout:1016ms
2019-11-15 04:24:49,348 [Thread-3592] INFO  impl.RoleInfo (RoleInfo.java:shutdownFollowerState(121)) - b8480f98-5c77-4f73-b6b9-e737b10a7f9e: shutdown FollowerState
2019-11-15 04:24:49,348 [Thread-3592] INFO  impl.RaftServerImpl (RaftServerImpl.java:setRole(173)) - b8480f98-5c77-4f73-b6b9-e737b10a7f9e@group-B41F48618BA6: changes role from  FOLLOWER to CANDIDATE at term 0 for changeToCandidate
2019-11-15 04:24:49,348 [Thread-3592] INFO  impl.RoleInfo (RoleInfo.java:updateAndGet(143)) - b8480f98-5c77-4f73-b6b9-e737b10a7f9e: start LeaderElection
2019-11-15 04:24:49,362 [b8480f98-5c77-4f73-b6b9-e737b10a7f9e@group-B41F48618BA6-LeaderElection169] INFO  impl.LeaderElection (LeaderElection.java:askForVotes(178)) - b8480f98-5c77-4f73-b6b9-e737b10a7f9e@group-B41F48618BA6-LeaderElection169: begin an election at term 1 for -1: [b8480f98-5c77-4f73-b6b9-e737b10a7f9e:192.168.34.61:32848, be6365c1-8fb2-47f9-87b1-78a3fb38138b:192.168.34.61:44393, f15e9ea2-ac28-4081-8e04-15028e251385:192.168.34.61:44094], old=null
2019-11-15 04:24:49,368 [Thread-3590] INFO  impl.FollowerState (FollowerState.java:run(111)) - b8480f98-5c77-4f73-b6b9-e737b10a7f9e@group-80736278A2FF-FollowerState: change to CANDIDATE, lastRpcTime:1064ms, electionTimeout:1064ms
2019-11-15 04:24:49,368 [Thread-3590] INFO  impl.RoleInfo (RoleInfo.java:shutdownFollowerState(121)) - b8480f98-5c77-4f73-b6b9-e737b10a7f9e: shutdown FollowerState
2019-11-15 04:24:49,368 [Thread-3590] INFO  impl.RaftServerImpl (RaftServerImpl.java:setRole(173)) - b8480f98-5c77-4f73-b6b9-e737b10a7f9e@group-80736278A2FF: changes role from  FOLLOWER to CANDIDATE at term 0 for changeToCandidate
2019-11-15 04:24:49,368 [Thread-3590] INFO  impl.RoleInfo (RoleInfo.java:updateAndGet(143)) - b8480f98-5c77-4f73-b6b9-e737b10a7f9e: start LeaderElection
2019-11-15 04:24:49,384 [Thread-3588] INFO  impl.FollowerState (FollowerState.java:run(111)) - f15e9ea2-ac28-4081-8e04-15028e251385@group-B41F48618BA6-FollowerState: change to CANDIDATE, lastRpcTime:1089ms, electionTimeout:1088ms
2019-11-15 04:24:49,384 [Thread-3588] INFO  impl.RoleInfo (RoleInfo.java:shutdownFollowerState(121)) - f15e9ea2-ac28-4081-8e04-15028e251385: shutdown FollowerState
2019-11-15 04:24:49,386 [grpc-default-executor-1] INFO  impl.RaftServerImpl (RaftServerImpl.java:setRole(173)) - be6365c1-8fb2-47f9-87b1-78a3fb38138b@group-B41F48618BA6: changes role from  FOLLOWER to FOLLOWER at term 1 for recognizeCandidate:b8480f98-5c77-4f73-b6b9-e737b10a7f9e
2019-11-15 04:24:49,386 [Thread-3588] INFO  impl.RaftServerImpl (RaftServerImpl.java:setRole(173)) - f15e9ea2-ac28-4081-8e04-15028e251385@group-B41F48618BA6: changes role from  FOLLOWER to CANDIDATE at term 0 for changeToCandidate
2019-11-15 04:24:49,386 [grpc-default-executor-1] INFO  impl.RoleInfo (RoleInfo.java:shutdownFollowerState(121)) - be6365c1-8fb2-47f9-87b1-78a3fb38138b: shutdown FollowerState
2019-11-15 04:24:49,386 [Thread-3588] INFO  impl.RoleInfo (RoleInfo.java:updateAndGet(143)) - f15e9ea2-ac28-4081-8e04-15028e251385: start LeaderElection
2019-11-15 04:24:49,386 [grpc-default-executor-1] INFO  impl.RoleInfo (RoleInfo.java:updateAndGet(143)) - be6365c1-8fb2-47f9-87b1-78a3fb38138b: start FollowerState
2019-11-15 04:24:49,386 [Thread-3587] INFO  impl.FollowerState (FollowerState.java:run(120)) - be6365c1-8fb2-47f9-87b1-78a3fb38138b@group-B41F48618BA6-FollowerState was interrupted: java.lang.InterruptedException: sleep interrupted
2019-11-15 04:24:49,388 [grpc-default-executor-18] INFO  impl.RaftServerImpl (RaftServerImpl.java:setRole(173)) - f15e9ea2-ac28-4081-8e04-15028e251385@group-B41F48618BA6: changes role from CANDIDATE to FOLLOWER at term 1 for recognizeCandidate:b8480f98-5c77-4f73-b6b9-e737b10a7f9e
2019-11-15 04:24:49,388 [grpc-default-executor-18] INFO  impl.RoleInfo (RoleInfo.java:shutdownLeaderElection(134)) - f15e9ea2-ac28-4081-8e04-15028e251385: shutdown LeaderElection
2019-11-15 04:24:49,388 [grpc-default-executor-18] INFO  impl.RoleInfo (RoleInfo.java:updateAndGet(143)) - f15e9ea2-ac28-4081-8e04-15028e251385: start FollowerState
2019-11-15 04:24:49,392 [b8480f98-5c77-4f73-b6b9-e737b10a7f9e@group-80736278A2FF-LeaderElection170] INFO  impl.LeaderElection (LeaderElection.java:askForVotes(178)) - b8480f98-5c77-4f73-b6b9-e737b10a7f9e@group-80736278A2FF-LeaderElection170: begin an election at term 1 for -1: [b8480f98-5c77-4f73-b6b9-e737b10a7f9e:192.168.34.61:32848], old=null
2019-11-15 04:24:49,392 [b8480f98-5c77-4f73-b6b9-e737b10a7f9e@group-80736278A2FF-LeaderElection170] INFO  impl.RoleInfo (RoleInfo.java:shutdownLeaderElection(134)) - b8480f98-5c77-4f73-b6b9-e737b10a7f9e: shutdown LeaderElection
2019-11-15 04:24:49,392 [b8480f98-5c77-4f73-b6b9-e737b10a7f9e@group-80736278A2FF-LeaderElection170] INFO  impl.RaftServerImpl (RaftServerImpl.java:setRole(173)) - b8480f98-5c77-4f73-b6b9-e737b10a7f9e@group-80736278A2FF: changes role from CANDIDATE to LEADER at term 1 for changeToLeader
2019-11-15 04:24:49,392 [b8480f98-5c77-4f73-b6b9-e737b10a7f9e@group-80736278A2FF-LeaderElection170] INFO  ratis.XceiverServerRatis (XceiverServerRatis.java:handleLeaderChangedNotification(733)) - Leader change notification received for group: group-80736278A2FF with new leaderId: b8480f98-5c77-4f73-b6b9-e737b10a7f9e
2019-11-15 04:24:49,392 [b8480f98-5c77-4f73-b6b9-e737b10a7f9e@group-80736278A2FF-LeaderElection170] INFO  impl.RaftServerImpl (ServerState.java:setLeader(255)) - b8480f98-5c77-4f73-b6b9-e737b10a7f9e@group-80736278A2FF: change Leader from null to b8480f98-5c77-4f73-b6b9-e737b10a7f9e at term 1 for becomeLeader, leader elected after 1091ms
2019-11-15 04:24:49,392 [b8480f98-5c77-4f73-b6b9-e737b10a7f9e@group-80736278A2FF-LeaderElection170] INFO  server.RaftServerConfigKeys (ConfUtils.java:logGet(43)) - raft.server.staging.catchup.gap = 1000 (default)
2019-11-15 04:24:49,392 [b8480f98-5c77-4f73-b6b9-e737b10a7f9e@group-80736278A2FF-LeaderElection170] INFO  server.RaftServerConfigKeys (ConfUtils.java:logGet(43)) - raft.server.rpc.sleep.time = 25ms (default)
2019-11-15 04:24:49,393 [b8480f98-5c77-4f73-b6b9-e737b10a7f9e@group-80736278A2FF-LeaderElection170] INFO  server.RaftServerConfigKeys (ConfUtils.java:logGet(43)) - raft.server.write.element-limit = 4096 (default)
2019-11-15 04:24:49,393 [b8480f98-5c77-4f73-b6b9-e737b10a7f9e@group-80736278A2FF-LeaderElection170] INFO  server.RaftServerConfigKeys (ConfUtils.java:logGet(43)) - raft.server.watch.timeout = 10s (default)
2019-11-15 04:24:49,393 [b8480f98-5c77-4f73-b6b9-e737b10a7f9e@group-80736278A2FF-LeaderElection170] INFO  server.RaftServerConfigKeys (ConfUtils.java:logGet(43)) - raft.server.watch.timeout.denomination = 1s (default)
2019-11-15 04:24:49,393 [EventQueue-PipelineReportForPipelineReportHandler] INFO  pipeline.PipelineReportHandler (PipelineReportHandler.java:processPipelineReport(113)) - Pipeline THREE PipelineID=37bb1998-c457-4570-8a91-b41f48618ba6 reported by b8480f98-5c77-4f73-b6b9-e737b10a7f9e{ip: 192.168.34.61, host: trunk-nightly-20191115-sgx8w-1801196118, networkLocation: /rack1, certSerialId: null}
2019-11-15 04:24:49,393 [b8480f98-5c77-4f73-b6b9-e737b10a7f9e@group-80736278A2FF-LeaderElection170] INFO  server.RaftServerConfigKeys (ConfUtils.java:logGet(43)) - raft.server.watch.element-limit = 65536 (default)
2019-11-15 04:24:49,393 [b8480f98-5c77-4f73-b6b9-e737b10a7f9e@group-80736278A2FF-LeaderElection170] INFO  impl.RoleInfo (RoleInfo.java:updateAndGet(143)) - b8480f98-5c77-4f73-b6b9-e737b10a7f9e: start LeaderState
2019-11-15 04:24:49,394 [b8480f98-5c77-4f73-b6b9-e737b10a7f9e@group-80736278A2FF-LeaderElection170] INFO  segmented.SegmentedRaftLogWorker (SegmentedRaftLogWorker.java:startLogSegment(385)) - b8480f98-5c77-4f73-b6b9-e737b10a7f9e@group-80736278A2FF-SegmentedRaftLogWorker: Starting segment from index:0
2019-11-15 04:24:49,394 [b8480f98-5c77-4f73-b6b9-e737b10a7f9e@group-80736278A2FF-LeaderElection170] INFO  impl.RaftServerImpl (ServerState.java:setRaftConf(356)) - b8480f98-5c77-4f73-b6b9-e737b10a7f9e@group-80736278A2FF: set configuration 0: [b8480f98-5c77-4f73-b6b9-e737b10a7f9e:192.168.34.61:32848], old=null at 0
2019-11-15 04:24:49,432 [Thread-3580] INFO  impl.FollowerState (FollowerState.java:run(111)) - f15e9ea2-ac28-4081-8e04-15028e251385@group-EFD342B65BA7-FollowerState: change to CANDIDATE, lastRpcTime:1181ms, electionTimeout:1177ms
2019-11-15 04:24:49,432 [Thread-3594] INFO  impl.FollowerState (FollowerState.java:run(111)) - 64e09b31-9ee8-424d-be17-3e0ab51a0c68@group-EE00FC5E4418-FollowerState: change to CANDIDATE, lastRpcTime:1055ms, electionTimeout:1037ms
2019-11-15 04:24:49,432 [Thread-3580] INFO  impl.RoleInfo (RoleInfo.java:shutdownFollowerState(121)) - f15e9ea2-ac28-4081-8e04-15028e251385: shutdown FollowerState
2019-11-15 04:24:49,433 [Thread-3594] INFO  impl.RoleInfo (RoleInfo.java:shutdownFollowerState(121)) - 64e09b31-9ee8-424d-be17-3e0ab51a0c68: shutdown FollowerState
2019-11-15 04:24:49,435 [Thread-3580] INFO  impl.RaftServerImpl (RaftServerImpl.java:setRole(173)) - f15e9ea2-ac28-4081-8e04-15028e251385@group-EFD342B65BA7: changes role from  FOLLOWER to CANDIDATE at term 0 for changeToCandidate
2019-11-15 04:24:49,435 [Thread-3594] INFO  impl.RaftServerImpl (RaftServerImpl.java:setRole(173)) - 64e09b31-9ee8-424d-be17-3e0ab51a0c68@group-EE00FC5E4418: changes role from  FOLLOWER to CANDIDATE at term 0 for changeToCandidate
2019-11-15 04:24:49,435 [Thread-3580] INFO  impl.RoleInfo (RoleInfo.java:updateAndGet(143)) - f15e9ea2-ac28-4081-8e04-15028e251385: start LeaderElection
2019-11-15 04:24:49,435 [b8480f98-5c77-4f73-b6b9-e737b10a7f9e@group-B41F48618BA6-LeaderElection169] INFO  impl.LeaderElection (LeaderElection.java:logAndReturn(56)) - b8480f98-5c77-4f73-b6b9-e737b10a7f9e@group-B41F48618BA6-LeaderElection169: Election PASSED; received 1 response(s) [b8480f98-5c77-4f73-b6b9-e737b10a7f9e<-be6365c1-8fb2-47f9-87b1-78a3fb38138b#0:OK-t1] and 0 exception(s); b8480f98-5c77-4f73-b6b9-e737b10a7f9e@group-B41F48618BA6:t1, leader=null, voted=b8480f98-5c77-4f73-b6b9-e737b10a7f9e, raftlog=b8480f98-5c77-4f73-b6b9-e737b10a7f9e@group-B41F48618BA6-SegmentedRaftLog:OPENED:c-1,f-1,i0, conf=-1: [b8480f98-5c77-4f73-b6b9-e737b10a7f9e:192.168.34.61:32848, be6365c1-8fb2-47f9-87b1-78a3fb38138b:192.168.34.61:44393, f15e9ea2-ac28-4081-8e04-15028e251385:192.168.34.61:44094], old=null
2019-11-15 04:24:49,435 [Thread-3594] INFO  impl.RoleInfo (RoleInfo.java:updateAndGet(143)) - 64e09b31-9ee8-424d-be17-3e0ab51a0c68: start LeaderElection
2019-11-15 04:24:49,435 [b8480f98-5c77-4f73-b6b9-e737b10a7f9e@group-B41F48618BA6-LeaderElection169] INFO  impl.RoleInfo (RoleInfo.java:shutdownLeaderElection(134)) - b8480f98-5c77-4f73-b6b9-e737b10a7f9e: shutdown LeaderElection
2019-11-15 04:24:49,435 [b8480f98-5c77-4f73-b6b9-e737b10a7f9e@group-B41F48618BA6-LeaderElection169] INFO  impl.RaftServerImpl (RaftServerImpl.java:setRole(173)) - b8480f98-5c77-4f73-b6b9-e737b10a7f9e@group-B41F48618BA6: changes role from CANDIDATE to LEADER at term 1 for changeToLeader
2019-11-15 04:24:49,435 [b8480f98-5c77-4f73-b6b9-e737b10a7f9e@group-B41F48618BA6-LeaderElection169] INFO  ratis.XceiverServerRatis (XceiverServerRatis.java:handleLeaderChangedNotification(733)) - Leader change notification received for group: group-B41F48618BA6 with new leaderId: b8480f98-5c77-4f73-b6b9-e737b10a7f9e
2019-11-15 04:24:49,439 [b8480f98-5c77-4f73-b6b9-e737b10a7f9e@group-B41F48618BA6-LeaderElection169] INFO  impl.RaftServerImpl (ServerState.java:setLeader(255)) - b8480f98-5c77-4f73-b6b9-e737b10a7f9e@group-B41F48618BA6: change Leader from null to b8480f98-5c77-4f73-b6b9-e737b10a7f9e at term 1 for becomeLeader, leader elected after 1106ms
2019-11-15 04:24:49,441 [f15e9ea2-ac28-4081-8e04-15028e251385@group-B41F48618BA6-LeaderElection171] INFO  impl.LeaderElection (LeaderElection.java:askForVotes(178)) - f15e9ea2-ac28-4081-8e04-15028e251385@group-B41F48618BA6-LeaderElection171: begin an election at term 2 for -1: [b8480f98-5c77-4f73-b6b9-e737b10a7f9e:192.168.34.61:32848, be6365c1-8fb2-47f9-87b1-78a3fb38138b:192.168.34.61:44393, f15e9ea2-ac28-4081-8e04-15028e251385:192.168.34.61:44094], old=null
2019-11-15 04:24:49,442 [b8480f98-5c77-4f73-b6b9-e737b10a7f9e@group-B41F48618BA6-LeaderElection169] INFO  server.RaftServerConfigKeys (ConfUtils.java:logGet(43)) - raft.server.staging.catchup.gap = 1000 (default)
2019-11-15 04:24:49,442 [b8480f98-5c77-4f73-b6b9-e737b10a7f9e@group-B41F48618BA6-LeaderElection169] INFO  server.RaftServerConfigKeys (ConfUtils.java:logGet(43)) - raft.server.rpc.sleep.time = 25ms (default)
2019-11-15 04:24:49,442 [b8480f98-5c77-4f73-b6b9-e737b10a7f9e@group-B41F48618BA6-LeaderElection169] INFO  server.RaftServerConfigKeys (ConfUtils.java:logGet(43)) - raft.server.write.element-limit = 4096 (default)
2019-11-15 04:24:49,442 [EventQueue-PipelineReportForPipelineReportHandler] INFO  pipeline.PipelineReportHandler (PipelineReportHandler.java:processPipelineReport(113)) - Pipeline THREE PipelineID=37bb1998-c457-4570-8a91-b41f48618ba6 reported by b8480f98-5c77-4f73-b6b9-e737b10a7f9e{ip: 192.168.34.61, host: trunk-nightly-20191115-sgx8w-1801196118, networkLocation: /rack1, certSerialId: null}
2019-11-15 04:24:49,442 [f15e9ea2-ac28-4081-8e04-15028e251385@group-B41F48618BA6-LeaderElection171] INFO  impl.LeaderElection (LeaderElection.java:logAndReturn(56)) - f15e9ea2-ac28-4081-8e04-15028e251385@group-B41F48618BA6-LeaderElection171: Election REJECTED; received 0 response(s) [] and 0 exception(s); f15e9ea2-ac28-4081-8e04-15028e251385@group-B41F48618BA6:t2, leader=null, voted=f15e9ea2-ac28-4081-8e04-15028e251385, raftlog=f15e9ea2-ac28-4081-8e04-15028e251385@group-B41F48618BA6-SegmentedRaftLog:OPENED:c-1,f-1,i0, conf=-1: [b8480f98-5c77-4f73-b6b9-e737b10a7f9e:192.168.34.61:32848, be6365c1-8fb2-47f9-87b1-78a3fb38138b:192.168.34.61:44393, f15e9ea2-ac28-4081-8e04-15028e251385:192.168.34.61:44094], old=null
2019-11-15 04:24:49,442 [EventQueue-PipelineReportForPipelineReportHandler] INFO  pipeline.PipelineStateManager (PipelineStateManager.java:openPipeline(132)) - Pipeline Pipeline[ Id: 37bb1998-c457-4570-8a91-b41f48618ba6, Nodes: f15e9ea2-ac28-4081-8e04-15028e251385{ip: 192.168.34.61, host: trunk-nightly-20191115-sgx8w-1801196118, networkLocation: /rack1, certSerialId: null}be6365c1-8fb2-47f9-87b1-78a3fb38138b{ip: 192.168.34.61, host: trunk-nightly-20191115-sgx8w-1801196118, networkLocation: /rack1, certSerialId: null}b8480f98-5c77-4f73-b6b9-e737b10a7f9e{ip: 192.168.34.61, host: trunk-nightly-20191115-sgx8w-1801196118, networkLocation: /rack1, certSerialId: null}, Type:RATIS, Factor:THREE, State:ALLOCATED] moved to OPEN state
2019-11-15 04:24:49,442 [b8480f98-5c77-4f73-b6b9-e737b10a7f9e@group-B41F48618BA6-LeaderElection169] INFO  server.RaftServerConfigKeys (ConfUtils.java:logGet(43)) - raft.server.watch.timeout = 10s (default)
2019-11-15 04:24:49,442 [b8480f98-5c77-4f73-b6b9-e737b10a7f9e@group-B41F48618BA6-LeaderElection169] INFO  server.RaftServerConfigKeys (ConfUtils.java:logGet(43)) - raft.server.watch.timeout.denomination = 1s (default)
2019-11-15 04:24:49,442 [EventQueue-OpenPipelineForHealthyPipelineSafeModeRule] INFO  safemode.SCMSafeModeManager (HealthyPipelineSafeModeRule.java:process(132)) - SCM in safe mode. Healthy pipelines reported count is 1, required healthy pipeline reported count is 1
2019-11-15 04:24:49,443 [Thread-3582] INFO  impl.FollowerState (FollowerState.java:run(111)) - be6365c1-8fb2-47f9-87b1-78a3fb38138b@group-3AC3D75F4EFD-FollowerState: change to CANDIDATE, lastRpcTime:1185ms, electionTimeout:1183ms
2019-11-15 04:24:49,442 [EventQueue-OpenPipelineForOneReplicaPipelineSafeModeRule] INFO  safemode.SCMSafeModeManager (SCMSafeModeManager.java:validateSafeModeExitRules(176)) - AtleastOneDatanodeReportedRule rule is successfully validated
2019-11-15 04:24:49,443 [Thread-3582] INFO  impl.RoleInfo (RoleInfo.java:shutdownFollowerState(121)) - be6365c1-8fb2-47f9-87b1-78a3fb38138b: shutdown FollowerState
2019-11-15 04:24:49,442 [b8480f98-5c77-4f73-b6b9-e737b10a7f9e@group-B41F48618BA6-LeaderElection169] INFO  server.RaftServerConfigKeys (ConfUtils.java:logGet(43)) - raft.server.watch.element-limit = 65536 (default)
2019-11-15 04:24:49,443 [Thread-3582] INFO  impl.RaftServerImpl (RaftServerImpl.java:setRole(173)) - be6365c1-8fb2-47f9-87b1-78a3fb38138b@group-3AC3D75F4EFD: changes role from  FOLLOWER to CANDIDATE at term 0 for changeToCandidate
2019-11-15 04:24:49,443 [EventQueue-OpenPipelineForHealthyPipelineSafeModeRule] INFO  safemode.SCMSafeModeManager (SCMSafeModeManager.java:validateSafeModeExitRules(176)) - HealthyPipelineSafeModeRule rule is successfully validated
2019-11-15 04:24:49,443 [EventQueue-OpenPipelineForHealthyPipelineSafeModeRule] INFO  safemode.SCMSafeModeManager (SCMSafeModeManager.java:validateSafeModeExitRules(185)) - ScmSafeModeManager, all rules are successfully validated
2019-11-15 04:24:49,443 [EventQueue-OpenPipelineForHealthyPipelineSafeModeRule] INFO  safemode.SCMSafeModeManager (SCMSafeModeManager.java:exitSafeMode(201)) - SCM exiting safe mode.
2019-11-15 04:24:49,443 [b8480f98-5c77-4f73-b6b9-e737b10a7f9e@group-B41F48618BA6-LeaderElection169] INFO  server.RaftServerConfigKeys (ConfUtils.java:logGet(43)) - raft.server.log.appender.snapshot.chunk.size.max = 16MB (=16777216) (default)
2019-11-15 04:24:49,444 [b8480f98-5c77-4f73-b6b9-e737b10a7f9e@group-B41F48618BA6-LeaderElection169] INFO  server.RaftServerConfigKeys (ConfUtils.java:logGet(43)) - raft.server.log.appender.buffer.byte-limit = 33554432 (custom)
2019-11-15 04:24:49,443 [Thread-3582] INFO  impl.RoleInfo (RoleInfo.java:updateAndGet(143)) - be6365c1-8fb2-47f9-87b1-78a3fb38138b: start LeaderElection
2019-11-15 04:24:49,444 [b8480f98-5c77-4f73-b6b9-e737b10a7f9e@group-B41F48618BA6-LeaderElection169] INFO  server.RaftServerConfigKeys (ConfUtils.java:logGet(43)) - raft.server.log.appender.buffer.element-limit = 1 (custom)
2019-11-15 04:24:49,446 [b8480f98-5c77-4f73-b6b9-e737b10a7f9e@group-B41F48618BA6-LeaderElection169] INFO  grpc.GrpcConfigKeys$Server (ConfUtils.java:logGet(43)) - raft.grpc.server.leader.outstanding.appends.max = 128 (default)
2019-11-15 04:24:49,448 [b8480f98-5c77-4f73-b6b9-e737b10a7f9e@group-B41F48618BA6-LeaderElection169] INFO  server.RaftServerConfigKeys (ConfUtils.java:logGet(43)) - raft.server.rpc.request.timeout = 3000ms (default)
2019-11-15 04:24:49,448 [b8480f98-5c77-4f73-b6b9-e737b10a7f9e@group-B41F48618BA6-LeaderElection169] INFO  server.RaftServerConfigKeys (ConfUtils.java:logGet(43)) - raft.server.log.appender.install.snapshot.enabled = false (custom)
2019-11-15 04:24:49,448 [b8480f98-5c77-4f73-b6b9-e737b10a7f9e@group-B41F48618BA6-LeaderElection169] WARN  impl.MetricRegistriesImpl (MetricRegistriesImpl.java:lambda$create$1(61)) - First MetricRegistry has been created without registering reporters. You may need to call MetricRegistries.global().addReportRegistration(...) before.
2019-11-15 04:24:49,448 [b8480f98-5c77-4f73-b6b9-e737b10a7f9e@group-B41F48618BA6-LeaderElection169] INFO  server.RaftServerConfigKeys (ConfUtils.java:logGet(43)) - raft.server.log.appender.snapshot.chunk.size.max = 16MB (=16777216) (default)
2019-11-15 04:24:49,449 [b8480f98-5c77-4f73-b6b9-e737b10a7f9e@group-B41F48618BA6-LeaderElection169] INFO  server.RaftServerConfigKeys (ConfUtils.java:logGet(43)) - raft.server.log.appender.buffer.byte-limit = 33554432 (custom)
2019-11-15 04:24:49,449 [b8480f98-5c77-4f73-b6b9-e737b10a7f9e@group-B41F48618BA6-LeaderElection169] INFO  server.RaftServerConfigKeys (ConfUtils.java:logGet(43)) - raft.server.log.appender.buffer.element-limit = 1 (custom)
2019-11-15 04:24:49,449 [b8480f98-5c77-4f73-b6b9-e737b10a7f9e@group-B41F48618BA6-LeaderElection169] INFO  grpc.GrpcConfigKeys$Server (ConfUtils.java:logGet(43)) - raft.grpc.server.leader.outstanding.appends.max = 128 (default)
2019-11-15 04:24:49,450 [b8480f98-5c77-4f73-b6b9-e737b10a7f9e@group-B41F48618BA6-LeaderElection169] INFO  server.RaftServerConfigKeys (ConfUtils.java:logGet(43)) - raft.server.rpc.request.timeout = 3000ms (default)
2019-11-15 04:24:49,450 [b8480f98-5c77-4f73-b6b9-e737b10a7f9e@group-B41F48618BA6-LeaderElection169] INFO  server.RaftServerConfigKeys (ConfUtils.java:logGet(43)) - raft.server.log.appender.install.snapshot.enabled = false (custom)
2019-11-15 04:24:49,452 [grpc-default-executor-18] INFO  impl.RaftServerImpl (RaftServerImpl.java:setRole(173)) - be6365c1-8fb2-47f9-87b1-78a3fb38138b@group-B41F48618BA6: changes role from  FOLLOWER to FOLLOWER at term 2 for recognizeCandidate:f15e9ea2-ac28-4081-8e04-15028e251385
2019-11-15 04:24:49,453 [b8480f98-5c77-4f73-b6b9-e737b10a7f9e@group-B41F48618BA6-LeaderElection169] INFO  impl.RoleInfo (RoleInfo.java:updateAndGet(143)) - b8480f98-5c77-4f73-b6b9-e737b10a7f9e: start LeaderState
2019-11-15 04:24:49,453 [grpc-default-executor-18] INFO  impl.RoleInfo (RoleInfo.java:shutdownFollowerState(121)) - be6365c1-8fb2-47f9-87b1-78a3fb38138b: shutdown FollowerState
2019-11-15 04:24:49,453 [b8480f98-5c77-4f73-b6b9-e737b10a7f9e@group-B41F48618BA6-LeaderElection169] INFO  segmented.SegmentedRaftLogWorker (SegmentedRaftLogWorker.java:startLogSegment(385)) - b8480f98-5c77-4f73-b6b9-e737b10a7f9e@group-B41F48618BA6-SegmentedRaftLogWorker: Starting segment from index:0
2019-11-15 04:24:49,453 [Thread-3624] INFO  impl.FollowerState (FollowerState.java:run(120)) - be6365c1-8fb2-47f9-87b1-78a3fb38138b@group-B41F48618BA6-FollowerState was interrupted: java.lang.InterruptedException: sleep interrupted
2019-11-15 04:24:49,453 [grpc-default-executor-18] INFO  impl.RoleInfo (RoleInfo.java:updateAndGet(143)) - be6365c1-8fb2-47f9-87b1-78a3fb38138b: start FollowerState
2019-11-15 04:24:49,454 [b8480f98-5c77-4f73-b6b9-e737b10a7f9e@group-B41F48618BA6-LeaderElection169] INFO  impl.RaftServerImpl (ServerState.java:setRaftConf(356)) - b8480f98-5c77-4f73-b6b9-e737b10a7f9e@group-B41F48618BA6: set configuration 0: [b8480f98-5c77-4f73-b6b9-e737b10a7f9e:192.168.34.61:32848, be6365c1-8fb2-47f9-87b1-78a3fb38138b:192.168.34.61:44393, f15e9ea2-ac28-4081-8e04-15028e251385:192.168.34.61:44094], old=null at 0
2019-11-15 04:24:49,454 [grpc-default-executor-1] INFO  impl.RaftServerImpl (ServerState.java:setLeader(255)) - b8480f98-5c77-4f73-b6b9-e737b10a7f9e@group-B41F48618BA6: change Leader from b8480f98-5c77-4f73-b6b9-e737b10a7f9e to null at term 2 for updateCurrentTerm
2019-11-15 04:24:49,454 [grpc-default-executor-1] INFO  impl.RaftServerImpl (RaftServerImpl.java:setRole(173)) - b8480f98-5c77-4f73-b6b9-e737b10a7f9e@group-B41F48618BA6: changes role from    LEADER to FOLLOWER at term 2 for recognizeCandidate:f15e9ea2-ac28-4081-8e04-15028e251385
2019-11-15 04:24:49,454 [grpc-default-executor-1] INFO  impl.RoleInfo (RoleInfo.java:shutdownLeaderState(104)) - b8480f98-5c77-4f73-b6b9-e737b10a7f9e: shutdown LeaderState
2019-11-15 04:24:49,457 [grpc-default-executor-1] INFO  impl.PendingRequests (PendingRequests.java:sendNotLeaderResponses(206)) - b8480f98-5c77-4f73-b6b9-e737b10a7f9e@group-B41F48618BA6-PendingRequests: sendNotLeaderResponses
2019-11-15 04:24:49,457 [org.apache.ratis.server.impl.LogAppender$AppenderDaemon$$Lambda$1148/648630451@272ef31d] WARN  server.GrpcLogAppender (GrpcLogAppender.java:mayWait(151)) - b8480f98-5c77-4f73-b6b9-e737b10a7f9e@group-B41F48618BA6->be6365c1-8fb2-47f9-87b1-78a3fb38138b-GrpcLogAppender: Wait interrupted by java.lang.InterruptedException
2019-11-15 04:24:49,457 [org.apache.ratis.server.impl.LogAppender$AppenderDaemon$$Lambda$1148/648630451@622c799c] WARN  server.GrpcLogAppender (GrpcLogAppender.java:mayWait(151)) - b8480f98-5c77-4f73-b6b9-e737b10a7f9e@group-B41F48618BA6->f15e9ea2-ac28-4081-8e04-15028e251385-GrpcLogAppender: Wait interrupted by java.lang.InterruptedException
2019-11-15 04:24:49,457 [grpc-default-executor-1] INFO  impl.RoleInfo (RoleInfo.java:updateAndGet(143)) - b8480f98-5c77-4f73-b6b9-e737b10a7f9e: start FollowerState
2019-11-15 04:24:49,457 [grpc-default-executor-10] INFO  server.GrpcServerProtocolService (GrpcServerProtocolService.java:onCompleted(113)) - f15e9ea2-ac28-4081-8e04-15028e251385: Completed APPEND_ENTRIES, lastRequest: b8480f98-5c77-4f73-b6b9-e737b10a7f9e->f15e9ea2-ac28-4081-8e04-15028e251385#0-t1, previous=(t:0, i:0), leaderCommit=-1, initializing? false, entries: <empty>
2019-11-15 04:24:49,482 [b8480f98-5c77-4f73-b6b9-e737b10a7f9e@group-80736278A2FF-SegmentedRaftLogWorker] INFO  segmented.SegmentedRaftLogWorker (SegmentedRaftLogWorker.java:execute(576)) - b8480f98-5c77-4f73-b6b9-e737b10a7f9e@group-80736278A2FF-SegmentedRaftLogWorker: created new log segment /workdir/hadoop-ozone/integration-test/target/test-dir/MiniOzoneClusterImpl-b8077c48-d45a-4953-83b6-e1fc361e67bb/datanode-2/data/ratis/ef563034-0782-4212-b3d5-80736278a2ff/current/log_inprogress_0
2019-11-15 04:24:49,486 [f15e9ea2-ac28-4081-8e04-15028e251385@group-EFD342B65BA7-LeaderElection172] INFO  impl.LeaderElection (LeaderElection.java:askForVotes(178)) - f15e9ea2-ac28-4081-8e04-15028e251385@group-EFD342B65BA7-LeaderElection172: begin an election at term 1 for -1: [f15e9ea2-ac28-4081-8e04-15028e251385:192.168.34.61:44094], old=null
2019-11-15 04:24:49,486 [be6365c1-8fb2-47f9-87b1-78a3fb38138b@group-3AC3D75F4EFD-LeaderElection174] INFO  impl.LeaderElection (LeaderElection.java:askForVotes(178)) - be6365c1-8fb2-47f9-87b1-78a3fb38138b@group-3AC3D75F4EFD-LeaderElection174: begin an election at term 1 for -1: [be6365c1-8fb2-47f9-87b1-78a3fb38138b:192.168.34.61:44393], old=null
2019-11-15 04:24:49,486 [64e09b31-9ee8-424d-be17-3e0ab51a0c68@group-EE00FC5E4418-LeaderElection173] INFO  impl.LeaderElection (LeaderElection.java:askForVotes(178)) - 64e09b31-9ee8-424d-be17-3e0ab51a0c68@group-EE00FC5E4418-LeaderElection173: begin an election at term 1 for -1: [64e09b31-9ee8-424d-be17-3e0ab51a0c68:192.168.34.61:46300], old=null
2019-11-15 04:24:49,486 [be6365c1-8fb2-47f9-87b1-78a3fb38138b@group-3AC3D75F4EFD-LeaderElection174] INFO  impl.RoleInfo (RoleInfo.java:shutdownLeaderElection(134)) - be6365c1-8fb2-47f9-87b1-78a3fb38138b: shutdown LeaderElection
2019-11-15 04:24:49,486 [f15e9ea2-ac28-4081-8e04-15028e251385@group-EFD342B65BA7-LeaderElection172] INFO  impl.RoleInfo (RoleInfo.java:shutdownLeaderElection(134)) - f15e9ea2-ac28-4081-8e04-15028e251385: shutdown LeaderElection
2019-11-15 04:24:49,487 [be6365c1-8fb2-47f9-87b1-78a3fb38138b@group-3AC3D75F4EFD-LeaderElection174] INFO  impl.RaftServerImpl (RaftServerImpl.java:setRole(173)) - be6365c1-8fb2-47f9-87b1-78a3fb38138b@group-3AC3D75F4EFD: changes role from CANDIDATE to LEADER at term 1 for changeToLeader
2019-11-15 04:24:49,486 [64e09b31-9ee8-424d-be17-3e0ab51a0c68@group-EE00FC5E4418-LeaderElection173] INFO  impl.RoleInfo (RoleInfo.java:shutdownLeaderElection(134)) - 64e09b31-9ee8-424d-be17-3e0ab51a0c68: shutdown LeaderElection
2019-11-15 04:24:49,487 [be6365c1-8fb2-47f9-87b1-78a3fb38138b@group-3AC3D75F4EFD-LeaderElection174] INFO  ratis.XceiverServerRatis (XceiverServerRatis.java:handleLeaderChangedNotification(733)) - Leader change notification received for group: group-3AC3D75F4EFD with new leaderId: be6365c1-8fb2-47f9-87b1-78a3fb38138b
2019-11-15 04:24:49,487 [f15e9ea2-ac28-4081-8e04-15028e251385@group-EFD342B65BA7-LeaderElection172] INFO  impl.RaftServerImpl (RaftServerImpl.java:setRole(173)) - f15e9ea2-ac28-4081-8e04-15028e251385@group-EFD342B65BA7: changes role from CANDIDATE to LEADER at term 1 for changeToLeader
2019-11-15 04:24:49,487 [be6365c1-8fb2-47f9-87b1-78a3fb38138b@group-3AC3D75F4EFD-LeaderElection174] INFO  impl.RaftServerImpl (ServerState.java:setLeader(255)) - be6365c1-8fb2-47f9-87b1-78a3fb38138b@group-3AC3D75F4EFD: change Leader from null to be6365c1-8fb2-47f9-87b1-78a3fb38138b at term 1 for becomeLeader, leader elected after 1237ms
2019-11-15 04:24:49,487 [64e09b31-9ee8-424d-be17-3e0ab51a0c68@group-EE00FC5E4418-LeaderElection173] INFO  impl.RaftServerImpl (RaftServerImpl.java:setRole(173)) - 64e09b31-9ee8-424d-be17-3e0ab51a0c68@group-EE00FC5E4418: changes role from CANDIDATE to LEADER at term 1 for changeToLeader
2019-11-15 04:24:49,487 [be6365c1-8fb2-47f9-87b1-78a3fb38138b@group-3AC3D75F4EFD-LeaderElection174] INFO  server.RaftServerConfigKeys (ConfUtils.java:logGet(43)) - raft.server.staging.catchup.gap = 1000 (default)
2019-11-15 04:24:49,487 [f15e9ea2-ac28-4081-8e04-15028e251385@group-EFD342B65BA7-LeaderElection172] INFO  ratis.XceiverServerRatis (XceiverServerRatis.java:handleLeaderChangedNotification(733)) - Leader change notification received for group: group-EFD342B65BA7 with new leaderId: f15e9ea2-ac28-4081-8e04-15028e251385
2019-11-15 04:24:49,487 [be6365c1-8fb2-47f9-87b1-78a3fb38138b@group-3AC3D75F4EFD-LeaderElection174] INFO  server.RaftServerConfigKeys (ConfUtils.java:logGet(43)) - raft.server.rpc.sleep.time = 25ms (default)
2019-11-15 04:24:49,487 [64e09b31-9ee8-424d-be17-3e0ab51a0c68@group-EE00FC5E4418-LeaderElection173] INFO  ratis.XceiverServerRatis (XceiverServerRatis.java:handleLeaderChangedNotification(733)) - Leader change notification received for group: group-EE00FC5E4418 with new leaderId: 64e09b31-9ee8-424d-be17-3e0ab51a0c68
2019-11-15 04:24:49,487 [be6365c1-8fb2-47f9-87b1-78a3fb38138b@group-3AC3D75F4EFD-LeaderElection174] INFO  server.RaftServerConfigKeys (ConfUtils.java:logGet(43)) - raft.server.write.element-limit = 4096 (default)
2019-11-15 04:24:49,487 [f15e9ea2-ac28-4081-8e04-15028e251385@group-EFD342B65BA7-LeaderElection172] INFO  impl.RaftServerImpl (ServerState.java:setLeader(255)) - f15e9ea2-ac28-4081-8e04-15028e251385@group-EFD342B65BA7: change Leader from null to f15e9ea2-ac28-4081-8e04-15028e251385 at term 1 for becomeLeader, leader elected after 1249ms
2019-11-15 04:24:49,488 [be6365c1-8fb2-47f9-87b1-78a3fb38138b@group-3AC3D75F4EFD-LeaderElection174] INFO  server.RaftServerConfigKeys (ConfUtils.java:logGet(43)) - raft.server.watch.timeout = 10s (default)
2019-11-15 04:24:49,487 [64e09b31-9ee8-424d-be17-3e0ab51a0c68@group-EE00FC5E4418-LeaderElection173] INFO  impl.RaftServerImpl (ServerState.java:setLeader(255)) - 64e09b31-9ee8-424d-be17-3e0ab51a0c68@group-EE00FC5E4418: change Leader from null to 64e09b31-9ee8-424d-be17-3e0ab51a0c68 at term 1 for becomeLeader, leader elected after 1113ms
2019-11-15 04:24:49,488 [be6365c1-8fb2-47f9-87b1-78a3fb38138b@group-3AC3D75F4EFD-LeaderElection174] INFO  server.RaftServerConfigKeys (ConfUtils.java:logGet(43)) - raft.server.watch.timeout.denomination = 1s (default)
2019-11-15 04:24:49,488 [f15e9ea2-ac28-4081-8e04-15028e251385@group-EFD342B65BA7-LeaderElection172] INFO  server.RaftServerConfigKeys (ConfUtils.java:logGet(43)) - raft.server.staging.catchup.gap = 1000 (default)
2019-11-15 04:24:49,488 [be6365c1-8fb2-47f9-87b1-78a3fb38138b@group-3AC3D75F4EFD-LeaderElection174] INFO  server.RaftServerConfigKeys (ConfUtils.java:logGet(43)) - raft.server.watch.element-limit = 65536 (default)
2019-11-15 04:24:49,488 [EventQueue-PipelineReportForPipelineReportHandler] INFO  pipeline.PipelineReportHandler (PipelineReportHandler.java:processPipelineReport(113)) - Pipeline THREE PipelineID=a346b2a8-df1e-4e24-b87e-1f0597f7c030 reported by 64e09b31-9ee8-424d-be17-3e0ab51a0c68{ip: 192.168.34.61, host: trunk-nightly-20191115-sgx8w-1801196118, networkLocation: /rack1, certSerialId: null}
2019-11-15 04:24:49,488 [be6365c1-8fb2-47f9-87b1-78a3fb38138b@group-3AC3D75F4EFD-LeaderElection174] INFO  impl.RoleInfo (RoleInfo.java:updateAndGet(143)) - be6365c1-8fb2-47f9-87b1-78a3fb38138b: start LeaderState
2019-11-15 04:24:49,488 [64e09b31-9ee8-424d-be17-3e0ab51a0c68@group-EE00FC5E4418-LeaderElection173] INFO  server.RaftServerConfigKeys (ConfUtils.java:logGet(43)) - raft.server.staging.catchup.gap = 1000 (default)
2019-11-15 04:24:49,488 [f15e9ea2-ac28-4081-8e04-15028e251385@group-EFD342B65BA7-LeaderElection172] INFO  server.RaftServerConfigKeys (ConfUtils.java:logGet(43)) - raft.server.rpc.sleep.time = 25ms (default)
2019-11-15 04:24:49,488 [be6365c1-8fb2-47f9-87b1-78a3fb38138b@group-3AC3D75F4EFD-LeaderElection174] INFO  segmented.SegmentedRaftLogWorker (SegmentedRaftLogWorker.java:startLogSegment(385)) - be6365c1-8fb2-47f9-87b1-78a3fb38138b@group-3AC3D75F4EFD-SegmentedRaftLogWorker: Starting segment from index:0
2019-11-15 04:24:49,488 [64e09b31-9ee8-424d-be17-3e0ab51a0c68@group-EE00FC5E4418-LeaderElection173] INFO  server.RaftServerConfigKeys (ConfUtils.java:logGet(43)) - raft.server.rpc.sleep.time = 25ms (default)
2019-11-15 04:24:49,488 [f15e9ea2-ac28-4081-8e04-15028e251385@group-EFD342B65BA7-LeaderElection172] INFO  server.RaftServerConfigKeys (ConfUtils.java:logGet(43)) - raft.server.write.element-limit = 4096 (default)
2019-11-15 04:24:49,488 [64e09b31-9ee8-424d-be17-3e0ab51a0c68@group-EE00FC5E4418-LeaderElection173] INFO  server.RaftServerConfigKeys (ConfUtils.java:logGet(43)) - raft.server.write.element-limit = 4096 (default)
2019-11-15 04:24:49,489 [f15e9ea2-ac28-4081-8e04-15028e251385@group-EFD342B65BA7-LeaderElection172] INFO  server.RaftServerConfigKeys (ConfUtils.java:logGet(43)) - raft.server.watch.timeout = 10s (default)
2019-11-15 04:24:49,489 [be6365c1-8fb2-47f9-87b1-78a3fb38138b@group-3AC3D75F4EFD-LeaderElection174] INFO  impl.RaftServerImpl (ServerState.java:setRaftConf(356)) - be6365c1-8fb2-47f9-87b1-78a3fb38138b@group-3AC3D75F4EFD: set configuration 0: [be6365c1-8fb2-47f9-87b1-78a3fb38138b:192.168.34.61:44393], old=null at 0
2019-11-15 04:24:49,489 [f15e9ea2-ac28-4081-8e04-15028e251385@group-EFD342B65BA7-LeaderElection172] INFO  server.RaftServerConfigKeys (ConfUtils.java:logGet(43)) - raft.server.watch.timeout.denomination = 1s (default)
2019-11-15 04:24:49,489 [64e09b31-9ee8-424d-be17-3e0ab51a0c68@group-EE00FC5E4418-LeaderElection173] INFO  server.RaftServerConfigKeys (ConfUtils.java:logGet(43)) - raft.server.watch.timeout = 10s (default)
2019-11-15 04:24:49,489 [f15e9ea2-ac28-4081-8e04-15028e251385@group-EFD342B65BA7-LeaderElection172] INFO  server.RaftServerConfigKeys (ConfUtils.java:logGet(43)) - raft.server.watch.element-limit = 65536 (default)
2019-11-15 04:24:49,489 [64e09b31-9ee8-424d-be17-3e0ab51a0c68@group-EE00FC5E4418-LeaderElection173] INFO  server.RaftServerConfigKeys (ConfUtils.java:logGet(43)) - raft.server.watch.timeout.denomination = 1s (default)
2019-11-15 04:24:49,489 [f15e9ea2-ac28-4081-8e04-15028e251385@group-EFD342B65BA7-LeaderElection172] INFO  impl.RoleInfo (RoleInfo.java:updateAndGet(143)) - f15e9ea2-ac28-4081-8e04-15028e251385: start LeaderState
2019-11-15 04:24:49,489 [64e09b31-9ee8-424d-be17-3e0ab51a0c68@group-EE00FC5E4418-LeaderElection173] INFO  server.RaftServerConfigKeys (ConfUtils.java:logGet(43)) - raft.server.watch.element-limit = 65536 (default)
2019-11-15 04:24:49,489 [f15e9ea2-ac28-4081-8e04-15028e251385@group-EFD342B65BA7-LeaderElection172] INFO  segmented.SegmentedRaftLogWorker (SegmentedRaftLogWorker.java:startLogSegment(385)) - f15e9ea2-ac28-4081-8e04-15028e251385@group-EFD342B65BA7-SegmentedRaftLogWorker: Starting segment from index:0
2019-11-15 04:24:49,489 [64e09b31-9ee8-424d-be17-3e0ab51a0c68@group-EE00FC5E4418-LeaderElection173] INFO  impl.RoleInfo (RoleInfo.java:updateAndGet(143)) - 64e09b31-9ee8-424d-be17-3e0ab51a0c68: start LeaderState
2019-11-15 04:24:49,490 [64e09b31-9ee8-424d-be17-3e0ab51a0c68@group-EE00FC5E4418-LeaderElection173] INFO  segmented.SegmentedRaftLogWorker (SegmentedRaftLogWorker.java:startLogSegment(385)) - 64e09b31-9ee8-424d-be17-3e0ab51a0c68@group-EE00FC5E4418-SegmentedRaftLogWorker: Starting segment from index:0
2019-11-15 04:24:49,490 [f15e9ea2-ac28-4081-8e04-15028e251385@group-EFD342B65BA7-LeaderElection172] INFO  impl.RaftServerImpl (ServerState.java:setRaftConf(356)) - f15e9ea2-ac28-4081-8e04-15028e251385@group-EFD342B65BA7: set configuration 0: [f15e9ea2-ac28-4081-8e04-15028e251385:192.168.34.61:44094], old=null at 0
2019-11-15 04:24:49,490 [64e09b31-9ee8-424d-be17-3e0ab51a0c68@group-EE00FC5E4418-LeaderElection173] INFO  impl.RaftServerImpl (ServerState.java:setRaftConf(356)) - 64e09b31-9ee8-424d-be17-3e0ab51a0c68@group-EE00FC5E4418: set configuration 0: [64e09b31-9ee8-424d-be17-3e0ab51a0c68:192.168.34.61:46300], old=null at 0
2019-11-15 04:24:49,495 [grpc-default-executor-19] INFO  server.GrpcLogAppender (GrpcLogAppender.java:onCompleted(308)) - b8480f98-5c77-4f73-b6b9-e737b10a7f9e@group-B41F48618BA6->f15e9ea2-ac28-4081-8e04-15028e251385-AppendLogResponseHandler: follower responses appendEntries COMPLETED
2019-11-15 04:24:49,495 [grpc-default-executor-16] INFO  server.GrpcServerProtocolService (GrpcServerProtocolService.java:onCompleted(113)) - be6365c1-8fb2-47f9-87b1-78a3fb38138b: Completed APPEND_ENTRIES, lastRequest: b8480f98-5c77-4f73-b6b9-e737b10a7f9e->be6365c1-8fb2-47f9-87b1-78a3fb38138b#0-t1, previous=(t:0, i:0), leaderCommit=-1, initializing? false, entries: <empty>
2019-11-15 04:24:49,519 [b8480f98-5c77-4f73-b6b9-e737b10a7f9e@group-B41F48618BA6-SegmentedRaftLogWorker] INFO  segmented.SegmentedRaftLogWorker (SegmentedRaftLogWorker.java:execute(576)) - b8480f98-5c77-4f73-b6b9-e737b10a7f9e@group-B41F48618BA6-SegmentedRaftLogWorker: created new log segment /workdir/hadoop-ozone/integration-test/target/test-dir/MiniOzoneClusterImpl-b8077c48-d45a-4953-83b6-e1fc361e67bb/datanode-2/data/ratis/37bb1998-c457-4570-8a91-b41f48618ba6/current/log_inprogress_0
2019-11-15 04:24:49,519 [Thread-3596] INFO  impl.FollowerState (FollowerState.java:run(111)) - 64e09b31-9ee8-424d-be17-3e0ab51a0c68@group-1F0597F7C030-FollowerState: change to CANDIDATE, lastRpcTime:1114ms, electionTimeout:1104ms
2019-11-15 04:24:49,519 [Thread-3596] INFO  impl.RoleInfo (RoleInfo.java:shutdownFollowerState(121)) - 64e09b31-9ee8-424d-be17-3e0ab51a0c68: shutdown FollowerState
2019-11-15 04:24:49,521 [Thread-3596] INFO  impl.RaftServerImpl (RaftServerImpl.java:setRole(173)) - 64e09b31-9ee8-424d-be17-3e0ab51a0c68@group-1F0597F7C030: changes role from  FOLLOWER to CANDIDATE at term 0 for changeToCandidate
2019-11-15 04:24:49,521 [Thread-3596] INFO  impl.RoleInfo (RoleInfo.java:updateAndGet(143)) - 64e09b31-9ee8-424d-be17-3e0ab51a0c68: start LeaderElection
2019-11-15 04:24:49,521 [grpc-default-executor-1] INFO  server.GrpcLogAppender (GrpcLogAppender.java:onCompleted(308)) - b8480f98-5c77-4f73-b6b9-e737b10a7f9e@group-B41F48618BA6->be6365c1-8fb2-47f9-87b1-78a3fb38138b-AppendLogResponseHandler: follower responses appendEntries COMPLETED
2019-11-15 04:24:49,524 [grpc-default-executor-19] INFO  impl.FollowerInfo (FollowerInfo.java:lambda$new$0(51)) - b8480f98-5c77-4f73-b6b9-e737b10a7f9e@group-B41F48618BA6->f15e9ea2-ac28-4081-8e04-15028e251385: nextIndex: updateUnconditionally 0 -> 0
2019-11-15 04:24:49,524 [grpc-default-executor-1] INFO  impl.FollowerInfo (FollowerInfo.java:lambda$new$0(51)) - b8480f98-5c77-4f73-b6b9-e737b10a7f9e@group-B41F48618BA6->be6365c1-8fb2-47f9-87b1-78a3fb38138b: nextIndex: updateUnconditionally 0 -> 0
2019-11-15 04:24:49,545 [f15e9ea2-ac28-4081-8e04-15028e251385@group-EFD342B65BA7-SegmentedRaftLogWorker] INFO  segmented.SegmentedRaftLogWorker (SegmentedRaftLogWorker.java:execute(576)) - f15e9ea2-ac28-4081-8e04-15028e251385@group-EFD342B65BA7-SegmentedRaftLogWorker: created new log segment /workdir/hadoop-ozone/integration-test/target/test-dir/MiniOzoneClusterImpl-b8077c48-d45a-4953-83b6-e1fc361e67bb/datanode-0/data/ratis/2d5266ae-58ec-4fbf-aaf4-efd342b65ba7/current/log_inprogress_0
2019-11-15 04:24:49,545 [be6365c1-8fb2-47f9-87b1-78a3fb38138b@group-3AC3D75F4EFD-SegmentedRaftLogWorker] INFO  segmented.SegmentedRaftLogWorker (SegmentedRaftLogWorker.java:execute(576)) - be6365c1-8fb2-47f9-87b1-78a3fb38138b@group-3AC3D75F4EFD-SegmentedRaftLogWorker: created new log segment /workdir/hadoop-ozone/integration-test/target/test-dir/MiniOzoneClusterImpl-b8077c48-d45a-4953-83b6-e1fc361e67bb/datanode-1/data/ratis/44c68b8f-0191-4b9f-a107-3ac3d75f4efd/current/log_inprogress_0
2019-11-15 04:24:49,545 [64e09b31-9ee8-424d-be17-3e0ab51a0c68@group-EE00FC5E4418-SegmentedRaftLogWorker] INFO  segmented.SegmentedRaftLogWorker (SegmentedRaftLogWorker.java:execute(576)) - 64e09b31-9ee8-424d-be17-3e0ab51a0c68@group-EE00FC5E4418-SegmentedRaftLogWorker: created new log segment /workdir/hadoop-ozone/integration-test/target/test-dir/MiniOzoneClusterImpl-b8077c48-d45a-4953-83b6-e1fc361e67bb/datanode-3/data/ratis/831ca3d1-1ae8-4419-8a23-ee00fc5e4418/current/log_inprogress_0
2019-11-15 04:24:49,545 [64e09b31-9ee8-424d-be17-3e0ab51a0c68@group-1F0597F7C030-LeaderElection175] INFO  impl.LeaderElection (LeaderElection.java:askForVotes(178)) - 64e09b31-9ee8-424d-be17-3e0ab51a0c68@group-1F0597F7C030-LeaderElection175: begin an election at term 1 for -1: [64e09b31-9ee8-424d-be17-3e0ab51a0c68:192.168.34.61:46300, a0798825-8ead-4df5-a6ef-f7c35f311519:192.168.34.61:36951, ed7fcdca-26e4-49e6-a038-f4a6d52e370d:192.168.34.61:44989], old=null
2019-11-15 04:24:49,551 [Thread-3602] INFO  impl.FollowerState (FollowerState.java:run(111)) - ed7fcdca-26e4-49e6-a038-f4a6d52e370d@group-903109CB5148-FollowerState: change to CANDIDATE, lastRpcTime:1054ms, electionTimeout:1053ms
2019-11-15 04:24:49,553 [grpc-default-executor-19] INFO  impl.RaftServerImpl (RaftServerImpl.java:setRole(173)) - a0798825-8ead-4df5-a6ef-f7c35f311519@group-1F0597F7C030: changes role from  FOLLOWER to FOLLOWER at term 1 for recognizeCandidate:64e09b31-9ee8-424d-be17-3e0ab51a0c68
2019-11-15 04:24:49,554 [grpc-default-executor-1] INFO  impl.RaftServerImpl (RaftServerImpl.java:setRole(173)) - ed7fcdca-26e4-49e6-a038-f4a6d52e370d@group-1F0597F7C030: changes role from  FOLLOWER to FOLLOWER at term 1 for recognizeCandidate:64e09b31-9ee8-424d-be17-3e0ab51a0c68
2019-11-15 04:24:49,555 [grpc-default-executor-1] INFO  impl.RoleInfo (RoleInfo.java:shutdownFollowerState(121)) - ed7fcdca-26e4-49e6-a038-f4a6d52e370d: shutdown FollowerState
2019-11-15 04:24:49,553 [Thread-3602] INFO  impl.RoleInfo (RoleInfo.java:shutdownFollowerState(121)) - ed7fcdca-26e4-49e6-a038-f4a6d52e370d: shutdown FollowerState
2019-11-15 04:24:49,555 [grpc-default-executor-1] INFO  impl.RoleInfo (RoleInfo.java:updateAndGet(143)) - ed7fcdca-26e4-49e6-a038-f4a6d52e370d: start FollowerState
2019-11-15 04:24:49,555 [grpc-default-executor-19] INFO  impl.RoleInfo (RoleInfo.java:shutdownFollowerState(121)) - a0798825-8ead-4df5-a6ef-f7c35f311519: shutdown FollowerState
2019-11-15 04:24:49,555 [Thread-3602] INFO  impl.RaftServerImpl (RaftServerImpl.java:setRole(173)) - ed7fcdca-26e4-49e6-a038-f4a6d52e370d@group-903109CB5148: changes role from  FOLLOWER to CANDIDATE at term 0 for changeToCandidate
2019-11-15 04:24:49,555 [Thread-3604] INFO  impl.FollowerState (FollowerState.java:run(120)) - ed7fcdca-26e4-49e6-a038-f4a6d52e370d@group-1F0597F7C030-FollowerState was interrupted: java.lang.InterruptedException: sleep interrupted
2019-11-15 04:24:49,555 [Thread-3602] INFO  impl.RoleInfo (RoleInfo.java:updateAndGet(143)) - ed7fcdca-26e4-49e6-a038-f4a6d52e370d: start LeaderElection
2019-11-15 04:24:49,555 [Thread-3600] INFO  impl.FollowerState (FollowerState.java:run(120)) - a0798825-8ead-4df5-a6ef-f7c35f311519@group-1F0597F7C030-FollowerState was interrupted: java.lang.InterruptedException: sleep interrupted
2019-11-15 04:24:49,555 [grpc-default-executor-19] INFO  impl.RoleInfo (RoleInfo.java:updateAndGet(143)) - a0798825-8ead-4df5-a6ef-f7c35f311519: start FollowerState
2019-11-15 04:24:49,571 [ed7fcdca-26e4-49e6-a038-f4a6d52e370d@group-903109CB5148-LeaderElection176] INFO  impl.LeaderElection (LeaderElection.java:askForVotes(178)) - ed7fcdca-26e4-49e6-a038-f4a6d52e370d@group-903109CB5148-LeaderElection176: begin an election at term 1 for -1: [ed7fcdca-26e4-49e6-a038-f4a6d52e370d:192.168.34.61:44989], old=null
2019-11-15 04:24:49,572 [ed7fcdca-26e4-49e6-a038-f4a6d52e370d@group-903109CB5148-LeaderElection176] INFO  impl.RoleInfo (RoleInfo.java:shutdownLeaderElection(134)) - ed7fcdca-26e4-49e6-a038-f4a6d52e370d: shutdown LeaderElection
2019-11-15 04:24:49,572 [ed7fcdca-26e4-49e6-a038-f4a6d52e370d@group-903109CB5148-LeaderElection176] INFO  impl.RaftServerImpl (RaftServerImpl.java:setRole(173)) - ed7fcdca-26e4-49e6-a038-f4a6d52e370d@group-903109CB5148: changes role from CANDIDATE to LEADER at term 1 for changeToLeader
2019-11-15 04:24:49,574 [ed7fcdca-26e4-49e6-a038-f4a6d52e370d@group-903109CB5148-LeaderElection176] INFO  ratis.XceiverServerRatis (XceiverServerRatis.java:handleLeaderChangedNotification(733)) - Leader change notification received for group: group-903109CB5148 with new leaderId: ed7fcdca-26e4-49e6-a038-f4a6d52e370d
2019-11-15 04:24:49,574 [ed7fcdca-26e4-49e6-a038-f4a6d52e370d@group-903109CB5148-LeaderElection176] INFO  impl.RaftServerImpl (ServerState.java:setLeader(255)) - ed7fcdca-26e4-49e6-a038-f4a6d52e370d@group-903109CB5148: change Leader from null to ed7fcdca-26e4-49e6-a038-f4a6d52e370d at term 1 for becomeLeader, leader elected after 1078ms
2019-11-15 04:24:49,575 [64e09b31-9ee8-424d-be17-3e0ab51a0c68@group-1F0597F7C030-LeaderElection175] INFO  impl.LeaderElection (LeaderElection.java:logAndReturn(56)) - 64e09b31-9ee8-424d-be17-3e0ab51a0c68@group-1F0597F7C030-LeaderElection175: Election PASSED; received 1 response(s) [64e09b31-9ee8-424d-be17-3e0ab51a0c68<-ed7fcdca-26e4-49e6-a038-f4a6d52e370d#0:OK-t1] and 0 exception(s); 64e09b31-9ee8-424d-be17-3e0ab51a0c68@group-1F0597F7C030:t1, leader=null, voted=64e09b31-9ee8-424d-be17-3e0ab51a0c68, raftlog=64e09b31-9ee8-424d-be17-3e0ab51a0c68@group-1F0597F7C030-SegmentedRaftLog:OPENED:c-1,f-1,i0, conf=-1: [64e09b31-9ee8-424d-be17-3e0ab51a0c68:192.168.34.61:46300, a0798825-8ead-4df5-a6ef-f7c35f311519:192.168.34.61:36951, ed7fcdca-26e4-49e6-a038-f4a6d52e370d:192.168.34.61:44989], old=null
2019-11-15 04:24:49,575 [ed7fcdca-26e4-49e6-a038-f4a6d52e370d@group-903109CB5148-LeaderElection176] INFO  server.RaftServerConfigKeys (ConfUtils.java:logGet(43)) - raft.server.staging.catchup.gap = 1000 (default)
2019-11-15 04:24:49,575 [64e09b31-9ee8-424d-be17-3e0ab51a0c68@group-1F0597F7C030-LeaderElection175] INFO  impl.RoleInfo (RoleInfo.java:shutdownLeaderElection(134)) - 64e09b31-9ee8-424d-be17-3e0ab51a0c68: shutdown LeaderElection
2019-11-15 04:24:49,575 [ed7fcdca-26e4-49e6-a038-f4a6d52e370d@group-903109CB5148-LeaderElection176] INFO  server.RaftServerConfigKeys (ConfUtils.java:logGet(43)) - raft.server.rpc.sleep.time = 25ms (default)
2019-11-15 04:24:49,575 [64e09b31-9ee8-424d-be17-3e0ab51a0c68@group-1F0597F7C030-LeaderElection175] INFO  impl.RaftServerImpl (RaftServerImpl.java:setRole(173)) - 64e09b31-9ee8-424d-be17-3e0ab51a0c68@group-1F0597F7C030: changes role from CANDIDATE to LEADER at term 1 for changeToLeader
2019-11-15 04:24:49,575 [ed7fcdca-26e4-49e6-a038-f4a6d52e370d@group-903109CB5148-LeaderElection176] INFO  server.RaftServerConfigKeys (ConfUtils.java:logGet(43)) - raft.server.write.element-limit = 4096 (default)
2019-11-15 04:24:49,575 [64e09b31-9ee8-424d-be17-3e0ab51a0c68@group-1F0597F7C030-LeaderElection175] INFO  ratis.XceiverServerRatis (XceiverServerRatis.java:handleLeaderChangedNotification(733)) - Leader change notification received for group: group-1F0597F7C030 with new leaderId: 64e09b31-9ee8-424d-be17-3e0ab51a0c68
2019-11-15 04:24:49,575 [ed7fcdca-26e4-49e6-a038-f4a6d52e370d@group-903109CB5148-LeaderElection176] INFO  server.RaftServerConfigKeys (ConfUtils.java:logGet(43)) - raft.server.watch.timeout = 10s (default)
2019-11-15 04:24:49,575 [EventQueue-PipelineReportForPipelineReportHandler] INFO  pipeline.PipelineReportHandler (PipelineReportHandler.java:processPipelineReport(113)) - Pipeline THREE PipelineID=a346b2a8-df1e-4e24-b87e-1f0597f7c030 reported by ed7fcdca-26e4-49e6-a038-f4a6d52e370d{ip: 192.168.34.61, host: trunk-nightly-20191115-sgx8w-1801196118, networkLocation: /rack1, certSerialId: null}
2019-11-15 04:24:49,575 [64e09b31-9ee8-424d-be17-3e0ab51a0c68@group-1F0597F7C030-LeaderElection175] INFO  impl.RaftServerImpl (ServerState.java:setLeader(255)) - 64e09b31-9ee8-424d-be17-3e0ab51a0c68@group-1F0597F7C030: change Leader from null to 64e09b31-9ee8-424d-be17-3e0ab51a0c68 at term 1 for becomeLeader, leader elected after 1173ms
2019-11-15 04:24:49,575 [ed7fcdca-26e4-49e6-a038-f4a6d52e370d@group-903109CB5148-LeaderElection176] INFO  server.RaftServerConfigKeys (ConfUtils.java:logGet(43)) - raft.server.watch.timeout.denomination = 1s (default)
2019-11-15 04:24:49,576 [64e09b31-9ee8-424d-be17-3e0ab51a0c68@group-1F0597F7C030-LeaderElection175] INFO  server.RaftServerConfigKeys (ConfUtils.java:logGet(43)) - raft.server.staging.catchup.gap = 1000 (default)
2019-11-15 04:24:49,576 [ed7fcdca-26e4-49e6-a038-f4a6d52e370d@group-903109CB5148-LeaderElection176] INFO  server.RaftServerConfigKeys (ConfUtils.java:logGet(43)) - raft.server.watch.element-limit = 65536 (default)
2019-11-15 04:24:49,576 [EventQueue-PipelineReportForPipelineReportHandler] INFO  pipeline.PipelineReportHandler (PipelineReportHandler.java:processPipelineReport(113)) - Pipeline THREE PipelineID=a346b2a8-df1e-4e24-b87e-1f0597f7c030 reported by 64e09b31-9ee8-424d-be17-3e0ab51a0c68{ip: 192.168.34.61, host: trunk-nightly-20191115-sgx8w-1801196118, networkLocation: /rack1, certSerialId: null}
2019-11-15 04:24:49,576 [64e09b31-9ee8-424d-be17-3e0ab51a0c68@group-1F0597F7C030-LeaderElection175] INFO  server.RaftServerConfigKeys (ConfUtils.java:logGet(43)) - raft.server.rpc.sleep.time = 25ms (default)
2019-11-15 04:24:49,576 [EventQueue-PipelineReportForPipelineReportHandler] INFO  pipeline.PipelineStateManager (PipelineStateManager.java:openPipeline(132)) - Pipeline Pipeline[ Id: a346b2a8-df1e-4e24-b87e-1f0597f7c030, Nodes: a0798825-8ead-4df5-a6ef-f7c35f311519{ip: 192.168.34.61, host: trunk-nightly-20191115-sgx8w-1801196118, networkLocation: /rack1, certSerialId: null}ed7fcdca-26e4-49e6-a038-f4a6d52e370d{ip: 192.168.34.61, host: trunk-nightly-20191115-sgx8w-1801196118, networkLocation: /rack1, certSerialId: null}64e09b31-9ee8-424d-be17-3e0ab51a0c68{ip: 192.168.34.61, host: trunk-nightly-20191115-sgx8w-1801196118, networkLocation: /rack1, certSerialId: null}, Type:RATIS, Factor:THREE, State:ALLOCATED] moved to OPEN state
2019-11-15 04:24:49,576 [64e09b31-9ee8-424d-be17-3e0ab51a0c68@group-1F0597F7C030-LeaderElection175] INFO  server.RaftServerConfigKeys (ConfUtils.java:logGet(43)) - raft.server.write.element-limit = 4096 (default)
2019-11-15 04:24:49,576 [ed7fcdca-26e4-49e6-a038-f4a6d52e370d@group-903109CB5148-LeaderElection176] INFO  impl.RoleInfo (RoleInfo.java:updateAndGet(143)) - ed7fcdca-26e4-49e6-a038-f4a6d52e370d: start LeaderState
2019-11-15 04:24:49,576 [64e09b31-9ee8-424d-be17-3e0ab51a0c68@group-1F0597F7C030-LeaderElection175] INFO  server.RaftServerConfigKeys (ConfUtils.java:logGet(43)) - raft.server.watch.timeout = 10s (default)
2019-11-15 04:24:49,576 [64e09b31-9ee8-424d-be17-3e0ab51a0c68@group-1F0597F7C030-LeaderElection175] INFO  server.RaftServerConfigKeys (ConfUtils.java:logGet(43)) - raft.server.watch.timeout.denomination = 1s (default)
2019-11-15 04:24:49,576 [ed7fcdca-26e4-49e6-a038-f4a6d52e370d@group-903109CB5148-LeaderElection176] INFO  segmented.SegmentedRaftLogWorker (SegmentedRaftLogWorker.java:startLogSegment(385)) - ed7fcdca-26e4-49e6-a038-f4a6d52e370d@group-903109CB5148-SegmentedRaftLogWorker: Starting segment from index:0
2019-11-15 04:24:49,576 [64e09b31-9ee8-424d-be17-3e0ab51a0c68@group-1F0597F7C030-LeaderElection175] INFO  server.RaftServerConfigKeys (ConfUtils.java:logGet(43)) - raft.server.watch.element-limit = 65536 (default)
2019-11-15 04:24:49,577 [64e09b31-9ee8-424d-be17-3e0ab51a0c68@group-1F0597F7C030-LeaderElection175] INFO  server.RaftServerConfigKeys (ConfUtils.java:logGet(43)) - raft.server.log.appender.snapshot.chunk.size.max = 16MB (=16777216) (default)
2019-11-15 04:24:49,577 [ed7fcdca-26e4-49e6-a038-f4a6d52e370d@group-903109CB5148-LeaderElection176] INFO  impl.RaftServerImpl (ServerState.java:setRaftConf(356)) - ed7fcdca-26e4-49e6-a038-f4a6d52e370d@group-903109CB5148: set configuration 0: [ed7fcdca-26e4-49e6-a038-f4a6d52e370d:192.168.34.61:44989], old=null at 0
2019-11-15 04:24:49,577 [64e09b31-9ee8-424d-be17-3e0ab51a0c68@group-1F0597F7C030-LeaderElection175] INFO  server.RaftServerConfigKeys (ConfUtils.java:logGet(43)) - raft.server.log.appender.buffer.byte-limit = 33554432 (custom)
2019-11-15 04:24:49,577 [64e09b31-9ee8-424d-be17-3e0ab51a0c68@group-1F0597F7C030-LeaderElection175] INFO  server.RaftServerConfigKeys (ConfUtils.java:logGet(43)) - raft.server.log.appender.buffer.element-limit = 1 (custom)
2019-11-15 04:24:49,577 [64e09b31-9ee8-424d-be17-3e0ab51a0c68@group-1F0597F7C030-LeaderElection175] INFO  grpc.GrpcConfigKeys$Server (ConfUtils.java:logGet(43)) - raft.grpc.server.leader.outstanding.appends.max = 128 (default)
2019-11-15 04:24:49,577 [64e09b31-9ee8-424d-be17-3e0ab51a0c68@group-1F0597F7C030-LeaderElection175] INFO  server.RaftServerConfigKeys (ConfUtils.java:logGet(43)) - raft.server.rpc.request.timeout = 3000ms (default)
2019-11-15 04:24:49,577 [64e09b31-9ee8-424d-be17-3e0ab51a0c68@group-1F0597F7C030-LeaderElection175] INFO  server.RaftServerConfigKeys (ConfUtils.java:logGet(43)) - raft.server.log.appender.install.snapshot.enabled = false (custom)
2019-11-15 04:24:49,577 [64e09b31-9ee8-424d-be17-3e0ab51a0c68@group-1F0597F7C030-LeaderElection175] WARN  impl.MetricRegistriesImpl (MetricRegistriesImpl.java:lambda$create$1(61)) - First MetricRegistry has been created without registering reporters. You may need to call MetricRegistries.global().addReportRegistration(...) before.
2019-11-15 04:24:49,577 [64e09b31-9ee8-424d-be17-3e0ab51a0c68@group-1F0597F7C030-LeaderElection175] INFO  server.RaftServerConfigKeys (ConfUtils.java:logGet(43)) - raft.server.log.appender.snapshot.chunk.size.max = 16MB (=16777216) (default)
2019-11-15 04:24:49,577 [64e09b31-9ee8-424d-be17-3e0ab51a0c68@group-1F0597F7C030-LeaderElection175] INFO  server.RaftServerConfigKeys (ConfUtils.java:logGet(43)) - raft.server.log.appender.buffer.byte-limit = 33554432 (custom)
2019-11-15 04:24:49,578 [64e09b31-9ee8-424d-be17-3e0ab51a0c68@group-1F0597F7C030-LeaderElection175] INFO  server.RaftServerConfigKeys (ConfUtils.java:logGet(43)) - raft.server.log.appender.buffer.element-limit = 1 (custom)
2019-11-15 04:24:49,578 [64e09b31-9ee8-424d-be17-3e0ab51a0c68@group-1F0597F7C030-LeaderElection175] INFO  grpc.GrpcConfigKeys$Server (ConfUtils.java:logGet(43)) - raft.grpc.server.leader.outstanding.appends.max = 128 (default)
2019-11-15 04:24:49,578 [64e09b31-9ee8-424d-be17-3e0ab51a0c68@group-1F0597F7C030-LeaderElection175] INFO  server.RaftServerConfigKeys (ConfUtils.java:logGet(43)) - raft.server.rpc.request.timeout = 3000ms (default)
2019-11-15 04:24:49,578 [64e09b31-9ee8-424d-be17-3e0ab51a0c68@group-1F0597F7C030-LeaderElection175] INFO  server.RaftServerConfigKeys (ConfUtils.java:logGet(43)) - raft.server.log.appender.install.snapshot.enabled = false (custom)
2019-11-15 04:24:49,578 [64e09b31-9ee8-424d-be17-3e0ab51a0c68@group-1F0597F7C030-LeaderElection175] INFO  impl.RoleInfo (RoleInfo.java:updateAndGet(143)) - 64e09b31-9ee8-424d-be17-3e0ab51a0c68: start LeaderState
2019-11-15 04:24:49,578 [64e09b31-9ee8-424d-be17-3e0ab51a0c68@group-1F0597F7C030-LeaderElection175] INFO  segmented.SegmentedRaftLogWorker (SegmentedRaftLogWorker.java:startLogSegment(385)) - 64e09b31-9ee8-424d-be17-3e0ab51a0c68@group-1F0597F7C030-SegmentedRaftLogWorker: Starting segment from index:0
2019-11-15 04:24:49,578 [64e09b31-9ee8-424d-be17-3e0ab51a0c68@group-1F0597F7C030-LeaderElection175] INFO  impl.RaftServerImpl (ServerState.java:setRaftConf(356)) - 64e09b31-9ee8-424d-be17-3e0ab51a0c68@group-1F0597F7C030: set configuration 0: [64e09b31-9ee8-424d-be17-3e0ab51a0c68:192.168.34.61:46300, a0798825-8ead-4df5-a6ef-f7c35f311519:192.168.34.61:36951, ed7fcdca-26e4-49e6-a038-f4a6d52e370d:192.168.34.61:44989], old=null at 0
2019-11-15 04:24:49,580 [grpc-default-executor-1] INFO  ratis.XceiverServerRatis (XceiverServerRatis.java:handleLeaderChangedNotification(733)) - Leader change notification received for group: group-1F0597F7C030 with new leaderId: 64e09b31-9ee8-424d-be17-3e0ab51a0c68
2019-11-15 04:24:49,580 [grpc-default-executor-1] INFO  impl.RaftServerImpl (ServerState.java:setLeader(255)) - ed7fcdca-26e4-49e6-a038-f4a6d52e370d@group-1F0597F7C030: change Leader from null to 64e09b31-9ee8-424d-be17-3e0ab51a0c68 at term 1 for appendEntries, leader elected after 1058ms
2019-11-15 04:24:49,580 [grpc-default-executor-19] INFO  ratis.XceiverServerRatis (XceiverServerRatis.java:handleLeaderChangedNotification(733)) - Leader change notification received for group: group-1F0597F7C030 with new leaderId: 64e09b31-9ee8-424d-be17-3e0ab51a0c68
2019-11-15 04:24:49,580 [grpc-default-executor-19] INFO  impl.RaftServerImpl (ServerState.java:setLeader(255)) - a0798825-8ead-4df5-a6ef-f7c35f311519@group-1F0597F7C030: change Leader from null to 64e09b31-9ee8-424d-be17-3e0ab51a0c68 at term 1 for appendEntries, leader elected after 1110ms
2019-11-15 04:24:49,610 [Thread-3608] INFO  impl.FollowerState (FollowerState.java:run(111)) - ba7b154f-e59a-417b-969a-e8c75d4b6746@group-C3E515194F35-FollowerState: change to CANDIDATE, lastRpcTime:1014ms, electionTimeout:1008ms
2019-11-15 04:24:49,610 [Thread-3606] INFO  impl.FollowerState (FollowerState.java:run(111)) - ba7b154f-e59a-417b-969a-e8c75d4b6746@group-3386C323F25D-FollowerState: change to CANDIDATE, lastRpcTime:1048ms, electionTimeout:1030ms
2019-11-15 04:24:49,610 [Thread-3608] INFO  impl.RoleInfo (RoleInfo.java:shutdownFollowerState(121)) - ba7b154f-e59a-417b-969a-e8c75d4b6746: shutdown FollowerState
2019-11-15 04:24:49,610 [Thread-3606] INFO  impl.RoleInfo (RoleInfo.java:shutdownFollowerState(121)) - ba7b154f-e59a-417b-969a-e8c75d4b6746: shutdown FollowerState
2019-11-15 04:24:49,613 [Thread-3606] INFO  impl.RaftServerImpl (RaftServerImpl.java:setRole(173)) - ba7b154f-e59a-417b-969a-e8c75d4b6746@group-3386C323F25D: changes role from  FOLLOWER to CANDIDATE at term 0 for changeToCandidate
2019-11-15 04:24:49,610 [Thread-3608] INFO  impl.RaftServerImpl (RaftServerImpl.java:setRole(173)) - ba7b154f-e59a-417b-969a-e8c75d4b6746@group-C3E515194F35: changes role from  FOLLOWER to CANDIDATE at term 0 for changeToCandidate
2019-11-15 04:24:49,613 [Thread-3606] INFO  impl.RoleInfo (RoleInfo.java:updateAndGet(143)) - ba7b154f-e59a-417b-969a-e8c75d4b6746: start LeaderElection
2019-11-15 04:24:49,613 [Thread-3608] INFO  impl.RoleInfo (RoleInfo.java:updateAndGet(143)) - ba7b154f-e59a-417b-969a-e8c75d4b6746: start LeaderElection
2019-11-15 04:24:49,620 [grpc-default-executor-19] INFO  impl.RaftServerImpl (ServerState.java:setRaftConf(356)) - a0798825-8ead-4df5-a6ef-f7c35f311519@group-1F0597F7C030: set configuration 0: [64e09b31-9ee8-424d-be17-3e0ab51a0c68:192.168.34.61:46300, a0798825-8ead-4df5-a6ef-f7c35f311519:192.168.34.61:36951, ed7fcdca-26e4-49e6-a038-f4a6d52e370d:192.168.34.61:44989], old=null at 0
2019-11-15 04:24:49,620 [grpc-default-executor-1] INFO  impl.RaftServerImpl (ServerState.java:setRaftConf(356)) - ed7fcdca-26e4-49e6-a038-f4a6d52e370d@group-1F0597F7C030: set configuration 0: [64e09b31-9ee8-424d-be17-3e0ab51a0c68:192.168.34.61:46300, a0798825-8ead-4df5-a6ef-f7c35f311519:192.168.34.61:36951, ed7fcdca-26e4-49e6-a038-f4a6d52e370d:192.168.34.61:44989], old=null at 0
2019-11-15 04:24:49,620 [grpc-default-executor-19] INFO  segmented.SegmentedRaftLogWorker (SegmentedRaftLogWorker.java:startLogSegment(385)) - a0798825-8ead-4df5-a6ef-f7c35f311519@group-1F0597F7C030-SegmentedRaftLogWorker: Starting segment from index:0
2019-11-15 04:24:49,620 [grpc-default-executor-1] INFO  segmented.SegmentedRaftLogWorker (SegmentedRaftLogWorker.java:startLogSegment(385)) - ed7fcdca-26e4-49e6-a038-f4a6d52e370d@group-1F0597F7C030-SegmentedRaftLogWorker: Starting segment from index:0
2019-11-15 04:24:49,625 [ed7fcdca-26e4-49e6-a038-f4a6d52e370d@group-903109CB5148-SegmentedRaftLogWorker] INFO  segmented.SegmentedRaftLogWorker (SegmentedRaftLogWorker.java:execute(576)) - ed7fcdca-26e4-49e6-a038-f4a6d52e370d@group-903109CB5148-SegmentedRaftLogWorker: created new log segment /workdir/hadoop-ozone/integration-test/target/test-dir/MiniOzoneClusterImpl-b8077c48-d45a-4953-83b6-e1fc361e67bb/datanode-5/data/ratis/f689922b-b186-40f1-ad6a-903109cb5148/current/log_inprogress_0
2019-11-15 04:24:49,625 [64e09b31-9ee8-424d-be17-3e0ab51a0c68@group-1F0597F7C030-SegmentedRaftLogWorker] INFO  segmented.SegmentedRaftLogWorker (SegmentedRaftLogWorker.java:execute(576)) - 64e09b31-9ee8-424d-be17-3e0ab51a0c68@group-1F0597F7C030-SegmentedRaftLogWorker: created new log segment /workdir/hadoop-ozone/integration-test/target/test-dir/MiniOzoneClusterImpl-b8077c48-d45a-4953-83b6-e1fc361e67bb/datanode-3/data/ratis/a346b2a8-df1e-4e24-b87e-1f0597f7c030/current/log_inprogress_0
2019-11-15 04:24:49,632 [Thread-3598] INFO  impl.FollowerState (FollowerState.java:run(111)) - a0798825-8ead-4df5-a6ef-f7c35f311519@group-D69FE38FFEC9-FollowerState: change to CANDIDATE, lastRpcTime:1195ms, electionTimeout:1195ms
2019-11-15 04:24:49,632 [Thread-3598] INFO  impl.RoleInfo (RoleInfo.java:shutdownFollowerState(121)) - a0798825-8ead-4df5-a6ef-f7c35f311519: shutdown FollowerState
2019-11-15 04:24:49,632 [Thread-3598] INFO  impl.RaftServerImpl (RaftServerImpl.java:setRole(173)) - a0798825-8ead-4df5-a6ef-f7c35f311519@group-D69FE38FFEC9: changes role from  FOLLOWER to CANDIDATE at term 0 for changeToCandidate
2019-11-15 04:24:49,633 [Thread-3598] INFO  impl.RoleInfo (RoleInfo.java:updateAndGet(143)) - a0798825-8ead-4df5-a6ef-f7c35f311519: start LeaderElection
2019-11-15 04:24:49,648 [ba7b154f-e59a-417b-969a-e8c75d4b6746@group-3386C323F25D-LeaderElection177] INFO  impl.LeaderElection (LeaderElection.java:askForVotes(178)) - ba7b154f-e59a-417b-969a-e8c75d4b6746@group-3386C323F25D-LeaderElection177: begin an election at term 1 for -1: [ba7b154f-e59a-417b-969a-e8c75d4b6746:192.168.34.61:40163], old=null
2019-11-15 04:24:49,648 [ba7b154f-e59a-417b-969a-e8c75d4b6746@group-C3E515194F35-LeaderElection178] INFO  impl.LeaderElection (LeaderElection.java:askForVotes(178)) - ba7b154f-e59a-417b-969a-e8c75d4b6746@group-C3E515194F35-LeaderElection178: begin an election at term 1 for -1: [ba7b154f-e59a-417b-969a-e8c75d4b6746:192.168.34.61:40163, ddd86f17-0fb6-44dc-8f8a-1b8ddc68cc7e:192.168.34.61:37754, 8e34abce-4df2-4d13-822a-b9906190a447:192.168.34.61:34382], old=null
2019-11-15 04:24:49,649 [ba7b154f-e59a-417b-969a-e8c75d4b6746@group-3386C323F25D-LeaderElection177] INFO  impl.RoleInfo (RoleInfo.java:shutdownLeaderElection(134)) - ba7b154f-e59a-417b-969a-e8c75d4b6746: shutdown LeaderElection
2019-11-15 04:24:49,649 [ba7b154f-e59a-417b-969a-e8c75d4b6746@group-3386C323F25D-LeaderElection177] INFO  impl.RaftServerImpl (RaftServerImpl.java:setRole(173)) - ba7b154f-e59a-417b-969a-e8c75d4b6746@group-3386C323F25D: changes role from CANDIDATE to LEADER at term 1 for changeToLeader
2019-11-15 04:24:49,649 [ba7b154f-e59a-417b-969a-e8c75d4b6746@group-3386C323F25D-LeaderElection177] INFO  ratis.XceiverServerRatis (XceiverServerRatis.java:handleLeaderChangedNotification(733)) - Leader change notification received for group: group-3386C323F25D with new leaderId: ba7b154f-e59a-417b-969a-e8c75d4b6746
2019-11-15 04:24:49,649 [ba7b154f-e59a-417b-969a-e8c75d4b6746@group-3386C323F25D-LeaderElection177] INFO  impl.RaftServerImpl (ServerState.java:setLeader(255)) - ba7b154f-e59a-417b-969a-e8c75d4b6746@group-3386C323F25D: change Leader from null to ba7b154f-e59a-417b-969a-e8c75d4b6746 at term 1 for becomeLeader, leader elected after 1090ms
2019-11-15 04:24:49,649 [ba7b154f-e59a-417b-969a-e8c75d4b6746@group-3386C323F25D-LeaderElection177] INFO  server.RaftServerConfigKeys (ConfUtils.java:logGet(43)) - raft.server.staging.catchup.gap = 1000 (default)
2019-11-15 04:24:49,649 [ba7b154f-e59a-417b-969a-e8c75d4b6746@group-3386C323F25D-LeaderElection177] INFO  server.RaftServerConfigKeys (ConfUtils.java:logGet(43)) - raft.server.rpc.sleep.time = 25ms (default)
2019-11-15 04:24:49,649 [ba7b154f-e59a-417b-969a-e8c75d4b6746@group-3386C323F25D-LeaderElection177] INFO  server.RaftServerConfigKeys (ConfUtils.java:logGet(43)) - raft.server.write.element-limit = 4096 (default)
2019-11-15 04:24:49,649 [ba7b154f-e59a-417b-969a-e8c75d4b6746@group-3386C323F25D-LeaderElection177] INFO  server.RaftServerConfigKeys (ConfUtils.java:logGet(43)) - raft.server.watch.timeout = 10s (default)
2019-11-15 04:24:49,649 [ba7b154f-e59a-417b-969a-e8c75d4b6746@group-3386C323F25D-LeaderElection177] INFO  server.RaftServerConfigKeys (ConfUtils.java:logGet(43)) - raft.server.watch.timeout.denomination = 1s (default)
2019-11-15 04:24:49,650 [ba7b154f-e59a-417b-969a-e8c75d4b6746@group-3386C323F25D-LeaderElection177] INFO  server.RaftServerConfigKeys (ConfUtils.java:logGet(43)) - raft.server.watch.element-limit = 65536 (default)
2019-11-15 04:24:49,650 [ba7b154f-e59a-417b-969a-e8c75d4b6746@group-3386C323F25D-LeaderElection177] INFO  impl.RoleInfo (RoleInfo.java:updateAndGet(143)) - ba7b154f-e59a-417b-969a-e8c75d4b6746: start LeaderState
2019-11-15 04:24:49,650 [ba7b154f-e59a-417b-969a-e8c75d4b6746@group-3386C323F25D-LeaderElection177] INFO  segmented.SegmentedRaftLogWorker (SegmentedRaftLogWorker.java:startLogSegment(385)) - ba7b154f-e59a-417b-969a-e8c75d4b6746@group-3386C323F25D-SegmentedRaftLogWorker: Starting segment from index:0
2019-11-15 04:24:49,650 [EventQueue-PipelineReportForPipelineReportHandler] INFO  pipeline.PipelineReportHandler (PipelineReportHandler.java:processPipelineReport(113)) - Pipeline THREE PipelineID=94ea20d5-f2f7-4c51-9fa4-c3e515194f35 reported by ba7b154f-e59a-417b-969a-e8c75d4b6746{ip: 192.168.34.61, host: trunk-nightly-20191115-sgx8w-1801196118, networkLocation: /rack1, certSerialId: null}
2019-11-15 04:24:49,650 [ba7b154f-e59a-417b-969a-e8c75d4b6746@group-3386C323F25D-LeaderElection177] INFO  impl.RaftServerImpl (ServerState.java:setRaftConf(356)) - ba7b154f-e59a-417b-969a-e8c75d4b6746@group-3386C323F25D: set configuration 0: [ba7b154f-e59a-417b-969a-e8c75d4b6746:192.168.34.61:40163], old=null at 0
2019-11-15 04:24:49,676 [grpc-default-executor-19] INFO  impl.RaftServerImpl (RaftServerImpl.java:setRole(173)) - ddd86f17-0fb6-44dc-8f8a-1b8ddc68cc7e@group-C3E515194F35: changes role from  FOLLOWER to FOLLOWER at term 1 for recognizeCandidate:ba7b154f-e59a-417b-969a-e8c75d4b6746
2019-11-15 04:24:49,676 [a0798825-8ead-4df5-a6ef-f7c35f311519@group-1F0597F7C030-SegmentedRaftLogWorker] INFO  segmented.SegmentedRaftLogWorker (SegmentedRaftLogWorker.java:execute(576)) - a0798825-8ead-4df5-a6ef-f7c35f311519@group-1F0597F7C030-SegmentedRaftLogWorker: created new log segment /workdir/hadoop-ozone/integration-test/target/test-dir/MiniOzoneClusterImpl-b8077c48-d45a-4953-83b6-e1fc361e67bb/datanode-4/data/ratis/a346b2a8-df1e-4e24-b87e-1f0597f7c030/current/log_inprogress_0
2019-11-15 04:24:49,676 [ed7fcdca-26e4-49e6-a038-f4a6d52e370d@group-1F0597F7C030-SegmentedRaftLogWorker] INFO  segmented.SegmentedRaftLogWorker (SegmentedRaftLogWorker.java:execute(576)) - ed7fcdca-26e4-49e6-a038-f4a6d52e370d@group-1F0597F7C030-SegmentedRaftLogWorker: created new log segment /workdir/hadoop-ozone/integration-test/target/test-dir/MiniOzoneClusterImpl-b8077c48-d45a-4953-83b6-e1fc361e67bb/datanode-5/data/ratis/a346b2a8-df1e-4e24-b87e-1f0597f7c030/current/log_inprogress_0
2019-11-15 04:24:49,676 [grpc-default-executor-19] INFO  impl.RoleInfo (RoleInfo.java:shutdownFollowerState(121)) - ddd86f17-0fb6-44dc-8f8a-1b8ddc68cc7e: shutdown FollowerState
2019-11-15 04:24:49,678 [grpc-default-executor-1] INFO  impl.RaftServerImpl (RaftServerImpl.java:setRole(173)) - 8e34abce-4df2-4d13-822a-b9906190a447@group-C3E515194F35: changes role from  FOLLOWER to FOLLOWER at term 1 for recognizeCandidate:ba7b154f-e59a-417b-969a-e8c75d4b6746
2019-11-15 04:24:49,679 [grpc-default-executor-1] INFO  impl.RoleInfo (RoleInfo.java:shutdownFollowerState(121)) - 8e34abce-4df2-4d13-822a-b9906190a447: shutdown FollowerState
2019-11-15 04:24:49,679 [grpc-default-executor-19] INFO  impl.RoleInfo (RoleInfo.java:updateAndGet(143)) - ddd86f17-0fb6-44dc-8f8a-1b8ddc68cc7e: start FollowerState
2019-11-15 04:24:49,679 [Thread-3616] INFO  impl.FollowerState (FollowerState.java:run(120)) - 8e34abce-4df2-4d13-822a-b9906190a447@group-C3E515194F35-FollowerState was interrupted: java.lang.InterruptedException: sleep interrupted
2019-11-15 04:24:49,679 [grpc-default-executor-1] INFO  impl.RoleInfo (RoleInfo.java:updateAndGet(143)) - 8e34abce-4df2-4d13-822a-b9906190a447: start FollowerState
2019-11-15 04:24:49,679 [Thread-3612] INFO  impl.FollowerState (FollowerState.java:run(120)) - ddd86f17-0fb6-44dc-8f8a-1b8ddc68cc7e@group-C3E515194F35-FollowerState was interrupted: java.lang.InterruptedException: sleep interrupted
2019-11-15 04:24:49,687 [a0798825-8ead-4df5-a6ef-f7c35f311519@group-D69FE38FFEC9-LeaderElection179] INFO  impl.LeaderElection (LeaderElection.java:askForVotes(178)) - a0798825-8ead-4df5-a6ef-f7c35f311519@group-D69FE38FFEC9-LeaderElection179: begin an election at term 1 for -1: [a0798825-8ead-4df5-a6ef-f7c35f311519:192.168.34.61:36951], old=null
2019-11-15 04:24:49,687 [a0798825-8ead-4df5-a6ef-f7c35f311519@group-D69FE38FFEC9-LeaderElection179] INFO  impl.RoleInfo (RoleInfo.java:shutdownLeaderElection(134)) - a0798825-8ead-4df5-a6ef-f7c35f311519: shutdown LeaderElection
2019-11-15 04:24:49,687 [a0798825-8ead-4df5-a6ef-f7c35f311519@group-D69FE38FFEC9-LeaderElection179] INFO  impl.RaftServerImpl (RaftServerImpl.java:setRole(173)) - a0798825-8ead-4df5-a6ef-f7c35f311519@group-D69FE38FFEC9: changes role from CANDIDATE to LEADER at term 1 for changeToLeader
2019-11-15 04:24:49,687 [a0798825-8ead-4df5-a6ef-f7c35f311519@group-D69FE38FFEC9-LeaderElection179] INFO  ratis.XceiverServerRatis (XceiverServerRatis.java:handleLeaderChangedNotification(733)) - Leader change notification received for group: group-D69FE38FFEC9 with new leaderId: a0798825-8ead-4df5-a6ef-f7c35f311519
2019-11-15 04:24:49,687 [a0798825-8ead-4df5-a6ef-f7c35f311519@group-D69FE38FFEC9-LeaderElection179] INFO  impl.RaftServerImpl (ServerState.java:setLeader(255)) - a0798825-8ead-4df5-a6ef-f7c35f311519@group-D69FE38FFEC9: change Leader from null to a0798825-8ead-4df5-a6ef-f7c35f311519 at term 1 for becomeLeader, leader elected after 1253ms
2019-11-15 04:24:49,687 [a0798825-8ead-4df5-a6ef-f7c35f311519@group-D69FE38FFEC9-LeaderElection179] INFO  server.RaftServerConfigKeys (ConfUtils.java:logGet(43)) - raft.server.staging.catchup.gap = 1000 (default)
2019-11-15 04:24:49,688 [a0798825-8ead-4df5-a6ef-f7c35f311519@group-D69FE38FFEC9-LeaderElection179] INFO  server.RaftServerConfigKeys (ConfUtils.java:logGet(43)) - raft.server.rpc.sleep.time = 25ms (default)
2019-11-15 04:24:49,688 [a0798825-8ead-4df5-a6ef-f7c35f311519@group-D69FE38FFEC9-LeaderElection179] INFO  server.RaftServerConfigKeys (ConfUtils.java:logGet(43)) - raft.server.write.element-limit = 4096 (default)
2019-11-15 04:24:49,688 [a0798825-8ead-4df5-a6ef-f7c35f311519@group-D69FE38FFEC9-LeaderElection179] INFO  server.RaftServerConfigKeys (ConfUtils.java:logGet(43)) - raft.server.watch.timeout = 10s (default)
2019-11-15 04:24:49,688 [ba7b154f-e59a-417b-969a-e8c75d4b6746@group-3386C323F25D-SegmentedRaftLogWorker] INFO  segmented.SegmentedRaftLogWorker (SegmentedRaftLogWorker.java:execute(576)) - ba7b154f-e59a-417b-969a-e8c75d4b6746@group-3386C323F25D-SegmentedRaftLogWorker: created new log segment /workdir/hadoop-ozone/integration-test/target/test-dir/MiniOzoneClusterImpl-b8077c48-d45a-4953-83b6-e1fc361e67bb/datanode-6/data/ratis/42071279-1921-414c-9ce2-3386c323f25d/current/log_inprogress_0
2019-11-15 04:24:49,688 [a0798825-8ead-4df5-a6ef-f7c35f311519@group-D69FE38FFEC9-LeaderElection179] INFO  server.RaftServerConfigKeys (ConfUtils.java:logGet(43)) - raft.server.watch.timeout.denomination = 1s (default)
2019-11-15 04:24:49,688 [a0798825-8ead-4df5-a6ef-f7c35f311519@group-D69FE38FFEC9-LeaderElection179] INFO  server.RaftServerConfigKeys (ConfUtils.java:logGet(43)) - raft.server.watch.element-limit = 65536 (default)
2019-11-15 04:24:49,689 [a0798825-8ead-4df5-a6ef-f7c35f311519@group-D69FE38FFEC9-LeaderElection179] INFO  impl.RoleInfo (RoleInfo.java:updateAndGet(143)) - a0798825-8ead-4df5-a6ef-f7c35f311519: start LeaderState
2019-11-15 04:24:49,689 [a0798825-8ead-4df5-a6ef-f7c35f311519@group-D69FE38FFEC9-LeaderElection179] INFO  segmented.SegmentedRaftLogWorker (SegmentedRaftLogWorker.java:startLogSegment(385)) - a0798825-8ead-4df5-a6ef-f7c35f311519@group-D69FE38FFEC9-SegmentedRaftLogWorker: Starting segment from index:0
2019-11-15 04:24:49,689 [a0798825-8ead-4df5-a6ef-f7c35f311519@group-D69FE38FFEC9-LeaderElection179] INFO  impl.RaftServerImpl (ServerState.java:setRaftConf(356)) - a0798825-8ead-4df5-a6ef-f7c35f311519@group-D69FE38FFEC9: set configuration 0: [a0798825-8ead-4df5-a6ef-f7c35f311519:192.168.34.61:36951], old=null at 0
2019-11-15 04:24:49,715 [ba7b154f-e59a-417b-969a-e8c75d4b6746@group-C3E515194F35-LeaderElection178] INFO  impl.LeaderElection (LeaderElection.java:logAndReturn(56)) - ba7b154f-e59a-417b-969a-e8c75d4b6746@group-C3E515194F35-LeaderElection178: Election PASSED; received 1 response(s) [ba7b154f-e59a-417b-969a-e8c75d4b6746<-ddd86f17-0fb6-44dc-8f8a-1b8ddc68cc7e#0:OK-t1] and 0 exception(s); ba7b154f-e59a-417b-969a-e8c75d4b6746@group-C3E515194F35:t1, leader=null, voted=ba7b154f-e59a-417b-969a-e8c75d4b6746, raftlog=ba7b154f-e59a-417b-969a-e8c75d4b6746@group-C3E515194F35-SegmentedRaftLog:OPENED:c-1,f-1,i0, conf=-1: [ba7b154f-e59a-417b-969a-e8c75d4b6746:192.168.34.61:40163, ddd86f17-0fb6-44dc-8f8a-1b8ddc68cc7e:192.168.34.61:37754, 8e34abce-4df2-4d13-822a-b9906190a447:192.168.34.61:34382], old=null
2019-11-15 04:24:49,715 [ba7b154f-e59a-417b-969a-e8c75d4b6746@group-C3E515194F35-LeaderElection178] INFO  impl.RoleInfo (RoleInfo.java:shutdownLeaderElection(134)) - ba7b154f-e59a-417b-969a-e8c75d4b6746: shutdown LeaderElection
2019-11-15 04:24:49,716 [ba7b154f-e59a-417b-969a-e8c75d4b6746@group-C3E515194F35-LeaderElection178] INFO  impl.RaftServerImpl (RaftServerImpl.java:setRole(173)) - ba7b154f-e59a-417b-969a-e8c75d4b6746@group-C3E515194F35: changes role from CANDIDATE to LEADER at term 1 for changeToLeader
2019-11-15 04:24:49,716 [ba7b154f-e59a-417b-969a-e8c75d4b6746@group-C3E515194F35-LeaderElection178] INFO  ratis.XceiverServerRatis (XceiverServerRatis.java:handleLeaderChangedNotification(733)) - Leader change notification received for group: group-C3E515194F35 with new leaderId: ba7b154f-e59a-417b-969a-e8c75d4b6746
2019-11-15 04:24:49,716 [ba7b154f-e59a-417b-969a-e8c75d4b6746@group-C3E515194F35-LeaderElection178] INFO  impl.RaftServerImpl (ServerState.java:setLeader(255)) - ba7b154f-e59a-417b-969a-e8c75d4b6746@group-C3E515194F35: change Leader from null to ba7b154f-e59a-417b-969a-e8c75d4b6746 at term 1 for becomeLeader, leader elected after 1123ms
2019-11-15 04:24:49,716 [ba7b154f-e59a-417b-969a-e8c75d4b6746@group-C3E515194F35-LeaderElection178] INFO  server.RaftServerConfigKeys (ConfUtils.java:logGet(43)) - raft.server.staging.catchup.gap = 1000 (default)
2019-11-15 04:24:49,716 [ba7b154f-e59a-417b-969a-e8c75d4b6746@group-C3E515194F35-LeaderElection178] INFO  server.RaftServerConfigKeys (ConfUtils.java:logGet(43)) - raft.server.rpc.sleep.time = 25ms (default)
2019-11-15 04:24:49,716 [ba7b154f-e59a-417b-969a-e8c75d4b6746@group-C3E515194F35-LeaderElection178] INFO  server.RaftServerConfigKeys (ConfUtils.java:logGet(43)) - raft.server.write.element-limit = 4096 (default)
2019-11-15 04:24:49,716 [ba7b154f-e59a-417b-969a-e8c75d4b6746@group-C3E515194F35-LeaderElection178] INFO  server.RaftServerConfigKeys (ConfUtils.java:logGet(43)) - raft.server.watch.timeout = 10s (default)
2019-11-15 04:24:49,716 [ba7b154f-e59a-417b-969a-e8c75d4b6746@group-C3E515194F35-LeaderElection178] INFO  server.RaftServerConfigKeys (ConfUtils.java:logGet(43)) - raft.server.watch.timeout.denomination = 1s (default)
2019-11-15 04:24:49,716 [ba7b154f-e59a-417b-969a-e8c75d4b6746@group-C3E515194F35-LeaderElection178] INFO  server.RaftServerConfigKeys (ConfUtils.java:logGet(43)) - raft.server.watch.element-limit = 65536 (default)
2019-11-15 04:24:49,716 [ba7b154f-e59a-417b-969a-e8c75d4b6746@group-C3E515194F35-LeaderElection178] INFO  server.RaftServerConfigKeys (ConfUtils.java:logGet(43)) - raft.server.log.appender.snapshot.chunk.size.max = 16MB (=16777216) (default)
2019-11-15 04:24:49,716 [EventQueue-PipelineReportForPipelineReportHandler] INFO  pipeline.PipelineReportHandler (PipelineReportHandler.java:processPipelineReport(113)) - Pipeline THREE PipelineID=94ea20d5-f2f7-4c51-9fa4-c3e515194f35 reported by ba7b154f-e59a-417b-969a-e8c75d4b6746{ip: 192.168.34.61, host: trunk-nightly-20191115-sgx8w-1801196118, networkLocation: /rack1, certSerialId: null}
2019-11-15 04:24:49,717 [ba7b154f-e59a-417b-969a-e8c75d4b6746@group-C3E515194F35-LeaderElection178] INFO  server.RaftServerConfigKeys (ConfUtils.java:logGet(43)) - raft.server.log.appender.buffer.byte-limit = 33554432 (custom)
2019-11-15 04:24:49,717 [EventQueue-PipelineReportForPipelineReportHandler] INFO  pipeline.PipelineStateManager (PipelineStateManager.java:openPipeline(132)) - Pipeline Pipeline[ Id: 94ea20d5-f2f7-4c51-9fa4-c3e515194f35, Nodes: ddd86f17-0fb6-44dc-8f8a-1b8ddc68cc7e{ip: 192.168.34.61, host: trunk-nightly-20191115-sgx8w-1801196118, networkLocation: /rack1, certSerialId: null}ba7b154f-e59a-417b-969a-e8c75d4b6746{ip: 192.168.34.61, host: trunk-nightly-20191115-sgx8w-1801196118, networkLocation: /rack1, certSerialId: null}8e34abce-4df2-4d13-822a-b9906190a447{ip: 192.168.34.61, host: trunk-nightly-20191115-sgx8w-1801196118, networkLocation: /rack1, certSerialId: null}, Type:RATIS, Factor:THREE, State:ALLOCATED] moved to OPEN state
2019-11-15 04:24:49,717 [ba7b154f-e59a-417b-969a-e8c75d4b6746@group-C3E515194F35-LeaderElection178] INFO  server.RaftServerConfigKeys (ConfUtils.java:logGet(43)) - raft.server.log.appender.buffer.element-limit = 1 (custom)
2019-11-15 04:24:49,717 [ba7b154f-e59a-417b-969a-e8c75d4b6746@group-C3E515194F35-LeaderElection178] INFO  grpc.GrpcConfigKeys$Server (ConfUtils.java:logGet(43)) - raft.grpc.server.leader.outstanding.appends.max = 128 (default)
2019-11-15 04:24:49,717 [ba7b154f-e59a-417b-969a-e8c75d4b6746@group-C3E515194F35-LeaderElection178] INFO  server.RaftServerConfigKeys (ConfUtils.java:logGet(43)) - raft.server.rpc.request.timeout = 3000ms (default)
2019-11-15 04:24:49,717 [ba7b154f-e59a-417b-969a-e8c75d4b6746@group-C3E515194F35-LeaderElection178] INFO  server.RaftServerConfigKeys (ConfUtils.java:logGet(43)) - raft.server.log.appender.install.snapshot.enabled = false (custom)
2019-11-15 04:24:49,717 [ba7b154f-e59a-417b-969a-e8c75d4b6746@group-C3E515194F35-LeaderElection178] WARN  impl.MetricRegistriesImpl (MetricRegistriesImpl.java:lambda$create$1(61)) - First MetricRegistry has been created without registering reporters. You may need to call MetricRegistries.global().addReportRegistration(...) before.
2019-11-15 04:24:49,717 [ba7b154f-e59a-417b-969a-e8c75d4b6746@group-C3E515194F35-LeaderElection178] INFO  server.RaftServerConfigKeys (ConfUtils.java:logGet(43)) - raft.server.log.appender.snapshot.chunk.size.max = 16MB (=16777216) (default)
2019-11-15 04:24:49,717 [ba7b154f-e59a-417b-969a-e8c75d4b6746@group-C3E515194F35-LeaderElection178] INFO  server.RaftServerConfigKeys (ConfUtils.java:logGet(43)) - raft.server.log.appender.buffer.byte-limit = 33554432 (custom)
2019-11-15 04:24:49,717 [ba7b154f-e59a-417b-969a-e8c75d4b6746@group-C3E515194F35-LeaderElection178] INFO  server.RaftServerConfigKeys (ConfUtils.java:logGet(43)) - raft.server.log.appender.buffer.element-limit = 1 (custom)
2019-11-15 04:24:49,718 [ba7b154f-e59a-417b-969a-e8c75d4b6746@group-C3E515194F35-LeaderElection178] INFO  grpc.GrpcConfigKeys$Server (ConfUtils.java:logGet(43)) - raft.grpc.server.leader.outstanding.appends.max = 128 (default)
2019-11-15 04:24:49,718 [ba7b154f-e59a-417b-969a-e8c75d4b6746@group-C3E515194F35-LeaderElection178] INFO  server.RaftServerConfigKeys (ConfUtils.java:logGet(43)) - raft.server.rpc.request.timeout = 3000ms (default)
2019-11-15 04:24:49,718 [ba7b154f-e59a-417b-969a-e8c75d4b6746@group-C3E515194F35-LeaderElection178] INFO  server.RaftServerConfigKeys (ConfUtils.java:logGet(43)) - raft.server.log.appender.install.snapshot.enabled = false (custom)
2019-11-15 04:24:49,718 [ba7b154f-e59a-417b-969a-e8c75d4b6746@group-C3E515194F35-LeaderElection178] INFO  impl.RoleInfo (RoleInfo.java:updateAndGet(143)) - ba7b154f-e59a-417b-969a-e8c75d4b6746: start LeaderState
2019-11-15 04:24:49,718 [ba7b154f-e59a-417b-969a-e8c75d4b6746@group-C3E515194F35-LeaderElection178] INFO  segmented.SegmentedRaftLogWorker (SegmentedRaftLogWorker.java:startLogSegment(385)) - ba7b154f-e59a-417b-969a-e8c75d4b6746@group-C3E515194F35-SegmentedRaftLogWorker: Starting segment from index:0
2019-11-15 04:24:49,719 [ba7b154f-e59a-417b-969a-e8c75d4b6746@group-C3E515194F35-LeaderElection178] INFO  impl.RaftServerImpl (ServerState.java:setRaftConf(356)) - ba7b154f-e59a-417b-969a-e8c75d4b6746@group-C3E515194F35: set configuration 0: [ba7b154f-e59a-417b-969a-e8c75d4b6746:192.168.34.61:40163, ddd86f17-0fb6-44dc-8f8a-1b8ddc68cc7e:192.168.34.61:37754, 8e34abce-4df2-4d13-822a-b9906190a447:192.168.34.61:34382], old=null at 0
2019-11-15 04:24:49,719 [grpc-default-executor-19] INFO  ratis.XceiverServerRatis (XceiverServerRatis.java:handleLeaderChangedNotification(733)) - Leader change notification received for group: group-C3E515194F35 with new leaderId: ba7b154f-e59a-417b-969a-e8c75d4b6746
2019-11-15 04:24:49,719 [grpc-default-executor-19] INFO  impl.RaftServerImpl (ServerState.java:setLeader(255)) - ddd86f17-0fb6-44dc-8f8a-1b8ddc68cc7e@group-C3E515194F35: change Leader from null to ba7b154f-e59a-417b-969a-e8c75d4b6746 at term 1 for appendEntries, leader elected after 1067ms
2019-11-15 04:24:49,744 [main] INFO  ozone.MiniOzoneClusterImpl (MiniOzoneClusterImpl.java:lambda$waitForClusterToBeReady$0(150)) - Nodes are ready. Got 10 of 10 DN Heartbeats.
2019-11-15 04:24:49,745 [main] INFO  ozone.MiniOzoneClusterImpl (MiniOzoneClusterImpl.java:lambda$waitForClusterToBeReady$0(153)) - Cluster exits safe mode
2019-11-15 04:24:49,744 [a0798825-8ead-4df5-a6ef-f7c35f311519@group-D69FE38FFEC9-SegmentedRaftLogWorker] INFO  segmented.SegmentedRaftLogWorker (SegmentedRaftLogWorker.java:execute(576)) - a0798825-8ead-4df5-a6ef-f7c35f311519@group-D69FE38FFEC9-SegmentedRaftLogWorker: created new log segment /workdir/hadoop-ozone/integration-test/target/test-dir/MiniOzoneClusterImpl-b8077c48-d45a-4953-83b6-e1fc361e67bb/datanode-4/data/ratis/d790bd89-affe-4f04-954d-d69fe38ffec9/current/log_inprogress_0
2019-11-15 04:24:49,745 [grpc-default-executor-1] INFO  ratis.XceiverServerRatis (XceiverServerRatis.java:handleLeaderChangedNotification(733)) - Leader change notification received for group: group-C3E515194F35 with new leaderId: ba7b154f-e59a-417b-969a-e8c75d4b6746
2019-11-15 04:24:49,745 [grpc-default-executor-1] INFO  impl.RaftServerImpl (ServerState.java:setLeader(255)) - 8e34abce-4df2-4d13-822a-b9906190a447@group-C3E515194F35: change Leader from null to ba7b154f-e59a-417b-969a-e8c75d4b6746 at term 1 for appendEntries, leader elected after 1017ms
2019-11-15 04:24:49,747 [grpc-default-executor-1] INFO  impl.RaftServerImpl (ServerState.java:setRaftConf(356)) - ddd86f17-0fb6-44dc-8f8a-1b8ddc68cc7e@group-C3E515194F35: set configuration 0: [ba7b154f-e59a-417b-969a-e8c75d4b6746:192.168.34.61:40163, ddd86f17-0fb6-44dc-8f8a-1b8ddc68cc7e:192.168.34.61:37754, 8e34abce-4df2-4d13-822a-b9906190a447:192.168.34.61:34382], old=null at 0
2019-11-15 04:24:49,747 [grpc-default-executor-1] INFO  segmented.SegmentedRaftLogWorker (SegmentedRaftLogWorker.java:startLogSegment(385)) - ddd86f17-0fb6-44dc-8f8a-1b8ddc68cc7e@group-C3E515194F35-SegmentedRaftLogWorker: Starting segment from index:0
2019-11-15 04:24:49,748 [grpc-default-executor-1] INFO  impl.RaftServerImpl (ServerState.java:setRaftConf(356)) - 8e34abce-4df2-4d13-822a-b9906190a447@group-C3E515194F35: set configuration 0: [ba7b154f-e59a-417b-969a-e8c75d4b6746:192.168.34.61:40163, ddd86f17-0fb6-44dc-8f8a-1b8ddc68cc7e:192.168.34.61:37754, 8e34abce-4df2-4d13-822a-b9906190a447:192.168.34.61:34382], old=null at 0
2019-11-15 04:24:49,748 [grpc-default-executor-1] INFO  segmented.SegmentedRaftLogWorker (SegmentedRaftLogWorker.java:startLogSegment(385)) - 8e34abce-4df2-4d13-822a-b9906190a447@group-C3E515194F35-SegmentedRaftLogWorker: Starting segment from index:0
2019-11-15 04:24:49,777 [Thread-3614] INFO  impl.FollowerState (FollowerState.java:run(111)) - 8e34abce-4df2-4d13-822a-b9906190a447@group-5128ECDAA3CD-FollowerState: change to CANDIDATE, lastRpcTime:1084ms, electionTimeout:1061ms
2019-11-15 04:24:49,777 [ba7b154f-e59a-417b-969a-e8c75d4b6746@group-C3E515194F35-SegmentedRaftLogWorker] INFO  segmented.SegmentedRaftLogWorker (SegmentedRaftLogWorker.java:execute(576)) - ba7b154f-e59a-417b-969a-e8c75d4b6746@group-C3E515194F35-SegmentedRaftLogWorker: created new log segment /workdir/hadoop-ozone/integration-test/target/test-dir/MiniOzoneClusterImpl-b8077c48-d45a-4953-83b6-e1fc361e67bb/datanode-6/data/ratis/94ea20d5-f2f7-4c51-9fa4-c3e515194f35/current/log_inprogress_0
2019-11-15 04:24:49,777 [Thread-3614] INFO  impl.RoleInfo (RoleInfo.java:shutdownFollowerState(121)) - 8e34abce-4df2-4d13-822a-b9906190a447: shutdown FollowerState
2019-11-15 04:24:49,777 [Thread-3614] INFO  impl.RaftServerImpl (RaftServerImpl.java:setRole(173)) - 8e34abce-4df2-4d13-822a-b9906190a447@group-5128ECDAA3CD: changes role from  FOLLOWER to CANDIDATE at term 0 for changeToCandidate
2019-11-15 04:24:49,778 [Thread-3614] INFO  impl.RoleInfo (RoleInfo.java:updateAndGet(143)) - 8e34abce-4df2-4d13-822a-b9906190a447: start LeaderElection
2019-11-15 04:24:49,794 [Thread-3610] INFO  impl.FollowerState (FollowerState.java:run(111)) - ddd86f17-0fb6-44dc-8f8a-1b8ddc68cc7e@group-53F961436BB0-FollowerState: change to CANDIDATE, lastRpcTime:1165ms, electionTimeout:1165ms
2019-11-15 04:24:49,794 [Thread-3610] INFO  impl.RoleInfo (RoleInfo.java:shutdownFollowerState(121)) - ddd86f17-0fb6-44dc-8f8a-1b8ddc68cc7e: shutdown FollowerState
2019-11-15 04:24:49,794 [Thread-3610] INFO  impl.RaftServerImpl (RaftServerImpl.java:setRole(173)) - ddd86f17-0fb6-44dc-8f8a-1b8ddc68cc7e@group-53F961436BB0: changes role from  FOLLOWER to CANDIDATE at term 0 for changeToCandidate
2019-11-15 04:24:49,794 [Thread-3610] INFO  impl.RoleInfo (RoleInfo.java:updateAndGet(143)) - ddd86f17-0fb6-44dc-8f8a-1b8ddc68cc7e: start LeaderElection
2019-11-15 04:24:49,795 [main] INFO  rpc.RpcClient (RpcClient.java:createVolume(292)) - Creating Volume: datanodefailurehandlingtest, with jenkins1000 as owner.
2019-11-15 04:24:49,799 [IPC Server handler 1 on 38870] INFO  volume.OMVolumeCreateRequest (OMVolumeCreateRequest.java:validateAndUpdateCache(193)) - created volume:datanodefailurehandlingtest for user:jenkins1000
2019-11-15 04:24:49,800 [ddd86f17-0fb6-44dc-8f8a-1b8ddc68cc7e@group-C3E515194F35-SegmentedRaftLogWorker] INFO  segmented.SegmentedRaftLogWorker (SegmentedRaftLogWorker.java:execute(576)) - ddd86f17-0fb6-44dc-8f8a-1b8ddc68cc7e@group-C3E515194F35-SegmentedRaftLogWorker: created new log segment /workdir/hadoop-ozone/integration-test/target/test-dir/MiniOzoneClusterImpl-b8077c48-d45a-4953-83b6-e1fc361e67bb/datanode-7/data/ratis/94ea20d5-f2f7-4c51-9fa4-c3e515194f35/current/log_inprogress_0
2019-11-15 04:24:49,800 [8e34abce-4df2-4d13-822a-b9906190a447@group-C3E515194F35-SegmentedRaftLogWorker] INFO  segmented.SegmentedRaftLogWorker (SegmentedRaftLogWorker.java:execute(576)) - 8e34abce-4df2-4d13-822a-b9906190a447@group-C3E515194F35-SegmentedRaftLogWorker: created new log segment /workdir/hadoop-ozone/integration-test/target/test-dir/MiniOzoneClusterImpl-b8077c48-d45a-4953-83b6-e1fc361e67bb/datanode-8/data/ratis/94ea20d5-f2f7-4c51-9fa4-c3e515194f35/current/log_inprogress_0
2019-11-15 04:24:49,800 [8e34abce-4df2-4d13-822a-b9906190a447@group-5128ECDAA3CD-LeaderElection180] INFO  impl.LeaderElection (LeaderElection.java:askForVotes(178)) - 8e34abce-4df2-4d13-822a-b9906190a447@group-5128ECDAA3CD-LeaderElection180: begin an election at term 1 for -1: [8e34abce-4df2-4d13-822a-b9906190a447:192.168.34.61:34382], old=null
2019-11-15 04:24:49,800 [8e34abce-4df2-4d13-822a-b9906190a447@group-5128ECDAA3CD-LeaderElection180] INFO  impl.RoleInfo (RoleInfo.java:shutdownLeaderElection(134)) - 8e34abce-4df2-4d13-822a-b9906190a447: shutdown LeaderElection
2019-11-15 04:24:49,801 [8e34abce-4df2-4d13-822a-b9906190a447@group-5128ECDAA3CD-LeaderElection180] INFO  impl.RaftServerImpl (RaftServerImpl.java:setRole(173)) - 8e34abce-4df2-4d13-822a-b9906190a447@group-5128ECDAA3CD: changes role from CANDIDATE to LEADER at term 1 for changeToLeader
2019-11-15 04:24:49,801 [8e34abce-4df2-4d13-822a-b9906190a447@group-5128ECDAA3CD-LeaderElection180] INFO  ratis.XceiverServerRatis (XceiverServerRatis.java:handleLeaderChangedNotification(733)) - Leader change notification received for group: group-5128ECDAA3CD with new leaderId: 8e34abce-4df2-4d13-822a-b9906190a447
2019-11-15 04:24:49,801 [8e34abce-4df2-4d13-822a-b9906190a447@group-5128ECDAA3CD-LeaderElection180] INFO  impl.RaftServerImpl (ServerState.java:setLeader(255)) - 8e34abce-4df2-4d13-822a-b9906190a447@group-5128ECDAA3CD: change Leader from null to 8e34abce-4df2-4d13-822a-b9906190a447 at term 1 for becomeLeader, leader elected after 1111ms
2019-11-15 04:24:49,801 [8e34abce-4df2-4d13-822a-b9906190a447@group-5128ECDAA3CD-LeaderElection180] INFO  server.RaftServerConfigKeys (ConfUtils.java:logGet(43)) - raft.server.staging.catchup.gap = 1000 (default)
2019-11-15 04:24:49,801 [8e34abce-4df2-4d13-822a-b9906190a447@group-5128ECDAA3CD-LeaderElection180] INFO  server.RaftServerConfigKeys (ConfUtils.java:logGet(43)) - raft.server.rpc.sleep.time = 25ms (default)
2019-11-15 04:24:49,801 [8e34abce-4df2-4d13-822a-b9906190a447@group-5128ECDAA3CD-LeaderElection180] INFO  server.RaftServerConfigKeys (ConfUtils.java:logGet(43)) - raft.server.write.element-limit = 4096 (default)
2019-11-15 04:24:49,801 [8e34abce-4df2-4d13-822a-b9906190a447@group-5128ECDAA3CD-LeaderElection180] INFO  server.RaftServerConfigKeys (ConfUtils.java:logGet(43)) - raft.server.watch.timeout = 10s (default)
2019-11-15 04:24:49,801 [8e34abce-4df2-4d13-822a-b9906190a447@group-5128ECDAA3CD-LeaderElection180] INFO  server.RaftServerConfigKeys (ConfUtils.java:logGet(43)) - raft.server.watch.timeout.denomination = 1s (default)
2019-11-15 04:24:49,801 [8e34abce-4df2-4d13-822a-b9906190a447@group-5128ECDAA3CD-LeaderElection180] INFO  server.RaftServerConfigKeys (ConfUtils.java:logGet(43)) - raft.server.watch.element-limit = 65536 (default)
2019-11-15 04:24:49,801 [8e34abce-4df2-4d13-822a-b9906190a447@group-5128ECDAA3CD-LeaderElection180] INFO  impl.RoleInfo (RoleInfo.java:updateAndGet(143)) - 8e34abce-4df2-4d13-822a-b9906190a447: start LeaderState
2019-11-15 04:24:49,802 [8e34abce-4df2-4d13-822a-b9906190a447@group-5128ECDAA3CD-LeaderElection180] INFO  segmented.SegmentedRaftLogWorker (SegmentedRaftLogWorker.java:startLogSegment(385)) - 8e34abce-4df2-4d13-822a-b9906190a447@group-5128ECDAA3CD-SegmentedRaftLogWorker: Starting segment from index:0
2019-11-15 04:24:49,802 [8e34abce-4df2-4d13-822a-b9906190a447@group-5128ECDAA3CD-LeaderElection180] INFO  impl.RaftServerImpl (ServerState.java:setRaftConf(356)) - 8e34abce-4df2-4d13-822a-b9906190a447@group-5128ECDAA3CD: set configuration 0: [8e34abce-4df2-4d13-822a-b9906190a447:192.168.34.61:34382], old=null at 0
2019-11-15 04:24:49,820 [Thread-3618] INFO  impl.FollowerState (FollowerState.java:run(111)) - 20bbc30b-ac2f-443a-8d40-7c1ff9223c1a@group-2157A9C13C12-FollowerState: change to CANDIDATE, lastRpcTime:1052ms, electionTimeout:1052ms
2019-11-15 04:24:49,820 [Thread-3618] INFO  impl.RoleInfo (RoleInfo.java:shutdownFollowerState(121)) - 20bbc30b-ac2f-443a-8d40-7c1ff9223c1a: shutdown FollowerState
2019-11-15 04:24:49,820 [Thread-3618] INFO  impl.RaftServerImpl (RaftServerImpl.java:setRole(173)) - 20bbc30b-ac2f-443a-8d40-7c1ff9223c1a@group-2157A9C13C12: changes role from  FOLLOWER to CANDIDATE at term 0 for changeToCandidate
2019-11-15 04:24:49,820 [Thread-3618] INFO  impl.RoleInfo (RoleInfo.java:updateAndGet(143)) - 20bbc30b-ac2f-443a-8d40-7c1ff9223c1a: start LeaderElection
2019-11-15 04:24:49,834 [ddd86f17-0fb6-44dc-8f8a-1b8ddc68cc7e@group-53F961436BB0-LeaderElection181] INFO  impl.LeaderElection (LeaderElection.java:askForVotes(178)) - ddd86f17-0fb6-44dc-8f8a-1b8ddc68cc7e@group-53F961436BB0-LeaderElection181: begin an election at term 1 for -1: [ddd86f17-0fb6-44dc-8f8a-1b8ddc68cc7e:192.168.34.61:37754], old=null
2019-11-15 04:24:49,834 [ddd86f17-0fb6-44dc-8f8a-1b8ddc68cc7e@group-53F961436BB0-LeaderElection181] INFO  impl.RoleInfo (RoleInfo.java:shutdownLeaderElection(134)) - ddd86f17-0fb6-44dc-8f8a-1b8ddc68cc7e: shutdown LeaderElection
2019-11-15 04:24:49,834 [ddd86f17-0fb6-44dc-8f8a-1b8ddc68cc7e@group-53F961436BB0-LeaderElection181] INFO  impl.RaftServerImpl (RaftServerImpl.java:setRole(173)) - ddd86f17-0fb6-44dc-8f8a-1b8ddc68cc7e@group-53F961436BB0: changes role from CANDIDATE to LEADER at term 1 for changeToLeader
2019-11-15 04:24:49,834 [ddd86f17-0fb6-44dc-8f8a-1b8ddc68cc7e@group-53F961436BB0-LeaderElection181] INFO  ratis.XceiverServerRatis (XceiverServerRatis.java:handleLeaderChangedNotification(733)) - Leader change notification received for group: group-53F961436BB0 with new leaderId: ddd86f17-0fb6-44dc-8f8a-1b8ddc68cc7e
2019-11-15 04:24:49,834 [ddd86f17-0fb6-44dc-8f8a-1b8ddc68cc7e@group-53F961436BB0-LeaderElection181] INFO  impl.RaftServerImpl (ServerState.java:setLeader(255)) - ddd86f17-0fb6-44dc-8f8a-1b8ddc68cc7e@group-53F961436BB0: change Leader from null to ddd86f17-0fb6-44dc-8f8a-1b8ddc68cc7e at term 1 for becomeLeader, leader elected after 1208ms
2019-11-15 04:24:49,834 [ddd86f17-0fb6-44dc-8f8a-1b8ddc68cc7e@group-53F961436BB0-LeaderElection181] INFO  server.RaftServerConfigKeys (ConfUtils.java:logGet(43)) - raft.server.staging.catchup.gap = 1000 (default)
2019-11-15 04:24:49,835 [ddd86f17-0fb6-44dc-8f8a-1b8ddc68cc7e@group-53F961436BB0-LeaderElection181] INFO  server.RaftServerConfigKeys (ConfUtils.java:logGet(43)) - raft.server.rpc.sleep.time = 25ms (default)
2019-11-15 04:24:49,835 [ddd86f17-0fb6-44dc-8f8a-1b8ddc68cc7e@group-53F961436BB0-LeaderElection181] INFO  server.RaftServerConfigKeys (ConfUtils.java:logGet(43)) - raft.server.write.element-limit = 4096 (default)
2019-11-15 04:24:49,835 [ddd86f17-0fb6-44dc-8f8a-1b8ddc68cc7e@group-53F961436BB0-LeaderElection181] INFO  server.RaftServerConfigKeys (ConfUtils.java:logGet(43)) - raft.server.watch.timeout = 10s (default)
2019-11-15 04:24:49,835 [ddd86f17-0fb6-44dc-8f8a-1b8ddc68cc7e@group-53F961436BB0-LeaderElection181] INFO  server.RaftServerConfigKeys (ConfUtils.java:logGet(43)) - raft.server.watch.timeout.denomination = 1s (default)
2019-11-15 04:24:49,835 [ddd86f17-0fb6-44dc-8f8a-1b8ddc68cc7e@group-53F961436BB0-LeaderElection181] INFO  server.RaftServerConfigKeys (ConfUtils.java:logGet(43)) - raft.server.watch.element-limit = 65536 (default)
2019-11-15 04:24:49,835 [ddd86f17-0fb6-44dc-8f8a-1b8ddc68cc7e@group-53F961436BB0-LeaderElection181] INFO  impl.RoleInfo (RoleInfo.java:updateAndGet(143)) - ddd86f17-0fb6-44dc-8f8a-1b8ddc68cc7e: start LeaderState
2019-11-15 04:24:49,835 [ddd86f17-0fb6-44dc-8f8a-1b8ddc68cc7e@group-53F961436BB0-LeaderElection181] INFO  segmented.SegmentedRaftLogWorker (SegmentedRaftLogWorker.java:startLogSegment(385)) - ddd86f17-0fb6-44dc-8f8a-1b8ddc68cc7e@group-53F961436BB0-SegmentedRaftLogWorker: Starting segment from index:0
2019-11-15 04:24:49,836 [ddd86f17-0fb6-44dc-8f8a-1b8ddc68cc7e@group-53F961436BB0-LeaderElection181] INFO  impl.RaftServerImpl (ServerState.java:setRaftConf(356)) - ddd86f17-0fb6-44dc-8f8a-1b8ddc68cc7e@group-53F961436BB0: set configuration 0: [ddd86f17-0fb6-44dc-8f8a-1b8ddc68cc7e:192.168.34.61:37754], old=null at 0
2019-11-15 04:24:49,861 [8e34abce-4df2-4d13-822a-b9906190a447@group-5128ECDAA3CD-SegmentedRaftLogWorker] INFO  segmented.SegmentedRaftLogWorker (SegmentedRaftLogWorker.java:execute(576)) - 8e34abce-4df2-4d13-822a-b9906190a447@group-5128ECDAA3CD-SegmentedRaftLogWorker: created new log segment /workdir/hadoop-ozone/integration-test/target/test-dir/MiniOzoneClusterImpl-b8077c48-d45a-4953-83b6-e1fc361e67bb/datanode-8/data/ratis/042fd156-7a1f-4f9c-b706-5128ecdaa3cd/current/log_inprogress_0
2019-11-15 04:24:49,861 [20bbc30b-ac2f-443a-8d40-7c1ff9223c1a@group-2157A9C13C12-LeaderElection182] INFO  impl.LeaderElection (LeaderElection.java:askForVotes(178)) - 20bbc30b-ac2f-443a-8d40-7c1ff9223c1a@group-2157A9C13C12-LeaderElection182: begin an election at term 1 for -1: [20bbc30b-ac2f-443a-8d40-7c1ff9223c1a:192.168.34.61:40377], old=null
2019-11-15 04:24:49,862 [20bbc30b-ac2f-443a-8d40-7c1ff9223c1a@group-2157A9C13C12-LeaderElection182] INFO  impl.RoleInfo (RoleInfo.java:shutdownLeaderElection(134)) - 20bbc30b-ac2f-443a-8d40-7c1ff9223c1a: shutdown LeaderElection
2019-11-15 04:24:49,862 [20bbc30b-ac2f-443a-8d40-7c1ff9223c1a@group-2157A9C13C12-LeaderElection182] INFO  impl.RaftServerImpl (RaftServerImpl.java:setRole(173)) - 20bbc30b-ac2f-443a-8d40-7c1ff9223c1a@group-2157A9C13C12: changes role from CANDIDATE to LEADER at term 1 for changeToLeader
2019-11-15 04:24:49,862 [20bbc30b-ac2f-443a-8d40-7c1ff9223c1a@group-2157A9C13C12-LeaderElection182] INFO  ratis.XceiverServerRatis (XceiverServerRatis.java:handleLeaderChangedNotification(733)) - Leader change notification received for group: group-2157A9C13C12 with new leaderId: 20bbc30b-ac2f-443a-8d40-7c1ff9223c1a
2019-11-15 04:24:49,862 [20bbc30b-ac2f-443a-8d40-7c1ff9223c1a@group-2157A9C13C12-LeaderElection182] INFO  impl.RaftServerImpl (ServerState.java:setLeader(255)) - 20bbc30b-ac2f-443a-8d40-7c1ff9223c1a@group-2157A9C13C12: change Leader from null to 20bbc30b-ac2f-443a-8d40-7c1ff9223c1a at term 1 for becomeLeader, leader elected after 1099ms
2019-11-15 04:24:49,862 [20bbc30b-ac2f-443a-8d40-7c1ff9223c1a@group-2157A9C13C12-LeaderElection182] INFO  server.RaftServerConfigKeys (ConfUtils.java:logGet(43)) - raft.server.staging.catchup.gap = 1000 (default)
2019-11-15 04:24:49,862 [20bbc30b-ac2f-443a-8d40-7c1ff9223c1a@group-2157A9C13C12-LeaderElection182] INFO  server.RaftServerConfigKeys (ConfUtils.java:logGet(43)) - raft.server.rpc.sleep.time = 25ms (default)
2019-11-15 04:24:49,863 [20bbc30b-ac2f-443a-8d40-7c1ff9223c1a@group-2157A9C13C12-LeaderElection182] INFO  server.RaftServerConfigKeys (ConfUtils.java:logGet(43)) - raft.server.write.element-limit = 4096 (default)
2019-11-15 04:24:49,866 [20bbc30b-ac2f-443a-8d40-7c1ff9223c1a@group-2157A9C13C12-LeaderElection182] INFO  server.RaftServerConfigKeys (ConfUtils.java:logGet(43)) - raft.server.watch.timeout = 10s (default)
2019-11-15 04:24:49,866 [20bbc30b-ac2f-443a-8d40-7c1ff9223c1a@group-2157A9C13C12-LeaderElection182] INFO  server.RaftServerConfigKeys (ConfUtils.java:logGet(43)) - raft.server.watch.timeout.denomination = 1s (default)
2019-11-15 04:24:49,866 [20bbc30b-ac2f-443a-8d40-7c1ff9223c1a@group-2157A9C13C12-LeaderElection182] INFO  server.RaftServerConfigKeys (ConfUtils.java:logGet(43)) - raft.server.watch.element-limit = 65536 (default)
2019-11-15 04:24:49,868 [20bbc30b-ac2f-443a-8d40-7c1ff9223c1a@group-2157A9C13C12-LeaderElection182] INFO  impl.RoleInfo (RoleInfo.java:updateAndGet(143)) - 20bbc30b-ac2f-443a-8d40-7c1ff9223c1a: start LeaderState
2019-11-15 04:24:49,868 [20bbc30b-ac2f-443a-8d40-7c1ff9223c1a@group-2157A9C13C12-LeaderElection182] INFO  segmented.SegmentedRaftLogWorker (SegmentedRaftLogWorker.java:startLogSegment(385)) - 20bbc30b-ac2f-443a-8d40-7c1ff9223c1a@group-2157A9C13C12-SegmentedRaftLogWorker: Starting segment from index:0
2019-11-15 04:24:49,868 [20bbc30b-ac2f-443a-8d40-7c1ff9223c1a@group-2157A9C13C12-LeaderElection182] INFO  impl.RaftServerImpl (ServerState.java:setRaftConf(356)) - 20bbc30b-ac2f-443a-8d40-7c1ff9223c1a@group-2157A9C13C12: set configuration 0: [20bbc30b-ac2f-443a-8d40-7c1ff9223c1a:192.168.34.61:40377], old=null at 0
2019-11-15 04:24:49,868 [main] INFO  rpc.RpcClient (RpcClient.java:createBucket(431)) - Creating Bucket: datanodefailurehandlingtest/datanodefailurehandlingtest, with Versioning false and Storage Type set to DISK and Encryption set to false 
2019-11-15 04:24:49,893 [ddd86f17-0fb6-44dc-8f8a-1b8ddc68cc7e@group-53F961436BB0-SegmentedRaftLogWorker] INFO  segmented.SegmentedRaftLogWorker (SegmentedRaftLogWorker.java:execute(576)) - ddd86f17-0fb6-44dc-8f8a-1b8ddc68cc7e@group-53F961436BB0-SegmentedRaftLogWorker: created new log segment /workdir/hadoop-ozone/integration-test/target/test-dir/MiniOzoneClusterImpl-b8077c48-d45a-4953-83b6-e1fc361e67bb/datanode-7/data/ratis/de40b1db-f1ee-4a94-a0da-53f961436bb0/current/log_inprogress_0
2019-11-15 04:24:49,922 [20bbc30b-ac2f-443a-8d40-7c1ff9223c1a@group-2157A9C13C12-SegmentedRaftLogWorker] INFO  segmented.SegmentedRaftLogWorker (SegmentedRaftLogWorker.java:execute(576)) - 20bbc30b-ac2f-443a-8d40-7c1ff9223c1a@group-2157A9C13C12-SegmentedRaftLogWorker: created new log segment /workdir/hadoop-ozone/integration-test/target/test-dir/MiniOzoneClusterImpl-b8077c48-d45a-4953-83b6-e1fc361e67bb/datanode-9/data/ratis/81a75f4e-2b52-485c-a77e-2157a9c13c12/current/log_inprogress_0
2019-11-15 04:24:50,482 [Thread-3625] INFO  impl.FollowerState (FollowerState.java:run(111)) - f15e9ea2-ac28-4081-8e04-15028e251385@group-B41F48618BA6-FollowerState: change to CANDIDATE, lastRpcTime:1093ms, electionTimeout:1093ms
2019-11-15 04:24:50,482 [Thread-3625] INFO  impl.RoleInfo (RoleInfo.java:shutdownFollowerState(121)) - f15e9ea2-ac28-4081-8e04-15028e251385: shutdown FollowerState
2019-11-15 04:24:50,482 [Thread-3625] INFO  impl.RaftServerImpl (RaftServerImpl.java:setRole(173)) - f15e9ea2-ac28-4081-8e04-15028e251385@group-B41F48618BA6: changes role from  FOLLOWER to CANDIDATE at term 2 for changeToCandidate
2019-11-15 04:24:50,482 [Thread-3625] INFO  impl.RoleInfo (RoleInfo.java:updateAndGet(143)) - f15e9ea2-ac28-4081-8e04-15028e251385: start LeaderElection
2019-11-15 04:24:50,498 [f15e9ea2-ac28-4081-8e04-15028e251385@group-B41F48618BA6-LeaderElection183] INFO  impl.LeaderElection (LeaderElection.java:askForVotes(178)) - f15e9ea2-ac28-4081-8e04-15028e251385@group-B41F48618BA6-LeaderElection183: begin an election at term 3 for -1: [b8480f98-5c77-4f73-b6b9-e737b10a7f9e:192.168.34.61:32848, be6365c1-8fb2-47f9-87b1-78a3fb38138b:192.168.34.61:44393, f15e9ea2-ac28-4081-8e04-15028e251385:192.168.34.61:44094], old=null
2019-11-15 04:24:50,503 [grpc-default-executor-19] INFO  impl.RaftServerImpl (RaftServerImpl.java:setRole(173)) - b8480f98-5c77-4f73-b6b9-e737b10a7f9e@group-B41F48618BA6: changes role from  FOLLOWER to FOLLOWER at term 3 for recognizeCandidate:f15e9ea2-ac28-4081-8e04-15028e251385
2019-11-15 04:24:50,503 [grpc-default-executor-1] INFO  impl.RaftServerImpl (RaftServerImpl.java:setRole(173)) - be6365c1-8fb2-47f9-87b1-78a3fb38138b@group-B41F48618BA6: changes role from  FOLLOWER to FOLLOWER at term 3 for recognizeCandidate:f15e9ea2-ac28-4081-8e04-15028e251385
2019-11-15 04:24:50,504 [grpc-default-executor-1] INFO  impl.RoleInfo (RoleInfo.java:shutdownFollowerState(121)) - be6365c1-8fb2-47f9-87b1-78a3fb38138b: shutdown FollowerState
2019-11-15 04:24:50,503 [grpc-default-executor-19] INFO  impl.RoleInfo (RoleInfo.java:shutdownFollowerState(121)) - b8480f98-5c77-4f73-b6b9-e737b10a7f9e: shutdown FollowerState
2019-11-15 04:24:50,504 [grpc-default-executor-1] INFO  impl.RoleInfo (RoleInfo.java:updateAndGet(143)) - be6365c1-8fb2-47f9-87b1-78a3fb38138b: start FollowerState
2019-11-15 04:24:50,504 [Thread-3638] INFO  impl.FollowerState (FollowerState.java:run(120)) - b8480f98-5c77-4f73-b6b9-e737b10a7f9e@group-B41F48618BA6-FollowerState was interrupted: java.lang.InterruptedException: sleep interrupted
2019-11-15 04:24:50,504 [Thread-3637] INFO  impl.FollowerState (FollowerState.java:run(120)) - be6365c1-8fb2-47f9-87b1-78a3fb38138b@group-B41F48618BA6-FollowerState was interrupted: java.lang.InterruptedException: sleep interrupted
2019-11-15 04:24:50,504 [grpc-default-executor-19] INFO  impl.RoleInfo (RoleInfo.java:updateAndGet(143)) - b8480f98-5c77-4f73-b6b9-e737b10a7f9e: start FollowerState
2019-11-15 04:24:50,532 [f15e9ea2-ac28-4081-8e04-15028e251385@group-B41F48618BA6-LeaderElection183] INFO  impl.LeaderElection (LeaderElection.java:logAndReturn(56)) - f15e9ea2-ac28-4081-8e04-15028e251385@group-B41F48618BA6-LeaderElection183: Election PASSED; received 1 response(s) [f15e9ea2-ac28-4081-8e04-15028e251385<-be6365c1-8fb2-47f9-87b1-78a3fb38138b#0:OK-t3] and 0 exception(s); f15e9ea2-ac28-4081-8e04-15028e251385@group-B41F48618BA6:t3, leader=null, voted=f15e9ea2-ac28-4081-8e04-15028e251385, raftlog=f15e9ea2-ac28-4081-8e04-15028e251385@group-B41F48618BA6-SegmentedRaftLog:OPENED:c-1,f-1,i0, conf=-1: [b8480f98-5c77-4f73-b6b9-e737b10a7f9e:192.168.34.61:32848, be6365c1-8fb2-47f9-87b1-78a3fb38138b:192.168.34.61:44393, f15e9ea2-ac28-4081-8e04-15028e251385:192.168.34.61:44094], old=null
2019-11-15 04:24:50,532 [f15e9ea2-ac28-4081-8e04-15028e251385@group-B41F48618BA6-LeaderElection183] INFO  impl.RoleInfo (RoleInfo.java:shutdownLeaderElection(134)) - f15e9ea2-ac28-4081-8e04-15028e251385: shutdown LeaderElection
2019-11-15 04:24:50,532 [f15e9ea2-ac28-4081-8e04-15028e251385@group-B41F48618BA6-LeaderElection183] INFO  impl.RaftServerImpl (RaftServerImpl.java:setRole(173)) - f15e9ea2-ac28-4081-8e04-15028e251385@group-B41F48618BA6: changes role from CANDIDATE to LEADER at term 3 for changeToLeader
2019-11-15 04:24:50,532 [f15e9ea2-ac28-4081-8e04-15028e251385@group-B41F48618BA6-LeaderElection183] INFO  ratis.XceiverServerRatis (XceiverServerRatis.java:handleLeaderChangedNotification(733)) - Leader change notification received for group: group-B41F48618BA6 with new leaderId: f15e9ea2-ac28-4081-8e04-15028e251385
2019-11-15 04:24:50,532 [f15e9ea2-ac28-4081-8e04-15028e251385@group-B41F48618BA6-LeaderElection183] INFO  impl.RaftServerImpl (ServerState.java:setLeader(255)) - f15e9ea2-ac28-4081-8e04-15028e251385@group-B41F48618BA6: change Leader from null to f15e9ea2-ac28-4081-8e04-15028e251385 at term 3 for becomeLeader, leader elected after 2243ms
2019-11-15 04:24:50,532 [f15e9ea2-ac28-4081-8e04-15028e251385@group-B41F48618BA6-LeaderElection183] INFO  server.RaftServerConfigKeys (ConfUtils.java:logGet(43)) - raft.server.staging.catchup.gap = 1000 (default)
2019-11-15 04:24:50,532 [f15e9ea2-ac28-4081-8e04-15028e251385@group-B41F48618BA6-LeaderElection183] INFO  server.RaftServerConfigKeys (ConfUtils.java:logGet(43)) - raft.server.rpc.sleep.time = 25ms (default)
2019-11-15 04:24:50,532 [f15e9ea2-ac28-4081-8e04-15028e251385@group-B41F48618BA6-LeaderElection183] INFO  server.RaftServerConfigKeys (ConfUtils.java:logGet(43)) - raft.server.write.element-limit = 4096 (default)
2019-11-15 04:24:50,533 [f15e9ea2-ac28-4081-8e04-15028e251385@group-B41F48618BA6-LeaderElection183] INFO  server.RaftServerConfigKeys (ConfUtils.java:logGet(43)) - raft.server.watch.timeout = 10s (default)
2019-11-15 04:24:50,533 [f15e9ea2-ac28-4081-8e04-15028e251385@group-B41F48618BA6-LeaderElection183] INFO  server.RaftServerConfigKeys (ConfUtils.java:logGet(43)) - raft.server.watch.timeout.denomination = 1s (default)
2019-11-15 04:24:50,533 [f15e9ea2-ac28-4081-8e04-15028e251385@group-B41F48618BA6-LeaderElection183] INFO  server.RaftServerConfigKeys (ConfUtils.java:logGet(43)) - raft.server.watch.element-limit = 65536 (default)
2019-11-15 04:24:50,533 [f15e9ea2-ac28-4081-8e04-15028e251385@group-B41F48618BA6-LeaderElection183] INFO  server.RaftServerConfigKeys (ConfUtils.java:logGet(43)) - raft.server.log.appender.snapshot.chunk.size.max = 16MB (=16777216) (default)
2019-11-15 04:24:50,533 [f15e9ea2-ac28-4081-8e04-15028e251385@group-B41F48618BA6-LeaderElection183] INFO  server.RaftServerConfigKeys (ConfUtils.java:logGet(43)) - raft.server.log.appender.buffer.byte-limit = 33554432 (custom)
2019-11-15 04:24:50,533 [f15e9ea2-ac28-4081-8e04-15028e251385@group-B41F48618BA6-LeaderElection183] INFO  server.RaftServerConfigKeys (ConfUtils.java:logGet(43)) - raft.server.log.appender.buffer.element-limit = 1 (custom)
2019-11-15 04:24:50,533 [f15e9ea2-ac28-4081-8e04-15028e251385@group-B41F48618BA6-LeaderElection183] INFO  grpc.GrpcConfigKeys$Server (ConfUtils.java:logGet(43)) - raft.grpc.server.leader.outstanding.appends.max = 128 (default)
2019-11-15 04:24:50,533 [f15e9ea2-ac28-4081-8e04-15028e251385@group-B41F48618BA6-LeaderElection183] INFO  server.RaftServerConfigKeys (ConfUtils.java:logGet(43)) - raft.server.rpc.request.timeout = 3000ms (default)
2019-11-15 04:24:50,534 [f15e9ea2-ac28-4081-8e04-15028e251385@group-B41F48618BA6-LeaderElection183] INFO  server.RaftServerConfigKeys (ConfUtils.java:logGet(43)) - raft.server.log.appender.install.snapshot.enabled = false (custom)
2019-11-15 04:24:50,534 [f15e9ea2-ac28-4081-8e04-15028e251385@group-B41F48618BA6-LeaderElection183] WARN  impl.MetricRegistriesImpl (MetricRegistriesImpl.java:lambda$create$1(61)) - First MetricRegistry has been created without registering reporters. You may need to call MetricRegistries.global().addReportRegistration(...) before.
2019-11-15 04:24:50,534 [f15e9ea2-ac28-4081-8e04-15028e251385@group-B41F48618BA6-LeaderElection183] INFO  server.RaftServerConfigKeys (ConfUtils.java:logGet(43)) - raft.server.log.appender.snapshot.chunk.size.max = 16MB (=16777216) (default)
2019-11-15 04:24:50,534 [f15e9ea2-ac28-4081-8e04-15028e251385@group-B41F48618BA6-LeaderElection183] INFO  server.RaftServerConfigKeys (ConfUtils.java:logGet(43)) - raft.server.log.appender.buffer.byte-limit = 33554432 (custom)
2019-11-15 04:24:50,534 [f15e9ea2-ac28-4081-8e04-15028e251385@group-B41F48618BA6-LeaderElection183] INFO  server.RaftServerConfigKeys (ConfUtils.java:logGet(43)) - raft.server.log.appender.buffer.element-limit = 1 (custom)
2019-11-15 04:24:50,534 [f15e9ea2-ac28-4081-8e04-15028e251385@group-B41F48618BA6-LeaderElection183] INFO  grpc.GrpcConfigKeys$Server (ConfUtils.java:logGet(43)) - raft.grpc.server.leader.outstanding.appends.max = 128 (default)
2019-11-15 04:24:50,534 [f15e9ea2-ac28-4081-8e04-15028e251385@group-B41F48618BA6-LeaderElection183] INFO  server.RaftServerConfigKeys (ConfUtils.java:logGet(43)) - raft.server.rpc.request.timeout = 3000ms (default)
2019-11-15 04:24:50,534 [f15e9ea2-ac28-4081-8e04-15028e251385@group-B41F48618BA6-LeaderElection183] INFO  server.RaftServerConfigKeys (ConfUtils.java:logGet(43)) - raft.server.log.appender.install.snapshot.enabled = false (custom)
2019-11-15 04:24:50,535 [f15e9ea2-ac28-4081-8e04-15028e251385@group-B41F48618BA6-LeaderElection183] INFO  impl.RoleInfo (RoleInfo.java:updateAndGet(143)) - f15e9ea2-ac28-4081-8e04-15028e251385: start LeaderState
2019-11-15 04:24:50,535 [f15e9ea2-ac28-4081-8e04-15028e251385@group-B41F48618BA6-LeaderElection183] INFO  segmented.SegmentedRaftLogWorker (SegmentedRaftLogWorker.java:startLogSegment(385)) - f15e9ea2-ac28-4081-8e04-15028e251385@group-B41F48618BA6-SegmentedRaftLogWorker: Starting segment from index:0
2019-11-15 04:24:50,536 [f15e9ea2-ac28-4081-8e04-15028e251385@group-B41F48618BA6-LeaderElection183] INFO  impl.RaftServerImpl (ServerState.java:setRaftConf(356)) - f15e9ea2-ac28-4081-8e04-15028e251385@group-B41F48618BA6: set configuration 0: [b8480f98-5c77-4f73-b6b9-e737b10a7f9e:192.168.34.61:32848, be6365c1-8fb2-47f9-87b1-78a3fb38138b:192.168.34.61:44393, f15e9ea2-ac28-4081-8e04-15028e251385:192.168.34.61:44094], old=null at 0
2019-11-15 04:24:50,537 [grpc-default-executor-1] INFO  ratis.XceiverServerRatis (XceiverServerRatis.java:handleLeaderChangedNotification(733)) - Leader change notification received for group: group-B41F48618BA6 with new leaderId: f15e9ea2-ac28-4081-8e04-15028e251385
2019-11-15 04:24:50,537 [grpc-default-executor-1] INFO  impl.RaftServerImpl (ServerState.java:setLeader(255)) - be6365c1-8fb2-47f9-87b1-78a3fb38138b@group-B41F48618BA6: change Leader from null to f15e9ea2-ac28-4081-8e04-15028e251385 at term 3 for appendEntries, leader elected after 2247ms
2019-11-15 04:24:50,570 [grpc-default-executor-19] INFO  ratis.XceiverServerRatis (XceiverServerRatis.java:handleLeaderChangedNotification(733)) - Leader change notification received for group: group-B41F48618BA6 with new leaderId: f15e9ea2-ac28-4081-8e04-15028e251385
2019-11-15 04:24:50,570 [grpc-default-executor-19] INFO  impl.RaftServerImpl (ServerState.java:setLeader(255)) - b8480f98-5c77-4f73-b6b9-e737b10a7f9e@group-B41F48618BA6: change Leader from null to f15e9ea2-ac28-4081-8e04-15028e251385 at term 3 for appendEntries, leader elected after 1115ms
2019-11-15 04:24:50,572 [grpc-default-executor-19] INFO  impl.RaftServerImpl (ServerState.java:setRaftConf(356)) - be6365c1-8fb2-47f9-87b1-78a3fb38138b@group-B41F48618BA6: set configuration 0: [b8480f98-5c77-4f73-b6b9-e737b10a7f9e:192.168.34.61:32848, be6365c1-8fb2-47f9-87b1-78a3fb38138b:192.168.34.61:44393, f15e9ea2-ac28-4081-8e04-15028e251385:192.168.34.61:44094], old=null at 0
2019-11-15 04:24:50,572 [grpc-default-executor-19] INFO  segmented.SegmentedRaftLogWorker (SegmentedRaftLogWorker.java:startLogSegment(385)) - be6365c1-8fb2-47f9-87b1-78a3fb38138b@group-B41F48618BA6-SegmentedRaftLogWorker: Starting segment from index:0
2019-11-15 04:24:50,572 [grpc-default-executor-19] INFO  impl.RaftServerImpl (ServerState.java:setRaftConf(356)) - b8480f98-5c77-4f73-b6b9-e737b10a7f9e@group-B41F48618BA6: set configuration 0: [b8480f98-5c77-4f73-b6b9-e737b10a7f9e:192.168.34.61:32848, be6365c1-8fb2-47f9-87b1-78a3fb38138b:192.168.34.61:44393, f15e9ea2-ac28-4081-8e04-15028e251385:192.168.34.61:44094], old=null at 0
2019-11-15 04:24:50,572 [grpc-default-executor-19] INFO  segmented.SegmentedRaftLogWorker (SegmentedRaftLogWorker.java:truncate(401)) - b8480f98-5c77-4f73-b6b9-e737b10a7f9e@group-B41F48618BA6-SegmentedRaftLogWorker: Truncating segments toTruncate: null
  toDelete: [(0, 0) isOpen? true, length=0, newEndIndex=-1], start index 0
2019-11-15 04:24:50,573 [grpc-default-executor-19] INFO  segmented.SegmentedRaftLogWorker (SegmentedRaftLogWorker.java:startLogSegment(385)) - b8480f98-5c77-4f73-b6b9-e737b10a7f9e@group-B41F48618BA6-SegmentedRaftLogWorker: Starting segment from index:0
2019-11-15 04:24:50,573 [b8480f98-5c77-4f73-b6b9-e737b10a7f9e@group-B41F48618BA6-SegmentedRaftLogWorker] INFO  segmented.SegmentedRaftLogWorker (SegmentedRaftLogWorker.java:execute(640)) - b8480f98-5c77-4f73-b6b9-e737b10a7f9e@group-B41F48618BA6-SegmentedRaftLogWorker: Deleted log file /workdir/hadoop-ozone/integration-test/target/test-dir/MiniOzoneClusterImpl-b8077c48-d45a-4953-83b6-e1fc361e67bb/datanode-2/data/ratis/37bb1998-c457-4570-8a91-b41f48618ba6/current/log_inprogress_0
2019-11-15 04:24:50,573 [b8480f98-5c77-4f73-b6b9-e737b10a7f9e@group-B41F48618BA6-SegmentedRaftLogWorker] INFO  segmented.SegmentedRaftLogWorker (SegmentedRaftLogWorker.java:lambda$new$0(128)) - b8480f98-5c77-4f73-b6b9-e737b10a7f9e@group-B41F48618BA6-SegmentedRaftLogWorker: flushIndex: setUnconditionally 0 -> -1
2019-11-15 04:24:50,586 [f15e9ea2-ac28-4081-8e04-15028e251385@group-B41F48618BA6-SegmentedRaftLogWorker] INFO  segmented.SegmentedRaftLogWorker (SegmentedRaftLogWorker.java:execute(576)) - f15e9ea2-ac28-4081-8e04-15028e251385@group-B41F48618BA6-SegmentedRaftLogWorker: created new log segment /workdir/hadoop-ozone/integration-test/target/test-dir/MiniOzoneClusterImpl-b8077c48-d45a-4953-83b6-e1fc361e67bb/datanode-0/data/ratis/37bb1998-c457-4570-8a91-b41f48618ba6/current/log_inprogress_0
2019-11-15 04:24:50,617 [b8480f98-5c77-4f73-b6b9-e737b10a7f9e@group-B41F48618BA6-SegmentedRaftLogWorker] INFO  segmented.SegmentedRaftLogWorker (SegmentedRaftLogWorker.java:execute(576)) - b8480f98-5c77-4f73-b6b9-e737b10a7f9e@group-B41F48618BA6-SegmentedRaftLogWorker: created new log segment /workdir/hadoop-ozone/integration-test/target/test-dir/MiniOzoneClusterImpl-b8077c48-d45a-4953-83b6-e1fc361e67bb/datanode-2/data/ratis/37bb1998-c457-4570-8a91-b41f48618ba6/current/log_inprogress_0
2019-11-15 04:24:50,627 [be6365c1-8fb2-47f9-87b1-78a3fb38138b@group-B41F48618BA6-SegmentedRaftLogWorker] INFO  segmented.SegmentedRaftLogWorker (SegmentedRaftLogWorker.java:execute(576)) - be6365c1-8fb2-47f9-87b1-78a3fb38138b@group-B41F48618BA6-SegmentedRaftLogWorker: created new log segment /workdir/hadoop-ozone/integration-test/target/test-dir/MiniOzoneClusterImpl-b8077c48-d45a-4953-83b6-e1fc361e67bb/datanode-1/data/ratis/37bb1998-c457-4570-8a91-b41f48618ba6/current/log_inprogress_0
2019-11-15 04:24:52,181 [Datanode State Machine Thread - 0] INFO  statemachine.DatanodeStateMachine (DatanodeStateMachine.java:lambda$startDaemon$0(361)) - Ozone container server started.
2019-11-15 04:24:52,449 [Thread-3635] INFO  container.ReplicationManager (ReplicationManager.java:start(162)) - Starting Replication Monitor Thread.
2019-11-15 04:24:52,453 [ReplicationMonitor] INFO  container.ReplicationManager (ReplicationManager.java:run(225)) - Replication Monitor Thread took 0 milliseconds for processing 1 containers.
2019-11-15 04:24:56,288 [main] INFO  ozoneimpl.OzoneContainer (OzoneContainer.java:stop(244)) - Attempting to stop container services.
2019-11-15 04:24:56,290 [main] INFO  impl.RaftServerProxy (RaftServerProxy.java:lambda$close$4(314)) - f15e9ea2-ac28-4081-8e04-15028e251385: close
2019-11-15 04:24:56,290 [main] INFO  impl.RaftServerImpl (RaftServerImpl.java:lambda$shutdown$3(250)) - f15e9ea2-ac28-4081-8e04-15028e251385@group-EFD342B65BA7: shutdown
2019-11-15 04:24:56,291 [main] INFO  util.JmxRegister (JmxRegister.java:unregister(73)) - Successfully un-registered JMX Bean with object name Ratis:service=RaftServer,group=group-EFD342B65BA7,id=f15e9ea2-ac28-4081-8e04-15028e251385
2019-11-15 04:24:56,291 [main] INFO  impl.RoleInfo (RoleInfo.java:shutdownLeaderState(104)) - f15e9ea2-ac28-4081-8e04-15028e251385: shutdown LeaderState
2019-11-15 04:24:56,291 [main] INFO  impl.PendingRequests (PendingRequests.java:sendNotLeaderResponses(206)) - f15e9ea2-ac28-4081-8e04-15028e251385@group-EFD342B65BA7-PendingRequests: sendNotLeaderResponses
2019-11-15 04:24:56,292 [main] INFO  impl.StateMachineUpdater (StateMachineUpdater.java:stopAndJoin(136)) - f15e9ea2-ac28-4081-8e04-15028e251385@group-EFD342B65BA7-StateMachineUpdater: set stopIndex = 0
2019-11-15 04:24:56,292 [main] INFO  impl.RaftServerImpl (ServerState.java:close(387)) - f15e9ea2-ac28-4081-8e04-15028e251385@group-EFD342B65BA7: closes. applyIndex: 0
2019-11-15 04:24:56,293 [f15e9ea2-ac28-4081-8e04-15028e251385@group-EFD342B65BA7-SegmentedRaftLogWorker] INFO  segmented.SegmentedRaftLogWorker (SegmentedRaftLogWorker.java:run(316)) - f15e9ea2-ac28-4081-8e04-15028e251385@group-EFD342B65BA7-SegmentedRaftLogWorker was interrupted, exiting. There are 0 tasks remaining in the queue.
2019-11-15 04:24:56,297 [main] INFO  segmented.SegmentedRaftLogWorker (SegmentedRaftLogWorker.java:close(224)) - f15e9ea2-ac28-4081-8e04-15028e251385@group-EFD342B65BA7-SegmentedRaftLogWorker close()
2019-11-15 04:24:56,300 [main] INFO  impl.RaftServerImpl (RaftServerImpl.java:lambda$shutdown$3(250)) - f15e9ea2-ac28-4081-8e04-15028e251385@group-B41F48618BA6: shutdown
2019-11-15 04:24:56,300 [main] INFO  util.JmxRegister (JmxRegister.java:unregister(73)) - Successfully un-registered JMX Bean with object name Ratis:service=RaftServer,group=group-B41F48618BA6,id=f15e9ea2-ac28-4081-8e04-15028e251385
2019-11-15 04:24:56,300 [main] INFO  impl.RoleInfo (RoleInfo.java:shutdownLeaderState(104)) - f15e9ea2-ac28-4081-8e04-15028e251385: shutdown LeaderState
2019-11-15 04:24:56,303 [main] INFO  impl.PendingRequests (PendingRequests.java:sendNotLeaderResponses(206)) - f15e9ea2-ac28-4081-8e04-15028e251385@group-B41F48618BA6-PendingRequests: sendNotLeaderResponses
2019-11-15 04:24:56,303 [org.apache.ratis.server.impl.LogAppender$AppenderDaemon$$Lambda$1148/648630451@7c30da3b] WARN  server.GrpcLogAppender (GrpcLogAppender.java:mayWait(151)) - f15e9ea2-ac28-4081-8e04-15028e251385@group-B41F48618BA6->b8480f98-5c77-4f73-b6b9-e737b10a7f9e-GrpcLogAppender: Wait interrupted by java.lang.InterruptedException
2019-11-15 04:24:56,303 [org.apache.ratis.server.impl.LogAppender$AppenderDaemon$$Lambda$1148/648630451@39325bd9] WARN  server.GrpcLogAppender (GrpcLogAppender.java:mayWait(151)) - f15e9ea2-ac28-4081-8e04-15028e251385@group-B41F48618BA6->be6365c1-8fb2-47f9-87b1-78a3fb38138b-GrpcLogAppender: Wait interrupted by java.lang.InterruptedException
2019-11-15 04:24:56,307 [main] INFO  impl.StateMachineUpdater (StateMachineUpdater.java:stopAndJoin(136)) - f15e9ea2-ac28-4081-8e04-15028e251385@group-B41F48618BA6-StateMachineUpdater: set stopIndex = 4
2019-11-15 04:24:56,307 [grpc-default-executor-16] INFO  server.GrpcServerProtocolService (GrpcServerProtocolService.java:onCompleted(113)) - b8480f98-5c77-4f73-b6b9-e737b10a7f9e: Completed APPEND_ENTRIES, lastRequest: f15e9ea2-ac28-4081-8e04-15028e251385->b8480f98-5c77-4f73-b6b9-e737b10a7f9e#15-t3, previous=(t:3, i:4), leaderCommit=4, initializing? false, entries: <empty>
2019-11-15 04:24:56,307 [f15e9ea2-ac28-4081-8e04-15028e251385@group-B41F48618BA6-StateMachineUpdater] INFO  ratis.ContainerStateMachine (ContainerStateMachine.java:takeSnapshot(285)) - group-B41F48618BA6: Taking a snapshot at:(t:3, i:4) file /workdir/hadoop-ozone/integration-test/target/test-dir/MiniOzoneClusterImpl-b8077c48-d45a-4953-83b6-e1fc361e67bb/datanode-0/data/ratis/37bb1998-c457-4570-8a91-b41f48618ba6/sm/snapshot.3_4
2019-11-15 04:24:56,310 [grpc-default-executor-16] INFO  server.GrpcServerProtocolService (GrpcServerProtocolService.java:onCompleted(113)) - be6365c1-8fb2-47f9-87b1-78a3fb38138b: Completed APPEND_ENTRIES, lastRequest: f15e9ea2-ac28-4081-8e04-15028e251385->be6365c1-8fb2-47f9-87b1-78a3fb38138b#15-t3, previous=(t:3, i:4), leaderCommit=4, initializing? false, entries: <empty>
2019-11-15 04:24:56,310 [grpc-default-executor-16] INFO  server.GrpcLogAppender (GrpcLogAppender.java:onCompleted(308)) - f15e9ea2-ac28-4081-8e04-15028e251385@group-B41F48618BA6->b8480f98-5c77-4f73-b6b9-e737b10a7f9e-AppendLogResponseHandler: follower responses appendEntries COMPLETED
2019-11-15 04:24:56,311 [grpc-default-executor-1] INFO  server.GrpcLogAppender (GrpcLogAppender.java:onCompleted(308)) - f15e9ea2-ac28-4081-8e04-15028e251385@group-B41F48618BA6->be6365c1-8fb2-47f9-87b1-78a3fb38138b-AppendLogResponseHandler: follower responses appendEntries COMPLETED
2019-11-15 04:24:56,312 [grpc-default-executor-1] INFO  impl.FollowerInfo (FollowerInfo.java:lambda$new$0(51)) - f15e9ea2-ac28-4081-8e04-15028e251385@group-B41F48618BA6->be6365c1-8fb2-47f9-87b1-78a3fb38138b: nextIndex: updateUnconditionally 5 -> 4
2019-11-15 04:24:56,312 [grpc-default-executor-16] INFO  impl.FollowerInfo (FollowerInfo.java:lambda$new$0(51)) - f15e9ea2-ac28-4081-8e04-15028e251385@group-B41F48618BA6->b8480f98-5c77-4f73-b6b9-e737b10a7f9e: nextIndex: updateUnconditionally 5 -> 4
2019-11-15 04:24:56,408 [f15e9ea2-ac28-4081-8e04-15028e251385@group-B41F48618BA6-StateMachineUpdater] INFO  ratis.ContainerStateMachine (ContainerStateMachine.java:takeSnapshot(296)) - group-B41F48618BA6: Finished taking a snapshot at:(t:3, i:4) file:/workdir/hadoop-ozone/integration-test/target/test-dir/MiniOzoneClusterImpl-b8077c48-d45a-4953-83b6-e1fc361e67bb/datanode-0/data/ratis/37bb1998-c457-4570-8a91-b41f48618ba6/sm/snapshot.3_4 time:100
2019-11-15 04:24:56,408 [f15e9ea2-ac28-4081-8e04-15028e251385@group-B41F48618BA6-StateMachineUpdater] INFO  impl.StateMachineUpdater (StateMachineUpdater.java:takeSnapshot(269)) - f15e9ea2-ac28-4081-8e04-15028e251385@group-B41F48618BA6-StateMachineUpdater: Took a snapshot at index 4
2019-11-15 04:24:56,408 [f15e9ea2-ac28-4081-8e04-15028e251385@group-B41F48618BA6-StateMachineUpdater] INFO  impl.StateMachineUpdater (StateMachineUpdater.java:lambda$new$0(84)) - f15e9ea2-ac28-4081-8e04-15028e251385@group-B41F48618BA6-StateMachineUpdater: snapshotIndex: updateIncreasingly -1 -> 4
2019-11-15 04:24:56,409 [main] INFO  impl.RaftServerImpl (ServerState.java:close(387)) - f15e9ea2-ac28-4081-8e04-15028e251385@group-B41F48618BA6: closes. applyIndex: 4
2019-11-15 04:24:56,409 [f15e9ea2-ac28-4081-8e04-15028e251385@group-B41F48618BA6-SegmentedRaftLogWorker] INFO  segmented.SegmentedRaftLogWorker (SegmentedRaftLogWorker.java:run(316)) - f15e9ea2-ac28-4081-8e04-15028e251385@group-B41F48618BA6-SegmentedRaftLogWorker was interrupted, exiting. There are 0 tasks remaining in the queue.
2019-11-15 04:24:56,425 [main] INFO  segmented.SegmentedRaftLogWorker (SegmentedRaftLogWorker.java:close(224)) - f15e9ea2-ac28-4081-8e04-15028e251385@group-B41F48618BA6-SegmentedRaftLogWorker close()
2019-11-15 04:24:56,428 [main] INFO  server.GrpcService (GrpcService.java:closeImpl(164)) - f15e9ea2-ac28-4081-8e04-15028e251385: shutdown server with port 44094 now
2019-11-15 04:24:56,431 [main] INFO  server.GrpcService (GrpcService.java:closeImpl(172)) - f15e9ea2-ac28-4081-8e04-15028e251385: shutdown server with port 44094 successfully
2019-11-15 04:24:56,433 [refreshUsed-/workdir/hadoop-ozone/integration-test/target/test-dir/MiniOzoneClusterImpl-b8077c48-d45a-4953-83b6-e1fc361e67bb/datanode-0/data/containers] WARN  fs.CachingGetSpaceUsed (CachingGetSpaceUsed.java:run(183)) - Thread Interrupted waiting to refresh disk information: sleep interrupted
2019-11-15 04:24:56,453 [main] INFO  utils.BackgroundService (BackgroundService.java:shutdown(151)) - Shutting down service BlockDeletingService
2019-11-15 04:24:56,461 [main] INFO  statemachine.DatanodeStateMachine (DatanodeStateMachine.java:stopDaemon(406)) - Ozone container server stopped.
2019-11-15 04:24:56,462 [main] INFO  handler.ContextHandler (ContextHandler.java:doStop(910)) - Stopped o.e.j.w.WebAppContext@191ec193{/,null,UNAVAILABLE}{/hddsDatanode}
2019-11-15 04:24:56,463 [main] INFO  server.AbstractConnector (AbstractConnector.java:doStop(318)) - Stopped ServerConnector@6321a5aa{HTTP/1.1,[http/1.1]}{0.0.0.0:0}
2019-11-15 04:24:56,463 [main] INFO  handler.ContextHandler (ContextHandler.java:doStop(910)) - Stopped o.e.j.s.ServletContextHandler@9408857{/static,jar:file:/home/user/.m2/repository/org/apache/hadoop/hadoop-hdds-container-service/0.5.0-SNAPSHOT/hadoop-hdds-container-service-0.5.0-SNAPSHOT.jar!/webapps/static,UNAVAILABLE}
2019-11-15 04:24:56,464 [main] INFO  handler.ContextHandler (ContextHandler.java:doStop(910)) - Stopped o.e.j.s.ServletContextHandler@646d810b{/logs,file:///workdir/hadoop-ozone/integration-test/target/log,UNAVAILABLE}
2019-11-15 04:24:58,083 [Thread-3690] INFO  impl.FollowerState (FollowerState.java:run(111)) - b8480f98-5c77-4f73-b6b9-e737b10a7f9e@group-B41F48618BA6-FollowerState: change to CANDIDATE, lastRpcTime:1842ms, electionTimeout:1037ms
2019-11-15 04:24:58,084 [Thread-3690] INFO  impl.RoleInfo (RoleInfo.java:shutdownFollowerState(121)) - b8480f98-5c77-4f73-b6b9-e737b10a7f9e: shutdown FollowerState
2019-11-15 04:24:58,084 [Thread-3690] INFO  impl.RaftServerImpl (RaftServerImpl.java:setRole(173)) - b8480f98-5c77-4f73-b6b9-e737b10a7f9e@group-B41F48618BA6: changes role from  FOLLOWER to CANDIDATE at term 3 for changeToCandidate
2019-11-15 04:24:58,084 [Thread-3690] INFO  impl.RoleInfo (RoleInfo.java:updateAndGet(143)) - b8480f98-5c77-4f73-b6b9-e737b10a7f9e: start LeaderElection
2019-11-15 04:24:58,084 [b8480f98-5c77-4f73-b6b9-e737b10a7f9e@group-B41F48618BA6-LeaderElection184] INFO  impl.RaftServerImpl (ServerState.java:setLeader(255)) - b8480f98-5c77-4f73-b6b9-e737b10a7f9e@group-B41F48618BA6: change Leader from f15e9ea2-ac28-4081-8e04-15028e251385 to null at term 3 for initElection
2019-11-15 04:24:58,175 [Thread-3689] INFO  impl.FollowerState (FollowerState.java:run(111)) - be6365c1-8fb2-47f9-87b1-78a3fb38138b@group-B41F48618BA6-FollowerState: change to CANDIDATE, lastRpcTime:1938ms, electionTimeout:1026ms
2019-11-15 04:24:58,175 [Thread-3689] INFO  impl.RoleInfo (RoleInfo.java:shutdownFollowerState(121)) - be6365c1-8fb2-47f9-87b1-78a3fb38138b: shutdown FollowerState
2019-11-15 04:24:58,175 [Thread-3689] INFO  impl.RaftServerImpl (RaftServerImpl.java:setRole(173)) - be6365c1-8fb2-47f9-87b1-78a3fb38138b@group-B41F48618BA6: changes role from  FOLLOWER to CANDIDATE at term 3 for changeToCandidate
2019-11-15 04:24:58,175 [Thread-3689] INFO  impl.RoleInfo (RoleInfo.java:updateAndGet(143)) - be6365c1-8fb2-47f9-87b1-78a3fb38138b: start LeaderElection
2019-11-15 04:24:58,176 [be6365c1-8fb2-47f9-87b1-78a3fb38138b@group-B41F48618BA6-LeaderElection185] INFO  impl.RaftServerImpl (ServerState.java:setLeader(255)) - be6365c1-8fb2-47f9-87b1-78a3fb38138b@group-B41F48618BA6: change Leader from f15e9ea2-ac28-4081-8e04-15028e251385 to null at term 3 for initElection
2019-11-15 04:24:58,200 [b8480f98-5c77-4f73-b6b9-e737b10a7f9e@group-B41F48618BA6-LeaderElection184] INFO  impl.LeaderElection (LeaderElection.java:askForVotes(178)) - b8480f98-5c77-4f73-b6b9-e737b10a7f9e@group-B41F48618BA6-LeaderElection184: begin an election at term 4 for 0: [b8480f98-5c77-4f73-b6b9-e737b10a7f9e:192.168.34.61:32848, be6365c1-8fb2-47f9-87b1-78a3fb38138b:192.168.34.61:44393, f15e9ea2-ac28-4081-8e04-15028e251385:192.168.34.61:44094], old=null
2019-11-15 04:24:58,201 [be6365c1-8fb2-47f9-87b1-78a3fb38138b@group-B41F48618BA6-LeaderElection185] INFO  impl.LeaderElection (LeaderElection.java:askForVotes(178)) - be6365c1-8fb2-47f9-87b1-78a3fb38138b@group-B41F48618BA6-LeaderElection185: begin an election at term 4 for 0: [b8480f98-5c77-4f73-b6b9-e737b10a7f9e:192.168.34.61:32848, be6365c1-8fb2-47f9-87b1-78a3fb38138b:192.168.34.61:44393, f15e9ea2-ac28-4081-8e04-15028e251385:192.168.34.61:44094], old=null
2019-11-15 04:24:58,202 [b8480f98-5c77-4f73-b6b9-e737b10a7f9e@group-B41F48618BA6-LeaderElection184] INFO  impl.LeaderElection (LogUtils.java:infoOrTrace(149)) - b8480f98-5c77-4f73-b6b9-e737b10a7f9e@group-B41F48618BA6-LeaderElection184 got exception when requesting votes: {}
java.util.concurrent.ExecutionException: org.apache.ratis.thirdparty.io.grpc.StatusRuntimeException: UNAVAILABLE: io exception
	at java.util.concurrent.FutureTask.report(FutureTask.java:122)
	at java.util.concurrent.FutureTask.get(FutureTask.java:192)
	at org.apache.ratis.server.impl.LeaderElection.waitForResults(LeaderElection.java:259)
	at org.apache.ratis.server.impl.LeaderElection.askForVotes(LeaderElection.java:197)
	at org.apache.ratis.server.impl.LeaderElection.run(LeaderElection.java:133)
	at java.lang.Thread.run(Thread.java:748)
Caused by: org.apache.ratis.thirdparty.io.grpc.StatusRuntimeException: UNAVAILABLE: io exception
	at org.apache.ratis.thirdparty.io.grpc.stub.ClientCalls.toStatusRuntimeException(ClientCalls.java:233)
	at org.apache.ratis.thirdparty.io.grpc.stub.ClientCalls.getUnchecked(ClientCalls.java:214)
	at org.apache.ratis.thirdparty.io.grpc.stub.ClientCalls.blockingUnaryCall(ClientCalls.java:139)
	at org.apache.ratis.proto.grpc.RaftServerProtocolServiceGrpc$RaftServerProtocolServiceBlockingStub.requestVote(RaftServerProtocolServiceGrpc.java:265)
	at org.apache.ratis.grpc.server.GrpcServerProtocolClient.requestVote(GrpcServerProtocolClient.java:99)
	at org.apache.ratis.grpc.server.GrpcService.requestVote(GrpcService.java:204)
	at org.apache.ratis.server.impl.LeaderElection.lambda$submitRequests$1(LeaderElection.java:234)
	at java.util.concurrent.FutureTask.run(FutureTask.java:266)
	at java.util.concurrent.Executors$RunnableAdapter.call(Executors.java:511)
	at java.util.concurrent.FutureTask.run(FutureTask.java:266)
	at java.util.concurrent.ThreadPoolExecutor.runWorker(ThreadPoolExecutor.java:1149)
	at java.util.concurrent.ThreadPoolExecutor$Worker.run(ThreadPoolExecutor.java:624)
	... 1 more
Caused by: org.apache.ratis.thirdparty.io.netty.channel.AbstractChannel$AnnotatedConnectException: Connection refused: /192.168.34.61:44094
	at sun.nio.ch.SocketChannelImpl.checkConnect(Native Method)
	at sun.nio.ch.SocketChannelImpl.finishConnect(SocketChannelImpl.java:717)
	at org.apache.ratis.thirdparty.io.netty.channel.socket.nio.NioSocketChannel.doFinishConnect(NioSocketChannel.java:327)
	at org.apache.ratis.thirdparty.io.netty.channel.nio.AbstractNioChannel$AbstractNioUnsafe.finishConnect(AbstractNioChannel.java:340)
	at org.apache.ratis.thirdparty.io.netty.channel.nio.NioEventLoop.processSelectedKey(NioEventLoop.java:632)
	at org.apache.ratis.thirdparty.io.netty.channel.nio.NioEventLoop.processSelectedKeysOptimized(NioEventLoop.java:579)
	at org.apache.ratis.thirdparty.io.netty.channel.nio.NioEventLoop.processSelectedKeys(NioEventLoop.java:496)
	at org.apache.ratis.thirdparty.io.netty.channel.nio.NioEventLoop.run(NioEventLoop.java:458)
	at org.apache.ratis.thirdparty.io.netty.util.concurrent.SingleThreadEventExecutor$5.run(SingleThreadEventExecutor.java:897)
	at org.apache.ratis.thirdparty.io.netty.util.concurrent.FastThreadLocalRunnable.run(FastThreadLocalRunnable.java:30)
	... 1 more
Caused by: java.net.ConnectException: Connection refused
	... 11 more
2019-11-15 04:24:58,203 [be6365c1-8fb2-47f9-87b1-78a3fb38138b@group-B41F48618BA6-LeaderElection185] INFO  impl.LeaderElection (LogUtils.java:infoOrTrace(149)) - be6365c1-8fb2-47f9-87b1-78a3fb38138b@group-B41F48618BA6-LeaderElection185 got exception when requesting votes: {}
java.util.concurrent.ExecutionException: org.apache.ratis.thirdparty.io.grpc.StatusRuntimeException: UNAVAILABLE: io exception
	at java.util.concurrent.FutureTask.report(FutureTask.java:122)
	at java.util.concurrent.FutureTask.get(FutureTask.java:192)
	at org.apache.ratis.server.impl.LeaderElection.waitForResults(LeaderElection.java:259)
	at org.apache.ratis.server.impl.LeaderElection.askForVotes(LeaderElection.java:197)
	at org.apache.ratis.server.impl.LeaderElection.run(LeaderElection.java:133)
	at java.lang.Thread.run(Thread.java:748)
Caused by: org.apache.ratis.thirdparty.io.grpc.StatusRuntimeException: UNAVAILABLE: io exception
	at org.apache.ratis.thirdparty.io.grpc.stub.ClientCalls.toStatusRuntimeException(ClientCalls.java:233)
	at org.apache.ratis.thirdparty.io.grpc.stub.ClientCalls.getUnchecked(ClientCalls.java:214)
	at org.apache.ratis.thirdparty.io.grpc.stub.ClientCalls.blockingUnaryCall(ClientCalls.java:139)
	at org.apache.ratis.proto.grpc.RaftServerProtocolServiceGrpc$RaftServerProtocolServiceBlockingStub.requestVote(RaftServerProtocolServiceGrpc.java:265)
	at org.apache.ratis.grpc.server.GrpcServerProtocolClient.requestVote(GrpcServerProtocolClient.java:99)
	at org.apache.ratis.grpc.server.GrpcService.requestVote(GrpcService.java:204)
	at org.apache.ratis.server.impl.LeaderElection.lambda$submitRequests$1(LeaderElection.java:234)
	at java.util.concurrent.FutureTask.run(FutureTask.java:266)
	at java.util.concurrent.Executors$RunnableAdapter.call(Executors.java:511)
	at java.util.concurrent.FutureTask.run(FutureTask.java:266)
	at java.util.concurrent.ThreadPoolExecutor.runWorker(ThreadPoolExecutor.java:1149)
	at java.util.concurrent.ThreadPoolExecutor$Worker.run(ThreadPoolExecutor.java:624)
	... 1 more
Caused by: org.apache.ratis.thirdparty.io.netty.channel.AbstractChannel$AnnotatedConnectException: Connection refused: /192.168.34.61:44094
	at sun.nio.ch.SocketChannelImpl.checkConnect(Native Method)
	at sun.nio.ch.SocketChannelImpl.finishConnect(SocketChannelImpl.java:717)
	at org.apache.ratis.thirdparty.io.netty.channel.socket.nio.NioSocketChannel.doFinishConnect(NioSocketChannel.java:327)
	at org.apache.ratis.thirdparty.io.netty.channel.nio.AbstractNioChannel$AbstractNioUnsafe.finishConnect(AbstractNioChannel.java:340)
	at org.apache.ratis.thirdparty.io.netty.channel.nio.NioEventLoop.processSelectedKey(NioEventLoop.java:632)
	at org.apache.ratis.thirdparty.io.netty.channel.nio.NioEventLoop.processSelectedKeysOptimized(NioEventLoop.java:579)
	at org.apache.ratis.thirdparty.io.netty.channel.nio.NioEventLoop.processSelectedKeys(NioEventLoop.java:496)
	at org.apache.ratis.thirdparty.io.netty.channel.nio.NioEventLoop.run(NioEventLoop.java:458)
	at org.apache.ratis.thirdparty.io.netty.util.concurrent.SingleThreadEventExecutor$5.run(SingleThreadEventExecutor.java:897)
	at org.apache.ratis.thirdparty.io.netty.util.concurrent.FastThreadLocalRunnable.run(FastThreadLocalRunnable.java:30)
	... 1 more
Caused by: java.net.ConnectException: Connection refused
	... 11 more
2019-11-15 04:24:58,209 [b8480f98-5c77-4f73-b6b9-e737b10a7f9e@group-B41F48618BA6-LeaderElection184] INFO  impl.LeaderElection (LeaderElection.java:logAndReturn(56)) - b8480f98-5c77-4f73-b6b9-e737b10a7f9e@group-B41F48618BA6-LeaderElection184: Election REJECTED; received 1 response(s) [b8480f98-5c77-4f73-b6b9-e737b10a7f9e<-be6365c1-8fb2-47f9-87b1-78a3fb38138b#0:FAIL-t4] and 1 exception(s); b8480f98-5c77-4f73-b6b9-e737b10a7f9e@group-B41F48618BA6:t4, leader=null, voted=b8480f98-5c77-4f73-b6b9-e737b10a7f9e, raftlog=b8480f98-5c77-4f73-b6b9-e737b10a7f9e@group-B41F48618BA6-SegmentedRaftLog:OPENED:c4,f4,i4, conf=0: [b8480f98-5c77-4f73-b6b9-e737b10a7f9e:192.168.34.61:32848, be6365c1-8fb2-47f9-87b1-78a3fb38138b:192.168.34.61:44393, f15e9ea2-ac28-4081-8e04-15028e251385:192.168.34.61:44094], old=null
2019-11-15 04:24:58,209 [b8480f98-5c77-4f73-b6b9-e737b10a7f9e@group-B41F48618BA6-LeaderElection184] INFO  impl.LeaderElection (LogUtils.java:infoOrTrace(149)) -   Exception 0: {}
java.util.concurrent.ExecutionException: org.apache.ratis.thirdparty.io.grpc.StatusRuntimeException: UNAVAILABLE: io exception
	at java.util.concurrent.FutureTask.report(FutureTask.java:122)
	at java.util.concurrent.FutureTask.get(FutureTask.java:192)
	at org.apache.ratis.server.impl.LeaderElection.waitForResults(LeaderElection.java:259)
	at org.apache.ratis.server.impl.LeaderElection.askForVotes(LeaderElection.java:197)
	at org.apache.ratis.server.impl.LeaderElection.run(LeaderElection.java:133)
	at java.lang.Thread.run(Thread.java:748)
Caused by: org.apache.ratis.thirdparty.io.grpc.StatusRuntimeException: UNAVAILABLE: io exception
	at org.apache.ratis.thirdparty.io.grpc.stub.ClientCalls.toStatusRuntimeException(ClientCalls.java:233)
	at org.apache.ratis.thirdparty.io.grpc.stub.ClientCalls.getUnchecked(ClientCalls.java:214)
	at org.apache.ratis.thirdparty.io.grpc.stub.ClientCalls.blockingUnaryCall(ClientCalls.java:139)
	at org.apache.ratis.proto.grpc.RaftServerProtocolServiceGrpc$RaftServerProtocolServiceBlockingStub.requestVote(RaftServerProtocolServiceGrpc.java:265)
	at org.apache.ratis.grpc.server.GrpcServerProtocolClient.requestVote(GrpcServerProtocolClient.java:99)
	at org.apache.ratis.grpc.server.GrpcService.requestVote(GrpcService.java:204)
	at org.apache.ratis.server.impl.LeaderElection.lambda$submitRequests$1(LeaderElection.java:234)
	at java.util.concurrent.FutureTask.run(FutureTask.java:266)
	at java.util.concurrent.Executors$RunnableAdapter.call(Executors.java:511)
	at java.util.concurrent.FutureTask.run(FutureTask.java:266)
	at java.util.concurrent.ThreadPoolExecutor.runWorker(ThreadPoolExecutor.java:1149)
	at java.util.concurrent.ThreadPoolExecutor$Worker.run(ThreadPoolExecutor.java:624)
	... 1 more
Caused by: org.apache.ratis.thirdparty.io.netty.channel.AbstractChannel$AnnotatedConnectException: Connection refused: /192.168.34.61:44094
	at sun.nio.ch.SocketChannelImpl.checkConnect(Native Method)
	at sun.nio.ch.SocketChannelImpl.finishConnect(SocketChannelImpl.java:717)
	at org.apache.ratis.thirdparty.io.netty.channel.socket.nio.NioSocketChannel.doFinishConnect(NioSocketChannel.java:327)
	at org.apache.ratis.thirdparty.io.netty.channel.nio.AbstractNioChannel$AbstractNioUnsafe.finishConnect(AbstractNioChannel.java:340)
	at org.apache.ratis.thirdparty.io.netty.channel.nio.NioEventLoop.processSelectedKey(NioEventLoop.java:632)
	at org.apache.ratis.thirdparty.io.netty.channel.nio.NioEventLoop.processSelectedKeysOptimized(NioEventLoop.java:579)
	at org.apache.ratis.thirdparty.io.netty.channel.nio.NioEventLoop.processSelectedKeys(NioEventLoop.java:496)
	at org.apache.ratis.thirdparty.io.netty.channel.nio.NioEventLoop.run(NioEventLoop.java:458)
	at org.apache.ratis.thirdparty.io.netty.util.concurrent.SingleThreadEventExecutor$5.run(SingleThreadEventExecutor.java:897)
	at org.apache.ratis.thirdparty.io.netty.util.concurrent.FastThreadLocalRunnable.run(FastThreadLocalRunnable.java:30)
	... 1 more
Caused by: java.net.ConnectException: Connection refused
	... 11 more
2019-11-15 04:24:58,210 [b8480f98-5c77-4f73-b6b9-e737b10a7f9e@group-B41F48618BA6-LeaderElection184] INFO  impl.RaftServerImpl (RaftServerImpl.java:setRole(173)) - b8480f98-5c77-4f73-b6b9-e737b10a7f9e@group-B41F48618BA6: changes role from CANDIDATE to FOLLOWER at term 4 for DISCOVERED_A_NEW_TERM
2019-11-15 04:24:58,210 [b8480f98-5c77-4f73-b6b9-e737b10a7f9e@group-B41F48618BA6-LeaderElection184] INFO  impl.RoleInfo (RoleInfo.java:shutdownLeaderElection(134)) - b8480f98-5c77-4f73-b6b9-e737b10a7f9e: shutdown LeaderElection
2019-11-15 04:24:58,210 [b8480f98-5c77-4f73-b6b9-e737b10a7f9e@group-B41F48618BA6-LeaderElection184] INFO  impl.RoleInfo (RoleInfo.java:updateAndGet(143)) - b8480f98-5c77-4f73-b6b9-e737b10a7f9e: start FollowerState
2019-11-15 04:24:58,212 [be6365c1-8fb2-47f9-87b1-78a3fb38138b@group-B41F48618BA6-LeaderElection185] INFO  impl.LeaderElection (LeaderElection.java:logAndReturn(56)) - be6365c1-8fb2-47f9-87b1-78a3fb38138b@group-B41F48618BA6-LeaderElection185: Election REJECTED; received 1 response(s) [be6365c1-8fb2-47f9-87b1-78a3fb38138b<-b8480f98-5c77-4f73-b6b9-e737b10a7f9e#0:FAIL-t4] and 1 exception(s); be6365c1-8fb2-47f9-87b1-78a3fb38138b@group-B41F48618BA6:t4, leader=null, voted=be6365c1-8fb2-47f9-87b1-78a3fb38138b, raftlog=be6365c1-8fb2-47f9-87b1-78a3fb38138b@group-B41F48618BA6-SegmentedRaftLog:OPENED:c4,f4,i4, conf=0: [b8480f98-5c77-4f73-b6b9-e737b10a7f9e:192.168.34.61:32848, be6365c1-8fb2-47f9-87b1-78a3fb38138b:192.168.34.61:44393, f15e9ea2-ac28-4081-8e04-15028e251385:192.168.34.61:44094], old=null
2019-11-15 04:24:58,212 [be6365c1-8fb2-47f9-87b1-78a3fb38138b@group-B41F48618BA6-LeaderElection185] INFO  impl.LeaderElection (LogUtils.java:infoOrTrace(149)) -   Exception 0: {}
java.util.concurrent.ExecutionException: org.apache.ratis.thirdparty.io.grpc.StatusRuntimeException: UNAVAILABLE: io exception
	at java.util.concurrent.FutureTask.report(FutureTask.java:122)
	at java.util.concurrent.FutureTask.get(FutureTask.java:192)
	at org.apache.ratis.server.impl.LeaderElection.waitForResults(LeaderElection.java:259)
	at org.apache.ratis.server.impl.LeaderElection.askForVotes(LeaderElection.java:197)
	at org.apache.ratis.server.impl.LeaderElection.run(LeaderElection.java:133)
	at java.lang.Thread.run(Thread.java:748)
Caused by: org.apache.ratis.thirdparty.io.grpc.StatusRuntimeException: UNAVAILABLE: io exception
	at org.apache.ratis.thirdparty.io.grpc.stub.ClientCalls.toStatusRuntimeException(ClientCalls.java:233)
	at org.apache.ratis.thirdparty.io.grpc.stub.ClientCalls.getUnchecked(ClientCalls.java:214)
	at org.apache.ratis.thirdparty.io.grpc.stub.ClientCalls.blockingUnaryCall(ClientCalls.java:139)
	at org.apache.ratis.proto.grpc.RaftServerProtocolServiceGrpc$RaftServerProtocolServiceBlockingStub.requestVote(RaftServerProtocolServiceGrpc.java:265)
	at org.apache.ratis.grpc.server.GrpcServerProtocolClient.requestVote(GrpcServerProtocolClient.java:99)
	at org.apache.ratis.grpc.server.GrpcService.requestVote(GrpcService.java:204)
	at org.apache.ratis.server.impl.LeaderElection.lambda$submitRequests$1(LeaderElection.java:234)
	at java.util.concurrent.FutureTask.run(FutureTask.java:266)
	at java.util.concurrent.Executors$RunnableAdapter.call(Executors.java:511)
	at java.util.concurrent.FutureTask.run(FutureTask.java:266)
	at java.util.concurrent.ThreadPoolExecutor.runWorker(ThreadPoolExecutor.java:1149)
	at java.util.concurrent.ThreadPoolExecutor$Worker.run(ThreadPoolExecutor.java:624)
	... 1 more
Caused by: org.apache.ratis.thirdparty.io.netty.channel.AbstractChannel$AnnotatedConnectException: Connection refused: /192.168.34.61:44094
	at sun.nio.ch.SocketChannelImpl.checkConnect(Native Method)
	at sun.nio.ch.SocketChannelImpl.finishConnect(SocketChannelImpl.java:717)
	at org.apache.ratis.thirdparty.io.netty.channel.socket.nio.NioSocketChannel.doFinishConnect(NioSocketChannel.java:327)
	at org.apache.ratis.thirdparty.io.netty.channel.nio.AbstractNioChannel$AbstractNioUnsafe.finishConnect(AbstractNioChannel.java:340)
	at org.apache.ratis.thirdparty.io.netty.channel.nio.NioEventLoop.processSelectedKey(NioEventLoop.java:632)
	at org.apache.ratis.thirdparty.io.netty.channel.nio.NioEventLoop.processSelectedKeysOptimized(NioEventLoop.java:579)
	at org.apache.ratis.thirdparty.io.netty.channel.nio.NioEventLoop.processSelectedKeys(NioEventLoop.java:496)
	at org.apache.ratis.thirdparty.io.netty.channel.nio.NioEventLoop.run(NioEventLoop.java:458)
	at org.apache.ratis.thirdparty.io.netty.util.concurrent.SingleThreadEventExecutor$5.run(SingleThreadEventExecutor.java:897)
	at org.apache.ratis.thirdparty.io.netty.util.concurrent.FastThreadLocalRunnable.run(FastThreadLocalRunnable.java:30)
	... 1 more
Caused by: java.net.ConnectException: Connection refused
	... 11 more
2019-11-15 04:24:58,212 [be6365c1-8fb2-47f9-87b1-78a3fb38138b@group-B41F48618BA6-LeaderElection185] INFO  impl.RaftServerImpl (RaftServerImpl.java:setRole(173)) - be6365c1-8fb2-47f9-87b1-78a3fb38138b@group-B41F48618BA6: changes role from CANDIDATE to FOLLOWER at term 4 for DISCOVERED_A_NEW_TERM
2019-11-15 04:24:58,213 [be6365c1-8fb2-47f9-87b1-78a3fb38138b@group-B41F48618BA6-LeaderElection185] INFO  impl.RoleInfo (RoleInfo.java:shutdownLeaderElection(134)) - be6365c1-8fb2-47f9-87b1-78a3fb38138b: shutdown LeaderElection
2019-11-15 04:24:58,213 [be6365c1-8fb2-47f9-87b1-78a3fb38138b@group-B41F48618BA6-LeaderElection185] INFO  impl.RoleInfo (RoleInfo.java:updateAndGet(143)) - be6365c1-8fb2-47f9-87b1-78a3fb38138b: start FollowerState
2019-11-15 04:24:59,394 [Thread-3806] INFO  impl.FollowerState (FollowerState.java:run(111)) - b8480f98-5c77-4f73-b6b9-e737b10a7f9e@group-B41F48618BA6-FollowerState: change to CANDIDATE, lastRpcTime:1183ms, electionTimeout:1182ms
2019-11-15 04:24:59,394 [Thread-3806] INFO  impl.RoleInfo (RoleInfo.java:shutdownFollowerState(121)) - b8480f98-5c77-4f73-b6b9-e737b10a7f9e: shutdown FollowerState
2019-11-15 04:24:59,394 [Thread-3806] INFO  impl.RaftServerImpl (RaftServerImpl.java:setRole(173)) - b8480f98-5c77-4f73-b6b9-e737b10a7f9e@group-B41F48618BA6: changes role from  FOLLOWER to CANDIDATE at term 4 for changeToCandidate
2019-11-15 04:24:59,395 [Thread-3806] INFO  impl.RoleInfo (RoleInfo.java:updateAndGet(143)) - b8480f98-5c77-4f73-b6b9-e737b10a7f9e: start LeaderElection
2019-11-15 04:24:59,404 [Thread-3807] INFO  impl.FollowerState (FollowerState.java:run(111)) - be6365c1-8fb2-47f9-87b1-78a3fb38138b@group-B41F48618BA6-FollowerState: change to CANDIDATE, lastRpcTime:1191ms, electionTimeout:1191ms
2019-11-15 04:24:59,404 [Thread-3807] INFO  impl.RoleInfo (RoleInfo.java:shutdownFollowerState(121)) - be6365c1-8fb2-47f9-87b1-78a3fb38138b: shutdown FollowerState
2019-11-15 04:24:59,404 [Thread-3807] INFO  impl.RaftServerImpl (RaftServerImpl.java:setRole(173)) - be6365c1-8fb2-47f9-87b1-78a3fb38138b@group-B41F48618BA6: changes role from  FOLLOWER to CANDIDATE at term 4 for changeToCandidate
2019-11-15 04:24:59,404 [Thread-3807] INFO  impl.RoleInfo (RoleInfo.java:updateAndGet(143)) - be6365c1-8fb2-47f9-87b1-78a3fb38138b: start LeaderElection
2019-11-15 04:24:59,464 [be6365c1-8fb2-47f9-87b1-78a3fb38138b@group-B41F48618BA6-LeaderElection187] INFO  impl.LeaderElection (LeaderElection.java:askForVotes(178)) - be6365c1-8fb2-47f9-87b1-78a3fb38138b@group-B41F48618BA6-LeaderElection187: begin an election at term 5 for 0: [b8480f98-5c77-4f73-b6b9-e737b10a7f9e:192.168.34.61:32848, be6365c1-8fb2-47f9-87b1-78a3fb38138b:192.168.34.61:44393, f15e9ea2-ac28-4081-8e04-15028e251385:192.168.34.61:44094], old=null
2019-11-15 04:24:59,464 [b8480f98-5c77-4f73-b6b9-e737b10a7f9e@group-B41F48618BA6-LeaderElection186] INFO  impl.LeaderElection (LeaderElection.java:askForVotes(178)) - b8480f98-5c77-4f73-b6b9-e737b10a7f9e@group-B41F48618BA6-LeaderElection186: begin an election at term 5 for 0: [b8480f98-5c77-4f73-b6b9-e737b10a7f9e:192.168.34.61:32848, be6365c1-8fb2-47f9-87b1-78a3fb38138b:192.168.34.61:44393, f15e9ea2-ac28-4081-8e04-15028e251385:192.168.34.61:44094], old=null
2019-11-15 04:24:59,466 [b8480f98-5c77-4f73-b6b9-e737b10a7f9e@group-B41F48618BA6-LeaderElection186] INFO  impl.LeaderElection (LogUtils.java:infoOrTrace(149)) - b8480f98-5c77-4f73-b6b9-e737b10a7f9e@group-B41F48618BA6-LeaderElection186 got exception when requesting votes: {}
java.util.concurrent.ExecutionException: org.apache.ratis.thirdparty.io.grpc.StatusRuntimeException: UNAVAILABLE: io exception
	at java.util.concurrent.FutureTask.report(FutureTask.java:122)
	at java.util.concurrent.FutureTask.get(FutureTask.java:192)
	at org.apache.ratis.server.impl.LeaderElection.waitForResults(LeaderElection.java:259)
	at org.apache.ratis.server.impl.LeaderElection.askForVotes(LeaderElection.java:197)
	at org.apache.ratis.server.impl.LeaderElection.run(LeaderElection.java:133)
	at java.lang.Thread.run(Thread.java:748)
Caused by: org.apache.ratis.thirdparty.io.grpc.StatusRuntimeException: UNAVAILABLE: io exception
	at org.apache.ratis.thirdparty.io.grpc.stub.ClientCalls.toStatusRuntimeException(ClientCalls.java:233)
	at org.apache.ratis.thirdparty.io.grpc.stub.ClientCalls.getUnchecked(ClientCalls.java:214)
	at org.apache.ratis.thirdparty.io.grpc.stub.ClientCalls.blockingUnaryCall(ClientCalls.java:139)
	at org.apache.ratis.proto.grpc.RaftServerProtocolServiceGrpc$RaftServerProtocolServiceBlockingStub.requestVote(RaftServerProtocolServiceGrpc.java:265)
	at org.apache.ratis.grpc.server.GrpcServerProtocolClient.requestVote(GrpcServerProtocolClient.java:99)
	at org.apache.ratis.grpc.server.GrpcService.requestVote(GrpcService.java:204)
	at org.apache.ratis.server.impl.LeaderElection.lambda$submitRequests$1(LeaderElection.java:234)
	at java.util.concurrent.FutureTask.run(FutureTask.java:266)
	at java.util.concurrent.Executors$RunnableAdapter.call(Executors.java:511)
	at java.util.concurrent.FutureTask.run(FutureTask.java:266)
	at java.util.concurrent.ThreadPoolExecutor.runWorker(ThreadPoolExecutor.java:1149)
	at java.util.concurrent.ThreadPoolExecutor$Worker.run(ThreadPoolExecutor.java:624)
	... 1 more
Caused by: org.apache.ratis.thirdparty.io.netty.channel.AbstractChannel$AnnotatedConnectException: Connection refused: /192.168.34.61:44094
	at sun.nio.ch.SocketChannelImpl.checkConnect(Native Method)
	at sun.nio.ch.SocketChannelImpl.finishConnect(SocketChannelImpl.java:717)
	at org.apache.ratis.thirdparty.io.netty.channel.socket.nio.NioSocketChannel.doFinishConnect(NioSocketChannel.java:327)
	at org.apache.ratis.thirdparty.io.netty.channel.nio.AbstractNioChannel$AbstractNioUnsafe.finishConnect(AbstractNioChannel.java:340)
	at org.apache.ratis.thirdparty.io.netty.channel.nio.NioEventLoop.processSelectedKey(NioEventLoop.java:632)
	at org.apache.ratis.thirdparty.io.netty.channel.nio.NioEventLoop.processSelectedKeysOptimized(NioEventLoop.java:579)
	at org.apache.ratis.thirdparty.io.netty.channel.nio.NioEventLoop.processSelectedKeys(NioEventLoop.java:496)
	at org.apache.ratis.thirdparty.io.netty.channel.nio.NioEventLoop.run(NioEventLoop.java:458)
	at org.apache.ratis.thirdparty.io.netty.util.concurrent.SingleThreadEventExecutor$5.run(SingleThreadEventExecutor.java:897)
	at org.apache.ratis.thirdparty.io.netty.util.concurrent.FastThreadLocalRunnable.run(FastThreadLocalRunnable.java:30)
	... 1 more
Caused by: java.net.ConnectException: Connection refused
	... 11 more
2019-11-15 04:24:59,466 [be6365c1-8fb2-47f9-87b1-78a3fb38138b@group-B41F48618BA6-LeaderElection187] INFO  impl.LeaderElection (LogUtils.java:infoOrTrace(149)) - be6365c1-8fb2-47f9-87b1-78a3fb38138b@group-B41F48618BA6-LeaderElection187 got exception when requesting votes: {}
java.util.concurrent.ExecutionException: org.apache.ratis.thirdparty.io.grpc.StatusRuntimeException: UNAVAILABLE: io exception
	at java.util.concurrent.FutureTask.report(FutureTask.java:122)
	at java.util.concurrent.FutureTask.get(FutureTask.java:192)
	at org.apache.ratis.server.impl.LeaderElection.waitForResults(LeaderElection.java:259)
	at org.apache.ratis.server.impl.LeaderElection.askForVotes(LeaderElection.java:197)
	at org.apache.ratis.server.impl.LeaderElection.run(LeaderElection.java:133)
	at java.lang.Thread.run(Thread.java:748)
Caused by: org.apache.ratis.thirdparty.io.grpc.StatusRuntimeException: UNAVAILABLE: io exception
	at org.apache.ratis.thirdparty.io.grpc.stub.ClientCalls.toStatusRuntimeException(ClientCalls.java:233)
	at org.apache.ratis.thirdparty.io.grpc.stub.ClientCalls.getUnchecked(ClientCalls.java:214)
	at org.apache.ratis.thirdparty.io.grpc.stub.ClientCalls.blockingUnaryCall(ClientCalls.java:139)
	at org.apache.ratis.proto.grpc.RaftServerProtocolServiceGrpc$RaftServerProtocolServiceBlockingStub.requestVote(RaftServerProtocolServiceGrpc.java:265)
	at org.apache.ratis.grpc.server.GrpcServerProtocolClient.requestVote(GrpcServerProtocolClient.java:99)
	at org.apache.ratis.grpc.server.GrpcService.requestVote(GrpcService.java:204)
	at org.apache.ratis.server.impl.LeaderElection.lambda$submitRequests$1(LeaderElection.java:234)
	at java.util.concurrent.FutureTask.run(FutureTask.java:266)
	at java.util.concurrent.Executors$RunnableAdapter.call(Executors.java:511)
	at java.util.concurrent.FutureTask.run(FutureTask.java:266)
	at java.util.concurrent.ThreadPoolExecutor.runWorker(ThreadPoolExecutor.java:1149)
	at java.util.concurrent.ThreadPoolExecutor$Worker.run(ThreadPoolExecutor.java:624)
	... 1 more
Caused by: org.apache.ratis.thirdparty.io.netty.channel.AbstractChannel$AnnotatedConnectException: Connection refused: /192.168.34.61:44094
	at sun.nio.ch.SocketChannelImpl.checkConnect(Native Method)
	at sun.nio.ch.SocketChannelImpl.finishConnect(SocketChannelImpl.java:717)
	at org.apache.ratis.thirdparty.io.netty.channel.socket.nio.NioSocketChannel.doFinishConnect(NioSocketChannel.java:327)
	at org.apache.ratis.thirdparty.io.netty.channel.nio.AbstractNioChannel$AbstractNioUnsafe.finishConnect(AbstractNioChannel.java:340)
	at org.apache.ratis.thirdparty.io.netty.channel.nio.NioEventLoop.processSelectedKey(NioEventLoop.java:632)
	at org.apache.ratis.thirdparty.io.netty.channel.nio.NioEventLoop.processSelectedKeysOptimized(NioEventLoop.java:579)
	at org.apache.ratis.thirdparty.io.netty.channel.nio.NioEventLoop.processSelectedKeys(NioEventLoop.java:496)
	at org.apache.ratis.thirdparty.io.netty.channel.nio.NioEventLoop.run(NioEventLoop.java:458)
	at org.apache.ratis.thirdparty.io.netty.util.concurrent.SingleThreadEventExecutor$5.run(SingleThreadEventExecutor.java:897)
	at org.apache.ratis.thirdparty.io.netty.util.concurrent.FastThreadLocalRunnable.run(FastThreadLocalRunnable.java:30)
	... 1 more
Caused by: java.net.ConnectException: Connection refused
	... 11 more
2019-11-15 04:24:59,480 [be6365c1-8fb2-47f9-87b1-78a3fb38138b@group-B41F48618BA6-LeaderElection187] INFO  impl.LeaderElection (LeaderElection.java:logAndReturn(56)) - be6365c1-8fb2-47f9-87b1-78a3fb38138b@group-B41F48618BA6-LeaderElection187: Election REJECTED; received 1 response(s) [be6365c1-8fb2-47f9-87b1-78a3fb38138b<-b8480f98-5c77-4f73-b6b9-e737b10a7f9e#0:FAIL-t5] and 1 exception(s); be6365c1-8fb2-47f9-87b1-78a3fb38138b@group-B41F48618BA6:t5, leader=null, voted=be6365c1-8fb2-47f9-87b1-78a3fb38138b, raftlog=be6365c1-8fb2-47f9-87b1-78a3fb38138b@group-B41F48618BA6-SegmentedRaftLog:OPENED:c4,f4,i4, conf=0: [b8480f98-5c77-4f73-b6b9-e737b10a7f9e:192.168.34.61:32848, be6365c1-8fb2-47f9-87b1-78a3fb38138b:192.168.34.61:44393, f15e9ea2-ac28-4081-8e04-15028e251385:192.168.34.61:44094], old=null
2019-11-15 04:24:59,480 [b8480f98-5c77-4f73-b6b9-e737b10a7f9e@group-B41F48618BA6-LeaderElection186] INFO  impl.LeaderElection (LeaderElection.java:logAndReturn(56)) - b8480f98-5c77-4f73-b6b9-e737b10a7f9e@group-B41F48618BA6-LeaderElection186: Election REJECTED; received 1 response(s) [b8480f98-5c77-4f73-b6b9-e737b10a7f9e<-be6365c1-8fb2-47f9-87b1-78a3fb38138b#0:FAIL-t5] and 1 exception(s); b8480f98-5c77-4f73-b6b9-e737b10a7f9e@group-B41F48618BA6:t5, leader=null, voted=b8480f98-5c77-4f73-b6b9-e737b10a7f9e, raftlog=b8480f98-5c77-4f73-b6b9-e737b10a7f9e@group-B41F48618BA6-SegmentedRaftLog:OPENED:c4,f4,i4, conf=0: [b8480f98-5c77-4f73-b6b9-e737b10a7f9e:192.168.34.61:32848, be6365c1-8fb2-47f9-87b1-78a3fb38138b:192.168.34.61:44393, f15e9ea2-ac28-4081-8e04-15028e251385:192.168.34.61:44094], old=null
2019-11-15 04:24:59,480 [be6365c1-8fb2-47f9-87b1-78a3fb38138b@group-B41F48618BA6-LeaderElection187] INFO  impl.LeaderElection (LogUtils.java:infoOrTrace(149)) -   Exception 0: {}
java.util.concurrent.ExecutionException: org.apache.ratis.thirdparty.io.grpc.StatusRuntimeException: UNAVAILABLE: io exception
	at java.util.concurrent.FutureTask.report(FutureTask.java:122)
	at java.util.concurrent.FutureTask.get(FutureTask.java:192)
	at org.apache.ratis.server.impl.LeaderElection.waitForResults(LeaderElection.java:259)
	at org.apache.ratis.server.impl.LeaderElection.askForVotes(LeaderElection.java:197)
	at org.apache.ratis.server.impl.LeaderElection.run(LeaderElection.java:133)
	at java.lang.Thread.run(Thread.java:748)
Caused by: org.apache.ratis.thirdparty.io.grpc.StatusRuntimeException: UNAVAILABLE: io exception
	at org.apache.ratis.thirdparty.io.grpc.stub.ClientCalls.toStatusRuntimeException(ClientCalls.java:233)
	at org.apache.ratis.thirdparty.io.grpc.stub.ClientCalls.getUnchecked(ClientCalls.java:214)
	at org.apache.ratis.thirdparty.io.grpc.stub.ClientCalls.blockingUnaryCall(ClientCalls.java:139)
	at org.apache.ratis.proto.grpc.RaftServerProtocolServiceGrpc$RaftServerProtocolServiceBlockingStub.requestVote(RaftServerProtocolServiceGrpc.java:265)
	at org.apache.ratis.grpc.server.GrpcServerProtocolClient.requestVote(GrpcServerProtocolClient.java:99)
	at org.apache.ratis.grpc.server.GrpcService.requestVote(GrpcService.java:204)
	at org.apache.ratis.server.impl.LeaderElection.lambda$submitRequests$1(LeaderElection.java:234)
	at java.util.concurrent.FutureTask.run(FutureTask.java:266)
	at java.util.concurrent.Executors$RunnableAdapter.call(Executors.java:511)
	at java.util.concurrent.FutureTask.run(FutureTask.java:266)
	at java.util.concurrent.ThreadPoolExecutor.runWorker(ThreadPoolExecutor.java:1149)
	at java.util.concurrent.ThreadPoolExecutor$Worker.run(ThreadPoolExecutor.java:624)
	... 1 more
Caused by: org.apache.ratis.thirdparty.io.netty.channel.AbstractChannel$AnnotatedConnectException: Connection refused: /192.168.34.61:44094
	at sun.nio.ch.SocketChannelImpl.checkConnect(Native Method)
	at sun.nio.ch.SocketChannelImpl.finishConnect(SocketChannelImpl.java:717)
	at org.apache.ratis.thirdparty.io.netty.channel.socket.nio.NioSocketChannel.doFinishConnect(NioSocketChannel.java:327)
	at org.apache.ratis.thirdparty.io.netty.channel.nio.AbstractNioChannel$AbstractNioUnsafe.finishConnect(AbstractNioChannel.java:340)
	at org.apache.ratis.thirdparty.io.netty.channel.nio.NioEventLoop.processSelectedKey(NioEventLoop.java:632)
	at org.apache.ratis.thirdparty.io.netty.channel.nio.NioEventLoop.processSelectedKeysOptimized(NioEventLoop.java:579)
	at org.apache.ratis.thirdparty.io.netty.channel.nio.NioEventLoop.processSelectedKeys(NioEventLoop.java:496)
	at org.apache.ratis.thirdparty.io.netty.channel.nio.NioEventLoop.run(NioEventLoop.java:458)
	at org.apache.ratis.thirdparty.io.netty.util.concurrent.SingleThreadEventExecutor$5.run(SingleThreadEventExecutor.java:897)
	at org.apache.ratis.thirdparty.io.netty.util.concurrent.FastThreadLocalRunnable.run(FastThreadLocalRunnable.java:30)
	... 1 more
Caused by: java.net.ConnectException: Connection refused
	... 11 more
2019-11-15 04:24:59,480 [b8480f98-5c77-4f73-b6b9-e737b10a7f9e@group-B41F48618BA6-LeaderElection186] INFO  impl.LeaderElection (LogUtils.java:infoOrTrace(149)) -   Exception 0: {}
java.util.concurrent.ExecutionException: org.apache.ratis.thirdparty.io.grpc.StatusRuntimeException: UNAVAILABLE: io exception
	at java.util.concurrent.FutureTask.report(FutureTask.java:122)
	at java.util.concurrent.FutureTask.get(FutureTask.java:192)
	at org.apache.ratis.server.impl.LeaderElection.waitForResults(LeaderElection.java:259)
	at org.apache.ratis.server.impl.LeaderElection.askForVotes(LeaderElection.java:197)
	at org.apache.ratis.server.impl.LeaderElection.run(LeaderElection.java:133)
	at java.lang.Thread.run(Thread.java:748)
Caused by: org.apache.ratis.thirdparty.io.grpc.StatusRuntimeException: UNAVAILABLE: io exception
	at org.apache.ratis.thirdparty.io.grpc.stub.ClientCalls.toStatusRuntimeException(ClientCalls.java:233)
	at org.apache.ratis.thirdparty.io.grpc.stub.ClientCalls.getUnchecked(ClientCalls.java:214)
	at org.apache.ratis.thirdparty.io.grpc.stub.ClientCalls.blockingUnaryCall(ClientCalls.java:139)
	at org.apache.ratis.proto.grpc.RaftServerProtocolServiceGrpc$RaftServerProtocolServiceBlockingStub.requestVote(RaftServerProtocolServiceGrpc.java:265)
	at org.apache.ratis.grpc.server.GrpcServerProtocolClient.requestVote(GrpcServerProtocolClient.java:99)
	at org.apache.ratis.grpc.server.GrpcService.requestVote(GrpcService.java:204)
	at org.apache.ratis.server.impl.LeaderElection.lambda$submitRequests$1(LeaderElection.java:234)
	at java.util.concurrent.FutureTask.run(FutureTask.java:266)
	at java.util.concurrent.Executors$RunnableAdapter.call(Executors.java:511)
	at java.util.concurrent.FutureTask.run(FutureTask.java:266)
	at java.util.concurrent.ThreadPoolExecutor.runWorker(ThreadPoolExecutor.java:1149)
	at java.util.concurrent.ThreadPoolExecutor$Worker.run(ThreadPoolExecutor.java:624)
	... 1 more
Caused by: org.apache.ratis.thirdparty.io.netty.channel.AbstractChannel$AnnotatedConnectException: Connection refused: /192.168.34.61:44094
	at sun.nio.ch.SocketChannelImpl.checkConnect(Native Method)
	at sun.nio.ch.SocketChannelImpl.finishConnect(SocketChannelImpl.java:717)
	at org.apache.ratis.thirdparty.io.netty.channel.socket.nio.NioSocketChannel.doFinishConnect(NioSocketChannel.java:327)
	at org.apache.ratis.thirdparty.io.netty.channel.nio.AbstractNioChannel$AbstractNioUnsafe.finishConnect(AbstractNioChannel.java:340)
	at org.apache.ratis.thirdparty.io.netty.channel.nio.NioEventLoop.processSelectedKey(NioEventLoop.java:632)
	at org.apache.ratis.thirdparty.io.netty.channel.nio.NioEventLoop.processSelectedKeysOptimized(NioEventLoop.java:579)
	at org.apache.ratis.thirdparty.io.netty.channel.nio.NioEventLoop.processSelectedKeys(NioEventLoop.java:496)
	at org.apache.ratis.thirdparty.io.netty.channel.nio.NioEventLoop.run(NioEventLoop.java:458)
	at org.apache.ratis.thirdparty.io.netty.util.concurrent.SingleThreadEventExecutor$5.run(SingleThreadEventExecutor.java:897)
	at org.apache.ratis.thirdparty.io.netty.util.concurrent.FastThreadLocalRunnable.run(FastThreadLocalRunnable.java:30)
	... 1 more
Caused by: java.net.ConnectException: Connection refused
	... 11 more
2019-11-15 04:24:59,481 [be6365c1-8fb2-47f9-87b1-78a3fb38138b@group-B41F48618BA6-LeaderElection187] INFO  impl.RaftServerImpl (RaftServerImpl.java:setRole(173)) - be6365c1-8fb2-47f9-87b1-78a3fb38138b@group-B41F48618BA6: changes role from CANDIDATE to FOLLOWER at term 5 for DISCOVERED_A_NEW_TERM
2019-11-15 04:24:59,481 [b8480f98-5c77-4f73-b6b9-e737b10a7f9e@group-B41F48618BA6-LeaderElection186] INFO  impl.RaftServerImpl (RaftServerImpl.java:setRole(173)) - b8480f98-5c77-4f73-b6b9-e737b10a7f9e@group-B41F48618BA6: changes role from CANDIDATE to FOLLOWER at term 5 for DISCOVERED_A_NEW_TERM
2019-11-15 04:24:59,481 [b8480f98-5c77-4f73-b6b9-e737b10a7f9e@group-B41F48618BA6-LeaderElection186] INFO  impl.RoleInfo (RoleInfo.java:shutdownLeaderElection(134)) - b8480f98-5c77-4f73-b6b9-e737b10a7f9e: shutdown LeaderElection
2019-11-15 04:24:59,481 [be6365c1-8fb2-47f9-87b1-78a3fb38138b@group-B41F48618BA6-LeaderElection187] INFO  impl.RoleInfo (RoleInfo.java:shutdownLeaderElection(134)) - be6365c1-8fb2-47f9-87b1-78a3fb38138b: shutdown LeaderElection
2019-11-15 04:24:59,482 [b8480f98-5c77-4f73-b6b9-e737b10a7f9e@group-B41F48618BA6-LeaderElection186] INFO  impl.RoleInfo (RoleInfo.java:updateAndGet(143)) - b8480f98-5c77-4f73-b6b9-e737b10a7f9e: start FollowerState
2019-11-15 04:24:59,482 [be6365c1-8fb2-47f9-87b1-78a3fb38138b@group-B41F48618BA6-LeaderElection187] INFO  impl.RoleInfo (RoleInfo.java:updateAndGet(143)) - be6365c1-8fb2-47f9-87b1-78a3fb38138b: start FollowerState
2019-11-15 04:25:00,522 [Thread-3828] INFO  impl.FollowerState (FollowerState.java:run(111)) - b8480f98-5c77-4f73-b6b9-e737b10a7f9e@group-B41F48618BA6-FollowerState: change to CANDIDATE, lastRpcTime:1040ms, electionTimeout:1040ms
2019-11-15 04:25:00,523 [Thread-3828] INFO  impl.RoleInfo (RoleInfo.java:shutdownFollowerState(121)) - b8480f98-5c77-4f73-b6b9-e737b10a7f9e: shutdown FollowerState
2019-11-15 04:25:00,523 [Thread-3828] INFO  impl.RaftServerImpl (RaftServerImpl.java:setRole(173)) - b8480f98-5c77-4f73-b6b9-e737b10a7f9e@group-B41F48618BA6: changes role from  FOLLOWER to CANDIDATE at term 5 for changeToCandidate
2019-11-15 04:25:00,523 [Thread-3828] INFO  impl.RoleInfo (RoleInfo.java:updateAndGet(143)) - b8480f98-5c77-4f73-b6b9-e737b10a7f9e: start LeaderElection
2019-11-15 04:25:00,548 [Thread-3829] INFO  impl.FollowerState (FollowerState.java:run(111)) - be6365c1-8fb2-47f9-87b1-78a3fb38138b@group-B41F48618BA6-FollowerState: change to CANDIDATE, lastRpcTime:1066ms, electionTimeout:1063ms
2019-11-15 04:25:00,548 [Thread-3829] INFO  impl.RoleInfo (RoleInfo.java:shutdownFollowerState(121)) - be6365c1-8fb2-47f9-87b1-78a3fb38138b: shutdown FollowerState
2019-11-15 04:25:00,548 [Thread-3829] INFO  impl.RaftServerImpl (RaftServerImpl.java:setRole(173)) - be6365c1-8fb2-47f9-87b1-78a3fb38138b@group-B41F48618BA6: changes role from  FOLLOWER to CANDIDATE at term 5 for changeToCandidate
2019-11-15 04:25:00,548 [Thread-3829] INFO  impl.RoleInfo (RoleInfo.java:updateAndGet(143)) - be6365c1-8fb2-47f9-87b1-78a3fb38138b: start LeaderElection
2019-11-15 04:25:00,605 [b8480f98-5c77-4f73-b6b9-e737b10a7f9e@group-B41F48618BA6-LeaderElection188] INFO  impl.LeaderElection (LeaderElection.java:askForVotes(178)) - b8480f98-5c77-4f73-b6b9-e737b10a7f9e@group-B41F48618BA6-LeaderElection188: begin an election at term 6 for 0: [b8480f98-5c77-4f73-b6b9-e737b10a7f9e:192.168.34.61:32848, be6365c1-8fb2-47f9-87b1-78a3fb38138b:192.168.34.61:44393, f15e9ea2-ac28-4081-8e04-15028e251385:192.168.34.61:44094], old=null
2019-11-15 04:25:00,606 [b8480f98-5c77-4f73-b6b9-e737b10a7f9e@group-B41F48618BA6-LeaderElection188] INFO  impl.LeaderElection (LogUtils.java:infoOrTrace(149)) - b8480f98-5c77-4f73-b6b9-e737b10a7f9e@group-B41F48618BA6-LeaderElection188 got exception when requesting votes: {}
java.util.concurrent.ExecutionException: org.apache.ratis.thirdparty.io.grpc.StatusRuntimeException: UNAVAILABLE: io exception
	at java.util.concurrent.FutureTask.report(FutureTask.java:122)
	at java.util.concurrent.FutureTask.get(FutureTask.java:192)
	at org.apache.ratis.server.impl.LeaderElection.waitForResults(LeaderElection.java:259)
	at org.apache.ratis.server.impl.LeaderElection.askForVotes(LeaderElection.java:197)
	at org.apache.ratis.server.impl.LeaderElection.run(LeaderElection.java:133)
	at java.lang.Thread.run(Thread.java:748)
Caused by: org.apache.ratis.thirdparty.io.grpc.StatusRuntimeException: UNAVAILABLE: io exception
	at org.apache.ratis.thirdparty.io.grpc.stub.ClientCalls.toStatusRuntimeException(ClientCalls.java:233)
	at org.apache.ratis.thirdparty.io.grpc.stub.ClientCalls.getUnchecked(ClientCalls.java:214)
	at org.apache.ratis.thirdparty.io.grpc.stub.ClientCalls.blockingUnaryCall(ClientCalls.java:139)
	at org.apache.ratis.proto.grpc.RaftServerProtocolServiceGrpc$RaftServerProtocolServiceBlockingStub.requestVote(RaftServerProtocolServiceGrpc.java:265)
	at org.apache.ratis.grpc.server.GrpcServerProtocolClient.requestVote(GrpcServerProtocolClient.java:99)
	at org.apache.ratis.grpc.server.GrpcService.requestVote(GrpcService.java:204)
	at org.apache.ratis.server.impl.LeaderElection.lambda$submitRequests$1(LeaderElection.java:234)
	at java.util.concurrent.FutureTask.run(FutureTask.java:266)
	at java.util.concurrent.Executors$RunnableAdapter.call(Executors.java:511)
	at java.util.concurrent.FutureTask.run(FutureTask.java:266)
	at java.util.concurrent.ThreadPoolExecutor.runWorker(ThreadPoolExecutor.java:1149)
	at java.util.concurrent.ThreadPoolExecutor$Worker.run(ThreadPoolExecutor.java:624)
	... 1 more
Caused by: org.apache.ratis.thirdparty.io.netty.channel.AbstractChannel$AnnotatedConnectException: Connection refused: /192.168.34.61:44094
	at sun.nio.ch.SocketChannelImpl.checkConnect(Native Method)
	at sun.nio.ch.SocketChannelImpl.finishConnect(SocketChannelImpl.java:717)
	at org.apache.ratis.thirdparty.io.netty.channel.socket.nio.NioSocketChannel.doFinishConnect(NioSocketChannel.java:327)
	at org.apache.ratis.thirdparty.io.netty.channel.nio.AbstractNioChannel$AbstractNioUnsafe.finishConnect(AbstractNioChannel.java:340)
	at org.apache.ratis.thirdparty.io.netty.channel.nio.NioEventLoop.processSelectedKey(NioEventLoop.java:632)
	at org.apache.ratis.thirdparty.io.netty.channel.nio.NioEventLoop.processSelectedKeysOptimized(NioEventLoop.java:579)
	at org.apache.ratis.thirdparty.io.netty.channel.nio.NioEventLoop.processSelectedKeys(NioEventLoop.java:496)
	at org.apache.ratis.thirdparty.io.netty.channel.nio.NioEventLoop.run(NioEventLoop.java:458)
	at org.apache.ratis.thirdparty.io.netty.util.concurrent.SingleThreadEventExecutor$5.run(SingleThreadEventExecutor.java:897)
	at org.apache.ratis.thirdparty.io.netty.util.concurrent.FastThreadLocalRunnable.run(FastThreadLocalRunnable.java:30)
	... 1 more
Caused by: java.net.ConnectException: Connection refused
	... 11 more
2019-11-15 04:25:00,619 [be6365c1-8fb2-47f9-87b1-78a3fb38138b@group-B41F48618BA6-LeaderElection189] INFO  impl.LeaderElection (LeaderElection.java:askForVotes(178)) - be6365c1-8fb2-47f9-87b1-78a3fb38138b@group-B41F48618BA6-LeaderElection189: begin an election at term 6 for 0: [b8480f98-5c77-4f73-b6b9-e737b10a7f9e:192.168.34.61:32848, be6365c1-8fb2-47f9-87b1-78a3fb38138b:192.168.34.61:44393, f15e9ea2-ac28-4081-8e04-15028e251385:192.168.34.61:44094], old=null
2019-11-15 04:25:00,620 [b8480f98-5c77-4f73-b6b9-e737b10a7f9e@group-B41F48618BA6-LeaderElection188] INFO  impl.LeaderElection (LeaderElection.java:logAndReturn(56)) - b8480f98-5c77-4f73-b6b9-e737b10a7f9e@group-B41F48618BA6-LeaderElection188: Election REJECTED; received 1 response(s) [b8480f98-5c77-4f73-b6b9-e737b10a7f9e<-be6365c1-8fb2-47f9-87b1-78a3fb38138b#0:FAIL-t6] and 1 exception(s); b8480f98-5c77-4f73-b6b9-e737b10a7f9e@group-B41F48618BA6:t6, leader=null, voted=b8480f98-5c77-4f73-b6b9-e737b10a7f9e, raftlog=b8480f98-5c77-4f73-b6b9-e737b10a7f9e@group-B41F48618BA6-SegmentedRaftLog:OPENED:c4,f4,i4, conf=0: [b8480f98-5c77-4f73-b6b9-e737b10a7f9e:192.168.34.61:32848, be6365c1-8fb2-47f9-87b1-78a3fb38138b:192.168.34.61:44393, f15e9ea2-ac28-4081-8e04-15028e251385:192.168.34.61:44094], old=null
2019-11-15 04:25:00,620 [be6365c1-8fb2-47f9-87b1-78a3fb38138b@group-B41F48618BA6-LeaderElection189] INFO  impl.LeaderElection (LogUtils.java:infoOrTrace(149)) - be6365c1-8fb2-47f9-87b1-78a3fb38138b@group-B41F48618BA6-LeaderElection189 got exception when requesting votes: {}
java.util.concurrent.ExecutionException: org.apache.ratis.thirdparty.io.grpc.StatusRuntimeException: UNAVAILABLE: io exception
	at java.util.concurrent.FutureTask.report(FutureTask.java:122)
	at java.util.concurrent.FutureTask.get(FutureTask.java:192)
	at org.apache.ratis.server.impl.LeaderElection.waitForResults(LeaderElection.java:259)
	at org.apache.ratis.server.impl.LeaderElection.askForVotes(LeaderElection.java:197)
	at org.apache.ratis.server.impl.LeaderElection.run(LeaderElection.java:133)
	at java.lang.Thread.run(Thread.java:748)
Caused by: org.apache.ratis.thirdparty.io.grpc.StatusRuntimeException: UNAVAILABLE: io exception
	at org.apache.ratis.thirdparty.io.grpc.stub.ClientCalls.toStatusRuntimeException(ClientCalls.java:233)
	at org.apache.ratis.thirdparty.io.grpc.stub.ClientCalls.getUnchecked(ClientCalls.java:214)
	at org.apache.ratis.thirdparty.io.grpc.stub.ClientCalls.blockingUnaryCall(ClientCalls.java:139)
	at org.apache.ratis.proto.grpc.RaftServerProtocolServiceGrpc$RaftServerProtocolServiceBlockingStub.requestVote(RaftServerProtocolServiceGrpc.java:265)
	at org.apache.ratis.grpc.server.GrpcServerProtocolClient.requestVote(GrpcServerProtocolClient.java:99)
	at org.apache.ratis.grpc.server.GrpcService.requestVote(GrpcService.java:204)
	at org.apache.ratis.server.impl.LeaderElection.lambda$submitRequests$1(LeaderElection.java:234)
	at java.util.concurrent.FutureTask.run(FutureTask.java:266)
	at java.util.concurrent.Executors$RunnableAdapter.call(Executors.java:511)
	at java.util.concurrent.FutureTask.run(FutureTask.java:266)
	at java.util.concurrent.ThreadPoolExecutor.runWorker(ThreadPoolExecutor.java:1149)
	at java.util.concurrent.ThreadPoolExecutor$Worker.run(ThreadPoolExecutor.java:624)
	... 1 more
Caused by: org.apache.ratis.thirdparty.io.netty.channel.AbstractChannel$AnnotatedConnectException: Connection refused: /192.168.34.61:44094
	at sun.nio.ch.SocketChannelImpl.checkConnect(Native Method)
	at sun.nio.ch.SocketChannelImpl.finishConnect(SocketChannelImpl.java:717)
	at org.apache.ratis.thirdparty.io.netty.channel.socket.nio.NioSocketChannel.doFinishConnect(NioSocketChannel.java:327)
	at org.apache.ratis.thirdparty.io.netty.channel.nio.AbstractNioChannel$AbstractNioUnsafe.finishConnect(AbstractNioChannel.java:340)
	at org.apache.ratis.thirdparty.io.netty.channel.nio.NioEventLoop.processSelectedKey(NioEventLoop.java:632)
	at org.apache.ratis.thirdparty.io.netty.channel.nio.NioEventLoop.processSelectedKeysOptimized(NioEventLoop.java:579)
	at org.apache.ratis.thirdparty.io.netty.channel.nio.NioEventLoop.processSelectedKeys(NioEventLoop.java:496)
	at org.apache.ratis.thirdparty.io.netty.channel.nio.NioEventLoop.run(NioEventLoop.java:458)
	at org.apache.ratis.thirdparty.io.netty.util.concurrent.SingleThreadEventExecutor$5.run(SingleThreadEventExecutor.java:897)
	at org.apache.ratis.thirdparty.io.netty.util.concurrent.FastThreadLocalRunnable.run(FastThreadLocalRunnable.java:30)
	... 1 more
Caused by: java.net.ConnectException: Connection refused
	... 11 more
2019-11-15 04:25:00,620 [b8480f98-5c77-4f73-b6b9-e737b10a7f9e@group-B41F48618BA6-LeaderElection188] INFO  impl.LeaderElection (LogUtils.java:infoOrTrace(149)) -   Exception 0: {}
java.util.concurrent.ExecutionException: org.apache.ratis.thirdparty.io.grpc.StatusRuntimeException: UNAVAILABLE: io exception
	at java.util.concurrent.FutureTask.report(FutureTask.java:122)
	at java.util.concurrent.FutureTask.get(FutureTask.java:192)
	at org.apache.ratis.server.impl.LeaderElection.waitForResults(LeaderElection.java:259)
	at org.apache.ratis.server.impl.LeaderElection.askForVotes(LeaderElection.java:197)
	at org.apache.ratis.server.impl.LeaderElection.run(LeaderElection.java:133)
	at java.lang.Thread.run(Thread.java:748)
Caused by: org.apache.ratis.thirdparty.io.grpc.StatusRuntimeException: UNAVAILABLE: io exception
	at org.apache.ratis.thirdparty.io.grpc.stub.ClientCalls.toStatusRuntimeException(ClientCalls.java:233)
	at org.apache.ratis.thirdparty.io.grpc.stub.ClientCalls.getUnchecked(ClientCalls.java:214)
	at org.apache.ratis.thirdparty.io.grpc.stub.ClientCalls.blockingUnaryCall(ClientCalls.java:139)
	at org.apache.ratis.proto.grpc.RaftServerProtocolServiceGrpc$RaftServerProtocolServiceBlockingStub.requestVote(RaftServerProtocolServiceGrpc.java:265)
	at org.apache.ratis.grpc.server.GrpcServerProtocolClient.requestVote(GrpcServerProtocolClient.java:99)
	at org.apache.ratis.grpc.server.GrpcService.requestVote(GrpcService.java:204)
	at org.apache.ratis.server.impl.LeaderElection.lambda$submitRequests$1(LeaderElection.java:234)
	at java.util.concurrent.FutureTask.run(FutureTask.java:266)
	at java.util.concurrent.Executors$RunnableAdapter.call(Executors.java:511)
	at java.util.concurrent.FutureTask.run(FutureTask.java:266)
	at java.util.concurrent.ThreadPoolExecutor.runWorker(ThreadPoolExecutor.java:1149)
	at java.util.concurrent.ThreadPoolExecutor$Worker.run(ThreadPoolExecutor.java:624)
	... 1 more
Caused by: org.apache.ratis.thirdparty.io.netty.channel.AbstractChannel$AnnotatedConnectException: Connection refused: /192.168.34.61:44094
	at sun.nio.ch.SocketChannelImpl.checkConnect(Native Method)
	at sun.nio.ch.SocketChannelImpl.finishConnect(SocketChannelImpl.java:717)
	at org.apache.ratis.thirdparty.io.netty.channel.socket.nio.NioSocketChannel.doFinishConnect(NioSocketChannel.java:327)
	at org.apache.ratis.thirdparty.io.netty.channel.nio.AbstractNioChannel$AbstractNioUnsafe.finishConnect(AbstractNioChannel.java:340)
	at org.apache.ratis.thirdparty.io.netty.channel.nio.NioEventLoop.processSelectedKey(NioEventLoop.java:632)
	at org.apache.ratis.thirdparty.io.netty.channel.nio.NioEventLoop.processSelectedKeysOptimized(NioEventLoop.java:579)
	at org.apache.ratis.thirdparty.io.netty.channel.nio.NioEventLoop.processSelectedKeys(NioEventLoop.java:496)
	at org.apache.ratis.thirdparty.io.netty.channel.nio.NioEventLoop.run(NioEventLoop.java:458)
	at org.apache.ratis.thirdparty.io.netty.util.concurrent.SingleThreadEventExecutor$5.run(SingleThreadEventExecutor.java:897)
	at org.apache.ratis.thirdparty.io.netty.util.concurrent.FastThreadLocalRunnable.run(FastThreadLocalRunnable.java:30)
	... 1 more
Caused by: java.net.ConnectException: Connection refused
	... 11 more
2019-11-15 04:25:00,621 [b8480f98-5c77-4f73-b6b9-e737b10a7f9e@group-B41F48618BA6-LeaderElection188] INFO  impl.RaftServerImpl (RaftServerImpl.java:setRole(173)) - b8480f98-5c77-4f73-b6b9-e737b10a7f9e@group-B41F48618BA6: changes role from CANDIDATE to FOLLOWER at term 6 for DISCOVERED_A_NEW_TERM
2019-11-15 04:25:00,623 [b8480f98-5c77-4f73-b6b9-e737b10a7f9e@group-B41F48618BA6-LeaderElection188] INFO  impl.RoleInfo (RoleInfo.java:shutdownLeaderElection(134)) - b8480f98-5c77-4f73-b6b9-e737b10a7f9e: shutdown LeaderElection
2019-11-15 04:25:00,623 [b8480f98-5c77-4f73-b6b9-e737b10a7f9e@group-B41F48618BA6-LeaderElection188] INFO  impl.RoleInfo (RoleInfo.java:updateAndGet(143)) - b8480f98-5c77-4f73-b6b9-e737b10a7f9e: start FollowerState
2019-11-15 04:25:00,624 [be6365c1-8fb2-47f9-87b1-78a3fb38138b@group-B41F48618BA6-LeaderElection189] INFO  impl.LeaderElection (LeaderElection.java:logAndReturn(56)) - be6365c1-8fb2-47f9-87b1-78a3fb38138b@group-B41F48618BA6-LeaderElection189: Election REJECTED; received 1 response(s) [be6365c1-8fb2-47f9-87b1-78a3fb38138b<-b8480f98-5c77-4f73-b6b9-e737b10a7f9e#0:FAIL-t6] and 1 exception(s); be6365c1-8fb2-47f9-87b1-78a3fb38138b@group-B41F48618BA6:t6, leader=null, voted=be6365c1-8fb2-47f9-87b1-78a3fb38138b, raftlog=be6365c1-8fb2-47f9-87b1-78a3fb38138b@group-B41F48618BA6-SegmentedRaftLog:OPENED:c4,f4,i4, conf=0: [b8480f98-5c77-4f73-b6b9-e737b10a7f9e:192.168.34.61:32848, be6365c1-8fb2-47f9-87b1-78a3fb38138b:192.168.34.61:44393, f15e9ea2-ac28-4081-8e04-15028e251385:192.168.34.61:44094], old=null
2019-11-15 04:25:00,624 [be6365c1-8fb2-47f9-87b1-78a3fb38138b@group-B41F48618BA6-LeaderElection189] INFO  impl.LeaderElection (LogUtils.java:infoOrTrace(149)) -   Exception 0: {}
java.util.concurrent.ExecutionException: org.apache.ratis.thirdparty.io.grpc.StatusRuntimeException: UNAVAILABLE: io exception
	at java.util.concurrent.FutureTask.report(FutureTask.java:122)
	at java.util.concurrent.FutureTask.get(FutureTask.java:192)
	at org.apache.ratis.server.impl.LeaderElection.waitForResults(LeaderElection.java:259)
	at org.apache.ratis.server.impl.LeaderElection.askForVotes(LeaderElection.java:197)
	at org.apache.ratis.server.impl.LeaderElection.run(LeaderElection.java:133)
	at java.lang.Thread.run(Thread.java:748)
Caused by: org.apache.ratis.thirdparty.io.grpc.StatusRuntimeException: UNAVAILABLE: io exception
	at org.apache.ratis.thirdparty.io.grpc.stub.ClientCalls.toStatusRuntimeException(ClientCalls.java:233)
	at org.apache.ratis.thirdparty.io.grpc.stub.ClientCalls.getUnchecked(ClientCalls.java:214)
	at org.apache.ratis.thirdparty.io.grpc.stub.ClientCalls.blockingUnaryCall(ClientCalls.java:139)
	at org.apache.ratis.proto.grpc.RaftServerProtocolServiceGrpc$RaftServerProtocolServiceBlockingStub.requestVote(RaftServerProtocolServiceGrpc.java:265)
	at org.apache.ratis.grpc.server.GrpcServerProtocolClient.requestVote(GrpcServerProtocolClient.java:99)
	at org.apache.ratis.grpc.server.GrpcService.requestVote(GrpcService.java:204)
	at org.apache.ratis.server.impl.LeaderElection.lambda$submitRequests$1(LeaderElection.java:234)
	at java.util.concurrent.FutureTask.run(FutureTask.java:266)
	at java.util.concurrent.Executors$RunnableAdapter.call(Executors.java:511)
	at java.util.concurrent.FutureTask.run(FutureTask.java:266)
	at java.util.concurrent.ThreadPoolExecutor.runWorker(ThreadPoolExecutor.java:1149)
	at java.util.concurrent.ThreadPoolExecutor$Worker.run(ThreadPoolExecutor.java:624)
	... 1 more
Caused by: org.apache.ratis.thirdparty.io.netty.channel.AbstractChannel$AnnotatedConnectException: Connection refused: /192.168.34.61:44094
	at sun.nio.ch.SocketChannelImpl.checkConnect(Native Method)
	at sun.nio.ch.SocketChannelImpl.finishConnect(SocketChannelImpl.java:717)
	at org.apache.ratis.thirdparty.io.netty.channel.socket.nio.NioSocketChannel.doFinishConnect(NioSocketChannel.java:327)
	at org.apache.ratis.thirdparty.io.netty.channel.nio.AbstractNioChannel$AbstractNioUnsafe.finishConnect(AbstractNioChannel.java:340)
	at org.apache.ratis.thirdparty.io.netty.channel.nio.NioEventLoop.processSelectedKey(NioEventLoop.java:632)
	at org.apache.ratis.thirdparty.io.netty.channel.nio.NioEventLoop.processSelectedKeysOptimized(NioEventLoop.java:579)
	at org.apache.ratis.thirdparty.io.netty.channel.nio.NioEventLoop.processSelectedKeys(NioEventLoop.java:496)
	at org.apache.ratis.thirdparty.io.netty.channel.nio.NioEventLoop.run(NioEventLoop.java:458)
	at org.apache.ratis.thirdparty.io.netty.util.concurrent.SingleThreadEventExecutor$5.run(SingleThreadEventExecutor.java:897)
	at org.apache.ratis.thirdparty.io.netty.util.concurrent.FastThreadLocalRunnable.run(FastThreadLocalRunnable.java:30)
	... 1 more
Caused by: java.net.ConnectException: Connection refused
	... 11 more
2019-11-15 04:25:00,624 [be6365c1-8fb2-47f9-87b1-78a3fb38138b@group-B41F48618BA6-LeaderElection189] INFO  impl.RaftServerImpl (RaftServerImpl.java:setRole(173)) - be6365c1-8fb2-47f9-87b1-78a3fb38138b@group-B41F48618BA6: changes role from CANDIDATE to FOLLOWER at term 6 for DISCOVERED_A_NEW_TERM
2019-11-15 04:25:00,625 [be6365c1-8fb2-47f9-87b1-78a3fb38138b@group-B41F48618BA6-LeaderElection189] INFO  impl.RoleInfo (RoleInfo.java:shutdownLeaderElection(134)) - be6365c1-8fb2-47f9-87b1-78a3fb38138b: shutdown LeaderElection
2019-11-15 04:25:00,625 [be6365c1-8fb2-47f9-87b1-78a3fb38138b@group-B41F48618BA6-LeaderElection189] INFO  impl.RoleInfo (RoleInfo.java:updateAndGet(143)) - be6365c1-8fb2-47f9-87b1-78a3fb38138b: start FollowerState
2019-11-15 04:25:01,786 [Thread-3847] INFO  impl.FollowerState (FollowerState.java:run(111)) - b8480f98-5c77-4f73-b6b9-e737b10a7f9e@group-B41F48618BA6-FollowerState: change to CANDIDATE, lastRpcTime:1162ms, electionTimeout:1162ms
2019-11-15 04:25:01,786 [Thread-3847] INFO  impl.RoleInfo (RoleInfo.java:shutdownFollowerState(121)) - b8480f98-5c77-4f73-b6b9-e737b10a7f9e: shutdown FollowerState
2019-11-15 04:25:01,786 [Thread-3847] INFO  impl.RaftServerImpl (RaftServerImpl.java:setRole(173)) - b8480f98-5c77-4f73-b6b9-e737b10a7f9e@group-B41F48618BA6: changes role from  FOLLOWER to CANDIDATE at term 6 for changeToCandidate
2019-11-15 04:25:01,786 [Thread-3847] INFO  impl.RoleInfo (RoleInfo.java:updateAndGet(143)) - b8480f98-5c77-4f73-b6b9-e737b10a7f9e: start LeaderElection
2019-11-15 04:25:01,798 [Thread-3848] INFO  impl.FollowerState (FollowerState.java:run(111)) - be6365c1-8fb2-47f9-87b1-78a3fb38138b@group-B41F48618BA6-FollowerState: change to CANDIDATE, lastRpcTime:1173ms, electionTimeout:1173ms
2019-11-15 04:25:01,798 [Thread-3848] INFO  impl.RoleInfo (RoleInfo.java:shutdownFollowerState(121)) - be6365c1-8fb2-47f9-87b1-78a3fb38138b: shutdown FollowerState
2019-11-15 04:25:01,798 [Thread-3848] INFO  impl.RaftServerImpl (RaftServerImpl.java:setRole(173)) - be6365c1-8fb2-47f9-87b1-78a3fb38138b@group-B41F48618BA6: changes role from  FOLLOWER to CANDIDATE at term 6 for changeToCandidate
2019-11-15 04:25:01,798 [Thread-3848] INFO  impl.RoleInfo (RoleInfo.java:updateAndGet(143)) - be6365c1-8fb2-47f9-87b1-78a3fb38138b: start LeaderElection
2019-11-15 04:25:01,865 [be6365c1-8fb2-47f9-87b1-78a3fb38138b@group-B41F48618BA6-LeaderElection191] INFO  impl.LeaderElection (LeaderElection.java:askForVotes(178)) - be6365c1-8fb2-47f9-87b1-78a3fb38138b@group-B41F48618BA6-LeaderElection191: begin an election at term 7 for 0: [b8480f98-5c77-4f73-b6b9-e737b10a7f9e:192.168.34.61:32848, be6365c1-8fb2-47f9-87b1-78a3fb38138b:192.168.34.61:44393, f15e9ea2-ac28-4081-8e04-15028e251385:192.168.34.61:44094], old=null
2019-11-15 04:25:01,865 [b8480f98-5c77-4f73-b6b9-e737b10a7f9e@group-B41F48618BA6-LeaderElection190] INFO  impl.LeaderElection (LeaderElection.java:askForVotes(178)) - b8480f98-5c77-4f73-b6b9-e737b10a7f9e@group-B41F48618BA6-LeaderElection190: begin an election at term 7 for 0: [b8480f98-5c77-4f73-b6b9-e737b10a7f9e:192.168.34.61:32848, be6365c1-8fb2-47f9-87b1-78a3fb38138b:192.168.34.61:44393, f15e9ea2-ac28-4081-8e04-15028e251385:192.168.34.61:44094], old=null
2019-11-15 04:25:01,866 [be6365c1-8fb2-47f9-87b1-78a3fb38138b@group-B41F48618BA6-LeaderElection191] INFO  impl.LeaderElection (LogUtils.java:infoOrTrace(149)) - be6365c1-8fb2-47f9-87b1-78a3fb38138b@group-B41F48618BA6-LeaderElection191 got exception when requesting votes: {}
java.util.concurrent.ExecutionException: org.apache.ratis.thirdparty.io.grpc.StatusRuntimeException: UNAVAILABLE: io exception
	at java.util.concurrent.FutureTask.report(FutureTask.java:122)
	at java.util.concurrent.FutureTask.get(FutureTask.java:192)
	at org.apache.ratis.server.impl.LeaderElection.waitForResults(LeaderElection.java:259)
	at org.apache.ratis.server.impl.LeaderElection.askForVotes(LeaderElection.java:197)
	at org.apache.ratis.server.impl.LeaderElection.run(LeaderElection.java:133)
	at java.lang.Thread.run(Thread.java:748)
Caused by: org.apache.ratis.thirdparty.io.grpc.StatusRuntimeException: UNAVAILABLE: io exception
	at org.apache.ratis.thirdparty.io.grpc.stub.ClientCalls.toStatusRuntimeException(ClientCalls.java:233)
	at org.apache.ratis.thirdparty.io.grpc.stub.ClientCalls.getUnchecked(ClientCalls.java:214)
	at org.apache.ratis.thirdparty.io.grpc.stub.ClientCalls.blockingUnaryCall(ClientCalls.java:139)
	at org.apache.ratis.proto.grpc.RaftServerProtocolServiceGrpc$RaftServerProtocolServiceBlockingStub.requestVote(RaftServerProtocolServiceGrpc.java:265)
	at org.apache.ratis.grpc.server.GrpcServerProtocolClient.requestVote(GrpcServerProtocolClient.java:99)
	at org.apache.ratis.grpc.server.GrpcService.requestVote(GrpcService.java:204)
	at org.apache.ratis.server.impl.LeaderElection.lambda$submitRequests$1(LeaderElection.java:234)
	at java.util.concurrent.FutureTask.run(FutureTask.java:266)
	at java.util.concurrent.Executors$RunnableAdapter.call(Executors.java:511)
	at java.util.concurrent.FutureTask.run(FutureTask.java:266)
	at java.util.concurrent.ThreadPoolExecutor.runWorker(ThreadPoolExecutor.java:1149)
	at java.util.concurrent.ThreadPoolExecutor$Worker.run(ThreadPoolExecutor.java:624)
	... 1 more
Caused by: org.apache.ratis.thirdparty.io.netty.channel.AbstractChannel$AnnotatedConnectException: Connection refused: /192.168.34.61:44094
	at sun.nio.ch.SocketChannelImpl.checkConnect(Native Method)
	at sun.nio.ch.SocketChannelImpl.finishConnect(SocketChannelImpl.java:717)
	at org.apache.ratis.thirdparty.io.netty.channel.socket.nio.NioSocketChannel.doFinishConnect(NioSocketChannel.java:327)
	at org.apache.ratis.thirdparty.io.netty.channel.nio.AbstractNioChannel$AbstractNioUnsafe.finishConnect(AbstractNioChannel.java:340)
	at org.apache.ratis.thirdparty.io.netty.channel.nio.NioEventLoop.processSelectedKey(NioEventLoop.java:632)
	at org.apache.ratis.thirdparty.io.netty.channel.nio.NioEventLoop.processSelectedKeysOptimized(NioEventLoop.java:579)
	at org.apache.ratis.thirdparty.io.netty.channel.nio.NioEventLoop.processSelectedKeys(NioEventLoop.java:496)
	at org.apache.ratis.thirdparty.io.netty.channel.nio.NioEventLoop.run(NioEventLoop.java:458)
	at org.apache.ratis.thirdparty.io.netty.util.concurrent.SingleThreadEventExecutor$5.run(SingleThreadEventExecutor.java:897)
	at org.apache.ratis.thirdparty.io.netty.util.concurrent.FastThreadLocalRunnable.run(FastThreadLocalRunnable.java:30)
	... 1 more
Caused by: java.net.ConnectException: Connection refused
	... 11 more
2019-11-15 04:25:01,866 [b8480f98-5c77-4f73-b6b9-e737b10a7f9e@group-B41F48618BA6-LeaderElection190] INFO  impl.LeaderElection (LogUtils.java:infoOrTrace(149)) - b8480f98-5c77-4f73-b6b9-e737b10a7f9e@group-B41F48618BA6-LeaderElection190 got exception when requesting votes: {}
java.util.concurrent.ExecutionException: org.apache.ratis.thirdparty.io.grpc.StatusRuntimeException: UNAVAILABLE: io exception
	at java.util.concurrent.FutureTask.report(FutureTask.java:122)
	at java.util.concurrent.FutureTask.get(FutureTask.java:192)
	at org.apache.ratis.server.impl.LeaderElection.waitForResults(LeaderElection.java:259)
	at org.apache.ratis.server.impl.LeaderElection.askForVotes(LeaderElection.java:197)
	at org.apache.ratis.server.impl.LeaderElection.run(LeaderElection.java:133)
	at java.lang.Thread.run(Thread.java:748)
Caused by: org.apache.ratis.thirdparty.io.grpc.StatusRuntimeException: UNAVAILABLE: io exception
	at org.apache.ratis.thirdparty.io.grpc.stub.ClientCalls.toStatusRuntimeException(ClientCalls.java:233)
	at org.apache.ratis.thirdparty.io.grpc.stub.ClientCalls.getUnchecked(ClientCalls.java:214)
	at org.apache.ratis.thirdparty.io.grpc.stub.ClientCalls.blockingUnaryCall(ClientCalls.java:139)
	at org.apache.ratis.proto.grpc.RaftServerProtocolServiceGrpc$RaftServerProtocolServiceBlockingStub.requestVote(RaftServerProtocolServiceGrpc.java:265)
	at org.apache.ratis.grpc.server.GrpcServerProtocolClient.requestVote(GrpcServerProtocolClient.java:99)
	at org.apache.ratis.grpc.server.GrpcService.requestVote(GrpcService.java:204)
	at org.apache.ratis.server.impl.LeaderElection.lambda$submitRequests$1(LeaderElection.java:234)
	at java.util.concurrent.FutureTask.run(FutureTask.java:266)
	at java.util.concurrent.Executors$RunnableAdapter.call(Executors.java:511)
	at java.util.concurrent.FutureTask.run(FutureTask.java:266)
	at java.util.concurrent.ThreadPoolExecutor.runWorker(ThreadPoolExecutor.java:1149)
	at java.util.concurrent.ThreadPoolExecutor$Worker.run(ThreadPoolExecutor.java:624)
	... 1 more
Caused by: org.apache.ratis.thirdparty.io.netty.channel.AbstractChannel$AnnotatedConnectException: Connection refused: /192.168.34.61:44094
	at sun.nio.ch.SocketChannelImpl.checkConnect(Native Method)
	at sun.nio.ch.SocketChannelImpl.finishConnect(SocketChannelImpl.java:717)
	at org.apache.ratis.thirdparty.io.netty.channel.socket.nio.NioSocketChannel.doFinishConnect(NioSocketChannel.java:327)
	at org.apache.ratis.thirdparty.io.netty.channel.nio.AbstractNioChannel$AbstractNioUnsafe.finishConnect(AbstractNioChannel.java:340)
	at org.apache.ratis.thirdparty.io.netty.channel.nio.NioEventLoop.processSelectedKey(NioEventLoop.java:632)
	at org.apache.ratis.thirdparty.io.netty.channel.nio.NioEventLoop.processSelectedKeysOptimized(NioEventLoop.java:579)
	at org.apache.ratis.thirdparty.io.netty.channel.nio.NioEventLoop.processSelectedKeys(NioEventLoop.java:496)
	at org.apache.ratis.thirdparty.io.netty.channel.nio.NioEventLoop.run(NioEventLoop.java:458)
	at org.apache.ratis.thirdparty.io.netty.util.concurrent.SingleThreadEventExecutor$5.run(SingleThreadEventExecutor.java:897)
	at org.apache.ratis.thirdparty.io.netty.util.concurrent.FastThreadLocalRunnable.run(FastThreadLocalRunnable.java:30)
	... 1 more
Caused by: java.net.ConnectException: Connection refused
	... 11 more
2019-11-15 04:25:01,871 [b8480f98-5c77-4f73-b6b9-e737b10a7f9e@group-B41F48618BA6-LeaderElection190] INFO  impl.LeaderElection (LeaderElection.java:logAndReturn(56)) - b8480f98-5c77-4f73-b6b9-e737b10a7f9e@group-B41F48618BA6-LeaderElection190: Election REJECTED; received 1 response(s) [b8480f98-5c77-4f73-b6b9-e737b10a7f9e<-be6365c1-8fb2-47f9-87b1-78a3fb38138b#0:FAIL-t7] and 1 exception(s); b8480f98-5c77-4f73-b6b9-e737b10a7f9e@group-B41F48618BA6:t7, leader=null, voted=b8480f98-5c77-4f73-b6b9-e737b10a7f9e, raftlog=b8480f98-5c77-4f73-b6b9-e737b10a7f9e@group-B41F48618BA6-SegmentedRaftLog:OPENED:c4,f4,i4, conf=0: [b8480f98-5c77-4f73-b6b9-e737b10a7f9e:192.168.34.61:32848, be6365c1-8fb2-47f9-87b1-78a3fb38138b:192.168.34.61:44393, f15e9ea2-ac28-4081-8e04-15028e251385:192.168.34.61:44094], old=null
2019-11-15 04:25:01,871 [be6365c1-8fb2-47f9-87b1-78a3fb38138b@group-B41F48618BA6-LeaderElection191] INFO  impl.LeaderElection (LeaderElection.java:logAndReturn(56)) - be6365c1-8fb2-47f9-87b1-78a3fb38138b@group-B41F48618BA6-LeaderElection191: Election REJECTED; received 1 response(s) [be6365c1-8fb2-47f9-87b1-78a3fb38138b<-b8480f98-5c77-4f73-b6b9-e737b10a7f9e#0:FAIL-t7] and 1 exception(s); be6365c1-8fb2-47f9-87b1-78a3fb38138b@group-B41F48618BA6:t7, leader=null, voted=be6365c1-8fb2-47f9-87b1-78a3fb38138b, raftlog=be6365c1-8fb2-47f9-87b1-78a3fb38138b@group-B41F48618BA6-SegmentedRaftLog:OPENED:c4,f4,i4, conf=0: [b8480f98-5c77-4f73-b6b9-e737b10a7f9e:192.168.34.61:32848, be6365c1-8fb2-47f9-87b1-78a3fb38138b:192.168.34.61:44393, f15e9ea2-ac28-4081-8e04-15028e251385:192.168.34.61:44094], old=null
2019-11-15 04:25:01,871 [b8480f98-5c77-4f73-b6b9-e737b10a7f9e@group-B41F48618BA6-LeaderElection190] INFO  impl.LeaderElection (LogUtils.java:infoOrTrace(149)) -   Exception 0: {}
java.util.concurrent.ExecutionException: org.apache.ratis.thirdparty.io.grpc.StatusRuntimeException: UNAVAILABLE: io exception
	at java.util.concurrent.FutureTask.report(FutureTask.java:122)
	at java.util.concurrent.FutureTask.get(FutureTask.java:192)
	at org.apache.ratis.server.impl.LeaderElection.waitForResults(LeaderElection.java:259)
	at org.apache.ratis.server.impl.LeaderElection.askForVotes(LeaderElection.java:197)
	at org.apache.ratis.server.impl.LeaderElection.run(LeaderElection.java:133)
	at java.lang.Thread.run(Thread.java:748)
Caused by: org.apache.ratis.thirdparty.io.grpc.StatusRuntimeException: UNAVAILABLE: io exception
	at org.apache.ratis.thirdparty.io.grpc.stub.ClientCalls.toStatusRuntimeException(ClientCalls.java:233)
	at org.apache.ratis.thirdparty.io.grpc.stub.ClientCalls.getUnchecked(ClientCalls.java:214)
	at org.apache.ratis.thirdparty.io.grpc.stub.ClientCalls.blockingUnaryCall(ClientCalls.java:139)
	at org.apache.ratis.proto.grpc.RaftServerProtocolServiceGrpc$RaftServerProtocolServiceBlockingStub.requestVote(RaftServerProtocolServiceGrpc.java:265)
	at org.apache.ratis.grpc.server.GrpcServerProtocolClient.requestVote(GrpcServerProtocolClient.java:99)
	at org.apache.ratis.grpc.server.GrpcService.requestVote(GrpcService.java:204)
	at org.apache.ratis.server.impl.LeaderElection.lambda$submitRequests$1(LeaderElection.java:234)
	at java.util.concurrent.FutureTask.run(FutureTask.java:266)
	at java.util.concurrent.Executors$RunnableAdapter.call(Executors.java:511)
	at java.util.concurrent.FutureTask.run(FutureTask.java:266)
	at java.util.concurrent.ThreadPoolExecutor.runWorker(ThreadPoolExecutor.java:1149)
	at java.util.concurrent.ThreadPoolExecutor$Worker.run(ThreadPoolExecutor.java:624)
	... 1 more
Caused by: org.apache.ratis.thirdparty.io.netty.channel.AbstractChannel$AnnotatedConnectException: Connection refused: /192.168.34.61:44094
	at sun.nio.ch.SocketChannelImpl.checkConnect(Native Method)
	at sun.nio.ch.SocketChannelImpl.finishConnect(SocketChannelImpl.java:717)
	at org.apache.ratis.thirdparty.io.netty.channel.socket.nio.NioSocketChannel.doFinishConnect(NioSocketChannel.java:327)
	at org.apache.ratis.thirdparty.io.netty.channel.nio.AbstractNioChannel$AbstractNioUnsafe.finishConnect(AbstractNioChannel.java:340)
	at org.apache.ratis.thirdparty.io.netty.channel.nio.NioEventLoop.processSelectedKey(NioEventLoop.java:632)
	at org.apache.ratis.thirdparty.io.netty.channel.nio.NioEventLoop.processSelectedKeysOptimized(NioEventLoop.java:579)
	at org.apache.ratis.thirdparty.io.netty.channel.nio.NioEventLoop.processSelectedKeys(NioEventLoop.java:496)
	at org.apache.ratis.thirdparty.io.netty.channel.nio.NioEventLoop.run(NioEventLoop.java:458)
	at org.apache.ratis.thirdparty.io.netty.util.concurrent.SingleThreadEventExecutor$5.run(SingleThreadEventExecutor.java:897)
	at org.apache.ratis.thirdparty.io.netty.util.concurrent.FastThreadLocalRunnable.run(FastThreadLocalRunnable.java:30)
	... 1 more
Caused by: java.net.ConnectException: Connection refused
	... 11 more
2019-11-15 04:25:01,871 [be6365c1-8fb2-47f9-87b1-78a3fb38138b@group-B41F48618BA6-LeaderElection191] INFO  impl.LeaderElection (LogUtils.java:infoOrTrace(149)) -   Exception 0: {}
java.util.concurrent.ExecutionException: org.apache.ratis.thirdparty.io.grpc.StatusRuntimeException: UNAVAILABLE: io exception
	at java.util.concurrent.FutureTask.report(FutureTask.java:122)
	at java.util.concurrent.FutureTask.get(FutureTask.java:192)
	at org.apache.ratis.server.impl.LeaderElection.waitForResults(LeaderElection.java:259)
	at org.apache.ratis.server.impl.LeaderElection.askForVotes(LeaderElection.java:197)
	at org.apache.ratis.server.impl.LeaderElection.run(LeaderElection.java:133)
	at java.lang.Thread.run(Thread.java:748)
Caused by: org.apache.ratis.thirdparty.io.grpc.StatusRuntimeException: UNAVAILABLE: io exception
	at org.apache.ratis.thirdparty.io.grpc.stub.ClientCalls.toStatusRuntimeException(ClientCalls.java:233)
	at org.apache.ratis.thirdparty.io.grpc.stub.ClientCalls.getUnchecked(ClientCalls.java:214)
	at org.apache.ratis.thirdparty.io.grpc.stub.ClientCalls.blockingUnaryCall(ClientCalls.java:139)
	at org.apache.ratis.proto.grpc.RaftServerProtocolServiceGrpc$RaftServerProtocolServiceBlockingStub.requestVote(RaftServerProtocolServiceGrpc.java:265)
	at org.apache.ratis.grpc.server.GrpcServerProtocolClient.requestVote(GrpcServerProtocolClient.java:99)
	at org.apache.ratis.grpc.server.GrpcService.requestVote(GrpcService.java:204)
	at org.apache.ratis.server.impl.LeaderElection.lambda$submitRequests$1(LeaderElection.java:234)
	at java.util.concurrent.FutureTask.run(FutureTask.java:266)
	at java.util.concurrent.Executors$RunnableAdapter.call(Executors.java:511)
	at java.util.concurrent.FutureTask.run(FutureTask.java:266)
	at java.util.concurrent.ThreadPoolExecutor.runWorker(ThreadPoolExecutor.java:1149)
	at java.util.concurrent.ThreadPoolExecutor$Worker.run(ThreadPoolExecutor.java:624)
	... 1 more
Caused by: org.apache.ratis.thirdparty.io.netty.channel.AbstractChannel$AnnotatedConnectException: Connection refused: /192.168.34.61:44094
	at sun.nio.ch.SocketChannelImpl.checkConnect(Native Method)
	at sun.nio.ch.SocketChannelImpl.finishConnect(SocketChannelImpl.java:717)
	at org.apache.ratis.thirdparty.io.netty.channel.socket.nio.NioSocketChannel.doFinishConnect(NioSocketChannel.java:327)
	at org.apache.ratis.thirdparty.io.netty.channel.nio.AbstractNioChannel$AbstractNioUnsafe.finishConnect(AbstractNioChannel.java:340)
	at org.apache.ratis.thirdparty.io.netty.channel.nio.NioEventLoop.processSelectedKey(NioEventLoop.java:632)
	at org.apache.ratis.thirdparty.io.netty.channel.nio.NioEventLoop.processSelectedKeysOptimized(NioEventLoop.java:579)
	at org.apache.ratis.thirdparty.io.netty.channel.nio.NioEventLoop.processSelectedKeys(NioEventLoop.java:496)
	at org.apache.ratis.thirdparty.io.netty.channel.nio.NioEventLoop.run(NioEventLoop.java:458)
	at org.apache.ratis.thirdparty.io.netty.util.concurrent.SingleThreadEventExecutor$5.run(SingleThreadEventExecutor.java:897)
	at org.apache.ratis.thirdparty.io.netty.util.concurrent.FastThreadLocalRunnable.run(FastThreadLocalRunnable.java:30)
	... 1 more
Caused by: java.net.ConnectException: Connection refused
	... 11 more
2019-11-15 04:25:01,871 [b8480f98-5c77-4f73-b6b9-e737b10a7f9e@group-B41F48618BA6-LeaderElection190] INFO  impl.RaftServerImpl (RaftServerImpl.java:setRole(173)) - b8480f98-5c77-4f73-b6b9-e737b10a7f9e@group-B41F48618BA6: changes role from CANDIDATE to FOLLOWER at term 7 for DISCOVERED_A_NEW_TERM
2019-11-15 04:25:01,871 [be6365c1-8fb2-47f9-87b1-78a3fb38138b@group-B41F48618BA6-LeaderElection191] INFO  impl.RaftServerImpl (RaftServerImpl.java:setRole(173)) - be6365c1-8fb2-47f9-87b1-78a3fb38138b@group-B41F48618BA6: changes role from CANDIDATE to FOLLOWER at term 7 for DISCOVERED_A_NEW_TERM
2019-11-15 04:25:01,871 [b8480f98-5c77-4f73-b6b9-e737b10a7f9e@group-B41F48618BA6-LeaderElection190] INFO  impl.RoleInfo (RoleInfo.java:shutdownLeaderElection(134)) - b8480f98-5c77-4f73-b6b9-e737b10a7f9e: shutdown LeaderElection
2019-11-15 04:25:01,872 [be6365c1-8fb2-47f9-87b1-78a3fb38138b@group-B41F48618BA6-LeaderElection191] INFO  impl.RoleInfo (RoleInfo.java:shutdownLeaderElection(134)) - be6365c1-8fb2-47f9-87b1-78a3fb38138b: shutdown LeaderElection
2019-11-15 04:25:01,872 [b8480f98-5c77-4f73-b6b9-e737b10a7f9e@group-B41F48618BA6-LeaderElection190] INFO  impl.RoleInfo (RoleInfo.java:updateAndGet(143)) - b8480f98-5c77-4f73-b6b9-e737b10a7f9e: start FollowerState
2019-11-15 04:25:01,872 [be6365c1-8fb2-47f9-87b1-78a3fb38138b@group-B41F48618BA6-LeaderElection191] INFO  impl.RoleInfo (RoleInfo.java:updateAndGet(143)) - be6365c1-8fb2-47f9-87b1-78a3fb38138b: start FollowerState
2019-11-15 04:25:02,906 [Thread-3866] INFO  impl.FollowerState (FollowerState.java:run(111)) - b8480f98-5c77-4f73-b6b9-e737b10a7f9e@group-B41F48618BA6-FollowerState: change to CANDIDATE, lastRpcTime:1034ms, electionTimeout:1034ms
2019-11-15 04:25:02,906 [Thread-3866] INFO  impl.RoleInfo (RoleInfo.java:shutdownFollowerState(121)) - b8480f98-5c77-4f73-b6b9-e737b10a7f9e: shutdown FollowerState
2019-11-15 04:25:02,907 [Thread-3866] INFO  impl.RaftServerImpl (RaftServerImpl.java:setRole(173)) - b8480f98-5c77-4f73-b6b9-e737b10a7f9e@group-B41F48618BA6: changes role from  FOLLOWER to CANDIDATE at term 7 for changeToCandidate
2019-11-15 04:25:02,907 [Thread-3866] INFO  impl.RoleInfo (RoleInfo.java:updateAndGet(143)) - b8480f98-5c77-4f73-b6b9-e737b10a7f9e: start LeaderElection
2019-11-15 04:25:02,979 [b8480f98-5c77-4f73-b6b9-e737b10a7f9e@group-B41F48618BA6-LeaderElection192] INFO  impl.LeaderElection (LeaderElection.java:askForVotes(178)) - b8480f98-5c77-4f73-b6b9-e737b10a7f9e@group-B41F48618BA6-LeaderElection192: begin an election at term 8 for 0: [b8480f98-5c77-4f73-b6b9-e737b10a7f9e:192.168.34.61:32848, be6365c1-8fb2-47f9-87b1-78a3fb38138b:192.168.34.61:44393, f15e9ea2-ac28-4081-8e04-15028e251385:192.168.34.61:44094], old=null
2019-11-15 04:25:02,980 [b8480f98-5c77-4f73-b6b9-e737b10a7f9e@group-B41F48618BA6-LeaderElection192] INFO  impl.LeaderElection (LogUtils.java:infoOrTrace(149)) - b8480f98-5c77-4f73-b6b9-e737b10a7f9e@group-B41F48618BA6-LeaderElection192 got exception when requesting votes: {}
java.util.concurrent.ExecutionException: org.apache.ratis.thirdparty.io.grpc.StatusRuntimeException: UNAVAILABLE: io exception
	at java.util.concurrent.FutureTask.report(FutureTask.java:122)
	at java.util.concurrent.FutureTask.get(FutureTask.java:192)
	at org.apache.ratis.server.impl.LeaderElection.waitForResults(LeaderElection.java:259)
	at org.apache.ratis.server.impl.LeaderElection.askForVotes(LeaderElection.java:197)
	at org.apache.ratis.server.impl.LeaderElection.run(LeaderElection.java:133)
	at java.lang.Thread.run(Thread.java:748)
Caused by: org.apache.ratis.thirdparty.io.grpc.StatusRuntimeException: UNAVAILABLE: io exception
	at org.apache.ratis.thirdparty.io.grpc.stub.ClientCalls.toStatusRuntimeException(ClientCalls.java:233)
	at org.apache.ratis.thirdparty.io.grpc.stub.ClientCalls.getUnchecked(ClientCalls.java:214)
	at org.apache.ratis.thirdparty.io.grpc.stub.ClientCalls.blockingUnaryCall(ClientCalls.java:139)
	at org.apache.ratis.proto.grpc.RaftServerProtocolServiceGrpc$RaftServerProtocolServiceBlockingStub.requestVote(RaftServerProtocolServiceGrpc.java:265)
	at org.apache.ratis.grpc.server.GrpcServerProtocolClient.requestVote(GrpcServerProtocolClient.java:99)
	at org.apache.ratis.grpc.server.GrpcService.requestVote(GrpcService.java:204)
	at org.apache.ratis.server.impl.LeaderElection.lambda$submitRequests$1(LeaderElection.java:234)
	at java.util.concurrent.FutureTask.run(FutureTask.java:266)
	at java.util.concurrent.Executors$RunnableAdapter.call(Executors.java:511)
	at java.util.concurrent.FutureTask.run(FutureTask.java:266)
	at java.util.concurrent.ThreadPoolExecutor.runWorker(ThreadPoolExecutor.java:1149)
	at java.util.concurrent.ThreadPoolExecutor$Worker.run(ThreadPoolExecutor.java:624)
	... 1 more
Caused by: org.apache.ratis.thirdparty.io.netty.channel.AbstractChannel$AnnotatedConnectException: Connection refused: /192.168.34.61:44094
	at sun.nio.ch.SocketChannelImpl.checkConnect(Native Method)
	at sun.nio.ch.SocketChannelImpl.finishConnect(SocketChannelImpl.java:717)
	at org.apache.ratis.thirdparty.io.netty.channel.socket.nio.NioSocketChannel.doFinishConnect(NioSocketChannel.java:327)
	at org.apache.ratis.thirdparty.io.netty.channel.nio.AbstractNioChannel$AbstractNioUnsafe.finishConnect(AbstractNioChannel.java:340)
	at org.apache.ratis.thirdparty.io.netty.channel.nio.NioEventLoop.processSelectedKey(NioEventLoop.java:632)
	at org.apache.ratis.thirdparty.io.netty.channel.nio.NioEventLoop.processSelectedKeysOptimized(NioEventLoop.java:579)
	at org.apache.ratis.thirdparty.io.netty.channel.nio.NioEventLoop.processSelectedKeys(NioEventLoop.java:496)
	at org.apache.ratis.thirdparty.io.netty.channel.nio.NioEventLoop.run(NioEventLoop.java:458)
	at org.apache.ratis.thirdparty.io.netty.util.concurrent.SingleThreadEventExecutor$5.run(SingleThreadEventExecutor.java:897)
	at org.apache.ratis.thirdparty.io.netty.util.concurrent.FastThreadLocalRunnable.run(FastThreadLocalRunnable.java:30)
	... 1 more
Caused by: java.net.ConnectException: Connection refused
	... 11 more
2019-11-15 04:25:02,984 [grpc-default-executor-19] INFO  impl.RaftServerImpl (RaftServerImpl.java:setRole(173)) - be6365c1-8fb2-47f9-87b1-78a3fb38138b@group-B41F48618BA6: changes role from  FOLLOWER to FOLLOWER at term 8 for recognizeCandidate:b8480f98-5c77-4f73-b6b9-e737b10a7f9e
2019-11-15 04:25:02,985 [grpc-default-executor-19] INFO  impl.RoleInfo (RoleInfo.java:shutdownFollowerState(121)) - be6365c1-8fb2-47f9-87b1-78a3fb38138b: shutdown FollowerState
2019-11-15 04:25:02,985 [grpc-default-executor-19] INFO  impl.RoleInfo (RoleInfo.java:updateAndGet(143)) - be6365c1-8fb2-47f9-87b1-78a3fb38138b: start FollowerState
2019-11-15 04:25:02,985 [Thread-3867] INFO  impl.FollowerState (FollowerState.java:run(120)) - be6365c1-8fb2-47f9-87b1-78a3fb38138b@group-B41F48618BA6-FollowerState was interrupted: java.lang.InterruptedException: sleep interrupted
2019-11-15 04:25:03,043 [b8480f98-5c77-4f73-b6b9-e737b10a7f9e@group-B41F48618BA6-LeaderElection192] INFO  impl.LeaderElection (LeaderElection.java:logAndReturn(56)) - b8480f98-5c77-4f73-b6b9-e737b10a7f9e@group-B41F48618BA6-LeaderElection192: Election PASSED; received 1 response(s) [b8480f98-5c77-4f73-b6b9-e737b10a7f9e<-be6365c1-8fb2-47f9-87b1-78a3fb38138b#0:OK-t8] and 1 exception(s); b8480f98-5c77-4f73-b6b9-e737b10a7f9e@group-B41F48618BA6:t8, leader=null, voted=b8480f98-5c77-4f73-b6b9-e737b10a7f9e, raftlog=b8480f98-5c77-4f73-b6b9-e737b10a7f9e@group-B41F48618BA6-SegmentedRaftLog:OPENED:c4,f4,i4, conf=0: [b8480f98-5c77-4f73-b6b9-e737b10a7f9e:192.168.34.61:32848, be6365c1-8fb2-47f9-87b1-78a3fb38138b:192.168.34.61:44393, f15e9ea2-ac28-4081-8e04-15028e251385:192.168.34.61:44094], old=null
2019-11-15 04:25:03,043 [b8480f98-5c77-4f73-b6b9-e737b10a7f9e@group-B41F48618BA6-LeaderElection192] INFO  impl.LeaderElection (LogUtils.java:infoOrTrace(149)) -   Exception 0: {}
java.util.concurrent.ExecutionException: org.apache.ratis.thirdparty.io.grpc.StatusRuntimeException: UNAVAILABLE: io exception
	at java.util.concurrent.FutureTask.report(FutureTask.java:122)
	at java.util.concurrent.FutureTask.get(FutureTask.java:192)
	at org.apache.ratis.server.impl.LeaderElection.waitForResults(LeaderElection.java:259)
	at org.apache.ratis.server.impl.LeaderElection.askForVotes(LeaderElection.java:197)
	at org.apache.ratis.server.impl.LeaderElection.run(LeaderElection.java:133)
	at java.lang.Thread.run(Thread.java:748)
Caused by: org.apache.ratis.thirdparty.io.grpc.StatusRuntimeException: UNAVAILABLE: io exception
	at org.apache.ratis.thirdparty.io.grpc.stub.ClientCalls.toStatusRuntimeException(ClientCalls.java:233)
	at org.apache.ratis.thirdparty.io.grpc.stub.ClientCalls.getUnchecked(ClientCalls.java:214)
	at org.apache.ratis.thirdparty.io.grpc.stub.ClientCalls.blockingUnaryCall(ClientCalls.java:139)
	at org.apache.ratis.proto.grpc.RaftServerProtocolServiceGrpc$RaftServerProtocolServiceBlockingStub.requestVote(RaftServerProtocolServiceGrpc.java:265)
	at org.apache.ratis.grpc.server.GrpcServerProtocolClient.requestVote(GrpcServerProtocolClient.java:99)
	at org.apache.ratis.grpc.server.GrpcService.requestVote(GrpcService.java:204)
	at org.apache.ratis.server.impl.LeaderElection.lambda$submitRequests$1(LeaderElection.java:234)
	at java.util.concurrent.FutureTask.run(FutureTask.java:266)
	at java.util.concurrent.Executors$RunnableAdapter.call(Executors.java:511)
	at java.util.concurrent.FutureTask.run(FutureTask.java:266)
	at java.util.concurrent.ThreadPoolExecutor.runWorker(ThreadPoolExecutor.java:1149)
	at java.util.concurrent.ThreadPoolExecutor$Worker.run(ThreadPoolExecutor.java:624)
	... 1 more
Caused by: org.apache.ratis.thirdparty.io.netty.channel.AbstractChannel$AnnotatedConnectException: Connection refused: /192.168.34.61:44094
	at sun.nio.ch.SocketChannelImpl.checkConnect(Native Method)
	at sun.nio.ch.SocketChannelImpl.finishConnect(SocketChannelImpl.java:717)
	at org.apache.ratis.thirdparty.io.netty.channel.socket.nio.NioSocketChannel.doFinishConnect(NioSocketChannel.java:327)
	at org.apache.ratis.thirdparty.io.netty.channel.nio.AbstractNioChannel$AbstractNioUnsafe.finishConnect(AbstractNioChannel.java:340)
	at org.apache.ratis.thirdparty.io.netty.channel.nio.NioEventLoop.processSelectedKey(NioEventLoop.java:632)
	at org.apache.ratis.thirdparty.io.netty.channel.nio.NioEventLoop.processSelectedKeysOptimized(NioEventLoop.java:579)
	at org.apache.ratis.thirdparty.io.netty.channel.nio.NioEventLoop.processSelectedKeys(NioEventLoop.java:496)
	at org.apache.ratis.thirdparty.io.netty.channel.nio.NioEventLoop.run(NioEventLoop.java:458)
	at org.apache.ratis.thirdparty.io.netty.util.concurrent.SingleThreadEventExecutor$5.run(SingleThreadEventExecutor.java:897)
	at org.apache.ratis.thirdparty.io.netty.util.concurrent.FastThreadLocalRunnable.run(FastThreadLocalRunnable.java:30)
	... 1 more
Caused by: java.net.ConnectException: Connection refused
	... 11 more
2019-11-15 04:25:03,043 [b8480f98-5c77-4f73-b6b9-e737b10a7f9e@group-B41F48618BA6-LeaderElection192] INFO  impl.RoleInfo (RoleInfo.java:shutdownLeaderElection(134)) - b8480f98-5c77-4f73-b6b9-e737b10a7f9e: shutdown LeaderElection
2019-11-15 04:25:03,044 [b8480f98-5c77-4f73-b6b9-e737b10a7f9e@group-B41F48618BA6-LeaderElection192] INFO  impl.RaftServerImpl (RaftServerImpl.java:setRole(173)) - b8480f98-5c77-4f73-b6b9-e737b10a7f9e@group-B41F48618BA6: changes role from CANDIDATE to LEADER at term 8 for changeToLeader
2019-11-15 04:25:03,044 [b8480f98-5c77-4f73-b6b9-e737b10a7f9e@group-B41F48618BA6-LeaderElection192] INFO  ratis.XceiverServerRatis (XceiverServerRatis.java:handleLeaderChangedNotification(733)) - Leader change notification received for group: group-B41F48618BA6 with new leaderId: b8480f98-5c77-4f73-b6b9-e737b10a7f9e
2019-11-15 04:25:03,044 [b8480f98-5c77-4f73-b6b9-e737b10a7f9e@group-B41F48618BA6-LeaderElection192] INFO  impl.RaftServerImpl (ServerState.java:setLeader(255)) - b8480f98-5c77-4f73-b6b9-e737b10a7f9e@group-B41F48618BA6: change Leader from null to b8480f98-5c77-4f73-b6b9-e737b10a7f9e at term 8 for becomeLeader, leader elected after 4959ms
2019-11-15 04:25:03,044 [b8480f98-5c77-4f73-b6b9-e737b10a7f9e@group-B41F48618BA6-LeaderElection192] INFO  server.RaftServerConfigKeys (ConfUtils.java:logGet(43)) - raft.server.staging.catchup.gap = 1000 (default)
2019-11-15 04:25:03,044 [b8480f98-5c77-4f73-b6b9-e737b10a7f9e@group-B41F48618BA6-LeaderElection192] INFO  server.RaftServerConfigKeys (ConfUtils.java:logGet(43)) - raft.server.rpc.sleep.time = 25ms (default)
2019-11-15 04:25:03,045 [b8480f98-5c77-4f73-b6b9-e737b10a7f9e@group-B41F48618BA6-LeaderElection192] INFO  server.RaftServerConfigKeys (ConfUtils.java:logGet(43)) - raft.server.write.element-limit = 4096 (default)
2019-11-15 04:25:03,045 [b8480f98-5c77-4f73-b6b9-e737b10a7f9e@group-B41F48618BA6-LeaderElection192] INFO  server.RaftServerConfigKeys (ConfUtils.java:logGet(43)) - raft.server.watch.timeout = 10s (default)
2019-11-15 04:25:03,045 [b8480f98-5c77-4f73-b6b9-e737b10a7f9e@group-B41F48618BA6-LeaderElection192] INFO  server.RaftServerConfigKeys (ConfUtils.java:logGet(43)) - raft.server.watch.timeout.denomination = 1s (default)
2019-11-15 04:25:03,045 [b8480f98-5c77-4f73-b6b9-e737b10a7f9e@group-B41F48618BA6-LeaderElection192] INFO  server.RaftServerConfigKeys (ConfUtils.java:logGet(43)) - raft.server.watch.element-limit = 65536 (default)
2019-11-15 04:25:03,045 [b8480f98-5c77-4f73-b6b9-e737b10a7f9e@group-B41F48618BA6-LeaderElection192] INFO  server.RaftServerConfigKeys (ConfUtils.java:logGet(43)) - raft.server.log.appender.snapshot.chunk.size.max = 16MB (=16777216) (default)
2019-11-15 04:25:03,046 [b8480f98-5c77-4f73-b6b9-e737b10a7f9e@group-B41F48618BA6-LeaderElection192] INFO  server.RaftServerConfigKeys (ConfUtils.java:logGet(43)) - raft.server.log.appender.buffer.byte-limit = 33554432 (custom)
2019-11-15 04:25:03,046 [b8480f98-5c77-4f73-b6b9-e737b10a7f9e@group-B41F48618BA6-LeaderElection192] INFO  server.RaftServerConfigKeys (ConfUtils.java:logGet(43)) - raft.server.log.appender.buffer.element-limit = 1 (custom)
2019-11-15 04:25:03,046 [b8480f98-5c77-4f73-b6b9-e737b10a7f9e@group-B41F48618BA6-LeaderElection192] INFO  grpc.GrpcConfigKeys$Server (ConfUtils.java:logGet(43)) - raft.grpc.server.leader.outstanding.appends.max = 128 (default)
2019-11-15 04:25:03,046 [b8480f98-5c77-4f73-b6b9-e737b10a7f9e@group-B41F48618BA6-LeaderElection192] INFO  server.RaftServerConfigKeys (ConfUtils.java:logGet(43)) - raft.server.rpc.request.timeout = 3000ms (default)
2019-11-15 04:25:03,046 [b8480f98-5c77-4f73-b6b9-e737b10a7f9e@group-B41F48618BA6-LeaderElection192] INFO  server.RaftServerConfigKeys (ConfUtils.java:logGet(43)) - raft.server.log.appender.install.snapshot.enabled = false (custom)
2019-11-15 04:25:03,047 [b8480f98-5c77-4f73-b6b9-e737b10a7f9e@group-B41F48618BA6-LeaderElection192] INFO  server.RaftServerConfigKeys (ConfUtils.java:logGet(43)) - raft.server.log.appender.snapshot.chunk.size.max = 16MB (=16777216) (default)
2019-11-15 04:25:03,047 [b8480f98-5c77-4f73-b6b9-e737b10a7f9e@group-B41F48618BA6-LeaderElection192] INFO  server.RaftServerConfigKeys (ConfUtils.java:logGet(43)) - raft.server.log.appender.buffer.byte-limit = 33554432 (custom)
2019-11-15 04:25:03,047 [b8480f98-5c77-4f73-b6b9-e737b10a7f9e@group-B41F48618BA6-LeaderElection192] INFO  server.RaftServerConfigKeys (ConfUtils.java:logGet(43)) - raft.server.log.appender.buffer.element-limit = 1 (custom)
2019-11-15 04:25:03,047 [b8480f98-5c77-4f73-b6b9-e737b10a7f9e@group-B41F48618BA6-LeaderElection192] INFO  grpc.GrpcConfigKeys$Server (ConfUtils.java:logGet(43)) - raft.grpc.server.leader.outstanding.appends.max = 128 (default)
2019-11-15 04:25:03,047 [b8480f98-5c77-4f73-b6b9-e737b10a7f9e@group-B41F48618BA6-LeaderElection192] INFO  server.RaftServerConfigKeys (ConfUtils.java:logGet(43)) - raft.server.rpc.request.timeout = 3000ms (default)
2019-11-15 04:25:03,047 [b8480f98-5c77-4f73-b6b9-e737b10a7f9e@group-B41F48618BA6-LeaderElection192] INFO  server.RaftServerConfigKeys (ConfUtils.java:logGet(43)) - raft.server.log.appender.install.snapshot.enabled = false (custom)
2019-11-15 04:25:03,047 [b8480f98-5c77-4f73-b6b9-e737b10a7f9e@group-B41F48618BA6-LeaderElection192] INFO  impl.RoleInfo (RoleInfo.java:updateAndGet(143)) - b8480f98-5c77-4f73-b6b9-e737b10a7f9e: start LeaderState
2019-11-15 04:25:03,048 [b8480f98-5c77-4f73-b6b9-e737b10a7f9e@group-B41F48618BA6-LeaderElection192] INFO  segmented.SegmentedRaftLogWorker (SegmentedRaftLogWorker.java:rollLogSegment(390)) - b8480f98-5c77-4f73-b6b9-e737b10a7f9e@group-B41F48618BA6-SegmentedRaftLogWorker: Rolling segment log-0_4 to index:4
2019-11-15 04:25:03,049 [b8480f98-5c77-4f73-b6b9-e737b10a7f9e@group-B41F48618BA6-SegmentedRaftLogWorker] INFO  segmented.SegmentedRaftLogWorker (SegmentedRaftLogWorker.java:execute(533)) - b8480f98-5c77-4f73-b6b9-e737b10a7f9e@group-B41F48618BA6-SegmentedRaftLogWorker: Rolled log segment from /workdir/hadoop-ozone/integration-test/target/test-dir/MiniOzoneClusterImpl-b8077c48-d45a-4953-83b6-e1fc361e67bb/datanode-2/data/ratis/37bb1998-c457-4570-8a91-b41f48618ba6/current/log_inprogress_0 to /workdir/hadoop-ozone/integration-test/target/test-dir/MiniOzoneClusterImpl-b8077c48-d45a-4953-83b6-e1fc361e67bb/datanode-2/data/ratis/37bb1998-c457-4570-8a91-b41f48618ba6/current/log_0-4
2019-11-15 04:25:03,049 [grpc-default-executor-19] WARN  server.GrpcLogAppender (LogUtils.java:warn(134)) - b8480f98-5c77-4f73-b6b9-e737b10a7f9e@group-B41F48618BA6->f15e9ea2-ac28-4081-8e04-15028e251385-AppendLogResponseHandler: Failed appendEntries: org.apache.ratis.thirdparty.io.grpc.StatusRuntimeException: UNAVAILABLE: io exception
2019-11-15 04:25:03,050 [grpc-default-executor-19] INFO  impl.FollowerInfo (FollowerInfo.java:lambda$new$0(51)) - b8480f98-5c77-4f73-b6b9-e737b10a7f9e@group-B41F48618BA6->f15e9ea2-ac28-4081-8e04-15028e251385: nextIndex: updateUnconditionally 5 -> 1
2019-11-15 04:25:03,052 [grpc-default-executor-19] INFO  ratis.XceiverServerRatis (XceiverServerRatis.java:handleLeaderChangedNotification(733)) - Leader change notification received for group: group-B41F48618BA6 with new leaderId: b8480f98-5c77-4f73-b6b9-e737b10a7f9e
2019-11-15 04:25:03,052 [grpc-default-executor-19] INFO  impl.RaftServerImpl (ServerState.java:setLeader(255)) - be6365c1-8fb2-47f9-87b1-78a3fb38138b@group-B41F48618BA6: change Leader from null to b8480f98-5c77-4f73-b6b9-e737b10a7f9e at term 8 for appendEntries, leader elected after 4876ms
2019-11-15 04:25:03,060 [b8480f98-5c77-4f73-b6b9-e737b10a7f9e@group-B41F48618BA6-LeaderElection192] INFO  impl.RaftServerImpl (ServerState.java:setRaftConf(356)) - b8480f98-5c77-4f73-b6b9-e737b10a7f9e@group-B41F48618BA6: set configuration 5: [b8480f98-5c77-4f73-b6b9-e737b10a7f9e:192.168.34.61:32848, be6365c1-8fb2-47f9-87b1-78a3fb38138b:192.168.34.61:44393, f15e9ea2-ac28-4081-8e04-15028e251385:192.168.34.61:44094], old=null at 5
2019-11-15 04:25:03,066 [grpc-default-executor-19] INFO  impl.RaftServerImpl (ServerState.java:setRaftConf(356)) - be6365c1-8fb2-47f9-87b1-78a3fb38138b@group-B41F48618BA6: set configuration 5: [b8480f98-5c77-4f73-b6b9-e737b10a7f9e:192.168.34.61:32848, be6365c1-8fb2-47f9-87b1-78a3fb38138b:192.168.34.61:44393, f15e9ea2-ac28-4081-8e04-15028e251385:192.168.34.61:44094], old=null at 5
2019-11-15 04:25:03,066 [grpc-default-executor-19] INFO  segmented.SegmentedRaftLogWorker (SegmentedRaftLogWorker.java:rollLogSegment(390)) - be6365c1-8fb2-47f9-87b1-78a3fb38138b@group-B41F48618BA6-SegmentedRaftLogWorker: Rolling segment log-0_4 to index:4
2019-11-15 04:25:03,067 [be6365c1-8fb2-47f9-87b1-78a3fb38138b@group-B41F48618BA6-SegmentedRaftLogWorker] INFO  segmented.SegmentedRaftLogWorker (SegmentedRaftLogWorker.java:execute(533)) - be6365c1-8fb2-47f9-87b1-78a3fb38138b@group-B41F48618BA6-SegmentedRaftLogWorker: Rolled log segment from /workdir/hadoop-ozone/integration-test/target/test-dir/MiniOzoneClusterImpl-b8077c48-d45a-4953-83b6-e1fc361e67bb/datanode-1/data/ratis/37bb1998-c457-4570-8a91-b41f48618ba6/current/log_inprogress_0 to /workdir/hadoop-ozone/integration-test/target/test-dir/MiniOzoneClusterImpl-b8077c48-d45a-4953-83b6-e1fc361e67bb/datanode-1/data/ratis/37bb1998-c457-4570-8a91-b41f48618ba6/current/log_0-4
2019-11-15 04:25:03,090 [b8480f98-5c77-4f73-b6b9-e737b10a7f9e@group-B41F48618BA6-SegmentedRaftLogWorker] INFO  segmented.SegmentedRaftLogWorker (SegmentedRaftLogWorker.java:execute(576)) - b8480f98-5c77-4f73-b6b9-e737b10a7f9e@group-B41F48618BA6-SegmentedRaftLogWorker: created new log segment /workdir/hadoop-ozone/integration-test/target/test-dir/MiniOzoneClusterImpl-b8077c48-d45a-4953-83b6-e1fc361e67bb/datanode-2/data/ratis/37bb1998-c457-4570-8a91-b41f48618ba6/current/log_inprogress_5
2019-11-15 04:25:03,090 [be6365c1-8fb2-47f9-87b1-78a3fb38138b@group-B41F48618BA6-SegmentedRaftLogWorker] INFO  segmented.SegmentedRaftLogWorker (SegmentedRaftLogWorker.java:execute(576)) - be6365c1-8fb2-47f9-87b1-78a3fb38138b@group-B41F48618BA6-SegmentedRaftLogWorker: created new log segment /workdir/hadoop-ozone/integration-test/target/test-dir/MiniOzoneClusterImpl-b8077c48-d45a-4953-83b6-e1fc361e67bb/datanode-1/data/ratis/37bb1998-c457-4570-8a91-b41f48618ba6/current/log_inprogress_5
2019-11-15 04:25:03,111 [grpc-default-executor-19] WARN  server.GrpcLogAppender (LogUtils.java:warn(134)) - b8480f98-5c77-4f73-b6b9-e737b10a7f9e@group-B41F48618BA6->f15e9ea2-ac28-4081-8e04-15028e251385-AppendLogResponseHandler: Failed appendEntries: org.apache.ratis.thirdparty.io.grpc.StatusRuntimeException: UNAVAILABLE: io exception
2019-11-15 04:25:03,111 [grpc-default-executor-19] INFO  impl.FollowerInfo (FollowerInfo.java:lambda$new$0(51)) - b8480f98-5c77-4f73-b6b9-e737b10a7f9e@group-B41F48618BA6->f15e9ea2-ac28-4081-8e04-15028e251385: nextIndex: updateUnconditionally 2 -> 1
2019-11-15 04:25:03,119 [grpc-default-executor-19] WARN  server.GrpcLogAppender (LogUtils.java:warn(134)) - b8480f98-5c77-4f73-b6b9-e737b10a7f9e@group-B41F48618BA6->f15e9ea2-ac28-4081-8e04-15028e251385-AppendLogResponseHandler: Failed appendEntries: org.apache.ratis.thirdparty.io.grpc.StatusRuntimeException: UNAVAILABLE: io exception
2019-11-15 04:25:03,119 [grpc-default-executor-19] INFO  impl.FollowerInfo (FollowerInfo.java:lambda$new$0(51)) - b8480f98-5c77-4f73-b6b9-e737b10a7f9e@group-B41F48618BA6->f15e9ea2-ac28-4081-8e04-15028e251385: nextIndex: updateUnconditionally 2 -> 1
2019-11-15 04:25:03,620 [grpc-default-executor-16] WARN  server.GrpcLogAppender (LogUtils.java:warn(134)) - b8480f98-5c77-4f73-b6b9-e737b10a7f9e@group-B41F48618BA6->f15e9ea2-ac28-4081-8e04-15028e251385-AppendLogResponseHandler: Failed appendEntries: org.apache.ratis.thirdparty.io.grpc.StatusRuntimeException: UNAVAILABLE: io exception
2019-11-15 04:25:03,620 [grpc-default-executor-16] INFO  impl.FollowerInfo (FollowerInfo.java:lambda$new$0(51)) - b8480f98-5c77-4f73-b6b9-e737b10a7f9e@group-B41F48618BA6->f15e9ea2-ac28-4081-8e04-15028e251385: nextIndex: updateUnconditionally 1 -> 0
2019-11-15 04:25:04,120 [grpc-default-executor-1] WARN  server.GrpcLogAppender (LogUtils.java:warn(134)) - b8480f98-5c77-4f73-b6b9-e737b10a7f9e@group-B41F48618BA6->f15e9ea2-ac28-4081-8e04-15028e251385-AppendLogResponseHandler: Failed appendEntries: org.apache.ratis.thirdparty.io.grpc.StatusRuntimeException: UNAVAILABLE: io exception
2019-11-15 04:25:04,121 [grpc-default-executor-1] INFO  impl.FollowerInfo (FollowerInfo.java:lambda$new$0(51)) - b8480f98-5c77-4f73-b6b9-e737b10a7f9e@group-B41F48618BA6->f15e9ea2-ac28-4081-8e04-15028e251385: nextIndex: updateUnconditionally 0 -> 0
2019-11-15 04:25:04,622 [grpc-default-executor-16] WARN  server.GrpcLogAppender (LogUtils.java:warn(134)) - b8480f98-5c77-4f73-b6b9-e737b10a7f9e@group-B41F48618BA6->f15e9ea2-ac28-4081-8e04-15028e251385-AppendLogResponseHandler: Failed appendEntries: org.apache.ratis.thirdparty.io.grpc.StatusRuntimeException: UNAVAILABLE: io exception
2019-11-15 04:25:04,622 [grpc-default-executor-16] INFO  impl.FollowerInfo (FollowerInfo.java:lambda$new$0(51)) - b8480f98-5c77-4f73-b6b9-e737b10a7f9e@group-B41F48618BA6->f15e9ea2-ac28-4081-8e04-15028e251385: nextIndex: updateUnconditionally 0 -> 0
2019-11-15 04:25:04,660 [main] WARN  io.KeyOutputStream (KeyOutputStream.java:handleException(274)) - Encountered exception java.io.IOException: Unexpected Storage Container Exception: java.util.concurrent.CompletionException: java.util.concurrent.CompletionException: org.apache.ratis.protocol.RaftRetryFailureException: Failed RaftClientRequest:client-00263F65CEB9->be6365c1-8fb2-47f9-87b1-78a3fb38138b@group-B41F48618BA6, cid=36, seq=4*, RW, cmdType: WriteChunk
traceID: "67eb08bec03ba157:67eb08bec03ba157:0:0"
containerID: 1
datanodeUuid: "f15e9ea2-ac28-4081-8e04-15028e251385"
writeChunk {
  blockID {
    containerID: 1
    localID: 103140025298386956
    blockCommitSequenceId: 2
  }
  chunkData {
    chunkName: "103140025298386956_chunk_2"
    offset: 0
    len: 1048576
    checksumData {
      type: CRC32
      bytesPerChecksum: 1048576
      checksums: "}6l\324"
    }
  }
}
, data.size=1048576 for 10 attempts with RetryLimited(maxAttempts=10, sleepTime=1000ms) on the pipeline Pipeline[ Id: 37bb1998-c457-4570-8a91-b41f48618ba6, Nodes: f15e9ea2-ac28-4081-8e04-15028e251385{ip: 192.168.34.61, host: trunk-nightly-20191115-sgx8w-1801196118, networkLocation: /rack1, certSerialId: null}be6365c1-8fb2-47f9-87b1-78a3fb38138b{ip: 192.168.34.61, host: trunk-nightly-20191115-sgx8w-1801196118, networkLocation: /rack1, certSerialId: null}b8480f98-5c77-4f73-b6b9-e737b10a7f9e{ip: 192.168.34.61, host: trunk-nightly-20191115-sgx8w-1801196118, networkLocation: /rack1, certSerialId: null}, Type:RATIS, Factor:THREE, State:OPEN]. The last committed block length is 1048576, uncommitted data length is 2097152 retry count 0
2019-11-15 04:25:04,660 [main] INFO  io.BlockOutputStreamEntryPool (BlockOutputStreamEntryPool.java:allocateNewBlock(257)) - Allocating block with ExcludeList {datanodes = [], containerIds = [], pipelineIds = [PipelineID=37bb1998-c457-4570-8a91-b41f48618ba6]}
2019-11-15 04:25:05,124 [grpc-default-executor-1] WARN  server.GrpcLogAppender (LogUtils.java:warn(134)) - b8480f98-5c77-4f73-b6b9-e737b10a7f9e@group-B41F48618BA6->f15e9ea2-ac28-4081-8e04-15028e251385-AppendLogResponseHandler: Failed appendEntries: org.apache.ratis.thirdparty.io.grpc.StatusRuntimeException: UNAVAILABLE: io exception
2019-11-15 04:25:05,125 [grpc-default-executor-1] INFO  impl.FollowerInfo (FollowerInfo.java:lambda$new$0(51)) - b8480f98-5c77-4f73-b6b9-e737b10a7f9e@group-B41F48618BA6->f15e9ea2-ac28-4081-8e04-15028e251385: nextIndex: updateUnconditionally 0 -> 0
2019-11-15 04:25:05,625 [grpc-default-executor-1] WARN  server.GrpcLogAppender (LogUtils.java:warn(134)) - b8480f98-5c77-4f73-b6b9-e737b10a7f9e@group-B41F48618BA6->f15e9ea2-ac28-4081-8e04-15028e251385-AppendLogResponseHandler: Failed appendEntries: org.apache.ratis.thirdparty.io.grpc.StatusRuntimeException: UNAVAILABLE: io exception
2019-11-15 04:25:05,627 [grpc-default-executor-1] INFO  impl.FollowerInfo (FollowerInfo.java:lambda$new$0(51)) - b8480f98-5c77-4f73-b6b9-e737b10a7f9e@group-B41F48618BA6->f15e9ea2-ac28-4081-8e04-15028e251385: nextIndex: updateUnconditionally 0 -> 0
2019-11-15 04:25:06,125 [grpc-default-executor-16] WARN  server.GrpcLogAppender (LogUtils.java:warn(134)) - b8480f98-5c77-4f73-b6b9-e737b10a7f9e@group-B41F48618BA6->f15e9ea2-ac28-4081-8e04-15028e251385-AppendLogResponseHandler: Failed appendEntries: org.apache.ratis.thirdparty.io.grpc.StatusRuntimeException: UNAVAILABLE: io exception
2019-11-15 04:25:06,126 [grpc-default-executor-16] INFO  impl.FollowerInfo (FollowerInfo.java:lambda$new$0(51)) - b8480f98-5c77-4f73-b6b9-e737b10a7f9e@group-B41F48618BA6->f15e9ea2-ac28-4081-8e04-15028e251385: nextIndex: updateUnconditionally 0 -> 0
2019-11-15 04:25:06,626 [grpc-default-executor-16] WARN  server.GrpcLogAppender (LogUtils.java:warn(134)) - b8480f98-5c77-4f73-b6b9-e737b10a7f9e@group-B41F48618BA6->f15e9ea2-ac28-4081-8e04-15028e251385-AppendLogResponseHandler: Failed appendEntries: org.apache.ratis.thirdparty.io.grpc.StatusRuntimeException: UNAVAILABLE: io exception
2019-11-15 04:25:06,627 [grpc-default-executor-16] INFO  impl.FollowerInfo (FollowerInfo.java:lambda$new$0(51)) - b8480f98-5c77-4f73-b6b9-e737b10a7f9e@group-B41F48618BA6->f15e9ea2-ac28-4081-8e04-15028e251385: nextIndex: updateUnconditionally 0 -> 0
2019-11-15 04:25:07,127 [grpc-default-executor-16] WARN  server.GrpcLogAppender (LogUtils.java:warn(134)) - b8480f98-5c77-4f73-b6b9-e737b10a7f9e@group-B41F48618BA6->f15e9ea2-ac28-4081-8e04-15028e251385-AppendLogResponseHandler: Failed appendEntries: org.apache.ratis.thirdparty.io.grpc.StatusRuntimeException: UNAVAILABLE: io exception
2019-11-15 04:25:07,127 [grpc-default-executor-16] INFO  impl.FollowerInfo (FollowerInfo.java:lambda$new$0(51)) - b8480f98-5c77-4f73-b6b9-e737b10a7f9e@group-B41F48618BA6->f15e9ea2-ac28-4081-8e04-15028e251385: nextIndex: updateUnconditionally 0 -> 0
2019-11-15 04:25:07,630 [grpc-default-executor-19] WARN  server.GrpcLogAppender (LogUtils.java:warn(134)) - b8480f98-5c77-4f73-b6b9-e737b10a7f9e@group-B41F48618BA6->f15e9ea2-ac28-4081-8e04-15028e251385-AppendLogResponseHandler: Failed appendEntries: org.apache.ratis.thirdparty.io.grpc.StatusRuntimeException: UNAVAILABLE: io exception
2019-11-15 04:25:07,631 [grpc-default-executor-19] INFO  impl.FollowerInfo (FollowerInfo.java:lambda$new$0(51)) - b8480f98-5c77-4f73-b6b9-e737b10a7f9e@group-B41F48618BA6->f15e9ea2-ac28-4081-8e04-15028e251385: nextIndex: updateUnconditionally 0 -> 0
2019-11-15 04:25:08,132 [grpc-default-executor-1] WARN  server.GrpcLogAppender (LogUtils.java:warn(134)) - b8480f98-5c77-4f73-b6b9-e737b10a7f9e@group-B41F48618BA6->f15e9ea2-ac28-4081-8e04-15028e251385-AppendLogResponseHandler: Failed appendEntries: org.apache.ratis.thirdparty.io.grpc.StatusRuntimeException: UNAVAILABLE: io exception
2019-11-15 04:25:08,134 [grpc-default-executor-1] INFO  impl.FollowerInfo (FollowerInfo.java:lambda$new$0(51)) - b8480f98-5c77-4f73-b6b9-e737b10a7f9e@group-B41F48618BA6->f15e9ea2-ac28-4081-8e04-15028e251385: nextIndex: updateUnconditionally 0 -> 0
2019-11-15 04:25:08,632 [grpc-default-executor-19] WARN  server.GrpcLogAppender (LogUtils.java:warn(134)) - b8480f98-5c77-4f73-b6b9-e737b10a7f9e@group-B41F48618BA6->f15e9ea2-ac28-4081-8e04-15028e251385-AppendLogResponseHandler: Failed appendEntries: org.apache.ratis.thirdparty.io.grpc.StatusRuntimeException: UNAVAILABLE: io exception
2019-11-15 04:25:08,632 [grpc-default-executor-19] INFO  impl.FollowerInfo (FollowerInfo.java:lambda$new$0(51)) - b8480f98-5c77-4f73-b6b9-e737b10a7f9e@group-B41F48618BA6->f15e9ea2-ac28-4081-8e04-15028e251385: nextIndex: updateUnconditionally 0 -> 0
2019-11-15 04:25:08,751 [main] INFO  ozone.MiniOzoneClusterImpl (MiniOzoneClusterImpl.java:shutdown(334)) - Shutting down the Mini Ozone Cluster
2019-11-15 04:25:08,752 [main] INFO  ozone.MiniOzoneClusterImpl (MiniOzoneClusterImpl.java:stop(350)) - Stopping the Mini Ozone Cluster
2019-11-15 04:25:08,752 [main] INFO  ozone.MiniOzoneClusterImpl (MiniOzoneClusterImpl.java:stopOM(420)) - Stopping the OzoneManager
2019-11-15 04:25:08,752 [main] INFO  ipc.Server (Server.java:stop(3082)) - Stopping server on 38870
2019-11-15 04:25:08,765 [IPC Server listener on 38870] INFO  ipc.Server (Server.java:run(1185)) - Stopping IPC Server listener on 38870
2019-11-15 04:25:08,765 [IPC Server Responder] INFO  ipc.Server (Server.java:run(1319)) - Stopping IPC Server Responder
2019-11-15 04:25:08,765 [main] INFO  ratis.OzoneManagerDoubleBuffer (OzoneManagerDoubleBuffer.java:stop(261)) - Stopping OMDoubleBuffer flush thread
2019-11-15 04:25:08,783 [OMDoubleBufferFlushThread] INFO  ratis.OzoneManagerDoubleBuffer (OzoneManagerDoubleBuffer.java:flushTransactions(199)) - OMDoubleBuffer flush thread OMDoubleBufferFlushThread is interrupted and will exit. OMDoubleBufferFlushThread
2019-11-15 04:25:08,789 [main] INFO  utils.BackgroundService (BackgroundService.java:shutdown(151)) - Shutting down service KeyDeletingService
2019-11-15 04:25:08,791 [main] INFO  handler.ContextHandler (ContextHandler.java:doStop(910)) - Stopped o.e.j.w.WebAppContext@578c3fd9{/,null,UNAVAILABLE}{/ozoneManager}
2019-11-15 04:25:08,792 [main] INFO  server.AbstractConnector (AbstractConnector.java:doStop(318)) - Stopped ServerConnector@245cb8df{HTTP/1.1,[http/1.1]}{0.0.0.0:0}
2019-11-15 04:25:08,792 [main] INFO  handler.ContextHandler (ContextHandler.java:doStop(910)) - Stopped o.e.j.s.ServletContextHandler@70c29356{/static,file:///workdir/hadoop-ozone/integration-test/target/test-classes/webapps/static,UNAVAILABLE}
2019-11-15 04:25:08,793 [main] INFO  handler.ContextHandler (ContextHandler.java:doStop(910)) - Stopped o.e.j.s.ServletContextHandler@147cc940{/logs,file:///workdir/hadoop-ozone/integration-test/target/log,UNAVAILABLE}
2019-11-15 04:25:08,796 [main] INFO  ozone.MiniOzoneClusterImpl (MiniOzoneClusterImpl.java:stopDatanodes(397)) - Stopping the HddsDatanodes
2019-11-15 04:25:09,045 [Datanode State Machine Thread - 0] INFO  statemachine.DatanodeStateMachine (DatanodeStateMachine.java:lambda$startDaemon$0(361)) - Ozone container server started.
2019-11-15 04:25:09,132 [grpc-default-executor-1] WARN  server.GrpcLogAppender (LogUtils.java:warn(134)) - b8480f98-5c77-4f73-b6b9-e737b10a7f9e@group-B41F48618BA6->f15e9ea2-ac28-4081-8e04-15028e251385-AppendLogResponseHandler: Failed appendEntries: org.apache.ratis.thirdparty.io.grpc.StatusRuntimeException: UNAVAILABLE: io exception
2019-11-15 04:25:09,133 [grpc-default-executor-1] INFO  impl.FollowerInfo (FollowerInfo.java:lambda$new$0(51)) - b8480f98-5c77-4f73-b6b9-e737b10a7f9e@group-B41F48618BA6->f15e9ea2-ac28-4081-8e04-15028e251385: nextIndex: updateUnconditionally 0 -> 0
2019-11-15 04:25:09,579 [Datanode State Machine Thread - 0] INFO  statemachine.DatanodeStateMachine (DatanodeStateMachine.java:lambda$startDaemon$0(361)) - Ozone container server started.
2019-11-15 04:25:09,633 [grpc-default-executor-16] WARN  server.GrpcLogAppender (LogUtils.java:warn(134)) - b8480f98-5c77-4f73-b6b9-e737b10a7f9e@group-B41F48618BA6->f15e9ea2-ac28-4081-8e04-15028e251385-AppendLogResponseHandler: Failed appendEntries: org.apache.ratis.thirdparty.io.grpc.StatusRuntimeException: UNAVAILABLE: io exception
2019-11-15 04:25:09,633 [grpc-default-executor-16] INFO  impl.FollowerInfo (FollowerInfo.java:lambda$new$0(51)) - b8480f98-5c77-4f73-b6b9-e737b10a7f9e@group-B41F48618BA6->f15e9ea2-ac28-4081-8e04-15028e251385: nextIndex: updateUnconditionally 0 -> 0
2019-11-15 04:25:10,134 [grpc-default-executor-19] WARN  server.GrpcLogAppender (LogUtils.java:warn(134)) - b8480f98-5c77-4f73-b6b9-e737b10a7f9e@group-B41F48618BA6->f15e9ea2-ac28-4081-8e04-15028e251385-AppendLogResponseHandler: Failed appendEntries: org.apache.ratis.thirdparty.io.grpc.StatusRuntimeException: UNAVAILABLE: io exception
2019-11-15 04:25:10,134 [grpc-default-executor-19] INFO  impl.FollowerInfo (FollowerInfo.java:lambda$new$0(51)) - b8480f98-5c77-4f73-b6b9-e737b10a7f9e@group-B41F48618BA6->f15e9ea2-ac28-4081-8e04-15028e251385: nextIndex: updateUnconditionally 0 -> 0
2019-11-15 04:25:10,634 [grpc-default-executor-19] WARN  server.GrpcLogAppender (LogUtils.java:warn(134)) - b8480f98-5c77-4f73-b6b9-e737b10a7f9e@group-B41F48618BA6->f15e9ea2-ac28-4081-8e04-15028e251385-AppendLogResponseHandler: Failed appendEntries: org.apache.ratis.thirdparty.io.grpc.StatusRuntimeException: UNAVAILABLE: io exception
2019-11-15 04:25:10,634 [grpc-default-executor-19] INFO  impl.FollowerInfo (FollowerInfo.java:lambda$new$0(51)) - b8480f98-5c77-4f73-b6b9-e737b10a7f9e@group-B41F48618BA6->f15e9ea2-ac28-4081-8e04-15028e251385: nextIndex: updateUnconditionally 0 -> 0
2019-11-15 04:25:11,135 [grpc-default-executor-19] WARN  server.GrpcLogAppender (LogUtils.java:warn(134)) - b8480f98-5c77-4f73-b6b9-e737b10a7f9e@group-B41F48618BA6->f15e9ea2-ac28-4081-8e04-15028e251385-AppendLogResponseHandler: Failed appendEntries: org.apache.ratis.thirdparty.io.grpc.StatusRuntimeException: UNAVAILABLE: io exception
2019-11-15 04:25:11,135 [grpc-default-executor-19] INFO  impl.FollowerInfo (FollowerInfo.java:lambda$new$0(51)) - b8480f98-5c77-4f73-b6b9-e737b10a7f9e@group-B41F48618BA6->f15e9ea2-ac28-4081-8e04-15028e251385: nextIndex: updateUnconditionally 0 -> 0
2019-11-15 04:25:11,635 [grpc-default-executor-19] WARN  server.GrpcLogAppender (LogUtils.java:warn(134)) - b8480f98-5c77-4f73-b6b9-e737b10a7f9e@group-B41F48618BA6->f15e9ea2-ac28-4081-8e04-15028e251385-AppendLogResponseHandler: Failed appendEntries: org.apache.ratis.thirdparty.io.grpc.StatusRuntimeException: UNAVAILABLE: io exception
2019-11-15 04:25:11,636 [grpc-default-executor-19] INFO  impl.FollowerInfo (FollowerInfo.java:lambda$new$0(51)) - b8480f98-5c77-4f73-b6b9-e737b10a7f9e@group-B41F48618BA6->f15e9ea2-ac28-4081-8e04-15028e251385: nextIndex: updateUnconditionally 0 -> 0
2019-11-15 04:25:12,136 [grpc-default-executor-19] WARN  server.GrpcLogAppender (LogUtils.java:warn(134)) - b8480f98-5c77-4f73-b6b9-e737b10a7f9e@group-B41F48618BA6->f15e9ea2-ac28-4081-8e04-15028e251385-AppendLogResponseHandler: Failed appendEntries: org.apache.ratis.thirdparty.io.grpc.StatusRuntimeException: UNAVAILABLE: io exception
2019-11-15 04:25:12,137 [grpc-default-executor-19] INFO  impl.FollowerInfo (FollowerInfo.java:lambda$new$0(51)) - b8480f98-5c77-4f73-b6b9-e737b10a7f9e@group-B41F48618BA6->f15e9ea2-ac28-4081-8e04-15028e251385: nextIndex: updateUnconditionally 0 -> 0
2019-11-15 04:25:12,637 [grpc-default-executor-19] WARN  server.GrpcLogAppender (LogUtils.java:warn(134)) - b8480f98-5c77-4f73-b6b9-e737b10a7f9e@group-B41F48618BA6->f15e9ea2-ac28-4081-8e04-15028e251385-AppendLogResponseHandler: Failed appendEntries: org.apache.ratis.thirdparty.io.grpc.StatusRuntimeException: UNAVAILABLE: io exception
2019-11-15 04:25:12,637 [grpc-default-executor-19] INFO  impl.FollowerInfo (FollowerInfo.java:lambda$new$0(51)) - b8480f98-5c77-4f73-b6b9-e737b10a7f9e@group-B41F48618BA6->f15e9ea2-ac28-4081-8e04-15028e251385: nextIndex: updateUnconditionally 0 -> 0
2019-11-15 04:25:13,137 [grpc-default-executor-16] WARN  server.GrpcLogAppender (LogUtils.java:warn(134)) - b8480f98-5c77-4f73-b6b9-e737b10a7f9e@group-B41F48618BA6->f15e9ea2-ac28-4081-8e04-15028e251385-AppendLogResponseHandler: Failed appendEntries: org.apache.ratis.thirdparty.io.grpc.StatusRuntimeException: UNAVAILABLE: io exception
2019-11-15 04:25:13,138 [grpc-default-executor-16] INFO  impl.FollowerInfo (FollowerInfo.java:lambda$new$0(51)) - b8480f98-5c77-4f73-b6b9-e737b10a7f9e@group-B41F48618BA6->f15e9ea2-ac28-4081-8e04-15028e251385: nextIndex: updateUnconditionally 0 -> 0
2019-11-15 04:25:13,638 [grpc-default-executor-16] WARN  server.GrpcLogAppender (LogUtils.java:warn(134)) - b8480f98-5c77-4f73-b6b9-e737b10a7f9e@group-B41F48618BA6->f15e9ea2-ac28-4081-8e04-15028e251385-AppendLogResponseHandler: Failed appendEntries: org.apache.ratis.thirdparty.io.grpc.StatusRuntimeException: UNAVAILABLE: io exception
2019-11-15 04:25:13,638 [grpc-default-executor-16] INFO  impl.FollowerInfo (FollowerInfo.java:lambda$new$0(51)) - b8480f98-5c77-4f73-b6b9-e737b10a7f9e@group-B41F48618BA6->f15e9ea2-ac28-4081-8e04-15028e251385: nextIndex: updateUnconditionally 0 -> 0
2019-11-15 04:25:13,797 [ForkJoinPool.commonPool-worker-0] INFO  ozoneimpl.OzoneContainer (OzoneContainer.java:stop(244)) - Attempting to stop container services.
2019-11-15 04:25:13,797 [main] INFO  ozoneimpl.OzoneContainer (OzoneContainer.java:stop(244)) - Attempting to stop container services.
2019-11-15 04:25:13,797 [ForkJoinPool.commonPool-worker-0] INFO  impl.RaftServerProxy (RaftServerProxy.java:lambda$close$4(314)) - b8480f98-5c77-4f73-b6b9-e737b10a7f9e: close
2019-11-15 04:25:13,797 [main] INFO  impl.RaftServerProxy (RaftServerProxy.java:lambda$close$4(314)) - ed7fcdca-26e4-49e6-a038-f4a6d52e370d: close
2019-11-15 04:25:13,798 [ForkJoinPool.commonPool-worker-0] INFO  impl.RaftServerImpl (RaftServerImpl.java:lambda$shutdown$3(250)) - b8480f98-5c77-4f73-b6b9-e737b10a7f9e@group-80736278A2FF: shutdown
2019-11-15 04:25:13,798 [main] INFO  impl.RaftServerImpl (RaftServerImpl.java:lambda$shutdown$3(250)) - ed7fcdca-26e4-49e6-a038-f4a6d52e370d@group-1F0597F7C030: shutdown
2019-11-15 04:25:13,798 [ForkJoinPool.commonPool-worker-0] INFO  util.JmxRegister (JmxRegister.java:unregister(73)) - Successfully un-registered JMX Bean with object name Ratis:service=RaftServer,group=group-80736278A2FF,id=b8480f98-5c77-4f73-b6b9-e737b10a7f9e
2019-11-15 04:25:13,798 [main] INFO  util.JmxRegister (JmxRegister.java:unregister(73)) - Successfully un-registered JMX Bean with object name Ratis:service=RaftServer,group=group-1F0597F7C030,id=ed7fcdca-26e4-49e6-a038-f4a6d52e370d
2019-11-15 04:25:13,799 [main] INFO  impl.RoleInfo (RoleInfo.java:shutdownFollowerState(121)) - ed7fcdca-26e4-49e6-a038-f4a6d52e370d: shutdown FollowerState
2019-11-15 04:25:13,799 [ForkJoinPool.commonPool-worker-0] INFO  impl.RoleInfo (RoleInfo.java:shutdownLeaderState(104)) - b8480f98-5c77-4f73-b6b9-e737b10a7f9e: shutdown LeaderState
2019-11-15 04:25:13,799 [Thread-3645] INFO  impl.FollowerState (FollowerState.java:run(120)) - ed7fcdca-26e4-49e6-a038-f4a6d52e370d@group-1F0597F7C030-FollowerState was interrupted: java.lang.InterruptedException: sleep interrupted
2019-11-15 04:25:13,799 [main] INFO  impl.StateMachineUpdater (StateMachineUpdater.java:stopAndJoin(136)) - ed7fcdca-26e4-49e6-a038-f4a6d52e370d@group-1F0597F7C030-StateMachineUpdater: set stopIndex = 0
2019-11-15 04:25:13,799 [ForkJoinPool.commonPool-worker-0] INFO  impl.PendingRequests (PendingRequests.java:sendNotLeaderResponses(206)) - b8480f98-5c77-4f73-b6b9-e737b10a7f9e@group-80736278A2FF-PendingRequests: sendNotLeaderResponses
2019-11-15 04:25:13,799 [main] INFO  impl.RaftServerImpl (ServerState.java:close(387)) - ed7fcdca-26e4-49e6-a038-f4a6d52e370d@group-1F0597F7C030: closes. applyIndex: 0
2019-11-15 04:25:13,800 [ForkJoinPool.commonPool-worker-0] INFO  impl.StateMachineUpdater (StateMachineUpdater.java:stopAndJoin(136)) - b8480f98-5c77-4f73-b6b9-e737b10a7f9e@group-80736278A2FF-StateMachineUpdater: set stopIndex = 0
2019-11-15 04:25:13,800 [ed7fcdca-26e4-49e6-a038-f4a6d52e370d@group-1F0597F7C030-SegmentedRaftLogWorker] INFO  segmented.SegmentedRaftLogWorker (SegmentedRaftLogWorker.java:run(316)) - ed7fcdca-26e4-49e6-a038-f4a6d52e370d@group-1F0597F7C030-SegmentedRaftLogWorker was interrupted, exiting. There are 0 tasks remaining in the queue.
2019-11-15 04:25:13,800 [ForkJoinPool.commonPool-worker-0] INFO  impl.RaftServerImpl (ServerState.java:close(387)) - b8480f98-5c77-4f73-b6b9-e737b10a7f9e@group-80736278A2FF: closes. applyIndex: 0
2019-11-15 04:25:13,802 [main] INFO  segmented.SegmentedRaftLogWorker (SegmentedRaftLogWorker.java:close(224)) - ed7fcdca-26e4-49e6-a038-f4a6d52e370d@group-1F0597F7C030-SegmentedRaftLogWorker close()
2019-11-15 04:25:13,803 [b8480f98-5c77-4f73-b6b9-e737b10a7f9e@group-80736278A2FF-SegmentedRaftLogWorker] INFO  segmented.SegmentedRaftLogWorker (SegmentedRaftLogWorker.java:run(316)) - b8480f98-5c77-4f73-b6b9-e737b10a7f9e@group-80736278A2FF-SegmentedRaftLogWorker was interrupted, exiting. There are 0 tasks remaining in the queue.
2019-11-15 04:25:13,805 [main] INFO  impl.RaftServerImpl (RaftServerImpl.java:lambda$shutdown$3(250)) - ed7fcdca-26e4-49e6-a038-f4a6d52e370d@group-903109CB5148: shutdown
2019-11-15 04:25:13,806 [ForkJoinPool.commonPool-worker-0] INFO  segmented.SegmentedRaftLogWorker (SegmentedRaftLogWorker.java:close(224)) - b8480f98-5c77-4f73-b6b9-e737b10a7f9e@group-80736278A2FF-SegmentedRaftLogWorker close()
2019-11-15 04:25:13,806 [main] INFO  util.JmxRegister (JmxRegister.java:unregister(73)) - Successfully un-registered JMX Bean with object name Ratis:service=RaftServer,group=group-903109CB5148,id=ed7fcdca-26e4-49e6-a038-f4a6d52e370d
2019-11-15 04:25:13,809 [main] INFO  impl.RoleInfo (RoleInfo.java:shutdownLeaderState(104)) - ed7fcdca-26e4-49e6-a038-f4a6d52e370d: shutdown LeaderState
2019-11-15 04:25:13,809 [ForkJoinPool.commonPool-worker-0] INFO  impl.RaftServerImpl (RaftServerImpl.java:lambda$shutdown$3(250)) - b8480f98-5c77-4f73-b6b9-e737b10a7f9e@group-B41F48618BA6: shutdown
2019-11-15 04:25:13,809 [main] INFO  impl.PendingRequests (PendingRequests.java:sendNotLeaderResponses(206)) - ed7fcdca-26e4-49e6-a038-f4a6d52e370d@group-903109CB5148-PendingRequests: sendNotLeaderResponses
2019-11-15 04:25:13,809 [ForkJoinPool.commonPool-worker-0] INFO  util.JmxRegister (JmxRegister.java:unregister(73)) - Successfully un-registered JMX Bean with object name Ratis:service=RaftServer,group=group-B41F48618BA6,id=b8480f98-5c77-4f73-b6b9-e737b10a7f9e
2019-11-15 04:25:13,809 [main] INFO  impl.StateMachineUpdater (StateMachineUpdater.java:stopAndJoin(136)) - ed7fcdca-26e4-49e6-a038-f4a6d52e370d@group-903109CB5148-StateMachineUpdater: set stopIndex = 0
2019-11-15 04:25:13,810 [main] INFO  impl.RaftServerImpl (ServerState.java:close(387)) - ed7fcdca-26e4-49e6-a038-f4a6d52e370d@group-903109CB5148: closes. applyIndex: 0
2019-11-15 04:25:13,810 [ForkJoinPool.commonPool-worker-0] INFO  impl.RoleInfo (RoleInfo.java:shutdownLeaderState(104)) - b8480f98-5c77-4f73-b6b9-e737b10a7f9e: shutdown LeaderState
2019-11-15 04:25:13,810 [ed7fcdca-26e4-49e6-a038-f4a6d52e370d@group-903109CB5148-SegmentedRaftLogWorker] INFO  segmented.SegmentedRaftLogWorker (SegmentedRaftLogWorker.java:run(316)) - ed7fcdca-26e4-49e6-a038-f4a6d52e370d@group-903109CB5148-SegmentedRaftLogWorker was interrupted, exiting. There are 0 tasks remaining in the queue.
2019-11-15 04:25:13,812 [org.apache.ratis.server.impl.LogAppender$AppenderDaemon$$Lambda$1148/648630451@3dd535f0] WARN  server.GrpcLogAppender (GrpcLogAppender.java:mayWait(151)) - b8480f98-5c77-4f73-b6b9-e737b10a7f9e@group-B41F48618BA6->be6365c1-8fb2-47f9-87b1-78a3fb38138b-GrpcLogAppender: Wait interrupted by java.lang.InterruptedException
2019-11-15 04:25:13,812 [ForkJoinPool.commonPool-worker-0] INFO  impl.PendingRequests (PendingRequests.java:sendNotLeaderResponses(206)) - b8480f98-5c77-4f73-b6b9-e737b10a7f9e@group-B41F48618BA6-PendingRequests: sendNotLeaderResponses
2019-11-15 04:25:13,812 [org.apache.ratis.server.impl.LogAppender$AppenderDaemon$$Lambda$1148/648630451@57af858] WARN  server.GrpcLogAppender (GrpcLogAppender.java:mayWait(151)) - b8480f98-5c77-4f73-b6b9-e737b10a7f9e@group-B41F48618BA6->f15e9ea2-ac28-4081-8e04-15028e251385-GrpcLogAppender: Wait interrupted by java.lang.InterruptedException
2019-11-15 04:25:13,814 [main] INFO  segmented.SegmentedRaftLogWorker (SegmentedRaftLogWorker.java:close(224)) - ed7fcdca-26e4-49e6-a038-f4a6d52e370d@group-903109CB5148-SegmentedRaftLogWorker close()
2019-11-15 04:25:13,814 [ForkJoinPool.commonPool-worker-0] INFO  impl.StateMachineUpdater (StateMachineUpdater.java:stopAndJoin(136)) - b8480f98-5c77-4f73-b6b9-e737b10a7f9e@group-B41F48618BA6-StateMachineUpdater: set stopIndex = 6
2019-11-15 04:25:13,814 [grpc-default-executor-16] INFO  server.GrpcServerProtocolService (GrpcServerProtocolService.java:onCompleted(113)) - be6365c1-8fb2-47f9-87b1-78a3fb38138b: Completed APPEND_ENTRIES, lastRequest: b8480f98-5c77-4f73-b6b9-e737b10a7f9e->be6365c1-8fb2-47f9-87b1-78a3fb38138b#23-t8, previous=(t:8, i:6), leaderCommit=6, initializing? false, entries: <empty>
2019-11-15 04:25:13,816 [b8480f98-5c77-4f73-b6b9-e737b10a7f9e@group-B41F48618BA6-StateMachineUpdater] INFO  ratis.ContainerStateMachine (ContainerStateMachine.java:takeSnapshot(285)) - group-B41F48618BA6: Taking a snapshot at:(t:3, i:2) file /workdir/hadoop-ozone/integration-test/target/test-dir/MiniOzoneClusterImpl-b8077c48-d45a-4953-83b6-e1fc361e67bb/datanode-2/data/ratis/37bb1998-c457-4570-8a91-b41f48618ba6/sm/snapshot.3_2
2019-11-15 04:25:13,816 [main] INFO  server.GrpcService (GrpcService.java:closeImpl(164)) - ed7fcdca-26e4-49e6-a038-f4a6d52e370d: shutdown server with port 44989 now
2019-11-15 04:25:13,818 [grpc-default-executor-19] INFO  server.GrpcLogAppender (GrpcLogAppender.java:onCompleted(308)) - b8480f98-5c77-4f73-b6b9-e737b10a7f9e@group-B41F48618BA6->be6365c1-8fb2-47f9-87b1-78a3fb38138b-AppendLogResponseHandler: follower responses appendEntries COMPLETED
2019-11-15 04:25:13,820 [grpc-default-executor-1] WARN  server.GrpcServerProtocolService (LogUtils.java:warn(134)) - ed7fcdca-26e4-49e6-a038-f4a6d52e370d: installSnapshot onError, lastRequest: 64e09b31-9ee8-424d-be17-3e0ab51a0c68->ed7fcdca-26e4-49e6-a038-f4a6d52e370d#49-t1, previous=(t:1, i:0), leaderCommit=0, initializing? false, entries: <empty>: org.apache.ratis.thirdparty.io.grpc.StatusRuntimeException: CANCELLED: cancelled before receiving half close
2019-11-15 04:25:13,820 [grpc-default-executor-19] INFO  impl.FollowerInfo (FollowerInfo.java:lambda$new$0(51)) - b8480f98-5c77-4f73-b6b9-e737b10a7f9e@group-B41F48618BA6->be6365c1-8fb2-47f9-87b1-78a3fb38138b: nextIndex: updateUnconditionally 7 -> 6
2019-11-15 04:25:13,820 [main] INFO  server.GrpcService (GrpcService.java:closeImpl(172)) - ed7fcdca-26e4-49e6-a038-f4a6d52e370d: shutdown server with port 44989 successfully
2019-11-15 04:25:13,822 [grpc-default-executor-18] WARN  server.GrpcLogAppender (LogUtils.java:warn(134)) - 64e09b31-9ee8-424d-be17-3e0ab51a0c68@group-1F0597F7C030->ed7fcdca-26e4-49e6-a038-f4a6d52e370d-AppendLogResponseHandler: Failed appendEntries: org.apache.ratis.thirdparty.io.grpc.StatusRuntimeException: CANCELLED: HTTP/2 error code: CANCEL
Received Rst Stream
2019-11-15 04:25:13,822 [grpc-default-executor-18] INFO  impl.FollowerInfo (FollowerInfo.java:lambda$new$0(51)) - 64e09b31-9ee8-424d-be17-3e0ab51a0c68@group-1F0597F7C030->ed7fcdca-26e4-49e6-a038-f4a6d52e370d: nextIndex: updateUnconditionally 1 -> 0
2019-11-15 04:25:13,823 [refreshUsed-/workdir/hadoop-ozone/integration-test/target/test-dir/MiniOzoneClusterImpl-b8077c48-d45a-4953-83b6-e1fc361e67bb/datanode-5/data/containers] WARN  fs.CachingGetSpaceUsed (CachingGetSpaceUsed.java:run(183)) - Thread Interrupted waiting to refresh disk information: sleep interrupted
2019-11-15 04:25:13,838 [main] INFO  utils.BackgroundService (BackgroundService.java:shutdown(151)) - Shutting down service BlockDeletingService
2019-11-15 04:25:13,852 [main] INFO  statemachine.DatanodeStateMachine (DatanodeStateMachine.java:stopDaemon(406)) - Ozone container server stopped.
2019-11-15 04:25:13,852 [b8480f98-5c77-4f73-b6b9-e737b10a7f9e@group-B41F48618BA6-StateMachineUpdater] INFO  ratis.ContainerStateMachine (ContainerStateMachine.java:takeSnapshot(296)) - group-B41F48618BA6: Finished taking a snapshot at:(t:3, i:2) file:/workdir/hadoop-ozone/integration-test/target/test-dir/MiniOzoneClusterImpl-b8077c48-d45a-4953-83b6-e1fc361e67bb/datanode-2/data/ratis/37bb1998-c457-4570-8a91-b41f48618ba6/sm/snapshot.3_2 time:38
2019-11-15 04:25:13,853 [b8480f98-5c77-4f73-b6b9-e737b10a7f9e@group-B41F48618BA6-StateMachineUpdater] INFO  impl.StateMachineUpdater (StateMachineUpdater.java:takeSnapshot(269)) - b8480f98-5c77-4f73-b6b9-e737b10a7f9e@group-B41F48618BA6-StateMachineUpdater: Took a snapshot at index 2
2019-11-15 04:25:13,853 [b8480f98-5c77-4f73-b6b9-e737b10a7f9e@group-B41F48618BA6-StateMachineUpdater] INFO  impl.StateMachineUpdater (StateMachineUpdater.java:lambda$new$0(84)) - b8480f98-5c77-4f73-b6b9-e737b10a7f9e@group-B41F48618BA6-StateMachineUpdater: snapshotIndex: updateIncreasingly -1 -> 2
2019-11-15 04:25:13,853 [b8480f98-5c77-4f73-b6b9-e737b10a7f9e@group-B41F48618BA6-StateMachineUpdater] INFO  ratis.ContainerStateMachine (ContainerStateMachine.java:takeSnapshot(285)) - group-B41F48618BA6: Taking a snapshot at:(t:3, i:2) file /workdir/hadoop-ozone/integration-test/target/test-dir/MiniOzoneClusterImpl-b8077c48-d45a-4953-83b6-e1fc361e67bb/datanode-2/data/ratis/37bb1998-c457-4570-8a91-b41f48618ba6/sm/snapshot.3_2
2019-11-15 04:25:13,853 [main] INFO  handler.ContextHandler (ContextHandler.java:doStop(910)) - Stopped o.e.j.w.WebAppContext@677349fb{/,null,UNAVAILABLE}{/hddsDatanode}
2019-11-15 04:25:13,854 [main] INFO  server.AbstractConnector (AbstractConnector.java:doStop(318)) - Stopped ServerConnector@4466cf5d{HTTP/1.1,[http/1.1]}{0.0.0.0:0}
2019-11-15 04:25:13,854 [main] INFO  handler.ContextHandler (ContextHandler.java:doStop(910)) - Stopped o.e.j.s.ServletContextHandler@66451058{/static,jar:file:/home/user/.m2/repository/org/apache/hadoop/hadoop-hdds-container-service/0.5.0-SNAPSHOT/hadoop-hdds-container-service-0.5.0-SNAPSHOT.jar!/webapps/static,UNAVAILABLE}
2019-11-15 04:25:13,855 [main] INFO  handler.ContextHandler (ContextHandler.java:doStop(910)) - Stopped o.e.j.s.ServletContextHandler@8f57e4c{/logs,file:///workdir/hadoop-ozone/integration-test/target/log,UNAVAILABLE}
2019-11-15 04:25:13,875 [b8480f98-5c77-4f73-b6b9-e737b10a7f9e@group-B41F48618BA6-StateMachineUpdater] INFO  ratis.ContainerStateMachine (ContainerStateMachine.java:takeSnapshot(296)) - group-B41F48618BA6: Finished taking a snapshot at:(t:3, i:2) file:/workdir/hadoop-ozone/integration-test/target/test-dir/MiniOzoneClusterImpl-b8077c48-d45a-4953-83b6-e1fc361e67bb/datanode-2/data/ratis/37bb1998-c457-4570-8a91-b41f48618ba6/sm/snapshot.3_2 time:21
2019-11-15 04:25:13,875 [b8480f98-5c77-4f73-b6b9-e737b10a7f9e@group-B41F48618BA6-StateMachineUpdater] INFO  impl.StateMachineUpdater (StateMachineUpdater.java:takeSnapshot(269)) - b8480f98-5c77-4f73-b6b9-e737b10a7f9e@group-B41F48618BA6-StateMachineUpdater: Took a snapshot at index 2
2019-11-15 04:25:13,875 [b8480f98-5c77-4f73-b6b9-e737b10a7f9e@group-B41F48618BA6-StateMachineUpdater] INFO  impl.StateMachineUpdater (StateMachineUpdater.java:lambda$new$0(84)) - b8480f98-5c77-4f73-b6b9-e737b10a7f9e@group-B41F48618BA6-StateMachineUpdater: snapshotIndex: updateIncreasingly 2 -> 2
2019-11-15 04:25:13,876 [ForkJoinPool.commonPool-worker-0] INFO  impl.RaftServerImpl (ServerState.java:close(387)) - b8480f98-5c77-4f73-b6b9-e737b10a7f9e@group-B41F48618BA6: closes. applyIndex: 6
2019-11-15 04:25:13,876 [b8480f98-5c77-4f73-b6b9-e737b10a7f9e@group-B41F48618BA6-SegmentedRaftLogWorker] INFO  segmented.SegmentedRaftLogWorker (SegmentedRaftLogWorker.java:run(316)) - b8480f98-5c77-4f73-b6b9-e737b10a7f9e@group-B41F48618BA6-SegmentedRaftLogWorker was interrupted, exiting. There are 0 tasks remaining in the queue.
2019-11-15 04:25:13,879 [ForkJoinPool.commonPool-worker-0] INFO  segmented.SegmentedRaftLogWorker (SegmentedRaftLogWorker.java:close(224)) - b8480f98-5c77-4f73-b6b9-e737b10a7f9e@group-B41F48618BA6-SegmentedRaftLogWorker close()
2019-11-15 04:25:13,886 [ForkJoinPool.commonPool-worker-0] INFO  server.GrpcService (GrpcService.java:closeImpl(164)) - b8480f98-5c77-4f73-b6b9-e737b10a7f9e: shutdown server with port 32848 now
2019-11-15 04:25:13,887 [ForkJoinPool.commonPool-worker-0] INFO  server.GrpcService (GrpcService.java:closeImpl(172)) - b8480f98-5c77-4f73-b6b9-e737b10a7f9e: shutdown server with port 32848 successfully
2019-11-15 04:25:13,889 [refreshUsed-/workdir/hadoop-ozone/integration-test/target/test-dir/MiniOzoneClusterImpl-b8077c48-d45a-4953-83b6-e1fc361e67bb/datanode-2/data/containers] WARN  fs.CachingGetSpaceUsed (CachingGetSpaceUsed.java:run(183)) - Thread Interrupted waiting to refresh disk information: sleep interrupted
2019-11-15 04:25:13,902 [ForkJoinPool.commonPool-worker-0] INFO  utils.BackgroundService (BackgroundService.java:shutdown(151)) - Shutting down service BlockDeletingService
2019-11-15 04:25:13,904 [ForkJoinPool.commonPool-worker-0] INFO  statemachine.DatanodeStateMachine (DatanodeStateMachine.java:stopDaemon(406)) - Ozone container server stopped.
2019-11-15 04:25:13,908 [ForkJoinPool.commonPool-worker-0] INFO  handler.ContextHandler (ContextHandler.java:doStop(910)) - Stopped o.e.j.w.WebAppContext@42d9e8d2{/,null,UNAVAILABLE}{/hddsDatanode}
2019-11-15 04:25:13,909 [ForkJoinPool.commonPool-worker-0] INFO  server.AbstractConnector (AbstractConnector.java:doStop(318)) - Stopped ServerConnector@4b93dd6a{HTTP/1.1,[http/1.1]}{0.0.0.0:0}
2019-11-15 04:25:13,910 [ForkJoinPool.commonPool-worker-0] INFO  handler.ContextHandler (ContextHandler.java:doStop(910)) - Stopped o.e.j.s.ServletContextHandler@55d8c2c4{/static,jar:file:/home/user/.m2/repository/org/apache/hadoop/hadoop-hdds-container-service/0.5.0-SNAPSHOT/hadoop-hdds-container-service-0.5.0-SNAPSHOT.jar!/webapps/static,UNAVAILABLE}
2019-11-15 04:25:13,911 [ForkJoinPool.commonPool-worker-0] INFO  handler.ContextHandler (ContextHandler.java:doStop(910)) - Stopped o.e.j.s.ServletContextHandler@7ac5b4c{/logs,file:///workdir/hadoop-ozone/integration-test/target/log,UNAVAILABLE}
2019-11-15 04:25:14,300 [grpc-default-executor-16] WARN  server.GrpcLogAppender (LogUtils.java:warn(134)) - 64e09b31-9ee8-424d-be17-3e0ab51a0c68@group-1F0597F7C030->ed7fcdca-26e4-49e6-a038-f4a6d52e370d-AppendLogResponseHandler: Failed appendEntries: org.apache.ratis.thirdparty.io.grpc.StatusRuntimeException: UNAVAILABLE: io exception
2019-11-15 04:25:14,300 [grpc-default-executor-16] INFO  impl.FollowerInfo (FollowerInfo.java:lambda$new$0(51)) - 64e09b31-9ee8-424d-be17-3e0ab51a0c68@group-1F0597F7C030->ed7fcdca-26e4-49e6-a038-f4a6d52e370d: nextIndex: updateUnconditionally 0 -> 0
2019-11-15 04:25:14,581 [Datanode State Machine Thread - 0] INFO  statemachine.DatanodeStateMachine (DatanodeStateMachine.java:lambda$startDaemon$0(361)) - Ozone container server started.
2019-11-15 04:25:14,800 [grpc-default-executor-1] WARN  server.GrpcLogAppender (LogUtils.java:warn(134)) - 64e09b31-9ee8-424d-be17-3e0ab51a0c68@group-1F0597F7C030->ed7fcdca-26e4-49e6-a038-f4a6d52e370d-AppendLogResponseHandler: Failed appendEntries: org.apache.ratis.thirdparty.io.grpc.StatusRuntimeException: UNAVAILABLE: io exception
2019-11-15 04:25:14,801 [grpc-default-executor-1] INFO  impl.FollowerInfo (FollowerInfo.java:lambda$new$0(51)) - 64e09b31-9ee8-424d-be17-3e0ab51a0c68@group-1F0597F7C030->ed7fcdca-26e4-49e6-a038-f4a6d52e370d: nextIndex: updateUnconditionally 0 -> 0
2019-11-15 04:25:14,854 [Datanode State Machine Thread - 0] INFO  statemachine.DatanodeStateMachine (DatanodeStateMachine.java:lambda$startDaemon$0(361)) - Ozone container server started.
2019-11-15 04:25:14,967 [Thread-3883] INFO  impl.FollowerState (FollowerState.java:run(111)) - be6365c1-8fb2-47f9-87b1-78a3fb38138b@group-B41F48618BA6-FollowerState: change to CANDIDATE, lastRpcTime:1283ms, electionTimeout:1032ms
2019-11-15 04:25:14,967 [Thread-3883] INFO  impl.RoleInfo (RoleInfo.java:shutdownFollowerState(121)) - be6365c1-8fb2-47f9-87b1-78a3fb38138b: shutdown FollowerState
2019-11-15 04:25:14,967 [Thread-3883] INFO  impl.RaftServerImpl (RaftServerImpl.java:setRole(173)) - be6365c1-8fb2-47f9-87b1-78a3fb38138b@group-B41F48618BA6: changes role from  FOLLOWER to CANDIDATE at term 8 for changeToCandidate
2019-11-15 04:25:14,967 [Thread-3883] INFO  impl.RoleInfo (RoleInfo.java:updateAndGet(143)) - be6365c1-8fb2-47f9-87b1-78a3fb38138b: start LeaderElection
2019-11-15 04:25:14,968 [be6365c1-8fb2-47f9-87b1-78a3fb38138b@group-B41F48618BA6-LeaderElection193] INFO  impl.RaftServerImpl (ServerState.java:setLeader(255)) - be6365c1-8fb2-47f9-87b1-78a3fb38138b@group-B41F48618BA6: change Leader from b8480f98-5c77-4f73-b6b9-e737b10a7f9e to null at term 8 for initElection
2019-11-15 04:25:15,007 [be6365c1-8fb2-47f9-87b1-78a3fb38138b@group-B41F48618BA6-LeaderElection193] INFO  impl.LeaderElection (LeaderElection.java:askForVotes(178)) - be6365c1-8fb2-47f9-87b1-78a3fb38138b@group-B41F48618BA6-LeaderElection193: begin an election at term 9 for 5: [b8480f98-5c77-4f73-b6b9-e737b10a7f9e:192.168.34.61:32848, be6365c1-8fb2-47f9-87b1-78a3fb38138b:192.168.34.61:44393, f15e9ea2-ac28-4081-8e04-15028e251385:192.168.34.61:44094], old=null
2019-11-15 04:25:15,008 [be6365c1-8fb2-47f9-87b1-78a3fb38138b@group-B41F48618BA6-LeaderElection193] INFO  impl.LeaderElection (LogUtils.java:infoOrTrace(149)) - be6365c1-8fb2-47f9-87b1-78a3fb38138b@group-B41F48618BA6-LeaderElection193 got exception when requesting votes: {}
java.util.concurrent.ExecutionException: org.apache.ratis.thirdparty.io.grpc.StatusRuntimeException: UNAVAILABLE: io exception
	at java.util.concurrent.FutureTask.report(FutureTask.java:122)
	at java.util.concurrent.FutureTask.get(FutureTask.java:192)
	at org.apache.ratis.server.impl.LeaderElection.waitForResults(LeaderElection.java:259)
	at org.apache.ratis.server.impl.LeaderElection.askForVotes(LeaderElection.java:197)
	at org.apache.ratis.server.impl.LeaderElection.run(LeaderElection.java:133)
	at java.lang.Thread.run(Thread.java:748)
Caused by: org.apache.ratis.thirdparty.io.grpc.StatusRuntimeException: UNAVAILABLE: io exception
	at org.apache.ratis.thirdparty.io.grpc.stub.ClientCalls.toStatusRuntimeException(ClientCalls.java:233)
	at org.apache.ratis.thirdparty.io.grpc.stub.ClientCalls.getUnchecked(ClientCalls.java:214)
	at org.apache.ratis.thirdparty.io.grpc.stub.ClientCalls.blockingUnaryCall(ClientCalls.java:139)
	at org.apache.ratis.proto.grpc.RaftServerProtocolServiceGrpc$RaftServerProtocolServiceBlockingStub.requestVote(RaftServerProtocolServiceGrpc.java:265)
	at org.apache.ratis.grpc.server.GrpcServerProtocolClient.requestVote(GrpcServerProtocolClient.java:99)
	at org.apache.ratis.grpc.server.GrpcService.requestVote(GrpcService.java:204)
	at org.apache.ratis.server.impl.LeaderElection.lambda$submitRequests$1(LeaderElection.java:234)
	at java.util.concurrent.FutureTask.run(FutureTask.java:266)
	at java.util.concurrent.Executors$RunnableAdapter.call(Executors.java:511)
	at java.util.concurrent.FutureTask.run(FutureTask.java:266)
	at java.util.concurrent.ThreadPoolExecutor.runWorker(ThreadPoolExecutor.java:1149)
	at java.util.concurrent.ThreadPoolExecutor$Worker.run(ThreadPoolExecutor.java:624)
	... 1 more
Caused by: org.apache.ratis.thirdparty.io.netty.channel.AbstractChannel$AnnotatedConnectException: Connection refused: /192.168.34.61:44094
	at sun.nio.ch.SocketChannelImpl.checkConnect(Native Method)
	at sun.nio.ch.SocketChannelImpl.finishConnect(SocketChannelImpl.java:717)
	at org.apache.ratis.thirdparty.io.netty.channel.socket.nio.NioSocketChannel.doFinishConnect(NioSocketChannel.java:327)
	at org.apache.ratis.thirdparty.io.netty.channel.nio.AbstractNioChannel$AbstractNioUnsafe.finishConnect(AbstractNioChannel.java:340)
	at org.apache.ratis.thirdparty.io.netty.channel.nio.NioEventLoop.processSelectedKey(NioEventLoop.java:632)
	at org.apache.ratis.thirdparty.io.netty.channel.nio.NioEventLoop.processSelectedKeysOptimized(NioEventLoop.java:579)
	at org.apache.ratis.thirdparty.io.netty.channel.nio.NioEventLoop.processSelectedKeys(NioEventLoop.java:496)
	at org.apache.ratis.thirdparty.io.netty.channel.nio.NioEventLoop.run(NioEventLoop.java:458)
	at org.apache.ratis.thirdparty.io.netty.util.concurrent.SingleThreadEventExecutor$5.run(SingleThreadEventExecutor.java:897)
	at org.apache.ratis.thirdparty.io.netty.util.concurrent.FastThreadLocalRunnable.run(FastThreadLocalRunnable.java:30)
	... 1 more
Caused by: java.net.ConnectException: Connection refused
	... 11 more
2019-11-15 04:25:15,009 [be6365c1-8fb2-47f9-87b1-78a3fb38138b@group-B41F48618BA6-LeaderElection193] INFO  impl.LeaderElection (LogUtils.java:infoOrTrace(149)) - be6365c1-8fb2-47f9-87b1-78a3fb38138b@group-B41F48618BA6-LeaderElection193 got exception when requesting votes: {}
java.util.concurrent.ExecutionException: org.apache.ratis.thirdparty.io.grpc.StatusRuntimeException: UNAVAILABLE: io exception
	at java.util.concurrent.FutureTask.report(FutureTask.java:122)
	at java.util.concurrent.FutureTask.get(FutureTask.java:192)
	at org.apache.ratis.server.impl.LeaderElection.waitForResults(LeaderElection.java:259)
	at org.apache.ratis.server.impl.LeaderElection.askForVotes(LeaderElection.java:197)
	at org.apache.ratis.server.impl.LeaderElection.run(LeaderElection.java:133)
	at java.lang.Thread.run(Thread.java:748)
Caused by: org.apache.ratis.thirdparty.io.grpc.StatusRuntimeException: UNAVAILABLE: io exception
	at org.apache.ratis.thirdparty.io.grpc.stub.ClientCalls.toStatusRuntimeException(ClientCalls.java:233)
	at org.apache.ratis.thirdparty.io.grpc.stub.ClientCalls.getUnchecked(ClientCalls.java:214)
	at org.apache.ratis.thirdparty.io.grpc.stub.ClientCalls.blockingUnaryCall(ClientCalls.java:139)
	at org.apache.ratis.proto.grpc.RaftServerProtocolServiceGrpc$RaftServerProtocolServiceBlockingStub.requestVote(RaftServerProtocolServiceGrpc.java:265)
	at org.apache.ratis.grpc.server.GrpcServerProtocolClient.requestVote(GrpcServerProtocolClient.java:99)
	at org.apache.ratis.grpc.server.GrpcService.requestVote(GrpcService.java:204)
	at org.apache.ratis.server.impl.LeaderElection.lambda$submitRequests$1(LeaderElection.java:234)
	at java.util.concurrent.FutureTask.run(FutureTask.java:266)
	at java.util.concurrent.Executors$RunnableAdapter.call(Executors.java:511)
	at java.util.concurrent.FutureTask.run(FutureTask.java:266)
	at java.util.concurrent.ThreadPoolExecutor.runWorker(ThreadPoolExecutor.java:1149)
	at java.util.concurrent.ThreadPoolExecutor$Worker.run(ThreadPoolExecutor.java:624)
	... 1 more
Caused by: org.apache.ratis.thirdparty.io.netty.channel.AbstractChannel$AnnotatedConnectException: Connection refused: /192.168.34.61:32848
	at sun.nio.ch.SocketChannelImpl.checkConnect(Native Method)
	at sun.nio.ch.SocketChannelImpl.finishConnect(SocketChannelImpl.java:717)
	at org.apache.ratis.thirdparty.io.netty.channel.socket.nio.NioSocketChannel.doFinishConnect(NioSocketChannel.java:327)
	at org.apache.ratis.thirdparty.io.netty.channel.nio.AbstractNioChannel$AbstractNioUnsafe.finishConnect(AbstractNioChannel.java:340)
	at org.apache.ratis.thirdparty.io.netty.channel.nio.NioEventLoop.processSelectedKey(NioEventLoop.java:632)
	at org.apache.ratis.thirdparty.io.netty.channel.nio.NioEventLoop.processSelectedKeysOptimized(NioEventLoop.java:579)
	at org.apache.ratis.thirdparty.io.netty.channel.nio.NioEventLoop.processSelectedKeys(NioEventLoop.java:496)
	at org.apache.ratis.thirdparty.io.netty.channel.nio.NioEventLoop.run(NioEventLoop.java:458)
	at org.apache.ratis.thirdparty.io.netty.util.concurrent.SingleThreadEventExecutor$5.run(SingleThreadEventExecutor.java:897)
	at org.apache.ratis.thirdparty.io.netty.util.concurrent.FastThreadLocalRunnable.run(FastThreadLocalRunnable.java:30)
	... 1 more
Caused by: java.net.ConnectException: Connection refused
	... 11 more
2019-11-15 04:25:15,010 [be6365c1-8fb2-47f9-87b1-78a3fb38138b@group-B41F48618BA6-LeaderElection193] INFO  impl.LeaderElection (LeaderElection.java:logAndReturn(56)) - be6365c1-8fb2-47f9-87b1-78a3fb38138b@group-B41F48618BA6-LeaderElection193: Election REJECTED; received 0 response(s) [] and 2 exception(s); be6365c1-8fb2-47f9-87b1-78a3fb38138b@group-B41F48618BA6:t9, leader=null, voted=be6365c1-8fb2-47f9-87b1-78a3fb38138b, raftlog=be6365c1-8fb2-47f9-87b1-78a3fb38138b@group-B41F48618BA6-SegmentedRaftLog:OPENED:c6,f6,i6, conf=5: [b8480f98-5c77-4f73-b6b9-e737b10a7f9e:192.168.34.61:32848, be6365c1-8fb2-47f9-87b1-78a3fb38138b:192.168.34.61:44393, f15e9ea2-ac28-4081-8e04-15028e251385:192.168.34.61:44094], old=null
2019-11-15 04:25:15,010 [be6365c1-8fb2-47f9-87b1-78a3fb38138b@group-B41F48618BA6-LeaderElection193] INFO  impl.LeaderElection (LogUtils.java:infoOrTrace(149)) -   Exception 0: {}
java.util.concurrent.ExecutionException: org.apache.ratis.thirdparty.io.grpc.StatusRuntimeException: UNAVAILABLE: io exception
	at java.util.concurrent.FutureTask.report(FutureTask.java:122)
	at java.util.concurrent.FutureTask.get(FutureTask.java:192)
	at org.apache.ratis.server.impl.LeaderElection.waitForResults(LeaderElection.java:259)
	at org.apache.ratis.server.impl.LeaderElection.askForVotes(LeaderElection.java:197)
	at org.apache.ratis.server.impl.LeaderElection.run(LeaderElection.java:133)
	at java.lang.Thread.run(Thread.java:748)
Caused by: org.apache.ratis.thirdparty.io.grpc.StatusRuntimeException: UNAVAILABLE: io exception
	at org.apache.ratis.thirdparty.io.grpc.stub.ClientCalls.toStatusRuntimeException(ClientCalls.java:233)
	at org.apache.ratis.thirdparty.io.grpc.stub.ClientCalls.getUnchecked(ClientCalls.java:214)
	at org.apache.ratis.thirdparty.io.grpc.stub.ClientCalls.blockingUnaryCall(ClientCalls.java:139)
	at org.apache.ratis.proto.grpc.RaftServerProtocolServiceGrpc$RaftServerProtocolServiceBlockingStub.requestVote(RaftServerProtocolServiceGrpc.java:265)
	at org.apache.ratis.grpc.server.GrpcServerProtocolClient.requestVote(GrpcServerProtocolClient.java:99)
	at org.apache.ratis.grpc.server.GrpcService.requestVote(GrpcService.java:204)
	at org.apache.ratis.server.impl.LeaderElection.lambda$submitRequests$1(LeaderElection.java:234)
	at java.util.concurrent.FutureTask.run(FutureTask.java:266)
	at java.util.concurrent.Executors$RunnableAdapter.call(Executors.java:511)
	at java.util.concurrent.FutureTask.run(FutureTask.java:266)
	at java.util.concurrent.ThreadPoolExecutor.runWorker(ThreadPoolExecutor.java:1149)
	at java.util.concurrent.ThreadPoolExecutor$Worker.run(ThreadPoolExecutor.java:624)
	... 1 more
Caused by: org.apache.ratis.thirdparty.io.netty.channel.AbstractChannel$AnnotatedConnectException: Connection refused: /192.168.34.61:44094
	at sun.nio.ch.SocketChannelImpl.checkConnect(Native Method)
	at sun.nio.ch.SocketChannelImpl.finishConnect(SocketChannelImpl.java:717)
	at org.apache.ratis.thirdparty.io.netty.channel.socket.nio.NioSocketChannel.doFinishConnect(NioSocketChannel.java:327)
	at org.apache.ratis.thirdparty.io.netty.channel.nio.AbstractNioChannel$AbstractNioUnsafe.finishConnect(AbstractNioChannel.java:340)
	at org.apache.ratis.thirdparty.io.netty.channel.nio.NioEventLoop.processSelectedKey(NioEventLoop.java:632)
	at org.apache.ratis.thirdparty.io.netty.channel.nio.NioEventLoop.processSelectedKeysOptimized(NioEventLoop.java:579)
	at org.apache.ratis.thirdparty.io.netty.channel.nio.NioEventLoop.processSelectedKeys(NioEventLoop.java:496)
	at org.apache.ratis.thirdparty.io.netty.channel.nio.NioEventLoop.run(NioEventLoop.java:458)
	at org.apache.ratis.thirdparty.io.netty.util.concurrent.SingleThreadEventExecutor$5.run(SingleThreadEventExecutor.java:897)
	at org.apache.ratis.thirdparty.io.netty.util.concurrent.FastThreadLocalRunnable.run(FastThreadLocalRunnable.java:30)
	... 1 more
Caused by: java.net.ConnectException: Connection refused
	... 11 more
2019-11-15 04:25:15,010 [be6365c1-8fb2-47f9-87b1-78a3fb38138b@group-B41F48618BA6-LeaderElection193] INFO  impl.LeaderElection (LogUtils.java:infoOrTrace(149)) -   Exception 1: {}
java.util.concurrent.ExecutionException: org.apache.ratis.thirdparty.io.grpc.StatusRuntimeException: UNAVAILABLE: io exception
	at java.util.concurrent.FutureTask.report(FutureTask.java:122)
	at java.util.concurrent.FutureTask.get(FutureTask.java:192)
	at org.apache.ratis.server.impl.LeaderElection.waitForResults(LeaderElection.java:259)
	at org.apache.ratis.server.impl.LeaderElection.askForVotes(LeaderElection.java:197)
	at org.apache.ratis.server.impl.LeaderElection.run(LeaderElection.java:133)
	at java.lang.Thread.run(Thread.java:748)
Caused by: org.apache.ratis.thirdparty.io.grpc.StatusRuntimeException: UNAVAILABLE: io exception
	at org.apache.ratis.thirdparty.io.grpc.stub.ClientCalls.toStatusRuntimeException(ClientCalls.java:233)
	at org.apache.ratis.thirdparty.io.grpc.stub.ClientCalls.getUnchecked(ClientCalls.java:214)
	at org.apache.ratis.thirdparty.io.grpc.stub.ClientCalls.blockingUnaryCall(ClientCalls.java:139)
	at org.apache.ratis.proto.grpc.RaftServerProtocolServiceGrpc$RaftServerProtocolServiceBlockingStub.requestVote(RaftServerProtocolServiceGrpc.java:265)
	at org.apache.ratis.grpc.server.GrpcServerProtocolClient.requestVote(GrpcServerProtocolClient.java:99)
	at org.apache.ratis.grpc.server.GrpcService.requestVote(GrpcService.java:204)
	at org.apache.ratis.server.impl.LeaderElection.lambda$submitRequests$1(LeaderElection.java:234)
	at java.util.concurrent.FutureTask.run(FutureTask.java:266)
	at java.util.concurrent.Executors$RunnableAdapter.call(Executors.java:511)
	at java.util.concurrent.FutureTask.run(FutureTask.java:266)
	at java.util.concurrent.ThreadPoolExecutor.runWorker(ThreadPoolExecutor.java:1149)
	at java.util.concurrent.ThreadPoolExecutor$Worker.run(ThreadPoolExecutor.java:624)
	... 1 more
Caused by: org.apache.ratis.thirdparty.io.netty.channel.AbstractChannel$AnnotatedConnectException: Connection refused: /192.168.34.61:32848
	at sun.nio.ch.SocketChannelImpl.checkConnect(Native Method)
	at sun.nio.ch.SocketChannelImpl.finishConnect(SocketChannelImpl.java:717)
	at org.apache.ratis.thirdparty.io.netty.channel.socket.nio.NioSocketChannel.doFinishConnect(NioSocketChannel.java:327)
	at org.apache.ratis.thirdparty.io.netty.channel.nio.AbstractNioChannel$AbstractNioUnsafe.finishConnect(AbstractNioChannel.java:340)
	at org.apache.ratis.thirdparty.io.netty.channel.nio.NioEventLoop.processSelectedKey(NioEventLoop.java:632)
	at org.apache.ratis.thirdparty.io.netty.channel.nio.NioEventLoop.processSelectedKeysOptimized(NioEventLoop.java:579)
	at org.apache.ratis.thirdparty.io.netty.channel.nio.NioEventLoop.processSelectedKeys(NioEventLoop.java:496)
	at org.apache.ratis.thirdparty.io.netty.channel.nio.NioEventLoop.run(NioEventLoop.java:458)
	at org.apache.ratis.thirdparty.io.netty.util.concurrent.SingleThreadEventExecutor$5.run(SingleThreadEventExecutor.java:897)
	at org.apache.ratis.thirdparty.io.netty.util.concurrent.FastThreadLocalRunnable.run(FastThreadLocalRunnable.java:30)
	... 1 more
Caused by: java.net.ConnectException: Connection refused
	... 11 more
2019-11-15 04:25:15,010 [be6365c1-8fb2-47f9-87b1-78a3fb38138b@group-B41F48618BA6-LeaderElection193] INFO  impl.RaftServerImpl (RaftServerImpl.java:setRole(173)) - be6365c1-8fb2-47f9-87b1-78a3fb38138b@group-B41F48618BA6: changes role from CANDIDATE to FOLLOWER at term 9 for DISCOVERED_A_NEW_TERM
2019-11-15 04:25:15,011 [be6365c1-8fb2-47f9-87b1-78a3fb38138b@group-B41F48618BA6-LeaderElection193] INFO  impl.RoleInfo (RoleInfo.java:shutdownLeaderElection(134)) - be6365c1-8fb2-47f9-87b1-78a3fb38138b: shutdown LeaderElection
2019-11-15 04:25:15,011 [be6365c1-8fb2-47f9-87b1-78a3fb38138b@group-B41F48618BA6-LeaderElection193] INFO  impl.RoleInfo (RoleInfo.java:updateAndGet(143)) - be6365c1-8fb2-47f9-87b1-78a3fb38138b: start FollowerState
2019-11-15 04:25:15,302 [grpc-default-executor-1] WARN  server.GrpcLogAppender (LogUtils.java:warn(134)) - 64e09b31-9ee8-424d-be17-3e0ab51a0c68@group-1F0597F7C030->ed7fcdca-26e4-49e6-a038-f4a6d52e370d-AppendLogResponseHandler: Failed appendEntries: org.apache.ratis.thirdparty.io.grpc.StatusRuntimeException: UNAVAILABLE: io exception
2019-11-15 04:25:15,302 [grpc-default-executor-1] INFO  impl.FollowerInfo (FollowerInfo.java:lambda$new$0(51)) - 64e09b31-9ee8-424d-be17-3e0ab51a0c68@group-1F0597F7C030->ed7fcdca-26e4-49e6-a038-f4a6d52e370d: nextIndex: updateUnconditionally 0 -> 0
2019-11-15 04:25:15,802 [grpc-default-executor-1] WARN  server.GrpcLogAppender (LogUtils.java:warn(134)) - 64e09b31-9ee8-424d-be17-3e0ab51a0c68@group-1F0597F7C030->ed7fcdca-26e4-49e6-a038-f4a6d52e370d-AppendLogResponseHandler: Failed appendEntries: org.apache.ratis.thirdparty.io.grpc.StatusRuntimeException: UNAVAILABLE: io exception
2019-11-15 04:25:15,803 [grpc-default-executor-1] INFO  impl.FollowerInfo (FollowerInfo.java:lambda$new$0(51)) - 64e09b31-9ee8-424d-be17-3e0ab51a0c68@group-1F0597F7C030->ed7fcdca-26e4-49e6-a038-f4a6d52e370d: nextIndex: updateUnconditionally 0 -> 0
2019-11-15 04:25:16,074 [Thread-4031] INFO  impl.FollowerState (FollowerState.java:run(111)) - be6365c1-8fb2-47f9-87b1-78a3fb38138b@group-B41F48618BA6-FollowerState: change to CANDIDATE, lastRpcTime:1063ms, electionTimeout:1063ms
2019-11-15 04:25:16,074 [Thread-4031] INFO  impl.RoleInfo (RoleInfo.java:shutdownFollowerState(121)) - be6365c1-8fb2-47f9-87b1-78a3fb38138b: shutdown FollowerState
2019-11-15 04:25:16,074 [Thread-4031] INFO  impl.RaftServerImpl (RaftServerImpl.java:setRole(173)) - be6365c1-8fb2-47f9-87b1-78a3fb38138b@group-B41F48618BA6: changes role from  FOLLOWER to CANDIDATE at term 9 for changeToCandidate
2019-11-15 04:25:16,075 [Thread-4031] INFO  impl.RoleInfo (RoleInfo.java:updateAndGet(143)) - be6365c1-8fb2-47f9-87b1-78a3fb38138b: start LeaderElection
2019-11-15 04:25:16,145 [be6365c1-8fb2-47f9-87b1-78a3fb38138b@group-B41F48618BA6-LeaderElection194] INFO  impl.LeaderElection (LeaderElection.java:askForVotes(178)) - be6365c1-8fb2-47f9-87b1-78a3fb38138b@group-B41F48618BA6-LeaderElection194: begin an election at term 10 for 5: [b8480f98-5c77-4f73-b6b9-e737b10a7f9e:192.168.34.61:32848, be6365c1-8fb2-47f9-87b1-78a3fb38138b:192.168.34.61:44393, f15e9ea2-ac28-4081-8e04-15028e251385:192.168.34.61:44094], old=null
2019-11-15 04:25:16,146 [be6365c1-8fb2-47f9-87b1-78a3fb38138b@group-B41F48618BA6-LeaderElection194] INFO  impl.LeaderElection (LogUtils.java:infoOrTrace(149)) - be6365c1-8fb2-47f9-87b1-78a3fb38138b@group-B41F48618BA6-LeaderElection194 got exception when requesting votes: {}
java.util.concurrent.ExecutionException: org.apache.ratis.thirdparty.io.grpc.StatusRuntimeException: UNAVAILABLE: io exception
	at java.util.concurrent.FutureTask.report(FutureTask.java:122)
	at java.util.concurrent.FutureTask.get(FutureTask.java:192)
	at org.apache.ratis.server.impl.LeaderElection.waitForResults(LeaderElection.java:259)
	at org.apache.ratis.server.impl.LeaderElection.askForVotes(LeaderElection.java:197)
	at org.apache.ratis.server.impl.LeaderElection.run(LeaderElection.java:133)
	at java.lang.Thread.run(Thread.java:748)
Caused by: org.apache.ratis.thirdparty.io.grpc.StatusRuntimeException: UNAVAILABLE: io exception
	at org.apache.ratis.thirdparty.io.grpc.stub.ClientCalls.toStatusRuntimeException(ClientCalls.java:233)
	at org.apache.ratis.thirdparty.io.grpc.stub.ClientCalls.getUnchecked(ClientCalls.java:214)
	at org.apache.ratis.thirdparty.io.grpc.stub.ClientCalls.blockingUnaryCall(ClientCalls.java:139)
	at org.apache.ratis.proto.grpc.RaftServerProtocolServiceGrpc$RaftServerProtocolServiceBlockingStub.requestVote(RaftServerProtocolServiceGrpc.java:265)
	at org.apache.ratis.grpc.server.GrpcServerProtocolClient.requestVote(GrpcServerProtocolClient.java:99)
	at org.apache.ratis.grpc.server.GrpcService.requestVote(GrpcService.java:204)
	at org.apache.ratis.server.impl.LeaderElection.lambda$submitRequests$1(LeaderElection.java:234)
	at java.util.concurrent.FutureTask.run(FutureTask.java:266)
	at java.util.concurrent.Executors$RunnableAdapter.call(Executors.java:511)
	at java.util.concurrent.FutureTask.run(FutureTask.java:266)
	at java.util.concurrent.ThreadPoolExecutor.runWorker(ThreadPoolExecutor.java:1149)
	at java.util.concurrent.ThreadPoolExecutor$Worker.run(ThreadPoolExecutor.java:624)
	... 1 more
Caused by: org.apache.ratis.thirdparty.io.netty.channel.AbstractChannel$AnnotatedConnectException: Connection refused: /192.168.34.61:44094
	at sun.nio.ch.SocketChannelImpl.checkConnect(Native Method)
	at sun.nio.ch.SocketChannelImpl.finishConnect(SocketChannelImpl.java:717)
	at org.apache.ratis.thirdparty.io.netty.channel.socket.nio.NioSocketChannel.doFinishConnect(NioSocketChannel.java:327)
	at org.apache.ratis.thirdparty.io.netty.channel.nio.AbstractNioChannel$AbstractNioUnsafe.finishConnect(AbstractNioChannel.java:340)
	at org.apache.ratis.thirdparty.io.netty.channel.nio.NioEventLoop.processSelectedKey(NioEventLoop.java:632)
	at org.apache.ratis.thirdparty.io.netty.channel.nio.NioEventLoop.processSelectedKeysOptimized(NioEventLoop.java:579)
	at org.apache.ratis.thirdparty.io.netty.channel.nio.NioEventLoop.processSelectedKeys(NioEventLoop.java:496)
	at org.apache.ratis.thirdparty.io.netty.channel.nio.NioEventLoop.run(NioEventLoop.java:458)
	at org.apache.ratis.thirdparty.io.netty.util.concurrent.SingleThreadEventExecutor$5.run(SingleThreadEventExecutor.java:897)
	at org.apache.ratis.thirdparty.io.netty.util.concurrent.FastThreadLocalRunnable.run(FastThreadLocalRunnable.java:30)
	... 1 more
Caused by: java.net.ConnectException: Connection refused
	... 11 more
2019-11-15 04:25:16,147 [be6365c1-8fb2-47f9-87b1-78a3fb38138b@group-B41F48618BA6-LeaderElection194] INFO  impl.LeaderElection (LogUtils.java:infoOrTrace(149)) - be6365c1-8fb2-47f9-87b1-78a3fb38138b@group-B41F48618BA6-LeaderElection194 got exception when requesting votes: {}
java.util.concurrent.ExecutionException: org.apache.ratis.thirdparty.io.grpc.StatusRuntimeException: UNAVAILABLE: io exception
	at java.util.concurrent.FutureTask.report(FutureTask.java:122)
	at java.util.concurrent.FutureTask.get(FutureTask.java:192)
	at org.apache.ratis.server.impl.LeaderElection.waitForResults(LeaderElection.java:259)
	at org.apache.ratis.server.impl.LeaderElection.askForVotes(LeaderElection.java:197)
	at org.apache.ratis.server.impl.LeaderElection.run(LeaderElection.java:133)
	at java.lang.Thread.run(Thread.java:748)
Caused by: org.apache.ratis.thirdparty.io.grpc.StatusRuntimeException: UNAVAILABLE: io exception
	at org.apache.ratis.thirdparty.io.grpc.stub.ClientCalls.toStatusRuntimeException(ClientCalls.java:233)
	at org.apache.ratis.thirdparty.io.grpc.stub.ClientCalls.getUnchecked(ClientCalls.java:214)
	at org.apache.ratis.thirdparty.io.grpc.stub.ClientCalls.blockingUnaryCall(ClientCalls.java:139)
	at org.apache.ratis.proto.grpc.RaftServerProtocolServiceGrpc$RaftServerProtocolServiceBlockingStub.requestVote(RaftServerProtocolServiceGrpc.java:265)
	at org.apache.ratis.grpc.server.GrpcServerProtocolClient.requestVote(GrpcServerProtocolClient.java:99)
	at org.apache.ratis.grpc.server.GrpcService.requestVote(GrpcService.java:204)
	at org.apache.ratis.server.impl.LeaderElection.lambda$submitRequests$1(LeaderElection.java:234)
	at java.util.concurrent.FutureTask.run(FutureTask.java:266)
	at java.util.concurrent.Executors$RunnableAdapter.call(Executors.java:511)
	at java.util.concurrent.FutureTask.run(FutureTask.java:266)
	at java.util.concurrent.ThreadPoolExecutor.runWorker(ThreadPoolExecutor.java:1149)
	at java.util.concurrent.ThreadPoolExecutor$Worker.run(ThreadPoolExecutor.java:624)
	... 1 more
Caused by: org.apache.ratis.thirdparty.io.netty.channel.AbstractChannel$AnnotatedConnectException: Connection refused: /192.168.34.61:32848
	at sun.nio.ch.SocketChannelImpl.checkConnect(Native Method)
	at sun.nio.ch.SocketChannelImpl.finishConnect(SocketChannelImpl.java:717)
	at org.apache.ratis.thirdparty.io.netty.channel.socket.nio.NioSocketChannel.doFinishConnect(NioSocketChannel.java:327)
	at org.apache.ratis.thirdparty.io.netty.channel.nio.AbstractNioChannel$AbstractNioUnsafe.finishConnect(AbstractNioChannel.java:340)
	at org.apache.ratis.thirdparty.io.netty.channel.nio.NioEventLoop.processSelectedKey(NioEventLoop.java:632)
	at org.apache.ratis.thirdparty.io.netty.channel.nio.NioEventLoop.processSelectedKeysOptimized(NioEventLoop.java:579)
	at org.apache.ratis.thirdparty.io.netty.channel.nio.NioEventLoop.processSelectedKeys(NioEventLoop.java:496)
	at org.apache.ratis.thirdparty.io.netty.channel.nio.NioEventLoop.run(NioEventLoop.java:458)
	at org.apache.ratis.thirdparty.io.netty.util.concurrent.SingleThreadEventExecutor$5.run(SingleThreadEventExecutor.java:897)
	at org.apache.ratis.thirdparty.io.netty.util.concurrent.FastThreadLocalRunnable.run(FastThreadLocalRunnable.java:30)
	... 1 more
Caused by: java.net.ConnectException: Connection refused
	... 11 more
2019-11-15 04:25:16,147 [be6365c1-8fb2-47f9-87b1-78a3fb38138b@group-B41F48618BA6-LeaderElection194] INFO  impl.LeaderElection (LeaderElection.java:logAndReturn(56)) - be6365c1-8fb2-47f9-87b1-78a3fb38138b@group-B41F48618BA6-LeaderElection194: Election REJECTED; received 0 response(s) [] and 2 exception(s); be6365c1-8fb2-47f9-87b1-78a3fb38138b@group-B41F48618BA6:t10, leader=null, voted=be6365c1-8fb2-47f9-87b1-78a3fb38138b, raftlog=be6365c1-8fb2-47f9-87b1-78a3fb38138b@group-B41F48618BA6-SegmentedRaftLog:OPENED:c6,f6,i6, conf=5: [b8480f98-5c77-4f73-b6b9-e737b10a7f9e:192.168.34.61:32848, be6365c1-8fb2-47f9-87b1-78a3fb38138b:192.168.34.61:44393, f15e9ea2-ac28-4081-8e04-15028e251385:192.168.34.61:44094], old=null
2019-11-15 04:25:16,147 [be6365c1-8fb2-47f9-87b1-78a3fb38138b@group-B41F48618BA6-LeaderElection194] INFO  impl.LeaderElection (LogUtils.java:infoOrTrace(149)) -   Exception 0: {}
java.util.concurrent.ExecutionException: org.apache.ratis.thirdparty.io.grpc.StatusRuntimeException: UNAVAILABLE: io exception
	at java.util.concurrent.FutureTask.report(FutureTask.java:122)
	at java.util.concurrent.FutureTask.get(FutureTask.java:192)
	at org.apache.ratis.server.impl.LeaderElection.waitForResults(LeaderElection.java:259)
	at org.apache.ratis.server.impl.LeaderElection.askForVotes(LeaderElection.java:197)
	at org.apache.ratis.server.impl.LeaderElection.run(LeaderElection.java:133)
	at java.lang.Thread.run(Thread.java:748)
Caused by: org.apache.ratis.thirdparty.io.grpc.StatusRuntimeException: UNAVAILABLE: io exception
	at org.apache.ratis.thirdparty.io.grpc.stub.ClientCalls.toStatusRuntimeException(ClientCalls.java:233)
	at org.apache.ratis.thirdparty.io.grpc.stub.ClientCalls.getUnchecked(ClientCalls.java:214)
	at org.apache.ratis.thirdparty.io.grpc.stub.ClientCalls.blockingUnaryCall(ClientCalls.java:139)
	at org.apache.ratis.proto.grpc.RaftServerProtocolServiceGrpc$RaftServerProtocolServiceBlockingStub.requestVote(RaftServerProtocolServiceGrpc.java:265)
	at org.apache.ratis.grpc.server.GrpcServerProtocolClient.requestVote(GrpcServerProtocolClient.java:99)
	at org.apache.ratis.grpc.server.GrpcService.requestVote(GrpcService.java:204)
	at org.apache.ratis.server.impl.LeaderElection.lambda$submitRequests$1(LeaderElection.java:234)
	at java.util.concurrent.FutureTask.run(FutureTask.java:266)
	at java.util.concurrent.Executors$RunnableAdapter.call(Executors.java:511)
	at java.util.concurrent.FutureTask.run(FutureTask.java:266)
	at java.util.concurrent.ThreadPoolExecutor.runWorker(ThreadPoolExecutor.java:1149)
	at java.util.concurrent.ThreadPoolExecutor$Worker.run(ThreadPoolExecutor.java:624)
	... 1 more
Caused by: org.apache.ratis.thirdparty.io.netty.channel.AbstractChannel$AnnotatedConnectException: Connection refused: /192.168.34.61:44094
	at sun.nio.ch.SocketChannelImpl.checkConnect(Native Method)
	at sun.nio.ch.SocketChannelImpl.finishConnect(SocketChannelImpl.java:717)
	at org.apache.ratis.thirdparty.io.netty.channel.socket.nio.NioSocketChannel.doFinishConnect(NioSocketChannel.java:327)
	at org.apache.ratis.thirdparty.io.netty.channel.nio.AbstractNioChannel$AbstractNioUnsafe.finishConnect(AbstractNioChannel.java:340)
	at org.apache.ratis.thirdparty.io.netty.channel.nio.NioEventLoop.processSelectedKey(NioEventLoop.java:632)
	at org.apache.ratis.thirdparty.io.netty.channel.nio.NioEventLoop.processSelectedKeysOptimized(NioEventLoop.java:579)
	at org.apache.ratis.thirdparty.io.netty.channel.nio.NioEventLoop.processSelectedKeys(NioEventLoop.java:496)
	at org.apache.ratis.thirdparty.io.netty.channel.nio.NioEventLoop.run(NioEventLoop.java:458)
	at org.apache.ratis.thirdparty.io.netty.util.concurrent.SingleThreadEventExecutor$5.run(SingleThreadEventExecutor.java:897)
	at org.apache.ratis.thirdparty.io.netty.util.concurrent.FastThreadLocalRunnable.run(FastThreadLocalRunnable.java:30)
	... 1 more
Caused by: java.net.ConnectException: Connection refused
	... 11 more
2019-11-15 04:25:16,147 [be6365c1-8fb2-47f9-87b1-78a3fb38138b@group-B41F48618BA6-LeaderElection194] INFO  impl.LeaderElection (LogUtils.java:infoOrTrace(149)) -   Exception 1: {}
java.util.concurrent.ExecutionException: org.apache.ratis.thirdparty.io.grpc.StatusRuntimeException: UNAVAILABLE: io exception
	at java.util.concurrent.FutureTask.report(FutureTask.java:122)
	at java.util.concurrent.FutureTask.get(FutureTask.java:192)
	at org.apache.ratis.server.impl.LeaderElection.waitForResults(LeaderElection.java:259)
	at org.apache.ratis.server.impl.LeaderElection.askForVotes(LeaderElection.java:197)
	at org.apache.ratis.server.impl.LeaderElection.run(LeaderElection.java:133)
	at java.lang.Thread.run(Thread.java:748)
Caused by: org.apache.ratis.thirdparty.io.grpc.StatusRuntimeException: UNAVAILABLE: io exception
	at org.apache.ratis.thirdparty.io.grpc.stub.ClientCalls.toStatusRuntimeException(ClientCalls.java:233)
	at org.apache.ratis.thirdparty.io.grpc.stub.ClientCalls.getUnchecked(ClientCalls.java:214)
	at org.apache.ratis.thirdparty.io.grpc.stub.ClientCalls.blockingUnaryCall(ClientCalls.java:139)
	at org.apache.ratis.proto.grpc.RaftServerProtocolServiceGrpc$RaftServerProtocolServiceBlockingStub.requestVote(RaftServerProtocolServiceGrpc.java:265)
	at org.apache.ratis.grpc.server.GrpcServerProtocolClient.requestVote(GrpcServerProtocolClient.java:99)
	at org.apache.ratis.grpc.server.GrpcService.requestVote(GrpcService.java:204)
	at org.apache.ratis.server.impl.LeaderElection.lambda$submitRequests$1(LeaderElection.java:234)
	at java.util.concurrent.FutureTask.run(FutureTask.java:266)
	at java.util.concurrent.Executors$RunnableAdapter.call(Executors.java:511)
	at java.util.concurrent.FutureTask.run(FutureTask.java:266)
	at java.util.concurrent.ThreadPoolExecutor.runWorker(ThreadPoolExecutor.java:1149)
	at java.util.concurrent.ThreadPoolExecutor$Worker.run(ThreadPoolExecutor.java:624)
	... 1 more
Caused by: org.apache.ratis.thirdparty.io.netty.channel.AbstractChannel$AnnotatedConnectException: Connection refused: /192.168.34.61:32848
	at sun.nio.ch.SocketChannelImpl.checkConnect(Native Method)
	at sun.nio.ch.SocketChannelImpl.finishConnect(SocketChannelImpl.java:717)
	at org.apache.ratis.thirdparty.io.netty.channel.socket.nio.NioSocketChannel.doFinishConnect(NioSocketChannel.java:327)
	at org.apache.ratis.thirdparty.io.netty.channel.nio.AbstractNioChannel$AbstractNioUnsafe.finishConnect(AbstractNioChannel.java:340)
	at org.apache.ratis.thirdparty.io.netty.channel.nio.NioEventLoop.processSelectedKey(NioEventLoop.java:632)
	at org.apache.ratis.thirdparty.io.netty.channel.nio.NioEventLoop.processSelectedKeysOptimized(NioEventLoop.java:579)
	at org.apache.ratis.thirdparty.io.netty.channel.nio.NioEventLoop.processSelectedKeys(NioEventLoop.java:496)
	at org.apache.ratis.thirdparty.io.netty.channel.nio.NioEventLoop.run(NioEventLoop.java:458)
	at org.apache.ratis.thirdparty.io.netty.util.concurrent.SingleThreadEventExecutor$5.run(SingleThreadEventExecutor.java:897)
	at org.apache.ratis.thirdparty.io.netty.util.concurrent.FastThreadLocalRunnable.run(FastThreadLocalRunnable.java:30)
	... 1 more
Caused by: java.net.ConnectException: Connection refused
	... 11 more
2019-11-15 04:25:16,148 [be6365c1-8fb2-47f9-87b1-78a3fb38138b@group-B41F48618BA6-LeaderElection194] INFO  impl.RaftServerImpl (RaftServerImpl.java:setRole(173)) - be6365c1-8fb2-47f9-87b1-78a3fb38138b@group-B41F48618BA6: changes role from CANDIDATE to FOLLOWER at term 10 for DISCOVERED_A_NEW_TERM
2019-11-15 04:25:16,148 [be6365c1-8fb2-47f9-87b1-78a3fb38138b@group-B41F48618BA6-LeaderElection194] INFO  impl.RoleInfo (RoleInfo.java:shutdownLeaderElection(134)) - be6365c1-8fb2-47f9-87b1-78a3fb38138b: shutdown LeaderElection
2019-11-15 04:25:16,148 [be6365c1-8fb2-47f9-87b1-78a3fb38138b@group-B41F48618BA6-LeaderElection194] INFO  impl.RoleInfo (RoleInfo.java:updateAndGet(143)) - be6365c1-8fb2-47f9-87b1-78a3fb38138b: start FollowerState
2019-11-15 04:25:16,304 [grpc-default-executor-16] WARN  server.GrpcLogAppender (LogUtils.java:warn(134)) - 64e09b31-9ee8-424d-be17-3e0ab51a0c68@group-1F0597F7C030->ed7fcdca-26e4-49e6-a038-f4a6d52e370d-AppendLogResponseHandler: Failed appendEntries: org.apache.ratis.thirdparty.io.grpc.StatusRuntimeException: UNAVAILABLE: io exception
2019-11-15 04:25:16,304 [grpc-default-executor-16] INFO  impl.FollowerInfo (FollowerInfo.java:lambda$new$0(51)) - 64e09b31-9ee8-424d-be17-3e0ab51a0c68@group-1F0597F7C030->ed7fcdca-26e4-49e6-a038-f4a6d52e370d: nextIndex: updateUnconditionally 0 -> 0
2019-11-15 04:25:16,805 [grpc-default-executor-16] WARN  server.GrpcLogAppender (LogUtils.java:warn(134)) - 64e09b31-9ee8-424d-be17-3e0ab51a0c68@group-1F0597F7C030->ed7fcdca-26e4-49e6-a038-f4a6d52e370d-AppendLogResponseHandler: Failed appendEntries: org.apache.ratis.thirdparty.io.grpc.StatusRuntimeException: UNAVAILABLE: io exception
2019-11-15 04:25:16,805 [grpc-default-executor-16] INFO  impl.FollowerInfo (FollowerInfo.java:lambda$new$0(51)) - 64e09b31-9ee8-424d-be17-3e0ab51a0c68@group-1F0597F7C030->ed7fcdca-26e4-49e6-a038-f4a6d52e370d: nextIndex: updateUnconditionally 0 -> 0
2019-11-15 04:25:17,214 [Thread-4041] INFO  impl.FollowerState (FollowerState.java:run(111)) - be6365c1-8fb2-47f9-87b1-78a3fb38138b@group-B41F48618BA6-FollowerState: change to CANDIDATE, lastRpcTime:1065ms, electionTimeout:1065ms
2019-11-15 04:25:17,214 [Thread-4041] INFO  impl.RoleInfo (RoleInfo.java:shutdownFollowerState(121)) - be6365c1-8fb2-47f9-87b1-78a3fb38138b: shutdown FollowerState
2019-11-15 04:25:17,214 [Thread-4041] INFO  impl.RaftServerImpl (RaftServerImpl.java:setRole(173)) - be6365c1-8fb2-47f9-87b1-78a3fb38138b@group-B41F48618BA6: changes role from  FOLLOWER to CANDIDATE at term 10 for changeToCandidate
2019-11-15 04:25:17,215 [Thread-4041] INFO  impl.RoleInfo (RoleInfo.java:updateAndGet(143)) - be6365c1-8fb2-47f9-87b1-78a3fb38138b: start LeaderElection
2019-11-15 04:25:17,278 [be6365c1-8fb2-47f9-87b1-78a3fb38138b@group-B41F48618BA6-LeaderElection195] INFO  impl.LeaderElection (LeaderElection.java:askForVotes(178)) - be6365c1-8fb2-47f9-87b1-78a3fb38138b@group-B41F48618BA6-LeaderElection195: begin an election at term 11 for 5: [b8480f98-5c77-4f73-b6b9-e737b10a7f9e:192.168.34.61:32848, be6365c1-8fb2-47f9-87b1-78a3fb38138b:192.168.34.61:44393, f15e9ea2-ac28-4081-8e04-15028e251385:192.168.34.61:44094], old=null
2019-11-15 04:25:17,281 [be6365c1-8fb2-47f9-87b1-78a3fb38138b@group-B41F48618BA6-LeaderElection195] INFO  impl.LeaderElection (LogUtils.java:infoOrTrace(149)) - be6365c1-8fb2-47f9-87b1-78a3fb38138b@group-B41F48618BA6-LeaderElection195 got exception when requesting votes: {}
java.util.concurrent.ExecutionException: org.apache.ratis.thirdparty.io.grpc.StatusRuntimeException: UNAVAILABLE: io exception
	at java.util.concurrent.FutureTask.report(FutureTask.java:122)
	at java.util.concurrent.FutureTask.get(FutureTask.java:192)
	at org.apache.ratis.server.impl.LeaderElection.waitForResults(LeaderElection.java:259)
	at org.apache.ratis.server.impl.LeaderElection.askForVotes(LeaderElection.java:197)
	at org.apache.ratis.server.impl.LeaderElection.run(LeaderElection.java:133)
	at java.lang.Thread.run(Thread.java:748)
Caused by: org.apache.ratis.thirdparty.io.grpc.StatusRuntimeException: UNAVAILABLE: io exception
	at org.apache.ratis.thirdparty.io.grpc.stub.ClientCalls.toStatusRuntimeException(ClientCalls.java:233)
	at org.apache.ratis.thirdparty.io.grpc.stub.ClientCalls.getUnchecked(ClientCalls.java:214)
	at org.apache.ratis.thirdparty.io.grpc.stub.ClientCalls.blockingUnaryCall(ClientCalls.java:139)
	at org.apache.ratis.proto.grpc.RaftServerProtocolServiceGrpc$RaftServerProtocolServiceBlockingStub.requestVote(RaftServerProtocolServiceGrpc.java:265)
	at org.apache.ratis.grpc.server.GrpcServerProtocolClient.requestVote(GrpcServerProtocolClient.java:99)
	at org.apache.ratis.grpc.server.GrpcService.requestVote(GrpcService.java:204)
	at org.apache.ratis.server.impl.LeaderElection.lambda$submitRequests$1(LeaderElection.java:234)
	at java.util.concurrent.FutureTask.run(FutureTask.java:266)
	at java.util.concurrent.Executors$RunnableAdapter.call(Executors.java:511)
	at java.util.concurrent.FutureTask.run(FutureTask.java:266)
	at java.util.concurrent.ThreadPoolExecutor.runWorker(ThreadPoolExecutor.java:1149)
	at java.util.concurrent.ThreadPoolExecutor$Worker.run(ThreadPoolExecutor.java:624)
	... 1 more
Caused by: org.apache.ratis.thirdparty.io.netty.channel.AbstractChannel$AnnotatedConnectException: Connection refused: /192.168.34.61:32848
	at sun.nio.ch.SocketChannelImpl.checkConnect(Native Method)
	at sun.nio.ch.SocketChannelImpl.finishConnect(SocketChannelImpl.java:717)
	at org.apache.ratis.thirdparty.io.netty.channel.socket.nio.NioSocketChannel.doFinishConnect(NioSocketChannel.java:327)
	at org.apache.ratis.thirdparty.io.netty.channel.nio.AbstractNioChannel$AbstractNioUnsafe.finishConnect(AbstractNioChannel.java:340)
	at org.apache.ratis.thirdparty.io.netty.channel.nio.NioEventLoop.processSelectedKey(NioEventLoop.java:632)
	at org.apache.ratis.thirdparty.io.netty.channel.nio.NioEventLoop.processSelectedKeysOptimized(NioEventLoop.java:579)
	at org.apache.ratis.thirdparty.io.netty.channel.nio.NioEventLoop.processSelectedKeys(NioEventLoop.java:496)
	at org.apache.ratis.thirdparty.io.netty.channel.nio.NioEventLoop.run(NioEventLoop.java:458)
	at org.apache.ratis.thirdparty.io.netty.util.concurrent.SingleThreadEventExecutor$5.run(SingleThreadEventExecutor.java:897)
	at org.apache.ratis.thirdparty.io.netty.util.concurrent.FastThreadLocalRunnable.run(FastThreadLocalRunnable.java:30)
	... 1 more
Caused by: java.net.ConnectException: Connection refused
	... 11 more
2019-11-15 04:25:17,281 [be6365c1-8fb2-47f9-87b1-78a3fb38138b@group-B41F48618BA6-LeaderElection195] INFO  impl.LeaderElection (LogUtils.java:infoOrTrace(149)) - be6365c1-8fb2-47f9-87b1-78a3fb38138b@group-B41F48618BA6-LeaderElection195 got exception when requesting votes: {}
java.util.concurrent.ExecutionException: org.apache.ratis.thirdparty.io.grpc.StatusRuntimeException: UNAVAILABLE: io exception
	at java.util.concurrent.FutureTask.report(FutureTask.java:122)
	at java.util.concurrent.FutureTask.get(FutureTask.java:192)
	at org.apache.ratis.server.impl.LeaderElection.waitForResults(LeaderElection.java:259)
	at org.apache.ratis.server.impl.LeaderElection.askForVotes(LeaderElection.java:197)
	at org.apache.ratis.server.impl.LeaderElection.run(LeaderElection.java:133)
	at java.lang.Thread.run(Thread.java:748)
Caused by: org.apache.ratis.thirdparty.io.grpc.StatusRuntimeException: UNAVAILABLE: io exception
	at org.apache.ratis.thirdparty.io.grpc.stub.ClientCalls.toStatusRuntimeException(ClientCalls.java:233)
	at org.apache.ratis.thirdparty.io.grpc.stub.ClientCalls.getUnchecked(ClientCalls.java:214)
	at org.apache.ratis.thirdparty.io.grpc.stub.ClientCalls.blockingUnaryCall(ClientCalls.java:139)
	at org.apache.ratis.proto.grpc.RaftServerProtocolServiceGrpc$RaftServerProtocolServiceBlockingStub.requestVote(RaftServerProtocolServiceGrpc.java:265)
	at org.apache.ratis.grpc.server.GrpcServerProtocolClient.requestVote(GrpcServerProtocolClient.java:99)
	at org.apache.ratis.grpc.server.GrpcService.requestVote(GrpcService.java:204)
	at org.apache.ratis.server.impl.LeaderElection.lambda$submitRequests$1(LeaderElection.java:234)
	at java.util.concurrent.FutureTask.run(FutureTask.java:266)
	at java.util.concurrent.Executors$RunnableAdapter.call(Executors.java:511)
	at java.util.concurrent.FutureTask.run(FutureTask.java:266)
	at java.util.concurrent.ThreadPoolExecutor.runWorker(ThreadPoolExecutor.java:1149)
	at java.util.concurrent.ThreadPoolExecutor$Worker.run(ThreadPoolExecutor.java:624)
	... 1 more
Caused by: org.apache.ratis.thirdparty.io.netty.channel.AbstractChannel$AnnotatedConnectException: Connection refused: /192.168.34.61:44094
	at sun.nio.ch.SocketChannelImpl.checkConnect(Native Method)
	at sun.nio.ch.SocketChannelImpl.finishConnect(SocketChannelImpl.java:717)
	at org.apache.ratis.thirdparty.io.netty.channel.socket.nio.NioSocketChannel.doFinishConnect(NioSocketChannel.java:327)
	at org.apache.ratis.thirdparty.io.netty.channel.nio.AbstractNioChannel$AbstractNioUnsafe.finishConnect(AbstractNioChannel.java:340)
	at org.apache.ratis.thirdparty.io.netty.channel.nio.NioEventLoop.processSelectedKey(NioEventLoop.java:632)
	at org.apache.ratis.thirdparty.io.netty.channel.nio.NioEventLoop.processSelectedKeysOptimized(NioEventLoop.java:579)
	at org.apache.ratis.thirdparty.io.netty.channel.nio.NioEventLoop.processSelectedKeys(NioEventLoop.java:496)
	at org.apache.ratis.thirdparty.io.netty.channel.nio.NioEventLoop.run(NioEventLoop.java:458)
	at org.apache.ratis.thirdparty.io.netty.util.concurrent.SingleThreadEventExecutor$5.run(SingleThreadEventExecutor.java:897)
	at org.apache.ratis.thirdparty.io.netty.util.concurrent.FastThreadLocalRunnable.run(FastThreadLocalRunnable.java:30)
	... 1 more
Caused by: java.net.ConnectException: Connection refused
	... 11 more
2019-11-15 04:25:17,282 [be6365c1-8fb2-47f9-87b1-78a3fb38138b@group-B41F48618BA6-LeaderElection195] INFO  impl.LeaderElection (LeaderElection.java:logAndReturn(56)) - be6365c1-8fb2-47f9-87b1-78a3fb38138b@group-B41F48618BA6-LeaderElection195: Election REJECTED; received 0 response(s) [] and 2 exception(s); be6365c1-8fb2-47f9-87b1-78a3fb38138b@group-B41F48618BA6:t11, leader=null, voted=be6365c1-8fb2-47f9-87b1-78a3fb38138b, raftlog=be6365c1-8fb2-47f9-87b1-78a3fb38138b@group-B41F48618BA6-SegmentedRaftLog:OPENED:c6,f6,i6, conf=5: [b8480f98-5c77-4f73-b6b9-e737b10a7f9e:192.168.34.61:32848, be6365c1-8fb2-47f9-87b1-78a3fb38138b:192.168.34.61:44393, f15e9ea2-ac28-4081-8e04-15028e251385:192.168.34.61:44094], old=null
2019-11-15 04:25:17,282 [be6365c1-8fb2-47f9-87b1-78a3fb38138b@group-B41F48618BA6-LeaderElection195] INFO  impl.LeaderElection (LogUtils.java:infoOrTrace(149)) -   Exception 0: {}
java.util.concurrent.ExecutionException: org.apache.ratis.thirdparty.io.grpc.StatusRuntimeException: UNAVAILABLE: io exception
	at java.util.concurrent.FutureTask.report(FutureTask.java:122)
	at java.util.concurrent.FutureTask.get(FutureTask.java:192)
	at org.apache.ratis.server.impl.LeaderElection.waitForResults(LeaderElection.java:259)
	at org.apache.ratis.server.impl.LeaderElection.askForVotes(LeaderElection.java:197)
	at org.apache.ratis.server.impl.LeaderElection.run(LeaderElection.java:133)
	at java.lang.Thread.run(Thread.java:748)
Caused by: org.apache.ratis.thirdparty.io.grpc.StatusRuntimeException: UNAVAILABLE: io exception
	at org.apache.ratis.thirdparty.io.grpc.stub.ClientCalls.toStatusRuntimeException(ClientCalls.java:233)
	at org.apache.ratis.thirdparty.io.grpc.stub.ClientCalls.getUnchecked(ClientCalls.java:214)
	at org.apache.ratis.thirdparty.io.grpc.stub.ClientCalls.blockingUnaryCall(ClientCalls.java:139)
	at org.apache.ratis.proto.grpc.RaftServerProtocolServiceGrpc$RaftServerProtocolServiceBlockingStub.requestVote(RaftServerProtocolServiceGrpc.java:265)
	at org.apache.ratis.grpc.server.GrpcServerProtocolClient.requestVote(GrpcServerProtocolClient.java:99)
	at org.apache.ratis.grpc.server.GrpcService.requestVote(GrpcService.java:204)
	at org.apache.ratis.server.impl.LeaderElection.lambda$submitRequests$1(LeaderElection.java:234)
	at java.util.concurrent.FutureTask.run(FutureTask.java:266)
	at java.util.concurrent.Executors$RunnableAdapter.call(Executors.java:511)
	at java.util.concurrent.FutureTask.run(FutureTask.java:266)
	at java.util.concurrent.ThreadPoolExecutor.runWorker(ThreadPoolExecutor.java:1149)
	at java.util.concurrent.ThreadPoolExecutor$Worker.run(ThreadPoolExecutor.java:624)
	... 1 more
Caused by: org.apache.ratis.thirdparty.io.netty.channel.AbstractChannel$AnnotatedConnectException: Connection refused: /192.168.34.61:32848
	at sun.nio.ch.SocketChannelImpl.checkConnect(Native Method)
	at sun.nio.ch.SocketChannelImpl.finishConnect(SocketChannelImpl.java:717)
	at org.apache.ratis.thirdparty.io.netty.channel.socket.nio.NioSocketChannel.doFinishConnect(NioSocketChannel.java:327)
	at org.apache.ratis.thirdparty.io.netty.channel.nio.AbstractNioChannel$AbstractNioUnsafe.finishConnect(AbstractNioChannel.java:340)
	at org.apache.ratis.thirdparty.io.netty.channel.nio.NioEventLoop.processSelectedKey(NioEventLoop.java:632)
	at org.apache.ratis.thirdparty.io.netty.channel.nio.NioEventLoop.processSelectedKeysOptimized(NioEventLoop.java:579)
	at org.apache.ratis.thirdparty.io.netty.channel.nio.NioEventLoop.processSelectedKeys(NioEventLoop.java:496)
	at org.apache.ratis.thirdparty.io.netty.channel.nio.NioEventLoop.run(NioEventLoop.java:458)
	at org.apache.ratis.thirdparty.io.netty.util.concurrent.SingleThreadEventExecutor$5.run(SingleThreadEventExecutor.java:897)
	at org.apache.ratis.thirdparty.io.netty.util.concurrent.FastThreadLocalRunnable.run(FastThreadLocalRunnable.java:30)
	... 1 more
Caused by: java.net.ConnectException: Connection refused
	... 11 more
2019-11-15 04:25:17,283 [be6365c1-8fb2-47f9-87b1-78a3fb38138b@group-B41F48618BA6-LeaderElection195] INFO  impl.LeaderElection (LogUtils.java:infoOrTrace(149)) -   Exception 1: {}
java.util.concurrent.ExecutionException: org.apache.ratis.thirdparty.io.grpc.StatusRuntimeException: UNAVAILABLE: io exception
	at java.util.concurrent.FutureTask.report(FutureTask.java:122)
	at java.util.concurrent.FutureTask.get(FutureTask.java:192)
	at org.apache.ratis.server.impl.LeaderElection.waitForResults(LeaderElection.java:259)
	at org.apache.ratis.server.impl.LeaderElection.askForVotes(LeaderElection.java:197)
	at org.apache.ratis.server.impl.LeaderElection.run(LeaderElection.java:133)
	at java.lang.Thread.run(Thread.java:748)
Caused by: org.apache.ratis.thirdparty.io.grpc.StatusRuntimeException: UNAVAILABLE: io exception
	at org.apache.ratis.thirdparty.io.grpc.stub.ClientCalls.toStatusRuntimeException(ClientCalls.java:233)
	at org.apache.ratis.thirdparty.io.grpc.stub.ClientCalls.getUnchecked(ClientCalls.java:214)
	at org.apache.ratis.thirdparty.io.grpc.stub.ClientCalls.blockingUnaryCall(ClientCalls.java:139)
	at org.apache.ratis.proto.grpc.RaftServerProtocolServiceGrpc$RaftServerProtocolServiceBlockingStub.requestVote(RaftServerProtocolServiceGrpc.java:265)
	at org.apache.ratis.grpc.server.GrpcServerProtocolClient.requestVote(GrpcServerProtocolClient.java:99)
	at org.apache.ratis.grpc.server.GrpcService.requestVote(GrpcService.java:204)
	at org.apache.ratis.server.impl.LeaderElection.lambda$submitRequests$1(LeaderElection.java:234)
	at java.util.concurrent.FutureTask.run(FutureTask.java:266)
	at java.util.concurrent.Executors$RunnableAdapter.call(Executors.java:511)
	at java.util.concurrent.FutureTask.run(FutureTask.java:266)
	at java.util.concurrent.ThreadPoolExecutor.runWorker(ThreadPoolExecutor.java:1149)
	at java.util.concurrent.ThreadPoolExecutor$Worker.run(ThreadPoolExecutor.java:624)
	... 1 more
Caused by: org.apache.ratis.thirdparty.io.netty.channel.AbstractChannel$AnnotatedConnectException: Connection refused: /192.168.34.61:44094
	at sun.nio.ch.SocketChannelImpl.checkConnect(Native Method)
	at sun.nio.ch.SocketChannelImpl.finishConnect(SocketChannelImpl.java:717)
	at org.apache.ratis.thirdparty.io.netty.channel.socket.nio.NioSocketChannel.doFinishConnect(NioSocketChannel.java:327)
	at org.apache.ratis.thirdparty.io.netty.channel.nio.AbstractNioChannel$AbstractNioUnsafe.finishConnect(AbstractNioChannel.java:340)
	at org.apache.ratis.thirdparty.io.netty.channel.nio.NioEventLoop.processSelectedKey(NioEventLoop.java:632)
	at org.apache.ratis.thirdparty.io.netty.channel.nio.NioEventLoop.processSelectedKeysOptimized(NioEventLoop.java:579)
	at org.apache.ratis.thirdparty.io.netty.channel.nio.NioEventLoop.processSelectedKeys(NioEventLoop.java:496)
	at org.apache.ratis.thirdparty.io.netty.channel.nio.NioEventLoop.run(NioEventLoop.java:458)
	at org.apache.ratis.thirdparty.io.netty.util.concurrent.SingleThreadEventExecutor$5.run(SingleThreadEventExecutor.java:897)
	at org.apache.ratis.thirdparty.io.netty.util.concurrent.FastThreadLocalRunnable.run(FastThreadLocalRunnable.java:30)
	... 1 more
Caused by: java.net.ConnectException: Connection refused
	... 11 more
2019-11-15 04:25:17,283 [be6365c1-8fb2-47f9-87b1-78a3fb38138b@group-B41F48618BA6-LeaderElection195] INFO  impl.RaftServerImpl (RaftServerImpl.java:setRole(173)) - be6365c1-8fb2-47f9-87b1-78a3fb38138b@group-B41F48618BA6: changes role from CANDIDATE to FOLLOWER at term 11 for DISCOVERED_A_NEW_TERM
2019-11-15 04:25:17,283 [be6365c1-8fb2-47f9-87b1-78a3fb38138b@group-B41F48618BA6-LeaderElection195] INFO  impl.RoleInfo (RoleInfo.java:shutdownLeaderElection(134)) - be6365c1-8fb2-47f9-87b1-78a3fb38138b: shutdown LeaderElection
2019-11-15 04:25:17,284 [be6365c1-8fb2-47f9-87b1-78a3fb38138b@group-B41F48618BA6-LeaderElection195] INFO  impl.RoleInfo (RoleInfo.java:updateAndGet(143)) - be6365c1-8fb2-47f9-87b1-78a3fb38138b: start FollowerState
2019-11-15 04:25:17,308 [grpc-default-executor-18] WARN  server.GrpcLogAppender (LogUtils.java:warn(134)) - 64e09b31-9ee8-424d-be17-3e0ab51a0c68@group-1F0597F7C030->ed7fcdca-26e4-49e6-a038-f4a6d52e370d-AppendLogResponseHandler: Failed appendEntries: org.apache.ratis.thirdparty.io.grpc.StatusRuntimeException: UNAVAILABLE: io exception
2019-11-15 04:25:17,308 [grpc-default-executor-18] INFO  impl.FollowerInfo (FollowerInfo.java:lambda$new$0(51)) - 64e09b31-9ee8-424d-be17-3e0ab51a0c68@group-1F0597F7C030->ed7fcdca-26e4-49e6-a038-f4a6d52e370d: nextIndex: updateUnconditionally 0 -> 0
2019-11-15 04:25:17,807 [grpc-default-executor-16] WARN  server.GrpcLogAppender (LogUtils.java:warn(134)) - 64e09b31-9ee8-424d-be17-3e0ab51a0c68@group-1F0597F7C030->ed7fcdca-26e4-49e6-a038-f4a6d52e370d-AppendLogResponseHandler: Failed appendEntries: org.apache.ratis.thirdparty.io.grpc.StatusRuntimeException: UNAVAILABLE: io exception
2019-11-15 04:25:17,808 [grpc-default-executor-16] INFO  impl.FollowerInfo (FollowerInfo.java:lambda$new$0(51)) - 64e09b31-9ee8-424d-be17-3e0ab51a0c68@group-1F0597F7C030->ed7fcdca-26e4-49e6-a038-f4a6d52e370d: nextIndex: updateUnconditionally 0 -> 0
2019-11-15 04:25:18,308 [grpc-default-executor-16] WARN  server.GrpcLogAppender (LogUtils.java:warn(134)) - 64e09b31-9ee8-424d-be17-3e0ab51a0c68@group-1F0597F7C030->ed7fcdca-26e4-49e6-a038-f4a6d52e370d-AppendLogResponseHandler: Failed appendEntries: org.apache.ratis.thirdparty.io.grpc.StatusRuntimeException: UNAVAILABLE: io exception
2019-11-15 04:25:18,309 [grpc-default-executor-16] INFO  impl.FollowerInfo (FollowerInfo.java:lambda$new$0(51)) - 64e09b31-9ee8-424d-be17-3e0ab51a0c68@group-1F0597F7C030->ed7fcdca-26e4-49e6-a038-f4a6d52e370d: nextIndex: updateUnconditionally 0 -> 0
2019-11-15 04:25:18,344 [Thread-4051] INFO  impl.FollowerState (FollowerState.java:run(111)) - be6365c1-8fb2-47f9-87b1-78a3fb38138b@group-B41F48618BA6-FollowerState: change to CANDIDATE, lastRpcTime:1060ms, electionTimeout:1060ms
2019-11-15 04:25:18,344 [Thread-4051] INFO  impl.RoleInfo (RoleInfo.java:shutdownFollowerState(121)) - be6365c1-8fb2-47f9-87b1-78a3fb38138b: shutdown FollowerState
2019-11-15 04:25:18,344 [Thread-4051] INFO  impl.RaftServerImpl (RaftServerImpl.java:setRole(173)) - be6365c1-8fb2-47f9-87b1-78a3fb38138b@group-B41F48618BA6: changes role from  FOLLOWER to CANDIDATE at term 11 for changeToCandidate
2019-11-15 04:25:18,344 [Thread-4051] INFO  impl.RoleInfo (RoleInfo.java:updateAndGet(143)) - be6365c1-8fb2-47f9-87b1-78a3fb38138b: start LeaderElection
2019-11-15 04:25:18,446 [be6365c1-8fb2-47f9-87b1-78a3fb38138b@group-B41F48618BA6-LeaderElection196] INFO  impl.LeaderElection (LeaderElection.java:askForVotes(178)) - be6365c1-8fb2-47f9-87b1-78a3fb38138b@group-B41F48618BA6-LeaderElection196: begin an election at term 12 for 5: [b8480f98-5c77-4f73-b6b9-e737b10a7f9e:192.168.34.61:32848, be6365c1-8fb2-47f9-87b1-78a3fb38138b:192.168.34.61:44393, f15e9ea2-ac28-4081-8e04-15028e251385:192.168.34.61:44094], old=null
2019-11-15 04:25:18,447 [be6365c1-8fb2-47f9-87b1-78a3fb38138b@group-B41F48618BA6-LeaderElection196] INFO  impl.LeaderElection (LogUtils.java:infoOrTrace(149)) - be6365c1-8fb2-47f9-87b1-78a3fb38138b@group-B41F48618BA6-LeaderElection196 got exception when requesting votes: {}
java.util.concurrent.ExecutionException: org.apache.ratis.thirdparty.io.grpc.StatusRuntimeException: UNAVAILABLE: io exception
	at java.util.concurrent.FutureTask.report(FutureTask.java:122)
	at java.util.concurrent.FutureTask.get(FutureTask.java:192)
	at org.apache.ratis.server.impl.LeaderElection.waitForResults(LeaderElection.java:259)
	at org.apache.ratis.server.impl.LeaderElection.askForVotes(LeaderElection.java:197)
	at org.apache.ratis.server.impl.LeaderElection.run(LeaderElection.java:133)
	at java.lang.Thread.run(Thread.java:748)
Caused by: org.apache.ratis.thirdparty.io.grpc.StatusRuntimeException: UNAVAILABLE: io exception
	at org.apache.ratis.thirdparty.io.grpc.stub.ClientCalls.toStatusRuntimeException(ClientCalls.java:233)
	at org.apache.ratis.thirdparty.io.grpc.stub.ClientCalls.getUnchecked(ClientCalls.java:214)
	at org.apache.ratis.thirdparty.io.grpc.stub.ClientCalls.blockingUnaryCall(ClientCalls.java:139)
	at org.apache.ratis.proto.grpc.RaftServerProtocolServiceGrpc$RaftServerProtocolServiceBlockingStub.requestVote(RaftServerProtocolServiceGrpc.java:265)
	at org.apache.ratis.grpc.server.GrpcServerProtocolClient.requestVote(GrpcServerProtocolClient.java:99)
	at org.apache.ratis.grpc.server.GrpcService.requestVote(GrpcService.java:204)
	at org.apache.ratis.server.impl.LeaderElection.lambda$submitRequests$1(LeaderElection.java:234)
	at java.util.concurrent.FutureTask.run(FutureTask.java:266)
	at java.util.concurrent.Executors$RunnableAdapter.call(Executors.java:511)
	at java.util.concurrent.FutureTask.run(FutureTask.java:266)
	at java.util.concurrent.ThreadPoolExecutor.runWorker(ThreadPoolExecutor.java:1149)
	at java.util.concurrent.ThreadPoolExecutor$Worker.run(ThreadPoolExecutor.java:624)
	... 1 more
Caused by: org.apache.ratis.thirdparty.io.netty.channel.AbstractChannel$AnnotatedConnectException: Connection refused: /192.168.34.61:44094
	at sun.nio.ch.SocketChannelImpl.checkConnect(Native Method)
	at sun.nio.ch.SocketChannelImpl.finishConnect(SocketChannelImpl.java:717)
	at org.apache.ratis.thirdparty.io.netty.channel.socket.nio.NioSocketChannel.doFinishConnect(NioSocketChannel.java:327)
	at org.apache.ratis.thirdparty.io.netty.channel.nio.AbstractNioChannel$AbstractNioUnsafe.finishConnect(AbstractNioChannel.java:340)
	at org.apache.ratis.thirdparty.io.netty.channel.nio.NioEventLoop.processSelectedKey(NioEventLoop.java:632)
	at org.apache.ratis.thirdparty.io.netty.channel.nio.NioEventLoop.processSelectedKeysOptimized(NioEventLoop.java:579)
	at org.apache.ratis.thirdparty.io.netty.channel.nio.NioEventLoop.processSelectedKeys(NioEventLoop.java:496)
	at org.apache.ratis.thirdparty.io.netty.channel.nio.NioEventLoop.run(NioEventLoop.java:458)
	at org.apache.ratis.thirdparty.io.netty.util.concurrent.SingleThreadEventExecutor$5.run(SingleThreadEventExecutor.java:897)
	at org.apache.ratis.thirdparty.io.netty.util.concurrent.FastThreadLocalRunnable.run(FastThreadLocalRunnable.java:30)
	... 1 more
Caused by: java.net.ConnectException: Connection refused
	... 11 more
2019-11-15 04:25:18,448 [be6365c1-8fb2-47f9-87b1-78a3fb38138b@group-B41F48618BA6-LeaderElection196] INFO  impl.LeaderElection (LogUtils.java:infoOrTrace(149)) - be6365c1-8fb2-47f9-87b1-78a3fb38138b@group-B41F48618BA6-LeaderElection196 got exception when requesting votes: {}
java.util.concurrent.ExecutionException: org.apache.ratis.thirdparty.io.grpc.StatusRuntimeException: UNAVAILABLE: io exception
	at java.util.concurrent.FutureTask.report(FutureTask.java:122)
	at java.util.concurrent.FutureTask.get(FutureTask.java:192)
	at org.apache.ratis.server.impl.LeaderElection.waitForResults(LeaderElection.java:259)
	at org.apache.ratis.server.impl.LeaderElection.askForVotes(LeaderElection.java:197)
	at org.apache.ratis.server.impl.LeaderElection.run(LeaderElection.java:133)
	at java.lang.Thread.run(Thread.java:748)
Caused by: org.apache.ratis.thirdparty.io.grpc.StatusRuntimeException: UNAVAILABLE: io exception
	at org.apache.ratis.thirdparty.io.grpc.stub.ClientCalls.toStatusRuntimeException(ClientCalls.java:233)
	at org.apache.ratis.thirdparty.io.grpc.stub.ClientCalls.getUnchecked(ClientCalls.java:214)
	at org.apache.ratis.thirdparty.io.grpc.stub.ClientCalls.blockingUnaryCall(ClientCalls.java:139)
	at org.apache.ratis.proto.grpc.RaftServerProtocolServiceGrpc$RaftServerProtocolServiceBlockingStub.requestVote(RaftServerProtocolServiceGrpc.java:265)
	at org.apache.ratis.grpc.server.GrpcServerProtocolClient.requestVote(GrpcServerProtocolClient.java:99)
	at org.apache.ratis.grpc.server.GrpcService.requestVote(GrpcService.java:204)
	at org.apache.ratis.server.impl.LeaderElection.lambda$submitRequests$1(LeaderElection.java:234)
	at java.util.concurrent.FutureTask.run(FutureTask.java:266)
	at java.util.concurrent.Executors$RunnableAdapter.call(Executors.java:511)
	at java.util.concurrent.FutureTask.run(FutureTask.java:266)
	at java.util.concurrent.ThreadPoolExecutor.runWorker(ThreadPoolExecutor.java:1149)
	at java.util.concurrent.ThreadPoolExecutor$Worker.run(ThreadPoolExecutor.java:624)
	... 1 more
Caused by: org.apache.ratis.thirdparty.io.netty.channel.AbstractChannel$AnnotatedConnectException: Connection refused: /192.168.34.61:32848
	at sun.nio.ch.SocketChannelImpl.checkConnect(Native Method)
	at sun.nio.ch.SocketChannelImpl.finishConnect(SocketChannelImpl.java:717)
	at org.apache.ratis.thirdparty.io.netty.channel.socket.nio.NioSocketChannel.doFinishConnect(NioSocketChannel.java:327)
	at org.apache.ratis.thirdparty.io.netty.channel.nio.AbstractNioChannel$AbstractNioUnsafe.finishConnect(AbstractNioChannel.java:340)
	at org.apache.ratis.thirdparty.io.netty.channel.nio.NioEventLoop.processSelectedKey(NioEventLoop.java:632)
	at org.apache.ratis.thirdparty.io.netty.channel.nio.NioEventLoop.processSelectedKeysOptimized(NioEventLoop.java:579)
	at org.apache.ratis.thirdparty.io.netty.channel.nio.NioEventLoop.processSelectedKeys(NioEventLoop.java:496)
	at org.apache.ratis.thirdparty.io.netty.channel.nio.NioEventLoop.run(NioEventLoop.java:458)
	at org.apache.ratis.thirdparty.io.netty.util.concurrent.SingleThreadEventExecutor$5.run(SingleThreadEventExecutor.java:897)
	at org.apache.ratis.thirdparty.io.netty.util.concurrent.FastThreadLocalRunnable.run(FastThreadLocalRunnable.java:30)
	... 1 more
Caused by: java.net.ConnectException: Connection refused
	... 11 more
2019-11-15 04:25:18,449 [be6365c1-8fb2-47f9-87b1-78a3fb38138b@group-B41F48618BA6-LeaderElection196] INFO  impl.LeaderElection (LeaderElection.java:logAndReturn(56)) - be6365c1-8fb2-47f9-87b1-78a3fb38138b@group-B41F48618BA6-LeaderElection196: Election REJECTED; received 0 response(s) [] and 2 exception(s); be6365c1-8fb2-47f9-87b1-78a3fb38138b@group-B41F48618BA6:t12, leader=null, voted=be6365c1-8fb2-47f9-87b1-78a3fb38138b, raftlog=be6365c1-8fb2-47f9-87b1-78a3fb38138b@group-B41F48618BA6-SegmentedRaftLog:OPENED:c6,f6,i6, conf=5: [b8480f98-5c77-4f73-b6b9-e737b10a7f9e:192.168.34.61:32848, be6365c1-8fb2-47f9-87b1-78a3fb38138b:192.168.34.61:44393, f15e9ea2-ac28-4081-8e04-15028e251385:192.168.34.61:44094], old=null
2019-11-15 04:25:18,449 [be6365c1-8fb2-47f9-87b1-78a3fb38138b@group-B41F48618BA6-LeaderElection196] INFO  impl.LeaderElection (LogUtils.java:infoOrTrace(149)) -   Exception 0: {}
java.util.concurrent.ExecutionException: org.apache.ratis.thirdparty.io.grpc.StatusRuntimeException: UNAVAILABLE: io exception
	at java.util.concurrent.FutureTask.report(FutureTask.java:122)
	at java.util.concurrent.FutureTask.get(FutureTask.java:192)
	at org.apache.ratis.server.impl.LeaderElection.waitForResults(LeaderElection.java:259)
	at org.apache.ratis.server.impl.LeaderElection.askForVotes(LeaderElection.java:197)
	at org.apache.ratis.server.impl.LeaderElection.run(LeaderElection.java:133)
	at java.lang.Thread.run(Thread.java:748)
Caused by: org.apache.ratis.thirdparty.io.grpc.StatusRuntimeException: UNAVAILABLE: io exception
	at org.apache.ratis.thirdparty.io.grpc.stub.ClientCalls.toStatusRuntimeException(ClientCalls.java:233)
	at org.apache.ratis.thirdparty.io.grpc.stub.ClientCalls.getUnchecked(ClientCalls.java:214)
	at org.apache.ratis.thirdparty.io.grpc.stub.ClientCalls.blockingUnaryCall(ClientCalls.java:139)
	at org.apache.ratis.proto.grpc.RaftServerProtocolServiceGrpc$RaftServerProtocolServiceBlockingStub.requestVote(RaftServerProtocolServiceGrpc.java:265)
	at org.apache.ratis.grpc.server.GrpcServerProtocolClient.requestVote(GrpcServerProtocolClient.java:99)
	at org.apache.ratis.grpc.server.GrpcService.requestVote(GrpcService.java:204)
	at org.apache.ratis.server.impl.LeaderElection.lambda$submitRequests$1(LeaderElection.java:234)
	at java.util.concurrent.FutureTask.run(FutureTask.java:266)
	at java.util.concurrent.Executors$RunnableAdapter.call(Executors.java:511)
	at java.util.concurrent.FutureTask.run(FutureTask.java:266)
	at java.util.concurrent.ThreadPoolExecutor.runWorker(ThreadPoolExecutor.java:1149)
	at java.util.concurrent.ThreadPoolExecutor$Worker.run(ThreadPoolExecutor.java:624)
	... 1 more
Caused by: org.apache.ratis.thirdparty.io.netty.channel.AbstractChannel$AnnotatedConnectException: Connection refused: /192.168.34.61:44094
	at sun.nio.ch.SocketChannelImpl.checkConnect(Native Method)
	at sun.nio.ch.SocketChannelImpl.finishConnect(SocketChannelImpl.java:717)
	at org.apache.ratis.thirdparty.io.netty.channel.socket.nio.NioSocketChannel.doFinishConnect(NioSocketChannel.java:327)
	at org.apache.ratis.thirdparty.io.netty.channel.nio.AbstractNioChannel$AbstractNioUnsafe.finishConnect(AbstractNioChannel.java:340)
	at org.apache.ratis.thirdparty.io.netty.channel.nio.NioEventLoop.processSelectedKey(NioEventLoop.java:632)
	at org.apache.ratis.thirdparty.io.netty.channel.nio.NioEventLoop.processSelectedKeysOptimized(NioEventLoop.java:579)
	at org.apache.ratis.thirdparty.io.netty.channel.nio.NioEventLoop.processSelectedKeys(NioEventLoop.java:496)
	at org.apache.ratis.thirdparty.io.netty.channel.nio.NioEventLoop.run(NioEventLoop.java:458)
	at org.apache.ratis.thirdparty.io.netty.util.concurrent.SingleThreadEventExecutor$5.run(SingleThreadEventExecutor.java:897)
	at org.apache.ratis.thirdparty.io.netty.util.concurrent.FastThreadLocalRunnable.run(FastThreadLocalRunnable.java:30)
	... 1 more
Caused by: java.net.ConnectException: Connection refused
	... 11 more
2019-11-15 04:25:18,449 [be6365c1-8fb2-47f9-87b1-78a3fb38138b@group-B41F48618BA6-LeaderElection196] INFO  impl.LeaderElection (LogUtils.java:infoOrTrace(149)) -   Exception 1: {}
java.util.concurrent.ExecutionException: org.apache.ratis.thirdparty.io.grpc.StatusRuntimeException: UNAVAILABLE: io exception
	at java.util.concurrent.FutureTask.report(FutureTask.java:122)
	at java.util.concurrent.FutureTask.get(FutureTask.java:192)
	at org.apache.ratis.server.impl.LeaderElection.waitForResults(LeaderElection.java:259)
	at org.apache.ratis.server.impl.LeaderElection.askForVotes(LeaderElection.java:197)
	at org.apache.ratis.server.impl.LeaderElection.run(LeaderElection.java:133)
	at java.lang.Thread.run(Thread.java:748)
Caused by: org.apache.ratis.thirdparty.io.grpc.StatusRuntimeException: UNAVAILABLE: io exception
	at org.apache.ratis.thirdparty.io.grpc.stub.ClientCalls.toStatusRuntimeException(ClientCalls.java:233)
	at org.apache.ratis.thirdparty.io.grpc.stub.ClientCalls.getUnchecked(ClientCalls.java:214)
	at org.apache.ratis.thirdparty.io.grpc.stub.ClientCalls.blockingUnaryCall(ClientCalls.java:139)
	at org.apache.ratis.proto.grpc.RaftServerProtocolServiceGrpc$RaftServerProtocolServiceBlockingStub.requestVote(RaftServerProtocolServiceGrpc.java:265)
	at org.apache.ratis.grpc.server.GrpcServerProtocolClient.requestVote(GrpcServerProtocolClient.java:99)
	at org.apache.ratis.grpc.server.GrpcService.requestVote(GrpcService.java:204)
	at org.apache.ratis.server.impl.LeaderElection.lambda$submitRequests$1(LeaderElection.java:234)
	at java.util.concurrent.FutureTask.run(FutureTask.java:266)
	at java.util.concurrent.Executors$RunnableAdapter.call(Executors.java:511)
	at java.util.concurrent.FutureTask.run(FutureTask.java:266)
	at java.util.concurrent.ThreadPoolExecutor.runWorker(ThreadPoolExecutor.java:1149)
	at java.util.concurrent.ThreadPoolExecutor$Worker.run(ThreadPoolExecutor.java:624)
	... 1 more
Caused by: org.apache.ratis.thirdparty.io.netty.channel.AbstractChannel$AnnotatedConnectException: Connection refused: /192.168.34.61:32848
	at sun.nio.ch.SocketChannelImpl.checkConnect(Native Method)
	at sun.nio.ch.SocketChannelImpl.finishConnect(SocketChannelImpl.java:717)
	at org.apache.ratis.thirdparty.io.netty.channel.socket.nio.NioSocketChannel.doFinishConnect(NioSocketChannel.java:327)
	at org.apache.ratis.thirdparty.io.netty.channel.nio.AbstractNioChannel$AbstractNioUnsafe.finishConnect(AbstractNioChannel.java:340)
	at org.apache.ratis.thirdparty.io.netty.channel.nio.NioEventLoop.processSelectedKey(NioEventLoop.java:632)
	at org.apache.ratis.thirdparty.io.netty.channel.nio.NioEventLoop.processSelectedKeysOptimized(NioEventLoop.java:579)
	at org.apache.ratis.thirdparty.io.netty.channel.nio.NioEventLoop.processSelectedKeys(NioEventLoop.java:496)
	at org.apache.ratis.thirdparty.io.netty.channel.nio.NioEventLoop.run(NioEventLoop.java:458)
	at org.apache.ratis.thirdparty.io.netty.util.concurrent.SingleThreadEventExecutor$5.run(SingleThreadEventExecutor.java:897)
	at org.apache.ratis.thirdparty.io.netty.util.concurrent.FastThreadLocalRunnable.run(FastThreadLocalRunnable.java:30)
	... 1 more
Caused by: java.net.ConnectException: Connection refused
	... 11 more
2019-11-15 04:25:18,450 [be6365c1-8fb2-47f9-87b1-78a3fb38138b@group-B41F48618BA6-LeaderElection196] INFO  impl.RaftServerImpl (RaftServerImpl.java:setRole(173)) - be6365c1-8fb2-47f9-87b1-78a3fb38138b@group-B41F48618BA6: changes role from CANDIDATE to FOLLOWER at term 12 for DISCOVERED_A_NEW_TERM
2019-11-15 04:25:18,450 [be6365c1-8fb2-47f9-87b1-78a3fb38138b@group-B41F48618BA6-LeaderElection196] INFO  impl.RoleInfo (RoleInfo.java:shutdownLeaderElection(134)) - be6365c1-8fb2-47f9-87b1-78a3fb38138b: shutdown LeaderElection
2019-11-15 04:25:18,450 [be6365c1-8fb2-47f9-87b1-78a3fb38138b@group-B41F48618BA6-LeaderElection196] INFO  impl.RoleInfo (RoleInfo.java:updateAndGet(143)) - be6365c1-8fb2-47f9-87b1-78a3fb38138b: start FollowerState
2019-11-15 04:25:18,809 [grpc-default-executor-18] WARN  server.GrpcLogAppender (LogUtils.java:warn(134)) - 64e09b31-9ee8-424d-be17-3e0ab51a0c68@group-1F0597F7C030->ed7fcdca-26e4-49e6-a038-f4a6d52e370d-AppendLogResponseHandler: Failed appendEntries: org.apache.ratis.thirdparty.io.grpc.StatusRuntimeException: UNAVAILABLE: io exception
2019-11-15 04:25:18,809 [grpc-default-executor-18] INFO  impl.FollowerInfo (FollowerInfo.java:lambda$new$0(51)) - 64e09b31-9ee8-424d-be17-3e0ab51a0c68@group-1F0597F7C030->ed7fcdca-26e4-49e6-a038-f4a6d52e370d: nextIndex: updateUnconditionally 0 -> 0
2019-11-15 04:25:18,859 [main] INFO  ozoneimpl.OzoneContainer (OzoneContainer.java:stop(244)) - Attempting to stop container services.
2019-11-15 04:25:18,859 [main] INFO  impl.RaftServerProxy (RaftServerProxy.java:lambda$close$4(314)) - ba7b154f-e59a-417b-969a-e8c75d4b6746: close
2019-11-15 04:25:18,860 [main] INFO  impl.RaftServerImpl (RaftServerImpl.java:lambda$shutdown$3(250)) - ba7b154f-e59a-417b-969a-e8c75d4b6746@group-C3E515194F35: shutdown
2019-11-15 04:25:18,860 [main] INFO  util.JmxRegister (JmxRegister.java:unregister(73)) - Successfully un-registered JMX Bean with object name Ratis:service=RaftServer,group=group-C3E515194F35,id=ba7b154f-e59a-417b-969a-e8c75d4b6746
2019-11-15 04:25:18,860 [main] INFO  impl.RoleInfo (RoleInfo.java:shutdownLeaderState(104)) - ba7b154f-e59a-417b-969a-e8c75d4b6746: shutdown LeaderState
2019-11-15 04:25:18,871 [org.apache.ratis.server.impl.LogAppender$AppenderDaemon$$Lambda$1148/648630451@4740da03] WARN  server.GrpcLogAppender (GrpcLogAppender.java:mayWait(151)) - ba7b154f-e59a-417b-969a-e8c75d4b6746@group-C3E515194F35->8e34abce-4df2-4d13-822a-b9906190a447-GrpcLogAppender: Wait interrupted by java.lang.InterruptedException
2019-11-15 04:25:18,871 [org.apache.ratis.server.impl.LogAppender$AppenderDaemon$$Lambda$1148/648630451@242442f] WARN  server.GrpcLogAppender (GrpcLogAppender.java:mayWait(151)) - ba7b154f-e59a-417b-969a-e8c75d4b6746@group-C3E515194F35->ddd86f17-0fb6-44dc-8f8a-1b8ddc68cc7e-GrpcLogAppender: Wait interrupted by java.lang.InterruptedException
2019-11-15 04:25:18,871 [main] INFO  impl.PendingRequests (PendingRequests.java:sendNotLeaderResponses(206)) - ba7b154f-e59a-417b-969a-e8c75d4b6746@group-C3E515194F35-PendingRequests: sendNotLeaderResponses
2019-11-15 04:25:18,874 [grpc-default-executor-18] INFO  server.GrpcServerProtocolService (GrpcServerProtocolService.java:onCompleted(113)) - ddd86f17-0fb6-44dc-8f8a-1b8ddc68cc7e: Completed APPEND_ENTRIES, lastRequest: ba7b154f-e59a-417b-969a-e8c75d4b6746->ddd86f17-0fb6-44dc-8f8a-1b8ddc68cc7e#62-t1, previous=(t:1, i:5), leaderCommit=5, initializing? false, entries: <empty>
2019-11-15 04:25:18,874 [grpc-default-executor-16] INFO  server.GrpcServerProtocolService (GrpcServerProtocolService.java:onCompleted(113)) - 8e34abce-4df2-4d13-822a-b9906190a447: Completed APPEND_ENTRIES, lastRequest: ba7b154f-e59a-417b-969a-e8c75d4b6746->8e34abce-4df2-4d13-822a-b9906190a447#62-t1, previous=(t:1, i:5), leaderCommit=5, initializing? false, entries: <empty>
2019-11-15 04:25:18,874 [main] INFO  impl.StateMachineUpdater (StateMachineUpdater.java:stopAndJoin(136)) - ba7b154f-e59a-417b-969a-e8c75d4b6746@group-C3E515194F35-StateMachineUpdater: set stopIndex = 5
2019-11-15 04:25:18,875 [ba7b154f-e59a-417b-969a-e8c75d4b6746@group-C3E515194F35-StateMachineUpdater] INFO  ratis.ContainerStateMachine (ContainerStateMachine.java:takeSnapshot(285)) - group-C3E515194F35: Taking a snapshot at:(t:1, i:5) file /workdir/hadoop-ozone/integration-test/target/test-dir/MiniOzoneClusterImpl-b8077c48-d45a-4953-83b6-e1fc361e67bb/datanode-6/data/ratis/94ea20d5-f2f7-4c51-9fa4-c3e515194f35/sm/snapshot.1_5
2019-11-15 04:25:18,876 [grpc-default-executor-16] INFO  server.GrpcLogAppender (GrpcLogAppender.java:onCompleted(308)) - ba7b154f-e59a-417b-969a-e8c75d4b6746@group-C3E515194F35->8e34abce-4df2-4d13-822a-b9906190a447-AppendLogResponseHandler: follower responses appendEntries COMPLETED
2019-11-15 04:25:18,876 [grpc-default-executor-18] INFO  server.GrpcLogAppender (GrpcLogAppender.java:onCompleted(308)) - ba7b154f-e59a-417b-969a-e8c75d4b6746@group-C3E515194F35->ddd86f17-0fb6-44dc-8f8a-1b8ddc68cc7e-AppendLogResponseHandler: follower responses appendEntries COMPLETED
2019-11-15 04:25:18,876 [grpc-default-executor-18] INFO  impl.FollowerInfo (FollowerInfo.java:lambda$new$0(51)) - ba7b154f-e59a-417b-969a-e8c75d4b6746@group-C3E515194F35->ddd86f17-0fb6-44dc-8f8a-1b8ddc68cc7e: nextIndex: updateUnconditionally 6 -> 5
2019-11-15 04:25:18,876 [grpc-default-executor-16] INFO  impl.FollowerInfo (FollowerInfo.java:lambda$new$0(51)) - ba7b154f-e59a-417b-969a-e8c75d4b6746@group-C3E515194F35->8e34abce-4df2-4d13-822a-b9906190a447: nextIndex: updateUnconditionally 6 -> 5
2019-11-15 04:25:18,913 [ForkJoinPool.commonPool-worker-0] INFO  ozoneimpl.OzoneContainer (OzoneContainer.java:stop(244)) - Attempting to stop container services.
2019-11-15 04:25:18,913 [ForkJoinPool.commonPool-worker-0] INFO  impl.RaftServerProxy (RaftServerProxy.java:lambda$close$4(314)) - 64e09b31-9ee8-424d-be17-3e0ab51a0c68: close
2019-11-15 04:25:18,913 [ForkJoinPool.commonPool-worker-0] INFO  impl.RaftServerImpl (RaftServerImpl.java:lambda$shutdown$3(250)) - 64e09b31-9ee8-424d-be17-3e0ab51a0c68@group-1F0597F7C030: shutdown
2019-11-15 04:25:18,913 [ForkJoinPool.commonPool-worker-0] INFO  util.JmxRegister (JmxRegister.java:unregister(73)) - Successfully un-registered JMX Bean with object name Ratis:service=RaftServer,group=group-1F0597F7C030,id=64e09b31-9ee8-424d-be17-3e0ab51a0c68
2019-11-15 04:25:18,913 [ForkJoinPool.commonPool-worker-0] INFO  impl.RoleInfo (RoleInfo.java:shutdownLeaderState(104)) - 64e09b31-9ee8-424d-be17-3e0ab51a0c68: shutdown LeaderState
2019-11-15 04:25:18,914 [ForkJoinPool.commonPool-worker-0] INFO  impl.PendingRequests (PendingRequests.java:sendNotLeaderResponses(206)) - 64e09b31-9ee8-424d-be17-3e0ab51a0c68@group-1F0597F7C030-PendingRequests: sendNotLeaderResponses
2019-11-15 04:25:18,914 [org.apache.ratis.server.impl.LogAppender$AppenderDaemon$$Lambda$1148/648630451@6f54173d] WARN  server.GrpcLogAppender (GrpcLogAppender.java:mayWait(151)) - 64e09b31-9ee8-424d-be17-3e0ab51a0c68@group-1F0597F7C030->a0798825-8ead-4df5-a6ef-f7c35f311519-GrpcLogAppender: Wait interrupted by java.lang.InterruptedException
2019-11-15 04:25:18,914 [org.apache.ratis.server.impl.LogAppender$AppenderDaemon$$Lambda$1148/648630451@2a5694b3] WARN  server.GrpcLogAppender (GrpcLogAppender.java:mayWait(151)) - 64e09b31-9ee8-424d-be17-3e0ab51a0c68@group-1F0597F7C030->ed7fcdca-26e4-49e6-a038-f4a6d52e370d-GrpcLogAppender: Wait interrupted by java.lang.InterruptedException
2019-11-15 04:25:18,914 [ForkJoinPool.commonPool-worker-0] INFO  impl.StateMachineUpdater (StateMachineUpdater.java:stopAndJoin(136)) - 64e09b31-9ee8-424d-be17-3e0ab51a0c68@group-1F0597F7C030-StateMachineUpdater: set stopIndex = 0
2019-11-15 04:25:18,914 [grpc-default-executor-16] INFO  server.GrpcServerProtocolService (GrpcServerProtocolService.java:onCompleted(113)) - a0798825-8ead-4df5-a6ef-f7c35f311519: Completed APPEND_ENTRIES, lastRequest: 64e09b31-9ee8-424d-be17-3e0ab51a0c68->a0798825-8ead-4df5-a6ef-f7c35f311519#59-t1, previous=(t:1, i:0), leaderCommit=0, initializing? false, entries: <empty>
2019-11-15 04:25:18,914 [ForkJoinPool.commonPool-worker-0] INFO  impl.RaftServerImpl (ServerState.java:close(387)) - 64e09b31-9ee8-424d-be17-3e0ab51a0c68@group-1F0597F7C030: closes. applyIndex: 0
2019-11-15 04:25:18,915 [grpc-default-executor-16] INFO  server.GrpcLogAppender (GrpcLogAppender.java:onCompleted(308)) - 64e09b31-9ee8-424d-be17-3e0ab51a0c68@group-1F0597F7C030->a0798825-8ead-4df5-a6ef-f7c35f311519-AppendLogResponseHandler: follower responses appendEntries COMPLETED
2019-11-15 04:25:18,915 [64e09b31-9ee8-424d-be17-3e0ab51a0c68@group-1F0597F7C030-SegmentedRaftLogWorker] INFO  segmented.SegmentedRaftLogWorker (SegmentedRaftLogWorker.java:run(316)) - 64e09b31-9ee8-424d-be17-3e0ab51a0c68@group-1F0597F7C030-SegmentedRaftLogWorker was interrupted, exiting. There are 0 tasks remaining in the queue.
2019-11-15 04:25:18,917 [grpc-default-executor-16] INFO  impl.FollowerInfo (FollowerInfo.java:lambda$new$0(51)) - 64e09b31-9ee8-424d-be17-3e0ab51a0c68@group-1F0597F7C030->a0798825-8ead-4df5-a6ef-f7c35f311519: nextIndex: updateUnconditionally 1 -> 0
2019-11-15 04:25:18,956 [ForkJoinPool.commonPool-worker-0] INFO  segmented.SegmentedRaftLogWorker (SegmentedRaftLogWorker.java:close(224)) - 64e09b31-9ee8-424d-be17-3e0ab51a0c68@group-1F0597F7C030-SegmentedRaftLogWorker close()
2019-11-15 04:25:18,960 [ForkJoinPool.commonPool-worker-0] INFO  impl.RaftServerImpl (RaftServerImpl.java:lambda$shutdown$3(250)) - 64e09b31-9ee8-424d-be17-3e0ab51a0c68@group-EE00FC5E4418: shutdown
2019-11-15 04:25:18,960 [ForkJoinPool.commonPool-worker-0] INFO  util.JmxRegister (JmxRegister.java:unregister(73)) - Successfully un-registered JMX Bean with object name Ratis:service=RaftServer,group=group-EE00FC5E4418,id=64e09b31-9ee8-424d-be17-3e0ab51a0c68
2019-11-15 04:25:18,960 [ForkJoinPool.commonPool-worker-0] INFO  impl.RoleInfo (RoleInfo.java:shutdownLeaderState(104)) - 64e09b31-9ee8-424d-be17-3e0ab51a0c68: shutdown LeaderState
2019-11-15 04:25:18,960 [ForkJoinPool.commonPool-worker-0] INFO  impl.PendingRequests (PendingRequests.java:sendNotLeaderResponses(206)) - 64e09b31-9ee8-424d-be17-3e0ab51a0c68@group-EE00FC5E4418-PendingRequests: sendNotLeaderResponses
2019-11-15 04:25:18,960 [ForkJoinPool.commonPool-worker-0] INFO  impl.StateMachineUpdater (StateMachineUpdater.java:stopAndJoin(136)) - 64e09b31-9ee8-424d-be17-3e0ab51a0c68@group-EE00FC5E4418-StateMachineUpdater: set stopIndex = 0
2019-11-15 04:25:18,961 [ForkJoinPool.commonPool-worker-0] INFO  impl.RaftServerImpl (ServerState.java:close(387)) - 64e09b31-9ee8-424d-be17-3e0ab51a0c68@group-EE00FC5E4418: closes. applyIndex: 0
2019-11-15 04:25:18,961 [64e09b31-9ee8-424d-be17-3e0ab51a0c68@group-EE00FC5E4418-SegmentedRaftLogWorker] INFO  segmented.SegmentedRaftLogWorker (SegmentedRaftLogWorker.java:run(316)) - 64e09b31-9ee8-424d-be17-3e0ab51a0c68@group-EE00FC5E4418-SegmentedRaftLogWorker was interrupted, exiting. There are 0 tasks remaining in the queue.
2019-11-15 04:25:18,962 [ForkJoinPool.commonPool-worker-0] INFO  segmented.SegmentedRaftLogWorker (SegmentedRaftLogWorker.java:close(224)) - 64e09b31-9ee8-424d-be17-3e0ab51a0c68@group-EE00FC5E4418-SegmentedRaftLogWorker close()
2019-11-15 04:25:18,964 [ForkJoinPool.commonPool-worker-0] INFO  server.GrpcService (GrpcService.java:closeImpl(164)) - 64e09b31-9ee8-424d-be17-3e0ab51a0c68: shutdown server with port 46300 now
2019-11-15 04:25:18,965 [ForkJoinPool.commonPool-worker-0] INFO  server.GrpcService (GrpcService.java:closeImpl(172)) - 64e09b31-9ee8-424d-be17-3e0ab51a0c68: shutdown server with port 46300 successfully
2019-11-15 04:25:18,969 [refreshUsed-/workdir/hadoop-ozone/integration-test/target/test-dir/MiniOzoneClusterImpl-b8077c48-d45a-4953-83b6-e1fc361e67bb/datanode-3/data/containers] WARN  fs.CachingGetSpaceUsed (CachingGetSpaceUsed.java:run(183)) - Thread Interrupted waiting to refresh disk information: sleep interrupted
2019-11-15 04:25:18,980 [ba7b154f-e59a-417b-969a-e8c75d4b6746@group-C3E515194F35-StateMachineUpdater] INFO  ratis.ContainerStateMachine (ContainerStateMachine.java:takeSnapshot(296)) - group-C3E515194F35: Finished taking a snapshot at:(t:1, i:5) file:/workdir/hadoop-ozone/integration-test/target/test-dir/MiniOzoneClusterImpl-b8077c48-d45a-4953-83b6-e1fc361e67bb/datanode-6/data/ratis/94ea20d5-f2f7-4c51-9fa4-c3e515194f35/sm/snapshot.1_5 time:104
2019-11-15 04:25:18,980 [ba7b154f-e59a-417b-969a-e8c75d4b6746@group-C3E515194F35-StateMachineUpdater] INFO  impl.StateMachineUpdater (StateMachineUpdater.java:takeSnapshot(269)) - ba7b154f-e59a-417b-969a-e8c75d4b6746@group-C3E515194F35-StateMachineUpdater: Took a snapshot at index 5
2019-11-15 04:25:18,981 [ba7b154f-e59a-417b-969a-e8c75d4b6746@group-C3E515194F35-StateMachineUpdater] INFO  impl.StateMachineUpdater (StateMachineUpdater.java:lambda$new$0(84)) - ba7b154f-e59a-417b-969a-e8c75d4b6746@group-C3E515194F35-StateMachineUpdater: snapshotIndex: updateIncreasingly -1 -> 5
2019-11-15 04:25:18,981 [main] INFO  impl.RaftServerImpl (ServerState.java:close(387)) - ba7b154f-e59a-417b-969a-e8c75d4b6746@group-C3E515194F35: closes. applyIndex: 5
2019-11-15 04:25:18,981 [ba7b154f-e59a-417b-969a-e8c75d4b6746@group-C3E515194F35-SegmentedRaftLogWorker] INFO  segmented.SegmentedRaftLogWorker (SegmentedRaftLogWorker.java:run(316)) - ba7b154f-e59a-417b-969a-e8c75d4b6746@group-C3E515194F35-SegmentedRaftLogWorker was interrupted, exiting. There are 0 tasks remaining in the queue.
2019-11-15 04:25:18,983 [main] INFO  segmented.SegmentedRaftLogWorker (SegmentedRaftLogWorker.java:close(224)) - ba7b154f-e59a-417b-969a-e8c75d4b6746@group-C3E515194F35-SegmentedRaftLogWorker close()
2019-11-15 04:25:18,985 [main] INFO  impl.RaftServerImpl (RaftServerImpl.java:lambda$shutdown$3(250)) - ba7b154f-e59a-417b-969a-e8c75d4b6746@group-3386C323F25D: shutdown
2019-11-15 04:25:18,985 [main] INFO  util.JmxRegister (JmxRegister.java:unregister(73)) - Successfully un-registered JMX Bean with object name Ratis:service=RaftServer,group=group-3386C323F25D,id=ba7b154f-e59a-417b-969a-e8c75d4b6746
2019-11-15 04:25:18,986 [main] INFO  impl.RoleInfo (RoleInfo.java:shutdownLeaderState(104)) - ba7b154f-e59a-417b-969a-e8c75d4b6746: shutdown LeaderState
2019-11-15 04:25:18,986 [ForkJoinPool.commonPool-worker-0] INFO  utils.BackgroundService (BackgroundService.java:shutdown(151)) - Shutting down service BlockDeletingService
2019-11-15 04:25:18,986 [main] INFO  impl.PendingRequests (PendingRequests.java:sendNotLeaderResponses(206)) - ba7b154f-e59a-417b-969a-e8c75d4b6746@group-3386C323F25D-PendingRequests: sendNotLeaderResponses
2019-11-15 04:25:18,986 [main] INFO  impl.StateMachineUpdater (StateMachineUpdater.java:stopAndJoin(136)) - ba7b154f-e59a-417b-969a-e8c75d4b6746@group-3386C323F25D-StateMachineUpdater: set stopIndex = 0
2019-11-15 04:25:18,987 [ForkJoinPool.commonPool-worker-0] INFO  statemachine.DatanodeStateMachine (DatanodeStateMachine.java:stopDaemon(406)) - Ozone container server stopped.
2019-11-15 04:25:18,987 [main] INFO  impl.RaftServerImpl (ServerState.java:close(387)) - ba7b154f-e59a-417b-969a-e8c75d4b6746@group-3386C323F25D: closes. applyIndex: 0
2019-11-15 04:25:18,992 [ba7b154f-e59a-417b-969a-e8c75d4b6746@group-3386C323F25D-SegmentedRaftLogWorker] INFO  segmented.SegmentedRaftLogWorker (SegmentedRaftLogWorker.java:run(316)) - ba7b154f-e59a-417b-969a-e8c75d4b6746@group-3386C323F25D-SegmentedRaftLogWorker was interrupted, exiting. There are 0 tasks remaining in the queue.
2019-11-15 04:25:18,994 [main] INFO  segmented.SegmentedRaftLogWorker (SegmentedRaftLogWorker.java:close(224)) - ba7b154f-e59a-417b-969a-e8c75d4b6746@group-3386C323F25D-SegmentedRaftLogWorker close()
2019-11-15 04:25:19,000 [main] INFO  server.GrpcService (GrpcService.java:closeImpl(164)) - ba7b154f-e59a-417b-969a-e8c75d4b6746: shutdown server with port 40163 now
2019-11-15 04:25:19,005 [ForkJoinPool.commonPool-worker-0] INFO  handler.ContextHandler (ContextHandler.java:doStop(910)) - Stopped o.e.j.w.WebAppContext@1068176{/,null,UNAVAILABLE}{/hddsDatanode}
2019-11-15 04:25:19,005 [main] INFO  server.GrpcService (GrpcService.java:closeImpl(172)) - ba7b154f-e59a-417b-969a-e8c75d4b6746: shutdown server with port 40163 successfully
2019-11-15 04:25:19,006 [ForkJoinPool.commonPool-worker-0] INFO  server.AbstractConnector (AbstractConnector.java:doStop(318)) - Stopped ServerConnector@5bf4764d{HTTP/1.1,[http/1.1]}{0.0.0.0:0}
2019-11-15 04:25:19,007 [ForkJoinPool.commonPool-worker-0] INFO  handler.ContextHandler (ContextHandler.java:doStop(910)) - Stopped o.e.j.s.ServletContextHandler@626c569b{/static,jar:file:/home/user/.m2/repository/org/apache/hadoop/hadoop-hdds-container-service/0.5.0-SNAPSHOT/hadoop-hdds-container-service-0.5.0-SNAPSHOT.jar!/webapps/static,UNAVAILABLE}
2019-11-15 04:25:19,008 [ForkJoinPool.commonPool-worker-0] INFO  handler.ContextHandler (ContextHandler.java:doStop(910)) - Stopped o.e.j.s.ServletContextHandler@3d1c933{/logs,file:///workdir/hadoop-ozone/integration-test/target/log,UNAVAILABLE}
2019-11-15 04:25:19,012 [refreshUsed-/workdir/hadoop-ozone/integration-test/target/test-dir/MiniOzoneClusterImpl-b8077c48-d45a-4953-83b6-e1fc361e67bb/datanode-6/data/containers] WARN  fs.CachingGetSpaceUsed (CachingGetSpaceUsed.java:run(183)) - Thread Interrupted waiting to refresh disk information: sleep interrupted
2019-11-15 04:25:19,021 [main] INFO  utils.BackgroundService (BackgroundService.java:shutdown(151)) - Shutting down service BlockDeletingService
2019-11-15 04:25:19,023 [main] INFO  statemachine.DatanodeStateMachine (DatanodeStateMachine.java:stopDaemon(406)) - Ozone container server stopped.
2019-11-15 04:25:19,023 [main] INFO  handler.ContextHandler (ContextHandler.java:doStop(910)) - Stopped o.e.j.w.WebAppContext@1cde374{/,null,UNAVAILABLE}{/hddsDatanode}
2019-11-15 04:25:19,024 [main] INFO  server.AbstractConnector (AbstractConnector.java:doStop(318)) - Stopped ServerConnector@6818fd48{HTTP/1.1,[http/1.1]}{0.0.0.0:0}
2019-11-15 04:25:19,024 [main] INFO  handler.ContextHandler (ContextHandler.java:doStop(910)) - Stopped o.e.j.s.ServletContextHandler@3915e7c3{/static,jar:file:/home/user/.m2/repository/org/apache/hadoop/hadoop-hdds-container-service/0.5.0-SNAPSHOT/hadoop-hdds-container-service-0.5.0-SNAPSHOT.jar!/webapps/static,UNAVAILABLE}
2019-11-15 04:25:19,024 [main] INFO  handler.ContextHandler (ContextHandler.java:doStop(910)) - Stopped o.e.j.s.ServletContextHandler@105db94d{/logs,file:///workdir/hadoop-ozone/integration-test/target/log,UNAVAILABLE}
2019-11-15 04:25:19,469 [Thread-4064] INFO  impl.FollowerState (FollowerState.java:run(111)) - be6365c1-8fb2-47f9-87b1-78a3fb38138b@group-B41F48618BA6-FollowerState: change to CANDIDATE, lastRpcTime:1018ms, electionTimeout:1018ms
2019-11-15 04:25:19,469 [Thread-4064] INFO  impl.RoleInfo (RoleInfo.java:shutdownFollowerState(121)) - be6365c1-8fb2-47f9-87b1-78a3fb38138b: shutdown FollowerState
2019-11-15 04:25:19,469 [Thread-4064] INFO  impl.RaftServerImpl (RaftServerImpl.java:setRole(173)) - be6365c1-8fb2-47f9-87b1-78a3fb38138b@group-B41F48618BA6: changes role from  FOLLOWER to CANDIDATE at term 12 for changeToCandidate
2019-11-15 04:25:19,470 [Thread-4064] INFO  impl.RoleInfo (RoleInfo.java:updateAndGet(143)) - be6365c1-8fb2-47f9-87b1-78a3fb38138b: start LeaderElection
2019-11-15 04:25:19,556 [be6365c1-8fb2-47f9-87b1-78a3fb38138b@group-B41F48618BA6-LeaderElection197] INFO  impl.LeaderElection (LeaderElection.java:askForVotes(178)) - be6365c1-8fb2-47f9-87b1-78a3fb38138b@group-B41F48618BA6-LeaderElection197: begin an election at term 13 for 5: [b8480f98-5c77-4f73-b6b9-e737b10a7f9e:192.168.34.61:32848, be6365c1-8fb2-47f9-87b1-78a3fb38138b:192.168.34.61:44393, f15e9ea2-ac28-4081-8e04-15028e251385:192.168.34.61:44094], old=null
2019-11-15 04:25:19,558 [be6365c1-8fb2-47f9-87b1-78a3fb38138b@group-B41F48618BA6-LeaderElection197] INFO  impl.LeaderElection (LogUtils.java:infoOrTrace(149)) - be6365c1-8fb2-47f9-87b1-78a3fb38138b@group-B41F48618BA6-LeaderElection197 got exception when requesting votes: {}
java.util.concurrent.ExecutionException: org.apache.ratis.thirdparty.io.grpc.StatusRuntimeException: UNAVAILABLE: io exception
	at java.util.concurrent.FutureTask.report(FutureTask.java:122)
	at java.util.concurrent.FutureTask.get(FutureTask.java:192)
	at org.apache.ratis.server.impl.LeaderElection.waitForResults(LeaderElection.java:259)
	at org.apache.ratis.server.impl.LeaderElection.askForVotes(LeaderElection.java:197)
	at org.apache.ratis.server.impl.LeaderElection.run(LeaderElection.java:133)
	at java.lang.Thread.run(Thread.java:748)
Caused by: org.apache.ratis.thirdparty.io.grpc.StatusRuntimeException: UNAVAILABLE: io exception
	at org.apache.ratis.thirdparty.io.grpc.stub.ClientCalls.toStatusRuntimeException(ClientCalls.java:233)
	at org.apache.ratis.thirdparty.io.grpc.stub.ClientCalls.getUnchecked(ClientCalls.java:214)
	at org.apache.ratis.thirdparty.io.grpc.stub.ClientCalls.blockingUnaryCall(ClientCalls.java:139)
	at org.apache.ratis.proto.grpc.RaftServerProtocolServiceGrpc$RaftServerProtocolServiceBlockingStub.requestVote(RaftServerProtocolServiceGrpc.java:265)
	at org.apache.ratis.grpc.server.GrpcServerProtocolClient.requestVote(GrpcServerProtocolClient.java:99)
	at org.apache.ratis.grpc.server.GrpcService.requestVote(GrpcService.java:204)
	at org.apache.ratis.server.impl.LeaderElection.lambda$submitRequests$1(LeaderElection.java:234)
	at java.util.concurrent.FutureTask.run(FutureTask.java:266)
	at java.util.concurrent.Executors$RunnableAdapter.call(Executors.java:511)
	at java.util.concurrent.FutureTask.run(FutureTask.java:266)
	at java.util.concurrent.ThreadPoolExecutor.runWorker(ThreadPoolExecutor.java:1149)
	at java.util.concurrent.ThreadPoolExecutor$Worker.run(ThreadPoolExecutor.java:624)
	... 1 more
Caused by: org.apache.ratis.thirdparty.io.netty.channel.AbstractChannel$AnnotatedConnectException: Connection refused: /192.168.34.61:32848
	at sun.nio.ch.SocketChannelImpl.checkConnect(Native Method)
	at sun.nio.ch.SocketChannelImpl.finishConnect(SocketChannelImpl.java:717)
	at org.apache.ratis.thirdparty.io.netty.channel.socket.nio.NioSocketChannel.doFinishConnect(NioSocketChannel.java:327)
	at org.apache.ratis.thirdparty.io.netty.channel.nio.AbstractNioChannel$AbstractNioUnsafe.finishConnect(AbstractNioChannel.java:340)
	at org.apache.ratis.thirdparty.io.netty.channel.nio.NioEventLoop.processSelectedKey(NioEventLoop.java:632)
	at org.apache.ratis.thirdparty.io.netty.channel.nio.NioEventLoop.processSelectedKeysOptimized(NioEventLoop.java:579)
	at org.apache.ratis.thirdparty.io.netty.channel.nio.NioEventLoop.processSelectedKeys(NioEventLoop.java:496)
	at org.apache.ratis.thirdparty.io.netty.channel.nio.NioEventLoop.run(NioEventLoop.java:458)
	at org.apache.ratis.thirdparty.io.netty.util.concurrent.SingleThreadEventExecutor$5.run(SingleThreadEventExecutor.java:897)
	at org.apache.ratis.thirdparty.io.netty.util.concurrent.FastThreadLocalRunnable.run(FastThreadLocalRunnable.java:30)
	... 1 more
Caused by: java.net.ConnectException: Connection refused
	... 11 more
2019-11-15 04:25:19,558 [be6365c1-8fb2-47f9-87b1-78a3fb38138b@group-B41F48618BA6-LeaderElection197] INFO  impl.LeaderElection (LogUtils.java:infoOrTrace(149)) - be6365c1-8fb2-47f9-87b1-78a3fb38138b@group-B41F48618BA6-LeaderElection197 got exception when requesting votes: {}
java.util.concurrent.ExecutionException: org.apache.ratis.thirdparty.io.grpc.StatusRuntimeException: UNAVAILABLE: io exception
	at java.util.concurrent.FutureTask.report(FutureTask.java:122)
	at java.util.concurrent.FutureTask.get(FutureTask.java:192)
	at org.apache.ratis.server.impl.LeaderElection.waitForResults(LeaderElection.java:259)
	at org.apache.ratis.server.impl.LeaderElection.askForVotes(LeaderElection.java:197)
	at org.apache.ratis.server.impl.LeaderElection.run(LeaderElection.java:133)
	at java.lang.Thread.run(Thread.java:748)
Caused by: org.apache.ratis.thirdparty.io.grpc.StatusRuntimeException: UNAVAILABLE: io exception
	at org.apache.ratis.thirdparty.io.grpc.stub.ClientCalls.toStatusRuntimeException(ClientCalls.java:233)
	at org.apache.ratis.thirdparty.io.grpc.stub.ClientCalls.getUnchecked(ClientCalls.java:214)
	at org.apache.ratis.thirdparty.io.grpc.stub.ClientCalls.blockingUnaryCall(ClientCalls.java:139)
	at org.apache.ratis.proto.grpc.RaftServerProtocolServiceGrpc$RaftServerProtocolServiceBlockingStub.requestVote(RaftServerProtocolServiceGrpc.java:265)
	at org.apache.ratis.grpc.server.GrpcServerProtocolClient.requestVote(GrpcServerProtocolClient.java:99)
	at org.apache.ratis.grpc.server.GrpcService.requestVote(GrpcService.java:204)
	at org.apache.ratis.server.impl.LeaderElection.lambda$submitRequests$1(LeaderElection.java:234)
	at java.util.concurrent.FutureTask.run(FutureTask.java:266)
	at java.util.concurrent.Executors$RunnableAdapter.call(Executors.java:511)
	at java.util.concurrent.FutureTask.run(FutureTask.java:266)
	at java.util.concurrent.ThreadPoolExecutor.runWorker(ThreadPoolExecutor.java:1149)
	at java.util.concurrent.ThreadPoolExecutor$Worker.run(ThreadPoolExecutor.java:624)
	... 1 more
Caused by: org.apache.ratis.thirdparty.io.netty.channel.AbstractChannel$AnnotatedConnectException: Connection refused: /192.168.34.61:44094
	at sun.nio.ch.SocketChannelImpl.checkConnect(Native Method)
	at sun.nio.ch.SocketChannelImpl.finishConnect(SocketChannelImpl.java:717)
	at org.apache.ratis.thirdparty.io.netty.channel.socket.nio.NioSocketChannel.doFinishConnect(NioSocketChannel.java:327)
	at org.apache.ratis.thirdparty.io.netty.channel.nio.AbstractNioChannel$AbstractNioUnsafe.finishConnect(AbstractNioChannel.java:340)
	at org.apache.ratis.thirdparty.io.netty.channel.nio.NioEventLoop.processSelectedKey(NioEventLoop.java:632)
	at org.apache.ratis.thirdparty.io.netty.channel.nio.NioEventLoop.processSelectedKeysOptimized(NioEventLoop.java:579)
	at org.apache.ratis.thirdparty.io.netty.channel.nio.NioEventLoop.processSelectedKeys(NioEventLoop.java:496)
	at org.apache.ratis.thirdparty.io.netty.channel.nio.NioEventLoop.run(NioEventLoop.java:458)
	at org.apache.ratis.thirdparty.io.netty.util.concurrent.SingleThreadEventExecutor$5.run(SingleThreadEventExecutor.java:897)
	at org.apache.ratis.thirdparty.io.netty.util.concurrent.FastThreadLocalRunnable.run(FastThreadLocalRunnable.java:30)
	... 1 more
Caused by: java.net.ConnectException: Connection refused
	... 11 more
2019-11-15 04:25:19,560 [be6365c1-8fb2-47f9-87b1-78a3fb38138b@group-B41F48618BA6-LeaderElection197] INFO  impl.LeaderElection (LeaderElection.java:logAndReturn(56)) - be6365c1-8fb2-47f9-87b1-78a3fb38138b@group-B41F48618BA6-LeaderElection197: Election REJECTED; received 0 response(s) [] and 2 exception(s); be6365c1-8fb2-47f9-87b1-78a3fb38138b@group-B41F48618BA6:t13, leader=null, voted=be6365c1-8fb2-47f9-87b1-78a3fb38138b, raftlog=be6365c1-8fb2-47f9-87b1-78a3fb38138b@group-B41F48618BA6-SegmentedRaftLog:OPENED:c6,f6,i6, conf=5: [b8480f98-5c77-4f73-b6b9-e737b10a7f9e:192.168.34.61:32848, be6365c1-8fb2-47f9-87b1-78a3fb38138b:192.168.34.61:44393, f15e9ea2-ac28-4081-8e04-15028e251385:192.168.34.61:44094], old=null
2019-11-15 04:25:19,560 [be6365c1-8fb2-47f9-87b1-78a3fb38138b@group-B41F48618BA6-LeaderElection197] INFO  impl.LeaderElection (LogUtils.java:infoOrTrace(149)) -   Exception 0: {}
java.util.concurrent.ExecutionException: org.apache.ratis.thirdparty.io.grpc.StatusRuntimeException: UNAVAILABLE: io exception
	at java.util.concurrent.FutureTask.report(FutureTask.java:122)
	at java.util.concurrent.FutureTask.get(FutureTask.java:192)
	at org.apache.ratis.server.impl.LeaderElection.waitForResults(LeaderElection.java:259)
	at org.apache.ratis.server.impl.LeaderElection.askForVotes(LeaderElection.java:197)
	at org.apache.ratis.server.impl.LeaderElection.run(LeaderElection.java:133)
	at java.lang.Thread.run(Thread.java:748)
Caused by: org.apache.ratis.thirdparty.io.grpc.StatusRuntimeException: UNAVAILABLE: io exception
	at org.apache.ratis.thirdparty.io.grpc.stub.ClientCalls.toStatusRuntimeException(ClientCalls.java:233)
	at org.apache.ratis.thirdparty.io.grpc.stub.ClientCalls.getUnchecked(ClientCalls.java:214)
	at org.apache.ratis.thirdparty.io.grpc.stub.ClientCalls.blockingUnaryCall(ClientCalls.java:139)
	at org.apache.ratis.proto.grpc.RaftServerProtocolServiceGrpc$RaftServerProtocolServiceBlockingStub.requestVote(RaftServerProtocolServiceGrpc.java:265)
	at org.apache.ratis.grpc.server.GrpcServerProtocolClient.requestVote(GrpcServerProtocolClient.java:99)
	at org.apache.ratis.grpc.server.GrpcService.requestVote(GrpcService.java:204)
	at org.apache.ratis.server.impl.LeaderElection.lambda$submitRequests$1(LeaderElection.java:234)
	at java.util.concurrent.FutureTask.run(FutureTask.java:266)
	at java.util.concurrent.Executors$RunnableAdapter.call(Executors.java:511)
	at java.util.concurrent.FutureTask.run(FutureTask.java:266)
	at java.util.concurrent.ThreadPoolExecutor.runWorker(ThreadPoolExecutor.java:1149)
	at java.util.concurrent.ThreadPoolExecutor$Worker.run(ThreadPoolExecutor.java:624)
	... 1 more
Caused by: org.apache.ratis.thirdparty.io.netty.channel.AbstractChannel$AnnotatedConnectException: Connection refused: /192.168.34.61:32848
	at sun.nio.ch.SocketChannelImpl.checkConnect(Native Method)
	at sun.nio.ch.SocketChannelImpl.finishConnect(SocketChannelImpl.java:717)
	at org.apache.ratis.thirdparty.io.netty.channel.socket.nio.NioSocketChannel.doFinishConnect(NioSocketChannel.java:327)
	at org.apache.ratis.thirdparty.io.netty.channel.nio.AbstractNioChannel$AbstractNioUnsafe.finishConnect(AbstractNioChannel.java:340)
	at org.apache.ratis.thirdparty.io.netty.channel.nio.NioEventLoop.processSelectedKey(NioEventLoop.java:632)
	at org.apache.ratis.thirdparty.io.netty.channel.nio.NioEventLoop.processSelectedKeysOptimized(NioEventLoop.java:579)
	at org.apache.ratis.thirdparty.io.netty.channel.nio.NioEventLoop.processSelectedKeys(NioEventLoop.java:496)
	at org.apache.ratis.thirdparty.io.netty.channel.nio.NioEventLoop.run(NioEventLoop.java:458)
	at org.apache.ratis.thirdparty.io.netty.util.concurrent.SingleThreadEventExecutor$5.run(SingleThreadEventExecutor.java:897)
	at org.apache.ratis.thirdparty.io.netty.util.concurrent.FastThreadLocalRunnable.run(FastThreadLocalRunnable.java:30)
	... 1 more
Caused by: java.net.ConnectException: Connection refused
	... 11 more
2019-11-15 04:25:19,560 [be6365c1-8fb2-47f9-87b1-78a3fb38138b@group-B41F48618BA6-LeaderElection197] INFO  impl.LeaderElection (LogUtils.java:infoOrTrace(149)) -   Exception 1: {}
java.util.concurrent.ExecutionException: org.apache.ratis.thirdparty.io.grpc.StatusRuntimeException: UNAVAILABLE: io exception
	at java.util.concurrent.FutureTask.report(FutureTask.java:122)
	at java.util.concurrent.FutureTask.get(FutureTask.java:192)
	at org.apache.ratis.server.impl.LeaderElection.waitForResults(LeaderElection.java:259)
	at org.apache.ratis.server.impl.LeaderElection.askForVotes(LeaderElection.java:197)
	at org.apache.ratis.server.impl.LeaderElection.run(LeaderElection.java:133)
	at java.lang.Thread.run(Thread.java:748)
Caused by: org.apache.ratis.thirdparty.io.grpc.StatusRuntimeException: UNAVAILABLE: io exception
	at org.apache.ratis.thirdparty.io.grpc.stub.ClientCalls.toStatusRuntimeException(ClientCalls.java:233)
	at org.apache.ratis.thirdparty.io.grpc.stub.ClientCalls.getUnchecked(ClientCalls.java:214)
	at org.apache.ratis.thirdparty.io.grpc.stub.ClientCalls.blockingUnaryCall(ClientCalls.java:139)
	at org.apache.ratis.proto.grpc.RaftServerProtocolServiceGrpc$RaftServerProtocolServiceBlockingStub.requestVote(RaftServerProtocolServiceGrpc.java:265)
	at org.apache.ratis.grpc.server.GrpcServerProtocolClient.requestVote(GrpcServerProtocolClient.java:99)
	at org.apache.ratis.grpc.server.GrpcService.requestVote(GrpcService.java:204)
	at org.apache.ratis.server.impl.LeaderElection.lambda$submitRequests$1(LeaderElection.java:234)
	at java.util.concurrent.FutureTask.run(FutureTask.java:266)
	at java.util.concurrent.Executors$RunnableAdapter.call(Executors.java:511)
	at java.util.concurrent.FutureTask.run(FutureTask.java:266)
	at java.util.concurrent.ThreadPoolExecutor.runWorker(ThreadPoolExecutor.java:1149)
	at java.util.concurrent.ThreadPoolExecutor$Worker.run(ThreadPoolExecutor.java:624)
	... 1 more
Caused by: org.apache.ratis.thirdparty.io.netty.channel.AbstractChannel$AnnotatedConnectException: Connection refused: /192.168.34.61:44094
	at sun.nio.ch.SocketChannelImpl.checkConnect(Native Method)
	at sun.nio.ch.SocketChannelImpl.finishConnect(SocketChannelImpl.java:717)
	at org.apache.ratis.thirdparty.io.netty.channel.socket.nio.NioSocketChannel.doFinishConnect(NioSocketChannel.java:327)
	at org.apache.ratis.thirdparty.io.netty.channel.nio.AbstractNioChannel$AbstractNioUnsafe.finishConnect(AbstractNioChannel.java:340)
	at org.apache.ratis.thirdparty.io.netty.channel.nio.NioEventLoop.processSelectedKey(NioEventLoop.java:632)
	at org.apache.ratis.thirdparty.io.netty.channel.nio.NioEventLoop.processSelectedKeysOptimized(NioEventLoop.java:579)
	at org.apache.ratis.thirdparty.io.netty.channel.nio.NioEventLoop.processSelectedKeys(NioEventLoop.java:496)
	at org.apache.ratis.thirdparty.io.netty.channel.nio.NioEventLoop.run(NioEventLoop.java:458)
	at org.apache.ratis.thirdparty.io.netty.util.concurrent.SingleThreadEventExecutor$5.run(SingleThreadEventExecutor.java:897)
	at org.apache.ratis.thirdparty.io.netty.util.concurrent.FastThreadLocalRunnable.run(FastThreadLocalRunnable.java:30)
	... 1 more
Caused by: java.net.ConnectException: Connection refused
	... 11 more
2019-11-15 04:25:19,561 [be6365c1-8fb2-47f9-87b1-78a3fb38138b@group-B41F48618BA6-LeaderElection197] INFO  impl.RaftServerImpl (RaftServerImpl.java:setRole(173)) - be6365c1-8fb2-47f9-87b1-78a3fb38138b@group-B41F48618BA6: changes role from CANDIDATE to FOLLOWER at term 13 for DISCOVERED_A_NEW_TERM
2019-11-15 04:25:19,561 [be6365c1-8fb2-47f9-87b1-78a3fb38138b@group-B41F48618BA6-LeaderElection197] INFO  impl.RoleInfo (RoleInfo.java:shutdownLeaderElection(134)) - be6365c1-8fb2-47f9-87b1-78a3fb38138b: shutdown LeaderElection
2019-11-15 04:25:19,561 [be6365c1-8fb2-47f9-87b1-78a3fb38138b@group-B41F48618BA6-LeaderElection197] INFO  impl.RoleInfo (RoleInfo.java:updateAndGet(143)) - be6365c1-8fb2-47f9-87b1-78a3fb38138b: start FollowerState
2019-11-15 04:25:19,693 [Datanode State Machine Thread - 0] INFO  statemachine.DatanodeStateMachine (DatanodeStateMachine.java:lambda$startDaemon$0(361)) - Ozone container server started.
2019-11-15 04:25:19,831 [Datanode State Machine Thread - 0] INFO  statemachine.DatanodeStateMachine (DatanodeStateMachine.java:lambda$startDaemon$0(361)) - Ozone container server started.
2019-11-15 04:25:20,474 [Thread-3661] INFO  impl.FollowerState (FollowerState.java:run(111)) - 8e34abce-4df2-4d13-822a-b9906190a447@group-C3E515194F35-FollowerState: change to CANDIDATE, lastRpcTime:2030ms, electionTimeout:1140ms
2019-11-15 04:25:20,474 [Thread-3661] INFO  impl.RoleInfo (RoleInfo.java:shutdownFollowerState(121)) - 8e34abce-4df2-4d13-822a-b9906190a447: shutdown FollowerState
2019-11-15 04:25:20,474 [Thread-3661] INFO  impl.RaftServerImpl (RaftServerImpl.java:setRole(173)) - 8e34abce-4df2-4d13-822a-b9906190a447@group-C3E515194F35: changes role from  FOLLOWER to CANDIDATE at term 1 for changeToCandidate
2019-11-15 04:25:20,474 [Thread-3661] INFO  impl.RoleInfo (RoleInfo.java:updateAndGet(143)) - 8e34abce-4df2-4d13-822a-b9906190a447: start LeaderElection
2019-11-15 04:25:20,475 [8e34abce-4df2-4d13-822a-b9906190a447@group-C3E515194F35-LeaderElection198] INFO  impl.RaftServerImpl (ServerState.java:setLeader(255)) - 8e34abce-4df2-4d13-822a-b9906190a447@group-C3E515194F35: change Leader from ba7b154f-e59a-417b-969a-e8c75d4b6746 to null at term 1 for initElection
2019-11-15 04:25:20,491 [Thread-3646] INFO  impl.FollowerState (FollowerState.java:run(111)) - a0798825-8ead-4df5-a6ef-f7c35f311519@group-1F0597F7C030-FollowerState: change to CANDIDATE, lastRpcTime:1664ms, electionTimeout:1195ms
2019-11-15 04:25:20,491 [Thread-3646] INFO  impl.RoleInfo (RoleInfo.java:shutdownFollowerState(121)) - a0798825-8ead-4df5-a6ef-f7c35f311519: shutdown FollowerState
2019-11-15 04:25:20,491 [Thread-3646] INFO  impl.RaftServerImpl (RaftServerImpl.java:setRole(173)) - a0798825-8ead-4df5-a6ef-f7c35f311519@group-1F0597F7C030: changes role from  FOLLOWER to CANDIDATE at term 1 for changeToCandidate
2019-11-15 04:25:20,492 [Thread-3646] INFO  impl.RoleInfo (RoleInfo.java:updateAndGet(143)) - a0798825-8ead-4df5-a6ef-f7c35f311519: start LeaderElection
2019-11-15 04:25:20,492 [a0798825-8ead-4df5-a6ef-f7c35f311519@group-1F0597F7C030-LeaderElection199] INFO  impl.RaftServerImpl (ServerState.java:setLeader(255)) - a0798825-8ead-4df5-a6ef-f7c35f311519@group-1F0597F7C030: change Leader from 64e09b31-9ee8-424d-be17-3e0ab51a0c68 to null at term 1 for initElection
2019-11-15 04:25:20,561 [8e34abce-4df2-4d13-822a-b9906190a447@group-C3E515194F35-LeaderElection198] INFO  impl.LeaderElection (LeaderElection.java:askForVotes(178)) - 8e34abce-4df2-4d13-822a-b9906190a447@group-C3E515194F35-LeaderElection198: begin an election at term 2 for 0: [ba7b154f-e59a-417b-969a-e8c75d4b6746:192.168.34.61:40163, ddd86f17-0fb6-44dc-8f8a-1b8ddc68cc7e:192.168.34.61:37754, 8e34abce-4df2-4d13-822a-b9906190a447:192.168.34.61:34382], old=null
2019-11-15 04:25:20,561 [a0798825-8ead-4df5-a6ef-f7c35f311519@group-1F0597F7C030-LeaderElection199] INFO  impl.LeaderElection (LeaderElection.java:askForVotes(178)) - a0798825-8ead-4df5-a6ef-f7c35f311519@group-1F0597F7C030-LeaderElection199: begin an election at term 2 for 0: [64e09b31-9ee8-424d-be17-3e0ab51a0c68:192.168.34.61:46300, a0798825-8ead-4df5-a6ef-f7c35f311519:192.168.34.61:36951, ed7fcdca-26e4-49e6-a038-f4a6d52e370d:192.168.34.61:44989], old=null
2019-11-15 04:25:20,563 [a0798825-8ead-4df5-a6ef-f7c35f311519@group-1F0597F7C030-LeaderElection199] INFO  impl.LeaderElection (LogUtils.java:infoOrTrace(149)) - a0798825-8ead-4df5-a6ef-f7c35f311519@group-1F0597F7C030-LeaderElection199 got exception when requesting votes: {}
java.util.concurrent.ExecutionException: org.apache.ratis.thirdparty.io.grpc.StatusRuntimeException: UNAVAILABLE: io exception
	at java.util.concurrent.FutureTask.report(FutureTask.java:122)
	at java.util.concurrent.FutureTask.get(FutureTask.java:192)
	at org.apache.ratis.server.impl.LeaderElection.waitForResults(LeaderElection.java:259)
	at org.apache.ratis.server.impl.LeaderElection.askForVotes(LeaderElection.java:197)
	at org.apache.ratis.server.impl.LeaderElection.run(LeaderElection.java:133)
	at java.lang.Thread.run(Thread.java:748)
Caused by: org.apache.ratis.thirdparty.io.grpc.StatusRuntimeException: UNAVAILABLE: io exception
	at org.apache.ratis.thirdparty.io.grpc.stub.ClientCalls.toStatusRuntimeException(ClientCalls.java:233)
	at org.apache.ratis.thirdparty.io.grpc.stub.ClientCalls.getUnchecked(ClientCalls.java:214)
	at org.apache.ratis.thirdparty.io.grpc.stub.ClientCalls.blockingUnaryCall(ClientCalls.java:139)
	at org.apache.ratis.proto.grpc.RaftServerProtocolServiceGrpc$RaftServerProtocolServiceBlockingStub.requestVote(RaftServerProtocolServiceGrpc.java:265)
	at org.apache.ratis.grpc.server.GrpcServerProtocolClient.requestVote(GrpcServerProtocolClient.java:99)
	at org.apache.ratis.grpc.server.GrpcService.requestVote(GrpcService.java:204)
	at org.apache.ratis.server.impl.LeaderElection.lambda$submitRequests$1(LeaderElection.java:234)
	at java.util.concurrent.FutureTask.run(FutureTask.java:266)
	at java.util.concurrent.Executors$RunnableAdapter.call(Executors.java:511)
	at java.util.concurrent.FutureTask.run(FutureTask.java:266)
	at java.util.concurrent.ThreadPoolExecutor.runWorker(ThreadPoolExecutor.java:1149)
	at java.util.concurrent.ThreadPoolExecutor$Worker.run(ThreadPoolExecutor.java:624)
	... 1 more
Caused by: org.apache.ratis.thirdparty.io.netty.channel.AbstractChannel$AnnotatedConnectException: Connection refused: /192.168.34.61:46300
	at sun.nio.ch.SocketChannelImpl.checkConnect(Native Method)
	at sun.nio.ch.SocketChannelImpl.finishConnect(SocketChannelImpl.java:717)
	at org.apache.ratis.thirdparty.io.netty.channel.socket.nio.NioSocketChannel.doFinishConnect(NioSocketChannel.java:327)
	at org.apache.ratis.thirdparty.io.netty.channel.nio.AbstractNioChannel$AbstractNioUnsafe.finishConnect(AbstractNioChannel.java:340)
	at org.apache.ratis.thirdparty.io.netty.channel.nio.NioEventLoop.processSelectedKey(NioEventLoop.java:632)
	at org.apache.ratis.thirdparty.io.netty.channel.nio.NioEventLoop.processSelectedKeysOptimized(NioEventLoop.java:579)
	at org.apache.ratis.thirdparty.io.netty.channel.nio.NioEventLoop.processSelectedKeys(NioEventLoop.java:496)
	at org.apache.ratis.thirdparty.io.netty.channel.nio.NioEventLoop.run(NioEventLoop.java:458)
	at org.apache.ratis.thirdparty.io.netty.util.concurrent.SingleThreadEventExecutor$5.run(SingleThreadEventExecutor.java:897)
	at org.apache.ratis.thirdparty.io.netty.util.concurrent.FastThreadLocalRunnable.run(FastThreadLocalRunnable.java:30)
	... 1 more
Caused by: java.net.ConnectException: Connection refused
	... 11 more
2019-11-15 04:25:20,563 [8e34abce-4df2-4d13-822a-b9906190a447@group-C3E515194F35-LeaderElection198] INFO  impl.LeaderElection (LogUtils.java:infoOrTrace(149)) - 8e34abce-4df2-4d13-822a-b9906190a447@group-C3E515194F35-LeaderElection198 got exception when requesting votes: {}
java.util.concurrent.ExecutionException: org.apache.ratis.thirdparty.io.grpc.StatusRuntimeException: UNAVAILABLE: io exception
	at java.util.concurrent.FutureTask.report(FutureTask.java:122)
	at java.util.concurrent.FutureTask.get(FutureTask.java:192)
	at org.apache.ratis.server.impl.LeaderElection.waitForResults(LeaderElection.java:259)
	at org.apache.ratis.server.impl.LeaderElection.askForVotes(LeaderElection.java:197)
	at org.apache.ratis.server.impl.LeaderElection.run(LeaderElection.java:133)
	at java.lang.Thread.run(Thread.java:748)
Caused by: org.apache.ratis.thirdparty.io.grpc.StatusRuntimeException: UNAVAILABLE: io exception
	at org.apache.ratis.thirdparty.io.grpc.stub.ClientCalls.toStatusRuntimeException(ClientCalls.java:233)
	at org.apache.ratis.thirdparty.io.grpc.stub.ClientCalls.getUnchecked(ClientCalls.java:214)
	at org.apache.ratis.thirdparty.io.grpc.stub.ClientCalls.blockingUnaryCall(ClientCalls.java:139)
	at org.apache.ratis.proto.grpc.RaftServerProtocolServiceGrpc$RaftServerProtocolServiceBlockingStub.requestVote(RaftServerProtocolServiceGrpc.java:265)
	at org.apache.ratis.grpc.server.GrpcServerProtocolClient.requestVote(GrpcServerProtocolClient.java:99)
	at org.apache.ratis.grpc.server.GrpcService.requestVote(GrpcService.java:204)
	at org.apache.ratis.server.impl.LeaderElection.lambda$submitRequests$1(LeaderElection.java:234)
	at java.util.concurrent.FutureTask.run(FutureTask.java:266)
	at java.util.concurrent.Executors$RunnableAdapter.call(Executors.java:511)
	at java.util.concurrent.FutureTask.run(FutureTask.java:266)
	at java.util.concurrent.ThreadPoolExecutor.runWorker(ThreadPoolExecutor.java:1149)
	at java.util.concurrent.ThreadPoolExecutor$Worker.run(ThreadPoolExecutor.java:624)
	... 1 more
Caused by: org.apache.ratis.thirdparty.io.netty.channel.AbstractChannel$AnnotatedConnectException: Connection refused: /192.168.34.61:40163
	at sun.nio.ch.SocketChannelImpl.checkConnect(Native Method)
	at sun.nio.ch.SocketChannelImpl.finishConnect(SocketChannelImpl.java:717)
	at org.apache.ratis.thirdparty.io.netty.channel.socket.nio.NioSocketChannel.doFinishConnect(NioSocketChannel.java:327)
	at org.apache.ratis.thirdparty.io.netty.channel.nio.AbstractNioChannel$AbstractNioUnsafe.finishConnect(AbstractNioChannel.java:340)
	at org.apache.ratis.thirdparty.io.netty.channel.nio.NioEventLoop.processSelectedKey(NioEventLoop.java:632)
	at org.apache.ratis.thirdparty.io.netty.channel.nio.NioEventLoop.processSelectedKeysOptimized(NioEventLoop.java:579)
	at org.apache.ratis.thirdparty.io.netty.channel.nio.NioEventLoop.processSelectedKeys(NioEventLoop.java:496)
	at org.apache.ratis.thirdparty.io.netty.channel.nio.NioEventLoop.run(NioEventLoop.java:458)
	at org.apache.ratis.thirdparty.io.netty.util.concurrent.SingleThreadEventExecutor$5.run(SingleThreadEventExecutor.java:897)
	at org.apache.ratis.thirdparty.io.netty.util.concurrent.FastThreadLocalRunnable.run(FastThreadLocalRunnable.java:30)
	... 1 more
Caused by: java.net.ConnectException: Connection refused
	... 11 more
2019-11-15 04:25:20,563 [a0798825-8ead-4df5-a6ef-f7c35f311519@group-1F0597F7C030-LeaderElection199] INFO  impl.LeaderElection (LogUtils.java:infoOrTrace(149)) - a0798825-8ead-4df5-a6ef-f7c35f311519@group-1F0597F7C030-LeaderElection199 got exception when requesting votes: {}
java.util.concurrent.ExecutionException: org.apache.ratis.thirdparty.io.grpc.StatusRuntimeException: UNAVAILABLE: io exception
	at java.util.concurrent.FutureTask.report(FutureTask.java:122)
	at java.util.concurrent.FutureTask.get(FutureTask.java:192)
	at org.apache.ratis.server.impl.LeaderElection.waitForResults(LeaderElection.java:259)
	at org.apache.ratis.server.impl.LeaderElection.askForVotes(LeaderElection.java:197)
	at org.apache.ratis.server.impl.LeaderElection.run(LeaderElection.java:133)
	at java.lang.Thread.run(Thread.java:748)
Caused by: org.apache.ratis.thirdparty.io.grpc.StatusRuntimeException: UNAVAILABLE: io exception
	at org.apache.ratis.thirdparty.io.grpc.stub.ClientCalls.toStatusRuntimeException(ClientCalls.java:233)
	at org.apache.ratis.thirdparty.io.grpc.stub.ClientCalls.getUnchecked(ClientCalls.java:214)
	at org.apache.ratis.thirdparty.io.grpc.stub.ClientCalls.blockingUnaryCall(ClientCalls.java:139)
	at org.apache.ratis.proto.grpc.RaftServerProtocolServiceGrpc$RaftServerProtocolServiceBlockingStub.requestVote(RaftServerProtocolServiceGrpc.java:265)
	at org.apache.ratis.grpc.server.GrpcServerProtocolClient.requestVote(GrpcServerProtocolClient.java:99)
	at org.apache.ratis.grpc.server.GrpcService.requestVote(GrpcService.java:204)
	at org.apache.ratis.server.impl.LeaderElection.lambda$submitRequests$1(LeaderElection.java:234)
	at java.util.concurrent.FutureTask.run(FutureTask.java:266)
	at java.util.concurrent.Executors$RunnableAdapter.call(Executors.java:511)
	at java.util.concurrent.FutureTask.run(FutureTask.java:266)
	at java.util.concurrent.ThreadPoolExecutor.runWorker(ThreadPoolExecutor.java:1149)
	at java.util.concurrent.ThreadPoolExecutor$Worker.run(ThreadPoolExecutor.java:624)
	... 1 more
Caused by: org.apache.ratis.thirdparty.io.netty.channel.AbstractChannel$AnnotatedConnectException: Connection refused: /192.168.34.61:44989
	at sun.nio.ch.SocketChannelImpl.checkConnect(Native Method)
	at sun.nio.ch.SocketChannelImpl.finishConnect(SocketChannelImpl.java:717)
	at org.apache.ratis.thirdparty.io.netty.channel.socket.nio.NioSocketChannel.doFinishConnect(NioSocketChannel.java:327)
	at org.apache.ratis.thirdparty.io.netty.channel.nio.AbstractNioChannel$AbstractNioUnsafe.finishConnect(AbstractNioChannel.java:340)
	at org.apache.ratis.thirdparty.io.netty.channel.nio.NioEventLoop.processSelectedKey(NioEventLoop.java:632)
	at org.apache.ratis.thirdparty.io.netty.channel.nio.NioEventLoop.processSelectedKeysOptimized(NioEventLoop.java:579)
	at org.apache.ratis.thirdparty.io.netty.channel.nio.NioEventLoop.processSelectedKeys(NioEventLoop.java:496)
	at org.apache.ratis.thirdparty.io.netty.channel.nio.NioEventLoop.run(NioEventLoop.java:458)
	at org.apache.ratis.thirdparty.io.netty.util.concurrent.SingleThreadEventExecutor$5.run(SingleThreadEventExecutor.java:897)
	at org.apache.ratis.thirdparty.io.netty.util.concurrent.FastThreadLocalRunnable.run(FastThreadLocalRunnable.java:30)
	... 1 more
Caused by: java.net.ConnectException: Connection refused
	... 11 more
2019-11-15 04:25:20,564 [a0798825-8ead-4df5-a6ef-f7c35f311519@group-1F0597F7C030-LeaderElection199] INFO  impl.LeaderElection (LeaderElection.java:logAndReturn(56)) - a0798825-8ead-4df5-a6ef-f7c35f311519@group-1F0597F7C030-LeaderElection199: Election REJECTED; received 0 response(s) [] and 2 exception(s); a0798825-8ead-4df5-a6ef-f7c35f311519@group-1F0597F7C030:t2, leader=null, voted=a0798825-8ead-4df5-a6ef-f7c35f311519, raftlog=a0798825-8ead-4df5-a6ef-f7c35f311519@group-1F0597F7C030-SegmentedRaftLog:OPENED:c0,f0,i0, conf=0: [64e09b31-9ee8-424d-be17-3e0ab51a0c68:192.168.34.61:46300, a0798825-8ead-4df5-a6ef-f7c35f311519:192.168.34.61:36951, ed7fcdca-26e4-49e6-a038-f4a6d52e370d:192.168.34.61:44989], old=null
2019-11-15 04:25:20,564 [a0798825-8ead-4df5-a6ef-f7c35f311519@group-1F0597F7C030-LeaderElection199] INFO  impl.LeaderElection (LogUtils.java:infoOrTrace(149)) -   Exception 0: {}
java.util.concurrent.ExecutionException: org.apache.ratis.thirdparty.io.grpc.StatusRuntimeException: UNAVAILABLE: io exception
	at java.util.concurrent.FutureTask.report(FutureTask.java:122)
	at java.util.concurrent.FutureTask.get(FutureTask.java:192)
	at org.apache.ratis.server.impl.LeaderElection.waitForResults(LeaderElection.java:259)
	at org.apache.ratis.server.impl.LeaderElection.askForVotes(LeaderElection.java:197)
	at org.apache.ratis.server.impl.LeaderElection.run(LeaderElection.java:133)
	at java.lang.Thread.run(Thread.java:748)
Caused by: org.apache.ratis.thirdparty.io.grpc.StatusRuntimeException: UNAVAILABLE: io exception
	at org.apache.ratis.thirdparty.io.grpc.stub.ClientCalls.toStatusRuntimeException(ClientCalls.java:233)
	at org.apache.ratis.thirdparty.io.grpc.stub.ClientCalls.getUnchecked(ClientCalls.java:214)
	at org.apache.ratis.thirdparty.io.grpc.stub.ClientCalls.blockingUnaryCall(ClientCalls.java:139)
	at org.apache.ratis.proto.grpc.RaftServerProtocolServiceGrpc$RaftServerProtocolServiceBlockingStub.requestVote(RaftServerProtocolServiceGrpc.java:265)
	at org.apache.ratis.grpc.server.GrpcServerProtocolClient.requestVote(GrpcServerProtocolClient.java:99)
	at org.apache.ratis.grpc.server.GrpcService.requestVote(GrpcService.java:204)
	at org.apache.ratis.server.impl.LeaderElection.lambda$submitRequests$1(LeaderElection.java:234)
	at java.util.concurrent.FutureTask.run(FutureTask.java:266)
	at java.util.concurrent.Executors$RunnableAdapter.call(Executors.java:511)
	at java.util.concurrent.FutureTask.run(FutureTask.java:266)
	at java.util.concurrent.ThreadPoolExecutor.runWorker(ThreadPoolExecutor.java:1149)
	at java.util.concurrent.ThreadPoolExecutor$Worker.run(ThreadPoolExecutor.java:624)
	... 1 more
Caused by: org.apache.ratis.thirdparty.io.netty.channel.AbstractChannel$AnnotatedConnectException: Connection refused: /192.168.34.61:46300
	at sun.nio.ch.SocketChannelImpl.checkConnect(Native Method)
	at sun.nio.ch.SocketChannelImpl.finishConnect(SocketChannelImpl.java:717)
	at org.apache.ratis.thirdparty.io.netty.channel.socket.nio.NioSocketChannel.doFinishConnect(NioSocketChannel.java:327)
	at org.apache.ratis.thirdparty.io.netty.channel.nio.AbstractNioChannel$AbstractNioUnsafe.finishConnect(AbstractNioChannel.java:340)
	at org.apache.ratis.thirdparty.io.netty.channel.nio.NioEventLoop.processSelectedKey(NioEventLoop.java:632)
	at org.apache.ratis.thirdparty.io.netty.channel.nio.NioEventLoop.processSelectedKeysOptimized(NioEventLoop.java:579)
	at org.apache.ratis.thirdparty.io.netty.channel.nio.NioEventLoop.processSelectedKeys(NioEventLoop.java:496)
	at org.apache.ratis.thirdparty.io.netty.channel.nio.NioEventLoop.run(NioEventLoop.java:458)
	at org.apache.ratis.thirdparty.io.netty.util.concurrent.SingleThreadEventExecutor$5.run(SingleThreadEventExecutor.java:897)
	at org.apache.ratis.thirdparty.io.netty.util.concurrent.FastThreadLocalRunnable.run(FastThreadLocalRunnable.java:30)
	... 1 more
Caused by: java.net.ConnectException: Connection refused
	... 11 more
2019-11-15 04:25:20,564 [a0798825-8ead-4df5-a6ef-f7c35f311519@group-1F0597F7C030-LeaderElection199] INFO  impl.LeaderElection (LogUtils.java:infoOrTrace(149)) -   Exception 1: {}
java.util.concurrent.ExecutionException: org.apache.ratis.thirdparty.io.grpc.StatusRuntimeException: UNAVAILABLE: io exception
	at java.util.concurrent.FutureTask.report(FutureTask.java:122)
	at java.util.concurrent.FutureTask.get(FutureTask.java:192)
	at org.apache.ratis.server.impl.LeaderElection.waitForResults(LeaderElection.java:259)
	at org.apache.ratis.server.impl.LeaderElection.askForVotes(LeaderElection.java:197)
	at org.apache.ratis.server.impl.LeaderElection.run(LeaderElection.java:133)
	at java.lang.Thread.run(Thread.java:748)
Caused by: org.apache.ratis.thirdparty.io.grpc.StatusRuntimeException: UNAVAILABLE: io exception
	at org.apache.ratis.thirdparty.io.grpc.stub.ClientCalls.toStatusRuntimeException(ClientCalls.java:233)
	at org.apache.ratis.thirdparty.io.grpc.stub.ClientCalls.getUnchecked(ClientCalls.java:214)
	at org.apache.ratis.thirdparty.io.grpc.stub.ClientCalls.blockingUnaryCall(ClientCalls.java:139)
	at org.apache.ratis.proto.grpc.RaftServerProtocolServiceGrpc$RaftServerProtocolServiceBlockingStub.requestVote(RaftServerProtocolServiceGrpc.java:265)
	at org.apache.ratis.grpc.server.GrpcServerProtocolClient.requestVote(GrpcServerProtocolClient.java:99)
	at org.apache.ratis.grpc.server.GrpcService.requestVote(GrpcService.java:204)
	at org.apache.ratis.server.impl.LeaderElection.lambda$submitRequests$1(LeaderElection.java:234)
	at java.util.concurrent.FutureTask.run(FutureTask.java:266)
	at java.util.concurrent.Executors$RunnableAdapter.call(Executors.java:511)
	at java.util.concurrent.FutureTask.run(FutureTask.java:266)
	at java.util.concurrent.ThreadPoolExecutor.runWorker(ThreadPoolExecutor.java:1149)
	at java.util.concurrent.ThreadPoolExecutor$Worker.run(ThreadPoolExecutor.java:624)
	... 1 more
Caused by: org.apache.ratis.thirdparty.io.netty.channel.AbstractChannel$AnnotatedConnectException: Connection refused: /192.168.34.61:44989
	at sun.nio.ch.SocketChannelImpl.checkConnect(Native Method)
	at sun.nio.ch.SocketChannelImpl.finishConnect(SocketChannelImpl.java:717)
	at org.apache.ratis.thirdparty.io.netty.channel.socket.nio.NioSocketChannel.doFinishConnect(NioSocketChannel.java:327)
	at org.apache.ratis.thirdparty.io.netty.channel.nio.AbstractNioChannel$AbstractNioUnsafe.finishConnect(AbstractNioChannel.java:340)
	at org.apache.ratis.thirdparty.io.netty.channel.nio.NioEventLoop.processSelectedKey(NioEventLoop.java:632)
	at org.apache.ratis.thirdparty.io.netty.channel.nio.NioEventLoop.processSelectedKeysOptimized(NioEventLoop.java:579)
	at org.apache.ratis.thirdparty.io.netty.channel.nio.NioEventLoop.processSelectedKeys(NioEventLoop.java:496)
	at org.apache.ratis.thirdparty.io.netty.channel.nio.NioEventLoop.run(NioEventLoop.java:458)
	at org.apache.ratis.thirdparty.io.netty.util.concurrent.SingleThreadEventExecutor$5.run(SingleThreadEventExecutor.java:897)
	at org.apache.ratis.thirdparty.io.netty.util.concurrent.FastThreadLocalRunnable.run(FastThreadLocalRunnable.java:30)
	... 1 more
Caused by: java.net.ConnectException: Connection refused
	... 11 more
2019-11-15 04:25:20,564 [a0798825-8ead-4df5-a6ef-f7c35f311519@group-1F0597F7C030-LeaderElection199] INFO  impl.RaftServerImpl (RaftServerImpl.java:setRole(173)) - a0798825-8ead-4df5-a6ef-f7c35f311519@group-1F0597F7C030: changes role from CANDIDATE to FOLLOWER at term 2 for DISCOVERED_A_NEW_TERM
2019-11-15 04:25:20,564 [a0798825-8ead-4df5-a6ef-f7c35f311519@group-1F0597F7C030-LeaderElection199] INFO  impl.RoleInfo (RoleInfo.java:shutdownLeaderElection(134)) - a0798825-8ead-4df5-a6ef-f7c35f311519: shutdown LeaderElection
2019-11-15 04:25:20,564 [a0798825-8ead-4df5-a6ef-f7c35f311519@group-1F0597F7C030-LeaderElection199] INFO  impl.RoleInfo (RoleInfo.java:updateAndGet(143)) - a0798825-8ead-4df5-a6ef-f7c35f311519: start FollowerState
2019-11-15 04:25:20,567 [grpc-default-executor-16] INFO  impl.RaftServerImpl (ServerState.java:setLeader(255)) - ddd86f17-0fb6-44dc-8f8a-1b8ddc68cc7e@group-C3E515194F35: change Leader from ba7b154f-e59a-417b-969a-e8c75d4b6746 to null at term 2 for updateCurrentTerm
2019-11-15 04:25:20,567 [grpc-default-executor-16] INFO  impl.RaftServerImpl (RaftServerImpl.java:setRole(173)) - ddd86f17-0fb6-44dc-8f8a-1b8ddc68cc7e@group-C3E515194F35: changes role from  FOLLOWER to FOLLOWER at term 2 for recognizeCandidate:8e34abce-4df2-4d13-822a-b9906190a447
2019-11-15 04:25:20,567 [grpc-default-executor-16] INFO  impl.RoleInfo (RoleInfo.java:shutdownFollowerState(121)) - ddd86f17-0fb6-44dc-8f8a-1b8ddc68cc7e: shutdown FollowerState
2019-11-15 04:25:20,567 [grpc-default-executor-16] INFO  impl.RoleInfo (RoleInfo.java:updateAndGet(143)) - ddd86f17-0fb6-44dc-8f8a-1b8ddc68cc7e: start FollowerState
2019-11-15 04:25:20,568 [Thread-3660] INFO  impl.FollowerState (FollowerState.java:run(120)) - ddd86f17-0fb6-44dc-8f8a-1b8ddc68cc7e@group-C3E515194F35-FollowerState was interrupted: java.lang.InterruptedException: sleep interrupted
2019-11-15 04:25:20,649 [8e34abce-4df2-4d13-822a-b9906190a447@group-C3E515194F35-LeaderElection198] INFO  impl.LeaderElection (LeaderElection.java:logAndReturn(56)) - 8e34abce-4df2-4d13-822a-b9906190a447@group-C3E515194F35-LeaderElection198: Election PASSED; received 1 response(s) [8e34abce-4df2-4d13-822a-b9906190a447<-ddd86f17-0fb6-44dc-8f8a-1b8ddc68cc7e#0:OK-t2] and 1 exception(s); 8e34abce-4df2-4d13-822a-b9906190a447@group-C3E515194F35:t2, leader=null, voted=8e34abce-4df2-4d13-822a-b9906190a447, raftlog=8e34abce-4df2-4d13-822a-b9906190a447@group-C3E515194F35-SegmentedRaftLog:OPENED:c5,f5,i5, conf=0: [ba7b154f-e59a-417b-969a-e8c75d4b6746:192.168.34.61:40163, ddd86f17-0fb6-44dc-8f8a-1b8ddc68cc7e:192.168.34.61:37754, 8e34abce-4df2-4d13-822a-b9906190a447:192.168.34.61:34382], old=null
2019-11-15 04:25:20,649 [Thread-4069] INFO  impl.FollowerState (FollowerState.java:run(111)) - be6365c1-8fb2-47f9-87b1-78a3fb38138b@group-B41F48618BA6-FollowerState: change to CANDIDATE, lastRpcTime:1088ms, electionTimeout:1088ms
2019-11-15 04:25:20,649 [8e34abce-4df2-4d13-822a-b9906190a447@group-C3E515194F35-LeaderElection198] INFO  impl.LeaderElection (LogUtils.java:infoOrTrace(149)) -   Exception 0: {}
java.util.concurrent.ExecutionException: org.apache.ratis.thirdparty.io.grpc.StatusRuntimeException: UNAVAILABLE: io exception
	at java.util.concurrent.FutureTask.report(FutureTask.java:122)
	at java.util.concurrent.FutureTask.get(FutureTask.java:192)
	at org.apache.ratis.server.impl.LeaderElection.waitForResults(LeaderElection.java:259)
	at org.apache.ratis.server.impl.LeaderElection.askForVotes(LeaderElection.java:197)
	at org.apache.ratis.server.impl.LeaderElection.run(LeaderElection.java:133)
	at java.lang.Thread.run(Thread.java:748)
Caused by: org.apache.ratis.thirdparty.io.grpc.StatusRuntimeException: UNAVAILABLE: io exception
	at org.apache.ratis.thirdparty.io.grpc.stub.ClientCalls.toStatusRuntimeException(ClientCalls.java:233)
	at org.apache.ratis.thirdparty.io.grpc.stub.ClientCalls.getUnchecked(ClientCalls.java:214)
	at org.apache.ratis.thirdparty.io.grpc.stub.ClientCalls.blockingUnaryCall(ClientCalls.java:139)
	at org.apache.ratis.proto.grpc.RaftServerProtocolServiceGrpc$RaftServerProtocolServiceBlockingStub.requestVote(RaftServerProtocolServiceGrpc.java:265)
	at org.apache.ratis.grpc.server.GrpcServerProtocolClient.requestVote(GrpcServerProtocolClient.java:99)
	at org.apache.ratis.grpc.server.GrpcService.requestVote(GrpcService.java:204)
	at org.apache.ratis.server.impl.LeaderElection.lambda$submitRequests$1(LeaderElection.java:234)
	at java.util.concurrent.FutureTask.run(FutureTask.java:266)
	at java.util.concurrent.Executors$RunnableAdapter.call(Executors.java:511)
	at java.util.concurrent.FutureTask.run(FutureTask.java:266)
	at java.util.concurrent.ThreadPoolExecutor.runWorker(ThreadPoolExecutor.java:1149)
	at java.util.concurrent.ThreadPoolExecutor$Worker.run(ThreadPoolExecutor.java:624)
	... 1 more
Caused by: org.apache.ratis.thirdparty.io.netty.channel.AbstractChannel$AnnotatedConnectException: Connection refused: /192.168.34.61:40163
	at sun.nio.ch.SocketChannelImpl.checkConnect(Native Method)
	at sun.nio.ch.SocketChannelImpl.finishConnect(SocketChannelImpl.java:717)
	at org.apache.ratis.thirdparty.io.netty.channel.socket.nio.NioSocketChannel.doFinishConnect(NioSocketChannel.java:327)
	at org.apache.ratis.thirdparty.io.netty.channel.nio.AbstractNioChannel$AbstractNioUnsafe.finishConnect(AbstractNioChannel.java:340)
	at org.apache.ratis.thirdparty.io.netty.channel.nio.NioEventLoop.processSelectedKey(NioEventLoop.java:632)
	at org.apache.ratis.thirdparty.io.netty.channel.nio.NioEventLoop.processSelectedKeysOptimized(NioEventLoop.java:579)
	at org.apache.ratis.thirdparty.io.netty.channel.nio.NioEventLoop.processSelectedKeys(NioEventLoop.java:496)
	at org.apache.ratis.thirdparty.io.netty.channel.nio.NioEventLoop.run(NioEventLoop.java:458)
	at org.apache.ratis.thirdparty.io.netty.util.concurrent.SingleThreadEventExecutor$5.run(SingleThreadEventExecutor.java:897)
	at org.apache.ratis.thirdparty.io.netty.util.concurrent.FastThreadLocalRunnable.run(FastThreadLocalRunnable.java:30)
	... 1 more
Caused by: java.net.ConnectException: Connection refused
	... 11 more
2019-11-15 04:25:20,649 [Thread-4069] INFO  impl.RoleInfo (RoleInfo.java:shutdownFollowerState(121)) - be6365c1-8fb2-47f9-87b1-78a3fb38138b: shutdown FollowerState
2019-11-15 04:25:20,650 [8e34abce-4df2-4d13-822a-b9906190a447@group-C3E515194F35-LeaderElection198] INFO  impl.RoleInfo (RoleInfo.java:shutdownLeaderElection(134)) - 8e34abce-4df2-4d13-822a-b9906190a447: shutdown LeaderElection
2019-11-15 04:25:20,650 [Thread-4069] INFO  impl.RaftServerImpl (RaftServerImpl.java:setRole(173)) - be6365c1-8fb2-47f9-87b1-78a3fb38138b@group-B41F48618BA6: changes role from  FOLLOWER to CANDIDATE at term 13 for changeToCandidate
2019-11-15 04:25:20,650 [8e34abce-4df2-4d13-822a-b9906190a447@group-C3E515194F35-LeaderElection198] INFO  impl.RaftServerImpl (RaftServerImpl.java:setRole(173)) - 8e34abce-4df2-4d13-822a-b9906190a447@group-C3E515194F35: changes role from CANDIDATE to LEADER at term 2 for changeToLeader
2019-11-15 04:25:20,650 [Thread-4069] INFO  impl.RoleInfo (RoleInfo.java:updateAndGet(143)) - be6365c1-8fb2-47f9-87b1-78a3fb38138b: start LeaderElection
2019-11-15 04:25:20,650 [8e34abce-4df2-4d13-822a-b9906190a447@group-C3E515194F35-LeaderElection198] INFO  ratis.XceiverServerRatis (XceiverServerRatis.java:handleLeaderChangedNotification(733)) - Leader change notification received for group: group-C3E515194F35 with new leaderId: 8e34abce-4df2-4d13-822a-b9906190a447
2019-11-15 04:25:20,650 [8e34abce-4df2-4d13-822a-b9906190a447@group-C3E515194F35-LeaderElection198] INFO  impl.RaftServerImpl (ServerState.java:setLeader(255)) - 8e34abce-4df2-4d13-822a-b9906190a447@group-C3E515194F35: change Leader from null to 8e34abce-4df2-4d13-822a-b9906190a447 at term 2 for becomeLeader, leader elected after 175ms
2019-11-15 04:25:20,650 [8e34abce-4df2-4d13-822a-b9906190a447@group-C3E515194F35-LeaderElection198] INFO  server.RaftServerConfigKeys (ConfUtils.java:logGet(43)) - raft.server.staging.catchup.gap = 1000 (default)
2019-11-15 04:25:20,651 [8e34abce-4df2-4d13-822a-b9906190a447@group-C3E515194F35-LeaderElection198] INFO  server.RaftServerConfigKeys (ConfUtils.java:logGet(43)) - raft.server.rpc.sleep.time = 25ms (default)
2019-11-15 04:25:20,651 [8e34abce-4df2-4d13-822a-b9906190a447@group-C3E515194F35-LeaderElection198] INFO  server.RaftServerConfigKeys (ConfUtils.java:logGet(43)) - raft.server.write.element-limit = 4096 (default)
2019-11-15 04:25:20,651 [8e34abce-4df2-4d13-822a-b9906190a447@group-C3E515194F35-LeaderElection198] INFO  server.RaftServerConfigKeys (ConfUtils.java:logGet(43)) - raft.server.watch.timeout = 10s (default)
2019-11-15 04:25:20,651 [8e34abce-4df2-4d13-822a-b9906190a447@group-C3E515194F35-LeaderElection198] INFO  server.RaftServerConfigKeys (ConfUtils.java:logGet(43)) - raft.server.watch.timeout.denomination = 1s (default)
2019-11-15 04:25:20,651 [8e34abce-4df2-4d13-822a-b9906190a447@group-C3E515194F35-LeaderElection198] INFO  server.RaftServerConfigKeys (ConfUtils.java:logGet(43)) - raft.server.watch.element-limit = 65536 (default)
2019-11-15 04:25:20,651 [8e34abce-4df2-4d13-822a-b9906190a447@group-C3E515194F35-LeaderElection198] INFO  server.RaftServerConfigKeys (ConfUtils.java:logGet(43)) - raft.server.log.appender.snapshot.chunk.size.max = 16MB (=16777216) (default)
2019-11-15 04:25:20,651 [8e34abce-4df2-4d13-822a-b9906190a447@group-C3E515194F35-LeaderElection198] INFO  server.RaftServerConfigKeys (ConfUtils.java:logGet(43)) - raft.server.log.appender.buffer.byte-limit = 33554432 (custom)
2019-11-15 04:25:20,651 [8e34abce-4df2-4d13-822a-b9906190a447@group-C3E515194F35-LeaderElection198] INFO  server.RaftServerConfigKeys (ConfUtils.java:logGet(43)) - raft.server.log.appender.buffer.element-limit = 1 (custom)
2019-11-15 04:25:20,651 [8e34abce-4df2-4d13-822a-b9906190a447@group-C3E515194F35-LeaderElection198] INFO  grpc.GrpcConfigKeys$Server (ConfUtils.java:logGet(43)) - raft.grpc.server.leader.outstanding.appends.max = 128 (default)
2019-11-15 04:25:20,652 [8e34abce-4df2-4d13-822a-b9906190a447@group-C3E515194F35-LeaderElection198] INFO  server.RaftServerConfigKeys (ConfUtils.java:logGet(43)) - raft.server.rpc.request.timeout = 3000ms (default)
2019-11-15 04:25:20,652 [8e34abce-4df2-4d13-822a-b9906190a447@group-C3E515194F35-LeaderElection198] INFO  server.RaftServerConfigKeys (ConfUtils.java:logGet(43)) - raft.server.log.appender.install.snapshot.enabled = false (custom)
2019-11-15 04:25:20,652 [8e34abce-4df2-4d13-822a-b9906190a447@group-C3E515194F35-LeaderElection198] WARN  impl.MetricRegistriesImpl (MetricRegistriesImpl.java:lambda$create$1(61)) - First MetricRegistry has been created without registering reporters. You may need to call MetricRegistries.global().addReportRegistration(...) before.
2019-11-15 04:25:20,652 [8e34abce-4df2-4d13-822a-b9906190a447@group-C3E515194F35-LeaderElection198] INFO  server.RaftServerConfigKeys (ConfUtils.java:logGet(43)) - raft.server.log.appender.snapshot.chunk.size.max = 16MB (=16777216) (default)
2019-11-15 04:25:20,652 [8e34abce-4df2-4d13-822a-b9906190a447@group-C3E515194F35-LeaderElection198] INFO  server.RaftServerConfigKeys (ConfUtils.java:logGet(43)) - raft.server.log.appender.buffer.byte-limit = 33554432 (custom)
2019-11-15 04:25:20,652 [8e34abce-4df2-4d13-822a-b9906190a447@group-C3E515194F35-LeaderElection198] INFO  server.RaftServerConfigKeys (ConfUtils.java:logGet(43)) - raft.server.log.appender.buffer.element-limit = 1 (custom)
2019-11-15 04:25:20,652 [8e34abce-4df2-4d13-822a-b9906190a447@group-C3E515194F35-LeaderElection198] INFO  grpc.GrpcConfigKeys$Server (ConfUtils.java:logGet(43)) - raft.grpc.server.leader.outstanding.appends.max = 128 (default)
2019-11-15 04:25:20,652 [8e34abce-4df2-4d13-822a-b9906190a447@group-C3E515194F35-LeaderElection198] INFO  server.RaftServerConfigKeys (ConfUtils.java:logGet(43)) - raft.server.rpc.request.timeout = 3000ms (default)
2019-11-15 04:25:20,652 [8e34abce-4df2-4d13-822a-b9906190a447@group-C3E515194F35-LeaderElection198] INFO  server.RaftServerConfigKeys (ConfUtils.java:logGet(43)) - raft.server.log.appender.install.snapshot.enabled = false (custom)
2019-11-15 04:25:20,653 [8e34abce-4df2-4d13-822a-b9906190a447@group-C3E515194F35-LeaderElection198] INFO  impl.RoleInfo (RoleInfo.java:updateAndGet(143)) - 8e34abce-4df2-4d13-822a-b9906190a447: start LeaderState
2019-11-15 04:25:20,653 [8e34abce-4df2-4d13-822a-b9906190a447@group-C3E515194F35-LeaderElection198] INFO  segmented.SegmentedRaftLogWorker (SegmentedRaftLogWorker.java:rollLogSegment(390)) - 8e34abce-4df2-4d13-822a-b9906190a447@group-C3E515194F35-SegmentedRaftLogWorker: Rolling segment log-0_5 to index:5
2019-11-15 04:25:20,654 [8e34abce-4df2-4d13-822a-b9906190a447@group-C3E515194F35-LeaderElection198] INFO  impl.RaftServerImpl (ServerState.java:setRaftConf(356)) - 8e34abce-4df2-4d13-822a-b9906190a447@group-C3E515194F35: set configuration 6: [ba7b154f-e59a-417b-969a-e8c75d4b6746:192.168.34.61:40163, ddd86f17-0fb6-44dc-8f8a-1b8ddc68cc7e:192.168.34.61:37754, 8e34abce-4df2-4d13-822a-b9906190a447:192.168.34.61:34382], old=null at 6
2019-11-15 04:25:20,654 [grpc-default-executor-16] WARN  server.GrpcLogAppender (LogUtils.java:warn(134)) - 8e34abce-4df2-4d13-822a-b9906190a447@group-C3E515194F35->ba7b154f-e59a-417b-969a-e8c75d4b6746-AppendLogResponseHandler: Failed appendEntries: org.apache.ratis.thirdparty.io.grpc.StatusRuntimeException: UNAVAILABLE: io exception
2019-11-15 04:25:20,654 [8e34abce-4df2-4d13-822a-b9906190a447@group-C3E515194F35-SegmentedRaftLogWorker] INFO  segmented.SegmentedRaftLogWorker (SegmentedRaftLogWorker.java:execute(533)) - 8e34abce-4df2-4d13-822a-b9906190a447@group-C3E515194F35-SegmentedRaftLogWorker: Rolled log segment from /workdir/hadoop-ozone/integration-test/target/test-dir/MiniOzoneClusterImpl-b8077c48-d45a-4953-83b6-e1fc361e67bb/datanode-8/data/ratis/94ea20d5-f2f7-4c51-9fa4-c3e515194f35/current/log_inprogress_0 to /workdir/hadoop-ozone/integration-test/target/test-dir/MiniOzoneClusterImpl-b8077c48-d45a-4953-83b6-e1fc361e67bb/datanode-8/data/ratis/94ea20d5-f2f7-4c51-9fa4-c3e515194f35/current/log_0-5
2019-11-15 04:25:20,655 [grpc-default-executor-19] INFO  ratis.XceiverServerRatis (XceiverServerRatis.java:handleLeaderChangedNotification(733)) - Leader change notification received for group: group-C3E515194F35 with new leaderId: 8e34abce-4df2-4d13-822a-b9906190a447
2019-11-15 04:25:20,655 [grpc-default-executor-19] INFO  impl.RaftServerImpl (ServerState.java:setLeader(255)) - ddd86f17-0fb6-44dc-8f8a-1b8ddc68cc7e@group-C3E515194F35: change Leader from null to 8e34abce-4df2-4d13-822a-b9906190a447 at term 2 for appendEntries, leader elected after 87ms
2019-11-15 04:25:20,686 [grpc-default-executor-16] INFO  impl.FollowerInfo (FollowerInfo.java:lambda$new$0(51)) - 8e34abce-4df2-4d13-822a-b9906190a447@group-C3E515194F35->ba7b154f-e59a-417b-969a-e8c75d4b6746: nextIndex: updateUnconditionally 6 -> 1
2019-11-15 04:25:20,687 [grpc-default-executor-1] INFO  impl.RaftServerImpl (ServerState.java:setRaftConf(356)) - ddd86f17-0fb6-44dc-8f8a-1b8ddc68cc7e@group-C3E515194F35: set configuration 6: [ba7b154f-e59a-417b-969a-e8c75d4b6746:192.168.34.61:40163, ddd86f17-0fb6-44dc-8f8a-1b8ddc68cc7e:192.168.34.61:37754, 8e34abce-4df2-4d13-822a-b9906190a447:192.168.34.61:34382], old=null at 6
2019-11-15 04:25:20,687 [grpc-default-executor-1] INFO  segmented.SegmentedRaftLogWorker (SegmentedRaftLogWorker.java:rollLogSegment(390)) - ddd86f17-0fb6-44dc-8f8a-1b8ddc68cc7e@group-C3E515194F35-SegmentedRaftLogWorker: Rolling segment log-0_5 to index:5
2019-11-15 04:25:20,752 [ddd86f17-0fb6-44dc-8f8a-1b8ddc68cc7e@group-C3E515194F35-SegmentedRaftLogWorker] INFO  segmented.SegmentedRaftLogWorker (SegmentedRaftLogWorker.java:execute(533)) - ddd86f17-0fb6-44dc-8f8a-1b8ddc68cc7e@group-C3E515194F35-SegmentedRaftLogWorker: Rolled log segment from /workdir/hadoop-ozone/integration-test/target/test-dir/MiniOzoneClusterImpl-b8077c48-d45a-4953-83b6-e1fc361e67bb/datanode-7/data/ratis/94ea20d5-f2f7-4c51-9fa4-c3e515194f35/current/log_inprogress_0 to /workdir/hadoop-ozone/integration-test/target/test-dir/MiniOzoneClusterImpl-b8077c48-d45a-4953-83b6-e1fc361e67bb/datanode-7/data/ratis/94ea20d5-f2f7-4c51-9fa4-c3e515194f35/current/log_0-5
2019-11-15 04:25:20,764 [be6365c1-8fb2-47f9-87b1-78a3fb38138b@group-B41F48618BA6-LeaderElection200] INFO  impl.LeaderElection (LeaderElection.java:askForVotes(178)) - be6365c1-8fb2-47f9-87b1-78a3fb38138b@group-B41F48618BA6-LeaderElection200: begin an election at term 14 for 5: [b8480f98-5c77-4f73-b6b9-e737b10a7f9e:192.168.34.61:32848, be6365c1-8fb2-47f9-87b1-78a3fb38138b:192.168.34.61:44393, f15e9ea2-ac28-4081-8e04-15028e251385:192.168.34.61:44094], old=null
2019-11-15 04:25:20,765 [8e34abce-4df2-4d13-822a-b9906190a447@group-C3E515194F35-SegmentedRaftLogWorker] INFO  segmented.SegmentedRaftLogWorker (SegmentedRaftLogWorker.java:execute(576)) - 8e34abce-4df2-4d13-822a-b9906190a447@group-C3E515194F35-SegmentedRaftLogWorker: created new log segment /workdir/hadoop-ozone/integration-test/target/test-dir/MiniOzoneClusterImpl-b8077c48-d45a-4953-83b6-e1fc361e67bb/datanode-8/data/ratis/94ea20d5-f2f7-4c51-9fa4-c3e515194f35/current/log_inprogress_6
2019-11-15 04:25:20,765 [be6365c1-8fb2-47f9-87b1-78a3fb38138b@group-B41F48618BA6-LeaderElection200] INFO  impl.LeaderElection (LogUtils.java:infoOrTrace(149)) - be6365c1-8fb2-47f9-87b1-78a3fb38138b@group-B41F48618BA6-LeaderElection200 got exception when requesting votes: {}
java.util.concurrent.ExecutionException: org.apache.ratis.thirdparty.io.grpc.StatusRuntimeException: UNAVAILABLE: io exception
	at java.util.concurrent.FutureTask.report(FutureTask.java:122)
	at java.util.concurrent.FutureTask.get(FutureTask.java:192)
	at org.apache.ratis.server.impl.LeaderElection.waitForResults(LeaderElection.java:259)
	at org.apache.ratis.server.impl.LeaderElection.askForVotes(LeaderElection.java:197)
	at org.apache.ratis.server.impl.LeaderElection.run(LeaderElection.java:133)
	at java.lang.Thread.run(Thread.java:748)
Caused by: org.apache.ratis.thirdparty.io.grpc.StatusRuntimeException: UNAVAILABLE: io exception
	at org.apache.ratis.thirdparty.io.grpc.stub.ClientCalls.toStatusRuntimeException(ClientCalls.java:233)
	at org.apache.ratis.thirdparty.io.grpc.stub.ClientCalls.getUnchecked(ClientCalls.java:214)
	at org.apache.ratis.thirdparty.io.grpc.stub.ClientCalls.blockingUnaryCall(ClientCalls.java:139)
	at org.apache.ratis.proto.grpc.RaftServerProtocolServiceGrpc$RaftServerProtocolServiceBlockingStub.requestVote(RaftServerProtocolServiceGrpc.java:265)
	at org.apache.ratis.grpc.server.GrpcServerProtocolClient.requestVote(GrpcServerProtocolClient.java:99)
	at org.apache.ratis.grpc.server.GrpcService.requestVote(GrpcService.java:204)
	at org.apache.ratis.server.impl.LeaderElection.lambda$submitRequests$1(LeaderElection.java:234)
	at java.util.concurrent.FutureTask.run(FutureTask.java:266)
	at java.util.concurrent.Executors$RunnableAdapter.call(Executors.java:511)
	at java.util.concurrent.FutureTask.run(FutureTask.java:266)
	at java.util.concurrent.ThreadPoolExecutor.runWorker(ThreadPoolExecutor.java:1149)
	at java.util.concurrent.ThreadPoolExecutor$Worker.run(ThreadPoolExecutor.java:624)
	... 1 more
Caused by: org.apache.ratis.thirdparty.io.netty.channel.AbstractChannel$AnnotatedConnectException: Connection refused: /192.168.34.61:32848
	at sun.nio.ch.SocketChannelImpl.checkConnect(Native Method)
	at sun.nio.ch.SocketChannelImpl.finishConnect(SocketChannelImpl.java:717)
	at org.apache.ratis.thirdparty.io.netty.channel.socket.nio.NioSocketChannel.doFinishConnect(NioSocketChannel.java:327)
	at org.apache.ratis.thirdparty.io.netty.channel.nio.AbstractNioChannel$AbstractNioUnsafe.finishConnect(AbstractNioChannel.java:340)
	at org.apache.ratis.thirdparty.io.netty.channel.nio.NioEventLoop.processSelectedKey(NioEventLoop.java:632)
	at org.apache.ratis.thirdparty.io.netty.channel.nio.NioEventLoop.processSelectedKeysOptimized(NioEventLoop.java:579)
	at org.apache.ratis.thirdparty.io.netty.channel.nio.NioEventLoop.processSelectedKeys(NioEventLoop.java:496)
	at org.apache.ratis.thirdparty.io.netty.channel.nio.NioEventLoop.run(NioEventLoop.java:458)
	at org.apache.ratis.thirdparty.io.netty.util.concurrent.SingleThreadEventExecutor$5.run(SingleThreadEventExecutor.java:897)
	at org.apache.ratis.thirdparty.io.netty.util.concurrent.FastThreadLocalRunnable.run(FastThreadLocalRunnable.java:30)
	... 1 more
Caused by: java.net.ConnectException: Connection refused
	... 11 more
2019-11-15 04:25:20,766 [be6365c1-8fb2-47f9-87b1-78a3fb38138b@group-B41F48618BA6-LeaderElection200] INFO  impl.LeaderElection (LogUtils.java:infoOrTrace(149)) - be6365c1-8fb2-47f9-87b1-78a3fb38138b@group-B41F48618BA6-LeaderElection200 got exception when requesting votes: {}
java.util.concurrent.ExecutionException: org.apache.ratis.thirdparty.io.grpc.StatusRuntimeException: UNAVAILABLE: io exception
	at java.util.concurrent.FutureTask.report(FutureTask.java:122)
	at java.util.concurrent.FutureTask.get(FutureTask.java:192)
	at org.apache.ratis.server.impl.LeaderElection.waitForResults(LeaderElection.java:259)
	at org.apache.ratis.server.impl.LeaderElection.askForVotes(LeaderElection.java:197)
	at org.apache.ratis.server.impl.LeaderElection.run(LeaderElection.java:133)
	at java.lang.Thread.run(Thread.java:748)
Caused by: org.apache.ratis.thirdparty.io.grpc.StatusRuntimeException: UNAVAILABLE: io exception
	at org.apache.ratis.thirdparty.io.grpc.stub.ClientCalls.toStatusRuntimeException(ClientCalls.java:233)
	at org.apache.ratis.thirdparty.io.grpc.stub.ClientCalls.getUnchecked(ClientCalls.java:214)
	at org.apache.ratis.thirdparty.io.grpc.stub.ClientCalls.blockingUnaryCall(ClientCalls.java:139)
	at org.apache.ratis.proto.grpc.RaftServerProtocolServiceGrpc$RaftServerProtocolServiceBlockingStub.requestVote(RaftServerProtocolServiceGrpc.java:265)
	at org.apache.ratis.grpc.server.GrpcServerProtocolClient.requestVote(GrpcServerProtocolClient.java:99)
	at org.apache.ratis.grpc.server.GrpcService.requestVote(GrpcService.java:204)
	at org.apache.ratis.server.impl.LeaderElection.lambda$submitRequests$1(LeaderElection.java:234)
	at java.util.concurrent.FutureTask.run(FutureTask.java:266)
	at java.util.concurrent.Executors$RunnableAdapter.call(Executors.java:511)
	at java.util.concurrent.FutureTask.run(FutureTask.java:266)
	at java.util.concurrent.ThreadPoolExecutor.runWorker(ThreadPoolExecutor.java:1149)
	at java.util.concurrent.ThreadPoolExecutor$Worker.run(ThreadPoolExecutor.java:624)
	... 1 more
Caused by: org.apache.ratis.thirdparty.io.netty.channel.AbstractChannel$AnnotatedConnectException: Connection refused: /192.168.34.61:44094
	at sun.nio.ch.SocketChannelImpl.checkConnect(Native Method)
	at sun.nio.ch.SocketChannelImpl.finishConnect(SocketChannelImpl.java:717)
	at org.apache.ratis.thirdparty.io.netty.channel.socket.nio.NioSocketChannel.doFinishConnect(NioSocketChannel.java:327)
	at org.apache.ratis.thirdparty.io.netty.channel.nio.AbstractNioChannel$AbstractNioUnsafe.finishConnect(AbstractNioChannel.java:340)
	at org.apache.ratis.thirdparty.io.netty.channel.nio.NioEventLoop.processSelectedKey(NioEventLoop.java:632)
	at org.apache.ratis.thirdparty.io.netty.channel.nio.NioEventLoop.processSelectedKeysOptimized(NioEventLoop.java:579)
	at org.apache.ratis.thirdparty.io.netty.channel.nio.NioEventLoop.processSelectedKeys(NioEventLoop.java:496)
	at org.apache.ratis.thirdparty.io.netty.channel.nio.NioEventLoop.run(NioEventLoop.java:458)
	at org.apache.ratis.thirdparty.io.netty.util.concurrent.SingleThreadEventExecutor$5.run(SingleThreadEventExecutor.java:897)
	at org.apache.ratis.thirdparty.io.netty.util.concurrent.FastThreadLocalRunnable.run(FastThreadLocalRunnable.java:30)
	... 1 more
Caused by: java.net.ConnectException: Connection refused
	... 11 more
2019-11-15 04:25:20,766 [be6365c1-8fb2-47f9-87b1-78a3fb38138b@group-B41F48618BA6-LeaderElection200] INFO  impl.LeaderElection (LeaderElection.java:logAndReturn(56)) - be6365c1-8fb2-47f9-87b1-78a3fb38138b@group-B41F48618BA6-LeaderElection200: Election REJECTED; received 0 response(s) [] and 2 exception(s); be6365c1-8fb2-47f9-87b1-78a3fb38138b@group-B41F48618BA6:t14, leader=null, voted=be6365c1-8fb2-47f9-87b1-78a3fb38138b, raftlog=be6365c1-8fb2-47f9-87b1-78a3fb38138b@group-B41F48618BA6-SegmentedRaftLog:OPENED:c6,f6,i6, conf=5: [b8480f98-5c77-4f73-b6b9-e737b10a7f9e:192.168.34.61:32848, be6365c1-8fb2-47f9-87b1-78a3fb38138b:192.168.34.61:44393, f15e9ea2-ac28-4081-8e04-15028e251385:192.168.34.61:44094], old=null
2019-11-15 04:25:20,766 [be6365c1-8fb2-47f9-87b1-78a3fb38138b@group-B41F48618BA6-LeaderElection200] INFO  impl.LeaderElection (LogUtils.java:infoOrTrace(149)) -   Exception 0: {}
java.util.concurrent.ExecutionException: org.apache.ratis.thirdparty.io.grpc.StatusRuntimeException: UNAVAILABLE: io exception
	at java.util.concurrent.FutureTask.report(FutureTask.java:122)
	at java.util.concurrent.FutureTask.get(FutureTask.java:192)
	at org.apache.ratis.server.impl.LeaderElection.waitForResults(LeaderElection.java:259)
	at org.apache.ratis.server.impl.LeaderElection.askForVotes(LeaderElection.java:197)
	at org.apache.ratis.server.impl.LeaderElection.run(LeaderElection.java:133)
	at java.lang.Thread.run(Thread.java:748)
Caused by: org.apache.ratis.thirdparty.io.grpc.StatusRuntimeException: UNAVAILABLE: io exception
	at org.apache.ratis.thirdparty.io.grpc.stub.ClientCalls.toStatusRuntimeException(ClientCalls.java:233)
	at org.apache.ratis.thirdparty.io.grpc.stub.ClientCalls.getUnchecked(ClientCalls.java:214)
	at org.apache.ratis.thirdparty.io.grpc.stub.ClientCalls.blockingUnaryCall(ClientCalls.java:139)
	at org.apache.ratis.proto.grpc.RaftServerProtocolServiceGrpc$RaftServerProtocolServiceBlockingStub.requestVote(RaftServerProtocolServiceGrpc.java:265)
	at org.apache.ratis.grpc.server.GrpcServerProtocolClient.requestVote(GrpcServerProtocolClient.java:99)
	at org.apache.ratis.grpc.server.GrpcService.requestVote(GrpcService.java:204)
	at org.apache.ratis.server.impl.LeaderElection.lambda$submitRequests$1(LeaderElection.java:234)
	at java.util.concurrent.FutureTask.run(FutureTask.java:266)
	at java.util.concurrent.Executors$RunnableAdapter.call(Executors.java:511)
	at java.util.concurrent.FutureTask.run(FutureTask.java:266)
	at java.util.concurrent.ThreadPoolExecutor.runWorker(ThreadPoolExecutor.java:1149)
	at java.util.concurrent.ThreadPoolExecutor$Worker.run(ThreadPoolExecutor.java:624)
	... 1 more
Caused by: org.apache.ratis.thirdparty.io.netty.channel.AbstractChannel$AnnotatedConnectException: Connection refused: /192.168.34.61:32848
	at sun.nio.ch.SocketChannelImpl.checkConnect(Native Method)
	at sun.nio.ch.SocketChannelImpl.finishConnect(SocketChannelImpl.java:717)
	at org.apache.ratis.thirdparty.io.netty.channel.socket.nio.NioSocketChannel.doFinishConnect(NioSocketChannel.java:327)
	at org.apache.ratis.thirdparty.io.netty.channel.nio.AbstractNioChannel$AbstractNioUnsafe.finishConnect(AbstractNioChannel.java:340)
	at org.apache.ratis.thirdparty.io.netty.channel.nio.NioEventLoop.processSelectedKey(NioEventLoop.java:632)
	at org.apache.ratis.thirdparty.io.netty.channel.nio.NioEventLoop.processSelectedKeysOptimized(NioEventLoop.java:579)
	at org.apache.ratis.thirdparty.io.netty.channel.nio.NioEventLoop.processSelectedKeys(NioEventLoop.java:496)
	at org.apache.ratis.thirdparty.io.netty.channel.nio.NioEventLoop.run(NioEventLoop.java:458)
	at org.apache.ratis.thirdparty.io.netty.util.concurrent.SingleThreadEventExecutor$5.run(SingleThreadEventExecutor.java:897)
	at org.apache.ratis.thirdparty.io.netty.util.concurrent.FastThreadLocalRunnable.run(FastThreadLocalRunnable.java:30)
	... 1 more
Caused by: java.net.ConnectException: Connection refused
	... 11 more
2019-11-15 04:25:20,767 [be6365c1-8fb2-47f9-87b1-78a3fb38138b@group-B41F48618BA6-LeaderElection200] INFO  impl.LeaderElection (LogUtils.java:infoOrTrace(149)) -   Exception 1: {}
java.util.concurrent.ExecutionException: org.apache.ratis.thirdparty.io.grpc.StatusRuntimeException: UNAVAILABLE: io exception
	at java.util.concurrent.FutureTask.report(FutureTask.java:122)
	at java.util.concurrent.FutureTask.get(FutureTask.java:192)
	at org.apache.ratis.server.impl.LeaderElection.waitForResults(LeaderElection.java:259)
	at org.apache.ratis.server.impl.LeaderElection.askForVotes(LeaderElection.java:197)
	at org.apache.ratis.server.impl.LeaderElection.run(LeaderElection.java:133)
	at java.lang.Thread.run(Thread.java:748)
Caused by: org.apache.ratis.thirdparty.io.grpc.StatusRuntimeException: UNAVAILABLE: io exception
	at org.apache.ratis.thirdparty.io.grpc.stub.ClientCalls.toStatusRuntimeException(ClientCalls.java:233)
	at org.apache.ratis.thirdparty.io.grpc.stub.ClientCalls.getUnchecked(ClientCalls.java:214)
	at org.apache.ratis.thirdparty.io.grpc.stub.ClientCalls.blockingUnaryCall(ClientCalls.java:139)
	at org.apache.ratis.proto.grpc.RaftServerProtocolServiceGrpc$RaftServerProtocolServiceBlockingStub.requestVote(RaftServerProtocolServiceGrpc.java:265)
	at org.apache.ratis.grpc.server.GrpcServerProtocolClient.requestVote(GrpcServerProtocolClient.java:99)
	at org.apache.ratis.grpc.server.GrpcService.requestVote(GrpcService.java:204)
	at org.apache.ratis.server.impl.LeaderElection.lambda$submitRequests$1(LeaderElection.java:234)
	at java.util.concurrent.FutureTask.run(FutureTask.java:266)
	at java.util.concurrent.Executors$RunnableAdapter.call(Executors.java:511)
	at java.util.concurrent.FutureTask.run(FutureTask.java:266)
	at java.util.concurrent.ThreadPoolExecutor.runWorker(ThreadPoolExecutor.java:1149)
	at java.util.concurrent.ThreadPoolExecutor$Worker.run(ThreadPoolExecutor.java:624)
	... 1 more
Caused by: org.apache.ratis.thirdparty.io.netty.channel.AbstractChannel$AnnotatedConnectException: Connection refused: /192.168.34.61:44094
	at sun.nio.ch.SocketChannelImpl.checkConnect(Native Method)
	at sun.nio.ch.SocketChannelImpl.finishConnect(SocketChannelImpl.java:717)
	at org.apache.ratis.thirdparty.io.netty.channel.socket.nio.NioSocketChannel.doFinishConnect(NioSocketChannel.java:327)
	at org.apache.ratis.thirdparty.io.netty.channel.nio.AbstractNioChannel$AbstractNioUnsafe.finishConnect(AbstractNioChannel.java:340)
	at org.apache.ratis.thirdparty.io.netty.channel.nio.NioEventLoop.processSelectedKey(NioEventLoop.java:632)
	at org.apache.ratis.thirdparty.io.netty.channel.nio.NioEventLoop.processSelectedKeysOptimized(NioEventLoop.java:579)
	at org.apache.ratis.thirdparty.io.netty.channel.nio.NioEventLoop.processSelectedKeys(NioEventLoop.java:496)
	at org.apache.ratis.thirdparty.io.netty.channel.nio.NioEventLoop.run(NioEventLoop.java:458)
	at org.apache.ratis.thirdparty.io.netty.util.concurrent.SingleThreadEventExecutor$5.run(SingleThreadEventExecutor.java:897)
	at org.apache.ratis.thirdparty.io.netty.util.concurrent.FastThreadLocalRunnable.run(FastThreadLocalRunnable.java:30)
	... 1 more
Caused by: java.net.ConnectException: Connection refused
	... 11 more
2019-11-15 04:25:20,767 [be6365c1-8fb2-47f9-87b1-78a3fb38138b@group-B41F48618BA6-LeaderElection200] INFO  impl.RaftServerImpl (RaftServerImpl.java:setRole(173)) - be6365c1-8fb2-47f9-87b1-78a3fb38138b@group-B41F48618BA6: changes role from CANDIDATE to FOLLOWER at term 14 for DISCOVERED_A_NEW_TERM
2019-11-15 04:25:20,767 [be6365c1-8fb2-47f9-87b1-78a3fb38138b@group-B41F48618BA6-LeaderElection200] INFO  impl.RoleInfo (RoleInfo.java:shutdownLeaderElection(134)) - be6365c1-8fb2-47f9-87b1-78a3fb38138b: shutdown LeaderElection
2019-11-15 04:25:20,767 [be6365c1-8fb2-47f9-87b1-78a3fb38138b@group-B41F48618BA6-LeaderElection200] INFO  impl.RoleInfo (RoleInfo.java:updateAndGet(143)) - be6365c1-8fb2-47f9-87b1-78a3fb38138b: start FollowerState
2019-11-15 04:25:20,804 [ddd86f17-0fb6-44dc-8f8a-1b8ddc68cc7e@group-C3E515194F35-SegmentedRaftLogWorker] INFO  segmented.SegmentedRaftLogWorker (SegmentedRaftLogWorker.java:execute(576)) - ddd86f17-0fb6-44dc-8f8a-1b8ddc68cc7e@group-C3E515194F35-SegmentedRaftLogWorker: created new log segment /workdir/hadoop-ozone/integration-test/target/test-dir/MiniOzoneClusterImpl-b8077c48-d45a-4953-83b6-e1fc361e67bb/datanode-7/data/ratis/94ea20d5-f2f7-4c51-9fa4-c3e515194f35/current/log_inprogress_6
2019-11-15 04:25:20,840 [grpc-default-executor-19] WARN  server.GrpcLogAppender (LogUtils.java:warn(134)) - 8e34abce-4df2-4d13-822a-b9906190a447@group-C3E515194F35->ba7b154f-e59a-417b-969a-e8c75d4b6746-AppendLogResponseHandler: Failed appendEntries: org.apache.ratis.thirdparty.io.grpc.StatusRuntimeException: UNAVAILABLE: io exception
2019-11-15 04:25:20,840 [grpc-default-executor-19] INFO  impl.FollowerInfo (FollowerInfo.java:lambda$new$0(51)) - 8e34abce-4df2-4d13-822a-b9906190a447@group-C3E515194F35->ba7b154f-e59a-417b-969a-e8c75d4b6746: nextIndex: updateUnconditionally 2 -> 1
2019-11-15 04:25:20,863 [grpc-default-executor-1] WARN  server.GrpcLogAppender (LogUtils.java:warn(134)) - 8e34abce-4df2-4d13-822a-b9906190a447@group-C3E515194F35->ba7b154f-e59a-417b-969a-e8c75d4b6746-AppendLogResponseHandler: Failed appendEntries: org.apache.ratis.thirdparty.io.grpc.StatusRuntimeException: UNAVAILABLE: io exception
2019-11-15 04:25:20,863 [grpc-default-executor-1] INFO  impl.FollowerInfo (FollowerInfo.java:lambda$new$0(51)) - 8e34abce-4df2-4d13-822a-b9906190a447@group-C3E515194F35->ba7b154f-e59a-417b-969a-e8c75d4b6746: nextIndex: updateUnconditionally 2 -> 1
2019-11-15 04:25:21,364 [grpc-default-executor-16] WARN  server.GrpcLogAppender (LogUtils.java:warn(134)) - 8e34abce-4df2-4d13-822a-b9906190a447@group-C3E515194F35->ba7b154f-e59a-417b-969a-e8c75d4b6746-AppendLogResponseHandler: Failed appendEntries: org.apache.ratis.thirdparty.io.grpc.StatusRuntimeException: UNAVAILABLE: io exception
2019-11-15 04:25:21,365 [grpc-default-executor-16] INFO  impl.FollowerInfo (FollowerInfo.java:lambda$new$0(51)) - 8e34abce-4df2-4d13-822a-b9906190a447@group-C3E515194F35->ba7b154f-e59a-417b-969a-e8c75d4b6746: nextIndex: updateUnconditionally 1 -> 0
2019-11-15 04:25:21,746 [Thread-4076] INFO  impl.FollowerState (FollowerState.java:run(111)) - a0798825-8ead-4df5-a6ef-f7c35f311519@group-1F0597F7C030-FollowerState: change to CANDIDATE, lastRpcTime:1181ms, electionTimeout:1181ms
2019-11-15 04:25:21,748 [Thread-4076] INFO  impl.RoleInfo (RoleInfo.java:shutdownFollowerState(121)) - a0798825-8ead-4df5-a6ef-f7c35f311519: shutdown FollowerState
2019-11-15 04:25:21,748 [Thread-4076] INFO  impl.RaftServerImpl (RaftServerImpl.java:setRole(173)) - a0798825-8ead-4df5-a6ef-f7c35f311519@group-1F0597F7C030: changes role from  FOLLOWER to CANDIDATE at term 2 for changeToCandidate
2019-11-15 04:25:21,749 [Thread-4076] INFO  impl.RoleInfo (RoleInfo.java:updateAndGet(143)) - a0798825-8ead-4df5-a6ef-f7c35f311519: start LeaderElection
2019-11-15 04:25:21,796 [a0798825-8ead-4df5-a6ef-f7c35f311519@group-1F0597F7C030-LeaderElection201] INFO  impl.LeaderElection (LeaderElection.java:askForVotes(178)) - a0798825-8ead-4df5-a6ef-f7c35f311519@group-1F0597F7C030-LeaderElection201: begin an election at term 3 for 0: [64e09b31-9ee8-424d-be17-3e0ab51a0c68:192.168.34.61:46300, a0798825-8ead-4df5-a6ef-f7c35f311519:192.168.34.61:36951, ed7fcdca-26e4-49e6-a038-f4a6d52e370d:192.168.34.61:44989], old=null
2019-11-15 04:25:21,798 [a0798825-8ead-4df5-a6ef-f7c35f311519@group-1F0597F7C030-LeaderElection201] INFO  impl.LeaderElection (LogUtils.java:infoOrTrace(149)) - a0798825-8ead-4df5-a6ef-f7c35f311519@group-1F0597F7C030-LeaderElection201 got exception when requesting votes: {}
java.util.concurrent.ExecutionException: org.apache.ratis.thirdparty.io.grpc.StatusRuntimeException: UNAVAILABLE: io exception
	at java.util.concurrent.FutureTask.report(FutureTask.java:122)
	at java.util.concurrent.FutureTask.get(FutureTask.java:192)
	at org.apache.ratis.server.impl.LeaderElection.waitForResults(LeaderElection.java:259)
	at org.apache.ratis.server.impl.LeaderElection.askForVotes(LeaderElection.java:197)
	at org.apache.ratis.server.impl.LeaderElection.run(LeaderElection.java:133)
	at java.lang.Thread.run(Thread.java:748)
Caused by: org.apache.ratis.thirdparty.io.grpc.StatusRuntimeException: UNAVAILABLE: io exception
	at org.apache.ratis.thirdparty.io.grpc.stub.ClientCalls.toStatusRuntimeException(ClientCalls.java:233)
	at org.apache.ratis.thirdparty.io.grpc.stub.ClientCalls.getUnchecked(ClientCalls.java:214)
	at org.apache.ratis.thirdparty.io.grpc.stub.ClientCalls.blockingUnaryCall(ClientCalls.java:139)
	at org.apache.ratis.proto.grpc.RaftServerProtocolServiceGrpc$RaftServerProtocolServiceBlockingStub.requestVote(RaftServerProtocolServiceGrpc.java:265)
	at org.apache.ratis.grpc.server.GrpcServerProtocolClient.requestVote(GrpcServerProtocolClient.java:99)
	at org.apache.ratis.grpc.server.GrpcService.requestVote(GrpcService.java:204)
	at org.apache.ratis.server.impl.LeaderElection.lambda$submitRequests$1(LeaderElection.java:234)
	at java.util.concurrent.FutureTask.run(FutureTask.java:266)
	at java.util.concurrent.Executors$RunnableAdapter.call(Executors.java:511)
	at java.util.concurrent.FutureTask.run(FutureTask.java:266)
	at java.util.concurrent.ThreadPoolExecutor.runWorker(ThreadPoolExecutor.java:1149)
	at java.util.concurrent.ThreadPoolExecutor$Worker.run(ThreadPoolExecutor.java:624)
	... 1 more
Caused by: org.apache.ratis.thirdparty.io.netty.channel.AbstractChannel$AnnotatedConnectException: Connection refused: /192.168.34.61:46300
	at sun.nio.ch.SocketChannelImpl.checkConnect(Native Method)
	at sun.nio.ch.SocketChannelImpl.finishConnect(SocketChannelImpl.java:717)
	at org.apache.ratis.thirdparty.io.netty.channel.socket.nio.NioSocketChannel.doFinishConnect(NioSocketChannel.java:327)
	at org.apache.ratis.thirdparty.io.netty.channel.nio.AbstractNioChannel$AbstractNioUnsafe.finishConnect(AbstractNioChannel.java:340)
	at org.apache.ratis.thirdparty.io.netty.channel.nio.NioEventLoop.processSelectedKey(NioEventLoop.java:632)
	at org.apache.ratis.thirdparty.io.netty.channel.nio.NioEventLoop.processSelectedKeysOptimized(NioEventLoop.java:579)
	at org.apache.ratis.thirdparty.io.netty.channel.nio.NioEventLoop.processSelectedKeys(NioEventLoop.java:496)
	at org.apache.ratis.thirdparty.io.netty.channel.nio.NioEventLoop.run(NioEventLoop.java:458)
	at org.apache.ratis.thirdparty.io.netty.util.concurrent.SingleThreadEventExecutor$5.run(SingleThreadEventExecutor.java:897)
	at org.apache.ratis.thirdparty.io.netty.util.concurrent.FastThreadLocalRunnable.run(FastThreadLocalRunnable.java:30)
	... 1 more
Caused by: java.net.ConnectException: Connection refused
	... 11 more
2019-11-15 04:25:21,799 [a0798825-8ead-4df5-a6ef-f7c35f311519@group-1F0597F7C030-LeaderElection201] INFO  impl.LeaderElection (LogUtils.java:infoOrTrace(149)) - a0798825-8ead-4df5-a6ef-f7c35f311519@group-1F0597F7C030-LeaderElection201 got exception when requesting votes: {}
java.util.concurrent.ExecutionException: org.apache.ratis.thirdparty.io.grpc.StatusRuntimeException: UNAVAILABLE: io exception
	at java.util.concurrent.FutureTask.report(FutureTask.java:122)
	at java.util.concurrent.FutureTask.get(FutureTask.java:192)
	at org.apache.ratis.server.impl.LeaderElection.waitForResults(LeaderElection.java:259)
	at org.apache.ratis.server.impl.LeaderElection.askForVotes(LeaderElection.java:197)
	at org.apache.ratis.server.impl.LeaderElection.run(LeaderElection.java:133)
	at java.lang.Thread.run(Thread.java:748)
Caused by: org.apache.ratis.thirdparty.io.grpc.StatusRuntimeException: UNAVAILABLE: io exception
	at org.apache.ratis.thirdparty.io.grpc.stub.ClientCalls.toStatusRuntimeException(ClientCalls.java:233)
	at org.apache.ratis.thirdparty.io.grpc.stub.ClientCalls.getUnchecked(ClientCalls.java:214)
	at org.apache.ratis.thirdparty.io.grpc.stub.ClientCalls.blockingUnaryCall(ClientCalls.java:139)
	at org.apache.ratis.proto.grpc.RaftServerProtocolServiceGrpc$RaftServerProtocolServiceBlockingStub.requestVote(RaftServerProtocolServiceGrpc.java:265)
	at org.apache.ratis.grpc.server.GrpcServerProtocolClient.requestVote(GrpcServerProtocolClient.java:99)
	at org.apache.ratis.grpc.server.GrpcService.requestVote(GrpcService.java:204)
	at org.apache.ratis.server.impl.LeaderElection.lambda$submitRequests$1(LeaderElection.java:234)
	at java.util.concurrent.FutureTask.run(FutureTask.java:266)
	at java.util.concurrent.Executors$RunnableAdapter.call(Executors.java:511)
	at java.util.concurrent.FutureTask.run(FutureTask.java:266)
	at java.util.concurrent.ThreadPoolExecutor.runWorker(ThreadPoolExecutor.java:1149)
	at java.util.concurrent.ThreadPoolExecutor$Worker.run(ThreadPoolExecutor.java:624)
	... 1 more
Caused by: org.apache.ratis.thirdparty.io.netty.channel.AbstractChannel$AnnotatedConnectException: Connection refused: /192.168.34.61:44989
	at sun.nio.ch.SocketChannelImpl.checkConnect(Native Method)
	at sun.nio.ch.SocketChannelImpl.finishConnect(SocketChannelImpl.java:717)
	at org.apache.ratis.thirdparty.io.netty.channel.socket.nio.NioSocketChannel.doFinishConnect(NioSocketChannel.java:327)
	at org.apache.ratis.thirdparty.io.netty.channel.nio.AbstractNioChannel$AbstractNioUnsafe.finishConnect(AbstractNioChannel.java:340)
	at org.apache.ratis.thirdparty.io.netty.channel.nio.NioEventLoop.processSelectedKey(NioEventLoop.java:632)
	at org.apache.ratis.thirdparty.io.netty.channel.nio.NioEventLoop.processSelectedKeysOptimized(NioEventLoop.java:579)
	at org.apache.ratis.thirdparty.io.netty.channel.nio.NioEventLoop.processSelectedKeys(NioEventLoop.java:496)
	at org.apache.ratis.thirdparty.io.netty.channel.nio.NioEventLoop.run(NioEventLoop.java:458)
	at org.apache.ratis.thirdparty.io.netty.util.concurrent.SingleThreadEventExecutor$5.run(SingleThreadEventExecutor.java:897)
	at org.apache.ratis.thirdparty.io.netty.util.concurrent.FastThreadLocalRunnable.run(FastThreadLocalRunnable.java:30)
	... 1 more
Caused by: java.net.ConnectException: Connection refused
	... 11 more
2019-11-15 04:25:21,799 [a0798825-8ead-4df5-a6ef-f7c35f311519@group-1F0597F7C030-LeaderElection201] INFO  impl.LeaderElection (LeaderElection.java:logAndReturn(56)) - a0798825-8ead-4df5-a6ef-f7c35f311519@group-1F0597F7C030-LeaderElection201: Election REJECTED; received 0 response(s) [] and 2 exception(s); a0798825-8ead-4df5-a6ef-f7c35f311519@group-1F0597F7C030:t3, leader=null, voted=a0798825-8ead-4df5-a6ef-f7c35f311519, raftlog=a0798825-8ead-4df5-a6ef-f7c35f311519@group-1F0597F7C030-SegmentedRaftLog:OPENED:c0,f0,i0, conf=0: [64e09b31-9ee8-424d-be17-3e0ab51a0c68:192.168.34.61:46300, a0798825-8ead-4df5-a6ef-f7c35f311519:192.168.34.61:36951, ed7fcdca-26e4-49e6-a038-f4a6d52e370d:192.168.34.61:44989], old=null
2019-11-15 04:25:21,800 [a0798825-8ead-4df5-a6ef-f7c35f311519@group-1F0597F7C030-LeaderElection201] INFO  impl.LeaderElection (LogUtils.java:infoOrTrace(149)) -   Exception 0: {}
java.util.concurrent.ExecutionException: org.apache.ratis.thirdparty.io.grpc.StatusRuntimeException: UNAVAILABLE: io exception
	at java.util.concurrent.FutureTask.report(FutureTask.java:122)
	at java.util.concurrent.FutureTask.get(FutureTask.java:192)
	at org.apache.ratis.server.impl.LeaderElection.waitForResults(LeaderElection.java:259)
	at org.apache.ratis.server.impl.LeaderElection.askForVotes(LeaderElection.java:197)
	at org.apache.ratis.server.impl.LeaderElection.run(LeaderElection.java:133)
	at java.lang.Thread.run(Thread.java:748)
Caused by: org.apache.ratis.thirdparty.io.grpc.StatusRuntimeException: UNAVAILABLE: io exception
	at org.apache.ratis.thirdparty.io.grpc.stub.ClientCalls.toStatusRuntimeException(ClientCalls.java:233)
	at org.apache.ratis.thirdparty.io.grpc.stub.ClientCalls.getUnchecked(ClientCalls.java:214)
	at org.apache.ratis.thirdparty.io.grpc.stub.ClientCalls.blockingUnaryCall(ClientCalls.java:139)
	at org.apache.ratis.proto.grpc.RaftServerProtocolServiceGrpc$RaftServerProtocolServiceBlockingStub.requestVote(RaftServerProtocolServiceGrpc.java:265)
	at org.apache.ratis.grpc.server.GrpcServerProtocolClient.requestVote(GrpcServerProtocolClient.java:99)
	at org.apache.ratis.grpc.server.GrpcService.requestVote(GrpcService.java:204)
	at org.apache.ratis.server.impl.LeaderElection.lambda$submitRequests$1(LeaderElection.java:234)
	at java.util.concurrent.FutureTask.run(FutureTask.java:266)
	at java.util.concurrent.Executors$RunnableAdapter.call(Executors.java:511)
	at java.util.concurrent.FutureTask.run(FutureTask.java:266)
	at java.util.concurrent.ThreadPoolExecutor.runWorker(ThreadPoolExecutor.java:1149)
	at java.util.concurrent.ThreadPoolExecutor$Worker.run(ThreadPoolExecutor.java:624)
	... 1 more
Caused by: org.apache.ratis.thirdparty.io.netty.channel.AbstractChannel$AnnotatedConnectException: Connection refused: /192.168.34.61:46300
	at sun.nio.ch.SocketChannelImpl.checkConnect(Native Method)
	at sun.nio.ch.SocketChannelImpl.finishConnect(SocketChannelImpl.java:717)
	at org.apache.ratis.thirdparty.io.netty.channel.socket.nio.NioSocketChannel.doFinishConnect(NioSocketChannel.java:327)
	at org.apache.ratis.thirdparty.io.netty.channel.nio.AbstractNioChannel$AbstractNioUnsafe.finishConnect(AbstractNioChannel.java:340)
	at org.apache.ratis.thirdparty.io.netty.channel.nio.NioEventLoop.processSelectedKey(NioEventLoop.java:632)
	at org.apache.ratis.thirdparty.io.netty.channel.nio.NioEventLoop.processSelectedKeysOptimized(NioEventLoop.java:579)
	at org.apache.ratis.thirdparty.io.netty.channel.nio.NioEventLoop.processSelectedKeys(NioEventLoop.java:496)
	at org.apache.ratis.thirdparty.io.netty.channel.nio.NioEventLoop.run(NioEventLoop.java:458)
	at org.apache.ratis.thirdparty.io.netty.util.concurrent.SingleThreadEventExecutor$5.run(SingleThreadEventExecutor.java:897)
	at org.apache.ratis.thirdparty.io.netty.util.concurrent.FastThreadLocalRunnable.run(FastThreadLocalRunnable.java:30)
	... 1 more
Caused by: java.net.ConnectException: Connection refused
	... 11 more
2019-11-15 04:25:21,800 [a0798825-8ead-4df5-a6ef-f7c35f311519@group-1F0597F7C030-LeaderElection201] INFO  impl.LeaderElection (LogUtils.java:infoOrTrace(149)) -   Exception 1: {}
java.util.concurrent.ExecutionException: org.apache.ratis.thirdparty.io.grpc.StatusRuntimeException: UNAVAILABLE: io exception
	at java.util.concurrent.FutureTask.report(FutureTask.java:122)
	at java.util.concurrent.FutureTask.get(FutureTask.java:192)
	at org.apache.ratis.server.impl.LeaderElection.waitForResults(LeaderElection.java:259)
	at org.apache.ratis.server.impl.LeaderElection.askForVotes(LeaderElection.java:197)
	at org.apache.ratis.server.impl.LeaderElection.run(LeaderElection.java:133)
	at java.lang.Thread.run(Thread.java:748)
Caused by: org.apache.ratis.thirdparty.io.grpc.StatusRuntimeException: UNAVAILABLE: io exception
	at org.apache.ratis.thirdparty.io.grpc.stub.ClientCalls.toStatusRuntimeException(ClientCalls.java:233)
	at org.apache.ratis.thirdparty.io.grpc.stub.ClientCalls.getUnchecked(ClientCalls.java:214)
	at org.apache.ratis.thirdparty.io.grpc.stub.ClientCalls.blockingUnaryCall(ClientCalls.java:139)
	at org.apache.ratis.proto.grpc.RaftServerProtocolServiceGrpc$RaftServerProtocolServiceBlockingStub.requestVote(RaftServerProtocolServiceGrpc.java:265)
	at org.apache.ratis.grpc.server.GrpcServerProtocolClient.requestVote(GrpcServerProtocolClient.java:99)
	at org.apache.ratis.grpc.server.GrpcService.requestVote(GrpcService.java:204)
	at org.apache.ratis.server.impl.LeaderElection.lambda$submitRequests$1(LeaderElection.java:234)
	at java.util.concurrent.FutureTask.run(FutureTask.java:266)
	at java.util.concurrent.Executors$RunnableAdapter.call(Executors.java:511)
	at java.util.concurrent.FutureTask.run(FutureTask.java:266)
	at java.util.concurrent.ThreadPoolExecutor.runWorker(ThreadPoolExecutor.java:1149)
	at java.util.concurrent.ThreadPoolExecutor$Worker.run(ThreadPoolExecutor.java:624)
	... 1 more
Caused by: org.apache.ratis.thirdparty.io.netty.channel.AbstractChannel$AnnotatedConnectException: Connection refused: /192.168.34.61:44989
	at sun.nio.ch.SocketChannelImpl.checkConnect(Native Method)
	at sun.nio.ch.SocketChannelImpl.finishConnect(SocketChannelImpl.java:717)
	at org.apache.ratis.thirdparty.io.netty.channel.socket.nio.NioSocketChannel.doFinishConnect(NioSocketChannel.java:327)
	at org.apache.ratis.thirdparty.io.netty.channel.nio.AbstractNioChannel$AbstractNioUnsafe.finishConnect(AbstractNioChannel.java:340)
	at org.apache.ratis.thirdparty.io.netty.channel.nio.NioEventLoop.processSelectedKey(NioEventLoop.java:632)
	at org.apache.ratis.thirdparty.io.netty.channel.nio.NioEventLoop.processSelectedKeysOptimized(NioEventLoop.java:579)
	at org.apache.ratis.thirdparty.io.netty.channel.nio.NioEventLoop.processSelectedKeys(NioEventLoop.java:496)
	at org.apache.ratis.thirdparty.io.netty.channel.nio.NioEventLoop.run(NioEventLoop.java:458)
	at org.apache.ratis.thirdparty.io.netty.util.concurrent.SingleThreadEventExecutor$5.run(SingleThreadEventExecutor.java:897)
	at org.apache.ratis.thirdparty.io.netty.util.concurrent.FastThreadLocalRunnable.run(FastThreadLocalRunnable.java:30)
	... 1 more
Caused by: java.net.ConnectException: Connection refused
	... 11 more
2019-11-15 04:25:21,800 [a0798825-8ead-4df5-a6ef-f7c35f311519@group-1F0597F7C030-LeaderElection201] INFO  impl.RaftServerImpl (RaftServerImpl.java:setRole(173)) - a0798825-8ead-4df5-a6ef-f7c35f311519@group-1F0597F7C030: changes role from CANDIDATE to FOLLOWER at term 3 for DISCOVERED_A_NEW_TERM
2019-11-15 04:25:21,800 [a0798825-8ead-4df5-a6ef-f7c35f311519@group-1F0597F7C030-LeaderElection201] INFO  impl.RoleInfo (RoleInfo.java:shutdownLeaderElection(134)) - a0798825-8ead-4df5-a6ef-f7c35f311519: shutdown LeaderElection
2019-11-15 04:25:21,801 [a0798825-8ead-4df5-a6ef-f7c35f311519@group-1F0597F7C030-LeaderElection201] INFO  impl.RoleInfo (RoleInfo.java:updateAndGet(143)) - a0798825-8ead-4df5-a6ef-f7c35f311519: start FollowerState
2019-11-15 04:25:21,867 [grpc-default-executor-1] WARN  server.GrpcLogAppender (LogUtils.java:warn(134)) - 8e34abce-4df2-4d13-822a-b9906190a447@group-C3E515194F35->ba7b154f-e59a-417b-969a-e8c75d4b6746-AppendLogResponseHandler: Failed appendEntries: org.apache.ratis.thirdparty.io.grpc.StatusRuntimeException: UNAVAILABLE: io exception
2019-11-15 04:25:21,868 [grpc-default-executor-1] INFO  impl.FollowerInfo (FollowerInfo.java:lambda$new$0(51)) - 8e34abce-4df2-4d13-822a-b9906190a447@group-C3E515194F35->ba7b154f-e59a-417b-969a-e8c75d4b6746: nextIndex: updateUnconditionally 0 -> 0
2019-11-15 04:25:21,908 [Thread-4085] INFO  impl.FollowerState (FollowerState.java:run(111)) - be6365c1-8fb2-47f9-87b1-78a3fb38138b@group-B41F48618BA6-FollowerState: change to CANDIDATE, lastRpcTime:1140ms, electionTimeout:1140ms
2019-11-15 04:25:21,908 [Thread-4085] INFO  impl.RoleInfo (RoleInfo.java:shutdownFollowerState(121)) - be6365c1-8fb2-47f9-87b1-78a3fb38138b: shutdown FollowerState
2019-11-15 04:25:21,908 [Thread-4085] INFO  impl.RaftServerImpl (RaftServerImpl.java:setRole(173)) - be6365c1-8fb2-47f9-87b1-78a3fb38138b@group-B41F48618BA6: changes role from  FOLLOWER to CANDIDATE at term 14 for changeToCandidate
2019-11-15 04:25:21,908 [Thread-4085] INFO  impl.RoleInfo (RoleInfo.java:updateAndGet(143)) - be6365c1-8fb2-47f9-87b1-78a3fb38138b: start LeaderElection
2019-11-15 04:25:21,923 [be6365c1-8fb2-47f9-87b1-78a3fb38138b@group-B41F48618BA6-LeaderElection202] INFO  impl.LeaderElection (LeaderElection.java:askForVotes(178)) - be6365c1-8fb2-47f9-87b1-78a3fb38138b@group-B41F48618BA6-LeaderElection202: begin an election at term 15 for 5: [b8480f98-5c77-4f73-b6b9-e737b10a7f9e:192.168.34.61:32848, be6365c1-8fb2-47f9-87b1-78a3fb38138b:192.168.34.61:44393, f15e9ea2-ac28-4081-8e04-15028e251385:192.168.34.61:44094], old=null
2019-11-15 04:25:21,924 [be6365c1-8fb2-47f9-87b1-78a3fb38138b@group-B41F48618BA6-LeaderElection202] INFO  impl.LeaderElection (LogUtils.java:infoOrTrace(149)) - be6365c1-8fb2-47f9-87b1-78a3fb38138b@group-B41F48618BA6-LeaderElection202 got exception when requesting votes: {}
java.util.concurrent.ExecutionException: org.apache.ratis.thirdparty.io.grpc.StatusRuntimeException: UNAVAILABLE: io exception
	at java.util.concurrent.FutureTask.report(FutureTask.java:122)
	at java.util.concurrent.FutureTask.get(FutureTask.java:192)
	at org.apache.ratis.server.impl.LeaderElection.waitForResults(LeaderElection.java:259)
	at org.apache.ratis.server.impl.LeaderElection.askForVotes(LeaderElection.java:197)
	at org.apache.ratis.server.impl.LeaderElection.run(LeaderElection.java:133)
	at java.lang.Thread.run(Thread.java:748)
Caused by: org.apache.ratis.thirdparty.io.grpc.StatusRuntimeException: UNAVAILABLE: io exception
	at org.apache.ratis.thirdparty.io.grpc.stub.ClientCalls.toStatusRuntimeException(ClientCalls.java:233)
	at org.apache.ratis.thirdparty.io.grpc.stub.ClientCalls.getUnchecked(ClientCalls.java:214)
	at org.apache.ratis.thirdparty.io.grpc.stub.ClientCalls.blockingUnaryCall(ClientCalls.java:139)
	at org.apache.ratis.proto.grpc.RaftServerProtocolServiceGrpc$RaftServerProtocolServiceBlockingStub.requestVote(RaftServerProtocolServiceGrpc.java:265)
	at org.apache.ratis.grpc.server.GrpcServerProtocolClient.requestVote(GrpcServerProtocolClient.java:99)
	at org.apache.ratis.grpc.server.GrpcService.requestVote(GrpcService.java:204)
	at org.apache.ratis.server.impl.LeaderElection.lambda$submitRequests$1(LeaderElection.java:234)
	at java.util.concurrent.FutureTask.run(FutureTask.java:266)
	at java.util.concurrent.Executors$RunnableAdapter.call(Executors.java:511)
	at java.util.concurrent.FutureTask.run(FutureTask.java:266)
	at java.util.concurrent.ThreadPoolExecutor.runWorker(ThreadPoolExecutor.java:1149)
	at java.util.concurrent.ThreadPoolExecutor$Worker.run(ThreadPoolExecutor.java:624)
	... 1 more
Caused by: org.apache.ratis.thirdparty.io.netty.channel.AbstractChannel$AnnotatedConnectException: Connection refused: /192.168.34.61:44094
	at sun.nio.ch.SocketChannelImpl.checkConnect(Native Method)
	at sun.nio.ch.SocketChannelImpl.finishConnect(SocketChannelImpl.java:717)
	at org.apache.ratis.thirdparty.io.netty.channel.socket.nio.NioSocketChannel.doFinishConnect(NioSocketChannel.java:327)
	at org.apache.ratis.thirdparty.io.netty.channel.nio.AbstractNioChannel$AbstractNioUnsafe.finishConnect(AbstractNioChannel.java:340)
	at org.apache.ratis.thirdparty.io.netty.channel.nio.NioEventLoop.processSelectedKey(NioEventLoop.java:632)
	at org.apache.ratis.thirdparty.io.netty.channel.nio.NioEventLoop.processSelectedKeysOptimized(NioEventLoop.java:579)
	at org.apache.ratis.thirdparty.io.netty.channel.nio.NioEventLoop.processSelectedKeys(NioEventLoop.java:496)
	at org.apache.ratis.thirdparty.io.netty.channel.nio.NioEventLoop.run(NioEventLoop.java:458)
	at org.apache.ratis.thirdparty.io.netty.util.concurrent.SingleThreadEventExecutor$5.run(SingleThreadEventExecutor.java:897)
	at org.apache.ratis.thirdparty.io.netty.util.concurrent.FastThreadLocalRunnable.run(FastThreadLocalRunnable.java:30)
	... 1 more
Caused by: java.net.ConnectException: Connection refused
	... 11 more
2019-11-15 04:25:21,924 [be6365c1-8fb2-47f9-87b1-78a3fb38138b@group-B41F48618BA6-LeaderElection202] INFO  impl.LeaderElection (LogUtils.java:infoOrTrace(149)) - be6365c1-8fb2-47f9-87b1-78a3fb38138b@group-B41F48618BA6-LeaderElection202 got exception when requesting votes: {}
java.util.concurrent.ExecutionException: org.apache.ratis.thirdparty.io.grpc.StatusRuntimeException: UNAVAILABLE: io exception
	at java.util.concurrent.FutureTask.report(FutureTask.java:122)
	at java.util.concurrent.FutureTask.get(FutureTask.java:192)
	at org.apache.ratis.server.impl.LeaderElection.waitForResults(LeaderElection.java:259)
	at org.apache.ratis.server.impl.LeaderElection.askForVotes(LeaderElection.java:197)
	at org.apache.ratis.server.impl.LeaderElection.run(LeaderElection.java:133)
	at java.lang.Thread.run(Thread.java:748)
Caused by: org.apache.ratis.thirdparty.io.grpc.StatusRuntimeException: UNAVAILABLE: io exception
	at org.apache.ratis.thirdparty.io.grpc.stub.ClientCalls.toStatusRuntimeException(ClientCalls.java:233)
	at org.apache.ratis.thirdparty.io.grpc.stub.ClientCalls.getUnchecked(ClientCalls.java:214)
	at org.apache.ratis.thirdparty.io.grpc.stub.ClientCalls.blockingUnaryCall(ClientCalls.java:139)
	at org.apache.ratis.proto.grpc.RaftServerProtocolServiceGrpc$RaftServerProtocolServiceBlockingStub.requestVote(RaftServerProtocolServiceGrpc.java:265)
	at org.apache.ratis.grpc.server.GrpcServerProtocolClient.requestVote(GrpcServerProtocolClient.java:99)
	at org.apache.ratis.grpc.server.GrpcService.requestVote(GrpcService.java:204)
	at org.apache.ratis.server.impl.LeaderElection.lambda$submitRequests$1(LeaderElection.java:234)
	at java.util.concurrent.FutureTask.run(FutureTask.java:266)
	at java.util.concurrent.Executors$RunnableAdapter.call(Executors.java:511)
	at java.util.concurrent.FutureTask.run(FutureTask.java:266)
	at java.util.concurrent.ThreadPoolExecutor.runWorker(ThreadPoolExecutor.java:1149)
	at java.util.concurrent.ThreadPoolExecutor$Worker.run(ThreadPoolExecutor.java:624)
	... 1 more
Caused by: org.apache.ratis.thirdparty.io.netty.channel.AbstractChannel$AnnotatedConnectException: Connection refused: /192.168.34.61:32848
	at sun.nio.ch.SocketChannelImpl.checkConnect(Native Method)
	at sun.nio.ch.SocketChannelImpl.finishConnect(SocketChannelImpl.java:717)
	at org.apache.ratis.thirdparty.io.netty.channel.socket.nio.NioSocketChannel.doFinishConnect(NioSocketChannel.java:327)
	at org.apache.ratis.thirdparty.io.netty.channel.nio.AbstractNioChannel$AbstractNioUnsafe.finishConnect(AbstractNioChannel.java:340)
	at org.apache.ratis.thirdparty.io.netty.channel.nio.NioEventLoop.processSelectedKey(NioEventLoop.java:632)
	at org.apache.ratis.thirdparty.io.netty.channel.nio.NioEventLoop.processSelectedKeysOptimized(NioEventLoop.java:579)
	at org.apache.ratis.thirdparty.io.netty.channel.nio.NioEventLoop.processSelectedKeys(NioEventLoop.java:496)
	at org.apache.ratis.thirdparty.io.netty.channel.nio.NioEventLoop.run(NioEventLoop.java:458)
	at org.apache.ratis.thirdparty.io.netty.util.concurrent.SingleThreadEventExecutor$5.run(SingleThreadEventExecutor.java:897)
	at org.apache.ratis.thirdparty.io.netty.util.concurrent.FastThreadLocalRunnable.run(FastThreadLocalRunnable.java:30)
	... 1 more
Caused by: java.net.ConnectException: Connection refused
	... 11 more
2019-11-15 04:25:21,925 [be6365c1-8fb2-47f9-87b1-78a3fb38138b@group-B41F48618BA6-LeaderElection202] INFO  impl.LeaderElection (LeaderElection.java:logAndReturn(56)) - be6365c1-8fb2-47f9-87b1-78a3fb38138b@group-B41F48618BA6-LeaderElection202: Election REJECTED; received 0 response(s) [] and 2 exception(s); be6365c1-8fb2-47f9-87b1-78a3fb38138b@group-B41F48618BA6:t15, leader=null, voted=be6365c1-8fb2-47f9-87b1-78a3fb38138b, raftlog=be6365c1-8fb2-47f9-87b1-78a3fb38138b@group-B41F48618BA6-SegmentedRaftLog:OPENED:c6,f6,i6, conf=5: [b8480f98-5c77-4f73-b6b9-e737b10a7f9e:192.168.34.61:32848, be6365c1-8fb2-47f9-87b1-78a3fb38138b:192.168.34.61:44393, f15e9ea2-ac28-4081-8e04-15028e251385:192.168.34.61:44094], old=null
2019-11-15 04:25:21,925 [be6365c1-8fb2-47f9-87b1-78a3fb38138b@group-B41F48618BA6-LeaderElection202] INFO  impl.LeaderElection (LogUtils.java:infoOrTrace(149)) -   Exception 0: {}
java.util.concurrent.ExecutionException: org.apache.ratis.thirdparty.io.grpc.StatusRuntimeException: UNAVAILABLE: io exception
	at java.util.concurrent.FutureTask.report(FutureTask.java:122)
	at java.util.concurrent.FutureTask.get(FutureTask.java:192)
	at org.apache.ratis.server.impl.LeaderElection.waitForResults(LeaderElection.java:259)
	at org.apache.ratis.server.impl.LeaderElection.askForVotes(LeaderElection.java:197)
	at org.apache.ratis.server.impl.LeaderElection.run(LeaderElection.java:133)
	at java.lang.Thread.run(Thread.java:748)
Caused by: org.apache.ratis.thirdparty.io.grpc.StatusRuntimeException: UNAVAILABLE: io exception
	at org.apache.ratis.thirdparty.io.grpc.stub.ClientCalls.toStatusRuntimeException(ClientCalls.java:233)
	at org.apache.ratis.thirdparty.io.grpc.stub.ClientCalls.getUnchecked(ClientCalls.java:214)
	at org.apache.ratis.thirdparty.io.grpc.stub.ClientCalls.blockingUnaryCall(ClientCalls.java:139)
	at org.apache.ratis.proto.grpc.RaftServerProtocolServiceGrpc$RaftServerProtocolServiceBlockingStub.requestVote(RaftServerProtocolServiceGrpc.java:265)
	at org.apache.ratis.grpc.server.GrpcServerProtocolClient.requestVote(GrpcServerProtocolClient.java:99)
	at org.apache.ratis.grpc.server.GrpcService.requestVote(GrpcService.java:204)
	at org.apache.ratis.server.impl.LeaderElection.lambda$submitRequests$1(LeaderElection.java:234)
	at java.util.concurrent.FutureTask.run(FutureTask.java:266)
	at java.util.concurrent.Executors$RunnableAdapter.call(Executors.java:511)
	at java.util.concurrent.FutureTask.run(FutureTask.java:266)
	at java.util.concurrent.ThreadPoolExecutor.runWorker(ThreadPoolExecutor.java:1149)
	at java.util.concurrent.ThreadPoolExecutor$Worker.run(ThreadPoolExecutor.java:624)
	... 1 more
Caused by: org.apache.ratis.thirdparty.io.netty.channel.AbstractChannel$AnnotatedConnectException: Connection refused: /192.168.34.61:44094
	at sun.nio.ch.SocketChannelImpl.checkConnect(Native Method)
	at sun.nio.ch.SocketChannelImpl.finishConnect(SocketChannelImpl.java:717)
	at org.apache.ratis.thirdparty.io.netty.channel.socket.nio.NioSocketChannel.doFinishConnect(NioSocketChannel.java:327)
	at org.apache.ratis.thirdparty.io.netty.channel.nio.AbstractNioChannel$AbstractNioUnsafe.finishConnect(AbstractNioChannel.java:340)
	at org.apache.ratis.thirdparty.io.netty.channel.nio.NioEventLoop.processSelectedKey(NioEventLoop.java:632)
	at org.apache.ratis.thirdparty.io.netty.channel.nio.NioEventLoop.processSelectedKeysOptimized(NioEventLoop.java:579)
	at org.apache.ratis.thirdparty.io.netty.channel.nio.NioEventLoop.processSelectedKeys(NioEventLoop.java:496)
	at org.apache.ratis.thirdparty.io.netty.channel.nio.NioEventLoop.run(NioEventLoop.java:458)
	at org.apache.ratis.thirdparty.io.netty.util.concurrent.SingleThreadEventExecutor$5.run(SingleThreadEventExecutor.java:897)
	at org.apache.ratis.thirdparty.io.netty.util.concurrent.FastThreadLocalRunnable.run(FastThreadLocalRunnable.java:30)
	... 1 more
Caused by: java.net.ConnectException: Connection refused
	... 11 more
2019-11-15 04:25:21,925 [be6365c1-8fb2-47f9-87b1-78a3fb38138b@group-B41F48618BA6-LeaderElection202] INFO  impl.LeaderElection (LogUtils.java:infoOrTrace(149)) -   Exception 1: {}
java.util.concurrent.ExecutionException: org.apache.ratis.thirdparty.io.grpc.StatusRuntimeException: UNAVAILABLE: io exception
	at java.util.concurrent.FutureTask.report(FutureTask.java:122)
	at java.util.concurrent.FutureTask.get(FutureTask.java:192)
	at org.apache.ratis.server.impl.LeaderElection.waitForResults(LeaderElection.java:259)
	at org.apache.ratis.server.impl.LeaderElection.askForVotes(LeaderElection.java:197)
	at org.apache.ratis.server.impl.LeaderElection.run(LeaderElection.java:133)
	at java.lang.Thread.run(Thread.java:748)
Caused by: org.apache.ratis.thirdparty.io.grpc.StatusRuntimeException: UNAVAILABLE: io exception
	at org.apache.ratis.thirdparty.io.grpc.stub.ClientCalls.toStatusRuntimeException(ClientCalls.java:233)
	at org.apache.ratis.thirdparty.io.grpc.stub.ClientCalls.getUnchecked(ClientCalls.java:214)
	at org.apache.ratis.thirdparty.io.grpc.stub.ClientCalls.blockingUnaryCall(ClientCalls.java:139)
	at org.apache.ratis.proto.grpc.RaftServerProtocolServiceGrpc$RaftServerProtocolServiceBlockingStub.requestVote(RaftServerProtocolServiceGrpc.java:265)
	at org.apache.ratis.grpc.server.GrpcServerProtocolClient.requestVote(GrpcServerProtocolClient.java:99)
	at org.apache.ratis.grpc.server.GrpcService.requestVote(GrpcService.java:204)
	at org.apache.ratis.server.impl.LeaderElection.lambda$submitRequests$1(LeaderElection.java:234)
	at java.util.concurrent.FutureTask.run(FutureTask.java:266)
	at java.util.concurrent.Executors$RunnableAdapter.call(Executors.java:511)
	at java.util.concurrent.FutureTask.run(FutureTask.java:266)
	at java.util.concurrent.ThreadPoolExecutor.runWorker(ThreadPoolExecutor.java:1149)
	at java.util.concurrent.ThreadPoolExecutor$Worker.run(ThreadPoolExecutor.java:624)
	... 1 more
Caused by: org.apache.ratis.thirdparty.io.netty.channel.AbstractChannel$AnnotatedConnectException: Connection refused: /192.168.34.61:32848
	at sun.nio.ch.SocketChannelImpl.checkConnect(Native Method)
	at sun.nio.ch.SocketChannelImpl.finishConnect(SocketChannelImpl.java:717)
	at org.apache.ratis.thirdparty.io.netty.channel.socket.nio.NioSocketChannel.doFinishConnect(NioSocketChannel.java:327)
	at org.apache.ratis.thirdparty.io.netty.channel.nio.AbstractNioChannel$AbstractNioUnsafe.finishConnect(AbstractNioChannel.java:340)
	at org.apache.ratis.thirdparty.io.netty.channel.nio.NioEventLoop.processSelectedKey(NioEventLoop.java:632)
	at org.apache.ratis.thirdparty.io.netty.channel.nio.NioEventLoop.processSelectedKeysOptimized(NioEventLoop.java:579)
	at org.apache.ratis.thirdparty.io.netty.channel.nio.NioEventLoop.processSelectedKeys(NioEventLoop.java:496)
	at org.apache.ratis.thirdparty.io.netty.channel.nio.NioEventLoop.run(NioEventLoop.java:458)
	at org.apache.ratis.thirdparty.io.netty.util.concurrent.SingleThreadEventExecutor$5.run(SingleThreadEventExecutor.java:897)
	at org.apache.ratis.thirdparty.io.netty.util.concurrent.FastThreadLocalRunnable.run(FastThreadLocalRunnable.java:30)
	... 1 more
Caused by: java.net.ConnectException: Connection refused
	... 11 more
2019-11-15 04:25:21,925 [be6365c1-8fb2-47f9-87b1-78a3fb38138b@group-B41F48618BA6-LeaderElection202] INFO  impl.RaftServerImpl (RaftServerImpl.java:setRole(173)) - be6365c1-8fb2-47f9-87b1-78a3fb38138b@group-B41F48618BA6: changes role from CANDIDATE to FOLLOWER at term 15 for DISCOVERED_A_NEW_TERM
2019-11-15 04:25:21,925 [be6365c1-8fb2-47f9-87b1-78a3fb38138b@group-B41F48618BA6-LeaderElection202] INFO  impl.RoleInfo (RoleInfo.java:shutdownLeaderElection(134)) - be6365c1-8fb2-47f9-87b1-78a3fb38138b: shutdown LeaderElection
2019-11-15 04:25:21,925 [be6365c1-8fb2-47f9-87b1-78a3fb38138b@group-B41F48618BA6-LeaderElection202] INFO  impl.RoleInfo (RoleInfo.java:updateAndGet(143)) - be6365c1-8fb2-47f9-87b1-78a3fb38138b: start FollowerState
2019-11-15 04:25:22,365 [grpc-default-executor-1] WARN  server.GrpcLogAppender (LogUtils.java:warn(134)) - 8e34abce-4df2-4d13-822a-b9906190a447@group-C3E515194F35->ba7b154f-e59a-417b-969a-e8c75d4b6746-AppendLogResponseHandler: Failed appendEntries: org.apache.ratis.thirdparty.io.grpc.StatusRuntimeException: UNAVAILABLE: io exception
2019-11-15 04:25:22,366 [grpc-default-executor-1] INFO  impl.FollowerInfo (FollowerInfo.java:lambda$new$0(51)) - 8e34abce-4df2-4d13-822a-b9906190a447@group-C3E515194F35->ba7b154f-e59a-417b-969a-e8c75d4b6746: nextIndex: updateUnconditionally 0 -> 0
2019-11-15 04:25:22,866 [grpc-default-executor-1] WARN  server.GrpcLogAppender (LogUtils.java:warn(134)) - 8e34abce-4df2-4d13-822a-b9906190a447@group-C3E515194F35->ba7b154f-e59a-417b-969a-e8c75d4b6746-AppendLogResponseHandler: Failed appendEntries: org.apache.ratis.thirdparty.io.grpc.StatusRuntimeException: UNAVAILABLE: io exception
2019-11-15 04:25:22,866 [grpc-default-executor-1] INFO  impl.FollowerInfo (FollowerInfo.java:lambda$new$0(51)) - 8e34abce-4df2-4d13-822a-b9906190a447@group-C3E515194F35->ba7b154f-e59a-417b-969a-e8c75d4b6746: nextIndex: updateUnconditionally 0 -> 0
2019-11-15 04:25:22,930 [Thread-4092] INFO  impl.FollowerState (FollowerState.java:run(111)) - a0798825-8ead-4df5-a6ef-f7c35f311519@group-1F0597F7C030-FollowerState: change to CANDIDATE, lastRpcTime:1129ms, electionTimeout:1129ms
2019-11-15 04:25:22,930 [Thread-4092] INFO  impl.RoleInfo (RoleInfo.java:shutdownFollowerState(121)) - a0798825-8ead-4df5-a6ef-f7c35f311519: shutdown FollowerState
2019-11-15 04:25:22,930 [Thread-4092] INFO  impl.RaftServerImpl (RaftServerImpl.java:setRole(173)) - a0798825-8ead-4df5-a6ef-f7c35f311519@group-1F0597F7C030: changes role from  FOLLOWER to CANDIDATE at term 3 for changeToCandidate
2019-11-15 04:25:22,931 [Thread-4092] INFO  impl.RoleInfo (RoleInfo.java:updateAndGet(143)) - a0798825-8ead-4df5-a6ef-f7c35f311519: start LeaderElection
2019-11-15 04:25:22,971 [a0798825-8ead-4df5-a6ef-f7c35f311519@group-1F0597F7C030-LeaderElection203] INFO  impl.LeaderElection (LeaderElection.java:askForVotes(178)) - a0798825-8ead-4df5-a6ef-f7c35f311519@group-1F0597F7C030-LeaderElection203: begin an election at term 4 for 0: [64e09b31-9ee8-424d-be17-3e0ab51a0c68:192.168.34.61:46300, a0798825-8ead-4df5-a6ef-f7c35f311519:192.168.34.61:36951, ed7fcdca-26e4-49e6-a038-f4a6d52e370d:192.168.34.61:44989], old=null
2019-11-15 04:25:22,972 [a0798825-8ead-4df5-a6ef-f7c35f311519@group-1F0597F7C030-LeaderElection203] INFO  impl.LeaderElection (LogUtils.java:infoOrTrace(149)) - a0798825-8ead-4df5-a6ef-f7c35f311519@group-1F0597F7C030-LeaderElection203 got exception when requesting votes: {}
java.util.concurrent.ExecutionException: org.apache.ratis.thirdparty.io.grpc.StatusRuntimeException: UNAVAILABLE: io exception
	at java.util.concurrent.FutureTask.report(FutureTask.java:122)
	at java.util.concurrent.FutureTask.get(FutureTask.java:192)
	at org.apache.ratis.server.impl.LeaderElection.waitForResults(LeaderElection.java:259)
	at org.apache.ratis.server.impl.LeaderElection.askForVotes(LeaderElection.java:197)
	at org.apache.ratis.server.impl.LeaderElection.run(LeaderElection.java:133)
	at java.lang.Thread.run(Thread.java:748)
Caused by: org.apache.ratis.thirdparty.io.grpc.StatusRuntimeException: UNAVAILABLE: io exception
	at org.apache.ratis.thirdparty.io.grpc.stub.ClientCalls.toStatusRuntimeException(ClientCalls.java:233)
	at org.apache.ratis.thirdparty.io.grpc.stub.ClientCalls.getUnchecked(ClientCalls.java:214)
	at org.apache.ratis.thirdparty.io.grpc.stub.ClientCalls.blockingUnaryCall(ClientCalls.java:139)
	at org.apache.ratis.proto.grpc.RaftServerProtocolServiceGrpc$RaftServerProtocolServiceBlockingStub.requestVote(RaftServerProtocolServiceGrpc.java:265)
	at org.apache.ratis.grpc.server.GrpcServerProtocolClient.requestVote(GrpcServerProtocolClient.java:99)
	at org.apache.ratis.grpc.server.GrpcService.requestVote(GrpcService.java:204)
	at org.apache.ratis.server.impl.LeaderElection.lambda$submitRequests$1(LeaderElection.java:234)
	at java.util.concurrent.FutureTask.run(FutureTask.java:266)
	at java.util.concurrent.Executors$RunnableAdapter.call(Executors.java:511)
	at java.util.concurrent.FutureTask.run(FutureTask.java:266)
	at java.util.concurrent.ThreadPoolExecutor.runWorker(ThreadPoolExecutor.java:1149)
	at java.util.concurrent.ThreadPoolExecutor$Worker.run(ThreadPoolExecutor.java:624)
	... 1 more
Caused by: org.apache.ratis.thirdparty.io.netty.channel.AbstractChannel$AnnotatedConnectException: Connection refused: /192.168.34.61:44989
	at sun.nio.ch.SocketChannelImpl.checkConnect(Native Method)
	at sun.nio.ch.SocketChannelImpl.finishConnect(SocketChannelImpl.java:717)
	at org.apache.ratis.thirdparty.io.netty.channel.socket.nio.NioSocketChannel.doFinishConnect(NioSocketChannel.java:327)
	at org.apache.ratis.thirdparty.io.netty.channel.nio.AbstractNioChannel$AbstractNioUnsafe.finishConnect(AbstractNioChannel.java:340)
	at org.apache.ratis.thirdparty.io.netty.channel.nio.NioEventLoop.processSelectedKey(NioEventLoop.java:632)
	at org.apache.ratis.thirdparty.io.netty.channel.nio.NioEventLoop.processSelectedKeysOptimized(NioEventLoop.java:579)
	at org.apache.ratis.thirdparty.io.netty.channel.nio.NioEventLoop.processSelectedKeys(NioEventLoop.java:496)
	at org.apache.ratis.thirdparty.io.netty.channel.nio.NioEventLoop.run(NioEventLoop.java:458)
	at org.apache.ratis.thirdparty.io.netty.util.concurrent.SingleThreadEventExecutor$5.run(SingleThreadEventExecutor.java:897)
	at org.apache.ratis.thirdparty.io.netty.util.concurrent.FastThreadLocalRunnable.run(FastThreadLocalRunnable.java:30)
	... 1 more
Caused by: java.net.ConnectException: Connection refused
	... 11 more
2019-11-15 04:25:22,973 [a0798825-8ead-4df5-a6ef-f7c35f311519@group-1F0597F7C030-LeaderElection203] INFO  impl.LeaderElection (LogUtils.java:infoOrTrace(149)) - a0798825-8ead-4df5-a6ef-f7c35f311519@group-1F0597F7C030-LeaderElection203 got exception when requesting votes: {}
java.util.concurrent.ExecutionException: org.apache.ratis.thirdparty.io.grpc.StatusRuntimeException: UNAVAILABLE: io exception
	at java.util.concurrent.FutureTask.report(FutureTask.java:122)
	at java.util.concurrent.FutureTask.get(FutureTask.java:192)
	at org.apache.ratis.server.impl.LeaderElection.waitForResults(LeaderElection.java:259)
	at org.apache.ratis.server.impl.LeaderElection.askForVotes(LeaderElection.java:197)
	at org.apache.ratis.server.impl.LeaderElection.run(LeaderElection.java:133)
	at java.lang.Thread.run(Thread.java:748)
Caused by: org.apache.ratis.thirdparty.io.grpc.StatusRuntimeException: UNAVAILABLE: io exception
	at org.apache.ratis.thirdparty.io.grpc.stub.ClientCalls.toStatusRuntimeException(ClientCalls.java:233)
	at org.apache.ratis.thirdparty.io.grpc.stub.ClientCalls.getUnchecked(ClientCalls.java:214)
	at org.apache.ratis.thirdparty.io.grpc.stub.ClientCalls.blockingUnaryCall(ClientCalls.java:139)
	at org.apache.ratis.proto.grpc.RaftServerProtocolServiceGrpc$RaftServerProtocolServiceBlockingStub.requestVote(RaftServerProtocolServiceGrpc.java:265)
	at org.apache.ratis.grpc.server.GrpcServerProtocolClient.requestVote(GrpcServerProtocolClient.java:99)
	at org.apache.ratis.grpc.server.GrpcService.requestVote(GrpcService.java:204)
	at org.apache.ratis.server.impl.LeaderElection.lambda$submitRequests$1(LeaderElection.java:234)
	at java.util.concurrent.FutureTask.run(FutureTask.java:266)
	at java.util.concurrent.Executors$RunnableAdapter.call(Executors.java:511)
	at java.util.concurrent.FutureTask.run(FutureTask.java:266)
	at java.util.concurrent.ThreadPoolExecutor.runWorker(ThreadPoolExecutor.java:1149)
	at java.util.concurrent.ThreadPoolExecutor$Worker.run(ThreadPoolExecutor.java:624)
	... 1 more
Caused by: org.apache.ratis.thirdparty.io.netty.channel.AbstractChannel$AnnotatedConnectException: Connection refused: /192.168.34.61:46300
	at sun.nio.ch.SocketChannelImpl.checkConnect(Native Method)
	at sun.nio.ch.SocketChannelImpl.finishConnect(SocketChannelImpl.java:717)
	at org.apache.ratis.thirdparty.io.netty.channel.socket.nio.NioSocketChannel.doFinishConnect(NioSocketChannel.java:327)
	at org.apache.ratis.thirdparty.io.netty.channel.nio.AbstractNioChannel$AbstractNioUnsafe.finishConnect(AbstractNioChannel.java:340)
	at org.apache.ratis.thirdparty.io.netty.channel.nio.NioEventLoop.processSelectedKey(NioEventLoop.java:632)
	at org.apache.ratis.thirdparty.io.netty.channel.nio.NioEventLoop.processSelectedKeysOptimized(NioEventLoop.java:579)
	at org.apache.ratis.thirdparty.io.netty.channel.nio.NioEventLoop.processSelectedKeys(NioEventLoop.java:496)
	at org.apache.ratis.thirdparty.io.netty.channel.nio.NioEventLoop.run(NioEventLoop.java:458)
	at org.apache.ratis.thirdparty.io.netty.util.concurrent.SingleThreadEventExecutor$5.run(SingleThreadEventExecutor.java:897)
	at org.apache.ratis.thirdparty.io.netty.util.concurrent.FastThreadLocalRunnable.run(FastThreadLocalRunnable.java:30)
	... 1 more
Caused by: java.net.ConnectException: Connection refused
	... 11 more
2019-11-15 04:25:22,973 [a0798825-8ead-4df5-a6ef-f7c35f311519@group-1F0597F7C030-LeaderElection203] INFO  impl.LeaderElection (LeaderElection.java:logAndReturn(56)) - a0798825-8ead-4df5-a6ef-f7c35f311519@group-1F0597F7C030-LeaderElection203: Election REJECTED; received 0 response(s) [] and 2 exception(s); a0798825-8ead-4df5-a6ef-f7c35f311519@group-1F0597F7C030:t4, leader=null, voted=a0798825-8ead-4df5-a6ef-f7c35f311519, raftlog=a0798825-8ead-4df5-a6ef-f7c35f311519@group-1F0597F7C030-SegmentedRaftLog:OPENED:c0,f0,i0, conf=0: [64e09b31-9ee8-424d-be17-3e0ab51a0c68:192.168.34.61:46300, a0798825-8ead-4df5-a6ef-f7c35f311519:192.168.34.61:36951, ed7fcdca-26e4-49e6-a038-f4a6d52e370d:192.168.34.61:44989], old=null
2019-11-15 04:25:22,973 [a0798825-8ead-4df5-a6ef-f7c35f311519@group-1F0597F7C030-LeaderElection203] INFO  impl.LeaderElection (LogUtils.java:infoOrTrace(149)) -   Exception 0: {}
java.util.concurrent.ExecutionException: org.apache.ratis.thirdparty.io.grpc.StatusRuntimeException: UNAVAILABLE: io exception
	at java.util.concurrent.FutureTask.report(FutureTask.java:122)
	at java.util.concurrent.FutureTask.get(FutureTask.java:192)
	at org.apache.ratis.server.impl.LeaderElection.waitForResults(LeaderElection.java:259)
	at org.apache.ratis.server.impl.LeaderElection.askForVotes(LeaderElection.java:197)
	at org.apache.ratis.server.impl.LeaderElection.run(LeaderElection.java:133)
	at java.lang.Thread.run(Thread.java:748)
Caused by: org.apache.ratis.thirdparty.io.grpc.StatusRuntimeException: UNAVAILABLE: io exception
	at org.apache.ratis.thirdparty.io.grpc.stub.ClientCalls.toStatusRuntimeException(ClientCalls.java:233)
	at org.apache.ratis.thirdparty.io.grpc.stub.ClientCalls.getUnchecked(ClientCalls.java:214)
	at org.apache.ratis.thirdparty.io.grpc.stub.ClientCalls.blockingUnaryCall(ClientCalls.java:139)
	at org.apache.ratis.proto.grpc.RaftServerProtocolServiceGrpc$RaftServerProtocolServiceBlockingStub.requestVote(RaftServerProtocolServiceGrpc.java:265)
	at org.apache.ratis.grpc.server.GrpcServerProtocolClient.requestVote(GrpcServerProtocolClient.java:99)
	at org.apache.ratis.grpc.server.GrpcService.requestVote(GrpcService.java:204)
	at org.apache.ratis.server.impl.LeaderElection.lambda$submitRequests$1(LeaderElection.java:234)
	at java.util.concurrent.FutureTask.run(FutureTask.java:266)
	at java.util.concurrent.Executors$RunnableAdapter.call(Executors.java:511)
	at java.util.concurrent.FutureTask.run(FutureTask.java:266)
	at java.util.concurrent.ThreadPoolExecutor.runWorker(ThreadPoolExecutor.java:1149)
	at java.util.concurrent.ThreadPoolExecutor$Worker.run(ThreadPoolExecutor.java:624)
	... 1 more
Caused by: org.apache.ratis.thirdparty.io.netty.channel.AbstractChannel$AnnotatedConnectException: Connection refused: /192.168.34.61:44989
	at sun.nio.ch.SocketChannelImpl.checkConnect(Native Method)
	at sun.nio.ch.SocketChannelImpl.finishConnect(SocketChannelImpl.java:717)
	at org.apache.ratis.thirdparty.io.netty.channel.socket.nio.NioSocketChannel.doFinishConnect(NioSocketChannel.java:327)
	at org.apache.ratis.thirdparty.io.netty.channel.nio.AbstractNioChannel$AbstractNioUnsafe.finishConnect(AbstractNioChannel.java:340)
	at org.apache.ratis.thirdparty.io.netty.channel.nio.NioEventLoop.processSelectedKey(NioEventLoop.java:632)
	at org.apache.ratis.thirdparty.io.netty.channel.nio.NioEventLoop.processSelectedKeysOptimized(NioEventLoop.java:579)
	at org.apache.ratis.thirdparty.io.netty.channel.nio.NioEventLoop.processSelectedKeys(NioEventLoop.java:496)
	at org.apache.ratis.thirdparty.io.netty.channel.nio.NioEventLoop.run(NioEventLoop.java:458)
	at org.apache.ratis.thirdparty.io.netty.util.concurrent.SingleThreadEventExecutor$5.run(SingleThreadEventExecutor.java:897)
	at org.apache.ratis.thirdparty.io.netty.util.concurrent.FastThreadLocalRunnable.run(FastThreadLocalRunnable.java:30)
	... 1 more
Caused by: java.net.ConnectException: Connection refused
	... 11 more
2019-11-15 04:25:22,973 [a0798825-8ead-4df5-a6ef-f7c35f311519@group-1F0597F7C030-LeaderElection203] INFO  impl.LeaderElection (LogUtils.java:infoOrTrace(149)) -   Exception 1: {}
java.util.concurrent.ExecutionException: org.apache.ratis.thirdparty.io.grpc.StatusRuntimeException: UNAVAILABLE: io exception
	at java.util.concurrent.FutureTask.report(FutureTask.java:122)
	at java.util.concurrent.FutureTask.get(FutureTask.java:192)
	at org.apache.ratis.server.impl.LeaderElection.waitForResults(LeaderElection.java:259)
	at org.apache.ratis.server.impl.LeaderElection.askForVotes(LeaderElection.java:197)
	at org.apache.ratis.server.impl.LeaderElection.run(LeaderElection.java:133)
	at java.lang.Thread.run(Thread.java:748)
Caused by: org.apache.ratis.thirdparty.io.grpc.StatusRuntimeException: UNAVAILABLE: io exception
	at org.apache.ratis.thirdparty.io.grpc.stub.ClientCalls.toStatusRuntimeException(ClientCalls.java:233)
	at org.apache.ratis.thirdparty.io.grpc.stub.ClientCalls.getUnchecked(ClientCalls.java:214)
	at org.apache.ratis.thirdparty.io.grpc.stub.ClientCalls.blockingUnaryCall(ClientCalls.java:139)
	at org.apache.ratis.proto.grpc.RaftServerProtocolServiceGrpc$RaftServerProtocolServiceBlockingStub.requestVote(RaftServerProtocolServiceGrpc.java:265)
	at org.apache.ratis.grpc.server.GrpcServerProtocolClient.requestVote(GrpcServerProtocolClient.java:99)
	at org.apache.ratis.grpc.server.GrpcService.requestVote(GrpcService.java:204)
	at org.apache.ratis.server.impl.LeaderElection.lambda$submitRequests$1(LeaderElection.java:234)
	at java.util.concurrent.FutureTask.run(FutureTask.java:266)
	at java.util.concurrent.Executors$RunnableAdapter.call(Executors.java:511)
	at java.util.concurrent.FutureTask.run(FutureTask.java:266)
	at java.util.concurrent.ThreadPoolExecutor.runWorker(ThreadPoolExecutor.java:1149)
	at java.util.concurrent.ThreadPoolExecutor$Worker.run(ThreadPoolExecutor.java:624)
	... 1 more
Caused by: org.apache.ratis.thirdparty.io.netty.channel.AbstractChannel$AnnotatedConnectException: Connection refused: /192.168.34.61:46300
	at sun.nio.ch.SocketChannelImpl.checkConnect(Native Method)
	at sun.nio.ch.SocketChannelImpl.finishConnect(SocketChannelImpl.java:717)
	at org.apache.ratis.thirdparty.io.netty.channel.socket.nio.NioSocketChannel.doFinishConnect(NioSocketChannel.java:327)
	at org.apache.ratis.thirdparty.io.netty.channel.nio.AbstractNioChannel$AbstractNioUnsafe.finishConnect(AbstractNioChannel.java:340)
	at org.apache.ratis.thirdparty.io.netty.channel.nio.NioEventLoop.processSelectedKey(NioEventLoop.java:632)
	at org.apache.ratis.thirdparty.io.netty.channel.nio.NioEventLoop.processSelectedKeysOptimized(NioEventLoop.java:579)
	at org.apache.ratis.thirdparty.io.netty.channel.nio.NioEventLoop.processSelectedKeys(NioEventLoop.java:496)
	at org.apache.ratis.thirdparty.io.netty.channel.nio.NioEventLoop.run(NioEventLoop.java:458)
	at org.apache.ratis.thirdparty.io.netty.util.concurrent.SingleThreadEventExecutor$5.run(SingleThreadEventExecutor.java:897)
	at org.apache.ratis.thirdparty.io.netty.util.concurrent.FastThreadLocalRunnable.run(FastThreadLocalRunnable.java:30)
	... 1 more
Caused by: java.net.ConnectException: Connection refused
	... 11 more
2019-11-15 04:25:22,974 [a0798825-8ead-4df5-a6ef-f7c35f311519@group-1F0597F7C030-LeaderElection203] INFO  impl.RaftServerImpl (RaftServerImpl.java:setRole(173)) - a0798825-8ead-4df5-a6ef-f7c35f311519@group-1F0597F7C030: changes role from CANDIDATE to FOLLOWER at term 4 for DISCOVERED_A_NEW_TERM
2019-11-15 04:25:22,974 [a0798825-8ead-4df5-a6ef-f7c35f311519@group-1F0597F7C030-LeaderElection203] INFO  impl.RoleInfo (RoleInfo.java:shutdownLeaderElection(134)) - a0798825-8ead-4df5-a6ef-f7c35f311519: shutdown LeaderElection
2019-11-15 04:25:22,974 [a0798825-8ead-4df5-a6ef-f7c35f311519@group-1F0597F7C030-LeaderElection203] INFO  impl.RoleInfo (RoleInfo.java:updateAndGet(143)) - a0798825-8ead-4df5-a6ef-f7c35f311519: start FollowerState
2019-11-15 04:25:23,123 [Thread-4097] INFO  impl.FollowerState (FollowerState.java:run(111)) - be6365c1-8fb2-47f9-87b1-78a3fb38138b@group-B41F48618BA6-FollowerState: change to CANDIDATE, lastRpcTime:1197ms, electionTimeout:1197ms
2019-11-15 04:25:23,123 [Thread-4097] INFO  impl.RoleInfo (RoleInfo.java:shutdownFollowerState(121)) - be6365c1-8fb2-47f9-87b1-78a3fb38138b: shutdown FollowerState
2019-11-15 04:25:23,123 [Thread-4097] INFO  impl.RaftServerImpl (RaftServerImpl.java:setRole(173)) - be6365c1-8fb2-47f9-87b1-78a3fb38138b@group-B41F48618BA6: changes role from  FOLLOWER to CANDIDATE at term 15 for changeToCandidate
2019-11-15 04:25:23,123 [Thread-4097] INFO  impl.RoleInfo (RoleInfo.java:updateAndGet(143)) - be6365c1-8fb2-47f9-87b1-78a3fb38138b: start LeaderElection
2019-11-15 04:25:23,272 [be6365c1-8fb2-47f9-87b1-78a3fb38138b@group-B41F48618BA6-LeaderElection204] INFO  impl.LeaderElection (LeaderElection.java:askForVotes(178)) - be6365c1-8fb2-47f9-87b1-78a3fb38138b@group-B41F48618BA6-LeaderElection204: begin an election at term 16 for 5: [b8480f98-5c77-4f73-b6b9-e737b10a7f9e:192.168.34.61:32848, be6365c1-8fb2-47f9-87b1-78a3fb38138b:192.168.34.61:44393, f15e9ea2-ac28-4081-8e04-15028e251385:192.168.34.61:44094], old=null
2019-11-15 04:25:23,272 [be6365c1-8fb2-47f9-87b1-78a3fb38138b@group-B41F48618BA6-LeaderElection204] INFO  impl.LeaderElection (LogUtils.java:infoOrTrace(149)) - be6365c1-8fb2-47f9-87b1-78a3fb38138b@group-B41F48618BA6-LeaderElection204 got exception when requesting votes: {}
java.util.concurrent.ExecutionException: org.apache.ratis.thirdparty.io.grpc.StatusRuntimeException: UNAVAILABLE: io exception
	at java.util.concurrent.FutureTask.report(FutureTask.java:122)
	at java.util.concurrent.FutureTask.get(FutureTask.java:192)
	at org.apache.ratis.server.impl.LeaderElection.waitForResults(LeaderElection.java:259)
	at org.apache.ratis.server.impl.LeaderElection.askForVotes(LeaderElection.java:197)
	at org.apache.ratis.server.impl.LeaderElection.run(LeaderElection.java:133)
	at java.lang.Thread.run(Thread.java:748)
Caused by: org.apache.ratis.thirdparty.io.grpc.StatusRuntimeException: UNAVAILABLE: io exception
	at org.apache.ratis.thirdparty.io.grpc.stub.ClientCalls.toStatusRuntimeException(ClientCalls.java:233)
	at org.apache.ratis.thirdparty.io.grpc.stub.ClientCalls.getUnchecked(ClientCalls.java:214)
	at org.apache.ratis.thirdparty.io.grpc.stub.ClientCalls.blockingUnaryCall(ClientCalls.java:139)
	at org.apache.ratis.proto.grpc.RaftServerProtocolServiceGrpc$RaftServerProtocolServiceBlockingStub.requestVote(RaftServerProtocolServiceGrpc.java:265)
	at org.apache.ratis.grpc.server.GrpcServerProtocolClient.requestVote(GrpcServerProtocolClient.java:99)
	at org.apache.ratis.grpc.server.GrpcService.requestVote(GrpcService.java:204)
	at org.apache.ratis.server.impl.LeaderElection.lambda$submitRequests$1(LeaderElection.java:234)
	at java.util.concurrent.FutureTask.run(FutureTask.java:266)
	at java.util.concurrent.Executors$RunnableAdapter.call(Executors.java:511)
	at java.util.concurrent.FutureTask.run(FutureTask.java:266)
	at java.util.concurrent.ThreadPoolExecutor.runWorker(ThreadPoolExecutor.java:1149)
	at java.util.concurrent.ThreadPoolExecutor$Worker.run(ThreadPoolExecutor.java:624)
	... 1 more
Caused by: org.apache.ratis.thirdparty.io.netty.channel.AbstractChannel$AnnotatedConnectException: Connection refused: /192.168.34.61:32848
	at sun.nio.ch.SocketChannelImpl.checkConnect(Native Method)
	at sun.nio.ch.SocketChannelImpl.finishConnect(SocketChannelImpl.java:717)
	at org.apache.ratis.thirdparty.io.netty.channel.socket.nio.NioSocketChannel.doFinishConnect(NioSocketChannel.java:327)
	at org.apache.ratis.thirdparty.io.netty.channel.nio.AbstractNioChannel$AbstractNioUnsafe.finishConnect(AbstractNioChannel.java:340)
	at org.apache.ratis.thirdparty.io.netty.channel.nio.NioEventLoop.processSelectedKey(NioEventLoop.java:632)
	at org.apache.ratis.thirdparty.io.netty.channel.nio.NioEventLoop.processSelectedKeysOptimized(NioEventLoop.java:579)
	at org.apache.ratis.thirdparty.io.netty.channel.nio.NioEventLoop.processSelectedKeys(NioEventLoop.java:496)
	at org.apache.ratis.thirdparty.io.netty.channel.nio.NioEventLoop.run(NioEventLoop.java:458)
	at org.apache.ratis.thirdparty.io.netty.util.concurrent.SingleThreadEventExecutor$5.run(SingleThreadEventExecutor.java:897)
	at org.apache.ratis.thirdparty.io.netty.util.concurrent.FastThreadLocalRunnable.run(FastThreadLocalRunnable.java:30)
	... 1 more
Caused by: java.net.ConnectException: Connection refused
	... 11 more
2019-11-15 04:25:23,273 [be6365c1-8fb2-47f9-87b1-78a3fb38138b@group-B41F48618BA6-LeaderElection204] INFO  impl.LeaderElection (LogUtils.java:infoOrTrace(149)) - be6365c1-8fb2-47f9-87b1-78a3fb38138b@group-B41F48618BA6-LeaderElection204 got exception when requesting votes: {}
java.util.concurrent.ExecutionException: org.apache.ratis.thirdparty.io.grpc.StatusRuntimeException: UNAVAILABLE: io exception
	at java.util.concurrent.FutureTask.report(FutureTask.java:122)
	at java.util.concurrent.FutureTask.get(FutureTask.java:192)
	at org.apache.ratis.server.impl.LeaderElection.waitForResults(LeaderElection.java:259)
	at org.apache.ratis.server.impl.LeaderElection.askForVotes(LeaderElection.java:197)
	at org.apache.ratis.server.impl.LeaderElection.run(LeaderElection.java:133)
	at java.lang.Thread.run(Thread.java:748)
Caused by: org.apache.ratis.thirdparty.io.grpc.StatusRuntimeException: UNAVAILABLE: io exception
	at org.apache.ratis.thirdparty.io.grpc.stub.ClientCalls.toStatusRuntimeException(ClientCalls.java:233)
	at org.apache.ratis.thirdparty.io.grpc.stub.ClientCalls.getUnchecked(ClientCalls.java:214)
	at org.apache.ratis.thirdparty.io.grpc.stub.ClientCalls.blockingUnaryCall(ClientCalls.java:139)
	at org.apache.ratis.proto.grpc.RaftServerProtocolServiceGrpc$RaftServerProtocolServiceBlockingStub.requestVote(RaftServerProtocolServiceGrpc.java:265)
	at org.apache.ratis.grpc.server.GrpcServerProtocolClient.requestVote(GrpcServerProtocolClient.java:99)
	at org.apache.ratis.grpc.server.GrpcService.requestVote(GrpcService.java:204)
	at org.apache.ratis.server.impl.LeaderElection.lambda$submitRequests$1(LeaderElection.java:234)
	at java.util.concurrent.FutureTask.run(FutureTask.java:266)
	at java.util.concurrent.Executors$RunnableAdapter.call(Executors.java:511)
	at java.util.concurrent.FutureTask.run(FutureTask.java:266)
	at java.util.concurrent.ThreadPoolExecutor.runWorker(ThreadPoolExecutor.java:1149)
	at java.util.concurrent.ThreadPoolExecutor$Worker.run(ThreadPoolExecutor.java:624)
	... 1 more
Caused by: org.apache.ratis.thirdparty.io.netty.channel.AbstractChannel$AnnotatedConnectException: Connection refused: /192.168.34.61:44094
	at sun.nio.ch.SocketChannelImpl.checkConnect(Native Method)
	at sun.nio.ch.SocketChannelImpl.finishConnect(SocketChannelImpl.java:717)
	at org.apache.ratis.thirdparty.io.netty.channel.socket.nio.NioSocketChannel.doFinishConnect(NioSocketChannel.java:327)
	at org.apache.ratis.thirdparty.io.netty.channel.nio.AbstractNioChannel$AbstractNioUnsafe.finishConnect(AbstractNioChannel.java:340)
	at org.apache.ratis.thirdparty.io.netty.channel.nio.NioEventLoop.processSelectedKey(NioEventLoop.java:632)
	at org.apache.ratis.thirdparty.io.netty.channel.nio.NioEventLoop.processSelectedKeysOptimized(NioEventLoop.java:579)
	at org.apache.ratis.thirdparty.io.netty.channel.nio.NioEventLoop.processSelectedKeys(NioEventLoop.java:496)
	at org.apache.ratis.thirdparty.io.netty.channel.nio.NioEventLoop.run(NioEventLoop.java:458)
	at org.apache.ratis.thirdparty.io.netty.util.concurrent.SingleThreadEventExecutor$5.run(SingleThreadEventExecutor.java:897)
	at org.apache.ratis.thirdparty.io.netty.util.concurrent.FastThreadLocalRunnable.run(FastThreadLocalRunnable.java:30)
	... 1 more
Caused by: java.net.ConnectException: Connection refused
	... 11 more
2019-11-15 04:25:23,273 [be6365c1-8fb2-47f9-87b1-78a3fb38138b@group-B41F48618BA6-LeaderElection204] INFO  impl.LeaderElection (LeaderElection.java:logAndReturn(56)) - be6365c1-8fb2-47f9-87b1-78a3fb38138b@group-B41F48618BA6-LeaderElection204: Election REJECTED; received 0 response(s) [] and 2 exception(s); be6365c1-8fb2-47f9-87b1-78a3fb38138b@group-B41F48618BA6:t16, leader=null, voted=be6365c1-8fb2-47f9-87b1-78a3fb38138b, raftlog=be6365c1-8fb2-47f9-87b1-78a3fb38138b@group-B41F48618BA6-SegmentedRaftLog:OPENED:c6,f6,i6, conf=5: [b8480f98-5c77-4f73-b6b9-e737b10a7f9e:192.168.34.61:32848, be6365c1-8fb2-47f9-87b1-78a3fb38138b:192.168.34.61:44393, f15e9ea2-ac28-4081-8e04-15028e251385:192.168.34.61:44094], old=null
2019-11-15 04:25:23,273 [be6365c1-8fb2-47f9-87b1-78a3fb38138b@group-B41F48618BA6-LeaderElection204] INFO  impl.LeaderElection (LogUtils.java:infoOrTrace(149)) -   Exception 0: {}
java.util.concurrent.ExecutionException: org.apache.ratis.thirdparty.io.grpc.StatusRuntimeException: UNAVAILABLE: io exception
	at java.util.concurrent.FutureTask.report(FutureTask.java:122)
	at java.util.concurrent.FutureTask.get(FutureTask.java:192)
	at org.apache.ratis.server.impl.LeaderElection.waitForResults(LeaderElection.java:259)
	at org.apache.ratis.server.impl.LeaderElection.askForVotes(LeaderElection.java:197)
	at org.apache.ratis.server.impl.LeaderElection.run(LeaderElection.java:133)
	at java.lang.Thread.run(Thread.java:748)
Caused by: org.apache.ratis.thirdparty.io.grpc.StatusRuntimeException: UNAVAILABLE: io exception
	at org.apache.ratis.thirdparty.io.grpc.stub.ClientCalls.toStatusRuntimeException(ClientCalls.java:233)
	at org.apache.ratis.thirdparty.io.grpc.stub.ClientCalls.getUnchecked(ClientCalls.java:214)
	at org.apache.ratis.thirdparty.io.grpc.stub.ClientCalls.blockingUnaryCall(ClientCalls.java:139)
	at org.apache.ratis.proto.grpc.RaftServerProtocolServiceGrpc$RaftServerProtocolServiceBlockingStub.requestVote(RaftServerProtocolServiceGrpc.java:265)
	at org.apache.ratis.grpc.server.GrpcServerProtocolClient.requestVote(GrpcServerProtocolClient.java:99)
	at org.apache.ratis.grpc.server.GrpcService.requestVote(GrpcService.java:204)
	at org.apache.ratis.server.impl.LeaderElection.lambda$submitRequests$1(LeaderElection.java:234)
	at java.util.concurrent.FutureTask.run(FutureTask.java:266)
	at java.util.concurrent.Executors$RunnableAdapter.call(Executors.java:511)
	at java.util.concurrent.FutureTask.run(FutureTask.java:266)
	at java.util.concurrent.ThreadPoolExecutor.runWorker(ThreadPoolExecutor.java:1149)
	at java.util.concurrent.ThreadPoolExecutor$Worker.run(ThreadPoolExecutor.java:624)
	... 1 more
Caused by: org.apache.ratis.thirdparty.io.netty.channel.AbstractChannel$AnnotatedConnectException: Connection refused: /192.168.34.61:32848
	at sun.nio.ch.SocketChannelImpl.checkConnect(Native Method)
	at sun.nio.ch.SocketChannelImpl.finishConnect(SocketChannelImpl.java:717)
	at org.apache.ratis.thirdparty.io.netty.channel.socket.nio.NioSocketChannel.doFinishConnect(NioSocketChannel.java:327)
	at org.apache.ratis.thirdparty.io.netty.channel.nio.AbstractNioChannel$AbstractNioUnsafe.finishConnect(AbstractNioChannel.java:340)
	at org.apache.ratis.thirdparty.io.netty.channel.nio.NioEventLoop.processSelectedKey(NioEventLoop.java:632)
	at org.apache.ratis.thirdparty.io.netty.channel.nio.NioEventLoop.processSelectedKeysOptimized(NioEventLoop.java:579)
	at org.apache.ratis.thirdparty.io.netty.channel.nio.NioEventLoop.processSelectedKeys(NioEventLoop.java:496)
	at org.apache.ratis.thirdparty.io.netty.channel.nio.NioEventLoop.run(NioEventLoop.java:458)
	at org.apache.ratis.thirdparty.io.netty.util.concurrent.SingleThreadEventExecutor$5.run(SingleThreadEventExecutor.java:897)
	at org.apache.ratis.thirdparty.io.netty.util.concurrent.FastThreadLocalRunnable.run(FastThreadLocalRunnable.java:30)
	... 1 more
Caused by: java.net.ConnectException: Connection refused
	... 11 more
2019-11-15 04:25:23,273 [be6365c1-8fb2-47f9-87b1-78a3fb38138b@group-B41F48618BA6-LeaderElection204] INFO  impl.LeaderElection (LogUtils.java:infoOrTrace(149)) -   Exception 1: {}
java.util.concurrent.ExecutionException: org.apache.ratis.thirdparty.io.grpc.StatusRuntimeException: UNAVAILABLE: io exception
	at java.util.concurrent.FutureTask.report(FutureTask.java:122)
	at java.util.concurrent.FutureTask.get(FutureTask.java:192)
	at org.apache.ratis.server.impl.LeaderElection.waitForResults(LeaderElection.java:259)
	at org.apache.ratis.server.impl.LeaderElection.askForVotes(LeaderElection.java:197)
	at org.apache.ratis.server.impl.LeaderElection.run(LeaderElection.java:133)
	at java.lang.Thread.run(Thread.java:748)
Caused by: org.apache.ratis.thirdparty.io.grpc.StatusRuntimeException: UNAVAILABLE: io exception
	at org.apache.ratis.thirdparty.io.grpc.stub.ClientCalls.toStatusRuntimeException(ClientCalls.java:233)
	at org.apache.ratis.thirdparty.io.grpc.stub.ClientCalls.getUnchecked(ClientCalls.java:214)
	at org.apache.ratis.thirdparty.io.grpc.stub.ClientCalls.blockingUnaryCall(ClientCalls.java:139)
	at org.apache.ratis.proto.grpc.RaftServerProtocolServiceGrpc$RaftServerProtocolServiceBlockingStub.requestVote(RaftServerProtocolServiceGrpc.java:265)
	at org.apache.ratis.grpc.server.GrpcServerProtocolClient.requestVote(GrpcServerProtocolClient.java:99)
	at org.apache.ratis.grpc.server.GrpcService.requestVote(GrpcService.java:204)
	at org.apache.ratis.server.impl.LeaderElection.lambda$submitRequests$1(LeaderElection.java:234)
	at java.util.concurrent.FutureTask.run(FutureTask.java:266)
	at java.util.concurrent.Executors$RunnableAdapter.call(Executors.java:511)
	at java.util.concurrent.FutureTask.run(FutureTask.java:266)
	at java.util.concurrent.ThreadPoolExecutor.runWorker(ThreadPoolExecutor.java:1149)
	at java.util.concurrent.ThreadPoolExecutor$Worker.run(ThreadPoolExecutor.java:624)
	... 1 more
Caused by: org.apache.ratis.thirdparty.io.netty.channel.AbstractChannel$AnnotatedConnectException: Connection refused: /192.168.34.61:44094
	at sun.nio.ch.SocketChannelImpl.checkConnect(Native Method)
	at sun.nio.ch.SocketChannelImpl.finishConnect(SocketChannelImpl.java:717)
	at org.apache.ratis.thirdparty.io.netty.channel.socket.nio.NioSocketChannel.doFinishConnect(NioSocketChannel.java:327)
	at org.apache.ratis.thirdparty.io.netty.channel.nio.AbstractNioChannel$AbstractNioUnsafe.finishConnect(AbstractNioChannel.java:340)
	at org.apache.ratis.thirdparty.io.netty.channel.nio.NioEventLoop.processSelectedKey(NioEventLoop.java:632)
	at org.apache.ratis.thirdparty.io.netty.channel.nio.NioEventLoop.processSelectedKeysOptimized(NioEventLoop.java:579)
	at org.apache.ratis.thirdparty.io.netty.channel.nio.NioEventLoop.processSelectedKeys(NioEventLoop.java:496)
	at org.apache.ratis.thirdparty.io.netty.channel.nio.NioEventLoop.run(NioEventLoop.java:458)
	at org.apache.ratis.thirdparty.io.netty.util.concurrent.SingleThreadEventExecutor$5.run(SingleThreadEventExecutor.java:897)
	at org.apache.ratis.thirdparty.io.netty.util.concurrent.FastThreadLocalRunnable.run(FastThreadLocalRunnable.java:30)
	... 1 more
Caused by: java.net.ConnectException: Connection refused
	... 11 more
2019-11-15 04:25:23,273 [be6365c1-8fb2-47f9-87b1-78a3fb38138b@group-B41F48618BA6-LeaderElection204] INFO  impl.RaftServerImpl (RaftServerImpl.java:setRole(173)) - be6365c1-8fb2-47f9-87b1-78a3fb38138b@group-B41F48618BA6: changes role from CANDIDATE to FOLLOWER at term 16 for DISCOVERED_A_NEW_TERM
2019-11-15 04:25:23,273 [be6365c1-8fb2-47f9-87b1-78a3fb38138b@group-B41F48618BA6-LeaderElection204] INFO  impl.RoleInfo (RoleInfo.java:shutdownLeaderElection(134)) - be6365c1-8fb2-47f9-87b1-78a3fb38138b: shutdown LeaderElection
2019-11-15 04:25:23,273 [be6365c1-8fb2-47f9-87b1-78a3fb38138b@group-B41F48618BA6-LeaderElection204] INFO  impl.RoleInfo (RoleInfo.java:updateAndGet(143)) - be6365c1-8fb2-47f9-87b1-78a3fb38138b: start FollowerState
2019-11-15 04:25:23,367 [grpc-default-executor-1] WARN  server.GrpcLogAppender (LogUtils.java:warn(134)) - 8e34abce-4df2-4d13-822a-b9906190a447@group-C3E515194F35->ba7b154f-e59a-417b-969a-e8c75d4b6746-AppendLogResponseHandler: Failed appendEntries: org.apache.ratis.thirdparty.io.grpc.StatusRuntimeException: UNAVAILABLE: io exception
2019-11-15 04:25:23,367 [grpc-default-executor-1] INFO  impl.FollowerInfo (FollowerInfo.java:lambda$new$0(51)) - 8e34abce-4df2-4d13-822a-b9906190a447@group-C3E515194F35->ba7b154f-e59a-417b-969a-e8c75d4b6746: nextIndex: updateUnconditionally 0 -> 0
2019-11-15 04:25:23,868 [grpc-default-executor-1] WARN  server.GrpcLogAppender (LogUtils.java:warn(134)) - 8e34abce-4df2-4d13-822a-b9906190a447@group-C3E515194F35->ba7b154f-e59a-417b-969a-e8c75d4b6746-AppendLogResponseHandler: Failed appendEntries: org.apache.ratis.thirdparty.io.grpc.StatusRuntimeException: UNAVAILABLE: io exception
2019-11-15 04:25:23,869 [grpc-default-executor-1] INFO  impl.FollowerInfo (FollowerInfo.java:lambda$new$0(51)) - 8e34abce-4df2-4d13-822a-b9906190a447@group-C3E515194F35->ba7b154f-e59a-417b-969a-e8c75d4b6746: nextIndex: updateUnconditionally 0 -> 0
2019-11-15 04:25:24,010 [ForkJoinPool.commonPool-worker-0] INFO  ozoneimpl.OzoneContainer (OzoneContainer.java:stop(244)) - Attempting to stop container services.
2019-11-15 04:25:24,011 [ForkJoinPool.commonPool-worker-0] INFO  impl.RaftServerProxy (RaftServerProxy.java:lambda$close$4(314)) - a0798825-8ead-4df5-a6ef-f7c35f311519: close
2019-11-15 04:25:24,011 [ForkJoinPool.commonPool-worker-0] INFO  impl.RaftServerImpl (RaftServerImpl.java:lambda$shutdown$3(250)) - a0798825-8ead-4df5-a6ef-f7c35f311519@group-D69FE38FFEC9: shutdown
2019-11-15 04:25:24,012 [ForkJoinPool.commonPool-worker-0] INFO  util.JmxRegister (JmxRegister.java:unregister(73)) - Successfully un-registered JMX Bean with object name Ratis:service=RaftServer,group=group-D69FE38FFEC9,id=a0798825-8ead-4df5-a6ef-f7c35f311519
2019-11-15 04:25:24,012 [ForkJoinPool.commonPool-worker-0] INFO  impl.RoleInfo (RoleInfo.java:shutdownLeaderState(104)) - a0798825-8ead-4df5-a6ef-f7c35f311519: shutdown LeaderState
2019-11-15 04:25:24,012 [ForkJoinPool.commonPool-worker-0] INFO  impl.PendingRequests (PendingRequests.java:sendNotLeaderResponses(206)) - a0798825-8ead-4df5-a6ef-f7c35f311519@group-D69FE38FFEC9-PendingRequests: sendNotLeaderResponses
2019-11-15 04:25:24,012 [ForkJoinPool.commonPool-worker-0] INFO  impl.StateMachineUpdater (StateMachineUpdater.java:stopAndJoin(136)) - a0798825-8ead-4df5-a6ef-f7c35f311519@group-D69FE38FFEC9-StateMachineUpdater: set stopIndex = 0
2019-11-15 04:25:24,013 [ForkJoinPool.commonPool-worker-0] INFO  impl.RaftServerImpl (ServerState.java:close(387)) - a0798825-8ead-4df5-a6ef-f7c35f311519@group-D69FE38FFEC9: closes. applyIndex: 0
2019-11-15 04:25:24,013 [a0798825-8ead-4df5-a6ef-f7c35f311519@group-D69FE38FFEC9-SegmentedRaftLogWorker] INFO  segmented.SegmentedRaftLogWorker (SegmentedRaftLogWorker.java:run(316)) - a0798825-8ead-4df5-a6ef-f7c35f311519@group-D69FE38FFEC9-SegmentedRaftLogWorker was interrupted, exiting. There are 0 tasks remaining in the queue.
2019-11-15 04:25:24,013 [ForkJoinPool.commonPool-worker-0] INFO  segmented.SegmentedRaftLogWorker (SegmentedRaftLogWorker.java:close(224)) - a0798825-8ead-4df5-a6ef-f7c35f311519@group-D69FE38FFEC9-SegmentedRaftLogWorker close()
2019-11-15 04:25:24,017 [ForkJoinPool.commonPool-worker-0] INFO  impl.RaftServerImpl (RaftServerImpl.java:lambda$shutdown$3(250)) - a0798825-8ead-4df5-a6ef-f7c35f311519@group-1F0597F7C030: shutdown
2019-11-15 04:25:24,017 [ForkJoinPool.commonPool-worker-0] INFO  util.JmxRegister (JmxRegister.java:unregister(73)) - Successfully un-registered JMX Bean with object name Ratis:service=RaftServer,group=group-1F0597F7C030,id=a0798825-8ead-4df5-a6ef-f7c35f311519
2019-11-15 04:25:24,018 [ForkJoinPool.commonPool-worker-0] INFO  impl.RoleInfo (RoleInfo.java:shutdownFollowerState(121)) - a0798825-8ead-4df5-a6ef-f7c35f311519: shutdown FollowerState
2019-11-15 04:25:24,018 [ForkJoinPool.commonPool-worker-0] INFO  impl.StateMachineUpdater (StateMachineUpdater.java:stopAndJoin(136)) - a0798825-8ead-4df5-a6ef-f7c35f311519@group-1F0597F7C030-StateMachineUpdater: set stopIndex = 0
2019-11-15 04:25:24,018 [Thread-4103] INFO  impl.FollowerState (FollowerState.java:run(120)) - a0798825-8ead-4df5-a6ef-f7c35f311519@group-1F0597F7C030-FollowerState was interrupted: java.lang.InterruptedException: sleep interrupted
2019-11-15 04:25:24,018 [ForkJoinPool.commonPool-worker-0] INFO  impl.RaftServerImpl (ServerState.java:close(387)) - a0798825-8ead-4df5-a6ef-f7c35f311519@group-1F0597F7C030: closes. applyIndex: 0
2019-11-15 04:25:24,018 [a0798825-8ead-4df5-a6ef-f7c35f311519@group-1F0597F7C030-SegmentedRaftLogWorker] INFO  segmented.SegmentedRaftLogWorker (SegmentedRaftLogWorker.java:run(316)) - a0798825-8ead-4df5-a6ef-f7c35f311519@group-1F0597F7C030-SegmentedRaftLogWorker was interrupted, exiting. There are 0 tasks remaining in the queue.
2019-11-15 04:25:24,018 [ForkJoinPool.commonPool-worker-0] INFO  segmented.SegmentedRaftLogWorker (SegmentedRaftLogWorker.java:close(224)) - a0798825-8ead-4df5-a6ef-f7c35f311519@group-1F0597F7C030-SegmentedRaftLogWorker close()
2019-11-15 04:25:24,020 [ForkJoinPool.commonPool-worker-0] INFO  server.GrpcService (GrpcService.java:closeImpl(164)) - a0798825-8ead-4df5-a6ef-f7c35f311519: shutdown server with port 36951 now
2019-11-15 04:25:24,021 [ForkJoinPool.commonPool-worker-0] INFO  server.GrpcService (GrpcService.java:closeImpl(172)) - a0798825-8ead-4df5-a6ef-f7c35f311519: shutdown server with port 36951 successfully
2019-11-15 04:25:24,023 [refreshUsed-/workdir/hadoop-ozone/integration-test/target/test-dir/MiniOzoneClusterImpl-b8077c48-d45a-4953-83b6-e1fc361e67bb/datanode-4/data/containers] WARN  fs.CachingGetSpaceUsed (CachingGetSpaceUsed.java:run(183)) - Thread Interrupted waiting to refresh disk information: sleep interrupted
2019-11-15 04:25:24,026 [main] INFO  ozoneimpl.OzoneContainer (OzoneContainer.java:stop(244)) - Attempting to stop container services.
2019-11-15 04:25:24,027 [main] INFO  impl.RaftServerProxy (RaftServerProxy.java:lambda$close$4(314)) - 8e34abce-4df2-4d13-822a-b9906190a447: close
2019-11-15 04:25:24,027 [main] INFO  impl.RaftServerImpl (RaftServerImpl.java:lambda$shutdown$3(250)) - 8e34abce-4df2-4d13-822a-b9906190a447@group-5128ECDAA3CD: shutdown
2019-11-15 04:25:24,027 [main] INFO  util.JmxRegister (JmxRegister.java:unregister(73)) - Successfully un-registered JMX Bean with object name Ratis:service=RaftServer,group=group-5128ECDAA3CD,id=8e34abce-4df2-4d13-822a-b9906190a447
2019-11-15 04:25:24,027 [main] INFO  impl.RoleInfo (RoleInfo.java:shutdownLeaderState(104)) - 8e34abce-4df2-4d13-822a-b9906190a447: shutdown LeaderState
2019-11-15 04:25:24,028 [main] INFO  impl.PendingRequests (PendingRequests.java:sendNotLeaderResponses(206)) - 8e34abce-4df2-4d13-822a-b9906190a447@group-5128ECDAA3CD-PendingRequests: sendNotLeaderResponses
2019-11-15 04:25:24,028 [main] INFO  impl.StateMachineUpdater (StateMachineUpdater.java:stopAndJoin(136)) - 8e34abce-4df2-4d13-822a-b9906190a447@group-5128ECDAA3CD-StateMachineUpdater: set stopIndex = 0
2019-11-15 04:25:24,028 [main] INFO  impl.RaftServerImpl (ServerState.java:close(387)) - 8e34abce-4df2-4d13-822a-b9906190a447@group-5128ECDAA3CD: closes. applyIndex: 0
2019-11-15 04:25:24,029 [8e34abce-4df2-4d13-822a-b9906190a447@group-5128ECDAA3CD-SegmentedRaftLogWorker] INFO  segmented.SegmentedRaftLogWorker (SegmentedRaftLogWorker.java:run(316)) - 8e34abce-4df2-4d13-822a-b9906190a447@group-5128ECDAA3CD-SegmentedRaftLogWorker was interrupted, exiting. There are 0 tasks remaining in the queue.
2019-11-15 04:25:24,029 [main] INFO  segmented.SegmentedRaftLogWorker (SegmentedRaftLogWorker.java:close(224)) - 8e34abce-4df2-4d13-822a-b9906190a447@group-5128ECDAA3CD-SegmentedRaftLogWorker close()
2019-11-15 04:25:24,030 [main] INFO  impl.RaftServerImpl (RaftServerImpl.java:lambda$shutdown$3(250)) - 8e34abce-4df2-4d13-822a-b9906190a447@group-C3E515194F35: shutdown
2019-11-15 04:25:24,031 [main] INFO  util.JmxRegister (JmxRegister.java:unregister(73)) - Successfully un-registered JMX Bean with object name Ratis:service=RaftServer,group=group-C3E515194F35,id=8e34abce-4df2-4d13-822a-b9906190a447
2019-11-15 04:25:24,031 [main] INFO  impl.RoleInfo (RoleInfo.java:shutdownLeaderState(104)) - 8e34abce-4df2-4d13-822a-b9906190a447: shutdown LeaderState
2019-11-15 04:25:24,033 [org.apache.ratis.server.impl.LogAppender$AppenderDaemon$$Lambda$1148/648630451@8fa947e] WARN  server.GrpcLogAppender (GrpcLogAppender.java:mayWait(151)) - 8e34abce-4df2-4d13-822a-b9906190a447@group-C3E515194F35->ba7b154f-e59a-417b-969a-e8c75d4b6746-GrpcLogAppender: Wait interrupted by java.lang.InterruptedException
2019-11-15 04:25:24,033 [main] INFO  impl.PendingRequests (PendingRequests.java:sendNotLeaderResponses(206)) - 8e34abce-4df2-4d13-822a-b9906190a447@group-C3E515194F35-PendingRequests: sendNotLeaderResponses
2019-11-15 04:25:24,033 [org.apache.ratis.server.impl.LogAppender$AppenderDaemon$$Lambda$1148/648630451@6861404a] WARN  server.GrpcLogAppender (GrpcLogAppender.java:mayWait(151)) - 8e34abce-4df2-4d13-822a-b9906190a447@group-C3E515194F35->ddd86f17-0fb6-44dc-8f8a-1b8ddc68cc7e-GrpcLogAppender: Wait interrupted by java.lang.InterruptedException
2019-11-15 04:25:24,033 [main] INFO  impl.StateMachineUpdater (StateMachineUpdater.java:stopAndJoin(136)) - 8e34abce-4df2-4d13-822a-b9906190a447@group-C3E515194F35-StateMachineUpdater: set stopIndex = 7
2019-11-15 04:25:24,033 [8e34abce-4df2-4d13-822a-b9906190a447@group-C3E515194F35-StateMachineUpdater] INFO  ratis.ContainerStateMachine (ContainerStateMachine.java:takeSnapshot(285)) - group-C3E515194F35: Taking a snapshot at:(t:1, i:5) file /workdir/hadoop-ozone/integration-test/target/test-dir/MiniOzoneClusterImpl-b8077c48-d45a-4953-83b6-e1fc361e67bb/datanode-8/data/ratis/94ea20d5-f2f7-4c51-9fa4-c3e515194f35/sm/snapshot.1_5
2019-11-15 04:25:24,034 [grpc-default-executor-1] INFO  server.GrpcServerProtocolService (GrpcServerProtocolService.java:onCompleted(113)) - ddd86f17-0fb6-44dc-8f8a-1b8ddc68cc7e: Completed APPEND_ENTRIES, lastRequest: 8e34abce-4df2-4d13-822a-b9906190a447->ddd86f17-0fb6-44dc-8f8a-1b8ddc68cc7e#8-t2, previous=(t:2, i:7), leaderCommit=7, initializing? false, entries: <empty>
2019-11-15 04:25:24,035 [grpc-default-executor-1] INFO  server.GrpcLogAppender (GrpcLogAppender.java:onCompleted(308)) - 8e34abce-4df2-4d13-822a-b9906190a447@group-C3E515194F35->ddd86f17-0fb6-44dc-8f8a-1b8ddc68cc7e-AppendLogResponseHandler: follower responses appendEntries COMPLETED
2019-11-15 04:25:24,036 [grpc-default-executor-1] INFO  impl.FollowerInfo (FollowerInfo.java:lambda$new$0(51)) - 8e34abce-4df2-4d13-822a-b9906190a447@group-C3E515194F35->ddd86f17-0fb6-44dc-8f8a-1b8ddc68cc7e: nextIndex: updateUnconditionally 8 -> 7
2019-11-15 04:25:24,043 [ForkJoinPool.commonPool-worker-0] INFO  utils.BackgroundService (BackgroundService.java:shutdown(151)) - Shutting down service BlockDeletingService
2019-11-15 04:25:24,045 [ForkJoinPool.commonPool-worker-0] INFO  statemachine.DatanodeStateMachine (DatanodeStateMachine.java:stopDaemon(406)) - Ozone container server stopped.
2019-11-15 04:25:24,048 [ForkJoinPool.commonPool-worker-0] INFO  handler.ContextHandler (ContextHandler.java:doStop(910)) - Stopped o.e.j.w.WebAppContext@21f9c6ea{/,null,UNAVAILABLE}{/hddsDatanode}
2019-11-15 04:25:24,048 [ForkJoinPool.commonPool-worker-0] INFO  server.AbstractConnector (AbstractConnector.java:doStop(318)) - Stopped ServerConnector@418f0534{HTTP/1.1,[http/1.1]}{0.0.0.0:0}
2019-11-15 04:25:24,049 [ForkJoinPool.commonPool-worker-0] INFO  handler.ContextHandler (ContextHandler.java:doStop(910)) - Stopped o.e.j.s.ServletContextHandler@69f080ad{/static,jar:file:/home/user/.m2/repository/org/apache/hadoop/hadoop-hdds-container-service/0.5.0-SNAPSHOT/hadoop-hdds-container-service-0.5.0-SNAPSHOT.jar!/webapps/static,UNAVAILABLE}
2019-11-15 04:25:24,050 [ForkJoinPool.commonPool-worker-0] INFO  handler.ContextHandler (ContextHandler.java:doStop(910)) - Stopped o.e.j.s.ServletContextHandler@21002393{/logs,file:///workdir/hadoop-ozone/integration-test/target/log,UNAVAILABLE}
2019-11-15 04:25:24,160 [8e34abce-4df2-4d13-822a-b9906190a447@group-C3E515194F35-StateMachineUpdater] INFO  ratis.ContainerStateMachine (ContainerStateMachine.java:takeSnapshot(296)) - group-C3E515194F35: Finished taking a snapshot at:(t:1, i:5) file:/workdir/hadoop-ozone/integration-test/target/test-dir/MiniOzoneClusterImpl-b8077c48-d45a-4953-83b6-e1fc361e67bb/datanode-8/data/ratis/94ea20d5-f2f7-4c51-9fa4-c3e515194f35/sm/snapshot.1_5 time:126
2019-11-15 04:25:24,160 [8e34abce-4df2-4d13-822a-b9906190a447@group-C3E515194F35-StateMachineUpdater] INFO  impl.StateMachineUpdater (StateMachineUpdater.java:takeSnapshot(269)) - 8e34abce-4df2-4d13-822a-b9906190a447@group-C3E515194F35-StateMachineUpdater: Took a snapshot at index 5
2019-11-15 04:25:24,160 [8e34abce-4df2-4d13-822a-b9906190a447@group-C3E515194F35-StateMachineUpdater] INFO  impl.StateMachineUpdater (StateMachineUpdater.java:lambda$new$0(84)) - 8e34abce-4df2-4d13-822a-b9906190a447@group-C3E515194F35-StateMachineUpdater: snapshotIndex: updateIncreasingly -1 -> 5
2019-11-15 04:25:24,161 [8e34abce-4df2-4d13-822a-b9906190a447@group-C3E515194F35-StateMachineUpdater] INFO  ratis.ContainerStateMachine (ContainerStateMachine.java:takeSnapshot(285)) - group-C3E515194F35: Taking a snapshot at:(t:1, i:5) file /workdir/hadoop-ozone/integration-test/target/test-dir/MiniOzoneClusterImpl-b8077c48-d45a-4953-83b6-e1fc361e67bb/datanode-8/data/ratis/94ea20d5-f2f7-4c51-9fa4-c3e515194f35/sm/snapshot.1_5
2019-11-15 04:25:24,184 [Datanode State Machine Thread - 0] INFO  statemachine.DatanodeStateMachine (DatanodeStateMachine.java:lambda$startDaemon$0(361)) - Ozone container server started.
2019-11-15 04:25:24,219 [8e34abce-4df2-4d13-822a-b9906190a447@group-C3E515194F35-StateMachineUpdater] INFO  ratis.ContainerStateMachine (ContainerStateMachine.java:takeSnapshot(296)) - group-C3E515194F35: Finished taking a snapshot at:(t:1, i:5) file:/workdir/hadoop-ozone/integration-test/target/test-dir/MiniOzoneClusterImpl-b8077c48-d45a-4953-83b6-e1fc361e67bb/datanode-8/data/ratis/94ea20d5-f2f7-4c51-9fa4-c3e515194f35/sm/snapshot.1_5 time:59
2019-11-15 04:25:24,220 [8e34abce-4df2-4d13-822a-b9906190a447@group-C3E515194F35-StateMachineUpdater] INFO  impl.StateMachineUpdater (StateMachineUpdater.java:takeSnapshot(269)) - 8e34abce-4df2-4d13-822a-b9906190a447@group-C3E515194F35-StateMachineUpdater: Took a snapshot at index 5
2019-11-15 04:25:24,220 [8e34abce-4df2-4d13-822a-b9906190a447@group-C3E515194F35-StateMachineUpdater] INFO  impl.StateMachineUpdater (StateMachineUpdater.java:lambda$new$0(84)) - 8e34abce-4df2-4d13-822a-b9906190a447@group-C3E515194F35-StateMachineUpdater: snapshotIndex: updateIncreasingly 5 -> 5
2019-11-15 04:25:24,220 [main] INFO  impl.RaftServerImpl (ServerState.java:close(387)) - 8e34abce-4df2-4d13-822a-b9906190a447@group-C3E515194F35: closes. applyIndex: 7
2019-11-15 04:25:24,221 [8e34abce-4df2-4d13-822a-b9906190a447@group-C3E515194F35-SegmentedRaftLogWorker] INFO  segmented.SegmentedRaftLogWorker (SegmentedRaftLogWorker.java:run(316)) - 8e34abce-4df2-4d13-822a-b9906190a447@group-C3E515194F35-SegmentedRaftLogWorker was interrupted, exiting. There are 0 tasks remaining in the queue.
2019-11-15 04:25:24,223 [main] INFO  segmented.SegmentedRaftLogWorker (SegmentedRaftLogWorker.java:close(224)) - 8e34abce-4df2-4d13-822a-b9906190a447@group-C3E515194F35-SegmentedRaftLogWorker close()
2019-11-15 04:25:24,224 [main] INFO  server.GrpcService (GrpcService.java:closeImpl(164)) - 8e34abce-4df2-4d13-822a-b9906190a447: shutdown server with port 34382 now
2019-11-15 04:25:24,226 [main] INFO  server.GrpcService (GrpcService.java:closeImpl(172)) - 8e34abce-4df2-4d13-822a-b9906190a447: shutdown server with port 34382 successfully
2019-11-15 04:25:24,231 [refreshUsed-/workdir/hadoop-ozone/integration-test/target/test-dir/MiniOzoneClusterImpl-b8077c48-d45a-4953-83b6-e1fc361e67bb/datanode-8/data/containers] WARN  fs.CachingGetSpaceUsed (CachingGetSpaceUsed.java:run(183)) - Thread Interrupted waiting to refresh disk information: sleep interrupted
2019-11-15 04:25:24,245 [main] INFO  utils.BackgroundService (BackgroundService.java:shutdown(151)) - Shutting down service BlockDeletingService
2019-11-15 04:25:24,247 [main] INFO  statemachine.DatanodeStateMachine (DatanodeStateMachine.java:stopDaemon(406)) - Ozone container server stopped.
2019-11-15 04:25:24,248 [main] INFO  handler.ContextHandler (ContextHandler.java:doStop(910)) - Stopped o.e.j.w.WebAppContext@3a2546d6{/,null,UNAVAILABLE}{/hddsDatanode}
2019-11-15 04:25:24,249 [main] INFO  server.AbstractConnector (AbstractConnector.java:doStop(318)) - Stopped ServerConnector@7282af25{HTTP/1.1,[http/1.1]}{0.0.0.0:0}
2019-11-15 04:25:24,249 [main] INFO  handler.ContextHandler (ContextHandler.java:doStop(910)) - Stopped o.e.j.s.ServletContextHandler@37d699a1{/static,jar:file:/home/user/.m2/repository/org/apache/hadoop/hadoop-hdds-container-service/0.5.0-SNAPSHOT/hadoop-hdds-container-service-0.5.0-SNAPSHOT.jar!/webapps/static,UNAVAILABLE}
2019-11-15 04:25:24,249 [main] INFO  handler.ContextHandler (ContextHandler.java:doStop(910)) - Stopped o.e.j.s.ServletContextHandler@7de147e9{/logs,file:///workdir/hadoop-ozone/integration-test/target/log,UNAVAILABLE}
2019-11-15 04:25:24,457 [Thread-4107] INFO  impl.FollowerState (FollowerState.java:run(111)) - be6365c1-8fb2-47f9-87b1-78a3fb38138b@group-B41F48618BA6-FollowerState: change to CANDIDATE, lastRpcTime:1183ms, electionTimeout:1183ms
2019-11-15 04:25:24,457 [Thread-4107] INFO  impl.RoleInfo (RoleInfo.java:shutdownFollowerState(121)) - be6365c1-8fb2-47f9-87b1-78a3fb38138b: shutdown FollowerState
2019-11-15 04:25:24,457 [Thread-4107] INFO  impl.RaftServerImpl (RaftServerImpl.java:setRole(173)) - be6365c1-8fb2-47f9-87b1-78a3fb38138b@group-B41F48618BA6: changes role from  FOLLOWER to CANDIDATE at term 16 for changeToCandidate
2019-11-15 04:25:24,457 [Thread-4107] INFO  impl.RoleInfo (RoleInfo.java:updateAndGet(143)) - be6365c1-8fb2-47f9-87b1-78a3fb38138b: start LeaderElection
2019-11-15 04:25:24,606 [be6365c1-8fb2-47f9-87b1-78a3fb38138b@group-B41F48618BA6-LeaderElection205] INFO  impl.LeaderElection (LeaderElection.java:askForVotes(178)) - be6365c1-8fb2-47f9-87b1-78a3fb38138b@group-B41F48618BA6-LeaderElection205: begin an election at term 17 for 5: [b8480f98-5c77-4f73-b6b9-e737b10a7f9e:192.168.34.61:32848, be6365c1-8fb2-47f9-87b1-78a3fb38138b:192.168.34.61:44393, f15e9ea2-ac28-4081-8e04-15028e251385:192.168.34.61:44094], old=null
2019-11-15 04:25:24,607 [be6365c1-8fb2-47f9-87b1-78a3fb38138b@group-B41F48618BA6-LeaderElection205] INFO  impl.LeaderElection (LogUtils.java:infoOrTrace(149)) - be6365c1-8fb2-47f9-87b1-78a3fb38138b@group-B41F48618BA6-LeaderElection205 got exception when requesting votes: {}
java.util.concurrent.ExecutionException: org.apache.ratis.thirdparty.io.grpc.StatusRuntimeException: UNAVAILABLE: io exception
	at java.util.concurrent.FutureTask.report(FutureTask.java:122)
	at java.util.concurrent.FutureTask.get(FutureTask.java:192)
	at org.apache.ratis.server.impl.LeaderElection.waitForResults(LeaderElection.java:259)
	at org.apache.ratis.server.impl.LeaderElection.askForVotes(LeaderElection.java:197)
	at org.apache.ratis.server.impl.LeaderElection.run(LeaderElection.java:133)
	at java.lang.Thread.run(Thread.java:748)
Caused by: org.apache.ratis.thirdparty.io.grpc.StatusRuntimeException: UNAVAILABLE: io exception
	at org.apache.ratis.thirdparty.io.grpc.stub.ClientCalls.toStatusRuntimeException(ClientCalls.java:233)
	at org.apache.ratis.thirdparty.io.grpc.stub.ClientCalls.getUnchecked(ClientCalls.java:214)
	at org.apache.ratis.thirdparty.io.grpc.stub.ClientCalls.blockingUnaryCall(ClientCalls.java:139)
	at org.apache.ratis.proto.grpc.RaftServerProtocolServiceGrpc$RaftServerProtocolServiceBlockingStub.requestVote(RaftServerProtocolServiceGrpc.java:265)
	at org.apache.ratis.grpc.server.GrpcServerProtocolClient.requestVote(GrpcServerProtocolClient.java:99)
	at org.apache.ratis.grpc.server.GrpcService.requestVote(GrpcService.java:204)
	at org.apache.ratis.server.impl.LeaderElection.lambda$submitRequests$1(LeaderElection.java:234)
	at java.util.concurrent.FutureTask.run(FutureTask.java:266)
	at java.util.concurrent.Executors$RunnableAdapter.call(Executors.java:511)
	at java.util.concurrent.FutureTask.run(FutureTask.java:266)
	at java.util.concurrent.ThreadPoolExecutor.runWorker(ThreadPoolExecutor.java:1149)
	at java.util.concurrent.ThreadPoolExecutor$Worker.run(ThreadPoolExecutor.java:624)
	... 1 more
Caused by: org.apache.ratis.thirdparty.io.netty.channel.AbstractChannel$AnnotatedConnectException: Connection refused: /192.168.34.61:44094
	at sun.nio.ch.SocketChannelImpl.checkConnect(Native Method)
	at sun.nio.ch.SocketChannelImpl.finishConnect(SocketChannelImpl.java:717)
	at org.apache.ratis.thirdparty.io.netty.channel.socket.nio.NioSocketChannel.doFinishConnect(NioSocketChannel.java:327)
	at org.apache.ratis.thirdparty.io.netty.channel.nio.AbstractNioChannel$AbstractNioUnsafe.finishConnect(AbstractNioChannel.java:340)
	at org.apache.ratis.thirdparty.io.netty.channel.nio.NioEventLoop.processSelectedKey(NioEventLoop.java:632)
	at org.apache.ratis.thirdparty.io.netty.channel.nio.NioEventLoop.processSelectedKeysOptimized(NioEventLoop.java:579)
	at org.apache.ratis.thirdparty.io.netty.channel.nio.NioEventLoop.processSelectedKeys(NioEventLoop.java:496)
	at org.apache.ratis.thirdparty.io.netty.channel.nio.NioEventLoop.run(NioEventLoop.java:458)
	at org.apache.ratis.thirdparty.io.netty.util.concurrent.SingleThreadEventExecutor$5.run(SingleThreadEventExecutor.java:897)
	at org.apache.ratis.thirdparty.io.netty.util.concurrent.FastThreadLocalRunnable.run(FastThreadLocalRunnable.java:30)
	... 1 more
Caused by: java.net.ConnectException: Connection refused
	... 11 more
2019-11-15 04:25:24,607 [be6365c1-8fb2-47f9-87b1-78a3fb38138b@group-B41F48618BA6-LeaderElection205] INFO  impl.LeaderElection (LogUtils.java:infoOrTrace(149)) - be6365c1-8fb2-47f9-87b1-78a3fb38138b@group-B41F48618BA6-LeaderElection205 got exception when requesting votes: {}
java.util.concurrent.ExecutionException: org.apache.ratis.thirdparty.io.grpc.StatusRuntimeException: UNAVAILABLE: io exception
	at java.util.concurrent.FutureTask.report(FutureTask.java:122)
	at java.util.concurrent.FutureTask.get(FutureTask.java:192)
	at org.apache.ratis.server.impl.LeaderElection.waitForResults(LeaderElection.java:259)
	at org.apache.ratis.server.impl.LeaderElection.askForVotes(LeaderElection.java:197)
	at org.apache.ratis.server.impl.LeaderElection.run(LeaderElection.java:133)
	at java.lang.Thread.run(Thread.java:748)
Caused by: org.apache.ratis.thirdparty.io.grpc.StatusRuntimeException: UNAVAILABLE: io exception
	at org.apache.ratis.thirdparty.io.grpc.stub.ClientCalls.toStatusRuntimeException(ClientCalls.java:233)
	at org.apache.ratis.thirdparty.io.grpc.stub.ClientCalls.getUnchecked(ClientCalls.java:214)
	at org.apache.ratis.thirdparty.io.grpc.stub.ClientCalls.blockingUnaryCall(ClientCalls.java:139)
	at org.apache.ratis.proto.grpc.RaftServerProtocolServiceGrpc$RaftServerProtocolServiceBlockingStub.requestVote(RaftServerProtocolServiceGrpc.java:265)
	at org.apache.ratis.grpc.server.GrpcServerProtocolClient.requestVote(GrpcServerProtocolClient.java:99)
	at org.apache.ratis.grpc.server.GrpcService.requestVote(GrpcService.java:204)
	at org.apache.ratis.server.impl.LeaderElection.lambda$submitRequests$1(LeaderElection.java:234)
	at java.util.concurrent.FutureTask.run(FutureTask.java:266)
	at java.util.concurrent.Executors$RunnableAdapter.call(Executors.java:511)
	at java.util.concurrent.FutureTask.run(FutureTask.java:266)
	at java.util.concurrent.ThreadPoolExecutor.runWorker(ThreadPoolExecutor.java:1149)
	at java.util.concurrent.ThreadPoolExecutor$Worker.run(ThreadPoolExecutor.java:624)
	... 1 more
Caused by: org.apache.ratis.thirdparty.io.netty.channel.AbstractChannel$AnnotatedConnectException: Connection refused: /192.168.34.61:32848
	at sun.nio.ch.SocketChannelImpl.checkConnect(Native Method)
	at sun.nio.ch.SocketChannelImpl.finishConnect(SocketChannelImpl.java:717)
	at org.apache.ratis.thirdparty.io.netty.channel.socket.nio.NioSocketChannel.doFinishConnect(NioSocketChannel.java:327)
	at org.apache.ratis.thirdparty.io.netty.channel.nio.AbstractNioChannel$AbstractNioUnsafe.finishConnect(AbstractNioChannel.java:340)
	at org.apache.ratis.thirdparty.io.netty.channel.nio.NioEventLoop.processSelectedKey(NioEventLoop.java:632)
	at org.apache.ratis.thirdparty.io.netty.channel.nio.NioEventLoop.processSelectedKeysOptimized(NioEventLoop.java:579)
	at org.apache.ratis.thirdparty.io.netty.channel.nio.NioEventLoop.processSelectedKeys(NioEventLoop.java:496)
	at org.apache.ratis.thirdparty.io.netty.channel.nio.NioEventLoop.run(NioEventLoop.java:458)
	at org.apache.ratis.thirdparty.io.netty.util.concurrent.SingleThreadEventExecutor$5.run(SingleThreadEventExecutor.java:897)
	at org.apache.ratis.thirdparty.io.netty.util.concurrent.FastThreadLocalRunnable.run(FastThreadLocalRunnable.java:30)
	... 1 more
Caused by: java.net.ConnectException: Connection refused
	... 11 more
2019-11-15 04:25:24,608 [be6365c1-8fb2-47f9-87b1-78a3fb38138b@group-B41F48618BA6-LeaderElection205] INFO  impl.LeaderElection (LeaderElection.java:logAndReturn(56)) - be6365c1-8fb2-47f9-87b1-78a3fb38138b@group-B41F48618BA6-LeaderElection205: Election REJECTED; received 0 response(s) [] and 2 exception(s); be6365c1-8fb2-47f9-87b1-78a3fb38138b@group-B41F48618BA6:t17, leader=null, voted=be6365c1-8fb2-47f9-87b1-78a3fb38138b, raftlog=be6365c1-8fb2-47f9-87b1-78a3fb38138b@group-B41F48618BA6-SegmentedRaftLog:OPENED:c6,f6,i6, conf=5: [b8480f98-5c77-4f73-b6b9-e737b10a7f9e:192.168.34.61:32848, be6365c1-8fb2-47f9-87b1-78a3fb38138b:192.168.34.61:44393, f15e9ea2-ac28-4081-8e04-15028e251385:192.168.34.61:44094], old=null
2019-11-15 04:25:24,608 [be6365c1-8fb2-47f9-87b1-78a3fb38138b@group-B41F48618BA6-LeaderElection205] INFO  impl.LeaderElection (LogUtils.java:infoOrTrace(149)) -   Exception 0: {}
java.util.concurrent.ExecutionException: org.apache.ratis.thirdparty.io.grpc.StatusRuntimeException: UNAVAILABLE: io exception
	at java.util.concurrent.FutureTask.report(FutureTask.java:122)
	at java.util.concurrent.FutureTask.get(FutureTask.java:192)
	at org.apache.ratis.server.impl.LeaderElection.waitForResults(LeaderElection.java:259)
	at org.apache.ratis.server.impl.LeaderElection.askForVotes(LeaderElection.java:197)
	at org.apache.ratis.server.impl.LeaderElection.run(LeaderElection.java:133)
	at java.lang.Thread.run(Thread.java:748)
Caused by: org.apache.ratis.thirdparty.io.grpc.StatusRuntimeException: UNAVAILABLE: io exception
	at org.apache.ratis.thirdparty.io.grpc.stub.ClientCalls.toStatusRuntimeException(ClientCalls.java:233)
	at org.apache.ratis.thirdparty.io.grpc.stub.ClientCalls.getUnchecked(ClientCalls.java:214)
	at org.apache.ratis.thirdparty.io.grpc.stub.ClientCalls.blockingUnaryCall(ClientCalls.java:139)
	at org.apache.ratis.proto.grpc.RaftServerProtocolServiceGrpc$RaftServerProtocolServiceBlockingStub.requestVote(RaftServerProtocolServiceGrpc.java:265)
	at org.apache.ratis.grpc.server.GrpcServerProtocolClient.requestVote(GrpcServerProtocolClient.java:99)
	at org.apache.ratis.grpc.server.GrpcService.requestVote(GrpcService.java:204)
	at org.apache.ratis.server.impl.LeaderElection.lambda$submitRequests$1(LeaderElection.java:234)
	at java.util.concurrent.FutureTask.run(FutureTask.java:266)
	at java.util.concurrent.Executors$RunnableAdapter.call(Executors.java:511)
	at java.util.concurrent.FutureTask.run(FutureTask.java:266)
	at java.util.concurrent.ThreadPoolExecutor.runWorker(ThreadPoolExecutor.java:1149)
	at java.util.concurrent.ThreadPoolExecutor$Worker.run(ThreadPoolExecutor.java:624)
	... 1 more
Caused by: org.apache.ratis.thirdparty.io.netty.channel.AbstractChannel$AnnotatedConnectException: Connection refused: /192.168.34.61:44094
	at sun.nio.ch.SocketChannelImpl.checkConnect(Native Method)
	at sun.nio.ch.SocketChannelImpl.finishConnect(SocketChannelImpl.java:717)
	at org.apache.ratis.thirdparty.io.netty.channel.socket.nio.NioSocketChannel.doFinishConnect(NioSocketChannel.java:327)
	at org.apache.ratis.thirdparty.io.netty.channel.nio.AbstractNioChannel$AbstractNioUnsafe.finishConnect(AbstractNioChannel.java:340)
	at org.apache.ratis.thirdparty.io.netty.channel.nio.NioEventLoop.processSelectedKey(NioEventLoop.java:632)
	at org.apache.ratis.thirdparty.io.netty.channel.nio.NioEventLoop.processSelectedKeysOptimized(NioEventLoop.java:579)
	at org.apache.ratis.thirdparty.io.netty.channel.nio.NioEventLoop.processSelectedKeys(NioEventLoop.java:496)
	at org.apache.ratis.thirdparty.io.netty.channel.nio.NioEventLoop.run(NioEventLoop.java:458)
	at org.apache.ratis.thirdparty.io.netty.util.concurrent.SingleThreadEventExecutor$5.run(SingleThreadEventExecutor.java:897)
	at org.apache.ratis.thirdparty.io.netty.util.concurrent.FastThreadLocalRunnable.run(FastThreadLocalRunnable.java:30)
	... 1 more
Caused by: java.net.ConnectException: Connection refused
	... 11 more
2019-11-15 04:25:24,608 [be6365c1-8fb2-47f9-87b1-78a3fb38138b@group-B41F48618BA6-LeaderElection205] INFO  impl.LeaderElection (LogUtils.java:infoOrTrace(149)) -   Exception 1: {}
java.util.concurrent.ExecutionException: org.apache.ratis.thirdparty.io.grpc.StatusRuntimeException: UNAVAILABLE: io exception
	at java.util.concurrent.FutureTask.report(FutureTask.java:122)
	at java.util.concurrent.FutureTask.get(FutureTask.java:192)
	at org.apache.ratis.server.impl.LeaderElection.waitForResults(LeaderElection.java:259)
	at org.apache.ratis.server.impl.LeaderElection.askForVotes(LeaderElection.java:197)
	at org.apache.ratis.server.impl.LeaderElection.run(LeaderElection.java:133)
	at java.lang.Thread.run(Thread.java:748)
Caused by: org.apache.ratis.thirdparty.io.grpc.StatusRuntimeException: UNAVAILABLE: io exception
	at org.apache.ratis.thirdparty.io.grpc.stub.ClientCalls.toStatusRuntimeException(ClientCalls.java:233)
	at org.apache.ratis.thirdparty.io.grpc.stub.ClientCalls.getUnchecked(ClientCalls.java:214)
	at org.apache.ratis.thirdparty.io.grpc.stub.ClientCalls.blockingUnaryCall(ClientCalls.java:139)
	at org.apache.ratis.proto.grpc.RaftServerProtocolServiceGrpc$RaftServerProtocolServiceBlockingStub.requestVote(RaftServerProtocolServiceGrpc.java:265)
	at org.apache.ratis.grpc.server.GrpcServerProtocolClient.requestVote(GrpcServerProtocolClient.java:99)
	at org.apache.ratis.grpc.server.GrpcService.requestVote(GrpcService.java:204)
	at org.apache.ratis.server.impl.LeaderElection.lambda$submitRequests$1(LeaderElection.java:234)
	at java.util.concurrent.FutureTask.run(FutureTask.java:266)
	at java.util.concurrent.Executors$RunnableAdapter.call(Executors.java:511)
	at java.util.concurrent.FutureTask.run(FutureTask.java:266)
	at java.util.concurrent.ThreadPoolExecutor.runWorker(ThreadPoolExecutor.java:1149)
	at java.util.concurrent.ThreadPoolExecutor$Worker.run(ThreadPoolExecutor.java:624)
	... 1 more
Caused by: org.apache.ratis.thirdparty.io.netty.channel.AbstractChannel$AnnotatedConnectException: Connection refused: /192.168.34.61:32848
	at sun.nio.ch.SocketChannelImpl.checkConnect(Native Method)
	at sun.nio.ch.SocketChannelImpl.finishConnect(SocketChannelImpl.java:717)
	at org.apache.ratis.thirdparty.io.netty.channel.socket.nio.NioSocketChannel.doFinishConnect(NioSocketChannel.java:327)
	at org.apache.ratis.thirdparty.io.netty.channel.nio.AbstractNioChannel$AbstractNioUnsafe.finishConnect(AbstractNioChannel.java:340)
	at org.apache.ratis.thirdparty.io.netty.channel.nio.NioEventLoop.processSelectedKey(NioEventLoop.java:632)
	at org.apache.ratis.thirdparty.io.netty.channel.nio.NioEventLoop.processSelectedKeysOptimized(NioEventLoop.java:579)
	at org.apache.ratis.thirdparty.io.netty.channel.nio.NioEventLoop.processSelectedKeys(NioEventLoop.java:496)
	at org.apache.ratis.thirdparty.io.netty.channel.nio.NioEventLoop.run(NioEventLoop.java:458)
	at org.apache.ratis.thirdparty.io.netty.util.concurrent.SingleThreadEventExecutor$5.run(SingleThreadEventExecutor.java:897)
	at org.apache.ratis.thirdparty.io.netty.util.concurrent.FastThreadLocalRunnable.run(FastThreadLocalRunnable.java:30)
	... 1 more
Caused by: java.net.ConnectException: Connection refused
	... 11 more
2019-11-15 04:25:24,609 [be6365c1-8fb2-47f9-87b1-78a3fb38138b@group-B41F48618BA6-LeaderElection205] INFO  impl.RaftServerImpl (RaftServerImpl.java:setRole(173)) - be6365c1-8fb2-47f9-87b1-78a3fb38138b@group-B41F48618BA6: changes role from CANDIDATE to FOLLOWER at term 17 for DISCOVERED_A_NEW_TERM
2019-11-15 04:25:24,609 [be6365c1-8fb2-47f9-87b1-78a3fb38138b@group-B41F48618BA6-LeaderElection205] INFO  impl.RoleInfo (RoleInfo.java:shutdownLeaderElection(134)) - be6365c1-8fb2-47f9-87b1-78a3fb38138b: shutdown LeaderElection
2019-11-15 04:25:24,609 [be6365c1-8fb2-47f9-87b1-78a3fb38138b@group-B41F48618BA6-LeaderElection205] INFO  impl.RoleInfo (RoleInfo.java:updateAndGet(143)) - be6365c1-8fb2-47f9-87b1-78a3fb38138b: start FollowerState
2019-11-15 04:25:24,873 [Datanode State Machine Thread - 0] INFO  statemachine.DatanodeStateMachine (DatanodeStateMachine.java:lambda$startDaemon$0(361)) - Ozone container server started.
2019-11-15 04:25:25,717 [Thread-4113] INFO  impl.FollowerState (FollowerState.java:run(111)) - be6365c1-8fb2-47f9-87b1-78a3fb38138b@group-B41F48618BA6-FollowerState: change to CANDIDATE, lastRpcTime:1108ms, electionTimeout:1108ms
2019-11-15 04:25:25,717 [Thread-4113] INFO  impl.RoleInfo (RoleInfo.java:shutdownFollowerState(121)) - be6365c1-8fb2-47f9-87b1-78a3fb38138b: shutdown FollowerState
2019-11-15 04:25:25,718 [Thread-4113] INFO  impl.RaftServerImpl (RaftServerImpl.java:setRole(173)) - be6365c1-8fb2-47f9-87b1-78a3fb38138b@group-B41F48618BA6: changes role from  FOLLOWER to CANDIDATE at term 17 for changeToCandidate
2019-11-15 04:25:25,718 [Thread-4113] INFO  impl.RoleInfo (RoleInfo.java:updateAndGet(143)) - be6365c1-8fb2-47f9-87b1-78a3fb38138b: start LeaderElection
2019-11-15 04:25:25,797 [be6365c1-8fb2-47f9-87b1-78a3fb38138b@group-B41F48618BA6-LeaderElection206] INFO  impl.LeaderElection (LeaderElection.java:askForVotes(178)) - be6365c1-8fb2-47f9-87b1-78a3fb38138b@group-B41F48618BA6-LeaderElection206: begin an election at term 18 for 5: [b8480f98-5c77-4f73-b6b9-e737b10a7f9e:192.168.34.61:32848, be6365c1-8fb2-47f9-87b1-78a3fb38138b:192.168.34.61:44393, f15e9ea2-ac28-4081-8e04-15028e251385:192.168.34.61:44094], old=null
2019-11-15 04:25:25,798 [be6365c1-8fb2-47f9-87b1-78a3fb38138b@group-B41F48618BA6-LeaderElection206] INFO  impl.LeaderElection (LogUtils.java:infoOrTrace(149)) - be6365c1-8fb2-47f9-87b1-78a3fb38138b@group-B41F48618BA6-LeaderElection206 got exception when requesting votes: {}
java.util.concurrent.ExecutionException: org.apache.ratis.thirdparty.io.grpc.StatusRuntimeException: UNAVAILABLE: io exception
	at java.util.concurrent.FutureTask.report(FutureTask.java:122)
	at java.util.concurrent.FutureTask.get(FutureTask.java:192)
	at org.apache.ratis.server.impl.LeaderElection.waitForResults(LeaderElection.java:259)
	at org.apache.ratis.server.impl.LeaderElection.askForVotes(LeaderElection.java:197)
	at org.apache.ratis.server.impl.LeaderElection.run(LeaderElection.java:133)
	at java.lang.Thread.run(Thread.java:748)
Caused by: org.apache.ratis.thirdparty.io.grpc.StatusRuntimeException: UNAVAILABLE: io exception
	at org.apache.ratis.thirdparty.io.grpc.stub.ClientCalls.toStatusRuntimeException(ClientCalls.java:233)
	at org.apache.ratis.thirdparty.io.grpc.stub.ClientCalls.getUnchecked(ClientCalls.java:214)
	at org.apache.ratis.thirdparty.io.grpc.stub.ClientCalls.blockingUnaryCall(ClientCalls.java:139)
	at org.apache.ratis.proto.grpc.RaftServerProtocolServiceGrpc$RaftServerProtocolServiceBlockingStub.requestVote(RaftServerProtocolServiceGrpc.java:265)
	at org.apache.ratis.grpc.server.GrpcServerProtocolClient.requestVote(GrpcServerProtocolClient.java:99)
	at org.apache.ratis.grpc.server.GrpcService.requestVote(GrpcService.java:204)
	at org.apache.ratis.server.impl.LeaderElection.lambda$submitRequests$1(LeaderElection.java:234)
	at java.util.concurrent.FutureTask.run(FutureTask.java:266)
	at java.util.concurrent.Executors$RunnableAdapter.call(Executors.java:511)
	at java.util.concurrent.FutureTask.run(FutureTask.java:266)
	at java.util.concurrent.ThreadPoolExecutor.runWorker(ThreadPoolExecutor.java:1149)
	at java.util.concurrent.ThreadPoolExecutor$Worker.run(ThreadPoolExecutor.java:624)
	... 1 more
Caused by: org.apache.ratis.thirdparty.io.netty.channel.AbstractChannel$AnnotatedConnectException: Connection refused: /192.168.34.61:32848
	at sun.nio.ch.SocketChannelImpl.checkConnect(Native Method)
	at sun.nio.ch.SocketChannelImpl.finishConnect(SocketChannelImpl.java:717)
	at org.apache.ratis.thirdparty.io.netty.channel.socket.nio.NioSocketChannel.doFinishConnect(NioSocketChannel.java:327)
	at org.apache.ratis.thirdparty.io.netty.channel.nio.AbstractNioChannel$AbstractNioUnsafe.finishConnect(AbstractNioChannel.java:340)
	at org.apache.ratis.thirdparty.io.netty.channel.nio.NioEventLoop.processSelectedKey(NioEventLoop.java:632)
	at org.apache.ratis.thirdparty.io.netty.channel.nio.NioEventLoop.processSelectedKeysOptimized(NioEventLoop.java:579)
	at org.apache.ratis.thirdparty.io.netty.channel.nio.NioEventLoop.processSelectedKeys(NioEventLoop.java:496)
	at org.apache.ratis.thirdparty.io.netty.channel.nio.NioEventLoop.run(NioEventLoop.java:458)
	at org.apache.ratis.thirdparty.io.netty.util.concurrent.SingleThreadEventExecutor$5.run(SingleThreadEventExecutor.java:897)
	at org.apache.ratis.thirdparty.io.netty.util.concurrent.FastThreadLocalRunnable.run(FastThreadLocalRunnable.java:30)
	... 1 more
Caused by: java.net.ConnectException: Connection refused
	... 11 more
2019-11-15 04:25:25,798 [be6365c1-8fb2-47f9-87b1-78a3fb38138b@group-B41F48618BA6-LeaderElection206] INFO  impl.LeaderElection (LogUtils.java:infoOrTrace(149)) - be6365c1-8fb2-47f9-87b1-78a3fb38138b@group-B41F48618BA6-LeaderElection206 got exception when requesting votes: {}
java.util.concurrent.ExecutionException: org.apache.ratis.thirdparty.io.grpc.StatusRuntimeException: UNAVAILABLE: io exception
	at java.util.concurrent.FutureTask.report(FutureTask.java:122)
	at java.util.concurrent.FutureTask.get(FutureTask.java:192)
	at org.apache.ratis.server.impl.LeaderElection.waitForResults(LeaderElection.java:259)
	at org.apache.ratis.server.impl.LeaderElection.askForVotes(LeaderElection.java:197)
	at org.apache.ratis.server.impl.LeaderElection.run(LeaderElection.java:133)
	at java.lang.Thread.run(Thread.java:748)
Caused by: org.apache.ratis.thirdparty.io.grpc.StatusRuntimeException: UNAVAILABLE: io exception
	at org.apache.ratis.thirdparty.io.grpc.stub.ClientCalls.toStatusRuntimeException(ClientCalls.java:233)
	at org.apache.ratis.thirdparty.io.grpc.stub.ClientCalls.getUnchecked(ClientCalls.java:214)
	at org.apache.ratis.thirdparty.io.grpc.stub.ClientCalls.blockingUnaryCall(ClientCalls.java:139)
	at org.apache.ratis.proto.grpc.RaftServerProtocolServiceGrpc$RaftServerProtocolServiceBlockingStub.requestVote(RaftServerProtocolServiceGrpc.java:265)
	at org.apache.ratis.grpc.server.GrpcServerProtocolClient.requestVote(GrpcServerProtocolClient.java:99)
	at org.apache.ratis.grpc.server.GrpcService.requestVote(GrpcService.java:204)
	at org.apache.ratis.server.impl.LeaderElection.lambda$submitRequests$1(LeaderElection.java:234)
	at java.util.concurrent.FutureTask.run(FutureTask.java:266)
	at java.util.concurrent.Executors$RunnableAdapter.call(Executors.java:511)
	at java.util.concurrent.FutureTask.run(FutureTask.java:266)
	at java.util.concurrent.ThreadPoolExecutor.runWorker(ThreadPoolExecutor.java:1149)
	at java.util.concurrent.ThreadPoolExecutor$Worker.run(ThreadPoolExecutor.java:624)
	... 1 more
Caused by: org.apache.ratis.thirdparty.io.netty.channel.AbstractChannel$AnnotatedConnectException: Connection refused: /192.168.34.61:44094
	at sun.nio.ch.SocketChannelImpl.checkConnect(Native Method)
	at sun.nio.ch.SocketChannelImpl.finishConnect(SocketChannelImpl.java:717)
	at org.apache.ratis.thirdparty.io.netty.channel.socket.nio.NioSocketChannel.doFinishConnect(NioSocketChannel.java:327)
	at org.apache.ratis.thirdparty.io.netty.channel.nio.AbstractNioChannel$AbstractNioUnsafe.finishConnect(AbstractNioChannel.java:340)
	at org.apache.ratis.thirdparty.io.netty.channel.nio.NioEventLoop.processSelectedKey(NioEventLoop.java:632)
	at org.apache.ratis.thirdparty.io.netty.channel.nio.NioEventLoop.processSelectedKeysOptimized(NioEventLoop.java:579)
	at org.apache.ratis.thirdparty.io.netty.channel.nio.NioEventLoop.processSelectedKeys(NioEventLoop.java:496)
	at org.apache.ratis.thirdparty.io.netty.channel.nio.NioEventLoop.run(NioEventLoop.java:458)
	at org.apache.ratis.thirdparty.io.netty.util.concurrent.SingleThreadEventExecutor$5.run(SingleThreadEventExecutor.java:897)
	at org.apache.ratis.thirdparty.io.netty.util.concurrent.FastThreadLocalRunnable.run(FastThreadLocalRunnable.java:30)
	... 1 more
Caused by: java.net.ConnectException: Connection refused
	... 11 more
2019-11-15 04:25:25,798 [be6365c1-8fb2-47f9-87b1-78a3fb38138b@group-B41F48618BA6-LeaderElection206] INFO  impl.LeaderElection (LeaderElection.java:logAndReturn(56)) - be6365c1-8fb2-47f9-87b1-78a3fb38138b@group-B41F48618BA6-LeaderElection206: Election REJECTED; received 0 response(s) [] and 2 exception(s); be6365c1-8fb2-47f9-87b1-78a3fb38138b@group-B41F48618BA6:t18, leader=null, voted=be6365c1-8fb2-47f9-87b1-78a3fb38138b, raftlog=be6365c1-8fb2-47f9-87b1-78a3fb38138b@group-B41F48618BA6-SegmentedRaftLog:OPENED:c6,f6,i6, conf=5: [b8480f98-5c77-4f73-b6b9-e737b10a7f9e:192.168.34.61:32848, be6365c1-8fb2-47f9-87b1-78a3fb38138b:192.168.34.61:44393, f15e9ea2-ac28-4081-8e04-15028e251385:192.168.34.61:44094], old=null
2019-11-15 04:25:25,799 [be6365c1-8fb2-47f9-87b1-78a3fb38138b@group-B41F48618BA6-LeaderElection206] INFO  impl.LeaderElection (LogUtils.java:infoOrTrace(149)) -   Exception 0: {}
java.util.concurrent.ExecutionException: org.apache.ratis.thirdparty.io.grpc.StatusRuntimeException: UNAVAILABLE: io exception
	at java.util.concurrent.FutureTask.report(FutureTask.java:122)
	at java.util.concurrent.FutureTask.get(FutureTask.java:192)
	at org.apache.ratis.server.impl.LeaderElection.waitForResults(LeaderElection.java:259)
	at org.apache.ratis.server.impl.LeaderElection.askForVotes(LeaderElection.java:197)
	at org.apache.ratis.server.impl.LeaderElection.run(LeaderElection.java:133)
	at java.lang.Thread.run(Thread.java:748)
Caused by: org.apache.ratis.thirdparty.io.grpc.StatusRuntimeException: UNAVAILABLE: io exception
	at org.apache.ratis.thirdparty.io.grpc.stub.ClientCalls.toStatusRuntimeException(ClientCalls.java:233)
	at org.apache.ratis.thirdparty.io.grpc.stub.ClientCalls.getUnchecked(ClientCalls.java:214)
	at org.apache.ratis.thirdparty.io.grpc.stub.ClientCalls.blockingUnaryCall(ClientCalls.java:139)
	at org.apache.ratis.proto.grpc.RaftServerProtocolServiceGrpc$RaftServerProtocolServiceBlockingStub.requestVote(RaftServerProtocolServiceGrpc.java:265)
	at org.apache.ratis.grpc.server.GrpcServerProtocolClient.requestVote(GrpcServerProtocolClient.java:99)
	at org.apache.ratis.grpc.server.GrpcService.requestVote(GrpcService.java:204)
	at org.apache.ratis.server.impl.LeaderElection.lambda$submitRequests$1(LeaderElection.java:234)
	at java.util.concurrent.FutureTask.run(FutureTask.java:266)
	at java.util.concurrent.Executors$RunnableAdapter.call(Executors.java:511)
	at java.util.concurrent.FutureTask.run(FutureTask.java:266)
	at java.util.concurrent.ThreadPoolExecutor.runWorker(ThreadPoolExecutor.java:1149)
	at java.util.concurrent.ThreadPoolExecutor$Worker.run(ThreadPoolExecutor.java:624)
	... 1 more
Caused by: org.apache.ratis.thirdparty.io.netty.channel.AbstractChannel$AnnotatedConnectException: Connection refused: /192.168.34.61:32848
	at sun.nio.ch.SocketChannelImpl.checkConnect(Native Method)
	at sun.nio.ch.SocketChannelImpl.finishConnect(SocketChannelImpl.java:717)
	at org.apache.ratis.thirdparty.io.netty.channel.socket.nio.NioSocketChannel.doFinishConnect(NioSocketChannel.java:327)
	at org.apache.ratis.thirdparty.io.netty.channel.nio.AbstractNioChannel$AbstractNioUnsafe.finishConnect(AbstractNioChannel.java:340)
	at org.apache.ratis.thirdparty.io.netty.channel.nio.NioEventLoop.processSelectedKey(NioEventLoop.java:632)
	at org.apache.ratis.thirdparty.io.netty.channel.nio.NioEventLoop.processSelectedKeysOptimized(NioEventLoop.java:579)
	at org.apache.ratis.thirdparty.io.netty.channel.nio.NioEventLoop.processSelectedKeys(NioEventLoop.java:496)
	at org.apache.ratis.thirdparty.io.netty.channel.nio.NioEventLoop.run(NioEventLoop.java:458)
	at org.apache.ratis.thirdparty.io.netty.util.concurrent.SingleThreadEventExecutor$5.run(SingleThreadEventExecutor.java:897)
	at org.apache.ratis.thirdparty.io.netty.util.concurrent.FastThreadLocalRunnable.run(FastThreadLocalRunnable.java:30)
	... 1 more
Caused by: java.net.ConnectException: Connection refused
	... 11 more
2019-11-15 04:25:25,799 [be6365c1-8fb2-47f9-87b1-78a3fb38138b@group-B41F48618BA6-LeaderElection206] INFO  impl.LeaderElection (LogUtils.java:infoOrTrace(149)) -   Exception 1: {}
java.util.concurrent.ExecutionException: org.apache.ratis.thirdparty.io.grpc.StatusRuntimeException: UNAVAILABLE: io exception
	at java.util.concurrent.FutureTask.report(FutureTask.java:122)
	at java.util.concurrent.FutureTask.get(FutureTask.java:192)
	at org.apache.ratis.server.impl.LeaderElection.waitForResults(LeaderElection.java:259)
	at org.apache.ratis.server.impl.LeaderElection.askForVotes(LeaderElection.java:197)
	at org.apache.ratis.server.impl.LeaderElection.run(LeaderElection.java:133)
	at java.lang.Thread.run(Thread.java:748)
Caused by: org.apache.ratis.thirdparty.io.grpc.StatusRuntimeException: UNAVAILABLE: io exception
	at org.apache.ratis.thirdparty.io.grpc.stub.ClientCalls.toStatusRuntimeException(ClientCalls.java:233)
	at org.apache.ratis.thirdparty.io.grpc.stub.ClientCalls.getUnchecked(ClientCalls.java:214)
	at org.apache.ratis.thirdparty.io.grpc.stub.ClientCalls.blockingUnaryCall(ClientCalls.java:139)
	at org.apache.ratis.proto.grpc.RaftServerProtocolServiceGrpc$RaftServerProtocolServiceBlockingStub.requestVote(RaftServerProtocolServiceGrpc.java:265)
	at org.apache.ratis.grpc.server.GrpcServerProtocolClient.requestVote(GrpcServerProtocolClient.java:99)
	at org.apache.ratis.grpc.server.GrpcService.requestVote(GrpcService.java:204)
	at org.apache.ratis.server.impl.LeaderElection.lambda$submitRequests$1(LeaderElection.java:234)
	at java.util.concurrent.FutureTask.run(FutureTask.java:266)
	at java.util.concurrent.Executors$RunnableAdapter.call(Executors.java:511)
	at java.util.concurrent.FutureTask.run(FutureTask.java:266)
	at java.util.concurrent.ThreadPoolExecutor.runWorker(ThreadPoolExecutor.java:1149)
	at java.util.concurrent.ThreadPoolExecutor$Worker.run(ThreadPoolExecutor.java:624)
	... 1 more
Caused by: org.apache.ratis.thirdparty.io.netty.channel.AbstractChannel$AnnotatedConnectException: Connection refused: /192.168.34.61:44094
	at sun.nio.ch.SocketChannelImpl.checkConnect(Native Method)
	at sun.nio.ch.SocketChannelImpl.finishConnect(SocketChannelImpl.java:717)
	at org.apache.ratis.thirdparty.io.netty.channel.socket.nio.NioSocketChannel.doFinishConnect(NioSocketChannel.java:327)
	at org.apache.ratis.thirdparty.io.netty.channel.nio.AbstractNioChannel$AbstractNioUnsafe.finishConnect(AbstractNioChannel.java:340)
	at org.apache.ratis.thirdparty.io.netty.channel.nio.NioEventLoop.processSelectedKey(NioEventLoop.java:632)
	at org.apache.ratis.thirdparty.io.netty.channel.nio.NioEventLoop.processSelectedKeysOptimized(NioEventLoop.java:579)
	at org.apache.ratis.thirdparty.io.netty.channel.nio.NioEventLoop.processSelectedKeys(NioEventLoop.java:496)
	at org.apache.ratis.thirdparty.io.netty.channel.nio.NioEventLoop.run(NioEventLoop.java:458)
	at org.apache.ratis.thirdparty.io.netty.util.concurrent.SingleThreadEventExecutor$5.run(SingleThreadEventExecutor.java:897)
	at org.apache.ratis.thirdparty.io.netty.util.concurrent.FastThreadLocalRunnable.run(FastThreadLocalRunnable.java:30)
	... 1 more
Caused by: java.net.ConnectException: Connection refused
	... 11 more
2019-11-15 04:25:25,799 [be6365c1-8fb2-47f9-87b1-78a3fb38138b@group-B41F48618BA6-LeaderElection206] INFO  impl.RaftServerImpl (RaftServerImpl.java:setRole(173)) - be6365c1-8fb2-47f9-87b1-78a3fb38138b@group-B41F48618BA6: changes role from CANDIDATE to FOLLOWER at term 18 for DISCOVERED_A_NEW_TERM
2019-11-15 04:25:25,799 [be6365c1-8fb2-47f9-87b1-78a3fb38138b@group-B41F48618BA6-LeaderElection206] INFO  impl.RoleInfo (RoleInfo.java:shutdownLeaderElection(134)) - be6365c1-8fb2-47f9-87b1-78a3fb38138b: shutdown LeaderElection
2019-11-15 04:25:25,799 [be6365c1-8fb2-47f9-87b1-78a3fb38138b@group-B41F48618BA6-LeaderElection206] INFO  impl.RoleInfo (RoleInfo.java:updateAndGet(143)) - be6365c1-8fb2-47f9-87b1-78a3fb38138b: start FollowerState
2019-11-15 04:25:25,931 [Thread-4077] INFO  impl.FollowerState (FollowerState.java:run(111)) - ddd86f17-0fb6-44dc-8f8a-1b8ddc68cc7e@group-C3E515194F35-FollowerState: change to CANDIDATE, lastRpcTime:2055ms, electionTimeout:1032ms
2019-11-15 04:25:25,931 [Thread-4077] INFO  impl.RoleInfo (RoleInfo.java:shutdownFollowerState(121)) - ddd86f17-0fb6-44dc-8f8a-1b8ddc68cc7e: shutdown FollowerState
2019-11-15 04:25:25,931 [Thread-4077] INFO  impl.RaftServerImpl (RaftServerImpl.java:setRole(173)) - ddd86f17-0fb6-44dc-8f8a-1b8ddc68cc7e@group-C3E515194F35: changes role from  FOLLOWER to CANDIDATE at term 2 for changeToCandidate
2019-11-15 04:25:25,931 [Thread-4077] INFO  impl.RoleInfo (RoleInfo.java:updateAndGet(143)) - ddd86f17-0fb6-44dc-8f8a-1b8ddc68cc7e: start LeaderElection
2019-11-15 04:25:25,931 [ddd86f17-0fb6-44dc-8f8a-1b8ddc68cc7e@group-C3E515194F35-LeaderElection207] INFO  impl.RaftServerImpl (ServerState.java:setLeader(255)) - ddd86f17-0fb6-44dc-8f8a-1b8ddc68cc7e@group-C3E515194F35: change Leader from 8e34abce-4df2-4d13-822a-b9906190a447 to null at term 2 for initElection
2019-11-15 04:25:25,988 [ddd86f17-0fb6-44dc-8f8a-1b8ddc68cc7e@group-C3E515194F35-LeaderElection207] INFO  impl.LeaderElection (LeaderElection.java:askForVotes(178)) - ddd86f17-0fb6-44dc-8f8a-1b8ddc68cc7e@group-C3E515194F35-LeaderElection207: begin an election at term 3 for 6: [ba7b154f-e59a-417b-969a-e8c75d4b6746:192.168.34.61:40163, ddd86f17-0fb6-44dc-8f8a-1b8ddc68cc7e:192.168.34.61:37754, 8e34abce-4df2-4d13-822a-b9906190a447:192.168.34.61:34382], old=null
2019-11-15 04:25:25,990 [ddd86f17-0fb6-44dc-8f8a-1b8ddc68cc7e@group-C3E515194F35-LeaderElection207] INFO  impl.LeaderElection (LogUtils.java:infoOrTrace(149)) - ddd86f17-0fb6-44dc-8f8a-1b8ddc68cc7e@group-C3E515194F35-LeaderElection207 got exception when requesting votes: {}
java.util.concurrent.ExecutionException: org.apache.ratis.thirdparty.io.grpc.StatusRuntimeException: UNAVAILABLE: io exception
	at java.util.concurrent.FutureTask.report(FutureTask.java:122)
	at java.util.concurrent.FutureTask.get(FutureTask.java:192)
	at org.apache.ratis.server.impl.LeaderElection.waitForResults(LeaderElection.java:259)
	at org.apache.ratis.server.impl.LeaderElection.askForVotes(LeaderElection.java:197)
	at org.apache.ratis.server.impl.LeaderElection.run(LeaderElection.java:133)
	at java.lang.Thread.run(Thread.java:748)
Caused by: org.apache.ratis.thirdparty.io.grpc.StatusRuntimeException: UNAVAILABLE: io exception
	at org.apache.ratis.thirdparty.io.grpc.stub.ClientCalls.toStatusRuntimeException(ClientCalls.java:233)
	at org.apache.ratis.thirdparty.io.grpc.stub.ClientCalls.getUnchecked(ClientCalls.java:214)
	at org.apache.ratis.thirdparty.io.grpc.stub.ClientCalls.blockingUnaryCall(ClientCalls.java:139)
	at org.apache.ratis.proto.grpc.RaftServerProtocolServiceGrpc$RaftServerProtocolServiceBlockingStub.requestVote(RaftServerProtocolServiceGrpc.java:265)
	at org.apache.ratis.grpc.server.GrpcServerProtocolClient.requestVote(GrpcServerProtocolClient.java:99)
	at org.apache.ratis.grpc.server.GrpcService.requestVote(GrpcService.java:204)
	at org.apache.ratis.server.impl.LeaderElection.lambda$submitRequests$1(LeaderElection.java:234)
	at java.util.concurrent.FutureTask.run(FutureTask.java:266)
	at java.util.concurrent.Executors$RunnableAdapter.call(Executors.java:511)
	at java.util.concurrent.FutureTask.run(FutureTask.java:266)
	at java.util.concurrent.ThreadPoolExecutor.runWorker(ThreadPoolExecutor.java:1149)
	at java.util.concurrent.ThreadPoolExecutor$Worker.run(ThreadPoolExecutor.java:624)
	... 1 more
Caused by: org.apache.ratis.thirdparty.io.netty.channel.AbstractChannel$AnnotatedConnectException: Connection refused: /192.168.34.61:40163
	at sun.nio.ch.SocketChannelImpl.checkConnect(Native Method)
	at sun.nio.ch.SocketChannelImpl.finishConnect(SocketChannelImpl.java:717)
	at org.apache.ratis.thirdparty.io.netty.channel.socket.nio.NioSocketChannel.doFinishConnect(NioSocketChannel.java:327)
	at org.apache.ratis.thirdparty.io.netty.channel.nio.AbstractNioChannel$AbstractNioUnsafe.finishConnect(AbstractNioChannel.java:340)
	at org.apache.ratis.thirdparty.io.netty.channel.nio.NioEventLoop.processSelectedKey(NioEventLoop.java:632)
	at org.apache.ratis.thirdparty.io.netty.channel.nio.NioEventLoop.processSelectedKeysOptimized(NioEventLoop.java:579)
	at org.apache.ratis.thirdparty.io.netty.channel.nio.NioEventLoop.processSelectedKeys(NioEventLoop.java:496)
	at org.apache.ratis.thirdparty.io.netty.channel.nio.NioEventLoop.run(NioEventLoop.java:458)
	at org.apache.ratis.thirdparty.io.netty.util.concurrent.SingleThreadEventExecutor$5.run(SingleThreadEventExecutor.java:897)
	at org.apache.ratis.thirdparty.io.netty.util.concurrent.FastThreadLocalRunnable.run(FastThreadLocalRunnable.java:30)
	... 1 more
Caused by: java.net.ConnectException: Connection refused
	... 11 more
2019-11-15 04:25:25,990 [ddd86f17-0fb6-44dc-8f8a-1b8ddc68cc7e@group-C3E515194F35-LeaderElection207] INFO  impl.LeaderElection (LogUtils.java:infoOrTrace(149)) - ddd86f17-0fb6-44dc-8f8a-1b8ddc68cc7e@group-C3E515194F35-LeaderElection207 got exception when requesting votes: {}
java.util.concurrent.ExecutionException: org.apache.ratis.thirdparty.io.grpc.StatusRuntimeException: UNAVAILABLE: io exception
	at java.util.concurrent.FutureTask.report(FutureTask.java:122)
	at java.util.concurrent.FutureTask.get(FutureTask.java:192)
	at org.apache.ratis.server.impl.LeaderElection.waitForResults(LeaderElection.java:259)
	at org.apache.ratis.server.impl.LeaderElection.askForVotes(LeaderElection.java:197)
	at org.apache.ratis.server.impl.LeaderElection.run(LeaderElection.java:133)
	at java.lang.Thread.run(Thread.java:748)
Caused by: org.apache.ratis.thirdparty.io.grpc.StatusRuntimeException: UNAVAILABLE: io exception
	at org.apache.ratis.thirdparty.io.grpc.stub.ClientCalls.toStatusRuntimeException(ClientCalls.java:233)
	at org.apache.ratis.thirdparty.io.grpc.stub.ClientCalls.getUnchecked(ClientCalls.java:214)
	at org.apache.ratis.thirdparty.io.grpc.stub.ClientCalls.blockingUnaryCall(ClientCalls.java:139)
	at org.apache.ratis.proto.grpc.RaftServerProtocolServiceGrpc$RaftServerProtocolServiceBlockingStub.requestVote(RaftServerProtocolServiceGrpc.java:265)
	at org.apache.ratis.grpc.server.GrpcServerProtocolClient.requestVote(GrpcServerProtocolClient.java:99)
	at org.apache.ratis.grpc.server.GrpcService.requestVote(GrpcService.java:204)
	at org.apache.ratis.server.impl.LeaderElection.lambda$submitRequests$1(LeaderElection.java:234)
	at java.util.concurrent.FutureTask.run(FutureTask.java:266)
	at java.util.concurrent.Executors$RunnableAdapter.call(Executors.java:511)
	at java.util.concurrent.FutureTask.run(FutureTask.java:266)
	at java.util.concurrent.ThreadPoolExecutor.runWorker(ThreadPoolExecutor.java:1149)
	at java.util.concurrent.ThreadPoolExecutor$Worker.run(ThreadPoolExecutor.java:624)
	... 1 more
Caused by: org.apache.ratis.thirdparty.io.netty.channel.AbstractChannel$AnnotatedConnectException: Connection refused: /192.168.34.61:34382
	at sun.nio.ch.SocketChannelImpl.checkConnect(Native Method)
	at sun.nio.ch.SocketChannelImpl.finishConnect(SocketChannelImpl.java:717)
	at org.apache.ratis.thirdparty.io.netty.channel.socket.nio.NioSocketChannel.doFinishConnect(NioSocketChannel.java:327)
	at org.apache.ratis.thirdparty.io.netty.channel.nio.AbstractNioChannel$AbstractNioUnsafe.finishConnect(AbstractNioChannel.java:340)
	at org.apache.ratis.thirdparty.io.netty.channel.nio.NioEventLoop.processSelectedKey(NioEventLoop.java:632)
	at org.apache.ratis.thirdparty.io.netty.channel.nio.NioEventLoop.processSelectedKeysOptimized(NioEventLoop.java:579)
	at org.apache.ratis.thirdparty.io.netty.channel.nio.NioEventLoop.processSelectedKeys(NioEventLoop.java:496)
	at org.apache.ratis.thirdparty.io.netty.channel.nio.NioEventLoop.run(NioEventLoop.java:458)
	at org.apache.ratis.thirdparty.io.netty.util.concurrent.SingleThreadEventExecutor$5.run(SingleThreadEventExecutor.java:897)
	at org.apache.ratis.thirdparty.io.netty.util.concurrent.FastThreadLocalRunnable.run(FastThreadLocalRunnable.java:30)
	... 1 more
Caused by: java.net.ConnectException: Connection refused
	... 11 more
2019-11-15 04:25:25,990 [ddd86f17-0fb6-44dc-8f8a-1b8ddc68cc7e@group-C3E515194F35-LeaderElection207] INFO  impl.LeaderElection (LeaderElection.java:logAndReturn(56)) - ddd86f17-0fb6-44dc-8f8a-1b8ddc68cc7e@group-C3E515194F35-LeaderElection207: Election REJECTED; received 0 response(s) [] and 2 exception(s); ddd86f17-0fb6-44dc-8f8a-1b8ddc68cc7e@group-C3E515194F35:t3, leader=null, voted=ddd86f17-0fb6-44dc-8f8a-1b8ddc68cc7e, raftlog=ddd86f17-0fb6-44dc-8f8a-1b8ddc68cc7e@group-C3E515194F35-SegmentedRaftLog:OPENED:c7,f7,i7, conf=6: [ba7b154f-e59a-417b-969a-e8c75d4b6746:192.168.34.61:40163, ddd86f17-0fb6-44dc-8f8a-1b8ddc68cc7e:192.168.34.61:37754, 8e34abce-4df2-4d13-822a-b9906190a447:192.168.34.61:34382], old=null
2019-11-15 04:25:25,990 [ddd86f17-0fb6-44dc-8f8a-1b8ddc68cc7e@group-C3E515194F35-LeaderElection207] INFO  impl.LeaderElection (LogUtils.java:infoOrTrace(149)) -   Exception 0: {}
java.util.concurrent.ExecutionException: org.apache.ratis.thirdparty.io.grpc.StatusRuntimeException: UNAVAILABLE: io exception
	at java.util.concurrent.FutureTask.report(FutureTask.java:122)
	at java.util.concurrent.FutureTask.get(FutureTask.java:192)
	at org.apache.ratis.server.impl.LeaderElection.waitForResults(LeaderElection.java:259)
	at org.apache.ratis.server.impl.LeaderElection.askForVotes(LeaderElection.java:197)
	at org.apache.ratis.server.impl.LeaderElection.run(LeaderElection.java:133)
	at java.lang.Thread.run(Thread.java:748)
Caused by: org.apache.ratis.thirdparty.io.grpc.StatusRuntimeException: UNAVAILABLE: io exception
	at org.apache.ratis.thirdparty.io.grpc.stub.ClientCalls.toStatusRuntimeException(ClientCalls.java:233)
	at org.apache.ratis.thirdparty.io.grpc.stub.ClientCalls.getUnchecked(ClientCalls.java:214)
	at org.apache.ratis.thirdparty.io.grpc.stub.ClientCalls.blockingUnaryCall(ClientCalls.java:139)
	at org.apache.ratis.proto.grpc.RaftServerProtocolServiceGrpc$RaftServerProtocolServiceBlockingStub.requestVote(RaftServerProtocolServiceGrpc.java:265)
	at org.apache.ratis.grpc.server.GrpcServerProtocolClient.requestVote(GrpcServerProtocolClient.java:99)
	at org.apache.ratis.grpc.server.GrpcService.requestVote(GrpcService.java:204)
	at org.apache.ratis.server.impl.LeaderElection.lambda$submitRequests$1(LeaderElection.java:234)
	at java.util.concurrent.FutureTask.run(FutureTask.java:266)
	at java.util.concurrent.Executors$RunnableAdapter.call(Executors.java:511)
	at java.util.concurrent.FutureTask.run(FutureTask.java:266)
	at java.util.concurrent.ThreadPoolExecutor.runWorker(ThreadPoolExecutor.java:1149)
	at java.util.concurrent.ThreadPoolExecutor$Worker.run(ThreadPoolExecutor.java:624)
	... 1 more
Caused by: org.apache.ratis.thirdparty.io.netty.channel.AbstractChannel$AnnotatedConnectException: Connection refused: /192.168.34.61:40163
	at sun.nio.ch.SocketChannelImpl.checkConnect(Native Method)
	at sun.nio.ch.SocketChannelImpl.finishConnect(SocketChannelImpl.java:717)
	at org.apache.ratis.thirdparty.io.netty.channel.socket.nio.NioSocketChannel.doFinishConnect(NioSocketChannel.java:327)
	at org.apache.ratis.thirdparty.io.netty.channel.nio.AbstractNioChannel$AbstractNioUnsafe.finishConnect(AbstractNioChannel.java:340)
	at org.apache.ratis.thirdparty.io.netty.channel.nio.NioEventLoop.processSelectedKey(NioEventLoop.java:632)
	at org.apache.ratis.thirdparty.io.netty.channel.nio.NioEventLoop.processSelectedKeysOptimized(NioEventLoop.java:579)
	at org.apache.ratis.thirdparty.io.netty.channel.nio.NioEventLoop.processSelectedKeys(NioEventLoop.java:496)
	at org.apache.ratis.thirdparty.io.netty.channel.nio.NioEventLoop.run(NioEventLoop.java:458)
	at org.apache.ratis.thirdparty.io.netty.util.concurrent.SingleThreadEventExecutor$5.run(SingleThreadEventExecutor.java:897)
	at org.apache.ratis.thirdparty.io.netty.util.concurrent.FastThreadLocalRunnable.run(FastThreadLocalRunnable.java:30)
	... 1 more
Caused by: java.net.ConnectException: Connection refused
	... 11 more
2019-11-15 04:25:25,991 [ddd86f17-0fb6-44dc-8f8a-1b8ddc68cc7e@group-C3E515194F35-LeaderElection207] INFO  impl.LeaderElection (LogUtils.java:infoOrTrace(149)) -   Exception 1: {}
java.util.concurrent.ExecutionException: org.apache.ratis.thirdparty.io.grpc.StatusRuntimeException: UNAVAILABLE: io exception
	at java.util.concurrent.FutureTask.report(FutureTask.java:122)
	at java.util.concurrent.FutureTask.get(FutureTask.java:192)
	at org.apache.ratis.server.impl.LeaderElection.waitForResults(LeaderElection.java:259)
	at org.apache.ratis.server.impl.LeaderElection.askForVotes(LeaderElection.java:197)
	at org.apache.ratis.server.impl.LeaderElection.run(LeaderElection.java:133)
	at java.lang.Thread.run(Thread.java:748)
Caused by: org.apache.ratis.thirdparty.io.grpc.StatusRuntimeException: UNAVAILABLE: io exception
	at org.apache.ratis.thirdparty.io.grpc.stub.ClientCalls.toStatusRuntimeException(ClientCalls.java:233)
	at org.apache.ratis.thirdparty.io.grpc.stub.ClientCalls.getUnchecked(ClientCalls.java:214)
	at org.apache.ratis.thirdparty.io.grpc.stub.ClientCalls.blockingUnaryCall(ClientCalls.java:139)
	at org.apache.ratis.proto.grpc.RaftServerProtocolServiceGrpc$RaftServerProtocolServiceBlockingStub.requestVote(RaftServerProtocolServiceGrpc.java:265)
	at org.apache.ratis.grpc.server.GrpcServerProtocolClient.requestVote(GrpcServerProtocolClient.java:99)
	at org.apache.ratis.grpc.server.GrpcService.requestVote(GrpcService.java:204)
	at org.apache.ratis.server.impl.LeaderElection.lambda$submitRequests$1(LeaderElection.java:234)
	at java.util.concurrent.FutureTask.run(FutureTask.java:266)
	at java.util.concurrent.Executors$RunnableAdapter.call(Executors.java:511)
	at java.util.concurrent.FutureTask.run(FutureTask.java:266)
	at java.util.concurrent.ThreadPoolExecutor.runWorker(ThreadPoolExecutor.java:1149)
	at java.util.concurrent.ThreadPoolExecutor$Worker.run(ThreadPoolExecutor.java:624)
	... 1 more
Caused by: org.apache.ratis.thirdparty.io.netty.channel.AbstractChannel$AnnotatedConnectException: Connection refused: /192.168.34.61:34382
	at sun.nio.ch.SocketChannelImpl.checkConnect(Native Method)
	at sun.nio.ch.SocketChannelImpl.finishConnect(SocketChannelImpl.java:717)
	at org.apache.ratis.thirdparty.io.netty.channel.socket.nio.NioSocketChannel.doFinishConnect(NioSocketChannel.java:327)
	at org.apache.ratis.thirdparty.io.netty.channel.nio.AbstractNioChannel$AbstractNioUnsafe.finishConnect(AbstractNioChannel.java:340)
	at org.apache.ratis.thirdparty.io.netty.channel.nio.NioEventLoop.processSelectedKey(NioEventLoop.java:632)
	at org.apache.ratis.thirdparty.io.netty.channel.nio.NioEventLoop.processSelectedKeysOptimized(NioEventLoop.java:579)
	at org.apache.ratis.thirdparty.io.netty.channel.nio.NioEventLoop.processSelectedKeys(NioEventLoop.java:496)
	at org.apache.ratis.thirdparty.io.netty.channel.nio.NioEventLoop.run(NioEventLoop.java:458)
	at org.apache.ratis.thirdparty.io.netty.util.concurrent.SingleThreadEventExecutor$5.run(SingleThreadEventExecutor.java:897)
	at org.apache.ratis.thirdparty.io.netty.util.concurrent.FastThreadLocalRunnable.run(FastThreadLocalRunnable.java:30)
	... 1 more
Caused by: java.net.ConnectException: Connection refused
	... 11 more
2019-11-15 04:25:25,991 [ddd86f17-0fb6-44dc-8f8a-1b8ddc68cc7e@group-C3E515194F35-LeaderElection207] INFO  impl.RaftServerImpl (RaftServerImpl.java:setRole(173)) - ddd86f17-0fb6-44dc-8f8a-1b8ddc68cc7e@group-C3E515194F35: changes role from CANDIDATE to FOLLOWER at term 3 for DISCOVERED_A_NEW_TERM
2019-11-15 04:25:25,991 [ddd86f17-0fb6-44dc-8f8a-1b8ddc68cc7e@group-C3E515194F35-LeaderElection207] INFO  impl.RoleInfo (RoleInfo.java:shutdownLeaderElection(134)) - ddd86f17-0fb6-44dc-8f8a-1b8ddc68cc7e: shutdown LeaderElection
2019-11-15 04:25:25,991 [ddd86f17-0fb6-44dc-8f8a-1b8ddc68cc7e@group-C3E515194F35-LeaderElection207] INFO  impl.RoleInfo (RoleInfo.java:updateAndGet(143)) - ddd86f17-0fb6-44dc-8f8a-1b8ddc68cc7e: start FollowerState
2019-11-15 04:25:26,993 [Thread-4117] INFO  impl.FollowerState (FollowerState.java:run(111)) - be6365c1-8fb2-47f9-87b1-78a3fb38138b@group-B41F48618BA6-FollowerState: change to CANDIDATE, lastRpcTime:1193ms, electionTimeout:1193ms
2019-11-15 04:25:26,993 [Thread-4117] INFO  impl.RoleInfo (RoleInfo.java:shutdownFollowerState(121)) - be6365c1-8fb2-47f9-87b1-78a3fb38138b: shutdown FollowerState
2019-11-15 04:25:26,994 [Thread-4117] INFO  impl.RaftServerImpl (RaftServerImpl.java:setRole(173)) - be6365c1-8fb2-47f9-87b1-78a3fb38138b@group-B41F48618BA6: changes role from  FOLLOWER to CANDIDATE at term 18 for changeToCandidate
2019-11-15 04:25:26,994 [Thread-4117] INFO  impl.RoleInfo (RoleInfo.java:updateAndGet(143)) - be6365c1-8fb2-47f9-87b1-78a3fb38138b: start LeaderElection
2019-11-15 04:25:27,025 [be6365c1-8fb2-47f9-87b1-78a3fb38138b@group-B41F48618BA6-LeaderElection208] INFO  impl.LeaderElection (LeaderElection.java:askForVotes(178)) - be6365c1-8fb2-47f9-87b1-78a3fb38138b@group-B41F48618BA6-LeaderElection208: begin an election at term 19 for 5: [b8480f98-5c77-4f73-b6b9-e737b10a7f9e:192.168.34.61:32848, be6365c1-8fb2-47f9-87b1-78a3fb38138b:192.168.34.61:44393, f15e9ea2-ac28-4081-8e04-15028e251385:192.168.34.61:44094], old=null
2019-11-15 04:25:27,027 [be6365c1-8fb2-47f9-87b1-78a3fb38138b@group-B41F48618BA6-LeaderElection208] INFO  impl.LeaderElection (LogUtils.java:infoOrTrace(149)) - be6365c1-8fb2-47f9-87b1-78a3fb38138b@group-B41F48618BA6-LeaderElection208 got exception when requesting votes: {}
java.util.concurrent.ExecutionException: org.apache.ratis.thirdparty.io.grpc.StatusRuntimeException: UNAVAILABLE: io exception
	at java.util.concurrent.FutureTask.report(FutureTask.java:122)
	at java.util.concurrent.FutureTask.get(FutureTask.java:192)
	at org.apache.ratis.server.impl.LeaderElection.waitForResults(LeaderElection.java:259)
	at org.apache.ratis.server.impl.LeaderElection.askForVotes(LeaderElection.java:197)
	at org.apache.ratis.server.impl.LeaderElection.run(LeaderElection.java:133)
	at java.lang.Thread.run(Thread.java:748)
Caused by: org.apache.ratis.thirdparty.io.grpc.StatusRuntimeException: UNAVAILABLE: io exception
	at org.apache.ratis.thirdparty.io.grpc.stub.ClientCalls.toStatusRuntimeException(ClientCalls.java:233)
	at org.apache.ratis.thirdparty.io.grpc.stub.ClientCalls.getUnchecked(ClientCalls.java:214)
	at org.apache.ratis.thirdparty.io.grpc.stub.ClientCalls.blockingUnaryCall(ClientCalls.java:139)
	at org.apache.ratis.proto.grpc.RaftServerProtocolServiceGrpc$RaftServerProtocolServiceBlockingStub.requestVote(RaftServerProtocolServiceGrpc.java:265)
	at org.apache.ratis.grpc.server.GrpcServerProtocolClient.requestVote(GrpcServerProtocolClient.java:99)
	at org.apache.ratis.grpc.server.GrpcService.requestVote(GrpcService.java:204)
	at org.apache.ratis.server.impl.LeaderElection.lambda$submitRequests$1(LeaderElection.java:234)
	at java.util.concurrent.FutureTask.run(FutureTask.java:266)
	at java.util.concurrent.Executors$RunnableAdapter.call(Executors.java:511)
	at java.util.concurrent.FutureTask.run(FutureTask.java:266)
	at java.util.concurrent.ThreadPoolExecutor.runWorker(ThreadPoolExecutor.java:1149)
	at java.util.concurrent.ThreadPoolExecutor$Worker.run(ThreadPoolExecutor.java:624)
	... 1 more
Caused by: org.apache.ratis.thirdparty.io.netty.channel.AbstractChannel$AnnotatedConnectException: Connection refused: /192.168.34.61:32848
	at sun.nio.ch.SocketChannelImpl.checkConnect(Native Method)
	at sun.nio.ch.SocketChannelImpl.finishConnect(SocketChannelImpl.java:717)
	at org.apache.ratis.thirdparty.io.netty.channel.socket.nio.NioSocketChannel.doFinishConnect(NioSocketChannel.java:327)
	at org.apache.ratis.thirdparty.io.netty.channel.nio.AbstractNioChannel$AbstractNioUnsafe.finishConnect(AbstractNioChannel.java:340)
	at org.apache.ratis.thirdparty.io.netty.channel.nio.NioEventLoop.processSelectedKey(NioEventLoop.java:632)
	at org.apache.ratis.thirdparty.io.netty.channel.nio.NioEventLoop.processSelectedKeysOptimized(NioEventLoop.java:579)
	at org.apache.ratis.thirdparty.io.netty.channel.nio.NioEventLoop.processSelectedKeys(NioEventLoop.java:496)
	at org.apache.ratis.thirdparty.io.netty.channel.nio.NioEventLoop.run(NioEventLoop.java:458)
	at org.apache.ratis.thirdparty.io.netty.util.concurrent.SingleThreadEventExecutor$5.run(SingleThreadEventExecutor.java:897)
	at org.apache.ratis.thirdparty.io.netty.util.concurrent.FastThreadLocalRunnable.run(FastThreadLocalRunnable.java:30)
	... 1 more
Caused by: java.net.ConnectException: Connection refused
	... 11 more
2019-11-15 04:25:27,028 [be6365c1-8fb2-47f9-87b1-78a3fb38138b@group-B41F48618BA6-LeaderElection208] INFO  impl.LeaderElection (LogUtils.java:infoOrTrace(149)) - be6365c1-8fb2-47f9-87b1-78a3fb38138b@group-B41F48618BA6-LeaderElection208 got exception when requesting votes: {}
java.util.concurrent.ExecutionException: org.apache.ratis.thirdparty.io.grpc.StatusRuntimeException: UNAVAILABLE: io exception
	at java.util.concurrent.FutureTask.report(FutureTask.java:122)
	at java.util.concurrent.FutureTask.get(FutureTask.java:192)
	at org.apache.ratis.server.impl.LeaderElection.waitForResults(LeaderElection.java:259)
	at org.apache.ratis.server.impl.LeaderElection.askForVotes(LeaderElection.java:197)
	at org.apache.ratis.server.impl.LeaderElection.run(LeaderElection.java:133)
	at java.lang.Thread.run(Thread.java:748)
Caused by: org.apache.ratis.thirdparty.io.grpc.StatusRuntimeException: UNAVAILABLE: io exception
	at org.apache.ratis.thirdparty.io.grpc.stub.ClientCalls.toStatusRuntimeException(ClientCalls.java:233)
	at org.apache.ratis.thirdparty.io.grpc.stub.ClientCalls.getUnchecked(ClientCalls.java:214)
	at org.apache.ratis.thirdparty.io.grpc.stub.ClientCalls.blockingUnaryCall(ClientCalls.java:139)
	at org.apache.ratis.proto.grpc.RaftServerProtocolServiceGrpc$RaftServerProtocolServiceBlockingStub.requestVote(RaftServerProtocolServiceGrpc.java:265)
	at org.apache.ratis.grpc.server.GrpcServerProtocolClient.requestVote(GrpcServerProtocolClient.java:99)
	at org.apache.ratis.grpc.server.GrpcService.requestVote(GrpcService.java:204)
	at org.apache.ratis.server.impl.LeaderElection.lambda$submitRequests$1(LeaderElection.java:234)
	at java.util.concurrent.FutureTask.run(FutureTask.java:266)
	at java.util.concurrent.Executors$RunnableAdapter.call(Executors.java:511)
	at java.util.concurrent.FutureTask.run(FutureTask.java:266)
	at java.util.concurrent.ThreadPoolExecutor.runWorker(ThreadPoolExecutor.java:1149)
	at java.util.concurrent.ThreadPoolExecutor$Worker.run(ThreadPoolExecutor.java:624)
	... 1 more
Caused by: org.apache.ratis.thirdparty.io.netty.channel.AbstractChannel$AnnotatedConnectException: Connection refused: /192.168.34.61:44094
	at sun.nio.ch.SocketChannelImpl.checkConnect(Native Method)
	at sun.nio.ch.SocketChannelImpl.finishConnect(SocketChannelImpl.java:717)
	at org.apache.ratis.thirdparty.io.netty.channel.socket.nio.NioSocketChannel.doFinishConnect(NioSocketChannel.java:327)
	at org.apache.ratis.thirdparty.io.netty.channel.nio.AbstractNioChannel$AbstractNioUnsafe.finishConnect(AbstractNioChannel.java:340)
	at org.apache.ratis.thirdparty.io.netty.channel.nio.NioEventLoop.processSelectedKey(NioEventLoop.java:632)
	at org.apache.ratis.thirdparty.io.netty.channel.nio.NioEventLoop.processSelectedKeysOptimized(NioEventLoop.java:579)
	at org.apache.ratis.thirdparty.io.netty.channel.nio.NioEventLoop.processSelectedKeys(NioEventLoop.java:496)
	at org.apache.ratis.thirdparty.io.netty.channel.nio.NioEventLoop.run(NioEventLoop.java:458)
	at org.apache.ratis.thirdparty.io.netty.util.concurrent.SingleThreadEventExecutor$5.run(SingleThreadEventExecutor.java:897)
	at org.apache.ratis.thirdparty.io.netty.util.concurrent.FastThreadLocalRunnable.run(FastThreadLocalRunnable.java:30)
	... 1 more
Caused by: java.net.ConnectException: Connection refused
	... 11 more
2019-11-15 04:25:27,028 [be6365c1-8fb2-47f9-87b1-78a3fb38138b@group-B41F48618BA6-LeaderElection208] INFO  impl.LeaderElection (LeaderElection.java:logAndReturn(56)) - be6365c1-8fb2-47f9-87b1-78a3fb38138b@group-B41F48618BA6-LeaderElection208: Election REJECTED; received 0 response(s) [] and 2 exception(s); be6365c1-8fb2-47f9-87b1-78a3fb38138b@group-B41F48618BA6:t19, leader=null, voted=be6365c1-8fb2-47f9-87b1-78a3fb38138b, raftlog=be6365c1-8fb2-47f9-87b1-78a3fb38138b@group-B41F48618BA6-SegmentedRaftLog:OPENED:c6,f6,i6, conf=5: [b8480f98-5c77-4f73-b6b9-e737b10a7f9e:192.168.34.61:32848, be6365c1-8fb2-47f9-87b1-78a3fb38138b:192.168.34.61:44393, f15e9ea2-ac28-4081-8e04-15028e251385:192.168.34.61:44094], old=null
2019-11-15 04:25:27,028 [be6365c1-8fb2-47f9-87b1-78a3fb38138b@group-B41F48618BA6-LeaderElection208] INFO  impl.LeaderElection (LogUtils.java:infoOrTrace(149)) -   Exception 0: {}
java.util.concurrent.ExecutionException: org.apache.ratis.thirdparty.io.grpc.StatusRuntimeException: UNAVAILABLE: io exception
	at java.util.concurrent.FutureTask.report(FutureTask.java:122)
	at java.util.concurrent.FutureTask.get(FutureTask.java:192)
	at org.apache.ratis.server.impl.LeaderElection.waitForResults(LeaderElection.java:259)
	at org.apache.ratis.server.impl.LeaderElection.askForVotes(LeaderElection.java:197)
	at org.apache.ratis.server.impl.LeaderElection.run(LeaderElection.java:133)
	at java.lang.Thread.run(Thread.java:748)
Caused by: org.apache.ratis.thirdparty.io.grpc.StatusRuntimeException: UNAVAILABLE: io exception
	at org.apache.ratis.thirdparty.io.grpc.stub.ClientCalls.toStatusRuntimeException(ClientCalls.java:233)
	at org.apache.ratis.thirdparty.io.grpc.stub.ClientCalls.getUnchecked(ClientCalls.java:214)
	at org.apache.ratis.thirdparty.io.grpc.stub.ClientCalls.blockingUnaryCall(ClientCalls.java:139)
	at org.apache.ratis.proto.grpc.RaftServerProtocolServiceGrpc$RaftServerProtocolServiceBlockingStub.requestVote(RaftServerProtocolServiceGrpc.java:265)
	at org.apache.ratis.grpc.server.GrpcServerProtocolClient.requestVote(GrpcServerProtocolClient.java:99)
	at org.apache.ratis.grpc.server.GrpcService.requestVote(GrpcService.java:204)
	at org.apache.ratis.server.impl.LeaderElection.lambda$submitRequests$1(LeaderElection.java:234)
	at java.util.concurrent.FutureTask.run(FutureTask.java:266)
	at java.util.concurrent.Executors$RunnableAdapter.call(Executors.java:511)
	at java.util.concurrent.FutureTask.run(FutureTask.java:266)
	at java.util.concurrent.ThreadPoolExecutor.runWorker(ThreadPoolExecutor.java:1149)
	at java.util.concurrent.ThreadPoolExecutor$Worker.run(ThreadPoolExecutor.java:624)
	... 1 more
Caused by: org.apache.ratis.thirdparty.io.netty.channel.AbstractChannel$AnnotatedConnectException: Connection refused: /192.168.34.61:32848
	at sun.nio.ch.SocketChannelImpl.checkConnect(Native Method)
	at sun.nio.ch.SocketChannelImpl.finishConnect(SocketChannelImpl.java:717)
	at org.apache.ratis.thirdparty.io.netty.channel.socket.nio.NioSocketChannel.doFinishConnect(NioSocketChannel.java:327)
	at org.apache.ratis.thirdparty.io.netty.channel.nio.AbstractNioChannel$AbstractNioUnsafe.finishConnect(AbstractNioChannel.java:340)
	at org.apache.ratis.thirdparty.io.netty.channel.nio.NioEventLoop.processSelectedKey(NioEventLoop.java:632)
	at org.apache.ratis.thirdparty.io.netty.channel.nio.NioEventLoop.processSelectedKeysOptimized(NioEventLoop.java:579)
	at org.apache.ratis.thirdparty.io.netty.channel.nio.NioEventLoop.processSelectedKeys(NioEventLoop.java:496)
	at org.apache.ratis.thirdparty.io.netty.channel.nio.NioEventLoop.run(NioEventLoop.java:458)
	at org.apache.ratis.thirdparty.io.netty.util.concurrent.SingleThreadEventExecutor$5.run(SingleThreadEventExecutor.java:897)
	at org.apache.ratis.thirdparty.io.netty.util.concurrent.FastThreadLocalRunnable.run(FastThreadLocalRunnable.java:30)
	... 1 more
Caused by: java.net.ConnectException: Connection refused
	... 11 more
2019-11-15 04:25:27,029 [be6365c1-8fb2-47f9-87b1-78a3fb38138b@group-B41F48618BA6-LeaderElection208] INFO  impl.LeaderElection (LogUtils.java:infoOrTrace(149)) -   Exception 1: {}
java.util.concurrent.ExecutionException: org.apache.ratis.thirdparty.io.grpc.StatusRuntimeException: UNAVAILABLE: io exception
	at java.util.concurrent.FutureTask.report(FutureTask.java:122)
	at java.util.concurrent.FutureTask.get(FutureTask.java:192)
	at org.apache.ratis.server.impl.LeaderElection.waitForResults(LeaderElection.java:259)
	at org.apache.ratis.server.impl.LeaderElection.askForVotes(LeaderElection.java:197)
	at org.apache.ratis.server.impl.LeaderElection.run(LeaderElection.java:133)
	at java.lang.Thread.run(Thread.java:748)
Caused by: org.apache.ratis.thirdparty.io.grpc.StatusRuntimeException: UNAVAILABLE: io exception
	at org.apache.ratis.thirdparty.io.grpc.stub.ClientCalls.toStatusRuntimeException(ClientCalls.java:233)
	at org.apache.ratis.thirdparty.io.grpc.stub.ClientCalls.getUnchecked(ClientCalls.java:214)
	at org.apache.ratis.thirdparty.io.grpc.stub.ClientCalls.blockingUnaryCall(ClientCalls.java:139)
	at org.apache.ratis.proto.grpc.RaftServerProtocolServiceGrpc$RaftServerProtocolServiceBlockingStub.requestVote(RaftServerProtocolServiceGrpc.java:265)
	at org.apache.ratis.grpc.server.GrpcServerProtocolClient.requestVote(GrpcServerProtocolClient.java:99)
	at org.apache.ratis.grpc.server.GrpcService.requestVote(GrpcService.java:204)
	at org.apache.ratis.server.impl.LeaderElection.lambda$submitRequests$1(LeaderElection.java:234)
	at java.util.concurrent.FutureTask.run(FutureTask.java:266)
	at java.util.concurrent.Executors$RunnableAdapter.call(Executors.java:511)
	at java.util.concurrent.FutureTask.run(FutureTask.java:266)
	at java.util.concurrent.ThreadPoolExecutor.runWorker(ThreadPoolExecutor.java:1149)
	at java.util.concurrent.ThreadPoolExecutor$Worker.run(ThreadPoolExecutor.java:624)
	... 1 more
Caused by: org.apache.ratis.thirdparty.io.netty.channel.AbstractChannel$AnnotatedConnectException: Connection refused: /192.168.34.61:44094
	at sun.nio.ch.SocketChannelImpl.checkConnect(Native Method)
	at sun.nio.ch.SocketChannelImpl.finishConnect(SocketChannelImpl.java:717)
	at org.apache.ratis.thirdparty.io.netty.channel.socket.nio.NioSocketChannel.doFinishConnect(NioSocketChannel.java:327)
	at org.apache.ratis.thirdparty.io.netty.channel.nio.AbstractNioChannel$AbstractNioUnsafe.finishConnect(AbstractNioChannel.java:340)
	at org.apache.ratis.thirdparty.io.netty.channel.nio.NioEventLoop.processSelectedKey(NioEventLoop.java:632)
	at org.apache.ratis.thirdparty.io.netty.channel.nio.NioEventLoop.processSelectedKeysOptimized(NioEventLoop.java:579)
	at org.apache.ratis.thirdparty.io.netty.channel.nio.NioEventLoop.processSelectedKeys(NioEventLoop.java:496)
	at org.apache.ratis.thirdparty.io.netty.channel.nio.NioEventLoop.run(NioEventLoop.java:458)
	at org.apache.ratis.thirdparty.io.netty.util.concurrent.SingleThreadEventExecutor$5.run(SingleThreadEventExecutor.java:897)
	at org.apache.ratis.thirdparty.io.netty.util.concurrent.FastThreadLocalRunnable.run(FastThreadLocalRunnable.java:30)
	... 1 more
Caused by: java.net.ConnectException: Connection refused
	... 11 more
2019-11-15 04:25:27,029 [be6365c1-8fb2-47f9-87b1-78a3fb38138b@group-B41F48618BA6-LeaderElection208] INFO  impl.RaftServerImpl (RaftServerImpl.java:setRole(173)) - be6365c1-8fb2-47f9-87b1-78a3fb38138b@group-B41F48618BA6: changes role from CANDIDATE to FOLLOWER at term 19 for DISCOVERED_A_NEW_TERM
2019-11-15 04:25:27,029 [be6365c1-8fb2-47f9-87b1-78a3fb38138b@group-B41F48618BA6-LeaderElection208] INFO  impl.RoleInfo (RoleInfo.java:shutdownLeaderElection(134)) - be6365c1-8fb2-47f9-87b1-78a3fb38138b: shutdown LeaderElection
2019-11-15 04:25:27,030 [be6365c1-8fb2-47f9-87b1-78a3fb38138b@group-B41F48618BA6-LeaderElection208] INFO  impl.RoleInfo (RoleInfo.java:updateAndGet(143)) - be6365c1-8fb2-47f9-87b1-78a3fb38138b: start FollowerState
2019-11-15 04:25:27,182 [Thread-4121] INFO  impl.FollowerState (FollowerState.java:run(111)) - ddd86f17-0fb6-44dc-8f8a-1b8ddc68cc7e@group-C3E515194F35-FollowerState: change to CANDIDATE, lastRpcTime:1190ms, electionTimeout:1190ms
2019-11-15 04:25:27,182 [Thread-4121] INFO  impl.RoleInfo (RoleInfo.java:shutdownFollowerState(121)) - ddd86f17-0fb6-44dc-8f8a-1b8ddc68cc7e: shutdown FollowerState
2019-11-15 04:25:27,182 [Thread-4121] INFO  impl.RaftServerImpl (RaftServerImpl.java:setRole(173)) - ddd86f17-0fb6-44dc-8f8a-1b8ddc68cc7e@group-C3E515194F35: changes role from  FOLLOWER to CANDIDATE at term 3 for changeToCandidate
2019-11-15 04:25:27,182 [Thread-4121] INFO  impl.RoleInfo (RoleInfo.java:updateAndGet(143)) - ddd86f17-0fb6-44dc-8f8a-1b8ddc68cc7e: start LeaderElection
2019-11-15 04:25:27,208 [ddd86f17-0fb6-44dc-8f8a-1b8ddc68cc7e@group-C3E515194F35-LeaderElection209] INFO  impl.LeaderElection (LeaderElection.java:askForVotes(178)) - ddd86f17-0fb6-44dc-8f8a-1b8ddc68cc7e@group-C3E515194F35-LeaderElection209: begin an election at term 4 for 6: [ba7b154f-e59a-417b-969a-e8c75d4b6746:192.168.34.61:40163, ddd86f17-0fb6-44dc-8f8a-1b8ddc68cc7e:192.168.34.61:37754, 8e34abce-4df2-4d13-822a-b9906190a447:192.168.34.61:34382], old=null
2019-11-15 04:25:27,209 [ddd86f17-0fb6-44dc-8f8a-1b8ddc68cc7e@group-C3E515194F35-LeaderElection209] INFO  impl.LeaderElection (LogUtils.java:infoOrTrace(149)) - ddd86f17-0fb6-44dc-8f8a-1b8ddc68cc7e@group-C3E515194F35-LeaderElection209 got exception when requesting votes: {}
java.util.concurrent.ExecutionException: org.apache.ratis.thirdparty.io.grpc.StatusRuntimeException: UNAVAILABLE: io exception
	at java.util.concurrent.FutureTask.report(FutureTask.java:122)
	at java.util.concurrent.FutureTask.get(FutureTask.java:192)
	at org.apache.ratis.server.impl.LeaderElection.waitForResults(LeaderElection.java:259)
	at org.apache.ratis.server.impl.LeaderElection.askForVotes(LeaderElection.java:197)
	at org.apache.ratis.server.impl.LeaderElection.run(LeaderElection.java:133)
	at java.lang.Thread.run(Thread.java:748)
Caused by: org.apache.ratis.thirdparty.io.grpc.StatusRuntimeException: UNAVAILABLE: io exception
	at org.apache.ratis.thirdparty.io.grpc.stub.ClientCalls.toStatusRuntimeException(ClientCalls.java:233)
	at org.apache.ratis.thirdparty.io.grpc.stub.ClientCalls.getUnchecked(ClientCalls.java:214)
	at org.apache.ratis.thirdparty.io.grpc.stub.ClientCalls.blockingUnaryCall(ClientCalls.java:139)
	at org.apache.ratis.proto.grpc.RaftServerProtocolServiceGrpc$RaftServerProtocolServiceBlockingStub.requestVote(RaftServerProtocolServiceGrpc.java:265)
	at org.apache.ratis.grpc.server.GrpcServerProtocolClient.requestVote(GrpcServerProtocolClient.java:99)
	at org.apache.ratis.grpc.server.GrpcService.requestVote(GrpcService.java:204)
	at org.apache.ratis.server.impl.LeaderElection.lambda$submitRequests$1(LeaderElection.java:234)
	at java.util.concurrent.FutureTask.run(FutureTask.java:266)
	at java.util.concurrent.Executors$RunnableAdapter.call(Executors.java:511)
	at java.util.concurrent.FutureTask.run(FutureTask.java:266)
	at java.util.concurrent.ThreadPoolExecutor.runWorker(ThreadPoolExecutor.java:1149)
	at java.util.concurrent.ThreadPoolExecutor$Worker.run(ThreadPoolExecutor.java:624)
	... 1 more
Caused by: org.apache.ratis.thirdparty.io.netty.channel.AbstractChannel$AnnotatedConnectException: Connection refused: /192.168.34.61:40163
	at sun.nio.ch.SocketChannelImpl.checkConnect(Native Method)
	at sun.nio.ch.SocketChannelImpl.finishConnect(SocketChannelImpl.java:717)
	at org.apache.ratis.thirdparty.io.netty.channel.socket.nio.NioSocketChannel.doFinishConnect(NioSocketChannel.java:327)
	at org.apache.ratis.thirdparty.io.netty.channel.nio.AbstractNioChannel$AbstractNioUnsafe.finishConnect(AbstractNioChannel.java:340)
	at org.apache.ratis.thirdparty.io.netty.channel.nio.NioEventLoop.processSelectedKey(NioEventLoop.java:632)
	at org.apache.ratis.thirdparty.io.netty.channel.nio.NioEventLoop.processSelectedKeysOptimized(NioEventLoop.java:579)
	at org.apache.ratis.thirdparty.io.netty.channel.nio.NioEventLoop.processSelectedKeys(NioEventLoop.java:496)
	at org.apache.ratis.thirdparty.io.netty.channel.nio.NioEventLoop.run(NioEventLoop.java:458)
	at org.apache.ratis.thirdparty.io.netty.util.concurrent.SingleThreadEventExecutor$5.run(SingleThreadEventExecutor.java:897)
	at org.apache.ratis.thirdparty.io.netty.util.concurrent.FastThreadLocalRunnable.run(FastThreadLocalRunnable.java:30)
	... 1 more
Caused by: java.net.ConnectException: Connection refused
	... 11 more
2019-11-15 04:25:27,209 [ddd86f17-0fb6-44dc-8f8a-1b8ddc68cc7e@group-C3E515194F35-LeaderElection209] INFO  impl.LeaderElection (LogUtils.java:infoOrTrace(149)) - ddd86f17-0fb6-44dc-8f8a-1b8ddc68cc7e@group-C3E515194F35-LeaderElection209 got exception when requesting votes: {}
java.util.concurrent.ExecutionException: org.apache.ratis.thirdparty.io.grpc.StatusRuntimeException: UNAVAILABLE: io exception
	at java.util.concurrent.FutureTask.report(FutureTask.java:122)
	at java.util.concurrent.FutureTask.get(FutureTask.java:192)
	at org.apache.ratis.server.impl.LeaderElection.waitForResults(LeaderElection.java:259)
	at org.apache.ratis.server.impl.LeaderElection.askForVotes(LeaderElection.java:197)
	at org.apache.ratis.server.impl.LeaderElection.run(LeaderElection.java:133)
	at java.lang.Thread.run(Thread.java:748)
Caused by: org.apache.ratis.thirdparty.io.grpc.StatusRuntimeException: UNAVAILABLE: io exception
	at org.apache.ratis.thirdparty.io.grpc.stub.ClientCalls.toStatusRuntimeException(ClientCalls.java:233)
	at org.apache.ratis.thirdparty.io.grpc.stub.ClientCalls.getUnchecked(ClientCalls.java:214)
	at org.apache.ratis.thirdparty.io.grpc.stub.ClientCalls.blockingUnaryCall(ClientCalls.java:139)
	at org.apache.ratis.proto.grpc.RaftServerProtocolServiceGrpc$RaftServerProtocolServiceBlockingStub.requestVote(RaftServerProtocolServiceGrpc.java:265)
	at org.apache.ratis.grpc.server.GrpcServerProtocolClient.requestVote(GrpcServerProtocolClient.java:99)
	at org.apache.ratis.grpc.server.GrpcService.requestVote(GrpcService.java:204)
	at org.apache.ratis.server.impl.LeaderElection.lambda$submitRequests$1(LeaderElection.java:234)
	at java.util.concurrent.FutureTask.run(FutureTask.java:266)
	at java.util.concurrent.Executors$RunnableAdapter.call(Executors.java:511)
	at java.util.concurrent.FutureTask.run(FutureTask.java:266)
	at java.util.concurrent.ThreadPoolExecutor.runWorker(ThreadPoolExecutor.java:1149)
	at java.util.concurrent.ThreadPoolExecutor$Worker.run(ThreadPoolExecutor.java:624)
	... 1 more
Caused by: org.apache.ratis.thirdparty.io.netty.channel.AbstractChannel$AnnotatedConnectException: Connection refused: /192.168.34.61:34382
	at sun.nio.ch.SocketChannelImpl.checkConnect(Native Method)
	at sun.nio.ch.SocketChannelImpl.finishConnect(SocketChannelImpl.java:717)
	at org.apache.ratis.thirdparty.io.netty.channel.socket.nio.NioSocketChannel.doFinishConnect(NioSocketChannel.java:327)
	at org.apache.ratis.thirdparty.io.netty.channel.nio.AbstractNioChannel$AbstractNioUnsafe.finishConnect(AbstractNioChannel.java:340)
	at org.apache.ratis.thirdparty.io.netty.channel.nio.NioEventLoop.processSelectedKey(NioEventLoop.java:632)
	at org.apache.ratis.thirdparty.io.netty.channel.nio.NioEventLoop.processSelectedKeysOptimized(NioEventLoop.java:579)
	at org.apache.ratis.thirdparty.io.netty.channel.nio.NioEventLoop.processSelectedKeys(NioEventLoop.java:496)
	at org.apache.ratis.thirdparty.io.netty.channel.nio.NioEventLoop.run(NioEventLoop.java:458)
	at org.apache.ratis.thirdparty.io.netty.util.concurrent.SingleThreadEventExecutor$5.run(SingleThreadEventExecutor.java:897)
	at org.apache.ratis.thirdparty.io.netty.util.concurrent.FastThreadLocalRunnable.run(FastThreadLocalRunnable.java:30)
	... 1 more
Caused by: java.net.ConnectException: Connection refused
	... 11 more
2019-11-15 04:25:27,209 [ddd86f17-0fb6-44dc-8f8a-1b8ddc68cc7e@group-C3E515194F35-LeaderElection209] INFO  impl.LeaderElection (LeaderElection.java:logAndReturn(56)) - ddd86f17-0fb6-44dc-8f8a-1b8ddc68cc7e@group-C3E515194F35-LeaderElection209: Election REJECTED; received 0 response(s) [] and 2 exception(s); ddd86f17-0fb6-44dc-8f8a-1b8ddc68cc7e@group-C3E515194F35:t4, leader=null, voted=ddd86f17-0fb6-44dc-8f8a-1b8ddc68cc7e, raftlog=ddd86f17-0fb6-44dc-8f8a-1b8ddc68cc7e@group-C3E515194F35-SegmentedRaftLog:OPENED:c7,f7,i7, conf=6: [ba7b154f-e59a-417b-969a-e8c75d4b6746:192.168.34.61:40163, ddd86f17-0fb6-44dc-8f8a-1b8ddc68cc7e:192.168.34.61:37754, 8e34abce-4df2-4d13-822a-b9906190a447:192.168.34.61:34382], old=null
2019-11-15 04:25:27,209 [ddd86f17-0fb6-44dc-8f8a-1b8ddc68cc7e@group-C3E515194F35-LeaderElection209] INFO  impl.LeaderElection (LogUtils.java:infoOrTrace(149)) -   Exception 0: {}
java.util.concurrent.ExecutionException: org.apache.ratis.thirdparty.io.grpc.StatusRuntimeException: UNAVAILABLE: io exception
	at java.util.concurrent.FutureTask.report(FutureTask.java:122)
	at java.util.concurrent.FutureTask.get(FutureTask.java:192)
	at org.apache.ratis.server.impl.LeaderElection.waitForResults(LeaderElection.java:259)
	at org.apache.ratis.server.impl.LeaderElection.askForVotes(LeaderElection.java:197)
	at org.apache.ratis.server.impl.LeaderElection.run(LeaderElection.java:133)
	at java.lang.Thread.run(Thread.java:748)
Caused by: org.apache.ratis.thirdparty.io.grpc.StatusRuntimeException: UNAVAILABLE: io exception
	at org.apache.ratis.thirdparty.io.grpc.stub.ClientCalls.toStatusRuntimeException(ClientCalls.java:233)
	at org.apache.ratis.thirdparty.io.grpc.stub.ClientCalls.getUnchecked(ClientCalls.java:214)
	at org.apache.ratis.thirdparty.io.grpc.stub.ClientCalls.blockingUnaryCall(ClientCalls.java:139)
	at org.apache.ratis.proto.grpc.RaftServerProtocolServiceGrpc$RaftServerProtocolServiceBlockingStub.requestVote(RaftServerProtocolServiceGrpc.java:265)
	at org.apache.ratis.grpc.server.GrpcServerProtocolClient.requestVote(GrpcServerProtocolClient.java:99)
	at org.apache.ratis.grpc.server.GrpcService.requestVote(GrpcService.java:204)
	at org.apache.ratis.server.impl.LeaderElection.lambda$submitRequests$1(LeaderElection.java:234)
	at java.util.concurrent.FutureTask.run(FutureTask.java:266)
	at java.util.concurrent.Executors$RunnableAdapter.call(Executors.java:511)
	at java.util.concurrent.FutureTask.run(FutureTask.java:266)
	at java.util.concurrent.ThreadPoolExecutor.runWorker(ThreadPoolExecutor.java:1149)
	at java.util.concurrent.ThreadPoolExecutor$Worker.run(ThreadPoolExecutor.java:624)
	... 1 more
Caused by: org.apache.ratis.thirdparty.io.netty.channel.AbstractChannel$AnnotatedConnectException: Connection refused: /192.168.34.61:40163
	at sun.nio.ch.SocketChannelImpl.checkConnect(Native Method)
	at sun.nio.ch.SocketChannelImpl.finishConnect(SocketChannelImpl.java:717)
	at org.apache.ratis.thirdparty.io.netty.channel.socket.nio.NioSocketChannel.doFinishConnect(NioSocketChannel.java:327)
	at org.apache.ratis.thirdparty.io.netty.channel.nio.AbstractNioChannel$AbstractNioUnsafe.finishConnect(AbstractNioChannel.java:340)
	at org.apache.ratis.thirdparty.io.netty.channel.nio.NioEventLoop.processSelectedKey(NioEventLoop.java:632)
	at org.apache.ratis.thirdparty.io.netty.channel.nio.NioEventLoop.processSelectedKeysOptimized(NioEventLoop.java:579)
	at org.apache.ratis.thirdparty.io.netty.channel.nio.NioEventLoop.processSelectedKeys(NioEventLoop.java:496)
	at org.apache.ratis.thirdparty.io.netty.channel.nio.NioEventLoop.run(NioEventLoop.java:458)
	at org.apache.ratis.thirdparty.io.netty.util.concurrent.SingleThreadEventExecutor$5.run(SingleThreadEventExecutor.java:897)
	at org.apache.ratis.thirdparty.io.netty.util.concurrent.FastThreadLocalRunnable.run(FastThreadLocalRunnable.java:30)
	... 1 more
Caused by: java.net.ConnectException: Connection refused
	... 11 more
2019-11-15 04:25:27,210 [ddd86f17-0fb6-44dc-8f8a-1b8ddc68cc7e@group-C3E515194F35-LeaderElection209] INFO  impl.LeaderElection (LogUtils.java:infoOrTrace(149)) -   Exception 1: {}
java.util.concurrent.ExecutionException: org.apache.ratis.thirdparty.io.grpc.StatusRuntimeException: UNAVAILABLE: io exception
	at java.util.concurrent.FutureTask.report(FutureTask.java:122)
	at java.util.concurrent.FutureTask.get(FutureTask.java:192)
	at org.apache.ratis.server.impl.LeaderElection.waitForResults(LeaderElection.java:259)
	at org.apache.ratis.server.impl.LeaderElection.askForVotes(LeaderElection.java:197)
	at org.apache.ratis.server.impl.LeaderElection.run(LeaderElection.java:133)
	at java.lang.Thread.run(Thread.java:748)
Caused by: org.apache.ratis.thirdparty.io.grpc.StatusRuntimeException: UNAVAILABLE: io exception
	at org.apache.ratis.thirdparty.io.grpc.stub.ClientCalls.toStatusRuntimeException(ClientCalls.java:233)
	at org.apache.ratis.thirdparty.io.grpc.stub.ClientCalls.getUnchecked(ClientCalls.java:214)
	at org.apache.ratis.thirdparty.io.grpc.stub.ClientCalls.blockingUnaryCall(ClientCalls.java:139)
	at org.apache.ratis.proto.grpc.RaftServerProtocolServiceGrpc$RaftServerProtocolServiceBlockingStub.requestVote(RaftServerProtocolServiceGrpc.java:265)
	at org.apache.ratis.grpc.server.GrpcServerProtocolClient.requestVote(GrpcServerProtocolClient.java:99)
	at org.apache.ratis.grpc.server.GrpcService.requestVote(GrpcService.java:204)
	at org.apache.ratis.server.impl.LeaderElection.lambda$submitRequests$1(LeaderElection.java:234)
	at java.util.concurrent.FutureTask.run(FutureTask.java:266)
	at java.util.concurrent.Executors$RunnableAdapter.call(Executors.java:511)
	at java.util.concurrent.FutureTask.run(FutureTask.java:266)
	at java.util.concurrent.ThreadPoolExecutor.runWorker(ThreadPoolExecutor.java:1149)
	at java.util.concurrent.ThreadPoolExecutor$Worker.run(ThreadPoolExecutor.java:624)
	... 1 more
Caused by: org.apache.ratis.thirdparty.io.netty.channel.AbstractChannel$AnnotatedConnectException: Connection refused: /192.168.34.61:34382
	at sun.nio.ch.SocketChannelImpl.checkConnect(Native Method)
	at sun.nio.ch.SocketChannelImpl.finishConnect(SocketChannelImpl.java:717)
	at org.apache.ratis.thirdparty.io.netty.channel.socket.nio.NioSocketChannel.doFinishConnect(NioSocketChannel.java:327)
	at org.apache.ratis.thirdparty.io.netty.channel.nio.AbstractNioChannel$AbstractNioUnsafe.finishConnect(AbstractNioChannel.java:340)
	at org.apache.ratis.thirdparty.io.netty.channel.nio.NioEventLoop.processSelectedKey(NioEventLoop.java:632)
	at org.apache.ratis.thirdparty.io.netty.channel.nio.NioEventLoop.processSelectedKeysOptimized(NioEventLoop.java:579)
	at org.apache.ratis.thirdparty.io.netty.channel.nio.NioEventLoop.processSelectedKeys(NioEventLoop.java:496)
	at org.apache.ratis.thirdparty.io.netty.channel.nio.NioEventLoop.run(NioEventLoop.java:458)
	at org.apache.ratis.thirdparty.io.netty.util.concurrent.SingleThreadEventExecutor$5.run(SingleThreadEventExecutor.java:897)
	at org.apache.ratis.thirdparty.io.netty.util.concurrent.FastThreadLocalRunnable.run(FastThreadLocalRunnable.java:30)
	... 1 more
Caused by: java.net.ConnectException: Connection refused
	... 11 more
2019-11-15 04:25:27,210 [ddd86f17-0fb6-44dc-8f8a-1b8ddc68cc7e@group-C3E515194F35-LeaderElection209] INFO  impl.RaftServerImpl (RaftServerImpl.java:setRole(173)) - ddd86f17-0fb6-44dc-8f8a-1b8ddc68cc7e@group-C3E515194F35: changes role from CANDIDATE to FOLLOWER at term 4 for DISCOVERED_A_NEW_TERM
2019-11-15 04:25:27,210 [ddd86f17-0fb6-44dc-8f8a-1b8ddc68cc7e@group-C3E515194F35-LeaderElection209] INFO  impl.RoleInfo (RoleInfo.java:shutdownLeaderElection(134)) - ddd86f17-0fb6-44dc-8f8a-1b8ddc68cc7e: shutdown LeaderElection
2019-11-15 04:25:27,210 [ddd86f17-0fb6-44dc-8f8a-1b8ddc68cc7e@group-C3E515194F35-LeaderElection209] INFO  impl.RoleInfo (RoleInfo.java:updateAndGet(143)) - ddd86f17-0fb6-44dc-8f8a-1b8ddc68cc7e: start FollowerState
2019-11-15 04:25:28,081 [Thread-4125] INFO  impl.FollowerState (FollowerState.java:run(111)) - be6365c1-8fb2-47f9-87b1-78a3fb38138b@group-B41F48618BA6-FollowerState: change to CANDIDATE, lastRpcTime:1051ms, electionTimeout:1051ms
2019-11-15 04:25:28,081 [Thread-4125] INFO  impl.RoleInfo (RoleInfo.java:shutdownFollowerState(121)) - be6365c1-8fb2-47f9-87b1-78a3fb38138b: shutdown FollowerState
2019-11-15 04:25:28,082 [Thread-4125] INFO  impl.RaftServerImpl (RaftServerImpl.java:setRole(173)) - be6365c1-8fb2-47f9-87b1-78a3fb38138b@group-B41F48618BA6: changes role from  FOLLOWER to CANDIDATE at term 19 for changeToCandidate
2019-11-15 04:25:28,082 [Thread-4125] INFO  impl.RoleInfo (RoleInfo.java:updateAndGet(143)) - be6365c1-8fb2-47f9-87b1-78a3fb38138b: start LeaderElection
2019-11-15 04:25:28,107 [be6365c1-8fb2-47f9-87b1-78a3fb38138b@group-B41F48618BA6-LeaderElection210] INFO  impl.LeaderElection (LeaderElection.java:askForVotes(178)) - be6365c1-8fb2-47f9-87b1-78a3fb38138b@group-B41F48618BA6-LeaderElection210: begin an election at term 20 for 5: [b8480f98-5c77-4f73-b6b9-e737b10a7f9e:192.168.34.61:32848, be6365c1-8fb2-47f9-87b1-78a3fb38138b:192.168.34.61:44393, f15e9ea2-ac28-4081-8e04-15028e251385:192.168.34.61:44094], old=null
2019-11-15 04:25:28,109 [be6365c1-8fb2-47f9-87b1-78a3fb38138b@group-B41F48618BA6-LeaderElection210] INFO  impl.LeaderElection (LogUtils.java:infoOrTrace(149)) - be6365c1-8fb2-47f9-87b1-78a3fb38138b@group-B41F48618BA6-LeaderElection210 got exception when requesting votes: {}
java.util.concurrent.ExecutionException: org.apache.ratis.thirdparty.io.grpc.StatusRuntimeException: UNAVAILABLE: io exception
	at java.util.concurrent.FutureTask.report(FutureTask.java:122)
	at java.util.concurrent.FutureTask.get(FutureTask.java:192)
	at org.apache.ratis.server.impl.LeaderElection.waitForResults(LeaderElection.java:259)
	at org.apache.ratis.server.impl.LeaderElection.askForVotes(LeaderElection.java:197)
	at org.apache.ratis.server.impl.LeaderElection.run(LeaderElection.java:133)
	at java.lang.Thread.run(Thread.java:748)
Caused by: org.apache.ratis.thirdparty.io.grpc.StatusRuntimeException: UNAVAILABLE: io exception
	at org.apache.ratis.thirdparty.io.grpc.stub.ClientCalls.toStatusRuntimeException(ClientCalls.java:233)
	at org.apache.ratis.thirdparty.io.grpc.stub.ClientCalls.getUnchecked(ClientCalls.java:214)
	at org.apache.ratis.thirdparty.io.grpc.stub.ClientCalls.blockingUnaryCall(ClientCalls.java:139)
	at org.apache.ratis.proto.grpc.RaftServerProtocolServiceGrpc$RaftServerProtocolServiceBlockingStub.requestVote(RaftServerProtocolServiceGrpc.java:265)
	at org.apache.ratis.grpc.server.GrpcServerProtocolClient.requestVote(GrpcServerProtocolClient.java:99)
	at org.apache.ratis.grpc.server.GrpcService.requestVote(GrpcService.java:204)
	at org.apache.ratis.server.impl.LeaderElection.lambda$submitRequests$1(LeaderElection.java:234)
	at java.util.concurrent.FutureTask.run(FutureTask.java:266)
	at java.util.concurrent.Executors$RunnableAdapter.call(Executors.java:511)
	at java.util.concurrent.FutureTask.run(FutureTask.java:266)
	at java.util.concurrent.ThreadPoolExecutor.runWorker(ThreadPoolExecutor.java:1149)
	at java.util.concurrent.ThreadPoolExecutor$Worker.run(ThreadPoolExecutor.java:624)
	... 1 more
Caused by: org.apache.ratis.thirdparty.io.netty.channel.AbstractChannel$AnnotatedConnectException: Connection refused: /192.168.34.61:44094
	at sun.nio.ch.SocketChannelImpl.checkConnect(Native Method)
	at sun.nio.ch.SocketChannelImpl.finishConnect(SocketChannelImpl.java:717)
	at org.apache.ratis.thirdparty.io.netty.channel.socket.nio.NioSocketChannel.doFinishConnect(NioSocketChannel.java:327)
	at org.apache.ratis.thirdparty.io.netty.channel.nio.AbstractNioChannel$AbstractNioUnsafe.finishConnect(AbstractNioChannel.java:340)
	at org.apache.ratis.thirdparty.io.netty.channel.nio.NioEventLoop.processSelectedKey(NioEventLoop.java:632)
	at org.apache.ratis.thirdparty.io.netty.channel.nio.NioEventLoop.processSelectedKeysOptimized(NioEventLoop.java:579)
	at org.apache.ratis.thirdparty.io.netty.channel.nio.NioEventLoop.processSelectedKeys(NioEventLoop.java:496)
	at org.apache.ratis.thirdparty.io.netty.channel.nio.NioEventLoop.run(NioEventLoop.java:458)
	at org.apache.ratis.thirdparty.io.netty.util.concurrent.SingleThreadEventExecutor$5.run(SingleThreadEventExecutor.java:897)
	at org.apache.ratis.thirdparty.io.netty.util.concurrent.FastThreadLocalRunnable.run(FastThreadLocalRunnable.java:30)
	... 1 more
Caused by: java.net.ConnectException: Connection refused
	... 11 more
2019-11-15 04:25:28,109 [be6365c1-8fb2-47f9-87b1-78a3fb38138b@group-B41F48618BA6-LeaderElection210] INFO  impl.LeaderElection (LogUtils.java:infoOrTrace(149)) - be6365c1-8fb2-47f9-87b1-78a3fb38138b@group-B41F48618BA6-LeaderElection210 got exception when requesting votes: {}
java.util.concurrent.ExecutionException: org.apache.ratis.thirdparty.io.grpc.StatusRuntimeException: UNAVAILABLE: io exception
	at java.util.concurrent.FutureTask.report(FutureTask.java:122)
	at java.util.concurrent.FutureTask.get(FutureTask.java:192)
	at org.apache.ratis.server.impl.LeaderElection.waitForResults(LeaderElection.java:259)
	at org.apache.ratis.server.impl.LeaderElection.askForVotes(LeaderElection.java:197)
	at org.apache.ratis.server.impl.LeaderElection.run(LeaderElection.java:133)
	at java.lang.Thread.run(Thread.java:748)
Caused by: org.apache.ratis.thirdparty.io.grpc.StatusRuntimeException: UNAVAILABLE: io exception
	at org.apache.ratis.thirdparty.io.grpc.stub.ClientCalls.toStatusRuntimeException(ClientCalls.java:233)
	at org.apache.ratis.thirdparty.io.grpc.stub.ClientCalls.getUnchecked(ClientCalls.java:214)
	at org.apache.ratis.thirdparty.io.grpc.stub.ClientCalls.blockingUnaryCall(ClientCalls.java:139)
	at org.apache.ratis.proto.grpc.RaftServerProtocolServiceGrpc$RaftServerProtocolServiceBlockingStub.requestVote(RaftServerProtocolServiceGrpc.java:265)
	at org.apache.ratis.grpc.server.GrpcServerProtocolClient.requestVote(GrpcServerProtocolClient.java:99)
	at org.apache.ratis.grpc.server.GrpcService.requestVote(GrpcService.java:204)
	at org.apache.ratis.server.impl.LeaderElection.lambda$submitRequests$1(LeaderElection.java:234)
	at java.util.concurrent.FutureTask.run(FutureTask.java:266)
	at java.util.concurrent.Executors$RunnableAdapter.call(Executors.java:511)
	at java.util.concurrent.FutureTask.run(FutureTask.java:266)
	at java.util.concurrent.ThreadPoolExecutor.runWorker(ThreadPoolExecutor.java:1149)
	at java.util.concurrent.ThreadPoolExecutor$Worker.run(ThreadPoolExecutor.java:624)
	... 1 more
Caused by: org.apache.ratis.thirdparty.io.netty.channel.AbstractChannel$AnnotatedConnectException: Connection refused: /192.168.34.61:32848
	at sun.nio.ch.SocketChannelImpl.checkConnect(Native Method)
	at sun.nio.ch.SocketChannelImpl.finishConnect(SocketChannelImpl.java:717)
	at org.apache.ratis.thirdparty.io.netty.channel.socket.nio.NioSocketChannel.doFinishConnect(NioSocketChannel.java:327)
	at org.apache.ratis.thirdparty.io.netty.channel.nio.AbstractNioChannel$AbstractNioUnsafe.finishConnect(AbstractNioChannel.java:340)
	at org.apache.ratis.thirdparty.io.netty.channel.nio.NioEventLoop.processSelectedKey(NioEventLoop.java:632)
	at org.apache.ratis.thirdparty.io.netty.channel.nio.NioEventLoop.processSelectedKeysOptimized(NioEventLoop.java:579)
	at org.apache.ratis.thirdparty.io.netty.channel.nio.NioEventLoop.processSelectedKeys(NioEventLoop.java:496)
	at org.apache.ratis.thirdparty.io.netty.channel.nio.NioEventLoop.run(NioEventLoop.java:458)
	at org.apache.ratis.thirdparty.io.netty.util.concurrent.SingleThreadEventExecutor$5.run(SingleThreadEventExecutor.java:897)
	at org.apache.ratis.thirdparty.io.netty.util.concurrent.FastThreadLocalRunnable.run(FastThreadLocalRunnable.java:30)
	... 1 more
Caused by: java.net.ConnectException: Connection refused
	... 11 more
2019-11-15 04:25:28,110 [be6365c1-8fb2-47f9-87b1-78a3fb38138b@group-B41F48618BA6-LeaderElection210] INFO  impl.LeaderElection (LeaderElection.java:logAndReturn(56)) - be6365c1-8fb2-47f9-87b1-78a3fb38138b@group-B41F48618BA6-LeaderElection210: Election REJECTED; received 0 response(s) [] and 2 exception(s); be6365c1-8fb2-47f9-87b1-78a3fb38138b@group-B41F48618BA6:t20, leader=null, voted=be6365c1-8fb2-47f9-87b1-78a3fb38138b, raftlog=be6365c1-8fb2-47f9-87b1-78a3fb38138b@group-B41F48618BA6-SegmentedRaftLog:OPENED:c6,f6,i6, conf=5: [b8480f98-5c77-4f73-b6b9-e737b10a7f9e:192.168.34.61:32848, be6365c1-8fb2-47f9-87b1-78a3fb38138b:192.168.34.61:44393, f15e9ea2-ac28-4081-8e04-15028e251385:192.168.34.61:44094], old=null
2019-11-15 04:25:28,110 [be6365c1-8fb2-47f9-87b1-78a3fb38138b@group-B41F48618BA6-LeaderElection210] INFO  impl.LeaderElection (LogUtils.java:infoOrTrace(149)) -   Exception 0: {}
java.util.concurrent.ExecutionException: org.apache.ratis.thirdparty.io.grpc.StatusRuntimeException: UNAVAILABLE: io exception
	at java.util.concurrent.FutureTask.report(FutureTask.java:122)
	at java.util.concurrent.FutureTask.get(FutureTask.java:192)
	at org.apache.ratis.server.impl.LeaderElection.waitForResults(LeaderElection.java:259)
	at org.apache.ratis.server.impl.LeaderElection.askForVotes(LeaderElection.java:197)
	at org.apache.ratis.server.impl.LeaderElection.run(LeaderElection.java:133)
	at java.lang.Thread.run(Thread.java:748)
Caused by: org.apache.ratis.thirdparty.io.grpc.StatusRuntimeException: UNAVAILABLE: io exception
	at org.apache.ratis.thirdparty.io.grpc.stub.ClientCalls.toStatusRuntimeException(ClientCalls.java:233)
	at org.apache.ratis.thirdparty.io.grpc.stub.ClientCalls.getUnchecked(ClientCalls.java:214)
	at org.apache.ratis.thirdparty.io.grpc.stub.ClientCalls.blockingUnaryCall(ClientCalls.java:139)
	at org.apache.ratis.proto.grpc.RaftServerProtocolServiceGrpc$RaftServerProtocolServiceBlockingStub.requestVote(RaftServerProtocolServiceGrpc.java:265)
	at org.apache.ratis.grpc.server.GrpcServerProtocolClient.requestVote(GrpcServerProtocolClient.java:99)
	at org.apache.ratis.grpc.server.GrpcService.requestVote(GrpcService.java:204)
	at org.apache.ratis.server.impl.LeaderElection.lambda$submitRequests$1(LeaderElection.java:234)
	at java.util.concurrent.FutureTask.run(FutureTask.java:266)
	at java.util.concurrent.Executors$RunnableAdapter.call(Executors.java:511)
	at java.util.concurrent.FutureTask.run(FutureTask.java:266)
	at java.util.concurrent.ThreadPoolExecutor.runWorker(ThreadPoolExecutor.java:1149)
	at java.util.concurrent.ThreadPoolExecutor$Worker.run(ThreadPoolExecutor.java:624)
	... 1 more
Caused by: org.apache.ratis.thirdparty.io.netty.channel.AbstractChannel$AnnotatedConnectException: Connection refused: /192.168.34.61:44094
	at sun.nio.ch.SocketChannelImpl.checkConnect(Native Method)
	at sun.nio.ch.SocketChannelImpl.finishConnect(SocketChannelImpl.java:717)
	at org.apache.ratis.thirdparty.io.netty.channel.socket.nio.NioSocketChannel.doFinishConnect(NioSocketChannel.java:327)
	at org.apache.ratis.thirdparty.io.netty.channel.nio.AbstractNioChannel$AbstractNioUnsafe.finishConnect(AbstractNioChannel.java:340)
	at org.apache.ratis.thirdparty.io.netty.channel.nio.NioEventLoop.processSelectedKey(NioEventLoop.java:632)
	at org.apache.ratis.thirdparty.io.netty.channel.nio.NioEventLoop.processSelectedKeysOptimized(NioEventLoop.java:579)
	at org.apache.ratis.thirdparty.io.netty.channel.nio.NioEventLoop.processSelectedKeys(NioEventLoop.java:496)
	at org.apache.ratis.thirdparty.io.netty.channel.nio.NioEventLoop.run(NioEventLoop.java:458)
	at org.apache.ratis.thirdparty.io.netty.util.concurrent.SingleThreadEventExecutor$5.run(SingleThreadEventExecutor.java:897)
	at org.apache.ratis.thirdparty.io.netty.util.concurrent.FastThreadLocalRunnable.run(FastThreadLocalRunnable.java:30)
	... 1 more
Caused by: java.net.ConnectException: Connection refused
	... 11 more
2019-11-15 04:25:28,110 [be6365c1-8fb2-47f9-87b1-78a3fb38138b@group-B41F48618BA6-LeaderElection210] INFO  impl.LeaderElection (LogUtils.java:infoOrTrace(149)) -   Exception 1: {}
java.util.concurrent.ExecutionException: org.apache.ratis.thirdparty.io.grpc.StatusRuntimeException: UNAVAILABLE: io exception
	at java.util.concurrent.FutureTask.report(FutureTask.java:122)
	at java.util.concurrent.FutureTask.get(FutureTask.java:192)
	at org.apache.ratis.server.impl.LeaderElection.waitForResults(LeaderElection.java:259)
	at org.apache.ratis.server.impl.LeaderElection.askForVotes(LeaderElection.java:197)
	at org.apache.ratis.server.impl.LeaderElection.run(LeaderElection.java:133)
	at java.lang.Thread.run(Thread.java:748)
Caused by: org.apache.ratis.thirdparty.io.grpc.StatusRuntimeException: UNAVAILABLE: io exception
	at org.apache.ratis.thirdparty.io.grpc.stub.ClientCalls.toStatusRuntimeException(ClientCalls.java:233)
	at org.apache.ratis.thirdparty.io.grpc.stub.ClientCalls.getUnchecked(ClientCalls.java:214)
	at org.apache.ratis.thirdparty.io.grpc.stub.ClientCalls.blockingUnaryCall(ClientCalls.java:139)
	at org.apache.ratis.proto.grpc.RaftServerProtocolServiceGrpc$RaftServerProtocolServiceBlockingStub.requestVote(RaftServerProtocolServiceGrpc.java:265)
	at org.apache.ratis.grpc.server.GrpcServerProtocolClient.requestVote(GrpcServerProtocolClient.java:99)
	at org.apache.ratis.grpc.server.GrpcService.requestVote(GrpcService.java:204)
	at org.apache.ratis.server.impl.LeaderElection.lambda$submitRequests$1(LeaderElection.java:234)
	at java.util.concurrent.FutureTask.run(FutureTask.java:266)
	at java.util.concurrent.Executors$RunnableAdapter.call(Executors.java:511)
	at java.util.concurrent.FutureTask.run(FutureTask.java:266)
	at java.util.concurrent.ThreadPoolExecutor.runWorker(ThreadPoolExecutor.java:1149)
	at java.util.concurrent.ThreadPoolExecutor$Worker.run(ThreadPoolExecutor.java:624)
	... 1 more
Caused by: org.apache.ratis.thirdparty.io.netty.channel.AbstractChannel$AnnotatedConnectException: Connection refused: /192.168.34.61:32848
	at sun.nio.ch.SocketChannelImpl.checkConnect(Native Method)
	at sun.nio.ch.SocketChannelImpl.finishConnect(SocketChannelImpl.java:717)
	at org.apache.ratis.thirdparty.io.netty.channel.socket.nio.NioSocketChannel.doFinishConnect(NioSocketChannel.java:327)
	at org.apache.ratis.thirdparty.io.netty.channel.nio.AbstractNioChannel$AbstractNioUnsafe.finishConnect(AbstractNioChannel.java:340)
	at org.apache.ratis.thirdparty.io.netty.channel.nio.NioEventLoop.processSelectedKey(NioEventLoop.java:632)
	at org.apache.ratis.thirdparty.io.netty.channel.nio.NioEventLoop.processSelectedKeysOptimized(NioEventLoop.java:579)
	at org.apache.ratis.thirdparty.io.netty.channel.nio.NioEventLoop.processSelectedKeys(NioEventLoop.java:496)
	at org.apache.ratis.thirdparty.io.netty.channel.nio.NioEventLoop.run(NioEventLoop.java:458)
	at org.apache.ratis.thirdparty.io.netty.util.concurrent.SingleThreadEventExecutor$5.run(SingleThreadEventExecutor.java:897)
	at org.apache.ratis.thirdparty.io.netty.util.concurrent.FastThreadLocalRunnable.run(FastThreadLocalRunnable.java:30)
	... 1 more
Caused by: java.net.ConnectException: Connection refused
	... 11 more
2019-11-15 04:25:28,110 [be6365c1-8fb2-47f9-87b1-78a3fb38138b@group-B41F48618BA6-LeaderElection210] INFO  impl.RaftServerImpl (RaftServerImpl.java:setRole(173)) - be6365c1-8fb2-47f9-87b1-78a3fb38138b@group-B41F48618BA6: changes role from CANDIDATE to FOLLOWER at term 20 for DISCOVERED_A_NEW_TERM
2019-11-15 04:25:28,110 [be6365c1-8fb2-47f9-87b1-78a3fb38138b@group-B41F48618BA6-LeaderElection210] INFO  impl.RoleInfo (RoleInfo.java:shutdownLeaderElection(134)) - be6365c1-8fb2-47f9-87b1-78a3fb38138b: shutdown LeaderElection
2019-11-15 04:25:28,111 [be6365c1-8fb2-47f9-87b1-78a3fb38138b@group-B41F48618BA6-LeaderElection210] INFO  impl.RoleInfo (RoleInfo.java:updateAndGet(143)) - be6365c1-8fb2-47f9-87b1-78a3fb38138b: start FollowerState
2019-11-15 04:25:28,411 [Thread-4129] INFO  impl.FollowerState (FollowerState.java:run(111)) - ddd86f17-0fb6-44dc-8f8a-1b8ddc68cc7e@group-C3E515194F35-FollowerState: change to CANDIDATE, lastRpcTime:1200ms, electionTimeout:1200ms
2019-11-15 04:25:28,411 [Thread-4129] INFO  impl.RoleInfo (RoleInfo.java:shutdownFollowerState(121)) - ddd86f17-0fb6-44dc-8f8a-1b8ddc68cc7e: shutdown FollowerState
2019-11-15 04:25:28,411 [Thread-4129] INFO  impl.RaftServerImpl (RaftServerImpl.java:setRole(173)) - ddd86f17-0fb6-44dc-8f8a-1b8ddc68cc7e@group-C3E515194F35: changes role from  FOLLOWER to CANDIDATE at term 4 for changeToCandidate
2019-11-15 04:25:28,411 [Thread-4129] INFO  impl.RoleInfo (RoleInfo.java:updateAndGet(143)) - ddd86f17-0fb6-44dc-8f8a-1b8ddc68cc7e: start LeaderElection
2019-11-15 04:25:28,459 [ddd86f17-0fb6-44dc-8f8a-1b8ddc68cc7e@group-C3E515194F35-LeaderElection211] INFO  impl.LeaderElection (LeaderElection.java:askForVotes(178)) - ddd86f17-0fb6-44dc-8f8a-1b8ddc68cc7e@group-C3E515194F35-LeaderElection211: begin an election at term 5 for 6: [ba7b154f-e59a-417b-969a-e8c75d4b6746:192.168.34.61:40163, ddd86f17-0fb6-44dc-8f8a-1b8ddc68cc7e:192.168.34.61:37754, 8e34abce-4df2-4d13-822a-b9906190a447:192.168.34.61:34382], old=null
2019-11-15 04:25:28,461 [ddd86f17-0fb6-44dc-8f8a-1b8ddc68cc7e@group-C3E515194F35-LeaderElection211] INFO  impl.LeaderElection (LogUtils.java:infoOrTrace(149)) - ddd86f17-0fb6-44dc-8f8a-1b8ddc68cc7e@group-C3E515194F35-LeaderElection211 got exception when requesting votes: {}
java.util.concurrent.ExecutionException: org.apache.ratis.thirdparty.io.grpc.StatusRuntimeException: UNAVAILABLE: io exception
	at java.util.concurrent.FutureTask.report(FutureTask.java:122)
	at java.util.concurrent.FutureTask.get(FutureTask.java:192)
	at org.apache.ratis.server.impl.LeaderElection.waitForResults(LeaderElection.java:259)
	at org.apache.ratis.server.impl.LeaderElection.askForVotes(LeaderElection.java:197)
	at org.apache.ratis.server.impl.LeaderElection.run(LeaderElection.java:133)
	at java.lang.Thread.run(Thread.java:748)
Caused by: org.apache.ratis.thirdparty.io.grpc.StatusRuntimeException: UNAVAILABLE: io exception
	at org.apache.ratis.thirdparty.io.grpc.stub.ClientCalls.toStatusRuntimeException(ClientCalls.java:233)
	at org.apache.ratis.thirdparty.io.grpc.stub.ClientCalls.getUnchecked(ClientCalls.java:214)
	at org.apache.ratis.thirdparty.io.grpc.stub.ClientCalls.blockingUnaryCall(ClientCalls.java:139)
	at org.apache.ratis.proto.grpc.RaftServerProtocolServiceGrpc$RaftServerProtocolServiceBlockingStub.requestVote(RaftServerProtocolServiceGrpc.java:265)
	at org.apache.ratis.grpc.server.GrpcServerProtocolClient.requestVote(GrpcServerProtocolClient.java:99)
	at org.apache.ratis.grpc.server.GrpcService.requestVote(GrpcService.java:204)
	at org.apache.ratis.server.impl.LeaderElection.lambda$submitRequests$1(LeaderElection.java:234)
	at java.util.concurrent.FutureTask.run(FutureTask.java:266)
	at java.util.concurrent.Executors$RunnableAdapter.call(Executors.java:511)
	at java.util.concurrent.FutureTask.run(FutureTask.java:266)
	at java.util.concurrent.ThreadPoolExecutor.runWorker(ThreadPoolExecutor.java:1149)
	at java.util.concurrent.ThreadPoolExecutor$Worker.run(ThreadPoolExecutor.java:624)
	... 1 more
Caused by: org.apache.ratis.thirdparty.io.netty.channel.AbstractChannel$AnnotatedConnectException: Connection refused: /192.168.34.61:40163
	at sun.nio.ch.SocketChannelImpl.checkConnect(Native Method)
	at sun.nio.ch.SocketChannelImpl.finishConnect(SocketChannelImpl.java:717)
	at org.apache.ratis.thirdparty.io.netty.channel.socket.nio.NioSocketChannel.doFinishConnect(NioSocketChannel.java:327)
	at org.apache.ratis.thirdparty.io.netty.channel.nio.AbstractNioChannel$AbstractNioUnsafe.finishConnect(AbstractNioChannel.java:340)
	at org.apache.ratis.thirdparty.io.netty.channel.nio.NioEventLoop.processSelectedKey(NioEventLoop.java:632)
	at org.apache.ratis.thirdparty.io.netty.channel.nio.NioEventLoop.processSelectedKeysOptimized(NioEventLoop.java:579)
	at org.apache.ratis.thirdparty.io.netty.channel.nio.NioEventLoop.processSelectedKeys(NioEventLoop.java:496)
	at org.apache.ratis.thirdparty.io.netty.channel.nio.NioEventLoop.run(NioEventLoop.java:458)
	at org.apache.ratis.thirdparty.io.netty.util.concurrent.SingleThreadEventExecutor$5.run(SingleThreadEventExecutor.java:897)
	at org.apache.ratis.thirdparty.io.netty.util.concurrent.FastThreadLocalRunnable.run(FastThreadLocalRunnable.java:30)
	... 1 more
Caused by: java.net.ConnectException: Connection refused
	... 11 more
2019-11-15 04:25:28,461 [ddd86f17-0fb6-44dc-8f8a-1b8ddc68cc7e@group-C3E515194F35-LeaderElection211] INFO  impl.LeaderElection (LogUtils.java:infoOrTrace(149)) - ddd86f17-0fb6-44dc-8f8a-1b8ddc68cc7e@group-C3E515194F35-LeaderElection211 got exception when requesting votes: {}
java.util.concurrent.ExecutionException: org.apache.ratis.thirdparty.io.grpc.StatusRuntimeException: UNAVAILABLE: io exception
	at java.util.concurrent.FutureTask.report(FutureTask.java:122)
	at java.util.concurrent.FutureTask.get(FutureTask.java:192)
	at org.apache.ratis.server.impl.LeaderElection.waitForResults(LeaderElection.java:259)
	at org.apache.ratis.server.impl.LeaderElection.askForVotes(LeaderElection.java:197)
	at org.apache.ratis.server.impl.LeaderElection.run(LeaderElection.java:133)
	at java.lang.Thread.run(Thread.java:748)
Caused by: org.apache.ratis.thirdparty.io.grpc.StatusRuntimeException: UNAVAILABLE: io exception
	at org.apache.ratis.thirdparty.io.grpc.stub.ClientCalls.toStatusRuntimeException(ClientCalls.java:233)
	at org.apache.ratis.thirdparty.io.grpc.stub.ClientCalls.getUnchecked(ClientCalls.java:214)
	at org.apache.ratis.thirdparty.io.grpc.stub.ClientCalls.blockingUnaryCall(ClientCalls.java:139)
	at org.apache.ratis.proto.grpc.RaftServerProtocolServiceGrpc$RaftServerProtocolServiceBlockingStub.requestVote(RaftServerProtocolServiceGrpc.java:265)
	at org.apache.ratis.grpc.server.GrpcServerProtocolClient.requestVote(GrpcServerProtocolClient.java:99)
	at org.apache.ratis.grpc.server.GrpcService.requestVote(GrpcService.java:204)
	at org.apache.ratis.server.impl.LeaderElection.lambda$submitRequests$1(LeaderElection.java:234)
	at java.util.concurrent.FutureTask.run(FutureTask.java:266)
	at java.util.concurrent.Executors$RunnableAdapter.call(Executors.java:511)
	at java.util.concurrent.FutureTask.run(FutureTask.java:266)
	at java.util.concurrent.ThreadPoolExecutor.runWorker(ThreadPoolExecutor.java:1149)
	at java.util.concurrent.ThreadPoolExecutor$Worker.run(ThreadPoolExecutor.java:624)
	... 1 more
Caused by: org.apache.ratis.thirdparty.io.netty.channel.AbstractChannel$AnnotatedConnectException: Connection refused: /192.168.34.61:34382
	at sun.nio.ch.SocketChannelImpl.checkConnect(Native Method)
	at sun.nio.ch.SocketChannelImpl.finishConnect(SocketChannelImpl.java:717)
	at org.apache.ratis.thirdparty.io.netty.channel.socket.nio.NioSocketChannel.doFinishConnect(NioSocketChannel.java:327)
	at org.apache.ratis.thirdparty.io.netty.channel.nio.AbstractNioChannel$AbstractNioUnsafe.finishConnect(AbstractNioChannel.java:340)
	at org.apache.ratis.thirdparty.io.netty.channel.nio.NioEventLoop.processSelectedKey(NioEventLoop.java:632)
	at org.apache.ratis.thirdparty.io.netty.channel.nio.NioEventLoop.processSelectedKeysOptimized(NioEventLoop.java:579)
	at org.apache.ratis.thirdparty.io.netty.channel.nio.NioEventLoop.processSelectedKeys(NioEventLoop.java:496)
	at org.apache.ratis.thirdparty.io.netty.channel.nio.NioEventLoop.run(NioEventLoop.java:458)
	at org.apache.ratis.thirdparty.io.netty.util.concurrent.SingleThreadEventExecutor$5.run(SingleThreadEventExecutor.java:897)
	at org.apache.ratis.thirdparty.io.netty.util.concurrent.FastThreadLocalRunnable.run(FastThreadLocalRunnable.java:30)
	... 1 more
Caused by: java.net.ConnectException: Connection refused
	... 11 more
2019-11-15 04:25:28,462 [ddd86f17-0fb6-44dc-8f8a-1b8ddc68cc7e@group-C3E515194F35-LeaderElection211] INFO  impl.LeaderElection (LeaderElection.java:logAndReturn(56)) - ddd86f17-0fb6-44dc-8f8a-1b8ddc68cc7e@group-C3E515194F35-LeaderElection211: Election REJECTED; received 0 response(s) [] and 2 exception(s); ddd86f17-0fb6-44dc-8f8a-1b8ddc68cc7e@group-C3E515194F35:t5, leader=null, voted=ddd86f17-0fb6-44dc-8f8a-1b8ddc68cc7e, raftlog=ddd86f17-0fb6-44dc-8f8a-1b8ddc68cc7e@group-C3E515194F35-SegmentedRaftLog:OPENED:c7,f7,i7, conf=6: [ba7b154f-e59a-417b-969a-e8c75d4b6746:192.168.34.61:40163, ddd86f17-0fb6-44dc-8f8a-1b8ddc68cc7e:192.168.34.61:37754, 8e34abce-4df2-4d13-822a-b9906190a447:192.168.34.61:34382], old=null
2019-11-15 04:25:28,462 [ddd86f17-0fb6-44dc-8f8a-1b8ddc68cc7e@group-C3E515194F35-LeaderElection211] INFO  impl.LeaderElection (LogUtils.java:infoOrTrace(149)) -   Exception 0: {}
java.util.concurrent.ExecutionException: org.apache.ratis.thirdparty.io.grpc.StatusRuntimeException: UNAVAILABLE: io exception
	at java.util.concurrent.FutureTask.report(FutureTask.java:122)
	at java.util.concurrent.FutureTask.get(FutureTask.java:192)
	at org.apache.ratis.server.impl.LeaderElection.waitForResults(LeaderElection.java:259)
	at org.apache.ratis.server.impl.LeaderElection.askForVotes(LeaderElection.java:197)
	at org.apache.ratis.server.impl.LeaderElection.run(LeaderElection.java:133)
	at java.lang.Thread.run(Thread.java:748)
Caused by: org.apache.ratis.thirdparty.io.grpc.StatusRuntimeException: UNAVAILABLE: io exception
	at org.apache.ratis.thirdparty.io.grpc.stub.ClientCalls.toStatusRuntimeException(ClientCalls.java:233)
	at org.apache.ratis.thirdparty.io.grpc.stub.ClientCalls.getUnchecked(ClientCalls.java:214)
	at org.apache.ratis.thirdparty.io.grpc.stub.ClientCalls.blockingUnaryCall(ClientCalls.java:139)
	at org.apache.ratis.proto.grpc.RaftServerProtocolServiceGrpc$RaftServerProtocolServiceBlockingStub.requestVote(RaftServerProtocolServiceGrpc.java:265)
	at org.apache.ratis.grpc.server.GrpcServerProtocolClient.requestVote(GrpcServerProtocolClient.java:99)
	at org.apache.ratis.grpc.server.GrpcService.requestVote(GrpcService.java:204)
	at org.apache.ratis.server.impl.LeaderElection.lambda$submitRequests$1(LeaderElection.java:234)
	at java.util.concurrent.FutureTask.run(FutureTask.java:266)
	at java.util.concurrent.Executors$RunnableAdapter.call(Executors.java:511)
	at java.util.concurrent.FutureTask.run(FutureTask.java:266)
	at java.util.concurrent.ThreadPoolExecutor.runWorker(ThreadPoolExecutor.java:1149)
	at java.util.concurrent.ThreadPoolExecutor$Worker.run(ThreadPoolExecutor.java:624)
	... 1 more
Caused by: org.apache.ratis.thirdparty.io.netty.channel.AbstractChannel$AnnotatedConnectException: Connection refused: /192.168.34.61:40163
	at sun.nio.ch.SocketChannelImpl.checkConnect(Native Method)
	at sun.nio.ch.SocketChannelImpl.finishConnect(SocketChannelImpl.java:717)
	at org.apache.ratis.thirdparty.io.netty.channel.socket.nio.NioSocketChannel.doFinishConnect(NioSocketChannel.java:327)
	at org.apache.ratis.thirdparty.io.netty.channel.nio.AbstractNioChannel$AbstractNioUnsafe.finishConnect(AbstractNioChannel.java:340)
	at org.apache.ratis.thirdparty.io.netty.channel.nio.NioEventLoop.processSelectedKey(NioEventLoop.java:632)
	at org.apache.ratis.thirdparty.io.netty.channel.nio.NioEventLoop.processSelectedKeysOptimized(NioEventLoop.java:579)
	at org.apache.ratis.thirdparty.io.netty.channel.nio.NioEventLoop.processSelectedKeys(NioEventLoop.java:496)
	at org.apache.ratis.thirdparty.io.netty.channel.nio.NioEventLoop.run(NioEventLoop.java:458)
	at org.apache.ratis.thirdparty.io.netty.util.concurrent.SingleThreadEventExecutor$5.run(SingleThreadEventExecutor.java:897)
	at org.apache.ratis.thirdparty.io.netty.util.concurrent.FastThreadLocalRunnable.run(FastThreadLocalRunnable.java:30)
	... 1 more
Caused by: java.net.ConnectException: Connection refused
	... 11 more
2019-11-15 04:25:28,463 [ddd86f17-0fb6-44dc-8f8a-1b8ddc68cc7e@group-C3E515194F35-LeaderElection211] INFO  impl.LeaderElection (LogUtils.java:infoOrTrace(149)) -   Exception 1: {}
java.util.concurrent.ExecutionException: org.apache.ratis.thirdparty.io.grpc.StatusRuntimeException: UNAVAILABLE: io exception
	at java.util.concurrent.FutureTask.report(FutureTask.java:122)
	at java.util.concurrent.FutureTask.get(FutureTask.java:192)
	at org.apache.ratis.server.impl.LeaderElection.waitForResults(LeaderElection.java:259)
	at org.apache.ratis.server.impl.LeaderElection.askForVotes(LeaderElection.java:197)
	at org.apache.ratis.server.impl.LeaderElection.run(LeaderElection.java:133)
	at java.lang.Thread.run(Thread.java:748)
Caused by: org.apache.ratis.thirdparty.io.grpc.StatusRuntimeException: UNAVAILABLE: io exception
	at org.apache.ratis.thirdparty.io.grpc.stub.ClientCalls.toStatusRuntimeException(ClientCalls.java:233)
	at org.apache.ratis.thirdparty.io.grpc.stub.ClientCalls.getUnchecked(ClientCalls.java:214)
	at org.apache.ratis.thirdparty.io.grpc.stub.ClientCalls.blockingUnaryCall(ClientCalls.java:139)
	at org.apache.ratis.proto.grpc.RaftServerProtocolServiceGrpc$RaftServerProtocolServiceBlockingStub.requestVote(RaftServerProtocolServiceGrpc.java:265)
	at org.apache.ratis.grpc.server.GrpcServerProtocolClient.requestVote(GrpcServerProtocolClient.java:99)
	at org.apache.ratis.grpc.server.GrpcService.requestVote(GrpcService.java:204)
	at org.apache.ratis.server.impl.LeaderElection.lambda$submitRequests$1(LeaderElection.java:234)
	at java.util.concurrent.FutureTask.run(FutureTask.java:266)
	at java.util.concurrent.Executors$RunnableAdapter.call(Executors.java:511)
	at java.util.concurrent.FutureTask.run(FutureTask.java:266)
	at java.util.concurrent.ThreadPoolExecutor.runWorker(ThreadPoolExecutor.java:1149)
	at java.util.concurrent.ThreadPoolExecutor$Worker.run(ThreadPoolExecutor.java:624)
	... 1 more
Caused by: org.apache.ratis.thirdparty.io.netty.channel.AbstractChannel$AnnotatedConnectException: Connection refused: /192.168.34.61:34382
	at sun.nio.ch.SocketChannelImpl.checkConnect(Native Method)
	at sun.nio.ch.SocketChannelImpl.finishConnect(SocketChannelImpl.java:717)
	at org.apache.ratis.thirdparty.io.netty.channel.socket.nio.NioSocketChannel.doFinishConnect(NioSocketChannel.java:327)
	at org.apache.ratis.thirdparty.io.netty.channel.nio.AbstractNioChannel$AbstractNioUnsafe.finishConnect(AbstractNioChannel.java:340)
	at org.apache.ratis.thirdparty.io.netty.channel.nio.NioEventLoop.processSelectedKey(NioEventLoop.java:632)
	at org.apache.ratis.thirdparty.io.netty.channel.nio.NioEventLoop.processSelectedKeysOptimized(NioEventLoop.java:579)
	at org.apache.ratis.thirdparty.io.netty.channel.nio.NioEventLoop.processSelectedKeys(NioEventLoop.java:496)
	at org.apache.ratis.thirdparty.io.netty.channel.nio.NioEventLoop.run(NioEventLoop.java:458)
	at org.apache.ratis.thirdparty.io.netty.util.concurrent.SingleThreadEventExecutor$5.run(SingleThreadEventExecutor.java:897)
	at org.apache.ratis.thirdparty.io.netty.util.concurrent.FastThreadLocalRunnable.run(FastThreadLocalRunnable.java:30)
	... 1 more
Caused by: java.net.ConnectException: Connection refused
	... 11 more
2019-11-15 04:25:28,463 [ddd86f17-0fb6-44dc-8f8a-1b8ddc68cc7e@group-C3E515194F35-LeaderElection211] INFO  impl.RaftServerImpl (RaftServerImpl.java:setRole(173)) - ddd86f17-0fb6-44dc-8f8a-1b8ddc68cc7e@group-C3E515194F35: changes role from CANDIDATE to FOLLOWER at term 5 for DISCOVERED_A_NEW_TERM
2019-11-15 04:25:28,463 [ddd86f17-0fb6-44dc-8f8a-1b8ddc68cc7e@group-C3E515194F35-LeaderElection211] INFO  impl.RoleInfo (RoleInfo.java:shutdownLeaderElection(134)) - ddd86f17-0fb6-44dc-8f8a-1b8ddc68cc7e: shutdown LeaderElection
2019-11-15 04:25:28,463 [ddd86f17-0fb6-44dc-8f8a-1b8ddc68cc7e@group-C3E515194F35-LeaderElection211] INFO  impl.RoleInfo (RoleInfo.java:updateAndGet(143)) - ddd86f17-0fb6-44dc-8f8a-1b8ddc68cc7e: start FollowerState
2019-11-15 04:25:29,052 [ForkJoinPool.commonPool-worker-0] INFO  ozoneimpl.OzoneContainer (OzoneContainer.java:stop(244)) - Attempting to stop container services.
2019-11-15 04:25:29,053 [ForkJoinPool.commonPool-worker-0] INFO  impl.RaftServerProxy (RaftServerProxy.java:lambda$close$4(314)) - be6365c1-8fb2-47f9-87b1-78a3fb38138b: close
2019-11-15 04:25:29,054 [ForkJoinPool.commonPool-worker-0] INFO  impl.RaftServerImpl (RaftServerImpl.java:lambda$shutdown$3(250)) - be6365c1-8fb2-47f9-87b1-78a3fb38138b@group-3AC3D75F4EFD: shutdown
2019-11-15 04:25:29,054 [ForkJoinPool.commonPool-worker-0] INFO  util.JmxRegister (JmxRegister.java:unregister(73)) - Successfully un-registered JMX Bean with object name Ratis:service=RaftServer,group=group-3AC3D75F4EFD,id=be6365c1-8fb2-47f9-87b1-78a3fb38138b
2019-11-15 04:25:29,054 [ForkJoinPool.commonPool-worker-0] INFO  impl.RoleInfo (RoleInfo.java:shutdownLeaderState(104)) - be6365c1-8fb2-47f9-87b1-78a3fb38138b: shutdown LeaderState
2019-11-15 04:25:29,054 [ForkJoinPool.commonPool-worker-0] INFO  impl.PendingRequests (PendingRequests.java:sendNotLeaderResponses(206)) - be6365c1-8fb2-47f9-87b1-78a3fb38138b@group-3AC3D75F4EFD-PendingRequests: sendNotLeaderResponses
2019-11-15 04:25:29,055 [ForkJoinPool.commonPool-worker-0] INFO  impl.StateMachineUpdater (StateMachineUpdater.java:stopAndJoin(136)) - be6365c1-8fb2-47f9-87b1-78a3fb38138b@group-3AC3D75F4EFD-StateMachineUpdater: set stopIndex = 0
2019-11-15 04:25:29,056 [ForkJoinPool.commonPool-worker-0] INFO  impl.RaftServerImpl (ServerState.java:close(387)) - be6365c1-8fb2-47f9-87b1-78a3fb38138b@group-3AC3D75F4EFD: closes. applyIndex: 0
2019-11-15 04:25:29,056 [be6365c1-8fb2-47f9-87b1-78a3fb38138b@group-3AC3D75F4EFD-SegmentedRaftLogWorker] INFO  segmented.SegmentedRaftLogWorker (SegmentedRaftLogWorker.java:run(316)) - be6365c1-8fb2-47f9-87b1-78a3fb38138b@group-3AC3D75F4EFD-SegmentedRaftLogWorker was interrupted, exiting. There are 0 tasks remaining in the queue.
2019-11-15 04:25:29,057 [ForkJoinPool.commonPool-worker-0] INFO  segmented.SegmentedRaftLogWorker (SegmentedRaftLogWorker.java:close(224)) - be6365c1-8fb2-47f9-87b1-78a3fb38138b@group-3AC3D75F4EFD-SegmentedRaftLogWorker close()
2019-11-15 04:25:29,060 [ForkJoinPool.commonPool-worker-0] INFO  impl.RaftServerImpl (RaftServerImpl.java:lambda$shutdown$3(250)) - be6365c1-8fb2-47f9-87b1-78a3fb38138b@group-B41F48618BA6: shutdown
2019-11-15 04:25:29,060 [ForkJoinPool.commonPool-worker-0] INFO  util.JmxRegister (JmxRegister.java:unregister(73)) - Successfully un-registered JMX Bean with object name Ratis:service=RaftServer,group=group-B41F48618BA6,id=be6365c1-8fb2-47f9-87b1-78a3fb38138b
2019-11-15 04:25:29,060 [ForkJoinPool.commonPool-worker-0] INFO  impl.RoleInfo (RoleInfo.java:shutdownFollowerState(121)) - be6365c1-8fb2-47f9-87b1-78a3fb38138b: shutdown FollowerState
2019-11-15 04:25:29,060 [ForkJoinPool.commonPool-worker-0] INFO  impl.StateMachineUpdater (StateMachineUpdater.java:stopAndJoin(136)) - be6365c1-8fb2-47f9-87b1-78a3fb38138b@group-B41F48618BA6-StateMachineUpdater: set stopIndex = 6
2019-11-15 04:25:29,061 [Thread-4133] INFO  impl.FollowerState (FollowerState.java:run(120)) - be6365c1-8fb2-47f9-87b1-78a3fb38138b@group-B41F48618BA6-FollowerState was interrupted: java.lang.InterruptedException: sleep interrupted
2019-11-15 04:25:29,062 [be6365c1-8fb2-47f9-87b1-78a3fb38138b@group-B41F48618BA6-StateMachineUpdater] INFO  ratis.ContainerStateMachine (ContainerStateMachine.java:takeSnapshot(285)) - group-B41F48618BA6: Taking a snapshot at:(t:3, i:2) file /workdir/hadoop-ozone/integration-test/target/test-dir/MiniOzoneClusterImpl-b8077c48-d45a-4953-83b6-e1fc361e67bb/datanode-1/data/ratis/37bb1998-c457-4570-8a91-b41f48618ba6/sm/snapshot.3_2
2019-11-15 04:25:29,176 [be6365c1-8fb2-47f9-87b1-78a3fb38138b@group-B41F48618BA6-StateMachineUpdater] INFO  ratis.ContainerStateMachine (ContainerStateMachine.java:takeSnapshot(296)) - group-B41F48618BA6: Finished taking a snapshot at:(t:3, i:2) file:/workdir/hadoop-ozone/integration-test/target/test-dir/MiniOzoneClusterImpl-b8077c48-d45a-4953-83b6-e1fc361e67bb/datanode-1/data/ratis/37bb1998-c457-4570-8a91-b41f48618ba6/sm/snapshot.3_2 time:115
2019-11-15 04:25:29,177 [be6365c1-8fb2-47f9-87b1-78a3fb38138b@group-B41F48618BA6-StateMachineUpdater] INFO  impl.StateMachineUpdater (StateMachineUpdater.java:takeSnapshot(269)) - be6365c1-8fb2-47f9-87b1-78a3fb38138b@group-B41F48618BA6-StateMachineUpdater: Took a snapshot at index 2
2019-11-15 04:25:29,178 [be6365c1-8fb2-47f9-87b1-78a3fb38138b@group-B41F48618BA6-StateMachineUpdater] INFO  impl.StateMachineUpdater (StateMachineUpdater.java:lambda$new$0(84)) - be6365c1-8fb2-47f9-87b1-78a3fb38138b@group-B41F48618BA6-StateMachineUpdater: snapshotIndex: updateIncreasingly -1 -> 2
2019-11-15 04:25:29,179 [be6365c1-8fb2-47f9-87b1-78a3fb38138b@group-B41F48618BA6-StateMachineUpdater] INFO  ratis.ContainerStateMachine (ContainerStateMachine.java:takeSnapshot(285)) - group-B41F48618BA6: Taking a snapshot at:(t:3, i:2) file /workdir/hadoop-ozone/integration-test/target/test-dir/MiniOzoneClusterImpl-b8077c48-d45a-4953-83b6-e1fc361e67bb/datanode-1/data/ratis/37bb1998-c457-4570-8a91-b41f48618ba6/sm/snapshot.3_2
2019-11-15 04:25:29,233 [be6365c1-8fb2-47f9-87b1-78a3fb38138b@group-B41F48618BA6-StateMachineUpdater] INFO  ratis.ContainerStateMachine (ContainerStateMachine.java:takeSnapshot(296)) - group-B41F48618BA6: Finished taking a snapshot at:(t:3, i:2) file:/workdir/hadoop-ozone/integration-test/target/test-dir/MiniOzoneClusterImpl-b8077c48-d45a-4953-83b6-e1fc361e67bb/datanode-1/data/ratis/37bb1998-c457-4570-8a91-b41f48618ba6/sm/snapshot.3_2 time:54
2019-11-15 04:25:29,233 [be6365c1-8fb2-47f9-87b1-78a3fb38138b@group-B41F48618BA6-StateMachineUpdater] INFO  impl.StateMachineUpdater (StateMachineUpdater.java:takeSnapshot(269)) - be6365c1-8fb2-47f9-87b1-78a3fb38138b@group-B41F48618BA6-StateMachineUpdater: Took a snapshot at index 2
2019-11-15 04:25:29,233 [be6365c1-8fb2-47f9-87b1-78a3fb38138b@group-B41F48618BA6-StateMachineUpdater] INFO  impl.StateMachineUpdater (StateMachineUpdater.java:lambda$new$0(84)) - be6365c1-8fb2-47f9-87b1-78a3fb38138b@group-B41F48618BA6-StateMachineUpdater: snapshotIndex: updateIncreasingly 2 -> 2
2019-11-15 04:25:29,233 [ForkJoinPool.commonPool-worker-0] INFO  impl.RaftServerImpl (ServerState.java:close(387)) - be6365c1-8fb2-47f9-87b1-78a3fb38138b@group-B41F48618BA6: closes. applyIndex: 6
2019-11-15 04:25:29,234 [be6365c1-8fb2-47f9-87b1-78a3fb38138b@group-B41F48618BA6-SegmentedRaftLogWorker] INFO  segmented.SegmentedRaftLogWorker (SegmentedRaftLogWorker.java:run(316)) - be6365c1-8fb2-47f9-87b1-78a3fb38138b@group-B41F48618BA6-SegmentedRaftLogWorker was interrupted, exiting. There are 0 tasks remaining in the queue.
2019-11-15 04:25:29,234 [ForkJoinPool.commonPool-worker-0] INFO  segmented.SegmentedRaftLogWorker (SegmentedRaftLogWorker.java:close(224)) - be6365c1-8fb2-47f9-87b1-78a3fb38138b@group-B41F48618BA6-SegmentedRaftLogWorker close()
2019-11-15 04:25:29,237 [ForkJoinPool.commonPool-worker-0] INFO  server.GrpcService (GrpcService.java:closeImpl(164)) - be6365c1-8fb2-47f9-87b1-78a3fb38138b: shutdown server with port 44393 now
2019-11-15 04:25:29,237 [ForkJoinPool.commonPool-worker-0] INFO  server.GrpcService (GrpcService.java:closeImpl(172)) - be6365c1-8fb2-47f9-87b1-78a3fb38138b: shutdown server with port 44393 successfully
2019-11-15 04:25:29,240 [refreshUsed-/workdir/hadoop-ozone/integration-test/target/test-dir/MiniOzoneClusterImpl-b8077c48-d45a-4953-83b6-e1fc361e67bb/datanode-1/data/containers] WARN  fs.CachingGetSpaceUsed (CachingGetSpaceUsed.java:run(183)) - Thread Interrupted waiting to refresh disk information: sleep interrupted
2019-11-15 04:25:29,251 [main] INFO  ozoneimpl.OzoneContainer (OzoneContainer.java:stop(244)) - Attempting to stop container services.
2019-11-15 04:25:29,251 [main] INFO  impl.RaftServerProxy (RaftServerProxy.java:lambda$close$4(314)) - 20bbc30b-ac2f-443a-8d40-7c1ff9223c1a: close
2019-11-15 04:25:29,252 [main] INFO  impl.RaftServerImpl (RaftServerImpl.java:lambda$shutdown$3(250)) - 20bbc30b-ac2f-443a-8d40-7c1ff9223c1a@group-2157A9C13C12: shutdown
2019-11-15 04:25:29,252 [main] INFO  util.JmxRegister (JmxRegister.java:unregister(73)) - Successfully un-registered JMX Bean with object name Ratis:service=RaftServer,group=group-2157A9C13C12,id=20bbc30b-ac2f-443a-8d40-7c1ff9223c1a
2019-11-15 04:25:29,252 [main] INFO  impl.RoleInfo (RoleInfo.java:shutdownLeaderState(104)) - 20bbc30b-ac2f-443a-8d40-7c1ff9223c1a: shutdown LeaderState
2019-11-15 04:25:29,252 [main] INFO  impl.PendingRequests (PendingRequests.java:sendNotLeaderResponses(206)) - 20bbc30b-ac2f-443a-8d40-7c1ff9223c1a@group-2157A9C13C12-PendingRequests: sendNotLeaderResponses
2019-11-15 04:25:29,253 [main] INFO  impl.StateMachineUpdater (StateMachineUpdater.java:stopAndJoin(136)) - 20bbc30b-ac2f-443a-8d40-7c1ff9223c1a@group-2157A9C13C12-StateMachineUpdater: set stopIndex = 0
2019-11-15 04:25:29,253 [main] INFO  impl.RaftServerImpl (ServerState.java:close(387)) - 20bbc30b-ac2f-443a-8d40-7c1ff9223c1a@group-2157A9C13C12: closes. applyIndex: 0
2019-11-15 04:25:29,253 [20bbc30b-ac2f-443a-8d40-7c1ff9223c1a@group-2157A9C13C12-SegmentedRaftLogWorker] INFO  segmented.SegmentedRaftLogWorker (SegmentedRaftLogWorker.java:run(316)) - 20bbc30b-ac2f-443a-8d40-7c1ff9223c1a@group-2157A9C13C12-SegmentedRaftLogWorker was interrupted, exiting. There are 0 tasks remaining in the queue.
2019-11-15 04:25:29,254 [main] INFO  segmented.SegmentedRaftLogWorker (SegmentedRaftLogWorker.java:close(224)) - 20bbc30b-ac2f-443a-8d40-7c1ff9223c1a@group-2157A9C13C12-SegmentedRaftLogWorker close()
2019-11-15 04:25:29,255 [main] INFO  server.GrpcService (GrpcService.java:closeImpl(164)) - 20bbc30b-ac2f-443a-8d40-7c1ff9223c1a: shutdown server with port 40377 now
2019-11-15 04:25:29,255 [main] INFO  server.GrpcService (GrpcService.java:closeImpl(172)) - 20bbc30b-ac2f-443a-8d40-7c1ff9223c1a: shutdown server with port 40377 successfully
2019-11-15 04:25:29,257 [refreshUsed-/workdir/hadoop-ozone/integration-test/target/test-dir/MiniOzoneClusterImpl-b8077c48-d45a-4953-83b6-e1fc361e67bb/datanode-9/data/containers] WARN  fs.CachingGetSpaceUsed (CachingGetSpaceUsed.java:run(183)) - Thread Interrupted waiting to refresh disk information: sleep interrupted
2019-11-15 04:25:29,263 [ForkJoinPool.commonPool-worker-0] INFO  utils.BackgroundService (BackgroundService.java:shutdown(151)) - Shutting down service BlockDeletingService
2019-11-15 04:25:29,265 [ForkJoinPool.commonPool-worker-0] INFO  statemachine.DatanodeStateMachine (DatanodeStateMachine.java:stopDaemon(406)) - Ozone container server stopped.
2019-11-15 04:25:29,267 [ForkJoinPool.commonPool-worker-0] INFO  handler.ContextHandler (ContextHandler.java:doStop(910)) - Stopped o.e.j.w.WebAppContext@25ce435{/,null,UNAVAILABLE}{/hddsDatanode}
2019-11-15 04:25:29,268 [ForkJoinPool.commonPool-worker-0] INFO  server.AbstractConnector (AbstractConnector.java:doStop(318)) - Stopped ServerConnector@7ea71fc2{HTTP/1.1,[http/1.1]}{0.0.0.0:0}
2019-11-15 04:25:29,269 [ForkJoinPool.commonPool-worker-0] INFO  handler.ContextHandler (ContextHandler.java:doStop(910)) - Stopped o.e.j.s.ServletContextHandler@774d8276{/static,jar:file:/home/user/.m2/repository/org/apache/hadoop/hadoop-hdds-container-service/0.5.0-SNAPSHOT/hadoop-hdds-container-service-0.5.0-SNAPSHOT.jar!/webapps/static,UNAVAILABLE}
2019-11-15 04:25:29,270 [ForkJoinPool.commonPool-worker-0] INFO  handler.ContextHandler (ContextHandler.java:doStop(910)) - Stopped o.e.j.s.ServletContextHandler@19fbc594{/logs,file:///workdir/hadoop-ozone/integration-test/target/log,UNAVAILABLE}
2019-11-15 04:25:29,274 [main] INFO  utils.BackgroundService (BackgroundService.java:shutdown(151)) - Shutting down service BlockDeletingService
2019-11-15 04:25:29,276 [main] INFO  statemachine.DatanodeStateMachine (DatanodeStateMachine.java:stopDaemon(406)) - Ozone container server stopped.
2019-11-15 04:25:29,276 [main] INFO  handler.ContextHandler (ContextHandler.java:doStop(910)) - Stopped o.e.j.w.WebAppContext@504497fa{/,null,UNAVAILABLE}{/hddsDatanode}
2019-11-15 04:25:29,277 [main] INFO  server.AbstractConnector (AbstractConnector.java:doStop(318)) - Stopped ServerConnector@5618fc1f{HTTP/1.1,[http/1.1]}{0.0.0.0:0}
2019-11-15 04:25:29,277 [main] INFO  handler.ContextHandler (ContextHandler.java:doStop(910)) - Stopped o.e.j.s.ServletContextHandler@1ab53860{/static,jar:file:/home/user/.m2/repository/org/apache/hadoop/hadoop-hdds-container-service/0.5.0-SNAPSHOT/hadoop-hdds-container-service-0.5.0-SNAPSHOT.jar!/webapps/static,UNAVAILABLE}
2019-11-15 04:25:29,277 [main] INFO  handler.ContextHandler (ContextHandler.java:doStop(910)) - Stopped o.e.j.s.ServletContextHandler@17176b18{/logs,file:///workdir/hadoop-ozone/integration-test/target/log,UNAVAILABLE}
2019-11-15 04:25:29,545 [Thread-4137] INFO  impl.FollowerState (FollowerState.java:run(111)) - ddd86f17-0fb6-44dc-8f8a-1b8ddc68cc7e@group-C3E515194F35-FollowerState: change to CANDIDATE, lastRpcTime:1081ms, electionTimeout:1081ms
2019-11-15 04:25:29,545 [Thread-4137] INFO  impl.RoleInfo (RoleInfo.java:shutdownFollowerState(121)) - ddd86f17-0fb6-44dc-8f8a-1b8ddc68cc7e: shutdown FollowerState
2019-11-15 04:25:29,545 [Thread-4137] INFO  impl.RaftServerImpl (RaftServerImpl.java:setRole(173)) - ddd86f17-0fb6-44dc-8f8a-1b8ddc68cc7e@group-C3E515194F35: changes role from  FOLLOWER to CANDIDATE at term 5 for changeToCandidate
2019-11-15 04:25:29,545 [Thread-4137] INFO  impl.RoleInfo (RoleInfo.java:updateAndGet(143)) - ddd86f17-0fb6-44dc-8f8a-1b8ddc68cc7e: start LeaderElection
2019-11-15 04:25:29,639 [ddd86f17-0fb6-44dc-8f8a-1b8ddc68cc7e@group-C3E515194F35-LeaderElection212] INFO  impl.LeaderElection (LeaderElection.java:askForVotes(178)) - ddd86f17-0fb6-44dc-8f8a-1b8ddc68cc7e@group-C3E515194F35-LeaderElection212: begin an election at term 6 for 6: [ba7b154f-e59a-417b-969a-e8c75d4b6746:192.168.34.61:40163, ddd86f17-0fb6-44dc-8f8a-1b8ddc68cc7e:192.168.34.61:37754, 8e34abce-4df2-4d13-822a-b9906190a447:192.168.34.61:34382], old=null
2019-11-15 04:25:29,642 [ddd86f17-0fb6-44dc-8f8a-1b8ddc68cc7e@group-C3E515194F35-LeaderElection212] INFO  impl.LeaderElection (LogUtils.java:infoOrTrace(149)) - ddd86f17-0fb6-44dc-8f8a-1b8ddc68cc7e@group-C3E515194F35-LeaderElection212 got exception when requesting votes: {}
java.util.concurrent.ExecutionException: org.apache.ratis.thirdparty.io.grpc.StatusRuntimeException: UNAVAILABLE: io exception
	at java.util.concurrent.FutureTask.report(FutureTask.java:122)
	at java.util.concurrent.FutureTask.get(FutureTask.java:192)
	at org.apache.ratis.server.impl.LeaderElection.waitForResults(LeaderElection.java:259)
	at org.apache.ratis.server.impl.LeaderElection.askForVotes(LeaderElection.java:197)
	at org.apache.ratis.server.impl.LeaderElection.run(LeaderElection.java:133)
	at java.lang.Thread.run(Thread.java:748)
Caused by: org.apache.ratis.thirdparty.io.grpc.StatusRuntimeException: UNAVAILABLE: io exception
	at org.apache.ratis.thirdparty.io.grpc.stub.ClientCalls.toStatusRuntimeException(ClientCalls.java:233)
	at org.apache.ratis.thirdparty.io.grpc.stub.ClientCalls.getUnchecked(ClientCalls.java:214)
	at org.apache.ratis.thirdparty.io.grpc.stub.ClientCalls.blockingUnaryCall(ClientCalls.java:139)
	at org.apache.ratis.proto.grpc.RaftServerProtocolServiceGrpc$RaftServerProtocolServiceBlockingStub.requestVote(RaftServerProtocolServiceGrpc.java:265)
	at org.apache.ratis.grpc.server.GrpcServerProtocolClient.requestVote(GrpcServerProtocolClient.java:99)
	at org.apache.ratis.grpc.server.GrpcService.requestVote(GrpcService.java:204)
	at org.apache.ratis.server.impl.LeaderElection.lambda$submitRequests$1(LeaderElection.java:234)
	at java.util.concurrent.FutureTask.run(FutureTask.java:266)
	at java.util.concurrent.Executors$RunnableAdapter.call(Executors.java:511)
	at java.util.concurrent.FutureTask.run(FutureTask.java:266)
	at java.util.concurrent.ThreadPoolExecutor.runWorker(ThreadPoolExecutor.java:1149)
	at java.util.concurrent.ThreadPoolExecutor$Worker.run(ThreadPoolExecutor.java:624)
	... 1 more
Caused by: org.apache.ratis.thirdparty.io.netty.channel.AbstractChannel$AnnotatedConnectException: Connection refused: /192.168.34.61:40163
	at sun.nio.ch.SocketChannelImpl.checkConnect(Native Method)
	at sun.nio.ch.SocketChannelImpl.finishConnect(SocketChannelImpl.java:717)
	at org.apache.ratis.thirdparty.io.netty.channel.socket.nio.NioSocketChannel.doFinishConnect(NioSocketChannel.java:327)
	at org.apache.ratis.thirdparty.io.netty.channel.nio.AbstractNioChannel$AbstractNioUnsafe.finishConnect(AbstractNioChannel.java:340)
	at org.apache.ratis.thirdparty.io.netty.channel.nio.NioEventLoop.processSelectedKey(NioEventLoop.java:632)
	at org.apache.ratis.thirdparty.io.netty.channel.nio.NioEventLoop.processSelectedKeysOptimized(NioEventLoop.java:579)
	at org.apache.ratis.thirdparty.io.netty.channel.nio.NioEventLoop.processSelectedKeys(NioEventLoop.java:496)
	at org.apache.ratis.thirdparty.io.netty.channel.nio.NioEventLoop.run(NioEventLoop.java:458)
	at org.apache.ratis.thirdparty.io.netty.util.concurrent.SingleThreadEventExecutor$5.run(SingleThreadEventExecutor.java:897)
	at org.apache.ratis.thirdparty.io.netty.util.concurrent.FastThreadLocalRunnable.run(FastThreadLocalRunnable.java:30)
	... 1 more
Caused by: java.net.ConnectException: Connection refused
	... 11 more
2019-11-15 04:25:29,642 [ddd86f17-0fb6-44dc-8f8a-1b8ddc68cc7e@group-C3E515194F35-LeaderElection212] INFO  impl.LeaderElection (LogUtils.java:infoOrTrace(149)) - ddd86f17-0fb6-44dc-8f8a-1b8ddc68cc7e@group-C3E515194F35-LeaderElection212 got exception when requesting votes: {}
java.util.concurrent.ExecutionException: org.apache.ratis.thirdparty.io.grpc.StatusRuntimeException: UNAVAILABLE: io exception
	at java.util.concurrent.FutureTask.report(FutureTask.java:122)
	at java.util.concurrent.FutureTask.get(FutureTask.java:192)
	at org.apache.ratis.server.impl.LeaderElection.waitForResults(LeaderElection.java:259)
	at org.apache.ratis.server.impl.LeaderElection.askForVotes(LeaderElection.java:197)
	at org.apache.ratis.server.impl.LeaderElection.run(LeaderElection.java:133)
	at java.lang.Thread.run(Thread.java:748)
Caused by: org.apache.ratis.thirdparty.io.grpc.StatusRuntimeException: UNAVAILABLE: io exception
	at org.apache.ratis.thirdparty.io.grpc.stub.ClientCalls.toStatusRuntimeException(ClientCalls.java:233)
	at org.apache.ratis.thirdparty.io.grpc.stub.ClientCalls.getUnchecked(ClientCalls.java:214)
	at org.apache.ratis.thirdparty.io.grpc.stub.ClientCalls.blockingUnaryCall(ClientCalls.java:139)
	at org.apache.ratis.proto.grpc.RaftServerProtocolServiceGrpc$RaftServerProtocolServiceBlockingStub.requestVote(RaftServerProtocolServiceGrpc.java:265)
	at org.apache.ratis.grpc.server.GrpcServerProtocolClient.requestVote(GrpcServerProtocolClient.java:99)
	at org.apache.ratis.grpc.server.GrpcService.requestVote(GrpcService.java:204)
	at org.apache.ratis.server.impl.LeaderElection.lambda$submitRequests$1(LeaderElection.java:234)
	at java.util.concurrent.FutureTask.run(FutureTask.java:266)
	at java.util.concurrent.Executors$RunnableAdapter.call(Executors.java:511)
	at java.util.concurrent.FutureTask.run(FutureTask.java:266)
	at java.util.concurrent.ThreadPoolExecutor.runWorker(ThreadPoolExecutor.java:1149)
	at java.util.concurrent.ThreadPoolExecutor$Worker.run(ThreadPoolExecutor.java:624)
	... 1 more
Caused by: org.apache.ratis.thirdparty.io.netty.channel.AbstractChannel$AnnotatedConnectException: Connection refused: /192.168.34.61:34382
	at sun.nio.ch.SocketChannelImpl.checkConnect(Native Method)
	at sun.nio.ch.SocketChannelImpl.finishConnect(SocketChannelImpl.java:717)
	at org.apache.ratis.thirdparty.io.netty.channel.socket.nio.NioSocketChannel.doFinishConnect(NioSocketChannel.java:327)
	at org.apache.ratis.thirdparty.io.netty.channel.nio.AbstractNioChannel$AbstractNioUnsafe.finishConnect(AbstractNioChannel.java:340)
	at org.apache.ratis.thirdparty.io.netty.channel.nio.NioEventLoop.processSelectedKey(NioEventLoop.java:632)
	at org.apache.ratis.thirdparty.io.netty.channel.nio.NioEventLoop.processSelectedKeysOptimized(NioEventLoop.java:579)
	at org.apache.ratis.thirdparty.io.netty.channel.nio.NioEventLoop.processSelectedKeys(NioEventLoop.java:496)
	at org.apache.ratis.thirdparty.io.netty.channel.nio.NioEventLoop.run(NioEventLoop.java:458)
	at org.apache.ratis.thirdparty.io.netty.util.concurrent.SingleThreadEventExecutor$5.run(SingleThreadEventExecutor.java:897)
	at org.apache.ratis.thirdparty.io.netty.util.concurrent.FastThreadLocalRunnable.run(FastThreadLocalRunnable.java:30)
	... 1 more
Caused by: java.net.ConnectException: Connection refused
	... 11 more
2019-11-15 04:25:29,643 [ddd86f17-0fb6-44dc-8f8a-1b8ddc68cc7e@group-C3E515194F35-LeaderElection212] INFO  impl.LeaderElection (LeaderElection.java:logAndReturn(56)) - ddd86f17-0fb6-44dc-8f8a-1b8ddc68cc7e@group-C3E515194F35-LeaderElection212: Election REJECTED; received 0 response(s) [] and 2 exception(s); ddd86f17-0fb6-44dc-8f8a-1b8ddc68cc7e@group-C3E515194F35:t6, leader=null, voted=ddd86f17-0fb6-44dc-8f8a-1b8ddc68cc7e, raftlog=ddd86f17-0fb6-44dc-8f8a-1b8ddc68cc7e@group-C3E515194F35-SegmentedRaftLog:OPENED:c7,f7,i7, conf=6: [ba7b154f-e59a-417b-969a-e8c75d4b6746:192.168.34.61:40163, ddd86f17-0fb6-44dc-8f8a-1b8ddc68cc7e:192.168.34.61:37754, 8e34abce-4df2-4d13-822a-b9906190a447:192.168.34.61:34382], old=null
2019-11-15 04:25:29,644 [ddd86f17-0fb6-44dc-8f8a-1b8ddc68cc7e@group-C3E515194F35-LeaderElection212] INFO  impl.LeaderElection (LogUtils.java:infoOrTrace(149)) -   Exception 0: {}
java.util.concurrent.ExecutionException: org.apache.ratis.thirdparty.io.grpc.StatusRuntimeException: UNAVAILABLE: io exception
	at java.util.concurrent.FutureTask.report(FutureTask.java:122)
	at java.util.concurrent.FutureTask.get(FutureTask.java:192)
	at org.apache.ratis.server.impl.LeaderElection.waitForResults(LeaderElection.java:259)
	at org.apache.ratis.server.impl.LeaderElection.askForVotes(LeaderElection.java:197)
	at org.apache.ratis.server.impl.LeaderElection.run(LeaderElection.java:133)
	at java.lang.Thread.run(Thread.java:748)
Caused by: org.apache.ratis.thirdparty.io.grpc.StatusRuntimeException: UNAVAILABLE: io exception
	at org.apache.ratis.thirdparty.io.grpc.stub.ClientCalls.toStatusRuntimeException(ClientCalls.java:233)
	at org.apache.ratis.thirdparty.io.grpc.stub.ClientCalls.getUnchecked(ClientCalls.java:214)
	at org.apache.ratis.thirdparty.io.grpc.stub.ClientCalls.blockingUnaryCall(ClientCalls.java:139)
	at org.apache.ratis.proto.grpc.RaftServerProtocolServiceGrpc$RaftServerProtocolServiceBlockingStub.requestVote(RaftServerProtocolServiceGrpc.java:265)
	at org.apache.ratis.grpc.server.GrpcServerProtocolClient.requestVote(GrpcServerProtocolClient.java:99)
	at org.apache.ratis.grpc.server.GrpcService.requestVote(GrpcService.java:204)
	at org.apache.ratis.server.impl.LeaderElection.lambda$submitRequests$1(LeaderElection.java:234)
	at java.util.concurrent.FutureTask.run(FutureTask.java:266)
	at java.util.concurrent.Executors$RunnableAdapter.call(Executors.java:511)
	at java.util.concurrent.FutureTask.run(FutureTask.java:266)
	at java.util.concurrent.ThreadPoolExecutor.runWorker(ThreadPoolExecutor.java:1149)
	at java.util.concurrent.ThreadPoolExecutor$Worker.run(ThreadPoolExecutor.java:624)
	... 1 more
Caused by: org.apache.ratis.thirdparty.io.netty.channel.AbstractChannel$AnnotatedConnectException: Connection refused: /192.168.34.61:40163
	at sun.nio.ch.SocketChannelImpl.checkConnect(Native Method)
	at sun.nio.ch.SocketChannelImpl.finishConnect(SocketChannelImpl.java:717)
	at org.apache.ratis.thirdparty.io.netty.channel.socket.nio.NioSocketChannel.doFinishConnect(NioSocketChannel.java:327)
	at org.apache.ratis.thirdparty.io.netty.channel.nio.AbstractNioChannel$AbstractNioUnsafe.finishConnect(AbstractNioChannel.java:340)
	at org.apache.ratis.thirdparty.io.netty.channel.nio.NioEventLoop.processSelectedKey(NioEventLoop.java:632)
	at org.apache.ratis.thirdparty.io.netty.channel.nio.NioEventLoop.processSelectedKeysOptimized(NioEventLoop.java:579)
	at org.apache.ratis.thirdparty.io.netty.channel.nio.NioEventLoop.processSelectedKeys(NioEventLoop.java:496)
	at org.apache.ratis.thirdparty.io.netty.channel.nio.NioEventLoop.run(NioEventLoop.java:458)
	at org.apache.ratis.thirdparty.io.netty.util.concurrent.SingleThreadEventExecutor$5.run(SingleThreadEventExecutor.java:897)
	at org.apache.ratis.thirdparty.io.netty.util.concurrent.FastThreadLocalRunnable.run(FastThreadLocalRunnable.java:30)
	... 1 more
Caused by: java.net.ConnectException: Connection refused
	... 11 more
2019-11-15 04:25:29,644 [ddd86f17-0fb6-44dc-8f8a-1b8ddc68cc7e@group-C3E515194F35-LeaderElection212] INFO  impl.LeaderElection (LogUtils.java:infoOrTrace(149)) -   Exception 1: {}
java.util.concurrent.ExecutionException: org.apache.ratis.thirdparty.io.grpc.StatusRuntimeException: UNAVAILABLE: io exception
	at java.util.concurrent.FutureTask.report(FutureTask.java:122)
	at java.util.concurrent.FutureTask.get(FutureTask.java:192)
	at org.apache.ratis.server.impl.LeaderElection.waitForResults(LeaderElection.java:259)
	at org.apache.ratis.server.impl.LeaderElection.askForVotes(LeaderElection.java:197)
	at org.apache.ratis.server.impl.LeaderElection.run(LeaderElection.java:133)
	at java.lang.Thread.run(Thread.java:748)
Caused by: org.apache.ratis.thirdparty.io.grpc.StatusRuntimeException: UNAVAILABLE: io exception
	at org.apache.ratis.thirdparty.io.grpc.stub.ClientCalls.toStatusRuntimeException(ClientCalls.java:233)
	at org.apache.ratis.thirdparty.io.grpc.stub.ClientCalls.getUnchecked(ClientCalls.java:214)
	at org.apache.ratis.thirdparty.io.grpc.stub.ClientCalls.blockingUnaryCall(ClientCalls.java:139)
	at org.apache.ratis.proto.grpc.RaftServerProtocolServiceGrpc$RaftServerProtocolServiceBlockingStub.requestVote(RaftServerProtocolServiceGrpc.java:265)
	at org.apache.ratis.grpc.server.GrpcServerProtocolClient.requestVote(GrpcServerProtocolClient.java:99)
	at org.apache.ratis.grpc.server.GrpcService.requestVote(GrpcService.java:204)
	at org.apache.ratis.server.impl.LeaderElection.lambda$submitRequests$1(LeaderElection.java:234)
	at java.util.concurrent.FutureTask.run(FutureTask.java:266)
	at java.util.concurrent.Executors$RunnableAdapter.call(Executors.java:511)
	at java.util.concurrent.FutureTask.run(FutureTask.java:266)
	at java.util.concurrent.ThreadPoolExecutor.runWorker(ThreadPoolExecutor.java:1149)
	at java.util.concurrent.ThreadPoolExecutor$Worker.run(ThreadPoolExecutor.java:624)
	... 1 more
Caused by: org.apache.ratis.thirdparty.io.netty.channel.AbstractChannel$AnnotatedConnectException: Connection refused: /192.168.34.61:34382
	at sun.nio.ch.SocketChannelImpl.checkConnect(Native Method)
	at sun.nio.ch.SocketChannelImpl.finishConnect(SocketChannelImpl.java:717)
	at org.apache.ratis.thirdparty.io.netty.channel.socket.nio.NioSocketChannel.doFinishConnect(NioSocketChannel.java:327)
	at org.apache.ratis.thirdparty.io.netty.channel.nio.AbstractNioChannel$AbstractNioUnsafe.finishConnect(AbstractNioChannel.java:340)
	at org.apache.ratis.thirdparty.io.netty.channel.nio.NioEventLoop.processSelectedKey(NioEventLoop.java:632)
	at org.apache.ratis.thirdparty.io.netty.channel.nio.NioEventLoop.processSelectedKeysOptimized(NioEventLoop.java:579)
	at org.apache.ratis.thirdparty.io.netty.channel.nio.NioEventLoop.processSelectedKeys(NioEventLoop.java:496)
	at org.apache.ratis.thirdparty.io.netty.channel.nio.NioEventLoop.run(NioEventLoop.java:458)
	at org.apache.ratis.thirdparty.io.netty.util.concurrent.SingleThreadEventExecutor$5.run(SingleThreadEventExecutor.java:897)
	at org.apache.ratis.thirdparty.io.netty.util.concurrent.FastThreadLocalRunnable.run(FastThreadLocalRunnable.java:30)
	... 1 more
Caused by: java.net.ConnectException: Connection refused
	... 11 more
2019-11-15 04:25:29,645 [ddd86f17-0fb6-44dc-8f8a-1b8ddc68cc7e@group-C3E515194F35-LeaderElection212] INFO  impl.RaftServerImpl (RaftServerImpl.java:setRole(173)) - ddd86f17-0fb6-44dc-8f8a-1b8ddc68cc7e@group-C3E515194F35: changes role from CANDIDATE to FOLLOWER at term 6 for DISCOVERED_A_NEW_TERM
2019-11-15 04:25:29,645 [ddd86f17-0fb6-44dc-8f8a-1b8ddc68cc7e@group-C3E515194F35-LeaderElection212] INFO  impl.RoleInfo (RoleInfo.java:shutdownLeaderElection(134)) - ddd86f17-0fb6-44dc-8f8a-1b8ddc68cc7e: shutdown LeaderElection
2019-11-15 04:25:29,645 [ddd86f17-0fb6-44dc-8f8a-1b8ddc68cc7e@group-C3E515194F35-LeaderElection212] INFO  impl.RoleInfo (RoleInfo.java:updateAndGet(143)) - ddd86f17-0fb6-44dc-8f8a-1b8ddc68cc7e: start FollowerState
2019-11-15 04:25:29,858 [Datanode State Machine Thread - 0] INFO  statemachine.DatanodeStateMachine (DatanodeStateMachine.java:lambda$startDaemon$0(361)) - Ozone container server started.
2019-11-15 04:25:30,789 [Thread-4141] INFO  impl.FollowerState (FollowerState.java:run(111)) - ddd86f17-0fb6-44dc-8f8a-1b8ddc68cc7e@group-C3E515194F35-FollowerState: change to CANDIDATE, lastRpcTime:1143ms, electionTimeout:1143ms
2019-11-15 04:25:30,789 [Thread-4141] INFO  impl.RoleInfo (RoleInfo.java:shutdownFollowerState(121)) - ddd86f17-0fb6-44dc-8f8a-1b8ddc68cc7e: shutdown FollowerState
2019-11-15 04:25:30,789 [Thread-4141] INFO  impl.RaftServerImpl (RaftServerImpl.java:setRole(173)) - ddd86f17-0fb6-44dc-8f8a-1b8ddc68cc7e@group-C3E515194F35: changes role from  FOLLOWER to CANDIDATE at term 6 for changeToCandidate
2019-11-15 04:25:30,789 [Thread-4141] INFO  impl.RoleInfo (RoleInfo.java:updateAndGet(143)) - ddd86f17-0fb6-44dc-8f8a-1b8ddc68cc7e: start LeaderElection
2019-11-15 04:25:30,932 [ddd86f17-0fb6-44dc-8f8a-1b8ddc68cc7e@group-C3E515194F35-LeaderElection213] INFO  impl.LeaderElection (LeaderElection.java:askForVotes(178)) - ddd86f17-0fb6-44dc-8f8a-1b8ddc68cc7e@group-C3E515194F35-LeaderElection213: begin an election at term 7 for 6: [ba7b154f-e59a-417b-969a-e8c75d4b6746:192.168.34.61:40163, ddd86f17-0fb6-44dc-8f8a-1b8ddc68cc7e:192.168.34.61:37754, 8e34abce-4df2-4d13-822a-b9906190a447:192.168.34.61:34382], old=null
2019-11-15 04:25:30,933 [ddd86f17-0fb6-44dc-8f8a-1b8ddc68cc7e@group-C3E515194F35-LeaderElection213] INFO  impl.LeaderElection (LogUtils.java:infoOrTrace(149)) - ddd86f17-0fb6-44dc-8f8a-1b8ddc68cc7e@group-C3E515194F35-LeaderElection213 got exception when requesting votes: {}
java.util.concurrent.ExecutionException: org.apache.ratis.thirdparty.io.grpc.StatusRuntimeException: UNAVAILABLE: io exception
	at java.util.concurrent.FutureTask.report(FutureTask.java:122)
	at java.util.concurrent.FutureTask.get(FutureTask.java:192)
	at org.apache.ratis.server.impl.LeaderElection.waitForResults(LeaderElection.java:259)
	at org.apache.ratis.server.impl.LeaderElection.askForVotes(LeaderElection.java:197)
	at org.apache.ratis.server.impl.LeaderElection.run(LeaderElection.java:133)
	at java.lang.Thread.run(Thread.java:748)
Caused by: org.apache.ratis.thirdparty.io.grpc.StatusRuntimeException: UNAVAILABLE: io exception
	at org.apache.ratis.thirdparty.io.grpc.stub.ClientCalls.toStatusRuntimeException(ClientCalls.java:233)
	at org.apache.ratis.thirdparty.io.grpc.stub.ClientCalls.getUnchecked(ClientCalls.java:214)
	at org.apache.ratis.thirdparty.io.grpc.stub.ClientCalls.blockingUnaryCall(ClientCalls.java:139)
	at org.apache.ratis.proto.grpc.RaftServerProtocolServiceGrpc$RaftServerProtocolServiceBlockingStub.requestVote(RaftServerProtocolServiceGrpc.java:265)
	at org.apache.ratis.grpc.server.GrpcServerProtocolClient.requestVote(GrpcServerProtocolClient.java:99)
	at org.apache.ratis.grpc.server.GrpcService.requestVote(GrpcService.java:204)
	at org.apache.ratis.server.impl.LeaderElection.lambda$submitRequests$1(LeaderElection.java:234)
	at java.util.concurrent.FutureTask.run(FutureTask.java:266)
	at java.util.concurrent.Executors$RunnableAdapter.call(Executors.java:511)
	at java.util.concurrent.FutureTask.run(FutureTask.java:266)
	at java.util.concurrent.ThreadPoolExecutor.runWorker(ThreadPoolExecutor.java:1149)
	at java.util.concurrent.ThreadPoolExecutor$Worker.run(ThreadPoolExecutor.java:624)
	... 1 more
Caused by: org.apache.ratis.thirdparty.io.netty.channel.AbstractChannel$AnnotatedConnectException: Connection refused: /192.168.34.61:34382
	at sun.nio.ch.SocketChannelImpl.checkConnect(Native Method)
	at sun.nio.ch.SocketChannelImpl.finishConnect(SocketChannelImpl.java:717)
	at org.apache.ratis.thirdparty.io.netty.channel.socket.nio.NioSocketChannel.doFinishConnect(NioSocketChannel.java:327)
	at org.apache.ratis.thirdparty.io.netty.channel.nio.AbstractNioChannel$AbstractNioUnsafe.finishConnect(AbstractNioChannel.java:340)
	at org.apache.ratis.thirdparty.io.netty.channel.nio.NioEventLoop.processSelectedKey(NioEventLoop.java:632)
	at org.apache.ratis.thirdparty.io.netty.channel.nio.NioEventLoop.processSelectedKeysOptimized(NioEventLoop.java:579)
	at org.apache.ratis.thirdparty.io.netty.channel.nio.NioEventLoop.processSelectedKeys(NioEventLoop.java:496)
	at org.apache.ratis.thirdparty.io.netty.channel.nio.NioEventLoop.run(NioEventLoop.java:458)
	at org.apache.ratis.thirdparty.io.netty.util.concurrent.SingleThreadEventExecutor$5.run(SingleThreadEventExecutor.java:897)
	at org.apache.ratis.thirdparty.io.netty.util.concurrent.FastThreadLocalRunnable.run(FastThreadLocalRunnable.java:30)
	... 1 more
Caused by: java.net.ConnectException: Connection refused
	... 11 more
2019-11-15 04:25:30,933 [ddd86f17-0fb6-44dc-8f8a-1b8ddc68cc7e@group-C3E515194F35-LeaderElection213] INFO  impl.LeaderElection (LogUtils.java:infoOrTrace(149)) - ddd86f17-0fb6-44dc-8f8a-1b8ddc68cc7e@group-C3E515194F35-LeaderElection213 got exception when requesting votes: {}
java.util.concurrent.ExecutionException: org.apache.ratis.thirdparty.io.grpc.StatusRuntimeException: UNAVAILABLE: io exception
	at java.util.concurrent.FutureTask.report(FutureTask.java:122)
	at java.util.concurrent.FutureTask.get(FutureTask.java:192)
	at org.apache.ratis.server.impl.LeaderElection.waitForResults(LeaderElection.java:259)
	at org.apache.ratis.server.impl.LeaderElection.askForVotes(LeaderElection.java:197)
	at org.apache.ratis.server.impl.LeaderElection.run(LeaderElection.java:133)
	at java.lang.Thread.run(Thread.java:748)
Caused by: org.apache.ratis.thirdparty.io.grpc.StatusRuntimeException: UNAVAILABLE: io exception
	at org.apache.ratis.thirdparty.io.grpc.stub.ClientCalls.toStatusRuntimeException(ClientCalls.java:233)
	at org.apache.ratis.thirdparty.io.grpc.stub.ClientCalls.getUnchecked(ClientCalls.java:214)
	at org.apache.ratis.thirdparty.io.grpc.stub.ClientCalls.blockingUnaryCall(ClientCalls.java:139)
	at org.apache.ratis.proto.grpc.RaftServerProtocolServiceGrpc$RaftServerProtocolServiceBlockingStub.requestVote(RaftServerProtocolServiceGrpc.java:265)
	at org.apache.ratis.grpc.server.GrpcServerProtocolClient.requestVote(GrpcServerProtocolClient.java:99)
	at org.apache.ratis.grpc.server.GrpcService.requestVote(GrpcService.java:204)
	at org.apache.ratis.server.impl.LeaderElection.lambda$submitRequests$1(LeaderElection.java:234)
	at java.util.concurrent.FutureTask.run(FutureTask.java:266)
	at java.util.concurrent.Executors$RunnableAdapter.call(Executors.java:511)
	at java.util.concurrent.FutureTask.run(FutureTask.java:266)
	at java.util.concurrent.ThreadPoolExecutor.runWorker(ThreadPoolExecutor.java:1149)
	at java.util.concurrent.ThreadPoolExecutor$Worker.run(ThreadPoolExecutor.java:624)
	... 1 more
Caused by: org.apache.ratis.thirdparty.io.netty.channel.AbstractChannel$AnnotatedConnectException: Connection refused: /192.168.34.61:40163
	at sun.nio.ch.SocketChannelImpl.checkConnect(Native Method)
	at sun.nio.ch.SocketChannelImpl.finishConnect(SocketChannelImpl.java:717)
	at org.apache.ratis.thirdparty.io.netty.channel.socket.nio.NioSocketChannel.doFinishConnect(NioSocketChannel.java:327)
	at org.apache.ratis.thirdparty.io.netty.channel.nio.AbstractNioChannel$AbstractNioUnsafe.finishConnect(AbstractNioChannel.java:340)
	at org.apache.ratis.thirdparty.io.netty.channel.nio.NioEventLoop.processSelectedKey(NioEventLoop.java:632)
	at org.apache.ratis.thirdparty.io.netty.channel.nio.NioEventLoop.processSelectedKeysOptimized(NioEventLoop.java:579)
	at org.apache.ratis.thirdparty.io.netty.channel.nio.NioEventLoop.processSelectedKeys(NioEventLoop.java:496)
	at org.apache.ratis.thirdparty.io.netty.channel.nio.NioEventLoop.run(NioEventLoop.java:458)
	at org.apache.ratis.thirdparty.io.netty.util.concurrent.SingleThreadEventExecutor$5.run(SingleThreadEventExecutor.java:897)
	at org.apache.ratis.thirdparty.io.netty.util.concurrent.FastThreadLocalRunnable.run(FastThreadLocalRunnable.java:30)
	... 1 more
Caused by: java.net.ConnectException: Connection refused
	... 11 more
2019-11-15 04:25:30,933 [ddd86f17-0fb6-44dc-8f8a-1b8ddc68cc7e@group-C3E515194F35-LeaderElection213] INFO  impl.LeaderElection (LeaderElection.java:logAndReturn(56)) - ddd86f17-0fb6-44dc-8f8a-1b8ddc68cc7e@group-C3E515194F35-LeaderElection213: Election REJECTED; received 0 response(s) [] and 2 exception(s); ddd86f17-0fb6-44dc-8f8a-1b8ddc68cc7e@group-C3E515194F35:t7, leader=null, voted=ddd86f17-0fb6-44dc-8f8a-1b8ddc68cc7e, raftlog=ddd86f17-0fb6-44dc-8f8a-1b8ddc68cc7e@group-C3E515194F35-SegmentedRaftLog:OPENED:c7,f7,i7, conf=6: [ba7b154f-e59a-417b-969a-e8c75d4b6746:192.168.34.61:40163, ddd86f17-0fb6-44dc-8f8a-1b8ddc68cc7e:192.168.34.61:37754, 8e34abce-4df2-4d13-822a-b9906190a447:192.168.34.61:34382], old=null
2019-11-15 04:25:30,933 [ddd86f17-0fb6-44dc-8f8a-1b8ddc68cc7e@group-C3E515194F35-LeaderElection213] INFO  impl.LeaderElection (LogUtils.java:infoOrTrace(149)) -   Exception 0: {}
java.util.concurrent.ExecutionException: org.apache.ratis.thirdparty.io.grpc.StatusRuntimeException: UNAVAILABLE: io exception
	at java.util.concurrent.FutureTask.report(FutureTask.java:122)
	at java.util.concurrent.FutureTask.get(FutureTask.java:192)
	at org.apache.ratis.server.impl.LeaderElection.waitForResults(LeaderElection.java:259)
	at org.apache.ratis.server.impl.LeaderElection.askForVotes(LeaderElection.java:197)
	at org.apache.ratis.server.impl.LeaderElection.run(LeaderElection.java:133)
	at java.lang.Thread.run(Thread.java:748)
Caused by: org.apache.ratis.thirdparty.io.grpc.StatusRuntimeException: UNAVAILABLE: io exception
	at org.apache.ratis.thirdparty.io.grpc.stub.ClientCalls.toStatusRuntimeException(ClientCalls.java:233)
	at org.apache.ratis.thirdparty.io.grpc.stub.ClientCalls.getUnchecked(ClientCalls.java:214)
	at org.apache.ratis.thirdparty.io.grpc.stub.ClientCalls.blockingUnaryCall(ClientCalls.java:139)
	at org.apache.ratis.proto.grpc.RaftServerProtocolServiceGrpc$RaftServerProtocolServiceBlockingStub.requestVote(RaftServerProtocolServiceGrpc.java:265)
	at org.apache.ratis.grpc.server.GrpcServerProtocolClient.requestVote(GrpcServerProtocolClient.java:99)
	at org.apache.ratis.grpc.server.GrpcService.requestVote(GrpcService.java:204)
	at org.apache.ratis.server.impl.LeaderElection.lambda$submitRequests$1(LeaderElection.java:234)
	at java.util.concurrent.FutureTask.run(FutureTask.java:266)
	at java.util.concurrent.Executors$RunnableAdapter.call(Executors.java:511)
	at java.util.concurrent.FutureTask.run(FutureTask.java:266)
	at java.util.concurrent.ThreadPoolExecutor.runWorker(ThreadPoolExecutor.java:1149)
	at java.util.concurrent.ThreadPoolExecutor$Worker.run(ThreadPoolExecutor.java:624)
	... 1 more
Caused by: org.apache.ratis.thirdparty.io.netty.channel.AbstractChannel$AnnotatedConnectException: Connection refused: /192.168.34.61:34382
	at sun.nio.ch.SocketChannelImpl.checkConnect(Native Method)
	at sun.nio.ch.SocketChannelImpl.finishConnect(SocketChannelImpl.java:717)
	at org.apache.ratis.thirdparty.io.netty.channel.socket.nio.NioSocketChannel.doFinishConnect(NioSocketChannel.java:327)
	at org.apache.ratis.thirdparty.io.netty.channel.nio.AbstractNioChannel$AbstractNioUnsafe.finishConnect(AbstractNioChannel.java:340)
	at org.apache.ratis.thirdparty.io.netty.channel.nio.NioEventLoop.processSelectedKey(NioEventLoop.java:632)
	at org.apache.ratis.thirdparty.io.netty.channel.nio.NioEventLoop.processSelectedKeysOptimized(NioEventLoop.java:579)
	at org.apache.ratis.thirdparty.io.netty.channel.nio.NioEventLoop.processSelectedKeys(NioEventLoop.java:496)
	at org.apache.ratis.thirdparty.io.netty.channel.nio.NioEventLoop.run(NioEventLoop.java:458)
	at org.apache.ratis.thirdparty.io.netty.util.concurrent.SingleThreadEventExecutor$5.run(SingleThreadEventExecutor.java:897)
	at org.apache.ratis.thirdparty.io.netty.util.concurrent.FastThreadLocalRunnable.run(FastThreadLocalRunnable.java:30)
	... 1 more
Caused by: java.net.ConnectException: Connection refused
	... 11 more
2019-11-15 04:25:30,934 [ddd86f17-0fb6-44dc-8f8a-1b8ddc68cc7e@group-C3E515194F35-LeaderElection213] INFO  impl.LeaderElection (LogUtils.java:infoOrTrace(149)) -   Exception 1: {}
java.util.concurrent.ExecutionException: org.apache.ratis.thirdparty.io.grpc.StatusRuntimeException: UNAVAILABLE: io exception
	at java.util.concurrent.FutureTask.report(FutureTask.java:122)
	at java.util.concurrent.FutureTask.get(FutureTask.java:192)
	at org.apache.ratis.server.impl.LeaderElection.waitForResults(LeaderElection.java:259)
	at org.apache.ratis.server.impl.LeaderElection.askForVotes(LeaderElection.java:197)
	at org.apache.ratis.server.impl.LeaderElection.run(LeaderElection.java:133)
	at java.lang.Thread.run(Thread.java:748)
Caused by: org.apache.ratis.thirdparty.io.grpc.StatusRuntimeException: UNAVAILABLE: io exception
	at org.apache.ratis.thirdparty.io.grpc.stub.ClientCalls.toStatusRuntimeException(ClientCalls.java:233)
	at org.apache.ratis.thirdparty.io.grpc.stub.ClientCalls.getUnchecked(ClientCalls.java:214)
	at org.apache.ratis.thirdparty.io.grpc.stub.ClientCalls.blockingUnaryCall(ClientCalls.java:139)
	at org.apache.ratis.proto.grpc.RaftServerProtocolServiceGrpc$RaftServerProtocolServiceBlockingStub.requestVote(RaftServerProtocolServiceGrpc.java:265)
	at org.apache.ratis.grpc.server.GrpcServerProtocolClient.requestVote(GrpcServerProtocolClient.java:99)
	at org.apache.ratis.grpc.server.GrpcService.requestVote(GrpcService.java:204)
	at org.apache.ratis.server.impl.LeaderElection.lambda$submitRequests$1(LeaderElection.java:234)
	at java.util.concurrent.FutureTask.run(FutureTask.java:266)
	at java.util.concurrent.Executors$RunnableAdapter.call(Executors.java:511)
	at java.util.concurrent.FutureTask.run(FutureTask.java:266)
	at java.util.concurrent.ThreadPoolExecutor.runWorker(ThreadPoolExecutor.java:1149)
	at java.util.concurrent.ThreadPoolExecutor$Worker.run(ThreadPoolExecutor.java:624)
	... 1 more
Caused by: org.apache.ratis.thirdparty.io.netty.channel.AbstractChannel$AnnotatedConnectException: Connection refused: /192.168.34.61:40163
	at sun.nio.ch.SocketChannelImpl.checkConnect(Native Method)
	at sun.nio.ch.SocketChannelImpl.finishConnect(SocketChannelImpl.java:717)
	at org.apache.ratis.thirdparty.io.netty.channel.socket.nio.NioSocketChannel.doFinishConnect(NioSocketChannel.java:327)
	at org.apache.ratis.thirdparty.io.netty.channel.nio.AbstractNioChannel$AbstractNioUnsafe.finishConnect(AbstractNioChannel.java:340)
	at org.apache.ratis.thirdparty.io.netty.channel.nio.NioEventLoop.processSelectedKey(NioEventLoop.java:632)
	at org.apache.ratis.thirdparty.io.netty.channel.nio.NioEventLoop.processSelectedKeysOptimized(NioEventLoop.java:579)
	at org.apache.ratis.thirdparty.io.netty.channel.nio.NioEventLoop.processSelectedKeys(NioEventLoop.java:496)
	at org.apache.ratis.thirdparty.io.netty.channel.nio.NioEventLoop.run(NioEventLoop.java:458)
	at org.apache.ratis.thirdparty.io.netty.util.concurrent.SingleThreadEventExecutor$5.run(SingleThreadEventExecutor.java:897)
	at org.apache.ratis.thirdparty.io.netty.util.concurrent.FastThreadLocalRunnable.run(FastThreadLocalRunnable.java:30)
	... 1 more
Caused by: java.net.ConnectException: Connection refused
	... 11 more
2019-11-15 04:25:30,934 [ddd86f17-0fb6-44dc-8f8a-1b8ddc68cc7e@group-C3E515194F35-LeaderElection213] INFO  impl.RaftServerImpl (RaftServerImpl.java:setRole(173)) - ddd86f17-0fb6-44dc-8f8a-1b8ddc68cc7e@group-C3E515194F35: changes role from CANDIDATE to FOLLOWER at term 7 for DISCOVERED_A_NEW_TERM
2019-11-15 04:25:30,934 [ddd86f17-0fb6-44dc-8f8a-1b8ddc68cc7e@group-C3E515194F35-LeaderElection213] INFO  impl.RoleInfo (RoleInfo.java:shutdownLeaderElection(134)) - ddd86f17-0fb6-44dc-8f8a-1b8ddc68cc7e: shutdown LeaderElection
2019-11-15 04:25:30,934 [ddd86f17-0fb6-44dc-8f8a-1b8ddc68cc7e@group-C3E515194F35-LeaderElection213] INFO  impl.RoleInfo (RoleInfo.java:updateAndGet(143)) - ddd86f17-0fb6-44dc-8f8a-1b8ddc68cc7e: start FollowerState
2019-11-15 04:25:32,127 [Thread-4145] INFO  impl.FollowerState (FollowerState.java:run(111)) - ddd86f17-0fb6-44dc-8f8a-1b8ddc68cc7e@group-C3E515194F35-FollowerState: change to CANDIDATE, lastRpcTime:1193ms, electionTimeout:1193ms
2019-11-15 04:25:32,128 [Thread-4145] INFO  impl.RoleInfo (RoleInfo.java:shutdownFollowerState(121)) - ddd86f17-0fb6-44dc-8f8a-1b8ddc68cc7e: shutdown FollowerState
2019-11-15 04:25:32,128 [Thread-4145] INFO  impl.RaftServerImpl (RaftServerImpl.java:setRole(173)) - ddd86f17-0fb6-44dc-8f8a-1b8ddc68cc7e@group-C3E515194F35: changes role from  FOLLOWER to CANDIDATE at term 7 for changeToCandidate
2019-11-15 04:25:32,128 [Thread-4145] INFO  impl.RoleInfo (RoleInfo.java:updateAndGet(143)) - ddd86f17-0fb6-44dc-8f8a-1b8ddc68cc7e: start LeaderElection
2019-11-15 04:25:32,702 [ddd86f17-0fb6-44dc-8f8a-1b8ddc68cc7e@group-C3E515194F35-LeaderElection214] INFO  impl.LeaderElection (LeaderElection.java:askForVotes(178)) - ddd86f17-0fb6-44dc-8f8a-1b8ddc68cc7e@group-C3E515194F35-LeaderElection214: begin an election at term 8 for 6: [ba7b154f-e59a-417b-969a-e8c75d4b6746:192.168.34.61:40163, ddd86f17-0fb6-44dc-8f8a-1b8ddc68cc7e:192.168.34.61:37754, 8e34abce-4df2-4d13-822a-b9906190a447:192.168.34.61:34382], old=null
2019-11-15 04:25:32,704 [ddd86f17-0fb6-44dc-8f8a-1b8ddc68cc7e@group-C3E515194F35-LeaderElection214] INFO  impl.LeaderElection (LogUtils.java:infoOrTrace(149)) - ddd86f17-0fb6-44dc-8f8a-1b8ddc68cc7e@group-C3E515194F35-LeaderElection214 got exception when requesting votes: {}
java.util.concurrent.ExecutionException: org.apache.ratis.thirdparty.io.grpc.StatusRuntimeException: UNAVAILABLE: io exception
	at java.util.concurrent.FutureTask.report(FutureTask.java:122)
	at java.util.concurrent.FutureTask.get(FutureTask.java:192)
	at org.apache.ratis.server.impl.LeaderElection.waitForResults(LeaderElection.java:259)
	at org.apache.ratis.server.impl.LeaderElection.askForVotes(LeaderElection.java:197)
	at org.apache.ratis.server.impl.LeaderElection.run(LeaderElection.java:133)
	at java.lang.Thread.run(Thread.java:748)
Caused by: org.apache.ratis.thirdparty.io.grpc.StatusRuntimeException: UNAVAILABLE: io exception
	at org.apache.ratis.thirdparty.io.grpc.stub.ClientCalls.toStatusRuntimeException(ClientCalls.java:233)
	at org.apache.ratis.thirdparty.io.grpc.stub.ClientCalls.getUnchecked(ClientCalls.java:214)
	at org.apache.ratis.thirdparty.io.grpc.stub.ClientCalls.blockingUnaryCall(ClientCalls.java:139)
	at org.apache.ratis.proto.grpc.RaftServerProtocolServiceGrpc$RaftServerProtocolServiceBlockingStub.requestVote(RaftServerProtocolServiceGrpc.java:265)
	at org.apache.ratis.grpc.server.GrpcServerProtocolClient.requestVote(GrpcServerProtocolClient.java:99)
	at org.apache.ratis.grpc.server.GrpcService.requestVote(GrpcService.java:204)
	at org.apache.ratis.server.impl.LeaderElection.lambda$submitRequests$1(LeaderElection.java:234)
	at java.util.concurrent.FutureTask.run(FutureTask.java:266)
	at java.util.concurrent.Executors$RunnableAdapter.call(Executors.java:511)
	at java.util.concurrent.FutureTask.run(FutureTask.java:266)
	at java.util.concurrent.ThreadPoolExecutor.runWorker(ThreadPoolExecutor.java:1149)
	at java.util.concurrent.ThreadPoolExecutor$Worker.run(ThreadPoolExecutor.java:624)
	... 1 more
Caused by: org.apache.ratis.thirdparty.io.netty.channel.AbstractChannel$AnnotatedConnectException: Connection refused: /192.168.34.61:40163
	at sun.nio.ch.SocketChannelImpl.checkConnect(Native Method)
	at sun.nio.ch.SocketChannelImpl.finishConnect(SocketChannelImpl.java:717)
	at org.apache.ratis.thirdparty.io.netty.channel.socket.nio.NioSocketChannel.doFinishConnect(NioSocketChannel.java:327)
	at org.apache.ratis.thirdparty.io.netty.channel.nio.AbstractNioChannel$AbstractNioUnsafe.finishConnect(AbstractNioChannel.java:340)
	at org.apache.ratis.thirdparty.io.netty.channel.nio.NioEventLoop.processSelectedKey(NioEventLoop.java:632)
	at org.apache.ratis.thirdparty.io.netty.channel.nio.NioEventLoop.processSelectedKeysOptimized(NioEventLoop.java:579)
	at org.apache.ratis.thirdparty.io.netty.channel.nio.NioEventLoop.processSelectedKeys(NioEventLoop.java:496)
	at org.apache.ratis.thirdparty.io.netty.channel.nio.NioEventLoop.run(NioEventLoop.java:458)
	at org.apache.ratis.thirdparty.io.netty.util.concurrent.SingleThreadEventExecutor$5.run(SingleThreadEventExecutor.java:897)
	at org.apache.ratis.thirdparty.io.netty.util.concurrent.FastThreadLocalRunnable.run(FastThreadLocalRunnable.java:30)
	... 1 more
Caused by: java.net.ConnectException: Connection refused
	... 11 more
2019-11-15 04:25:32,705 [ddd86f17-0fb6-44dc-8f8a-1b8ddc68cc7e@group-C3E515194F35-LeaderElection214] INFO  impl.LeaderElection (LogUtils.java:infoOrTrace(149)) - ddd86f17-0fb6-44dc-8f8a-1b8ddc68cc7e@group-C3E515194F35-LeaderElection214 got exception when requesting votes: {}
java.util.concurrent.ExecutionException: org.apache.ratis.thirdparty.io.grpc.StatusRuntimeException: UNAVAILABLE: io exception
	at java.util.concurrent.FutureTask.report(FutureTask.java:122)
	at java.util.concurrent.FutureTask.get(FutureTask.java:192)
	at org.apache.ratis.server.impl.LeaderElection.waitForResults(LeaderElection.java:259)
	at org.apache.ratis.server.impl.LeaderElection.askForVotes(LeaderElection.java:197)
	at org.apache.ratis.server.impl.LeaderElection.run(LeaderElection.java:133)
	at java.lang.Thread.run(Thread.java:748)
Caused by: org.apache.ratis.thirdparty.io.grpc.StatusRuntimeException: UNAVAILABLE: io exception
	at org.apache.ratis.thirdparty.io.grpc.stub.ClientCalls.toStatusRuntimeException(ClientCalls.java:233)
	at org.apache.ratis.thirdparty.io.grpc.stub.ClientCalls.getUnchecked(ClientCalls.java:214)
	at org.apache.ratis.thirdparty.io.grpc.stub.ClientCalls.blockingUnaryCall(ClientCalls.java:139)
	at org.apache.ratis.proto.grpc.RaftServerProtocolServiceGrpc$RaftServerProtocolServiceBlockingStub.requestVote(RaftServerProtocolServiceGrpc.java:265)
	at org.apache.ratis.grpc.server.GrpcServerProtocolClient.requestVote(GrpcServerProtocolClient.java:99)
	at org.apache.ratis.grpc.server.GrpcService.requestVote(GrpcService.java:204)
	at org.apache.ratis.server.impl.LeaderElection.lambda$submitRequests$1(LeaderElection.java:234)
	at java.util.concurrent.FutureTask.run(FutureTask.java:266)
	at java.util.concurrent.Executors$RunnableAdapter.call(Executors.java:511)
	at java.util.concurrent.FutureTask.run(FutureTask.java:266)
	at java.util.concurrent.ThreadPoolExecutor.runWorker(ThreadPoolExecutor.java:1149)
	at java.util.concurrent.ThreadPoolExecutor$Worker.run(ThreadPoolExecutor.java:624)
	... 1 more
Caused by: org.apache.ratis.thirdparty.io.netty.channel.AbstractChannel$AnnotatedConnectException: Connection refused: /192.168.34.61:34382
	at sun.nio.ch.SocketChannelImpl.checkConnect(Native Method)
	at sun.nio.ch.SocketChannelImpl.finishConnect(SocketChannelImpl.java:717)
	at org.apache.ratis.thirdparty.io.netty.channel.socket.nio.NioSocketChannel.doFinishConnect(NioSocketChannel.java:327)
	at org.apache.ratis.thirdparty.io.netty.channel.nio.AbstractNioChannel$AbstractNioUnsafe.finishConnect(AbstractNioChannel.java:340)
	at org.apache.ratis.thirdparty.io.netty.channel.nio.NioEventLoop.processSelectedKey(NioEventLoop.java:632)
	at org.apache.ratis.thirdparty.io.netty.channel.nio.NioEventLoop.processSelectedKeysOptimized(NioEventLoop.java:579)
	at org.apache.ratis.thirdparty.io.netty.channel.nio.NioEventLoop.processSelectedKeys(NioEventLoop.java:496)
	at org.apache.ratis.thirdparty.io.netty.channel.nio.NioEventLoop.run(NioEventLoop.java:458)
	at org.apache.ratis.thirdparty.io.netty.util.concurrent.SingleThreadEventExecutor$5.run(SingleThreadEventExecutor.java:897)
	at org.apache.ratis.thirdparty.io.netty.util.concurrent.FastThreadLocalRunnable.run(FastThreadLocalRunnable.java:30)
	... 1 more
Caused by: java.net.ConnectException: Connection refused
	... 11 more
2019-11-15 04:25:32,705 [ddd86f17-0fb6-44dc-8f8a-1b8ddc68cc7e@group-C3E515194F35-LeaderElection214] INFO  impl.LeaderElection (LeaderElection.java:logAndReturn(56)) - ddd86f17-0fb6-44dc-8f8a-1b8ddc68cc7e@group-C3E515194F35-LeaderElection214: Election REJECTED; received 0 response(s) [] and 2 exception(s); ddd86f17-0fb6-44dc-8f8a-1b8ddc68cc7e@group-C3E515194F35:t8, leader=null, voted=ddd86f17-0fb6-44dc-8f8a-1b8ddc68cc7e, raftlog=ddd86f17-0fb6-44dc-8f8a-1b8ddc68cc7e@group-C3E515194F35-SegmentedRaftLog:OPENED:c7,f7,i7, conf=6: [ba7b154f-e59a-417b-969a-e8c75d4b6746:192.168.34.61:40163, ddd86f17-0fb6-44dc-8f8a-1b8ddc68cc7e:192.168.34.61:37754, 8e34abce-4df2-4d13-822a-b9906190a447:192.168.34.61:34382], old=null
2019-11-15 04:25:32,706 [ddd86f17-0fb6-44dc-8f8a-1b8ddc68cc7e@group-C3E515194F35-LeaderElection214] INFO  impl.LeaderElection (LogUtils.java:infoOrTrace(149)) -   Exception 0: {}
java.util.concurrent.ExecutionException: org.apache.ratis.thirdparty.io.grpc.StatusRuntimeException: UNAVAILABLE: io exception
	at java.util.concurrent.FutureTask.report(FutureTask.java:122)
	at java.util.concurrent.FutureTask.get(FutureTask.java:192)
	at org.apache.ratis.server.impl.LeaderElection.waitForResults(LeaderElection.java:259)
	at org.apache.ratis.server.impl.LeaderElection.askForVotes(LeaderElection.java:197)
	at org.apache.ratis.server.impl.LeaderElection.run(LeaderElection.java:133)
	at java.lang.Thread.run(Thread.java:748)
Caused by: org.apache.ratis.thirdparty.io.grpc.StatusRuntimeException: UNAVAILABLE: io exception
	at org.apache.ratis.thirdparty.io.grpc.stub.ClientCalls.toStatusRuntimeException(ClientCalls.java:233)
	at org.apache.ratis.thirdparty.io.grpc.stub.ClientCalls.getUnchecked(ClientCalls.java:214)
	at org.apache.ratis.thirdparty.io.grpc.stub.ClientCalls.blockingUnaryCall(ClientCalls.java:139)
	at org.apache.ratis.proto.grpc.RaftServerProtocolServiceGrpc$RaftServerProtocolServiceBlockingStub.requestVote(RaftServerProtocolServiceGrpc.java:265)
	at org.apache.ratis.grpc.server.GrpcServerProtocolClient.requestVote(GrpcServerProtocolClient.java:99)
	at org.apache.ratis.grpc.server.GrpcService.requestVote(GrpcService.java:204)
	at org.apache.ratis.server.impl.LeaderElection.lambda$submitRequests$1(LeaderElection.java:234)
	at java.util.concurrent.FutureTask.run(FutureTask.java:266)
	at java.util.concurrent.Executors$RunnableAdapter.call(Executors.java:511)
	at java.util.concurrent.FutureTask.run(FutureTask.java:266)
	at java.util.concurrent.ThreadPoolExecutor.runWorker(ThreadPoolExecutor.java:1149)
	at java.util.concurrent.ThreadPoolExecutor$Worker.run(ThreadPoolExecutor.java:624)
	... 1 more
Caused by: org.apache.ratis.thirdparty.io.netty.channel.AbstractChannel$AnnotatedConnectException: Connection refused: /192.168.34.61:40163
	at sun.nio.ch.SocketChannelImpl.checkConnect(Native Method)
	at sun.nio.ch.SocketChannelImpl.finishConnect(SocketChannelImpl.java:717)
	at org.apache.ratis.thirdparty.io.netty.channel.socket.nio.NioSocketChannel.doFinishConnect(NioSocketChannel.java:327)
	at org.apache.ratis.thirdparty.io.netty.channel.nio.AbstractNioChannel$AbstractNioUnsafe.finishConnect(AbstractNioChannel.java:340)
	at org.apache.ratis.thirdparty.io.netty.channel.nio.NioEventLoop.processSelectedKey(NioEventLoop.java:632)
	at org.apache.ratis.thirdparty.io.netty.channel.nio.NioEventLoop.processSelectedKeysOptimized(NioEventLoop.java:579)
	at org.apache.ratis.thirdparty.io.netty.channel.nio.NioEventLoop.processSelectedKeys(NioEventLoop.java:496)
	at org.apache.ratis.thirdparty.io.netty.channel.nio.NioEventLoop.run(NioEventLoop.java:458)
	at org.apache.ratis.thirdparty.io.netty.util.concurrent.SingleThreadEventExecutor$5.run(SingleThreadEventExecutor.java:897)
	at org.apache.ratis.thirdparty.io.netty.util.concurrent.FastThreadLocalRunnable.run(FastThreadLocalRunnable.java:30)
	... 1 more
Caused by: java.net.ConnectException: Connection refused
	... 11 more
2019-11-15 04:25:32,706 [ddd86f17-0fb6-44dc-8f8a-1b8ddc68cc7e@group-C3E515194F35-LeaderElection214] INFO  impl.LeaderElection (LogUtils.java:infoOrTrace(149)) -   Exception 1: {}
java.util.concurrent.ExecutionException: org.apache.ratis.thirdparty.io.grpc.StatusRuntimeException: UNAVAILABLE: io exception
	at java.util.concurrent.FutureTask.report(FutureTask.java:122)
	at java.util.concurrent.FutureTask.get(FutureTask.java:192)
	at org.apache.ratis.server.impl.LeaderElection.waitForResults(LeaderElection.java:259)
	at org.apache.ratis.server.impl.LeaderElection.askForVotes(LeaderElection.java:197)
	at org.apache.ratis.server.impl.LeaderElection.run(LeaderElection.java:133)
	at java.lang.Thread.run(Thread.java:748)
Caused by: org.apache.ratis.thirdparty.io.grpc.StatusRuntimeException: UNAVAILABLE: io exception
	at org.apache.ratis.thirdparty.io.grpc.stub.ClientCalls.toStatusRuntimeException(ClientCalls.java:233)
	at org.apache.ratis.thirdparty.io.grpc.stub.ClientCalls.getUnchecked(ClientCalls.java:214)
	at org.apache.ratis.thirdparty.io.grpc.stub.ClientCalls.blockingUnaryCall(ClientCalls.java:139)
	at org.apache.ratis.proto.grpc.RaftServerProtocolServiceGrpc$RaftServerProtocolServiceBlockingStub.requestVote(RaftServerProtocolServiceGrpc.java:265)
	at org.apache.ratis.grpc.server.GrpcServerProtocolClient.requestVote(GrpcServerProtocolClient.java:99)
	at org.apache.ratis.grpc.server.GrpcService.requestVote(GrpcService.java:204)
	at org.apache.ratis.server.impl.LeaderElection.lambda$submitRequests$1(LeaderElection.java:234)
	at java.util.concurrent.FutureTask.run(FutureTask.java:266)
	at java.util.concurrent.Executors$RunnableAdapter.call(Executors.java:511)
	at java.util.concurrent.FutureTask.run(FutureTask.java:266)
	at java.util.concurrent.ThreadPoolExecutor.runWorker(ThreadPoolExecutor.java:1149)
	at java.util.concurrent.ThreadPoolExecutor$Worker.run(ThreadPoolExecutor.java:624)
	... 1 more
Caused by: org.apache.ratis.thirdparty.io.netty.channel.AbstractChannel$AnnotatedConnectException: Connection refused: /192.168.34.61:34382
	at sun.nio.ch.SocketChannelImpl.checkConnect(Native Method)
	at sun.nio.ch.SocketChannelImpl.finishConnect(SocketChannelImpl.java:717)
	at org.apache.ratis.thirdparty.io.netty.channel.socket.nio.NioSocketChannel.doFinishConnect(NioSocketChannel.java:327)
	at org.apache.ratis.thirdparty.io.netty.channel.nio.AbstractNioChannel$AbstractNioUnsafe.finishConnect(AbstractNioChannel.java:340)
	at org.apache.ratis.thirdparty.io.netty.channel.nio.NioEventLoop.processSelectedKey(NioEventLoop.java:632)
	at org.apache.ratis.thirdparty.io.netty.channel.nio.NioEventLoop.processSelectedKeysOptimized(NioEventLoop.java:579)
	at org.apache.ratis.thirdparty.io.netty.channel.nio.NioEventLoop.processSelectedKeys(NioEventLoop.java:496)
	at org.apache.ratis.thirdparty.io.netty.channel.nio.NioEventLoop.run(NioEventLoop.java:458)
	at org.apache.ratis.thirdparty.io.netty.util.concurrent.SingleThreadEventExecutor$5.run(SingleThreadEventExecutor.java:897)
	at org.apache.ratis.thirdparty.io.netty.util.concurrent.FastThreadLocalRunnable.run(FastThreadLocalRunnable.java:30)
	... 1 more
Caused by: java.net.ConnectException: Connection refused
	... 11 more
2019-11-15 04:25:32,707 [ddd86f17-0fb6-44dc-8f8a-1b8ddc68cc7e@group-C3E515194F35-LeaderElection214] INFO  impl.RaftServerImpl (RaftServerImpl.java:setRole(173)) - ddd86f17-0fb6-44dc-8f8a-1b8ddc68cc7e@group-C3E515194F35: changes role from CANDIDATE to FOLLOWER at term 8 for DISCOVERED_A_NEW_TERM
2019-11-15 04:25:32,707 [ddd86f17-0fb6-44dc-8f8a-1b8ddc68cc7e@group-C3E515194F35-LeaderElection214] INFO  impl.RoleInfo (RoleInfo.java:shutdownLeaderElection(134)) - ddd86f17-0fb6-44dc-8f8a-1b8ddc68cc7e: shutdown LeaderElection
2019-11-15 04:25:32,707 [ddd86f17-0fb6-44dc-8f8a-1b8ddc68cc7e@group-C3E515194F35-LeaderElection214] INFO  impl.RoleInfo (RoleInfo.java:updateAndGet(143)) - ddd86f17-0fb6-44dc-8f8a-1b8ddc68cc7e: start FollowerState
2019-11-15 04:25:33,822 [Thread-4149] INFO  impl.FollowerState (FollowerState.java:run(111)) - ddd86f17-0fb6-44dc-8f8a-1b8ddc68cc7e@group-C3E515194F35-FollowerState: change to CANDIDATE, lastRpcTime:1114ms, electionTimeout:1114ms
2019-11-15 04:25:33,822 [Thread-4149] INFO  impl.RoleInfo (RoleInfo.java:shutdownFollowerState(121)) - ddd86f17-0fb6-44dc-8f8a-1b8ddc68cc7e: shutdown FollowerState
2019-11-15 04:25:33,822 [Thread-4149] INFO  impl.RaftServerImpl (RaftServerImpl.java:setRole(173)) - ddd86f17-0fb6-44dc-8f8a-1b8ddc68cc7e@group-C3E515194F35: changes role from  FOLLOWER to CANDIDATE at term 8 for changeToCandidate
2019-11-15 04:25:33,823 [Thread-4149] INFO  impl.RoleInfo (RoleInfo.java:updateAndGet(143)) - ddd86f17-0fb6-44dc-8f8a-1b8ddc68cc7e: start LeaderElection
2019-11-15 04:25:34,037 [ddd86f17-0fb6-44dc-8f8a-1b8ddc68cc7e@group-C3E515194F35-LeaderElection215] INFO  impl.LeaderElection (LeaderElection.java:askForVotes(178)) - ddd86f17-0fb6-44dc-8f8a-1b8ddc68cc7e@group-C3E515194F35-LeaderElection215: begin an election at term 9 for 6: [ba7b154f-e59a-417b-969a-e8c75d4b6746:192.168.34.61:40163, ddd86f17-0fb6-44dc-8f8a-1b8ddc68cc7e:192.168.34.61:37754, 8e34abce-4df2-4d13-822a-b9906190a447:192.168.34.61:34382], old=null
2019-11-15 04:25:34,040 [ddd86f17-0fb6-44dc-8f8a-1b8ddc68cc7e@group-C3E515194F35-LeaderElection215] INFO  impl.LeaderElection (LogUtils.java:infoOrTrace(149)) - ddd86f17-0fb6-44dc-8f8a-1b8ddc68cc7e@group-C3E515194F35-LeaderElection215 got exception when requesting votes: {}
java.util.concurrent.ExecutionException: org.apache.ratis.thirdparty.io.grpc.StatusRuntimeException: UNAVAILABLE: io exception
	at java.util.concurrent.FutureTask.report(FutureTask.java:122)
	at java.util.concurrent.FutureTask.get(FutureTask.java:192)
	at org.apache.ratis.server.impl.LeaderElection.waitForResults(LeaderElection.java:259)
	at org.apache.ratis.server.impl.LeaderElection.askForVotes(LeaderElection.java:197)
	at org.apache.ratis.server.impl.LeaderElection.run(LeaderElection.java:133)
	at java.lang.Thread.run(Thread.java:748)
Caused by: org.apache.ratis.thirdparty.io.grpc.StatusRuntimeException: UNAVAILABLE: io exception
	at org.apache.ratis.thirdparty.io.grpc.stub.ClientCalls.toStatusRuntimeException(ClientCalls.java:233)
	at org.apache.ratis.thirdparty.io.grpc.stub.ClientCalls.getUnchecked(ClientCalls.java:214)
	at org.apache.ratis.thirdparty.io.grpc.stub.ClientCalls.blockingUnaryCall(ClientCalls.java:139)
	at org.apache.ratis.proto.grpc.RaftServerProtocolServiceGrpc$RaftServerProtocolServiceBlockingStub.requestVote(RaftServerProtocolServiceGrpc.java:265)
	at org.apache.ratis.grpc.server.GrpcServerProtocolClient.requestVote(GrpcServerProtocolClient.java:99)
	at org.apache.ratis.grpc.server.GrpcService.requestVote(GrpcService.java:204)
	at org.apache.ratis.server.impl.LeaderElection.lambda$submitRequests$1(LeaderElection.java:234)
	at java.util.concurrent.FutureTask.run(FutureTask.java:266)
	at java.util.concurrent.Executors$RunnableAdapter.call(Executors.java:511)
	at java.util.concurrent.FutureTask.run(FutureTask.java:266)
	at java.util.concurrent.ThreadPoolExecutor.runWorker(ThreadPoolExecutor.java:1149)
	at java.util.concurrent.ThreadPoolExecutor$Worker.run(ThreadPoolExecutor.java:624)
	... 1 more
Caused by: org.apache.ratis.thirdparty.io.netty.channel.AbstractChannel$AnnotatedConnectException: Connection refused: /192.168.34.61:34382
	at sun.nio.ch.SocketChannelImpl.checkConnect(Native Method)
	at sun.nio.ch.SocketChannelImpl.finishConnect(SocketChannelImpl.java:717)
	at org.apache.ratis.thirdparty.io.netty.channel.socket.nio.NioSocketChannel.doFinishConnect(NioSocketChannel.java:327)
	at org.apache.ratis.thirdparty.io.netty.channel.nio.AbstractNioChannel$AbstractNioUnsafe.finishConnect(AbstractNioChannel.java:340)
	at org.apache.ratis.thirdparty.io.netty.channel.nio.NioEventLoop.processSelectedKey(NioEventLoop.java:632)
	at org.apache.ratis.thirdparty.io.netty.channel.nio.NioEventLoop.processSelectedKeysOptimized(NioEventLoop.java:579)
	at org.apache.ratis.thirdparty.io.netty.channel.nio.NioEventLoop.processSelectedKeys(NioEventLoop.java:496)
	at org.apache.ratis.thirdparty.io.netty.channel.nio.NioEventLoop.run(NioEventLoop.java:458)
	at org.apache.ratis.thirdparty.io.netty.util.concurrent.SingleThreadEventExecutor$5.run(SingleThreadEventExecutor.java:897)
	at org.apache.ratis.thirdparty.io.netty.util.concurrent.FastThreadLocalRunnable.run(FastThreadLocalRunnable.java:30)
	... 1 more
Caused by: java.net.ConnectException: Connection refused
	... 11 more
2019-11-15 04:25:34,040 [ddd86f17-0fb6-44dc-8f8a-1b8ddc68cc7e@group-C3E515194F35-LeaderElection215] INFO  impl.LeaderElection (LogUtils.java:infoOrTrace(149)) - ddd86f17-0fb6-44dc-8f8a-1b8ddc68cc7e@group-C3E515194F35-LeaderElection215 got exception when requesting votes: {}
java.util.concurrent.ExecutionException: org.apache.ratis.thirdparty.io.grpc.StatusRuntimeException: UNAVAILABLE: io exception
	at java.util.concurrent.FutureTask.report(FutureTask.java:122)
	at java.util.concurrent.FutureTask.get(FutureTask.java:192)
	at org.apache.ratis.server.impl.LeaderElection.waitForResults(LeaderElection.java:259)
	at org.apache.ratis.server.impl.LeaderElection.askForVotes(LeaderElection.java:197)
	at org.apache.ratis.server.impl.LeaderElection.run(LeaderElection.java:133)
	at java.lang.Thread.run(Thread.java:748)
Caused by: org.apache.ratis.thirdparty.io.grpc.StatusRuntimeException: UNAVAILABLE: io exception
	at org.apache.ratis.thirdparty.io.grpc.stub.ClientCalls.toStatusRuntimeException(ClientCalls.java:233)
	at org.apache.ratis.thirdparty.io.grpc.stub.ClientCalls.getUnchecked(ClientCalls.java:214)
	at org.apache.ratis.thirdparty.io.grpc.stub.ClientCalls.blockingUnaryCall(ClientCalls.java:139)
	at org.apache.ratis.proto.grpc.RaftServerProtocolServiceGrpc$RaftServerProtocolServiceBlockingStub.requestVote(RaftServerProtocolServiceGrpc.java:265)
	at org.apache.ratis.grpc.server.GrpcServerProtocolClient.requestVote(GrpcServerProtocolClient.java:99)
	at org.apache.ratis.grpc.server.GrpcService.requestVote(GrpcService.java:204)
	at org.apache.ratis.server.impl.LeaderElection.lambda$submitRequests$1(LeaderElection.java:234)
	at java.util.concurrent.FutureTask.run(FutureTask.java:266)
	at java.util.concurrent.Executors$RunnableAdapter.call(Executors.java:511)
	at java.util.concurrent.FutureTask.run(FutureTask.java:266)
	at java.util.concurrent.ThreadPoolExecutor.runWorker(ThreadPoolExecutor.java:1149)
	at java.util.concurrent.ThreadPoolExecutor$Worker.run(ThreadPoolExecutor.java:624)
	... 1 more
Caused by: org.apache.ratis.thirdparty.io.netty.channel.AbstractChannel$AnnotatedConnectException: Connection refused: /192.168.34.61:40163
	at sun.nio.ch.SocketChannelImpl.checkConnect(Native Method)
	at sun.nio.ch.SocketChannelImpl.finishConnect(SocketChannelImpl.java:717)
	at org.apache.ratis.thirdparty.io.netty.channel.socket.nio.NioSocketChannel.doFinishConnect(NioSocketChannel.java:327)
	at org.apache.ratis.thirdparty.io.netty.channel.nio.AbstractNioChannel$AbstractNioUnsafe.finishConnect(AbstractNioChannel.java:340)
	at org.apache.ratis.thirdparty.io.netty.channel.nio.NioEventLoop.processSelectedKey(NioEventLoop.java:632)
	at org.apache.ratis.thirdparty.io.netty.channel.nio.NioEventLoop.processSelectedKeysOptimized(NioEventLoop.java:579)
	at org.apache.ratis.thirdparty.io.netty.channel.nio.NioEventLoop.processSelectedKeys(NioEventLoop.java:496)
	at org.apache.ratis.thirdparty.io.netty.channel.nio.NioEventLoop.run(NioEventLoop.java:458)
	at org.apache.ratis.thirdparty.io.netty.util.concurrent.SingleThreadEventExecutor$5.run(SingleThreadEventExecutor.java:897)
	at org.apache.ratis.thirdparty.io.netty.util.concurrent.FastThreadLocalRunnable.run(FastThreadLocalRunnable.java:30)
	... 1 more
Caused by: java.net.ConnectException: Connection refused
	... 11 more
2019-11-15 04:25:34,041 [ddd86f17-0fb6-44dc-8f8a-1b8ddc68cc7e@group-C3E515194F35-LeaderElection215] INFO  impl.LeaderElection (LeaderElection.java:logAndReturn(56)) - ddd86f17-0fb6-44dc-8f8a-1b8ddc68cc7e@group-C3E515194F35-LeaderElection215: Election REJECTED; received 0 response(s) [] and 2 exception(s); ddd86f17-0fb6-44dc-8f8a-1b8ddc68cc7e@group-C3E515194F35:t9, leader=null, voted=ddd86f17-0fb6-44dc-8f8a-1b8ddc68cc7e, raftlog=ddd86f17-0fb6-44dc-8f8a-1b8ddc68cc7e@group-C3E515194F35-SegmentedRaftLog:OPENED:c7,f7,i7, conf=6: [ba7b154f-e59a-417b-969a-e8c75d4b6746:192.168.34.61:40163, ddd86f17-0fb6-44dc-8f8a-1b8ddc68cc7e:192.168.34.61:37754, 8e34abce-4df2-4d13-822a-b9906190a447:192.168.34.61:34382], old=null
2019-11-15 04:25:34,041 [ddd86f17-0fb6-44dc-8f8a-1b8ddc68cc7e@group-C3E515194F35-LeaderElection215] INFO  impl.LeaderElection (LogUtils.java:infoOrTrace(149)) -   Exception 0: {}
java.util.concurrent.ExecutionException: org.apache.ratis.thirdparty.io.grpc.StatusRuntimeException: UNAVAILABLE: io exception
	at java.util.concurrent.FutureTask.report(FutureTask.java:122)
	at java.util.concurrent.FutureTask.get(FutureTask.java:192)
	at org.apache.ratis.server.impl.LeaderElection.waitForResults(LeaderElection.java:259)
	at org.apache.ratis.server.impl.LeaderElection.askForVotes(LeaderElection.java:197)
	at org.apache.ratis.server.impl.LeaderElection.run(LeaderElection.java:133)
	at java.lang.Thread.run(Thread.java:748)
Caused by: org.apache.ratis.thirdparty.io.grpc.StatusRuntimeException: UNAVAILABLE: io exception
	at org.apache.ratis.thirdparty.io.grpc.stub.ClientCalls.toStatusRuntimeException(ClientCalls.java:233)
	at org.apache.ratis.thirdparty.io.grpc.stub.ClientCalls.getUnchecked(ClientCalls.java:214)
	at org.apache.ratis.thirdparty.io.grpc.stub.ClientCalls.blockingUnaryCall(ClientCalls.java:139)
	at org.apache.ratis.proto.grpc.RaftServerProtocolServiceGrpc$RaftServerProtocolServiceBlockingStub.requestVote(RaftServerProtocolServiceGrpc.java:265)
	at org.apache.ratis.grpc.server.GrpcServerProtocolClient.requestVote(GrpcServerProtocolClient.java:99)
	at org.apache.ratis.grpc.server.GrpcService.requestVote(GrpcService.java:204)
	at org.apache.ratis.server.impl.LeaderElection.lambda$submitRequests$1(LeaderElection.java:234)
	at java.util.concurrent.FutureTask.run(FutureTask.java:266)
	at java.util.concurrent.Executors$RunnableAdapter.call(Executors.java:511)
	at java.util.concurrent.FutureTask.run(FutureTask.java:266)
	at java.util.concurrent.ThreadPoolExecutor.runWorker(ThreadPoolExecutor.java:1149)
	at java.util.concurrent.ThreadPoolExecutor$Worker.run(ThreadPoolExecutor.java:624)
	... 1 more
Caused by: org.apache.ratis.thirdparty.io.netty.channel.AbstractChannel$AnnotatedConnectException: Connection refused: /192.168.34.61:34382
	at sun.nio.ch.SocketChannelImpl.checkConnect(Native Method)
	at sun.nio.ch.SocketChannelImpl.finishConnect(SocketChannelImpl.java:717)
	at org.apache.ratis.thirdparty.io.netty.channel.socket.nio.NioSocketChannel.doFinishConnect(NioSocketChannel.java:327)
	at org.apache.ratis.thirdparty.io.netty.channel.nio.AbstractNioChannel$AbstractNioUnsafe.finishConnect(AbstractNioChannel.java:340)
	at org.apache.ratis.thirdparty.io.netty.channel.nio.NioEventLoop.processSelectedKey(NioEventLoop.java:632)
	at org.apache.ratis.thirdparty.io.netty.channel.nio.NioEventLoop.processSelectedKeysOptimized(NioEventLoop.java:579)
	at org.apache.ratis.thirdparty.io.netty.channel.nio.NioEventLoop.processSelectedKeys(NioEventLoop.java:496)
	at org.apache.ratis.thirdparty.io.netty.channel.nio.NioEventLoop.run(NioEventLoop.java:458)
	at org.apache.ratis.thirdparty.io.netty.util.concurrent.SingleThreadEventExecutor$5.run(SingleThreadEventExecutor.java:897)
	at org.apache.ratis.thirdparty.io.netty.util.concurrent.FastThreadLocalRunnable.run(FastThreadLocalRunnable.java:30)
	... 1 more
Caused by: java.net.ConnectException: Connection refused
	... 11 more
2019-11-15 04:25:34,042 [ddd86f17-0fb6-44dc-8f8a-1b8ddc68cc7e@group-C3E515194F35-LeaderElection215] INFO  impl.LeaderElection (LogUtils.java:infoOrTrace(149)) -   Exception 1: {}
java.util.concurrent.ExecutionException: org.apache.ratis.thirdparty.io.grpc.StatusRuntimeException: UNAVAILABLE: io exception
	at java.util.concurrent.FutureTask.report(FutureTask.java:122)
	at java.util.concurrent.FutureTask.get(FutureTask.java:192)
	at org.apache.ratis.server.impl.LeaderElection.waitForResults(LeaderElection.java:259)
	at org.apache.ratis.server.impl.LeaderElection.askForVotes(LeaderElection.java:197)
	at org.apache.ratis.server.impl.LeaderElection.run(LeaderElection.java:133)
	at java.lang.Thread.run(Thread.java:748)
Caused by: org.apache.ratis.thirdparty.io.grpc.StatusRuntimeException: UNAVAILABLE: io exception
	at org.apache.ratis.thirdparty.io.grpc.stub.ClientCalls.toStatusRuntimeException(ClientCalls.java:233)
	at org.apache.ratis.thirdparty.io.grpc.stub.ClientCalls.getUnchecked(ClientCalls.java:214)
	at org.apache.ratis.thirdparty.io.grpc.stub.ClientCalls.blockingUnaryCall(ClientCalls.java:139)
	at org.apache.ratis.proto.grpc.RaftServerProtocolServiceGrpc$RaftServerProtocolServiceBlockingStub.requestVote(RaftServerProtocolServiceGrpc.java:265)
	at org.apache.ratis.grpc.server.GrpcServerProtocolClient.requestVote(GrpcServerProtocolClient.java:99)
	at org.apache.ratis.grpc.server.GrpcService.requestVote(GrpcService.java:204)
	at org.apache.ratis.server.impl.LeaderElection.lambda$submitRequests$1(LeaderElection.java:234)
	at java.util.concurrent.FutureTask.run(FutureTask.java:266)
	at java.util.concurrent.Executors$RunnableAdapter.call(Executors.java:511)
	at java.util.concurrent.FutureTask.run(FutureTask.java:266)
	at java.util.concurrent.ThreadPoolExecutor.runWorker(ThreadPoolExecutor.java:1149)
	at java.util.concurrent.ThreadPoolExecutor$Worker.run(ThreadPoolExecutor.java:624)
	... 1 more
Caused by: org.apache.ratis.thirdparty.io.netty.channel.AbstractChannel$AnnotatedConnectException: Connection refused: /192.168.34.61:40163
	at sun.nio.ch.SocketChannelImpl.checkConnect(Native Method)
	at sun.nio.ch.SocketChannelImpl.finishConnect(SocketChannelImpl.java:717)
	at org.apache.ratis.thirdparty.io.netty.channel.socket.nio.NioSocketChannel.doFinishConnect(NioSocketChannel.java:327)
	at org.apache.ratis.thirdparty.io.netty.channel.nio.AbstractNioChannel$AbstractNioUnsafe.finishConnect(AbstractNioChannel.java:340)
	at org.apache.ratis.thirdparty.io.netty.channel.nio.NioEventLoop.processSelectedKey(NioEventLoop.java:632)
	at org.apache.ratis.thirdparty.io.netty.channel.nio.NioEventLoop.processSelectedKeysOptimized(NioEventLoop.java:579)
	at org.apache.ratis.thirdparty.io.netty.channel.nio.NioEventLoop.processSelectedKeys(NioEventLoop.java:496)
	at org.apache.ratis.thirdparty.io.netty.channel.nio.NioEventLoop.run(NioEventLoop.java:458)
	at org.apache.ratis.thirdparty.io.netty.util.concurrent.SingleThreadEventExecutor$5.run(SingleThreadEventExecutor.java:897)
	at org.apache.ratis.thirdparty.io.netty.util.concurrent.FastThreadLocalRunnable.run(FastThreadLocalRunnable.java:30)
	... 1 more
Caused by: java.net.ConnectException: Connection refused
	... 11 more
2019-11-15 04:25:34,042 [ddd86f17-0fb6-44dc-8f8a-1b8ddc68cc7e@group-C3E515194F35-LeaderElection215] INFO  impl.RaftServerImpl (RaftServerImpl.java:setRole(173)) - ddd86f17-0fb6-44dc-8f8a-1b8ddc68cc7e@group-C3E515194F35: changes role from CANDIDATE to FOLLOWER at term 9 for DISCOVERED_A_NEW_TERM
2019-11-15 04:25:34,042 [ddd86f17-0fb6-44dc-8f8a-1b8ddc68cc7e@group-C3E515194F35-LeaderElection215] INFO  impl.RoleInfo (RoleInfo.java:shutdownLeaderElection(134)) - ddd86f17-0fb6-44dc-8f8a-1b8ddc68cc7e: shutdown LeaderElection
2019-11-15 04:25:34,043 [ddd86f17-0fb6-44dc-8f8a-1b8ddc68cc7e@group-C3E515194F35-LeaderElection215] INFO  impl.RoleInfo (RoleInfo.java:updateAndGet(143)) - ddd86f17-0fb6-44dc-8f8a-1b8ddc68cc7e: start FollowerState
2019-11-15 04:25:34,271 [ForkJoinPool.commonPool-worker-0] INFO  ozoneimpl.OzoneContainer (OzoneContainer.java:stop(244)) - Attempting to stop container services.
2019-11-15 04:25:34,272 [ForkJoinPool.commonPool-worker-0] INFO  impl.RaftServerProxy (RaftServerProxy.java:lambda$close$4(314)) - ddd86f17-0fb6-44dc-8f8a-1b8ddc68cc7e: close
2019-11-15 04:25:34,272 [ForkJoinPool.commonPool-worker-0] INFO  impl.RaftServerImpl (RaftServerImpl.java:lambda$shutdown$3(250)) - ddd86f17-0fb6-44dc-8f8a-1b8ddc68cc7e@group-53F961436BB0: shutdown
2019-11-15 04:25:34,273 [ForkJoinPool.commonPool-worker-0] INFO  util.JmxRegister (JmxRegister.java:unregister(73)) - Successfully un-registered JMX Bean with object name Ratis:service=RaftServer,group=group-53F961436BB0,id=ddd86f17-0fb6-44dc-8f8a-1b8ddc68cc7e
2019-11-15 04:25:34,273 [ForkJoinPool.commonPool-worker-0] INFO  impl.RoleInfo (RoleInfo.java:shutdownLeaderState(104)) - ddd86f17-0fb6-44dc-8f8a-1b8ddc68cc7e: shutdown LeaderState
2019-11-15 04:25:34,273 [ForkJoinPool.commonPool-worker-0] INFO  impl.PendingRequests (PendingRequests.java:sendNotLeaderResponses(206)) - ddd86f17-0fb6-44dc-8f8a-1b8ddc68cc7e@group-53F961436BB0-PendingRequests: sendNotLeaderResponses
2019-11-15 04:25:34,273 [ForkJoinPool.commonPool-worker-0] INFO  impl.StateMachineUpdater (StateMachineUpdater.java:stopAndJoin(136)) - ddd86f17-0fb6-44dc-8f8a-1b8ddc68cc7e@group-53F961436BB0-StateMachineUpdater: set stopIndex = 0
2019-11-15 04:25:34,274 [ForkJoinPool.commonPool-worker-0] INFO  impl.RaftServerImpl (ServerState.java:close(387)) - ddd86f17-0fb6-44dc-8f8a-1b8ddc68cc7e@group-53F961436BB0: closes. applyIndex: 0
2019-11-15 04:25:34,274 [ddd86f17-0fb6-44dc-8f8a-1b8ddc68cc7e@group-53F961436BB0-SegmentedRaftLogWorker] INFO  segmented.SegmentedRaftLogWorker (SegmentedRaftLogWorker.java:run(316)) - ddd86f17-0fb6-44dc-8f8a-1b8ddc68cc7e@group-53F961436BB0-SegmentedRaftLogWorker was interrupted, exiting. There are 0 tasks remaining in the queue.
2019-11-15 04:25:34,274 [ForkJoinPool.commonPool-worker-0] INFO  segmented.SegmentedRaftLogWorker (SegmentedRaftLogWorker.java:close(224)) - ddd86f17-0fb6-44dc-8f8a-1b8ddc68cc7e@group-53F961436BB0-SegmentedRaftLogWorker close()
2019-11-15 04:25:34,277 [ForkJoinPool.commonPool-worker-0] INFO  impl.RaftServerImpl (RaftServerImpl.java:lambda$shutdown$3(250)) - ddd86f17-0fb6-44dc-8f8a-1b8ddc68cc7e@group-C3E515194F35: shutdown
2019-11-15 04:25:34,277 [ForkJoinPool.commonPool-worker-0] INFO  util.JmxRegister (JmxRegister.java:unregister(73)) - Successfully un-registered JMX Bean with object name Ratis:service=RaftServer,group=group-C3E515194F35,id=ddd86f17-0fb6-44dc-8f8a-1b8ddc68cc7e
2019-11-15 04:25:34,277 [ForkJoinPool.commonPool-worker-0] INFO  impl.RoleInfo (RoleInfo.java:shutdownFollowerState(121)) - ddd86f17-0fb6-44dc-8f8a-1b8ddc68cc7e: shutdown FollowerState
2019-11-15 04:25:34,277 [ForkJoinPool.commonPool-worker-0] INFO  impl.StateMachineUpdater (StateMachineUpdater.java:stopAndJoin(136)) - ddd86f17-0fb6-44dc-8f8a-1b8ddc68cc7e@group-C3E515194F35-StateMachineUpdater: set stopIndex = 7
2019-11-15 04:25:34,277 [Thread-4153] INFO  impl.FollowerState (FollowerState.java:run(120)) - ddd86f17-0fb6-44dc-8f8a-1b8ddc68cc7e@group-C3E515194F35-FollowerState was interrupted: java.lang.InterruptedException: sleep interrupted
2019-11-15 04:25:34,277 [ddd86f17-0fb6-44dc-8f8a-1b8ddc68cc7e@group-C3E515194F35-StateMachineUpdater] INFO  ratis.ContainerStateMachine (ContainerStateMachine.java:takeSnapshot(285)) - group-C3E515194F35: Taking a snapshot at:(t:1, i:5) file /workdir/hadoop-ozone/integration-test/target/test-dir/MiniOzoneClusterImpl-b8077c48-d45a-4953-83b6-e1fc361e67bb/datanode-7/data/ratis/94ea20d5-f2f7-4c51-9fa4-c3e515194f35/sm/snapshot.1_5
2019-11-15 04:25:34,384 [ddd86f17-0fb6-44dc-8f8a-1b8ddc68cc7e@group-C3E515194F35-StateMachineUpdater] INFO  ratis.ContainerStateMachine (ContainerStateMachine.java:takeSnapshot(296)) - group-C3E515194F35: Finished taking a snapshot at:(t:1, i:5) file:/workdir/hadoop-ozone/integration-test/target/test-dir/MiniOzoneClusterImpl-b8077c48-d45a-4953-83b6-e1fc361e67bb/datanode-7/data/ratis/94ea20d5-f2f7-4c51-9fa4-c3e515194f35/sm/snapshot.1_5 time:106
2019-11-15 04:25:34,385 [ddd86f17-0fb6-44dc-8f8a-1b8ddc68cc7e@group-C3E515194F35-StateMachineUpdater] INFO  impl.StateMachineUpdater (StateMachineUpdater.java:takeSnapshot(269)) - ddd86f17-0fb6-44dc-8f8a-1b8ddc68cc7e@group-C3E515194F35-StateMachineUpdater: Took a snapshot at index 5
2019-11-15 04:25:34,385 [ddd86f17-0fb6-44dc-8f8a-1b8ddc68cc7e@group-C3E515194F35-StateMachineUpdater] INFO  impl.StateMachineUpdater (StateMachineUpdater.java:lambda$new$0(84)) - ddd86f17-0fb6-44dc-8f8a-1b8ddc68cc7e@group-C3E515194F35-StateMachineUpdater: snapshotIndex: updateIncreasingly -1 -> 5
2019-11-15 04:25:34,386 [ddd86f17-0fb6-44dc-8f8a-1b8ddc68cc7e@group-C3E515194F35-StateMachineUpdater] INFO  ratis.ContainerStateMachine (ContainerStateMachine.java:takeSnapshot(285)) - group-C3E515194F35: Taking a snapshot at:(t:1, i:5) file /workdir/hadoop-ozone/integration-test/target/test-dir/MiniOzoneClusterImpl-b8077c48-d45a-4953-83b6-e1fc361e67bb/datanode-7/data/ratis/94ea20d5-f2f7-4c51-9fa4-c3e515194f35/sm/snapshot.1_5
2019-11-15 04:25:34,454 [ddd86f17-0fb6-44dc-8f8a-1b8ddc68cc7e@group-C3E515194F35-StateMachineUpdater] INFO  ratis.ContainerStateMachine (ContainerStateMachine.java:takeSnapshot(296)) - group-C3E515194F35: Finished taking a snapshot at:(t:1, i:5) file:/workdir/hadoop-ozone/integration-test/target/test-dir/MiniOzoneClusterImpl-b8077c48-d45a-4953-83b6-e1fc361e67bb/datanode-7/data/ratis/94ea20d5-f2f7-4c51-9fa4-c3e515194f35/sm/snapshot.1_5 time:69
2019-11-15 04:25:34,455 [ddd86f17-0fb6-44dc-8f8a-1b8ddc68cc7e@group-C3E515194F35-StateMachineUpdater] INFO  impl.StateMachineUpdater (StateMachineUpdater.java:takeSnapshot(269)) - ddd86f17-0fb6-44dc-8f8a-1b8ddc68cc7e@group-C3E515194F35-StateMachineUpdater: Took a snapshot at index 5
2019-11-15 04:25:34,455 [ddd86f17-0fb6-44dc-8f8a-1b8ddc68cc7e@group-C3E515194F35-StateMachineUpdater] INFO  impl.StateMachineUpdater (StateMachineUpdater.java:lambda$new$0(84)) - ddd86f17-0fb6-44dc-8f8a-1b8ddc68cc7e@group-C3E515194F35-StateMachineUpdater: snapshotIndex: updateIncreasingly 5 -> 5
2019-11-15 04:25:34,455 [ForkJoinPool.commonPool-worker-0] INFO  impl.RaftServerImpl (ServerState.java:close(387)) - ddd86f17-0fb6-44dc-8f8a-1b8ddc68cc7e@group-C3E515194F35: closes. applyIndex: 7
2019-11-15 04:25:34,456 [ddd86f17-0fb6-44dc-8f8a-1b8ddc68cc7e@group-C3E515194F35-SegmentedRaftLogWorker] INFO  segmented.SegmentedRaftLogWorker (SegmentedRaftLogWorker.java:run(316)) - ddd86f17-0fb6-44dc-8f8a-1b8ddc68cc7e@group-C3E515194F35-SegmentedRaftLogWorker was interrupted, exiting. There are 0 tasks remaining in the queue.
2019-11-15 04:25:34,457 [ForkJoinPool.commonPool-worker-0] INFO  segmented.SegmentedRaftLogWorker (SegmentedRaftLogWorker.java:close(224)) - ddd86f17-0fb6-44dc-8f8a-1b8ddc68cc7e@group-C3E515194F35-SegmentedRaftLogWorker close()
2019-11-15 04:25:34,458 [ForkJoinPool.commonPool-worker-0] INFO  server.GrpcService (GrpcService.java:closeImpl(164)) - ddd86f17-0fb6-44dc-8f8a-1b8ddc68cc7e: shutdown server with port 37754 now
2019-11-15 04:25:34,458 [ForkJoinPool.commonPool-worker-0] INFO  server.GrpcService (GrpcService.java:closeImpl(172)) - ddd86f17-0fb6-44dc-8f8a-1b8ddc68cc7e: shutdown server with port 37754 successfully
2019-11-15 04:25:34,460 [refreshUsed-/workdir/hadoop-ozone/integration-test/target/test-dir/MiniOzoneClusterImpl-b8077c48-d45a-4953-83b6-e1fc361e67bb/datanode-7/data/containers] WARN  fs.CachingGetSpaceUsed (CachingGetSpaceUsed.java:run(183)) - Thread Interrupted waiting to refresh disk information: sleep interrupted
2019-11-15 04:25:34,479 [ForkJoinPool.commonPool-worker-0] INFO  utils.BackgroundService (BackgroundService.java:shutdown(151)) - Shutting down service BlockDeletingService
2019-11-15 04:25:34,480 [ForkJoinPool.commonPool-worker-0] INFO  statemachine.DatanodeStateMachine (DatanodeStateMachine.java:stopDaemon(406)) - Ozone container server stopped.
2019-11-15 04:25:34,482 [ForkJoinPool.commonPool-worker-0] INFO  handler.ContextHandler (ContextHandler.java:doStop(910)) - Stopped o.e.j.w.WebAppContext@3f6c2763{/,null,UNAVAILABLE}{/hddsDatanode}
2019-11-15 04:25:34,484 [ForkJoinPool.commonPool-worker-0] INFO  server.AbstractConnector (AbstractConnector.java:doStop(318)) - Stopped ServerConnector@5c82031b{HTTP/1.1,[http/1.1]}{0.0.0.0:0}
2019-11-15 04:25:34,485 [ForkJoinPool.commonPool-worker-0] INFO  handler.ContextHandler (ContextHandler.java:doStop(910)) - Stopped o.e.j.s.ServletContextHandler@63f9ddf9{/static,jar:file:/home/user/.m2/repository/org/apache/hadoop/hadoop-hdds-container-service/0.5.0-SNAPSHOT/hadoop-hdds-container-service-0.5.0-SNAPSHOT.jar!/webapps/static,UNAVAILABLE}
2019-11-15 04:25:34,485 [ForkJoinPool.commonPool-worker-0] INFO  handler.ContextHandler (ContextHandler.java:doStop(910)) - Stopped o.e.j.s.ServletContextHandler@35e74e08{/logs,file:///workdir/hadoop-ozone/integration-test/target/log,UNAVAILABLE}
2019-11-15 04:25:34,486 [main] INFO  ozone.MiniOzoneClusterImpl (MiniOzoneClusterImpl.java:stopSCM(412)) - Stopping the StorageContainerManager
2019-11-15 04:25:34,486 [main] INFO  server.StorageContainerManager (StorageContainerManager.java:stop(803)) - Stopping Replication Manager Service.
2019-11-15 04:25:34,486 [main] INFO  container.ReplicationManager (ReplicationManager.java:stop(203)) - Stopping Replication Monitor Thread.
2019-11-15 04:25:34,487 [main] INFO  server.StorageContainerManager (StorageContainerManager.java:stop(810)) - Stopping Lease Manager of the command watchers
2019-11-15 04:25:34,487 [main] INFO  server.StorageContainerManager (StorageContainerManager.java:stop(817)) - Stopping datanode service RPC server
2019-11-15 04:25:34,487 [main] INFO  server.SCMDatanodeProtocolServer (SCMDatanodeProtocolServer.java:stop(366)) - Stopping the RPC server for DataNodes
2019-11-15 04:25:34,487 [main] INFO  ipc.Server (Server.java:stop(3082)) - Stopping server on 42026
2019-11-15 04:25:34,489 [IPC Server listener on 42026] INFO  ipc.Server (Server.java:run(1185)) - Stopping IPC Server listener on 42026
2019-11-15 04:25:34,489 [IPC Server Responder] INFO  ipc.Server (Server.java:run(1319)) - Stopping IPC Server Responder
2019-11-15 04:25:34,540 [SCM Heartbeat Processing Thread - 0] WARN  node.NodeStateManager (NodeStateManager.java:scheduleNextHealthCheck(646)) - Current Thread is interrupted, shutting down HB processing thread for Node Manager.
2019-11-15 04:25:34,541 [main] INFO  server.StorageContainerManager (StorageContainerManager.java:stop(825)) - Stopping block service RPC server
2019-11-15 04:25:34,541 [main] INFO  server.SCMBlockProtocolServer (SCMBlockProtocolServer.java:stop(155)) - Stopping the RPC server for Block Protocol
2019-11-15 04:25:34,541 [main] INFO  ipc.Server (Server.java:stop(3082)) - Stopping server on 34092
2019-11-15 04:25:34,546 [IPC Server listener on 34092] INFO  ipc.Server (Server.java:run(1185)) - Stopping IPC Server listener on 34092
2019-11-15 04:25:34,546 [main] INFO  server.StorageContainerManager (StorageContainerManager.java:stop(832)) - Stopping the StorageContainerLocationProtocol RPC server
2019-11-15 04:25:34,546 [IPC Server Responder] INFO  ipc.Server (Server.java:run(1319)) - Stopping IPC Server Responder
2019-11-15 04:25:34,547 [main] INFO  server.SCMClientProtocolServer (SCMClientProtocolServer.java:stop(169)) - Stopping the RPC server for Client Protocol
2019-11-15 04:25:34,547 [main] INFO  ipc.Server (Server.java:stop(3082)) - Stopping server on 43325
2019-11-15 04:25:34,548 [IPC Server listener on 43325] INFO  ipc.Server (Server.java:run(1185)) - Stopping IPC Server listener on 43325
2019-11-15 04:25:34,549 [main] INFO  server.StorageContainerManager (StorageContainerManager.java:stop(839)) - Stopping Storage Container Manager HTTP server.
2019-11-15 04:25:34,549 [IPC Server Responder] INFO  ipc.Server (Server.java:run(1319)) - Stopping IPC Server Responder
2019-11-15 04:25:34,550 [main] INFO  handler.ContextHandler (ContextHandler.java:doStop(910)) - Stopped o.e.j.w.WebAppContext@2aea717c{/,null,UNAVAILABLE}{/scm}
2019-11-15 04:25:34,550 [main] INFO  server.AbstractConnector (AbstractConnector.java:doStop(318)) - Stopped ServerConnector@5ca4dce5{HTTP/1.1,[http/1.1]}{0.0.0.0:0}
2019-11-15 04:25:34,551 [main] INFO  handler.ContextHandler (ContextHandler.java:doStop(910)) - Stopped o.e.j.s.ServletContextHandler@69a5c6be{/static,file:///workdir/hadoop-ozone/integration-test/target/test-classes/webapps/static,UNAVAILABLE}
2019-11-15 04:25:34,551 [main] INFO  handler.ContextHandler (ContextHandler.java:doStop(910)) - Stopped o.e.j.s.ServletContextHandler@1373e3ee{/logs,file:///workdir/hadoop-ozone/integration-test/target/log,UNAVAILABLE}
2019-11-15 04:25:34,551 [main] INFO  server.StorageContainerManager (StorageContainerManager.java:stop(850)) - Stopping Block Manager Service.
2019-11-15 04:25:34,551 [main] INFO  utils.BackgroundService (BackgroundService.java:shutdown(151)) - Shutting down service SCMBlockDeletingService
2019-11-15 04:25:34,552 [main] INFO  utils.BackgroundService (BackgroundService.java:shutdown(151)) - Shutting down service SCMBlockDeletingService
2019-11-15 04:25:34,552 [main] INFO  server.StorageContainerManager (StorageContainerManager.java:stop(872)) - Stopping SCM Event Queue.
2019-11-15 04:25:34,556 [main] INFO  impl.MetricsSystemImpl (MetricsSystemImpl.java:stop(210)) - Stopping HddsDatanode metrics system...
2019-11-15 04:25:34,567 [main] INFO  impl.MetricsSystemImpl (MetricsSystemImpl.java:stop(216)) - HddsDatanode metrics system stopped.
]]></system-out>
    <system-err><![CDATA[Nov 15, 2019 4:24:49 AM org.apache.ratis.thirdparty.io.grpc.internal.ManagedChannelOrphanWrapper$ManagedChannelReference cleanQueue
SEVERE: *~*~*~ Channel ManagedChannelImpl{logId=1145, target=192.168.34.61:34576} was not shutdown properly!!! ~*~*~*
    Make sure to call shutdown()/shutdownNow() and wait until awaitTermination() returns true.
java.lang.RuntimeException: ManagedChannel allocation site
	at org.apache.ratis.thirdparty.io.grpc.internal.ManagedChannelOrphanWrapper$ManagedChannelReference.<init>(ManagedChannelOrphanWrapper.java:103)
	at org.apache.ratis.thirdparty.io.grpc.internal.ManagedChannelOrphanWrapper.<init>(ManagedChannelOrphanWrapper.java:53)
	at org.apache.ratis.thirdparty.io.grpc.internal.ManagedChannelOrphanWrapper.<init>(ManagedChannelOrphanWrapper.java:44)
	at org.apache.ratis.thirdparty.io.grpc.internal.AbstractManagedChannelImplBuilder.build(AbstractManagedChannelImplBuilder.java:411)
	at org.apache.hadoop.hdds.scm.XceiverClientGrpc.connectToDatanode(XceiverClientGrpc.java:189)
	at org.apache.hadoop.hdds.scm.XceiverClientGrpc.reconnect(XceiverClientGrpc.java:466)
	at org.apache.hadoop.hdds.scm.XceiverClientGrpc.checkOpen(XceiverClientGrpc.java:457)
	at org.apache.hadoop.hdds.scm.XceiverClientGrpc.sendCommandAsync(XceiverClientGrpc.java:399)
	at org.apache.hadoop.hdds.scm.XceiverClientGrpc.sendCommandWithRetry(XceiverClientGrpc.java:318)
	at org.apache.hadoop.hdds.scm.XceiverClientGrpc.sendCommandWithTraceIDAndRetry(XceiverClientGrpc.java:263)
	at org.apache.hadoop.hdds.scm.XceiverClientGrpc.sendCommand(XceiverClientGrpc.java:247)
	at org.apache.hadoop.hdds.scm.storage.ContainerProtocolCalls.getBlock(ContainerProtocolCalls.java:118)
	at org.apache.hadoop.hdds.scm.storage.BlockInputStream.getChunkInfos(BlockInputStream.java:169)
	at org.apache.hadoop.hdds.scm.storage.BlockInputStream.initialize(BlockInputStream.java:118)
	at org.apache.hadoop.hdds.scm.storage.BlockInputStream.read(BlockInputStream.java:224)
	at org.apache.hadoop.ozone.client.io.KeyInputStream.read(KeyInputStream.java:173)
	at org.apache.hadoop.ozone.client.io.OzoneInputStream.read(OzoneInputStream.java:47)
	at java.io.InputStream.read(InputStream.java:101)
	at org.apache.hadoop.ozone.container.ContainerTestHelper.validateData(ContainerTestHelper.java:754)
	at org.apache.hadoop.ozone.client.rpc.TestFailureHandlingByClient.validateData(TestFailureHandlingByClient.java:413)
	at org.apache.hadoop.ozone.client.rpc.TestFailureHandlingByClient.testWriteSmallFile(TestFailureHandlingByClient.java:217)
	at sun.reflect.NativeMethodAccessorImpl.invoke0(Native Method)
	at sun.reflect.NativeMethodAccessorImpl.invoke(NativeMethodAccessorImpl.java:62)
	at sun.reflect.DelegatingMethodAccessorImpl.invoke(DelegatingMethodAccessorImpl.java:43)
	at java.lang.reflect.Method.invoke(Method.java:498)
	at org.junit.runners.model.FrameworkMethod$1.runReflectiveCall(FrameworkMethod.java:47)
	at org.junit.internal.runners.model.ReflectiveCallable.run(ReflectiveCallable.java:12)
	at org.junit.runners.model.FrameworkMethod.invokeExplosively(FrameworkMethod.java:44)
	at org.junit.internal.runners.statements.InvokeMethod.evaluate(InvokeMethod.java:17)
	at org.junit.internal.runners.statements.RunAfters.evaluate(RunAfters.java:27)
	at org.junit.runners.ParentRunner.runLeaf(ParentRunner.java:271)
	at org.junit.runners.BlockJUnit4ClassRunner.runChild(BlockJUnit4ClassRunner.java:70)
	at org.junit.runners.BlockJUnit4ClassRunner.runChild(BlockJUnit4ClassRunner.java:50)
	at org.junit.runners.ParentRunner$3.run(ParentRunner.java:238)
	at org.junit.runners.ParentRunner$1.schedule(ParentRunner.java:63)
	at org.junit.runners.ParentRunner.runChildren(ParentRunner.java:236)
	at org.junit.runners.ParentRunner.access$000(ParentRunner.java:53)
	at org.junit.runners.ParentRunner$2.evaluate(ParentRunner.java:229)
	at org.junit.runners.ParentRunner.run(ParentRunner.java:309)
	at org.apache.maven.surefire.junit4.JUnit4Provider.execute(JUnit4Provider.java:365)
	at org.apache.maven.surefire.junit4.JUnit4Provider.executeWithRerun(JUnit4Provider.java:273)
	at org.apache.maven.surefire.junit4.JUnit4Provider.executeTestSet(JUnit4Provider.java:238)
	at org.apache.maven.surefire.junit4.JUnit4Provider.invoke(JUnit4Provider.java:159)
	at org.apache.maven.surefire.booter.ForkedBooter.invokeProviderInSameClassLoader(ForkedBooter.java:384)
	at org.apache.maven.surefire.booter.ForkedBooter.runSuitesInProcess(ForkedBooter.java:345)
	at org.apache.maven.surefire.booter.ForkedBooter.execute(ForkedBooter.java:126)
	at org.apache.maven.surefire.booter.ForkedBooter.main(ForkedBooter.java:418)

Nov 15, 2019 4:24:49 AM org.apache.ratis.thirdparty.io.grpc.internal.ManagedChannelOrphanWrapper$ManagedChannelReference cleanQueue
SEVERE: *~*~*~ Channel ManagedChannelImpl{logId=1143, target=192.168.34.61:42943} was not shutdown properly!!! ~*~*~*
    Make sure to call shutdown()/shutdownNow() and wait until awaitTermination() returns true.
java.lang.RuntimeException: ManagedChannel allocation site
	at org.apache.ratis.thirdparty.io.grpc.internal.ManagedChannelOrphanWrapper$ManagedChannelReference.<init>(ManagedChannelOrphanWrapper.java:103)
	at org.apache.ratis.thirdparty.io.grpc.internal.ManagedChannelOrphanWrapper.<init>(ManagedChannelOrphanWrapper.java:53)
	at org.apache.ratis.thirdparty.io.grpc.internal.ManagedChannelOrphanWrapper.<init>(ManagedChannelOrphanWrapper.java:44)
	at org.apache.ratis.thirdparty.io.grpc.internal.AbstractManagedChannelImplBuilder.build(AbstractManagedChannelImplBuilder.java:411)
	at org.apache.hadoop.hdds.scm.XceiverClientGrpc.connectToDatanode(XceiverClientGrpc.java:189)
	at org.apache.hadoop.hdds.scm.XceiverClientGrpc.connect(XceiverClientGrpc.java:138)
	at org.apache.hadoop.hdds.scm.XceiverClientManager$2.call(XceiverClientManager.java:242)
	at org.apache.hadoop.hdds.scm.XceiverClientManager$2.call(XceiverClientManager.java:226)
	at com.google.common.cache.LocalCache$LocalManualCache$1.load(LocalCache.java:4767)
	at com.google.common.cache.LocalCache$LoadingValueReference.loadFuture(LocalCache.java:3568)
	at com.google.common.cache.LocalCache$Segment.loadSync(LocalCache.java:2350)
	at com.google.common.cache.LocalCache$Segment.lockedGetOrLoad(LocalCache.java:2313)
	at com.google.common.cache.LocalCache$Segment.get(LocalCache.java:2228)
	at com.google.common.cache.LocalCache.get(LocalCache.java:3965)
	at com.google.common.cache.LocalCache$LocalManualCache.get(LocalCache.java:4764)
	at org.apache.hadoop.hdds.scm.XceiverClientManager.getClient(XceiverClientManager.java:226)
	at org.apache.hadoop.hdds.scm.XceiverClientManager.acquireClient(XceiverClientManager.java:172)
	at org.apache.hadoop.hdds.scm.XceiverClientManager.acquireClientForReadData(XceiverClientManager.java:162)
	at org.apache.hadoop.hdds.scm.storage.BlockInputStream.getChunkInfos(BlockInputStream.java:154)
	at org.apache.hadoop.hdds.scm.storage.BlockInputStream.initialize(BlockInputStream.java:118)
	at org.apache.hadoop.hdds.scm.storage.BlockInputStream.read(BlockInputStream.java:224)
	at org.apache.hadoop.ozone.client.io.KeyInputStream.read(KeyInputStream.java:173)
	at org.apache.hadoop.ozone.client.io.OzoneInputStream.read(OzoneInputStream.java:47)
	at java.io.InputStream.read(InputStream.java:101)
	at org.apache.hadoop.ozone.container.ContainerTestHelper.validateData(ContainerTestHelper.java:754)
	at org.apache.hadoop.ozone.client.rpc.TestFailureHandlingByClient.validateData(TestFailureHandlingByClient.java:413)
	at org.apache.hadoop.ozone.client.rpc.TestFailureHandlingByClient.testWriteSmallFile(TestFailureHandlingByClient.java:217)
	at sun.reflect.NativeMethodAccessorImpl.invoke0(Native Method)
	at sun.reflect.NativeMethodAccessorImpl.invoke(NativeMethodAccessorImpl.java:62)
	at sun.reflect.DelegatingMethodAccessorImpl.invoke(DelegatingMethodAccessorImpl.java:43)
	at java.lang.reflect.Method.invoke(Method.java:498)
	at org.junit.runners.model.FrameworkMethod$1.runReflectiveCall(FrameworkMethod.java:47)
	at org.junit.internal.runners.model.ReflectiveCallable.run(ReflectiveCallable.java:12)
	at org.junit.runners.model.FrameworkMethod.invokeExplosively(FrameworkMethod.java:44)
	at org.junit.internal.runners.statements.InvokeMethod.evaluate(InvokeMethod.java:17)
	at org.junit.internal.runners.statements.RunAfters.evaluate(RunAfters.java:27)
	at org.junit.runners.ParentRunner.runLeaf(ParentRunner.java:271)
	at org.junit.runners.BlockJUnit4ClassRunner.runChild(BlockJUnit4ClassRunner.java:70)
	at org.junit.runners.BlockJUnit4ClassRunner.runChild(BlockJUnit4ClassRunner.java:50)
	at org.junit.runners.ParentRunner$3.run(ParentRunner.java:238)
	at org.junit.runners.ParentRunner$1.schedule(ParentRunner.java:63)
	at org.junit.runners.ParentRunner.runChildren(ParentRunner.java:236)
	at org.junit.runners.ParentRunner.access$000(ParentRunner.java:53)
	at org.junit.runners.ParentRunner$2.evaluate(ParentRunner.java:229)
	at org.junit.runners.ParentRunner.run(ParentRunner.java:309)
	at org.apache.maven.surefire.junit4.JUnit4Provider.execute(JUnit4Provider.java:365)
	at org.apache.maven.surefire.junit4.JUnit4Provider.executeWithRerun(JUnit4Provider.java:273)
	at org.apache.maven.surefire.junit4.JUnit4Provider.executeTestSet(JUnit4Provider.java:238)
	at org.apache.maven.surefire.junit4.JUnit4Provider.invoke(JUnit4Provider.java:159)
	at org.apache.maven.surefire.booter.ForkedBooter.invokeProviderInSameClassLoader(ForkedBooter.java:384)
	at org.apache.maven.surefire.booter.ForkedBooter.runSuitesInProcess(ForkedBooter.java:345)
	at org.apache.maven.surefire.booter.ForkedBooter.execute(ForkedBooter.java:126)
	at org.apache.maven.surefire.booter.ForkedBooter.main(ForkedBooter.java:418)

Nov 15, 2019 4:24:49 AM org.apache.ratis.thirdparty.io.grpc.internal.ManagedChannelOrphanWrapper$ManagedChannelReference cleanQueue
SEVERE: *~*~*~ Channel ManagedChannelImpl{logId=1138, target=192.168.34.61:44312} was not shutdown properly!!! ~*~*~*
    Make sure to call shutdown()/shutdownNow() and wait until awaitTermination() returns true.
java.lang.RuntimeException: ManagedChannel allocation site
	at org.apache.ratis.thirdparty.io.grpc.internal.ManagedChannelOrphanWrapper$ManagedChannelReference.<init>(ManagedChannelOrphanWrapper.java:103)
	at org.apache.ratis.thirdparty.io.grpc.internal.ManagedChannelOrphanWrapper.<init>(ManagedChannelOrphanWrapper.java:53)
	at org.apache.ratis.thirdparty.io.grpc.internal.ManagedChannelOrphanWrapper.<init>(ManagedChannelOrphanWrapper.java:44)
	at org.apache.ratis.thirdparty.io.grpc.internal.AbstractManagedChannelImplBuilder.build(AbstractManagedChannelImplBuilder.java:411)
	at org.apache.ratis.grpc.client.GrpcClientProtocolClient.<init>(GrpcClientProtocolClient.java:128)
	at org.apache.ratis.grpc.client.GrpcClientRpc.lambda$new$0(GrpcClientRpc.java:55)
	at org.apache.ratis.util.PeerProxyMap$PeerAndProxy.lambda$getProxy$0(PeerProxyMap.java:62)
	at org.apache.ratis.util.LifeCycle.startAndTransition(LifeCycle.java:202)
	at org.apache.ratis.util.PeerProxyMap$PeerAndProxy.getProxy(PeerProxyMap.java:61)
	at org.apache.ratis.util.PeerProxyMap.getProxy(PeerProxyMap.java:109)
	at org.apache.ratis.grpc.client.GrpcClientRpc.sendRequestAsync(GrpcClientRpc.java:66)
	at org.apache.ratis.client.impl.OrderedAsync.sendRequest(OrderedAsync.java:233)
	at org.apache.ratis.client.impl.OrderedAsync.sendRequestWithRetry(OrderedAsync.java:188)
	at org.apache.ratis.util.SlidingWindow$Client.sendOrDelayRequest(SlidingWindow.java:278)
	at org.apache.ratis.util.SlidingWindow$Client.retry(SlidingWindow.java:294)
	at org.apache.ratis.client.impl.OrderedAsync.lambda$scheduleWithTimeout$7(OrderedAsync.java:220)
	at org.apache.ratis.util.TimeoutScheduler.lambda$onTimeout$0(TimeoutScheduler.java:141)
	at org.apache.ratis.util.TimeoutScheduler.lambda$onTimeout$1(TimeoutScheduler.java:155)
	at org.apache.ratis.util.LogUtils.runAndLog(LogUtils.java:50)
	at org.apache.ratis.util.LogUtils$1.run(LogUtils.java:91)
	at java.util.concurrent.Executors$RunnableAdapter.call(Executors.java:511)
	at java.util.concurrent.FutureTask.run(FutureTask.java:266)
	at java.util.concurrent.ScheduledThreadPoolExecutor$ScheduledFutureTask.access$201(ScheduledThreadPoolExecutor.java:180)
	at java.util.concurrent.ScheduledThreadPoolExecutor$ScheduledFutureTask.run(ScheduledThreadPoolExecutor.java:293)
	at java.util.concurrent.ThreadPoolExecutor.runWorker(ThreadPoolExecutor.java:1149)
	at java.util.concurrent.ThreadPoolExecutor$Worker.run(ThreadPoolExecutor.java:624)
	at java.lang.Thread.run(Thread.java:748)

Nov 15, 2019 4:25:13 AM org.apache.ratis.thirdparty.io.grpc.internal.SerializingExecutor run
SEVERE: Exception while executing runnable org.apache.ratis.thirdparty.io.grpc.internal.ServerImpl$JumpToApplicationThreadServerStreamListener$1Closed@68d295d4
org.apache.ratis.thirdparty.io.grpc.StatusRuntimeException: CANCELLED: call already cancelled
	at org.apache.ratis.thirdparty.io.grpc.Status.asRuntimeException(Status.java:517)
	at org.apache.ratis.thirdparty.io.grpc.stub.ServerCalls$ServerCallStreamObserverImpl.onCompleted(ServerCalls.java:356)
	at org.apache.ratis.grpc.server.GrpcServerProtocolService$ServerRequestStreamObserver.onError(GrpcServerProtocolService.java:121)
	at org.apache.ratis.thirdparty.io.grpc.stub.ServerCalls$StreamingServerCallHandler$StreamingServerCallListener.onCancel(ServerCalls.java:269)
	at org.apache.ratis.thirdparty.io.grpc.internal.ServerCallImpl$ServerStreamListenerImpl.closed(ServerCallImpl.java:293)
	at org.apache.ratis.thirdparty.io.grpc.internal.ServerImpl$JumpToApplicationThreadServerStreamListener$1Closed.runInContext(ServerImpl.java:741)
	at org.apache.ratis.thirdparty.io.grpc.internal.ContextRunnable.run(ContextRunnable.java:37)
	at org.apache.ratis.thirdparty.io.grpc.internal.SerializingExecutor.run(SerializingExecutor.java:123)
	at java.util.concurrent.ThreadPoolExecutor.runWorker(ThreadPoolExecutor.java:1149)
	at java.util.concurrent.ThreadPoolExecutor$Worker.run(ThreadPoolExecutor.java:624)
	at java.lang.Thread.run(Thread.java:748)

]]></system-err>
  </testcase>
</testsuite>