<?xml version="1.0" encoding="UTF-8"?>
<testsuite xmlns:xsi="http://www.w3.org/2001/XMLSchema-instance" xsi:noNamespaceSchemaLocation="https://maven.apache.org/surefire/maven-surefire-plugin/xsd/surefire-test-report.xsd" name="org.apache.hadoop.ozone.freon.TestFreonWithPipelineDestroy" time="48.045" tests="1" errors="1" skipped="0" failures="0">
  <properties>
    <property name="awt.toolkit" value="sun.awt.X11.XToolkit"/>
    <property name="file.encoding.pkg" value="sun.io"/>
    <property name="java.specification.version" value="1.8"/>
    <property name="sun.cpu.isalist" value=""/>
    <property name="sun.jnu.encoding" value="ANSI_X3.4-1968"/>
    <property name="java.class.path" value="/workdir/hadoop-ozone/tools/target/test-classes:/workdir/hadoop-ozone/tools/target/classes:/home/user/.m2/repository/org/apache/hadoop/hadoop-ozone-ozone-manager/0.5.0-SNAPSHOT/hadoop-ozone-ozone-manager-0.5.0-SNAPSHOT.jar:/home/user/.m2/repository/org/apache/hadoop/hadoop-hdds-docs/0.5.0-SNAPSHOT/hadoop-hdds-docs-0.5.0-SNAPSHOT.jar:/home/user/.m2/repository/org/bouncycastle/bcprov-jdk15on/1.60/bcprov-jdk15on-1.60.jar:/home/user/.m2/repository/org/apache/hadoop/hadoop-ozone-common/0.5.0-SNAPSHOT/hadoop-ozone-common-0.5.0-SNAPSHOT.jar:/home/user/.m2/repository/org/apache/commons/commons-compress/1.4.1/commons-compress-1.4.1.jar:/home/user/.m2/repository/org/tukaani/xz/1.0/xz-1.0.jar:/home/user/.m2/repository/org/apache/hadoop/hadoop-hdfs-client/3.2.0/hadoop-hdfs-client-3.2.0.jar:/home/user/.m2/repository/com/fasterxml/jackson/core/jackson-annotations/2.9.9/jackson-annotations-2.9.9.jar:/home/user/.m2/repository/org/apache/hadoop/hadoop-hdds-common/0.5.0-SNAPSHOT/hadoop-hdds-common-0.5.0-SNAPSHOT.jar:/home/user/.m2/repository/org/apache/hadoop/hadoop-hdds-config/0.5.0-SNAPSHOT/hadoop-hdds-config-0.5.0-SNAPSHOT.jar:/home/user/.m2/repository/javax/annotation/javax.annotation-api/1.2/javax.annotation-api-1.2.jar:/home/user/.m2/repository/org/apache/ratis/ratis-server/0.5.0-d6d58d0-SNAPSHOT/ratis-server-0.5.0-d6d58d0-SNAPSHOT.jar:/home/user/.m2/repository/org/apache/ratis/ratis-thirdparty-misc/0.2.0/ratis-thirdparty-misc-0.2.0.jar:/home/user/.m2/repository/org/apache/ratis/ratis-proto/0.5.0-d6d58d0-SNAPSHOT/ratis-proto-0.5.0-d6d58d0-SNAPSHOT.jar:/home/user/.m2/repository/org/apache/ratis/ratis-common/0.5.0-d6d58d0-SNAPSHOT/ratis-common-0.5.0-d6d58d0-SNAPSHOT.jar:/home/user/.m2/repository/org/apache/ratis/ratis-client/0.5.0-d6d58d0-SNAPSHOT/ratis-client-0.5.0-d6d58d0-SNAPSHOT.jar:/home/user/.m2/repository/org/apache/ratis/ratis-metrics/0.5.0-d6d58d0-SNAPSHOT/ratis-metrics-0.5.0-d6d58d0-SNAPSHOT.jar:/home/user/.m2/repository/org/apache/ratis/ratis-netty/0.5.0-d6d58d0-SNAPSHOT/ratis-netty-0.5.0-d6d58d0-SNAPSHOT.jar:/home/user/.m2/repository/org/apache/ratis/ratis-grpc/0.5.0-d6d58d0-SNAPSHOT/ratis-grpc-0.5.0-d6d58d0-SNAPSHOT.jar:/home/user/.m2/repository/org/rocksdb/rocksdbjni/6.0.1/rocksdbjni-6.0.1.jar:/home/user/.m2/repository/org/apache/logging/log4j/log4j-api/2.11.0/log4j-api-2.11.0.jar:/home/user/.m2/repository/org/apache/logging/log4j/log4j-core/2.11.0/log4j-core-2.11.0.jar:/home/user/.m2/repository/com/lmax/disruptor/3.4.2/disruptor-3.4.2.jar:/home/user/.m2/repository/org/apache/commons/commons-pool2/2.6.0/commons-pool2-2.6.0.jar:/home/user/.m2/repository/org/bouncycastle/bcpkix-jdk15on/1.60/bcpkix-jdk15on-1.60.jar:/home/user/.m2/repository/commons-validator/commons-validator/1.6/commons-validator-1.6.jar:/home/user/.m2/repository/commons-digester/commons-digester/1.8.1/commons-digester-1.8.1.jar:/home/user/.m2/repository/io/jaegertracing/jaeger-client/0.34.0/jaeger-client-0.34.0.jar:/home/user/.m2/repository/io/jaegertracing/jaeger-thrift/0.34.0/jaeger-thrift-0.34.0.jar:/home/user/.m2/repository/org/apache/thrift/libthrift/0.12.0/libthrift-0.12.0.jar:/home/user/.m2/repository/com/squareup/okhttp3/okhttp/3.9.0/okhttp-3.9.0.jar:/home/user/.m2/repository/com/squareup/okio/okio/1.13.0/okio-1.13.0.jar:/home/user/.m2/repository/io/jaegertracing/jaeger-core/0.34.0/jaeger-core-0.34.0.jar:/home/user/.m2/repository/io/jaegertracing/jaeger-tracerresolver/0.34.0/jaeger-tracerresolver-0.34.0.jar:/home/user/.m2/repository/io/opentracing/contrib/opentracing-tracerresolver/0.1.5/opentracing-tracerresolver-0.1.5.jar:/home/user/.m2/repository/io/opentracing/opentracing-util/0.31.0/opentracing-util-0.31.0.jar:/home/user/.m2/repository/io/opentracing/opentracing-api/0.31.0/opentracing-api-0.31.0.jar:/home/user/.m2/repository/io/opentracing/opentracing-noop/0.31.0/opentracing-noop-0.31.0.jar:/home/user/.m2/repository/org/yaml/snakeyaml/1.16/snakeyaml-1.16.jar:/home/user/.m2/repository/org/apache/hadoop/hadoop-hdds-container-service/0.5.0-SNAPSHOT/hadoop-hdds-container-service-0.5.0-SNAPSHOT.jar:/home/user/.m2/repository/org/apache/hadoop/hadoop-hdds-client/0.5.0-SNAPSHOT/hadoop-hdds-client-0.5.0-SNAPSHOT.jar:/home/user/.m2/repository/org/apache/hadoop/hadoop-hdds-tools/0.5.0-SNAPSHOT/hadoop-hdds-tools-0.5.0-SNAPSHOT.jar:/home/user/.m2/repository/org/xerial/sqlite-jdbc/3.25.2/sqlite-jdbc-3.25.2.jar:/home/user/.m2/repository/org/apache/hadoop/hadoop-hdds-server-scm/0.5.0-SNAPSHOT/hadoop-hdds-server-scm-0.5.0-SNAPSHOT.jar:/home/user/.m2/repository/org/hamcrest/hamcrest-all/1.3/hamcrest-all-1.3.jar:/home/user/.m2/repository/info/picocli/picocli/3.9.6/picocli-3.9.6.jar:/home/user/.m2/repository/com/google/protobuf/protobuf-java/2.5.0/protobuf-java-2.5.0.jar:/home/user/.m2/repository/com/google/guava/guava/11.0.2/guava-11.0.2.jar:/home/user/.m2/repository/org/apache/hadoop/hadoop-ozone-client/0.5.0-SNAPSHOT/hadoop-ozone-client-0.5.0-SNAPSHOT.jar:/workdir/hadoop-ozone/ozonefs/target/classes:/home/user/.m2/repository/org/apache/httpcomponents/httpclient/4.5.2/httpclient-4.5.2.jar:/home/user/.m2/repository/org/apache/httpcomponents/httpcore/4.4.4/httpcore-4.4.4.jar:/home/user/.m2/repository/org/apache/hadoop/hadoop-hdds-server-framework/0.5.0-SNAPSHOT/hadoop-hdds-server-framework-0.5.0-SNAPSHOT.jar:/home/user/.m2/repository/org/apache/hadoop/hadoop-common/3.2.0/hadoop-common-3.2.0.jar:/home/user/.m2/repository/org/apache/hadoop/hadoop-annotations/3.2.0/hadoop-annotations-3.2.0.jar:/usr/lib/jvm/java-1.8.0-openjdk-1.8.0.222.b10-1.el7_7.x86_64/jre/../lib/tools.jar:/home/user/.m2/repository/commons-cli/commons-cli/1.2/commons-cli-1.2.jar:/home/user/.m2/repository/org/apache/commons/commons-math3/3.1.1/commons-math3-3.1.1.jar:/home/user/.m2/repository/commons-codec/commons-codec/1.11/commons-codec-1.11.jar:/home/user/.m2/repository/commons-io/commons-io/2.5/commons-io-2.5.jar:/home/user/.m2/repository/commons-net/commons-net/3.6/commons-net-3.6.jar:/home/user/.m2/repository/commons-collections/commons-collections/3.2.2/commons-collections-3.2.2.jar:/home/user/.m2/repository/javax/servlet/javax.servlet-api/3.1.0/javax.servlet-api-3.1.0.jar:/home/user/.m2/repository/org/eclipse/jetty/jetty-server/9.3.25.v20180904/jetty-server-9.3.25.v20180904.jar:/home/user/.m2/repository/org/eclipse/jetty/jetty-http/9.3.25.v20180904/jetty-http-9.3.25.v20180904.jar:/home/user/.m2/repository/org/eclipse/jetty/jetty-io/9.3.25.v20180904/jetty-io-9.3.25.v20180904.jar:/home/user/.m2/repository/org/eclipse/jetty/jetty-util/9.3.25.v20180904/jetty-util-9.3.25.v20180904.jar:/home/user/.m2/repository/org/eclipse/jetty/jetty-servlet/9.3.25.v20180904/jetty-servlet-9.3.25.v20180904.jar:/home/user/.m2/repository/org/eclipse/jetty/jetty-security/9.3.25.v20180904/jetty-security-9.3.25.v20180904.jar:/home/user/.m2/repository/org/eclipse/jetty/jetty-webapp/9.3.25.v20180904/jetty-webapp-9.3.25.v20180904.jar:/home/user/.m2/repository/org/eclipse/jetty/jetty-xml/9.3.25.v20180904/jetty-xml-9.3.25.v20180904.jar:/home/user/.m2/repository/javax/servlet/jsp/jsp-api/2.1/jsp-api-2.1.jar:/home/user/.m2/repository/com/sun/jersey/jersey-core/1.19/jersey-core-1.19.jar:/home/user/.m2/repository/javax/ws/rs/jsr311-api/1.1.1/jsr311-api-1.1.1.jar:/home/user/.m2/repository/com/sun/jersey/jersey-servlet/1.19/jersey-servlet-1.19.jar:/home/user/.m2/repository/com/sun/jersey/jersey-json/1.19/jersey-json-1.19.jar:/home/user/.m2/repository/org/codehaus/jettison/jettison/1.1/jettison-1.1.jar:/home/user/.m2/repository/com/sun/xml/bind/jaxb-impl/2.3.0.1/jaxb-impl-2.3.0.1.jar:/home/user/.m2/repository/org/codehaus/jackson/jackson-core-asl/1.9.13/jackson-core-asl-1.9.13.jar:/home/user/.m2/repository/org/codehaus/jackson/jackson-mapper-asl/1.9.13/jackson-mapper-asl-1.9.13.jar:/home/user/.m2/repository/org/codehaus/jackson/jackson-jaxrs/1.9.13/jackson-jaxrs-1.9.13.jar:/home/user/.m2/repository/org/codehaus/jackson/jackson-xc/1.9.13/jackson-xc-1.9.13.jar:/home/user/.m2/repository/com/sun/jersey/jersey-server/1.19/jersey-server-1.19.jar:/home/user/.m2/repository/commons-logging/commons-logging/1.1.3/commons-logging-1.1.3.jar:/home/user/.m2/repository/log4j/log4j/1.2.17/log4j-1.2.17.jar:/home/user/.m2/repository/commons-beanutils/commons-beanutils/1.9.4/commons-beanutils-1.9.4.jar:/home/user/.m2/repository/org/apache/commons/commons-configuration2/2.1.1/commons-configuration2-2.1.1.jar:/home/user/.m2/repository/org/apache/commons/commons-lang3/3.7/commons-lang3-3.7.jar:/home/user/.m2/repository/org/apache/commons/commons-text/1.4/commons-text-1.4.jar:/home/user/.m2/repository/org/slf4j/slf4j-api/1.7.25/slf4j-api-1.7.25.jar:/home/user/.m2/repository/org/slf4j/slf4j-log4j12/1.7.25/slf4j-log4j12-1.7.25.jar:/home/user/.m2/repository/org/apache/avro/avro/1.7.7/avro-1.7.7.jar:/home/user/.m2/repository/com/thoughtworks/paranamer/paranamer/2.3/paranamer-2.3.jar:/home/user/.m2/repository/org/xerial/snappy/snappy-java/1.0.5/snappy-java-1.0.5.jar:/home/user/.m2/repository/com/google/re2j/re2j/1.1/re2j-1.1.jar:/home/user/.m2/repository/com/google/code/gson/gson/2.2.4/gson-2.2.4.jar:/home/user/.m2/repository/org/apache/hadoop/hadoop-auth/3.2.0/hadoop-auth-3.2.0.jar:/home/user/.m2/repository/com/nimbusds/nimbus-jose-jwt/4.41.1/nimbus-jose-jwt-4.41.1.jar:/home/user/.m2/repository/com/github/stephenc/jcip/jcip-annotations/1.0-1/jcip-annotations-1.0-1.jar:/home/user/.m2/repository/net/minidev/json-smart/2.3/json-smart-2.3.jar:/home/user/.m2/repository/net/minidev/accessors-smart/1.2/accessors-smart-1.2.jar:/home/user/.m2/repository/org/apache/curator/curator-framework/2.12.0/curator-framework-2.12.0.jar:/home/user/.m2/repository/com/jcraft/jsch/0.1.54/jsch-0.1.54.jar:/home/user/.m2/repository/org/apache/curator/curator-client/2.12.0/curator-client-2.12.0.jar:/home/user/.m2/repository/org/apache/curator/curator-recipes/2.12.0/curator-recipes-2.12.0.jar:/home/user/.m2/repository/com/google/code/findbugs/jsr305/3.0.0/jsr305-3.0.0.jar:/home/user/.m2/repository/org/apache/htrace/htrace-core4/4.1.0-incubating/htrace-core4-4.1.0-incubating.jar:/home/user/.m2/repository/org/apache/zookeeper/zookeeper/3.4.13/zookeeper-3.4.13.jar:/home/user/.m2/repository/jline/jline/0.9.94/jline-0.9.94.jar:/home/user/.m2/repository/org/apache/yetus/audience-annotations/0.5.0/audience-annotations-0.5.0.jar:/home/user/.m2/repository/org/apache/kerby/kerb-simplekdc/1.0.1/kerb-simplekdc-1.0.1.jar:/home/user/.m2/repository/org/apache/kerby/kerb-client/1.0.1/kerb-client-1.0.1.jar:/home/user/.m2/repository/org/apache/kerby/kerby-config/1.0.1/kerby-config-1.0.1.jar:/home/user/.m2/repository/org/apache/kerby/kerb-core/1.0.1/kerb-core-1.0.1.jar:/home/user/.m2/repository/org/apache/kerby/kerby-pkix/1.0.1/kerby-pkix-1.0.1.jar:/home/user/.m2/repository/org/apache/kerby/kerby-asn1/1.0.1/kerby-asn1-1.0.1.jar:/home/user/.m2/repository/org/apache/kerby/kerby-util/1.0.1/kerby-util-1.0.1.jar:/home/user/.m2/repository/org/apache/kerby/kerb-common/1.0.1/kerb-common-1.0.1.jar:/home/user/.m2/repository/org/apache/kerby/kerb-crypto/1.0.1/kerb-crypto-1.0.1.jar:/home/user/.m2/repository/org/apache/kerby/kerb-util/1.0.1/kerb-util-1.0.1.jar:/home/user/.m2/repository/org/apache/kerby/token-provider/1.0.1/token-provider-1.0.1.jar:/home/user/.m2/repository/org/apache/kerby/kerb-admin/1.0.1/kerb-admin-1.0.1.jar:/home/user/.m2/repository/org/apache/kerby/kerb-server/1.0.1/kerb-server-1.0.1.jar:/home/user/.m2/repository/org/apache/kerby/kerb-identity/1.0.1/kerb-identity-1.0.1.jar:/home/user/.m2/repository/org/apache/kerby/kerby-xdr/1.0.1/kerby-xdr-1.0.1.jar:/home/user/.m2/repository/com/fasterxml/jackson/core/jackson-databind/2.9.9/jackson-databind-2.9.9.jar:/home/user/.m2/repository/com/fasterxml/jackson/core/jackson-core/2.9.9/jackson-core-2.9.9.jar:/home/user/.m2/repository/org/codehaus/woodstox/stax2-api/3.1.4/stax2-api-3.1.4.jar:/home/user/.m2/repository/com/fasterxml/woodstox/woodstox-core/5.0.3/woodstox-core-5.0.3.jar:/home/user/.m2/repository/dnsjava/dnsjava/2.1.7/dnsjava-2.1.7.jar:/home/user/.m2/repository/org/apache/hadoop/hadoop-hdfs/3.2.0/hadoop-hdfs-3.2.0.jar:/home/user/.m2/repository/org/eclipse/jetty/jetty-util-ajax/9.3.25.v20180904/jetty-util-ajax-9.3.25.v20180904.jar:/home/user/.m2/repository/commons-daemon/commons-daemon/1.0.13/commons-daemon-1.0.13.jar:/home/user/.m2/repository/io/netty/netty/3.10.5.Final/netty-3.10.5.Final.jar:/home/user/.m2/repository/io/netty/netty-all/4.0.52.Final/netty-all-4.0.52.Final.jar:/home/user/.m2/repository/org/fusesource/leveldbjni/leveldbjni-all/1.8/leveldbjni-all-1.8.jar:/home/user/.m2/repository/com/sun/xml/bind/jaxb-core/2.3.0.1/jaxb-core-2.3.0.1.jar:/home/user/.m2/repository/javax/xml/bind/jaxb-api/2.3.0/jaxb-api-2.3.0.jar:/home/user/.m2/repository/javax/activation/activation/1.1.1/activation-1.1.1.jar:/home/user/.m2/repository/org/openjdk/jmh/jmh-core/1.19/jmh-core-1.19.jar:/home/user/.m2/repository/net/sf/jopt-simple/jopt-simple/4.6/jopt-simple-4.6.jar:/home/user/.m2/repository/org/openjdk/jmh/jmh-generator-annprocess/1.19/jmh-generator-annprocess-1.19.jar:/home/user/.m2/repository/io/dropwizard/metrics/metrics-core/3.2.4/metrics-core-3.2.4.jar:/home/user/.m2/repository/com/amazonaws/aws-java-sdk-s3/1.11.615/aws-java-sdk-s3-1.11.615.jar:/home/user/.m2/repository/com/amazonaws/aws-java-sdk-kms/1.11.615/aws-java-sdk-kms-1.11.615.jar:/home/user/.m2/repository/com/amazonaws/aws-java-sdk-core/1.11.615/aws-java-sdk-core-1.11.615.jar:/home/user/.m2/repository/software/amazon/ion/ion-java/1.0.2/ion-java-1.0.2.jar:/home/user/.m2/repository/com/fasterxml/jackson/dataformat/jackson-dataformat-cbor/2.9.9/jackson-dataformat-cbor-2.9.9.jar:/home/user/.m2/repository/joda-time/joda-time/2.9.9/joda-time-2.9.9.jar:/home/user/.m2/repository/com/amazonaws/jmespath-java/1.11.615/jmespath-java-1.11.615.jar:/home/user/.m2/repository/com/github/spotbugs/spotbugs/3.1.12/spotbugs-3.1.12.jar:/home/user/.m2/repository/org/ow2/asm/asm/5.0.4/asm-5.0.4.jar:/home/user/.m2/repository/org/ow2/asm/asm-analysis/7.0/asm-analysis-7.0.jar:/home/user/.m2/repository/org/ow2/asm/asm-commons/7.0/asm-commons-7.0.jar:/home/user/.m2/repository/org/ow2/asm/asm-tree/7.0/asm-tree-7.0.jar:/home/user/.m2/repository/org/ow2/asm/asm-util/7.0/asm-util-7.0.jar:/home/user/.m2/repository/org/apache/bcel/bcel/6.3/bcel-6.3.jar:/home/user/.m2/repository/net/jcip/jcip-annotations/1.0/jcip-annotations-1.0.jar:/home/user/.m2/repository/org/dom4j/dom4j/2.1.1/dom4j-2.1.1.jar:/home/user/.m2/repository/jaxen/jaxen/1.1.6/jaxen-1.1.6.jar:/home/user/.m2/repository/commons-lang/commons-lang/2.6/commons-lang-2.6.jar:/home/user/.m2/repository/com/github/spotbugs/spotbugs-annotations/3.1.12/spotbugs-annotations-3.1.12.jar:/home/user/.m2/repository/junit/junit/4.11/junit-4.11.jar:/home/user/.m2/repository/org/hamcrest/hamcrest-core/1.3/hamcrest-core-1.3.jar:/home/user/.m2/repository/org/apache/hadoop/hadoop-common/3.2.0/hadoop-common-3.2.0-tests.jar:/workdir/hadoop-ozone/integration-test/target/test-classes:/home/user/.m2/repository/org/apache/hadoop/hadoop-ozone-s3gateway/0.5.0-SNAPSHOT/hadoop-ozone-s3gateway-0.5.0-SNAPSHOT.jar:/home/user/.m2/repository/org/jboss/weld/servlet/weld-servlet/2.4.7.Final/weld-servlet-2.4.7.Final.jar:/home/user/.m2/repository/org/glassfish/jersey/containers/jersey-container-servlet-core/2.27/jersey-container-servlet-core-2.27.jar:/home/user/.m2/repository/org/glassfish/hk2/external/javax.inject/2.5.0-b42/javax.inject-2.5.0-b42.jar:/home/user/.m2/repository/org/glassfish/jersey/core/jersey-common/2.27/jersey-common-2.27.jar:/home/user/.m2/repository/org/glassfish/hk2/osgi-resource-locator/1.0.1/osgi-resource-locator-1.0.1.jar:/home/user/.m2/repository/javax/ws/rs/javax.ws.rs-api/2.1/javax.ws.rs-api-2.1.jar:/home/user/.m2/repository/org/glassfish/jersey/ext/cdi/jersey-cdi1x/2.27/jersey-cdi1x-2.27.jar:/home/user/.m2/repository/org/glassfish/jersey/inject/jersey-hk2/2.27/jersey-hk2-2.27.jar:/home/user/.m2/repository/org/glassfish/hk2/hk2-locator/2.5.0-b42/hk2-locator-2.5.0-b42.jar:/home/user/.m2/repository/org/javassist/javassist/3.22.0-CR2/javassist-3.22.0-CR2.jar:/home/user/.m2/repository/org/glassfish/hk2/hk2-api/2.5.0/hk2-api-2.5.0.jar:/home/user/.m2/repository/org/glassfish/hk2/external/jakarta.inject/2.5.0/jakarta.inject-2.5.0.jar:/home/user/.m2/repository/org/glassfish/hk2/hk2-utils/2.5.0/hk2-utils-2.5.0.jar:/home/user/.m2/repository/jakarta/annotation/jakarta.annotation-api/1.3.4/jakarta.annotation-api-1.3.4.jar:/home/user/.m2/repository/org/glassfish/hk2/external/aopalliance-repackaged/2.5.0/aopalliance-repackaged-2.5.0.jar:/home/user/.m2/repository/com/fasterxml/jackson/dataformat/jackson-dataformat-xml/2.9.0/jackson-dataformat-xml-2.9.0.jar:/home/user/.m2/repository/com/fasterxml/jackson/module/jackson-module-jaxb-annotations/2.9.9/jackson-module-jaxb-annotations-2.9.9.jar:/home/user/.m2/repository/javax/enterprise/cdi-api/1.2/cdi-api-1.2.jar:/home/user/.m2/repository/javax/el/javax.el-api/3.0.0/javax.el-api-3.0.0.jar:/home/user/.m2/repository/javax/interceptor/javax.interceptor-api/1.2/javax.interceptor-api-1.2.jar:/home/user/.m2/repository/javax/inject/javax.inject/1/javax.inject-1.jar:/home/user/.m2/repository/org/apache/hadoop/hadoop-ozone-csi/0.5.0-SNAPSHOT/hadoop-ozone-csi-0.5.0-SNAPSHOT.jar:/home/user/.m2/repository/com/google/protobuf/protobuf-java-util/3.5.1/protobuf-java-util-3.5.1.jar:/home/user/.m2/repository/io/grpc/grpc-netty/1.17.1/grpc-netty-1.17.1.jar:/home/user/.m2/repository/io/grpc/grpc-core/1.17.1/grpc-core-1.17.1.jar:/home/user/.m2/repository/io/grpc/grpc-context/1.17.1/grpc-context-1.17.1.jar:/home/user/.m2/repository/com/google/errorprone/error_prone_annotations/2.2.0/error_prone_annotations-2.2.0.jar:/home/user/.m2/repository/org/codehaus/mojo/animal-sniffer-annotations/1.17/animal-sniffer-annotations-1.17.jar:/home/user/.m2/repository/io/opencensus/opencensus-api/0.17.0/opencensus-api-0.17.0.jar:/home/user/.m2/repository/io/opencensus/opencensus-contrib-grpc-metrics/0.17.0/opencensus-contrib-grpc-metrics-0.17.0.jar:/home/user/.m2/repository/io/netty/netty-codec-http2/4.1.30.Final/netty-codec-http2-4.1.30.Final.jar:/home/user/.m2/repository/io/netty/netty-codec-http/4.1.30.Final/netty-codec-http-4.1.30.Final.jar:/home/user/.m2/repository/io/netty/netty-codec/4.1.30.Final/netty-codec-4.1.30.Final.jar:/home/user/.m2/repository/io/netty/netty-handler/4.1.30.Final/netty-handler-4.1.30.Final.jar:/home/user/.m2/repository/io/netty/netty-handler-proxy/4.1.30.Final/netty-handler-proxy-4.1.30.Final.jar:/home/user/.m2/repository/io/netty/netty-codec-socks/4.1.30.Final/netty-codec-socks-4.1.30.Final.jar:/home/user/.m2/repository/io/netty/netty-transport-native-epoll/4.1.30.Final/netty-transport-native-epoll-4.1.30.Final.jar:/home/user/.m2/repository/io/netty/netty-common/4.1.30.Final/netty-common-4.1.30.Final.jar:/home/user/.m2/repository/io/netty/netty-buffer/4.1.30.Final/netty-buffer-4.1.30.Final.jar:/home/user/.m2/repository/io/netty/netty-transport/4.1.30.Final/netty-transport-4.1.30.Final.jar:/home/user/.m2/repository/io/netty/netty-resolver/4.1.30.Final/netty-resolver-4.1.30.Final.jar:/home/user/.m2/repository/io/netty/netty-transport-native-unix-common/4.1.30.Final/netty-transport-native-unix-common-4.1.30.Final.jar:/home/user/.m2/repository/io/grpc/grpc-protobuf/1.17.1/grpc-protobuf-1.17.1.jar:/home/user/.m2/repository/com/google/api/grpc/proto-google-common-protos/1.0.0/proto-google-common-protos-1.0.0.jar:/home/user/.m2/repository/io/grpc/grpc-protobuf-lite/1.17.1/grpc-protobuf-lite-1.17.1.jar:/home/user/.m2/repository/io/grpc/grpc-stub/1.17.1/grpc-stub-1.17.1.jar:/home/user/.m2/repository/org/apache/hadoop/hadoop-ozone-recon/0.5.0-SNAPSHOT/hadoop-ozone-recon-0.5.0-SNAPSHOT.jar:/home/user/.m2/repository/org/apache/hadoop/hadoop-ozone-reconcodegen/0.5.0-SNAPSHOT/hadoop-ozone-reconcodegen-0.5.0-SNAPSHOT.jar:/home/user/.m2/repository/com/google/inject/extensions/guice-multibindings/4.0/guice-multibindings-4.0.jar:/home/user/.m2/repository/com/google/inject/guice/4.0/guice-4.0.jar:/home/user/.m2/repository/aopalliance/aopalliance/1.0/aopalliance-1.0.jar:/home/user/.m2/repository/com/google/inject/extensions/guice-servlet/4.0/guice-servlet-4.0.jar:/home/user/.m2/repository/org/glassfish/jersey/containers/jersey-container-servlet/2.27/jersey-container-servlet-2.27.jar:/home/user/.m2/repository/org/glassfish/hk2/guice-bridge/2.5.0/guice-bridge-2.5.0.jar:/home/user/.m2/repository/org/glassfish/jersey/core/jersey-server/2.27/jersey-server-2.27.jar:/home/user/.m2/repository/org/glassfish/jersey/core/jersey-client/2.27/jersey-client-2.27.jar:/home/user/.m2/repository/org/glassfish/jersey/media/jersey-media-jaxb/2.27/jersey-media-jaxb-2.27.jar:/home/user/.m2/repository/javax/validation/validation-api/1.1.0.Final/validation-api-1.1.0.Final.jar:/home/user/.m2/repository/org/glassfish/jersey/media/jersey-media-json-jackson/2.27/jersey-media-json-jackson-2.27.jar:/home/user/.m2/repository/org/glassfish/jersey/ext/jersey-entity-filtering/2.27/jersey-entity-filtering-2.27.jar:/home/user/.m2/repository/com/google/inject/extensions/guice-assistedinject/4.0/guice-assistedinject-4.0.jar:/home/user/.m2/repository/org/jooq/jooq/3.11.10/jooq-3.11.10.jar:/home/user/.m2/repository/org/jooq/jooq-meta/3.11.10/jooq-meta-3.11.10.jar:/home/user/.m2/repository/org/jooq/jooq-codegen/3.11.10/jooq-codegen-3.11.10.jar:/home/user/.m2/repository/com/jolbox/bonecp/0.8.0.RELEASE/bonecp-0.8.0.RELEASE.jar:/home/user/.m2/repository/org/springframework/spring-jdbc/5.1.3.RELEASE/spring-jdbc-5.1.3.RELEASE.jar:/home/user/.m2/repository/org/springframework/spring-beans/5.1.3.RELEASE/spring-beans-5.1.3.RELEASE.jar:/home/user/.m2/repository/org/springframework/spring-core/5.1.3.RELEASE/spring-core-5.1.3.RELEASE.jar:/home/user/.m2/repository/org/springframework/spring-jcl/5.1.3.RELEASE/spring-jcl-5.1.3.RELEASE.jar:/home/user/.m2/repository/org/springframework/spring-tx/5.1.3.RELEASE/spring-tx-5.1.3.RELEASE.jar:/home/user/.m2/repository/org/mockito/mockito-core/2.15.0/mockito-core-2.15.0.jar:/home/user/.m2/repository/net/bytebuddy/byte-buddy/1.7.9/byte-buddy-1.7.9.jar:/home/user/.m2/repository/net/bytebuddy/byte-buddy-agent/1.7.9/byte-buddy-agent-1.7.9.jar:/home/user/.m2/repository/org/objenesis/objenesis/1.0/objenesis-1.0.jar:"/>
    <property name="java.vm.vendor" value="Oracle Corporation"/>
    <property name="sun.arch.data.model" value="64"/>
    <property name="test.build.dir" value="/workdir/hadoop-ozone/tools/target/test-dir"/>
    <property name="test.cache.data" value=""/>
    <property name="java.vendor.url" value="http://java.oracle.com/"/>
    <property name="user.timezone" value=""/>
    <property name="java.vm.specification.version" value="1.8"/>
    <property name="os.name" value="Linux"/>
    <property name="test.build.data" value="/workdir/hadoop-ozone/tools/target/test-dir"/>
    <property name="user.country" value="US"/>
    <property name="sun.java.launcher" value="SUN_STANDARD"/>
    <property name="sun.boot.library.path" value="/usr/lib/jvm/java-1.8.0-openjdk-1.8.0.222.b10-1.el7_7.x86_64/jre/lib/amd64"/>
    <property name="sun.java.command" value="/workdir/hadoop-ozone/tools/target/surefire/surefirebooter4129264078214209512.jar /workdir/hadoop-ozone/tools/target/surefire 2019-11-12T22-36-50_334-jvmRun1 surefire5768615566958404375tmp surefire_995907248104278937605tmp"/>
    <property name="surefire.test.class.path" value="/workdir/hadoop-ozone/tools/target/test-classes:/workdir/hadoop-ozone/tools/target/classes:/home/user/.m2/repository/org/apache/hadoop/hadoop-ozone-ozone-manager/0.5.0-SNAPSHOT/hadoop-ozone-ozone-manager-0.5.0-SNAPSHOT.jar:/home/user/.m2/repository/org/apache/hadoop/hadoop-hdds-docs/0.5.0-SNAPSHOT/hadoop-hdds-docs-0.5.0-SNAPSHOT.jar:/home/user/.m2/repository/org/bouncycastle/bcprov-jdk15on/1.60/bcprov-jdk15on-1.60.jar:/home/user/.m2/repository/org/apache/hadoop/hadoop-ozone-common/0.5.0-SNAPSHOT/hadoop-ozone-common-0.5.0-SNAPSHOT.jar:/home/user/.m2/repository/org/apache/commons/commons-compress/1.4.1/commons-compress-1.4.1.jar:/home/user/.m2/repository/org/tukaani/xz/1.0/xz-1.0.jar:/home/user/.m2/repository/org/apache/hadoop/hadoop-hdfs-client/3.2.0/hadoop-hdfs-client-3.2.0.jar:/home/user/.m2/repository/com/fasterxml/jackson/core/jackson-annotations/2.9.9/jackson-annotations-2.9.9.jar:/home/user/.m2/repository/org/apache/hadoop/hadoop-hdds-common/0.5.0-SNAPSHOT/hadoop-hdds-common-0.5.0-SNAPSHOT.jar:/home/user/.m2/repository/org/apache/hadoop/hadoop-hdds-config/0.5.0-SNAPSHOT/hadoop-hdds-config-0.5.0-SNAPSHOT.jar:/home/user/.m2/repository/javax/annotation/javax.annotation-api/1.2/javax.annotation-api-1.2.jar:/home/user/.m2/repository/org/apache/ratis/ratis-server/0.5.0-d6d58d0-SNAPSHOT/ratis-server-0.5.0-d6d58d0-SNAPSHOT.jar:/home/user/.m2/repository/org/apache/ratis/ratis-thirdparty-misc/0.2.0/ratis-thirdparty-misc-0.2.0.jar:/home/user/.m2/repository/org/apache/ratis/ratis-proto/0.5.0-d6d58d0-SNAPSHOT/ratis-proto-0.5.0-d6d58d0-SNAPSHOT.jar:/home/user/.m2/repository/org/apache/ratis/ratis-common/0.5.0-d6d58d0-SNAPSHOT/ratis-common-0.5.0-d6d58d0-SNAPSHOT.jar:/home/user/.m2/repository/org/apache/ratis/ratis-client/0.5.0-d6d58d0-SNAPSHOT/ratis-client-0.5.0-d6d58d0-SNAPSHOT.jar:/home/user/.m2/repository/org/apache/ratis/ratis-metrics/0.5.0-d6d58d0-SNAPSHOT/ratis-metrics-0.5.0-d6d58d0-SNAPSHOT.jar:/home/user/.m2/repository/org/apache/ratis/ratis-netty/0.5.0-d6d58d0-SNAPSHOT/ratis-netty-0.5.0-d6d58d0-SNAPSHOT.jar:/home/user/.m2/repository/org/apache/ratis/ratis-grpc/0.5.0-d6d58d0-SNAPSHOT/ratis-grpc-0.5.0-d6d58d0-SNAPSHOT.jar:/home/user/.m2/repository/org/rocksdb/rocksdbjni/6.0.1/rocksdbjni-6.0.1.jar:/home/user/.m2/repository/org/apache/logging/log4j/log4j-api/2.11.0/log4j-api-2.11.0.jar:/home/user/.m2/repository/org/apache/logging/log4j/log4j-core/2.11.0/log4j-core-2.11.0.jar:/home/user/.m2/repository/com/lmax/disruptor/3.4.2/disruptor-3.4.2.jar:/home/user/.m2/repository/org/apache/commons/commons-pool2/2.6.0/commons-pool2-2.6.0.jar:/home/user/.m2/repository/org/bouncycastle/bcpkix-jdk15on/1.60/bcpkix-jdk15on-1.60.jar:/home/user/.m2/repository/commons-validator/commons-validator/1.6/commons-validator-1.6.jar:/home/user/.m2/repository/commons-digester/commons-digester/1.8.1/commons-digester-1.8.1.jar:/home/user/.m2/repository/io/jaegertracing/jaeger-client/0.34.0/jaeger-client-0.34.0.jar:/home/user/.m2/repository/io/jaegertracing/jaeger-thrift/0.34.0/jaeger-thrift-0.34.0.jar:/home/user/.m2/repository/org/apache/thrift/libthrift/0.12.0/libthrift-0.12.0.jar:/home/user/.m2/repository/com/squareup/okhttp3/okhttp/3.9.0/okhttp-3.9.0.jar:/home/user/.m2/repository/com/squareup/okio/okio/1.13.0/okio-1.13.0.jar:/home/user/.m2/repository/io/jaegertracing/jaeger-core/0.34.0/jaeger-core-0.34.0.jar:/home/user/.m2/repository/io/jaegertracing/jaeger-tracerresolver/0.34.0/jaeger-tracerresolver-0.34.0.jar:/home/user/.m2/repository/io/opentracing/contrib/opentracing-tracerresolver/0.1.5/opentracing-tracerresolver-0.1.5.jar:/home/user/.m2/repository/io/opentracing/opentracing-util/0.31.0/opentracing-util-0.31.0.jar:/home/user/.m2/repository/io/opentracing/opentracing-api/0.31.0/opentracing-api-0.31.0.jar:/home/user/.m2/repository/io/opentracing/opentracing-noop/0.31.0/opentracing-noop-0.31.0.jar:/home/user/.m2/repository/org/yaml/snakeyaml/1.16/snakeyaml-1.16.jar:/home/user/.m2/repository/org/apache/hadoop/hadoop-hdds-container-service/0.5.0-SNAPSHOT/hadoop-hdds-container-service-0.5.0-SNAPSHOT.jar:/home/user/.m2/repository/org/apache/hadoop/hadoop-hdds-client/0.5.0-SNAPSHOT/hadoop-hdds-client-0.5.0-SNAPSHOT.jar:/home/user/.m2/repository/org/apache/hadoop/hadoop-hdds-tools/0.5.0-SNAPSHOT/hadoop-hdds-tools-0.5.0-SNAPSHOT.jar:/home/user/.m2/repository/org/xerial/sqlite-jdbc/3.25.2/sqlite-jdbc-3.25.2.jar:/home/user/.m2/repository/org/apache/hadoop/hadoop-hdds-server-scm/0.5.0-SNAPSHOT/hadoop-hdds-server-scm-0.5.0-SNAPSHOT.jar:/home/user/.m2/repository/org/hamcrest/hamcrest-all/1.3/hamcrest-all-1.3.jar:/home/user/.m2/repository/info/picocli/picocli/3.9.6/picocli-3.9.6.jar:/home/user/.m2/repository/com/google/protobuf/protobuf-java/2.5.0/protobuf-java-2.5.0.jar:/home/user/.m2/repository/com/google/guava/guava/11.0.2/guava-11.0.2.jar:/home/user/.m2/repository/org/apache/hadoop/hadoop-ozone-client/0.5.0-SNAPSHOT/hadoop-ozone-client-0.5.0-SNAPSHOT.jar:/workdir/hadoop-ozone/ozonefs/target/classes:/home/user/.m2/repository/org/apache/httpcomponents/httpclient/4.5.2/httpclient-4.5.2.jar:/home/user/.m2/repository/org/apache/httpcomponents/httpcore/4.4.4/httpcore-4.4.4.jar:/home/user/.m2/repository/org/apache/hadoop/hadoop-hdds-server-framework/0.5.0-SNAPSHOT/hadoop-hdds-server-framework-0.5.0-SNAPSHOT.jar:/home/user/.m2/repository/org/apache/hadoop/hadoop-common/3.2.0/hadoop-common-3.2.0.jar:/home/user/.m2/repository/org/apache/hadoop/hadoop-annotations/3.2.0/hadoop-annotations-3.2.0.jar:/usr/lib/jvm/java-1.8.0-openjdk-1.8.0.222.b10-1.el7_7.x86_64/jre/../lib/tools.jar:/home/user/.m2/repository/commons-cli/commons-cli/1.2/commons-cli-1.2.jar:/home/user/.m2/repository/org/apache/commons/commons-math3/3.1.1/commons-math3-3.1.1.jar:/home/user/.m2/repository/commons-codec/commons-codec/1.11/commons-codec-1.11.jar:/home/user/.m2/repository/commons-io/commons-io/2.5/commons-io-2.5.jar:/home/user/.m2/repository/commons-net/commons-net/3.6/commons-net-3.6.jar:/home/user/.m2/repository/commons-collections/commons-collections/3.2.2/commons-collections-3.2.2.jar:/home/user/.m2/repository/javax/servlet/javax.servlet-api/3.1.0/javax.servlet-api-3.1.0.jar:/home/user/.m2/repository/org/eclipse/jetty/jetty-server/9.3.25.v20180904/jetty-server-9.3.25.v20180904.jar:/home/user/.m2/repository/org/eclipse/jetty/jetty-http/9.3.25.v20180904/jetty-http-9.3.25.v20180904.jar:/home/user/.m2/repository/org/eclipse/jetty/jetty-io/9.3.25.v20180904/jetty-io-9.3.25.v20180904.jar:/home/user/.m2/repository/org/eclipse/jetty/jetty-util/9.3.25.v20180904/jetty-util-9.3.25.v20180904.jar:/home/user/.m2/repository/org/eclipse/jetty/jetty-servlet/9.3.25.v20180904/jetty-servlet-9.3.25.v20180904.jar:/home/user/.m2/repository/org/eclipse/jetty/jetty-security/9.3.25.v20180904/jetty-security-9.3.25.v20180904.jar:/home/user/.m2/repository/org/eclipse/jetty/jetty-webapp/9.3.25.v20180904/jetty-webapp-9.3.25.v20180904.jar:/home/user/.m2/repository/org/eclipse/jetty/jetty-xml/9.3.25.v20180904/jetty-xml-9.3.25.v20180904.jar:/home/user/.m2/repository/javax/servlet/jsp/jsp-api/2.1/jsp-api-2.1.jar:/home/user/.m2/repository/com/sun/jersey/jersey-core/1.19/jersey-core-1.19.jar:/home/user/.m2/repository/javax/ws/rs/jsr311-api/1.1.1/jsr311-api-1.1.1.jar:/home/user/.m2/repository/com/sun/jersey/jersey-servlet/1.19/jersey-servlet-1.19.jar:/home/user/.m2/repository/com/sun/jersey/jersey-json/1.19/jersey-json-1.19.jar:/home/user/.m2/repository/org/codehaus/jettison/jettison/1.1/jettison-1.1.jar:/home/user/.m2/repository/com/sun/xml/bind/jaxb-impl/2.3.0.1/jaxb-impl-2.3.0.1.jar:/home/user/.m2/repository/org/codehaus/jackson/jackson-core-asl/1.9.13/jackson-core-asl-1.9.13.jar:/home/user/.m2/repository/org/codehaus/jackson/jackson-mapper-asl/1.9.13/jackson-mapper-asl-1.9.13.jar:/home/user/.m2/repository/org/codehaus/jackson/jackson-jaxrs/1.9.13/jackson-jaxrs-1.9.13.jar:/home/user/.m2/repository/org/codehaus/jackson/jackson-xc/1.9.13/jackson-xc-1.9.13.jar:/home/user/.m2/repository/com/sun/jersey/jersey-server/1.19/jersey-server-1.19.jar:/home/user/.m2/repository/commons-logging/commons-logging/1.1.3/commons-logging-1.1.3.jar:/home/user/.m2/repository/log4j/log4j/1.2.17/log4j-1.2.17.jar:/home/user/.m2/repository/commons-beanutils/commons-beanutils/1.9.4/commons-beanutils-1.9.4.jar:/home/user/.m2/repository/org/apache/commons/commons-configuration2/2.1.1/commons-configuration2-2.1.1.jar:/home/user/.m2/repository/org/apache/commons/commons-lang3/3.7/commons-lang3-3.7.jar:/home/user/.m2/repository/org/apache/commons/commons-text/1.4/commons-text-1.4.jar:/home/user/.m2/repository/org/slf4j/slf4j-api/1.7.25/slf4j-api-1.7.25.jar:/home/user/.m2/repository/org/slf4j/slf4j-log4j12/1.7.25/slf4j-log4j12-1.7.25.jar:/home/user/.m2/repository/org/apache/avro/avro/1.7.7/avro-1.7.7.jar:/home/user/.m2/repository/com/thoughtworks/paranamer/paranamer/2.3/paranamer-2.3.jar:/home/user/.m2/repository/org/xerial/snappy/snappy-java/1.0.5/snappy-java-1.0.5.jar:/home/user/.m2/repository/com/google/re2j/re2j/1.1/re2j-1.1.jar:/home/user/.m2/repository/com/google/code/gson/gson/2.2.4/gson-2.2.4.jar:/home/user/.m2/repository/org/apache/hadoop/hadoop-auth/3.2.0/hadoop-auth-3.2.0.jar:/home/user/.m2/repository/com/nimbusds/nimbus-jose-jwt/4.41.1/nimbus-jose-jwt-4.41.1.jar:/home/user/.m2/repository/com/github/stephenc/jcip/jcip-annotations/1.0-1/jcip-annotations-1.0-1.jar:/home/user/.m2/repository/net/minidev/json-smart/2.3/json-smart-2.3.jar:/home/user/.m2/repository/net/minidev/accessors-smart/1.2/accessors-smart-1.2.jar:/home/user/.m2/repository/org/apache/curator/curator-framework/2.12.0/curator-framework-2.12.0.jar:/home/user/.m2/repository/com/jcraft/jsch/0.1.54/jsch-0.1.54.jar:/home/user/.m2/repository/org/apache/curator/curator-client/2.12.0/curator-client-2.12.0.jar:/home/user/.m2/repository/org/apache/curator/curator-recipes/2.12.0/curator-recipes-2.12.0.jar:/home/user/.m2/repository/com/google/code/findbugs/jsr305/3.0.0/jsr305-3.0.0.jar:/home/user/.m2/repository/org/apache/htrace/htrace-core4/4.1.0-incubating/htrace-core4-4.1.0-incubating.jar:/home/user/.m2/repository/org/apache/zookeeper/zookeeper/3.4.13/zookeeper-3.4.13.jar:/home/user/.m2/repository/jline/jline/0.9.94/jline-0.9.94.jar:/home/user/.m2/repository/org/apache/yetus/audience-annotations/0.5.0/audience-annotations-0.5.0.jar:/home/user/.m2/repository/org/apache/kerby/kerb-simplekdc/1.0.1/kerb-simplekdc-1.0.1.jar:/home/user/.m2/repository/org/apache/kerby/kerb-client/1.0.1/kerb-client-1.0.1.jar:/home/user/.m2/repository/org/apache/kerby/kerby-config/1.0.1/kerby-config-1.0.1.jar:/home/user/.m2/repository/org/apache/kerby/kerb-core/1.0.1/kerb-core-1.0.1.jar:/home/user/.m2/repository/org/apache/kerby/kerby-pkix/1.0.1/kerby-pkix-1.0.1.jar:/home/user/.m2/repository/org/apache/kerby/kerby-asn1/1.0.1/kerby-asn1-1.0.1.jar:/home/user/.m2/repository/org/apache/kerby/kerby-util/1.0.1/kerby-util-1.0.1.jar:/home/user/.m2/repository/org/apache/kerby/kerb-common/1.0.1/kerb-common-1.0.1.jar:/home/user/.m2/repository/org/apache/kerby/kerb-crypto/1.0.1/kerb-crypto-1.0.1.jar:/home/user/.m2/repository/org/apache/kerby/kerb-util/1.0.1/kerb-util-1.0.1.jar:/home/user/.m2/repository/org/apache/kerby/token-provider/1.0.1/token-provider-1.0.1.jar:/home/user/.m2/repository/org/apache/kerby/kerb-admin/1.0.1/kerb-admin-1.0.1.jar:/home/user/.m2/repository/org/apache/kerby/kerb-server/1.0.1/kerb-server-1.0.1.jar:/home/user/.m2/repository/org/apache/kerby/kerb-identity/1.0.1/kerb-identity-1.0.1.jar:/home/user/.m2/repository/org/apache/kerby/kerby-xdr/1.0.1/kerby-xdr-1.0.1.jar:/home/user/.m2/repository/com/fasterxml/jackson/core/jackson-databind/2.9.9/jackson-databind-2.9.9.jar:/home/user/.m2/repository/com/fasterxml/jackson/core/jackson-core/2.9.9/jackson-core-2.9.9.jar:/home/user/.m2/repository/org/codehaus/woodstox/stax2-api/3.1.4/stax2-api-3.1.4.jar:/home/user/.m2/repository/com/fasterxml/woodstox/woodstox-core/5.0.3/woodstox-core-5.0.3.jar:/home/user/.m2/repository/dnsjava/dnsjava/2.1.7/dnsjava-2.1.7.jar:/home/user/.m2/repository/org/apache/hadoop/hadoop-hdfs/3.2.0/hadoop-hdfs-3.2.0.jar:/home/user/.m2/repository/org/eclipse/jetty/jetty-util-ajax/9.3.25.v20180904/jetty-util-ajax-9.3.25.v20180904.jar:/home/user/.m2/repository/commons-daemon/commons-daemon/1.0.13/commons-daemon-1.0.13.jar:/home/user/.m2/repository/io/netty/netty/3.10.5.Final/netty-3.10.5.Final.jar:/home/user/.m2/repository/io/netty/netty-all/4.0.52.Final/netty-all-4.0.52.Final.jar:/home/user/.m2/repository/org/fusesource/leveldbjni/leveldbjni-all/1.8/leveldbjni-all-1.8.jar:/home/user/.m2/repository/com/sun/xml/bind/jaxb-core/2.3.0.1/jaxb-core-2.3.0.1.jar:/home/user/.m2/repository/javax/xml/bind/jaxb-api/2.3.0/jaxb-api-2.3.0.jar:/home/user/.m2/repository/javax/activation/activation/1.1.1/activation-1.1.1.jar:/home/user/.m2/repository/org/openjdk/jmh/jmh-core/1.19/jmh-core-1.19.jar:/home/user/.m2/repository/net/sf/jopt-simple/jopt-simple/4.6/jopt-simple-4.6.jar:/home/user/.m2/repository/org/openjdk/jmh/jmh-generator-annprocess/1.19/jmh-generator-annprocess-1.19.jar:/home/user/.m2/repository/io/dropwizard/metrics/metrics-core/3.2.4/metrics-core-3.2.4.jar:/home/user/.m2/repository/com/amazonaws/aws-java-sdk-s3/1.11.615/aws-java-sdk-s3-1.11.615.jar:/home/user/.m2/repository/com/amazonaws/aws-java-sdk-kms/1.11.615/aws-java-sdk-kms-1.11.615.jar:/home/user/.m2/repository/com/amazonaws/aws-java-sdk-core/1.11.615/aws-java-sdk-core-1.11.615.jar:/home/user/.m2/repository/software/amazon/ion/ion-java/1.0.2/ion-java-1.0.2.jar:/home/user/.m2/repository/com/fasterxml/jackson/dataformat/jackson-dataformat-cbor/2.9.9/jackson-dataformat-cbor-2.9.9.jar:/home/user/.m2/repository/joda-time/joda-time/2.9.9/joda-time-2.9.9.jar:/home/user/.m2/repository/com/amazonaws/jmespath-java/1.11.615/jmespath-java-1.11.615.jar:/home/user/.m2/repository/com/github/spotbugs/spotbugs/3.1.12/spotbugs-3.1.12.jar:/home/user/.m2/repository/org/ow2/asm/asm/5.0.4/asm-5.0.4.jar:/home/user/.m2/repository/org/ow2/asm/asm-analysis/7.0/asm-analysis-7.0.jar:/home/user/.m2/repository/org/ow2/asm/asm-commons/7.0/asm-commons-7.0.jar:/home/user/.m2/repository/org/ow2/asm/asm-tree/7.0/asm-tree-7.0.jar:/home/user/.m2/repository/org/ow2/asm/asm-util/7.0/asm-util-7.0.jar:/home/user/.m2/repository/org/apache/bcel/bcel/6.3/bcel-6.3.jar:/home/user/.m2/repository/net/jcip/jcip-annotations/1.0/jcip-annotations-1.0.jar:/home/user/.m2/repository/org/dom4j/dom4j/2.1.1/dom4j-2.1.1.jar:/home/user/.m2/repository/jaxen/jaxen/1.1.6/jaxen-1.1.6.jar:/home/user/.m2/repository/commons-lang/commons-lang/2.6/commons-lang-2.6.jar:/home/user/.m2/repository/com/github/spotbugs/spotbugs-annotations/3.1.12/spotbugs-annotations-3.1.12.jar:/home/user/.m2/repository/junit/junit/4.11/junit-4.11.jar:/home/user/.m2/repository/org/hamcrest/hamcrest-core/1.3/hamcrest-core-1.3.jar:/home/user/.m2/repository/org/apache/hadoop/hadoop-common/3.2.0/hadoop-common-3.2.0-tests.jar:/workdir/hadoop-ozone/integration-test/target/test-classes:/home/user/.m2/repository/org/apache/hadoop/hadoop-ozone-s3gateway/0.5.0-SNAPSHOT/hadoop-ozone-s3gateway-0.5.0-SNAPSHOT.jar:/home/user/.m2/repository/org/jboss/weld/servlet/weld-servlet/2.4.7.Final/weld-servlet-2.4.7.Final.jar:/home/user/.m2/repository/org/glassfish/jersey/containers/jersey-container-servlet-core/2.27/jersey-container-servlet-core-2.27.jar:/home/user/.m2/repository/org/glassfish/hk2/external/javax.inject/2.5.0-b42/javax.inject-2.5.0-b42.jar:/home/user/.m2/repository/org/glassfish/jersey/core/jersey-common/2.27/jersey-common-2.27.jar:/home/user/.m2/repository/org/glassfish/hk2/osgi-resource-locator/1.0.1/osgi-resource-locator-1.0.1.jar:/home/user/.m2/repository/javax/ws/rs/javax.ws.rs-api/2.1/javax.ws.rs-api-2.1.jar:/home/user/.m2/repository/org/glassfish/jersey/ext/cdi/jersey-cdi1x/2.27/jersey-cdi1x-2.27.jar:/home/user/.m2/repository/org/glassfish/jersey/inject/jersey-hk2/2.27/jersey-hk2-2.27.jar:/home/user/.m2/repository/org/glassfish/hk2/hk2-locator/2.5.0-b42/hk2-locator-2.5.0-b42.jar:/home/user/.m2/repository/org/javassist/javassist/3.22.0-CR2/javassist-3.22.0-CR2.jar:/home/user/.m2/repository/org/glassfish/hk2/hk2-api/2.5.0/hk2-api-2.5.0.jar:/home/user/.m2/repository/org/glassfish/hk2/external/jakarta.inject/2.5.0/jakarta.inject-2.5.0.jar:/home/user/.m2/repository/org/glassfish/hk2/hk2-utils/2.5.0/hk2-utils-2.5.0.jar:/home/user/.m2/repository/jakarta/annotation/jakarta.annotation-api/1.3.4/jakarta.annotation-api-1.3.4.jar:/home/user/.m2/repository/org/glassfish/hk2/external/aopalliance-repackaged/2.5.0/aopalliance-repackaged-2.5.0.jar:/home/user/.m2/repository/com/fasterxml/jackson/dataformat/jackson-dataformat-xml/2.9.0/jackson-dataformat-xml-2.9.0.jar:/home/user/.m2/repository/com/fasterxml/jackson/module/jackson-module-jaxb-annotations/2.9.9/jackson-module-jaxb-annotations-2.9.9.jar:/home/user/.m2/repository/javax/enterprise/cdi-api/1.2/cdi-api-1.2.jar:/home/user/.m2/repository/javax/el/javax.el-api/3.0.0/javax.el-api-3.0.0.jar:/home/user/.m2/repository/javax/interceptor/javax.interceptor-api/1.2/javax.interceptor-api-1.2.jar:/home/user/.m2/repository/javax/inject/javax.inject/1/javax.inject-1.jar:/home/user/.m2/repository/org/apache/hadoop/hadoop-ozone-csi/0.5.0-SNAPSHOT/hadoop-ozone-csi-0.5.0-SNAPSHOT.jar:/home/user/.m2/repository/com/google/protobuf/protobuf-java-util/3.5.1/protobuf-java-util-3.5.1.jar:/home/user/.m2/repository/io/grpc/grpc-netty/1.17.1/grpc-netty-1.17.1.jar:/home/user/.m2/repository/io/grpc/grpc-core/1.17.1/grpc-core-1.17.1.jar:/home/user/.m2/repository/io/grpc/grpc-context/1.17.1/grpc-context-1.17.1.jar:/home/user/.m2/repository/com/google/errorprone/error_prone_annotations/2.2.0/error_prone_annotations-2.2.0.jar:/home/user/.m2/repository/org/codehaus/mojo/animal-sniffer-annotations/1.17/animal-sniffer-annotations-1.17.jar:/home/user/.m2/repository/io/opencensus/opencensus-api/0.17.0/opencensus-api-0.17.0.jar:/home/user/.m2/repository/io/opencensus/opencensus-contrib-grpc-metrics/0.17.0/opencensus-contrib-grpc-metrics-0.17.0.jar:/home/user/.m2/repository/io/netty/netty-codec-http2/4.1.30.Final/netty-codec-http2-4.1.30.Final.jar:/home/user/.m2/repository/io/netty/netty-codec-http/4.1.30.Final/netty-codec-http-4.1.30.Final.jar:/home/user/.m2/repository/io/netty/netty-codec/4.1.30.Final/netty-codec-4.1.30.Final.jar:/home/user/.m2/repository/io/netty/netty-handler/4.1.30.Final/netty-handler-4.1.30.Final.jar:/home/user/.m2/repository/io/netty/netty-handler-proxy/4.1.30.Final/netty-handler-proxy-4.1.30.Final.jar:/home/user/.m2/repository/io/netty/netty-codec-socks/4.1.30.Final/netty-codec-socks-4.1.30.Final.jar:/home/user/.m2/repository/io/netty/netty-transport-native-epoll/4.1.30.Final/netty-transport-native-epoll-4.1.30.Final.jar:/home/user/.m2/repository/io/netty/netty-common/4.1.30.Final/netty-common-4.1.30.Final.jar:/home/user/.m2/repository/io/netty/netty-buffer/4.1.30.Final/netty-buffer-4.1.30.Final.jar:/home/user/.m2/repository/io/netty/netty-transport/4.1.30.Final/netty-transport-4.1.30.Final.jar:/home/user/.m2/repository/io/netty/netty-resolver/4.1.30.Final/netty-resolver-4.1.30.Final.jar:/home/user/.m2/repository/io/netty/netty-transport-native-unix-common/4.1.30.Final/netty-transport-native-unix-common-4.1.30.Final.jar:/home/user/.m2/repository/io/grpc/grpc-protobuf/1.17.1/grpc-protobuf-1.17.1.jar:/home/user/.m2/repository/com/google/api/grpc/proto-google-common-protos/1.0.0/proto-google-common-protos-1.0.0.jar:/home/user/.m2/repository/io/grpc/grpc-protobuf-lite/1.17.1/grpc-protobuf-lite-1.17.1.jar:/home/user/.m2/repository/io/grpc/grpc-stub/1.17.1/grpc-stub-1.17.1.jar:/home/user/.m2/repository/org/apache/hadoop/hadoop-ozone-recon/0.5.0-SNAPSHOT/hadoop-ozone-recon-0.5.0-SNAPSHOT.jar:/home/user/.m2/repository/org/apache/hadoop/hadoop-ozone-reconcodegen/0.5.0-SNAPSHOT/hadoop-ozone-reconcodegen-0.5.0-SNAPSHOT.jar:/home/user/.m2/repository/com/google/inject/extensions/guice-multibindings/4.0/guice-multibindings-4.0.jar:/home/user/.m2/repository/com/google/inject/guice/4.0/guice-4.0.jar:/home/user/.m2/repository/aopalliance/aopalliance/1.0/aopalliance-1.0.jar:/home/user/.m2/repository/com/google/inject/extensions/guice-servlet/4.0/guice-servlet-4.0.jar:/home/user/.m2/repository/org/glassfish/jersey/containers/jersey-container-servlet/2.27/jersey-container-servlet-2.27.jar:/home/user/.m2/repository/org/glassfish/hk2/guice-bridge/2.5.0/guice-bridge-2.5.0.jar:/home/user/.m2/repository/org/glassfish/jersey/core/jersey-server/2.27/jersey-server-2.27.jar:/home/user/.m2/repository/org/glassfish/jersey/core/jersey-client/2.27/jersey-client-2.27.jar:/home/user/.m2/repository/org/glassfish/jersey/media/jersey-media-jaxb/2.27/jersey-media-jaxb-2.27.jar:/home/user/.m2/repository/javax/validation/validation-api/1.1.0.Final/validation-api-1.1.0.Final.jar:/home/user/.m2/repository/org/glassfish/jersey/media/jersey-media-json-jackson/2.27/jersey-media-json-jackson-2.27.jar:/home/user/.m2/repository/org/glassfish/jersey/ext/jersey-entity-filtering/2.27/jersey-entity-filtering-2.27.jar:/home/user/.m2/repository/com/google/inject/extensions/guice-assistedinject/4.0/guice-assistedinject-4.0.jar:/home/user/.m2/repository/org/jooq/jooq/3.11.10/jooq-3.11.10.jar:/home/user/.m2/repository/org/jooq/jooq-meta/3.11.10/jooq-meta-3.11.10.jar:/home/user/.m2/repository/org/jooq/jooq-codegen/3.11.10/jooq-codegen-3.11.10.jar:/home/user/.m2/repository/com/jolbox/bonecp/0.8.0.RELEASE/bonecp-0.8.0.RELEASE.jar:/home/user/.m2/repository/org/springframework/spring-jdbc/5.1.3.RELEASE/spring-jdbc-5.1.3.RELEASE.jar:/home/user/.m2/repository/org/springframework/spring-beans/5.1.3.RELEASE/spring-beans-5.1.3.RELEASE.jar:/home/user/.m2/repository/org/springframework/spring-core/5.1.3.RELEASE/spring-core-5.1.3.RELEASE.jar:/home/user/.m2/repository/org/springframework/spring-jcl/5.1.3.RELEASE/spring-jcl-5.1.3.RELEASE.jar:/home/user/.m2/repository/org/springframework/spring-tx/5.1.3.RELEASE/spring-tx-5.1.3.RELEASE.jar:/home/user/.m2/repository/org/mockito/mockito-core/2.15.0/mockito-core-2.15.0.jar:/home/user/.m2/repository/net/bytebuddy/byte-buddy/1.7.9/byte-buddy-1.7.9.jar:/home/user/.m2/repository/net/bytebuddy/byte-buddy-agent/1.7.9/byte-buddy-agent-1.7.9.jar:/home/user/.m2/repository/org/objenesis/objenesis/1.0/objenesis-1.0.jar:"/>
    <property name="sun.cpu.endian" value="little"/>
    <property name="user.home" value="/home/user"/>
    <property name="user.language" value="en"/>
    <property name="java.specification.vendor" value="Oracle Corporation"/>
    <property name="java.home" value="/usr/lib/jvm/java-1.8.0-openjdk-1.8.0.222.b10-1.el7_7.x86_64/jre"/>
    <property name="surefire.excludesFile" value="/tools/ozone-bad-unit-tests"/>
    <property name="java.security.krb5.conf" value="/workdir/hadoop-ozone/tools/target/test-classes/krb5.conf"/>
    <property name="basedir" value="/workdir/hadoop-ozone/tools"/>
    <property name="file.separator" value="/"/>
    <property name="line.separator" value="&#10;"/>
    <property name="java.vm.specification.vendor" value="Oracle Corporation"/>
    <property name="java.specification.name" value="Java Platform API Specification"/>
    <property name="java.awt.graphicsenv" value="sun.awt.X11GraphicsEnvironment"/>
    <property name="surefire.real.class.path" value="/workdir/hadoop-ozone/tools/target/surefire/surefirebooter4129264078214209512.jar"/>
    <property name="hadoop.log.dir" value="/workdir/hadoop-ozone/tools/target/log"/>
    <property name="sun.boot.class.path" value="/usr/lib/jvm/java-1.8.0-openjdk-1.8.0.222.b10-1.el7_7.x86_64/jre/lib/resources.jar:/usr/lib/jvm/java-1.8.0-openjdk-1.8.0.222.b10-1.el7_7.x86_64/jre/lib/rt.jar:/usr/lib/jvm/java-1.8.0-openjdk-1.8.0.222.b10-1.el7_7.x86_64/jre/lib/sunrsasign.jar:/usr/lib/jvm/java-1.8.0-openjdk-1.8.0.222.b10-1.el7_7.x86_64/jre/lib/jsse.jar:/usr/lib/jvm/java-1.8.0-openjdk-1.8.0.222.b10-1.el7_7.x86_64/jre/lib/jce.jar:/usr/lib/jvm/java-1.8.0-openjdk-1.8.0.222.b10-1.el7_7.x86_64/jre/lib/charsets.jar:/usr/lib/jvm/java-1.8.0-openjdk-1.8.0.222.b10-1.el7_7.x86_64/jre/lib/jfr.jar:/usr/lib/jvm/java-1.8.0-openjdk-1.8.0.222.b10-1.el7_7.x86_64/jre/classes"/>
    <property name="sun.management.compiler" value="HotSpot 64-Bit Tiered Compilers"/>
    <property name="java.runtime.version" value="1.8.0_222-b10"/>
    <property name="java.net.preferIPv4Stack" value="true"/>
    <property name="user.name" value="jenkins1000"/>
    <property name="path.separator" value=":"/>
    <property name="java.security.egd" value="file:///dev/urandom"/>
    <property name="os.version" value="3.10.0-957.12.2.el7.x86_64"/>
    <property name="java.endorsed.dirs" value="/usr/lib/jvm/java-1.8.0-openjdk-1.8.0.222.b10-1.el7_7.x86_64/jre/lib/endorsed"/>
    <property name="java.runtime.name" value="OpenJDK Runtime Environment"/>
    <property name="file.encoding" value="ANSI_X3.4-1968"/>
    <property name="java.vm.name" value="OpenJDK 64-Bit Server VM"/>
    <property name="test.build.webapps" value=""/>
    <property name="localRepository" value="/home/user/.m2/repository"/>
    <property name="java.vendor.url.bug" value="http://bugreport.sun.com/bugreport/"/>
    <property name="java.io.tmpdir" value="/tmp"/>
    <property name="require.test.libhadoop" value=""/>
    <property name="java.version" value="1.8.0_222"/>
    <property name="user.dir" value="/workdir/hadoop-ozone/tools"/>
    <property name="os.arch" value="amd64"/>
    <property name="java.vm.specification.name" value="Java Virtual Machine Specification"/>
    <property name="test.build.classes" value="/workdir/hadoop-ozone/tools/target/test-classes"/>
    <property name="java.awt.printerjob" value="sun.print.PSPrinterJob"/>
    <property name="sun.os.patch.level" value="unknown"/>
    <property name="hadoop.tmp.dir" value="/workdir/hadoop-ozone/tools/target/tmp"/>
    <property name="java.library.path" value="/usr/lib:/workdir/hadoop-ozone/tools/target/native/target/usr/local/lib:/workdir/hadoop-ozone/tools/../../hadoop-common-project/hadoop-common/target/native/target/usr/local/lib:/usr/java/packages/lib/amd64:/usr/lib64:/lib64:/lib:/usr/lib"/>
    <property name="java.vm.info" value="mixed mode"/>
    <property name="java.vendor" value="Oracle Corporation"/>
    <property name="java.vm.version" value="25.222-b10"/>
    <property name="java.ext.dirs" value="/usr/lib/jvm/java-1.8.0-openjdk-1.8.0.222.b10-1.el7_7.x86_64/jre/lib/ext:/usr/java/packages/lib/ext"/>
    <property name="sun.io.unicode.encoding" value="UnicodeLittle"/>
    <property name="java.class.version" value="52.0"/>
  </properties>
  <testcase name="testRestart" classname="org.apache.hadoop.ozone.freon.TestFreonWithPipelineDestroy" time="18.949">
    <error message="INTERNAL_ERROR org.apache.hadoop.ozone.om.exceptions.OMException: Allocated 0 blocks. Requested 5 blocks" type="java.lang.RuntimeException">java.lang.RuntimeException: INTERNAL_ERROR org.apache.hadoop.ozone.om.exceptions.OMException: Allocated 0 blocks. Requested 5 blocks
	at org.apache.hadoop.ozone.freon.RandomKeyGenerator.call(RandomKeyGenerator.java:341)
	at org.apache.hadoop.ozone.freon.TestFreonWithPipelineDestroy.startFreon(TestFreonWithPipelineDestroy.java:87)
	at org.apache.hadoop.ozone.freon.TestFreonWithPipelineDestroy.testRestart(TestFreonWithPipelineDestroy.java:74)
	at sun.reflect.NativeMethodAccessorImpl.invoke0(Native Method)
	at sun.reflect.NativeMethodAccessorImpl.invoke(NativeMethodAccessorImpl.java:62)
	at sun.reflect.DelegatingMethodAccessorImpl.invoke(DelegatingMethodAccessorImpl.java:43)
	at java.lang.reflect.Method.invoke(Method.java:498)
	at org.junit.runners.model.FrameworkMethod$1.runReflectiveCall(FrameworkMethod.java:47)
	at org.junit.internal.runners.model.ReflectiveCallable.run(ReflectiveCallable.java:12)
	at org.junit.runners.model.FrameworkMethod.invokeExplosively(FrameworkMethod.java:44)
	at org.junit.internal.runners.statements.InvokeMethod.evaluate(InvokeMethod.java:17)
	at org.junit.runners.ParentRunner.runLeaf(ParentRunner.java:271)
	at org.junit.runners.BlockJUnit4ClassRunner.runChild(BlockJUnit4ClassRunner.java:70)
	at org.junit.runners.BlockJUnit4ClassRunner.runChild(BlockJUnit4ClassRunner.java:50)
	at org.junit.runners.ParentRunner$3.run(ParentRunner.java:238)
	at org.junit.runners.ParentRunner$1.schedule(ParentRunner.java:63)
	at org.junit.runners.ParentRunner.runChildren(ParentRunner.java:236)
	at org.junit.runners.ParentRunner.access$000(ParentRunner.java:53)
	at org.junit.runners.ParentRunner$2.evaluate(ParentRunner.java:229)
	at org.junit.internal.runners.statements.RunBefores.evaluate(RunBefores.java:26)
	at org.junit.internal.runners.statements.RunAfters.evaluate(RunAfters.java:27)
	at org.junit.runners.ParentRunner.run(ParentRunner.java:309)
	at org.apache.maven.surefire.junit4.JUnit4Provider.execute(JUnit4Provider.java:365)
	at org.apache.maven.surefire.junit4.JUnit4Provider.executeWithRerun(JUnit4Provider.java:273)
	at org.apache.maven.surefire.junit4.JUnit4Provider.executeTestSet(JUnit4Provider.java:238)
	at org.apache.maven.surefire.junit4.JUnit4Provider.invoke(JUnit4Provider.java:159)
	at org.apache.maven.surefire.booter.ForkedBooter.invokeProviderInSameClassLoader(ForkedBooter.java:384)
	at org.apache.maven.surefire.booter.ForkedBooter.runSuitesInProcess(ForkedBooter.java:345)
	at org.apache.maven.surefire.booter.ForkedBooter.execute(ForkedBooter.java:126)
	at org.apache.maven.surefire.booter.ForkedBooter.main(ForkedBooter.java:418)
Caused by: INTERNAL_ERROR org.apache.hadoop.ozone.om.exceptions.OMException: Allocated 0 blocks. Requested 5 blocks
	at org.apache.hadoop.ozone.om.protocolPB.OzoneManagerProtocolClientSideTranslatorPB.handleError(OzoneManagerProtocolClientSideTranslatorPB.java:761)
	at org.apache.hadoop.ozone.om.protocolPB.OzoneManagerProtocolClientSideTranslatorPB.openKey(OzoneManagerProtocolClientSideTranslatorPB.java:752)
	at sun.reflect.NativeMethodAccessorImpl.invoke0(Native Method)
	at sun.reflect.NativeMethodAccessorImpl.invoke(NativeMethodAccessorImpl.java:62)
	at sun.reflect.DelegatingMethodAccessorImpl.invoke(DelegatingMethodAccessorImpl.java:43)
	at java.lang.reflect.Method.invoke(Method.java:498)
	at org.apache.hadoop.hdds.tracing.TraceAllMethod.invoke(TraceAllMethod.java:66)
	at com.sun.proxy.$Proxy37.openKey(Unknown Source)
	at org.apache.hadoop.ozone.client.rpc.RpcClient.createKey(RpcClient.java:634)
	at org.apache.hadoop.ozone.client.OzoneBucket.createKey(OzoneBucket.java:325)
	at org.apache.hadoop.ozone.freon.RandomKeyGenerator.createKey(RandomKeyGenerator.java:697)
	at org.apache.hadoop.ozone.freon.RandomKeyGenerator.access$1100(RandomKeyGenerator.java:88)
	at org.apache.hadoop.ozone.freon.RandomKeyGenerator$ObjectCreator.run(RandomKeyGenerator.java:615)
	at java.util.concurrent.Executors$RunnableAdapter.call(Executors.java:511)
	at java.util.concurrent.FutureTask.run(FutureTask.java:266)
	at java.util.concurrent.ThreadPoolExecutor.runWorker(ThreadPoolExecutor.java:1149)
	at java.util.concurrent.ThreadPoolExecutor$Worker.run(ThreadPoolExecutor.java:624)
	at java.lang.Thread.run(Thread.java:748)
</error>
    <system-out><![CDATA[2019-11-13 00:25:58,887 [main] WARN  server.ServerUtils (ServerUtils.java:getScmDbDir(145)) - ozone.scm.db.dirs is not configured. We recommend adding this setting. Falling back to ozone.metadata.dirs instead.
2019-11-13 00:25:58,982 [main] WARN  server.ServerUtils (ServerUtils.java:getScmDbDir(145)) - ozone.scm.db.dirs is not configured. We recommend adding this setting. Falling back to ozone.metadata.dirs instead.
2019-11-13 00:25:58,985 [main] WARN  server.ServerUtils (ServerUtils.java:getScmDbDir(145)) - ozone.scm.db.dirs is not configured. We recommend adding this setting. Falling back to ozone.metadata.dirs instead.
2019-11-13 00:25:59,009 [main] INFO  util.log (Log.java:initialized(192)) - Logging initialized @825ms
2019-11-13 00:25:59,106 [main] INFO  db.DBStoreBuilder (DBStoreBuilder.java:addTable(127)) - using custom profile for table: deletedBlocks
2019-11-13 00:25:59,106 [main] INFO  db.DBStoreBuilder (DBStoreBuilder.java:processTables(183)) - Using default column profile:DBProfile.DISK for Table:deletedBlocks
2019-11-13 00:25:59,106 [main] INFO  db.DBStoreBuilder (DBStoreBuilder.java:addTable(127)) - using custom profile for table: validCerts
2019-11-13 00:25:59,107 [main] INFO  db.DBStoreBuilder (DBStoreBuilder.java:processTables(183)) - Using default column profile:DBProfile.DISK for Table:validCerts
2019-11-13 00:25:59,107 [main] INFO  db.DBStoreBuilder (DBStoreBuilder.java:addTable(127)) - using custom profile for table: revokedCerts
2019-11-13 00:25:59,107 [main] INFO  db.DBStoreBuilder (DBStoreBuilder.java:processTables(183)) - Using default column profile:DBProfile.DISK for Table:revokedCerts
2019-11-13 00:25:59,119 [main] INFO  db.DBStoreBuilder (DBStoreBuilder.java:addTable(127)) - using custom profile for table: default
2019-11-13 00:25:59,119 [main] INFO  db.DBStoreBuilder (DBStoreBuilder.java:processTables(189)) - Using default column profile:DBProfile.DISK for Table:default
2019-11-13 00:25:59,120 [main] INFO  db.DBStoreBuilder (DBStoreBuilder.java:getDbProfile(220)) - Using default options. DBProfile.DISK
2019-11-13 00:25:59,397 [main] INFO  net.NodeSchemaLoader (NodeSchemaLoader.java:loadSchemaFromFile(125)) - Loading file from sun.misc.CompoundEnumeration@618b19ad
2019-11-13 00:25:59,399 [main] INFO  net.NodeSchemaLoader (NodeSchemaLoader.java:loadSchema(171)) - Loading network topology layer schema file
2019-11-13 00:25:59,459 [main] INFO  node.SCMNodeManager (SCMNodeManager.java:<init>(116)) - Entering startup safe mode.
2019-11-13 00:25:59,559 [main] INFO  algorithms.ContainerPlacementPolicyFactory (ContainerPlacementPolicyFactory.java:getPolicy(57)) - Create container placement policy of type org.apache.hadoop.hdds.scm.container.placement.algorithms.SCMContainerPlacementRandom
2019-11-13 00:25:59,580 [main] WARN  server.ServerUtils (ServerUtils.java:getScmDbDir(145)) - ozone.scm.db.dirs is not configured. We recommend adding this setting. Falling back to ozone.metadata.dirs instead.
2019-11-13 00:25:59,696 [main] INFO  pipeline.SCMPipelineManager (SCMPipelineManager.java:initializePipelineState(132)) - No pipeline exists in current db
2019-11-13 00:25:59,699 [main] WARN  server.ServerUtils (ServerUtils.java:getScmDbDir(145)) - ozone.scm.db.dirs is not configured. We recommend adding this setting. Falling back to ozone.metadata.dirs instead.
2019-11-13 00:25:59,846 [main] WARN  events.EventQueue (EventQueue.java:fireEvent(183)) - No event handler registered for event TypedEvent{payloadType=SafeModeStatus, name='SafeModeStatus'}
2019-11-13 00:26:00,207 [main] INFO  ipc.CallQueueManager (CallQueueManager.java:<init>(84)) - Using callQueue: class java.util.concurrent.LinkedBlockingQueue, queueCapacity: 2000, scheduler: class org.apache.hadoop.ipc.DefaultRpcScheduler, ipcBackoff: false.
2019-11-13 00:26:00,232 [Socket Reader #1 for port 37447] INFO  ipc.Server (Server.java:run(1074)) - Starting Socket Reader #1 for port 37447
2019-11-13 00:26:00,355 [main] INFO  ipc.CallQueueManager (CallQueueManager.java:<init>(84)) - Using callQueue: class java.util.concurrent.LinkedBlockingQueue, queueCapacity: 2000, scheduler: class org.apache.hadoop.ipc.DefaultRpcScheduler, ipcBackoff: false.
2019-11-13 00:26:00,356 [Socket Reader #1 for port 35234] INFO  ipc.Server (Server.java:run(1074)) - Starting Socket Reader #1 for port 35234
2019-11-13 00:26:00,363 [main] INFO  ipc.CallQueueManager (CallQueueManager.java:<init>(84)) - Using callQueue: class java.util.concurrent.LinkedBlockingQueue, queueCapacity: 2000, scheduler: class org.apache.hadoop.ipc.DefaultRpcScheduler, ipcBackoff: false.
2019-11-13 00:26:00,364 [Socket Reader #1 for port 34429] INFO  ipc.Server (Server.java:run(1074)) - Starting Socket Reader #1 for port 34429
2019-11-13 00:26:00,386 [main] INFO  hdfs.DFSUtil (DFSUtil.java:httpServerTemplateForNNAndJN(1641)) - Starting Web-server for scm at: http://0.0.0.0:0
2019-11-13 00:26:00,537 [main] INFO  server.AuthenticationFilter (AuthenticationFilter.java:constructSecretProvider(240)) - Unable to initialize FileSignerSecretProvider, falling back to use random secrets.
2019-11-13 00:26:00,555 [main] WARN  http.HttpRequestLog (HttpRequestLog.java:getRequestLog(97)) - Jetty request log can only be enabled using Log4j
2019-11-13 00:26:00,564 [main] INFO  http.HttpServer2 (HttpServer2.java:addGlobalFilter(975)) - Added global filter 'safety' (class=org.apache.hadoop.http.HttpServer2$QuotingInputFilter)
2019-11-13 00:26:00,567 [main] INFO  http.HttpServer2 (HttpServer2.java:addFilter(948)) - Added filter static_user_filter (class=org.apache.hadoop.http.lib.StaticUserWebFilter$StaticUserFilter) to context scm
2019-11-13 00:26:00,568 [main] INFO  http.HttpServer2 (HttpServer2.java:addFilter(958)) - Added filter static_user_filter (class=org.apache.hadoop.http.lib.StaticUserWebFilter$StaticUserFilter) to context static
2019-11-13 00:26:00,568 [main] INFO  http.HttpServer2 (HttpServer2.java:addFilter(958)) - Added filter static_user_filter (class=org.apache.hadoop.http.lib.StaticUserWebFilter$StaticUserFilter) to context logs
2019-11-13 00:26:00,598 [main] INFO  server.StorageContainerManager (StorageContainerManager.java:start(764)) - StorageContainerLocationProtocol RPC server is listening at /0.0.0.0:34429
2019-11-13 00:26:00,662 [main] WARN  impl.MetricsConfig (MetricsConfig.java:loadFirst(134)) - Cannot locate configuration: tried hadoop-metrics2-storagecontainermanager.properties,hadoop-metrics2.properties
2019-11-13 00:26:00,675 [main] INFO  impl.MetricsSystemImpl (MetricsSystemImpl.java:startTimer(374)) - Scheduled Metric snapshot period at 10 second(s).
2019-11-13 00:26:00,676 [main] INFO  impl.MetricsSystemImpl (MetricsSystemImpl.java:start(191)) - StorageContainerManager metrics system started
2019-11-13 00:26:00,944 [main] INFO  server.SCMClientProtocolServer (SCMClientProtocolServer.java:start(159)) - RPC server for Client  is listening at /0.0.0.0:34429
2019-11-13 00:26:00,945 [IPC Server Responder] INFO  ipc.Server (Server.java:run(1314)) - IPC Server Responder: starting
2019-11-13 00:26:00,945 [IPC Server listener on 34429] INFO  ipc.Server (Server.java:run(1153)) - IPC Server listener on 34429: starting
2019-11-13 00:26:00,948 [main] INFO  server.StorageContainerManager (StorageContainerManager.java:start(774)) - ScmBlockLocationProtocol RPC server is listening at /0.0.0.0:35234
2019-11-13 00:26:00,949 [main] INFO  server.SCMBlockProtocolServer (SCMBlockProtocolServer.java:start(146)) - RPC server for Block Protocol is listening at /0.0.0.0:35234
2019-11-13 00:26:00,950 [IPC Server Responder] INFO  ipc.Server (Server.java:run(1314)) - IPC Server Responder: starting
2019-11-13 00:26:00,950 [IPC Server listener on 35234] INFO  ipc.Server (Server.java:run(1153)) - IPC Server listener on 35234: starting
2019-11-13 00:26:00,952 [main] INFO  server.StorageContainerManager (StorageContainerManager.java:start(778)) - ScmDatanodeProtocl RPC server is listening at /0.0.0.0:37447
2019-11-13 00:26:00,953 [main] INFO  server.SCMDatanodeProtocolServer (SCMDatanodeProtocolServer.java:start(169)) - RPC server for DataNodes is listening at /0.0.0.0:37447
2019-11-13 00:26:00,953 [IPC Server Responder] INFO  ipc.Server (Server.java:run(1314)) - IPC Server Responder: starting
2019-11-13 00:26:00,954 [IPC Server listener on 37447] INFO  ipc.Server (Server.java:run(1153)) - IPC Server listener on 37447: starting
2019-11-13 00:26:00,957 [main] INFO  http.HttpServer2 (HttpServer2.java:bindListener(1191)) - Jetty bound to port 44571
2019-11-13 00:26:00,959 [main] INFO  server.Server (Server.java:doStart(351)) - jetty-9.3.25.v20180904, build timestamp: 2018-09-04T21:11:46Z, git hash: 3ce520221d0240229c862b122d2b06c12a625732
2019-11-13 00:26:00,993 [main] INFO  handler.ContextHandler (ContextHandler.java:doStart(781)) - Started o.e.j.s.ServletContextHandler@293a5f75{/logs,file:///workdir/hadoop-ozone/tools/target/log,AVAILABLE}
2019-11-13 00:26:00,993 [main] INFO  handler.ContextHandler (ContextHandler.java:doStart(781)) - Started o.e.j.s.ServletContextHandler@2dd29a59{/static,jar:file:/home/user/.m2/repository/org/apache/hadoop/hadoop-hdds-server-scm/0.5.0-SNAPSHOT/hadoop-hdds-server-scm-0.5.0-SNAPSHOT.jar!/webapps/static,AVAILABLE}
2019-11-13 00:26:01,063 [main] INFO  handler.ContextHandler (ContextHandler.java:doStart(781)) - Started o.e.j.w.WebAppContext@6815c5f2{/,file:///tmp/jetty-0.0.0.0-44571-scm-_-any-7403778630546147264.dir/webapp/,AVAILABLE}{/scm}
2019-11-13 00:26:01,068 [main] INFO  server.AbstractConnector (AbstractConnector.java:doStart(278)) - Started ServerConnector@7689ddef{HTTP/1.1,[http/1.1]}{0.0.0.0:44571}
2019-11-13 00:26:01,068 [main] INFO  server.Server (Server.java:doStart(419)) - Started @2884ms
2019-11-13 00:26:01,070 [main] INFO  impl.MetricsSinkAdapter (MetricsSinkAdapter.java:start(204)) - Sink prometheus started
2019-11-13 00:26:01,070 [main] INFO  impl.MetricsSystemImpl (MetricsSystemImpl.java:registerSink(301)) - Registered sink prometheus
2019-11-13 00:26:01,073 [main] INFO  server.BaseHttpServer (BaseHttpServer.java:updateConnectorAddress(215)) - HTTP server of SCM is listening at http://0.0.0.0:44571
2019-11-13 00:26:01,083 [org.apache.hadoop.util.JvmPauseMonitor$Monitor@27eb3298] INFO  util.JvmPauseMonitor (JvmPauseMonitor.java:run(188)) - Starting JVM pause monitor
2019-11-13 00:26:01,087 [main] WARN  server.ServerUtils (ServerUtils.java:getDBPath(222)) - ozone.om.db.dirs is not configured. We recommend adding this setting. Falling back to ozone.metadata.dirs instead.
2019-11-13 00:26:01,195 [main] INFO  ha.OMHANodeDetails (OMHANodeDetails.java:loadOMHAConfig(190)) - Configuration either no ozone.om.address set. Falling back to the default OM address /127.0.0.1:0
2019-11-13 00:26:01,195 [main] INFO  ha.OMHANodeDetails (OMHANodeDetails.java:getOMNodeDetails(220)) - OM Service ID is not set. Setting it to the default ID: omServiceIdDefault
2019-11-13 00:26:01,197 [main] WARN  server.ServerUtils (ServerUtils.java:getDBPath(222)) - ozone.om.db.dirs is not configured. We recommend adding this setting. Falling back to ozone.metadata.dirs instead.
2019-11-13 00:26:01,198 [main] WARN  server.ServerUtils (ServerUtils.java:getDBPath(222)) - ozone.om.db.dirs is not configured. We recommend adding this setting. Falling back to ozone.metadata.dirs instead.
2019-11-13 00:26:01,784 [main] WARN  server.ServerUtils (ServerUtils.java:getDBPath(222)) - ozone.om.db.dirs is not configured. We recommend adding this setting. Falling back to ozone.metadata.dirs instead.
2019-11-13 00:26:01,793 [main] INFO  db.DBStoreBuilder (DBStoreBuilder.java:addTable(127)) - using custom profile for table: userTable
2019-11-13 00:26:01,793 [main] INFO  db.DBStoreBuilder (DBStoreBuilder.java:processTables(183)) - Using default column profile:DBProfile.DISK for Table:userTable
2019-11-13 00:26:01,793 [main] INFO  db.DBStoreBuilder (DBStoreBuilder.java:addTable(127)) - using custom profile for table: volumeTable
2019-11-13 00:26:01,793 [main] INFO  db.DBStoreBuilder (DBStoreBuilder.java:processTables(183)) - Using default column profile:DBProfile.DISK for Table:volumeTable
2019-11-13 00:26:01,794 [main] INFO  db.DBStoreBuilder (DBStoreBuilder.java:addTable(127)) - using custom profile for table: bucketTable
2019-11-13 00:26:01,794 [main] INFO  db.DBStoreBuilder (DBStoreBuilder.java:processTables(183)) - Using default column profile:DBProfile.DISK for Table:bucketTable
2019-11-13 00:26:01,794 [main] INFO  db.DBStoreBuilder (DBStoreBuilder.java:addTable(127)) - using custom profile for table: keyTable
2019-11-13 00:26:01,794 [main] INFO  db.DBStoreBuilder (DBStoreBuilder.java:processTables(183)) - Using default column profile:DBProfile.DISK for Table:keyTable
2019-11-13 00:26:01,795 [main] INFO  db.DBStoreBuilder (DBStoreBuilder.java:addTable(127)) - using custom profile for table: deletedTable
2019-11-13 00:26:01,795 [main] INFO  db.DBStoreBuilder (DBStoreBuilder.java:processTables(183)) - Using default column profile:DBProfile.DISK for Table:deletedTable
2019-11-13 00:26:01,795 [main] INFO  db.DBStoreBuilder (DBStoreBuilder.java:addTable(127)) - using custom profile for table: openKeyTable
2019-11-13 00:26:01,795 [main] INFO  db.DBStoreBuilder (DBStoreBuilder.java:processTables(183)) - Using default column profile:DBProfile.DISK for Table:openKeyTable
2019-11-13 00:26:01,796 [main] INFO  db.DBStoreBuilder (DBStoreBuilder.java:addTable(127)) - using custom profile for table: s3Table
2019-11-13 00:26:01,796 [main] INFO  db.DBStoreBuilder (DBStoreBuilder.java:processTables(183)) - Using default column profile:DBProfile.DISK for Table:s3Table
2019-11-13 00:26:01,796 [main] INFO  db.DBStoreBuilder (DBStoreBuilder.java:addTable(127)) - using custom profile for table: multipartInfoTable
2019-11-13 00:26:01,796 [main] INFO  db.DBStoreBuilder (DBStoreBuilder.java:processTables(183)) - Using default column profile:DBProfile.DISK for Table:multipartInfoTable
2019-11-13 00:26:01,796 [main] INFO  db.DBStoreBuilder (DBStoreBuilder.java:addTable(127)) - using custom profile for table: dTokenTable
2019-11-13 00:26:01,797 [main] INFO  db.DBStoreBuilder (DBStoreBuilder.java:processTables(183)) - Using default column profile:DBProfile.DISK for Table:dTokenTable
2019-11-13 00:26:01,797 [main] INFO  db.DBStoreBuilder (DBStoreBuilder.java:addTable(127)) - using custom profile for table: s3SecretTable
2019-11-13 00:26:01,797 [main] INFO  db.DBStoreBuilder (DBStoreBuilder.java:processTables(183)) - Using default column profile:DBProfile.DISK for Table:s3SecretTable
2019-11-13 00:26:01,797 [main] INFO  db.DBStoreBuilder (DBStoreBuilder.java:addTable(127)) - using custom profile for table: prefixTable
2019-11-13 00:26:01,798 [main] INFO  db.DBStoreBuilder (DBStoreBuilder.java:processTables(183)) - Using default column profile:DBProfile.DISK for Table:prefixTable
2019-11-13 00:26:01,798 [main] INFO  db.DBStoreBuilder (DBStoreBuilder.java:addTable(127)) - using custom profile for table: default
2019-11-13 00:26:01,798 [main] INFO  db.DBStoreBuilder (DBStoreBuilder.java:processTables(189)) - Using default column profile:DBProfile.DISK for Table:default
2019-11-13 00:26:01,798 [main] INFO  db.DBStoreBuilder (DBStoreBuilder.java:getDbProfile(220)) - Using default options. DBProfile.DISK
2019-11-13 00:26:02,439 [main] INFO  ipc.CallQueueManager (CallQueueManager.java:<init>(84)) - Using callQueue: class java.util.concurrent.LinkedBlockingQueue, queueCapacity: 2000, scheduler: class org.apache.hadoop.ipc.DefaultRpcScheduler, ipcBackoff: false.
2019-11-13 00:26:02,440 [Socket Reader #1 for port 33184] INFO  ipc.Server (Server.java:run(1074)) - Starting Socket Reader #1 for port 33184
2019-11-13 00:26:02,467 [main] INFO  om.OzoneManager (OzoneManager.java:start(1077)) - OzoneManager RPC server is listening at localhost/127.0.0.1:33184
2019-11-13 00:26:02,467 [main] INFO  impl.MetricsSystemImpl (MetricsSystemImpl.java:init(158)) - OzoneManager metrics system started (again)
2019-11-13 00:26:02,475 [IPC Server Responder] INFO  ipc.Server (Server.java:run(1314)) - IPC Server Responder: starting
2019-11-13 00:26:02,475 [IPC Server listener on 33184] INFO  ipc.Server (Server.java:run(1153)) - IPC Server listener on 33184: starting
2019-11-13 00:26:02,482 [main] INFO  hdfs.DFSUtil (DFSUtil.java:httpServerTemplateForNNAndJN(1641)) - Starting Web-server for ozoneManager at: http://0.0.0.0:0
2019-11-13 00:26:02,485 [main] INFO  server.AuthenticationFilter (AuthenticationFilter.java:constructSecretProvider(240)) - Unable to initialize FileSignerSecretProvider, falling back to use random secrets.
2019-11-13 00:26:02,486 [main] WARN  http.HttpRequestLog (HttpRequestLog.java:getRequestLog(97)) - Jetty request log can only be enabled using Log4j
2019-11-13 00:26:02,488 [main] INFO  http.HttpServer2 (HttpServer2.java:addGlobalFilter(975)) - Added global filter 'safety' (class=org.apache.hadoop.http.HttpServer2$QuotingInputFilter)
2019-11-13 00:26:02,490 [main] INFO  http.HttpServer2 (HttpServer2.java:addFilter(948)) - Added filter static_user_filter (class=org.apache.hadoop.http.lib.StaticUserWebFilter$StaticUserFilter) to context ozoneManager
2019-11-13 00:26:02,490 [main] INFO  http.HttpServer2 (HttpServer2.java:addFilter(958)) - Added filter static_user_filter (class=org.apache.hadoop.http.lib.StaticUserWebFilter$StaticUserFilter) to context static
2019-11-13 00:26:02,490 [main] INFO  http.HttpServer2 (HttpServer2.java:addFilter(958)) - Added filter static_user_filter (class=org.apache.hadoop.http.lib.StaticUserWebFilter$StaticUserFilter) to context logs
2019-11-13 00:26:02,493 [main] INFO  http.HttpServer2 (HttpServer2.java:bindListener(1191)) - Jetty bound to port 46488
2019-11-13 00:26:02,494 [main] INFO  server.Server (Server.java:doStart(351)) - jetty-9.3.25.v20180904, build timestamp: 2018-09-04T21:11:46Z, git hash: 3ce520221d0240229c862b122d2b06c12a625732
2019-11-13 00:26:02,497 [main] INFO  handler.ContextHandler (ContextHandler.java:doStart(781)) - Started o.e.j.s.ServletContextHandler@7b208b45{/logs,file:///workdir/hadoop-ozone/tools/target/log,AVAILABLE}
2019-11-13 00:26:02,498 [main] INFO  handler.ContextHandler (ContextHandler.java:doStart(781)) - Started o.e.j.s.ServletContextHandler@34523d46{/static,jar:file:/home/user/.m2/repository/org/apache/hadoop/hadoop-ozone-ozone-manager/0.5.0-SNAPSHOT/hadoop-ozone-ozone-manager-0.5.0-SNAPSHOT.jar!/webapps/static,AVAILABLE}
2019-11-13 00:26:02,557 [main] INFO  handler.ContextHandler (ContextHandler.java:doStart(781)) - Started o.e.j.w.WebAppContext@2a49fe{/,file:///tmp/jetty-0.0.0.0-46488-ozoneManager-_-any-6837918654998561087.dir/webapp/,AVAILABLE}{/ozoneManager}
2019-11-13 00:26:02,558 [main] INFO  server.AbstractConnector (AbstractConnector.java:doStart(278)) - Started ServerConnector@66596a88{HTTP/1.1,[http/1.1]}{0.0.0.0:46488}
2019-11-13 00:26:02,558 [main] INFO  server.Server (Server.java:doStart(419)) - Started @4374ms
2019-11-13 00:26:02,559 [main] WARN  impl.MetricsSystemImpl (MetricsSystemImpl.java:register(276)) - Sink prometheus already exists!
2019-11-13 00:26:02,560 [main] INFO  server.BaseHttpServer (BaseHttpServer.java:updateConnectorAddress(215)) - HTTP server of OZONEMANAGER is listening at http://0.0.0.0:46488
2019-11-13 00:26:02,851 [main] INFO  impl.MetricsSystemImpl (MetricsSystemImpl.java:init(158)) - HddsDatanode metrics system started (again)
2019-11-13 00:26:02,902 [main] INFO  ozone.HddsDatanodeService (HddsDatanodeService.java:start(186)) - HddsDatanodeService host:pr-hdds-2375-hvwjp-2869937553 ip:192.168.164.236
2019-11-13 00:26:02,936 [main] INFO  volume.HddsVolume (HddsVolume.java:<init>(176)) - Creating Volume: /workdir/hadoop-ozone/tools/target/test-dir/MiniOzoneClusterImpl-6e227885-a821-486c-968a-17dd64ddd23b/datanode-0/data/containers/hdds of  storage type : DISK and capacity : 1482555576320
2019-11-13 00:26:02,937 [main] INFO  volume.VolumeSet (VolumeSet.java:initializeVolumeSet(170)) - Added Volume : /workdir/hadoop-ozone/tools/target/test-dir/MiniOzoneClusterImpl-6e227885-a821-486c-968a-17dd64ddd23b/datanode-0/data/containers/hdds to VolumeSet
2019-11-13 00:26:02,940 [main] INFO  volume.ThrottledAsyncChecker (ThrottledAsyncChecker.java:schedule(141)) - Scheduling a check for /workdir/hadoop-ozone/tools/target/test-dir/MiniOzoneClusterImpl-6e227885-a821-486c-968a-17dd64ddd23b/datanode-0/data/containers/hdds
2019-11-13 00:26:02,956 [main] INFO  volume.HddsVolumeChecker (HddsVolumeChecker.java:checkAllVolumes(204)) - Scheduled health check for volume /workdir/hadoop-ozone/tools/target/test-dir/MiniOzoneClusterImpl-6e227885-a821-486c-968a-17dd64ddd23b/datanode-0/data/containers/hdds
2019-11-13 00:26:03,064 [main] INFO  impl.RaftServerProxy (ConfUtils.java:logGet(43)) - raft.rpc.type = GRPC (default)
2019-11-13 00:26:03,129 [main] INFO  grpc.GrpcFactory (GrpcFactory.java:checkPooledByteBufAllocatorUseCacheForAllThreads(45)) - PERFORMANCE WARNING: useCacheForAllThreads is true that may cause Netty to create a lot garbage objects and, as a result, trigger GC.
	It is recommended to disable useCacheForAllThreads by setting -Dorg.apache.ratis.thirdparty.io.netty.allocator.useCacheForAllThreads=false in command line.
2019-11-13 00:26:03,135 [main] INFO  grpc.GrpcConfigKeys$Server (ConfUtils.java:logGet(43)) - raft.grpc.server.port = 0 (default)
2019-11-13 00:26:03,135 [main] INFO  server.GrpcService (ConfUtils.java:logGet(43)) - raft.grpc.message.size.max = 33570816 (custom)
2019-11-13 00:26:03,137 [main] INFO  server.RaftServerConfigKeys (ConfUtils.java:logGet(43)) - raft.server.log.appender.buffer.byte-limit = 33554432 (custom)
2019-11-13 00:26:03,138 [main] INFO  server.GrpcService (ConfUtils.java:logGet(43)) - raft.grpc.flow.control.window = 1MB (=1048576) (default)
2019-11-13 00:26:03,138 [main] INFO  server.RaftServerConfigKeys (ConfUtils.java:logGet(43)) - raft.server.rpc.request.timeout = 3000ms (default)
2019-11-13 00:26:03,298 [main] INFO  server.RaftServerConfigKeys (ConfUtils.java:logGet(43)) - raft.server.storage.dir = [/workdir/hadoop-ozone/tools/target/test-dir/MiniOzoneClusterImpl-6e227885-a821-486c-968a-17dd64ddd23b/datanode-0/data/ratis] (custom)
2019-11-13 00:26:03,348 [main] INFO  hdfs.DFSUtil (DFSUtil.java:httpServerTemplateForNNAndJN(1641)) - Starting Web-server for hddsDatanode at: http://0.0.0.0:0
2019-11-13 00:26:03,349 [main] INFO  server.AuthenticationFilter (AuthenticationFilter.java:constructSecretProvider(240)) - Unable to initialize FileSignerSecretProvider, falling back to use random secrets.
2019-11-13 00:26:03,350 [main] WARN  http.HttpRequestLog (HttpRequestLog.java:getRequestLog(97)) - Jetty request log can only be enabled using Log4j
2019-11-13 00:26:03,352 [main] INFO  http.HttpServer2 (HttpServer2.java:addGlobalFilter(975)) - Added global filter 'safety' (class=org.apache.hadoop.http.HttpServer2$QuotingInputFilter)
2019-11-13 00:26:03,352 [main] INFO  http.HttpServer2 (HttpServer2.java:addFilter(948)) - Added filter static_user_filter (class=org.apache.hadoop.http.lib.StaticUserWebFilter$StaticUserFilter) to context hddsDatanode
2019-11-13 00:26:03,352 [main] INFO  http.HttpServer2 (HttpServer2.java:addFilter(958)) - Added filter static_user_filter (class=org.apache.hadoop.http.lib.StaticUserWebFilter$StaticUserFilter) to context logs
2019-11-13 00:26:03,353 [main] INFO  http.HttpServer2 (HttpServer2.java:addFilter(958)) - Added filter static_user_filter (class=org.apache.hadoop.http.lib.StaticUserWebFilter$StaticUserFilter) to context static
2019-11-13 00:26:03,354 [main] INFO  http.HttpServer2 (HttpServer2.java:bindListener(1191)) - Jetty bound to port 42921
2019-11-13 00:26:03,354 [main] INFO  server.Server (Server.java:doStart(351)) - jetty-9.3.25.v20180904, build timestamp: 2018-09-04T21:11:46Z, git hash: 3ce520221d0240229c862b122d2b06c12a625732
2019-11-13 00:26:03,356 [main] INFO  handler.ContextHandler (ContextHandler.java:doStart(781)) - Started o.e.j.s.ServletContextHandler@1ba359bd{/logs,file:///workdir/hadoop-ozone/tools/target/log,AVAILABLE}
2019-11-13 00:26:03,357 [main] INFO  handler.ContextHandler (ContextHandler.java:doStart(781)) - Started o.e.j.s.ServletContextHandler@673919a7{/static,jar:file:/home/user/.m2/repository/org/apache/hadoop/hadoop-hdds-container-service/0.5.0-SNAPSHOT/hadoop-hdds-container-service-0.5.0-SNAPSHOT.jar!/webapps/static,AVAILABLE}
2019-11-13 00:26:03,387 [main] INFO  handler.ContextHandler (ContextHandler.java:doStart(781)) - Started o.e.j.w.WebAppContext@546e61d5{/,file:///tmp/jetty-0.0.0.0-42921-hddsDatanode-_-any-3504846144565361299.dir/webapp/,AVAILABLE}{/hddsDatanode}
2019-11-13 00:26:03,388 [main] INFO  server.AbstractConnector (AbstractConnector.java:doStart(278)) - Started ServerConnector@4674d90{HTTP/1.1,[http/1.1]}{0.0.0.0:42921}
2019-11-13 00:26:03,389 [main] INFO  server.Server (Server.java:doStart(419)) - Started @5205ms
2019-11-13 00:26:03,389 [main] WARN  impl.MetricsSystemImpl (MetricsSystemImpl.java:register(276)) - Sink prometheus already exists!
2019-11-13 00:26:03,391 [main] INFO  server.BaseHttpServer (BaseHttpServer.java:updateConnectorAddress(215)) - HTTP server of HDDSDATANODE is listening at http://0.0.0.0:42921
2019-11-13 00:26:03,392 [main] INFO  impl.MetricsSystemImpl (MetricsSystemImpl.java:init(158)) - HddsDatanode metrics system started (again)
2019-11-13 00:26:03,396 [main] INFO  ozone.HddsDatanodeService (HddsDatanodeService.java:start(186)) - HddsDatanodeService host:pr-hdds-2375-hvwjp-2869937553 ip:192.168.164.236
2019-11-13 00:26:03,398 [org.apache.hadoop.util.JvmPauseMonitor$Monitor@33466fe7] INFO  util.JvmPauseMonitor (JvmPauseMonitor.java:run(188)) - Starting JVM pause monitor
2019-11-13 00:26:03,406 [main] INFO  volume.HddsVolume (HddsVolume.java:<init>(176)) - Creating Volume: /workdir/hadoop-ozone/tools/target/test-dir/MiniOzoneClusterImpl-6e227885-a821-486c-968a-17dd64ddd23b/datanode-1/data/containers/hdds of  storage type : DISK and capacity : 1482555576320
2019-11-13 00:26:03,407 [main] INFO  volume.VolumeSet (VolumeSet.java:initializeVolumeSet(170)) - Added Volume : /workdir/hadoop-ozone/tools/target/test-dir/MiniOzoneClusterImpl-6e227885-a821-486c-968a-17dd64ddd23b/datanode-1/data/containers/hdds to VolumeSet
2019-11-13 00:26:03,407 [main] INFO  volume.ThrottledAsyncChecker (ThrottledAsyncChecker.java:schedule(141)) - Scheduling a check for /workdir/hadoop-ozone/tools/target/test-dir/MiniOzoneClusterImpl-6e227885-a821-486c-968a-17dd64ddd23b/datanode-1/data/containers/hdds
2019-11-13 00:26:03,408 [main] INFO  volume.HddsVolumeChecker (HddsVolumeChecker.java:checkAllVolumes(204)) - Scheduled health check for volume /workdir/hadoop-ozone/tools/target/test-dir/MiniOzoneClusterImpl-6e227885-a821-486c-968a-17dd64ddd23b/datanode-1/data/containers/hdds
2019-11-13 00:26:03,431 [main] INFO  impl.RaftServerProxy (ConfUtils.java:logGet(43)) - raft.rpc.type = GRPC (default)
2019-11-13 00:26:03,432 [main] INFO  grpc.GrpcFactory (GrpcFactory.java:checkPooledByteBufAllocatorUseCacheForAllThreads(45)) - PERFORMANCE WARNING: useCacheForAllThreads is true that may cause Netty to create a lot garbage objects and, as a result, trigger GC.
	It is recommended to disable useCacheForAllThreads by setting -Dorg.apache.ratis.thirdparty.io.netty.allocator.useCacheForAllThreads=false in command line.
2019-11-13 00:26:03,432 [main] INFO  grpc.GrpcConfigKeys$Server (ConfUtils.java:logGet(43)) - raft.grpc.server.port = 0 (default)
2019-11-13 00:26:03,432 [main] INFO  server.GrpcService (ConfUtils.java:logGet(43)) - raft.grpc.message.size.max = 33570816 (custom)
2019-11-13 00:26:03,433 [main] INFO  server.RaftServerConfigKeys (ConfUtils.java:logGet(43)) - raft.server.log.appender.buffer.byte-limit = 33554432 (custom)
2019-11-13 00:26:03,433 [main] INFO  server.GrpcService (ConfUtils.java:logGet(43)) - raft.grpc.flow.control.window = 1MB (=1048576) (default)
2019-11-13 00:26:03,433 [main] INFO  server.RaftServerConfigKeys (ConfUtils.java:logGet(43)) - raft.server.rpc.request.timeout = 3000ms (default)
2019-11-13 00:26:03,434 [main] INFO  server.RaftServerConfigKeys (ConfUtils.java:logGet(43)) - raft.server.storage.dir = [/workdir/hadoop-ozone/tools/target/test-dir/MiniOzoneClusterImpl-6e227885-a821-486c-968a-17dd64ddd23b/datanode-1/data/ratis] (custom)
2019-11-13 00:26:03,437 [main] INFO  hdfs.DFSUtil (DFSUtil.java:httpServerTemplateForNNAndJN(1641)) - Starting Web-server for hddsDatanode at: http://0.0.0.0:0
2019-11-13 00:26:03,439 [main] INFO  server.AuthenticationFilter (AuthenticationFilter.java:constructSecretProvider(240)) - Unable to initialize FileSignerSecretProvider, falling back to use random secrets.
2019-11-13 00:26:03,440 [main] WARN  http.HttpRequestLog (HttpRequestLog.java:getRequestLog(97)) - Jetty request log can only be enabled using Log4j
2019-11-13 00:26:03,443 [main] INFO  http.HttpServer2 (HttpServer2.java:addGlobalFilter(975)) - Added global filter 'safety' (class=org.apache.hadoop.http.HttpServer2$QuotingInputFilter)
2019-11-13 00:26:03,444 [main] INFO  http.HttpServer2 (HttpServer2.java:addFilter(948)) - Added filter static_user_filter (class=org.apache.hadoop.http.lib.StaticUserWebFilter$StaticUserFilter) to context hddsDatanode
2019-11-13 00:26:03,445 [main] INFO  http.HttpServer2 (HttpServer2.java:addFilter(958)) - Added filter static_user_filter (class=org.apache.hadoop.http.lib.StaticUserWebFilter$StaticUserFilter) to context static
2019-11-13 00:26:03,445 [main] INFO  http.HttpServer2 (HttpServer2.java:addFilter(958)) - Added filter static_user_filter (class=org.apache.hadoop.http.lib.StaticUserWebFilter$StaticUserFilter) to context logs
2019-11-13 00:26:03,446 [main] INFO  http.HttpServer2 (HttpServer2.java:bindListener(1191)) - Jetty bound to port 32842
2019-11-13 00:26:03,447 [main] INFO  server.Server (Server.java:doStart(351)) - jetty-9.3.25.v20180904, build timestamp: 2018-09-04T21:11:46Z, git hash: 3ce520221d0240229c862b122d2b06c12a625732
2019-11-13 00:26:03,451 [main] INFO  handler.ContextHandler (ContextHandler.java:doStart(781)) - Started o.e.j.s.ServletContextHandler@2f37f1f9{/logs,file:///workdir/hadoop-ozone/tools/target/log,AVAILABLE}
2019-11-13 00:26:03,452 [main] INFO  handler.ContextHandler (ContextHandler.java:doStart(781)) - Started o.e.j.s.ServletContextHandler@2af69643{/static,jar:file:/home/user/.m2/repository/org/apache/hadoop/hadoop-hdds-container-service/0.5.0-SNAPSHOT/hadoop-hdds-container-service-0.5.0-SNAPSHOT.jar!/webapps/static,AVAILABLE}
2019-11-13 00:26:03,491 [main] INFO  handler.ContextHandler (ContextHandler.java:doStart(781)) - Started o.e.j.w.WebAppContext@5d43409a{/,file:///tmp/jetty-0.0.0.0-32842-hddsDatanode-_-any-7993285241102328164.dir/webapp/,AVAILABLE}{/hddsDatanode}
2019-11-13 00:26:03,492 [main] INFO  server.AbstractConnector (AbstractConnector.java:doStart(278)) - Started ServerConnector@38d17d80{HTTP/1.1,[http/1.1]}{0.0.0.0:32842}
2019-11-13 00:26:03,494 [main] INFO  server.Server (Server.java:doStart(419)) - Started @5309ms
2019-11-13 00:26:03,494 [main] WARN  impl.MetricsSystemImpl (MetricsSystemImpl.java:register(276)) - Sink prometheus already exists!
2019-11-13 00:26:03,496 [main] INFO  server.BaseHttpServer (BaseHttpServer.java:updateConnectorAddress(215)) - HTTP server of HDDSDATANODE is listening at http://0.0.0.0:32842
2019-11-13 00:26:03,496 [main] INFO  impl.MetricsSystemImpl (MetricsSystemImpl.java:init(158)) - HddsDatanode metrics system started (again)
2019-11-13 00:26:03,500 [org.apache.hadoop.util.JvmPauseMonitor$Monitor@34e2f15c] INFO  util.JvmPauseMonitor (JvmPauseMonitor.java:run(188)) - Starting JVM pause monitor
2019-11-13 00:26:03,500 [main] INFO  ozone.HddsDatanodeService (HddsDatanodeService.java:start(186)) - HddsDatanodeService host:pr-hdds-2375-hvwjp-2869937553 ip:192.168.164.236
2019-11-13 00:26:03,511 [main] INFO  volume.HddsVolume (HddsVolume.java:<init>(176)) - Creating Volume: /workdir/hadoop-ozone/tools/target/test-dir/MiniOzoneClusterImpl-6e227885-a821-486c-968a-17dd64ddd23b/datanode-2/data/containers/hdds of  storage type : DISK and capacity : 1482555576320
2019-11-13 00:26:03,511 [main] INFO  volume.VolumeSet (VolumeSet.java:initializeVolumeSet(170)) - Added Volume : /workdir/hadoop-ozone/tools/target/test-dir/MiniOzoneClusterImpl-6e227885-a821-486c-968a-17dd64ddd23b/datanode-2/data/containers/hdds to VolumeSet
2019-11-13 00:26:03,511 [main] INFO  volume.ThrottledAsyncChecker (ThrottledAsyncChecker.java:schedule(141)) - Scheduling a check for /workdir/hadoop-ozone/tools/target/test-dir/MiniOzoneClusterImpl-6e227885-a821-486c-968a-17dd64ddd23b/datanode-2/data/containers/hdds
2019-11-13 00:26:03,512 [main] INFO  volume.HddsVolumeChecker (HddsVolumeChecker.java:checkAllVolumes(204)) - Scheduled health check for volume /workdir/hadoop-ozone/tools/target/test-dir/MiniOzoneClusterImpl-6e227885-a821-486c-968a-17dd64ddd23b/datanode-2/data/containers/hdds
2019-11-13 00:26:03,513 [Datanode State Machine Thread - 0] INFO  datanode.InitDatanodeState (InitDatanodeState.java:persistContainerDatanodeDetails(140)) - DatanodeDetails is persisted to /workdir/hadoop-ozone/tools/target/test-dir/MiniOzoneClusterImpl-6e227885-a821-486c-968a-17dd64ddd23b/datanode-0/meta/datanode.id
2019-11-13 00:26:03,518 [Datanode State Machine Thread - 0] INFO  datanode.InitDatanodeState (InitDatanodeState.java:persistContainerDatanodeDetails(140)) - DatanodeDetails is persisted to /workdir/hadoop-ozone/tools/target/test-dir/MiniOzoneClusterImpl-6e227885-a821-486c-968a-17dd64ddd23b/datanode-1/meta/datanode.id
2019-11-13 00:26:03,531 [main] INFO  impl.RaftServerProxy (ConfUtils.java:logGet(43)) - raft.rpc.type = GRPC (default)
2019-11-13 00:26:03,531 [main] INFO  grpc.GrpcFactory (GrpcFactory.java:checkPooledByteBufAllocatorUseCacheForAllThreads(45)) - PERFORMANCE WARNING: useCacheForAllThreads is true that may cause Netty to create a lot garbage objects and, as a result, trigger GC.
	It is recommended to disable useCacheForAllThreads by setting -Dorg.apache.ratis.thirdparty.io.netty.allocator.useCacheForAllThreads=false in command line.
2019-11-13 00:26:03,532 [main] INFO  grpc.GrpcConfigKeys$Server (ConfUtils.java:logGet(43)) - raft.grpc.server.port = 0 (default)
2019-11-13 00:26:03,532 [main] INFO  server.GrpcService (ConfUtils.java:logGet(43)) - raft.grpc.message.size.max = 33570816 (custom)
2019-11-13 00:26:03,532 [main] INFO  server.RaftServerConfigKeys (ConfUtils.java:logGet(43)) - raft.server.log.appender.buffer.byte-limit = 33554432 (custom)
2019-11-13 00:26:03,532 [main] INFO  server.GrpcService (ConfUtils.java:logGet(43)) - raft.grpc.flow.control.window = 1MB (=1048576) (default)
2019-11-13 00:26:03,533 [main] INFO  server.RaftServerConfigKeys (ConfUtils.java:logGet(43)) - raft.server.rpc.request.timeout = 3000ms (default)
2019-11-13 00:26:03,533 [main] INFO  server.RaftServerConfigKeys (ConfUtils.java:logGet(43)) - raft.server.storage.dir = [/workdir/hadoop-ozone/tools/target/test-dir/MiniOzoneClusterImpl-6e227885-a821-486c-968a-17dd64ddd23b/datanode-2/data/ratis] (custom)
2019-11-13 00:26:03,536 [main] INFO  hdfs.DFSUtil (DFSUtil.java:httpServerTemplateForNNAndJN(1641)) - Starting Web-server for hddsDatanode at: http://0.0.0.0:0
2019-11-13 00:26:03,537 [main] INFO  server.AuthenticationFilter (AuthenticationFilter.java:constructSecretProvider(240)) - Unable to initialize FileSignerSecretProvider, falling back to use random secrets.
2019-11-13 00:26:03,538 [main] WARN  http.HttpRequestLog (HttpRequestLog.java:getRequestLog(97)) - Jetty request log can only be enabled using Log4j
2019-11-13 00:26:03,539 [main] INFO  http.HttpServer2 (HttpServer2.java:addGlobalFilter(975)) - Added global filter 'safety' (class=org.apache.hadoop.http.HttpServer2$QuotingInputFilter)
2019-11-13 00:26:03,540 [main] INFO  http.HttpServer2 (HttpServer2.java:addFilter(948)) - Added filter static_user_filter (class=org.apache.hadoop.http.lib.StaticUserWebFilter$StaticUserFilter) to context hddsDatanode
2019-11-13 00:26:03,540 [main] INFO  http.HttpServer2 (HttpServer2.java:addFilter(958)) - Added filter static_user_filter (class=org.apache.hadoop.http.lib.StaticUserWebFilter$StaticUserFilter) to context logs
2019-11-13 00:26:03,540 [main] INFO  http.HttpServer2 (HttpServer2.java:addFilter(958)) - Added filter static_user_filter (class=org.apache.hadoop.http.lib.StaticUserWebFilter$StaticUserFilter) to context static
2019-11-13 00:26:03,541 [main] INFO  http.HttpServer2 (HttpServer2.java:bindListener(1191)) - Jetty bound to port 33088
2019-11-13 00:26:03,541 [main] INFO  server.Server (Server.java:doStart(351)) - jetty-9.3.25.v20180904, build timestamp: 2018-09-04T21:11:46Z, git hash: 3ce520221d0240229c862b122d2b06c12a625732
2019-11-13 00:26:03,543 [main] INFO  handler.ContextHandler (ContextHandler.java:doStart(781)) - Started o.e.j.s.ServletContextHandler@70228253{/logs,file:///workdir/hadoop-ozone/tools/target/log,AVAILABLE}
2019-11-13 00:26:03,544 [main] INFO  handler.ContextHandler (ContextHandler.java:doStart(781)) - Started o.e.j.s.ServletContextHandler@21bd20ee{/static,jar:file:/home/user/.m2/repository/org/apache/hadoop/hadoop-hdds-container-service/0.5.0-SNAPSHOT/hadoop-hdds-container-service-0.5.0-SNAPSHOT.jar!/webapps/static,AVAILABLE}
2019-11-13 00:26:03,587 [main] INFO  handler.ContextHandler (ContextHandler.java:doStart(781)) - Started o.e.j.w.WebAppContext@68a4dcc6{/,file:///tmp/jetty-0.0.0.0-33088-hddsDatanode-_-any-7904030598642136581.dir/webapp/,AVAILABLE}{/hddsDatanode}
2019-11-13 00:26:03,588 [main] INFO  server.AbstractConnector (AbstractConnector.java:doStart(278)) - Started ServerConnector@646c0a67{HTTP/1.1,[http/1.1]}{0.0.0.0:33088}
2019-11-13 00:26:03,588 [main] INFO  server.Server (Server.java:doStart(419)) - Started @5405ms
2019-11-13 00:26:03,589 [main] WARN  impl.MetricsSystemImpl (MetricsSystemImpl.java:register(276)) - Sink prometheus already exists!
2019-11-13 00:26:03,591 [main] INFO  server.BaseHttpServer (BaseHttpServer.java:updateConnectorAddress(215)) - HTTP server of HDDSDATANODE is listening at http://0.0.0.0:33088
2019-11-13 00:26:03,593 [main] INFO  ozone.MiniOzoneClusterImpl (MiniOzoneClusterImpl.java:lambda$waitForClusterToBeReady$2(171)) - Waiting for cluster to be ready. Got 0 of 3 DN Heartbeats.
2019-11-13 00:26:03,594 [org.apache.hadoop.util.JvmPauseMonitor$Monitor@23aad184] INFO  util.JvmPauseMonitor (JvmPauseMonitor.java:run(188)) - Starting JVM pause monitor
2019-11-13 00:26:03,598 [Datanode State Machine Thread - 0] INFO  datanode.InitDatanodeState (InitDatanodeState.java:persistContainerDatanodeDetails(140)) - DatanodeDetails is persisted to /workdir/hadoop-ozone/tools/target/test-dir/MiniOzoneClusterImpl-6e227885-a821-486c-968a-17dd64ddd23b/datanode-2/meta/datanode.id
2019-11-13 00:26:04,593 [main] INFO  ozone.MiniOzoneClusterImpl (MiniOzoneClusterImpl.java:lambda$waitForClusterToBeReady$2(171)) - Waiting for cluster to be ready. Got 0 of 3 DN Heartbeats.
2019-11-13 00:26:05,489 [Datanode State Machine Thread - 0] INFO  ozoneimpl.OzoneContainer (OzoneContainer.java:start(230)) - Attempting to start container services.
2019-11-13 00:26:05,492 [Datanode State Machine Thread - 0] INFO  ozoneimpl.OzoneContainer (OzoneContainer.java:startContainerScrub(194)) - Background container scanner has been disabled.
2019-11-13 00:26:05,492 [Datanode State Machine Thread - 0] INFO  ratis.XceiverServerRatis (XceiverServerRatis.java:start(421)) - Starting XceiverServerRatis 3a90a425-9eed-407b-8462-185910563181 at port 0
2019-11-13 00:26:05,521 [Datanode State Machine Thread - 0] INFO  ozoneimpl.OzoneContainer (OzoneContainer.java:start(230)) - Attempting to start container services.
2019-11-13 00:26:05,527 [Datanode State Machine Thread - 0] INFO  ozoneimpl.OzoneContainer (OzoneContainer.java:startContainerScrub(194)) - Background container scanner has been disabled.
2019-11-13 00:26:05,527 [Datanode State Machine Thread - 0] INFO  ratis.XceiverServerRatis (XceiverServerRatis.java:start(421)) - Starting XceiverServerRatis a98aee70-7acb-44b6-bef9-b88ed89af27b at port 0
2019-11-13 00:26:05,528 [Datanode State Machine Thread - 0] INFO  impl.RaftServerProxy (RaftServerProxy.java:lambda$start$3(299)) - 3a90a425-9eed-407b-8462-185910563181: start RPC server
2019-11-13 00:26:05,538 [Datanode State Machine Thread - 0] INFO  impl.RaftServerProxy (RaftServerProxy.java:lambda$start$3(299)) - a98aee70-7acb-44b6-bef9-b88ed89af27b: start RPC server
2019-11-13 00:26:05,594 [main] INFO  ozone.MiniOzoneClusterImpl (MiniOzoneClusterImpl.java:lambda$waitForClusterToBeReady$2(171)) - Waiting for cluster to be ready. Got 0 of 3 DN Heartbeats.
2019-11-13 00:26:05,610 [Datanode State Machine Thread - 0] INFO  ozoneimpl.OzoneContainer (OzoneContainer.java:start(230)) - Attempting to start container services.
2019-11-13 00:26:05,612 [Datanode State Machine Thread - 0] INFO  ozoneimpl.OzoneContainer (OzoneContainer.java:startContainerScrub(194)) - Background container scanner has been disabled.
2019-11-13 00:26:05,612 [Datanode State Machine Thread - 0] INFO  ratis.XceiverServerRatis (XceiverServerRatis.java:start(421)) - Starting XceiverServerRatis 2b77e794-d932-4db8-b050-374a0d299f29 at port 0
2019-11-13 00:26:05,623 [Datanode State Machine Thread - 0] INFO  impl.RaftServerProxy (RaftServerProxy.java:lambda$start$3(299)) - 2b77e794-d932-4db8-b050-374a0d299f29: start RPC server
2019-11-13 00:26:05,669 [Datanode State Machine Thread - 0] INFO  server.GrpcService (GrpcService.java:startImpl(158)) - 3a90a425-9eed-407b-8462-185910563181: GrpcService started, listening on 0.0.0.0/0.0.0.0:46749
2019-11-13 00:26:05,669 [Datanode State Machine Thread - 0] INFO  server.GrpcService (GrpcService.java:startImpl(158)) - 2b77e794-d932-4db8-b050-374a0d299f29: GrpcService started, listening on 0.0.0.0/0.0.0.0:43659
2019-11-13 00:26:05,669 [Datanode State Machine Thread - 0] INFO  server.GrpcService (GrpcService.java:startImpl(158)) - a98aee70-7acb-44b6-bef9-b88ed89af27b: GrpcService started, listening on 0.0.0.0/0.0.0.0:41138
2019-11-13 00:26:05,670 [Datanode State Machine Thread - 0] INFO  ratis.XceiverServerRatis (XceiverServerRatis.java:start(431)) - XceiverServerRatis 2b77e794-d932-4db8-b050-374a0d299f29 is started using port 43659
2019-11-13 00:26:05,670 [Datanode State Machine Thread - 0] INFO  ratis.XceiverServerRatis (XceiverServerRatis.java:start(431)) - XceiverServerRatis 3a90a425-9eed-407b-8462-185910563181 is started using port 46749
2019-11-13 00:26:05,670 [Datanode State Machine Thread - 0] INFO  ratis.XceiverServerRatis (XceiverServerRatis.java:start(431)) - XceiverServerRatis a98aee70-7acb-44b6-bef9-b88ed89af27b is started using port 41138
2019-11-13 00:26:05,676 [Datanode State Machine Thread - 0] INFO  server.XceiverServerGrpc (XceiverServerGrpc.java:start(145)) - XceiverServerGrpc a98aee70-7acb-44b6-bef9-b88ed89af27b is started using port 43407
2019-11-13 00:26:05,676 [Datanode State Machine Thread - 0] INFO  server.XceiverServerGrpc (XceiverServerGrpc.java:start(145)) - XceiverServerGrpc 2b77e794-d932-4db8-b050-374a0d299f29 is started using port 36287
2019-11-13 00:26:05,676 [Datanode State Machine Thread - 0] INFO  server.XceiverServerGrpc (XceiverServerGrpc.java:start(145)) - XceiverServerGrpc 3a90a425-9eed-407b-8462-185910563181 is started using port 35057
2019-11-13 00:26:06,594 [main] INFO  ozone.MiniOzoneClusterImpl (MiniOzoneClusterImpl.java:lambda$waitForClusterToBeReady$2(171)) - Waiting for cluster to be ready. Got 0 of 3 DN Heartbeats.
2019-11-13 00:26:07,437 [IPC Server handler 0 on 37447] INFO  net.NetworkTopology (NetworkTopologyImpl.java:add(111)) - Added a new node: /default-rack/3a90a425-9eed-407b-8462-185910563181
2019-11-13 00:26:07,438 [IPC Server handler 0 on 37447] INFO  node.SCMNodeManager (SCMNodeManager.java:register(267)) - Registered Data node : 3a90a425-9eed-407b-8462-185910563181{ip: 192.168.164.236, host: pr-hdds-2375-hvwjp-2869937553, networkLocation: /default-rack, certSerialId: null}
2019-11-13 00:26:07,441 [EventQueue-NodeRegistrationContainerReportForDataNodeSafeModeRule] INFO  safemode.SCMSafeModeManager (DataNodeSafeModeRule.java:process(71)) - SCM in safe mode. 1 DataNodes registered, 1 required.
2019-11-13 00:26:07,442 [EventQueue-NodeRegistrationContainerReportForDataNodeSafeModeRule] INFO  safemode.SCMSafeModeManager (SCMSafeModeManager.java:validateSafeModeExitRules(177)) - ScmSafeModeManager, all rules are successfully validated
2019-11-13 00:26:07,442 [EventQueue-NodeRegistrationContainerReportForDataNodeSafeModeRule] INFO  safemode.SCMSafeModeManager (SCMSafeModeManager.java:exitSafeMode(193)) - SCM exiting safe mode.
2019-11-13 00:26:07,502 [IPC Server handler 1 on 37447] INFO  net.NetworkTopology (NetworkTopologyImpl.java:add(111)) - Added a new node: /default-rack/a98aee70-7acb-44b6-bef9-b88ed89af27b
2019-11-13 00:26:07,503 [IPC Server handler 1 on 37447] INFO  node.SCMNodeManager (SCMNodeManager.java:register(267)) - Registered Data node : a98aee70-7acb-44b6-bef9-b88ed89af27b{ip: 192.168.164.236, host: pr-hdds-2375-hvwjp-2869937553, networkLocation: /default-rack, certSerialId: null}
2019-11-13 00:26:07,597 [IPC Server handler 3 on 37447] INFO  net.NetworkTopology (NetworkTopologyImpl.java:add(111)) - Added a new node: /default-rack/2b77e794-d932-4db8-b050-374a0d299f29
2019-11-13 00:26:07,597 [IPC Server handler 3 on 37447] INFO  node.SCMNodeManager (SCMNodeManager.java:register(267)) - Registered Data node : 2b77e794-d932-4db8-b050-374a0d299f29{ip: 192.168.164.236, host: pr-hdds-2375-hvwjp-2869937553, networkLocation: /default-rack, certSerialId: null}
2019-11-13 00:26:07,946 [grpc-default-executor-0] INFO  impl.RaftServerProxy (RaftServerProxy.java:addNew(89)) - 3a90a425-9eed-407b-8462-185910563181: addNew group-995C99BF91CE:[3a90a425-9eed-407b-8462-185910563181:192.168.164.236:46749] returns group-995C99BF91CE:java.util.concurrent.CompletableFuture@3ac439f4[Not completed]
2019-11-13 00:26:07,960 [pool-27-thread-1] INFO  impl.RaftServerImpl (RaftServerImpl.java:<init>(98)) - 3a90a425-9eed-407b-8462-185910563181: new RaftServerImpl for group-995C99BF91CE:[3a90a425-9eed-407b-8462-185910563181:192.168.164.236:46749] with ContainerStateMachine:uninitialized
2019-11-13 00:26:07,963 [pool-27-thread-1] INFO  server.RaftServerConfigKeys (ConfUtils.java:logGet(43)) - raft.server.rpc.timeout.min = 5s (custom)
2019-11-13 00:26:07,964 [pool-27-thread-1] INFO  server.RaftServerConfigKeys (ConfUtils.java:logGet(43)) - raft.server.rpc.timeout.max = 5200ms (custom)
2019-11-13 00:26:07,964 [pool-27-thread-1] INFO  server.RaftServerConfigKeys (ConfUtils.java:logGet(43)) - raft.server.rpcslowness.timeout = 120s (custom)
2019-11-13 00:26:07,964 [pool-27-thread-1] INFO  server.RaftServerConfigKeys (ConfUtils.java:logGet(43)) - raft.server.sleep.deviation.threshold = 300 (default)
2019-11-13 00:26:07,965 [pool-27-thread-1] INFO  server.RaftServerConfigKeys (ConfUtils.java:logGet(43)) - raft.server.log.appender.install.snapshot.enabled = false (custom)
2019-11-13 00:26:07,974 [pool-27-thread-1] INFO  impl.RaftServerImpl (ServerState.java:<init>(103)) - 3a90a425-9eed-407b-8462-185910563181@group-995C99BF91CE: ConfigurationManager, init=-1: [3a90a425-9eed-407b-8462-185910563181:192.168.164.236:46749], old=null, confs=<EMPTY_MAP>
2019-11-13 00:26:07,974 [pool-27-thread-1] INFO  server.RaftServerConfigKeys (ConfUtils.java:logGet(43)) - raft.server.storage.dir = [/workdir/hadoop-ozone/tools/target/test-dir/MiniOzoneClusterImpl-6e227885-a821-486c-968a-17dd64ddd23b/datanode-0/data/ratis] (custom)
2019-11-13 00:26:07,980 [pool-27-thread-1] INFO  server.RaftServerConfigKeys (ConfUtils.java:logGet(43)) - raft.server.log.corruption.policy = EXCEPTION (default)
2019-11-13 00:26:07,982 [pool-27-thread-1] INFO  storage.RaftStorageDirectory (RaftStorageDirectory.java:analyzeStorage(246)) - The storage directory /workdir/hadoop-ozone/tools/target/test-dir/MiniOzoneClusterImpl-6e227885-a821-486c-968a-17dd64ddd23b/datanode-0/data/ratis/64f874de-7e10-4495-8649-995c99bf91ce does not exist. Creating ...
2019-11-13 00:26:08,000 [pool-27-thread-1] INFO  storage.RaftStorageDirectory (RaftStorageDirectory.java:tryLock(328)) - Lock on /workdir/hadoop-ozone/tools/target/test-dir/MiniOzoneClusterImpl-6e227885-a821-486c-968a-17dd64ddd23b/datanode-0/data/ratis/64f874de-7e10-4495-8649-995c99bf91ce/in_use.lock acquired by nodename 24215@pr-hdds-2375-hvwjp-2869937553
2019-11-13 00:26:08,015 [pool-27-thread-1] INFO  storage.RaftStorage (RaftStorage.java:format(84)) - Storage directory /workdir/hadoop-ozone/tools/target/test-dir/MiniOzoneClusterImpl-6e227885-a821-486c-968a-17dd64ddd23b/datanode-0/data/ratis/64f874de-7e10-4495-8649-995c99bf91ce has been successfully formatted.
2019-11-13 00:26:08,017 [pool-27-thread-1] INFO  ratis.ContainerStateMachine (ContainerStateMachine.java:loadSnapshot(223)) - group-995C99BF91CE: The snapshot info is null. Setting the last applied indexto:(t:0, i:~)
2019-11-13 00:26:08,018 [pool-27-thread-1] INFO  server.RaftServerConfigKeys (ConfUtils.java:logGet(43)) - raft.server.notification.no-leader.timeout = 120s (custom)
2019-11-13 00:26:08,019 [pool-27-thread-1] INFO  server.RaftServerConfigKeys (ConfUtils.java:logGet(43)) - raft.server.log.use.memory = false (default)
2019-11-13 00:26:08,025 [pool-27-thread-1] INFO  server.RaftServerConfigKeys (ConfUtils.java:logGet(43)) - raft.server.log.purge.gap = 1000000 (custom)
2019-11-13 00:26:08,025 [pool-27-thread-1] INFO  server.RaftServerConfigKeys (ConfUtils.java:logGet(43)) - raft.server.log.appender.buffer.byte-limit = 33554432 (custom)
2019-11-13 00:26:08,027 [pool-27-thread-1] INFO  server.RaftServerConfigKeys (ConfUtils.java:logGet(43)) - raft.server.log.segment.size.max = 1048576 (custom)
2019-11-13 00:26:08,032 [pool-27-thread-1] INFO  metrics.MetricRegistries (MetricRegistriesLoader.java:load(64)) - Loaded MetricRegistries class org.apache.ratis.metrics.impl.MetricRegistriesImpl
2019-11-13 00:26:08,036 [pool-27-thread-1] WARN  impl.MetricRegistriesImpl (MetricRegistriesImpl.java:lambda$create$1(61)) - First MetricRegistry has been created without registering reporters. You may need to call MetricRegistries.global().addReportRegistration(...) before.
2019-11-13 00:26:08,041 [pool-27-thread-1] INFO  server.RaftServerConfigKeys (ConfUtils.java:logGet(43)) - raft.server.log.segment.cache.num.max = 2 (custom)
2019-11-13 00:26:08,046 [pool-27-thread-1] INFO  segmented.SegmentedRaftLogWorker (SegmentedRaftLogWorker.java:<init>(173)) - new 3a90a425-9eed-407b-8462-185910563181@group-995C99BF91CE-SegmentedRaftLogWorker for RaftStorage:Storage Directory /workdir/hadoop-ozone/tools/target/test-dir/MiniOzoneClusterImpl-6e227885-a821-486c-968a-17dd64ddd23b/datanode-0/data/ratis/64f874de-7e10-4495-8649-995c99bf91ce
2019-11-13 00:26:08,047 [pool-27-thread-1] INFO  server.RaftServerConfigKeys (ConfUtils.java:logGet(43)) - raft.server.log.queue.byte-limit = 2147483647 (custom)
2019-11-13 00:26:08,047 [pool-27-thread-1] INFO  server.RaftServerConfigKeys (ConfUtils.java:logGet(43)) - raft.server.log.queue.element-limit = 1024 (custom)
2019-11-13 00:26:08,048 [pool-27-thread-1] INFO  server.RaftServerConfigKeys (ConfUtils.java:logGet(43)) - raft.server.log.segment.size.max = 1048576 (custom)
2019-11-13 00:26:08,049 [pool-27-thread-1] INFO  server.RaftServerConfigKeys (ConfUtils.java:logGet(43)) - raft.server.log.preallocated.size = 16384 (custom)
2019-11-13 00:26:08,049 [pool-27-thread-1] INFO  server.RaftServerConfigKeys (ConfUtils.java:logGet(43)) - raft.server.log.write.buffer.size = 33554432 (custom)
2019-11-13 00:26:08,049 [pool-27-thread-1] INFO  server.RaftServerConfigKeys (ConfUtils.java:logGet(43)) - raft.server.log.force.sync.num = 128 (default)
2019-11-13 00:26:08,050 [pool-27-thread-1] INFO  server.RaftServerConfigKeys (ConfUtils.java:logGet(43)) - raft.server.log.statemachine.data.sync = true (default)
2019-11-13 00:26:08,051 [pool-27-thread-1] INFO  server.RaftServerConfigKeys (ConfUtils.java:logGet(43)) - raft.server.log.statemachine.data.sync.timeout = 10s (default)
2019-11-13 00:26:08,051 [pool-27-thread-1] INFO  server.RaftServerConfigKeys (ConfUtils.java:logGet(43)) - raft.server.log.statemachine.data.sync.timeout.retry = -1 (default)
2019-11-13 00:26:08,062 [pool-27-thread-1] INFO  server.RaftServerConfigKeys (ConfUtils.java:logGet(43)) - raft.server.log.statemachine.data.caching.enabled = true (custom)
2019-11-13 00:26:08,066 [pool-27-thread-1] INFO  segmented.SegmentedRaftLogWorker (SegmentedRaftLogWorker.java:lambda$new$0(128)) - 3a90a425-9eed-407b-8462-185910563181@group-995C99BF91CE-SegmentedRaftLogWorker: flushIndex: setUnconditionally 0 -> -1
2019-11-13 00:26:08,070 [pool-27-thread-1] INFO  server.RaftServerConfigKeys (ConfUtils.java:logGet(43)) - raft.server.snapshot.auto.trigger.enabled = true (custom)
2019-11-13 00:26:08,071 [pool-27-thread-1] INFO  server.RaftServerConfigKeys (ConfUtils.java:logGet(43)) - raft.server.snapshot.auto.trigger.threshold = 10000 (custom)
2019-11-13 00:26:08,072 [pool-27-thread-1] INFO  server.RaftServerConfigKeys (ConfUtils.java:logGet(43)) - raft.server.snapshot.retention.file.num = 5 (custom)
2019-11-13 00:26:08,072 [pool-27-thread-1] INFO  server.RaftServerConfigKeys (ConfUtils.java:logGet(43)) - raft.server.retrycache.expirytime = 600000ms (custom)
2019-11-13 00:26:08,090 [pool-27-thread-1] WARN  impl.MetricRegistriesImpl (MetricRegistriesImpl.java:lambda$create$1(61)) - First MetricRegistry has been created without registering reporters. You may need to call MetricRegistries.global().addReportRegistration(...) before.
2019-11-13 00:26:08,091 [pool-27-thread-1] WARN  impl.MetricRegistriesImpl (MetricRegistriesImpl.java:lambda$create$1(61)) - First MetricRegistry has been created without registering reporters. You may need to call MetricRegistries.global().addReportRegistration(...) before.
2019-11-13 00:26:08,093 [pool-27-thread-1] INFO  impl.RaftServerImpl (RaftServerImpl.java:start(184)) - 3a90a425-9eed-407b-8462-185910563181@group-995C99BF91CE: start as a follower, conf=-1: [3a90a425-9eed-407b-8462-185910563181:192.168.164.236:46749], old=null
2019-11-13 00:26:08,094 [pool-27-thread-1] INFO  impl.RaftServerImpl (RaftServerImpl.java:setRole(173)) - 3a90a425-9eed-407b-8462-185910563181@group-995C99BF91CE: changes role from      null to FOLLOWER at term 0 for startAsFollower
2019-11-13 00:26:08,095 [pool-27-thread-1] INFO  impl.RoleInfo (RoleInfo.java:updateAndGet(143)) - 3a90a425-9eed-407b-8462-185910563181: start FollowerState
2019-11-13 00:26:08,097 [pool-27-thread-1] INFO  util.JmxRegister (JmxRegister.java:tryRegister(44)) - Successfully registered JMX Bean with object name Ratis:service=RaftServer,group=group-995C99BF91CE,id=3a90a425-9eed-407b-8462-185910563181
2019-11-13 00:26:08,098 [pool-27-thread-1] WARN  impl.MetricRegistriesImpl (MetricRegistriesImpl.java:lambda$create$1(61)) - First MetricRegistry has been created without registering reporters. You may need to call MetricRegistries.global().addReportRegistration(...) before.
2019-11-13 00:26:08,161 [RatisPipelineUtilsThread] INFO  pipeline.PipelineStateManager (PipelineStateManager.java:addPipeline(55)) - Created pipeline Pipeline[ Id: 64f874de-7e10-4495-8649-995c99bf91ce, Nodes: 3a90a425-9eed-407b-8462-185910563181{ip: 192.168.164.236, host: pr-hdds-2375-hvwjp-2869937553, networkLocation: /default-rack, certSerialId: null}, Type:RATIS, Factor:ONE, State:ALLOCATED]
2019-11-13 00:26:08,180 [grpc-default-executor-0] INFO  impl.RaftServerProxy (RaftServerProxy.java:addNew(89)) - a98aee70-7acb-44b6-bef9-b88ed89af27b: addNew group-E8755A5C0472:[a98aee70-7acb-44b6-bef9-b88ed89af27b:192.168.164.236:41138] returns group-E8755A5C0472:java.util.concurrent.CompletableFuture@216b8497[Not completed]
2019-11-13 00:26:08,204 [pool-37-thread-1] INFO  impl.RaftServerImpl (RaftServerImpl.java:<init>(98)) - a98aee70-7acb-44b6-bef9-b88ed89af27b: new RaftServerImpl for group-E8755A5C0472:[a98aee70-7acb-44b6-bef9-b88ed89af27b:192.168.164.236:41138] with ContainerStateMachine:uninitialized
2019-11-13 00:26:08,206 [pool-37-thread-1] INFO  server.RaftServerConfigKeys (ConfUtils.java:logGet(43)) - raft.server.rpc.timeout.min = 5s (custom)
2019-11-13 00:26:08,206 [pool-37-thread-1] INFO  server.RaftServerConfigKeys (ConfUtils.java:logGet(43)) - raft.server.rpc.timeout.max = 5200ms (custom)
2019-11-13 00:26:08,206 [pool-37-thread-1] INFO  server.RaftServerConfigKeys (ConfUtils.java:logGet(43)) - raft.server.rpcslowness.timeout = 120s (custom)
2019-11-13 00:26:08,206 [pool-37-thread-1] INFO  server.RaftServerConfigKeys (ConfUtils.java:logGet(43)) - raft.server.sleep.deviation.threshold = 300 (default)
2019-11-13 00:26:08,206 [pool-37-thread-1] INFO  server.RaftServerConfigKeys (ConfUtils.java:logGet(43)) - raft.server.log.appender.install.snapshot.enabled = false (custom)
2019-11-13 00:26:08,207 [pool-37-thread-1] INFO  impl.RaftServerImpl (ServerState.java:<init>(103)) - a98aee70-7acb-44b6-bef9-b88ed89af27b@group-E8755A5C0472: ConfigurationManager, init=-1: [a98aee70-7acb-44b6-bef9-b88ed89af27b:192.168.164.236:41138], old=null, confs=<EMPTY_MAP>
2019-11-13 00:26:08,207 [pool-37-thread-1] INFO  server.RaftServerConfigKeys (ConfUtils.java:logGet(43)) - raft.server.storage.dir = [/workdir/hadoop-ozone/tools/target/test-dir/MiniOzoneClusterImpl-6e227885-a821-486c-968a-17dd64ddd23b/datanode-1/data/ratis] (custom)
2019-11-13 00:26:08,207 [pool-37-thread-1] INFO  server.RaftServerConfigKeys (ConfUtils.java:logGet(43)) - raft.server.log.corruption.policy = EXCEPTION (default)
2019-11-13 00:26:08,208 [pool-37-thread-1] INFO  storage.RaftStorageDirectory (RaftStorageDirectory.java:analyzeStorage(246)) - The storage directory /workdir/hadoop-ozone/tools/target/test-dir/MiniOzoneClusterImpl-6e227885-a821-486c-968a-17dd64ddd23b/datanode-1/data/ratis/bb77ad6f-6b53-455d-80bb-e8755a5c0472 does not exist. Creating ...
2019-11-13 00:26:08,221 [pool-37-thread-1] INFO  storage.RaftStorageDirectory (RaftStorageDirectory.java:tryLock(328)) - Lock on /workdir/hadoop-ozone/tools/target/test-dir/MiniOzoneClusterImpl-6e227885-a821-486c-968a-17dd64ddd23b/datanode-1/data/ratis/bb77ad6f-6b53-455d-80bb-e8755a5c0472/in_use.lock acquired by nodename 24215@pr-hdds-2375-hvwjp-2869937553
2019-11-13 00:26:08,234 [pool-37-thread-1] INFO  storage.RaftStorage (RaftStorage.java:format(84)) - Storage directory /workdir/hadoop-ozone/tools/target/test-dir/MiniOzoneClusterImpl-6e227885-a821-486c-968a-17dd64ddd23b/datanode-1/data/ratis/bb77ad6f-6b53-455d-80bb-e8755a5c0472 has been successfully formatted.
2019-11-13 00:26:08,235 [pool-37-thread-1] INFO  ratis.ContainerStateMachine (ContainerStateMachine.java:loadSnapshot(223)) - group-E8755A5C0472: The snapshot info is null. Setting the last applied indexto:(t:0, i:~)
2019-11-13 00:26:08,236 [pool-37-thread-1] INFO  server.RaftServerConfigKeys (ConfUtils.java:logGet(43)) - raft.server.notification.no-leader.timeout = 120s (custom)
2019-11-13 00:26:08,236 [pool-37-thread-1] INFO  server.RaftServerConfigKeys (ConfUtils.java:logGet(43)) - raft.server.log.use.memory = false (default)
2019-11-13 00:26:08,237 [pool-37-thread-1] INFO  server.RaftServerConfigKeys (ConfUtils.java:logGet(43)) - raft.server.log.purge.gap = 1000000 (custom)
2019-11-13 00:26:08,237 [pool-37-thread-1] INFO  server.RaftServerConfigKeys (ConfUtils.java:logGet(43)) - raft.server.log.appender.buffer.byte-limit = 33554432 (custom)
2019-11-13 00:26:08,237 [pool-37-thread-1] INFO  server.RaftServerConfigKeys (ConfUtils.java:logGet(43)) - raft.server.log.segment.size.max = 1048576 (custom)
2019-11-13 00:26:08,237 [pool-37-thread-1] WARN  impl.MetricRegistriesImpl (MetricRegistriesImpl.java:lambda$create$1(61)) - First MetricRegistry has been created without registering reporters. You may need to call MetricRegistries.global().addReportRegistration(...) before.
2019-11-13 00:26:08,238 [pool-37-thread-1] INFO  server.RaftServerConfigKeys (ConfUtils.java:logGet(43)) - raft.server.log.segment.cache.num.max = 2 (custom)
2019-11-13 00:26:08,238 [pool-37-thread-1] INFO  segmented.SegmentedRaftLogWorker (SegmentedRaftLogWorker.java:<init>(173)) - new a98aee70-7acb-44b6-bef9-b88ed89af27b@group-E8755A5C0472-SegmentedRaftLogWorker for RaftStorage:Storage Directory /workdir/hadoop-ozone/tools/target/test-dir/MiniOzoneClusterImpl-6e227885-a821-486c-968a-17dd64ddd23b/datanode-1/data/ratis/bb77ad6f-6b53-455d-80bb-e8755a5c0472
2019-11-13 00:26:08,239 [pool-37-thread-1] INFO  server.RaftServerConfigKeys (ConfUtils.java:logGet(43)) - raft.server.log.queue.byte-limit = 2147483647 (custom)
2019-11-13 00:26:08,239 [pool-37-thread-1] INFO  server.RaftServerConfigKeys (ConfUtils.java:logGet(43)) - raft.server.log.queue.element-limit = 1024 (custom)
2019-11-13 00:26:08,239 [pool-37-thread-1] INFO  server.RaftServerConfigKeys (ConfUtils.java:logGet(43)) - raft.server.log.segment.size.max = 1048576 (custom)
2019-11-13 00:26:08,239 [pool-37-thread-1] INFO  server.RaftServerConfigKeys (ConfUtils.java:logGet(43)) - raft.server.log.preallocated.size = 16384 (custom)
2019-11-13 00:26:08,240 [pool-37-thread-1] INFO  server.RaftServerConfigKeys (ConfUtils.java:logGet(43)) - raft.server.log.write.buffer.size = 33554432 (custom)
2019-11-13 00:26:08,240 [pool-37-thread-1] INFO  server.RaftServerConfigKeys (ConfUtils.java:logGet(43)) - raft.server.log.force.sync.num = 128 (default)
2019-11-13 00:26:08,240 [pool-37-thread-1] INFO  server.RaftServerConfigKeys (ConfUtils.java:logGet(43)) - raft.server.log.statemachine.data.sync = true (default)
2019-11-13 00:26:08,240 [pool-37-thread-1] INFO  server.RaftServerConfigKeys (ConfUtils.java:logGet(43)) - raft.server.log.statemachine.data.sync.timeout = 10s (default)
2019-11-13 00:26:08,240 [pool-37-thread-1] INFO  server.RaftServerConfigKeys (ConfUtils.java:logGet(43)) - raft.server.log.statemachine.data.sync.timeout.retry = -1 (default)
2019-11-13 00:26:08,241 [pool-37-thread-1] INFO  server.RaftServerConfigKeys (ConfUtils.java:logGet(43)) - raft.server.log.statemachine.data.caching.enabled = true (custom)
2019-11-13 00:26:08,241 [pool-37-thread-1] INFO  segmented.SegmentedRaftLogWorker (SegmentedRaftLogWorker.java:lambda$new$0(128)) - a98aee70-7acb-44b6-bef9-b88ed89af27b@group-E8755A5C0472-SegmentedRaftLogWorker: flushIndex: setUnconditionally 0 -> -1
2019-11-13 00:26:08,241 [pool-37-thread-1] INFO  server.RaftServerConfigKeys (ConfUtils.java:logGet(43)) - raft.server.snapshot.auto.trigger.enabled = true (custom)
2019-11-13 00:26:08,241 [pool-37-thread-1] INFO  server.RaftServerConfigKeys (ConfUtils.java:logGet(43)) - raft.server.snapshot.auto.trigger.threshold = 10000 (custom)
2019-11-13 00:26:08,242 [pool-37-thread-1] INFO  server.RaftServerConfigKeys (ConfUtils.java:logGet(43)) - raft.server.snapshot.retention.file.num = 5 (custom)
2019-11-13 00:26:08,242 [pool-37-thread-1] INFO  server.RaftServerConfigKeys (ConfUtils.java:logGet(43)) - raft.server.retrycache.expirytime = 600000ms (custom)
2019-11-13 00:26:08,242 [pool-37-thread-1] WARN  impl.MetricRegistriesImpl (MetricRegistriesImpl.java:lambda$create$1(61)) - First MetricRegistry has been created without registering reporters. You may need to call MetricRegistries.global().addReportRegistration(...) before.
2019-11-13 00:26:08,242 [pool-37-thread-1] WARN  impl.MetricRegistriesImpl (MetricRegistriesImpl.java:lambda$create$1(61)) - First MetricRegistry has been created without registering reporters. You may need to call MetricRegistries.global().addReportRegistration(...) before.
2019-11-13 00:26:08,242 [pool-37-thread-1] INFO  impl.RaftServerImpl (RaftServerImpl.java:start(184)) - a98aee70-7acb-44b6-bef9-b88ed89af27b@group-E8755A5C0472: start as a follower, conf=-1: [a98aee70-7acb-44b6-bef9-b88ed89af27b:192.168.164.236:41138], old=null
2019-11-13 00:26:08,243 [pool-37-thread-1] INFO  impl.RaftServerImpl (RaftServerImpl.java:setRole(173)) - a98aee70-7acb-44b6-bef9-b88ed89af27b@group-E8755A5C0472: changes role from      null to FOLLOWER at term 0 for startAsFollower
2019-11-13 00:26:08,243 [pool-37-thread-1] INFO  impl.RoleInfo (RoleInfo.java:updateAndGet(143)) - a98aee70-7acb-44b6-bef9-b88ed89af27b: start FollowerState
2019-11-13 00:26:08,244 [pool-37-thread-1] INFO  util.JmxRegister (JmxRegister.java:tryRegister(44)) - Successfully registered JMX Bean with object name Ratis:service=RaftServer,group=group-E8755A5C0472,id=a98aee70-7acb-44b6-bef9-b88ed89af27b
2019-11-13 00:26:08,244 [pool-37-thread-1] WARN  impl.MetricRegistriesImpl (MetricRegistriesImpl.java:lambda$create$1(61)) - First MetricRegistry has been created without registering reporters. You may need to call MetricRegistries.global().addReportRegistration(...) before.
2019-11-13 00:26:08,257 [RatisPipelineUtilsThread] INFO  pipeline.PipelineStateManager (PipelineStateManager.java:addPipeline(55)) - Created pipeline Pipeline[ Id: bb77ad6f-6b53-455d-80bb-e8755a5c0472, Nodes: a98aee70-7acb-44b6-bef9-b88ed89af27b{ip: 192.168.164.236, host: pr-hdds-2375-hvwjp-2869937553, networkLocation: /default-rack, certSerialId: null}, Type:RATIS, Factor:ONE, State:ALLOCATED]
2019-11-13 00:26:08,275 [grpc-default-executor-0] INFO  impl.RaftServerProxy (RaftServerProxy.java:addNew(89)) - 2b77e794-d932-4db8-b050-374a0d299f29: addNew group-B23A9CE3585D:[2b77e794-d932-4db8-b050-374a0d299f29:192.168.164.236:43659] returns group-B23A9CE3585D:java.util.concurrent.CompletableFuture@6e8e3285[Not completed]
2019-11-13 00:26:08,292 [pool-47-thread-1] INFO  impl.RaftServerImpl (RaftServerImpl.java:<init>(98)) - 2b77e794-d932-4db8-b050-374a0d299f29: new RaftServerImpl for group-B23A9CE3585D:[2b77e794-d932-4db8-b050-374a0d299f29:192.168.164.236:43659] with ContainerStateMachine:uninitialized
2019-11-13 00:26:08,293 [pool-47-thread-1] INFO  server.RaftServerConfigKeys (ConfUtils.java:logGet(43)) - raft.server.rpc.timeout.min = 5s (custom)
2019-11-13 00:26:08,293 [pool-47-thread-1] INFO  server.RaftServerConfigKeys (ConfUtils.java:logGet(43)) - raft.server.rpc.timeout.max = 5200ms (custom)
2019-11-13 00:26:08,293 [pool-47-thread-1] INFO  server.RaftServerConfigKeys (ConfUtils.java:logGet(43)) - raft.server.rpcslowness.timeout = 120s (custom)
2019-11-13 00:26:08,293 [pool-47-thread-1] INFO  server.RaftServerConfigKeys (ConfUtils.java:logGet(43)) - raft.server.sleep.deviation.threshold = 300 (default)
2019-11-13 00:26:08,294 [pool-47-thread-1] INFO  server.RaftServerConfigKeys (ConfUtils.java:logGet(43)) - raft.server.log.appender.install.snapshot.enabled = false (custom)
2019-11-13 00:26:08,294 [pool-47-thread-1] INFO  impl.RaftServerImpl (ServerState.java:<init>(103)) - 2b77e794-d932-4db8-b050-374a0d299f29@group-B23A9CE3585D: ConfigurationManager, init=-1: [2b77e794-d932-4db8-b050-374a0d299f29:192.168.164.236:43659], old=null, confs=<EMPTY_MAP>
2019-11-13 00:26:08,294 [pool-47-thread-1] INFO  server.RaftServerConfigKeys (ConfUtils.java:logGet(43)) - raft.server.storage.dir = [/workdir/hadoop-ozone/tools/target/test-dir/MiniOzoneClusterImpl-6e227885-a821-486c-968a-17dd64ddd23b/datanode-2/data/ratis] (custom)
2019-11-13 00:26:08,295 [pool-47-thread-1] INFO  server.RaftServerConfigKeys (ConfUtils.java:logGet(43)) - raft.server.log.corruption.policy = EXCEPTION (default)
2019-11-13 00:26:08,295 [pool-47-thread-1] INFO  storage.RaftStorageDirectory (RaftStorageDirectory.java:analyzeStorage(246)) - The storage directory /workdir/hadoop-ozone/tools/target/test-dir/MiniOzoneClusterImpl-6e227885-a821-486c-968a-17dd64ddd23b/datanode-2/data/ratis/1168ccc9-8d88-45d8-a9bf-b23a9ce3585d does not exist. Creating ...
2019-11-13 00:26:08,308 [pool-47-thread-1] INFO  storage.RaftStorageDirectory (RaftStorageDirectory.java:tryLock(328)) - Lock on /workdir/hadoop-ozone/tools/target/test-dir/MiniOzoneClusterImpl-6e227885-a821-486c-968a-17dd64ddd23b/datanode-2/data/ratis/1168ccc9-8d88-45d8-a9bf-b23a9ce3585d/in_use.lock acquired by nodename 24215@pr-hdds-2375-hvwjp-2869937553
2019-11-13 00:26:08,326 [pool-47-thread-1] INFO  storage.RaftStorage (RaftStorage.java:format(84)) - Storage directory /workdir/hadoop-ozone/tools/target/test-dir/MiniOzoneClusterImpl-6e227885-a821-486c-968a-17dd64ddd23b/datanode-2/data/ratis/1168ccc9-8d88-45d8-a9bf-b23a9ce3585d has been successfully formatted.
2019-11-13 00:26:08,326 [pool-47-thread-1] INFO  ratis.ContainerStateMachine (ContainerStateMachine.java:loadSnapshot(223)) - group-B23A9CE3585D: The snapshot info is null. Setting the last applied indexto:(t:0, i:~)
2019-11-13 00:26:08,327 [pool-47-thread-1] INFO  server.RaftServerConfigKeys (ConfUtils.java:logGet(43)) - raft.server.notification.no-leader.timeout = 120s (custom)
2019-11-13 00:26:08,327 [pool-47-thread-1] INFO  server.RaftServerConfigKeys (ConfUtils.java:logGet(43)) - raft.server.log.use.memory = false (default)
2019-11-13 00:26:08,327 [pool-47-thread-1] INFO  server.RaftServerConfigKeys (ConfUtils.java:logGet(43)) - raft.server.log.purge.gap = 1000000 (custom)
2019-11-13 00:26:08,327 [pool-47-thread-1] INFO  server.RaftServerConfigKeys (ConfUtils.java:logGet(43)) - raft.server.log.appender.buffer.byte-limit = 33554432 (custom)
2019-11-13 00:26:08,328 [pool-47-thread-1] INFO  server.RaftServerConfigKeys (ConfUtils.java:logGet(43)) - raft.server.log.segment.size.max = 1048576 (custom)
2019-11-13 00:26:08,328 [pool-47-thread-1] WARN  impl.MetricRegistriesImpl (MetricRegistriesImpl.java:lambda$create$1(61)) - First MetricRegistry has been created without registering reporters. You may need to call MetricRegistries.global().addReportRegistration(...) before.
2019-11-13 00:26:08,328 [pool-47-thread-1] INFO  server.RaftServerConfigKeys (ConfUtils.java:logGet(43)) - raft.server.log.segment.cache.num.max = 2 (custom)
2019-11-13 00:26:08,328 [pool-47-thread-1] INFO  segmented.SegmentedRaftLogWorker (SegmentedRaftLogWorker.java:<init>(173)) - new 2b77e794-d932-4db8-b050-374a0d299f29@group-B23A9CE3585D-SegmentedRaftLogWorker for RaftStorage:Storage Directory /workdir/hadoop-ozone/tools/target/test-dir/MiniOzoneClusterImpl-6e227885-a821-486c-968a-17dd64ddd23b/datanode-2/data/ratis/1168ccc9-8d88-45d8-a9bf-b23a9ce3585d
2019-11-13 00:26:08,328 [pool-47-thread-1] INFO  server.RaftServerConfigKeys (ConfUtils.java:logGet(43)) - raft.server.log.queue.byte-limit = 2147483647 (custom)
2019-11-13 00:26:08,328 [pool-47-thread-1] INFO  server.RaftServerConfigKeys (ConfUtils.java:logGet(43)) - raft.server.log.queue.element-limit = 1024 (custom)
2019-11-13 00:26:08,329 [pool-47-thread-1] INFO  server.RaftServerConfigKeys (ConfUtils.java:logGet(43)) - raft.server.log.segment.size.max = 1048576 (custom)
2019-11-13 00:26:08,329 [pool-47-thread-1] INFO  server.RaftServerConfigKeys (ConfUtils.java:logGet(43)) - raft.server.log.preallocated.size = 16384 (custom)
2019-11-13 00:26:08,329 [pool-47-thread-1] INFO  server.RaftServerConfigKeys (ConfUtils.java:logGet(43)) - raft.server.log.write.buffer.size = 33554432 (custom)
2019-11-13 00:26:08,329 [pool-47-thread-1] INFO  server.RaftServerConfigKeys (ConfUtils.java:logGet(43)) - raft.server.log.force.sync.num = 128 (default)
2019-11-13 00:26:08,330 [pool-47-thread-1] INFO  server.RaftServerConfigKeys (ConfUtils.java:logGet(43)) - raft.server.log.statemachine.data.sync = true (default)
2019-11-13 00:26:08,330 [pool-47-thread-1] INFO  server.RaftServerConfigKeys (ConfUtils.java:logGet(43)) - raft.server.log.statemachine.data.sync.timeout = 10s (default)
2019-11-13 00:26:08,330 [pool-47-thread-1] INFO  server.RaftServerConfigKeys (ConfUtils.java:logGet(43)) - raft.server.log.statemachine.data.sync.timeout.retry = -1 (default)
2019-11-13 00:26:08,330 [pool-47-thread-1] INFO  server.RaftServerConfigKeys (ConfUtils.java:logGet(43)) - raft.server.log.statemachine.data.caching.enabled = true (custom)
2019-11-13 00:26:08,331 [pool-47-thread-1] INFO  segmented.SegmentedRaftLogWorker (SegmentedRaftLogWorker.java:lambda$new$0(128)) - 2b77e794-d932-4db8-b050-374a0d299f29@group-B23A9CE3585D-SegmentedRaftLogWorker: flushIndex: setUnconditionally 0 -> -1
2019-11-13 00:26:08,331 [pool-47-thread-1] INFO  server.RaftServerConfigKeys (ConfUtils.java:logGet(43)) - raft.server.snapshot.auto.trigger.enabled = true (custom)
2019-11-13 00:26:08,332 [pool-47-thread-1] INFO  server.RaftServerConfigKeys (ConfUtils.java:logGet(43)) - raft.server.snapshot.auto.trigger.threshold = 10000 (custom)
2019-11-13 00:26:08,332 [pool-47-thread-1] INFO  server.RaftServerConfigKeys (ConfUtils.java:logGet(43)) - raft.server.snapshot.retention.file.num = 5 (custom)
2019-11-13 00:26:08,332 [pool-47-thread-1] INFO  server.RaftServerConfigKeys (ConfUtils.java:logGet(43)) - raft.server.retrycache.expirytime = 600000ms (custom)
2019-11-13 00:26:08,332 [pool-47-thread-1] WARN  impl.MetricRegistriesImpl (MetricRegistriesImpl.java:lambda$create$1(61)) - First MetricRegistry has been created without registering reporters. You may need to call MetricRegistries.global().addReportRegistration(...) before.
2019-11-13 00:26:08,333 [pool-47-thread-1] WARN  impl.MetricRegistriesImpl (MetricRegistriesImpl.java:lambda$create$1(61)) - First MetricRegistry has been created without registering reporters. You may need to call MetricRegistries.global().addReportRegistration(...) before.
2019-11-13 00:26:08,333 [pool-47-thread-1] INFO  impl.RaftServerImpl (RaftServerImpl.java:start(184)) - 2b77e794-d932-4db8-b050-374a0d299f29@group-B23A9CE3585D: start as a follower, conf=-1: [2b77e794-d932-4db8-b050-374a0d299f29:192.168.164.236:43659], old=null
2019-11-13 00:26:08,333 [pool-47-thread-1] INFO  impl.RaftServerImpl (RaftServerImpl.java:setRole(173)) - 2b77e794-d932-4db8-b050-374a0d299f29@group-B23A9CE3585D: changes role from      null to FOLLOWER at term 0 for startAsFollower
2019-11-13 00:26:08,333 [pool-47-thread-1] INFO  impl.RoleInfo (RoleInfo.java:updateAndGet(143)) - 2b77e794-d932-4db8-b050-374a0d299f29: start FollowerState
2019-11-13 00:26:08,334 [pool-47-thread-1] INFO  util.JmxRegister (JmxRegister.java:tryRegister(44)) - Successfully registered JMX Bean with object name Ratis:service=RaftServer,group=group-B23A9CE3585D,id=2b77e794-d932-4db8-b050-374a0d299f29
2019-11-13 00:26:08,334 [pool-47-thread-1] WARN  impl.MetricRegistriesImpl (MetricRegistriesImpl.java:lambda$create$1(61)) - First MetricRegistry has been created without registering reporters. You may need to call MetricRegistries.global().addReportRegistration(...) before.
2019-11-13 00:26:08,346 [RatisPipelineUtilsThread] INFO  pipeline.PipelineStateManager (PipelineStateManager.java:addPipeline(55)) - Created pipeline Pipeline[ Id: 1168ccc9-8d88-45d8-a9bf-b23a9ce3585d, Nodes: 2b77e794-d932-4db8-b050-374a0d299f29{ip: 192.168.164.236, host: pr-hdds-2375-hvwjp-2869937553, networkLocation: /default-rack, certSerialId: null}, Type:RATIS, Factor:ONE, State:ALLOCATED]
2019-11-13 00:26:08,380 [grpc-default-executor-1] INFO  impl.RaftServerProxy (RaftServerProxy.java:addNew(89)) - 3a90a425-9eed-407b-8462-185910563181: addNew group-B2B2794E75C0:[2b77e794-d932-4db8-b050-374a0d299f29:192.168.164.236:43659, a98aee70-7acb-44b6-bef9-b88ed89af27b:192.168.164.236:41138, 3a90a425-9eed-407b-8462-185910563181:192.168.164.236:46749] returns group-B2B2794E75C0:java.util.concurrent.CompletableFuture@4ee2bcb9[Not completed]
2019-11-13 00:26:08,380 [grpc-default-executor-2] INFO  impl.RaftServerProxy (RaftServerProxy.java:addNew(89)) - a98aee70-7acb-44b6-bef9-b88ed89af27b: addNew group-B2B2794E75C0:[2b77e794-d932-4db8-b050-374a0d299f29:192.168.164.236:43659, a98aee70-7acb-44b6-bef9-b88ed89af27b:192.168.164.236:41138, 3a90a425-9eed-407b-8462-185910563181:192.168.164.236:46749] returns group-B2B2794E75C0:java.util.concurrent.CompletableFuture@2b4f35dd[Not completed]
2019-11-13 00:26:08,382 [grpc-default-executor-1] INFO  impl.RaftServerProxy (RaftServerProxy.java:addNew(89)) - 2b77e794-d932-4db8-b050-374a0d299f29: addNew group-B2B2794E75C0:[2b77e794-d932-4db8-b050-374a0d299f29:192.168.164.236:43659, a98aee70-7acb-44b6-bef9-b88ed89af27b:192.168.164.236:41138, 3a90a425-9eed-407b-8462-185910563181:192.168.164.236:46749] returns group-B2B2794E75C0:java.util.concurrent.CompletableFuture@4add21bd[Not completed]
2019-11-13 00:26:08,383 [pool-27-thread-1] INFO  impl.RaftServerImpl (RaftServerImpl.java:<init>(98)) - 3a90a425-9eed-407b-8462-185910563181: new RaftServerImpl for group-B2B2794E75C0:[2b77e794-d932-4db8-b050-374a0d299f29:192.168.164.236:43659, a98aee70-7acb-44b6-bef9-b88ed89af27b:192.168.164.236:41138, 3a90a425-9eed-407b-8462-185910563181:192.168.164.236:46749] with ContainerStateMachine:uninitialized
2019-11-13 00:26:08,383 [pool-27-thread-1] INFO  server.RaftServerConfigKeys (ConfUtils.java:logGet(43)) - raft.server.rpc.timeout.min = 5s (custom)
2019-11-13 00:26:08,383 [pool-27-thread-1] INFO  server.RaftServerConfigKeys (ConfUtils.java:logGet(43)) - raft.server.rpc.timeout.max = 5200ms (custom)
2019-11-13 00:26:08,383 [pool-47-thread-1] INFO  impl.RaftServerImpl (RaftServerImpl.java:<init>(98)) - 2b77e794-d932-4db8-b050-374a0d299f29: new RaftServerImpl for group-B2B2794E75C0:[2b77e794-d932-4db8-b050-374a0d299f29:192.168.164.236:43659, a98aee70-7acb-44b6-bef9-b88ed89af27b:192.168.164.236:41138, 3a90a425-9eed-407b-8462-185910563181:192.168.164.236:46749] with ContainerStateMachine:uninitialized
2019-11-13 00:26:08,383 [pool-27-thread-1] INFO  server.RaftServerConfigKeys (ConfUtils.java:logGet(43)) - raft.server.rpcslowness.timeout = 120s (custom)
2019-11-13 00:26:08,384 [pool-47-thread-1] INFO  server.RaftServerConfigKeys (ConfUtils.java:logGet(43)) - raft.server.rpc.timeout.min = 5s (custom)
2019-11-13 00:26:08,384 [pool-27-thread-1] INFO  server.RaftServerConfigKeys (ConfUtils.java:logGet(43)) - raft.server.sleep.deviation.threshold = 300 (default)
2019-11-13 00:26:08,384 [pool-47-thread-1] INFO  server.RaftServerConfigKeys (ConfUtils.java:logGet(43)) - raft.server.rpc.timeout.max = 5200ms (custom)
2019-11-13 00:26:08,384 [pool-27-thread-1] INFO  server.RaftServerConfigKeys (ConfUtils.java:logGet(43)) - raft.server.log.appender.install.snapshot.enabled = false (custom)
2019-11-13 00:26:08,384 [pool-37-thread-1] INFO  impl.RaftServerImpl (RaftServerImpl.java:<init>(98)) - a98aee70-7acb-44b6-bef9-b88ed89af27b: new RaftServerImpl for group-B2B2794E75C0:[2b77e794-d932-4db8-b050-374a0d299f29:192.168.164.236:43659, a98aee70-7acb-44b6-bef9-b88ed89af27b:192.168.164.236:41138, 3a90a425-9eed-407b-8462-185910563181:192.168.164.236:46749] with ContainerStateMachine:uninitialized
2019-11-13 00:26:08,384 [pool-27-thread-1] INFO  impl.RaftServerImpl (ServerState.java:<init>(103)) - 3a90a425-9eed-407b-8462-185910563181@group-B2B2794E75C0: ConfigurationManager, init=-1: [2b77e794-d932-4db8-b050-374a0d299f29:192.168.164.236:43659, a98aee70-7acb-44b6-bef9-b88ed89af27b:192.168.164.236:41138, 3a90a425-9eed-407b-8462-185910563181:192.168.164.236:46749], old=null, confs=<EMPTY_MAP>
2019-11-13 00:26:08,384 [pool-47-thread-1] INFO  server.RaftServerConfigKeys (ConfUtils.java:logGet(43)) - raft.server.rpcslowness.timeout = 120s (custom)
2019-11-13 00:26:08,384 [pool-37-thread-1] INFO  server.RaftServerConfigKeys (ConfUtils.java:logGet(43)) - raft.server.rpc.timeout.min = 5s (custom)
2019-11-13 00:26:08,385 [pool-27-thread-1] INFO  server.RaftServerConfigKeys (ConfUtils.java:logGet(43)) - raft.server.storage.dir = [/workdir/hadoop-ozone/tools/target/test-dir/MiniOzoneClusterImpl-6e227885-a821-486c-968a-17dd64ddd23b/datanode-0/data/ratis] (custom)
2019-11-13 00:26:08,385 [pool-47-thread-1] INFO  server.RaftServerConfigKeys (ConfUtils.java:logGet(43)) - raft.server.sleep.deviation.threshold = 300 (default)
2019-11-13 00:26:08,385 [pool-37-thread-1] INFO  server.RaftServerConfigKeys (ConfUtils.java:logGet(43)) - raft.server.rpc.timeout.max = 5200ms (custom)
2019-11-13 00:26:08,385 [pool-47-thread-1] INFO  server.RaftServerConfigKeys (ConfUtils.java:logGet(43)) - raft.server.log.appender.install.snapshot.enabled = false (custom)
2019-11-13 00:26:08,385 [pool-37-thread-1] INFO  server.RaftServerConfigKeys (ConfUtils.java:logGet(43)) - raft.server.rpcslowness.timeout = 120s (custom)
2019-11-13 00:26:08,385 [pool-47-thread-1] INFO  impl.RaftServerImpl (ServerState.java:<init>(103)) - 2b77e794-d932-4db8-b050-374a0d299f29@group-B2B2794E75C0: ConfigurationManager, init=-1: [2b77e794-d932-4db8-b050-374a0d299f29:192.168.164.236:43659, a98aee70-7acb-44b6-bef9-b88ed89af27b:192.168.164.236:41138, 3a90a425-9eed-407b-8462-185910563181:192.168.164.236:46749], old=null, confs=<EMPTY_MAP>
2019-11-13 00:26:08,385 [pool-27-thread-1] INFO  server.RaftServerConfigKeys (ConfUtils.java:logGet(43)) - raft.server.log.corruption.policy = EXCEPTION (default)
2019-11-13 00:26:08,385 [pool-47-thread-1] INFO  server.RaftServerConfigKeys (ConfUtils.java:logGet(43)) - raft.server.storage.dir = [/workdir/hadoop-ozone/tools/target/test-dir/MiniOzoneClusterImpl-6e227885-a821-486c-968a-17dd64ddd23b/datanode-2/data/ratis] (custom)
2019-11-13 00:26:08,385 [pool-37-thread-1] INFO  server.RaftServerConfigKeys (ConfUtils.java:logGet(43)) - raft.server.sleep.deviation.threshold = 300 (default)
2019-11-13 00:26:08,386 [pool-27-thread-1] INFO  storage.RaftStorageDirectory (RaftStorageDirectory.java:analyzeStorage(246)) - The storage directory /workdir/hadoop-ozone/tools/target/test-dir/MiniOzoneClusterImpl-6e227885-a821-486c-968a-17dd64ddd23b/datanode-0/data/ratis/ed4c264b-f98b-410d-a15a-b2b2794e75c0 does not exist. Creating ...
2019-11-13 00:26:08,386 [pool-47-thread-1] INFO  server.RaftServerConfigKeys (ConfUtils.java:logGet(43)) - raft.server.log.corruption.policy = EXCEPTION (default)
2019-11-13 00:26:08,386 [pool-37-thread-1] INFO  server.RaftServerConfigKeys (ConfUtils.java:logGet(43)) - raft.server.log.appender.install.snapshot.enabled = false (custom)
2019-11-13 00:26:08,386 [pool-47-thread-1] INFO  storage.RaftStorageDirectory (RaftStorageDirectory.java:analyzeStorage(246)) - The storage directory /workdir/hadoop-ozone/tools/target/test-dir/MiniOzoneClusterImpl-6e227885-a821-486c-968a-17dd64ddd23b/datanode-2/data/ratis/ed4c264b-f98b-410d-a15a-b2b2794e75c0 does not exist. Creating ...
2019-11-13 00:26:08,386 [pool-37-thread-1] INFO  impl.RaftServerImpl (ServerState.java:<init>(103)) - a98aee70-7acb-44b6-bef9-b88ed89af27b@group-B2B2794E75C0: ConfigurationManager, init=-1: [2b77e794-d932-4db8-b050-374a0d299f29:192.168.164.236:43659, a98aee70-7acb-44b6-bef9-b88ed89af27b:192.168.164.236:41138, 3a90a425-9eed-407b-8462-185910563181:192.168.164.236:46749], old=null, confs=<EMPTY_MAP>
2019-11-13 00:26:08,386 [pool-37-thread-1] INFO  server.RaftServerConfigKeys (ConfUtils.java:logGet(43)) - raft.server.storage.dir = [/workdir/hadoop-ozone/tools/target/test-dir/MiniOzoneClusterImpl-6e227885-a821-486c-968a-17dd64ddd23b/datanode-1/data/ratis] (custom)
2019-11-13 00:26:08,387 [pool-37-thread-1] INFO  server.RaftServerConfigKeys (ConfUtils.java:logGet(43)) - raft.server.log.corruption.policy = EXCEPTION (default)
2019-11-13 00:26:08,387 [pool-37-thread-1] INFO  storage.RaftStorageDirectory (RaftStorageDirectory.java:analyzeStorage(246)) - The storage directory /workdir/hadoop-ozone/tools/target/test-dir/MiniOzoneClusterImpl-6e227885-a821-486c-968a-17dd64ddd23b/datanode-1/data/ratis/ed4c264b-f98b-410d-a15a-b2b2794e75c0 does not exist. Creating ...
2019-11-13 00:26:08,399 [pool-37-thread-1] INFO  storage.RaftStorageDirectory (RaftStorageDirectory.java:tryLock(328)) - Lock on /workdir/hadoop-ozone/tools/target/test-dir/MiniOzoneClusterImpl-6e227885-a821-486c-968a-17dd64ddd23b/datanode-1/data/ratis/ed4c264b-f98b-410d-a15a-b2b2794e75c0/in_use.lock acquired by nodename 24215@pr-hdds-2375-hvwjp-2869937553
2019-11-13 00:26:08,399 [pool-27-thread-1] INFO  storage.RaftStorageDirectory (RaftStorageDirectory.java:tryLock(328)) - Lock on /workdir/hadoop-ozone/tools/target/test-dir/MiniOzoneClusterImpl-6e227885-a821-486c-968a-17dd64ddd23b/datanode-0/data/ratis/ed4c264b-f98b-410d-a15a-b2b2794e75c0/in_use.lock acquired by nodename 24215@pr-hdds-2375-hvwjp-2869937553
2019-11-13 00:26:08,399 [pool-47-thread-1] INFO  storage.RaftStorageDirectory (RaftStorageDirectory.java:tryLock(328)) - Lock on /workdir/hadoop-ozone/tools/target/test-dir/MiniOzoneClusterImpl-6e227885-a821-486c-968a-17dd64ddd23b/datanode-2/data/ratis/ed4c264b-f98b-410d-a15a-b2b2794e75c0/in_use.lock acquired by nodename 24215@pr-hdds-2375-hvwjp-2869937553
2019-11-13 00:26:08,413 [pool-27-thread-1] INFO  storage.RaftStorage (RaftStorage.java:format(84)) - Storage directory /workdir/hadoop-ozone/tools/target/test-dir/MiniOzoneClusterImpl-6e227885-a821-486c-968a-17dd64ddd23b/datanode-0/data/ratis/ed4c264b-f98b-410d-a15a-b2b2794e75c0 has been successfully formatted.
2019-11-13 00:26:08,413 [pool-47-thread-1] INFO  storage.RaftStorage (RaftStorage.java:format(84)) - Storage directory /workdir/hadoop-ozone/tools/target/test-dir/MiniOzoneClusterImpl-6e227885-a821-486c-968a-17dd64ddd23b/datanode-2/data/ratis/ed4c264b-f98b-410d-a15a-b2b2794e75c0 has been successfully formatted.
2019-11-13 00:26:08,413 [pool-37-thread-1] INFO  storage.RaftStorage (RaftStorage.java:format(84)) - Storage directory /workdir/hadoop-ozone/tools/target/test-dir/MiniOzoneClusterImpl-6e227885-a821-486c-968a-17dd64ddd23b/datanode-1/data/ratis/ed4c264b-f98b-410d-a15a-b2b2794e75c0 has been successfully formatted.
2019-11-13 00:26:08,414 [pool-47-thread-1] INFO  ratis.ContainerStateMachine (ContainerStateMachine.java:loadSnapshot(223)) - group-B2B2794E75C0: The snapshot info is null. Setting the last applied indexto:(t:0, i:~)
2019-11-13 00:26:08,414 [pool-27-thread-1] INFO  ratis.ContainerStateMachine (ContainerStateMachine.java:loadSnapshot(223)) - group-B2B2794E75C0: The snapshot info is null. Setting the last applied indexto:(t:0, i:~)
2019-11-13 00:26:08,414 [pool-37-thread-1] INFO  ratis.ContainerStateMachine (ContainerStateMachine.java:loadSnapshot(223)) - group-B2B2794E75C0: The snapshot info is null. Setting the last applied indexto:(t:0, i:~)
2019-11-13 00:26:08,414 [pool-47-thread-1] INFO  server.RaftServerConfigKeys (ConfUtils.java:logGet(43)) - raft.server.notification.no-leader.timeout = 120s (custom)
2019-11-13 00:26:08,414 [pool-37-thread-1] INFO  server.RaftServerConfigKeys (ConfUtils.java:logGet(43)) - raft.server.notification.no-leader.timeout = 120s (custom)
2019-11-13 00:26:08,414 [pool-27-thread-1] INFO  server.RaftServerConfigKeys (ConfUtils.java:logGet(43)) - raft.server.notification.no-leader.timeout = 120s (custom)
2019-11-13 00:26:08,415 [pool-37-thread-1] INFO  server.RaftServerConfigKeys (ConfUtils.java:logGet(43)) - raft.server.log.use.memory = false (default)
2019-11-13 00:26:08,414 [pool-47-thread-1] INFO  server.RaftServerConfigKeys (ConfUtils.java:logGet(43)) - raft.server.log.use.memory = false (default)
2019-11-13 00:26:08,415 [pool-37-thread-1] INFO  server.RaftServerConfigKeys (ConfUtils.java:logGet(43)) - raft.server.log.purge.gap = 1000000 (custom)
2019-11-13 00:26:08,415 [pool-27-thread-1] INFO  server.RaftServerConfigKeys (ConfUtils.java:logGet(43)) - raft.server.log.use.memory = false (default)
2019-11-13 00:26:08,415 [pool-37-thread-1] INFO  server.RaftServerConfigKeys (ConfUtils.java:logGet(43)) - raft.server.log.appender.buffer.byte-limit = 33554432 (custom)
2019-11-13 00:26:08,415 [pool-47-thread-1] INFO  server.RaftServerConfigKeys (ConfUtils.java:logGet(43)) - raft.server.log.purge.gap = 1000000 (custom)
2019-11-13 00:26:08,415 [pool-37-thread-1] INFO  server.RaftServerConfigKeys (ConfUtils.java:logGet(43)) - raft.server.log.segment.size.max = 1048576 (custom)
2019-11-13 00:26:08,415 [pool-27-thread-1] INFO  server.RaftServerConfigKeys (ConfUtils.java:logGet(43)) - raft.server.log.purge.gap = 1000000 (custom)
2019-11-13 00:26:08,416 [pool-47-thread-1] INFO  server.RaftServerConfigKeys (ConfUtils.java:logGet(43)) - raft.server.log.appender.buffer.byte-limit = 33554432 (custom)
2019-11-13 00:26:08,416 [pool-27-thread-1] INFO  server.RaftServerConfigKeys (ConfUtils.java:logGet(43)) - raft.server.log.appender.buffer.byte-limit = 33554432 (custom)
2019-11-13 00:26:08,416 [pool-37-thread-1] INFO  server.RaftServerConfigKeys (ConfUtils.java:logGet(43)) - raft.server.log.segment.cache.num.max = 2 (custom)
2019-11-13 00:26:08,416 [pool-27-thread-1] INFO  server.RaftServerConfigKeys (ConfUtils.java:logGet(43)) - raft.server.log.segment.size.max = 1048576 (custom)
2019-11-13 00:26:08,416 [pool-47-thread-1] INFO  server.RaftServerConfigKeys (ConfUtils.java:logGet(43)) - raft.server.log.segment.size.max = 1048576 (custom)
2019-11-13 00:26:08,416 [pool-27-thread-1] INFO  server.RaftServerConfigKeys (ConfUtils.java:logGet(43)) - raft.server.log.segment.cache.num.max = 2 (custom)
2019-11-13 00:26:08,416 [pool-37-thread-1] INFO  segmented.SegmentedRaftLogWorker (SegmentedRaftLogWorker.java:<init>(173)) - new a98aee70-7acb-44b6-bef9-b88ed89af27b@group-B2B2794E75C0-SegmentedRaftLogWorker for RaftStorage:Storage Directory /workdir/hadoop-ozone/tools/target/test-dir/MiniOzoneClusterImpl-6e227885-a821-486c-968a-17dd64ddd23b/datanode-1/data/ratis/ed4c264b-f98b-410d-a15a-b2b2794e75c0
2019-11-13 00:26:08,417 [pool-27-thread-1] INFO  segmented.SegmentedRaftLogWorker (SegmentedRaftLogWorker.java:<init>(173)) - new 3a90a425-9eed-407b-8462-185910563181@group-B2B2794E75C0-SegmentedRaftLogWorker for RaftStorage:Storage Directory /workdir/hadoop-ozone/tools/target/test-dir/MiniOzoneClusterImpl-6e227885-a821-486c-968a-17dd64ddd23b/datanode-0/data/ratis/ed4c264b-f98b-410d-a15a-b2b2794e75c0
2019-11-13 00:26:08,417 [pool-47-thread-1] INFO  server.RaftServerConfigKeys (ConfUtils.java:logGet(43)) - raft.server.log.segment.cache.num.max = 2 (custom)
2019-11-13 00:26:08,417 [pool-27-thread-1] INFO  server.RaftServerConfigKeys (ConfUtils.java:logGet(43)) - raft.server.log.queue.byte-limit = 2147483647 (custom)
2019-11-13 00:26:08,417 [pool-37-thread-1] INFO  server.RaftServerConfigKeys (ConfUtils.java:logGet(43)) - raft.server.log.queue.byte-limit = 2147483647 (custom)
2019-11-13 00:26:08,417 [pool-27-thread-1] INFO  server.RaftServerConfigKeys (ConfUtils.java:logGet(43)) - raft.server.log.queue.element-limit = 1024 (custom)
2019-11-13 00:26:08,417 [pool-47-thread-1] INFO  segmented.SegmentedRaftLogWorker (SegmentedRaftLogWorker.java:<init>(173)) - new 2b77e794-d932-4db8-b050-374a0d299f29@group-B2B2794E75C0-SegmentedRaftLogWorker for RaftStorage:Storage Directory /workdir/hadoop-ozone/tools/target/test-dir/MiniOzoneClusterImpl-6e227885-a821-486c-968a-17dd64ddd23b/datanode-2/data/ratis/ed4c264b-f98b-410d-a15a-b2b2794e75c0
2019-11-13 00:26:08,417 [pool-27-thread-1] INFO  server.RaftServerConfigKeys (ConfUtils.java:logGet(43)) - raft.server.log.segment.size.max = 1048576 (custom)
2019-11-13 00:26:08,417 [pool-37-thread-1] INFO  server.RaftServerConfigKeys (ConfUtils.java:logGet(43)) - raft.server.log.queue.element-limit = 1024 (custom)
2019-11-13 00:26:08,418 [pool-27-thread-1] INFO  server.RaftServerConfigKeys (ConfUtils.java:logGet(43)) - raft.server.log.preallocated.size = 16384 (custom)
2019-11-13 00:26:08,417 [pool-47-thread-1] INFO  server.RaftServerConfigKeys (ConfUtils.java:logGet(43)) - raft.server.log.queue.byte-limit = 2147483647 (custom)
2019-11-13 00:26:08,418 [pool-27-thread-1] INFO  server.RaftServerConfigKeys (ConfUtils.java:logGet(43)) - raft.server.log.write.buffer.size = 33554432 (custom)
2019-11-13 00:26:08,418 [pool-37-thread-1] INFO  server.RaftServerConfigKeys (ConfUtils.java:logGet(43)) - raft.server.log.segment.size.max = 1048576 (custom)
2019-11-13 00:26:08,418 [pool-27-thread-1] INFO  server.RaftServerConfigKeys (ConfUtils.java:logGet(43)) - raft.server.log.force.sync.num = 128 (default)
2019-11-13 00:26:08,418 [pool-37-thread-1] INFO  server.RaftServerConfigKeys (ConfUtils.java:logGet(43)) - raft.server.log.preallocated.size = 16384 (custom)
2019-11-13 00:26:08,418 [pool-47-thread-1] INFO  server.RaftServerConfigKeys (ConfUtils.java:logGet(43)) - raft.server.log.queue.element-limit = 1024 (custom)
2019-11-13 00:26:08,418 [pool-37-thread-1] INFO  server.RaftServerConfigKeys (ConfUtils.java:logGet(43)) - raft.server.log.write.buffer.size = 33554432 (custom)
2019-11-13 00:26:08,418 [pool-27-thread-1] INFO  server.RaftServerConfigKeys (ConfUtils.java:logGet(43)) - raft.server.log.statemachine.data.sync = true (default)
2019-11-13 00:26:08,419 [pool-37-thread-1] INFO  server.RaftServerConfigKeys (ConfUtils.java:logGet(43)) - raft.server.log.force.sync.num = 128 (default)
2019-11-13 00:26:08,419 [pool-47-thread-1] INFO  server.RaftServerConfigKeys (ConfUtils.java:logGet(43)) - raft.server.log.segment.size.max = 1048576 (custom)
2019-11-13 00:26:08,419 [pool-37-thread-1] INFO  server.RaftServerConfigKeys (ConfUtils.java:logGet(43)) - raft.server.log.statemachine.data.sync = true (default)
2019-11-13 00:26:08,419 [pool-27-thread-1] INFO  server.RaftServerConfigKeys (ConfUtils.java:logGet(43)) - raft.server.log.statemachine.data.sync.timeout = 10s (default)
2019-11-13 00:26:08,419 [pool-37-thread-1] INFO  server.RaftServerConfigKeys (ConfUtils.java:logGet(43)) - raft.server.log.statemachine.data.sync.timeout = 10s (default)
2019-11-13 00:26:08,419 [pool-47-thread-1] INFO  server.RaftServerConfigKeys (ConfUtils.java:logGet(43)) - raft.server.log.preallocated.size = 16384 (custom)
2019-11-13 00:26:08,420 [pool-37-thread-1] INFO  server.RaftServerConfigKeys (ConfUtils.java:logGet(43)) - raft.server.log.statemachine.data.sync.timeout.retry = -1 (default)
2019-11-13 00:26:08,420 [pool-27-thread-1] INFO  server.RaftServerConfigKeys (ConfUtils.java:logGet(43)) - raft.server.log.statemachine.data.sync.timeout.retry = -1 (default)
2019-11-13 00:26:08,420 [pool-47-thread-1] INFO  server.RaftServerConfigKeys (ConfUtils.java:logGet(43)) - raft.server.log.write.buffer.size = 33554432 (custom)
2019-11-13 00:26:08,420 [pool-27-thread-1] INFO  server.RaftServerConfigKeys (ConfUtils.java:logGet(43)) - raft.server.log.statemachine.data.caching.enabled = true (custom)
2019-11-13 00:26:08,420 [pool-37-thread-1] INFO  server.RaftServerConfigKeys (ConfUtils.java:logGet(43)) - raft.server.log.statemachine.data.caching.enabled = true (custom)
2019-11-13 00:26:08,420 [pool-47-thread-1] INFO  server.RaftServerConfigKeys (ConfUtils.java:logGet(43)) - raft.server.log.force.sync.num = 128 (default)
2019-11-13 00:26:08,420 [pool-27-thread-1] INFO  segmented.SegmentedRaftLogWorker (SegmentedRaftLogWorker.java:lambda$new$0(128)) - 3a90a425-9eed-407b-8462-185910563181@group-B2B2794E75C0-SegmentedRaftLogWorker: flushIndex: setUnconditionally 0 -> -1
2019-11-13 00:26:08,421 [pool-47-thread-1] INFO  server.RaftServerConfigKeys (ConfUtils.java:logGet(43)) - raft.server.log.statemachine.data.sync = true (default)
2019-11-13 00:26:08,421 [pool-37-thread-1] INFO  segmented.SegmentedRaftLogWorker (SegmentedRaftLogWorker.java:lambda$new$0(128)) - a98aee70-7acb-44b6-bef9-b88ed89af27b@group-B2B2794E75C0-SegmentedRaftLogWorker: flushIndex: setUnconditionally 0 -> -1
2019-11-13 00:26:08,421 [pool-27-thread-1] INFO  server.RaftServerConfigKeys (ConfUtils.java:logGet(43)) - raft.server.snapshot.auto.trigger.enabled = true (custom)
2019-11-13 00:26:08,421 [pool-47-thread-1] INFO  server.RaftServerConfigKeys (ConfUtils.java:logGet(43)) - raft.server.log.statemachine.data.sync.timeout = 10s (default)
2019-11-13 00:26:08,421 [pool-27-thread-1] INFO  server.RaftServerConfigKeys (ConfUtils.java:logGet(43)) - raft.server.snapshot.auto.trigger.threshold = 10000 (custom)
2019-11-13 00:26:08,421 [pool-37-thread-1] INFO  server.RaftServerConfigKeys (ConfUtils.java:logGet(43)) - raft.server.snapshot.auto.trigger.enabled = true (custom)
2019-11-13 00:26:08,421 [pool-47-thread-1] INFO  server.RaftServerConfigKeys (ConfUtils.java:logGet(43)) - raft.server.log.statemachine.data.sync.timeout.retry = -1 (default)
2019-11-13 00:26:08,421 [pool-37-thread-1] INFO  server.RaftServerConfigKeys (ConfUtils.java:logGet(43)) - raft.server.snapshot.auto.trigger.threshold = 10000 (custom)
2019-11-13 00:26:08,421 [pool-27-thread-1] INFO  server.RaftServerConfigKeys (ConfUtils.java:logGet(43)) - raft.server.snapshot.retention.file.num = 5 (custom)
2019-11-13 00:26:08,422 [pool-37-thread-1] INFO  server.RaftServerConfigKeys (ConfUtils.java:logGet(43)) - raft.server.snapshot.retention.file.num = 5 (custom)
2019-11-13 00:26:08,422 [pool-27-thread-1] INFO  server.RaftServerConfigKeys (ConfUtils.java:logGet(43)) - raft.server.retrycache.expirytime = 600000ms (custom)
2019-11-13 00:26:08,422 [pool-47-thread-1] INFO  server.RaftServerConfigKeys (ConfUtils.java:logGet(43)) - raft.server.log.statemachine.data.caching.enabled = true (custom)
2019-11-13 00:26:08,422 [pool-27-thread-1] WARN  impl.MetricRegistriesImpl (MetricRegistriesImpl.java:lambda$create$1(61)) - First MetricRegistry has been created without registering reporters. You may need to call MetricRegistries.global().addReportRegistration(...) before.
2019-11-13 00:26:08,422 [pool-37-thread-1] INFO  server.RaftServerConfigKeys (ConfUtils.java:logGet(43)) - raft.server.retrycache.expirytime = 600000ms (custom)
2019-11-13 00:26:08,422 [pool-47-thread-1] INFO  segmented.SegmentedRaftLogWorker (SegmentedRaftLogWorker.java:lambda$new$0(128)) - 2b77e794-d932-4db8-b050-374a0d299f29@group-B2B2794E75C0-SegmentedRaftLogWorker: flushIndex: setUnconditionally 0 -> -1
2019-11-13 00:26:08,422 [pool-27-thread-1] WARN  impl.MetricRegistriesImpl (MetricRegistriesImpl.java:lambda$create$1(61)) - First MetricRegistry has been created without registering reporters. You may need to call MetricRegistries.global().addReportRegistration(...) before.
2019-11-13 00:26:08,423 [pool-37-thread-1] WARN  impl.MetricRegistriesImpl (MetricRegistriesImpl.java:lambda$create$1(61)) - First MetricRegistry has been created without registering reporters. You may need to call MetricRegistries.global().addReportRegistration(...) before.
2019-11-13 00:26:08,423 [pool-27-thread-1] INFO  impl.RaftServerImpl (RaftServerImpl.java:start(184)) - 3a90a425-9eed-407b-8462-185910563181@group-B2B2794E75C0: start as a follower, conf=-1: [2b77e794-d932-4db8-b050-374a0d299f29:192.168.164.236:43659, a98aee70-7acb-44b6-bef9-b88ed89af27b:192.168.164.236:41138, 3a90a425-9eed-407b-8462-185910563181:192.168.164.236:46749], old=null
2019-11-13 00:26:08,423 [pool-47-thread-1] INFO  server.RaftServerConfigKeys (ConfUtils.java:logGet(43)) - raft.server.snapshot.auto.trigger.enabled = true (custom)
2019-11-13 00:26:08,423 [pool-27-thread-1] INFO  impl.RaftServerImpl (RaftServerImpl.java:setRole(173)) - 3a90a425-9eed-407b-8462-185910563181@group-B2B2794E75C0: changes role from      null to FOLLOWER at term 0 for startAsFollower
2019-11-13 00:26:08,423 [pool-37-thread-1] WARN  impl.MetricRegistriesImpl (MetricRegistriesImpl.java:lambda$create$1(61)) - First MetricRegistry has been created without registering reporters. You may need to call MetricRegistries.global().addReportRegistration(...) before.
2019-11-13 00:26:08,423 [pool-27-thread-1] INFO  impl.RoleInfo (RoleInfo.java:updateAndGet(143)) - 3a90a425-9eed-407b-8462-185910563181: start FollowerState
2019-11-13 00:26:08,423 [pool-47-thread-1] INFO  server.RaftServerConfigKeys (ConfUtils.java:logGet(43)) - raft.server.snapshot.auto.trigger.threshold = 10000 (custom)
2019-11-13 00:26:08,424 [pool-37-thread-1] INFO  impl.RaftServerImpl (RaftServerImpl.java:start(184)) - a98aee70-7acb-44b6-bef9-b88ed89af27b@group-B2B2794E75C0: start as a follower, conf=-1: [2b77e794-d932-4db8-b050-374a0d299f29:192.168.164.236:43659, a98aee70-7acb-44b6-bef9-b88ed89af27b:192.168.164.236:41138, 3a90a425-9eed-407b-8462-185910563181:192.168.164.236:46749], old=null
2019-11-13 00:26:08,424 [pool-27-thread-1] INFO  util.JmxRegister (JmxRegister.java:tryRegister(44)) - Successfully registered JMX Bean with object name Ratis:service=RaftServer,group=group-B2B2794E75C0,id=3a90a425-9eed-407b-8462-185910563181
2019-11-13 00:26:08,424 [pool-47-thread-1] INFO  server.RaftServerConfigKeys (ConfUtils.java:logGet(43)) - raft.server.snapshot.retention.file.num = 5 (custom)
2019-11-13 00:26:08,424 [pool-27-thread-1] WARN  impl.MetricRegistriesImpl (MetricRegistriesImpl.java:lambda$create$1(61)) - First MetricRegistry has been created without registering reporters. You may need to call MetricRegistries.global().addReportRegistration(...) before.
2019-11-13 00:26:08,424 [pool-37-thread-1] INFO  impl.RaftServerImpl (RaftServerImpl.java:setRole(173)) - a98aee70-7acb-44b6-bef9-b88ed89af27b@group-B2B2794E75C0: changes role from      null to FOLLOWER at term 0 for startAsFollower
2019-11-13 00:26:08,424 [pool-47-thread-1] INFO  server.RaftServerConfigKeys (ConfUtils.java:logGet(43)) - raft.server.retrycache.expirytime = 600000ms (custom)
2019-11-13 00:26:08,425 [pool-37-thread-1] INFO  impl.RoleInfo (RoleInfo.java:updateAndGet(143)) - a98aee70-7acb-44b6-bef9-b88ed89af27b: start FollowerState
2019-11-13 00:26:08,425 [pool-47-thread-1] WARN  impl.MetricRegistriesImpl (MetricRegistriesImpl.java:lambda$create$1(61)) - First MetricRegistry has been created without registering reporters. You may need to call MetricRegistries.global().addReportRegistration(...) before.
2019-11-13 00:26:08,425 [pool-47-thread-1] WARN  impl.MetricRegistriesImpl (MetricRegistriesImpl.java:lambda$create$1(61)) - First MetricRegistry has been created without registering reporters. You may need to call MetricRegistries.global().addReportRegistration(...) before.
2019-11-13 00:26:08,425 [pool-37-thread-1] INFO  util.JmxRegister (JmxRegister.java:tryRegister(44)) - Successfully registered JMX Bean with object name Ratis:service=RaftServer,group=group-B2B2794E75C0,id=a98aee70-7acb-44b6-bef9-b88ed89af27b
2019-11-13 00:26:08,425 [pool-47-thread-1] INFO  impl.RaftServerImpl (RaftServerImpl.java:start(184)) - 2b77e794-d932-4db8-b050-374a0d299f29@group-B2B2794E75C0: start as a follower, conf=-1: [2b77e794-d932-4db8-b050-374a0d299f29:192.168.164.236:43659, a98aee70-7acb-44b6-bef9-b88ed89af27b:192.168.164.236:41138, 3a90a425-9eed-407b-8462-185910563181:192.168.164.236:46749], old=null
2019-11-13 00:26:08,426 [pool-37-thread-1] WARN  impl.MetricRegistriesImpl (MetricRegistriesImpl.java:lambda$create$1(61)) - First MetricRegistry has been created without registering reporters. You may need to call MetricRegistries.global().addReportRegistration(...) before.
2019-11-13 00:26:08,426 [pool-47-thread-1] INFO  impl.RaftServerImpl (RaftServerImpl.java:setRole(173)) - 2b77e794-d932-4db8-b050-374a0d299f29@group-B2B2794E75C0: changes role from      null to FOLLOWER at term 0 for startAsFollower
2019-11-13 00:26:08,428 [pool-47-thread-1] INFO  impl.RoleInfo (RoleInfo.java:updateAndGet(143)) - 2b77e794-d932-4db8-b050-374a0d299f29: start FollowerState
2019-11-13 00:26:08,434 [pool-47-thread-1] INFO  util.JmxRegister (JmxRegister.java:tryRegister(44)) - Successfully registered JMX Bean with object name Ratis:service=RaftServer,group=group-B2B2794E75C0,id=2b77e794-d932-4db8-b050-374a0d299f29
2019-11-13 00:26:08,435 [pool-47-thread-1] WARN  impl.MetricRegistriesImpl (MetricRegistriesImpl.java:lambda$create$1(61)) - First MetricRegistry has been created without registering reporters. You may need to call MetricRegistries.global().addReportRegistration(...) before.
2019-11-13 00:26:08,450 [RatisPipelineUtilsThread] INFO  pipeline.PipelineStateManager (PipelineStateManager.java:addPipeline(55)) - Created pipeline Pipeline[ Id: ed4c264b-f98b-410d-a15a-b2b2794e75c0, Nodes: a98aee70-7acb-44b6-bef9-b88ed89af27b{ip: 192.168.164.236, host: pr-hdds-2375-hvwjp-2869937553, networkLocation: /default-rack, certSerialId: null}2b77e794-d932-4db8-b050-374a0d299f29{ip: 192.168.164.236, host: pr-hdds-2375-hvwjp-2869937553, networkLocation: /default-rack, certSerialId: null}3a90a425-9eed-407b-8462-185910563181{ip: 192.168.164.236, host: pr-hdds-2375-hvwjp-2869937553, networkLocation: /default-rack, certSerialId: null}, Type:RATIS, Factor:THREE, State:ALLOCATED]
2019-11-13 00:26:08,453 [main] INFO  ozone.MiniOzoneClusterImpl (MiniOzoneClusterImpl.java:lambda$waitForClusterToBeReady$2(163)) - Waiting for 4 number of pipelines out of 4, to report a leader.
2019-11-13 00:26:09,454 [main] INFO  ozone.MiniOzoneClusterImpl (MiniOzoneClusterImpl.java:lambda$waitForClusterToBeReady$2(163)) - Waiting for 4 number of pipelines out of 4, to report a leader.
2019-11-13 00:26:10,449 [Thread-178] INFO  container.ReplicationManager (ReplicationManager.java:start(162)) - Starting Replication Monitor Thread.
2019-11-13 00:26:10,453 [Thread-178] INFO  pipeline.SCMPipelineManager (SCMPipelineManager.java:finalizeAndDestroyPipeline(315)) - destroying pipeline:Pipeline[ Id: bb77ad6f-6b53-455d-80bb-e8755a5c0472, Nodes: a98aee70-7acb-44b6-bef9-b88ed89af27b{ip: 192.168.164.236, host: pr-hdds-2375-hvwjp-2869937553, networkLocation: /default-rack, certSerialId: null}, Type:RATIS, Factor:ONE, State:ALLOCATED]
2019-11-13 00:26:10,453 [ReplicationMonitor] INFO  container.ReplicationManager (ReplicationManager.java:run(225)) - Replication Monitor Thread took 0 milliseconds for processing 0 containers.
2019-11-13 00:26:10,455 [Thread-178] INFO  pipeline.PipelineStateManager (PipelineStateManager.java:finalizePipeline(121)) - Pipeline Pipeline[ Id: bb77ad6f-6b53-455d-80bb-e8755a5c0472, Nodes: a98aee70-7acb-44b6-bef9-b88ed89af27b{ip: 192.168.164.236, host: pr-hdds-2375-hvwjp-2869937553, networkLocation: /default-rack, certSerialId: null}, Type:RATIS, Factor:ONE, State:CLOSED] moved to CLOSED state
2019-11-13 00:26:10,456 [main] INFO  ozone.MiniOzoneClusterImpl (MiniOzoneClusterImpl.java:lambda$waitForClusterToBeReady$2(163)) - Waiting for 3 number of pipelines out of 4, to report a leader.
2019-11-13 00:26:10,500 [grpc-default-executor-1] INFO  impl.RaftServerProxy (RaftServerProxy.java:remove(95)) - a98aee70-7acb-44b6-bef9-b88ed89af27b: remove  FOLLOWER a98aee70-7acb-44b6-bef9-b88ed89af27b@group-E8755A5C0472:t0, leader=null, voted=null, raftlog=a98aee70-7acb-44b6-bef9-b88ed89af27b@group-E8755A5C0472-SegmentedRaftLog:OPENED:c-1,f-1,i0, conf=-1: [a98aee70-7acb-44b6-bef9-b88ed89af27b:192.168.164.236:41138], old=null RUNNING
2019-11-13 00:26:10,506 [grpc-default-executor-1] INFO  impl.RaftServerImpl (RaftServerImpl.java:lambda$shutdown$3(250)) - a98aee70-7acb-44b6-bef9-b88ed89af27b@group-E8755A5C0472: shutdown
2019-11-13 00:26:10,506 [grpc-default-executor-1] INFO  util.JmxRegister (JmxRegister.java:unregister(73)) - Successfully un-registered JMX Bean with object name Ratis:service=RaftServer,group=group-E8755A5C0472,id=a98aee70-7acb-44b6-bef9-b88ed89af27b
2019-11-13 00:26:10,507 [grpc-default-executor-1] INFO  impl.RoleInfo (RoleInfo.java:shutdownFollowerState(121)) - a98aee70-7acb-44b6-bef9-b88ed89af27b: shutdown FollowerState
2019-11-13 00:26:10,507 [grpc-default-executor-1] INFO  impl.StateMachineUpdater (StateMachineUpdater.java:stopAndJoin(136)) - a98aee70-7acb-44b6-bef9-b88ed89af27b@group-E8755A5C0472-StateMachineUpdater: set stopIndex = -1
2019-11-13 00:26:10,507 [Thread-183] INFO  impl.FollowerState (FollowerState.java:run(120)) - a98aee70-7acb-44b6-bef9-b88ed89af27b@group-E8755A5C0472-FollowerState was interrupted: java.lang.InterruptedException: sleep interrupted
2019-11-13 00:26:10,510 [grpc-default-executor-1] INFO  impl.RaftServerImpl (ServerState.java:close(387)) - a98aee70-7acb-44b6-bef9-b88ed89af27b@group-E8755A5C0472: closes. applyIndex: -1
2019-11-13 00:26:10,518 [a98aee70-7acb-44b6-bef9-b88ed89af27b@group-E8755A5C0472-SegmentedRaftLogWorker] INFO  segmented.SegmentedRaftLogWorker (SegmentedRaftLogWorker.java:run(316)) - a98aee70-7acb-44b6-bef9-b88ed89af27b@group-E8755A5C0472-SegmentedRaftLogWorker was interrupted, exiting. There are 0 tasks remaining in the queue.
2019-11-13 00:26:10,520 [grpc-default-executor-1] INFO  segmented.SegmentedRaftLogWorker (SegmentedRaftLogWorker.java:close(224)) - a98aee70-7acb-44b6-bef9-b88ed89af27b@group-E8755A5C0472-SegmentedRaftLogWorker close()
2019-11-13 00:26:10,537 [Thread-178] INFO  pipeline.PipelineStateManager (PipelineStateManager.java:removePipeline(106)) - Pipeline Pipeline[ Id: bb77ad6f-6b53-455d-80bb-e8755a5c0472, Nodes: a98aee70-7acb-44b6-bef9-b88ed89af27b{ip: 192.168.164.236, host: pr-hdds-2375-hvwjp-2869937553, networkLocation: /default-rack, certSerialId: null}, Type:RATIS, Factor:ONE, State:CLOSED] removed from db
2019-11-13 00:26:10,538 [Thread-178] INFO  pipeline.SCMPipelineManager (SCMPipelineManager.java:finalizeAndDestroyPipeline(315)) - destroying pipeline:Pipeline[ Id: 64f874de-7e10-4495-8649-995c99bf91ce, Nodes: 3a90a425-9eed-407b-8462-185910563181{ip: 192.168.164.236, host: pr-hdds-2375-hvwjp-2869937553, networkLocation: /default-rack, certSerialId: null}, Type:RATIS, Factor:ONE, State:ALLOCATED]
2019-11-13 00:26:10,550 [grpc-default-executor-1] INFO  impl.RaftServerProxy (RaftServerProxy.java:addNew(89)) - a98aee70-7acb-44b6-bef9-b88ed89af27b: addNew group-34B181220432:[a98aee70-7acb-44b6-bef9-b88ed89af27b:192.168.164.236:41138] returns group-34B181220432:java.util.concurrent.CompletableFuture@658da071[Not completed]
2019-11-13 00:26:10,554 [pool-37-thread-1] INFO  impl.RaftServerImpl (RaftServerImpl.java:<init>(98)) - a98aee70-7acb-44b6-bef9-b88ed89af27b: new RaftServerImpl for group-34B181220432:[a98aee70-7acb-44b6-bef9-b88ed89af27b:192.168.164.236:41138] with ContainerStateMachine:uninitialized
2019-11-13 00:26:10,554 [pool-37-thread-1] INFO  server.RaftServerConfigKeys (ConfUtils.java:logGet(43)) - raft.server.rpc.timeout.min = 5s (custom)
2019-11-13 00:26:10,554 [pool-37-thread-1] INFO  server.RaftServerConfigKeys (ConfUtils.java:logGet(43)) - raft.server.rpc.timeout.max = 5200ms (custom)
2019-11-13 00:26:10,554 [pool-37-thread-1] INFO  server.RaftServerConfigKeys (ConfUtils.java:logGet(43)) - raft.server.rpcslowness.timeout = 120s (custom)
2019-11-13 00:26:10,554 [pool-37-thread-1] INFO  server.RaftServerConfigKeys (ConfUtils.java:logGet(43)) - raft.server.sleep.deviation.threshold = 300 (default)
2019-11-13 00:26:10,555 [pool-37-thread-1] INFO  server.RaftServerConfigKeys (ConfUtils.java:logGet(43)) - raft.server.log.appender.install.snapshot.enabled = false (custom)
2019-11-13 00:26:10,555 [pool-37-thread-1] INFO  impl.RaftServerImpl (ServerState.java:<init>(103)) - a98aee70-7acb-44b6-bef9-b88ed89af27b@group-34B181220432: ConfigurationManager, init=-1: [a98aee70-7acb-44b6-bef9-b88ed89af27b:192.168.164.236:41138], old=null, confs=<EMPTY_MAP>
2019-11-13 00:26:10,555 [pool-37-thread-1] INFO  server.RaftServerConfigKeys (ConfUtils.java:logGet(43)) - raft.server.storage.dir = [/workdir/hadoop-ozone/tools/target/test-dir/MiniOzoneClusterImpl-6e227885-a821-486c-968a-17dd64ddd23b/datanode-1/data/ratis] (custom)
2019-11-13 00:26:10,556 [pool-37-thread-1] INFO  server.RaftServerConfigKeys (ConfUtils.java:logGet(43)) - raft.server.log.corruption.policy = EXCEPTION (default)
2019-11-13 00:26:10,556 [pool-37-thread-1] INFO  storage.RaftStorageDirectory (RaftStorageDirectory.java:analyzeStorage(246)) - The storage directory /workdir/hadoop-ozone/tools/target/test-dir/MiniOzoneClusterImpl-6e227885-a821-486c-968a-17dd64ddd23b/datanode-1/data/ratis/d177edd7-502e-4f3e-93c0-34b181220432 does not exist. Creating ...
2019-11-13 00:26:10,570 [pool-37-thread-1] INFO  storage.RaftStorageDirectory (RaftStorageDirectory.java:tryLock(328)) - Lock on /workdir/hadoop-ozone/tools/target/test-dir/MiniOzoneClusterImpl-6e227885-a821-486c-968a-17dd64ddd23b/datanode-1/data/ratis/d177edd7-502e-4f3e-93c0-34b181220432/in_use.lock acquired by nodename 24215@pr-hdds-2375-hvwjp-2869937553
2019-11-13 00:26:10,574 [pool-37-thread-1] INFO  storage.RaftStorage (RaftStorage.java:format(84)) - Storage directory /workdir/hadoop-ozone/tools/target/test-dir/MiniOzoneClusterImpl-6e227885-a821-486c-968a-17dd64ddd23b/datanode-1/data/ratis/d177edd7-502e-4f3e-93c0-34b181220432 has been successfully formatted.
2019-11-13 00:26:10,574 [pool-37-thread-1] INFO  ratis.ContainerStateMachine (ContainerStateMachine.java:loadSnapshot(223)) - group-34B181220432: The snapshot info is null. Setting the last applied indexto:(t:0, i:~)
2019-11-13 00:26:10,575 [pool-37-thread-1] INFO  server.RaftServerConfigKeys (ConfUtils.java:logGet(43)) - raft.server.notification.no-leader.timeout = 120s (custom)
2019-11-13 00:26:10,575 [pool-37-thread-1] INFO  server.RaftServerConfigKeys (ConfUtils.java:logGet(43)) - raft.server.log.use.memory = false (default)
2019-11-13 00:26:10,575 [pool-37-thread-1] INFO  server.RaftServerConfigKeys (ConfUtils.java:logGet(43)) - raft.server.log.purge.gap = 1000000 (custom)
2019-11-13 00:26:10,575 [pool-37-thread-1] INFO  server.RaftServerConfigKeys (ConfUtils.java:logGet(43)) - raft.server.log.appender.buffer.byte-limit = 33554432 (custom)
2019-11-13 00:26:10,575 [pool-37-thread-1] INFO  server.RaftServerConfigKeys (ConfUtils.java:logGet(43)) - raft.server.log.segment.size.max = 1048576 (custom)
2019-11-13 00:26:10,576 [pool-37-thread-1] INFO  server.RaftServerConfigKeys (ConfUtils.java:logGet(43)) - raft.server.log.segment.cache.num.max = 2 (custom)
2019-11-13 00:26:10,576 [pool-37-thread-1] INFO  segmented.SegmentedRaftLogWorker (SegmentedRaftLogWorker.java:<init>(173)) - new a98aee70-7acb-44b6-bef9-b88ed89af27b@group-34B181220432-SegmentedRaftLogWorker for RaftStorage:Storage Directory /workdir/hadoop-ozone/tools/target/test-dir/MiniOzoneClusterImpl-6e227885-a821-486c-968a-17dd64ddd23b/datanode-1/data/ratis/d177edd7-502e-4f3e-93c0-34b181220432
2019-11-13 00:26:10,576 [pool-37-thread-1] INFO  server.RaftServerConfigKeys (ConfUtils.java:logGet(43)) - raft.server.log.queue.byte-limit = 2147483647 (custom)
2019-11-13 00:26:10,576 [pool-37-thread-1] INFO  server.RaftServerConfigKeys (ConfUtils.java:logGet(43)) - raft.server.log.queue.element-limit = 1024 (custom)
2019-11-13 00:26:10,576 [pool-37-thread-1] INFO  server.RaftServerConfigKeys (ConfUtils.java:logGet(43)) - raft.server.log.segment.size.max = 1048576 (custom)
2019-11-13 00:26:10,577 [pool-37-thread-1] INFO  server.RaftServerConfigKeys (ConfUtils.java:logGet(43)) - raft.server.log.preallocated.size = 16384 (custom)
2019-11-13 00:26:10,577 [pool-37-thread-1] INFO  server.RaftServerConfigKeys (ConfUtils.java:logGet(43)) - raft.server.log.write.buffer.size = 33554432 (custom)
2019-11-13 00:26:10,577 [pool-37-thread-1] INFO  server.RaftServerConfigKeys (ConfUtils.java:logGet(43)) - raft.server.log.force.sync.num = 128 (default)
2019-11-13 00:26:10,577 [pool-37-thread-1] INFO  server.RaftServerConfigKeys (ConfUtils.java:logGet(43)) - raft.server.log.statemachine.data.sync = true (default)
2019-11-13 00:26:10,577 [pool-37-thread-1] INFO  server.RaftServerConfigKeys (ConfUtils.java:logGet(43)) - raft.server.log.statemachine.data.sync.timeout = 10s (default)
2019-11-13 00:26:10,577 [pool-37-thread-1] INFO  server.RaftServerConfigKeys (ConfUtils.java:logGet(43)) - raft.server.log.statemachine.data.sync.timeout.retry = -1 (default)
2019-11-13 00:26:10,578 [pool-37-thread-1] INFO  server.RaftServerConfigKeys (ConfUtils.java:logGet(43)) - raft.server.log.statemachine.data.caching.enabled = true (custom)
2019-11-13 00:26:10,578 [pool-37-thread-1] INFO  segmented.SegmentedRaftLogWorker (SegmentedRaftLogWorker.java:lambda$new$0(128)) - a98aee70-7acb-44b6-bef9-b88ed89af27b@group-34B181220432-SegmentedRaftLogWorker: flushIndex: setUnconditionally 0 -> -1
2019-11-13 00:26:10,579 [pool-37-thread-1] INFO  server.RaftServerConfigKeys (ConfUtils.java:logGet(43)) - raft.server.snapshot.auto.trigger.enabled = true (custom)
2019-11-13 00:26:10,579 [pool-37-thread-1] INFO  server.RaftServerConfigKeys (ConfUtils.java:logGet(43)) - raft.server.snapshot.auto.trigger.threshold = 10000 (custom)
2019-11-13 00:26:10,579 [pool-37-thread-1] INFO  server.RaftServerConfigKeys (ConfUtils.java:logGet(43)) - raft.server.snapshot.retention.file.num = 5 (custom)
2019-11-13 00:26:10,579 [pool-37-thread-1] INFO  server.RaftServerConfigKeys (ConfUtils.java:logGet(43)) - raft.server.retrycache.expirytime = 600000ms (custom)
2019-11-13 00:26:10,579 [pool-37-thread-1] WARN  impl.MetricRegistriesImpl (MetricRegistriesImpl.java:lambda$create$1(61)) - First MetricRegistry has been created without registering reporters. You may need to call MetricRegistries.global().addReportRegistration(...) before.
2019-11-13 00:26:10,580 [pool-37-thread-1] WARN  impl.MetricRegistriesImpl (MetricRegistriesImpl.java:lambda$create$1(61)) - First MetricRegistry has been created without registering reporters. You may need to call MetricRegistries.global().addReportRegistration(...) before.
2019-11-13 00:26:10,580 [pool-37-thread-1] INFO  impl.RaftServerImpl (RaftServerImpl.java:start(184)) - a98aee70-7acb-44b6-bef9-b88ed89af27b@group-34B181220432: start as a follower, conf=-1: [a98aee70-7acb-44b6-bef9-b88ed89af27b:192.168.164.236:41138], old=null
2019-11-13 00:26:10,580 [pool-37-thread-1] INFO  impl.RaftServerImpl (RaftServerImpl.java:setRole(173)) - a98aee70-7acb-44b6-bef9-b88ed89af27b@group-34B181220432: changes role from      null to FOLLOWER at term 0 for startAsFollower
2019-11-13 00:26:10,580 [pool-37-thread-1] INFO  impl.RoleInfo (RoleInfo.java:updateAndGet(143)) - a98aee70-7acb-44b6-bef9-b88ed89af27b: start FollowerState
2019-11-13 00:26:10,581 [pool-37-thread-1] INFO  util.JmxRegister (JmxRegister.java:tryRegister(44)) - Successfully registered JMX Bean with object name Ratis:service=RaftServer,group=group-34B181220432,id=a98aee70-7acb-44b6-bef9-b88ed89af27b
2019-11-13 00:26:10,581 [pool-37-thread-1] WARN  impl.MetricRegistriesImpl (MetricRegistriesImpl.java:lambda$create$1(61)) - First MetricRegistry has been created without registering reporters. You may need to call MetricRegistries.global().addReportRegistration(...) before.
2019-11-13 00:26:10,590 [RatisPipelineUtilsThread] INFO  pipeline.PipelineStateManager (PipelineStateManager.java:addPipeline(55)) - Created pipeline Pipeline[ Id: d177edd7-502e-4f3e-93c0-34b181220432, Nodes: a98aee70-7acb-44b6-bef9-b88ed89af27b{ip: 192.168.164.236, host: pr-hdds-2375-hvwjp-2869937553, networkLocation: /default-rack, certSerialId: null}, Type:RATIS, Factor:ONE, State:ALLOCATED]
2019-11-13 00:26:10,591 [Thread-178] INFO  pipeline.PipelineStateManager (PipelineStateManager.java:finalizePipeline(121)) - Pipeline Pipeline[ Id: 64f874de-7e10-4495-8649-995c99bf91ce, Nodes: 3a90a425-9eed-407b-8462-185910563181{ip: 192.168.164.236, host: pr-hdds-2375-hvwjp-2869937553, networkLocation: /default-rack, certSerialId: null}, Type:RATIS, Factor:ONE, State:CLOSED] moved to CLOSED state
2019-11-13 00:26:10,611 [grpc-default-executor-1] INFO  impl.RaftServerProxy (RaftServerProxy.java:remove(95)) - 3a90a425-9eed-407b-8462-185910563181: remove  FOLLOWER 3a90a425-9eed-407b-8462-185910563181@group-995C99BF91CE:t0, leader=null, voted=null, raftlog=3a90a425-9eed-407b-8462-185910563181@group-995C99BF91CE-SegmentedRaftLog:OPENED:c-1,f-1,i0, conf=-1: [3a90a425-9eed-407b-8462-185910563181:192.168.164.236:46749], old=null RUNNING
2019-11-13 00:26:10,611 [grpc-default-executor-1] INFO  impl.RaftServerImpl (RaftServerImpl.java:lambda$shutdown$3(250)) - 3a90a425-9eed-407b-8462-185910563181@group-995C99BF91CE: shutdown
2019-11-13 00:26:10,611 [grpc-default-executor-1] INFO  util.JmxRegister (JmxRegister.java:unregister(73)) - Successfully un-registered JMX Bean with object name Ratis:service=RaftServer,group=group-995C99BF91CE,id=3a90a425-9eed-407b-8462-185910563181
2019-11-13 00:26:10,612 [grpc-default-executor-1] INFO  impl.RoleInfo (RoleInfo.java:shutdownFollowerState(121)) - 3a90a425-9eed-407b-8462-185910563181: shutdown FollowerState
2019-11-13 00:26:10,612 [grpc-default-executor-1] INFO  impl.StateMachineUpdater (StateMachineUpdater.java:stopAndJoin(136)) - 3a90a425-9eed-407b-8462-185910563181@group-995C99BF91CE-StateMachineUpdater: set stopIndex = -1
2019-11-13 00:26:10,612 [Thread-180] INFO  impl.FollowerState (FollowerState.java:run(120)) - 3a90a425-9eed-407b-8462-185910563181@group-995C99BF91CE-FollowerState was interrupted: java.lang.InterruptedException: sleep interrupted
2019-11-13 00:26:10,614 [grpc-default-executor-1] INFO  impl.RaftServerImpl (ServerState.java:close(387)) - 3a90a425-9eed-407b-8462-185910563181@group-995C99BF91CE: closes. applyIndex: -1
2019-11-13 00:26:10,614 [3a90a425-9eed-407b-8462-185910563181@group-995C99BF91CE-SegmentedRaftLogWorker] INFO  segmented.SegmentedRaftLogWorker (SegmentedRaftLogWorker.java:run(316)) - 3a90a425-9eed-407b-8462-185910563181@group-995C99BF91CE-SegmentedRaftLogWorker was interrupted, exiting. There are 0 tasks remaining in the queue.
2019-11-13 00:26:10,615 [grpc-default-executor-1] INFO  segmented.SegmentedRaftLogWorker (SegmentedRaftLogWorker.java:close(224)) - 3a90a425-9eed-407b-8462-185910563181@group-995C99BF91CE-SegmentedRaftLogWorker close()
2019-11-13 00:26:10,623 [Thread-178] INFO  pipeline.PipelineStateManager (PipelineStateManager.java:removePipeline(106)) - Pipeline Pipeline[ Id: 64f874de-7e10-4495-8649-995c99bf91ce, Nodes: 3a90a425-9eed-407b-8462-185910563181{ip: 192.168.164.236, host: pr-hdds-2375-hvwjp-2869937553, networkLocation: /default-rack, certSerialId: null}, Type:RATIS, Factor:ONE, State:CLOSED] removed from db
2019-11-13 00:26:10,624 [Thread-178] INFO  pipeline.SCMPipelineManager (SCMPipelineManager.java:finalizeAndDestroyPipeline(315)) - destroying pipeline:Pipeline[ Id: ed4c264b-f98b-410d-a15a-b2b2794e75c0, Nodes: a98aee70-7acb-44b6-bef9-b88ed89af27b{ip: 192.168.164.236, host: pr-hdds-2375-hvwjp-2869937553, networkLocation: /default-rack, certSerialId: null}2b77e794-d932-4db8-b050-374a0d299f29{ip: 192.168.164.236, host: pr-hdds-2375-hvwjp-2869937553, networkLocation: /default-rack, certSerialId: null}3a90a425-9eed-407b-8462-185910563181{ip: 192.168.164.236, host: pr-hdds-2375-hvwjp-2869937553, networkLocation: /default-rack, certSerialId: null}, Type:RATIS, Factor:THREE, State:ALLOCATED]
2019-11-13 00:26:10,635 [grpc-default-executor-1] INFO  impl.RaftServerProxy (RaftServerProxy.java:addNew(89)) - 3a90a425-9eed-407b-8462-185910563181: addNew group-594412BB2BC8:[3a90a425-9eed-407b-8462-185910563181:192.168.164.236:46749] returns group-594412BB2BC8:java.util.concurrent.CompletableFuture@2f3dc404[Not completed]
2019-11-13 00:26:10,637 [pool-27-thread-1] INFO  impl.RaftServerImpl (RaftServerImpl.java:<init>(98)) - 3a90a425-9eed-407b-8462-185910563181: new RaftServerImpl for group-594412BB2BC8:[3a90a425-9eed-407b-8462-185910563181:192.168.164.236:46749] with ContainerStateMachine:uninitialized
2019-11-13 00:26:10,638 [pool-27-thread-1] INFO  server.RaftServerConfigKeys (ConfUtils.java:logGet(43)) - raft.server.rpc.timeout.min = 5s (custom)
2019-11-13 00:26:10,638 [pool-27-thread-1] INFO  server.RaftServerConfigKeys (ConfUtils.java:logGet(43)) - raft.server.rpc.timeout.max = 5200ms (custom)
2019-11-13 00:26:10,638 [pool-27-thread-1] INFO  server.RaftServerConfigKeys (ConfUtils.java:logGet(43)) - raft.server.rpcslowness.timeout = 120s (custom)
2019-11-13 00:26:10,638 [pool-27-thread-1] INFO  server.RaftServerConfigKeys (ConfUtils.java:logGet(43)) - raft.server.sleep.deviation.threshold = 300 (default)
2019-11-13 00:26:10,638 [pool-27-thread-1] INFO  server.RaftServerConfigKeys (ConfUtils.java:logGet(43)) - raft.server.log.appender.install.snapshot.enabled = false (custom)
2019-11-13 00:26:10,639 [pool-27-thread-1] INFO  impl.RaftServerImpl (ServerState.java:<init>(103)) - 3a90a425-9eed-407b-8462-185910563181@group-594412BB2BC8: ConfigurationManager, init=-1: [3a90a425-9eed-407b-8462-185910563181:192.168.164.236:46749], old=null, confs=<EMPTY_MAP>
2019-11-13 00:26:10,639 [pool-27-thread-1] INFO  server.RaftServerConfigKeys (ConfUtils.java:logGet(43)) - raft.server.storage.dir = [/workdir/hadoop-ozone/tools/target/test-dir/MiniOzoneClusterImpl-6e227885-a821-486c-968a-17dd64ddd23b/datanode-0/data/ratis] (custom)
2019-11-13 00:26:10,639 [pool-27-thread-1] INFO  server.RaftServerConfigKeys (ConfUtils.java:logGet(43)) - raft.server.log.corruption.policy = EXCEPTION (default)
2019-11-13 00:26:10,639 [pool-27-thread-1] INFO  storage.RaftStorageDirectory (RaftStorageDirectory.java:analyzeStorage(246)) - The storage directory /workdir/hadoop-ozone/tools/target/test-dir/MiniOzoneClusterImpl-6e227885-a821-486c-968a-17dd64ddd23b/datanode-0/data/ratis/83680992-f182-43c8-bbc0-594412bb2bc8 does not exist. Creating ...
2019-11-13 00:26:10,652 [pool-27-thread-1] INFO  storage.RaftStorageDirectory (RaftStorageDirectory.java:tryLock(328)) - Lock on /workdir/hadoop-ozone/tools/target/test-dir/MiniOzoneClusterImpl-6e227885-a821-486c-968a-17dd64ddd23b/datanode-0/data/ratis/83680992-f182-43c8-bbc0-594412bb2bc8/in_use.lock acquired by nodename 24215@pr-hdds-2375-hvwjp-2869937553
2019-11-13 00:26:10,655 [pool-27-thread-1] INFO  storage.RaftStorage (RaftStorage.java:format(84)) - Storage directory /workdir/hadoop-ozone/tools/target/test-dir/MiniOzoneClusterImpl-6e227885-a821-486c-968a-17dd64ddd23b/datanode-0/data/ratis/83680992-f182-43c8-bbc0-594412bb2bc8 has been successfully formatted.
2019-11-13 00:26:10,656 [pool-27-thread-1] INFO  ratis.ContainerStateMachine (ContainerStateMachine.java:loadSnapshot(223)) - group-594412BB2BC8: The snapshot info is null. Setting the last applied indexto:(t:0, i:~)
2019-11-13 00:26:10,656 [pool-27-thread-1] INFO  server.RaftServerConfigKeys (ConfUtils.java:logGet(43)) - raft.server.notification.no-leader.timeout = 120s (custom)
2019-11-13 00:26:10,656 [pool-27-thread-1] INFO  server.RaftServerConfigKeys (ConfUtils.java:logGet(43)) - raft.server.log.use.memory = false (default)
2019-11-13 00:26:10,656 [pool-27-thread-1] INFO  server.RaftServerConfigKeys (ConfUtils.java:logGet(43)) - raft.server.log.purge.gap = 1000000 (custom)
2019-11-13 00:26:10,656 [pool-27-thread-1] INFO  server.RaftServerConfigKeys (ConfUtils.java:logGet(43)) - raft.server.log.appender.buffer.byte-limit = 33554432 (custom)
2019-11-13 00:26:10,656 [pool-27-thread-1] INFO  server.RaftServerConfigKeys (ConfUtils.java:logGet(43)) - raft.server.log.segment.size.max = 1048576 (custom)
2019-11-13 00:26:10,657 [pool-27-thread-1] INFO  server.RaftServerConfigKeys (ConfUtils.java:logGet(43)) - raft.server.log.segment.cache.num.max = 2 (custom)
2019-11-13 00:26:10,657 [pool-27-thread-1] INFO  segmented.SegmentedRaftLogWorker (SegmentedRaftLogWorker.java:<init>(173)) - new 3a90a425-9eed-407b-8462-185910563181@group-594412BB2BC8-SegmentedRaftLogWorker for RaftStorage:Storage Directory /workdir/hadoop-ozone/tools/target/test-dir/MiniOzoneClusterImpl-6e227885-a821-486c-968a-17dd64ddd23b/datanode-0/data/ratis/83680992-f182-43c8-bbc0-594412bb2bc8
2019-11-13 00:26:10,657 [pool-27-thread-1] INFO  server.RaftServerConfigKeys (ConfUtils.java:logGet(43)) - raft.server.log.queue.byte-limit = 2147483647 (custom)
2019-11-13 00:26:10,657 [pool-27-thread-1] INFO  server.RaftServerConfigKeys (ConfUtils.java:logGet(43)) - raft.server.log.queue.element-limit = 1024 (custom)
2019-11-13 00:26:10,657 [pool-27-thread-1] INFO  server.RaftServerConfigKeys (ConfUtils.java:logGet(43)) - raft.server.log.segment.size.max = 1048576 (custom)
2019-11-13 00:26:10,657 [pool-27-thread-1] INFO  server.RaftServerConfigKeys (ConfUtils.java:logGet(43)) - raft.server.log.preallocated.size = 16384 (custom)
2019-11-13 00:26:10,657 [pool-27-thread-1] INFO  server.RaftServerConfigKeys (ConfUtils.java:logGet(43)) - raft.server.log.write.buffer.size = 33554432 (custom)
2019-11-13 00:26:10,657 [pool-27-thread-1] INFO  server.RaftServerConfigKeys (ConfUtils.java:logGet(43)) - raft.server.log.force.sync.num = 128 (default)
2019-11-13 00:26:10,658 [pool-27-thread-1] INFO  server.RaftServerConfigKeys (ConfUtils.java:logGet(43)) - raft.server.log.statemachine.data.sync = true (default)
2019-11-13 00:26:10,658 [pool-27-thread-1] INFO  server.RaftServerConfigKeys (ConfUtils.java:logGet(43)) - raft.server.log.statemachine.data.sync.timeout = 10s (default)
2019-11-13 00:26:10,658 [pool-27-thread-1] INFO  server.RaftServerConfigKeys (ConfUtils.java:logGet(43)) - raft.server.log.statemachine.data.sync.timeout.retry = -1 (default)
2019-11-13 00:26:10,658 [pool-27-thread-1] INFO  server.RaftServerConfigKeys (ConfUtils.java:logGet(43)) - raft.server.log.statemachine.data.caching.enabled = true (custom)
2019-11-13 00:26:10,659 [pool-27-thread-1] INFO  segmented.SegmentedRaftLogWorker (SegmentedRaftLogWorker.java:lambda$new$0(128)) - 3a90a425-9eed-407b-8462-185910563181@group-594412BB2BC8-SegmentedRaftLogWorker: flushIndex: setUnconditionally 0 -> -1
2019-11-13 00:26:10,659 [pool-27-thread-1] INFO  server.RaftServerConfigKeys (ConfUtils.java:logGet(43)) - raft.server.snapshot.auto.trigger.enabled = true (custom)
2019-11-13 00:26:10,659 [pool-27-thread-1] INFO  server.RaftServerConfigKeys (ConfUtils.java:logGet(43)) - raft.server.snapshot.auto.trigger.threshold = 10000 (custom)
2019-11-13 00:26:10,659 [pool-27-thread-1] INFO  server.RaftServerConfigKeys (ConfUtils.java:logGet(43)) - raft.server.snapshot.retention.file.num = 5 (custom)
2019-11-13 00:26:10,659 [pool-27-thread-1] INFO  server.RaftServerConfigKeys (ConfUtils.java:logGet(43)) - raft.server.retrycache.expirytime = 600000ms (custom)
2019-11-13 00:26:10,660 [pool-27-thread-1] WARN  impl.MetricRegistriesImpl (MetricRegistriesImpl.java:lambda$create$1(61)) - First MetricRegistry has been created without registering reporters. You may need to call MetricRegistries.global().addReportRegistration(...) before.
2019-11-13 00:26:10,660 [pool-27-thread-1] WARN  impl.MetricRegistriesImpl (MetricRegistriesImpl.java:lambda$create$1(61)) - First MetricRegistry has been created without registering reporters. You may need to call MetricRegistries.global().addReportRegistration(...) before.
2019-11-13 00:26:10,660 [pool-27-thread-1] INFO  impl.RaftServerImpl (RaftServerImpl.java:start(184)) - 3a90a425-9eed-407b-8462-185910563181@group-594412BB2BC8: start as a follower, conf=-1: [3a90a425-9eed-407b-8462-185910563181:192.168.164.236:46749], old=null
2019-11-13 00:26:10,660 [pool-27-thread-1] INFO  impl.RaftServerImpl (RaftServerImpl.java:setRole(173)) - 3a90a425-9eed-407b-8462-185910563181@group-594412BB2BC8: changes role from      null to FOLLOWER at term 0 for startAsFollower
2019-11-13 00:26:10,660 [pool-27-thread-1] INFO  impl.RoleInfo (RoleInfo.java:updateAndGet(143)) - 3a90a425-9eed-407b-8462-185910563181: start FollowerState
2019-11-13 00:26:10,661 [pool-27-thread-1] INFO  util.JmxRegister (JmxRegister.java:tryRegister(44)) - Successfully registered JMX Bean with object name Ratis:service=RaftServer,group=group-594412BB2BC8,id=3a90a425-9eed-407b-8462-185910563181
2019-11-13 00:26:10,661 [pool-27-thread-1] WARN  impl.MetricRegistriesImpl (MetricRegistriesImpl.java:lambda$create$1(61)) - First MetricRegistry has been created without registering reporters. You may need to call MetricRegistries.global().addReportRegistration(...) before.
2019-11-13 00:26:10,667 [RatisPipelineUtilsThread] INFO  pipeline.PipelineStateManager (PipelineStateManager.java:addPipeline(55)) - Created pipeline Pipeline[ Id: 83680992-f182-43c8-bbc0-594412bb2bc8, Nodes: 3a90a425-9eed-407b-8462-185910563181{ip: 192.168.164.236, host: pr-hdds-2375-hvwjp-2869937553, networkLocation: /default-rack, certSerialId: null}, Type:RATIS, Factor:ONE, State:ALLOCATED]
2019-11-13 00:26:10,668 [Thread-178] INFO  pipeline.PipelineStateManager (PipelineStateManager.java:finalizePipeline(121)) - Pipeline Pipeline[ Id: ed4c264b-f98b-410d-a15a-b2b2794e75c0, Nodes: a98aee70-7acb-44b6-bef9-b88ed89af27b{ip: 192.168.164.236, host: pr-hdds-2375-hvwjp-2869937553, networkLocation: /default-rack, certSerialId: null}2b77e794-d932-4db8-b050-374a0d299f29{ip: 192.168.164.236, host: pr-hdds-2375-hvwjp-2869937553, networkLocation: /default-rack, certSerialId: null}3a90a425-9eed-407b-8462-185910563181{ip: 192.168.164.236, host: pr-hdds-2375-hvwjp-2869937553, networkLocation: /default-rack, certSerialId: null}, Type:RATIS, Factor:THREE, State:CLOSED] moved to CLOSED state
2019-11-13 00:26:10,677 [grpc-default-executor-1] INFO  impl.RaftServerProxy (RaftServerProxy.java:remove(95)) - a98aee70-7acb-44b6-bef9-b88ed89af27b: remove  FOLLOWER a98aee70-7acb-44b6-bef9-b88ed89af27b@group-B2B2794E75C0:t0, leader=null, voted=null, raftlog=a98aee70-7acb-44b6-bef9-b88ed89af27b@group-B2B2794E75C0-SegmentedRaftLog:OPENED:c-1,f-1,i0, conf=-1: [2b77e794-d932-4db8-b050-374a0d299f29:192.168.164.236:43659, a98aee70-7acb-44b6-bef9-b88ed89af27b:192.168.164.236:41138, 3a90a425-9eed-407b-8462-185910563181:192.168.164.236:46749], old=null RUNNING
2019-11-13 00:26:10,677 [grpc-default-executor-1] INFO  impl.RaftServerImpl (RaftServerImpl.java:lambda$shutdown$3(250)) - a98aee70-7acb-44b6-bef9-b88ed89af27b@group-B2B2794E75C0: shutdown
2019-11-13 00:26:10,678 [grpc-default-executor-1] INFO  util.JmxRegister (JmxRegister.java:unregister(73)) - Successfully un-registered JMX Bean with object name Ratis:service=RaftServer,group=group-B2B2794E75C0,id=a98aee70-7acb-44b6-bef9-b88ed89af27b
2019-11-13 00:26:10,678 [grpc-default-executor-1] INFO  impl.RoleInfo (RoleInfo.java:shutdownFollowerState(121)) - a98aee70-7acb-44b6-bef9-b88ed89af27b: shutdown FollowerState
2019-11-13 00:26:10,678 [grpc-default-executor-1] INFO  impl.StateMachineUpdater (StateMachineUpdater.java:stopAndJoin(136)) - a98aee70-7acb-44b6-bef9-b88ed89af27b@group-B2B2794E75C0-StateMachineUpdater: set stopIndex = -1
2019-11-13 00:26:10,678 [Thread-192] INFO  impl.FollowerState (FollowerState.java:run(120)) - a98aee70-7acb-44b6-bef9-b88ed89af27b@group-B2B2794E75C0-FollowerState was interrupted: java.lang.InterruptedException: sleep interrupted
2019-11-13 00:26:10,679 [grpc-default-executor-1] INFO  impl.RaftServerImpl (ServerState.java:close(387)) - a98aee70-7acb-44b6-bef9-b88ed89af27b@group-B2B2794E75C0: closes. applyIndex: -1
2019-11-13 00:26:10,680 [a98aee70-7acb-44b6-bef9-b88ed89af27b@group-B2B2794E75C0-SegmentedRaftLogWorker] INFO  segmented.SegmentedRaftLogWorker (SegmentedRaftLogWorker.java:run(316)) - a98aee70-7acb-44b6-bef9-b88ed89af27b@group-B2B2794E75C0-SegmentedRaftLogWorker was interrupted, exiting. There are 0 tasks remaining in the queue.
2019-11-13 00:26:10,681 [grpc-default-executor-1] INFO  segmented.SegmentedRaftLogWorker (SegmentedRaftLogWorker.java:close(224)) - a98aee70-7acb-44b6-bef9-b88ed89af27b@group-B2B2794E75C0-SegmentedRaftLogWorker close()
2019-11-13 00:26:10,697 [grpc-default-executor-1] INFO  impl.RaftServerProxy (RaftServerProxy.java:remove(95)) - 2b77e794-d932-4db8-b050-374a0d299f29: remove  FOLLOWER 2b77e794-d932-4db8-b050-374a0d299f29@group-B2B2794E75C0:t0, leader=null, voted=null, raftlog=2b77e794-d932-4db8-b050-374a0d299f29@group-B2B2794E75C0-SegmentedRaftLog:OPENED:c-1,f-1,i0, conf=-1: [2b77e794-d932-4db8-b050-374a0d299f29:192.168.164.236:43659, a98aee70-7acb-44b6-bef9-b88ed89af27b:192.168.164.236:41138, 3a90a425-9eed-407b-8462-185910563181:192.168.164.236:46749], old=null RUNNING
2019-11-13 00:26:10,697 [grpc-default-executor-1] INFO  impl.RaftServerImpl (RaftServerImpl.java:lambda$shutdown$3(250)) - 2b77e794-d932-4db8-b050-374a0d299f29@group-B2B2794E75C0: shutdown
2019-11-13 00:26:10,697 [grpc-default-executor-1] INFO  util.JmxRegister (JmxRegister.java:unregister(73)) - Successfully un-registered JMX Bean with object name Ratis:service=RaftServer,group=group-B2B2794E75C0,id=2b77e794-d932-4db8-b050-374a0d299f29
2019-11-13 00:26:10,698 [grpc-default-executor-1] INFO  impl.RoleInfo (RoleInfo.java:shutdownFollowerState(121)) - 2b77e794-d932-4db8-b050-374a0d299f29: shutdown FollowerState
2019-11-13 00:26:10,698 [grpc-default-executor-1] INFO  impl.StateMachineUpdater (StateMachineUpdater.java:stopAndJoin(136)) - 2b77e794-d932-4db8-b050-374a0d299f29@group-B2B2794E75C0-StateMachineUpdater: set stopIndex = -1
2019-11-13 00:26:10,698 [Thread-195] INFO  impl.FollowerState (FollowerState.java:run(120)) - 2b77e794-d932-4db8-b050-374a0d299f29@group-B2B2794E75C0-FollowerState was interrupted: java.lang.InterruptedException: sleep interrupted
2019-11-13 00:26:10,699 [grpc-default-executor-1] INFO  impl.RaftServerImpl (ServerState.java:close(387)) - 2b77e794-d932-4db8-b050-374a0d299f29@group-B2B2794E75C0: closes. applyIndex: -1
2019-11-13 00:26:10,700 [2b77e794-d932-4db8-b050-374a0d299f29@group-B2B2794E75C0-SegmentedRaftLogWorker] INFO  segmented.SegmentedRaftLogWorker (SegmentedRaftLogWorker.java:run(316)) - 2b77e794-d932-4db8-b050-374a0d299f29@group-B2B2794E75C0-SegmentedRaftLogWorker was interrupted, exiting. There are 0 tasks remaining in the queue.
2019-11-13 00:26:10,700 [grpc-default-executor-1] INFO  segmented.SegmentedRaftLogWorker (SegmentedRaftLogWorker.java:close(224)) - 2b77e794-d932-4db8-b050-374a0d299f29@group-B2B2794E75C0-SegmentedRaftLogWorker close()
2019-11-13 00:26:10,735 [grpc-default-executor-1] INFO  impl.RaftServerProxy (RaftServerProxy.java:remove(95)) - 3a90a425-9eed-407b-8462-185910563181: remove  FOLLOWER 3a90a425-9eed-407b-8462-185910563181@group-B2B2794E75C0:t0, leader=null, voted=null, raftlog=3a90a425-9eed-407b-8462-185910563181@group-B2B2794E75C0-SegmentedRaftLog:OPENED:c-1,f-1,i0, conf=-1: [2b77e794-d932-4db8-b050-374a0d299f29:192.168.164.236:43659, a98aee70-7acb-44b6-bef9-b88ed89af27b:192.168.164.236:41138, 3a90a425-9eed-407b-8462-185910563181:192.168.164.236:46749], old=null RUNNING
2019-11-13 00:26:10,735 [grpc-default-executor-1] INFO  impl.RaftServerImpl (RaftServerImpl.java:lambda$shutdown$3(250)) - 3a90a425-9eed-407b-8462-185910563181@group-B2B2794E75C0: shutdown
2019-11-13 00:26:10,737 [grpc-default-executor-1] INFO  util.JmxRegister (JmxRegister.java:unregister(73)) - Successfully un-registered JMX Bean with object name Ratis:service=RaftServer,group=group-B2B2794E75C0,id=3a90a425-9eed-407b-8462-185910563181
2019-11-13 00:26:10,738 [grpc-default-executor-1] INFO  impl.RoleInfo (RoleInfo.java:shutdownFollowerState(121)) - 3a90a425-9eed-407b-8462-185910563181: shutdown FollowerState
2019-11-13 00:26:10,739 [grpc-default-executor-1] INFO  impl.StateMachineUpdater (StateMachineUpdater.java:stopAndJoin(136)) - 3a90a425-9eed-407b-8462-185910563181@group-B2B2794E75C0-StateMachineUpdater: set stopIndex = -1
2019-11-13 00:26:10,739 [Thread-190] INFO  impl.FollowerState (FollowerState.java:run(120)) - 3a90a425-9eed-407b-8462-185910563181@group-B2B2794E75C0-FollowerState was interrupted: java.lang.InterruptedException: sleep interrupted
2019-11-13 00:26:10,741 [grpc-default-executor-1] INFO  impl.RaftServerImpl (ServerState.java:close(387)) - 3a90a425-9eed-407b-8462-185910563181@group-B2B2794E75C0: closes. applyIndex: -1
2019-11-13 00:26:10,743 [3a90a425-9eed-407b-8462-185910563181@group-B2B2794E75C0-SegmentedRaftLogWorker] INFO  segmented.SegmentedRaftLogWorker (SegmentedRaftLogWorker.java:run(316)) - 3a90a425-9eed-407b-8462-185910563181@group-B2B2794E75C0-SegmentedRaftLogWorker was interrupted, exiting. There are 0 tasks remaining in the queue.
2019-11-13 00:26:10,743 [grpc-default-executor-1] INFO  segmented.SegmentedRaftLogWorker (SegmentedRaftLogWorker.java:close(224)) - 3a90a425-9eed-407b-8462-185910563181@group-B2B2794E75C0-SegmentedRaftLogWorker close()
2019-11-13 00:26:10,750 [Thread-178] INFO  pipeline.PipelineStateManager (PipelineStateManager.java:removePipeline(106)) - Pipeline Pipeline[ Id: ed4c264b-f98b-410d-a15a-b2b2794e75c0, Nodes: a98aee70-7acb-44b6-bef9-b88ed89af27b{ip: 192.168.164.236, host: pr-hdds-2375-hvwjp-2869937553, networkLocation: /default-rack, certSerialId: null}2b77e794-d932-4db8-b050-374a0d299f29{ip: 192.168.164.236, host: pr-hdds-2375-hvwjp-2869937553, networkLocation: /default-rack, certSerialId: null}3a90a425-9eed-407b-8462-185910563181{ip: 192.168.164.236, host: pr-hdds-2375-hvwjp-2869937553, networkLocation: /default-rack, certSerialId: null}, Type:RATIS, Factor:THREE, State:CLOSED] removed from db
2019-11-13 00:26:10,750 [Thread-178] INFO  pipeline.SCMPipelineManager (SCMPipelineManager.java:finalizeAndDestroyPipeline(315)) - destroying pipeline:Pipeline[ Id: 1168ccc9-8d88-45d8-a9bf-b23a9ce3585d, Nodes: 2b77e794-d932-4db8-b050-374a0d299f29{ip: 192.168.164.236, host: pr-hdds-2375-hvwjp-2869937553, networkLocation: /default-rack, certSerialId: null}, Type:RATIS, Factor:ONE, State:ALLOCATED]
2019-11-13 00:26:10,763 [grpc-default-executor-0] INFO  impl.RaftServerProxy (RaftServerProxy.java:addNew(89)) - 3a90a425-9eed-407b-8462-185910563181: addNew group-8FAB73ED67BD:[2b77e794-d932-4db8-b050-374a0d299f29:192.168.164.236:43659, a98aee70-7acb-44b6-bef9-b88ed89af27b:192.168.164.236:41138, 3a90a425-9eed-407b-8462-185910563181:192.168.164.236:46749] returns group-8FAB73ED67BD:java.util.concurrent.CompletableFuture@4445c459[Not completed]
2019-11-13 00:26:10,765 [grpc-default-executor-1] INFO  impl.RaftServerProxy (RaftServerProxy.java:addNew(89)) - 2b77e794-d932-4db8-b050-374a0d299f29: addNew group-8FAB73ED67BD:[2b77e794-d932-4db8-b050-374a0d299f29:192.168.164.236:43659, a98aee70-7acb-44b6-bef9-b88ed89af27b:192.168.164.236:41138, 3a90a425-9eed-407b-8462-185910563181:192.168.164.236:46749] returns group-8FAB73ED67BD:java.util.concurrent.CompletableFuture@6a0be763[Not completed]
2019-11-13 00:26:10,766 [pool-27-thread-1] INFO  impl.RaftServerImpl (RaftServerImpl.java:<init>(98)) - 3a90a425-9eed-407b-8462-185910563181: new RaftServerImpl for group-8FAB73ED67BD:[2b77e794-d932-4db8-b050-374a0d299f29:192.168.164.236:43659, a98aee70-7acb-44b6-bef9-b88ed89af27b:192.168.164.236:41138, 3a90a425-9eed-407b-8462-185910563181:192.168.164.236:46749] with ContainerStateMachine:uninitialized
2019-11-13 00:26:10,766 [pool-27-thread-1] INFO  server.RaftServerConfigKeys (ConfUtils.java:logGet(43)) - raft.server.rpc.timeout.min = 5s (custom)
2019-11-13 00:26:10,766 [pool-27-thread-1] INFO  server.RaftServerConfigKeys (ConfUtils.java:logGet(43)) - raft.server.rpc.timeout.max = 5200ms (custom)
2019-11-13 00:26:10,766 [pool-27-thread-1] INFO  server.RaftServerConfigKeys (ConfUtils.java:logGet(43)) - raft.server.rpcslowness.timeout = 120s (custom)
2019-11-13 00:26:10,766 [pool-27-thread-1] INFO  server.RaftServerConfigKeys (ConfUtils.java:logGet(43)) - raft.server.sleep.deviation.threshold = 300 (default)
2019-11-13 00:26:10,766 [pool-27-thread-1] INFO  server.RaftServerConfigKeys (ConfUtils.java:logGet(43)) - raft.server.log.appender.install.snapshot.enabled = false (custom)
2019-11-13 00:26:10,766 [pool-27-thread-1] INFO  impl.RaftServerImpl (ServerState.java:<init>(103)) - 3a90a425-9eed-407b-8462-185910563181@group-8FAB73ED67BD: ConfigurationManager, init=-1: [2b77e794-d932-4db8-b050-374a0d299f29:192.168.164.236:43659, a98aee70-7acb-44b6-bef9-b88ed89af27b:192.168.164.236:41138, 3a90a425-9eed-407b-8462-185910563181:192.168.164.236:46749], old=null, confs=<EMPTY_MAP>
2019-11-13 00:26:10,766 [pool-27-thread-1] INFO  server.RaftServerConfigKeys (ConfUtils.java:logGet(43)) - raft.server.storage.dir = [/workdir/hadoop-ozone/tools/target/test-dir/MiniOzoneClusterImpl-6e227885-a821-486c-968a-17dd64ddd23b/datanode-0/data/ratis] (custom)
2019-11-13 00:26:10,766 [pool-47-thread-1] INFO  impl.RaftServerImpl (RaftServerImpl.java:<init>(98)) - 2b77e794-d932-4db8-b050-374a0d299f29: new RaftServerImpl for group-8FAB73ED67BD:[2b77e794-d932-4db8-b050-374a0d299f29:192.168.164.236:43659, a98aee70-7acb-44b6-bef9-b88ed89af27b:192.168.164.236:41138, 3a90a425-9eed-407b-8462-185910563181:192.168.164.236:46749] with ContainerStateMachine:uninitialized
2019-11-13 00:26:10,767 [pool-27-thread-1] INFO  server.RaftServerConfigKeys (ConfUtils.java:logGet(43)) - raft.server.log.corruption.policy = EXCEPTION (default)
2019-11-13 00:26:10,767 [pool-47-thread-1] INFO  server.RaftServerConfigKeys (ConfUtils.java:logGet(43)) - raft.server.rpc.timeout.min = 5s (custom)
2019-11-13 00:26:10,767 [pool-27-thread-1] INFO  storage.RaftStorageDirectory (RaftStorageDirectory.java:analyzeStorage(246)) - The storage directory /workdir/hadoop-ozone/tools/target/test-dir/MiniOzoneClusterImpl-6e227885-a821-486c-968a-17dd64ddd23b/datanode-0/data/ratis/27fa0851-da9c-4ab1-a8fd-8fab73ed67bd does not exist. Creating ...
2019-11-13 00:26:10,767 [pool-47-thread-1] INFO  server.RaftServerConfigKeys (ConfUtils.java:logGet(43)) - raft.server.rpc.timeout.max = 5200ms (custom)
2019-11-13 00:26:10,767 [pool-47-thread-1] INFO  server.RaftServerConfigKeys (ConfUtils.java:logGet(43)) - raft.server.rpcslowness.timeout = 120s (custom)
2019-11-13 00:26:10,767 [pool-47-thread-1] INFO  server.RaftServerConfigKeys (ConfUtils.java:logGet(43)) - raft.server.sleep.deviation.threshold = 300 (default)
2019-11-13 00:26:10,768 [pool-47-thread-1] INFO  server.RaftServerConfigKeys (ConfUtils.java:logGet(43)) - raft.server.log.appender.install.snapshot.enabled = false (custom)
2019-11-13 00:26:10,768 [pool-47-thread-1] INFO  impl.RaftServerImpl (ServerState.java:<init>(103)) - 2b77e794-d932-4db8-b050-374a0d299f29@group-8FAB73ED67BD: ConfigurationManager, init=-1: [2b77e794-d932-4db8-b050-374a0d299f29:192.168.164.236:43659, a98aee70-7acb-44b6-bef9-b88ed89af27b:192.168.164.236:41138, 3a90a425-9eed-407b-8462-185910563181:192.168.164.236:46749], old=null, confs=<EMPTY_MAP>
2019-11-13 00:26:10,768 [pool-47-thread-1] INFO  server.RaftServerConfigKeys (ConfUtils.java:logGet(43)) - raft.server.storage.dir = [/workdir/hadoop-ozone/tools/target/test-dir/MiniOzoneClusterImpl-6e227885-a821-486c-968a-17dd64ddd23b/datanode-2/data/ratis] (custom)
2019-11-13 00:26:10,768 [pool-47-thread-1] INFO  server.RaftServerConfigKeys (ConfUtils.java:logGet(43)) - raft.server.log.corruption.policy = EXCEPTION (default)
2019-11-13 00:26:10,768 [pool-47-thread-1] INFO  storage.RaftStorageDirectory (RaftStorageDirectory.java:analyzeStorage(246)) - The storage directory /workdir/hadoop-ozone/tools/target/test-dir/MiniOzoneClusterImpl-6e227885-a821-486c-968a-17dd64ddd23b/datanode-2/data/ratis/27fa0851-da9c-4ab1-a8fd-8fab73ed67bd does not exist. Creating ...
2019-11-13 00:26:10,768 [grpc-default-executor-1] INFO  impl.RaftServerProxy (RaftServerProxy.java:addNew(89)) - a98aee70-7acb-44b6-bef9-b88ed89af27b: addNew group-8FAB73ED67BD:[2b77e794-d932-4db8-b050-374a0d299f29:192.168.164.236:43659, a98aee70-7acb-44b6-bef9-b88ed89af27b:192.168.164.236:41138, 3a90a425-9eed-407b-8462-185910563181:192.168.164.236:46749] returns group-8FAB73ED67BD:java.util.concurrent.CompletableFuture@60dffb6c[Not completed]
2019-11-13 00:26:10,770 [pool-37-thread-1] INFO  impl.RaftServerImpl (RaftServerImpl.java:<init>(98)) - a98aee70-7acb-44b6-bef9-b88ed89af27b: new RaftServerImpl for group-8FAB73ED67BD:[2b77e794-d932-4db8-b050-374a0d299f29:192.168.164.236:43659, a98aee70-7acb-44b6-bef9-b88ed89af27b:192.168.164.236:41138, 3a90a425-9eed-407b-8462-185910563181:192.168.164.236:46749] with ContainerStateMachine:uninitialized
2019-11-13 00:26:10,770 [pool-37-thread-1] INFO  server.RaftServerConfigKeys (ConfUtils.java:logGet(43)) - raft.server.rpc.timeout.min = 5s (custom)
2019-11-13 00:26:10,770 [pool-37-thread-1] INFO  server.RaftServerConfigKeys (ConfUtils.java:logGet(43)) - raft.server.rpc.timeout.max = 5200ms (custom)
2019-11-13 00:26:10,771 [pool-37-thread-1] INFO  server.RaftServerConfigKeys (ConfUtils.java:logGet(43)) - raft.server.rpcslowness.timeout = 120s (custom)
2019-11-13 00:26:10,771 [pool-37-thread-1] INFO  server.RaftServerConfigKeys (ConfUtils.java:logGet(43)) - raft.server.sleep.deviation.threshold = 300 (default)
2019-11-13 00:26:10,771 [pool-37-thread-1] INFO  server.RaftServerConfigKeys (ConfUtils.java:logGet(43)) - raft.server.log.appender.install.snapshot.enabled = false (custom)
2019-11-13 00:26:10,771 [pool-37-thread-1] INFO  impl.RaftServerImpl (ServerState.java:<init>(103)) - a98aee70-7acb-44b6-bef9-b88ed89af27b@group-8FAB73ED67BD: ConfigurationManager, init=-1: [2b77e794-d932-4db8-b050-374a0d299f29:192.168.164.236:43659, a98aee70-7acb-44b6-bef9-b88ed89af27b:192.168.164.236:41138, 3a90a425-9eed-407b-8462-185910563181:192.168.164.236:46749], old=null, confs=<EMPTY_MAP>
2019-11-13 00:26:10,771 [pool-37-thread-1] INFO  server.RaftServerConfigKeys (ConfUtils.java:logGet(43)) - raft.server.storage.dir = [/workdir/hadoop-ozone/tools/target/test-dir/MiniOzoneClusterImpl-6e227885-a821-486c-968a-17dd64ddd23b/datanode-1/data/ratis] (custom)
2019-11-13 00:26:10,772 [pool-37-thread-1] INFO  server.RaftServerConfigKeys (ConfUtils.java:logGet(43)) - raft.server.log.corruption.policy = EXCEPTION (default)
2019-11-13 00:26:10,772 [pool-37-thread-1] INFO  storage.RaftStorageDirectory (RaftStorageDirectory.java:analyzeStorage(246)) - The storage directory /workdir/hadoop-ozone/tools/target/test-dir/MiniOzoneClusterImpl-6e227885-a821-486c-968a-17dd64ddd23b/datanode-1/data/ratis/27fa0851-da9c-4ab1-a8fd-8fab73ed67bd does not exist. Creating ...
2019-11-13 00:26:10,780 [pool-47-thread-1] INFO  storage.RaftStorageDirectory (RaftStorageDirectory.java:tryLock(328)) - Lock on /workdir/hadoop-ozone/tools/target/test-dir/MiniOzoneClusterImpl-6e227885-a821-486c-968a-17dd64ddd23b/datanode-2/data/ratis/27fa0851-da9c-4ab1-a8fd-8fab73ed67bd/in_use.lock acquired by nodename 24215@pr-hdds-2375-hvwjp-2869937553
2019-11-13 00:26:10,780 [pool-27-thread-1] INFO  storage.RaftStorageDirectory (RaftStorageDirectory.java:tryLock(328)) - Lock on /workdir/hadoop-ozone/tools/target/test-dir/MiniOzoneClusterImpl-6e227885-a821-486c-968a-17dd64ddd23b/datanode-0/data/ratis/27fa0851-da9c-4ab1-a8fd-8fab73ed67bd/in_use.lock acquired by nodename 24215@pr-hdds-2375-hvwjp-2869937553
2019-11-13 00:26:10,780 [pool-37-thread-1] INFO  storage.RaftStorageDirectory (RaftStorageDirectory.java:tryLock(328)) - Lock on /workdir/hadoop-ozone/tools/target/test-dir/MiniOzoneClusterImpl-6e227885-a821-486c-968a-17dd64ddd23b/datanode-1/data/ratis/27fa0851-da9c-4ab1-a8fd-8fab73ed67bd/in_use.lock acquired by nodename 24215@pr-hdds-2375-hvwjp-2869937553
2019-11-13 00:26:10,785 [pool-37-thread-1] INFO  storage.RaftStorage (RaftStorage.java:format(84)) - Storage directory /workdir/hadoop-ozone/tools/target/test-dir/MiniOzoneClusterImpl-6e227885-a821-486c-968a-17dd64ddd23b/datanode-1/data/ratis/27fa0851-da9c-4ab1-a8fd-8fab73ed67bd has been successfully formatted.
2019-11-13 00:26:10,785 [pool-27-thread-1] INFO  storage.RaftStorage (RaftStorage.java:format(84)) - Storage directory /workdir/hadoop-ozone/tools/target/test-dir/MiniOzoneClusterImpl-6e227885-a821-486c-968a-17dd64ddd23b/datanode-0/data/ratis/27fa0851-da9c-4ab1-a8fd-8fab73ed67bd has been successfully formatted.
2019-11-13 00:26:10,785 [pool-37-thread-1] INFO  ratis.ContainerStateMachine (ContainerStateMachine.java:loadSnapshot(223)) - group-8FAB73ED67BD: The snapshot info is null. Setting the last applied indexto:(t:0, i:~)
2019-11-13 00:26:10,785 [pool-47-thread-1] INFO  storage.RaftStorage (RaftStorage.java:format(84)) - Storage directory /workdir/hadoop-ozone/tools/target/test-dir/MiniOzoneClusterImpl-6e227885-a821-486c-968a-17dd64ddd23b/datanode-2/data/ratis/27fa0851-da9c-4ab1-a8fd-8fab73ed67bd has been successfully formatted.
2019-11-13 00:26:10,785 [pool-37-thread-1] INFO  server.RaftServerConfigKeys (ConfUtils.java:logGet(43)) - raft.server.notification.no-leader.timeout = 120s (custom)
2019-11-13 00:26:10,785 [pool-27-thread-1] INFO  ratis.ContainerStateMachine (ContainerStateMachine.java:loadSnapshot(223)) - group-8FAB73ED67BD: The snapshot info is null. Setting the last applied indexto:(t:0, i:~)
2019-11-13 00:26:10,785 [pool-47-thread-1] INFO  ratis.ContainerStateMachine (ContainerStateMachine.java:loadSnapshot(223)) - group-8FAB73ED67BD: The snapshot info is null. Setting the last applied indexto:(t:0, i:~)
2019-11-13 00:26:10,785 [pool-37-thread-1] INFO  server.RaftServerConfigKeys (ConfUtils.java:logGet(43)) - raft.server.log.use.memory = false (default)
2019-11-13 00:26:10,785 [pool-47-thread-1] INFO  server.RaftServerConfigKeys (ConfUtils.java:logGet(43)) - raft.server.notification.no-leader.timeout = 120s (custom)
2019-11-13 00:26:10,785 [pool-27-thread-1] INFO  server.RaftServerConfigKeys (ConfUtils.java:logGet(43)) - raft.server.notification.no-leader.timeout = 120s (custom)
2019-11-13 00:26:10,786 [pool-47-thread-1] INFO  server.RaftServerConfigKeys (ConfUtils.java:logGet(43)) - raft.server.log.use.memory = false (default)
2019-11-13 00:26:10,786 [pool-37-thread-1] INFO  server.RaftServerConfigKeys (ConfUtils.java:logGet(43)) - raft.server.log.purge.gap = 1000000 (custom)
2019-11-13 00:26:10,786 [pool-47-thread-1] INFO  server.RaftServerConfigKeys (ConfUtils.java:logGet(43)) - raft.server.log.purge.gap = 1000000 (custom)
2019-11-13 00:26:10,786 [pool-27-thread-1] INFO  server.RaftServerConfigKeys (ConfUtils.java:logGet(43)) - raft.server.log.use.memory = false (default)
2019-11-13 00:26:10,786 [pool-47-thread-1] INFO  server.RaftServerConfigKeys (ConfUtils.java:logGet(43)) - raft.server.log.appender.buffer.byte-limit = 33554432 (custom)
2019-11-13 00:26:10,786 [pool-37-thread-1] INFO  server.RaftServerConfigKeys (ConfUtils.java:logGet(43)) - raft.server.log.appender.buffer.byte-limit = 33554432 (custom)
2019-11-13 00:26:10,786 [pool-47-thread-1] INFO  server.RaftServerConfigKeys (ConfUtils.java:logGet(43)) - raft.server.log.segment.size.max = 1048576 (custom)
2019-11-13 00:26:10,786 [pool-27-thread-1] INFO  server.RaftServerConfigKeys (ConfUtils.java:logGet(43)) - raft.server.log.purge.gap = 1000000 (custom)
2019-11-13 00:26:10,786 [pool-47-thread-1] INFO  server.RaftServerConfigKeys (ConfUtils.java:logGet(43)) - raft.server.log.segment.cache.num.max = 2 (custom)
2019-11-13 00:26:10,786 [pool-37-thread-1] INFO  server.RaftServerConfigKeys (ConfUtils.java:logGet(43)) - raft.server.log.segment.size.max = 1048576 (custom)
2019-11-13 00:26:10,787 [pool-47-thread-1] INFO  segmented.SegmentedRaftLogWorker (SegmentedRaftLogWorker.java:<init>(173)) - new 2b77e794-d932-4db8-b050-374a0d299f29@group-8FAB73ED67BD-SegmentedRaftLogWorker for RaftStorage:Storage Directory /workdir/hadoop-ozone/tools/target/test-dir/MiniOzoneClusterImpl-6e227885-a821-486c-968a-17dd64ddd23b/datanode-2/data/ratis/27fa0851-da9c-4ab1-a8fd-8fab73ed67bd
2019-11-13 00:26:10,787 [pool-27-thread-1] INFO  server.RaftServerConfigKeys (ConfUtils.java:logGet(43)) - raft.server.log.appender.buffer.byte-limit = 33554432 (custom)
2019-11-13 00:26:10,787 [pool-47-thread-1] INFO  server.RaftServerConfigKeys (ConfUtils.java:logGet(43)) - raft.server.log.queue.byte-limit = 2147483647 (custom)
2019-11-13 00:26:10,787 [pool-37-thread-1] INFO  server.RaftServerConfigKeys (ConfUtils.java:logGet(43)) - raft.server.log.segment.cache.num.max = 2 (custom)
2019-11-13 00:26:10,787 [pool-47-thread-1] INFO  server.RaftServerConfigKeys (ConfUtils.java:logGet(43)) - raft.server.log.queue.element-limit = 1024 (custom)
2019-11-13 00:26:10,787 [pool-27-thread-1] INFO  server.RaftServerConfigKeys (ConfUtils.java:logGet(43)) - raft.server.log.segment.size.max = 1048576 (custom)
2019-11-13 00:26:10,787 [pool-47-thread-1] INFO  server.RaftServerConfigKeys (ConfUtils.java:logGet(43)) - raft.server.log.segment.size.max = 1048576 (custom)
2019-11-13 00:26:10,787 [pool-37-thread-1] INFO  segmented.SegmentedRaftLogWorker (SegmentedRaftLogWorker.java:<init>(173)) - new a98aee70-7acb-44b6-bef9-b88ed89af27b@group-8FAB73ED67BD-SegmentedRaftLogWorker for RaftStorage:Storage Directory /workdir/hadoop-ozone/tools/target/test-dir/MiniOzoneClusterImpl-6e227885-a821-486c-968a-17dd64ddd23b/datanode-1/data/ratis/27fa0851-da9c-4ab1-a8fd-8fab73ed67bd
2019-11-13 00:26:10,787 [pool-47-thread-1] INFO  server.RaftServerConfigKeys (ConfUtils.java:logGet(43)) - raft.server.log.preallocated.size = 16384 (custom)
2019-11-13 00:26:10,787 [pool-27-thread-1] INFO  server.RaftServerConfigKeys (ConfUtils.java:logGet(43)) - raft.server.log.segment.cache.num.max = 2 (custom)
2019-11-13 00:26:10,788 [pool-47-thread-1] INFO  server.RaftServerConfigKeys (ConfUtils.java:logGet(43)) - raft.server.log.write.buffer.size = 33554432 (custom)
2019-11-13 00:26:10,787 [pool-37-thread-1] INFO  server.RaftServerConfigKeys (ConfUtils.java:logGet(43)) - raft.server.log.queue.byte-limit = 2147483647 (custom)
2019-11-13 00:26:10,788 [pool-47-thread-1] INFO  server.RaftServerConfigKeys (ConfUtils.java:logGet(43)) - raft.server.log.force.sync.num = 128 (default)
2019-11-13 00:26:10,788 [pool-27-thread-1] INFO  segmented.SegmentedRaftLogWorker (SegmentedRaftLogWorker.java:<init>(173)) - new 3a90a425-9eed-407b-8462-185910563181@group-8FAB73ED67BD-SegmentedRaftLogWorker for RaftStorage:Storage Directory /workdir/hadoop-ozone/tools/target/test-dir/MiniOzoneClusterImpl-6e227885-a821-486c-968a-17dd64ddd23b/datanode-0/data/ratis/27fa0851-da9c-4ab1-a8fd-8fab73ed67bd
2019-11-13 00:26:10,788 [pool-47-thread-1] INFO  server.RaftServerConfigKeys (ConfUtils.java:logGet(43)) - raft.server.log.statemachine.data.sync = true (default)
2019-11-13 00:26:10,788 [pool-37-thread-1] INFO  server.RaftServerConfigKeys (ConfUtils.java:logGet(43)) - raft.server.log.queue.element-limit = 1024 (custom)
2019-11-13 00:26:10,788 [pool-47-thread-1] INFO  server.RaftServerConfigKeys (ConfUtils.java:logGet(43)) - raft.server.log.statemachine.data.sync.timeout = 10s (default)
2019-11-13 00:26:10,788 [pool-27-thread-1] INFO  server.RaftServerConfigKeys (ConfUtils.java:logGet(43)) - raft.server.log.queue.byte-limit = 2147483647 (custom)
2019-11-13 00:26:10,788 [pool-47-thread-1] INFO  server.RaftServerConfigKeys (ConfUtils.java:logGet(43)) - raft.server.log.statemachine.data.sync.timeout.retry = -1 (default)
2019-11-13 00:26:10,788 [pool-37-thread-1] INFO  server.RaftServerConfigKeys (ConfUtils.java:logGet(43)) - raft.server.log.segment.size.max = 1048576 (custom)
2019-11-13 00:26:10,788 [pool-27-thread-1] INFO  server.RaftServerConfigKeys (ConfUtils.java:logGet(43)) - raft.server.log.queue.element-limit = 1024 (custom)
2019-11-13 00:26:10,789 [pool-47-thread-1] INFO  server.RaftServerConfigKeys (ConfUtils.java:logGet(43)) - raft.server.log.statemachine.data.caching.enabled = true (custom)
2019-11-13 00:26:10,789 [pool-37-thread-1] INFO  server.RaftServerConfigKeys (ConfUtils.java:logGet(43)) - raft.server.log.preallocated.size = 16384 (custom)
2019-11-13 00:26:10,789 [pool-27-thread-1] INFO  server.RaftServerConfigKeys (ConfUtils.java:logGet(43)) - raft.server.log.segment.size.max = 1048576 (custom)
2019-11-13 00:26:10,789 [pool-47-thread-1] INFO  segmented.SegmentedRaftLogWorker (SegmentedRaftLogWorker.java:lambda$new$0(128)) - 2b77e794-d932-4db8-b050-374a0d299f29@group-8FAB73ED67BD-SegmentedRaftLogWorker: flushIndex: setUnconditionally 0 -> -1
2019-11-13 00:26:10,789 [pool-37-thread-1] INFO  server.RaftServerConfigKeys (ConfUtils.java:logGet(43)) - raft.server.log.write.buffer.size = 33554432 (custom)
2019-11-13 00:26:10,789 [pool-27-thread-1] INFO  server.RaftServerConfigKeys (ConfUtils.java:logGet(43)) - raft.server.log.preallocated.size = 16384 (custom)
2019-11-13 00:26:10,789 [pool-47-thread-1] INFO  server.RaftServerConfigKeys (ConfUtils.java:logGet(43)) - raft.server.snapshot.auto.trigger.enabled = true (custom)
2019-11-13 00:26:10,789 [pool-37-thread-1] INFO  server.RaftServerConfigKeys (ConfUtils.java:logGet(43)) - raft.server.log.force.sync.num = 128 (default)
2019-11-13 00:26:10,789 [pool-47-thread-1] INFO  server.RaftServerConfigKeys (ConfUtils.java:logGet(43)) - raft.server.snapshot.auto.trigger.threshold = 10000 (custom)
2019-11-13 00:26:10,789 [pool-27-thread-1] INFO  server.RaftServerConfigKeys (ConfUtils.java:logGet(43)) - raft.server.log.write.buffer.size = 33554432 (custom)
2019-11-13 00:26:10,790 [pool-47-thread-1] INFO  server.RaftServerConfigKeys (ConfUtils.java:logGet(43)) - raft.server.snapshot.retention.file.num = 5 (custom)
2019-11-13 00:26:10,789 [pool-37-thread-1] INFO  server.RaftServerConfigKeys (ConfUtils.java:logGet(43)) - raft.server.log.statemachine.data.sync = true (default)
2019-11-13 00:26:10,790 [pool-47-thread-1] INFO  server.RaftServerConfigKeys (ConfUtils.java:logGet(43)) - raft.server.retrycache.expirytime = 600000ms (custom)
2019-11-13 00:26:10,790 [pool-27-thread-1] INFO  server.RaftServerConfigKeys (ConfUtils.java:logGet(43)) - raft.server.log.force.sync.num = 128 (default)
2019-11-13 00:26:10,790 [pool-47-thread-1] WARN  impl.MetricRegistriesImpl (MetricRegistriesImpl.java:lambda$create$1(61)) - First MetricRegistry has been created without registering reporters. You may need to call MetricRegistries.global().addReportRegistration(...) before.
2019-11-13 00:26:10,790 [pool-37-thread-1] INFO  server.RaftServerConfigKeys (ConfUtils.java:logGet(43)) - raft.server.log.statemachine.data.sync.timeout = 10s (default)
2019-11-13 00:26:10,790 [pool-47-thread-1] WARN  impl.MetricRegistriesImpl (MetricRegistriesImpl.java:lambda$create$1(61)) - First MetricRegistry has been created without registering reporters. You may need to call MetricRegistries.global().addReportRegistration(...) before.
2019-11-13 00:26:10,790 [pool-27-thread-1] INFO  server.RaftServerConfigKeys (ConfUtils.java:logGet(43)) - raft.server.log.statemachine.data.sync = true (default)
2019-11-13 00:26:10,790 [pool-47-thread-1] INFO  impl.RaftServerImpl (RaftServerImpl.java:start(184)) - 2b77e794-d932-4db8-b050-374a0d299f29@group-8FAB73ED67BD: start as a follower, conf=-1: [2b77e794-d932-4db8-b050-374a0d299f29:192.168.164.236:43659, a98aee70-7acb-44b6-bef9-b88ed89af27b:192.168.164.236:41138, 3a90a425-9eed-407b-8462-185910563181:192.168.164.236:46749], old=null
2019-11-13 00:26:10,790 [pool-37-thread-1] INFO  server.RaftServerConfigKeys (ConfUtils.java:logGet(43)) - raft.server.log.statemachine.data.sync.timeout.retry = -1 (default)
2019-11-13 00:26:10,791 [pool-47-thread-1] INFO  impl.RaftServerImpl (RaftServerImpl.java:setRole(173)) - 2b77e794-d932-4db8-b050-374a0d299f29@group-8FAB73ED67BD: changes role from      null to FOLLOWER at term 0 for startAsFollower
2019-11-13 00:26:10,791 [pool-27-thread-1] INFO  server.RaftServerConfigKeys (ConfUtils.java:logGet(43)) - raft.server.log.statemachine.data.sync.timeout = 10s (default)
2019-11-13 00:26:10,791 [pool-47-thread-1] INFO  impl.RoleInfo (RoleInfo.java:updateAndGet(143)) - 2b77e794-d932-4db8-b050-374a0d299f29: start FollowerState
2019-11-13 00:26:10,791 [pool-37-thread-1] INFO  server.RaftServerConfigKeys (ConfUtils.java:logGet(43)) - raft.server.log.statemachine.data.caching.enabled = true (custom)
2019-11-13 00:26:10,791 [pool-27-thread-1] INFO  server.RaftServerConfigKeys (ConfUtils.java:logGet(43)) - raft.server.log.statemachine.data.sync.timeout.retry = -1 (default)
2019-11-13 00:26:10,791 [pool-37-thread-1] INFO  segmented.SegmentedRaftLogWorker (SegmentedRaftLogWorker.java:lambda$new$0(128)) - a98aee70-7acb-44b6-bef9-b88ed89af27b@group-8FAB73ED67BD-SegmentedRaftLogWorker: flushIndex: setUnconditionally 0 -> -1
2019-11-13 00:26:10,791 [pool-47-thread-1] INFO  util.JmxRegister (JmxRegister.java:tryRegister(44)) - Successfully registered JMX Bean with object name Ratis:service=RaftServer,group=group-8FAB73ED67BD,id=2b77e794-d932-4db8-b050-374a0d299f29
2019-11-13 00:26:10,791 [pool-27-thread-1] INFO  server.RaftServerConfigKeys (ConfUtils.java:logGet(43)) - raft.server.log.statemachine.data.caching.enabled = true (custom)
2019-11-13 00:26:10,791 [pool-37-thread-1] INFO  server.RaftServerConfigKeys (ConfUtils.java:logGet(43)) - raft.server.snapshot.auto.trigger.enabled = true (custom)
2019-11-13 00:26:10,791 [pool-47-thread-1] WARN  impl.MetricRegistriesImpl (MetricRegistriesImpl.java:lambda$create$1(61)) - First MetricRegistry has been created without registering reporters. You may need to call MetricRegistries.global().addReportRegistration(...) before.
2019-11-13 00:26:10,792 [pool-37-thread-1] INFO  server.RaftServerConfigKeys (ConfUtils.java:logGet(43)) - raft.server.snapshot.auto.trigger.threshold = 10000 (custom)
2019-11-13 00:26:10,792 [pool-27-thread-1] INFO  segmented.SegmentedRaftLogWorker (SegmentedRaftLogWorker.java:lambda$new$0(128)) - 3a90a425-9eed-407b-8462-185910563181@group-8FAB73ED67BD-SegmentedRaftLogWorker: flushIndex: setUnconditionally 0 -> -1
2019-11-13 00:26:10,792 [pool-37-thread-1] INFO  server.RaftServerConfigKeys (ConfUtils.java:logGet(43)) - raft.server.snapshot.retention.file.num = 5 (custom)
2019-11-13 00:26:10,792 [pool-37-thread-1] INFO  server.RaftServerConfigKeys (ConfUtils.java:logGet(43)) - raft.server.retrycache.expirytime = 600000ms (custom)
2019-11-13 00:26:10,792 [pool-27-thread-1] INFO  server.RaftServerConfigKeys (ConfUtils.java:logGet(43)) - raft.server.snapshot.auto.trigger.enabled = true (custom)
2019-11-13 00:26:10,792 [pool-37-thread-1] WARN  impl.MetricRegistriesImpl (MetricRegistriesImpl.java:lambda$create$1(61)) - First MetricRegistry has been created without registering reporters. You may need to call MetricRegistries.global().addReportRegistration(...) before.
2019-11-13 00:26:10,792 [pool-27-thread-1] INFO  server.RaftServerConfigKeys (ConfUtils.java:logGet(43)) - raft.server.snapshot.auto.trigger.threshold = 10000 (custom)
2019-11-13 00:26:10,792 [pool-37-thread-1] WARN  impl.MetricRegistriesImpl (MetricRegistriesImpl.java:lambda$create$1(61)) - First MetricRegistry has been created without registering reporters. You may need to call MetricRegistries.global().addReportRegistration(...) before.
2019-11-13 00:26:10,793 [pool-27-thread-1] INFO  server.RaftServerConfigKeys (ConfUtils.java:logGet(43)) - raft.server.snapshot.retention.file.num = 5 (custom)
2019-11-13 00:26:10,793 [pool-37-thread-1] INFO  impl.RaftServerImpl (RaftServerImpl.java:start(184)) - a98aee70-7acb-44b6-bef9-b88ed89af27b@group-8FAB73ED67BD: start as a follower, conf=-1: [2b77e794-d932-4db8-b050-374a0d299f29:192.168.164.236:43659, a98aee70-7acb-44b6-bef9-b88ed89af27b:192.168.164.236:41138, 3a90a425-9eed-407b-8462-185910563181:192.168.164.236:46749], old=null
2019-11-13 00:26:10,793 [pool-37-thread-1] INFO  impl.RaftServerImpl (RaftServerImpl.java:setRole(173)) - a98aee70-7acb-44b6-bef9-b88ed89af27b@group-8FAB73ED67BD: changes role from      null to FOLLOWER at term 0 for startAsFollower
2019-11-13 00:26:10,793 [pool-27-thread-1] INFO  server.RaftServerConfigKeys (ConfUtils.java:logGet(43)) - raft.server.retrycache.expirytime = 600000ms (custom)
2019-11-13 00:26:10,793 [pool-37-thread-1] INFO  impl.RoleInfo (RoleInfo.java:updateAndGet(143)) - a98aee70-7acb-44b6-bef9-b88ed89af27b: start FollowerState
2019-11-13 00:26:10,793 [pool-27-thread-1] WARN  impl.MetricRegistriesImpl (MetricRegistriesImpl.java:lambda$create$1(61)) - First MetricRegistry has been created without registering reporters. You may need to call MetricRegistries.global().addReportRegistration(...) before.
2019-11-13 00:26:10,793 [pool-27-thread-1] WARN  impl.MetricRegistriesImpl (MetricRegistriesImpl.java:lambda$create$1(61)) - First MetricRegistry has been created without registering reporters. You may need to call MetricRegistries.global().addReportRegistration(...) before.
2019-11-13 00:26:10,793 [pool-37-thread-1] INFO  util.JmxRegister (JmxRegister.java:tryRegister(44)) - Successfully registered JMX Bean with object name Ratis:service=RaftServer,group=group-8FAB73ED67BD,id=a98aee70-7acb-44b6-bef9-b88ed89af27b
2019-11-13 00:26:10,794 [pool-37-thread-1] WARN  impl.MetricRegistriesImpl (MetricRegistriesImpl.java:lambda$create$1(61)) - First MetricRegistry has been created without registering reporters. You may need to call MetricRegistries.global().addReportRegistration(...) before.
2019-11-13 00:26:10,794 [pool-27-thread-1] INFO  impl.RaftServerImpl (RaftServerImpl.java:start(184)) - 3a90a425-9eed-407b-8462-185910563181@group-8FAB73ED67BD: start as a follower, conf=-1: [2b77e794-d932-4db8-b050-374a0d299f29:192.168.164.236:43659, a98aee70-7acb-44b6-bef9-b88ed89af27b:192.168.164.236:41138, 3a90a425-9eed-407b-8462-185910563181:192.168.164.236:46749], old=null
2019-11-13 00:26:10,797 [pool-27-thread-1] INFO  impl.RaftServerImpl (RaftServerImpl.java:setRole(173)) - 3a90a425-9eed-407b-8462-185910563181@group-8FAB73ED67BD: changes role from      null to FOLLOWER at term 0 for startAsFollower
2019-11-13 00:26:10,798 [pool-27-thread-1] INFO  impl.RoleInfo (RoleInfo.java:updateAndGet(143)) - 3a90a425-9eed-407b-8462-185910563181: start FollowerState
2019-11-13 00:26:10,798 [pool-27-thread-1] INFO  util.JmxRegister (JmxRegister.java:tryRegister(44)) - Successfully registered JMX Bean with object name Ratis:service=RaftServer,group=group-8FAB73ED67BD,id=3a90a425-9eed-407b-8462-185910563181
2019-11-13 00:26:10,798 [pool-27-thread-1] WARN  impl.MetricRegistriesImpl (MetricRegistriesImpl.java:lambda$create$1(61)) - First MetricRegistry has been created without registering reporters. You may need to call MetricRegistries.global().addReportRegistration(...) before.
2019-11-13 00:26:10,803 [RatisPipelineUtilsThread] INFO  pipeline.PipelineStateManager (PipelineStateManager.java:addPipeline(55)) - Created pipeline Pipeline[ Id: 27fa0851-da9c-4ab1-a8fd-8fab73ed67bd, Nodes: a98aee70-7acb-44b6-bef9-b88ed89af27b{ip: 192.168.164.236, host: pr-hdds-2375-hvwjp-2869937553, networkLocation: /default-rack, certSerialId: null}2b77e794-d932-4db8-b050-374a0d299f29{ip: 192.168.164.236, host: pr-hdds-2375-hvwjp-2869937553, networkLocation: /default-rack, certSerialId: null}3a90a425-9eed-407b-8462-185910563181{ip: 192.168.164.236, host: pr-hdds-2375-hvwjp-2869937553, networkLocation: /default-rack, certSerialId: null}, Type:RATIS, Factor:THREE, State:ALLOCATED]
2019-11-13 00:26:10,804 [Thread-178] INFO  pipeline.PipelineStateManager (PipelineStateManager.java:finalizePipeline(121)) - Pipeline Pipeline[ Id: 1168ccc9-8d88-45d8-a9bf-b23a9ce3585d, Nodes: 2b77e794-d932-4db8-b050-374a0d299f29{ip: 192.168.164.236, host: pr-hdds-2375-hvwjp-2869937553, networkLocation: /default-rack, certSerialId: null}, Type:RATIS, Factor:ONE, State:CLOSED] moved to CLOSED state
2019-11-13 00:26:10,814 [grpc-default-executor-1] INFO  impl.RaftServerProxy (RaftServerProxy.java:remove(95)) - 2b77e794-d932-4db8-b050-374a0d299f29: remove  FOLLOWER 2b77e794-d932-4db8-b050-374a0d299f29@group-B23A9CE3585D:t0, leader=null, voted=null, raftlog=2b77e794-d932-4db8-b050-374a0d299f29@group-B23A9CE3585D-SegmentedRaftLog:OPENED:c-1,f-1,i0, conf=-1: [2b77e794-d932-4db8-b050-374a0d299f29:192.168.164.236:43659], old=null RUNNING
2019-11-13 00:26:10,814 [grpc-default-executor-1] INFO  impl.RaftServerImpl (RaftServerImpl.java:lambda$shutdown$3(250)) - 2b77e794-d932-4db8-b050-374a0d299f29@group-B23A9CE3585D: shutdown
2019-11-13 00:26:10,815 [grpc-default-executor-1] INFO  util.JmxRegister (JmxRegister.java:unregister(73)) - Successfully un-registered JMX Bean with object name Ratis:service=RaftServer,group=group-B23A9CE3585D,id=2b77e794-d932-4db8-b050-374a0d299f29
2019-11-13 00:26:10,815 [grpc-default-executor-1] INFO  impl.RoleInfo (RoleInfo.java:shutdownFollowerState(121)) - 2b77e794-d932-4db8-b050-374a0d299f29: shutdown FollowerState
2019-11-13 00:26:10,815 [grpc-default-executor-1] INFO  impl.StateMachineUpdater (StateMachineUpdater.java:stopAndJoin(136)) - 2b77e794-d932-4db8-b050-374a0d299f29@group-B23A9CE3585D-StateMachineUpdater: set stopIndex = -1
2019-11-13 00:26:10,815 [Thread-186] INFO  impl.FollowerState (FollowerState.java:run(120)) - 2b77e794-d932-4db8-b050-374a0d299f29@group-B23A9CE3585D-FollowerState was interrupted: java.lang.InterruptedException: sleep interrupted
2019-11-13 00:26:10,816 [grpc-default-executor-1] INFO  impl.RaftServerImpl (ServerState.java:close(387)) - 2b77e794-d932-4db8-b050-374a0d299f29@group-B23A9CE3585D: closes. applyIndex: -1
2019-11-13 00:26:10,816 [2b77e794-d932-4db8-b050-374a0d299f29@group-B23A9CE3585D-SegmentedRaftLogWorker] INFO  segmented.SegmentedRaftLogWorker (SegmentedRaftLogWorker.java:run(316)) - 2b77e794-d932-4db8-b050-374a0d299f29@group-B23A9CE3585D-SegmentedRaftLogWorker was interrupted, exiting. There are 0 tasks remaining in the queue.
2019-11-13 00:26:10,817 [grpc-default-executor-1] INFO  segmented.SegmentedRaftLogWorker (SegmentedRaftLogWorker.java:close(224)) - 2b77e794-d932-4db8-b050-374a0d299f29@group-B23A9CE3585D-SegmentedRaftLogWorker close()
2019-11-13 00:26:10,822 [Thread-178] INFO  pipeline.PipelineStateManager (PipelineStateManager.java:removePipeline(106)) - Pipeline Pipeline[ Id: 1168ccc9-8d88-45d8-a9bf-b23a9ce3585d, Nodes: 2b77e794-d932-4db8-b050-374a0d299f29{ip: 192.168.164.236, host: pr-hdds-2375-hvwjp-2869937553, networkLocation: /default-rack, certSerialId: null}, Type:RATIS, Factor:ONE, State:CLOSED] removed from db
2019-11-13 00:26:10,830 [grpc-default-executor-0] INFO  impl.RaftServerProxy (RaftServerProxy.java:addNew(89)) - 2b77e794-d932-4db8-b050-374a0d299f29: addNew group-55D6C0377B6C:[2b77e794-d932-4db8-b050-374a0d299f29:192.168.164.236:43659] returns group-55D6C0377B6C:java.util.concurrent.CompletableFuture@35f9d431[Not completed]
2019-11-13 00:26:10,831 [pool-47-thread-1] INFO  impl.RaftServerImpl (RaftServerImpl.java:<init>(98)) - 2b77e794-d932-4db8-b050-374a0d299f29: new RaftServerImpl for group-55D6C0377B6C:[2b77e794-d932-4db8-b050-374a0d299f29:192.168.164.236:43659] with ContainerStateMachine:uninitialized
2019-11-13 00:26:10,831 [pool-47-thread-1] INFO  server.RaftServerConfigKeys (ConfUtils.java:logGet(43)) - raft.server.rpc.timeout.min = 5s (custom)
2019-11-13 00:26:10,831 [pool-47-thread-1] INFO  server.RaftServerConfigKeys (ConfUtils.java:logGet(43)) - raft.server.rpc.timeout.max = 5200ms (custom)
2019-11-13 00:26:10,831 [pool-47-thread-1] INFO  server.RaftServerConfigKeys (ConfUtils.java:logGet(43)) - raft.server.rpcslowness.timeout = 120s (custom)
2019-11-13 00:26:10,831 [pool-47-thread-1] INFO  server.RaftServerConfigKeys (ConfUtils.java:logGet(43)) - raft.server.sleep.deviation.threshold = 300 (default)
2019-11-13 00:26:10,831 [pool-47-thread-1] INFO  server.RaftServerConfigKeys (ConfUtils.java:logGet(43)) - raft.server.log.appender.install.snapshot.enabled = false (custom)
2019-11-13 00:26:10,832 [pool-47-thread-1] INFO  impl.RaftServerImpl (ServerState.java:<init>(103)) - 2b77e794-d932-4db8-b050-374a0d299f29@group-55D6C0377B6C: ConfigurationManager, init=-1: [2b77e794-d932-4db8-b050-374a0d299f29:192.168.164.236:43659], old=null, confs=<EMPTY_MAP>
2019-11-13 00:26:10,832 [pool-47-thread-1] INFO  server.RaftServerConfigKeys (ConfUtils.java:logGet(43)) - raft.server.storage.dir = [/workdir/hadoop-ozone/tools/target/test-dir/MiniOzoneClusterImpl-6e227885-a821-486c-968a-17dd64ddd23b/datanode-2/data/ratis] (custom)
2019-11-13 00:26:10,832 [pool-47-thread-1] INFO  server.RaftServerConfigKeys (ConfUtils.java:logGet(43)) - raft.server.log.corruption.policy = EXCEPTION (default)
2019-11-13 00:26:10,832 [pool-47-thread-1] INFO  storage.RaftStorageDirectory (RaftStorageDirectory.java:analyzeStorage(246)) - The storage directory /workdir/hadoop-ozone/tools/target/test-dir/MiniOzoneClusterImpl-6e227885-a821-486c-968a-17dd64ddd23b/datanode-2/data/ratis/264836a0-cbc7-4816-856a-55d6c0377b6c does not exist. Creating ...
2019-11-13 00:26:10,844 [pool-47-thread-1] INFO  storage.RaftStorageDirectory (RaftStorageDirectory.java:tryLock(328)) - Lock on /workdir/hadoop-ozone/tools/target/test-dir/MiniOzoneClusterImpl-6e227885-a821-486c-968a-17dd64ddd23b/datanode-2/data/ratis/264836a0-cbc7-4816-856a-55d6c0377b6c/in_use.lock acquired by nodename 24215@pr-hdds-2375-hvwjp-2869937553
2019-11-13 00:26:10,847 [pool-47-thread-1] INFO  storage.RaftStorage (RaftStorage.java:format(84)) - Storage directory /workdir/hadoop-ozone/tools/target/test-dir/MiniOzoneClusterImpl-6e227885-a821-486c-968a-17dd64ddd23b/datanode-2/data/ratis/264836a0-cbc7-4816-856a-55d6c0377b6c has been successfully formatted.
2019-11-13 00:26:10,847 [pool-47-thread-1] INFO  ratis.ContainerStateMachine (ContainerStateMachine.java:loadSnapshot(223)) - group-55D6C0377B6C: The snapshot info is null. Setting the last applied indexto:(t:0, i:~)
2019-11-13 00:26:10,847 [pool-47-thread-1] INFO  server.RaftServerConfigKeys (ConfUtils.java:logGet(43)) - raft.server.notification.no-leader.timeout = 120s (custom)
2019-11-13 00:26:10,847 [pool-47-thread-1] INFO  server.RaftServerConfigKeys (ConfUtils.java:logGet(43)) - raft.server.log.use.memory = false (default)
2019-11-13 00:26:10,848 [pool-47-thread-1] INFO  server.RaftServerConfigKeys (ConfUtils.java:logGet(43)) - raft.server.log.purge.gap = 1000000 (custom)
2019-11-13 00:26:10,848 [pool-47-thread-1] INFO  server.RaftServerConfigKeys (ConfUtils.java:logGet(43)) - raft.server.log.appender.buffer.byte-limit = 33554432 (custom)
2019-11-13 00:26:10,848 [pool-47-thread-1] INFO  server.RaftServerConfigKeys (ConfUtils.java:logGet(43)) - raft.server.log.segment.size.max = 1048576 (custom)
2019-11-13 00:26:10,848 [pool-47-thread-1] INFO  server.RaftServerConfigKeys (ConfUtils.java:logGet(43)) - raft.server.log.segment.cache.num.max = 2 (custom)
2019-11-13 00:26:10,848 [pool-47-thread-1] INFO  segmented.SegmentedRaftLogWorker (SegmentedRaftLogWorker.java:<init>(173)) - new 2b77e794-d932-4db8-b050-374a0d299f29@group-55D6C0377B6C-SegmentedRaftLogWorker for RaftStorage:Storage Directory /workdir/hadoop-ozone/tools/target/test-dir/MiniOzoneClusterImpl-6e227885-a821-486c-968a-17dd64ddd23b/datanode-2/data/ratis/264836a0-cbc7-4816-856a-55d6c0377b6c
2019-11-13 00:26:10,848 [pool-47-thread-1] INFO  server.RaftServerConfigKeys (ConfUtils.java:logGet(43)) - raft.server.log.queue.byte-limit = 2147483647 (custom)
2019-11-13 00:26:10,848 [pool-47-thread-1] INFO  server.RaftServerConfigKeys (ConfUtils.java:logGet(43)) - raft.server.log.queue.element-limit = 1024 (custom)
2019-11-13 00:26:10,848 [pool-47-thread-1] INFO  server.RaftServerConfigKeys (ConfUtils.java:logGet(43)) - raft.server.log.segment.size.max = 1048576 (custom)
2019-11-13 00:26:10,848 [pool-47-thread-1] INFO  server.RaftServerConfigKeys (ConfUtils.java:logGet(43)) - raft.server.log.preallocated.size = 16384 (custom)
2019-11-13 00:26:10,848 [pool-47-thread-1] INFO  server.RaftServerConfigKeys (ConfUtils.java:logGet(43)) - raft.server.log.write.buffer.size = 33554432 (custom)
2019-11-13 00:26:10,849 [pool-47-thread-1] INFO  server.RaftServerConfigKeys (ConfUtils.java:logGet(43)) - raft.server.log.force.sync.num = 128 (default)
2019-11-13 00:26:10,849 [pool-47-thread-1] INFO  server.RaftServerConfigKeys (ConfUtils.java:logGet(43)) - raft.server.log.statemachine.data.sync = true (default)
2019-11-13 00:26:10,849 [pool-47-thread-1] INFO  server.RaftServerConfigKeys (ConfUtils.java:logGet(43)) - raft.server.log.statemachine.data.sync.timeout = 10s (default)
2019-11-13 00:26:10,849 [pool-47-thread-1] INFO  server.RaftServerConfigKeys (ConfUtils.java:logGet(43)) - raft.server.log.statemachine.data.sync.timeout.retry = -1 (default)
2019-11-13 00:26:10,849 [pool-47-thread-1] INFO  server.RaftServerConfigKeys (ConfUtils.java:logGet(43)) - raft.server.log.statemachine.data.caching.enabled = true (custom)
2019-11-13 00:26:10,849 [pool-47-thread-1] INFO  segmented.SegmentedRaftLogWorker (SegmentedRaftLogWorker.java:lambda$new$0(128)) - 2b77e794-d932-4db8-b050-374a0d299f29@group-55D6C0377B6C-SegmentedRaftLogWorker: flushIndex: setUnconditionally 0 -> -1
2019-11-13 00:26:10,849 [pool-47-thread-1] INFO  server.RaftServerConfigKeys (ConfUtils.java:logGet(43)) - raft.server.snapshot.auto.trigger.enabled = true (custom)
2019-11-13 00:26:10,850 [pool-47-thread-1] INFO  server.RaftServerConfigKeys (ConfUtils.java:logGet(43)) - raft.server.snapshot.auto.trigger.threshold = 10000 (custom)
2019-11-13 00:26:10,850 [pool-47-thread-1] INFO  server.RaftServerConfigKeys (ConfUtils.java:logGet(43)) - raft.server.snapshot.retention.file.num = 5 (custom)
2019-11-13 00:26:10,850 [pool-47-thread-1] INFO  server.RaftServerConfigKeys (ConfUtils.java:logGet(43)) - raft.server.retrycache.expirytime = 600000ms (custom)
2019-11-13 00:26:10,850 [pool-47-thread-1] WARN  impl.MetricRegistriesImpl (MetricRegistriesImpl.java:lambda$create$1(61)) - First MetricRegistry has been created without registering reporters. You may need to call MetricRegistries.global().addReportRegistration(...) before.
2019-11-13 00:26:10,850 [pool-47-thread-1] WARN  impl.MetricRegistriesImpl (MetricRegistriesImpl.java:lambda$create$1(61)) - First MetricRegistry has been created without registering reporters. You may need to call MetricRegistries.global().addReportRegistration(...) before.
2019-11-13 00:26:10,850 [pool-47-thread-1] INFO  impl.RaftServerImpl (RaftServerImpl.java:start(184)) - 2b77e794-d932-4db8-b050-374a0d299f29@group-55D6C0377B6C: start as a follower, conf=-1: [2b77e794-d932-4db8-b050-374a0d299f29:192.168.164.236:43659], old=null
2019-11-13 00:26:10,850 [pool-47-thread-1] INFO  impl.RaftServerImpl (RaftServerImpl.java:setRole(173)) - 2b77e794-d932-4db8-b050-374a0d299f29@group-55D6C0377B6C: changes role from      null to FOLLOWER at term 0 for startAsFollower
2019-11-13 00:26:10,850 [pool-47-thread-1] INFO  impl.RoleInfo (RoleInfo.java:updateAndGet(143)) - 2b77e794-d932-4db8-b050-374a0d299f29: start FollowerState
2019-11-13 00:26:10,851 [pool-47-thread-1] INFO  util.JmxRegister (JmxRegister.java:tryRegister(44)) - Successfully registered JMX Bean with object name Ratis:service=RaftServer,group=group-55D6C0377B6C,id=2b77e794-d932-4db8-b050-374a0d299f29
2019-11-13 00:26:10,851 [pool-47-thread-1] WARN  impl.MetricRegistriesImpl (MetricRegistriesImpl.java:lambda$create$1(61)) - First MetricRegistry has been created without registering reporters. You may need to call MetricRegistries.global().addReportRegistration(...) before.
2019-11-13 00:26:10,855 [RatisPipelineUtilsThread] INFO  pipeline.PipelineStateManager (PipelineStateManager.java:addPipeline(55)) - Created pipeline Pipeline[ Id: 264836a0-cbc7-4816-856a-55d6c0377b6c, Nodes: 2b77e794-d932-4db8-b050-374a0d299f29{ip: 192.168.164.236, host: pr-hdds-2375-hvwjp-2869937553, networkLocation: /default-rack, certSerialId: null}, Type:RATIS, Factor:ONE, State:ALLOCATED]
2019-11-13 00:26:11,456 [main] INFO  ozone.MiniOzoneClusterImpl (MiniOzoneClusterImpl.java:lambda$waitForClusterToBeReady$2(163)) - Waiting for 4 number of pipelines out of 4, to report a leader.
2019-11-13 00:26:12,458 [main] INFO  ozone.MiniOzoneClusterImpl (MiniOzoneClusterImpl.java:lambda$waitForClusterToBeReady$2(163)) - Waiting for 4 number of pipelines out of 4, to report a leader.
2019-11-13 00:26:13,458 [main] INFO  ozone.MiniOzoneClusterImpl (MiniOzoneClusterImpl.java:lambda$waitForClusterToBeReady$2(163)) - Waiting for 4 number of pipelines out of 4, to report a leader.
2019-11-13 00:26:14,459 [main] INFO  ozone.MiniOzoneClusterImpl (MiniOzoneClusterImpl.java:lambda$waitForClusterToBeReady$2(163)) - Waiting for 4 number of pipelines out of 4, to report a leader.
2019-11-13 00:26:15,460 [main] INFO  ozone.MiniOzoneClusterImpl (MiniOzoneClusterImpl.java:lambda$waitForClusterToBeReady$2(163)) - Waiting for 4 number of pipelines out of 4, to report a leader.
2019-11-13 00:26:15,742 [Thread-200] INFO  impl.FollowerState (FollowerState.java:run(111)) - a98aee70-7acb-44b6-bef9-b88ed89af27b@group-34B181220432-FollowerState: change to CANDIDATE, lastRpcTime:5161ms, electionTimeout:5161ms
2019-11-13 00:26:15,745 [Thread-200] INFO  impl.RoleInfo (RoleInfo.java:shutdownFollowerState(121)) - a98aee70-7acb-44b6-bef9-b88ed89af27b: shutdown FollowerState
2019-11-13 00:26:15,745 [Thread-200] INFO  impl.RaftServerImpl (RaftServerImpl.java:setRole(173)) - a98aee70-7acb-44b6-bef9-b88ed89af27b@group-34B181220432: changes role from  FOLLOWER to CANDIDATE at term 0 for changeToCandidate
2019-11-13 00:26:15,751 [Thread-200] INFO  impl.RoleInfo (RoleInfo.java:updateAndGet(143)) - a98aee70-7acb-44b6-bef9-b88ed89af27b: start LeaderElection
2019-11-13 00:26:15,767 [Thread-204] INFO  impl.FollowerState (FollowerState.java:run(111)) - 3a90a425-9eed-407b-8462-185910563181@group-594412BB2BC8-FollowerState: change to CANDIDATE, lastRpcTime:5106ms, electionTimeout:5106ms
2019-11-13 00:26:15,767 [a98aee70-7acb-44b6-bef9-b88ed89af27b@group-34B181220432-LeaderElection1] INFO  impl.LeaderElection (LeaderElection.java:askForVotes(178)) - a98aee70-7acb-44b6-bef9-b88ed89af27b@group-34B181220432-LeaderElection1: begin an election at term 1 for -1: [a98aee70-7acb-44b6-bef9-b88ed89af27b:192.168.164.236:41138], old=null
2019-11-13 00:26:15,767 [Thread-204] INFO  impl.RoleInfo (RoleInfo.java:shutdownFollowerState(121)) - 3a90a425-9eed-407b-8462-185910563181: shutdown FollowerState
2019-11-13 00:26:15,767 [Thread-204] INFO  impl.RaftServerImpl (RaftServerImpl.java:setRole(173)) - 3a90a425-9eed-407b-8462-185910563181@group-594412BB2BC8: changes role from  FOLLOWER to CANDIDATE at term 0 for changeToCandidate
2019-11-13 00:26:15,768 [Thread-204] INFO  impl.RoleInfo (RoleInfo.java:updateAndGet(143)) - 3a90a425-9eed-407b-8462-185910563181: start LeaderElection
2019-11-13 00:26:15,771 [a98aee70-7acb-44b6-bef9-b88ed89af27b@group-34B181220432-LeaderElection1] INFO  impl.RoleInfo (RoleInfo.java:shutdownLeaderElection(134)) - a98aee70-7acb-44b6-bef9-b88ed89af27b: shutdown LeaderElection
2019-11-13 00:26:15,772 [a98aee70-7acb-44b6-bef9-b88ed89af27b@group-34B181220432-LeaderElection1] INFO  impl.RaftServerImpl (RaftServerImpl.java:setRole(173)) - a98aee70-7acb-44b6-bef9-b88ed89af27b@group-34B181220432: changes role from CANDIDATE to LEADER at term 1 for changeToLeader
2019-11-13 00:26:15,772 [a98aee70-7acb-44b6-bef9-b88ed89af27b@group-34B181220432-LeaderElection1] INFO  ratis.XceiverServerRatis (XceiverServerRatis.java:handleLeaderChangedNotification(697)) - Leader change notification received for group: group-34B181220432 with new leaderId: a98aee70-7acb-44b6-bef9-b88ed89af27b
2019-11-13 00:26:15,777 [a98aee70-7acb-44b6-bef9-b88ed89af27b@group-34B181220432-LeaderElection1] INFO  impl.RaftServerImpl (ServerState.java:setLeader(255)) - a98aee70-7acb-44b6-bef9-b88ed89af27b@group-34B181220432: change Leader from null to a98aee70-7acb-44b6-bef9-b88ed89af27b at term 1 for becomeLeader, leader elected after 5197ms
2019-11-13 00:26:15,783 [3a90a425-9eed-407b-8462-185910563181@group-594412BB2BC8-LeaderElection2] INFO  impl.LeaderElection (LeaderElection.java:askForVotes(178)) - 3a90a425-9eed-407b-8462-185910563181@group-594412BB2BC8-LeaderElection2: begin an election at term 1 for -1: [3a90a425-9eed-407b-8462-185910563181:192.168.164.236:46749], old=null
2019-11-13 00:26:15,786 [3a90a425-9eed-407b-8462-185910563181@group-594412BB2BC8-LeaderElection2] INFO  impl.RoleInfo (RoleInfo.java:shutdownLeaderElection(134)) - 3a90a425-9eed-407b-8462-185910563181: shutdown LeaderElection
2019-11-13 00:26:15,787 [3a90a425-9eed-407b-8462-185910563181@group-594412BB2BC8-LeaderElection2] INFO  impl.RaftServerImpl (RaftServerImpl.java:setRole(173)) - 3a90a425-9eed-407b-8462-185910563181@group-594412BB2BC8: changes role from CANDIDATE to LEADER at term 1 for changeToLeader
2019-11-13 00:26:15,787 [3a90a425-9eed-407b-8462-185910563181@group-594412BB2BC8-LeaderElection2] INFO  ratis.XceiverServerRatis (XceiverServerRatis.java:handleLeaderChangedNotification(697)) - Leader change notification received for group: group-594412BB2BC8 with new leaderId: 3a90a425-9eed-407b-8462-185910563181
2019-11-13 00:26:15,788 [3a90a425-9eed-407b-8462-185910563181@group-594412BB2BC8-LeaderElection2] INFO  impl.RaftServerImpl (ServerState.java:setLeader(255)) - 3a90a425-9eed-407b-8462-185910563181@group-594412BB2BC8: change Leader from null to 3a90a425-9eed-407b-8462-185910563181 at term 1 for becomeLeader, leader elected after 5131ms
2019-11-13 00:26:15,789 [a98aee70-7acb-44b6-bef9-b88ed89af27b@group-34B181220432-LeaderElection1] INFO  server.RaftServerConfigKeys (ConfUtils.java:logGet(43)) - raft.server.staging.catchup.gap = 1000 (default)
2019-11-13 00:26:15,790 [3a90a425-9eed-407b-8462-185910563181@group-594412BB2BC8-LeaderElection2] INFO  server.RaftServerConfigKeys (ConfUtils.java:logGet(43)) - raft.server.staging.catchup.gap = 1000 (default)
2019-11-13 00:26:15,790 [a98aee70-7acb-44b6-bef9-b88ed89af27b@group-34B181220432-LeaderElection1] INFO  server.RaftServerConfigKeys (ConfUtils.java:logGet(43)) - raft.server.rpc.sleep.time = 25ms (default)
2019-11-13 00:26:15,790 [3a90a425-9eed-407b-8462-185910563181@group-594412BB2BC8-LeaderElection2] INFO  server.RaftServerConfigKeys (ConfUtils.java:logGet(43)) - raft.server.rpc.sleep.time = 25ms (default)
2019-11-13 00:26:15,795 [3a90a425-9eed-407b-8462-185910563181@group-594412BB2BC8-LeaderElection2] INFO  server.RaftServerConfigKeys (ConfUtils.java:logGet(43)) - raft.server.write.element-limit = 4096 (default)
2019-11-13 00:26:15,795 [a98aee70-7acb-44b6-bef9-b88ed89af27b@group-34B181220432-LeaderElection1] INFO  server.RaftServerConfigKeys (ConfUtils.java:logGet(43)) - raft.server.write.element-limit = 4096 (default)
2019-11-13 00:26:15,799 [3a90a425-9eed-407b-8462-185910563181@group-594412BB2BC8-LeaderElection2] INFO  server.RaftServerConfigKeys (ConfUtils.java:logGet(43)) - raft.server.watch.timeout = 10s (default)
2019-11-13 00:26:15,799 [a98aee70-7acb-44b6-bef9-b88ed89af27b@group-34B181220432-LeaderElection1] INFO  server.RaftServerConfigKeys (ConfUtils.java:logGet(43)) - raft.server.watch.timeout = 10s (default)
2019-11-13 00:26:15,799 [3a90a425-9eed-407b-8462-185910563181@group-594412BB2BC8-LeaderElection2] INFO  server.RaftServerConfigKeys (ConfUtils.java:logGet(43)) - raft.server.watch.timeout.denomination = 1s (default)
2019-11-13 00:26:15,800 [a98aee70-7acb-44b6-bef9-b88ed89af27b@group-34B181220432-LeaderElection1] INFO  server.RaftServerConfigKeys (ConfUtils.java:logGet(43)) - raft.server.watch.timeout.denomination = 1s (default)
2019-11-13 00:26:15,801 [a98aee70-7acb-44b6-bef9-b88ed89af27b@group-34B181220432-LeaderElection1] INFO  server.RaftServerConfigKeys (ConfUtils.java:logGet(43)) - raft.server.watch.element-limit = 65536 (default)
2019-11-13 00:26:15,801 [3a90a425-9eed-407b-8462-185910563181@group-594412BB2BC8-LeaderElection2] INFO  server.RaftServerConfigKeys (ConfUtils.java:logGet(43)) - raft.server.watch.element-limit = 65536 (default)
2019-11-13 00:26:15,805 [EventQueue-PipelineReportForPipelineReportHandler] INFO  pipeline.PipelineStateManager (PipelineStateManager.java:openPipeline(134)) - Pipeline Pipeline[ Id: d177edd7-502e-4f3e-93c0-34b181220432, Nodes: a98aee70-7acb-44b6-bef9-b88ed89af27b{ip: 192.168.164.236, host: pr-hdds-2375-hvwjp-2869937553, networkLocation: /default-rack, certSerialId: null}, Type:RATIS, Factor:ONE, State:OPEN] moved to OPEN state
2019-11-13 00:26:15,806 [EventQueue-PipelineReportForPipelineReportHandler] INFO  pipeline.PipelineStateManager (PipelineStateManager.java:openPipeline(134)) - Pipeline Pipeline[ Id: 83680992-f182-43c8-bbc0-594412bb2bc8, Nodes: 3a90a425-9eed-407b-8462-185910563181{ip: 192.168.164.236, host: pr-hdds-2375-hvwjp-2869937553, networkLocation: /default-rack, certSerialId: null}, Type:RATIS, Factor:ONE, State:OPEN] moved to OPEN state
2019-11-13 00:26:15,816 [3a90a425-9eed-407b-8462-185910563181@group-594412BB2BC8-LeaderElection2] INFO  impl.RoleInfo (RoleInfo.java:updateAndGet(143)) - 3a90a425-9eed-407b-8462-185910563181: start LeaderState
2019-11-13 00:26:15,816 [a98aee70-7acb-44b6-bef9-b88ed89af27b@group-34B181220432-LeaderElection1] INFO  impl.RoleInfo (RoleInfo.java:updateAndGet(143)) - a98aee70-7acb-44b6-bef9-b88ed89af27b: start LeaderState
2019-11-13 00:26:15,838 [3a90a425-9eed-407b-8462-185910563181@group-594412BB2BC8-LeaderElection2] INFO  segmented.SegmentedRaftLogWorker (SegmentedRaftLogWorker.java:startLogSegment(385)) - 3a90a425-9eed-407b-8462-185910563181@group-594412BB2BC8-SegmentedRaftLogWorker: Starting segment from index:0
2019-11-13 00:26:15,838 [a98aee70-7acb-44b6-bef9-b88ed89af27b@group-34B181220432-LeaderElection1] INFO  segmented.SegmentedRaftLogWorker (SegmentedRaftLogWorker.java:startLogSegment(385)) - a98aee70-7acb-44b6-bef9-b88ed89af27b@group-34B181220432-SegmentedRaftLogWorker: Starting segment from index:0
2019-11-13 00:26:15,850 [a98aee70-7acb-44b6-bef9-b88ed89af27b@group-34B181220432-LeaderElection1] INFO  impl.RaftServerImpl (ServerState.java:setRaftConf(356)) - a98aee70-7acb-44b6-bef9-b88ed89af27b@group-34B181220432: set configuration 0: [a98aee70-7acb-44b6-bef9-b88ed89af27b:192.168.164.236:41138], old=null at 0
2019-11-13 00:26:15,850 [3a90a425-9eed-407b-8462-185910563181@group-594412BB2BC8-LeaderElection2] INFO  impl.RaftServerImpl (ServerState.java:setRaftConf(356)) - 3a90a425-9eed-407b-8462-185910563181@group-594412BB2BC8: set configuration 0: [3a90a425-9eed-407b-8462-185910563181:192.168.164.236:46749], old=null at 0
2019-11-13 00:26:15,896 [Thread-216] INFO  impl.FollowerState (FollowerState.java:run(111)) - 3a90a425-9eed-407b-8462-185910563181@group-8FAB73ED67BD-FollowerState: change to CANDIDATE, lastRpcTime:5098ms, electionTimeout:5098ms
2019-11-13 00:26:15,896 [Thread-216] INFO  impl.RoleInfo (RoleInfo.java:shutdownFollowerState(121)) - 3a90a425-9eed-407b-8462-185910563181: shutdown FollowerState
2019-11-13 00:26:15,897 [Thread-216] INFO  impl.RaftServerImpl (RaftServerImpl.java:setRole(173)) - 3a90a425-9eed-407b-8462-185910563181@group-8FAB73ED67BD: changes role from  FOLLOWER to CANDIDATE at term 0 for changeToCandidate
2019-11-13 00:26:15,897 [Thread-216] INFO  impl.RoleInfo (RoleInfo.java:updateAndGet(143)) - 3a90a425-9eed-407b-8462-185910563181: start LeaderElection
2019-11-13 00:26:15,913 [3a90a425-9eed-407b-8462-185910563181@group-8FAB73ED67BD-LeaderElection3] INFO  impl.LeaderElection (LeaderElection.java:askForVotes(178)) - 3a90a425-9eed-407b-8462-185910563181@group-8FAB73ED67BD-LeaderElection3: begin an election at term 1 for -1: [2b77e794-d932-4db8-b050-374a0d299f29:192.168.164.236:43659, a98aee70-7acb-44b6-bef9-b88ed89af27b:192.168.164.236:41138, 3a90a425-9eed-407b-8462-185910563181:192.168.164.236:46749], old=null
2019-11-13 00:26:15,936 [grpc-default-executor-1] INFO  impl.RaftServerImpl (RaftServerImpl.java:setRole(173)) - a98aee70-7acb-44b6-bef9-b88ed89af27b@group-8FAB73ED67BD: changes role from  FOLLOWER to FOLLOWER at term 1 for recognizeCandidate:3a90a425-9eed-407b-8462-185910563181
2019-11-13 00:26:15,936 [grpc-default-executor-0] INFO  impl.RaftServerImpl (RaftServerImpl.java:setRole(173)) - 2b77e794-d932-4db8-b050-374a0d299f29@group-8FAB73ED67BD: changes role from  FOLLOWER to FOLLOWER at term 1 for recognizeCandidate:3a90a425-9eed-407b-8462-185910563181
2019-11-13 00:26:15,937 [grpc-default-executor-1] INFO  impl.RoleInfo (RoleInfo.java:shutdownFollowerState(121)) - a98aee70-7acb-44b6-bef9-b88ed89af27b: shutdown FollowerState
2019-11-13 00:26:15,937 [grpc-default-executor-0] INFO  impl.RoleInfo (RoleInfo.java:shutdownFollowerState(121)) - 2b77e794-d932-4db8-b050-374a0d299f29: shutdown FollowerState
2019-11-13 00:26:15,937 [Thread-214] INFO  impl.FollowerState (FollowerState.java:run(120)) - a98aee70-7acb-44b6-bef9-b88ed89af27b@group-8FAB73ED67BD-FollowerState was interrupted: java.lang.InterruptedException: sleep interrupted
2019-11-13 00:26:15,937 [Thread-210] INFO  impl.FollowerState (FollowerState.java:run(120)) - 2b77e794-d932-4db8-b050-374a0d299f29@group-8FAB73ED67BD-FollowerState was interrupted: java.lang.InterruptedException: sleep interrupted
2019-11-13 00:26:15,937 [grpc-default-executor-0] INFO  impl.RoleInfo (RoleInfo.java:updateAndGet(143)) - 2b77e794-d932-4db8-b050-374a0d299f29: start FollowerState
2019-11-13 00:26:15,937 [grpc-default-executor-1] INFO  impl.RoleInfo (RoleInfo.java:updateAndGet(143)) - a98aee70-7acb-44b6-bef9-b88ed89af27b: start FollowerState
2019-11-13 00:26:15,957 [Thread-220] INFO  impl.FollowerState (FollowerState.java:run(111)) - 2b77e794-d932-4db8-b050-374a0d299f29@group-55D6C0377B6C-FollowerState: change to CANDIDATE, lastRpcTime:5106ms, electionTimeout:5106ms
2019-11-13 00:26:15,957 [Thread-220] INFO  impl.RoleInfo (RoleInfo.java:shutdownFollowerState(121)) - 2b77e794-d932-4db8-b050-374a0d299f29: shutdown FollowerState
2019-11-13 00:26:15,957 [Thread-220] INFO  impl.RaftServerImpl (RaftServerImpl.java:setRole(173)) - 2b77e794-d932-4db8-b050-374a0d299f29@group-55D6C0377B6C: changes role from  FOLLOWER to CANDIDATE at term 0 for changeToCandidate
2019-11-13 00:26:15,957 [Thread-220] INFO  impl.RoleInfo (RoleInfo.java:updateAndGet(143)) - 2b77e794-d932-4db8-b050-374a0d299f29: start LeaderElection
2019-11-13 00:26:15,967 [3a90a425-9eed-407b-8462-185910563181@group-8FAB73ED67BD-LeaderElection3] INFO  impl.LeaderElection (LeaderElection.java:logAndReturn(56)) - 3a90a425-9eed-407b-8462-185910563181@group-8FAB73ED67BD-LeaderElection3: Election PASSED; received 1 response(s) [3a90a425-9eed-407b-8462-185910563181<-2b77e794-d932-4db8-b050-374a0d299f29#0:OK-t1] and 0 exception(s); 3a90a425-9eed-407b-8462-185910563181@group-8FAB73ED67BD:t1, leader=null, voted=3a90a425-9eed-407b-8462-185910563181, raftlog=3a90a425-9eed-407b-8462-185910563181@group-8FAB73ED67BD-SegmentedRaftLog:OPENED:c-1,f-1,i0, conf=-1: [2b77e794-d932-4db8-b050-374a0d299f29:192.168.164.236:43659, a98aee70-7acb-44b6-bef9-b88ed89af27b:192.168.164.236:41138, 3a90a425-9eed-407b-8462-185910563181:192.168.164.236:46749], old=null
2019-11-13 00:26:15,967 [3a90a425-9eed-407b-8462-185910563181@group-8FAB73ED67BD-LeaderElection3] INFO  impl.RoleInfo (RoleInfo.java:shutdownLeaderElection(134)) - 3a90a425-9eed-407b-8462-185910563181: shutdown LeaderElection
2019-11-13 00:26:15,967 [3a90a425-9eed-407b-8462-185910563181@group-8FAB73ED67BD-LeaderElection3] INFO  impl.RaftServerImpl (RaftServerImpl.java:setRole(173)) - 3a90a425-9eed-407b-8462-185910563181@group-8FAB73ED67BD: changes role from CANDIDATE to LEADER at term 1 for changeToLeader
2019-11-13 00:26:15,967 [3a90a425-9eed-407b-8462-185910563181@group-8FAB73ED67BD-LeaderElection3] INFO  ratis.XceiverServerRatis (XceiverServerRatis.java:handleLeaderChangedNotification(697)) - Leader change notification received for group: group-8FAB73ED67BD with new leaderId: 3a90a425-9eed-407b-8462-185910563181
2019-11-13 00:26:15,968 [3a90a425-9eed-407b-8462-185910563181@group-8FAB73ED67BD-LeaderElection3] INFO  impl.RaftServerImpl (ServerState.java:setLeader(255)) - 3a90a425-9eed-407b-8462-185910563181@group-8FAB73ED67BD: change Leader from null to 3a90a425-9eed-407b-8462-185910563181 at term 1 for becomeLeader, leader elected after 5181ms
2019-11-13 00:26:15,968 [3a90a425-9eed-407b-8462-185910563181@group-8FAB73ED67BD-LeaderElection3] INFO  server.RaftServerConfigKeys (ConfUtils.java:logGet(43)) - raft.server.staging.catchup.gap = 1000 (default)
2019-11-13 00:26:15,968 [3a90a425-9eed-407b-8462-185910563181@group-8FAB73ED67BD-LeaderElection3] INFO  server.RaftServerConfigKeys (ConfUtils.java:logGet(43)) - raft.server.rpc.sleep.time = 25ms (default)
2019-11-13 00:26:15,968 [3a90a425-9eed-407b-8462-185910563181@group-8FAB73ED67BD-LeaderElection3] INFO  server.RaftServerConfigKeys (ConfUtils.java:logGet(43)) - raft.server.write.element-limit = 4096 (default)
2019-11-13 00:26:15,968 [3a90a425-9eed-407b-8462-185910563181@group-8FAB73ED67BD-LeaderElection3] INFO  server.RaftServerConfigKeys (ConfUtils.java:logGet(43)) - raft.server.watch.timeout = 10s (default)
2019-11-13 00:26:15,968 [3a90a425-9eed-407b-8462-185910563181@group-8FAB73ED67BD-LeaderElection3] INFO  server.RaftServerConfigKeys (ConfUtils.java:logGet(43)) - raft.server.watch.timeout.denomination = 1s (default)
2019-11-13 00:26:15,968 [3a90a425-9eed-407b-8462-185910563181@group-8FAB73ED67BD-LeaderElection3] INFO  server.RaftServerConfigKeys (ConfUtils.java:logGet(43)) - raft.server.watch.element-limit = 65536 (default)
2019-11-13 00:26:15,970 [EventQueue-PipelineReportForPipelineReportHandler] INFO  pipeline.PipelineStateManager (PipelineStateManager.java:openPipeline(134)) - Pipeline Pipeline[ Id: 27fa0851-da9c-4ab1-a8fd-8fab73ed67bd, Nodes: a98aee70-7acb-44b6-bef9-b88ed89af27b{ip: 192.168.164.236, host: pr-hdds-2375-hvwjp-2869937553, networkLocation: /default-rack, certSerialId: null}2b77e794-d932-4db8-b050-374a0d299f29{ip: 192.168.164.236, host: pr-hdds-2375-hvwjp-2869937553, networkLocation: /default-rack, certSerialId: null}3a90a425-9eed-407b-8462-185910563181{ip: 192.168.164.236, host: pr-hdds-2375-hvwjp-2869937553, networkLocation: /default-rack, certSerialId: null}, Type:RATIS, Factor:THREE, State:OPEN] moved to OPEN state
2019-11-13 00:26:15,972 [3a90a425-9eed-407b-8462-185910563181@group-8FAB73ED67BD-LeaderElection3] INFO  server.RaftServerConfigKeys (ConfUtils.java:logGet(43)) - raft.server.log.appender.snapshot.chunk.size.max = 16MB (=16777216) (default)
2019-11-13 00:26:15,972 [3a90a425-9eed-407b-8462-185910563181@group-8FAB73ED67BD-LeaderElection3] INFO  server.RaftServerConfigKeys (ConfUtils.java:logGet(43)) - raft.server.log.appender.buffer.byte-limit = 33554432 (custom)
2019-11-13 00:26:15,972 [3a90a425-9eed-407b-8462-185910563181@group-8FAB73ED67BD-LeaderElection3] INFO  server.RaftServerConfigKeys (ConfUtils.java:logGet(43)) - raft.server.log.appender.buffer.element-limit = 1 (custom)
2019-11-13 00:26:15,973 [2b77e794-d932-4db8-b050-374a0d299f29@group-55D6C0377B6C-LeaderElection4] INFO  impl.LeaderElection (LeaderElection.java:askForVotes(178)) - 2b77e794-d932-4db8-b050-374a0d299f29@group-55D6C0377B6C-LeaderElection4: begin an election at term 1 for -1: [2b77e794-d932-4db8-b050-374a0d299f29:192.168.164.236:43659], old=null
2019-11-13 00:26:15,975 [2b77e794-d932-4db8-b050-374a0d299f29@group-55D6C0377B6C-LeaderElection4] INFO  impl.RoleInfo (RoleInfo.java:shutdownLeaderElection(134)) - 2b77e794-d932-4db8-b050-374a0d299f29: shutdown LeaderElection
2019-11-13 00:26:15,975 [2b77e794-d932-4db8-b050-374a0d299f29@group-55D6C0377B6C-LeaderElection4] INFO  impl.RaftServerImpl (RaftServerImpl.java:setRole(173)) - 2b77e794-d932-4db8-b050-374a0d299f29@group-55D6C0377B6C: changes role from CANDIDATE to LEADER at term 1 for changeToLeader
2019-11-13 00:26:15,975 [2b77e794-d932-4db8-b050-374a0d299f29@group-55D6C0377B6C-LeaderElection4] INFO  ratis.XceiverServerRatis (XceiverServerRatis.java:handleLeaderChangedNotification(697)) - Leader change notification received for group: group-55D6C0377B6C with new leaderId: 2b77e794-d932-4db8-b050-374a0d299f29
2019-11-13 00:26:15,976 [2b77e794-d932-4db8-b050-374a0d299f29@group-55D6C0377B6C-LeaderElection4] INFO  impl.RaftServerImpl (ServerState.java:setLeader(255)) - 2b77e794-d932-4db8-b050-374a0d299f29@group-55D6C0377B6C: change Leader from null to 2b77e794-d932-4db8-b050-374a0d299f29 at term 1 for becomeLeader, leader elected after 5127ms
2019-11-13 00:26:15,976 [2b77e794-d932-4db8-b050-374a0d299f29@group-55D6C0377B6C-LeaderElection4] INFO  server.RaftServerConfigKeys (ConfUtils.java:logGet(43)) - raft.server.staging.catchup.gap = 1000 (default)
2019-11-13 00:26:15,976 [2b77e794-d932-4db8-b050-374a0d299f29@group-55D6C0377B6C-LeaderElection4] INFO  server.RaftServerConfigKeys (ConfUtils.java:logGet(43)) - raft.server.rpc.sleep.time = 25ms (default)
2019-11-13 00:26:15,976 [3a90a425-9eed-407b-8462-185910563181@group-8FAB73ED67BD-LeaderElection3] INFO  grpc.GrpcConfigKeys$Server (ConfUtils.java:logGet(43)) - raft.grpc.server.leader.outstanding.appends.max = 128 (default)
2019-11-13 00:26:15,976 [2b77e794-d932-4db8-b050-374a0d299f29@group-55D6C0377B6C-LeaderElection4] INFO  server.RaftServerConfigKeys (ConfUtils.java:logGet(43)) - raft.server.write.element-limit = 4096 (default)
2019-11-13 00:26:15,977 [3a90a425-9eed-407b-8462-185910563181@group-8FAB73ED67BD-LeaderElection3] INFO  server.RaftServerConfigKeys (ConfUtils.java:logGet(43)) - raft.server.rpc.request.timeout = 3000ms (default)
2019-11-13 00:26:15,977 [2b77e794-d932-4db8-b050-374a0d299f29@group-55D6C0377B6C-LeaderElection4] INFO  server.RaftServerConfigKeys (ConfUtils.java:logGet(43)) - raft.server.watch.timeout = 10s (default)
2019-11-13 00:26:15,977 [3a90a425-9eed-407b-8462-185910563181@group-8FAB73ED67BD-LeaderElection3] INFO  server.RaftServerConfigKeys (ConfUtils.java:logGet(43)) - raft.server.log.appender.install.snapshot.enabled = false (custom)
2019-11-13 00:26:15,977 [2b77e794-d932-4db8-b050-374a0d299f29@group-55D6C0377B6C-LeaderElection4] INFO  server.RaftServerConfigKeys (ConfUtils.java:logGet(43)) - raft.server.watch.timeout.denomination = 1s (default)
2019-11-13 00:26:15,977 [2b77e794-d932-4db8-b050-374a0d299f29@group-55D6C0377B6C-LeaderElection4] INFO  server.RaftServerConfigKeys (ConfUtils.java:logGet(43)) - raft.server.watch.element-limit = 65536 (default)
2019-11-13 00:26:15,978 [EventQueue-PipelineReportForPipelineReportHandler] INFO  pipeline.PipelineStateManager (PipelineStateManager.java:openPipeline(134)) - Pipeline Pipeline[ Id: 264836a0-cbc7-4816-856a-55d6c0377b6c, Nodes: 2b77e794-d932-4db8-b050-374a0d299f29{ip: 192.168.164.236, host: pr-hdds-2375-hvwjp-2869937553, networkLocation: /default-rack, certSerialId: null}, Type:RATIS, Factor:ONE, State:OPEN] moved to OPEN state
2019-11-13 00:26:15,978 [2b77e794-d932-4db8-b050-374a0d299f29@group-55D6C0377B6C-LeaderElection4] INFO  impl.RoleInfo (RoleInfo.java:updateAndGet(143)) - 2b77e794-d932-4db8-b050-374a0d299f29: start LeaderState
2019-11-13 00:26:15,978 [2b77e794-d932-4db8-b050-374a0d299f29@group-55D6C0377B6C-LeaderElection4] INFO  segmented.SegmentedRaftLogWorker (SegmentedRaftLogWorker.java:startLogSegment(385)) - 2b77e794-d932-4db8-b050-374a0d299f29@group-55D6C0377B6C-SegmentedRaftLogWorker: Starting segment from index:0
2019-11-13 00:26:15,978 [3a90a425-9eed-407b-8462-185910563181@group-8FAB73ED67BD-LeaderElection3] WARN  impl.MetricRegistriesImpl (MetricRegistriesImpl.java:lambda$create$1(61)) - First MetricRegistry has been created without registering reporters. You may need to call MetricRegistries.global().addReportRegistration(...) before.
2019-11-13 00:26:15,979 [2b77e794-d932-4db8-b050-374a0d299f29@group-55D6C0377B6C-LeaderElection4] INFO  impl.RaftServerImpl (ServerState.java:setRaftConf(356)) - 2b77e794-d932-4db8-b050-374a0d299f29@group-55D6C0377B6C: set configuration 0: [2b77e794-d932-4db8-b050-374a0d299f29:192.168.164.236:43659], old=null at 0
2019-11-13 00:26:15,980 [3a90a425-9eed-407b-8462-185910563181@group-8FAB73ED67BD-LeaderElection3] INFO  server.RaftServerConfigKeys (ConfUtils.java:logGet(43)) - raft.server.log.appender.snapshot.chunk.size.max = 16MB (=16777216) (default)
2019-11-13 00:26:15,980 [3a90a425-9eed-407b-8462-185910563181@group-8FAB73ED67BD-LeaderElection3] INFO  server.RaftServerConfigKeys (ConfUtils.java:logGet(43)) - raft.server.log.appender.buffer.byte-limit = 33554432 (custom)
2019-11-13 00:26:15,980 [3a90a425-9eed-407b-8462-185910563181@group-8FAB73ED67BD-LeaderElection3] INFO  server.RaftServerConfigKeys (ConfUtils.java:logGet(43)) - raft.server.log.appender.buffer.element-limit = 1 (custom)
2019-11-13 00:26:15,980 [3a90a425-9eed-407b-8462-185910563181@group-8FAB73ED67BD-LeaderElection3] INFO  grpc.GrpcConfigKeys$Server (ConfUtils.java:logGet(43)) - raft.grpc.server.leader.outstanding.appends.max = 128 (default)
2019-11-13 00:26:15,980 [3a90a425-9eed-407b-8462-185910563181@group-8FAB73ED67BD-LeaderElection3] INFO  server.RaftServerConfigKeys (ConfUtils.java:logGet(43)) - raft.server.rpc.request.timeout = 3000ms (default)
2019-11-13 00:26:15,980 [3a90a425-9eed-407b-8462-185910563181@group-8FAB73ED67BD-LeaderElection3] INFO  server.RaftServerConfigKeys (ConfUtils.java:logGet(43)) - raft.server.log.appender.install.snapshot.enabled = false (custom)
2019-11-13 00:26:15,983 [3a90a425-9eed-407b-8462-185910563181@group-8FAB73ED67BD-LeaderElection3] INFO  impl.RoleInfo (RoleInfo.java:updateAndGet(143)) - 3a90a425-9eed-407b-8462-185910563181: start LeaderState
2019-11-13 00:26:15,983 [3a90a425-9eed-407b-8462-185910563181@group-8FAB73ED67BD-LeaderElection3] INFO  segmented.SegmentedRaftLogWorker (SegmentedRaftLogWorker.java:startLogSegment(385)) - 3a90a425-9eed-407b-8462-185910563181@group-8FAB73ED67BD-SegmentedRaftLogWorker: Starting segment from index:0
2019-11-13 00:26:15,984 [3a90a425-9eed-407b-8462-185910563181@group-8FAB73ED67BD-LeaderElection3] INFO  impl.RaftServerImpl (ServerState.java:setRaftConf(356)) - 3a90a425-9eed-407b-8462-185910563181@group-8FAB73ED67BD: set configuration 0: [2b77e794-d932-4db8-b050-374a0d299f29:192.168.164.236:43659, a98aee70-7acb-44b6-bef9-b88ed89af27b:192.168.164.236:41138, 3a90a425-9eed-407b-8462-185910563181:192.168.164.236:46749], old=null at 0
2019-11-13 00:26:16,006 [grpc-default-executor-1] INFO  ratis.XceiverServerRatis (XceiverServerRatis.java:handleLeaderChangedNotification(697)) - Leader change notification received for group: group-8FAB73ED67BD with new leaderId: 3a90a425-9eed-407b-8462-185910563181
2019-11-13 00:26:16,006 [grpc-default-executor-0] INFO  ratis.XceiverServerRatis (XceiverServerRatis.java:handleLeaderChangedNotification(697)) - Leader change notification received for group: group-8FAB73ED67BD with new leaderId: 3a90a425-9eed-407b-8462-185910563181
2019-11-13 00:26:16,006 [grpc-default-executor-1] INFO  impl.RaftServerImpl (ServerState.java:setLeader(255)) - 2b77e794-d932-4db8-b050-374a0d299f29@group-8FAB73ED67BD: change Leader from null to 3a90a425-9eed-407b-8462-185910563181 at term 1 for appendEntries, leader elected after 5220ms
2019-11-13 00:26:16,006 [grpc-default-executor-0] INFO  impl.RaftServerImpl (ServerState.java:setLeader(255)) - a98aee70-7acb-44b6-bef9-b88ed89af27b@group-8FAB73ED67BD: change Leader from null to 3a90a425-9eed-407b-8462-185910563181 at term 1 for appendEntries, leader elected after 5220ms
2019-11-13 00:26:16,058 [2b77e794-d932-4db8-b050-374a0d299f29@group-55D6C0377B6C-SegmentedRaftLogWorker] INFO  segmented.SegmentedRaftLogWorker (SegmentedRaftLogWorker.java:execute(576)) - 2b77e794-d932-4db8-b050-374a0d299f29@group-55D6C0377B6C-SegmentedRaftLogWorker: created new log segment /workdir/hadoop-ozone/tools/target/test-dir/MiniOzoneClusterImpl-6e227885-a821-486c-968a-17dd64ddd23b/datanode-2/data/ratis/264836a0-cbc7-4816-856a-55d6c0377b6c/current/log_inprogress_0
2019-11-13 00:26:16,058 [a98aee70-7acb-44b6-bef9-b88ed89af27b@group-34B181220432-SegmentedRaftLogWorker] INFO  segmented.SegmentedRaftLogWorker (SegmentedRaftLogWorker.java:execute(576)) - a98aee70-7acb-44b6-bef9-b88ed89af27b@group-34B181220432-SegmentedRaftLogWorker: created new log segment /workdir/hadoop-ozone/tools/target/test-dir/MiniOzoneClusterImpl-6e227885-a821-486c-968a-17dd64ddd23b/datanode-1/data/ratis/d177edd7-502e-4f3e-93c0-34b181220432/current/log_inprogress_0
2019-11-13 00:26:16,058 [3a90a425-9eed-407b-8462-185910563181@group-8FAB73ED67BD-SegmentedRaftLogWorker] INFO  segmented.SegmentedRaftLogWorker (SegmentedRaftLogWorker.java:execute(576)) - 3a90a425-9eed-407b-8462-185910563181@group-8FAB73ED67BD-SegmentedRaftLogWorker: created new log segment /workdir/hadoop-ozone/tools/target/test-dir/MiniOzoneClusterImpl-6e227885-a821-486c-968a-17dd64ddd23b/datanode-0/data/ratis/27fa0851-da9c-4ab1-a8fd-8fab73ed67bd/current/log_inprogress_0
2019-11-13 00:26:16,058 [3a90a425-9eed-407b-8462-185910563181@group-594412BB2BC8-SegmentedRaftLogWorker] INFO  segmented.SegmentedRaftLogWorker (SegmentedRaftLogWorker.java:execute(576)) - 3a90a425-9eed-407b-8462-185910563181@group-594412BB2BC8-SegmentedRaftLogWorker: created new log segment /workdir/hadoop-ozone/tools/target/test-dir/MiniOzoneClusterImpl-6e227885-a821-486c-968a-17dd64ddd23b/datanode-0/data/ratis/83680992-f182-43c8-bbc0-594412bb2bc8/current/log_inprogress_0
2019-11-13 00:26:16,064 [grpc-default-executor-1] INFO  impl.RaftServerImpl (ServerState.java:setRaftConf(356)) - a98aee70-7acb-44b6-bef9-b88ed89af27b@group-8FAB73ED67BD: set configuration 0: [2b77e794-d932-4db8-b050-374a0d299f29:192.168.164.236:43659, a98aee70-7acb-44b6-bef9-b88ed89af27b:192.168.164.236:41138, 3a90a425-9eed-407b-8462-185910563181:192.168.164.236:46749], old=null at 0
2019-11-13 00:26:16,064 [grpc-default-executor-0] INFO  impl.RaftServerImpl (ServerState.java:setRaftConf(356)) - 2b77e794-d932-4db8-b050-374a0d299f29@group-8FAB73ED67BD: set configuration 0: [2b77e794-d932-4db8-b050-374a0d299f29:192.168.164.236:43659, a98aee70-7acb-44b6-bef9-b88ed89af27b:192.168.164.236:41138, 3a90a425-9eed-407b-8462-185910563181:192.168.164.236:46749], old=null at 0
2019-11-13 00:26:16,064 [grpc-default-executor-1] INFO  segmented.SegmentedRaftLogWorker (SegmentedRaftLogWorker.java:startLogSegment(385)) - a98aee70-7acb-44b6-bef9-b88ed89af27b@group-8FAB73ED67BD-SegmentedRaftLogWorker: Starting segment from index:0
2019-11-13 00:26:16,065 [grpc-default-executor-0] INFO  segmented.SegmentedRaftLogWorker (SegmentedRaftLogWorker.java:startLogSegment(385)) - 2b77e794-d932-4db8-b050-374a0d299f29@group-8FAB73ED67BD-SegmentedRaftLogWorker: Starting segment from index:0
2019-11-13 00:26:16,104 [a98aee70-7acb-44b6-bef9-b88ed89af27b@group-8FAB73ED67BD-SegmentedRaftLogWorker] INFO  segmented.SegmentedRaftLogWorker (SegmentedRaftLogWorker.java:execute(576)) - a98aee70-7acb-44b6-bef9-b88ed89af27b@group-8FAB73ED67BD-SegmentedRaftLogWorker: created new log segment /workdir/hadoop-ozone/tools/target/test-dir/MiniOzoneClusterImpl-6e227885-a821-486c-968a-17dd64ddd23b/datanode-1/data/ratis/27fa0851-da9c-4ab1-a8fd-8fab73ed67bd/current/log_inprogress_0
2019-11-13 00:26:16,104 [2b77e794-d932-4db8-b050-374a0d299f29@group-8FAB73ED67BD-SegmentedRaftLogWorker] INFO  segmented.SegmentedRaftLogWorker (SegmentedRaftLogWorker.java:execute(576)) - 2b77e794-d932-4db8-b050-374a0d299f29@group-8FAB73ED67BD-SegmentedRaftLogWorker: created new log segment /workdir/hadoop-ozone/tools/target/test-dir/MiniOzoneClusterImpl-6e227885-a821-486c-968a-17dd64ddd23b/datanode-2/data/ratis/27fa0851-da9c-4ab1-a8fd-8fab73ed67bd/current/log_inprogress_0
2019-11-13 00:26:16,461 [main] INFO  ozone.MiniOzoneClusterImpl (MiniOzoneClusterImpl.java:lambda$waitForClusterToBeReady$2(171)) - Cluster is ready. Got 3 of 3 DN Heartbeats.
2019-11-13 00:26:17,358 [main] INFO  freon.RandomKeyGenerator (RandomKeyGenerator.java:call(283)) - Number of Threads: 10
2019-11-13 00:26:17,359 [main] INFO  freon.RandomKeyGenerator (RandomKeyGenerator.java:call(288)) - Number of Volumes: 1.
2019-11-13 00:26:17,359 [main] INFO  freon.RandomKeyGenerator (RandomKeyGenerator.java:call(289)) - Number of Buckets per Volume: 1.
2019-11-13 00:26:17,359 [main] INFO  freon.RandomKeyGenerator (RandomKeyGenerator.java:call(290)) - Number of Keys per Bucket: 1.
2019-11-13 00:26:17,360 [main] INFO  freon.RandomKeyGenerator (RandomKeyGenerator.java:call(291)) - Key size: 20971520 bytes
2019-11-13 00:26:17,360 [main] INFO  freon.RandomKeyGenerator (RandomKeyGenerator.java:call(292)) - Buffer size: 4096 bytes
2019-11-13 00:26:17,360 [main] INFO  freon.RandomKeyGenerator (RandomKeyGenerator.java:call(293)) - validateWrites : true
2019-11-13 00:26:17,364 [main] INFO  freon.RandomKeyGenerator (RandomKeyGenerator.java:call(307)) - Data validation is enabled.
2019-11-13 00:26:17,365 [main] INFO  freon.RandomKeyGenerator (RandomKeyGenerator.java:call(313)) - Starting progress bar Thread.

 0.00% |?                                                                                                    |  0/1 Time: 0:00:002019-11-13 00:26:17,392 [pool-53-thread-1] INFO  rpc.RpcClient (RpcClient.java:createVolume(292)) - Creating Volume: vol-0-28893, with jenkins1000 as owner.
2019-11-13 00:26:17,483 [IPC Server handler 4 on 33184] INFO  volume.OMVolumeCreateRequest (OMVolumeCreateRequest.java:validateAndUpdateCache(193)) - created volume:vol-0-28893 for user:jenkins1000
2019-11-13 00:26:17,537 [pool-53-thread-2] INFO  rpc.RpcClient (RpcClient.java:createBucket(431)) - Creating Bucket: vol-0-28893/bucket-0-11683, with Versioning false and Storage Type set to DISK and Encryption set to false 
2019-11-13 00:26:17,748 [pool-53-thread-3] INFO  impl.MetricsSystemImpl (MetricsSystemImpl.java:init(158)) - XceiverClientMetrics metrics system started (again)
 0.00% |?                                                                                                    |  0/1 Time: 0:00:01 0.00% |?                                                                                                    |  0/1 Time: 0:00:02 100.00% |?????????????????????????????????????????????????????????????????????????????????????????????????????|  1/1 Time: 0:00:03
2019-11-13 00:26:24,836 [main] INFO  pipeline.SCMPipelineManager (SCMPipelineManager.java:finalizeAndDestroyPipeline(315)) - destroying pipeline:Pipeline[ Id: 27fa0851-da9c-4ab1-a8fd-8fab73ed67bd, Nodes: a98aee70-7acb-44b6-bef9-b88ed89af27b{ip: 192.168.164.236, host: pr-hdds-2375-hvwjp-2869937553, networkLocation: /default-rack, certSerialId: null}2b77e794-d932-4db8-b050-374a0d299f29{ip: 192.168.164.236, host: pr-hdds-2375-hvwjp-2869937553, networkLocation: /default-rack, certSerialId: null}3a90a425-9eed-407b-8462-185910563181{ip: 192.168.164.236, host: pr-hdds-2375-hvwjp-2869937553, networkLocation: /default-rack, certSerialId: null}, Type:RATIS, Factor:THREE, State:OPEN]
2019-11-13 00:26:24,837 [main] INFO  pipeline.PipelineStateManager (PipelineStateManager.java:finalizePipeline(121)) - Pipeline Pipeline[ Id: 27fa0851-da9c-4ab1-a8fd-8fab73ed67bd, Nodes: a98aee70-7acb-44b6-bef9-b88ed89af27b{ip: 192.168.164.236, host: pr-hdds-2375-hvwjp-2869937553, networkLocation: /default-rack, certSerialId: null}2b77e794-d932-4db8-b050-374a0d299f29{ip: 192.168.164.236, host: pr-hdds-2375-hvwjp-2869937553, networkLocation: /default-rack, certSerialId: null}3a90a425-9eed-407b-8462-185910563181{ip: 192.168.164.236, host: pr-hdds-2375-hvwjp-2869937553, networkLocation: /default-rack, certSerialId: null}, Type:RATIS, Factor:THREE, State:CLOSED] moved to CLOSED state
2019-11-13 00:26:24,838 [EventQueue-CloseContainerForCloseContainerEventHandler] INFO  container.CloseContainerEventHandler (CloseContainerEventHandler.java:onMessage(61)) - Close container Event triggered for container : #1
2019-11-13 00:26:24,844 [EventQueue-CloseContainerForCloseContainerEventHandler] INFO  container.CloseContainerEventHandler (CloseContainerEventHandler.java:onMessage(61)) - Close container Event triggered for container : #2
2019-11-13 00:26:24,849 [grpc-default-executor-0] INFO  impl.RaftServerProxy (RaftServerProxy.java:remove(95)) - a98aee70-7acb-44b6-bef9-b88ed89af27b: remove  FOLLOWER a98aee70-7acb-44b6-bef9-b88ed89af27b@group-8FAB73ED67BD:t1, leader=3a90a425-9eed-407b-8462-185910563181, voted=3a90a425-9eed-407b-8462-185910563181, raftlog=a98aee70-7acb-44b6-bef9-b88ed89af27b@group-8FAB73ED67BD-SegmentedRaftLog:OPENED:c74,f74,i74, conf=0: [2b77e794-d932-4db8-b050-374a0d299f29:192.168.164.236:43659, a98aee70-7acb-44b6-bef9-b88ed89af27b:192.168.164.236:41138, 3a90a425-9eed-407b-8462-185910563181:192.168.164.236:46749], old=null RUNNING
2019-11-13 00:26:24,850 [grpc-default-executor-0] INFO  impl.RaftServerImpl (RaftServerImpl.java:lambda$shutdown$3(250)) - a98aee70-7acb-44b6-bef9-b88ed89af27b@group-8FAB73ED67BD: shutdown
2019-11-13 00:26:24,850 [grpc-default-executor-0] INFO  util.JmxRegister (JmxRegister.java:unregister(73)) - Successfully un-registered JMX Bean with object name Ratis:service=RaftServer,group=group-8FAB73ED67BD,id=a98aee70-7acb-44b6-bef9-b88ed89af27b
2019-11-13 00:26:24,850 [grpc-default-executor-0] INFO  impl.RoleInfo (RoleInfo.java:shutdownFollowerState(121)) - a98aee70-7acb-44b6-bef9-b88ed89af27b: shutdown FollowerState
2019-11-13 00:26:24,850 [grpc-default-executor-0] INFO  impl.StateMachineUpdater (StateMachineUpdater.java:stopAndJoin(136)) - a98aee70-7acb-44b6-bef9-b88ed89af27b@group-8FAB73ED67BD-StateMachineUpdater: set stopIndex = 74
2019-11-13 00:26:24,851 [a98aee70-7acb-44b6-bef9-b88ed89af27b@group-8FAB73ED67BD-StateMachineUpdater] INFO  ratis.ContainerStateMachine (ContainerStateMachine.java:takeSnapshot(285)) - group-8FAB73ED67BD: Taking a snapshot at:(t:1, i:72) file /workdir/hadoop-ozone/tools/target/test-dir/MiniOzoneClusterImpl-6e227885-a821-486c-968a-17dd64ddd23b/datanode-1/data/ratis/27fa0851-da9c-4ab1-a8fd-8fab73ed67bd/sm/snapshot.1_72
2019-11-13 00:26:24,852 [EventQueue-CloseContainerForCloseContainerEventHandler] INFO  container.CloseContainerEventHandler (CloseContainerEventHandler.java:onMessage(61)) - Close container Event triggered for container : #3
2019-11-13 00:26:24,850 [Thread-229] INFO  impl.FollowerState (FollowerState.java:run(120)) - a98aee70-7acb-44b6-bef9-b88ed89af27b@group-8FAB73ED67BD-FollowerState was interrupted: java.lang.InterruptedException: sleep interrupted
2019-11-13 00:26:24,882 [a98aee70-7acb-44b6-bef9-b88ed89af27b@group-8FAB73ED67BD-StateMachineUpdater] INFO  ratis.ContainerStateMachine (ContainerStateMachine.java:takeSnapshot(296)) - group-8FAB73ED67BD: Finished taking a snapshot at:(t:1, i:72) file:/workdir/hadoop-ozone/tools/target/test-dir/MiniOzoneClusterImpl-6e227885-a821-486c-968a-17dd64ddd23b/datanode-1/data/ratis/27fa0851-da9c-4ab1-a8fd-8fab73ed67bd/sm/snapshot.1_72 time:31
2019-11-13 00:26:24,884 [a98aee70-7acb-44b6-bef9-b88ed89af27b@group-8FAB73ED67BD-StateMachineUpdater] INFO  impl.StateMachineUpdater (StateMachineUpdater.java:takeSnapshot(269)) - a98aee70-7acb-44b6-bef9-b88ed89af27b@group-8FAB73ED67BD-StateMachineUpdater: Took a snapshot at index 72
2019-11-13 00:26:24,885 [a98aee70-7acb-44b6-bef9-b88ed89af27b@group-8FAB73ED67BD-StateMachineUpdater] INFO  impl.StateMachineUpdater (StateMachineUpdater.java:lambda$new$0(84)) - a98aee70-7acb-44b6-bef9-b88ed89af27b@group-8FAB73ED67BD-StateMachineUpdater: snapshotIndex: updateIncreasingly -1 -> 72
2019-11-13 00:26:24,890 [a98aee70-7acb-44b6-bef9-b88ed89af27b@group-8FAB73ED67BD-StateMachineUpdater] INFO  ratis.ContainerStateMachine (ContainerStateMachine.java:takeSnapshot(285)) - group-8FAB73ED67BD: Taking a snapshot at:(t:1, i:72) file /workdir/hadoop-ozone/tools/target/test-dir/MiniOzoneClusterImpl-6e227885-a821-486c-968a-17dd64ddd23b/datanode-1/data/ratis/27fa0851-da9c-4ab1-a8fd-8fab73ed67bd/sm/snapshot.1_72
2019-11-13 00:26:24,902 [a98aee70-7acb-44b6-bef9-b88ed89af27b@group-8FAB73ED67BD-StateMachineUpdater] INFO  ratis.ContainerStateMachine (ContainerStateMachine.java:takeSnapshot(296)) - group-8FAB73ED67BD: Finished taking a snapshot at:(t:1, i:72) file:/workdir/hadoop-ozone/tools/target/test-dir/MiniOzoneClusterImpl-6e227885-a821-486c-968a-17dd64ddd23b/datanode-1/data/ratis/27fa0851-da9c-4ab1-a8fd-8fab73ed67bd/sm/snapshot.1_72 time:12
2019-11-13 00:26:24,902 [a98aee70-7acb-44b6-bef9-b88ed89af27b@group-8FAB73ED67BD-StateMachineUpdater] INFO  impl.StateMachineUpdater (StateMachineUpdater.java:takeSnapshot(269)) - a98aee70-7acb-44b6-bef9-b88ed89af27b@group-8FAB73ED67BD-StateMachineUpdater: Took a snapshot at index 72
2019-11-13 00:26:24,902 [a98aee70-7acb-44b6-bef9-b88ed89af27b@group-8FAB73ED67BD-StateMachineUpdater] INFO  impl.StateMachineUpdater (StateMachineUpdater.java:lambda$new$0(84)) - a98aee70-7acb-44b6-bef9-b88ed89af27b@group-8FAB73ED67BD-StateMachineUpdater: snapshotIndex: updateIncreasingly 72 -> 72
2019-11-13 00:26:24,903 [grpc-default-executor-0] INFO  impl.RaftServerImpl (ServerState.java:close(387)) - a98aee70-7acb-44b6-bef9-b88ed89af27b@group-8FAB73ED67BD: closes. applyIndex: 74
2019-11-13 00:26:24,903 [a98aee70-7acb-44b6-bef9-b88ed89af27b@group-8FAB73ED67BD-SegmentedRaftLogWorker] INFO  segmented.SegmentedRaftLogWorker (SegmentedRaftLogWorker.java:run(316)) - a98aee70-7acb-44b6-bef9-b88ed89af27b@group-8FAB73ED67BD-SegmentedRaftLogWorker was interrupted, exiting. There are 0 tasks remaining in the queue.
2019-11-13 00:26:24,905 [grpc-default-executor-0] INFO  segmented.SegmentedRaftLogWorker (SegmentedRaftLogWorker.java:close(224)) - a98aee70-7acb-44b6-bef9-b88ed89af27b@group-8FAB73ED67BD-SegmentedRaftLogWorker close()
2019-11-13 00:26:24,945 [grpc-default-executor-0] INFO  interfaces.Container (KeyValueContainer.java:flushAndSyncDB(400)) - Container 1 is synced with bcsId 56.
2019-11-13 00:26:24,945 [grpc-default-executor-0] INFO  interfaces.Container (KeyValueContainer.java:flushAndSyncDB(400)) - Container 1 is synced with bcsId 56.
2019-11-13 00:26:24,972 [EventQueue-IncrementalContainerReportForIncrementalContainerReportHandler] INFO  container.IncrementalContainerReportHandler (AbstractContainerReportHandler.java:updateContainerState(171)) - Moving container #1 to QUASI_CLOSED state, datanode a98aee70-7acb-44b6-bef9-b88ed89af27b{ip: 192.168.164.236, host: pr-hdds-2375-hvwjp-2869937553, networkLocation: /default-rack, certSerialId: null} reported QUASI_CLOSED replica.
2019-11-13 00:26:24,988 [grpc-default-executor-0] INFO  interfaces.Container (KeyValueContainer.java:flushAndSyncDB(400)) - Container 2 is synced with bcsId 72.
2019-11-13 00:26:24,988 [grpc-default-executor-0] INFO  interfaces.Container (KeyValueContainer.java:flushAndSyncDB(400)) - Container 2 is synced with bcsId 72.
2019-11-13 00:26:25,005 [EventQueue-IncrementalContainerReportForIncrementalContainerReportHandler] INFO  container.IncrementalContainerReportHandler (AbstractContainerReportHandler.java:updateContainerState(171)) - Moving container #2 to QUASI_CLOSED state, datanode a98aee70-7acb-44b6-bef9-b88ed89af27b{ip: 192.168.164.236, host: pr-hdds-2375-hvwjp-2869937553, networkLocation: /default-rack, certSerialId: null} reported QUASI_CLOSED replica.
2019-11-13 00:26:25,030 [grpc-default-executor-0] INFO  interfaces.Container (KeyValueContainer.java:flushAndSyncDB(400)) - Container 3 is synced with bcsId 39.
2019-11-13 00:26:25,030 [grpc-default-executor-0] INFO  interfaces.Container (KeyValueContainer.java:flushAndSyncDB(400)) - Container 3 is synced with bcsId 39.
2019-11-13 00:26:25,047 [EventQueue-IncrementalContainerReportForIncrementalContainerReportHandler] INFO  container.IncrementalContainerReportHandler (AbstractContainerReportHandler.java:updateContainerState(171)) - Moving container #3 to QUASI_CLOSED state, datanode a98aee70-7acb-44b6-bef9-b88ed89af27b{ip: 192.168.164.236, host: pr-hdds-2375-hvwjp-2869937553, networkLocation: /default-rack, certSerialId: null} reported QUASI_CLOSED replica.
2019-11-13 00:26:25,056 [grpc-default-executor-0] INFO  impl.RaftServerProxy (RaftServerProxy.java:remove(95)) - 2b77e794-d932-4db8-b050-374a0d299f29: remove  FOLLOWER 2b77e794-d932-4db8-b050-374a0d299f29@group-8FAB73ED67BD:t1, leader=3a90a425-9eed-407b-8462-185910563181, voted=3a90a425-9eed-407b-8462-185910563181, raftlog=2b77e794-d932-4db8-b050-374a0d299f29@group-8FAB73ED67BD-SegmentedRaftLog:OPENED:c74,f74,i74, conf=0: [2b77e794-d932-4db8-b050-374a0d299f29:192.168.164.236:43659, a98aee70-7acb-44b6-bef9-b88ed89af27b:192.168.164.236:41138, 3a90a425-9eed-407b-8462-185910563181:192.168.164.236:46749], old=null RUNNING
2019-11-13 00:26:25,056 [grpc-default-executor-0] INFO  impl.RaftServerImpl (RaftServerImpl.java:lambda$shutdown$3(250)) - 2b77e794-d932-4db8-b050-374a0d299f29@group-8FAB73ED67BD: shutdown
2019-11-13 00:26:25,057 [grpc-default-executor-0] INFO  util.JmxRegister (JmxRegister.java:unregister(73)) - Successfully un-registered JMX Bean with object name Ratis:service=RaftServer,group=group-8FAB73ED67BD,id=2b77e794-d932-4db8-b050-374a0d299f29
2019-11-13 00:26:25,057 [grpc-default-executor-0] INFO  impl.RoleInfo (RoleInfo.java:shutdownFollowerState(121)) - 2b77e794-d932-4db8-b050-374a0d299f29: shutdown FollowerState
2019-11-13 00:26:25,057 [grpc-default-executor-0] INFO  impl.StateMachineUpdater (StateMachineUpdater.java:stopAndJoin(136)) - 2b77e794-d932-4db8-b050-374a0d299f29@group-8FAB73ED67BD-StateMachineUpdater: set stopIndex = 74
2019-11-13 00:26:25,057 [Thread-230] INFO  impl.FollowerState (FollowerState.java:run(120)) - 2b77e794-d932-4db8-b050-374a0d299f29@group-8FAB73ED67BD-FollowerState was interrupted: java.lang.InterruptedException: sleep interrupted
2019-11-13 00:26:25,057 [2b77e794-d932-4db8-b050-374a0d299f29@group-8FAB73ED67BD-StateMachineUpdater] INFO  ratis.ContainerStateMachine (ContainerStateMachine.java:takeSnapshot(285)) - group-8FAB73ED67BD: Taking a snapshot at:(t:1, i:72) file /workdir/hadoop-ozone/tools/target/test-dir/MiniOzoneClusterImpl-6e227885-a821-486c-968a-17dd64ddd23b/datanode-2/data/ratis/27fa0851-da9c-4ab1-a8fd-8fab73ed67bd/sm/snapshot.1_72
2019-11-13 00:26:25,072 [2b77e794-d932-4db8-b050-374a0d299f29@group-8FAB73ED67BD-StateMachineUpdater] INFO  ratis.ContainerStateMachine (ContainerStateMachine.java:takeSnapshot(296)) - group-8FAB73ED67BD: Finished taking a snapshot at:(t:1, i:72) file:/workdir/hadoop-ozone/tools/target/test-dir/MiniOzoneClusterImpl-6e227885-a821-486c-968a-17dd64ddd23b/datanode-2/data/ratis/27fa0851-da9c-4ab1-a8fd-8fab73ed67bd/sm/snapshot.1_72 time:15
2019-11-13 00:26:25,072 [2b77e794-d932-4db8-b050-374a0d299f29@group-8FAB73ED67BD-StateMachineUpdater] INFO  impl.StateMachineUpdater (StateMachineUpdater.java:takeSnapshot(269)) - 2b77e794-d932-4db8-b050-374a0d299f29@group-8FAB73ED67BD-StateMachineUpdater: Took a snapshot at index 72
2019-11-13 00:26:25,072 [2b77e794-d932-4db8-b050-374a0d299f29@group-8FAB73ED67BD-StateMachineUpdater] INFO  impl.StateMachineUpdater (StateMachineUpdater.java:lambda$new$0(84)) - 2b77e794-d932-4db8-b050-374a0d299f29@group-8FAB73ED67BD-StateMachineUpdater: snapshotIndex: updateIncreasingly -1 -> 72
2019-11-13 00:26:25,072 [2b77e794-d932-4db8-b050-374a0d299f29@group-8FAB73ED67BD-StateMachineUpdater] INFO  ratis.ContainerStateMachine (ContainerStateMachine.java:takeSnapshot(285)) - group-8FAB73ED67BD: Taking a snapshot at:(t:1, i:72) file /workdir/hadoop-ozone/tools/target/test-dir/MiniOzoneClusterImpl-6e227885-a821-486c-968a-17dd64ddd23b/datanode-2/data/ratis/27fa0851-da9c-4ab1-a8fd-8fab73ed67bd/sm/snapshot.1_72
2019-11-13 00:26:25,085 [2b77e794-d932-4db8-b050-374a0d299f29@group-8FAB73ED67BD-StateMachineUpdater] INFO  ratis.ContainerStateMachine (ContainerStateMachine.java:takeSnapshot(296)) - group-8FAB73ED67BD: Finished taking a snapshot at:(t:1, i:72) file:/workdir/hadoop-ozone/tools/target/test-dir/MiniOzoneClusterImpl-6e227885-a821-486c-968a-17dd64ddd23b/datanode-2/data/ratis/27fa0851-da9c-4ab1-a8fd-8fab73ed67bd/sm/snapshot.1_72 time:12
2019-11-13 00:26:25,085 [2b77e794-d932-4db8-b050-374a0d299f29@group-8FAB73ED67BD-StateMachineUpdater] INFO  impl.StateMachineUpdater (StateMachineUpdater.java:takeSnapshot(269)) - 2b77e794-d932-4db8-b050-374a0d299f29@group-8FAB73ED67BD-StateMachineUpdater: Took a snapshot at index 72
2019-11-13 00:26:25,085 [2b77e794-d932-4db8-b050-374a0d299f29@group-8FAB73ED67BD-StateMachineUpdater] INFO  impl.StateMachineUpdater (StateMachineUpdater.java:lambda$new$0(84)) - 2b77e794-d932-4db8-b050-374a0d299f29@group-8FAB73ED67BD-StateMachineUpdater: snapshotIndex: updateIncreasingly 72 -> 72
2019-11-13 00:26:25,086 [grpc-default-executor-0] INFO  impl.RaftServerImpl (ServerState.java:close(387)) - 2b77e794-d932-4db8-b050-374a0d299f29@group-8FAB73ED67BD: closes. applyIndex: 74
2019-11-13 00:26:25,086 [2b77e794-d932-4db8-b050-374a0d299f29@group-8FAB73ED67BD-SegmentedRaftLogWorker] INFO  segmented.SegmentedRaftLogWorker (SegmentedRaftLogWorker.java:run(316)) - 2b77e794-d932-4db8-b050-374a0d299f29@group-8FAB73ED67BD-SegmentedRaftLogWorker was interrupted, exiting. There are 0 tasks remaining in the queue.
2019-11-13 00:26:25,087 [grpc-default-executor-0] INFO  segmented.SegmentedRaftLogWorker (SegmentedRaftLogWorker.java:close(224)) - 2b77e794-d932-4db8-b050-374a0d299f29@group-8FAB73ED67BD-SegmentedRaftLogWorker close()
2019-11-13 00:26:25,106 [grpc-default-executor-0] INFO  interfaces.Container (KeyValueContainer.java:flushAndSyncDB(400)) - Container 1 is synced with bcsId 56.
2019-11-13 00:26:25,106 [grpc-default-executor-0] INFO  interfaces.Container (KeyValueContainer.java:flushAndSyncDB(400)) - Container 1 is synced with bcsId 56.
2019-11-13 00:26:25,136 [grpc-default-executor-0] INFO  interfaces.Container (KeyValueContainer.java:flushAndSyncDB(400)) - Container 2 is synced with bcsId 72.
2019-11-13 00:26:25,136 [grpc-default-executor-0] INFO  interfaces.Container (KeyValueContainer.java:flushAndSyncDB(400)) - Container 2 is synced with bcsId 72.
2019-11-13 00:26:25,147 [grpc-default-executor-0] INFO  interfaces.Container (KeyValueContainer.java:flushAndSyncDB(400)) - Container 3 is synced with bcsId 39.
2019-11-13 00:26:25,148 [grpc-default-executor-0] INFO  interfaces.Container (KeyValueContainer.java:flushAndSyncDB(400)) - Container 3 is synced with bcsId 39.
2019-11-13 00:26:25,163 [grpc-default-executor-0] INFO  impl.RaftServerProxy (RaftServerProxy.java:remove(95)) - 3a90a425-9eed-407b-8462-185910563181: remove    LEADER 3a90a425-9eed-407b-8462-185910563181@group-8FAB73ED67BD:t1, leader=3a90a425-9eed-407b-8462-185910563181, voted=3a90a425-9eed-407b-8462-185910563181, raftlog=3a90a425-9eed-407b-8462-185910563181@group-8FAB73ED67BD-SegmentedRaftLog:OPENED:c74,f74,i74, conf=0: [2b77e794-d932-4db8-b050-374a0d299f29:192.168.164.236:43659, a98aee70-7acb-44b6-bef9-b88ed89af27b:192.168.164.236:41138, 3a90a425-9eed-407b-8462-185910563181:192.168.164.236:46749], old=null RUNNING
2019-11-13 00:26:25,163 [grpc-default-executor-0] INFO  impl.RaftServerImpl (RaftServerImpl.java:lambda$shutdown$3(250)) - 3a90a425-9eed-407b-8462-185910563181@group-8FAB73ED67BD: shutdown
2019-11-13 00:26:25,163 [grpc-default-executor-0] INFO  util.JmxRegister (JmxRegister.java:unregister(73)) - Successfully un-registered JMX Bean with object name Ratis:service=RaftServer,group=group-8FAB73ED67BD,id=3a90a425-9eed-407b-8462-185910563181
2019-11-13 00:26:25,163 [grpc-default-executor-0] INFO  impl.RoleInfo (RoleInfo.java:shutdownLeaderState(104)) - 3a90a425-9eed-407b-8462-185910563181: shutdown LeaderState
2019-11-13 00:26:25,165 [grpc-default-executor-0] INFO  impl.PendingRequests (PendingRequests.java:sendNotLeaderResponses(206)) - 3a90a425-9eed-407b-8462-185910563181@group-8FAB73ED67BD-PendingRequests: sendNotLeaderResponses
2019-11-13 00:26:25,165 [org.apache.ratis.server.impl.LogAppender$AppenderDaemon$$Lambda$432/82485941@69ec3269] WARN  server.GrpcLogAppender (GrpcLogAppender.java:mayWait(151)) - 3a90a425-9eed-407b-8462-185910563181@group-8FAB73ED67BD->2b77e794-d932-4db8-b050-374a0d299f29-GrpcLogAppender: Wait interrupted by java.lang.InterruptedException
2019-11-13 00:26:25,165 [org.apache.ratis.server.impl.LogAppender$AppenderDaemon$$Lambda$432/82485941@7271327c] WARN  server.GrpcLogAppender (GrpcLogAppender.java:mayWait(151)) - 3a90a425-9eed-407b-8462-185910563181@group-8FAB73ED67BD->a98aee70-7acb-44b6-bef9-b88ed89af27b-GrpcLogAppender: Wait interrupted by java.lang.InterruptedException
2019-11-13 00:26:25,170 [grpc-default-executor-0] INFO  impl.StateMachineUpdater (StateMachineUpdater.java:stopAndJoin(136)) - 3a90a425-9eed-407b-8462-185910563181@group-8FAB73ED67BD-StateMachineUpdater: set stopIndex = 74
2019-11-13 00:26:25,170 [3a90a425-9eed-407b-8462-185910563181@group-8FAB73ED67BD-StateMachineUpdater] INFO  ratis.ContainerStateMachine (ContainerStateMachine.java:takeSnapshot(285)) - group-8FAB73ED67BD: Taking a snapshot at:(t:1, i:72) file /workdir/hadoop-ozone/tools/target/test-dir/MiniOzoneClusterImpl-6e227885-a821-486c-968a-17dd64ddd23b/datanode-0/data/ratis/27fa0851-da9c-4ab1-a8fd-8fab73ed67bd/sm/snapshot.1_72
2019-11-13 00:26:25,172 [grpc-default-executor-3] INFO  server.GrpcServerProtocolService (GrpcServerProtocolService.java:onCompleted(113)) - 2b77e794-d932-4db8-b050-374a0d299f29: Completed APPEND_ENTRIES, lastRequest: 3a90a425-9eed-407b-8462-185910563181->2b77e794-d932-4db8-b050-374a0d299f29#77-t1, previous=(t:1, i:74), leaderCommit=74, initializing? false, entries: <empty>
2019-11-13 00:26:25,172 [grpc-default-executor-1] INFO  server.GrpcServerProtocolService (GrpcServerProtocolService.java:onCompleted(113)) - a98aee70-7acb-44b6-bef9-b88ed89af27b: Completed APPEND_ENTRIES, lastRequest: 3a90a425-9eed-407b-8462-185910563181->a98aee70-7acb-44b6-bef9-b88ed89af27b#77-t1, previous=(t:1, i:74), leaderCommit=74, initializing? false, entries: <empty>
2019-11-13 00:26:25,174 [grpc-default-executor-1] INFO  server.GrpcLogAppender (GrpcLogAppender.java:onCompleted(308)) - 3a90a425-9eed-407b-8462-185910563181@group-8FAB73ED67BD->2b77e794-d932-4db8-b050-374a0d299f29-AppendLogResponseHandler: follower responses appendEntries COMPLETED
2019-11-13 00:26:25,175 [grpc-default-executor-2] INFO  server.GrpcLogAppender (GrpcLogAppender.java:onCompleted(308)) - 3a90a425-9eed-407b-8462-185910563181@group-8FAB73ED67BD->a98aee70-7acb-44b6-bef9-b88ed89af27b-AppendLogResponseHandler: follower responses appendEntries COMPLETED
2019-11-13 00:26:25,180 [grpc-default-executor-2] INFO  impl.FollowerInfo (FollowerInfo.java:lambda$new$0(51)) - 3a90a425-9eed-407b-8462-185910563181@group-8FAB73ED67BD->a98aee70-7acb-44b6-bef9-b88ed89af27b: nextIndex: updateUnconditionally 75 -> 74
2019-11-13 00:26:25,180 [grpc-default-executor-1] INFO  impl.FollowerInfo (FollowerInfo.java:lambda$new$0(51)) - 3a90a425-9eed-407b-8462-185910563181@group-8FAB73ED67BD->2b77e794-d932-4db8-b050-374a0d299f29: nextIndex: updateUnconditionally 75 -> 74
2019-11-13 00:26:25,187 [3a90a425-9eed-407b-8462-185910563181@group-8FAB73ED67BD-StateMachineUpdater] INFO  ratis.ContainerStateMachine (ContainerStateMachine.java:takeSnapshot(296)) - group-8FAB73ED67BD: Finished taking a snapshot at:(t:1, i:72) file:/workdir/hadoop-ozone/tools/target/test-dir/MiniOzoneClusterImpl-6e227885-a821-486c-968a-17dd64ddd23b/datanode-0/data/ratis/27fa0851-da9c-4ab1-a8fd-8fab73ed67bd/sm/snapshot.1_72 time:16
2019-11-13 00:26:25,188 [3a90a425-9eed-407b-8462-185910563181@group-8FAB73ED67BD-StateMachineUpdater] INFO  impl.StateMachineUpdater (StateMachineUpdater.java:takeSnapshot(269)) - 3a90a425-9eed-407b-8462-185910563181@group-8FAB73ED67BD-StateMachineUpdater: Took a snapshot at index 72
2019-11-13 00:26:25,188 [3a90a425-9eed-407b-8462-185910563181@group-8FAB73ED67BD-StateMachineUpdater] INFO  impl.StateMachineUpdater (StateMachineUpdater.java:lambda$new$0(84)) - 3a90a425-9eed-407b-8462-185910563181@group-8FAB73ED67BD-StateMachineUpdater: snapshotIndex: updateIncreasingly -1 -> 72
2019-11-13 00:26:25,188 [3a90a425-9eed-407b-8462-185910563181@group-8FAB73ED67BD-StateMachineUpdater] INFO  ratis.ContainerStateMachine (ContainerStateMachine.java:takeSnapshot(285)) - group-8FAB73ED67BD: Taking a snapshot at:(t:1, i:72) file /workdir/hadoop-ozone/tools/target/test-dir/MiniOzoneClusterImpl-6e227885-a821-486c-968a-17dd64ddd23b/datanode-0/data/ratis/27fa0851-da9c-4ab1-a8fd-8fab73ed67bd/sm/snapshot.1_72
2019-11-13 00:26:25,196 [3a90a425-9eed-407b-8462-185910563181@group-8FAB73ED67BD-StateMachineUpdater] INFO  ratis.ContainerStateMachine (ContainerStateMachine.java:takeSnapshot(296)) - group-8FAB73ED67BD: Finished taking a snapshot at:(t:1, i:72) file:/workdir/hadoop-ozone/tools/target/test-dir/MiniOzoneClusterImpl-6e227885-a821-486c-968a-17dd64ddd23b/datanode-0/data/ratis/27fa0851-da9c-4ab1-a8fd-8fab73ed67bd/sm/snapshot.1_72 time:8
2019-11-13 00:26:25,197 [3a90a425-9eed-407b-8462-185910563181@group-8FAB73ED67BD-StateMachineUpdater] INFO  impl.StateMachineUpdater (StateMachineUpdater.java:takeSnapshot(269)) - 3a90a425-9eed-407b-8462-185910563181@group-8FAB73ED67BD-StateMachineUpdater: Took a snapshot at index 72
2019-11-13 00:26:25,197 [3a90a425-9eed-407b-8462-185910563181@group-8FAB73ED67BD-StateMachineUpdater] INFO  impl.StateMachineUpdater (StateMachineUpdater.java:lambda$new$0(84)) - 3a90a425-9eed-407b-8462-185910563181@group-8FAB73ED67BD-StateMachineUpdater: snapshotIndex: updateIncreasingly 72 -> 72
2019-11-13 00:26:25,197 [grpc-default-executor-0] INFO  impl.RaftServerImpl (ServerState.java:close(387)) - 3a90a425-9eed-407b-8462-185910563181@group-8FAB73ED67BD: closes. applyIndex: 74
2019-11-13 00:26:25,197 [3a90a425-9eed-407b-8462-185910563181@group-8FAB73ED67BD-SegmentedRaftLogWorker] INFO  segmented.SegmentedRaftLogWorker (SegmentedRaftLogWorker.java:run(316)) - 3a90a425-9eed-407b-8462-185910563181@group-8FAB73ED67BD-SegmentedRaftLogWorker was interrupted, exiting. There are 0 tasks remaining in the queue.
2019-11-13 00:26:25,198 [grpc-default-executor-0] INFO  segmented.SegmentedRaftLogWorker (SegmentedRaftLogWorker.java:close(224)) - 3a90a425-9eed-407b-8462-185910563181@group-8FAB73ED67BD-SegmentedRaftLogWorker close()
2019-11-13 00:26:25,217 [grpc-default-executor-0] INFO  interfaces.Container (KeyValueContainer.java:flushAndSyncDB(400)) - Container 1 is synced with bcsId 56.
2019-11-13 00:26:25,217 [grpc-default-executor-0] INFO  interfaces.Container (KeyValueContainer.java:flushAndSyncDB(400)) - Container 1 is synced with bcsId 56.
2019-11-13 00:26:25,247 [grpc-default-executor-0] INFO  interfaces.Container (KeyValueContainer.java:flushAndSyncDB(400)) - Container 2 is synced with bcsId 72.
2019-11-13 00:26:25,247 [grpc-default-executor-0] INFO  interfaces.Container (KeyValueContainer.java:flushAndSyncDB(400)) - Container 2 is synced with bcsId 72.
2019-11-13 00:26:25,276 [grpc-default-executor-0] INFO  interfaces.Container (KeyValueContainer.java:flushAndSyncDB(400)) - Container 3 is synced with bcsId 39.
2019-11-13 00:26:25,276 [grpc-default-executor-0] INFO  interfaces.Container (KeyValueContainer.java:flushAndSyncDB(400)) - Container 3 is synced with bcsId 39.
2019-11-13 00:26:25,293 [main] INFO  pipeline.PipelineStateManager (PipelineStateManager.java:removePipeline(106)) - Pipeline Pipeline[ Id: 27fa0851-da9c-4ab1-a8fd-8fab73ed67bd, Nodes: a98aee70-7acb-44b6-bef9-b88ed89af27b{ip: 192.168.164.236, host: pr-hdds-2375-hvwjp-2869937553, networkLocation: /default-rack, certSerialId: null}2b77e794-d932-4db8-b050-374a0d299f29{ip: 192.168.164.236, host: pr-hdds-2375-hvwjp-2869937553, networkLocation: /default-rack, certSerialId: null}3a90a425-9eed-407b-8462-185910563181{ip: 192.168.164.236, host: pr-hdds-2375-hvwjp-2869937553, networkLocation: /default-rack, certSerialId: null}, Type:RATIS, Factor:THREE, State:CLOSED] removed from db
2019-11-13 00:26:25,304 [grpc-default-executor-1] INFO  impl.RaftServerProxy (RaftServerProxy.java:addNew(89)) - 3a90a425-9eed-407b-8462-185910563181: addNew group-0A56110B7577:[2b77e794-d932-4db8-b050-374a0d299f29:192.168.164.236:43659, a98aee70-7acb-44b6-bef9-b88ed89af27b:192.168.164.236:41138, 3a90a425-9eed-407b-8462-185910563181:192.168.164.236:46749] returns group-0A56110B7577:java.util.concurrent.CompletableFuture@78942608[Not completed]
2019-11-13 00:26:25,306 [grpc-default-executor-1] INFO  impl.RaftServerProxy (RaftServerProxy.java:addNew(89)) - 2b77e794-d932-4db8-b050-374a0d299f29: addNew group-0A56110B7577:[2b77e794-d932-4db8-b050-374a0d299f29:192.168.164.236:43659, a98aee70-7acb-44b6-bef9-b88ed89af27b:192.168.164.236:41138, 3a90a425-9eed-407b-8462-185910563181:192.168.164.236:46749] returns group-0A56110B7577:java.util.concurrent.CompletableFuture@50c269a0[Not completed]
2019-11-13 00:26:25,307 [grpc-default-executor-1] INFO  impl.RaftServerProxy (RaftServerProxy.java:addNew(89)) - a98aee70-7acb-44b6-bef9-b88ed89af27b: addNew group-0A56110B7577:[2b77e794-d932-4db8-b050-374a0d299f29:192.168.164.236:43659, a98aee70-7acb-44b6-bef9-b88ed89af27b:192.168.164.236:41138, 3a90a425-9eed-407b-8462-185910563181:192.168.164.236:46749] returns group-0A56110B7577:java.util.concurrent.CompletableFuture@3f3f2256[Not completed]
2019-11-13 00:26:25,309 [pool-27-thread-1] INFO  impl.RaftServerImpl (RaftServerImpl.java:<init>(98)) - 3a90a425-9eed-407b-8462-185910563181: new RaftServerImpl for group-0A56110B7577:[2b77e794-d932-4db8-b050-374a0d299f29:192.168.164.236:43659, a98aee70-7acb-44b6-bef9-b88ed89af27b:192.168.164.236:41138, 3a90a425-9eed-407b-8462-185910563181:192.168.164.236:46749] with ContainerStateMachine:uninitialized
2019-11-13 00:26:25,310 [pool-27-thread-1] INFO  server.RaftServerConfigKeys (ConfUtils.java:logGet(43)) - raft.server.rpc.timeout.min = 5s (custom)
2019-11-13 00:26:25,310 [pool-27-thread-1] INFO  server.RaftServerConfigKeys (ConfUtils.java:logGet(43)) - raft.server.rpc.timeout.max = 5200ms (custom)
2019-11-13 00:26:25,310 [pool-37-thread-1] INFO  impl.RaftServerImpl (RaftServerImpl.java:<init>(98)) - a98aee70-7acb-44b6-bef9-b88ed89af27b: new RaftServerImpl for group-0A56110B7577:[2b77e794-d932-4db8-b050-374a0d299f29:192.168.164.236:43659, a98aee70-7acb-44b6-bef9-b88ed89af27b:192.168.164.236:41138, 3a90a425-9eed-407b-8462-185910563181:192.168.164.236:46749] with ContainerStateMachine:uninitialized
2019-11-13 00:26:25,310 [pool-27-thread-1] INFO  server.RaftServerConfigKeys (ConfUtils.java:logGet(43)) - raft.server.rpcslowness.timeout = 120s (custom)
2019-11-13 00:26:25,311 [pool-37-thread-1] INFO  server.RaftServerConfigKeys (ConfUtils.java:logGet(43)) - raft.server.rpc.timeout.min = 5s (custom)
2019-11-13 00:26:25,311 [pool-27-thread-1] INFO  server.RaftServerConfigKeys (ConfUtils.java:logGet(43)) - raft.server.sleep.deviation.threshold = 300 (default)
2019-11-13 00:26:25,311 [pool-37-thread-1] INFO  server.RaftServerConfigKeys (ConfUtils.java:logGet(43)) - raft.server.rpc.timeout.max = 5200ms (custom)
2019-11-13 00:26:25,311 [pool-27-thread-1] INFO  server.RaftServerConfigKeys (ConfUtils.java:logGet(43)) - raft.server.log.appender.install.snapshot.enabled = false (custom)
2019-11-13 00:26:25,311 [pool-37-thread-1] INFO  server.RaftServerConfigKeys (ConfUtils.java:logGet(43)) - raft.server.rpcslowness.timeout = 120s (custom)
2019-11-13 00:26:25,311 [pool-27-thread-1] INFO  impl.RaftServerImpl (ServerState.java:<init>(103)) - 3a90a425-9eed-407b-8462-185910563181@group-0A56110B7577: ConfigurationManager, init=-1: [2b77e794-d932-4db8-b050-374a0d299f29:192.168.164.236:43659, a98aee70-7acb-44b6-bef9-b88ed89af27b:192.168.164.236:41138, 3a90a425-9eed-407b-8462-185910563181:192.168.164.236:46749], old=null, confs=<EMPTY_MAP>
2019-11-13 00:26:25,311 [pool-37-thread-1] INFO  server.RaftServerConfigKeys (ConfUtils.java:logGet(43)) - raft.server.sleep.deviation.threshold = 300 (default)
2019-11-13 00:26:25,311 [pool-37-thread-1] INFO  server.RaftServerConfigKeys (ConfUtils.java:logGet(43)) - raft.server.log.appender.install.snapshot.enabled = false (custom)
2019-11-13 00:26:25,311 [pool-27-thread-1] INFO  server.RaftServerConfigKeys (ConfUtils.java:logGet(43)) - raft.server.storage.dir = [/workdir/hadoop-ozone/tools/target/test-dir/MiniOzoneClusterImpl-6e227885-a821-486c-968a-17dd64ddd23b/datanode-0/data/ratis] (custom)
2019-11-13 00:26:25,311 [pool-47-thread-1] INFO  impl.RaftServerImpl (RaftServerImpl.java:<init>(98)) - 2b77e794-d932-4db8-b050-374a0d299f29: new RaftServerImpl for group-0A56110B7577:[2b77e794-d932-4db8-b050-374a0d299f29:192.168.164.236:43659, a98aee70-7acb-44b6-bef9-b88ed89af27b:192.168.164.236:41138, 3a90a425-9eed-407b-8462-185910563181:192.168.164.236:46749] with ContainerStateMachine:uninitialized
2019-11-13 00:26:25,311 [pool-37-thread-1] INFO  impl.RaftServerImpl (ServerState.java:<init>(103)) - a98aee70-7acb-44b6-bef9-b88ed89af27b@group-0A56110B7577: ConfigurationManager, init=-1: [2b77e794-d932-4db8-b050-374a0d299f29:192.168.164.236:43659, a98aee70-7acb-44b6-bef9-b88ed89af27b:192.168.164.236:41138, 3a90a425-9eed-407b-8462-185910563181:192.168.164.236:46749], old=null, confs=<EMPTY_MAP>
2019-11-13 00:26:25,312 [pool-47-thread-1] INFO  server.RaftServerConfigKeys (ConfUtils.java:logGet(43)) - raft.server.rpc.timeout.min = 5s (custom)
2019-11-13 00:26:25,312 [pool-37-thread-1] INFO  server.RaftServerConfigKeys (ConfUtils.java:logGet(43)) - raft.server.storage.dir = [/workdir/hadoop-ozone/tools/target/test-dir/MiniOzoneClusterImpl-6e227885-a821-486c-968a-17dd64ddd23b/datanode-1/data/ratis] (custom)
2019-11-13 00:26:25,312 [pool-27-thread-1] INFO  server.RaftServerConfigKeys (ConfUtils.java:logGet(43)) - raft.server.log.corruption.policy = EXCEPTION (default)
2019-11-13 00:26:25,312 [pool-37-thread-1] INFO  server.RaftServerConfigKeys (ConfUtils.java:logGet(43)) - raft.server.log.corruption.policy = EXCEPTION (default)
2019-11-13 00:26:25,312 [pool-47-thread-1] INFO  server.RaftServerConfigKeys (ConfUtils.java:logGet(43)) - raft.server.rpc.timeout.max = 5200ms (custom)
2019-11-13 00:26:25,312 [pool-27-thread-1] INFO  storage.RaftStorageDirectory (RaftStorageDirectory.java:analyzeStorage(246)) - The storage directory /workdir/hadoop-ozone/tools/target/test-dir/MiniOzoneClusterImpl-6e227885-a821-486c-968a-17dd64ddd23b/datanode-0/data/ratis/52e9028c-b6e8-4595-b76a-0a56110b7577 does not exist. Creating ...
2019-11-13 00:26:25,312 [pool-37-thread-1] INFO  storage.RaftStorageDirectory (RaftStorageDirectory.java:analyzeStorage(246)) - The storage directory /workdir/hadoop-ozone/tools/target/test-dir/MiniOzoneClusterImpl-6e227885-a821-486c-968a-17dd64ddd23b/datanode-1/data/ratis/52e9028c-b6e8-4595-b76a-0a56110b7577 does not exist. Creating ...
2019-11-13 00:26:25,312 [pool-47-thread-1] INFO  server.RaftServerConfigKeys (ConfUtils.java:logGet(43)) - raft.server.rpcslowness.timeout = 120s (custom)
2019-11-13 00:26:25,313 [pool-47-thread-1] INFO  server.RaftServerConfigKeys (ConfUtils.java:logGet(43)) - raft.server.sleep.deviation.threshold = 300 (default)
2019-11-13 00:26:25,313 [pool-47-thread-1] INFO  server.RaftServerConfigKeys (ConfUtils.java:logGet(43)) - raft.server.log.appender.install.snapshot.enabled = false (custom)
2019-11-13 00:26:25,313 [pool-47-thread-1] INFO  impl.RaftServerImpl (ServerState.java:<init>(103)) - 2b77e794-d932-4db8-b050-374a0d299f29@group-0A56110B7577: ConfigurationManager, init=-1: [2b77e794-d932-4db8-b050-374a0d299f29:192.168.164.236:43659, a98aee70-7acb-44b6-bef9-b88ed89af27b:192.168.164.236:41138, 3a90a425-9eed-407b-8462-185910563181:192.168.164.236:46749], old=null, confs=<EMPTY_MAP>
2019-11-13 00:26:25,313 [pool-47-thread-1] INFO  server.RaftServerConfigKeys (ConfUtils.java:logGet(43)) - raft.server.storage.dir = [/workdir/hadoop-ozone/tools/target/test-dir/MiniOzoneClusterImpl-6e227885-a821-486c-968a-17dd64ddd23b/datanode-2/data/ratis] (custom)
2019-11-13 00:26:25,313 [pool-47-thread-1] INFO  server.RaftServerConfigKeys (ConfUtils.java:logGet(43)) - raft.server.log.corruption.policy = EXCEPTION (default)
2019-11-13 00:26:25,314 [pool-47-thread-1] INFO  storage.RaftStorageDirectory (RaftStorageDirectory.java:analyzeStorage(246)) - The storage directory /workdir/hadoop-ozone/tools/target/test-dir/MiniOzoneClusterImpl-6e227885-a821-486c-968a-17dd64ddd23b/datanode-2/data/ratis/52e9028c-b6e8-4595-b76a-0a56110b7577 does not exist. Creating ...
2019-11-13 00:26:25,326 [pool-37-thread-1] INFO  storage.RaftStorageDirectory (RaftStorageDirectory.java:tryLock(328)) - Lock on /workdir/hadoop-ozone/tools/target/test-dir/MiniOzoneClusterImpl-6e227885-a821-486c-968a-17dd64ddd23b/datanode-1/data/ratis/52e9028c-b6e8-4595-b76a-0a56110b7577/in_use.lock acquired by nodename 24215@pr-hdds-2375-hvwjp-2869937553
2019-11-13 00:26:25,326 [pool-27-thread-1] INFO  storage.RaftStorageDirectory (RaftStorageDirectory.java:tryLock(328)) - Lock on /workdir/hadoop-ozone/tools/target/test-dir/MiniOzoneClusterImpl-6e227885-a821-486c-968a-17dd64ddd23b/datanode-0/data/ratis/52e9028c-b6e8-4595-b76a-0a56110b7577/in_use.lock acquired by nodename 24215@pr-hdds-2375-hvwjp-2869937553
2019-11-13 00:26:25,326 [pool-47-thread-1] INFO  storage.RaftStorageDirectory (RaftStorageDirectory.java:tryLock(328)) - Lock on /workdir/hadoop-ozone/tools/target/test-dir/MiniOzoneClusterImpl-6e227885-a821-486c-968a-17dd64ddd23b/datanode-2/data/ratis/52e9028c-b6e8-4595-b76a-0a56110b7577/in_use.lock acquired by nodename 24215@pr-hdds-2375-hvwjp-2869937553
2019-11-13 00:26:25,340 [pool-37-thread-1] INFO  storage.RaftStorage (RaftStorage.java:format(84)) - Storage directory /workdir/hadoop-ozone/tools/target/test-dir/MiniOzoneClusterImpl-6e227885-a821-486c-968a-17dd64ddd23b/datanode-1/data/ratis/52e9028c-b6e8-4595-b76a-0a56110b7577 has been successfully formatted.
2019-11-13 00:26:25,340 [pool-47-thread-1] INFO  storage.RaftStorage (RaftStorage.java:format(84)) - Storage directory /workdir/hadoop-ozone/tools/target/test-dir/MiniOzoneClusterImpl-6e227885-a821-486c-968a-17dd64ddd23b/datanode-2/data/ratis/52e9028c-b6e8-4595-b76a-0a56110b7577 has been successfully formatted.
2019-11-13 00:26:25,340 [pool-27-thread-1] INFO  storage.RaftStorage (RaftStorage.java:format(84)) - Storage directory /workdir/hadoop-ozone/tools/target/test-dir/MiniOzoneClusterImpl-6e227885-a821-486c-968a-17dd64ddd23b/datanode-0/data/ratis/52e9028c-b6e8-4595-b76a-0a56110b7577 has been successfully formatted.
2019-11-13 00:26:25,340 [pool-37-thread-1] INFO  ratis.ContainerStateMachine (ContainerStateMachine.java:loadSnapshot(223)) - group-0A56110B7577: The snapshot info is null. Setting the last applied indexto:(t:0, i:~)
2019-11-13 00:26:25,340 [pool-27-thread-1] INFO  ratis.ContainerStateMachine (ContainerStateMachine.java:loadSnapshot(223)) - group-0A56110B7577: The snapshot info is null. Setting the last applied indexto:(t:0, i:~)
2019-11-13 00:26:25,340 [pool-47-thread-1] INFO  ratis.ContainerStateMachine (ContainerStateMachine.java:loadSnapshot(223)) - group-0A56110B7577: The snapshot info is null. Setting the last applied indexto:(t:0, i:~)
2019-11-13 00:26:25,340 [pool-27-thread-1] INFO  server.RaftServerConfigKeys (ConfUtils.java:logGet(43)) - raft.server.notification.no-leader.timeout = 120s (custom)
2019-11-13 00:26:25,340 [pool-37-thread-1] INFO  server.RaftServerConfigKeys (ConfUtils.java:logGet(43)) - raft.server.notification.no-leader.timeout = 120s (custom)
2019-11-13 00:26:25,341 [pool-27-thread-1] INFO  server.RaftServerConfigKeys (ConfUtils.java:logGet(43)) - raft.server.log.use.memory = false (default)
2019-11-13 00:26:25,340 [pool-47-thread-1] INFO  server.RaftServerConfigKeys (ConfUtils.java:logGet(43)) - raft.server.notification.no-leader.timeout = 120s (custom)
2019-11-13 00:26:25,341 [pool-27-thread-1] INFO  server.RaftServerConfigKeys (ConfUtils.java:logGet(43)) - raft.server.log.purge.gap = 1000000 (custom)
2019-11-13 00:26:25,341 [pool-37-thread-1] INFO  server.RaftServerConfigKeys (ConfUtils.java:logGet(43)) - raft.server.log.use.memory = false (default)
2019-11-13 00:26:25,341 [pool-27-thread-1] INFO  server.RaftServerConfigKeys (ConfUtils.java:logGet(43)) - raft.server.log.appender.buffer.byte-limit = 33554432 (custom)
2019-11-13 00:26:25,341 [pool-47-thread-1] INFO  server.RaftServerConfigKeys (ConfUtils.java:logGet(43)) - raft.server.log.use.memory = false (default)
2019-11-13 00:26:25,341 [pool-27-thread-1] INFO  server.RaftServerConfigKeys (ConfUtils.java:logGet(43)) - raft.server.log.segment.size.max = 1048576 (custom)
2019-11-13 00:26:25,341 [pool-37-thread-1] INFO  server.RaftServerConfigKeys (ConfUtils.java:logGet(43)) - raft.server.log.purge.gap = 1000000 (custom)
2019-11-13 00:26:25,341 [pool-27-thread-1] INFO  server.RaftServerConfigKeys (ConfUtils.java:logGet(43)) - raft.server.log.segment.cache.num.max = 2 (custom)
2019-11-13 00:26:25,341 [pool-47-thread-1] INFO  server.RaftServerConfigKeys (ConfUtils.java:logGet(43)) - raft.server.log.purge.gap = 1000000 (custom)
2019-11-13 00:26:25,341 [pool-27-thread-1] INFO  segmented.SegmentedRaftLogWorker (SegmentedRaftLogWorker.java:<init>(173)) - new 3a90a425-9eed-407b-8462-185910563181@group-0A56110B7577-SegmentedRaftLogWorker for RaftStorage:Storage Directory /workdir/hadoop-ozone/tools/target/test-dir/MiniOzoneClusterImpl-6e227885-a821-486c-968a-17dd64ddd23b/datanode-0/data/ratis/52e9028c-b6e8-4595-b76a-0a56110b7577
2019-11-13 00:26:25,341 [pool-37-thread-1] INFO  server.RaftServerConfigKeys (ConfUtils.java:logGet(43)) - raft.server.log.appender.buffer.byte-limit = 33554432 (custom)
2019-11-13 00:26:25,342 [pool-27-thread-1] INFO  server.RaftServerConfigKeys (ConfUtils.java:logGet(43)) - raft.server.log.queue.byte-limit = 2147483647 (custom)
2019-11-13 00:26:25,342 [pool-47-thread-1] INFO  server.RaftServerConfigKeys (ConfUtils.java:logGet(43)) - raft.server.log.appender.buffer.byte-limit = 33554432 (custom)
2019-11-13 00:26:25,342 [pool-27-thread-1] INFO  server.RaftServerConfigKeys (ConfUtils.java:logGet(43)) - raft.server.log.queue.element-limit = 1024 (custom)
2019-11-13 00:26:25,342 [pool-37-thread-1] INFO  server.RaftServerConfigKeys (ConfUtils.java:logGet(43)) - raft.server.log.segment.size.max = 1048576 (custom)
2019-11-13 00:26:25,342 [pool-27-thread-1] INFO  server.RaftServerConfigKeys (ConfUtils.java:logGet(43)) - raft.server.log.segment.size.max = 1048576 (custom)
2019-11-13 00:26:25,342 [pool-47-thread-1] INFO  server.RaftServerConfigKeys (ConfUtils.java:logGet(43)) - raft.server.log.segment.size.max = 1048576 (custom)
2019-11-13 00:26:25,342 [pool-27-thread-1] INFO  server.RaftServerConfigKeys (ConfUtils.java:logGet(43)) - raft.server.log.preallocated.size = 16384 (custom)
2019-11-13 00:26:25,342 [pool-37-thread-1] INFO  server.RaftServerConfigKeys (ConfUtils.java:logGet(43)) - raft.server.log.segment.cache.num.max = 2 (custom)
2019-11-13 00:26:25,342 [pool-27-thread-1] INFO  server.RaftServerConfigKeys (ConfUtils.java:logGet(43)) - raft.server.log.write.buffer.size = 33554432 (custom)
2019-11-13 00:26:25,342 [pool-47-thread-1] INFO  server.RaftServerConfigKeys (ConfUtils.java:logGet(43)) - raft.server.log.segment.cache.num.max = 2 (custom)
2019-11-13 00:26:25,343 [pool-27-thread-1] INFO  server.RaftServerConfigKeys (ConfUtils.java:logGet(43)) - raft.server.log.force.sync.num = 128 (default)
2019-11-13 00:26:25,343 [pool-37-thread-1] INFO  segmented.SegmentedRaftLogWorker (SegmentedRaftLogWorker.java:<init>(173)) - new a98aee70-7acb-44b6-bef9-b88ed89af27b@group-0A56110B7577-SegmentedRaftLogWorker for RaftStorage:Storage Directory /workdir/hadoop-ozone/tools/target/test-dir/MiniOzoneClusterImpl-6e227885-a821-486c-968a-17dd64ddd23b/datanode-1/data/ratis/52e9028c-b6e8-4595-b76a-0a56110b7577
2019-11-13 00:26:25,343 [pool-27-thread-1] INFO  server.RaftServerConfigKeys (ConfUtils.java:logGet(43)) - raft.server.log.statemachine.data.sync = true (default)
2019-11-13 00:26:25,343 [pool-47-thread-1] INFO  segmented.SegmentedRaftLogWorker (SegmentedRaftLogWorker.java:<init>(173)) - new 2b77e794-d932-4db8-b050-374a0d299f29@group-0A56110B7577-SegmentedRaftLogWorker for RaftStorage:Storage Directory /workdir/hadoop-ozone/tools/target/test-dir/MiniOzoneClusterImpl-6e227885-a821-486c-968a-17dd64ddd23b/datanode-2/data/ratis/52e9028c-b6e8-4595-b76a-0a56110b7577
2019-11-13 00:26:25,343 [pool-27-thread-1] INFO  server.RaftServerConfigKeys (ConfUtils.java:logGet(43)) - raft.server.log.statemachine.data.sync.timeout = 10s (default)
2019-11-13 00:26:25,343 [pool-37-thread-1] INFO  server.RaftServerConfigKeys (ConfUtils.java:logGet(43)) - raft.server.log.queue.byte-limit = 2147483647 (custom)
2019-11-13 00:26:25,343 [pool-27-thread-1] INFO  server.RaftServerConfigKeys (ConfUtils.java:logGet(43)) - raft.server.log.statemachine.data.sync.timeout.retry = -1 (default)
2019-11-13 00:26:25,343 [pool-47-thread-1] INFO  server.RaftServerConfigKeys (ConfUtils.java:logGet(43)) - raft.server.log.queue.byte-limit = 2147483647 (custom)
2019-11-13 00:26:25,343 [pool-37-thread-1] INFO  server.RaftServerConfigKeys (ConfUtils.java:logGet(43)) - raft.server.log.queue.element-limit = 1024 (custom)
2019-11-13 00:26:25,344 [pool-27-thread-1] INFO  server.RaftServerConfigKeys (ConfUtils.java:logGet(43)) - raft.server.log.statemachine.data.caching.enabled = true (custom)
2019-11-13 00:26:25,344 [pool-47-thread-1] INFO  server.RaftServerConfigKeys (ConfUtils.java:logGet(43)) - raft.server.log.queue.element-limit = 1024 (custom)
2019-11-13 00:26:25,344 [pool-37-thread-1] INFO  server.RaftServerConfigKeys (ConfUtils.java:logGet(43)) - raft.server.log.segment.size.max = 1048576 (custom)
2019-11-13 00:26:25,344 [pool-27-thread-1] INFO  segmented.SegmentedRaftLogWorker (SegmentedRaftLogWorker.java:lambda$new$0(128)) - 3a90a425-9eed-407b-8462-185910563181@group-0A56110B7577-SegmentedRaftLogWorker: flushIndex: setUnconditionally 0 -> -1
2019-11-13 00:26:25,344 [pool-47-thread-1] INFO  server.RaftServerConfigKeys (ConfUtils.java:logGet(43)) - raft.server.log.segment.size.max = 1048576 (custom)
2019-11-13 00:26:25,344 [pool-37-thread-1] INFO  server.RaftServerConfigKeys (ConfUtils.java:logGet(43)) - raft.server.log.preallocated.size = 16384 (custom)
2019-11-13 00:26:25,344 [pool-47-thread-1] INFO  server.RaftServerConfigKeys (ConfUtils.java:logGet(43)) - raft.server.log.preallocated.size = 16384 (custom)
2019-11-13 00:26:25,344 [pool-27-thread-1] INFO  server.RaftServerConfigKeys (ConfUtils.java:logGet(43)) - raft.server.snapshot.auto.trigger.enabled = true (custom)
2019-11-13 00:26:25,344 [pool-47-thread-1] INFO  server.RaftServerConfigKeys (ConfUtils.java:logGet(43)) - raft.server.log.write.buffer.size = 33554432 (custom)
2019-11-13 00:26:25,344 [pool-37-thread-1] INFO  server.RaftServerConfigKeys (ConfUtils.java:logGet(43)) - raft.server.log.write.buffer.size = 33554432 (custom)
2019-11-13 00:26:25,345 [pool-47-thread-1] INFO  server.RaftServerConfigKeys (ConfUtils.java:logGet(43)) - raft.server.log.force.sync.num = 128 (default)
2019-11-13 00:26:25,344 [pool-27-thread-1] INFO  server.RaftServerConfigKeys (ConfUtils.java:logGet(43)) - raft.server.snapshot.auto.trigger.threshold = 10000 (custom)
2019-11-13 00:26:25,345 [pool-47-thread-1] INFO  server.RaftServerConfigKeys (ConfUtils.java:logGet(43)) - raft.server.log.statemachine.data.sync = true (default)
2019-11-13 00:26:25,345 [pool-37-thread-1] INFO  server.RaftServerConfigKeys (ConfUtils.java:logGet(43)) - raft.server.log.force.sync.num = 128 (default)
2019-11-13 00:26:25,345 [pool-47-thread-1] INFO  server.RaftServerConfigKeys (ConfUtils.java:logGet(43)) - raft.server.log.statemachine.data.sync.timeout = 10s (default)
2019-11-13 00:26:25,345 [pool-27-thread-1] INFO  server.RaftServerConfigKeys (ConfUtils.java:logGet(43)) - raft.server.snapshot.retention.file.num = 5 (custom)
2019-11-13 00:26:25,345 [pool-47-thread-1] INFO  server.RaftServerConfigKeys (ConfUtils.java:logGet(43)) - raft.server.log.statemachine.data.sync.timeout.retry = -1 (default)
2019-11-13 00:26:25,345 [pool-37-thread-1] INFO  server.RaftServerConfigKeys (ConfUtils.java:logGet(43)) - raft.server.log.statemachine.data.sync = true (default)
2019-11-13 00:26:25,345 [pool-27-thread-1] INFO  server.RaftServerConfigKeys (ConfUtils.java:logGet(43)) - raft.server.retrycache.expirytime = 600000ms (custom)
2019-11-13 00:26:25,346 [pool-47-thread-1] INFO  server.RaftServerConfigKeys (ConfUtils.java:logGet(43)) - raft.server.log.statemachine.data.caching.enabled = true (custom)
2019-11-13 00:26:25,345 [pool-37-thread-1] INFO  server.RaftServerConfigKeys (ConfUtils.java:logGet(43)) - raft.server.log.statemachine.data.sync.timeout = 10s (default)
2019-11-13 00:26:25,346 [pool-27-thread-1] WARN  impl.MetricRegistriesImpl (MetricRegistriesImpl.java:lambda$create$1(61)) - First MetricRegistry has been created without registering reporters. You may need to call MetricRegistries.global().addReportRegistration(...) before.
2019-11-13 00:26:25,346 [pool-47-thread-1] INFO  segmented.SegmentedRaftLogWorker (SegmentedRaftLogWorker.java:lambda$new$0(128)) - 2b77e794-d932-4db8-b050-374a0d299f29@group-0A56110B7577-SegmentedRaftLogWorker: flushIndex: setUnconditionally 0 -> -1
2019-11-13 00:26:25,346 [pool-37-thread-1] INFO  server.RaftServerConfigKeys (ConfUtils.java:logGet(43)) - raft.server.log.statemachine.data.sync.timeout.retry = -1 (default)
2019-11-13 00:26:25,346 [pool-27-thread-1] WARN  impl.MetricRegistriesImpl (MetricRegistriesImpl.java:lambda$create$1(61)) - First MetricRegistry has been created without registering reporters. You may need to call MetricRegistries.global().addReportRegistration(...) before.
2019-11-13 00:26:25,346 [pool-47-thread-1] INFO  server.RaftServerConfigKeys (ConfUtils.java:logGet(43)) - raft.server.snapshot.auto.trigger.enabled = true (custom)
2019-11-13 00:26:25,346 [pool-37-thread-1] INFO  server.RaftServerConfigKeys (ConfUtils.java:logGet(43)) - raft.server.log.statemachine.data.caching.enabled = true (custom)
2019-11-13 00:26:25,347 [pool-27-thread-1] INFO  impl.RaftServerImpl (RaftServerImpl.java:start(184)) - 3a90a425-9eed-407b-8462-185910563181@group-0A56110B7577: start as a follower, conf=-1: [2b77e794-d932-4db8-b050-374a0d299f29:192.168.164.236:43659, a98aee70-7acb-44b6-bef9-b88ed89af27b:192.168.164.236:41138, 3a90a425-9eed-407b-8462-185910563181:192.168.164.236:46749], old=null
2019-11-13 00:26:25,347 [pool-47-thread-1] INFO  server.RaftServerConfigKeys (ConfUtils.java:logGet(43)) - raft.server.snapshot.auto.trigger.threshold = 10000 (custom)
2019-11-13 00:26:25,347 [pool-37-thread-1] INFO  segmented.SegmentedRaftLogWorker (SegmentedRaftLogWorker.java:lambda$new$0(128)) - a98aee70-7acb-44b6-bef9-b88ed89af27b@group-0A56110B7577-SegmentedRaftLogWorker: flushIndex: setUnconditionally 0 -> -1
2019-11-13 00:26:25,347 [pool-27-thread-1] INFO  impl.RaftServerImpl (RaftServerImpl.java:setRole(173)) - 3a90a425-9eed-407b-8462-185910563181@group-0A56110B7577: changes role from      null to FOLLOWER at term 0 for startAsFollower
2019-11-13 00:26:25,347 [pool-47-thread-1] INFO  server.RaftServerConfigKeys (ConfUtils.java:logGet(43)) - raft.server.snapshot.retention.file.num = 5 (custom)
2019-11-13 00:26:25,347 [pool-37-thread-1] INFO  server.RaftServerConfigKeys (ConfUtils.java:logGet(43)) - raft.server.snapshot.auto.trigger.enabled = true (custom)
2019-11-13 00:26:25,347 [pool-47-thread-1] INFO  server.RaftServerConfigKeys (ConfUtils.java:logGet(43)) - raft.server.retrycache.expirytime = 600000ms (custom)
2019-11-13 00:26:25,347 [pool-27-thread-1] INFO  impl.RoleInfo (RoleInfo.java:updateAndGet(143)) - 3a90a425-9eed-407b-8462-185910563181: start FollowerState
2019-11-13 00:26:25,348 [pool-47-thread-1] WARN  impl.MetricRegistriesImpl (MetricRegistriesImpl.java:lambda$create$1(61)) - First MetricRegistry has been created without registering reporters. You may need to call MetricRegistries.global().addReportRegistration(...) before.
2019-11-13 00:26:25,347 [pool-37-thread-1] INFO  server.RaftServerConfigKeys (ConfUtils.java:logGet(43)) - raft.server.snapshot.auto.trigger.threshold = 10000 (custom)
2019-11-13 00:26:25,348 [pool-47-thread-1] WARN  impl.MetricRegistriesImpl (MetricRegistriesImpl.java:lambda$create$1(61)) - First MetricRegistry has been created without registering reporters. You may need to call MetricRegistries.global().addReportRegistration(...) before.
2019-11-13 00:26:25,348 [pool-37-thread-1] INFO  server.RaftServerConfigKeys (ConfUtils.java:logGet(43)) - raft.server.snapshot.retention.file.num = 5 (custom)
2019-11-13 00:26:25,348 [pool-27-thread-1] INFO  util.JmxRegister (JmxRegister.java:tryRegister(44)) - Successfully registered JMX Bean with object name Ratis:service=RaftServer,group=group-0A56110B7577,id=3a90a425-9eed-407b-8462-185910563181
2019-11-13 00:26:25,348 [pool-37-thread-1] INFO  server.RaftServerConfigKeys (ConfUtils.java:logGet(43)) - raft.server.retrycache.expirytime = 600000ms (custom)
2019-11-13 00:26:25,348 [pool-47-thread-1] INFO  impl.RaftServerImpl (RaftServerImpl.java:start(184)) - 2b77e794-d932-4db8-b050-374a0d299f29@group-0A56110B7577: start as a follower, conf=-1: [2b77e794-d932-4db8-b050-374a0d299f29:192.168.164.236:43659, a98aee70-7acb-44b6-bef9-b88ed89af27b:192.168.164.236:41138, 3a90a425-9eed-407b-8462-185910563181:192.168.164.236:46749], old=null
2019-11-13 00:26:25,348 [pool-37-thread-1] WARN  impl.MetricRegistriesImpl (MetricRegistriesImpl.java:lambda$create$1(61)) - First MetricRegistry has been created without registering reporters. You may need to call MetricRegistries.global().addReportRegistration(...) before.
2019-11-13 00:26:25,348 [pool-27-thread-1] WARN  impl.MetricRegistriesImpl (MetricRegistriesImpl.java:lambda$create$1(61)) - First MetricRegistry has been created without registering reporters. You may need to call MetricRegistries.global().addReportRegistration(...) before.
2019-11-13 00:26:25,349 [pool-37-thread-1] WARN  impl.MetricRegistriesImpl (MetricRegistriesImpl.java:lambda$create$1(61)) - First MetricRegistry has been created without registering reporters. You may need to call MetricRegistries.global().addReportRegistration(...) before.
2019-11-13 00:26:25,348 [pool-47-thread-1] INFO  impl.RaftServerImpl (RaftServerImpl.java:setRole(173)) - 2b77e794-d932-4db8-b050-374a0d299f29@group-0A56110B7577: changes role from      null to FOLLOWER at term 0 for startAsFollower
2019-11-13 00:26:25,349 [pool-37-thread-1] INFO  impl.RaftServerImpl (RaftServerImpl.java:start(184)) - a98aee70-7acb-44b6-bef9-b88ed89af27b@group-0A56110B7577: start as a follower, conf=-1: [2b77e794-d932-4db8-b050-374a0d299f29:192.168.164.236:43659, a98aee70-7acb-44b6-bef9-b88ed89af27b:192.168.164.236:41138, 3a90a425-9eed-407b-8462-185910563181:192.168.164.236:46749], old=null
2019-11-13 00:26:25,349 [pool-37-thread-1] INFO  impl.RaftServerImpl (RaftServerImpl.java:setRole(173)) - a98aee70-7acb-44b6-bef9-b88ed89af27b@group-0A56110B7577: changes role from      null to FOLLOWER at term 0 for startAsFollower
2019-11-13 00:26:25,349 [pool-47-thread-1] INFO  impl.RoleInfo (RoleInfo.java:updateAndGet(143)) - 2b77e794-d932-4db8-b050-374a0d299f29: start FollowerState
2019-11-13 00:26:25,349 [pool-37-thread-1] INFO  impl.RoleInfo (RoleInfo.java:updateAndGet(143)) - a98aee70-7acb-44b6-bef9-b88ed89af27b: start FollowerState
2019-11-13 00:26:25,350 [pool-47-thread-1] INFO  util.JmxRegister (JmxRegister.java:tryRegister(44)) - Successfully registered JMX Bean with object name Ratis:service=RaftServer,group=group-0A56110B7577,id=2b77e794-d932-4db8-b050-374a0d299f29
2019-11-13 00:26:25,350 [pool-47-thread-1] WARN  impl.MetricRegistriesImpl (MetricRegistriesImpl.java:lambda$create$1(61)) - First MetricRegistry has been created without registering reporters. You may need to call MetricRegistries.global().addReportRegistration(...) before.
2019-11-13 00:26:25,350 [pool-37-thread-1] INFO  util.JmxRegister (JmxRegister.java:tryRegister(44)) - Successfully registered JMX Bean with object name Ratis:service=RaftServer,group=group-0A56110B7577,id=a98aee70-7acb-44b6-bef9-b88ed89af27b
2019-11-13 00:26:25,350 [pool-37-thread-1] WARN  impl.MetricRegistriesImpl (MetricRegistriesImpl.java:lambda$create$1(61)) - First MetricRegistry has been created without registering reporters. You may need to call MetricRegistries.global().addReportRegistration(...) before.
2019-11-13 00:26:25,356 [RatisPipelineUtilsThread] INFO  pipeline.PipelineStateManager (PipelineStateManager.java:addPipeline(55)) - Created pipeline Pipeline[ Id: 52e9028c-b6e8-4595-b76a-0a56110b7577, Nodes: a98aee70-7acb-44b6-bef9-b88ed89af27b{ip: 192.168.164.236, host: pr-hdds-2375-hvwjp-2869937553, networkLocation: /default-rack, certSerialId: null}2b77e794-d932-4db8-b050-374a0d299f29{ip: 192.168.164.236, host: pr-hdds-2375-hvwjp-2869937553, networkLocation: /default-rack, certSerialId: null}3a90a425-9eed-407b-8462-185910563181{ip: 192.168.164.236, host: pr-hdds-2375-hvwjp-2869937553, networkLocation: /default-rack, certSerialId: null}, Type:RATIS, Factor:THREE, State:ALLOCATED]
2019-11-13 00:26:25,396 [main] INFO  freon.RandomKeyGenerator (RandomKeyGenerator.java:call(283)) - Number of Threads: 10
2019-11-13 00:26:25,396 [main] INFO  freon.RandomKeyGenerator (RandomKeyGenerator.java:call(288)) - Number of Volumes: 1.
2019-11-13 00:26:25,396 [main] INFO  freon.RandomKeyGenerator (RandomKeyGenerator.java:call(289)) - Number of Buckets per Volume: 1.
2019-11-13 00:26:25,396 [main] INFO  freon.RandomKeyGenerator (RandomKeyGenerator.java:call(290)) - Number of Keys per Bucket: 1.
2019-11-13 00:26:25,396 [main] INFO  freon.RandomKeyGenerator (RandomKeyGenerator.java:call(291)) - Key size: 20971520 bytes
2019-11-13 00:26:25,396 [main] INFO  freon.RandomKeyGenerator (RandomKeyGenerator.java:call(292)) - Buffer size: 4096 bytes
2019-11-13 00:26:25,396 [main] INFO  freon.RandomKeyGenerator (RandomKeyGenerator.java:call(293)) - validateWrites : true
2019-11-13 00:26:25,397 [pool-59-thread-1] INFO  rpc.RpcClient (RpcClient.java:createVolume(292)) - Creating Volume: vol-0-05515, with jenkins1000 as owner.
2019-11-13 00:26:25,398 [main] INFO  freon.RandomKeyGenerator (RandomKeyGenerator.java:call(307)) - Data validation is enabled.
2019-11-13 00:26:25,399 [main] INFO  freon.RandomKeyGenerator (RandomKeyGenerator.java:call(313)) - Starting progress bar Thread.

 0.00% |?                                                                                                    |  0/1 Time: 0:00:002019-11-13 00:26:25,406 [IPC Server handler 6 on 33184] INFO  volume.OMVolumeCreateRequest (OMVolumeCreateRequest.java:validateAndUpdateCache(193)) - created volume:vol-0-05515 for user:jenkins1000
2019-11-13 00:26:25,438 [pool-59-thread-2] INFO  rpc.RpcClient (RpcClient.java:createBucket(431)) - Creating Bucket: vol-0-05515/bucket-0-74429, with Versioning false and Storage Type set to DISK and Encryption set to false 
2019-11-13 00:26:25,463 [IPC Server handler 15 on 35234] WARN  block.BlockManagerImpl (BlockManagerImpl.java:allocateBlock(200)) - Pipeline creation failed for type:RATIS factor:THREE. Retrying get pipelines call once.
org.apache.hadoop.hdds.scm.pipeline.InsufficientDatanodesException: Cannot create pipeline of factor 3 using 0 nodes.
	at org.apache.hadoop.hdds.scm.pipeline.RatisPipelineProvider.create(RatisPipelineProvider.java:153)
	at org.apache.hadoop.hdds.scm.pipeline.PipelineFactory.create(PipelineFactory.java:58)
	at org.apache.hadoop.hdds.scm.pipeline.SCMPipelineManager.createPipeline(SCMPipelineManager.java:155)
	at org.apache.hadoop.hdds.scm.block.BlockManagerImpl.allocateBlock(BlockManagerImpl.java:198)
	at org.apache.hadoop.hdds.scm.server.SCMBlockProtocolServer.allocateBlock(SCMBlockProtocolServer.java:187)
	at org.apache.hadoop.hdds.scm.protocol.ScmBlockLocationProtocolServerSideTranslatorPB.allocateScmBlock(ScmBlockLocationProtocolServerSideTranslatorPB.java:159)
	at org.apache.hadoop.hdds.scm.protocol.ScmBlockLocationProtocolServerSideTranslatorPB.processMessage(ScmBlockLocationProtocolServerSideTranslatorPB.java:117)
	at org.apache.hadoop.hdds.server.OzoneProtocolMessageDispatcher.processRequest(OzoneProtocolMessageDispatcher.java:72)
	at org.apache.hadoop.hdds.scm.protocol.ScmBlockLocationProtocolServerSideTranslatorPB.send(ScmBlockLocationProtocolServerSideTranslatorPB.java:98)
	at org.apache.hadoop.hdds.protocol.proto.ScmBlockLocationProtocolProtos$ScmBlockLocationProtocolService$2.callBlockingMethod(ScmBlockLocationProtocolProtos.java:13157)
	at org.apache.hadoop.ipc.ProtobufRpcEngine$Server$ProtoBufRpcInvoker.call(ProtobufRpcEngine.java:524)
	at org.apache.hadoop.ipc.RPC$Server.call(RPC.java:1025)
	at org.apache.hadoop.ipc.Server$RpcCall.run(Server.java:876)
	at org.apache.hadoop.ipc.Server$RpcCall.run(Server.java:822)
	at java.security.AccessController.doPrivileged(Native Method)
	at javax.security.auth.Subject.doAs(Subject.java:422)
	at org.apache.hadoop.security.UserGroupInformation.doAs(UserGroupInformation.java:1730)
	at org.apache.hadoop.ipc.Server$Handler.run(Server.java:2682)
2019-11-13 00:26:25,465 [IPC Server handler 15 on 35234] INFO  block.BlockManagerImpl (BlockManagerImpl.java:allocateBlock(212)) - Could not find available pipeline of type:RATIS and factor:THREE even after retrying
2019-11-13 00:26:25,465 [IPC Server handler 15 on 35234] ERROR block.BlockManagerImpl (BlockManagerImpl.java:allocateBlock(236)) - Unable to allocate a block for the size: 4194304, type: RATIS, factor: THREE
2019-11-13 00:26:25,465 [IPC Server handler 15 on 35234] WARN  block.BlockManagerImpl (BlockManagerImpl.java:allocateBlock(200)) - Pipeline creation failed for type:RATIS factor:THREE. Retrying get pipelines call once.
org.apache.hadoop.hdds.scm.pipeline.InsufficientDatanodesException: Cannot create pipeline of factor 3 using 0 nodes.
	at org.apache.hadoop.hdds.scm.pipeline.RatisPipelineProvider.create(RatisPipelineProvider.java:153)
	at org.apache.hadoop.hdds.scm.pipeline.PipelineFactory.create(PipelineFactory.java:58)
	at org.apache.hadoop.hdds.scm.pipeline.SCMPipelineManager.createPipeline(SCMPipelineManager.java:155)
	at org.apache.hadoop.hdds.scm.block.BlockManagerImpl.allocateBlock(BlockManagerImpl.java:198)
	at org.apache.hadoop.hdds.scm.server.SCMBlockProtocolServer.allocateBlock(SCMBlockProtocolServer.java:187)
	at org.apache.hadoop.hdds.scm.protocol.ScmBlockLocationProtocolServerSideTranslatorPB.allocateScmBlock(ScmBlockLocationProtocolServerSideTranslatorPB.java:159)
	at org.apache.hadoop.hdds.scm.protocol.ScmBlockLocationProtocolServerSideTranslatorPB.processMessage(ScmBlockLocationProtocolServerSideTranslatorPB.java:117)
	at org.apache.hadoop.hdds.server.OzoneProtocolMessageDispatcher.processRequest(OzoneProtocolMessageDispatcher.java:72)
	at org.apache.hadoop.hdds.scm.protocol.ScmBlockLocationProtocolServerSideTranslatorPB.send(ScmBlockLocationProtocolServerSideTranslatorPB.java:98)
	at org.apache.hadoop.hdds.protocol.proto.ScmBlockLocationProtocolProtos$ScmBlockLocationProtocolService$2.callBlockingMethod(ScmBlockLocationProtocolProtos.java:13157)
	at org.apache.hadoop.ipc.ProtobufRpcEngine$Server$ProtoBufRpcInvoker.call(ProtobufRpcEngine.java:524)
	at org.apache.hadoop.ipc.RPC$Server.call(RPC.java:1025)
	at org.apache.hadoop.ipc.Server$RpcCall.run(Server.java:876)
	at org.apache.hadoop.ipc.Server$RpcCall.run(Server.java:822)
	at java.security.AccessController.doPrivileged(Native Method)
	at javax.security.auth.Subject.doAs(Subject.java:422)
	at org.apache.hadoop.security.UserGroupInformation.doAs(UserGroupInformation.java:1730)
	at org.apache.hadoop.ipc.Server$Handler.run(Server.java:2682)
2019-11-13 00:26:25,466 [IPC Server handler 15 on 35234] INFO  block.BlockManagerImpl (BlockManagerImpl.java:allocateBlock(212)) - Could not find available pipeline of type:RATIS and factor:THREE even after retrying
2019-11-13 00:26:25,466 [IPC Server handler 15 on 35234] ERROR block.BlockManagerImpl (BlockManagerImpl.java:allocateBlock(236)) - Unable to allocate a block for the size: 4194304, type: RATIS, factor: THREE
2019-11-13 00:26:25,466 [IPC Server handler 15 on 35234] WARN  block.BlockManagerImpl (BlockManagerImpl.java:allocateBlock(200)) - Pipeline creation failed for type:RATIS factor:THREE. Retrying get pipelines call once.
org.apache.hadoop.hdds.scm.pipeline.InsufficientDatanodesException: Cannot create pipeline of factor 3 using 0 nodes.
	at org.apache.hadoop.hdds.scm.pipeline.RatisPipelineProvider.create(RatisPipelineProvider.java:153)
	at org.apache.hadoop.hdds.scm.pipeline.PipelineFactory.create(PipelineFactory.java:58)
	at org.apache.hadoop.hdds.scm.pipeline.SCMPipelineManager.createPipeline(SCMPipelineManager.java:155)
	at org.apache.hadoop.hdds.scm.block.BlockManagerImpl.allocateBlock(BlockManagerImpl.java:198)
	at org.apache.hadoop.hdds.scm.server.SCMBlockProtocolServer.allocateBlock(SCMBlockProtocolServer.java:187)
	at org.apache.hadoop.hdds.scm.protocol.ScmBlockLocationProtocolServerSideTranslatorPB.allocateScmBlock(ScmBlockLocationProtocolServerSideTranslatorPB.java:159)
	at org.apache.hadoop.hdds.scm.protocol.ScmBlockLocationProtocolServerSideTranslatorPB.processMessage(ScmBlockLocationProtocolServerSideTranslatorPB.java:117)
	at org.apache.hadoop.hdds.server.OzoneProtocolMessageDispatcher.processRequest(OzoneProtocolMessageDispatcher.java:72)
	at org.apache.hadoop.hdds.scm.protocol.ScmBlockLocationProtocolServerSideTranslatorPB.send(ScmBlockLocationProtocolServerSideTranslatorPB.java:98)
	at org.apache.hadoop.hdds.protocol.proto.ScmBlockLocationProtocolProtos$ScmBlockLocationProtocolService$2.callBlockingMethod(ScmBlockLocationProtocolProtos.java:13157)
	at org.apache.hadoop.ipc.ProtobufRpcEngine$Server$ProtoBufRpcInvoker.call(ProtobufRpcEngine.java:524)
	at org.apache.hadoop.ipc.RPC$Server.call(RPC.java:1025)
	at org.apache.hadoop.ipc.Server$RpcCall.run(Server.java:876)
	at org.apache.hadoop.ipc.Server$RpcCall.run(Server.java:822)
	at java.security.AccessController.doPrivileged(Native Method)
	at javax.security.auth.Subject.doAs(Subject.java:422)
	at org.apache.hadoop.security.UserGroupInformation.doAs(UserGroupInformation.java:1730)
	at org.apache.hadoop.ipc.Server$Handler.run(Server.java:2682)
2019-11-13 00:26:25,467 [IPC Server handler 15 on 35234] INFO  block.BlockManagerImpl (BlockManagerImpl.java:allocateBlock(212)) - Could not find available pipeline of type:RATIS and factor:THREE even after retrying
2019-11-13 00:26:25,467 [IPC Server handler 15 on 35234] ERROR block.BlockManagerImpl (BlockManagerImpl.java:allocateBlock(236)) - Unable to allocate a block for the size: 4194304, type: RATIS, factor: THREE
2019-11-13 00:26:25,467 [IPC Server handler 15 on 35234] WARN  block.BlockManagerImpl (BlockManagerImpl.java:allocateBlock(200)) - Pipeline creation failed for type:RATIS factor:THREE. Retrying get pipelines call once.
org.apache.hadoop.hdds.scm.pipeline.InsufficientDatanodesException: Cannot create pipeline of factor 3 using 0 nodes.
	at org.apache.hadoop.hdds.scm.pipeline.RatisPipelineProvider.create(RatisPipelineProvider.java:153)
	at org.apache.hadoop.hdds.scm.pipeline.PipelineFactory.create(PipelineFactory.java:58)
	at org.apache.hadoop.hdds.scm.pipeline.SCMPipelineManager.createPipeline(SCMPipelineManager.java:155)
	at org.apache.hadoop.hdds.scm.block.BlockManagerImpl.allocateBlock(BlockManagerImpl.java:198)
	at org.apache.hadoop.hdds.scm.server.SCMBlockProtocolServer.allocateBlock(SCMBlockProtocolServer.java:187)
	at org.apache.hadoop.hdds.scm.protocol.ScmBlockLocationProtocolServerSideTranslatorPB.allocateScmBlock(ScmBlockLocationProtocolServerSideTranslatorPB.java:159)
	at org.apache.hadoop.hdds.scm.protocol.ScmBlockLocationProtocolServerSideTranslatorPB.processMessage(ScmBlockLocationProtocolServerSideTranslatorPB.java:117)
	at org.apache.hadoop.hdds.server.OzoneProtocolMessageDispatcher.processRequest(OzoneProtocolMessageDispatcher.java:72)
	at org.apache.hadoop.hdds.scm.protocol.ScmBlockLocationProtocolServerSideTranslatorPB.send(ScmBlockLocationProtocolServerSideTranslatorPB.java:98)
	at org.apache.hadoop.hdds.protocol.proto.ScmBlockLocationProtocolProtos$ScmBlockLocationProtocolService$2.callBlockingMethod(ScmBlockLocationProtocolProtos.java:13157)
	at org.apache.hadoop.ipc.ProtobufRpcEngine$Server$ProtoBufRpcInvoker.call(ProtobufRpcEngine.java:524)
	at org.apache.hadoop.ipc.RPC$Server.call(RPC.java:1025)
	at org.apache.hadoop.ipc.Server$RpcCall.run(Server.java:876)
	at org.apache.hadoop.ipc.Server$RpcCall.run(Server.java:822)
	at java.security.AccessController.doPrivileged(Native Method)
	at javax.security.auth.Subject.doAs(Subject.java:422)
	at org.apache.hadoop.security.UserGroupInformation.doAs(UserGroupInformation.java:1730)
	at org.apache.hadoop.ipc.Server$Handler.run(Server.java:2682)
2019-11-13 00:26:25,467 [IPC Server handler 15 on 35234] INFO  block.BlockManagerImpl (BlockManagerImpl.java:allocateBlock(212)) - Could not find available pipeline of type:RATIS and factor:THREE even after retrying
2019-11-13 00:26:25,467 [IPC Server handler 15 on 35234] ERROR block.BlockManagerImpl (BlockManagerImpl.java:allocateBlock(236)) - Unable to allocate a block for the size: 4194304, type: RATIS, factor: THREE
2019-11-13 00:26:25,468 [IPC Server handler 15 on 35234] WARN  block.BlockManagerImpl (BlockManagerImpl.java:allocateBlock(200)) - Pipeline creation failed for type:RATIS factor:THREE. Retrying get pipelines call once.
org.apache.hadoop.hdds.scm.pipeline.InsufficientDatanodesException: Cannot create pipeline of factor 3 using 0 nodes.
	at org.apache.hadoop.hdds.scm.pipeline.RatisPipelineProvider.create(RatisPipelineProvider.java:153)
	at org.apache.hadoop.hdds.scm.pipeline.PipelineFactory.create(PipelineFactory.java:58)
	at org.apache.hadoop.hdds.scm.pipeline.SCMPipelineManager.createPipeline(SCMPipelineManager.java:155)
	at org.apache.hadoop.hdds.scm.block.BlockManagerImpl.allocateBlock(BlockManagerImpl.java:198)
	at org.apache.hadoop.hdds.scm.server.SCMBlockProtocolServer.allocateBlock(SCMBlockProtocolServer.java:187)
	at org.apache.hadoop.hdds.scm.protocol.ScmBlockLocationProtocolServerSideTranslatorPB.allocateScmBlock(ScmBlockLocationProtocolServerSideTranslatorPB.java:159)
	at org.apache.hadoop.hdds.scm.protocol.ScmBlockLocationProtocolServerSideTranslatorPB.processMessage(ScmBlockLocationProtocolServerSideTranslatorPB.java:117)
	at org.apache.hadoop.hdds.server.OzoneProtocolMessageDispatcher.processRequest(OzoneProtocolMessageDispatcher.java:72)
	at org.apache.hadoop.hdds.scm.protocol.ScmBlockLocationProtocolServerSideTranslatorPB.send(ScmBlockLocationProtocolServerSideTranslatorPB.java:98)
	at org.apache.hadoop.hdds.protocol.proto.ScmBlockLocationProtocolProtos$ScmBlockLocationProtocolService$2.callBlockingMethod(ScmBlockLocationProtocolProtos.java:13157)
	at org.apache.hadoop.ipc.ProtobufRpcEngine$Server$ProtoBufRpcInvoker.call(ProtobufRpcEngine.java:524)
	at org.apache.hadoop.ipc.RPC$Server.call(RPC.java:1025)
	at org.apache.hadoop.ipc.Server$RpcCall.run(Server.java:876)
	at org.apache.hadoop.ipc.Server$RpcCall.run(Server.java:822)
	at java.security.AccessController.doPrivileged(Native Method)
	at javax.security.auth.Subject.doAs(Subject.java:422)
	at org.apache.hadoop.security.UserGroupInformation.doAs(UserGroupInformation.java:1730)
	at org.apache.hadoop.ipc.Server$Handler.run(Server.java:2682)
2019-11-13 00:26:25,468 [IPC Server handler 15 on 35234] INFO  block.BlockManagerImpl (BlockManagerImpl.java:allocateBlock(212)) - Could not find available pipeline of type:RATIS and factor:THREE even after retrying
2019-11-13 00:26:25,468 [IPC Server handler 15 on 35234] ERROR block.BlockManagerImpl (BlockManagerImpl.java:allocateBlock(236)) - Unable to allocate a block for the size: 4194304, type: RATIS, factor: THREE
2019-11-13 00:26:25,472 [pool-59-thread-4] ERROR freon.RandomKeyGenerator (RandomKeyGenerator.java:createKey(735)) - Exception while adding key: key-0-32565 in bucket: bucket-0-74429 of volume: vol-0-05515.
INTERNAL_ERROR org.apache.hadoop.ozone.om.exceptions.OMException: Allocated 0 blocks. Requested 5 blocks
	at org.apache.hadoop.ozone.om.protocolPB.OzoneManagerProtocolClientSideTranslatorPB.handleError(OzoneManagerProtocolClientSideTranslatorPB.java:761)
	at org.apache.hadoop.ozone.om.protocolPB.OzoneManagerProtocolClientSideTranslatorPB.openKey(OzoneManagerProtocolClientSideTranslatorPB.java:752)
	at sun.reflect.NativeMethodAccessorImpl.invoke0(Native Method)
	at sun.reflect.NativeMethodAccessorImpl.invoke(NativeMethodAccessorImpl.java:62)
	at sun.reflect.DelegatingMethodAccessorImpl.invoke(DelegatingMethodAccessorImpl.java:43)
	at java.lang.reflect.Method.invoke(Method.java:498)
	at org.apache.hadoop.hdds.tracing.TraceAllMethod.invoke(TraceAllMethod.java:66)
	at com.sun.proxy.$Proxy37.openKey(Unknown Source)
	at org.apache.hadoop.ozone.client.rpc.RpcClient.createKey(RpcClient.java:634)
	at org.apache.hadoop.ozone.client.OzoneBucket.createKey(OzoneBucket.java:325)
	at org.apache.hadoop.ozone.freon.RandomKeyGenerator.createKey(RandomKeyGenerator.java:697)
	at org.apache.hadoop.ozone.freon.RandomKeyGenerator.access$1100(RandomKeyGenerator.java:88)
	at org.apache.hadoop.ozone.freon.RandomKeyGenerator$ObjectCreator.run(RandomKeyGenerator.java:615)
	at java.util.concurrent.Executors$RunnableAdapter.call(Executors.java:511)
	at java.util.concurrent.FutureTask.run(FutureTask.java:266)
	at java.util.concurrent.ThreadPoolExecutor.runWorker(ThreadPoolExecutor.java:1149)
	at java.util.concurrent.ThreadPoolExecutor$Worker.run(ThreadPoolExecutor.java:624)
	at java.lang.Thread.run(Thread.java:748)
 0.00% |?                                                                                                    |  0/1 Time: 0:00:01 0.00% |?                                                                                                    |  0/1 Time: 0:00:02 0.00% |?                                                                                                    |  0/1 Time: 0:00:03 0.00% |?                                                                                                    |  0/1 Time: 0:00:042019-11-13 00:26:30,356 [Thread-477] INFO  impl.FollowerState (FollowerState.java:run(111)) - 3a90a425-9eed-407b-8462-185910563181@group-0A56110B7577-FollowerState: change to CANDIDATE, lastRpcTime:5009ms, electionTimeout:5008ms
2019-11-13 00:26:30,357 [Thread-477] INFO  impl.RoleInfo (RoleInfo.java:shutdownFollowerState(121)) - 3a90a425-9eed-407b-8462-185910563181: shutdown FollowerState
2019-11-13 00:26:30,357 [Thread-482] INFO  impl.FollowerState (FollowerState.java:run(111)) - a98aee70-7acb-44b6-bef9-b88ed89af27b@group-0A56110B7577-FollowerState: change to CANDIDATE, lastRpcTime:5008ms, electionTimeout:5007ms
2019-11-13 00:26:30,358 [Thread-477] INFO  impl.RaftServerImpl (RaftServerImpl.java:setRole(173)) - 3a90a425-9eed-407b-8462-185910563181@group-0A56110B7577: changes role from  FOLLOWER to CANDIDATE at term 0 for changeToCandidate
2019-11-13 00:26:30,358 [Thread-482] INFO  impl.RoleInfo (RoleInfo.java:shutdownFollowerState(121)) - a98aee70-7acb-44b6-bef9-b88ed89af27b: shutdown FollowerState
2019-11-13 00:26:30,358 [Thread-482] INFO  impl.RaftServerImpl (RaftServerImpl.java:setRole(173)) - a98aee70-7acb-44b6-bef9-b88ed89af27b@group-0A56110B7577: changes role from  FOLLOWER to CANDIDATE at term 0 for changeToCandidate
2019-11-13 00:26:30,358 [Thread-477] INFO  impl.RoleInfo (RoleInfo.java:updateAndGet(143)) - 3a90a425-9eed-407b-8462-185910563181: start LeaderElection
2019-11-13 00:26:30,358 [Thread-482] INFO  impl.RoleInfo (RoleInfo.java:updateAndGet(143)) - a98aee70-7acb-44b6-bef9-b88ed89af27b: start LeaderElection
2019-11-13 00:26:30,378 [3a90a425-9eed-407b-8462-185910563181@group-0A56110B7577-LeaderElection5] INFO  impl.LeaderElection (LeaderElection.java:askForVotes(178)) - 3a90a425-9eed-407b-8462-185910563181@group-0A56110B7577-LeaderElection5: begin an election at term 1 for -1: [2b77e794-d932-4db8-b050-374a0d299f29:192.168.164.236:43659, a98aee70-7acb-44b6-bef9-b88ed89af27b:192.168.164.236:41138, 3a90a425-9eed-407b-8462-185910563181:192.168.164.236:46749], old=null
2019-11-13 00:26:30,378 [a98aee70-7acb-44b6-bef9-b88ed89af27b@group-0A56110B7577-LeaderElection6] INFO  impl.LeaderElection (LeaderElection.java:askForVotes(178)) - a98aee70-7acb-44b6-bef9-b88ed89af27b@group-0A56110B7577-LeaderElection6: begin an election at term 1 for -1: [2b77e794-d932-4db8-b050-374a0d299f29:192.168.164.236:43659, a98aee70-7acb-44b6-bef9-b88ed89af27b:192.168.164.236:41138, 3a90a425-9eed-407b-8462-185910563181:192.168.164.236:46749], old=null
2019-11-13 00:26:30,400 [grpc-default-executor-2] INFO  impl.RaftServerImpl (RaftServerImpl.java:setRole(173)) - 2b77e794-d932-4db8-b050-374a0d299f29@group-0A56110B7577: changes role from  FOLLOWER to FOLLOWER at term 1 for recognizeCandidate:3a90a425-9eed-407b-8462-185910563181
2019-11-13 00:26:30,401 [grpc-default-executor-2] INFO  impl.RoleInfo (RoleInfo.java:shutdownFollowerState(121)) - 2b77e794-d932-4db8-b050-374a0d299f29: shutdown FollowerState
2019-11-13 00:26:30,402 [Thread-480] INFO  impl.FollowerState (FollowerState.java:run(120)) - 2b77e794-d932-4db8-b050-374a0d299f29@group-0A56110B7577-FollowerState was interrupted: java.lang.InterruptedException: sleep interrupted
2019-11-13 00:26:30,403 [grpc-default-executor-2] INFO  impl.RoleInfo (RoleInfo.java:updateAndGet(143)) - 2b77e794-d932-4db8-b050-374a0d299f29: start FollowerState
 100.00% |?????????????????????????????????????????????????????????????????????????????????????????????????????|  1/1 Time: 0:00:05
2019-11-13 00:26:30,412 [3a90a425-9eed-407b-8462-185910563181@group-0A56110B7577-LeaderElection5] INFO  impl.LeaderElection (LeaderElection.java:logAndReturn(56)) - 3a90a425-9eed-407b-8462-185910563181@group-0A56110B7577-LeaderElection5: Election PASSED; received 2 response(s) [3a90a425-9eed-407b-8462-185910563181<-2b77e794-d932-4db8-b050-374a0d299f29#0:OK-t1, 3a90a425-9eed-407b-8462-185910563181<-a98aee70-7acb-44b6-bef9-b88ed89af27b#0:FAIL-t1] and 0 exception(s); 3a90a425-9eed-407b-8462-185910563181@group-0A56110B7577:t1, leader=null, voted=3a90a425-9eed-407b-8462-185910563181, raftlog=3a90a425-9eed-407b-8462-185910563181@group-0A56110B7577-SegmentedRaftLog:OPENED:c-1,f-1,i0, conf=-1: [2b77e794-d932-4db8-b050-374a0d299f29:192.168.164.236:43659, a98aee70-7acb-44b6-bef9-b88ed89af27b:192.168.164.236:41138, 3a90a425-9eed-407b-8462-185910563181:192.168.164.236:46749], old=null
2019-11-13 00:26:30,412 [a98aee70-7acb-44b6-bef9-b88ed89af27b@group-0A56110B7577-LeaderElection6] INFO  impl.LeaderElection (LeaderElection.java:logAndReturn(56)) - a98aee70-7acb-44b6-bef9-b88ed89af27b@group-0A56110B7577-LeaderElection6: Election REJECTED; received 2 response(s) [a98aee70-7acb-44b6-bef9-b88ed89af27b<-2b77e794-d932-4db8-b050-374a0d299f29#0:FAIL-t1, a98aee70-7acb-44b6-bef9-b88ed89af27b<-3a90a425-9eed-407b-8462-185910563181#0:FAIL-t1] and 0 exception(s); a98aee70-7acb-44b6-bef9-b88ed89af27b@group-0A56110B7577:t1, leader=null, voted=a98aee70-7acb-44b6-bef9-b88ed89af27b, raftlog=a98aee70-7acb-44b6-bef9-b88ed89af27b@group-0A56110B7577-SegmentedRaftLog:OPENED:c-1,f-1,i0, conf=-1: [2b77e794-d932-4db8-b050-374a0d299f29:192.168.164.236:43659, a98aee70-7acb-44b6-bef9-b88ed89af27b:192.168.164.236:41138, 3a90a425-9eed-407b-8462-185910563181:192.168.164.236:46749], old=null
2019-11-13 00:26:30,412 [3a90a425-9eed-407b-8462-185910563181@group-0A56110B7577-LeaderElection5] INFO  impl.RoleInfo (RoleInfo.java:shutdownLeaderElection(134)) - 3a90a425-9eed-407b-8462-185910563181: shutdown LeaderElection
2019-11-13 00:26:30,414 [3a90a425-9eed-407b-8462-185910563181@group-0A56110B7577-LeaderElection5] INFO  impl.RaftServerImpl (RaftServerImpl.java:setRole(173)) - 3a90a425-9eed-407b-8462-185910563181@group-0A56110B7577: changes role from CANDIDATE to LEADER at term 1 for changeToLeader
2019-11-13 00:26:30,414 [a98aee70-7acb-44b6-bef9-b88ed89af27b@group-0A56110B7577-LeaderElection6] INFO  impl.RaftServerImpl (RaftServerImpl.java:setRole(173)) - a98aee70-7acb-44b6-bef9-b88ed89af27b@group-0A56110B7577: changes role from CANDIDATE to FOLLOWER at term 1 for DISCOVERED_A_NEW_TERM
2019-11-13 00:26:30,415 [3a90a425-9eed-407b-8462-185910563181@group-0A56110B7577-LeaderElection5] INFO  ratis.XceiverServerRatis (XceiverServerRatis.java:handleLeaderChangedNotification(697)) - Leader change notification received for group: group-0A56110B7577 with new leaderId: 3a90a425-9eed-407b-8462-185910563181
2019-11-13 00:26:30,415 [a98aee70-7acb-44b6-bef9-b88ed89af27b@group-0A56110B7577-LeaderElection6] INFO  impl.RoleInfo (RoleInfo.java:shutdownLeaderElection(134)) - a98aee70-7acb-44b6-bef9-b88ed89af27b: shutdown LeaderElection
2019-11-13 00:26:30,416 [a98aee70-7acb-44b6-bef9-b88ed89af27b@group-0A56110B7577-LeaderElection6] INFO  impl.RoleInfo (RoleInfo.java:updateAndGet(143)) - a98aee70-7acb-44b6-bef9-b88ed89af27b: start FollowerState
2019-11-13 00:26:30,416 [3a90a425-9eed-407b-8462-185910563181@group-0A56110B7577-LeaderElection5] INFO  impl.RaftServerImpl (ServerState.java:setLeader(255)) - 3a90a425-9eed-407b-8462-185910563181@group-0A56110B7577: change Leader from null to 3a90a425-9eed-407b-8462-185910563181 at term 1 for becomeLeader, leader elected after 5074ms
2019-11-13 00:26:30,417 [3a90a425-9eed-407b-8462-185910563181@group-0A56110B7577-LeaderElection5] INFO  server.RaftServerConfigKeys (ConfUtils.java:logGet(43)) - raft.server.staging.catchup.gap = 1000 (default)
2019-11-13 00:26:30,417 [3a90a425-9eed-407b-8462-185910563181@group-0A56110B7577-LeaderElection5] INFO  server.RaftServerConfigKeys (ConfUtils.java:logGet(43)) - raft.server.rpc.sleep.time = 25ms (default)
2019-11-13 00:26:30,417 [3a90a425-9eed-407b-8462-185910563181@group-0A56110B7577-LeaderElection5] INFO  server.RaftServerConfigKeys (ConfUtils.java:logGet(43)) - raft.server.write.element-limit = 4096 (default)
2019-11-13 00:26:30,418 [3a90a425-9eed-407b-8462-185910563181@group-0A56110B7577-LeaderElection5] INFO  server.RaftServerConfigKeys (ConfUtils.java:logGet(43)) - raft.server.watch.timeout = 10s (default)
2019-11-13 00:26:30,418 [3a90a425-9eed-407b-8462-185910563181@group-0A56110B7577-LeaderElection5] INFO  server.RaftServerConfigKeys (ConfUtils.java:logGet(43)) - raft.server.watch.timeout.denomination = 1s (default)
2019-11-13 00:26:30,418 [3a90a425-9eed-407b-8462-185910563181@group-0A56110B7577-LeaderElection5] INFO  server.RaftServerConfigKeys (ConfUtils.java:logGet(43)) - raft.server.watch.element-limit = 65536 (default)
2019-11-13 00:26:30,418 [3a90a425-9eed-407b-8462-185910563181@group-0A56110B7577-LeaderElection5] INFO  server.RaftServerConfigKeys (ConfUtils.java:logGet(43)) - raft.server.log.appender.snapshot.chunk.size.max = 16MB (=16777216) (default)
2019-11-13 00:26:30,418 [3a90a425-9eed-407b-8462-185910563181@group-0A56110B7577-LeaderElection5] INFO  server.RaftServerConfigKeys (ConfUtils.java:logGet(43)) - raft.server.log.appender.buffer.byte-limit = 33554432 (custom)
2019-11-13 00:26:30,419 [3a90a425-9eed-407b-8462-185910563181@group-0A56110B7577-LeaderElection5] INFO  server.RaftServerConfigKeys (ConfUtils.java:logGet(43)) - raft.server.log.appender.buffer.element-limit = 1 (custom)
2019-11-13 00:26:30,419 [EventQueue-PipelineReportForPipelineReportHandler] INFO  pipeline.PipelineStateManager (PipelineStateManager.java:openPipeline(134)) - Pipeline Pipeline[ Id: 52e9028c-b6e8-4595-b76a-0a56110b7577, Nodes: a98aee70-7acb-44b6-bef9-b88ed89af27b{ip: 192.168.164.236, host: pr-hdds-2375-hvwjp-2869937553, networkLocation: /default-rack, certSerialId: null}2b77e794-d932-4db8-b050-374a0d299f29{ip: 192.168.164.236, host: pr-hdds-2375-hvwjp-2869937553, networkLocation: /default-rack, certSerialId: null}3a90a425-9eed-407b-8462-185910563181{ip: 192.168.164.236, host: pr-hdds-2375-hvwjp-2869937553, networkLocation: /default-rack, certSerialId: null}, Type:RATIS, Factor:THREE, State:OPEN] moved to OPEN state
2019-11-13 00:26:30,419 [3a90a425-9eed-407b-8462-185910563181@group-0A56110B7577-LeaderElection5] INFO  grpc.GrpcConfigKeys$Server (ConfUtils.java:logGet(43)) - raft.grpc.server.leader.outstanding.appends.max = 128 (default)
2019-11-13 00:26:30,420 [3a90a425-9eed-407b-8462-185910563181@group-0A56110B7577-LeaderElection5] INFO  server.RaftServerConfigKeys (ConfUtils.java:logGet(43)) - raft.server.rpc.request.timeout = 3000ms (default)
2019-11-13 00:26:30,420 [3a90a425-9eed-407b-8462-185910563181@group-0A56110B7577-LeaderElection5] INFO  server.RaftServerConfigKeys (ConfUtils.java:logGet(43)) - raft.server.log.appender.install.snapshot.enabled = false (custom)
2019-11-13 00:26:30,420 [3a90a425-9eed-407b-8462-185910563181@group-0A56110B7577-LeaderElection5] WARN  impl.MetricRegistriesImpl (MetricRegistriesImpl.java:lambda$create$1(61)) - First MetricRegistry has been created without registering reporters. You may need to call MetricRegistries.global().addReportRegistration(...) before.
2019-11-13 00:26:30,421 [3a90a425-9eed-407b-8462-185910563181@group-0A56110B7577-LeaderElection5] INFO  server.RaftServerConfigKeys (ConfUtils.java:logGet(43)) - raft.server.log.appender.snapshot.chunk.size.max = 16MB (=16777216) (default)
2019-11-13 00:26:30,421 [3a90a425-9eed-407b-8462-185910563181@group-0A56110B7577-LeaderElection5] INFO  server.RaftServerConfigKeys (ConfUtils.java:logGet(43)) - raft.server.log.appender.buffer.byte-limit = 33554432 (custom)
2019-11-13 00:26:30,421 [3a90a425-9eed-407b-8462-185910563181@group-0A56110B7577-LeaderElection5] INFO  server.RaftServerConfigKeys (ConfUtils.java:logGet(43)) - raft.server.log.appender.buffer.element-limit = 1 (custom)
2019-11-13 00:26:30,421 [3a90a425-9eed-407b-8462-185910563181@group-0A56110B7577-LeaderElection5] INFO  grpc.GrpcConfigKeys$Server (ConfUtils.java:logGet(43)) - raft.grpc.server.leader.outstanding.appends.max = 128 (default)
2019-11-13 00:26:30,421 [3a90a425-9eed-407b-8462-185910563181@group-0A56110B7577-LeaderElection5] INFO  server.RaftServerConfigKeys (ConfUtils.java:logGet(43)) - raft.server.rpc.request.timeout = 3000ms (default)
2019-11-13 00:26:30,421 [3a90a425-9eed-407b-8462-185910563181@group-0A56110B7577-LeaderElection5] INFO  server.RaftServerConfigKeys (ConfUtils.java:logGet(43)) - raft.server.log.appender.install.snapshot.enabled = false (custom)
2019-11-13 00:26:30,422 [3a90a425-9eed-407b-8462-185910563181@group-0A56110B7577-LeaderElection5] INFO  impl.RoleInfo (RoleInfo.java:updateAndGet(143)) - 3a90a425-9eed-407b-8462-185910563181: start LeaderState
2019-11-13 00:26:30,422 [3a90a425-9eed-407b-8462-185910563181@group-0A56110B7577-LeaderElection5] INFO  segmented.SegmentedRaftLogWorker (SegmentedRaftLogWorker.java:startLogSegment(385)) - 3a90a425-9eed-407b-8462-185910563181@group-0A56110B7577-SegmentedRaftLogWorker: Starting segment from index:0
2019-11-13 00:26:30,423 [3a90a425-9eed-407b-8462-185910563181@group-0A56110B7577-LeaderElection5] INFO  impl.RaftServerImpl (ServerState.java:setRaftConf(356)) - 3a90a425-9eed-407b-8462-185910563181@group-0A56110B7577: set configuration 0: [2b77e794-d932-4db8-b050-374a0d299f29:192.168.164.236:43659, a98aee70-7acb-44b6-bef9-b88ed89af27b:192.168.164.236:41138, 3a90a425-9eed-407b-8462-185910563181:192.168.164.236:46749], old=null at 0
2019-11-13 00:26:30,454 [grpc-default-executor-2] INFO  ratis.XceiverServerRatis (XceiverServerRatis.java:handleLeaderChangedNotification(697)) - Leader change notification received for group: group-0A56110B7577 with new leaderId: 3a90a425-9eed-407b-8462-185910563181
2019-11-13 00:26:30,455 [grpc-default-executor-2] INFO  impl.RaftServerImpl (ServerState.java:setLeader(255)) - 2b77e794-d932-4db8-b050-374a0d299f29@group-0A56110B7577: change Leader from null to 3a90a425-9eed-407b-8462-185910563181 at term 1 for appendEntries, leader elected after 5113ms
2019-11-13 00:26:30,455 [grpc-default-executor-3] INFO  ratis.XceiverServerRatis (XceiverServerRatis.java:handleLeaderChangedNotification(697)) - Leader change notification received for group: group-0A56110B7577 with new leaderId: 3a90a425-9eed-407b-8462-185910563181
2019-11-13 00:26:30,456 [grpc-default-executor-3] INFO  impl.RaftServerImpl (ServerState.java:setLeader(255)) - a98aee70-7acb-44b6-bef9-b88ed89af27b@group-0A56110B7577: change Leader from null to 3a90a425-9eed-407b-8462-185910563181 at term 1 for appendEntries, leader elected after 5115ms
2019-11-13 00:26:30,459 [grpc-default-executor-3] INFO  impl.RaftServerImpl (ServerState.java:setRaftConf(356)) - 2b77e794-d932-4db8-b050-374a0d299f29@group-0A56110B7577: set configuration 0: [2b77e794-d932-4db8-b050-374a0d299f29:192.168.164.236:43659, a98aee70-7acb-44b6-bef9-b88ed89af27b:192.168.164.236:41138, 3a90a425-9eed-407b-8462-185910563181:192.168.164.236:46749], old=null at 0
2019-11-13 00:26:30,459 [grpc-default-executor-3] INFO  segmented.SegmentedRaftLogWorker (SegmentedRaftLogWorker.java:startLogSegment(385)) - 2b77e794-d932-4db8-b050-374a0d299f29@group-0A56110B7577-SegmentedRaftLogWorker: Starting segment from index:0
2019-11-13 00:26:30,460 [grpc-default-executor-2] INFO  impl.RaftServerImpl (ServerState.java:setRaftConf(356)) - a98aee70-7acb-44b6-bef9-b88ed89af27b@group-0A56110B7577: set configuration 0: [2b77e794-d932-4db8-b050-374a0d299f29:192.168.164.236:43659, a98aee70-7acb-44b6-bef9-b88ed89af27b:192.168.164.236:41138, 3a90a425-9eed-407b-8462-185910563181:192.168.164.236:46749], old=null at 0
2019-11-13 00:26:30,460 [grpc-default-executor-2] INFO  segmented.SegmentedRaftLogWorker (SegmentedRaftLogWorker.java:startLogSegment(385)) - a98aee70-7acb-44b6-bef9-b88ed89af27b@group-0A56110B7577-SegmentedRaftLogWorker: Starting segment from index:0
2019-11-13 00:26:30,463 [3a90a425-9eed-407b-8462-185910563181@group-0A56110B7577-SegmentedRaftLogWorker] INFO  segmented.SegmentedRaftLogWorker (SegmentedRaftLogWorker.java:execute(576)) - 3a90a425-9eed-407b-8462-185910563181@group-0A56110B7577-SegmentedRaftLogWorker: created new log segment /workdir/hadoop-ozone/tools/target/test-dir/MiniOzoneClusterImpl-6e227885-a821-486c-968a-17dd64ddd23b/datanode-0/data/ratis/52e9028c-b6e8-4595-b76a-0a56110b7577/current/log_inprogress_0
2019-11-13 00:26:30,499 [a98aee70-7acb-44b6-bef9-b88ed89af27b@group-0A56110B7577-SegmentedRaftLogWorker] INFO  segmented.SegmentedRaftLogWorker (SegmentedRaftLogWorker.java:execute(576)) - a98aee70-7acb-44b6-bef9-b88ed89af27b@group-0A56110B7577-SegmentedRaftLogWorker: created new log segment /workdir/hadoop-ozone/tools/target/test-dir/MiniOzoneClusterImpl-6e227885-a821-486c-968a-17dd64ddd23b/datanode-1/data/ratis/52e9028c-b6e8-4595-b76a-0a56110b7577/current/log_inprogress_0
2019-11-13 00:26:30,499 [2b77e794-d932-4db8-b050-374a0d299f29@group-0A56110B7577-SegmentedRaftLogWorker] INFO  segmented.SegmentedRaftLogWorker (SegmentedRaftLogWorker.java:execute(576)) - 2b77e794-d932-4db8-b050-374a0d299f29@group-0A56110B7577-SegmentedRaftLogWorker: created new log segment /workdir/hadoop-ozone/tools/target/test-dir/MiniOzoneClusterImpl-6e227885-a821-486c-968a-17dd64ddd23b/datanode-2/data/ratis/52e9028c-b6e8-4595-b76a-0a56110b7577/current/log_inprogress_0
]]></system-out>
    <system-err><![CDATA[ERROR StatusLogger No Log4j 2 configuration file found. Using default configuration (logging only errors to the console), or user programmatically provided configurations. Set system property 'log4j2.debug' to show Log4j 2 internal initialization logging. See https://logging.apache.org/log4j/2.x/manual/configuration.html for instructions on how to configure Log4j 2
]]></system-err>
  </testcase>
</testsuite>