<?xml version="1.0" encoding="UTF-8"?>
<testsuite xmlns:xsi="http://www.w3.org/2001/XMLSchema-instance" xsi:noNamespaceSchemaLocation="https://maven.apache.org/surefire/maven-surefire-plugin/xsd/surefire-test-report.xsd" name="org.apache.hadoop.ozone.client.rpc.TestDeleteWithSlowFollower" time="137.6" tests="1" errors="0" skipped="0" failures="1">
  <properties>
    <property name="awt.toolkit" value="sun.awt.X11.XToolkit"/>
    <property name="file.encoding.pkg" value="sun.io"/>
    <property name="java.specification.version" value="1.8"/>
    <property name="sun.cpu.isalist" value=""/>
    <property name="sun.jnu.encoding" value="ANSI_X3.4-1968"/>
    <property name="java.class.path" value="/workdir/hadoop-ozone/integration-test/target/test-classes:/workdir/hadoop-ozone/integration-test/target/classes:/home/user/.m2/repository/org/apache/hadoop/hadoop-ozone-common/0.5.0-SNAPSHOT/hadoop-ozone-common-0.5.0-SNAPSHOT.jar:/home/user/.m2/repository/org/apache/commons/commons-compress/1.4.1/commons-compress-1.4.1.jar:/home/user/.m2/repository/org/tukaani/xz/1.0/xz-1.0.jar:/home/user/.m2/repository/org/apache/hadoop/hadoop-common/3.2.0/hadoop-common-3.2.0.jar:/home/user/.m2/repository/org/apache/hadoop/hadoop-hdfs/3.2.0/hadoop-hdfs-3.2.0.jar:/home/user/.m2/repository/org/apache/hadoop/hadoop-hdfs-client/3.2.0/hadoop-hdfs-client-3.2.0.jar:/home/user/.m2/repository/com/fasterxml/jackson/core/jackson-annotations/2.9.9/jackson-annotations-2.9.9.jar:/home/user/.m2/repository/org/apache/hadoop/hadoop-hdds-common/0.5.0-SNAPSHOT/hadoop-hdds-common-0.5.0-SNAPSHOT.jar:/home/user/.m2/repository/javax/annotation/javax.annotation-api/1.2/javax.annotation-api-1.2.jar:/home/user/.m2/repository/org/apache/ratis/ratis-server/0.5.0-ced7dbf-SNAPSHOT/ratis-server-0.5.0-ced7dbf-SNAPSHOT.jar:/home/user/.m2/repository/org/apache/ratis/ratis-thirdparty-misc/0.2.0/ratis-thirdparty-misc-0.2.0.jar:/home/user/.m2/repository/org/apache/ratis/ratis-proto/0.5.0-ced7dbf-SNAPSHOT/ratis-proto-0.5.0-ced7dbf-SNAPSHOT.jar:/home/user/.m2/repository/org/apache/ratis/ratis-common/0.5.0-ced7dbf-SNAPSHOT/ratis-common-0.5.0-ced7dbf-SNAPSHOT.jar:/home/user/.m2/repository/org/apache/ratis/ratis-client/0.5.0-ced7dbf-SNAPSHOT/ratis-client-0.5.0-ced7dbf-SNAPSHOT.jar:/home/user/.m2/repository/org/apache/ratis/ratis-metrics/0.5.0-ced7dbf-SNAPSHOT/ratis-metrics-0.5.0-ced7dbf-SNAPSHOT.jar:/home/user/.m2/repository/org/apache/ratis/ratis-netty/0.5.0-ced7dbf-SNAPSHOT/ratis-netty-0.5.0-ced7dbf-SNAPSHOT.jar:/home/user/.m2/repository/org/apache/ratis/ratis-grpc/0.5.0-ced7dbf-SNAPSHOT/ratis-grpc-0.5.0-ced7dbf-SNAPSHOT.jar:/home/user/.m2/repository/org/rocksdb/rocksdbjni/6.0.1/rocksdbjni-6.0.1.jar:/home/user/.m2/repository/org/apache/logging/log4j/log4j-api/2.11.0/log4j-api-2.11.0.jar:/home/user/.m2/repository/org/apache/logging/log4j/log4j-core/2.11.0/log4j-core-2.11.0.jar:/home/user/.m2/repository/com/lmax/disruptor/3.4.2/disruptor-3.4.2.jar:/home/user/.m2/repository/org/apache/commons/commons-pool2/2.6.0/commons-pool2-2.6.0.jar:/home/user/.m2/repository/org/bouncycastle/bcpkix-jdk15on/1.60/bcpkix-jdk15on-1.60.jar:/home/user/.m2/repository/commons-validator/commons-validator/1.6/commons-validator-1.6.jar:/home/user/.m2/repository/commons-digester/commons-digester/1.8.1/commons-digester-1.8.1.jar:/home/user/.m2/repository/io/jaegertracing/jaeger-client/0.34.0/jaeger-client-0.34.0.jar:/home/user/.m2/repository/io/jaegertracing/jaeger-thrift/0.34.0/jaeger-thrift-0.34.0.jar:/home/user/.m2/repository/org/apache/thrift/libthrift/0.12.0/libthrift-0.12.0.jar:/home/user/.m2/repository/com/squareup/okhttp3/okhttp/3.9.0/okhttp-3.9.0.jar:/home/user/.m2/repository/com/squareup/okio/okio/1.13.0/okio-1.13.0.jar:/home/user/.m2/repository/io/jaegertracing/jaeger-core/0.34.0/jaeger-core-0.34.0.jar:/home/user/.m2/repository/io/jaegertracing/jaeger-tracerresolver/0.34.0/jaeger-tracerresolver-0.34.0.jar:/home/user/.m2/repository/io/opentracing/contrib/opentracing-tracerresolver/0.1.5/opentracing-tracerresolver-0.1.5.jar:/home/user/.m2/repository/io/opentracing/opentracing-util/0.31.0/opentracing-util-0.31.0.jar:/home/user/.m2/repository/io/opentracing/opentracing-api/0.31.0/opentracing-api-0.31.0.jar:/home/user/.m2/repository/io/opentracing/opentracing-noop/0.31.0/opentracing-noop-0.31.0.jar:/home/user/.m2/repository/org/apache/hadoop/hadoop-hdds-server-framework/0.5.0-SNAPSHOT/hadoop-hdds-server-framework-0.5.0-SNAPSHOT.jar:/home/user/.m2/repository/org/apache/hadoop/hadoop-hdds-container-service/0.5.0-SNAPSHOT/hadoop-hdds-container-service-0.5.0-SNAPSHOT.jar:/home/user/.m2/repository/org/apache/hadoop/hadoop-hdds-client/0.5.0-SNAPSHOT/hadoop-hdds-client-0.5.0-SNAPSHOT.jar:/home/user/.m2/repository/org/apache/hadoop/hadoop-hdds-tools/0.5.0-SNAPSHOT/hadoop-hdds-tools-0.5.0-SNAPSHOT.jar:/home/user/.m2/repository/org/apache/hadoop/hadoop-hdds-server-scm/0.5.0-SNAPSHOT/hadoop-hdds-server-scm-0.5.0-SNAPSHOT.jar:/home/user/.m2/repository/org/apache/hadoop/hadoop-hdds-docs/0.5.0-SNAPSHOT/hadoop-hdds-docs-0.5.0-SNAPSHOT.jar:/home/user/.m2/repository/io/dropwizard/metrics/metrics-core/3.2.4/metrics-core-3.2.4.jar:/home/user/.m2/repository/org/hamcrest/hamcrest-all/1.3/hamcrest-all-1.3.jar:/home/user/.m2/repository/org/bouncycastle/bcprov-jdk15on/1.60/bcprov-jdk15on-1.60.jar:/home/user/.m2/repository/info/picocli/picocli/3.9.6/picocli-3.9.6.jar:/home/user/.m2/repository/com/google/protobuf/protobuf-java/2.5.0/protobuf-java-2.5.0.jar:/home/user/.m2/repository/com/google/guava/guava/11.0.2/guava-11.0.2.jar:/home/user/.m2/repository/org/apache/hadoop/hadoop-ozone-ozone-manager/0.5.0-SNAPSHOT/hadoop-ozone-ozone-manager-0.5.0-SNAPSHOT.jar:/home/user/.m2/repository/org/apache/hadoop/hadoop-minikdc/3.2.0/hadoop-minikdc-3.2.0.jar:/home/user/.m2/repository/commons-io/commons-io/2.5/commons-io-2.5.jar:/home/user/.m2/repository/org/apache/kerby/kerb-simplekdc/1.0.1/kerb-simplekdc-1.0.1.jar:/home/user/.m2/repository/org/apache/kerby/kerb-client/1.0.1/kerb-client-1.0.1.jar:/home/user/.m2/repository/org/apache/kerby/kerby-config/1.0.1/kerby-config-1.0.1.jar:/home/user/.m2/repository/org/apache/kerby/kerb-core/1.0.1/kerb-core-1.0.1.jar:/home/user/.m2/repository/org/apache/kerby/kerby-pkix/1.0.1/kerby-pkix-1.0.1.jar:/home/user/.m2/repository/org/apache/kerby/kerby-asn1/1.0.1/kerby-asn1-1.0.1.jar:/home/user/.m2/repository/org/apache/kerby/kerby-util/1.0.1/kerby-util-1.0.1.jar:/home/user/.m2/repository/org/apache/kerby/kerb-common/1.0.1/kerb-common-1.0.1.jar:/home/user/.m2/repository/org/apache/kerby/kerb-crypto/1.0.1/kerb-crypto-1.0.1.jar:/home/user/.m2/repository/org/apache/kerby/kerb-util/1.0.1/kerb-util-1.0.1.jar:/home/user/.m2/repository/org/apache/kerby/token-provider/1.0.1/token-provider-1.0.1.jar:/home/user/.m2/repository/org/apache/kerby/kerb-admin/1.0.1/kerb-admin-1.0.1.jar:/home/user/.m2/repository/org/apache/kerby/kerb-server/1.0.1/kerb-server-1.0.1.jar:/home/user/.m2/repository/org/apache/kerby/kerb-identity/1.0.1/kerb-identity-1.0.1.jar:/home/user/.m2/repository/org/apache/kerby/kerby-xdr/1.0.1/kerby-xdr-1.0.1.jar:/home/user/.m2/repository/org/slf4j/slf4j-log4j12/1.7.25/slf4j-log4j12-1.7.25.jar:/home/user/.m2/repository/org/apache/hadoop/hadoop-ozone-s3gateway/0.5.0-SNAPSHOT/hadoop-ozone-s3gateway-0.5.0-SNAPSHOT.jar:/home/user/.m2/repository/org/jboss/weld/servlet/weld-servlet/2.4.7.Final/weld-servlet-2.4.7.Final.jar:/home/user/.m2/repository/org/glassfish/jersey/containers/jersey-container-servlet-core/2.27/jersey-container-servlet-core-2.27.jar:/home/user/.m2/repository/org/glassfish/hk2/external/javax.inject/2.5.0-b42/javax.inject-2.5.0-b42.jar:/home/user/.m2/repository/org/glassfish/jersey/core/jersey-common/2.27/jersey-common-2.27.jar:/home/user/.m2/repository/org/glassfish/hk2/osgi-resource-locator/1.0.1/osgi-resource-locator-1.0.1.jar:/home/user/.m2/repository/javax/ws/rs/javax.ws.rs-api/2.1/javax.ws.rs-api-2.1.jar:/home/user/.m2/repository/org/glassfish/jersey/ext/cdi/jersey-cdi1x/2.27/jersey-cdi1x-2.27.jar:/home/user/.m2/repository/org/glassfish/jersey/inject/jersey-hk2/2.27/jersey-hk2-2.27.jar:/home/user/.m2/repository/org/glassfish/hk2/hk2-locator/2.5.0-b42/hk2-locator-2.5.0-b42.jar:/home/user/.m2/repository/org/javassist/javassist/3.22.0-CR2/javassist-3.22.0-CR2.jar:/home/user/.m2/repository/org/glassfish/hk2/hk2-api/2.5.0/hk2-api-2.5.0.jar:/home/user/.m2/repository/org/glassfish/hk2/external/jakarta.inject/2.5.0/jakarta.inject-2.5.0.jar:/home/user/.m2/repository/org/glassfish/hk2/hk2-utils/2.5.0/hk2-utils-2.5.0.jar:/home/user/.m2/repository/jakarta/annotation/jakarta.annotation-api/1.3.4/jakarta.annotation-api-1.3.4.jar:/home/user/.m2/repository/org/glassfish/hk2/external/aopalliance-repackaged/2.5.0/aopalliance-repackaged-2.5.0.jar:/home/user/.m2/repository/com/fasterxml/jackson/dataformat/jackson-dataformat-xml/2.9.0/jackson-dataformat-xml-2.9.0.jar:/home/user/.m2/repository/com/fasterxml/jackson/core/jackson-core/2.9.9/jackson-core-2.9.9.jar:/home/user/.m2/repository/com/fasterxml/jackson/module/jackson-module-jaxb-annotations/2.9.9/jackson-module-jaxb-annotations-2.9.9.jar:/home/user/.m2/repository/javax/enterprise/cdi-api/1.2/cdi-api-1.2.jar:/home/user/.m2/repository/javax/el/javax.el-api/3.0.0/javax.el-api-3.0.0.jar:/home/user/.m2/repository/javax/interceptor/javax.interceptor-api/1.2/javax.interceptor-api-1.2.jar:/home/user/.m2/repository/javax/inject/javax.inject/1/javax.inject-1.jar:/home/user/.m2/repository/com/sun/xml/bind/jaxb-impl/2.3.0.1/jaxb-impl-2.3.0.1.jar:/home/user/.m2/repository/com/sun/xml/bind/jaxb-core/2.3.0.1/jaxb-core-2.3.0.1.jar:/home/user/.m2/repository/javax/xml/bind/jaxb-api/2.3.0/jaxb-api-2.3.0.jar:/home/user/.m2/repository/javax/activation/activation/1.1.1/activation-1.1.1.jar:/home/user/.m2/repository/org/apache/hadoop/hadoop-ozone-csi/0.5.0-SNAPSHOT/hadoop-ozone-csi-0.5.0-SNAPSHOT.jar:/home/user/.m2/repository/com/google/protobuf/protobuf-java-util/3.5.1/protobuf-java-util-3.5.1.jar:/home/user/.m2/repository/org/apache/hadoop/hadoop-hdds-config/0.5.0-SNAPSHOT/hadoop-hdds-config-0.5.0-SNAPSHOT.jar:/home/user/.m2/repository/io/grpc/grpc-netty/1.17.1/grpc-netty-1.17.1.jar:/home/user/.m2/repository/io/grpc/grpc-core/1.17.1/grpc-core-1.17.1.jar:/home/user/.m2/repository/io/grpc/grpc-context/1.17.1/grpc-context-1.17.1.jar:/home/user/.m2/repository/com/google/errorprone/error_prone_annotations/2.2.0/error_prone_annotations-2.2.0.jar:/home/user/.m2/repository/org/codehaus/mojo/animal-sniffer-annotations/1.17/animal-sniffer-annotations-1.17.jar:/home/user/.m2/repository/io/opencensus/opencensus-api/0.17.0/opencensus-api-0.17.0.jar:/home/user/.m2/repository/io/opencensus/opencensus-contrib-grpc-metrics/0.17.0/opencensus-contrib-grpc-metrics-0.17.0.jar:/home/user/.m2/repository/io/netty/netty-codec-http2/4.1.30.Final/netty-codec-http2-4.1.30.Final.jar:/home/user/.m2/repository/io/netty/netty-codec-http/4.1.30.Final/netty-codec-http-4.1.30.Final.jar:/home/user/.m2/repository/io/netty/netty-codec/4.1.30.Final/netty-codec-4.1.30.Final.jar:/home/user/.m2/repository/io/netty/netty-handler/4.1.30.Final/netty-handler-4.1.30.Final.jar:/home/user/.m2/repository/io/netty/netty-handler-proxy/4.1.30.Final/netty-handler-proxy-4.1.30.Final.jar:/home/user/.m2/repository/io/netty/netty-codec-socks/4.1.30.Final/netty-codec-socks-4.1.30.Final.jar:/home/user/.m2/repository/io/netty/netty-transport-native-epoll/4.1.30.Final/netty-transport-native-epoll-4.1.30.Final.jar:/home/user/.m2/repository/io/netty/netty-common/4.1.30.Final/netty-common-4.1.30.Final.jar:/home/user/.m2/repository/io/netty/netty-buffer/4.1.30.Final/netty-buffer-4.1.30.Final.jar:/home/user/.m2/repository/io/netty/netty-transport/4.1.30.Final/netty-transport-4.1.30.Final.jar:/home/user/.m2/repository/io/netty/netty-resolver/4.1.30.Final/netty-resolver-4.1.30.Final.jar:/home/user/.m2/repository/io/netty/netty-transport-native-unix-common/4.1.30.Final/netty-transport-native-unix-common-4.1.30.Final.jar:/home/user/.m2/repository/io/grpc/grpc-protobuf/1.17.1/grpc-protobuf-1.17.1.jar:/home/user/.m2/repository/com/google/api/grpc/proto-google-common-protos/1.0.0/proto-google-common-protos-1.0.0.jar:/home/user/.m2/repository/io/grpc/grpc-protobuf-lite/1.17.1/grpc-protobuf-lite-1.17.1.jar:/home/user/.m2/repository/io/grpc/grpc-stub/1.17.1/grpc-stub-1.17.1.jar:/home/user/.m2/repository/org/apache/hadoop/hadoop-ozone-recon/0.5.0-SNAPSHOT/hadoop-ozone-recon-0.5.0-SNAPSHOT.jar:/home/user/.m2/repository/org/apache/hadoop/hadoop-ozone-reconcodegen/0.5.0-SNAPSHOT/hadoop-ozone-reconcodegen-0.5.0-SNAPSHOT.jar:/home/user/.m2/repository/com/google/inject/extensions/guice-multibindings/4.0/guice-multibindings-4.0.jar:/home/user/.m2/repository/com/google/inject/guice/4.0/guice-4.0.jar:/home/user/.m2/repository/aopalliance/aopalliance/1.0/aopalliance-1.0.jar:/home/user/.m2/repository/com/google/inject/extensions/guice-servlet/4.0/guice-servlet-4.0.jar:/home/user/.m2/repository/org/glassfish/jersey/containers/jersey-container-servlet/2.27/jersey-container-servlet-2.27.jar:/home/user/.m2/repository/org/glassfish/hk2/guice-bridge/2.5.0/guice-bridge-2.5.0.jar:/home/user/.m2/repository/org/glassfish/jersey/core/jersey-server/2.27/jersey-server-2.27.jar:/home/user/.m2/repository/org/glassfish/jersey/core/jersey-client/2.27/jersey-client-2.27.jar:/home/user/.m2/repository/org/glassfish/jersey/media/jersey-media-jaxb/2.27/jersey-media-jaxb-2.27.jar:/home/user/.m2/repository/javax/validation/validation-api/1.1.0.Final/validation-api-1.1.0.Final.jar:/home/user/.m2/repository/org/glassfish/jersey/media/jersey-media-json-jackson/2.27/jersey-media-json-jackson-2.27.jar:/home/user/.m2/repository/org/glassfish/jersey/ext/jersey-entity-filtering/2.27/jersey-entity-filtering-2.27.jar:/home/user/.m2/repository/com/google/inject/extensions/guice-assistedinject/4.0/guice-assistedinject-4.0.jar:/home/user/.m2/repository/org/jooq/jooq/3.11.10/jooq-3.11.10.jar:/home/user/.m2/repository/org/jooq/jooq-meta/3.11.10/jooq-meta-3.11.10.jar:/home/user/.m2/repository/org/jooq/jooq-codegen/3.11.10/jooq-codegen-3.11.10.jar:/home/user/.m2/repository/com/jolbox/bonecp/0.8.0.RELEASE/bonecp-0.8.0.RELEASE.jar:/home/user/.m2/repository/org/xerial/sqlite-jdbc/3.25.2/sqlite-jdbc-3.25.2.jar:/home/user/.m2/repository/org/springframework/spring-jdbc/5.1.3.RELEASE/spring-jdbc-5.1.3.RELEASE.jar:/home/user/.m2/repository/org/springframework/spring-beans/5.1.3.RELEASE/spring-beans-5.1.3.RELEASE.jar:/home/user/.m2/repository/org/springframework/spring-core/5.1.3.RELEASE/spring-core-5.1.3.RELEASE.jar:/home/user/.m2/repository/org/springframework/spring-jcl/5.1.3.RELEASE/spring-jcl-5.1.3.RELEASE.jar:/home/user/.m2/repository/org/springframework/spring-tx/5.1.3.RELEASE/spring-tx-5.1.3.RELEASE.jar:/home/user/.m2/repository/org/apache/hadoop/hadoop-ozone-client/0.5.0-SNAPSHOT/hadoop-ozone-client-0.5.0-SNAPSHOT.jar:/home/user/.m2/repository/commons-lang/commons-lang/2.6/commons-lang-2.6.jar:/home/user/.m2/repository/org/apache/hadoop/hadoop-ozone-ozone-manager/0.5.0-SNAPSHOT/hadoop-ozone-ozone-manager-0.5.0-SNAPSHOT-tests.jar:/home/user/.m2/repository/junit/junit/4.11/junit-4.11.jar:/home/user/.m2/repository/org/hamcrest/hamcrest-core/1.3/hamcrest-core-1.3.jar:/home/user/.m2/repository/org/openjdk/jmh/jmh-core/1.19/jmh-core-1.19.jar:/home/user/.m2/repository/net/sf/jopt-simple/jopt-simple/4.6/jopt-simple-4.6.jar:/home/user/.m2/repository/org/apache/commons/commons-math3/3.1.1/commons-math3-3.1.1.jar:/home/user/.m2/repository/org/openjdk/jmh/jmh-generator-annprocess/1.19/jmh-generator-annprocess-1.19.jar:/home/user/.m2/repository/org/mockito/mockito-all/1.8.5/mockito-all-1.8.5.jar:/home/user/.m2/repository/org/apache/hadoop/hadoop-kms/3.2.0/hadoop-kms-3.2.0.jar:/home/user/.m2/repository/org/apache/hadoop/hadoop-auth/3.2.0/hadoop-auth-3.2.0.jar:/home/user/.m2/repository/com/nimbusds/nimbus-jose-jwt/4.41.1/nimbus-jose-jwt-4.41.1.jar:/home/user/.m2/repository/com/github/stephenc/jcip/jcip-annotations/1.0-1/jcip-annotations-1.0-1.jar:/home/user/.m2/repository/net/minidev/json-smart/2.3/json-smart-2.3.jar:/home/user/.m2/repository/net/minidev/accessors-smart/1.2/accessors-smart-1.2.jar:/home/user/.m2/repository/org/ow2/asm/asm/5.0.4/asm-5.0.4.jar:/home/user/.m2/repository/org/apache/curator/curator-framework/2.12.0/curator-framework-2.12.0.jar:/home/user/.m2/repository/com/sun/jersey/jersey-core/1.19/jersey-core-1.19.jar:/home/user/.m2/repository/javax/ws/rs/jsr311-api/1.1.1/jsr311-api-1.1.1.jar:/home/user/.m2/repository/com/sun/jersey/jersey-server/1.19/jersey-server-1.19.jar:/home/user/.m2/repository/javax/servlet/javax.servlet-api/3.1.0/javax.servlet-api-3.1.0.jar:/home/user/.m2/repository/org/eclipse/jetty/jetty-server/9.3.25.v20180904/jetty-server-9.3.25.v20180904.jar:/home/user/.m2/repository/org/eclipse/jetty/jetty-http/9.3.25.v20180904/jetty-http-9.3.25.v20180904.jar:/home/user/.m2/repository/org/eclipse/jetty/jetty-io/9.3.25.v20180904/jetty-io-9.3.25.v20180904.jar:/home/user/.m2/repository/org/eclipse/jetty/jetty-webapp/9.3.25.v20180904/jetty-webapp-9.3.25.v20180904.jar:/home/user/.m2/repository/org/eclipse/jetty/jetty-xml/9.3.25.v20180904/jetty-xml-9.3.25.v20180904.jar:/home/user/.m2/repository/log4j/log4j/1.2.17/log4j-1.2.17.jar:/home/user/.m2/repository/org/slf4j/slf4j-api/1.7.25/slf4j-api-1.7.25.jar:/home/user/.m2/repository/org/slf4j/jul-to-slf4j/1.7.25/jul-to-slf4j-1.7.25.jar:/home/user/.m2/repository/org/eclipse/jetty/jetty-util/9.3.25.v20180904/jetty-util-9.3.25.v20180904.jar:/home/user/.m2/repository/com/fasterxml/jackson/core/jackson-databind/2.9.9/jackson-databind-2.9.9.jar:/home/user/.m2/repository/org/apache/hadoop/hadoop-kms/3.2.0/hadoop-kms-3.2.0-tests.jar:/home/user/.m2/repository/org/apache/hadoop/hadoop-hdds-server-scm/0.5.0-SNAPSHOT/hadoop-hdds-server-scm-0.5.0-SNAPSHOT-tests.jar:/home/user/.m2/repository/org/apache/hadoop/hadoop-hdds-container-service/0.5.0-SNAPSHOT/hadoop-hdds-container-service-0.5.0-SNAPSHOT-tests.jar:/home/user/.m2/repository/org/yaml/snakeyaml/1.16/snakeyaml-1.16.jar:/home/user/.m2/repository/org/apache/hadoop/hadoop-common/3.2.0/hadoop-common-3.2.0-tests.jar:/home/user/.m2/repository/org/apache/hadoop/hadoop-annotations/3.2.0/hadoop-annotations-3.2.0.jar:/usr/lib/jvm/java-1.8.0-openjdk-1.8.0.222.b10-1.el7_7.x86_64/jre/../lib/tools.jar:/home/user/.m2/repository/commons-cli/commons-cli/1.2/commons-cli-1.2.jar:/home/user/.m2/repository/org/apache/httpcomponents/httpclient/4.5.2/httpclient-4.5.2.jar:/home/user/.m2/repository/org/apache/httpcomponents/httpcore/4.4.4/httpcore-4.4.4.jar:/home/user/.m2/repository/commons-codec/commons-codec/1.11/commons-codec-1.11.jar:/home/user/.m2/repository/commons-net/commons-net/3.6/commons-net-3.6.jar:/home/user/.m2/repository/commons-collections/commons-collections/3.2.2/commons-collections-3.2.2.jar:/home/user/.m2/repository/org/eclipse/jetty/jetty-servlet/9.3.25.v20180904/jetty-servlet-9.3.25.v20180904.jar:/home/user/.m2/repository/org/eclipse/jetty/jetty-security/9.3.25.v20180904/jetty-security-9.3.25.v20180904.jar:/home/user/.m2/repository/javax/servlet/jsp/jsp-api/2.1/jsp-api-2.1.jar:/home/user/.m2/repository/com/sun/jersey/jersey-servlet/1.19/jersey-servlet-1.19.jar:/home/user/.m2/repository/com/sun/jersey/jersey-json/1.19/jersey-json-1.19.jar:/home/user/.m2/repository/org/codehaus/jettison/jettison/1.1/jettison-1.1.jar:/home/user/.m2/repository/org/codehaus/jackson/jackson-core-asl/1.9.13/jackson-core-asl-1.9.13.jar:/home/user/.m2/repository/org/codehaus/jackson/jackson-mapper-asl/1.9.13/jackson-mapper-asl-1.9.13.jar:/home/user/.m2/repository/org/codehaus/jackson/jackson-jaxrs/1.9.13/jackson-jaxrs-1.9.13.jar:/home/user/.m2/repository/org/codehaus/jackson/jackson-xc/1.9.13/jackson-xc-1.9.13.jar:/home/user/.m2/repository/commons-logging/commons-logging/1.1.3/commons-logging-1.1.3.jar:/home/user/.m2/repository/commons-beanutils/commons-beanutils/1.9.4/commons-beanutils-1.9.4.jar:/home/user/.m2/repository/org/apache/commons/commons-configuration2/2.1.1/commons-configuration2-2.1.1.jar:/home/user/.m2/repository/org/apache/commons/commons-lang3/3.7/commons-lang3-3.7.jar:/home/user/.m2/repository/org/apache/commons/commons-text/1.4/commons-text-1.4.jar:/home/user/.m2/repository/org/apache/avro/avro/1.7.7/avro-1.7.7.jar:/home/user/.m2/repository/com/thoughtworks/paranamer/paranamer/2.3/paranamer-2.3.jar:/home/user/.m2/repository/org/xerial/snappy/snappy-java/1.0.5/snappy-java-1.0.5.jar:/home/user/.m2/repository/com/google/re2j/re2j/1.1/re2j-1.1.jar:/home/user/.m2/repository/com/google/code/gson/gson/2.2.4/gson-2.2.4.jar:/home/user/.m2/repository/com/jcraft/jsch/0.1.54/jsch-0.1.54.jar:/home/user/.m2/repository/org/apache/curator/curator-client/2.12.0/curator-client-2.12.0.jar:/home/user/.m2/repository/org/apache/curator/curator-recipes/2.12.0/curator-recipes-2.12.0.jar:/home/user/.m2/repository/com/google/code/findbugs/jsr305/3.0.0/jsr305-3.0.0.jar:/home/user/.m2/repository/org/apache/htrace/htrace-core4/4.1.0-incubating/htrace-core4-4.1.0-incubating.jar:/home/user/.m2/repository/org/apache/zookeeper/zookeeper/3.4.13/zookeeper-3.4.13.jar:/home/user/.m2/repository/jline/jline/0.9.94/jline-0.9.94.jar:/home/user/.m2/repository/org/apache/yetus/audience-annotations/0.5.0/audience-annotations-0.5.0.jar:/home/user/.m2/repository/org/codehaus/woodstox/stax2-api/3.1.4/stax2-api-3.1.4.jar:/home/user/.m2/repository/com/fasterxml/woodstox/woodstox-core/5.0.3/woodstox-core-5.0.3.jar:/home/user/.m2/repository/dnsjava/dnsjava/2.1.7/dnsjava-2.1.7.jar:/home/user/.m2/repository/org/apache/hadoop/hadoop-hdfs/3.2.0/hadoop-hdfs-3.2.0-tests.jar:/home/user/.m2/repository/org/eclipse/jetty/jetty-util-ajax/9.3.25.v20180904/jetty-util-ajax-9.3.25.v20180904.jar:/home/user/.m2/repository/commons-daemon/commons-daemon/1.0.13/commons-daemon-1.0.13.jar:/home/user/.m2/repository/io/netty/netty/3.10.5.Final/netty-3.10.5.Final.jar:/home/user/.m2/repository/io/netty/netty-all/4.0.52.Final/netty-all-4.0.52.Final.jar:/home/user/.m2/repository/org/fusesource/leveldbjni/leveldbjni-all/1.8/leveldbjni-all-1.8.jar:"/>
    <property name="java.vm.vendor" value="Oracle Corporation"/>
    <property name="sun.arch.data.model" value="64"/>
    <property name="test.build.dir" value="/workdir/hadoop-ozone/integration-test/target/test-dir"/>
    <property name="test.cache.data" value=""/>
    <property name="java.vendor.url" value="http://java.oracle.com/"/>
    <property name="user.timezone" value=""/>
    <property name="java.vm.specification.version" value="1.8"/>
    <property name="os.name" value="Linux"/>
    <property name="test.build.data" value="/workdir/hadoop-ozone/integration-test/target/test-dir"/>
    <property name="user.country" value="US"/>
    <property name="sun.java.launcher" value="SUN_STANDARD"/>
    <property name="sun.boot.library.path" value="/usr/lib/jvm/java-1.8.0-openjdk-1.8.0.222.b10-1.el7_7.x86_64/jre/lib/amd64"/>
    <property name="sun.java.command" value="/workdir/hadoop-ozone/integration-test/target/surefire/surefirebooter2301961835715537932.jar /workdir/hadoop-ozone/integration-test/target/surefire 2019-10-31T17-00-43_051-jvmRun1 surefire3454186137317526521tmp surefire_488475857251732342272tmp"/>
    <property name="surefire.test.class.path" value="/workdir/hadoop-ozone/integration-test/target/test-classes:/workdir/hadoop-ozone/integration-test/target/classes:/home/user/.m2/repository/org/apache/hadoop/hadoop-ozone-common/0.5.0-SNAPSHOT/hadoop-ozone-common-0.5.0-SNAPSHOT.jar:/home/user/.m2/repository/org/apache/commons/commons-compress/1.4.1/commons-compress-1.4.1.jar:/home/user/.m2/repository/org/tukaani/xz/1.0/xz-1.0.jar:/home/user/.m2/repository/org/apache/hadoop/hadoop-common/3.2.0/hadoop-common-3.2.0.jar:/home/user/.m2/repository/org/apache/hadoop/hadoop-hdfs/3.2.0/hadoop-hdfs-3.2.0.jar:/home/user/.m2/repository/org/apache/hadoop/hadoop-hdfs-client/3.2.0/hadoop-hdfs-client-3.2.0.jar:/home/user/.m2/repository/com/fasterxml/jackson/core/jackson-annotations/2.9.9/jackson-annotations-2.9.9.jar:/home/user/.m2/repository/org/apache/hadoop/hadoop-hdds-common/0.5.0-SNAPSHOT/hadoop-hdds-common-0.5.0-SNAPSHOT.jar:/home/user/.m2/repository/javax/annotation/javax.annotation-api/1.2/javax.annotation-api-1.2.jar:/home/user/.m2/repository/org/apache/ratis/ratis-server/0.5.0-ced7dbf-SNAPSHOT/ratis-server-0.5.0-ced7dbf-SNAPSHOT.jar:/home/user/.m2/repository/org/apache/ratis/ratis-thirdparty-misc/0.2.0/ratis-thirdparty-misc-0.2.0.jar:/home/user/.m2/repository/org/apache/ratis/ratis-proto/0.5.0-ced7dbf-SNAPSHOT/ratis-proto-0.5.0-ced7dbf-SNAPSHOT.jar:/home/user/.m2/repository/org/apache/ratis/ratis-common/0.5.0-ced7dbf-SNAPSHOT/ratis-common-0.5.0-ced7dbf-SNAPSHOT.jar:/home/user/.m2/repository/org/apache/ratis/ratis-client/0.5.0-ced7dbf-SNAPSHOT/ratis-client-0.5.0-ced7dbf-SNAPSHOT.jar:/home/user/.m2/repository/org/apache/ratis/ratis-metrics/0.5.0-ced7dbf-SNAPSHOT/ratis-metrics-0.5.0-ced7dbf-SNAPSHOT.jar:/home/user/.m2/repository/org/apache/ratis/ratis-netty/0.5.0-ced7dbf-SNAPSHOT/ratis-netty-0.5.0-ced7dbf-SNAPSHOT.jar:/home/user/.m2/repository/org/apache/ratis/ratis-grpc/0.5.0-ced7dbf-SNAPSHOT/ratis-grpc-0.5.0-ced7dbf-SNAPSHOT.jar:/home/user/.m2/repository/org/rocksdb/rocksdbjni/6.0.1/rocksdbjni-6.0.1.jar:/home/user/.m2/repository/org/apache/logging/log4j/log4j-api/2.11.0/log4j-api-2.11.0.jar:/home/user/.m2/repository/org/apache/logging/log4j/log4j-core/2.11.0/log4j-core-2.11.0.jar:/home/user/.m2/repository/com/lmax/disruptor/3.4.2/disruptor-3.4.2.jar:/home/user/.m2/repository/org/apache/commons/commons-pool2/2.6.0/commons-pool2-2.6.0.jar:/home/user/.m2/repository/org/bouncycastle/bcpkix-jdk15on/1.60/bcpkix-jdk15on-1.60.jar:/home/user/.m2/repository/commons-validator/commons-validator/1.6/commons-validator-1.6.jar:/home/user/.m2/repository/commons-digester/commons-digester/1.8.1/commons-digester-1.8.1.jar:/home/user/.m2/repository/io/jaegertracing/jaeger-client/0.34.0/jaeger-client-0.34.0.jar:/home/user/.m2/repository/io/jaegertracing/jaeger-thrift/0.34.0/jaeger-thrift-0.34.0.jar:/home/user/.m2/repository/org/apache/thrift/libthrift/0.12.0/libthrift-0.12.0.jar:/home/user/.m2/repository/com/squareup/okhttp3/okhttp/3.9.0/okhttp-3.9.0.jar:/home/user/.m2/repository/com/squareup/okio/okio/1.13.0/okio-1.13.0.jar:/home/user/.m2/repository/io/jaegertracing/jaeger-core/0.34.0/jaeger-core-0.34.0.jar:/home/user/.m2/repository/io/jaegertracing/jaeger-tracerresolver/0.34.0/jaeger-tracerresolver-0.34.0.jar:/home/user/.m2/repository/io/opentracing/contrib/opentracing-tracerresolver/0.1.5/opentracing-tracerresolver-0.1.5.jar:/home/user/.m2/repository/io/opentracing/opentracing-util/0.31.0/opentracing-util-0.31.0.jar:/home/user/.m2/repository/io/opentracing/opentracing-api/0.31.0/opentracing-api-0.31.0.jar:/home/user/.m2/repository/io/opentracing/opentracing-noop/0.31.0/opentracing-noop-0.31.0.jar:/home/user/.m2/repository/org/apache/hadoop/hadoop-hdds-server-framework/0.5.0-SNAPSHOT/hadoop-hdds-server-framework-0.5.0-SNAPSHOT.jar:/home/user/.m2/repository/org/apache/hadoop/hadoop-hdds-container-service/0.5.0-SNAPSHOT/hadoop-hdds-container-service-0.5.0-SNAPSHOT.jar:/home/user/.m2/repository/org/apache/hadoop/hadoop-hdds-client/0.5.0-SNAPSHOT/hadoop-hdds-client-0.5.0-SNAPSHOT.jar:/home/user/.m2/repository/org/apache/hadoop/hadoop-hdds-tools/0.5.0-SNAPSHOT/hadoop-hdds-tools-0.5.0-SNAPSHOT.jar:/home/user/.m2/repository/org/apache/hadoop/hadoop-hdds-server-scm/0.5.0-SNAPSHOT/hadoop-hdds-server-scm-0.5.0-SNAPSHOT.jar:/home/user/.m2/repository/org/apache/hadoop/hadoop-hdds-docs/0.5.0-SNAPSHOT/hadoop-hdds-docs-0.5.0-SNAPSHOT.jar:/home/user/.m2/repository/io/dropwizard/metrics/metrics-core/3.2.4/metrics-core-3.2.4.jar:/home/user/.m2/repository/org/hamcrest/hamcrest-all/1.3/hamcrest-all-1.3.jar:/home/user/.m2/repository/org/bouncycastle/bcprov-jdk15on/1.60/bcprov-jdk15on-1.60.jar:/home/user/.m2/repository/info/picocli/picocli/3.9.6/picocli-3.9.6.jar:/home/user/.m2/repository/com/google/protobuf/protobuf-java/2.5.0/protobuf-java-2.5.0.jar:/home/user/.m2/repository/com/google/guava/guava/11.0.2/guava-11.0.2.jar:/home/user/.m2/repository/org/apache/hadoop/hadoop-ozone-ozone-manager/0.5.0-SNAPSHOT/hadoop-ozone-ozone-manager-0.5.0-SNAPSHOT.jar:/home/user/.m2/repository/org/apache/hadoop/hadoop-minikdc/3.2.0/hadoop-minikdc-3.2.0.jar:/home/user/.m2/repository/commons-io/commons-io/2.5/commons-io-2.5.jar:/home/user/.m2/repository/org/apache/kerby/kerb-simplekdc/1.0.1/kerb-simplekdc-1.0.1.jar:/home/user/.m2/repository/org/apache/kerby/kerb-client/1.0.1/kerb-client-1.0.1.jar:/home/user/.m2/repository/org/apache/kerby/kerby-config/1.0.1/kerby-config-1.0.1.jar:/home/user/.m2/repository/org/apache/kerby/kerb-core/1.0.1/kerb-core-1.0.1.jar:/home/user/.m2/repository/org/apache/kerby/kerby-pkix/1.0.1/kerby-pkix-1.0.1.jar:/home/user/.m2/repository/org/apache/kerby/kerby-asn1/1.0.1/kerby-asn1-1.0.1.jar:/home/user/.m2/repository/org/apache/kerby/kerby-util/1.0.1/kerby-util-1.0.1.jar:/home/user/.m2/repository/org/apache/kerby/kerb-common/1.0.1/kerb-common-1.0.1.jar:/home/user/.m2/repository/org/apache/kerby/kerb-crypto/1.0.1/kerb-crypto-1.0.1.jar:/home/user/.m2/repository/org/apache/kerby/kerb-util/1.0.1/kerb-util-1.0.1.jar:/home/user/.m2/repository/org/apache/kerby/token-provider/1.0.1/token-provider-1.0.1.jar:/home/user/.m2/repository/org/apache/kerby/kerb-admin/1.0.1/kerb-admin-1.0.1.jar:/home/user/.m2/repository/org/apache/kerby/kerb-server/1.0.1/kerb-server-1.0.1.jar:/home/user/.m2/repository/org/apache/kerby/kerb-identity/1.0.1/kerb-identity-1.0.1.jar:/home/user/.m2/repository/org/apache/kerby/kerby-xdr/1.0.1/kerby-xdr-1.0.1.jar:/home/user/.m2/repository/org/slf4j/slf4j-log4j12/1.7.25/slf4j-log4j12-1.7.25.jar:/home/user/.m2/repository/org/apache/hadoop/hadoop-ozone-s3gateway/0.5.0-SNAPSHOT/hadoop-ozone-s3gateway-0.5.0-SNAPSHOT.jar:/home/user/.m2/repository/org/jboss/weld/servlet/weld-servlet/2.4.7.Final/weld-servlet-2.4.7.Final.jar:/home/user/.m2/repository/org/glassfish/jersey/containers/jersey-container-servlet-core/2.27/jersey-container-servlet-core-2.27.jar:/home/user/.m2/repository/org/glassfish/hk2/external/javax.inject/2.5.0-b42/javax.inject-2.5.0-b42.jar:/home/user/.m2/repository/org/glassfish/jersey/core/jersey-common/2.27/jersey-common-2.27.jar:/home/user/.m2/repository/org/glassfish/hk2/osgi-resource-locator/1.0.1/osgi-resource-locator-1.0.1.jar:/home/user/.m2/repository/javax/ws/rs/javax.ws.rs-api/2.1/javax.ws.rs-api-2.1.jar:/home/user/.m2/repository/org/glassfish/jersey/ext/cdi/jersey-cdi1x/2.27/jersey-cdi1x-2.27.jar:/home/user/.m2/repository/org/glassfish/jersey/inject/jersey-hk2/2.27/jersey-hk2-2.27.jar:/home/user/.m2/repository/org/glassfish/hk2/hk2-locator/2.5.0-b42/hk2-locator-2.5.0-b42.jar:/home/user/.m2/repository/org/javassist/javassist/3.22.0-CR2/javassist-3.22.0-CR2.jar:/home/user/.m2/repository/org/glassfish/hk2/hk2-api/2.5.0/hk2-api-2.5.0.jar:/home/user/.m2/repository/org/glassfish/hk2/external/jakarta.inject/2.5.0/jakarta.inject-2.5.0.jar:/home/user/.m2/repository/org/glassfish/hk2/hk2-utils/2.5.0/hk2-utils-2.5.0.jar:/home/user/.m2/repository/jakarta/annotation/jakarta.annotation-api/1.3.4/jakarta.annotation-api-1.3.4.jar:/home/user/.m2/repository/org/glassfish/hk2/external/aopalliance-repackaged/2.5.0/aopalliance-repackaged-2.5.0.jar:/home/user/.m2/repository/com/fasterxml/jackson/dataformat/jackson-dataformat-xml/2.9.0/jackson-dataformat-xml-2.9.0.jar:/home/user/.m2/repository/com/fasterxml/jackson/core/jackson-core/2.9.9/jackson-core-2.9.9.jar:/home/user/.m2/repository/com/fasterxml/jackson/module/jackson-module-jaxb-annotations/2.9.9/jackson-module-jaxb-annotations-2.9.9.jar:/home/user/.m2/repository/javax/enterprise/cdi-api/1.2/cdi-api-1.2.jar:/home/user/.m2/repository/javax/el/javax.el-api/3.0.0/javax.el-api-3.0.0.jar:/home/user/.m2/repository/javax/interceptor/javax.interceptor-api/1.2/javax.interceptor-api-1.2.jar:/home/user/.m2/repository/javax/inject/javax.inject/1/javax.inject-1.jar:/home/user/.m2/repository/com/sun/xml/bind/jaxb-impl/2.3.0.1/jaxb-impl-2.3.0.1.jar:/home/user/.m2/repository/com/sun/xml/bind/jaxb-core/2.3.0.1/jaxb-core-2.3.0.1.jar:/home/user/.m2/repository/javax/xml/bind/jaxb-api/2.3.0/jaxb-api-2.3.0.jar:/home/user/.m2/repository/javax/activation/activation/1.1.1/activation-1.1.1.jar:/home/user/.m2/repository/org/apache/hadoop/hadoop-ozone-csi/0.5.0-SNAPSHOT/hadoop-ozone-csi-0.5.0-SNAPSHOT.jar:/home/user/.m2/repository/com/google/protobuf/protobuf-java-util/3.5.1/protobuf-java-util-3.5.1.jar:/home/user/.m2/repository/org/apache/hadoop/hadoop-hdds-config/0.5.0-SNAPSHOT/hadoop-hdds-config-0.5.0-SNAPSHOT.jar:/home/user/.m2/repository/io/grpc/grpc-netty/1.17.1/grpc-netty-1.17.1.jar:/home/user/.m2/repository/io/grpc/grpc-core/1.17.1/grpc-core-1.17.1.jar:/home/user/.m2/repository/io/grpc/grpc-context/1.17.1/grpc-context-1.17.1.jar:/home/user/.m2/repository/com/google/errorprone/error_prone_annotations/2.2.0/error_prone_annotations-2.2.0.jar:/home/user/.m2/repository/org/codehaus/mojo/animal-sniffer-annotations/1.17/animal-sniffer-annotations-1.17.jar:/home/user/.m2/repository/io/opencensus/opencensus-api/0.17.0/opencensus-api-0.17.0.jar:/home/user/.m2/repository/io/opencensus/opencensus-contrib-grpc-metrics/0.17.0/opencensus-contrib-grpc-metrics-0.17.0.jar:/home/user/.m2/repository/io/netty/netty-codec-http2/4.1.30.Final/netty-codec-http2-4.1.30.Final.jar:/home/user/.m2/repository/io/netty/netty-codec-http/4.1.30.Final/netty-codec-http-4.1.30.Final.jar:/home/user/.m2/repository/io/netty/netty-codec/4.1.30.Final/netty-codec-4.1.30.Final.jar:/home/user/.m2/repository/io/netty/netty-handler/4.1.30.Final/netty-handler-4.1.30.Final.jar:/home/user/.m2/repository/io/netty/netty-handler-proxy/4.1.30.Final/netty-handler-proxy-4.1.30.Final.jar:/home/user/.m2/repository/io/netty/netty-codec-socks/4.1.30.Final/netty-codec-socks-4.1.30.Final.jar:/home/user/.m2/repository/io/netty/netty-transport-native-epoll/4.1.30.Final/netty-transport-native-epoll-4.1.30.Final.jar:/home/user/.m2/repository/io/netty/netty-common/4.1.30.Final/netty-common-4.1.30.Final.jar:/home/user/.m2/repository/io/netty/netty-buffer/4.1.30.Final/netty-buffer-4.1.30.Final.jar:/home/user/.m2/repository/io/netty/netty-transport/4.1.30.Final/netty-transport-4.1.30.Final.jar:/home/user/.m2/repository/io/netty/netty-resolver/4.1.30.Final/netty-resolver-4.1.30.Final.jar:/home/user/.m2/repository/io/netty/netty-transport-native-unix-common/4.1.30.Final/netty-transport-native-unix-common-4.1.30.Final.jar:/home/user/.m2/repository/io/grpc/grpc-protobuf/1.17.1/grpc-protobuf-1.17.1.jar:/home/user/.m2/repository/com/google/api/grpc/proto-google-common-protos/1.0.0/proto-google-common-protos-1.0.0.jar:/home/user/.m2/repository/io/grpc/grpc-protobuf-lite/1.17.1/grpc-protobuf-lite-1.17.1.jar:/home/user/.m2/repository/io/grpc/grpc-stub/1.17.1/grpc-stub-1.17.1.jar:/home/user/.m2/repository/org/apache/hadoop/hadoop-ozone-recon/0.5.0-SNAPSHOT/hadoop-ozone-recon-0.5.0-SNAPSHOT.jar:/home/user/.m2/repository/org/apache/hadoop/hadoop-ozone-reconcodegen/0.5.0-SNAPSHOT/hadoop-ozone-reconcodegen-0.5.0-SNAPSHOT.jar:/home/user/.m2/repository/com/google/inject/extensions/guice-multibindings/4.0/guice-multibindings-4.0.jar:/home/user/.m2/repository/com/google/inject/guice/4.0/guice-4.0.jar:/home/user/.m2/repository/aopalliance/aopalliance/1.0/aopalliance-1.0.jar:/home/user/.m2/repository/com/google/inject/extensions/guice-servlet/4.0/guice-servlet-4.0.jar:/home/user/.m2/repository/org/glassfish/jersey/containers/jersey-container-servlet/2.27/jersey-container-servlet-2.27.jar:/home/user/.m2/repository/org/glassfish/hk2/guice-bridge/2.5.0/guice-bridge-2.5.0.jar:/home/user/.m2/repository/org/glassfish/jersey/core/jersey-server/2.27/jersey-server-2.27.jar:/home/user/.m2/repository/org/glassfish/jersey/core/jersey-client/2.27/jersey-client-2.27.jar:/home/user/.m2/repository/org/glassfish/jersey/media/jersey-media-jaxb/2.27/jersey-media-jaxb-2.27.jar:/home/user/.m2/repository/javax/validation/validation-api/1.1.0.Final/validation-api-1.1.0.Final.jar:/home/user/.m2/repository/org/glassfish/jersey/media/jersey-media-json-jackson/2.27/jersey-media-json-jackson-2.27.jar:/home/user/.m2/repository/org/glassfish/jersey/ext/jersey-entity-filtering/2.27/jersey-entity-filtering-2.27.jar:/home/user/.m2/repository/com/google/inject/extensions/guice-assistedinject/4.0/guice-assistedinject-4.0.jar:/home/user/.m2/repository/org/jooq/jooq/3.11.10/jooq-3.11.10.jar:/home/user/.m2/repository/org/jooq/jooq-meta/3.11.10/jooq-meta-3.11.10.jar:/home/user/.m2/repository/org/jooq/jooq-codegen/3.11.10/jooq-codegen-3.11.10.jar:/home/user/.m2/repository/com/jolbox/bonecp/0.8.0.RELEASE/bonecp-0.8.0.RELEASE.jar:/home/user/.m2/repository/org/xerial/sqlite-jdbc/3.25.2/sqlite-jdbc-3.25.2.jar:/home/user/.m2/repository/org/springframework/spring-jdbc/5.1.3.RELEASE/spring-jdbc-5.1.3.RELEASE.jar:/home/user/.m2/repository/org/springframework/spring-beans/5.1.3.RELEASE/spring-beans-5.1.3.RELEASE.jar:/home/user/.m2/repository/org/springframework/spring-core/5.1.3.RELEASE/spring-core-5.1.3.RELEASE.jar:/home/user/.m2/repository/org/springframework/spring-jcl/5.1.3.RELEASE/spring-jcl-5.1.3.RELEASE.jar:/home/user/.m2/repository/org/springframework/spring-tx/5.1.3.RELEASE/spring-tx-5.1.3.RELEASE.jar:/home/user/.m2/repository/org/apache/hadoop/hadoop-ozone-client/0.5.0-SNAPSHOT/hadoop-ozone-client-0.5.0-SNAPSHOT.jar:/home/user/.m2/repository/commons-lang/commons-lang/2.6/commons-lang-2.6.jar:/home/user/.m2/repository/org/apache/hadoop/hadoop-ozone-ozone-manager/0.5.0-SNAPSHOT/hadoop-ozone-ozone-manager-0.5.0-SNAPSHOT-tests.jar:/home/user/.m2/repository/junit/junit/4.11/junit-4.11.jar:/home/user/.m2/repository/org/hamcrest/hamcrest-core/1.3/hamcrest-core-1.3.jar:/home/user/.m2/repository/org/openjdk/jmh/jmh-core/1.19/jmh-core-1.19.jar:/home/user/.m2/repository/net/sf/jopt-simple/jopt-simple/4.6/jopt-simple-4.6.jar:/home/user/.m2/repository/org/apache/commons/commons-math3/3.1.1/commons-math3-3.1.1.jar:/home/user/.m2/repository/org/openjdk/jmh/jmh-generator-annprocess/1.19/jmh-generator-annprocess-1.19.jar:/home/user/.m2/repository/org/mockito/mockito-all/1.8.5/mockito-all-1.8.5.jar:/home/user/.m2/repository/org/apache/hadoop/hadoop-kms/3.2.0/hadoop-kms-3.2.0.jar:/home/user/.m2/repository/org/apache/hadoop/hadoop-auth/3.2.0/hadoop-auth-3.2.0.jar:/home/user/.m2/repository/com/nimbusds/nimbus-jose-jwt/4.41.1/nimbus-jose-jwt-4.41.1.jar:/home/user/.m2/repository/com/github/stephenc/jcip/jcip-annotations/1.0-1/jcip-annotations-1.0-1.jar:/home/user/.m2/repository/net/minidev/json-smart/2.3/json-smart-2.3.jar:/home/user/.m2/repository/net/minidev/accessors-smart/1.2/accessors-smart-1.2.jar:/home/user/.m2/repository/org/ow2/asm/asm/5.0.4/asm-5.0.4.jar:/home/user/.m2/repository/org/apache/curator/curator-framework/2.12.0/curator-framework-2.12.0.jar:/home/user/.m2/repository/com/sun/jersey/jersey-core/1.19/jersey-core-1.19.jar:/home/user/.m2/repository/javax/ws/rs/jsr311-api/1.1.1/jsr311-api-1.1.1.jar:/home/user/.m2/repository/com/sun/jersey/jersey-server/1.19/jersey-server-1.19.jar:/home/user/.m2/repository/javax/servlet/javax.servlet-api/3.1.0/javax.servlet-api-3.1.0.jar:/home/user/.m2/repository/org/eclipse/jetty/jetty-server/9.3.25.v20180904/jetty-server-9.3.25.v20180904.jar:/home/user/.m2/repository/org/eclipse/jetty/jetty-http/9.3.25.v20180904/jetty-http-9.3.25.v20180904.jar:/home/user/.m2/repository/org/eclipse/jetty/jetty-io/9.3.25.v20180904/jetty-io-9.3.25.v20180904.jar:/home/user/.m2/repository/org/eclipse/jetty/jetty-webapp/9.3.25.v20180904/jetty-webapp-9.3.25.v20180904.jar:/home/user/.m2/repository/org/eclipse/jetty/jetty-xml/9.3.25.v20180904/jetty-xml-9.3.25.v20180904.jar:/home/user/.m2/repository/log4j/log4j/1.2.17/log4j-1.2.17.jar:/home/user/.m2/repository/org/slf4j/slf4j-api/1.7.25/slf4j-api-1.7.25.jar:/home/user/.m2/repository/org/slf4j/jul-to-slf4j/1.7.25/jul-to-slf4j-1.7.25.jar:/home/user/.m2/repository/org/eclipse/jetty/jetty-util/9.3.25.v20180904/jetty-util-9.3.25.v20180904.jar:/home/user/.m2/repository/com/fasterxml/jackson/core/jackson-databind/2.9.9/jackson-databind-2.9.9.jar:/home/user/.m2/repository/org/apache/hadoop/hadoop-kms/3.2.0/hadoop-kms-3.2.0-tests.jar:/home/user/.m2/repository/org/apache/hadoop/hadoop-hdds-server-scm/0.5.0-SNAPSHOT/hadoop-hdds-server-scm-0.5.0-SNAPSHOT-tests.jar:/home/user/.m2/repository/org/apache/hadoop/hadoop-hdds-container-service/0.5.0-SNAPSHOT/hadoop-hdds-container-service-0.5.0-SNAPSHOT-tests.jar:/home/user/.m2/repository/org/yaml/snakeyaml/1.16/snakeyaml-1.16.jar:/home/user/.m2/repository/org/apache/hadoop/hadoop-common/3.2.0/hadoop-common-3.2.0-tests.jar:/home/user/.m2/repository/org/apache/hadoop/hadoop-annotations/3.2.0/hadoop-annotations-3.2.0.jar:/usr/lib/jvm/java-1.8.0-openjdk-1.8.0.222.b10-1.el7_7.x86_64/jre/../lib/tools.jar:/home/user/.m2/repository/commons-cli/commons-cli/1.2/commons-cli-1.2.jar:/home/user/.m2/repository/org/apache/httpcomponents/httpclient/4.5.2/httpclient-4.5.2.jar:/home/user/.m2/repository/org/apache/httpcomponents/httpcore/4.4.4/httpcore-4.4.4.jar:/home/user/.m2/repository/commons-codec/commons-codec/1.11/commons-codec-1.11.jar:/home/user/.m2/repository/commons-net/commons-net/3.6/commons-net-3.6.jar:/home/user/.m2/repository/commons-collections/commons-collections/3.2.2/commons-collections-3.2.2.jar:/home/user/.m2/repository/org/eclipse/jetty/jetty-servlet/9.3.25.v20180904/jetty-servlet-9.3.25.v20180904.jar:/home/user/.m2/repository/org/eclipse/jetty/jetty-security/9.3.25.v20180904/jetty-security-9.3.25.v20180904.jar:/home/user/.m2/repository/javax/servlet/jsp/jsp-api/2.1/jsp-api-2.1.jar:/home/user/.m2/repository/com/sun/jersey/jersey-servlet/1.19/jersey-servlet-1.19.jar:/home/user/.m2/repository/com/sun/jersey/jersey-json/1.19/jersey-json-1.19.jar:/home/user/.m2/repository/org/codehaus/jettison/jettison/1.1/jettison-1.1.jar:/home/user/.m2/repository/org/codehaus/jackson/jackson-core-asl/1.9.13/jackson-core-asl-1.9.13.jar:/home/user/.m2/repository/org/codehaus/jackson/jackson-mapper-asl/1.9.13/jackson-mapper-asl-1.9.13.jar:/home/user/.m2/repository/org/codehaus/jackson/jackson-jaxrs/1.9.13/jackson-jaxrs-1.9.13.jar:/home/user/.m2/repository/org/codehaus/jackson/jackson-xc/1.9.13/jackson-xc-1.9.13.jar:/home/user/.m2/repository/commons-logging/commons-logging/1.1.3/commons-logging-1.1.3.jar:/home/user/.m2/repository/commons-beanutils/commons-beanutils/1.9.4/commons-beanutils-1.9.4.jar:/home/user/.m2/repository/org/apache/commons/commons-configuration2/2.1.1/commons-configuration2-2.1.1.jar:/home/user/.m2/repository/org/apache/commons/commons-lang3/3.7/commons-lang3-3.7.jar:/home/user/.m2/repository/org/apache/commons/commons-text/1.4/commons-text-1.4.jar:/home/user/.m2/repository/org/apache/avro/avro/1.7.7/avro-1.7.7.jar:/home/user/.m2/repository/com/thoughtworks/paranamer/paranamer/2.3/paranamer-2.3.jar:/home/user/.m2/repository/org/xerial/snappy/snappy-java/1.0.5/snappy-java-1.0.5.jar:/home/user/.m2/repository/com/google/re2j/re2j/1.1/re2j-1.1.jar:/home/user/.m2/repository/com/google/code/gson/gson/2.2.4/gson-2.2.4.jar:/home/user/.m2/repository/com/jcraft/jsch/0.1.54/jsch-0.1.54.jar:/home/user/.m2/repository/org/apache/curator/curator-client/2.12.0/curator-client-2.12.0.jar:/home/user/.m2/repository/org/apache/curator/curator-recipes/2.12.0/curator-recipes-2.12.0.jar:/home/user/.m2/repository/com/google/code/findbugs/jsr305/3.0.0/jsr305-3.0.0.jar:/home/user/.m2/repository/org/apache/htrace/htrace-core4/4.1.0-incubating/htrace-core4-4.1.0-incubating.jar:/home/user/.m2/repository/org/apache/zookeeper/zookeeper/3.4.13/zookeeper-3.4.13.jar:/home/user/.m2/repository/jline/jline/0.9.94/jline-0.9.94.jar:/home/user/.m2/repository/org/apache/yetus/audience-annotations/0.5.0/audience-annotations-0.5.0.jar:/home/user/.m2/repository/org/codehaus/woodstox/stax2-api/3.1.4/stax2-api-3.1.4.jar:/home/user/.m2/repository/com/fasterxml/woodstox/woodstox-core/5.0.3/woodstox-core-5.0.3.jar:/home/user/.m2/repository/dnsjava/dnsjava/2.1.7/dnsjava-2.1.7.jar:/home/user/.m2/repository/org/apache/hadoop/hadoop-hdfs/3.2.0/hadoop-hdfs-3.2.0-tests.jar:/home/user/.m2/repository/org/eclipse/jetty/jetty-util-ajax/9.3.25.v20180904/jetty-util-ajax-9.3.25.v20180904.jar:/home/user/.m2/repository/commons-daemon/commons-daemon/1.0.13/commons-daemon-1.0.13.jar:/home/user/.m2/repository/io/netty/netty/3.10.5.Final/netty-3.10.5.Final.jar:/home/user/.m2/repository/io/netty/netty-all/4.0.52.Final/netty-all-4.0.52.Final.jar:/home/user/.m2/repository/org/fusesource/leveldbjni/leveldbjni-all/1.8/leveldbjni-all-1.8.jar:"/>
    <property name="sun.cpu.endian" value="little"/>
    <property name="user.home" value="/home/user"/>
    <property name="user.language" value="en"/>
    <property name="java.specification.vendor" value="Oracle Corporation"/>
    <property name="java.home" value="/usr/lib/jvm/java-1.8.0-openjdk-1.8.0.222.b10-1.el7_7.x86_64/jre"/>
    <property name="surefire.excludesFile" value="/tools/ozone-bad-unit-tests"/>
    <property name="java.security.krb5.conf" value="/workdir/hadoop-ozone/integration-test/target/test-classes/krb5.conf"/>
    <property name="basedir" value="/workdir/hadoop-ozone/integration-test"/>
    <property name="file.separator" value="/"/>
    <property name="line.separator" value="&#10;"/>
    <property name="java.vm.specification.vendor" value="Oracle Corporation"/>
    <property name="java.specification.name" value="Java Platform API Specification"/>
    <property name="java.awt.graphicsenv" value="sun.awt.X11GraphicsEnvironment"/>
    <property name="surefire.real.class.path" value="/workdir/hadoop-ozone/integration-test/target/surefire/surefirebooter2301961835715537932.jar"/>
    <property name="hadoop.log.dir" value="/workdir/hadoop-ozone/integration-test/target/log"/>
    <property name="sun.boot.class.path" value="/usr/lib/jvm/java-1.8.0-openjdk-1.8.0.222.b10-1.el7_7.x86_64/jre/lib/resources.jar:/usr/lib/jvm/java-1.8.0-openjdk-1.8.0.222.b10-1.el7_7.x86_64/jre/lib/rt.jar:/usr/lib/jvm/java-1.8.0-openjdk-1.8.0.222.b10-1.el7_7.x86_64/jre/lib/sunrsasign.jar:/usr/lib/jvm/java-1.8.0-openjdk-1.8.0.222.b10-1.el7_7.x86_64/jre/lib/jsse.jar:/usr/lib/jvm/java-1.8.0-openjdk-1.8.0.222.b10-1.el7_7.x86_64/jre/lib/jce.jar:/usr/lib/jvm/java-1.8.0-openjdk-1.8.0.222.b10-1.el7_7.x86_64/jre/lib/charsets.jar:/usr/lib/jvm/java-1.8.0-openjdk-1.8.0.222.b10-1.el7_7.x86_64/jre/lib/jfr.jar:/usr/lib/jvm/java-1.8.0-openjdk-1.8.0.222.b10-1.el7_7.x86_64/jre/classes"/>
    <property name="sun.management.compiler" value="HotSpot 64-Bit Tiered Compilers"/>
    <property name="java.runtime.version" value="1.8.0_222-b10"/>
    <property name="java.net.preferIPv4Stack" value="true"/>
    <property name="user.name" value="jenkins1000"/>
    <property name="path.separator" value=":"/>
    <property name="java.security.egd" value="file:///dev/urandom"/>
    <property name="os.version" value="3.10.0-957.12.2.el7.x86_64"/>
    <property name="java.endorsed.dirs" value="/usr/lib/jvm/java-1.8.0-openjdk-1.8.0.222.b10-1.el7_7.x86_64/jre/lib/endorsed"/>
    <property name="java.runtime.name" value="OpenJDK Runtime Environment"/>
    <property name="file.encoding" value="ANSI_X3.4-1968"/>
    <property name="java.vm.name" value="OpenJDK 64-Bit Server VM"/>
    <property name="test.build.webapps" value=""/>
    <property name="localRepository" value="/home/user/.m2/repository"/>
    <property name="java.vendor.url.bug" value="http://bugreport.sun.com/bugreport/"/>
    <property name="java.io.tmpdir" value="/tmp"/>
    <property name="require.test.libhadoop" value=""/>
    <property name="java.version" value="1.8.0_222"/>
    <property name="user.dir" value="/workdir/hadoop-ozone/integration-test"/>
    <property name="os.arch" value="amd64"/>
    <property name="java.vm.specification.name" value="Java Virtual Machine Specification"/>
    <property name="test.build.classes" value="/workdir/hadoop-ozone/integration-test/target/test-classes"/>
    <property name="java.awt.printerjob" value="sun.print.PSPrinterJob"/>
    <property name="sun.os.patch.level" value="unknown"/>
    <property name="hadoop.tmp.dir" value="/workdir/hadoop-ozone/integration-test/target/tmp"/>
    <property name="java.library.path" value="/usr/lib:/workdir/hadoop-ozone/integration-test/target/native/target/usr/local/lib:/workdir/hadoop-ozone/integration-test/../../hadoop-common-project/hadoop-common/target/native/target/usr/local/lib:/usr/java/packages/lib/amd64:/usr/lib64:/lib64:/lib:/usr/lib"/>
    <property name="java.vm.info" value="mixed mode"/>
    <property name="java.vendor" value="Oracle Corporation"/>
    <property name="java.vm.version" value="25.222-b10"/>
    <property name="java.ext.dirs" value="/usr/lib/jvm/java-1.8.0-openjdk-1.8.0.222.b10-1.el7_7.x86_64/jre/lib/ext:/usr/java/packages/lib/ext"/>
    <property name="sun.io.unicode.encoding" value="UnicodeLittle"/>
    <property name="java.class.version" value="52.0"/>
  </properties>
  <testcase name="testDeleteKeyWithSlowFollower" classname="org.apache.hadoop.ozone.client.rpc.TestDeleteWithSlowFollower" time="116.405">
    <failure type="java.lang.AssertionError">java.lang.AssertionError
	at org.junit.Assert.fail(Assert.java:86)
	at org.junit.Assert.assertTrue(Assert.java:41)
	at org.junit.Assert.assertTrue(Assert.java:52)
	at org.apache.hadoop.ozone.client.rpc.TestDeleteWithSlowFollower.testDeleteKeyWithSlowFollower(TestDeleteWithSlowFollower.java:265)
	at sun.reflect.NativeMethodAccessorImpl.invoke0(Native Method)
	at sun.reflect.NativeMethodAccessorImpl.invoke(NativeMethodAccessorImpl.java:62)
	at sun.reflect.DelegatingMethodAccessorImpl.invoke(DelegatingMethodAccessorImpl.java:43)
	at java.lang.reflect.Method.invoke(Method.java:498)
	at org.junit.runners.model.FrameworkMethod$1.runReflectiveCall(FrameworkMethod.java:47)
	at org.junit.internal.runners.model.ReflectiveCallable.run(ReflectiveCallable.java:12)
	at org.junit.runners.model.FrameworkMethod.invokeExplosively(FrameworkMethod.java:44)
	at org.junit.internal.runners.statements.InvokeMethod.evaluate(InvokeMethod.java:17)
	at org.junit.runners.ParentRunner.runLeaf(ParentRunner.java:271)
	at org.junit.runners.BlockJUnit4ClassRunner.runChild(BlockJUnit4ClassRunner.java:70)
	at org.junit.runners.BlockJUnit4ClassRunner.runChild(BlockJUnit4ClassRunner.java:50)
	at org.junit.runners.ParentRunner$3.run(ParentRunner.java:238)
	at org.junit.runners.ParentRunner$1.schedule(ParentRunner.java:63)
	at org.junit.runners.ParentRunner.runChildren(ParentRunner.java:236)
	at org.junit.runners.ParentRunner.access$000(ParentRunner.java:53)
	at org.junit.runners.ParentRunner$2.evaluate(ParentRunner.java:229)
	at org.junit.internal.runners.statements.RunBefores.evaluate(RunBefores.java:26)
	at org.junit.internal.runners.statements.RunAfters.evaluate(RunAfters.java:27)
	at org.junit.runners.ParentRunner.run(ParentRunner.java:309)
	at org.apache.maven.surefire.junit4.JUnit4Provider.execute(JUnit4Provider.java:365)
	at org.apache.maven.surefire.junit4.JUnit4Provider.executeWithRerun(JUnit4Provider.java:273)
	at org.apache.maven.surefire.junit4.JUnit4Provider.executeTestSet(JUnit4Provider.java:238)
	at org.apache.maven.surefire.junit4.JUnit4Provider.invoke(JUnit4Provider.java:159)
	at org.apache.maven.surefire.booter.ForkedBooter.invokeProviderInSameClassLoader(ForkedBooter.java:384)
	at org.apache.maven.surefire.booter.ForkedBooter.runSuitesInProcess(ForkedBooter.java:345)
	at org.apache.maven.surefire.booter.ForkedBooter.execute(ForkedBooter.java:126)
	at org.apache.maven.surefire.booter.ForkedBooter.main(ForkedBooter.java:418)
</failure>
    <system-out><![CDATA[2019-10-31 17:51:16,735 [main] WARN  server.ServerUtils (ServerUtils.java:getScmDbDir(145)) - ozone.scm.db.dirs is not configured. We recommend adding this setting. Falling back to ozone.metadata.dirs instead.
2019-10-31 17:51:16,854 [main] WARN  server.ServerUtils (ServerUtils.java:getScmDbDir(145)) - ozone.scm.db.dirs is not configured. We recommend adding this setting. Falling back to ozone.metadata.dirs instead.
2019-10-31 17:51:16,857 [main] WARN  server.ServerUtils (ServerUtils.java:getScmDbDir(145)) - ozone.scm.db.dirs is not configured. We recommend adding this setting. Falling back to ozone.metadata.dirs instead.
2019-10-31 17:51:16,882 [main] INFO  util.log (Log.java:initialized(192)) - Logging initialized @933ms
2019-10-31 17:51:16,996 [main] INFO  db.DBStoreBuilder (DBStoreBuilder.java:addTable(127)) - using custom profile for table: deletedBlocks
2019-10-31 17:51:16,996 [main] INFO  db.DBStoreBuilder (DBStoreBuilder.java:processTables(183)) - Using default column profile:DBProfile.DISK for Table:deletedBlocks
2019-10-31 17:51:16,997 [main] INFO  db.DBStoreBuilder (DBStoreBuilder.java:addTable(127)) - using custom profile for table: validCerts
2019-10-31 17:51:16,997 [main] INFO  db.DBStoreBuilder (DBStoreBuilder.java:processTables(183)) - Using default column profile:DBProfile.DISK for Table:validCerts
2019-10-31 17:51:16,997 [main] INFO  db.DBStoreBuilder (DBStoreBuilder.java:addTable(127)) - using custom profile for table: revokedCerts
2019-10-31 17:51:16,998 [main] INFO  db.DBStoreBuilder (DBStoreBuilder.java:processTables(183)) - Using default column profile:DBProfile.DISK for Table:revokedCerts
2019-10-31 17:51:17,015 [main] INFO  db.DBStoreBuilder (DBStoreBuilder.java:addTable(127)) - using custom profile for table: default
2019-10-31 17:51:17,015 [main] INFO  db.DBStoreBuilder (DBStoreBuilder.java:processTables(189)) - Using default column profile:DBProfile.DISK for Table:default
2019-10-31 17:51:17,019 [main] INFO  db.DBStoreBuilder (DBStoreBuilder.java:getDbProfile(220)) - Using default options. DBProfile.DISK
2019-10-31 17:51:17,342 [main] INFO  net.NodeSchemaLoader (NodeSchemaLoader.java:loadSchemaFromFile(125)) - Loading file from sun.misc.CompoundEnumeration@78691363
2019-10-31 17:51:17,343 [main] INFO  net.NodeSchemaLoader (NodeSchemaLoader.java:loadSchema(171)) - Loading network topology layer schema file
2019-10-31 17:51:17,402 [main] WARN  server.ServerUtils (ServerUtils.java:sanitizeUserArgs(70)) - ozone.scm.stale.node.interval value = 1000000 is larger than max = 100000 based on the key value of ozone.scm.heartbeat.thread.interval, reset to the max value 100000.
2019-10-31 17:51:17,404 [main] WARN  server.ServerUtils (ServerUtils.java:sanitizeUserArgs(70)) - ozone.scm.stale.node.interval value = 1000000 is larger than max = 100000 based on the key value of ozone.scm.heartbeat.thread.interval, reset to the max value 100000.
2019-10-31 17:51:17,406 [main] INFO  node.SCMNodeManager (SCMNodeManager.java:<init>(117)) - Entering startup safe mode.
2019-10-31 17:51:17,468 [main] INFO  algorithms.ContainerPlacementPolicyFactory (ContainerPlacementPolicyFactory.java:getPolicy(57)) - Create container placement policy of type org.apache.hadoop.hdds.scm.container.placement.algorithms.SCMContainerPlacementRandom
2019-10-31 17:51:17,482 [main] WARN  server.ServerUtils (ServerUtils.java:getScmDbDir(145)) - ozone.scm.db.dirs is not configured. We recommend adding this setting. Falling back to ozone.metadata.dirs instead.
2019-10-31 17:51:17,539 [main] INFO  pipeline.SCMPipelineManager (SCMPipelineManager.java:initializePipelineState(132)) - No pipeline exists in current db
2019-10-31 17:51:17,541 [main] WARN  server.ServerUtils (ServerUtils.java:getScmDbDir(145)) - ozone.scm.db.dirs is not configured. We recommend adding this setting. Falling back to ozone.metadata.dirs instead.
2019-10-31 17:51:17,671 [main] WARN  events.EventQueue (EventQueue.java:fireEvent(183)) - No event handler registered for event TypedEvent{payloadType=SafeModeStatus, name='SafeModeStatus'}
2019-10-31 17:51:18,022 [main] INFO  ipc.CallQueueManager (CallQueueManager.java:<init>(84)) - Using callQueue: class java.util.concurrent.LinkedBlockingQueue, queueCapacity: 2000, scheduler: class org.apache.hadoop.ipc.DefaultRpcScheduler, ipcBackoff: false.
2019-10-31 17:51:18,171 [Socket Reader #1 for port 46665] INFO  ipc.Server (Server.java:run(1074)) - Starting Socket Reader #1 for port 46665
2019-10-31 17:51:18,196 [main] INFO  ipc.CallQueueManager (CallQueueManager.java:<init>(84)) - Using callQueue: class java.util.concurrent.LinkedBlockingQueue, queueCapacity: 2000, scheduler: class org.apache.hadoop.ipc.DefaultRpcScheduler, ipcBackoff: false.
2019-10-31 17:51:18,197 [Socket Reader #1 for port 36078] INFO  ipc.Server (Server.java:run(1074)) - Starting Socket Reader #1 for port 36078
2019-10-31 17:51:18,205 [main] INFO  ipc.CallQueueManager (CallQueueManager.java:<init>(84)) - Using callQueue: class java.util.concurrent.LinkedBlockingQueue, queueCapacity: 2000, scheduler: class org.apache.hadoop.ipc.DefaultRpcScheduler, ipcBackoff: false.
2019-10-31 17:51:18,206 [Socket Reader #1 for port 41088] INFO  ipc.Server (Server.java:run(1074)) - Starting Socket Reader #1 for port 41088
2019-10-31 17:51:18,227 [main] INFO  hdfs.DFSUtil (DFSUtil.java:httpServerTemplateForNNAndJN(1641)) - Starting Web-server for scm at: http://0.0.0.0:0
2019-10-31 17:51:18,413 [main] INFO  server.AuthenticationFilter (AuthenticationFilter.java:constructSecretProvider(240)) - Unable to initialize FileSignerSecretProvider, falling back to use random secrets.
2019-10-31 17:51:18,422 [main] WARN  http.HttpRequestLog (HttpRequestLog.java:getRequestLog(97)) - Jetty request log can only be enabled using Log4j
2019-10-31 17:51:18,431 [main] INFO  http.HttpServer2 (HttpServer2.java:addGlobalFilter(975)) - Added global filter 'safety' (class=org.apache.hadoop.http.HttpServer2$QuotingInputFilter)
2019-10-31 17:51:18,434 [main] INFO  http.HttpServer2 (HttpServer2.java:addFilter(948)) - Added filter static_user_filter (class=org.apache.hadoop.http.lib.StaticUserWebFilter$StaticUserFilter) to context scm
2019-10-31 17:51:18,435 [main] INFO  http.HttpServer2 (HttpServer2.java:addFilter(958)) - Added filter static_user_filter (class=org.apache.hadoop.http.lib.StaticUserWebFilter$StaticUserFilter) to context logs
2019-10-31 17:51:18,435 [main] INFO  http.HttpServer2 (HttpServer2.java:addFilter(958)) - Added filter static_user_filter (class=org.apache.hadoop.http.lib.StaticUserWebFilter$StaticUserFilter) to context static
2019-10-31 17:51:18,469 [main] INFO  server.StorageContainerManager (StorageContainerManager.java:start(782)) - StorageContainerLocationProtocol RPC server is listening at /0.0.0.0:41088
2019-10-31 17:51:18,528 [main] WARN  impl.MetricsConfig (MetricsConfig.java:loadFirst(134)) - Cannot locate configuration: tried hadoop-metrics2-storagecontainermanager.properties,hadoop-metrics2.properties
2019-10-31 17:51:18,540 [main] INFO  impl.MetricsSystemImpl (MetricsSystemImpl.java:startTimer(374)) - Scheduled Metric snapshot period at 10 second(s).
2019-10-31 17:51:18,541 [main] INFO  impl.MetricsSystemImpl (MetricsSystemImpl.java:start(191)) - StorageContainerManager metrics system started
2019-10-31 17:51:18,774 [main] INFO  server.SCMClientProtocolServer (SCMClientProtocolServer.java:start(159)) - RPC server for Client  is listening at /0.0.0.0:41088
2019-10-31 17:51:18,774 [IPC Server listener on 41088] INFO  ipc.Server (Server.java:run(1153)) - IPC Server listener on 41088: starting
2019-10-31 17:51:18,774 [IPC Server Responder] INFO  ipc.Server (Server.java:run(1314)) - IPC Server Responder: starting
2019-10-31 17:51:18,778 [main] INFO  server.StorageContainerManager (StorageContainerManager.java:start(792)) - ScmBlockLocationProtocol RPC server is listening at /0.0.0.0:36078
2019-10-31 17:51:18,778 [main] INFO  server.SCMBlockProtocolServer (SCMBlockProtocolServer.java:start(146)) - RPC server for Block Protocol is listening at /0.0.0.0:36078
2019-10-31 17:51:18,779 [IPC Server listener on 36078] INFO  ipc.Server (Server.java:run(1153)) - IPC Server listener on 36078: starting
2019-10-31 17:51:18,779 [IPC Server Responder] INFO  ipc.Server (Server.java:run(1314)) - IPC Server Responder: starting
2019-10-31 17:51:18,781 [main] INFO  server.StorageContainerManager (StorageContainerManager.java:start(796)) - ScmDatanodeProtocl RPC server is listening at /0.0.0.0:46665
2019-10-31 17:51:18,781 [main] INFO  server.SCMDatanodeProtocolServer (SCMDatanodeProtocolServer.java:start(169)) - RPC server for DataNodes is listening at /0.0.0.0:46665
2019-10-31 17:51:18,782 [IPC Server Responder] INFO  ipc.Server (Server.java:run(1314)) - IPC Server Responder: starting
2019-10-31 17:51:18,782 [IPC Server listener on 46665] INFO  ipc.Server (Server.java:run(1153)) - IPC Server listener on 46665: starting
2019-10-31 17:51:18,786 [main] INFO  http.HttpServer2 (HttpServer2.java:bindListener(1191)) - Jetty bound to port 44921
2019-10-31 17:51:18,788 [main] INFO  server.Server (Server.java:doStart(351)) - jetty-9.3.25.v20180904, build timestamp: 2018-09-04T21:11:46Z, git hash: 3ce520221d0240229c862b122d2b06c12a625732
2019-10-31 17:51:18,825 [main] INFO  handler.ContextHandler (ContextHandler.java:doStart(781)) - Started o.e.j.s.ServletContextHandler@340da44c{/logs,file:///workdir/hadoop-ozone/integration-test/target/log,AVAILABLE}
2019-10-31 17:51:18,826 [main] INFO  handler.ContextHandler (ContextHandler.java:doStart(781)) - Started o.e.j.s.ServletContextHandler@37052337{/static,file:///workdir/hadoop-ozone/integration-test/target/test-classes/webapps/static,AVAILABLE}
2019-10-31 17:51:18,857 [main] INFO  handler.ContextHandler (ContextHandler.java:doStart(781)) - Started o.e.j.w.WebAppContext@7689ddef{/,file:///workdir/hadoop-ozone/integration-test/target/test-classes/webapps/scm/,AVAILABLE}{/scm}
2019-10-31 17:51:18,863 [main] INFO  server.AbstractConnector (AbstractConnector.java:doStart(278)) - Started ServerConnector@62d363ab{HTTP/1.1,[http/1.1]}{0.0.0.0:44921}
2019-10-31 17:51:18,863 [main] INFO  server.Server (Server.java:doStart(419)) - Started @2914ms
2019-10-31 17:51:18,865 [main] INFO  impl.MetricsSinkAdapter (MetricsSinkAdapter.java:start(204)) - Sink prometheus started
2019-10-31 17:51:18,866 [main] INFO  impl.MetricsSystemImpl (MetricsSystemImpl.java:registerSink(301)) - Registered sink prometheus
2019-10-31 17:51:18,867 [main] INFO  server.BaseHttpServer (BaseHttpServer.java:updateConnectorAddress(215)) - HTTP server of SCM is listening at http://0.0.0.0:44921
2019-10-31 17:51:18,873 [org.apache.hadoop.util.JvmPauseMonitor$Monitor@cc6460c] INFO  util.JvmPauseMonitor (JvmPauseMonitor.java:run(188)) - Starting JVM pause monitor
2019-10-31 17:51:18,876 [main] WARN  server.ServerUtils (ServerUtils.java:getDBPath(222)) - ozone.om.db.dirs is not configured. We recommend adding this setting. Falling back to ozone.metadata.dirs instead.
2019-10-31 17:51:18,994 [main] INFO  ha.OMHANodeDetails (OMHANodeDetails.java:loadOMHAConfig(190)) - Configuration either no ozone.om.address set. Falling back to the default OM address /127.0.0.1:0
2019-10-31 17:51:18,995 [main] INFO  ha.OMHANodeDetails (OMHANodeDetails.java:getOMNodeDetails(220)) - OM Service ID is not set. Setting it to the default ID: omServiceIdDefault
2019-10-31 17:51:18,997 [main] WARN  server.ServerUtils (ServerUtils.java:getDBPath(222)) - ozone.om.db.dirs is not configured. We recommend adding this setting. Falling back to ozone.metadata.dirs instead.
2019-10-31 17:51:18,997 [main] WARN  server.ServerUtils (ServerUtils.java:getDBPath(222)) - ozone.om.db.dirs is not configured. We recommend adding this setting. Falling back to ozone.metadata.dirs instead.
2019-10-31 17:51:19,666 [main] WARN  server.ServerUtils (ServerUtils.java:getDBPath(222)) - ozone.om.db.dirs is not configured. We recommend adding this setting. Falling back to ozone.metadata.dirs instead.
2019-10-31 17:51:19,674 [main] INFO  db.DBStoreBuilder (DBStoreBuilder.java:addTable(127)) - using custom profile for table: userTable
2019-10-31 17:51:19,674 [main] INFO  db.DBStoreBuilder (DBStoreBuilder.java:processTables(183)) - Using default column profile:DBProfile.DISK for Table:userTable
2019-10-31 17:51:19,674 [main] INFO  db.DBStoreBuilder (DBStoreBuilder.java:addTable(127)) - using custom profile for table: volumeTable
2019-10-31 17:51:19,674 [main] INFO  db.DBStoreBuilder (DBStoreBuilder.java:processTables(183)) - Using default column profile:DBProfile.DISK for Table:volumeTable
2019-10-31 17:51:19,675 [main] INFO  db.DBStoreBuilder (DBStoreBuilder.java:addTable(127)) - using custom profile for table: bucketTable
2019-10-31 17:51:19,675 [main] INFO  db.DBStoreBuilder (DBStoreBuilder.java:processTables(183)) - Using default column profile:DBProfile.DISK for Table:bucketTable
2019-10-31 17:51:19,675 [main] INFO  db.DBStoreBuilder (DBStoreBuilder.java:addTable(127)) - using custom profile for table: keyTable
2019-10-31 17:51:19,675 [main] INFO  db.DBStoreBuilder (DBStoreBuilder.java:processTables(183)) - Using default column profile:DBProfile.DISK for Table:keyTable
2019-10-31 17:51:19,675 [main] INFO  db.DBStoreBuilder (DBStoreBuilder.java:addTable(127)) - using custom profile for table: deletedTable
2019-10-31 17:51:19,676 [main] INFO  db.DBStoreBuilder (DBStoreBuilder.java:processTables(183)) - Using default column profile:DBProfile.DISK for Table:deletedTable
2019-10-31 17:51:19,676 [main] INFO  db.DBStoreBuilder (DBStoreBuilder.java:addTable(127)) - using custom profile for table: openKeyTable
2019-10-31 17:51:19,676 [main] INFO  db.DBStoreBuilder (DBStoreBuilder.java:processTables(183)) - Using default column profile:DBProfile.DISK for Table:openKeyTable
2019-10-31 17:51:19,676 [main] INFO  db.DBStoreBuilder (DBStoreBuilder.java:addTable(127)) - using custom profile for table: s3Table
2019-10-31 17:51:19,676 [main] INFO  db.DBStoreBuilder (DBStoreBuilder.java:processTables(183)) - Using default column profile:DBProfile.DISK for Table:s3Table
2019-10-31 17:51:19,677 [main] INFO  db.DBStoreBuilder (DBStoreBuilder.java:addTable(127)) - using custom profile for table: multipartInfoTable
2019-10-31 17:51:19,677 [main] INFO  db.DBStoreBuilder (DBStoreBuilder.java:processTables(183)) - Using default column profile:DBProfile.DISK for Table:multipartInfoTable
2019-10-31 17:51:19,677 [main] INFO  db.DBStoreBuilder (DBStoreBuilder.java:addTable(127)) - using custom profile for table: dTokenTable
2019-10-31 17:51:19,677 [main] INFO  db.DBStoreBuilder (DBStoreBuilder.java:processTables(183)) - Using default column profile:DBProfile.DISK for Table:dTokenTable
2019-10-31 17:51:19,678 [main] INFO  db.DBStoreBuilder (DBStoreBuilder.java:addTable(127)) - using custom profile for table: s3SecretTable
2019-10-31 17:51:19,678 [main] INFO  db.DBStoreBuilder (DBStoreBuilder.java:processTables(183)) - Using default column profile:DBProfile.DISK for Table:s3SecretTable
2019-10-31 17:51:19,678 [main] INFO  db.DBStoreBuilder (DBStoreBuilder.java:addTable(127)) - using custom profile for table: prefixTable
2019-10-31 17:51:19,678 [main] INFO  db.DBStoreBuilder (DBStoreBuilder.java:processTables(183)) - Using default column profile:DBProfile.DISK for Table:prefixTable
2019-10-31 17:51:19,679 [main] INFO  db.DBStoreBuilder (DBStoreBuilder.java:addTable(127)) - using custom profile for table: default
2019-10-31 17:51:19,679 [main] INFO  db.DBStoreBuilder (DBStoreBuilder.java:processTables(189)) - Using default column profile:DBProfile.DISK for Table:default
2019-10-31 17:51:19,679 [main] INFO  db.DBStoreBuilder (DBStoreBuilder.java:getDbProfile(220)) - Using default options. DBProfile.DISK
2019-10-31 17:51:19,999 [main] INFO  ipc.CallQueueManager (CallQueueManager.java:<init>(84)) - Using callQueue: class java.util.concurrent.LinkedBlockingQueue, queueCapacity: 2000, scheduler: class org.apache.hadoop.ipc.DefaultRpcScheduler, ipcBackoff: false.
2019-10-31 17:51:20,000 [Socket Reader #1 for port 35666] INFO  ipc.Server (Server.java:run(1074)) - Starting Socket Reader #1 for port 35666
2019-10-31 17:51:20,020 [main] INFO  om.OzoneManager (OzoneManager.java:start(1076)) - OzoneManager RPC server is listening at localhost/127.0.0.1:35666
2019-10-31 17:51:20,021 [main] INFO  impl.MetricsSystemImpl (MetricsSystemImpl.java:init(158)) - OzoneManager metrics system started (again)
2019-10-31 17:51:20,028 [IPC Server Responder] INFO  ipc.Server (Server.java:run(1314)) - IPC Server Responder: starting
2019-10-31 17:51:20,028 [IPC Server listener on 35666] INFO  ipc.Server (Server.java:run(1153)) - IPC Server listener on 35666: starting
2019-10-31 17:51:20,033 [main] INFO  hdfs.DFSUtil (DFSUtil.java:httpServerTemplateForNNAndJN(1641)) - Starting Web-server for ozoneManager at: http://0.0.0.0:0
2019-10-31 17:51:20,035 [main] INFO  server.AuthenticationFilter (AuthenticationFilter.java:constructSecretProvider(240)) - Unable to initialize FileSignerSecretProvider, falling back to use random secrets.
2019-10-31 17:51:20,036 [main] WARN  http.HttpRequestLog (HttpRequestLog.java:getRequestLog(97)) - Jetty request log can only be enabled using Log4j
2019-10-31 17:51:20,040 [main] INFO  http.HttpServer2 (HttpServer2.java:addGlobalFilter(975)) - Added global filter 'safety' (class=org.apache.hadoop.http.HttpServer2$QuotingInputFilter)
2019-10-31 17:51:20,041 [main] INFO  http.HttpServer2 (HttpServer2.java:addFilter(948)) - Added filter static_user_filter (class=org.apache.hadoop.http.lib.StaticUserWebFilter$StaticUserFilter) to context ozoneManager
2019-10-31 17:51:20,041 [main] INFO  http.HttpServer2 (HttpServer2.java:addFilter(958)) - Added filter static_user_filter (class=org.apache.hadoop.http.lib.StaticUserWebFilter$StaticUserFilter) to context static
2019-10-31 17:51:20,042 [main] INFO  http.HttpServer2 (HttpServer2.java:addFilter(958)) - Added filter static_user_filter (class=org.apache.hadoop.http.lib.StaticUserWebFilter$StaticUserFilter) to context logs
2019-10-31 17:51:20,045 [main] INFO  http.HttpServer2 (HttpServer2.java:bindListener(1191)) - Jetty bound to port 39142
2019-10-31 17:51:20,045 [main] INFO  server.Server (Server.java:doStart(351)) - jetty-9.3.25.v20180904, build timestamp: 2018-09-04T21:11:46Z, git hash: 3ce520221d0240229c862b122d2b06c12a625732
2019-10-31 17:51:20,048 [main] INFO  handler.ContextHandler (ContextHandler.java:doStart(781)) - Started o.e.j.s.ServletContextHandler@5aae8eb5{/logs,file:///workdir/hadoop-ozone/integration-test/target/log,AVAILABLE}
2019-10-31 17:51:20,049 [main] INFO  handler.ContextHandler (ContextHandler.java:doStart(781)) - Started o.e.j.s.ServletContextHandler@24a298a6{/static,file:///workdir/hadoop-ozone/integration-test/target/test-classes/webapps/static,AVAILABLE}
2019-10-31 17:51:20,057 [main] INFO  handler.ContextHandler (ContextHandler.java:doStart(781)) - Started o.e.j.w.WebAppContext@5116ac09{/,file:///workdir/hadoop-ozone/integration-test/target/test-classes/webapps/ozoneManager/,AVAILABLE}{/ozoneManager}
2019-10-31 17:51:20,057 [main] INFO  server.AbstractConnector (AbstractConnector.java:doStart(278)) - Started ServerConnector@1bc425e7{HTTP/1.1,[http/1.1]}{0.0.0.0:39142}
2019-10-31 17:51:20,058 [main] INFO  server.Server (Server.java:doStart(419)) - Started @4108ms
2019-10-31 17:51:20,058 [main] WARN  impl.MetricsSystemImpl (MetricsSystemImpl.java:register(276)) - Sink prometheus already exists!
2019-10-31 17:51:20,059 [main] INFO  server.BaseHttpServer (BaseHttpServer.java:updateConnectorAddress(215)) - HTTP server of OZONEMANAGER is listening at http://0.0.0.0:39142
2019-10-31 17:51:20,334 [main] INFO  impl.MetricsSystemImpl (MetricsSystemImpl.java:init(158)) - HddsDatanode metrics system started (again)
2019-10-31 17:51:20,382 [main] INFO  ozone.HddsDatanodeService (HddsDatanodeService.java:start(184)) - HddsDatanodeService host:pr-hdds-2329-pipelines-6tcfk-2810823695 ip:192.168.164.209
2019-10-31 17:51:20,415 [main] INFO  volume.HddsVolume (HddsVolume.java:<init>(176)) - Creating Volume: /workdir/hadoop-ozone/integration-test/target/test-dir/MiniOzoneClusterImpl-a140a335-5a07-44a3-85b4-01ea81f29811/datanode-0/data/containers/hdds of  storage type : DISK and capacity : 1482555576320
2019-10-31 17:51:20,417 [main] INFO  volume.VolumeSet (VolumeSet.java:initializeVolumeSet(170)) - Added Volume : /workdir/hadoop-ozone/integration-test/target/test-dir/MiniOzoneClusterImpl-a140a335-5a07-44a3-85b4-01ea81f29811/datanode-0/data/containers/hdds to VolumeSet
2019-10-31 17:51:20,420 [main] INFO  volume.ThrottledAsyncChecker (ThrottledAsyncChecker.java:schedule(141)) - Scheduling a check for /workdir/hadoop-ozone/integration-test/target/test-dir/MiniOzoneClusterImpl-a140a335-5a07-44a3-85b4-01ea81f29811/datanode-0/data/containers/hdds
2019-10-31 17:51:20,437 [main] INFO  volume.HddsVolumeChecker (HddsVolumeChecker.java:checkAllVolumes(204)) - Scheduled health check for volume /workdir/hadoop-ozone/integration-test/target/test-dir/MiniOzoneClusterImpl-a140a335-5a07-44a3-85b4-01ea81f29811/datanode-0/data/containers/hdds
2019-10-31 17:51:20,545 [main] INFO  impl.RaftServerProxy (ConfUtils.java:logGet(43)) - raft.rpc.type = GRPC (default)
2019-10-31 17:51:20,605 [main] INFO  grpc.GrpcFactory (GrpcFactory.java:checkPooledByteBufAllocatorUseCacheForAllThreads(45)) - PERFORMANCE WARNING: useCacheForAllThreads is true that may cause Netty to create a lot garbage objects and, as a result, trigger GC.
	It is recommended to disable useCacheForAllThreads by setting -Dorg.apache.ratis.thirdparty.io.netty.allocator.useCacheForAllThreads=false in command line.
2019-10-31 17:51:20,610 [main] INFO  grpc.GrpcConfigKeys$Server (ConfUtils.java:logGet(43)) - raft.grpc.server.port = 0 (default)
2019-10-31 17:51:20,611 [main] INFO  server.GrpcService (ConfUtils.java:logGet(43)) - raft.grpc.message.size.max = 33570816 (custom)
2019-10-31 17:51:20,612 [main] INFO  server.RaftServerConfigKeys (ConfUtils.java:logGet(43)) - raft.server.log.appender.buffer.byte-limit = 33554432 (custom)
2019-10-31 17:51:20,613 [main] INFO  server.GrpcService (ConfUtils.java:logGet(43)) - raft.grpc.flow.control.window = 1MB (=1048576) (default)
2019-10-31 17:51:20,614 [main] INFO  server.RaftServerConfigKeys (ConfUtils.java:logGet(43)) - raft.server.rpc.request.timeout = 3000ms (default)
2019-10-31 17:51:20,760 [main] INFO  server.RaftServerConfigKeys (ConfUtils.java:logGet(43)) - raft.server.storage.dir = [/workdir/hadoop-ozone/integration-test/target/test-dir/MiniOzoneClusterImpl-a140a335-5a07-44a3-85b4-01ea81f29811/datanode-0/data/ratis] (custom)
2019-10-31 17:51:20,801 [main] INFO  hdfs.DFSUtil (DFSUtil.java:httpServerTemplateForNNAndJN(1641)) - Starting Web-server for hddsDatanode at: http://0.0.0.0:0
2019-10-31 17:51:20,803 [main] INFO  server.AuthenticationFilter (AuthenticationFilter.java:constructSecretProvider(240)) - Unable to initialize FileSignerSecretProvider, falling back to use random secrets.
2019-10-31 17:51:20,803 [main] WARN  http.HttpRequestLog (HttpRequestLog.java:getRequestLog(97)) - Jetty request log can only be enabled using Log4j
2019-10-31 17:51:20,805 [main] INFO  http.HttpServer2 (HttpServer2.java:addGlobalFilter(975)) - Added global filter 'safety' (class=org.apache.hadoop.http.HttpServer2$QuotingInputFilter)
2019-10-31 17:51:20,805 [main] INFO  http.HttpServer2 (HttpServer2.java:addFilter(948)) - Added filter static_user_filter (class=org.apache.hadoop.http.lib.StaticUserWebFilter$StaticUserFilter) to context hddsDatanode
2019-10-31 17:51:20,806 [main] INFO  http.HttpServer2 (HttpServer2.java:addFilter(958)) - Added filter static_user_filter (class=org.apache.hadoop.http.lib.StaticUserWebFilter$StaticUserFilter) to context static
2019-10-31 17:51:20,806 [main] INFO  http.HttpServer2 (HttpServer2.java:addFilter(958)) - Added filter static_user_filter (class=org.apache.hadoop.http.lib.StaticUserWebFilter$StaticUserFilter) to context logs
2019-10-31 17:51:20,807 [main] INFO  http.HttpServer2 (HttpServer2.java:bindListener(1191)) - Jetty bound to port 41239
2019-10-31 17:51:20,807 [main] INFO  server.Server (Server.java:doStart(351)) - jetty-9.3.25.v20180904, build timestamp: 2018-09-04T21:11:46Z, git hash: 3ce520221d0240229c862b122d2b06c12a625732
2019-10-31 17:51:20,809 [main] INFO  handler.ContextHandler (ContextHandler.java:doStart(781)) - Started o.e.j.s.ServletContextHandler@2819c460{/logs,file:///workdir/hadoop-ozone/integration-test/target/log,AVAILABLE}
2019-10-31 17:51:20,809 [main] INFO  handler.ContextHandler (ContextHandler.java:doStart(781)) - Started o.e.j.s.ServletContextHandler@38bb9d7a{/static,jar:file:/home/user/.m2/repository/org/apache/hadoop/hadoop-hdds-container-service/0.5.0-SNAPSHOT/hadoop-hdds-container-service-0.5.0-SNAPSHOT.jar!/webapps/static,AVAILABLE}
2019-10-31 17:51:20,840 [main] INFO  handler.ContextHandler (ContextHandler.java:doStart(781)) - Started o.e.j.w.WebAppContext@2f37f1f9{/,file:///tmp/jetty-0.0.0.0-41239-hddsDatanode-_-any-7630620059928888880.dir/webapp/,AVAILABLE}{/hddsDatanode}
2019-10-31 17:51:20,840 [main] INFO  server.AbstractConnector (AbstractConnector.java:doStart(278)) - Started ServerConnector@3374b5bc{HTTP/1.1,[http/1.1]}{0.0.0.0:41239}
2019-10-31 17:51:20,842 [main] INFO  server.Server (Server.java:doStart(419)) - Started @4891ms
2019-10-31 17:51:20,842 [main] WARN  impl.MetricsSystemImpl (MetricsSystemImpl.java:register(276)) - Sink prometheus already exists!
2019-10-31 17:51:20,843 [main] INFO  server.BaseHttpServer (BaseHttpServer.java:updateConnectorAddress(215)) - HTTP server of HDDSDATANODE is listening at http://0.0.0.0:41239
2019-10-31 17:51:20,845 [main] INFO  impl.MetricsSystemImpl (MetricsSystemImpl.java:init(158)) - HddsDatanode metrics system started (again)
2019-10-31 17:51:20,850 [main] INFO  ozone.HddsDatanodeService (HddsDatanodeService.java:start(184)) - HddsDatanodeService host:pr-hdds-2329-pipelines-6tcfk-2810823695 ip:192.168.164.209
2019-10-31 17:51:20,853 [org.apache.hadoop.util.JvmPauseMonitor$Monitor@3e0e3886] INFO  util.JvmPauseMonitor (JvmPauseMonitor.java:run(188)) - Starting JVM pause monitor
2019-10-31 17:51:20,860 [main] INFO  volume.HddsVolume (HddsVolume.java:<init>(176)) - Creating Volume: /workdir/hadoop-ozone/integration-test/target/test-dir/MiniOzoneClusterImpl-a140a335-5a07-44a3-85b4-01ea81f29811/datanode-1/data/containers/hdds of  storage type : DISK and capacity : 1482555576320
2019-10-31 17:51:20,861 [main] INFO  volume.VolumeSet (VolumeSet.java:initializeVolumeSet(170)) - Added Volume : /workdir/hadoop-ozone/integration-test/target/test-dir/MiniOzoneClusterImpl-a140a335-5a07-44a3-85b4-01ea81f29811/datanode-1/data/containers/hdds to VolumeSet
2019-10-31 17:51:20,861 [main] INFO  volume.ThrottledAsyncChecker (ThrottledAsyncChecker.java:schedule(141)) - Scheduling a check for /workdir/hadoop-ozone/integration-test/target/test-dir/MiniOzoneClusterImpl-a140a335-5a07-44a3-85b4-01ea81f29811/datanode-1/data/containers/hdds
2019-10-31 17:51:20,862 [main] INFO  volume.HddsVolumeChecker (HddsVolumeChecker.java:checkAllVolumes(204)) - Scheduled health check for volume /workdir/hadoop-ozone/integration-test/target/test-dir/MiniOzoneClusterImpl-a140a335-5a07-44a3-85b4-01ea81f29811/datanode-1/data/containers/hdds
2019-10-31 17:51:20,883 [main] INFO  impl.RaftServerProxy (ConfUtils.java:logGet(43)) - raft.rpc.type = GRPC (default)
2019-10-31 17:51:20,883 [main] INFO  grpc.GrpcFactory (GrpcFactory.java:checkPooledByteBufAllocatorUseCacheForAllThreads(45)) - PERFORMANCE WARNING: useCacheForAllThreads is true that may cause Netty to create a lot garbage objects and, as a result, trigger GC.
	It is recommended to disable useCacheForAllThreads by setting -Dorg.apache.ratis.thirdparty.io.netty.allocator.useCacheForAllThreads=false in command line.
2019-10-31 17:51:20,884 [main] INFO  grpc.GrpcConfigKeys$Server (ConfUtils.java:logGet(43)) - raft.grpc.server.port = 0 (default)
2019-10-31 17:51:20,884 [main] INFO  server.GrpcService (ConfUtils.java:logGet(43)) - raft.grpc.message.size.max = 33570816 (custom)
2019-10-31 17:51:20,885 [main] INFO  server.RaftServerConfigKeys (ConfUtils.java:logGet(43)) - raft.server.log.appender.buffer.byte-limit = 33554432 (custom)
2019-10-31 17:51:20,885 [main] INFO  server.GrpcService (ConfUtils.java:logGet(43)) - raft.grpc.flow.control.window = 1MB (=1048576) (default)
2019-10-31 17:51:20,885 [main] INFO  server.RaftServerConfigKeys (ConfUtils.java:logGet(43)) - raft.server.rpc.request.timeout = 3000ms (default)
2019-10-31 17:51:20,887 [main] INFO  server.RaftServerConfigKeys (ConfUtils.java:logGet(43)) - raft.server.storage.dir = [/workdir/hadoop-ozone/integration-test/target/test-dir/MiniOzoneClusterImpl-a140a335-5a07-44a3-85b4-01ea81f29811/datanode-1/data/ratis] (custom)
2019-10-31 17:51:20,890 [main] INFO  hdfs.DFSUtil (DFSUtil.java:httpServerTemplateForNNAndJN(1641)) - Starting Web-server for hddsDatanode at: http://0.0.0.0:0
2019-10-31 17:51:20,891 [main] INFO  server.AuthenticationFilter (AuthenticationFilter.java:constructSecretProvider(240)) - Unable to initialize FileSignerSecretProvider, falling back to use random secrets.
2019-10-31 17:51:20,892 [main] WARN  http.HttpRequestLog (HttpRequestLog.java:getRequestLog(97)) - Jetty request log can only be enabled using Log4j
2019-10-31 17:51:20,894 [main] INFO  http.HttpServer2 (HttpServer2.java:addGlobalFilter(975)) - Added global filter 'safety' (class=org.apache.hadoop.http.HttpServer2$QuotingInputFilter)
2019-10-31 17:51:20,895 [main] INFO  http.HttpServer2 (HttpServer2.java:addFilter(948)) - Added filter static_user_filter (class=org.apache.hadoop.http.lib.StaticUserWebFilter$StaticUserFilter) to context hddsDatanode
2019-10-31 17:51:20,896 [main] INFO  http.HttpServer2 (HttpServer2.java:addFilter(958)) - Added filter static_user_filter (class=org.apache.hadoop.http.lib.StaticUserWebFilter$StaticUserFilter) to context logs
2019-10-31 17:51:20,896 [main] INFO  http.HttpServer2 (HttpServer2.java:addFilter(958)) - Added filter static_user_filter (class=org.apache.hadoop.http.lib.StaticUserWebFilter$StaticUserFilter) to context static
2019-10-31 17:51:20,897 [main] INFO  http.HttpServer2 (HttpServer2.java:bindListener(1191)) - Jetty bound to port 44830
2019-10-31 17:51:20,897 [main] INFO  server.Server (Server.java:doStart(351)) - jetty-9.3.25.v20180904, build timestamp: 2018-09-04T21:11:46Z, git hash: 3ce520221d0240229c862b122d2b06c12a625732
2019-10-31 17:51:20,900 [main] INFO  handler.ContextHandler (ContextHandler.java:doStart(781)) - Started o.e.j.s.ServletContextHandler@10a0fe30{/logs,file:///workdir/hadoop-ozone/integration-test/target/log,AVAILABLE}
2019-10-31 17:51:20,901 [main] INFO  handler.ContextHandler (ContextHandler.java:doStart(781)) - Started o.e.j.s.ServletContextHandler@60f70249{/static,jar:file:/home/user/.m2/repository/org/apache/hadoop/hadoop-hdds-container-service/0.5.0-SNAPSHOT/hadoop-hdds-container-service-0.5.0-SNAPSHOT.jar!/webapps/static,AVAILABLE}
2019-10-31 17:51:20,937 [main] INFO  handler.ContextHandler (ContextHandler.java:doStart(781)) - Started o.e.j.w.WebAppContext@26c47874{/,file:///tmp/jetty-0.0.0.0-44830-hddsDatanode-_-any-4151617564026934485.dir/webapp/,AVAILABLE}{/hddsDatanode}
2019-10-31 17:51:20,937 [main] INFO  server.AbstractConnector (AbstractConnector.java:doStart(278)) - Started ServerConnector@421056e5{HTTP/1.1,[http/1.1]}{0.0.0.0:44830}
2019-10-31 17:51:20,938 [main] INFO  server.Server (Server.java:doStart(419)) - Started @4989ms
2019-10-31 17:51:20,939 [main] WARN  impl.MetricsSystemImpl (MetricsSystemImpl.java:register(276)) - Sink prometheus already exists!
2019-10-31 17:51:20,940 [main] INFO  server.BaseHttpServer (BaseHttpServer.java:updateConnectorAddress(215)) - HTTP server of HDDSDATANODE is listening at http://0.0.0.0:44830
2019-10-31 17:51:20,940 [main] INFO  impl.MetricsSystemImpl (MetricsSystemImpl.java:init(158)) - HddsDatanode metrics system started (again)
2019-10-31 17:51:20,943 [main] INFO  ozone.HddsDatanodeService (HddsDatanodeService.java:start(184)) - HddsDatanodeService host:pr-hdds-2329-pipelines-6tcfk-2810823695 ip:192.168.164.209
2019-10-31 17:51:20,944 [org.apache.hadoop.util.JvmPauseMonitor$Monitor@bc204a] INFO  util.JvmPauseMonitor (JvmPauseMonitor.java:run(188)) - Starting JVM pause monitor
2019-10-31 17:51:20,952 [main] INFO  volume.HddsVolume (HddsVolume.java:<init>(176)) - Creating Volume: /workdir/hadoop-ozone/integration-test/target/test-dir/MiniOzoneClusterImpl-a140a335-5a07-44a3-85b4-01ea81f29811/datanode-2/data/containers/hdds of  storage type : DISK and capacity : 1482555576320
2019-10-31 17:51:20,952 [main] INFO  volume.VolumeSet (VolumeSet.java:initializeVolumeSet(170)) - Added Volume : /workdir/hadoop-ozone/integration-test/target/test-dir/MiniOzoneClusterImpl-a140a335-5a07-44a3-85b4-01ea81f29811/datanode-2/data/containers/hdds to VolumeSet
2019-10-31 17:51:20,952 [main] INFO  volume.ThrottledAsyncChecker (ThrottledAsyncChecker.java:schedule(141)) - Scheduling a check for /workdir/hadoop-ozone/integration-test/target/test-dir/MiniOzoneClusterImpl-a140a335-5a07-44a3-85b4-01ea81f29811/datanode-2/data/containers/hdds
2019-10-31 17:51:20,952 [main] INFO  volume.HddsVolumeChecker (HddsVolumeChecker.java:checkAllVolumes(204)) - Scheduled health check for volume /workdir/hadoop-ozone/integration-test/target/test-dir/MiniOzoneClusterImpl-a140a335-5a07-44a3-85b4-01ea81f29811/datanode-2/data/containers/hdds
2019-10-31 17:51:20,964 [main] INFO  impl.RaftServerProxy (ConfUtils.java:logGet(43)) - raft.rpc.type = GRPC (default)
2019-10-31 17:51:20,964 [main] INFO  grpc.GrpcFactory (GrpcFactory.java:checkPooledByteBufAllocatorUseCacheForAllThreads(45)) - PERFORMANCE WARNING: useCacheForAllThreads is true that may cause Netty to create a lot garbage objects and, as a result, trigger GC.
	It is recommended to disable useCacheForAllThreads by setting -Dorg.apache.ratis.thirdparty.io.netty.allocator.useCacheForAllThreads=false in command line.
2019-10-31 17:51:20,964 [main] INFO  grpc.GrpcConfigKeys$Server (ConfUtils.java:logGet(43)) - raft.grpc.server.port = 0 (default)
2019-10-31 17:51:20,965 [main] INFO  server.GrpcService (ConfUtils.java:logGet(43)) - raft.grpc.message.size.max = 33570816 (custom)
2019-10-31 17:51:20,965 [main] INFO  server.RaftServerConfigKeys (ConfUtils.java:logGet(43)) - raft.server.log.appender.buffer.byte-limit = 33554432 (custom)
2019-10-31 17:51:20,965 [main] INFO  server.GrpcService (ConfUtils.java:logGet(43)) - raft.grpc.flow.control.window = 1MB (=1048576) (default)
2019-10-31 17:51:20,965 [main] INFO  server.RaftServerConfigKeys (ConfUtils.java:logGet(43)) - raft.server.rpc.request.timeout = 3000ms (default)
2019-10-31 17:51:20,966 [main] INFO  server.RaftServerConfigKeys (ConfUtils.java:logGet(43)) - raft.server.storage.dir = [/workdir/hadoop-ozone/integration-test/target/test-dir/MiniOzoneClusterImpl-a140a335-5a07-44a3-85b4-01ea81f29811/datanode-2/data/ratis] (custom)
2019-10-31 17:51:20,968 [main] INFO  hdfs.DFSUtil (DFSUtil.java:httpServerTemplateForNNAndJN(1641)) - Starting Web-server for hddsDatanode at: http://0.0.0.0:0
2019-10-31 17:51:20,970 [main] INFO  server.AuthenticationFilter (AuthenticationFilter.java:constructSecretProvider(240)) - Unable to initialize FileSignerSecretProvider, falling back to use random secrets.
2019-10-31 17:51:20,972 [main] WARN  http.HttpRequestLog (HttpRequestLog.java:getRequestLog(97)) - Jetty request log can only be enabled using Log4j
2019-10-31 17:51:20,974 [main] INFO  http.HttpServer2 (HttpServer2.java:addGlobalFilter(975)) - Added global filter 'safety' (class=org.apache.hadoop.http.HttpServer2$QuotingInputFilter)
2019-10-31 17:51:20,975 [main] INFO  http.HttpServer2 (HttpServer2.java:addFilter(948)) - Added filter static_user_filter (class=org.apache.hadoop.http.lib.StaticUserWebFilter$StaticUserFilter) to context hddsDatanode
2019-10-31 17:51:20,975 [main] INFO  http.HttpServer2 (HttpServer2.java:addFilter(958)) - Added filter static_user_filter (class=org.apache.hadoop.http.lib.StaticUserWebFilter$StaticUserFilter) to context static
2019-10-31 17:51:20,975 [main] INFO  http.HttpServer2 (HttpServer2.java:addFilter(958)) - Added filter static_user_filter (class=org.apache.hadoop.http.lib.StaticUserWebFilter$StaticUserFilter) to context logs
2019-10-31 17:51:20,976 [main] INFO  http.HttpServer2 (HttpServer2.java:bindListener(1191)) - Jetty bound to port 44434
2019-10-31 17:51:20,977 [main] INFO  server.Server (Server.java:doStart(351)) - jetty-9.3.25.v20180904, build timestamp: 2018-09-04T21:11:46Z, git hash: 3ce520221d0240229c862b122d2b06c12a625732
2019-10-31 17:51:20,979 [Datanode State Machine Thread - 0] INFO  datanode.InitDatanodeState (InitDatanodeState.java:persistContainerDatanodeDetails(140)) - DatanodeDetails is persisted to /workdir/hadoop-ozone/integration-test/target/test-dir/MiniOzoneClusterImpl-a140a335-5a07-44a3-85b4-01ea81f29811/datanode-0/meta/datanode.id
2019-10-31 17:51:20,982 [Datanode State Machine Thread - 0] INFO  datanode.InitDatanodeState (InitDatanodeState.java:persistContainerDatanodeDetails(140)) - DatanodeDetails is persisted to /workdir/hadoop-ozone/integration-test/target/test-dir/MiniOzoneClusterImpl-a140a335-5a07-44a3-85b4-01ea81f29811/datanode-1/meta/datanode.id
2019-10-31 17:51:20,983 [main] INFO  handler.ContextHandler (ContextHandler.java:doStart(781)) - Started o.e.j.s.ServletContextHandler@22a6e998{/logs,file:///workdir/hadoop-ozone/integration-test/target/log,AVAILABLE}
2019-10-31 17:51:20,984 [main] INFO  handler.ContextHandler (ContextHandler.java:doStart(781)) - Started o.e.j.s.ServletContextHandler@e57e5d6{/static,jar:file:/home/user/.m2/repository/org/apache/hadoop/hadoop-hdds-container-service/0.5.0-SNAPSHOT/hadoop-hdds-container-service-0.5.0-SNAPSHOT.jar!/webapps/static,AVAILABLE}
2019-10-31 17:51:21,024 [main] INFO  handler.ContextHandler (ContextHandler.java:doStart(781)) - Started o.e.j.w.WebAppContext@56a4f272{/,file:///tmp/jetty-0.0.0.0-44434-hddsDatanode-_-any-4173071621278165720.dir/webapp/,AVAILABLE}{/hddsDatanode}
2019-10-31 17:51:21,024 [main] INFO  server.AbstractConnector (AbstractConnector.java:doStart(278)) - Started ServerConnector@3ee0b4f7{HTTP/1.1,[http/1.1]}{0.0.0.0:44434}
2019-10-31 17:51:21,025 [main] INFO  server.Server (Server.java:doStart(419)) - Started @5076ms
2019-10-31 17:51:21,025 [main] WARN  impl.MetricsSystemImpl (MetricsSystemImpl.java:register(276)) - Sink prometheus already exists!
2019-10-31 17:51:21,027 [main] INFO  server.BaseHttpServer (BaseHttpServer.java:updateConnectorAddress(215)) - HTTP server of HDDSDATANODE is listening at http://0.0.0.0:44434
2019-10-31 17:51:21,029 [main] INFO  ozone.MiniOzoneClusterImpl (MiniOzoneClusterImpl.java:lambda$waitForClusterToBeReady$0(147)) - Waiting for cluster to be ready. Got 0 of 3 DN Heartbeats.
2019-10-31 17:51:21,030 [org.apache.hadoop.util.JvmPauseMonitor$Monitor@5937e525] INFO  util.JvmPauseMonitor (JvmPauseMonitor.java:run(188)) - Starting JVM pause monitor
2019-10-31 17:51:21,034 [Datanode State Machine Thread - 0] INFO  datanode.InitDatanodeState (InitDatanodeState.java:persistContainerDatanodeDetails(140)) - DatanodeDetails is persisted to /workdir/hadoop-ozone/integration-test/target/test-dir/MiniOzoneClusterImpl-a140a335-5a07-44a3-85b4-01ea81f29811/datanode-2/meta/datanode.id
2019-10-31 17:51:22,030 [main] INFO  ozone.MiniOzoneClusterImpl (MiniOzoneClusterImpl.java:lambda$waitForClusterToBeReady$0(147)) - Waiting for cluster to be ready. Got 0 of 3 DN Heartbeats.
2019-10-31 17:51:22,948 [Datanode State Machine Thread - 0] INFO  ozoneimpl.OzoneContainer (OzoneContainer.java:start(213)) - Attempting to start container services.
2019-10-31 17:51:22,952 [Datanode State Machine Thread - 0] INFO  ozoneimpl.OzoneContainer (OzoneContainer.java:startContainerScrub(177)) - Background container scanner has been disabled.
2019-10-31 17:51:22,952 [Datanode State Machine Thread - 0] INFO  ratis.XceiverServerRatis (XceiverServerRatis.java:start(418)) - Starting XceiverServerRatis 3c4b9a55-490e-411c-8712-e94a51e11966 at port 0
2019-10-31 17:51:22,961 [Datanode State Machine Thread - 0] INFO  ozoneimpl.OzoneContainer (OzoneContainer.java:start(213)) - Attempting to start container services.
2019-10-31 17:51:22,970 [Datanode State Machine Thread - 0] INFO  ozoneimpl.OzoneContainer (OzoneContainer.java:startContainerScrub(177)) - Background container scanner has been disabled.
2019-10-31 17:51:22,970 [Datanode State Machine Thread - 0] INFO  ratis.XceiverServerRatis (XceiverServerRatis.java:start(418)) - Starting XceiverServerRatis 0b281616-c01c-466a-8a2c-b7dbd5445109 at port 0
2019-10-31 17:51:22,990 [Datanode State Machine Thread - 0] INFO  impl.RaftServerProxy (RaftServerProxy.java:lambda$start$3(299)) - 3c4b9a55-490e-411c-8712-e94a51e11966: start RPC server
2019-10-31 17:51:22,990 [Datanode State Machine Thread - 0] INFO  impl.RaftServerProxy (RaftServerProxy.java:lambda$start$3(299)) - 0b281616-c01c-466a-8a2c-b7dbd5445109: start RPC server
2019-10-31 17:51:23,031 [main] INFO  ozone.MiniOzoneClusterImpl (MiniOzoneClusterImpl.java:lambda$waitForClusterToBeReady$0(147)) - Waiting for cluster to be ready. Got 0 of 3 DN Heartbeats.
2019-10-31 17:51:23,047 [Datanode State Machine Thread - 0] INFO  ozoneimpl.OzoneContainer (OzoneContainer.java:start(213)) - Attempting to start container services.
2019-10-31 17:51:23,048 [Datanode State Machine Thread - 0] INFO  ozoneimpl.OzoneContainer (OzoneContainer.java:startContainerScrub(177)) - Background container scanner has been disabled.
2019-10-31 17:51:23,048 [Datanode State Machine Thread - 0] INFO  ratis.XceiverServerRatis (XceiverServerRatis.java:start(418)) - Starting XceiverServerRatis 8ad27c18-e1b1-434c-bb09-32fd11380927 at port 0
2019-10-31 17:51:23,059 [Datanode State Machine Thread - 0] INFO  impl.RaftServerProxy (RaftServerProxy.java:lambda$start$3(299)) - 8ad27c18-e1b1-434c-bb09-32fd11380927: start RPC server
2019-10-31 17:51:23,150 [Datanode State Machine Thread - 0] INFO  server.GrpcService (GrpcService.java:startImpl(158)) - 3c4b9a55-490e-411c-8712-e94a51e11966: GrpcService started, listening on 0.0.0.0/0.0.0.0:38456
2019-10-31 17:51:23,150 [Datanode State Machine Thread - 0] INFO  server.GrpcService (GrpcService.java:startImpl(158)) - 8ad27c18-e1b1-434c-bb09-32fd11380927: GrpcService started, listening on 0.0.0.0/0.0.0.0:34436
2019-10-31 17:51:23,150 [Datanode State Machine Thread - 0] INFO  server.GrpcService (GrpcService.java:startImpl(158)) - 0b281616-c01c-466a-8a2c-b7dbd5445109: GrpcService started, listening on 0.0.0.0/0.0.0.0:34661
2019-10-31 17:51:23,151 [Datanode State Machine Thread - 0] INFO  ratis.XceiverServerRatis (XceiverServerRatis.java:start(428)) - XceiverServerRatis 8ad27c18-e1b1-434c-bb09-32fd11380927 is started using port 34436
2019-10-31 17:51:23,151 [Datanode State Machine Thread - 0] INFO  ratis.XceiverServerRatis (XceiverServerRatis.java:start(428)) - XceiverServerRatis 3c4b9a55-490e-411c-8712-e94a51e11966 is started using port 38456
2019-10-31 17:51:23,152 [Datanode State Machine Thread - 0] INFO  ratis.XceiverServerRatis (XceiverServerRatis.java:start(428)) - XceiverServerRatis 0b281616-c01c-466a-8a2c-b7dbd5445109 is started using port 34661
2019-10-31 17:51:23,157 [Datanode State Machine Thread - 0] INFO  server.XceiverServerGrpc (XceiverServerGrpc.java:start(149)) - XceiverServerGrpc 3c4b9a55-490e-411c-8712-e94a51e11966 is started using port 42243
2019-10-31 17:51:23,157 [Datanode State Machine Thread - 0] INFO  server.XceiverServerGrpc (XceiverServerGrpc.java:start(149)) - XceiverServerGrpc 0b281616-c01c-466a-8a2c-b7dbd5445109 is started using port 41114
2019-10-31 17:51:23,157 [Datanode State Machine Thread - 0] INFO  server.XceiverServerGrpc (XceiverServerGrpc.java:start(149)) - XceiverServerGrpc 8ad27c18-e1b1-434c-bb09-32fd11380927 is started using port 36490
2019-10-31 17:51:24,032 [main] INFO  ozone.MiniOzoneClusterImpl (MiniOzoneClusterImpl.java:lambda$waitForClusterToBeReady$0(147)) - Waiting for cluster to be ready. Got 0 of 3 DN Heartbeats.
2019-10-31 17:51:24,907 [IPC Server handler 0 on 46665] INFO  net.NetworkTopology (NetworkTopologyImpl.java:add(111)) - Added a new node: /default-rack/3c4b9a55-490e-411c-8712-e94a51e11966
2019-10-31 17:51:24,910 [IPC Server handler 0 on 46665] INFO  node.SCMNodeManager (SCMNodeManager.java:register(313)) - Registered Data node : 3c4b9a55-490e-411c-8712-e94a51e11966{ip: 192.168.164.209, host: pr-hdds-2329-pipelines-6tcfk-2810823695, networkLocation: /default-rack, certSerialId: null}
2019-10-31 17:51:24,914 [EventQueue-NodeRegistrationContainerReportForDataNodeSafeModeRule] INFO  safemode.SCMSafeModeManager (DataNodeSafeModeRule.java:process(71)) - SCM in safe mode. 1 DataNodes registered, 1 required.
2019-10-31 17:51:24,914 [EventQueue-NodeRegistrationContainerReportForDataNodeSafeModeRule] INFO  safemode.SCMSafeModeManager (SCMSafeModeManager.java:validateSafeModeExitRules(177)) - ScmSafeModeManager, all rules are successfully validated
2019-10-31 17:51:24,914 [EventQueue-NodeRegistrationContainerReportForDataNodeSafeModeRule] INFO  safemode.SCMSafeModeManager (SCMSafeModeManager.java:exitSafeMode(193)) - SCM exiting safe mode.
2019-10-31 17:51:24,947 [IPC Server handler 1 on 46665] INFO  net.NetworkTopology (NetworkTopologyImpl.java:add(111)) - Added a new node: /default-rack/0b281616-c01c-466a-8a2c-b7dbd5445109
2019-10-31 17:51:24,948 [IPC Server handler 1 on 46665] INFO  node.SCMNodeManager (SCMNodeManager.java:register(313)) - Registered Data node : 0b281616-c01c-466a-8a2c-b7dbd5445109{ip: 192.168.164.209, host: pr-hdds-2329-pipelines-6tcfk-2810823695, networkLocation: /default-rack, certSerialId: null}
2019-10-31 17:51:25,035 [main] INFO  ozone.MiniOzoneClusterImpl (MiniOzoneClusterImpl.java:lambda$waitForClusterToBeReady$0(147)) - Waiting for cluster to be ready. Got 2 of 3 DN Heartbeats.
2019-10-31 17:51:25,035 [IPC Server handler 3 on 46665] INFO  net.NetworkTopology (NetworkTopologyImpl.java:add(111)) - Added a new node: /default-rack/8ad27c18-e1b1-434c-bb09-32fd11380927
2019-10-31 17:51:25,035 [IPC Server handler 3 on 46665] INFO  node.SCMNodeManager (SCMNodeManager.java:register(313)) - Registered Data node : 8ad27c18-e1b1-434c-bb09-32fd11380927{ip: 192.168.164.209, host: pr-hdds-2329-pipelines-6tcfk-2810823695, networkLocation: /default-rack, certSerialId: null}
2019-10-31 17:51:25,385 [grpc-default-executor-0] INFO  impl.RaftServerProxy (RaftServerProxy.java:addNew(89)) - 3c4b9a55-490e-411c-8712-e94a51e11966: addNew group-0C438BC6BFA6:[3c4b9a55-490e-411c-8712-e94a51e11966:192.168.164.209:38456] returns group-0C438BC6BFA6:java.util.concurrent.CompletableFuture@53b5fc0c[Not completed]
2019-10-31 17:51:25,399 [pool-28-thread-1] INFO  impl.RaftServerImpl (RaftServerImpl.java:<init>(98)) - 3c4b9a55-490e-411c-8712-e94a51e11966: new RaftServerImpl for group-0C438BC6BFA6:[3c4b9a55-490e-411c-8712-e94a51e11966:192.168.164.209:38456] with ContainerStateMachine:uninitialized
2019-10-31 17:51:25,401 [pool-28-thread-1] INFO  server.RaftServerConfigKeys (ConfUtils.java:logGet(43)) - raft.server.rpc.timeout.min = 5s (custom)
2019-10-31 17:51:25,402 [pool-28-thread-1] INFO  server.RaftServerConfigKeys (ConfUtils.java:logGet(43)) - raft.server.rpc.timeout.max = 5200ms (custom)
2019-10-31 17:51:25,402 [pool-28-thread-1] INFO  server.RaftServerConfigKeys (ConfUtils.java:logGet(43)) - raft.server.rpcslowness.timeout = 1000s (custom)
2019-10-31 17:51:25,403 [pool-28-thread-1] INFO  server.RaftServerConfigKeys (ConfUtils.java:logGet(43)) - raft.server.sleep.deviation.threshold = 300 (default)
2019-10-31 17:51:25,404 [pool-28-thread-1] INFO  server.RaftServerConfigKeys (ConfUtils.java:logGet(43)) - raft.server.log.appender.install.snapshot.enabled = false (custom)
2019-10-31 17:51:25,412 [pool-28-thread-1] INFO  impl.RaftServerImpl (ServerState.java:<init>(103)) - 3c4b9a55-490e-411c-8712-e94a51e11966@group-0C438BC6BFA6: ConfigurationManager, init=-1: [3c4b9a55-490e-411c-8712-e94a51e11966:192.168.164.209:38456], old=null, confs=<EMPTY_MAP>
2019-10-31 17:51:25,413 [pool-28-thread-1] INFO  server.RaftServerConfigKeys (ConfUtils.java:logGet(43)) - raft.server.storage.dir = [/workdir/hadoop-ozone/integration-test/target/test-dir/MiniOzoneClusterImpl-a140a335-5a07-44a3-85b4-01ea81f29811/datanode-0/data/ratis] (custom)
2019-10-31 17:51:25,419 [pool-28-thread-1] INFO  server.RaftServerConfigKeys (ConfUtils.java:logGet(43)) - raft.server.log.corruption.policy = EXCEPTION (default)
2019-10-31 17:51:25,421 [pool-28-thread-1] INFO  storage.RaftStorageDirectory (RaftStorageDirectory.java:analyzeStorage(246)) - The storage directory /workdir/hadoop-ozone/integration-test/target/test-dir/MiniOzoneClusterImpl-a140a335-5a07-44a3-85b4-01ea81f29811/datanode-0/data/ratis/bd1f334a-b2f2-47b7-9967-0c438bc6bfa6 does not exist. Creating ...
2019-10-31 17:51:25,447 [pool-28-thread-1] INFO  storage.RaftStorageDirectory (RaftStorageDirectory.java:tryLock(328)) - Lock on /workdir/hadoop-ozone/integration-test/target/test-dir/MiniOzoneClusterImpl-a140a335-5a07-44a3-85b4-01ea81f29811/datanode-0/data/ratis/bd1f334a-b2f2-47b7-9967-0c438bc6bfa6/in_use.lock acquired by nodename 30271@pr-hdds-2329-pipelines-6tcfk-2810823695
2019-10-31 17:51:25,463 [pool-28-thread-1] INFO  storage.RaftStorage (RaftStorage.java:format(84)) - Storage directory /workdir/hadoop-ozone/integration-test/target/test-dir/MiniOzoneClusterImpl-a140a335-5a07-44a3-85b4-01ea81f29811/datanode-0/data/ratis/bd1f334a-b2f2-47b7-9967-0c438bc6bfa6 has been successfully formatted.
2019-10-31 17:51:25,466 [pool-28-thread-1] INFO  ratis.ContainerStateMachine (ContainerStateMachine.java:loadSnapshot(231)) - group-0C438BC6BFA6: The snapshot info is null. Setting the last applied indexto:(t:0, i:~)
2019-10-31 17:51:25,466 [pool-28-thread-1] INFO  server.RaftServerConfigKeys (ConfUtils.java:logGet(43)) - raft.server.notification.no-leader.timeout = 1000s (custom)
2019-10-31 17:51:25,469 [pool-28-thread-1] INFO  server.RaftServerConfigKeys (ConfUtils.java:logGet(43)) - raft.server.log.use.memory = false (default)
2019-10-31 17:51:25,475 [pool-28-thread-1] INFO  server.RaftServerConfigKeys (ConfUtils.java:logGet(43)) - raft.server.log.purge.gap = 1000000 (custom)
2019-10-31 17:51:25,476 [pool-28-thread-1] INFO  server.RaftServerConfigKeys (ConfUtils.java:logGet(43)) - raft.server.log.appender.buffer.byte-limit = 33554432 (custom)
2019-10-31 17:51:25,478 [pool-28-thread-1] INFO  server.RaftServerConfigKeys (ConfUtils.java:logGet(43)) - raft.server.log.segment.size.max = 1048576 (custom)
2019-10-31 17:51:25,484 [pool-28-thread-1] INFO  metrics.MetricRegistries (MetricRegistriesLoader.java:load(64)) - Loaded MetricRegistries class org.apache.ratis.metrics.impl.MetricRegistriesImpl
2019-10-31 17:51:25,492 [pool-28-thread-1] WARN  impl.MetricRegistriesImpl (MetricRegistriesImpl.java:lambda$create$1(61)) - First MetricRegistry has been created without registering reporters. You may need to call MetricRegistries.global().addReportRegistration(...) before.
2019-10-31 17:51:25,498 [pool-28-thread-1] INFO  server.RaftServerConfigKeys (ConfUtils.java:logGet(43)) - raft.server.log.segment.cache.num.max = 2 (custom)
2019-10-31 17:51:25,504 [pool-28-thread-1] INFO  segmented.SegmentedRaftLogWorker (SegmentedRaftLogWorker.java:<init>(173)) - new 3c4b9a55-490e-411c-8712-e94a51e11966@group-0C438BC6BFA6-SegmentedRaftLogWorker for RaftStorage:Storage Directory /workdir/hadoop-ozone/integration-test/target/test-dir/MiniOzoneClusterImpl-a140a335-5a07-44a3-85b4-01ea81f29811/datanode-0/data/ratis/bd1f334a-b2f2-47b7-9967-0c438bc6bfa6
2019-10-31 17:51:25,505 [pool-28-thread-1] INFO  server.RaftServerConfigKeys (ConfUtils.java:logGet(43)) - raft.server.log.queue.byte-limit = 2147483647 (custom)
2019-10-31 17:51:25,505 [pool-28-thread-1] INFO  server.RaftServerConfigKeys (ConfUtils.java:logGet(43)) - raft.server.log.queue.element-limit = 1024 (custom)
2019-10-31 17:51:25,507 [pool-28-thread-1] INFO  server.RaftServerConfigKeys (ConfUtils.java:logGet(43)) - raft.server.log.segment.size.max = 1048576 (custom)
2019-10-31 17:51:25,507 [pool-28-thread-1] INFO  server.RaftServerConfigKeys (ConfUtils.java:logGet(43)) - raft.server.log.preallocated.size = 16384 (custom)
2019-10-31 17:51:25,508 [pool-28-thread-1] INFO  server.RaftServerConfigKeys (ConfUtils.java:logGet(43)) - raft.server.log.write.buffer.size = 33554432 (custom)
2019-10-31 17:51:25,509 [pool-28-thread-1] INFO  server.RaftServerConfigKeys (ConfUtils.java:logGet(43)) - raft.server.log.force.sync.num = 128 (default)
2019-10-31 17:51:25,510 [pool-28-thread-1] INFO  server.RaftServerConfigKeys (ConfUtils.java:logGet(43)) - raft.server.log.statemachine.data.sync = true (default)
2019-10-31 17:51:25,510 [pool-28-thread-1] INFO  server.RaftServerConfigKeys (ConfUtils.java:logGet(43)) - raft.server.log.statemachine.data.sync.timeout = 10s (default)
2019-10-31 17:51:25,511 [pool-28-thread-1] INFO  server.RaftServerConfigKeys (ConfUtils.java:logGet(43)) - raft.server.log.statemachine.data.sync.timeout.retry = -1 (default)
2019-10-31 17:51:25,521 [pool-28-thread-1] INFO  server.RaftServerConfigKeys (ConfUtils.java:logGet(43)) - raft.server.log.statemachine.data.caching.enabled = true (custom)
2019-10-31 17:51:25,527 [pool-28-thread-1] INFO  segmented.SegmentedRaftLogWorker (SegmentedRaftLogWorker.java:lambda$new$0(128)) - 3c4b9a55-490e-411c-8712-e94a51e11966@group-0C438BC6BFA6-SegmentedRaftLogWorker: flushIndex: setUnconditionally 0 -> -1
2019-10-31 17:51:25,531 [pool-28-thread-1] INFO  server.RaftServerConfigKeys (ConfUtils.java:logGet(43)) - raft.server.snapshot.auto.trigger.enabled = true (custom)
2019-10-31 17:51:25,532 [pool-28-thread-1] INFO  server.RaftServerConfigKeys (ConfUtils.java:logGet(43)) - raft.server.snapshot.auto.trigger.threshold = 10000 (custom)
2019-10-31 17:51:25,532 [pool-28-thread-1] INFO  server.RaftServerConfigKeys (ConfUtils.java:logGet(43)) - raft.server.snapshot.retention.file.num = 5 (custom)
2019-10-31 17:51:25,533 [pool-28-thread-1] INFO  server.RaftServerConfigKeys (ConfUtils.java:logGet(43)) - raft.server.retrycache.expirytime = 600000ms (custom)
2019-10-31 17:51:25,552 [pool-28-thread-1] WARN  impl.MetricRegistriesImpl (MetricRegistriesImpl.java:lambda$create$1(61)) - First MetricRegistry has been created without registering reporters. You may need to call MetricRegistries.global().addReportRegistration(...) before.
2019-10-31 17:51:25,554 [pool-28-thread-1] WARN  impl.MetricRegistriesImpl (MetricRegistriesImpl.java:lambda$create$1(61)) - First MetricRegistry has been created without registering reporters. You may need to call MetricRegistries.global().addReportRegistration(...) before.
2019-10-31 17:51:25,555 [pool-28-thread-1] INFO  impl.RaftServerImpl (RaftServerImpl.java:start(184)) - 3c4b9a55-490e-411c-8712-e94a51e11966@group-0C438BC6BFA6: start as a follower, conf=-1: [3c4b9a55-490e-411c-8712-e94a51e11966:192.168.164.209:38456], old=null
2019-10-31 17:51:25,556 [pool-28-thread-1] INFO  impl.RaftServerImpl (RaftServerImpl.java:setRole(173)) - 3c4b9a55-490e-411c-8712-e94a51e11966@group-0C438BC6BFA6: changes role from      null to FOLLOWER at term 0 for startAsFollower
2019-10-31 17:51:25,557 [pool-28-thread-1] INFO  impl.RoleInfo (RoleInfo.java:updateAndGet(143)) - 3c4b9a55-490e-411c-8712-e94a51e11966: start FollowerState
2019-10-31 17:51:25,559 [pool-28-thread-1] INFO  util.JmxRegister (JmxRegister.java:tryRegister(44)) - Successfully registered JMX Bean with object name Ratis:service=RaftServer,group=group-0C438BC6BFA6,id=3c4b9a55-490e-411c-8712-e94a51e11966
2019-10-31 17:51:25,561 [pool-28-thread-1] WARN  impl.MetricRegistriesImpl (MetricRegistriesImpl.java:lambda$create$1(61)) - First MetricRegistry has been created without registering reporters. You may need to call MetricRegistries.global().addReportRegistration(...) before.
2019-10-31 17:51:25,623 [RatisPipelineUtilsThread] INFO  pipeline.PipelineStateManager (PipelineStateManager.java:addPipeline(56)) - Created pipeline Pipeline[ Id: bd1f334a-b2f2-47b7-9967-0c438bc6bfa6, Nodes: 3c4b9a55-490e-411c-8712-e94a51e11966{ip: 192.168.164.209, host: pr-hdds-2329-pipelines-6tcfk-2810823695, networkLocation: /default-rack, certSerialId: null}, Type:RATIS, Factor:ONE, State:OPEN]
2019-10-31 17:51:25,641 [grpc-default-executor-0] INFO  impl.RaftServerProxy (RaftServerProxy.java:addNew(89)) - 0b281616-c01c-466a-8a2c-b7dbd5445109: addNew group-3F1636997F7A:[0b281616-c01c-466a-8a2c-b7dbd5445109:192.168.164.209:34661] returns group-3F1636997F7A:java.util.concurrent.CompletableFuture@dbd5b6b[Not completed]
2019-10-31 17:51:25,659 [pool-38-thread-1] INFO  impl.RaftServerImpl (RaftServerImpl.java:<init>(98)) - 0b281616-c01c-466a-8a2c-b7dbd5445109: new RaftServerImpl for group-3F1636997F7A:[0b281616-c01c-466a-8a2c-b7dbd5445109:192.168.164.209:34661] with ContainerStateMachine:uninitialized
2019-10-31 17:51:25,660 [pool-38-thread-1] INFO  server.RaftServerConfigKeys (ConfUtils.java:logGet(43)) - raft.server.rpc.timeout.min = 5s (custom)
2019-10-31 17:51:25,660 [pool-38-thread-1] INFO  server.RaftServerConfigKeys (ConfUtils.java:logGet(43)) - raft.server.rpc.timeout.max = 5200ms (custom)
2019-10-31 17:51:25,660 [pool-38-thread-1] INFO  server.RaftServerConfigKeys (ConfUtils.java:logGet(43)) - raft.server.rpcslowness.timeout = 1000s (custom)
2019-10-31 17:51:25,660 [pool-38-thread-1] INFO  server.RaftServerConfigKeys (ConfUtils.java:logGet(43)) - raft.server.sleep.deviation.threshold = 300 (default)
2019-10-31 17:51:25,660 [pool-38-thread-1] INFO  server.RaftServerConfigKeys (ConfUtils.java:logGet(43)) - raft.server.log.appender.install.snapshot.enabled = false (custom)
2019-10-31 17:51:25,660 [pool-38-thread-1] INFO  impl.RaftServerImpl (ServerState.java:<init>(103)) - 0b281616-c01c-466a-8a2c-b7dbd5445109@group-3F1636997F7A: ConfigurationManager, init=-1: [0b281616-c01c-466a-8a2c-b7dbd5445109:192.168.164.209:34661], old=null, confs=<EMPTY_MAP>
2019-10-31 17:51:25,661 [pool-38-thread-1] INFO  server.RaftServerConfigKeys (ConfUtils.java:logGet(43)) - raft.server.storage.dir = [/workdir/hadoop-ozone/integration-test/target/test-dir/MiniOzoneClusterImpl-a140a335-5a07-44a3-85b4-01ea81f29811/datanode-1/data/ratis] (custom)
2019-10-31 17:51:25,661 [pool-38-thread-1] INFO  server.RaftServerConfigKeys (ConfUtils.java:logGet(43)) - raft.server.log.corruption.policy = EXCEPTION (default)
2019-10-31 17:51:25,661 [pool-38-thread-1] INFO  storage.RaftStorageDirectory (RaftStorageDirectory.java:analyzeStorage(246)) - The storage directory /workdir/hadoop-ozone/integration-test/target/test-dir/MiniOzoneClusterImpl-a140a335-5a07-44a3-85b4-01ea81f29811/datanode-1/data/ratis/92b31bea-6f2c-4a1d-b657-3f1636997f7a does not exist. Creating ...
2019-10-31 17:51:25,674 [pool-38-thread-1] INFO  storage.RaftStorageDirectory (RaftStorageDirectory.java:tryLock(328)) - Lock on /workdir/hadoop-ozone/integration-test/target/test-dir/MiniOzoneClusterImpl-a140a335-5a07-44a3-85b4-01ea81f29811/datanode-1/data/ratis/92b31bea-6f2c-4a1d-b657-3f1636997f7a/in_use.lock acquired by nodename 30271@pr-hdds-2329-pipelines-6tcfk-2810823695
2019-10-31 17:51:25,687 [pool-38-thread-1] INFO  storage.RaftStorage (RaftStorage.java:format(84)) - Storage directory /workdir/hadoop-ozone/integration-test/target/test-dir/MiniOzoneClusterImpl-a140a335-5a07-44a3-85b4-01ea81f29811/datanode-1/data/ratis/92b31bea-6f2c-4a1d-b657-3f1636997f7a has been successfully formatted.
2019-10-31 17:51:25,688 [pool-38-thread-1] INFO  ratis.ContainerStateMachine (ContainerStateMachine.java:loadSnapshot(231)) - group-3F1636997F7A: The snapshot info is null. Setting the last applied indexto:(t:0, i:~)
2019-10-31 17:51:25,689 [pool-38-thread-1] INFO  server.RaftServerConfigKeys (ConfUtils.java:logGet(43)) - raft.server.notification.no-leader.timeout = 1000s (custom)
2019-10-31 17:51:25,689 [pool-38-thread-1] INFO  server.RaftServerConfigKeys (ConfUtils.java:logGet(43)) - raft.server.log.use.memory = false (default)
2019-10-31 17:51:25,689 [pool-38-thread-1] INFO  server.RaftServerConfigKeys (ConfUtils.java:logGet(43)) - raft.server.log.purge.gap = 1000000 (custom)
2019-10-31 17:51:25,689 [pool-38-thread-1] INFO  server.RaftServerConfigKeys (ConfUtils.java:logGet(43)) - raft.server.log.appender.buffer.byte-limit = 33554432 (custom)
2019-10-31 17:51:25,689 [pool-38-thread-1] INFO  server.RaftServerConfigKeys (ConfUtils.java:logGet(43)) - raft.server.log.segment.size.max = 1048576 (custom)
2019-10-31 17:51:25,689 [pool-38-thread-1] WARN  impl.MetricRegistriesImpl (MetricRegistriesImpl.java:lambda$create$1(61)) - First MetricRegistry has been created without registering reporters. You may need to call MetricRegistries.global().addReportRegistration(...) before.
2019-10-31 17:51:25,690 [pool-38-thread-1] INFO  server.RaftServerConfigKeys (ConfUtils.java:logGet(43)) - raft.server.log.segment.cache.num.max = 2 (custom)
2019-10-31 17:51:25,690 [pool-38-thread-1] INFO  segmented.SegmentedRaftLogWorker (SegmentedRaftLogWorker.java:<init>(173)) - new 0b281616-c01c-466a-8a2c-b7dbd5445109@group-3F1636997F7A-SegmentedRaftLogWorker for RaftStorage:Storage Directory /workdir/hadoop-ozone/integration-test/target/test-dir/MiniOzoneClusterImpl-a140a335-5a07-44a3-85b4-01ea81f29811/datanode-1/data/ratis/92b31bea-6f2c-4a1d-b657-3f1636997f7a
2019-10-31 17:51:25,691 [pool-38-thread-1] INFO  server.RaftServerConfigKeys (ConfUtils.java:logGet(43)) - raft.server.log.queue.byte-limit = 2147483647 (custom)
2019-10-31 17:51:25,691 [pool-38-thread-1] INFO  server.RaftServerConfigKeys (ConfUtils.java:logGet(43)) - raft.server.log.queue.element-limit = 1024 (custom)
2019-10-31 17:51:25,691 [pool-38-thread-1] INFO  server.RaftServerConfigKeys (ConfUtils.java:logGet(43)) - raft.server.log.segment.size.max = 1048576 (custom)
2019-10-31 17:51:25,691 [pool-38-thread-1] INFO  server.RaftServerConfigKeys (ConfUtils.java:logGet(43)) - raft.server.log.preallocated.size = 16384 (custom)
2019-10-31 17:51:25,691 [pool-38-thread-1] INFO  server.RaftServerConfigKeys (ConfUtils.java:logGet(43)) - raft.server.log.write.buffer.size = 33554432 (custom)
2019-10-31 17:51:25,691 [pool-38-thread-1] INFO  server.RaftServerConfigKeys (ConfUtils.java:logGet(43)) - raft.server.log.force.sync.num = 128 (default)
2019-10-31 17:51:25,692 [pool-38-thread-1] INFO  server.RaftServerConfigKeys (ConfUtils.java:logGet(43)) - raft.server.log.statemachine.data.sync = true (default)
2019-10-31 17:51:25,692 [pool-38-thread-1] INFO  server.RaftServerConfigKeys (ConfUtils.java:logGet(43)) - raft.server.log.statemachine.data.sync.timeout = 10s (default)
2019-10-31 17:51:25,692 [pool-38-thread-1] INFO  server.RaftServerConfigKeys (ConfUtils.java:logGet(43)) - raft.server.log.statemachine.data.sync.timeout.retry = -1 (default)
2019-10-31 17:51:25,692 [pool-38-thread-1] INFO  server.RaftServerConfigKeys (ConfUtils.java:logGet(43)) - raft.server.log.statemachine.data.caching.enabled = true (custom)
2019-10-31 17:51:25,693 [pool-38-thread-1] INFO  segmented.SegmentedRaftLogWorker (SegmentedRaftLogWorker.java:lambda$new$0(128)) - 0b281616-c01c-466a-8a2c-b7dbd5445109@group-3F1636997F7A-SegmentedRaftLogWorker: flushIndex: setUnconditionally 0 -> -1
2019-10-31 17:51:25,693 [pool-38-thread-1] INFO  server.RaftServerConfigKeys (ConfUtils.java:logGet(43)) - raft.server.snapshot.auto.trigger.enabled = true (custom)
2019-10-31 17:51:25,693 [pool-38-thread-1] INFO  server.RaftServerConfigKeys (ConfUtils.java:logGet(43)) - raft.server.snapshot.auto.trigger.threshold = 10000 (custom)
2019-10-31 17:51:25,693 [pool-38-thread-1] INFO  server.RaftServerConfigKeys (ConfUtils.java:logGet(43)) - raft.server.snapshot.retention.file.num = 5 (custom)
2019-10-31 17:51:25,693 [pool-38-thread-1] INFO  server.RaftServerConfigKeys (ConfUtils.java:logGet(43)) - raft.server.retrycache.expirytime = 600000ms (custom)
2019-10-31 17:51:25,694 [pool-38-thread-1] WARN  impl.MetricRegistriesImpl (MetricRegistriesImpl.java:lambda$create$1(61)) - First MetricRegistry has been created without registering reporters. You may need to call MetricRegistries.global().addReportRegistration(...) before.
2019-10-31 17:51:25,694 [pool-38-thread-1] WARN  impl.MetricRegistriesImpl (MetricRegistriesImpl.java:lambda$create$1(61)) - First MetricRegistry has been created without registering reporters. You may need to call MetricRegistries.global().addReportRegistration(...) before.
2019-10-31 17:51:25,694 [pool-38-thread-1] INFO  impl.RaftServerImpl (RaftServerImpl.java:start(184)) - 0b281616-c01c-466a-8a2c-b7dbd5445109@group-3F1636997F7A: start as a follower, conf=-1: [0b281616-c01c-466a-8a2c-b7dbd5445109:192.168.164.209:34661], old=null
2019-10-31 17:51:25,694 [pool-38-thread-1] INFO  impl.RaftServerImpl (RaftServerImpl.java:setRole(173)) - 0b281616-c01c-466a-8a2c-b7dbd5445109@group-3F1636997F7A: changes role from      null to FOLLOWER at term 0 for startAsFollower
2019-10-31 17:51:25,694 [pool-38-thread-1] INFO  impl.RoleInfo (RoleInfo.java:updateAndGet(143)) - 0b281616-c01c-466a-8a2c-b7dbd5445109: start FollowerState
2019-10-31 17:51:25,695 [pool-38-thread-1] INFO  util.JmxRegister (JmxRegister.java:tryRegister(44)) - Successfully registered JMX Bean with object name Ratis:service=RaftServer,group=group-3F1636997F7A,id=0b281616-c01c-466a-8a2c-b7dbd5445109
2019-10-31 17:51:25,696 [pool-38-thread-1] WARN  impl.MetricRegistriesImpl (MetricRegistriesImpl.java:lambda$create$1(61)) - First MetricRegistry has been created without registering reporters. You may need to call MetricRegistries.global().addReportRegistration(...) before.
2019-10-31 17:51:25,706 [RatisPipelineUtilsThread] INFO  pipeline.PipelineStateManager (PipelineStateManager.java:addPipeline(56)) - Created pipeline Pipeline[ Id: 92b31bea-6f2c-4a1d-b657-3f1636997f7a, Nodes: 0b281616-c01c-466a-8a2c-b7dbd5445109{ip: 192.168.164.209, host: pr-hdds-2329-pipelines-6tcfk-2810823695, networkLocation: /default-rack, certSerialId: null}, Type:RATIS, Factor:ONE, State:OPEN]
2019-10-31 17:51:25,722 [grpc-default-executor-0] INFO  impl.RaftServerProxy (RaftServerProxy.java:addNew(89)) - 8ad27c18-e1b1-434c-bb09-32fd11380927: addNew group-2F07A2748F48:[8ad27c18-e1b1-434c-bb09-32fd11380927:192.168.164.209:34436] returns group-2F07A2748F48:java.util.concurrent.CompletableFuture@a90b038[Not completed]
2019-10-31 17:51:25,733 [pool-48-thread-1] INFO  impl.RaftServerImpl (RaftServerImpl.java:<init>(98)) - 8ad27c18-e1b1-434c-bb09-32fd11380927: new RaftServerImpl for group-2F07A2748F48:[8ad27c18-e1b1-434c-bb09-32fd11380927:192.168.164.209:34436] with ContainerStateMachine:uninitialized
2019-10-31 17:51:25,733 [pool-48-thread-1] INFO  server.RaftServerConfigKeys (ConfUtils.java:logGet(43)) - raft.server.rpc.timeout.min = 5s (custom)
2019-10-31 17:51:25,734 [pool-48-thread-1] INFO  server.RaftServerConfigKeys (ConfUtils.java:logGet(43)) - raft.server.rpc.timeout.max = 5200ms (custom)
2019-10-31 17:51:25,734 [pool-48-thread-1] INFO  server.RaftServerConfigKeys (ConfUtils.java:logGet(43)) - raft.server.rpcslowness.timeout = 1000s (custom)
2019-10-31 17:51:25,734 [pool-48-thread-1] INFO  server.RaftServerConfigKeys (ConfUtils.java:logGet(43)) - raft.server.sleep.deviation.threshold = 300 (default)
2019-10-31 17:51:25,734 [pool-48-thread-1] INFO  server.RaftServerConfigKeys (ConfUtils.java:logGet(43)) - raft.server.log.appender.install.snapshot.enabled = false (custom)
2019-10-31 17:51:25,734 [pool-48-thread-1] INFO  impl.RaftServerImpl (ServerState.java:<init>(103)) - 8ad27c18-e1b1-434c-bb09-32fd11380927@group-2F07A2748F48: ConfigurationManager, init=-1: [8ad27c18-e1b1-434c-bb09-32fd11380927:192.168.164.209:34436], old=null, confs=<EMPTY_MAP>
2019-10-31 17:51:25,734 [pool-48-thread-1] INFO  server.RaftServerConfigKeys (ConfUtils.java:logGet(43)) - raft.server.storage.dir = [/workdir/hadoop-ozone/integration-test/target/test-dir/MiniOzoneClusterImpl-a140a335-5a07-44a3-85b4-01ea81f29811/datanode-2/data/ratis] (custom)
2019-10-31 17:51:25,735 [pool-48-thread-1] INFO  server.RaftServerConfigKeys (ConfUtils.java:logGet(43)) - raft.server.log.corruption.policy = EXCEPTION (default)
2019-10-31 17:51:25,735 [pool-48-thread-1] INFO  storage.RaftStorageDirectory (RaftStorageDirectory.java:analyzeStorage(246)) - The storage directory /workdir/hadoop-ozone/integration-test/target/test-dir/MiniOzoneClusterImpl-a140a335-5a07-44a3-85b4-01ea81f29811/datanode-2/data/ratis/0d3d38fd-d3d2-4e50-bea4-2f07a2748f48 does not exist. Creating ...
2019-10-31 17:51:25,760 [pool-48-thread-1] INFO  storage.RaftStorageDirectory (RaftStorageDirectory.java:tryLock(328)) - Lock on /workdir/hadoop-ozone/integration-test/target/test-dir/MiniOzoneClusterImpl-a140a335-5a07-44a3-85b4-01ea81f29811/datanode-2/data/ratis/0d3d38fd-d3d2-4e50-bea4-2f07a2748f48/in_use.lock acquired by nodename 30271@pr-hdds-2329-pipelines-6tcfk-2810823695
2019-10-31 17:51:25,773 [pool-48-thread-1] INFO  storage.RaftStorage (RaftStorage.java:format(84)) - Storage directory /workdir/hadoop-ozone/integration-test/target/test-dir/MiniOzoneClusterImpl-a140a335-5a07-44a3-85b4-01ea81f29811/datanode-2/data/ratis/0d3d38fd-d3d2-4e50-bea4-2f07a2748f48 has been successfully formatted.
2019-10-31 17:51:25,773 [pool-48-thread-1] INFO  ratis.ContainerStateMachine (ContainerStateMachine.java:loadSnapshot(231)) - group-2F07A2748F48: The snapshot info is null. Setting the last applied indexto:(t:0, i:~)
2019-10-31 17:51:25,773 [pool-48-thread-1] INFO  server.RaftServerConfigKeys (ConfUtils.java:logGet(43)) - raft.server.notification.no-leader.timeout = 1000s (custom)
2019-10-31 17:51:25,773 [pool-48-thread-1] INFO  server.RaftServerConfigKeys (ConfUtils.java:logGet(43)) - raft.server.log.use.memory = false (default)
2019-10-31 17:51:25,773 [pool-48-thread-1] INFO  server.RaftServerConfigKeys (ConfUtils.java:logGet(43)) - raft.server.log.purge.gap = 1000000 (custom)
2019-10-31 17:51:25,774 [pool-48-thread-1] INFO  server.RaftServerConfigKeys (ConfUtils.java:logGet(43)) - raft.server.log.appender.buffer.byte-limit = 33554432 (custom)
2019-10-31 17:51:25,774 [pool-48-thread-1] INFO  server.RaftServerConfigKeys (ConfUtils.java:logGet(43)) - raft.server.log.segment.size.max = 1048576 (custom)
2019-10-31 17:51:25,774 [pool-48-thread-1] WARN  impl.MetricRegistriesImpl (MetricRegistriesImpl.java:lambda$create$1(61)) - First MetricRegistry has been created without registering reporters. You may need to call MetricRegistries.global().addReportRegistration(...) before.
2019-10-31 17:51:25,774 [pool-48-thread-1] INFO  server.RaftServerConfigKeys (ConfUtils.java:logGet(43)) - raft.server.log.segment.cache.num.max = 2 (custom)
2019-10-31 17:51:25,774 [pool-48-thread-1] INFO  segmented.SegmentedRaftLogWorker (SegmentedRaftLogWorker.java:<init>(173)) - new 8ad27c18-e1b1-434c-bb09-32fd11380927@group-2F07A2748F48-SegmentedRaftLogWorker for RaftStorage:Storage Directory /workdir/hadoop-ozone/integration-test/target/test-dir/MiniOzoneClusterImpl-a140a335-5a07-44a3-85b4-01ea81f29811/datanode-2/data/ratis/0d3d38fd-d3d2-4e50-bea4-2f07a2748f48
2019-10-31 17:51:25,774 [pool-48-thread-1] INFO  server.RaftServerConfigKeys (ConfUtils.java:logGet(43)) - raft.server.log.queue.byte-limit = 2147483647 (custom)
2019-10-31 17:51:25,774 [pool-48-thread-1] INFO  server.RaftServerConfigKeys (ConfUtils.java:logGet(43)) - raft.server.log.queue.element-limit = 1024 (custom)
2019-10-31 17:51:25,775 [pool-48-thread-1] INFO  server.RaftServerConfigKeys (ConfUtils.java:logGet(43)) - raft.server.log.segment.size.max = 1048576 (custom)
2019-10-31 17:51:25,775 [pool-48-thread-1] INFO  server.RaftServerConfigKeys (ConfUtils.java:logGet(43)) - raft.server.log.preallocated.size = 16384 (custom)
2019-10-31 17:51:25,775 [pool-48-thread-1] INFO  server.RaftServerConfigKeys (ConfUtils.java:logGet(43)) - raft.server.log.write.buffer.size = 33554432 (custom)
2019-10-31 17:51:25,775 [pool-48-thread-1] INFO  server.RaftServerConfigKeys (ConfUtils.java:logGet(43)) - raft.server.log.force.sync.num = 128 (default)
2019-10-31 17:51:25,775 [pool-48-thread-1] INFO  server.RaftServerConfigKeys (ConfUtils.java:logGet(43)) - raft.server.log.statemachine.data.sync = true (default)
2019-10-31 17:51:25,775 [pool-48-thread-1] INFO  server.RaftServerConfigKeys (ConfUtils.java:logGet(43)) - raft.server.log.statemachine.data.sync.timeout = 10s (default)
2019-10-31 17:51:25,775 [pool-48-thread-1] INFO  server.RaftServerConfigKeys (ConfUtils.java:logGet(43)) - raft.server.log.statemachine.data.sync.timeout.retry = -1 (default)
2019-10-31 17:51:25,776 [pool-48-thread-1] INFO  server.RaftServerConfigKeys (ConfUtils.java:logGet(43)) - raft.server.log.statemachine.data.caching.enabled = true (custom)
2019-10-31 17:51:25,776 [pool-48-thread-1] INFO  segmented.SegmentedRaftLogWorker (SegmentedRaftLogWorker.java:lambda$new$0(128)) - 8ad27c18-e1b1-434c-bb09-32fd11380927@group-2F07A2748F48-SegmentedRaftLogWorker: flushIndex: setUnconditionally 0 -> -1
2019-10-31 17:51:25,776 [pool-48-thread-1] INFO  server.RaftServerConfigKeys (ConfUtils.java:logGet(43)) - raft.server.snapshot.auto.trigger.enabled = true (custom)
2019-10-31 17:51:25,777 [pool-48-thread-1] INFO  server.RaftServerConfigKeys (ConfUtils.java:logGet(43)) - raft.server.snapshot.auto.trigger.threshold = 10000 (custom)
2019-10-31 17:51:25,777 [pool-48-thread-1] INFO  server.RaftServerConfigKeys (ConfUtils.java:logGet(43)) - raft.server.snapshot.retention.file.num = 5 (custom)
2019-10-31 17:51:25,777 [pool-48-thread-1] INFO  server.RaftServerConfigKeys (ConfUtils.java:logGet(43)) - raft.server.retrycache.expirytime = 600000ms (custom)
2019-10-31 17:51:25,777 [pool-48-thread-1] WARN  impl.MetricRegistriesImpl (MetricRegistriesImpl.java:lambda$create$1(61)) - First MetricRegistry has been created without registering reporters. You may need to call MetricRegistries.global().addReportRegistration(...) before.
2019-10-31 17:51:25,777 [pool-48-thread-1] WARN  impl.MetricRegistriesImpl (MetricRegistriesImpl.java:lambda$create$1(61)) - First MetricRegistry has been created without registering reporters. You may need to call MetricRegistries.global().addReportRegistration(...) before.
2019-10-31 17:51:25,778 [pool-48-thread-1] INFO  impl.RaftServerImpl (RaftServerImpl.java:start(184)) - 8ad27c18-e1b1-434c-bb09-32fd11380927@group-2F07A2748F48: start as a follower, conf=-1: [8ad27c18-e1b1-434c-bb09-32fd11380927:192.168.164.209:34436], old=null
2019-10-31 17:51:25,778 [pool-48-thread-1] INFO  impl.RaftServerImpl (RaftServerImpl.java:setRole(173)) - 8ad27c18-e1b1-434c-bb09-32fd11380927@group-2F07A2748F48: changes role from      null to FOLLOWER at term 0 for startAsFollower
2019-10-31 17:51:25,778 [pool-48-thread-1] INFO  impl.RoleInfo (RoleInfo.java:updateAndGet(143)) - 8ad27c18-e1b1-434c-bb09-32fd11380927: start FollowerState
2019-10-31 17:51:25,778 [pool-48-thread-1] INFO  util.JmxRegister (JmxRegister.java:tryRegister(44)) - Successfully registered JMX Bean with object name Ratis:service=RaftServer,group=group-2F07A2748F48,id=8ad27c18-e1b1-434c-bb09-32fd11380927
2019-10-31 17:51:25,779 [pool-48-thread-1] WARN  impl.MetricRegistriesImpl (MetricRegistriesImpl.java:lambda$create$1(61)) - First MetricRegistry has been created without registering reporters. You may need to call MetricRegistries.global().addReportRegistration(...) before.
2019-10-31 17:51:25,794 [RatisPipelineUtilsThread] INFO  pipeline.PipelineStateManager (PipelineStateManager.java:addPipeline(56)) - Created pipeline Pipeline[ Id: 0d3d38fd-d3d2-4e50-bea4-2f07a2748f48, Nodes: 8ad27c18-e1b1-434c-bb09-32fd11380927{ip: 192.168.164.209, host: pr-hdds-2329-pipelines-6tcfk-2810823695, networkLocation: /default-rack, certSerialId: null}, Type:RATIS, Factor:ONE, State:OPEN]
2019-10-31 17:51:25,825 [grpc-default-executor-1] INFO  impl.RaftServerProxy (RaftServerProxy.java:addNew(89)) - 0b281616-c01c-466a-8a2c-b7dbd5445109: addNew group-65D104242C3E:[8ad27c18-e1b1-434c-bb09-32fd11380927:192.168.164.209:34436, 3c4b9a55-490e-411c-8712-e94a51e11966:192.168.164.209:38456, 0b281616-c01c-466a-8a2c-b7dbd5445109:192.168.164.209:34661] returns group-65D104242C3E:java.util.concurrent.CompletableFuture@79cd4020[Not completed]
2019-10-31 17:51:25,826 [grpc-default-executor-2] INFO  impl.RaftServerProxy (RaftServerProxy.java:addNew(89)) - 3c4b9a55-490e-411c-8712-e94a51e11966: addNew group-65D104242C3E:[8ad27c18-e1b1-434c-bb09-32fd11380927:192.168.164.209:34436, 3c4b9a55-490e-411c-8712-e94a51e11966:192.168.164.209:38456, 0b281616-c01c-466a-8a2c-b7dbd5445109:192.168.164.209:34661] returns group-65D104242C3E:java.util.concurrent.CompletableFuture@13baee85[Not completed]
2019-10-31 17:51:25,827 [grpc-default-executor-0] INFO  impl.RaftServerProxy (RaftServerProxy.java:addNew(89)) - 8ad27c18-e1b1-434c-bb09-32fd11380927: addNew group-65D104242C3E:[8ad27c18-e1b1-434c-bb09-32fd11380927:192.168.164.209:34436, 3c4b9a55-490e-411c-8712-e94a51e11966:192.168.164.209:38456, 0b281616-c01c-466a-8a2c-b7dbd5445109:192.168.164.209:34661] returns group-65D104242C3E:java.util.concurrent.CompletableFuture@20c538a3[Not completed]
2019-10-31 17:51:25,828 [pool-38-thread-1] INFO  impl.RaftServerImpl (RaftServerImpl.java:<init>(98)) - 0b281616-c01c-466a-8a2c-b7dbd5445109: new RaftServerImpl for group-65D104242C3E:[8ad27c18-e1b1-434c-bb09-32fd11380927:192.168.164.209:34436, 3c4b9a55-490e-411c-8712-e94a51e11966:192.168.164.209:38456, 0b281616-c01c-466a-8a2c-b7dbd5445109:192.168.164.209:34661] with ContainerStateMachine:uninitialized
2019-10-31 17:51:25,829 [pool-38-thread-1] INFO  server.RaftServerConfigKeys (ConfUtils.java:logGet(43)) - raft.server.rpc.timeout.min = 5s (custom)
2019-10-31 17:51:25,829 [pool-38-thread-1] INFO  server.RaftServerConfigKeys (ConfUtils.java:logGet(43)) - raft.server.rpc.timeout.max = 5200ms (custom)
2019-10-31 17:51:25,829 [pool-38-thread-1] INFO  server.RaftServerConfigKeys (ConfUtils.java:logGet(43)) - raft.server.rpcslowness.timeout = 1000s (custom)
2019-10-31 17:51:25,829 [pool-38-thread-1] INFO  server.RaftServerConfigKeys (ConfUtils.java:logGet(43)) - raft.server.sleep.deviation.threshold = 300 (default)
2019-10-31 17:51:25,830 [pool-38-thread-1] INFO  server.RaftServerConfigKeys (ConfUtils.java:logGet(43)) - raft.server.log.appender.install.snapshot.enabled = false (custom)
2019-10-31 17:51:25,830 [pool-38-thread-1] INFO  impl.RaftServerImpl (ServerState.java:<init>(103)) - 0b281616-c01c-466a-8a2c-b7dbd5445109@group-65D104242C3E: ConfigurationManager, init=-1: [8ad27c18-e1b1-434c-bb09-32fd11380927:192.168.164.209:34436, 3c4b9a55-490e-411c-8712-e94a51e11966:192.168.164.209:38456, 0b281616-c01c-466a-8a2c-b7dbd5445109:192.168.164.209:34661], old=null, confs=<EMPTY_MAP>
2019-10-31 17:51:25,830 [pool-48-thread-1] INFO  impl.RaftServerImpl (RaftServerImpl.java:<init>(98)) - 8ad27c18-e1b1-434c-bb09-32fd11380927: new RaftServerImpl for group-65D104242C3E:[8ad27c18-e1b1-434c-bb09-32fd11380927:192.168.164.209:34436, 3c4b9a55-490e-411c-8712-e94a51e11966:192.168.164.209:38456, 0b281616-c01c-466a-8a2c-b7dbd5445109:192.168.164.209:34661] with ContainerStateMachine:uninitialized
2019-10-31 17:51:25,830 [pool-38-thread-1] INFO  server.RaftServerConfigKeys (ConfUtils.java:logGet(43)) - raft.server.storage.dir = [/workdir/hadoop-ozone/integration-test/target/test-dir/MiniOzoneClusterImpl-a140a335-5a07-44a3-85b4-01ea81f29811/datanode-1/data/ratis] (custom)
2019-10-31 17:51:25,830 [pool-48-thread-1] INFO  server.RaftServerConfigKeys (ConfUtils.java:logGet(43)) - raft.server.rpc.timeout.min = 5s (custom)
2019-10-31 17:51:25,830 [pool-48-thread-1] INFO  server.RaftServerConfigKeys (ConfUtils.java:logGet(43)) - raft.server.rpc.timeout.max = 5200ms (custom)
2019-10-31 17:51:25,830 [pool-38-thread-1] INFO  server.RaftServerConfigKeys (ConfUtils.java:logGet(43)) - raft.server.log.corruption.policy = EXCEPTION (default)
2019-10-31 17:51:25,831 [pool-28-thread-1] INFO  impl.RaftServerImpl (RaftServerImpl.java:<init>(98)) - 3c4b9a55-490e-411c-8712-e94a51e11966: new RaftServerImpl for group-65D104242C3E:[8ad27c18-e1b1-434c-bb09-32fd11380927:192.168.164.209:34436, 3c4b9a55-490e-411c-8712-e94a51e11966:192.168.164.209:38456, 0b281616-c01c-466a-8a2c-b7dbd5445109:192.168.164.209:34661] with ContainerStateMachine:uninitialized
2019-10-31 17:51:25,831 [pool-48-thread-1] INFO  server.RaftServerConfigKeys (ConfUtils.java:logGet(43)) - raft.server.rpcslowness.timeout = 1000s (custom)
2019-10-31 17:51:25,831 [pool-28-thread-1] INFO  server.RaftServerConfigKeys (ConfUtils.java:logGet(43)) - raft.server.rpc.timeout.min = 5s (custom)
2019-10-31 17:51:25,831 [pool-38-thread-1] INFO  storage.RaftStorageDirectory (RaftStorageDirectory.java:analyzeStorage(246)) - The storage directory /workdir/hadoop-ozone/integration-test/target/test-dir/MiniOzoneClusterImpl-a140a335-5a07-44a3-85b4-01ea81f29811/datanode-1/data/ratis/9d718bf7-db0a-4e77-ab39-65d104242c3e does not exist. Creating ...
2019-10-31 17:51:25,831 [pool-28-thread-1] INFO  server.RaftServerConfigKeys (ConfUtils.java:logGet(43)) - raft.server.rpc.timeout.max = 5200ms (custom)
2019-10-31 17:51:25,831 [pool-48-thread-1] INFO  server.RaftServerConfigKeys (ConfUtils.java:logGet(43)) - raft.server.sleep.deviation.threshold = 300 (default)
2019-10-31 17:51:25,831 [pool-28-thread-1] INFO  server.RaftServerConfigKeys (ConfUtils.java:logGet(43)) - raft.server.rpcslowness.timeout = 1000s (custom)
2019-10-31 17:51:25,831 [pool-48-thread-1] INFO  server.RaftServerConfigKeys (ConfUtils.java:logGet(43)) - raft.server.log.appender.install.snapshot.enabled = false (custom)
2019-10-31 17:51:25,831 [pool-28-thread-1] INFO  server.RaftServerConfigKeys (ConfUtils.java:logGet(43)) - raft.server.sleep.deviation.threshold = 300 (default)
2019-10-31 17:51:25,832 [pool-48-thread-1] INFO  impl.RaftServerImpl (ServerState.java:<init>(103)) - 8ad27c18-e1b1-434c-bb09-32fd11380927@group-65D104242C3E: ConfigurationManager, init=-1: [8ad27c18-e1b1-434c-bb09-32fd11380927:192.168.164.209:34436, 3c4b9a55-490e-411c-8712-e94a51e11966:192.168.164.209:38456, 0b281616-c01c-466a-8a2c-b7dbd5445109:192.168.164.209:34661], old=null, confs=<EMPTY_MAP>
2019-10-31 17:51:25,832 [pool-28-thread-1] INFO  server.RaftServerConfigKeys (ConfUtils.java:logGet(43)) - raft.server.log.appender.install.snapshot.enabled = false (custom)
2019-10-31 17:51:25,832 [pool-48-thread-1] INFO  server.RaftServerConfigKeys (ConfUtils.java:logGet(43)) - raft.server.storage.dir = [/workdir/hadoop-ozone/integration-test/target/test-dir/MiniOzoneClusterImpl-a140a335-5a07-44a3-85b4-01ea81f29811/datanode-2/data/ratis] (custom)
2019-10-31 17:51:25,832 [pool-28-thread-1] INFO  impl.RaftServerImpl (ServerState.java:<init>(103)) - 3c4b9a55-490e-411c-8712-e94a51e11966@group-65D104242C3E: ConfigurationManager, init=-1: [8ad27c18-e1b1-434c-bb09-32fd11380927:192.168.164.209:34436, 3c4b9a55-490e-411c-8712-e94a51e11966:192.168.164.209:38456, 0b281616-c01c-466a-8a2c-b7dbd5445109:192.168.164.209:34661], old=null, confs=<EMPTY_MAP>
2019-10-31 17:51:25,832 [pool-28-thread-1] INFO  server.RaftServerConfigKeys (ConfUtils.java:logGet(43)) - raft.server.storage.dir = [/workdir/hadoop-ozone/integration-test/target/test-dir/MiniOzoneClusterImpl-a140a335-5a07-44a3-85b4-01ea81f29811/datanode-0/data/ratis] (custom)
2019-10-31 17:51:25,832 [pool-48-thread-1] INFO  server.RaftServerConfigKeys (ConfUtils.java:logGet(43)) - raft.server.log.corruption.policy = EXCEPTION (default)
2019-10-31 17:51:25,832 [pool-28-thread-1] INFO  server.RaftServerConfigKeys (ConfUtils.java:logGet(43)) - raft.server.log.corruption.policy = EXCEPTION (default)
2019-10-31 17:51:25,832 [pool-48-thread-1] INFO  storage.RaftStorageDirectory (RaftStorageDirectory.java:analyzeStorage(246)) - The storage directory /workdir/hadoop-ozone/integration-test/target/test-dir/MiniOzoneClusterImpl-a140a335-5a07-44a3-85b4-01ea81f29811/datanode-2/data/ratis/9d718bf7-db0a-4e77-ab39-65d104242c3e does not exist. Creating ...
2019-10-31 17:51:25,833 [pool-28-thread-1] INFO  storage.RaftStorageDirectory (RaftStorageDirectory.java:analyzeStorage(246)) - The storage directory /workdir/hadoop-ozone/integration-test/target/test-dir/MiniOzoneClusterImpl-a140a335-5a07-44a3-85b4-01ea81f29811/datanode-0/data/ratis/9d718bf7-db0a-4e77-ab39-65d104242c3e does not exist. Creating ...
2019-10-31 17:51:25,856 [pool-28-thread-1] INFO  storage.RaftStorageDirectory (RaftStorageDirectory.java:tryLock(328)) - Lock on /workdir/hadoop-ozone/integration-test/target/test-dir/MiniOzoneClusterImpl-a140a335-5a07-44a3-85b4-01ea81f29811/datanode-0/data/ratis/9d718bf7-db0a-4e77-ab39-65d104242c3e/in_use.lock acquired by nodename 30271@pr-hdds-2329-pipelines-6tcfk-2810823695
2019-10-31 17:51:25,856 [pool-38-thread-1] INFO  storage.RaftStorageDirectory (RaftStorageDirectory.java:tryLock(328)) - Lock on /workdir/hadoop-ozone/integration-test/target/test-dir/MiniOzoneClusterImpl-a140a335-5a07-44a3-85b4-01ea81f29811/datanode-1/data/ratis/9d718bf7-db0a-4e77-ab39-65d104242c3e/in_use.lock acquired by nodename 30271@pr-hdds-2329-pipelines-6tcfk-2810823695
2019-10-31 17:51:25,856 [pool-48-thread-1] INFO  storage.RaftStorageDirectory (RaftStorageDirectory.java:tryLock(328)) - Lock on /workdir/hadoop-ozone/integration-test/target/test-dir/MiniOzoneClusterImpl-a140a335-5a07-44a3-85b4-01ea81f29811/datanode-2/data/ratis/9d718bf7-db0a-4e77-ab39-65d104242c3e/in_use.lock acquired by nodename 30271@pr-hdds-2329-pipelines-6tcfk-2810823695
2019-10-31 17:51:25,882 [pool-28-thread-1] INFO  storage.RaftStorage (RaftStorage.java:format(84)) - Storage directory /workdir/hadoop-ozone/integration-test/target/test-dir/MiniOzoneClusterImpl-a140a335-5a07-44a3-85b4-01ea81f29811/datanode-0/data/ratis/9d718bf7-db0a-4e77-ab39-65d104242c3e has been successfully formatted.
2019-10-31 17:51:25,882 [pool-48-thread-1] INFO  storage.RaftStorage (RaftStorage.java:format(84)) - Storage directory /workdir/hadoop-ozone/integration-test/target/test-dir/MiniOzoneClusterImpl-a140a335-5a07-44a3-85b4-01ea81f29811/datanode-2/data/ratis/9d718bf7-db0a-4e77-ab39-65d104242c3e has been successfully formatted.
2019-10-31 17:51:25,882 [pool-38-thread-1] INFO  storage.RaftStorage (RaftStorage.java:format(84)) - Storage directory /workdir/hadoop-ozone/integration-test/target/test-dir/MiniOzoneClusterImpl-a140a335-5a07-44a3-85b4-01ea81f29811/datanode-1/data/ratis/9d718bf7-db0a-4e77-ab39-65d104242c3e has been successfully formatted.
2019-10-31 17:51:25,882 [pool-28-thread-1] INFO  ratis.ContainerStateMachine (ContainerStateMachine.java:loadSnapshot(231)) - group-65D104242C3E: The snapshot info is null. Setting the last applied indexto:(t:0, i:~)
2019-10-31 17:51:25,883 [pool-48-thread-1] INFO  ratis.ContainerStateMachine (ContainerStateMachine.java:loadSnapshot(231)) - group-65D104242C3E: The snapshot info is null. Setting the last applied indexto:(t:0, i:~)
2019-10-31 17:51:25,883 [pool-38-thread-1] INFO  ratis.ContainerStateMachine (ContainerStateMachine.java:loadSnapshot(231)) - group-65D104242C3E: The snapshot info is null. Setting the last applied indexto:(t:0, i:~)
2019-10-31 17:51:25,883 [pool-28-thread-1] INFO  server.RaftServerConfigKeys (ConfUtils.java:logGet(43)) - raft.server.notification.no-leader.timeout = 1000s (custom)
2019-10-31 17:51:25,883 [pool-48-thread-1] INFO  server.RaftServerConfigKeys (ConfUtils.java:logGet(43)) - raft.server.notification.no-leader.timeout = 1000s (custom)
2019-10-31 17:51:25,883 [pool-28-thread-1] INFO  server.RaftServerConfigKeys (ConfUtils.java:logGet(43)) - raft.server.log.use.memory = false (default)
2019-10-31 17:51:25,883 [pool-38-thread-1] INFO  server.RaftServerConfigKeys (ConfUtils.java:logGet(43)) - raft.server.notification.no-leader.timeout = 1000s (custom)
2019-10-31 17:51:25,883 [pool-28-thread-1] INFO  server.RaftServerConfigKeys (ConfUtils.java:logGet(43)) - raft.server.log.purge.gap = 1000000 (custom)
2019-10-31 17:51:25,883 [pool-48-thread-1] INFO  server.RaftServerConfigKeys (ConfUtils.java:logGet(43)) - raft.server.log.use.memory = false (default)
2019-10-31 17:51:25,883 [pool-28-thread-1] INFO  server.RaftServerConfigKeys (ConfUtils.java:logGet(43)) - raft.server.log.appender.buffer.byte-limit = 33554432 (custom)
2019-10-31 17:51:25,883 [pool-38-thread-1] INFO  server.RaftServerConfigKeys (ConfUtils.java:logGet(43)) - raft.server.log.use.memory = false (default)
2019-10-31 17:51:25,884 [pool-28-thread-1] INFO  server.RaftServerConfigKeys (ConfUtils.java:logGet(43)) - raft.server.log.segment.size.max = 1048576 (custom)
2019-10-31 17:51:25,884 [pool-48-thread-1] INFO  server.RaftServerConfigKeys (ConfUtils.java:logGet(43)) - raft.server.log.purge.gap = 1000000 (custom)
2019-10-31 17:51:25,884 [pool-28-thread-1] INFO  server.RaftServerConfigKeys (ConfUtils.java:logGet(43)) - raft.server.log.segment.cache.num.max = 2 (custom)
2019-10-31 17:51:25,884 [pool-38-thread-1] INFO  server.RaftServerConfigKeys (ConfUtils.java:logGet(43)) - raft.server.log.purge.gap = 1000000 (custom)
2019-10-31 17:51:25,884 [pool-28-thread-1] INFO  segmented.SegmentedRaftLogWorker (SegmentedRaftLogWorker.java:<init>(173)) - new 3c4b9a55-490e-411c-8712-e94a51e11966@group-65D104242C3E-SegmentedRaftLogWorker for RaftStorage:Storage Directory /workdir/hadoop-ozone/integration-test/target/test-dir/MiniOzoneClusterImpl-a140a335-5a07-44a3-85b4-01ea81f29811/datanode-0/data/ratis/9d718bf7-db0a-4e77-ab39-65d104242c3e
2019-10-31 17:51:25,884 [pool-48-thread-1] INFO  server.RaftServerConfigKeys (ConfUtils.java:logGet(43)) - raft.server.log.appender.buffer.byte-limit = 33554432 (custom)
2019-10-31 17:51:25,884 [pool-28-thread-1] INFO  server.RaftServerConfigKeys (ConfUtils.java:logGet(43)) - raft.server.log.queue.byte-limit = 2147483647 (custom)
2019-10-31 17:51:25,884 [pool-38-thread-1] INFO  server.RaftServerConfigKeys (ConfUtils.java:logGet(43)) - raft.server.log.appender.buffer.byte-limit = 33554432 (custom)
2019-10-31 17:51:25,885 [pool-28-thread-1] INFO  server.RaftServerConfigKeys (ConfUtils.java:logGet(43)) - raft.server.log.queue.element-limit = 1024 (custom)
2019-10-31 17:51:25,884 [pool-48-thread-1] INFO  server.RaftServerConfigKeys (ConfUtils.java:logGet(43)) - raft.server.log.segment.size.max = 1048576 (custom)
2019-10-31 17:51:25,885 [pool-28-thread-1] INFO  server.RaftServerConfigKeys (ConfUtils.java:logGet(43)) - raft.server.log.segment.size.max = 1048576 (custom)
2019-10-31 17:51:25,885 [pool-38-thread-1] INFO  server.RaftServerConfigKeys (ConfUtils.java:logGet(43)) - raft.server.log.segment.size.max = 1048576 (custom)
2019-10-31 17:51:25,885 [pool-28-thread-1] INFO  server.RaftServerConfigKeys (ConfUtils.java:logGet(43)) - raft.server.log.preallocated.size = 16384 (custom)
2019-10-31 17:51:25,885 [pool-48-thread-1] INFO  server.RaftServerConfigKeys (ConfUtils.java:logGet(43)) - raft.server.log.segment.cache.num.max = 2 (custom)
2019-10-31 17:51:25,885 [pool-28-thread-1] INFO  server.RaftServerConfigKeys (ConfUtils.java:logGet(43)) - raft.server.log.write.buffer.size = 33554432 (custom)
2019-10-31 17:51:25,885 [pool-38-thread-1] INFO  server.RaftServerConfigKeys (ConfUtils.java:logGet(43)) - raft.server.log.segment.cache.num.max = 2 (custom)
2019-10-31 17:51:25,885 [pool-28-thread-1] INFO  server.RaftServerConfigKeys (ConfUtils.java:logGet(43)) - raft.server.log.force.sync.num = 128 (default)
2019-10-31 17:51:25,885 [pool-48-thread-1] INFO  segmented.SegmentedRaftLogWorker (SegmentedRaftLogWorker.java:<init>(173)) - new 8ad27c18-e1b1-434c-bb09-32fd11380927@group-65D104242C3E-SegmentedRaftLogWorker for RaftStorage:Storage Directory /workdir/hadoop-ozone/integration-test/target/test-dir/MiniOzoneClusterImpl-a140a335-5a07-44a3-85b4-01ea81f29811/datanode-2/data/ratis/9d718bf7-db0a-4e77-ab39-65d104242c3e
2019-10-31 17:51:25,886 [pool-28-thread-1] INFO  server.RaftServerConfigKeys (ConfUtils.java:logGet(43)) - raft.server.log.statemachine.data.sync = true (default)
2019-10-31 17:51:25,886 [pool-38-thread-1] INFO  segmented.SegmentedRaftLogWorker (SegmentedRaftLogWorker.java:<init>(173)) - new 0b281616-c01c-466a-8a2c-b7dbd5445109@group-65D104242C3E-SegmentedRaftLogWorker for RaftStorage:Storage Directory /workdir/hadoop-ozone/integration-test/target/test-dir/MiniOzoneClusterImpl-a140a335-5a07-44a3-85b4-01ea81f29811/datanode-1/data/ratis/9d718bf7-db0a-4e77-ab39-65d104242c3e
2019-10-31 17:51:25,886 [pool-28-thread-1] INFO  server.RaftServerConfigKeys (ConfUtils.java:logGet(43)) - raft.server.log.statemachine.data.sync.timeout = 10s (default)
2019-10-31 17:51:25,886 [pool-48-thread-1] INFO  server.RaftServerConfigKeys (ConfUtils.java:logGet(43)) - raft.server.log.queue.byte-limit = 2147483647 (custom)
2019-10-31 17:51:25,886 [pool-28-thread-1] INFO  server.RaftServerConfigKeys (ConfUtils.java:logGet(43)) - raft.server.log.statemachine.data.sync.timeout.retry = -1 (default)
2019-10-31 17:51:25,886 [pool-38-thread-1] INFO  server.RaftServerConfigKeys (ConfUtils.java:logGet(43)) - raft.server.log.queue.byte-limit = 2147483647 (custom)
2019-10-31 17:51:25,886 [pool-48-thread-1] INFO  server.RaftServerConfigKeys (ConfUtils.java:logGet(43)) - raft.server.log.queue.element-limit = 1024 (custom)
2019-10-31 17:51:25,886 [pool-38-thread-1] INFO  server.RaftServerConfigKeys (ConfUtils.java:logGet(43)) - raft.server.log.queue.element-limit = 1024 (custom)
2019-10-31 17:51:25,886 [pool-28-thread-1] INFO  server.RaftServerConfigKeys (ConfUtils.java:logGet(43)) - raft.server.log.statemachine.data.caching.enabled = true (custom)
2019-10-31 17:51:25,887 [pool-38-thread-1] INFO  server.RaftServerConfigKeys (ConfUtils.java:logGet(43)) - raft.server.log.segment.size.max = 1048576 (custom)
2019-10-31 17:51:25,887 [pool-48-thread-1] INFO  server.RaftServerConfigKeys (ConfUtils.java:logGet(43)) - raft.server.log.segment.size.max = 1048576 (custom)
2019-10-31 17:51:25,887 [pool-38-thread-1] INFO  server.RaftServerConfigKeys (ConfUtils.java:logGet(43)) - raft.server.log.preallocated.size = 16384 (custom)
2019-10-31 17:51:25,887 [pool-48-thread-1] INFO  server.RaftServerConfigKeys (ConfUtils.java:logGet(43)) - raft.server.log.preallocated.size = 16384 (custom)
2019-10-31 17:51:25,887 [pool-28-thread-1] INFO  segmented.SegmentedRaftLogWorker (SegmentedRaftLogWorker.java:lambda$new$0(128)) - 3c4b9a55-490e-411c-8712-e94a51e11966@group-65D104242C3E-SegmentedRaftLogWorker: flushIndex: setUnconditionally 0 -> -1
2019-10-31 17:51:25,887 [pool-48-thread-1] INFO  server.RaftServerConfigKeys (ConfUtils.java:logGet(43)) - raft.server.log.write.buffer.size = 33554432 (custom)
2019-10-31 17:51:25,887 [pool-38-thread-1] INFO  server.RaftServerConfigKeys (ConfUtils.java:logGet(43)) - raft.server.log.write.buffer.size = 33554432 (custom)
2019-10-31 17:51:25,888 [pool-28-thread-1] INFO  server.RaftServerConfigKeys (ConfUtils.java:logGet(43)) - raft.server.snapshot.auto.trigger.enabled = true (custom)
2019-10-31 17:51:25,888 [pool-38-thread-1] INFO  server.RaftServerConfigKeys (ConfUtils.java:logGet(43)) - raft.server.log.force.sync.num = 128 (default)
2019-10-31 17:51:25,887 [pool-48-thread-1] INFO  server.RaftServerConfigKeys (ConfUtils.java:logGet(43)) - raft.server.log.force.sync.num = 128 (default)
2019-10-31 17:51:25,888 [pool-38-thread-1] INFO  server.RaftServerConfigKeys (ConfUtils.java:logGet(43)) - raft.server.log.statemachine.data.sync = true (default)
2019-10-31 17:51:25,888 [pool-28-thread-1] INFO  server.RaftServerConfigKeys (ConfUtils.java:logGet(43)) - raft.server.snapshot.auto.trigger.threshold = 10000 (custom)
2019-10-31 17:51:25,888 [pool-38-thread-1] INFO  server.RaftServerConfigKeys (ConfUtils.java:logGet(43)) - raft.server.log.statemachine.data.sync.timeout = 10s (default)
2019-10-31 17:51:25,888 [pool-48-thread-1] INFO  server.RaftServerConfigKeys (ConfUtils.java:logGet(43)) - raft.server.log.statemachine.data.sync = true (default)
2019-10-31 17:51:25,888 [pool-38-thread-1] INFO  server.RaftServerConfigKeys (ConfUtils.java:logGet(43)) - raft.server.log.statemachine.data.sync.timeout.retry = -1 (default)
2019-10-31 17:51:25,888 [pool-28-thread-1] INFO  server.RaftServerConfigKeys (ConfUtils.java:logGet(43)) - raft.server.snapshot.retention.file.num = 5 (custom)
2019-10-31 17:51:25,889 [pool-38-thread-1] INFO  server.RaftServerConfigKeys (ConfUtils.java:logGet(43)) - raft.server.log.statemachine.data.caching.enabled = true (custom)
2019-10-31 17:51:25,888 [pool-48-thread-1] INFO  server.RaftServerConfigKeys (ConfUtils.java:logGet(43)) - raft.server.log.statemachine.data.sync.timeout = 10s (default)
2019-10-31 17:51:25,889 [pool-48-thread-1] INFO  server.RaftServerConfigKeys (ConfUtils.java:logGet(43)) - raft.server.log.statemachine.data.sync.timeout.retry = -1 (default)
2019-10-31 17:51:25,889 [pool-28-thread-1] INFO  server.RaftServerConfigKeys (ConfUtils.java:logGet(43)) - raft.server.retrycache.expirytime = 600000ms (custom)
2019-10-31 17:51:25,889 [pool-48-thread-1] INFO  server.RaftServerConfigKeys (ConfUtils.java:logGet(43)) - raft.server.log.statemachine.data.caching.enabled = true (custom)
2019-10-31 17:51:25,889 [pool-38-thread-1] INFO  segmented.SegmentedRaftLogWorker (SegmentedRaftLogWorker.java:lambda$new$0(128)) - 0b281616-c01c-466a-8a2c-b7dbd5445109@group-65D104242C3E-SegmentedRaftLogWorker: flushIndex: setUnconditionally 0 -> -1
2019-10-31 17:51:25,890 [pool-28-thread-1] WARN  impl.MetricRegistriesImpl (MetricRegistriesImpl.java:lambda$create$1(61)) - First MetricRegistry has been created without registering reporters. You may need to call MetricRegistries.global().addReportRegistration(...) before.
2019-10-31 17:51:25,890 [pool-48-thread-1] INFO  segmented.SegmentedRaftLogWorker (SegmentedRaftLogWorker.java:lambda$new$0(128)) - 8ad27c18-e1b1-434c-bb09-32fd11380927@group-65D104242C3E-SegmentedRaftLogWorker: flushIndex: setUnconditionally 0 -> -1
2019-10-31 17:51:25,890 [pool-28-thread-1] WARN  impl.MetricRegistriesImpl (MetricRegistriesImpl.java:lambda$create$1(61)) - First MetricRegistry has been created without registering reporters. You may need to call MetricRegistries.global().addReportRegistration(...) before.
2019-10-31 17:51:25,890 [pool-48-thread-1] INFO  server.RaftServerConfigKeys (ConfUtils.java:logGet(43)) - raft.server.snapshot.auto.trigger.enabled = true (custom)
2019-10-31 17:51:25,890 [pool-38-thread-1] INFO  server.RaftServerConfigKeys (ConfUtils.java:logGet(43)) - raft.server.snapshot.auto.trigger.enabled = true (custom)
2019-10-31 17:51:25,890 [pool-28-thread-1] INFO  impl.RaftServerImpl (RaftServerImpl.java:start(184)) - 3c4b9a55-490e-411c-8712-e94a51e11966@group-65D104242C3E: start as a follower, conf=-1: [8ad27c18-e1b1-434c-bb09-32fd11380927:192.168.164.209:34436, 3c4b9a55-490e-411c-8712-e94a51e11966:192.168.164.209:38456, 0b281616-c01c-466a-8a2c-b7dbd5445109:192.168.164.209:34661], old=null
2019-10-31 17:51:25,890 [pool-48-thread-1] INFO  server.RaftServerConfigKeys (ConfUtils.java:logGet(43)) - raft.server.snapshot.auto.trigger.threshold = 10000 (custom)
2019-10-31 17:51:25,891 [pool-28-thread-1] INFO  impl.RaftServerImpl (RaftServerImpl.java:setRole(173)) - 3c4b9a55-490e-411c-8712-e94a51e11966@group-65D104242C3E: changes role from      null to FOLLOWER at term 0 for startAsFollower
2019-10-31 17:51:25,891 [pool-38-thread-1] INFO  server.RaftServerConfigKeys (ConfUtils.java:logGet(43)) - raft.server.snapshot.auto.trigger.threshold = 10000 (custom)
2019-10-31 17:51:25,891 [pool-48-thread-1] INFO  server.RaftServerConfigKeys (ConfUtils.java:logGet(43)) - raft.server.snapshot.retention.file.num = 5 (custom)
2019-10-31 17:51:25,891 [pool-28-thread-1] INFO  impl.RoleInfo (RoleInfo.java:updateAndGet(143)) - 3c4b9a55-490e-411c-8712-e94a51e11966: start FollowerState
2019-10-31 17:51:25,891 [pool-38-thread-1] INFO  server.RaftServerConfigKeys (ConfUtils.java:logGet(43)) - raft.server.snapshot.retention.file.num = 5 (custom)
2019-10-31 17:51:25,891 [pool-48-thread-1] INFO  server.RaftServerConfigKeys (ConfUtils.java:logGet(43)) - raft.server.retrycache.expirytime = 600000ms (custom)
2019-10-31 17:51:25,892 [pool-38-thread-1] INFO  server.RaftServerConfigKeys (ConfUtils.java:logGet(43)) - raft.server.retrycache.expirytime = 600000ms (custom)
2019-10-31 17:51:25,892 [pool-48-thread-1] WARN  impl.MetricRegistriesImpl (MetricRegistriesImpl.java:lambda$create$1(61)) - First MetricRegistry has been created without registering reporters. You may need to call MetricRegistries.global().addReportRegistration(...) before.
2019-10-31 17:51:25,892 [pool-28-thread-1] INFO  util.JmxRegister (JmxRegister.java:tryRegister(44)) - Successfully registered JMX Bean with object name Ratis:service=RaftServer,group=group-65D104242C3E,id=3c4b9a55-490e-411c-8712-e94a51e11966
2019-10-31 17:51:25,892 [pool-38-thread-1] WARN  impl.MetricRegistriesImpl (MetricRegistriesImpl.java:lambda$create$1(61)) - First MetricRegistry has been created without registering reporters. You may need to call MetricRegistries.global().addReportRegistration(...) before.
2019-10-31 17:51:25,892 [pool-28-thread-1] WARN  impl.MetricRegistriesImpl (MetricRegistriesImpl.java:lambda$create$1(61)) - First MetricRegistry has been created without registering reporters. You may need to call MetricRegistries.global().addReportRegistration(...) before.
2019-10-31 17:51:25,892 [pool-48-thread-1] WARN  impl.MetricRegistriesImpl (MetricRegistriesImpl.java:lambda$create$1(61)) - First MetricRegistry has been created without registering reporters. You may need to call MetricRegistries.global().addReportRegistration(...) before.
2019-10-31 17:51:25,892 [pool-38-thread-1] WARN  impl.MetricRegistriesImpl (MetricRegistriesImpl.java:lambda$create$1(61)) - First MetricRegistry has been created without registering reporters. You may need to call MetricRegistries.global().addReportRegistration(...) before.
2019-10-31 17:51:25,893 [pool-48-thread-1] INFO  impl.RaftServerImpl (RaftServerImpl.java:start(184)) - 8ad27c18-e1b1-434c-bb09-32fd11380927@group-65D104242C3E: start as a follower, conf=-1: [8ad27c18-e1b1-434c-bb09-32fd11380927:192.168.164.209:34436, 3c4b9a55-490e-411c-8712-e94a51e11966:192.168.164.209:38456, 0b281616-c01c-466a-8a2c-b7dbd5445109:192.168.164.209:34661], old=null
2019-10-31 17:51:25,893 [pool-38-thread-1] INFO  impl.RaftServerImpl (RaftServerImpl.java:start(184)) - 0b281616-c01c-466a-8a2c-b7dbd5445109@group-65D104242C3E: start as a follower, conf=-1: [8ad27c18-e1b1-434c-bb09-32fd11380927:192.168.164.209:34436, 3c4b9a55-490e-411c-8712-e94a51e11966:192.168.164.209:38456, 0b281616-c01c-466a-8a2c-b7dbd5445109:192.168.164.209:34661], old=null
2019-10-31 17:51:25,893 [pool-48-thread-1] INFO  impl.RaftServerImpl (RaftServerImpl.java:setRole(173)) - 8ad27c18-e1b1-434c-bb09-32fd11380927@group-65D104242C3E: changes role from      null to FOLLOWER at term 0 for startAsFollower
2019-10-31 17:51:25,893 [pool-38-thread-1] INFO  impl.RaftServerImpl (RaftServerImpl.java:setRole(173)) - 0b281616-c01c-466a-8a2c-b7dbd5445109@group-65D104242C3E: changes role from      null to FOLLOWER at term 0 for startAsFollower
2019-10-31 17:51:25,893 [pool-48-thread-1] INFO  impl.RoleInfo (RoleInfo.java:updateAndGet(143)) - 8ad27c18-e1b1-434c-bb09-32fd11380927: start FollowerState
2019-10-31 17:51:25,893 [pool-38-thread-1] INFO  impl.RoleInfo (RoleInfo.java:updateAndGet(143)) - 0b281616-c01c-466a-8a2c-b7dbd5445109: start FollowerState
2019-10-31 17:51:25,896 [pool-38-thread-1] INFO  util.JmxRegister (JmxRegister.java:tryRegister(44)) - Successfully registered JMX Bean with object name Ratis:service=RaftServer,group=group-65D104242C3E,id=0b281616-c01c-466a-8a2c-b7dbd5445109
2019-10-31 17:51:25,897 [pool-38-thread-1] WARN  impl.MetricRegistriesImpl (MetricRegistriesImpl.java:lambda$create$1(61)) - First MetricRegistry has been created without registering reporters. You may need to call MetricRegistries.global().addReportRegistration(...) before.
2019-10-31 17:51:25,896 [pool-48-thread-1] INFO  util.JmxRegister (JmxRegister.java:tryRegister(44)) - Successfully registered JMX Bean with object name Ratis:service=RaftServer,group=group-65D104242C3E,id=8ad27c18-e1b1-434c-bb09-32fd11380927
2019-10-31 17:51:25,903 [pool-48-thread-1] WARN  impl.MetricRegistriesImpl (MetricRegistriesImpl.java:lambda$create$1(61)) - First MetricRegistry has been created without registering reporters. You may need to call MetricRegistries.global().addReportRegistration(...) before.
2019-10-31 17:51:25,924 [RatisPipelineUtilsThread] INFO  pipeline.PipelineStateManager (PipelineStateManager.java:addPipeline(56)) - Created pipeline Pipeline[ Id: 9d718bf7-db0a-4e77-ab39-65d104242c3e, Nodes: 0b281616-c01c-466a-8a2c-b7dbd5445109{ip: 192.168.164.209, host: pr-hdds-2329-pipelines-6tcfk-2810823695, networkLocation: /default-rack, certSerialId: null}3c4b9a55-490e-411c-8712-e94a51e11966{ip: 192.168.164.209, host: pr-hdds-2329-pipelines-6tcfk-2810823695, networkLocation: /default-rack, certSerialId: null}8ad27c18-e1b1-434c-bb09-32fd11380927{ip: 192.168.164.209, host: pr-hdds-2329-pipelines-6tcfk-2810823695, networkLocation: /default-rack, certSerialId: null}, Type:RATIS, Factor:THREE, State:OPEN]
2019-10-31 17:51:26,035 [main] INFO  ozone.MiniOzoneClusterImpl (MiniOzoneClusterImpl.java:lambda$waitForClusterToBeReady$0(147)) - Cluster is ready. Got 3 of 3 DN Heartbeats.
2019-10-31 17:51:26,512 [main] INFO  rpc.RpcClient (RpcClient.java:createVolume(291)) - Creating Volume: testcontainerstatemachinefailures, with jenkins1000 as owner.
2019-10-31 17:51:26,598 [IPC Server handler 0 on 35666] INFO  volume.OMVolumeCreateRequest (OMVolumeCreateRequest.java:validateAndUpdateCache(193)) - created volume:testcontainerstatemachinefailures for user:jenkins1000
2019-10-31 17:51:26,936 [main] INFO  rpc.RpcClient (RpcClient.java:createBucket(430)) - Creating Bucket: testcontainerstatemachinefailures/testcontainerstatemachinefailures, with Versioning false and Storage Type set to DISK and Encryption set to false 
2019-10-31 17:51:27,060 [IPC Server handler 0 on 36078] INFO  server.SCMBlockProtocolServer (SCMBlockProtocolServer.java:allocateBlock(179)) - Allocating 1 blocks of size 4194304, with ExcludeList {datanodes = [], containerIds = [], pipelineIds = []}
2019-10-31 17:51:27,157 [main] INFO  impl.MetricsSystemImpl (MetricsSystemImpl.java:init(158)) - XceiverClientMetrics metrics system started (again)
2019-10-31 17:51:27,921 [Thread-181] INFO  container.ReplicationManager (ReplicationManager.java:start(162)) - Starting Replication Monitor Thread.
2019-10-31 17:51:27,929 [ReplicationMonitor] INFO  container.ReplicationManager (ReplicationManager.java:run(225)) - Replication Monitor Thread took 7 milliseconds for processing 1 containers.
2019-10-31 17:51:30,699 [Thread-186] INFO  impl.FollowerState (FollowerState.java:run(111)) - 3c4b9a55-490e-411c-8712-e94a51e11966@group-0C438BC6BFA6-FollowerState: change to CANDIDATE, lastRpcTime:5142ms, electionTimeout:5141ms
2019-10-31 17:51:30,700 [Thread-186] INFO  impl.RoleInfo (RoleInfo.java:shutdownFollowerState(121)) - 3c4b9a55-490e-411c-8712-e94a51e11966: shutdown FollowerState
2019-10-31 17:51:30,701 [Thread-186] INFO  impl.RaftServerImpl (RaftServerImpl.java:setRole(173)) - 3c4b9a55-490e-411c-8712-e94a51e11966@group-0C438BC6BFA6: changes role from  FOLLOWER to CANDIDATE at term 0 for changeToCandidate
2019-10-31 17:51:30,706 [Thread-186] INFO  impl.RoleInfo (RoleInfo.java:updateAndGet(143)) - 3c4b9a55-490e-411c-8712-e94a51e11966: start LeaderElection
2019-10-31 17:51:30,708 [Thread-189] INFO  impl.FollowerState (FollowerState.java:run(111)) - 0b281616-c01c-466a-8a2c-b7dbd5445109@group-3F1636997F7A-FollowerState: change to CANDIDATE, lastRpcTime:5013ms, electionTimeout:5012ms
2019-10-31 17:51:30,710 [Thread-189] INFO  impl.RoleInfo (RoleInfo.java:shutdownFollowerState(121)) - 0b281616-c01c-466a-8a2c-b7dbd5445109: shutdown FollowerState
2019-10-31 17:51:30,711 [Thread-189] INFO  impl.RaftServerImpl (RaftServerImpl.java:setRole(173)) - 0b281616-c01c-466a-8a2c-b7dbd5445109@group-3F1636997F7A: changes role from  FOLLOWER to CANDIDATE at term 0 for changeToCandidate
2019-10-31 17:51:30,711 [Thread-189] INFO  impl.RoleInfo (RoleInfo.java:updateAndGet(143)) - 0b281616-c01c-466a-8a2c-b7dbd5445109: start LeaderElection
2019-10-31 17:51:30,727 [3c4b9a55-490e-411c-8712-e94a51e11966@group-0C438BC6BFA6-LeaderElection1] INFO  impl.LeaderElection (LeaderElection.java:askForVotes(178)) - 3c4b9a55-490e-411c-8712-e94a51e11966@group-0C438BC6BFA6-LeaderElection1: begin an election at term 1 for -1: [3c4b9a55-490e-411c-8712-e94a51e11966:192.168.164.209:38456], old=null
2019-10-31 17:51:30,727 [0b281616-c01c-466a-8a2c-b7dbd5445109@group-3F1636997F7A-LeaderElection2] INFO  impl.LeaderElection (LeaderElection.java:askForVotes(178)) - 0b281616-c01c-466a-8a2c-b7dbd5445109@group-3F1636997F7A-LeaderElection2: begin an election at term 1 for -1: [0b281616-c01c-466a-8a2c-b7dbd5445109:192.168.164.209:34661], old=null
2019-10-31 17:51:30,732 [0b281616-c01c-466a-8a2c-b7dbd5445109@group-3F1636997F7A-LeaderElection2] INFO  impl.RoleInfo (RoleInfo.java:shutdownLeaderElection(134)) - 0b281616-c01c-466a-8a2c-b7dbd5445109: shutdown LeaderElection
2019-10-31 17:51:30,732 [3c4b9a55-490e-411c-8712-e94a51e11966@group-0C438BC6BFA6-LeaderElection1] INFO  impl.RoleInfo (RoleInfo.java:shutdownLeaderElection(134)) - 3c4b9a55-490e-411c-8712-e94a51e11966: shutdown LeaderElection
2019-10-31 17:51:30,733 [0b281616-c01c-466a-8a2c-b7dbd5445109@group-3F1636997F7A-LeaderElection2] INFO  impl.RaftServerImpl (RaftServerImpl.java:setRole(173)) - 0b281616-c01c-466a-8a2c-b7dbd5445109@group-3F1636997F7A: changes role from CANDIDATE to LEADER at term 1 for changeToLeader
2019-10-31 17:51:30,733 [3c4b9a55-490e-411c-8712-e94a51e11966@group-0C438BC6BFA6-LeaderElection1] INFO  impl.RaftServerImpl (RaftServerImpl.java:setRole(173)) - 3c4b9a55-490e-411c-8712-e94a51e11966@group-0C438BC6BFA6: changes role from CANDIDATE to LEADER at term 1 for changeToLeader
2019-10-31 17:51:30,733 [0b281616-c01c-466a-8a2c-b7dbd5445109@group-3F1636997F7A-LeaderElection2] INFO  impl.RaftServerImpl (ServerState.java:setLeader(255)) - 0b281616-c01c-466a-8a2c-b7dbd5445109@group-3F1636997F7A: change Leader from null to 0b281616-c01c-466a-8a2c-b7dbd5445109 at term 1 for becomeLeader, leader elected after 5044ms
2019-10-31 17:51:30,733 [3c4b9a55-490e-411c-8712-e94a51e11966@group-0C438BC6BFA6-LeaderElection1] INFO  impl.RaftServerImpl (ServerState.java:setLeader(255)) - 3c4b9a55-490e-411c-8712-e94a51e11966@group-0C438BC6BFA6: change Leader from null to 3c4b9a55-490e-411c-8712-e94a51e11966 at term 1 for becomeLeader, leader elected after 5266ms
2019-10-31 17:51:30,739 [0b281616-c01c-466a-8a2c-b7dbd5445109@group-3F1636997F7A-LeaderElection2] INFO  server.RaftServerConfigKeys (ConfUtils.java:logGet(43)) - raft.server.staging.catchup.gap = 1000 (default)
2019-10-31 17:51:30,739 [3c4b9a55-490e-411c-8712-e94a51e11966@group-0C438BC6BFA6-LeaderElection1] INFO  server.RaftServerConfigKeys (ConfUtils.java:logGet(43)) - raft.server.staging.catchup.gap = 1000 (default)
2019-10-31 17:51:30,739 [0b281616-c01c-466a-8a2c-b7dbd5445109@group-3F1636997F7A-LeaderElection2] INFO  server.RaftServerConfigKeys (ConfUtils.java:logGet(43)) - raft.server.rpc.sleep.time = 25ms (default)
2019-10-31 17:51:30,740 [3c4b9a55-490e-411c-8712-e94a51e11966@group-0C438BC6BFA6-LeaderElection1] INFO  server.RaftServerConfigKeys (ConfUtils.java:logGet(43)) - raft.server.rpc.sleep.time = 25ms (default)
2019-10-31 17:51:30,745 [0b281616-c01c-466a-8a2c-b7dbd5445109@group-3F1636997F7A-LeaderElection2] INFO  server.RaftServerConfigKeys (ConfUtils.java:logGet(43)) - raft.server.write.element-limit = 4096 (default)
2019-10-31 17:51:30,745 [3c4b9a55-490e-411c-8712-e94a51e11966@group-0C438BC6BFA6-LeaderElection1] INFO  server.RaftServerConfigKeys (ConfUtils.java:logGet(43)) - raft.server.write.element-limit = 4096 (default)
2019-10-31 17:51:30,751 [3c4b9a55-490e-411c-8712-e94a51e11966@group-0C438BC6BFA6-LeaderElection1] INFO  server.RaftServerConfigKeys (ConfUtils.java:logGet(43)) - raft.server.watch.timeout = 10s (default)
2019-10-31 17:51:30,751 [0b281616-c01c-466a-8a2c-b7dbd5445109@group-3F1636997F7A-LeaderElection2] INFO  server.RaftServerConfigKeys (ConfUtils.java:logGet(43)) - raft.server.watch.timeout = 10s (default)
2019-10-31 17:51:30,751 [3c4b9a55-490e-411c-8712-e94a51e11966@group-0C438BC6BFA6-LeaderElection1] INFO  server.RaftServerConfigKeys (ConfUtils.java:logGet(43)) - raft.server.watch.timeout.denomination = 1s (default)
2019-10-31 17:51:30,751 [0b281616-c01c-466a-8a2c-b7dbd5445109@group-3F1636997F7A-LeaderElection2] INFO  server.RaftServerConfigKeys (ConfUtils.java:logGet(43)) - raft.server.watch.timeout.denomination = 1s (default)
2019-10-31 17:51:30,752 [0b281616-c01c-466a-8a2c-b7dbd5445109@group-3F1636997F7A-LeaderElection2] INFO  server.RaftServerConfigKeys (ConfUtils.java:logGet(43)) - raft.server.watch.element-limit = 65536 (default)
2019-10-31 17:51:30,752 [3c4b9a55-490e-411c-8712-e94a51e11966@group-0C438BC6BFA6-LeaderElection1] INFO  server.RaftServerConfigKeys (ConfUtils.java:logGet(43)) - raft.server.watch.element-limit = 65536 (default)
2019-10-31 17:51:30,764 [0b281616-c01c-466a-8a2c-b7dbd5445109@group-3F1636997F7A-LeaderElection2] INFO  impl.RoleInfo (RoleInfo.java:updateAndGet(143)) - 0b281616-c01c-466a-8a2c-b7dbd5445109: start LeaderState
2019-10-31 17:51:30,764 [3c4b9a55-490e-411c-8712-e94a51e11966@group-0C438BC6BFA6-LeaderElection1] INFO  impl.RoleInfo (RoleInfo.java:updateAndGet(143)) - 3c4b9a55-490e-411c-8712-e94a51e11966: start LeaderState
2019-10-31 17:51:30,784 [0b281616-c01c-466a-8a2c-b7dbd5445109@group-3F1636997F7A-LeaderElection2] INFO  segmented.SegmentedRaftLogWorker (SegmentedRaftLogWorker.java:startLogSegment(385)) - 0b281616-c01c-466a-8a2c-b7dbd5445109@group-3F1636997F7A-SegmentedRaftLogWorker: Starting segment from index:0
2019-10-31 17:51:30,784 [3c4b9a55-490e-411c-8712-e94a51e11966@group-0C438BC6BFA6-LeaderElection1] INFO  segmented.SegmentedRaftLogWorker (SegmentedRaftLogWorker.java:startLogSegment(385)) - 3c4b9a55-490e-411c-8712-e94a51e11966@group-0C438BC6BFA6-SegmentedRaftLogWorker: Starting segment from index:0
2019-10-31 17:51:30,795 [3c4b9a55-490e-411c-8712-e94a51e11966@group-0C438BC6BFA6-LeaderElection1] INFO  impl.RaftServerImpl (ServerState.java:setRaftConf(356)) - 3c4b9a55-490e-411c-8712-e94a51e11966@group-0C438BC6BFA6: set configuration 0: [3c4b9a55-490e-411c-8712-e94a51e11966:192.168.164.209:38456], old=null at 0
2019-10-31 17:51:30,795 [0b281616-c01c-466a-8a2c-b7dbd5445109@group-3F1636997F7A-LeaderElection2] INFO  impl.RaftServerImpl (ServerState.java:setRaftConf(356)) - 0b281616-c01c-466a-8a2c-b7dbd5445109@group-3F1636997F7A: set configuration 0: [0b281616-c01c-466a-8a2c-b7dbd5445109:192.168.164.209:34661], old=null at 0
2019-10-31 17:51:30,885 [Thread-192] INFO  impl.FollowerState (FollowerState.java:run(111)) - 8ad27c18-e1b1-434c-bb09-32fd11380927@group-2F07A2748F48-FollowerState: change to CANDIDATE, lastRpcTime:5106ms, electionTimeout:5106ms
2019-10-31 17:51:30,885 [Thread-192] INFO  impl.RoleInfo (RoleInfo.java:shutdownFollowerState(121)) - 8ad27c18-e1b1-434c-bb09-32fd11380927: shutdown FollowerState
2019-10-31 17:51:30,885 [Thread-192] INFO  impl.RaftServerImpl (RaftServerImpl.java:setRole(173)) - 8ad27c18-e1b1-434c-bb09-32fd11380927@group-2F07A2748F48: changes role from  FOLLOWER to CANDIDATE at term 0 for changeToCandidate
2019-10-31 17:51:30,885 [Thread-192] INFO  impl.RoleInfo (RoleInfo.java:updateAndGet(143)) - 8ad27c18-e1b1-434c-bb09-32fd11380927: start LeaderElection
2019-10-31 17:51:30,899 [Thread-199] INFO  impl.FollowerState (FollowerState.java:run(111)) - 8ad27c18-e1b1-434c-bb09-32fd11380927@group-65D104242C3E-FollowerState: change to CANDIDATE, lastRpcTime:5006ms, electionTimeout:5002ms
2019-10-31 17:51:30,900 [Thread-199] INFO  impl.RoleInfo (RoleInfo.java:shutdownFollowerState(121)) - 8ad27c18-e1b1-434c-bb09-32fd11380927: shutdown FollowerState
2019-10-31 17:51:30,900 [Thread-199] INFO  impl.RaftServerImpl (RaftServerImpl.java:setRole(173)) - 8ad27c18-e1b1-434c-bb09-32fd11380927@group-65D104242C3E: changes role from  FOLLOWER to CANDIDATE at term 0 for changeToCandidate
2019-10-31 17:51:30,900 [Thread-199] INFO  impl.RoleInfo (RoleInfo.java:updateAndGet(143)) - 8ad27c18-e1b1-434c-bb09-32fd11380927: start LeaderElection
2019-10-31 17:51:30,902 [8ad27c18-e1b1-434c-bb09-32fd11380927@group-2F07A2748F48-LeaderElection3] INFO  impl.LeaderElection (LeaderElection.java:askForVotes(178)) - 8ad27c18-e1b1-434c-bb09-32fd11380927@group-2F07A2748F48-LeaderElection3: begin an election at term 1 for -1: [8ad27c18-e1b1-434c-bb09-32fd11380927:192.168.164.209:34436], old=null
2019-10-31 17:51:30,903 [8ad27c18-e1b1-434c-bb09-32fd11380927@group-2F07A2748F48-LeaderElection3] INFO  impl.RoleInfo (RoleInfo.java:shutdownLeaderElection(134)) - 8ad27c18-e1b1-434c-bb09-32fd11380927: shutdown LeaderElection
2019-10-31 17:51:30,903 [8ad27c18-e1b1-434c-bb09-32fd11380927@group-2F07A2748F48-LeaderElection3] INFO  impl.RaftServerImpl (RaftServerImpl.java:setRole(173)) - 8ad27c18-e1b1-434c-bb09-32fd11380927@group-2F07A2748F48: changes role from CANDIDATE to LEADER at term 1 for changeToLeader
2019-10-31 17:51:30,904 [8ad27c18-e1b1-434c-bb09-32fd11380927@group-2F07A2748F48-LeaderElection3] INFO  impl.RaftServerImpl (ServerState.java:setLeader(255)) - 8ad27c18-e1b1-434c-bb09-32fd11380927@group-2F07A2748F48: change Leader from null to 8ad27c18-e1b1-434c-bb09-32fd11380927 at term 1 for becomeLeader, leader elected after 5130ms
2019-10-31 17:51:30,904 [8ad27c18-e1b1-434c-bb09-32fd11380927@group-2F07A2748F48-LeaderElection3] INFO  server.RaftServerConfigKeys (ConfUtils.java:logGet(43)) - raft.server.staging.catchup.gap = 1000 (default)
2019-10-31 17:51:30,904 [8ad27c18-e1b1-434c-bb09-32fd11380927@group-2F07A2748F48-LeaderElection3] INFO  server.RaftServerConfigKeys (ConfUtils.java:logGet(43)) - raft.server.rpc.sleep.time = 25ms (default)
2019-10-31 17:51:30,904 [8ad27c18-e1b1-434c-bb09-32fd11380927@group-2F07A2748F48-LeaderElection3] INFO  server.RaftServerConfigKeys (ConfUtils.java:logGet(43)) - raft.server.write.element-limit = 4096 (default)
2019-10-31 17:51:30,904 [8ad27c18-e1b1-434c-bb09-32fd11380927@group-2F07A2748F48-LeaderElection3] INFO  server.RaftServerConfigKeys (ConfUtils.java:logGet(43)) - raft.server.watch.timeout = 10s (default)
2019-10-31 17:51:30,905 [8ad27c18-e1b1-434c-bb09-32fd11380927@group-2F07A2748F48-LeaderElection3] INFO  server.RaftServerConfigKeys (ConfUtils.java:logGet(43)) - raft.server.watch.timeout.denomination = 1s (default)
2019-10-31 17:51:30,905 [8ad27c18-e1b1-434c-bb09-32fd11380927@group-2F07A2748F48-LeaderElection3] INFO  server.RaftServerConfigKeys (ConfUtils.java:logGet(43)) - raft.server.watch.element-limit = 65536 (default)
2019-10-31 17:51:30,905 [8ad27c18-e1b1-434c-bb09-32fd11380927@group-2F07A2748F48-LeaderElection3] INFO  impl.RoleInfo (RoleInfo.java:updateAndGet(143)) - 8ad27c18-e1b1-434c-bb09-32fd11380927: start LeaderState
2019-10-31 17:51:30,905 [8ad27c18-e1b1-434c-bb09-32fd11380927@group-2F07A2748F48-LeaderElection3] INFO  segmented.SegmentedRaftLogWorker (SegmentedRaftLogWorker.java:startLogSegment(385)) - 8ad27c18-e1b1-434c-bb09-32fd11380927@group-2F07A2748F48-SegmentedRaftLogWorker: Starting segment from index:0
2019-10-31 17:51:30,906 [8ad27c18-e1b1-434c-bb09-32fd11380927@group-2F07A2748F48-LeaderElection3] INFO  impl.RaftServerImpl (ServerState.java:setRaftConf(356)) - 8ad27c18-e1b1-434c-bb09-32fd11380927@group-2F07A2748F48: set configuration 0: [8ad27c18-e1b1-434c-bb09-32fd11380927:192.168.164.209:34436], old=null at 0
2019-10-31 17:51:30,916 [8ad27c18-e1b1-434c-bb09-32fd11380927@group-65D104242C3E-LeaderElection4] INFO  impl.LeaderElection (LeaderElection.java:askForVotes(178)) - 8ad27c18-e1b1-434c-bb09-32fd11380927@group-65D104242C3E-LeaderElection4: begin an election at term 1 for -1: [8ad27c18-e1b1-434c-bb09-32fd11380927:192.168.164.209:34436, 3c4b9a55-490e-411c-8712-e94a51e11966:192.168.164.209:38456, 0b281616-c01c-466a-8a2c-b7dbd5445109:192.168.164.209:34661], old=null
2019-10-31 17:51:30,973 [grpc-default-executor-0] INFO  impl.RaftServerImpl (RaftServerImpl.java:setRole(173)) - 0b281616-c01c-466a-8a2c-b7dbd5445109@group-65D104242C3E: changes role from  FOLLOWER to FOLLOWER at term 1 for recognizeCandidate:8ad27c18-e1b1-434c-bb09-32fd11380927
2019-10-31 17:51:30,973 [grpc-default-executor-0] INFO  impl.RoleInfo (RoleInfo.java:shutdownFollowerState(121)) - 0b281616-c01c-466a-8a2c-b7dbd5445109: shutdown FollowerState
2019-10-31 17:51:30,973 [grpc-default-executor-0] INFO  impl.RoleInfo (RoleInfo.java:updateAndGet(143)) - 0b281616-c01c-466a-8a2c-b7dbd5445109: start FollowerState
2019-10-31 17:51:30,973 [Thread-200] INFO  impl.FollowerState (FollowerState.java:run(120)) - 0b281616-c01c-466a-8a2c-b7dbd5445109@group-65D104242C3E-FollowerState was interrupted: java.lang.InterruptedException: sleep interrupted
2019-10-31 17:51:30,976 [grpc-default-executor-2] INFO  impl.RaftServerImpl (RaftServerImpl.java:setRole(173)) - 3c4b9a55-490e-411c-8712-e94a51e11966@group-65D104242C3E: changes role from  FOLLOWER to FOLLOWER at term 1 for recognizeCandidate:8ad27c18-e1b1-434c-bb09-32fd11380927
2019-10-31 17:51:30,976 [grpc-default-executor-2] INFO  impl.RoleInfo (RoleInfo.java:shutdownFollowerState(121)) - 3c4b9a55-490e-411c-8712-e94a51e11966: shutdown FollowerState
2019-10-31 17:51:30,976 [Thread-195] INFO  impl.FollowerState (FollowerState.java:run(120)) - 3c4b9a55-490e-411c-8712-e94a51e11966@group-65D104242C3E-FollowerState was interrupted: java.lang.InterruptedException: sleep interrupted
2019-10-31 17:51:30,977 [grpc-default-executor-2] INFO  impl.RoleInfo (RoleInfo.java:updateAndGet(143)) - 3c4b9a55-490e-411c-8712-e94a51e11966: start FollowerState
2019-10-31 17:51:30,985 [3c4b9a55-490e-411c-8712-e94a51e11966@group-0C438BC6BFA6-SegmentedRaftLogWorker] INFO  segmented.SegmentedRaftLogWorker (SegmentedRaftLogWorker.java:execute(576)) - 3c4b9a55-490e-411c-8712-e94a51e11966@group-0C438BC6BFA6-SegmentedRaftLogWorker: created new log segment /workdir/hadoop-ozone/integration-test/target/test-dir/MiniOzoneClusterImpl-a140a335-5a07-44a3-85b4-01ea81f29811/datanode-0/data/ratis/bd1f334a-b2f2-47b7-9967-0c438bc6bfa6/current/log_inprogress_0
2019-10-31 17:51:30,985 [0b281616-c01c-466a-8a2c-b7dbd5445109@group-3F1636997F7A-SegmentedRaftLogWorker] INFO  segmented.SegmentedRaftLogWorker (SegmentedRaftLogWorker.java:execute(576)) - 0b281616-c01c-466a-8a2c-b7dbd5445109@group-3F1636997F7A-SegmentedRaftLogWorker: created new log segment /workdir/hadoop-ozone/integration-test/target/test-dir/MiniOzoneClusterImpl-a140a335-5a07-44a3-85b4-01ea81f29811/datanode-1/data/ratis/92b31bea-6f2c-4a1d-b657-3f1636997f7a/current/log_inprogress_0
2019-10-31 17:51:30,985 [8ad27c18-e1b1-434c-bb09-32fd11380927@group-2F07A2748F48-SegmentedRaftLogWorker] INFO  segmented.SegmentedRaftLogWorker (SegmentedRaftLogWorker.java:execute(576)) - 8ad27c18-e1b1-434c-bb09-32fd11380927@group-2F07A2748F48-SegmentedRaftLogWorker: created new log segment /workdir/hadoop-ozone/integration-test/target/test-dir/MiniOzoneClusterImpl-a140a335-5a07-44a3-85b4-01ea81f29811/datanode-2/data/ratis/0d3d38fd-d3d2-4e50-bea4-2f07a2748f48/current/log_inprogress_0
2019-10-31 17:51:30,995 [8ad27c18-e1b1-434c-bb09-32fd11380927@group-65D104242C3E-LeaderElection4] INFO  impl.LeaderElection (LeaderElection.java:logAndReturn(56)) - 8ad27c18-e1b1-434c-bb09-32fd11380927@group-65D104242C3E-LeaderElection4: Election PASSED; received 1 response(s) [8ad27c18-e1b1-434c-bb09-32fd11380927<-3c4b9a55-490e-411c-8712-e94a51e11966#0:OK-t1] and 0 exception(s); 8ad27c18-e1b1-434c-bb09-32fd11380927@group-65D104242C3E:t1, leader=null, voted=8ad27c18-e1b1-434c-bb09-32fd11380927, raftlog=8ad27c18-e1b1-434c-bb09-32fd11380927@group-65D104242C3E-SegmentedRaftLog:OPENED:c-1,f-1,i0, conf=-1: [8ad27c18-e1b1-434c-bb09-32fd11380927:192.168.164.209:34436, 3c4b9a55-490e-411c-8712-e94a51e11966:192.168.164.209:38456, 0b281616-c01c-466a-8a2c-b7dbd5445109:192.168.164.209:34661], old=null
2019-10-31 17:51:30,995 [8ad27c18-e1b1-434c-bb09-32fd11380927@group-65D104242C3E-LeaderElection4] INFO  impl.RoleInfo (RoleInfo.java:shutdownLeaderElection(134)) - 8ad27c18-e1b1-434c-bb09-32fd11380927: shutdown LeaderElection
2019-10-31 17:51:30,996 [8ad27c18-e1b1-434c-bb09-32fd11380927@group-65D104242C3E-LeaderElection4] INFO  impl.RaftServerImpl (RaftServerImpl.java:setRole(173)) - 8ad27c18-e1b1-434c-bb09-32fd11380927@group-65D104242C3E: changes role from CANDIDATE to LEADER at term 1 for changeToLeader
2019-10-31 17:51:30,997 [8ad27c18-e1b1-434c-bb09-32fd11380927@group-65D104242C3E-LeaderElection4] INFO  impl.RaftServerImpl (ServerState.java:setLeader(255)) - 8ad27c18-e1b1-434c-bb09-32fd11380927@group-65D104242C3E: change Leader from null to 8ad27c18-e1b1-434c-bb09-32fd11380927 at term 1 for becomeLeader, leader elected after 5113ms
2019-10-31 17:51:30,997 [8ad27c18-e1b1-434c-bb09-32fd11380927@group-65D104242C3E-LeaderElection4] INFO  server.RaftServerConfigKeys (ConfUtils.java:logGet(43)) - raft.server.staging.catchup.gap = 1000 (default)
2019-10-31 17:51:30,997 [8ad27c18-e1b1-434c-bb09-32fd11380927@group-65D104242C3E-LeaderElection4] INFO  server.RaftServerConfigKeys (ConfUtils.java:logGet(43)) - raft.server.rpc.sleep.time = 25ms (default)
2019-10-31 17:51:30,997 [8ad27c18-e1b1-434c-bb09-32fd11380927@group-65D104242C3E-LeaderElection4] INFO  server.RaftServerConfigKeys (ConfUtils.java:logGet(43)) - raft.server.write.element-limit = 4096 (default)
2019-10-31 17:51:30,998 [8ad27c18-e1b1-434c-bb09-32fd11380927@group-65D104242C3E-LeaderElection4] INFO  server.RaftServerConfigKeys (ConfUtils.java:logGet(43)) - raft.server.watch.timeout = 10s (default)
2019-10-31 17:51:30,998 [8ad27c18-e1b1-434c-bb09-32fd11380927@group-65D104242C3E-LeaderElection4] INFO  server.RaftServerConfigKeys (ConfUtils.java:logGet(43)) - raft.server.watch.timeout.denomination = 1s (default)
2019-10-31 17:51:30,998 [8ad27c18-e1b1-434c-bb09-32fd11380927@group-65D104242C3E-LeaderElection4] INFO  server.RaftServerConfigKeys (ConfUtils.java:logGet(43)) - raft.server.watch.element-limit = 65536 (default)
2019-10-31 17:51:31,002 [8ad27c18-e1b1-434c-bb09-32fd11380927@group-65D104242C3E-LeaderElection4] INFO  server.RaftServerConfigKeys (ConfUtils.java:logGet(43)) - raft.server.log.appender.snapshot.chunk.size.max = 16MB (=16777216) (default)
2019-10-31 17:51:31,002 [8ad27c18-e1b1-434c-bb09-32fd11380927@group-65D104242C3E-LeaderElection4] INFO  server.RaftServerConfigKeys (ConfUtils.java:logGet(43)) - raft.server.log.appender.buffer.byte-limit = 33554432 (custom)
2019-10-31 17:51:31,003 [8ad27c18-e1b1-434c-bb09-32fd11380927@group-65D104242C3E-LeaderElection4] INFO  server.RaftServerConfigKeys (ConfUtils.java:logGet(43)) - raft.server.log.appender.buffer.element-limit = 1 (custom)
2019-10-31 17:51:31,006 [8ad27c18-e1b1-434c-bb09-32fd11380927@group-65D104242C3E-LeaderElection4] INFO  grpc.GrpcConfigKeys$Server (ConfUtils.java:logGet(43)) - raft.grpc.server.leader.outstanding.appends.max = 128 (default)
2019-10-31 17:51:31,006 [8ad27c18-e1b1-434c-bb09-32fd11380927@group-65D104242C3E-LeaderElection4] INFO  server.RaftServerConfigKeys (ConfUtils.java:logGet(43)) - raft.server.rpc.request.timeout = 3000ms (default)
2019-10-31 17:51:31,007 [8ad27c18-e1b1-434c-bb09-32fd11380927@group-65D104242C3E-LeaderElection4] INFO  server.RaftServerConfigKeys (ConfUtils.java:logGet(43)) - raft.server.log.appender.install.snapshot.enabled = false (custom)
2019-10-31 17:51:31,008 [8ad27c18-e1b1-434c-bb09-32fd11380927@group-65D104242C3E-LeaderElection4] WARN  impl.MetricRegistriesImpl (MetricRegistriesImpl.java:lambda$create$1(61)) - First MetricRegistry has been created without registering reporters. You may need to call MetricRegistries.global().addReportRegistration(...) before.
2019-10-31 17:51:31,009 [8ad27c18-e1b1-434c-bb09-32fd11380927@group-65D104242C3E-LeaderElection4] INFO  server.RaftServerConfigKeys (ConfUtils.java:logGet(43)) - raft.server.log.appender.snapshot.chunk.size.max = 16MB (=16777216) (default)
2019-10-31 17:51:31,010 [8ad27c18-e1b1-434c-bb09-32fd11380927@group-65D104242C3E-LeaderElection4] INFO  server.RaftServerConfigKeys (ConfUtils.java:logGet(43)) - raft.server.log.appender.buffer.byte-limit = 33554432 (custom)
2019-10-31 17:51:31,010 [8ad27c18-e1b1-434c-bb09-32fd11380927@group-65D104242C3E-LeaderElection4] INFO  server.RaftServerConfigKeys (ConfUtils.java:logGet(43)) - raft.server.log.appender.buffer.element-limit = 1 (custom)
2019-10-31 17:51:31,010 [8ad27c18-e1b1-434c-bb09-32fd11380927@group-65D104242C3E-LeaderElection4] INFO  grpc.GrpcConfigKeys$Server (ConfUtils.java:logGet(43)) - raft.grpc.server.leader.outstanding.appends.max = 128 (default)
2019-10-31 17:51:31,011 [8ad27c18-e1b1-434c-bb09-32fd11380927@group-65D104242C3E-LeaderElection4] INFO  server.RaftServerConfigKeys (ConfUtils.java:logGet(43)) - raft.server.rpc.request.timeout = 3000ms (default)
2019-10-31 17:51:31,011 [8ad27c18-e1b1-434c-bb09-32fd11380927@group-65D104242C3E-LeaderElection4] INFO  server.RaftServerConfigKeys (ConfUtils.java:logGet(43)) - raft.server.log.appender.install.snapshot.enabled = false (custom)
2019-10-31 17:51:31,012 [8ad27c18-e1b1-434c-bb09-32fd11380927@group-65D104242C3E-LeaderElection4] INFO  impl.RoleInfo (RoleInfo.java:updateAndGet(143)) - 8ad27c18-e1b1-434c-bb09-32fd11380927: start LeaderState
2019-10-31 17:51:31,013 [8ad27c18-e1b1-434c-bb09-32fd11380927@group-65D104242C3E-LeaderElection4] INFO  segmented.SegmentedRaftLogWorker (SegmentedRaftLogWorker.java:startLogSegment(385)) - 8ad27c18-e1b1-434c-bb09-32fd11380927@group-65D104242C3E-SegmentedRaftLogWorker: Starting segment from index:0
2019-10-31 17:51:31,014 [8ad27c18-e1b1-434c-bb09-32fd11380927@group-65D104242C3E-LeaderElection4] INFO  impl.RaftServerImpl (ServerState.java:setRaftConf(356)) - 8ad27c18-e1b1-434c-bb09-32fd11380927@group-65D104242C3E: set configuration 0: [8ad27c18-e1b1-434c-bb09-32fd11380927:192.168.164.209:34436, 3c4b9a55-490e-411c-8712-e94a51e11966:192.168.164.209:38456, 0b281616-c01c-466a-8a2c-b7dbd5445109:192.168.164.209:34661], old=null at 0
2019-10-31 17:51:31,051 [8ad27c18-e1b1-434c-bb09-32fd11380927@group-65D104242C3E-SegmentedRaftLogWorker] INFO  segmented.SegmentedRaftLogWorker (SegmentedRaftLogWorker.java:execute(576)) - 8ad27c18-e1b1-434c-bb09-32fd11380927@group-65D104242C3E-SegmentedRaftLogWorker: created new log segment /workdir/hadoop-ozone/integration-test/target/test-dir/MiniOzoneClusterImpl-a140a335-5a07-44a3-85b4-01ea81f29811/datanode-2/data/ratis/9d718bf7-db0a-4e77-ab39-65d104242c3e/current/log_inprogress_0
2019-10-31 17:51:31,058 [grpc-default-executor-2] INFO  impl.RaftServerImpl (ServerState.java:setLeader(255)) - 3c4b9a55-490e-411c-8712-e94a51e11966@group-65D104242C3E: change Leader from null to 8ad27c18-e1b1-434c-bb09-32fd11380927 at term 1 for appendEntries, leader elected after 5175ms
2019-10-31 17:51:31,058 [grpc-default-executor-0] INFO  impl.RaftServerImpl (ServerState.java:setLeader(255)) - 0b281616-c01c-466a-8a2c-b7dbd5445109@group-65D104242C3E: change Leader from null to 8ad27c18-e1b1-434c-bb09-32fd11380927 at term 1 for appendEntries, leader elected after 5175ms
2019-10-31 17:51:31,084 [grpc-default-executor-2] INFO  impl.RaftServerImpl (ServerState.java:setRaftConf(356)) - 3c4b9a55-490e-411c-8712-e94a51e11966@group-65D104242C3E: set configuration 0: [8ad27c18-e1b1-434c-bb09-32fd11380927:192.168.164.209:34436, 3c4b9a55-490e-411c-8712-e94a51e11966:192.168.164.209:38456, 0b281616-c01c-466a-8a2c-b7dbd5445109:192.168.164.209:34661], old=null at 0
2019-10-31 17:51:31,084 [grpc-default-executor-0] INFO  impl.RaftServerImpl (ServerState.java:setRaftConf(356)) - 0b281616-c01c-466a-8a2c-b7dbd5445109@group-65D104242C3E: set configuration 0: [8ad27c18-e1b1-434c-bb09-32fd11380927:192.168.164.209:34436, 3c4b9a55-490e-411c-8712-e94a51e11966:192.168.164.209:38456, 0b281616-c01c-466a-8a2c-b7dbd5445109:192.168.164.209:34661], old=null at 0
2019-10-31 17:51:31,084 [grpc-default-executor-2] INFO  segmented.SegmentedRaftLogWorker (SegmentedRaftLogWorker.java:startLogSegment(385)) - 3c4b9a55-490e-411c-8712-e94a51e11966@group-65D104242C3E-SegmentedRaftLogWorker: Starting segment from index:0
2019-10-31 17:51:31,084 [grpc-default-executor-0] INFO  segmented.SegmentedRaftLogWorker (SegmentedRaftLogWorker.java:startLogSegment(385)) - 0b281616-c01c-466a-8a2c-b7dbd5445109@group-65D104242C3E-SegmentedRaftLogWorker: Starting segment from index:0
2019-10-31 17:51:31,123 [0b281616-c01c-466a-8a2c-b7dbd5445109@group-65D104242C3E-SegmentedRaftLogWorker] INFO  segmented.SegmentedRaftLogWorker (SegmentedRaftLogWorker.java:execute(576)) - 0b281616-c01c-466a-8a2c-b7dbd5445109@group-65D104242C3E-SegmentedRaftLogWorker: created new log segment /workdir/hadoop-ozone/integration-test/target/test-dir/MiniOzoneClusterImpl-a140a335-5a07-44a3-85b4-01ea81f29811/datanode-1/data/ratis/9d718bf7-db0a-4e77-ab39-65d104242c3e/current/log_inprogress_0
2019-10-31 17:51:31,123 [3c4b9a55-490e-411c-8712-e94a51e11966@group-65D104242C3E-SegmentedRaftLogWorker] INFO  segmented.SegmentedRaftLogWorker (SegmentedRaftLogWorker.java:execute(576)) - 3c4b9a55-490e-411c-8712-e94a51e11966@group-65D104242C3E-SegmentedRaftLogWorker: created new log segment /workdir/hadoop-ozone/integration-test/target/test-dir/MiniOzoneClusterImpl-a140a335-5a07-44a3-85b4-01ea81f29811/datanode-0/data/ratis/9d718bf7-db0a-4e77-ab39-65d104242c3e/current/log_inprogress_0
2019-10-31 17:51:31,736 [Datanode State Machine Thread - 0] INFO  statemachine.DatanodeStateMachine (DatanodeStateMachine.java:lambda$startDaemon$0(350)) - Ozone container server started.
2019-10-31 17:51:36,716 [main] INFO  ozoneimpl.OzoneContainer (OzoneContainer.java:stop(227)) - Attempting to stop container services.
2019-10-31 17:51:36,717 [main] INFO  impl.RaftServerProxy (RaftServerProxy.java:lambda$close$4(314)) - 0b281616-c01c-466a-8a2c-b7dbd5445109: close
2019-10-31 17:51:36,719 [main] INFO  impl.RaftServerImpl (RaftServerImpl.java:lambda$shutdown$3(250)) - 0b281616-c01c-466a-8a2c-b7dbd5445109@group-65D104242C3E: shutdown
2019-10-31 17:51:36,719 [main] INFO  util.JmxRegister (JmxRegister.java:unregister(73)) - Successfully un-registered JMX Bean with object name Ratis:service=RaftServer,group=group-65D104242C3E,id=0b281616-c01c-466a-8a2c-b7dbd5445109
2019-10-31 17:51:36,719 [main] INFO  impl.RoleInfo (RoleInfo.java:shutdownFollowerState(121)) - 0b281616-c01c-466a-8a2c-b7dbd5445109: shutdown FollowerState
2019-10-31 17:51:36,720 [main] INFO  impl.StateMachineUpdater (StateMachineUpdater.java:stopAndJoin(136)) - 0b281616-c01c-466a-8a2c-b7dbd5445109@group-65D104242C3E-StateMachineUpdater: set stopIndex = 4
2019-10-31 17:51:36,720 [Thread-240] INFO  impl.FollowerState (FollowerState.java:run(120)) - 0b281616-c01c-466a-8a2c-b7dbd5445109@group-65D104242C3E-FollowerState was interrupted: java.lang.InterruptedException: sleep interrupted
2019-10-31 17:51:36,721 [0b281616-c01c-466a-8a2c-b7dbd5445109@group-65D104242C3E-StateMachineUpdater] INFO  ratis.ContainerStateMachine (ContainerStateMachine.java:takeSnapshot(294)) - group-65D104242C3E: Taking a snapshot at:(t:1, i:3) file /workdir/hadoop-ozone/integration-test/target/test-dir/MiniOzoneClusterImpl-a140a335-5a07-44a3-85b4-01ea81f29811/datanode-1/data/ratis/9d718bf7-db0a-4e77-ab39-65d104242c3e/sm/snapshot.1_3
2019-10-31 17:51:36,837 [0b281616-c01c-466a-8a2c-b7dbd5445109@group-65D104242C3E-StateMachineUpdater] INFO  ratis.ContainerStateMachine (ContainerStateMachine.java:takeSnapshot(305)) - group-65D104242C3E: Finished taking a snapshot at:(t:1, i:3) file:/workdir/hadoop-ozone/integration-test/target/test-dir/MiniOzoneClusterImpl-a140a335-5a07-44a3-85b4-01ea81f29811/datanode-1/data/ratis/9d718bf7-db0a-4e77-ab39-65d104242c3e/sm/snapshot.1_3 time:117
2019-10-31 17:51:36,840 [0b281616-c01c-466a-8a2c-b7dbd5445109@group-65D104242C3E-StateMachineUpdater] INFO  impl.StateMachineUpdater (StateMachineUpdater.java:takeSnapshot(269)) - 0b281616-c01c-466a-8a2c-b7dbd5445109@group-65D104242C3E-StateMachineUpdater: Took a snapshot at index 3
2019-10-31 17:51:36,841 [0b281616-c01c-466a-8a2c-b7dbd5445109@group-65D104242C3E-StateMachineUpdater] INFO  impl.StateMachineUpdater (StateMachineUpdater.java:lambda$new$0(84)) - 0b281616-c01c-466a-8a2c-b7dbd5445109@group-65D104242C3E-StateMachineUpdater: snapshotIndex: updateIncreasingly -1 -> 3
2019-10-31 17:51:36,846 [0b281616-c01c-466a-8a2c-b7dbd5445109@group-65D104242C3E-StateMachineUpdater] INFO  ratis.ContainerStateMachine (ContainerStateMachine.java:takeSnapshot(294)) - group-65D104242C3E: Taking a snapshot at:(t:1, i:3) file /workdir/hadoop-ozone/integration-test/target/test-dir/MiniOzoneClusterImpl-a140a335-5a07-44a3-85b4-01ea81f29811/datanode-1/data/ratis/9d718bf7-db0a-4e77-ab39-65d104242c3e/sm/snapshot.1_3
2019-10-31 17:51:36,859 [0b281616-c01c-466a-8a2c-b7dbd5445109@group-65D104242C3E-StateMachineUpdater] INFO  ratis.ContainerStateMachine (ContainerStateMachine.java:takeSnapshot(305)) - group-65D104242C3E: Finished taking a snapshot at:(t:1, i:3) file:/workdir/hadoop-ozone/integration-test/target/test-dir/MiniOzoneClusterImpl-a140a335-5a07-44a3-85b4-01ea81f29811/datanode-1/data/ratis/9d718bf7-db0a-4e77-ab39-65d104242c3e/sm/snapshot.1_3 time:13
2019-10-31 17:51:36,859 [0b281616-c01c-466a-8a2c-b7dbd5445109@group-65D104242C3E-StateMachineUpdater] INFO  impl.StateMachineUpdater (StateMachineUpdater.java:takeSnapshot(269)) - 0b281616-c01c-466a-8a2c-b7dbd5445109@group-65D104242C3E-StateMachineUpdater: Took a snapshot at index 3
2019-10-31 17:51:36,859 [0b281616-c01c-466a-8a2c-b7dbd5445109@group-65D104242C3E-StateMachineUpdater] INFO  impl.StateMachineUpdater (StateMachineUpdater.java:lambda$new$0(84)) - 0b281616-c01c-466a-8a2c-b7dbd5445109@group-65D104242C3E-StateMachineUpdater: snapshotIndex: updateIncreasingly 3 -> 3
2019-10-31 17:51:36,860 [main] INFO  impl.RaftServerImpl (ServerState.java:close(387)) - 0b281616-c01c-466a-8a2c-b7dbd5445109@group-65D104242C3E: closes. applyIndex: 4
2019-10-31 17:51:36,863 [0b281616-c01c-466a-8a2c-b7dbd5445109@group-65D104242C3E-SegmentedRaftLogWorker] INFO  segmented.SegmentedRaftLogWorker (SegmentedRaftLogWorker.java:run(316)) - 0b281616-c01c-466a-8a2c-b7dbd5445109@group-65D104242C3E-SegmentedRaftLogWorker was interrupted, exiting. There are 0 tasks remaining in the queue.
2019-10-31 17:51:36,866 [main] INFO  segmented.SegmentedRaftLogWorker (SegmentedRaftLogWorker.java:close(224)) - 0b281616-c01c-466a-8a2c-b7dbd5445109@group-65D104242C3E-SegmentedRaftLogWorker close()
2019-10-31 17:51:36,868 [main] INFO  impl.RaftServerImpl (RaftServerImpl.java:lambda$shutdown$3(250)) - 0b281616-c01c-466a-8a2c-b7dbd5445109@group-3F1636997F7A: shutdown
2019-10-31 17:51:36,868 [main] INFO  util.JmxRegister (JmxRegister.java:unregister(73)) - Successfully un-registered JMX Bean with object name Ratis:service=RaftServer,group=group-3F1636997F7A,id=0b281616-c01c-466a-8a2c-b7dbd5445109
2019-10-31 17:51:36,868 [main] INFO  impl.RoleInfo (RoleInfo.java:shutdownLeaderState(104)) - 0b281616-c01c-466a-8a2c-b7dbd5445109: shutdown LeaderState
2019-10-31 17:51:36,869 [main] INFO  impl.PendingRequests (PendingRequests.java:sendNotLeaderResponses(206)) - 0b281616-c01c-466a-8a2c-b7dbd5445109@group-3F1636997F7A-PendingRequests: sendNotLeaderResponses
2019-10-31 17:51:36,871 [main] INFO  impl.StateMachineUpdater (StateMachineUpdater.java:stopAndJoin(136)) - 0b281616-c01c-466a-8a2c-b7dbd5445109@group-3F1636997F7A-StateMachineUpdater: set stopIndex = 0
2019-10-31 17:51:36,872 [main] INFO  impl.RaftServerImpl (ServerState.java:close(387)) - 0b281616-c01c-466a-8a2c-b7dbd5445109@group-3F1636997F7A: closes. applyIndex: 0
2019-10-31 17:51:36,873 [0b281616-c01c-466a-8a2c-b7dbd5445109@group-3F1636997F7A-SegmentedRaftLogWorker] INFO  segmented.SegmentedRaftLogWorker (SegmentedRaftLogWorker.java:run(316)) - 0b281616-c01c-466a-8a2c-b7dbd5445109@group-3F1636997F7A-SegmentedRaftLogWorker was interrupted, exiting. There are 0 tasks remaining in the queue.
2019-10-31 17:51:36,875 [main] INFO  segmented.SegmentedRaftLogWorker (SegmentedRaftLogWorker.java:close(224)) - 0b281616-c01c-466a-8a2c-b7dbd5445109@group-3F1636997F7A-SegmentedRaftLogWorker close()
2019-10-31 17:51:36,877 [main] INFO  server.GrpcService (GrpcService.java:closeImpl(164)) - 0b281616-c01c-466a-8a2c-b7dbd5445109: shutdown server with port 34661 now
2019-10-31 17:51:36,885 [main] INFO  server.GrpcService (GrpcService.java:closeImpl(172)) - 0b281616-c01c-466a-8a2c-b7dbd5445109: shutdown server with port 34661 successfully
2019-10-31 17:51:36,885 [grpc-default-executor-2] WARN  server.GrpcServerProtocolService (LogUtils.java:warn(134)) - 0b281616-c01c-466a-8a2c-b7dbd5445109: installSnapshot onError, lastRequest: 8ad27c18-e1b1-434c-bb09-32fd11380927->0b281616-c01c-466a-8a2c-b7dbd5445109#7-t1, previous=(t:1, i:4), leaderCommit=4, initializing? false, entries: <empty>: org.apache.ratis.thirdparty.io.grpc.StatusRuntimeException: CANCELLED: cancelled before receiving half close
2019-10-31 17:51:36,886 [grpc-default-executor-0] WARN  server.GrpcLogAppender (LogUtils.java:warn(134)) - 8ad27c18-e1b1-434c-bb09-32fd11380927@group-65D104242C3E->0b281616-c01c-466a-8a2c-b7dbd5445109-AppendLogResponseHandler: Failed appendEntries: org.apache.ratis.thirdparty.io.grpc.StatusRuntimeException: CANCELLED: HTTP/2 error code: CANCEL
Received Rst Stream
2019-10-31 17:51:36,888 [refreshUsed-/workdir/hadoop-ozone/integration-test/target/test-dir/MiniOzoneClusterImpl-a140a335-5a07-44a3-85b4-01ea81f29811/datanode-1/data/containers] WARN  fs.CachingGetSpaceUsed (CachingGetSpaceUsed.java:run(183)) - Thread Interrupted waiting to refresh disk information: sleep interrupted
2019-10-31 17:51:36,909 [main] INFO  utils.BackgroundService (BackgroundService.java:shutdown(151)) - Shutting down service BlockDeletingService
2019-10-31 17:51:36,912 [main] INFO  statemachine.DatanodeStateMachine (DatanodeStateMachine.java:stopDaemon(395)) - Ozone container server stopped.
2019-10-31 17:51:36,917 [main] INFO  handler.ContextHandler (ContextHandler.java:doStop(910)) - Stopped o.e.j.w.WebAppContext@26c47874{/,null,UNAVAILABLE}{/hddsDatanode}
2019-10-31 17:51:36,922 [main] INFO  server.AbstractConnector (AbstractConnector.java:doStop(318)) - Stopped ServerConnector@421056e5{HTTP/1.1,[http/1.1]}{0.0.0.0:0}
2019-10-31 17:51:36,923 [main] INFO  handler.ContextHandler (ContextHandler.java:doStop(910)) - Stopped o.e.j.s.ServletContextHandler@60f70249{/static,jar:file:/home/user/.m2/repository/org/apache/hadoop/hadoop-hdds-container-service/0.5.0-SNAPSHOT/hadoop-hdds-container-service-0.5.0-SNAPSHOT.jar!/webapps/static,UNAVAILABLE}
2019-10-31 17:51:36,923 [main] INFO  handler.ContextHandler (ContextHandler.java:doStop(910)) - Stopped o.e.j.s.ServletContextHandler@10a0fe30{/logs,file:///workdir/hadoop-ozone/integration-test/target/log,UNAVAILABLE}
2019-10-31 17:51:39,932 [java.util.concurrent.ThreadPoolExecutor$Worker@2e73371a[State = -1, empty queue]] WARN  server.GrpcLogAppender (GrpcLogAppender.java:timeoutAppendRequest(209)) - 8ad27c18-e1b1-434c-bb09-32fd11380927@group-65D104242C3E->0b281616-c01c-466a-8a2c-b7dbd5445109-GrpcLogAppender: appendEntries Timeout, request=8ad27c18-e1b1-434c-bb09-32fd11380927->0b281616-c01c-466a-8a2c-b7dbd5445109#8-t1, previous=(t:1, i:4), leaderCommit=4, initializing? false, entries: size=1, first=(t:1, i:5), STATEMACHINELOGENTRY, client-2E3303FC451C, cid=8
2019-10-31 17:51:39,936 [java.util.concurrent.ThreadPoolExecutor$Worker@2e73371a[State = -1, empty queue]] WARN  server.GrpcLogAppender (GrpcLogAppender.java:timeoutAppendRequest(209)) - 8ad27c18-e1b1-434c-bb09-32fd11380927@group-65D104242C3E->0b281616-c01c-466a-8a2c-b7dbd5445109-GrpcLogAppender: appendEntries Timeout, request=8ad27c18-e1b1-434c-bb09-32fd11380927->0b281616-c01c-466a-8a2c-b7dbd5445109#9-t1, previous=(t:1, i:5), leaderCommit=4, initializing? false, entries: size=1, first=(t:1, i:6), STATEMACHINELOGENTRY, client-2E3303FC451C, cid=9
2019-10-31 17:51:39,946 [java.util.concurrent.ThreadPoolExecutor$Worker@2e73371a[State = -1, empty queue]] WARN  server.GrpcLogAppender (GrpcLogAppender.java:timeoutAppendRequest(209)) - 8ad27c18-e1b1-434c-bb09-32fd11380927@group-65D104242C3E->0b281616-c01c-466a-8a2c-b7dbd5445109-GrpcLogAppender: appendEntries Timeout, request=8ad27c18-e1b1-434c-bb09-32fd11380927->0b281616-c01c-466a-8a2c-b7dbd5445109#10-t1, previous=(t:1, i:6), leaderCommit=5, initializing? false, entries: size=1, first=(t:1, i:7), METADATAENTRY(c5)
2019-10-31 17:51:39,958 [java.util.concurrent.ThreadPoolExecutor$Worker@2e73371a[State = -1, empty queue]] WARN  server.GrpcLogAppender (GrpcLogAppender.java:timeoutAppendRequest(209)) - 8ad27c18-e1b1-434c-bb09-32fd11380927@group-65D104242C3E->0b281616-c01c-466a-8a2c-b7dbd5445109-GrpcLogAppender: appendEntries Timeout, request=8ad27c18-e1b1-434c-bb09-32fd11380927->0b281616-c01c-466a-8a2c-b7dbd5445109#11-t1, previous=(t:1, i:7), leaderCommit=6, initializing? false, entries: size=1, first=(t:1, i:8), METADATAENTRY(c6)
2019-10-31 17:51:42,464 [java.util.concurrent.ThreadPoolExecutor$Worker@2e73371a[State = -1, empty queue]] WARN  server.GrpcLogAppender (GrpcLogAppender.java:timeoutAppendRequest(209)) - 8ad27c18-e1b1-434c-bb09-32fd11380927@group-65D104242C3E->0b281616-c01c-466a-8a2c-b7dbd5445109-GrpcLogAppender: appendEntries Timeout, request=8ad27c18-e1b1-434c-bb09-32fd11380927->0b281616-c01c-466a-8a2c-b7dbd5445109#12-t1, previous=(t:1, i:8), leaderCommit=8, initializing? false, entries: <empty>
2019-10-31 17:51:44,965 [java.util.concurrent.ThreadPoolExecutor$Worker@2e73371a[State = -1, empty queue]] WARN  server.GrpcLogAppender (GrpcLogAppender.java:timeoutAppendRequest(209)) - 8ad27c18-e1b1-434c-bb09-32fd11380927@group-65D104242C3E->0b281616-c01c-466a-8a2c-b7dbd5445109-GrpcLogAppender: appendEntries Timeout, request=8ad27c18-e1b1-434c-bb09-32fd11380927->0b281616-c01c-466a-8a2c-b7dbd5445109#13-t1, previous=(t:1, i:8), leaderCommit=8, initializing? false, entries: <empty>
2019-10-31 17:51:47,017 [Thread-288] INFO  client.GrpcClientProtocolService (GrpcClientProtocolService.java:lambda$processClientRequest$0(279)) - Failed RaftClientRequest:client-2E3303FC451C->3c4b9a55-490e-411c-8712-e94a51e11966@group-65D104242C3E, cid=10, seq=0, Watch-ALL_COMMITTED(6), Message:<EMPTY>, reply=RaftClientReply:client-2E3303FC451C->3c4b9a55-490e-411c-8712-e94a51e11966@group-65D104242C3E, cid=10, FAILED org.apache.ratis.protocol.NotLeaderException: Server 3c4b9a55-490e-411c-8712-e94a51e11966@group-65D104242C3E is not the leader 8ad27c18-e1b1-434c-bb09-32fd11380927:192.168.164.209:34436, logIndex=0, commits[3c4b9a55-490e-411c-8712-e94a51e11966:c8, 8ad27c18-e1b1-434c-bb09-32fd11380927:c8, 0b281616-c01c-466a-8a2c-b7dbd5445109:c4]
2019-10-31 17:51:47,466 [java.util.concurrent.ThreadPoolExecutor$Worker@2e73371a[State = -1, empty queue]] WARN  server.GrpcLogAppender (GrpcLogAppender.java:timeoutAppendRequest(209)) - 8ad27c18-e1b1-434c-bb09-32fd11380927@group-65D104242C3E->0b281616-c01c-466a-8a2c-b7dbd5445109-GrpcLogAppender: appendEntries Timeout, request=8ad27c18-e1b1-434c-bb09-32fd11380927->0b281616-c01c-466a-8a2c-b7dbd5445109#14-t1, previous=(t:1, i:8), leaderCommit=8, initializing? false, entries: <empty>
2019-10-31 17:51:47,686 [Thread-291] INFO  client.GrpcClientProtocolService (GrpcClientProtocolService.java:lambda$processClientRequest$0(279)) - Failed RaftClientRequest:client-2E3303FC451C->8ad27c18-e1b1-434c-bb09-32fd11380927@group-65D104242C3E, cid=10, seq=0, Watch-ALL_COMMITTED(6), Message:<EMPTY>, reply=RaftClientReply:client-2E3303FC451C->8ad27c18-e1b1-434c-bb09-32fd11380927@group-65D104242C3E, cid=10, FAILED org.apache.ratis.protocol.NotReplicatedException: Request with call Id 10 and log index 6 is not yet replicated to ALL_COMMITTED, logIndex=6, commits[8ad27c18-e1b1-434c-bb09-32fd11380927:c8, 3c4b9a55-490e-411c-8712-e94a51e11966:c8, 0b281616-c01c-466a-8a2c-b7dbd5445109:c4]
2019-10-31 17:51:49,966 [java.util.concurrent.ThreadPoolExecutor$Worker@2e73371a[State = -1, empty queue]] WARN  server.GrpcLogAppender (GrpcLogAppender.java:timeoutAppendRequest(209)) - 8ad27c18-e1b1-434c-bb09-32fd11380927@group-65D104242C3E->0b281616-c01c-466a-8a2c-b7dbd5445109-GrpcLogAppender: appendEntries Timeout, request=8ad27c18-e1b1-434c-bb09-32fd11380927->0b281616-c01c-466a-8a2c-b7dbd5445109#15-t1, previous=(t:1, i:8), leaderCommit=8, initializing? false, entries: <empty>
2019-10-31 17:51:52,467 [java.util.concurrent.ThreadPoolExecutor$Worker@2e73371a[State = -1, empty queue]] WARN  server.GrpcLogAppender (GrpcLogAppender.java:timeoutAppendRequest(209)) - 8ad27c18-e1b1-434c-bb09-32fd11380927@group-65D104242C3E->0b281616-c01c-466a-8a2c-b7dbd5445109-GrpcLogAppender: appendEntries Timeout, request=8ad27c18-e1b1-434c-bb09-32fd11380927->0b281616-c01c-466a-8a2c-b7dbd5445109#16-t1, previous=(t:1, i:8), leaderCommit=8, initializing? false, entries: <empty>
2019-10-31 17:51:54,969 [java.util.concurrent.ThreadPoolExecutor$Worker@2e73371a[State = -1, empty queue]] WARN  server.GrpcLogAppender (GrpcLogAppender.java:timeoutAppendRequest(209)) - 8ad27c18-e1b1-434c-bb09-32fd11380927@group-65D104242C3E->0b281616-c01c-466a-8a2c-b7dbd5445109-GrpcLogAppender: appendEntries Timeout, request=8ad27c18-e1b1-434c-bb09-32fd11380927->0b281616-c01c-466a-8a2c-b7dbd5445109#17-t1, previous=(t:1, i:8), leaderCommit=8, initializing? false, entries: <empty>
2019-10-31 17:51:57,061 [Thread-300] INFO  client.GrpcClientProtocolService (GrpcClientProtocolService.java:lambda$processClientRequest$0(279)) - Failed RaftClientRequest:client-2E3303FC451C->3c4b9a55-490e-411c-8712-e94a51e11966@group-65D104242C3E, cid=10, seq=0, Watch-ALL_COMMITTED(6), Message:<EMPTY>, reply=RaftClientReply:client-2E3303FC451C->3c4b9a55-490e-411c-8712-e94a51e11966@group-65D104242C3E, cid=10, FAILED org.apache.ratis.protocol.NotLeaderException: Server 3c4b9a55-490e-411c-8712-e94a51e11966@group-65D104242C3E is not the leader 8ad27c18-e1b1-434c-bb09-32fd11380927:192.168.164.209:34436, logIndex=0, commits[3c4b9a55-490e-411c-8712-e94a51e11966:c8, 8ad27c18-e1b1-434c-bb09-32fd11380927:c8, 0b281616-c01c-466a-8a2c-b7dbd5445109:c4]
2019-10-31 17:51:57,470 [java.util.concurrent.ThreadPoolExecutor$Worker@2e73371a[State = -1, empty queue]] WARN  server.GrpcLogAppender (GrpcLogAppender.java:timeoutAppendRequest(209)) - 8ad27c18-e1b1-434c-bb09-32fd11380927@group-65D104242C3E->0b281616-c01c-466a-8a2c-b7dbd5445109-GrpcLogAppender: appendEntries Timeout, request=8ad27c18-e1b1-434c-bb09-32fd11380927->0b281616-c01c-466a-8a2c-b7dbd5445109#18-t1, previous=(t:1, i:8), leaderCommit=8, initializing? false, entries: <empty>
2019-10-31 17:51:57,683 [Thread-303] INFO  client.GrpcClientProtocolService (GrpcClientProtocolService.java:lambda$processClientRequest$0(279)) - Failed RaftClientRequest:client-2E3303FC451C->8ad27c18-e1b1-434c-bb09-32fd11380927@group-65D104242C3E, cid=10, seq=0, Watch-ALL_COMMITTED(6), Message:<EMPTY>, reply=RaftClientReply:client-2E3303FC451C->8ad27c18-e1b1-434c-bb09-32fd11380927@group-65D104242C3E, cid=10, FAILED org.apache.ratis.protocol.NotReplicatedException: Request with call Id 10 and log index 6 is not yet replicated to ALL_COMMITTED, logIndex=6, commits[8ad27c18-e1b1-434c-bb09-32fd11380927:c8, 3c4b9a55-490e-411c-8712-e94a51e11966:c8, 0b281616-c01c-466a-8a2c-b7dbd5445109:c4]
2019-10-31 17:51:59,972 [java.util.concurrent.ThreadPoolExecutor$Worker@2e73371a[State = -1, empty queue]] WARN  server.GrpcLogAppender (GrpcLogAppender.java:timeoutAppendRequest(209)) - 8ad27c18-e1b1-434c-bb09-32fd11380927@group-65D104242C3E->0b281616-c01c-466a-8a2c-b7dbd5445109-GrpcLogAppender: appendEntries Timeout, request=8ad27c18-e1b1-434c-bb09-32fd11380927->0b281616-c01c-466a-8a2c-b7dbd5445109#19-t1, previous=(t:1, i:8), leaderCommit=8, initializing? false, entries: <empty>
2019-10-31 17:52:02,475 [java.util.concurrent.ThreadPoolExecutor$Worker@2e73371a[State = -1, empty queue]] WARN  server.GrpcLogAppender (GrpcLogAppender.java:timeoutAppendRequest(209)) - 8ad27c18-e1b1-434c-bb09-32fd11380927@group-65D104242C3E->0b281616-c01c-466a-8a2c-b7dbd5445109-GrpcLogAppender: appendEntries Timeout, request=8ad27c18-e1b1-434c-bb09-32fd11380927->0b281616-c01c-466a-8a2c-b7dbd5445109#20-t1, previous=(t:1, i:8), leaderCommit=8, initializing? false, entries: <empty>
2019-10-31 17:52:04,978 [java.util.concurrent.ThreadPoolExecutor$Worker@2e73371a[State = -1, empty queue]] WARN  server.GrpcLogAppender (GrpcLogAppender.java:timeoutAppendRequest(209)) - 8ad27c18-e1b1-434c-bb09-32fd11380927@group-65D104242C3E->0b281616-c01c-466a-8a2c-b7dbd5445109-GrpcLogAppender: appendEntries Timeout, request=8ad27c18-e1b1-434c-bb09-32fd11380927->0b281616-c01c-466a-8a2c-b7dbd5445109#21-t1, previous=(t:1, i:8), leaderCommit=8, initializing? false, entries: <empty>
2019-10-31 17:52:06,105 [Thread-309] INFO  client.GrpcClientProtocolService (GrpcClientProtocolService.java:lambda$processClientRequest$0(279)) - Failed RaftClientRequest:client-2E3303FC451C->3c4b9a55-490e-411c-8712-e94a51e11966@group-65D104242C3E, cid=10, seq=0, Watch-ALL_COMMITTED(6), Message:<EMPTY>, reply=RaftClientReply:client-2E3303FC451C->3c4b9a55-490e-411c-8712-e94a51e11966@group-65D104242C3E, cid=10, FAILED org.apache.ratis.protocol.NotLeaderException: Server 3c4b9a55-490e-411c-8712-e94a51e11966@group-65D104242C3E is not the leader 8ad27c18-e1b1-434c-bb09-32fd11380927:192.168.164.209:34436, logIndex=0, commits[3c4b9a55-490e-411c-8712-e94a51e11966:c8, 8ad27c18-e1b1-434c-bb09-32fd11380927:c8, 0b281616-c01c-466a-8a2c-b7dbd5445109:c4]
2019-10-31 17:52:06,979 [main] WARN  scm.XceiverClientRatis (XceiverClientRatis.java:watchForCommit(277)) - 3 way commit failed on pipeline Pipeline[ Id: 9d718bf7-db0a-4e77-ab39-65d104242c3e, Nodes: 0b281616-c01c-466a-8a2c-b7dbd5445109{ip: 192.168.164.209, host: pr-hdds-2329-pipelines-6tcfk-2810823695, networkLocation: /default-rack, certSerialId: null}3c4b9a55-490e-411c-8712-e94a51e11966{ip: 192.168.164.209, host: pr-hdds-2329-pipelines-6tcfk-2810823695, networkLocation: /default-rack, certSerialId: null}8ad27c18-e1b1-434c-bb09-32fd11380927{ip: 192.168.164.209, host: pr-hdds-2329-pipelines-6tcfk-2810823695, networkLocation: /default-rack, certSerialId: null}, Type:RATIS, Factor:THREE, State:OPEN]
java.util.concurrent.TimeoutException
	at java.util.concurrent.CompletableFuture.timedGet(CompletableFuture.java:1771)
	at java.util.concurrent.CompletableFuture.get(CompletableFuture.java:1915)
	at org.apache.hadoop.hdds.scm.XceiverClientRatis.watchForCommit(XceiverClientRatis.java:274)
	at org.apache.hadoop.hdds.scm.storage.CommitWatcher.watchForCommit(CommitWatcher.java:198)
	at org.apache.hadoop.hdds.scm.storage.CommitWatcher.watchOnLastIndex(CommitWatcher.java:161)
	at org.apache.hadoop.hdds.scm.storage.BlockOutputStream.watchForCommit(BlockOutputStream.java:346)
	at org.apache.hadoop.hdds.scm.storage.BlockOutputStream.handleFlush(BlockOutputStream.java:482)
	at org.apache.hadoop.hdds.scm.storage.BlockOutputStream.close(BlockOutputStream.java:496)
	at org.apache.hadoop.ozone.client.io.BlockOutputStreamEntry.close(BlockOutputStreamEntry.java:143)
	at org.apache.hadoop.ozone.client.io.KeyOutputStream.handleFlushOrClose(KeyOutputStream.java:435)
	at org.apache.hadoop.ozone.client.io.KeyOutputStream.close(KeyOutputStream.java:473)
	at org.apache.hadoop.ozone.client.io.OzoneOutputStream.close(OzoneOutputStream.java:60)
	at org.apache.hadoop.ozone.client.rpc.TestDeleteWithSlowFollower.testDeleteKeyWithSlowFollower(TestDeleteWithSlowFollower.java:193)
	at sun.reflect.NativeMethodAccessorImpl.invoke0(Native Method)
	at sun.reflect.NativeMethodAccessorImpl.invoke(NativeMethodAccessorImpl.java:62)
	at sun.reflect.DelegatingMethodAccessorImpl.invoke(DelegatingMethodAccessorImpl.java:43)
	at java.lang.reflect.Method.invoke(Method.java:498)
	at org.junit.runners.model.FrameworkMethod$1.runReflectiveCall(FrameworkMethod.java:47)
	at org.junit.internal.runners.model.ReflectiveCallable.run(ReflectiveCallable.java:12)
	at org.junit.runners.model.FrameworkMethod.invokeExplosively(FrameworkMethod.java:44)
	at org.junit.internal.runners.statements.InvokeMethod.evaluate(InvokeMethod.java:17)
	at org.junit.runners.ParentRunner.runLeaf(ParentRunner.java:271)
	at org.junit.runners.BlockJUnit4ClassRunner.runChild(BlockJUnit4ClassRunner.java:70)
	at org.junit.runners.BlockJUnit4ClassRunner.runChild(BlockJUnit4ClassRunner.java:50)
	at org.junit.runners.ParentRunner$3.run(ParentRunner.java:238)
	at org.junit.runners.ParentRunner$1.schedule(ParentRunner.java:63)
	at org.junit.runners.ParentRunner.runChildren(ParentRunner.java:236)
	at org.junit.runners.ParentRunner.access$000(ParentRunner.java:53)
	at org.junit.runners.ParentRunner$2.evaluate(ParentRunner.java:229)
	at org.junit.internal.runners.statements.RunBefores.evaluate(RunBefores.java:26)
	at org.junit.internal.runners.statements.RunAfters.evaluate(RunAfters.java:27)
	at org.junit.runners.ParentRunner.run(ParentRunner.java:309)
	at org.apache.maven.surefire.junit4.JUnit4Provider.execute(JUnit4Provider.java:365)
	at org.apache.maven.surefire.junit4.JUnit4Provider.executeWithRerun(JUnit4Provider.java:273)
	at org.apache.maven.surefire.junit4.JUnit4Provider.executeTestSet(JUnit4Provider.java:238)
	at org.apache.maven.surefire.junit4.JUnit4Provider.invoke(JUnit4Provider.java:159)
	at org.apache.maven.surefire.booter.ForkedBooter.invokeProviderInSameClassLoader(ForkedBooter.java:384)
	at org.apache.maven.surefire.booter.ForkedBooter.runSuitesInProcess(ForkedBooter.java:345)
	at org.apache.maven.surefire.booter.ForkedBooter.execute(ForkedBooter.java:126)
	at org.apache.maven.surefire.booter.ForkedBooter.main(ForkedBooter.java:418)
2019-10-31 17:52:06,997 [main] INFO  scm.XceiverClientRatis (XceiverClientRatis.java:lambda$watchForCommit$5(295)) - Could not commit index 6 on pipeline Pipeline[ Id: 9d718bf7-db0a-4e77-ab39-65d104242c3e, Nodes: 0b281616-c01c-466a-8a2c-b7dbd5445109{ip: 192.168.164.209, host: pr-hdds-2329-pipelines-6tcfk-2810823695, networkLocation: /default-rack, certSerialId: null}3c4b9a55-490e-411c-8712-e94a51e11966{ip: 192.168.164.209, host: pr-hdds-2329-pipelines-6tcfk-2810823695, networkLocation: /default-rack, certSerialId: null}8ad27c18-e1b1-434c-bb09-32fd11380927{ip: 192.168.164.209, host: pr-hdds-2329-pipelines-6tcfk-2810823695, networkLocation: /default-rack, certSerialId: null}, Type:RATIS, Factor:THREE, State:OPEN] to all the nodes. Server 0b281616-c01c-466a-8a2c-b7dbd5445109 has failed. Committed by majority.
2019-10-31 17:52:06,998 [main] WARN  storage.BlockOutputStream (BlockOutputStream.java:watchForCommit(352)) - Failed to commit BlockId conID: 1 locID: 103058262397681664 bcsId: 6 on Pipeline[ Id: 9d718bf7-db0a-4e77-ab39-65d104242c3e, Nodes: 0b281616-c01c-466a-8a2c-b7dbd5445109{ip: 192.168.164.209, host: pr-hdds-2329-pipelines-6tcfk-2810823695, networkLocation: /default-rack, certSerialId: null}3c4b9a55-490e-411c-8712-e94a51e11966{ip: 192.168.164.209, host: pr-hdds-2329-pipelines-6tcfk-2810823695, networkLocation: /default-rack, certSerialId: null}8ad27c18-e1b1-434c-bb09-32fd11380927{ip: 192.168.164.209, host: pr-hdds-2329-pipelines-6tcfk-2810823695, networkLocation: /default-rack, certSerialId: null}, Type:RATIS, Factor:THREE, State:OPEN]. Failed nodes: [0b281616-c01c-466a-8a2c-b7dbd5445109{ip: null, host: null, networkLocation: /default-rack, certSerialId: null}]
2019-10-31 17:52:07,479 [java.util.concurrent.ThreadPoolExecutor$Worker@2e73371a[State = -1, empty queue]] WARN  server.GrpcLogAppender (GrpcLogAppender.java:timeoutAppendRequest(209)) - 8ad27c18-e1b1-434c-bb09-32fd11380927@group-65D104242C3E->0b281616-c01c-466a-8a2c-b7dbd5445109-GrpcLogAppender: appendEntries Timeout, request=8ad27c18-e1b1-434c-bb09-32fd11380927->0b281616-c01c-466a-8a2c-b7dbd5445109#22-t1, previous=(t:1, i:8), leaderCommit=8, initializing? false, entries: <empty>
2019-10-31 17:52:07,682 [Thread-318] INFO  client.GrpcClientProtocolService (GrpcClientProtocolService.java:lambda$processClientRequest$0(279)) - Failed RaftClientRequest:client-2E3303FC451C->8ad27c18-e1b1-434c-bb09-32fd11380927@group-65D104242C3E, cid=10, seq=0, Watch-ALL_COMMITTED(6), Message:<EMPTY>, reply=RaftClientReply:client-2E3303FC451C->8ad27c18-e1b1-434c-bb09-32fd11380927@group-65D104242C3E, cid=10, FAILED org.apache.ratis.protocol.NotReplicatedException: Request with call Id 10 and log index 6 is not yet replicated to ALL_COMMITTED, logIndex=6, commits[8ad27c18-e1b1-434c-bb09-32fd11380927:c8, 3c4b9a55-490e-411c-8712-e94a51e11966:c8, 0b281616-c01c-466a-8a2c-b7dbd5445109:c4]
2019-10-31 17:52:08,113 [EventQueue-IncrementalContainerReportForIncrementalContainerReportHandler] WARN  container.IncrementalContainerReportHandler (AbstractContainerReportHandler.java:updateContainerState(145)) - Container #1 is in OPEN state, but the datanode 8ad27c18-e1b1-434c-bb09-32fd11380927{ip: 192.168.164.209, host: pr-hdds-2329-pipelines-6tcfk-2810823695, networkLocation: /default-rack, certSerialId: null} reports an CLOSING replica.
2019-10-31 17:52:08,124 [RatisApplyTransactionExecutor 1] INFO  interfaces.Container (KeyValueContainer.java:flushAndSyncDB(386)) - Container 1 is synced with bcsId 6.
2019-10-31 17:52:08,125 [RatisApplyTransactionExecutor 1] INFO  interfaces.Container (KeyValueContainer.java:flushAndSyncDB(386)) - Container 1 is synced with bcsId 6.
2019-10-31 17:52:08,148 [RatisApplyTransactionExecutor 1] INFO  interfaces.Container (KeyValueContainer.java:close(335)) - Container 1 is closed with bcsId 6.
2019-10-31 17:52:08,152 [EventQueue-IncrementalContainerReportForIncrementalContainerReportHandler] WARN  container.IncrementalContainerReportHandler (AbstractContainerReportHandler.java:updateContainerState(145)) - Container #1 is in OPEN state, but the datanode 8ad27c18-e1b1-434c-bb09-32fd11380927{ip: 192.168.164.209, host: pr-hdds-2329-pipelines-6tcfk-2810823695, networkLocation: /default-rack, certSerialId: null} reports an CLOSED replica.
2019-10-31 17:52:08,152 [EventQueue-IncrementalContainerReportForIncrementalContainerReportHandler] WARN  container.IncrementalContainerReportHandler (AbstractContainerReportHandler.java:updateContainerState(145)) - Container #1 is in OPEN state, but the datanode 3c4b9a55-490e-411c-8712-e94a51e11966{ip: 192.168.164.209, host: pr-hdds-2329-pipelines-6tcfk-2810823695, networkLocation: /default-rack, certSerialId: null} reports an CLOSING replica.
2019-10-31 17:52:08,160 [RatisApplyTransactionExecutor 1] INFO  interfaces.Container (KeyValueContainer.java:flushAndSyncDB(386)) - Container 1 is synced with bcsId 6.
2019-10-31 17:52:08,161 [RatisApplyTransactionExecutor 1] INFO  interfaces.Container (KeyValueContainer.java:flushAndSyncDB(386)) - Container 1 is synced with bcsId 6.
2019-10-31 17:52:08,188 [RatisApplyTransactionExecutor 1] INFO  interfaces.Container (KeyValueContainer.java:close(335)) - Container 1 is closed with bcsId 6.
2019-10-31 17:52:08,189 [BlockDeletingService#2] WARN  background.BlockDeletingService (BlockDeletingService.java:isDeletionAllowed(187)) - Close Container log Index 6 is not replicated across allthe servers in the pipeline 9d718bf7-db0a-4e77-ab39-65d104242c3e as the min replicated index is 4. Deletion is not allowed in this container yet.
2019-10-31 17:52:08,189 [EventQueue-IncrementalContainerReportForIncrementalContainerReportHandler] WARN  container.IncrementalContainerReportHandler (AbstractContainerReportHandler.java:updateContainerState(145)) - Container #1 is in OPEN state, but the datanode 3c4b9a55-490e-411c-8712-e94a51e11966{ip: 192.168.164.209, host: pr-hdds-2329-pipelines-6tcfk-2810823695, networkLocation: /default-rack, certSerialId: null} reports an CLOSED replica.
2019-10-31 17:52:08,190 [BlockDeletingService#2] WARN  background.BlockDeletingService (BlockDeletingService.java:isDeletionAllowed(187)) - Close Container log Index 6 is not replicated across allthe servers in the pipeline 9d718bf7-db0a-4e77-ab39-65d104242c3e as the min replicated index is 4. Deletion is not allowed in this container yet.
2019-10-31 17:52:08,250 [EventQueue-ContainerReportForContainerReportHandler] WARN  container.ContainerReportHandler (AbstractContainerReportHandler.java:updateContainerState(145)) - Container #1 is in OPEN state, but the datanode 8ad27c18-e1b1-434c-bb09-32fd11380927{ip: 192.168.164.209, host: pr-hdds-2329-pipelines-6tcfk-2810823695, networkLocation: /default-rack, certSerialId: null} reports an CLOSED replica.
2019-10-31 17:52:08,290 [EventQueue-ContainerReportForContainerReportHandler] WARN  container.ContainerReportHandler (AbstractContainerReportHandler.java:updateContainerState(145)) - Container #1 is in OPEN state, but the datanode 3c4b9a55-490e-411c-8712-e94a51e11966{ip: 192.168.164.209, host: pr-hdds-2329-pipelines-6tcfk-2810823695, networkLocation: /default-rack, certSerialId: null} reports an CLOSED replica.
2019-10-31 17:52:08,550 [EventQueue-ContainerReportForContainerReportHandler] WARN  container.ContainerReportHandler (AbstractContainerReportHandler.java:updateContainerState(145)) - Container #1 is in OPEN state, but the datanode 8ad27c18-e1b1-434c-bb09-32fd11380927{ip: 192.168.164.209, host: pr-hdds-2329-pipelines-6tcfk-2810823695, networkLocation: /default-rack, certSerialId: null} reports an CLOSED replica.
2019-10-31 17:52:08,590 [EventQueue-ContainerReportForContainerReportHandler] WARN  container.ContainerReportHandler (AbstractContainerReportHandler.java:updateContainerState(145)) - Container #1 is in OPEN state, but the datanode 3c4b9a55-490e-411c-8712-e94a51e11966{ip: 192.168.164.209, host: pr-hdds-2329-pipelines-6tcfk-2810823695, networkLocation: /default-rack, certSerialId: null} reports an CLOSED replica.
2019-10-31 17:52:08,851 [EventQueue-ContainerReportForContainerReportHandler] WARN  container.ContainerReportHandler (AbstractContainerReportHandler.java:updateContainerState(145)) - Container #1 is in OPEN state, but the datanode 8ad27c18-e1b1-434c-bb09-32fd11380927{ip: 192.168.164.209, host: pr-hdds-2329-pipelines-6tcfk-2810823695, networkLocation: /default-rack, certSerialId: null} reports an CLOSED replica.
2019-10-31 17:52:08,892 [EventQueue-ContainerReportForContainerReportHandler] WARN  container.ContainerReportHandler (AbstractContainerReportHandler.java:updateContainerState(145)) - Container #1 is in OPEN state, but the datanode 3c4b9a55-490e-411c-8712-e94a51e11966{ip: 192.168.164.209, host: pr-hdds-2329-pipelines-6tcfk-2810823695, networkLocation: /default-rack, certSerialId: null} reports an CLOSED replica.
2019-10-31 17:52:09,051 [EventQueue-ContainerReportForContainerReportHandler] WARN  container.ContainerReportHandler (AbstractContainerReportHandler.java:updateContainerState(145)) - Container #1 is in OPEN state, but the datanode 8ad27c18-e1b1-434c-bb09-32fd11380927{ip: 192.168.164.209, host: pr-hdds-2329-pipelines-6tcfk-2810823695, networkLocation: /default-rack, certSerialId: null} reports an CLOSED replica.
2019-10-31 17:52:09,082 [IPC Server handler 0 on 36078] INFO  server.SCMBlockProtocolServer (SCMBlockProtocolServer.java:deleteKeyBlocks(214)) - SCM is informed by OM to delete 1 blocks
2019-10-31 17:52:09,082 [IPC Server handler 0 on 36078] INFO  block.BlockManagerImpl (BlockManagerImpl.java:deleteBlocks(285)) - Deleting blocks conID: 1 locID: 103058262397681664 bcsId: 0
2019-10-31 17:52:09,190 [BlockDeletingService#2] WARN  background.BlockDeletingService (BlockDeletingService.java:isDeletionAllowed(187)) - Close Container log Index 6 is not replicated across allthe servers in the pipeline 9d718bf7-db0a-4e77-ab39-65d104242c3e as the min replicated index is 4. Deletion is not allowed in this container yet.
2019-10-31 17:52:09,192 [BlockDeletingService#2] WARN  background.BlockDeletingService (BlockDeletingService.java:isDeletionAllowed(187)) - Close Container log Index 6 is not replicated across allthe servers in the pipeline 9d718bf7-db0a-4e77-ab39-65d104242c3e as the min replicated index is 4. Deletion is not allowed in this container yet.
2019-10-31 17:52:09,292 [EventQueue-ContainerReportForContainerReportHandler] WARN  container.ContainerReportHandler (AbstractContainerReportHandler.java:updateContainerState(145)) - Container #1 is in OPEN state, but the datanode 3c4b9a55-490e-411c-8712-e94a51e11966{ip: 192.168.164.209, host: pr-hdds-2329-pipelines-6tcfk-2810823695, networkLocation: /default-rack, certSerialId: null} reports an CLOSED replica.
2019-10-31 17:52:09,351 [EventQueue-ContainerReportForContainerReportHandler] WARN  container.ContainerReportHandler (AbstractContainerReportHandler.java:updateContainerState(145)) - Container #1 is in OPEN state, but the datanode 8ad27c18-e1b1-434c-bb09-32fd11380927{ip: 192.168.164.209, host: pr-hdds-2329-pipelines-6tcfk-2810823695, networkLocation: /default-rack, certSerialId: null} reports an CLOSED replica.
2019-10-31 17:52:09,492 [EventQueue-ContainerReportForContainerReportHandler] WARN  container.ContainerReportHandler (AbstractContainerReportHandler.java:updateContainerState(145)) - Container #1 is in OPEN state, but the datanode 3c4b9a55-490e-411c-8712-e94a51e11966{ip: 192.168.164.209, host: pr-hdds-2329-pipelines-6tcfk-2810823695, networkLocation: /default-rack, certSerialId: null} reports an CLOSED replica.
2019-10-31 17:52:09,552 [EventQueue-ContainerReportForContainerReportHandler] WARN  container.ContainerReportHandler (AbstractContainerReportHandler.java:updateContainerState(145)) - Container #1 is in OPEN state, but the datanode 8ad27c18-e1b1-434c-bb09-32fd11380927{ip: 192.168.164.209, host: pr-hdds-2329-pipelines-6tcfk-2810823695, networkLocation: /default-rack, certSerialId: null} reports an CLOSED replica.
2019-10-31 17:52:09,792 [EventQueue-ContainerReportForContainerReportHandler] WARN  container.ContainerReportHandler (AbstractContainerReportHandler.java:updateContainerState(145)) - Container #1 is in OPEN state, but the datanode 3c4b9a55-490e-411c-8712-e94a51e11966{ip: 192.168.164.209, host: pr-hdds-2329-pipelines-6tcfk-2810823695, networkLocation: /default-rack, certSerialId: null} reports an CLOSED replica.
2019-10-31 17:52:09,955 [EventQueue-ContainerReportForContainerReportHandler] WARN  container.ContainerReportHandler (AbstractContainerReportHandler.java:updateContainerState(145)) - Container #1 is in OPEN state, but the datanode 8ad27c18-e1b1-434c-bb09-32fd11380927{ip: 192.168.164.209, host: pr-hdds-2329-pipelines-6tcfk-2810823695, networkLocation: /default-rack, certSerialId: null} reports an CLOSED replica.
2019-10-31 17:52:09,980 [java.util.concurrent.ThreadPoolExecutor$Worker@2e73371a[State = -1, empty queue]] WARN  server.GrpcLogAppender (GrpcLogAppender.java:timeoutAppendRequest(209)) - 8ad27c18-e1b1-434c-bb09-32fd11380927@group-65D104242C3E->0b281616-c01c-466a-8a2c-b7dbd5445109-GrpcLogAppender: appendEntries Timeout, request=8ad27c18-e1b1-434c-bb09-32fd11380927->0b281616-c01c-466a-8a2c-b7dbd5445109#23-t1, previous=(t:1, i:8), leaderCommit=8, initializing? false, entries: <empty>
2019-10-31 17:52:09,991 [EventQueue-ContainerReportForContainerReportHandler] WARN  container.ContainerReportHandler (AbstractContainerReportHandler.java:updateContainerState(145)) - Container #1 is in OPEN state, but the datanode 3c4b9a55-490e-411c-8712-e94a51e11966{ip: 192.168.164.209, host: pr-hdds-2329-pipelines-6tcfk-2810823695, networkLocation: /default-rack, certSerialId: null} reports an CLOSED replica.
2019-10-31 17:52:10,155 [EventQueue-ContainerReportForContainerReportHandler] WARN  container.ContainerReportHandler (AbstractContainerReportHandler.java:updateContainerState(145)) - Container #1 is in OPEN state, but the datanode 8ad27c18-e1b1-434c-bb09-32fd11380927{ip: 192.168.164.209, host: pr-hdds-2329-pipelines-6tcfk-2810823695, networkLocation: /default-rack, certSerialId: null} reports an CLOSED replica.
2019-10-31 17:52:10,191 [BlockDeletingService#2] WARN  background.BlockDeletingService (BlockDeletingService.java:isDeletionAllowed(187)) - Close Container log Index 6 is not replicated across allthe servers in the pipeline 9d718bf7-db0a-4e77-ab39-65d104242c3e as the min replicated index is 4. Deletion is not allowed in this container yet.
2019-10-31 17:52:10,193 [BlockDeletingService#2] WARN  background.BlockDeletingService (BlockDeletingService.java:isDeletionAllowed(187)) - Close Container log Index 6 is not replicated across allthe servers in the pipeline 9d718bf7-db0a-4e77-ab39-65d104242c3e as the min replicated index is 4. Deletion is not allowed in this container yet.
2019-10-31 17:52:10,291 [EventQueue-ContainerReportForContainerReportHandler] WARN  container.ContainerReportHandler (AbstractContainerReportHandler.java:updateContainerState(145)) - Container #1 is in OPEN state, but the datanode 3c4b9a55-490e-411c-8712-e94a51e11966{ip: 192.168.164.209, host: pr-hdds-2329-pipelines-6tcfk-2810823695, networkLocation: /default-rack, certSerialId: null} reports an CLOSED replica.
2019-10-31 17:52:10,455 [EventQueue-ContainerReportForContainerReportHandler] WARN  container.ContainerReportHandler (AbstractContainerReportHandler.java:updateContainerState(145)) - Container #1 is in OPEN state, but the datanode 8ad27c18-e1b1-434c-bb09-32fd11380927{ip: 192.168.164.209, host: pr-hdds-2329-pipelines-6tcfk-2810823695, networkLocation: /default-rack, certSerialId: null} reports an CLOSED replica.
2019-10-31 17:52:10,591 [EventQueue-ContainerReportForContainerReportHandler] WARN  container.ContainerReportHandler (AbstractContainerReportHandler.java:updateContainerState(145)) - Container #1 is in OPEN state, but the datanode 3c4b9a55-490e-411c-8712-e94a51e11966{ip: 192.168.164.209, host: pr-hdds-2329-pipelines-6tcfk-2810823695, networkLocation: /default-rack, certSerialId: null} reports an CLOSED replica.
2019-10-31 17:52:10,856 [EventQueue-ContainerReportForContainerReportHandler] WARN  container.ContainerReportHandler (AbstractContainerReportHandler.java:updateContainerState(145)) - Container #1 is in OPEN state, but the datanode 8ad27c18-e1b1-434c-bb09-32fd11380927{ip: 192.168.164.209, host: pr-hdds-2329-pipelines-6tcfk-2810823695, networkLocation: /default-rack, certSerialId: null} reports an CLOSED replica.
2019-10-31 17:52:10,992 [EventQueue-ContainerReportForContainerReportHandler] WARN  container.ContainerReportHandler (AbstractContainerReportHandler.java:updateContainerState(145)) - Container #1 is in OPEN state, but the datanode 3c4b9a55-490e-411c-8712-e94a51e11966{ip: 192.168.164.209, host: pr-hdds-2329-pipelines-6tcfk-2810823695, networkLocation: /default-rack, certSerialId: null} reports an CLOSED replica.
2019-10-31 17:52:11,056 [EventQueue-ContainerReportForContainerReportHandler] WARN  container.ContainerReportHandler (AbstractContainerReportHandler.java:updateContainerState(145)) - Container #1 is in OPEN state, but the datanode 8ad27c18-e1b1-434c-bb09-32fd11380927{ip: 192.168.164.209, host: pr-hdds-2329-pipelines-6tcfk-2810823695, networkLocation: /default-rack, certSerialId: null} reports an CLOSED replica.
2019-10-31 17:52:11,077 [java.util.concurrent.ThreadPoolExecutor$Worker@2e73371a[State = -1, empty queue]] WARN  server.GrpcLogAppender (GrpcLogAppender.java:timeoutAppendRequest(209)) - 8ad27c18-e1b1-434c-bb09-32fd11380927@group-65D104242C3E->0b281616-c01c-466a-8a2c-b7dbd5445109-GrpcLogAppender: appendEntries Timeout, request=8ad27c18-e1b1-434c-bb09-32fd11380927->0b281616-c01c-466a-8a2c-b7dbd5445109#24-t1, previous=(t:1, i:8), leaderCommit=8, initializing? false, entries: size=1, first=(t:1, i:9), STATEMACHINELOGENTRY, client-8AB957D5EEDC, cid=12
2019-10-31 17:52:11,086 [java.util.concurrent.ThreadPoolExecutor$Worker@2e73371a[State = -1, empty queue]] WARN  server.GrpcLogAppender (GrpcLogAppender.java:timeoutAppendRequest(209)) - 8ad27c18-e1b1-434c-bb09-32fd11380927@group-65D104242C3E->0b281616-c01c-466a-8a2c-b7dbd5445109-GrpcLogAppender: appendEntries Timeout, request=8ad27c18-e1b1-434c-bb09-32fd11380927->0b281616-c01c-466a-8a2c-b7dbd5445109#25-t1, previous=(t:1, i:9), leaderCommit=9, initializing? false, entries: size=1, first=(t:1, i:10), METADATAENTRY(c9)
2019-10-31 17:52:11,192 [EventQueue-ContainerReportForContainerReportHandler] WARN  container.ContainerReportHandler (AbstractContainerReportHandler.java:updateContainerState(145)) - Container #1 is in OPEN state, but the datanode 3c4b9a55-490e-411c-8712-e94a51e11966{ip: 192.168.164.209, host: pr-hdds-2329-pipelines-6tcfk-2810823695, networkLocation: /default-rack, certSerialId: null} reports an CLOSED replica.
2019-10-31 17:52:11,195 [BlockDeletingService#2] WARN  background.BlockDeletingService (BlockDeletingService.java:isDeletionAllowed(187)) - Close Container log Index 6 is not replicated across allthe servers in the pipeline 9d718bf7-db0a-4e77-ab39-65d104242c3e as the min replicated index is 4. Deletion is not allowed in this container yet.
2019-10-31 17:52:11,196 [BlockDeletingService#2] WARN  background.BlockDeletingService (BlockDeletingService.java:isDeletionAllowed(187)) - Close Container log Index 6 is not replicated across allthe servers in the pipeline 9d718bf7-db0a-4e77-ab39-65d104242c3e as the min replicated index is 4. Deletion is not allowed in this container yet.
2019-10-31 17:52:11,356 [EventQueue-ContainerReportForContainerReportHandler] WARN  container.ContainerReportHandler (AbstractContainerReportHandler.java:updateContainerState(145)) - Container #1 is in OPEN state, but the datanode 8ad27c18-e1b1-434c-bb09-32fd11380927{ip: 192.168.164.209, host: pr-hdds-2329-pipelines-6tcfk-2810823695, networkLocation: /default-rack, certSerialId: null} reports an CLOSED replica.
2019-10-31 17:52:11,592 [EventQueue-ContainerReportForContainerReportHandler] WARN  container.ContainerReportHandler (AbstractContainerReportHandler.java:updateContainerState(145)) - Container #1 is in OPEN state, but the datanode 3c4b9a55-490e-411c-8712-e94a51e11966{ip: 192.168.164.209, host: pr-hdds-2329-pipelines-6tcfk-2810823695, networkLocation: /default-rack, certSerialId: null} reports an CLOSED replica.
2019-10-31 17:52:11,656 [EventQueue-ContainerReportForContainerReportHandler] WARN  container.ContainerReportHandler (AbstractContainerReportHandler.java:updateContainerState(145)) - Container #1 is in OPEN state, but the datanode 8ad27c18-e1b1-434c-bb09-32fd11380927{ip: 192.168.164.209, host: pr-hdds-2329-pipelines-6tcfk-2810823695, networkLocation: /default-rack, certSerialId: null} reports an CLOSED replica.
2019-10-31 17:52:11,856 [EventQueue-ContainerReportForContainerReportHandler] WARN  container.ContainerReportHandler (AbstractContainerReportHandler.java:updateContainerState(145)) - Container #1 is in OPEN state, but the datanode 8ad27c18-e1b1-434c-bb09-32fd11380927{ip: 192.168.164.209, host: pr-hdds-2329-pipelines-6tcfk-2810823695, networkLocation: /default-rack, certSerialId: null} reports an CLOSED replica.
2019-10-31 17:52:11,893 [EventQueue-ContainerReportForContainerReportHandler] WARN  container.ContainerReportHandler (AbstractContainerReportHandler.java:updateContainerState(145)) - Container #1 is in OPEN state, but the datanode 3c4b9a55-490e-411c-8712-e94a51e11966{ip: 192.168.164.209, host: pr-hdds-2329-pipelines-6tcfk-2810823695, networkLocation: /default-rack, certSerialId: null} reports an CLOSED replica.
2019-10-31 17:52:12,157 [EventQueue-ContainerReportForContainerReportHandler] WARN  container.ContainerReportHandler (AbstractContainerReportHandler.java:updateContainerState(145)) - Container #1 is in OPEN state, but the datanode 8ad27c18-e1b1-434c-bb09-32fd11380927{ip: 192.168.164.209, host: pr-hdds-2329-pipelines-6tcfk-2810823695, networkLocation: /default-rack, certSerialId: null} reports an CLOSED replica.
2019-10-31 17:52:12,199 [BlockDeletingService#2] WARN  background.BlockDeletingService (BlockDeletingService.java:isDeletionAllowed(187)) - Close Container log Index 6 is not replicated across allthe servers in the pipeline 9d718bf7-db0a-4e77-ab39-65d104242c3e as the min replicated index is 4. Deletion is not allowed in this container yet.
2019-10-31 17:52:12,199 [BlockDeletingService#2] WARN  background.BlockDeletingService (BlockDeletingService.java:isDeletionAllowed(187)) - Close Container log Index 6 is not replicated across allthe servers in the pipeline 9d718bf7-db0a-4e77-ab39-65d104242c3e as the min replicated index is 4. Deletion is not allowed in this container yet.
2019-10-31 17:52:12,292 [EventQueue-ContainerReportForContainerReportHandler] WARN  container.ContainerReportHandler (AbstractContainerReportHandler.java:updateContainerState(145)) - Container #1 is in OPEN state, but the datanode 3c4b9a55-490e-411c-8712-e94a51e11966{ip: 192.168.164.209, host: pr-hdds-2329-pipelines-6tcfk-2810823695, networkLocation: /default-rack, certSerialId: null} reports an CLOSED replica.
2019-10-31 17:52:12,357 [EventQueue-ContainerReportForContainerReportHandler] WARN  container.ContainerReportHandler (AbstractContainerReportHandler.java:updateContainerState(145)) - Container #1 is in OPEN state, but the datanode 8ad27c18-e1b1-434c-bb09-32fd11380927{ip: 192.168.164.209, host: pr-hdds-2329-pipelines-6tcfk-2810823695, networkLocation: /default-rack, certSerialId: null} reports an CLOSED replica.
2019-10-31 17:52:12,558 [EventQueue-ContainerReportForContainerReportHandler] WARN  container.ContainerReportHandler (AbstractContainerReportHandler.java:updateContainerState(145)) - Container #1 is in OPEN state, but the datanode 8ad27c18-e1b1-434c-bb09-32fd11380927{ip: 192.168.164.209, host: pr-hdds-2329-pipelines-6tcfk-2810823695, networkLocation: /default-rack, certSerialId: null} reports an CLOSED replica.
2019-10-31 17:52:12,695 [EventQueue-ContainerReportForContainerReportHandler] WARN  container.ContainerReportHandler (AbstractContainerReportHandler.java:updateContainerState(145)) - Container #1 is in OPEN state, but the datanode 3c4b9a55-490e-411c-8712-e94a51e11966{ip: 192.168.164.209, host: pr-hdds-2329-pipelines-6tcfk-2810823695, networkLocation: /default-rack, certSerialId: null} reports an CLOSED replica.
2019-10-31 17:52:12,858 [EventQueue-ContainerReportForContainerReportHandler] WARN  container.ContainerReportHandler (AbstractContainerReportHandler.java:updateContainerState(145)) - Container #1 is in OPEN state, but the datanode 8ad27c18-e1b1-434c-bb09-32fd11380927{ip: 192.168.164.209, host: pr-hdds-2329-pipelines-6tcfk-2810823695, networkLocation: /default-rack, certSerialId: null} reports an CLOSED replica.
2019-10-31 17:52:12,893 [EventQueue-ContainerReportForContainerReportHandler] WARN  container.ContainerReportHandler (AbstractContainerReportHandler.java:updateContainerState(145)) - Container #1 is in OPEN state, but the datanode 3c4b9a55-490e-411c-8712-e94a51e11966{ip: 192.168.164.209, host: pr-hdds-2329-pipelines-6tcfk-2810823695, networkLocation: /default-rack, certSerialId: null} reports an CLOSED replica.
2019-10-31 17:52:13,158 [EventQueue-ContainerReportForContainerReportHandler] WARN  container.ContainerReportHandler (AbstractContainerReportHandler.java:updateContainerState(145)) - Container #1 is in OPEN state, but the datanode 8ad27c18-e1b1-434c-bb09-32fd11380927{ip: 192.168.164.209, host: pr-hdds-2329-pipelines-6tcfk-2810823695, networkLocation: /default-rack, certSerialId: null} reports an CLOSED replica.
2019-10-31 17:52:13,194 [EventQueue-ContainerReportForContainerReportHandler] WARN  container.ContainerReportHandler (AbstractContainerReportHandler.java:updateContainerState(145)) - Container #1 is in OPEN state, but the datanode 3c4b9a55-490e-411c-8712-e94a51e11966{ip: 192.168.164.209, host: pr-hdds-2329-pipelines-6tcfk-2810823695, networkLocation: /default-rack, certSerialId: null} reports an CLOSED replica.
2019-10-31 17:52:13,201 [BlockDeletingService#2] WARN  background.BlockDeletingService (BlockDeletingService.java:isDeletionAllowed(187)) - Close Container log Index 6 is not replicated across allthe servers in the pipeline 9d718bf7-db0a-4e77-ab39-65d104242c3e as the min replicated index is 4. Deletion is not allowed in this container yet.
2019-10-31 17:52:13,201 [BlockDeletingService#2] WARN  background.BlockDeletingService (BlockDeletingService.java:isDeletionAllowed(187)) - Close Container log Index 6 is not replicated across allthe servers in the pipeline 9d718bf7-db0a-4e77-ab39-65d104242c3e as the min replicated index is 4. Deletion is not allowed in this container yet.
2019-10-31 17:52:13,395 [EventQueue-ContainerReportForContainerReportHandler] WARN  container.ContainerReportHandler (AbstractContainerReportHandler.java:updateContainerState(145)) - Container #1 is in OPEN state, but the datanode 3c4b9a55-490e-411c-8712-e94a51e11966{ip: 192.168.164.209, host: pr-hdds-2329-pipelines-6tcfk-2810823695, networkLocation: /default-rack, certSerialId: null} reports an CLOSED replica.
2019-10-31 17:52:13,459 [EventQueue-ContainerReportForContainerReportHandler] WARN  container.ContainerReportHandler (AbstractContainerReportHandler.java:updateContainerState(145)) - Container #1 is in OPEN state, but the datanode 8ad27c18-e1b1-434c-bb09-32fd11380927{ip: 192.168.164.209, host: pr-hdds-2329-pipelines-6tcfk-2810823695, networkLocation: /default-rack, certSerialId: null} reports an CLOSED replica.
2019-10-31 17:52:13,588 [java.util.concurrent.ThreadPoolExecutor$Worker@2e73371a[State = -1, empty queue]] WARN  server.GrpcLogAppender (GrpcLogAppender.java:timeoutAppendRequest(209)) - 8ad27c18-e1b1-434c-bb09-32fd11380927@group-65D104242C3E->0b281616-c01c-466a-8a2c-b7dbd5445109-GrpcLogAppender: appendEntries Timeout, request=8ad27c18-e1b1-434c-bb09-32fd11380927->0b281616-c01c-466a-8a2c-b7dbd5445109#26-t1, previous=(t:1, i:10), leaderCommit=10, initializing? false, entries: <empty>
2019-10-31 17:52:13,759 [EventQueue-ContainerReportForContainerReportHandler] WARN  container.ContainerReportHandler (AbstractContainerReportHandler.java:updateContainerState(145)) - Container #1 is in OPEN state, but the datanode 8ad27c18-e1b1-434c-bb09-32fd11380927{ip: 192.168.164.209, host: pr-hdds-2329-pipelines-6tcfk-2810823695, networkLocation: /default-rack, certSerialId: null} reports an CLOSED replica.
2019-10-31 17:52:13,796 [EventQueue-ContainerReportForContainerReportHandler] WARN  container.ContainerReportHandler (AbstractContainerReportHandler.java:updateContainerState(145)) - Container #1 is in OPEN state, but the datanode 3c4b9a55-490e-411c-8712-e94a51e11966{ip: 192.168.164.209, host: pr-hdds-2329-pipelines-6tcfk-2810823695, networkLocation: /default-rack, certSerialId: null} reports an CLOSED replica.
2019-10-31 17:52:13,995 [EventQueue-ContainerReportForContainerReportHandler] WARN  container.ContainerReportHandler (AbstractContainerReportHandler.java:updateContainerState(145)) - Container #1 is in OPEN state, but the datanode 3c4b9a55-490e-411c-8712-e94a51e11966{ip: 192.168.164.209, host: pr-hdds-2329-pipelines-6tcfk-2810823695, networkLocation: /default-rack, certSerialId: null} reports an CLOSED replica.
2019-10-31 17:52:14,060 [EventQueue-ContainerReportForContainerReportHandler] WARN  container.ContainerReportHandler (AbstractContainerReportHandler.java:updateContainerState(145)) - Container #1 is in OPEN state, but the datanode 8ad27c18-e1b1-434c-bb09-32fd11380927{ip: 192.168.164.209, host: pr-hdds-2329-pipelines-6tcfk-2810823695, networkLocation: /default-rack, certSerialId: null} reports an CLOSED replica.
2019-10-31 17:52:14,203 [BlockDeletingService#2] WARN  background.BlockDeletingService (BlockDeletingService.java:isDeletionAllowed(187)) - Close Container log Index 6 is not replicated across allthe servers in the pipeline 9d718bf7-db0a-4e77-ab39-65d104242c3e as the min replicated index is 4. Deletion is not allowed in this container yet.
2019-10-31 17:52:14,203 [BlockDeletingService#2] WARN  background.BlockDeletingService (BlockDeletingService.java:isDeletionAllowed(187)) - Close Container log Index 6 is not replicated across allthe servers in the pipeline 9d718bf7-db0a-4e77-ab39-65d104242c3e as the min replicated index is 4. Deletion is not allowed in this container yet.
2019-10-31 17:52:14,398 [EventQueue-ContainerReportForContainerReportHandler] WARN  container.ContainerReportHandler (AbstractContainerReportHandler.java:updateContainerState(145)) - Container #1 is in OPEN state, but the datanode 3c4b9a55-490e-411c-8712-e94a51e11966{ip: 192.168.164.209, host: pr-hdds-2329-pipelines-6tcfk-2810823695, networkLocation: /default-rack, certSerialId: null} reports an CLOSED replica.
2019-10-31 17:52:14,460 [EventQueue-ContainerReportForContainerReportHandler] WARN  container.ContainerReportHandler (AbstractContainerReportHandler.java:updateContainerState(145)) - Container #1 is in OPEN state, but the datanode 8ad27c18-e1b1-434c-bb09-32fd11380927{ip: 192.168.164.209, host: pr-hdds-2329-pipelines-6tcfk-2810823695, networkLocation: /default-rack, certSerialId: null} reports an CLOSED replica.
2019-10-31 17:52:14,798 [EventQueue-ContainerReportForContainerReportHandler] WARN  container.ContainerReportHandler (AbstractContainerReportHandler.java:updateContainerState(145)) - Container #1 is in OPEN state, but the datanode 3c4b9a55-490e-411c-8712-e94a51e11966{ip: 192.168.164.209, host: pr-hdds-2329-pipelines-6tcfk-2810823695, networkLocation: /default-rack, certSerialId: null} reports an CLOSED replica.
2019-10-31 17:52:14,861 [EventQueue-ContainerReportForContainerReportHandler] WARN  container.ContainerReportHandler (AbstractContainerReportHandler.java:updateContainerState(145)) - Container #1 is in OPEN state, but the datanode 8ad27c18-e1b1-434c-bb09-32fd11380927{ip: 192.168.164.209, host: pr-hdds-2329-pipelines-6tcfk-2810823695, networkLocation: /default-rack, certSerialId: null} reports an CLOSED replica.
2019-10-31 17:52:14,998 [EventQueue-ContainerReportForContainerReportHandler] WARN  container.ContainerReportHandler (AbstractContainerReportHandler.java:updateContainerState(145)) - Container #1 is in OPEN state, but the datanode 3c4b9a55-490e-411c-8712-e94a51e11966{ip: 192.168.164.209, host: pr-hdds-2329-pipelines-6tcfk-2810823695, networkLocation: /default-rack, certSerialId: null} reports an CLOSED replica.
2019-10-31 17:52:15,137 [Thread-342] INFO  client.GrpcClientProtocolService (GrpcClientProtocolService.java:lambda$processClientRequest$0(279)) - Failed RaftClientRequest:client-2E3303FC451C->3c4b9a55-490e-411c-8712-e94a51e11966@group-65D104242C3E, cid=10, seq=0, Watch-ALL_COMMITTED(6), Message:<EMPTY>, reply=RaftClientReply:client-2E3303FC451C->3c4b9a55-490e-411c-8712-e94a51e11966@group-65D104242C3E, cid=10, FAILED org.apache.ratis.protocol.NotLeaderException: Server 3c4b9a55-490e-411c-8712-e94a51e11966@group-65D104242C3E is not the leader 8ad27c18-e1b1-434c-bb09-32fd11380927:192.168.164.209:34436, logIndex=0, commits[3c4b9a55-490e-411c-8712-e94a51e11966:c10, 8ad27c18-e1b1-434c-bb09-32fd11380927:c10, 0b281616-c01c-466a-8a2c-b7dbd5445109:c4]
2019-10-31 17:52:15,162 [EventQueue-ContainerReportForContainerReportHandler] WARN  container.ContainerReportHandler (AbstractContainerReportHandler.java:updateContainerState(145)) - Container #1 is in OPEN state, but the datanode 8ad27c18-e1b1-434c-bb09-32fd11380927{ip: 192.168.164.209, host: pr-hdds-2329-pipelines-6tcfk-2810823695, networkLocation: /default-rack, certSerialId: null} reports an CLOSED replica.
2019-10-31 17:52:15,204 [BlockDeletingService#2] WARN  background.BlockDeletingService (BlockDeletingService.java:isDeletionAllowed(187)) - Close Container log Index 6 is not replicated across allthe servers in the pipeline 9d718bf7-db0a-4e77-ab39-65d104242c3e as the min replicated index is 4. Deletion is not allowed in this container yet.
2019-10-31 17:52:15,206 [BlockDeletingService#2] WARN  background.BlockDeletingService (BlockDeletingService.java:isDeletionAllowed(187)) - Close Container log Index 6 is not replicated across allthe servers in the pipeline 9d718bf7-db0a-4e77-ab39-65d104242c3e as the min replicated index is 4. Deletion is not allowed in this container yet.
2019-10-31 17:52:15,297 [EventQueue-ContainerReportForContainerReportHandler] WARN  container.ContainerReportHandler (AbstractContainerReportHandler.java:updateContainerState(145)) - Container #1 is in OPEN state, but the datanode 3c4b9a55-490e-411c-8712-e94a51e11966{ip: 192.168.164.209, host: pr-hdds-2329-pipelines-6tcfk-2810823695, networkLocation: /default-rack, certSerialId: null} reports an CLOSED replica.
2019-10-31 17:52:15,362 [EventQueue-ContainerReportForContainerReportHandler] WARN  container.ContainerReportHandler (AbstractContainerReportHandler.java:updateContainerState(145)) - Container #1 is in OPEN state, but the datanode 8ad27c18-e1b1-434c-bb09-32fd11380927{ip: 192.168.164.209, host: pr-hdds-2329-pipelines-6tcfk-2810823695, networkLocation: /default-rack, certSerialId: null} reports an CLOSED replica.
2019-10-31 17:52:15,562 [EventQueue-ContainerReportForContainerReportHandler] WARN  container.ContainerReportHandler (AbstractContainerReportHandler.java:updateContainerState(145)) - Container #1 is in OPEN state, but the datanode 8ad27c18-e1b1-434c-bb09-32fd11380927{ip: 192.168.164.209, host: pr-hdds-2329-pipelines-6tcfk-2810823695, networkLocation: /default-rack, certSerialId: null} reports an CLOSED replica.
2019-10-31 17:52:15,598 [EventQueue-ContainerReportForContainerReportHandler] WARN  container.ContainerReportHandler (AbstractContainerReportHandler.java:updateContainerState(145)) - Container #1 is in OPEN state, but the datanode 3c4b9a55-490e-411c-8712-e94a51e11966{ip: 192.168.164.209, host: pr-hdds-2329-pipelines-6tcfk-2810823695, networkLocation: /default-rack, certSerialId: null} reports an CLOSED replica.
2019-10-31 17:52:15,798 [EventQueue-ContainerReportForContainerReportHandler] WARN  container.ContainerReportHandler (AbstractContainerReportHandler.java:updateContainerState(145)) - Container #1 is in OPEN state, but the datanode 3c4b9a55-490e-411c-8712-e94a51e11966{ip: 192.168.164.209, host: pr-hdds-2329-pipelines-6tcfk-2810823695, networkLocation: /default-rack, certSerialId: null} reports an CLOSED replica.
2019-10-31 17:52:15,961 [EventQueue-ContainerReportForContainerReportHandler] WARN  container.ContainerReportHandler (AbstractContainerReportHandler.java:updateContainerState(145)) - Container #1 is in OPEN state, but the datanode 8ad27c18-e1b1-434c-bb09-32fd11380927{ip: 192.168.164.209, host: pr-hdds-2329-pipelines-6tcfk-2810823695, networkLocation: /default-rack, certSerialId: null} reports an CLOSED replica.
2019-10-31 17:52:16,091 [java.util.concurrent.ThreadPoolExecutor$Worker@2e73371a[State = -1, empty queue]] WARN  server.GrpcLogAppender (GrpcLogAppender.java:timeoutAppendRequest(209)) - 8ad27c18-e1b1-434c-bb09-32fd11380927@group-65D104242C3E->0b281616-c01c-466a-8a2c-b7dbd5445109-GrpcLogAppender: appendEntries Timeout, request=8ad27c18-e1b1-434c-bb09-32fd11380927->0b281616-c01c-466a-8a2c-b7dbd5445109#27-t1, previous=(t:1, i:10), leaderCommit=10, initializing? false, entries: <empty>
2019-10-31 17:52:16,198 [EventQueue-ContainerReportForContainerReportHandler] WARN  container.ContainerReportHandler (AbstractContainerReportHandler.java:updateContainerState(145)) - Container #1 is in OPEN state, but the datanode 3c4b9a55-490e-411c-8712-e94a51e11966{ip: 192.168.164.209, host: pr-hdds-2329-pipelines-6tcfk-2810823695, networkLocation: /default-rack, certSerialId: null} reports an CLOSED replica.
2019-10-31 17:52:16,209 [BlockDeletingService#2] WARN  background.BlockDeletingService (BlockDeletingService.java:isDeletionAllowed(187)) - Close Container log Index 6 is not replicated across allthe servers in the pipeline 9d718bf7-db0a-4e77-ab39-65d104242c3e as the min replicated index is 4. Deletion is not allowed in this container yet.
2019-10-31 17:52:16,209 [BlockDeletingService#2] WARN  background.BlockDeletingService (BlockDeletingService.java:isDeletionAllowed(187)) - Close Container log Index 6 is not replicated across allthe servers in the pipeline 9d718bf7-db0a-4e77-ab39-65d104242c3e as the min replicated index is 4. Deletion is not allowed in this container yet.
2019-10-31 17:52:16,261 [EventQueue-ContainerReportForContainerReportHandler] WARN  container.ContainerReportHandler (AbstractContainerReportHandler.java:updateContainerState(145)) - Container #1 is in OPEN state, but the datanode 8ad27c18-e1b1-434c-bb09-32fd11380927{ip: 192.168.164.209, host: pr-hdds-2329-pipelines-6tcfk-2810823695, networkLocation: /default-rack, certSerialId: null} reports an CLOSED replica.
2019-10-31 17:52:16,463 [EventQueue-ContainerReportForContainerReportHandler] WARN  container.ContainerReportHandler (AbstractContainerReportHandler.java:updateContainerState(145)) - Container #1 is in OPEN state, but the datanode 8ad27c18-e1b1-434c-bb09-32fd11380927{ip: 192.168.164.209, host: pr-hdds-2329-pipelines-6tcfk-2810823695, networkLocation: /default-rack, certSerialId: null} reports an CLOSED replica.
2019-10-31 17:52:16,498 [EventQueue-ContainerReportForContainerReportHandler] WARN  container.ContainerReportHandler (AbstractContainerReportHandler.java:updateContainerState(145)) - Container #1 is in OPEN state, but the datanode 3c4b9a55-490e-411c-8712-e94a51e11966{ip: 192.168.164.209, host: pr-hdds-2329-pipelines-6tcfk-2810823695, networkLocation: /default-rack, certSerialId: null} reports an CLOSED replica.
2019-10-31 17:52:16,683 [Thread-350] INFO  client.GrpcClientProtocolService (GrpcClientProtocolService.java:lambda$processClientRequest$0(279)) - Failed RaftClientRequest:client-2E3303FC451C->8ad27c18-e1b1-434c-bb09-32fd11380927@group-65D104242C3E, cid=10, seq=0, Watch-ALL_COMMITTED(6), Message:<EMPTY>, reply=RaftClientReply:client-2E3303FC451C->8ad27c18-e1b1-434c-bb09-32fd11380927@group-65D104242C3E, cid=10, FAILED org.apache.ratis.protocol.NotReplicatedException: Request with call Id 10 and log index 6 is not yet replicated to ALL_COMMITTED, logIndex=6, commits[8ad27c18-e1b1-434c-bb09-32fd11380927:c10, 3c4b9a55-490e-411c-8712-e94a51e11966:c10, 0b281616-c01c-466a-8a2c-b7dbd5445109:c4]
2019-10-31 17:52:16,762 [EventQueue-ContainerReportForContainerReportHandler] WARN  container.ContainerReportHandler (AbstractContainerReportHandler.java:updateContainerState(145)) - Container #1 is in OPEN state, but the datanode 8ad27c18-e1b1-434c-bb09-32fd11380927{ip: 192.168.164.209, host: pr-hdds-2329-pipelines-6tcfk-2810823695, networkLocation: /default-rack, certSerialId: null} reports an CLOSED replica.
2019-10-31 17:52:16,798 [EventQueue-ContainerReportForContainerReportHandler] WARN  container.ContainerReportHandler (AbstractContainerReportHandler.java:updateContainerState(145)) - Container #1 is in OPEN state, but the datanode 3c4b9a55-490e-411c-8712-e94a51e11966{ip: 192.168.164.209, host: pr-hdds-2329-pipelines-6tcfk-2810823695, networkLocation: /default-rack, certSerialId: null} reports an CLOSED replica.
2019-10-31 17:52:17,099 [EventQueue-ContainerReportForContainerReportHandler] WARN  container.ContainerReportHandler (AbstractContainerReportHandler.java:updateContainerState(145)) - Container #1 is in OPEN state, but the datanode 3c4b9a55-490e-411c-8712-e94a51e11966{ip: 192.168.164.209, host: pr-hdds-2329-pipelines-6tcfk-2810823695, networkLocation: /default-rack, certSerialId: null} reports an CLOSED replica.
2019-10-31 17:52:17,162 [EventQueue-ContainerReportForContainerReportHandler] WARN  container.ContainerReportHandler (AbstractContainerReportHandler.java:updateContainerState(145)) - Container #1 is in OPEN state, but the datanode 8ad27c18-e1b1-434c-bb09-32fd11380927{ip: 192.168.164.209, host: pr-hdds-2329-pipelines-6tcfk-2810823695, networkLocation: /default-rack, certSerialId: null} reports an CLOSED replica.
2019-10-31 17:52:17,211 [BlockDeletingService#2] WARN  background.BlockDeletingService (BlockDeletingService.java:isDeletionAllowed(187)) - Close Container log Index 6 is not replicated across allthe servers in the pipeline 9d718bf7-db0a-4e77-ab39-65d104242c3e as the min replicated index is 4. Deletion is not allowed in this container yet.
2019-10-31 17:52:17,211 [BlockDeletingService#2] WARN  background.BlockDeletingService (BlockDeletingService.java:isDeletionAllowed(187)) - Close Container log Index 6 is not replicated across allthe servers in the pipeline 9d718bf7-db0a-4e77-ab39-65d104242c3e as the min replicated index is 4. Deletion is not allowed in this container yet.
2019-10-31 17:52:17,400 [EventQueue-ContainerReportForContainerReportHandler] WARN  container.ContainerReportHandler (AbstractContainerReportHandler.java:updateContainerState(145)) - Container #1 is in OPEN state, but the datanode 3c4b9a55-490e-411c-8712-e94a51e11966{ip: 192.168.164.209, host: pr-hdds-2329-pipelines-6tcfk-2810823695, networkLocation: /default-rack, certSerialId: null} reports an CLOSED replica.
2019-10-31 17:52:17,463 [EventQueue-ContainerReportForContainerReportHandler] WARN  container.ContainerReportHandler (AbstractContainerReportHandler.java:updateContainerState(145)) - Container #1 is in OPEN state, but the datanode 8ad27c18-e1b1-434c-bb09-32fd11380927{ip: 192.168.164.209, host: pr-hdds-2329-pipelines-6tcfk-2810823695, networkLocation: /default-rack, certSerialId: null} reports an CLOSED replica.
2019-10-31 17:52:17,700 [EventQueue-ContainerReportForContainerReportHandler] WARN  container.ContainerReportHandler (AbstractContainerReportHandler.java:updateContainerState(145)) - Container #1 is in OPEN state, but the datanode 3c4b9a55-490e-411c-8712-e94a51e11966{ip: 192.168.164.209, host: pr-hdds-2329-pipelines-6tcfk-2810823695, networkLocation: /default-rack, certSerialId: null} reports an CLOSED replica.
2019-10-31 17:52:17,864 [EventQueue-ContainerReportForContainerReportHandler] WARN  container.ContainerReportHandler (AbstractContainerReportHandler.java:updateContainerState(145)) - Container #1 is in OPEN state, but the datanode 8ad27c18-e1b1-434c-bb09-32fd11380927{ip: 192.168.164.209, host: pr-hdds-2329-pipelines-6tcfk-2810823695, networkLocation: /default-rack, certSerialId: null} reports an CLOSED replica.
2019-10-31 17:52:17,900 [EventQueue-ContainerReportForContainerReportHandler] WARN  container.ContainerReportHandler (AbstractContainerReportHandler.java:updateContainerState(145)) - Container #1 is in OPEN state, but the datanode 3c4b9a55-490e-411c-8712-e94a51e11966{ip: 192.168.164.209, host: pr-hdds-2329-pipelines-6tcfk-2810823695, networkLocation: /default-rack, certSerialId: null} reports an CLOSED replica.
2019-10-31 17:52:18,100 [EventQueue-ContainerReportForContainerReportHandler] WARN  container.ContainerReportHandler (AbstractContainerReportHandler.java:updateContainerState(145)) - Container #1 is in OPEN state, but the datanode 3c4b9a55-490e-411c-8712-e94a51e11966{ip: 192.168.164.209, host: pr-hdds-2329-pipelines-6tcfk-2810823695, networkLocation: /default-rack, certSerialId: null} reports an CLOSED replica.
2019-10-31 17:52:18,163 [EventQueue-ContainerReportForContainerReportHandler] WARN  container.ContainerReportHandler (AbstractContainerReportHandler.java:updateContainerState(145)) - Container #1 is in OPEN state, but the datanode 8ad27c18-e1b1-434c-bb09-32fd11380927{ip: 192.168.164.209, host: pr-hdds-2329-pipelines-6tcfk-2810823695, networkLocation: /default-rack, certSerialId: null} reports an CLOSED replica.
2019-10-31 17:52:18,215 [BlockDeletingService#2] WARN  background.BlockDeletingService (BlockDeletingService.java:isDeletionAllowed(187)) - Close Container log Index 6 is not replicated across allthe servers in the pipeline 9d718bf7-db0a-4e77-ab39-65d104242c3e as the min replicated index is 4. Deletion is not allowed in this container yet.
2019-10-31 17:52:18,215 [BlockDeletingService#2] WARN  background.BlockDeletingService (BlockDeletingService.java:isDeletionAllowed(187)) - Close Container log Index 6 is not replicated across allthe servers in the pipeline 9d718bf7-db0a-4e77-ab39-65d104242c3e as the min replicated index is 4. Deletion is not allowed in this container yet.
2019-10-31 17:52:18,402 [EventQueue-ContainerReportForContainerReportHandler] WARN  container.ContainerReportHandler (AbstractContainerReportHandler.java:updateContainerState(145)) - Container #1 is in OPEN state, but the datanode 3c4b9a55-490e-411c-8712-e94a51e11966{ip: 192.168.164.209, host: pr-hdds-2329-pipelines-6tcfk-2810823695, networkLocation: /default-rack, certSerialId: null} reports an CLOSED replica.
2019-10-31 17:52:18,464 [EventQueue-ContainerReportForContainerReportHandler] WARN  container.ContainerReportHandler (AbstractContainerReportHandler.java:updateContainerState(145)) - Container #1 is in OPEN state, but the datanode 8ad27c18-e1b1-434c-bb09-32fd11380927{ip: 192.168.164.209, host: pr-hdds-2329-pipelines-6tcfk-2810823695, networkLocation: /default-rack, certSerialId: null} reports an CLOSED replica.
2019-10-31 17:52:18,592 [java.util.concurrent.ThreadPoolExecutor$Worker@2e73371a[State = -1, empty queue]] WARN  server.GrpcLogAppender (GrpcLogAppender.java:timeoutAppendRequest(209)) - 8ad27c18-e1b1-434c-bb09-32fd11380927@group-65D104242C3E->0b281616-c01c-466a-8a2c-b7dbd5445109-GrpcLogAppender: appendEntries Timeout, request=8ad27c18-e1b1-434c-bb09-32fd11380927->0b281616-c01c-466a-8a2c-b7dbd5445109#28-t1, previous=(t:1, i:10), leaderCommit=10, initializing? false, entries: <empty>
2019-10-31 17:52:18,663 [EventQueue-ContainerReportForContainerReportHandler] WARN  container.ContainerReportHandler (AbstractContainerReportHandler.java:updateContainerState(145)) - Container #1 is in OPEN state, but the datanode 8ad27c18-e1b1-434c-bb09-32fd11380927{ip: 192.168.164.209, host: pr-hdds-2329-pipelines-6tcfk-2810823695, networkLocation: /default-rack, certSerialId: null} reports an CLOSED replica.
2019-10-31 17:52:18,705 [EventQueue-ContainerReportForContainerReportHandler] WARN  container.ContainerReportHandler (AbstractContainerReportHandler.java:updateContainerState(145)) - Container #1 is in OPEN state, but the datanode 3c4b9a55-490e-411c-8712-e94a51e11966{ip: 192.168.164.209, host: pr-hdds-2329-pipelines-6tcfk-2810823695, networkLocation: /default-rack, certSerialId: null} reports an CLOSED replica.
2019-10-31 17:52:18,964 [EventQueue-ContainerReportForContainerReportHandler] WARN  container.ContainerReportHandler (AbstractContainerReportHandler.java:updateContainerState(145)) - Container #1 is in OPEN state, but the datanode 8ad27c18-e1b1-434c-bb09-32fd11380927{ip: 192.168.164.209, host: pr-hdds-2329-pipelines-6tcfk-2810823695, networkLocation: /default-rack, certSerialId: null} reports an CLOSED replica.
2019-10-31 17:52:19,001 [EventQueue-ContainerReportForContainerReportHandler] WARN  container.ContainerReportHandler (AbstractContainerReportHandler.java:updateContainerState(145)) - Container #1 is in OPEN state, but the datanode 3c4b9a55-490e-411c-8712-e94a51e11966{ip: 192.168.164.209, host: pr-hdds-2329-pipelines-6tcfk-2810823695, networkLocation: /default-rack, certSerialId: null} reports an CLOSED replica.
2019-10-31 17:52:19,218 [BlockDeletingService#2] WARN  background.BlockDeletingService (BlockDeletingService.java:isDeletionAllowed(187)) - Close Container log Index 6 is not replicated across allthe servers in the pipeline 9d718bf7-db0a-4e77-ab39-65d104242c3e as the min replicated index is 4. Deletion is not allowed in this container yet.
2019-10-31 17:52:19,218 [BlockDeletingService#2] WARN  background.BlockDeletingService (BlockDeletingService.java:isDeletionAllowed(187)) - Close Container log Index 6 is not replicated across allthe servers in the pipeline 9d718bf7-db0a-4e77-ab39-65d104242c3e as the min replicated index is 4. Deletion is not allowed in this container yet.
2019-10-31 17:52:19,301 [EventQueue-ContainerReportForContainerReportHandler] WARN  container.ContainerReportHandler (AbstractContainerReportHandler.java:updateContainerState(145)) - Container #1 is in OPEN state, but the datanode 3c4b9a55-490e-411c-8712-e94a51e11966{ip: 192.168.164.209, host: pr-hdds-2329-pipelines-6tcfk-2810823695, networkLocation: /default-rack, certSerialId: null} reports an CLOSED replica.
2019-10-31 17:52:19,364 [EventQueue-ContainerReportForContainerReportHandler] WARN  container.ContainerReportHandler (AbstractContainerReportHandler.java:updateContainerState(145)) - Container #1 is in OPEN state, but the datanode 8ad27c18-e1b1-434c-bb09-32fd11380927{ip: 192.168.164.209, host: pr-hdds-2329-pipelines-6tcfk-2810823695, networkLocation: /default-rack, certSerialId: null} reports an CLOSED replica.
2019-10-31 17:52:19,601 [EventQueue-ContainerReportForContainerReportHandler] WARN  container.ContainerReportHandler (AbstractContainerReportHandler.java:updateContainerState(145)) - Container #1 is in OPEN state, but the datanode 3c4b9a55-490e-411c-8712-e94a51e11966{ip: 192.168.164.209, host: pr-hdds-2329-pipelines-6tcfk-2810823695, networkLocation: /default-rack, certSerialId: null} reports an CLOSED replica.
2019-10-31 17:52:19,664 [EventQueue-ContainerReportForContainerReportHandler] WARN  container.ContainerReportHandler (AbstractContainerReportHandler.java:updateContainerState(145)) - Container #1 is in OPEN state, but the datanode 8ad27c18-e1b1-434c-bb09-32fd11380927{ip: 192.168.164.209, host: pr-hdds-2329-pipelines-6tcfk-2810823695, networkLocation: /default-rack, certSerialId: null} reports an CLOSED replica.
2019-10-31 17:52:19,901 [EventQueue-ContainerReportForContainerReportHandler] WARN  container.ContainerReportHandler (AbstractContainerReportHandler.java:updateContainerState(145)) - Container #1 is in OPEN state, but the datanode 3c4b9a55-490e-411c-8712-e94a51e11966{ip: 192.168.164.209, host: pr-hdds-2329-pipelines-6tcfk-2810823695, networkLocation: /default-rack, certSerialId: null} reports an CLOSED replica.
2019-10-31 17:52:19,965 [EventQueue-ContainerReportForContainerReportHandler] WARN  container.ContainerReportHandler (AbstractContainerReportHandler.java:updateContainerState(145)) - Container #1 is in OPEN state, but the datanode 8ad27c18-e1b1-434c-bb09-32fd11380927{ip: 192.168.164.209, host: pr-hdds-2329-pipelines-6tcfk-2810823695, networkLocation: /default-rack, certSerialId: null} reports an CLOSED replica.
2019-10-31 17:52:20,200 [EventQueue-ContainerReportForContainerReportHandler] WARN  container.ContainerReportHandler (AbstractContainerReportHandler.java:updateContainerState(145)) - Container #1 is in OPEN state, but the datanode 3c4b9a55-490e-411c-8712-e94a51e11966{ip: 192.168.164.209, host: pr-hdds-2329-pipelines-6tcfk-2810823695, networkLocation: /default-rack, certSerialId: null} reports an CLOSED replica.
2019-10-31 17:52:20,219 [BlockDeletingService#2] WARN  background.BlockDeletingService (BlockDeletingService.java:isDeletionAllowed(187)) - Close Container log Index 6 is not replicated across allthe servers in the pipeline 9d718bf7-db0a-4e77-ab39-65d104242c3e as the min replicated index is 4. Deletion is not allowed in this container yet.
2019-10-31 17:52:20,220 [BlockDeletingService#2] WARN  background.BlockDeletingService (BlockDeletingService.java:isDeletionAllowed(187)) - Close Container log Index 6 is not replicated across allthe servers in the pipeline 9d718bf7-db0a-4e77-ab39-65d104242c3e as the min replicated index is 4. Deletion is not allowed in this container yet.
2019-10-31 17:52:20,265 [EventQueue-ContainerReportForContainerReportHandler] WARN  container.ContainerReportHandler (AbstractContainerReportHandler.java:updateContainerState(145)) - Container #1 is in OPEN state, but the datanode 8ad27c18-e1b1-434c-bb09-32fd11380927{ip: 192.168.164.209, host: pr-hdds-2329-pipelines-6tcfk-2810823695, networkLocation: /default-rack, certSerialId: null} reports an CLOSED replica.
2019-10-31 17:52:20,466 [EventQueue-ContainerReportForContainerReportHandler] WARN  container.ContainerReportHandler (AbstractContainerReportHandler.java:updateContainerState(145)) - Container #1 is in OPEN state, but the datanode 8ad27c18-e1b1-434c-bb09-32fd11380927{ip: 192.168.164.209, host: pr-hdds-2329-pipelines-6tcfk-2810823695, networkLocation: /default-rack, certSerialId: null} reports an CLOSED replica.
2019-10-31 17:52:20,500 [EventQueue-ContainerReportForContainerReportHandler] WARN  container.ContainerReportHandler (AbstractContainerReportHandler.java:updateContainerState(145)) - Container #1 is in OPEN state, but the datanode 3c4b9a55-490e-411c-8712-e94a51e11966{ip: 192.168.164.209, host: pr-hdds-2329-pipelines-6tcfk-2810823695, networkLocation: /default-rack, certSerialId: null} reports an CLOSED replica.
2019-10-31 17:52:20,665 [EventQueue-ContainerReportForContainerReportHandler] WARN  container.ContainerReportHandler (AbstractContainerReportHandler.java:updateContainerState(145)) - Container #1 is in OPEN state, but the datanode 8ad27c18-e1b1-434c-bb09-32fd11380927{ip: 192.168.164.209, host: pr-hdds-2329-pipelines-6tcfk-2810823695, networkLocation: /default-rack, certSerialId: null} reports an CLOSED replica.
2019-10-31 17:52:20,866 [EventQueue-ContainerReportForContainerReportHandler] WARN  container.ContainerReportHandler (AbstractContainerReportHandler.java:updateContainerState(145)) - Container #1 is in OPEN state, but the datanode 8ad27c18-e1b1-434c-bb09-32fd11380927{ip: 192.168.164.209, host: pr-hdds-2329-pipelines-6tcfk-2810823695, networkLocation: /default-rack, certSerialId: null} reports an CLOSED replica.
2019-10-31 17:52:20,904 [EventQueue-ContainerReportForContainerReportHandler] WARN  container.ContainerReportHandler (AbstractContainerReportHandler.java:updateContainerState(145)) - Container #1 is in OPEN state, but the datanode 3c4b9a55-490e-411c-8712-e94a51e11966{ip: 192.168.164.209, host: pr-hdds-2329-pipelines-6tcfk-2810823695, networkLocation: /default-rack, certSerialId: null} reports an CLOSED replica.
2019-10-31 17:52:21,093 [java.util.concurrent.ThreadPoolExecutor$Worker@2e73371a[State = -1, empty queue]] WARN  server.GrpcLogAppender (GrpcLogAppender.java:timeoutAppendRequest(209)) - 8ad27c18-e1b1-434c-bb09-32fd11380927@group-65D104242C3E->0b281616-c01c-466a-8a2c-b7dbd5445109-GrpcLogAppender: appendEntries Timeout, request=8ad27c18-e1b1-434c-bb09-32fd11380927->0b281616-c01c-466a-8a2c-b7dbd5445109#29-t1, previous=(t:1, i:10), leaderCommit=10, initializing? false, entries: <empty>
2019-10-31 17:52:21,201 [EventQueue-ContainerReportForContainerReportHandler] WARN  container.ContainerReportHandler (AbstractContainerReportHandler.java:updateContainerState(145)) - Container #1 is in OPEN state, but the datanode 3c4b9a55-490e-411c-8712-e94a51e11966{ip: 192.168.164.209, host: pr-hdds-2329-pipelines-6tcfk-2810823695, networkLocation: /default-rack, certSerialId: null} reports an CLOSED replica.
2019-10-31 17:52:21,221 [BlockDeletingService#2] WARN  background.BlockDeletingService (BlockDeletingService.java:isDeletionAllowed(187)) - Close Container log Index 6 is not replicated across allthe servers in the pipeline 9d718bf7-db0a-4e77-ab39-65d104242c3e as the min replicated index is 4. Deletion is not allowed in this container yet.
2019-10-31 17:52:21,221 [BlockDeletingService#2] WARN  background.BlockDeletingService (BlockDeletingService.java:isDeletionAllowed(187)) - Close Container log Index 6 is not replicated across allthe servers in the pipeline 9d718bf7-db0a-4e77-ab39-65d104242c3e as the min replicated index is 4. Deletion is not allowed in this container yet.
2019-10-31 17:52:21,266 [EventQueue-ContainerReportForContainerReportHandler] WARN  container.ContainerReportHandler (AbstractContainerReportHandler.java:updateContainerState(145)) - Container #1 is in OPEN state, but the datanode 8ad27c18-e1b1-434c-bb09-32fd11380927{ip: 192.168.164.209, host: pr-hdds-2329-pipelines-6tcfk-2810823695, networkLocation: /default-rack, certSerialId: null} reports an CLOSED replica.
2019-10-31 17:52:21,565 [EventQueue-ContainerReportForContainerReportHandler] WARN  container.ContainerReportHandler (AbstractContainerReportHandler.java:updateContainerState(145)) - Container #1 is in OPEN state, but the datanode 8ad27c18-e1b1-434c-bb09-32fd11380927{ip: 192.168.164.209, host: pr-hdds-2329-pipelines-6tcfk-2810823695, networkLocation: /default-rack, certSerialId: null} reports an CLOSED replica.
2019-10-31 17:52:21,601 [EventQueue-ContainerReportForContainerReportHandler] WARN  container.ContainerReportHandler (AbstractContainerReportHandler.java:updateContainerState(145)) - Container #1 is in OPEN state, but the datanode 3c4b9a55-490e-411c-8712-e94a51e11966{ip: 192.168.164.209, host: pr-hdds-2329-pipelines-6tcfk-2810823695, networkLocation: /default-rack, certSerialId: null} reports an CLOSED replica.
2019-10-31 17:52:21,766 [EventQueue-ContainerReportForContainerReportHandler] WARN  container.ContainerReportHandler (AbstractContainerReportHandler.java:updateContainerState(145)) - Container #1 is in OPEN state, but the datanode 8ad27c18-e1b1-434c-bb09-32fd11380927{ip: 192.168.164.209, host: pr-hdds-2329-pipelines-6tcfk-2810823695, networkLocation: /default-rack, certSerialId: null} reports an CLOSED replica.
2019-10-31 17:52:21,901 [EventQueue-ContainerReportForContainerReportHandler] WARN  container.ContainerReportHandler (AbstractContainerReportHandler.java:updateContainerState(145)) - Container #1 is in OPEN state, but the datanode 3c4b9a55-490e-411c-8712-e94a51e11966{ip: 192.168.164.209, host: pr-hdds-2329-pipelines-6tcfk-2810823695, networkLocation: /default-rack, certSerialId: null} reports an CLOSED replica.
2019-10-31 17:52:22,066 [EventQueue-ContainerReportForContainerReportHandler] WARN  container.ContainerReportHandler (AbstractContainerReportHandler.java:updateContainerState(145)) - Container #1 is in OPEN state, but the datanode 8ad27c18-e1b1-434c-bb09-32fd11380927{ip: 192.168.164.209, host: pr-hdds-2329-pipelines-6tcfk-2810823695, networkLocation: /default-rack, certSerialId: null} reports an CLOSED replica.
2019-10-31 17:52:22,201 [EventQueue-ContainerReportForContainerReportHandler] WARN  container.ContainerReportHandler (AbstractContainerReportHandler.java:updateContainerState(145)) - Container #1 is in OPEN state, but the datanode 3c4b9a55-490e-411c-8712-e94a51e11966{ip: 192.168.164.209, host: pr-hdds-2329-pipelines-6tcfk-2810823695, networkLocation: /default-rack, certSerialId: null} reports an CLOSED replica.
2019-10-31 17:52:22,223 [BlockDeletingService#2] WARN  background.BlockDeletingService (BlockDeletingService.java:isDeletionAllowed(187)) - Close Container log Index 6 is not replicated across allthe servers in the pipeline 9d718bf7-db0a-4e77-ab39-65d104242c3e as the min replicated index is 4. Deletion is not allowed in this container yet.
2019-10-31 17:52:22,223 [BlockDeletingService#2] WARN  background.BlockDeletingService (BlockDeletingService.java:isDeletionAllowed(187)) - Close Container log Index 6 is not replicated across allthe servers in the pipeline 9d718bf7-db0a-4e77-ab39-65d104242c3e as the min replicated index is 4. Deletion is not allowed in this container yet.
2019-10-31 17:52:22,366 [EventQueue-ContainerReportForContainerReportHandler] WARN  container.ContainerReportHandler (AbstractContainerReportHandler.java:updateContainerState(145)) - Container #1 is in OPEN state, but the datanode 8ad27c18-e1b1-434c-bb09-32fd11380927{ip: 192.168.164.209, host: pr-hdds-2329-pipelines-6tcfk-2810823695, networkLocation: /default-rack, certSerialId: null} reports an CLOSED replica.
2019-10-31 17:52:22,500 [EventQueue-ContainerReportForContainerReportHandler] WARN  container.ContainerReportHandler (AbstractContainerReportHandler.java:updateContainerState(145)) - Container #1 is in OPEN state, but the datanode 3c4b9a55-490e-411c-8712-e94a51e11966{ip: 192.168.164.209, host: pr-hdds-2329-pipelines-6tcfk-2810823695, networkLocation: /default-rack, certSerialId: null} reports an CLOSED replica.
2019-10-31 17:52:22,666 [EventQueue-ContainerReportForContainerReportHandler] WARN  container.ContainerReportHandler (AbstractContainerReportHandler.java:updateContainerState(145)) - Container #1 is in OPEN state, but the datanode 8ad27c18-e1b1-434c-bb09-32fd11380927{ip: 192.168.164.209, host: pr-hdds-2329-pipelines-6tcfk-2810823695, networkLocation: /default-rack, certSerialId: null} reports an CLOSED replica.
2019-10-31 17:52:22,800 [EventQueue-ContainerReportForContainerReportHandler] WARN  container.ContainerReportHandler (AbstractContainerReportHandler.java:updateContainerState(145)) - Container #1 is in OPEN state, but the datanode 3c4b9a55-490e-411c-8712-e94a51e11966{ip: 192.168.164.209, host: pr-hdds-2329-pipelines-6tcfk-2810823695, networkLocation: /default-rack, certSerialId: null} reports an CLOSED replica.
2019-10-31 17:52:23,067 [EventQueue-ContainerReportForContainerReportHandler] WARN  container.ContainerReportHandler (AbstractContainerReportHandler.java:updateContainerState(145)) - Container #1 is in OPEN state, but the datanode 8ad27c18-e1b1-434c-bb09-32fd11380927{ip: 192.168.164.209, host: pr-hdds-2329-pipelines-6tcfk-2810823695, networkLocation: /default-rack, certSerialId: null} reports an CLOSED replica.
2019-10-31 17:52:23,200 [EventQueue-ContainerReportForContainerReportHandler] WARN  container.ContainerReportHandler (AbstractContainerReportHandler.java:updateContainerState(145)) - Container #1 is in OPEN state, but the datanode 3c4b9a55-490e-411c-8712-e94a51e11966{ip: 192.168.164.209, host: pr-hdds-2329-pipelines-6tcfk-2810823695, networkLocation: /default-rack, certSerialId: null} reports an CLOSED replica.
2019-10-31 17:52:23,224 [BlockDeletingService#2] WARN  background.BlockDeletingService (BlockDeletingService.java:isDeletionAllowed(187)) - Close Container log Index 6 is not replicated across allthe servers in the pipeline 9d718bf7-db0a-4e77-ab39-65d104242c3e as the min replicated index is 4. Deletion is not allowed in this container yet.
2019-10-31 17:52:23,224 [BlockDeletingService#2] WARN  background.BlockDeletingService (BlockDeletingService.java:isDeletionAllowed(187)) - Close Container log Index 6 is not replicated across allthe servers in the pipeline 9d718bf7-db0a-4e77-ab39-65d104242c3e as the min replicated index is 4. Deletion is not allowed in this container yet.
2019-10-31 17:52:23,467 [EventQueue-ContainerReportForContainerReportHandler] WARN  container.ContainerReportHandler (AbstractContainerReportHandler.java:updateContainerState(145)) - Container #1 is in OPEN state, but the datanode 8ad27c18-e1b1-434c-bb09-32fd11380927{ip: 192.168.164.209, host: pr-hdds-2329-pipelines-6tcfk-2810823695, networkLocation: /default-rack, certSerialId: null} reports an CLOSED replica.
2019-10-31 17:52:23,501 [EventQueue-ContainerReportForContainerReportHandler] WARN  container.ContainerReportHandler (AbstractContainerReportHandler.java:updateContainerState(145)) - Container #1 is in OPEN state, but the datanode 3c4b9a55-490e-411c-8712-e94a51e11966{ip: 192.168.164.209, host: pr-hdds-2329-pipelines-6tcfk-2810823695, networkLocation: /default-rack, certSerialId: null} reports an CLOSED replica.
2019-10-31 17:52:23,595 [java.util.concurrent.ThreadPoolExecutor$Worker@2e73371a[State = -1, empty queue]] WARN  server.GrpcLogAppender (GrpcLogAppender.java:timeoutAppendRequest(209)) - 8ad27c18-e1b1-434c-bb09-32fd11380927@group-65D104242C3E->0b281616-c01c-466a-8a2c-b7dbd5445109-GrpcLogAppender: appendEntries Timeout, request=8ad27c18-e1b1-434c-bb09-32fd11380927->0b281616-c01c-466a-8a2c-b7dbd5445109#30-t1, previous=(t:1, i:10), leaderCommit=10, initializing? false, entries: <empty>
2019-10-31 17:52:23,767 [EventQueue-ContainerReportForContainerReportHandler] WARN  container.ContainerReportHandler (AbstractContainerReportHandler.java:updateContainerState(145)) - Container #1 is in OPEN state, but the datanode 8ad27c18-e1b1-434c-bb09-32fd11380927{ip: 192.168.164.209, host: pr-hdds-2329-pipelines-6tcfk-2810823695, networkLocation: /default-rack, certSerialId: null} reports an CLOSED replica.
2019-10-31 17:52:23,901 [EventQueue-ContainerReportForContainerReportHandler] WARN  container.ContainerReportHandler (AbstractContainerReportHandler.java:updateContainerState(145)) - Container #1 is in OPEN state, but the datanode 3c4b9a55-490e-411c-8712-e94a51e11966{ip: 192.168.164.209, host: pr-hdds-2329-pipelines-6tcfk-2810823695, networkLocation: /default-rack, certSerialId: null} reports an CLOSED replica.
2019-10-31 17:52:24,067 [EventQueue-ContainerReportForContainerReportHandler] WARN  container.ContainerReportHandler (AbstractContainerReportHandler.java:updateContainerState(145)) - Container #1 is in OPEN state, but the datanode 8ad27c18-e1b1-434c-bb09-32fd11380927{ip: 192.168.164.209, host: pr-hdds-2329-pipelines-6tcfk-2810823695, networkLocation: /default-rack, certSerialId: null} reports an CLOSED replica.
2019-10-31 17:52:24,170 [Thread-371] INFO  client.GrpcClientProtocolService (GrpcClientProtocolService.java:lambda$processClientRequest$0(279)) - Failed RaftClientRequest:client-2E3303FC451C->3c4b9a55-490e-411c-8712-e94a51e11966@group-65D104242C3E, cid=10, seq=0, Watch-ALL_COMMITTED(6), Message:<EMPTY>, reply=RaftClientReply:client-2E3303FC451C->3c4b9a55-490e-411c-8712-e94a51e11966@group-65D104242C3E, cid=10, FAILED org.apache.ratis.protocol.NotLeaderException: Server 3c4b9a55-490e-411c-8712-e94a51e11966@group-65D104242C3E is not the leader 8ad27c18-e1b1-434c-bb09-32fd11380927:192.168.164.209:34436, logIndex=0, commits[3c4b9a55-490e-411c-8712-e94a51e11966:c10, 8ad27c18-e1b1-434c-bb09-32fd11380927:c10, 0b281616-c01c-466a-8a2c-b7dbd5445109:c4]
2019-10-31 17:52:24,200 [EventQueue-ContainerReportForContainerReportHandler] WARN  container.ContainerReportHandler (AbstractContainerReportHandler.java:updateContainerState(145)) - Container #1 is in OPEN state, but the datanode 3c4b9a55-490e-411c-8712-e94a51e11966{ip: 192.168.164.209, host: pr-hdds-2329-pipelines-6tcfk-2810823695, networkLocation: /default-rack, certSerialId: null} reports an CLOSED replica.
2019-10-31 17:52:24,226 [BlockDeletingService#2] WARN  background.BlockDeletingService (BlockDeletingService.java:isDeletionAllowed(187)) - Close Container log Index 6 is not replicated across allthe servers in the pipeline 9d718bf7-db0a-4e77-ab39-65d104242c3e as the min replicated index is 4. Deletion is not allowed in this container yet.
2019-10-31 17:52:24,226 [BlockDeletingService#2] WARN  background.BlockDeletingService (BlockDeletingService.java:isDeletionAllowed(187)) - Close Container log Index 6 is not replicated across allthe servers in the pipeline 9d718bf7-db0a-4e77-ab39-65d104242c3e as the min replicated index is 4. Deletion is not allowed in this container yet.
2019-10-31 17:52:24,267 [EventQueue-ContainerReportForContainerReportHandler] WARN  container.ContainerReportHandler (AbstractContainerReportHandler.java:updateContainerState(145)) - Container #1 is in OPEN state, but the datanode 8ad27c18-e1b1-434c-bb09-32fd11380927{ip: 192.168.164.209, host: pr-hdds-2329-pipelines-6tcfk-2810823695, networkLocation: /default-rack, certSerialId: null} reports an CLOSED replica.
2019-10-31 17:52:24,400 [EventQueue-ContainerReportForContainerReportHandler] WARN  container.ContainerReportHandler (AbstractContainerReportHandler.java:updateContainerState(145)) - Container #1 is in OPEN state, but the datanode 3c4b9a55-490e-411c-8712-e94a51e11966{ip: 192.168.164.209, host: pr-hdds-2329-pipelines-6tcfk-2810823695, networkLocation: /default-rack, certSerialId: null} reports an CLOSED replica.
2019-10-31 17:52:24,568 [EventQueue-ContainerReportForContainerReportHandler] WARN  container.ContainerReportHandler (AbstractContainerReportHandler.java:updateContainerState(145)) - Container #1 is in OPEN state, but the datanode 8ad27c18-e1b1-434c-bb09-32fd11380927{ip: 192.168.164.209, host: pr-hdds-2329-pipelines-6tcfk-2810823695, networkLocation: /default-rack, certSerialId: null} reports an CLOSED replica.
2019-10-31 17:52:24,702 [EventQueue-ContainerReportForContainerReportHandler] WARN  container.ContainerReportHandler (AbstractContainerReportHandler.java:updateContainerState(145)) - Container #1 is in OPEN state, but the datanode 3c4b9a55-490e-411c-8712-e94a51e11966{ip: 192.168.164.209, host: pr-hdds-2329-pipelines-6tcfk-2810823695, networkLocation: /default-rack, certSerialId: null} reports an CLOSED replica.
2019-10-31 17:52:24,869 [EventQueue-ContainerReportForContainerReportHandler] WARN  container.ContainerReportHandler (AbstractContainerReportHandler.java:updateContainerState(145)) - Container #1 is in OPEN state, but the datanode 8ad27c18-e1b1-434c-bb09-32fd11380927{ip: 192.168.164.209, host: pr-hdds-2329-pipelines-6tcfk-2810823695, networkLocation: /default-rack, certSerialId: null} reports an CLOSED replica.
2019-10-31 17:52:24,906 [EventQueue-ContainerReportForContainerReportHandler] WARN  container.ContainerReportHandler (AbstractContainerReportHandler.java:updateContainerState(145)) - Container #1 is in OPEN state, but the datanode 3c4b9a55-490e-411c-8712-e94a51e11966{ip: 192.168.164.209, host: pr-hdds-2329-pipelines-6tcfk-2810823695, networkLocation: /default-rack, certSerialId: null} reports an CLOSED replica.
2019-10-31 17:52:25,231 [BlockDeletingService#2] WARN  background.BlockDeletingService (BlockDeletingService.java:isDeletionAllowed(187)) - Close Container log Index 6 is not replicated across allthe servers in the pipeline 9d718bf7-db0a-4e77-ab39-65d104242c3e as the min replicated index is 4. Deletion is not allowed in this container yet.
2019-10-31 17:52:25,231 [BlockDeletingService#2] WARN  background.BlockDeletingService (BlockDeletingService.java:isDeletionAllowed(187)) - Close Container log Index 6 is not replicated across allthe servers in the pipeline 9d718bf7-db0a-4e77-ab39-65d104242c3e as the min replicated index is 4. Deletion is not allowed in this container yet.
2019-10-31 17:52:25,269 [EventQueue-ContainerReportForContainerReportHandler] WARN  container.ContainerReportHandler (AbstractContainerReportHandler.java:updateContainerState(145)) - Container #1 is in OPEN state, but the datanode 8ad27c18-e1b1-434c-bb09-32fd11380927{ip: 192.168.164.209, host: pr-hdds-2329-pipelines-6tcfk-2810823695, networkLocation: /default-rack, certSerialId: null} reports an CLOSED replica.
2019-10-31 17:52:25,303 [EventQueue-ContainerReportForContainerReportHandler] WARN  container.ContainerReportHandler (AbstractContainerReportHandler.java:updateContainerState(145)) - Container #1 is in OPEN state, but the datanode 3c4b9a55-490e-411c-8712-e94a51e11966{ip: 192.168.164.209, host: pr-hdds-2329-pipelines-6tcfk-2810823695, networkLocation: /default-rack, certSerialId: null} reports an CLOSED replica.
2019-10-31 17:52:25,570 [EventQueue-ContainerReportForContainerReportHandler] WARN  container.ContainerReportHandler (AbstractContainerReportHandler.java:updateContainerState(145)) - Container #1 is in OPEN state, but the datanode 8ad27c18-e1b1-434c-bb09-32fd11380927{ip: 192.168.164.209, host: pr-hdds-2329-pipelines-6tcfk-2810823695, networkLocation: /default-rack, certSerialId: null} reports an CLOSED replica.
2019-10-31 17:52:25,604 [EventQueue-ContainerReportForContainerReportHandler] WARN  container.ContainerReportHandler (AbstractContainerReportHandler.java:updateContainerState(145)) - Container #1 is in OPEN state, but the datanode 3c4b9a55-490e-411c-8712-e94a51e11966{ip: 192.168.164.209, host: pr-hdds-2329-pipelines-6tcfk-2810823695, networkLocation: /default-rack, certSerialId: null} reports an CLOSED replica.
2019-10-31 17:52:25,683 [Thread-379] INFO  client.GrpcClientProtocolService (GrpcClientProtocolService.java:lambda$processClientRequest$0(279)) - Failed RaftClientRequest:client-2E3303FC451C->8ad27c18-e1b1-434c-bb09-32fd11380927@group-65D104242C3E, cid=10, seq=0, Watch-ALL_COMMITTED(6), Message:<EMPTY>, reply=RaftClientReply:client-2E3303FC451C->8ad27c18-e1b1-434c-bb09-32fd11380927@group-65D104242C3E, cid=10, FAILED org.apache.ratis.protocol.NotReplicatedException: Request with call Id 10 and log index 6 is not yet replicated to ALL_COMMITTED, logIndex=6, commits[8ad27c18-e1b1-434c-bb09-32fd11380927:c10, 3c4b9a55-490e-411c-8712-e94a51e11966:c10, 0b281616-c01c-466a-8a2c-b7dbd5445109:c4]
2019-10-31 17:52:25,770 [EventQueue-ContainerReportForContainerReportHandler] WARN  container.ContainerReportHandler (AbstractContainerReportHandler.java:updateContainerState(145)) - Container #1 is in OPEN state, but the datanode 8ad27c18-e1b1-434c-bb09-32fd11380927{ip: 192.168.164.209, host: pr-hdds-2329-pipelines-6tcfk-2810823695, networkLocation: /default-rack, certSerialId: null} reports an CLOSED replica.
2019-10-31 17:52:25,804 [EventQueue-ContainerReportForContainerReportHandler] WARN  container.ContainerReportHandler (AbstractContainerReportHandler.java:updateContainerState(145)) - Container #1 is in OPEN state, but the datanode 3c4b9a55-490e-411c-8712-e94a51e11966{ip: 192.168.164.209, host: pr-hdds-2329-pipelines-6tcfk-2810823695, networkLocation: /default-rack, certSerialId: null} reports an CLOSED replica.
2019-10-31 17:52:26,071 [EventQueue-ContainerReportForContainerReportHandler] WARN  container.ContainerReportHandler (AbstractContainerReportHandler.java:updateContainerState(145)) - Container #1 is in OPEN state, but the datanode 8ad27c18-e1b1-434c-bb09-32fd11380927{ip: 192.168.164.209, host: pr-hdds-2329-pipelines-6tcfk-2810823695, networkLocation: /default-rack, certSerialId: null} reports an CLOSED replica.
2019-10-31 17:52:26,096 [java.util.concurrent.ThreadPoolExecutor$Worker@2e73371a[State = -1, empty queue]] WARN  server.GrpcLogAppender (GrpcLogAppender.java:timeoutAppendRequest(209)) - 8ad27c18-e1b1-434c-bb09-32fd11380927@group-65D104242C3E->0b281616-c01c-466a-8a2c-b7dbd5445109-GrpcLogAppender: appendEntries Timeout, request=8ad27c18-e1b1-434c-bb09-32fd11380927->0b281616-c01c-466a-8a2c-b7dbd5445109#31-t1, previous=(t:1, i:10), leaderCommit=10, initializing? false, entries: <empty>
2019-10-31 17:52:26,205 [EventQueue-ContainerReportForContainerReportHandler] WARN  container.ContainerReportHandler (AbstractContainerReportHandler.java:updateContainerState(145)) - Container #1 is in OPEN state, but the datanode 3c4b9a55-490e-411c-8712-e94a51e11966{ip: 192.168.164.209, host: pr-hdds-2329-pipelines-6tcfk-2810823695, networkLocation: /default-rack, certSerialId: null} reports an CLOSED replica.
2019-10-31 17:52:26,233 [BlockDeletingService#2] WARN  background.BlockDeletingService (BlockDeletingService.java:isDeletionAllowed(187)) - Close Container log Index 6 is not replicated across allthe servers in the pipeline 9d718bf7-db0a-4e77-ab39-65d104242c3e as the min replicated index is 4. Deletion is not allowed in this container yet.
2019-10-31 17:52:26,233 [BlockDeletingService#2] WARN  background.BlockDeletingService (BlockDeletingService.java:isDeletionAllowed(187)) - Close Container log Index 6 is not replicated across allthe servers in the pipeline 9d718bf7-db0a-4e77-ab39-65d104242c3e as the min replicated index is 4. Deletion is not allowed in this container yet.
2019-10-31 17:52:26,405 [EventQueue-ContainerReportForContainerReportHandler] WARN  container.ContainerReportHandler (AbstractContainerReportHandler.java:updateContainerState(145)) - Container #1 is in OPEN state, but the datanode 3c4b9a55-490e-411c-8712-e94a51e11966{ip: 192.168.164.209, host: pr-hdds-2329-pipelines-6tcfk-2810823695, networkLocation: /default-rack, certSerialId: null} reports an CLOSED replica.
2019-10-31 17:52:26,471 [EventQueue-ContainerReportForContainerReportHandler] WARN  container.ContainerReportHandler (AbstractContainerReportHandler.java:updateContainerState(145)) - Container #1 is in OPEN state, but the datanode 8ad27c18-e1b1-434c-bb09-32fd11380927{ip: 192.168.164.209, host: pr-hdds-2329-pipelines-6tcfk-2810823695, networkLocation: /default-rack, certSerialId: null} reports an CLOSED replica.
2019-10-31 17:52:26,671 [EventQueue-ContainerReportForContainerReportHandler] WARN  container.ContainerReportHandler (AbstractContainerReportHandler.java:updateContainerState(145)) - Container #1 is in OPEN state, but the datanode 8ad27c18-e1b1-434c-bb09-32fd11380927{ip: 192.168.164.209, host: pr-hdds-2329-pipelines-6tcfk-2810823695, networkLocation: /default-rack, certSerialId: null} reports an CLOSED replica.
2019-10-31 17:52:26,705 [EventQueue-ContainerReportForContainerReportHandler] WARN  container.ContainerReportHandler (AbstractContainerReportHandler.java:updateContainerState(145)) - Container #1 is in OPEN state, but the datanode 3c4b9a55-490e-411c-8712-e94a51e11966{ip: 192.168.164.209, host: pr-hdds-2329-pipelines-6tcfk-2810823695, networkLocation: /default-rack, certSerialId: null} reports an CLOSED replica.
2019-10-31 17:52:26,905 [EventQueue-ContainerReportForContainerReportHandler] WARN  container.ContainerReportHandler (AbstractContainerReportHandler.java:updateContainerState(145)) - Container #1 is in OPEN state, but the datanode 3c4b9a55-490e-411c-8712-e94a51e11966{ip: 192.168.164.209, host: pr-hdds-2329-pipelines-6tcfk-2810823695, networkLocation: /default-rack, certSerialId: null} reports an CLOSED replica.
2019-10-31 17:52:26,970 [EventQueue-ContainerReportForContainerReportHandler] WARN  container.ContainerReportHandler (AbstractContainerReportHandler.java:updateContainerState(145)) - Container #1 is in OPEN state, but the datanode 8ad27c18-e1b1-434c-bb09-32fd11380927{ip: 192.168.164.209, host: pr-hdds-2329-pipelines-6tcfk-2810823695, networkLocation: /default-rack, certSerialId: null} reports an CLOSED replica.
2019-10-31 17:52:27,170 [EventQueue-ContainerReportForContainerReportHandler] WARN  container.ContainerReportHandler (AbstractContainerReportHandler.java:updateContainerState(145)) - Container #1 is in OPEN state, but the datanode 8ad27c18-e1b1-434c-bb09-32fd11380927{ip: 192.168.164.209, host: pr-hdds-2329-pipelines-6tcfk-2810823695, networkLocation: /default-rack, certSerialId: null} reports an CLOSED replica.
2019-10-31 17:52:27,206 [EventQueue-ContainerReportForContainerReportHandler] WARN  container.ContainerReportHandler (AbstractContainerReportHandler.java:updateContainerState(145)) - Container #1 is in OPEN state, but the datanode 3c4b9a55-490e-411c-8712-e94a51e11966{ip: 192.168.164.209, host: pr-hdds-2329-pipelines-6tcfk-2810823695, networkLocation: /default-rack, certSerialId: null} reports an CLOSED replica.
2019-10-31 17:52:27,235 [BlockDeletingService#2] WARN  background.BlockDeletingService (BlockDeletingService.java:isDeletionAllowed(187)) - Close Container log Index 6 is not replicated across allthe servers in the pipeline 9d718bf7-db0a-4e77-ab39-65d104242c3e as the min replicated index is 4. Deletion is not allowed in this container yet.
2019-10-31 17:52:27,235 [BlockDeletingService#2] WARN  background.BlockDeletingService (BlockDeletingService.java:isDeletionAllowed(187)) - Close Container log Index 6 is not replicated across allthe servers in the pipeline 9d718bf7-db0a-4e77-ab39-65d104242c3e as the min replicated index is 4. Deletion is not allowed in this container yet.
2019-10-31 17:52:27,370 [EventQueue-ContainerReportForContainerReportHandler] WARN  container.ContainerReportHandler (AbstractContainerReportHandler.java:updateContainerState(145)) - Container #1 is in OPEN state, but the datanode 8ad27c18-e1b1-434c-bb09-32fd11380927{ip: 192.168.164.209, host: pr-hdds-2329-pipelines-6tcfk-2810823695, networkLocation: /default-rack, certSerialId: null} reports an CLOSED replica.
2019-10-31 17:52:27,506 [EventQueue-ContainerReportForContainerReportHandler] WARN  container.ContainerReportHandler (AbstractContainerReportHandler.java:updateContainerState(145)) - Container #1 is in OPEN state, but the datanode 3c4b9a55-490e-411c-8712-e94a51e11966{ip: 192.168.164.209, host: pr-hdds-2329-pipelines-6tcfk-2810823695, networkLocation: /default-rack, certSerialId: null} reports an CLOSED replica.
2019-10-31 17:52:27,673 [EventQueue-ContainerReportForContainerReportHandler] WARN  container.ContainerReportHandler (AbstractContainerReportHandler.java:updateContainerState(145)) - Container #1 is in OPEN state, but the datanode 8ad27c18-e1b1-434c-bb09-32fd11380927{ip: 192.168.164.209, host: pr-hdds-2329-pipelines-6tcfk-2810823695, networkLocation: /default-rack, certSerialId: null} reports an CLOSED replica.
2019-10-31 17:52:27,706 [EventQueue-ContainerReportForContainerReportHandler] WARN  container.ContainerReportHandler (AbstractContainerReportHandler.java:updateContainerState(145)) - Container #1 is in OPEN state, but the datanode 3c4b9a55-490e-411c-8712-e94a51e11966{ip: 192.168.164.209, host: pr-hdds-2329-pipelines-6tcfk-2810823695, networkLocation: /default-rack, certSerialId: null} reports an CLOSED replica.
2019-10-31 17:52:27,974 [EventQueue-ContainerReportForContainerReportHandler] WARN  container.ContainerReportHandler (AbstractContainerReportHandler.java:updateContainerState(145)) - Container #1 is in OPEN state, but the datanode 8ad27c18-e1b1-434c-bb09-32fd11380927{ip: 192.168.164.209, host: pr-hdds-2329-pipelines-6tcfk-2810823695, networkLocation: /default-rack, certSerialId: null} reports an CLOSED replica.
2019-10-31 17:52:28,106 [EventQueue-ContainerReportForContainerReportHandler] WARN  container.ContainerReportHandler (AbstractContainerReportHandler.java:updateContainerState(145)) - Container #1 is in OPEN state, but the datanode 3c4b9a55-490e-411c-8712-e94a51e11966{ip: 192.168.164.209, host: pr-hdds-2329-pipelines-6tcfk-2810823695, networkLocation: /default-rack, certSerialId: null} reports an CLOSED replica.
2019-10-31 17:52:28,236 [BlockDeletingService#2] WARN  background.BlockDeletingService (BlockDeletingService.java:isDeletionAllowed(187)) - Close Container log Index 6 is not replicated across allthe servers in the pipeline 9d718bf7-db0a-4e77-ab39-65d104242c3e as the min replicated index is 4. Deletion is not allowed in this container yet.
2019-10-31 17:52:28,237 [BlockDeletingService#2] WARN  background.BlockDeletingService (BlockDeletingService.java:isDeletionAllowed(187)) - Close Container log Index 6 is not replicated across allthe servers in the pipeline 9d718bf7-db0a-4e77-ab39-65d104242c3e as the min replicated index is 4. Deletion is not allowed in this container yet.
2019-10-31 17:52:28,274 [EventQueue-ContainerReportForContainerReportHandler] WARN  container.ContainerReportHandler (AbstractContainerReportHandler.java:updateContainerState(145)) - Container #1 is in OPEN state, but the datanode 8ad27c18-e1b1-434c-bb09-32fd11380927{ip: 192.168.164.209, host: pr-hdds-2329-pipelines-6tcfk-2810823695, networkLocation: /default-rack, certSerialId: null} reports an CLOSED replica.
2019-10-31 17:52:28,306 [EventQueue-ContainerReportForContainerReportHandler] WARN  container.ContainerReportHandler (AbstractContainerReportHandler.java:updateContainerState(145)) - Container #1 is in OPEN state, but the datanode 3c4b9a55-490e-411c-8712-e94a51e11966{ip: 192.168.164.209, host: pr-hdds-2329-pipelines-6tcfk-2810823695, networkLocation: /default-rack, certSerialId: null} reports an CLOSED replica.
2019-10-31 17:52:28,599 [java.util.concurrent.ThreadPoolExecutor$Worker@2e73371a[State = -1, empty queue]] WARN  server.GrpcLogAppender (GrpcLogAppender.java:timeoutAppendRequest(209)) - 8ad27c18-e1b1-434c-bb09-32fd11380927@group-65D104242C3E->0b281616-c01c-466a-8a2c-b7dbd5445109-GrpcLogAppender: appendEntries Timeout, request=8ad27c18-e1b1-434c-bb09-32fd11380927->0b281616-c01c-466a-8a2c-b7dbd5445109#32-t1, previous=(t:1, i:10), leaderCommit=10, initializing? false, entries: <empty>
2019-10-31 17:52:28,606 [EventQueue-ContainerReportForContainerReportHandler] WARN  container.ContainerReportHandler (AbstractContainerReportHandler.java:updateContainerState(145)) - Container #1 is in OPEN state, but the datanode 3c4b9a55-490e-411c-8712-e94a51e11966{ip: 192.168.164.209, host: pr-hdds-2329-pipelines-6tcfk-2810823695, networkLocation: /default-rack, certSerialId: null} reports an CLOSED replica.
2019-10-31 17:52:28,674 [EventQueue-ContainerReportForContainerReportHandler] WARN  container.ContainerReportHandler (AbstractContainerReportHandler.java:updateContainerState(145)) - Container #1 is in OPEN state, but the datanode 8ad27c18-e1b1-434c-bb09-32fd11380927{ip: 192.168.164.209, host: pr-hdds-2329-pipelines-6tcfk-2810823695, networkLocation: /default-rack, certSerialId: null} reports an CLOSED replica.
2019-10-31 17:52:28,975 [EventQueue-ContainerReportForContainerReportHandler] WARN  container.ContainerReportHandler (AbstractContainerReportHandler.java:updateContainerState(145)) - Container #1 is in OPEN state, but the datanode 8ad27c18-e1b1-434c-bb09-32fd11380927{ip: 192.168.164.209, host: pr-hdds-2329-pipelines-6tcfk-2810823695, networkLocation: /default-rack, certSerialId: null} reports an CLOSED replica.
2019-10-31 17:52:29,006 [EventQueue-ContainerReportForContainerReportHandler] WARN  container.ContainerReportHandler (AbstractContainerReportHandler.java:updateContainerState(145)) - Container #1 is in OPEN state, but the datanode 3c4b9a55-490e-411c-8712-e94a51e11966{ip: 192.168.164.209, host: pr-hdds-2329-pipelines-6tcfk-2810823695, networkLocation: /default-rack, certSerialId: null} reports an CLOSED replica.
2019-10-31 17:52:29,205 [EventQueue-ContainerReportForContainerReportHandler] WARN  container.ContainerReportHandler (AbstractContainerReportHandler.java:updateContainerState(145)) - Container #1 is in OPEN state, but the datanode 3c4b9a55-490e-411c-8712-e94a51e11966{ip: 192.168.164.209, host: pr-hdds-2329-pipelines-6tcfk-2810823695, networkLocation: /default-rack, certSerialId: null} reports an CLOSED replica.
2019-10-31 17:52:29,239 [BlockDeletingService#2] WARN  background.BlockDeletingService (BlockDeletingService.java:isDeletionAllowed(187)) - Close Container log Index 6 is not replicated across allthe servers in the pipeline 9d718bf7-db0a-4e77-ab39-65d104242c3e as the min replicated index is 4. Deletion is not allowed in this container yet.
2019-10-31 17:52:29,239 [BlockDeletingService#2] WARN  background.BlockDeletingService (BlockDeletingService.java:isDeletionAllowed(187)) - Close Container log Index 6 is not replicated across allthe servers in the pipeline 9d718bf7-db0a-4e77-ab39-65d104242c3e as the min replicated index is 4. Deletion is not allowed in this container yet.
2019-10-31 17:52:29,275 [EventQueue-ContainerReportForContainerReportHandler] WARN  container.ContainerReportHandler (AbstractContainerReportHandler.java:updateContainerState(145)) - Container #1 is in OPEN state, but the datanode 8ad27c18-e1b1-434c-bb09-32fd11380927{ip: 192.168.164.209, host: pr-hdds-2329-pipelines-6tcfk-2810823695, networkLocation: /default-rack, certSerialId: null} reports an CLOSED replica.
2019-10-31 17:52:29,505 [EventQueue-ContainerReportForContainerReportHandler] WARN  container.ContainerReportHandler (AbstractContainerReportHandler.java:updateContainerState(145)) - Container #1 is in OPEN state, but the datanode 3c4b9a55-490e-411c-8712-e94a51e11966{ip: 192.168.164.209, host: pr-hdds-2329-pipelines-6tcfk-2810823695, networkLocation: /default-rack, certSerialId: null} reports an CLOSED replica.
2019-10-31 17:52:29,575 [EventQueue-ContainerReportForContainerReportHandler] WARN  container.ContainerReportHandler (AbstractContainerReportHandler.java:updateContainerState(145)) - Container #1 is in OPEN state, but the datanode 8ad27c18-e1b1-434c-bb09-32fd11380927{ip: 192.168.164.209, host: pr-hdds-2329-pipelines-6tcfk-2810823695, networkLocation: /default-rack, certSerialId: null} reports an CLOSED replica.
2019-10-31 17:52:29,806 [EventQueue-ContainerReportForContainerReportHandler] WARN  container.ContainerReportHandler (AbstractContainerReportHandler.java:updateContainerState(145)) - Container #1 is in OPEN state, but the datanode 3c4b9a55-490e-411c-8712-e94a51e11966{ip: 192.168.164.209, host: pr-hdds-2329-pipelines-6tcfk-2810823695, networkLocation: /default-rack, certSerialId: null} reports an CLOSED replica.
2019-10-31 17:52:29,975 [EventQueue-ContainerReportForContainerReportHandler] WARN  container.ContainerReportHandler (AbstractContainerReportHandler.java:updateContainerState(145)) - Container #1 is in OPEN state, but the datanode 8ad27c18-e1b1-434c-bb09-32fd11380927{ip: 192.168.164.209, host: pr-hdds-2329-pipelines-6tcfk-2810823695, networkLocation: /default-rack, certSerialId: null} reports an CLOSED replica.
2019-10-31 17:52:30,106 [EventQueue-ContainerReportForContainerReportHandler] WARN  container.ContainerReportHandler (AbstractContainerReportHandler.java:updateContainerState(145)) - Container #1 is in OPEN state, but the datanode 3c4b9a55-490e-411c-8712-e94a51e11966{ip: 192.168.164.209, host: pr-hdds-2329-pipelines-6tcfk-2810823695, networkLocation: /default-rack, certSerialId: null} reports an CLOSED replica.
2019-10-31 17:52:30,174 [EventQueue-ContainerReportForContainerReportHandler] WARN  container.ContainerReportHandler (AbstractContainerReportHandler.java:updateContainerState(145)) - Container #1 is in OPEN state, but the datanode 8ad27c18-e1b1-434c-bb09-32fd11380927{ip: 192.168.164.209, host: pr-hdds-2329-pipelines-6tcfk-2810823695, networkLocation: /default-rack, certSerialId: null} reports an CLOSED replica.
2019-10-31 17:52:30,241 [BlockDeletingService#2] WARN  background.BlockDeletingService (BlockDeletingService.java:isDeletionAllowed(187)) - Close Container log Index 6 is not replicated across allthe servers in the pipeline 9d718bf7-db0a-4e77-ab39-65d104242c3e as the min replicated index is 4. Deletion is not allowed in this container yet.
2019-10-31 17:52:30,241 [BlockDeletingService#2] WARN  background.BlockDeletingService (BlockDeletingService.java:isDeletionAllowed(187)) - Close Container log Index 6 is not replicated across allthe servers in the pipeline 9d718bf7-db0a-4e77-ab39-65d104242c3e as the min replicated index is 4. Deletion is not allowed in this container yet.
2019-10-31 17:52:30,305 [EventQueue-ContainerReportForContainerReportHandler] WARN  container.ContainerReportHandler (AbstractContainerReportHandler.java:updateContainerState(145)) - Container #1 is in OPEN state, but the datanode 3c4b9a55-490e-411c-8712-e94a51e11966{ip: 192.168.164.209, host: pr-hdds-2329-pipelines-6tcfk-2810823695, networkLocation: /default-rack, certSerialId: null} reports an CLOSED replica.
2019-10-31 17:52:30,474 [EventQueue-ContainerReportForContainerReportHandler] WARN  container.ContainerReportHandler (AbstractContainerReportHandler.java:updateContainerState(145)) - Container #1 is in OPEN state, but the datanode 8ad27c18-e1b1-434c-bb09-32fd11380927{ip: 192.168.164.209, host: pr-hdds-2329-pipelines-6tcfk-2810823695, networkLocation: /default-rack, certSerialId: null} reports an CLOSED replica.
2019-10-31 17:52:30,505 [EventQueue-ContainerReportForContainerReportHandler] WARN  container.ContainerReportHandler (AbstractContainerReportHandler.java:updateContainerState(145)) - Container #1 is in OPEN state, but the datanode 3c4b9a55-490e-411c-8712-e94a51e11966{ip: 192.168.164.209, host: pr-hdds-2329-pipelines-6tcfk-2810823695, networkLocation: /default-rack, certSerialId: null} reports an CLOSED replica.
2019-10-31 17:52:30,675 [EventQueue-ContainerReportForContainerReportHandler] WARN  container.ContainerReportHandler (AbstractContainerReportHandler.java:updateContainerState(145)) - Container #1 is in OPEN state, but the datanode 8ad27c18-e1b1-434c-bb09-32fd11380927{ip: 192.168.164.209, host: pr-hdds-2329-pipelines-6tcfk-2810823695, networkLocation: /default-rack, certSerialId: null} reports an CLOSED replica.
2019-10-31 17:52:30,806 [EventQueue-ContainerReportForContainerReportHandler] WARN  container.ContainerReportHandler (AbstractContainerReportHandler.java:updateContainerState(145)) - Container #1 is in OPEN state, but the datanode 3c4b9a55-490e-411c-8712-e94a51e11966{ip: 192.168.164.209, host: pr-hdds-2329-pipelines-6tcfk-2810823695, networkLocation: /default-rack, certSerialId: null} reports an CLOSED replica.
2019-10-31 17:52:31,006 [EventQueue-ContainerReportForContainerReportHandler] WARN  container.ContainerReportHandler (AbstractContainerReportHandler.java:updateContainerState(145)) - Container #1 is in OPEN state, but the datanode 3c4b9a55-490e-411c-8712-e94a51e11966{ip: 192.168.164.209, host: pr-hdds-2329-pipelines-6tcfk-2810823695, networkLocation: /default-rack, certSerialId: null} reports an CLOSED replica.
2019-10-31 17:52:31,075 [EventQueue-ContainerReportForContainerReportHandler] WARN  container.ContainerReportHandler (AbstractContainerReportHandler.java:updateContainerState(145)) - Container #1 is in OPEN state, but the datanode 8ad27c18-e1b1-434c-bb09-32fd11380927{ip: 192.168.164.209, host: pr-hdds-2329-pipelines-6tcfk-2810823695, networkLocation: /default-rack, certSerialId: null} reports an CLOSED replica.
2019-10-31 17:52:31,101 [java.util.concurrent.ThreadPoolExecutor$Worker@2e73371a[State = -1, empty queue]] WARN  server.GrpcLogAppender (GrpcLogAppender.java:timeoutAppendRequest(209)) - 8ad27c18-e1b1-434c-bb09-32fd11380927@group-65D104242C3E->0b281616-c01c-466a-8a2c-b7dbd5445109-GrpcLogAppender: appendEntries Timeout, request=8ad27c18-e1b1-434c-bb09-32fd11380927->0b281616-c01c-466a-8a2c-b7dbd5445109#33-t1, previous=(t:1, i:10), leaderCommit=10, initializing? false, entries: <empty>
2019-10-31 17:52:31,245 [BlockDeletingService#2] WARN  background.BlockDeletingService (BlockDeletingService.java:isDeletionAllowed(187)) - Close Container log Index 6 is not replicated across allthe servers in the pipeline 9d718bf7-db0a-4e77-ab39-65d104242c3e as the min replicated index is 4. Deletion is not allowed in this container yet.
2019-10-31 17:52:31,245 [BlockDeletingService#2] WARN  background.BlockDeletingService (BlockDeletingService.java:isDeletionAllowed(187)) - Close Container log Index 6 is not replicated across allthe servers in the pipeline 9d718bf7-db0a-4e77-ab39-65d104242c3e as the min replicated index is 4. Deletion is not allowed in this container yet.
2019-10-31 17:52:31,275 [EventQueue-ContainerReportForContainerReportHandler] WARN  container.ContainerReportHandler (AbstractContainerReportHandler.java:updateContainerState(145)) - Container #1 is in OPEN state, but the datanode 8ad27c18-e1b1-434c-bb09-32fd11380927{ip: 192.168.164.209, host: pr-hdds-2329-pipelines-6tcfk-2810823695, networkLocation: /default-rack, certSerialId: null} reports an CLOSED replica.
2019-10-31 17:52:31,308 [EventQueue-ContainerReportForContainerReportHandler] WARN  container.ContainerReportHandler (AbstractContainerReportHandler.java:updateContainerState(145)) - Container #1 is in OPEN state, but the datanode 3c4b9a55-490e-411c-8712-e94a51e11966{ip: 192.168.164.209, host: pr-hdds-2329-pipelines-6tcfk-2810823695, networkLocation: /default-rack, certSerialId: null} reports an CLOSED replica.
2019-10-31 17:52:31,675 [EventQueue-ContainerReportForContainerReportHandler] WARN  container.ContainerReportHandler (AbstractContainerReportHandler.java:updateContainerState(145)) - Container #1 is in OPEN state, but the datanode 8ad27c18-e1b1-434c-bb09-32fd11380927{ip: 192.168.164.209, host: pr-hdds-2329-pipelines-6tcfk-2810823695, networkLocation: /default-rack, certSerialId: null} reports an CLOSED replica.
2019-10-31 17:52:31,710 [EventQueue-ContainerReportForContainerReportHandler] WARN  container.ContainerReportHandler (AbstractContainerReportHandler.java:updateContainerState(145)) - Container #1 is in OPEN state, but the datanode 3c4b9a55-490e-411c-8712-e94a51e11966{ip: 192.168.164.209, host: pr-hdds-2329-pipelines-6tcfk-2810823695, networkLocation: /default-rack, certSerialId: null} reports an CLOSED replica.
2019-10-31 17:52:31,975 [EventQueue-ContainerReportForContainerReportHandler] WARN  container.ContainerReportHandler (AbstractContainerReportHandler.java:updateContainerState(145)) - Container #1 is in OPEN state, but the datanode 8ad27c18-e1b1-434c-bb09-32fd11380927{ip: 192.168.164.209, host: pr-hdds-2329-pipelines-6tcfk-2810823695, networkLocation: /default-rack, certSerialId: null} reports an CLOSED replica.
2019-10-31 17:52:32,111 [EventQueue-ContainerReportForContainerReportHandler] WARN  container.ContainerReportHandler (AbstractContainerReportHandler.java:updateContainerState(145)) - Container #1 is in OPEN state, but the datanode 3c4b9a55-490e-411c-8712-e94a51e11966{ip: 192.168.164.209, host: pr-hdds-2329-pipelines-6tcfk-2810823695, networkLocation: /default-rack, certSerialId: null} reports an CLOSED replica.
2019-10-31 17:52:32,247 [BlockDeletingService#2] WARN  background.BlockDeletingService (BlockDeletingService.java:isDeletionAllowed(187)) - Close Container log Index 6 is not replicated across allthe servers in the pipeline 9d718bf7-db0a-4e77-ab39-65d104242c3e as the min replicated index is 4. Deletion is not allowed in this container yet.
2019-10-31 17:52:32,247 [BlockDeletingService#2] WARN  background.BlockDeletingService (BlockDeletingService.java:isDeletionAllowed(187)) - Close Container log Index 6 is not replicated across allthe servers in the pipeline 9d718bf7-db0a-4e77-ab39-65d104242c3e as the min replicated index is 4. Deletion is not allowed in this container yet.
2019-10-31 17:52:32,276 [EventQueue-ContainerReportForContainerReportHandler] WARN  container.ContainerReportHandler (AbstractContainerReportHandler.java:updateContainerState(145)) - Container #1 is in OPEN state, but the datanode 8ad27c18-e1b1-434c-bb09-32fd11380927{ip: 192.168.164.209, host: pr-hdds-2329-pipelines-6tcfk-2810823695, networkLocation: /default-rack, certSerialId: null} reports an CLOSED replica.
2019-10-31 17:52:32,411 [EventQueue-ContainerReportForContainerReportHandler] WARN  container.ContainerReportHandler (AbstractContainerReportHandler.java:updateContainerState(145)) - Container #1 is in OPEN state, but the datanode 3c4b9a55-490e-411c-8712-e94a51e11966{ip: 192.168.164.209, host: pr-hdds-2329-pipelines-6tcfk-2810823695, networkLocation: /default-rack, certSerialId: null} reports an CLOSED replica.
2019-10-31 17:52:32,675 [EventQueue-ContainerReportForContainerReportHandler] WARN  container.ContainerReportHandler (AbstractContainerReportHandler.java:updateContainerState(145)) - Container #1 is in OPEN state, but the datanode 8ad27c18-e1b1-434c-bb09-32fd11380927{ip: 192.168.164.209, host: pr-hdds-2329-pipelines-6tcfk-2810823695, networkLocation: /default-rack, certSerialId: null} reports an CLOSED replica.
2019-10-31 17:52:32,711 [EventQueue-ContainerReportForContainerReportHandler] WARN  container.ContainerReportHandler (AbstractContainerReportHandler.java:updateContainerState(145)) - Container #1 is in OPEN state, but the datanode 3c4b9a55-490e-411c-8712-e94a51e11966{ip: 192.168.164.209, host: pr-hdds-2329-pipelines-6tcfk-2810823695, networkLocation: /default-rack, certSerialId: null} reports an CLOSED replica.
2019-10-31 17:52:32,876 [EventQueue-ContainerReportForContainerReportHandler] WARN  container.ContainerReportHandler (AbstractContainerReportHandler.java:updateContainerState(145)) - Container #1 is in OPEN state, but the datanode 8ad27c18-e1b1-434c-bb09-32fd11380927{ip: 192.168.164.209, host: pr-hdds-2329-pipelines-6tcfk-2810823695, networkLocation: /default-rack, certSerialId: null} reports an CLOSED replica.
2019-10-31 17:52:33,011 [EventQueue-ContainerReportForContainerReportHandler] WARN  container.ContainerReportHandler (AbstractContainerReportHandler.java:updateContainerState(145)) - Container #1 is in OPEN state, but the datanode 3c4b9a55-490e-411c-8712-e94a51e11966{ip: 192.168.164.209, host: pr-hdds-2329-pipelines-6tcfk-2810823695, networkLocation: /default-rack, certSerialId: null} reports an CLOSED replica.
2019-10-31 17:52:33,201 [Thread-399] INFO  client.GrpcClientProtocolService (GrpcClientProtocolService.java:lambda$processClientRequest$0(279)) - Failed RaftClientRequest:client-2E3303FC451C->3c4b9a55-490e-411c-8712-e94a51e11966@group-65D104242C3E, cid=10, seq=0, Watch-ALL_COMMITTED(6), Message:<EMPTY>, reply=RaftClientReply:client-2E3303FC451C->3c4b9a55-490e-411c-8712-e94a51e11966@group-65D104242C3E, cid=10, FAILED org.apache.ratis.protocol.NotLeaderException: Server 3c4b9a55-490e-411c-8712-e94a51e11966@group-65D104242C3E is not the leader 8ad27c18-e1b1-434c-bb09-32fd11380927:192.168.164.209:34436, logIndex=0, commits[3c4b9a55-490e-411c-8712-e94a51e11966:c10, 8ad27c18-e1b1-434c-bb09-32fd11380927:c10, 0b281616-c01c-466a-8a2c-b7dbd5445109:c4]
2019-10-31 17:52:33,215 [EventQueue-ContainerReportForContainerReportHandler] WARN  container.ContainerReportHandler (AbstractContainerReportHandler.java:updateContainerState(145)) - Container #1 is in OPEN state, but the datanode 3c4b9a55-490e-411c-8712-e94a51e11966{ip: 192.168.164.209, host: pr-hdds-2329-pipelines-6tcfk-2810823695, networkLocation: /default-rack, certSerialId: null} reports an CLOSED replica.
2019-10-31 17:52:33,248 [BlockDeletingService#2] WARN  background.BlockDeletingService (BlockDeletingService.java:isDeletionAllowed(187)) - Close Container log Index 6 is not replicated across allthe servers in the pipeline 9d718bf7-db0a-4e77-ab39-65d104242c3e as the min replicated index is 4. Deletion is not allowed in this container yet.
2019-10-31 17:52:33,249 [BlockDeletingService#2] WARN  background.BlockDeletingService (BlockDeletingService.java:isDeletionAllowed(187)) - Close Container log Index 6 is not replicated across allthe servers in the pipeline 9d718bf7-db0a-4e77-ab39-65d104242c3e as the min replicated index is 4. Deletion is not allowed in this container yet.
2019-10-31 17:52:33,277 [EventQueue-ContainerReportForContainerReportHandler] WARN  container.ContainerReportHandler (AbstractContainerReportHandler.java:updateContainerState(145)) - Container #1 is in OPEN state, but the datanode 8ad27c18-e1b1-434c-bb09-32fd11380927{ip: 192.168.164.209, host: pr-hdds-2329-pipelines-6tcfk-2810823695, networkLocation: /default-rack, certSerialId: null} reports an CLOSED replica.
2019-10-31 17:52:33,578 [EventQueue-ContainerReportForContainerReportHandler] WARN  container.ContainerReportHandler (AbstractContainerReportHandler.java:updateContainerState(145)) - Container #1 is in OPEN state, but the datanode 8ad27c18-e1b1-434c-bb09-32fd11380927{ip: 192.168.164.209, host: pr-hdds-2329-pipelines-6tcfk-2810823695, networkLocation: /default-rack, certSerialId: null} reports an CLOSED replica.
2019-10-31 17:52:33,603 [java.util.concurrent.ThreadPoolExecutor$Worker@2e73371a[State = -1, empty queue]] WARN  server.GrpcLogAppender (GrpcLogAppender.java:timeoutAppendRequest(209)) - 8ad27c18-e1b1-434c-bb09-32fd11380927@group-65D104242C3E->0b281616-c01c-466a-8a2c-b7dbd5445109-GrpcLogAppender: appendEntries Timeout, request=8ad27c18-e1b1-434c-bb09-32fd11380927->0b281616-c01c-466a-8a2c-b7dbd5445109#34-t1, previous=(t:1, i:10), leaderCommit=10, initializing? false, entries: <empty>
2019-10-31 17:52:33,614 [EventQueue-ContainerReportForContainerReportHandler] WARN  container.ContainerReportHandler (AbstractContainerReportHandler.java:updateContainerState(145)) - Container #1 is in OPEN state, but the datanode 3c4b9a55-490e-411c-8712-e94a51e11966{ip: 192.168.164.209, host: pr-hdds-2329-pipelines-6tcfk-2810823695, networkLocation: /default-rack, certSerialId: null} reports an CLOSED replica.
2019-10-31 17:52:33,880 [EventQueue-ContainerReportForContainerReportHandler] WARN  container.ContainerReportHandler (AbstractContainerReportHandler.java:updateContainerState(145)) - Container #1 is in OPEN state, but the datanode 8ad27c18-e1b1-434c-bb09-32fd11380927{ip: 192.168.164.209, host: pr-hdds-2329-pipelines-6tcfk-2810823695, networkLocation: /default-rack, certSerialId: null} reports an CLOSED replica.
2019-10-31 17:52:33,914 [EventQueue-ContainerReportForContainerReportHandler] WARN  container.ContainerReportHandler (AbstractContainerReportHandler.java:updateContainerState(145)) - Container #1 is in OPEN state, but the datanode 3c4b9a55-490e-411c-8712-e94a51e11966{ip: 192.168.164.209, host: pr-hdds-2329-pipelines-6tcfk-2810823695, networkLocation: /default-rack, certSerialId: null} reports an CLOSED replica.
2019-10-31 17:52:34,181 [EventQueue-ContainerReportForContainerReportHandler] WARN  container.ContainerReportHandler (AbstractContainerReportHandler.java:updateContainerState(145)) - Container #1 is in OPEN state, but the datanode 8ad27c18-e1b1-434c-bb09-32fd11380927{ip: 192.168.164.209, host: pr-hdds-2329-pipelines-6tcfk-2810823695, networkLocation: /default-rack, certSerialId: null} reports an CLOSED replica.
2019-10-31 17:52:34,214 [EventQueue-ContainerReportForContainerReportHandler] WARN  container.ContainerReportHandler (AbstractContainerReportHandler.java:updateContainerState(145)) - Container #1 is in OPEN state, but the datanode 3c4b9a55-490e-411c-8712-e94a51e11966{ip: 192.168.164.209, host: pr-hdds-2329-pipelines-6tcfk-2810823695, networkLocation: /default-rack, certSerialId: null} reports an CLOSED replica.
2019-10-31 17:52:34,251 [BlockDeletingService#2] WARN  background.BlockDeletingService (BlockDeletingService.java:isDeletionAllowed(187)) - Close Container log Index 6 is not replicated across allthe servers in the pipeline 9d718bf7-db0a-4e77-ab39-65d104242c3e as the min replicated index is 4. Deletion is not allowed in this container yet.
2019-10-31 17:52:34,251 [BlockDeletingService#2] WARN  background.BlockDeletingService (BlockDeletingService.java:isDeletionAllowed(187)) - Close Container log Index 6 is not replicated across allthe servers in the pipeline 9d718bf7-db0a-4e77-ab39-65d104242c3e as the min replicated index is 4. Deletion is not allowed in this container yet.
2019-10-31 17:52:34,515 [EventQueue-ContainerReportForContainerReportHandler] WARN  container.ContainerReportHandler (AbstractContainerReportHandler.java:updateContainerState(145)) - Container #1 is in OPEN state, but the datanode 3c4b9a55-490e-411c-8712-e94a51e11966{ip: 192.168.164.209, host: pr-hdds-2329-pipelines-6tcfk-2810823695, networkLocation: /default-rack, certSerialId: null} reports an CLOSED replica.
2019-10-31 17:52:34,580 [EventQueue-ContainerReportForContainerReportHandler] WARN  container.ContainerReportHandler (AbstractContainerReportHandler.java:updateContainerState(145)) - Container #1 is in OPEN state, but the datanode 8ad27c18-e1b1-434c-bb09-32fd11380927{ip: 192.168.164.209, host: pr-hdds-2329-pipelines-6tcfk-2810823695, networkLocation: /default-rack, certSerialId: null} reports an CLOSED replica.
2019-10-31 17:52:34,683 [Thread-406] INFO  client.GrpcClientProtocolService (GrpcClientProtocolService.java:lambda$processClientRequest$0(279)) - Failed RaftClientRequest:client-2E3303FC451C->8ad27c18-e1b1-434c-bb09-32fd11380927@group-65D104242C3E, cid=10, seq=0, Watch-ALL_COMMITTED(6), Message:<EMPTY>, reply=RaftClientReply:client-2E3303FC451C->8ad27c18-e1b1-434c-bb09-32fd11380927@group-65D104242C3E, cid=10, FAILED org.apache.ratis.protocol.NotReplicatedException: Request with call Id 10 and log index 6 is not yet replicated to ALL_COMMITTED, logIndex=6, commits[8ad27c18-e1b1-434c-bb09-32fd11380927:c10, 3c4b9a55-490e-411c-8712-e94a51e11966:c10, 0b281616-c01c-466a-8a2c-b7dbd5445109:c4]
2019-10-31 17:52:34,782 [EventQueue-ContainerReportForContainerReportHandler] WARN  container.ContainerReportHandler (AbstractContainerReportHandler.java:updateContainerState(145)) - Container #1 is in OPEN state, but the datanode 8ad27c18-e1b1-434c-bb09-32fd11380927{ip: 192.168.164.209, host: pr-hdds-2329-pipelines-6tcfk-2810823695, networkLocation: /default-rack, certSerialId: null} reports an CLOSED replica.
2019-10-31 17:52:34,916 [EventQueue-ContainerReportForContainerReportHandler] WARN  container.ContainerReportHandler (AbstractContainerReportHandler.java:updateContainerState(145)) - Container #1 is in OPEN state, but the datanode 3c4b9a55-490e-411c-8712-e94a51e11966{ip: 192.168.164.209, host: pr-hdds-2329-pipelines-6tcfk-2810823695, networkLocation: /default-rack, certSerialId: null} reports an CLOSED replica.
2019-10-31 17:52:35,083 [EventQueue-ContainerReportForContainerReportHandler] WARN  container.ContainerReportHandler (AbstractContainerReportHandler.java:updateContainerState(145)) - Container #1 is in OPEN state, but the datanode 8ad27c18-e1b1-434c-bb09-32fd11380927{ip: 192.168.164.209, host: pr-hdds-2329-pipelines-6tcfk-2810823695, networkLocation: /default-rack, certSerialId: null} reports an CLOSED replica.
2019-10-31 17:52:35,215 [EventQueue-ContainerReportForContainerReportHandler] WARN  container.ContainerReportHandler (AbstractContainerReportHandler.java:updateContainerState(145)) - Container #1 is in OPEN state, but the datanode 3c4b9a55-490e-411c-8712-e94a51e11966{ip: 192.168.164.209, host: pr-hdds-2329-pipelines-6tcfk-2810823695, networkLocation: /default-rack, certSerialId: null} reports an CLOSED replica.
2019-10-31 17:52:35,254 [BlockDeletingService#2] WARN  background.BlockDeletingService (BlockDeletingService.java:isDeletionAllowed(187)) - Close Container log Index 6 is not replicated across allthe servers in the pipeline 9d718bf7-db0a-4e77-ab39-65d104242c3e as the min replicated index is 4. Deletion is not allowed in this container yet.
2019-10-31 17:52:35,254 [BlockDeletingService#2] WARN  background.BlockDeletingService (BlockDeletingService.java:isDeletionAllowed(187)) - Close Container log Index 6 is not replicated across allthe servers in the pipeline 9d718bf7-db0a-4e77-ab39-65d104242c3e as the min replicated index is 4. Deletion is not allowed in this container yet.
2019-10-31 17:52:35,382 [EventQueue-ContainerReportForContainerReportHandler] WARN  container.ContainerReportHandler (AbstractContainerReportHandler.java:updateContainerState(145)) - Container #1 is in OPEN state, but the datanode 8ad27c18-e1b1-434c-bb09-32fd11380927{ip: 192.168.164.209, host: pr-hdds-2329-pipelines-6tcfk-2810823695, networkLocation: /default-rack, certSerialId: null} reports an CLOSED replica.
2019-10-31 17:52:35,415 [EventQueue-ContainerReportForContainerReportHandler] WARN  container.ContainerReportHandler (AbstractContainerReportHandler.java:updateContainerState(145)) - Container #1 is in OPEN state, but the datanode 3c4b9a55-490e-411c-8712-e94a51e11966{ip: 192.168.164.209, host: pr-hdds-2329-pipelines-6tcfk-2810823695, networkLocation: /default-rack, certSerialId: null} reports an CLOSED replica.
2019-10-31 17:52:35,616 [EventQueue-ContainerReportForContainerReportHandler] WARN  container.ContainerReportHandler (AbstractContainerReportHandler.java:updateContainerState(145)) - Container #1 is in OPEN state, but the datanode 3c4b9a55-490e-411c-8712-e94a51e11966{ip: 192.168.164.209, host: pr-hdds-2329-pipelines-6tcfk-2810823695, networkLocation: /default-rack, certSerialId: null} reports an CLOSED replica.
2019-10-31 17:52:35,682 [EventQueue-ContainerReportForContainerReportHandler] WARN  container.ContainerReportHandler (AbstractContainerReportHandler.java:updateContainerState(145)) - Container #1 is in OPEN state, but the datanode 8ad27c18-e1b1-434c-bb09-32fd11380927{ip: 192.168.164.209, host: pr-hdds-2329-pipelines-6tcfk-2810823695, networkLocation: /default-rack, certSerialId: null} reports an CLOSED replica.
2019-10-31 17:52:35,983 [EventQueue-ContainerReportForContainerReportHandler] WARN  container.ContainerReportHandler (AbstractContainerReportHandler.java:updateContainerState(145)) - Container #1 is in OPEN state, but the datanode 8ad27c18-e1b1-434c-bb09-32fd11380927{ip: 192.168.164.209, host: pr-hdds-2329-pipelines-6tcfk-2810823695, networkLocation: /default-rack, certSerialId: null} reports an CLOSED replica.
2019-10-31 17:52:36,016 [EventQueue-ContainerReportForContainerReportHandler] WARN  container.ContainerReportHandler (AbstractContainerReportHandler.java:updateContainerState(145)) - Container #1 is in OPEN state, but the datanode 3c4b9a55-490e-411c-8712-e94a51e11966{ip: 192.168.164.209, host: pr-hdds-2329-pipelines-6tcfk-2810823695, networkLocation: /default-rack, certSerialId: null} reports an CLOSED replica.
2019-10-31 17:52:36,104 [java.util.concurrent.ThreadPoolExecutor$Worker@2e73371a[State = -1, empty queue]] WARN  server.GrpcLogAppender (GrpcLogAppender.java:timeoutAppendRequest(209)) - 8ad27c18-e1b1-434c-bb09-32fd11380927@group-65D104242C3E->0b281616-c01c-466a-8a2c-b7dbd5445109-GrpcLogAppender: appendEntries Timeout, request=8ad27c18-e1b1-434c-bb09-32fd11380927->0b281616-c01c-466a-8a2c-b7dbd5445109#35-t1, previous=(t:1, i:10), leaderCommit=10, initializing? false, entries: <empty>
2019-10-31 17:52:36,258 [BlockDeletingService#2] WARN  background.BlockDeletingService (BlockDeletingService.java:isDeletionAllowed(187)) - Close Container log Index 6 is not replicated across allthe servers in the pipeline 9d718bf7-db0a-4e77-ab39-65d104242c3e as the min replicated index is 4. Deletion is not allowed in this container yet.
2019-10-31 17:52:36,258 [BlockDeletingService#2] WARN  background.BlockDeletingService (BlockDeletingService.java:isDeletionAllowed(187)) - Close Container log Index 6 is not replicated across allthe servers in the pipeline 9d718bf7-db0a-4e77-ab39-65d104242c3e as the min replicated index is 4. Deletion is not allowed in this container yet.
2019-10-31 17:52:36,284 [EventQueue-ContainerReportForContainerReportHandler] WARN  container.ContainerReportHandler (AbstractContainerReportHandler.java:updateContainerState(145)) - Container #1 is in OPEN state, but the datanode 8ad27c18-e1b1-434c-bb09-32fd11380927{ip: 192.168.164.209, host: pr-hdds-2329-pipelines-6tcfk-2810823695, networkLocation: /default-rack, certSerialId: null} reports an CLOSED replica.
2019-10-31 17:52:36,316 [EventQueue-ContainerReportForContainerReportHandler] WARN  container.ContainerReportHandler (AbstractContainerReportHandler.java:updateContainerState(145)) - Container #1 is in OPEN state, but the datanode 3c4b9a55-490e-411c-8712-e94a51e11966{ip: 192.168.164.209, host: pr-hdds-2329-pipelines-6tcfk-2810823695, networkLocation: /default-rack, certSerialId: null} reports an CLOSED replica.
2019-10-31 17:52:36,618 [EventQueue-ContainerReportForContainerReportHandler] WARN  container.ContainerReportHandler (AbstractContainerReportHandler.java:updateContainerState(145)) - Container #1 is in OPEN state, but the datanode 3c4b9a55-490e-411c-8712-e94a51e11966{ip: 192.168.164.209, host: pr-hdds-2329-pipelines-6tcfk-2810823695, networkLocation: /default-rack, certSerialId: null} reports an CLOSED replica.
2019-10-31 17:52:36,684 [EventQueue-ContainerReportForContainerReportHandler] WARN  container.ContainerReportHandler (AbstractContainerReportHandler.java:updateContainerState(145)) - Container #1 is in OPEN state, but the datanode 8ad27c18-e1b1-434c-bb09-32fd11380927{ip: 192.168.164.209, host: pr-hdds-2329-pipelines-6tcfk-2810823695, networkLocation: /default-rack, certSerialId: null} reports an CLOSED replica.
2019-10-31 17:52:36,919 [EventQueue-ContainerReportForContainerReportHandler] WARN  container.ContainerReportHandler (AbstractContainerReportHandler.java:updateContainerState(145)) - Container #1 is in OPEN state, but the datanode 3c4b9a55-490e-411c-8712-e94a51e11966{ip: 192.168.164.209, host: pr-hdds-2329-pipelines-6tcfk-2810823695, networkLocation: /default-rack, certSerialId: null} reports an CLOSED replica.
2019-10-31 17:52:36,984 [EventQueue-ContainerReportForContainerReportHandler] WARN  container.ContainerReportHandler (AbstractContainerReportHandler.java:updateContainerState(145)) - Container #1 is in OPEN state, but the datanode 8ad27c18-e1b1-434c-bb09-32fd11380927{ip: 192.168.164.209, host: pr-hdds-2329-pipelines-6tcfk-2810823695, networkLocation: /default-rack, certSerialId: null} reports an CLOSED replica.
2019-10-31 17:52:37,260 [BlockDeletingService#2] WARN  background.BlockDeletingService (BlockDeletingService.java:isDeletionAllowed(187)) - Close Container log Index 6 is not replicated across allthe servers in the pipeline 9d718bf7-db0a-4e77-ab39-65d104242c3e as the min replicated index is 4. Deletion is not allowed in this container yet.
2019-10-31 17:52:37,260 [BlockDeletingService#2] WARN  background.BlockDeletingService (BlockDeletingService.java:isDeletionAllowed(187)) - Close Container log Index 6 is not replicated across allthe servers in the pipeline 9d718bf7-db0a-4e77-ab39-65d104242c3e as the min replicated index is 4. Deletion is not allowed in this container yet.
2019-10-31 17:52:37,285 [EventQueue-ContainerReportForContainerReportHandler] WARN  container.ContainerReportHandler (AbstractContainerReportHandler.java:updateContainerState(145)) - Container #1 is in OPEN state, but the datanode 8ad27c18-e1b1-434c-bb09-32fd11380927{ip: 192.168.164.209, host: pr-hdds-2329-pipelines-6tcfk-2810823695, networkLocation: /default-rack, certSerialId: null} reports an CLOSED replica.
2019-10-31 17:52:37,318 [EventQueue-ContainerReportForContainerReportHandler] WARN  container.ContainerReportHandler (AbstractContainerReportHandler.java:updateContainerState(145)) - Container #1 is in OPEN state, but the datanode 3c4b9a55-490e-411c-8712-e94a51e11966{ip: 192.168.164.209, host: pr-hdds-2329-pipelines-6tcfk-2810823695, networkLocation: /default-rack, certSerialId: null} reports an CLOSED replica.
2019-10-31 17:52:37,519 [EventQueue-ContainerReportForContainerReportHandler] WARN  container.ContainerReportHandler (AbstractContainerReportHandler.java:updateContainerState(145)) - Container #1 is in OPEN state, but the datanode 3c4b9a55-490e-411c-8712-e94a51e11966{ip: 192.168.164.209, host: pr-hdds-2329-pipelines-6tcfk-2810823695, networkLocation: /default-rack, certSerialId: null} reports an CLOSED replica.
2019-10-31 17:52:37,586 [EventQueue-ContainerReportForContainerReportHandler] WARN  container.ContainerReportHandler (AbstractContainerReportHandler.java:updateContainerState(145)) - Container #1 is in OPEN state, but the datanode 8ad27c18-e1b1-434c-bb09-32fd11380927{ip: 192.168.164.209, host: pr-hdds-2329-pipelines-6tcfk-2810823695, networkLocation: /default-rack, certSerialId: null} reports an CLOSED replica.
2019-10-31 17:52:37,719 [EventQueue-ContainerReportForContainerReportHandler] WARN  container.ContainerReportHandler (AbstractContainerReportHandler.java:updateContainerState(145)) - Container #1 is in OPEN state, but the datanode 3c4b9a55-490e-411c-8712-e94a51e11966{ip: 192.168.164.209, host: pr-hdds-2329-pipelines-6tcfk-2810823695, networkLocation: /default-rack, certSerialId: null} reports an CLOSED replica.
2019-10-31 17:52:37,887 [EventQueue-ContainerReportForContainerReportHandler] WARN  container.ContainerReportHandler (AbstractContainerReportHandler.java:updateContainerState(145)) - Container #1 is in OPEN state, but the datanode 8ad27c18-e1b1-434c-bb09-32fd11380927{ip: 192.168.164.209, host: pr-hdds-2329-pipelines-6tcfk-2810823695, networkLocation: /default-rack, certSerialId: null} reports an CLOSED replica.
2019-10-31 17:52:38,019 [EventQueue-ContainerReportForContainerReportHandler] WARN  container.ContainerReportHandler (AbstractContainerReportHandler.java:updateContainerState(145)) - Container #1 is in OPEN state, but the datanode 3c4b9a55-490e-411c-8712-e94a51e11966{ip: 192.168.164.209, host: pr-hdds-2329-pipelines-6tcfk-2810823695, networkLocation: /default-rack, certSerialId: null} reports an CLOSED replica.
2019-10-31 17:52:38,086 [EventQueue-ContainerReportForContainerReportHandler] WARN  container.ContainerReportHandler (AbstractContainerReportHandler.java:updateContainerState(145)) - Container #1 is in OPEN state, but the datanode 8ad27c18-e1b1-434c-bb09-32fd11380927{ip: 192.168.164.209, host: pr-hdds-2329-pipelines-6tcfk-2810823695, networkLocation: /default-rack, certSerialId: null} reports an CLOSED replica.
2019-10-31 17:52:38,263 [BlockDeletingService#2] WARN  background.BlockDeletingService (BlockDeletingService.java:isDeletionAllowed(187)) - Close Container log Index 6 is not replicated across allthe servers in the pipeline 9d718bf7-db0a-4e77-ab39-65d104242c3e as the min replicated index is 4. Deletion is not allowed in this container yet.
2019-10-31 17:52:38,263 [BlockDeletingService#2] WARN  background.BlockDeletingService (BlockDeletingService.java:isDeletionAllowed(187)) - Close Container log Index 6 is not replicated across allthe servers in the pipeline 9d718bf7-db0a-4e77-ab39-65d104242c3e as the min replicated index is 4. Deletion is not allowed in this container yet.
2019-10-31 17:52:38,287 [EventQueue-ContainerReportForContainerReportHandler] WARN  container.ContainerReportHandler (AbstractContainerReportHandler.java:updateContainerState(145)) - Container #1 is in OPEN state, but the datanode 8ad27c18-e1b1-434c-bb09-32fd11380927{ip: 192.168.164.209, host: pr-hdds-2329-pipelines-6tcfk-2810823695, networkLocation: /default-rack, certSerialId: null} reports an CLOSED replica.
2019-10-31 17:52:38,321 [EventQueue-ContainerReportForContainerReportHandler] WARN  container.ContainerReportHandler (AbstractContainerReportHandler.java:updateContainerState(145)) - Container #1 is in OPEN state, but the datanode 3c4b9a55-490e-411c-8712-e94a51e11966{ip: 192.168.164.209, host: pr-hdds-2329-pipelines-6tcfk-2810823695, networkLocation: /default-rack, certSerialId: null} reports an CLOSED replica.
2019-10-31 17:52:38,589 [EventQueue-ContainerReportForContainerReportHandler] WARN  container.ContainerReportHandler (AbstractContainerReportHandler.java:updateContainerState(145)) - Container #1 is in OPEN state, but the datanode 8ad27c18-e1b1-434c-bb09-32fd11380927{ip: 192.168.164.209, host: pr-hdds-2329-pipelines-6tcfk-2810823695, networkLocation: /default-rack, certSerialId: null} reports an CLOSED replica.
2019-10-31 17:52:38,607 [java.util.concurrent.ThreadPoolExecutor$Worker@2e73371a[State = -1, empty queue]] WARN  server.GrpcLogAppender (GrpcLogAppender.java:timeoutAppendRequest(209)) - 8ad27c18-e1b1-434c-bb09-32fd11380927@group-65D104242C3E->0b281616-c01c-466a-8a2c-b7dbd5445109-GrpcLogAppender: appendEntries Timeout, request=8ad27c18-e1b1-434c-bb09-32fd11380927->0b281616-c01c-466a-8a2c-b7dbd5445109#36-t1, previous=(t:1, i:10), leaderCommit=10, initializing? false, entries: <empty>
2019-10-31 17:52:38,624 [EventQueue-ContainerReportForContainerReportHandler] WARN  container.ContainerReportHandler (AbstractContainerReportHandler.java:updateContainerState(145)) - Container #1 is in OPEN state, but the datanode 3c4b9a55-490e-411c-8712-e94a51e11966{ip: 192.168.164.209, host: pr-hdds-2329-pipelines-6tcfk-2810823695, networkLocation: /default-rack, certSerialId: null} reports an CLOSED replica.
2019-10-31 17:52:38,824 [EventQueue-ContainerReportForContainerReportHandler] WARN  container.ContainerReportHandler (AbstractContainerReportHandler.java:updateContainerState(145)) - Container #1 is in OPEN state, but the datanode 3c4b9a55-490e-411c-8712-e94a51e11966{ip: 192.168.164.209, host: pr-hdds-2329-pipelines-6tcfk-2810823695, networkLocation: /default-rack, certSerialId: null} reports an CLOSED replica.
2019-10-31 17:52:38,989 [EventQueue-ContainerReportForContainerReportHandler] WARN  container.ContainerReportHandler (AbstractContainerReportHandler.java:updateContainerState(145)) - Container #1 is in OPEN state, but the datanode 8ad27c18-e1b1-434c-bb09-32fd11380927{ip: 192.168.164.209, host: pr-hdds-2329-pipelines-6tcfk-2810823695, networkLocation: /default-rack, certSerialId: null} reports an CLOSED replica.
2019-10-31 17:52:39,125 [EventQueue-ContainerReportForContainerReportHandler] WARN  container.ContainerReportHandler (AbstractContainerReportHandler.java:updateContainerState(145)) - Container #1 is in OPEN state, but the datanode 3c4b9a55-490e-411c-8712-e94a51e11966{ip: 192.168.164.209, host: pr-hdds-2329-pipelines-6tcfk-2810823695, networkLocation: /default-rack, certSerialId: null} reports an CLOSED replica.
2019-10-31 17:52:39,265 [BlockDeletingService#2] WARN  background.BlockDeletingService (BlockDeletingService.java:isDeletionAllowed(187)) - Close Container log Index 6 is not replicated across allthe servers in the pipeline 9d718bf7-db0a-4e77-ab39-65d104242c3e as the min replicated index is 4. Deletion is not allowed in this container yet.
2019-10-31 17:52:39,266 [BlockDeletingService#2] WARN  background.BlockDeletingService (BlockDeletingService.java:isDeletionAllowed(187)) - Close Container log Index 6 is not replicated across allthe servers in the pipeline 9d718bf7-db0a-4e77-ab39-65d104242c3e as the min replicated index is 4. Deletion is not allowed in this container yet.
2019-10-31 17:52:39,289 [EventQueue-ContainerReportForContainerReportHandler] WARN  container.ContainerReportHandler (AbstractContainerReportHandler.java:updateContainerState(145)) - Container #1 is in OPEN state, but the datanode 8ad27c18-e1b1-434c-bb09-32fd11380927{ip: 192.168.164.209, host: pr-hdds-2329-pipelines-6tcfk-2810823695, networkLocation: /default-rack, certSerialId: null} reports an CLOSED replica.
2019-10-31 17:52:39,491 [EventQueue-ContainerReportForContainerReportHandler] WARN  container.ContainerReportHandler (AbstractContainerReportHandler.java:updateContainerState(145)) - Container #1 is in OPEN state, but the datanode 8ad27c18-e1b1-434c-bb09-32fd11380927{ip: 192.168.164.209, host: pr-hdds-2329-pipelines-6tcfk-2810823695, networkLocation: /default-rack, certSerialId: null} reports an CLOSED replica.
2019-10-31 17:52:39,524 [EventQueue-ContainerReportForContainerReportHandler] WARN  container.ContainerReportHandler (AbstractContainerReportHandler.java:updateContainerState(145)) - Container #1 is in OPEN state, but the datanode 3c4b9a55-490e-411c-8712-e94a51e11966{ip: 192.168.164.209, host: pr-hdds-2329-pipelines-6tcfk-2810823695, networkLocation: /default-rack, certSerialId: null} reports an CLOSED replica.
2019-10-31 17:52:39,825 [EventQueue-ContainerReportForContainerReportHandler] WARN  container.ContainerReportHandler (AbstractContainerReportHandler.java:updateContainerState(145)) - Container #1 is in OPEN state, but the datanode 3c4b9a55-490e-411c-8712-e94a51e11966{ip: 192.168.164.209, host: pr-hdds-2329-pipelines-6tcfk-2810823695, networkLocation: /default-rack, certSerialId: null} reports an CLOSED replica.
2019-10-31 17:52:39,891 [EventQueue-ContainerReportForContainerReportHandler] WARN  container.ContainerReportHandler (AbstractContainerReportHandler.java:updateContainerState(145)) - Container #1 is in OPEN state, but the datanode 8ad27c18-e1b1-434c-bb09-32fd11380927{ip: 192.168.164.209, host: pr-hdds-2329-pipelines-6tcfk-2810823695, networkLocation: /default-rack, certSerialId: null} reports an CLOSED replica.
2019-10-31 17:52:40,191 [EventQueue-ContainerReportForContainerReportHandler] WARN  container.ContainerReportHandler (AbstractContainerReportHandler.java:updateContainerState(145)) - Container #1 is in OPEN state, but the datanode 8ad27c18-e1b1-434c-bb09-32fd11380927{ip: 192.168.164.209, host: pr-hdds-2329-pipelines-6tcfk-2810823695, networkLocation: /default-rack, certSerialId: null} reports an CLOSED replica.
2019-10-31 17:52:40,228 [EventQueue-ContainerReportForContainerReportHandler] WARN  container.ContainerReportHandler (AbstractContainerReportHandler.java:updateContainerState(145)) - Container #1 is in OPEN state, but the datanode 3c4b9a55-490e-411c-8712-e94a51e11966{ip: 192.168.164.209, host: pr-hdds-2329-pipelines-6tcfk-2810823695, networkLocation: /default-rack, certSerialId: null} reports an CLOSED replica.
2019-10-31 17:52:40,269 [BlockDeletingService#2] WARN  background.BlockDeletingService (BlockDeletingService.java:isDeletionAllowed(187)) - Close Container log Index 6 is not replicated across allthe servers in the pipeline 9d718bf7-db0a-4e77-ab39-65d104242c3e as the min replicated index is 4. Deletion is not allowed in this container yet.
2019-10-31 17:52:40,269 [BlockDeletingService#2] WARN  background.BlockDeletingService (BlockDeletingService.java:isDeletionAllowed(187)) - Close Container log Index 6 is not replicated across allthe servers in the pipeline 9d718bf7-db0a-4e77-ab39-65d104242c3e as the min replicated index is 4. Deletion is not allowed in this container yet.
2019-10-31 17:52:40,526 [EventQueue-ContainerReportForContainerReportHandler] WARN  container.ContainerReportHandler (AbstractContainerReportHandler.java:updateContainerState(145)) - Container #1 is in OPEN state, but the datanode 3c4b9a55-490e-411c-8712-e94a51e11966{ip: 192.168.164.209, host: pr-hdds-2329-pipelines-6tcfk-2810823695, networkLocation: /default-rack, certSerialId: null} reports an CLOSED replica.
2019-10-31 17:52:40,591 [EventQueue-ContainerReportForContainerReportHandler] WARN  container.ContainerReportHandler (AbstractContainerReportHandler.java:updateContainerState(145)) - Container #1 is in OPEN state, but the datanode 8ad27c18-e1b1-434c-bb09-32fd11380927{ip: 192.168.164.209, host: pr-hdds-2329-pipelines-6tcfk-2810823695, networkLocation: /default-rack, certSerialId: null} reports an CLOSED replica.
2019-10-31 17:52:40,926 [EventQueue-ContainerReportForContainerReportHandler] WARN  container.ContainerReportHandler (AbstractContainerReportHandler.java:updateContainerState(145)) - Container #1 is in OPEN state, but the datanode 3c4b9a55-490e-411c-8712-e94a51e11966{ip: 192.168.164.209, host: pr-hdds-2329-pipelines-6tcfk-2810823695, networkLocation: /default-rack, certSerialId: null} reports an CLOSED replica.
2019-10-31 17:52:40,993 [EventQueue-ContainerReportForContainerReportHandler] WARN  container.ContainerReportHandler (AbstractContainerReportHandler.java:updateContainerState(145)) - Container #1 is in OPEN state, but the datanode 8ad27c18-e1b1-434c-bb09-32fd11380927{ip: 192.168.164.209, host: pr-hdds-2329-pipelines-6tcfk-2810823695, networkLocation: /default-rack, certSerialId: null} reports an CLOSED replica.
2019-10-31 17:52:41,108 [java.util.concurrent.ThreadPoolExecutor$Worker@2e73371a[State = -1, empty queue]] WARN  server.GrpcLogAppender (GrpcLogAppender.java:timeoutAppendRequest(209)) - 8ad27c18-e1b1-434c-bb09-32fd11380927@group-65D104242C3E->0b281616-c01c-466a-8a2c-b7dbd5445109-GrpcLogAppender: appendEntries Timeout, request=8ad27c18-e1b1-434c-bb09-32fd11380927->0b281616-c01c-466a-8a2c-b7dbd5445109#37-t1, previous=(t:1, i:10), leaderCommit=10, initializing? false, entries: <empty>
2019-10-31 17:52:41,126 [EventQueue-ContainerReportForContainerReportHandler] WARN  container.ContainerReportHandler (AbstractContainerReportHandler.java:updateContainerState(145)) - Container #1 is in OPEN state, but the datanode 3c4b9a55-490e-411c-8712-e94a51e11966{ip: 192.168.164.209, host: pr-hdds-2329-pipelines-6tcfk-2810823695, networkLocation: /default-rack, certSerialId: null} reports an CLOSED replica.
2019-10-31 17:52:41,271 [BlockDeletingService#2] WARN  background.BlockDeletingService (BlockDeletingService.java:isDeletionAllowed(187)) - Close Container log Index 6 is not replicated across allthe servers in the pipeline 9d718bf7-db0a-4e77-ab39-65d104242c3e as the min replicated index is 4. Deletion is not allowed in this container yet.
2019-10-31 17:52:41,271 [BlockDeletingService#2] WARN  background.BlockDeletingService (BlockDeletingService.java:isDeletionAllowed(187)) - Close Container log Index 6 is not replicated across allthe servers in the pipeline 9d718bf7-db0a-4e77-ab39-65d104242c3e as the min replicated index is 4. Deletion is not allowed in this container yet.
2019-10-31 17:52:41,293 [EventQueue-ContainerReportForContainerReportHandler] WARN  container.ContainerReportHandler (AbstractContainerReportHandler.java:updateContainerState(145)) - Container #1 is in OPEN state, but the datanode 8ad27c18-e1b1-434c-bb09-32fd11380927{ip: 192.168.164.209, host: pr-hdds-2329-pipelines-6tcfk-2810823695, networkLocation: /default-rack, certSerialId: null} reports an CLOSED replica.
2019-10-31 17:52:41,527 [EventQueue-ContainerReportForContainerReportHandler] WARN  container.ContainerReportHandler (AbstractContainerReportHandler.java:updateContainerState(145)) - Container #1 is in OPEN state, but the datanode 3c4b9a55-490e-411c-8712-e94a51e11966{ip: 192.168.164.209, host: pr-hdds-2329-pipelines-6tcfk-2810823695, networkLocation: /default-rack, certSerialId: null} reports an CLOSED replica.
2019-10-31 17:52:41,594 [EventQueue-ContainerReportForContainerReportHandler] WARN  container.ContainerReportHandler (AbstractContainerReportHandler.java:updateContainerState(145)) - Container #1 is in OPEN state, but the datanode 8ad27c18-e1b1-434c-bb09-32fd11380927{ip: 192.168.164.209, host: pr-hdds-2329-pipelines-6tcfk-2810823695, networkLocation: /default-rack, certSerialId: null} reports an CLOSED replica.
2019-10-31 17:52:41,727 [EventQueue-ContainerReportForContainerReportHandler] WARN  container.ContainerReportHandler (AbstractContainerReportHandler.java:updateContainerState(145)) - Container #1 is in OPEN state, but the datanode 3c4b9a55-490e-411c-8712-e94a51e11966{ip: 192.168.164.209, host: pr-hdds-2329-pipelines-6tcfk-2810823695, networkLocation: /default-rack, certSerialId: null} reports an CLOSED replica.
2019-10-31 17:52:41,994 [EventQueue-ContainerReportForContainerReportHandler] WARN  container.ContainerReportHandler (AbstractContainerReportHandler.java:updateContainerState(145)) - Container #1 is in OPEN state, but the datanode 8ad27c18-e1b1-434c-bb09-32fd11380927{ip: 192.168.164.209, host: pr-hdds-2329-pipelines-6tcfk-2810823695, networkLocation: /default-rack, certSerialId: null} reports an CLOSED replica.
2019-10-31 17:52:42,027 [EventQueue-ContainerReportForContainerReportHandler] WARN  container.ContainerReportHandler (AbstractContainerReportHandler.java:updateContainerState(145)) - Container #1 is in OPEN state, but the datanode 3c4b9a55-490e-411c-8712-e94a51e11966{ip: 192.168.164.209, host: pr-hdds-2329-pipelines-6tcfk-2810823695, networkLocation: /default-rack, certSerialId: null} reports an CLOSED replica.
2019-10-31 17:52:42,227 [EventQueue-ContainerReportForContainerReportHandler] WARN  container.ContainerReportHandler (AbstractContainerReportHandler.java:updateContainerState(145)) - Container #1 is in OPEN state, but the datanode 3c4b9a55-490e-411c-8712-e94a51e11966{ip: 192.168.164.209, host: pr-hdds-2329-pipelines-6tcfk-2810823695, networkLocation: /default-rack, certSerialId: null} reports an CLOSED replica.
2019-10-31 17:52:42,272 [BlockDeletingService#2] WARN  background.BlockDeletingService (BlockDeletingService.java:isDeletionAllowed(187)) - Close Container log Index 6 is not replicated across allthe servers in the pipeline 9d718bf7-db0a-4e77-ab39-65d104242c3e as the min replicated index is 4. Deletion is not allowed in this container yet.
2019-10-31 17:52:42,272 [BlockDeletingService#2] WARN  background.BlockDeletingService (BlockDeletingService.java:isDeletionAllowed(187)) - Close Container log Index 6 is not replicated across allthe servers in the pipeline 9d718bf7-db0a-4e77-ab39-65d104242c3e as the min replicated index is 4. Deletion is not allowed in this container yet.
2019-10-31 17:52:42,294 [EventQueue-ContainerReportForContainerReportHandler] WARN  container.ContainerReportHandler (AbstractContainerReportHandler.java:updateContainerState(145)) - Container #1 is in OPEN state, but the datanode 8ad27c18-e1b1-434c-bb09-32fd11380927{ip: 192.168.164.209, host: pr-hdds-2329-pipelines-6tcfk-2810823695, networkLocation: /default-rack, certSerialId: null} reports an CLOSED replica.
2019-10-31 17:52:42,595 [EventQueue-ContainerReportForContainerReportHandler] WARN  container.ContainerReportHandler (AbstractContainerReportHandler.java:updateContainerState(145)) - Container #1 is in OPEN state, but the datanode 8ad27c18-e1b1-434c-bb09-32fd11380927{ip: 192.168.164.209, host: pr-hdds-2329-pipelines-6tcfk-2810823695, networkLocation: /default-rack, certSerialId: null} reports an CLOSED replica.
2019-10-31 17:52:42,627 [EventQueue-ContainerReportForContainerReportHandler] WARN  container.ContainerReportHandler (AbstractContainerReportHandler.java:updateContainerState(145)) - Container #1 is in OPEN state, but the datanode 3c4b9a55-490e-411c-8712-e94a51e11966{ip: 192.168.164.209, host: pr-hdds-2329-pipelines-6tcfk-2810823695, networkLocation: /default-rack, certSerialId: null} reports an CLOSED replica.
2019-10-31 17:52:42,827 [EventQueue-ContainerReportForContainerReportHandler] WARN  container.ContainerReportHandler (AbstractContainerReportHandler.java:updateContainerState(145)) - Container #1 is in OPEN state, but the datanode 3c4b9a55-490e-411c-8712-e94a51e11966{ip: 192.168.164.209, host: pr-hdds-2329-pipelines-6tcfk-2810823695, networkLocation: /default-rack, certSerialId: null} reports an CLOSED replica.
2019-10-31 17:52:42,895 [EventQueue-ContainerReportForContainerReportHandler] WARN  container.ContainerReportHandler (AbstractContainerReportHandler.java:updateContainerState(145)) - Container #1 is in OPEN state, but the datanode 8ad27c18-e1b1-434c-bb09-32fd11380927{ip: 192.168.164.209, host: pr-hdds-2329-pipelines-6tcfk-2810823695, networkLocation: /default-rack, certSerialId: null} reports an CLOSED replica.
2019-10-31 17:52:43,128 [EventQueue-ContainerReportForContainerReportHandler] WARN  container.ContainerReportHandler (AbstractContainerReportHandler.java:updateContainerState(145)) - Container #1 is in OPEN state, but the datanode 3c4b9a55-490e-411c-8712-e94a51e11966{ip: 192.168.164.209, host: pr-hdds-2329-pipelines-6tcfk-2810823695, networkLocation: /default-rack, certSerialId: null} reports an CLOSED replica.
2019-10-31 17:52:43,250 [Thread-431] INFO  client.GrpcClientProtocolService (GrpcClientProtocolService.java:lambda$processClientRequest$0(279)) - Failed RaftClientRequest:client-2E3303FC451C->3c4b9a55-490e-411c-8712-e94a51e11966@group-65D104242C3E, cid=10, seq=0, Watch-ALL_COMMITTED(6), Message:<EMPTY>, reply=RaftClientReply:client-2E3303FC451C->3c4b9a55-490e-411c-8712-e94a51e11966@group-65D104242C3E, cid=10, FAILED org.apache.ratis.protocol.NotLeaderException: Server 3c4b9a55-490e-411c-8712-e94a51e11966@group-65D104242C3E is not the leader 8ad27c18-e1b1-434c-bb09-32fd11380927:192.168.164.209:34436, logIndex=0, commits[3c4b9a55-490e-411c-8712-e94a51e11966:c10, 8ad27c18-e1b1-434c-bb09-32fd11380927:c10, 0b281616-c01c-466a-8a2c-b7dbd5445109:c4]
2019-10-31 17:52:43,273 [BlockDeletingService#2] WARN  background.BlockDeletingService (BlockDeletingService.java:isDeletionAllowed(187)) - Close Container log Index 6 is not replicated across allthe servers in the pipeline 9d718bf7-db0a-4e77-ab39-65d104242c3e as the min replicated index is 4. Deletion is not allowed in this container yet.
2019-10-31 17:52:43,274 [BlockDeletingService#2] WARN  background.BlockDeletingService (BlockDeletingService.java:isDeletionAllowed(187)) - Close Container log Index 6 is not replicated across allthe servers in the pipeline 9d718bf7-db0a-4e77-ab39-65d104242c3e as the min replicated index is 4. Deletion is not allowed in this container yet.
2019-10-31 17:52:43,294 [EventQueue-ContainerReportForContainerReportHandler] WARN  container.ContainerReportHandler (AbstractContainerReportHandler.java:updateContainerState(145)) - Container #1 is in OPEN state, but the datanode 8ad27c18-e1b1-434c-bb09-32fd11380927{ip: 192.168.164.209, host: pr-hdds-2329-pipelines-6tcfk-2810823695, networkLocation: /default-rack, certSerialId: null} reports an CLOSED replica.
2019-10-31 17:52:43,428 [EventQueue-ContainerReportForContainerReportHandler] WARN  container.ContainerReportHandler (AbstractContainerReportHandler.java:updateContainerState(145)) - Container #1 is in OPEN state, but the datanode 3c4b9a55-490e-411c-8712-e94a51e11966{ip: 192.168.164.209, host: pr-hdds-2329-pipelines-6tcfk-2810823695, networkLocation: /default-rack, certSerialId: null} reports an CLOSED replica.
2019-10-31 17:52:43,595 [EventQueue-ContainerReportForContainerReportHandler] WARN  container.ContainerReportHandler (AbstractContainerReportHandler.java:updateContainerState(145)) - Container #1 is in OPEN state, but the datanode 8ad27c18-e1b1-434c-bb09-32fd11380927{ip: 192.168.164.209, host: pr-hdds-2329-pipelines-6tcfk-2810823695, networkLocation: /default-rack, certSerialId: null} reports an CLOSED replica.
2019-10-31 17:52:43,611 [java.util.concurrent.ThreadPoolExecutor$Worker@2e73371a[State = -1, empty queue]] WARN  server.GrpcLogAppender (GrpcLogAppender.java:timeoutAppendRequest(209)) - 8ad27c18-e1b1-434c-bb09-32fd11380927@group-65D104242C3E->0b281616-c01c-466a-8a2c-b7dbd5445109-GrpcLogAppender: appendEntries Timeout, request=8ad27c18-e1b1-434c-bb09-32fd11380927->0b281616-c01c-466a-8a2c-b7dbd5445109#38-t1, previous=(t:1, i:10), leaderCommit=10, initializing? false, entries: <empty>
2019-10-31 17:52:43,628 [EventQueue-ContainerReportForContainerReportHandler] WARN  container.ContainerReportHandler (AbstractContainerReportHandler.java:updateContainerState(145)) - Container #1 is in OPEN state, but the datanode 3c4b9a55-490e-411c-8712-e94a51e11966{ip: 192.168.164.209, host: pr-hdds-2329-pipelines-6tcfk-2810823695, networkLocation: /default-rack, certSerialId: null} reports an CLOSED replica.
2019-10-31 17:52:43,683 [Thread-436] INFO  client.GrpcClientProtocolService (GrpcClientProtocolService.java:lambda$processClientRequest$0(279)) - Failed RaftClientRequest:client-2E3303FC451C->8ad27c18-e1b1-434c-bb09-32fd11380927@group-65D104242C3E, cid=10, seq=0, Watch-ALL_COMMITTED(6), Message:<EMPTY>, reply=RaftClientReply:client-2E3303FC451C->8ad27c18-e1b1-434c-bb09-32fd11380927@group-65D104242C3E, cid=10, FAILED org.apache.ratis.protocol.NotReplicatedException: Request with call Id 10 and log index 6 is not yet replicated to ALL_COMMITTED, logIndex=6, commits[8ad27c18-e1b1-434c-bb09-32fd11380927:c10, 3c4b9a55-490e-411c-8712-e94a51e11966:c10, 0b281616-c01c-466a-8a2c-b7dbd5445109:c4]
2019-10-31 17:52:43,928 [EventQueue-ContainerReportForContainerReportHandler] WARN  container.ContainerReportHandler (AbstractContainerReportHandler.java:updateContainerState(145)) - Container #1 is in OPEN state, but the datanode 3c4b9a55-490e-411c-8712-e94a51e11966{ip: 192.168.164.209, host: pr-hdds-2329-pipelines-6tcfk-2810823695, networkLocation: /default-rack, certSerialId: null} reports an CLOSED replica.
2019-10-31 17:52:43,995 [EventQueue-ContainerReportForContainerReportHandler] WARN  container.ContainerReportHandler (AbstractContainerReportHandler.java:updateContainerState(145)) - Container #1 is in OPEN state, but the datanode 8ad27c18-e1b1-434c-bb09-32fd11380927{ip: 192.168.164.209, host: pr-hdds-2329-pipelines-6tcfk-2810823695, networkLocation: /default-rack, certSerialId: null} reports an CLOSED replica.
2019-10-31 17:52:44,228 [EventQueue-ContainerReportForContainerReportHandler] WARN  container.ContainerReportHandler (AbstractContainerReportHandler.java:updateContainerState(145)) - Container #1 is in OPEN state, but the datanode 3c4b9a55-490e-411c-8712-e94a51e11966{ip: 192.168.164.209, host: pr-hdds-2329-pipelines-6tcfk-2810823695, networkLocation: /default-rack, certSerialId: null} reports an CLOSED replica.
2019-10-31 17:52:44,275 [BlockDeletingService#2] WARN  background.BlockDeletingService (BlockDeletingService.java:isDeletionAllowed(187)) - Close Container log Index 6 is not replicated across allthe servers in the pipeline 9d718bf7-db0a-4e77-ab39-65d104242c3e as the min replicated index is 4. Deletion is not allowed in this container yet.
2019-10-31 17:52:44,278 [BlockDeletingService#2] WARN  background.BlockDeletingService (BlockDeletingService.java:isDeletionAllowed(187)) - Close Container log Index 6 is not replicated across allthe servers in the pipeline 9d718bf7-db0a-4e77-ab39-65d104242c3e as the min replicated index is 4. Deletion is not allowed in this container yet.
2019-10-31 17:52:44,397 [EventQueue-ContainerReportForContainerReportHandler] WARN  container.ContainerReportHandler (AbstractContainerReportHandler.java:updateContainerState(145)) - Container #1 is in OPEN state, but the datanode 8ad27c18-e1b1-434c-bb09-32fd11380927{ip: 192.168.164.209, host: pr-hdds-2329-pipelines-6tcfk-2810823695, networkLocation: /default-rack, certSerialId: null} reports an CLOSED replica.
2019-10-31 17:52:44,429 [EventQueue-ContainerReportForContainerReportHandler] WARN  container.ContainerReportHandler (AbstractContainerReportHandler.java:updateContainerState(145)) - Container #1 is in OPEN state, but the datanode 3c4b9a55-490e-411c-8712-e94a51e11966{ip: 192.168.164.209, host: pr-hdds-2329-pipelines-6tcfk-2810823695, networkLocation: /default-rack, certSerialId: null} reports an CLOSED replica.
2019-10-31 17:52:44,596 [EventQueue-ContainerReportForContainerReportHandler] WARN  container.ContainerReportHandler (AbstractContainerReportHandler.java:updateContainerState(145)) - Container #1 is in OPEN state, but the datanode 8ad27c18-e1b1-434c-bb09-32fd11380927{ip: 192.168.164.209, host: pr-hdds-2329-pipelines-6tcfk-2810823695, networkLocation: /default-rack, certSerialId: null} reports an CLOSED replica.
2019-10-31 17:52:44,828 [EventQueue-ContainerReportForContainerReportHandler] WARN  container.ContainerReportHandler (AbstractContainerReportHandler.java:updateContainerState(145)) - Container #1 is in OPEN state, but the datanode 3c4b9a55-490e-411c-8712-e94a51e11966{ip: 192.168.164.209, host: pr-hdds-2329-pipelines-6tcfk-2810823695, networkLocation: /default-rack, certSerialId: null} reports an CLOSED replica.
2019-10-31 17:52:44,895 [EventQueue-ContainerReportForContainerReportHandler] WARN  container.ContainerReportHandler (AbstractContainerReportHandler.java:updateContainerState(145)) - Container #1 is in OPEN state, but the datanode 8ad27c18-e1b1-434c-bb09-32fd11380927{ip: 192.168.164.209, host: pr-hdds-2329-pipelines-6tcfk-2810823695, networkLocation: /default-rack, certSerialId: null} reports an CLOSED replica.
2019-10-31 17:52:45,128 [EventQueue-ContainerReportForContainerReportHandler] WARN  container.ContainerReportHandler (AbstractContainerReportHandler.java:updateContainerState(145)) - Container #1 is in OPEN state, but the datanode 3c4b9a55-490e-411c-8712-e94a51e11966{ip: 192.168.164.209, host: pr-hdds-2329-pipelines-6tcfk-2810823695, networkLocation: /default-rack, certSerialId: null} reports an CLOSED replica.
2019-10-31 17:52:45,196 [EventQueue-ContainerReportForContainerReportHandler] WARN  container.ContainerReportHandler (AbstractContainerReportHandler.java:updateContainerState(145)) - Container #1 is in OPEN state, but the datanode 8ad27c18-e1b1-434c-bb09-32fd11380927{ip: 192.168.164.209, host: pr-hdds-2329-pipelines-6tcfk-2810823695, networkLocation: /default-rack, certSerialId: null} reports an CLOSED replica.
2019-10-31 17:52:45,280 [BlockDeletingService#2] WARN  background.BlockDeletingService (BlockDeletingService.java:isDeletionAllowed(187)) - Close Container log Index 6 is not replicated across allthe servers in the pipeline 9d718bf7-db0a-4e77-ab39-65d104242c3e as the min replicated index is 4. Deletion is not allowed in this container yet.
2019-10-31 17:52:45,281 [BlockDeletingService#2] WARN  background.BlockDeletingService (BlockDeletingService.java:isDeletionAllowed(187)) - Close Container log Index 6 is not replicated across allthe servers in the pipeline 9d718bf7-db0a-4e77-ab39-65d104242c3e as the min replicated index is 4. Deletion is not allowed in this container yet.
2019-10-31 17:52:45,430 [EventQueue-ContainerReportForContainerReportHandler] WARN  container.ContainerReportHandler (AbstractContainerReportHandler.java:updateContainerState(145)) - Container #1 is in OPEN state, but the datanode 3c4b9a55-490e-411c-8712-e94a51e11966{ip: 192.168.164.209, host: pr-hdds-2329-pipelines-6tcfk-2810823695, networkLocation: /default-rack, certSerialId: null} reports an CLOSED replica.
2019-10-31 17:52:45,496 [EventQueue-ContainerReportForContainerReportHandler] WARN  container.ContainerReportHandler (AbstractContainerReportHandler.java:updateContainerState(145)) - Container #1 is in OPEN state, but the datanode 8ad27c18-e1b1-434c-bb09-32fd11380927{ip: 192.168.164.209, host: pr-hdds-2329-pipelines-6tcfk-2810823695, networkLocation: /default-rack, certSerialId: null} reports an CLOSED replica.
2019-10-31 17:52:45,730 [EventQueue-ContainerReportForContainerReportHandler] WARN  container.ContainerReportHandler (AbstractContainerReportHandler.java:updateContainerState(145)) - Container #1 is in OPEN state, but the datanode 3c4b9a55-490e-411c-8712-e94a51e11966{ip: 192.168.164.209, host: pr-hdds-2329-pipelines-6tcfk-2810823695, networkLocation: /default-rack, certSerialId: null} reports an CLOSED replica.
2019-10-31 17:52:45,796 [EventQueue-ContainerReportForContainerReportHandler] WARN  container.ContainerReportHandler (AbstractContainerReportHandler.java:updateContainerState(145)) - Container #1 is in OPEN state, but the datanode 8ad27c18-e1b1-434c-bb09-32fd11380927{ip: 192.168.164.209, host: pr-hdds-2329-pipelines-6tcfk-2810823695, networkLocation: /default-rack, certSerialId: null} reports an CLOSED replica.
2019-10-31 17:52:46,111 [java.util.concurrent.ThreadPoolExecutor$Worker@2e73371a[State = -1, empty queue]] WARN  server.GrpcLogAppender (GrpcLogAppender.java:timeoutAppendRequest(209)) - 8ad27c18-e1b1-434c-bb09-32fd11380927@group-65D104242C3E->0b281616-c01c-466a-8a2c-b7dbd5445109-GrpcLogAppender: appendEntries Timeout, request=8ad27c18-e1b1-434c-bb09-32fd11380927->0b281616-c01c-466a-8a2c-b7dbd5445109#39-t1, previous=(t:1, i:10), leaderCommit=10, initializing? false, entries: <empty>
2019-10-31 17:52:46,131 [EventQueue-ContainerReportForContainerReportHandler] WARN  container.ContainerReportHandler (AbstractContainerReportHandler.java:updateContainerState(145)) - Container #1 is in OPEN state, but the datanode 3c4b9a55-490e-411c-8712-e94a51e11966{ip: 192.168.164.209, host: pr-hdds-2329-pipelines-6tcfk-2810823695, networkLocation: /default-rack, certSerialId: null} reports an CLOSED replica.
2019-10-31 17:52:46,197 [EventQueue-ContainerReportForContainerReportHandler] WARN  container.ContainerReportHandler (AbstractContainerReportHandler.java:updateContainerState(145)) - Container #1 is in OPEN state, but the datanode 8ad27c18-e1b1-434c-bb09-32fd11380927{ip: 192.168.164.209, host: pr-hdds-2329-pipelines-6tcfk-2810823695, networkLocation: /default-rack, certSerialId: null} reports an CLOSED replica.
2019-10-31 17:52:46,282 [BlockDeletingService#2] WARN  background.BlockDeletingService (BlockDeletingService.java:isDeletionAllowed(187)) - Close Container log Index 6 is not replicated across allthe servers in the pipeline 9d718bf7-db0a-4e77-ab39-65d104242c3e as the min replicated index is 4. Deletion is not allowed in this container yet.
2019-10-31 17:52:46,282 [BlockDeletingService#2] WARN  background.BlockDeletingService (BlockDeletingService.java:isDeletionAllowed(187)) - Close Container log Index 6 is not replicated across allthe servers in the pipeline 9d718bf7-db0a-4e77-ab39-65d104242c3e as the min replicated index is 4. Deletion is not allowed in this container yet.
2019-10-31 17:52:46,331 [EventQueue-ContainerReportForContainerReportHandler] WARN  container.ContainerReportHandler (AbstractContainerReportHandler.java:updateContainerState(145)) - Container #1 is in OPEN state, but the datanode 3c4b9a55-490e-411c-8712-e94a51e11966{ip: 192.168.164.209, host: pr-hdds-2329-pipelines-6tcfk-2810823695, networkLocation: /default-rack, certSerialId: null} reports an CLOSED replica.
2019-10-31 17:52:46,497 [EventQueue-ContainerReportForContainerReportHandler] WARN  container.ContainerReportHandler (AbstractContainerReportHandler.java:updateContainerState(145)) - Container #1 is in OPEN state, but the datanode 8ad27c18-e1b1-434c-bb09-32fd11380927{ip: 192.168.164.209, host: pr-hdds-2329-pipelines-6tcfk-2810823695, networkLocation: /default-rack, certSerialId: null} reports an CLOSED replica.
2019-10-31 17:52:46,533 [EventQueue-ContainerReportForContainerReportHandler] WARN  container.ContainerReportHandler (AbstractContainerReportHandler.java:updateContainerState(145)) - Container #1 is in OPEN state, but the datanode 3c4b9a55-490e-411c-8712-e94a51e11966{ip: 192.168.164.209, host: pr-hdds-2329-pipelines-6tcfk-2810823695, networkLocation: /default-rack, certSerialId: null} reports an CLOSED replica.
2019-10-31 17:52:46,797 [EventQueue-ContainerReportForContainerReportHandler] WARN  container.ContainerReportHandler (AbstractContainerReportHandler.java:updateContainerState(145)) - Container #1 is in OPEN state, but the datanode 8ad27c18-e1b1-434c-bb09-32fd11380927{ip: 192.168.164.209, host: pr-hdds-2329-pipelines-6tcfk-2810823695, networkLocation: /default-rack, certSerialId: null} reports an CLOSED replica.
2019-10-31 17:52:46,834 [EventQueue-ContainerReportForContainerReportHandler] WARN  container.ContainerReportHandler (AbstractContainerReportHandler.java:updateContainerState(145)) - Container #1 is in OPEN state, but the datanode 3c4b9a55-490e-411c-8712-e94a51e11966{ip: 192.168.164.209, host: pr-hdds-2329-pipelines-6tcfk-2810823695, networkLocation: /default-rack, certSerialId: null} reports an CLOSED replica.
2019-10-31 17:52:46,997 [EventQueue-ContainerReportForContainerReportHandler] WARN  container.ContainerReportHandler (AbstractContainerReportHandler.java:updateContainerState(145)) - Container #1 is in OPEN state, but the datanode 8ad27c18-e1b1-434c-bb09-32fd11380927{ip: 192.168.164.209, host: pr-hdds-2329-pipelines-6tcfk-2810823695, networkLocation: /default-rack, certSerialId: null} reports an CLOSED replica.
2019-10-31 17:52:47,134 [EventQueue-ContainerReportForContainerReportHandler] WARN  container.ContainerReportHandler (AbstractContainerReportHandler.java:updateContainerState(145)) - Container #1 is in OPEN state, but the datanode 3c4b9a55-490e-411c-8712-e94a51e11966{ip: 192.168.164.209, host: pr-hdds-2329-pipelines-6tcfk-2810823695, networkLocation: /default-rack, certSerialId: null} reports an CLOSED replica.
2019-10-31 17:52:47,283 [BlockDeletingService#2] WARN  background.BlockDeletingService (BlockDeletingService.java:isDeletionAllowed(187)) - Close Container log Index 6 is not replicated across allthe servers in the pipeline 9d718bf7-db0a-4e77-ab39-65d104242c3e as the min replicated index is 4. Deletion is not allowed in this container yet.
2019-10-31 17:52:47,284 [BlockDeletingService#2] WARN  background.BlockDeletingService (BlockDeletingService.java:isDeletionAllowed(187)) - Close Container log Index 6 is not replicated across allthe servers in the pipeline 9d718bf7-db0a-4e77-ab39-65d104242c3e as the min replicated index is 4. Deletion is not allowed in this container yet.
2019-10-31 17:52:47,297 [EventQueue-ContainerReportForContainerReportHandler] WARN  container.ContainerReportHandler (AbstractContainerReportHandler.java:updateContainerState(145)) - Container #1 is in OPEN state, but the datanode 8ad27c18-e1b1-434c-bb09-32fd11380927{ip: 192.168.164.209, host: pr-hdds-2329-pipelines-6tcfk-2810823695, networkLocation: /default-rack, certSerialId: null} reports an CLOSED replica.
2019-10-31 17:52:47,497 [EventQueue-ContainerReportForContainerReportHandler] WARN  container.ContainerReportHandler (AbstractContainerReportHandler.java:updateContainerState(145)) - Container #1 is in OPEN state, but the datanode 8ad27c18-e1b1-434c-bb09-32fd11380927{ip: 192.168.164.209, host: pr-hdds-2329-pipelines-6tcfk-2810823695, networkLocation: /default-rack, certSerialId: null} reports an CLOSED replica.
2019-10-31 17:52:47,534 [EventQueue-ContainerReportForContainerReportHandler] WARN  container.ContainerReportHandler (AbstractContainerReportHandler.java:updateContainerState(145)) - Container #1 is in OPEN state, but the datanode 3c4b9a55-490e-411c-8712-e94a51e11966{ip: 192.168.164.209, host: pr-hdds-2329-pipelines-6tcfk-2810823695, networkLocation: /default-rack, certSerialId: null} reports an CLOSED replica.
2019-10-31 17:52:47,797 [EventQueue-ContainerReportForContainerReportHandler] WARN  container.ContainerReportHandler (AbstractContainerReportHandler.java:updateContainerState(145)) - Container #1 is in OPEN state, but the datanode 8ad27c18-e1b1-434c-bb09-32fd11380927{ip: 192.168.164.209, host: pr-hdds-2329-pipelines-6tcfk-2810823695, networkLocation: /default-rack, certSerialId: null} reports an CLOSED replica.
2019-10-31 17:52:47,835 [EventQueue-ContainerReportForContainerReportHandler] WARN  container.ContainerReportHandler (AbstractContainerReportHandler.java:updateContainerState(145)) - Container #1 is in OPEN state, but the datanode 3c4b9a55-490e-411c-8712-e94a51e11966{ip: 192.168.164.209, host: pr-hdds-2329-pipelines-6tcfk-2810823695, networkLocation: /default-rack, certSerialId: null} reports an CLOSED replica.
2019-10-31 17:52:48,135 [EventQueue-ContainerReportForContainerReportHandler] WARN  container.ContainerReportHandler (AbstractContainerReportHandler.java:updateContainerState(145)) - Container #1 is in OPEN state, but the datanode 3c4b9a55-490e-411c-8712-e94a51e11966{ip: 192.168.164.209, host: pr-hdds-2329-pipelines-6tcfk-2810823695, networkLocation: /default-rack, certSerialId: null} reports an CLOSED replica.
2019-10-31 17:52:48,198 [EventQueue-ContainerReportForContainerReportHandler] WARN  container.ContainerReportHandler (AbstractContainerReportHandler.java:updateContainerState(145)) - Container #1 is in OPEN state, but the datanode 8ad27c18-e1b1-434c-bb09-32fd11380927{ip: 192.168.164.209, host: pr-hdds-2329-pipelines-6tcfk-2810823695, networkLocation: /default-rack, certSerialId: null} reports an CLOSED replica.
2019-10-31 17:52:48,284 [BlockDeletingService#2] WARN  background.BlockDeletingService (BlockDeletingService.java:isDeletionAllowed(187)) - Close Container log Index 6 is not replicated across allthe servers in the pipeline 9d718bf7-db0a-4e77-ab39-65d104242c3e as the min replicated index is 4. Deletion is not allowed in this container yet.
2019-10-31 17:52:48,285 [BlockDeletingService#2] WARN  background.BlockDeletingService (BlockDeletingService.java:isDeletionAllowed(187)) - Close Container log Index 6 is not replicated across allthe servers in the pipeline 9d718bf7-db0a-4e77-ab39-65d104242c3e as the min replicated index is 4. Deletion is not allowed in this container yet.
2019-10-31 17:52:48,335 [EventQueue-ContainerReportForContainerReportHandler] WARN  container.ContainerReportHandler (AbstractContainerReportHandler.java:updateContainerState(145)) - Container #1 is in OPEN state, but the datanode 3c4b9a55-490e-411c-8712-e94a51e11966{ip: 192.168.164.209, host: pr-hdds-2329-pipelines-6tcfk-2810823695, networkLocation: /default-rack, certSerialId: null} reports an CLOSED replica.
2019-10-31 17:52:48,498 [EventQueue-ContainerReportForContainerReportHandler] WARN  container.ContainerReportHandler (AbstractContainerReportHandler.java:updateContainerState(145)) - Container #1 is in OPEN state, but the datanode 8ad27c18-e1b1-434c-bb09-32fd11380927{ip: 192.168.164.209, host: pr-hdds-2329-pipelines-6tcfk-2810823695, networkLocation: /default-rack, certSerialId: null} reports an CLOSED replica.
2019-10-31 17:52:48,612 [java.util.concurrent.ThreadPoolExecutor$Worker@2e73371a[State = -1, empty queue]] WARN  server.GrpcLogAppender (GrpcLogAppender.java:timeoutAppendRequest(209)) - 8ad27c18-e1b1-434c-bb09-32fd11380927@group-65D104242C3E->0b281616-c01c-466a-8a2c-b7dbd5445109-GrpcLogAppender: appendEntries Timeout, request=8ad27c18-e1b1-434c-bb09-32fd11380927->0b281616-c01c-466a-8a2c-b7dbd5445109#40-t1, previous=(t:1, i:10), leaderCommit=10, initializing? false, entries: <empty>
2019-10-31 17:52:48,735 [EventQueue-ContainerReportForContainerReportHandler] WARN  container.ContainerReportHandler (AbstractContainerReportHandler.java:updateContainerState(145)) - Container #1 is in OPEN state, but the datanode 3c4b9a55-490e-411c-8712-e94a51e11966{ip: 192.168.164.209, host: pr-hdds-2329-pipelines-6tcfk-2810823695, networkLocation: /default-rack, certSerialId: null} reports an CLOSED replica.
2019-10-31 17:52:48,801 [EventQueue-ContainerReportForContainerReportHandler] WARN  container.ContainerReportHandler (AbstractContainerReportHandler.java:updateContainerState(145)) - Container #1 is in OPEN state, but the datanode 8ad27c18-e1b1-434c-bb09-32fd11380927{ip: 192.168.164.209, host: pr-hdds-2329-pipelines-6tcfk-2810823695, networkLocation: /default-rack, certSerialId: null} reports an CLOSED replica.
2019-10-31 17:52:48,936 [EventQueue-ContainerReportForContainerReportHandler] WARN  container.ContainerReportHandler (AbstractContainerReportHandler.java:updateContainerState(145)) - Container #1 is in OPEN state, but the datanode 3c4b9a55-490e-411c-8712-e94a51e11966{ip: 192.168.164.209, host: pr-hdds-2329-pipelines-6tcfk-2810823695, networkLocation: /default-rack, certSerialId: null} reports an CLOSED replica.
2019-10-31 17:52:49,201 [EventQueue-ContainerReportForContainerReportHandler] WARN  container.ContainerReportHandler (AbstractContainerReportHandler.java:updateContainerState(145)) - Container #1 is in OPEN state, but the datanode 8ad27c18-e1b1-434c-bb09-32fd11380927{ip: 192.168.164.209, host: pr-hdds-2329-pipelines-6tcfk-2810823695, networkLocation: /default-rack, certSerialId: null} reports an CLOSED replica.
2019-10-31 17:52:49,237 [EventQueue-ContainerReportForContainerReportHandler] WARN  container.ContainerReportHandler (AbstractContainerReportHandler.java:updateContainerState(145)) - Container #1 is in OPEN state, but the datanode 3c4b9a55-490e-411c-8712-e94a51e11966{ip: 192.168.164.209, host: pr-hdds-2329-pipelines-6tcfk-2810823695, networkLocation: /default-rack, certSerialId: null} reports an CLOSED replica.
2019-10-31 17:52:49,286 [BlockDeletingService#2] WARN  background.BlockDeletingService (BlockDeletingService.java:isDeletionAllowed(187)) - Close Container log Index 6 is not replicated across allthe servers in the pipeline 9d718bf7-db0a-4e77-ab39-65d104242c3e as the min replicated index is 4. Deletion is not allowed in this container yet.
2019-10-31 17:52:49,286 [BlockDeletingService#2] WARN  background.BlockDeletingService (BlockDeletingService.java:isDeletionAllowed(187)) - Close Container log Index 6 is not replicated across allthe servers in the pipeline 9d718bf7-db0a-4e77-ab39-65d104242c3e as the min replicated index is 4. Deletion is not allowed in this container yet.
2019-10-31 17:52:49,437 [EventQueue-ContainerReportForContainerReportHandler] WARN  container.ContainerReportHandler (AbstractContainerReportHandler.java:updateContainerState(145)) - Container #1 is in OPEN state, but the datanode 3c4b9a55-490e-411c-8712-e94a51e11966{ip: 192.168.164.209, host: pr-hdds-2329-pipelines-6tcfk-2810823695, networkLocation: /default-rack, certSerialId: null} reports an CLOSED replica.
2019-10-31 17:52:49,501 [EventQueue-ContainerReportForContainerReportHandler] WARN  container.ContainerReportHandler (AbstractContainerReportHandler.java:updateContainerState(145)) - Container #1 is in OPEN state, but the datanode 8ad27c18-e1b1-434c-bb09-32fd11380927{ip: 192.168.164.209, host: pr-hdds-2329-pipelines-6tcfk-2810823695, networkLocation: /default-rack, certSerialId: null} reports an CLOSED replica.
2019-10-31 17:52:49,837 [EventQueue-ContainerReportForContainerReportHandler] WARN  container.ContainerReportHandler (AbstractContainerReportHandler.java:updateContainerState(145)) - Container #1 is in OPEN state, but the datanode 3c4b9a55-490e-411c-8712-e94a51e11966{ip: 192.168.164.209, host: pr-hdds-2329-pipelines-6tcfk-2810823695, networkLocation: /default-rack, certSerialId: null} reports an CLOSED replica.
2019-10-31 17:52:49,902 [EventQueue-ContainerReportForContainerReportHandler] WARN  container.ContainerReportHandler (AbstractContainerReportHandler.java:updateContainerState(145)) - Container #1 is in OPEN state, but the datanode 8ad27c18-e1b1-434c-bb09-32fd11380927{ip: 192.168.164.209, host: pr-hdds-2329-pipelines-6tcfk-2810823695, networkLocation: /default-rack, certSerialId: null} reports an CLOSED replica.
2019-10-31 17:52:50,038 [EventQueue-ContainerReportForContainerReportHandler] WARN  container.ContainerReportHandler (AbstractContainerReportHandler.java:updateContainerState(145)) - Container #1 is in OPEN state, but the datanode 3c4b9a55-490e-411c-8712-e94a51e11966{ip: 192.168.164.209, host: pr-hdds-2329-pipelines-6tcfk-2810823695, networkLocation: /default-rack, certSerialId: null} reports an CLOSED replica.
2019-10-31 17:52:50,202 [EventQueue-ContainerReportForContainerReportHandler] WARN  container.ContainerReportHandler (AbstractContainerReportHandler.java:updateContainerState(145)) - Container #1 is in OPEN state, but the datanode 8ad27c18-e1b1-434c-bb09-32fd11380927{ip: 192.168.164.209, host: pr-hdds-2329-pipelines-6tcfk-2810823695, networkLocation: /default-rack, certSerialId: null} reports an CLOSED replica.
2019-10-31 17:52:50,239 [EventQueue-ContainerReportForContainerReportHandler] WARN  container.ContainerReportHandler (AbstractContainerReportHandler.java:updateContainerState(145)) - Container #1 is in OPEN state, but the datanode 3c4b9a55-490e-411c-8712-e94a51e11966{ip: 192.168.164.209, host: pr-hdds-2329-pipelines-6tcfk-2810823695, networkLocation: /default-rack, certSerialId: null} reports an CLOSED replica.
2019-10-31 17:52:50,287 [BlockDeletingService#2] WARN  background.BlockDeletingService (BlockDeletingService.java:isDeletionAllowed(187)) - Close Container log Index 6 is not replicated across allthe servers in the pipeline 9d718bf7-db0a-4e77-ab39-65d104242c3e as the min replicated index is 4. Deletion is not allowed in this container yet.
2019-10-31 17:52:50,288 [BlockDeletingService#2] WARN  background.BlockDeletingService (BlockDeletingService.java:isDeletionAllowed(187)) - Close Container log Index 6 is not replicated across allthe servers in the pipeline 9d718bf7-db0a-4e77-ab39-65d104242c3e as the min replicated index is 4. Deletion is not allowed in this container yet.
2019-10-31 17:52:50,440 [EventQueue-ContainerReportForContainerReportHandler] WARN  container.ContainerReportHandler (AbstractContainerReportHandler.java:updateContainerState(145)) - Container #1 is in OPEN state, but the datanode 3c4b9a55-490e-411c-8712-e94a51e11966{ip: 192.168.164.209, host: pr-hdds-2329-pipelines-6tcfk-2810823695, networkLocation: /default-rack, certSerialId: null} reports an CLOSED replica.
2019-10-31 17:52:50,602 [EventQueue-ContainerReportForContainerReportHandler] WARN  container.ContainerReportHandler (AbstractContainerReportHandler.java:updateContainerState(145)) - Container #1 is in OPEN state, but the datanode 8ad27c18-e1b1-434c-bb09-32fd11380927{ip: 192.168.164.209, host: pr-hdds-2329-pipelines-6tcfk-2810823695, networkLocation: /default-rack, certSerialId: null} reports an CLOSED replica.
2019-10-31 17:52:50,740 [EventQueue-ContainerReportForContainerReportHandler] WARN  container.ContainerReportHandler (AbstractContainerReportHandler.java:updateContainerState(145)) - Container #1 is in OPEN state, but the datanode 3c4b9a55-490e-411c-8712-e94a51e11966{ip: 192.168.164.209, host: pr-hdds-2329-pipelines-6tcfk-2810823695, networkLocation: /default-rack, certSerialId: null} reports an CLOSED replica.
2019-10-31 17:52:51,003 [EventQueue-ContainerReportForContainerReportHandler] WARN  container.ContainerReportHandler (AbstractContainerReportHandler.java:updateContainerState(145)) - Container #1 is in OPEN state, but the datanode 8ad27c18-e1b1-434c-bb09-32fd11380927{ip: 192.168.164.209, host: pr-hdds-2329-pipelines-6tcfk-2810823695, networkLocation: /default-rack, certSerialId: null} reports an CLOSED replica.
2019-10-31 17:52:51,040 [EventQueue-ContainerReportForContainerReportHandler] WARN  container.ContainerReportHandler (AbstractContainerReportHandler.java:updateContainerState(145)) - Container #1 is in OPEN state, but the datanode 3c4b9a55-490e-411c-8712-e94a51e11966{ip: 192.168.164.209, host: pr-hdds-2329-pipelines-6tcfk-2810823695, networkLocation: /default-rack, certSerialId: null} reports an CLOSED replica.
2019-10-31 17:52:51,113 [java.util.concurrent.ThreadPoolExecutor$Worker@2e73371a[State = -1, empty queue]] WARN  server.GrpcLogAppender (GrpcLogAppender.java:timeoutAppendRequest(209)) - 8ad27c18-e1b1-434c-bb09-32fd11380927@group-65D104242C3E->0b281616-c01c-466a-8a2c-b7dbd5445109-GrpcLogAppender: appendEntries Timeout, request=8ad27c18-e1b1-434c-bb09-32fd11380927->0b281616-c01c-466a-8a2c-b7dbd5445109#41-t1, previous=(t:1, i:10), leaderCommit=10, initializing? false, entries: <empty>
2019-10-31 17:52:51,289 [BlockDeletingService#2] WARN  background.BlockDeletingService (BlockDeletingService.java:isDeletionAllowed(187)) - Close Container log Index 6 is not replicated across allthe servers in the pipeline 9d718bf7-db0a-4e77-ab39-65d104242c3e as the min replicated index is 4. Deletion is not allowed in this container yet.
2019-10-31 17:52:51,289 [BlockDeletingService#2] WARN  background.BlockDeletingService (BlockDeletingService.java:isDeletionAllowed(187)) - Close Container log Index 6 is not replicated across allthe servers in the pipeline 9d718bf7-db0a-4e77-ab39-65d104242c3e as the min replicated index is 4. Deletion is not allowed in this container yet.
2019-10-31 17:52:51,303 [EventQueue-ContainerReportForContainerReportHandler] WARN  container.ContainerReportHandler (AbstractContainerReportHandler.java:updateContainerState(145)) - Container #1 is in OPEN state, but the datanode 8ad27c18-e1b1-434c-bb09-32fd11380927{ip: 192.168.164.209, host: pr-hdds-2329-pipelines-6tcfk-2810823695, networkLocation: /default-rack, certSerialId: null} reports an CLOSED replica.
2019-10-31 17:52:51,340 [EventQueue-ContainerReportForContainerReportHandler] WARN  container.ContainerReportHandler (AbstractContainerReportHandler.java:updateContainerState(145)) - Container #1 is in OPEN state, but the datanode 3c4b9a55-490e-411c-8712-e94a51e11966{ip: 192.168.164.209, host: pr-hdds-2329-pipelines-6tcfk-2810823695, networkLocation: /default-rack, certSerialId: null} reports an CLOSED replica.
2019-10-31 17:52:51,640 [EventQueue-ContainerReportForContainerReportHandler] WARN  container.ContainerReportHandler (AbstractContainerReportHandler.java:updateContainerState(145)) - Container #1 is in OPEN state, but the datanode 3c4b9a55-490e-411c-8712-e94a51e11966{ip: 192.168.164.209, host: pr-hdds-2329-pipelines-6tcfk-2810823695, networkLocation: /default-rack, certSerialId: null} reports an CLOSED replica.
2019-10-31 17:52:51,704 [EventQueue-ContainerReportForContainerReportHandler] WARN  container.ContainerReportHandler (AbstractContainerReportHandler.java:updateContainerState(145)) - Container #1 is in OPEN state, but the datanode 8ad27c18-e1b1-434c-bb09-32fd11380927{ip: 192.168.164.209, host: pr-hdds-2329-pipelines-6tcfk-2810823695, networkLocation: /default-rack, certSerialId: null} reports an CLOSED replica.
2019-10-31 17:52:51,904 [EventQueue-ContainerReportForContainerReportHandler] WARN  container.ContainerReportHandler (AbstractContainerReportHandler.java:updateContainerState(145)) - Container #1 is in OPEN state, but the datanode 8ad27c18-e1b1-434c-bb09-32fd11380927{ip: 192.168.164.209, host: pr-hdds-2329-pipelines-6tcfk-2810823695, networkLocation: /default-rack, certSerialId: null} reports an CLOSED replica.
2019-10-31 17:52:51,940 [EventQueue-ContainerReportForContainerReportHandler] WARN  container.ContainerReportHandler (AbstractContainerReportHandler.java:updateContainerState(145)) - Container #1 is in OPEN state, but the datanode 3c4b9a55-490e-411c-8712-e94a51e11966{ip: 192.168.164.209, host: pr-hdds-2329-pipelines-6tcfk-2810823695, networkLocation: /default-rack, certSerialId: null} reports an CLOSED replica.
2019-10-31 17:52:52,105 [EventQueue-ContainerReportForContainerReportHandler] WARN  container.ContainerReportHandler (AbstractContainerReportHandler.java:updateContainerState(145)) - Container #1 is in OPEN state, but the datanode 8ad27c18-e1b1-434c-bb09-32fd11380927{ip: 192.168.164.209, host: pr-hdds-2329-pipelines-6tcfk-2810823695, networkLocation: /default-rack, certSerialId: null} reports an CLOSED replica.
2019-10-31 17:52:52,240 [EventQueue-ContainerReportForContainerReportHandler] WARN  container.ContainerReportHandler (AbstractContainerReportHandler.java:updateContainerState(145)) - Container #1 is in OPEN state, but the datanode 3c4b9a55-490e-411c-8712-e94a51e11966{ip: 192.168.164.209, host: pr-hdds-2329-pipelines-6tcfk-2810823695, networkLocation: /default-rack, certSerialId: null} reports an CLOSED replica.
2019-10-31 17:52:52,273 [Thread-458] INFO  client.GrpcClientProtocolService (GrpcClientProtocolService.java:lambda$processClientRequest$0(279)) - Failed RaftClientRequest:client-2E3303FC451C->3c4b9a55-490e-411c-8712-e94a51e11966@group-65D104242C3E, cid=10, seq=0, Watch-ALL_COMMITTED(6), Message:<EMPTY>, reply=RaftClientReply:client-2E3303FC451C->3c4b9a55-490e-411c-8712-e94a51e11966@group-65D104242C3E, cid=10, FAILED org.apache.ratis.protocol.NotLeaderException: Server 3c4b9a55-490e-411c-8712-e94a51e11966@group-65D104242C3E is not the leader 8ad27c18-e1b1-434c-bb09-32fd11380927:192.168.164.209:34436, logIndex=0, commits[3c4b9a55-490e-411c-8712-e94a51e11966:c10, 8ad27c18-e1b1-434c-bb09-32fd11380927:c10, 0b281616-c01c-466a-8a2c-b7dbd5445109:c4]
2019-10-31 17:52:52,290 [BlockDeletingService#2] WARN  background.BlockDeletingService (BlockDeletingService.java:isDeletionAllowed(187)) - Close Container log Index 6 is not replicated across allthe servers in the pipeline 9d718bf7-db0a-4e77-ab39-65d104242c3e as the min replicated index is 4. Deletion is not allowed in this container yet.
2019-10-31 17:52:52,290 [BlockDeletingService#2] WARN  background.BlockDeletingService (BlockDeletingService.java:isDeletionAllowed(187)) - Close Container log Index 6 is not replicated across allthe servers in the pipeline 9d718bf7-db0a-4e77-ab39-65d104242c3e as the min replicated index is 4. Deletion is not allowed in this container yet.
2019-10-31 17:52:52,405 [EventQueue-ContainerReportForContainerReportHandler] WARN  container.ContainerReportHandler (AbstractContainerReportHandler.java:updateContainerState(145)) - Container #1 is in OPEN state, but the datanode 8ad27c18-e1b1-434c-bb09-32fd11380927{ip: 192.168.164.209, host: pr-hdds-2329-pipelines-6tcfk-2810823695, networkLocation: /default-rack, certSerialId: null} reports an CLOSED replica.
2019-10-31 17:52:52,441 [EventQueue-ContainerReportForContainerReportHandler] WARN  container.ContainerReportHandler (AbstractContainerReportHandler.java:updateContainerState(145)) - Container #1 is in OPEN state, but the datanode 3c4b9a55-490e-411c-8712-e94a51e11966{ip: 192.168.164.209, host: pr-hdds-2329-pipelines-6tcfk-2810823695, networkLocation: /default-rack, certSerialId: null} reports an CLOSED replica.
2019-10-31 17:52:52,805 [EventQueue-ContainerReportForContainerReportHandler] WARN  container.ContainerReportHandler (AbstractContainerReportHandler.java:updateContainerState(145)) - Container #1 is in OPEN state, but the datanode 8ad27c18-e1b1-434c-bb09-32fd11380927{ip: 192.168.164.209, host: pr-hdds-2329-pipelines-6tcfk-2810823695, networkLocation: /default-rack, certSerialId: null} reports an CLOSED replica.
2019-10-31 17:52:52,841 [EventQueue-ContainerReportForContainerReportHandler] WARN  container.ContainerReportHandler (AbstractContainerReportHandler.java:updateContainerState(145)) - Container #1 is in OPEN state, but the datanode 3c4b9a55-490e-411c-8712-e94a51e11966{ip: 192.168.164.209, host: pr-hdds-2329-pipelines-6tcfk-2810823695, networkLocation: /default-rack, certSerialId: null} reports an CLOSED replica.
2019-10-31 17:52:53,105 [EventQueue-ContainerReportForContainerReportHandler] WARN  container.ContainerReportHandler (AbstractContainerReportHandler.java:updateContainerState(145)) - Container #1 is in OPEN state, but the datanode 8ad27c18-e1b1-434c-bb09-32fd11380927{ip: 192.168.164.209, host: pr-hdds-2329-pipelines-6tcfk-2810823695, networkLocation: /default-rack, certSerialId: null} reports an CLOSED replica.
2019-10-31 17:52:53,240 [EventQueue-ContainerReportForContainerReportHandler] WARN  container.ContainerReportHandler (AbstractContainerReportHandler.java:updateContainerState(145)) - Container #1 is in OPEN state, but the datanode 3c4b9a55-490e-411c-8712-e94a51e11966{ip: 192.168.164.209, host: pr-hdds-2329-pipelines-6tcfk-2810823695, networkLocation: /default-rack, certSerialId: null} reports an CLOSED replica.
2019-10-31 17:52:53,292 [BlockDeletingService#2] WARN  background.BlockDeletingService (BlockDeletingService.java:isDeletionAllowed(187)) - Close Container log Index 6 is not replicated across allthe servers in the pipeline 9d718bf7-db0a-4e77-ab39-65d104242c3e as the min replicated index is 4. Deletion is not allowed in this container yet.
2019-10-31 17:52:53,293 [BlockDeletingService#2] WARN  background.BlockDeletingService (BlockDeletingService.java:isDeletionAllowed(187)) - Close Container log Index 6 is not replicated across allthe servers in the pipeline 9d718bf7-db0a-4e77-ab39-65d104242c3e as the min replicated index is 4. Deletion is not allowed in this container yet.
2019-10-31 17:52:53,305 [EventQueue-ContainerReportForContainerReportHandler] WARN  container.ContainerReportHandler (AbstractContainerReportHandler.java:updateContainerState(145)) - Container #1 is in OPEN state, but the datanode 8ad27c18-e1b1-434c-bb09-32fd11380927{ip: 192.168.164.209, host: pr-hdds-2329-pipelines-6tcfk-2810823695, networkLocation: /default-rack, certSerialId: null} reports an CLOSED replica.
2019-10-31 17:52:53,540 [EventQueue-ContainerReportForContainerReportHandler] WARN  container.ContainerReportHandler (AbstractContainerReportHandler.java:updateContainerState(145)) - Container #1 is in OPEN state, but the datanode 3c4b9a55-490e-411c-8712-e94a51e11966{ip: 192.168.164.209, host: pr-hdds-2329-pipelines-6tcfk-2810823695, networkLocation: /default-rack, certSerialId: null} reports an CLOSED replica.
2019-10-31 17:52:53,604 [EventQueue-ContainerReportForContainerReportHandler] WARN  container.ContainerReportHandler (AbstractContainerReportHandler.java:updateContainerState(145)) - Container #1 is in OPEN state, but the datanode 8ad27c18-e1b1-434c-bb09-32fd11380927{ip: 192.168.164.209, host: pr-hdds-2329-pipelines-6tcfk-2810823695, networkLocation: /default-rack, certSerialId: null} reports an CLOSED replica.
2019-10-31 17:52:53,614 [java.util.concurrent.ThreadPoolExecutor$Worker@2e73371a[State = -1, empty queue]] WARN  server.GrpcLogAppender (GrpcLogAppender.java:timeoutAppendRequest(209)) - 8ad27c18-e1b1-434c-bb09-32fd11380927@group-65D104242C3E->0b281616-c01c-466a-8a2c-b7dbd5445109-GrpcLogAppender: appendEntries Timeout, request=8ad27c18-e1b1-434c-bb09-32fd11380927->0b281616-c01c-466a-8a2c-b7dbd5445109#42-t1, previous=(t:1, i:10), leaderCommit=10, initializing? false, entries: <empty>
2019-10-31 17:52:53,682 [Thread-466] INFO  client.GrpcClientProtocolService (GrpcClientProtocolService.java:lambda$processClientRequest$0(279)) - Failed RaftClientRequest:client-2E3303FC451C->8ad27c18-e1b1-434c-bb09-32fd11380927@group-65D104242C3E, cid=10, seq=0, Watch-ALL_COMMITTED(6), Message:<EMPTY>, reply=RaftClientReply:client-2E3303FC451C->8ad27c18-e1b1-434c-bb09-32fd11380927@group-65D104242C3E, cid=10, FAILED org.apache.ratis.protocol.NotReplicatedException: Request with call Id 10 and log index 6 is not yet replicated to ALL_COMMITTED, logIndex=6, commits[8ad27c18-e1b1-434c-bb09-32fd11380927:c10, 3c4b9a55-490e-411c-8712-e94a51e11966:c10, 0b281616-c01c-466a-8a2c-b7dbd5445109:c4]
2019-10-31 17:52:53,841 [EventQueue-ContainerReportForContainerReportHandler] WARN  container.ContainerReportHandler (AbstractContainerReportHandler.java:updateContainerState(145)) - Container #1 is in OPEN state, but the datanode 3c4b9a55-490e-411c-8712-e94a51e11966{ip: 192.168.164.209, host: pr-hdds-2329-pipelines-6tcfk-2810823695, networkLocation: /default-rack, certSerialId: null} reports an CLOSED replica.
2019-10-31 17:52:54,005 [EventQueue-ContainerReportForContainerReportHandler] WARN  container.ContainerReportHandler (AbstractContainerReportHandler.java:updateContainerState(145)) - Container #1 is in OPEN state, but the datanode 8ad27c18-e1b1-434c-bb09-32fd11380927{ip: 192.168.164.209, host: pr-hdds-2329-pipelines-6tcfk-2810823695, networkLocation: /default-rack, certSerialId: null} reports an CLOSED replica.
2019-10-31 17:52:54,041 [EventQueue-ContainerReportForContainerReportHandler] WARN  container.ContainerReportHandler (AbstractContainerReportHandler.java:updateContainerState(145)) - Container #1 is in OPEN state, but the datanode 3c4b9a55-490e-411c-8712-e94a51e11966{ip: 192.168.164.209, host: pr-hdds-2329-pipelines-6tcfk-2810823695, networkLocation: /default-rack, certSerialId: null} reports an CLOSED replica.
2019-10-31 17:52:54,205 [EventQueue-ContainerReportForContainerReportHandler] WARN  container.ContainerReportHandler (AbstractContainerReportHandler.java:updateContainerState(145)) - Container #1 is in OPEN state, but the datanode 8ad27c18-e1b1-434c-bb09-32fd11380927{ip: 192.168.164.209, host: pr-hdds-2329-pipelines-6tcfk-2810823695, networkLocation: /default-rack, certSerialId: null} reports an CLOSED replica.
2019-10-31 17:52:54,293 [BlockDeletingService#2] WARN  background.BlockDeletingService (BlockDeletingService.java:isDeletionAllowed(187)) - Close Container log Index 6 is not replicated across allthe servers in the pipeline 9d718bf7-db0a-4e77-ab39-65d104242c3e as the min replicated index is 4. Deletion is not allowed in this container yet.
2019-10-31 17:52:54,295 [BlockDeletingService#2] WARN  background.BlockDeletingService (BlockDeletingService.java:isDeletionAllowed(187)) - Close Container log Index 6 is not replicated across allthe servers in the pipeline 9d718bf7-db0a-4e77-ab39-65d104242c3e as the min replicated index is 4. Deletion is not allowed in this container yet.
2019-10-31 17:52:54,405 [EventQueue-ContainerReportForContainerReportHandler] WARN  container.ContainerReportHandler (AbstractContainerReportHandler.java:updateContainerState(145)) - Container #1 is in OPEN state, but the datanode 8ad27c18-e1b1-434c-bb09-32fd11380927{ip: 192.168.164.209, host: pr-hdds-2329-pipelines-6tcfk-2810823695, networkLocation: /default-rack, certSerialId: null} reports an CLOSED replica.
2019-10-31 17:52:54,440 [EventQueue-ContainerReportForContainerReportHandler] WARN  container.ContainerReportHandler (AbstractContainerReportHandler.java:updateContainerState(145)) - Container #1 is in OPEN state, but the datanode 3c4b9a55-490e-411c-8712-e94a51e11966{ip: 192.168.164.209, host: pr-hdds-2329-pipelines-6tcfk-2810823695, networkLocation: /default-rack, certSerialId: null} reports an CLOSED replica.
2019-10-31 17:52:54,642 [EventQueue-ContainerReportForContainerReportHandler] WARN  container.ContainerReportHandler (AbstractContainerReportHandler.java:updateContainerState(145)) - Container #1 is in OPEN state, but the datanode 3c4b9a55-490e-411c-8712-e94a51e11966{ip: 192.168.164.209, host: pr-hdds-2329-pipelines-6tcfk-2810823695, networkLocation: /default-rack, certSerialId: null} reports an CLOSED replica.
2019-10-31 17:52:54,804 [EventQueue-ContainerReportForContainerReportHandler] WARN  container.ContainerReportHandler (AbstractContainerReportHandler.java:updateContainerState(145)) - Container #1 is in OPEN state, but the datanode 8ad27c18-e1b1-434c-bb09-32fd11380927{ip: 192.168.164.209, host: pr-hdds-2329-pipelines-6tcfk-2810823695, networkLocation: /default-rack, certSerialId: null} reports an CLOSED replica.
2019-10-31 17:52:54,941 [EventQueue-ContainerReportForContainerReportHandler] WARN  container.ContainerReportHandler (AbstractContainerReportHandler.java:updateContainerState(145)) - Container #1 is in OPEN state, but the datanode 3c4b9a55-490e-411c-8712-e94a51e11966{ip: 192.168.164.209, host: pr-hdds-2329-pipelines-6tcfk-2810823695, networkLocation: /default-rack, certSerialId: null} reports an CLOSED replica.
2019-10-31 17:52:55,005 [EventQueue-ContainerReportForContainerReportHandler] WARN  container.ContainerReportHandler (AbstractContainerReportHandler.java:updateContainerState(145)) - Container #1 is in OPEN state, but the datanode 8ad27c18-e1b1-434c-bb09-32fd11380927{ip: 192.168.164.209, host: pr-hdds-2329-pipelines-6tcfk-2810823695, networkLocation: /default-rack, certSerialId: null} reports an CLOSED replica.
2019-10-31 17:52:55,241 [EventQueue-ContainerReportForContainerReportHandler] WARN  container.ContainerReportHandler (AbstractContainerReportHandler.java:updateContainerState(145)) - Container #1 is in OPEN state, but the datanode 3c4b9a55-490e-411c-8712-e94a51e11966{ip: 192.168.164.209, host: pr-hdds-2329-pipelines-6tcfk-2810823695, networkLocation: /default-rack, certSerialId: null} reports an CLOSED replica.
2019-10-31 17:52:55,296 [BlockDeletingService#2] WARN  background.BlockDeletingService (BlockDeletingService.java:isDeletionAllowed(187)) - Close Container log Index 6 is not replicated across allthe servers in the pipeline 9d718bf7-db0a-4e77-ab39-65d104242c3e as the min replicated index is 4. Deletion is not allowed in this container yet.
2019-10-31 17:52:55,296 [BlockDeletingService#2] WARN  background.BlockDeletingService (BlockDeletingService.java:isDeletionAllowed(187)) - Close Container log Index 6 is not replicated across allthe servers in the pipeline 9d718bf7-db0a-4e77-ab39-65d104242c3e as the min replicated index is 4. Deletion is not allowed in this container yet.
2019-10-31 17:52:55,305 [EventQueue-ContainerReportForContainerReportHandler] WARN  container.ContainerReportHandler (AbstractContainerReportHandler.java:updateContainerState(145)) - Container #1 is in OPEN state, but the datanode 8ad27c18-e1b1-434c-bb09-32fd11380927{ip: 192.168.164.209, host: pr-hdds-2329-pipelines-6tcfk-2810823695, networkLocation: /default-rack, certSerialId: null} reports an CLOSED replica.
2019-10-31 17:52:55,642 [EventQueue-ContainerReportForContainerReportHandler] WARN  container.ContainerReportHandler (AbstractContainerReportHandler.java:updateContainerState(145)) - Container #1 is in OPEN state, but the datanode 3c4b9a55-490e-411c-8712-e94a51e11966{ip: 192.168.164.209, host: pr-hdds-2329-pipelines-6tcfk-2810823695, networkLocation: /default-rack, certSerialId: null} reports an CLOSED replica.
2019-10-31 17:52:55,705 [EventQueue-ContainerReportForContainerReportHandler] WARN  container.ContainerReportHandler (AbstractContainerReportHandler.java:updateContainerState(145)) - Container #1 is in OPEN state, but the datanode 8ad27c18-e1b1-434c-bb09-32fd11380927{ip: 192.168.164.209, host: pr-hdds-2329-pipelines-6tcfk-2810823695, networkLocation: /default-rack, certSerialId: null} reports an CLOSED replica.
2019-10-31 17:52:55,942 [EventQueue-ContainerReportForContainerReportHandler] WARN  container.ContainerReportHandler (AbstractContainerReportHandler.java:updateContainerState(145)) - Container #1 is in OPEN state, but the datanode 3c4b9a55-490e-411c-8712-e94a51e11966{ip: 192.168.164.209, host: pr-hdds-2329-pipelines-6tcfk-2810823695, networkLocation: /default-rack, certSerialId: null} reports an CLOSED replica.
2019-10-31 17:52:56,004 [EventQueue-ContainerReportForContainerReportHandler] WARN  container.ContainerReportHandler (AbstractContainerReportHandler.java:updateContainerState(145)) - Container #1 is in OPEN state, but the datanode 8ad27c18-e1b1-434c-bb09-32fd11380927{ip: 192.168.164.209, host: pr-hdds-2329-pipelines-6tcfk-2810823695, networkLocation: /default-rack, certSerialId: null} reports an CLOSED replica.
2019-10-31 17:52:56,114 [java.util.concurrent.ThreadPoolExecutor$Worker@2e73371a[State = -1, empty queue]] WARN  server.GrpcLogAppender (GrpcLogAppender.java:timeoutAppendRequest(209)) - 8ad27c18-e1b1-434c-bb09-32fd11380927@group-65D104242C3E->0b281616-c01c-466a-8a2c-b7dbd5445109-GrpcLogAppender: appendEntries Timeout, request=8ad27c18-e1b1-434c-bb09-32fd11380927->0b281616-c01c-466a-8a2c-b7dbd5445109#43-t1, previous=(t:1, i:10), leaderCommit=10, initializing? false, entries: <empty>
2019-10-31 17:52:56,298 [BlockDeletingService#2] WARN  background.BlockDeletingService (BlockDeletingService.java:isDeletionAllowed(187)) - Close Container log Index 6 is not replicated across allthe servers in the pipeline 9d718bf7-db0a-4e77-ab39-65d104242c3e as the min replicated index is 4. Deletion is not allowed in this container yet.
2019-10-31 17:52:56,298 [BlockDeletingService#2] WARN  background.BlockDeletingService (BlockDeletingService.java:isDeletionAllowed(187)) - Close Container log Index 6 is not replicated across allthe servers in the pipeline 9d718bf7-db0a-4e77-ab39-65d104242c3e as the min replicated index is 4. Deletion is not allowed in this container yet.
2019-10-31 17:52:56,342 [EventQueue-ContainerReportForContainerReportHandler] WARN  container.ContainerReportHandler (AbstractContainerReportHandler.java:updateContainerState(145)) - Container #1 is in OPEN state, but the datanode 3c4b9a55-490e-411c-8712-e94a51e11966{ip: 192.168.164.209, host: pr-hdds-2329-pipelines-6tcfk-2810823695, networkLocation: /default-rack, certSerialId: null} reports an CLOSED replica.
2019-10-31 17:52:56,406 [EventQueue-ContainerReportForContainerReportHandler] WARN  container.ContainerReportHandler (AbstractContainerReportHandler.java:updateContainerState(145)) - Container #1 is in OPEN state, but the datanode 8ad27c18-e1b1-434c-bb09-32fd11380927{ip: 192.168.164.209, host: pr-hdds-2329-pipelines-6tcfk-2810823695, networkLocation: /default-rack, certSerialId: null} reports an CLOSED replica.
2019-10-31 17:52:56,642 [EventQueue-ContainerReportForContainerReportHandler] WARN  container.ContainerReportHandler (AbstractContainerReportHandler.java:updateContainerState(145)) - Container #1 is in OPEN state, but the datanode 3c4b9a55-490e-411c-8712-e94a51e11966{ip: 192.168.164.209, host: pr-hdds-2329-pipelines-6tcfk-2810823695, networkLocation: /default-rack, certSerialId: null} reports an CLOSED replica.
2019-10-31 17:52:56,707 [EventQueue-ContainerReportForContainerReportHandler] WARN  container.ContainerReportHandler (AbstractContainerReportHandler.java:updateContainerState(145)) - Container #1 is in OPEN state, but the datanode 8ad27c18-e1b1-434c-bb09-32fd11380927{ip: 192.168.164.209, host: pr-hdds-2329-pipelines-6tcfk-2810823695, networkLocation: /default-rack, certSerialId: null} reports an CLOSED replica.
2019-10-31 17:52:56,944 [EventQueue-ContainerReportForContainerReportHandler] WARN  container.ContainerReportHandler (AbstractContainerReportHandler.java:updateContainerState(145)) - Container #1 is in OPEN state, but the datanode 3c4b9a55-490e-411c-8712-e94a51e11966{ip: 192.168.164.209, host: pr-hdds-2329-pipelines-6tcfk-2810823695, networkLocation: /default-rack, certSerialId: null} reports an CLOSED replica.
2019-10-31 17:52:57,010 [EventQueue-ContainerReportForContainerReportHandler] WARN  container.ContainerReportHandler (AbstractContainerReportHandler.java:updateContainerState(145)) - Container #1 is in OPEN state, but the datanode 8ad27c18-e1b1-434c-bb09-32fd11380927{ip: 192.168.164.209, host: pr-hdds-2329-pipelines-6tcfk-2810823695, networkLocation: /default-rack, certSerialId: null} reports an CLOSED replica.
2019-10-31 17:52:57,144 [EventQueue-ContainerReportForContainerReportHandler] WARN  container.ContainerReportHandler (AbstractContainerReportHandler.java:updateContainerState(145)) - Container #1 is in OPEN state, but the datanode 3c4b9a55-490e-411c-8712-e94a51e11966{ip: 192.168.164.209, host: pr-hdds-2329-pipelines-6tcfk-2810823695, networkLocation: /default-rack, certSerialId: null} reports an CLOSED replica.
2019-10-31 17:52:57,208 [EventQueue-ContainerReportForContainerReportHandler] WARN  container.ContainerReportHandler (AbstractContainerReportHandler.java:updateContainerState(145)) - Container #1 is in OPEN state, but the datanode 8ad27c18-e1b1-434c-bb09-32fd11380927{ip: 192.168.164.209, host: pr-hdds-2329-pipelines-6tcfk-2810823695, networkLocation: /default-rack, certSerialId: null} reports an CLOSED replica.
2019-10-31 17:52:57,301 [BlockDeletingService#2] WARN  background.BlockDeletingService (BlockDeletingService.java:isDeletionAllowed(187)) - Close Container log Index 6 is not replicated across allthe servers in the pipeline 9d718bf7-db0a-4e77-ab39-65d104242c3e as the min replicated index is 4. Deletion is not allowed in this container yet.
2019-10-31 17:52:57,301 [BlockDeletingService#2] WARN  background.BlockDeletingService (BlockDeletingService.java:isDeletionAllowed(187)) - Close Container log Index 6 is not replicated across allthe servers in the pipeline 9d718bf7-db0a-4e77-ab39-65d104242c3e as the min replicated index is 4. Deletion is not allowed in this container yet.
2019-10-31 17:52:57,444 [EventQueue-ContainerReportForContainerReportHandler] WARN  container.ContainerReportHandler (AbstractContainerReportHandler.java:updateContainerState(145)) - Container #1 is in OPEN state, but the datanode 3c4b9a55-490e-411c-8712-e94a51e11966{ip: 192.168.164.209, host: pr-hdds-2329-pipelines-6tcfk-2810823695, networkLocation: /default-rack, certSerialId: null} reports an CLOSED replica.
2019-10-31 17:52:57,509 [EventQueue-ContainerReportForContainerReportHandler] WARN  container.ContainerReportHandler (AbstractContainerReportHandler.java:updateContainerState(145)) - Container #1 is in OPEN state, but the datanode 8ad27c18-e1b1-434c-bb09-32fd11380927{ip: 192.168.164.209, host: pr-hdds-2329-pipelines-6tcfk-2810823695, networkLocation: /default-rack, certSerialId: null} reports an CLOSED replica.
2019-10-31 17:52:57,709 [EventQueue-ContainerReportForContainerReportHandler] WARN  container.ContainerReportHandler (AbstractContainerReportHandler.java:updateContainerState(145)) - Container #1 is in OPEN state, but the datanode 8ad27c18-e1b1-434c-bb09-32fd11380927{ip: 192.168.164.209, host: pr-hdds-2329-pipelines-6tcfk-2810823695, networkLocation: /default-rack, certSerialId: null} reports an CLOSED replica.
2019-10-31 17:52:57,844 [EventQueue-ContainerReportForContainerReportHandler] WARN  container.ContainerReportHandler (AbstractContainerReportHandler.java:updateContainerState(145)) - Container #1 is in OPEN state, but the datanode 3c4b9a55-490e-411c-8712-e94a51e11966{ip: 192.168.164.209, host: pr-hdds-2329-pipelines-6tcfk-2810823695, networkLocation: /default-rack, certSerialId: null} reports an CLOSED replica.
2019-10-31 17:52:58,008 [EventQueue-ContainerReportForContainerReportHandler] WARN  container.ContainerReportHandler (AbstractContainerReportHandler.java:updateContainerState(145)) - Container #1 is in OPEN state, but the datanode 8ad27c18-e1b1-434c-bb09-32fd11380927{ip: 192.168.164.209, host: pr-hdds-2329-pipelines-6tcfk-2810823695, networkLocation: /default-rack, certSerialId: null} reports an CLOSED replica.
2019-10-31 17:52:58,045 [EventQueue-ContainerReportForContainerReportHandler] WARN  container.ContainerReportHandler (AbstractContainerReportHandler.java:updateContainerState(145)) - Container #1 is in OPEN state, but the datanode 3c4b9a55-490e-411c-8712-e94a51e11966{ip: 192.168.164.209, host: pr-hdds-2329-pipelines-6tcfk-2810823695, networkLocation: /default-rack, certSerialId: null} reports an CLOSED replica.
2019-10-31 17:52:58,245 [EventQueue-ContainerReportForContainerReportHandler] WARN  container.ContainerReportHandler (AbstractContainerReportHandler.java:updateContainerState(145)) - Container #1 is in OPEN state, but the datanode 3c4b9a55-490e-411c-8712-e94a51e11966{ip: 192.168.164.209, host: pr-hdds-2329-pipelines-6tcfk-2810823695, networkLocation: /default-rack, certSerialId: null} reports an CLOSED replica.
2019-10-31 17:52:58,303 [BlockDeletingService#2] WARN  background.BlockDeletingService (BlockDeletingService.java:isDeletionAllowed(187)) - Close Container log Index 6 is not replicated across allthe servers in the pipeline 9d718bf7-db0a-4e77-ab39-65d104242c3e as the min replicated index is 4. Deletion is not allowed in this container yet.
2019-10-31 17:52:58,303 [BlockDeletingService#2] WARN  background.BlockDeletingService (BlockDeletingService.java:isDeletionAllowed(187)) - Close Container log Index 6 is not replicated across allthe servers in the pipeline 9d718bf7-db0a-4e77-ab39-65d104242c3e as the min replicated index is 4. Deletion is not allowed in this container yet.
2019-10-31 17:52:58,409 [EventQueue-ContainerReportForContainerReportHandler] WARN  container.ContainerReportHandler (AbstractContainerReportHandler.java:updateContainerState(145)) - Container #1 is in OPEN state, but the datanode 8ad27c18-e1b1-434c-bb09-32fd11380927{ip: 192.168.164.209, host: pr-hdds-2329-pipelines-6tcfk-2810823695, networkLocation: /default-rack, certSerialId: null} reports an CLOSED replica.
2019-10-31 17:52:58,615 [java.util.concurrent.ThreadPoolExecutor$Worker@2e73371a[State = -1, empty queue]] WARN  server.GrpcLogAppender (GrpcLogAppender.java:timeoutAppendRequest(209)) - 8ad27c18-e1b1-434c-bb09-32fd11380927@group-65D104242C3E->0b281616-c01c-466a-8a2c-b7dbd5445109-GrpcLogAppender: appendEntries Timeout, request=8ad27c18-e1b1-434c-bb09-32fd11380927->0b281616-c01c-466a-8a2c-b7dbd5445109#44-t1, previous=(t:1, i:10), leaderCommit=10, initializing? false, entries: <empty>
2019-10-31 17:52:58,645 [EventQueue-ContainerReportForContainerReportHandler] WARN  container.ContainerReportHandler (AbstractContainerReportHandler.java:updateContainerState(145)) - Container #1 is in OPEN state, but the datanode 3c4b9a55-490e-411c-8712-e94a51e11966{ip: 192.168.164.209, host: pr-hdds-2329-pipelines-6tcfk-2810823695, networkLocation: /default-rack, certSerialId: null} reports an CLOSED replica.
2019-10-31 17:52:58,709 [EventQueue-ContainerReportForContainerReportHandler] WARN  container.ContainerReportHandler (AbstractContainerReportHandler.java:updateContainerState(145)) - Container #1 is in OPEN state, but the datanode 8ad27c18-e1b1-434c-bb09-32fd11380927{ip: 192.168.164.209, host: pr-hdds-2329-pipelines-6tcfk-2810823695, networkLocation: /default-rack, certSerialId: null} reports an CLOSED replica.
2019-10-31 17:52:58,845 [EventQueue-ContainerReportForContainerReportHandler] WARN  container.ContainerReportHandler (AbstractContainerReportHandler.java:updateContainerState(145)) - Container #1 is in OPEN state, but the datanode 3c4b9a55-490e-411c-8712-e94a51e11966{ip: 192.168.164.209, host: pr-hdds-2329-pipelines-6tcfk-2810823695, networkLocation: /default-rack, certSerialId: null} reports an CLOSED replica.
2019-10-31 17:52:59,111 [EventQueue-ContainerReportForContainerReportHandler] WARN  container.ContainerReportHandler (AbstractContainerReportHandler.java:updateContainerState(145)) - Container #1 is in OPEN state, but the datanode 8ad27c18-e1b1-434c-bb09-32fd11380927{ip: 192.168.164.209, host: pr-hdds-2329-pipelines-6tcfk-2810823695, networkLocation: /default-rack, certSerialId: null} reports an CLOSED replica.
2019-10-31 17:52:59,145 [EventQueue-ContainerReportForContainerReportHandler] WARN  container.ContainerReportHandler (AbstractContainerReportHandler.java:updateContainerState(145)) - Container #1 is in OPEN state, but the datanode 3c4b9a55-490e-411c-8712-e94a51e11966{ip: 192.168.164.209, host: pr-hdds-2329-pipelines-6tcfk-2810823695, networkLocation: /default-rack, certSerialId: null} reports an CLOSED replica.
2019-10-31 17:52:59,306 [BlockDeletingService#2] WARN  background.BlockDeletingService (BlockDeletingService.java:isDeletionAllowed(187)) - Close Container log Index 6 is not replicated across allthe servers in the pipeline 9d718bf7-db0a-4e77-ab39-65d104242c3e as the min replicated index is 4. Deletion is not allowed in this container yet.
2019-10-31 17:52:59,306 [BlockDeletingService#2] WARN  background.BlockDeletingService (BlockDeletingService.java:isDeletionAllowed(187)) - Close Container log Index 6 is not replicated across allthe servers in the pipeline 9d718bf7-db0a-4e77-ab39-65d104242c3e as the min replicated index is 4. Deletion is not allowed in this container yet.
2019-10-31 17:52:59,411 [EventQueue-ContainerReportForContainerReportHandler] WARN  container.ContainerReportHandler (AbstractContainerReportHandler.java:updateContainerState(145)) - Container #1 is in OPEN state, but the datanode 8ad27c18-e1b1-434c-bb09-32fd11380927{ip: 192.168.164.209, host: pr-hdds-2329-pipelines-6tcfk-2810823695, networkLocation: /default-rack, certSerialId: null} reports an CLOSED replica.
2019-10-31 17:52:59,549 [EventQueue-ContainerReportForContainerReportHandler] WARN  container.ContainerReportHandler (AbstractContainerReportHandler.java:updateContainerState(145)) - Container #1 is in OPEN state, but the datanode 3c4b9a55-490e-411c-8712-e94a51e11966{ip: 192.168.164.209, host: pr-hdds-2329-pipelines-6tcfk-2810823695, networkLocation: /default-rack, certSerialId: null} reports an CLOSED replica.
2019-10-31 17:52:59,712 [EventQueue-ContainerReportForContainerReportHandler] WARN  container.ContainerReportHandler (AbstractContainerReportHandler.java:updateContainerState(145)) - Container #1 is in OPEN state, but the datanode 8ad27c18-e1b1-434c-bb09-32fd11380927{ip: 192.168.164.209, host: pr-hdds-2329-pipelines-6tcfk-2810823695, networkLocation: /default-rack, certSerialId: null} reports an CLOSED replica.
2019-10-31 17:52:59,850 [EventQueue-ContainerReportForContainerReportHandler] WARN  container.ContainerReportHandler (AbstractContainerReportHandler.java:updateContainerState(145)) - Container #1 is in OPEN state, but the datanode 3c4b9a55-490e-411c-8712-e94a51e11966{ip: 192.168.164.209, host: pr-hdds-2329-pipelines-6tcfk-2810823695, networkLocation: /default-rack, certSerialId: null} reports an CLOSED replica.
2019-10-31 17:53:00,011 [EventQueue-ContainerReportForContainerReportHandler] WARN  container.ContainerReportHandler (AbstractContainerReportHandler.java:updateContainerState(145)) - Container #1 is in OPEN state, but the datanode 8ad27c18-e1b1-434c-bb09-32fd11380927{ip: 192.168.164.209, host: pr-hdds-2329-pipelines-6tcfk-2810823695, networkLocation: /default-rack, certSerialId: null} reports an CLOSED replica.
2019-10-31 17:53:00,046 [EventQueue-ContainerReportForContainerReportHandler] WARN  container.ContainerReportHandler (AbstractContainerReportHandler.java:updateContainerState(145)) - Container #1 is in OPEN state, but the datanode 3c4b9a55-490e-411c-8712-e94a51e11966{ip: 192.168.164.209, host: pr-hdds-2329-pipelines-6tcfk-2810823695, networkLocation: /default-rack, certSerialId: null} reports an CLOSED replica.
2019-10-31 17:53:00,309 [BlockDeletingService#2] WARN  background.BlockDeletingService (BlockDeletingService.java:isDeletionAllowed(187)) - Close Container log Index 6 is not replicated across allthe servers in the pipeline 9d718bf7-db0a-4e77-ab39-65d104242c3e as the min replicated index is 4. Deletion is not allowed in this container yet.
2019-10-31 17:53:00,309 [BlockDeletingService#2] WARN  background.BlockDeletingService (BlockDeletingService.java:isDeletionAllowed(187)) - Close Container log Index 6 is not replicated across allthe servers in the pipeline 9d718bf7-db0a-4e77-ab39-65d104242c3e as the min replicated index is 4. Deletion is not allowed in this container yet.
2019-10-31 17:53:00,312 [EventQueue-ContainerReportForContainerReportHandler] WARN  container.ContainerReportHandler (AbstractContainerReportHandler.java:updateContainerState(145)) - Container #1 is in OPEN state, but the datanode 8ad27c18-e1b1-434c-bb09-32fd11380927{ip: 192.168.164.209, host: pr-hdds-2329-pipelines-6tcfk-2810823695, networkLocation: /default-rack, certSerialId: null} reports an CLOSED replica.
2019-10-31 17:53:00,446 [EventQueue-ContainerReportForContainerReportHandler] WARN  container.ContainerReportHandler (AbstractContainerReportHandler.java:updateContainerState(145)) - Container #1 is in OPEN state, but the datanode 3c4b9a55-490e-411c-8712-e94a51e11966{ip: 192.168.164.209, host: pr-hdds-2329-pipelines-6tcfk-2810823695, networkLocation: /default-rack, certSerialId: null} reports an CLOSED replica.
2019-10-31 17:53:00,615 [EventQueue-ContainerReportForContainerReportHandler] WARN  container.ContainerReportHandler (AbstractContainerReportHandler.java:updateContainerState(145)) - Container #1 is in OPEN state, but the datanode 8ad27c18-e1b1-434c-bb09-32fd11380927{ip: 192.168.164.209, host: pr-hdds-2329-pipelines-6tcfk-2810823695, networkLocation: /default-rack, certSerialId: null} reports an CLOSED replica.
2019-10-31 17:53:00,815 [EventQueue-ContainerReportForContainerReportHandler] WARN  container.ContainerReportHandler (AbstractContainerReportHandler.java:updateContainerState(145)) - Container #1 is in OPEN state, but the datanode 8ad27c18-e1b1-434c-bb09-32fd11380927{ip: 192.168.164.209, host: pr-hdds-2329-pipelines-6tcfk-2810823695, networkLocation: /default-rack, certSerialId: null} reports an CLOSED replica.
2019-10-31 17:53:00,846 [EventQueue-ContainerReportForContainerReportHandler] WARN  container.ContainerReportHandler (AbstractContainerReportHandler.java:updateContainerState(145)) - Container #1 is in OPEN state, but the datanode 3c4b9a55-490e-411c-8712-e94a51e11966{ip: 192.168.164.209, host: pr-hdds-2329-pipelines-6tcfk-2810823695, networkLocation: /default-rack, certSerialId: null} reports an CLOSED replica.
2019-10-31 17:53:01,046 [EventQueue-ContainerReportForContainerReportHandler] WARN  container.ContainerReportHandler (AbstractContainerReportHandler.java:updateContainerState(145)) - Container #1 is in OPEN state, but the datanode 3c4b9a55-490e-411c-8712-e94a51e11966{ip: 192.168.164.209, host: pr-hdds-2329-pipelines-6tcfk-2810823695, networkLocation: /default-rack, certSerialId: null} reports an CLOSED replica.
2019-10-31 17:53:01,117 [java.util.concurrent.ThreadPoolExecutor$Worker@2e73371a[State = -1, empty queue]] WARN  server.GrpcLogAppender (GrpcLogAppender.java:timeoutAppendRequest(209)) - 8ad27c18-e1b1-434c-bb09-32fd11380927@group-65D104242C3E->0b281616-c01c-466a-8a2c-b7dbd5445109-GrpcLogAppender: appendEntries Timeout, request=8ad27c18-e1b1-434c-bb09-32fd11380927->0b281616-c01c-466a-8a2c-b7dbd5445109#45-t1, previous=(t:1, i:10), leaderCommit=10, initializing? false, entries: <empty>
2019-10-31 17:53:01,218 [EventQueue-ContainerReportForContainerReportHandler] WARN  container.ContainerReportHandler (AbstractContainerReportHandler.java:updateContainerState(145)) - Container #1 is in OPEN state, but the datanode 8ad27c18-e1b1-434c-bb09-32fd11380927{ip: 192.168.164.209, host: pr-hdds-2329-pipelines-6tcfk-2810823695, networkLocation: /default-rack, certSerialId: null} reports an CLOSED replica.
2019-10-31 17:53:01,301 [Thread-486] INFO  client.GrpcClientProtocolService (GrpcClientProtocolService.java:lambda$processClientRequest$0(279)) - Failed RaftClientRequest:client-2E3303FC451C->3c4b9a55-490e-411c-8712-e94a51e11966@group-65D104242C3E, cid=10, seq=0, Watch-ALL_COMMITTED(6), Message:<EMPTY>, reply=RaftClientReply:client-2E3303FC451C->3c4b9a55-490e-411c-8712-e94a51e11966@group-65D104242C3E, cid=10, FAILED org.apache.ratis.protocol.NotLeaderException: Server 3c4b9a55-490e-411c-8712-e94a51e11966@group-65D104242C3E is not the leader 8ad27c18-e1b1-434c-bb09-32fd11380927:192.168.164.209:34436, logIndex=0, commits[3c4b9a55-490e-411c-8712-e94a51e11966:c10, 8ad27c18-e1b1-434c-bb09-32fd11380927:c10, 0b281616-c01c-466a-8a2c-b7dbd5445109:c4]
2019-10-31 17:53:01,310 [BlockDeletingService#2] WARN  background.BlockDeletingService (BlockDeletingService.java:isDeletionAllowed(187)) - Close Container log Index 6 is not replicated across allthe servers in the pipeline 9d718bf7-db0a-4e77-ab39-65d104242c3e as the min replicated index is 4. Deletion is not allowed in this container yet.
2019-10-31 17:53:01,311 [BlockDeletingService#2] WARN  background.BlockDeletingService (BlockDeletingService.java:isDeletionAllowed(187)) - Close Container log Index 6 is not replicated across allthe servers in the pipeline 9d718bf7-db0a-4e77-ab39-65d104242c3e as the min replicated index is 4. Deletion is not allowed in this container yet.
2019-10-31 17:53:01,346 [EventQueue-ContainerReportForContainerReportHandler] WARN  container.ContainerReportHandler (AbstractContainerReportHandler.java:updateContainerState(145)) - Container #1 is in OPEN state, but the datanode 3c4b9a55-490e-411c-8712-e94a51e11966{ip: 192.168.164.209, host: pr-hdds-2329-pipelines-6tcfk-2810823695, networkLocation: /default-rack, certSerialId: null} reports an CLOSED replica.
2019-10-31 17:53:01,618 [EventQueue-ContainerReportForContainerReportHandler] WARN  container.ContainerReportHandler (AbstractContainerReportHandler.java:updateContainerState(145)) - Container #1 is in OPEN state, but the datanode 8ad27c18-e1b1-434c-bb09-32fd11380927{ip: 192.168.164.209, host: pr-hdds-2329-pipelines-6tcfk-2810823695, networkLocation: /default-rack, certSerialId: null} reports an CLOSED replica.
2019-10-31 17:53:01,647 [EventQueue-ContainerReportForContainerReportHandler] WARN  container.ContainerReportHandler (AbstractContainerReportHandler.java:updateContainerState(145)) - Container #1 is in OPEN state, but the datanode 3c4b9a55-490e-411c-8712-e94a51e11966{ip: 192.168.164.209, host: pr-hdds-2329-pipelines-6tcfk-2810823695, networkLocation: /default-rack, certSerialId: null} reports an CLOSED replica.
2019-10-31 17:53:02,018 [EventQueue-ContainerReportForContainerReportHandler] WARN  container.ContainerReportHandler (AbstractContainerReportHandler.java:updateContainerState(145)) - Container #1 is in OPEN state, but the datanode 8ad27c18-e1b1-434c-bb09-32fd11380927{ip: 192.168.164.209, host: pr-hdds-2329-pipelines-6tcfk-2810823695, networkLocation: /default-rack, certSerialId: null} reports an CLOSED replica.
2019-10-31 17:53:02,047 [EventQueue-ContainerReportForContainerReportHandler] WARN  container.ContainerReportHandler (AbstractContainerReportHandler.java:updateContainerState(145)) - Container #1 is in OPEN state, but the datanode 3c4b9a55-490e-411c-8712-e94a51e11966{ip: 192.168.164.209, host: pr-hdds-2329-pipelines-6tcfk-2810823695, networkLocation: /default-rack, certSerialId: null} reports an CLOSED replica.
2019-10-31 17:53:02,313 [BlockDeletingService#2] WARN  background.BlockDeletingService (BlockDeletingService.java:isDeletionAllowed(187)) - Close Container log Index 6 is not replicated across allthe servers in the pipeline 9d718bf7-db0a-4e77-ab39-65d104242c3e as the min replicated index is 4. Deletion is not allowed in this container yet.
2019-10-31 17:53:02,314 [BlockDeletingService#2] WARN  background.BlockDeletingService (BlockDeletingService.java:isDeletionAllowed(187)) - Close Container log Index 6 is not replicated across allthe servers in the pipeline 9d718bf7-db0a-4e77-ab39-65d104242c3e as the min replicated index is 4. Deletion is not allowed in this container yet.
2019-10-31 17:53:02,320 [EventQueue-ContainerReportForContainerReportHandler] WARN  container.ContainerReportHandler (AbstractContainerReportHandler.java:updateContainerState(145)) - Container #1 is in OPEN state, but the datanode 8ad27c18-e1b1-434c-bb09-32fd11380927{ip: 192.168.164.209, host: pr-hdds-2329-pipelines-6tcfk-2810823695, networkLocation: /default-rack, certSerialId: null} reports an CLOSED replica.
2019-10-31 17:53:02,349 [EventQueue-ContainerReportForContainerReportHandler] WARN  container.ContainerReportHandler (AbstractContainerReportHandler.java:updateContainerState(145)) - Container #1 is in OPEN state, but the datanode 3c4b9a55-490e-411c-8712-e94a51e11966{ip: 192.168.164.209, host: pr-hdds-2329-pipelines-6tcfk-2810823695, networkLocation: /default-rack, certSerialId: null} reports an CLOSED replica.
2019-10-31 17:53:02,520 [EventQueue-ContainerReportForContainerReportHandler] WARN  container.ContainerReportHandler (AbstractContainerReportHandler.java:updateContainerState(145)) - Container #1 is in OPEN state, but the datanode 8ad27c18-e1b1-434c-bb09-32fd11380927{ip: 192.168.164.209, host: pr-hdds-2329-pipelines-6tcfk-2810823695, networkLocation: /default-rack, certSerialId: null} reports an CLOSED replica.
2019-10-31 17:53:02,682 [Thread-493] INFO  client.GrpcClientProtocolService (GrpcClientProtocolService.java:lambda$processClientRequest$0(279)) - Failed RaftClientRequest:client-2E3303FC451C->8ad27c18-e1b1-434c-bb09-32fd11380927@group-65D104242C3E, cid=10, seq=0, Watch-ALL_COMMITTED(6), Message:<EMPTY>, reply=RaftClientReply:client-2E3303FC451C->8ad27c18-e1b1-434c-bb09-32fd11380927@group-65D104242C3E, cid=10, FAILED org.apache.ratis.protocol.NotReplicatedException: Request with call Id 10 and log index 6 is not yet replicated to ALL_COMMITTED, logIndex=6, commits[8ad27c18-e1b1-434c-bb09-32fd11380927:c10, 3c4b9a55-490e-411c-8712-e94a51e11966:c10, 0b281616-c01c-466a-8a2c-b7dbd5445109:c4]
2019-10-31 17:53:02,752 [EventQueue-ContainerReportForContainerReportHandler] WARN  container.ContainerReportHandler (AbstractContainerReportHandler.java:updateContainerState(145)) - Container #1 is in OPEN state, but the datanode 3c4b9a55-490e-411c-8712-e94a51e11966{ip: 192.168.164.209, host: pr-hdds-2329-pipelines-6tcfk-2810823695, networkLocation: /default-rack, certSerialId: null} reports an CLOSED replica.
2019-10-31 17:53:02,821 [EventQueue-ContainerReportForContainerReportHandler] WARN  container.ContainerReportHandler (AbstractContainerReportHandler.java:updateContainerState(145)) - Container #1 is in OPEN state, but the datanode 8ad27c18-e1b1-434c-bb09-32fd11380927{ip: 192.168.164.209, host: pr-hdds-2329-pipelines-6tcfk-2810823695, networkLocation: /default-rack, certSerialId: null} reports an CLOSED replica.
2019-10-31 17:53:03,051 [EventQueue-ContainerReportForContainerReportHandler] WARN  container.ContainerReportHandler (AbstractContainerReportHandler.java:updateContainerState(145)) - Container #1 is in OPEN state, but the datanode 3c4b9a55-490e-411c-8712-e94a51e11966{ip: 192.168.164.209, host: pr-hdds-2329-pipelines-6tcfk-2810823695, networkLocation: /default-rack, certSerialId: null} reports an CLOSED replica.
2019-10-31 17:53:03,222 [EventQueue-ContainerReportForContainerReportHandler] WARN  container.ContainerReportHandler (AbstractContainerReportHandler.java:updateContainerState(145)) - Container #1 is in OPEN state, but the datanode 8ad27c18-e1b1-434c-bb09-32fd11380927{ip: 192.168.164.209, host: pr-hdds-2329-pipelines-6tcfk-2810823695, networkLocation: /default-rack, certSerialId: null} reports an CLOSED replica.
2019-10-31 17:53:03,315 [BlockDeletingService#2] WARN  background.BlockDeletingService (BlockDeletingService.java:isDeletionAllowed(187)) - Close Container log Index 6 is not replicated across allthe servers in the pipeline 9d718bf7-db0a-4e77-ab39-65d104242c3e as the min replicated index is 4. Deletion is not allowed in this container yet.
2019-10-31 17:53:03,316 [BlockDeletingService#2] WARN  background.BlockDeletingService (BlockDeletingService.java:isDeletionAllowed(187)) - Close Container log Index 6 is not replicated across allthe servers in the pipeline 9d718bf7-db0a-4e77-ab39-65d104242c3e as the min replicated index is 4. Deletion is not allowed in this container yet.
2019-10-31 17:53:03,351 [EventQueue-ContainerReportForContainerReportHandler] WARN  container.ContainerReportHandler (AbstractContainerReportHandler.java:updateContainerState(145)) - Container #1 is in OPEN state, but the datanode 3c4b9a55-490e-411c-8712-e94a51e11966{ip: 192.168.164.209, host: pr-hdds-2329-pipelines-6tcfk-2810823695, networkLocation: /default-rack, certSerialId: null} reports an CLOSED replica.
2019-10-31 17:53:03,619 [java.util.concurrent.ThreadPoolExecutor$Worker@2e73371a[State = -1, empty queue]] WARN  server.GrpcLogAppender (GrpcLogAppender.java:timeoutAppendRequest(209)) - 8ad27c18-e1b1-434c-bb09-32fd11380927@group-65D104242C3E->0b281616-c01c-466a-8a2c-b7dbd5445109-GrpcLogAppender: appendEntries Timeout, request=8ad27c18-e1b1-434c-bb09-32fd11380927->0b281616-c01c-466a-8a2c-b7dbd5445109#46-t1, previous=(t:1, i:10), leaderCommit=10, initializing? false, entries: <empty>
2019-10-31 17:53:03,622 [EventQueue-ContainerReportForContainerReportHandler] WARN  container.ContainerReportHandler (AbstractContainerReportHandler.java:updateContainerState(145)) - Container #1 is in OPEN state, but the datanode 8ad27c18-e1b1-434c-bb09-32fd11380927{ip: 192.168.164.209, host: pr-hdds-2329-pipelines-6tcfk-2810823695, networkLocation: /default-rack, certSerialId: null} reports an CLOSED replica.
2019-10-31 17:53:03,652 [EventQueue-ContainerReportForContainerReportHandler] WARN  container.ContainerReportHandler (AbstractContainerReportHandler.java:updateContainerState(145)) - Container #1 is in OPEN state, but the datanode 3c4b9a55-490e-411c-8712-e94a51e11966{ip: 192.168.164.209, host: pr-hdds-2329-pipelines-6tcfk-2810823695, networkLocation: /default-rack, certSerialId: null} reports an CLOSED replica.
2019-10-31 17:53:03,852 [EventQueue-ContainerReportForContainerReportHandler] WARN  container.ContainerReportHandler (AbstractContainerReportHandler.java:updateContainerState(145)) - Container #1 is in OPEN state, but the datanode 3c4b9a55-490e-411c-8712-e94a51e11966{ip: 192.168.164.209, host: pr-hdds-2329-pipelines-6tcfk-2810823695, networkLocation: /default-rack, certSerialId: null} reports an CLOSED replica.
2019-10-31 17:53:03,922 [EventQueue-ContainerReportForContainerReportHandler] WARN  container.ContainerReportHandler (AbstractContainerReportHandler.java:updateContainerState(145)) - Container #1 is in OPEN state, but the datanode 8ad27c18-e1b1-434c-bb09-32fd11380927{ip: 192.168.164.209, host: pr-hdds-2329-pipelines-6tcfk-2810823695, networkLocation: /default-rack, certSerialId: null} reports an CLOSED replica.
2019-10-31 17:53:04,053 [EventQueue-ContainerReportForContainerReportHandler] WARN  container.ContainerReportHandler (AbstractContainerReportHandler.java:updateContainerState(145)) - Container #1 is in OPEN state, but the datanode 3c4b9a55-490e-411c-8712-e94a51e11966{ip: 192.168.164.209, host: pr-hdds-2329-pipelines-6tcfk-2810823695, networkLocation: /default-rack, certSerialId: null} reports an CLOSED replica.
2019-10-31 17:53:04,221 [EventQueue-ContainerReportForContainerReportHandler] WARN  container.ContainerReportHandler (AbstractContainerReportHandler.java:updateContainerState(145)) - Container #1 is in OPEN state, but the datanode 8ad27c18-e1b1-434c-bb09-32fd11380927{ip: 192.168.164.209, host: pr-hdds-2329-pipelines-6tcfk-2810823695, networkLocation: /default-rack, certSerialId: null} reports an CLOSED replica.
2019-10-31 17:53:04,320 [BlockDeletingService#2] WARN  background.BlockDeletingService (BlockDeletingService.java:isDeletionAllowed(187)) - Close Container log Index 6 is not replicated across allthe servers in the pipeline 9d718bf7-db0a-4e77-ab39-65d104242c3e as the min replicated index is 4. Deletion is not allowed in this container yet.
2019-10-31 17:53:04,321 [BlockDeletingService#2] WARN  background.BlockDeletingService (BlockDeletingService.java:isDeletionAllowed(187)) - Close Container log Index 6 is not replicated across allthe servers in the pipeline 9d718bf7-db0a-4e77-ab39-65d104242c3e as the min replicated index is 4. Deletion is not allowed in this container yet.
2019-10-31 17:53:04,452 [EventQueue-ContainerReportForContainerReportHandler] WARN  container.ContainerReportHandler (AbstractContainerReportHandler.java:updateContainerState(145)) - Container #1 is in OPEN state, but the datanode 3c4b9a55-490e-411c-8712-e94a51e11966{ip: 192.168.164.209, host: pr-hdds-2329-pipelines-6tcfk-2810823695, networkLocation: /default-rack, certSerialId: null} reports an CLOSED replica.
2019-10-31 17:53:04,621 [EventQueue-ContainerReportForContainerReportHandler] WARN  container.ContainerReportHandler (AbstractContainerReportHandler.java:updateContainerState(145)) - Container #1 is in OPEN state, but the datanode 8ad27c18-e1b1-434c-bb09-32fd11380927{ip: 192.168.164.209, host: pr-hdds-2329-pipelines-6tcfk-2810823695, networkLocation: /default-rack, certSerialId: null} reports an CLOSED replica.
2019-10-31 17:53:04,752 [EventQueue-ContainerReportForContainerReportHandler] WARN  container.ContainerReportHandler (AbstractContainerReportHandler.java:updateContainerState(145)) - Container #1 is in OPEN state, but the datanode 3c4b9a55-490e-411c-8712-e94a51e11966{ip: 192.168.164.209, host: pr-hdds-2329-pipelines-6tcfk-2810823695, networkLocation: /default-rack, certSerialId: null} reports an CLOSED replica.
2019-10-31 17:53:04,821 [EventQueue-ContainerReportForContainerReportHandler] WARN  container.ContainerReportHandler (AbstractContainerReportHandler.java:updateContainerState(145)) - Container #1 is in OPEN state, but the datanode 8ad27c18-e1b1-434c-bb09-32fd11380927{ip: 192.168.164.209, host: pr-hdds-2329-pipelines-6tcfk-2810823695, networkLocation: /default-rack, certSerialId: null} reports an CLOSED replica.
2019-10-31 17:53:05,121 [EventQueue-ContainerReportForContainerReportHandler] WARN  container.ContainerReportHandler (AbstractContainerReportHandler.java:updateContainerState(145)) - Container #1 is in OPEN state, but the datanode 8ad27c18-e1b1-434c-bb09-32fd11380927{ip: 192.168.164.209, host: pr-hdds-2329-pipelines-6tcfk-2810823695, networkLocation: /default-rack, certSerialId: null} reports an CLOSED replica.
2019-10-31 17:53:05,152 [EventQueue-ContainerReportForContainerReportHandler] WARN  container.ContainerReportHandler (AbstractContainerReportHandler.java:updateContainerState(145)) - Container #1 is in OPEN state, but the datanode 3c4b9a55-490e-411c-8712-e94a51e11966{ip: 192.168.164.209, host: pr-hdds-2329-pipelines-6tcfk-2810823695, networkLocation: /default-rack, certSerialId: null} reports an CLOSED replica.
2019-10-31 17:53:05,322 [BlockDeletingService#2] WARN  background.BlockDeletingService (BlockDeletingService.java:isDeletionAllowed(187)) - Close Container log Index 6 is not replicated across allthe servers in the pipeline 9d718bf7-db0a-4e77-ab39-65d104242c3e as the min replicated index is 4. Deletion is not allowed in this container yet.
2019-10-31 17:53:05,322 [BlockDeletingService#2] WARN  background.BlockDeletingService (BlockDeletingService.java:isDeletionAllowed(187)) - Close Container log Index 6 is not replicated across allthe servers in the pipeline 9d718bf7-db0a-4e77-ab39-65d104242c3e as the min replicated index is 4. Deletion is not allowed in this container yet.
2019-10-31 17:53:05,422 [EventQueue-ContainerReportForContainerReportHandler] WARN  container.ContainerReportHandler (AbstractContainerReportHandler.java:updateContainerState(145)) - Container #1 is in OPEN state, but the datanode 8ad27c18-e1b1-434c-bb09-32fd11380927{ip: 192.168.164.209, host: pr-hdds-2329-pipelines-6tcfk-2810823695, networkLocation: /default-rack, certSerialId: null} reports an CLOSED replica.
2019-10-31 17:53:05,453 [EventQueue-ContainerReportForContainerReportHandler] WARN  container.ContainerReportHandler (AbstractContainerReportHandler.java:updateContainerState(145)) - Container #1 is in OPEN state, but the datanode 3c4b9a55-490e-411c-8712-e94a51e11966{ip: 192.168.164.209, host: pr-hdds-2329-pipelines-6tcfk-2810823695, networkLocation: /default-rack, certSerialId: null} reports an CLOSED replica.
2019-10-31 17:53:05,725 [EventQueue-ContainerReportForContainerReportHandler] WARN  container.ContainerReportHandler (AbstractContainerReportHandler.java:updateContainerState(145)) - Container #1 is in OPEN state, but the datanode 8ad27c18-e1b1-434c-bb09-32fd11380927{ip: 192.168.164.209, host: pr-hdds-2329-pipelines-6tcfk-2810823695, networkLocation: /default-rack, certSerialId: null} reports an CLOSED replica.
2019-10-31 17:53:05,755 [EventQueue-ContainerReportForContainerReportHandler] WARN  container.ContainerReportHandler (AbstractContainerReportHandler.java:updateContainerState(145)) - Container #1 is in OPEN state, but the datanode 3c4b9a55-490e-411c-8712-e94a51e11966{ip: 192.168.164.209, host: pr-hdds-2329-pipelines-6tcfk-2810823695, networkLocation: /default-rack, certSerialId: null} reports an CLOSED replica.
2019-10-31 17:53:05,955 [EventQueue-ContainerReportForContainerReportHandler] WARN  container.ContainerReportHandler (AbstractContainerReportHandler.java:updateContainerState(145)) - Container #1 is in OPEN state, but the datanode 3c4b9a55-490e-411c-8712-e94a51e11966{ip: 192.168.164.209, host: pr-hdds-2329-pipelines-6tcfk-2810823695, networkLocation: /default-rack, certSerialId: null} reports an CLOSED replica.
2019-10-31 17:53:06,026 [EventQueue-ContainerReportForContainerReportHandler] WARN  container.ContainerReportHandler (AbstractContainerReportHandler.java:updateContainerState(145)) - Container #1 is in OPEN state, but the datanode 8ad27c18-e1b1-434c-bb09-32fd11380927{ip: 192.168.164.209, host: pr-hdds-2329-pipelines-6tcfk-2810823695, networkLocation: /default-rack, certSerialId: null} reports an CLOSED replica.
2019-10-31 17:53:06,119 [java.util.concurrent.ThreadPoolExecutor$Worker@2e73371a[State = -1, empty queue]] WARN  server.GrpcLogAppender (GrpcLogAppender.java:timeoutAppendRequest(209)) - 8ad27c18-e1b1-434c-bb09-32fd11380927@group-65D104242C3E->0b281616-c01c-466a-8a2c-b7dbd5445109-GrpcLogAppender: appendEntries Timeout, request=8ad27c18-e1b1-434c-bb09-32fd11380927->0b281616-c01c-466a-8a2c-b7dbd5445109#47-t1, previous=(t:1, i:10), leaderCommit=10, initializing? false, entries: <empty>
2019-10-31 17:53:06,255 [EventQueue-ContainerReportForContainerReportHandler] WARN  container.ContainerReportHandler (AbstractContainerReportHandler.java:updateContainerState(145)) - Container #1 is in OPEN state, but the datanode 3c4b9a55-490e-411c-8712-e94a51e11966{ip: 192.168.164.209, host: pr-hdds-2329-pipelines-6tcfk-2810823695, networkLocation: /default-rack, certSerialId: null} reports an CLOSED replica.
2019-10-31 17:53:06,324 [BlockDeletingService#2] WARN  background.BlockDeletingService (BlockDeletingService.java:isDeletionAllowed(187)) - Close Container log Index 6 is not replicated across allthe servers in the pipeline 9d718bf7-db0a-4e77-ab39-65d104242c3e as the min replicated index is 4. Deletion is not allowed in this container yet.
2019-10-31 17:53:06,324 [BlockDeletingService#2] WARN  background.BlockDeletingService (BlockDeletingService.java:isDeletionAllowed(187)) - Close Container log Index 6 is not replicated across allthe servers in the pipeline 9d718bf7-db0a-4e77-ab39-65d104242c3e as the min replicated index is 4. Deletion is not allowed in this container yet.
2019-10-31 17:53:06,326 [EventQueue-ContainerReportForContainerReportHandler] WARN  container.ContainerReportHandler (AbstractContainerReportHandler.java:updateContainerState(145)) - Container #1 is in OPEN state, but the datanode 8ad27c18-e1b1-434c-bb09-32fd11380927{ip: 192.168.164.209, host: pr-hdds-2329-pipelines-6tcfk-2810823695, networkLocation: /default-rack, certSerialId: null} reports an CLOSED replica.
2019-10-31 17:53:06,555 [EventQueue-ContainerReportForContainerReportHandler] WARN  container.ContainerReportHandler (AbstractContainerReportHandler.java:updateContainerState(145)) - Container #1 is in OPEN state, but the datanode 3c4b9a55-490e-411c-8712-e94a51e11966{ip: 192.168.164.209, host: pr-hdds-2329-pipelines-6tcfk-2810823695, networkLocation: /default-rack, certSerialId: null} reports an CLOSED replica.
2019-10-31 17:53:06,726 [EventQueue-ContainerReportForContainerReportHandler] WARN  container.ContainerReportHandler (AbstractContainerReportHandler.java:updateContainerState(145)) - Container #1 is in OPEN state, but the datanode 8ad27c18-e1b1-434c-bb09-32fd11380927{ip: 192.168.164.209, host: pr-hdds-2329-pipelines-6tcfk-2810823695, networkLocation: /default-rack, certSerialId: null} reports an CLOSED replica.
2019-10-31 17:53:06,854 [EventQueue-ContainerReportForContainerReportHandler] WARN  container.ContainerReportHandler (AbstractContainerReportHandler.java:updateContainerState(145)) - Container #1 is in OPEN state, but the datanode 3c4b9a55-490e-411c-8712-e94a51e11966{ip: 192.168.164.209, host: pr-hdds-2329-pipelines-6tcfk-2810823695, networkLocation: /default-rack, certSerialId: null} reports an CLOSED replica.
2019-10-31 17:53:06,925 [EventQueue-ContainerReportForContainerReportHandler] WARN  container.ContainerReportHandler (AbstractContainerReportHandler.java:updateContainerState(145)) - Container #1 is in OPEN state, but the datanode 8ad27c18-e1b1-434c-bb09-32fd11380927{ip: 192.168.164.209, host: pr-hdds-2329-pipelines-6tcfk-2810823695, networkLocation: /default-rack, certSerialId: null} reports an CLOSED replica.
2019-10-31 17:53:07,226 [EventQueue-ContainerReportForContainerReportHandler] WARN  container.ContainerReportHandler (AbstractContainerReportHandler.java:updateContainerState(145)) - Container #1 is in OPEN state, but the datanode 8ad27c18-e1b1-434c-bb09-32fd11380927{ip: 192.168.164.209, host: pr-hdds-2329-pipelines-6tcfk-2810823695, networkLocation: /default-rack, certSerialId: null} reports an CLOSED replica.
2019-10-31 17:53:07,254 [EventQueue-ContainerReportForContainerReportHandler] WARN  container.ContainerReportHandler (AbstractContainerReportHandler.java:updateContainerState(145)) - Container #1 is in OPEN state, but the datanode 3c4b9a55-490e-411c-8712-e94a51e11966{ip: 192.168.164.209, host: pr-hdds-2329-pipelines-6tcfk-2810823695, networkLocation: /default-rack, certSerialId: null} reports an CLOSED replica.
2019-10-31 17:53:07,325 [BlockDeletingService#2] WARN  background.BlockDeletingService (BlockDeletingService.java:isDeletionAllowed(187)) - Close Container log Index 6 is not replicated across allthe servers in the pipeline 9d718bf7-db0a-4e77-ab39-65d104242c3e as the min replicated index is 4. Deletion is not allowed in this container yet.
2019-10-31 17:53:07,325 [BlockDeletingService#2] WARN  background.BlockDeletingService (BlockDeletingService.java:isDeletionAllowed(187)) - Close Container log Index 6 is not replicated across allthe servers in the pipeline 9d718bf7-db0a-4e77-ab39-65d104242c3e as the min replicated index is 4. Deletion is not allowed in this container yet.
2019-10-31 17:53:07,528 [EventQueue-ContainerReportForContainerReportHandler] WARN  container.ContainerReportHandler (AbstractContainerReportHandler.java:updateContainerState(145)) - Container #1 is in OPEN state, but the datanode 8ad27c18-e1b1-434c-bb09-32fd11380927{ip: 192.168.164.209, host: pr-hdds-2329-pipelines-6tcfk-2810823695, networkLocation: /default-rack, certSerialId: null} reports an CLOSED replica.
2019-10-31 17:53:07,658 [EventQueue-ContainerReportForContainerReportHandler] WARN  container.ContainerReportHandler (AbstractContainerReportHandler.java:updateContainerState(145)) - Container #1 is in OPEN state, but the datanode 3c4b9a55-490e-411c-8712-e94a51e11966{ip: 192.168.164.209, host: pr-hdds-2329-pipelines-6tcfk-2810823695, networkLocation: /default-rack, certSerialId: null} reports an CLOSED replica.
2019-10-31 17:53:07,828 [EventQueue-ContainerReportForContainerReportHandler] WARN  container.ContainerReportHandler (AbstractContainerReportHandler.java:updateContainerState(145)) - Container #1 is in OPEN state, but the datanode 8ad27c18-e1b1-434c-bb09-32fd11380927{ip: 192.168.164.209, host: pr-hdds-2329-pipelines-6tcfk-2810823695, networkLocation: /default-rack, certSerialId: null} reports an CLOSED replica.
2019-10-31 17:53:07,961 [EventQueue-ContainerReportForContainerReportHandler] WARN  container.ContainerReportHandler (AbstractContainerReportHandler.java:updateContainerState(145)) - Container #1 is in OPEN state, but the datanode 3c4b9a55-490e-411c-8712-e94a51e11966{ip: 192.168.164.209, host: pr-hdds-2329-pipelines-6tcfk-2810823695, networkLocation: /default-rack, certSerialId: null} reports an CLOSED replica.
2019-10-31 17:53:08,127 [EventQueue-ContainerReportForContainerReportHandler] WARN  container.ContainerReportHandler (AbstractContainerReportHandler.java:updateContainerState(145)) - Container #1 is in OPEN state, but the datanode 8ad27c18-e1b1-434c-bb09-32fd11380927{ip: 192.168.164.209, host: pr-hdds-2329-pipelines-6tcfk-2810823695, networkLocation: /default-rack, certSerialId: null} reports an CLOSED replica.
2019-10-31 17:53:08,162 [EventQueue-ContainerReportForContainerReportHandler] WARN  container.ContainerReportHandler (AbstractContainerReportHandler.java:updateContainerState(145)) - Container #1 is in OPEN state, but the datanode 3c4b9a55-490e-411c-8712-e94a51e11966{ip: 192.168.164.209, host: pr-hdds-2329-pipelines-6tcfk-2810823695, networkLocation: /default-rack, certSerialId: null} reports an CLOSED replica.
2019-10-31 17:53:08,326 [BlockDeletingService#2] WARN  background.BlockDeletingService (BlockDeletingService.java:isDeletionAllowed(187)) - Close Container log Index 6 is not replicated across allthe servers in the pipeline 9d718bf7-db0a-4e77-ab39-65d104242c3e as the min replicated index is 4. Deletion is not allowed in this container yet.
2019-10-31 17:53:08,327 [BlockDeletingService#2] WARN  background.BlockDeletingService (BlockDeletingService.java:isDeletionAllowed(187)) - Close Container log Index 6 is not replicated across allthe servers in the pipeline 9d718bf7-db0a-4e77-ab39-65d104242c3e as the min replicated index is 4. Deletion is not allowed in this container yet.
2019-10-31 17:53:08,427 [EventQueue-ContainerReportForContainerReportHandler] WARN  container.ContainerReportHandler (AbstractContainerReportHandler.java:updateContainerState(145)) - Container #1 is in OPEN state, but the datanode 8ad27c18-e1b1-434c-bb09-32fd11380927{ip: 192.168.164.209, host: pr-hdds-2329-pipelines-6tcfk-2810823695, networkLocation: /default-rack, certSerialId: null} reports an CLOSED replica.
2019-10-31 17:53:08,464 [EventQueue-ContainerReportForContainerReportHandler] WARN  container.ContainerReportHandler (AbstractContainerReportHandler.java:updateContainerState(145)) - Container #1 is in OPEN state, but the datanode 3c4b9a55-490e-411c-8712-e94a51e11966{ip: 192.168.164.209, host: pr-hdds-2329-pipelines-6tcfk-2810823695, networkLocation: /default-rack, certSerialId: null} reports an CLOSED replica.
2019-10-31 17:53:08,620 [java.util.concurrent.ThreadPoolExecutor$Worker@2e73371a[State = -1, empty queue]] WARN  server.GrpcLogAppender (GrpcLogAppender.java:timeoutAppendRequest(209)) - 8ad27c18-e1b1-434c-bb09-32fd11380927@group-65D104242C3E->0b281616-c01c-466a-8a2c-b7dbd5445109-GrpcLogAppender: appendEntries Timeout, request=8ad27c18-e1b1-434c-bb09-32fd11380927->0b281616-c01c-466a-8a2c-b7dbd5445109#48-t1, previous=(t:1, i:10), leaderCommit=10, initializing? false, entries: <empty>
2019-10-31 17:53:08,628 [EventQueue-ContainerReportForContainerReportHandler] WARN  container.ContainerReportHandler (AbstractContainerReportHandler.java:updateContainerState(145)) - Container #1 is in OPEN state, but the datanode 8ad27c18-e1b1-434c-bb09-32fd11380927{ip: 192.168.164.209, host: pr-hdds-2329-pipelines-6tcfk-2810823695, networkLocation: /default-rack, certSerialId: null} reports an CLOSED replica.
2019-10-31 17:53:08,664 [EventQueue-ContainerReportForContainerReportHandler] WARN  container.ContainerReportHandler (AbstractContainerReportHandler.java:updateContainerState(145)) - Container #1 is in OPEN state, but the datanode 3c4b9a55-490e-411c-8712-e94a51e11966{ip: 192.168.164.209, host: pr-hdds-2329-pipelines-6tcfk-2810823695, networkLocation: /default-rack, certSerialId: null} reports an CLOSED replica.
2019-10-31 17:53:08,827 [EventQueue-ContainerReportForContainerReportHandler] WARN  container.ContainerReportHandler (AbstractContainerReportHandler.java:updateContainerState(145)) - Container #1 is in OPEN state, but the datanode 8ad27c18-e1b1-434c-bb09-32fd11380927{ip: 192.168.164.209, host: pr-hdds-2329-pipelines-6tcfk-2810823695, networkLocation: /default-rack, certSerialId: null} reports an CLOSED replica.
2019-10-31 17:53:08,864 [EventQueue-ContainerReportForContainerReportHandler] WARN  container.ContainerReportHandler (AbstractContainerReportHandler.java:updateContainerState(145)) - Container #1 is in OPEN state, but the datanode 3c4b9a55-490e-411c-8712-e94a51e11966{ip: 192.168.164.209, host: pr-hdds-2329-pipelines-6tcfk-2810823695, networkLocation: /default-rack, certSerialId: null} reports an CLOSED replica.
2019-10-31 17:53:09,127 [EventQueue-ContainerReportForContainerReportHandler] WARN  container.ContainerReportHandler (AbstractContainerReportHandler.java:updateContainerState(145)) - Container #1 is in OPEN state, but the datanode 8ad27c18-e1b1-434c-bb09-32fd11380927{ip: 192.168.164.209, host: pr-hdds-2329-pipelines-6tcfk-2810823695, networkLocation: /default-rack, certSerialId: null} reports an CLOSED replica.
2019-10-31 17:53:09,164 [EventQueue-ContainerReportForContainerReportHandler] WARN  container.ContainerReportHandler (AbstractContainerReportHandler.java:updateContainerState(145)) - Container #1 is in OPEN state, but the datanode 3c4b9a55-490e-411c-8712-e94a51e11966{ip: 192.168.164.209, host: pr-hdds-2329-pipelines-6tcfk-2810823695, networkLocation: /default-rack, certSerialId: null} reports an CLOSED replica.
2019-10-31 17:53:09,328 [BlockDeletingService#2] WARN  background.BlockDeletingService (BlockDeletingService.java:isDeletionAllowed(187)) - Close Container log Index 6 is not replicated across allthe servers in the pipeline 9d718bf7-db0a-4e77-ab39-65d104242c3e as the min replicated index is 4. Deletion is not allowed in this container yet.
2019-10-31 17:53:09,328 [BlockDeletingService#2] WARN  background.BlockDeletingService (BlockDeletingService.java:isDeletionAllowed(187)) - Close Container log Index 6 is not replicated across allthe servers in the pipeline 9d718bf7-db0a-4e77-ab39-65d104242c3e as the min replicated index is 4. Deletion is not allowed in this container yet.
2019-10-31 17:53:09,364 [EventQueue-ContainerReportForContainerReportHandler] WARN  container.ContainerReportHandler (AbstractContainerReportHandler.java:updateContainerState(145)) - Container #1 is in OPEN state, but the datanode 3c4b9a55-490e-411c-8712-e94a51e11966{ip: 192.168.164.209, host: pr-hdds-2329-pipelines-6tcfk-2810823695, networkLocation: /default-rack, certSerialId: null} reports an CLOSED replica.
2019-10-31 17:53:09,428 [EventQueue-ContainerReportForContainerReportHandler] WARN  container.ContainerReportHandler (AbstractContainerReportHandler.java:updateContainerState(145)) - Container #1 is in OPEN state, but the datanode 8ad27c18-e1b1-434c-bb09-32fd11380927{ip: 192.168.164.209, host: pr-hdds-2329-pipelines-6tcfk-2810823695, networkLocation: /default-rack, certSerialId: null} reports an CLOSED replica.
2019-10-31 17:53:09,628 [EventQueue-ContainerReportForContainerReportHandler] WARN  container.ContainerReportHandler (AbstractContainerReportHandler.java:updateContainerState(145)) - Container #1 is in OPEN state, but the datanode 8ad27c18-e1b1-434c-bb09-32fd11380927{ip: 192.168.164.209, host: pr-hdds-2329-pipelines-6tcfk-2810823695, networkLocation: /default-rack, certSerialId: null} reports an CLOSED replica.
2019-10-31 17:53:09,664 [EventQueue-ContainerReportForContainerReportHandler] WARN  container.ContainerReportHandler (AbstractContainerReportHandler.java:updateContainerState(145)) - Container #1 is in OPEN state, but the datanode 3c4b9a55-490e-411c-8712-e94a51e11966{ip: 192.168.164.209, host: pr-hdds-2329-pipelines-6tcfk-2810823695, networkLocation: /default-rack, certSerialId: null} reports an CLOSED replica.
2019-10-31 17:53:09,965 [EventQueue-ContainerReportForContainerReportHandler] WARN  container.ContainerReportHandler (AbstractContainerReportHandler.java:updateContainerState(145)) - Container #1 is in OPEN state, but the datanode 3c4b9a55-490e-411c-8712-e94a51e11966{ip: 192.168.164.209, host: pr-hdds-2329-pipelines-6tcfk-2810823695, networkLocation: /default-rack, certSerialId: null} reports an CLOSED replica.
2019-10-31 17:53:10,029 [EventQueue-ContainerReportForContainerReportHandler] WARN  container.ContainerReportHandler (AbstractContainerReportHandler.java:updateContainerState(145)) - Container #1 is in OPEN state, but the datanode 8ad27c18-e1b1-434c-bb09-32fd11380927{ip: 192.168.164.209, host: pr-hdds-2329-pipelines-6tcfk-2810823695, networkLocation: /default-rack, certSerialId: null} reports an CLOSED replica.
2019-10-31 17:53:10,229 [EventQueue-ContainerReportForContainerReportHandler] WARN  container.ContainerReportHandler (AbstractContainerReportHandler.java:updateContainerState(145)) - Container #1 is in OPEN state, but the datanode 8ad27c18-e1b1-434c-bb09-32fd11380927{ip: 192.168.164.209, host: pr-hdds-2329-pipelines-6tcfk-2810823695, networkLocation: /default-rack, certSerialId: null} reports an CLOSED replica.
2019-10-31 17:53:10,330 [BlockDeletingService#2] WARN  background.BlockDeletingService (BlockDeletingService.java:isDeletionAllowed(187)) - Close Container log Index 6 is not replicated across allthe servers in the pipeline 9d718bf7-db0a-4e77-ab39-65d104242c3e as the min replicated index is 4. Deletion is not allowed in this container yet.
2019-10-31 17:53:10,330 [BlockDeletingService#2] WARN  background.BlockDeletingService (BlockDeletingService.java:isDeletionAllowed(187)) - Close Container log Index 6 is not replicated across allthe servers in the pipeline 9d718bf7-db0a-4e77-ab39-65d104242c3e as the min replicated index is 4. Deletion is not allowed in this container yet.
2019-10-31 17:53:10,365 [EventQueue-ContainerReportForContainerReportHandler] WARN  container.ContainerReportHandler (AbstractContainerReportHandler.java:updateContainerState(145)) - Container #1 is in OPEN state, but the datanode 3c4b9a55-490e-411c-8712-e94a51e11966{ip: 192.168.164.209, host: pr-hdds-2329-pipelines-6tcfk-2810823695, networkLocation: /default-rack, certSerialId: null} reports an CLOSED replica.
2019-10-31 17:53:10,430 [EventQueue-ContainerReportForContainerReportHandler] WARN  container.ContainerReportHandler (AbstractContainerReportHandler.java:updateContainerState(145)) - Container #1 is in OPEN state, but the datanode 8ad27c18-e1b1-434c-bb09-32fd11380927{ip: 192.168.164.209, host: pr-hdds-2329-pipelines-6tcfk-2810823695, networkLocation: /default-rack, certSerialId: null} reports an CLOSED replica.
2019-10-31 17:53:10,665 [EventQueue-ContainerReportForContainerReportHandler] WARN  container.ContainerReportHandler (AbstractContainerReportHandler.java:updateContainerState(145)) - Container #1 is in OPEN state, but the datanode 3c4b9a55-490e-411c-8712-e94a51e11966{ip: 192.168.164.209, host: pr-hdds-2329-pipelines-6tcfk-2810823695, networkLocation: /default-rack, certSerialId: null} reports an CLOSED replica.
2019-10-31 17:53:10,830 [EventQueue-ContainerReportForContainerReportHandler] WARN  container.ContainerReportHandler (AbstractContainerReportHandler.java:updateContainerState(145)) - Container #1 is in OPEN state, but the datanode 8ad27c18-e1b1-434c-bb09-32fd11380927{ip: 192.168.164.209, host: pr-hdds-2329-pipelines-6tcfk-2810823695, networkLocation: /default-rack, certSerialId: null} reports an CLOSED replica.
2019-10-31 17:53:10,965 [EventQueue-ContainerReportForContainerReportHandler] WARN  container.ContainerReportHandler (AbstractContainerReportHandler.java:updateContainerState(145)) - Container #1 is in OPEN state, but the datanode 3c4b9a55-490e-411c-8712-e94a51e11966{ip: 192.168.164.209, host: pr-hdds-2329-pipelines-6tcfk-2810823695, networkLocation: /default-rack, certSerialId: null} reports an CLOSED replica.
2019-10-31 17:53:11,121 [java.util.concurrent.ThreadPoolExecutor$Worker@2e73371a[State = -1, empty queue]] WARN  server.GrpcLogAppender (GrpcLogAppender.java:timeoutAppendRequest(209)) - 8ad27c18-e1b1-434c-bb09-32fd11380927@group-65D104242C3E->0b281616-c01c-466a-8a2c-b7dbd5445109-GrpcLogAppender: appendEntries Timeout, request=8ad27c18-e1b1-434c-bb09-32fd11380927->0b281616-c01c-466a-8a2c-b7dbd5445109#49-t1, previous=(t:1, i:10), leaderCommit=10, initializing? false, entries: <empty>
2019-10-31 17:53:11,130 [EventQueue-ContainerReportForContainerReportHandler] WARN  container.ContainerReportHandler (AbstractContainerReportHandler.java:updateContainerState(145)) - Container #1 is in OPEN state, but the datanode 8ad27c18-e1b1-434c-bb09-32fd11380927{ip: 192.168.164.209, host: pr-hdds-2329-pipelines-6tcfk-2810823695, networkLocation: /default-rack, certSerialId: null} reports an CLOSED replica.
2019-10-31 17:53:11,165 [EventQueue-ContainerReportForContainerReportHandler] WARN  container.ContainerReportHandler (AbstractContainerReportHandler.java:updateContainerState(145)) - Container #1 is in OPEN state, but the datanode 3c4b9a55-490e-411c-8712-e94a51e11966{ip: 192.168.164.209, host: pr-hdds-2329-pipelines-6tcfk-2810823695, networkLocation: /default-rack, certSerialId: null} reports an CLOSED replica.
2019-10-31 17:53:11,331 [EventQueue-ContainerReportForContainerReportHandler] WARN  container.ContainerReportHandler (AbstractContainerReportHandler.java:updateContainerState(145)) - Container #1 is in OPEN state, but the datanode 8ad27c18-e1b1-434c-bb09-32fd11380927{ip: 192.168.164.209, host: pr-hdds-2329-pipelines-6tcfk-2810823695, networkLocation: /default-rack, certSerialId: null} reports an CLOSED replica.
2019-10-31 17:53:11,333 [BlockDeletingService#2] WARN  background.BlockDeletingService (BlockDeletingService.java:isDeletionAllowed(187)) - Close Container log Index 6 is not replicated across allthe servers in the pipeline 9d718bf7-db0a-4e77-ab39-65d104242c3e as the min replicated index is 4. Deletion is not allowed in this container yet.
2019-10-31 17:53:11,333 [BlockDeletingService#2] WARN  background.BlockDeletingService (BlockDeletingService.java:isDeletionAllowed(187)) - Close Container log Index 6 is not replicated across allthe servers in the pipeline 9d718bf7-db0a-4e77-ab39-65d104242c3e as the min replicated index is 4. Deletion is not allowed in this container yet.
2019-10-31 17:53:11,465 [EventQueue-ContainerReportForContainerReportHandler] WARN  container.ContainerReportHandler (AbstractContainerReportHandler.java:updateContainerState(145)) - Container #1 is in OPEN state, but the datanode 3c4b9a55-490e-411c-8712-e94a51e11966{ip: 192.168.164.209, host: pr-hdds-2329-pipelines-6tcfk-2810823695, networkLocation: /default-rack, certSerialId: null} reports an CLOSED replica.
2019-10-31 17:53:11,630 [EventQueue-ContainerReportForContainerReportHandler] WARN  container.ContainerReportHandler (AbstractContainerReportHandler.java:updateContainerState(145)) - Container #1 is in OPEN state, but the datanode 8ad27c18-e1b1-434c-bb09-32fd11380927{ip: 192.168.164.209, host: pr-hdds-2329-pipelines-6tcfk-2810823695, networkLocation: /default-rack, certSerialId: null} reports an CLOSED replica.
2019-10-31 17:53:11,682 [Thread-520] INFO  client.GrpcClientProtocolService (GrpcClientProtocolService.java:lambda$processClientRequest$0(279)) - Failed RaftClientRequest:client-2E3303FC451C->8ad27c18-e1b1-434c-bb09-32fd11380927@group-65D104242C3E, cid=10, seq=0, Watch-ALL_COMMITTED(6), Message:<EMPTY>, reply=RaftClientReply:client-2E3303FC451C->8ad27c18-e1b1-434c-bb09-32fd11380927@group-65D104242C3E, cid=10, FAILED org.apache.ratis.protocol.NotReplicatedException: Request with call Id 10 and log index 6 is not yet replicated to ALL_COMMITTED, logIndex=6, commits[8ad27c18-e1b1-434c-bb09-32fd11380927:c10, 3c4b9a55-490e-411c-8712-e94a51e11966:c10, 0b281616-c01c-466a-8a2c-b7dbd5445109:c4]
2019-10-31 17:53:11,720 [EventQueue-StaleNodeForStaleNodeHandler] INFO  node.StaleNodeHandler (StaleNodeHandler.java:onMessage(58)) - Datanode 0b281616-c01c-466a-8a2c-b7dbd5445109{ip: 192.168.164.209, host: pr-hdds-2329-pipelines-6tcfk-2810823695, networkLocation: /default-rack, certSerialId: null} moved to stale state. Finalizing its pipelines [PipelineID=9d718bf7-db0a-4e77-ab39-65d104242c3e, PipelineID=92b31bea-6f2c-4a1d-b657-3f1636997f7a]
2019-10-31 17:53:11,721 [EventQueue-StaleNodeForStaleNodeHandler] INFO  pipeline.SCMPipelineManager (SCMPipelineManager.java:finalizeAndDestroyPipeline(315)) - destroying pipeline:Pipeline[ Id: 9d718bf7-db0a-4e77-ab39-65d104242c3e, Nodes: 0b281616-c01c-466a-8a2c-b7dbd5445109{ip: 192.168.164.209, host: pr-hdds-2329-pipelines-6tcfk-2810823695, networkLocation: /default-rack, certSerialId: null}3c4b9a55-490e-411c-8712-e94a51e11966{ip: 192.168.164.209, host: pr-hdds-2329-pipelines-6tcfk-2810823695, networkLocation: /default-rack, certSerialId: null}8ad27c18-e1b1-434c-bb09-32fd11380927{ip: 192.168.164.209, host: pr-hdds-2329-pipelines-6tcfk-2810823695, networkLocation: /default-rack, certSerialId: null}, Type:RATIS, Factor:THREE, State:OPEN]
2019-10-31 17:53:11,723 [EventQueue-StaleNodeForStaleNodeHandler] INFO  pipeline.PipelineStateManager (PipelineStateManager.java:finalizePipeline(123)) - Pipeline Pipeline[ Id: 9d718bf7-db0a-4e77-ab39-65d104242c3e, Nodes: 0b281616-c01c-466a-8a2c-b7dbd5445109{ip: 192.168.164.209, host: pr-hdds-2329-pipelines-6tcfk-2810823695, networkLocation: /default-rack, certSerialId: null}3c4b9a55-490e-411c-8712-e94a51e11966{ip: 192.168.164.209, host: pr-hdds-2329-pipelines-6tcfk-2810823695, networkLocation: /default-rack, certSerialId: null}8ad27c18-e1b1-434c-bb09-32fd11380927{ip: 192.168.164.209, host: pr-hdds-2329-pipelines-6tcfk-2810823695, networkLocation: /default-rack, certSerialId: null}, Type:RATIS, Factor:THREE, State:CLOSED] moved to CLOSED state
2019-10-31 17:53:11,724 [EventQueue-CloseContainerForCloseContainerEventHandler] INFO  container.CloseContainerEventHandler (CloseContainerEventHandler.java:onMessage(61)) - Close container Event triggered for container : #1
2019-10-31 17:53:11,726 [EventQueue-StaleNodeForStaleNodeHandler] INFO  pipeline.SCMPipelineManager (SCMPipelineManager.java:finalizeAndDestroyPipeline(315)) - destroying pipeline:Pipeline[ Id: 92b31bea-6f2c-4a1d-b657-3f1636997f7a, Nodes: 0b281616-c01c-466a-8a2c-b7dbd5445109{ip: 192.168.164.209, host: pr-hdds-2329-pipelines-6tcfk-2810823695, networkLocation: /default-rack, certSerialId: null}, Type:RATIS, Factor:ONE, State:OPEN]
2019-10-31 17:53:11,727 [EventQueue-StaleNodeForStaleNodeHandler] INFO  pipeline.PipelineStateManager (PipelineStateManager.java:finalizePipeline(123)) - Pipeline Pipeline[ Id: 92b31bea-6f2c-4a1d-b657-3f1636997f7a, Nodes: 0b281616-c01c-466a-8a2c-b7dbd5445109{ip: 192.168.164.209, host: pr-hdds-2329-pipelines-6tcfk-2810823695, networkLocation: /default-rack, certSerialId: null}, Type:RATIS, Factor:ONE, State:CLOSED] moved to CLOSED state
2019-10-31 17:53:11,765 [EventQueue-ContainerReportForContainerReportHandler] INFO  container.ContainerReportHandler (AbstractContainerReportHandler.java:updateContainerState(178)) - Moving container #1 to CLOSED state, datanode 3c4b9a55-490e-411c-8712-e94a51e11966{ip: 192.168.164.209, host: pr-hdds-2329-pipelines-6tcfk-2810823695, networkLocation: /default-rack, certSerialId: null} reported CLOSED replica.
2019-10-31 17:53:12,039 [SCMBlockDeletingService#1] INFO  block.SCMBlockDeletingService (SCMBlockDeletingService.java:call(187)) - Totally added 3 delete blocks command for 3 datanodes, task elapsed time: 7ms
2019-10-31 17:53:12,065 [EventQueue-PendingDeleteStatusForPendingDeleteHandler] INFO  block.SCMBlockDeletingService (SCMBlockDeletingService.java:handlePendingDeletes(115)) - Block deletion txnID mismatch in datanode 3c4b9a55-490e-411c-8712-e94a51e11966 for containerID 1. Datanode delete txnID: 0, SCM txnID: 1
2019-10-31 17:53:12,231 [EventQueue-PendingDeleteStatusForPendingDeleteHandler] INFO  block.SCMBlockDeletingService (SCMBlockDeletingService.java:handlePendingDeletes(115)) - Block deletion txnID mismatch in datanode 8ad27c18-e1b1-434c-bb09-32fd11380927 for containerID 1. Datanode delete txnID: 0, SCM txnID: 1
2019-10-31 17:53:12,265 [EventQueue-PendingDeleteStatusForPendingDeleteHandler] INFO  block.SCMBlockDeletingService (SCMBlockDeletingService.java:handlePendingDeletes(115)) - Block deletion txnID mismatch in datanode 3c4b9a55-490e-411c-8712-e94a51e11966 for containerID 1. Datanode delete txnID: 0, SCM txnID: 1
2019-10-31 17:53:12,334 [BlockDeletingService#2] WARN  background.BlockDeletingService (BlockDeletingService.java:isDeletionAllowed(187)) - Close Container log Index 6 is not replicated across allthe servers in the pipeline 9d718bf7-db0a-4e77-ab39-65d104242c3e as the min replicated index is 4. Deletion is not allowed in this container yet.
2019-10-31 17:53:12,334 [BlockDeletingService#2] WARN  background.BlockDeletingService (BlockDeletingService.java:isDeletionAllowed(187)) - Close Container log Index 6 is not replicated across allthe servers in the pipeline 9d718bf7-db0a-4e77-ab39-65d104242c3e as the min replicated index is 4. Deletion is not allowed in this container yet.
2019-10-31 17:53:12,367 [Command processor thread] INFO  commandhandler.DeleteBlocksCommandHandler (DeleteBlocksCommandHandler.java:handle(106)) - Start to delete container blocks, TXIDs=[1(0)], numOfContainers=1, numOfBlocks=1
2019-10-31 17:53:12,632 [EventQueue-PendingDeleteStatusForPendingDeleteHandler] INFO  block.SCMBlockDeletingService (SCMBlockDeletingService.java:handlePendingDeletes(115)) - Block deletion txnID mismatch in datanode 8ad27c18-e1b1-434c-bb09-32fd11380927 for containerID 1. Datanode delete txnID: 0, SCM txnID: 1
2019-10-31 17:53:12,832 [EventQueue-PendingDeleteStatusForPendingDeleteHandler] INFO  block.SCMBlockDeletingService (SCMBlockDeletingService.java:handlePendingDeletes(115)) - Block deletion txnID mismatch in datanode 8ad27c18-e1b1-434c-bb09-32fd11380927 for containerID 1. Datanode delete txnID: 0, SCM txnID: 1
2019-10-31 17:53:13,030 [Command processor thread] INFO  commandhandler.DeleteBlocksCommandHandler (DeleteBlocksCommandHandler.java:handle(106)) - Start to delete container blocks, TXIDs=[1(0)], numOfContainers=1, numOfBlocks=1
2019-10-31 17:53:13,032 [EventQueue-PendingDeleteStatusForPendingDeleteHandler] INFO  block.SCMBlockDeletingService (SCMBlockDeletingService.java:handlePendingDeletes(115)) - Block deletion txnID mismatch in datanode 8ad27c18-e1b1-434c-bb09-32fd11380927 for containerID 1. Datanode delete txnID: 0, SCM txnID: 1
2019-10-31 17:53:13,040 [pool-8-thread-1] INFO  commands.RetriableDatanodeEventWatcher (RetriableDatanodeEventWatcher.java:onTimeout(47)) - RetriableDatanodeCommand type=deleteBlocksCommand with id=1572544392038 timed out. Retrying.
2019-10-31 17:53:13,040 [SCMBlockDeletingService#1] INFO  block.SCMBlockDeletingService (SCMBlockDeletingService.java:call(187)) - Totally added 2 delete blocks command for 2 datanodes, task elapsed time: 1ms
2019-10-31 17:53:13,041 [pool-8-thread-2] INFO  commands.RetriableDatanodeEventWatcher (RetriableDatanodeEventWatcher.java:onTimeout(47)) - RetriableDatanodeCommand type=deleteBlocksCommand with id=1572544392040 timed out. Retrying.
2019-10-31 17:53:13,222 [main] INFO  impl.MetricsSystemImpl (MetricsSystemImpl.java:init(158)) - HddsDatanode metrics system started (again)
2019-10-31 17:53:13,272 [main] INFO  ozone.HddsDatanodeService (HddsDatanodeService.java:start(184)) - HddsDatanodeService host:pr-hdds-2329-pipelines-6tcfk-2810823695 ip:192.168.164.209
2019-10-31 17:53:13,275 [main] INFO  volume.VolumeUsage (VolumeUsage.java:loadScmUsed(144)) - Cached ScmUsed found for /workdir/hadoop-ozone/integration-test/target/test-dir/MiniOzoneClusterImpl-a140a335-5a07-44a3-85b4-01ea81f29811/datanode-1/data/containers : 4096 
2019-10-31 17:53:13,276 [main] INFO  volume.HddsVolume (HddsVolume.java:<init>(176)) - Creating Volume: /workdir/hadoop-ozone/integration-test/target/test-dir/MiniOzoneClusterImpl-a140a335-5a07-44a3-85b4-01ea81f29811/datanode-1/data/containers/hdds of  storage type : DISK and capacity : 1482555576320
2019-10-31 17:53:13,276 [main] INFO  volume.VolumeSet (VolumeSet.java:initializeVolumeSet(170)) - Added Volume : /workdir/hadoop-ozone/integration-test/target/test-dir/MiniOzoneClusterImpl-a140a335-5a07-44a3-85b4-01ea81f29811/datanode-1/data/containers/hdds to VolumeSet
2019-10-31 17:53:13,277 [main] INFO  volume.ThrottledAsyncChecker (ThrottledAsyncChecker.java:schedule(141)) - Scheduling a check for /workdir/hadoop-ozone/integration-test/target/test-dir/MiniOzoneClusterImpl-a140a335-5a07-44a3-85b4-01ea81f29811/datanode-1/data/containers/hdds
2019-10-31 17:53:13,277 [main] INFO  volume.HddsVolumeChecker (HddsVolumeChecker.java:checkAllVolumes(204)) - Scheduled health check for volume /workdir/hadoop-ozone/integration-test/target/test-dir/MiniOzoneClusterImpl-a140a335-5a07-44a3-85b4-01ea81f29811/datanode-1/data/containers/hdds
2019-10-31 17:53:13,323 [main] INFO  impl.RaftServerProxy (ConfUtils.java:logGet(43)) - raft.rpc.type = GRPC (default)
2019-10-31 17:53:13,323 [main] INFO  grpc.GrpcFactory (GrpcFactory.java:checkPooledByteBufAllocatorUseCacheForAllThreads(45)) - PERFORMANCE WARNING: useCacheForAllThreads is true that may cause Netty to create a lot garbage objects and, as a result, trigger GC.
	It is recommended to disable useCacheForAllThreads by setting -Dorg.apache.ratis.thirdparty.io.netty.allocator.useCacheForAllThreads=false in command line.
2019-10-31 17:53:13,323 [main] INFO  grpc.GrpcConfigKeys$Server (ConfUtils.java:logGet(43)) - raft.grpc.server.port = 34661 (custom)
2019-10-31 17:53:13,325 [main] INFO  server.GrpcService (ConfUtils.java:logGet(43)) - raft.grpc.message.size.max = 33570816 (custom)
2019-10-31 17:53:13,325 [main] INFO  server.RaftServerConfigKeys (ConfUtils.java:logGet(43)) - raft.server.log.appender.buffer.byte-limit = 33554432 (custom)
2019-10-31 17:53:13,325 [main] INFO  server.GrpcService (ConfUtils.java:logGet(43)) - raft.grpc.flow.control.window = 1MB (=1048576) (default)
2019-10-31 17:53:13,325 [main] INFO  server.RaftServerConfigKeys (ConfUtils.java:logGet(43)) - raft.server.rpc.request.timeout = 3000ms (default)
2019-10-31 17:53:13,326 [main] INFO  server.RaftServerConfigKeys (ConfUtils.java:logGet(43)) - raft.server.storage.dir = [/workdir/hadoop-ozone/integration-test/target/test-dir/MiniOzoneClusterImpl-a140a335-5a07-44a3-85b4-01ea81f29811/datanode-1/data/ratis] (custom)
2019-10-31 17:53:13,326 [main] INFO  impl.RaftServerProxy (RaftServerProxy.java:lambda$null$0(191)) - 0b281616-c01c-466a-8a2c-b7dbd5445109: found a subdirectory /workdir/hadoop-ozone/integration-test/target/test-dir/MiniOzoneClusterImpl-a140a335-5a07-44a3-85b4-01ea81f29811/datanode-1/data/ratis/9d718bf7-db0a-4e77-ab39-65d104242c3e
2019-10-31 17:53:13,327 [main] INFO  impl.RaftServerProxy (RaftServerProxy.java:addNew(89)) - 0b281616-c01c-466a-8a2c-b7dbd5445109: addNew group-65D104242C3E:[] returns group-65D104242C3E:java.util.concurrent.CompletableFuture@2b0dc227[Not completed]
2019-10-31 17:53:13,327 [main] INFO  impl.RaftServerProxy (RaftServerProxy.java:lambda$null$0(191)) - 0b281616-c01c-466a-8a2c-b7dbd5445109: found a subdirectory /workdir/hadoop-ozone/integration-test/target/test-dir/MiniOzoneClusterImpl-a140a335-5a07-44a3-85b4-01ea81f29811/datanode-1/data/ratis/92b31bea-6f2c-4a1d-b657-3f1636997f7a
2019-10-31 17:53:13,328 [main] INFO  impl.RaftServerProxy (RaftServerProxy.java:addNew(89)) - 0b281616-c01c-466a-8a2c-b7dbd5445109: addNew group-3F1636997F7A:[] returns group-3F1636997F7A:java.util.concurrent.CompletableFuture@37ad042b[Not completed]
2019-10-31 17:53:13,334 [pool-60-thread-1] INFO  impl.RaftServerImpl (RaftServerImpl.java:<init>(98)) - 0b281616-c01c-466a-8a2c-b7dbd5445109: new RaftServerImpl for group-65D104242C3E:[] with ContainerStateMachine:uninitialized
2019-10-31 17:53:13,334 [main] INFO  hdfs.DFSUtil (DFSUtil.java:httpServerTemplateForNNAndJN(1641)) - Starting Web-server for hddsDatanode at: http://0.0.0.0:44830
2019-10-31 17:53:13,334 [pool-60-thread-1] INFO  server.RaftServerConfigKeys (ConfUtils.java:logGet(43)) - raft.server.rpc.timeout.min = 5s (custom)
2019-10-31 17:53:13,334 [pool-60-thread-1] INFO  server.RaftServerConfigKeys (ConfUtils.java:logGet(43)) - raft.server.rpc.timeout.max = 5200ms (custom)
2019-10-31 17:53:13,334 [pool-60-thread-1] INFO  server.RaftServerConfigKeys (ConfUtils.java:logGet(43)) - raft.server.rpcslowness.timeout = 1000s (custom)
2019-10-31 17:53:13,335 [pool-60-thread-1] INFO  server.RaftServerConfigKeys (ConfUtils.java:logGet(43)) - raft.server.sleep.deviation.threshold = 300 (default)
2019-10-31 17:53:13,335 [pool-60-thread-1] INFO  server.RaftServerConfigKeys (ConfUtils.java:logGet(43)) - raft.server.log.appender.install.snapshot.enabled = false (custom)
2019-10-31 17:53:13,335 [pool-60-thread-1] INFO  impl.RaftServerImpl (ServerState.java:<init>(103)) - 0b281616-c01c-466a-8a2c-b7dbd5445109@group-65D104242C3E: ConfigurationManager, init=-1: [], old=null, confs=<EMPTY_MAP>
2019-10-31 17:53:13,335 [pool-60-thread-1] INFO  server.RaftServerConfigKeys (ConfUtils.java:logGet(43)) - raft.server.storage.dir = [/workdir/hadoop-ozone/integration-test/target/test-dir/MiniOzoneClusterImpl-a140a335-5a07-44a3-85b4-01ea81f29811/datanode-1/data/ratis] (custom)
2019-10-31 17:53:13,336 [pool-60-thread-1] INFO  server.RaftServerConfigKeys (ConfUtils.java:logGet(43)) - raft.server.log.corruption.policy = EXCEPTION (default)
2019-10-31 17:53:13,336 [BlockDeletingService#2] WARN  background.BlockDeletingService (BlockDeletingService.java:isDeletionAllowed(187)) - Close Container log Index 6 is not replicated across allthe servers in the pipeline 9d718bf7-db0a-4e77-ab39-65d104242c3e as the min replicated index is 4. Deletion is not allowed in this container yet.
2019-10-31 17:53:13,336 [BlockDeletingService#2] WARN  background.BlockDeletingService (BlockDeletingService.java:isDeletionAllowed(187)) - Close Container log Index 6 is not replicated across allthe servers in the pipeline 9d718bf7-db0a-4e77-ab39-65d104242c3e as the min replicated index is 4. Deletion is not allowed in this container yet.
2019-10-31 17:53:13,337 [main] INFO  server.AuthenticationFilter (AuthenticationFilter.java:constructSecretProvider(240)) - Unable to initialize FileSignerSecretProvider, falling back to use random secrets.
2019-10-31 17:53:13,338 [main] WARN  http.HttpRequestLog (HttpRequestLog.java:getRequestLog(97)) - Jetty request log can only be enabled using Log4j
2019-10-31 17:53:13,340 [main] INFO  http.HttpServer2 (HttpServer2.java:addGlobalFilter(975)) - Added global filter 'safety' (class=org.apache.hadoop.http.HttpServer2$QuotingInputFilter)
2019-10-31 17:53:13,341 [main] INFO  http.HttpServer2 (HttpServer2.java:addFilter(948)) - Added filter static_user_filter (class=org.apache.hadoop.http.lib.StaticUserWebFilter$StaticUserFilter) to context hddsDatanode
2019-10-31 17:53:13,341 [main] INFO  http.HttpServer2 (HttpServer2.java:addFilter(958)) - Added filter static_user_filter (class=org.apache.hadoop.http.lib.StaticUserWebFilter$StaticUserFilter) to context logs
2019-10-31 17:53:13,341 [main] INFO  http.HttpServer2 (HttpServer2.java:addFilter(958)) - Added filter static_user_filter (class=org.apache.hadoop.http.lib.StaticUserWebFilter$StaticUserFilter) to context static
2019-10-31 17:53:13,342 [main] INFO  http.HttpServer2 (HttpServer2.java:bindListener(1191)) - Jetty bound to port 44830
2019-10-31 17:53:13,342 [main] INFO  server.Server (Server.java:doStart(351)) - jetty-9.3.25.v20180904, build timestamp: 2018-09-04T21:11:46Z, git hash: 3ce520221d0240229c862b122d2b06c12a625732
2019-10-31 17:53:13,345 [main] INFO  handler.ContextHandler (ContextHandler.java:doStart(781)) - Started o.e.j.s.ServletContextHandler@7f9fc8bd{/logs,file:///workdir/hadoop-ozone/integration-test/target/log,AVAILABLE}
2019-10-31 17:53:13,345 [main] INFO  handler.ContextHandler (ContextHandler.java:doStart(781)) - Started o.e.j.s.ServletContextHandler@3e7b65d7{/static,jar:file:/home/user/.m2/repository/org/apache/hadoop/hadoop-hdds-container-service/0.5.0-SNAPSHOT/hadoop-hdds-container-service-0.5.0-SNAPSHOT.jar!/webapps/static,AVAILABLE}
2019-10-31 17:53:13,348 [pool-60-thread-1] INFO  storage.RaftStorageDirectory (RaftStorageDirectory.java:tryLock(328)) - Lock on /workdir/hadoop-ozone/integration-test/target/test-dir/MiniOzoneClusterImpl-a140a335-5a07-44a3-85b4-01ea81f29811/datanode-1/data/ratis/9d718bf7-db0a-4e77-ab39-65d104242c3e/in_use.lock acquired by nodename 30271@pr-hdds-2329-pipelines-6tcfk-2810823695
2019-10-31 17:53:13,351 [pool-60-thread-1] INFO  ratis.ContainerStateMachine (ContainerStateMachine.java:loadSnapshot(240)) - group-65D104242C3E: Setting the last applied index to (t:1, i:3)
2019-10-31 17:53:13,357 [pool-60-thread-1] INFO  impl.RaftServerImpl (ServerState.java:setRaftConf(356)) - 0b281616-c01c-466a-8a2c-b7dbd5445109@group-65D104242C3E: set configuration 0: [8ad27c18-e1b1-434c-bb09-32fd11380927:192.168.164.209:34436, 3c4b9a55-490e-411c-8712-e94a51e11966:192.168.164.209:38456, 0b281616-c01c-466a-8a2c-b7dbd5445109:192.168.164.209:34661], old=null at 0
2019-10-31 17:53:13,357 [pool-60-thread-1] INFO  server.RaftServerConfigKeys (ConfUtils.java:logGet(43)) - raft.server.notification.no-leader.timeout = 1000s (custom)
2019-10-31 17:53:13,357 [pool-60-thread-1] INFO  server.RaftServerConfigKeys (ConfUtils.java:logGet(43)) - raft.server.log.use.memory = false (default)
2019-10-31 17:53:13,357 [pool-60-thread-1] INFO  server.RaftServerConfigKeys (ConfUtils.java:logGet(43)) - raft.server.log.purge.gap = 1000000 (custom)
2019-10-31 17:53:13,357 [pool-60-thread-1] INFO  server.RaftServerConfigKeys (ConfUtils.java:logGet(43)) - raft.server.log.appender.buffer.byte-limit = 33554432 (custom)
2019-10-31 17:53:13,357 [pool-60-thread-1] INFO  server.RaftServerConfigKeys (ConfUtils.java:logGet(43)) - raft.server.log.segment.size.max = 1048576 (custom)
2019-10-31 17:53:13,357 [pool-60-thread-1] INFO  server.RaftServerConfigKeys (ConfUtils.java:logGet(43)) - raft.server.log.segment.cache.num.max = 2 (custom)
2019-10-31 17:53:13,358 [pool-60-thread-1] INFO  segmented.SegmentedRaftLogWorker (SegmentedRaftLogWorker.java:<init>(173)) - new 0b281616-c01c-466a-8a2c-b7dbd5445109@group-65D104242C3E-SegmentedRaftLogWorker for RaftStorage:Storage Directory /workdir/hadoop-ozone/integration-test/target/test-dir/MiniOzoneClusterImpl-a140a335-5a07-44a3-85b4-01ea81f29811/datanode-1/data/ratis/9d718bf7-db0a-4e77-ab39-65d104242c3e
2019-10-31 17:53:13,358 [pool-60-thread-1] INFO  server.RaftServerConfigKeys (ConfUtils.java:logGet(43)) - raft.server.log.queue.byte-limit = 2147483647 (custom)
2019-10-31 17:53:13,358 [pool-60-thread-1] INFO  server.RaftServerConfigKeys (ConfUtils.java:logGet(43)) - raft.server.log.queue.element-limit = 1024 (custom)
2019-10-31 17:53:13,358 [pool-60-thread-1] INFO  server.RaftServerConfigKeys (ConfUtils.java:logGet(43)) - raft.server.log.segment.size.max = 1048576 (custom)
2019-10-31 17:53:13,358 [pool-60-thread-1] INFO  server.RaftServerConfigKeys (ConfUtils.java:logGet(43)) - raft.server.log.preallocated.size = 16384 (custom)
2019-10-31 17:53:13,358 [pool-60-thread-1] INFO  server.RaftServerConfigKeys (ConfUtils.java:logGet(43)) - raft.server.log.write.buffer.size = 33554432 (custom)
2019-10-31 17:53:13,358 [pool-60-thread-1] INFO  server.RaftServerConfigKeys (ConfUtils.java:logGet(43)) - raft.server.log.force.sync.num = 128 (default)
2019-10-31 17:53:13,358 [pool-60-thread-1] INFO  server.RaftServerConfigKeys (ConfUtils.java:logGet(43)) - raft.server.log.statemachine.data.sync = true (default)
2019-10-31 17:53:13,359 [pool-60-thread-1] INFO  server.RaftServerConfigKeys (ConfUtils.java:logGet(43)) - raft.server.log.statemachine.data.sync.timeout = 10s (default)
2019-10-31 17:53:13,359 [pool-60-thread-1] INFO  server.RaftServerConfigKeys (ConfUtils.java:logGet(43)) - raft.server.log.statemachine.data.sync.timeout.retry = -1 (default)
2019-10-31 17:53:13,359 [pool-60-thread-1] INFO  server.RaftServerConfigKeys (ConfUtils.java:logGet(43)) - raft.server.log.statemachine.data.caching.enabled = true (custom)
2019-10-31 17:53:13,365 [pool-60-thread-1] INFO  impl.RaftServerImpl (ServerState.java:setRaftConf(356)) - 0b281616-c01c-466a-8a2c-b7dbd5445109@group-65D104242C3E: set configuration 0: [8ad27c18-e1b1-434c-bb09-32fd11380927:192.168.164.209:34436, 3c4b9a55-490e-411c-8712-e94a51e11966:192.168.164.209:38456, 0b281616-c01c-466a-8a2c-b7dbd5445109:192.168.164.209:34661], old=null at 0
2019-10-31 17:53:13,366 [pool-60-thread-1] INFO  segmented.LogSegment (LogSegment.java:loadSegment(140)) - Successfully read 5 entries from segment file /workdir/hadoop-ozone/integration-test/target/test-dir/MiniOzoneClusterImpl-a140a335-5a07-44a3-85b4-01ea81f29811/datanode-1/data/ratis/9d718bf7-db0a-4e77-ab39-65d104242c3e/current/log_inprogress_0
2019-10-31 17:53:13,366 [pool-60-thread-1] INFO  segmented.SegmentedRaftLogWorker (SegmentedRaftLogWorker.java:lambda$new$0(128)) - 0b281616-c01c-466a-8a2c-b7dbd5445109@group-65D104242C3E-SegmentedRaftLogWorker: flushIndex: setUnconditionally 0 -> 4
2019-10-31 17:53:13,381 [main] INFO  handler.ContextHandler (ContextHandler.java:doStart(781)) - Started o.e.j.w.WebAppContext@619f2afc{/,file:///tmp/jetty-0.0.0.0-44830-hddsDatanode-_-any-3997219526990283689.dir/webapp/,AVAILABLE}{/hddsDatanode}
2019-10-31 17:53:13,381 [main] INFO  server.AbstractConnector (AbstractConnector.java:doStart(278)) - Started ServerConnector@df921b1{HTTP/1.1,[http/1.1]}{0.0.0.0:44830}
2019-10-31 17:53:13,397 [pool-60-thread-1] INFO  raftlog.RaftLog (RaftLog.java:lambda$new$0(61)) - 0b281616-c01c-466a-8a2c-b7dbd5445109@group-65D104242C3E-SegmentedRaftLog: commitIndex: updateToMax old=3, new=3, updated? false
2019-10-31 17:53:13,397 [main] INFO  server.Server (Server.java:doStart(419)) - Started @117448ms
2019-10-31 17:53:13,397 [main] WARN  impl.MetricsSystemImpl (MetricsSystemImpl.java:register(276)) - Sink prometheus already exists!
2019-10-31 17:53:13,398 [pool-60-thread-1] INFO  server.RaftServerConfigKeys (ConfUtils.java:logGet(43)) - raft.server.snapshot.auto.trigger.enabled = true (custom)
2019-10-31 17:53:13,398 [pool-60-thread-1] INFO  server.RaftServerConfigKeys (ConfUtils.java:logGet(43)) - raft.server.snapshot.auto.trigger.threshold = 10000 (custom)
2019-10-31 17:53:13,398 [pool-60-thread-1] INFO  server.RaftServerConfigKeys (ConfUtils.java:logGet(43)) - raft.server.snapshot.retention.file.num = 5 (custom)
2019-10-31 17:53:13,398 [pool-60-thread-1] INFO  server.RaftServerConfigKeys (ConfUtils.java:logGet(43)) - raft.server.retrycache.expirytime = 600000ms (custom)
2019-10-31 17:53:13,399 [main] INFO  server.BaseHttpServer (BaseHttpServer.java:updateConnectorAddress(215)) - HTTP server of HDDSDATANODE is listening at http://0.0.0.0:44830
2019-10-31 17:53:13,401 [pool-60-thread-1] INFO  impl.RaftServerImpl (RaftServerImpl.java:<init>(98)) - 0b281616-c01c-466a-8a2c-b7dbd5445109: new RaftServerImpl for group-3F1636997F7A:[] with ContainerStateMachine:uninitialized
2019-10-31 17:53:13,401 [pool-60-thread-1] INFO  server.RaftServerConfigKeys (ConfUtils.java:logGet(43)) - raft.server.rpc.timeout.min = 5s (custom)
2019-10-31 17:53:13,401 [pool-60-thread-1] INFO  server.RaftServerConfigKeys (ConfUtils.java:logGet(43)) - raft.server.rpc.timeout.max = 5200ms (custom)
2019-10-31 17:53:13,401 [org.apache.hadoop.util.JvmPauseMonitor$Monitor@5937f9c0] INFO  util.JvmPauseMonitor (JvmPauseMonitor.java:run(188)) - Starting JVM pause monitor
2019-10-31 17:53:13,401 [pool-60-thread-1] INFO  server.RaftServerConfigKeys (ConfUtils.java:logGet(43)) - raft.server.rpcslowness.timeout = 1000s (custom)
2019-10-31 17:53:13,401 [pool-60-thread-1] INFO  server.RaftServerConfigKeys (ConfUtils.java:logGet(43)) - raft.server.sleep.deviation.threshold = 300 (default)
2019-10-31 17:53:13,401 [pool-60-thread-1] INFO  server.RaftServerConfigKeys (ConfUtils.java:logGet(43)) - raft.server.log.appender.install.snapshot.enabled = false (custom)
2019-10-31 17:53:13,402 [pool-60-thread-1] INFO  impl.RaftServerImpl (ServerState.java:<init>(103)) - 0b281616-c01c-466a-8a2c-b7dbd5445109@group-3F1636997F7A: ConfigurationManager, init=-1: [], old=null, confs=<EMPTY_MAP>
2019-10-31 17:53:13,402 [pool-60-thread-1] INFO  server.RaftServerConfigKeys (ConfUtils.java:logGet(43)) - raft.server.storage.dir = [/workdir/hadoop-ozone/integration-test/target/test-dir/MiniOzoneClusterImpl-a140a335-5a07-44a3-85b4-01ea81f29811/datanode-1/data/ratis] (custom)
2019-10-31 17:53:13,402 [pool-60-thread-1] INFO  server.RaftServerConfigKeys (ConfUtils.java:logGet(43)) - raft.server.log.corruption.policy = EXCEPTION (default)
2019-10-31 17:53:13,414 [pool-60-thread-1] INFO  storage.RaftStorageDirectory (RaftStorageDirectory.java:tryLock(328)) - Lock on /workdir/hadoop-ozone/integration-test/target/test-dir/MiniOzoneClusterImpl-a140a335-5a07-44a3-85b4-01ea81f29811/datanode-1/data/ratis/92b31bea-6f2c-4a1d-b657-3f1636997f7a/in_use.lock acquired by nodename 30271@pr-hdds-2329-pipelines-6tcfk-2810823695
2019-10-31 17:53:13,415 [pool-60-thread-1] INFO  ratis.ContainerStateMachine (ContainerStateMachine.java:loadSnapshot(231)) - group-3F1636997F7A: The snapshot info is null. Setting the last applied indexto:(t:0, i:~)
2019-10-31 17:53:13,415 [pool-60-thread-1] INFO  server.RaftServerConfigKeys (ConfUtils.java:logGet(43)) - raft.server.notification.no-leader.timeout = 1000s (custom)
2019-10-31 17:53:13,415 [pool-60-thread-1] INFO  server.RaftServerConfigKeys (ConfUtils.java:logGet(43)) - raft.server.log.use.memory = false (default)
2019-10-31 17:53:13,415 [pool-60-thread-1] INFO  server.RaftServerConfigKeys (ConfUtils.java:logGet(43)) - raft.server.log.purge.gap = 1000000 (custom)
2019-10-31 17:53:13,416 [pool-60-thread-1] INFO  server.RaftServerConfigKeys (ConfUtils.java:logGet(43)) - raft.server.log.appender.buffer.byte-limit = 33554432 (custom)
2019-10-31 17:53:13,416 [pool-60-thread-1] INFO  server.RaftServerConfigKeys (ConfUtils.java:logGet(43)) - raft.server.log.segment.size.max = 1048576 (custom)
2019-10-31 17:53:13,416 [pool-60-thread-1] INFO  server.RaftServerConfigKeys (ConfUtils.java:logGet(43)) - raft.server.log.segment.cache.num.max = 2 (custom)
2019-10-31 17:53:13,416 [pool-60-thread-1] INFO  segmented.SegmentedRaftLogWorker (SegmentedRaftLogWorker.java:<init>(173)) - new 0b281616-c01c-466a-8a2c-b7dbd5445109@group-3F1636997F7A-SegmentedRaftLogWorker for RaftStorage:Storage Directory /workdir/hadoop-ozone/integration-test/target/test-dir/MiniOzoneClusterImpl-a140a335-5a07-44a3-85b4-01ea81f29811/datanode-1/data/ratis/92b31bea-6f2c-4a1d-b657-3f1636997f7a
2019-10-31 17:53:13,416 [pool-60-thread-1] INFO  server.RaftServerConfigKeys (ConfUtils.java:logGet(43)) - raft.server.log.queue.byte-limit = 2147483647 (custom)
2019-10-31 17:53:13,416 [pool-60-thread-1] INFO  server.RaftServerConfigKeys (ConfUtils.java:logGet(43)) - raft.server.log.queue.element-limit = 1024 (custom)
2019-10-31 17:53:13,416 [pool-60-thread-1] INFO  server.RaftServerConfigKeys (ConfUtils.java:logGet(43)) - raft.server.log.segment.size.max = 1048576 (custom)
2019-10-31 17:53:13,416 [pool-60-thread-1] INFO  server.RaftServerConfigKeys (ConfUtils.java:logGet(43)) - raft.server.log.preallocated.size = 16384 (custom)
2019-10-31 17:53:13,417 [pool-60-thread-1] INFO  server.RaftServerConfigKeys (ConfUtils.java:logGet(43)) - raft.server.log.write.buffer.size = 33554432 (custom)
2019-10-31 17:53:13,417 [pool-60-thread-1] INFO  server.RaftServerConfigKeys (ConfUtils.java:logGet(43)) - raft.server.log.force.sync.num = 128 (default)
2019-10-31 17:53:13,417 [pool-60-thread-1] INFO  server.RaftServerConfigKeys (ConfUtils.java:logGet(43)) - raft.server.log.statemachine.data.sync = true (default)
2019-10-31 17:53:13,417 [pool-60-thread-1] INFO  server.RaftServerConfigKeys (ConfUtils.java:logGet(43)) - raft.server.log.statemachine.data.sync.timeout = 10s (default)
2019-10-31 17:53:13,417 [pool-60-thread-1] INFO  server.RaftServerConfigKeys (ConfUtils.java:logGet(43)) - raft.server.log.statemachine.data.sync.timeout.retry = -1 (default)
2019-10-31 17:53:13,417 [pool-60-thread-1] INFO  server.RaftServerConfigKeys (ConfUtils.java:logGet(43)) - raft.server.log.statemachine.data.caching.enabled = true (custom)
2019-10-31 17:53:13,418 [pool-60-thread-1] INFO  impl.RaftServerImpl (ServerState.java:setRaftConf(356)) - 0b281616-c01c-466a-8a2c-b7dbd5445109@group-3F1636997F7A: set configuration 0: [0b281616-c01c-466a-8a2c-b7dbd5445109:192.168.164.209:34661], old=null at 0
2019-10-31 17:53:13,418 [pool-60-thread-1] INFO  segmented.LogSegment (LogSegment.java:loadSegment(140)) - Successfully read 1 entries from segment file /workdir/hadoop-ozone/integration-test/target/test-dir/MiniOzoneClusterImpl-a140a335-5a07-44a3-85b4-01ea81f29811/datanode-1/data/ratis/92b31bea-6f2c-4a1d-b657-3f1636997f7a/current/log_inprogress_0
2019-10-31 17:53:13,418 [pool-60-thread-1] INFO  segmented.SegmentedRaftLogWorker (SegmentedRaftLogWorker.java:lambda$new$0(128)) - 0b281616-c01c-466a-8a2c-b7dbd5445109@group-3F1636997F7A-SegmentedRaftLogWorker: flushIndex: setUnconditionally 0 -> 0
2019-10-31 17:53:13,447 [pool-60-thread-1] INFO  server.RaftServerConfigKeys (ConfUtils.java:logGet(43)) - raft.server.snapshot.auto.trigger.enabled = true (custom)
2019-10-31 17:53:13,447 [pool-60-thread-1] INFO  server.RaftServerConfigKeys (ConfUtils.java:logGet(43)) - raft.server.snapshot.auto.trigger.threshold = 10000 (custom)
2019-10-31 17:53:13,448 [pool-60-thread-1] INFO  server.RaftServerConfigKeys (ConfUtils.java:logGet(43)) - raft.server.snapshot.retention.file.num = 5 (custom)
2019-10-31 17:53:13,448 [pool-60-thread-1] INFO  server.RaftServerConfigKeys (ConfUtils.java:logGet(43)) - raft.server.retrycache.expirytime = 600000ms (custom)
2019-10-31 17:53:13,621 [java.util.concurrent.ThreadPoolExecutor$Worker@2e73371a[State = -1, empty queue]] WARN  server.GrpcLogAppender (GrpcLogAppender.java:timeoutAppendRequest(209)) - 8ad27c18-e1b1-434c-bb09-32fd11380927@group-65D104242C3E->0b281616-c01c-466a-8a2c-b7dbd5445109-GrpcLogAppender: appendEntries Timeout, request=8ad27c18-e1b1-434c-bb09-32fd11380927->0b281616-c01c-466a-8a2c-b7dbd5445109#50-t1, previous=(t:1, i:10), leaderCommit=10, initializing? false, entries: <empty>
2019-10-31 17:53:14,040 [pool-8-thread-2] INFO  commands.RetriableDatanodeEventWatcher (RetriableDatanodeEventWatcher.java:onTimeout(47)) - RetriableDatanodeCommand type=deleteBlocksCommand with id=1572544392041 timed out. Retrying.
2019-10-31 17:53:14,041 [pool-8-thread-1] INFO  commands.RetriableDatanodeEventWatcher (RetriableDatanodeEventWatcher.java:onTimeout(47)) - RetriableDatanodeCommand type=deleteBlocksCommand with id=1572544392042 timed out. Retrying.
2019-10-31 17:53:14,041 [pool-8-thread-3] INFO  commands.RetriableDatanodeEventWatcher (RetriableDatanodeEventWatcher.java:onTimeout(47)) - RetriableDatanodeCommand type=deleteBlocksCommand with id=1572544392038 timed out. Retrying.
2019-10-31 17:53:14,042 [SCMBlockDeletingService#1] INFO  block.SCMBlockDeletingService (SCMBlockDeletingService.java:call(187)) - Totally added 1 delete blocks command for 1 datanodes, task elapsed time: 1ms
2019-10-31 17:53:14,132 [Command processor thread] INFO  commandhandler.DeleteBlocksCommandHandler (DeleteBlocksCommandHandler.java:handle(106)) - Start to delete container blocks, TXIDs=[1(2)], numOfContainers=1, numOfBlocks=1
2019-10-31 17:53:14,132 [Command processor thread] INFO  commandhandler.DeleteBlocksCommandHandler (DeleteBlocksCommandHandler.java:handle(106)) - Start to delete container blocks, TXIDs=[1(0)], numOfContainers=1, numOfBlocks=1
2019-10-31 17:53:14,340 [BlockDeletingService#2] WARN  background.BlockDeletingService (BlockDeletingService.java:isDeletionAllowed(187)) - Close Container log Index 6 is not replicated across allthe servers in the pipeline 9d718bf7-db0a-4e77-ab39-65d104242c3e as the min replicated index is 4. Deletion is not allowed in this container yet.
2019-10-31 17:53:14,341 [BlockDeletingService#2] WARN  background.BlockDeletingService (BlockDeletingService.java:isDeletionAllowed(187)) - Close Container log Index 6 is not replicated across allthe servers in the pipeline 9d718bf7-db0a-4e77-ab39-65d104242c3e as the min replicated index is 4. Deletion is not allowed in this container yet.
2019-10-31 17:53:14,341 [EventQueue-DeleteBlockStatusForEventWatcher$$Lambda$29/35534346] WARN  events.EventWatcher (EventWatcher.java:lambda$start$0(110)) - Completion event without active lease. Id=1572544392040
2019-10-31 17:53:15,041 [pool-8-thread-3] INFO  commands.RetriableDatanodeEventWatcher (RetriableDatanodeEventWatcher.java:onTimeout(47)) - RetriableDatanodeCommand type=deleteBlocksCommand with id=1572544392041 timed out. Retrying.
2019-10-31 17:53:15,042 [pool-8-thread-3] INFO  commands.RetriableDatanodeEventWatcher (RetriableDatanodeEventWatcher.java:onTimeout(47)) - RetriableDatanodeCommand type=deleteBlocksCommand with id=1572544392043 timed out. Retrying.
2019-10-31 17:53:15,042 [pool-8-thread-1] INFO  commands.RetriableDatanodeEventWatcher (RetriableDatanodeEventWatcher.java:onTimeout(47)) - RetriableDatanodeCommand type=deleteBlocksCommand with id=1572544392042 timed out. Retrying.
2019-10-31 17:53:15,042 [pool-8-thread-2] INFO  commands.RetriableDatanodeEventWatcher (RetriableDatanodeEventWatcher.java:onTimeout(47)) - RetriableDatanodeCommand type=deleteBlocksCommand with id=1572544392038 timed out. Retrying.
2019-10-31 17:53:15,043 [SCMBlockDeletingService#1] INFO  block.SCMBlockDeletingService (SCMBlockDeletingService.java:call(187)) - Totally added 1 delete blocks command for 1 datanodes, task elapsed time: 1ms
2019-10-31 17:53:15,134 [Command processor thread] INFO  commandhandler.DeleteBlocksCommandHandler (DeleteBlocksCommandHandler.java:handle(106)) - Start to delete container blocks, TXIDs=[1(2)], numOfContainers=1, numOfBlocks=1
2019-10-31 17:53:15,344 [BlockDeletingService#2] WARN  background.BlockDeletingService (BlockDeletingService.java:isDeletionAllowed(187)) - Close Container log Index 6 is not replicated across allthe servers in the pipeline 9d718bf7-db0a-4e77-ab39-65d104242c3e as the min replicated index is 4. Deletion is not allowed in this container yet.
2019-10-31 17:53:15,344 [BlockDeletingService#2] WARN  background.BlockDeletingService (BlockDeletingService.java:isDeletionAllowed(187)) - Close Container log Index 6 is not replicated across allthe servers in the pipeline 9d718bf7-db0a-4e77-ab39-65d104242c3e as the min replicated index is 4. Deletion is not allowed in this container yet.
2019-10-31 17:53:15,403 [Datanode State Machine Thread - 0] INFO  ozoneimpl.OzoneContainer (OzoneContainer.java:start(213)) - Attempting to start container services.
2019-10-31 17:53:15,405 [Datanode State Machine Thread - 0] INFO  ozoneimpl.OzoneContainer (OzoneContainer.java:startContainerScrub(177)) - Background container scanner has been disabled.
2019-10-31 17:53:15,405 [Datanode State Machine Thread - 0] INFO  ratis.XceiverServerRatis (XceiverServerRatis.java:start(418)) - Starting XceiverServerRatis 0b281616-c01c-466a-8a2c-b7dbd5445109 at port 34661
2019-10-31 17:53:15,417 [Datanode State Machine Thread - 0] INFO  impl.RaftServerImpl (RaftServerImpl.java:start(184)) - 0b281616-c01c-466a-8a2c-b7dbd5445109@group-3F1636997F7A: start as a follower, conf=0: [0b281616-c01c-466a-8a2c-b7dbd5445109:192.168.164.209:34661], old=null
2019-10-31 17:53:15,418 [ForkJoinPool.commonPool-worker-1] INFO  impl.RaftServerImpl (RaftServerImpl.java:start(184)) - 0b281616-c01c-466a-8a2c-b7dbd5445109@group-65D104242C3E: start as a follower, conf=0: [8ad27c18-e1b1-434c-bb09-32fd11380927:192.168.164.209:34436, 3c4b9a55-490e-411c-8712-e94a51e11966:192.168.164.209:38456, 0b281616-c01c-466a-8a2c-b7dbd5445109:192.168.164.209:34661], old=null
2019-10-31 17:53:15,418 [Datanode State Machine Thread - 0] INFO  impl.RaftServerImpl (RaftServerImpl.java:setRole(173)) - 0b281616-c01c-466a-8a2c-b7dbd5445109@group-3F1636997F7A: changes role from      null to FOLLOWER at term 1 for startAsFollower
2019-10-31 17:53:15,418 [ForkJoinPool.commonPool-worker-1] INFO  impl.RaftServerImpl (RaftServerImpl.java:setRole(173)) - 0b281616-c01c-466a-8a2c-b7dbd5445109@group-65D104242C3E: changes role from      null to FOLLOWER at term 1 for startAsFollower
2019-10-31 17:53:15,419 [Datanode State Machine Thread - 0] INFO  impl.RoleInfo (RoleInfo.java:updateAndGet(143)) - 0b281616-c01c-466a-8a2c-b7dbd5445109: start FollowerState
2019-10-31 17:53:15,419 [ForkJoinPool.commonPool-worker-1] INFO  impl.RoleInfo (RoleInfo.java:updateAndGet(143)) - 0b281616-c01c-466a-8a2c-b7dbd5445109: start FollowerState
2019-10-31 17:53:15,419 [Datanode State Machine Thread - 0] INFO  util.JmxRegister (JmxRegister.java:tryRegister(44)) - Successfully registered JMX Bean with object name Ratis:service=RaftServer,group=group-3F1636997F7A,id=0b281616-c01c-466a-8a2c-b7dbd5445109
2019-10-31 17:53:15,419 [ForkJoinPool.commonPool-worker-1] INFO  util.JmxRegister (JmxRegister.java:tryRegister(44)) - Successfully registered JMX Bean with object name Ratis:service=RaftServer,group=group-65D104242C3E,id=0b281616-c01c-466a-8a2c-b7dbd5445109
2019-10-31 17:53:15,422 [Datanode State Machine Thread - 0] INFO  impl.RaftServerProxy (RaftServerProxy.java:lambda$start$3(299)) - 0b281616-c01c-466a-8a2c-b7dbd5445109: start RPC server
2019-10-31 17:53:15,424 [Datanode State Machine Thread - 0] INFO  server.GrpcService (GrpcService.java:startImpl(158)) - 0b281616-c01c-466a-8a2c-b7dbd5445109: GrpcService started, listening on 0.0.0.0/0.0.0.0:34661
2019-10-31 17:53:16,042 [pool-8-thread-1] INFO  commands.RetriableDatanodeEventWatcher (RetriableDatanodeEventWatcher.java:onTimeout(47)) - RetriableDatanodeCommand type=deleteBlocksCommand with id=1572544392043 timed out. Retrying.
2019-10-31 17:53:16,044 [pool-8-thread-3] INFO  commands.RetriableDatanodeEventWatcher (RetriableDatanodeEventWatcher.java:onTimeout(47)) - RetriableDatanodeCommand type=deleteBlocksCommand with id=1572544392044 timed out. Retrying.
2019-10-31 17:53:16,044 [pool-8-thread-4] INFO  commands.RetriableDatanodeEventWatcher (RetriableDatanodeEventWatcher.java:onTimeout(47)) - RetriableDatanodeCommand type=deleteBlocksCommand with id=1572544392042 timed out. Retrying.
2019-10-31 17:53:16,044 [pool-8-thread-2] INFO  commands.RetriableDatanodeEventWatcher (RetriableDatanodeEventWatcher.java:onTimeout(47)) - RetriableDatanodeCommand type=deleteBlocksCommand with id=1572544392041 timed out. Retrying.
2019-10-31 17:53:16,045 [pool-8-thread-5] INFO  commands.RetriableDatanodeEventWatcher (RetriableDatanodeEventWatcher.java:onTimeout(47)) - RetriableDatanodeCommand type=deleteBlocksCommand with id=1572544392038 timed out. Retrying.
2019-10-31 17:53:16,046 [SCMBlockDeletingService#1] INFO  block.SCMBlockDeletingService (SCMBlockDeletingService.java:call(187)) - Totally added 1 delete blocks command for 1 datanodes, task elapsed time: 2ms
2019-10-31 17:53:16,122 [java.util.concurrent.ThreadPoolExecutor$Worker@2e73371a[State = -1, empty queue]] WARN  server.GrpcLogAppender (GrpcLogAppender.java:timeoutAppendRequest(209)) - 8ad27c18-e1b1-434c-bb09-32fd11380927@group-65D104242C3E->0b281616-c01c-466a-8a2c-b7dbd5445109-GrpcLogAppender: appendEntries Timeout, request=8ad27c18-e1b1-434c-bb09-32fd11380927->0b281616-c01c-466a-8a2c-b7dbd5445109#51-t1, previous=(t:1, i:10), leaderCommit=10, initializing? false, entries: <empty>
2019-10-31 17:53:16,235 [Command processor thread] INFO  commandhandler.DeleteBlocksCommandHandler (DeleteBlocksCommandHandler.java:handle(106)) - Start to delete container blocks, TXIDs=[1(2)], numOfContainers=1, numOfBlocks=1
2019-10-31 17:53:16,236 [Command processor thread] INFO  commandhandler.DeleteBlocksCommandHandler (DeleteBlocksCommandHandler.java:handle(106)) - Start to delete container blocks, TXIDs=[1(2)], numOfContainers=1, numOfBlocks=1
2019-10-31 17:53:16,346 [BlockDeletingService#2] WARN  background.BlockDeletingService (BlockDeletingService.java:isDeletionAllowed(187)) - Close Container log Index 6 is not replicated across allthe servers in the pipeline 9d718bf7-db0a-4e77-ab39-65d104242c3e as the min replicated index is 4. Deletion is not allowed in this container yet.
2019-10-31 17:53:16,346 [BlockDeletingService#2] WARN  background.BlockDeletingService (BlockDeletingService.java:isDeletionAllowed(187)) - Close Container log Index 6 is not replicated across allthe servers in the pipeline 9d718bf7-db0a-4e77-ab39-65d104242c3e as the min replicated index is 4. Deletion is not allowed in this container yet.
2019-10-31 17:53:17,044 [pool-8-thread-5] INFO  commands.RetriableDatanodeEventWatcher (RetriableDatanodeEventWatcher.java:onTimeout(47)) - RetriableDatanodeCommand type=deleteBlocksCommand with id=1572544392043 timed out. Retrying.
2019-10-31 17:53:17,045 [pool-8-thread-5] INFO  commands.RetriableDatanodeEventWatcher (RetriableDatanodeEventWatcher.java:onTimeout(47)) - RetriableDatanodeCommand type=deleteBlocksCommand with id=1572544392045 timed out. Retrying.
2019-10-31 17:53:17,045 [pool-8-thread-3] INFO  commands.RetriableDatanodeEventWatcher (RetriableDatanodeEventWatcher.java:onTimeout(47)) - RetriableDatanodeCommand type=deleteBlocksCommand with id=1572544392038 timed out. Retrying.
2019-10-31 17:53:17,045 [pool-8-thread-4] INFO  commands.RetriableDatanodeEventWatcher (RetriableDatanodeEventWatcher.java:onTimeout(47)) - RetriableDatanodeCommand type=deleteBlocksCommand with id=1572544392041 timed out. Retrying.
2019-10-31 17:53:17,046 [pool-8-thread-2] INFO  commands.RetriableDatanodeEventWatcher (RetriableDatanodeEventWatcher.java:onTimeout(47)) - RetriableDatanodeCommand type=deleteBlocksCommand with id=1572544392044 timed out. Retrying.
2019-10-31 17:53:17,047 [SCMBlockDeletingService#1] INFO  block.SCMBlockDeletingService (SCMBlockDeletingService.java:call(187)) - Totally added 1 delete blocks command for 1 datanodes, task elapsed time: 0ms
2019-10-31 17:53:17,348 [BlockDeletingService#2] WARN  background.BlockDeletingService (BlockDeletingService.java:isDeletionAllowed(187)) - Close Container log Index 6 is not replicated across allthe servers in the pipeline 9d718bf7-db0a-4e77-ab39-65d104242c3e as the min replicated index is 4. Deletion is not allowed in this container yet.
2019-10-31 17:53:17,348 [BlockDeletingService#2] WARN  background.BlockDeletingService (BlockDeletingService.java:isDeletionAllowed(187)) - Close Container log Index 6 is not replicated across allthe servers in the pipeline 9d718bf7-db0a-4e77-ab39-65d104242c3e as the min replicated index is 4. Deletion is not allowed in this container yet.
2019-10-31 17:53:17,404 [EventQueue-PendingDeleteStatusForPendingDeleteHandler] INFO  block.SCMBlockDeletingService (SCMBlockDeletingService.java:handlePendingDeletes(115)) - Block deletion txnID mismatch in datanode 0b281616-c01c-466a-8a2c-b7dbd5445109 for containerID 1. Datanode delete txnID: 0, SCM txnID: 1
2019-10-31 17:53:18,045 [pool-8-thread-2] INFO  commands.RetriableDatanodeEventWatcher (RetriableDatanodeEventWatcher.java:onTimeout(47)) - RetriableDatanodeCommand type=deleteBlocksCommand with id=1572544392043 timed out. Retrying.
2019-10-31 17:53:18,046 [pool-8-thread-2] INFO  commands.RetriableDatanodeEventWatcher (RetriableDatanodeEventWatcher.java:onTimeout(47)) - RetriableDatanodeCommand type=deleteBlocksCommand with id=1572544392045 timed out. Retrying.
2019-10-31 17:53:18,046 [pool-8-thread-4] INFO  commands.RetriableDatanodeEventWatcher (RetriableDatanodeEventWatcher.java:onTimeout(47)) - RetriableDatanodeCommand type=deleteBlocksCommand with id=1572544392044 timed out. Retrying.
2019-10-31 17:53:18,046 [pool-8-thread-5] INFO  commands.RetriableDatanodeEventWatcher (RetriableDatanodeEventWatcher.java:onTimeout(47)) - RetriableDatanodeCommand type=deleteBlocksCommand with id=1572544392038 timed out. Retrying.
2019-10-31 17:53:18,046 [pool-8-thread-3] INFO  commands.RetriableDatanodeEventWatcher (RetriableDatanodeEventWatcher.java:onTimeout(47)) - RetriableDatanodeCommand type=deleteBlocksCommand with id=1572544392041 timed out. Retrying.
2019-10-31 17:53:18,047 [pool-8-thread-5] INFO  commands.RetriableDatanodeEventWatcher (RetriableDatanodeEventWatcher.java:onTimeout(47)) - RetriableDatanodeCommand type=deleteBlocksCommand with id=1572544392046 timed out. Retrying.
2019-10-31 17:53:18,048 [SCMBlockDeletingService#1] INFO  block.SCMBlockDeletingService (SCMBlockDeletingService.java:call(187)) - Totally added 1 delete blocks command for 1 datanodes, task elapsed time: 0ms
2019-10-31 17:53:18,350 [BlockDeletingService#2] WARN  background.BlockDeletingService (BlockDeletingService.java:isDeletionAllowed(187)) - Close Container log Index 6 is not replicated across allthe servers in the pipeline 9d718bf7-db0a-4e77-ab39-65d104242c3e as the min replicated index is 4. Deletion is not allowed in this container yet.
2019-10-31 17:53:18,350 [BlockDeletingService#2] WARN  background.BlockDeletingService (BlockDeletingService.java:isDeletionAllowed(187)) - Close Container log Index 6 is not replicated across allthe servers in the pipeline 9d718bf7-db0a-4e77-ab39-65d104242c3e as the min replicated index is 4. Deletion is not allowed in this container yet.
2019-10-31 17:53:18,624 [java.util.concurrent.ThreadPoolExecutor$Worker@2e73371a[State = -1, empty queue]] WARN  server.GrpcLogAppender (GrpcLogAppender.java:timeoutAppendRequest(209)) - 8ad27c18-e1b1-434c-bb09-32fd11380927@group-65D104242C3E->0b281616-c01c-466a-8a2c-b7dbd5445109-GrpcLogAppender: appendEntries Timeout, request=8ad27c18-e1b1-434c-bb09-32fd11380927->0b281616-c01c-466a-8a2c-b7dbd5445109#52-t1, previous=(t:1, i:10), leaderCommit=10, initializing? false, entries: <empty>
2019-10-31 17:53:19,046 [pool-8-thread-5] INFO  commands.RetriableDatanodeEventWatcher (RetriableDatanodeEventWatcher.java:onTimeout(47)) - RetriableDatanodeCommand type=deleteBlocksCommand with id=1572544392045 timed out. Retrying.
2019-10-31 17:53:19,047 [pool-8-thread-4] INFO  commands.RetriableDatanodeEventWatcher (RetriableDatanodeEventWatcher.java:onTimeout(47)) - RetriableDatanodeCommand type=deleteBlocksCommand with id=1572544392043 timed out. Retrying.
2019-10-31 17:53:19,047 [pool-8-thread-3] INFO  commands.RetriableDatanodeEventWatcher (RetriableDatanodeEventWatcher.java:onTimeout(47)) - RetriableDatanodeCommand type=deleteBlocksCommand with id=1572544392044 timed out. Retrying.
2019-10-31 17:53:19,047 [pool-8-thread-2] INFO  commands.RetriableDatanodeEventWatcher (RetriableDatanodeEventWatcher.java:onTimeout(47)) - RetriableDatanodeCommand type=deleteBlocksCommand with id=1572544392038 timed out. Retrying.
2019-10-31 17:53:19,047 [pool-8-thread-2] INFO  commands.RetriableDatanodeEventWatcher (RetriableDatanodeEventWatcher.java:onTimeout(47)) - RetriableDatanodeCommand type=deleteBlocksCommand with id=1572544392047 timed out. Retrying.
2019-10-31 17:53:19,048 [pool-8-thread-4] INFO  commands.RetriableDatanodeEventWatcher (RetriableDatanodeEventWatcher.java:onTimeout(47)) - RetriableDatanodeCommand type=deleteBlocksCommand with id=1572544392041 timed out. Retrying.
2019-10-31 17:53:19,048 [pool-8-thread-3] INFO  commands.RetriableDatanodeEventWatcher (RetriableDatanodeEventWatcher.java:onTimeout(47)) - RetriableDatanodeCommand type=deleteBlocksCommand with id=1572544392046 timed out. Retrying.
2019-10-31 17:53:19,049 [SCMBlockDeletingService#1] INFO  block.SCMBlockDeletingService (SCMBlockDeletingService.java:call(187)) - Totally added 1 delete blocks command for 1 datanodes, task elapsed time: 1ms
2019-10-31 17:53:19,351 [BlockDeletingService#2] WARN  background.BlockDeletingService (BlockDeletingService.java:isDeletionAllowed(187)) - Close Container log Index 6 is not replicated across allthe servers in the pipeline 9d718bf7-db0a-4e77-ab39-65d104242c3e as the min replicated index is 4. Deletion is not allowed in this container yet.
2019-10-31 17:53:19,351 [BlockDeletingService#2] WARN  background.BlockDeletingService (BlockDeletingService.java:isDeletionAllowed(187)) - Close Container log Index 6 is not replicated across allthe servers in the pipeline 9d718bf7-db0a-4e77-ab39-65d104242c3e as the min replicated index is 4. Deletion is not allowed in this container yet.
2019-10-31 17:53:19,402 [EventQueue-PendingDeleteStatusForPendingDeleteHandler] INFO  block.SCMBlockDeletingService (SCMBlockDeletingService.java:handlePendingDeletes(115)) - Block deletion txnID mismatch in datanode 0b281616-c01c-466a-8a2c-b7dbd5445109 for containerID 1. Datanode delete txnID: 0, SCM txnID: 1
2019-10-31 17:53:19,457 [grpc-default-executor-0] INFO  impl.RaftServerProxy (RaftServerProxy.java:addNew(89)) - 0b281616-c01c-466a-8a2c-b7dbd5445109: addNew group-58BBCDCC13FB:[0b281616-c01c-466a-8a2c-b7dbd5445109:192.168.164.209:34661] returns group-58BBCDCC13FB:java.util.concurrent.CompletableFuture@3734754[Not completed]
2019-10-31 17:53:19,459 [pool-60-thread-1] INFO  impl.RaftServerImpl (RaftServerImpl.java:<init>(98)) - 0b281616-c01c-466a-8a2c-b7dbd5445109: new RaftServerImpl for group-58BBCDCC13FB:[0b281616-c01c-466a-8a2c-b7dbd5445109:192.168.164.209:34661] with ContainerStateMachine:uninitialized
2019-10-31 17:53:19,459 [pool-60-thread-1] INFO  server.RaftServerConfigKeys (ConfUtils.java:logGet(43)) - raft.server.rpc.timeout.min = 5s (custom)
2019-10-31 17:53:19,459 [pool-60-thread-1] INFO  server.RaftServerConfigKeys (ConfUtils.java:logGet(43)) - raft.server.rpc.timeout.max = 5200ms (custom)
2019-10-31 17:53:19,460 [pool-60-thread-1] INFO  server.RaftServerConfigKeys (ConfUtils.java:logGet(43)) - raft.server.rpcslowness.timeout = 1000s (custom)
2019-10-31 17:53:19,460 [pool-60-thread-1] INFO  server.RaftServerConfigKeys (ConfUtils.java:logGet(43)) - raft.server.sleep.deviation.threshold = 300 (default)
2019-10-31 17:53:19,460 [pool-60-thread-1] INFO  server.RaftServerConfigKeys (ConfUtils.java:logGet(43)) - raft.server.log.appender.install.snapshot.enabled = false (custom)
2019-10-31 17:53:19,460 [pool-60-thread-1] INFO  impl.RaftServerImpl (ServerState.java:<init>(103)) - 0b281616-c01c-466a-8a2c-b7dbd5445109@group-58BBCDCC13FB: ConfigurationManager, init=-1: [0b281616-c01c-466a-8a2c-b7dbd5445109:192.168.164.209:34661], old=null, confs=<EMPTY_MAP>
2019-10-31 17:53:19,460 [pool-60-thread-1] INFO  server.RaftServerConfigKeys (ConfUtils.java:logGet(43)) - raft.server.storage.dir = [/workdir/hadoop-ozone/integration-test/target/test-dir/MiniOzoneClusterImpl-a140a335-5a07-44a3-85b4-01ea81f29811/datanode-1/data/ratis] (custom)
2019-10-31 17:53:19,461 [pool-60-thread-1] INFO  server.RaftServerConfigKeys (ConfUtils.java:logGet(43)) - raft.server.log.corruption.policy = EXCEPTION (default)
2019-10-31 17:53:19,461 [pool-60-thread-1] INFO  storage.RaftStorageDirectory (RaftStorageDirectory.java:analyzeStorage(246)) - The storage directory /workdir/hadoop-ozone/integration-test/target/test-dir/MiniOzoneClusterImpl-a140a335-5a07-44a3-85b4-01ea81f29811/datanode-1/data/ratis/ff9a8d5a-b587-4969-b438-58bbcdcc13fb does not exist. Creating ...
2019-10-31 17:53:19,473 [pool-60-thread-1] INFO  storage.RaftStorageDirectory (RaftStorageDirectory.java:tryLock(328)) - Lock on /workdir/hadoop-ozone/integration-test/target/test-dir/MiniOzoneClusterImpl-a140a335-5a07-44a3-85b4-01ea81f29811/datanode-1/data/ratis/ff9a8d5a-b587-4969-b438-58bbcdcc13fb/in_use.lock acquired by nodename 30271@pr-hdds-2329-pipelines-6tcfk-2810823695
2019-10-31 17:53:19,487 [pool-60-thread-1] INFO  storage.RaftStorage (RaftStorage.java:format(84)) - Storage directory /workdir/hadoop-ozone/integration-test/target/test-dir/MiniOzoneClusterImpl-a140a335-5a07-44a3-85b4-01ea81f29811/datanode-1/data/ratis/ff9a8d5a-b587-4969-b438-58bbcdcc13fb has been successfully formatted.
2019-10-31 17:53:19,487 [pool-60-thread-1] INFO  ratis.ContainerStateMachine (ContainerStateMachine.java:loadSnapshot(231)) - group-58BBCDCC13FB: The snapshot info is null. Setting the last applied indexto:(t:0, i:~)
2019-10-31 17:53:19,487 [pool-60-thread-1] INFO  server.RaftServerConfigKeys (ConfUtils.java:logGet(43)) - raft.server.notification.no-leader.timeout = 1000s (custom)
2019-10-31 17:53:19,487 [pool-60-thread-1] INFO  server.RaftServerConfigKeys (ConfUtils.java:logGet(43)) - raft.server.log.use.memory = false (default)
2019-10-31 17:53:19,488 [pool-60-thread-1] INFO  server.RaftServerConfigKeys (ConfUtils.java:logGet(43)) - raft.server.log.purge.gap = 1000000 (custom)
2019-10-31 17:53:19,488 [pool-60-thread-1] INFO  server.RaftServerConfigKeys (ConfUtils.java:logGet(43)) - raft.server.log.appender.buffer.byte-limit = 33554432 (custom)
2019-10-31 17:53:19,488 [pool-60-thread-1] INFO  server.RaftServerConfigKeys (ConfUtils.java:logGet(43)) - raft.server.log.segment.size.max = 1048576 (custom)
2019-10-31 17:53:19,488 [pool-60-thread-1] INFO  server.RaftServerConfigKeys (ConfUtils.java:logGet(43)) - raft.server.log.segment.cache.num.max = 2 (custom)
2019-10-31 17:53:19,488 [pool-60-thread-1] INFO  segmented.SegmentedRaftLogWorker (SegmentedRaftLogWorker.java:<init>(173)) - new 0b281616-c01c-466a-8a2c-b7dbd5445109@group-58BBCDCC13FB-SegmentedRaftLogWorker for RaftStorage:Storage Directory /workdir/hadoop-ozone/integration-test/target/test-dir/MiniOzoneClusterImpl-a140a335-5a07-44a3-85b4-01ea81f29811/datanode-1/data/ratis/ff9a8d5a-b587-4969-b438-58bbcdcc13fb
2019-10-31 17:53:19,488 [pool-60-thread-1] INFO  server.RaftServerConfigKeys (ConfUtils.java:logGet(43)) - raft.server.log.queue.byte-limit = 2147483647 (custom)
2019-10-31 17:53:19,488 [pool-60-thread-1] INFO  server.RaftServerConfigKeys (ConfUtils.java:logGet(43)) - raft.server.log.queue.element-limit = 1024 (custom)
2019-10-31 17:53:19,489 [pool-60-thread-1] INFO  server.RaftServerConfigKeys (ConfUtils.java:logGet(43)) - raft.server.log.segment.size.max = 1048576 (custom)
2019-10-31 17:53:19,489 [pool-60-thread-1] INFO  server.RaftServerConfigKeys (ConfUtils.java:logGet(43)) - raft.server.log.preallocated.size = 16384 (custom)
2019-10-31 17:53:19,489 [pool-60-thread-1] INFO  server.RaftServerConfigKeys (ConfUtils.java:logGet(43)) - raft.server.log.write.buffer.size = 33554432 (custom)
2019-10-31 17:53:19,489 [pool-60-thread-1] INFO  server.RaftServerConfigKeys (ConfUtils.java:logGet(43)) - raft.server.log.force.sync.num = 128 (default)
2019-10-31 17:53:19,489 [pool-60-thread-1] INFO  server.RaftServerConfigKeys (ConfUtils.java:logGet(43)) - raft.server.log.statemachine.data.sync = true (default)
2019-10-31 17:53:19,489 [pool-60-thread-1] INFO  server.RaftServerConfigKeys (ConfUtils.java:logGet(43)) - raft.server.log.statemachine.data.sync.timeout = 10s (default)
2019-10-31 17:53:19,489 [pool-60-thread-1] INFO  server.RaftServerConfigKeys (ConfUtils.java:logGet(43)) - raft.server.log.statemachine.data.sync.timeout.retry = -1 (default)
2019-10-31 17:53:19,490 [pool-60-thread-1] INFO  server.RaftServerConfigKeys (ConfUtils.java:logGet(43)) - raft.server.log.statemachine.data.caching.enabled = true (custom)
2019-10-31 17:53:19,490 [pool-60-thread-1] INFO  segmented.SegmentedRaftLogWorker (SegmentedRaftLogWorker.java:lambda$new$0(128)) - 0b281616-c01c-466a-8a2c-b7dbd5445109@group-58BBCDCC13FB-SegmentedRaftLogWorker: flushIndex: setUnconditionally 0 -> -1
2019-10-31 17:53:19,490 [pool-60-thread-1] INFO  server.RaftServerConfigKeys (ConfUtils.java:logGet(43)) - raft.server.snapshot.auto.trigger.enabled = true (custom)
2019-10-31 17:53:19,490 [pool-60-thread-1] INFO  server.RaftServerConfigKeys (ConfUtils.java:logGet(43)) - raft.server.snapshot.auto.trigger.threshold = 10000 (custom)
2019-10-31 17:53:19,491 [pool-60-thread-1] INFO  server.RaftServerConfigKeys (ConfUtils.java:logGet(43)) - raft.server.snapshot.retention.file.num = 5 (custom)
2019-10-31 17:53:19,491 [pool-60-thread-1] INFO  server.RaftServerConfigKeys (ConfUtils.java:logGet(43)) - raft.server.retrycache.expirytime = 600000ms (custom)
2019-10-31 17:53:19,491 [pool-60-thread-1] WARN  impl.MetricRegistriesImpl (MetricRegistriesImpl.java:lambda$create$1(61)) - First MetricRegistry has been created without registering reporters. You may need to call MetricRegistries.global().addReportRegistration(...) before.
2019-10-31 17:53:19,491 [pool-60-thread-1] WARN  impl.MetricRegistriesImpl (MetricRegistriesImpl.java:lambda$create$1(61)) - First MetricRegistry has been created without registering reporters. You may need to call MetricRegistries.global().addReportRegistration(...) before.
2019-10-31 17:53:19,492 [pool-60-thread-1] INFO  impl.RaftServerImpl (RaftServerImpl.java:start(184)) - 0b281616-c01c-466a-8a2c-b7dbd5445109@group-58BBCDCC13FB: start as a follower, conf=-1: [0b281616-c01c-466a-8a2c-b7dbd5445109:192.168.164.209:34661], old=null
2019-10-31 17:53:19,492 [pool-60-thread-1] INFO  impl.RaftServerImpl (RaftServerImpl.java:setRole(173)) - 0b281616-c01c-466a-8a2c-b7dbd5445109@group-58BBCDCC13FB: changes role from      null to FOLLOWER at term 0 for startAsFollower
2019-10-31 17:53:19,492 [pool-60-thread-1] INFO  impl.RoleInfo (RoleInfo.java:updateAndGet(143)) - 0b281616-c01c-466a-8a2c-b7dbd5445109: start FollowerState
2019-10-31 17:53:19,493 [pool-60-thread-1] INFO  util.JmxRegister (JmxRegister.java:tryRegister(44)) - Successfully registered JMX Bean with object name Ratis:service=RaftServer,group=group-58BBCDCC13FB,id=0b281616-c01c-466a-8a2c-b7dbd5445109
2019-10-31 17:53:19,493 [pool-60-thread-1] WARN  impl.MetricRegistriesImpl (MetricRegistriesImpl.java:lambda$create$1(61)) - First MetricRegistry has been created without registering reporters. You may need to call MetricRegistries.global().addReportRegistration(...) before.
2019-10-31 17:53:19,500 [RatisPipelineUtilsThread] INFO  pipeline.PipelineStateManager (PipelineStateManager.java:addPipeline(56)) - Created pipeline Pipeline[ Id: ff9a8d5a-b587-4969-b438-58bbcdcc13fb, Nodes: 0b281616-c01c-466a-8a2c-b7dbd5445109{ip: 192.168.164.209, host: pr-hdds-2329-pipelines-6tcfk-2810823695, networkLocation: /default-rack, certSerialId: null}, Type:RATIS, Factor:ONE, State:OPEN]
2019-10-31 17:53:19,517 [grpc-default-executor-1] INFO  impl.RaftServerProxy (RaftServerProxy.java:addNew(89)) - 0b281616-c01c-466a-8a2c-b7dbd5445109: addNew group-59CE61BBE92B:[8ad27c18-e1b1-434c-bb09-32fd11380927:192.168.164.209:34436, 3c4b9a55-490e-411c-8712-e94a51e11966:192.168.164.209:38456, 0b281616-c01c-466a-8a2c-b7dbd5445109:192.168.164.209:34661] returns group-59CE61BBE92B:java.util.concurrent.CompletableFuture@18684de0[Not completed]
2019-10-31 17:53:19,518 [grpc-default-executor-0] INFO  impl.RaftServerProxy (RaftServerProxy.java:addNew(89)) - 3c4b9a55-490e-411c-8712-e94a51e11966: addNew group-59CE61BBE92B:[8ad27c18-e1b1-434c-bb09-32fd11380927:192.168.164.209:34436, 3c4b9a55-490e-411c-8712-e94a51e11966:192.168.164.209:38456, 0b281616-c01c-466a-8a2c-b7dbd5445109:192.168.164.209:34661] returns group-59CE61BBE92B:java.util.concurrent.CompletableFuture@5f7c3578[Not completed]
2019-10-31 17:53:19,519 [grpc-default-executor-0] INFO  impl.RaftServerProxy (RaftServerProxy.java:addNew(89)) - 8ad27c18-e1b1-434c-bb09-32fd11380927: addNew group-59CE61BBE92B:[8ad27c18-e1b1-434c-bb09-32fd11380927:192.168.164.209:34436, 3c4b9a55-490e-411c-8712-e94a51e11966:192.168.164.209:38456, 0b281616-c01c-466a-8a2c-b7dbd5445109:192.168.164.209:34661] returns group-59CE61BBE92B:java.util.concurrent.CompletableFuture@3de97f3[Not completed]
2019-10-31 17:53:19,520 [pool-60-thread-1] INFO  impl.RaftServerImpl (RaftServerImpl.java:<init>(98)) - 0b281616-c01c-466a-8a2c-b7dbd5445109: new RaftServerImpl for group-59CE61BBE92B:[8ad27c18-e1b1-434c-bb09-32fd11380927:192.168.164.209:34436, 3c4b9a55-490e-411c-8712-e94a51e11966:192.168.164.209:38456, 0b281616-c01c-466a-8a2c-b7dbd5445109:192.168.164.209:34661] with ContainerStateMachine:uninitialized
2019-10-31 17:53:19,521 [pool-60-thread-1] INFO  server.RaftServerConfigKeys (ConfUtils.java:logGet(43)) - raft.server.rpc.timeout.min = 5s (custom)
2019-10-31 17:53:19,521 [pool-60-thread-1] INFO  server.RaftServerConfigKeys (ConfUtils.java:logGet(43)) - raft.server.rpc.timeout.max = 5200ms (custom)
2019-10-31 17:53:19,521 [pool-60-thread-1] INFO  server.RaftServerConfigKeys (ConfUtils.java:logGet(43)) - raft.server.rpcslowness.timeout = 1000s (custom)
2019-10-31 17:53:19,521 [pool-60-thread-1] INFO  server.RaftServerConfigKeys (ConfUtils.java:logGet(43)) - raft.server.sleep.deviation.threshold = 300 (default)
2019-10-31 17:53:19,521 [pool-60-thread-1] INFO  server.RaftServerConfigKeys (ConfUtils.java:logGet(43)) - raft.server.log.appender.install.snapshot.enabled = false (custom)
2019-10-31 17:53:19,521 [pool-60-thread-1] INFO  impl.RaftServerImpl (ServerState.java:<init>(103)) - 0b281616-c01c-466a-8a2c-b7dbd5445109@group-59CE61BBE92B: ConfigurationManager, init=-1: [8ad27c18-e1b1-434c-bb09-32fd11380927:192.168.164.209:34436, 3c4b9a55-490e-411c-8712-e94a51e11966:192.168.164.209:38456, 0b281616-c01c-466a-8a2c-b7dbd5445109:192.168.164.209:34661], old=null, confs=<EMPTY_MAP>
2019-10-31 17:53:19,521 [pool-60-thread-1] INFO  server.RaftServerConfigKeys (ConfUtils.java:logGet(43)) - raft.server.storage.dir = [/workdir/hadoop-ozone/integration-test/target/test-dir/MiniOzoneClusterImpl-a140a335-5a07-44a3-85b4-01ea81f29811/datanode-1/data/ratis] (custom)
2019-10-31 17:53:19,521 [pool-48-thread-1] INFO  impl.RaftServerImpl (RaftServerImpl.java:<init>(98)) - 8ad27c18-e1b1-434c-bb09-32fd11380927: new RaftServerImpl for group-59CE61BBE92B:[8ad27c18-e1b1-434c-bb09-32fd11380927:192.168.164.209:34436, 3c4b9a55-490e-411c-8712-e94a51e11966:192.168.164.209:38456, 0b281616-c01c-466a-8a2c-b7dbd5445109:192.168.164.209:34661] with ContainerStateMachine:uninitialized
2019-10-31 17:53:19,522 [pool-48-thread-1] INFO  server.RaftServerConfigKeys (ConfUtils.java:logGet(43)) - raft.server.rpc.timeout.min = 5s (custom)
2019-10-31 17:53:19,522 [pool-48-thread-1] INFO  server.RaftServerConfigKeys (ConfUtils.java:logGet(43)) - raft.server.rpc.timeout.max = 5200ms (custom)
2019-10-31 17:53:19,522 [pool-60-thread-1] INFO  server.RaftServerConfigKeys (ConfUtils.java:logGet(43)) - raft.server.log.corruption.policy = EXCEPTION (default)
2019-10-31 17:53:19,522 [pool-48-thread-1] INFO  server.RaftServerConfigKeys (ConfUtils.java:logGet(43)) - raft.server.rpcslowness.timeout = 1000s (custom)
2019-10-31 17:53:19,522 [pool-48-thread-1] INFO  server.RaftServerConfigKeys (ConfUtils.java:logGet(43)) - raft.server.sleep.deviation.threshold = 300 (default)
2019-10-31 17:53:19,522 [pool-60-thread-1] INFO  storage.RaftStorageDirectory (RaftStorageDirectory.java:analyzeStorage(246)) - The storage directory /workdir/hadoop-ozone/integration-test/target/test-dir/MiniOzoneClusterImpl-a140a335-5a07-44a3-85b4-01ea81f29811/datanode-1/data/ratis/eae762a3-8c3d-49ff-bdcf-59ce61bbe92b does not exist. Creating ...
2019-10-31 17:53:19,522 [pool-48-thread-1] INFO  server.RaftServerConfigKeys (ConfUtils.java:logGet(43)) - raft.server.log.appender.install.snapshot.enabled = false (custom)
2019-10-31 17:53:19,522 [pool-28-thread-1] INFO  impl.RaftServerImpl (RaftServerImpl.java:<init>(98)) - 3c4b9a55-490e-411c-8712-e94a51e11966: new RaftServerImpl for group-59CE61BBE92B:[8ad27c18-e1b1-434c-bb09-32fd11380927:192.168.164.209:34436, 3c4b9a55-490e-411c-8712-e94a51e11966:192.168.164.209:38456, 0b281616-c01c-466a-8a2c-b7dbd5445109:192.168.164.209:34661] with ContainerStateMachine:uninitialized
2019-10-31 17:53:19,523 [pool-48-thread-1] INFO  impl.RaftServerImpl (ServerState.java:<init>(103)) - 8ad27c18-e1b1-434c-bb09-32fd11380927@group-59CE61BBE92B: ConfigurationManager, init=-1: [8ad27c18-e1b1-434c-bb09-32fd11380927:192.168.164.209:34436, 3c4b9a55-490e-411c-8712-e94a51e11966:192.168.164.209:38456, 0b281616-c01c-466a-8a2c-b7dbd5445109:192.168.164.209:34661], old=null, confs=<EMPTY_MAP>
2019-10-31 17:53:19,523 [pool-28-thread-1] INFO  server.RaftServerConfigKeys (ConfUtils.java:logGet(43)) - raft.server.rpc.timeout.min = 5s (custom)
2019-10-31 17:53:19,523 [pool-48-thread-1] INFO  server.RaftServerConfigKeys (ConfUtils.java:logGet(43)) - raft.server.storage.dir = [/workdir/hadoop-ozone/integration-test/target/test-dir/MiniOzoneClusterImpl-a140a335-5a07-44a3-85b4-01ea81f29811/datanode-2/data/ratis] (custom)
2019-10-31 17:53:19,523 [pool-28-thread-1] INFO  server.RaftServerConfigKeys (ConfUtils.java:logGet(43)) - raft.server.rpc.timeout.max = 5200ms (custom)
2019-10-31 17:53:19,523 [pool-28-thread-1] INFO  server.RaftServerConfigKeys (ConfUtils.java:logGet(43)) - raft.server.rpcslowness.timeout = 1000s (custom)
2019-10-31 17:53:19,523 [pool-48-thread-1] INFO  server.RaftServerConfigKeys (ConfUtils.java:logGet(43)) - raft.server.log.corruption.policy = EXCEPTION (default)
2019-10-31 17:53:19,523 [pool-28-thread-1] INFO  server.RaftServerConfigKeys (ConfUtils.java:logGet(43)) - raft.server.sleep.deviation.threshold = 300 (default)
2019-10-31 17:53:19,523 [pool-48-thread-1] INFO  storage.RaftStorageDirectory (RaftStorageDirectory.java:analyzeStorage(246)) - The storage directory /workdir/hadoop-ozone/integration-test/target/test-dir/MiniOzoneClusterImpl-a140a335-5a07-44a3-85b4-01ea81f29811/datanode-2/data/ratis/eae762a3-8c3d-49ff-bdcf-59ce61bbe92b does not exist. Creating ...
2019-10-31 17:53:19,523 [pool-28-thread-1] INFO  server.RaftServerConfigKeys (ConfUtils.java:logGet(43)) - raft.server.log.appender.install.snapshot.enabled = false (custom)
2019-10-31 17:53:19,523 [pool-28-thread-1] INFO  impl.RaftServerImpl (ServerState.java:<init>(103)) - 3c4b9a55-490e-411c-8712-e94a51e11966@group-59CE61BBE92B: ConfigurationManager, init=-1: [8ad27c18-e1b1-434c-bb09-32fd11380927:192.168.164.209:34436, 3c4b9a55-490e-411c-8712-e94a51e11966:192.168.164.209:38456, 0b281616-c01c-466a-8a2c-b7dbd5445109:192.168.164.209:34661], old=null, confs=<EMPTY_MAP>
2019-10-31 17:53:19,524 [pool-28-thread-1] INFO  server.RaftServerConfigKeys (ConfUtils.java:logGet(43)) - raft.server.storage.dir = [/workdir/hadoop-ozone/integration-test/target/test-dir/MiniOzoneClusterImpl-a140a335-5a07-44a3-85b4-01ea81f29811/datanode-0/data/ratis] (custom)
2019-10-31 17:53:19,524 [pool-28-thread-1] INFO  server.RaftServerConfigKeys (ConfUtils.java:logGet(43)) - raft.server.log.corruption.policy = EXCEPTION (default)
2019-10-31 17:53:19,524 [pool-28-thread-1] INFO  storage.RaftStorageDirectory (RaftStorageDirectory.java:analyzeStorage(246)) - The storage directory /workdir/hadoop-ozone/integration-test/target/test-dir/MiniOzoneClusterImpl-a140a335-5a07-44a3-85b4-01ea81f29811/datanode-0/data/ratis/eae762a3-8c3d-49ff-bdcf-59ce61bbe92b does not exist. Creating ...
2019-10-31 17:53:19,548 [pool-60-thread-1] INFO  storage.RaftStorageDirectory (RaftStorageDirectory.java:tryLock(328)) - Lock on /workdir/hadoop-ozone/integration-test/target/test-dir/MiniOzoneClusterImpl-a140a335-5a07-44a3-85b4-01ea81f29811/datanode-1/data/ratis/eae762a3-8c3d-49ff-bdcf-59ce61bbe92b/in_use.lock acquired by nodename 30271@pr-hdds-2329-pipelines-6tcfk-2810823695
2019-10-31 17:53:19,548 [pool-48-thread-1] INFO  storage.RaftStorageDirectory (RaftStorageDirectory.java:tryLock(328)) - Lock on /workdir/hadoop-ozone/integration-test/target/test-dir/MiniOzoneClusterImpl-a140a335-5a07-44a3-85b4-01ea81f29811/datanode-2/data/ratis/eae762a3-8c3d-49ff-bdcf-59ce61bbe92b/in_use.lock acquired by nodename 30271@pr-hdds-2329-pipelines-6tcfk-2810823695
2019-10-31 17:53:19,548 [pool-28-thread-1] INFO  storage.RaftStorageDirectory (RaftStorageDirectory.java:tryLock(328)) - Lock on /workdir/hadoop-ozone/integration-test/target/test-dir/MiniOzoneClusterImpl-a140a335-5a07-44a3-85b4-01ea81f29811/datanode-0/data/ratis/eae762a3-8c3d-49ff-bdcf-59ce61bbe92b/in_use.lock acquired by nodename 30271@pr-hdds-2329-pipelines-6tcfk-2810823695
2019-10-31 17:53:19,574 [pool-28-thread-1] INFO  storage.RaftStorage (RaftStorage.java:format(84)) - Storage directory /workdir/hadoop-ozone/integration-test/target/test-dir/MiniOzoneClusterImpl-a140a335-5a07-44a3-85b4-01ea81f29811/datanode-0/data/ratis/eae762a3-8c3d-49ff-bdcf-59ce61bbe92b has been successfully formatted.
2019-10-31 17:53:19,574 [pool-48-thread-1] INFO  storage.RaftStorage (RaftStorage.java:format(84)) - Storage directory /workdir/hadoop-ozone/integration-test/target/test-dir/MiniOzoneClusterImpl-a140a335-5a07-44a3-85b4-01ea81f29811/datanode-2/data/ratis/eae762a3-8c3d-49ff-bdcf-59ce61bbe92b has been successfully formatted.
2019-10-31 17:53:19,574 [pool-28-thread-1] INFO  ratis.ContainerStateMachine (ContainerStateMachine.java:loadSnapshot(231)) - group-59CE61BBE92B: The snapshot info is null. Setting the last applied indexto:(t:0, i:~)
2019-10-31 17:53:19,574 [pool-60-thread-1] INFO  storage.RaftStorage (RaftStorage.java:format(84)) - Storage directory /workdir/hadoop-ozone/integration-test/target/test-dir/MiniOzoneClusterImpl-a140a335-5a07-44a3-85b4-01ea81f29811/datanode-1/data/ratis/eae762a3-8c3d-49ff-bdcf-59ce61bbe92b has been successfully formatted.
2019-10-31 17:53:19,574 [pool-48-thread-1] INFO  ratis.ContainerStateMachine (ContainerStateMachine.java:loadSnapshot(231)) - group-59CE61BBE92B: The snapshot info is null. Setting the last applied indexto:(t:0, i:~)
2019-10-31 17:53:19,574 [pool-28-thread-1] INFO  server.RaftServerConfigKeys (ConfUtils.java:logGet(43)) - raft.server.notification.no-leader.timeout = 1000s (custom)
2019-10-31 17:53:19,575 [pool-48-thread-1] INFO  server.RaftServerConfigKeys (ConfUtils.java:logGet(43)) - raft.server.notification.no-leader.timeout = 1000s (custom)
2019-10-31 17:53:19,575 [pool-60-thread-1] INFO  ratis.ContainerStateMachine (ContainerStateMachine.java:loadSnapshot(231)) - group-59CE61BBE92B: The snapshot info is null. Setting the last applied indexto:(t:0, i:~)
2019-10-31 17:53:19,575 [pool-48-thread-1] INFO  server.RaftServerConfigKeys (ConfUtils.java:logGet(43)) - raft.server.log.use.memory = false (default)
2019-10-31 17:53:19,575 [pool-28-thread-1] INFO  server.RaftServerConfigKeys (ConfUtils.java:logGet(43)) - raft.server.log.use.memory = false (default)
2019-10-31 17:53:19,575 [pool-48-thread-1] INFO  server.RaftServerConfigKeys (ConfUtils.java:logGet(43)) - raft.server.log.purge.gap = 1000000 (custom)
2019-10-31 17:53:19,575 [pool-60-thread-1] INFO  server.RaftServerConfigKeys (ConfUtils.java:logGet(43)) - raft.server.notification.no-leader.timeout = 1000s (custom)
2019-10-31 17:53:19,575 [pool-48-thread-1] INFO  server.RaftServerConfigKeys (ConfUtils.java:logGet(43)) - raft.server.log.appender.buffer.byte-limit = 33554432 (custom)
2019-10-31 17:53:19,575 [pool-28-thread-1] INFO  server.RaftServerConfigKeys (ConfUtils.java:logGet(43)) - raft.server.log.purge.gap = 1000000 (custom)
2019-10-31 17:53:19,575 [pool-48-thread-1] INFO  server.RaftServerConfigKeys (ConfUtils.java:logGet(43)) - raft.server.log.segment.size.max = 1048576 (custom)
2019-10-31 17:53:19,575 [pool-60-thread-1] INFO  server.RaftServerConfigKeys (ConfUtils.java:logGet(43)) - raft.server.log.use.memory = false (default)
2019-10-31 17:53:19,576 [pool-48-thread-1] INFO  server.RaftServerConfigKeys (ConfUtils.java:logGet(43)) - raft.server.log.segment.cache.num.max = 2 (custom)
2019-10-31 17:53:19,576 [pool-60-thread-1] INFO  server.RaftServerConfigKeys (ConfUtils.java:logGet(43)) - raft.server.log.purge.gap = 1000000 (custom)
2019-10-31 17:53:19,576 [pool-28-thread-1] INFO  server.RaftServerConfigKeys (ConfUtils.java:logGet(43)) - raft.server.log.appender.buffer.byte-limit = 33554432 (custom)
2019-10-31 17:53:19,576 [pool-60-thread-1] INFO  server.RaftServerConfigKeys (ConfUtils.java:logGet(43)) - raft.server.log.appender.buffer.byte-limit = 33554432 (custom)
2019-10-31 17:53:19,576 [pool-48-thread-1] INFO  segmented.SegmentedRaftLogWorker (SegmentedRaftLogWorker.java:<init>(173)) - new 8ad27c18-e1b1-434c-bb09-32fd11380927@group-59CE61BBE92B-SegmentedRaftLogWorker for RaftStorage:Storage Directory /workdir/hadoop-ozone/integration-test/target/test-dir/MiniOzoneClusterImpl-a140a335-5a07-44a3-85b4-01ea81f29811/datanode-2/data/ratis/eae762a3-8c3d-49ff-bdcf-59ce61bbe92b
2019-10-31 17:53:19,576 [pool-60-thread-1] INFO  server.RaftServerConfigKeys (ConfUtils.java:logGet(43)) - raft.server.log.segment.size.max = 1048576 (custom)
2019-10-31 17:53:19,576 [pool-28-thread-1] INFO  server.RaftServerConfigKeys (ConfUtils.java:logGet(43)) - raft.server.log.segment.size.max = 1048576 (custom)
2019-10-31 17:53:19,576 [pool-48-thread-1] INFO  server.RaftServerConfigKeys (ConfUtils.java:logGet(43)) - raft.server.log.queue.byte-limit = 2147483647 (custom)
2019-10-31 17:53:19,577 [pool-28-thread-1] INFO  server.RaftServerConfigKeys (ConfUtils.java:logGet(43)) - raft.server.log.segment.cache.num.max = 2 (custom)
2019-10-31 17:53:19,577 [pool-60-thread-1] INFO  server.RaftServerConfigKeys (ConfUtils.java:logGet(43)) - raft.server.log.segment.cache.num.max = 2 (custom)
2019-10-31 17:53:19,577 [pool-28-thread-1] INFO  segmented.SegmentedRaftLogWorker (SegmentedRaftLogWorker.java:<init>(173)) - new 3c4b9a55-490e-411c-8712-e94a51e11966@group-59CE61BBE92B-SegmentedRaftLogWorker for RaftStorage:Storage Directory /workdir/hadoop-ozone/integration-test/target/test-dir/MiniOzoneClusterImpl-a140a335-5a07-44a3-85b4-01ea81f29811/datanode-0/data/ratis/eae762a3-8c3d-49ff-bdcf-59ce61bbe92b
2019-10-31 17:53:19,577 [pool-48-thread-1] INFO  server.RaftServerConfigKeys (ConfUtils.java:logGet(43)) - raft.server.log.queue.element-limit = 1024 (custom)
2019-10-31 17:53:19,577 [pool-28-thread-1] INFO  server.RaftServerConfigKeys (ConfUtils.java:logGet(43)) - raft.server.log.queue.byte-limit = 2147483647 (custom)
2019-10-31 17:53:19,577 [pool-60-thread-1] INFO  segmented.SegmentedRaftLogWorker (SegmentedRaftLogWorker.java:<init>(173)) - new 0b281616-c01c-466a-8a2c-b7dbd5445109@group-59CE61BBE92B-SegmentedRaftLogWorker for RaftStorage:Storage Directory /workdir/hadoop-ozone/integration-test/target/test-dir/MiniOzoneClusterImpl-a140a335-5a07-44a3-85b4-01ea81f29811/datanode-1/data/ratis/eae762a3-8c3d-49ff-bdcf-59ce61bbe92b
2019-10-31 17:53:19,577 [pool-28-thread-1] INFO  server.RaftServerConfigKeys (ConfUtils.java:logGet(43)) - raft.server.log.queue.element-limit = 1024 (custom)
2019-10-31 17:53:19,577 [pool-48-thread-1] INFO  server.RaftServerConfigKeys (ConfUtils.java:logGet(43)) - raft.server.log.segment.size.max = 1048576 (custom)
2019-10-31 17:53:19,577 [pool-28-thread-1] INFO  server.RaftServerConfigKeys (ConfUtils.java:logGet(43)) - raft.server.log.segment.size.max = 1048576 (custom)
2019-10-31 17:53:19,577 [pool-60-thread-1] INFO  server.RaftServerConfigKeys (ConfUtils.java:logGet(43)) - raft.server.log.queue.byte-limit = 2147483647 (custom)
2019-10-31 17:53:19,578 [pool-28-thread-1] INFO  server.RaftServerConfigKeys (ConfUtils.java:logGet(43)) - raft.server.log.preallocated.size = 16384 (custom)
2019-10-31 17:53:19,578 [pool-28-thread-1] INFO  server.RaftServerConfigKeys (ConfUtils.java:logGet(43)) - raft.server.log.write.buffer.size = 33554432 (custom)
2019-10-31 17:53:19,577 [pool-48-thread-1] INFO  server.RaftServerConfigKeys (ConfUtils.java:logGet(43)) - raft.server.log.preallocated.size = 16384 (custom)
2019-10-31 17:53:19,578 [pool-28-thread-1] INFO  server.RaftServerConfigKeys (ConfUtils.java:logGet(43)) - raft.server.log.force.sync.num = 128 (default)
2019-10-31 17:53:19,578 [pool-60-thread-1] INFO  server.RaftServerConfigKeys (ConfUtils.java:logGet(43)) - raft.server.log.queue.element-limit = 1024 (custom)
2019-10-31 17:53:19,578 [pool-28-thread-1] INFO  server.RaftServerConfigKeys (ConfUtils.java:logGet(43)) - raft.server.log.statemachine.data.sync = true (default)
2019-10-31 17:53:19,578 [pool-48-thread-1] INFO  server.RaftServerConfigKeys (ConfUtils.java:logGet(43)) - raft.server.log.write.buffer.size = 33554432 (custom)
2019-10-31 17:53:19,578 [pool-28-thread-1] INFO  server.RaftServerConfigKeys (ConfUtils.java:logGet(43)) - raft.server.log.statemachine.data.sync.timeout = 10s (default)
2019-10-31 17:53:19,578 [pool-60-thread-1] INFO  server.RaftServerConfigKeys (ConfUtils.java:logGet(43)) - raft.server.log.segment.size.max = 1048576 (custom)
2019-10-31 17:53:19,578 [pool-28-thread-1] INFO  server.RaftServerConfigKeys (ConfUtils.java:logGet(43)) - raft.server.log.statemachine.data.sync.timeout.retry = -1 (default)
2019-10-31 17:53:19,578 [pool-48-thread-1] INFO  server.RaftServerConfigKeys (ConfUtils.java:logGet(43)) - raft.server.log.force.sync.num = 128 (default)
2019-10-31 17:53:19,579 [pool-28-thread-1] INFO  server.RaftServerConfigKeys (ConfUtils.java:logGet(43)) - raft.server.log.statemachine.data.caching.enabled = true (custom)
2019-10-31 17:53:19,579 [pool-60-thread-1] INFO  server.RaftServerConfigKeys (ConfUtils.java:logGet(43)) - raft.server.log.preallocated.size = 16384 (custom)
2019-10-31 17:53:19,579 [pool-48-thread-1] INFO  server.RaftServerConfigKeys (ConfUtils.java:logGet(43)) - raft.server.log.statemachine.data.sync = true (default)
2019-10-31 17:53:19,579 [pool-28-thread-1] INFO  segmented.SegmentedRaftLogWorker (SegmentedRaftLogWorker.java:lambda$new$0(128)) - 3c4b9a55-490e-411c-8712-e94a51e11966@group-59CE61BBE92B-SegmentedRaftLogWorker: flushIndex: setUnconditionally 0 -> -1
2019-10-31 17:53:19,579 [pool-60-thread-1] INFO  server.RaftServerConfigKeys (ConfUtils.java:logGet(43)) - raft.server.log.write.buffer.size = 33554432 (custom)
2019-10-31 17:53:19,579 [pool-48-thread-1] INFO  server.RaftServerConfigKeys (ConfUtils.java:logGet(43)) - raft.server.log.statemachine.data.sync.timeout = 10s (default)
2019-10-31 17:53:19,579 [pool-28-thread-1] INFO  server.RaftServerConfigKeys (ConfUtils.java:logGet(43)) - raft.server.snapshot.auto.trigger.enabled = true (custom)
2019-10-31 17:53:19,579 [pool-60-thread-1] INFO  server.RaftServerConfigKeys (ConfUtils.java:logGet(43)) - raft.server.log.force.sync.num = 128 (default)
2019-10-31 17:53:19,580 [pool-28-thread-1] INFO  server.RaftServerConfigKeys (ConfUtils.java:logGet(43)) - raft.server.snapshot.auto.trigger.threshold = 10000 (custom)
2019-10-31 17:53:19,580 [pool-48-thread-1] INFO  server.RaftServerConfigKeys (ConfUtils.java:logGet(43)) - raft.server.log.statemachine.data.sync.timeout.retry = -1 (default)
2019-10-31 17:53:19,580 [pool-28-thread-1] INFO  server.RaftServerConfigKeys (ConfUtils.java:logGet(43)) - raft.server.snapshot.retention.file.num = 5 (custom)
2019-10-31 17:53:19,580 [pool-60-thread-1] INFO  server.RaftServerConfigKeys (ConfUtils.java:logGet(43)) - raft.server.log.statemachine.data.sync = true (default)
2019-10-31 17:53:19,580 [pool-28-thread-1] INFO  server.RaftServerConfigKeys (ConfUtils.java:logGet(43)) - raft.server.retrycache.expirytime = 600000ms (custom)
2019-10-31 17:53:19,580 [pool-48-thread-1] INFO  server.RaftServerConfigKeys (ConfUtils.java:logGet(43)) - raft.server.log.statemachine.data.caching.enabled = true (custom)
2019-10-31 17:53:19,580 [pool-28-thread-1] WARN  impl.MetricRegistriesImpl (MetricRegistriesImpl.java:lambda$create$1(61)) - First MetricRegistry has been created without registering reporters. You may need to call MetricRegistries.global().addReportRegistration(...) before.
2019-10-31 17:53:19,580 [pool-60-thread-1] INFO  server.RaftServerConfigKeys (ConfUtils.java:logGet(43)) - raft.server.log.statemachine.data.sync.timeout = 10s (default)
2019-10-31 17:53:19,581 [pool-48-thread-1] INFO  segmented.SegmentedRaftLogWorker (SegmentedRaftLogWorker.java:lambda$new$0(128)) - 8ad27c18-e1b1-434c-bb09-32fd11380927@group-59CE61BBE92B-SegmentedRaftLogWorker: flushIndex: setUnconditionally 0 -> -1
2019-10-31 17:53:19,581 [pool-28-thread-1] WARN  impl.MetricRegistriesImpl (MetricRegistriesImpl.java:lambda$create$1(61)) - First MetricRegistry has been created without registering reporters. You may need to call MetricRegistries.global().addReportRegistration(...) before.
2019-10-31 17:53:19,581 [pool-60-thread-1] INFO  server.RaftServerConfigKeys (ConfUtils.java:logGet(43)) - raft.server.log.statemachine.data.sync.timeout.retry = -1 (default)
2019-10-31 17:53:19,581 [pool-48-thread-1] INFO  server.RaftServerConfigKeys (ConfUtils.java:logGet(43)) - raft.server.snapshot.auto.trigger.enabled = true (custom)
2019-10-31 17:53:19,581 [pool-60-thread-1] INFO  server.RaftServerConfigKeys (ConfUtils.java:logGet(43)) - raft.server.log.statemachine.data.caching.enabled = true (custom)
2019-10-31 17:53:19,581 [pool-28-thread-1] INFO  impl.RaftServerImpl (RaftServerImpl.java:start(184)) - 3c4b9a55-490e-411c-8712-e94a51e11966@group-59CE61BBE92B: start as a follower, conf=-1: [8ad27c18-e1b1-434c-bb09-32fd11380927:192.168.164.209:34436, 3c4b9a55-490e-411c-8712-e94a51e11966:192.168.164.209:38456, 0b281616-c01c-466a-8a2c-b7dbd5445109:192.168.164.209:34661], old=null
2019-10-31 17:53:19,581 [pool-48-thread-1] INFO  server.RaftServerConfigKeys (ConfUtils.java:logGet(43)) - raft.server.snapshot.auto.trigger.threshold = 10000 (custom)
2019-10-31 17:53:19,581 [pool-60-thread-1] INFO  segmented.SegmentedRaftLogWorker (SegmentedRaftLogWorker.java:lambda$new$0(128)) - 0b281616-c01c-466a-8a2c-b7dbd5445109@group-59CE61BBE92B-SegmentedRaftLogWorker: flushIndex: setUnconditionally 0 -> -1
2019-10-31 17:53:19,581 [pool-28-thread-1] INFO  impl.RaftServerImpl (RaftServerImpl.java:setRole(173)) - 3c4b9a55-490e-411c-8712-e94a51e11966@group-59CE61BBE92B: changes role from      null to FOLLOWER at term 0 for startAsFollower
2019-10-31 17:53:19,581 [pool-48-thread-1] INFO  server.RaftServerConfigKeys (ConfUtils.java:logGet(43)) - raft.server.snapshot.retention.file.num = 5 (custom)
2019-10-31 17:53:19,582 [pool-60-thread-1] INFO  server.RaftServerConfigKeys (ConfUtils.java:logGet(43)) - raft.server.snapshot.auto.trigger.enabled = true (custom)
2019-10-31 17:53:19,582 [pool-28-thread-1] INFO  impl.RoleInfo (RoleInfo.java:updateAndGet(143)) - 3c4b9a55-490e-411c-8712-e94a51e11966: start FollowerState
2019-10-31 17:53:19,582 [pool-60-thread-1] INFO  server.RaftServerConfigKeys (ConfUtils.java:logGet(43)) - raft.server.snapshot.auto.trigger.threshold = 10000 (custom)
2019-10-31 17:53:19,582 [pool-48-thread-1] INFO  server.RaftServerConfigKeys (ConfUtils.java:logGet(43)) - raft.server.retrycache.expirytime = 600000ms (custom)
2019-10-31 17:53:19,582 [pool-60-thread-1] INFO  server.RaftServerConfigKeys (ConfUtils.java:logGet(43)) - raft.server.snapshot.retention.file.num = 5 (custom)
2019-10-31 17:53:19,582 [pool-48-thread-1] WARN  impl.MetricRegistriesImpl (MetricRegistriesImpl.java:lambda$create$1(61)) - First MetricRegistry has been created without registering reporters. You may need to call MetricRegistries.global().addReportRegistration(...) before.
2019-10-31 17:53:19,582 [pool-28-thread-1] INFO  util.JmxRegister (JmxRegister.java:tryRegister(44)) - Successfully registered JMX Bean with object name Ratis:service=RaftServer,group=group-59CE61BBE92B,id=3c4b9a55-490e-411c-8712-e94a51e11966
2019-10-31 17:53:19,582 [pool-48-thread-1] WARN  impl.MetricRegistriesImpl (MetricRegistriesImpl.java:lambda$create$1(61)) - First MetricRegistry has been created without registering reporters. You may need to call MetricRegistries.global().addReportRegistration(...) before.
2019-10-31 17:53:19,582 [pool-60-thread-1] INFO  server.RaftServerConfigKeys (ConfUtils.java:logGet(43)) - raft.server.retrycache.expirytime = 600000ms (custom)
2019-10-31 17:53:19,583 [pool-48-thread-1] INFO  impl.RaftServerImpl (RaftServerImpl.java:start(184)) - 8ad27c18-e1b1-434c-bb09-32fd11380927@group-59CE61BBE92B: start as a follower, conf=-1: [8ad27c18-e1b1-434c-bb09-32fd11380927:192.168.164.209:34436, 3c4b9a55-490e-411c-8712-e94a51e11966:192.168.164.209:38456, 0b281616-c01c-466a-8a2c-b7dbd5445109:192.168.164.209:34661], old=null
2019-10-31 17:53:19,583 [pool-28-thread-1] WARN  impl.MetricRegistriesImpl (MetricRegistriesImpl.java:lambda$create$1(61)) - First MetricRegistry has been created without registering reporters. You may need to call MetricRegistries.global().addReportRegistration(...) before.
2019-10-31 17:53:19,583 [pool-48-thread-1] INFO  impl.RaftServerImpl (RaftServerImpl.java:setRole(173)) - 8ad27c18-e1b1-434c-bb09-32fd11380927@group-59CE61BBE92B: changes role from      null to FOLLOWER at term 0 for startAsFollower
2019-10-31 17:53:19,583 [pool-60-thread-1] WARN  impl.MetricRegistriesImpl (MetricRegistriesImpl.java:lambda$create$1(61)) - First MetricRegistry has been created without registering reporters. You may need to call MetricRegistries.global().addReportRegistration(...) before.
2019-10-31 17:53:19,583 [pool-48-thread-1] INFO  impl.RoleInfo (RoleInfo.java:updateAndGet(143)) - 8ad27c18-e1b1-434c-bb09-32fd11380927: start FollowerState
2019-10-31 17:53:19,583 [pool-60-thread-1] WARN  impl.MetricRegistriesImpl (MetricRegistriesImpl.java:lambda$create$1(61)) - First MetricRegistry has been created without registering reporters. You may need to call MetricRegistries.global().addReportRegistration(...) before.
2019-10-31 17:53:19,584 [pool-60-thread-1] INFO  impl.RaftServerImpl (RaftServerImpl.java:start(184)) - 0b281616-c01c-466a-8a2c-b7dbd5445109@group-59CE61BBE92B: start as a follower, conf=-1: [8ad27c18-e1b1-434c-bb09-32fd11380927:192.168.164.209:34436, 3c4b9a55-490e-411c-8712-e94a51e11966:192.168.164.209:38456, 0b281616-c01c-466a-8a2c-b7dbd5445109:192.168.164.209:34661], old=null
2019-10-31 17:53:19,584 [pool-60-thread-1] INFO  impl.RaftServerImpl (RaftServerImpl.java:setRole(173)) - 0b281616-c01c-466a-8a2c-b7dbd5445109@group-59CE61BBE92B: changes role from      null to FOLLOWER at term 0 for startAsFollower
2019-10-31 17:53:19,584 [pool-48-thread-1] INFO  util.JmxRegister (JmxRegister.java:tryRegister(44)) - Successfully registered JMX Bean with object name Ratis:service=RaftServer,group=group-59CE61BBE92B,id=8ad27c18-e1b1-434c-bb09-32fd11380927
2019-10-31 17:53:19,584 [pool-60-thread-1] INFO  impl.RoleInfo (RoleInfo.java:updateAndGet(143)) - 0b281616-c01c-466a-8a2c-b7dbd5445109: start FollowerState
2019-10-31 17:53:19,584 [pool-48-thread-1] WARN  impl.MetricRegistriesImpl (MetricRegistriesImpl.java:lambda$create$1(61)) - First MetricRegistry has been created without registering reporters. You may need to call MetricRegistries.global().addReportRegistration(...) before.
2019-10-31 17:53:19,584 [pool-60-thread-1] INFO  util.JmxRegister (JmxRegister.java:tryRegister(44)) - Successfully registered JMX Bean with object name Ratis:service=RaftServer,group=group-59CE61BBE92B,id=0b281616-c01c-466a-8a2c-b7dbd5445109
2019-10-31 17:53:19,584 [pool-60-thread-1] WARN  impl.MetricRegistriesImpl (MetricRegistriesImpl.java:lambda$create$1(61)) - First MetricRegistry has been created without registering reporters. You may need to call MetricRegistries.global().addReportRegistration(...) before.
2019-10-31 17:53:19,597 [RatisPipelineUtilsThread] INFO  pipeline.PipelineStateManager (PipelineStateManager.java:addPipeline(56)) - Created pipeline Pipeline[ Id: eae762a3-8c3d-49ff-bdcf-59ce61bbe92b, Nodes: 0b281616-c01c-466a-8a2c-b7dbd5445109{ip: 192.168.164.209, host: pr-hdds-2329-pipelines-6tcfk-2810823695, networkLocation: /default-rack, certSerialId: null}3c4b9a55-490e-411c-8712-e94a51e11966{ip: 192.168.164.209, host: pr-hdds-2329-pipelines-6tcfk-2810823695, networkLocation: /default-rack, certSerialId: null}8ad27c18-e1b1-434c-bb09-32fd11380927{ip: 192.168.164.209, host: pr-hdds-2329-pipelines-6tcfk-2810823695, networkLocation: /default-rack, certSerialId: null}, Type:RATIS, Factor:THREE, State:OPEN]
2019-10-31 17:53:19,805 [EventQueue-PendingDeleteStatusForPendingDeleteHandler] INFO  block.SCMBlockDeletingService (SCMBlockDeletingService.java:handlePendingDeletes(115)) - Block deletion txnID mismatch in datanode 0b281616-c01c-466a-8a2c-b7dbd5445109 for containerID 1. Datanode delete txnID: 0, SCM txnID: 1
2019-10-31 17:53:20,048 [pool-8-thread-3] INFO  commands.RetriableDatanodeEventWatcher (RetriableDatanodeEventWatcher.java:onTimeout(47)) - RetriableDatanodeCommand type=deleteBlocksCommand with id=1572544392045 timed out. Retrying.
2019-10-31 17:53:20,050 [pool-8-thread-6] INFO  commands.RetriableDatanodeEventWatcher (RetriableDatanodeEventWatcher.java:onTimeout(47)) - RetriableDatanodeCommand type=deleteBlocksCommand with id=1572544392043 timed out. Retrying.
2019-10-31 17:53:20,051 [pool-8-thread-5] INFO  commands.RetriableDatanodeEventWatcher (RetriableDatanodeEventWatcher.java:onTimeout(47)) - RetriableDatanodeCommand type=deleteBlocksCommand with id=1572544392046 timed out. Retrying.
2019-10-31 17:53:20,051 [pool-8-thread-2] INFO  commands.RetriableDatanodeEventWatcher (RetriableDatanodeEventWatcher.java:onTimeout(47)) - RetriableDatanodeCommand type=deleteBlocksCommand with id=1572544392047 timed out. Retrying.
2019-10-31 17:53:20,051 [SCMBlockDeletingService#1] INFO  block.SCMBlockDeletingService (SCMBlockDeletingService.java:call(187)) - Totally added 1 delete blocks command for 1 datanodes, task elapsed time: 1ms
2019-10-31 17:53:20,051 [pool-8-thread-1] INFO  commands.RetriableDatanodeEventWatcher (RetriableDatanodeEventWatcher.java:onTimeout(47)) - RetriableDatanodeCommand type=deleteBlocksCommand with id=1572544392041 timed out. Retrying.
2019-10-31 17:53:20,051 [pool-8-thread-4] INFO  commands.RetriableDatanodeEventWatcher (RetriableDatanodeEventWatcher.java:onTimeout(47)) - RetriableDatanodeCommand type=deleteBlocksCommand with id=1572544392044 timed out. Retrying.
2019-10-31 17:53:20,052 [pool-8-thread-7] INFO  commands.RetriableDatanodeEventWatcher (RetriableDatanodeEventWatcher.java:onTimeout(47)) - RetriableDatanodeCommand type=deleteBlocksCommand with id=1572544392038 timed out. Retrying.
2019-10-31 17:53:20,052 [pool-8-thread-3] INFO  commands.RetriableDatanodeEventWatcher (RetriableDatanodeEventWatcher.java:onTimeout(47)) - RetriableDatanodeCommand type=deleteBlocksCommand with id=1572544392048 timed out. Retrying.
2019-10-31 17:53:20,106 [EventQueue-PendingDeleteStatusForPendingDeleteHandler] INFO  block.SCMBlockDeletingService (SCMBlockDeletingService.java:handlePendingDeletes(115)) - Block deletion txnID mismatch in datanode 0b281616-c01c-466a-8a2c-b7dbd5445109 for containerID 1. Datanode delete txnID: 0, SCM txnID: 1
2019-10-31 17:53:20,346 [Thread-586] INFO  client.GrpcClientProtocolService (GrpcClientProtocolService.java:lambda$processClientRequest$0(279)) - Failed RaftClientRequest:client-2E3303FC451C->3c4b9a55-490e-411c-8712-e94a51e11966@group-65D104242C3E, cid=10, seq=0, Watch-ALL_COMMITTED(6), Message:<EMPTY>, reply=RaftClientReply:client-2E3303FC451C->3c4b9a55-490e-411c-8712-e94a51e11966@group-65D104242C3E, cid=10, FAILED org.apache.ratis.protocol.NotLeaderException: Server 3c4b9a55-490e-411c-8712-e94a51e11966@group-65D104242C3E is not the leader 8ad27c18-e1b1-434c-bb09-32fd11380927:192.168.164.209:34436, logIndex=0, commits[3c4b9a55-490e-411c-8712-e94a51e11966:c10, 8ad27c18-e1b1-434c-bb09-32fd11380927:c10, 0b281616-c01c-466a-8a2c-b7dbd5445109:c4]
2019-10-31 17:53:20,355 [BlockDeletingService#2] WARN  background.BlockDeletingService (BlockDeletingService.java:isDeletionAllowed(187)) - Close Container log Index 6 is not replicated across allthe servers in the pipeline 9d718bf7-db0a-4e77-ab39-65d104242c3e as the min replicated index is 4. Deletion is not allowed in this container yet.
2019-10-31 17:53:20,355 [BlockDeletingService#2] WARN  background.BlockDeletingService (BlockDeletingService.java:isDeletionAllowed(187)) - Close Container log Index 6 is not replicated across allthe servers in the pipeline 9d718bf7-db0a-4e77-ab39-65d104242c3e as the min replicated index is 4. Deletion is not allowed in this container yet.
2019-10-31 17:53:20,406 [EventQueue-PendingDeleteStatusForPendingDeleteHandler] INFO  block.SCMBlockDeletingService (SCMBlockDeletingService.java:handlePendingDeletes(115)) - Block deletion txnID mismatch in datanode 0b281616-c01c-466a-8a2c-b7dbd5445109 for containerID 1. Datanode delete txnID: 0, SCM txnID: 1
2019-10-31 17:53:20,423 [Command processor thread] INFO  commandhandler.DeleteBlocksCommandHandler (DeleteBlocksCommandHandler.java:handle(106)) - Start to delete container blocks, TXIDs=[1(0)], numOfContainers=1, numOfBlocks=1
2019-10-31 17:53:20,423 [Command processor thread] INFO  commandhandler.DeleteBlocksCommandHandler (DeleteBlocksCommandHandler.java:handle(106)) - Start to delete container blocks, TXIDs=[1(2)], numOfContainers=1, numOfBlocks=1
2019-10-31 17:53:20,424 [Command processor thread] INFO  commandhandler.DeleteBlocksCommandHandler (DeleteBlocksCommandHandler.java:handle(106)) - Start to delete container blocks, TXIDs=[1(0)], numOfContainers=1, numOfBlocks=1
2019-10-31 17:53:20,424 [Command processor thread] INFO  commandhandler.DeleteBlocksCommandHandler (DeleteBlocksCommandHandler.java:handle(106)) - Start to delete container blocks, TXIDs=[1(2)], numOfContainers=1, numOfBlocks=1
2019-10-31 17:53:20,424 [Command processor thread] INFO  commandhandler.DeleteBlocksCommandHandler (DeleteBlocksCommandHandler.java:handle(106)) - Start to delete container blocks, TXIDs=[1(0)], numOfContainers=1, numOfBlocks=1
2019-10-31 17:53:20,424 [Command processor thread] INFO  commandhandler.DeleteBlocksCommandHandler (DeleteBlocksCommandHandler.java:handle(106)) - Start to delete container blocks, TXIDs=[1(4)], numOfContainers=1, numOfBlocks=1
2019-10-31 17:53:20,425 [Command processor thread] INFO  commandhandler.DeleteBlocksCommandHandler (DeleteBlocksCommandHandler.java:handle(106)) - Start to delete container blocks, TXIDs=[1(2)], numOfContainers=1, numOfBlocks=1
2019-10-31 17:53:20,425 [Command processor thread] INFO  commandhandler.DeleteBlocksCommandHandler (DeleteBlocksCommandHandler.java:handle(106)) - Start to delete container blocks, TXIDs=[1(4)], numOfContainers=1, numOfBlocks=1
2019-10-31 17:53:20,425 [Command processor thread] INFO  commandhandler.DeleteBlocksCommandHandler (DeleteBlocksCommandHandler.java:handle(106)) - Start to delete container blocks, TXIDs=[1(0)], numOfContainers=1, numOfBlocks=1
2019-10-31 17:53:20,426 [Command processor thread] INFO  commandhandler.DeleteBlocksCommandHandler (DeleteBlocksCommandHandler.java:handle(106)) - Start to delete container blocks, TXIDs=[1(5)], numOfContainers=1, numOfBlocks=1
2019-10-31 17:53:20,426 [Command processor thread] INFO  commandhandler.DeleteBlocksCommandHandler (DeleteBlocksCommandHandler.java:handle(106)) - Start to delete container blocks, TXIDs=[1(4)], numOfContainers=1, numOfBlocks=1
2019-10-31 17:53:20,426 [Command processor thread] INFO  commandhandler.DeleteBlocksCommandHandler (DeleteBlocksCommandHandler.java:handle(106)) - Start to delete container blocks, TXIDs=[1(5)], numOfContainers=1, numOfBlocks=1
2019-10-31 17:53:20,427 [Command processor thread] INFO  commandhandler.DeleteBlocksCommandHandler (DeleteBlocksCommandHandler.java:handle(106)) - Start to delete container blocks, TXIDs=[1(2)], numOfContainers=1, numOfBlocks=1
2019-10-31 17:53:20,427 [Command processor thread] INFO  commandhandler.DeleteBlocksCommandHandler (DeleteBlocksCommandHandler.java:handle(106)) - Start to delete container blocks, TXIDs=[1(0)], numOfContainers=1, numOfBlocks=1
2019-10-31 17:53:20,427 [Command processor thread] INFO  commandhandler.DeleteBlocksCommandHandler (DeleteBlocksCommandHandler.java:handle(106)) - Start to delete container blocks, TXIDs=[1(6)], numOfContainers=1, numOfBlocks=1
2019-10-31 17:53:20,427 [Command processor thread] INFO  commandhandler.DeleteBlocksCommandHandler (DeleteBlocksCommandHandler.java:handle(106)) - Start to delete container blocks, TXIDs=[1(4)], numOfContainers=1, numOfBlocks=1
2019-10-31 17:53:20,428 [Command processor thread] INFO  commandhandler.DeleteBlocksCommandHandler (DeleteBlocksCommandHandler.java:handle(106)) - Start to delete container blocks, TXIDs=[1(6)], numOfContainers=1, numOfBlocks=1
2019-10-31 17:53:20,428 [Command processor thread] INFO  commandhandler.DeleteBlocksCommandHandler (DeleteBlocksCommandHandler.java:handle(106)) - Start to delete container blocks, TXIDs=[1(0)], numOfContainers=1, numOfBlocks=1
2019-10-31 17:53:20,429 [Command processor thread] INFO  commandhandler.DeleteBlocksCommandHandler (DeleteBlocksCommandHandler.java:handle(106)) - Start to delete container blocks, TXIDs=[1(2)], numOfContainers=1, numOfBlocks=1
2019-10-31 17:53:20,429 [Command processor thread] INFO  commandhandler.DeleteBlocksCommandHandler (DeleteBlocksCommandHandler.java:handle(106)) - Start to delete container blocks, TXIDs=[1(5)], numOfContainers=1, numOfBlocks=1
2019-10-31 17:53:20,429 [Command processor thread] INFO  commandhandler.DeleteBlocksCommandHandler (DeleteBlocksCommandHandler.java:handle(106)) - Start to delete container blocks, TXIDs=[1(7)], numOfContainers=1, numOfBlocks=1
2019-10-31 17:53:20,430 [Command processor thread] INFO  commandhandler.DeleteBlocksCommandHandler (DeleteBlocksCommandHandler.java:handle(106)) - Start to delete container blocks, TXIDs=[1(4)], numOfContainers=1, numOfBlocks=1
2019-10-31 17:53:20,430 [Command processor thread] INFO  commandhandler.DeleteBlocksCommandHandler (DeleteBlocksCommandHandler.java:handle(106)) - Start to delete container blocks, TXIDs=[1(6)], numOfContainers=1, numOfBlocks=1
2019-10-31 17:53:20,430 [Command processor thread] INFO  commandhandler.DeleteBlocksCommandHandler (DeleteBlocksCommandHandler.java:handle(106)) - Start to delete container blocks, TXIDs=[1(5)], numOfContainers=1, numOfBlocks=1
2019-10-31 17:53:20,431 [Command processor thread] INFO  commandhandler.DeleteBlocksCommandHandler (DeleteBlocksCommandHandler.java:handle(106)) - Start to delete container blocks, TXIDs=[1(0)], numOfContainers=1, numOfBlocks=1
2019-10-31 17:53:20,431 [Command processor thread] INFO  commandhandler.DeleteBlocksCommandHandler (DeleteBlocksCommandHandler.java:handle(106)) - Start to delete container blocks, TXIDs=[1(2)], numOfContainers=1, numOfBlocks=1
2019-10-31 17:53:20,431 [Command processor thread] INFO  commandhandler.DeleteBlocksCommandHandler (DeleteBlocksCommandHandler.java:handle(106)) - Start to delete container blocks, TXIDs=[1(7)], numOfContainers=1, numOfBlocks=1
2019-10-31 17:53:20,432 [Command processor thread] INFO  commandhandler.DeleteBlocksCommandHandler (DeleteBlocksCommandHandler.java:handle(106)) - Start to delete container blocks, TXIDs=[1(7)], numOfContainers=1, numOfBlocks=1
2019-10-31 17:53:20,432 [Command processor thread] INFO  commandhandler.DeleteBlocksCommandHandler (DeleteBlocksCommandHandler.java:handle(106)) - Start to delete container blocks, TXIDs=[1(6)], numOfContainers=1, numOfBlocks=1
2019-10-31 17:53:20,432 [Command processor thread] INFO  commandhandler.DeleteBlocksCommandHandler (DeleteBlocksCommandHandler.java:handle(106)) - Start to delete container blocks, TXIDs=[1(4)], numOfContainers=1, numOfBlocks=1
2019-10-31 17:53:20,432 [Command processor thread] INFO  commandhandler.DeleteBlocksCommandHandler (DeleteBlocksCommandHandler.java:handle(106)) - Start to delete container blocks, TXIDs=[1(5)], numOfContainers=1, numOfBlocks=1
2019-10-31 17:53:20,433 [Command processor thread] INFO  commandhandler.DeleteBlocksCommandHandler (DeleteBlocksCommandHandler.java:handle(106)) - Start to delete container blocks, TXIDs=[1(0)], numOfContainers=1, numOfBlocks=1
2019-10-31 17:53:20,433 [Command processor thread] INFO  commandhandler.DeleteBlocksCommandHandler (DeleteBlocksCommandHandler.java:handle(106)) - Start to delete container blocks, TXIDs=[1(7)], numOfContainers=1, numOfBlocks=1
2019-10-31 17:53:20,433 [Command processor thread] INFO  commandhandler.DeleteBlocksCommandHandler (DeleteBlocksCommandHandler.java:handle(106)) - Start to delete container blocks, TXIDs=[1(2)], numOfContainers=1, numOfBlocks=1
2019-10-31 17:53:20,434 [Command processor thread] INFO  commandhandler.DeleteBlocksCommandHandler (DeleteBlocksCommandHandler.java:handle(106)) - Start to delete container blocks, TXIDs=[1(7)], numOfContainers=1, numOfBlocks=1
2019-10-31 17:53:20,434 [Command processor thread] INFO  commandhandler.DeleteBlocksCommandHandler (DeleteBlocksCommandHandler.java:handle(106)) - Start to delete container blocks, TXIDs=[1(7)], numOfContainers=1, numOfBlocks=1
2019-10-31 17:53:20,434 [Command processor thread] INFO  commandhandler.DeleteBlocksCommandHandler (DeleteBlocksCommandHandler.java:handle(106)) - Start to delete container blocks, TXIDs=[1(6)], numOfContainers=1, numOfBlocks=1
2019-10-31 17:53:20,435 [Command processor thread] INFO  commandhandler.DeleteBlocksCommandHandler (DeleteBlocksCommandHandler.java:handle(106)) - Start to delete container blocks, TXIDs=[1(4)], numOfContainers=1, numOfBlocks=1
2019-10-31 17:53:20,435 [Command processor thread] INFO  commandhandler.DeleteBlocksCommandHandler (DeleteBlocksCommandHandler.java:handle(106)) - Start to delete container blocks, TXIDs=[1(43)], numOfContainers=1, numOfBlocks=1
2019-10-31 17:53:20,435 [Command processor thread] INFO  commandhandler.DeleteBlocksCommandHandler (DeleteBlocksCommandHandler.java:handle(106)) - Start to delete container blocks, TXIDs=[1(7)], numOfContainers=1, numOfBlocks=1
2019-10-31 17:53:20,435 [Command processor thread] INFO  commandhandler.DeleteBlocksCommandHandler (DeleteBlocksCommandHandler.java:handle(106)) - Start to delete container blocks, TXIDs=[1(7)], numOfContainers=1, numOfBlocks=1
2019-10-31 17:53:20,436 [Command processor thread] INFO  commandhandler.DeleteBlocksCommandHandler (DeleteBlocksCommandHandler.java:handle(106)) - Start to delete container blocks, TXIDs=[1(2)], numOfContainers=1, numOfBlocks=1
2019-10-31 17:53:20,436 [Command processor thread] INFO  commandhandler.DeleteBlocksCommandHandler (DeleteBlocksCommandHandler.java:handle(106)) - Start to delete container blocks, TXIDs=[1(5)], numOfContainers=1, numOfBlocks=1
2019-10-31 17:53:20,436 [Command processor thread] INFO  commandhandler.DeleteBlocksCommandHandler (DeleteBlocksCommandHandler.java:handle(106)) - Start to delete container blocks, TXIDs=[1(0)], numOfContainers=1, numOfBlocks=1
2019-10-31 17:53:20,437 [Command processor thread] INFO  commandhandler.DeleteBlocksCommandHandler (DeleteBlocksCommandHandler.java:handle(106)) - Start to delete container blocks, TXIDs=[1(7)], numOfContainers=1, numOfBlocks=1
2019-10-31 17:53:20,497 [Thread-554] INFO  impl.FollowerState (FollowerState.java:run(111)) - 0b281616-c01c-466a-8a2c-b7dbd5445109@group-3F1636997F7A-FollowerState: change to CANDIDATE, lastRpcTime:5078ms, electionTimeout:5078ms
2019-10-31 17:53:20,497 [Thread-554] INFO  impl.RoleInfo (RoleInfo.java:shutdownFollowerState(121)) - 0b281616-c01c-466a-8a2c-b7dbd5445109: shutdown FollowerState
2019-10-31 17:53:20,498 [Thread-554] INFO  impl.RaftServerImpl (RaftServerImpl.java:setRole(173)) - 0b281616-c01c-466a-8a2c-b7dbd5445109@group-3F1636997F7A: changes role from  FOLLOWER to CANDIDATE at term 1 for changeToCandidate
2019-10-31 17:53:20,498 [Thread-554] INFO  impl.RoleInfo (RoleInfo.java:updateAndGet(143)) - 0b281616-c01c-466a-8a2c-b7dbd5445109: start LeaderElection
2019-10-31 17:53:20,522 [0b281616-c01c-466a-8a2c-b7dbd5445109@group-3F1636997F7A-LeaderElection5] INFO  impl.LeaderElection (LeaderElection.java:askForVotes(178)) - 0b281616-c01c-466a-8a2c-b7dbd5445109@group-3F1636997F7A-LeaderElection5: begin an election at term 2 for 0: [0b281616-c01c-466a-8a2c-b7dbd5445109:192.168.164.209:34661], old=null
2019-10-31 17:53:20,522 [0b281616-c01c-466a-8a2c-b7dbd5445109@group-3F1636997F7A-LeaderElection5] INFO  impl.RoleInfo (RoleInfo.java:shutdownLeaderElection(134)) - 0b281616-c01c-466a-8a2c-b7dbd5445109: shutdown LeaderElection
2019-10-31 17:53:20,522 [0b281616-c01c-466a-8a2c-b7dbd5445109@group-3F1636997F7A-LeaderElection5] INFO  impl.RaftServerImpl (RaftServerImpl.java:setRole(173)) - 0b281616-c01c-466a-8a2c-b7dbd5445109@group-3F1636997F7A: changes role from CANDIDATE to LEADER at term 2 for changeToLeader
2019-10-31 17:53:20,523 [0b281616-c01c-466a-8a2c-b7dbd5445109@group-3F1636997F7A-LeaderElection5] INFO  impl.RaftServerImpl (ServerState.java:setLeader(255)) - 0b281616-c01c-466a-8a2c-b7dbd5445109@group-3F1636997F7A: change Leader from null to 0b281616-c01c-466a-8a2c-b7dbd5445109 at term 2 for becomeLeader, leader elected after 7107ms
2019-10-31 17:53:20,524 [0b281616-c01c-466a-8a2c-b7dbd5445109@group-3F1636997F7A-LeaderElection5] INFO  server.RaftServerConfigKeys (ConfUtils.java:logGet(43)) - raft.server.staging.catchup.gap = 1000 (default)
2019-10-31 17:53:20,524 [0b281616-c01c-466a-8a2c-b7dbd5445109@group-3F1636997F7A-LeaderElection5] INFO  server.RaftServerConfigKeys (ConfUtils.java:logGet(43)) - raft.server.rpc.sleep.time = 25ms (default)
2019-10-31 17:53:20,524 [0b281616-c01c-466a-8a2c-b7dbd5445109@group-3F1636997F7A-LeaderElection5] INFO  server.RaftServerConfigKeys (ConfUtils.java:logGet(43)) - raft.server.write.element-limit = 4096 (default)
2019-10-31 17:53:20,525 [0b281616-c01c-466a-8a2c-b7dbd5445109@group-3F1636997F7A-LeaderElection5] INFO  server.RaftServerConfigKeys (ConfUtils.java:logGet(43)) - raft.server.watch.timeout = 10s (default)
2019-10-31 17:53:20,525 [0b281616-c01c-466a-8a2c-b7dbd5445109@group-3F1636997F7A-LeaderElection5] INFO  server.RaftServerConfigKeys (ConfUtils.java:logGet(43)) - raft.server.watch.timeout.denomination = 1s (default)
2019-10-31 17:53:20,525 [0b281616-c01c-466a-8a2c-b7dbd5445109@group-3F1636997F7A-LeaderElection5] INFO  server.RaftServerConfigKeys (ConfUtils.java:logGet(43)) - raft.server.watch.element-limit = 65536 (default)
2019-10-31 17:53:20,525 [0b281616-c01c-466a-8a2c-b7dbd5445109@group-3F1636997F7A-LeaderElection5] INFO  impl.RoleInfo (RoleInfo.java:updateAndGet(143)) - 0b281616-c01c-466a-8a2c-b7dbd5445109: start LeaderState
2019-10-31 17:53:20,526 [0b281616-c01c-466a-8a2c-b7dbd5445109@group-3F1636997F7A-LeaderElection5] INFO  segmented.SegmentedRaftLogWorker (SegmentedRaftLogWorker.java:rollLogSegment(390)) - 0b281616-c01c-466a-8a2c-b7dbd5445109@group-3F1636997F7A-SegmentedRaftLogWorker: Rolling segment log-0_0 to index:0
2019-10-31 17:53:20,530 [0b281616-c01c-466a-8a2c-b7dbd5445109@group-3F1636997F7A-LeaderElection5] INFO  impl.RaftServerImpl (ServerState.java:setRaftConf(356)) - 0b281616-c01c-466a-8a2c-b7dbd5445109@group-3F1636997F7A: set configuration 1: [0b281616-c01c-466a-8a2c-b7dbd5445109:192.168.164.209:34661], old=null at 1
2019-10-31 17:53:20,531 [0b281616-c01c-466a-8a2c-b7dbd5445109@group-3F1636997F7A-SegmentedRaftLogWorker] INFO  segmented.SegmentedRaftLogWorker (SegmentedRaftLogWorker.java:execute(533)) - 0b281616-c01c-466a-8a2c-b7dbd5445109@group-3F1636997F7A-SegmentedRaftLogWorker: Rolled log segment from /workdir/hadoop-ozone/integration-test/target/test-dir/MiniOzoneClusterImpl-a140a335-5a07-44a3-85b4-01ea81f29811/datanode-1/data/ratis/92b31bea-6f2c-4a1d-b657-3f1636997f7a/current/log_inprogress_0 to /workdir/hadoop-ozone/integration-test/target/test-dir/MiniOzoneClusterImpl-a140a335-5a07-44a3-85b4-01ea81f29811/datanode-1/data/ratis/92b31bea-6f2c-4a1d-b657-3f1636997f7a/current/log_0-0
2019-10-31 17:53:20,536 [Thread-555] INFO  impl.FollowerState (FollowerState.java:run(111)) - 0b281616-c01c-466a-8a2c-b7dbd5445109@group-65D104242C3E-FollowerState: change to CANDIDATE, lastRpcTime:5117ms, electionTimeout:5117ms
2019-10-31 17:53:20,537 [Thread-555] INFO  impl.RoleInfo (RoleInfo.java:shutdownFollowerState(121)) - 0b281616-c01c-466a-8a2c-b7dbd5445109: shutdown FollowerState
2019-10-31 17:53:20,537 [Thread-555] INFO  impl.RaftServerImpl (RaftServerImpl.java:setRole(173)) - 0b281616-c01c-466a-8a2c-b7dbd5445109@group-65D104242C3E: changes role from  FOLLOWER to CANDIDATE at term 1 for changeToCandidate
2019-10-31 17:53:20,537 [Thread-555] INFO  impl.RoleInfo (RoleInfo.java:updateAndGet(143)) - 0b281616-c01c-466a-8a2c-b7dbd5445109: start LeaderElection
2019-10-31 17:53:20,579 [0b281616-c01c-466a-8a2c-b7dbd5445109@group-3F1636997F7A-SegmentedRaftLogWorker] INFO  segmented.SegmentedRaftLogWorker (SegmentedRaftLogWorker.java:execute(576)) - 0b281616-c01c-466a-8a2c-b7dbd5445109@group-3F1636997F7A-SegmentedRaftLogWorker: created new log segment /workdir/hadoop-ozone/integration-test/target/test-dir/MiniOzoneClusterImpl-a140a335-5a07-44a3-85b4-01ea81f29811/datanode-1/data/ratis/92b31bea-6f2c-4a1d-b657-3f1636997f7a/current/log_inprogress_1
2019-10-31 17:53:20,581 [0b281616-c01c-466a-8a2c-b7dbd5445109@group-65D104242C3E-LeaderElection6] INFO  impl.LeaderElection (LeaderElection.java:askForVotes(178)) - 0b281616-c01c-466a-8a2c-b7dbd5445109@group-65D104242C3E-LeaderElection6: begin an election at term 2 for 0: [8ad27c18-e1b1-434c-bb09-32fd11380927:192.168.164.209:34436, 3c4b9a55-490e-411c-8712-e94a51e11966:192.168.164.209:38456, 0b281616-c01c-466a-8a2c-b7dbd5445109:192.168.164.209:34661], old=null
2019-10-31 17:53:20,594 [grpc-default-executor-1] INFO  impl.RaftServerImpl (ServerState.java:setLeader(255)) - 8ad27c18-e1b1-434c-bb09-32fd11380927@group-65D104242C3E: change Leader from 8ad27c18-e1b1-434c-bb09-32fd11380927 to null at term 2 for updateCurrentTerm
2019-10-31 17:53:20,594 [grpc-default-executor-0] INFO  impl.RaftServerImpl (ServerState.java:setLeader(255)) - 3c4b9a55-490e-411c-8712-e94a51e11966@group-65D104242C3E: change Leader from 8ad27c18-e1b1-434c-bb09-32fd11380927 to null at term 2 for updateCurrentTerm
2019-10-31 17:53:20,594 [grpc-default-executor-1] INFO  impl.RaftServerImpl (RaftServerImpl.java:setRole(173)) - 8ad27c18-e1b1-434c-bb09-32fd11380927@group-65D104242C3E: changes role from    LEADER to FOLLOWER at term 2 for recognizeCandidate:0b281616-c01c-466a-8a2c-b7dbd5445109
2019-10-31 17:53:20,594 [grpc-default-executor-0] INFO  impl.RaftServerImpl (RaftServerImpl.java:setRole(173)) - 3c4b9a55-490e-411c-8712-e94a51e11966@group-65D104242C3E: changes role from  FOLLOWER to FOLLOWER at term 2 for recognizeCandidate:0b281616-c01c-466a-8a2c-b7dbd5445109
2019-10-31 17:53:20,594 [grpc-default-executor-1] INFO  impl.RoleInfo (RoleInfo.java:shutdownLeaderState(104)) - 8ad27c18-e1b1-434c-bb09-32fd11380927: shutdown LeaderState
2019-10-31 17:53:20,594 [grpc-default-executor-0] INFO  impl.RoleInfo (RoleInfo.java:shutdownFollowerState(121)) - 3c4b9a55-490e-411c-8712-e94a51e11966: shutdown FollowerState
2019-10-31 17:53:20,597 [Thread-241] INFO  impl.FollowerState (FollowerState.java:run(120)) - 3c4b9a55-490e-411c-8712-e94a51e11966@group-65D104242C3E-FollowerState was interrupted: java.lang.InterruptedException: sleep interrupted
2019-10-31 17:53:20,597 [grpc-default-executor-1] INFO  impl.PendingRequests (PendingRequests.java:sendNotLeaderResponses(206)) - 8ad27c18-e1b1-434c-bb09-32fd11380927@group-65D104242C3E-PendingRequests: sendNotLeaderResponses
2019-10-31 17:53:20,597 [org.apache.ratis.server.impl.LogAppender$AppenderDaemon$$Lambda$613/1234135351@7553fe1d] WARN  server.GrpcLogAppender (GrpcLogAppender.java:mayWait(149)) - 8ad27c18-e1b1-434c-bb09-32fd11380927@group-65D104242C3E->3c4b9a55-490e-411c-8712-e94a51e11966-GrpcLogAppender: Wait interrupted by java.lang.InterruptedException
2019-10-31 17:53:20,597 [grpc-default-executor-0] INFO  impl.RoleInfo (RoleInfo.java:updateAndGet(143)) - 3c4b9a55-490e-411c-8712-e94a51e11966: start FollowerState
2019-10-31 17:53:20,597 [org.apache.ratis.server.impl.LogAppender$AppenderDaemon$$Lambda$613/1234135351@7dd7d86f] WARN  server.GrpcLogAppender (GrpcLogAppender.java:mayWait(149)) - 8ad27c18-e1b1-434c-bb09-32fd11380927@group-65D104242C3E->0b281616-c01c-466a-8a2c-b7dbd5445109-GrpcLogAppender: Wait interrupted by java.lang.InterruptedException
2019-10-31 17:53:20,601 [Thread-598] INFO  client.GrpcClientProtocolService (GrpcClientProtocolService.java:lambda$processClientRequest$0(279)) - Failed RaftClientRequest:client-2E3303FC451C->8ad27c18-e1b1-434c-bb09-32fd11380927@group-65D104242C3E, cid=10, seq=0, Watch-ALL_COMMITTED(6), Message:<EMPTY>, reply=RaftClientReply:client-2E3303FC451C->8ad27c18-e1b1-434c-bb09-32fd11380927@group-65D104242C3E, cid=10, FAILED org.apache.ratis.protocol.NotLeaderException: Server 8ad27c18-e1b1-434c-bb09-32fd11380927@group-65D104242C3E is not the leader, logIndex=0, commits[8ad27c18-e1b1-434c-bb09-32fd11380927:c10, 3c4b9a55-490e-411c-8712-e94a51e11966:c10, 0b281616-c01c-466a-8a2c-b7dbd5445109:c4]
2019-10-31 17:53:20,604 [Thread-599] INFO  client.GrpcClientProtocolService (GrpcClientProtocolService.java:lambda$processClientRequest$0(279)) - Failed RaftClientRequest:client-2E3303FC451C->8ad27c18-e1b1-434c-bb09-32fd11380927@group-65D104242C3E, cid=10, seq=0, Watch-ALL_COMMITTED(6), Message:<EMPTY>, reply=RaftClientReply:client-2E3303FC451C->8ad27c18-e1b1-434c-bb09-32fd11380927@group-65D104242C3E, cid=10, FAILED org.apache.ratis.protocol.NotLeaderException: Server 8ad27c18-e1b1-434c-bb09-32fd11380927@group-65D104242C3E is not the leader, logIndex=0, commits[8ad27c18-e1b1-434c-bb09-32fd11380927:c10, 3c4b9a55-490e-411c-8712-e94a51e11966:c10, 0b281616-c01c-466a-8a2c-b7dbd5445109:c4]
2019-10-31 17:53:20,604 [grpc-default-executor-3] INFO  server.GrpcServerProtocolService (GrpcServerProtocolService.java:onCompleted(113)) - 3c4b9a55-490e-411c-8712-e94a51e11966: Completed APPEND_ENTRIES, lastRequest: 8ad27c18-e1b1-434c-bb09-32fd11380927->3c4b9a55-490e-411c-8712-e94a51e11966#53-t1, previous=(t:1, i:10), leaderCommit=10, initializing? false, entries: <empty>
2019-10-31 17:53:20,604 [grpc-default-executor-1] INFO  impl.RoleInfo (RoleInfo.java:updateAndGet(143)) - 8ad27c18-e1b1-434c-bb09-32fd11380927: start FollowerState
2019-10-31 17:53:20,615 [grpc-default-executor-3] INFO  server.GrpcLogAppender (GrpcLogAppender.java:onCompleted(308)) - 8ad27c18-e1b1-434c-bb09-32fd11380927@group-65D104242C3E->3c4b9a55-490e-411c-8712-e94a51e11966-AppendLogResponseHandler: follower responses appendEntries COMPLETED
2019-10-31 17:53:20,620 [grpc-default-executor-3] INFO  impl.FollowerInfo (FollowerInfo.java:lambda$new$0(51)) - 8ad27c18-e1b1-434c-bb09-32fd11380927@group-65D104242C3E->3c4b9a55-490e-411c-8712-e94a51e11966: nextIndex: updateUnconditionally 11 -> 10
2019-10-31 17:53:20,624 [EventQueue-DeleteBlockStatusForDeletedBlockLogImpl] WARN  block.DeletedBlockLogImpl (DeletedBlockLogImpl.java:commitTransactions(205)) - Transaction txId=1 commit by dnId=0b281616-c01c-466a-8a2c-b7dbd5445109 for containerID=#1 failed. Corresponding entry not found.
2019-10-31 17:53:20,625 [EventQueue-DeleteBlockStatusForDeletedBlockLogImpl] WARN  block.DeletedBlockLogImpl (DeletedBlockLogImpl.java:commitTransactions(205)) - Transaction txId=1 commit by dnId=0b281616-c01c-466a-8a2c-b7dbd5445109 for containerID=#1 failed. Corresponding entry not found.
2019-10-31 17:53:20,625 [EventQueue-DeleteBlockStatusForDeletedBlockLogImpl] WARN  block.DeletedBlockLogImpl (DeletedBlockLogImpl.java:commitTransactions(205)) - Transaction txId=1 commit by dnId=0b281616-c01c-466a-8a2c-b7dbd5445109 for containerID=#1 failed. Corresponding entry not found.
2019-10-31 17:53:20,625 [EventQueue-DeleteBlockStatusForDeletedBlockLogImpl] WARN  block.DeletedBlockLogImpl (DeletedBlockLogImpl.java:commitTransactions(205)) - Transaction txId=1 commit by dnId=0b281616-c01c-466a-8a2c-b7dbd5445109 for containerID=#1 failed. Corresponding entry not found.
2019-10-31 17:53:20,625 [EventQueue-DeleteBlockStatusForDeletedBlockLogImpl] WARN  block.DeletedBlockLogImpl (DeletedBlockLogImpl.java:commitTransactions(205)) - Transaction txId=1 commit by dnId=0b281616-c01c-466a-8a2c-b7dbd5445109 for containerID=#1 failed. Corresponding entry not found.
2019-10-31 17:53:20,625 [EventQueue-DeleteBlockStatusForDeletedBlockLogImpl] WARN  block.DeletedBlockLogImpl (DeletedBlockLogImpl.java:commitTransactions(205)) - Transaction txId=1 commit by dnId=0b281616-c01c-466a-8a2c-b7dbd5445109 for containerID=#1 failed. Corresponding entry not found.
2019-10-31 17:53:20,625 [EventQueue-DeleteBlockStatusForDeletedBlockLogImpl] WARN  block.DeletedBlockLogImpl (DeletedBlockLogImpl.java:commitTransactions(205)) - Transaction txId=1 commit by dnId=0b281616-c01c-466a-8a2c-b7dbd5445109 for containerID=#1 failed. Corresponding entry not found.
2019-10-31 17:53:20,625 [EventQueue-DeleteBlockStatusForDeletedBlockLogImpl] WARN  block.DeletedBlockLogImpl (DeletedBlockLogImpl.java:commitTransactions(205)) - Transaction txId=1 commit by dnId=0b281616-c01c-466a-8a2c-b7dbd5445109 for containerID=#1 failed. Corresponding entry not found.
2019-10-31 17:53:20,635 [0b281616-c01c-466a-8a2c-b7dbd5445109@group-65D104242C3E-LeaderElection6] INFO  impl.LeaderElection (LeaderElection.java:logAndReturn(56)) - 0b281616-c01c-466a-8a2c-b7dbd5445109@group-65D104242C3E-LeaderElection6: Election REJECTED; received 2 response(s) [0b281616-c01c-466a-8a2c-b7dbd5445109<-8ad27c18-e1b1-434c-bb09-32fd11380927#0:FAIL-t2, 0b281616-c01c-466a-8a2c-b7dbd5445109<-3c4b9a55-490e-411c-8712-e94a51e11966#0:FAIL-t2] and 0 exception(s); 0b281616-c01c-466a-8a2c-b7dbd5445109@group-65D104242C3E:t2, leader=null, voted=0b281616-c01c-466a-8a2c-b7dbd5445109, raftlog=0b281616-c01c-466a-8a2c-b7dbd5445109@group-65D104242C3E-SegmentedRaftLog:OPENED:c3,f4,i4, conf=0: [8ad27c18-e1b1-434c-bb09-32fd11380927:192.168.164.209:34436, 3c4b9a55-490e-411c-8712-e94a51e11966:192.168.164.209:38456, 0b281616-c01c-466a-8a2c-b7dbd5445109:192.168.164.209:34661], old=null
2019-10-31 17:53:20,635 [0b281616-c01c-466a-8a2c-b7dbd5445109@group-65D104242C3E-LeaderElection6] INFO  impl.RaftServerImpl (RaftServerImpl.java:setRole(173)) - 0b281616-c01c-466a-8a2c-b7dbd5445109@group-65D104242C3E: changes role from CANDIDATE to FOLLOWER at term 2 for DISCOVERED_A_NEW_TERM
2019-10-31 17:53:20,639 [0b281616-c01c-466a-8a2c-b7dbd5445109@group-65D104242C3E-LeaderElection6] INFO  impl.RoleInfo (RoleInfo.java:shutdownLeaderElection(134)) - 0b281616-c01c-466a-8a2c-b7dbd5445109: shutdown LeaderElection
2019-10-31 17:53:20,640 [0b281616-c01c-466a-8a2c-b7dbd5445109@group-65D104242C3E-LeaderElection6] INFO  impl.RoleInfo (RoleInfo.java:updateAndGet(143)) - 0b281616-c01c-466a-8a2c-b7dbd5445109: start FollowerState
2019-10-31 17:53:21,125 [java.util.concurrent.ThreadPoolExecutor$Worker@2e73371a[State = -1, empty queue]] WARN  server.GrpcLogAppender (GrpcLogAppender.java:timeoutAppendRequest(209)) - 8ad27c18-e1b1-434c-bb09-32fd11380927@group-65D104242C3E->0b281616-c01c-466a-8a2c-b7dbd5445109-GrpcLogAppender: appendEntries Timeout, request=8ad27c18-e1b1-434c-bb09-32fd11380927->0b281616-c01c-466a-8a2c-b7dbd5445109#53-t1, previous=(t:1, i:10), leaderCommit=10, initializing? false, entries: <empty>
2019-10-31 17:53:21,357 [BlockDeletingService#5] WARN  background.BlockDeletingService (BlockDeletingService.java:isDeletionAllowed(187)) - Close Container log Index 6 is not replicated across allthe servers in the pipeline 9d718bf7-db0a-4e77-ab39-65d104242c3e as the min replicated index is 4. Deletion is not allowed in this container yet.
2019-10-31 17:53:21,358 [BlockDeletingService#2] WARN  background.BlockDeletingService (BlockDeletingService.java:isDeletionAllowed(187)) - Close Container log Index 6 is not replicated across allthe servers in the pipeline 9d718bf7-db0a-4e77-ab39-65d104242c3e as the min replicated index is 4. Deletion is not allowed in this container yet.
2019-10-31 17:53:21,632 [Thread-607] INFO  client.GrpcClientProtocolService (GrpcClientProtocolService.java:lambda$processClientRequest$0(279)) - Failed RaftClientRequest:client-2E3303FC451C->0b281616-c01c-466a-8a2c-b7dbd5445109@group-65D104242C3E, cid=10, seq=0, Watch-ALL_COMMITTED(6), Message:<EMPTY>, reply=RaftClientReply:client-2E3303FC451C->0b281616-c01c-466a-8a2c-b7dbd5445109@group-65D104242C3E, cid=10, FAILED org.apache.ratis.protocol.NotLeaderException: Server 0b281616-c01c-466a-8a2c-b7dbd5445109@group-65D104242C3E is not the leader, logIndex=0, commits[0b281616-c01c-466a-8a2c-b7dbd5445109:c3]
2019-10-31 17:53:22,358 [BlockDeletingService#5] WARN  background.BlockDeletingService (BlockDeletingService.java:isDeletionAllowed(187)) - Close Container log Index 6 is not replicated across allthe servers in the pipeline 9d718bf7-db0a-4e77-ab39-65d104242c3e as the min replicated index is 4. Deletion is not allowed in this container yet.
2019-10-31 17:53:22,359 [BlockDeletingService#2] WARN  background.BlockDeletingService (BlockDeletingService.java:isDeletionAllowed(187)) - Close Container log Index 6 is not replicated across allthe servers in the pipeline 9d718bf7-db0a-4e77-ab39-65d104242c3e as the min replicated index is 4. Deletion is not allowed in this container yet.
2019-10-31 17:53:22,651 [Thread-613] INFO  client.GrpcClientProtocolService (GrpcClientProtocolService.java:lambda$processClientRequest$0(279)) - Failed RaftClientRequest:client-2E3303FC451C->3c4b9a55-490e-411c-8712-e94a51e11966@group-65D104242C3E, cid=10, seq=0, Watch-ALL_COMMITTED(6), Message:<EMPTY>, reply=RaftClientReply:client-2E3303FC451C->3c4b9a55-490e-411c-8712-e94a51e11966@group-65D104242C3E, cid=10, FAILED org.apache.ratis.protocol.NotLeaderException: Server 3c4b9a55-490e-411c-8712-e94a51e11966@group-65D104242C3E is not the leader, logIndex=0, commits[3c4b9a55-490e-411c-8712-e94a51e11966:c10, 8ad27c18-e1b1-434c-bb09-32fd11380927:c10, 0b281616-c01c-466a-8a2c-b7dbd5445109:c4]
2019-10-31 17:53:23,361 [BlockDeletingService#5] WARN  background.BlockDeletingService (BlockDeletingService.java:isDeletionAllowed(187)) - Close Container log Index 6 is not replicated across allthe servers in the pipeline 9d718bf7-db0a-4e77-ab39-65d104242c3e as the min replicated index is 4. Deletion is not allowed in this container yet.
2019-10-31 17:53:23,362 [BlockDeletingService#2] WARN  background.BlockDeletingService (BlockDeletingService.java:isDeletionAllowed(187)) - Close Container log Index 6 is not replicated across allthe servers in the pipeline 9d718bf7-db0a-4e77-ab39-65d104242c3e as the min replicated index is 4. Deletion is not allowed in this container yet.
]]></system-out>
    <system-err><![CDATA[ERROR StatusLogger No Log4j 2 configuration file found. Using default configuration (logging only errors to the console), or user programmatically provided configurations. Set system property 'log4j2.debug' to show Log4j 2 internal initialization logging. See https://logging.apache.org/log4j/2.x/manual/configuration.html for instructions on how to configure Log4j 2
Oct 31, 2019 5:51:36 PM org.apache.ratis.thirdparty.io.grpc.internal.SerializingExecutor run
SEVERE: Exception while executing runnable org.apache.ratis.thirdparty.io.grpc.internal.ServerImpl$JumpToApplicationThreadServerStreamListener$1Closed@2bf2e9d8
org.apache.ratis.thirdparty.io.grpc.StatusRuntimeException: CANCELLED: call already cancelled
	at org.apache.ratis.thirdparty.io.grpc.Status.asRuntimeException(Status.java:517)
	at org.apache.ratis.thirdparty.io.grpc.stub.ServerCalls$ServerCallStreamObserverImpl.onCompleted(ServerCalls.java:356)
	at org.apache.ratis.grpc.server.GrpcServerProtocolService$ServerRequestStreamObserver.onError(GrpcServerProtocolService.java:121)
	at org.apache.ratis.thirdparty.io.grpc.stub.ServerCalls$StreamingServerCallHandler$StreamingServerCallListener.onCancel(ServerCalls.java:269)
	at org.apache.ratis.thirdparty.io.grpc.internal.ServerCallImpl$ServerStreamListenerImpl.closed(ServerCallImpl.java:293)
	at org.apache.ratis.thirdparty.io.grpc.internal.ServerImpl$JumpToApplicationThreadServerStreamListener$1Closed.runInContext(ServerImpl.java:741)
	at org.apache.ratis.thirdparty.io.grpc.internal.ContextRunnable.run(ContextRunnable.java:37)
	at org.apache.ratis.thirdparty.io.grpc.internal.SerializingExecutor.run(SerializingExecutor.java:123)
	at java.util.concurrent.ThreadPoolExecutor.runWorker(ThreadPoolExecutor.java:1149)
	at java.util.concurrent.ThreadPoolExecutor$Worker.run(ThreadPoolExecutor.java:624)
	at java.lang.Thread.run(Thread.java:748)

Oct 31, 2019 5:51:36 PM org.apache.ratis.thirdparty.io.grpc.internal.SerializingExecutor run
SEVERE: Exception while executing runnable org.apache.ratis.thirdparty.io.grpc.internal.ClientCallImpl$ClientStreamListenerImpl$1StreamClosed@20afcd51
java.lang.NullPointerException
	at org.apache.ratis.grpc.server.GrpcLogAppender$AppendLogResponseHandler.onError(GrpcLogAppender.java:303)
	at org.apache.ratis.thirdparty.io.grpc.stub.ClientCalls$StreamObserverToCallListenerAdapter.onClose(ClientCalls.java:434)
	at org.apache.ratis.thirdparty.io.grpc.PartialForwardingClientCallListener.onClose(PartialForwardingClientCallListener.java:39)
	at org.apache.ratis.thirdparty.io.grpc.ForwardingClientCallListener.onClose(ForwardingClientCallListener.java:23)
	at org.apache.ratis.thirdparty.io.grpc.ForwardingClientCallListener$SimpleForwardingClientCallListener.onClose(ForwardingClientCallListener.java:40)
	at org.apache.ratis.thirdparty.io.grpc.internal.CensusStatsModule$StatsClientInterceptor$1$1.onClose(CensusStatsModule.java:678)
	at org.apache.ratis.thirdparty.io.grpc.PartialForwardingClientCallListener.onClose(PartialForwardingClientCallListener.java:39)
	at org.apache.ratis.thirdparty.io.grpc.ForwardingClientCallListener.onClose(ForwardingClientCallListener.java:23)
	at org.apache.ratis.thirdparty.io.grpc.ForwardingClientCallListener$SimpleForwardingClientCallListener.onClose(ForwardingClientCallListener.java:40)
	at org.apache.ratis.thirdparty.io.grpc.internal.CensusTracingModule$TracingClientInterceptor$1$1.onClose(CensusTracingModule.java:397)
	at org.apache.ratis.thirdparty.io.grpc.internal.ClientCallImpl.closeObserver(ClientCallImpl.java:459)
	at org.apache.ratis.thirdparty.io.grpc.internal.ClientCallImpl.access$300(ClientCallImpl.java:63)
	at org.apache.ratis.thirdparty.io.grpc.internal.ClientCallImpl$ClientStreamListenerImpl.close(ClientCallImpl.java:546)
	at org.apache.ratis.thirdparty.io.grpc.internal.ClientCallImpl$ClientStreamListenerImpl.access$600(ClientCallImpl.java:467)
	at org.apache.ratis.thirdparty.io.grpc.internal.ClientCallImpl$ClientStreamListenerImpl$1StreamClosed.runInContext(ClientCallImpl.java:584)
	at org.apache.ratis.thirdparty.io.grpc.internal.ContextRunnable.run(ContextRunnable.java:37)
	at org.apache.ratis.thirdparty.io.grpc.internal.SerializingExecutor.run(SerializingExecutor.java:123)
	at java.util.concurrent.ThreadPoolExecutor.runWorker(ThreadPoolExecutor.java:1149)
	at java.util.concurrent.ThreadPoolExecutor$Worker.run(ThreadPoolExecutor.java:624)
	at java.lang.Thread.run(Thread.java:748)

]]></system-err>
  </testcase>
</testsuite>