<?xml version="1.0" encoding="UTF-8"?>
<testsuite xmlns:xsi="http://www.w3.org/2001/XMLSchema-instance" xsi:noNamespaceSchemaLocation="https://maven.apache.org/surefire/maven-surefire-plugin/xsd/surefire-test-report.xsd" name="org.apache.hadoop.ozone.client.rpc.TestMultiBlockWritesWithDnFailures" time="93.923" tests="2" errors="1" skipped="0" failures="0">
  <properties>
    <property name="awt.toolkit" value="sun.awt.X11.XToolkit"/>
    <property name="file.encoding.pkg" value="sun.io"/>
    <property name="java.specification.version" value="1.8"/>
    <property name="sun.cpu.isalist" value=""/>
    <property name="sun.jnu.encoding" value="ANSI_X3.4-1968"/>
    <property name="java.class.path" value="/workdir/hadoop-ozone/integration-test/target/test-classes:/workdir/hadoop-ozone/integration-test/target/classes:/home/user/.m2/repository/org/apache/hadoop/hadoop-ozone-common/0.5.0-SNAPSHOT/hadoop-ozone-common-0.5.0-SNAPSHOT.jar:/home/user/.m2/repository/org/apache/commons/commons-compress/1.4.1/commons-compress-1.4.1.jar:/home/user/.m2/repository/org/tukaani/xz/1.0/xz-1.0.jar:/home/user/.m2/repository/org/apache/hadoop/hadoop-common/3.2.0/hadoop-common-3.2.0.jar:/home/user/.m2/repository/org/apache/hadoop/hadoop-hdfs/3.2.0/hadoop-hdfs-3.2.0.jar:/home/user/.m2/repository/org/apache/hadoop/hadoop-hdfs-client/3.2.0/hadoop-hdfs-client-3.2.0.jar:/home/user/.m2/repository/com/fasterxml/jackson/core/jackson-annotations/2.9.9/jackson-annotations-2.9.9.jar:/home/user/.m2/repository/org/apache/hadoop/hadoop-hdds-common/0.5.0-SNAPSHOT/hadoop-hdds-common-0.5.0-SNAPSHOT.jar:/home/user/.m2/repository/javax/annotation/javax.annotation-api/1.2/javax.annotation-api-1.2.jar:/home/user/.m2/repository/org/apache/ratis/ratis-server/0.5.0-d6d58d0-SNAPSHOT/ratis-server-0.5.0-d6d58d0-SNAPSHOT.jar:/home/user/.m2/repository/org/apache/ratis/ratis-thirdparty-misc/0.2.0/ratis-thirdparty-misc-0.2.0.jar:/home/user/.m2/repository/org/apache/ratis/ratis-proto/0.5.0-d6d58d0-SNAPSHOT/ratis-proto-0.5.0-d6d58d0-SNAPSHOT.jar:/home/user/.m2/repository/org/apache/ratis/ratis-common/0.5.0-d6d58d0-SNAPSHOT/ratis-common-0.5.0-d6d58d0-SNAPSHOT.jar:/home/user/.m2/repository/org/apache/ratis/ratis-client/0.5.0-d6d58d0-SNAPSHOT/ratis-client-0.5.0-d6d58d0-SNAPSHOT.jar:/home/user/.m2/repository/org/apache/ratis/ratis-metrics/0.5.0-d6d58d0-SNAPSHOT/ratis-metrics-0.5.0-d6d58d0-SNAPSHOT.jar:/home/user/.m2/repository/org/apache/ratis/ratis-netty/0.5.0-d6d58d0-SNAPSHOT/ratis-netty-0.5.0-d6d58d0-SNAPSHOT.jar:/home/user/.m2/repository/org/apache/ratis/ratis-grpc/0.5.0-d6d58d0-SNAPSHOT/ratis-grpc-0.5.0-d6d58d0-SNAPSHOT.jar:/home/user/.m2/repository/org/rocksdb/rocksdbjni/6.0.1/rocksdbjni-6.0.1.jar:/home/user/.m2/repository/org/apache/logging/log4j/log4j-api/2.11.0/log4j-api-2.11.0.jar:/home/user/.m2/repository/org/apache/logging/log4j/log4j-core/2.11.0/log4j-core-2.11.0.jar:/home/user/.m2/repository/com/lmax/disruptor/3.4.2/disruptor-3.4.2.jar:/home/user/.m2/repository/org/apache/commons/commons-pool2/2.6.0/commons-pool2-2.6.0.jar:/home/user/.m2/repository/org/bouncycastle/bcpkix-jdk15on/1.60/bcpkix-jdk15on-1.60.jar:/home/user/.m2/repository/commons-validator/commons-validator/1.6/commons-validator-1.6.jar:/home/user/.m2/repository/commons-digester/commons-digester/1.8.1/commons-digester-1.8.1.jar:/home/user/.m2/repository/io/jaegertracing/jaeger-client/0.34.0/jaeger-client-0.34.0.jar:/home/user/.m2/repository/io/jaegertracing/jaeger-thrift/0.34.0/jaeger-thrift-0.34.0.jar:/home/user/.m2/repository/org/apache/thrift/libthrift/0.12.0/libthrift-0.12.0.jar:/home/user/.m2/repository/com/squareup/okhttp3/okhttp/3.9.0/okhttp-3.9.0.jar:/home/user/.m2/repository/com/squareup/okio/okio/1.13.0/okio-1.13.0.jar:/home/user/.m2/repository/io/jaegertracing/jaeger-core/0.34.0/jaeger-core-0.34.0.jar:/home/user/.m2/repository/io/jaegertracing/jaeger-tracerresolver/0.34.0/jaeger-tracerresolver-0.34.0.jar:/home/user/.m2/repository/io/opentracing/contrib/opentracing-tracerresolver/0.1.5/opentracing-tracerresolver-0.1.5.jar:/home/user/.m2/repository/io/opentracing/opentracing-util/0.31.0/opentracing-util-0.31.0.jar:/home/user/.m2/repository/io/opentracing/opentracing-api/0.31.0/opentracing-api-0.31.0.jar:/home/user/.m2/repository/io/opentracing/opentracing-noop/0.31.0/opentracing-noop-0.31.0.jar:/home/user/.m2/repository/org/apache/hadoop/hadoop-hdds-server-framework/0.5.0-SNAPSHOT/hadoop-hdds-server-framework-0.5.0-SNAPSHOT.jar:/home/user/.m2/repository/org/apache/hadoop/hadoop-hdds-container-service/0.5.0-SNAPSHOT/hadoop-hdds-container-service-0.5.0-SNAPSHOT.jar:/home/user/.m2/repository/org/apache/hadoop/hadoop-hdds-client/0.5.0-SNAPSHOT/hadoop-hdds-client-0.5.0-SNAPSHOT.jar:/home/user/.m2/repository/org/apache/hadoop/hadoop-hdds-tools/0.5.0-SNAPSHOT/hadoop-hdds-tools-0.5.0-SNAPSHOT.jar:/home/user/.m2/repository/org/apache/hadoop/hadoop-hdds-server-scm/0.5.0-SNAPSHOT/hadoop-hdds-server-scm-0.5.0-SNAPSHOT.jar:/home/user/.m2/repository/org/apache/hadoop/hadoop-hdds-docs/0.5.0-SNAPSHOT/hadoop-hdds-docs-0.5.0-SNAPSHOT.jar:/home/user/.m2/repository/io/dropwizard/metrics/metrics-core/3.2.4/metrics-core-3.2.4.jar:/home/user/.m2/repository/org/hamcrest/hamcrest-all/1.3/hamcrest-all-1.3.jar:/home/user/.m2/repository/org/bouncycastle/bcprov-jdk15on/1.60/bcprov-jdk15on-1.60.jar:/home/user/.m2/repository/info/picocli/picocli/3.9.6/picocli-3.9.6.jar:/home/user/.m2/repository/com/google/protobuf/protobuf-java/2.5.0/protobuf-java-2.5.0.jar:/home/user/.m2/repository/com/google/guava/guava/11.0.2/guava-11.0.2.jar:/home/user/.m2/repository/org/apache/hadoop/hadoop-ozone-ozone-manager/0.5.0-SNAPSHOT/hadoop-ozone-ozone-manager-0.5.0-SNAPSHOT.jar:/home/user/.m2/repository/org/apache/hadoop/hadoop-minikdc/3.2.0/hadoop-minikdc-3.2.0.jar:/home/user/.m2/repository/commons-io/commons-io/2.5/commons-io-2.5.jar:/home/user/.m2/repository/org/apache/kerby/kerb-simplekdc/1.0.1/kerb-simplekdc-1.0.1.jar:/home/user/.m2/repository/org/apache/kerby/kerb-client/1.0.1/kerb-client-1.0.1.jar:/home/user/.m2/repository/org/apache/kerby/kerby-config/1.0.1/kerby-config-1.0.1.jar:/home/user/.m2/repository/org/apache/kerby/kerb-core/1.0.1/kerb-core-1.0.1.jar:/home/user/.m2/repository/org/apache/kerby/kerby-pkix/1.0.1/kerby-pkix-1.0.1.jar:/home/user/.m2/repository/org/apache/kerby/kerby-asn1/1.0.1/kerby-asn1-1.0.1.jar:/home/user/.m2/repository/org/apache/kerby/kerby-util/1.0.1/kerby-util-1.0.1.jar:/home/user/.m2/repository/org/apache/kerby/kerb-common/1.0.1/kerb-common-1.0.1.jar:/home/user/.m2/repository/org/apache/kerby/kerb-crypto/1.0.1/kerb-crypto-1.0.1.jar:/home/user/.m2/repository/org/apache/kerby/kerb-util/1.0.1/kerb-util-1.0.1.jar:/home/user/.m2/repository/org/apache/kerby/token-provider/1.0.1/token-provider-1.0.1.jar:/home/user/.m2/repository/org/apache/kerby/kerb-admin/1.0.1/kerb-admin-1.0.1.jar:/home/user/.m2/repository/org/apache/kerby/kerb-server/1.0.1/kerb-server-1.0.1.jar:/home/user/.m2/repository/org/apache/kerby/kerb-identity/1.0.1/kerb-identity-1.0.1.jar:/home/user/.m2/repository/org/apache/kerby/kerby-xdr/1.0.1/kerby-xdr-1.0.1.jar:/home/user/.m2/repository/org/slf4j/slf4j-log4j12/1.7.25/slf4j-log4j12-1.7.25.jar:/home/user/.m2/repository/org/apache/hadoop/hadoop-ozone-s3gateway/0.5.0-SNAPSHOT/hadoop-ozone-s3gateway-0.5.0-SNAPSHOT.jar:/home/user/.m2/repository/org/jboss/weld/servlet/weld-servlet/2.4.7.Final/weld-servlet-2.4.7.Final.jar:/home/user/.m2/repository/org/glassfish/jersey/containers/jersey-container-servlet-core/2.27/jersey-container-servlet-core-2.27.jar:/home/user/.m2/repository/org/glassfish/hk2/external/javax.inject/2.5.0-b42/javax.inject-2.5.0-b42.jar:/home/user/.m2/repository/org/glassfish/jersey/core/jersey-common/2.27/jersey-common-2.27.jar:/home/user/.m2/repository/org/glassfish/hk2/osgi-resource-locator/1.0.1/osgi-resource-locator-1.0.1.jar:/home/user/.m2/repository/javax/ws/rs/javax.ws.rs-api/2.1/javax.ws.rs-api-2.1.jar:/home/user/.m2/repository/org/glassfish/jersey/ext/cdi/jersey-cdi1x/2.27/jersey-cdi1x-2.27.jar:/home/user/.m2/repository/org/glassfish/jersey/inject/jersey-hk2/2.27/jersey-hk2-2.27.jar:/home/user/.m2/repository/org/glassfish/hk2/hk2-locator/2.5.0-b42/hk2-locator-2.5.0-b42.jar:/home/user/.m2/repository/org/javassist/javassist/3.22.0-CR2/javassist-3.22.0-CR2.jar:/home/user/.m2/repository/org/glassfish/hk2/hk2-api/2.5.0/hk2-api-2.5.0.jar:/home/user/.m2/repository/org/glassfish/hk2/external/jakarta.inject/2.5.0/jakarta.inject-2.5.0.jar:/home/user/.m2/repository/org/glassfish/hk2/hk2-utils/2.5.0/hk2-utils-2.5.0.jar:/home/user/.m2/repository/jakarta/annotation/jakarta.annotation-api/1.3.4/jakarta.annotation-api-1.3.4.jar:/home/user/.m2/repository/org/glassfish/hk2/external/aopalliance-repackaged/2.5.0/aopalliance-repackaged-2.5.0.jar:/home/user/.m2/repository/com/fasterxml/jackson/dataformat/jackson-dataformat-xml/2.9.0/jackson-dataformat-xml-2.9.0.jar:/home/user/.m2/repository/com/fasterxml/jackson/core/jackson-core/2.9.9/jackson-core-2.9.9.jar:/home/user/.m2/repository/com/fasterxml/jackson/module/jackson-module-jaxb-annotations/2.9.9/jackson-module-jaxb-annotations-2.9.9.jar:/home/user/.m2/repository/javax/enterprise/cdi-api/1.2/cdi-api-1.2.jar:/home/user/.m2/repository/javax/el/javax.el-api/3.0.0/javax.el-api-3.0.0.jar:/home/user/.m2/repository/javax/interceptor/javax.interceptor-api/1.2/javax.interceptor-api-1.2.jar:/home/user/.m2/repository/javax/inject/javax.inject/1/javax.inject-1.jar:/home/user/.m2/repository/com/sun/xml/bind/jaxb-impl/2.3.0.1/jaxb-impl-2.3.0.1.jar:/home/user/.m2/repository/com/sun/xml/bind/jaxb-core/2.3.0.1/jaxb-core-2.3.0.1.jar:/home/user/.m2/repository/javax/xml/bind/jaxb-api/2.3.0/jaxb-api-2.3.0.jar:/home/user/.m2/repository/javax/activation/activation/1.1.1/activation-1.1.1.jar:/home/user/.m2/repository/org/apache/hadoop/hadoop-ozone-csi/0.5.0-SNAPSHOT/hadoop-ozone-csi-0.5.0-SNAPSHOT.jar:/home/user/.m2/repository/com/google/protobuf/protobuf-java-util/3.5.1/protobuf-java-util-3.5.1.jar:/home/user/.m2/repository/org/apache/hadoop/hadoop-hdds-config/0.5.0-SNAPSHOT/hadoop-hdds-config-0.5.0-SNAPSHOT.jar:/home/user/.m2/repository/io/grpc/grpc-netty/1.17.1/grpc-netty-1.17.1.jar:/home/user/.m2/repository/io/grpc/grpc-core/1.17.1/grpc-core-1.17.1.jar:/home/user/.m2/repository/io/grpc/grpc-context/1.17.1/grpc-context-1.17.1.jar:/home/user/.m2/repository/com/google/errorprone/error_prone_annotations/2.2.0/error_prone_annotations-2.2.0.jar:/home/user/.m2/repository/org/codehaus/mojo/animal-sniffer-annotations/1.17/animal-sniffer-annotations-1.17.jar:/home/user/.m2/repository/io/opencensus/opencensus-api/0.17.0/opencensus-api-0.17.0.jar:/home/user/.m2/repository/io/opencensus/opencensus-contrib-grpc-metrics/0.17.0/opencensus-contrib-grpc-metrics-0.17.0.jar:/home/user/.m2/repository/io/netty/netty-codec-http2/4.1.30.Final/netty-codec-http2-4.1.30.Final.jar:/home/user/.m2/repository/io/netty/netty-codec-http/4.1.30.Final/netty-codec-http-4.1.30.Final.jar:/home/user/.m2/repository/io/netty/netty-codec/4.1.30.Final/netty-codec-4.1.30.Final.jar:/home/user/.m2/repository/io/netty/netty-handler/4.1.30.Final/netty-handler-4.1.30.Final.jar:/home/user/.m2/repository/io/netty/netty-handler-proxy/4.1.30.Final/netty-handler-proxy-4.1.30.Final.jar:/home/user/.m2/repository/io/netty/netty-codec-socks/4.1.30.Final/netty-codec-socks-4.1.30.Final.jar:/home/user/.m2/repository/io/netty/netty-transport-native-epoll/4.1.30.Final/netty-transport-native-epoll-4.1.30.Final.jar:/home/user/.m2/repository/io/netty/netty-common/4.1.30.Final/netty-common-4.1.30.Final.jar:/home/user/.m2/repository/io/netty/netty-buffer/4.1.30.Final/netty-buffer-4.1.30.Final.jar:/home/user/.m2/repository/io/netty/netty-transport/4.1.30.Final/netty-transport-4.1.30.Final.jar:/home/user/.m2/repository/io/netty/netty-resolver/4.1.30.Final/netty-resolver-4.1.30.Final.jar:/home/user/.m2/repository/io/netty/netty-transport-native-unix-common/4.1.30.Final/netty-transport-native-unix-common-4.1.30.Final.jar:/home/user/.m2/repository/io/grpc/grpc-protobuf/1.17.1/grpc-protobuf-1.17.1.jar:/home/user/.m2/repository/com/google/api/grpc/proto-google-common-protos/1.0.0/proto-google-common-protos-1.0.0.jar:/home/user/.m2/repository/io/grpc/grpc-protobuf-lite/1.17.1/grpc-protobuf-lite-1.17.1.jar:/home/user/.m2/repository/io/grpc/grpc-stub/1.17.1/grpc-stub-1.17.1.jar:/home/user/.m2/repository/org/apache/hadoop/hadoop-ozone-recon/0.5.0-SNAPSHOT/hadoop-ozone-recon-0.5.0-SNAPSHOT.jar:/home/user/.m2/repository/org/apache/hadoop/hadoop-ozone-reconcodegen/0.5.0-SNAPSHOT/hadoop-ozone-reconcodegen-0.5.0-SNAPSHOT.jar:/home/user/.m2/repository/com/google/inject/extensions/guice-multibindings/4.0/guice-multibindings-4.0.jar:/home/user/.m2/repository/com/google/inject/guice/4.0/guice-4.0.jar:/home/user/.m2/repository/aopalliance/aopalliance/1.0/aopalliance-1.0.jar:/home/user/.m2/repository/com/google/inject/extensions/guice-servlet/4.0/guice-servlet-4.0.jar:/home/user/.m2/repository/org/glassfish/jersey/containers/jersey-container-servlet/2.27/jersey-container-servlet-2.27.jar:/home/user/.m2/repository/org/glassfish/hk2/guice-bridge/2.5.0/guice-bridge-2.5.0.jar:/home/user/.m2/repository/org/glassfish/jersey/core/jersey-server/2.27/jersey-server-2.27.jar:/home/user/.m2/repository/org/glassfish/jersey/core/jersey-client/2.27/jersey-client-2.27.jar:/home/user/.m2/repository/org/glassfish/jersey/media/jersey-media-jaxb/2.27/jersey-media-jaxb-2.27.jar:/home/user/.m2/repository/javax/validation/validation-api/1.1.0.Final/validation-api-1.1.0.Final.jar:/home/user/.m2/repository/org/glassfish/jersey/media/jersey-media-json-jackson/2.27/jersey-media-json-jackson-2.27.jar:/home/user/.m2/repository/org/glassfish/jersey/ext/jersey-entity-filtering/2.27/jersey-entity-filtering-2.27.jar:/home/user/.m2/repository/com/google/inject/extensions/guice-assistedinject/4.0/guice-assistedinject-4.0.jar:/home/user/.m2/repository/org/jooq/jooq/3.11.10/jooq-3.11.10.jar:/home/user/.m2/repository/org/jooq/jooq-meta/3.11.10/jooq-meta-3.11.10.jar:/home/user/.m2/repository/org/jooq/jooq-codegen/3.11.10/jooq-codegen-3.11.10.jar:/home/user/.m2/repository/com/jolbox/bonecp/0.8.0.RELEASE/bonecp-0.8.0.RELEASE.jar:/home/user/.m2/repository/org/xerial/sqlite-jdbc/3.25.2/sqlite-jdbc-3.25.2.jar:/home/user/.m2/repository/org/springframework/spring-jdbc/5.1.3.RELEASE/spring-jdbc-5.1.3.RELEASE.jar:/home/user/.m2/repository/org/springframework/spring-beans/5.1.3.RELEASE/spring-beans-5.1.3.RELEASE.jar:/home/user/.m2/repository/org/springframework/spring-core/5.1.3.RELEASE/spring-core-5.1.3.RELEASE.jar:/home/user/.m2/repository/org/springframework/spring-jcl/5.1.3.RELEASE/spring-jcl-5.1.3.RELEASE.jar:/home/user/.m2/repository/org/springframework/spring-tx/5.1.3.RELEASE/spring-tx-5.1.3.RELEASE.jar:/home/user/.m2/repository/org/apache/hadoop/hadoop-ozone-client/0.5.0-SNAPSHOT/hadoop-ozone-client-0.5.0-SNAPSHOT.jar:/home/user/.m2/repository/commons-lang/commons-lang/2.6/commons-lang-2.6.jar:/home/user/.m2/repository/org/apache/hadoop/hadoop-ozone-ozone-manager/0.5.0-SNAPSHOT/hadoop-ozone-ozone-manager-0.5.0-SNAPSHOT-tests.jar:/home/user/.m2/repository/junit/junit/4.11/junit-4.11.jar:/home/user/.m2/repository/org/hamcrest/hamcrest-core/1.3/hamcrest-core-1.3.jar:/home/user/.m2/repository/org/openjdk/jmh/jmh-core/1.19/jmh-core-1.19.jar:/home/user/.m2/repository/net/sf/jopt-simple/jopt-simple/4.6/jopt-simple-4.6.jar:/home/user/.m2/repository/org/apache/commons/commons-math3/3.1.1/commons-math3-3.1.1.jar:/home/user/.m2/repository/org/openjdk/jmh/jmh-generator-annprocess/1.19/jmh-generator-annprocess-1.19.jar:/home/user/.m2/repository/org/mockito/mockito-all/1.8.5/mockito-all-1.8.5.jar:/home/user/.m2/repository/org/apache/hadoop/hadoop-kms/3.2.0/hadoop-kms-3.2.0.jar:/home/user/.m2/repository/org/apache/hadoop/hadoop-auth/3.2.0/hadoop-auth-3.2.0.jar:/home/user/.m2/repository/com/nimbusds/nimbus-jose-jwt/4.41.1/nimbus-jose-jwt-4.41.1.jar:/home/user/.m2/repository/com/github/stephenc/jcip/jcip-annotations/1.0-1/jcip-annotations-1.0-1.jar:/home/user/.m2/repository/net/minidev/json-smart/2.3/json-smart-2.3.jar:/home/user/.m2/repository/net/minidev/accessors-smart/1.2/accessors-smart-1.2.jar:/home/user/.m2/repository/org/ow2/asm/asm/5.0.4/asm-5.0.4.jar:/home/user/.m2/repository/org/apache/curator/curator-framework/2.12.0/curator-framework-2.12.0.jar:/home/user/.m2/repository/com/sun/jersey/jersey-core/1.19/jersey-core-1.19.jar:/home/user/.m2/repository/javax/ws/rs/jsr311-api/1.1.1/jsr311-api-1.1.1.jar:/home/user/.m2/repository/com/sun/jersey/jersey-server/1.19/jersey-server-1.19.jar:/home/user/.m2/repository/javax/servlet/javax.servlet-api/3.1.0/javax.servlet-api-3.1.0.jar:/home/user/.m2/repository/org/eclipse/jetty/jetty-server/9.3.25.v20180904/jetty-server-9.3.25.v20180904.jar:/home/user/.m2/repository/org/eclipse/jetty/jetty-http/9.3.25.v20180904/jetty-http-9.3.25.v20180904.jar:/home/user/.m2/repository/org/eclipse/jetty/jetty-io/9.3.25.v20180904/jetty-io-9.3.25.v20180904.jar:/home/user/.m2/repository/org/eclipse/jetty/jetty-webapp/9.3.25.v20180904/jetty-webapp-9.3.25.v20180904.jar:/home/user/.m2/repository/org/eclipse/jetty/jetty-xml/9.3.25.v20180904/jetty-xml-9.3.25.v20180904.jar:/home/user/.m2/repository/log4j/log4j/1.2.17/log4j-1.2.17.jar:/home/user/.m2/repository/org/slf4j/slf4j-api/1.7.25/slf4j-api-1.7.25.jar:/home/user/.m2/repository/org/slf4j/jul-to-slf4j/1.7.25/jul-to-slf4j-1.7.25.jar:/home/user/.m2/repository/org/eclipse/jetty/jetty-util/9.3.25.v20180904/jetty-util-9.3.25.v20180904.jar:/home/user/.m2/repository/com/fasterxml/jackson/core/jackson-databind/2.9.9/jackson-databind-2.9.9.jar:/home/user/.m2/repository/org/apache/hadoop/hadoop-kms/3.2.0/hadoop-kms-3.2.0-tests.jar:/home/user/.m2/repository/org/apache/hadoop/hadoop-hdds-server-scm/0.5.0-SNAPSHOT/hadoop-hdds-server-scm-0.5.0-SNAPSHOT-tests.jar:/home/user/.m2/repository/org/apache/hadoop/hadoop-hdds-container-service/0.5.0-SNAPSHOT/hadoop-hdds-container-service-0.5.0-SNAPSHOT-tests.jar:/home/user/.m2/repository/org/yaml/snakeyaml/1.16/snakeyaml-1.16.jar:/home/user/.m2/repository/org/apache/hadoop/hadoop-common/3.2.0/hadoop-common-3.2.0-tests.jar:/home/user/.m2/repository/org/apache/hadoop/hadoop-annotations/3.2.0/hadoop-annotations-3.2.0.jar:/usr/lib/jvm/java-1.8.0-openjdk-1.8.0.222.b10-1.el7_7.x86_64/jre/../lib/tools.jar:/home/user/.m2/repository/commons-cli/commons-cli/1.2/commons-cli-1.2.jar:/home/user/.m2/repository/org/apache/httpcomponents/httpclient/4.5.2/httpclient-4.5.2.jar:/home/user/.m2/repository/org/apache/httpcomponents/httpcore/4.4.4/httpcore-4.4.4.jar:/home/user/.m2/repository/commons-codec/commons-codec/1.11/commons-codec-1.11.jar:/home/user/.m2/repository/commons-net/commons-net/3.6/commons-net-3.6.jar:/home/user/.m2/repository/commons-collections/commons-collections/3.2.2/commons-collections-3.2.2.jar:/home/user/.m2/repository/org/eclipse/jetty/jetty-servlet/9.3.25.v20180904/jetty-servlet-9.3.25.v20180904.jar:/home/user/.m2/repository/org/eclipse/jetty/jetty-security/9.3.25.v20180904/jetty-security-9.3.25.v20180904.jar:/home/user/.m2/repository/javax/servlet/jsp/jsp-api/2.1/jsp-api-2.1.jar:/home/user/.m2/repository/com/sun/jersey/jersey-servlet/1.19/jersey-servlet-1.19.jar:/home/user/.m2/repository/com/sun/jersey/jersey-json/1.19/jersey-json-1.19.jar:/home/user/.m2/repository/org/codehaus/jettison/jettison/1.1/jettison-1.1.jar:/home/user/.m2/repository/org/codehaus/jackson/jackson-core-asl/1.9.13/jackson-core-asl-1.9.13.jar:/home/user/.m2/repository/org/codehaus/jackson/jackson-mapper-asl/1.9.13/jackson-mapper-asl-1.9.13.jar:/home/user/.m2/repository/org/codehaus/jackson/jackson-jaxrs/1.9.13/jackson-jaxrs-1.9.13.jar:/home/user/.m2/repository/org/codehaus/jackson/jackson-xc/1.9.13/jackson-xc-1.9.13.jar:/home/user/.m2/repository/commons-logging/commons-logging/1.1.3/commons-logging-1.1.3.jar:/home/user/.m2/repository/commons-beanutils/commons-beanutils/1.9.4/commons-beanutils-1.9.4.jar:/home/user/.m2/repository/org/apache/commons/commons-configuration2/2.1.1/commons-configuration2-2.1.1.jar:/home/user/.m2/repository/org/apache/commons/commons-lang3/3.7/commons-lang3-3.7.jar:/home/user/.m2/repository/org/apache/commons/commons-text/1.4/commons-text-1.4.jar:/home/user/.m2/repository/org/apache/avro/avro/1.7.7/avro-1.7.7.jar:/home/user/.m2/repository/com/thoughtworks/paranamer/paranamer/2.3/paranamer-2.3.jar:/home/user/.m2/repository/org/xerial/snappy/snappy-java/1.0.5/snappy-java-1.0.5.jar:/home/user/.m2/repository/com/google/re2j/re2j/1.1/re2j-1.1.jar:/home/user/.m2/repository/com/google/code/gson/gson/2.2.4/gson-2.2.4.jar:/home/user/.m2/repository/com/jcraft/jsch/0.1.54/jsch-0.1.54.jar:/home/user/.m2/repository/org/apache/curator/curator-client/2.12.0/curator-client-2.12.0.jar:/home/user/.m2/repository/org/apache/curator/curator-recipes/2.12.0/curator-recipes-2.12.0.jar:/home/user/.m2/repository/com/google/code/findbugs/jsr305/3.0.0/jsr305-3.0.0.jar:/home/user/.m2/repository/org/apache/htrace/htrace-core4/4.1.0-incubating/htrace-core4-4.1.0-incubating.jar:/home/user/.m2/repository/org/apache/zookeeper/zookeeper/3.4.13/zookeeper-3.4.13.jar:/home/user/.m2/repository/jline/jline/0.9.94/jline-0.9.94.jar:/home/user/.m2/repository/org/apache/yetus/audience-annotations/0.5.0/audience-annotations-0.5.0.jar:/home/user/.m2/repository/org/codehaus/woodstox/stax2-api/3.1.4/stax2-api-3.1.4.jar:/home/user/.m2/repository/com/fasterxml/woodstox/woodstox-core/5.0.3/woodstox-core-5.0.3.jar:/home/user/.m2/repository/dnsjava/dnsjava/2.1.7/dnsjava-2.1.7.jar:/home/user/.m2/repository/org/apache/hadoop/hadoop-hdfs/3.2.0/hadoop-hdfs-3.2.0-tests.jar:/home/user/.m2/repository/org/eclipse/jetty/jetty-util-ajax/9.3.25.v20180904/jetty-util-ajax-9.3.25.v20180904.jar:/home/user/.m2/repository/commons-daemon/commons-daemon/1.0.13/commons-daemon-1.0.13.jar:/home/user/.m2/repository/io/netty/netty/3.10.5.Final/netty-3.10.5.Final.jar:/home/user/.m2/repository/io/netty/netty-all/4.0.52.Final/netty-all-4.0.52.Final.jar:/home/user/.m2/repository/org/fusesource/leveldbjni/leveldbjni-all/1.8/leveldbjni-all-1.8.jar:"/>
    <property name="java.vm.vendor" value="Oracle Corporation"/>
    <property name="sun.arch.data.model" value="64"/>
    <property name="test.build.dir" value="/workdir/hadoop-ozone/integration-test/target/test-dir"/>
    <property name="test.cache.data" value=""/>
    <property name="java.vendor.url" value="http://java.oracle.com/"/>
    <property name="user.timezone" value=""/>
    <property name="java.vm.specification.version" value="1.8"/>
    <property name="os.name" value="Linux"/>
    <property name="test.build.data" value="/workdir/hadoop-ozone/integration-test/target/test-dir"/>
    <property name="user.country" value="US"/>
    <property name="sun.java.launcher" value="SUN_STANDARD"/>
    <property name="sun.boot.library.path" value="/usr/lib/jvm/java-1.8.0-openjdk-1.8.0.222.b10-1.el7_7.x86_64/jre/lib/amd64"/>
    <property name="sun.java.command" value="/workdir/hadoop-ozone/integration-test/target/surefire/surefirebooter1580746092767131333.jar /workdir/hadoop-ozone/integration-test/target/surefire 2019-11-14T22-10-03_860-jvmRun1 surefire1740242147427969026tmp surefire_218213679934560606655tmp"/>
    <property name="surefire.test.class.path" value="/workdir/hadoop-ozone/integration-test/target/test-classes:/workdir/hadoop-ozone/integration-test/target/classes:/home/user/.m2/repository/org/apache/hadoop/hadoop-ozone-common/0.5.0-SNAPSHOT/hadoop-ozone-common-0.5.0-SNAPSHOT.jar:/home/user/.m2/repository/org/apache/commons/commons-compress/1.4.1/commons-compress-1.4.1.jar:/home/user/.m2/repository/org/tukaani/xz/1.0/xz-1.0.jar:/home/user/.m2/repository/org/apache/hadoop/hadoop-common/3.2.0/hadoop-common-3.2.0.jar:/home/user/.m2/repository/org/apache/hadoop/hadoop-hdfs/3.2.0/hadoop-hdfs-3.2.0.jar:/home/user/.m2/repository/org/apache/hadoop/hadoop-hdfs-client/3.2.0/hadoop-hdfs-client-3.2.0.jar:/home/user/.m2/repository/com/fasterxml/jackson/core/jackson-annotations/2.9.9/jackson-annotations-2.9.9.jar:/home/user/.m2/repository/org/apache/hadoop/hadoop-hdds-common/0.5.0-SNAPSHOT/hadoop-hdds-common-0.5.0-SNAPSHOT.jar:/home/user/.m2/repository/javax/annotation/javax.annotation-api/1.2/javax.annotation-api-1.2.jar:/home/user/.m2/repository/org/apache/ratis/ratis-server/0.5.0-d6d58d0-SNAPSHOT/ratis-server-0.5.0-d6d58d0-SNAPSHOT.jar:/home/user/.m2/repository/org/apache/ratis/ratis-thirdparty-misc/0.2.0/ratis-thirdparty-misc-0.2.0.jar:/home/user/.m2/repository/org/apache/ratis/ratis-proto/0.5.0-d6d58d0-SNAPSHOT/ratis-proto-0.5.0-d6d58d0-SNAPSHOT.jar:/home/user/.m2/repository/org/apache/ratis/ratis-common/0.5.0-d6d58d0-SNAPSHOT/ratis-common-0.5.0-d6d58d0-SNAPSHOT.jar:/home/user/.m2/repository/org/apache/ratis/ratis-client/0.5.0-d6d58d0-SNAPSHOT/ratis-client-0.5.0-d6d58d0-SNAPSHOT.jar:/home/user/.m2/repository/org/apache/ratis/ratis-metrics/0.5.0-d6d58d0-SNAPSHOT/ratis-metrics-0.5.0-d6d58d0-SNAPSHOT.jar:/home/user/.m2/repository/org/apache/ratis/ratis-netty/0.5.0-d6d58d0-SNAPSHOT/ratis-netty-0.5.0-d6d58d0-SNAPSHOT.jar:/home/user/.m2/repository/org/apache/ratis/ratis-grpc/0.5.0-d6d58d0-SNAPSHOT/ratis-grpc-0.5.0-d6d58d0-SNAPSHOT.jar:/home/user/.m2/repository/org/rocksdb/rocksdbjni/6.0.1/rocksdbjni-6.0.1.jar:/home/user/.m2/repository/org/apache/logging/log4j/log4j-api/2.11.0/log4j-api-2.11.0.jar:/home/user/.m2/repository/org/apache/logging/log4j/log4j-core/2.11.0/log4j-core-2.11.0.jar:/home/user/.m2/repository/com/lmax/disruptor/3.4.2/disruptor-3.4.2.jar:/home/user/.m2/repository/org/apache/commons/commons-pool2/2.6.0/commons-pool2-2.6.0.jar:/home/user/.m2/repository/org/bouncycastle/bcpkix-jdk15on/1.60/bcpkix-jdk15on-1.60.jar:/home/user/.m2/repository/commons-validator/commons-validator/1.6/commons-validator-1.6.jar:/home/user/.m2/repository/commons-digester/commons-digester/1.8.1/commons-digester-1.8.1.jar:/home/user/.m2/repository/io/jaegertracing/jaeger-client/0.34.0/jaeger-client-0.34.0.jar:/home/user/.m2/repository/io/jaegertracing/jaeger-thrift/0.34.0/jaeger-thrift-0.34.0.jar:/home/user/.m2/repository/org/apache/thrift/libthrift/0.12.0/libthrift-0.12.0.jar:/home/user/.m2/repository/com/squareup/okhttp3/okhttp/3.9.0/okhttp-3.9.0.jar:/home/user/.m2/repository/com/squareup/okio/okio/1.13.0/okio-1.13.0.jar:/home/user/.m2/repository/io/jaegertracing/jaeger-core/0.34.0/jaeger-core-0.34.0.jar:/home/user/.m2/repository/io/jaegertracing/jaeger-tracerresolver/0.34.0/jaeger-tracerresolver-0.34.0.jar:/home/user/.m2/repository/io/opentracing/contrib/opentracing-tracerresolver/0.1.5/opentracing-tracerresolver-0.1.5.jar:/home/user/.m2/repository/io/opentracing/opentracing-util/0.31.0/opentracing-util-0.31.0.jar:/home/user/.m2/repository/io/opentracing/opentracing-api/0.31.0/opentracing-api-0.31.0.jar:/home/user/.m2/repository/io/opentracing/opentracing-noop/0.31.0/opentracing-noop-0.31.0.jar:/home/user/.m2/repository/org/apache/hadoop/hadoop-hdds-server-framework/0.5.0-SNAPSHOT/hadoop-hdds-server-framework-0.5.0-SNAPSHOT.jar:/home/user/.m2/repository/org/apache/hadoop/hadoop-hdds-container-service/0.5.0-SNAPSHOT/hadoop-hdds-container-service-0.5.0-SNAPSHOT.jar:/home/user/.m2/repository/org/apache/hadoop/hadoop-hdds-client/0.5.0-SNAPSHOT/hadoop-hdds-client-0.5.0-SNAPSHOT.jar:/home/user/.m2/repository/org/apache/hadoop/hadoop-hdds-tools/0.5.0-SNAPSHOT/hadoop-hdds-tools-0.5.0-SNAPSHOT.jar:/home/user/.m2/repository/org/apache/hadoop/hadoop-hdds-server-scm/0.5.0-SNAPSHOT/hadoop-hdds-server-scm-0.5.0-SNAPSHOT.jar:/home/user/.m2/repository/org/apache/hadoop/hadoop-hdds-docs/0.5.0-SNAPSHOT/hadoop-hdds-docs-0.5.0-SNAPSHOT.jar:/home/user/.m2/repository/io/dropwizard/metrics/metrics-core/3.2.4/metrics-core-3.2.4.jar:/home/user/.m2/repository/org/hamcrest/hamcrest-all/1.3/hamcrest-all-1.3.jar:/home/user/.m2/repository/org/bouncycastle/bcprov-jdk15on/1.60/bcprov-jdk15on-1.60.jar:/home/user/.m2/repository/info/picocli/picocli/3.9.6/picocli-3.9.6.jar:/home/user/.m2/repository/com/google/protobuf/protobuf-java/2.5.0/protobuf-java-2.5.0.jar:/home/user/.m2/repository/com/google/guava/guava/11.0.2/guava-11.0.2.jar:/home/user/.m2/repository/org/apache/hadoop/hadoop-ozone-ozone-manager/0.5.0-SNAPSHOT/hadoop-ozone-ozone-manager-0.5.0-SNAPSHOT.jar:/home/user/.m2/repository/org/apache/hadoop/hadoop-minikdc/3.2.0/hadoop-minikdc-3.2.0.jar:/home/user/.m2/repository/commons-io/commons-io/2.5/commons-io-2.5.jar:/home/user/.m2/repository/org/apache/kerby/kerb-simplekdc/1.0.1/kerb-simplekdc-1.0.1.jar:/home/user/.m2/repository/org/apache/kerby/kerb-client/1.0.1/kerb-client-1.0.1.jar:/home/user/.m2/repository/org/apache/kerby/kerby-config/1.0.1/kerby-config-1.0.1.jar:/home/user/.m2/repository/org/apache/kerby/kerb-core/1.0.1/kerb-core-1.0.1.jar:/home/user/.m2/repository/org/apache/kerby/kerby-pkix/1.0.1/kerby-pkix-1.0.1.jar:/home/user/.m2/repository/org/apache/kerby/kerby-asn1/1.0.1/kerby-asn1-1.0.1.jar:/home/user/.m2/repository/org/apache/kerby/kerby-util/1.0.1/kerby-util-1.0.1.jar:/home/user/.m2/repository/org/apache/kerby/kerb-common/1.0.1/kerb-common-1.0.1.jar:/home/user/.m2/repository/org/apache/kerby/kerb-crypto/1.0.1/kerb-crypto-1.0.1.jar:/home/user/.m2/repository/org/apache/kerby/kerb-util/1.0.1/kerb-util-1.0.1.jar:/home/user/.m2/repository/org/apache/kerby/token-provider/1.0.1/token-provider-1.0.1.jar:/home/user/.m2/repository/org/apache/kerby/kerb-admin/1.0.1/kerb-admin-1.0.1.jar:/home/user/.m2/repository/org/apache/kerby/kerb-server/1.0.1/kerb-server-1.0.1.jar:/home/user/.m2/repository/org/apache/kerby/kerb-identity/1.0.1/kerb-identity-1.0.1.jar:/home/user/.m2/repository/org/apache/kerby/kerby-xdr/1.0.1/kerby-xdr-1.0.1.jar:/home/user/.m2/repository/org/slf4j/slf4j-log4j12/1.7.25/slf4j-log4j12-1.7.25.jar:/home/user/.m2/repository/org/apache/hadoop/hadoop-ozone-s3gateway/0.5.0-SNAPSHOT/hadoop-ozone-s3gateway-0.5.0-SNAPSHOT.jar:/home/user/.m2/repository/org/jboss/weld/servlet/weld-servlet/2.4.7.Final/weld-servlet-2.4.7.Final.jar:/home/user/.m2/repository/org/glassfish/jersey/containers/jersey-container-servlet-core/2.27/jersey-container-servlet-core-2.27.jar:/home/user/.m2/repository/org/glassfish/hk2/external/javax.inject/2.5.0-b42/javax.inject-2.5.0-b42.jar:/home/user/.m2/repository/org/glassfish/jersey/core/jersey-common/2.27/jersey-common-2.27.jar:/home/user/.m2/repository/org/glassfish/hk2/osgi-resource-locator/1.0.1/osgi-resource-locator-1.0.1.jar:/home/user/.m2/repository/javax/ws/rs/javax.ws.rs-api/2.1/javax.ws.rs-api-2.1.jar:/home/user/.m2/repository/org/glassfish/jersey/ext/cdi/jersey-cdi1x/2.27/jersey-cdi1x-2.27.jar:/home/user/.m2/repository/org/glassfish/jersey/inject/jersey-hk2/2.27/jersey-hk2-2.27.jar:/home/user/.m2/repository/org/glassfish/hk2/hk2-locator/2.5.0-b42/hk2-locator-2.5.0-b42.jar:/home/user/.m2/repository/org/javassist/javassist/3.22.0-CR2/javassist-3.22.0-CR2.jar:/home/user/.m2/repository/org/glassfish/hk2/hk2-api/2.5.0/hk2-api-2.5.0.jar:/home/user/.m2/repository/org/glassfish/hk2/external/jakarta.inject/2.5.0/jakarta.inject-2.5.0.jar:/home/user/.m2/repository/org/glassfish/hk2/hk2-utils/2.5.0/hk2-utils-2.5.0.jar:/home/user/.m2/repository/jakarta/annotation/jakarta.annotation-api/1.3.4/jakarta.annotation-api-1.3.4.jar:/home/user/.m2/repository/org/glassfish/hk2/external/aopalliance-repackaged/2.5.0/aopalliance-repackaged-2.5.0.jar:/home/user/.m2/repository/com/fasterxml/jackson/dataformat/jackson-dataformat-xml/2.9.0/jackson-dataformat-xml-2.9.0.jar:/home/user/.m2/repository/com/fasterxml/jackson/core/jackson-core/2.9.9/jackson-core-2.9.9.jar:/home/user/.m2/repository/com/fasterxml/jackson/module/jackson-module-jaxb-annotations/2.9.9/jackson-module-jaxb-annotations-2.9.9.jar:/home/user/.m2/repository/javax/enterprise/cdi-api/1.2/cdi-api-1.2.jar:/home/user/.m2/repository/javax/el/javax.el-api/3.0.0/javax.el-api-3.0.0.jar:/home/user/.m2/repository/javax/interceptor/javax.interceptor-api/1.2/javax.interceptor-api-1.2.jar:/home/user/.m2/repository/javax/inject/javax.inject/1/javax.inject-1.jar:/home/user/.m2/repository/com/sun/xml/bind/jaxb-impl/2.3.0.1/jaxb-impl-2.3.0.1.jar:/home/user/.m2/repository/com/sun/xml/bind/jaxb-core/2.3.0.1/jaxb-core-2.3.0.1.jar:/home/user/.m2/repository/javax/xml/bind/jaxb-api/2.3.0/jaxb-api-2.3.0.jar:/home/user/.m2/repository/javax/activation/activation/1.1.1/activation-1.1.1.jar:/home/user/.m2/repository/org/apache/hadoop/hadoop-ozone-csi/0.5.0-SNAPSHOT/hadoop-ozone-csi-0.5.0-SNAPSHOT.jar:/home/user/.m2/repository/com/google/protobuf/protobuf-java-util/3.5.1/protobuf-java-util-3.5.1.jar:/home/user/.m2/repository/org/apache/hadoop/hadoop-hdds-config/0.5.0-SNAPSHOT/hadoop-hdds-config-0.5.0-SNAPSHOT.jar:/home/user/.m2/repository/io/grpc/grpc-netty/1.17.1/grpc-netty-1.17.1.jar:/home/user/.m2/repository/io/grpc/grpc-core/1.17.1/grpc-core-1.17.1.jar:/home/user/.m2/repository/io/grpc/grpc-context/1.17.1/grpc-context-1.17.1.jar:/home/user/.m2/repository/com/google/errorprone/error_prone_annotations/2.2.0/error_prone_annotations-2.2.0.jar:/home/user/.m2/repository/org/codehaus/mojo/animal-sniffer-annotations/1.17/animal-sniffer-annotations-1.17.jar:/home/user/.m2/repository/io/opencensus/opencensus-api/0.17.0/opencensus-api-0.17.0.jar:/home/user/.m2/repository/io/opencensus/opencensus-contrib-grpc-metrics/0.17.0/opencensus-contrib-grpc-metrics-0.17.0.jar:/home/user/.m2/repository/io/netty/netty-codec-http2/4.1.30.Final/netty-codec-http2-4.1.30.Final.jar:/home/user/.m2/repository/io/netty/netty-codec-http/4.1.30.Final/netty-codec-http-4.1.30.Final.jar:/home/user/.m2/repository/io/netty/netty-codec/4.1.30.Final/netty-codec-4.1.30.Final.jar:/home/user/.m2/repository/io/netty/netty-handler/4.1.30.Final/netty-handler-4.1.30.Final.jar:/home/user/.m2/repository/io/netty/netty-handler-proxy/4.1.30.Final/netty-handler-proxy-4.1.30.Final.jar:/home/user/.m2/repository/io/netty/netty-codec-socks/4.1.30.Final/netty-codec-socks-4.1.30.Final.jar:/home/user/.m2/repository/io/netty/netty-transport-native-epoll/4.1.30.Final/netty-transport-native-epoll-4.1.30.Final.jar:/home/user/.m2/repository/io/netty/netty-common/4.1.30.Final/netty-common-4.1.30.Final.jar:/home/user/.m2/repository/io/netty/netty-buffer/4.1.30.Final/netty-buffer-4.1.30.Final.jar:/home/user/.m2/repository/io/netty/netty-transport/4.1.30.Final/netty-transport-4.1.30.Final.jar:/home/user/.m2/repository/io/netty/netty-resolver/4.1.30.Final/netty-resolver-4.1.30.Final.jar:/home/user/.m2/repository/io/netty/netty-transport-native-unix-common/4.1.30.Final/netty-transport-native-unix-common-4.1.30.Final.jar:/home/user/.m2/repository/io/grpc/grpc-protobuf/1.17.1/grpc-protobuf-1.17.1.jar:/home/user/.m2/repository/com/google/api/grpc/proto-google-common-protos/1.0.0/proto-google-common-protos-1.0.0.jar:/home/user/.m2/repository/io/grpc/grpc-protobuf-lite/1.17.1/grpc-protobuf-lite-1.17.1.jar:/home/user/.m2/repository/io/grpc/grpc-stub/1.17.1/grpc-stub-1.17.1.jar:/home/user/.m2/repository/org/apache/hadoop/hadoop-ozone-recon/0.5.0-SNAPSHOT/hadoop-ozone-recon-0.5.0-SNAPSHOT.jar:/home/user/.m2/repository/org/apache/hadoop/hadoop-ozone-reconcodegen/0.5.0-SNAPSHOT/hadoop-ozone-reconcodegen-0.5.0-SNAPSHOT.jar:/home/user/.m2/repository/com/google/inject/extensions/guice-multibindings/4.0/guice-multibindings-4.0.jar:/home/user/.m2/repository/com/google/inject/guice/4.0/guice-4.0.jar:/home/user/.m2/repository/aopalliance/aopalliance/1.0/aopalliance-1.0.jar:/home/user/.m2/repository/com/google/inject/extensions/guice-servlet/4.0/guice-servlet-4.0.jar:/home/user/.m2/repository/org/glassfish/jersey/containers/jersey-container-servlet/2.27/jersey-container-servlet-2.27.jar:/home/user/.m2/repository/org/glassfish/hk2/guice-bridge/2.5.0/guice-bridge-2.5.0.jar:/home/user/.m2/repository/org/glassfish/jersey/core/jersey-server/2.27/jersey-server-2.27.jar:/home/user/.m2/repository/org/glassfish/jersey/core/jersey-client/2.27/jersey-client-2.27.jar:/home/user/.m2/repository/org/glassfish/jersey/media/jersey-media-jaxb/2.27/jersey-media-jaxb-2.27.jar:/home/user/.m2/repository/javax/validation/validation-api/1.1.0.Final/validation-api-1.1.0.Final.jar:/home/user/.m2/repository/org/glassfish/jersey/media/jersey-media-json-jackson/2.27/jersey-media-json-jackson-2.27.jar:/home/user/.m2/repository/org/glassfish/jersey/ext/jersey-entity-filtering/2.27/jersey-entity-filtering-2.27.jar:/home/user/.m2/repository/com/google/inject/extensions/guice-assistedinject/4.0/guice-assistedinject-4.0.jar:/home/user/.m2/repository/org/jooq/jooq/3.11.10/jooq-3.11.10.jar:/home/user/.m2/repository/org/jooq/jooq-meta/3.11.10/jooq-meta-3.11.10.jar:/home/user/.m2/repository/org/jooq/jooq-codegen/3.11.10/jooq-codegen-3.11.10.jar:/home/user/.m2/repository/com/jolbox/bonecp/0.8.0.RELEASE/bonecp-0.8.0.RELEASE.jar:/home/user/.m2/repository/org/xerial/sqlite-jdbc/3.25.2/sqlite-jdbc-3.25.2.jar:/home/user/.m2/repository/org/springframework/spring-jdbc/5.1.3.RELEASE/spring-jdbc-5.1.3.RELEASE.jar:/home/user/.m2/repository/org/springframework/spring-beans/5.1.3.RELEASE/spring-beans-5.1.3.RELEASE.jar:/home/user/.m2/repository/org/springframework/spring-core/5.1.3.RELEASE/spring-core-5.1.3.RELEASE.jar:/home/user/.m2/repository/org/springframework/spring-jcl/5.1.3.RELEASE/spring-jcl-5.1.3.RELEASE.jar:/home/user/.m2/repository/org/springframework/spring-tx/5.1.3.RELEASE/spring-tx-5.1.3.RELEASE.jar:/home/user/.m2/repository/org/apache/hadoop/hadoop-ozone-client/0.5.0-SNAPSHOT/hadoop-ozone-client-0.5.0-SNAPSHOT.jar:/home/user/.m2/repository/commons-lang/commons-lang/2.6/commons-lang-2.6.jar:/home/user/.m2/repository/org/apache/hadoop/hadoop-ozone-ozone-manager/0.5.0-SNAPSHOT/hadoop-ozone-ozone-manager-0.5.0-SNAPSHOT-tests.jar:/home/user/.m2/repository/junit/junit/4.11/junit-4.11.jar:/home/user/.m2/repository/org/hamcrest/hamcrest-core/1.3/hamcrest-core-1.3.jar:/home/user/.m2/repository/org/openjdk/jmh/jmh-core/1.19/jmh-core-1.19.jar:/home/user/.m2/repository/net/sf/jopt-simple/jopt-simple/4.6/jopt-simple-4.6.jar:/home/user/.m2/repository/org/apache/commons/commons-math3/3.1.1/commons-math3-3.1.1.jar:/home/user/.m2/repository/org/openjdk/jmh/jmh-generator-annprocess/1.19/jmh-generator-annprocess-1.19.jar:/home/user/.m2/repository/org/mockito/mockito-all/1.8.5/mockito-all-1.8.5.jar:/home/user/.m2/repository/org/apache/hadoop/hadoop-kms/3.2.0/hadoop-kms-3.2.0.jar:/home/user/.m2/repository/org/apache/hadoop/hadoop-auth/3.2.0/hadoop-auth-3.2.0.jar:/home/user/.m2/repository/com/nimbusds/nimbus-jose-jwt/4.41.1/nimbus-jose-jwt-4.41.1.jar:/home/user/.m2/repository/com/github/stephenc/jcip/jcip-annotations/1.0-1/jcip-annotations-1.0-1.jar:/home/user/.m2/repository/net/minidev/json-smart/2.3/json-smart-2.3.jar:/home/user/.m2/repository/net/minidev/accessors-smart/1.2/accessors-smart-1.2.jar:/home/user/.m2/repository/org/ow2/asm/asm/5.0.4/asm-5.0.4.jar:/home/user/.m2/repository/org/apache/curator/curator-framework/2.12.0/curator-framework-2.12.0.jar:/home/user/.m2/repository/com/sun/jersey/jersey-core/1.19/jersey-core-1.19.jar:/home/user/.m2/repository/javax/ws/rs/jsr311-api/1.1.1/jsr311-api-1.1.1.jar:/home/user/.m2/repository/com/sun/jersey/jersey-server/1.19/jersey-server-1.19.jar:/home/user/.m2/repository/javax/servlet/javax.servlet-api/3.1.0/javax.servlet-api-3.1.0.jar:/home/user/.m2/repository/org/eclipse/jetty/jetty-server/9.3.25.v20180904/jetty-server-9.3.25.v20180904.jar:/home/user/.m2/repository/org/eclipse/jetty/jetty-http/9.3.25.v20180904/jetty-http-9.3.25.v20180904.jar:/home/user/.m2/repository/org/eclipse/jetty/jetty-io/9.3.25.v20180904/jetty-io-9.3.25.v20180904.jar:/home/user/.m2/repository/org/eclipse/jetty/jetty-webapp/9.3.25.v20180904/jetty-webapp-9.3.25.v20180904.jar:/home/user/.m2/repository/org/eclipse/jetty/jetty-xml/9.3.25.v20180904/jetty-xml-9.3.25.v20180904.jar:/home/user/.m2/repository/log4j/log4j/1.2.17/log4j-1.2.17.jar:/home/user/.m2/repository/org/slf4j/slf4j-api/1.7.25/slf4j-api-1.7.25.jar:/home/user/.m2/repository/org/slf4j/jul-to-slf4j/1.7.25/jul-to-slf4j-1.7.25.jar:/home/user/.m2/repository/org/eclipse/jetty/jetty-util/9.3.25.v20180904/jetty-util-9.3.25.v20180904.jar:/home/user/.m2/repository/com/fasterxml/jackson/core/jackson-databind/2.9.9/jackson-databind-2.9.9.jar:/home/user/.m2/repository/org/apache/hadoop/hadoop-kms/3.2.0/hadoop-kms-3.2.0-tests.jar:/home/user/.m2/repository/org/apache/hadoop/hadoop-hdds-server-scm/0.5.0-SNAPSHOT/hadoop-hdds-server-scm-0.5.0-SNAPSHOT-tests.jar:/home/user/.m2/repository/org/apache/hadoop/hadoop-hdds-container-service/0.5.0-SNAPSHOT/hadoop-hdds-container-service-0.5.0-SNAPSHOT-tests.jar:/home/user/.m2/repository/org/yaml/snakeyaml/1.16/snakeyaml-1.16.jar:/home/user/.m2/repository/org/apache/hadoop/hadoop-common/3.2.0/hadoop-common-3.2.0-tests.jar:/home/user/.m2/repository/org/apache/hadoop/hadoop-annotations/3.2.0/hadoop-annotations-3.2.0.jar:/usr/lib/jvm/java-1.8.0-openjdk-1.8.0.222.b10-1.el7_7.x86_64/jre/../lib/tools.jar:/home/user/.m2/repository/commons-cli/commons-cli/1.2/commons-cli-1.2.jar:/home/user/.m2/repository/org/apache/httpcomponents/httpclient/4.5.2/httpclient-4.5.2.jar:/home/user/.m2/repository/org/apache/httpcomponents/httpcore/4.4.4/httpcore-4.4.4.jar:/home/user/.m2/repository/commons-codec/commons-codec/1.11/commons-codec-1.11.jar:/home/user/.m2/repository/commons-net/commons-net/3.6/commons-net-3.6.jar:/home/user/.m2/repository/commons-collections/commons-collections/3.2.2/commons-collections-3.2.2.jar:/home/user/.m2/repository/org/eclipse/jetty/jetty-servlet/9.3.25.v20180904/jetty-servlet-9.3.25.v20180904.jar:/home/user/.m2/repository/org/eclipse/jetty/jetty-security/9.3.25.v20180904/jetty-security-9.3.25.v20180904.jar:/home/user/.m2/repository/javax/servlet/jsp/jsp-api/2.1/jsp-api-2.1.jar:/home/user/.m2/repository/com/sun/jersey/jersey-servlet/1.19/jersey-servlet-1.19.jar:/home/user/.m2/repository/com/sun/jersey/jersey-json/1.19/jersey-json-1.19.jar:/home/user/.m2/repository/org/codehaus/jettison/jettison/1.1/jettison-1.1.jar:/home/user/.m2/repository/org/codehaus/jackson/jackson-core-asl/1.9.13/jackson-core-asl-1.9.13.jar:/home/user/.m2/repository/org/codehaus/jackson/jackson-mapper-asl/1.9.13/jackson-mapper-asl-1.9.13.jar:/home/user/.m2/repository/org/codehaus/jackson/jackson-jaxrs/1.9.13/jackson-jaxrs-1.9.13.jar:/home/user/.m2/repository/org/codehaus/jackson/jackson-xc/1.9.13/jackson-xc-1.9.13.jar:/home/user/.m2/repository/commons-logging/commons-logging/1.1.3/commons-logging-1.1.3.jar:/home/user/.m2/repository/commons-beanutils/commons-beanutils/1.9.4/commons-beanutils-1.9.4.jar:/home/user/.m2/repository/org/apache/commons/commons-configuration2/2.1.1/commons-configuration2-2.1.1.jar:/home/user/.m2/repository/org/apache/commons/commons-lang3/3.7/commons-lang3-3.7.jar:/home/user/.m2/repository/org/apache/commons/commons-text/1.4/commons-text-1.4.jar:/home/user/.m2/repository/org/apache/avro/avro/1.7.7/avro-1.7.7.jar:/home/user/.m2/repository/com/thoughtworks/paranamer/paranamer/2.3/paranamer-2.3.jar:/home/user/.m2/repository/org/xerial/snappy/snappy-java/1.0.5/snappy-java-1.0.5.jar:/home/user/.m2/repository/com/google/re2j/re2j/1.1/re2j-1.1.jar:/home/user/.m2/repository/com/google/code/gson/gson/2.2.4/gson-2.2.4.jar:/home/user/.m2/repository/com/jcraft/jsch/0.1.54/jsch-0.1.54.jar:/home/user/.m2/repository/org/apache/curator/curator-client/2.12.0/curator-client-2.12.0.jar:/home/user/.m2/repository/org/apache/curator/curator-recipes/2.12.0/curator-recipes-2.12.0.jar:/home/user/.m2/repository/com/google/code/findbugs/jsr305/3.0.0/jsr305-3.0.0.jar:/home/user/.m2/repository/org/apache/htrace/htrace-core4/4.1.0-incubating/htrace-core4-4.1.0-incubating.jar:/home/user/.m2/repository/org/apache/zookeeper/zookeeper/3.4.13/zookeeper-3.4.13.jar:/home/user/.m2/repository/jline/jline/0.9.94/jline-0.9.94.jar:/home/user/.m2/repository/org/apache/yetus/audience-annotations/0.5.0/audience-annotations-0.5.0.jar:/home/user/.m2/repository/org/codehaus/woodstox/stax2-api/3.1.4/stax2-api-3.1.4.jar:/home/user/.m2/repository/com/fasterxml/woodstox/woodstox-core/5.0.3/woodstox-core-5.0.3.jar:/home/user/.m2/repository/dnsjava/dnsjava/2.1.7/dnsjava-2.1.7.jar:/home/user/.m2/repository/org/apache/hadoop/hadoop-hdfs/3.2.0/hadoop-hdfs-3.2.0-tests.jar:/home/user/.m2/repository/org/eclipse/jetty/jetty-util-ajax/9.3.25.v20180904/jetty-util-ajax-9.3.25.v20180904.jar:/home/user/.m2/repository/commons-daemon/commons-daemon/1.0.13/commons-daemon-1.0.13.jar:/home/user/.m2/repository/io/netty/netty/3.10.5.Final/netty-3.10.5.Final.jar:/home/user/.m2/repository/io/netty/netty-all/4.0.52.Final/netty-all-4.0.52.Final.jar:/home/user/.m2/repository/org/fusesource/leveldbjni/leveldbjni-all/1.8/leveldbjni-all-1.8.jar:"/>
    <property name="sun.cpu.endian" value="little"/>
    <property name="user.home" value="/home/user"/>
    <property name="user.language" value="en"/>
    <property name="java.specification.vendor" value="Oracle Corporation"/>
    <property name="java.home" value="/usr/lib/jvm/java-1.8.0-openjdk-1.8.0.222.b10-1.el7_7.x86_64/jre"/>
    <property name="surefire.excludesFile" value="/tools/ozone-bad-unit-tests"/>
    <property name="java.security.krb5.conf" value="/workdir/hadoop-ozone/integration-test/target/test-classes/krb5.conf"/>
    <property name="basedir" value="/workdir/hadoop-ozone/integration-test"/>
    <property name="file.separator" value="/"/>
    <property name="line.separator" value="&#10;"/>
    <property name="java.vm.specification.vendor" value="Oracle Corporation"/>
    <property name="java.specification.name" value="Java Platform API Specification"/>
    <property name="java.awt.graphicsenv" value="sun.awt.X11GraphicsEnvironment"/>
    <property name="surefire.real.class.path" value="/workdir/hadoop-ozone/integration-test/target/surefire/surefirebooter1580746092767131333.jar"/>
    <property name="hadoop.log.dir" value="/workdir/hadoop-ozone/integration-test/target/log"/>
    <property name="sun.boot.class.path" value="/usr/lib/jvm/java-1.8.0-openjdk-1.8.0.222.b10-1.el7_7.x86_64/jre/lib/resources.jar:/usr/lib/jvm/java-1.8.0-openjdk-1.8.0.222.b10-1.el7_7.x86_64/jre/lib/rt.jar:/usr/lib/jvm/java-1.8.0-openjdk-1.8.0.222.b10-1.el7_7.x86_64/jre/lib/sunrsasign.jar:/usr/lib/jvm/java-1.8.0-openjdk-1.8.0.222.b10-1.el7_7.x86_64/jre/lib/jsse.jar:/usr/lib/jvm/java-1.8.0-openjdk-1.8.0.222.b10-1.el7_7.x86_64/jre/lib/jce.jar:/usr/lib/jvm/java-1.8.0-openjdk-1.8.0.222.b10-1.el7_7.x86_64/jre/lib/charsets.jar:/usr/lib/jvm/java-1.8.0-openjdk-1.8.0.222.b10-1.el7_7.x86_64/jre/lib/jfr.jar:/usr/lib/jvm/java-1.8.0-openjdk-1.8.0.222.b10-1.el7_7.x86_64/jre/classes"/>
    <property name="sun.management.compiler" value="HotSpot 64-Bit Tiered Compilers"/>
    <property name="java.runtime.version" value="1.8.0_222-b10"/>
    <property name="java.net.preferIPv4Stack" value="true"/>
    <property name="user.name" value="jenkins1000"/>
    <property name="path.separator" value=":"/>
    <property name="java.security.egd" value="file:///dev/urandom"/>
    <property name="os.version" value="3.10.0-957.12.2.el7.x86_64"/>
    <property name="java.endorsed.dirs" value="/usr/lib/jvm/java-1.8.0-openjdk-1.8.0.222.b10-1.el7_7.x86_64/jre/lib/endorsed"/>
    <property name="java.runtime.name" value="OpenJDK Runtime Environment"/>
    <property name="file.encoding" value="ANSI_X3.4-1968"/>
    <property name="java.vm.name" value="OpenJDK 64-Bit Server VM"/>
    <property name="test.build.webapps" value=""/>
    <property name="localRepository" value="/home/user/.m2/repository"/>
    <property name="java.vendor.url.bug" value="http://bugreport.sun.com/bugreport/"/>
    <property name="java.io.tmpdir" value="/tmp"/>
    <property name="require.test.libhadoop" value=""/>
    <property name="java.version" value="1.8.0_222"/>
    <property name="user.dir" value="/workdir/hadoop-ozone/integration-test"/>
    <property name="os.arch" value="amd64"/>
    <property name="java.vm.specification.name" value="Java Virtual Machine Specification"/>
    <property name="test.build.classes" value="/workdir/hadoop-ozone/integration-test/target/test-classes"/>
    <property name="java.awt.printerjob" value="sun.print.PSPrinterJob"/>
    <property name="sun.os.patch.level" value="unknown"/>
    <property name="hadoop.tmp.dir" value="/workdir/hadoop-ozone/integration-test/target/tmp"/>
    <property name="java.library.path" value="/usr/lib:/workdir/hadoop-ozone/integration-test/target/native/target/usr/local/lib:/workdir/hadoop-ozone/integration-test/../../hadoop-common-project/hadoop-common/target/native/target/usr/local/lib:/usr/java/packages/lib/amd64:/usr/lib64:/lib64:/lib:/usr/lib"/>
    <property name="java.vm.info" value="mixed mode"/>
    <property name="java.vendor" value="Oracle Corporation"/>
    <property name="java.vm.version" value="25.222-b10"/>
    <property name="java.ext.dirs" value="/usr/lib/jvm/java-1.8.0-openjdk-1.8.0.222.b10-1.el7_7.x86_64/jre/lib/ext:/usr/java/packages/lib/ext"/>
    <property name="sun.io.unicode.encoding" value="UnicodeLittle"/>
    <property name="java.class.version" value="52.0"/>
  </properties>
  <testcase name="testMultiBlockWritesWithIntermittentDnFailures" classname="org.apache.hadoop.ozone.client.rpc.TestMultiBlockWritesWithDnFailures" time="68.3"/>
  <testcase name="testMultiBlockWritesWithDnFailures" classname="org.apache.hadoop.ozone.client.rpc.TestMultiBlockWritesWithDnFailures" time="25.557">
    <error message="Allocated 0 blocks. Requested 1 blocks" type="INTERNAL_ERROR org.apache.hadoop.ozone.om.exceptions.OMException">INTERNAL_ERROR org.apache.hadoop.ozone.om.exceptions.OMException: Allocated 0 blocks. Requested 1 blocks
	at org.apache.hadoop.ozone.om.protocolPB.OzoneManagerProtocolClientSideTranslatorPB.handleError(OzoneManagerProtocolClientSideTranslatorPB.java:761)
	at org.apache.hadoop.ozone.om.protocolPB.OzoneManagerProtocolClientSideTranslatorPB.allocateBlock(OzoneManagerProtocolClientSideTranslatorPB.java:793)
	at sun.reflect.NativeMethodAccessorImpl.invoke0(Native Method)
	at sun.reflect.NativeMethodAccessorImpl.invoke(NativeMethodAccessorImpl.java:62)
	at sun.reflect.DelegatingMethodAccessorImpl.invoke(DelegatingMethodAccessorImpl.java:43)
	at java.lang.reflect.Method.invoke(Method.java:498)
	at org.apache.hadoop.hdds.tracing.TraceAllMethod.invoke(TraceAllMethod.java:66)
	at com.sun.proxy.$Proxy36.allocateBlock(Unknown Source)
	at org.apache.hadoop.ozone.client.io.BlockOutputStreamEntryPool.allocateNewBlock(BlockOutputStreamEntryPool.java:259)
	at org.apache.hadoop.ozone.client.io.BlockOutputStreamEntryPool.allocateBlockIfNeeded(BlockOutputStreamEntryPool.java:307)
	at org.apache.hadoop.ozone.client.io.KeyOutputStream.handleWrite(KeyOutputStream.java:198)
	at org.apache.hadoop.ozone.client.io.KeyOutputStream.handleRetry(KeyOutputStream.java:375)
	at org.apache.hadoop.ozone.client.io.KeyOutputStream.handleException(KeyOutputStream.java:324)
	at org.apache.hadoop.ozone.client.io.KeyOutputStream.handleWrite(KeyOutputStream.java:228)
	at org.apache.hadoop.ozone.client.io.KeyOutputStream.write(KeyOutputStream.java:190)
	at org.apache.hadoop.ozone.client.io.OzoneOutputStream.write(OzoneOutputStream.java:49)
	at java.io.OutputStream.write(OutputStream.java:75)
	at org.apache.hadoop.ozone.client.rpc.TestMultiBlockWritesWithDnFailures.testMultiBlockWritesWithDnFailures(TestMultiBlockWritesWithDnFailures.java:123)
	at sun.reflect.NativeMethodAccessorImpl.invoke0(Native Method)
	at sun.reflect.NativeMethodAccessorImpl.invoke(NativeMethodAccessorImpl.java:62)
	at sun.reflect.DelegatingMethodAccessorImpl.invoke(DelegatingMethodAccessorImpl.java:43)
	at java.lang.reflect.Method.invoke(Method.java:498)
	at org.junit.runners.model.FrameworkMethod$1.runReflectiveCall(FrameworkMethod.java:47)
	at org.junit.internal.runners.model.ReflectiveCallable.run(ReflectiveCallable.java:12)
	at org.junit.runners.model.FrameworkMethod.invokeExplosively(FrameworkMethod.java:44)
	at org.junit.internal.runners.statements.InvokeMethod.evaluate(InvokeMethod.java:17)
	at org.junit.internal.runners.statements.RunAfters.evaluate(RunAfters.java:27)
	at org.junit.runners.ParentRunner.runLeaf(ParentRunner.java:271)
	at org.junit.runners.BlockJUnit4ClassRunner.runChild(BlockJUnit4ClassRunner.java:70)
	at org.junit.runners.BlockJUnit4ClassRunner.runChild(BlockJUnit4ClassRunner.java:50)
	at org.junit.runners.ParentRunner$3.run(ParentRunner.java:238)
	at org.junit.runners.ParentRunner$1.schedule(ParentRunner.java:63)
	at org.junit.runners.ParentRunner.runChildren(ParentRunner.java:236)
	at org.junit.runners.ParentRunner.access$000(ParentRunner.java:53)
	at org.junit.runners.ParentRunner$2.evaluate(ParentRunner.java:229)
	at org.junit.runners.ParentRunner.run(ParentRunner.java:309)
	at org.apache.maven.surefire.junit4.JUnit4Provider.execute(JUnit4Provider.java:365)
	at org.apache.maven.surefire.junit4.JUnit4Provider.executeWithRerun(JUnit4Provider.java:273)
	at org.apache.maven.surefire.junit4.JUnit4Provider.executeTestSet(JUnit4Provider.java:238)
	at org.apache.maven.surefire.junit4.JUnit4Provider.invoke(JUnit4Provider.java:159)
	at org.apache.maven.surefire.booter.ForkedBooter.invokeProviderInSameClassLoader(ForkedBooter.java:384)
	at org.apache.maven.surefire.booter.ForkedBooter.runSuitesInProcess(ForkedBooter.java:345)
	at org.apache.maven.surefire.booter.ForkedBooter.execute(ForkedBooter.java:126)
	at org.apache.maven.surefire.booter.ForkedBooter.main(ForkedBooter.java:418)
</error>
    <system-out><![CDATA[2019-11-14 22:35:41,877 [main] WARN  server.ServerUtils (ServerUtils.java:getScmDbDir(145)) - ozone.scm.db.dirs is not configured. We recommend adding this setting. Falling back to ozone.metadata.dirs instead.
2019-11-14 22:35:41,914 [main] WARN  server.ServerUtils (ServerUtils.java:getScmDbDir(145)) - ozone.scm.db.dirs is not configured. We recommend adding this setting. Falling back to ozone.metadata.dirs instead.
2019-11-14 22:35:41,915 [main] WARN  server.ServerUtils (ServerUtils.java:getScmDbDir(145)) - ozone.scm.db.dirs is not configured. We recommend adding this setting. Falling back to ozone.metadata.dirs instead.
2019-11-14 22:35:41,915 [main] INFO  db.DBStoreBuilder (DBStoreBuilder.java:addTable(127)) - using custom profile for table: deletedBlocks
2019-11-14 22:35:41,915 [main] INFO  db.DBStoreBuilder (DBStoreBuilder.java:processTables(183)) - Using default column profile:DBProfile.DISK for Table:deletedBlocks
2019-11-14 22:35:41,916 [main] INFO  db.DBStoreBuilder (DBStoreBuilder.java:addTable(127)) - using custom profile for table: validCerts
2019-11-14 22:35:41,916 [main] INFO  db.DBStoreBuilder (DBStoreBuilder.java:processTables(183)) - Using default column profile:DBProfile.DISK for Table:validCerts
2019-11-14 22:35:41,916 [main] INFO  db.DBStoreBuilder (DBStoreBuilder.java:addTable(127)) - using custom profile for table: revokedCerts
2019-11-14 22:35:41,916 [main] INFO  db.DBStoreBuilder (DBStoreBuilder.java:processTables(183)) - Using default column profile:DBProfile.DISK for Table:revokedCerts
2019-11-14 22:35:41,916 [main] INFO  db.DBStoreBuilder (DBStoreBuilder.java:addTable(127)) - using custom profile for table: default
2019-11-14 22:35:41,916 [main] INFO  db.DBStoreBuilder (DBStoreBuilder.java:processTables(189)) - Using default column profile:DBProfile.DISK for Table:default
2019-11-14 22:35:41,917 [main] INFO  db.DBStoreBuilder (DBStoreBuilder.java:getDbProfile(220)) - Using default options. DBProfile.DISK
2019-11-14 22:35:42,189 [main] INFO  net.NodeSchemaLoader (NodeSchemaLoader.java:loadSchemaFromFile(125)) - Loading file from sun.misc.CompoundEnumeration@575c3e9b
2019-11-14 22:35:42,190 [main] INFO  net.NodeSchemaLoader (NodeSchemaLoader.java:loadSchema(171)) - Loading network topology layer schema file
2019-11-14 22:35:42,197 [main] INFO  node.SCMNodeManager (SCMNodeManager.java:<init>(116)) - Entering startup safe mode.
2019-11-14 22:35:42,282 [main] INFO  algorithms.ContainerPlacementPolicyFactory (ContainerPlacementPolicyFactory.java:getPolicy(57)) - Create container placement policy of type org.apache.hadoop.hdds.scm.container.placement.algorithms.SCMContainerPlacementRandom
2019-11-14 22:35:42,285 [main] WARN  server.ServerUtils (ServerUtils.java:getScmDbDir(145)) - ozone.scm.db.dirs is not configured. We recommend adding this setting. Falling back to ozone.metadata.dirs instead.
2019-11-14 22:35:42,409 [main] INFO  pipeline.SCMPipelineManager (SCMPipelineManager.java:initializePipelineState(132)) - No pipeline exists in current db
2019-11-14 22:35:42,409 [main] WARN  server.ServerUtils (ServerUtils.java:getScmDbDir(145)) - ozone.scm.db.dirs is not configured. We recommend adding this setting. Falling back to ozone.metadata.dirs instead.
2019-11-14 22:35:42,502 [main] WARN  events.EventQueue (EventQueue.java:fireEvent(183)) - No event handler registered for event TypedEvent{payloadType=SafeModeStatus, name='SafeModeStatus'}
2019-11-14 22:35:42,503 [main] INFO  ipc.CallQueueManager (CallQueueManager.java:<init>(84)) - Using callQueue: class java.util.concurrent.LinkedBlockingQueue, queueCapacity: 2000, scheduler: class org.apache.hadoop.ipc.DefaultRpcScheduler, ipcBackoff: false.
2019-11-14 22:35:42,504 [Socket Reader #1 for port 33157] INFO  ipc.Server (Server.java:run(1074)) - Starting Socket Reader #1 for port 33157
2019-11-14 22:35:42,505 [main] INFO  ipc.CallQueueManager (CallQueueManager.java:<init>(84)) - Using callQueue: class java.util.concurrent.LinkedBlockingQueue, queueCapacity: 2000, scheduler: class org.apache.hadoop.ipc.DefaultRpcScheduler, ipcBackoff: false.
2019-11-14 22:35:42,506 [Socket Reader #1 for port 41663] INFO  ipc.Server (Server.java:run(1074)) - Starting Socket Reader #1 for port 41663
2019-11-14 22:35:42,507 [main] INFO  ipc.CallQueueManager (CallQueueManager.java:<init>(84)) - Using callQueue: class java.util.concurrent.LinkedBlockingQueue, queueCapacity: 2000, scheduler: class org.apache.hadoop.ipc.DefaultRpcScheduler, ipcBackoff: false.
2019-11-14 22:35:42,508 [Socket Reader #1 for port 33565] INFO  ipc.Server (Server.java:run(1074)) - Starting Socket Reader #1 for port 33565
2019-11-14 22:35:42,510 [main] INFO  hdfs.DFSUtil (DFSUtil.java:httpServerTemplateForNNAndJN(1641)) - Starting Web-server for scm at: http://0.0.0.0:0
2019-11-14 22:35:42,512 [main] INFO  server.AuthenticationFilter (AuthenticationFilter.java:constructSecretProvider(240)) - Unable to initialize FileSignerSecretProvider, falling back to use random secrets.
2019-11-14 22:35:42,513 [main] WARN  http.HttpRequestLog (HttpRequestLog.java:getRequestLog(97)) - Jetty request log can only be enabled using Log4j
2019-11-14 22:35:42,514 [main] INFO  http.HttpServer2 (HttpServer2.java:addGlobalFilter(975)) - Added global filter 'safety' (class=org.apache.hadoop.http.HttpServer2$QuotingInputFilter)
2019-11-14 22:35:42,515 [main] INFO  http.HttpServer2 (HttpServer2.java:addFilter(948)) - Added filter static_user_filter (class=org.apache.hadoop.http.lib.StaticUserWebFilter$StaticUserFilter) to context scm
2019-11-14 22:35:42,515 [main] INFO  http.HttpServer2 (HttpServer2.java:addFilter(958)) - Added filter static_user_filter (class=org.apache.hadoop.http.lib.StaticUserWebFilter$StaticUserFilter) to context static
2019-11-14 22:35:42,515 [main] INFO  http.HttpServer2 (HttpServer2.java:addFilter(958)) - Added filter static_user_filter (class=org.apache.hadoop.http.lib.StaticUserWebFilter$StaticUserFilter) to context logs
2019-11-14 22:35:42,517 [main] INFO  server.StorageContainerManager (StorageContainerManager.java:start(764)) - StorageContainerLocationProtocol RPC server is listening at /0.0.0.0:33565
2019-11-14 22:35:42,519 [main] WARN  impl.MetricsConfig (MetricsConfig.java:loadFirst(134)) - Cannot locate configuration: tried hadoop-metrics2-storagecontainermanager.properties,hadoop-metrics2.properties
2019-11-14 22:35:42,520 [main] INFO  impl.MetricsSystemImpl (MetricsSystemImpl.java:startTimer(374)) - Scheduled Metric snapshot period at 10 second(s).
2019-11-14 22:35:42,520 [main] INFO  impl.MetricsSystemImpl (MetricsSystemImpl.java:start(191)) - StorageContainerManager metrics system started
2019-11-14 22:35:42,554 [main] WARN  impl.MetricsSystemImpl (MetricsSystemImpl.java:register(276)) - Sink prometheus already exists!
2019-11-14 22:35:42,561 [main] INFO  server.SCMClientProtocolServer (SCMClientProtocolServer.java:start(159)) - RPC server for Client  is listening at /0.0.0.0:33565
2019-11-14 22:35:42,562 [IPC Server Responder] INFO  ipc.Server (Server.java:run(1314)) - IPC Server Responder: starting
2019-11-14 22:35:42,562 [IPC Server listener on 33565] INFO  ipc.Server (Server.java:run(1153)) - IPC Server listener on 33565: starting
2019-11-14 22:35:42,565 [main] INFO  server.StorageContainerManager (StorageContainerManager.java:start(774)) - ScmBlockLocationProtocol RPC server is listening at /0.0.0.0:41663
2019-11-14 22:35:42,565 [main] INFO  server.SCMBlockProtocolServer (SCMBlockProtocolServer.java:start(146)) - RPC server for Block Protocol is listening at /0.0.0.0:41663
2019-11-14 22:35:42,566 [IPC Server Responder] INFO  ipc.Server (Server.java:run(1314)) - IPC Server Responder: starting
2019-11-14 22:35:42,566 [IPC Server listener on 41663] INFO  ipc.Server (Server.java:run(1153)) - IPC Server listener on 41663: starting
2019-11-14 22:35:42,569 [main] INFO  server.StorageContainerManager (StorageContainerManager.java:start(778)) - ScmDatanodeProtocl RPC server is listening at /0.0.0.0:33157
2019-11-14 22:35:42,569 [main] INFO  server.SCMDatanodeProtocolServer (SCMDatanodeProtocolServer.java:start(169)) - RPC server for DataNodes is listening at /0.0.0.0:33157
2019-11-14 22:35:42,569 [IPC Server Responder] INFO  ipc.Server (Server.java:run(1314)) - IPC Server Responder: starting
2019-11-14 22:35:42,570 [IPC Server listener on 33157] INFO  ipc.Server (Server.java:run(1153)) - IPC Server listener on 33157: starting
2019-11-14 22:35:42,573 [main] INFO  http.HttpServer2 (HttpServer2.java:bindListener(1191)) - Jetty bound to port 37066
2019-11-14 22:35:42,573 [main] INFO  server.Server (Server.java:doStart(351)) - jetty-9.3.25.v20180904, build timestamp: 2018-09-04T21:11:46Z, git hash: 3ce520221d0240229c862b122d2b06c12a625732
2019-11-14 22:35:42,575 [main] INFO  handler.ContextHandler (ContextHandler.java:doStart(781)) - Started o.e.j.s.ServletContextHandler@48a663e9{/logs,file:///workdir/hadoop-ozone/integration-test/target/log,AVAILABLE}
2019-11-14 22:35:42,576 [main] INFO  handler.ContextHandler (ContextHandler.java:doStart(781)) - Started o.e.j.s.ServletContextHandler@3178219a{/static,file:///workdir/hadoop-ozone/integration-test/target/test-classes/webapps/static,AVAILABLE}
2019-11-14 22:35:42,580 [main] INFO  handler.ContextHandler (ContextHandler.java:doStart(781)) - Started o.e.j.w.WebAppContext@75b6dd5b{/,file:///workdir/hadoop-ozone/integration-test/target/test-classes/webapps/scm/,AVAILABLE}{/scm}
2019-11-14 22:35:42,580 [main] INFO  server.AbstractConnector (AbstractConnector.java:doStart(278)) - Started ServerConnector@b3e86d5{HTTP/1.1,[http/1.1]}{0.0.0.0:37066}
2019-11-14 22:35:42,581 [main] INFO  server.Server (Server.java:doStart(419)) - Started @69458ms
2019-11-14 22:35:42,581 [main] WARN  impl.MetricsSystemImpl (MetricsSystemImpl.java:register(276)) - Sink prometheus already exists!
2019-11-14 22:35:42,582 [main] INFO  server.BaseHttpServer (BaseHttpServer.java:updateConnectorAddress(215)) - HTTP server of SCM is listening at http://0.0.0.0:37066
2019-11-14 22:35:42,583 [main] WARN  server.ServerUtils (ServerUtils.java:getDBPath(222)) - ozone.om.db.dirs is not configured. We recommend adding this setting. Falling back to ozone.metadata.dirs instead.
2019-11-14 22:35:42,583 [org.apache.hadoop.util.JvmPauseMonitor$Monitor@e111c7c] INFO  util.JvmPauseMonitor (JvmPauseMonitor.java:run(188)) - Starting JVM pause monitor
2019-11-14 22:35:42,607 [main] INFO  ha.OMHANodeDetails (OMHANodeDetails.java:loadOMHAConfig(190)) - Configuration either no ozone.om.address set. Falling back to the default OM address /127.0.0.1:0
2019-11-14 22:35:42,607 [main] INFO  ha.OMHANodeDetails (OMHANodeDetails.java:getOMNodeDetails(220)) - OM Service ID is not set. Setting it to the default ID: omServiceIdDefault
2019-11-14 22:35:42,607 [main] WARN  server.ServerUtils (ServerUtils.java:getDBPath(222)) - ozone.om.db.dirs is not configured. We recommend adding this setting. Falling back to ozone.metadata.dirs instead.
2019-11-14 22:35:42,608 [main] WARN  server.ServerUtils (ServerUtils.java:getDBPath(222)) - ozone.om.db.dirs is not configured. We recommend adding this setting. Falling back to ozone.metadata.dirs instead.
2019-11-14 22:35:42,614 [main] WARN  server.ServerUtils (ServerUtils.java:getDBPath(222)) - ozone.om.db.dirs is not configured. We recommend adding this setting. Falling back to ozone.metadata.dirs instead.
2019-11-14 22:35:42,614 [main] INFO  db.DBStoreBuilder (DBStoreBuilder.java:addTable(127)) - using custom profile for table: userTable
2019-11-14 22:35:42,614 [main] INFO  db.DBStoreBuilder (DBStoreBuilder.java:processTables(183)) - Using default column profile:DBProfile.DISK for Table:userTable
2019-11-14 22:35:42,615 [main] INFO  db.DBStoreBuilder (DBStoreBuilder.java:addTable(127)) - using custom profile for table: volumeTable
2019-11-14 22:35:42,615 [main] INFO  db.DBStoreBuilder (DBStoreBuilder.java:processTables(183)) - Using default column profile:DBProfile.DISK for Table:volumeTable
2019-11-14 22:35:42,615 [main] INFO  db.DBStoreBuilder (DBStoreBuilder.java:addTable(127)) - using custom profile for table: bucketTable
2019-11-14 22:35:42,615 [main] INFO  db.DBStoreBuilder (DBStoreBuilder.java:processTables(183)) - Using default column profile:DBProfile.DISK for Table:bucketTable
2019-11-14 22:35:42,615 [main] INFO  db.DBStoreBuilder (DBStoreBuilder.java:addTable(127)) - using custom profile for table: keyTable
2019-11-14 22:35:42,615 [main] INFO  db.DBStoreBuilder (DBStoreBuilder.java:processTables(183)) - Using default column profile:DBProfile.DISK for Table:keyTable
2019-11-14 22:35:42,616 [main] INFO  db.DBStoreBuilder (DBStoreBuilder.java:addTable(127)) - using custom profile for table: deletedTable
2019-11-14 22:35:42,616 [main] INFO  db.DBStoreBuilder (DBStoreBuilder.java:processTables(183)) - Using default column profile:DBProfile.DISK for Table:deletedTable
2019-11-14 22:35:42,616 [main] INFO  db.DBStoreBuilder (DBStoreBuilder.java:addTable(127)) - using custom profile for table: openKeyTable
2019-11-14 22:35:42,616 [main] INFO  db.DBStoreBuilder (DBStoreBuilder.java:processTables(183)) - Using default column profile:DBProfile.DISK for Table:openKeyTable
2019-11-14 22:35:42,616 [main] INFO  db.DBStoreBuilder (DBStoreBuilder.java:addTable(127)) - using custom profile for table: s3Table
2019-11-14 22:35:42,616 [main] INFO  db.DBStoreBuilder (DBStoreBuilder.java:processTables(183)) - Using default column profile:DBProfile.DISK for Table:s3Table
2019-11-14 22:35:42,616 [main] INFO  db.DBStoreBuilder (DBStoreBuilder.java:addTable(127)) - using custom profile for table: multipartInfoTable
2019-11-14 22:35:42,617 [main] INFO  db.DBStoreBuilder (DBStoreBuilder.java:processTables(183)) - Using default column profile:DBProfile.DISK for Table:multipartInfoTable
2019-11-14 22:35:42,617 [main] INFO  db.DBStoreBuilder (DBStoreBuilder.java:addTable(127)) - using custom profile for table: dTokenTable
2019-11-14 22:35:42,617 [main] INFO  db.DBStoreBuilder (DBStoreBuilder.java:processTables(183)) - Using default column profile:DBProfile.DISK for Table:dTokenTable
2019-11-14 22:35:42,617 [main] INFO  db.DBStoreBuilder (DBStoreBuilder.java:addTable(127)) - using custom profile for table: s3SecretTable
2019-11-14 22:35:42,617 [main] INFO  db.DBStoreBuilder (DBStoreBuilder.java:processTables(183)) - Using default column profile:DBProfile.DISK for Table:s3SecretTable
2019-11-14 22:35:42,617 [main] INFO  db.DBStoreBuilder (DBStoreBuilder.java:addTable(127)) - using custom profile for table: prefixTable
2019-11-14 22:35:42,617 [main] INFO  db.DBStoreBuilder (DBStoreBuilder.java:processTables(183)) - Using default column profile:DBProfile.DISK for Table:prefixTable
2019-11-14 22:35:42,618 [main] INFO  db.DBStoreBuilder (DBStoreBuilder.java:addTable(127)) - using custom profile for table: default
2019-11-14 22:35:42,618 [main] INFO  db.DBStoreBuilder (DBStoreBuilder.java:processTables(189)) - Using default column profile:DBProfile.DISK for Table:default
2019-11-14 22:35:42,618 [main] INFO  db.DBStoreBuilder (DBStoreBuilder.java:getDbProfile(220)) - Using default options. DBProfile.DISK
2019-11-14 22:35:43,330 [main] INFO  ipc.CallQueueManager (CallQueueManager.java:<init>(84)) - Using callQueue: class java.util.concurrent.LinkedBlockingQueue, queueCapacity: 2000, scheduler: class org.apache.hadoop.ipc.DefaultRpcScheduler, ipcBackoff: false.
2019-11-14 22:35:43,331 [Socket Reader #1 for port 34669] INFO  ipc.Server (Server.java:run(1074)) - Starting Socket Reader #1 for port 34669
2019-11-14 22:35:43,349 [main] INFO  om.OzoneManager (OzoneManager.java:start(1077)) - OzoneManager RPC server is listening at localhost/127.0.0.1:34669
2019-11-14 22:35:43,349 [main] INFO  impl.MetricsSystemImpl (MetricsSystemImpl.java:init(158)) - OzoneManager metrics system started (again)
2019-11-14 22:35:43,350 [IPC Server Responder] INFO  ipc.Server (Server.java:run(1314)) - IPC Server Responder: starting
2019-11-14 22:35:43,351 [IPC Server listener on 34669] INFO  ipc.Server (Server.java:run(1153)) - IPC Server listener on 34669: starting
2019-11-14 22:35:43,355 [main] INFO  hdfs.DFSUtil (DFSUtil.java:httpServerTemplateForNNAndJN(1641)) - Starting Web-server for ozoneManager at: http://0.0.0.0:0
2019-11-14 22:35:43,357 [main] INFO  server.AuthenticationFilter (AuthenticationFilter.java:constructSecretProvider(240)) - Unable to initialize FileSignerSecretProvider, falling back to use random secrets.
2019-11-14 22:35:43,357 [main] WARN  http.HttpRequestLog (HttpRequestLog.java:getRequestLog(97)) - Jetty request log can only be enabled using Log4j
2019-11-14 22:35:43,360 [main] INFO  http.HttpServer2 (HttpServer2.java:addGlobalFilter(975)) - Added global filter 'safety' (class=org.apache.hadoop.http.HttpServer2$QuotingInputFilter)
2019-11-14 22:35:43,361 [main] INFO  http.HttpServer2 (HttpServer2.java:addFilter(948)) - Added filter static_user_filter (class=org.apache.hadoop.http.lib.StaticUserWebFilter$StaticUserFilter) to context ozoneManager
2019-11-14 22:35:43,361 [main] INFO  http.HttpServer2 (HttpServer2.java:addFilter(958)) - Added filter static_user_filter (class=org.apache.hadoop.http.lib.StaticUserWebFilter$StaticUserFilter) to context logs
2019-11-14 22:35:43,361 [main] INFO  http.HttpServer2 (HttpServer2.java:addFilter(958)) - Added filter static_user_filter (class=org.apache.hadoop.http.lib.StaticUserWebFilter$StaticUserFilter) to context static
2019-11-14 22:35:43,362 [main] INFO  http.HttpServer2 (HttpServer2.java:bindListener(1191)) - Jetty bound to port 39593
2019-11-14 22:35:43,362 [main] INFO  server.Server (Server.java:doStart(351)) - jetty-9.3.25.v20180904, build timestamp: 2018-09-04T21:11:46Z, git hash: 3ce520221d0240229c862b122d2b06c12a625732
2019-11-14 22:35:43,364 [main] INFO  handler.ContextHandler (ContextHandler.java:doStart(781)) - Started o.e.j.s.ServletContextHandler@35c4e864{/logs,file:///workdir/hadoop-ozone/integration-test/target/log,AVAILABLE}
2019-11-14 22:35:43,365 [main] INFO  handler.ContextHandler (ContextHandler.java:doStart(781)) - Started o.e.j.s.ServletContextHandler@682af059{/static,file:///workdir/hadoop-ozone/integration-test/target/test-classes/webapps/static,AVAILABLE}
2019-11-14 22:35:43,371 [main] INFO  handler.ContextHandler (ContextHandler.java:doStart(781)) - Started o.e.j.w.WebAppContext@45c9b3{/,file:///workdir/hadoop-ozone/integration-test/target/test-classes/webapps/ozoneManager/,AVAILABLE}{/ozoneManager}
2019-11-14 22:35:43,372 [main] INFO  server.AbstractConnector (AbstractConnector.java:doStart(278)) - Started ServerConnector@38b3f208{HTTP/1.1,[http/1.1]}{0.0.0.0:39593}
2019-11-14 22:35:43,372 [main] INFO  server.Server (Server.java:doStart(419)) - Started @70249ms
2019-11-14 22:35:43,373 [main] WARN  impl.MetricsSystemImpl (MetricsSystemImpl.java:register(276)) - Sink prometheus already exists!
2019-11-14 22:35:43,375 [main] INFO  server.BaseHttpServer (BaseHttpServer.java:updateConnectorAddress(215)) - HTTP server of OZONEMANAGER is listening at http://0.0.0.0:39593
2019-11-14 22:35:43,393 [main] INFO  impl.MetricsSystemImpl (MetricsSystemImpl.java:init(158)) - HddsDatanode metrics system started (again)
2019-11-14 22:35:43,395 [main] INFO  ozone.HddsDatanodeService (HddsDatanodeService.java:start(186)) - HddsDatanodeService host:pr-mpuissue-pdzcc-455137112 ip:192.168.69.65
2019-11-14 22:35:43,401 [main] INFO  volume.HddsVolume (HddsVolume.java:<init>(176)) - Creating Volume: /workdir/hadoop-ozone/integration-test/target/test-dir/MiniOzoneClusterImpl-479ab7c1-aba1-4cab-b6ff-ec51363c42af/datanode-0/data/containers/hdds of  storage type : DISK and capacity : 1482555576320
2019-11-14 22:35:43,401 [main] INFO  volume.VolumeSet (VolumeSet.java:initializeVolumeSet(170)) - Added Volume : /workdir/hadoop-ozone/integration-test/target/test-dir/MiniOzoneClusterImpl-479ab7c1-aba1-4cab-b6ff-ec51363c42af/datanode-0/data/containers/hdds to VolumeSet
2019-11-14 22:35:43,402 [main] INFO  volume.ThrottledAsyncChecker (ThrottledAsyncChecker.java:schedule(141)) - Scheduling a check for /workdir/hadoop-ozone/integration-test/target/test-dir/MiniOzoneClusterImpl-479ab7c1-aba1-4cab-b6ff-ec51363c42af/datanode-0/data/containers/hdds
2019-11-14 22:35:43,402 [main] INFO  volume.HddsVolumeChecker (HddsVolumeChecker.java:checkAllVolumes(204)) - Scheduled health check for volume /workdir/hadoop-ozone/integration-test/target/test-dir/MiniOzoneClusterImpl-479ab7c1-aba1-4cab-b6ff-ec51363c42af/datanode-0/data/containers/hdds
2019-11-14 22:35:43,414 [main] INFO  impl.RaftServerProxy (ConfUtils.java:logGet(43)) - raft.rpc.type = GRPC (default)
2019-11-14 22:35:43,414 [main] INFO  grpc.GrpcFactory (GrpcFactory.java:checkPooledByteBufAllocatorUseCacheForAllThreads(45)) - PERFORMANCE WARNING: useCacheForAllThreads is true that may cause Netty to create a lot garbage objects and, as a result, trigger GC.
	It is recommended to disable useCacheForAllThreads by setting -Dorg.apache.ratis.thirdparty.io.netty.allocator.useCacheForAllThreads=false in command line.
2019-11-14 22:35:43,414 [main] INFO  grpc.GrpcConfigKeys$Server (ConfUtils.java:logGet(43)) - raft.grpc.server.port = 0 (default)
2019-11-14 22:35:43,414 [main] INFO  server.GrpcService (ConfUtils.java:logGet(43)) - raft.grpc.message.size.max = 33570816 (custom)
2019-11-14 22:35:43,414 [main] INFO  server.RaftServerConfigKeys (ConfUtils.java:logGet(43)) - raft.server.log.appender.buffer.byte-limit = 33554432 (custom)
2019-11-14 22:35:43,414 [main] INFO  server.GrpcService (ConfUtils.java:logGet(43)) - raft.grpc.flow.control.window = 1MB (=1048576) (default)
2019-11-14 22:35:43,415 [main] INFO  server.RaftServerConfigKeys (ConfUtils.java:logGet(43)) - raft.server.rpc.request.timeout = 3000ms (default)
2019-11-14 22:35:43,415 [main] INFO  server.RaftServerConfigKeys (ConfUtils.java:logGet(43)) - raft.server.storage.dir = [/workdir/hadoop-ozone/integration-test/target/test-dir/MiniOzoneClusterImpl-479ab7c1-aba1-4cab-b6ff-ec51363c42af/datanode-0/data/ratis] (custom)
2019-11-14 22:35:43,417 [main] INFO  hdfs.DFSUtil (DFSUtil.java:httpServerTemplateForNNAndJN(1641)) - Starting Web-server for hddsDatanode at: http://0.0.0.0:0
2019-11-14 22:35:43,419 [main] INFO  server.AuthenticationFilter (AuthenticationFilter.java:constructSecretProvider(240)) - Unable to initialize FileSignerSecretProvider, falling back to use random secrets.
2019-11-14 22:35:43,420 [main] WARN  http.HttpRequestLog (HttpRequestLog.java:getRequestLog(97)) - Jetty request log can only be enabled using Log4j
2019-11-14 22:35:43,422 [main] INFO  http.HttpServer2 (HttpServer2.java:addGlobalFilter(975)) - Added global filter 'safety' (class=org.apache.hadoop.http.HttpServer2$QuotingInputFilter)
2019-11-14 22:35:43,423 [main] INFO  http.HttpServer2 (HttpServer2.java:addFilter(948)) - Added filter static_user_filter (class=org.apache.hadoop.http.lib.StaticUserWebFilter$StaticUserFilter) to context hddsDatanode
2019-11-14 22:35:43,423 [main] INFO  http.HttpServer2 (HttpServer2.java:addFilter(958)) - Added filter static_user_filter (class=org.apache.hadoop.http.lib.StaticUserWebFilter$StaticUserFilter) to context static
2019-11-14 22:35:43,423 [main] INFO  http.HttpServer2 (HttpServer2.java:addFilter(958)) - Added filter static_user_filter (class=org.apache.hadoop.http.lib.StaticUserWebFilter$StaticUserFilter) to context logs
2019-11-14 22:35:43,424 [main] INFO  http.HttpServer2 (HttpServer2.java:bindListener(1191)) - Jetty bound to port 34554
2019-11-14 22:35:43,424 [main] INFO  server.Server (Server.java:doStart(351)) - jetty-9.3.25.v20180904, build timestamp: 2018-09-04T21:11:46Z, git hash: 3ce520221d0240229c862b122d2b06c12a625732
2019-11-14 22:35:43,426 [main] INFO  handler.ContextHandler (ContextHandler.java:doStart(781)) - Started o.e.j.s.ServletContextHandler@46911148{/logs,file:///workdir/hadoop-ozone/integration-test/target/log,AVAILABLE}
2019-11-14 22:35:43,427 [main] INFO  handler.ContextHandler (ContextHandler.java:doStart(781)) - Started o.e.j.s.ServletContextHandler@7e351d7{/static,jar:file:/home/user/.m2/repository/org/apache/hadoop/hadoop-hdds-container-service/0.5.0-SNAPSHOT/hadoop-hdds-container-service-0.5.0-SNAPSHOT.jar!/webapps/static,AVAILABLE}
2019-11-14 22:35:43,473 [main] INFO  handler.ContextHandler (ContextHandler.java:doStart(781)) - Started o.e.j.w.WebAppContext@3ff54f3d{/,file:///tmp/jetty-0.0.0.0-34554-hddsDatanode-_-any-1183056432149028295.dir/webapp/,AVAILABLE}{/hddsDatanode}
2019-11-14 22:35:43,474 [main] INFO  server.AbstractConnector (AbstractConnector.java:doStart(278)) - Started ServerConnector@14c93774{HTTP/1.1,[http/1.1]}{0.0.0.0:34554}
2019-11-14 22:35:43,475 [main] INFO  server.Server (Server.java:doStart(419)) - Started @70352ms
2019-11-14 22:35:43,475 [main] WARN  impl.MetricsSystemImpl (MetricsSystemImpl.java:register(276)) - Sink prometheus already exists!
2019-11-14 22:35:43,476 [main] INFO  server.BaseHttpServer (BaseHttpServer.java:updateConnectorAddress(215)) - HTTP server of HDDSDATANODE is listening at http://0.0.0.0:34554
2019-11-14 22:35:43,476 [main] INFO  impl.MetricsSystemImpl (MetricsSystemImpl.java:init(158)) - HddsDatanode metrics system started (again)
2019-11-14 22:35:43,479 [main] INFO  ozone.HddsDatanodeService (HddsDatanodeService.java:start(186)) - HddsDatanodeService host:pr-mpuissue-pdzcc-455137112 ip:192.168.69.65
2019-11-14 22:35:43,479 [org.apache.hadoop.util.JvmPauseMonitor$Monitor@881d0b1] INFO  util.JvmPauseMonitor (JvmPauseMonitor.java:run(188)) - Starting JVM pause monitor
2019-11-14 22:35:43,481 [Datanode State Machine Thread - 0] INFO  datanode.InitDatanodeState (InitDatanodeState.java:persistContainerDatanodeDetails(140)) - DatanodeDetails is persisted to /workdir/hadoop-ozone/integration-test/target/test-dir/MiniOzoneClusterImpl-479ab7c1-aba1-4cab-b6ff-ec51363c42af/datanode-0/meta/datanode.id
2019-11-14 22:35:43,486 [main] INFO  volume.HddsVolume (HddsVolume.java:<init>(176)) - Creating Volume: /workdir/hadoop-ozone/integration-test/target/test-dir/MiniOzoneClusterImpl-479ab7c1-aba1-4cab-b6ff-ec51363c42af/datanode-1/data/containers/hdds of  storage type : DISK and capacity : 1482555576320
2019-11-14 22:35:43,486 [main] INFO  volume.VolumeSet (VolumeSet.java:initializeVolumeSet(170)) - Added Volume : /workdir/hadoop-ozone/integration-test/target/test-dir/MiniOzoneClusterImpl-479ab7c1-aba1-4cab-b6ff-ec51363c42af/datanode-1/data/containers/hdds to VolumeSet
2019-11-14 22:35:43,486 [main] INFO  volume.ThrottledAsyncChecker (ThrottledAsyncChecker.java:schedule(141)) - Scheduling a check for /workdir/hadoop-ozone/integration-test/target/test-dir/MiniOzoneClusterImpl-479ab7c1-aba1-4cab-b6ff-ec51363c42af/datanode-1/data/containers/hdds
2019-11-14 22:35:43,487 [main] INFO  volume.HddsVolumeChecker (HddsVolumeChecker.java:checkAllVolumes(204)) - Scheduled health check for volume /workdir/hadoop-ozone/integration-test/target/test-dir/MiniOzoneClusterImpl-479ab7c1-aba1-4cab-b6ff-ec51363c42af/datanode-1/data/containers/hdds
2019-11-14 22:35:43,509 [main] INFO  impl.RaftServerProxy (ConfUtils.java:logGet(43)) - raft.rpc.type = GRPC (default)
2019-11-14 22:35:43,509 [main] INFO  grpc.GrpcFactory (GrpcFactory.java:checkPooledByteBufAllocatorUseCacheForAllThreads(45)) - PERFORMANCE WARNING: useCacheForAllThreads is true that may cause Netty to create a lot garbage objects and, as a result, trigger GC.
	It is recommended to disable useCacheForAllThreads by setting -Dorg.apache.ratis.thirdparty.io.netty.allocator.useCacheForAllThreads=false in command line.
2019-11-14 22:35:43,509 [main] INFO  grpc.GrpcConfigKeys$Server (ConfUtils.java:logGet(43)) - raft.grpc.server.port = 0 (default)
2019-11-14 22:35:43,510 [main] INFO  server.GrpcService (ConfUtils.java:logGet(43)) - raft.grpc.message.size.max = 33570816 (custom)
2019-11-14 22:35:43,510 [main] INFO  server.RaftServerConfigKeys (ConfUtils.java:logGet(43)) - raft.server.log.appender.buffer.byte-limit = 33554432 (custom)
2019-11-14 22:35:43,510 [main] INFO  server.GrpcService (ConfUtils.java:logGet(43)) - raft.grpc.flow.control.window = 1MB (=1048576) (default)
2019-11-14 22:35:43,510 [main] INFO  server.RaftServerConfigKeys (ConfUtils.java:logGet(43)) - raft.server.rpc.request.timeout = 3000ms (default)
2019-11-14 22:35:43,511 [main] INFO  server.RaftServerConfigKeys (ConfUtils.java:logGet(43)) - raft.server.storage.dir = [/workdir/hadoop-ozone/integration-test/target/test-dir/MiniOzoneClusterImpl-479ab7c1-aba1-4cab-b6ff-ec51363c42af/datanode-1/data/ratis] (custom)
2019-11-14 22:35:43,513 [main] INFO  hdfs.DFSUtil (DFSUtil.java:httpServerTemplateForNNAndJN(1641)) - Starting Web-server for hddsDatanode at: http://0.0.0.0:0
2019-11-14 22:35:43,514 [main] INFO  server.AuthenticationFilter (AuthenticationFilter.java:constructSecretProvider(240)) - Unable to initialize FileSignerSecretProvider, falling back to use random secrets.
2019-11-14 22:35:43,515 [main] WARN  http.HttpRequestLog (HttpRequestLog.java:getRequestLog(97)) - Jetty request log can only be enabled using Log4j
2019-11-14 22:35:43,516 [main] INFO  http.HttpServer2 (HttpServer2.java:addGlobalFilter(975)) - Added global filter 'safety' (class=org.apache.hadoop.http.HttpServer2$QuotingInputFilter)
2019-11-14 22:35:43,517 [main] INFO  http.HttpServer2 (HttpServer2.java:addFilter(948)) - Added filter static_user_filter (class=org.apache.hadoop.http.lib.StaticUserWebFilter$StaticUserFilter) to context hddsDatanode
2019-11-14 22:35:43,517 [main] INFO  http.HttpServer2 (HttpServer2.java:addFilter(958)) - Added filter static_user_filter (class=org.apache.hadoop.http.lib.StaticUserWebFilter$StaticUserFilter) to context static
2019-11-14 22:35:43,517 [main] INFO  http.HttpServer2 (HttpServer2.java:addFilter(958)) - Added filter static_user_filter (class=org.apache.hadoop.http.lib.StaticUserWebFilter$StaticUserFilter) to context logs
2019-11-14 22:35:43,518 [main] INFO  http.HttpServer2 (HttpServer2.java:bindListener(1191)) - Jetty bound to port 39810
2019-11-14 22:35:43,518 [main] INFO  server.Server (Server.java:doStart(351)) - jetty-9.3.25.v20180904, build timestamp: 2018-09-04T21:11:46Z, git hash: 3ce520221d0240229c862b122d2b06c12a625732
2019-11-14 22:35:43,520 [main] INFO  handler.ContextHandler (ContextHandler.java:doStart(781)) - Started o.e.j.s.ServletContextHandler@1642eeae{/logs,file:///workdir/hadoop-ozone/integration-test/target/log,AVAILABLE}
2019-11-14 22:35:43,520 [main] INFO  handler.ContextHandler (ContextHandler.java:doStart(781)) - Started o.e.j.s.ServletContextHandler@28a9494b{/static,jar:file:/home/user/.m2/repository/org/apache/hadoop/hadoop-hdds-container-service/0.5.0-SNAPSHOT/hadoop-hdds-container-service-0.5.0-SNAPSHOT.jar!/webapps/static,AVAILABLE}
2019-11-14 22:35:43,551 [main] INFO  handler.ContextHandler (ContextHandler.java:doStart(781)) - Started o.e.j.w.WebAppContext@7cfac39f{/,file:///tmp/jetty-0.0.0.0-39810-hddsDatanode-_-any-6555196558100533697.dir/webapp/,AVAILABLE}{/hddsDatanode}
2019-11-14 22:35:43,552 [main] INFO  server.AbstractConnector (AbstractConnector.java:doStart(278)) - Started ServerConnector@158ae284{HTTP/1.1,[http/1.1]}{0.0.0.0:39810}
2019-11-14 22:35:43,553 [main] INFO  server.Server (Server.java:doStart(419)) - Started @70430ms
2019-11-14 22:35:43,553 [main] WARN  impl.MetricsSystemImpl (MetricsSystemImpl.java:register(276)) - Sink prometheus already exists!
2019-11-14 22:35:43,554 [main] INFO  server.BaseHttpServer (BaseHttpServer.java:updateConnectorAddress(215)) - HTTP server of HDDSDATANODE is listening at http://0.0.0.0:39810
2019-11-14 22:35:43,554 [main] INFO  impl.MetricsSystemImpl (MetricsSystemImpl.java:init(158)) - HddsDatanode metrics system started (again)
2019-11-14 22:35:43,556 [main] INFO  ozone.HddsDatanodeService (HddsDatanodeService.java:start(186)) - HddsDatanodeService host:pr-mpuissue-pdzcc-455137112 ip:192.168.69.65
2019-11-14 22:35:43,556 [org.apache.hadoop.util.JvmPauseMonitor$Monitor@2783a6a9] INFO  util.JvmPauseMonitor (JvmPauseMonitor.java:run(188)) - Starting JVM pause monitor
2019-11-14 22:35:43,558 [Datanode State Machine Thread - 0] INFO  datanode.InitDatanodeState (InitDatanodeState.java:persistContainerDatanodeDetails(140)) - DatanodeDetails is persisted to /workdir/hadoop-ozone/integration-test/target/test-dir/MiniOzoneClusterImpl-479ab7c1-aba1-4cab-b6ff-ec51363c42af/datanode-1/meta/datanode.id
2019-11-14 22:35:43,562 [main] INFO  volume.HddsVolume (HddsVolume.java:<init>(176)) - Creating Volume: /workdir/hadoop-ozone/integration-test/target/test-dir/MiniOzoneClusterImpl-479ab7c1-aba1-4cab-b6ff-ec51363c42af/datanode-2/data/containers/hdds of  storage type : DISK and capacity : 1482555576320
2019-11-14 22:35:43,562 [main] INFO  volume.VolumeSet (VolumeSet.java:initializeVolumeSet(170)) - Added Volume : /workdir/hadoop-ozone/integration-test/target/test-dir/MiniOzoneClusterImpl-479ab7c1-aba1-4cab-b6ff-ec51363c42af/datanode-2/data/containers/hdds to VolumeSet
2019-11-14 22:35:43,562 [main] INFO  volume.ThrottledAsyncChecker (ThrottledAsyncChecker.java:schedule(141)) - Scheduling a check for /workdir/hadoop-ozone/integration-test/target/test-dir/MiniOzoneClusterImpl-479ab7c1-aba1-4cab-b6ff-ec51363c42af/datanode-2/data/containers/hdds
2019-11-14 22:35:43,562 [main] INFO  volume.HddsVolumeChecker (HddsVolumeChecker.java:checkAllVolumes(204)) - Scheduled health check for volume /workdir/hadoop-ozone/integration-test/target/test-dir/MiniOzoneClusterImpl-479ab7c1-aba1-4cab-b6ff-ec51363c42af/datanode-2/data/containers/hdds
2019-11-14 22:35:43,576 [main] INFO  impl.RaftServerProxy (ConfUtils.java:logGet(43)) - raft.rpc.type = GRPC (default)
2019-11-14 22:35:43,577 [main] INFO  grpc.GrpcFactory (GrpcFactory.java:checkPooledByteBufAllocatorUseCacheForAllThreads(45)) - PERFORMANCE WARNING: useCacheForAllThreads is true that may cause Netty to create a lot garbage objects and, as a result, trigger GC.
	It is recommended to disable useCacheForAllThreads by setting -Dorg.apache.ratis.thirdparty.io.netty.allocator.useCacheForAllThreads=false in command line.
2019-11-14 22:35:43,577 [main] INFO  grpc.GrpcConfigKeys$Server (ConfUtils.java:logGet(43)) - raft.grpc.server.port = 0 (default)
2019-11-14 22:35:43,577 [main] INFO  server.GrpcService (ConfUtils.java:logGet(43)) - raft.grpc.message.size.max = 33570816 (custom)
2019-11-14 22:35:43,577 [main] INFO  server.RaftServerConfigKeys (ConfUtils.java:logGet(43)) - raft.server.log.appender.buffer.byte-limit = 33554432 (custom)
2019-11-14 22:35:43,577 [main] INFO  server.GrpcService (ConfUtils.java:logGet(43)) - raft.grpc.flow.control.window = 1MB (=1048576) (default)
2019-11-14 22:35:43,577 [main] INFO  server.RaftServerConfigKeys (ConfUtils.java:logGet(43)) - raft.server.rpc.request.timeout = 3000ms (default)
2019-11-14 22:35:43,578 [main] INFO  server.RaftServerConfigKeys (ConfUtils.java:logGet(43)) - raft.server.storage.dir = [/workdir/hadoop-ozone/integration-test/target/test-dir/MiniOzoneClusterImpl-479ab7c1-aba1-4cab-b6ff-ec51363c42af/datanode-2/data/ratis] (custom)
2019-11-14 22:35:43,579 [main] INFO  hdfs.DFSUtil (DFSUtil.java:httpServerTemplateForNNAndJN(1641)) - Starting Web-server for hddsDatanode at: http://0.0.0.0:0
2019-11-14 22:35:43,580 [main] INFO  server.AuthenticationFilter (AuthenticationFilter.java:constructSecretProvider(240)) - Unable to initialize FileSignerSecretProvider, falling back to use random secrets.
2019-11-14 22:35:43,581 [main] WARN  http.HttpRequestLog (HttpRequestLog.java:getRequestLog(97)) - Jetty request log can only be enabled using Log4j
2019-11-14 22:35:43,582 [main] INFO  http.HttpServer2 (HttpServer2.java:addGlobalFilter(975)) - Added global filter 'safety' (class=org.apache.hadoop.http.HttpServer2$QuotingInputFilter)
2019-11-14 22:35:43,583 [main] INFO  http.HttpServer2 (HttpServer2.java:addFilter(948)) - Added filter static_user_filter (class=org.apache.hadoop.http.lib.StaticUserWebFilter$StaticUserFilter) to context hddsDatanode
2019-11-14 22:35:43,583 [main] INFO  http.HttpServer2 (HttpServer2.java:addFilter(958)) - Added filter static_user_filter (class=org.apache.hadoop.http.lib.StaticUserWebFilter$StaticUserFilter) to context logs
2019-11-14 22:35:43,583 [main] INFO  http.HttpServer2 (HttpServer2.java:addFilter(958)) - Added filter static_user_filter (class=org.apache.hadoop.http.lib.StaticUserWebFilter$StaticUserFilter) to context static
2019-11-14 22:35:43,584 [main] INFO  http.HttpServer2 (HttpServer2.java:bindListener(1191)) - Jetty bound to port 45124
2019-11-14 22:35:43,584 [main] INFO  server.Server (Server.java:doStart(351)) - jetty-9.3.25.v20180904, build timestamp: 2018-09-04T21:11:46Z, git hash: 3ce520221d0240229c862b122d2b06c12a625732
2019-11-14 22:35:43,586 [main] INFO  handler.ContextHandler (ContextHandler.java:doStart(781)) - Started o.e.j.s.ServletContextHandler@4b0bd001{/logs,file:///workdir/hadoop-ozone/integration-test/target/log,AVAILABLE}
2019-11-14 22:35:43,586 [main] INFO  handler.ContextHandler (ContextHandler.java:doStart(781)) - Started o.e.j.s.ServletContextHandler@10272bbb{/static,jar:file:/home/user/.m2/repository/org/apache/hadoop/hadoop-hdds-container-service/0.5.0-SNAPSHOT/hadoop-hdds-container-service-0.5.0-SNAPSHOT.jar!/webapps/static,AVAILABLE}
2019-11-14 22:35:43,616 [main] INFO  handler.ContextHandler (ContextHandler.java:doStart(781)) - Started o.e.j.w.WebAppContext@5b47731f{/,file:///tmp/jetty-0.0.0.0-45124-hddsDatanode-_-any-7193525822033472694.dir/webapp/,AVAILABLE}{/hddsDatanode}
2019-11-14 22:35:43,616 [main] INFO  server.AbstractConnector (AbstractConnector.java:doStart(278)) - Started ServerConnector@233db8e9{HTTP/1.1,[http/1.1]}{0.0.0.0:45124}
2019-11-14 22:35:43,617 [main] INFO  server.Server (Server.java:doStart(419)) - Started @70494ms
2019-11-14 22:35:43,617 [main] WARN  impl.MetricsSystemImpl (MetricsSystemImpl.java:register(276)) - Sink prometheus already exists!
2019-11-14 22:35:43,618 [main] INFO  server.BaseHttpServer (BaseHttpServer.java:updateConnectorAddress(215)) - HTTP server of HDDSDATANODE is listening at http://0.0.0.0:45124
2019-11-14 22:35:43,619 [main] INFO  impl.MetricsSystemImpl (MetricsSystemImpl.java:init(158)) - HddsDatanode metrics system started (again)
2019-11-14 22:35:43,622 [org.apache.hadoop.util.JvmPauseMonitor$Monitor@32cb03c9] INFO  util.JvmPauseMonitor (JvmPauseMonitor.java:run(188)) - Starting JVM pause monitor
2019-11-14 22:35:43,623 [main] INFO  ozone.HddsDatanodeService (HddsDatanodeService.java:start(186)) - HddsDatanodeService host:pr-mpuissue-pdzcc-455137112 ip:192.168.69.65
2019-11-14 22:35:43,624 [Datanode State Machine Thread - 0] INFO  datanode.InitDatanodeState (InitDatanodeState.java:persistContainerDatanodeDetails(140)) - DatanodeDetails is persisted to /workdir/hadoop-ozone/integration-test/target/test-dir/MiniOzoneClusterImpl-479ab7c1-aba1-4cab-b6ff-ec51363c42af/datanode-2/meta/datanode.id
2019-11-14 22:35:43,630 [main] INFO  volume.HddsVolume (HddsVolume.java:<init>(176)) - Creating Volume: /workdir/hadoop-ozone/integration-test/target/test-dir/MiniOzoneClusterImpl-479ab7c1-aba1-4cab-b6ff-ec51363c42af/datanode-3/data/containers/hdds of  storage type : DISK and capacity : 1482555576320
2019-11-14 22:35:43,630 [main] INFO  volume.VolumeSet (VolumeSet.java:initializeVolumeSet(170)) - Added Volume : /workdir/hadoop-ozone/integration-test/target/test-dir/MiniOzoneClusterImpl-479ab7c1-aba1-4cab-b6ff-ec51363c42af/datanode-3/data/containers/hdds to VolumeSet
2019-11-14 22:35:43,630 [main] INFO  volume.ThrottledAsyncChecker (ThrottledAsyncChecker.java:schedule(141)) - Scheduling a check for /workdir/hadoop-ozone/integration-test/target/test-dir/MiniOzoneClusterImpl-479ab7c1-aba1-4cab-b6ff-ec51363c42af/datanode-3/data/containers/hdds
2019-11-14 22:35:43,631 [main] INFO  volume.HddsVolumeChecker (HddsVolumeChecker.java:checkAllVolumes(204)) - Scheduled health check for volume /workdir/hadoop-ozone/integration-test/target/test-dir/MiniOzoneClusterImpl-479ab7c1-aba1-4cab-b6ff-ec51363c42af/datanode-3/data/containers/hdds
2019-11-14 22:35:43,649 [main] INFO  impl.RaftServerProxy (ConfUtils.java:logGet(43)) - raft.rpc.type = GRPC (default)
2019-11-14 22:35:43,649 [main] INFO  grpc.GrpcFactory (GrpcFactory.java:checkPooledByteBufAllocatorUseCacheForAllThreads(45)) - PERFORMANCE WARNING: useCacheForAllThreads is true that may cause Netty to create a lot garbage objects and, as a result, trigger GC.
	It is recommended to disable useCacheForAllThreads by setting -Dorg.apache.ratis.thirdparty.io.netty.allocator.useCacheForAllThreads=false in command line.
2019-11-14 22:35:43,650 [main] INFO  grpc.GrpcConfigKeys$Server (ConfUtils.java:logGet(43)) - raft.grpc.server.port = 0 (default)
2019-11-14 22:35:43,650 [main] INFO  server.GrpcService (ConfUtils.java:logGet(43)) - raft.grpc.message.size.max = 33570816 (custom)
2019-11-14 22:35:43,650 [main] INFO  server.RaftServerConfigKeys (ConfUtils.java:logGet(43)) - raft.server.log.appender.buffer.byte-limit = 33554432 (custom)
2019-11-14 22:35:43,650 [main] INFO  server.GrpcService (ConfUtils.java:logGet(43)) - raft.grpc.flow.control.window = 1MB (=1048576) (default)
2019-11-14 22:35:43,651 [main] INFO  server.RaftServerConfigKeys (ConfUtils.java:logGet(43)) - raft.server.rpc.request.timeout = 3000ms (default)
2019-11-14 22:35:43,651 [main] INFO  server.RaftServerConfigKeys (ConfUtils.java:logGet(43)) - raft.server.storage.dir = [/workdir/hadoop-ozone/integration-test/target/test-dir/MiniOzoneClusterImpl-479ab7c1-aba1-4cab-b6ff-ec51363c42af/datanode-3/data/ratis] (custom)
2019-11-14 22:35:43,653 [main] INFO  hdfs.DFSUtil (DFSUtil.java:httpServerTemplateForNNAndJN(1641)) - Starting Web-server for hddsDatanode at: http://0.0.0.0:0
2019-11-14 22:35:43,655 [main] INFO  server.AuthenticationFilter (AuthenticationFilter.java:constructSecretProvider(240)) - Unable to initialize FileSignerSecretProvider, falling back to use random secrets.
2019-11-14 22:35:43,655 [main] WARN  http.HttpRequestLog (HttpRequestLog.java:getRequestLog(97)) - Jetty request log can only be enabled using Log4j
2019-11-14 22:35:43,657 [main] INFO  http.HttpServer2 (HttpServer2.java:addGlobalFilter(975)) - Added global filter 'safety' (class=org.apache.hadoop.http.HttpServer2$QuotingInputFilter)
2019-11-14 22:35:43,658 [main] INFO  http.HttpServer2 (HttpServer2.java:addFilter(948)) - Added filter static_user_filter (class=org.apache.hadoop.http.lib.StaticUserWebFilter$StaticUserFilter) to context hddsDatanode
2019-11-14 22:35:43,658 [main] INFO  http.HttpServer2 (HttpServer2.java:addFilter(958)) - Added filter static_user_filter (class=org.apache.hadoop.http.lib.StaticUserWebFilter$StaticUserFilter) to context static
2019-11-14 22:35:43,658 [main] INFO  http.HttpServer2 (HttpServer2.java:addFilter(958)) - Added filter static_user_filter (class=org.apache.hadoop.http.lib.StaticUserWebFilter$StaticUserFilter) to context logs
2019-11-14 22:35:43,659 [main] INFO  http.HttpServer2 (HttpServer2.java:bindListener(1191)) - Jetty bound to port 39235
2019-11-14 22:35:43,659 [main] INFO  server.Server (Server.java:doStart(351)) - jetty-9.3.25.v20180904, build timestamp: 2018-09-04T21:11:46Z, git hash: 3ce520221d0240229c862b122d2b06c12a625732
2019-11-14 22:35:43,661 [main] INFO  handler.ContextHandler (ContextHandler.java:doStart(781)) - Started o.e.j.s.ServletContextHandler@405b6d75{/logs,file:///workdir/hadoop-ozone/integration-test/target/log,AVAILABLE}
2019-11-14 22:35:43,662 [main] INFO  handler.ContextHandler (ContextHandler.java:doStart(781)) - Started o.e.j.s.ServletContextHandler@1d858300{/static,jar:file:/home/user/.m2/repository/org/apache/hadoop/hadoop-hdds-container-service/0.5.0-SNAPSHOT/hadoop-hdds-container-service-0.5.0-SNAPSHOT.jar!/webapps/static,AVAILABLE}
2019-11-14 22:35:43,709 [main] INFO  handler.ContextHandler (ContextHandler.java:doStart(781)) - Started o.e.j.w.WebAppContext@b61edb9{/,file:///tmp/jetty-0.0.0.0-39235-hddsDatanode-_-any-713461846829912104.dir/webapp/,AVAILABLE}{/hddsDatanode}
2019-11-14 22:35:43,709 [main] INFO  server.AbstractConnector (AbstractConnector.java:doStart(278)) - Started ServerConnector@5d3ff859{HTTP/1.1,[http/1.1]}{0.0.0.0:39235}
2019-11-14 22:35:43,710 [main] INFO  server.Server (Server.java:doStart(419)) - Started @70587ms
2019-11-14 22:35:43,710 [main] WARN  impl.MetricsSystemImpl (MetricsSystemImpl.java:register(276)) - Sink prometheus already exists!
2019-11-14 22:35:43,712 [main] INFO  server.BaseHttpServer (BaseHttpServer.java:updateConnectorAddress(215)) - HTTP server of HDDSDATANODE is listening at http://0.0.0.0:39235
2019-11-14 22:35:43,712 [main] INFO  impl.MetricsSystemImpl (MetricsSystemImpl.java:init(158)) - HddsDatanode metrics system started (again)
2019-11-14 22:35:43,715 [main] INFO  ozone.HddsDatanodeService (HddsDatanodeService.java:start(186)) - HddsDatanodeService host:pr-mpuissue-pdzcc-455137112 ip:192.168.69.65
2019-11-14 22:35:43,715 [org.apache.hadoop.util.JvmPauseMonitor$Monitor@2c9e70dc] INFO  util.JvmPauseMonitor (JvmPauseMonitor.java:run(188)) - Starting JVM pause monitor
2019-11-14 22:35:43,716 [Datanode State Machine Thread - 0] INFO  datanode.InitDatanodeState (InitDatanodeState.java:persistContainerDatanodeDetails(140)) - DatanodeDetails is persisted to /workdir/hadoop-ozone/integration-test/target/test-dir/MiniOzoneClusterImpl-479ab7c1-aba1-4cab-b6ff-ec51363c42af/datanode-3/meta/datanode.id
2019-11-14 22:35:43,721 [main] INFO  volume.HddsVolume (HddsVolume.java:<init>(176)) - Creating Volume: /workdir/hadoop-ozone/integration-test/target/test-dir/MiniOzoneClusterImpl-479ab7c1-aba1-4cab-b6ff-ec51363c42af/datanode-4/data/containers/hdds of  storage type : DISK and capacity : 1482555576320
2019-11-14 22:35:43,721 [main] INFO  volume.VolumeSet (VolumeSet.java:initializeVolumeSet(170)) - Added Volume : /workdir/hadoop-ozone/integration-test/target/test-dir/MiniOzoneClusterImpl-479ab7c1-aba1-4cab-b6ff-ec51363c42af/datanode-4/data/containers/hdds to VolumeSet
2019-11-14 22:35:43,722 [main] INFO  volume.ThrottledAsyncChecker (ThrottledAsyncChecker.java:schedule(141)) - Scheduling a check for /workdir/hadoop-ozone/integration-test/target/test-dir/MiniOzoneClusterImpl-479ab7c1-aba1-4cab-b6ff-ec51363c42af/datanode-4/data/containers/hdds
2019-11-14 22:35:43,722 [main] INFO  volume.HddsVolumeChecker (HddsVolumeChecker.java:checkAllVolumes(204)) - Scheduled health check for volume /workdir/hadoop-ozone/integration-test/target/test-dir/MiniOzoneClusterImpl-479ab7c1-aba1-4cab-b6ff-ec51363c42af/datanode-4/data/containers/hdds
2019-11-14 22:35:43,735 [main] INFO  impl.RaftServerProxy (ConfUtils.java:logGet(43)) - raft.rpc.type = GRPC (default)
2019-11-14 22:35:43,735 [main] INFO  grpc.GrpcFactory (GrpcFactory.java:checkPooledByteBufAllocatorUseCacheForAllThreads(45)) - PERFORMANCE WARNING: useCacheForAllThreads is true that may cause Netty to create a lot garbage objects and, as a result, trigger GC.
	It is recommended to disable useCacheForAllThreads by setting -Dorg.apache.ratis.thirdparty.io.netty.allocator.useCacheForAllThreads=false in command line.
2019-11-14 22:35:43,735 [main] INFO  grpc.GrpcConfigKeys$Server (ConfUtils.java:logGet(43)) - raft.grpc.server.port = 0 (default)
2019-11-14 22:35:43,735 [main] INFO  server.GrpcService (ConfUtils.java:logGet(43)) - raft.grpc.message.size.max = 33570816 (custom)
2019-11-14 22:35:43,736 [main] INFO  server.RaftServerConfigKeys (ConfUtils.java:logGet(43)) - raft.server.log.appender.buffer.byte-limit = 33554432 (custom)
2019-11-14 22:35:43,736 [main] INFO  server.GrpcService (ConfUtils.java:logGet(43)) - raft.grpc.flow.control.window = 1MB (=1048576) (default)
2019-11-14 22:35:43,736 [main] INFO  server.RaftServerConfigKeys (ConfUtils.java:logGet(43)) - raft.server.rpc.request.timeout = 3000ms (default)
2019-11-14 22:35:43,736 [main] INFO  server.RaftServerConfigKeys (ConfUtils.java:logGet(43)) - raft.server.storage.dir = [/workdir/hadoop-ozone/integration-test/target/test-dir/MiniOzoneClusterImpl-479ab7c1-aba1-4cab-b6ff-ec51363c42af/datanode-4/data/ratis] (custom)
2019-11-14 22:35:43,738 [main] INFO  hdfs.DFSUtil (DFSUtil.java:httpServerTemplateForNNAndJN(1641)) - Starting Web-server for hddsDatanode at: http://0.0.0.0:0
2019-11-14 22:35:43,740 [main] INFO  server.AuthenticationFilter (AuthenticationFilter.java:constructSecretProvider(240)) - Unable to initialize FileSignerSecretProvider, falling back to use random secrets.
2019-11-14 22:35:43,741 [main] WARN  http.HttpRequestLog (HttpRequestLog.java:getRequestLog(97)) - Jetty request log can only be enabled using Log4j
2019-11-14 22:35:43,743 [main] INFO  http.HttpServer2 (HttpServer2.java:addGlobalFilter(975)) - Added global filter 'safety' (class=org.apache.hadoop.http.HttpServer2$QuotingInputFilter)
2019-11-14 22:35:43,743 [main] INFO  http.HttpServer2 (HttpServer2.java:addFilter(948)) - Added filter static_user_filter (class=org.apache.hadoop.http.lib.StaticUserWebFilter$StaticUserFilter) to context hddsDatanode
2019-11-14 22:35:43,744 [main] INFO  http.HttpServer2 (HttpServer2.java:addFilter(958)) - Added filter static_user_filter (class=org.apache.hadoop.http.lib.StaticUserWebFilter$StaticUserFilter) to context logs
2019-11-14 22:35:43,744 [main] INFO  http.HttpServer2 (HttpServer2.java:addFilter(958)) - Added filter static_user_filter (class=org.apache.hadoop.http.lib.StaticUserWebFilter$StaticUserFilter) to context static
2019-11-14 22:35:43,745 [main] INFO  http.HttpServer2 (HttpServer2.java:bindListener(1191)) - Jetty bound to port 34019
2019-11-14 22:35:43,745 [main] INFO  server.Server (Server.java:doStart(351)) - jetty-9.3.25.v20180904, build timestamp: 2018-09-04T21:11:46Z, git hash: 3ce520221d0240229c862b122d2b06c12a625732
2019-11-14 22:35:43,747 [main] INFO  handler.ContextHandler (ContextHandler.java:doStart(781)) - Started o.e.j.s.ServletContextHandler@23da79eb{/logs,file:///workdir/hadoop-ozone/integration-test/target/log,AVAILABLE}
2019-11-14 22:35:43,748 [main] INFO  handler.ContextHandler (ContextHandler.java:doStart(781)) - Started o.e.j.s.ServletContextHandler@3e05586b{/static,jar:file:/home/user/.m2/repository/org/apache/hadoop/hadoop-hdds-container-service/0.5.0-SNAPSHOT/hadoop-hdds-container-service-0.5.0-SNAPSHOT.jar!/webapps/static,AVAILABLE}
2019-11-14 22:35:43,791 [main] INFO  handler.ContextHandler (ContextHandler.java:doStart(781)) - Started o.e.j.w.WebAppContext@630bf683{/,file:///tmp/jetty-0.0.0.0-34019-hddsDatanode-_-any-7013246621798980801.dir/webapp/,AVAILABLE}{/hddsDatanode}
2019-11-14 22:35:43,792 [main] INFO  server.AbstractConnector (AbstractConnector.java:doStart(278)) - Started ServerConnector@22d322f5{HTTP/1.1,[http/1.1]}{0.0.0.0:34019}
2019-11-14 22:35:43,793 [main] INFO  server.Server (Server.java:doStart(419)) - Started @70670ms
2019-11-14 22:35:43,793 [main] WARN  impl.MetricsSystemImpl (MetricsSystemImpl.java:register(276)) - Sink prometheus already exists!
2019-11-14 22:35:43,794 [main] INFO  server.BaseHttpServer (BaseHttpServer.java:updateConnectorAddress(215)) - HTTP server of HDDSDATANODE is listening at http://0.0.0.0:34019
2019-11-14 22:35:43,794 [main] INFO  impl.MetricsSystemImpl (MetricsSystemImpl.java:init(158)) - HddsDatanode metrics system started (again)
2019-11-14 22:35:43,797 [org.apache.hadoop.util.JvmPauseMonitor$Monitor@1e6daf35] INFO  util.JvmPauseMonitor (JvmPauseMonitor.java:run(188)) - Starting JVM pause monitor
2019-11-14 22:35:43,798 [main] INFO  ozone.HddsDatanodeService (HddsDatanodeService.java:start(186)) - HddsDatanodeService host:pr-mpuissue-pdzcc-455137112 ip:192.168.69.65
2019-11-14 22:35:43,799 [Datanode State Machine Thread - 0] INFO  datanode.InitDatanodeState (InitDatanodeState.java:persistContainerDatanodeDetails(140)) - DatanodeDetails is persisted to /workdir/hadoop-ozone/integration-test/target/test-dir/MiniOzoneClusterImpl-479ab7c1-aba1-4cab-b6ff-ec51363c42af/datanode-4/meta/datanode.id
2019-11-14 22:35:43,805 [main] INFO  volume.HddsVolume (HddsVolume.java:<init>(176)) - Creating Volume: /workdir/hadoop-ozone/integration-test/target/test-dir/MiniOzoneClusterImpl-479ab7c1-aba1-4cab-b6ff-ec51363c42af/datanode-5/data/containers/hdds of  storage type : DISK and capacity : 1482555576320
2019-11-14 22:35:43,805 [main] INFO  volume.VolumeSet (VolumeSet.java:initializeVolumeSet(170)) - Added Volume : /workdir/hadoop-ozone/integration-test/target/test-dir/MiniOzoneClusterImpl-479ab7c1-aba1-4cab-b6ff-ec51363c42af/datanode-5/data/containers/hdds to VolumeSet
2019-11-14 22:35:43,805 [main] INFO  volume.ThrottledAsyncChecker (ThrottledAsyncChecker.java:schedule(141)) - Scheduling a check for /workdir/hadoop-ozone/integration-test/target/test-dir/MiniOzoneClusterImpl-479ab7c1-aba1-4cab-b6ff-ec51363c42af/datanode-5/data/containers/hdds
2019-11-14 22:35:43,806 [main] INFO  volume.HddsVolumeChecker (HddsVolumeChecker.java:checkAllVolumes(204)) - Scheduled health check for volume /workdir/hadoop-ozone/integration-test/target/test-dir/MiniOzoneClusterImpl-479ab7c1-aba1-4cab-b6ff-ec51363c42af/datanode-5/data/containers/hdds
2019-11-14 22:35:43,820 [main] INFO  impl.RaftServerProxy (ConfUtils.java:logGet(43)) - raft.rpc.type = GRPC (default)
2019-11-14 22:35:43,820 [main] INFO  grpc.GrpcFactory (GrpcFactory.java:checkPooledByteBufAllocatorUseCacheForAllThreads(45)) - PERFORMANCE WARNING: useCacheForAllThreads is true that may cause Netty to create a lot garbage objects and, as a result, trigger GC.
	It is recommended to disable useCacheForAllThreads by setting -Dorg.apache.ratis.thirdparty.io.netty.allocator.useCacheForAllThreads=false in command line.
2019-11-14 22:35:43,821 [main] INFO  grpc.GrpcConfigKeys$Server (ConfUtils.java:logGet(43)) - raft.grpc.server.port = 0 (default)
2019-11-14 22:35:43,821 [main] INFO  server.GrpcService (ConfUtils.java:logGet(43)) - raft.grpc.message.size.max = 33570816 (custom)
2019-11-14 22:35:43,821 [main] INFO  server.RaftServerConfigKeys (ConfUtils.java:logGet(43)) - raft.server.log.appender.buffer.byte-limit = 33554432 (custom)
2019-11-14 22:35:43,821 [main] INFO  server.GrpcService (ConfUtils.java:logGet(43)) - raft.grpc.flow.control.window = 1MB (=1048576) (default)
2019-11-14 22:35:43,821 [main] INFO  server.RaftServerConfigKeys (ConfUtils.java:logGet(43)) - raft.server.rpc.request.timeout = 3000ms (default)
2019-11-14 22:35:43,822 [main] INFO  server.RaftServerConfigKeys (ConfUtils.java:logGet(43)) - raft.server.storage.dir = [/workdir/hadoop-ozone/integration-test/target/test-dir/MiniOzoneClusterImpl-479ab7c1-aba1-4cab-b6ff-ec51363c42af/datanode-5/data/ratis] (custom)
2019-11-14 22:35:43,824 [main] INFO  hdfs.DFSUtil (DFSUtil.java:httpServerTemplateForNNAndJN(1641)) - Starting Web-server for hddsDatanode at: http://0.0.0.0:0
2019-11-14 22:35:43,826 [main] INFO  server.AuthenticationFilter (AuthenticationFilter.java:constructSecretProvider(240)) - Unable to initialize FileSignerSecretProvider, falling back to use random secrets.
2019-11-14 22:35:43,826 [main] WARN  http.HttpRequestLog (HttpRequestLog.java:getRequestLog(97)) - Jetty request log can only be enabled using Log4j
2019-11-14 22:35:43,827 [main] INFO  http.HttpServer2 (HttpServer2.java:addGlobalFilter(975)) - Added global filter 'safety' (class=org.apache.hadoop.http.HttpServer2$QuotingInputFilter)
2019-11-14 22:35:43,827 [main] INFO  http.HttpServer2 (HttpServer2.java:addFilter(948)) - Added filter static_user_filter (class=org.apache.hadoop.http.lib.StaticUserWebFilter$StaticUserFilter) to context hddsDatanode
2019-11-14 22:35:43,827 [main] INFO  http.HttpServer2 (HttpServer2.java:addFilter(958)) - Added filter static_user_filter (class=org.apache.hadoop.http.lib.StaticUserWebFilter$StaticUserFilter) to context logs
2019-11-14 22:35:43,828 [main] INFO  http.HttpServer2 (HttpServer2.java:addFilter(958)) - Added filter static_user_filter (class=org.apache.hadoop.http.lib.StaticUserWebFilter$StaticUserFilter) to context static
2019-11-14 22:35:43,828 [main] INFO  http.HttpServer2 (HttpServer2.java:bindListener(1191)) - Jetty bound to port 35442
2019-11-14 22:35:43,828 [main] INFO  server.Server (Server.java:doStart(351)) - jetty-9.3.25.v20180904, build timestamp: 2018-09-04T21:11:46Z, git hash: 3ce520221d0240229c862b122d2b06c12a625732
2019-11-14 22:35:43,830 [main] INFO  handler.ContextHandler (ContextHandler.java:doStart(781)) - Started o.e.j.s.ServletContextHandler@32456db0{/logs,file:///workdir/hadoop-ozone/integration-test/target/log,AVAILABLE}
2019-11-14 22:35:43,830 [main] INFO  handler.ContextHandler (ContextHandler.java:doStart(781)) - Started o.e.j.s.ServletContextHandler@58a2d9f9{/static,jar:file:/home/user/.m2/repository/org/apache/hadoop/hadoop-hdds-container-service/0.5.0-SNAPSHOT/hadoop-hdds-container-service-0.5.0-SNAPSHOT.jar!/webapps/static,AVAILABLE}
2019-11-14 22:35:43,860 [main] INFO  handler.ContextHandler (ContextHandler.java:doStart(781)) - Started o.e.j.w.WebAppContext@416d56f2{/,file:///tmp/jetty-0.0.0.0-35442-hddsDatanode-_-any-4182022607465511349.dir/webapp/,AVAILABLE}{/hddsDatanode}
2019-11-14 22:35:43,860 [main] INFO  server.AbstractConnector (AbstractConnector.java:doStart(278)) - Started ServerConnector@6e31d989{HTTP/1.1,[http/1.1]}{0.0.0.0:35442}
2019-11-14 22:35:43,861 [main] INFO  server.Server (Server.java:doStart(419)) - Started @70738ms
2019-11-14 22:35:43,861 [main] WARN  impl.MetricsSystemImpl (MetricsSystemImpl.java:register(276)) - Sink prometheus already exists!
2019-11-14 22:35:43,862 [main] INFO  server.BaseHttpServer (BaseHttpServer.java:updateConnectorAddress(215)) - HTTP server of HDDSDATANODE is listening at http://0.0.0.0:35442
2019-11-14 22:35:43,862 [main] INFO  ozone.MiniOzoneClusterImpl (MiniOzoneClusterImpl.java:lambda$waitForClusterToBeReady$2(171)) - Waiting for cluster to be ready. Got 0 of 6 DN Heartbeats.
2019-11-14 22:35:43,864 [org.apache.hadoop.util.JvmPauseMonitor$Monitor@1f991e04] INFO  util.JvmPauseMonitor (JvmPauseMonitor.java:run(188)) - Starting JVM pause monitor
2019-11-14 22:35:43,868 [Datanode State Machine Thread - 0] INFO  datanode.InitDatanodeState (InitDatanodeState.java:persistContainerDatanodeDetails(140)) - DatanodeDetails is persisted to /workdir/hadoop-ozone/integration-test/target/test-dir/MiniOzoneClusterImpl-479ab7c1-aba1-4cab-b6ff-ec51363c42af/datanode-5/meta/datanode.id
2019-11-14 22:35:44,863 [main] INFO  ozone.MiniOzoneClusterImpl (MiniOzoneClusterImpl.java:lambda$waitForClusterToBeReady$2(171)) - Waiting for cluster to be ready. Got 0 of 6 DN Heartbeats.
2019-11-14 22:35:45,516 [Datanode State Machine Thread - 0] INFO  ozoneimpl.OzoneContainer (OzoneContainer.java:start(230)) - Attempting to start container services.
2019-11-14 22:35:45,516 [Datanode State Machine Thread - 0] INFO  ozoneimpl.OzoneContainer (OzoneContainer.java:startContainerScrub(194)) - Background container scanner has been disabled.
2019-11-14 22:35:45,516 [Datanode State Machine Thread - 0] INFO  ratis.XceiverServerRatis (XceiverServerRatis.java:start(421)) - Starting XceiverServerRatis 2427739b-b0e6-43d8-8c20-3c7e368f4410 at port 0
2019-11-14 22:35:45,522 [Datanode State Machine Thread - 0] INFO  impl.RaftServerProxy (RaftServerProxy.java:lambda$start$3(299)) - 2427739b-b0e6-43d8-8c20-3c7e368f4410: start RPC server
2019-11-14 22:35:45,523 [Datanode State Machine Thread - 0] INFO  server.GrpcService (GrpcService.java:startImpl(158)) - 2427739b-b0e6-43d8-8c20-3c7e368f4410: GrpcService started, listening on 0.0.0.0/0.0.0.0:43712
2019-11-14 22:35:45,523 [Datanode State Machine Thread - 0] INFO  ratis.XceiverServerRatis (XceiverServerRatis.java:start(431)) - XceiverServerRatis 2427739b-b0e6-43d8-8c20-3c7e368f4410 is started using port 43712
2019-11-14 22:35:45,524 [Datanode State Machine Thread - 0] INFO  server.XceiverServerGrpc (XceiverServerGrpc.java:start(145)) - XceiverServerGrpc 2427739b-b0e6-43d8-8c20-3c7e368f4410 is started using port 44938
2019-11-14 22:35:45,583 [Datanode State Machine Thread - 0] INFO  ozoneimpl.OzoneContainer (OzoneContainer.java:start(230)) - Attempting to start container services.
2019-11-14 22:35:45,583 [Datanode State Machine Thread - 0] INFO  ozoneimpl.OzoneContainer (OzoneContainer.java:startContainerScrub(194)) - Background container scanner has been disabled.
2019-11-14 22:35:45,583 [Datanode State Machine Thread - 0] INFO  ratis.XceiverServerRatis (XceiverServerRatis.java:start(421)) - Starting XceiverServerRatis b7b0f9e6-a213-4288-a637-63e9f4ecb8f2 at port 0
2019-11-14 22:35:45,592 [Datanode State Machine Thread - 0] INFO  impl.RaftServerProxy (RaftServerProxy.java:lambda$start$3(299)) - b7b0f9e6-a213-4288-a637-63e9f4ecb8f2: start RPC server
2019-11-14 22:35:45,594 [Datanode State Machine Thread - 0] INFO  server.GrpcService (GrpcService.java:startImpl(158)) - b7b0f9e6-a213-4288-a637-63e9f4ecb8f2: GrpcService started, listening on 0.0.0.0/0.0.0.0:39870
2019-11-14 22:35:45,594 [Datanode State Machine Thread - 0] INFO  ratis.XceiverServerRatis (XceiverServerRatis.java:start(431)) - XceiverServerRatis b7b0f9e6-a213-4288-a637-63e9f4ecb8f2 is started using port 39870
2019-11-14 22:35:45,597 [Datanode State Machine Thread - 0] INFO  server.XceiverServerGrpc (XceiverServerGrpc.java:start(145)) - XceiverServerGrpc b7b0f9e6-a213-4288-a637-63e9f4ecb8f2 is started using port 40437
2019-11-14 22:35:45,641 [Datanode State Machine Thread - 0] INFO  ozoneimpl.OzoneContainer (OzoneContainer.java:start(230)) - Attempting to start container services.
2019-11-14 22:35:45,642 [Datanode State Machine Thread - 0] INFO  ozoneimpl.OzoneContainer (OzoneContainer.java:startContainerScrub(194)) - Background container scanner has been disabled.
2019-11-14 22:35:45,642 [Datanode State Machine Thread - 0] INFO  ratis.XceiverServerRatis (XceiverServerRatis.java:start(421)) - Starting XceiverServerRatis eb8bacec-1550-4eff-8b38-5938654b28d6 at port 0
2019-11-14 22:35:45,649 [Datanode State Machine Thread - 0] INFO  impl.RaftServerProxy (RaftServerProxy.java:lambda$start$3(299)) - eb8bacec-1550-4eff-8b38-5938654b28d6: start RPC server
2019-11-14 22:35:45,650 [Datanode State Machine Thread - 0] INFO  server.GrpcService (GrpcService.java:startImpl(158)) - eb8bacec-1550-4eff-8b38-5938654b28d6: GrpcService started, listening on 0.0.0.0/0.0.0.0:45501
2019-11-14 22:35:45,650 [Datanode State Machine Thread - 0] INFO  ratis.XceiverServerRatis (XceiverServerRatis.java:start(431)) - XceiverServerRatis eb8bacec-1550-4eff-8b38-5938654b28d6 is started using port 45501
2019-11-14 22:35:45,651 [Datanode State Machine Thread - 0] INFO  server.XceiverServerGrpc (XceiverServerGrpc.java:start(145)) - XceiverServerGrpc eb8bacec-1550-4eff-8b38-5938654b28d6 is started using port 35129
2019-11-14 22:35:45,749 [Datanode State Machine Thread - 0] INFO  ozoneimpl.OzoneContainer (OzoneContainer.java:start(230)) - Attempting to start container services.
2019-11-14 22:35:45,749 [Datanode State Machine Thread - 0] INFO  ozoneimpl.OzoneContainer (OzoneContainer.java:startContainerScrub(194)) - Background container scanner has been disabled.
2019-11-14 22:35:45,749 [Datanode State Machine Thread - 0] INFO  ratis.XceiverServerRatis (XceiverServerRatis.java:start(421)) - Starting XceiverServerRatis 71039d87-f713-4353-b155-a31bf00200f2 at port 0
2019-11-14 22:35:45,757 [Datanode State Machine Thread - 0] INFO  impl.RaftServerProxy (RaftServerProxy.java:lambda$start$3(299)) - 71039d87-f713-4353-b155-a31bf00200f2: start RPC server
2019-11-14 22:35:45,758 [Datanode State Machine Thread - 0] INFO  server.GrpcService (GrpcService.java:startImpl(158)) - 71039d87-f713-4353-b155-a31bf00200f2: GrpcService started, listening on 0.0.0.0/0.0.0.0:44128
2019-11-14 22:35:45,758 [Datanode State Machine Thread - 0] INFO  ratis.XceiverServerRatis (XceiverServerRatis.java:start(431)) - XceiverServerRatis 71039d87-f713-4353-b155-a31bf00200f2 is started using port 44128
2019-11-14 22:35:45,759 [Datanode State Machine Thread - 0] INFO  server.XceiverServerGrpc (XceiverServerGrpc.java:start(145)) - XceiverServerGrpc 71039d87-f713-4353-b155-a31bf00200f2 is started using port 45588
2019-11-14 22:35:45,814 [Datanode State Machine Thread - 0] INFO  ozoneimpl.OzoneContainer (OzoneContainer.java:start(230)) - Attempting to start container services.
2019-11-14 22:35:45,814 [Datanode State Machine Thread - 0] INFO  ozoneimpl.OzoneContainer (OzoneContainer.java:startContainerScrub(194)) - Background container scanner has been disabled.
2019-11-14 22:35:45,815 [Datanode State Machine Thread - 0] INFO  ratis.XceiverServerRatis (XceiverServerRatis.java:start(421)) - Starting XceiverServerRatis 76b3b274-17aa-4635-9ecc-8bffa687e80e at port 0
2019-11-14 22:35:45,822 [Datanode State Machine Thread - 0] INFO  impl.RaftServerProxy (RaftServerProxy.java:lambda$start$3(299)) - 76b3b274-17aa-4635-9ecc-8bffa687e80e: start RPC server
2019-11-14 22:35:45,823 [Datanode State Machine Thread - 0] INFO  server.GrpcService (GrpcService.java:startImpl(158)) - 76b3b274-17aa-4635-9ecc-8bffa687e80e: GrpcService started, listening on 0.0.0.0/0.0.0.0:46135
2019-11-14 22:35:45,823 [Datanode State Machine Thread - 0] INFO  ratis.XceiverServerRatis (XceiverServerRatis.java:start(431)) - XceiverServerRatis 76b3b274-17aa-4635-9ecc-8bffa687e80e is started using port 46135
2019-11-14 22:35:45,824 [Datanode State Machine Thread - 0] INFO  server.XceiverServerGrpc (XceiverServerGrpc.java:start(145)) - XceiverServerGrpc 76b3b274-17aa-4635-9ecc-8bffa687e80e is started using port 44368
2019-11-14 22:35:45,863 [main] INFO  ozone.MiniOzoneClusterImpl (MiniOzoneClusterImpl.java:lambda$waitForClusterToBeReady$2(171)) - Waiting for cluster to be ready. Got 0 of 6 DN Heartbeats.
2019-11-14 22:35:45,889 [Datanode State Machine Thread - 0] INFO  ozoneimpl.OzoneContainer (OzoneContainer.java:start(230)) - Attempting to start container services.
2019-11-14 22:35:45,889 [Datanode State Machine Thread - 0] INFO  ozoneimpl.OzoneContainer (OzoneContainer.java:startContainerScrub(194)) - Background container scanner has been disabled.
2019-11-14 22:35:45,889 [Datanode State Machine Thread - 0] INFO  ratis.XceiverServerRatis (XceiverServerRatis.java:start(421)) - Starting XceiverServerRatis 134e3363-1f82-43b5-a94b-e408c514013d at port 0
2019-11-14 22:35:45,897 [Datanode State Machine Thread - 0] INFO  impl.RaftServerProxy (RaftServerProxy.java:lambda$start$3(299)) - 134e3363-1f82-43b5-a94b-e408c514013d: start RPC server
2019-11-14 22:35:45,898 [Datanode State Machine Thread - 0] INFO  server.GrpcService (GrpcService.java:startImpl(158)) - 134e3363-1f82-43b5-a94b-e408c514013d: GrpcService started, listening on 0.0.0.0/0.0.0.0:38811
2019-11-14 22:35:45,898 [Datanode State Machine Thread - 0] INFO  ratis.XceiverServerRatis (XceiverServerRatis.java:start(431)) - XceiverServerRatis 134e3363-1f82-43b5-a94b-e408c514013d is started using port 38811
2019-11-14 22:35:45,900 [Datanode State Machine Thread - 0] INFO  server.XceiverServerGrpc (XceiverServerGrpc.java:start(145)) - XceiverServerGrpc 134e3363-1f82-43b5-a94b-e408c514013d is started using port 38663
2019-11-14 22:35:46,864 [main] INFO  ozone.MiniOzoneClusterImpl (MiniOzoneClusterImpl.java:lambda$waitForClusterToBeReady$2(171)) - Waiting for cluster to be ready. Got 0 of 6 DN Heartbeats.
2019-11-14 22:35:47,484 [IPC Server handler 5 on 33157] INFO  net.NetworkTopology (NetworkTopologyImpl.java:add(111)) - Added a new node: /default-rack/2427739b-b0e6-43d8-8c20-3c7e368f4410
2019-11-14 22:35:47,486 [IPC Server handler 5 on 33157] INFO  node.SCMNodeManager (SCMNodeManager.java:register(267)) - Registered Data node : 2427739b-b0e6-43d8-8c20-3c7e368f4410{ip: 192.168.69.65, host: pr-mpuissue-pdzcc-455137112, networkLocation: /default-rack, certSerialId: null}
2019-11-14 22:35:47,487 [EventQueue-NodeRegistrationContainerReportForDataNodeSafeModeRule] INFO  safemode.SCMSafeModeManager (DataNodeSafeModeRule.java:process(71)) - SCM in safe mode. 1 DataNodes registered, 1 required.
2019-11-14 22:35:47,488 [EventQueue-NodeRegistrationContainerReportForDataNodeSafeModeRule] INFO  safemode.SCMSafeModeManager (SCMSafeModeManager.java:validateSafeModeExitRules(177)) - ScmSafeModeManager, all rules are successfully validated
2019-11-14 22:35:47,488 [EventQueue-NodeRegistrationContainerReportForDataNodeSafeModeRule] INFO  safemode.SCMSafeModeManager (SCMSafeModeManager.java:exitSafeMode(193)) - SCM exiting safe mode.
2019-11-14 22:35:47,503 [grpc-default-executor-4] INFO  impl.RaftServerProxy (RaftServerProxy.java:addNew(89)) - 2427739b-b0e6-43d8-8c20-3c7e368f4410: addNew group-D0F0E96E7337:[2427739b-b0e6-43d8-8c20-3c7e368f4410:192.168.69.65:43712] returns group-D0F0E96E7337:java.util.concurrent.CompletableFuture@698e620f[Not completed]
2019-11-14 22:35:47,505 [pool-152-thread-1] INFO  impl.RaftServerImpl (RaftServerImpl.java:<init>(98)) - 2427739b-b0e6-43d8-8c20-3c7e368f4410: new RaftServerImpl for group-D0F0E96E7337:[2427739b-b0e6-43d8-8c20-3c7e368f4410:192.168.69.65:43712] with ContainerStateMachine:uninitialized
2019-11-14 22:35:47,505 [pool-152-thread-1] INFO  server.RaftServerConfigKeys (ConfUtils.java:logGet(43)) - raft.server.rpc.timeout.min = 1s (custom)
2019-11-14 22:35:47,505 [pool-152-thread-1] INFO  server.RaftServerConfigKeys (ConfUtils.java:logGet(43)) - raft.server.rpc.timeout.max = 1200ms (custom)
2019-11-14 22:35:47,505 [pool-152-thread-1] INFO  server.RaftServerConfigKeys (ConfUtils.java:logGet(43)) - raft.server.rpcslowness.timeout = 120s (custom)
2019-11-14 22:35:47,505 [pool-152-thread-1] INFO  server.RaftServerConfigKeys (ConfUtils.java:logGet(43)) - raft.server.sleep.deviation.threshold = 300 (default)
2019-11-14 22:35:47,505 [pool-152-thread-1] INFO  server.RaftServerConfigKeys (ConfUtils.java:logGet(43)) - raft.server.log.appender.install.snapshot.enabled = false (custom)
2019-11-14 22:35:47,506 [pool-152-thread-1] INFO  impl.RaftServerImpl (ServerState.java:<init>(103)) - 2427739b-b0e6-43d8-8c20-3c7e368f4410@group-D0F0E96E7337: ConfigurationManager, init=-1: [2427739b-b0e6-43d8-8c20-3c7e368f4410:192.168.69.65:43712], old=null, confs=<EMPTY_MAP>
2019-11-14 22:35:47,506 [pool-152-thread-1] INFO  server.RaftServerConfigKeys (ConfUtils.java:logGet(43)) - raft.server.storage.dir = [/workdir/hadoop-ozone/integration-test/target/test-dir/MiniOzoneClusterImpl-479ab7c1-aba1-4cab-b6ff-ec51363c42af/datanode-0/data/ratis] (custom)
2019-11-14 22:35:47,506 [pool-152-thread-1] INFO  server.RaftServerConfigKeys (ConfUtils.java:logGet(43)) - raft.server.log.corruption.policy = EXCEPTION (default)
2019-11-14 22:35:47,506 [pool-152-thread-1] INFO  storage.RaftStorageDirectory (RaftStorageDirectory.java:analyzeStorage(246)) - The storage directory /workdir/hadoop-ozone/integration-test/target/test-dir/MiniOzoneClusterImpl-479ab7c1-aba1-4cab-b6ff-ec51363c42af/datanode-0/data/ratis/c2ada068-14c3-4fc5-a063-d0f0e96e7337 does not exist. Creating ...
2019-11-14 22:35:47,530 [pool-152-thread-1] INFO  storage.RaftStorageDirectory (RaftStorageDirectory.java:tryLock(328)) - Lock on /workdir/hadoop-ozone/integration-test/target/test-dir/MiniOzoneClusterImpl-479ab7c1-aba1-4cab-b6ff-ec51363c42af/datanode-0/data/ratis/c2ada068-14c3-4fc5-a063-d0f0e96e7337/in_use.lock acquired by nodename 4158@pr-mpuissue-pdzcc-455137112
2019-11-14 22:35:47,554 [pool-152-thread-1] INFO  storage.RaftStorage (RaftStorage.java:format(84)) - Storage directory /workdir/hadoop-ozone/integration-test/target/test-dir/MiniOzoneClusterImpl-479ab7c1-aba1-4cab-b6ff-ec51363c42af/datanode-0/data/ratis/c2ada068-14c3-4fc5-a063-d0f0e96e7337 has been successfully formatted.
2019-11-14 22:35:47,555 [pool-152-thread-1] INFO  ratis.ContainerStateMachine (ContainerStateMachine.java:loadSnapshot(223)) - group-D0F0E96E7337: The snapshot info is null. Setting the last applied indexto:(t:0, i:~)
2019-11-14 22:35:47,555 [pool-152-thread-1] INFO  server.RaftServerConfigKeys (ConfUtils.java:logGet(43)) - raft.server.notification.no-leader.timeout = 120s (custom)
2019-11-14 22:35:47,555 [pool-152-thread-1] INFO  server.RaftServerConfigKeys (ConfUtils.java:logGet(43)) - raft.server.log.use.memory = false (default)
2019-11-14 22:35:47,555 [pool-152-thread-1] INFO  server.RaftServerConfigKeys (ConfUtils.java:logGet(43)) - raft.server.log.purge.gap = 1000000 (custom)
2019-11-14 22:35:47,555 [pool-152-thread-1] INFO  server.RaftServerConfigKeys (ConfUtils.java:logGet(43)) - raft.server.log.appender.buffer.byte-limit = 33554432 (custom)
2019-11-14 22:35:47,555 [pool-152-thread-1] INFO  server.RaftServerConfigKeys (ConfUtils.java:logGet(43)) - raft.server.log.segment.size.max = 1048576 (custom)
2019-11-14 22:35:47,555 [pool-152-thread-1] WARN  impl.MetricRegistriesImpl (MetricRegistriesImpl.java:lambda$create$1(61)) - First MetricRegistry has been created without registering reporters. You may need to call MetricRegistries.global().addReportRegistration(...) before.
2019-11-14 22:35:47,555 [pool-152-thread-1] INFO  server.RaftServerConfigKeys (ConfUtils.java:logGet(43)) - raft.server.log.segment.cache.num.max = 2 (custom)
2019-11-14 22:35:47,555 [pool-152-thread-1] INFO  segmented.SegmentedRaftLogWorker (SegmentedRaftLogWorker.java:<init>(173)) - new 2427739b-b0e6-43d8-8c20-3c7e368f4410@group-D0F0E96E7337-SegmentedRaftLogWorker for RaftStorage:Storage Directory /workdir/hadoop-ozone/integration-test/target/test-dir/MiniOzoneClusterImpl-479ab7c1-aba1-4cab-b6ff-ec51363c42af/datanode-0/data/ratis/c2ada068-14c3-4fc5-a063-d0f0e96e7337
2019-11-14 22:35:47,556 [pool-152-thread-1] INFO  server.RaftServerConfigKeys (ConfUtils.java:logGet(43)) - raft.server.log.queue.byte-limit = 2147483647 (custom)
2019-11-14 22:35:47,556 [pool-152-thread-1] INFO  server.RaftServerConfigKeys (ConfUtils.java:logGet(43)) - raft.server.log.queue.element-limit = 1024 (custom)
2019-11-14 22:35:47,556 [pool-152-thread-1] INFO  server.RaftServerConfigKeys (ConfUtils.java:logGet(43)) - raft.server.log.segment.size.max = 1048576 (custom)
2019-11-14 22:35:47,556 [pool-152-thread-1] INFO  server.RaftServerConfigKeys (ConfUtils.java:logGet(43)) - raft.server.log.preallocated.size = 16384 (custom)
2019-11-14 22:35:47,556 [pool-152-thread-1] INFO  server.RaftServerConfigKeys (ConfUtils.java:logGet(43)) - raft.server.log.write.buffer.size = 33554432 (custom)
2019-11-14 22:35:47,556 [pool-152-thread-1] INFO  server.RaftServerConfigKeys (ConfUtils.java:logGet(43)) - raft.server.log.force.sync.num = 128 (default)
2019-11-14 22:35:47,556 [pool-152-thread-1] INFO  server.RaftServerConfigKeys (ConfUtils.java:logGet(43)) - raft.server.log.statemachine.data.sync = true (default)
2019-11-14 22:35:47,556 [pool-152-thread-1] INFO  server.RaftServerConfigKeys (ConfUtils.java:logGet(43)) - raft.server.log.statemachine.data.sync.timeout = 10s (default)
2019-11-14 22:35:47,556 [pool-152-thread-1] INFO  server.RaftServerConfigKeys (ConfUtils.java:logGet(43)) - raft.server.log.statemachine.data.sync.timeout.retry = -1 (default)
2019-11-14 22:35:47,556 [pool-152-thread-1] INFO  server.RaftServerConfigKeys (ConfUtils.java:logGet(43)) - raft.server.log.statemachine.data.caching.enabled = true (custom)
2019-11-14 22:35:47,557 [pool-152-thread-1] INFO  segmented.SegmentedRaftLogWorker (SegmentedRaftLogWorker.java:lambda$new$0(128)) - 2427739b-b0e6-43d8-8c20-3c7e368f4410@group-D0F0E96E7337-SegmentedRaftLogWorker: flushIndex: setUnconditionally 0 -> -1
2019-11-14 22:35:47,557 [pool-152-thread-1] INFO  server.RaftServerConfigKeys (ConfUtils.java:logGet(43)) - raft.server.snapshot.auto.trigger.enabled = true (custom)
2019-11-14 22:35:47,557 [pool-152-thread-1] INFO  server.RaftServerConfigKeys (ConfUtils.java:logGet(43)) - raft.server.snapshot.auto.trigger.threshold = 10000 (custom)
2019-11-14 22:35:47,557 [pool-152-thread-1] INFO  server.RaftServerConfigKeys (ConfUtils.java:logGet(43)) - raft.server.snapshot.retention.file.num = 5 (custom)
2019-11-14 22:35:47,557 [pool-152-thread-1] INFO  server.RaftServerConfigKeys (ConfUtils.java:logGet(43)) - raft.server.retrycache.expirytime = 600000ms (custom)
2019-11-14 22:35:47,557 [pool-152-thread-1] WARN  impl.MetricRegistriesImpl (MetricRegistriesImpl.java:lambda$create$1(61)) - First MetricRegistry has been created without registering reporters. You may need to call MetricRegistries.global().addReportRegistration(...) before.
2019-11-14 22:35:47,557 [pool-152-thread-1] WARN  impl.MetricRegistriesImpl (MetricRegistriesImpl.java:lambda$create$1(61)) - First MetricRegistry has been created without registering reporters. You may need to call MetricRegistries.global().addReportRegistration(...) before.
2019-11-14 22:35:47,558 [pool-152-thread-1] INFO  impl.RaftServerImpl (RaftServerImpl.java:start(184)) - 2427739b-b0e6-43d8-8c20-3c7e368f4410@group-D0F0E96E7337: start as a follower, conf=-1: [2427739b-b0e6-43d8-8c20-3c7e368f4410:192.168.69.65:43712], old=null
2019-11-14 22:35:47,558 [pool-152-thread-1] INFO  impl.RaftServerImpl (RaftServerImpl.java:setRole(173)) - 2427739b-b0e6-43d8-8c20-3c7e368f4410@group-D0F0E96E7337: changes role from      null to FOLLOWER at term 0 for startAsFollower
2019-11-14 22:35:47,558 [pool-152-thread-1] INFO  impl.RoleInfo (RoleInfo.java:updateAndGet(143)) - 2427739b-b0e6-43d8-8c20-3c7e368f4410: start FollowerState
2019-11-14 22:35:47,558 [pool-152-thread-1] INFO  util.JmxRegister (JmxRegister.java:tryRegister(44)) - Successfully registered JMX Bean with object name Ratis:service=RaftServer,group=group-D0F0E96E7337,id=2427739b-b0e6-43d8-8c20-3c7e368f4410
2019-11-14 22:35:47,558 [pool-152-thread-1] WARN  impl.MetricRegistriesImpl (MetricRegistriesImpl.java:lambda$create$1(61)) - First MetricRegistry has been created without registering reporters. You may need to call MetricRegistries.global().addReportRegistration(...) before.
2019-11-14 22:35:47,559 [IPC Server handler 3 on 33157] INFO  net.NetworkTopology (NetworkTopologyImpl.java:add(111)) - Added a new node: /default-rack/b7b0f9e6-a213-4288-a637-63e9f4ecb8f2
2019-11-14 22:35:47,559 [IPC Server handler 3 on 33157] INFO  node.SCMNodeManager (SCMNodeManager.java:register(267)) - Registered Data node : b7b0f9e6-a213-4288-a637-63e9f4ecb8f2{ip: 192.168.69.65, host: pr-mpuissue-pdzcc-455137112, networkLocation: /default-rack, certSerialId: null}
2019-11-14 22:35:47,562 [RatisPipelineUtilsThread] INFO  pipeline.PipelineStateManager (PipelineStateManager.java:addPipeline(55)) - Created pipeline Pipeline[ Id: c2ada068-14c3-4fc5-a063-d0f0e96e7337, Nodes: 2427739b-b0e6-43d8-8c20-3c7e368f4410{ip: 192.168.69.65, host: pr-mpuissue-pdzcc-455137112, networkLocation: /default-rack, certSerialId: null}, Type:RATIS, Factor:ONE, State:ALLOCATED]
2019-11-14 22:35:47,569 [grpc-default-executor-4] INFO  impl.RaftServerProxy (RaftServerProxy.java:addNew(89)) - b7b0f9e6-a213-4288-a637-63e9f4ecb8f2: addNew group-3A92813B12FB:[b7b0f9e6-a213-4288-a637-63e9f4ecb8f2:192.168.69.65:39870] returns group-3A92813B12FB:java.util.concurrent.CompletableFuture@4539047e[Not completed]
2019-11-14 22:35:47,570 [pool-162-thread-1] INFO  impl.RaftServerImpl (RaftServerImpl.java:<init>(98)) - b7b0f9e6-a213-4288-a637-63e9f4ecb8f2: new RaftServerImpl for group-3A92813B12FB:[b7b0f9e6-a213-4288-a637-63e9f4ecb8f2:192.168.69.65:39870] with ContainerStateMachine:uninitialized
2019-11-14 22:35:47,570 [pool-162-thread-1] INFO  server.RaftServerConfigKeys (ConfUtils.java:logGet(43)) - raft.server.rpc.timeout.min = 1s (custom)
2019-11-14 22:35:47,570 [pool-162-thread-1] INFO  server.RaftServerConfigKeys (ConfUtils.java:logGet(43)) - raft.server.rpc.timeout.max = 1200ms (custom)
2019-11-14 22:35:47,570 [pool-162-thread-1] INFO  server.RaftServerConfigKeys (ConfUtils.java:logGet(43)) - raft.server.rpcslowness.timeout = 120s (custom)
2019-11-14 22:35:47,570 [pool-162-thread-1] INFO  server.RaftServerConfigKeys (ConfUtils.java:logGet(43)) - raft.server.sleep.deviation.threshold = 300 (default)
2019-11-14 22:35:47,570 [pool-162-thread-1] INFO  server.RaftServerConfigKeys (ConfUtils.java:logGet(43)) - raft.server.log.appender.install.snapshot.enabled = false (custom)
2019-11-14 22:35:47,571 [pool-162-thread-1] INFO  impl.RaftServerImpl (ServerState.java:<init>(103)) - b7b0f9e6-a213-4288-a637-63e9f4ecb8f2@group-3A92813B12FB: ConfigurationManager, init=-1: [b7b0f9e6-a213-4288-a637-63e9f4ecb8f2:192.168.69.65:39870], old=null, confs=<EMPTY_MAP>
2019-11-14 22:35:47,571 [pool-162-thread-1] INFO  server.RaftServerConfigKeys (ConfUtils.java:logGet(43)) - raft.server.storage.dir = [/workdir/hadoop-ozone/integration-test/target/test-dir/MiniOzoneClusterImpl-479ab7c1-aba1-4cab-b6ff-ec51363c42af/datanode-1/data/ratis] (custom)
2019-11-14 22:35:47,571 [pool-162-thread-1] INFO  server.RaftServerConfigKeys (ConfUtils.java:logGet(43)) - raft.server.log.corruption.policy = EXCEPTION (default)
2019-11-14 22:35:47,571 [pool-162-thread-1] INFO  storage.RaftStorageDirectory (RaftStorageDirectory.java:analyzeStorage(246)) - The storage directory /workdir/hadoop-ozone/integration-test/target/test-dir/MiniOzoneClusterImpl-479ab7c1-aba1-4cab-b6ff-ec51363c42af/datanode-1/data/ratis/a2c26cc9-1118-4c04-9478-3a92813b12fb does not exist. Creating ...
2019-11-14 22:35:47,594 [pool-162-thread-1] INFO  storage.RaftStorageDirectory (RaftStorageDirectory.java:tryLock(328)) - Lock on /workdir/hadoop-ozone/integration-test/target/test-dir/MiniOzoneClusterImpl-479ab7c1-aba1-4cab-b6ff-ec51363c42af/datanode-1/data/ratis/a2c26cc9-1118-4c04-9478-3a92813b12fb/in_use.lock acquired by nodename 4158@pr-mpuissue-pdzcc-455137112
2019-11-14 22:35:47,612 [pool-162-thread-1] INFO  storage.RaftStorage (RaftStorage.java:format(84)) - Storage directory /workdir/hadoop-ozone/integration-test/target/test-dir/MiniOzoneClusterImpl-479ab7c1-aba1-4cab-b6ff-ec51363c42af/datanode-1/data/ratis/a2c26cc9-1118-4c04-9478-3a92813b12fb has been successfully formatted.
2019-11-14 22:35:47,612 [pool-162-thread-1] INFO  ratis.ContainerStateMachine (ContainerStateMachine.java:loadSnapshot(223)) - group-3A92813B12FB: The snapshot info is null. Setting the last applied indexto:(t:0, i:~)
2019-11-14 22:35:47,612 [pool-162-thread-1] INFO  server.RaftServerConfigKeys (ConfUtils.java:logGet(43)) - raft.server.notification.no-leader.timeout = 120s (custom)
2019-11-14 22:35:47,612 [pool-162-thread-1] INFO  server.RaftServerConfigKeys (ConfUtils.java:logGet(43)) - raft.server.log.use.memory = false (default)
2019-11-14 22:35:47,612 [pool-162-thread-1] INFO  server.RaftServerConfigKeys (ConfUtils.java:logGet(43)) - raft.server.log.purge.gap = 1000000 (custom)
2019-11-14 22:35:47,612 [pool-162-thread-1] INFO  server.RaftServerConfigKeys (ConfUtils.java:logGet(43)) - raft.server.log.appender.buffer.byte-limit = 33554432 (custom)
2019-11-14 22:35:47,612 [pool-162-thread-1] INFO  server.RaftServerConfigKeys (ConfUtils.java:logGet(43)) - raft.server.log.segment.size.max = 1048576 (custom)
2019-11-14 22:35:47,613 [pool-162-thread-1] WARN  impl.MetricRegistriesImpl (MetricRegistriesImpl.java:lambda$create$1(61)) - First MetricRegistry has been created without registering reporters. You may need to call MetricRegistries.global().addReportRegistration(...) before.
2019-11-14 22:35:47,613 [pool-162-thread-1] INFO  server.RaftServerConfigKeys (ConfUtils.java:logGet(43)) - raft.server.log.segment.cache.num.max = 2 (custom)
2019-11-14 22:35:47,613 [pool-162-thread-1] INFO  segmented.SegmentedRaftLogWorker (SegmentedRaftLogWorker.java:<init>(173)) - new b7b0f9e6-a213-4288-a637-63e9f4ecb8f2@group-3A92813B12FB-SegmentedRaftLogWorker for RaftStorage:Storage Directory /workdir/hadoop-ozone/integration-test/target/test-dir/MiniOzoneClusterImpl-479ab7c1-aba1-4cab-b6ff-ec51363c42af/datanode-1/data/ratis/a2c26cc9-1118-4c04-9478-3a92813b12fb
2019-11-14 22:35:47,613 [pool-162-thread-1] INFO  server.RaftServerConfigKeys (ConfUtils.java:logGet(43)) - raft.server.log.queue.byte-limit = 2147483647 (custom)
2019-11-14 22:35:47,613 [pool-162-thread-1] INFO  server.RaftServerConfigKeys (ConfUtils.java:logGet(43)) - raft.server.log.queue.element-limit = 1024 (custom)
2019-11-14 22:35:47,613 [pool-162-thread-1] INFO  server.RaftServerConfigKeys (ConfUtils.java:logGet(43)) - raft.server.log.segment.size.max = 1048576 (custom)
2019-11-14 22:35:47,613 [pool-162-thread-1] INFO  server.RaftServerConfigKeys (ConfUtils.java:logGet(43)) - raft.server.log.preallocated.size = 16384 (custom)
2019-11-14 22:35:47,613 [pool-162-thread-1] INFO  server.RaftServerConfigKeys (ConfUtils.java:logGet(43)) - raft.server.log.write.buffer.size = 33554432 (custom)
2019-11-14 22:35:47,613 [pool-162-thread-1] INFO  server.RaftServerConfigKeys (ConfUtils.java:logGet(43)) - raft.server.log.force.sync.num = 128 (default)
2019-11-14 22:35:47,613 [pool-162-thread-1] INFO  server.RaftServerConfigKeys (ConfUtils.java:logGet(43)) - raft.server.log.statemachine.data.sync = true (default)
2019-11-14 22:35:47,614 [pool-162-thread-1] INFO  server.RaftServerConfigKeys (ConfUtils.java:logGet(43)) - raft.server.log.statemachine.data.sync.timeout = 10s (default)
2019-11-14 22:35:47,614 [pool-162-thread-1] INFO  server.RaftServerConfigKeys (ConfUtils.java:logGet(43)) - raft.server.log.statemachine.data.sync.timeout.retry = -1 (default)
2019-11-14 22:35:47,614 [pool-162-thread-1] INFO  server.RaftServerConfigKeys (ConfUtils.java:logGet(43)) - raft.server.log.statemachine.data.caching.enabled = true (custom)
2019-11-14 22:35:47,614 [pool-162-thread-1] INFO  segmented.SegmentedRaftLogWorker (SegmentedRaftLogWorker.java:lambda$new$0(128)) - b7b0f9e6-a213-4288-a637-63e9f4ecb8f2@group-3A92813B12FB-SegmentedRaftLogWorker: flushIndex: setUnconditionally 0 -> -1
2019-11-14 22:35:47,614 [pool-162-thread-1] INFO  server.RaftServerConfigKeys (ConfUtils.java:logGet(43)) - raft.server.snapshot.auto.trigger.enabled = true (custom)
2019-11-14 22:35:47,615 [pool-162-thread-1] INFO  server.RaftServerConfigKeys (ConfUtils.java:logGet(43)) - raft.server.snapshot.auto.trigger.threshold = 10000 (custom)
2019-11-14 22:35:47,615 [pool-162-thread-1] INFO  server.RaftServerConfigKeys (ConfUtils.java:logGet(43)) - raft.server.snapshot.retention.file.num = 5 (custom)
2019-11-14 22:35:47,615 [pool-162-thread-1] INFO  server.RaftServerConfigKeys (ConfUtils.java:logGet(43)) - raft.server.retrycache.expirytime = 600000ms (custom)
2019-11-14 22:35:47,615 [pool-162-thread-1] WARN  impl.MetricRegistriesImpl (MetricRegistriesImpl.java:lambda$create$1(61)) - First MetricRegistry has been created without registering reporters. You may need to call MetricRegistries.global().addReportRegistration(...) before.
2019-11-14 22:35:47,615 [pool-162-thread-1] WARN  impl.MetricRegistriesImpl (MetricRegistriesImpl.java:lambda$create$1(61)) - First MetricRegistry has been created without registering reporters. You may need to call MetricRegistries.global().addReportRegistration(...) before.
2019-11-14 22:35:47,615 [pool-162-thread-1] INFO  impl.RaftServerImpl (RaftServerImpl.java:start(184)) - b7b0f9e6-a213-4288-a637-63e9f4ecb8f2@group-3A92813B12FB: start as a follower, conf=-1: [b7b0f9e6-a213-4288-a637-63e9f4ecb8f2:192.168.69.65:39870], old=null
2019-11-14 22:35:47,615 [pool-162-thread-1] INFO  impl.RaftServerImpl (RaftServerImpl.java:setRole(173)) - b7b0f9e6-a213-4288-a637-63e9f4ecb8f2@group-3A92813B12FB: changes role from      null to FOLLOWER at term 0 for startAsFollower
2019-11-14 22:35:47,615 [pool-162-thread-1] INFO  impl.RoleInfo (RoleInfo.java:updateAndGet(143)) - b7b0f9e6-a213-4288-a637-63e9f4ecb8f2: start FollowerState
2019-11-14 22:35:47,616 [pool-162-thread-1] INFO  util.JmxRegister (JmxRegister.java:tryRegister(44)) - Successfully registered JMX Bean with object name Ratis:service=RaftServer,group=group-3A92813B12FB,id=b7b0f9e6-a213-4288-a637-63e9f4ecb8f2
2019-11-14 22:35:47,616 [pool-162-thread-1] WARN  impl.MetricRegistriesImpl (MetricRegistriesImpl.java:lambda$create$1(61)) - First MetricRegistry has been created without registering reporters. You may need to call MetricRegistries.global().addReportRegistration(...) before.
2019-11-14 22:35:47,618 [RatisPipelineUtilsThread] INFO  pipeline.PipelineStateManager (PipelineStateManager.java:addPipeline(55)) - Created pipeline Pipeline[ Id: a2c26cc9-1118-4c04-9478-3a92813b12fb, Nodes: b7b0f9e6-a213-4288-a637-63e9f4ecb8f2{ip: 192.168.69.65, host: pr-mpuissue-pdzcc-455137112, networkLocation: /default-rack, certSerialId: null}, Type:RATIS, Factor:ONE, State:ALLOCATED]
2019-11-14 22:35:47,623 [IPC Server handler 0 on 33157] INFO  net.NetworkTopology (NetworkTopologyImpl.java:add(111)) - Added a new node: /default-rack/eb8bacec-1550-4eff-8b38-5938654b28d6
2019-11-14 22:35:47,623 [IPC Server handler 0 on 33157] INFO  node.SCMNodeManager (SCMNodeManager.java:register(267)) - Registered Data node : eb8bacec-1550-4eff-8b38-5938654b28d6{ip: 192.168.69.65, host: pr-mpuissue-pdzcc-455137112, networkLocation: /default-rack, certSerialId: null}
2019-11-14 22:35:47,628 [grpc-default-executor-4] INFO  impl.RaftServerProxy (RaftServerProxy.java:addNew(89)) - eb8bacec-1550-4eff-8b38-5938654b28d6: addNew group-97B57FCEF67F:[eb8bacec-1550-4eff-8b38-5938654b28d6:192.168.69.65:45501] returns group-97B57FCEF67F:java.util.concurrent.CompletableFuture@5d20385[Not completed]
2019-11-14 22:35:47,629 [pool-172-thread-1] INFO  impl.RaftServerImpl (RaftServerImpl.java:<init>(98)) - eb8bacec-1550-4eff-8b38-5938654b28d6: new RaftServerImpl for group-97B57FCEF67F:[eb8bacec-1550-4eff-8b38-5938654b28d6:192.168.69.65:45501] with ContainerStateMachine:uninitialized
2019-11-14 22:35:47,629 [pool-172-thread-1] INFO  server.RaftServerConfigKeys (ConfUtils.java:logGet(43)) - raft.server.rpc.timeout.min = 1s (custom)
2019-11-14 22:35:47,629 [pool-172-thread-1] INFO  server.RaftServerConfigKeys (ConfUtils.java:logGet(43)) - raft.server.rpc.timeout.max = 1200ms (custom)
2019-11-14 22:35:47,629 [pool-172-thread-1] INFO  server.RaftServerConfigKeys (ConfUtils.java:logGet(43)) - raft.server.rpcslowness.timeout = 120s (custom)
2019-11-14 22:35:47,629 [pool-172-thread-1] INFO  server.RaftServerConfigKeys (ConfUtils.java:logGet(43)) - raft.server.sleep.deviation.threshold = 300 (default)
2019-11-14 22:35:47,630 [pool-172-thread-1] INFO  server.RaftServerConfigKeys (ConfUtils.java:logGet(43)) - raft.server.log.appender.install.snapshot.enabled = false (custom)
2019-11-14 22:35:47,630 [pool-172-thread-1] INFO  impl.RaftServerImpl (ServerState.java:<init>(103)) - eb8bacec-1550-4eff-8b38-5938654b28d6@group-97B57FCEF67F: ConfigurationManager, init=-1: [eb8bacec-1550-4eff-8b38-5938654b28d6:192.168.69.65:45501], old=null, confs=<EMPTY_MAP>
2019-11-14 22:35:47,630 [pool-172-thread-1] INFO  server.RaftServerConfigKeys (ConfUtils.java:logGet(43)) - raft.server.storage.dir = [/workdir/hadoop-ozone/integration-test/target/test-dir/MiniOzoneClusterImpl-479ab7c1-aba1-4cab-b6ff-ec51363c42af/datanode-2/data/ratis] (custom)
2019-11-14 22:35:47,630 [pool-172-thread-1] INFO  server.RaftServerConfigKeys (ConfUtils.java:logGet(43)) - raft.server.log.corruption.policy = EXCEPTION (default)
2019-11-14 22:35:47,630 [pool-172-thread-1] INFO  storage.RaftStorageDirectory (RaftStorageDirectory.java:analyzeStorage(246)) - The storage directory /workdir/hadoop-ozone/integration-test/target/test-dir/MiniOzoneClusterImpl-479ab7c1-aba1-4cab-b6ff-ec51363c42af/datanode-2/data/ratis/e967717a-be3b-4913-ac72-97b57fcef67f does not exist. Creating ...
2019-11-14 22:35:47,653 [pool-172-thread-1] INFO  storage.RaftStorageDirectory (RaftStorageDirectory.java:tryLock(328)) - Lock on /workdir/hadoop-ozone/integration-test/target/test-dir/MiniOzoneClusterImpl-479ab7c1-aba1-4cab-b6ff-ec51363c42af/datanode-2/data/ratis/e967717a-be3b-4913-ac72-97b57fcef67f/in_use.lock acquired by nodename 4158@pr-mpuissue-pdzcc-455137112
2019-11-14 22:35:47,676 [pool-172-thread-1] INFO  storage.RaftStorage (RaftStorage.java:format(84)) - Storage directory /workdir/hadoop-ozone/integration-test/target/test-dir/MiniOzoneClusterImpl-479ab7c1-aba1-4cab-b6ff-ec51363c42af/datanode-2/data/ratis/e967717a-be3b-4913-ac72-97b57fcef67f has been successfully formatted.
2019-11-14 22:35:47,676 [pool-172-thread-1] INFO  ratis.ContainerStateMachine (ContainerStateMachine.java:loadSnapshot(223)) - group-97B57FCEF67F: The snapshot info is null. Setting the last applied indexto:(t:0, i:~)
2019-11-14 22:35:47,676 [pool-172-thread-1] INFO  server.RaftServerConfigKeys (ConfUtils.java:logGet(43)) - raft.server.notification.no-leader.timeout = 120s (custom)
2019-11-14 22:35:47,676 [pool-172-thread-1] INFO  server.RaftServerConfigKeys (ConfUtils.java:logGet(43)) - raft.server.log.use.memory = false (default)
2019-11-14 22:35:47,677 [pool-172-thread-1] INFO  server.RaftServerConfigKeys (ConfUtils.java:logGet(43)) - raft.server.log.purge.gap = 1000000 (custom)
2019-11-14 22:35:47,677 [pool-172-thread-1] INFO  server.RaftServerConfigKeys (ConfUtils.java:logGet(43)) - raft.server.log.appender.buffer.byte-limit = 33554432 (custom)
2019-11-14 22:35:47,677 [pool-172-thread-1] INFO  server.RaftServerConfigKeys (ConfUtils.java:logGet(43)) - raft.server.log.segment.size.max = 1048576 (custom)
2019-11-14 22:35:47,677 [pool-172-thread-1] WARN  impl.MetricRegistriesImpl (MetricRegistriesImpl.java:lambda$create$1(61)) - First MetricRegistry has been created without registering reporters. You may need to call MetricRegistries.global().addReportRegistration(...) before.
2019-11-14 22:35:47,677 [pool-172-thread-1] INFO  server.RaftServerConfigKeys (ConfUtils.java:logGet(43)) - raft.server.log.segment.cache.num.max = 2 (custom)
2019-11-14 22:35:47,677 [pool-172-thread-1] INFO  segmented.SegmentedRaftLogWorker (SegmentedRaftLogWorker.java:<init>(173)) - new eb8bacec-1550-4eff-8b38-5938654b28d6@group-97B57FCEF67F-SegmentedRaftLogWorker for RaftStorage:Storage Directory /workdir/hadoop-ozone/integration-test/target/test-dir/MiniOzoneClusterImpl-479ab7c1-aba1-4cab-b6ff-ec51363c42af/datanode-2/data/ratis/e967717a-be3b-4913-ac72-97b57fcef67f
2019-11-14 22:35:47,677 [pool-172-thread-1] INFO  server.RaftServerConfigKeys (ConfUtils.java:logGet(43)) - raft.server.log.queue.byte-limit = 2147483647 (custom)
2019-11-14 22:35:47,677 [pool-172-thread-1] INFO  server.RaftServerConfigKeys (ConfUtils.java:logGet(43)) - raft.server.log.queue.element-limit = 1024 (custom)
2019-11-14 22:35:47,677 [pool-172-thread-1] INFO  server.RaftServerConfigKeys (ConfUtils.java:logGet(43)) - raft.server.log.segment.size.max = 1048576 (custom)
2019-11-14 22:35:47,677 [pool-172-thread-1] INFO  server.RaftServerConfigKeys (ConfUtils.java:logGet(43)) - raft.server.log.preallocated.size = 16384 (custom)
2019-11-14 22:35:47,677 [pool-172-thread-1] INFO  server.RaftServerConfigKeys (ConfUtils.java:logGet(43)) - raft.server.log.write.buffer.size = 33554432 (custom)
2019-11-14 22:35:47,677 [pool-172-thread-1] INFO  server.RaftServerConfigKeys (ConfUtils.java:logGet(43)) - raft.server.log.force.sync.num = 128 (default)
2019-11-14 22:35:47,678 [pool-172-thread-1] INFO  server.RaftServerConfigKeys (ConfUtils.java:logGet(43)) - raft.server.log.statemachine.data.sync = true (default)
2019-11-14 22:35:47,678 [pool-172-thread-1] INFO  server.RaftServerConfigKeys (ConfUtils.java:logGet(43)) - raft.server.log.statemachine.data.sync.timeout = 10s (default)
2019-11-14 22:35:47,678 [pool-172-thread-1] INFO  server.RaftServerConfigKeys (ConfUtils.java:logGet(43)) - raft.server.log.statemachine.data.sync.timeout.retry = -1 (default)
2019-11-14 22:35:47,678 [pool-172-thread-1] INFO  server.RaftServerConfigKeys (ConfUtils.java:logGet(43)) - raft.server.log.statemachine.data.caching.enabled = true (custom)
2019-11-14 22:35:47,678 [pool-172-thread-1] INFO  segmented.SegmentedRaftLogWorker (SegmentedRaftLogWorker.java:lambda$new$0(128)) - eb8bacec-1550-4eff-8b38-5938654b28d6@group-97B57FCEF67F-SegmentedRaftLogWorker: flushIndex: setUnconditionally 0 -> -1
2019-11-14 22:35:47,678 [pool-172-thread-1] INFO  server.RaftServerConfigKeys (ConfUtils.java:logGet(43)) - raft.server.snapshot.auto.trigger.enabled = true (custom)
2019-11-14 22:35:47,678 [pool-172-thread-1] INFO  server.RaftServerConfigKeys (ConfUtils.java:logGet(43)) - raft.server.snapshot.auto.trigger.threshold = 10000 (custom)
2019-11-14 22:35:47,678 [pool-172-thread-1] INFO  server.RaftServerConfigKeys (ConfUtils.java:logGet(43)) - raft.server.snapshot.retention.file.num = 5 (custom)
2019-11-14 22:35:47,679 [pool-172-thread-1] INFO  server.RaftServerConfigKeys (ConfUtils.java:logGet(43)) - raft.server.retrycache.expirytime = 600000ms (custom)
2019-11-14 22:35:47,679 [pool-172-thread-1] WARN  impl.MetricRegistriesImpl (MetricRegistriesImpl.java:lambda$create$1(61)) - First MetricRegistry has been created without registering reporters. You may need to call MetricRegistries.global().addReportRegistration(...) before.
2019-11-14 22:35:47,679 [pool-172-thread-1] WARN  impl.MetricRegistriesImpl (MetricRegistriesImpl.java:lambda$create$1(61)) - First MetricRegistry has been created without registering reporters. You may need to call MetricRegistries.global().addReportRegistration(...) before.
2019-11-14 22:35:47,679 [pool-172-thread-1] INFO  impl.RaftServerImpl (RaftServerImpl.java:start(184)) - eb8bacec-1550-4eff-8b38-5938654b28d6@group-97B57FCEF67F: start as a follower, conf=-1: [eb8bacec-1550-4eff-8b38-5938654b28d6:192.168.69.65:45501], old=null
2019-11-14 22:35:47,679 [pool-172-thread-1] INFO  impl.RaftServerImpl (RaftServerImpl.java:setRole(173)) - eb8bacec-1550-4eff-8b38-5938654b28d6@group-97B57FCEF67F: changes role from      null to FOLLOWER at term 0 for startAsFollower
2019-11-14 22:35:47,679 [pool-172-thread-1] INFO  impl.RoleInfo (RoleInfo.java:updateAndGet(143)) - eb8bacec-1550-4eff-8b38-5938654b28d6: start FollowerState
2019-11-14 22:35:47,679 [pool-172-thread-1] INFO  util.JmxRegister (JmxRegister.java:tryRegister(44)) - Successfully registered JMX Bean with object name Ratis:service=RaftServer,group=group-97B57FCEF67F,id=eb8bacec-1550-4eff-8b38-5938654b28d6
2019-11-14 22:35:47,680 [pool-172-thread-1] WARN  impl.MetricRegistriesImpl (MetricRegistriesImpl.java:lambda$create$1(61)) - First MetricRegistry has been created without registering reporters. You may need to call MetricRegistries.global().addReportRegistration(...) before.
2019-11-14 22:35:47,682 [RatisPipelineUtilsThread] INFO  pipeline.PipelineStateManager (PipelineStateManager.java:addPipeline(55)) - Created pipeline Pipeline[ Id: e967717a-be3b-4913-ac72-97b57fcef67f, Nodes: eb8bacec-1550-4eff-8b38-5938654b28d6{ip: 192.168.69.65, host: pr-mpuissue-pdzcc-455137112, networkLocation: /default-rack, certSerialId: null}, Type:RATIS, Factor:ONE, State:ALLOCATED]
2019-11-14 22:35:47,692 [grpc-default-executor-5] INFO  impl.RaftServerProxy (RaftServerProxy.java:addNew(89)) - eb8bacec-1550-4eff-8b38-5938654b28d6: addNew group-3C50ACF7E7AE:[2427739b-b0e6-43d8-8c20-3c7e368f4410:192.168.69.65:43712, b7b0f9e6-a213-4288-a637-63e9f4ecb8f2:192.168.69.65:39870, eb8bacec-1550-4eff-8b38-5938654b28d6:192.168.69.65:45501] returns group-3C50ACF7E7AE:java.util.concurrent.CompletableFuture@7201349d[Not completed]
2019-11-14 22:35:47,692 [grpc-default-executor-0] INFO  impl.RaftServerProxy (RaftServerProxy.java:addNew(89)) - b7b0f9e6-a213-4288-a637-63e9f4ecb8f2: addNew group-3C50ACF7E7AE:[2427739b-b0e6-43d8-8c20-3c7e368f4410:192.168.69.65:43712, b7b0f9e6-a213-4288-a637-63e9f4ecb8f2:192.168.69.65:39870, eb8bacec-1550-4eff-8b38-5938654b28d6:192.168.69.65:45501] returns group-3C50ACF7E7AE:java.util.concurrent.CompletableFuture@64dc234a[Not completed]
2019-11-14 22:35:47,692 [grpc-default-executor-4] INFO  impl.RaftServerProxy (RaftServerProxy.java:addNew(89)) - 2427739b-b0e6-43d8-8c20-3c7e368f4410: addNew group-3C50ACF7E7AE:[2427739b-b0e6-43d8-8c20-3c7e368f4410:192.168.69.65:43712, b7b0f9e6-a213-4288-a637-63e9f4ecb8f2:192.168.69.65:39870, eb8bacec-1550-4eff-8b38-5938654b28d6:192.168.69.65:45501] returns group-3C50ACF7E7AE:java.util.concurrent.CompletableFuture@3b0d6f99[Not completed]
2019-11-14 22:35:47,693 [pool-172-thread-1] INFO  impl.RaftServerImpl (RaftServerImpl.java:<init>(98)) - eb8bacec-1550-4eff-8b38-5938654b28d6: new RaftServerImpl for group-3C50ACF7E7AE:[2427739b-b0e6-43d8-8c20-3c7e368f4410:192.168.69.65:43712, b7b0f9e6-a213-4288-a637-63e9f4ecb8f2:192.168.69.65:39870, eb8bacec-1550-4eff-8b38-5938654b28d6:192.168.69.65:45501] with ContainerStateMachine:uninitialized
2019-11-14 22:35:47,694 [pool-172-thread-1] INFO  server.RaftServerConfigKeys (ConfUtils.java:logGet(43)) - raft.server.rpc.timeout.min = 1s (custom)
2019-11-14 22:35:47,694 [pool-172-thread-1] INFO  server.RaftServerConfigKeys (ConfUtils.java:logGet(43)) - raft.server.rpc.timeout.max = 1200ms (custom)
2019-11-14 22:35:47,694 [pool-152-thread-1] INFO  impl.RaftServerImpl (RaftServerImpl.java:<init>(98)) - 2427739b-b0e6-43d8-8c20-3c7e368f4410: new RaftServerImpl for group-3C50ACF7E7AE:[2427739b-b0e6-43d8-8c20-3c7e368f4410:192.168.69.65:43712, b7b0f9e6-a213-4288-a637-63e9f4ecb8f2:192.168.69.65:39870, eb8bacec-1550-4eff-8b38-5938654b28d6:192.168.69.65:45501] with ContainerStateMachine:uninitialized
2019-11-14 22:35:47,694 [pool-172-thread-1] INFO  server.RaftServerConfigKeys (ConfUtils.java:logGet(43)) - raft.server.rpcslowness.timeout = 120s (custom)
2019-11-14 22:35:47,694 [pool-152-thread-1] INFO  server.RaftServerConfigKeys (ConfUtils.java:logGet(43)) - raft.server.rpc.timeout.min = 1s (custom)
2019-11-14 22:35:47,694 [pool-172-thread-1] INFO  server.RaftServerConfigKeys (ConfUtils.java:logGet(43)) - raft.server.sleep.deviation.threshold = 300 (default)
2019-11-14 22:35:47,694 [pool-152-thread-1] INFO  server.RaftServerConfigKeys (ConfUtils.java:logGet(43)) - raft.server.rpc.timeout.max = 1200ms (custom)
2019-11-14 22:35:47,694 [pool-172-thread-1] INFO  server.RaftServerConfigKeys (ConfUtils.java:logGet(43)) - raft.server.log.appender.install.snapshot.enabled = false (custom)
2019-11-14 22:35:47,694 [pool-152-thread-1] INFO  server.RaftServerConfigKeys (ConfUtils.java:logGet(43)) - raft.server.rpcslowness.timeout = 120s (custom)
2019-11-14 22:35:47,694 [pool-162-thread-1] INFO  impl.RaftServerImpl (RaftServerImpl.java:<init>(98)) - b7b0f9e6-a213-4288-a637-63e9f4ecb8f2: new RaftServerImpl for group-3C50ACF7E7AE:[2427739b-b0e6-43d8-8c20-3c7e368f4410:192.168.69.65:43712, b7b0f9e6-a213-4288-a637-63e9f4ecb8f2:192.168.69.65:39870, eb8bacec-1550-4eff-8b38-5938654b28d6:192.168.69.65:45501] with ContainerStateMachine:uninitialized
2019-11-14 22:35:47,694 [pool-152-thread-1] INFO  server.RaftServerConfigKeys (ConfUtils.java:logGet(43)) - raft.server.sleep.deviation.threshold = 300 (default)
2019-11-14 22:35:47,694 [pool-172-thread-1] INFO  impl.RaftServerImpl (ServerState.java:<init>(103)) - eb8bacec-1550-4eff-8b38-5938654b28d6@group-3C50ACF7E7AE: ConfigurationManager, init=-1: [2427739b-b0e6-43d8-8c20-3c7e368f4410:192.168.69.65:43712, b7b0f9e6-a213-4288-a637-63e9f4ecb8f2:192.168.69.65:39870, eb8bacec-1550-4eff-8b38-5938654b28d6:192.168.69.65:45501], old=null, confs=<EMPTY_MAP>
2019-11-14 22:35:47,695 [pool-152-thread-1] INFO  server.RaftServerConfigKeys (ConfUtils.java:logGet(43)) - raft.server.log.appender.install.snapshot.enabled = false (custom)
2019-11-14 22:35:47,694 [pool-162-thread-1] INFO  server.RaftServerConfigKeys (ConfUtils.java:logGet(43)) - raft.server.rpc.timeout.min = 1s (custom)
2019-11-14 22:35:47,695 [pool-152-thread-1] INFO  impl.RaftServerImpl (ServerState.java:<init>(103)) - 2427739b-b0e6-43d8-8c20-3c7e368f4410@group-3C50ACF7E7AE: ConfigurationManager, init=-1: [2427739b-b0e6-43d8-8c20-3c7e368f4410:192.168.69.65:43712, b7b0f9e6-a213-4288-a637-63e9f4ecb8f2:192.168.69.65:39870, eb8bacec-1550-4eff-8b38-5938654b28d6:192.168.69.65:45501], old=null, confs=<EMPTY_MAP>
2019-11-14 22:35:47,695 [pool-172-thread-1] INFO  server.RaftServerConfigKeys (ConfUtils.java:logGet(43)) - raft.server.storage.dir = [/workdir/hadoop-ozone/integration-test/target/test-dir/MiniOzoneClusterImpl-479ab7c1-aba1-4cab-b6ff-ec51363c42af/datanode-2/data/ratis] (custom)
2019-11-14 22:35:47,695 [pool-152-thread-1] INFO  server.RaftServerConfigKeys (ConfUtils.java:logGet(43)) - raft.server.storage.dir = [/workdir/hadoop-ozone/integration-test/target/test-dir/MiniOzoneClusterImpl-479ab7c1-aba1-4cab-b6ff-ec51363c42af/datanode-0/data/ratis] (custom)
2019-11-14 22:35:47,695 [pool-162-thread-1] INFO  server.RaftServerConfigKeys (ConfUtils.java:logGet(43)) - raft.server.rpc.timeout.max = 1200ms (custom)
2019-11-14 22:35:47,695 [pool-162-thread-1] INFO  server.RaftServerConfigKeys (ConfUtils.java:logGet(43)) - raft.server.rpcslowness.timeout = 120s (custom)
2019-11-14 22:35:47,695 [pool-172-thread-1] INFO  server.RaftServerConfigKeys (ConfUtils.java:logGet(43)) - raft.server.log.corruption.policy = EXCEPTION (default)
2019-11-14 22:35:47,695 [pool-152-thread-1] INFO  server.RaftServerConfigKeys (ConfUtils.java:logGet(43)) - raft.server.log.corruption.policy = EXCEPTION (default)
2019-11-14 22:35:47,695 [pool-162-thread-1] INFO  server.RaftServerConfigKeys (ConfUtils.java:logGet(43)) - raft.server.sleep.deviation.threshold = 300 (default)
2019-11-14 22:35:47,695 [pool-172-thread-1] INFO  storage.RaftStorageDirectory (RaftStorageDirectory.java:analyzeStorage(246)) - The storage directory /workdir/hadoop-ozone/integration-test/target/test-dir/MiniOzoneClusterImpl-479ab7c1-aba1-4cab-b6ff-ec51363c42af/datanode-2/data/ratis/5faf9fdd-6bc8-466a-a581-3c50acf7e7ae does not exist. Creating ...
2019-11-14 22:35:47,696 [pool-152-thread-1] INFO  storage.RaftStorageDirectory (RaftStorageDirectory.java:analyzeStorage(246)) - The storage directory /workdir/hadoop-ozone/integration-test/target/test-dir/MiniOzoneClusterImpl-479ab7c1-aba1-4cab-b6ff-ec51363c42af/datanode-0/data/ratis/5faf9fdd-6bc8-466a-a581-3c50acf7e7ae does not exist. Creating ...
2019-11-14 22:35:47,695 [pool-162-thread-1] INFO  server.RaftServerConfigKeys (ConfUtils.java:logGet(43)) - raft.server.log.appender.install.snapshot.enabled = false (custom)
2019-11-14 22:35:47,696 [pool-162-thread-1] INFO  impl.RaftServerImpl (ServerState.java:<init>(103)) - b7b0f9e6-a213-4288-a637-63e9f4ecb8f2@group-3C50ACF7E7AE: ConfigurationManager, init=-1: [2427739b-b0e6-43d8-8c20-3c7e368f4410:192.168.69.65:43712, b7b0f9e6-a213-4288-a637-63e9f4ecb8f2:192.168.69.65:39870, eb8bacec-1550-4eff-8b38-5938654b28d6:192.168.69.65:45501], old=null, confs=<EMPTY_MAP>
2019-11-14 22:35:47,696 [pool-162-thread-1] INFO  server.RaftServerConfigKeys (ConfUtils.java:logGet(43)) - raft.server.storage.dir = [/workdir/hadoop-ozone/integration-test/target/test-dir/MiniOzoneClusterImpl-479ab7c1-aba1-4cab-b6ff-ec51363c42af/datanode-1/data/ratis] (custom)
2019-11-14 22:35:47,696 [pool-162-thread-1] INFO  server.RaftServerConfigKeys (ConfUtils.java:logGet(43)) - raft.server.log.corruption.policy = EXCEPTION (default)
2019-11-14 22:35:47,696 [pool-162-thread-1] INFO  storage.RaftStorageDirectory (RaftStorageDirectory.java:analyzeStorage(246)) - The storage directory /workdir/hadoop-ozone/integration-test/target/test-dir/MiniOzoneClusterImpl-479ab7c1-aba1-4cab-b6ff-ec51363c42af/datanode-1/data/ratis/5faf9fdd-6bc8-466a-a581-3c50acf7e7ae does not exist. Creating ...
2019-11-14 22:35:47,715 [IPC Server handler 1 on 33157] INFO  net.NetworkTopology (NetworkTopologyImpl.java:add(111)) - Added a new node: /default-rack/71039d87-f713-4353-b155-a31bf00200f2
2019-11-14 22:35:47,716 [IPC Server handler 1 on 33157] INFO  node.SCMNodeManager (SCMNodeManager.java:register(267)) - Registered Data node : 71039d87-f713-4353-b155-a31bf00200f2{ip: 192.168.69.65, host: pr-mpuissue-pdzcc-455137112, networkLocation: /default-rack, certSerialId: null}
2019-11-14 22:35:47,719 [pool-152-thread-1] INFO  storage.RaftStorageDirectory (RaftStorageDirectory.java:tryLock(328)) - Lock on /workdir/hadoop-ozone/integration-test/target/test-dir/MiniOzoneClusterImpl-479ab7c1-aba1-4cab-b6ff-ec51363c42af/datanode-0/data/ratis/5faf9fdd-6bc8-466a-a581-3c50acf7e7ae/in_use.lock acquired by nodename 4158@pr-mpuissue-pdzcc-455137112
2019-11-14 22:35:47,719 [pool-162-thread-1] INFO  storage.RaftStorageDirectory (RaftStorageDirectory.java:tryLock(328)) - Lock on /workdir/hadoop-ozone/integration-test/target/test-dir/MiniOzoneClusterImpl-479ab7c1-aba1-4cab-b6ff-ec51363c42af/datanode-1/data/ratis/5faf9fdd-6bc8-466a-a581-3c50acf7e7ae/in_use.lock acquired by nodename 4158@pr-mpuissue-pdzcc-455137112
2019-11-14 22:35:47,719 [pool-172-thread-1] INFO  storage.RaftStorageDirectory (RaftStorageDirectory.java:tryLock(328)) - Lock on /workdir/hadoop-ozone/integration-test/target/test-dir/MiniOzoneClusterImpl-479ab7c1-aba1-4cab-b6ff-ec51363c42af/datanode-2/data/ratis/5faf9fdd-6bc8-466a-a581-3c50acf7e7ae/in_use.lock acquired by nodename 4158@pr-mpuissue-pdzcc-455137112
2019-11-14 22:35:47,762 [pool-172-thread-1] INFO  storage.RaftStorage (RaftStorage.java:format(84)) - Storage directory /workdir/hadoop-ozone/integration-test/target/test-dir/MiniOzoneClusterImpl-479ab7c1-aba1-4cab-b6ff-ec51363c42af/datanode-2/data/ratis/5faf9fdd-6bc8-466a-a581-3c50acf7e7ae has been successfully formatted.
2019-11-14 22:35:47,762 [pool-152-thread-1] INFO  storage.RaftStorage (RaftStorage.java:format(84)) - Storage directory /workdir/hadoop-ozone/integration-test/target/test-dir/MiniOzoneClusterImpl-479ab7c1-aba1-4cab-b6ff-ec51363c42af/datanode-0/data/ratis/5faf9fdd-6bc8-466a-a581-3c50acf7e7ae has been successfully formatted.
2019-11-14 22:35:47,762 [pool-162-thread-1] INFO  storage.RaftStorage (RaftStorage.java:format(84)) - Storage directory /workdir/hadoop-ozone/integration-test/target/test-dir/MiniOzoneClusterImpl-479ab7c1-aba1-4cab-b6ff-ec51363c42af/datanode-1/data/ratis/5faf9fdd-6bc8-466a-a581-3c50acf7e7ae has been successfully formatted.
2019-11-14 22:35:47,762 [pool-172-thread-1] INFO  ratis.ContainerStateMachine (ContainerStateMachine.java:loadSnapshot(223)) - group-3C50ACF7E7AE: The snapshot info is null. Setting the last applied indexto:(t:0, i:~)
2019-11-14 22:35:47,762 [pool-162-thread-1] INFO  ratis.ContainerStateMachine (ContainerStateMachine.java:loadSnapshot(223)) - group-3C50ACF7E7AE: The snapshot info is null. Setting the last applied indexto:(t:0, i:~)
2019-11-14 22:35:47,762 [pool-152-thread-1] INFO  ratis.ContainerStateMachine (ContainerStateMachine.java:loadSnapshot(223)) - group-3C50ACF7E7AE: The snapshot info is null. Setting the last applied indexto:(t:0, i:~)
2019-11-14 22:35:47,762 [pool-162-thread-1] INFO  server.RaftServerConfigKeys (ConfUtils.java:logGet(43)) - raft.server.notification.no-leader.timeout = 120s (custom)
2019-11-14 22:35:47,762 [pool-172-thread-1] INFO  server.RaftServerConfigKeys (ConfUtils.java:logGet(43)) - raft.server.notification.no-leader.timeout = 120s (custom)
2019-11-14 22:35:47,763 [pool-162-thread-1] INFO  server.RaftServerConfigKeys (ConfUtils.java:logGet(43)) - raft.server.log.use.memory = false (default)
2019-11-14 22:35:47,763 [pool-152-thread-1] INFO  server.RaftServerConfigKeys (ConfUtils.java:logGet(43)) - raft.server.notification.no-leader.timeout = 120s (custom)
2019-11-14 22:35:47,763 [pool-162-thread-1] INFO  server.RaftServerConfigKeys (ConfUtils.java:logGet(43)) - raft.server.log.purge.gap = 1000000 (custom)
2019-11-14 22:35:47,763 [pool-172-thread-1] INFO  server.RaftServerConfigKeys (ConfUtils.java:logGet(43)) - raft.server.log.use.memory = false (default)
2019-11-14 22:35:47,763 [pool-162-thread-1] INFO  server.RaftServerConfigKeys (ConfUtils.java:logGet(43)) - raft.server.log.appender.buffer.byte-limit = 33554432 (custom)
2019-11-14 22:35:47,763 [pool-152-thread-1] INFO  server.RaftServerConfigKeys (ConfUtils.java:logGet(43)) - raft.server.log.use.memory = false (default)
2019-11-14 22:35:47,763 [pool-162-thread-1] INFO  server.RaftServerConfigKeys (ConfUtils.java:logGet(43)) - raft.server.log.segment.size.max = 1048576 (custom)
2019-11-14 22:35:47,763 [pool-172-thread-1] INFO  server.RaftServerConfigKeys (ConfUtils.java:logGet(43)) - raft.server.log.purge.gap = 1000000 (custom)
2019-11-14 22:35:47,763 [pool-162-thread-1] INFO  server.RaftServerConfigKeys (ConfUtils.java:logGet(43)) - raft.server.log.segment.cache.num.max = 2 (custom)
2019-11-14 22:35:47,763 [pool-152-thread-1] INFO  server.RaftServerConfigKeys (ConfUtils.java:logGet(43)) - raft.server.log.purge.gap = 1000000 (custom)
2019-11-14 22:35:47,764 [pool-162-thread-1] INFO  segmented.SegmentedRaftLogWorker (SegmentedRaftLogWorker.java:<init>(173)) - new b7b0f9e6-a213-4288-a637-63e9f4ecb8f2@group-3C50ACF7E7AE-SegmentedRaftLogWorker for RaftStorage:Storage Directory /workdir/hadoop-ozone/integration-test/target/test-dir/MiniOzoneClusterImpl-479ab7c1-aba1-4cab-b6ff-ec51363c42af/datanode-1/data/ratis/5faf9fdd-6bc8-466a-a581-3c50acf7e7ae
2019-11-14 22:35:47,764 [pool-172-thread-1] INFO  server.RaftServerConfigKeys (ConfUtils.java:logGet(43)) - raft.server.log.appender.buffer.byte-limit = 33554432 (custom)
2019-11-14 22:35:47,764 [pool-162-thread-1] INFO  server.RaftServerConfigKeys (ConfUtils.java:logGet(43)) - raft.server.log.queue.byte-limit = 2147483647 (custom)
2019-11-14 22:35:47,764 [pool-152-thread-1] INFO  server.RaftServerConfigKeys (ConfUtils.java:logGet(43)) - raft.server.log.appender.buffer.byte-limit = 33554432 (custom)
2019-11-14 22:35:47,764 [pool-162-thread-1] INFO  server.RaftServerConfigKeys (ConfUtils.java:logGet(43)) - raft.server.log.queue.element-limit = 1024 (custom)
2019-11-14 22:35:47,764 [pool-172-thread-1] INFO  server.RaftServerConfigKeys (ConfUtils.java:logGet(43)) - raft.server.log.segment.size.max = 1048576 (custom)
2019-11-14 22:35:47,764 [pool-162-thread-1] INFO  server.RaftServerConfigKeys (ConfUtils.java:logGet(43)) - raft.server.log.segment.size.max = 1048576 (custom)
2019-11-14 22:35:47,764 [pool-152-thread-1] INFO  server.RaftServerConfigKeys (ConfUtils.java:logGet(43)) - raft.server.log.segment.size.max = 1048576 (custom)
2019-11-14 22:35:47,765 [pool-162-thread-1] INFO  server.RaftServerConfigKeys (ConfUtils.java:logGet(43)) - raft.server.log.preallocated.size = 16384 (custom)
2019-11-14 22:35:47,764 [pool-172-thread-1] INFO  server.RaftServerConfigKeys (ConfUtils.java:logGet(43)) - raft.server.log.segment.cache.num.max = 2 (custom)
2019-11-14 22:35:47,765 [pool-162-thread-1] INFO  server.RaftServerConfigKeys (ConfUtils.java:logGet(43)) - raft.server.log.write.buffer.size = 33554432 (custom)
2019-11-14 22:35:47,765 [pool-152-thread-1] INFO  server.RaftServerConfigKeys (ConfUtils.java:logGet(43)) - raft.server.log.segment.cache.num.max = 2 (custom)
2019-11-14 22:35:47,765 [pool-162-thread-1] INFO  server.RaftServerConfigKeys (ConfUtils.java:logGet(43)) - raft.server.log.force.sync.num = 128 (default)
2019-11-14 22:35:47,765 [pool-172-thread-1] INFO  segmented.SegmentedRaftLogWorker (SegmentedRaftLogWorker.java:<init>(173)) - new eb8bacec-1550-4eff-8b38-5938654b28d6@group-3C50ACF7E7AE-SegmentedRaftLogWorker for RaftStorage:Storage Directory /workdir/hadoop-ozone/integration-test/target/test-dir/MiniOzoneClusterImpl-479ab7c1-aba1-4cab-b6ff-ec51363c42af/datanode-2/data/ratis/5faf9fdd-6bc8-466a-a581-3c50acf7e7ae
2019-11-14 22:35:47,765 [pool-162-thread-1] INFO  server.RaftServerConfigKeys (ConfUtils.java:logGet(43)) - raft.server.log.statemachine.data.sync = true (default)
2019-11-14 22:35:47,765 [pool-152-thread-1] INFO  segmented.SegmentedRaftLogWorker (SegmentedRaftLogWorker.java:<init>(173)) - new 2427739b-b0e6-43d8-8c20-3c7e368f4410@group-3C50ACF7E7AE-SegmentedRaftLogWorker for RaftStorage:Storage Directory /workdir/hadoop-ozone/integration-test/target/test-dir/MiniOzoneClusterImpl-479ab7c1-aba1-4cab-b6ff-ec51363c42af/datanode-0/data/ratis/5faf9fdd-6bc8-466a-a581-3c50acf7e7ae
2019-11-14 22:35:47,766 [pool-162-thread-1] INFO  server.RaftServerConfigKeys (ConfUtils.java:logGet(43)) - raft.server.log.statemachine.data.sync.timeout = 10s (default)
2019-11-14 22:35:47,765 [pool-172-thread-1] INFO  server.RaftServerConfigKeys (ConfUtils.java:logGet(43)) - raft.server.log.queue.byte-limit = 2147483647 (custom)
2019-11-14 22:35:47,766 [pool-162-thread-1] INFO  server.RaftServerConfigKeys (ConfUtils.java:logGet(43)) - raft.server.log.statemachine.data.sync.timeout.retry = -1 (default)
2019-11-14 22:35:47,766 [pool-152-thread-1] INFO  server.RaftServerConfigKeys (ConfUtils.java:logGet(43)) - raft.server.log.queue.byte-limit = 2147483647 (custom)
2019-11-14 22:35:47,766 [pool-162-thread-1] INFO  server.RaftServerConfigKeys (ConfUtils.java:logGet(43)) - raft.server.log.statemachine.data.caching.enabled = true (custom)
2019-11-14 22:35:47,766 [pool-172-thread-1] INFO  server.RaftServerConfigKeys (ConfUtils.java:logGet(43)) - raft.server.log.queue.element-limit = 1024 (custom)
2019-11-14 22:35:47,766 [pool-162-thread-1] INFO  segmented.SegmentedRaftLogWorker (SegmentedRaftLogWorker.java:lambda$new$0(128)) - b7b0f9e6-a213-4288-a637-63e9f4ecb8f2@group-3C50ACF7E7AE-SegmentedRaftLogWorker: flushIndex: setUnconditionally 0 -> -1
2019-11-14 22:35:47,766 [pool-152-thread-1] INFO  server.RaftServerConfigKeys (ConfUtils.java:logGet(43)) - raft.server.log.queue.element-limit = 1024 (custom)
2019-11-14 22:35:47,766 [pool-172-thread-1] INFO  server.RaftServerConfigKeys (ConfUtils.java:logGet(43)) - raft.server.log.segment.size.max = 1048576 (custom)
2019-11-14 22:35:47,766 [pool-162-thread-1] INFO  server.RaftServerConfigKeys (ConfUtils.java:logGet(43)) - raft.server.snapshot.auto.trigger.enabled = true (custom)
2019-11-14 22:35:47,766 [pool-152-thread-1] INFO  server.RaftServerConfigKeys (ConfUtils.java:logGet(43)) - raft.server.log.segment.size.max = 1048576 (custom)
2019-11-14 22:35:47,766 [pool-162-thread-1] INFO  server.RaftServerConfigKeys (ConfUtils.java:logGet(43)) - raft.server.snapshot.auto.trigger.threshold = 10000 (custom)
2019-11-14 22:35:47,766 [pool-172-thread-1] INFO  server.RaftServerConfigKeys (ConfUtils.java:logGet(43)) - raft.server.log.preallocated.size = 16384 (custom)
2019-11-14 22:35:47,767 [pool-162-thread-1] INFO  server.RaftServerConfigKeys (ConfUtils.java:logGet(43)) - raft.server.snapshot.retention.file.num = 5 (custom)
2019-11-14 22:35:47,767 [pool-152-thread-1] INFO  server.RaftServerConfigKeys (ConfUtils.java:logGet(43)) - raft.server.log.preallocated.size = 16384 (custom)
2019-11-14 22:35:47,767 [pool-162-thread-1] INFO  server.RaftServerConfigKeys (ConfUtils.java:logGet(43)) - raft.server.retrycache.expirytime = 600000ms (custom)
2019-11-14 22:35:47,767 [pool-172-thread-1] INFO  server.RaftServerConfigKeys (ConfUtils.java:logGet(43)) - raft.server.log.write.buffer.size = 33554432 (custom)
2019-11-14 22:35:47,767 [pool-162-thread-1] WARN  impl.MetricRegistriesImpl (MetricRegistriesImpl.java:lambda$create$1(61)) - First MetricRegistry has been created without registering reporters. You may need to call MetricRegistries.global().addReportRegistration(...) before.
2019-11-14 22:35:47,767 [pool-152-thread-1] INFO  server.RaftServerConfigKeys (ConfUtils.java:logGet(43)) - raft.server.log.write.buffer.size = 33554432 (custom)
2019-11-14 22:35:47,767 [pool-162-thread-1] WARN  impl.MetricRegistriesImpl (MetricRegistriesImpl.java:lambda$create$1(61)) - First MetricRegistry has been created without registering reporters. You may need to call MetricRegistries.global().addReportRegistration(...) before.
2019-11-14 22:35:47,767 [pool-172-thread-1] INFO  server.RaftServerConfigKeys (ConfUtils.java:logGet(43)) - raft.server.log.force.sync.num = 128 (default)
2019-11-14 22:35:47,767 [pool-152-thread-1] INFO  server.RaftServerConfigKeys (ConfUtils.java:logGet(43)) - raft.server.log.force.sync.num = 128 (default)
2019-11-14 22:35:47,767 [pool-162-thread-1] INFO  impl.RaftServerImpl (RaftServerImpl.java:start(184)) - b7b0f9e6-a213-4288-a637-63e9f4ecb8f2@group-3C50ACF7E7AE: start as a follower, conf=-1: [2427739b-b0e6-43d8-8c20-3c7e368f4410:192.168.69.65:43712, b7b0f9e6-a213-4288-a637-63e9f4ecb8f2:192.168.69.65:39870, eb8bacec-1550-4eff-8b38-5938654b28d6:192.168.69.65:45501], old=null
2019-11-14 22:35:47,767 [pool-172-thread-1] INFO  server.RaftServerConfigKeys (ConfUtils.java:logGet(43)) - raft.server.log.statemachine.data.sync = true (default)
2019-11-14 22:35:47,767 [pool-162-thread-1] INFO  impl.RaftServerImpl (RaftServerImpl.java:setRole(173)) - b7b0f9e6-a213-4288-a637-63e9f4ecb8f2@group-3C50ACF7E7AE: changes role from      null to FOLLOWER at term 0 for startAsFollower
2019-11-14 22:35:47,767 [pool-152-thread-1] INFO  server.RaftServerConfigKeys (ConfUtils.java:logGet(43)) - raft.server.log.statemachine.data.sync = true (default)
2019-11-14 22:35:47,768 [pool-162-thread-1] INFO  impl.RoleInfo (RoleInfo.java:updateAndGet(143)) - b7b0f9e6-a213-4288-a637-63e9f4ecb8f2: start FollowerState
2019-11-14 22:35:47,768 [pool-172-thread-1] INFO  server.RaftServerConfigKeys (ConfUtils.java:logGet(43)) - raft.server.log.statemachine.data.sync.timeout = 10s (default)
2019-11-14 22:35:47,768 [pool-152-thread-1] INFO  server.RaftServerConfigKeys (ConfUtils.java:logGet(43)) - raft.server.log.statemachine.data.sync.timeout = 10s (default)
2019-11-14 22:35:47,768 [pool-172-thread-1] INFO  server.RaftServerConfigKeys (ConfUtils.java:logGet(43)) - raft.server.log.statemachine.data.sync.timeout.retry = -1 (default)
2019-11-14 22:35:47,768 [pool-152-thread-1] INFO  server.RaftServerConfigKeys (ConfUtils.java:logGet(43)) - raft.server.log.statemachine.data.sync.timeout.retry = -1 (default)
2019-11-14 22:35:47,768 [pool-162-thread-1] INFO  util.JmxRegister (JmxRegister.java:tryRegister(44)) - Successfully registered JMX Bean with object name Ratis:service=RaftServer,group=group-3C50ACF7E7AE,id=b7b0f9e6-a213-4288-a637-63e9f4ecb8f2
2019-11-14 22:35:47,768 [pool-172-thread-1] INFO  server.RaftServerConfigKeys (ConfUtils.java:logGet(43)) - raft.server.log.statemachine.data.caching.enabled = true (custom)
2019-11-14 22:35:47,768 [pool-162-thread-1] WARN  impl.MetricRegistriesImpl (MetricRegistriesImpl.java:lambda$create$1(61)) - First MetricRegistry has been created without registering reporters. You may need to call MetricRegistries.global().addReportRegistration(...) before.
2019-11-14 22:35:47,768 [pool-152-thread-1] INFO  server.RaftServerConfigKeys (ConfUtils.java:logGet(43)) - raft.server.log.statemachine.data.caching.enabled = true (custom)
2019-11-14 22:35:47,768 [pool-172-thread-1] INFO  segmented.SegmentedRaftLogWorker (SegmentedRaftLogWorker.java:lambda$new$0(128)) - eb8bacec-1550-4eff-8b38-5938654b28d6@group-3C50ACF7E7AE-SegmentedRaftLogWorker: flushIndex: setUnconditionally 0 -> -1
2019-11-14 22:35:47,768 [pool-152-thread-1] INFO  segmented.SegmentedRaftLogWorker (SegmentedRaftLogWorker.java:lambda$new$0(128)) - 2427739b-b0e6-43d8-8c20-3c7e368f4410@group-3C50ACF7E7AE-SegmentedRaftLogWorker: flushIndex: setUnconditionally 0 -> -1
2019-11-14 22:35:47,769 [pool-172-thread-1] INFO  server.RaftServerConfigKeys (ConfUtils.java:logGet(43)) - raft.server.snapshot.auto.trigger.enabled = true (custom)
2019-11-14 22:35:47,769 [pool-172-thread-1] INFO  server.RaftServerConfigKeys (ConfUtils.java:logGet(43)) - raft.server.snapshot.auto.trigger.threshold = 10000 (custom)
2019-11-14 22:35:47,769 [pool-152-thread-1] INFO  server.RaftServerConfigKeys (ConfUtils.java:logGet(43)) - raft.server.snapshot.auto.trigger.enabled = true (custom)
2019-11-14 22:35:47,769 [pool-172-thread-1] INFO  server.RaftServerConfigKeys (ConfUtils.java:logGet(43)) - raft.server.snapshot.retention.file.num = 5 (custom)
2019-11-14 22:35:47,769 [pool-152-thread-1] INFO  server.RaftServerConfigKeys (ConfUtils.java:logGet(43)) - raft.server.snapshot.auto.trigger.threshold = 10000 (custom)
2019-11-14 22:35:47,769 [pool-172-thread-1] INFO  server.RaftServerConfigKeys (ConfUtils.java:logGet(43)) - raft.server.retrycache.expirytime = 600000ms (custom)
2019-11-14 22:35:47,769 [pool-152-thread-1] INFO  server.RaftServerConfigKeys (ConfUtils.java:logGet(43)) - raft.server.snapshot.retention.file.num = 5 (custom)
2019-11-14 22:35:47,769 [pool-172-thread-1] WARN  impl.MetricRegistriesImpl (MetricRegistriesImpl.java:lambda$create$1(61)) - First MetricRegistry has been created without registering reporters. You may need to call MetricRegistries.global().addReportRegistration(...) before.
2019-11-14 22:35:47,769 [pool-152-thread-1] INFO  server.RaftServerConfigKeys (ConfUtils.java:logGet(43)) - raft.server.retrycache.expirytime = 600000ms (custom)
2019-11-14 22:35:47,769 [pool-152-thread-1] WARN  impl.MetricRegistriesImpl (MetricRegistriesImpl.java:lambda$create$1(61)) - First MetricRegistry has been created without registering reporters. You may need to call MetricRegistries.global().addReportRegistration(...) before.
2019-11-14 22:35:47,769 [pool-152-thread-1] WARN  impl.MetricRegistriesImpl (MetricRegistriesImpl.java:lambda$create$1(61)) - First MetricRegistry has been created without registering reporters. You may need to call MetricRegistries.global().addReportRegistration(...) before.
2019-11-14 22:35:47,769 [pool-152-thread-1] INFO  impl.RaftServerImpl (RaftServerImpl.java:start(184)) - 2427739b-b0e6-43d8-8c20-3c7e368f4410@group-3C50ACF7E7AE: start as a follower, conf=-1: [2427739b-b0e6-43d8-8c20-3c7e368f4410:192.168.69.65:43712, b7b0f9e6-a213-4288-a637-63e9f4ecb8f2:192.168.69.65:39870, eb8bacec-1550-4eff-8b38-5938654b28d6:192.168.69.65:45501], old=null
2019-11-14 22:35:47,770 [pool-152-thread-1] INFO  impl.RaftServerImpl (RaftServerImpl.java:setRole(173)) - 2427739b-b0e6-43d8-8c20-3c7e368f4410@group-3C50ACF7E7AE: changes role from      null to FOLLOWER at term 0 for startAsFollower
2019-11-14 22:35:47,770 [pool-152-thread-1] INFO  impl.RoleInfo (RoleInfo.java:updateAndGet(143)) - 2427739b-b0e6-43d8-8c20-3c7e368f4410: start FollowerState
2019-11-14 22:35:47,769 [pool-172-thread-1] WARN  impl.MetricRegistriesImpl (MetricRegistriesImpl.java:lambda$create$1(61)) - First MetricRegistry has been created without registering reporters. You may need to call MetricRegistries.global().addReportRegistration(...) before.
2019-11-14 22:35:47,770 [pool-172-thread-1] INFO  impl.RaftServerImpl (RaftServerImpl.java:start(184)) - eb8bacec-1550-4eff-8b38-5938654b28d6@group-3C50ACF7E7AE: start as a follower, conf=-1: [2427739b-b0e6-43d8-8c20-3c7e368f4410:192.168.69.65:43712, b7b0f9e6-a213-4288-a637-63e9f4ecb8f2:192.168.69.65:39870, eb8bacec-1550-4eff-8b38-5938654b28d6:192.168.69.65:45501], old=null
2019-11-14 22:35:47,770 [pool-152-thread-1] INFO  util.JmxRegister (JmxRegister.java:tryRegister(44)) - Successfully registered JMX Bean with object name Ratis:service=RaftServer,group=group-3C50ACF7E7AE,id=2427739b-b0e6-43d8-8c20-3c7e368f4410
2019-11-14 22:35:47,770 [pool-172-thread-1] INFO  impl.RaftServerImpl (RaftServerImpl.java:setRole(173)) - eb8bacec-1550-4eff-8b38-5938654b28d6@group-3C50ACF7E7AE: changes role from      null to FOLLOWER at term 0 for startAsFollower
2019-11-14 22:35:47,770 [pool-152-thread-1] WARN  impl.MetricRegistriesImpl (MetricRegistriesImpl.java:lambda$create$1(61)) - First MetricRegistry has been created without registering reporters. You may need to call MetricRegistries.global().addReportRegistration(...) before.
2019-11-14 22:35:47,770 [pool-172-thread-1] INFO  impl.RoleInfo (RoleInfo.java:updateAndGet(143)) - eb8bacec-1550-4eff-8b38-5938654b28d6: start FollowerState
2019-11-14 22:35:47,771 [pool-172-thread-1] INFO  util.JmxRegister (JmxRegister.java:tryRegister(44)) - Successfully registered JMX Bean with object name Ratis:service=RaftServer,group=group-3C50ACF7E7AE,id=eb8bacec-1550-4eff-8b38-5938654b28d6
2019-11-14 22:35:47,771 [pool-172-thread-1] WARN  impl.MetricRegistriesImpl (MetricRegistriesImpl.java:lambda$create$1(61)) - First MetricRegistry has been created without registering reporters. You may need to call MetricRegistries.global().addReportRegistration(...) before.
2019-11-14 22:35:47,773 [RatisPipelineUtilsThread] INFO  pipeline.PipelineStateManager (PipelineStateManager.java:addPipeline(55)) - Created pipeline Pipeline[ Id: 5faf9fdd-6bc8-466a-a581-3c50acf7e7ae, Nodes: 2427739b-b0e6-43d8-8c20-3c7e368f4410{ip: 192.168.69.65, host: pr-mpuissue-pdzcc-455137112, networkLocation: /default-rack, certSerialId: null}eb8bacec-1550-4eff-8b38-5938654b28d6{ip: 192.168.69.65, host: pr-mpuissue-pdzcc-455137112, networkLocation: /default-rack, certSerialId: null}b7b0f9e6-a213-4288-a637-63e9f4ecb8f2{ip: 192.168.69.65, host: pr-mpuissue-pdzcc-455137112, networkLocation: /default-rack, certSerialId: null}, Type:RATIS, Factor:THREE, State:ALLOCATED]
2019-11-14 22:35:47,798 [IPC Server handler 4 on 33157] INFO  net.NetworkTopology (NetworkTopologyImpl.java:add(111)) - Added a new node: /default-rack/76b3b274-17aa-4635-9ecc-8bffa687e80e
2019-11-14 22:35:47,798 [IPC Server handler 4 on 33157] INFO  node.SCMNodeManager (SCMNodeManager.java:register(267)) - Registered Data node : 76b3b274-17aa-4635-9ecc-8bffa687e80e{ip: 192.168.69.65, host: pr-mpuissue-pdzcc-455137112, networkLocation: /default-rack, certSerialId: null}
2019-11-14 22:35:47,804 [grpc-default-executor-4] INFO  impl.RaftServerProxy (RaftServerProxy.java:addNew(89)) - 76b3b274-17aa-4635-9ecc-8bffa687e80e: addNew group-CA8941981A1D:[76b3b274-17aa-4635-9ecc-8bffa687e80e:192.168.69.65:46135] returns group-CA8941981A1D:java.util.concurrent.CompletableFuture@560835c2[Not completed]
2019-11-14 22:35:47,806 [pool-192-thread-1] INFO  impl.RaftServerImpl (RaftServerImpl.java:<init>(98)) - 76b3b274-17aa-4635-9ecc-8bffa687e80e: new RaftServerImpl for group-CA8941981A1D:[76b3b274-17aa-4635-9ecc-8bffa687e80e:192.168.69.65:46135] with ContainerStateMachine:uninitialized
2019-11-14 22:35:47,806 [pool-192-thread-1] INFO  server.RaftServerConfigKeys (ConfUtils.java:logGet(43)) - raft.server.rpc.timeout.min = 1s (custom)
2019-11-14 22:35:47,807 [pool-192-thread-1] INFO  server.RaftServerConfigKeys (ConfUtils.java:logGet(43)) - raft.server.rpc.timeout.max = 1200ms (custom)
2019-11-14 22:35:47,807 [pool-192-thread-1] INFO  server.RaftServerConfigKeys (ConfUtils.java:logGet(43)) - raft.server.rpcslowness.timeout = 120s (custom)
2019-11-14 22:35:47,807 [pool-192-thread-1] INFO  server.RaftServerConfigKeys (ConfUtils.java:logGet(43)) - raft.server.sleep.deviation.threshold = 300 (default)
2019-11-14 22:35:47,807 [pool-192-thread-1] INFO  server.RaftServerConfigKeys (ConfUtils.java:logGet(43)) - raft.server.log.appender.install.snapshot.enabled = false (custom)
2019-11-14 22:35:47,807 [pool-192-thread-1] INFO  impl.RaftServerImpl (ServerState.java:<init>(103)) - 76b3b274-17aa-4635-9ecc-8bffa687e80e@group-CA8941981A1D: ConfigurationManager, init=-1: [76b3b274-17aa-4635-9ecc-8bffa687e80e:192.168.69.65:46135], old=null, confs=<EMPTY_MAP>
2019-11-14 22:35:47,807 [pool-192-thread-1] INFO  server.RaftServerConfigKeys (ConfUtils.java:logGet(43)) - raft.server.storage.dir = [/workdir/hadoop-ozone/integration-test/target/test-dir/MiniOzoneClusterImpl-479ab7c1-aba1-4cab-b6ff-ec51363c42af/datanode-4/data/ratis] (custom)
2019-11-14 22:35:47,808 [pool-192-thread-1] INFO  server.RaftServerConfigKeys (ConfUtils.java:logGet(43)) - raft.server.log.corruption.policy = EXCEPTION (default)
2019-11-14 22:35:47,808 [pool-192-thread-1] INFO  storage.RaftStorageDirectory (RaftStorageDirectory.java:analyzeStorage(246)) - The storage directory /workdir/hadoop-ozone/integration-test/target/test-dir/MiniOzoneClusterImpl-479ab7c1-aba1-4cab-b6ff-ec51363c42af/datanode-4/data/ratis/f7a8f441-bfe6-4f96-90c1-ca8941981a1d does not exist. Creating ...
2019-11-14 22:35:47,832 [pool-192-thread-1] INFO  storage.RaftStorageDirectory (RaftStorageDirectory.java:tryLock(328)) - Lock on /workdir/hadoop-ozone/integration-test/target/test-dir/MiniOzoneClusterImpl-479ab7c1-aba1-4cab-b6ff-ec51363c42af/datanode-4/data/ratis/f7a8f441-bfe6-4f96-90c1-ca8941981a1d/in_use.lock acquired by nodename 4158@pr-mpuissue-pdzcc-455137112
2019-11-14 22:35:47,848 [pool-192-thread-1] INFO  storage.RaftStorage (RaftStorage.java:format(84)) - Storage directory /workdir/hadoop-ozone/integration-test/target/test-dir/MiniOzoneClusterImpl-479ab7c1-aba1-4cab-b6ff-ec51363c42af/datanode-4/data/ratis/f7a8f441-bfe6-4f96-90c1-ca8941981a1d has been successfully formatted.
2019-11-14 22:35:47,848 [pool-192-thread-1] INFO  ratis.ContainerStateMachine (ContainerStateMachine.java:loadSnapshot(223)) - group-CA8941981A1D: The snapshot info is null. Setting the last applied indexto:(t:0, i:~)
2019-11-14 22:35:47,848 [pool-192-thread-1] INFO  server.RaftServerConfigKeys (ConfUtils.java:logGet(43)) - raft.server.notification.no-leader.timeout = 120s (custom)
2019-11-14 22:35:47,848 [pool-192-thread-1] INFO  server.RaftServerConfigKeys (ConfUtils.java:logGet(43)) - raft.server.log.use.memory = false (default)
2019-11-14 22:35:47,848 [pool-192-thread-1] INFO  server.RaftServerConfigKeys (ConfUtils.java:logGet(43)) - raft.server.log.purge.gap = 1000000 (custom)
2019-11-14 22:35:47,848 [pool-192-thread-1] INFO  server.RaftServerConfigKeys (ConfUtils.java:logGet(43)) - raft.server.log.appender.buffer.byte-limit = 33554432 (custom)
2019-11-14 22:35:47,849 [pool-192-thread-1] INFO  server.RaftServerConfigKeys (ConfUtils.java:logGet(43)) - raft.server.log.segment.size.max = 1048576 (custom)
2019-11-14 22:35:47,849 [pool-192-thread-1] WARN  impl.MetricRegistriesImpl (MetricRegistriesImpl.java:lambda$create$1(61)) - First MetricRegistry has been created without registering reporters. You may need to call MetricRegistries.global().addReportRegistration(...) before.
2019-11-14 22:35:47,849 [pool-192-thread-1] INFO  server.RaftServerConfigKeys (ConfUtils.java:logGet(43)) - raft.server.log.segment.cache.num.max = 2 (custom)
2019-11-14 22:35:47,849 [pool-192-thread-1] INFO  segmented.SegmentedRaftLogWorker (SegmentedRaftLogWorker.java:<init>(173)) - new 76b3b274-17aa-4635-9ecc-8bffa687e80e@group-CA8941981A1D-SegmentedRaftLogWorker for RaftStorage:Storage Directory /workdir/hadoop-ozone/integration-test/target/test-dir/MiniOzoneClusterImpl-479ab7c1-aba1-4cab-b6ff-ec51363c42af/datanode-4/data/ratis/f7a8f441-bfe6-4f96-90c1-ca8941981a1d
2019-11-14 22:35:47,849 [pool-192-thread-1] INFO  server.RaftServerConfigKeys (ConfUtils.java:logGet(43)) - raft.server.log.queue.byte-limit = 2147483647 (custom)
2019-11-14 22:35:47,849 [pool-192-thread-1] INFO  server.RaftServerConfigKeys (ConfUtils.java:logGet(43)) - raft.server.log.queue.element-limit = 1024 (custom)
2019-11-14 22:35:47,849 [pool-192-thread-1] INFO  server.RaftServerConfigKeys (ConfUtils.java:logGet(43)) - raft.server.log.segment.size.max = 1048576 (custom)
2019-11-14 22:35:47,850 [pool-192-thread-1] INFO  server.RaftServerConfigKeys (ConfUtils.java:logGet(43)) - raft.server.log.preallocated.size = 16384 (custom)
2019-11-14 22:35:47,850 [pool-192-thread-1] INFO  server.RaftServerConfigKeys (ConfUtils.java:logGet(43)) - raft.server.log.write.buffer.size = 33554432 (custom)
2019-11-14 22:35:47,850 [pool-192-thread-1] INFO  server.RaftServerConfigKeys (ConfUtils.java:logGet(43)) - raft.server.log.force.sync.num = 128 (default)
2019-11-14 22:35:47,850 [pool-192-thread-1] INFO  server.RaftServerConfigKeys (ConfUtils.java:logGet(43)) - raft.server.log.statemachine.data.sync = true (default)
2019-11-14 22:35:47,850 [pool-192-thread-1] INFO  server.RaftServerConfigKeys (ConfUtils.java:logGet(43)) - raft.server.log.statemachine.data.sync.timeout = 10s (default)
2019-11-14 22:35:47,850 [pool-192-thread-1] INFO  server.RaftServerConfigKeys (ConfUtils.java:logGet(43)) - raft.server.log.statemachine.data.sync.timeout.retry = -1 (default)
2019-11-14 22:35:47,850 [pool-192-thread-1] INFO  server.RaftServerConfigKeys (ConfUtils.java:logGet(43)) - raft.server.log.statemachine.data.caching.enabled = true (custom)
2019-11-14 22:35:47,852 [pool-192-thread-1] INFO  segmented.SegmentedRaftLogWorker (SegmentedRaftLogWorker.java:lambda$new$0(128)) - 76b3b274-17aa-4635-9ecc-8bffa687e80e@group-CA8941981A1D-SegmentedRaftLogWorker: flushIndex: setUnconditionally 0 -> -1
2019-11-14 22:35:47,852 [pool-192-thread-1] INFO  server.RaftServerConfigKeys (ConfUtils.java:logGet(43)) - raft.server.snapshot.auto.trigger.enabled = true (custom)
2019-11-14 22:35:47,852 [pool-192-thread-1] INFO  server.RaftServerConfigKeys (ConfUtils.java:logGet(43)) - raft.server.snapshot.auto.trigger.threshold = 10000 (custom)
2019-11-14 22:35:47,852 [pool-192-thread-1] INFO  server.RaftServerConfigKeys (ConfUtils.java:logGet(43)) - raft.server.snapshot.retention.file.num = 5 (custom)
2019-11-14 22:35:47,852 [pool-192-thread-1] INFO  server.RaftServerConfigKeys (ConfUtils.java:logGet(43)) - raft.server.retrycache.expirytime = 600000ms (custom)
2019-11-14 22:35:47,853 [pool-192-thread-1] WARN  impl.MetricRegistriesImpl (MetricRegistriesImpl.java:lambda$create$1(61)) - First MetricRegistry has been created without registering reporters. You may need to call MetricRegistries.global().addReportRegistration(...) before.
2019-11-14 22:35:47,853 [pool-192-thread-1] WARN  impl.MetricRegistriesImpl (MetricRegistriesImpl.java:lambda$create$1(61)) - First MetricRegistry has been created without registering reporters. You may need to call MetricRegistries.global().addReportRegistration(...) before.
2019-11-14 22:35:47,853 [pool-192-thread-1] INFO  impl.RaftServerImpl (RaftServerImpl.java:start(184)) - 76b3b274-17aa-4635-9ecc-8bffa687e80e@group-CA8941981A1D: start as a follower, conf=-1: [76b3b274-17aa-4635-9ecc-8bffa687e80e:192.168.69.65:46135], old=null
2019-11-14 22:35:47,853 [pool-192-thread-1] INFO  impl.RaftServerImpl (RaftServerImpl.java:setRole(173)) - 76b3b274-17aa-4635-9ecc-8bffa687e80e@group-CA8941981A1D: changes role from      null to FOLLOWER at term 0 for startAsFollower
2019-11-14 22:35:47,853 [pool-192-thread-1] INFO  impl.RoleInfo (RoleInfo.java:updateAndGet(143)) - 76b3b274-17aa-4635-9ecc-8bffa687e80e: start FollowerState
2019-11-14 22:35:47,854 [pool-192-thread-1] INFO  util.JmxRegister (JmxRegister.java:tryRegister(44)) - Successfully registered JMX Bean with object name Ratis:service=RaftServer,group=group-CA8941981A1D,id=76b3b274-17aa-4635-9ecc-8bffa687e80e
2019-11-14 22:35:47,854 [pool-192-thread-1] WARN  impl.MetricRegistriesImpl (MetricRegistriesImpl.java:lambda$create$1(61)) - First MetricRegistry has been created without registering reporters. You may need to call MetricRegistries.global().addReportRegistration(...) before.
2019-11-14 22:35:47,856 [RatisPipelineUtilsThread] INFO  pipeline.PipelineStateManager (PipelineStateManager.java:addPipeline(55)) - Created pipeline Pipeline[ Id: f7a8f441-bfe6-4f96-90c1-ca8941981a1d, Nodes: 76b3b274-17aa-4635-9ecc-8bffa687e80e{ip: 192.168.69.65, host: pr-mpuissue-pdzcc-455137112, networkLocation: /default-rack, certSerialId: null}, Type:RATIS, Factor:ONE, State:ALLOCATED]
2019-11-14 22:35:47,863 [grpc-default-executor-4] INFO  impl.RaftServerProxy (RaftServerProxy.java:addNew(89)) - 71039d87-f713-4353-b155-a31bf00200f2: addNew group-22D9F267A6BB:[71039d87-f713-4353-b155-a31bf00200f2:192.168.69.65:44128] returns group-22D9F267A6BB:java.util.concurrent.CompletableFuture@4c713a6d[Not completed]
2019-11-14 22:35:47,864 [pool-182-thread-1] INFO  impl.RaftServerImpl (RaftServerImpl.java:<init>(98)) - 71039d87-f713-4353-b155-a31bf00200f2: new RaftServerImpl for group-22D9F267A6BB:[71039d87-f713-4353-b155-a31bf00200f2:192.168.69.65:44128] with ContainerStateMachine:uninitialized
2019-11-14 22:35:47,865 [IPC Server handler 2 on 33157] INFO  net.NetworkTopology (NetworkTopologyImpl.java:add(111)) - Added a new node: /default-rack/134e3363-1f82-43b5-a94b-e408c514013d
2019-11-14 22:35:47,865 [pool-182-thread-1] INFO  server.RaftServerConfigKeys (ConfUtils.java:logGet(43)) - raft.server.rpc.timeout.min = 1s (custom)
2019-11-14 22:35:47,865 [IPC Server handler 2 on 33157] INFO  node.SCMNodeManager (SCMNodeManager.java:register(267)) - Registered Data node : 134e3363-1f82-43b5-a94b-e408c514013d{ip: 192.168.69.65, host: pr-mpuissue-pdzcc-455137112, networkLocation: /default-rack, certSerialId: null}
2019-11-14 22:35:47,865 [pool-182-thread-1] INFO  server.RaftServerConfigKeys (ConfUtils.java:logGet(43)) - raft.server.rpc.timeout.max = 1200ms (custom)
2019-11-14 22:35:47,865 [pool-182-thread-1] INFO  server.RaftServerConfigKeys (ConfUtils.java:logGet(43)) - raft.server.rpcslowness.timeout = 120s (custom)
2019-11-14 22:35:47,865 [pool-182-thread-1] INFO  server.RaftServerConfigKeys (ConfUtils.java:logGet(43)) - raft.server.sleep.deviation.threshold = 300 (default)
2019-11-14 22:35:47,866 [pool-182-thread-1] INFO  server.RaftServerConfigKeys (ConfUtils.java:logGet(43)) - raft.server.log.appender.install.snapshot.enabled = false (custom)
2019-11-14 22:35:47,866 [pool-182-thread-1] INFO  impl.RaftServerImpl (ServerState.java:<init>(103)) - 71039d87-f713-4353-b155-a31bf00200f2@group-22D9F267A6BB: ConfigurationManager, init=-1: [71039d87-f713-4353-b155-a31bf00200f2:192.168.69.65:44128], old=null, confs=<EMPTY_MAP>
2019-11-14 22:35:47,866 [pool-182-thread-1] INFO  server.RaftServerConfigKeys (ConfUtils.java:logGet(43)) - raft.server.storage.dir = [/workdir/hadoop-ozone/integration-test/target/test-dir/MiniOzoneClusterImpl-479ab7c1-aba1-4cab-b6ff-ec51363c42af/datanode-3/data/ratis] (custom)
2019-11-14 22:35:47,866 [pool-182-thread-1] INFO  server.RaftServerConfigKeys (ConfUtils.java:logGet(43)) - raft.server.log.corruption.policy = EXCEPTION (default)
2019-11-14 22:35:47,867 [pool-182-thread-1] INFO  storage.RaftStorageDirectory (RaftStorageDirectory.java:analyzeStorage(246)) - The storage directory /workdir/hadoop-ozone/integration-test/target/test-dir/MiniOzoneClusterImpl-479ab7c1-aba1-4cab-b6ff-ec51363c42af/datanode-3/data/ratis/14526979-be71-4398-836e-22d9f267a6bb does not exist. Creating ...
2019-11-14 22:35:47,890 [pool-182-thread-1] INFO  storage.RaftStorageDirectory (RaftStorageDirectory.java:tryLock(328)) - Lock on /workdir/hadoop-ozone/integration-test/target/test-dir/MiniOzoneClusterImpl-479ab7c1-aba1-4cab-b6ff-ec51363c42af/datanode-3/data/ratis/14526979-be71-4398-836e-22d9f267a6bb/in_use.lock acquired by nodename 4158@pr-mpuissue-pdzcc-455137112
2019-11-14 22:35:47,914 [pool-182-thread-1] INFO  storage.RaftStorage (RaftStorage.java:format(84)) - Storage directory /workdir/hadoop-ozone/integration-test/target/test-dir/MiniOzoneClusterImpl-479ab7c1-aba1-4cab-b6ff-ec51363c42af/datanode-3/data/ratis/14526979-be71-4398-836e-22d9f267a6bb has been successfully formatted.
2019-11-14 22:35:47,915 [pool-182-thread-1] INFO  ratis.ContainerStateMachine (ContainerStateMachine.java:loadSnapshot(223)) - group-22D9F267A6BB: The snapshot info is null. Setting the last applied indexto:(t:0, i:~)
2019-11-14 22:35:47,915 [pool-182-thread-1] INFO  server.RaftServerConfigKeys (ConfUtils.java:logGet(43)) - raft.server.notification.no-leader.timeout = 120s (custom)
2019-11-14 22:35:47,915 [pool-182-thread-1] INFO  server.RaftServerConfigKeys (ConfUtils.java:logGet(43)) - raft.server.log.use.memory = false (default)
2019-11-14 22:35:47,915 [pool-182-thread-1] INFO  server.RaftServerConfigKeys (ConfUtils.java:logGet(43)) - raft.server.log.purge.gap = 1000000 (custom)
2019-11-14 22:35:47,915 [pool-182-thread-1] INFO  server.RaftServerConfigKeys (ConfUtils.java:logGet(43)) - raft.server.log.appender.buffer.byte-limit = 33554432 (custom)
2019-11-14 22:35:47,916 [pool-182-thread-1] INFO  server.RaftServerConfigKeys (ConfUtils.java:logGet(43)) - raft.server.log.segment.size.max = 1048576 (custom)
2019-11-14 22:35:47,916 [pool-182-thread-1] WARN  impl.MetricRegistriesImpl (MetricRegistriesImpl.java:lambda$create$1(61)) - First MetricRegistry has been created without registering reporters. You may need to call MetricRegistries.global().addReportRegistration(...) before.
2019-11-14 22:35:47,916 [pool-182-thread-1] INFO  server.RaftServerConfigKeys (ConfUtils.java:logGet(43)) - raft.server.log.segment.cache.num.max = 2 (custom)
2019-11-14 22:35:47,916 [pool-182-thread-1] INFO  segmented.SegmentedRaftLogWorker (SegmentedRaftLogWorker.java:<init>(173)) - new 71039d87-f713-4353-b155-a31bf00200f2@group-22D9F267A6BB-SegmentedRaftLogWorker for RaftStorage:Storage Directory /workdir/hadoop-ozone/integration-test/target/test-dir/MiniOzoneClusterImpl-479ab7c1-aba1-4cab-b6ff-ec51363c42af/datanode-3/data/ratis/14526979-be71-4398-836e-22d9f267a6bb
2019-11-14 22:35:47,916 [pool-182-thread-1] INFO  server.RaftServerConfigKeys (ConfUtils.java:logGet(43)) - raft.server.log.queue.byte-limit = 2147483647 (custom)
2019-11-14 22:35:47,916 [pool-182-thread-1] INFO  server.RaftServerConfigKeys (ConfUtils.java:logGet(43)) - raft.server.log.queue.element-limit = 1024 (custom)
2019-11-14 22:35:47,916 [pool-182-thread-1] INFO  server.RaftServerConfigKeys (ConfUtils.java:logGet(43)) - raft.server.log.segment.size.max = 1048576 (custom)
2019-11-14 22:35:47,917 [pool-182-thread-1] INFO  server.RaftServerConfigKeys (ConfUtils.java:logGet(43)) - raft.server.log.preallocated.size = 16384 (custom)
2019-11-14 22:35:47,917 [pool-182-thread-1] INFO  server.RaftServerConfigKeys (ConfUtils.java:logGet(43)) - raft.server.log.write.buffer.size = 33554432 (custom)
2019-11-14 22:35:47,917 [pool-182-thread-1] INFO  server.RaftServerConfigKeys (ConfUtils.java:logGet(43)) - raft.server.log.force.sync.num = 128 (default)
2019-11-14 22:35:47,917 [pool-182-thread-1] INFO  server.RaftServerConfigKeys (ConfUtils.java:logGet(43)) - raft.server.log.statemachine.data.sync = true (default)
2019-11-14 22:35:47,917 [pool-182-thread-1] INFO  server.RaftServerConfigKeys (ConfUtils.java:logGet(43)) - raft.server.log.statemachine.data.sync.timeout = 10s (default)
2019-11-14 22:35:47,917 [pool-182-thread-1] INFO  server.RaftServerConfigKeys (ConfUtils.java:logGet(43)) - raft.server.log.statemachine.data.sync.timeout.retry = -1 (default)
2019-11-14 22:35:47,917 [pool-182-thread-1] INFO  server.RaftServerConfigKeys (ConfUtils.java:logGet(43)) - raft.server.log.statemachine.data.caching.enabled = true (custom)
2019-11-14 22:35:47,918 [pool-182-thread-1] INFO  segmented.SegmentedRaftLogWorker (SegmentedRaftLogWorker.java:lambda$new$0(128)) - 71039d87-f713-4353-b155-a31bf00200f2@group-22D9F267A6BB-SegmentedRaftLogWorker: flushIndex: setUnconditionally 0 -> -1
2019-11-14 22:35:47,918 [pool-182-thread-1] INFO  server.RaftServerConfigKeys (ConfUtils.java:logGet(43)) - raft.server.snapshot.auto.trigger.enabled = true (custom)
2019-11-14 22:35:47,918 [pool-182-thread-1] INFO  server.RaftServerConfigKeys (ConfUtils.java:logGet(43)) - raft.server.snapshot.auto.trigger.threshold = 10000 (custom)
2019-11-14 22:35:47,918 [pool-182-thread-1] INFO  server.RaftServerConfigKeys (ConfUtils.java:logGet(43)) - raft.server.snapshot.retention.file.num = 5 (custom)
2019-11-14 22:35:47,919 [pool-182-thread-1] INFO  server.RaftServerConfigKeys (ConfUtils.java:logGet(43)) - raft.server.retrycache.expirytime = 600000ms (custom)
2019-11-14 22:35:47,919 [pool-182-thread-1] WARN  impl.MetricRegistriesImpl (MetricRegistriesImpl.java:lambda$create$1(61)) - First MetricRegistry has been created without registering reporters. You may need to call MetricRegistries.global().addReportRegistration(...) before.
2019-11-14 22:35:47,919 [pool-182-thread-1] WARN  impl.MetricRegistriesImpl (MetricRegistriesImpl.java:lambda$create$1(61)) - First MetricRegistry has been created without registering reporters. You may need to call MetricRegistries.global().addReportRegistration(...) before.
2019-11-14 22:35:47,919 [pool-182-thread-1] INFO  impl.RaftServerImpl (RaftServerImpl.java:start(184)) - 71039d87-f713-4353-b155-a31bf00200f2@group-22D9F267A6BB: start as a follower, conf=-1: [71039d87-f713-4353-b155-a31bf00200f2:192.168.69.65:44128], old=null
2019-11-14 22:35:47,919 [pool-182-thread-1] INFO  impl.RaftServerImpl (RaftServerImpl.java:setRole(173)) - 71039d87-f713-4353-b155-a31bf00200f2@group-22D9F267A6BB: changes role from      null to FOLLOWER at term 0 for startAsFollower
2019-11-14 22:35:47,919 [pool-182-thread-1] INFO  impl.RoleInfo (RoleInfo.java:updateAndGet(143)) - 71039d87-f713-4353-b155-a31bf00200f2: start FollowerState
2019-11-14 22:35:47,920 [pool-182-thread-1] INFO  util.JmxRegister (JmxRegister.java:tryRegister(44)) - Successfully registered JMX Bean with object name Ratis:service=RaftServer,group=group-22D9F267A6BB,id=71039d87-f713-4353-b155-a31bf00200f2
2019-11-14 22:35:47,920 [pool-182-thread-1] WARN  impl.MetricRegistriesImpl (MetricRegistriesImpl.java:lambda$create$1(61)) - First MetricRegistry has been created without registering reporters. You may need to call MetricRegistries.global().addReportRegistration(...) before.
2019-11-14 22:35:47,923 [RatisPipelineUtilsThread] INFO  pipeline.PipelineStateManager (PipelineStateManager.java:addPipeline(55)) - Created pipeline Pipeline[ Id: 14526979-be71-4398-836e-22d9f267a6bb, Nodes: 71039d87-f713-4353-b155-a31bf00200f2{ip: 192.168.69.65, host: pr-mpuissue-pdzcc-455137112, networkLocation: /default-rack, certSerialId: null}, Type:RATIS, Factor:ONE, State:ALLOCATED]
2019-11-14 22:35:47,931 [grpc-default-executor-4] INFO  impl.RaftServerProxy (RaftServerProxy.java:addNew(89)) - 134e3363-1f82-43b5-a94b-e408c514013d: addNew group-25DC282C183E:[134e3363-1f82-43b5-a94b-e408c514013d:192.168.69.65:38811] returns group-25DC282C183E:java.util.concurrent.CompletableFuture@7f5790ce[Not completed]
2019-11-14 22:35:47,932 [pool-202-thread-1] INFO  impl.RaftServerImpl (RaftServerImpl.java:<init>(98)) - 134e3363-1f82-43b5-a94b-e408c514013d: new RaftServerImpl for group-25DC282C183E:[134e3363-1f82-43b5-a94b-e408c514013d:192.168.69.65:38811] with ContainerStateMachine:uninitialized
2019-11-14 22:35:47,933 [pool-202-thread-1] INFO  server.RaftServerConfigKeys (ConfUtils.java:logGet(43)) - raft.server.rpc.timeout.min = 1s (custom)
2019-11-14 22:35:47,933 [pool-202-thread-1] INFO  server.RaftServerConfigKeys (ConfUtils.java:logGet(43)) - raft.server.rpc.timeout.max = 1200ms (custom)
2019-11-14 22:35:47,933 [pool-202-thread-1] INFO  server.RaftServerConfigKeys (ConfUtils.java:logGet(43)) - raft.server.rpcslowness.timeout = 120s (custom)
2019-11-14 22:35:47,933 [pool-202-thread-1] INFO  server.RaftServerConfigKeys (ConfUtils.java:logGet(43)) - raft.server.sleep.deviation.threshold = 300 (default)
2019-11-14 22:35:47,933 [pool-202-thread-1] INFO  server.RaftServerConfigKeys (ConfUtils.java:logGet(43)) - raft.server.log.appender.install.snapshot.enabled = false (custom)
2019-11-14 22:35:47,933 [pool-202-thread-1] INFO  impl.RaftServerImpl (ServerState.java:<init>(103)) - 134e3363-1f82-43b5-a94b-e408c514013d@group-25DC282C183E: ConfigurationManager, init=-1: [134e3363-1f82-43b5-a94b-e408c514013d:192.168.69.65:38811], old=null, confs=<EMPTY_MAP>
2019-11-14 22:35:47,933 [pool-202-thread-1] INFO  server.RaftServerConfigKeys (ConfUtils.java:logGet(43)) - raft.server.storage.dir = [/workdir/hadoop-ozone/integration-test/target/test-dir/MiniOzoneClusterImpl-479ab7c1-aba1-4cab-b6ff-ec51363c42af/datanode-5/data/ratis] (custom)
2019-11-14 22:35:47,934 [pool-202-thread-1] INFO  server.RaftServerConfigKeys (ConfUtils.java:logGet(43)) - raft.server.log.corruption.policy = EXCEPTION (default)
2019-11-14 22:35:47,934 [pool-202-thread-1] INFO  storage.RaftStorageDirectory (RaftStorageDirectory.java:analyzeStorage(246)) - The storage directory /workdir/hadoop-ozone/integration-test/target/test-dir/MiniOzoneClusterImpl-479ab7c1-aba1-4cab-b6ff-ec51363c42af/datanode-5/data/ratis/796cbbe6-fc2b-4dbe-8c0f-25dc282c183e does not exist. Creating ...
2019-11-14 22:35:47,958 [pool-202-thread-1] INFO  storage.RaftStorageDirectory (RaftStorageDirectory.java:tryLock(328)) - Lock on /workdir/hadoop-ozone/integration-test/target/test-dir/MiniOzoneClusterImpl-479ab7c1-aba1-4cab-b6ff-ec51363c42af/datanode-5/data/ratis/796cbbe6-fc2b-4dbe-8c0f-25dc282c183e/in_use.lock acquired by nodename 4158@pr-mpuissue-pdzcc-455137112
2019-11-14 22:35:47,981 [pool-202-thread-1] INFO  storage.RaftStorage (RaftStorage.java:format(84)) - Storage directory /workdir/hadoop-ozone/integration-test/target/test-dir/MiniOzoneClusterImpl-479ab7c1-aba1-4cab-b6ff-ec51363c42af/datanode-5/data/ratis/796cbbe6-fc2b-4dbe-8c0f-25dc282c183e has been successfully formatted.
2019-11-14 22:35:47,982 [pool-202-thread-1] INFO  ratis.ContainerStateMachine (ContainerStateMachine.java:loadSnapshot(223)) - group-25DC282C183E: The snapshot info is null. Setting the last applied indexto:(t:0, i:~)
2019-11-14 22:35:47,982 [pool-202-thread-1] INFO  server.RaftServerConfigKeys (ConfUtils.java:logGet(43)) - raft.server.notification.no-leader.timeout = 120s (custom)
2019-11-14 22:35:47,982 [pool-202-thread-1] INFO  server.RaftServerConfigKeys (ConfUtils.java:logGet(43)) - raft.server.log.use.memory = false (default)
2019-11-14 22:35:47,982 [pool-202-thread-1] INFO  server.RaftServerConfigKeys (ConfUtils.java:logGet(43)) - raft.server.log.purge.gap = 1000000 (custom)
2019-11-14 22:35:47,982 [pool-202-thread-1] INFO  server.RaftServerConfigKeys (ConfUtils.java:logGet(43)) - raft.server.log.appender.buffer.byte-limit = 33554432 (custom)
2019-11-14 22:35:47,982 [pool-202-thread-1] INFO  server.RaftServerConfigKeys (ConfUtils.java:logGet(43)) - raft.server.log.segment.size.max = 1048576 (custom)
2019-11-14 22:35:47,983 [pool-202-thread-1] WARN  impl.MetricRegistriesImpl (MetricRegistriesImpl.java:lambda$create$1(61)) - First MetricRegistry has been created without registering reporters. You may need to call MetricRegistries.global().addReportRegistration(...) before.
2019-11-14 22:35:47,983 [pool-202-thread-1] INFO  server.RaftServerConfigKeys (ConfUtils.java:logGet(43)) - raft.server.log.segment.cache.num.max = 2 (custom)
2019-11-14 22:35:47,983 [pool-202-thread-1] INFO  segmented.SegmentedRaftLogWorker (SegmentedRaftLogWorker.java:<init>(173)) - new 134e3363-1f82-43b5-a94b-e408c514013d@group-25DC282C183E-SegmentedRaftLogWorker for RaftStorage:Storage Directory /workdir/hadoop-ozone/integration-test/target/test-dir/MiniOzoneClusterImpl-479ab7c1-aba1-4cab-b6ff-ec51363c42af/datanode-5/data/ratis/796cbbe6-fc2b-4dbe-8c0f-25dc282c183e
2019-11-14 22:35:47,983 [pool-202-thread-1] INFO  server.RaftServerConfigKeys (ConfUtils.java:logGet(43)) - raft.server.log.queue.byte-limit = 2147483647 (custom)
2019-11-14 22:35:47,983 [pool-202-thread-1] INFO  server.RaftServerConfigKeys (ConfUtils.java:logGet(43)) - raft.server.log.queue.element-limit = 1024 (custom)
2019-11-14 22:35:47,983 [pool-202-thread-1] INFO  server.RaftServerConfigKeys (ConfUtils.java:logGet(43)) - raft.server.log.segment.size.max = 1048576 (custom)
2019-11-14 22:35:47,983 [pool-202-thread-1] INFO  server.RaftServerConfigKeys (ConfUtils.java:logGet(43)) - raft.server.log.preallocated.size = 16384 (custom)
2019-11-14 22:35:47,983 [pool-202-thread-1] INFO  server.RaftServerConfigKeys (ConfUtils.java:logGet(43)) - raft.server.log.write.buffer.size = 33554432 (custom)
2019-11-14 22:35:47,983 [pool-202-thread-1] INFO  server.RaftServerConfigKeys (ConfUtils.java:logGet(43)) - raft.server.log.force.sync.num = 128 (default)
2019-11-14 22:35:47,984 [pool-202-thread-1] INFO  server.RaftServerConfigKeys (ConfUtils.java:logGet(43)) - raft.server.log.statemachine.data.sync = true (default)
2019-11-14 22:35:47,984 [pool-202-thread-1] INFO  server.RaftServerConfigKeys (ConfUtils.java:logGet(43)) - raft.server.log.statemachine.data.sync.timeout = 10s (default)
2019-11-14 22:35:47,984 [pool-202-thread-1] INFO  server.RaftServerConfigKeys (ConfUtils.java:logGet(43)) - raft.server.log.statemachine.data.sync.timeout.retry = -1 (default)
2019-11-14 22:35:47,984 [pool-202-thread-1] INFO  server.RaftServerConfigKeys (ConfUtils.java:logGet(43)) - raft.server.log.statemachine.data.caching.enabled = true (custom)
2019-11-14 22:35:47,984 [pool-202-thread-1] INFO  segmented.SegmentedRaftLogWorker (SegmentedRaftLogWorker.java:lambda$new$0(128)) - 134e3363-1f82-43b5-a94b-e408c514013d@group-25DC282C183E-SegmentedRaftLogWorker: flushIndex: setUnconditionally 0 -> -1
2019-11-14 22:35:47,985 [pool-202-thread-1] INFO  server.RaftServerConfigKeys (ConfUtils.java:logGet(43)) - raft.server.snapshot.auto.trigger.enabled = true (custom)
2019-11-14 22:35:47,985 [pool-202-thread-1] INFO  server.RaftServerConfigKeys (ConfUtils.java:logGet(43)) - raft.server.snapshot.auto.trigger.threshold = 10000 (custom)
2019-11-14 22:35:47,985 [pool-202-thread-1] INFO  server.RaftServerConfigKeys (ConfUtils.java:logGet(43)) - raft.server.snapshot.retention.file.num = 5 (custom)
2019-11-14 22:35:47,985 [pool-202-thread-1] INFO  server.RaftServerConfigKeys (ConfUtils.java:logGet(43)) - raft.server.retrycache.expirytime = 600000ms (custom)
2019-11-14 22:35:47,985 [pool-202-thread-1] WARN  impl.MetricRegistriesImpl (MetricRegistriesImpl.java:lambda$create$1(61)) - First MetricRegistry has been created without registering reporters. You may need to call MetricRegistries.global().addReportRegistration(...) before.
2019-11-14 22:35:47,985 [pool-202-thread-1] WARN  impl.MetricRegistriesImpl (MetricRegistriesImpl.java:lambda$create$1(61)) - First MetricRegistry has been created without registering reporters. You may need to call MetricRegistries.global().addReportRegistration(...) before.
2019-11-14 22:35:47,985 [pool-202-thread-1] INFO  impl.RaftServerImpl (RaftServerImpl.java:start(184)) - 134e3363-1f82-43b5-a94b-e408c514013d@group-25DC282C183E: start as a follower, conf=-1: [134e3363-1f82-43b5-a94b-e408c514013d:192.168.69.65:38811], old=null
2019-11-14 22:35:47,985 [pool-202-thread-1] INFO  impl.RaftServerImpl (RaftServerImpl.java:setRole(173)) - 134e3363-1f82-43b5-a94b-e408c514013d@group-25DC282C183E: changes role from      null to FOLLOWER at term 0 for startAsFollower
2019-11-14 22:35:47,986 [pool-202-thread-1] INFO  impl.RoleInfo (RoleInfo.java:updateAndGet(143)) - 134e3363-1f82-43b5-a94b-e408c514013d: start FollowerState
2019-11-14 22:35:47,986 [pool-202-thread-1] INFO  util.JmxRegister (JmxRegister.java:tryRegister(44)) - Successfully registered JMX Bean with object name Ratis:service=RaftServer,group=group-25DC282C183E,id=134e3363-1f82-43b5-a94b-e408c514013d
2019-11-14 22:35:47,986 [pool-202-thread-1] WARN  impl.MetricRegistriesImpl (MetricRegistriesImpl.java:lambda$create$1(61)) - First MetricRegistry has been created without registering reporters. You may need to call MetricRegistries.global().addReportRegistration(...) before.
2019-11-14 22:35:47,989 [RatisPipelineUtilsThread] INFO  pipeline.PipelineStateManager (PipelineStateManager.java:addPipeline(55)) - Created pipeline Pipeline[ Id: 796cbbe6-fc2b-4dbe-8c0f-25dc282c183e, Nodes: 134e3363-1f82-43b5-a94b-e408c514013d{ip: 192.168.69.65, host: pr-mpuissue-pdzcc-455137112, networkLocation: /default-rack, certSerialId: null}, Type:RATIS, Factor:ONE, State:ALLOCATED]
2019-11-14 22:35:48,000 [grpc-default-executor-5] INFO  impl.RaftServerProxy (RaftServerProxy.java:addNew(89)) - 76b3b274-17aa-4635-9ecc-8bffa687e80e: addNew group-E5D6D3FA3027:[76b3b274-17aa-4635-9ecc-8bffa687e80e:192.168.69.65:46135, 71039d87-f713-4353-b155-a31bf00200f2:192.168.69.65:44128, 134e3363-1f82-43b5-a94b-e408c514013d:192.168.69.65:38811] returns group-E5D6D3FA3027:java.util.concurrent.CompletableFuture@4c8a8559[Not completed]
2019-11-14 22:35:48,000 [grpc-default-executor-4] INFO  impl.RaftServerProxy (RaftServerProxy.java:addNew(89)) - 134e3363-1f82-43b5-a94b-e408c514013d: addNew group-E5D6D3FA3027:[76b3b274-17aa-4635-9ecc-8bffa687e80e:192.168.69.65:46135, 71039d87-f713-4353-b155-a31bf00200f2:192.168.69.65:44128, 134e3363-1f82-43b5-a94b-e408c514013d:192.168.69.65:38811] returns group-E5D6D3FA3027:java.util.concurrent.CompletableFuture@642e28c9[Not completed]
2019-11-14 22:35:48,000 [grpc-default-executor-0] INFO  impl.RaftServerProxy (RaftServerProxy.java:addNew(89)) - 71039d87-f713-4353-b155-a31bf00200f2: addNew group-E5D6D3FA3027:[76b3b274-17aa-4635-9ecc-8bffa687e80e:192.168.69.65:46135, 71039d87-f713-4353-b155-a31bf00200f2:192.168.69.65:44128, 134e3363-1f82-43b5-a94b-e408c514013d:192.168.69.65:38811] returns group-E5D6D3FA3027:java.util.concurrent.CompletableFuture@d524c75[Not completed]
2019-11-14 22:35:48,001 [pool-192-thread-1] INFO  impl.RaftServerImpl (RaftServerImpl.java:<init>(98)) - 76b3b274-17aa-4635-9ecc-8bffa687e80e: new RaftServerImpl for group-E5D6D3FA3027:[76b3b274-17aa-4635-9ecc-8bffa687e80e:192.168.69.65:46135, 71039d87-f713-4353-b155-a31bf00200f2:192.168.69.65:44128, 134e3363-1f82-43b5-a94b-e408c514013d:192.168.69.65:38811] with ContainerStateMachine:uninitialized
2019-11-14 22:35:48,002 [pool-192-thread-1] INFO  server.RaftServerConfigKeys (ConfUtils.java:logGet(43)) - raft.server.rpc.timeout.min = 1s (custom)
2019-11-14 22:35:48,002 [pool-192-thread-1] INFO  server.RaftServerConfigKeys (ConfUtils.java:logGet(43)) - raft.server.rpc.timeout.max = 1200ms (custom)
2019-11-14 22:35:48,002 [pool-192-thread-1] INFO  server.RaftServerConfigKeys (ConfUtils.java:logGet(43)) - raft.server.rpcslowness.timeout = 120s (custom)
2019-11-14 22:35:48,002 [pool-192-thread-1] INFO  server.RaftServerConfigKeys (ConfUtils.java:logGet(43)) - raft.server.sleep.deviation.threshold = 300 (default)
2019-11-14 22:35:48,002 [pool-192-thread-1] INFO  server.RaftServerConfigKeys (ConfUtils.java:logGet(43)) - raft.server.log.appender.install.snapshot.enabled = false (custom)
2019-11-14 22:35:48,002 [pool-192-thread-1] INFO  impl.RaftServerImpl (ServerState.java:<init>(103)) - 76b3b274-17aa-4635-9ecc-8bffa687e80e@group-E5D6D3FA3027: ConfigurationManager, init=-1: [76b3b274-17aa-4635-9ecc-8bffa687e80e:192.168.69.65:46135, 71039d87-f713-4353-b155-a31bf00200f2:192.168.69.65:44128, 134e3363-1f82-43b5-a94b-e408c514013d:192.168.69.65:38811], old=null, confs=<EMPTY_MAP>
2019-11-14 22:35:48,002 [pool-192-thread-1] INFO  server.RaftServerConfigKeys (ConfUtils.java:logGet(43)) - raft.server.storage.dir = [/workdir/hadoop-ozone/integration-test/target/test-dir/MiniOzoneClusterImpl-479ab7c1-aba1-4cab-b6ff-ec51363c42af/datanode-4/data/ratis] (custom)
2019-11-14 22:35:48,002 [pool-192-thread-1] INFO  server.RaftServerConfigKeys (ConfUtils.java:logGet(43)) - raft.server.log.corruption.policy = EXCEPTION (default)
2019-11-14 22:35:48,003 [pool-192-thread-1] INFO  storage.RaftStorageDirectory (RaftStorageDirectory.java:analyzeStorage(246)) - The storage directory /workdir/hadoop-ozone/integration-test/target/test-dir/MiniOzoneClusterImpl-479ab7c1-aba1-4cab-b6ff-ec51363c42af/datanode-4/data/ratis/67915969-cda2-4ae9-aae7-e5d6d3fa3027 does not exist. Creating ...
2019-11-14 22:35:48,003 [pool-182-thread-1] INFO  impl.RaftServerImpl (RaftServerImpl.java:<init>(98)) - 71039d87-f713-4353-b155-a31bf00200f2: new RaftServerImpl for group-E5D6D3FA3027:[76b3b274-17aa-4635-9ecc-8bffa687e80e:192.168.69.65:46135, 71039d87-f713-4353-b155-a31bf00200f2:192.168.69.65:44128, 134e3363-1f82-43b5-a94b-e408c514013d:192.168.69.65:38811] with ContainerStateMachine:uninitialized
2019-11-14 22:35:48,003 [pool-182-thread-1] INFO  server.RaftServerConfigKeys (ConfUtils.java:logGet(43)) - raft.server.rpc.timeout.min = 1s (custom)
2019-11-14 22:35:48,003 [pool-182-thread-1] INFO  server.RaftServerConfigKeys (ConfUtils.java:logGet(43)) - raft.server.rpc.timeout.max = 1200ms (custom)
2019-11-14 22:35:48,003 [pool-202-thread-1] INFO  impl.RaftServerImpl (RaftServerImpl.java:<init>(98)) - 134e3363-1f82-43b5-a94b-e408c514013d: new RaftServerImpl for group-E5D6D3FA3027:[76b3b274-17aa-4635-9ecc-8bffa687e80e:192.168.69.65:46135, 71039d87-f713-4353-b155-a31bf00200f2:192.168.69.65:44128, 134e3363-1f82-43b5-a94b-e408c514013d:192.168.69.65:38811] with ContainerStateMachine:uninitialized
2019-11-14 22:35:48,003 [pool-182-thread-1] INFO  server.RaftServerConfigKeys (ConfUtils.java:logGet(43)) - raft.server.rpcslowness.timeout = 120s (custom)
2019-11-14 22:35:48,003 [pool-202-thread-1] INFO  server.RaftServerConfigKeys (ConfUtils.java:logGet(43)) - raft.server.rpc.timeout.min = 1s (custom)
2019-11-14 22:35:48,004 [pool-182-thread-1] INFO  server.RaftServerConfigKeys (ConfUtils.java:logGet(43)) - raft.server.sleep.deviation.threshold = 300 (default)
2019-11-14 22:35:48,004 [pool-202-thread-1] INFO  server.RaftServerConfigKeys (ConfUtils.java:logGet(43)) - raft.server.rpc.timeout.max = 1200ms (custom)
2019-11-14 22:35:48,004 [pool-202-thread-1] INFO  server.RaftServerConfigKeys (ConfUtils.java:logGet(43)) - raft.server.rpcslowness.timeout = 120s (custom)
2019-11-14 22:35:48,004 [pool-202-thread-1] INFO  server.RaftServerConfigKeys (ConfUtils.java:logGet(43)) - raft.server.sleep.deviation.threshold = 300 (default)
2019-11-14 22:35:48,004 [pool-202-thread-1] INFO  server.RaftServerConfigKeys (ConfUtils.java:logGet(43)) - raft.server.log.appender.install.snapshot.enabled = false (custom)
2019-11-14 22:35:48,004 [pool-182-thread-1] INFO  server.RaftServerConfigKeys (ConfUtils.java:logGet(43)) - raft.server.log.appender.install.snapshot.enabled = false (custom)
2019-11-14 22:35:48,004 [pool-202-thread-1] INFO  impl.RaftServerImpl (ServerState.java:<init>(103)) - 134e3363-1f82-43b5-a94b-e408c514013d@group-E5D6D3FA3027: ConfigurationManager, init=-1: [76b3b274-17aa-4635-9ecc-8bffa687e80e:192.168.69.65:46135, 71039d87-f713-4353-b155-a31bf00200f2:192.168.69.65:44128, 134e3363-1f82-43b5-a94b-e408c514013d:192.168.69.65:38811], old=null, confs=<EMPTY_MAP>
2019-11-14 22:35:48,004 [pool-182-thread-1] INFO  impl.RaftServerImpl (ServerState.java:<init>(103)) - 71039d87-f713-4353-b155-a31bf00200f2@group-E5D6D3FA3027: ConfigurationManager, init=-1: [76b3b274-17aa-4635-9ecc-8bffa687e80e:192.168.69.65:46135, 71039d87-f713-4353-b155-a31bf00200f2:192.168.69.65:44128, 134e3363-1f82-43b5-a94b-e408c514013d:192.168.69.65:38811], old=null, confs=<EMPTY_MAP>
2019-11-14 22:35:48,004 [pool-202-thread-1] INFO  server.RaftServerConfigKeys (ConfUtils.java:logGet(43)) - raft.server.storage.dir = [/workdir/hadoop-ozone/integration-test/target/test-dir/MiniOzoneClusterImpl-479ab7c1-aba1-4cab-b6ff-ec51363c42af/datanode-5/data/ratis] (custom)
2019-11-14 22:35:48,004 [pool-182-thread-1] INFO  server.RaftServerConfigKeys (ConfUtils.java:logGet(43)) - raft.server.storage.dir = [/workdir/hadoop-ozone/integration-test/target/test-dir/MiniOzoneClusterImpl-479ab7c1-aba1-4cab-b6ff-ec51363c42af/datanode-3/data/ratis] (custom)
2019-11-14 22:35:48,005 [pool-202-thread-1] INFO  server.RaftServerConfigKeys (ConfUtils.java:logGet(43)) - raft.server.log.corruption.policy = EXCEPTION (default)
2019-11-14 22:35:48,005 [pool-202-thread-1] INFO  storage.RaftStorageDirectory (RaftStorageDirectory.java:analyzeStorage(246)) - The storage directory /workdir/hadoop-ozone/integration-test/target/test-dir/MiniOzoneClusterImpl-479ab7c1-aba1-4cab-b6ff-ec51363c42af/datanode-5/data/ratis/67915969-cda2-4ae9-aae7-e5d6d3fa3027 does not exist. Creating ...
2019-11-14 22:35:48,005 [pool-182-thread-1] INFO  server.RaftServerConfigKeys (ConfUtils.java:logGet(43)) - raft.server.log.corruption.policy = EXCEPTION (default)
2019-11-14 22:35:48,005 [pool-182-thread-1] INFO  storage.RaftStorageDirectory (RaftStorageDirectory.java:analyzeStorage(246)) - The storage directory /workdir/hadoop-ozone/integration-test/target/test-dir/MiniOzoneClusterImpl-479ab7c1-aba1-4cab-b6ff-ec51363c42af/datanode-3/data/ratis/67915969-cda2-4ae9-aae7-e5d6d3fa3027 does not exist. Creating ...
2019-11-14 22:35:48,025 [pool-202-thread-1] INFO  storage.RaftStorageDirectory (RaftStorageDirectory.java:tryLock(328)) - Lock on /workdir/hadoop-ozone/integration-test/target/test-dir/MiniOzoneClusterImpl-479ab7c1-aba1-4cab-b6ff-ec51363c42af/datanode-5/data/ratis/67915969-cda2-4ae9-aae7-e5d6d3fa3027/in_use.lock acquired by nodename 4158@pr-mpuissue-pdzcc-455137112
2019-11-14 22:35:48,025 [pool-192-thread-1] INFO  storage.RaftStorageDirectory (RaftStorageDirectory.java:tryLock(328)) - Lock on /workdir/hadoop-ozone/integration-test/target/test-dir/MiniOzoneClusterImpl-479ab7c1-aba1-4cab-b6ff-ec51363c42af/datanode-4/data/ratis/67915969-cda2-4ae9-aae7-e5d6d3fa3027/in_use.lock acquired by nodename 4158@pr-mpuissue-pdzcc-455137112
2019-11-14 22:35:48,025 [pool-182-thread-1] INFO  storage.RaftStorageDirectory (RaftStorageDirectory.java:tryLock(328)) - Lock on /workdir/hadoop-ozone/integration-test/target/test-dir/MiniOzoneClusterImpl-479ab7c1-aba1-4cab-b6ff-ec51363c42af/datanode-3/data/ratis/67915969-cda2-4ae9-aae7-e5d6d3fa3027/in_use.lock acquired by nodename 4158@pr-mpuissue-pdzcc-455137112
2019-11-14 22:35:48,059 [pool-182-thread-1] INFO  storage.RaftStorage (RaftStorage.java:format(84)) - Storage directory /workdir/hadoop-ozone/integration-test/target/test-dir/MiniOzoneClusterImpl-479ab7c1-aba1-4cab-b6ff-ec51363c42af/datanode-3/data/ratis/67915969-cda2-4ae9-aae7-e5d6d3fa3027 has been successfully formatted.
2019-11-14 22:35:48,059 [pool-192-thread-1] INFO  storage.RaftStorage (RaftStorage.java:format(84)) - Storage directory /workdir/hadoop-ozone/integration-test/target/test-dir/MiniOzoneClusterImpl-479ab7c1-aba1-4cab-b6ff-ec51363c42af/datanode-4/data/ratis/67915969-cda2-4ae9-aae7-e5d6d3fa3027 has been successfully formatted.
2019-11-14 22:35:48,059 [pool-202-thread-1] INFO  storage.RaftStorage (RaftStorage.java:format(84)) - Storage directory /workdir/hadoop-ozone/integration-test/target/test-dir/MiniOzoneClusterImpl-479ab7c1-aba1-4cab-b6ff-ec51363c42af/datanode-5/data/ratis/67915969-cda2-4ae9-aae7-e5d6d3fa3027 has been successfully formatted.
2019-11-14 22:35:48,060 [pool-182-thread-1] INFO  ratis.ContainerStateMachine (ContainerStateMachine.java:loadSnapshot(223)) - group-E5D6D3FA3027: The snapshot info is null. Setting the last applied indexto:(t:0, i:~)
2019-11-14 22:35:48,060 [pool-202-thread-1] INFO  ratis.ContainerStateMachine (ContainerStateMachine.java:loadSnapshot(223)) - group-E5D6D3FA3027: The snapshot info is null. Setting the last applied indexto:(t:0, i:~)
2019-11-14 22:35:48,060 [pool-192-thread-1] INFO  ratis.ContainerStateMachine (ContainerStateMachine.java:loadSnapshot(223)) - group-E5D6D3FA3027: The snapshot info is null. Setting the last applied indexto:(t:0, i:~)
2019-11-14 22:35:48,060 [pool-202-thread-1] INFO  server.RaftServerConfigKeys (ConfUtils.java:logGet(43)) - raft.server.notification.no-leader.timeout = 120s (custom)
2019-11-14 22:35:48,060 [pool-182-thread-1] INFO  server.RaftServerConfigKeys (ConfUtils.java:logGet(43)) - raft.server.notification.no-leader.timeout = 120s (custom)
2019-11-14 22:35:48,060 [pool-202-thread-1] INFO  server.RaftServerConfigKeys (ConfUtils.java:logGet(43)) - raft.server.log.use.memory = false (default)
2019-11-14 22:35:48,060 [pool-192-thread-1] INFO  server.RaftServerConfigKeys (ConfUtils.java:logGet(43)) - raft.server.notification.no-leader.timeout = 120s (custom)
2019-11-14 22:35:48,061 [pool-202-thread-1] INFO  server.RaftServerConfigKeys (ConfUtils.java:logGet(43)) - raft.server.log.purge.gap = 1000000 (custom)
2019-11-14 22:35:48,060 [pool-182-thread-1] INFO  server.RaftServerConfigKeys (ConfUtils.java:logGet(43)) - raft.server.log.use.memory = false (default)
2019-11-14 22:35:48,061 [pool-202-thread-1] INFO  server.RaftServerConfigKeys (ConfUtils.java:logGet(43)) - raft.server.log.appender.buffer.byte-limit = 33554432 (custom)
2019-11-14 22:35:48,061 [pool-192-thread-1] INFO  server.RaftServerConfigKeys (ConfUtils.java:logGet(43)) - raft.server.log.use.memory = false (default)
2019-11-14 22:35:48,061 [pool-202-thread-1] INFO  server.RaftServerConfigKeys (ConfUtils.java:logGet(43)) - raft.server.log.segment.size.max = 1048576 (custom)
2019-11-14 22:35:48,061 [pool-182-thread-1] INFO  server.RaftServerConfigKeys (ConfUtils.java:logGet(43)) - raft.server.log.purge.gap = 1000000 (custom)
2019-11-14 22:35:48,061 [pool-202-thread-1] INFO  server.RaftServerConfigKeys (ConfUtils.java:logGet(43)) - raft.server.log.segment.cache.num.max = 2 (custom)
2019-11-14 22:35:48,061 [pool-192-thread-1] INFO  server.RaftServerConfigKeys (ConfUtils.java:logGet(43)) - raft.server.log.purge.gap = 1000000 (custom)
2019-11-14 22:35:48,061 [pool-202-thread-1] INFO  segmented.SegmentedRaftLogWorker (SegmentedRaftLogWorker.java:<init>(173)) - new 134e3363-1f82-43b5-a94b-e408c514013d@group-E5D6D3FA3027-SegmentedRaftLogWorker for RaftStorage:Storage Directory /workdir/hadoop-ozone/integration-test/target/test-dir/MiniOzoneClusterImpl-479ab7c1-aba1-4cab-b6ff-ec51363c42af/datanode-5/data/ratis/67915969-cda2-4ae9-aae7-e5d6d3fa3027
2019-11-14 22:35:48,061 [pool-202-thread-1] INFO  server.RaftServerConfigKeys (ConfUtils.java:logGet(43)) - raft.server.log.queue.byte-limit = 2147483647 (custom)
2019-11-14 22:35:48,061 [pool-182-thread-1] INFO  server.RaftServerConfigKeys (ConfUtils.java:logGet(43)) - raft.server.log.appender.buffer.byte-limit = 33554432 (custom)
2019-11-14 22:35:48,061 [pool-202-thread-1] INFO  server.RaftServerConfigKeys (ConfUtils.java:logGet(43)) - raft.server.log.queue.element-limit = 1024 (custom)
2019-11-14 22:35:48,061 [pool-192-thread-1] INFO  server.RaftServerConfigKeys (ConfUtils.java:logGet(43)) - raft.server.log.appender.buffer.byte-limit = 33554432 (custom)
2019-11-14 22:35:48,062 [pool-202-thread-1] INFO  server.RaftServerConfigKeys (ConfUtils.java:logGet(43)) - raft.server.log.segment.size.max = 1048576 (custom)
2019-11-14 22:35:48,062 [pool-182-thread-1] INFO  server.RaftServerConfigKeys (ConfUtils.java:logGet(43)) - raft.server.log.segment.size.max = 1048576 (custom)
2019-11-14 22:35:48,062 [pool-202-thread-1] INFO  server.RaftServerConfigKeys (ConfUtils.java:logGet(43)) - raft.server.log.preallocated.size = 16384 (custom)
2019-11-14 22:35:48,062 [pool-192-thread-1] INFO  server.RaftServerConfigKeys (ConfUtils.java:logGet(43)) - raft.server.log.segment.size.max = 1048576 (custom)
2019-11-14 22:35:48,062 [pool-202-thread-1] INFO  server.RaftServerConfigKeys (ConfUtils.java:logGet(43)) - raft.server.log.write.buffer.size = 33554432 (custom)
2019-11-14 22:35:48,062 [pool-182-thread-1] INFO  server.RaftServerConfigKeys (ConfUtils.java:logGet(43)) - raft.server.log.segment.cache.num.max = 2 (custom)
2019-11-14 22:35:48,062 [pool-202-thread-1] INFO  server.RaftServerConfigKeys (ConfUtils.java:logGet(43)) - raft.server.log.force.sync.num = 128 (default)
2019-11-14 22:35:48,062 [pool-192-thread-1] INFO  server.RaftServerConfigKeys (ConfUtils.java:logGet(43)) - raft.server.log.segment.cache.num.max = 2 (custom)
2019-11-14 22:35:48,062 [pool-202-thread-1] INFO  server.RaftServerConfigKeys (ConfUtils.java:logGet(43)) - raft.server.log.statemachine.data.sync = true (default)
2019-11-14 22:35:48,062 [pool-182-thread-1] INFO  segmented.SegmentedRaftLogWorker (SegmentedRaftLogWorker.java:<init>(173)) - new 71039d87-f713-4353-b155-a31bf00200f2@group-E5D6D3FA3027-SegmentedRaftLogWorker for RaftStorage:Storage Directory /workdir/hadoop-ozone/integration-test/target/test-dir/MiniOzoneClusterImpl-479ab7c1-aba1-4cab-b6ff-ec51363c42af/datanode-3/data/ratis/67915969-cda2-4ae9-aae7-e5d6d3fa3027
2019-11-14 22:35:48,062 [pool-202-thread-1] INFO  server.RaftServerConfigKeys (ConfUtils.java:logGet(43)) - raft.server.log.statemachine.data.sync.timeout = 10s (default)
2019-11-14 22:35:48,062 [pool-192-thread-1] INFO  segmented.SegmentedRaftLogWorker (SegmentedRaftLogWorker.java:<init>(173)) - new 76b3b274-17aa-4635-9ecc-8bffa687e80e@group-E5D6D3FA3027-SegmentedRaftLogWorker for RaftStorage:Storage Directory /workdir/hadoop-ozone/integration-test/target/test-dir/MiniOzoneClusterImpl-479ab7c1-aba1-4cab-b6ff-ec51363c42af/datanode-4/data/ratis/67915969-cda2-4ae9-aae7-e5d6d3fa3027
2019-11-14 22:35:48,063 [pool-202-thread-1] INFO  server.RaftServerConfigKeys (ConfUtils.java:logGet(43)) - raft.server.log.statemachine.data.sync.timeout.retry = -1 (default)
2019-11-14 22:35:48,062 [pool-182-thread-1] INFO  server.RaftServerConfigKeys (ConfUtils.java:logGet(43)) - raft.server.log.queue.byte-limit = 2147483647 (custom)
2019-11-14 22:35:48,063 [pool-202-thread-1] INFO  server.RaftServerConfigKeys (ConfUtils.java:logGet(43)) - raft.server.log.statemachine.data.caching.enabled = true (custom)
2019-11-14 22:35:48,063 [pool-192-thread-1] INFO  server.RaftServerConfigKeys (ConfUtils.java:logGet(43)) - raft.server.log.queue.byte-limit = 2147483647 (custom)
2019-11-14 22:35:48,063 [pool-182-thread-1] INFO  server.RaftServerConfigKeys (ConfUtils.java:logGet(43)) - raft.server.log.queue.element-limit = 1024 (custom)
2019-11-14 22:35:48,063 [pool-202-thread-1] INFO  segmented.SegmentedRaftLogWorker (SegmentedRaftLogWorker.java:lambda$new$0(128)) - 134e3363-1f82-43b5-a94b-e408c514013d@group-E5D6D3FA3027-SegmentedRaftLogWorker: flushIndex: setUnconditionally 0 -> -1
2019-11-14 22:35:48,063 [pool-192-thread-1] INFO  server.RaftServerConfigKeys (ConfUtils.java:logGet(43)) - raft.server.log.queue.element-limit = 1024 (custom)
2019-11-14 22:35:48,063 [pool-182-thread-1] INFO  server.RaftServerConfigKeys (ConfUtils.java:logGet(43)) - raft.server.log.segment.size.max = 1048576 (custom)
2019-11-14 22:35:48,063 [pool-202-thread-1] INFO  server.RaftServerConfigKeys (ConfUtils.java:logGet(43)) - raft.server.snapshot.auto.trigger.enabled = true (custom)
2019-11-14 22:35:48,063 [pool-192-thread-1] INFO  server.RaftServerConfigKeys (ConfUtils.java:logGet(43)) - raft.server.log.segment.size.max = 1048576 (custom)
2019-11-14 22:35:48,063 [pool-202-thread-1] INFO  server.RaftServerConfigKeys (ConfUtils.java:logGet(43)) - raft.server.snapshot.auto.trigger.threshold = 10000 (custom)
2019-11-14 22:35:48,063 [pool-182-thread-1] INFO  server.RaftServerConfigKeys (ConfUtils.java:logGet(43)) - raft.server.log.preallocated.size = 16384 (custom)
2019-11-14 22:35:48,064 [pool-202-thread-1] INFO  server.RaftServerConfigKeys (ConfUtils.java:logGet(43)) - raft.server.snapshot.retention.file.num = 5 (custom)
2019-11-14 22:35:48,064 [pool-192-thread-1] INFO  server.RaftServerConfigKeys (ConfUtils.java:logGet(43)) - raft.server.log.preallocated.size = 16384 (custom)
2019-11-14 22:35:48,064 [pool-202-thread-1] INFO  server.RaftServerConfigKeys (ConfUtils.java:logGet(43)) - raft.server.retrycache.expirytime = 600000ms (custom)
2019-11-14 22:35:48,064 [pool-182-thread-1] INFO  server.RaftServerConfigKeys (ConfUtils.java:logGet(43)) - raft.server.log.write.buffer.size = 33554432 (custom)
2019-11-14 22:35:48,064 [pool-202-thread-1] WARN  impl.MetricRegistriesImpl (MetricRegistriesImpl.java:lambda$create$1(61)) - First MetricRegistry has been created without registering reporters. You may need to call MetricRegistries.global().addReportRegistration(...) before.
2019-11-14 22:35:48,064 [pool-192-thread-1] INFO  server.RaftServerConfigKeys (ConfUtils.java:logGet(43)) - raft.server.log.write.buffer.size = 33554432 (custom)
2019-11-14 22:35:48,064 [pool-202-thread-1] WARN  impl.MetricRegistriesImpl (MetricRegistriesImpl.java:lambda$create$1(61)) - First MetricRegistry has been created without registering reporters. You may need to call MetricRegistries.global().addReportRegistration(...) before.
2019-11-14 22:35:48,064 [pool-182-thread-1] INFO  server.RaftServerConfigKeys (ConfUtils.java:logGet(43)) - raft.server.log.force.sync.num = 128 (default)
2019-11-14 22:35:48,064 [pool-202-thread-1] INFO  impl.RaftServerImpl (RaftServerImpl.java:start(184)) - 134e3363-1f82-43b5-a94b-e408c514013d@group-E5D6D3FA3027: start as a follower, conf=-1: [76b3b274-17aa-4635-9ecc-8bffa687e80e:192.168.69.65:46135, 71039d87-f713-4353-b155-a31bf00200f2:192.168.69.65:44128, 134e3363-1f82-43b5-a94b-e408c514013d:192.168.69.65:38811], old=null
2019-11-14 22:35:48,064 [pool-192-thread-1] INFO  server.RaftServerConfigKeys (ConfUtils.java:logGet(43)) - raft.server.log.force.sync.num = 128 (default)
2019-11-14 22:35:48,065 [pool-202-thread-1] INFO  impl.RaftServerImpl (RaftServerImpl.java:setRole(173)) - 134e3363-1f82-43b5-a94b-e408c514013d@group-E5D6D3FA3027: changes role from      null to FOLLOWER at term 0 for startAsFollower
2019-11-14 22:35:48,065 [pool-202-thread-1] INFO  impl.RoleInfo (RoleInfo.java:updateAndGet(143)) - 134e3363-1f82-43b5-a94b-e408c514013d: start FollowerState
2019-11-14 22:35:48,065 [pool-182-thread-1] INFO  server.RaftServerConfigKeys (ConfUtils.java:logGet(43)) - raft.server.log.statemachine.data.sync = true (default)
2019-11-14 22:35:48,065 [pool-192-thread-1] INFO  server.RaftServerConfigKeys (ConfUtils.java:logGet(43)) - raft.server.log.statemachine.data.sync = true (default)
2019-11-14 22:35:48,065 [pool-182-thread-1] INFO  server.RaftServerConfigKeys (ConfUtils.java:logGet(43)) - raft.server.log.statemachine.data.sync.timeout = 10s (default)
2019-11-14 22:35:48,065 [pool-192-thread-1] INFO  server.RaftServerConfigKeys (ConfUtils.java:logGet(43)) - raft.server.log.statemachine.data.sync.timeout = 10s (default)
2019-11-14 22:35:48,065 [pool-202-thread-1] INFO  util.JmxRegister (JmxRegister.java:tryRegister(44)) - Successfully registered JMX Bean with object name Ratis:service=RaftServer,group=group-E5D6D3FA3027,id=134e3363-1f82-43b5-a94b-e408c514013d
2019-11-14 22:35:48,065 [pool-192-thread-1] INFO  server.RaftServerConfigKeys (ConfUtils.java:logGet(43)) - raft.server.log.statemachine.data.sync.timeout.retry = -1 (default)
2019-11-14 22:35:48,065 [pool-182-thread-1] INFO  server.RaftServerConfigKeys (ConfUtils.java:logGet(43)) - raft.server.log.statemachine.data.sync.timeout.retry = -1 (default)
2019-11-14 22:35:48,066 [pool-192-thread-1] INFO  server.RaftServerConfigKeys (ConfUtils.java:logGet(43)) - raft.server.log.statemachine.data.caching.enabled = true (custom)
2019-11-14 22:35:48,065 [pool-202-thread-1] WARN  impl.MetricRegistriesImpl (MetricRegistriesImpl.java:lambda$create$1(61)) - First MetricRegistry has been created without registering reporters. You may need to call MetricRegistries.global().addReportRegistration(...) before.
2019-11-14 22:35:48,066 [pool-182-thread-1] INFO  server.RaftServerConfigKeys (ConfUtils.java:logGet(43)) - raft.server.log.statemachine.data.caching.enabled = true (custom)
2019-11-14 22:35:48,066 [pool-192-thread-1] INFO  segmented.SegmentedRaftLogWorker (SegmentedRaftLogWorker.java:lambda$new$0(128)) - 76b3b274-17aa-4635-9ecc-8bffa687e80e@group-E5D6D3FA3027-SegmentedRaftLogWorker: flushIndex: setUnconditionally 0 -> -1
2019-11-14 22:35:48,066 [pool-182-thread-1] INFO  segmented.SegmentedRaftLogWorker (SegmentedRaftLogWorker.java:lambda$new$0(128)) - 71039d87-f713-4353-b155-a31bf00200f2@group-E5D6D3FA3027-SegmentedRaftLogWorker: flushIndex: setUnconditionally 0 -> -1
2019-11-14 22:35:48,066 [pool-192-thread-1] INFO  server.RaftServerConfigKeys (ConfUtils.java:logGet(43)) - raft.server.snapshot.auto.trigger.enabled = true (custom)
2019-11-14 22:35:48,066 [pool-192-thread-1] INFO  server.RaftServerConfigKeys (ConfUtils.java:logGet(43)) - raft.server.snapshot.auto.trigger.threshold = 10000 (custom)
2019-11-14 22:35:48,066 [pool-192-thread-1] INFO  server.RaftServerConfigKeys (ConfUtils.java:logGet(43)) - raft.server.snapshot.retention.file.num = 5 (custom)
2019-11-14 22:35:48,066 [pool-182-thread-1] INFO  server.RaftServerConfigKeys (ConfUtils.java:logGet(43)) - raft.server.snapshot.auto.trigger.enabled = true (custom)
2019-11-14 22:35:48,066 [pool-192-thread-1] INFO  server.RaftServerConfigKeys (ConfUtils.java:logGet(43)) - raft.server.retrycache.expirytime = 600000ms (custom)
2019-11-14 22:35:48,067 [pool-182-thread-1] INFO  server.RaftServerConfigKeys (ConfUtils.java:logGet(43)) - raft.server.snapshot.auto.trigger.threshold = 10000 (custom)
2019-11-14 22:35:48,067 [pool-192-thread-1] WARN  impl.MetricRegistriesImpl (MetricRegistriesImpl.java:lambda$create$1(61)) - First MetricRegistry has been created without registering reporters. You may need to call MetricRegistries.global().addReportRegistration(...) before.
2019-11-14 22:35:48,067 [pool-182-thread-1] INFO  server.RaftServerConfigKeys (ConfUtils.java:logGet(43)) - raft.server.snapshot.retention.file.num = 5 (custom)
2019-11-14 22:35:48,067 [pool-192-thread-1] WARN  impl.MetricRegistriesImpl (MetricRegistriesImpl.java:lambda$create$1(61)) - First MetricRegistry has been created without registering reporters. You may need to call MetricRegistries.global().addReportRegistration(...) before.
2019-11-14 22:35:48,067 [pool-192-thread-1] INFO  impl.RaftServerImpl (RaftServerImpl.java:start(184)) - 76b3b274-17aa-4635-9ecc-8bffa687e80e@group-E5D6D3FA3027: start as a follower, conf=-1: [76b3b274-17aa-4635-9ecc-8bffa687e80e:192.168.69.65:46135, 71039d87-f713-4353-b155-a31bf00200f2:192.168.69.65:44128, 134e3363-1f82-43b5-a94b-e408c514013d:192.168.69.65:38811], old=null
2019-11-14 22:35:48,067 [pool-182-thread-1] INFO  server.RaftServerConfigKeys (ConfUtils.java:logGet(43)) - raft.server.retrycache.expirytime = 600000ms (custom)
2019-11-14 22:35:48,067 [pool-192-thread-1] INFO  impl.RaftServerImpl (RaftServerImpl.java:setRole(173)) - 76b3b274-17aa-4635-9ecc-8bffa687e80e@group-E5D6D3FA3027: changes role from      null to FOLLOWER at term 0 for startAsFollower
2019-11-14 22:35:48,067 [pool-182-thread-1] WARN  impl.MetricRegistriesImpl (MetricRegistriesImpl.java:lambda$create$1(61)) - First MetricRegistry has been created without registering reporters. You may need to call MetricRegistries.global().addReportRegistration(...) before.
2019-11-14 22:35:48,067 [pool-192-thread-1] INFO  impl.RoleInfo (RoleInfo.java:updateAndGet(143)) - 76b3b274-17aa-4635-9ecc-8bffa687e80e: start FollowerState
2019-11-14 22:35:48,067 [pool-182-thread-1] WARN  impl.MetricRegistriesImpl (MetricRegistriesImpl.java:lambda$create$1(61)) - First MetricRegistry has been created without registering reporters. You may need to call MetricRegistries.global().addReportRegistration(...) before.
2019-11-14 22:35:48,068 [pool-182-thread-1] INFO  impl.RaftServerImpl (RaftServerImpl.java:start(184)) - 71039d87-f713-4353-b155-a31bf00200f2@group-E5D6D3FA3027: start as a follower, conf=-1: [76b3b274-17aa-4635-9ecc-8bffa687e80e:192.168.69.65:46135, 71039d87-f713-4353-b155-a31bf00200f2:192.168.69.65:44128, 134e3363-1f82-43b5-a94b-e408c514013d:192.168.69.65:38811], old=null
2019-11-14 22:35:48,068 [pool-192-thread-1] INFO  util.JmxRegister (JmxRegister.java:tryRegister(44)) - Successfully registered JMX Bean with object name Ratis:service=RaftServer,group=group-E5D6D3FA3027,id=76b3b274-17aa-4635-9ecc-8bffa687e80e
2019-11-14 22:35:48,068 [pool-182-thread-1] INFO  impl.RaftServerImpl (RaftServerImpl.java:setRole(173)) - 71039d87-f713-4353-b155-a31bf00200f2@group-E5D6D3FA3027: changes role from      null to FOLLOWER at term 0 for startAsFollower
2019-11-14 22:35:48,068 [pool-192-thread-1] WARN  impl.MetricRegistriesImpl (MetricRegistriesImpl.java:lambda$create$1(61)) - First MetricRegistry has been created without registering reporters. You may need to call MetricRegistries.global().addReportRegistration(...) before.
2019-11-14 22:35:48,068 [pool-182-thread-1] INFO  impl.RoleInfo (RoleInfo.java:updateAndGet(143)) - 71039d87-f713-4353-b155-a31bf00200f2: start FollowerState
2019-11-14 22:35:48,069 [pool-182-thread-1] INFO  util.JmxRegister (JmxRegister.java:tryRegister(44)) - Successfully registered JMX Bean with object name Ratis:service=RaftServer,group=group-E5D6D3FA3027,id=71039d87-f713-4353-b155-a31bf00200f2
2019-11-14 22:35:48,069 [pool-182-thread-1] WARN  impl.MetricRegistriesImpl (MetricRegistriesImpl.java:lambda$create$1(61)) - First MetricRegistry has been created without registering reporters. You may need to call MetricRegistries.global().addReportRegistration(...) before.
2019-11-14 22:35:48,071 [RatisPipelineUtilsThread] INFO  pipeline.PipelineStateManager (PipelineStateManager.java:addPipeline(55)) - Created pipeline Pipeline[ Id: 67915969-cda2-4ae9-aae7-e5d6d3fa3027, Nodes: 134e3363-1f82-43b5-a94b-e408c514013d{ip: 192.168.69.65, host: pr-mpuissue-pdzcc-455137112, networkLocation: /default-rack, certSerialId: null}76b3b274-17aa-4635-9ecc-8bffa687e80e{ip: 192.168.69.65, host: pr-mpuissue-pdzcc-455137112, networkLocation: /default-rack, certSerialId: null}71039d87-f713-4353-b155-a31bf00200f2{ip: 192.168.69.65, host: pr-mpuissue-pdzcc-455137112, networkLocation: /default-rack, certSerialId: null}, Type:RATIS, Factor:THREE, State:ALLOCATED]
2019-11-14 22:35:48,072 [main] INFO  ozone.MiniOzoneClusterImpl (MiniOzoneClusterImpl.java:lambda$waitForClusterToBeReady$2(163)) - Waiting for 8 number of pipelines out of 8, to report a leader.
2019-11-14 22:35:48,687 [Thread-1482] INFO  impl.FollowerState (FollowerState.java:run(111)) - eb8bacec-1550-4eff-8b38-5938654b28d6@group-97B57FCEF67F-FollowerState: change to CANDIDATE, lastRpcTime:1007ms, electionTimeout:1007ms
2019-11-14 22:35:48,689 [Thread-1482] INFO  impl.RoleInfo (RoleInfo.java:shutdownFollowerState(121)) - eb8bacec-1550-4eff-8b38-5938654b28d6: shutdown FollowerState
2019-11-14 22:35:48,690 [Thread-1482] INFO  impl.RaftServerImpl (RaftServerImpl.java:setRole(173)) - eb8bacec-1550-4eff-8b38-5938654b28d6@group-97B57FCEF67F: changes role from  FOLLOWER to CANDIDATE at term 0 for changeToCandidate
2019-11-14 22:35:48,690 [Thread-1482] INFO  impl.RoleInfo (RoleInfo.java:updateAndGet(143)) - eb8bacec-1550-4eff-8b38-5938654b28d6: start LeaderElection
2019-11-14 22:35:48,711 [Thread-1479] INFO  impl.FollowerState (FollowerState.java:run(111)) - b7b0f9e6-a213-4288-a637-63e9f4ecb8f2@group-3A92813B12FB-FollowerState: change to CANDIDATE, lastRpcTime:1095ms, electionTimeout:1095ms
2019-11-14 22:35:48,711 [eb8bacec-1550-4eff-8b38-5938654b28d6@group-97B57FCEF67F-LeaderElection44] INFO  impl.LeaderElection (LeaderElection.java:askForVotes(178)) - eb8bacec-1550-4eff-8b38-5938654b28d6@group-97B57FCEF67F-LeaderElection44: begin an election at term 1 for -1: [eb8bacec-1550-4eff-8b38-5938654b28d6:192.168.69.65:45501], old=null
2019-11-14 22:35:48,711 [Thread-1479] INFO  impl.RoleInfo (RoleInfo.java:shutdownFollowerState(121)) - b7b0f9e6-a213-4288-a637-63e9f4ecb8f2: shutdown FollowerState
2019-11-14 22:35:48,711 [eb8bacec-1550-4eff-8b38-5938654b28d6@group-97B57FCEF67F-LeaderElection44] INFO  impl.RoleInfo (RoleInfo.java:shutdownLeaderElection(134)) - eb8bacec-1550-4eff-8b38-5938654b28d6: shutdown LeaderElection
2019-11-14 22:35:48,711 [Thread-1479] INFO  impl.RaftServerImpl (RaftServerImpl.java:setRole(173)) - b7b0f9e6-a213-4288-a637-63e9f4ecb8f2@group-3A92813B12FB: changes role from  FOLLOWER to CANDIDATE at term 0 for changeToCandidate
2019-11-14 22:35:48,711 [eb8bacec-1550-4eff-8b38-5938654b28d6@group-97B57FCEF67F-LeaderElection44] INFO  impl.RaftServerImpl (RaftServerImpl.java:setRole(173)) - eb8bacec-1550-4eff-8b38-5938654b28d6@group-97B57FCEF67F: changes role from CANDIDATE to LEADER at term 1 for changeToLeader
2019-11-14 22:35:48,711 [Thread-1479] INFO  impl.RoleInfo (RoleInfo.java:updateAndGet(143)) - b7b0f9e6-a213-4288-a637-63e9f4ecb8f2: start LeaderElection
2019-11-14 22:35:48,712 [eb8bacec-1550-4eff-8b38-5938654b28d6@group-97B57FCEF67F-LeaderElection44] INFO  ratis.XceiverServerRatis (XceiverServerRatis.java:handleLeaderChangedNotification(697)) - Leader change notification received for group: group-97B57FCEF67F with new leaderId: eb8bacec-1550-4eff-8b38-5938654b28d6
2019-11-14 22:35:48,716 [eb8bacec-1550-4eff-8b38-5938654b28d6@group-97B57FCEF67F-LeaderElection44] INFO  impl.RaftServerImpl (ServerState.java:setLeader(255)) - eb8bacec-1550-4eff-8b38-5938654b28d6@group-97B57FCEF67F: change Leader from null to eb8bacec-1550-4eff-8b38-5938654b28d6 at term 1 for becomeLeader, leader elected after 1035ms
2019-11-14 22:35:48,716 [eb8bacec-1550-4eff-8b38-5938654b28d6@group-97B57FCEF67F-LeaderElection44] INFO  server.RaftServerConfigKeys (ConfUtils.java:logGet(43)) - raft.server.staging.catchup.gap = 1000 (default)
2019-11-14 22:35:48,717 [Thread-1476] INFO  impl.FollowerState (FollowerState.java:run(111)) - 2427739b-b0e6-43d8-8c20-3c7e368f4410@group-D0F0E96E7337-FollowerState: change to CANDIDATE, lastRpcTime:1159ms, electionTimeout:1158ms
2019-11-14 22:35:48,717 [eb8bacec-1550-4eff-8b38-5938654b28d6@group-97B57FCEF67F-LeaderElection44] INFO  server.RaftServerConfigKeys (ConfUtils.java:logGet(43)) - raft.server.rpc.sleep.time = 25ms (default)
2019-11-14 22:35:48,717 [Thread-1476] INFO  impl.RoleInfo (RoleInfo.java:shutdownFollowerState(121)) - 2427739b-b0e6-43d8-8c20-3c7e368f4410: shutdown FollowerState
2019-11-14 22:35:48,718 [Thread-1476] INFO  impl.RaftServerImpl (RaftServerImpl.java:setRole(173)) - 2427739b-b0e6-43d8-8c20-3c7e368f4410@group-D0F0E96E7337: changes role from  FOLLOWER to CANDIDATE at term 0 for changeToCandidate
2019-11-14 22:35:48,718 [eb8bacec-1550-4eff-8b38-5938654b28d6@group-97B57FCEF67F-LeaderElection44] INFO  server.RaftServerConfigKeys (ConfUtils.java:logGet(43)) - raft.server.write.element-limit = 4096 (default)
2019-11-14 22:35:48,718 [Thread-1476] INFO  impl.RoleInfo (RoleInfo.java:updateAndGet(143)) - 2427739b-b0e6-43d8-8c20-3c7e368f4410: start LeaderElection
2019-11-14 22:35:48,718 [eb8bacec-1550-4eff-8b38-5938654b28d6@group-97B57FCEF67F-LeaderElection44] INFO  server.RaftServerConfigKeys (ConfUtils.java:logGet(43)) - raft.server.watch.timeout = 10s (default)
2019-11-14 22:35:48,726 [eb8bacec-1550-4eff-8b38-5938654b28d6@group-97B57FCEF67F-LeaderElection44] INFO  server.RaftServerConfigKeys (ConfUtils.java:logGet(43)) - raft.server.watch.timeout.denomination = 1s (default)
2019-11-14 22:35:48,729 [eb8bacec-1550-4eff-8b38-5938654b28d6@group-97B57FCEF67F-LeaderElection44] INFO  server.RaftServerConfigKeys (ConfUtils.java:logGet(43)) - raft.server.watch.element-limit = 65536 (default)
2019-11-14 22:35:48,729 [eb8bacec-1550-4eff-8b38-5938654b28d6@group-97B57FCEF67F-LeaderElection44] INFO  impl.RoleInfo (RoleInfo.java:updateAndGet(143)) - eb8bacec-1550-4eff-8b38-5938654b28d6: start LeaderState
2019-11-14 22:35:48,729 [EventQueue-PipelineReportForPipelineReportHandler] INFO  pipeline.PipelineStateManager (PipelineStateManager.java:openPipeline(134)) - Pipeline Pipeline[ Id: e967717a-be3b-4913-ac72-97b57fcef67f, Nodes: eb8bacec-1550-4eff-8b38-5938654b28d6{ip: 192.168.69.65, host: pr-mpuissue-pdzcc-455137112, networkLocation: /default-rack, certSerialId: null}, Type:RATIS, Factor:ONE, State:OPEN] moved to OPEN state
2019-11-14 22:35:48,730 [eb8bacec-1550-4eff-8b38-5938654b28d6@group-97B57FCEF67F-LeaderElection44] INFO  segmented.SegmentedRaftLogWorker (SegmentedRaftLogWorker.java:startLogSegment(385)) - eb8bacec-1550-4eff-8b38-5938654b28d6@group-97B57FCEF67F-SegmentedRaftLogWorker: Starting segment from index:0
2019-11-14 22:35:48,730 [eb8bacec-1550-4eff-8b38-5938654b28d6@group-97B57FCEF67F-LeaderElection44] INFO  impl.RaftServerImpl (ServerState.java:setRaftConf(356)) - eb8bacec-1550-4eff-8b38-5938654b28d6@group-97B57FCEF67F: set configuration 0: [eb8bacec-1550-4eff-8b38-5938654b28d6:192.168.69.65:45501], old=null at 0
2019-11-14 22:35:48,738 [b7b0f9e6-a213-4288-a637-63e9f4ecb8f2@group-3A92813B12FB-LeaderElection45] INFO  impl.LeaderElection (LeaderElection.java:askForVotes(178)) - b7b0f9e6-a213-4288-a637-63e9f4ecb8f2@group-3A92813B12FB-LeaderElection45: begin an election at term 1 for -1: [b7b0f9e6-a213-4288-a637-63e9f4ecb8f2:192.168.69.65:39870], old=null
2019-11-14 22:35:48,738 [b7b0f9e6-a213-4288-a637-63e9f4ecb8f2@group-3A92813B12FB-LeaderElection45] INFO  impl.RoleInfo (RoleInfo.java:shutdownLeaderElection(134)) - b7b0f9e6-a213-4288-a637-63e9f4ecb8f2: shutdown LeaderElection
2019-11-14 22:35:48,738 [b7b0f9e6-a213-4288-a637-63e9f4ecb8f2@group-3A92813B12FB-LeaderElection45] INFO  impl.RaftServerImpl (RaftServerImpl.java:setRole(173)) - b7b0f9e6-a213-4288-a637-63e9f4ecb8f2@group-3A92813B12FB: changes role from CANDIDATE to LEADER at term 1 for changeToLeader
2019-11-14 22:35:48,738 [b7b0f9e6-a213-4288-a637-63e9f4ecb8f2@group-3A92813B12FB-LeaderElection45] INFO  ratis.XceiverServerRatis (XceiverServerRatis.java:handleLeaderChangedNotification(697)) - Leader change notification received for group: group-3A92813B12FB with new leaderId: b7b0f9e6-a213-4288-a637-63e9f4ecb8f2
2019-11-14 22:35:48,738 [b7b0f9e6-a213-4288-a637-63e9f4ecb8f2@group-3A92813B12FB-LeaderElection45] INFO  impl.RaftServerImpl (ServerState.java:setLeader(255)) - b7b0f9e6-a213-4288-a637-63e9f4ecb8f2@group-3A92813B12FB: change Leader from null to b7b0f9e6-a213-4288-a637-63e9f4ecb8f2 at term 1 for becomeLeader, leader elected after 1126ms
2019-11-14 22:35:48,738 [b7b0f9e6-a213-4288-a637-63e9f4ecb8f2@group-3A92813B12FB-LeaderElection45] INFO  server.RaftServerConfigKeys (ConfUtils.java:logGet(43)) - raft.server.staging.catchup.gap = 1000 (default)
2019-11-14 22:35:48,739 [b7b0f9e6-a213-4288-a637-63e9f4ecb8f2@group-3A92813B12FB-LeaderElection45] INFO  server.RaftServerConfigKeys (ConfUtils.java:logGet(43)) - raft.server.rpc.sleep.time = 25ms (default)
2019-11-14 22:35:48,772 [b7b0f9e6-a213-4288-a637-63e9f4ecb8f2@group-3A92813B12FB-LeaderElection45] INFO  server.RaftServerConfigKeys (ConfUtils.java:logGet(43)) - raft.server.write.element-limit = 4096 (default)
2019-11-14 22:35:48,772 [b7b0f9e6-a213-4288-a637-63e9f4ecb8f2@group-3A92813B12FB-LeaderElection45] INFO  server.RaftServerConfigKeys (ConfUtils.java:logGet(43)) - raft.server.watch.timeout = 10s (default)
2019-11-14 22:35:48,773 [b7b0f9e6-a213-4288-a637-63e9f4ecb8f2@group-3A92813B12FB-LeaderElection45] INFO  server.RaftServerConfigKeys (ConfUtils.java:logGet(43)) - raft.server.watch.timeout.denomination = 1s (default)
2019-11-14 22:35:48,773 [b7b0f9e6-a213-4288-a637-63e9f4ecb8f2@group-3A92813B12FB-LeaderElection45] INFO  server.RaftServerConfigKeys (ConfUtils.java:logGet(43)) - raft.server.watch.element-limit = 65536 (default)
2019-11-14 22:35:48,773 [b7b0f9e6-a213-4288-a637-63e9f4ecb8f2@group-3A92813B12FB-LeaderElection45] INFO  impl.RoleInfo (RoleInfo.java:updateAndGet(143)) - b7b0f9e6-a213-4288-a637-63e9f4ecb8f2: start LeaderState
2019-11-14 22:35:48,773 [EventQueue-PipelineReportForPipelineReportHandler] INFO  pipeline.PipelineStateManager (PipelineStateManager.java:openPipeline(134)) - Pipeline Pipeline[ Id: a2c26cc9-1118-4c04-9478-3a92813b12fb, Nodes: b7b0f9e6-a213-4288-a637-63e9f4ecb8f2{ip: 192.168.69.65, host: pr-mpuissue-pdzcc-455137112, networkLocation: /default-rack, certSerialId: null}, Type:RATIS, Factor:ONE, State:OPEN] moved to OPEN state
2019-11-14 22:35:48,773 [b7b0f9e6-a213-4288-a637-63e9f4ecb8f2@group-3A92813B12FB-LeaderElection45] INFO  segmented.SegmentedRaftLogWorker (SegmentedRaftLogWorker.java:startLogSegment(385)) - b7b0f9e6-a213-4288-a637-63e9f4ecb8f2@group-3A92813B12FB-SegmentedRaftLogWorker: Starting segment from index:0
2019-11-14 22:35:48,774 [b7b0f9e6-a213-4288-a637-63e9f4ecb8f2@group-3A92813B12FB-LeaderElection45] INFO  impl.RaftServerImpl (ServerState.java:setRaftConf(356)) - b7b0f9e6-a213-4288-a637-63e9f4ecb8f2@group-3A92813B12FB: set configuration 0: [b7b0f9e6-a213-4288-a637-63e9f4ecb8f2:192.168.69.65:39870], old=null at 0
2019-11-14 22:35:48,779 [2427739b-b0e6-43d8-8c20-3c7e368f4410@group-D0F0E96E7337-LeaderElection46] INFO  impl.LeaderElection (LeaderElection.java:askForVotes(178)) - 2427739b-b0e6-43d8-8c20-3c7e368f4410@group-D0F0E96E7337-LeaderElection46: begin an election at term 1 for -1: [2427739b-b0e6-43d8-8c20-3c7e368f4410:192.168.69.65:43712], old=null
2019-11-14 22:35:48,779 [2427739b-b0e6-43d8-8c20-3c7e368f4410@group-D0F0E96E7337-LeaderElection46] INFO  impl.RoleInfo (RoleInfo.java:shutdownLeaderElection(134)) - 2427739b-b0e6-43d8-8c20-3c7e368f4410: shutdown LeaderElection
2019-11-14 22:35:48,779 [2427739b-b0e6-43d8-8c20-3c7e368f4410@group-D0F0E96E7337-LeaderElection46] INFO  impl.RaftServerImpl (RaftServerImpl.java:setRole(173)) - 2427739b-b0e6-43d8-8c20-3c7e368f4410@group-D0F0E96E7337: changes role from CANDIDATE to LEADER at term 1 for changeToLeader
2019-11-14 22:35:48,779 [2427739b-b0e6-43d8-8c20-3c7e368f4410@group-D0F0E96E7337-LeaderElection46] INFO  ratis.XceiverServerRatis (XceiverServerRatis.java:handleLeaderChangedNotification(697)) - Leader change notification received for group: group-D0F0E96E7337 with new leaderId: 2427739b-b0e6-43d8-8c20-3c7e368f4410
2019-11-14 22:35:48,780 [2427739b-b0e6-43d8-8c20-3c7e368f4410@group-D0F0E96E7337-LeaderElection46] INFO  impl.RaftServerImpl (ServerState.java:setLeader(255)) - 2427739b-b0e6-43d8-8c20-3c7e368f4410@group-D0F0E96E7337: change Leader from null to 2427739b-b0e6-43d8-8c20-3c7e368f4410 at term 1 for becomeLeader, leader elected after 1224ms
2019-11-14 22:35:48,780 [2427739b-b0e6-43d8-8c20-3c7e368f4410@group-D0F0E96E7337-LeaderElection46] INFO  server.RaftServerConfigKeys (ConfUtils.java:logGet(43)) - raft.server.staging.catchup.gap = 1000 (default)
2019-11-14 22:35:48,780 [2427739b-b0e6-43d8-8c20-3c7e368f4410@group-D0F0E96E7337-LeaderElection46] INFO  server.RaftServerConfigKeys (ConfUtils.java:logGet(43)) - raft.server.rpc.sleep.time = 25ms (default)
2019-11-14 22:35:48,811 [eb8bacec-1550-4eff-8b38-5938654b28d6@group-97B57FCEF67F-SegmentedRaftLogWorker] INFO  segmented.SegmentedRaftLogWorker (SegmentedRaftLogWorker.java:execute(576)) - eb8bacec-1550-4eff-8b38-5938654b28d6@group-97B57FCEF67F-SegmentedRaftLogWorker: created new log segment /workdir/hadoop-ozone/integration-test/target/test-dir/MiniOzoneClusterImpl-479ab7c1-aba1-4cab-b6ff-ec51363c42af/datanode-2/data/ratis/e967717a-be3b-4913-ac72-97b57fcef67f/current/log_inprogress_0
2019-11-14 22:35:48,811 [2427739b-b0e6-43d8-8c20-3c7e368f4410@group-D0F0E96E7337-LeaderElection46] INFO  server.RaftServerConfigKeys (ConfUtils.java:logGet(43)) - raft.server.write.element-limit = 4096 (default)
2019-11-14 22:35:48,811 [2427739b-b0e6-43d8-8c20-3c7e368f4410@group-D0F0E96E7337-LeaderElection46] INFO  server.RaftServerConfigKeys (ConfUtils.java:logGet(43)) - raft.server.watch.timeout = 10s (default)
2019-11-14 22:35:48,811 [2427739b-b0e6-43d8-8c20-3c7e368f4410@group-D0F0E96E7337-LeaderElection46] INFO  server.RaftServerConfigKeys (ConfUtils.java:logGet(43)) - raft.server.watch.timeout.denomination = 1s (default)
2019-11-14 22:35:48,811 [2427739b-b0e6-43d8-8c20-3c7e368f4410@group-D0F0E96E7337-LeaderElection46] INFO  server.RaftServerConfigKeys (ConfUtils.java:logGet(43)) - raft.server.watch.element-limit = 65536 (default)
2019-11-14 22:35:48,812 [EventQueue-PipelineReportForPipelineReportHandler] INFO  pipeline.PipelineStateManager (PipelineStateManager.java:openPipeline(134)) - Pipeline Pipeline[ Id: c2ada068-14c3-4fc5-a063-d0f0e96e7337, Nodes: 2427739b-b0e6-43d8-8c20-3c7e368f4410{ip: 192.168.69.65, host: pr-mpuissue-pdzcc-455137112, networkLocation: /default-rack, certSerialId: null}, Type:RATIS, Factor:ONE, State:OPEN] moved to OPEN state
2019-11-14 22:35:48,812 [2427739b-b0e6-43d8-8c20-3c7e368f4410@group-D0F0E96E7337-LeaderElection46] INFO  impl.RoleInfo (RoleInfo.java:updateAndGet(143)) - 2427739b-b0e6-43d8-8c20-3c7e368f4410: start LeaderState
2019-11-14 22:35:48,812 [2427739b-b0e6-43d8-8c20-3c7e368f4410@group-D0F0E96E7337-LeaderElection46] INFO  segmented.SegmentedRaftLogWorker (SegmentedRaftLogWorker.java:startLogSegment(385)) - 2427739b-b0e6-43d8-8c20-3c7e368f4410@group-D0F0E96E7337-SegmentedRaftLogWorker: Starting segment from index:0
2019-11-14 22:35:48,813 [2427739b-b0e6-43d8-8c20-3c7e368f4410@group-D0F0E96E7337-LeaderElection46] INFO  impl.RaftServerImpl (ServerState.java:setRaftConf(356)) - 2427739b-b0e6-43d8-8c20-3c7e368f4410@group-D0F0E96E7337: set configuration 0: [2427739b-b0e6-43d8-8c20-3c7e368f4410:192.168.69.65:43712], old=null at 0
2019-11-14 22:35:48,824 [b7b0f9e6-a213-4288-a637-63e9f4ecb8f2@group-3A92813B12FB-SegmentedRaftLogWorker] INFO  segmented.SegmentedRaftLogWorker (SegmentedRaftLogWorker.java:execute(576)) - b7b0f9e6-a213-4288-a637-63e9f4ecb8f2@group-3A92813B12FB-SegmentedRaftLogWorker: created new log segment /workdir/hadoop-ozone/integration-test/target/test-dir/MiniOzoneClusterImpl-479ab7c1-aba1-4cab-b6ff-ec51363c42af/datanode-1/data/ratis/a2c26cc9-1118-4c04-9478-3a92813b12fb/current/log_inprogress_0
2019-11-14 22:35:48,857 [Thread-1490] INFO  impl.FollowerState (FollowerState.java:run(111)) - eb8bacec-1550-4eff-8b38-5938654b28d6@group-3C50ACF7E7AE-FollowerState: change to CANDIDATE, lastRpcTime:1086ms, electionTimeout:1086ms
2019-11-14 22:35:48,857 [Thread-1490] INFO  impl.RoleInfo (RoleInfo.java:shutdownFollowerState(121)) - eb8bacec-1550-4eff-8b38-5938654b28d6: shutdown FollowerState
2019-11-14 22:35:48,857 [Thread-1490] INFO  impl.RaftServerImpl (RaftServerImpl.java:setRole(173)) - eb8bacec-1550-4eff-8b38-5938654b28d6@group-3C50ACF7E7AE: changes role from  FOLLOWER to CANDIDATE at term 0 for changeToCandidate
2019-11-14 22:35:48,858 [Thread-1490] INFO  impl.RoleInfo (RoleInfo.java:updateAndGet(143)) - eb8bacec-1550-4eff-8b38-5938654b28d6: start LeaderElection
2019-11-14 22:35:48,863 [Thread-1485] INFO  impl.FollowerState (FollowerState.java:run(111)) - b7b0f9e6-a213-4288-a637-63e9f4ecb8f2@group-3C50ACF7E7AE-FollowerState: change to CANDIDATE, lastRpcTime:1095ms, electionTimeout:1095ms
2019-11-14 22:35:48,863 [Thread-1485] INFO  impl.RoleInfo (RoleInfo.java:shutdownFollowerState(121)) - b7b0f9e6-a213-4288-a637-63e9f4ecb8f2: shutdown FollowerState
2019-11-14 22:35:48,863 [Thread-1485] INFO  impl.RaftServerImpl (RaftServerImpl.java:setRole(173)) - b7b0f9e6-a213-4288-a637-63e9f4ecb8f2@group-3C50ACF7E7AE: changes role from  FOLLOWER to CANDIDATE at term 0 for changeToCandidate
2019-11-14 22:35:48,863 [Thread-1485] INFO  impl.RoleInfo (RoleInfo.java:updateAndGet(143)) - b7b0f9e6-a213-4288-a637-63e9f4ecb8f2: start LeaderElection
2019-11-14 22:35:48,881 [2427739b-b0e6-43d8-8c20-3c7e368f4410@group-D0F0E96E7337-SegmentedRaftLogWorker] INFO  segmented.SegmentedRaftLogWorker (SegmentedRaftLogWorker.java:execute(576)) - 2427739b-b0e6-43d8-8c20-3c7e368f4410@group-D0F0E96E7337-SegmentedRaftLogWorker: created new log segment /workdir/hadoop-ozone/integration-test/target/test-dir/MiniOzoneClusterImpl-479ab7c1-aba1-4cab-b6ff-ec51363c42af/datanode-0/data/ratis/c2ada068-14c3-4fc5-a063-d0f0e96e7337/current/log_inprogress_0
2019-11-14 22:35:48,893 [b7b0f9e6-a213-4288-a637-63e9f4ecb8f2@group-3C50ACF7E7AE-LeaderElection48] INFO  impl.LeaderElection (LeaderElection.java:askForVotes(178)) - b7b0f9e6-a213-4288-a637-63e9f4ecb8f2@group-3C50ACF7E7AE-LeaderElection48: begin an election at term 1 for -1: [2427739b-b0e6-43d8-8c20-3c7e368f4410:192.168.69.65:43712, b7b0f9e6-a213-4288-a637-63e9f4ecb8f2:192.168.69.65:39870, eb8bacec-1550-4eff-8b38-5938654b28d6:192.168.69.65:45501], old=null
2019-11-14 22:35:48,893 [eb8bacec-1550-4eff-8b38-5938654b28d6@group-3C50ACF7E7AE-LeaderElection47] INFO  impl.LeaderElection (LeaderElection.java:askForVotes(178)) - eb8bacec-1550-4eff-8b38-5938654b28d6@group-3C50ACF7E7AE-LeaderElection47: begin an election at term 1 for -1: [2427739b-b0e6-43d8-8c20-3c7e368f4410:192.168.69.65:43712, b7b0f9e6-a213-4288-a637-63e9f4ecb8f2:192.168.69.65:39870, eb8bacec-1550-4eff-8b38-5938654b28d6:192.168.69.65:45501], old=null
2019-11-14 22:35:48,903 [grpc-default-executor-3] INFO  impl.RaftServerImpl (RaftServerImpl.java:setRole(173)) - 2427739b-b0e6-43d8-8c20-3c7e368f4410@group-3C50ACF7E7AE: changes role from  FOLLOWER to FOLLOWER at term 1 for recognizeCandidate:b7b0f9e6-a213-4288-a637-63e9f4ecb8f2
2019-11-14 22:35:48,903 [grpc-default-executor-3] INFO  impl.RoleInfo (RoleInfo.java:shutdownFollowerState(121)) - 2427739b-b0e6-43d8-8c20-3c7e368f4410: shutdown FollowerState
2019-11-14 22:35:48,903 [Thread-1489] INFO  impl.FollowerState (FollowerState.java:run(120)) - 2427739b-b0e6-43d8-8c20-3c7e368f4410@group-3C50ACF7E7AE-FollowerState was interrupted: java.lang.InterruptedException: sleep interrupted
2019-11-14 22:35:48,903 [grpc-default-executor-3] INFO  impl.RoleInfo (RoleInfo.java:updateAndGet(143)) - 2427739b-b0e6-43d8-8c20-3c7e368f4410: start FollowerState
2019-11-14 22:35:48,915 [b7b0f9e6-a213-4288-a637-63e9f4ecb8f2@group-3C50ACF7E7AE-LeaderElection48] INFO  impl.LeaderElection (LeaderElection.java:logAndReturn(56)) - b7b0f9e6-a213-4288-a637-63e9f4ecb8f2@group-3C50ACF7E7AE-LeaderElection48: Election PASSED; received 2 response(s) [b7b0f9e6-a213-4288-a637-63e9f4ecb8f2<-2427739b-b0e6-43d8-8c20-3c7e368f4410#0:OK-t1, b7b0f9e6-a213-4288-a637-63e9f4ecb8f2<-eb8bacec-1550-4eff-8b38-5938654b28d6#0:FAIL-t1] and 0 exception(s); b7b0f9e6-a213-4288-a637-63e9f4ecb8f2@group-3C50ACF7E7AE:t1, leader=null, voted=b7b0f9e6-a213-4288-a637-63e9f4ecb8f2, raftlog=b7b0f9e6-a213-4288-a637-63e9f4ecb8f2@group-3C50ACF7E7AE-SegmentedRaftLog:OPENED:c-1,f-1,i0, conf=-1: [2427739b-b0e6-43d8-8c20-3c7e368f4410:192.168.69.65:43712, b7b0f9e6-a213-4288-a637-63e9f4ecb8f2:192.168.69.65:39870, eb8bacec-1550-4eff-8b38-5938654b28d6:192.168.69.65:45501], old=null
2019-11-14 22:35:48,915 [eb8bacec-1550-4eff-8b38-5938654b28d6@group-3C50ACF7E7AE-LeaderElection47] INFO  impl.LeaderElection (LeaderElection.java:logAndReturn(56)) - eb8bacec-1550-4eff-8b38-5938654b28d6@group-3C50ACF7E7AE-LeaderElection47: Election REJECTED; received 2 response(s) [eb8bacec-1550-4eff-8b38-5938654b28d6<-b7b0f9e6-a213-4288-a637-63e9f4ecb8f2#0:FAIL-t1, eb8bacec-1550-4eff-8b38-5938654b28d6<-2427739b-b0e6-43d8-8c20-3c7e368f4410#0:FAIL-t1] and 0 exception(s); eb8bacec-1550-4eff-8b38-5938654b28d6@group-3C50ACF7E7AE:t1, leader=null, voted=eb8bacec-1550-4eff-8b38-5938654b28d6, raftlog=eb8bacec-1550-4eff-8b38-5938654b28d6@group-3C50ACF7E7AE-SegmentedRaftLog:OPENED:c-1,f-1,i0, conf=-1: [2427739b-b0e6-43d8-8c20-3c7e368f4410:192.168.69.65:43712, b7b0f9e6-a213-4288-a637-63e9f4ecb8f2:192.168.69.65:39870, eb8bacec-1550-4eff-8b38-5938654b28d6:192.168.69.65:45501], old=null
2019-11-14 22:35:48,915 [b7b0f9e6-a213-4288-a637-63e9f4ecb8f2@group-3C50ACF7E7AE-LeaderElection48] INFO  impl.RoleInfo (RoleInfo.java:shutdownLeaderElection(134)) - b7b0f9e6-a213-4288-a637-63e9f4ecb8f2: shutdown LeaderElection
2019-11-14 22:35:48,917 [eb8bacec-1550-4eff-8b38-5938654b28d6@group-3C50ACF7E7AE-LeaderElection47] INFO  impl.RaftServerImpl (RaftServerImpl.java:setRole(173)) - eb8bacec-1550-4eff-8b38-5938654b28d6@group-3C50ACF7E7AE: changes role from CANDIDATE to FOLLOWER at term 1 for DISCOVERED_A_NEW_TERM
2019-11-14 22:35:48,917 [b7b0f9e6-a213-4288-a637-63e9f4ecb8f2@group-3C50ACF7E7AE-LeaderElection48] INFO  impl.RaftServerImpl (RaftServerImpl.java:setRole(173)) - b7b0f9e6-a213-4288-a637-63e9f4ecb8f2@group-3C50ACF7E7AE: changes role from CANDIDATE to LEADER at term 1 for changeToLeader
2019-11-14 22:35:48,918 [eb8bacec-1550-4eff-8b38-5938654b28d6@group-3C50ACF7E7AE-LeaderElection47] INFO  impl.RoleInfo (RoleInfo.java:shutdownLeaderElection(134)) - eb8bacec-1550-4eff-8b38-5938654b28d6: shutdown LeaderElection
2019-11-14 22:35:48,918 [b7b0f9e6-a213-4288-a637-63e9f4ecb8f2@group-3C50ACF7E7AE-LeaderElection48] INFO  ratis.XceiverServerRatis (XceiverServerRatis.java:handleLeaderChangedNotification(697)) - Leader change notification received for group: group-3C50ACF7E7AE with new leaderId: b7b0f9e6-a213-4288-a637-63e9f4ecb8f2
2019-11-14 22:35:48,919 [eb8bacec-1550-4eff-8b38-5938654b28d6@group-3C50ACF7E7AE-LeaderElection47] INFO  impl.RoleInfo (RoleInfo.java:updateAndGet(143)) - eb8bacec-1550-4eff-8b38-5938654b28d6: start FollowerState
2019-11-14 22:35:48,919 [b7b0f9e6-a213-4288-a637-63e9f4ecb8f2@group-3C50ACF7E7AE-LeaderElection48] INFO  impl.RaftServerImpl (ServerState.java:setLeader(255)) - b7b0f9e6-a213-4288-a637-63e9f4ecb8f2@group-3C50ACF7E7AE: change Leader from null to b7b0f9e6-a213-4288-a637-63e9f4ecb8f2 at term 1 for becomeLeader, leader elected after 1155ms
2019-11-14 22:35:48,919 [b7b0f9e6-a213-4288-a637-63e9f4ecb8f2@group-3C50ACF7E7AE-LeaderElection48] INFO  server.RaftServerConfigKeys (ConfUtils.java:logGet(43)) - raft.server.staging.catchup.gap = 1000 (default)
2019-11-14 22:35:48,919 [b7b0f9e6-a213-4288-a637-63e9f4ecb8f2@group-3C50ACF7E7AE-LeaderElection48] INFO  server.RaftServerConfigKeys (ConfUtils.java:logGet(43)) - raft.server.rpc.sleep.time = 25ms (default)
2019-11-14 22:35:48,919 [b7b0f9e6-a213-4288-a637-63e9f4ecb8f2@group-3C50ACF7E7AE-LeaderElection48] INFO  server.RaftServerConfigKeys (ConfUtils.java:logGet(43)) - raft.server.write.element-limit = 4096 (default)
2019-11-14 22:35:48,920 [b7b0f9e6-a213-4288-a637-63e9f4ecb8f2@group-3C50ACF7E7AE-LeaderElection48] INFO  server.RaftServerConfigKeys (ConfUtils.java:logGet(43)) - raft.server.watch.timeout = 10s (default)
2019-11-14 22:35:48,920 [b7b0f9e6-a213-4288-a637-63e9f4ecb8f2@group-3C50ACF7E7AE-LeaderElection48] INFO  server.RaftServerConfigKeys (ConfUtils.java:logGet(43)) - raft.server.watch.timeout.denomination = 1s (default)
2019-11-14 22:35:48,920 [b7b0f9e6-a213-4288-a637-63e9f4ecb8f2@group-3C50ACF7E7AE-LeaderElection48] INFO  server.RaftServerConfigKeys (ConfUtils.java:logGet(43)) - raft.server.watch.element-limit = 65536 (default)
2019-11-14 22:35:48,920 [b7b0f9e6-a213-4288-a637-63e9f4ecb8f2@group-3C50ACF7E7AE-LeaderElection48] INFO  server.RaftServerConfigKeys (ConfUtils.java:logGet(43)) - raft.server.log.appender.snapshot.chunk.size.max = 16MB (=16777216) (default)
2019-11-14 22:35:48,920 [EventQueue-PipelineReportForPipelineReportHandler] INFO  pipeline.PipelineStateManager (PipelineStateManager.java:openPipeline(134)) - Pipeline Pipeline[ Id: 5faf9fdd-6bc8-466a-a581-3c50acf7e7ae, Nodes: 2427739b-b0e6-43d8-8c20-3c7e368f4410{ip: 192.168.69.65, host: pr-mpuissue-pdzcc-455137112, networkLocation: /default-rack, certSerialId: null}eb8bacec-1550-4eff-8b38-5938654b28d6{ip: 192.168.69.65, host: pr-mpuissue-pdzcc-455137112, networkLocation: /default-rack, certSerialId: null}b7b0f9e6-a213-4288-a637-63e9f4ecb8f2{ip: 192.168.69.65, host: pr-mpuissue-pdzcc-455137112, networkLocation: /default-rack, certSerialId: null}, Type:RATIS, Factor:THREE, State:OPEN] moved to OPEN state
2019-11-14 22:35:48,921 [b7b0f9e6-a213-4288-a637-63e9f4ecb8f2@group-3C50ACF7E7AE-LeaderElection48] INFO  server.RaftServerConfigKeys (ConfUtils.java:logGet(43)) - raft.server.log.appender.buffer.byte-limit = 33554432 (custom)
2019-11-14 22:35:48,921 [b7b0f9e6-a213-4288-a637-63e9f4ecb8f2@group-3C50ACF7E7AE-LeaderElection48] INFO  server.RaftServerConfigKeys (ConfUtils.java:logGet(43)) - raft.server.log.appender.buffer.element-limit = 1 (custom)
2019-11-14 22:35:48,921 [b7b0f9e6-a213-4288-a637-63e9f4ecb8f2@group-3C50ACF7E7AE-LeaderElection48] INFO  grpc.GrpcConfigKeys$Server (ConfUtils.java:logGet(43)) - raft.grpc.server.leader.outstanding.appends.max = 128 (default)
2019-11-14 22:35:48,921 [b7b0f9e6-a213-4288-a637-63e9f4ecb8f2@group-3C50ACF7E7AE-LeaderElection48] INFO  server.RaftServerConfigKeys (ConfUtils.java:logGet(43)) - raft.server.rpc.request.timeout = 3000ms (default)
2019-11-14 22:35:48,921 [b7b0f9e6-a213-4288-a637-63e9f4ecb8f2@group-3C50ACF7E7AE-LeaderElection48] INFO  server.RaftServerConfigKeys (ConfUtils.java:logGet(43)) - raft.server.log.appender.install.snapshot.enabled = false (custom)
2019-11-14 22:35:48,922 [b7b0f9e6-a213-4288-a637-63e9f4ecb8f2@group-3C50ACF7E7AE-LeaderElection48] WARN  impl.MetricRegistriesImpl (MetricRegistriesImpl.java:lambda$create$1(61)) - First MetricRegistry has been created without registering reporters. You may need to call MetricRegistries.global().addReportRegistration(...) before.
2019-11-14 22:35:48,922 [b7b0f9e6-a213-4288-a637-63e9f4ecb8f2@group-3C50ACF7E7AE-LeaderElection48] INFO  server.RaftServerConfigKeys (ConfUtils.java:logGet(43)) - raft.server.log.appender.snapshot.chunk.size.max = 16MB (=16777216) (default)
2019-11-14 22:35:48,922 [b7b0f9e6-a213-4288-a637-63e9f4ecb8f2@group-3C50ACF7E7AE-LeaderElection48] INFO  server.RaftServerConfigKeys (ConfUtils.java:logGet(43)) - raft.server.log.appender.buffer.byte-limit = 33554432 (custom)
2019-11-14 22:35:48,922 [b7b0f9e6-a213-4288-a637-63e9f4ecb8f2@group-3C50ACF7E7AE-LeaderElection48] INFO  server.RaftServerConfigKeys (ConfUtils.java:logGet(43)) - raft.server.log.appender.buffer.element-limit = 1 (custom)
2019-11-14 22:35:48,922 [b7b0f9e6-a213-4288-a637-63e9f4ecb8f2@group-3C50ACF7E7AE-LeaderElection48] INFO  grpc.GrpcConfigKeys$Server (ConfUtils.java:logGet(43)) - raft.grpc.server.leader.outstanding.appends.max = 128 (default)
2019-11-14 22:35:48,923 [b7b0f9e6-a213-4288-a637-63e9f4ecb8f2@group-3C50ACF7E7AE-LeaderElection48] INFO  server.RaftServerConfigKeys (ConfUtils.java:logGet(43)) - raft.server.rpc.request.timeout = 3000ms (default)
2019-11-14 22:35:48,923 [b7b0f9e6-a213-4288-a637-63e9f4ecb8f2@group-3C50ACF7E7AE-LeaderElection48] INFO  server.RaftServerConfigKeys (ConfUtils.java:logGet(43)) - raft.server.log.appender.install.snapshot.enabled = false (custom)
2019-11-14 22:35:48,923 [b7b0f9e6-a213-4288-a637-63e9f4ecb8f2@group-3C50ACF7E7AE-LeaderElection48] INFO  impl.RoleInfo (RoleInfo.java:updateAndGet(143)) - b7b0f9e6-a213-4288-a637-63e9f4ecb8f2: start LeaderState
2019-11-14 22:35:48,923 [b7b0f9e6-a213-4288-a637-63e9f4ecb8f2@group-3C50ACF7E7AE-LeaderElection48] INFO  segmented.SegmentedRaftLogWorker (SegmentedRaftLogWorker.java:startLogSegment(385)) - b7b0f9e6-a213-4288-a637-63e9f4ecb8f2@group-3C50ACF7E7AE-SegmentedRaftLogWorker: Starting segment from index:0
2019-11-14 22:35:48,924 [b7b0f9e6-a213-4288-a637-63e9f4ecb8f2@group-3C50ACF7E7AE-LeaderElection48] INFO  impl.RaftServerImpl (ServerState.java:setRaftConf(356)) - b7b0f9e6-a213-4288-a637-63e9f4ecb8f2@group-3C50ACF7E7AE: set configuration 0: [2427739b-b0e6-43d8-8c20-3c7e368f4410:192.168.69.65:43712, b7b0f9e6-a213-4288-a637-63e9f4ecb8f2:192.168.69.65:39870, eb8bacec-1550-4eff-8b38-5938654b28d6:192.168.69.65:45501], old=null at 0
2019-11-14 22:35:48,953 [grpc-default-executor-0] INFO  ratis.XceiverServerRatis (XceiverServerRatis.java:handleLeaderChangedNotification(697)) - Leader change notification received for group: group-3C50ACF7E7AE with new leaderId: b7b0f9e6-a213-4288-a637-63e9f4ecb8f2
2019-11-14 22:35:48,954 [grpc-default-executor-3] INFO  ratis.XceiverServerRatis (XceiverServerRatis.java:handleLeaderChangedNotification(697)) - Leader change notification received for group: group-3C50ACF7E7AE with new leaderId: b7b0f9e6-a213-4288-a637-63e9f4ecb8f2
2019-11-14 22:35:48,955 [grpc-default-executor-0] INFO  impl.RaftServerImpl (ServerState.java:setLeader(255)) - eb8bacec-1550-4eff-8b38-5938654b28d6@group-3C50ACF7E7AE: change Leader from null to b7b0f9e6-a213-4288-a637-63e9f4ecb8f2 at term 1 for appendEntries, leader elected after 1190ms
2019-11-14 22:35:48,955 [grpc-default-executor-3] INFO  impl.RaftServerImpl (ServerState.java:setLeader(255)) - 2427739b-b0e6-43d8-8c20-3c7e368f4410@group-3C50ACF7E7AE: change Leader from null to b7b0f9e6-a213-4288-a637-63e9f4ecb8f2 at term 1 for appendEntries, leader elected after 1190ms
2019-11-14 22:35:48,957 [grpc-default-executor-3] INFO  impl.RaftServerImpl (ServerState.java:setRaftConf(356)) - eb8bacec-1550-4eff-8b38-5938654b28d6@group-3C50ACF7E7AE: set configuration 0: [2427739b-b0e6-43d8-8c20-3c7e368f4410:192.168.69.65:43712, b7b0f9e6-a213-4288-a637-63e9f4ecb8f2:192.168.69.65:39870, eb8bacec-1550-4eff-8b38-5938654b28d6:192.168.69.65:45501], old=null at 0
2019-11-14 22:35:48,957 [grpc-default-executor-0] INFO  impl.RaftServerImpl (ServerState.java:setRaftConf(356)) - 2427739b-b0e6-43d8-8c20-3c7e368f4410@group-3C50ACF7E7AE: set configuration 0: [2427739b-b0e6-43d8-8c20-3c7e368f4410:192.168.69.65:43712, b7b0f9e6-a213-4288-a637-63e9f4ecb8f2:192.168.69.65:39870, eb8bacec-1550-4eff-8b38-5938654b28d6:192.168.69.65:45501], old=null at 0
2019-11-14 22:35:48,957 [grpc-default-executor-3] INFO  segmented.SegmentedRaftLogWorker (SegmentedRaftLogWorker.java:startLogSegment(385)) - eb8bacec-1550-4eff-8b38-5938654b28d6@group-3C50ACF7E7AE-SegmentedRaftLogWorker: Starting segment from index:0
2019-11-14 22:35:48,958 [grpc-default-executor-0] INFO  segmented.SegmentedRaftLogWorker (SegmentedRaftLogWorker.java:startLogSegment(385)) - 2427739b-b0e6-43d8-8c20-3c7e368f4410@group-3C50ACF7E7AE-SegmentedRaftLogWorker: Starting segment from index:0
2019-11-14 22:35:48,973 [b7b0f9e6-a213-4288-a637-63e9f4ecb8f2@group-3C50ACF7E7AE-SegmentedRaftLogWorker] INFO  segmented.SegmentedRaftLogWorker (SegmentedRaftLogWorker.java:execute(576)) - b7b0f9e6-a213-4288-a637-63e9f4ecb8f2@group-3C50ACF7E7AE-SegmentedRaftLogWorker: created new log segment /workdir/hadoop-ozone/integration-test/target/test-dir/MiniOzoneClusterImpl-479ab7c1-aba1-4cab-b6ff-ec51363c42af/datanode-1/data/ratis/5faf9fdd-6bc8-466a-a581-3c50acf7e7ae/current/log_inprogress_0
2019-11-14 22:35:48,989 [2427739b-b0e6-43d8-8c20-3c7e368f4410@group-3C50ACF7E7AE-SegmentedRaftLogWorker] INFO  segmented.SegmentedRaftLogWorker (SegmentedRaftLogWorker.java:execute(576)) - 2427739b-b0e6-43d8-8c20-3c7e368f4410@group-3C50ACF7E7AE-SegmentedRaftLogWorker: created new log segment /workdir/hadoop-ozone/integration-test/target/test-dir/MiniOzoneClusterImpl-479ab7c1-aba1-4cab-b6ff-ec51363c42af/datanode-0/data/ratis/5faf9fdd-6bc8-466a-a581-3c50acf7e7ae/current/log_inprogress_0
2019-11-14 22:35:49,007 [eb8bacec-1550-4eff-8b38-5938654b28d6@group-3C50ACF7E7AE-SegmentedRaftLogWorker] INFO  segmented.SegmentedRaftLogWorker (SegmentedRaftLogWorker.java:execute(576)) - eb8bacec-1550-4eff-8b38-5938654b28d6@group-3C50ACF7E7AE-SegmentedRaftLogWorker: created new log segment /workdir/hadoop-ozone/integration-test/target/test-dir/MiniOzoneClusterImpl-479ab7c1-aba1-4cab-b6ff-ec51363c42af/datanode-2/data/ratis/5faf9fdd-6bc8-466a-a581-3c50acf7e7ae/current/log_inprogress_0
2019-11-14 22:35:49,008 [Thread-1494] INFO  impl.FollowerState (FollowerState.java:run(111)) - 76b3b274-17aa-4635-9ecc-8bffa687e80e@group-CA8941981A1D-FollowerState: change to CANDIDATE, lastRpcTime:1154ms, electionTimeout:1154ms
2019-11-14 22:35:49,008 [Thread-1494] INFO  impl.RoleInfo (RoleInfo.java:shutdownFollowerState(121)) - 76b3b274-17aa-4635-9ecc-8bffa687e80e: shutdown FollowerState
2019-11-14 22:35:49,008 [Thread-1494] INFO  impl.RaftServerImpl (RaftServerImpl.java:setRole(173)) - 76b3b274-17aa-4635-9ecc-8bffa687e80e@group-CA8941981A1D: changes role from  FOLLOWER to CANDIDATE at term 0 for changeToCandidate
2019-11-14 22:35:49,008 [Thread-1494] INFO  impl.RoleInfo (RoleInfo.java:updateAndGet(143)) - 76b3b274-17aa-4635-9ecc-8bffa687e80e: start LeaderElection
2019-11-14 22:35:49,029 [76b3b274-17aa-4635-9ecc-8bffa687e80e@group-CA8941981A1D-LeaderElection49] INFO  impl.LeaderElection (LeaderElection.java:askForVotes(178)) - 76b3b274-17aa-4635-9ecc-8bffa687e80e@group-CA8941981A1D-LeaderElection49: begin an election at term 1 for -1: [76b3b274-17aa-4635-9ecc-8bffa687e80e:192.168.69.65:46135], old=null
2019-11-14 22:35:49,029 [76b3b274-17aa-4635-9ecc-8bffa687e80e@group-CA8941981A1D-LeaderElection49] INFO  impl.RoleInfo (RoleInfo.java:shutdownLeaderElection(134)) - 76b3b274-17aa-4635-9ecc-8bffa687e80e: shutdown LeaderElection
2019-11-14 22:35:49,030 [76b3b274-17aa-4635-9ecc-8bffa687e80e@group-CA8941981A1D-LeaderElection49] INFO  impl.RaftServerImpl (RaftServerImpl.java:setRole(173)) - 76b3b274-17aa-4635-9ecc-8bffa687e80e@group-CA8941981A1D: changes role from CANDIDATE to LEADER at term 1 for changeToLeader
2019-11-14 22:35:49,030 [76b3b274-17aa-4635-9ecc-8bffa687e80e@group-CA8941981A1D-LeaderElection49] INFO  ratis.XceiverServerRatis (XceiverServerRatis.java:handleLeaderChangedNotification(697)) - Leader change notification received for group: group-CA8941981A1D with new leaderId: 76b3b274-17aa-4635-9ecc-8bffa687e80e
2019-11-14 22:35:49,030 [Thread-1497] INFO  impl.FollowerState (FollowerState.java:run(111)) - 71039d87-f713-4353-b155-a31bf00200f2@group-22D9F267A6BB-FollowerState: change to CANDIDATE, lastRpcTime:1110ms, electionTimeout:1110ms
2019-11-14 22:35:49,030 [76b3b274-17aa-4635-9ecc-8bffa687e80e@group-CA8941981A1D-LeaderElection49] INFO  impl.RaftServerImpl (ServerState.java:setLeader(255)) - 76b3b274-17aa-4635-9ecc-8bffa687e80e@group-CA8941981A1D: change Leader from null to 76b3b274-17aa-4635-9ecc-8bffa687e80e at term 1 for becomeLeader, leader elected after 1181ms
2019-11-14 22:35:49,030 [Thread-1497] INFO  impl.RoleInfo (RoleInfo.java:shutdownFollowerState(121)) - 71039d87-f713-4353-b155-a31bf00200f2: shutdown FollowerState
2019-11-14 22:35:49,030 [76b3b274-17aa-4635-9ecc-8bffa687e80e@group-CA8941981A1D-LeaderElection49] INFO  server.RaftServerConfigKeys (ConfUtils.java:logGet(43)) - raft.server.staging.catchup.gap = 1000 (default)
2019-11-14 22:35:49,030 [Thread-1497] INFO  impl.RaftServerImpl (RaftServerImpl.java:setRole(173)) - 71039d87-f713-4353-b155-a31bf00200f2@group-22D9F267A6BB: changes role from  FOLLOWER to CANDIDATE at term 0 for changeToCandidate
2019-11-14 22:35:49,031 [76b3b274-17aa-4635-9ecc-8bffa687e80e@group-CA8941981A1D-LeaderElection49] INFO  server.RaftServerConfigKeys (ConfUtils.java:logGet(43)) - raft.server.rpc.sleep.time = 25ms (default)
2019-11-14 22:35:49,031 [Thread-1497] INFO  impl.RoleInfo (RoleInfo.java:updateAndGet(143)) - 71039d87-f713-4353-b155-a31bf00200f2: start LeaderElection
2019-11-14 22:35:49,033 [76b3b274-17aa-4635-9ecc-8bffa687e80e@group-CA8941981A1D-LeaderElection49] INFO  server.RaftServerConfigKeys (ConfUtils.java:logGet(43)) - raft.server.write.element-limit = 4096 (default)
2019-11-14 22:35:49,036 [76b3b274-17aa-4635-9ecc-8bffa687e80e@group-CA8941981A1D-LeaderElection49] INFO  server.RaftServerConfigKeys (ConfUtils.java:logGet(43)) - raft.server.watch.timeout = 10s (default)
2019-11-14 22:35:49,036 [76b3b274-17aa-4635-9ecc-8bffa687e80e@group-CA8941981A1D-LeaderElection49] INFO  server.RaftServerConfigKeys (ConfUtils.java:logGet(43)) - raft.server.watch.timeout.denomination = 1s (default)
2019-11-14 22:35:49,036 [76b3b274-17aa-4635-9ecc-8bffa687e80e@group-CA8941981A1D-LeaderElection49] INFO  server.RaftServerConfigKeys (ConfUtils.java:logGet(43)) - raft.server.watch.element-limit = 65536 (default)
2019-11-14 22:35:49,036 [EventQueue-PipelineReportForPipelineReportHandler] INFO  pipeline.PipelineStateManager (PipelineStateManager.java:openPipeline(134)) - Pipeline Pipeline[ Id: f7a8f441-bfe6-4f96-90c1-ca8941981a1d, Nodes: 76b3b274-17aa-4635-9ecc-8bffa687e80e{ip: 192.168.69.65, host: pr-mpuissue-pdzcc-455137112, networkLocation: /default-rack, certSerialId: null}, Type:RATIS, Factor:ONE, State:OPEN] moved to OPEN state
2019-11-14 22:35:49,036 [76b3b274-17aa-4635-9ecc-8bffa687e80e@group-CA8941981A1D-LeaderElection49] INFO  impl.RoleInfo (RoleInfo.java:updateAndGet(143)) - 76b3b274-17aa-4635-9ecc-8bffa687e80e: start LeaderState
2019-11-14 22:35:49,036 [76b3b274-17aa-4635-9ecc-8bffa687e80e@group-CA8941981A1D-LeaderElection49] INFO  segmented.SegmentedRaftLogWorker (SegmentedRaftLogWorker.java:startLogSegment(385)) - 76b3b274-17aa-4635-9ecc-8bffa687e80e@group-CA8941981A1D-SegmentedRaftLogWorker: Starting segment from index:0
2019-11-14 22:35:49,037 [76b3b274-17aa-4635-9ecc-8bffa687e80e@group-CA8941981A1D-LeaderElection49] INFO  impl.RaftServerImpl (ServerState.java:setRaftConf(356)) - 76b3b274-17aa-4635-9ecc-8bffa687e80e@group-CA8941981A1D: set configuration 0: [76b3b274-17aa-4635-9ecc-8bffa687e80e:192.168.69.65:46135], old=null at 0
2019-11-14 22:35:49,045 [Thread-1500] INFO  impl.FollowerState (FollowerState.java:run(111)) - 134e3363-1f82-43b5-a94b-e408c514013d@group-25DC282C183E-FollowerState: change to CANDIDATE, lastRpcTime:1059ms, electionTimeout:1059ms
2019-11-14 22:35:49,045 [Thread-1500] INFO  impl.RoleInfo (RoleInfo.java:shutdownFollowerState(121)) - 134e3363-1f82-43b5-a94b-e408c514013d: shutdown FollowerState
2019-11-14 22:35:49,045 [Thread-1500] INFO  impl.RaftServerImpl (RaftServerImpl.java:setRole(173)) - 134e3363-1f82-43b5-a94b-e408c514013d@group-25DC282C183E: changes role from  FOLLOWER to CANDIDATE at term 0 for changeToCandidate
2019-11-14 22:35:49,045 [Thread-1500] INFO  impl.RoleInfo (RoleInfo.java:updateAndGet(143)) - 134e3363-1f82-43b5-a94b-e408c514013d: start LeaderElection
2019-11-14 22:35:49,064 [71039d87-f713-4353-b155-a31bf00200f2@group-22D9F267A6BB-LeaderElection50] INFO  impl.LeaderElection (LeaderElection.java:askForVotes(178)) - 71039d87-f713-4353-b155-a31bf00200f2@group-22D9F267A6BB-LeaderElection50: begin an election at term 1 for -1: [71039d87-f713-4353-b155-a31bf00200f2:192.168.69.65:44128], old=null
2019-11-14 22:35:49,064 [71039d87-f713-4353-b155-a31bf00200f2@group-22D9F267A6BB-LeaderElection50] INFO  impl.RoleInfo (RoleInfo.java:shutdownLeaderElection(134)) - 71039d87-f713-4353-b155-a31bf00200f2: shutdown LeaderElection
2019-11-14 22:35:49,064 [71039d87-f713-4353-b155-a31bf00200f2@group-22D9F267A6BB-LeaderElection50] INFO  impl.RaftServerImpl (RaftServerImpl.java:setRole(173)) - 71039d87-f713-4353-b155-a31bf00200f2@group-22D9F267A6BB: changes role from CANDIDATE to LEADER at term 1 for changeToLeader
2019-11-14 22:35:49,064 [71039d87-f713-4353-b155-a31bf00200f2@group-22D9F267A6BB-LeaderElection50] INFO  ratis.XceiverServerRatis (XceiverServerRatis.java:handleLeaderChangedNotification(697)) - Leader change notification received for group: group-22D9F267A6BB with new leaderId: 71039d87-f713-4353-b155-a31bf00200f2
2019-11-14 22:35:49,064 [71039d87-f713-4353-b155-a31bf00200f2@group-22D9F267A6BB-LeaderElection50] INFO  impl.RaftServerImpl (ServerState.java:setLeader(255)) - 71039d87-f713-4353-b155-a31bf00200f2@group-22D9F267A6BB: change Leader from null to 71039d87-f713-4353-b155-a31bf00200f2 at term 1 for becomeLeader, leader elected after 1149ms
2019-11-14 22:35:49,064 [71039d87-f713-4353-b155-a31bf00200f2@group-22D9F267A6BB-LeaderElection50] INFO  server.RaftServerConfigKeys (ConfUtils.java:logGet(43)) - raft.server.staging.catchup.gap = 1000 (default)
2019-11-14 22:35:49,064 [71039d87-f713-4353-b155-a31bf00200f2@group-22D9F267A6BB-LeaderElection50] INFO  server.RaftServerConfigKeys (ConfUtils.java:logGet(43)) - raft.server.rpc.sleep.time = 25ms (default)
2019-11-14 22:35:49,066 [71039d87-f713-4353-b155-a31bf00200f2@group-22D9F267A6BB-LeaderElection50] INFO  server.RaftServerConfigKeys (ConfUtils.java:logGet(43)) - raft.server.write.element-limit = 4096 (default)
2019-11-14 22:35:49,066 [71039d87-f713-4353-b155-a31bf00200f2@group-22D9F267A6BB-LeaderElection50] INFO  server.RaftServerConfigKeys (ConfUtils.java:logGet(43)) - raft.server.watch.timeout = 10s (default)
2019-11-14 22:35:49,066 [71039d87-f713-4353-b155-a31bf00200f2@group-22D9F267A6BB-LeaderElection50] INFO  server.RaftServerConfigKeys (ConfUtils.java:logGet(43)) - raft.server.watch.timeout.denomination = 1s (default)
2019-11-14 22:35:49,066 [71039d87-f713-4353-b155-a31bf00200f2@group-22D9F267A6BB-LeaderElection50] INFO  server.RaftServerConfigKeys (ConfUtils.java:logGet(43)) - raft.server.watch.element-limit = 65536 (default)
2019-11-14 22:35:49,066 [71039d87-f713-4353-b155-a31bf00200f2@group-22D9F267A6BB-LeaderElection50] INFO  impl.RoleInfo (RoleInfo.java:updateAndGet(143)) - 71039d87-f713-4353-b155-a31bf00200f2: start LeaderState
2019-11-14 22:35:49,067 [71039d87-f713-4353-b155-a31bf00200f2@group-22D9F267A6BB-LeaderElection50] INFO  segmented.SegmentedRaftLogWorker (SegmentedRaftLogWorker.java:startLogSegment(385)) - 71039d87-f713-4353-b155-a31bf00200f2@group-22D9F267A6BB-SegmentedRaftLogWorker: Starting segment from index:0
2019-11-14 22:35:49,067 [EventQueue-PipelineReportForPipelineReportHandler] INFO  pipeline.PipelineStateManager (PipelineStateManager.java:openPipeline(134)) - Pipeline Pipeline[ Id: 14526979-be71-4398-836e-22d9f267a6bb, Nodes: 71039d87-f713-4353-b155-a31bf00200f2{ip: 192.168.69.65, host: pr-mpuissue-pdzcc-455137112, networkLocation: /default-rack, certSerialId: null}, Type:RATIS, Factor:ONE, State:OPEN] moved to OPEN state
2019-11-14 22:35:49,067 [71039d87-f713-4353-b155-a31bf00200f2@group-22D9F267A6BB-LeaderElection50] INFO  impl.RaftServerImpl (ServerState.java:setRaftConf(356)) - 71039d87-f713-4353-b155-a31bf00200f2@group-22D9F267A6BB: set configuration 0: [71039d87-f713-4353-b155-a31bf00200f2:192.168.69.65:44128], old=null at 0
2019-11-14 22:35:49,072 [main] INFO  ozone.MiniOzoneClusterImpl (MiniOzoneClusterImpl.java:lambda$waitForClusterToBeReady$2(163)) - Waiting for 2 number of pipelines out of 8, to report a leader.
2019-11-14 22:35:49,085 [76b3b274-17aa-4635-9ecc-8bffa687e80e@group-CA8941981A1D-SegmentedRaftLogWorker] INFO  segmented.SegmentedRaftLogWorker (SegmentedRaftLogWorker.java:execute(576)) - 76b3b274-17aa-4635-9ecc-8bffa687e80e@group-CA8941981A1D-SegmentedRaftLogWorker: created new log segment /workdir/hadoop-ozone/integration-test/target/test-dir/MiniOzoneClusterImpl-479ab7c1-aba1-4cab-b6ff-ec51363c42af/datanode-4/data/ratis/f7a8f441-bfe6-4f96-90c1-ca8941981a1d/current/log_inprogress_0
2019-11-14 22:35:49,086 [134e3363-1f82-43b5-a94b-e408c514013d@group-25DC282C183E-LeaderElection51] INFO  impl.LeaderElection (LeaderElection.java:askForVotes(178)) - 134e3363-1f82-43b5-a94b-e408c514013d@group-25DC282C183E-LeaderElection51: begin an election at term 1 for -1: [134e3363-1f82-43b5-a94b-e408c514013d:192.168.69.65:38811], old=null
2019-11-14 22:35:49,086 [134e3363-1f82-43b5-a94b-e408c514013d@group-25DC282C183E-LeaderElection51] INFO  impl.RoleInfo (RoleInfo.java:shutdownLeaderElection(134)) - 134e3363-1f82-43b5-a94b-e408c514013d: shutdown LeaderElection
2019-11-14 22:35:49,086 [134e3363-1f82-43b5-a94b-e408c514013d@group-25DC282C183E-LeaderElection51] INFO  impl.RaftServerImpl (RaftServerImpl.java:setRole(173)) - 134e3363-1f82-43b5-a94b-e408c514013d@group-25DC282C183E: changes role from CANDIDATE to LEADER at term 1 for changeToLeader
2019-11-14 22:35:49,086 [134e3363-1f82-43b5-a94b-e408c514013d@group-25DC282C183E-LeaderElection51] INFO  ratis.XceiverServerRatis (XceiverServerRatis.java:handleLeaderChangedNotification(697)) - Leader change notification received for group: group-25DC282C183E with new leaderId: 134e3363-1f82-43b5-a94b-e408c514013d
2019-11-14 22:35:49,086 [134e3363-1f82-43b5-a94b-e408c514013d@group-25DC282C183E-LeaderElection51] INFO  impl.RaftServerImpl (ServerState.java:setLeader(255)) - 134e3363-1f82-43b5-a94b-e408c514013d@group-25DC282C183E: change Leader from null to 134e3363-1f82-43b5-a94b-e408c514013d at term 1 for becomeLeader, leader elected after 1104ms
2019-11-14 22:35:49,086 [134e3363-1f82-43b5-a94b-e408c514013d@group-25DC282C183E-LeaderElection51] INFO  server.RaftServerConfigKeys (ConfUtils.java:logGet(43)) - raft.server.staging.catchup.gap = 1000 (default)
2019-11-14 22:35:49,086 [134e3363-1f82-43b5-a94b-e408c514013d@group-25DC282C183E-LeaderElection51] INFO  server.RaftServerConfigKeys (ConfUtils.java:logGet(43)) - raft.server.rpc.sleep.time = 25ms (default)
2019-11-14 22:35:49,101 [134e3363-1f82-43b5-a94b-e408c514013d@group-25DC282C183E-LeaderElection51] INFO  server.RaftServerConfigKeys (ConfUtils.java:logGet(43)) - raft.server.write.element-limit = 4096 (default)
2019-11-14 22:35:49,101 [134e3363-1f82-43b5-a94b-e408c514013d@group-25DC282C183E-LeaderElection51] INFO  server.RaftServerConfigKeys (ConfUtils.java:logGet(43)) - raft.server.watch.timeout = 10s (default)
2019-11-14 22:35:49,101 [134e3363-1f82-43b5-a94b-e408c514013d@group-25DC282C183E-LeaderElection51] INFO  server.RaftServerConfigKeys (ConfUtils.java:logGet(43)) - raft.server.watch.timeout.denomination = 1s (default)
2019-11-14 22:35:49,102 [134e3363-1f82-43b5-a94b-e408c514013d@group-25DC282C183E-LeaderElection51] INFO  server.RaftServerConfigKeys (ConfUtils.java:logGet(43)) - raft.server.watch.element-limit = 65536 (default)
2019-11-14 22:35:49,102 [134e3363-1f82-43b5-a94b-e408c514013d@group-25DC282C183E-LeaderElection51] INFO  impl.RoleInfo (RoleInfo.java:updateAndGet(143)) - 134e3363-1f82-43b5-a94b-e408c514013d: start LeaderState
2019-11-14 22:35:49,102 [EventQueue-PipelineReportForPipelineReportHandler] INFO  pipeline.PipelineStateManager (PipelineStateManager.java:openPipeline(134)) - Pipeline Pipeline[ Id: 796cbbe6-fc2b-4dbe-8c0f-25dc282c183e, Nodes: 134e3363-1f82-43b5-a94b-e408c514013d{ip: 192.168.69.65, host: pr-mpuissue-pdzcc-455137112, networkLocation: /default-rack, certSerialId: null}, Type:RATIS, Factor:ONE, State:OPEN] moved to OPEN state
2019-11-14 22:35:49,102 [134e3363-1f82-43b5-a94b-e408c514013d@group-25DC282C183E-LeaderElection51] INFO  segmented.SegmentedRaftLogWorker (SegmentedRaftLogWorker.java:startLogSegment(385)) - 134e3363-1f82-43b5-a94b-e408c514013d@group-25DC282C183E-SegmentedRaftLogWorker: Starting segment from index:0
2019-11-14 22:35:49,103 [134e3363-1f82-43b5-a94b-e408c514013d@group-25DC282C183E-LeaderElection51] INFO  impl.RaftServerImpl (ServerState.java:setRaftConf(356)) - 134e3363-1f82-43b5-a94b-e408c514013d@group-25DC282C183E: set configuration 0: [134e3363-1f82-43b5-a94b-e408c514013d:192.168.69.65:38811], old=null at 0
2019-11-14 22:35:49,120 [Thread-1503] INFO  impl.FollowerState (FollowerState.java:run(111)) - 134e3363-1f82-43b5-a94b-e408c514013d@group-E5D6D3FA3027-FollowerState: change to CANDIDATE, lastRpcTime:1055ms, electionTimeout:1055ms
2019-11-14 22:35:49,120 [Thread-1503] INFO  impl.RoleInfo (RoleInfo.java:shutdownFollowerState(121)) - 134e3363-1f82-43b5-a94b-e408c514013d: shutdown FollowerState
2019-11-14 22:35:49,121 [Thread-1503] INFO  impl.RaftServerImpl (RaftServerImpl.java:setRole(173)) - 134e3363-1f82-43b5-a94b-e408c514013d@group-E5D6D3FA3027: changes role from  FOLLOWER to CANDIDATE at term 0 for changeToCandidate
2019-11-14 22:35:49,121 [Thread-1503] INFO  impl.RoleInfo (RoleInfo.java:updateAndGet(143)) - 134e3363-1f82-43b5-a94b-e408c514013d: start LeaderElection
2019-11-14 22:35:49,128 [71039d87-f713-4353-b155-a31bf00200f2@group-22D9F267A6BB-SegmentedRaftLogWorker] INFO  segmented.SegmentedRaftLogWorker (SegmentedRaftLogWorker.java:execute(576)) - 71039d87-f713-4353-b155-a31bf00200f2@group-22D9F267A6BB-SegmentedRaftLogWorker: created new log segment /workdir/hadoop-ozone/integration-test/target/test-dir/MiniOzoneClusterImpl-479ab7c1-aba1-4cab-b6ff-ec51363c42af/datanode-3/data/ratis/14526979-be71-4398-836e-22d9f267a6bb/current/log_inprogress_0
2019-11-14 22:35:49,148 [134e3363-1f82-43b5-a94b-e408c514013d@group-25DC282C183E-SegmentedRaftLogWorker] INFO  segmented.SegmentedRaftLogWorker (SegmentedRaftLogWorker.java:execute(576)) - 134e3363-1f82-43b5-a94b-e408c514013d@group-25DC282C183E-SegmentedRaftLogWorker: created new log segment /workdir/hadoop-ozone/integration-test/target/test-dir/MiniOzoneClusterImpl-479ab7c1-aba1-4cab-b6ff-ec51363c42af/datanode-5/data/ratis/796cbbe6-fc2b-4dbe-8c0f-25dc282c183e/current/log_inprogress_0
2019-11-14 22:35:49,148 [134e3363-1f82-43b5-a94b-e408c514013d@group-E5D6D3FA3027-LeaderElection52] INFO  impl.LeaderElection (LeaderElection.java:askForVotes(178)) - 134e3363-1f82-43b5-a94b-e408c514013d@group-E5D6D3FA3027-LeaderElection52: begin an election at term 1 for -1: [76b3b274-17aa-4635-9ecc-8bffa687e80e:192.168.69.65:46135, 71039d87-f713-4353-b155-a31bf00200f2:192.168.69.65:44128, 134e3363-1f82-43b5-a94b-e408c514013d:192.168.69.65:38811], old=null
2019-11-14 22:35:49,153 [grpc-default-executor-0] INFO  impl.RaftServerImpl (RaftServerImpl.java:setRole(173)) - 71039d87-f713-4353-b155-a31bf00200f2@group-E5D6D3FA3027: changes role from  FOLLOWER to FOLLOWER at term 1 for recognizeCandidate:134e3363-1f82-43b5-a94b-e408c514013d
2019-11-14 22:35:49,153 [grpc-default-executor-3] INFO  impl.RaftServerImpl (RaftServerImpl.java:setRole(173)) - 76b3b274-17aa-4635-9ecc-8bffa687e80e@group-E5D6D3FA3027: changes role from  FOLLOWER to FOLLOWER at term 1 for recognizeCandidate:134e3363-1f82-43b5-a94b-e408c514013d
2019-11-14 22:35:49,153 [grpc-default-executor-0] INFO  impl.RoleInfo (RoleInfo.java:shutdownFollowerState(121)) - 71039d87-f713-4353-b155-a31bf00200f2: shutdown FollowerState
2019-11-14 22:35:49,154 [grpc-default-executor-3] INFO  impl.RoleInfo (RoleInfo.java:shutdownFollowerState(121)) - 76b3b274-17aa-4635-9ecc-8bffa687e80e: shutdown FollowerState
2019-11-14 22:35:49,154 [grpc-default-executor-0] INFO  impl.RoleInfo (RoleInfo.java:updateAndGet(143)) - 71039d87-f713-4353-b155-a31bf00200f2: start FollowerState
2019-11-14 22:35:49,154 [Thread-1508] INFO  impl.FollowerState (FollowerState.java:run(120)) - 71039d87-f713-4353-b155-a31bf00200f2@group-E5D6D3FA3027-FollowerState was interrupted: java.lang.InterruptedException: sleep interrupted
2019-11-14 22:35:49,154 [grpc-default-executor-3] INFO  impl.RoleInfo (RoleInfo.java:updateAndGet(143)) - 76b3b274-17aa-4635-9ecc-8bffa687e80e: start FollowerState
2019-11-14 22:35:49,154 [Thread-1507] INFO  impl.FollowerState (FollowerState.java:run(120)) - 76b3b274-17aa-4635-9ecc-8bffa687e80e@group-E5D6D3FA3027-FollowerState was interrupted: java.lang.InterruptedException: sleep interrupted
2019-11-14 22:35:49,183 [134e3363-1f82-43b5-a94b-e408c514013d@group-E5D6D3FA3027-LeaderElection52] INFO  impl.LeaderElection (LeaderElection.java:logAndReturn(56)) - 134e3363-1f82-43b5-a94b-e408c514013d@group-E5D6D3FA3027-LeaderElection52: Election PASSED; received 1 response(s) [134e3363-1f82-43b5-a94b-e408c514013d<-76b3b274-17aa-4635-9ecc-8bffa687e80e#0:OK-t1] and 0 exception(s); 134e3363-1f82-43b5-a94b-e408c514013d@group-E5D6D3FA3027:t1, leader=null, voted=134e3363-1f82-43b5-a94b-e408c514013d, raftlog=134e3363-1f82-43b5-a94b-e408c514013d@group-E5D6D3FA3027-SegmentedRaftLog:OPENED:c-1,f-1,i0, conf=-1: [76b3b274-17aa-4635-9ecc-8bffa687e80e:192.168.69.65:46135, 71039d87-f713-4353-b155-a31bf00200f2:192.168.69.65:44128, 134e3363-1f82-43b5-a94b-e408c514013d:192.168.69.65:38811], old=null
2019-11-14 22:35:49,183 [134e3363-1f82-43b5-a94b-e408c514013d@group-E5D6D3FA3027-LeaderElection52] INFO  impl.RoleInfo (RoleInfo.java:shutdownLeaderElection(134)) - 134e3363-1f82-43b5-a94b-e408c514013d: shutdown LeaderElection
2019-11-14 22:35:49,183 [134e3363-1f82-43b5-a94b-e408c514013d@group-E5D6D3FA3027-LeaderElection52] INFO  impl.RaftServerImpl (RaftServerImpl.java:setRole(173)) - 134e3363-1f82-43b5-a94b-e408c514013d@group-E5D6D3FA3027: changes role from CANDIDATE to LEADER at term 1 for changeToLeader
2019-11-14 22:35:49,183 [134e3363-1f82-43b5-a94b-e408c514013d@group-E5D6D3FA3027-LeaderElection52] INFO  ratis.XceiverServerRatis (XceiverServerRatis.java:handleLeaderChangedNotification(697)) - Leader change notification received for group: group-E5D6D3FA3027 with new leaderId: 134e3363-1f82-43b5-a94b-e408c514013d
2019-11-14 22:35:49,184 [134e3363-1f82-43b5-a94b-e408c514013d@group-E5D6D3FA3027-LeaderElection52] INFO  impl.RaftServerImpl (ServerState.java:setLeader(255)) - 134e3363-1f82-43b5-a94b-e408c514013d@group-E5D6D3FA3027: change Leader from null to 134e3363-1f82-43b5-a94b-e408c514013d at term 1 for becomeLeader, leader elected after 1123ms
2019-11-14 22:35:49,184 [134e3363-1f82-43b5-a94b-e408c514013d@group-E5D6D3FA3027-LeaderElection52] INFO  server.RaftServerConfigKeys (ConfUtils.java:logGet(43)) - raft.server.staging.catchup.gap = 1000 (default)
2019-11-14 22:35:49,184 [134e3363-1f82-43b5-a94b-e408c514013d@group-E5D6D3FA3027-LeaderElection52] INFO  server.RaftServerConfigKeys (ConfUtils.java:logGet(43)) - raft.server.rpc.sleep.time = 25ms (default)
2019-11-14 22:35:49,184 [134e3363-1f82-43b5-a94b-e408c514013d@group-E5D6D3FA3027-LeaderElection52] INFO  server.RaftServerConfigKeys (ConfUtils.java:logGet(43)) - raft.server.write.element-limit = 4096 (default)
2019-11-14 22:35:49,184 [134e3363-1f82-43b5-a94b-e408c514013d@group-E5D6D3FA3027-LeaderElection52] INFO  server.RaftServerConfigKeys (ConfUtils.java:logGet(43)) - raft.server.watch.timeout = 10s (default)
2019-11-14 22:35:49,184 [134e3363-1f82-43b5-a94b-e408c514013d@group-E5D6D3FA3027-LeaderElection52] INFO  server.RaftServerConfigKeys (ConfUtils.java:logGet(43)) - raft.server.watch.timeout.denomination = 1s (default)
2019-11-14 22:35:49,184 [134e3363-1f82-43b5-a94b-e408c514013d@group-E5D6D3FA3027-LeaderElection52] INFO  server.RaftServerConfigKeys (ConfUtils.java:logGet(43)) - raft.server.watch.element-limit = 65536 (default)
2019-11-14 22:35:49,184 [134e3363-1f82-43b5-a94b-e408c514013d@group-E5D6D3FA3027-LeaderElection52] INFO  server.RaftServerConfigKeys (ConfUtils.java:logGet(43)) - raft.server.log.appender.snapshot.chunk.size.max = 16MB (=16777216) (default)
2019-11-14 22:35:49,185 [134e3363-1f82-43b5-a94b-e408c514013d@group-E5D6D3FA3027-LeaderElection52] INFO  server.RaftServerConfigKeys (ConfUtils.java:logGet(43)) - raft.server.log.appender.buffer.byte-limit = 33554432 (custom)
2019-11-14 22:35:49,185 [EventQueue-PipelineReportForPipelineReportHandler] INFO  pipeline.PipelineStateManager (PipelineStateManager.java:openPipeline(134)) - Pipeline Pipeline[ Id: 67915969-cda2-4ae9-aae7-e5d6d3fa3027, Nodes: 134e3363-1f82-43b5-a94b-e408c514013d{ip: 192.168.69.65, host: pr-mpuissue-pdzcc-455137112, networkLocation: /default-rack, certSerialId: null}76b3b274-17aa-4635-9ecc-8bffa687e80e{ip: 192.168.69.65, host: pr-mpuissue-pdzcc-455137112, networkLocation: /default-rack, certSerialId: null}71039d87-f713-4353-b155-a31bf00200f2{ip: 192.168.69.65, host: pr-mpuissue-pdzcc-455137112, networkLocation: /default-rack, certSerialId: null}, Type:RATIS, Factor:THREE, State:OPEN] moved to OPEN state
2019-11-14 22:35:49,185 [134e3363-1f82-43b5-a94b-e408c514013d@group-E5D6D3FA3027-LeaderElection52] INFO  server.RaftServerConfigKeys (ConfUtils.java:logGet(43)) - raft.server.log.appender.buffer.element-limit = 1 (custom)
2019-11-14 22:35:49,187 [134e3363-1f82-43b5-a94b-e408c514013d@group-E5D6D3FA3027-LeaderElection52] INFO  grpc.GrpcConfigKeys$Server (ConfUtils.java:logGet(43)) - raft.grpc.server.leader.outstanding.appends.max = 128 (default)
2019-11-14 22:35:49,187 [134e3363-1f82-43b5-a94b-e408c514013d@group-E5D6D3FA3027-LeaderElection52] INFO  server.RaftServerConfigKeys (ConfUtils.java:logGet(43)) - raft.server.rpc.request.timeout = 3000ms (default)
2019-11-14 22:35:49,187 [134e3363-1f82-43b5-a94b-e408c514013d@group-E5D6D3FA3027-LeaderElection52] INFO  server.RaftServerConfigKeys (ConfUtils.java:logGet(43)) - raft.server.log.appender.install.snapshot.enabled = false (custom)
2019-11-14 22:35:49,187 [134e3363-1f82-43b5-a94b-e408c514013d@group-E5D6D3FA3027-LeaderElection52] WARN  impl.MetricRegistriesImpl (MetricRegistriesImpl.java:lambda$create$1(61)) - First MetricRegistry has been created without registering reporters. You may need to call MetricRegistries.global().addReportRegistration(...) before.
2019-11-14 22:35:49,187 [134e3363-1f82-43b5-a94b-e408c514013d@group-E5D6D3FA3027-LeaderElection52] INFO  server.RaftServerConfigKeys (ConfUtils.java:logGet(43)) - raft.server.log.appender.snapshot.chunk.size.max = 16MB (=16777216) (default)
2019-11-14 22:35:49,188 [134e3363-1f82-43b5-a94b-e408c514013d@group-E5D6D3FA3027-LeaderElection52] INFO  server.RaftServerConfigKeys (ConfUtils.java:logGet(43)) - raft.server.log.appender.buffer.byte-limit = 33554432 (custom)
2019-11-14 22:35:49,188 [134e3363-1f82-43b5-a94b-e408c514013d@group-E5D6D3FA3027-LeaderElection52] INFO  server.RaftServerConfigKeys (ConfUtils.java:logGet(43)) - raft.server.log.appender.buffer.element-limit = 1 (custom)
2019-11-14 22:35:49,188 [134e3363-1f82-43b5-a94b-e408c514013d@group-E5D6D3FA3027-LeaderElection52] INFO  grpc.GrpcConfigKeys$Server (ConfUtils.java:logGet(43)) - raft.grpc.server.leader.outstanding.appends.max = 128 (default)
2019-11-14 22:35:49,188 [134e3363-1f82-43b5-a94b-e408c514013d@group-E5D6D3FA3027-LeaderElection52] INFO  server.RaftServerConfigKeys (ConfUtils.java:logGet(43)) - raft.server.rpc.request.timeout = 3000ms (default)
2019-11-14 22:35:49,188 [134e3363-1f82-43b5-a94b-e408c514013d@group-E5D6D3FA3027-LeaderElection52] INFO  server.RaftServerConfigKeys (ConfUtils.java:logGet(43)) - raft.server.log.appender.install.snapshot.enabled = false (custom)
2019-11-14 22:35:49,188 [134e3363-1f82-43b5-a94b-e408c514013d@group-E5D6D3FA3027-LeaderElection52] INFO  impl.RoleInfo (RoleInfo.java:updateAndGet(143)) - 134e3363-1f82-43b5-a94b-e408c514013d: start LeaderState
2019-11-14 22:35:49,189 [134e3363-1f82-43b5-a94b-e408c514013d@group-E5D6D3FA3027-LeaderElection52] INFO  segmented.SegmentedRaftLogWorker (SegmentedRaftLogWorker.java:startLogSegment(385)) - 134e3363-1f82-43b5-a94b-e408c514013d@group-E5D6D3FA3027-SegmentedRaftLogWorker: Starting segment from index:0
2019-11-14 22:35:49,189 [134e3363-1f82-43b5-a94b-e408c514013d@group-E5D6D3FA3027-LeaderElection52] INFO  impl.RaftServerImpl (ServerState.java:setRaftConf(356)) - 134e3363-1f82-43b5-a94b-e408c514013d@group-E5D6D3FA3027: set configuration 0: [76b3b274-17aa-4635-9ecc-8bffa687e80e:192.168.69.65:46135, 71039d87-f713-4353-b155-a31bf00200f2:192.168.69.65:44128, 134e3363-1f82-43b5-a94b-e408c514013d:192.168.69.65:38811], old=null at 0
2019-11-14 22:35:49,221 [grpc-default-executor-3] INFO  ratis.XceiverServerRatis (XceiverServerRatis.java:handleLeaderChangedNotification(697)) - Leader change notification received for group: group-E5D6D3FA3027 with new leaderId: 134e3363-1f82-43b5-a94b-e408c514013d
2019-11-14 22:35:49,222 [grpc-default-executor-3] INFO  impl.RaftServerImpl (ServerState.java:setLeader(255)) - 71039d87-f713-4353-b155-a31bf00200f2@group-E5D6D3FA3027: change Leader from null to 134e3363-1f82-43b5-a94b-e408c514013d at term 1 for appendEntries, leader elected after 1160ms
2019-11-14 22:35:49,223 [grpc-default-executor-0] INFO  ratis.XceiverServerRatis (XceiverServerRatis.java:handleLeaderChangedNotification(697)) - Leader change notification received for group: group-E5D6D3FA3027 with new leaderId: 134e3363-1f82-43b5-a94b-e408c514013d
2019-11-14 22:35:49,223 [grpc-default-executor-0] INFO  impl.RaftServerImpl (ServerState.java:setLeader(255)) - 76b3b274-17aa-4635-9ecc-8bffa687e80e@group-E5D6D3FA3027: change Leader from null to 134e3363-1f82-43b5-a94b-e408c514013d at term 1 for appendEntries, leader elected after 1162ms
2019-11-14 22:35:49,225 [grpc-default-executor-0] INFO  impl.RaftServerImpl (ServerState.java:setRaftConf(356)) - 71039d87-f713-4353-b155-a31bf00200f2@group-E5D6D3FA3027: set configuration 0: [76b3b274-17aa-4635-9ecc-8bffa687e80e:192.168.69.65:46135, 71039d87-f713-4353-b155-a31bf00200f2:192.168.69.65:44128, 134e3363-1f82-43b5-a94b-e408c514013d:192.168.69.65:38811], old=null at 0
2019-11-14 22:35:49,225 [grpc-default-executor-3] INFO  impl.RaftServerImpl (ServerState.java:setRaftConf(356)) - 76b3b274-17aa-4635-9ecc-8bffa687e80e@group-E5D6D3FA3027: set configuration 0: [76b3b274-17aa-4635-9ecc-8bffa687e80e:192.168.69.65:46135, 71039d87-f713-4353-b155-a31bf00200f2:192.168.69.65:44128, 134e3363-1f82-43b5-a94b-e408c514013d:192.168.69.65:38811], old=null at 0
2019-11-14 22:35:49,225 [grpc-default-executor-0] INFO  segmented.SegmentedRaftLogWorker (SegmentedRaftLogWorker.java:startLogSegment(385)) - 71039d87-f713-4353-b155-a31bf00200f2@group-E5D6D3FA3027-SegmentedRaftLogWorker: Starting segment from index:0
2019-11-14 22:35:49,225 [grpc-default-executor-3] INFO  segmented.SegmentedRaftLogWorker (SegmentedRaftLogWorker.java:startLogSegment(385)) - 76b3b274-17aa-4635-9ecc-8bffa687e80e@group-E5D6D3FA3027-SegmentedRaftLogWorker: Starting segment from index:0
2019-11-14 22:35:49,266 [134e3363-1f82-43b5-a94b-e408c514013d@group-E5D6D3FA3027-SegmentedRaftLogWorker] INFO  segmented.SegmentedRaftLogWorker (SegmentedRaftLogWorker.java:execute(576)) - 134e3363-1f82-43b5-a94b-e408c514013d@group-E5D6D3FA3027-SegmentedRaftLogWorker: created new log segment /workdir/hadoop-ozone/integration-test/target/test-dir/MiniOzoneClusterImpl-479ab7c1-aba1-4cab-b6ff-ec51363c42af/datanode-5/data/ratis/67915969-cda2-4ae9-aae7-e5d6d3fa3027/current/log_inprogress_0
2019-11-14 22:35:49,281 [76b3b274-17aa-4635-9ecc-8bffa687e80e@group-E5D6D3FA3027-SegmentedRaftLogWorker] INFO  segmented.SegmentedRaftLogWorker (SegmentedRaftLogWorker.java:execute(576)) - 76b3b274-17aa-4635-9ecc-8bffa687e80e@group-E5D6D3FA3027-SegmentedRaftLogWorker: created new log segment /workdir/hadoop-ozone/integration-test/target/test-dir/MiniOzoneClusterImpl-479ab7c1-aba1-4cab-b6ff-ec51363c42af/datanode-4/data/ratis/67915969-cda2-4ae9-aae7-e5d6d3fa3027/current/log_inprogress_0
2019-11-14 22:35:49,281 [71039d87-f713-4353-b155-a31bf00200f2@group-E5D6D3FA3027-SegmentedRaftLogWorker] INFO  segmented.SegmentedRaftLogWorker (SegmentedRaftLogWorker.java:execute(576)) - 71039d87-f713-4353-b155-a31bf00200f2@group-E5D6D3FA3027-SegmentedRaftLogWorker: created new log segment /workdir/hadoop-ozone/integration-test/target/test-dir/MiniOzoneClusterImpl-479ab7c1-aba1-4cab-b6ff-ec51363c42af/datanode-3/data/ratis/67915969-cda2-4ae9-aae7-e5d6d3fa3027/current/log_inprogress_0
2019-11-14 22:35:50,077 [main] INFO  ozone.MiniOzoneClusterImpl (MiniOzoneClusterImpl.java:lambda$waitForClusterToBeReady$2(171)) - Cluster is ready. Got 6 of 6 DN Heartbeats.
2019-11-14 22:35:50,104 [main] INFO  rpc.RpcClient (RpcClient.java:createVolume(292)) - Creating Volume: datanodefailurehandlingtest, with jenkins1000 as owner.
2019-11-14 22:35:50,107 [IPC Server handler 1 on 34669] INFO  volume.OMVolumeCreateRequest (OMVolumeCreateRequest.java:validateAndUpdateCache(193)) - created volume:datanodefailurehandlingtest for user:jenkins1000
2019-11-14 22:35:50,145 [main] INFO  rpc.RpcClient (RpcClient.java:createBucket(431)) - Creating Bucket: datanodefailurehandlingtest/datanodefailurehandlingtest, with Versioning false and Storage Type set to DISK and Encryption set to false 
2019-11-14 22:35:50,505 [Thread-1474] INFO  container.ReplicationManager (ReplicationManager.java:start(162)) - Starting Replication Monitor Thread.
2019-11-14 22:35:50,506 [Thread-1474] INFO  pipeline.SCMPipelineManager (SCMPipelineManager.java:finalizeAndDestroyPipeline(315)) - destroying pipeline:Pipeline[ Id: e967717a-be3b-4913-ac72-97b57fcef67f, Nodes: eb8bacec-1550-4eff-8b38-5938654b28d6{ip: 192.168.69.65, host: pr-mpuissue-pdzcc-455137112, networkLocation: /default-rack, certSerialId: null}, Type:RATIS, Factor:ONE, State:OPEN]
2019-11-14 22:35:50,507 [Thread-1474] INFO  pipeline.PipelineStateManager (PipelineStateManager.java:finalizePipeline(121)) - Pipeline Pipeline[ Id: e967717a-be3b-4913-ac72-97b57fcef67f, Nodes: eb8bacec-1550-4eff-8b38-5938654b28d6{ip: 192.168.69.65, host: pr-mpuissue-pdzcc-455137112, networkLocation: /default-rack, certSerialId: null}, Type:RATIS, Factor:ONE, State:CLOSED] moved to CLOSED state
2019-11-14 22:35:50,507 [ReplicationMonitor] INFO  container.ReplicationManager (ReplicationManager.java:run(225)) - Replication Monitor Thread took 0 milliseconds for processing 1 containers.
2019-11-14 22:35:50,512 [grpc-default-executor-0] INFO  impl.RaftServerProxy (RaftServerProxy.java:remove(95)) - eb8bacec-1550-4eff-8b38-5938654b28d6: remove    LEADER eb8bacec-1550-4eff-8b38-5938654b28d6@group-97B57FCEF67F:t1, leader=eb8bacec-1550-4eff-8b38-5938654b28d6, voted=eb8bacec-1550-4eff-8b38-5938654b28d6, raftlog=eb8bacec-1550-4eff-8b38-5938654b28d6@group-97B57FCEF67F-SegmentedRaftLog:OPENED:c0,f0,i0, conf=0: [eb8bacec-1550-4eff-8b38-5938654b28d6:192.168.69.65:45501], old=null RUNNING
2019-11-14 22:35:50,513 [grpc-default-executor-0] INFO  impl.RaftServerImpl (RaftServerImpl.java:lambda$shutdown$3(250)) - eb8bacec-1550-4eff-8b38-5938654b28d6@group-97B57FCEF67F: shutdown
2019-11-14 22:35:50,513 [grpc-default-executor-0] INFO  util.JmxRegister (JmxRegister.java:unregister(73)) - Successfully un-registered JMX Bean with object name Ratis:service=RaftServer,group=group-97B57FCEF67F,id=eb8bacec-1550-4eff-8b38-5938654b28d6
2019-11-14 22:35:50,513 [grpc-default-executor-0] INFO  impl.RoleInfo (RoleInfo.java:shutdownLeaderState(104)) - eb8bacec-1550-4eff-8b38-5938654b28d6: shutdown LeaderState
2019-11-14 22:35:50,514 [grpc-default-executor-0] INFO  impl.PendingRequests (PendingRequests.java:sendNotLeaderResponses(206)) - eb8bacec-1550-4eff-8b38-5938654b28d6@group-97B57FCEF67F-PendingRequests: sendNotLeaderResponses
2019-11-14 22:35:50,514 [grpc-default-executor-0] INFO  impl.StateMachineUpdater (StateMachineUpdater.java:stopAndJoin(136)) - eb8bacec-1550-4eff-8b38-5938654b28d6@group-97B57FCEF67F-StateMachineUpdater: set stopIndex = 0
2019-11-14 22:35:50,514 [grpc-default-executor-0] INFO  impl.RaftServerImpl (ServerState.java:close(387)) - eb8bacec-1550-4eff-8b38-5938654b28d6@group-97B57FCEF67F: closes. applyIndex: 0
2019-11-14 22:35:50,514 [eb8bacec-1550-4eff-8b38-5938654b28d6@group-97B57FCEF67F-SegmentedRaftLogWorker] INFO  segmented.SegmentedRaftLogWorker (SegmentedRaftLogWorker.java:run(316)) - eb8bacec-1550-4eff-8b38-5938654b28d6@group-97B57FCEF67F-SegmentedRaftLogWorker was interrupted, exiting. There are 0 tasks remaining in the queue.
2019-11-14 22:35:50,516 [grpc-default-executor-0] INFO  segmented.SegmentedRaftLogWorker (SegmentedRaftLogWorker.java:close(224)) - eb8bacec-1550-4eff-8b38-5938654b28d6@group-97B57FCEF67F-SegmentedRaftLogWorker close()
2019-11-14 22:35:50,524 [Thread-1474] INFO  pipeline.PipelineStateManager (PipelineStateManager.java:removePipeline(106)) - Pipeline Pipeline[ Id: e967717a-be3b-4913-ac72-97b57fcef67f, Nodes: eb8bacec-1550-4eff-8b38-5938654b28d6{ip: 192.168.69.65, host: pr-mpuissue-pdzcc-455137112, networkLocation: /default-rack, certSerialId: null}, Type:RATIS, Factor:ONE, State:CLOSED] removed from db
2019-11-14 22:35:50,528 [Thread-1474] INFO  pipeline.SCMPipelineManager (SCMPipelineManager.java:finalizeAndDestroyPipeline(315)) - destroying pipeline:Pipeline[ Id: f7a8f441-bfe6-4f96-90c1-ca8941981a1d, Nodes: 76b3b274-17aa-4635-9ecc-8bffa687e80e{ip: 192.168.69.65, host: pr-mpuissue-pdzcc-455137112, networkLocation: /default-rack, certSerialId: null}, Type:RATIS, Factor:ONE, State:OPEN]
2019-11-14 22:35:50,534 [grpc-default-executor-0] INFO  impl.RaftServerProxy (RaftServerProxy.java:addNew(89)) - eb8bacec-1550-4eff-8b38-5938654b28d6: addNew group-D51DA1A96FD7:[eb8bacec-1550-4eff-8b38-5938654b28d6:192.168.69.65:45501] returns group-D51DA1A96FD7:java.util.concurrent.CompletableFuture@565382a9[Not completed]
2019-11-14 22:35:50,535 [pool-172-thread-1] INFO  impl.RaftServerImpl (RaftServerImpl.java:<init>(98)) - eb8bacec-1550-4eff-8b38-5938654b28d6: new RaftServerImpl for group-D51DA1A96FD7:[eb8bacec-1550-4eff-8b38-5938654b28d6:192.168.69.65:45501] with ContainerStateMachine:uninitialized
2019-11-14 22:35:50,535 [pool-172-thread-1] INFO  server.RaftServerConfigKeys (ConfUtils.java:logGet(43)) - raft.server.rpc.timeout.min = 1s (custom)
2019-11-14 22:35:50,536 [pool-172-thread-1] INFO  server.RaftServerConfigKeys (ConfUtils.java:logGet(43)) - raft.server.rpc.timeout.max = 1200ms (custom)
2019-11-14 22:35:50,536 [pool-172-thread-1] INFO  server.RaftServerConfigKeys (ConfUtils.java:logGet(43)) - raft.server.rpcslowness.timeout = 120s (custom)
2019-11-14 22:35:50,536 [pool-172-thread-1] INFO  server.RaftServerConfigKeys (ConfUtils.java:logGet(43)) - raft.server.sleep.deviation.threshold = 300 (default)
2019-11-14 22:35:50,536 [pool-172-thread-1] INFO  server.RaftServerConfigKeys (ConfUtils.java:logGet(43)) - raft.server.log.appender.install.snapshot.enabled = false (custom)
2019-11-14 22:35:50,536 [pool-172-thread-1] INFO  impl.RaftServerImpl (ServerState.java:<init>(103)) - eb8bacec-1550-4eff-8b38-5938654b28d6@group-D51DA1A96FD7: ConfigurationManager, init=-1: [eb8bacec-1550-4eff-8b38-5938654b28d6:192.168.69.65:45501], old=null, confs=<EMPTY_MAP>
2019-11-14 22:35:50,536 [pool-172-thread-1] INFO  server.RaftServerConfigKeys (ConfUtils.java:logGet(43)) - raft.server.storage.dir = [/workdir/hadoop-ozone/integration-test/target/test-dir/MiniOzoneClusterImpl-479ab7c1-aba1-4cab-b6ff-ec51363c42af/datanode-2/data/ratis] (custom)
2019-11-14 22:35:50,536 [pool-172-thread-1] INFO  server.RaftServerConfigKeys (ConfUtils.java:logGet(43)) - raft.server.log.corruption.policy = EXCEPTION (default)
2019-11-14 22:35:50,537 [pool-172-thread-1] INFO  storage.RaftStorageDirectory (RaftStorageDirectory.java:analyzeStorage(246)) - The storage directory /workdir/hadoop-ozone/integration-test/target/test-dir/MiniOzoneClusterImpl-479ab7c1-aba1-4cab-b6ff-ec51363c42af/datanode-2/data/ratis/abd2846c-6cd4-43b4-ac8f-d51da1a96fd7 does not exist. Creating ...
2019-11-14 22:35:50,553 [pool-172-thread-1] INFO  storage.RaftStorageDirectory (RaftStorageDirectory.java:tryLock(328)) - Lock on /workdir/hadoop-ozone/integration-test/target/test-dir/MiniOzoneClusterImpl-479ab7c1-aba1-4cab-b6ff-ec51363c42af/datanode-2/data/ratis/abd2846c-6cd4-43b4-ac8f-d51da1a96fd7/in_use.lock acquired by nodename 4158@pr-mpuissue-pdzcc-455137112
2019-11-14 22:35:50,565 [pool-172-thread-1] INFO  storage.RaftStorage (RaftStorage.java:format(84)) - Storage directory /workdir/hadoop-ozone/integration-test/target/test-dir/MiniOzoneClusterImpl-479ab7c1-aba1-4cab-b6ff-ec51363c42af/datanode-2/data/ratis/abd2846c-6cd4-43b4-ac8f-d51da1a96fd7 has been successfully formatted.
2019-11-14 22:35:50,566 [pool-172-thread-1] INFO  ratis.ContainerStateMachine (ContainerStateMachine.java:loadSnapshot(223)) - group-D51DA1A96FD7: The snapshot info is null. Setting the last applied indexto:(t:0, i:~)
2019-11-14 22:35:50,566 [pool-172-thread-1] INFO  server.RaftServerConfigKeys (ConfUtils.java:logGet(43)) - raft.server.notification.no-leader.timeout = 120s (custom)
2019-11-14 22:35:50,566 [pool-172-thread-1] INFO  server.RaftServerConfigKeys (ConfUtils.java:logGet(43)) - raft.server.log.use.memory = false (default)
2019-11-14 22:35:50,566 [pool-172-thread-1] INFO  server.RaftServerConfigKeys (ConfUtils.java:logGet(43)) - raft.server.log.purge.gap = 1000000 (custom)
2019-11-14 22:35:50,566 [pool-172-thread-1] INFO  server.RaftServerConfigKeys (ConfUtils.java:logGet(43)) - raft.server.log.appender.buffer.byte-limit = 33554432 (custom)
2019-11-14 22:35:50,566 [pool-172-thread-1] INFO  server.RaftServerConfigKeys (ConfUtils.java:logGet(43)) - raft.server.log.segment.size.max = 1048576 (custom)
2019-11-14 22:35:50,567 [pool-172-thread-1] INFO  server.RaftServerConfigKeys (ConfUtils.java:logGet(43)) - raft.server.log.segment.cache.num.max = 2 (custom)
2019-11-14 22:35:50,567 [pool-172-thread-1] INFO  segmented.SegmentedRaftLogWorker (SegmentedRaftLogWorker.java:<init>(173)) - new eb8bacec-1550-4eff-8b38-5938654b28d6@group-D51DA1A96FD7-SegmentedRaftLogWorker for RaftStorage:Storage Directory /workdir/hadoop-ozone/integration-test/target/test-dir/MiniOzoneClusterImpl-479ab7c1-aba1-4cab-b6ff-ec51363c42af/datanode-2/data/ratis/abd2846c-6cd4-43b4-ac8f-d51da1a96fd7
2019-11-14 22:35:50,567 [pool-172-thread-1] INFO  server.RaftServerConfigKeys (ConfUtils.java:logGet(43)) - raft.server.log.queue.byte-limit = 2147483647 (custom)
2019-11-14 22:35:50,567 [pool-172-thread-1] INFO  server.RaftServerConfigKeys (ConfUtils.java:logGet(43)) - raft.server.log.queue.element-limit = 1024 (custom)
2019-11-14 22:35:50,567 [pool-172-thread-1] INFO  server.RaftServerConfigKeys (ConfUtils.java:logGet(43)) - raft.server.log.segment.size.max = 1048576 (custom)
2019-11-14 22:35:50,567 [pool-172-thread-1] INFO  server.RaftServerConfigKeys (ConfUtils.java:logGet(43)) - raft.server.log.preallocated.size = 16384 (custom)
2019-11-14 22:35:50,567 [pool-172-thread-1] INFO  server.RaftServerConfigKeys (ConfUtils.java:logGet(43)) - raft.server.log.write.buffer.size = 33554432 (custom)
2019-11-14 22:35:50,567 [pool-172-thread-1] INFO  server.RaftServerConfigKeys (ConfUtils.java:logGet(43)) - raft.server.log.force.sync.num = 128 (default)
2019-11-14 22:35:50,568 [pool-172-thread-1] INFO  server.RaftServerConfigKeys (ConfUtils.java:logGet(43)) - raft.server.log.statemachine.data.sync = true (default)
2019-11-14 22:35:50,568 [pool-172-thread-1] INFO  server.RaftServerConfigKeys (ConfUtils.java:logGet(43)) - raft.server.log.statemachine.data.sync.timeout = 10s (default)
2019-11-14 22:35:50,568 [pool-172-thread-1] INFO  server.RaftServerConfigKeys (ConfUtils.java:logGet(43)) - raft.server.log.statemachine.data.sync.timeout.retry = -1 (default)
2019-11-14 22:35:50,568 [pool-172-thread-1] INFO  server.RaftServerConfigKeys (ConfUtils.java:logGet(43)) - raft.server.log.statemachine.data.caching.enabled = true (custom)
2019-11-14 22:35:50,568 [pool-172-thread-1] INFO  segmented.SegmentedRaftLogWorker (SegmentedRaftLogWorker.java:lambda$new$0(128)) - eb8bacec-1550-4eff-8b38-5938654b28d6@group-D51DA1A96FD7-SegmentedRaftLogWorker: flushIndex: setUnconditionally 0 -> -1
2019-11-14 22:35:50,568 [pool-172-thread-1] INFO  server.RaftServerConfigKeys (ConfUtils.java:logGet(43)) - raft.server.snapshot.auto.trigger.enabled = true (custom)
2019-11-14 22:35:50,569 [pool-172-thread-1] INFO  server.RaftServerConfigKeys (ConfUtils.java:logGet(43)) - raft.server.snapshot.auto.trigger.threshold = 10000 (custom)
2019-11-14 22:35:50,569 [pool-172-thread-1] INFO  server.RaftServerConfigKeys (ConfUtils.java:logGet(43)) - raft.server.snapshot.retention.file.num = 5 (custom)
2019-11-14 22:35:50,569 [pool-172-thread-1] INFO  server.RaftServerConfigKeys (ConfUtils.java:logGet(43)) - raft.server.retrycache.expirytime = 600000ms (custom)
2019-11-14 22:35:50,569 [pool-172-thread-1] WARN  impl.MetricRegistriesImpl (MetricRegistriesImpl.java:lambda$create$1(61)) - First MetricRegistry has been created without registering reporters. You may need to call MetricRegistries.global().addReportRegistration(...) before.
2019-11-14 22:35:50,569 [pool-172-thread-1] WARN  impl.MetricRegistriesImpl (MetricRegistriesImpl.java:lambda$create$1(61)) - First MetricRegistry has been created without registering reporters. You may need to call MetricRegistries.global().addReportRegistration(...) before.
2019-11-14 22:35:50,569 [pool-172-thread-1] INFO  impl.RaftServerImpl (RaftServerImpl.java:start(184)) - eb8bacec-1550-4eff-8b38-5938654b28d6@group-D51DA1A96FD7: start as a follower, conf=-1: [eb8bacec-1550-4eff-8b38-5938654b28d6:192.168.69.65:45501], old=null
2019-11-14 22:35:50,570 [pool-172-thread-1] INFO  impl.RaftServerImpl (RaftServerImpl.java:setRole(173)) - eb8bacec-1550-4eff-8b38-5938654b28d6@group-D51DA1A96FD7: changes role from      null to FOLLOWER at term 0 for startAsFollower
2019-11-14 22:35:50,570 [pool-172-thread-1] INFO  impl.RoleInfo (RoleInfo.java:updateAndGet(143)) - eb8bacec-1550-4eff-8b38-5938654b28d6: start FollowerState
2019-11-14 22:35:50,570 [pool-172-thread-1] INFO  util.JmxRegister (JmxRegister.java:tryRegister(44)) - Successfully registered JMX Bean with object name Ratis:service=RaftServer,group=group-D51DA1A96FD7,id=eb8bacec-1550-4eff-8b38-5938654b28d6
2019-11-14 22:35:50,570 [pool-172-thread-1] WARN  impl.MetricRegistriesImpl (MetricRegistriesImpl.java:lambda$create$1(61)) - First MetricRegistry has been created without registering reporters. You may need to call MetricRegistries.global().addReportRegistration(...) before.
2019-11-14 22:35:50,573 [RatisPipelineUtilsThread] INFO  pipeline.PipelineStateManager (PipelineStateManager.java:addPipeline(55)) - Created pipeline Pipeline[ Id: abd2846c-6cd4-43b4-ac8f-d51da1a96fd7, Nodes: eb8bacec-1550-4eff-8b38-5938654b28d6{ip: 192.168.69.65, host: pr-mpuissue-pdzcc-455137112, networkLocation: /default-rack, certSerialId: null}, Type:RATIS, Factor:ONE, State:ALLOCATED]
2019-11-14 22:35:50,576 [Thread-1474] INFO  pipeline.PipelineStateManager (PipelineStateManager.java:finalizePipeline(121)) - Pipeline Pipeline[ Id: f7a8f441-bfe6-4f96-90c1-ca8941981a1d, Nodes: 76b3b274-17aa-4635-9ecc-8bffa687e80e{ip: 192.168.69.65, host: pr-mpuissue-pdzcc-455137112, networkLocation: /default-rack, certSerialId: null}, Type:RATIS, Factor:ONE, State:CLOSED] moved to CLOSED state
2019-11-14 22:35:50,579 [grpc-default-executor-3] INFO  impl.RaftServerProxy (RaftServerProxy.java:remove(95)) - 76b3b274-17aa-4635-9ecc-8bffa687e80e: remove    LEADER 76b3b274-17aa-4635-9ecc-8bffa687e80e@group-CA8941981A1D:t1, leader=76b3b274-17aa-4635-9ecc-8bffa687e80e, voted=76b3b274-17aa-4635-9ecc-8bffa687e80e, raftlog=76b3b274-17aa-4635-9ecc-8bffa687e80e@group-CA8941981A1D-SegmentedRaftLog:OPENED:c0,f0,i0, conf=0: [76b3b274-17aa-4635-9ecc-8bffa687e80e:192.168.69.65:46135], old=null RUNNING
2019-11-14 22:35:50,579 [grpc-default-executor-3] INFO  impl.RaftServerImpl (RaftServerImpl.java:lambda$shutdown$3(250)) - 76b3b274-17aa-4635-9ecc-8bffa687e80e@group-CA8941981A1D: shutdown
2019-11-14 22:35:50,580 [grpc-default-executor-3] INFO  util.JmxRegister (JmxRegister.java:unregister(73)) - Successfully un-registered JMX Bean with object name Ratis:service=RaftServer,group=group-CA8941981A1D,id=76b3b274-17aa-4635-9ecc-8bffa687e80e
2019-11-14 22:35:50,580 [grpc-default-executor-3] INFO  impl.RoleInfo (RoleInfo.java:shutdownLeaderState(104)) - 76b3b274-17aa-4635-9ecc-8bffa687e80e: shutdown LeaderState
2019-11-14 22:35:50,580 [grpc-default-executor-3] INFO  impl.PendingRequests (PendingRequests.java:sendNotLeaderResponses(206)) - 76b3b274-17aa-4635-9ecc-8bffa687e80e@group-CA8941981A1D-PendingRequests: sendNotLeaderResponses
2019-11-14 22:35:50,580 [grpc-default-executor-3] INFO  impl.StateMachineUpdater (StateMachineUpdater.java:stopAndJoin(136)) - 76b3b274-17aa-4635-9ecc-8bffa687e80e@group-CA8941981A1D-StateMachineUpdater: set stopIndex = 0
2019-11-14 22:35:50,581 [grpc-default-executor-3] INFO  impl.RaftServerImpl (ServerState.java:close(387)) - 76b3b274-17aa-4635-9ecc-8bffa687e80e@group-CA8941981A1D: closes. applyIndex: 0
2019-11-14 22:35:50,581 [76b3b274-17aa-4635-9ecc-8bffa687e80e@group-CA8941981A1D-SegmentedRaftLogWorker] INFO  segmented.SegmentedRaftLogWorker (SegmentedRaftLogWorker.java:run(316)) - 76b3b274-17aa-4635-9ecc-8bffa687e80e@group-CA8941981A1D-SegmentedRaftLogWorker was interrupted, exiting. There are 0 tasks remaining in the queue.
2019-11-14 22:35:50,587 [grpc-default-executor-3] INFO  segmented.SegmentedRaftLogWorker (SegmentedRaftLogWorker.java:close(224)) - 76b3b274-17aa-4635-9ecc-8bffa687e80e@group-CA8941981A1D-SegmentedRaftLogWorker close()
2019-11-14 22:35:50,601 [Thread-1474] INFO  pipeline.PipelineStateManager (PipelineStateManager.java:removePipeline(106)) - Pipeline Pipeline[ Id: f7a8f441-bfe6-4f96-90c1-ca8941981a1d, Nodes: 76b3b274-17aa-4635-9ecc-8bffa687e80e{ip: 192.168.69.65, host: pr-mpuissue-pdzcc-455137112, networkLocation: /default-rack, certSerialId: null}, Type:RATIS, Factor:ONE, State:CLOSED] removed from db
2019-11-14 22:35:50,601 [Thread-1474] INFO  pipeline.SCMPipelineManager (SCMPipelineManager.java:finalizeAndDestroyPipeline(315)) - destroying pipeline:Pipeline[ Id: 5faf9fdd-6bc8-466a-a581-3c50acf7e7ae, Nodes: 2427739b-b0e6-43d8-8c20-3c7e368f4410{ip: 192.168.69.65, host: pr-mpuissue-pdzcc-455137112, networkLocation: /default-rack, certSerialId: null}eb8bacec-1550-4eff-8b38-5938654b28d6{ip: 192.168.69.65, host: pr-mpuissue-pdzcc-455137112, networkLocation: /default-rack, certSerialId: null}b7b0f9e6-a213-4288-a637-63e9f4ecb8f2{ip: 192.168.69.65, host: pr-mpuissue-pdzcc-455137112, networkLocation: /default-rack, certSerialId: null}, Type:RATIS, Factor:THREE, State:OPEN]
2019-11-14 22:35:50,605 [grpc-default-executor-3] INFO  impl.RaftServerProxy (RaftServerProxy.java:addNew(89)) - 76b3b274-17aa-4635-9ecc-8bffa687e80e: addNew group-C131F2662F09:[76b3b274-17aa-4635-9ecc-8bffa687e80e:192.168.69.65:46135] returns group-C131F2662F09:java.util.concurrent.CompletableFuture@27ccd10[Not completed]
2019-11-14 22:35:50,606 [pool-192-thread-1] INFO  impl.RaftServerImpl (RaftServerImpl.java:<init>(98)) - 76b3b274-17aa-4635-9ecc-8bffa687e80e: new RaftServerImpl for group-C131F2662F09:[76b3b274-17aa-4635-9ecc-8bffa687e80e:192.168.69.65:46135] with ContainerStateMachine:uninitialized
2019-11-14 22:35:50,608 [pool-192-thread-1] INFO  server.RaftServerConfigKeys (ConfUtils.java:logGet(43)) - raft.server.rpc.timeout.min = 1s (custom)
2019-11-14 22:35:50,608 [pool-192-thread-1] INFO  server.RaftServerConfigKeys (ConfUtils.java:logGet(43)) - raft.server.rpc.timeout.max = 1200ms (custom)
2019-11-14 22:35:50,608 [pool-192-thread-1] INFO  server.RaftServerConfigKeys (ConfUtils.java:logGet(43)) - raft.server.rpcslowness.timeout = 120s (custom)
2019-11-14 22:35:50,608 [pool-192-thread-1] INFO  server.RaftServerConfigKeys (ConfUtils.java:logGet(43)) - raft.server.sleep.deviation.threshold = 300 (default)
2019-11-14 22:35:50,608 [pool-192-thread-1] INFO  server.RaftServerConfigKeys (ConfUtils.java:logGet(43)) - raft.server.log.appender.install.snapshot.enabled = false (custom)
2019-11-14 22:35:50,608 [pool-192-thread-1] INFO  impl.RaftServerImpl (ServerState.java:<init>(103)) - 76b3b274-17aa-4635-9ecc-8bffa687e80e@group-C131F2662F09: ConfigurationManager, init=-1: [76b3b274-17aa-4635-9ecc-8bffa687e80e:192.168.69.65:46135], old=null, confs=<EMPTY_MAP>
2019-11-14 22:35:50,608 [pool-192-thread-1] INFO  server.RaftServerConfigKeys (ConfUtils.java:logGet(43)) - raft.server.storage.dir = [/workdir/hadoop-ozone/integration-test/target/test-dir/MiniOzoneClusterImpl-479ab7c1-aba1-4cab-b6ff-ec51363c42af/datanode-4/data/ratis] (custom)
2019-11-14 22:35:50,608 [pool-192-thread-1] INFO  server.RaftServerConfigKeys (ConfUtils.java:logGet(43)) - raft.server.log.corruption.policy = EXCEPTION (default)
2019-11-14 22:35:50,608 [pool-192-thread-1] INFO  storage.RaftStorageDirectory (RaftStorageDirectory.java:analyzeStorage(246)) - The storage directory /workdir/hadoop-ozone/integration-test/target/test-dir/MiniOzoneClusterImpl-479ab7c1-aba1-4cab-b6ff-ec51363c42af/datanode-4/data/ratis/fbfd6d29-017a-44f2-8b24-c131f2662f09 does not exist. Creating ...
2019-11-14 22:35:50,619 [pool-192-thread-1] INFO  storage.RaftStorageDirectory (RaftStorageDirectory.java:tryLock(328)) - Lock on /workdir/hadoop-ozone/integration-test/target/test-dir/MiniOzoneClusterImpl-479ab7c1-aba1-4cab-b6ff-ec51363c42af/datanode-4/data/ratis/fbfd6d29-017a-44f2-8b24-c131f2662f09/in_use.lock acquired by nodename 4158@pr-mpuissue-pdzcc-455137112
2019-11-14 22:35:50,652 [pool-192-thread-1] INFO  storage.RaftStorage (RaftStorage.java:format(84)) - Storage directory /workdir/hadoop-ozone/integration-test/target/test-dir/MiniOzoneClusterImpl-479ab7c1-aba1-4cab-b6ff-ec51363c42af/datanode-4/data/ratis/fbfd6d29-017a-44f2-8b24-c131f2662f09 has been successfully formatted.
2019-11-14 22:35:50,652 [pool-192-thread-1] INFO  ratis.ContainerStateMachine (ContainerStateMachine.java:loadSnapshot(223)) - group-C131F2662F09: The snapshot info is null. Setting the last applied indexto:(t:0, i:~)
2019-11-14 22:35:50,652 [pool-192-thread-1] INFO  server.RaftServerConfigKeys (ConfUtils.java:logGet(43)) - raft.server.notification.no-leader.timeout = 120s (custom)
2019-11-14 22:35:50,652 [pool-192-thread-1] INFO  server.RaftServerConfigKeys (ConfUtils.java:logGet(43)) - raft.server.log.use.memory = false (default)
2019-11-14 22:35:50,652 [pool-192-thread-1] INFO  server.RaftServerConfigKeys (ConfUtils.java:logGet(43)) - raft.server.log.purge.gap = 1000000 (custom)
2019-11-14 22:35:50,652 [pool-192-thread-1] INFO  server.RaftServerConfigKeys (ConfUtils.java:logGet(43)) - raft.server.log.appender.buffer.byte-limit = 33554432 (custom)
2019-11-14 22:35:50,652 [pool-192-thread-1] INFO  server.RaftServerConfigKeys (ConfUtils.java:logGet(43)) - raft.server.log.segment.size.max = 1048576 (custom)
2019-11-14 22:35:50,653 [pool-192-thread-1] INFO  server.RaftServerConfigKeys (ConfUtils.java:logGet(43)) - raft.server.log.segment.cache.num.max = 2 (custom)
2019-11-14 22:35:50,653 [pool-192-thread-1] INFO  segmented.SegmentedRaftLogWorker (SegmentedRaftLogWorker.java:<init>(173)) - new 76b3b274-17aa-4635-9ecc-8bffa687e80e@group-C131F2662F09-SegmentedRaftLogWorker for RaftStorage:Storage Directory /workdir/hadoop-ozone/integration-test/target/test-dir/MiniOzoneClusterImpl-479ab7c1-aba1-4cab-b6ff-ec51363c42af/datanode-4/data/ratis/fbfd6d29-017a-44f2-8b24-c131f2662f09
2019-11-14 22:35:50,653 [pool-192-thread-1] INFO  server.RaftServerConfigKeys (ConfUtils.java:logGet(43)) - raft.server.log.queue.byte-limit = 2147483647 (custom)
2019-11-14 22:35:50,653 [pool-192-thread-1] INFO  server.RaftServerConfigKeys (ConfUtils.java:logGet(43)) - raft.server.log.queue.element-limit = 1024 (custom)
2019-11-14 22:35:50,653 [pool-192-thread-1] INFO  server.RaftServerConfigKeys (ConfUtils.java:logGet(43)) - raft.server.log.segment.size.max = 1048576 (custom)
2019-11-14 22:35:50,653 [pool-192-thread-1] INFO  server.RaftServerConfigKeys (ConfUtils.java:logGet(43)) - raft.server.log.preallocated.size = 16384 (custom)
2019-11-14 22:35:50,653 [pool-192-thread-1] INFO  server.RaftServerConfigKeys (ConfUtils.java:logGet(43)) - raft.server.log.write.buffer.size = 33554432 (custom)
2019-11-14 22:35:50,653 [pool-192-thread-1] INFO  server.RaftServerConfigKeys (ConfUtils.java:logGet(43)) - raft.server.log.force.sync.num = 128 (default)
2019-11-14 22:35:50,653 [pool-192-thread-1] INFO  server.RaftServerConfigKeys (ConfUtils.java:logGet(43)) - raft.server.log.statemachine.data.sync = true (default)
2019-11-14 22:35:50,653 [pool-192-thread-1] INFO  server.RaftServerConfigKeys (ConfUtils.java:logGet(43)) - raft.server.log.statemachine.data.sync.timeout = 10s (default)
2019-11-14 22:35:50,653 [pool-192-thread-1] INFO  server.RaftServerConfigKeys (ConfUtils.java:logGet(43)) - raft.server.log.statemachine.data.sync.timeout.retry = -1 (default)
2019-11-14 22:35:50,654 [pool-192-thread-1] INFO  server.RaftServerConfigKeys (ConfUtils.java:logGet(43)) - raft.server.log.statemachine.data.caching.enabled = true (custom)
2019-11-14 22:35:50,654 [pool-192-thread-1] INFO  segmented.SegmentedRaftLogWorker (SegmentedRaftLogWorker.java:lambda$new$0(128)) - 76b3b274-17aa-4635-9ecc-8bffa687e80e@group-C131F2662F09-SegmentedRaftLogWorker: flushIndex: setUnconditionally 0 -> -1
2019-11-14 22:35:50,654 [pool-192-thread-1] INFO  server.RaftServerConfigKeys (ConfUtils.java:logGet(43)) - raft.server.snapshot.auto.trigger.enabled = true (custom)
2019-11-14 22:35:50,654 [pool-192-thread-1] INFO  server.RaftServerConfigKeys (ConfUtils.java:logGet(43)) - raft.server.snapshot.auto.trigger.threshold = 10000 (custom)
2019-11-14 22:35:50,654 [pool-192-thread-1] INFO  server.RaftServerConfigKeys (ConfUtils.java:logGet(43)) - raft.server.snapshot.retention.file.num = 5 (custom)
2019-11-14 22:35:50,654 [pool-192-thread-1] INFO  server.RaftServerConfigKeys (ConfUtils.java:logGet(43)) - raft.server.retrycache.expirytime = 600000ms (custom)
2019-11-14 22:35:50,654 [pool-192-thread-1] WARN  impl.MetricRegistriesImpl (MetricRegistriesImpl.java:lambda$create$1(61)) - First MetricRegistry has been created without registering reporters. You may need to call MetricRegistries.global().addReportRegistration(...) before.
2019-11-14 22:35:50,654 [pool-192-thread-1] WARN  impl.MetricRegistriesImpl (MetricRegistriesImpl.java:lambda$create$1(61)) - First MetricRegistry has been created without registering reporters. You may need to call MetricRegistries.global().addReportRegistration(...) before.
2019-11-14 22:35:50,655 [pool-192-thread-1] INFO  impl.RaftServerImpl (RaftServerImpl.java:start(184)) - 76b3b274-17aa-4635-9ecc-8bffa687e80e@group-C131F2662F09: start as a follower, conf=-1: [76b3b274-17aa-4635-9ecc-8bffa687e80e:192.168.69.65:46135], old=null
2019-11-14 22:35:50,655 [pool-192-thread-1] INFO  impl.RaftServerImpl (RaftServerImpl.java:setRole(173)) - 76b3b274-17aa-4635-9ecc-8bffa687e80e@group-C131F2662F09: changes role from      null to FOLLOWER at term 0 for startAsFollower
2019-11-14 22:35:50,655 [pool-192-thread-1] INFO  impl.RoleInfo (RoleInfo.java:updateAndGet(143)) - 76b3b274-17aa-4635-9ecc-8bffa687e80e: start FollowerState
2019-11-14 22:35:50,655 [pool-192-thread-1] INFO  util.JmxRegister (JmxRegister.java:tryRegister(44)) - Successfully registered JMX Bean with object name Ratis:service=RaftServer,group=group-C131F2662F09,id=76b3b274-17aa-4635-9ecc-8bffa687e80e
2019-11-14 22:35:50,655 [pool-192-thread-1] WARN  impl.MetricRegistriesImpl (MetricRegistriesImpl.java:lambda$create$1(61)) - First MetricRegistry has been created without registering reporters. You may need to call MetricRegistries.global().addReportRegistration(...) before.
2019-11-14 22:35:50,657 [RatisPipelineUtilsThread] INFO  pipeline.PipelineStateManager (PipelineStateManager.java:addPipeline(55)) - Created pipeline Pipeline[ Id: fbfd6d29-017a-44f2-8b24-c131f2662f09, Nodes: 76b3b274-17aa-4635-9ecc-8bffa687e80e{ip: 192.168.69.65, host: pr-mpuissue-pdzcc-455137112, networkLocation: /default-rack, certSerialId: null}, Type:RATIS, Factor:ONE, State:ALLOCATED]
2019-11-14 22:35:50,660 [Thread-1474] INFO  pipeline.PipelineStateManager (PipelineStateManager.java:finalizePipeline(121)) - Pipeline Pipeline[ Id: 5faf9fdd-6bc8-466a-a581-3c50acf7e7ae, Nodes: 2427739b-b0e6-43d8-8c20-3c7e368f4410{ip: 192.168.69.65, host: pr-mpuissue-pdzcc-455137112, networkLocation: /default-rack, certSerialId: null}eb8bacec-1550-4eff-8b38-5938654b28d6{ip: 192.168.69.65, host: pr-mpuissue-pdzcc-455137112, networkLocation: /default-rack, certSerialId: null}b7b0f9e6-a213-4288-a637-63e9f4ecb8f2{ip: 192.168.69.65, host: pr-mpuissue-pdzcc-455137112, networkLocation: /default-rack, certSerialId: null}, Type:RATIS, Factor:THREE, State:CLOSED] moved to CLOSED state
2019-11-14 22:35:50,661 [EventQueue-CloseContainerForCloseContainerEventHandler] INFO  container.CloseContainerEventHandler (CloseContainerEventHandler.java:onMessage(61)) - Close container Event triggered for container : #1
2019-11-14 22:35:50,665 [grpc-default-executor-3] INFO  impl.RaftServerProxy (RaftServerProxy.java:remove(95)) - 2427739b-b0e6-43d8-8c20-3c7e368f4410: remove  FOLLOWER 2427739b-b0e6-43d8-8c20-3c7e368f4410@group-3C50ACF7E7AE:t1, leader=b7b0f9e6-a213-4288-a637-63e9f4ecb8f2, voted=b7b0f9e6-a213-4288-a637-63e9f4ecb8f2, raftlog=2427739b-b0e6-43d8-8c20-3c7e368f4410@group-3C50ACF7E7AE-SegmentedRaftLog:OPENED:c4,f6,i6, conf=0: [2427739b-b0e6-43d8-8c20-3c7e368f4410:192.168.69.65:43712, b7b0f9e6-a213-4288-a637-63e9f4ecb8f2:192.168.69.65:39870, eb8bacec-1550-4eff-8b38-5938654b28d6:192.168.69.65:45501], old=null RUNNING
2019-11-14 22:35:50,666 [grpc-default-executor-3] INFO  impl.RaftServerImpl (RaftServerImpl.java:lambda$shutdown$3(250)) - 2427739b-b0e6-43d8-8c20-3c7e368f4410@group-3C50ACF7E7AE: shutdown
2019-11-14 22:35:50,667 [grpc-default-executor-3] INFO  util.JmxRegister (JmxRegister.java:unregister(73)) - Successfully un-registered JMX Bean with object name Ratis:service=RaftServer,group=group-3C50ACF7E7AE,id=2427739b-b0e6-43d8-8c20-3c7e368f4410
2019-11-14 22:35:50,667 [grpc-default-executor-3] INFO  impl.RoleInfo (RoleInfo.java:shutdownFollowerState(121)) - 2427739b-b0e6-43d8-8c20-3c7e368f4410: shutdown FollowerState
2019-11-14 22:35:50,667 [grpc-default-executor-3] INFO  impl.StateMachineUpdater (StateMachineUpdater.java:stopAndJoin(136)) - 2427739b-b0e6-43d8-8c20-3c7e368f4410@group-3C50ACF7E7AE-StateMachineUpdater: set stopIndex = 4
2019-11-14 22:35:50,667 [Thread-1523] INFO  impl.FollowerState (FollowerState.java:run(120)) - 2427739b-b0e6-43d8-8c20-3c7e368f4410@group-3C50ACF7E7AE-FollowerState was interrupted: java.lang.InterruptedException: sleep interrupted
2019-11-14 22:35:50,667 [2427739b-b0e6-43d8-8c20-3c7e368f4410@group-3C50ACF7E7AE-StateMachineUpdater] INFO  ratis.ContainerStateMachine (ContainerStateMachine.java:takeSnapshot(285)) - group-3C50ACF7E7AE: Taking a snapshot at:(t:1, i:1) file /workdir/hadoop-ozone/integration-test/target/test-dir/MiniOzoneClusterImpl-479ab7c1-aba1-4cab-b6ff-ec51363c42af/datanode-0/data/ratis/5faf9fdd-6bc8-466a-a581-3c50acf7e7ae/sm/snapshot.1_1
2019-11-14 22:35:50,687 [2427739b-b0e6-43d8-8c20-3c7e368f4410@group-3C50ACF7E7AE-StateMachineUpdater] INFO  ratis.ContainerStateMachine (ContainerStateMachine.java:takeSnapshot(296)) - group-3C50ACF7E7AE: Finished taking a snapshot at:(t:1, i:1) file:/workdir/hadoop-ozone/integration-test/target/test-dir/MiniOzoneClusterImpl-479ab7c1-aba1-4cab-b6ff-ec51363c42af/datanode-0/data/ratis/5faf9fdd-6bc8-466a-a581-3c50acf7e7ae/sm/snapshot.1_1 time:20
2019-11-14 22:35:50,687 [2427739b-b0e6-43d8-8c20-3c7e368f4410@group-3C50ACF7E7AE-StateMachineUpdater] INFO  impl.StateMachineUpdater (StateMachineUpdater.java:takeSnapshot(269)) - 2427739b-b0e6-43d8-8c20-3c7e368f4410@group-3C50ACF7E7AE-StateMachineUpdater: Took a snapshot at index 1
2019-11-14 22:35:50,687 [2427739b-b0e6-43d8-8c20-3c7e368f4410@group-3C50ACF7E7AE-StateMachineUpdater] INFO  impl.StateMachineUpdater (StateMachineUpdater.java:lambda$new$0(84)) - 2427739b-b0e6-43d8-8c20-3c7e368f4410@group-3C50ACF7E7AE-StateMachineUpdater: snapshotIndex: updateIncreasingly -1 -> 1
2019-11-14 22:35:50,687 [2427739b-b0e6-43d8-8c20-3c7e368f4410@group-3C50ACF7E7AE-StateMachineUpdater] INFO  ratis.ContainerStateMachine (ContainerStateMachine.java:takeSnapshot(285)) - group-3C50ACF7E7AE: Taking a snapshot at:(t:1, i:1) file /workdir/hadoop-ozone/integration-test/target/test-dir/MiniOzoneClusterImpl-479ab7c1-aba1-4cab-b6ff-ec51363c42af/datanode-0/data/ratis/5faf9fdd-6bc8-466a-a581-3c50acf7e7ae/sm/snapshot.1_1
2019-11-14 22:35:50,712 [2427739b-b0e6-43d8-8c20-3c7e368f4410@group-3C50ACF7E7AE-StateMachineUpdater] INFO  ratis.ContainerStateMachine (ContainerStateMachine.java:takeSnapshot(296)) - group-3C50ACF7E7AE: Finished taking a snapshot at:(t:1, i:1) file:/workdir/hadoop-ozone/integration-test/target/test-dir/MiniOzoneClusterImpl-479ab7c1-aba1-4cab-b6ff-ec51363c42af/datanode-0/data/ratis/5faf9fdd-6bc8-466a-a581-3c50acf7e7ae/sm/snapshot.1_1 time:24
2019-11-14 22:35:50,712 [2427739b-b0e6-43d8-8c20-3c7e368f4410@group-3C50ACF7E7AE-StateMachineUpdater] INFO  impl.StateMachineUpdater (StateMachineUpdater.java:takeSnapshot(269)) - 2427739b-b0e6-43d8-8c20-3c7e368f4410@group-3C50ACF7E7AE-StateMachineUpdater: Took a snapshot at index 1
2019-11-14 22:35:50,712 [2427739b-b0e6-43d8-8c20-3c7e368f4410@group-3C50ACF7E7AE-StateMachineUpdater] INFO  impl.StateMachineUpdater (StateMachineUpdater.java:lambda$new$0(84)) - 2427739b-b0e6-43d8-8c20-3c7e368f4410@group-3C50ACF7E7AE-StateMachineUpdater: snapshotIndex: updateIncreasingly 1 -> 1
2019-11-14 22:35:50,712 [grpc-default-executor-3] INFO  impl.RaftServerImpl (ServerState.java:close(387)) - 2427739b-b0e6-43d8-8c20-3c7e368f4410@group-3C50ACF7E7AE: closes. applyIndex: 4
2019-11-14 22:35:50,713 [2427739b-b0e6-43d8-8c20-3c7e368f4410@group-3C50ACF7E7AE-SegmentedRaftLogWorker] INFO  segmented.SegmentedRaftLogWorker (SegmentedRaftLogWorker.java:run(316)) - 2427739b-b0e6-43d8-8c20-3c7e368f4410@group-3C50ACF7E7AE-SegmentedRaftLogWorker was interrupted, exiting. There are 0 tasks remaining in the queue.
2019-11-14 22:35:50,714 [grpc-default-executor-3] INFO  segmented.SegmentedRaftLogWorker (SegmentedRaftLogWorker.java:close(224)) - 2427739b-b0e6-43d8-8c20-3c7e368f4410@group-3C50ACF7E7AE-SegmentedRaftLogWorker close()
2019-11-14 22:35:50,843 [grpc-default-executor-3] INFO  interfaces.Container (KeyValueContainer.java:flushAndSyncDB(400)) - Container 1 is synced with bcsId 4.
2019-11-14 22:35:50,843 [grpc-default-executor-3] INFO  interfaces.Container (KeyValueContainer.java:flushAndSyncDB(400)) - Container 1 is synced with bcsId 4.
2019-11-14 22:35:50,868 [EventQueue-IncrementalContainerReportForIncrementalContainerReportHandler] INFO  container.IncrementalContainerReportHandler (AbstractContainerReportHandler.java:updateContainerState(171)) - Moving container #1 to QUASI_CLOSED state, datanode 2427739b-b0e6-43d8-8c20-3c7e368f4410{ip: 192.168.69.65, host: pr-mpuissue-pdzcc-455137112, networkLocation: /default-rack, certSerialId: null} reported QUASI_CLOSED replica.
2019-11-14 22:35:50,872 [grpc-default-executor-3] INFO  impl.RaftServerProxy (RaftServerProxy.java:remove(95)) - eb8bacec-1550-4eff-8b38-5938654b28d6: remove  FOLLOWER eb8bacec-1550-4eff-8b38-5938654b28d6@group-3C50ACF7E7AE:t1, leader=b7b0f9e6-a213-4288-a637-63e9f4ecb8f2, voted=eb8bacec-1550-4eff-8b38-5938654b28d6, raftlog=eb8bacec-1550-4eff-8b38-5938654b28d6@group-3C50ACF7E7AE-SegmentedRaftLog:OPENED:c6,f8,i12, conf=0: [2427739b-b0e6-43d8-8c20-3c7e368f4410:192.168.69.65:43712, b7b0f9e6-a213-4288-a637-63e9f4ecb8f2:192.168.69.65:39870, eb8bacec-1550-4eff-8b38-5938654b28d6:192.168.69.65:45501], old=null RUNNING
2019-11-14 22:35:50,872 [grpc-default-executor-3] INFO  impl.RaftServerImpl (RaftServerImpl.java:lambda$shutdown$3(250)) - eb8bacec-1550-4eff-8b38-5938654b28d6@group-3C50ACF7E7AE: shutdown
2019-11-14 22:35:50,872 [grpc-default-executor-3] INFO  util.JmxRegister (JmxRegister.java:unregister(73)) - Successfully un-registered JMX Bean with object name Ratis:service=RaftServer,group=group-3C50ACF7E7AE,id=eb8bacec-1550-4eff-8b38-5938654b28d6
2019-11-14 22:35:50,872 [grpc-default-executor-3] INFO  impl.RoleInfo (RoleInfo.java:shutdownFollowerState(121)) - eb8bacec-1550-4eff-8b38-5938654b28d6: shutdown FollowerState
2019-11-14 22:35:50,873 [grpc-default-executor-3] INFO  impl.StateMachineUpdater (StateMachineUpdater.java:stopAndJoin(136)) - eb8bacec-1550-4eff-8b38-5938654b28d6@group-3C50ACF7E7AE-StateMachineUpdater: set stopIndex = 6
2019-11-14 22:35:50,873 [eb8bacec-1550-4eff-8b38-5938654b28d6@group-3C50ACF7E7AE-StateMachineUpdater] INFO  ratis.ContainerStateMachine (ContainerStateMachine.java:takeSnapshot(285)) - group-3C50ACF7E7AE: Taking a snapshot at:(t:1, i:4) file /workdir/hadoop-ozone/integration-test/target/test-dir/MiniOzoneClusterImpl-479ab7c1-aba1-4cab-b6ff-ec51363c42af/datanode-2/data/ratis/5faf9fdd-6bc8-466a-a581-3c50acf7e7ae/sm/snapshot.1_4
2019-11-14 22:35:50,873 [Thread-1524] INFO  impl.FollowerState (FollowerState.java:run(120)) - eb8bacec-1550-4eff-8b38-5938654b28d6@group-3C50ACF7E7AE-FollowerState was interrupted: java.lang.InterruptedException: sleep interrupted
2019-11-14 22:35:50,884 [eb8bacec-1550-4eff-8b38-5938654b28d6@group-3C50ACF7E7AE-StateMachineUpdater] INFO  ratis.ContainerStateMachine (ContainerStateMachine.java:takeSnapshot(296)) - group-3C50ACF7E7AE: Finished taking a snapshot at:(t:1, i:4) file:/workdir/hadoop-ozone/integration-test/target/test-dir/MiniOzoneClusterImpl-479ab7c1-aba1-4cab-b6ff-ec51363c42af/datanode-2/data/ratis/5faf9fdd-6bc8-466a-a581-3c50acf7e7ae/sm/snapshot.1_4 time:11
2019-11-14 22:35:50,884 [eb8bacec-1550-4eff-8b38-5938654b28d6@group-3C50ACF7E7AE-StateMachineUpdater] INFO  impl.StateMachineUpdater (StateMachineUpdater.java:takeSnapshot(269)) - eb8bacec-1550-4eff-8b38-5938654b28d6@group-3C50ACF7E7AE-StateMachineUpdater: Took a snapshot at index 4
2019-11-14 22:35:50,884 [eb8bacec-1550-4eff-8b38-5938654b28d6@group-3C50ACF7E7AE-StateMachineUpdater] INFO  impl.StateMachineUpdater (StateMachineUpdater.java:lambda$new$0(84)) - eb8bacec-1550-4eff-8b38-5938654b28d6@group-3C50ACF7E7AE-StateMachineUpdater: snapshotIndex: updateIncreasingly -1 -> 4
2019-11-14 22:35:50,885 [eb8bacec-1550-4eff-8b38-5938654b28d6@group-3C50ACF7E7AE-StateMachineUpdater] INFO  ratis.ContainerStateMachine (ContainerStateMachine.java:takeSnapshot(285)) - group-3C50ACF7E7AE: Taking a snapshot at:(t:1, i:4) file /workdir/hadoop-ozone/integration-test/target/test-dir/MiniOzoneClusterImpl-479ab7c1-aba1-4cab-b6ff-ec51363c42af/datanode-2/data/ratis/5faf9fdd-6bc8-466a-a581-3c50acf7e7ae/sm/snapshot.1_4
2019-11-14 22:35:50,904 [eb8bacec-1550-4eff-8b38-5938654b28d6@group-3C50ACF7E7AE-StateMachineUpdater] INFO  ratis.ContainerStateMachine (ContainerStateMachine.java:takeSnapshot(296)) - group-3C50ACF7E7AE: Finished taking a snapshot at:(t:1, i:4) file:/workdir/hadoop-ozone/integration-test/target/test-dir/MiniOzoneClusterImpl-479ab7c1-aba1-4cab-b6ff-ec51363c42af/datanode-2/data/ratis/5faf9fdd-6bc8-466a-a581-3c50acf7e7ae/sm/snapshot.1_4 time:20
2019-11-14 22:35:50,905 [eb8bacec-1550-4eff-8b38-5938654b28d6@group-3C50ACF7E7AE-StateMachineUpdater] INFO  impl.StateMachineUpdater (StateMachineUpdater.java:takeSnapshot(269)) - eb8bacec-1550-4eff-8b38-5938654b28d6@group-3C50ACF7E7AE-StateMachineUpdater: Took a snapshot at index 4
2019-11-14 22:35:50,905 [eb8bacec-1550-4eff-8b38-5938654b28d6@group-3C50ACF7E7AE-StateMachineUpdater] INFO  impl.StateMachineUpdater (StateMachineUpdater.java:lambda$new$0(84)) - eb8bacec-1550-4eff-8b38-5938654b28d6@group-3C50ACF7E7AE-StateMachineUpdater: snapshotIndex: updateIncreasingly 4 -> 4
2019-11-14 22:35:50,905 [grpc-default-executor-3] INFO  impl.RaftServerImpl (ServerState.java:close(387)) - eb8bacec-1550-4eff-8b38-5938654b28d6@group-3C50ACF7E7AE: closes. applyIndex: 6
2019-11-14 22:35:50,905 [eb8bacec-1550-4eff-8b38-5938654b28d6@group-3C50ACF7E7AE-SegmentedRaftLogWorker] INFO  segmented.SegmentedRaftLogWorker (SegmentedRaftLogWorker.java:run(316)) - eb8bacec-1550-4eff-8b38-5938654b28d6@group-3C50ACF7E7AE-SegmentedRaftLogWorker was interrupted, exiting. There are 0 tasks remaining in the queue.
2019-11-14 22:35:50,907 [grpc-default-executor-3] INFO  segmented.SegmentedRaftLogWorker (SegmentedRaftLogWorker.java:close(224)) - eb8bacec-1550-4eff-8b38-5938654b28d6@group-3C50ACF7E7AE-SegmentedRaftLogWorker close()
2019-11-14 22:35:50,945 [grpc-default-executor-3] INFO  interfaces.Container (KeyValueContainer.java:flushAndSyncDB(400)) - Container 1 is synced with bcsId 4.
2019-11-14 22:35:50,945 [grpc-default-executor-3] INFO  interfaces.Container (KeyValueContainer.java:flushAndSyncDB(400)) - Container 1 is synced with bcsId 4.
2019-11-14 22:35:50,974 [grpc-default-executor-3] INFO  impl.RaftServerProxy (RaftServerProxy.java:remove(95)) - b7b0f9e6-a213-4288-a637-63e9f4ecb8f2: remove    LEADER b7b0f9e6-a213-4288-a637-63e9f4ecb8f2@group-3C50ACF7E7AE:t1, leader=b7b0f9e6-a213-4288-a637-63e9f4ecb8f2, voted=b7b0f9e6-a213-4288-a637-63e9f4ecb8f2, raftlog=b7b0f9e6-a213-4288-a637-63e9f4ecb8f2@group-3C50ACF7E7AE-SegmentedRaftLog:OPENED:c12,f14,i14, conf=0: [2427739b-b0e6-43d8-8c20-3c7e368f4410:192.168.69.65:43712, b7b0f9e6-a213-4288-a637-63e9f4ecb8f2:192.168.69.65:39870, eb8bacec-1550-4eff-8b38-5938654b28d6:192.168.69.65:45501], old=null RUNNING
2019-11-14 22:35:50,974 [grpc-default-executor-3] INFO  impl.RaftServerImpl (RaftServerImpl.java:lambda$shutdown$3(250)) - b7b0f9e6-a213-4288-a637-63e9f4ecb8f2@group-3C50ACF7E7AE: shutdown
2019-11-14 22:35:50,974 [grpc-default-executor-3] INFO  util.JmxRegister (JmxRegister.java:unregister(73)) - Successfully un-registered JMX Bean with object name Ratis:service=RaftServer,group=group-3C50ACF7E7AE,id=b7b0f9e6-a213-4288-a637-63e9f4ecb8f2
2019-11-14 22:35:50,974 [grpc-default-executor-3] INFO  impl.RoleInfo (RoleInfo.java:shutdownLeaderState(104)) - b7b0f9e6-a213-4288-a637-63e9f4ecb8f2: shutdown LeaderState
2019-11-14 22:35:50,977 [org.apache.ratis.server.impl.LogAppender$AppenderDaemon$$Lambda$513/1968553077@3437adf0] WARN  server.GrpcLogAppender (GrpcLogAppender.java:mayWait(151)) - b7b0f9e6-a213-4288-a637-63e9f4ecb8f2@group-3C50ACF7E7AE->eb8bacec-1550-4eff-8b38-5938654b28d6-GrpcLogAppender: Wait interrupted by java.lang.InterruptedException
2019-11-14 22:35:50,977 [grpc-default-executor-3] INFO  impl.PendingRequests (PendingRequests.java:sendNotLeaderResponses(206)) - b7b0f9e6-a213-4288-a637-63e9f4ecb8f2@group-3C50ACF7E7AE-PendingRequests: sendNotLeaderResponses
2019-11-14 22:35:50,978 [org.apache.ratis.server.impl.LogAppender$AppenderDaemon$$Lambda$513/1968553077@71353db2] WARN  server.GrpcLogAppender (GrpcLogAppender.java:mayWait(151)) - b7b0f9e6-a213-4288-a637-63e9f4ecb8f2@group-3C50ACF7E7AE->2427739b-b0e6-43d8-8c20-3c7e368f4410-GrpcLogAppender: Wait interrupted by java.lang.InterruptedException
2019-11-14 22:35:50,981 [grpc-default-executor-3] INFO  impl.StateMachineUpdater (StateMachineUpdater.java:stopAndJoin(136)) - b7b0f9e6-a213-4288-a637-63e9f4ecb8f2@group-3C50ACF7E7AE-StateMachineUpdater: set stopIndex = 12
2019-11-14 22:35:50,981 [grpc-default-executor-0] INFO  server.GrpcServerProtocolService (GrpcServerProtocolService.java:onCompleted(113)) - 2427739b-b0e6-43d8-8c20-3c7e368f4410: Completed APPEND_ENTRIES, lastRequest: b7b0f9e6-a213-4288-a637-63e9f4ecb8f2->2427739b-b0e6-43d8-8c20-3c7e368f4410#17-t1, previous=(t:1, i:13), leaderCommit=10, initializing? false, entries: size=1, first=(t:1, i:14), METADATAENTRY(c10)
2019-11-14 22:35:50,981 [Thread-1612] INFO  client.GrpcClientProtocolService (GrpcClientProtocolService.java:lambda$processClientRequest$0(279)) - Failed RaftClientRequest:client-F7638E7E2CA1->b7b0f9e6-a213-4288-a637-63e9f4ecb8f2@group-3C50ACF7E7AE, cid=127, seq=0, Watch-ALL_COMMITTED(8), Message:<EMPTY>, reply=RaftClientReply:client-F7638E7E2CA1->b7b0f9e6-a213-4288-a637-63e9f4ecb8f2@group-3C50ACF7E7AE, cid=127, FAILED org.apache.ratis.protocol.NotLeaderException: Server b7b0f9e6-a213-4288-a637-63e9f4ecb8f2@group-3C50ACF7E7AE is not the leader, logIndex=0, commits[b7b0f9e6-a213-4288-a637-63e9f4ecb8f2:c12]
2019-11-14 22:35:50,981 [b7b0f9e6-a213-4288-a637-63e9f4ecb8f2@group-3C50ACF7E7AE-StateMachineUpdater] INFO  ratis.ContainerStateMachine (ContainerStateMachine.java:takeSnapshot(285)) - group-3C50ACF7E7AE: Taking a snapshot at:(t:1, i:12) file /workdir/hadoop-ozone/integration-test/target/test-dir/MiniOzoneClusterImpl-479ab7c1-aba1-4cab-b6ff-ec51363c42af/datanode-1/data/ratis/5faf9fdd-6bc8-466a-a581-3c50acf7e7ae/sm/snapshot.1_12
2019-11-14 22:35:50,981 [grpc-default-executor-5] INFO  server.GrpcServerProtocolService (GrpcServerProtocolService.java:onCompleted(113)) - eb8bacec-1550-4eff-8b38-5938654b28d6: Completed APPEND_ENTRIES, lastRequest: b7b0f9e6-a213-4288-a637-63e9f4ecb8f2->eb8bacec-1550-4eff-8b38-5938654b28d6#17-t1, previous=(t:1, i:13), leaderCommit=10, initializing? false, entries: size=1, first=(t:1, i:14), METADATAENTRY(c10)
2019-11-14 22:35:50,983 [grpc-default-executor-0] INFO  server.GrpcLogAppender (GrpcLogAppender.java:onCompleted(308)) - b7b0f9e6-a213-4288-a637-63e9f4ecb8f2@group-3C50ACF7E7AE->2427739b-b0e6-43d8-8c20-3c7e368f4410-AppendLogResponseHandler: follower responses appendEntries COMPLETED
2019-11-14 22:35:50,984 [grpc-default-executor-5] INFO  server.GrpcLogAppender (GrpcLogAppender.java:onCompleted(308)) - b7b0f9e6-a213-4288-a637-63e9f4ecb8f2@group-3C50ACF7E7AE->eb8bacec-1550-4eff-8b38-5938654b28d6-AppendLogResponseHandler: follower responses appendEntries COMPLETED
2019-11-14 22:35:50,984 [grpc-default-executor-0] INFO  impl.FollowerInfo (FollowerInfo.java:lambda$new$0(51)) - b7b0f9e6-a213-4288-a637-63e9f4ecb8f2@group-3C50ACF7E7AE->2427739b-b0e6-43d8-8c20-3c7e368f4410: nextIndex: updateUnconditionally 15 -> 7
2019-11-14 22:35:50,986 [grpc-default-executor-5] INFO  impl.FollowerInfo (FollowerInfo.java:lambda$new$0(51)) - b7b0f9e6-a213-4288-a637-63e9f4ecb8f2@group-3C50ACF7E7AE->eb8bacec-1550-4eff-8b38-5938654b28d6: nextIndex: updateUnconditionally 15 -> 13
2019-11-14 22:35:51,005 [b7b0f9e6-a213-4288-a637-63e9f4ecb8f2@group-3C50ACF7E7AE-StateMachineUpdater] INFO  ratis.ContainerStateMachine (ContainerStateMachine.java:takeSnapshot(296)) - group-3C50ACF7E7AE: Finished taking a snapshot at:(t:1, i:12) file:/workdir/hadoop-ozone/integration-test/target/test-dir/MiniOzoneClusterImpl-479ab7c1-aba1-4cab-b6ff-ec51363c42af/datanode-1/data/ratis/5faf9fdd-6bc8-466a-a581-3c50acf7e7ae/sm/snapshot.1_12 time:25
2019-11-14 22:35:51,005 [b7b0f9e6-a213-4288-a637-63e9f4ecb8f2@group-3C50ACF7E7AE-StateMachineUpdater] INFO  impl.StateMachineUpdater (StateMachineUpdater.java:takeSnapshot(269)) - b7b0f9e6-a213-4288-a637-63e9f4ecb8f2@group-3C50ACF7E7AE-StateMachineUpdater: Took a snapshot at index 12
2019-11-14 22:35:51,005 [b7b0f9e6-a213-4288-a637-63e9f4ecb8f2@group-3C50ACF7E7AE-StateMachineUpdater] INFO  impl.StateMachineUpdater (StateMachineUpdater.java:lambda$new$0(84)) - b7b0f9e6-a213-4288-a637-63e9f4ecb8f2@group-3C50ACF7E7AE-StateMachineUpdater: snapshotIndex: updateIncreasingly -1 -> 12
2019-11-14 22:35:51,005 [grpc-default-executor-3] INFO  impl.RaftServerImpl (ServerState.java:close(387)) - b7b0f9e6-a213-4288-a637-63e9f4ecb8f2@group-3C50ACF7E7AE: closes. applyIndex: 12
2019-11-14 22:35:51,006 [b7b0f9e6-a213-4288-a637-63e9f4ecb8f2@group-3C50ACF7E7AE-SegmentedRaftLogWorker] INFO  segmented.SegmentedRaftLogWorker (SegmentedRaftLogWorker.java:run(316)) - b7b0f9e6-a213-4288-a637-63e9f4ecb8f2@group-3C50ACF7E7AE-SegmentedRaftLogWorker was interrupted, exiting. There are 0 tasks remaining in the queue.
2019-11-14 22:35:51,007 [grpc-default-executor-3] INFO  segmented.SegmentedRaftLogWorker (SegmentedRaftLogWorker.java:close(224)) - b7b0f9e6-a213-4288-a637-63e9f4ecb8f2@group-3C50ACF7E7AE-SegmentedRaftLogWorker close()
2019-11-14 22:35:51,059 [grpc-default-executor-3] INFO  interfaces.Container (KeyValueContainer.java:flushAndSyncDB(400)) - Container 1 is synced with bcsId 10.
2019-11-14 22:35:51,059 [grpc-default-executor-3] INFO  interfaces.Container (KeyValueContainer.java:flushAndSyncDB(400)) - Container 1 is synced with bcsId 10.
2019-11-14 22:35:51,087 [Thread-1474] INFO  pipeline.PipelineStateManager (PipelineStateManager.java:removePipeline(106)) - Pipeline Pipeline[ Id: 5faf9fdd-6bc8-466a-a581-3c50acf7e7ae, Nodes: 2427739b-b0e6-43d8-8c20-3c7e368f4410{ip: 192.168.69.65, host: pr-mpuissue-pdzcc-455137112, networkLocation: /default-rack, certSerialId: null}eb8bacec-1550-4eff-8b38-5938654b28d6{ip: 192.168.69.65, host: pr-mpuissue-pdzcc-455137112, networkLocation: /default-rack, certSerialId: null}b7b0f9e6-a213-4288-a637-63e9f4ecb8f2{ip: 192.168.69.65, host: pr-mpuissue-pdzcc-455137112, networkLocation: /default-rack, certSerialId: null}, Type:RATIS, Factor:THREE, State:CLOSED] removed from db
2019-11-14 22:35:51,088 [Thread-1474] INFO  pipeline.SCMPipelineManager (SCMPipelineManager.java:finalizeAndDestroyPipeline(315)) - destroying pipeline:Pipeline[ Id: c2ada068-14c3-4fc5-a063-d0f0e96e7337, Nodes: 2427739b-b0e6-43d8-8c20-3c7e368f4410{ip: 192.168.69.65, host: pr-mpuissue-pdzcc-455137112, networkLocation: /default-rack, certSerialId: null}, Type:RATIS, Factor:ONE, State:OPEN]
2019-11-14 22:35:51,093 [grpc-default-executor-5] INFO  impl.RaftServerProxy (RaftServerProxy.java:addNew(89)) - 2427739b-b0e6-43d8-8c20-3c7e368f4410: addNew group-452512CD754F:[2427739b-b0e6-43d8-8c20-3c7e368f4410:192.168.69.65:43712, b7b0f9e6-a213-4288-a637-63e9f4ecb8f2:192.168.69.65:39870, eb8bacec-1550-4eff-8b38-5938654b28d6:192.168.69.65:45501] returns group-452512CD754F:java.util.concurrent.CompletableFuture@1f1ca0e6[Not completed]
2019-11-14 22:35:51,093 [grpc-default-executor-3] INFO  impl.RaftServerProxy (RaftServerProxy.java:addNew(89)) - eb8bacec-1550-4eff-8b38-5938654b28d6: addNew group-452512CD754F:[2427739b-b0e6-43d8-8c20-3c7e368f4410:192.168.69.65:43712, b7b0f9e6-a213-4288-a637-63e9f4ecb8f2:192.168.69.65:39870, eb8bacec-1550-4eff-8b38-5938654b28d6:192.168.69.65:45501] returns group-452512CD754F:java.util.concurrent.CompletableFuture@64808331[Not completed]
2019-11-14 22:35:51,093 [grpc-default-executor-0] INFO  impl.RaftServerProxy (RaftServerProxy.java:addNew(89)) - b7b0f9e6-a213-4288-a637-63e9f4ecb8f2: addNew group-452512CD754F:[2427739b-b0e6-43d8-8c20-3c7e368f4410:192.168.69.65:43712, b7b0f9e6-a213-4288-a637-63e9f4ecb8f2:192.168.69.65:39870, eb8bacec-1550-4eff-8b38-5938654b28d6:192.168.69.65:45501] returns group-452512CD754F:java.util.concurrent.CompletableFuture@2ca9ec0f[Not completed]
2019-11-14 22:35:51,096 [pool-162-thread-1] INFO  impl.RaftServerImpl (RaftServerImpl.java:<init>(98)) - b7b0f9e6-a213-4288-a637-63e9f4ecb8f2: new RaftServerImpl for group-452512CD754F:[2427739b-b0e6-43d8-8c20-3c7e368f4410:192.168.69.65:43712, b7b0f9e6-a213-4288-a637-63e9f4ecb8f2:192.168.69.65:39870, eb8bacec-1550-4eff-8b38-5938654b28d6:192.168.69.65:45501] with ContainerStateMachine:uninitialized
2019-11-14 22:35:51,096 [pool-162-thread-1] INFO  server.RaftServerConfigKeys (ConfUtils.java:logGet(43)) - raft.server.rpc.timeout.min = 1s (custom)
2019-11-14 22:35:51,096 [pool-162-thread-1] INFO  server.RaftServerConfigKeys (ConfUtils.java:logGet(43)) - raft.server.rpc.timeout.max = 1200ms (custom)
2019-11-14 22:35:51,096 [pool-162-thread-1] INFO  server.RaftServerConfigKeys (ConfUtils.java:logGet(43)) - raft.server.rpcslowness.timeout = 120s (custom)
2019-11-14 22:35:51,096 [pool-162-thread-1] INFO  server.RaftServerConfigKeys (ConfUtils.java:logGet(43)) - raft.server.sleep.deviation.threshold = 300 (default)
2019-11-14 22:35:51,096 [pool-162-thread-1] INFO  server.RaftServerConfigKeys (ConfUtils.java:logGet(43)) - raft.server.log.appender.install.snapshot.enabled = false (custom)
2019-11-14 22:35:51,096 [pool-162-thread-1] INFO  impl.RaftServerImpl (ServerState.java:<init>(103)) - b7b0f9e6-a213-4288-a637-63e9f4ecb8f2@group-452512CD754F: ConfigurationManager, init=-1: [2427739b-b0e6-43d8-8c20-3c7e368f4410:192.168.69.65:43712, b7b0f9e6-a213-4288-a637-63e9f4ecb8f2:192.168.69.65:39870, eb8bacec-1550-4eff-8b38-5938654b28d6:192.168.69.65:45501], old=null, confs=<EMPTY_MAP>
2019-11-14 22:35:51,096 [pool-162-thread-1] INFO  server.RaftServerConfigKeys (ConfUtils.java:logGet(43)) - raft.server.storage.dir = [/workdir/hadoop-ozone/integration-test/target/test-dir/MiniOzoneClusterImpl-479ab7c1-aba1-4cab-b6ff-ec51363c42af/datanode-1/data/ratis] (custom)
2019-11-14 22:35:51,096 [pool-172-thread-1] INFO  impl.RaftServerImpl (RaftServerImpl.java:<init>(98)) - eb8bacec-1550-4eff-8b38-5938654b28d6: new RaftServerImpl for group-452512CD754F:[2427739b-b0e6-43d8-8c20-3c7e368f4410:192.168.69.65:43712, b7b0f9e6-a213-4288-a637-63e9f4ecb8f2:192.168.69.65:39870, eb8bacec-1550-4eff-8b38-5938654b28d6:192.168.69.65:45501] with ContainerStateMachine:uninitialized
2019-11-14 22:35:51,097 [pool-172-thread-1] INFO  server.RaftServerConfigKeys (ConfUtils.java:logGet(43)) - raft.server.rpc.timeout.min = 1s (custom)
2019-11-14 22:35:51,097 [pool-162-thread-1] INFO  server.RaftServerConfigKeys (ConfUtils.java:logGet(43)) - raft.server.log.corruption.policy = EXCEPTION (default)
2019-11-14 22:35:51,097 [pool-172-thread-1] INFO  server.RaftServerConfigKeys (ConfUtils.java:logGet(43)) - raft.server.rpc.timeout.max = 1200ms (custom)
2019-11-14 22:35:51,097 [pool-162-thread-1] INFO  storage.RaftStorageDirectory (RaftStorageDirectory.java:analyzeStorage(246)) - The storage directory /workdir/hadoop-ozone/integration-test/target/test-dir/MiniOzoneClusterImpl-479ab7c1-aba1-4cab-b6ff-ec51363c42af/datanode-1/data/ratis/7b7c83be-5874-47e2-9418-452512cd754f does not exist. Creating ...
2019-11-14 22:35:51,097 [pool-152-thread-1] INFO  impl.RaftServerImpl (RaftServerImpl.java:<init>(98)) - 2427739b-b0e6-43d8-8c20-3c7e368f4410: new RaftServerImpl for group-452512CD754F:[2427739b-b0e6-43d8-8c20-3c7e368f4410:192.168.69.65:43712, b7b0f9e6-a213-4288-a637-63e9f4ecb8f2:192.168.69.65:39870, eb8bacec-1550-4eff-8b38-5938654b28d6:192.168.69.65:45501] with ContainerStateMachine:uninitialized
2019-11-14 22:35:51,097 [pool-172-thread-1] INFO  server.RaftServerConfigKeys (ConfUtils.java:logGet(43)) - raft.server.rpcslowness.timeout = 120s (custom)
2019-11-14 22:35:51,097 [pool-152-thread-1] INFO  server.RaftServerConfigKeys (ConfUtils.java:logGet(43)) - raft.server.rpc.timeout.min = 1s (custom)
2019-11-14 22:35:51,097 [pool-172-thread-1] INFO  server.RaftServerConfigKeys (ConfUtils.java:logGet(43)) - raft.server.sleep.deviation.threshold = 300 (default)
2019-11-14 22:35:51,097 [pool-152-thread-1] INFO  server.RaftServerConfigKeys (ConfUtils.java:logGet(43)) - raft.server.rpc.timeout.max = 1200ms (custom)
2019-11-14 22:35:51,097 [pool-172-thread-1] INFO  server.RaftServerConfigKeys (ConfUtils.java:logGet(43)) - raft.server.log.appender.install.snapshot.enabled = false (custom)
2019-11-14 22:35:51,097 [pool-152-thread-1] INFO  server.RaftServerConfigKeys (ConfUtils.java:logGet(43)) - raft.server.rpcslowness.timeout = 120s (custom)
2019-11-14 22:35:51,098 [pool-172-thread-1] INFO  impl.RaftServerImpl (ServerState.java:<init>(103)) - eb8bacec-1550-4eff-8b38-5938654b28d6@group-452512CD754F: ConfigurationManager, init=-1: [2427739b-b0e6-43d8-8c20-3c7e368f4410:192.168.69.65:43712, b7b0f9e6-a213-4288-a637-63e9f4ecb8f2:192.168.69.65:39870, eb8bacec-1550-4eff-8b38-5938654b28d6:192.168.69.65:45501], old=null, confs=<EMPTY_MAP>
2019-11-14 22:35:51,098 [pool-152-thread-1] INFO  server.RaftServerConfigKeys (ConfUtils.java:logGet(43)) - raft.server.sleep.deviation.threshold = 300 (default)
2019-11-14 22:35:51,098 [pool-172-thread-1] INFO  server.RaftServerConfigKeys (ConfUtils.java:logGet(43)) - raft.server.storage.dir = [/workdir/hadoop-ozone/integration-test/target/test-dir/MiniOzoneClusterImpl-479ab7c1-aba1-4cab-b6ff-ec51363c42af/datanode-2/data/ratis] (custom)
2019-11-14 22:35:51,098 [pool-152-thread-1] INFO  server.RaftServerConfigKeys (ConfUtils.java:logGet(43)) - raft.server.log.appender.install.snapshot.enabled = false (custom)
2019-11-14 22:35:51,098 [pool-172-thread-1] INFO  server.RaftServerConfigKeys (ConfUtils.java:logGet(43)) - raft.server.log.corruption.policy = EXCEPTION (default)
2019-11-14 22:35:51,098 [pool-152-thread-1] INFO  impl.RaftServerImpl (ServerState.java:<init>(103)) - 2427739b-b0e6-43d8-8c20-3c7e368f4410@group-452512CD754F: ConfigurationManager, init=-1: [2427739b-b0e6-43d8-8c20-3c7e368f4410:192.168.69.65:43712, b7b0f9e6-a213-4288-a637-63e9f4ecb8f2:192.168.69.65:39870, eb8bacec-1550-4eff-8b38-5938654b28d6:192.168.69.65:45501], old=null, confs=<EMPTY_MAP>
2019-11-14 22:35:51,098 [pool-172-thread-1] INFO  storage.RaftStorageDirectory (RaftStorageDirectory.java:analyzeStorage(246)) - The storage directory /workdir/hadoop-ozone/integration-test/target/test-dir/MiniOzoneClusterImpl-479ab7c1-aba1-4cab-b6ff-ec51363c42af/datanode-2/data/ratis/7b7c83be-5874-47e2-9418-452512cd754f does not exist. Creating ...
2019-11-14 22:35:51,098 [pool-152-thread-1] INFO  server.RaftServerConfigKeys (ConfUtils.java:logGet(43)) - raft.server.storage.dir = [/workdir/hadoop-ozone/integration-test/target/test-dir/MiniOzoneClusterImpl-479ab7c1-aba1-4cab-b6ff-ec51363c42af/datanode-0/data/ratis] (custom)
2019-11-14 22:35:51,099 [pool-152-thread-1] INFO  server.RaftServerConfigKeys (ConfUtils.java:logGet(43)) - raft.server.log.corruption.policy = EXCEPTION (default)
2019-11-14 22:35:51,099 [pool-152-thread-1] INFO  storage.RaftStorageDirectory (RaftStorageDirectory.java:analyzeStorage(246)) - The storage directory /workdir/hadoop-ozone/integration-test/target/test-dir/MiniOzoneClusterImpl-479ab7c1-aba1-4cab-b6ff-ec51363c42af/datanode-0/data/ratis/7b7c83be-5874-47e2-9418-452512cd754f does not exist. Creating ...
2019-11-14 22:35:51,119 [pool-162-thread-1] INFO  storage.RaftStorageDirectory (RaftStorageDirectory.java:tryLock(328)) - Lock on /workdir/hadoop-ozone/integration-test/target/test-dir/MiniOzoneClusterImpl-479ab7c1-aba1-4cab-b6ff-ec51363c42af/datanode-1/data/ratis/7b7c83be-5874-47e2-9418-452512cd754f/in_use.lock acquired by nodename 4158@pr-mpuissue-pdzcc-455137112
2019-11-14 22:35:51,120 [pool-172-thread-1] INFO  storage.RaftStorageDirectory (RaftStorageDirectory.java:tryLock(328)) - Lock on /workdir/hadoop-ozone/integration-test/target/test-dir/MiniOzoneClusterImpl-479ab7c1-aba1-4cab-b6ff-ec51363c42af/datanode-2/data/ratis/7b7c83be-5874-47e2-9418-452512cd754f/in_use.lock acquired by nodename 4158@pr-mpuissue-pdzcc-455137112
2019-11-14 22:35:51,120 [pool-152-thread-1] INFO  storage.RaftStorageDirectory (RaftStorageDirectory.java:tryLock(328)) - Lock on /workdir/hadoop-ozone/integration-test/target/test-dir/MiniOzoneClusterImpl-479ab7c1-aba1-4cab-b6ff-ec51363c42af/datanode-0/data/ratis/7b7c83be-5874-47e2-9418-452512cd754f/in_use.lock acquired by nodename 4158@pr-mpuissue-pdzcc-455137112
2019-11-14 22:35:51,142 [pool-162-thread-1] INFO  storage.RaftStorage (RaftStorage.java:format(84)) - Storage directory /workdir/hadoop-ozone/integration-test/target/test-dir/MiniOzoneClusterImpl-479ab7c1-aba1-4cab-b6ff-ec51363c42af/datanode-1/data/ratis/7b7c83be-5874-47e2-9418-452512cd754f has been successfully formatted.
2019-11-14 22:35:51,142 [pool-152-thread-1] INFO  storage.RaftStorage (RaftStorage.java:format(84)) - Storage directory /workdir/hadoop-ozone/integration-test/target/test-dir/MiniOzoneClusterImpl-479ab7c1-aba1-4cab-b6ff-ec51363c42af/datanode-0/data/ratis/7b7c83be-5874-47e2-9418-452512cd754f has been successfully formatted.
2019-11-14 22:35:51,142 [pool-172-thread-1] INFO  storage.RaftStorage (RaftStorage.java:format(84)) - Storage directory /workdir/hadoop-ozone/integration-test/target/test-dir/MiniOzoneClusterImpl-479ab7c1-aba1-4cab-b6ff-ec51363c42af/datanode-2/data/ratis/7b7c83be-5874-47e2-9418-452512cd754f has been successfully formatted.
2019-11-14 22:35:51,143 [pool-152-thread-1] INFO  ratis.ContainerStateMachine (ContainerStateMachine.java:loadSnapshot(223)) - group-452512CD754F: The snapshot info is null. Setting the last applied indexto:(t:0, i:~)
2019-11-14 22:35:51,143 [pool-162-thread-1] INFO  ratis.ContainerStateMachine (ContainerStateMachine.java:loadSnapshot(223)) - group-452512CD754F: The snapshot info is null. Setting the last applied indexto:(t:0, i:~)
2019-11-14 22:35:51,143 [pool-152-thread-1] INFO  server.RaftServerConfigKeys (ConfUtils.java:logGet(43)) - raft.server.notification.no-leader.timeout = 120s (custom)
2019-11-14 22:35:51,143 [pool-172-thread-1] INFO  ratis.ContainerStateMachine (ContainerStateMachine.java:loadSnapshot(223)) - group-452512CD754F: The snapshot info is null. Setting the last applied indexto:(t:0, i:~)
2019-11-14 22:35:51,143 [pool-152-thread-1] INFO  server.RaftServerConfigKeys (ConfUtils.java:logGet(43)) - raft.server.log.use.memory = false (default)
2019-11-14 22:35:51,143 [pool-162-thread-1] INFO  server.RaftServerConfigKeys (ConfUtils.java:logGet(43)) - raft.server.notification.no-leader.timeout = 120s (custom)
2019-11-14 22:35:51,143 [pool-152-thread-1] INFO  server.RaftServerConfigKeys (ConfUtils.java:logGet(43)) - raft.server.log.purge.gap = 1000000 (custom)
2019-11-14 22:35:51,143 [pool-172-thread-1] INFO  server.RaftServerConfigKeys (ConfUtils.java:logGet(43)) - raft.server.notification.no-leader.timeout = 120s (custom)
2019-11-14 22:35:51,143 [pool-152-thread-1] INFO  server.RaftServerConfigKeys (ConfUtils.java:logGet(43)) - raft.server.log.appender.buffer.byte-limit = 33554432 (custom)
2019-11-14 22:35:51,143 [pool-162-thread-1] INFO  server.RaftServerConfigKeys (ConfUtils.java:logGet(43)) - raft.server.log.use.memory = false (default)
2019-11-14 22:35:51,144 [pool-152-thread-1] INFO  server.RaftServerConfigKeys (ConfUtils.java:logGet(43)) - raft.server.log.segment.size.max = 1048576 (custom)
2019-11-14 22:35:51,143 [pool-172-thread-1] INFO  server.RaftServerConfigKeys (ConfUtils.java:logGet(43)) - raft.server.log.use.memory = false (default)
2019-11-14 22:35:51,144 [pool-152-thread-1] INFO  server.RaftServerConfigKeys (ConfUtils.java:logGet(43)) - raft.server.log.segment.cache.num.max = 2 (custom)
2019-11-14 22:35:51,144 [pool-162-thread-1] INFO  server.RaftServerConfigKeys (ConfUtils.java:logGet(43)) - raft.server.log.purge.gap = 1000000 (custom)
2019-11-14 22:35:51,144 [pool-152-thread-1] INFO  segmented.SegmentedRaftLogWorker (SegmentedRaftLogWorker.java:<init>(173)) - new 2427739b-b0e6-43d8-8c20-3c7e368f4410@group-452512CD754F-SegmentedRaftLogWorker for RaftStorage:Storage Directory /workdir/hadoop-ozone/integration-test/target/test-dir/MiniOzoneClusterImpl-479ab7c1-aba1-4cab-b6ff-ec51363c42af/datanode-0/data/ratis/7b7c83be-5874-47e2-9418-452512cd754f
2019-11-14 22:35:51,144 [pool-172-thread-1] INFO  server.RaftServerConfigKeys (ConfUtils.java:logGet(43)) - raft.server.log.purge.gap = 1000000 (custom)
2019-11-14 22:35:51,144 [pool-152-thread-1] INFO  server.RaftServerConfigKeys (ConfUtils.java:logGet(43)) - raft.server.log.queue.byte-limit = 2147483647 (custom)
2019-11-14 22:35:51,144 [pool-162-thread-1] INFO  server.RaftServerConfigKeys (ConfUtils.java:logGet(43)) - raft.server.log.appender.buffer.byte-limit = 33554432 (custom)
2019-11-14 22:35:51,144 [pool-152-thread-1] INFO  server.RaftServerConfigKeys (ConfUtils.java:logGet(43)) - raft.server.log.queue.element-limit = 1024 (custom)
2019-11-14 22:35:51,144 [pool-172-thread-1] INFO  server.RaftServerConfigKeys (ConfUtils.java:logGet(43)) - raft.server.log.appender.buffer.byte-limit = 33554432 (custom)
2019-11-14 22:35:51,145 [pool-152-thread-1] INFO  server.RaftServerConfigKeys (ConfUtils.java:logGet(43)) - raft.server.log.segment.size.max = 1048576 (custom)
2019-11-14 22:35:51,144 [pool-162-thread-1] INFO  server.RaftServerConfigKeys (ConfUtils.java:logGet(43)) - raft.server.log.segment.size.max = 1048576 (custom)
2019-11-14 22:35:51,145 [pool-152-thread-1] INFO  server.RaftServerConfigKeys (ConfUtils.java:logGet(43)) - raft.server.log.preallocated.size = 16384 (custom)
2019-11-14 22:35:51,145 [pool-172-thread-1] INFO  server.RaftServerConfigKeys (ConfUtils.java:logGet(43)) - raft.server.log.segment.size.max = 1048576 (custom)
2019-11-14 22:35:51,145 [pool-152-thread-1] INFO  server.RaftServerConfigKeys (ConfUtils.java:logGet(43)) - raft.server.log.write.buffer.size = 33554432 (custom)
2019-11-14 22:35:51,145 [pool-162-thread-1] INFO  server.RaftServerConfigKeys (ConfUtils.java:logGet(43)) - raft.server.log.segment.cache.num.max = 2 (custom)
2019-11-14 22:35:51,145 [pool-152-thread-1] INFO  server.RaftServerConfigKeys (ConfUtils.java:logGet(43)) - raft.server.log.force.sync.num = 128 (default)
2019-11-14 22:35:51,145 [pool-172-thread-1] INFO  server.RaftServerConfigKeys (ConfUtils.java:logGet(43)) - raft.server.log.segment.cache.num.max = 2 (custom)
2019-11-14 22:35:51,145 [pool-152-thread-1] INFO  server.RaftServerConfigKeys (ConfUtils.java:logGet(43)) - raft.server.log.statemachine.data.sync = true (default)
2019-11-14 22:35:51,145 [pool-162-thread-1] INFO  segmented.SegmentedRaftLogWorker (SegmentedRaftLogWorker.java:<init>(173)) - new b7b0f9e6-a213-4288-a637-63e9f4ecb8f2@group-452512CD754F-SegmentedRaftLogWorker for RaftStorage:Storage Directory /workdir/hadoop-ozone/integration-test/target/test-dir/MiniOzoneClusterImpl-479ab7c1-aba1-4cab-b6ff-ec51363c42af/datanode-1/data/ratis/7b7c83be-5874-47e2-9418-452512cd754f
2019-11-14 22:35:51,146 [pool-162-thread-1] INFO  server.RaftServerConfigKeys (ConfUtils.java:logGet(43)) - raft.server.log.queue.byte-limit = 2147483647 (custom)
2019-11-14 22:35:51,146 [pool-162-thread-1] INFO  server.RaftServerConfigKeys (ConfUtils.java:logGet(43)) - raft.server.log.queue.element-limit = 1024 (custom)
2019-11-14 22:35:51,146 [pool-162-thread-1] INFO  server.RaftServerConfigKeys (ConfUtils.java:logGet(43)) - raft.server.log.segment.size.max = 1048576 (custom)
2019-11-14 22:35:51,146 [pool-162-thread-1] INFO  server.RaftServerConfigKeys (ConfUtils.java:logGet(43)) - raft.server.log.preallocated.size = 16384 (custom)
2019-11-14 22:35:51,146 [pool-162-thread-1] INFO  server.RaftServerConfigKeys (ConfUtils.java:logGet(43)) - raft.server.log.write.buffer.size = 33554432 (custom)
2019-11-14 22:35:51,146 [pool-162-thread-1] INFO  server.RaftServerConfigKeys (ConfUtils.java:logGet(43)) - raft.server.log.force.sync.num = 128 (default)
2019-11-14 22:35:51,146 [pool-162-thread-1] INFO  server.RaftServerConfigKeys (ConfUtils.java:logGet(43)) - raft.server.log.statemachine.data.sync = true (default)
2019-11-14 22:35:51,147 [pool-162-thread-1] INFO  server.RaftServerConfigKeys (ConfUtils.java:logGet(43)) - raft.server.log.statemachine.data.sync.timeout = 10s (default)
2019-11-14 22:35:51,147 [pool-162-thread-1] INFO  server.RaftServerConfigKeys (ConfUtils.java:logGet(43)) - raft.server.log.statemachine.data.sync.timeout.retry = -1 (default)
2019-11-14 22:35:51,147 [pool-162-thread-1] INFO  server.RaftServerConfigKeys (ConfUtils.java:logGet(43)) - raft.server.log.statemachine.data.caching.enabled = true (custom)
2019-11-14 22:35:51,146 [pool-152-thread-1] INFO  server.RaftServerConfigKeys (ConfUtils.java:logGet(43)) - raft.server.log.statemachine.data.sync.timeout = 10s (default)
2019-11-14 22:35:51,145 [pool-172-thread-1] INFO  segmented.SegmentedRaftLogWorker (SegmentedRaftLogWorker.java:<init>(173)) - new eb8bacec-1550-4eff-8b38-5938654b28d6@group-452512CD754F-SegmentedRaftLogWorker for RaftStorage:Storage Directory /workdir/hadoop-ozone/integration-test/target/test-dir/MiniOzoneClusterImpl-479ab7c1-aba1-4cab-b6ff-ec51363c42af/datanode-2/data/ratis/7b7c83be-5874-47e2-9418-452512cd754f
2019-11-14 22:35:51,147 [pool-152-thread-1] INFO  server.RaftServerConfigKeys (ConfUtils.java:logGet(43)) - raft.server.log.statemachine.data.sync.timeout.retry = -1 (default)
2019-11-14 22:35:51,147 [pool-172-thread-1] INFO  server.RaftServerConfigKeys (ConfUtils.java:logGet(43)) - raft.server.log.queue.byte-limit = 2147483647 (custom)
2019-11-14 22:35:51,147 [pool-152-thread-1] INFO  server.RaftServerConfigKeys (ConfUtils.java:logGet(43)) - raft.server.log.statemachine.data.caching.enabled = true (custom)
2019-11-14 22:35:51,147 [pool-172-thread-1] INFO  server.RaftServerConfigKeys (ConfUtils.java:logGet(43)) - raft.server.log.queue.element-limit = 1024 (custom)
2019-11-14 22:35:51,148 [pool-172-thread-1] INFO  server.RaftServerConfigKeys (ConfUtils.java:logGet(43)) - raft.server.log.segment.size.max = 1048576 (custom)
2019-11-14 22:35:51,148 [pool-172-thread-1] INFO  server.RaftServerConfigKeys (ConfUtils.java:logGet(43)) - raft.server.log.preallocated.size = 16384 (custom)
2019-11-14 22:35:51,148 [pool-172-thread-1] INFO  server.RaftServerConfigKeys (ConfUtils.java:logGet(43)) - raft.server.log.write.buffer.size = 33554432 (custom)
2019-11-14 22:35:51,148 [pool-172-thread-1] INFO  server.RaftServerConfigKeys (ConfUtils.java:logGet(43)) - raft.server.log.force.sync.num = 128 (default)
2019-11-14 22:35:51,148 [pool-172-thread-1] INFO  server.RaftServerConfigKeys (ConfUtils.java:logGet(43)) - raft.server.log.statemachine.data.sync = true (default)
2019-11-14 22:35:51,148 [pool-172-thread-1] INFO  server.RaftServerConfigKeys (ConfUtils.java:logGet(43)) - raft.server.log.statemachine.data.sync.timeout = 10s (default)
2019-11-14 22:35:51,148 [pool-172-thread-1] INFO  server.RaftServerConfigKeys (ConfUtils.java:logGet(43)) - raft.server.log.statemachine.data.sync.timeout.retry = -1 (default)
2019-11-14 22:35:51,148 [pool-172-thread-1] INFO  server.RaftServerConfigKeys (ConfUtils.java:logGet(43)) - raft.server.log.statemachine.data.caching.enabled = true (custom)
2019-11-14 22:35:51,153 [pool-162-thread-1] INFO  segmented.SegmentedRaftLogWorker (SegmentedRaftLogWorker.java:lambda$new$0(128)) - b7b0f9e6-a213-4288-a637-63e9f4ecb8f2@group-452512CD754F-SegmentedRaftLogWorker: flushIndex: setUnconditionally 0 -> -1
2019-11-14 22:35:51,153 [pool-152-thread-1] INFO  segmented.SegmentedRaftLogWorker (SegmentedRaftLogWorker.java:lambda$new$0(128)) - 2427739b-b0e6-43d8-8c20-3c7e368f4410@group-452512CD754F-SegmentedRaftLogWorker: flushIndex: setUnconditionally 0 -> -1
2019-11-14 22:35:51,153 [pool-172-thread-1] INFO  segmented.SegmentedRaftLogWorker (SegmentedRaftLogWorker.java:lambda$new$0(128)) - eb8bacec-1550-4eff-8b38-5938654b28d6@group-452512CD754F-SegmentedRaftLogWorker: flushIndex: setUnconditionally 0 -> -1
2019-11-14 22:35:51,153 [pool-152-thread-1] INFO  server.RaftServerConfigKeys (ConfUtils.java:logGet(43)) - raft.server.snapshot.auto.trigger.enabled = true (custom)
2019-11-14 22:35:51,153 [pool-162-thread-1] INFO  server.RaftServerConfigKeys (ConfUtils.java:logGet(43)) - raft.server.snapshot.auto.trigger.enabled = true (custom)
2019-11-14 22:35:51,153 [pool-172-thread-1] INFO  server.RaftServerConfigKeys (ConfUtils.java:logGet(43)) - raft.server.snapshot.auto.trigger.enabled = true (custom)
2019-11-14 22:35:51,153 [pool-152-thread-1] INFO  server.RaftServerConfigKeys (ConfUtils.java:logGet(43)) - raft.server.snapshot.auto.trigger.threshold = 10000 (custom)
2019-11-14 22:35:51,154 [pool-172-thread-1] INFO  server.RaftServerConfigKeys (ConfUtils.java:logGet(43)) - raft.server.snapshot.auto.trigger.threshold = 10000 (custom)
2019-11-14 22:35:51,153 [pool-162-thread-1] INFO  server.RaftServerConfigKeys (ConfUtils.java:logGet(43)) - raft.server.snapshot.auto.trigger.threshold = 10000 (custom)
2019-11-14 22:35:51,154 [pool-172-thread-1] INFO  server.RaftServerConfigKeys (ConfUtils.java:logGet(43)) - raft.server.snapshot.retention.file.num = 5 (custom)
2019-11-14 22:35:51,154 [pool-152-thread-1] INFO  server.RaftServerConfigKeys (ConfUtils.java:logGet(43)) - raft.server.snapshot.retention.file.num = 5 (custom)
2019-11-14 22:35:51,154 [pool-172-thread-1] INFO  server.RaftServerConfigKeys (ConfUtils.java:logGet(43)) - raft.server.retrycache.expirytime = 600000ms (custom)
2019-11-14 22:35:51,154 [pool-162-thread-1] INFO  server.RaftServerConfigKeys (ConfUtils.java:logGet(43)) - raft.server.snapshot.retention.file.num = 5 (custom)
2019-11-14 22:35:51,154 [pool-172-thread-1] WARN  impl.MetricRegistriesImpl (MetricRegistriesImpl.java:lambda$create$1(61)) - First MetricRegistry has been created without registering reporters. You may need to call MetricRegistries.global().addReportRegistration(...) before.
2019-11-14 22:35:51,154 [pool-152-thread-1] INFO  server.RaftServerConfigKeys (ConfUtils.java:logGet(43)) - raft.server.retrycache.expirytime = 600000ms (custom)
2019-11-14 22:35:51,154 [pool-172-thread-1] WARN  impl.MetricRegistriesImpl (MetricRegistriesImpl.java:lambda$create$1(61)) - First MetricRegistry has been created without registering reporters. You may need to call MetricRegistries.global().addReportRegistration(...) before.
2019-11-14 22:35:51,154 [pool-162-thread-1] INFO  server.RaftServerConfigKeys (ConfUtils.java:logGet(43)) - raft.server.retrycache.expirytime = 600000ms (custom)
2019-11-14 22:35:51,154 [pool-152-thread-1] WARN  impl.MetricRegistriesImpl (MetricRegistriesImpl.java:lambda$create$1(61)) - First MetricRegistry has been created without registering reporters. You may need to call MetricRegistries.global().addReportRegistration(...) before.
2019-11-14 22:35:51,155 [pool-162-thread-1] WARN  impl.MetricRegistriesImpl (MetricRegistriesImpl.java:lambda$create$1(61)) - First MetricRegistry has been created without registering reporters. You may need to call MetricRegistries.global().addReportRegistration(...) before.
2019-11-14 22:35:51,155 [pool-172-thread-1] INFO  impl.RaftServerImpl (RaftServerImpl.java:start(184)) - eb8bacec-1550-4eff-8b38-5938654b28d6@group-452512CD754F: start as a follower, conf=-1: [2427739b-b0e6-43d8-8c20-3c7e368f4410:192.168.69.65:43712, b7b0f9e6-a213-4288-a637-63e9f4ecb8f2:192.168.69.65:39870, eb8bacec-1550-4eff-8b38-5938654b28d6:192.168.69.65:45501], old=null
2019-11-14 22:35:51,155 [pool-162-thread-1] WARN  impl.MetricRegistriesImpl (MetricRegistriesImpl.java:lambda$create$1(61)) - First MetricRegistry has been created without registering reporters. You may need to call MetricRegistries.global().addReportRegistration(...) before.
2019-11-14 22:35:51,155 [pool-152-thread-1] WARN  impl.MetricRegistriesImpl (MetricRegistriesImpl.java:lambda$create$1(61)) - First MetricRegistry has been created without registering reporters. You may need to call MetricRegistries.global().addReportRegistration(...) before.
2019-11-14 22:35:51,155 [pool-172-thread-1] INFO  impl.RaftServerImpl (RaftServerImpl.java:setRole(173)) - eb8bacec-1550-4eff-8b38-5938654b28d6@group-452512CD754F: changes role from      null to FOLLOWER at term 0 for startAsFollower
2019-11-14 22:35:51,155 [pool-152-thread-1] INFO  impl.RaftServerImpl (RaftServerImpl.java:start(184)) - 2427739b-b0e6-43d8-8c20-3c7e368f4410@group-452512CD754F: start as a follower, conf=-1: [2427739b-b0e6-43d8-8c20-3c7e368f4410:192.168.69.65:43712, b7b0f9e6-a213-4288-a637-63e9f4ecb8f2:192.168.69.65:39870, eb8bacec-1550-4eff-8b38-5938654b28d6:192.168.69.65:45501], old=null
2019-11-14 22:35:51,155 [pool-162-thread-1] INFO  impl.RaftServerImpl (RaftServerImpl.java:start(184)) - b7b0f9e6-a213-4288-a637-63e9f4ecb8f2@group-452512CD754F: start as a follower, conf=-1: [2427739b-b0e6-43d8-8c20-3c7e368f4410:192.168.69.65:43712, b7b0f9e6-a213-4288-a637-63e9f4ecb8f2:192.168.69.65:39870, eb8bacec-1550-4eff-8b38-5938654b28d6:192.168.69.65:45501], old=null
2019-11-14 22:35:51,155 [pool-152-thread-1] INFO  impl.RaftServerImpl (RaftServerImpl.java:setRole(173)) - 2427739b-b0e6-43d8-8c20-3c7e368f4410@group-452512CD754F: changes role from      null to FOLLOWER at term 0 for startAsFollower
2019-11-14 22:35:51,155 [pool-172-thread-1] INFO  impl.RoleInfo (RoleInfo.java:updateAndGet(143)) - eb8bacec-1550-4eff-8b38-5938654b28d6: start FollowerState
2019-11-14 22:35:51,156 [pool-152-thread-1] INFO  impl.RoleInfo (RoleInfo.java:updateAndGet(143)) - 2427739b-b0e6-43d8-8c20-3c7e368f4410: start FollowerState
2019-11-14 22:35:51,155 [pool-162-thread-1] INFO  impl.RaftServerImpl (RaftServerImpl.java:setRole(173)) - b7b0f9e6-a213-4288-a637-63e9f4ecb8f2@group-452512CD754F: changes role from      null to FOLLOWER at term 0 for startAsFollower
2019-11-14 22:35:51,156 [pool-162-thread-1] INFO  impl.RoleInfo (RoleInfo.java:updateAndGet(143)) - b7b0f9e6-a213-4288-a637-63e9f4ecb8f2: start FollowerState
2019-11-14 22:35:51,156 [pool-152-thread-1] INFO  util.JmxRegister (JmxRegister.java:tryRegister(44)) - Successfully registered JMX Bean with object name Ratis:service=RaftServer,group=group-452512CD754F,id=2427739b-b0e6-43d8-8c20-3c7e368f4410
2019-11-14 22:35:51,156 [pool-172-thread-1] INFO  util.JmxRegister (JmxRegister.java:tryRegister(44)) - Successfully registered JMX Bean with object name Ratis:service=RaftServer,group=group-452512CD754F,id=eb8bacec-1550-4eff-8b38-5938654b28d6
2019-11-14 22:35:51,156 [pool-162-thread-1] INFO  util.JmxRegister (JmxRegister.java:tryRegister(44)) - Successfully registered JMX Bean with object name Ratis:service=RaftServer,group=group-452512CD754F,id=b7b0f9e6-a213-4288-a637-63e9f4ecb8f2
2019-11-14 22:35:51,156 [pool-152-thread-1] WARN  impl.MetricRegistriesImpl (MetricRegistriesImpl.java:lambda$create$1(61)) - First MetricRegistry has been created without registering reporters. You may need to call MetricRegistries.global().addReportRegistration(...) before.
2019-11-14 22:35:51,156 [pool-162-thread-1] WARN  impl.MetricRegistriesImpl (MetricRegistriesImpl.java:lambda$create$1(61)) - First MetricRegistry has been created without registering reporters. You may need to call MetricRegistries.global().addReportRegistration(...) before.
2019-11-14 22:35:51,156 [pool-172-thread-1] WARN  impl.MetricRegistriesImpl (MetricRegistriesImpl.java:lambda$create$1(61)) - First MetricRegistry has been created without registering reporters. You may need to call MetricRegistries.global().addReportRegistration(...) before.
2019-11-14 22:35:51,159 [RatisPipelineUtilsThread] INFO  pipeline.PipelineStateManager (PipelineStateManager.java:addPipeline(55)) - Created pipeline Pipeline[ Id: 7b7c83be-5874-47e2-9418-452512cd754f, Nodes: 2427739b-b0e6-43d8-8c20-3c7e368f4410{ip: 192.168.69.65, host: pr-mpuissue-pdzcc-455137112, networkLocation: /default-rack, certSerialId: null}eb8bacec-1550-4eff-8b38-5938654b28d6{ip: 192.168.69.65, host: pr-mpuissue-pdzcc-455137112, networkLocation: /default-rack, certSerialId: null}b7b0f9e6-a213-4288-a637-63e9f4ecb8f2{ip: 192.168.69.65, host: pr-mpuissue-pdzcc-455137112, networkLocation: /default-rack, certSerialId: null}, Type:RATIS, Factor:THREE, State:ALLOCATED]
2019-11-14 22:35:51,162 [Thread-1474] INFO  pipeline.PipelineStateManager (PipelineStateManager.java:finalizePipeline(121)) - Pipeline Pipeline[ Id: c2ada068-14c3-4fc5-a063-d0f0e96e7337, Nodes: 2427739b-b0e6-43d8-8c20-3c7e368f4410{ip: 192.168.69.65, host: pr-mpuissue-pdzcc-455137112, networkLocation: /default-rack, certSerialId: null}, Type:RATIS, Factor:ONE, State:CLOSED] moved to CLOSED state
2019-11-14 22:35:51,165 [grpc-default-executor-0] INFO  impl.RaftServerProxy (RaftServerProxy.java:remove(95)) - 2427739b-b0e6-43d8-8c20-3c7e368f4410: remove    LEADER 2427739b-b0e6-43d8-8c20-3c7e368f4410@group-D0F0E96E7337:t1, leader=2427739b-b0e6-43d8-8c20-3c7e368f4410, voted=2427739b-b0e6-43d8-8c20-3c7e368f4410, raftlog=2427739b-b0e6-43d8-8c20-3c7e368f4410@group-D0F0E96E7337-SegmentedRaftLog:OPENED:c0,f0,i0, conf=0: [2427739b-b0e6-43d8-8c20-3c7e368f4410:192.168.69.65:43712], old=null RUNNING
2019-11-14 22:35:51,173 [grpc-default-executor-0] INFO  impl.RaftServerImpl (RaftServerImpl.java:lambda$shutdown$3(250)) - 2427739b-b0e6-43d8-8c20-3c7e368f4410@group-D0F0E96E7337: shutdown
2019-11-14 22:35:51,173 [grpc-default-executor-0] INFO  util.JmxRegister (JmxRegister.java:unregister(73)) - Successfully un-registered JMX Bean with object name Ratis:service=RaftServer,group=group-D0F0E96E7337,id=2427739b-b0e6-43d8-8c20-3c7e368f4410
2019-11-14 22:35:51,173 [grpc-default-executor-0] INFO  impl.RoleInfo (RoleInfo.java:shutdownLeaderState(104)) - 2427739b-b0e6-43d8-8c20-3c7e368f4410: shutdown LeaderState
2019-11-14 22:35:51,173 [grpc-default-executor-0] INFO  impl.PendingRequests (PendingRequests.java:sendNotLeaderResponses(206)) - 2427739b-b0e6-43d8-8c20-3c7e368f4410@group-D0F0E96E7337-PendingRequests: sendNotLeaderResponses
2019-11-14 22:35:51,173 [grpc-default-executor-0] INFO  impl.StateMachineUpdater (StateMachineUpdater.java:stopAndJoin(136)) - 2427739b-b0e6-43d8-8c20-3c7e368f4410@group-D0F0E96E7337-StateMachineUpdater: set stopIndex = 0
2019-11-14 22:35:51,174 [grpc-default-executor-0] INFO  impl.RaftServerImpl (ServerState.java:close(387)) - 2427739b-b0e6-43d8-8c20-3c7e368f4410@group-D0F0E96E7337: closes. applyIndex: 0
2019-11-14 22:35:51,174 [2427739b-b0e6-43d8-8c20-3c7e368f4410@group-D0F0E96E7337-SegmentedRaftLogWorker] INFO  segmented.SegmentedRaftLogWorker (SegmentedRaftLogWorker.java:run(316)) - 2427739b-b0e6-43d8-8c20-3c7e368f4410@group-D0F0E96E7337-SegmentedRaftLogWorker was interrupted, exiting. There are 0 tasks remaining in the queue.
2019-11-14 22:35:51,174 [grpc-default-executor-0] INFO  segmented.SegmentedRaftLogWorker (SegmentedRaftLogWorker.java:close(224)) - 2427739b-b0e6-43d8-8c20-3c7e368f4410@group-D0F0E96E7337-SegmentedRaftLogWorker close()
2019-11-14 22:35:51,187 [Thread-1474] INFO  pipeline.PipelineStateManager (PipelineStateManager.java:removePipeline(106)) - Pipeline Pipeline[ Id: c2ada068-14c3-4fc5-a063-d0f0e96e7337, Nodes: 2427739b-b0e6-43d8-8c20-3c7e368f4410{ip: 192.168.69.65, host: pr-mpuissue-pdzcc-455137112, networkLocation: /default-rack, certSerialId: null}, Type:RATIS, Factor:ONE, State:CLOSED] removed from db
2019-11-14 22:35:51,187 [Thread-1474] INFO  pipeline.SCMPipelineManager (SCMPipelineManager.java:finalizeAndDestroyPipeline(315)) - destroying pipeline:Pipeline[ Id: 14526979-be71-4398-836e-22d9f267a6bb, Nodes: 71039d87-f713-4353-b155-a31bf00200f2{ip: 192.168.69.65, host: pr-mpuissue-pdzcc-455137112, networkLocation: /default-rack, certSerialId: null}, Type:RATIS, Factor:ONE, State:OPEN]
2019-11-14 22:35:51,190 [grpc-default-executor-0] INFO  impl.RaftServerProxy (RaftServerProxy.java:addNew(89)) - 2427739b-b0e6-43d8-8c20-3c7e368f4410: addNew group-075505FE1C61:[2427739b-b0e6-43d8-8c20-3c7e368f4410:192.168.69.65:43712] returns group-075505FE1C61:java.util.concurrent.CompletableFuture@60bc70da[Not completed]
2019-11-14 22:35:51,192 [pool-152-thread-1] INFO  impl.RaftServerImpl (RaftServerImpl.java:<init>(98)) - 2427739b-b0e6-43d8-8c20-3c7e368f4410: new RaftServerImpl for group-075505FE1C61:[2427739b-b0e6-43d8-8c20-3c7e368f4410:192.168.69.65:43712] with ContainerStateMachine:uninitialized
2019-11-14 22:35:51,192 [pool-152-thread-1] INFO  server.RaftServerConfigKeys (ConfUtils.java:logGet(43)) - raft.server.rpc.timeout.min = 1s (custom)
2019-11-14 22:35:51,192 [pool-152-thread-1] INFO  server.RaftServerConfigKeys (ConfUtils.java:logGet(43)) - raft.server.rpc.timeout.max = 1200ms (custom)
2019-11-14 22:35:51,192 [pool-152-thread-1] INFO  server.RaftServerConfigKeys (ConfUtils.java:logGet(43)) - raft.server.rpcslowness.timeout = 120s (custom)
2019-11-14 22:35:51,192 [pool-152-thread-1] INFO  server.RaftServerConfigKeys (ConfUtils.java:logGet(43)) - raft.server.sleep.deviation.threshold = 300 (default)
2019-11-14 22:35:51,192 [pool-152-thread-1] INFO  server.RaftServerConfigKeys (ConfUtils.java:logGet(43)) - raft.server.log.appender.install.snapshot.enabled = false (custom)
2019-11-14 22:35:51,192 [pool-152-thread-1] INFO  impl.RaftServerImpl (ServerState.java:<init>(103)) - 2427739b-b0e6-43d8-8c20-3c7e368f4410@group-075505FE1C61: ConfigurationManager, init=-1: [2427739b-b0e6-43d8-8c20-3c7e368f4410:192.168.69.65:43712], old=null, confs=<EMPTY_MAP>
2019-11-14 22:35:51,192 [pool-152-thread-1] INFO  server.RaftServerConfigKeys (ConfUtils.java:logGet(43)) - raft.server.storage.dir = [/workdir/hadoop-ozone/integration-test/target/test-dir/MiniOzoneClusterImpl-479ab7c1-aba1-4cab-b6ff-ec51363c42af/datanode-0/data/ratis] (custom)
2019-11-14 22:35:51,192 [pool-152-thread-1] INFO  server.RaftServerConfigKeys (ConfUtils.java:logGet(43)) - raft.server.log.corruption.policy = EXCEPTION (default)
2019-11-14 22:35:51,193 [pool-152-thread-1] INFO  storage.RaftStorageDirectory (RaftStorageDirectory.java:analyzeStorage(246)) - The storage directory /workdir/hadoop-ozone/integration-test/target/test-dir/MiniOzoneClusterImpl-479ab7c1-aba1-4cab-b6ff-ec51363c42af/datanode-0/data/ratis/368f058f-c4f3-480f-a732-075505fe1c61 does not exist. Creating ...
2019-11-14 22:35:51,216 [pool-152-thread-1] INFO  storage.RaftStorageDirectory (RaftStorageDirectory.java:tryLock(328)) - Lock on /workdir/hadoop-ozone/integration-test/target/test-dir/MiniOzoneClusterImpl-479ab7c1-aba1-4cab-b6ff-ec51363c42af/datanode-0/data/ratis/368f058f-c4f3-480f-a732-075505fe1c61/in_use.lock acquired by nodename 4158@pr-mpuissue-pdzcc-455137112
2019-11-14 22:35:51,239 [pool-152-thread-1] INFO  storage.RaftStorage (RaftStorage.java:format(84)) - Storage directory /workdir/hadoop-ozone/integration-test/target/test-dir/MiniOzoneClusterImpl-479ab7c1-aba1-4cab-b6ff-ec51363c42af/datanode-0/data/ratis/368f058f-c4f3-480f-a732-075505fe1c61 has been successfully formatted.
2019-11-14 22:35:51,239 [pool-152-thread-1] INFO  ratis.ContainerStateMachine (ContainerStateMachine.java:loadSnapshot(223)) - group-075505FE1C61: The snapshot info is null. Setting the last applied indexto:(t:0, i:~)
2019-11-14 22:35:51,239 [pool-152-thread-1] INFO  server.RaftServerConfigKeys (ConfUtils.java:logGet(43)) - raft.server.notification.no-leader.timeout = 120s (custom)
2019-11-14 22:35:51,239 [pool-152-thread-1] INFO  server.RaftServerConfigKeys (ConfUtils.java:logGet(43)) - raft.server.log.use.memory = false (default)
2019-11-14 22:35:51,240 [pool-152-thread-1] INFO  server.RaftServerConfigKeys (ConfUtils.java:logGet(43)) - raft.server.log.purge.gap = 1000000 (custom)
2019-11-14 22:35:51,240 [pool-152-thread-1] INFO  server.RaftServerConfigKeys (ConfUtils.java:logGet(43)) - raft.server.log.appender.buffer.byte-limit = 33554432 (custom)
2019-11-14 22:35:51,240 [pool-152-thread-1] INFO  server.RaftServerConfigKeys (ConfUtils.java:logGet(43)) - raft.server.log.segment.size.max = 1048576 (custom)
2019-11-14 22:35:51,240 [pool-152-thread-1] INFO  server.RaftServerConfigKeys (ConfUtils.java:logGet(43)) - raft.server.log.segment.cache.num.max = 2 (custom)
2019-11-14 22:35:51,240 [pool-152-thread-1] INFO  segmented.SegmentedRaftLogWorker (SegmentedRaftLogWorker.java:<init>(173)) - new 2427739b-b0e6-43d8-8c20-3c7e368f4410@group-075505FE1C61-SegmentedRaftLogWorker for RaftStorage:Storage Directory /workdir/hadoop-ozone/integration-test/target/test-dir/MiniOzoneClusterImpl-479ab7c1-aba1-4cab-b6ff-ec51363c42af/datanode-0/data/ratis/368f058f-c4f3-480f-a732-075505fe1c61
2019-11-14 22:35:51,240 [pool-152-thread-1] INFO  server.RaftServerConfigKeys (ConfUtils.java:logGet(43)) - raft.server.log.queue.byte-limit = 2147483647 (custom)
2019-11-14 22:35:51,240 [pool-152-thread-1] INFO  server.RaftServerConfigKeys (ConfUtils.java:logGet(43)) - raft.server.log.queue.element-limit = 1024 (custom)
2019-11-14 22:35:51,240 [pool-152-thread-1] INFO  server.RaftServerConfigKeys (ConfUtils.java:logGet(43)) - raft.server.log.segment.size.max = 1048576 (custom)
2019-11-14 22:35:51,240 [pool-152-thread-1] INFO  server.RaftServerConfigKeys (ConfUtils.java:logGet(43)) - raft.server.log.preallocated.size = 16384 (custom)
2019-11-14 22:35:51,240 [pool-152-thread-1] INFO  server.RaftServerConfigKeys (ConfUtils.java:logGet(43)) - raft.server.log.write.buffer.size = 33554432 (custom)
2019-11-14 22:35:51,241 [pool-152-thread-1] INFO  server.RaftServerConfigKeys (ConfUtils.java:logGet(43)) - raft.server.log.force.sync.num = 128 (default)
2019-11-14 22:35:51,241 [pool-152-thread-1] INFO  server.RaftServerConfigKeys (ConfUtils.java:logGet(43)) - raft.server.log.statemachine.data.sync = true (default)
2019-11-14 22:35:51,241 [pool-152-thread-1] INFO  server.RaftServerConfigKeys (ConfUtils.java:logGet(43)) - raft.server.log.statemachine.data.sync.timeout = 10s (default)
2019-11-14 22:35:51,241 [pool-152-thread-1] INFO  server.RaftServerConfigKeys (ConfUtils.java:logGet(43)) - raft.server.log.statemachine.data.sync.timeout.retry = -1 (default)
2019-11-14 22:35:51,241 [pool-152-thread-1] INFO  server.RaftServerConfigKeys (ConfUtils.java:logGet(43)) - raft.server.log.statemachine.data.caching.enabled = true (custom)
2019-11-14 22:35:51,241 [pool-152-thread-1] INFO  segmented.SegmentedRaftLogWorker (SegmentedRaftLogWorker.java:lambda$new$0(128)) - 2427739b-b0e6-43d8-8c20-3c7e368f4410@group-075505FE1C61-SegmentedRaftLogWorker: flushIndex: setUnconditionally 0 -> -1
2019-11-14 22:35:51,242 [pool-152-thread-1] INFO  server.RaftServerConfigKeys (ConfUtils.java:logGet(43)) - raft.server.snapshot.auto.trigger.enabled = true (custom)
2019-11-14 22:35:51,242 [pool-152-thread-1] INFO  server.RaftServerConfigKeys (ConfUtils.java:logGet(43)) - raft.server.snapshot.auto.trigger.threshold = 10000 (custom)
2019-11-14 22:35:51,242 [pool-152-thread-1] INFO  server.RaftServerConfigKeys (ConfUtils.java:logGet(43)) - raft.server.snapshot.retention.file.num = 5 (custom)
2019-11-14 22:35:51,242 [pool-152-thread-1] INFO  server.RaftServerConfigKeys (ConfUtils.java:logGet(43)) - raft.server.retrycache.expirytime = 600000ms (custom)
2019-11-14 22:35:51,242 [pool-152-thread-1] WARN  impl.MetricRegistriesImpl (MetricRegistriesImpl.java:lambda$create$1(61)) - First MetricRegistry has been created without registering reporters. You may need to call MetricRegistries.global().addReportRegistration(...) before.
2019-11-14 22:35:51,242 [pool-152-thread-1] WARN  impl.MetricRegistriesImpl (MetricRegistriesImpl.java:lambda$create$1(61)) - First MetricRegistry has been created without registering reporters. You may need to call MetricRegistries.global().addReportRegistration(...) before.
2019-11-14 22:35:51,242 [pool-152-thread-1] INFO  impl.RaftServerImpl (RaftServerImpl.java:start(184)) - 2427739b-b0e6-43d8-8c20-3c7e368f4410@group-075505FE1C61: start as a follower, conf=-1: [2427739b-b0e6-43d8-8c20-3c7e368f4410:192.168.69.65:43712], old=null
2019-11-14 22:35:51,242 [pool-152-thread-1] INFO  impl.RaftServerImpl (RaftServerImpl.java:setRole(173)) - 2427739b-b0e6-43d8-8c20-3c7e368f4410@group-075505FE1C61: changes role from      null to FOLLOWER at term 0 for startAsFollower
2019-11-14 22:35:51,243 [pool-152-thread-1] INFO  impl.RoleInfo (RoleInfo.java:updateAndGet(143)) - 2427739b-b0e6-43d8-8c20-3c7e368f4410: start FollowerState
2019-11-14 22:35:51,243 [pool-152-thread-1] INFO  util.JmxRegister (JmxRegister.java:tryRegister(44)) - Successfully registered JMX Bean with object name Ratis:service=RaftServer,group=group-075505FE1C61,id=2427739b-b0e6-43d8-8c20-3c7e368f4410
2019-11-14 22:35:51,243 [pool-152-thread-1] WARN  impl.MetricRegistriesImpl (MetricRegistriesImpl.java:lambda$create$1(61)) - First MetricRegistry has been created without registering reporters. You may need to call MetricRegistries.global().addReportRegistration(...) before.
2019-11-14 22:35:51,245 [RatisPipelineUtilsThread] INFO  pipeline.PipelineStateManager (PipelineStateManager.java:addPipeline(55)) - Created pipeline Pipeline[ Id: 368f058f-c4f3-480f-a732-075505fe1c61, Nodes: 2427739b-b0e6-43d8-8c20-3c7e368f4410{ip: 192.168.69.65, host: pr-mpuissue-pdzcc-455137112, networkLocation: /default-rack, certSerialId: null}, Type:RATIS, Factor:ONE, State:ALLOCATED]
2019-11-14 22:35:51,250 [Thread-1474] INFO  pipeline.PipelineStateManager (PipelineStateManager.java:finalizePipeline(121)) - Pipeline Pipeline[ Id: 14526979-be71-4398-836e-22d9f267a6bb, Nodes: 71039d87-f713-4353-b155-a31bf00200f2{ip: 192.168.69.65, host: pr-mpuissue-pdzcc-455137112, networkLocation: /default-rack, certSerialId: null}, Type:RATIS, Factor:ONE, State:CLOSED] moved to CLOSED state
2019-11-14 22:35:51,254 [grpc-default-executor-0] INFO  impl.RaftServerProxy (RaftServerProxy.java:remove(95)) - 71039d87-f713-4353-b155-a31bf00200f2: remove    LEADER 71039d87-f713-4353-b155-a31bf00200f2@group-22D9F267A6BB:t1, leader=71039d87-f713-4353-b155-a31bf00200f2, voted=71039d87-f713-4353-b155-a31bf00200f2, raftlog=71039d87-f713-4353-b155-a31bf00200f2@group-22D9F267A6BB-SegmentedRaftLog:OPENED:c0,f0,i0, conf=0: [71039d87-f713-4353-b155-a31bf00200f2:192.168.69.65:44128], old=null RUNNING
2019-11-14 22:35:51,254 [grpc-default-executor-0] INFO  impl.RaftServerImpl (RaftServerImpl.java:lambda$shutdown$3(250)) - 71039d87-f713-4353-b155-a31bf00200f2@group-22D9F267A6BB: shutdown
2019-11-14 22:35:51,255 [grpc-default-executor-0] INFO  util.JmxRegister (JmxRegister.java:unregister(73)) - Successfully un-registered JMX Bean with object name Ratis:service=RaftServer,group=group-22D9F267A6BB,id=71039d87-f713-4353-b155-a31bf00200f2
2019-11-14 22:35:51,255 [grpc-default-executor-0] INFO  impl.RoleInfo (RoleInfo.java:shutdownLeaderState(104)) - 71039d87-f713-4353-b155-a31bf00200f2: shutdown LeaderState
2019-11-14 22:35:51,255 [grpc-default-executor-0] INFO  impl.PendingRequests (PendingRequests.java:sendNotLeaderResponses(206)) - 71039d87-f713-4353-b155-a31bf00200f2@group-22D9F267A6BB-PendingRequests: sendNotLeaderResponses
2019-11-14 22:35:51,255 [grpc-default-executor-0] INFO  impl.StateMachineUpdater (StateMachineUpdater.java:stopAndJoin(136)) - 71039d87-f713-4353-b155-a31bf00200f2@group-22D9F267A6BB-StateMachineUpdater: set stopIndex = 0
2019-11-14 22:35:51,256 [grpc-default-executor-0] INFO  impl.RaftServerImpl (ServerState.java:close(387)) - 71039d87-f713-4353-b155-a31bf00200f2@group-22D9F267A6BB: closes. applyIndex: 0
2019-11-14 22:35:51,256 [71039d87-f713-4353-b155-a31bf00200f2@group-22D9F267A6BB-SegmentedRaftLogWorker] INFO  segmented.SegmentedRaftLogWorker (SegmentedRaftLogWorker.java:run(316)) - 71039d87-f713-4353-b155-a31bf00200f2@group-22D9F267A6BB-SegmentedRaftLogWorker was interrupted, exiting. There are 0 tasks remaining in the queue.
2019-11-14 22:35:51,256 [grpc-default-executor-0] INFO  segmented.SegmentedRaftLogWorker (SegmentedRaftLogWorker.java:close(224)) - 71039d87-f713-4353-b155-a31bf00200f2@group-22D9F267A6BB-SegmentedRaftLogWorker close()
2019-11-14 22:35:51,260 [Thread-1474] INFO  pipeline.PipelineStateManager (PipelineStateManager.java:removePipeline(106)) - Pipeline Pipeline[ Id: 14526979-be71-4398-836e-22d9f267a6bb, Nodes: 71039d87-f713-4353-b155-a31bf00200f2{ip: 192.168.69.65, host: pr-mpuissue-pdzcc-455137112, networkLocation: /default-rack, certSerialId: null}, Type:RATIS, Factor:ONE, State:CLOSED] removed from db
2019-11-14 22:35:51,260 [Thread-1474] INFO  pipeline.SCMPipelineManager (SCMPipelineManager.java:finalizeAndDestroyPipeline(315)) - destroying pipeline:Pipeline[ Id: 67915969-cda2-4ae9-aae7-e5d6d3fa3027, Nodes: 134e3363-1f82-43b5-a94b-e408c514013d{ip: 192.168.69.65, host: pr-mpuissue-pdzcc-455137112, networkLocation: /default-rack, certSerialId: null}76b3b274-17aa-4635-9ecc-8bffa687e80e{ip: 192.168.69.65, host: pr-mpuissue-pdzcc-455137112, networkLocation: /default-rack, certSerialId: null}71039d87-f713-4353-b155-a31bf00200f2{ip: 192.168.69.65, host: pr-mpuissue-pdzcc-455137112, networkLocation: /default-rack, certSerialId: null}, Type:RATIS, Factor:THREE, State:OPEN]
2019-11-14 22:35:51,263 [grpc-default-executor-0] INFO  impl.RaftServerProxy (RaftServerProxy.java:addNew(89)) - 71039d87-f713-4353-b155-a31bf00200f2: addNew group-CDDF65ABBB0A:[71039d87-f713-4353-b155-a31bf00200f2:192.168.69.65:44128] returns group-CDDF65ABBB0A:java.util.concurrent.CompletableFuture@41d82cf7[Not completed]
2019-11-14 22:35:51,265 [pool-182-thread-1] INFO  impl.RaftServerImpl (RaftServerImpl.java:<init>(98)) - 71039d87-f713-4353-b155-a31bf00200f2: new RaftServerImpl for group-CDDF65ABBB0A:[71039d87-f713-4353-b155-a31bf00200f2:192.168.69.65:44128] with ContainerStateMachine:uninitialized
2019-11-14 22:35:51,265 [pool-182-thread-1] INFO  server.RaftServerConfigKeys (ConfUtils.java:logGet(43)) - raft.server.rpc.timeout.min = 1s (custom)
2019-11-14 22:35:51,265 [pool-182-thread-1] INFO  server.RaftServerConfigKeys (ConfUtils.java:logGet(43)) - raft.server.rpc.timeout.max = 1200ms (custom)
2019-11-14 22:35:51,265 [pool-182-thread-1] INFO  server.RaftServerConfigKeys (ConfUtils.java:logGet(43)) - raft.server.rpcslowness.timeout = 120s (custom)
2019-11-14 22:35:51,265 [pool-182-thread-1] INFO  server.RaftServerConfigKeys (ConfUtils.java:logGet(43)) - raft.server.sleep.deviation.threshold = 300 (default)
2019-11-14 22:35:51,265 [pool-182-thread-1] INFO  server.RaftServerConfigKeys (ConfUtils.java:logGet(43)) - raft.server.log.appender.install.snapshot.enabled = false (custom)
2019-11-14 22:35:51,265 [pool-182-thread-1] INFO  impl.RaftServerImpl (ServerState.java:<init>(103)) - 71039d87-f713-4353-b155-a31bf00200f2@group-CDDF65ABBB0A: ConfigurationManager, init=-1: [71039d87-f713-4353-b155-a31bf00200f2:192.168.69.65:44128], old=null, confs=<EMPTY_MAP>
2019-11-14 22:35:51,266 [pool-182-thread-1] INFO  server.RaftServerConfigKeys (ConfUtils.java:logGet(43)) - raft.server.storage.dir = [/workdir/hadoop-ozone/integration-test/target/test-dir/MiniOzoneClusterImpl-479ab7c1-aba1-4cab-b6ff-ec51363c42af/datanode-3/data/ratis] (custom)
2019-11-14 22:35:51,266 [pool-182-thread-1] INFO  server.RaftServerConfigKeys (ConfUtils.java:logGet(43)) - raft.server.log.corruption.policy = EXCEPTION (default)
2019-11-14 22:35:51,266 [pool-182-thread-1] INFO  storage.RaftStorageDirectory (RaftStorageDirectory.java:analyzeStorage(246)) - The storage directory /workdir/hadoop-ozone/integration-test/target/test-dir/MiniOzoneClusterImpl-479ab7c1-aba1-4cab-b6ff-ec51363c42af/datanode-3/data/ratis/f6f04cb0-d236-483a-b4ca-cddf65abbb0a does not exist. Creating ...
2019-11-14 22:35:51,299 [pool-182-thread-1] INFO  storage.RaftStorageDirectory (RaftStorageDirectory.java:tryLock(328)) - Lock on /workdir/hadoop-ozone/integration-test/target/test-dir/MiniOzoneClusterImpl-479ab7c1-aba1-4cab-b6ff-ec51363c42af/datanode-3/data/ratis/f6f04cb0-d236-483a-b4ca-cddf65abbb0a/in_use.lock acquired by nodename 4158@pr-mpuissue-pdzcc-455137112
2019-11-14 22:35:51,316 [pool-182-thread-1] INFO  storage.RaftStorage (RaftStorage.java:format(84)) - Storage directory /workdir/hadoop-ozone/integration-test/target/test-dir/MiniOzoneClusterImpl-479ab7c1-aba1-4cab-b6ff-ec51363c42af/datanode-3/data/ratis/f6f04cb0-d236-483a-b4ca-cddf65abbb0a has been successfully formatted.
2019-11-14 22:35:51,317 [pool-182-thread-1] INFO  ratis.ContainerStateMachine (ContainerStateMachine.java:loadSnapshot(223)) - group-CDDF65ABBB0A: The snapshot info is null. Setting the last applied indexto:(t:0, i:~)
2019-11-14 22:35:51,317 [pool-182-thread-1] INFO  server.RaftServerConfigKeys (ConfUtils.java:logGet(43)) - raft.server.notification.no-leader.timeout = 120s (custom)
2019-11-14 22:35:51,317 [pool-182-thread-1] INFO  server.RaftServerConfigKeys (ConfUtils.java:logGet(43)) - raft.server.log.use.memory = false (default)
2019-11-14 22:35:51,317 [pool-182-thread-1] INFO  server.RaftServerConfigKeys (ConfUtils.java:logGet(43)) - raft.server.log.purge.gap = 1000000 (custom)
2019-11-14 22:35:51,317 [pool-182-thread-1] INFO  server.RaftServerConfigKeys (ConfUtils.java:logGet(43)) - raft.server.log.appender.buffer.byte-limit = 33554432 (custom)
2019-11-14 22:35:51,317 [pool-182-thread-1] INFO  server.RaftServerConfigKeys (ConfUtils.java:logGet(43)) - raft.server.log.segment.size.max = 1048576 (custom)
2019-11-14 22:35:51,317 [pool-182-thread-1] INFO  server.RaftServerConfigKeys (ConfUtils.java:logGet(43)) - raft.server.log.segment.cache.num.max = 2 (custom)
2019-11-14 22:35:51,317 [pool-182-thread-1] INFO  segmented.SegmentedRaftLogWorker (SegmentedRaftLogWorker.java:<init>(173)) - new 71039d87-f713-4353-b155-a31bf00200f2@group-CDDF65ABBB0A-SegmentedRaftLogWorker for RaftStorage:Storage Directory /workdir/hadoop-ozone/integration-test/target/test-dir/MiniOzoneClusterImpl-479ab7c1-aba1-4cab-b6ff-ec51363c42af/datanode-3/data/ratis/f6f04cb0-d236-483a-b4ca-cddf65abbb0a
2019-11-14 22:35:51,317 [pool-182-thread-1] INFO  server.RaftServerConfigKeys (ConfUtils.java:logGet(43)) - raft.server.log.queue.byte-limit = 2147483647 (custom)
2019-11-14 22:35:51,318 [pool-182-thread-1] INFO  server.RaftServerConfigKeys (ConfUtils.java:logGet(43)) - raft.server.log.queue.element-limit = 1024 (custom)
2019-11-14 22:35:51,318 [pool-182-thread-1] INFO  server.RaftServerConfigKeys (ConfUtils.java:logGet(43)) - raft.server.log.segment.size.max = 1048576 (custom)
2019-11-14 22:35:51,318 [pool-182-thread-1] INFO  server.RaftServerConfigKeys (ConfUtils.java:logGet(43)) - raft.server.log.preallocated.size = 16384 (custom)
2019-11-14 22:35:51,318 [pool-182-thread-1] INFO  server.RaftServerConfigKeys (ConfUtils.java:logGet(43)) - raft.server.log.write.buffer.size = 33554432 (custom)
2019-11-14 22:35:51,318 [pool-182-thread-1] INFO  server.RaftServerConfigKeys (ConfUtils.java:logGet(43)) - raft.server.log.force.sync.num = 128 (default)
2019-11-14 22:35:51,318 [pool-182-thread-1] INFO  server.RaftServerConfigKeys (ConfUtils.java:logGet(43)) - raft.server.log.statemachine.data.sync = true (default)
2019-11-14 22:35:51,318 [pool-182-thread-1] INFO  server.RaftServerConfigKeys (ConfUtils.java:logGet(43)) - raft.server.log.statemachine.data.sync.timeout = 10s (default)
2019-11-14 22:35:51,318 [pool-182-thread-1] INFO  server.RaftServerConfigKeys (ConfUtils.java:logGet(43)) - raft.server.log.statemachine.data.sync.timeout.retry = -1 (default)
2019-11-14 22:35:51,318 [pool-182-thread-1] INFO  server.RaftServerConfigKeys (ConfUtils.java:logGet(43)) - raft.server.log.statemachine.data.caching.enabled = true (custom)
2019-11-14 22:35:51,318 [pool-182-thread-1] INFO  segmented.SegmentedRaftLogWorker (SegmentedRaftLogWorker.java:lambda$new$0(128)) - 71039d87-f713-4353-b155-a31bf00200f2@group-CDDF65ABBB0A-SegmentedRaftLogWorker: flushIndex: setUnconditionally 0 -> -1
2019-11-14 22:35:51,319 [pool-182-thread-1] INFO  server.RaftServerConfigKeys (ConfUtils.java:logGet(43)) - raft.server.snapshot.auto.trigger.enabled = true (custom)
2019-11-14 22:35:51,319 [pool-182-thread-1] INFO  server.RaftServerConfigKeys (ConfUtils.java:logGet(43)) - raft.server.snapshot.auto.trigger.threshold = 10000 (custom)
2019-11-14 22:35:51,319 [pool-182-thread-1] INFO  server.RaftServerConfigKeys (ConfUtils.java:logGet(43)) - raft.server.snapshot.retention.file.num = 5 (custom)
2019-11-14 22:35:51,319 [pool-182-thread-1] INFO  server.RaftServerConfigKeys (ConfUtils.java:logGet(43)) - raft.server.retrycache.expirytime = 600000ms (custom)
2019-11-14 22:35:51,319 [pool-182-thread-1] WARN  impl.MetricRegistriesImpl (MetricRegistriesImpl.java:lambda$create$1(61)) - First MetricRegistry has been created without registering reporters. You may need to call MetricRegistries.global().addReportRegistration(...) before.
2019-11-14 22:35:51,319 [pool-182-thread-1] WARN  impl.MetricRegistriesImpl (MetricRegistriesImpl.java:lambda$create$1(61)) - First MetricRegistry has been created without registering reporters. You may need to call MetricRegistries.global().addReportRegistration(...) before.
2019-11-14 22:35:51,319 [pool-182-thread-1] INFO  impl.RaftServerImpl (RaftServerImpl.java:start(184)) - 71039d87-f713-4353-b155-a31bf00200f2@group-CDDF65ABBB0A: start as a follower, conf=-1: [71039d87-f713-4353-b155-a31bf00200f2:192.168.69.65:44128], old=null
2019-11-14 22:35:51,319 [pool-182-thread-1] INFO  impl.RaftServerImpl (RaftServerImpl.java:setRole(173)) - 71039d87-f713-4353-b155-a31bf00200f2@group-CDDF65ABBB0A: changes role from      null to FOLLOWER at term 0 for startAsFollower
2019-11-14 22:35:51,319 [pool-182-thread-1] INFO  impl.RoleInfo (RoleInfo.java:updateAndGet(143)) - 71039d87-f713-4353-b155-a31bf00200f2: start FollowerState
2019-11-14 22:35:51,320 [pool-182-thread-1] INFO  util.JmxRegister (JmxRegister.java:tryRegister(44)) - Successfully registered JMX Bean with object name Ratis:service=RaftServer,group=group-CDDF65ABBB0A,id=71039d87-f713-4353-b155-a31bf00200f2
2019-11-14 22:35:51,320 [pool-182-thread-1] WARN  impl.MetricRegistriesImpl (MetricRegistriesImpl.java:lambda$create$1(61)) - First MetricRegistry has been created without registering reporters. You may need to call MetricRegistries.global().addReportRegistration(...) before.
2019-11-14 22:35:51,322 [RatisPipelineUtilsThread] INFO  pipeline.PipelineStateManager (PipelineStateManager.java:addPipeline(55)) - Created pipeline Pipeline[ Id: f6f04cb0-d236-483a-b4ca-cddf65abbb0a, Nodes: 71039d87-f713-4353-b155-a31bf00200f2{ip: 192.168.69.65, host: pr-mpuissue-pdzcc-455137112, networkLocation: /default-rack, certSerialId: null}, Type:RATIS, Factor:ONE, State:ALLOCATED]
2019-11-14 22:35:51,324 [Thread-1474] INFO  pipeline.PipelineStateManager (PipelineStateManager.java:finalizePipeline(121)) - Pipeline Pipeline[ Id: 67915969-cda2-4ae9-aae7-e5d6d3fa3027, Nodes: 134e3363-1f82-43b5-a94b-e408c514013d{ip: 192.168.69.65, host: pr-mpuissue-pdzcc-455137112, networkLocation: /default-rack, certSerialId: null}76b3b274-17aa-4635-9ecc-8bffa687e80e{ip: 192.168.69.65, host: pr-mpuissue-pdzcc-455137112, networkLocation: /default-rack, certSerialId: null}71039d87-f713-4353-b155-a31bf00200f2{ip: 192.168.69.65, host: pr-mpuissue-pdzcc-455137112, networkLocation: /default-rack, certSerialId: null}, Type:RATIS, Factor:THREE, State:CLOSED] moved to CLOSED state
2019-11-14 22:35:51,328 [grpc-default-executor-3] INFO  impl.RaftServerProxy (RaftServerProxy.java:remove(95)) - 134e3363-1f82-43b5-a94b-e408c514013d: remove    LEADER 134e3363-1f82-43b5-a94b-e408c514013d@group-E5D6D3FA3027:t1, leader=134e3363-1f82-43b5-a94b-e408c514013d, voted=134e3363-1f82-43b5-a94b-e408c514013d, raftlog=134e3363-1f82-43b5-a94b-e408c514013d@group-E5D6D3FA3027-SegmentedRaftLog:OPENED:c0,f0,i0, conf=0: [76b3b274-17aa-4635-9ecc-8bffa687e80e:192.168.69.65:46135, 71039d87-f713-4353-b155-a31bf00200f2:192.168.69.65:44128, 134e3363-1f82-43b5-a94b-e408c514013d:192.168.69.65:38811], old=null RUNNING
2019-11-14 22:35:51,329 [grpc-default-executor-3] INFO  impl.RaftServerImpl (RaftServerImpl.java:lambda$shutdown$3(250)) - 134e3363-1f82-43b5-a94b-e408c514013d@group-E5D6D3FA3027: shutdown
2019-11-14 22:35:51,329 [grpc-default-executor-3] INFO  util.JmxRegister (JmxRegister.java:unregister(73)) - Successfully un-registered JMX Bean with object name Ratis:service=RaftServer,group=group-E5D6D3FA3027,id=134e3363-1f82-43b5-a94b-e408c514013d
2019-11-14 22:35:51,329 [grpc-default-executor-3] INFO  impl.RoleInfo (RoleInfo.java:shutdownLeaderState(104)) - 134e3363-1f82-43b5-a94b-e408c514013d: shutdown LeaderState
2019-11-14 22:35:51,331 [org.apache.ratis.server.impl.LogAppender$AppenderDaemon$$Lambda$513/1968553077@1af51aab] WARN  server.GrpcLogAppender (GrpcLogAppender.java:mayWait(151)) - 134e3363-1f82-43b5-a94b-e408c514013d@group-E5D6D3FA3027->76b3b274-17aa-4635-9ecc-8bffa687e80e-GrpcLogAppender: Wait interrupted by java.lang.InterruptedException
2019-11-14 22:35:51,332 [org.apache.ratis.server.impl.LogAppender$AppenderDaemon$$Lambda$513/1968553077@5ff78791] WARN  server.GrpcLogAppender (GrpcLogAppender.java:mayWait(151)) - 134e3363-1f82-43b5-a94b-e408c514013d@group-E5D6D3FA3027->71039d87-f713-4353-b155-a31bf00200f2-GrpcLogAppender: Wait interrupted by java.lang.InterruptedException
2019-11-14 22:35:51,332 [grpc-default-executor-3] INFO  impl.PendingRequests (PendingRequests.java:sendNotLeaderResponses(206)) - 134e3363-1f82-43b5-a94b-e408c514013d@group-E5D6D3FA3027-PendingRequests: sendNotLeaderResponses
2019-11-14 22:35:51,334 [grpc-default-executor-5] INFO  server.GrpcServerProtocolService (GrpcServerProtocolService.java:onCompleted(113)) - 71039d87-f713-4353-b155-a31bf00200f2: Completed APPEND_ENTRIES, lastRequest: 134e3363-1f82-43b5-a94b-e408c514013d->71039d87-f713-4353-b155-a31bf00200f2#5-t1, previous=(t:1, i:0), leaderCommit=0, initializing? false, entries: <empty>
2019-11-14 22:35:51,334 [grpc-default-executor-0] INFO  server.GrpcServerProtocolService (GrpcServerProtocolService.java:onCompleted(113)) - 76b3b274-17aa-4635-9ecc-8bffa687e80e: Completed APPEND_ENTRIES, lastRequest: 134e3363-1f82-43b5-a94b-e408c514013d->76b3b274-17aa-4635-9ecc-8bffa687e80e#5-t1, previous=(t:1, i:0), leaderCommit=0, initializing? false, entries: <empty>
2019-11-14 22:35:51,334 [grpc-default-executor-3] INFO  impl.StateMachineUpdater (StateMachineUpdater.java:stopAndJoin(136)) - 134e3363-1f82-43b5-a94b-e408c514013d@group-E5D6D3FA3027-StateMachineUpdater: set stopIndex = 0
2019-11-14 22:35:51,334 [grpc-default-executor-5] INFO  server.GrpcLogAppender (GrpcLogAppender.java:onCompleted(308)) - 134e3363-1f82-43b5-a94b-e408c514013d@group-E5D6D3FA3027->71039d87-f713-4353-b155-a31bf00200f2-AppendLogResponseHandler: follower responses appendEntries COMPLETED
2019-11-14 22:35:51,334 [grpc-default-executor-3] INFO  impl.RaftServerImpl (ServerState.java:close(387)) - 134e3363-1f82-43b5-a94b-e408c514013d@group-E5D6D3FA3027: closes. applyIndex: 0
2019-11-14 22:35:51,335 [grpc-default-executor-4] INFO  server.GrpcLogAppender (GrpcLogAppender.java:onCompleted(308)) - 134e3363-1f82-43b5-a94b-e408c514013d@group-E5D6D3FA3027->76b3b274-17aa-4635-9ecc-8bffa687e80e-AppendLogResponseHandler: follower responses appendEntries COMPLETED
2019-11-14 22:35:51,335 [134e3363-1f82-43b5-a94b-e408c514013d@group-E5D6D3FA3027-SegmentedRaftLogWorker] INFO  segmented.SegmentedRaftLogWorker (SegmentedRaftLogWorker.java:run(316)) - 134e3363-1f82-43b5-a94b-e408c514013d@group-E5D6D3FA3027-SegmentedRaftLogWorker was interrupted, exiting. There are 0 tasks remaining in the queue.
2019-11-14 22:35:51,335 [grpc-default-executor-5] INFO  impl.FollowerInfo (FollowerInfo.java:lambda$new$0(51)) - 134e3363-1f82-43b5-a94b-e408c514013d@group-E5D6D3FA3027->71039d87-f713-4353-b155-a31bf00200f2: nextIndex: updateUnconditionally 1 -> 0
2019-11-14 22:35:51,336 [grpc-default-executor-3] INFO  segmented.SegmentedRaftLogWorker (SegmentedRaftLogWorker.java:close(224)) - 134e3363-1f82-43b5-a94b-e408c514013d@group-E5D6D3FA3027-SegmentedRaftLogWorker close()
2019-11-14 22:35:51,336 [grpc-default-executor-4] INFO  impl.FollowerInfo (FollowerInfo.java:lambda$new$0(51)) - 134e3363-1f82-43b5-a94b-e408c514013d@group-E5D6D3FA3027->76b3b274-17aa-4635-9ecc-8bffa687e80e: nextIndex: updateUnconditionally 1 -> 0
2019-11-14 22:35:51,349 [grpc-default-executor-3] INFO  impl.RaftServerProxy (RaftServerProxy.java:remove(95)) - 76b3b274-17aa-4635-9ecc-8bffa687e80e: remove  FOLLOWER 76b3b274-17aa-4635-9ecc-8bffa687e80e@group-E5D6D3FA3027:t1, leader=134e3363-1f82-43b5-a94b-e408c514013d, voted=134e3363-1f82-43b5-a94b-e408c514013d, raftlog=76b3b274-17aa-4635-9ecc-8bffa687e80e@group-E5D6D3FA3027-SegmentedRaftLog:OPENED:c0,f0,i0, conf=0: [76b3b274-17aa-4635-9ecc-8bffa687e80e:192.168.69.65:46135, 71039d87-f713-4353-b155-a31bf00200f2:192.168.69.65:44128, 134e3363-1f82-43b5-a94b-e408c514013d:192.168.69.65:38811], old=null RUNNING
2019-11-14 22:35:51,349 [grpc-default-executor-3] INFO  impl.RaftServerImpl (RaftServerImpl.java:lambda$shutdown$3(250)) - 76b3b274-17aa-4635-9ecc-8bffa687e80e@group-E5D6D3FA3027: shutdown
2019-11-14 22:35:51,349 [grpc-default-executor-3] INFO  util.JmxRegister (JmxRegister.java:unregister(73)) - Successfully un-registered JMX Bean with object name Ratis:service=RaftServer,group=group-E5D6D3FA3027,id=76b3b274-17aa-4635-9ecc-8bffa687e80e
2019-11-14 22:35:51,349 [grpc-default-executor-3] INFO  impl.RoleInfo (RoleInfo.java:shutdownFollowerState(121)) - 76b3b274-17aa-4635-9ecc-8bffa687e80e: shutdown FollowerState
2019-11-14 22:35:51,349 [grpc-default-executor-3] INFO  impl.StateMachineUpdater (StateMachineUpdater.java:stopAndJoin(136)) - 76b3b274-17aa-4635-9ecc-8bffa687e80e@group-E5D6D3FA3027-StateMachineUpdater: set stopIndex = 0
2019-11-14 22:35:51,349 [Thread-1543] INFO  impl.FollowerState (FollowerState.java:run(120)) - 76b3b274-17aa-4635-9ecc-8bffa687e80e@group-E5D6D3FA3027-FollowerState was interrupted: java.lang.InterruptedException: sleep interrupted
2019-11-14 22:35:51,354 [grpc-default-executor-3] INFO  impl.RaftServerImpl (ServerState.java:close(387)) - 76b3b274-17aa-4635-9ecc-8bffa687e80e@group-E5D6D3FA3027: closes. applyIndex: 0
2019-11-14 22:35:51,354 [76b3b274-17aa-4635-9ecc-8bffa687e80e@group-E5D6D3FA3027-SegmentedRaftLogWorker] INFO  segmented.SegmentedRaftLogWorker (SegmentedRaftLogWorker.java:run(316)) - 76b3b274-17aa-4635-9ecc-8bffa687e80e@group-E5D6D3FA3027-SegmentedRaftLogWorker was interrupted, exiting. There are 0 tasks remaining in the queue.
2019-11-14 22:35:51,354 [grpc-default-executor-3] INFO  segmented.SegmentedRaftLogWorker (SegmentedRaftLogWorker.java:close(224)) - 76b3b274-17aa-4635-9ecc-8bffa687e80e@group-E5D6D3FA3027-SegmentedRaftLogWorker close()
2019-11-14 22:35:51,362 [grpc-default-executor-3] INFO  impl.RaftServerProxy (RaftServerProxy.java:remove(95)) - 71039d87-f713-4353-b155-a31bf00200f2: remove  FOLLOWER 71039d87-f713-4353-b155-a31bf00200f2@group-E5D6D3FA3027:t1, leader=134e3363-1f82-43b5-a94b-e408c514013d, voted=134e3363-1f82-43b5-a94b-e408c514013d, raftlog=71039d87-f713-4353-b155-a31bf00200f2@group-E5D6D3FA3027-SegmentedRaftLog:OPENED:c0,f0,i0, conf=0: [76b3b274-17aa-4635-9ecc-8bffa687e80e:192.168.69.65:46135, 71039d87-f713-4353-b155-a31bf00200f2:192.168.69.65:44128, 134e3363-1f82-43b5-a94b-e408c514013d:192.168.69.65:38811], old=null RUNNING
2019-11-14 22:35:51,363 [grpc-default-executor-3] INFO  impl.RaftServerImpl (RaftServerImpl.java:lambda$shutdown$3(250)) - 71039d87-f713-4353-b155-a31bf00200f2@group-E5D6D3FA3027: shutdown
2019-11-14 22:35:51,363 [grpc-default-executor-3] INFO  util.JmxRegister (JmxRegister.java:unregister(73)) - Successfully un-registered JMX Bean with object name Ratis:service=RaftServer,group=group-E5D6D3FA3027,id=71039d87-f713-4353-b155-a31bf00200f2
2019-11-14 22:35:51,363 [grpc-default-executor-3] INFO  impl.RoleInfo (RoleInfo.java:shutdownFollowerState(121)) - 71039d87-f713-4353-b155-a31bf00200f2: shutdown FollowerState
2019-11-14 22:35:51,363 [grpc-default-executor-3] INFO  impl.StateMachineUpdater (StateMachineUpdater.java:stopAndJoin(136)) - 71039d87-f713-4353-b155-a31bf00200f2@group-E5D6D3FA3027-StateMachineUpdater: set stopIndex = 0
2019-11-14 22:35:51,363 [Thread-1542] INFO  impl.FollowerState (FollowerState.java:run(120)) - 71039d87-f713-4353-b155-a31bf00200f2@group-E5D6D3FA3027-FollowerState was interrupted: java.lang.InterruptedException: sleep interrupted
2019-11-14 22:35:51,363 [grpc-default-executor-3] INFO  impl.RaftServerImpl (ServerState.java:close(387)) - 71039d87-f713-4353-b155-a31bf00200f2@group-E5D6D3FA3027: closes. applyIndex: 0
2019-11-14 22:35:51,367 [71039d87-f713-4353-b155-a31bf00200f2@group-E5D6D3FA3027-SegmentedRaftLogWorker] INFO  segmented.SegmentedRaftLogWorker (SegmentedRaftLogWorker.java:run(316)) - 71039d87-f713-4353-b155-a31bf00200f2@group-E5D6D3FA3027-SegmentedRaftLogWorker was interrupted, exiting. There are 0 tasks remaining in the queue.
2019-11-14 22:35:51,368 [grpc-default-executor-3] INFO  segmented.SegmentedRaftLogWorker (SegmentedRaftLogWorker.java:close(224)) - 71039d87-f713-4353-b155-a31bf00200f2@group-E5D6D3FA3027-SegmentedRaftLogWorker close()
2019-11-14 22:35:51,374 [Thread-1474] INFO  pipeline.PipelineStateManager (PipelineStateManager.java:removePipeline(106)) - Pipeline Pipeline[ Id: 67915969-cda2-4ae9-aae7-e5d6d3fa3027, Nodes: 134e3363-1f82-43b5-a94b-e408c514013d{ip: 192.168.69.65, host: pr-mpuissue-pdzcc-455137112, networkLocation: /default-rack, certSerialId: null}76b3b274-17aa-4635-9ecc-8bffa687e80e{ip: 192.168.69.65, host: pr-mpuissue-pdzcc-455137112, networkLocation: /default-rack, certSerialId: null}71039d87-f713-4353-b155-a31bf00200f2{ip: 192.168.69.65, host: pr-mpuissue-pdzcc-455137112, networkLocation: /default-rack, certSerialId: null}, Type:RATIS, Factor:THREE, State:CLOSED] removed from db
2019-11-14 22:35:51,381 [grpc-default-executor-5] INFO  impl.RaftServerProxy (RaftServerProxy.java:addNew(89)) - 76b3b274-17aa-4635-9ecc-8bffa687e80e: addNew group-BA5CC5B18D18:[76b3b274-17aa-4635-9ecc-8bffa687e80e:192.168.69.65:46135, 71039d87-f713-4353-b155-a31bf00200f2:192.168.69.65:44128, 134e3363-1f82-43b5-a94b-e408c514013d:192.168.69.65:38811] returns group-BA5CC5B18D18:java.util.concurrent.CompletableFuture@2eb1b74a[Not completed]
2019-11-14 22:35:51,381 [grpc-default-executor-4] INFO  impl.RaftServerProxy (RaftServerProxy.java:addNew(89)) - 71039d87-f713-4353-b155-a31bf00200f2: addNew group-BA5CC5B18D18:[76b3b274-17aa-4635-9ecc-8bffa687e80e:192.168.69.65:46135, 71039d87-f713-4353-b155-a31bf00200f2:192.168.69.65:44128, 134e3363-1f82-43b5-a94b-e408c514013d:192.168.69.65:38811] returns group-BA5CC5B18D18:java.util.concurrent.CompletableFuture@42aa0336[Not completed]
2019-11-14 22:35:51,381 [grpc-default-executor-3] INFO  impl.RaftServerProxy (RaftServerProxy.java:addNew(89)) - 134e3363-1f82-43b5-a94b-e408c514013d: addNew group-BA5CC5B18D18:[76b3b274-17aa-4635-9ecc-8bffa687e80e:192.168.69.65:46135, 71039d87-f713-4353-b155-a31bf00200f2:192.168.69.65:44128, 134e3363-1f82-43b5-a94b-e408c514013d:192.168.69.65:38811] returns group-BA5CC5B18D18:java.util.concurrent.CompletableFuture@16fad129[Not completed]
2019-11-14 22:35:51,382 [pool-182-thread-1] INFO  impl.RaftServerImpl (RaftServerImpl.java:<init>(98)) - 71039d87-f713-4353-b155-a31bf00200f2: new RaftServerImpl for group-BA5CC5B18D18:[76b3b274-17aa-4635-9ecc-8bffa687e80e:192.168.69.65:46135, 71039d87-f713-4353-b155-a31bf00200f2:192.168.69.65:44128, 134e3363-1f82-43b5-a94b-e408c514013d:192.168.69.65:38811] with ContainerStateMachine:uninitialized
2019-11-14 22:35:51,383 [pool-182-thread-1] INFO  server.RaftServerConfigKeys (ConfUtils.java:logGet(43)) - raft.server.rpc.timeout.min = 1s (custom)
2019-11-14 22:35:51,383 [pool-182-thread-1] INFO  server.RaftServerConfigKeys (ConfUtils.java:logGet(43)) - raft.server.rpc.timeout.max = 1200ms (custom)
2019-11-14 22:35:51,383 [pool-182-thread-1] INFO  server.RaftServerConfigKeys (ConfUtils.java:logGet(43)) - raft.server.rpcslowness.timeout = 120s (custom)
2019-11-14 22:35:51,383 [pool-182-thread-1] INFO  server.RaftServerConfigKeys (ConfUtils.java:logGet(43)) - raft.server.sleep.deviation.threshold = 300 (default)
2019-11-14 22:35:51,383 [pool-182-thread-1] INFO  server.RaftServerConfigKeys (ConfUtils.java:logGet(43)) - raft.server.log.appender.install.snapshot.enabled = false (custom)
2019-11-14 22:35:51,383 [pool-182-thread-1] INFO  impl.RaftServerImpl (ServerState.java:<init>(103)) - 71039d87-f713-4353-b155-a31bf00200f2@group-BA5CC5B18D18: ConfigurationManager, init=-1: [76b3b274-17aa-4635-9ecc-8bffa687e80e:192.168.69.65:46135, 71039d87-f713-4353-b155-a31bf00200f2:192.168.69.65:44128, 134e3363-1f82-43b5-a94b-e408c514013d:192.168.69.65:38811], old=null, confs=<EMPTY_MAP>
2019-11-14 22:35:51,383 [pool-202-thread-1] INFO  impl.RaftServerImpl (RaftServerImpl.java:<init>(98)) - 134e3363-1f82-43b5-a94b-e408c514013d: new RaftServerImpl for group-BA5CC5B18D18:[76b3b274-17aa-4635-9ecc-8bffa687e80e:192.168.69.65:46135, 71039d87-f713-4353-b155-a31bf00200f2:192.168.69.65:44128, 134e3363-1f82-43b5-a94b-e408c514013d:192.168.69.65:38811] with ContainerStateMachine:uninitialized
2019-11-14 22:35:51,383 [pool-202-thread-1] INFO  server.RaftServerConfigKeys (ConfUtils.java:logGet(43)) - raft.server.rpc.timeout.min = 1s (custom)
2019-11-14 22:35:51,383 [pool-202-thread-1] INFO  server.RaftServerConfigKeys (ConfUtils.java:logGet(43)) - raft.server.rpc.timeout.max = 1200ms (custom)
2019-11-14 22:35:51,384 [pool-202-thread-1] INFO  server.RaftServerConfigKeys (ConfUtils.java:logGet(43)) - raft.server.rpcslowness.timeout = 120s (custom)
2019-11-14 22:35:51,384 [pool-202-thread-1] INFO  server.RaftServerConfigKeys (ConfUtils.java:logGet(43)) - raft.server.sleep.deviation.threshold = 300 (default)
2019-11-14 22:35:51,384 [pool-202-thread-1] INFO  server.RaftServerConfigKeys (ConfUtils.java:logGet(43)) - raft.server.log.appender.install.snapshot.enabled = false (custom)
2019-11-14 22:35:51,383 [pool-182-thread-1] INFO  server.RaftServerConfigKeys (ConfUtils.java:logGet(43)) - raft.server.storage.dir = [/workdir/hadoop-ozone/integration-test/target/test-dir/MiniOzoneClusterImpl-479ab7c1-aba1-4cab-b6ff-ec51363c42af/datanode-3/data/ratis] (custom)
2019-11-14 22:35:51,384 [pool-202-thread-1] INFO  impl.RaftServerImpl (ServerState.java:<init>(103)) - 134e3363-1f82-43b5-a94b-e408c514013d@group-BA5CC5B18D18: ConfigurationManager, init=-1: [76b3b274-17aa-4635-9ecc-8bffa687e80e:192.168.69.65:46135, 71039d87-f713-4353-b155-a31bf00200f2:192.168.69.65:44128, 134e3363-1f82-43b5-a94b-e408c514013d:192.168.69.65:38811], old=null, confs=<EMPTY_MAP>
2019-11-14 22:35:51,384 [pool-192-thread-1] INFO  impl.RaftServerImpl (RaftServerImpl.java:<init>(98)) - 76b3b274-17aa-4635-9ecc-8bffa687e80e: new RaftServerImpl for group-BA5CC5B18D18:[76b3b274-17aa-4635-9ecc-8bffa687e80e:192.168.69.65:46135, 71039d87-f713-4353-b155-a31bf00200f2:192.168.69.65:44128, 134e3363-1f82-43b5-a94b-e408c514013d:192.168.69.65:38811] with ContainerStateMachine:uninitialized
2019-11-14 22:35:51,384 [pool-182-thread-1] INFO  server.RaftServerConfigKeys (ConfUtils.java:logGet(43)) - raft.server.log.corruption.policy = EXCEPTION (default)
2019-11-14 22:35:51,384 [pool-202-thread-1] INFO  server.RaftServerConfigKeys (ConfUtils.java:logGet(43)) - raft.server.storage.dir = [/workdir/hadoop-ozone/integration-test/target/test-dir/MiniOzoneClusterImpl-479ab7c1-aba1-4cab-b6ff-ec51363c42af/datanode-5/data/ratis] (custom)
2019-11-14 22:35:51,384 [pool-182-thread-1] INFO  storage.RaftStorageDirectory (RaftStorageDirectory.java:analyzeStorage(246)) - The storage directory /workdir/hadoop-ozone/integration-test/target/test-dir/MiniOzoneClusterImpl-479ab7c1-aba1-4cab-b6ff-ec51363c42af/datanode-3/data/ratis/e51d611f-836f-4cca-a11d-ba5cc5b18d18 does not exist. Creating ...
2019-11-14 22:35:51,384 [pool-192-thread-1] INFO  server.RaftServerConfigKeys (ConfUtils.java:logGet(43)) - raft.server.rpc.timeout.min = 1s (custom)
2019-11-14 22:35:51,385 [pool-202-thread-1] INFO  server.RaftServerConfigKeys (ConfUtils.java:logGet(43)) - raft.server.log.corruption.policy = EXCEPTION (default)
2019-11-14 22:35:51,385 [pool-192-thread-1] INFO  server.RaftServerConfigKeys (ConfUtils.java:logGet(43)) - raft.server.rpc.timeout.max = 1200ms (custom)
2019-11-14 22:35:51,385 [pool-192-thread-1] INFO  server.RaftServerConfigKeys (ConfUtils.java:logGet(43)) - raft.server.rpcslowness.timeout = 120s (custom)
2019-11-14 22:35:51,385 [pool-202-thread-1] INFO  storage.RaftStorageDirectory (RaftStorageDirectory.java:analyzeStorage(246)) - The storage directory /workdir/hadoop-ozone/integration-test/target/test-dir/MiniOzoneClusterImpl-479ab7c1-aba1-4cab-b6ff-ec51363c42af/datanode-5/data/ratis/e51d611f-836f-4cca-a11d-ba5cc5b18d18 does not exist. Creating ...
2019-11-14 22:35:51,385 [pool-192-thread-1] INFO  server.RaftServerConfigKeys (ConfUtils.java:logGet(43)) - raft.server.sleep.deviation.threshold = 300 (default)
2019-11-14 22:35:51,385 [pool-192-thread-1] INFO  server.RaftServerConfigKeys (ConfUtils.java:logGet(43)) - raft.server.log.appender.install.snapshot.enabled = false (custom)
2019-11-14 22:35:51,385 [pool-192-thread-1] INFO  impl.RaftServerImpl (ServerState.java:<init>(103)) - 76b3b274-17aa-4635-9ecc-8bffa687e80e@group-BA5CC5B18D18: ConfigurationManager, init=-1: [76b3b274-17aa-4635-9ecc-8bffa687e80e:192.168.69.65:46135, 71039d87-f713-4353-b155-a31bf00200f2:192.168.69.65:44128, 134e3363-1f82-43b5-a94b-e408c514013d:192.168.69.65:38811], old=null, confs=<EMPTY_MAP>
2019-11-14 22:35:51,386 [pool-192-thread-1] INFO  server.RaftServerConfigKeys (ConfUtils.java:logGet(43)) - raft.server.storage.dir = [/workdir/hadoop-ozone/integration-test/target/test-dir/MiniOzoneClusterImpl-479ab7c1-aba1-4cab-b6ff-ec51363c42af/datanode-4/data/ratis] (custom)
2019-11-14 22:35:51,386 [pool-192-thread-1] INFO  server.RaftServerConfigKeys (ConfUtils.java:logGet(43)) - raft.server.log.corruption.policy = EXCEPTION (default)
2019-11-14 22:35:51,386 [pool-192-thread-1] INFO  storage.RaftStorageDirectory (RaftStorageDirectory.java:analyzeStorage(246)) - The storage directory /workdir/hadoop-ozone/integration-test/target/test-dir/MiniOzoneClusterImpl-479ab7c1-aba1-4cab-b6ff-ec51363c42af/datanode-4/data/ratis/e51d611f-836f-4cca-a11d-ba5cc5b18d18 does not exist. Creating ...
2019-11-14 22:35:51,418 [pool-192-thread-1] INFO  storage.RaftStorageDirectory (RaftStorageDirectory.java:tryLock(328)) - Lock on /workdir/hadoop-ozone/integration-test/target/test-dir/MiniOzoneClusterImpl-479ab7c1-aba1-4cab-b6ff-ec51363c42af/datanode-4/data/ratis/e51d611f-836f-4cca-a11d-ba5cc5b18d18/in_use.lock acquired by nodename 4158@pr-mpuissue-pdzcc-455137112
2019-11-14 22:35:51,418 [pool-182-thread-1] INFO  storage.RaftStorageDirectory (RaftStorageDirectory.java:tryLock(328)) - Lock on /workdir/hadoop-ozone/integration-test/target/test-dir/MiniOzoneClusterImpl-479ab7c1-aba1-4cab-b6ff-ec51363c42af/datanode-3/data/ratis/e51d611f-836f-4cca-a11d-ba5cc5b18d18/in_use.lock acquired by nodename 4158@pr-mpuissue-pdzcc-455137112
2019-11-14 22:35:51,418 [pool-202-thread-1] INFO  storage.RaftStorageDirectory (RaftStorageDirectory.java:tryLock(328)) - Lock on /workdir/hadoop-ozone/integration-test/target/test-dir/MiniOzoneClusterImpl-479ab7c1-aba1-4cab-b6ff-ec51363c42af/datanode-5/data/ratis/e51d611f-836f-4cca-a11d-ba5cc5b18d18/in_use.lock acquired by nodename 4158@pr-mpuissue-pdzcc-455137112
2019-11-14 22:35:51,435 [pool-202-thread-1] INFO  storage.RaftStorage (RaftStorage.java:format(84)) - Storage directory /workdir/hadoop-ozone/integration-test/target/test-dir/MiniOzoneClusterImpl-479ab7c1-aba1-4cab-b6ff-ec51363c42af/datanode-5/data/ratis/e51d611f-836f-4cca-a11d-ba5cc5b18d18 has been successfully formatted.
2019-11-14 22:35:51,435 [pool-182-thread-1] INFO  storage.RaftStorage (RaftStorage.java:format(84)) - Storage directory /workdir/hadoop-ozone/integration-test/target/test-dir/MiniOzoneClusterImpl-479ab7c1-aba1-4cab-b6ff-ec51363c42af/datanode-3/data/ratis/e51d611f-836f-4cca-a11d-ba5cc5b18d18 has been successfully formatted.
2019-11-14 22:35:51,435 [pool-192-thread-1] INFO  storage.RaftStorage (RaftStorage.java:format(84)) - Storage directory /workdir/hadoop-ozone/integration-test/target/test-dir/MiniOzoneClusterImpl-479ab7c1-aba1-4cab-b6ff-ec51363c42af/datanode-4/data/ratis/e51d611f-836f-4cca-a11d-ba5cc5b18d18 has been successfully formatted.
2019-11-14 22:35:51,436 [pool-182-thread-1] INFO  ratis.ContainerStateMachine (ContainerStateMachine.java:loadSnapshot(223)) - group-BA5CC5B18D18: The snapshot info is null. Setting the last applied indexto:(t:0, i:~)
2019-11-14 22:35:51,435 [pool-202-thread-1] INFO  ratis.ContainerStateMachine (ContainerStateMachine.java:loadSnapshot(223)) - group-BA5CC5B18D18: The snapshot info is null. Setting the last applied indexto:(t:0, i:~)
2019-11-14 22:35:51,436 [pool-192-thread-1] INFO  ratis.ContainerStateMachine (ContainerStateMachine.java:loadSnapshot(223)) - group-BA5CC5B18D18: The snapshot info is null. Setting the last applied indexto:(t:0, i:~)
2019-11-14 22:35:51,436 [pool-182-thread-1] INFO  server.RaftServerConfigKeys (ConfUtils.java:logGet(43)) - raft.server.notification.no-leader.timeout = 120s (custom)
2019-11-14 22:35:51,436 [pool-192-thread-1] INFO  server.RaftServerConfigKeys (ConfUtils.java:logGet(43)) - raft.server.notification.no-leader.timeout = 120s (custom)
2019-11-14 22:35:51,436 [pool-202-thread-1] INFO  server.RaftServerConfigKeys (ConfUtils.java:logGet(43)) - raft.server.notification.no-leader.timeout = 120s (custom)
2019-11-14 22:35:51,436 [pool-192-thread-1] INFO  server.RaftServerConfigKeys (ConfUtils.java:logGet(43)) - raft.server.log.use.memory = false (default)
2019-11-14 22:35:51,436 [pool-182-thread-1] INFO  server.RaftServerConfigKeys (ConfUtils.java:logGet(43)) - raft.server.log.use.memory = false (default)
2019-11-14 22:35:51,436 [pool-192-thread-1] INFO  server.RaftServerConfigKeys (ConfUtils.java:logGet(43)) - raft.server.log.purge.gap = 1000000 (custom)
2019-11-14 22:35:51,436 [pool-202-thread-1] INFO  server.RaftServerConfigKeys (ConfUtils.java:logGet(43)) - raft.server.log.use.memory = false (default)
2019-11-14 22:35:51,437 [pool-192-thread-1] INFO  server.RaftServerConfigKeys (ConfUtils.java:logGet(43)) - raft.server.log.appender.buffer.byte-limit = 33554432 (custom)
2019-11-14 22:35:51,436 [pool-182-thread-1] INFO  server.RaftServerConfigKeys (ConfUtils.java:logGet(43)) - raft.server.log.purge.gap = 1000000 (custom)
2019-11-14 22:35:51,437 [pool-192-thread-1] INFO  server.RaftServerConfigKeys (ConfUtils.java:logGet(43)) - raft.server.log.segment.size.max = 1048576 (custom)
2019-11-14 22:35:51,437 [pool-202-thread-1] INFO  server.RaftServerConfigKeys (ConfUtils.java:logGet(43)) - raft.server.log.purge.gap = 1000000 (custom)
2019-11-14 22:35:51,437 [pool-192-thread-1] INFO  server.RaftServerConfigKeys (ConfUtils.java:logGet(43)) - raft.server.log.segment.cache.num.max = 2 (custom)
2019-11-14 22:35:51,437 [pool-182-thread-1] INFO  server.RaftServerConfigKeys (ConfUtils.java:logGet(43)) - raft.server.log.appender.buffer.byte-limit = 33554432 (custom)
2019-11-14 22:35:51,437 [pool-192-thread-1] INFO  segmented.SegmentedRaftLogWorker (SegmentedRaftLogWorker.java:<init>(173)) - new 76b3b274-17aa-4635-9ecc-8bffa687e80e@group-BA5CC5B18D18-SegmentedRaftLogWorker for RaftStorage:Storage Directory /workdir/hadoop-ozone/integration-test/target/test-dir/MiniOzoneClusterImpl-479ab7c1-aba1-4cab-b6ff-ec51363c42af/datanode-4/data/ratis/e51d611f-836f-4cca-a11d-ba5cc5b18d18
2019-11-14 22:35:51,437 [pool-202-thread-1] INFO  server.RaftServerConfigKeys (ConfUtils.java:logGet(43)) - raft.server.log.appender.buffer.byte-limit = 33554432 (custom)
2019-11-14 22:35:51,437 [pool-192-thread-1] INFO  server.RaftServerConfigKeys (ConfUtils.java:logGet(43)) - raft.server.log.queue.byte-limit = 2147483647 (custom)
2019-11-14 22:35:51,437 [pool-182-thread-1] INFO  server.RaftServerConfigKeys (ConfUtils.java:logGet(43)) - raft.server.log.segment.size.max = 1048576 (custom)
2019-11-14 22:35:51,438 [pool-192-thread-1] INFO  server.RaftServerConfigKeys (ConfUtils.java:logGet(43)) - raft.server.log.queue.element-limit = 1024 (custom)
2019-11-14 22:35:51,437 [pool-202-thread-1] INFO  server.RaftServerConfigKeys (ConfUtils.java:logGet(43)) - raft.server.log.segment.size.max = 1048576 (custom)
2019-11-14 22:35:51,438 [pool-192-thread-1] INFO  server.RaftServerConfigKeys (ConfUtils.java:logGet(43)) - raft.server.log.segment.size.max = 1048576 (custom)
2019-11-14 22:35:51,438 [pool-182-thread-1] INFO  server.RaftServerConfigKeys (ConfUtils.java:logGet(43)) - raft.server.log.segment.cache.num.max = 2 (custom)
2019-11-14 22:35:51,438 [pool-192-thread-1] INFO  server.RaftServerConfigKeys (ConfUtils.java:logGet(43)) - raft.server.log.preallocated.size = 16384 (custom)
2019-11-14 22:35:51,438 [pool-202-thread-1] INFO  server.RaftServerConfigKeys (ConfUtils.java:logGet(43)) - raft.server.log.segment.cache.num.max = 2 (custom)
2019-11-14 22:35:51,438 [pool-192-thread-1] INFO  server.RaftServerConfigKeys (ConfUtils.java:logGet(43)) - raft.server.log.write.buffer.size = 33554432 (custom)
2019-11-14 22:35:51,438 [pool-182-thread-1] INFO  segmented.SegmentedRaftLogWorker (SegmentedRaftLogWorker.java:<init>(173)) - new 71039d87-f713-4353-b155-a31bf00200f2@group-BA5CC5B18D18-SegmentedRaftLogWorker for RaftStorage:Storage Directory /workdir/hadoop-ozone/integration-test/target/test-dir/MiniOzoneClusterImpl-479ab7c1-aba1-4cab-b6ff-ec51363c42af/datanode-3/data/ratis/e51d611f-836f-4cca-a11d-ba5cc5b18d18
2019-11-14 22:35:51,438 [pool-192-thread-1] INFO  server.RaftServerConfigKeys (ConfUtils.java:logGet(43)) - raft.server.log.force.sync.num = 128 (default)
2019-11-14 22:35:51,438 [pool-202-thread-1] INFO  segmented.SegmentedRaftLogWorker (SegmentedRaftLogWorker.java:<init>(173)) - new 134e3363-1f82-43b5-a94b-e408c514013d@group-BA5CC5B18D18-SegmentedRaftLogWorker for RaftStorage:Storage Directory /workdir/hadoop-ozone/integration-test/target/test-dir/MiniOzoneClusterImpl-479ab7c1-aba1-4cab-b6ff-ec51363c42af/datanode-5/data/ratis/e51d611f-836f-4cca-a11d-ba5cc5b18d18
2019-11-14 22:35:51,439 [pool-192-thread-1] INFO  server.RaftServerConfigKeys (ConfUtils.java:logGet(43)) - raft.server.log.statemachine.data.sync = true (default)
2019-11-14 22:35:51,438 [pool-182-thread-1] INFO  server.RaftServerConfigKeys (ConfUtils.java:logGet(43)) - raft.server.log.queue.byte-limit = 2147483647 (custom)
2019-11-14 22:35:51,439 [pool-192-thread-1] INFO  server.RaftServerConfigKeys (ConfUtils.java:logGet(43)) - raft.server.log.statemachine.data.sync.timeout = 10s (default)
2019-11-14 22:35:51,439 [pool-202-thread-1] INFO  server.RaftServerConfigKeys (ConfUtils.java:logGet(43)) - raft.server.log.queue.byte-limit = 2147483647 (custom)
2019-11-14 22:35:51,439 [pool-192-thread-1] INFO  server.RaftServerConfigKeys (ConfUtils.java:logGet(43)) - raft.server.log.statemachine.data.sync.timeout.retry = -1 (default)
2019-11-14 22:35:51,439 [pool-182-thread-1] INFO  server.RaftServerConfigKeys (ConfUtils.java:logGet(43)) - raft.server.log.queue.element-limit = 1024 (custom)
2019-11-14 22:35:51,439 [pool-192-thread-1] INFO  server.RaftServerConfigKeys (ConfUtils.java:logGet(43)) - raft.server.log.statemachine.data.caching.enabled = true (custom)
2019-11-14 22:35:51,439 [pool-202-thread-1] INFO  server.RaftServerConfigKeys (ConfUtils.java:logGet(43)) - raft.server.log.queue.element-limit = 1024 (custom)
2019-11-14 22:35:51,439 [pool-182-thread-1] INFO  server.RaftServerConfigKeys (ConfUtils.java:logGet(43)) - raft.server.log.segment.size.max = 1048576 (custom)
2019-11-14 22:35:51,439 [pool-192-thread-1] INFO  segmented.SegmentedRaftLogWorker (SegmentedRaftLogWorker.java:lambda$new$0(128)) - 76b3b274-17aa-4635-9ecc-8bffa687e80e@group-BA5CC5B18D18-SegmentedRaftLogWorker: flushIndex: setUnconditionally 0 -> -1
2019-11-14 22:35:51,439 [pool-202-thread-1] INFO  server.RaftServerConfigKeys (ConfUtils.java:logGet(43)) - raft.server.log.segment.size.max = 1048576 (custom)
2019-11-14 22:35:51,439 [pool-182-thread-1] INFO  server.RaftServerConfigKeys (ConfUtils.java:logGet(43)) - raft.server.log.preallocated.size = 16384 (custom)
2019-11-14 22:35:51,440 [pool-202-thread-1] INFO  server.RaftServerConfigKeys (ConfUtils.java:logGet(43)) - raft.server.log.preallocated.size = 16384 (custom)
2019-11-14 22:35:51,440 [pool-192-thread-1] INFO  server.RaftServerConfigKeys (ConfUtils.java:logGet(43)) - raft.server.snapshot.auto.trigger.enabled = true (custom)
2019-11-14 22:35:51,440 [pool-202-thread-1] INFO  server.RaftServerConfigKeys (ConfUtils.java:logGet(43)) - raft.server.log.write.buffer.size = 33554432 (custom)
2019-11-14 22:35:51,440 [pool-182-thread-1] INFO  server.RaftServerConfigKeys (ConfUtils.java:logGet(43)) - raft.server.log.write.buffer.size = 33554432 (custom)
2019-11-14 22:35:51,440 [pool-202-thread-1] INFO  server.RaftServerConfigKeys (ConfUtils.java:logGet(43)) - raft.server.log.force.sync.num = 128 (default)
2019-11-14 22:35:51,440 [pool-192-thread-1] INFO  server.RaftServerConfigKeys (ConfUtils.java:logGet(43)) - raft.server.snapshot.auto.trigger.threshold = 10000 (custom)
2019-11-14 22:35:51,440 [pool-202-thread-1] INFO  server.RaftServerConfigKeys (ConfUtils.java:logGet(43)) - raft.server.log.statemachine.data.sync = true (default)
2019-11-14 22:35:51,440 [pool-182-thread-1] INFO  server.RaftServerConfigKeys (ConfUtils.java:logGet(43)) - raft.server.log.force.sync.num = 128 (default)
2019-11-14 22:35:51,441 [pool-202-thread-1] INFO  server.RaftServerConfigKeys (ConfUtils.java:logGet(43)) - raft.server.log.statemachine.data.sync.timeout = 10s (default)
2019-11-14 22:35:51,440 [pool-192-thread-1] INFO  server.RaftServerConfigKeys (ConfUtils.java:logGet(43)) - raft.server.snapshot.retention.file.num = 5 (custom)
2019-11-14 22:35:51,441 [pool-202-thread-1] INFO  server.RaftServerConfigKeys (ConfUtils.java:logGet(43)) - raft.server.log.statemachine.data.sync.timeout.retry = -1 (default)
2019-11-14 22:35:51,441 [pool-182-thread-1] INFO  server.RaftServerConfigKeys (ConfUtils.java:logGet(43)) - raft.server.log.statemachine.data.sync = true (default)
2019-11-14 22:35:51,441 [pool-202-thread-1] INFO  server.RaftServerConfigKeys (ConfUtils.java:logGet(43)) - raft.server.log.statemachine.data.caching.enabled = true (custom)
2019-11-14 22:35:51,441 [pool-192-thread-1] INFO  server.RaftServerConfigKeys (ConfUtils.java:logGet(43)) - raft.server.retrycache.expirytime = 600000ms (custom)
2019-11-14 22:35:51,441 [pool-182-thread-1] INFO  server.RaftServerConfigKeys (ConfUtils.java:logGet(43)) - raft.server.log.statemachine.data.sync.timeout = 10s (default)
2019-11-14 22:35:51,441 [pool-192-thread-1] WARN  impl.MetricRegistriesImpl (MetricRegistriesImpl.java:lambda$create$1(61)) - First MetricRegistry has been created without registering reporters. You may need to call MetricRegistries.global().addReportRegistration(...) before.
2019-11-14 22:35:51,441 [pool-202-thread-1] INFO  segmented.SegmentedRaftLogWorker (SegmentedRaftLogWorker.java:lambda$new$0(128)) - 134e3363-1f82-43b5-a94b-e408c514013d@group-BA5CC5B18D18-SegmentedRaftLogWorker: flushIndex: setUnconditionally 0 -> -1
2019-11-14 22:35:51,442 [pool-192-thread-1] WARN  impl.MetricRegistriesImpl (MetricRegistriesImpl.java:lambda$create$1(61)) - First MetricRegistry has been created without registering reporters. You may need to call MetricRegistries.global().addReportRegistration(...) before.
2019-11-14 22:35:51,442 [pool-182-thread-1] INFO  server.RaftServerConfigKeys (ConfUtils.java:logGet(43)) - raft.server.log.statemachine.data.sync.timeout.retry = -1 (default)
2019-11-14 22:35:51,442 [pool-192-thread-1] INFO  impl.RaftServerImpl (RaftServerImpl.java:start(184)) - 76b3b274-17aa-4635-9ecc-8bffa687e80e@group-BA5CC5B18D18: start as a follower, conf=-1: [76b3b274-17aa-4635-9ecc-8bffa687e80e:192.168.69.65:46135, 71039d87-f713-4353-b155-a31bf00200f2:192.168.69.65:44128, 134e3363-1f82-43b5-a94b-e408c514013d:192.168.69.65:38811], old=null
2019-11-14 22:35:51,442 [pool-192-thread-1] INFO  impl.RaftServerImpl (RaftServerImpl.java:setRole(173)) - 76b3b274-17aa-4635-9ecc-8bffa687e80e@group-BA5CC5B18D18: changes role from      null to FOLLOWER at term 0 for startAsFollower
2019-11-14 22:35:51,442 [pool-192-thread-1] INFO  impl.RoleInfo (RoleInfo.java:updateAndGet(143)) - 76b3b274-17aa-4635-9ecc-8bffa687e80e: start FollowerState
2019-11-14 22:35:51,442 [pool-202-thread-1] INFO  server.RaftServerConfigKeys (ConfUtils.java:logGet(43)) - raft.server.snapshot.auto.trigger.enabled = true (custom)
2019-11-14 22:35:51,442 [pool-182-thread-1] INFO  server.RaftServerConfigKeys (ConfUtils.java:logGet(43)) - raft.server.log.statemachine.data.caching.enabled = true (custom)
2019-11-14 22:35:51,448 [pool-192-thread-1] INFO  util.JmxRegister (JmxRegister.java:tryRegister(44)) - Successfully registered JMX Bean with object name Ratis:service=RaftServer,group=group-BA5CC5B18D18,id=76b3b274-17aa-4635-9ecc-8bffa687e80e
2019-11-14 22:35:51,443 [pool-202-thread-1] INFO  server.RaftServerConfigKeys (ConfUtils.java:logGet(43)) - raft.server.snapshot.auto.trigger.threshold = 10000 (custom)
2019-11-14 22:35:51,448 [pool-192-thread-1] WARN  impl.MetricRegistriesImpl (MetricRegistriesImpl.java:lambda$create$1(61)) - First MetricRegistry has been created without registering reporters. You may need to call MetricRegistries.global().addReportRegistration(...) before.
2019-11-14 22:35:51,448 [pool-202-thread-1] INFO  server.RaftServerConfigKeys (ConfUtils.java:logGet(43)) - raft.server.snapshot.retention.file.num = 5 (custom)
2019-11-14 22:35:51,449 [pool-202-thread-1] INFO  server.RaftServerConfigKeys (ConfUtils.java:logGet(43)) - raft.server.retrycache.expirytime = 600000ms (custom)
2019-11-14 22:35:51,449 [pool-182-thread-1] INFO  segmented.SegmentedRaftLogWorker (SegmentedRaftLogWorker.java:lambda$new$0(128)) - 71039d87-f713-4353-b155-a31bf00200f2@group-BA5CC5B18D18-SegmentedRaftLogWorker: flushIndex: setUnconditionally 0 -> -1
2019-11-14 22:35:51,453 [pool-202-thread-1] WARN  impl.MetricRegistriesImpl (MetricRegistriesImpl.java:lambda$create$1(61)) - First MetricRegistry has been created without registering reporters. You may need to call MetricRegistries.global().addReportRegistration(...) before.
2019-11-14 22:35:51,453 [pool-182-thread-1] INFO  server.RaftServerConfigKeys (ConfUtils.java:logGet(43)) - raft.server.snapshot.auto.trigger.enabled = true (custom)
2019-11-14 22:35:51,453 [pool-202-thread-1] WARN  impl.MetricRegistriesImpl (MetricRegistriesImpl.java:lambda$create$1(61)) - First MetricRegistry has been created without registering reporters. You may need to call MetricRegistries.global().addReportRegistration(...) before.
2019-11-14 22:35:51,453 [pool-182-thread-1] INFO  server.RaftServerConfigKeys (ConfUtils.java:logGet(43)) - raft.server.snapshot.auto.trigger.threshold = 10000 (custom)
2019-11-14 22:35:51,453 [pool-182-thread-1] INFO  server.RaftServerConfigKeys (ConfUtils.java:logGet(43)) - raft.server.snapshot.retention.file.num = 5 (custom)
2019-11-14 22:35:51,453 [pool-202-thread-1] INFO  impl.RaftServerImpl (RaftServerImpl.java:start(184)) - 134e3363-1f82-43b5-a94b-e408c514013d@group-BA5CC5B18D18: start as a follower, conf=-1: [76b3b274-17aa-4635-9ecc-8bffa687e80e:192.168.69.65:46135, 71039d87-f713-4353-b155-a31bf00200f2:192.168.69.65:44128, 134e3363-1f82-43b5-a94b-e408c514013d:192.168.69.65:38811], old=null
2019-11-14 22:35:51,453 [pool-182-thread-1] INFO  server.RaftServerConfigKeys (ConfUtils.java:logGet(43)) - raft.server.retrycache.expirytime = 600000ms (custom)
2019-11-14 22:35:51,453 [pool-202-thread-1] INFO  impl.RaftServerImpl (RaftServerImpl.java:setRole(173)) - 134e3363-1f82-43b5-a94b-e408c514013d@group-BA5CC5B18D18: changes role from      null to FOLLOWER at term 0 for startAsFollower
2019-11-14 22:35:51,454 [pool-182-thread-1] WARN  impl.MetricRegistriesImpl (MetricRegistriesImpl.java:lambda$create$1(61)) - First MetricRegistry has been created without registering reporters. You may need to call MetricRegistries.global().addReportRegistration(...) before.
2019-11-14 22:35:51,454 [pool-202-thread-1] INFO  impl.RoleInfo (RoleInfo.java:updateAndGet(143)) - 134e3363-1f82-43b5-a94b-e408c514013d: start FollowerState
2019-11-14 22:35:51,454 [pool-182-thread-1] WARN  impl.MetricRegistriesImpl (MetricRegistriesImpl.java:lambda$create$1(61)) - First MetricRegistry has been created without registering reporters. You may need to call MetricRegistries.global().addReportRegistration(...) before.
2019-11-14 22:35:51,454 [pool-182-thread-1] INFO  impl.RaftServerImpl (RaftServerImpl.java:start(184)) - 71039d87-f713-4353-b155-a31bf00200f2@group-BA5CC5B18D18: start as a follower, conf=-1: [76b3b274-17aa-4635-9ecc-8bffa687e80e:192.168.69.65:46135, 71039d87-f713-4353-b155-a31bf00200f2:192.168.69.65:44128, 134e3363-1f82-43b5-a94b-e408c514013d:192.168.69.65:38811], old=null
2019-11-14 22:35:51,454 [pool-182-thread-1] INFO  impl.RaftServerImpl (RaftServerImpl.java:setRole(173)) - 71039d87-f713-4353-b155-a31bf00200f2@group-BA5CC5B18D18: changes role from      null to FOLLOWER at term 0 for startAsFollower
2019-11-14 22:35:51,454 [pool-182-thread-1] INFO  impl.RoleInfo (RoleInfo.java:updateAndGet(143)) - 71039d87-f713-4353-b155-a31bf00200f2: start FollowerState
2019-11-14 22:35:51,454 [pool-202-thread-1] INFO  util.JmxRegister (JmxRegister.java:tryRegister(44)) - Successfully registered JMX Bean with object name Ratis:service=RaftServer,group=group-BA5CC5B18D18,id=134e3363-1f82-43b5-a94b-e408c514013d
2019-11-14 22:35:51,454 [pool-182-thread-1] INFO  util.JmxRegister (JmxRegister.java:tryRegister(44)) - Successfully registered JMX Bean with object name Ratis:service=RaftServer,group=group-BA5CC5B18D18,id=71039d87-f713-4353-b155-a31bf00200f2
2019-11-14 22:35:51,454 [pool-202-thread-1] WARN  impl.MetricRegistriesImpl (MetricRegistriesImpl.java:lambda$create$1(61)) - First MetricRegistry has been created without registering reporters. You may need to call MetricRegistries.global().addReportRegistration(...) before.
2019-11-14 22:35:51,454 [pool-182-thread-1] WARN  impl.MetricRegistriesImpl (MetricRegistriesImpl.java:lambda$create$1(61)) - First MetricRegistry has been created without registering reporters. You may need to call MetricRegistries.global().addReportRegistration(...) before.
2019-11-14 22:35:51,457 [RatisPipelineUtilsThread] INFO  pipeline.PipelineStateManager (PipelineStateManager.java:addPipeline(55)) - Created pipeline Pipeline[ Id: e51d611f-836f-4cca-a11d-ba5cc5b18d18, Nodes: 134e3363-1f82-43b5-a94b-e408c514013d{ip: 192.168.69.65, host: pr-mpuissue-pdzcc-455137112, networkLocation: /default-rack, certSerialId: null}76b3b274-17aa-4635-9ecc-8bffa687e80e{ip: 192.168.69.65, host: pr-mpuissue-pdzcc-455137112, networkLocation: /default-rack, certSerialId: null}71039d87-f713-4353-b155-a31bf00200f2{ip: 192.168.69.65, host: pr-mpuissue-pdzcc-455137112, networkLocation: /default-rack, certSerialId: null}, Type:RATIS, Factor:THREE, State:ALLOCATED]
2019-11-14 22:35:51,626 [Thread-1584] INFO  impl.FollowerState (FollowerState.java:run(111)) - eb8bacec-1550-4eff-8b38-5938654b28d6@group-D51DA1A96FD7-FollowerState: change to CANDIDATE, lastRpcTime:1056ms, electionTimeout:1056ms
2019-11-14 22:35:51,626 [Thread-1584] INFO  impl.RoleInfo (RoleInfo.java:shutdownFollowerState(121)) - eb8bacec-1550-4eff-8b38-5938654b28d6: shutdown FollowerState
2019-11-14 22:35:51,626 [Thread-1584] INFO  impl.RaftServerImpl (RaftServerImpl.java:setRole(173)) - eb8bacec-1550-4eff-8b38-5938654b28d6@group-D51DA1A96FD7: changes role from  FOLLOWER to CANDIDATE at term 0 for changeToCandidate
2019-11-14 22:35:51,627 [Thread-1584] INFO  impl.RoleInfo (RoleInfo.java:updateAndGet(143)) - eb8bacec-1550-4eff-8b38-5938654b28d6: start LeaderElection
2019-11-14 22:35:51,654 [eb8bacec-1550-4eff-8b38-5938654b28d6@group-D51DA1A96FD7-LeaderElection53] INFO  impl.LeaderElection (LeaderElection.java:askForVotes(178)) - eb8bacec-1550-4eff-8b38-5938654b28d6@group-D51DA1A96FD7-LeaderElection53: begin an election at term 1 for -1: [eb8bacec-1550-4eff-8b38-5938654b28d6:192.168.69.65:45501], old=null
2019-11-14 22:35:51,655 [eb8bacec-1550-4eff-8b38-5938654b28d6@group-D51DA1A96FD7-LeaderElection53] INFO  impl.RoleInfo (RoleInfo.java:shutdownLeaderElection(134)) - eb8bacec-1550-4eff-8b38-5938654b28d6: shutdown LeaderElection
2019-11-14 22:35:51,655 [eb8bacec-1550-4eff-8b38-5938654b28d6@group-D51DA1A96FD7-LeaderElection53] INFO  impl.RaftServerImpl (RaftServerImpl.java:setRole(173)) - eb8bacec-1550-4eff-8b38-5938654b28d6@group-D51DA1A96FD7: changes role from CANDIDATE to LEADER at term 1 for changeToLeader
2019-11-14 22:35:51,655 [eb8bacec-1550-4eff-8b38-5938654b28d6@group-D51DA1A96FD7-LeaderElection53] INFO  ratis.XceiverServerRatis (XceiverServerRatis.java:handleLeaderChangedNotification(697)) - Leader change notification received for group: group-D51DA1A96FD7 with new leaderId: eb8bacec-1550-4eff-8b38-5938654b28d6
2019-11-14 22:35:51,655 [eb8bacec-1550-4eff-8b38-5938654b28d6@group-D51DA1A96FD7-LeaderElection53] INFO  impl.RaftServerImpl (ServerState.java:setLeader(255)) - eb8bacec-1550-4eff-8b38-5938654b28d6@group-D51DA1A96FD7: change Leader from null to eb8bacec-1550-4eff-8b38-5938654b28d6 at term 1 for becomeLeader, leader elected after 1088ms
2019-11-14 22:35:51,655 [eb8bacec-1550-4eff-8b38-5938654b28d6@group-D51DA1A96FD7-LeaderElection53] INFO  server.RaftServerConfigKeys (ConfUtils.java:logGet(43)) - raft.server.staging.catchup.gap = 1000 (default)
2019-11-14 22:35:51,655 [eb8bacec-1550-4eff-8b38-5938654b28d6@group-D51DA1A96FD7-LeaderElection53] INFO  server.RaftServerConfigKeys (ConfUtils.java:logGet(43)) - raft.server.rpc.sleep.time = 25ms (default)
2019-11-14 22:35:51,656 [eb8bacec-1550-4eff-8b38-5938654b28d6@group-D51DA1A96FD7-LeaderElection53] INFO  server.RaftServerConfigKeys (ConfUtils.java:logGet(43)) - raft.server.write.element-limit = 4096 (default)
2019-11-14 22:35:51,656 [eb8bacec-1550-4eff-8b38-5938654b28d6@group-D51DA1A96FD7-LeaderElection53] INFO  server.RaftServerConfigKeys (ConfUtils.java:logGet(43)) - raft.server.watch.timeout = 10s (default)
2019-11-14 22:35:51,656 [eb8bacec-1550-4eff-8b38-5938654b28d6@group-D51DA1A96FD7-LeaderElection53] INFO  server.RaftServerConfigKeys (ConfUtils.java:logGet(43)) - raft.server.watch.timeout.denomination = 1s (default)
2019-11-14 22:35:51,656 [eb8bacec-1550-4eff-8b38-5938654b28d6@group-D51DA1A96FD7-LeaderElection53] INFO  server.RaftServerConfigKeys (ConfUtils.java:logGet(43)) - raft.server.watch.element-limit = 65536 (default)
2019-11-14 22:35:51,656 [eb8bacec-1550-4eff-8b38-5938654b28d6@group-D51DA1A96FD7-LeaderElection53] INFO  impl.RoleInfo (RoleInfo.java:updateAndGet(143)) - eb8bacec-1550-4eff-8b38-5938654b28d6: start LeaderState
2019-11-14 22:35:51,656 [EventQueue-PipelineReportForPipelineReportHandler] INFO  pipeline.PipelineStateManager (PipelineStateManager.java:openPipeline(134)) - Pipeline Pipeline[ Id: abd2846c-6cd4-43b4-ac8f-d51da1a96fd7, Nodes: eb8bacec-1550-4eff-8b38-5938654b28d6{ip: 192.168.69.65, host: pr-mpuissue-pdzcc-455137112, networkLocation: /default-rack, certSerialId: null}, Type:RATIS, Factor:ONE, State:OPEN] moved to OPEN state
2019-11-14 22:35:51,656 [eb8bacec-1550-4eff-8b38-5938654b28d6@group-D51DA1A96FD7-LeaderElection53] INFO  segmented.SegmentedRaftLogWorker (SegmentedRaftLogWorker.java:startLogSegment(385)) - eb8bacec-1550-4eff-8b38-5938654b28d6@group-D51DA1A96FD7-SegmentedRaftLogWorker: Starting segment from index:0
2019-11-14 22:35:51,657 [eb8bacec-1550-4eff-8b38-5938654b28d6@group-D51DA1A96FD7-LeaderElection53] INFO  impl.RaftServerImpl (ServerState.java:setRaftConf(356)) - eb8bacec-1550-4eff-8b38-5938654b28d6@group-D51DA1A96FD7: set configuration 0: [eb8bacec-1550-4eff-8b38-5938654b28d6:192.168.69.65:45501], old=null at 0
2019-11-14 22:35:51,683 [Thread-1591] INFO  impl.FollowerState (FollowerState.java:run(111)) - 76b3b274-17aa-4635-9ecc-8bffa687e80e@group-C131F2662F09-FollowerState: change to CANDIDATE, lastRpcTime:1028ms, electionTimeout:1017ms
2019-11-14 22:35:51,683 [Thread-1591] INFO  impl.RoleInfo (RoleInfo.java:shutdownFollowerState(121)) - 76b3b274-17aa-4635-9ecc-8bffa687e80e: shutdown FollowerState
2019-11-14 22:35:51,683 [Thread-1591] INFO  impl.RaftServerImpl (RaftServerImpl.java:setRole(173)) - 76b3b274-17aa-4635-9ecc-8bffa687e80e@group-C131F2662F09: changes role from  FOLLOWER to CANDIDATE at term 0 for changeToCandidate
2019-11-14 22:35:51,683 [Thread-1591] INFO  impl.RoleInfo (RoleInfo.java:updateAndGet(143)) - 76b3b274-17aa-4635-9ecc-8bffa687e80e: start LeaderElection
2019-11-14 22:35:51,708 [eb8bacec-1550-4eff-8b38-5938654b28d6@group-D51DA1A96FD7-SegmentedRaftLogWorker] INFO  segmented.SegmentedRaftLogWorker (SegmentedRaftLogWorker.java:execute(576)) - eb8bacec-1550-4eff-8b38-5938654b28d6@group-D51DA1A96FD7-SegmentedRaftLogWorker: created new log segment /workdir/hadoop-ozone/integration-test/target/test-dir/MiniOzoneClusterImpl-479ab7c1-aba1-4cab-b6ff-ec51363c42af/datanode-2/data/ratis/abd2846c-6cd4-43b4-ac8f-d51da1a96fd7/current/log_inprogress_0
2019-11-14 22:35:51,708 [76b3b274-17aa-4635-9ecc-8bffa687e80e@group-C131F2662F09-LeaderElection54] INFO  impl.LeaderElection (LeaderElection.java:askForVotes(178)) - 76b3b274-17aa-4635-9ecc-8bffa687e80e@group-C131F2662F09-LeaderElection54: begin an election at term 1 for -1: [76b3b274-17aa-4635-9ecc-8bffa687e80e:192.168.69.65:46135], old=null
2019-11-14 22:35:51,708 [76b3b274-17aa-4635-9ecc-8bffa687e80e@group-C131F2662F09-LeaderElection54] INFO  impl.RoleInfo (RoleInfo.java:shutdownLeaderElection(134)) - 76b3b274-17aa-4635-9ecc-8bffa687e80e: shutdown LeaderElection
2019-11-14 22:35:51,708 [76b3b274-17aa-4635-9ecc-8bffa687e80e@group-C131F2662F09-LeaderElection54] INFO  impl.RaftServerImpl (RaftServerImpl.java:setRole(173)) - 76b3b274-17aa-4635-9ecc-8bffa687e80e@group-C131F2662F09: changes role from CANDIDATE to LEADER at term 1 for changeToLeader
2019-11-14 22:35:51,708 [76b3b274-17aa-4635-9ecc-8bffa687e80e@group-C131F2662F09-LeaderElection54] INFO  ratis.XceiverServerRatis (XceiverServerRatis.java:handleLeaderChangedNotification(697)) - Leader change notification received for group: group-C131F2662F09 with new leaderId: 76b3b274-17aa-4635-9ecc-8bffa687e80e
2019-11-14 22:35:51,708 [76b3b274-17aa-4635-9ecc-8bffa687e80e@group-C131F2662F09-LeaderElection54] INFO  impl.RaftServerImpl (ServerState.java:setLeader(255)) - 76b3b274-17aa-4635-9ecc-8bffa687e80e@group-C131F2662F09: change Leader from null to 76b3b274-17aa-4635-9ecc-8bffa687e80e at term 1 for becomeLeader, leader elected after 1056ms
2019-11-14 22:35:51,708 [76b3b274-17aa-4635-9ecc-8bffa687e80e@group-C131F2662F09-LeaderElection54] INFO  server.RaftServerConfigKeys (ConfUtils.java:logGet(43)) - raft.server.staging.catchup.gap = 1000 (default)
2019-11-14 22:35:51,708 [76b3b274-17aa-4635-9ecc-8bffa687e80e@group-C131F2662F09-LeaderElection54] INFO  server.RaftServerConfigKeys (ConfUtils.java:logGet(43)) - raft.server.rpc.sleep.time = 25ms (default)
2019-11-14 22:35:51,709 [76b3b274-17aa-4635-9ecc-8bffa687e80e@group-C131F2662F09-LeaderElection54] INFO  server.RaftServerConfigKeys (ConfUtils.java:logGet(43)) - raft.server.write.element-limit = 4096 (default)
2019-11-14 22:35:51,709 [76b3b274-17aa-4635-9ecc-8bffa687e80e@group-C131F2662F09-LeaderElection54] INFO  server.RaftServerConfigKeys (ConfUtils.java:logGet(43)) - raft.server.watch.timeout = 10s (default)
2019-11-14 22:35:51,709 [76b3b274-17aa-4635-9ecc-8bffa687e80e@group-C131F2662F09-LeaderElection54] INFO  server.RaftServerConfigKeys (ConfUtils.java:logGet(43)) - raft.server.watch.timeout.denomination = 1s (default)
2019-11-14 22:35:51,709 [76b3b274-17aa-4635-9ecc-8bffa687e80e@group-C131F2662F09-LeaderElection54] INFO  server.RaftServerConfigKeys (ConfUtils.java:logGet(43)) - raft.server.watch.element-limit = 65536 (default)
2019-11-14 22:35:51,709 [76b3b274-17aa-4635-9ecc-8bffa687e80e@group-C131F2662F09-LeaderElection54] INFO  impl.RoleInfo (RoleInfo.java:updateAndGet(143)) - 76b3b274-17aa-4635-9ecc-8bffa687e80e: start LeaderState
2019-11-14 22:35:51,709 [76b3b274-17aa-4635-9ecc-8bffa687e80e@group-C131F2662F09-LeaderElection54] INFO  segmented.SegmentedRaftLogWorker (SegmentedRaftLogWorker.java:startLogSegment(385)) - 76b3b274-17aa-4635-9ecc-8bffa687e80e@group-C131F2662F09-SegmentedRaftLogWorker: Starting segment from index:0
2019-11-14 22:35:51,710 [EventQueue-PipelineReportForPipelineReportHandler] INFO  pipeline.PipelineStateManager (PipelineStateManager.java:openPipeline(134)) - Pipeline Pipeline[ Id: fbfd6d29-017a-44f2-8b24-c131f2662f09, Nodes: 76b3b274-17aa-4635-9ecc-8bffa687e80e{ip: 192.168.69.65, host: pr-mpuissue-pdzcc-455137112, networkLocation: /default-rack, certSerialId: null}, Type:RATIS, Factor:ONE, State:OPEN] moved to OPEN state
2019-11-14 22:35:51,710 [76b3b274-17aa-4635-9ecc-8bffa687e80e@group-C131F2662F09-LeaderElection54] INFO  impl.RaftServerImpl (ServerState.java:setRaftConf(356)) - 76b3b274-17aa-4635-9ecc-8bffa687e80e@group-C131F2662F09: set configuration 0: [76b3b274-17aa-4635-9ecc-8bffa687e80e:192.168.69.65:46135], old=null at 0
2019-11-14 22:35:51,766 [76b3b274-17aa-4635-9ecc-8bffa687e80e@group-C131F2662F09-SegmentedRaftLogWorker] INFO  segmented.SegmentedRaftLogWorker (SegmentedRaftLogWorker.java:execute(576)) - 76b3b274-17aa-4635-9ecc-8bffa687e80e@group-C131F2662F09-SegmentedRaftLogWorker: created new log segment /workdir/hadoop-ozone/integration-test/target/test-dir/MiniOzoneClusterImpl-479ab7c1-aba1-4cab-b6ff-ec51363c42af/datanode-4/data/ratis/fbfd6d29-017a-44f2-8b24-c131f2662f09/current/log_inprogress_0
2019-11-14 22:35:52,027 [main] WARN  scm.XceiverClientRatis (XceiverClientRatis.java:watchForCommit(277)) - 3 way commit failed on pipeline Pipeline[ Id: 5faf9fdd-6bc8-466a-a581-3c50acf7e7ae, Nodes: 2427739b-b0e6-43d8-8c20-3c7e368f4410{ip: 192.168.69.65, host: pr-mpuissue-pdzcc-455137112, networkLocation: /default-rack, certSerialId: null}eb8bacec-1550-4eff-8b38-5938654b28d6{ip: 192.168.69.65, host: pr-mpuissue-pdzcc-455137112, networkLocation: /default-rack, certSerialId: null}b7b0f9e6-a213-4288-a637-63e9f4ecb8f2{ip: 192.168.69.65, host: pr-mpuissue-pdzcc-455137112, networkLocation: /default-rack, certSerialId: null}, Type:RATIS, Factor:THREE, State:OPEN]
java.util.concurrent.ExecutionException: org.apache.ratis.protocol.GroupMismatchException: eb8bacec-1550-4eff-8b38-5938654b28d6: group-3C50ACF7E7AE not found.
	at java.util.concurrent.CompletableFuture.reportGet(CompletableFuture.java:357)
	at java.util.concurrent.CompletableFuture.get(CompletableFuture.java:1915)
	at org.apache.hadoop.hdds.scm.XceiverClientRatis.watchForCommit(XceiverClientRatis.java:274)
	at org.apache.hadoop.hdds.scm.storage.CommitWatcher.watchForCommit(CommitWatcher.java:198)
	at org.apache.hadoop.hdds.scm.storage.CommitWatcher.watchOnFirstIndex(CommitWatcher.java:137)
	at org.apache.hadoop.hdds.scm.storage.BlockOutputStream.watchForCommit(BlockOutputStream.java:346)
	at org.apache.hadoop.hdds.scm.storage.BlockOutputStream.handleFullBuffer(BlockOutputStream.java:323)
	at org.apache.hadoop.hdds.scm.storage.BlockOutputStream.write(BlockOutputStream.java:250)
	at org.apache.hadoop.ozone.client.io.BlockOutputStreamEntry.write(BlockOutputStreamEntry.java:129)
	at org.apache.hadoop.ozone.client.io.KeyOutputStream.handleWrite(KeyOutputStream.java:208)
	at org.apache.hadoop.ozone.client.io.KeyOutputStream.write(KeyOutputStream.java:190)
	at org.apache.hadoop.ozone.client.io.OzoneOutputStream.write(OzoneOutputStream.java:49)
	at java.io.OutputStream.write(OutputStream.java:75)
	at org.apache.hadoop.ozone.client.rpc.TestMultiBlockWritesWithDnFailures.testMultiBlockWritesWithDnFailures(TestMultiBlockWritesWithDnFailures.java:123)
	at sun.reflect.NativeMethodAccessorImpl.invoke0(Native Method)
	at sun.reflect.NativeMethodAccessorImpl.invoke(NativeMethodAccessorImpl.java:62)
	at sun.reflect.DelegatingMethodAccessorImpl.invoke(DelegatingMethodAccessorImpl.java:43)
	at java.lang.reflect.Method.invoke(Method.java:498)
	at org.junit.runners.model.FrameworkMethod$1.runReflectiveCall(FrameworkMethod.java:47)
	at org.junit.internal.runners.model.ReflectiveCallable.run(ReflectiveCallable.java:12)
	at org.junit.runners.model.FrameworkMethod.invokeExplosively(FrameworkMethod.java:44)
	at org.junit.internal.runners.statements.InvokeMethod.evaluate(InvokeMethod.java:17)
	at org.junit.internal.runners.statements.RunAfters.evaluate(RunAfters.java:27)
	at org.junit.runners.ParentRunner.runLeaf(ParentRunner.java:271)
	at org.junit.runners.BlockJUnit4ClassRunner.runChild(BlockJUnit4ClassRunner.java:70)
	at org.junit.runners.BlockJUnit4ClassRunner.runChild(BlockJUnit4ClassRunner.java:50)
	at org.junit.runners.ParentRunner$3.run(ParentRunner.java:238)
	at org.junit.runners.ParentRunner$1.schedule(ParentRunner.java:63)
	at org.junit.runners.ParentRunner.runChildren(ParentRunner.java:236)
	at org.junit.runners.ParentRunner.access$000(ParentRunner.java:53)
	at org.junit.runners.ParentRunner$2.evaluate(ParentRunner.java:229)
	at org.junit.runners.ParentRunner.run(ParentRunner.java:309)
	at org.apache.maven.surefire.junit4.JUnit4Provider.execute(JUnit4Provider.java:365)
	at org.apache.maven.surefire.junit4.JUnit4Provider.executeWithRerun(JUnit4Provider.java:273)
	at org.apache.maven.surefire.junit4.JUnit4Provider.executeTestSet(JUnit4Provider.java:238)
	at org.apache.maven.surefire.junit4.JUnit4Provider.invoke(JUnit4Provider.java:159)
	at org.apache.maven.surefire.booter.ForkedBooter.invokeProviderInSameClassLoader(ForkedBooter.java:384)
	at org.apache.maven.surefire.booter.ForkedBooter.runSuitesInProcess(ForkedBooter.java:345)
	at org.apache.maven.surefire.booter.ForkedBooter.execute(ForkedBooter.java:126)
	at org.apache.maven.surefire.booter.ForkedBooter.main(ForkedBooter.java:418)
Caused by: org.apache.ratis.protocol.GroupMismatchException: eb8bacec-1550-4eff-8b38-5938654b28d6: group-3C50ACF7E7AE not found.
	at org.apache.ratis.server.impl.RaftServerProxy$ImplMap.get(RaftServerProxy.java:122)
	at org.apache.ratis.server.impl.RaftServerProxy.getImplFuture(RaftServerProxy.java:269)
	at org.apache.ratis.server.impl.RaftServerProxy.submitRequest(RaftServerProxy.java:327)
	at org.apache.ratis.server.impl.RaftServerProxy.submitClientRequestAsync(RaftServerProxy.java:333)
	at org.apache.ratis.grpc.client.GrpcClientProtocolService$RequestStreamObserver.processClientRequest(GrpcClientProtocolService.java:221)
	at org.apache.ratis.grpc.client.GrpcClientProtocolService$UnorderedRequestStreamObserver.processClientRequest(GrpcClientProtocolService.java:277)
	at org.apache.ratis.grpc.client.GrpcClientProtocolService$RequestStreamObserver.onNext(GrpcClientProtocolService.java:241)
	at org.apache.ratis.grpc.client.GrpcClientProtocolService$RequestStreamObserver.onNext(GrpcClientProtocolService.java:168)
	at org.apache.ratis.thirdparty.io.grpc.stub.ServerCalls$StreamingServerCallHandler$StreamingServerCallListener.onMessage(ServerCalls.java:248)
	at org.apache.ratis.thirdparty.io.grpc.internal.ServerCallImpl$ServerStreamListenerImpl.messagesAvailable(ServerCallImpl.java:263)
	at org.apache.ratis.thirdparty.io.grpc.internal.ServerImpl$JumpToApplicationThreadServerStreamListener$1MessagesAvailable.runInContext(ServerImpl.java:686)
	at org.apache.ratis.thirdparty.io.grpc.internal.ContextRunnable.run(ContextRunnable.java:37)
	at org.apache.ratis.thirdparty.io.grpc.internal.SerializingExecutor.run(SerializingExecutor.java:123)
	at java.util.concurrent.ThreadPoolExecutor.runWorker(ThreadPoolExecutor.java:1149)
	at java.util.concurrent.ThreadPoolExecutor$Worker.run(ThreadPoolExecutor.java:624)
	at java.lang.Thread.run(Thread.java:748)
2019-11-14 22:35:52,028 [main] WARN  storage.CommitWatcher (CommitWatcher.java:watchForCommit(207)) - watchForCommit failed for index 8
java.util.concurrent.ExecutionException: org.apache.ratis.protocol.GroupMismatchException: eb8bacec-1550-4eff-8b38-5938654b28d6: group-3C50ACF7E7AE not found.
	at java.util.concurrent.CompletableFuture.reportGet(CompletableFuture.java:357)
	at java.util.concurrent.CompletableFuture.get(CompletableFuture.java:1915)
	at org.apache.hadoop.hdds.scm.XceiverClientRatis.watchForCommit(XceiverClientRatis.java:274)
	at org.apache.hadoop.hdds.scm.storage.CommitWatcher.watchForCommit(CommitWatcher.java:198)
	at org.apache.hadoop.hdds.scm.storage.CommitWatcher.watchOnFirstIndex(CommitWatcher.java:137)
	at org.apache.hadoop.hdds.scm.storage.BlockOutputStream.watchForCommit(BlockOutputStream.java:346)
	at org.apache.hadoop.hdds.scm.storage.BlockOutputStream.handleFullBuffer(BlockOutputStream.java:323)
	at org.apache.hadoop.hdds.scm.storage.BlockOutputStream.write(BlockOutputStream.java:250)
	at org.apache.hadoop.ozone.client.io.BlockOutputStreamEntry.write(BlockOutputStreamEntry.java:129)
	at org.apache.hadoop.ozone.client.io.KeyOutputStream.handleWrite(KeyOutputStream.java:208)
	at org.apache.hadoop.ozone.client.io.KeyOutputStream.write(KeyOutputStream.java:190)
	at org.apache.hadoop.ozone.client.io.OzoneOutputStream.write(OzoneOutputStream.java:49)
	at java.io.OutputStream.write(OutputStream.java:75)
	at org.apache.hadoop.ozone.client.rpc.TestMultiBlockWritesWithDnFailures.testMultiBlockWritesWithDnFailures(TestMultiBlockWritesWithDnFailures.java:123)
	at sun.reflect.NativeMethodAccessorImpl.invoke0(Native Method)
	at sun.reflect.NativeMethodAccessorImpl.invoke(NativeMethodAccessorImpl.java:62)
	at sun.reflect.DelegatingMethodAccessorImpl.invoke(DelegatingMethodAccessorImpl.java:43)
	at java.lang.reflect.Method.invoke(Method.java:498)
	at org.junit.runners.model.FrameworkMethod$1.runReflectiveCall(FrameworkMethod.java:47)
	at org.junit.internal.runners.model.ReflectiveCallable.run(ReflectiveCallable.java:12)
	at org.junit.runners.model.FrameworkMethod.invokeExplosively(FrameworkMethod.java:44)
	at org.junit.internal.runners.statements.InvokeMethod.evaluate(InvokeMethod.java:17)
	at org.junit.internal.runners.statements.RunAfters.evaluate(RunAfters.java:27)
	at org.junit.runners.ParentRunner.runLeaf(ParentRunner.java:271)
	at org.junit.runners.BlockJUnit4ClassRunner.runChild(BlockJUnit4ClassRunner.java:70)
	at org.junit.runners.BlockJUnit4ClassRunner.runChild(BlockJUnit4ClassRunner.java:50)
	at org.junit.runners.ParentRunner$3.run(ParentRunner.java:238)
	at org.junit.runners.ParentRunner$1.schedule(ParentRunner.java:63)
	at org.junit.runners.ParentRunner.runChildren(ParentRunner.java:236)
	at org.junit.runners.ParentRunner.access$000(ParentRunner.java:53)
	at org.junit.runners.ParentRunner$2.evaluate(ParentRunner.java:229)
	at org.junit.runners.ParentRunner.run(ParentRunner.java:309)
	at org.apache.maven.surefire.junit4.JUnit4Provider.execute(JUnit4Provider.java:365)
	at org.apache.maven.surefire.junit4.JUnit4Provider.executeWithRerun(JUnit4Provider.java:273)
	at org.apache.maven.surefire.junit4.JUnit4Provider.executeTestSet(JUnit4Provider.java:238)
	at org.apache.maven.surefire.junit4.JUnit4Provider.invoke(JUnit4Provider.java:159)
	at org.apache.maven.surefire.booter.ForkedBooter.invokeProviderInSameClassLoader(ForkedBooter.java:384)
	at org.apache.maven.surefire.booter.ForkedBooter.runSuitesInProcess(ForkedBooter.java:345)
	at org.apache.maven.surefire.booter.ForkedBooter.execute(ForkedBooter.java:126)
	at org.apache.maven.surefire.booter.ForkedBooter.main(ForkedBooter.java:418)
Caused by: org.apache.ratis.protocol.GroupMismatchException: eb8bacec-1550-4eff-8b38-5938654b28d6: group-3C50ACF7E7AE not found.
	at org.apache.ratis.server.impl.RaftServerProxy$ImplMap.get(RaftServerProxy.java:122)
	at org.apache.ratis.server.impl.RaftServerProxy.getImplFuture(RaftServerProxy.java:269)
	at org.apache.ratis.server.impl.RaftServerProxy.submitRequest(RaftServerProxy.java:327)
	at org.apache.ratis.server.impl.RaftServerProxy.submitClientRequestAsync(RaftServerProxy.java:333)
	at org.apache.ratis.grpc.client.GrpcClientProtocolService$RequestStreamObserver.processClientRequest(GrpcClientProtocolService.java:221)
	at org.apache.ratis.grpc.client.GrpcClientProtocolService$UnorderedRequestStreamObserver.processClientRequest(GrpcClientProtocolService.java:277)
	at org.apache.ratis.grpc.client.GrpcClientProtocolService$RequestStreamObserver.onNext(GrpcClientProtocolService.java:241)
	at org.apache.ratis.grpc.client.GrpcClientProtocolService$RequestStreamObserver.onNext(GrpcClientProtocolService.java:168)
	at org.apache.ratis.thirdparty.io.grpc.stub.ServerCalls$StreamingServerCallHandler$StreamingServerCallListener.onMessage(ServerCalls.java:248)
	at org.apache.ratis.thirdparty.io.grpc.internal.ServerCallImpl$ServerStreamListenerImpl.messagesAvailable(ServerCallImpl.java:263)
	at org.apache.ratis.thirdparty.io.grpc.internal.ServerImpl$JumpToApplicationThreadServerStreamListener$1MessagesAvailable.runInContext(ServerImpl.java:686)
	at org.apache.ratis.thirdparty.io.grpc.internal.ContextRunnable.run(ContextRunnable.java:37)
	at org.apache.ratis.thirdparty.io.grpc.internal.SerializingExecutor.run(SerializingExecutor.java:123)
	at java.util.concurrent.ThreadPoolExecutor.runWorker(ThreadPoolExecutor.java:1149)
	at java.util.concurrent.ThreadPoolExecutor$Worker.run(ThreadPoolExecutor.java:624)
	at java.lang.Thread.run(Thread.java:748)
2019-11-14 22:35:52,030 [main] WARN  io.KeyOutputStream (KeyOutputStream.java:handleException(274)) - Encountered exception java.io.IOException: Unexpected Storage Container Exception: java.io.IOException: Unexpected Storage Container Exception: java.util.concurrent.ExecutionException: org.apache.ratis.protocol.GroupMismatchException: eb8bacec-1550-4eff-8b38-5938654b28d6: group-3C50ACF7E7AE not found. on the pipeline Pipeline[ Id: 5faf9fdd-6bc8-466a-a581-3c50acf7e7ae, Nodes: 2427739b-b0e6-43d8-8c20-3c7e368f4410{ip: 192.168.69.65, host: pr-mpuissue-pdzcc-455137112, networkLocation: /default-rack, certSerialId: null}eb8bacec-1550-4eff-8b38-5938654b28d6{ip: 192.168.69.65, host: pr-mpuissue-pdzcc-455137112, networkLocation: /default-rack, certSerialId: null}b7b0f9e6-a213-4288-a637-63e9f4ecb8f2{ip: 192.168.69.65, host: pr-mpuissue-pdzcc-455137112, networkLocation: /default-rack, certSerialId: null}, Type:RATIS, Factor:THREE, State:OPEN]. The last committed block length is 2097152, uncommitted data length is 2097152 retry count 0
2019-11-14 22:35:52,031 [main] INFO  io.BlockOutputStreamEntryPool (BlockOutputStreamEntryPool.java:allocateNewBlock(257)) - Allocating block with ExcludeList {datanodes = [], containerIds = [], pipelineIds = [PipelineID=5faf9fdd-6bc8-466a-a581-3c50acf7e7ae]}
2019-11-14 22:35:52,036 [IPC Server handler 8 on 41663] WARN  block.BlockManagerImpl (BlockManagerImpl.java:allocateBlock(200)) - Pipeline creation failed for type:RATIS factor:THREE. Retrying get pipelines call once.
org.apache.hadoop.hdds.scm.pipeline.InsufficientDatanodesException: Cannot create pipeline of factor 3 using 0 nodes.
	at org.apache.hadoop.hdds.scm.pipeline.RatisPipelineProvider.create(RatisPipelineProvider.java:153)
	at org.apache.hadoop.hdds.scm.pipeline.PipelineFactory.create(PipelineFactory.java:58)
	at org.apache.hadoop.hdds.scm.pipeline.SCMPipelineManager.createPipeline(SCMPipelineManager.java:155)
	at org.apache.hadoop.hdds.scm.block.BlockManagerImpl.allocateBlock(BlockManagerImpl.java:198)
	at org.apache.hadoop.hdds.scm.server.SCMBlockProtocolServer.allocateBlock(SCMBlockProtocolServer.java:187)
	at org.apache.hadoop.hdds.scm.protocol.ScmBlockLocationProtocolServerSideTranslatorPB.allocateScmBlock(ScmBlockLocationProtocolServerSideTranslatorPB.java:159)
	at org.apache.hadoop.hdds.scm.protocol.ScmBlockLocationProtocolServerSideTranslatorPB.processMessage(ScmBlockLocationProtocolServerSideTranslatorPB.java:117)
	at org.apache.hadoop.hdds.server.OzoneProtocolMessageDispatcher.processRequest(OzoneProtocolMessageDispatcher.java:72)
	at org.apache.hadoop.hdds.scm.protocol.ScmBlockLocationProtocolServerSideTranslatorPB.send(ScmBlockLocationProtocolServerSideTranslatorPB.java:98)
	at org.apache.hadoop.hdds.protocol.proto.ScmBlockLocationProtocolProtos$ScmBlockLocationProtocolService$2.callBlockingMethod(ScmBlockLocationProtocolProtos.java:13157)
	at org.apache.hadoop.ipc.ProtobufRpcEngine$Server$ProtoBufRpcInvoker.call(ProtobufRpcEngine.java:524)
	at org.apache.hadoop.ipc.RPC$Server.call(RPC.java:1025)
	at org.apache.hadoop.ipc.Server$RpcCall.run(Server.java:876)
	at org.apache.hadoop.ipc.Server$RpcCall.run(Server.java:822)
	at java.security.AccessController.doPrivileged(Native Method)
	at javax.security.auth.Subject.doAs(Subject.java:422)
	at org.apache.hadoop.security.UserGroupInformation.doAs(UserGroupInformation.java:1730)
	at org.apache.hadoop.ipc.Server$Handler.run(Server.java:2682)
2019-11-14 22:35:52,036 [IPC Server handler 8 on 41663] INFO  block.BlockManagerImpl (BlockManagerImpl.java:allocateBlock(212)) - Could not find available pipeline of type:RATIS and factor:THREE even after retrying
2019-11-14 22:35:52,037 [IPC Server handler 8 on 41663] ERROR block.BlockManagerImpl (BlockManagerImpl.java:allocateBlock(236)) - Unable to allocate a block for the size: 4194304, type: RATIS, factor: THREE
2019-11-14 22:35:52,039 [main] ERROR io.BlockOutputStreamEntryPool (BlockOutputStreamEntryPool.java:allocateBlockIfNeeded(310)) - Try to allocate more blocks for write failed, already allocated 0 blocks for this write.
INTERNAL_ERROR org.apache.hadoop.ozone.om.exceptions.OMException: Allocated 0 blocks. Requested 1 blocks
	at org.apache.hadoop.ozone.om.protocolPB.OzoneManagerProtocolClientSideTranslatorPB.handleError(OzoneManagerProtocolClientSideTranslatorPB.java:761)
	at org.apache.hadoop.ozone.om.protocolPB.OzoneManagerProtocolClientSideTranslatorPB.allocateBlock(OzoneManagerProtocolClientSideTranslatorPB.java:793)
	at sun.reflect.NativeMethodAccessorImpl.invoke0(Native Method)
	at sun.reflect.NativeMethodAccessorImpl.invoke(NativeMethodAccessorImpl.java:62)
	at sun.reflect.DelegatingMethodAccessorImpl.invoke(DelegatingMethodAccessorImpl.java:43)
	at java.lang.reflect.Method.invoke(Method.java:498)
	at org.apache.hadoop.hdds.tracing.TraceAllMethod.invoke(TraceAllMethod.java:66)
	at com.sun.proxy.$Proxy36.allocateBlock(Unknown Source)
	at org.apache.hadoop.ozone.client.io.BlockOutputStreamEntryPool.allocateNewBlock(BlockOutputStreamEntryPool.java:259)
	at org.apache.hadoop.ozone.client.io.BlockOutputStreamEntryPool.allocateBlockIfNeeded(BlockOutputStreamEntryPool.java:307)
	at org.apache.hadoop.ozone.client.io.KeyOutputStream.handleWrite(KeyOutputStream.java:198)
	at org.apache.hadoop.ozone.client.io.KeyOutputStream.handleRetry(KeyOutputStream.java:375)
	at org.apache.hadoop.ozone.client.io.KeyOutputStream.handleException(KeyOutputStream.java:324)
	at org.apache.hadoop.ozone.client.io.KeyOutputStream.handleWrite(KeyOutputStream.java:228)
	at org.apache.hadoop.ozone.client.io.KeyOutputStream.write(KeyOutputStream.java:190)
	at org.apache.hadoop.ozone.client.io.OzoneOutputStream.write(OzoneOutputStream.java:49)
	at java.io.OutputStream.write(OutputStream.java:75)
	at org.apache.hadoop.ozone.client.rpc.TestMultiBlockWritesWithDnFailures.testMultiBlockWritesWithDnFailures(TestMultiBlockWritesWithDnFailures.java:123)
	at sun.reflect.NativeMethodAccessorImpl.invoke0(Native Method)
	at sun.reflect.NativeMethodAccessorImpl.invoke(NativeMethodAccessorImpl.java:62)
	at sun.reflect.DelegatingMethodAccessorImpl.invoke(DelegatingMethodAccessorImpl.java:43)
	at java.lang.reflect.Method.invoke(Method.java:498)
	at org.junit.runners.model.FrameworkMethod$1.runReflectiveCall(FrameworkMethod.java:47)
	at org.junit.internal.runners.model.ReflectiveCallable.run(ReflectiveCallable.java:12)
	at org.junit.runners.model.FrameworkMethod.invokeExplosively(FrameworkMethod.java:44)
	at org.junit.internal.runners.statements.InvokeMethod.evaluate(InvokeMethod.java:17)
	at org.junit.internal.runners.statements.RunAfters.evaluate(RunAfters.java:27)
	at org.junit.runners.ParentRunner.runLeaf(ParentRunner.java:271)
	at org.junit.runners.BlockJUnit4ClassRunner.runChild(BlockJUnit4ClassRunner.java:70)
	at org.junit.runners.BlockJUnit4ClassRunner.runChild(BlockJUnit4ClassRunner.java:50)
	at org.junit.runners.ParentRunner$3.run(ParentRunner.java:238)
	at org.junit.runners.ParentRunner$1.schedule(ParentRunner.java:63)
	at org.junit.runners.ParentRunner.runChildren(ParentRunner.java:236)
	at org.junit.runners.ParentRunner.access$000(ParentRunner.java:53)
	at org.junit.runners.ParentRunner$2.evaluate(ParentRunner.java:229)
	at org.junit.runners.ParentRunner.run(ParentRunner.java:309)
	at org.apache.maven.surefire.junit4.JUnit4Provider.execute(JUnit4Provider.java:365)
	at org.apache.maven.surefire.junit4.JUnit4Provider.executeWithRerun(JUnit4Provider.java:273)
	at org.apache.maven.surefire.junit4.JUnit4Provider.executeTestSet(JUnit4Provider.java:238)
	at org.apache.maven.surefire.junit4.JUnit4Provider.invoke(JUnit4Provider.java:159)
	at org.apache.maven.surefire.booter.ForkedBooter.invokeProviderInSameClassLoader(ForkedBooter.java:384)
	at org.apache.maven.surefire.booter.ForkedBooter.runSuitesInProcess(ForkedBooter.java:345)
	at org.apache.maven.surefire.booter.ForkedBooter.execute(ForkedBooter.java:126)
	at org.apache.maven.surefire.booter.ForkedBooter.main(ForkedBooter.java:418)
2019-11-14 22:35:52,040 [main] INFO  ozone.MiniOzoneClusterImpl (MiniOzoneClusterImpl.java:shutdown(352)) - Shutting down the Mini Ozone Cluster
2019-11-14 22:35:52,040 [main] INFO  ozone.MiniOzoneClusterImpl (MiniOzoneClusterImpl.java:stop(368)) - Stopping the Mini Ozone Cluster
2019-11-14 22:35:52,040 [main] INFO  ozone.MiniOzoneClusterImpl (MiniOzoneClusterImpl.java:stopOM(438)) - Stopping the OzoneManager
2019-11-14 22:35:52,041 [main] INFO  ipc.Server (Server.java:stop(3082)) - Stopping server on 34669
2019-11-14 22:35:52,044 [IPC Server listener on 34669] INFO  ipc.Server (Server.java:run(1185)) - Stopping IPC Server listener on 34669
2019-11-14 22:35:52,044 [main] INFO  ratis.OzoneManagerDoubleBuffer (OzoneManagerDoubleBuffer.java:stop(297)) - Stopping OMDoubleBuffer flush thread
2019-11-14 22:35:52,044 [IPC Server Responder] INFO  ipc.Server (Server.java:run(1319)) - Stopping IPC Server Responder
2019-11-14 22:35:52,046 [OMDoubleBufferFlushThread] INFO  ratis.OzoneManagerDoubleBuffer (OzoneManagerDoubleBuffer.java:flushTransactions(209)) - OMDoubleBuffer flush thread OMDoubleBufferFlushThread is interrupted and will exit. OMDoubleBufferFlushThread
2019-11-14 22:35:52,052 [main] INFO  utils.BackgroundService (BackgroundService.java:shutdown(151)) - Shutting down service KeyDeletingService
2019-11-14 22:35:52,058 [main] INFO  handler.ContextHandler (ContextHandler.java:doStop(910)) - Stopped o.e.j.w.WebAppContext@45c9b3{/,null,UNAVAILABLE}{/ozoneManager}
2019-11-14 22:35:52,059 [main] INFO  server.AbstractConnector (AbstractConnector.java:doStop(318)) - Stopped ServerConnector@38b3f208{HTTP/1.1,[http/1.1]}{0.0.0.0:0}
2019-11-14 22:35:52,059 [main] INFO  handler.ContextHandler (ContextHandler.java:doStop(910)) - Stopped o.e.j.s.ServletContextHandler@682af059{/static,file:///workdir/hadoop-ozone/integration-test/target/test-classes/webapps/static,UNAVAILABLE}
2019-11-14 22:35:52,059 [main] INFO  handler.ContextHandler (ContextHandler.java:doStop(910)) - Stopped o.e.j.s.ServletContextHandler@35c4e864{/logs,file:///workdir/hadoop-ozone/integration-test/target/log,UNAVAILABLE}
2019-11-14 22:35:52,062 [main] INFO  ozone.MiniOzoneClusterImpl (MiniOzoneClusterImpl.java:stopDatanodes(415)) - Stopping the HddsDatanodes
2019-11-14 22:35:52,065 [Datanode State Machine Thread - 0] INFO  statemachine.DatanodeStateMachine (DatanodeStateMachine.java:lambda$startDaemon$0(350)) - Ozone container server started.
2019-11-14 22:35:52,085 [Datanode State Machine Thread - 0] INFO  statemachine.DatanodeStateMachine (DatanodeStateMachine.java:lambda$startDaemon$0(350)) - Ozone container server started.
2019-11-14 22:35:52,216 [Thread-1619] INFO  impl.FollowerState (FollowerState.java:run(111)) - eb8bacec-1550-4eff-8b38-5938654b28d6@group-452512CD754F-FollowerState: change to CANDIDATE, lastRpcTime:1060ms, electionTimeout:1060ms
2019-11-14 22:35:52,216 [Thread-1619] INFO  impl.RoleInfo (RoleInfo.java:shutdownFollowerState(121)) - eb8bacec-1550-4eff-8b38-5938654b28d6: shutdown FollowerState
2019-11-14 22:35:52,216 [Thread-1619] INFO  impl.RaftServerImpl (RaftServerImpl.java:setRole(173)) - eb8bacec-1550-4eff-8b38-5938654b28d6@group-452512CD754F: changes role from  FOLLOWER to CANDIDATE at term 0 for changeToCandidate
2019-11-14 22:35:52,217 [Thread-1619] INFO  impl.RoleInfo (RoleInfo.java:updateAndGet(143)) - eb8bacec-1550-4eff-8b38-5938654b28d6: start LeaderElection
2019-11-14 22:35:52,240 [eb8bacec-1550-4eff-8b38-5938654b28d6@group-452512CD754F-LeaderElection55] INFO  impl.LeaderElection (LeaderElection.java:askForVotes(178)) - eb8bacec-1550-4eff-8b38-5938654b28d6@group-452512CD754F-LeaderElection55: begin an election at term 1 for -1: [2427739b-b0e6-43d8-8c20-3c7e368f4410:192.168.69.65:43712, b7b0f9e6-a213-4288-a637-63e9f4ecb8f2:192.168.69.65:39870, eb8bacec-1550-4eff-8b38-5938654b28d6:192.168.69.65:45501], old=null
2019-11-14 22:35:52,244 [grpc-default-executor-4] INFO  impl.RaftServerImpl (RaftServerImpl.java:setRole(173)) - b7b0f9e6-a213-4288-a637-63e9f4ecb8f2@group-452512CD754F: changes role from  FOLLOWER to FOLLOWER at term 1 for recognizeCandidate:eb8bacec-1550-4eff-8b38-5938654b28d6
2019-11-14 22:35:52,244 [grpc-default-executor-3] INFO  impl.RaftServerImpl (RaftServerImpl.java:setRole(173)) - 2427739b-b0e6-43d8-8c20-3c7e368f4410@group-452512CD754F: changes role from  FOLLOWER to FOLLOWER at term 1 for recognizeCandidate:eb8bacec-1550-4eff-8b38-5938654b28d6
2019-11-14 22:35:52,244 [grpc-default-executor-4] INFO  impl.RoleInfo (RoleInfo.java:shutdownFollowerState(121)) - b7b0f9e6-a213-4288-a637-63e9f4ecb8f2: shutdown FollowerState
2019-11-14 22:35:52,244 [grpc-default-executor-3] INFO  impl.RoleInfo (RoleInfo.java:shutdownFollowerState(121)) - 2427739b-b0e6-43d8-8c20-3c7e368f4410: shutdown FollowerState
2019-11-14 22:35:52,244 [Thread-1621] INFO  impl.FollowerState (FollowerState.java:run(120)) - b7b0f9e6-a213-4288-a637-63e9f4ecb8f2@group-452512CD754F-FollowerState was interrupted: java.lang.InterruptedException: sleep interrupted
2019-11-14 22:35:52,244 [grpc-default-executor-3] INFO  impl.RoleInfo (RoleInfo.java:updateAndGet(143)) - 2427739b-b0e6-43d8-8c20-3c7e368f4410: start FollowerState
2019-11-14 22:35:52,244 [grpc-default-executor-4] INFO  impl.RoleInfo (RoleInfo.java:updateAndGet(143)) - b7b0f9e6-a213-4288-a637-63e9f4ecb8f2: start FollowerState
2019-11-14 22:35:52,244 [Thread-1620] INFO  impl.FollowerState (FollowerState.java:run(120)) - 2427739b-b0e6-43d8-8c20-3c7e368f4410@group-452512CD754F-FollowerState was interrupted: java.lang.InterruptedException: sleep interrupted
2019-11-14 22:35:52,268 [eb8bacec-1550-4eff-8b38-5938654b28d6@group-452512CD754F-LeaderElection55] INFO  impl.LeaderElection (LeaderElection.java:logAndReturn(56)) - eb8bacec-1550-4eff-8b38-5938654b28d6@group-452512CD754F-LeaderElection55: Election PASSED; received 1 response(s) [eb8bacec-1550-4eff-8b38-5938654b28d6<-2427739b-b0e6-43d8-8c20-3c7e368f4410#0:OK-t1] and 0 exception(s); eb8bacec-1550-4eff-8b38-5938654b28d6@group-452512CD754F:t1, leader=null, voted=eb8bacec-1550-4eff-8b38-5938654b28d6, raftlog=eb8bacec-1550-4eff-8b38-5938654b28d6@group-452512CD754F-SegmentedRaftLog:OPENED:c-1,f-1,i0, conf=-1: [2427739b-b0e6-43d8-8c20-3c7e368f4410:192.168.69.65:43712, b7b0f9e6-a213-4288-a637-63e9f4ecb8f2:192.168.69.65:39870, eb8bacec-1550-4eff-8b38-5938654b28d6:192.168.69.65:45501], old=null
2019-11-14 22:35:52,268 [eb8bacec-1550-4eff-8b38-5938654b28d6@group-452512CD754F-LeaderElection55] INFO  impl.RoleInfo (RoleInfo.java:shutdownLeaderElection(134)) - eb8bacec-1550-4eff-8b38-5938654b28d6: shutdown LeaderElection
2019-11-14 22:35:52,268 [eb8bacec-1550-4eff-8b38-5938654b28d6@group-452512CD754F-LeaderElection55] INFO  impl.RaftServerImpl (RaftServerImpl.java:setRole(173)) - eb8bacec-1550-4eff-8b38-5938654b28d6@group-452512CD754F: changes role from CANDIDATE to LEADER at term 1 for changeToLeader
2019-11-14 22:35:52,269 [eb8bacec-1550-4eff-8b38-5938654b28d6@group-452512CD754F-LeaderElection55] INFO  ratis.XceiverServerRatis (XceiverServerRatis.java:handleLeaderChangedNotification(697)) - Leader change notification received for group: group-452512CD754F with new leaderId: eb8bacec-1550-4eff-8b38-5938654b28d6
2019-11-14 22:35:52,269 [eb8bacec-1550-4eff-8b38-5938654b28d6@group-452512CD754F-LeaderElection55] INFO  impl.RaftServerImpl (ServerState.java:setLeader(255)) - eb8bacec-1550-4eff-8b38-5938654b28d6@group-452512CD754F: change Leader from null to eb8bacec-1550-4eff-8b38-5938654b28d6 at term 1 for becomeLeader, leader elected after 1125ms
2019-11-14 22:35:52,269 [eb8bacec-1550-4eff-8b38-5938654b28d6@group-452512CD754F-LeaderElection55] INFO  server.RaftServerConfigKeys (ConfUtils.java:logGet(43)) - raft.server.staging.catchup.gap = 1000 (default)
2019-11-14 22:35:52,269 [eb8bacec-1550-4eff-8b38-5938654b28d6@group-452512CD754F-LeaderElection55] INFO  server.RaftServerConfigKeys (ConfUtils.java:logGet(43)) - raft.server.rpc.sleep.time = 25ms (default)
2019-11-14 22:35:52,269 [eb8bacec-1550-4eff-8b38-5938654b28d6@group-452512CD754F-LeaderElection55] INFO  server.RaftServerConfigKeys (ConfUtils.java:logGet(43)) - raft.server.write.element-limit = 4096 (default)
2019-11-14 22:35:52,269 [eb8bacec-1550-4eff-8b38-5938654b28d6@group-452512CD754F-LeaderElection55] INFO  server.RaftServerConfigKeys (ConfUtils.java:logGet(43)) - raft.server.watch.timeout = 10s (default)
2019-11-14 22:35:52,269 [eb8bacec-1550-4eff-8b38-5938654b28d6@group-452512CD754F-LeaderElection55] INFO  server.RaftServerConfigKeys (ConfUtils.java:logGet(43)) - raft.server.watch.timeout.denomination = 1s (default)
2019-11-14 22:35:52,269 [eb8bacec-1550-4eff-8b38-5938654b28d6@group-452512CD754F-LeaderElection55] INFO  server.RaftServerConfigKeys (ConfUtils.java:logGet(43)) - raft.server.watch.element-limit = 65536 (default)
2019-11-14 22:35:52,270 [eb8bacec-1550-4eff-8b38-5938654b28d6@group-452512CD754F-LeaderElection55] INFO  server.RaftServerConfigKeys (ConfUtils.java:logGet(43)) - raft.server.log.appender.snapshot.chunk.size.max = 16MB (=16777216) (default)
2019-11-14 22:35:52,270 [eb8bacec-1550-4eff-8b38-5938654b28d6@group-452512CD754F-LeaderElection55] INFO  server.RaftServerConfigKeys (ConfUtils.java:logGet(43)) - raft.server.log.appender.buffer.byte-limit = 33554432 (custom)
2019-11-14 22:35:52,270 [eb8bacec-1550-4eff-8b38-5938654b28d6@group-452512CD754F-LeaderElection55] INFO  server.RaftServerConfigKeys (ConfUtils.java:logGet(43)) - raft.server.log.appender.buffer.element-limit = 1 (custom)
2019-11-14 22:35:52,270 [eb8bacec-1550-4eff-8b38-5938654b28d6@group-452512CD754F-LeaderElection55] INFO  grpc.GrpcConfigKeys$Server (ConfUtils.java:logGet(43)) - raft.grpc.server.leader.outstanding.appends.max = 128 (default)
2019-11-14 22:35:52,270 [eb8bacec-1550-4eff-8b38-5938654b28d6@group-452512CD754F-LeaderElection55] INFO  server.RaftServerConfigKeys (ConfUtils.java:logGet(43)) - raft.server.rpc.request.timeout = 3000ms (default)
2019-11-14 22:35:52,270 [eb8bacec-1550-4eff-8b38-5938654b28d6@group-452512CD754F-LeaderElection55] INFO  server.RaftServerConfigKeys (ConfUtils.java:logGet(43)) - raft.server.log.appender.install.snapshot.enabled = false (custom)
2019-11-14 22:35:52,270 [eb8bacec-1550-4eff-8b38-5938654b28d6@group-452512CD754F-LeaderElection55] WARN  impl.MetricRegistriesImpl (MetricRegistriesImpl.java:lambda$create$1(61)) - First MetricRegistry has been created without registering reporters. You may need to call MetricRegistries.global().addReportRegistration(...) before.
2019-11-14 22:35:52,270 [EventQueue-PipelineReportForPipelineReportHandler] INFO  pipeline.PipelineStateManager (PipelineStateManager.java:openPipeline(134)) - Pipeline Pipeline[ Id: 7b7c83be-5874-47e2-9418-452512cd754f, Nodes: 2427739b-b0e6-43d8-8c20-3c7e368f4410{ip: 192.168.69.65, host: pr-mpuissue-pdzcc-455137112, networkLocation: /default-rack, certSerialId: null}eb8bacec-1550-4eff-8b38-5938654b28d6{ip: 192.168.69.65, host: pr-mpuissue-pdzcc-455137112, networkLocation: /default-rack, certSerialId: null}b7b0f9e6-a213-4288-a637-63e9f4ecb8f2{ip: 192.168.69.65, host: pr-mpuissue-pdzcc-455137112, networkLocation: /default-rack, certSerialId: null}, Type:RATIS, Factor:THREE, State:OPEN] moved to OPEN state
2019-11-14 22:35:52,270 [eb8bacec-1550-4eff-8b38-5938654b28d6@group-452512CD754F-LeaderElection55] INFO  server.RaftServerConfigKeys (ConfUtils.java:logGet(43)) - raft.server.log.appender.snapshot.chunk.size.max = 16MB (=16777216) (default)
2019-11-14 22:35:52,271 [eb8bacec-1550-4eff-8b38-5938654b28d6@group-452512CD754F-LeaderElection55] INFO  server.RaftServerConfigKeys (ConfUtils.java:logGet(43)) - raft.server.log.appender.buffer.byte-limit = 33554432 (custom)
2019-11-14 22:35:52,271 [eb8bacec-1550-4eff-8b38-5938654b28d6@group-452512CD754F-LeaderElection55] INFO  server.RaftServerConfigKeys (ConfUtils.java:logGet(43)) - raft.server.log.appender.buffer.element-limit = 1 (custom)
2019-11-14 22:35:52,271 [eb8bacec-1550-4eff-8b38-5938654b28d6@group-452512CD754F-LeaderElection55] INFO  grpc.GrpcConfigKeys$Server (ConfUtils.java:logGet(43)) - raft.grpc.server.leader.outstanding.appends.max = 128 (default)
2019-11-14 22:35:52,271 [eb8bacec-1550-4eff-8b38-5938654b28d6@group-452512CD754F-LeaderElection55] INFO  server.RaftServerConfigKeys (ConfUtils.java:logGet(43)) - raft.server.rpc.request.timeout = 3000ms (default)
2019-11-14 22:35:52,271 [eb8bacec-1550-4eff-8b38-5938654b28d6@group-452512CD754F-LeaderElection55] INFO  server.RaftServerConfigKeys (ConfUtils.java:logGet(43)) - raft.server.log.appender.install.snapshot.enabled = false (custom)
2019-11-14 22:35:52,271 [eb8bacec-1550-4eff-8b38-5938654b28d6@group-452512CD754F-LeaderElection55] INFO  impl.RoleInfo (RoleInfo.java:updateAndGet(143)) - eb8bacec-1550-4eff-8b38-5938654b28d6: start LeaderState
2019-11-14 22:35:52,271 [eb8bacec-1550-4eff-8b38-5938654b28d6@group-452512CD754F-LeaderElection55] INFO  segmented.SegmentedRaftLogWorker (SegmentedRaftLogWorker.java:startLogSegment(385)) - eb8bacec-1550-4eff-8b38-5938654b28d6@group-452512CD754F-SegmentedRaftLogWorker: Starting segment from index:0
2019-11-14 22:35:52,272 [eb8bacec-1550-4eff-8b38-5938654b28d6@group-452512CD754F-LeaderElection55] INFO  impl.RaftServerImpl (ServerState.java:setRaftConf(356)) - eb8bacec-1550-4eff-8b38-5938654b28d6@group-452512CD754F: set configuration 0: [2427739b-b0e6-43d8-8c20-3c7e368f4410:192.168.69.65:43712, b7b0f9e6-a213-4288-a637-63e9f4ecb8f2:192.168.69.65:39870, eb8bacec-1550-4eff-8b38-5938654b28d6:192.168.69.65:45501], old=null at 0
2019-11-14 22:35:52,273 [grpc-default-executor-4] INFO  ratis.XceiverServerRatis (XceiverServerRatis.java:handleLeaderChangedNotification(697)) - Leader change notification received for group: group-452512CD754F with new leaderId: eb8bacec-1550-4eff-8b38-5938654b28d6
2019-11-14 22:35:52,274 [grpc-default-executor-3] INFO  ratis.XceiverServerRatis (XceiverServerRatis.java:handleLeaderChangedNotification(697)) - Leader change notification received for group: group-452512CD754F with new leaderId: eb8bacec-1550-4eff-8b38-5938654b28d6
2019-11-14 22:35:52,274 [grpc-default-executor-4] INFO  impl.RaftServerImpl (ServerState.java:setLeader(255)) - b7b0f9e6-a213-4288-a637-63e9f4ecb8f2@group-452512CD754F: change Leader from null to eb8bacec-1550-4eff-8b38-5938654b28d6 at term 1 for appendEntries, leader elected after 1130ms
2019-11-14 22:35:52,274 [grpc-default-executor-3] INFO  impl.RaftServerImpl (ServerState.java:setLeader(255)) - 2427739b-b0e6-43d8-8c20-3c7e368f4410@group-452512CD754F: change Leader from null to eb8bacec-1550-4eff-8b38-5938654b28d6 at term 1 for appendEntries, leader elected after 1130ms
2019-11-14 22:35:52,299 [grpc-default-executor-4] INFO  impl.RaftServerImpl (ServerState.java:setRaftConf(356)) - 2427739b-b0e6-43d8-8c20-3c7e368f4410@group-452512CD754F: set configuration 0: [2427739b-b0e6-43d8-8c20-3c7e368f4410:192.168.69.65:43712, b7b0f9e6-a213-4288-a637-63e9f4ecb8f2:192.168.69.65:39870, eb8bacec-1550-4eff-8b38-5938654b28d6:192.168.69.65:45501], old=null at 0
2019-11-14 22:35:52,299 [grpc-default-executor-3] INFO  impl.RaftServerImpl (ServerState.java:setRaftConf(356)) - b7b0f9e6-a213-4288-a637-63e9f4ecb8f2@group-452512CD754F: set configuration 0: [2427739b-b0e6-43d8-8c20-3c7e368f4410:192.168.69.65:43712, b7b0f9e6-a213-4288-a637-63e9f4ecb8f2:192.168.69.65:39870, eb8bacec-1550-4eff-8b38-5938654b28d6:192.168.69.65:45501], old=null at 0
2019-11-14 22:35:52,300 [grpc-default-executor-4] INFO  segmented.SegmentedRaftLogWorker (SegmentedRaftLogWorker.java:startLogSegment(385)) - 2427739b-b0e6-43d8-8c20-3c7e368f4410@group-452512CD754F-SegmentedRaftLogWorker: Starting segment from index:0
2019-11-14 22:35:52,300 [grpc-default-executor-3] INFO  segmented.SegmentedRaftLogWorker (SegmentedRaftLogWorker.java:startLogSegment(385)) - b7b0f9e6-a213-4288-a637-63e9f4ecb8f2@group-452512CD754F-SegmentedRaftLogWorker: Starting segment from index:0
2019-11-14 22:35:52,321 [eb8bacec-1550-4eff-8b38-5938654b28d6@group-452512CD754F-SegmentedRaftLogWorker] INFO  segmented.SegmentedRaftLogWorker (SegmentedRaftLogWorker.java:execute(576)) - eb8bacec-1550-4eff-8b38-5938654b28d6@group-452512CD754F-SegmentedRaftLogWorker: created new log segment /workdir/hadoop-ozone/integration-test/target/test-dir/MiniOzoneClusterImpl-479ab7c1-aba1-4cab-b6ff-ec51363c42af/datanode-2/data/ratis/7b7c83be-5874-47e2-9418-452512cd754f/current/log_inprogress_0
2019-11-14 22:35:52,339 [Thread-1627] INFO  impl.FollowerState (FollowerState.java:run(111)) - 2427739b-b0e6-43d8-8c20-3c7e368f4410@group-075505FE1C61-FollowerState: change to CANDIDATE, lastRpcTime:1096ms, electionTimeout:1096ms
2019-11-14 22:35:52,339 [Thread-1627] INFO  impl.RoleInfo (RoleInfo.java:shutdownFollowerState(121)) - 2427739b-b0e6-43d8-8c20-3c7e368f4410: shutdown FollowerState
2019-11-14 22:35:52,339 [Thread-1627] INFO  impl.RaftServerImpl (RaftServerImpl.java:setRole(173)) - 2427739b-b0e6-43d8-8c20-3c7e368f4410@group-075505FE1C61: changes role from  FOLLOWER to CANDIDATE at term 0 for changeToCandidate
2019-11-14 22:35:52,339 [Thread-1627] INFO  impl.RoleInfo (RoleInfo.java:updateAndGet(143)) - 2427739b-b0e6-43d8-8c20-3c7e368f4410: start LeaderElection
2019-11-14 22:35:52,347 [b7b0f9e6-a213-4288-a637-63e9f4ecb8f2@group-452512CD754F-SegmentedRaftLogWorker] INFO  segmented.SegmentedRaftLogWorker (SegmentedRaftLogWorker.java:execute(576)) - b7b0f9e6-a213-4288-a637-63e9f4ecb8f2@group-452512CD754F-SegmentedRaftLogWorker: created new log segment /workdir/hadoop-ozone/integration-test/target/test-dir/MiniOzoneClusterImpl-479ab7c1-aba1-4cab-b6ff-ec51363c42af/datanode-1/data/ratis/7b7c83be-5874-47e2-9418-452512cd754f/current/log_inprogress_0
2019-11-14 22:35:52,347 [2427739b-b0e6-43d8-8c20-3c7e368f4410@group-452512CD754F-SegmentedRaftLogWorker] INFO  segmented.SegmentedRaftLogWorker (SegmentedRaftLogWorker.java:execute(576)) - 2427739b-b0e6-43d8-8c20-3c7e368f4410@group-452512CD754F-SegmentedRaftLogWorker: created new log segment /workdir/hadoop-ozone/integration-test/target/test-dir/MiniOzoneClusterImpl-479ab7c1-aba1-4cab-b6ff-ec51363c42af/datanode-0/data/ratis/7b7c83be-5874-47e2-9418-452512cd754f/current/log_inprogress_0
2019-11-14 22:35:52,352 [Thread-1634] INFO  impl.FollowerState (FollowerState.java:run(111)) - 71039d87-f713-4353-b155-a31bf00200f2@group-CDDF65ABBB0A-FollowerState: change to CANDIDATE, lastRpcTime:1032ms, electionTimeout:1032ms
2019-11-14 22:35:52,352 [Thread-1634] INFO  impl.RoleInfo (RoleInfo.java:shutdownFollowerState(121)) - 71039d87-f713-4353-b155-a31bf00200f2: shutdown FollowerState
2019-11-14 22:35:52,352 [Thread-1634] INFO  impl.RaftServerImpl (RaftServerImpl.java:setRole(173)) - 71039d87-f713-4353-b155-a31bf00200f2@group-CDDF65ABBB0A: changes role from  FOLLOWER to CANDIDATE at term 0 for changeToCandidate
2019-11-14 22:35:52,352 [Thread-1634] INFO  impl.RoleInfo (RoleInfo.java:updateAndGet(143)) - 71039d87-f713-4353-b155-a31bf00200f2: start LeaderElection
2019-11-14 22:35:52,367 [71039d87-f713-4353-b155-a31bf00200f2@group-CDDF65ABBB0A-LeaderElection57] INFO  impl.LeaderElection (LeaderElection.java:askForVotes(178)) - 71039d87-f713-4353-b155-a31bf00200f2@group-CDDF65ABBB0A-LeaderElection57: begin an election at term 1 for -1: [71039d87-f713-4353-b155-a31bf00200f2:192.168.69.65:44128], old=null
2019-11-14 22:35:52,367 [2427739b-b0e6-43d8-8c20-3c7e368f4410@group-075505FE1C61-LeaderElection56] INFO  impl.LeaderElection (LeaderElection.java:askForVotes(178)) - 2427739b-b0e6-43d8-8c20-3c7e368f4410@group-075505FE1C61-LeaderElection56: begin an election at term 1 for -1: [2427739b-b0e6-43d8-8c20-3c7e368f4410:192.168.69.65:43712], old=null
2019-11-14 22:35:52,367 [71039d87-f713-4353-b155-a31bf00200f2@group-CDDF65ABBB0A-LeaderElection57] INFO  impl.RoleInfo (RoleInfo.java:shutdownLeaderElection(134)) - 71039d87-f713-4353-b155-a31bf00200f2: shutdown LeaderElection
2019-11-14 22:35:52,367 [2427739b-b0e6-43d8-8c20-3c7e368f4410@group-075505FE1C61-LeaderElection56] INFO  impl.RoleInfo (RoleInfo.java:shutdownLeaderElection(134)) - 2427739b-b0e6-43d8-8c20-3c7e368f4410: shutdown LeaderElection
2019-11-14 22:35:52,368 [71039d87-f713-4353-b155-a31bf00200f2@group-CDDF65ABBB0A-LeaderElection57] INFO  impl.RaftServerImpl (RaftServerImpl.java:setRole(173)) - 71039d87-f713-4353-b155-a31bf00200f2@group-CDDF65ABBB0A: changes role from CANDIDATE to LEADER at term 1 for changeToLeader
2019-11-14 22:35:52,368 [2427739b-b0e6-43d8-8c20-3c7e368f4410@group-075505FE1C61-LeaderElection56] INFO  impl.RaftServerImpl (RaftServerImpl.java:setRole(173)) - 2427739b-b0e6-43d8-8c20-3c7e368f4410@group-075505FE1C61: changes role from CANDIDATE to LEADER at term 1 for changeToLeader
2019-11-14 22:35:52,368 [71039d87-f713-4353-b155-a31bf00200f2@group-CDDF65ABBB0A-LeaderElection57] INFO  ratis.XceiverServerRatis (XceiverServerRatis.java:handleLeaderChangedNotification(697)) - Leader change notification received for group: group-CDDF65ABBB0A with new leaderId: 71039d87-f713-4353-b155-a31bf00200f2
2019-11-14 22:35:52,368 [2427739b-b0e6-43d8-8c20-3c7e368f4410@group-075505FE1C61-LeaderElection56] INFO  ratis.XceiverServerRatis (XceiverServerRatis.java:handleLeaderChangedNotification(697)) - Leader change notification received for group: group-075505FE1C61 with new leaderId: 2427739b-b0e6-43d8-8c20-3c7e368f4410
2019-11-14 22:35:52,368 [71039d87-f713-4353-b155-a31bf00200f2@group-CDDF65ABBB0A-LeaderElection57] INFO  impl.RaftServerImpl (ServerState.java:setLeader(255)) - 71039d87-f713-4353-b155-a31bf00200f2@group-CDDF65ABBB0A: change Leader from null to 71039d87-f713-4353-b155-a31bf00200f2 at term 1 for becomeLeader, leader elected after 1050ms
2019-11-14 22:35:52,368 [2427739b-b0e6-43d8-8c20-3c7e368f4410@group-075505FE1C61-LeaderElection56] INFO  impl.RaftServerImpl (ServerState.java:setLeader(255)) - 2427739b-b0e6-43d8-8c20-3c7e368f4410@group-075505FE1C61: change Leader from null to 2427739b-b0e6-43d8-8c20-3c7e368f4410 at term 1 for becomeLeader, leader elected after 1128ms
2019-11-14 22:35:52,368 [71039d87-f713-4353-b155-a31bf00200f2@group-CDDF65ABBB0A-LeaderElection57] INFO  server.RaftServerConfigKeys (ConfUtils.java:logGet(43)) - raft.server.staging.catchup.gap = 1000 (default)
2019-11-14 22:35:52,368 [2427739b-b0e6-43d8-8c20-3c7e368f4410@group-075505FE1C61-LeaderElection56] INFO  server.RaftServerConfigKeys (ConfUtils.java:logGet(43)) - raft.server.staging.catchup.gap = 1000 (default)
2019-11-14 22:35:52,368 [71039d87-f713-4353-b155-a31bf00200f2@group-CDDF65ABBB0A-LeaderElection57] INFO  server.RaftServerConfigKeys (ConfUtils.java:logGet(43)) - raft.server.rpc.sleep.time = 25ms (default)
2019-11-14 22:35:52,368 [2427739b-b0e6-43d8-8c20-3c7e368f4410@group-075505FE1C61-LeaderElection56] INFO  server.RaftServerConfigKeys (ConfUtils.java:logGet(43)) - raft.server.rpc.sleep.time = 25ms (default)
2019-11-14 22:35:52,369 [71039d87-f713-4353-b155-a31bf00200f2@group-CDDF65ABBB0A-LeaderElection57] INFO  server.RaftServerConfigKeys (ConfUtils.java:logGet(43)) - raft.server.write.element-limit = 4096 (default)
2019-11-14 22:35:52,369 [2427739b-b0e6-43d8-8c20-3c7e368f4410@group-075505FE1C61-LeaderElection56] INFO  server.RaftServerConfigKeys (ConfUtils.java:logGet(43)) - raft.server.write.element-limit = 4096 (default)
2019-11-14 22:35:52,369 [71039d87-f713-4353-b155-a31bf00200f2@group-CDDF65ABBB0A-LeaderElection57] INFO  server.RaftServerConfigKeys (ConfUtils.java:logGet(43)) - raft.server.watch.timeout = 10s (default)
2019-11-14 22:35:52,369 [2427739b-b0e6-43d8-8c20-3c7e368f4410@group-075505FE1C61-LeaderElection56] INFO  server.RaftServerConfigKeys (ConfUtils.java:logGet(43)) - raft.server.watch.timeout = 10s (default)
2019-11-14 22:35:52,369 [71039d87-f713-4353-b155-a31bf00200f2@group-CDDF65ABBB0A-LeaderElection57] INFO  server.RaftServerConfigKeys (ConfUtils.java:logGet(43)) - raft.server.watch.timeout.denomination = 1s (default)
2019-11-14 22:35:52,369 [2427739b-b0e6-43d8-8c20-3c7e368f4410@group-075505FE1C61-LeaderElection56] INFO  server.RaftServerConfigKeys (ConfUtils.java:logGet(43)) - raft.server.watch.timeout.denomination = 1s (default)
2019-11-14 22:35:52,369 [71039d87-f713-4353-b155-a31bf00200f2@group-CDDF65ABBB0A-LeaderElection57] INFO  server.RaftServerConfigKeys (ConfUtils.java:logGet(43)) - raft.server.watch.element-limit = 65536 (default)
2019-11-14 22:35:52,370 [71039d87-f713-4353-b155-a31bf00200f2@group-CDDF65ABBB0A-LeaderElection57] INFO  impl.RoleInfo (RoleInfo.java:updateAndGet(143)) - 71039d87-f713-4353-b155-a31bf00200f2: start LeaderState
2019-11-14 22:35:52,370 [71039d87-f713-4353-b155-a31bf00200f2@group-CDDF65ABBB0A-LeaderElection57] INFO  segmented.SegmentedRaftLogWorker (SegmentedRaftLogWorker.java:startLogSegment(385)) - 71039d87-f713-4353-b155-a31bf00200f2@group-CDDF65ABBB0A-SegmentedRaftLogWorker: Starting segment from index:0
2019-11-14 22:35:52,369 [EventQueue-PipelineReportForPipelineReportHandler] INFO  pipeline.PipelineStateManager (PipelineStateManager.java:openPipeline(134)) - Pipeline Pipeline[ Id: 368f058f-c4f3-480f-a732-075505fe1c61, Nodes: 2427739b-b0e6-43d8-8c20-3c7e368f4410{ip: 192.168.69.65, host: pr-mpuissue-pdzcc-455137112, networkLocation: /default-rack, certSerialId: null}, Type:RATIS, Factor:ONE, State:OPEN] moved to OPEN state
2019-11-14 22:35:52,369 [2427739b-b0e6-43d8-8c20-3c7e368f4410@group-075505FE1C61-LeaderElection56] INFO  server.RaftServerConfigKeys (ConfUtils.java:logGet(43)) - raft.server.watch.element-limit = 65536 (default)
2019-11-14 22:35:52,370 [71039d87-f713-4353-b155-a31bf00200f2@group-CDDF65ABBB0A-LeaderElection57] INFO  impl.RaftServerImpl (ServerState.java:setRaftConf(356)) - 71039d87-f713-4353-b155-a31bf00200f2@group-CDDF65ABBB0A: set configuration 0: [71039d87-f713-4353-b155-a31bf00200f2:192.168.69.65:44128], old=null at 0
2019-11-14 22:35:52,370 [2427739b-b0e6-43d8-8c20-3c7e368f4410@group-075505FE1C61-LeaderElection56] INFO  impl.RoleInfo (RoleInfo.java:updateAndGet(143)) - 2427739b-b0e6-43d8-8c20-3c7e368f4410: start LeaderState
2019-11-14 22:35:52,371 [2427739b-b0e6-43d8-8c20-3c7e368f4410@group-075505FE1C61-LeaderElection56] INFO  segmented.SegmentedRaftLogWorker (SegmentedRaftLogWorker.java:startLogSegment(385)) - 2427739b-b0e6-43d8-8c20-3c7e368f4410@group-075505FE1C61-SegmentedRaftLogWorker: Starting segment from index:0
2019-11-14 22:35:52,371 [2427739b-b0e6-43d8-8c20-3c7e368f4410@group-075505FE1C61-LeaderElection56] INFO  impl.RaftServerImpl (ServerState.java:setRaftConf(356)) - 2427739b-b0e6-43d8-8c20-3c7e368f4410@group-075505FE1C61: set configuration 0: [2427739b-b0e6-43d8-8c20-3c7e368f4410:192.168.69.65:43712], old=null at 0
2019-11-14 22:35:52,405 [2427739b-b0e6-43d8-8c20-3c7e368f4410@group-075505FE1C61-SegmentedRaftLogWorker] INFO  segmented.SegmentedRaftLogWorker (SegmentedRaftLogWorker.java:execute(576)) - 2427739b-b0e6-43d8-8c20-3c7e368f4410@group-075505FE1C61-SegmentedRaftLogWorker: created new log segment /workdir/hadoop-ozone/integration-test/target/test-dir/MiniOzoneClusterImpl-479ab7c1-aba1-4cab-b6ff-ec51363c42af/datanode-0/data/ratis/368f058f-c4f3-480f-a732-075505fe1c61/current/log_inprogress_0
2019-11-14 22:35:52,405 [71039d87-f713-4353-b155-a31bf00200f2@group-CDDF65ABBB0A-SegmentedRaftLogWorker] INFO  segmented.SegmentedRaftLogWorker (SegmentedRaftLogWorker.java:execute(576)) - 71039d87-f713-4353-b155-a31bf00200f2@group-CDDF65ABBB0A-SegmentedRaftLogWorker: created new log segment /workdir/hadoop-ozone/integration-test/target/test-dir/MiniOzoneClusterImpl-479ab7c1-aba1-4cab-b6ff-ec51363c42af/datanode-3/data/ratis/f6f04cb0-d236-483a-b4ca-cddf65abbb0a/current/log_inprogress_0
2019-11-14 22:35:52,533 [Thread-1645] INFO  impl.FollowerState (FollowerState.java:run(111)) - 71039d87-f713-4353-b155-a31bf00200f2@group-BA5CC5B18D18-FollowerState: change to CANDIDATE, lastRpcTime:1079ms, electionTimeout:1079ms
2019-11-14 22:35:52,534 [Thread-1645] INFO  impl.RoleInfo (RoleInfo.java:shutdownFollowerState(121)) - 71039d87-f713-4353-b155-a31bf00200f2: shutdown FollowerState
2019-11-14 22:35:52,534 [Thread-1645] INFO  impl.RaftServerImpl (RaftServerImpl.java:setRole(173)) - 71039d87-f713-4353-b155-a31bf00200f2@group-BA5CC5B18D18: changes role from  FOLLOWER to CANDIDATE at term 0 for changeToCandidate
2019-11-14 22:35:52,534 [Thread-1645] INFO  impl.RoleInfo (RoleInfo.java:updateAndGet(143)) - 71039d87-f713-4353-b155-a31bf00200f2: start LeaderElection
2019-11-14 22:35:52,557 [Thread-1640] INFO  impl.FollowerState (FollowerState.java:run(111)) - 76b3b274-17aa-4635-9ecc-8bffa687e80e@group-BA5CC5B18D18-FollowerState: change to CANDIDATE, lastRpcTime:1114ms, electionTimeout:1109ms
2019-11-14 22:35:52,557 [Thread-1640] INFO  impl.RoleInfo (RoleInfo.java:shutdownFollowerState(121)) - 76b3b274-17aa-4635-9ecc-8bffa687e80e: shutdown FollowerState
2019-11-14 22:35:52,558 [Thread-1640] INFO  impl.RaftServerImpl (RaftServerImpl.java:setRole(173)) - 76b3b274-17aa-4635-9ecc-8bffa687e80e@group-BA5CC5B18D18: changes role from  FOLLOWER to CANDIDATE at term 0 for changeToCandidate
2019-11-14 22:35:52,558 [Thread-1640] INFO  impl.RoleInfo (RoleInfo.java:updateAndGet(143)) - 76b3b274-17aa-4635-9ecc-8bffa687e80e: start LeaderElection
2019-11-14 22:35:52,566 [71039d87-f713-4353-b155-a31bf00200f2@group-BA5CC5B18D18-LeaderElection58] INFO  impl.LeaderElection (LeaderElection.java:askForVotes(178)) - 71039d87-f713-4353-b155-a31bf00200f2@group-BA5CC5B18D18-LeaderElection58: begin an election at term 1 for -1: [76b3b274-17aa-4635-9ecc-8bffa687e80e:192.168.69.65:46135, 71039d87-f713-4353-b155-a31bf00200f2:192.168.69.65:44128, 134e3363-1f82-43b5-a94b-e408c514013d:192.168.69.65:38811], old=null
2019-11-14 22:35:52,569 [grpc-default-executor-3] INFO  impl.RaftServerImpl (RaftServerImpl.java:setRole(173)) - 134e3363-1f82-43b5-a94b-e408c514013d@group-BA5CC5B18D18: changes role from  FOLLOWER to FOLLOWER at term 1 for recognizeCandidate:71039d87-f713-4353-b155-a31bf00200f2
2019-11-14 22:35:52,569 [grpc-default-executor-3] INFO  impl.RoleInfo (RoleInfo.java:shutdownFollowerState(121)) - 134e3363-1f82-43b5-a94b-e408c514013d: shutdown FollowerState
2019-11-14 22:35:52,570 [Thread-1644] INFO  impl.FollowerState (FollowerState.java:run(120)) - 134e3363-1f82-43b5-a94b-e408c514013d@group-BA5CC5B18D18-FollowerState was interrupted: java.lang.InterruptedException: sleep interrupted
2019-11-14 22:35:52,570 [grpc-default-executor-3] INFO  impl.RoleInfo (RoleInfo.java:updateAndGet(143)) - 134e3363-1f82-43b5-a94b-e408c514013d: start FollowerState
2019-11-14 22:35:52,584 [76b3b274-17aa-4635-9ecc-8bffa687e80e@group-BA5CC5B18D18-LeaderElection59] INFO  impl.LeaderElection (LeaderElection.java:askForVotes(178)) - 76b3b274-17aa-4635-9ecc-8bffa687e80e@group-BA5CC5B18D18-LeaderElection59: begin an election at term 1 for -1: [76b3b274-17aa-4635-9ecc-8bffa687e80e:192.168.69.65:46135, 71039d87-f713-4353-b155-a31bf00200f2:192.168.69.65:44128, 134e3363-1f82-43b5-a94b-e408c514013d:192.168.69.65:38811], old=null
2019-11-14 22:35:52,586 [71039d87-f713-4353-b155-a31bf00200f2@group-BA5CC5B18D18-LeaderElection58] INFO  impl.LeaderElection (LeaderElection.java:logAndReturn(56)) - 71039d87-f713-4353-b155-a31bf00200f2@group-BA5CC5B18D18-LeaderElection58: Election PASSED; received 2 response(s) [71039d87-f713-4353-b155-a31bf00200f2<-76b3b274-17aa-4635-9ecc-8bffa687e80e#0:FAIL-t1, 71039d87-f713-4353-b155-a31bf00200f2<-134e3363-1f82-43b5-a94b-e408c514013d#0:OK-t1] and 0 exception(s); 71039d87-f713-4353-b155-a31bf00200f2@group-BA5CC5B18D18:t1, leader=null, voted=71039d87-f713-4353-b155-a31bf00200f2, raftlog=71039d87-f713-4353-b155-a31bf00200f2@group-BA5CC5B18D18-SegmentedRaftLog:OPENED:c-1,f-1,i0, conf=-1: [76b3b274-17aa-4635-9ecc-8bffa687e80e:192.168.69.65:46135, 71039d87-f713-4353-b155-a31bf00200f2:192.168.69.65:44128, 134e3363-1f82-43b5-a94b-e408c514013d:192.168.69.65:38811], old=null
2019-11-14 22:35:52,586 [71039d87-f713-4353-b155-a31bf00200f2@group-BA5CC5B18D18-LeaderElection58] INFO  impl.RoleInfo (RoleInfo.java:shutdownLeaderElection(134)) - 71039d87-f713-4353-b155-a31bf00200f2: shutdown LeaderElection
2019-11-14 22:35:52,586 [71039d87-f713-4353-b155-a31bf00200f2@group-BA5CC5B18D18-LeaderElection58] INFO  impl.RaftServerImpl (RaftServerImpl.java:setRole(173)) - 71039d87-f713-4353-b155-a31bf00200f2@group-BA5CC5B18D18: changes role from CANDIDATE to LEADER at term 1 for changeToLeader
2019-11-14 22:35:52,587 [71039d87-f713-4353-b155-a31bf00200f2@group-BA5CC5B18D18-LeaderElection58] INFO  ratis.XceiverServerRatis (XceiverServerRatis.java:handleLeaderChangedNotification(697)) - Leader change notification received for group: group-BA5CC5B18D18 with new leaderId: 71039d87-f713-4353-b155-a31bf00200f2
2019-11-14 22:35:52,587 [71039d87-f713-4353-b155-a31bf00200f2@group-BA5CC5B18D18-LeaderElection58] INFO  impl.RaftServerImpl (ServerState.java:setLeader(255)) - 71039d87-f713-4353-b155-a31bf00200f2@group-BA5CC5B18D18: change Leader from null to 71039d87-f713-4353-b155-a31bf00200f2 at term 1 for becomeLeader, leader elected after 1150ms
2019-11-14 22:35:52,587 [71039d87-f713-4353-b155-a31bf00200f2@group-BA5CC5B18D18-LeaderElection58] INFO  server.RaftServerConfigKeys (ConfUtils.java:logGet(43)) - raft.server.staging.catchup.gap = 1000 (default)
2019-11-14 22:35:52,587 [71039d87-f713-4353-b155-a31bf00200f2@group-BA5CC5B18D18-LeaderElection58] INFO  server.RaftServerConfigKeys (ConfUtils.java:logGet(43)) - raft.server.rpc.sleep.time = 25ms (default)
2019-11-14 22:35:52,587 [71039d87-f713-4353-b155-a31bf00200f2@group-BA5CC5B18D18-LeaderElection58] INFO  server.RaftServerConfigKeys (ConfUtils.java:logGet(43)) - raft.server.write.element-limit = 4096 (default)
2019-11-14 22:35:52,587 [71039d87-f713-4353-b155-a31bf00200f2@group-BA5CC5B18D18-LeaderElection58] INFO  server.RaftServerConfigKeys (ConfUtils.java:logGet(43)) - raft.server.watch.timeout = 10s (default)
2019-11-14 22:35:52,587 [71039d87-f713-4353-b155-a31bf00200f2@group-BA5CC5B18D18-LeaderElection58] INFO  server.RaftServerConfigKeys (ConfUtils.java:logGet(43)) - raft.server.watch.timeout.denomination = 1s (default)
2019-11-14 22:35:52,587 [71039d87-f713-4353-b155-a31bf00200f2@group-BA5CC5B18D18-LeaderElection58] INFO  server.RaftServerConfigKeys (ConfUtils.java:logGet(43)) - raft.server.watch.element-limit = 65536 (default)
2019-11-14 22:35:52,587 [71039d87-f713-4353-b155-a31bf00200f2@group-BA5CC5B18D18-LeaderElection58] INFO  server.RaftServerConfigKeys (ConfUtils.java:logGet(43)) - raft.server.log.appender.snapshot.chunk.size.max = 16MB (=16777216) (default)
2019-11-14 22:35:52,587 [71039d87-f713-4353-b155-a31bf00200f2@group-BA5CC5B18D18-LeaderElection58] INFO  server.RaftServerConfigKeys (ConfUtils.java:logGet(43)) - raft.server.log.appender.buffer.byte-limit = 33554432 (custom)
2019-11-14 22:35:52,588 [71039d87-f713-4353-b155-a31bf00200f2@group-BA5CC5B18D18-LeaderElection58] INFO  server.RaftServerConfigKeys (ConfUtils.java:logGet(43)) - raft.server.log.appender.buffer.element-limit = 1 (custom)
2019-11-14 22:35:52,588 [71039d87-f713-4353-b155-a31bf00200f2@group-BA5CC5B18D18-LeaderElection58] INFO  grpc.GrpcConfigKeys$Server (ConfUtils.java:logGet(43)) - raft.grpc.server.leader.outstanding.appends.max = 128 (default)
2019-11-14 22:35:52,588 [71039d87-f713-4353-b155-a31bf00200f2@group-BA5CC5B18D18-LeaderElection58] INFO  server.RaftServerConfigKeys (ConfUtils.java:logGet(43)) - raft.server.rpc.request.timeout = 3000ms (default)
2019-11-14 22:35:52,588 [71039d87-f713-4353-b155-a31bf00200f2@group-BA5CC5B18D18-LeaderElection58] INFO  server.RaftServerConfigKeys (ConfUtils.java:logGet(43)) - raft.server.log.appender.install.snapshot.enabled = false (custom)
2019-11-14 22:35:52,588 [71039d87-f713-4353-b155-a31bf00200f2@group-BA5CC5B18D18-LeaderElection58] WARN  impl.MetricRegistriesImpl (MetricRegistriesImpl.java:lambda$create$1(61)) - First MetricRegistry has been created without registering reporters. You may need to call MetricRegistries.global().addReportRegistration(...) before.
2019-11-14 22:35:52,588 [71039d87-f713-4353-b155-a31bf00200f2@group-BA5CC5B18D18-LeaderElection58] INFO  server.RaftServerConfigKeys (ConfUtils.java:logGet(43)) - raft.server.log.appender.snapshot.chunk.size.max = 16MB (=16777216) (default)
2019-11-14 22:35:52,588 [71039d87-f713-4353-b155-a31bf00200f2@group-BA5CC5B18D18-LeaderElection58] INFO  server.RaftServerConfigKeys (ConfUtils.java:logGet(43)) - raft.server.log.appender.buffer.byte-limit = 33554432 (custom)
2019-11-14 22:35:52,588 [71039d87-f713-4353-b155-a31bf00200f2@group-BA5CC5B18D18-LeaderElection58] INFO  server.RaftServerConfigKeys (ConfUtils.java:logGet(43)) - raft.server.log.appender.buffer.element-limit = 1 (custom)
2019-11-14 22:35:52,590 [71039d87-f713-4353-b155-a31bf00200f2@group-BA5CC5B18D18-LeaderElection58] INFO  grpc.GrpcConfigKeys$Server (ConfUtils.java:logGet(43)) - raft.grpc.server.leader.outstanding.appends.max = 128 (default)
2019-11-14 22:35:52,590 [71039d87-f713-4353-b155-a31bf00200f2@group-BA5CC5B18D18-LeaderElection58] INFO  server.RaftServerConfigKeys (ConfUtils.java:logGet(43)) - raft.server.rpc.request.timeout = 3000ms (default)
2019-11-14 22:35:52,590 [71039d87-f713-4353-b155-a31bf00200f2@group-BA5CC5B18D18-LeaderElection58] INFO  server.RaftServerConfigKeys (ConfUtils.java:logGet(43)) - raft.server.log.appender.install.snapshot.enabled = false (custom)
2019-11-14 22:35:52,590 [71039d87-f713-4353-b155-a31bf00200f2@group-BA5CC5B18D18-LeaderElection58] INFO  impl.RoleInfo (RoleInfo.java:updateAndGet(143)) - 71039d87-f713-4353-b155-a31bf00200f2: start LeaderState
2019-11-14 22:35:52,590 [71039d87-f713-4353-b155-a31bf00200f2@group-BA5CC5B18D18-LeaderElection58] INFO  segmented.SegmentedRaftLogWorker (SegmentedRaftLogWorker.java:startLogSegment(385)) - 71039d87-f713-4353-b155-a31bf00200f2@group-BA5CC5B18D18-SegmentedRaftLogWorker: Starting segment from index:0
2019-11-14 22:35:52,591 [71039d87-f713-4353-b155-a31bf00200f2@group-BA5CC5B18D18-LeaderElection58] INFO  impl.RaftServerImpl (ServerState.java:setRaftConf(356)) - 71039d87-f713-4353-b155-a31bf00200f2@group-BA5CC5B18D18: set configuration 0: [76b3b274-17aa-4635-9ecc-8bffa687e80e:192.168.69.65:46135, 71039d87-f713-4353-b155-a31bf00200f2:192.168.69.65:44128, 134e3363-1f82-43b5-a94b-e408c514013d:192.168.69.65:38811], old=null at 0
2019-11-14 22:35:52,613 [grpc-default-executor-4] INFO  impl.RaftServerImpl (RaftServerImpl.java:requestVote(776)) - 71039d87-f713-4353-b155-a31bf00200f2@group-BA5CC5B18D18-   LEADER: Withhold vote from candidate 76b3b274-17aa-4635-9ecc-8bffa687e80e with term 1. State: leader=71039d87-f713-4353-b155-a31bf00200f2, term=1, lastRpcElapsed=null
2019-11-14 22:35:52,615 [grpc-default-executor-4] INFO  ratis.XceiverServerRatis (XceiverServerRatis.java:handleLeaderChangedNotification(697)) - Leader change notification received for group: group-BA5CC5B18D18 with new leaderId: 71039d87-f713-4353-b155-a31bf00200f2
2019-11-14 22:35:52,615 [76b3b274-17aa-4635-9ecc-8bffa687e80e@group-BA5CC5B18D18-LeaderElection59] INFO  impl.LeaderElection (LeaderElection.java:logAndReturn(56)) - 76b3b274-17aa-4635-9ecc-8bffa687e80e@group-BA5CC5B18D18-LeaderElection59: Election REJECTED; received 2 response(s) [76b3b274-17aa-4635-9ecc-8bffa687e80e<-71039d87-f713-4353-b155-a31bf00200f2#0:FAIL-t1, 76b3b274-17aa-4635-9ecc-8bffa687e80e<-134e3363-1f82-43b5-a94b-e408c514013d#0:FAIL-t1] and 0 exception(s); 76b3b274-17aa-4635-9ecc-8bffa687e80e@group-BA5CC5B18D18:t1, leader=null, voted=76b3b274-17aa-4635-9ecc-8bffa687e80e, raftlog=76b3b274-17aa-4635-9ecc-8bffa687e80e@group-BA5CC5B18D18-SegmentedRaftLog:OPENED:c-1,f-1,i0, conf=-1: [76b3b274-17aa-4635-9ecc-8bffa687e80e:192.168.69.65:46135, 71039d87-f713-4353-b155-a31bf00200f2:192.168.69.65:44128, 134e3363-1f82-43b5-a94b-e408c514013d:192.168.69.65:38811], old=null
2019-11-14 22:35:52,615 [grpc-default-executor-4] INFO  impl.RaftServerImpl (ServerState.java:setLeader(255)) - 134e3363-1f82-43b5-a94b-e408c514013d@group-BA5CC5B18D18: change Leader from null to 71039d87-f713-4353-b155-a31bf00200f2 at term 1 for appendEntries, leader elected after 1179ms
2019-11-14 22:35:52,615 [grpc-default-executor-3] INFO  impl.RaftServerImpl (RaftServerImpl.java:setRole(173)) - 76b3b274-17aa-4635-9ecc-8bffa687e80e@group-BA5CC5B18D18: changes role from CANDIDATE to FOLLOWER at term 1 for appendEntries
2019-11-14 22:35:52,616 [grpc-default-executor-3] INFO  impl.RoleInfo (RoleInfo.java:shutdownLeaderElection(134)) - 76b3b274-17aa-4635-9ecc-8bffa687e80e: shutdown LeaderElection
2019-11-14 22:35:52,616 [grpc-default-executor-3] INFO  impl.RoleInfo (RoleInfo.java:updateAndGet(143)) - 76b3b274-17aa-4635-9ecc-8bffa687e80e: start FollowerState
2019-11-14 22:35:52,616 [grpc-default-executor-3] INFO  ratis.XceiverServerRatis (XceiverServerRatis.java:handleLeaderChangedNotification(697)) - Leader change notification received for group: group-BA5CC5B18D18 with new leaderId: 71039d87-f713-4353-b155-a31bf00200f2
2019-11-14 22:35:52,616 [grpc-default-executor-3] INFO  impl.RaftServerImpl (ServerState.java:setLeader(255)) - 76b3b274-17aa-4635-9ecc-8bffa687e80e@group-BA5CC5B18D18: change Leader from null to 71039d87-f713-4353-b155-a31bf00200f2 at term 1 for appendEntries, leader elected after 1180ms
2019-11-14 22:35:52,617 [grpc-default-executor-3] INFO  impl.RaftServerImpl (ServerState.java:setRaftConf(356)) - 134e3363-1f82-43b5-a94b-e408c514013d@group-BA5CC5B18D18: set configuration 0: [76b3b274-17aa-4635-9ecc-8bffa687e80e:192.168.69.65:46135, 71039d87-f713-4353-b155-a31bf00200f2:192.168.69.65:44128, 134e3363-1f82-43b5-a94b-e408c514013d:192.168.69.65:38811], old=null at 0
2019-11-14 22:35:52,617 [grpc-default-executor-3] INFO  segmented.SegmentedRaftLogWorker (SegmentedRaftLogWorker.java:startLogSegment(385)) - 134e3363-1f82-43b5-a94b-e408c514013d@group-BA5CC5B18D18-SegmentedRaftLogWorker: Starting segment from index:0
2019-11-14 22:35:52,618 [grpc-default-executor-3] INFO  impl.RaftServerImpl (ServerState.java:setRaftConf(356)) - 76b3b274-17aa-4635-9ecc-8bffa687e80e@group-BA5CC5B18D18: set configuration 0: [76b3b274-17aa-4635-9ecc-8bffa687e80e:192.168.69.65:46135, 71039d87-f713-4353-b155-a31bf00200f2:192.168.69.65:44128, 134e3363-1f82-43b5-a94b-e408c514013d:192.168.69.65:38811], old=null at 0
2019-11-14 22:35:52,618 [grpc-default-executor-3] INFO  segmented.SegmentedRaftLogWorker (SegmentedRaftLogWorker.java:startLogSegment(385)) - 76b3b274-17aa-4635-9ecc-8bffa687e80e@group-BA5CC5B18D18-SegmentedRaftLogWorker: Starting segment from index:0
2019-11-14 22:35:52,635 [71039d87-f713-4353-b155-a31bf00200f2@group-BA5CC5B18D18-SegmentedRaftLogWorker] INFO  segmented.SegmentedRaftLogWorker (SegmentedRaftLogWorker.java:execute(576)) - 71039d87-f713-4353-b155-a31bf00200f2@group-BA5CC5B18D18-SegmentedRaftLogWorker: created new log segment /workdir/hadoop-ozone/integration-test/target/test-dir/MiniOzoneClusterImpl-479ab7c1-aba1-4cab-b6ff-ec51363c42af/datanode-3/data/ratis/e51d611f-836f-4cca-a11d-ba5cc5b18d18/current/log_inprogress_0
2019-11-14 22:35:52,669 [134e3363-1f82-43b5-a94b-e408c514013d@group-BA5CC5B18D18-SegmentedRaftLogWorker] INFO  segmented.SegmentedRaftLogWorker (SegmentedRaftLogWorker.java:execute(576)) - 134e3363-1f82-43b5-a94b-e408c514013d@group-BA5CC5B18D18-SegmentedRaftLogWorker: created new log segment /workdir/hadoop-ozone/integration-test/target/test-dir/MiniOzoneClusterImpl-479ab7c1-aba1-4cab-b6ff-ec51363c42af/datanode-5/data/ratis/e51d611f-836f-4cca-a11d-ba5cc5b18d18/current/log_inprogress_0
2019-11-14 22:35:52,669 [76b3b274-17aa-4635-9ecc-8bffa687e80e@group-BA5CC5B18D18-SegmentedRaftLogWorker] INFO  segmented.SegmentedRaftLogWorker (SegmentedRaftLogWorker.java:execute(576)) - 76b3b274-17aa-4635-9ecc-8bffa687e80e@group-BA5CC5B18D18-SegmentedRaftLogWorker: created new log segment /workdir/hadoop-ozone/integration-test/target/test-dir/MiniOzoneClusterImpl-479ab7c1-aba1-4cab-b6ff-ec51363c42af/datanode-4/data/ratis/e51d611f-836f-4cca-a11d-ba5cc5b18d18/current/log_inprogress_0
2019-11-14 22:35:57,063 [main] INFO  ozoneimpl.OzoneContainer (OzoneContainer.java:stop(244)) - Attempting to stop container services.
2019-11-14 22:35:57,063 [ForkJoinPool.commonPool-worker-1] INFO  ozoneimpl.OzoneContainer (OzoneContainer.java:stop(244)) - Attempting to stop container services.
2019-11-14 22:35:57,064 [main] INFO  impl.RaftServerProxy (RaftServerProxy.java:lambda$close$4(314)) - 71039d87-f713-4353-b155-a31bf00200f2: close
2019-11-14 22:35:57,064 [ForkJoinPool.commonPool-worker-1] INFO  impl.RaftServerProxy (RaftServerProxy.java:lambda$close$4(314)) - b7b0f9e6-a213-4288-a637-63e9f4ecb8f2: close
2019-11-14 22:35:57,064 [main] INFO  impl.RaftServerImpl (RaftServerImpl.java:lambda$shutdown$3(250)) - 71039d87-f713-4353-b155-a31bf00200f2@group-CDDF65ABBB0A: shutdown
2019-11-14 22:35:57,064 [ForkJoinPool.commonPool-worker-1] INFO  impl.RaftServerImpl (RaftServerImpl.java:lambda$shutdown$3(250)) - b7b0f9e6-a213-4288-a637-63e9f4ecb8f2@group-452512CD754F: shutdown
2019-11-14 22:35:57,065 [main] INFO  util.JmxRegister (JmxRegister.java:unregister(73)) - Successfully un-registered JMX Bean with object name Ratis:service=RaftServer,group=group-CDDF65ABBB0A,id=71039d87-f713-4353-b155-a31bf00200f2
2019-11-14 22:35:57,065 [ForkJoinPool.commonPool-worker-1] INFO  util.JmxRegister (JmxRegister.java:unregister(73)) - Successfully un-registered JMX Bean with object name Ratis:service=RaftServer,group=group-452512CD754F,id=b7b0f9e6-a213-4288-a637-63e9f4ecb8f2
2019-11-14 22:35:57,066 [main] INFO  impl.RoleInfo (RoleInfo.java:shutdownLeaderState(104)) - 71039d87-f713-4353-b155-a31bf00200f2: shutdown LeaderState
2019-11-14 22:35:57,066 [ForkJoinPool.commonPool-worker-1] INFO  impl.RoleInfo (RoleInfo.java:shutdownFollowerState(121)) - b7b0f9e6-a213-4288-a637-63e9f4ecb8f2: shutdown FollowerState
2019-11-14 22:35:57,066 [main] INFO  impl.PendingRequests (PendingRequests.java:sendNotLeaderResponses(206)) - 71039d87-f713-4353-b155-a31bf00200f2@group-CDDF65ABBB0A-PendingRequests: sendNotLeaderResponses
2019-11-14 22:35:57,067 [Thread-1657] INFO  impl.FollowerState (FollowerState.java:run(120)) - b7b0f9e6-a213-4288-a637-63e9f4ecb8f2@group-452512CD754F-FollowerState was interrupted: java.lang.InterruptedException: sleep interrupted
2019-11-14 22:35:57,067 [ForkJoinPool.commonPool-worker-1] INFO  impl.StateMachineUpdater (StateMachineUpdater.java:stopAndJoin(136)) - b7b0f9e6-a213-4288-a637-63e9f4ecb8f2@group-452512CD754F-StateMachineUpdater: set stopIndex = 0
2019-11-14 22:35:57,069 [main] INFO  impl.StateMachineUpdater (StateMachineUpdater.java:stopAndJoin(136)) - 71039d87-f713-4353-b155-a31bf00200f2@group-CDDF65ABBB0A-StateMachineUpdater: set stopIndex = 0
2019-11-14 22:35:57,070 [main] INFO  impl.RaftServerImpl (ServerState.java:close(387)) - 71039d87-f713-4353-b155-a31bf00200f2@group-CDDF65ABBB0A: closes. applyIndex: 0
2019-11-14 22:35:57,069 [ForkJoinPool.commonPool-worker-1] INFO  impl.RaftServerImpl (ServerState.java:close(387)) - b7b0f9e6-a213-4288-a637-63e9f4ecb8f2@group-452512CD754F: closes. applyIndex: 0
2019-11-14 22:35:57,070 [71039d87-f713-4353-b155-a31bf00200f2@group-CDDF65ABBB0A-SegmentedRaftLogWorker] INFO  segmented.SegmentedRaftLogWorker (SegmentedRaftLogWorker.java:run(316)) - 71039d87-f713-4353-b155-a31bf00200f2@group-CDDF65ABBB0A-SegmentedRaftLogWorker was interrupted, exiting. There are 0 tasks remaining in the queue.
2019-11-14 22:35:57,070 [b7b0f9e6-a213-4288-a637-63e9f4ecb8f2@group-452512CD754F-SegmentedRaftLogWorker] INFO  segmented.SegmentedRaftLogWorker (SegmentedRaftLogWorker.java:run(316)) - b7b0f9e6-a213-4288-a637-63e9f4ecb8f2@group-452512CD754F-SegmentedRaftLogWorker was interrupted, exiting. There are 0 tasks remaining in the queue.
2019-11-14 22:35:57,073 [main] INFO  segmented.SegmentedRaftLogWorker (SegmentedRaftLogWorker.java:close(224)) - 71039d87-f713-4353-b155-a31bf00200f2@group-CDDF65ABBB0A-SegmentedRaftLogWorker close()
2019-11-14 22:35:57,073 [ForkJoinPool.commonPool-worker-1] INFO  segmented.SegmentedRaftLogWorker (SegmentedRaftLogWorker.java:close(224)) - b7b0f9e6-a213-4288-a637-63e9f4ecb8f2@group-452512CD754F-SegmentedRaftLogWorker close()
2019-11-14 22:35:57,076 [main] INFO  impl.RaftServerImpl (RaftServerImpl.java:lambda$shutdown$3(250)) - 71039d87-f713-4353-b155-a31bf00200f2@group-BA5CC5B18D18: shutdown
2019-11-14 22:35:57,079 [ForkJoinPool.commonPool-worker-1] INFO  impl.RaftServerImpl (RaftServerImpl.java:lambda$shutdown$3(250)) - b7b0f9e6-a213-4288-a637-63e9f4ecb8f2@group-3A92813B12FB: shutdown
2019-11-14 22:35:57,079 [main] INFO  util.JmxRegister (JmxRegister.java:unregister(73)) - Successfully un-registered JMX Bean with object name Ratis:service=RaftServer,group=group-BA5CC5B18D18,id=71039d87-f713-4353-b155-a31bf00200f2
2019-11-14 22:35:57,080 [ForkJoinPool.commonPool-worker-1] INFO  util.JmxRegister (JmxRegister.java:unregister(73)) - Successfully un-registered JMX Bean with object name Ratis:service=RaftServer,group=group-3A92813B12FB,id=b7b0f9e6-a213-4288-a637-63e9f4ecb8f2
2019-11-14 22:35:57,080 [main] INFO  impl.RoleInfo (RoleInfo.java:shutdownLeaderState(104)) - 71039d87-f713-4353-b155-a31bf00200f2: shutdown LeaderState
2019-11-14 22:35:57,080 [ForkJoinPool.commonPool-worker-1] INFO  impl.RoleInfo (RoleInfo.java:shutdownLeaderState(104)) - b7b0f9e6-a213-4288-a637-63e9f4ecb8f2: shutdown LeaderState
2019-11-14 22:35:57,083 [org.apache.ratis.server.impl.LogAppender$AppenderDaemon$$Lambda$513/1968553077@2bb077bb] WARN  server.GrpcLogAppender (GrpcLogAppender.java:mayWait(151)) - 71039d87-f713-4353-b155-a31bf00200f2@group-BA5CC5B18D18->76b3b274-17aa-4635-9ecc-8bffa687e80e-GrpcLogAppender: Wait interrupted by java.lang.InterruptedException
2019-11-14 22:35:57,083 [org.apache.ratis.server.impl.LogAppender$AppenderDaemon$$Lambda$513/1968553077@6eb2fca9] WARN  server.GrpcLogAppender (GrpcLogAppender.java:mayWait(151)) - 71039d87-f713-4353-b155-a31bf00200f2@group-BA5CC5B18D18->134e3363-1f82-43b5-a94b-e408c514013d-GrpcLogAppender: Wait interrupted by java.lang.InterruptedException
2019-11-14 22:35:57,083 [main] INFO  impl.PendingRequests (PendingRequests.java:sendNotLeaderResponses(206)) - 71039d87-f713-4353-b155-a31bf00200f2@group-BA5CC5B18D18-PendingRequests: sendNotLeaderResponses
2019-11-14 22:35:57,084 [grpc-default-executor-4] INFO  server.GrpcServerProtocolService (GrpcServerProtocolService.java:onCompleted(113)) - 134e3363-1f82-43b5-a94b-e408c514013d: Completed APPEND_ENTRIES, lastRequest: 71039d87-f713-4353-b155-a31bf00200f2->134e3363-1f82-43b5-a94b-e408c514013d#9-t1, previous=(t:1, i:0), leaderCommit=0, initializing? false, entries: <empty>
2019-11-14 22:35:57,084 [grpc-default-executor-3] INFO  server.GrpcServerProtocolService (GrpcServerProtocolService.java:onCompleted(113)) - 76b3b274-17aa-4635-9ecc-8bffa687e80e: Completed APPEND_ENTRIES, lastRequest: 71039d87-f713-4353-b155-a31bf00200f2->76b3b274-17aa-4635-9ecc-8bffa687e80e#9-t1, previous=(t:1, i:0), leaderCommit=0, initializing? false, entries: <empty>
2019-11-14 22:35:57,083 [ForkJoinPool.commonPool-worker-1] INFO  impl.PendingRequests (PendingRequests.java:sendNotLeaderResponses(206)) - b7b0f9e6-a213-4288-a637-63e9f4ecb8f2@group-3A92813B12FB-PendingRequests: sendNotLeaderResponses
2019-11-14 22:35:57,085 [grpc-default-executor-5] INFO  server.GrpcLogAppender (GrpcLogAppender.java:onCompleted(308)) - 71039d87-f713-4353-b155-a31bf00200f2@group-BA5CC5B18D18->134e3363-1f82-43b5-a94b-e408c514013d-AppendLogResponseHandler: follower responses appendEntries COMPLETED
2019-11-14 22:35:57,084 [main] INFO  impl.StateMachineUpdater (StateMachineUpdater.java:stopAndJoin(136)) - 71039d87-f713-4353-b155-a31bf00200f2@group-BA5CC5B18D18-StateMachineUpdater: set stopIndex = 0
2019-11-14 22:35:57,085 [ForkJoinPool.commonPool-worker-1] INFO  impl.StateMachineUpdater (StateMachineUpdater.java:stopAndJoin(136)) - b7b0f9e6-a213-4288-a637-63e9f4ecb8f2@group-3A92813B12FB-StateMachineUpdater: set stopIndex = 0
2019-11-14 22:35:57,085 [ForkJoinPool.commonPool-worker-1] INFO  impl.RaftServerImpl (ServerState.java:close(387)) - b7b0f9e6-a213-4288-a637-63e9f4ecb8f2@group-3A92813B12FB: closes. applyIndex: 0
2019-11-14 22:35:57,085 [grpc-default-executor-0] INFO  server.GrpcLogAppender (GrpcLogAppender.java:onCompleted(308)) - 71039d87-f713-4353-b155-a31bf00200f2@group-BA5CC5B18D18->76b3b274-17aa-4635-9ecc-8bffa687e80e-AppendLogResponseHandler: follower responses appendEntries COMPLETED
2019-11-14 22:35:57,086 [b7b0f9e6-a213-4288-a637-63e9f4ecb8f2@group-3A92813B12FB-SegmentedRaftLogWorker] INFO  segmented.SegmentedRaftLogWorker (SegmentedRaftLogWorker.java:run(316)) - b7b0f9e6-a213-4288-a637-63e9f4ecb8f2@group-3A92813B12FB-SegmentedRaftLogWorker was interrupted, exiting. There are 0 tasks remaining in the queue.
2019-11-14 22:35:57,085 [grpc-default-executor-5] INFO  impl.FollowerInfo (FollowerInfo.java:lambda$new$0(51)) - 71039d87-f713-4353-b155-a31bf00200f2@group-BA5CC5B18D18->134e3363-1f82-43b5-a94b-e408c514013d: nextIndex: updateUnconditionally 1 -> 0
2019-11-14 22:35:57,086 [ForkJoinPool.commonPool-worker-1] INFO  segmented.SegmentedRaftLogWorker (SegmentedRaftLogWorker.java:close(224)) - b7b0f9e6-a213-4288-a637-63e9f4ecb8f2@group-3A92813B12FB-SegmentedRaftLogWorker close()
2019-11-14 22:35:57,086 [grpc-default-executor-0] INFO  impl.FollowerInfo (FollowerInfo.java:lambda$new$0(51)) - 71039d87-f713-4353-b155-a31bf00200f2@group-BA5CC5B18D18->76b3b274-17aa-4635-9ecc-8bffa687e80e: nextIndex: updateUnconditionally 1 -> 0
2019-11-14 22:35:57,085 [main] INFO  impl.RaftServerImpl (ServerState.java:close(387)) - 71039d87-f713-4353-b155-a31bf00200f2@group-BA5CC5B18D18: closes. applyIndex: 0
2019-11-14 22:35:57,088 [ForkJoinPool.commonPool-worker-1] INFO  server.GrpcService (GrpcService.java:closeImpl(164)) - b7b0f9e6-a213-4288-a637-63e9f4ecb8f2: shutdown server with port 39870 now
2019-11-14 22:35:57,088 [71039d87-f713-4353-b155-a31bf00200f2@group-BA5CC5B18D18-SegmentedRaftLogWorker] INFO  segmented.SegmentedRaftLogWorker (SegmentedRaftLogWorker.java:run(316)) - 71039d87-f713-4353-b155-a31bf00200f2@group-BA5CC5B18D18-SegmentedRaftLogWorker was interrupted, exiting. There are 0 tasks remaining in the queue.
2019-11-14 22:35:57,090 [main] INFO  segmented.SegmentedRaftLogWorker (SegmentedRaftLogWorker.java:close(224)) - 71039d87-f713-4353-b155-a31bf00200f2@group-BA5CC5B18D18-SegmentedRaftLogWorker close()
2019-11-14 22:35:57,091 [grpc-default-executor-5] WARN  server.GrpcServerProtocolService (LogUtils.java:warn(134)) - b7b0f9e6-a213-4288-a637-63e9f4ecb8f2: installSnapshot onError, lastRequest: eb8bacec-1550-4eff-8b38-5938654b28d6->b7b0f9e6-a213-4288-a637-63e9f4ecb8f2#10-t1, previous=(t:1, i:0), leaderCommit=0, initializing? false, entries: <empty>: org.apache.ratis.thirdparty.io.grpc.StatusRuntimeException: CANCELLED: cancelled before receiving half close
2019-11-14 22:35:57,093 [ForkJoinPool.commonPool-worker-1] INFO  server.GrpcService (GrpcService.java:closeImpl(172)) - b7b0f9e6-a213-4288-a637-63e9f4ecb8f2: shutdown server with port 39870 successfully
2019-11-14 22:35:57,093 [grpc-default-executor-4] WARN  server.GrpcLogAppender (LogUtils.java:warn(134)) - eb8bacec-1550-4eff-8b38-5938654b28d6@group-452512CD754F->b7b0f9e6-a213-4288-a637-63e9f4ecb8f2-AppendLogResponseHandler: Failed appendEntries: org.apache.ratis.thirdparty.io.grpc.StatusRuntimeException: CANCELLED: HTTP/2 error code: CANCEL
Received Rst Stream
2019-11-14 22:35:57,092 [main] INFO  server.GrpcService (GrpcService.java:closeImpl(164)) - 71039d87-f713-4353-b155-a31bf00200f2: shutdown server with port 44128 now
2019-11-14 22:35:57,093 [grpc-default-executor-4] INFO  impl.FollowerInfo (FollowerInfo.java:lambda$new$0(51)) - eb8bacec-1550-4eff-8b38-5938654b28d6@group-452512CD754F->b7b0f9e6-a213-4288-a637-63e9f4ecb8f2: nextIndex: updateUnconditionally 1 -> 0
2019-11-14 22:35:57,094 [main] INFO  server.GrpcService (GrpcService.java:closeImpl(172)) - 71039d87-f713-4353-b155-a31bf00200f2: shutdown server with port 44128 successfully
2019-11-14 22:35:57,094 [refreshUsed-/workdir/hadoop-ozone/integration-test/target/test-dir/MiniOzoneClusterImpl-479ab7c1-aba1-4cab-b6ff-ec51363c42af/datanode-1/data/containers] WARN  fs.CachingGetSpaceUsed (CachingGetSpaceUsed.java:run(183)) - Thread Interrupted waiting to refresh disk information: sleep interrupted
2019-11-14 22:35:57,096 [refreshUsed-/workdir/hadoop-ozone/integration-test/target/test-dir/MiniOzoneClusterImpl-479ab7c1-aba1-4cab-b6ff-ec51363c42af/datanode-3/data/containers] WARN  fs.CachingGetSpaceUsed (CachingGetSpaceUsed.java:run(183)) - Thread Interrupted waiting to refresh disk information: sleep interrupted
2019-11-14 22:35:57,112 [ForkJoinPool.commonPool-worker-1] INFO  utils.BackgroundService (BackgroundService.java:shutdown(151)) - Shutting down service BlockDeletingService
2019-11-14 22:35:57,117 [ForkJoinPool.commonPool-worker-1] INFO  statemachine.DatanodeStateMachine (DatanodeStateMachine.java:stopDaemon(395)) - Ozone container server stopped.
2019-11-14 22:35:57,121 [ForkJoinPool.commonPool-worker-1] INFO  handler.ContextHandler (ContextHandler.java:doStop(910)) - Stopped o.e.j.w.WebAppContext@7cfac39f{/,null,UNAVAILABLE}{/hddsDatanode}
2019-11-14 22:35:57,122 [ForkJoinPool.commonPool-worker-1] INFO  server.AbstractConnector (AbstractConnector.java:doStop(318)) - Stopped ServerConnector@158ae284{HTTP/1.1,[http/1.1]}{0.0.0.0:0}
2019-11-14 22:35:57,124 [ForkJoinPool.commonPool-worker-1] INFO  handler.ContextHandler (ContextHandler.java:doStop(910)) - Stopped o.e.j.s.ServletContextHandler@28a9494b{/static,jar:file:/home/user/.m2/repository/org/apache/hadoop/hadoop-hdds-container-service/0.5.0-SNAPSHOT/hadoop-hdds-container-service-0.5.0-SNAPSHOT.jar!/webapps/static,UNAVAILABLE}
2019-11-14 22:35:57,125 [ForkJoinPool.commonPool-worker-1] INFO  handler.ContextHandler (ContextHandler.java:doStop(910)) - Stopped o.e.j.s.ServletContextHandler@1642eeae{/logs,file:///workdir/hadoop-ozone/integration-test/target/log,UNAVAILABLE}
2019-11-14 22:35:57,127 [main] INFO  utils.BackgroundService (BackgroundService.java:shutdown(151)) - Shutting down service BlockDeletingService
2019-11-14 22:35:57,130 [main] INFO  statemachine.DatanodeStateMachine (DatanodeStateMachine.java:stopDaemon(395)) - Ozone container server stopped.
2019-11-14 22:35:57,131 [main] INFO  handler.ContextHandler (ContextHandler.java:doStop(910)) - Stopped o.e.j.w.WebAppContext@b61edb9{/,null,UNAVAILABLE}{/hddsDatanode}
2019-11-14 22:35:57,132 [main] INFO  server.AbstractConnector (AbstractConnector.java:doStop(318)) - Stopped ServerConnector@5d3ff859{HTTP/1.1,[http/1.1]}{0.0.0.0:0}
2019-11-14 22:35:57,132 [main] INFO  handler.ContextHandler (ContextHandler.java:doStop(910)) - Stopped o.e.j.s.ServletContextHandler@1d858300{/static,jar:file:/home/user/.m2/repository/org/apache/hadoop/hadoop-hdds-container-service/0.5.0-SNAPSHOT/hadoop-hdds-container-service-0.5.0-SNAPSHOT.jar!/webapps/static,UNAVAILABLE}
2019-11-14 22:35:57,133 [main] INFO  handler.ContextHandler (ContextHandler.java:doStop(910)) - Stopped o.e.j.s.ServletContextHandler@405b6d75{/logs,file:///workdir/hadoop-ozone/integration-test/target/log,UNAVAILABLE}
2019-11-14 22:35:57,184 [Datanode State Machine Thread - 0] INFO  statemachine.DatanodeStateMachine (DatanodeStateMachine.java:lambda$startDaemon$0(350)) - Ozone container server started.
2019-11-14 22:35:57,269 [Datanode State Machine Thread - 0] INFO  statemachine.DatanodeStateMachine (DatanodeStateMachine.java:lambda$startDaemon$0(350)) - Ozone container server started.
2019-11-14 22:35:57,378 [grpc-default-executor-5] WARN  server.GrpcLogAppender (LogUtils.java:warn(134)) - eb8bacec-1550-4eff-8b38-5938654b28d6@group-452512CD754F->b7b0f9e6-a213-4288-a637-63e9f4ecb8f2-AppendLogResponseHandler: Failed appendEntries: org.apache.ratis.thirdparty.io.grpc.StatusRuntimeException: UNAVAILABLE: io exception
2019-11-14 22:35:57,378 [grpc-default-executor-5] INFO  impl.FollowerInfo (FollowerInfo.java:lambda$new$0(51)) - eb8bacec-1550-4eff-8b38-5938654b28d6@group-452512CD754F->b7b0f9e6-a213-4288-a637-63e9f4ecb8f2: nextIndex: updateUnconditionally 0 -> 0
2019-11-14 22:35:57,879 [grpc-default-executor-5] WARN  server.GrpcLogAppender (LogUtils.java:warn(134)) - eb8bacec-1550-4eff-8b38-5938654b28d6@group-452512CD754F->b7b0f9e6-a213-4288-a637-63e9f4ecb8f2-AppendLogResponseHandler: Failed appendEntries: org.apache.ratis.thirdparty.io.grpc.StatusRuntimeException: UNAVAILABLE: io exception
2019-11-14 22:35:57,879 [grpc-default-executor-5] INFO  impl.FollowerInfo (FollowerInfo.java:lambda$new$0(51)) - eb8bacec-1550-4eff-8b38-5938654b28d6@group-452512CD754F->b7b0f9e6-a213-4288-a637-63e9f4ecb8f2: nextIndex: updateUnconditionally 0 -> 0
2019-11-14 22:35:57,990 [Thread-1674] INFO  impl.FollowerState (FollowerState.java:run(111)) - 134e3363-1f82-43b5-a94b-e408c514013d@group-BA5CC5B18D18-FollowerState: change to CANDIDATE, lastRpcTime:1301ms, electionTimeout:1142ms
2019-11-14 22:35:57,990 [Thread-1674] INFO  impl.RoleInfo (RoleInfo.java:shutdownFollowerState(121)) - 134e3363-1f82-43b5-a94b-e408c514013d: shutdown FollowerState
2019-11-14 22:35:57,990 [Thread-1674] INFO  impl.RaftServerImpl (RaftServerImpl.java:setRole(173)) - 134e3363-1f82-43b5-a94b-e408c514013d@group-BA5CC5B18D18: changes role from  FOLLOWER to CANDIDATE at term 1 for changeToCandidate
2019-11-14 22:35:57,990 [Thread-1674] INFO  impl.RoleInfo (RoleInfo.java:updateAndGet(143)) - 134e3363-1f82-43b5-a94b-e408c514013d: start LeaderElection
2019-11-14 22:35:57,992 [134e3363-1f82-43b5-a94b-e408c514013d@group-BA5CC5B18D18-LeaderElection60] INFO  impl.RaftServerImpl (ServerState.java:setLeader(255)) - 134e3363-1f82-43b5-a94b-e408c514013d@group-BA5CC5B18D18: change Leader from 71039d87-f713-4353-b155-a31bf00200f2 to null at term 1 for initElection
2019-11-14 22:35:58,027 [134e3363-1f82-43b5-a94b-e408c514013d@group-BA5CC5B18D18-LeaderElection60] INFO  impl.LeaderElection (LeaderElection.java:askForVotes(178)) - 134e3363-1f82-43b5-a94b-e408c514013d@group-BA5CC5B18D18-LeaderElection60: begin an election at term 2 for 0: [76b3b274-17aa-4635-9ecc-8bffa687e80e:192.168.69.65:46135, 71039d87-f713-4353-b155-a31bf00200f2:192.168.69.65:44128, 134e3363-1f82-43b5-a94b-e408c514013d:192.168.69.65:38811], old=null
2019-11-14 22:35:58,030 [134e3363-1f82-43b5-a94b-e408c514013d@group-BA5CC5B18D18-LeaderElection60] INFO  impl.LeaderElection (LogUtils.java:infoOrTrace(149)) - 134e3363-1f82-43b5-a94b-e408c514013d@group-BA5CC5B18D18-LeaderElection60 got exception when requesting votes: {}
java.util.concurrent.ExecutionException: org.apache.ratis.thirdparty.io.grpc.StatusRuntimeException: UNAVAILABLE: io exception
	at java.util.concurrent.FutureTask.report(FutureTask.java:122)
	at java.util.concurrent.FutureTask.get(FutureTask.java:192)
	at org.apache.ratis.server.impl.LeaderElection.waitForResults(LeaderElection.java:259)
	at org.apache.ratis.server.impl.LeaderElection.askForVotes(LeaderElection.java:197)
	at org.apache.ratis.server.impl.LeaderElection.run(LeaderElection.java:133)
	at java.lang.Thread.run(Thread.java:748)
Caused by: org.apache.ratis.thirdparty.io.grpc.StatusRuntimeException: UNAVAILABLE: io exception
	at org.apache.ratis.thirdparty.io.grpc.stub.ClientCalls.toStatusRuntimeException(ClientCalls.java:233)
	at org.apache.ratis.thirdparty.io.grpc.stub.ClientCalls.getUnchecked(ClientCalls.java:214)
	at org.apache.ratis.thirdparty.io.grpc.stub.ClientCalls.blockingUnaryCall(ClientCalls.java:139)
	at org.apache.ratis.proto.grpc.RaftServerProtocolServiceGrpc$RaftServerProtocolServiceBlockingStub.requestVote(RaftServerProtocolServiceGrpc.java:265)
	at org.apache.ratis.grpc.server.GrpcServerProtocolClient.requestVote(GrpcServerProtocolClient.java:99)
	at org.apache.ratis.grpc.server.GrpcService.requestVote(GrpcService.java:204)
	at org.apache.ratis.server.impl.LeaderElection.lambda$submitRequests$1(LeaderElection.java:234)
	at java.util.concurrent.FutureTask.run(FutureTask.java:266)
	at java.util.concurrent.Executors$RunnableAdapter.call(Executors.java:511)
	at java.util.concurrent.FutureTask.run(FutureTask.java:266)
	at java.util.concurrent.ThreadPoolExecutor.runWorker(ThreadPoolExecutor.java:1149)
	at java.util.concurrent.ThreadPoolExecutor$Worker.run(ThreadPoolExecutor.java:624)
	... 1 more
Caused by: org.apache.ratis.thirdparty.io.netty.channel.AbstractChannel$AnnotatedConnectException: Connection refused: /192.168.69.65:44128
	at sun.nio.ch.SocketChannelImpl.checkConnect(Native Method)
	at sun.nio.ch.SocketChannelImpl.finishConnect(SocketChannelImpl.java:717)
	at org.apache.ratis.thirdparty.io.netty.channel.socket.nio.NioSocketChannel.doFinishConnect(NioSocketChannel.java:327)
	at org.apache.ratis.thirdparty.io.netty.channel.nio.AbstractNioChannel$AbstractNioUnsafe.finishConnect(AbstractNioChannel.java:340)
	at org.apache.ratis.thirdparty.io.netty.channel.nio.NioEventLoop.processSelectedKey(NioEventLoop.java:632)
	at org.apache.ratis.thirdparty.io.netty.channel.nio.NioEventLoop.processSelectedKeysOptimized(NioEventLoop.java:579)
	at org.apache.ratis.thirdparty.io.netty.channel.nio.NioEventLoop.processSelectedKeys(NioEventLoop.java:496)
	at org.apache.ratis.thirdparty.io.netty.channel.nio.NioEventLoop.run(NioEventLoop.java:458)
	at org.apache.ratis.thirdparty.io.netty.util.concurrent.SingleThreadEventExecutor$5.run(SingleThreadEventExecutor.java:897)
	at org.apache.ratis.thirdparty.io.netty.util.concurrent.FastThreadLocalRunnable.run(FastThreadLocalRunnable.java:30)
	... 1 more
Caused by: java.net.ConnectException: Connection refused
	... 11 more
2019-11-14 22:35:58,031 [Thread-1681] INFO  impl.FollowerState (FollowerState.java:run(111)) - 76b3b274-17aa-4635-9ecc-8bffa687e80e@group-BA5CC5B18D18-FollowerState: change to CANDIDATE, lastRpcTime:1337ms, electionTimeout:1101ms
2019-11-14 22:35:58,033 [Thread-1681] INFO  impl.RoleInfo (RoleInfo.java:shutdownFollowerState(121)) - 76b3b274-17aa-4635-9ecc-8bffa687e80e: shutdown FollowerState
2019-11-14 22:35:58,033 [Thread-1681] INFO  impl.RaftServerImpl (RaftServerImpl.java:setRole(173)) - 76b3b274-17aa-4635-9ecc-8bffa687e80e@group-BA5CC5B18D18: changes role from  FOLLOWER to CANDIDATE at term 1 for changeToCandidate
2019-11-14 22:35:58,033 [Thread-1681] INFO  impl.RoleInfo (RoleInfo.java:updateAndGet(143)) - 76b3b274-17aa-4635-9ecc-8bffa687e80e: start LeaderElection
2019-11-14 22:35:58,034 [76b3b274-17aa-4635-9ecc-8bffa687e80e@group-BA5CC5B18D18-LeaderElection61] INFO  impl.RaftServerImpl (ServerState.java:setLeader(255)) - 76b3b274-17aa-4635-9ecc-8bffa687e80e@group-BA5CC5B18D18: change Leader from 71039d87-f713-4353-b155-a31bf00200f2 to null at term 1 for initElection
2019-11-14 22:35:58,051 [76b3b274-17aa-4635-9ecc-8bffa687e80e@group-BA5CC5B18D18-LeaderElection61] INFO  impl.LeaderElection (LeaderElection.java:askForVotes(178)) - 76b3b274-17aa-4635-9ecc-8bffa687e80e@group-BA5CC5B18D18-LeaderElection61: begin an election at term 2 for 0: [76b3b274-17aa-4635-9ecc-8bffa687e80e:192.168.69.65:46135, 71039d87-f713-4353-b155-a31bf00200f2:192.168.69.65:44128, 134e3363-1f82-43b5-a94b-e408c514013d:192.168.69.65:38811], old=null
2019-11-14 22:35:58,053 [134e3363-1f82-43b5-a94b-e408c514013d@group-BA5CC5B18D18-LeaderElection60] INFO  impl.LeaderElection (LeaderElection.java:logAndReturn(56)) - 134e3363-1f82-43b5-a94b-e408c514013d@group-BA5CC5B18D18-LeaderElection60: Election REJECTED; received 1 response(s) [134e3363-1f82-43b5-a94b-e408c514013d<-76b3b274-17aa-4635-9ecc-8bffa687e80e#0:FAIL-t2] and 1 exception(s); 134e3363-1f82-43b5-a94b-e408c514013d@group-BA5CC5B18D18:t2, leader=null, voted=134e3363-1f82-43b5-a94b-e408c514013d, raftlog=134e3363-1f82-43b5-a94b-e408c514013d@group-BA5CC5B18D18-SegmentedRaftLog:OPENED:c0,f0,i0, conf=0: [76b3b274-17aa-4635-9ecc-8bffa687e80e:192.168.69.65:46135, 71039d87-f713-4353-b155-a31bf00200f2:192.168.69.65:44128, 134e3363-1f82-43b5-a94b-e408c514013d:192.168.69.65:38811], old=null
2019-11-14 22:35:58,053 [134e3363-1f82-43b5-a94b-e408c514013d@group-BA5CC5B18D18-LeaderElection60] INFO  impl.LeaderElection (LogUtils.java:infoOrTrace(149)) -   Exception 0: {}
java.util.concurrent.ExecutionException: org.apache.ratis.thirdparty.io.grpc.StatusRuntimeException: UNAVAILABLE: io exception
	at java.util.concurrent.FutureTask.report(FutureTask.java:122)
	at java.util.concurrent.FutureTask.get(FutureTask.java:192)
	at org.apache.ratis.server.impl.LeaderElection.waitForResults(LeaderElection.java:259)
	at org.apache.ratis.server.impl.LeaderElection.askForVotes(LeaderElection.java:197)
	at org.apache.ratis.server.impl.LeaderElection.run(LeaderElection.java:133)
	at java.lang.Thread.run(Thread.java:748)
Caused by: org.apache.ratis.thirdparty.io.grpc.StatusRuntimeException: UNAVAILABLE: io exception
	at org.apache.ratis.thirdparty.io.grpc.stub.ClientCalls.toStatusRuntimeException(ClientCalls.java:233)
	at org.apache.ratis.thirdparty.io.grpc.stub.ClientCalls.getUnchecked(ClientCalls.java:214)
	at org.apache.ratis.thirdparty.io.grpc.stub.ClientCalls.blockingUnaryCall(ClientCalls.java:139)
	at org.apache.ratis.proto.grpc.RaftServerProtocolServiceGrpc$RaftServerProtocolServiceBlockingStub.requestVote(RaftServerProtocolServiceGrpc.java:265)
	at org.apache.ratis.grpc.server.GrpcServerProtocolClient.requestVote(GrpcServerProtocolClient.java:99)
	at org.apache.ratis.grpc.server.GrpcService.requestVote(GrpcService.java:204)
	at org.apache.ratis.server.impl.LeaderElection.lambda$submitRequests$1(LeaderElection.java:234)
	at java.util.concurrent.FutureTask.run(FutureTask.java:266)
	at java.util.concurrent.Executors$RunnableAdapter.call(Executors.java:511)
	at java.util.concurrent.FutureTask.run(FutureTask.java:266)
	at java.util.concurrent.ThreadPoolExecutor.runWorker(ThreadPoolExecutor.java:1149)
	at java.util.concurrent.ThreadPoolExecutor$Worker.run(ThreadPoolExecutor.java:624)
	... 1 more
Caused by: org.apache.ratis.thirdparty.io.netty.channel.AbstractChannel$AnnotatedConnectException: Connection refused: /192.168.69.65:44128
	at sun.nio.ch.SocketChannelImpl.checkConnect(Native Method)
	at sun.nio.ch.SocketChannelImpl.finishConnect(SocketChannelImpl.java:717)
	at org.apache.ratis.thirdparty.io.netty.channel.socket.nio.NioSocketChannel.doFinishConnect(NioSocketChannel.java:327)
	at org.apache.ratis.thirdparty.io.netty.channel.nio.AbstractNioChannel$AbstractNioUnsafe.finishConnect(AbstractNioChannel.java:340)
	at org.apache.ratis.thirdparty.io.netty.channel.nio.NioEventLoop.processSelectedKey(NioEventLoop.java:632)
	at org.apache.ratis.thirdparty.io.netty.channel.nio.NioEventLoop.processSelectedKeysOptimized(NioEventLoop.java:579)
	at org.apache.ratis.thirdparty.io.netty.channel.nio.NioEventLoop.processSelectedKeys(NioEventLoop.java:496)
	at org.apache.ratis.thirdparty.io.netty.channel.nio.NioEventLoop.run(NioEventLoop.java:458)
	at org.apache.ratis.thirdparty.io.netty.util.concurrent.SingleThreadEventExecutor$5.run(SingleThreadEventExecutor.java:897)
	at org.apache.ratis.thirdparty.io.netty.util.concurrent.FastThreadLocalRunnable.run(FastThreadLocalRunnable.java:30)
	... 1 more
Caused by: java.net.ConnectException: Connection refused
	... 11 more
2019-11-14 22:35:58,053 [76b3b274-17aa-4635-9ecc-8bffa687e80e@group-BA5CC5B18D18-LeaderElection61] INFO  impl.LeaderElection (LogUtils.java:infoOrTrace(149)) - 76b3b274-17aa-4635-9ecc-8bffa687e80e@group-BA5CC5B18D18-LeaderElection61 got exception when requesting votes: {}
java.util.concurrent.ExecutionException: org.apache.ratis.thirdparty.io.grpc.StatusRuntimeException: UNAVAILABLE: io exception
	at java.util.concurrent.FutureTask.report(FutureTask.java:122)
	at java.util.concurrent.FutureTask.get(FutureTask.java:192)
	at org.apache.ratis.server.impl.LeaderElection.waitForResults(LeaderElection.java:259)
	at org.apache.ratis.server.impl.LeaderElection.askForVotes(LeaderElection.java:197)
	at org.apache.ratis.server.impl.LeaderElection.run(LeaderElection.java:133)
	at java.lang.Thread.run(Thread.java:748)
Caused by: org.apache.ratis.thirdparty.io.grpc.StatusRuntimeException: UNAVAILABLE: io exception
	at org.apache.ratis.thirdparty.io.grpc.stub.ClientCalls.toStatusRuntimeException(ClientCalls.java:233)
	at org.apache.ratis.thirdparty.io.grpc.stub.ClientCalls.getUnchecked(ClientCalls.java:214)
	at org.apache.ratis.thirdparty.io.grpc.stub.ClientCalls.blockingUnaryCall(ClientCalls.java:139)
	at org.apache.ratis.proto.grpc.RaftServerProtocolServiceGrpc$RaftServerProtocolServiceBlockingStub.requestVote(RaftServerProtocolServiceGrpc.java:265)
	at org.apache.ratis.grpc.server.GrpcServerProtocolClient.requestVote(GrpcServerProtocolClient.java:99)
	at org.apache.ratis.grpc.server.GrpcService.requestVote(GrpcService.java:204)
	at org.apache.ratis.server.impl.LeaderElection.lambda$submitRequests$1(LeaderElection.java:234)
	at java.util.concurrent.FutureTask.run(FutureTask.java:266)
	at java.util.concurrent.Executors$RunnableAdapter.call(Executors.java:511)
	at java.util.concurrent.FutureTask.run(FutureTask.java:266)
	at java.util.concurrent.ThreadPoolExecutor.runWorker(ThreadPoolExecutor.java:1149)
	at java.util.concurrent.ThreadPoolExecutor$Worker.run(ThreadPoolExecutor.java:624)
	... 1 more
Caused by: org.apache.ratis.thirdparty.io.netty.channel.AbstractChannel$AnnotatedConnectException: Connection refused: /192.168.69.65:44128
	at sun.nio.ch.SocketChannelImpl.checkConnect(Native Method)
	at sun.nio.ch.SocketChannelImpl.finishConnect(SocketChannelImpl.java:717)
	at org.apache.ratis.thirdparty.io.netty.channel.socket.nio.NioSocketChannel.doFinishConnect(NioSocketChannel.java:327)
	at org.apache.ratis.thirdparty.io.netty.channel.nio.AbstractNioChannel$AbstractNioUnsafe.finishConnect(AbstractNioChannel.java:340)
	at org.apache.ratis.thirdparty.io.netty.channel.nio.NioEventLoop.processSelectedKey(NioEventLoop.java:632)
	at org.apache.ratis.thirdparty.io.netty.channel.nio.NioEventLoop.processSelectedKeysOptimized(NioEventLoop.java:579)
	at org.apache.ratis.thirdparty.io.netty.channel.nio.NioEventLoop.processSelectedKeys(NioEventLoop.java:496)
	at org.apache.ratis.thirdparty.io.netty.channel.nio.NioEventLoop.run(NioEventLoop.java:458)
	at org.apache.ratis.thirdparty.io.netty.util.concurrent.SingleThreadEventExecutor$5.run(SingleThreadEventExecutor.java:897)
	at org.apache.ratis.thirdparty.io.netty.util.concurrent.FastThreadLocalRunnable.run(FastThreadLocalRunnable.java:30)
	... 1 more
Caused by: java.net.ConnectException: Connection refused
	... 11 more
2019-11-14 22:35:58,053 [134e3363-1f82-43b5-a94b-e408c514013d@group-BA5CC5B18D18-LeaderElection60] INFO  impl.RaftServerImpl (RaftServerImpl.java:setRole(173)) - 134e3363-1f82-43b5-a94b-e408c514013d@group-BA5CC5B18D18: changes role from CANDIDATE to FOLLOWER at term 2 for DISCOVERED_A_NEW_TERM
2019-11-14 22:35:58,055 [134e3363-1f82-43b5-a94b-e408c514013d@group-BA5CC5B18D18-LeaderElection60] INFO  impl.RoleInfo (RoleInfo.java:shutdownLeaderElection(134)) - 134e3363-1f82-43b5-a94b-e408c514013d: shutdown LeaderElection
2019-11-14 22:35:58,055 [134e3363-1f82-43b5-a94b-e408c514013d@group-BA5CC5B18D18-LeaderElection60] INFO  impl.RoleInfo (RoleInfo.java:updateAndGet(143)) - 134e3363-1f82-43b5-a94b-e408c514013d: start FollowerState
2019-11-14 22:35:58,056 [76b3b274-17aa-4635-9ecc-8bffa687e80e@group-BA5CC5B18D18-LeaderElection61] INFO  impl.LeaderElection (LeaderElection.java:logAndReturn(56)) - 76b3b274-17aa-4635-9ecc-8bffa687e80e@group-BA5CC5B18D18-LeaderElection61: Election REJECTED; received 1 response(s) [76b3b274-17aa-4635-9ecc-8bffa687e80e<-134e3363-1f82-43b5-a94b-e408c514013d#0:FAIL-t2] and 1 exception(s); 76b3b274-17aa-4635-9ecc-8bffa687e80e@group-BA5CC5B18D18:t2, leader=null, voted=76b3b274-17aa-4635-9ecc-8bffa687e80e, raftlog=76b3b274-17aa-4635-9ecc-8bffa687e80e@group-BA5CC5B18D18-SegmentedRaftLog:OPENED:c0,f0,i0, conf=0: [76b3b274-17aa-4635-9ecc-8bffa687e80e:192.168.69.65:46135, 71039d87-f713-4353-b155-a31bf00200f2:192.168.69.65:44128, 134e3363-1f82-43b5-a94b-e408c514013d:192.168.69.65:38811], old=null
2019-11-14 22:35:58,056 [76b3b274-17aa-4635-9ecc-8bffa687e80e@group-BA5CC5B18D18-LeaderElection61] INFO  impl.LeaderElection (LogUtils.java:infoOrTrace(149)) -   Exception 0: {}
java.util.concurrent.ExecutionException: org.apache.ratis.thirdparty.io.grpc.StatusRuntimeException: UNAVAILABLE: io exception
	at java.util.concurrent.FutureTask.report(FutureTask.java:122)
	at java.util.concurrent.FutureTask.get(FutureTask.java:192)
	at org.apache.ratis.server.impl.LeaderElection.waitForResults(LeaderElection.java:259)
	at org.apache.ratis.server.impl.LeaderElection.askForVotes(LeaderElection.java:197)
	at org.apache.ratis.server.impl.LeaderElection.run(LeaderElection.java:133)
	at java.lang.Thread.run(Thread.java:748)
Caused by: org.apache.ratis.thirdparty.io.grpc.StatusRuntimeException: UNAVAILABLE: io exception
	at org.apache.ratis.thirdparty.io.grpc.stub.ClientCalls.toStatusRuntimeException(ClientCalls.java:233)
	at org.apache.ratis.thirdparty.io.grpc.stub.ClientCalls.getUnchecked(ClientCalls.java:214)
	at org.apache.ratis.thirdparty.io.grpc.stub.ClientCalls.blockingUnaryCall(ClientCalls.java:139)
	at org.apache.ratis.proto.grpc.RaftServerProtocolServiceGrpc$RaftServerProtocolServiceBlockingStub.requestVote(RaftServerProtocolServiceGrpc.java:265)
	at org.apache.ratis.grpc.server.GrpcServerProtocolClient.requestVote(GrpcServerProtocolClient.java:99)
	at org.apache.ratis.grpc.server.GrpcService.requestVote(GrpcService.java:204)
	at org.apache.ratis.server.impl.LeaderElection.lambda$submitRequests$1(LeaderElection.java:234)
	at java.util.concurrent.FutureTask.run(FutureTask.java:266)
	at java.util.concurrent.Executors$RunnableAdapter.call(Executors.java:511)
	at java.util.concurrent.FutureTask.run(FutureTask.java:266)
	at java.util.concurrent.ThreadPoolExecutor.runWorker(ThreadPoolExecutor.java:1149)
	at java.util.concurrent.ThreadPoolExecutor$Worker.run(ThreadPoolExecutor.java:624)
	... 1 more
Caused by: org.apache.ratis.thirdparty.io.netty.channel.AbstractChannel$AnnotatedConnectException: Connection refused: /192.168.69.65:44128
	at sun.nio.ch.SocketChannelImpl.checkConnect(Native Method)
	at sun.nio.ch.SocketChannelImpl.finishConnect(SocketChannelImpl.java:717)
	at org.apache.ratis.thirdparty.io.netty.channel.socket.nio.NioSocketChannel.doFinishConnect(NioSocketChannel.java:327)
	at org.apache.ratis.thirdparty.io.netty.channel.nio.AbstractNioChannel$AbstractNioUnsafe.finishConnect(AbstractNioChannel.java:340)
	at org.apache.ratis.thirdparty.io.netty.channel.nio.NioEventLoop.processSelectedKey(NioEventLoop.java:632)
	at org.apache.ratis.thirdparty.io.netty.channel.nio.NioEventLoop.processSelectedKeysOptimized(NioEventLoop.java:579)
	at org.apache.ratis.thirdparty.io.netty.channel.nio.NioEventLoop.processSelectedKeys(NioEventLoop.java:496)
	at org.apache.ratis.thirdparty.io.netty.channel.nio.NioEventLoop.run(NioEventLoop.java:458)
	at org.apache.ratis.thirdparty.io.netty.util.concurrent.SingleThreadEventExecutor$5.run(SingleThreadEventExecutor.java:897)
	at org.apache.ratis.thirdparty.io.netty.util.concurrent.FastThreadLocalRunnable.run(FastThreadLocalRunnable.java:30)
	... 1 more
Caused by: java.net.ConnectException: Connection refused
	... 11 more
2019-11-14 22:35:58,057 [76b3b274-17aa-4635-9ecc-8bffa687e80e@group-BA5CC5B18D18-LeaderElection61] INFO  impl.RaftServerImpl (RaftServerImpl.java:setRole(173)) - 76b3b274-17aa-4635-9ecc-8bffa687e80e@group-BA5CC5B18D18: changes role from CANDIDATE to FOLLOWER at term 2 for DISCOVERED_A_NEW_TERM
2019-11-14 22:35:58,057 [76b3b274-17aa-4635-9ecc-8bffa687e80e@group-BA5CC5B18D18-LeaderElection61] INFO  impl.RoleInfo (RoleInfo.java:shutdownLeaderElection(134)) - 76b3b274-17aa-4635-9ecc-8bffa687e80e: shutdown LeaderElection
2019-11-14 22:35:58,057 [76b3b274-17aa-4635-9ecc-8bffa687e80e@group-BA5CC5B18D18-LeaderElection61] INFO  impl.RoleInfo (RoleInfo.java:updateAndGet(143)) - 76b3b274-17aa-4635-9ecc-8bffa687e80e: start FollowerState
2019-11-14 22:35:58,379 [grpc-default-executor-0] WARN  server.GrpcLogAppender (LogUtils.java:warn(134)) - eb8bacec-1550-4eff-8b38-5938654b28d6@group-452512CD754F->b7b0f9e6-a213-4288-a637-63e9f4ecb8f2-AppendLogResponseHandler: Failed appendEntries: org.apache.ratis.thirdparty.io.grpc.StatusRuntimeException: UNAVAILABLE: io exception
2019-11-14 22:35:58,380 [grpc-default-executor-0] INFO  impl.FollowerInfo (FollowerInfo.java:lambda$new$0(51)) - eb8bacec-1550-4eff-8b38-5938654b28d6@group-452512CD754F->b7b0f9e6-a213-4288-a637-63e9f4ecb8f2: nextIndex: updateUnconditionally 0 -> 0
2019-11-14 22:35:58,880 [grpc-default-executor-5] WARN  server.GrpcLogAppender (LogUtils.java:warn(134)) - eb8bacec-1550-4eff-8b38-5938654b28d6@group-452512CD754F->b7b0f9e6-a213-4288-a637-63e9f4ecb8f2-AppendLogResponseHandler: Failed appendEntries: org.apache.ratis.thirdparty.io.grpc.StatusRuntimeException: UNAVAILABLE: io exception
2019-11-14 22:35:58,880 [grpc-default-executor-5] INFO  impl.FollowerInfo (FollowerInfo.java:lambda$new$0(51)) - eb8bacec-1550-4eff-8b38-5938654b28d6@group-452512CD754F->b7b0f9e6-a213-4288-a637-63e9f4ecb8f2: nextIndex: updateUnconditionally 0 -> 0
2019-11-14 22:35:59,072 [Thread-1727] INFO  impl.FollowerState (FollowerState.java:run(111)) - 134e3363-1f82-43b5-a94b-e408c514013d@group-BA5CC5B18D18-FollowerState: change to CANDIDATE, lastRpcTime:1016ms, electionTimeout:1016ms
2019-11-14 22:35:59,072 [Thread-1727] INFO  impl.RoleInfo (RoleInfo.java:shutdownFollowerState(121)) - 134e3363-1f82-43b5-a94b-e408c514013d: shutdown FollowerState
2019-11-14 22:35:59,072 [Thread-1727] INFO  impl.RaftServerImpl (RaftServerImpl.java:setRole(173)) - 134e3363-1f82-43b5-a94b-e408c514013d@group-BA5CC5B18D18: changes role from  FOLLOWER to CANDIDATE at term 2 for changeToCandidate
2019-11-14 22:35:59,072 [Thread-1727] INFO  impl.RoleInfo (RoleInfo.java:updateAndGet(143)) - 134e3363-1f82-43b5-a94b-e408c514013d: start LeaderElection
2019-11-14 22:35:59,097 [134e3363-1f82-43b5-a94b-e408c514013d@group-BA5CC5B18D18-LeaderElection62] INFO  impl.LeaderElection (LeaderElection.java:askForVotes(178)) - 134e3363-1f82-43b5-a94b-e408c514013d@group-BA5CC5B18D18-LeaderElection62: begin an election at term 3 for 0: [76b3b274-17aa-4635-9ecc-8bffa687e80e:192.168.69.65:46135, 71039d87-f713-4353-b155-a31bf00200f2:192.168.69.65:44128, 134e3363-1f82-43b5-a94b-e408c514013d:192.168.69.65:38811], old=null
2019-11-14 22:35:59,098 [134e3363-1f82-43b5-a94b-e408c514013d@group-BA5CC5B18D18-LeaderElection62] INFO  impl.LeaderElection (LogUtils.java:infoOrTrace(149)) - 134e3363-1f82-43b5-a94b-e408c514013d@group-BA5CC5B18D18-LeaderElection62 got exception when requesting votes: {}
java.util.concurrent.ExecutionException: org.apache.ratis.thirdparty.io.grpc.StatusRuntimeException: UNAVAILABLE: io exception
	at java.util.concurrent.FutureTask.report(FutureTask.java:122)
	at java.util.concurrent.FutureTask.get(FutureTask.java:192)
	at org.apache.ratis.server.impl.LeaderElection.waitForResults(LeaderElection.java:259)
	at org.apache.ratis.server.impl.LeaderElection.askForVotes(LeaderElection.java:197)
	at org.apache.ratis.server.impl.LeaderElection.run(LeaderElection.java:133)
	at java.lang.Thread.run(Thread.java:748)
Caused by: org.apache.ratis.thirdparty.io.grpc.StatusRuntimeException: UNAVAILABLE: io exception
	at org.apache.ratis.thirdparty.io.grpc.stub.ClientCalls.toStatusRuntimeException(ClientCalls.java:233)
	at org.apache.ratis.thirdparty.io.grpc.stub.ClientCalls.getUnchecked(ClientCalls.java:214)
	at org.apache.ratis.thirdparty.io.grpc.stub.ClientCalls.blockingUnaryCall(ClientCalls.java:139)
	at org.apache.ratis.proto.grpc.RaftServerProtocolServiceGrpc$RaftServerProtocolServiceBlockingStub.requestVote(RaftServerProtocolServiceGrpc.java:265)
	at org.apache.ratis.grpc.server.GrpcServerProtocolClient.requestVote(GrpcServerProtocolClient.java:99)
	at org.apache.ratis.grpc.server.GrpcService.requestVote(GrpcService.java:204)
	at org.apache.ratis.server.impl.LeaderElection.lambda$submitRequests$1(LeaderElection.java:234)
	at java.util.concurrent.FutureTask.run(FutureTask.java:266)
	at java.util.concurrent.Executors$RunnableAdapter.call(Executors.java:511)
	at java.util.concurrent.FutureTask.run(FutureTask.java:266)
	at java.util.concurrent.ThreadPoolExecutor.runWorker(ThreadPoolExecutor.java:1149)
	at java.util.concurrent.ThreadPoolExecutor$Worker.run(ThreadPoolExecutor.java:624)
	... 1 more
Caused by: org.apache.ratis.thirdparty.io.netty.channel.AbstractChannel$AnnotatedConnectException: Connection refused: /192.168.69.65:44128
	at sun.nio.ch.SocketChannelImpl.checkConnect(Native Method)
	at sun.nio.ch.SocketChannelImpl.finishConnect(SocketChannelImpl.java:717)
	at org.apache.ratis.thirdparty.io.netty.channel.socket.nio.NioSocketChannel.doFinishConnect(NioSocketChannel.java:327)
	at org.apache.ratis.thirdparty.io.netty.channel.nio.AbstractNioChannel$AbstractNioUnsafe.finishConnect(AbstractNioChannel.java:340)
	at org.apache.ratis.thirdparty.io.netty.channel.nio.NioEventLoop.processSelectedKey(NioEventLoop.java:632)
	at org.apache.ratis.thirdparty.io.netty.channel.nio.NioEventLoop.processSelectedKeysOptimized(NioEventLoop.java:579)
	at org.apache.ratis.thirdparty.io.netty.channel.nio.NioEventLoop.processSelectedKeys(NioEventLoop.java:496)
	at org.apache.ratis.thirdparty.io.netty.channel.nio.NioEventLoop.run(NioEventLoop.java:458)
	at org.apache.ratis.thirdparty.io.netty.util.concurrent.SingleThreadEventExecutor$5.run(SingleThreadEventExecutor.java:897)
	at org.apache.ratis.thirdparty.io.netty.util.concurrent.FastThreadLocalRunnable.run(FastThreadLocalRunnable.java:30)
	... 1 more
Caused by: java.net.ConnectException: Connection refused
	... 11 more
2019-11-14 22:35:59,101 [grpc-default-executor-5] INFO  impl.RaftServerImpl (RaftServerImpl.java:setRole(173)) - 76b3b274-17aa-4635-9ecc-8bffa687e80e@group-BA5CC5B18D18: changes role from  FOLLOWER to FOLLOWER at term 3 for recognizeCandidate:134e3363-1f82-43b5-a94b-e408c514013d
2019-11-14 22:35:59,101 [grpc-default-executor-5] INFO  impl.RoleInfo (RoleInfo.java:shutdownFollowerState(121)) - 76b3b274-17aa-4635-9ecc-8bffa687e80e: shutdown FollowerState
2019-11-14 22:35:59,101 [grpc-default-executor-5] INFO  impl.RoleInfo (RoleInfo.java:updateAndGet(143)) - 76b3b274-17aa-4635-9ecc-8bffa687e80e: start FollowerState
2019-11-14 22:35:59,101 [Thread-1728] INFO  impl.FollowerState (FollowerState.java:run(120)) - 76b3b274-17aa-4635-9ecc-8bffa687e80e@group-BA5CC5B18D18-FollowerState was interrupted: java.lang.InterruptedException: sleep interrupted
2019-11-14 22:35:59,127 [134e3363-1f82-43b5-a94b-e408c514013d@group-BA5CC5B18D18-LeaderElection62] INFO  impl.LeaderElection (LeaderElection.java:logAndReturn(56)) - 134e3363-1f82-43b5-a94b-e408c514013d@group-BA5CC5B18D18-LeaderElection62: Election PASSED; received 1 response(s) [134e3363-1f82-43b5-a94b-e408c514013d<-76b3b274-17aa-4635-9ecc-8bffa687e80e#0:OK-t3] and 1 exception(s); 134e3363-1f82-43b5-a94b-e408c514013d@group-BA5CC5B18D18:t3, leader=null, voted=134e3363-1f82-43b5-a94b-e408c514013d, raftlog=134e3363-1f82-43b5-a94b-e408c514013d@group-BA5CC5B18D18-SegmentedRaftLog:OPENED:c0,f0,i0, conf=0: [76b3b274-17aa-4635-9ecc-8bffa687e80e:192.168.69.65:46135, 71039d87-f713-4353-b155-a31bf00200f2:192.168.69.65:44128, 134e3363-1f82-43b5-a94b-e408c514013d:192.168.69.65:38811], old=null
2019-11-14 22:35:59,127 [134e3363-1f82-43b5-a94b-e408c514013d@group-BA5CC5B18D18-LeaderElection62] INFO  impl.LeaderElection (LogUtils.java:infoOrTrace(149)) -   Exception 0: {}
java.util.concurrent.ExecutionException: org.apache.ratis.thirdparty.io.grpc.StatusRuntimeException: UNAVAILABLE: io exception
	at java.util.concurrent.FutureTask.report(FutureTask.java:122)
	at java.util.concurrent.FutureTask.get(FutureTask.java:192)
	at org.apache.ratis.server.impl.LeaderElection.waitForResults(LeaderElection.java:259)
	at org.apache.ratis.server.impl.LeaderElection.askForVotes(LeaderElection.java:197)
	at org.apache.ratis.server.impl.LeaderElection.run(LeaderElection.java:133)
	at java.lang.Thread.run(Thread.java:748)
Caused by: org.apache.ratis.thirdparty.io.grpc.StatusRuntimeException: UNAVAILABLE: io exception
	at org.apache.ratis.thirdparty.io.grpc.stub.ClientCalls.toStatusRuntimeException(ClientCalls.java:233)
	at org.apache.ratis.thirdparty.io.grpc.stub.ClientCalls.getUnchecked(ClientCalls.java:214)
	at org.apache.ratis.thirdparty.io.grpc.stub.ClientCalls.blockingUnaryCall(ClientCalls.java:139)
	at org.apache.ratis.proto.grpc.RaftServerProtocolServiceGrpc$RaftServerProtocolServiceBlockingStub.requestVote(RaftServerProtocolServiceGrpc.java:265)
	at org.apache.ratis.grpc.server.GrpcServerProtocolClient.requestVote(GrpcServerProtocolClient.java:99)
	at org.apache.ratis.grpc.server.GrpcService.requestVote(GrpcService.java:204)
	at org.apache.ratis.server.impl.LeaderElection.lambda$submitRequests$1(LeaderElection.java:234)
	at java.util.concurrent.FutureTask.run(FutureTask.java:266)
	at java.util.concurrent.Executors$RunnableAdapter.call(Executors.java:511)
	at java.util.concurrent.FutureTask.run(FutureTask.java:266)
	at java.util.concurrent.ThreadPoolExecutor.runWorker(ThreadPoolExecutor.java:1149)
	at java.util.concurrent.ThreadPoolExecutor$Worker.run(ThreadPoolExecutor.java:624)
	... 1 more
Caused by: org.apache.ratis.thirdparty.io.netty.channel.AbstractChannel$AnnotatedConnectException: Connection refused: /192.168.69.65:44128
	at sun.nio.ch.SocketChannelImpl.checkConnect(Native Method)
	at sun.nio.ch.SocketChannelImpl.finishConnect(SocketChannelImpl.java:717)
	at org.apache.ratis.thirdparty.io.netty.channel.socket.nio.NioSocketChannel.doFinishConnect(NioSocketChannel.java:327)
	at org.apache.ratis.thirdparty.io.netty.channel.nio.AbstractNioChannel$AbstractNioUnsafe.finishConnect(AbstractNioChannel.java:340)
	at org.apache.ratis.thirdparty.io.netty.channel.nio.NioEventLoop.processSelectedKey(NioEventLoop.java:632)
	at org.apache.ratis.thirdparty.io.netty.channel.nio.NioEventLoop.processSelectedKeysOptimized(NioEventLoop.java:579)
	at org.apache.ratis.thirdparty.io.netty.channel.nio.NioEventLoop.processSelectedKeys(NioEventLoop.java:496)
	at org.apache.ratis.thirdparty.io.netty.channel.nio.NioEventLoop.run(NioEventLoop.java:458)
	at org.apache.ratis.thirdparty.io.netty.util.concurrent.SingleThreadEventExecutor$5.run(SingleThreadEventExecutor.java:897)
	at org.apache.ratis.thirdparty.io.netty.util.concurrent.FastThreadLocalRunnable.run(FastThreadLocalRunnable.java:30)
	... 1 more
Caused by: java.net.ConnectException: Connection refused
	... 11 more
2019-11-14 22:35:59,127 [134e3363-1f82-43b5-a94b-e408c514013d@group-BA5CC5B18D18-LeaderElection62] INFO  impl.RoleInfo (RoleInfo.java:shutdownLeaderElection(134)) - 134e3363-1f82-43b5-a94b-e408c514013d: shutdown LeaderElection
2019-11-14 22:35:59,127 [134e3363-1f82-43b5-a94b-e408c514013d@group-BA5CC5B18D18-LeaderElection62] INFO  impl.RaftServerImpl (RaftServerImpl.java:setRole(173)) - 134e3363-1f82-43b5-a94b-e408c514013d@group-BA5CC5B18D18: changes role from CANDIDATE to LEADER at term 3 for changeToLeader
2019-11-14 22:35:59,127 [134e3363-1f82-43b5-a94b-e408c514013d@group-BA5CC5B18D18-LeaderElection62] INFO  ratis.XceiverServerRatis (XceiverServerRatis.java:handleLeaderChangedNotification(697)) - Leader change notification received for group: group-BA5CC5B18D18 with new leaderId: 134e3363-1f82-43b5-a94b-e408c514013d
2019-11-14 22:35:59,127 [134e3363-1f82-43b5-a94b-e408c514013d@group-BA5CC5B18D18-LeaderElection62] INFO  impl.RaftServerImpl (ServerState.java:setLeader(255)) - 134e3363-1f82-43b5-a94b-e408c514013d@group-BA5CC5B18D18: change Leader from null to 134e3363-1f82-43b5-a94b-e408c514013d at term 3 for becomeLeader, leader elected after 1134ms
2019-11-14 22:35:59,127 [134e3363-1f82-43b5-a94b-e408c514013d@group-BA5CC5B18D18-LeaderElection62] INFO  server.RaftServerConfigKeys (ConfUtils.java:logGet(43)) - raft.server.staging.catchup.gap = 1000 (default)
2019-11-14 22:35:59,127 [134e3363-1f82-43b5-a94b-e408c514013d@group-BA5CC5B18D18-LeaderElection62] INFO  server.RaftServerConfigKeys (ConfUtils.java:logGet(43)) - raft.server.rpc.sleep.time = 25ms (default)
2019-11-14 22:35:59,128 [134e3363-1f82-43b5-a94b-e408c514013d@group-BA5CC5B18D18-LeaderElection62] INFO  server.RaftServerConfigKeys (ConfUtils.java:logGet(43)) - raft.server.write.element-limit = 4096 (default)
2019-11-14 22:35:59,128 [134e3363-1f82-43b5-a94b-e408c514013d@group-BA5CC5B18D18-LeaderElection62] INFO  server.RaftServerConfigKeys (ConfUtils.java:logGet(43)) - raft.server.watch.timeout = 10s (default)
2019-11-14 22:35:59,128 [134e3363-1f82-43b5-a94b-e408c514013d@group-BA5CC5B18D18-LeaderElection62] INFO  server.RaftServerConfigKeys (ConfUtils.java:logGet(43)) - raft.server.watch.timeout.denomination = 1s (default)
2019-11-14 22:35:59,128 [134e3363-1f82-43b5-a94b-e408c514013d@group-BA5CC5B18D18-LeaderElection62] INFO  server.RaftServerConfigKeys (ConfUtils.java:logGet(43)) - raft.server.watch.element-limit = 65536 (default)
2019-11-14 22:35:59,128 [134e3363-1f82-43b5-a94b-e408c514013d@group-BA5CC5B18D18-LeaderElection62] INFO  server.RaftServerConfigKeys (ConfUtils.java:logGet(43)) - raft.server.log.appender.snapshot.chunk.size.max = 16MB (=16777216) (default)
2019-11-14 22:35:59,128 [134e3363-1f82-43b5-a94b-e408c514013d@group-BA5CC5B18D18-LeaderElection62] INFO  server.RaftServerConfigKeys (ConfUtils.java:logGet(43)) - raft.server.log.appender.buffer.byte-limit = 33554432 (custom)
2019-11-14 22:35:59,128 [134e3363-1f82-43b5-a94b-e408c514013d@group-BA5CC5B18D18-LeaderElection62] INFO  server.RaftServerConfigKeys (ConfUtils.java:logGet(43)) - raft.server.log.appender.buffer.element-limit = 1 (custom)
2019-11-14 22:35:59,128 [134e3363-1f82-43b5-a94b-e408c514013d@group-BA5CC5B18D18-LeaderElection62] INFO  grpc.GrpcConfigKeys$Server (ConfUtils.java:logGet(43)) - raft.grpc.server.leader.outstanding.appends.max = 128 (default)
2019-11-14 22:35:59,129 [134e3363-1f82-43b5-a94b-e408c514013d@group-BA5CC5B18D18-LeaderElection62] INFO  server.RaftServerConfigKeys (ConfUtils.java:logGet(43)) - raft.server.rpc.request.timeout = 3000ms (default)
2019-11-14 22:35:59,129 [134e3363-1f82-43b5-a94b-e408c514013d@group-BA5CC5B18D18-LeaderElection62] INFO  server.RaftServerConfigKeys (ConfUtils.java:logGet(43)) - raft.server.log.appender.install.snapshot.enabled = false (custom)
2019-11-14 22:35:59,129 [134e3363-1f82-43b5-a94b-e408c514013d@group-BA5CC5B18D18-LeaderElection62] WARN  impl.MetricRegistriesImpl (MetricRegistriesImpl.java:lambda$create$1(61)) - First MetricRegistry has been created without registering reporters. You may need to call MetricRegistries.global().addReportRegistration(...) before.
2019-11-14 22:35:59,129 [134e3363-1f82-43b5-a94b-e408c514013d@group-BA5CC5B18D18-LeaderElection62] INFO  server.RaftServerConfigKeys (ConfUtils.java:logGet(43)) - raft.server.log.appender.snapshot.chunk.size.max = 16MB (=16777216) (default)
2019-11-14 22:35:59,129 [134e3363-1f82-43b5-a94b-e408c514013d@group-BA5CC5B18D18-LeaderElection62] INFO  server.RaftServerConfigKeys (ConfUtils.java:logGet(43)) - raft.server.log.appender.buffer.byte-limit = 33554432 (custom)
2019-11-14 22:35:59,129 [134e3363-1f82-43b5-a94b-e408c514013d@group-BA5CC5B18D18-LeaderElection62] INFO  server.RaftServerConfigKeys (ConfUtils.java:logGet(43)) - raft.server.log.appender.buffer.element-limit = 1 (custom)
2019-11-14 22:35:59,129 [134e3363-1f82-43b5-a94b-e408c514013d@group-BA5CC5B18D18-LeaderElection62] INFO  grpc.GrpcConfigKeys$Server (ConfUtils.java:logGet(43)) - raft.grpc.server.leader.outstanding.appends.max = 128 (default)
2019-11-14 22:35:59,129 [134e3363-1f82-43b5-a94b-e408c514013d@group-BA5CC5B18D18-LeaderElection62] INFO  server.RaftServerConfigKeys (ConfUtils.java:logGet(43)) - raft.server.rpc.request.timeout = 3000ms (default)
2019-11-14 22:35:59,129 [134e3363-1f82-43b5-a94b-e408c514013d@group-BA5CC5B18D18-LeaderElection62] INFO  server.RaftServerConfigKeys (ConfUtils.java:logGet(43)) - raft.server.log.appender.install.snapshot.enabled = false (custom)
2019-11-14 22:35:59,130 [134e3363-1f82-43b5-a94b-e408c514013d@group-BA5CC5B18D18-LeaderElection62] INFO  impl.RoleInfo (RoleInfo.java:updateAndGet(143)) - 134e3363-1f82-43b5-a94b-e408c514013d: start LeaderState
2019-11-14 22:35:59,130 [134e3363-1f82-43b5-a94b-e408c514013d@group-BA5CC5B18D18-LeaderElection62] INFO  segmented.SegmentedRaftLogWorker (SegmentedRaftLogWorker.java:rollLogSegment(390)) - 134e3363-1f82-43b5-a94b-e408c514013d@group-BA5CC5B18D18-SegmentedRaftLogWorker: Rolling segment log-0_0 to index:0
2019-11-14 22:35:59,132 [134e3363-1f82-43b5-a94b-e408c514013d@group-BA5CC5B18D18-SegmentedRaftLogWorker] INFO  segmented.SegmentedRaftLogWorker (SegmentedRaftLogWorker.java:execute(533)) - 134e3363-1f82-43b5-a94b-e408c514013d@group-BA5CC5B18D18-SegmentedRaftLogWorker: Rolled log segment from /workdir/hadoop-ozone/integration-test/target/test-dir/MiniOzoneClusterImpl-479ab7c1-aba1-4cab-b6ff-ec51363c42af/datanode-5/data/ratis/e51d611f-836f-4cca-a11d-ba5cc5b18d18/current/log_inprogress_0 to /workdir/hadoop-ozone/integration-test/target/test-dir/MiniOzoneClusterImpl-479ab7c1-aba1-4cab-b6ff-ec51363c42af/datanode-5/data/ratis/e51d611f-836f-4cca-a11d-ba5cc5b18d18/current/log_0-0
2019-11-14 22:35:59,132 [134e3363-1f82-43b5-a94b-e408c514013d@group-BA5CC5B18D18-LeaderElection62] INFO  impl.RaftServerImpl (ServerState.java:setRaftConf(356)) - 134e3363-1f82-43b5-a94b-e408c514013d@group-BA5CC5B18D18: set configuration 1: [76b3b274-17aa-4635-9ecc-8bffa687e80e:192.168.69.65:46135, 71039d87-f713-4353-b155-a31bf00200f2:192.168.69.65:44128, 134e3363-1f82-43b5-a94b-e408c514013d:192.168.69.65:38811], old=null at 1
2019-11-14 22:35:59,132 [grpc-default-executor-5] WARN  server.GrpcLogAppender (LogUtils.java:warn(134)) - 134e3363-1f82-43b5-a94b-e408c514013d@group-BA5CC5B18D18->71039d87-f713-4353-b155-a31bf00200f2-AppendLogResponseHandler: Failed appendEntries: org.apache.ratis.thirdparty.io.grpc.StatusRuntimeException: UNAVAILABLE: io exception
2019-11-14 22:35:59,133 [grpc-default-executor-5] INFO  impl.FollowerInfo (FollowerInfo.java:lambda$new$0(51)) - 134e3363-1f82-43b5-a94b-e408c514013d@group-BA5CC5B18D18->71039d87-f713-4353-b155-a31bf00200f2: nextIndex: updateUnconditionally 1 -> 0
2019-11-14 22:35:59,133 [grpc-default-executor-5] INFO  ratis.XceiverServerRatis (XceiverServerRatis.java:handleLeaderChangedNotification(697)) - Leader change notification received for group: group-BA5CC5B18D18 with new leaderId: 134e3363-1f82-43b5-a94b-e408c514013d
2019-11-14 22:35:59,133 [grpc-default-executor-5] INFO  impl.RaftServerImpl (ServerState.java:setLeader(255)) - 76b3b274-17aa-4635-9ecc-8bffa687e80e@group-BA5CC5B18D18: change Leader from null to 134e3363-1f82-43b5-a94b-e408c514013d at term 3 for appendEntries, leader elected after 1098ms
2019-11-14 22:35:59,135 [grpc-default-executor-5] INFO  impl.RaftServerImpl (ServerState.java:setRaftConf(356)) - 76b3b274-17aa-4635-9ecc-8bffa687e80e@group-BA5CC5B18D18: set configuration 1: [76b3b274-17aa-4635-9ecc-8bffa687e80e:192.168.69.65:46135, 71039d87-f713-4353-b155-a31bf00200f2:192.168.69.65:44128, 134e3363-1f82-43b5-a94b-e408c514013d:192.168.69.65:38811], old=null at 1
2019-11-14 22:35:59,135 [grpc-default-executor-5] INFO  segmented.SegmentedRaftLogWorker (SegmentedRaftLogWorker.java:rollLogSegment(390)) - 76b3b274-17aa-4635-9ecc-8bffa687e80e@group-BA5CC5B18D18-SegmentedRaftLogWorker: Rolling segment log-0_0 to index:0
2019-11-14 22:35:59,136 [76b3b274-17aa-4635-9ecc-8bffa687e80e@group-BA5CC5B18D18-SegmentedRaftLogWorker] INFO  segmented.SegmentedRaftLogWorker (SegmentedRaftLogWorker.java:execute(533)) - 76b3b274-17aa-4635-9ecc-8bffa687e80e@group-BA5CC5B18D18-SegmentedRaftLogWorker: Rolled log segment from /workdir/hadoop-ozone/integration-test/target/test-dir/MiniOzoneClusterImpl-479ab7c1-aba1-4cab-b6ff-ec51363c42af/datanode-4/data/ratis/e51d611f-836f-4cca-a11d-ba5cc5b18d18/current/log_inprogress_0 to /workdir/hadoop-ozone/integration-test/target/test-dir/MiniOzoneClusterImpl-479ab7c1-aba1-4cab-b6ff-ec51363c42af/datanode-4/data/ratis/e51d611f-836f-4cca-a11d-ba5cc5b18d18/current/log_0-0
2019-11-14 22:35:59,182 [134e3363-1f82-43b5-a94b-e408c514013d@group-BA5CC5B18D18-SegmentedRaftLogWorker] INFO  segmented.SegmentedRaftLogWorker (SegmentedRaftLogWorker.java:execute(576)) - 134e3363-1f82-43b5-a94b-e408c514013d@group-BA5CC5B18D18-SegmentedRaftLogWorker: created new log segment /workdir/hadoop-ozone/integration-test/target/test-dir/MiniOzoneClusterImpl-479ab7c1-aba1-4cab-b6ff-ec51363c42af/datanode-5/data/ratis/e51d611f-836f-4cca-a11d-ba5cc5b18d18/current/log_inprogress_1
2019-11-14 22:35:59,182 [76b3b274-17aa-4635-9ecc-8bffa687e80e@group-BA5CC5B18D18-SegmentedRaftLogWorker] INFO  segmented.SegmentedRaftLogWorker (SegmentedRaftLogWorker.java:execute(576)) - 76b3b274-17aa-4635-9ecc-8bffa687e80e@group-BA5CC5B18D18-SegmentedRaftLogWorker: created new log segment /workdir/hadoop-ozone/integration-test/target/test-dir/MiniOzoneClusterImpl-479ab7c1-aba1-4cab-b6ff-ec51363c42af/datanode-4/data/ratis/e51d611f-836f-4cca-a11d-ba5cc5b18d18/current/log_inprogress_1
2019-11-14 22:35:59,197 [grpc-default-executor-4] WARN  server.GrpcLogAppender (LogUtils.java:warn(134)) - 134e3363-1f82-43b5-a94b-e408c514013d@group-BA5CC5B18D18->71039d87-f713-4353-b155-a31bf00200f2-AppendLogResponseHandler: Failed appendEntries: org.apache.ratis.thirdparty.io.grpc.StatusRuntimeException: UNAVAILABLE: io exception
2019-11-14 22:35:59,197 [grpc-default-executor-4] INFO  impl.FollowerInfo (FollowerInfo.java:lambda$new$0(51)) - 134e3363-1f82-43b5-a94b-e408c514013d@group-BA5CC5B18D18->71039d87-f713-4353-b155-a31bf00200f2: nextIndex: updateUnconditionally 1 -> 0
2019-11-14 22:35:59,209 [grpc-default-executor-5] WARN  server.GrpcLogAppender (LogUtils.java:warn(134)) - 134e3363-1f82-43b5-a94b-e408c514013d@group-BA5CC5B18D18->71039d87-f713-4353-b155-a31bf00200f2-AppendLogResponseHandler: Failed appendEntries: org.apache.ratis.thirdparty.io.grpc.StatusRuntimeException: UNAVAILABLE: io exception
2019-11-14 22:35:59,209 [grpc-default-executor-5] INFO  impl.FollowerInfo (FollowerInfo.java:lambda$new$0(51)) - 134e3363-1f82-43b5-a94b-e408c514013d@group-BA5CC5B18D18->71039d87-f713-4353-b155-a31bf00200f2: nextIndex: updateUnconditionally 1 -> 0
2019-11-14 22:35:59,380 [grpc-default-executor-0] WARN  server.GrpcLogAppender (LogUtils.java:warn(134)) - eb8bacec-1550-4eff-8b38-5938654b28d6@group-452512CD754F->b7b0f9e6-a213-4288-a637-63e9f4ecb8f2-AppendLogResponseHandler: Failed appendEntries: org.apache.ratis.thirdparty.io.grpc.StatusRuntimeException: UNAVAILABLE: io exception
2019-11-14 22:35:59,381 [grpc-default-executor-0] INFO  impl.FollowerInfo (FollowerInfo.java:lambda$new$0(51)) - eb8bacec-1550-4eff-8b38-5938654b28d6@group-452512CD754F->b7b0f9e6-a213-4288-a637-63e9f4ecb8f2: nextIndex: updateUnconditionally 0 -> 0
2019-11-14 22:35:59,714 [grpc-default-executor-4] WARN  server.GrpcLogAppender (LogUtils.java:warn(134)) - 134e3363-1f82-43b5-a94b-e408c514013d@group-BA5CC5B18D18->71039d87-f713-4353-b155-a31bf00200f2-AppendLogResponseHandler: Failed appendEntries: org.apache.ratis.thirdparty.io.grpc.StatusRuntimeException: UNAVAILABLE: io exception
2019-11-14 22:35:59,714 [grpc-default-executor-4] INFO  impl.FollowerInfo (FollowerInfo.java:lambda$new$0(51)) - 134e3363-1f82-43b5-a94b-e408c514013d@group-BA5CC5B18D18->71039d87-f713-4353-b155-a31bf00200f2: nextIndex: updateUnconditionally 0 -> 0
2019-11-14 22:35:59,885 [grpc-default-executor-0] WARN  server.GrpcLogAppender (LogUtils.java:warn(134)) - eb8bacec-1550-4eff-8b38-5938654b28d6@group-452512CD754F->b7b0f9e6-a213-4288-a637-63e9f4ecb8f2-AppendLogResponseHandler: Failed appendEntries: org.apache.ratis.thirdparty.io.grpc.StatusRuntimeException: UNAVAILABLE: io exception
2019-11-14 22:35:59,885 [grpc-default-executor-0] INFO  impl.FollowerInfo (FollowerInfo.java:lambda$new$0(51)) - eb8bacec-1550-4eff-8b38-5938654b28d6@group-452512CD754F->b7b0f9e6-a213-4288-a637-63e9f4ecb8f2: nextIndex: updateUnconditionally 0 -> 0
2019-11-14 22:36:00,218 [grpc-default-executor-4] WARN  server.GrpcLogAppender (LogUtils.java:warn(134)) - 134e3363-1f82-43b5-a94b-e408c514013d@group-BA5CC5B18D18->71039d87-f713-4353-b155-a31bf00200f2-AppendLogResponseHandler: Failed appendEntries: org.apache.ratis.thirdparty.io.grpc.StatusRuntimeException: UNAVAILABLE: io exception
2019-11-14 22:36:00,219 [grpc-default-executor-4] INFO  impl.FollowerInfo (FollowerInfo.java:lambda$new$0(51)) - 134e3363-1f82-43b5-a94b-e408c514013d@group-BA5CC5B18D18->71039d87-f713-4353-b155-a31bf00200f2: nextIndex: updateUnconditionally 0 -> 0
2019-11-14 22:36:00,386 [grpc-default-executor-5] WARN  server.GrpcLogAppender (LogUtils.java:warn(134)) - eb8bacec-1550-4eff-8b38-5938654b28d6@group-452512CD754F->b7b0f9e6-a213-4288-a637-63e9f4ecb8f2-AppendLogResponseHandler: Failed appendEntries: org.apache.ratis.thirdparty.io.grpc.StatusRuntimeException: UNAVAILABLE: io exception
2019-11-14 22:36:00,386 [grpc-default-executor-5] INFO  impl.FollowerInfo (FollowerInfo.java:lambda$new$0(51)) - eb8bacec-1550-4eff-8b38-5938654b28d6@group-452512CD754F->b7b0f9e6-a213-4288-a637-63e9f4ecb8f2: nextIndex: updateUnconditionally 0 -> 0
2019-11-14 22:36:00,721 [grpc-default-executor-0] WARN  server.GrpcLogAppender (LogUtils.java:warn(134)) - 134e3363-1f82-43b5-a94b-e408c514013d@group-BA5CC5B18D18->71039d87-f713-4353-b155-a31bf00200f2-AppendLogResponseHandler: Failed appendEntries: org.apache.ratis.thirdparty.io.grpc.StatusRuntimeException: UNAVAILABLE: io exception
2019-11-14 22:36:00,721 [grpc-default-executor-0] INFO  impl.FollowerInfo (FollowerInfo.java:lambda$new$0(51)) - 134e3363-1f82-43b5-a94b-e408c514013d@group-BA5CC5B18D18->71039d87-f713-4353-b155-a31bf00200f2: nextIndex: updateUnconditionally 0 -> 0
2019-11-14 22:36:00,885 [grpc-default-executor-4] WARN  server.GrpcLogAppender (LogUtils.java:warn(134)) - eb8bacec-1550-4eff-8b38-5938654b28d6@group-452512CD754F->b7b0f9e6-a213-4288-a637-63e9f4ecb8f2-AppendLogResponseHandler: Failed appendEntries: org.apache.ratis.thirdparty.io.grpc.StatusRuntimeException: UNAVAILABLE: io exception
2019-11-14 22:36:00,886 [grpc-default-executor-4] INFO  impl.FollowerInfo (FollowerInfo.java:lambda$new$0(51)) - eb8bacec-1550-4eff-8b38-5938654b28d6@group-452512CD754F->b7b0f9e6-a213-4288-a637-63e9f4ecb8f2: nextIndex: updateUnconditionally 0 -> 0
2019-11-14 22:36:01,223 [grpc-default-executor-4] WARN  server.GrpcLogAppender (LogUtils.java:warn(134)) - 134e3363-1f82-43b5-a94b-e408c514013d@group-BA5CC5B18D18->71039d87-f713-4353-b155-a31bf00200f2-AppendLogResponseHandler: Failed appendEntries: org.apache.ratis.thirdparty.io.grpc.StatusRuntimeException: UNAVAILABLE: io exception
2019-11-14 22:36:01,224 [grpc-default-executor-4] INFO  impl.FollowerInfo (FollowerInfo.java:lambda$new$0(51)) - 134e3363-1f82-43b5-a94b-e408c514013d@group-BA5CC5B18D18->71039d87-f713-4353-b155-a31bf00200f2: nextIndex: updateUnconditionally 0 -> 0
2019-11-14 22:36:01,387 [grpc-default-executor-5] WARN  server.GrpcLogAppender (LogUtils.java:warn(134)) - eb8bacec-1550-4eff-8b38-5938654b28d6@group-452512CD754F->b7b0f9e6-a213-4288-a637-63e9f4ecb8f2-AppendLogResponseHandler: Failed appendEntries: org.apache.ratis.thirdparty.io.grpc.StatusRuntimeException: UNAVAILABLE: io exception
2019-11-14 22:36:01,387 [grpc-default-executor-5] INFO  impl.FollowerInfo (FollowerInfo.java:lambda$new$0(51)) - eb8bacec-1550-4eff-8b38-5938654b28d6@group-452512CD754F->b7b0f9e6-a213-4288-a637-63e9f4ecb8f2: nextIndex: updateUnconditionally 0 -> 0
2019-11-14 22:36:01,729 [grpc-default-executor-4] WARN  server.GrpcLogAppender (LogUtils.java:warn(134)) - 134e3363-1f82-43b5-a94b-e408c514013d@group-BA5CC5B18D18->71039d87-f713-4353-b155-a31bf00200f2-AppendLogResponseHandler: Failed appendEntries: org.apache.ratis.thirdparty.io.grpc.StatusRuntimeException: UNAVAILABLE: io exception
2019-11-14 22:36:01,729 [grpc-default-executor-4] INFO  impl.FollowerInfo (FollowerInfo.java:lambda$new$0(51)) - 134e3363-1f82-43b5-a94b-e408c514013d@group-BA5CC5B18D18->71039d87-f713-4353-b155-a31bf00200f2: nextIndex: updateUnconditionally 0 -> 0
2019-11-14 22:36:01,888 [grpc-default-executor-5] WARN  server.GrpcLogAppender (LogUtils.java:warn(134)) - eb8bacec-1550-4eff-8b38-5938654b28d6@group-452512CD754F->b7b0f9e6-a213-4288-a637-63e9f4ecb8f2-AppendLogResponseHandler: Failed appendEntries: org.apache.ratis.thirdparty.io.grpc.StatusRuntimeException: UNAVAILABLE: io exception
2019-11-14 22:36:01,888 [grpc-default-executor-5] INFO  impl.FollowerInfo (FollowerInfo.java:lambda$new$0(51)) - eb8bacec-1550-4eff-8b38-5938654b28d6@group-452512CD754F->b7b0f9e6-a213-4288-a637-63e9f4ecb8f2: nextIndex: updateUnconditionally 0 -> 0
2019-11-14 22:36:02,128 [ForkJoinPool.commonPool-worker-1] INFO  ozoneimpl.OzoneContainer (OzoneContainer.java:stop(244)) - Attempting to stop container services.
2019-11-14 22:36:02,129 [ForkJoinPool.commonPool-worker-1] INFO  impl.RaftServerProxy (RaftServerProxy.java:lambda$close$4(314)) - eb8bacec-1550-4eff-8b38-5938654b28d6: close
2019-11-14 22:36:02,130 [ForkJoinPool.commonPool-worker-1] INFO  impl.RaftServerImpl (RaftServerImpl.java:lambda$shutdown$3(250)) - eb8bacec-1550-4eff-8b38-5938654b28d6@group-D51DA1A96FD7: shutdown
2019-11-14 22:36:02,130 [ForkJoinPool.commonPool-worker-1] INFO  util.JmxRegister (JmxRegister.java:unregister(73)) - Successfully un-registered JMX Bean with object name Ratis:service=RaftServer,group=group-D51DA1A96FD7,id=eb8bacec-1550-4eff-8b38-5938654b28d6
2019-11-14 22:36:02,131 [ForkJoinPool.commonPool-worker-1] INFO  impl.RoleInfo (RoleInfo.java:shutdownLeaderState(104)) - eb8bacec-1550-4eff-8b38-5938654b28d6: shutdown LeaderState
2019-11-14 22:36:02,131 [ForkJoinPool.commonPool-worker-1] INFO  impl.PendingRequests (PendingRequests.java:sendNotLeaderResponses(206)) - eb8bacec-1550-4eff-8b38-5938654b28d6@group-D51DA1A96FD7-PendingRequests: sendNotLeaderResponses
2019-11-14 22:36:02,132 [ForkJoinPool.commonPool-worker-1] INFO  impl.StateMachineUpdater (StateMachineUpdater.java:stopAndJoin(136)) - eb8bacec-1550-4eff-8b38-5938654b28d6@group-D51DA1A96FD7-StateMachineUpdater: set stopIndex = 0
2019-11-14 22:36:02,133 [ForkJoinPool.commonPool-worker-1] INFO  impl.RaftServerImpl (ServerState.java:close(387)) - eb8bacec-1550-4eff-8b38-5938654b28d6@group-D51DA1A96FD7: closes. applyIndex: 0
2019-11-14 22:36:02,133 [eb8bacec-1550-4eff-8b38-5938654b28d6@group-D51DA1A96FD7-SegmentedRaftLogWorker] INFO  segmented.SegmentedRaftLogWorker (SegmentedRaftLogWorker.java:run(316)) - eb8bacec-1550-4eff-8b38-5938654b28d6@group-D51DA1A96FD7-SegmentedRaftLogWorker was interrupted, exiting. There are 0 tasks remaining in the queue.
2019-11-14 22:36:02,137 [main] INFO  ozoneimpl.OzoneContainer (OzoneContainer.java:stop(244)) - Attempting to stop container services.
2019-11-14 22:36:02,137 [main] INFO  impl.RaftServerProxy (RaftServerProxy.java:lambda$close$4(314)) - 134e3363-1f82-43b5-a94b-e408c514013d: close
2019-11-14 22:36:02,138 [main] INFO  impl.RaftServerImpl (RaftServerImpl.java:lambda$shutdown$3(250)) - 134e3363-1f82-43b5-a94b-e408c514013d@group-25DC282C183E: shutdown
2019-11-14 22:36:02,138 [main] INFO  util.JmxRegister (JmxRegister.java:unregister(73)) - Successfully un-registered JMX Bean with object name Ratis:service=RaftServer,group=group-25DC282C183E,id=134e3363-1f82-43b5-a94b-e408c514013d
2019-11-14 22:36:02,138 [main] INFO  impl.RoleInfo (RoleInfo.java:shutdownLeaderState(104)) - 134e3363-1f82-43b5-a94b-e408c514013d: shutdown LeaderState
2019-11-14 22:36:02,139 [main] INFO  impl.PendingRequests (PendingRequests.java:sendNotLeaderResponses(206)) - 134e3363-1f82-43b5-a94b-e408c514013d@group-25DC282C183E-PendingRequests: sendNotLeaderResponses
2019-11-14 22:36:02,139 [main] INFO  impl.StateMachineUpdater (StateMachineUpdater.java:stopAndJoin(136)) - 134e3363-1f82-43b5-a94b-e408c514013d@group-25DC282C183E-StateMachineUpdater: set stopIndex = 0
2019-11-14 22:36:02,140 [main] INFO  impl.RaftServerImpl (ServerState.java:close(387)) - 134e3363-1f82-43b5-a94b-e408c514013d@group-25DC282C183E: closes. applyIndex: 0
2019-11-14 22:36:02,141 [134e3363-1f82-43b5-a94b-e408c514013d@group-25DC282C183E-SegmentedRaftLogWorker] INFO  segmented.SegmentedRaftLogWorker (SegmentedRaftLogWorker.java:run(316)) - 134e3363-1f82-43b5-a94b-e408c514013d@group-25DC282C183E-SegmentedRaftLogWorker was interrupted, exiting. There are 0 tasks remaining in the queue.
2019-11-14 22:36:02,168 [main] INFO  segmented.SegmentedRaftLogWorker (SegmentedRaftLogWorker.java:close(224)) - 134e3363-1f82-43b5-a94b-e408c514013d@group-25DC282C183E-SegmentedRaftLogWorker close()
2019-11-14 22:36:02,168 [ForkJoinPool.commonPool-worker-1] INFO  segmented.SegmentedRaftLogWorker (SegmentedRaftLogWorker.java:close(224)) - eb8bacec-1550-4eff-8b38-5938654b28d6@group-D51DA1A96FD7-SegmentedRaftLogWorker close()
2019-11-14 22:36:02,170 [main] INFO  impl.RaftServerImpl (RaftServerImpl.java:lambda$shutdown$3(250)) - 134e3363-1f82-43b5-a94b-e408c514013d@group-BA5CC5B18D18: shutdown
2019-11-14 22:36:02,171 [ForkJoinPool.commonPool-worker-1] INFO  impl.RaftServerImpl (RaftServerImpl.java:lambda$shutdown$3(250)) - eb8bacec-1550-4eff-8b38-5938654b28d6@group-452512CD754F: shutdown
2019-11-14 22:36:02,171 [main] INFO  util.JmxRegister (JmxRegister.java:unregister(73)) - Successfully un-registered JMX Bean with object name Ratis:service=RaftServer,group=group-BA5CC5B18D18,id=134e3363-1f82-43b5-a94b-e408c514013d
2019-11-14 22:36:02,171 [ForkJoinPool.commonPool-worker-1] INFO  util.JmxRegister (JmxRegister.java:unregister(73)) - Successfully un-registered JMX Bean with object name Ratis:service=RaftServer,group=group-452512CD754F,id=eb8bacec-1550-4eff-8b38-5938654b28d6
2019-11-14 22:36:02,172 [main] INFO  impl.RoleInfo (RoleInfo.java:shutdownLeaderState(104)) - 134e3363-1f82-43b5-a94b-e408c514013d: shutdown LeaderState
2019-11-14 22:36:02,172 [ForkJoinPool.commonPool-worker-1] INFO  impl.RoleInfo (RoleInfo.java:shutdownLeaderState(104)) - eb8bacec-1550-4eff-8b38-5938654b28d6: shutdown LeaderState
2019-11-14 22:36:02,174 [org.apache.ratis.server.impl.LogAppender$AppenderDaemon$$Lambda$513/1968553077@1de30ae] WARN  server.GrpcLogAppender (GrpcLogAppender.java:mayWait(151)) - 134e3363-1f82-43b5-a94b-e408c514013d@group-BA5CC5B18D18->76b3b274-17aa-4635-9ecc-8bffa687e80e-GrpcLogAppender: Wait interrupted by java.lang.InterruptedException
2019-11-14 22:36:02,175 [org.apache.ratis.server.impl.LogAppender$AppenderDaemon$$Lambda$513/1968553077@49795180] WARN  server.GrpcLogAppender (GrpcLogAppender.java:mayWait(151)) - eb8bacec-1550-4eff-8b38-5938654b28d6@group-452512CD754F->b7b0f9e6-a213-4288-a637-63e9f4ecb8f2-GrpcLogAppender: Wait interrupted by java.lang.InterruptedException
2019-11-14 22:36:02,174 [org.apache.ratis.server.impl.LogAppender$AppenderDaemon$$Lambda$513/1968553077@40989c9f] WARN  server.GrpcLogAppender (GrpcLogAppender.java:mayWait(151)) - 134e3363-1f82-43b5-a94b-e408c514013d@group-BA5CC5B18D18->71039d87-f713-4353-b155-a31bf00200f2-GrpcLogAppender: Wait interrupted by java.lang.InterruptedException
2019-11-14 22:36:02,173 [main] INFO  impl.PendingRequests (PendingRequests.java:sendNotLeaderResponses(206)) - 134e3363-1f82-43b5-a94b-e408c514013d@group-BA5CC5B18D18-PendingRequests: sendNotLeaderResponses
2019-11-14 22:36:02,175 [org.apache.ratis.server.impl.LogAppender$AppenderDaemon$$Lambda$513/1968553077@c7bde6b] WARN  server.GrpcLogAppender (GrpcLogAppender.java:mayWait(151)) - eb8bacec-1550-4eff-8b38-5938654b28d6@group-452512CD754F->2427739b-b0e6-43d8-8c20-3c7e368f4410-GrpcLogAppender: Wait interrupted by java.lang.InterruptedException
2019-11-14 22:36:02,175 [ForkJoinPool.commonPool-worker-1] INFO  impl.PendingRequests (PendingRequests.java:sendNotLeaderResponses(206)) - eb8bacec-1550-4eff-8b38-5938654b28d6@group-452512CD754F-PendingRequests: sendNotLeaderResponses
2019-11-14 22:36:02,177 [main] INFO  impl.StateMachineUpdater (StateMachineUpdater.java:stopAndJoin(136)) - 134e3363-1f82-43b5-a94b-e408c514013d@group-BA5CC5B18D18-StateMachineUpdater: set stopIndex = 2
2019-11-14 22:36:02,177 [grpc-default-executor-5] INFO  server.GrpcServerProtocolService (GrpcServerProtocolService.java:onCompleted(113)) - 76b3b274-17aa-4635-9ecc-8bffa687e80e: Completed APPEND_ENTRIES, lastRequest: 134e3363-1f82-43b5-a94b-e408c514013d->76b3b274-17aa-4635-9ecc-8bffa687e80e#7-t3, previous=(t:3, i:2), leaderCommit=2, initializing? false, entries: <empty>
2019-11-14 22:36:02,177 [grpc-default-executor-4] INFO  server.GrpcServerProtocolService (GrpcServerProtocolService.java:onCompleted(113)) - 2427739b-b0e6-43d8-8c20-3c7e368f4410: Completed APPEND_ENTRIES, lastRequest: eb8bacec-1550-4eff-8b38-5938654b28d6->2427739b-b0e6-43d8-8c20-3c7e368f4410#20-t1, previous=(t:1, i:0), leaderCommit=0, initializing? false, entries: <empty>
2019-11-14 22:36:02,177 [ForkJoinPool.commonPool-worker-1] INFO  impl.StateMachineUpdater (StateMachineUpdater.java:stopAndJoin(136)) - eb8bacec-1550-4eff-8b38-5938654b28d6@group-452512CD754F-StateMachineUpdater: set stopIndex = 0
2019-11-14 22:36:02,177 [main] INFO  impl.RaftServerImpl (ServerState.java:close(387)) - 134e3363-1f82-43b5-a94b-e408c514013d@group-BA5CC5B18D18: closes. applyIndex: 2
2019-11-14 22:36:02,178 [ForkJoinPool.commonPool-worker-1] INFO  impl.RaftServerImpl (ServerState.java:close(387)) - eb8bacec-1550-4eff-8b38-5938654b28d6@group-452512CD754F: closes. applyIndex: 0
2019-11-14 22:36:02,178 [134e3363-1f82-43b5-a94b-e408c514013d@group-BA5CC5B18D18-SegmentedRaftLogWorker] INFO  segmented.SegmentedRaftLogWorker (SegmentedRaftLogWorker.java:run(316)) - 134e3363-1f82-43b5-a94b-e408c514013d@group-BA5CC5B18D18-SegmentedRaftLogWorker was interrupted, exiting. There are 0 tasks remaining in the queue.
2019-11-14 22:36:02,179 [grpc-default-executor-4] INFO  server.GrpcLogAppender (GrpcLogAppender.java:onCompleted(308)) - eb8bacec-1550-4eff-8b38-5938654b28d6@group-452512CD754F->2427739b-b0e6-43d8-8c20-3c7e368f4410-AppendLogResponseHandler: follower responses appendEntries COMPLETED
2019-11-14 22:36:02,180 [main] INFO  segmented.SegmentedRaftLogWorker (SegmentedRaftLogWorker.java:close(224)) - 134e3363-1f82-43b5-a94b-e408c514013d@group-BA5CC5B18D18-SegmentedRaftLogWorker close()
2019-11-14 22:36:02,180 [eb8bacec-1550-4eff-8b38-5938654b28d6@group-452512CD754F-SegmentedRaftLogWorker] INFO  segmented.SegmentedRaftLogWorker (SegmentedRaftLogWorker.java:run(316)) - eb8bacec-1550-4eff-8b38-5938654b28d6@group-452512CD754F-SegmentedRaftLogWorker was interrupted, exiting. There are 0 tasks remaining in the queue.
2019-11-14 22:36:02,179 [grpc-default-executor-5] INFO  server.GrpcLogAppender (GrpcLogAppender.java:onCompleted(308)) - 134e3363-1f82-43b5-a94b-e408c514013d@group-BA5CC5B18D18->76b3b274-17aa-4635-9ecc-8bffa687e80e-AppendLogResponseHandler: follower responses appendEntries COMPLETED
2019-11-14 22:36:02,182 [main] INFO  server.GrpcService (GrpcService.java:closeImpl(164)) - 134e3363-1f82-43b5-a94b-e408c514013d: shutdown server with port 38811 now
2019-11-14 22:36:02,183 [grpc-default-executor-4] INFO  impl.FollowerInfo (FollowerInfo.java:lambda$new$0(51)) - eb8bacec-1550-4eff-8b38-5938654b28d6@group-452512CD754F->2427739b-b0e6-43d8-8c20-3c7e368f4410: nextIndex: updateUnconditionally 1 -> 0
2019-11-14 22:36:02,183 [grpc-default-executor-5] INFO  impl.FollowerInfo (FollowerInfo.java:lambda$new$0(51)) - 134e3363-1f82-43b5-a94b-e408c514013d@group-BA5CC5B18D18->76b3b274-17aa-4635-9ecc-8bffa687e80e: nextIndex: updateUnconditionally 3 -> 2
2019-11-14 22:36:02,184 [ForkJoinPool.commonPool-worker-1] INFO  segmented.SegmentedRaftLogWorker (SegmentedRaftLogWorker.java:close(224)) - eb8bacec-1550-4eff-8b38-5938654b28d6@group-452512CD754F-SegmentedRaftLogWorker close()
2019-11-14 22:36:02,184 [main] INFO  server.GrpcService (GrpcService.java:closeImpl(172)) - 134e3363-1f82-43b5-a94b-e408c514013d: shutdown server with port 38811 successfully
2019-11-14 22:36:02,185 [ForkJoinPool.commonPool-worker-1] INFO  server.GrpcService (GrpcService.java:closeImpl(164)) - eb8bacec-1550-4eff-8b38-5938654b28d6: shutdown server with port 45501 now
2019-11-14 22:36:02,186 [ForkJoinPool.commonPool-worker-1] INFO  server.GrpcService (GrpcService.java:closeImpl(172)) - eb8bacec-1550-4eff-8b38-5938654b28d6: shutdown server with port 45501 successfully
2019-11-14 22:36:02,188 [refreshUsed-/workdir/hadoop-ozone/integration-test/target/test-dir/MiniOzoneClusterImpl-479ab7c1-aba1-4cab-b6ff-ec51363c42af/datanode-5/data/containers] WARN  fs.CachingGetSpaceUsed (CachingGetSpaceUsed.java:run(183)) - Thread Interrupted waiting to refresh disk information: sleep interrupted
2019-11-14 22:36:02,190 [refreshUsed-/workdir/hadoop-ozone/integration-test/target/test-dir/MiniOzoneClusterImpl-479ab7c1-aba1-4cab-b6ff-ec51363c42af/datanode-2/data/containers] WARN  fs.CachingGetSpaceUsed (CachingGetSpaceUsed.java:run(183)) - Thread Interrupted waiting to refresh disk information: sleep interrupted
2019-11-14 22:36:02,211 [ForkJoinPool.commonPool-worker-1] INFO  utils.BackgroundService (BackgroundService.java:shutdown(151)) - Shutting down service BlockDeletingService
2019-11-14 22:36:02,215 [ForkJoinPool.commonPool-worker-1] INFO  statemachine.DatanodeStateMachine (DatanodeStateMachine.java:stopDaemon(395)) - Ozone container server stopped.
2019-11-14 22:36:02,219 [ForkJoinPool.commonPool-worker-1] INFO  handler.ContextHandler (ContextHandler.java:doStop(910)) - Stopped o.e.j.w.WebAppContext@5b47731f{/,null,UNAVAILABLE}{/hddsDatanode}
2019-11-14 22:36:02,220 [ForkJoinPool.commonPool-worker-1] INFO  server.AbstractConnector (AbstractConnector.java:doStop(318)) - Stopped ServerConnector@233db8e9{HTTP/1.1,[http/1.1]}{0.0.0.0:0}
2019-11-14 22:36:02,221 [ForkJoinPool.commonPool-worker-1] INFO  handler.ContextHandler (ContextHandler.java:doStop(910)) - Stopped o.e.j.s.ServletContextHandler@10272bbb{/static,jar:file:/home/user/.m2/repository/org/apache/hadoop/hadoop-hdds-container-service/0.5.0-SNAPSHOT/hadoop-hdds-container-service-0.5.0-SNAPSHOT.jar!/webapps/static,UNAVAILABLE}
2019-11-14 22:36:02,222 [ForkJoinPool.commonPool-worker-1] INFO  handler.ContextHandler (ContextHandler.java:doStop(910)) - Stopped o.e.j.s.ServletContextHandler@4b0bd001{/logs,file:///workdir/hadoop-ozone/integration-test/target/log,UNAVAILABLE}
2019-11-14 22:36:02,226 [main] INFO  utils.BackgroundService (BackgroundService.java:shutdown(151)) - Shutting down service BlockDeletingService
2019-11-14 22:36:02,228 [main] INFO  statemachine.DatanodeStateMachine (DatanodeStateMachine.java:stopDaemon(395)) - Ozone container server stopped.
2019-11-14 22:36:02,230 [main] INFO  handler.ContextHandler (ContextHandler.java:doStop(910)) - Stopped o.e.j.w.WebAppContext@416d56f2{/,null,UNAVAILABLE}{/hddsDatanode}
2019-11-14 22:36:02,230 [main] INFO  server.AbstractConnector (AbstractConnector.java:doStop(318)) - Stopped ServerConnector@6e31d989{HTTP/1.1,[http/1.1]}{0.0.0.0:0}
2019-11-14 22:36:02,230 [main] INFO  handler.ContextHandler (ContextHandler.java:doStop(910)) - Stopped o.e.j.s.ServletContextHandler@58a2d9f9{/static,jar:file:/home/user/.m2/repository/org/apache/hadoop/hadoop-hdds-container-service/0.5.0-SNAPSHOT/hadoop-hdds-container-service-0.5.0-SNAPSHOT.jar!/webapps/static,UNAVAILABLE}
2019-11-14 22:36:02,231 [main] INFO  handler.ContextHandler (ContextHandler.java:doStop(910)) - Stopped o.e.j.s.ServletContextHandler@32456db0{/logs,file:///workdir/hadoop-ozone/integration-test/target/log,UNAVAILABLE}
2019-11-14 22:36:02,370 [Datanode State Machine Thread - 0] INFO  statemachine.DatanodeStateMachine (DatanodeStateMachine.java:lambda$startDaemon$0(350)) - Ozone container server started.
2019-11-14 22:36:02,712 [Datanode State Machine Thread - 0] INFO  statemachine.DatanodeStateMachine (DatanodeStateMachine.java:lambda$startDaemon$0(350)) - Ozone container server started.
2019-11-14 22:36:03,325 [Thread-1658] INFO  impl.FollowerState (FollowerState.java:run(111)) - 2427739b-b0e6-43d8-8c20-3c7e368f4410@group-452512CD754F-FollowerState: change to CANDIDATE, lastRpcTime:1429ms, electionTimeout:1161ms
2019-11-14 22:36:03,325 [Thread-1658] INFO  impl.RoleInfo (RoleInfo.java:shutdownFollowerState(121)) - 2427739b-b0e6-43d8-8c20-3c7e368f4410: shutdown FollowerState
2019-11-14 22:36:03,326 [Thread-1658] INFO  impl.RaftServerImpl (RaftServerImpl.java:setRole(173)) - 2427739b-b0e6-43d8-8c20-3c7e368f4410@group-452512CD754F: changes role from  FOLLOWER to CANDIDATE at term 1 for changeToCandidate
2019-11-14 22:36:03,326 [Thread-1658] INFO  impl.RoleInfo (RoleInfo.java:updateAndGet(143)) - 2427739b-b0e6-43d8-8c20-3c7e368f4410: start LeaderElection
2019-11-14 22:36:03,332 [2427739b-b0e6-43d8-8c20-3c7e368f4410@group-452512CD754F-LeaderElection63] INFO  impl.RaftServerImpl (ServerState.java:setLeader(255)) - 2427739b-b0e6-43d8-8c20-3c7e368f4410@group-452512CD754F: change Leader from eb8bacec-1550-4eff-8b38-5938654b28d6 to null at term 1 for initElection
2019-11-14 22:36:03,348 [2427739b-b0e6-43d8-8c20-3c7e368f4410@group-452512CD754F-LeaderElection63] INFO  impl.LeaderElection (LeaderElection.java:askForVotes(178)) - 2427739b-b0e6-43d8-8c20-3c7e368f4410@group-452512CD754F-LeaderElection63: begin an election at term 2 for 0: [2427739b-b0e6-43d8-8c20-3c7e368f4410:192.168.69.65:43712, b7b0f9e6-a213-4288-a637-63e9f4ecb8f2:192.168.69.65:39870, eb8bacec-1550-4eff-8b38-5938654b28d6:192.168.69.65:45501], old=null
2019-11-14 22:36:03,351 [2427739b-b0e6-43d8-8c20-3c7e368f4410@group-452512CD754F-LeaderElection63] INFO  impl.LeaderElection (LogUtils.java:infoOrTrace(149)) - 2427739b-b0e6-43d8-8c20-3c7e368f4410@group-452512CD754F-LeaderElection63 got exception when requesting votes: {}
java.util.concurrent.ExecutionException: org.apache.ratis.thirdparty.io.grpc.StatusRuntimeException: UNAVAILABLE: io exception
	at java.util.concurrent.FutureTask.report(FutureTask.java:122)
	at java.util.concurrent.FutureTask.get(FutureTask.java:192)
	at org.apache.ratis.server.impl.LeaderElection.waitForResults(LeaderElection.java:259)
	at org.apache.ratis.server.impl.LeaderElection.askForVotes(LeaderElection.java:197)
	at org.apache.ratis.server.impl.LeaderElection.run(LeaderElection.java:133)
	at java.lang.Thread.run(Thread.java:748)
Caused by: org.apache.ratis.thirdparty.io.grpc.StatusRuntimeException: UNAVAILABLE: io exception
	at org.apache.ratis.thirdparty.io.grpc.stub.ClientCalls.toStatusRuntimeException(ClientCalls.java:233)
	at org.apache.ratis.thirdparty.io.grpc.stub.ClientCalls.getUnchecked(ClientCalls.java:214)
	at org.apache.ratis.thirdparty.io.grpc.stub.ClientCalls.blockingUnaryCall(ClientCalls.java:139)
	at org.apache.ratis.proto.grpc.RaftServerProtocolServiceGrpc$RaftServerProtocolServiceBlockingStub.requestVote(RaftServerProtocolServiceGrpc.java:265)
	at org.apache.ratis.grpc.server.GrpcServerProtocolClient.requestVote(GrpcServerProtocolClient.java:99)
	at org.apache.ratis.grpc.server.GrpcService.requestVote(GrpcService.java:204)
	at org.apache.ratis.server.impl.LeaderElection.lambda$submitRequests$1(LeaderElection.java:234)
	at java.util.concurrent.FutureTask.run(FutureTask.java:266)
	at java.util.concurrent.Executors$RunnableAdapter.call(Executors.java:511)
	at java.util.concurrent.FutureTask.run(FutureTask.java:266)
	at java.util.concurrent.ThreadPoolExecutor.runWorker(ThreadPoolExecutor.java:1149)
	at java.util.concurrent.ThreadPoolExecutor$Worker.run(ThreadPoolExecutor.java:624)
	... 1 more
Caused by: org.apache.ratis.thirdparty.io.netty.channel.AbstractChannel$AnnotatedConnectException: Connection refused: /192.168.69.65:45501
	at sun.nio.ch.SocketChannelImpl.checkConnect(Native Method)
	at sun.nio.ch.SocketChannelImpl.finishConnect(SocketChannelImpl.java:717)
	at org.apache.ratis.thirdparty.io.netty.channel.socket.nio.NioSocketChannel.doFinishConnect(NioSocketChannel.java:327)
	at org.apache.ratis.thirdparty.io.netty.channel.nio.AbstractNioChannel$AbstractNioUnsafe.finishConnect(AbstractNioChannel.java:340)
	at org.apache.ratis.thirdparty.io.netty.channel.nio.NioEventLoop.processSelectedKey(NioEventLoop.java:632)
	at org.apache.ratis.thirdparty.io.netty.channel.nio.NioEventLoop.processSelectedKeysOptimized(NioEventLoop.java:579)
	at org.apache.ratis.thirdparty.io.netty.channel.nio.NioEventLoop.processSelectedKeys(NioEventLoop.java:496)
	at org.apache.ratis.thirdparty.io.netty.channel.nio.NioEventLoop.run(NioEventLoop.java:458)
	at org.apache.ratis.thirdparty.io.netty.util.concurrent.SingleThreadEventExecutor$5.run(SingleThreadEventExecutor.java:897)
	at org.apache.ratis.thirdparty.io.netty.util.concurrent.FastThreadLocalRunnable.run(FastThreadLocalRunnable.java:30)
	... 1 more
Caused by: java.net.ConnectException: Connection refused
	... 11 more
2019-11-14 22:36:03,353 [2427739b-b0e6-43d8-8c20-3c7e368f4410@group-452512CD754F-LeaderElection63] INFO  impl.LeaderElection (LogUtils.java:infoOrTrace(149)) - 2427739b-b0e6-43d8-8c20-3c7e368f4410@group-452512CD754F-LeaderElection63 got exception when requesting votes: {}
java.util.concurrent.ExecutionException: org.apache.ratis.thirdparty.io.grpc.StatusRuntimeException: UNAVAILABLE: io exception
	at java.util.concurrent.FutureTask.report(FutureTask.java:122)
	at java.util.concurrent.FutureTask.get(FutureTask.java:192)
	at org.apache.ratis.server.impl.LeaderElection.waitForResults(LeaderElection.java:259)
	at org.apache.ratis.server.impl.LeaderElection.askForVotes(LeaderElection.java:197)
	at org.apache.ratis.server.impl.LeaderElection.run(LeaderElection.java:133)
	at java.lang.Thread.run(Thread.java:748)
Caused by: org.apache.ratis.thirdparty.io.grpc.StatusRuntimeException: UNAVAILABLE: io exception
	at org.apache.ratis.thirdparty.io.grpc.stub.ClientCalls.toStatusRuntimeException(ClientCalls.java:233)
	at org.apache.ratis.thirdparty.io.grpc.stub.ClientCalls.getUnchecked(ClientCalls.java:214)
	at org.apache.ratis.thirdparty.io.grpc.stub.ClientCalls.blockingUnaryCall(ClientCalls.java:139)
	at org.apache.ratis.proto.grpc.RaftServerProtocolServiceGrpc$RaftServerProtocolServiceBlockingStub.requestVote(RaftServerProtocolServiceGrpc.java:265)
	at org.apache.ratis.grpc.server.GrpcServerProtocolClient.requestVote(GrpcServerProtocolClient.java:99)
	at org.apache.ratis.grpc.server.GrpcService.requestVote(GrpcService.java:204)
	at org.apache.ratis.server.impl.LeaderElection.lambda$submitRequests$1(LeaderElection.java:234)
	at java.util.concurrent.FutureTask.run(FutureTask.java:266)
	at java.util.concurrent.Executors$RunnableAdapter.call(Executors.java:511)
	at java.util.concurrent.FutureTask.run(FutureTask.java:266)
	at java.util.concurrent.ThreadPoolExecutor.runWorker(ThreadPoolExecutor.java:1149)
	at java.util.concurrent.ThreadPoolExecutor$Worker.run(ThreadPoolExecutor.java:624)
	... 1 more
Caused by: org.apache.ratis.thirdparty.io.netty.channel.AbstractChannel$AnnotatedConnectException: Connection refused: /192.168.69.65:39870
	at sun.nio.ch.SocketChannelImpl.checkConnect(Native Method)
	at sun.nio.ch.SocketChannelImpl.finishConnect(SocketChannelImpl.java:717)
	at org.apache.ratis.thirdparty.io.netty.channel.socket.nio.NioSocketChannel.doFinishConnect(NioSocketChannel.java:327)
	at org.apache.ratis.thirdparty.io.netty.channel.nio.AbstractNioChannel$AbstractNioUnsafe.finishConnect(AbstractNioChannel.java:340)
	at org.apache.ratis.thirdparty.io.netty.channel.nio.NioEventLoop.processSelectedKey(NioEventLoop.java:632)
	at org.apache.ratis.thirdparty.io.netty.channel.nio.NioEventLoop.processSelectedKeysOptimized(NioEventLoop.java:579)
	at org.apache.ratis.thirdparty.io.netty.channel.nio.NioEventLoop.processSelectedKeys(NioEventLoop.java:496)
	at org.apache.ratis.thirdparty.io.netty.channel.nio.NioEventLoop.run(NioEventLoop.java:458)
	at org.apache.ratis.thirdparty.io.netty.util.concurrent.SingleThreadEventExecutor$5.run(SingleThreadEventExecutor.java:897)
	at org.apache.ratis.thirdparty.io.netty.util.concurrent.FastThreadLocalRunnable.run(FastThreadLocalRunnable.java:30)
	... 1 more
Caused by: java.net.ConnectException: Connection refused
	... 11 more
2019-11-14 22:36:03,354 [2427739b-b0e6-43d8-8c20-3c7e368f4410@group-452512CD754F-LeaderElection63] INFO  impl.LeaderElection (LeaderElection.java:logAndReturn(56)) - 2427739b-b0e6-43d8-8c20-3c7e368f4410@group-452512CD754F-LeaderElection63: Election REJECTED; received 0 response(s) [] and 2 exception(s); 2427739b-b0e6-43d8-8c20-3c7e368f4410@group-452512CD754F:t2, leader=null, voted=2427739b-b0e6-43d8-8c20-3c7e368f4410, raftlog=2427739b-b0e6-43d8-8c20-3c7e368f4410@group-452512CD754F-SegmentedRaftLog:OPENED:c0,f0,i0, conf=0: [2427739b-b0e6-43d8-8c20-3c7e368f4410:192.168.69.65:43712, b7b0f9e6-a213-4288-a637-63e9f4ecb8f2:192.168.69.65:39870, eb8bacec-1550-4eff-8b38-5938654b28d6:192.168.69.65:45501], old=null
2019-11-14 22:36:03,354 [2427739b-b0e6-43d8-8c20-3c7e368f4410@group-452512CD754F-LeaderElection63] INFO  impl.LeaderElection (LogUtils.java:infoOrTrace(149)) -   Exception 0: {}
java.util.concurrent.ExecutionException: org.apache.ratis.thirdparty.io.grpc.StatusRuntimeException: UNAVAILABLE: io exception
	at java.util.concurrent.FutureTask.report(FutureTask.java:122)
	at java.util.concurrent.FutureTask.get(FutureTask.java:192)
	at org.apache.ratis.server.impl.LeaderElection.waitForResults(LeaderElection.java:259)
	at org.apache.ratis.server.impl.LeaderElection.askForVotes(LeaderElection.java:197)
	at org.apache.ratis.server.impl.LeaderElection.run(LeaderElection.java:133)
	at java.lang.Thread.run(Thread.java:748)
Caused by: org.apache.ratis.thirdparty.io.grpc.StatusRuntimeException: UNAVAILABLE: io exception
	at org.apache.ratis.thirdparty.io.grpc.stub.ClientCalls.toStatusRuntimeException(ClientCalls.java:233)
	at org.apache.ratis.thirdparty.io.grpc.stub.ClientCalls.getUnchecked(ClientCalls.java:214)
	at org.apache.ratis.thirdparty.io.grpc.stub.ClientCalls.blockingUnaryCall(ClientCalls.java:139)
	at org.apache.ratis.proto.grpc.RaftServerProtocolServiceGrpc$RaftServerProtocolServiceBlockingStub.requestVote(RaftServerProtocolServiceGrpc.java:265)
	at org.apache.ratis.grpc.server.GrpcServerProtocolClient.requestVote(GrpcServerProtocolClient.java:99)
	at org.apache.ratis.grpc.server.GrpcService.requestVote(GrpcService.java:204)
	at org.apache.ratis.server.impl.LeaderElection.lambda$submitRequests$1(LeaderElection.java:234)
	at java.util.concurrent.FutureTask.run(FutureTask.java:266)
	at java.util.concurrent.Executors$RunnableAdapter.call(Executors.java:511)
	at java.util.concurrent.FutureTask.run(FutureTask.java:266)
	at java.util.concurrent.ThreadPoolExecutor.runWorker(ThreadPoolExecutor.java:1149)
	at java.util.concurrent.ThreadPoolExecutor$Worker.run(ThreadPoolExecutor.java:624)
	... 1 more
Caused by: org.apache.ratis.thirdparty.io.netty.channel.AbstractChannel$AnnotatedConnectException: Connection refused: /192.168.69.65:45501
	at sun.nio.ch.SocketChannelImpl.checkConnect(Native Method)
	at sun.nio.ch.SocketChannelImpl.finishConnect(SocketChannelImpl.java:717)
	at org.apache.ratis.thirdparty.io.netty.channel.socket.nio.NioSocketChannel.doFinishConnect(NioSocketChannel.java:327)
	at org.apache.ratis.thirdparty.io.netty.channel.nio.AbstractNioChannel$AbstractNioUnsafe.finishConnect(AbstractNioChannel.java:340)
	at org.apache.ratis.thirdparty.io.netty.channel.nio.NioEventLoop.processSelectedKey(NioEventLoop.java:632)
	at org.apache.ratis.thirdparty.io.netty.channel.nio.NioEventLoop.processSelectedKeysOptimized(NioEventLoop.java:579)
	at org.apache.ratis.thirdparty.io.netty.channel.nio.NioEventLoop.processSelectedKeys(NioEventLoop.java:496)
	at org.apache.ratis.thirdparty.io.netty.channel.nio.NioEventLoop.run(NioEventLoop.java:458)
	at org.apache.ratis.thirdparty.io.netty.util.concurrent.SingleThreadEventExecutor$5.run(SingleThreadEventExecutor.java:897)
	at org.apache.ratis.thirdparty.io.netty.util.concurrent.FastThreadLocalRunnable.run(FastThreadLocalRunnable.java:30)
	... 1 more
Caused by: java.net.ConnectException: Connection refused
	... 11 more
2019-11-14 22:36:03,354 [2427739b-b0e6-43d8-8c20-3c7e368f4410@group-452512CD754F-LeaderElection63] INFO  impl.LeaderElection (LogUtils.java:infoOrTrace(149)) -   Exception 1: {}
java.util.concurrent.ExecutionException: org.apache.ratis.thirdparty.io.grpc.StatusRuntimeException: UNAVAILABLE: io exception
	at java.util.concurrent.FutureTask.report(FutureTask.java:122)
	at java.util.concurrent.FutureTask.get(FutureTask.java:192)
	at org.apache.ratis.server.impl.LeaderElection.waitForResults(LeaderElection.java:259)
	at org.apache.ratis.server.impl.LeaderElection.askForVotes(LeaderElection.java:197)
	at org.apache.ratis.server.impl.LeaderElection.run(LeaderElection.java:133)
	at java.lang.Thread.run(Thread.java:748)
Caused by: org.apache.ratis.thirdparty.io.grpc.StatusRuntimeException: UNAVAILABLE: io exception
	at org.apache.ratis.thirdparty.io.grpc.stub.ClientCalls.toStatusRuntimeException(ClientCalls.java:233)
	at org.apache.ratis.thirdparty.io.grpc.stub.ClientCalls.getUnchecked(ClientCalls.java:214)
	at org.apache.ratis.thirdparty.io.grpc.stub.ClientCalls.blockingUnaryCall(ClientCalls.java:139)
	at org.apache.ratis.proto.grpc.RaftServerProtocolServiceGrpc$RaftServerProtocolServiceBlockingStub.requestVote(RaftServerProtocolServiceGrpc.java:265)
	at org.apache.ratis.grpc.server.GrpcServerProtocolClient.requestVote(GrpcServerProtocolClient.java:99)
	at org.apache.ratis.grpc.server.GrpcService.requestVote(GrpcService.java:204)
	at org.apache.ratis.server.impl.LeaderElection.lambda$submitRequests$1(LeaderElection.java:234)
	at java.util.concurrent.FutureTask.run(FutureTask.java:266)
	at java.util.concurrent.Executors$RunnableAdapter.call(Executors.java:511)
	at java.util.concurrent.FutureTask.run(FutureTask.java:266)
	at java.util.concurrent.ThreadPoolExecutor.runWorker(ThreadPoolExecutor.java:1149)
	at java.util.concurrent.ThreadPoolExecutor$Worker.run(ThreadPoolExecutor.java:624)
	... 1 more
Caused by: org.apache.ratis.thirdparty.io.netty.channel.AbstractChannel$AnnotatedConnectException: Connection refused: /192.168.69.65:39870
	at sun.nio.ch.SocketChannelImpl.checkConnect(Native Method)
	at sun.nio.ch.SocketChannelImpl.finishConnect(SocketChannelImpl.java:717)
	at org.apache.ratis.thirdparty.io.netty.channel.socket.nio.NioSocketChannel.doFinishConnect(NioSocketChannel.java:327)
	at org.apache.ratis.thirdparty.io.netty.channel.nio.AbstractNioChannel$AbstractNioUnsafe.finishConnect(AbstractNioChannel.java:340)
	at org.apache.ratis.thirdparty.io.netty.channel.nio.NioEventLoop.processSelectedKey(NioEventLoop.java:632)
	at org.apache.ratis.thirdparty.io.netty.channel.nio.NioEventLoop.processSelectedKeysOptimized(NioEventLoop.java:579)
	at org.apache.ratis.thirdparty.io.netty.channel.nio.NioEventLoop.processSelectedKeys(NioEventLoop.java:496)
	at org.apache.ratis.thirdparty.io.netty.channel.nio.NioEventLoop.run(NioEventLoop.java:458)
	at org.apache.ratis.thirdparty.io.netty.util.concurrent.SingleThreadEventExecutor$5.run(SingleThreadEventExecutor.java:897)
	at org.apache.ratis.thirdparty.io.netty.util.concurrent.FastThreadLocalRunnable.run(FastThreadLocalRunnable.java:30)
	... 1 more
Caused by: java.net.ConnectException: Connection refused
	... 11 more
2019-11-14 22:36:03,355 [2427739b-b0e6-43d8-8c20-3c7e368f4410@group-452512CD754F-LeaderElection63] INFO  impl.RaftServerImpl (RaftServerImpl.java:setRole(173)) - 2427739b-b0e6-43d8-8c20-3c7e368f4410@group-452512CD754F: changes role from CANDIDATE to FOLLOWER at term 2 for DISCOVERED_A_NEW_TERM
2019-11-14 22:36:03,355 [2427739b-b0e6-43d8-8c20-3c7e368f4410@group-452512CD754F-LeaderElection63] INFO  impl.RoleInfo (RoleInfo.java:shutdownLeaderElection(134)) - 2427739b-b0e6-43d8-8c20-3c7e368f4410: shutdown LeaderElection
2019-11-14 22:36:03,355 [2427739b-b0e6-43d8-8c20-3c7e368f4410@group-452512CD754F-LeaderElection63] INFO  impl.RoleInfo (RoleInfo.java:updateAndGet(143)) - 2427739b-b0e6-43d8-8c20-3c7e368f4410: start FollowerState
2019-11-14 22:36:03,587 [Thread-1734] INFO  impl.FollowerState (FollowerState.java:run(111)) - 76b3b274-17aa-4635-9ecc-8bffa687e80e@group-BA5CC5B18D18-FollowerState: change to CANDIDATE, lastRpcTime:1860ms, electionTimeout:1100ms
2019-11-14 22:36:03,587 [Thread-1734] INFO  impl.RoleInfo (RoleInfo.java:shutdownFollowerState(121)) - 76b3b274-17aa-4635-9ecc-8bffa687e80e: shutdown FollowerState
2019-11-14 22:36:03,587 [Thread-1734] INFO  impl.RaftServerImpl (RaftServerImpl.java:setRole(173)) - 76b3b274-17aa-4635-9ecc-8bffa687e80e@group-BA5CC5B18D18: changes role from  FOLLOWER to CANDIDATE at term 3 for changeToCandidate
2019-11-14 22:36:03,588 [Thread-1734] INFO  impl.RoleInfo (RoleInfo.java:updateAndGet(143)) - 76b3b274-17aa-4635-9ecc-8bffa687e80e: start LeaderElection
2019-11-14 22:36:03,588 [76b3b274-17aa-4635-9ecc-8bffa687e80e@group-BA5CC5B18D18-LeaderElection64] INFO  impl.RaftServerImpl (ServerState.java:setLeader(255)) - 76b3b274-17aa-4635-9ecc-8bffa687e80e@group-BA5CC5B18D18: change Leader from 134e3363-1f82-43b5-a94b-e408c514013d to null at term 3 for initElection
2019-11-14 22:36:03,614 [76b3b274-17aa-4635-9ecc-8bffa687e80e@group-BA5CC5B18D18-LeaderElection64] INFO  impl.LeaderElection (LeaderElection.java:askForVotes(178)) - 76b3b274-17aa-4635-9ecc-8bffa687e80e@group-BA5CC5B18D18-LeaderElection64: begin an election at term 4 for 1: [76b3b274-17aa-4635-9ecc-8bffa687e80e:192.168.69.65:46135, 71039d87-f713-4353-b155-a31bf00200f2:192.168.69.65:44128, 134e3363-1f82-43b5-a94b-e408c514013d:192.168.69.65:38811], old=null
2019-11-14 22:36:03,615 [76b3b274-17aa-4635-9ecc-8bffa687e80e@group-BA5CC5B18D18-LeaderElection64] INFO  impl.LeaderElection (LogUtils.java:infoOrTrace(149)) - 76b3b274-17aa-4635-9ecc-8bffa687e80e@group-BA5CC5B18D18-LeaderElection64 got exception when requesting votes: {}
java.util.concurrent.ExecutionException: org.apache.ratis.thirdparty.io.grpc.StatusRuntimeException: UNAVAILABLE: io exception
	at java.util.concurrent.FutureTask.report(FutureTask.java:122)
	at java.util.concurrent.FutureTask.get(FutureTask.java:192)
	at org.apache.ratis.server.impl.LeaderElection.waitForResults(LeaderElection.java:259)
	at org.apache.ratis.server.impl.LeaderElection.askForVotes(LeaderElection.java:197)
	at org.apache.ratis.server.impl.LeaderElection.run(LeaderElection.java:133)
	at java.lang.Thread.run(Thread.java:748)
Caused by: org.apache.ratis.thirdparty.io.grpc.StatusRuntimeException: UNAVAILABLE: io exception
	at org.apache.ratis.thirdparty.io.grpc.stub.ClientCalls.toStatusRuntimeException(ClientCalls.java:233)
	at org.apache.ratis.thirdparty.io.grpc.stub.ClientCalls.getUnchecked(ClientCalls.java:214)
	at org.apache.ratis.thirdparty.io.grpc.stub.ClientCalls.blockingUnaryCall(ClientCalls.java:139)
	at org.apache.ratis.proto.grpc.RaftServerProtocolServiceGrpc$RaftServerProtocolServiceBlockingStub.requestVote(RaftServerProtocolServiceGrpc.java:265)
	at org.apache.ratis.grpc.server.GrpcServerProtocolClient.requestVote(GrpcServerProtocolClient.java:99)
	at org.apache.ratis.grpc.server.GrpcService.requestVote(GrpcService.java:204)
	at org.apache.ratis.server.impl.LeaderElection.lambda$submitRequests$1(LeaderElection.java:234)
	at java.util.concurrent.FutureTask.run(FutureTask.java:266)
	at java.util.concurrent.Executors$RunnableAdapter.call(Executors.java:511)
	at java.util.concurrent.FutureTask.run(FutureTask.java:266)
	at java.util.concurrent.ThreadPoolExecutor.runWorker(ThreadPoolExecutor.java:1149)
	at java.util.concurrent.ThreadPoolExecutor$Worker.run(ThreadPoolExecutor.java:624)
	... 1 more
Caused by: org.apache.ratis.thirdparty.io.netty.channel.AbstractChannel$AnnotatedConnectException: Connection refused: /192.168.69.65:44128
	at sun.nio.ch.SocketChannelImpl.checkConnect(Native Method)
	at sun.nio.ch.SocketChannelImpl.finishConnect(SocketChannelImpl.java:717)
	at org.apache.ratis.thirdparty.io.netty.channel.socket.nio.NioSocketChannel.doFinishConnect(NioSocketChannel.java:327)
	at org.apache.ratis.thirdparty.io.netty.channel.nio.AbstractNioChannel$AbstractNioUnsafe.finishConnect(AbstractNioChannel.java:340)
	at org.apache.ratis.thirdparty.io.netty.channel.nio.NioEventLoop.processSelectedKey(NioEventLoop.java:632)
	at org.apache.ratis.thirdparty.io.netty.channel.nio.NioEventLoop.processSelectedKeysOptimized(NioEventLoop.java:579)
	at org.apache.ratis.thirdparty.io.netty.channel.nio.NioEventLoop.processSelectedKeys(NioEventLoop.java:496)
	at org.apache.ratis.thirdparty.io.netty.channel.nio.NioEventLoop.run(NioEventLoop.java:458)
	at org.apache.ratis.thirdparty.io.netty.util.concurrent.SingleThreadEventExecutor$5.run(SingleThreadEventExecutor.java:897)
	at org.apache.ratis.thirdparty.io.netty.util.concurrent.FastThreadLocalRunnable.run(FastThreadLocalRunnable.java:30)
	... 1 more
Caused by: java.net.ConnectException: Connection refused
	... 11 more
2019-11-14 22:36:03,618 [76b3b274-17aa-4635-9ecc-8bffa687e80e@group-BA5CC5B18D18-LeaderElection64] INFO  impl.LeaderElection (LogUtils.java:infoOrTrace(149)) - 76b3b274-17aa-4635-9ecc-8bffa687e80e@group-BA5CC5B18D18-LeaderElection64 got exception when requesting votes: {}
java.util.concurrent.ExecutionException: org.apache.ratis.thirdparty.io.grpc.StatusRuntimeException: UNAVAILABLE: io exception
	at java.util.concurrent.FutureTask.report(FutureTask.java:122)
	at java.util.concurrent.FutureTask.get(FutureTask.java:192)
	at org.apache.ratis.server.impl.LeaderElection.waitForResults(LeaderElection.java:259)
	at org.apache.ratis.server.impl.LeaderElection.askForVotes(LeaderElection.java:197)
	at org.apache.ratis.server.impl.LeaderElection.run(LeaderElection.java:133)
	at java.lang.Thread.run(Thread.java:748)
Caused by: org.apache.ratis.thirdparty.io.grpc.StatusRuntimeException: UNAVAILABLE: io exception
	at org.apache.ratis.thirdparty.io.grpc.stub.ClientCalls.toStatusRuntimeException(ClientCalls.java:233)
	at org.apache.ratis.thirdparty.io.grpc.stub.ClientCalls.getUnchecked(ClientCalls.java:214)
	at org.apache.ratis.thirdparty.io.grpc.stub.ClientCalls.blockingUnaryCall(ClientCalls.java:139)
	at org.apache.ratis.proto.grpc.RaftServerProtocolServiceGrpc$RaftServerProtocolServiceBlockingStub.requestVote(RaftServerProtocolServiceGrpc.java:265)
	at org.apache.ratis.grpc.server.GrpcServerProtocolClient.requestVote(GrpcServerProtocolClient.java:99)
	at org.apache.ratis.grpc.server.GrpcService.requestVote(GrpcService.java:204)
	at org.apache.ratis.server.impl.LeaderElection.lambda$submitRequests$1(LeaderElection.java:234)
	at java.util.concurrent.FutureTask.run(FutureTask.java:266)
	at java.util.concurrent.Executors$RunnableAdapter.call(Executors.java:511)
	at java.util.concurrent.FutureTask.run(FutureTask.java:266)
	at java.util.concurrent.ThreadPoolExecutor.runWorker(ThreadPoolExecutor.java:1149)
	at java.util.concurrent.ThreadPoolExecutor$Worker.run(ThreadPoolExecutor.java:624)
	... 1 more
Caused by: org.apache.ratis.thirdparty.io.netty.channel.AbstractChannel$AnnotatedConnectException: Connection refused: /192.168.69.65:38811
	at sun.nio.ch.SocketChannelImpl.checkConnect(Native Method)
	at sun.nio.ch.SocketChannelImpl.finishConnect(SocketChannelImpl.java:717)
	at org.apache.ratis.thirdparty.io.netty.channel.socket.nio.NioSocketChannel.doFinishConnect(NioSocketChannel.java:327)
	at org.apache.ratis.thirdparty.io.netty.channel.nio.AbstractNioChannel$AbstractNioUnsafe.finishConnect(AbstractNioChannel.java:340)
	at org.apache.ratis.thirdparty.io.netty.channel.nio.NioEventLoop.processSelectedKey(NioEventLoop.java:632)
	at org.apache.ratis.thirdparty.io.netty.channel.nio.NioEventLoop.processSelectedKeysOptimized(NioEventLoop.java:579)
	at org.apache.ratis.thirdparty.io.netty.channel.nio.NioEventLoop.processSelectedKeys(NioEventLoop.java:496)
	at org.apache.ratis.thirdparty.io.netty.channel.nio.NioEventLoop.run(NioEventLoop.java:458)
	at org.apache.ratis.thirdparty.io.netty.util.concurrent.SingleThreadEventExecutor$5.run(SingleThreadEventExecutor.java:897)
	at org.apache.ratis.thirdparty.io.netty.util.concurrent.FastThreadLocalRunnable.run(FastThreadLocalRunnable.java:30)
	... 1 more
Caused by: java.net.ConnectException: Connection refused
	... 11 more
2019-11-14 22:36:03,619 [76b3b274-17aa-4635-9ecc-8bffa687e80e@group-BA5CC5B18D18-LeaderElection64] INFO  impl.LeaderElection (LeaderElection.java:logAndReturn(56)) - 76b3b274-17aa-4635-9ecc-8bffa687e80e@group-BA5CC5B18D18-LeaderElection64: Election REJECTED; received 0 response(s) [] and 2 exception(s); 76b3b274-17aa-4635-9ecc-8bffa687e80e@group-BA5CC5B18D18:t4, leader=null, voted=76b3b274-17aa-4635-9ecc-8bffa687e80e, raftlog=76b3b274-17aa-4635-9ecc-8bffa687e80e@group-BA5CC5B18D18-SegmentedRaftLog:OPENED:c2,f2,i2, conf=1: [76b3b274-17aa-4635-9ecc-8bffa687e80e:192.168.69.65:46135, 71039d87-f713-4353-b155-a31bf00200f2:192.168.69.65:44128, 134e3363-1f82-43b5-a94b-e408c514013d:192.168.69.65:38811], old=null
2019-11-14 22:36:03,619 [76b3b274-17aa-4635-9ecc-8bffa687e80e@group-BA5CC5B18D18-LeaderElection64] INFO  impl.LeaderElection (LogUtils.java:infoOrTrace(149)) -   Exception 0: {}
java.util.concurrent.ExecutionException: org.apache.ratis.thirdparty.io.grpc.StatusRuntimeException: UNAVAILABLE: io exception
	at java.util.concurrent.FutureTask.report(FutureTask.java:122)
	at java.util.concurrent.FutureTask.get(FutureTask.java:192)
	at org.apache.ratis.server.impl.LeaderElection.waitForResults(LeaderElection.java:259)
	at org.apache.ratis.server.impl.LeaderElection.askForVotes(LeaderElection.java:197)
	at org.apache.ratis.server.impl.LeaderElection.run(LeaderElection.java:133)
	at java.lang.Thread.run(Thread.java:748)
Caused by: org.apache.ratis.thirdparty.io.grpc.StatusRuntimeException: UNAVAILABLE: io exception
	at org.apache.ratis.thirdparty.io.grpc.stub.ClientCalls.toStatusRuntimeException(ClientCalls.java:233)
	at org.apache.ratis.thirdparty.io.grpc.stub.ClientCalls.getUnchecked(ClientCalls.java:214)
	at org.apache.ratis.thirdparty.io.grpc.stub.ClientCalls.blockingUnaryCall(ClientCalls.java:139)
	at org.apache.ratis.proto.grpc.RaftServerProtocolServiceGrpc$RaftServerProtocolServiceBlockingStub.requestVote(RaftServerProtocolServiceGrpc.java:265)
	at org.apache.ratis.grpc.server.GrpcServerProtocolClient.requestVote(GrpcServerProtocolClient.java:99)
	at org.apache.ratis.grpc.server.GrpcService.requestVote(GrpcService.java:204)
	at org.apache.ratis.server.impl.LeaderElection.lambda$submitRequests$1(LeaderElection.java:234)
	at java.util.concurrent.FutureTask.run(FutureTask.java:266)
	at java.util.concurrent.Executors$RunnableAdapter.call(Executors.java:511)
	at java.util.concurrent.FutureTask.run(FutureTask.java:266)
	at java.util.concurrent.ThreadPoolExecutor.runWorker(ThreadPoolExecutor.java:1149)
	at java.util.concurrent.ThreadPoolExecutor$Worker.run(ThreadPoolExecutor.java:624)
	... 1 more
Caused by: org.apache.ratis.thirdparty.io.netty.channel.AbstractChannel$AnnotatedConnectException: Connection refused: /192.168.69.65:44128
	at sun.nio.ch.SocketChannelImpl.checkConnect(Native Method)
	at sun.nio.ch.SocketChannelImpl.finishConnect(SocketChannelImpl.java:717)
	at org.apache.ratis.thirdparty.io.netty.channel.socket.nio.NioSocketChannel.doFinishConnect(NioSocketChannel.java:327)
	at org.apache.ratis.thirdparty.io.netty.channel.nio.AbstractNioChannel$AbstractNioUnsafe.finishConnect(AbstractNioChannel.java:340)
	at org.apache.ratis.thirdparty.io.netty.channel.nio.NioEventLoop.processSelectedKey(NioEventLoop.java:632)
	at org.apache.ratis.thirdparty.io.netty.channel.nio.NioEventLoop.processSelectedKeysOptimized(NioEventLoop.java:579)
	at org.apache.ratis.thirdparty.io.netty.channel.nio.NioEventLoop.processSelectedKeys(NioEventLoop.java:496)
	at org.apache.ratis.thirdparty.io.netty.channel.nio.NioEventLoop.run(NioEventLoop.java:458)
	at org.apache.ratis.thirdparty.io.netty.util.concurrent.SingleThreadEventExecutor$5.run(SingleThreadEventExecutor.java:897)
	at org.apache.ratis.thirdparty.io.netty.util.concurrent.FastThreadLocalRunnable.run(FastThreadLocalRunnable.java:30)
	... 1 more
Caused by: java.net.ConnectException: Connection refused
	... 11 more
2019-11-14 22:36:03,620 [76b3b274-17aa-4635-9ecc-8bffa687e80e@group-BA5CC5B18D18-LeaderElection64] INFO  impl.LeaderElection (LogUtils.java:infoOrTrace(149)) -   Exception 1: {}
java.util.concurrent.ExecutionException: org.apache.ratis.thirdparty.io.grpc.StatusRuntimeException: UNAVAILABLE: io exception
	at java.util.concurrent.FutureTask.report(FutureTask.java:122)
	at java.util.concurrent.FutureTask.get(FutureTask.java:192)
	at org.apache.ratis.server.impl.LeaderElection.waitForResults(LeaderElection.java:259)
	at org.apache.ratis.server.impl.LeaderElection.askForVotes(LeaderElection.java:197)
	at org.apache.ratis.server.impl.LeaderElection.run(LeaderElection.java:133)
	at java.lang.Thread.run(Thread.java:748)
Caused by: org.apache.ratis.thirdparty.io.grpc.StatusRuntimeException: UNAVAILABLE: io exception
	at org.apache.ratis.thirdparty.io.grpc.stub.ClientCalls.toStatusRuntimeException(ClientCalls.java:233)
	at org.apache.ratis.thirdparty.io.grpc.stub.ClientCalls.getUnchecked(ClientCalls.java:214)
	at org.apache.ratis.thirdparty.io.grpc.stub.ClientCalls.blockingUnaryCall(ClientCalls.java:139)
	at org.apache.ratis.proto.grpc.RaftServerProtocolServiceGrpc$RaftServerProtocolServiceBlockingStub.requestVote(RaftServerProtocolServiceGrpc.java:265)
	at org.apache.ratis.grpc.server.GrpcServerProtocolClient.requestVote(GrpcServerProtocolClient.java:99)
	at org.apache.ratis.grpc.server.GrpcService.requestVote(GrpcService.java:204)
	at org.apache.ratis.server.impl.LeaderElection.lambda$submitRequests$1(LeaderElection.java:234)
	at java.util.concurrent.FutureTask.run(FutureTask.java:266)
	at java.util.concurrent.Executors$RunnableAdapter.call(Executors.java:511)
	at java.util.concurrent.FutureTask.run(FutureTask.java:266)
	at java.util.concurrent.ThreadPoolExecutor.runWorker(ThreadPoolExecutor.java:1149)
	at java.util.concurrent.ThreadPoolExecutor$Worker.run(ThreadPoolExecutor.java:624)
	... 1 more
Caused by: org.apache.ratis.thirdparty.io.netty.channel.AbstractChannel$AnnotatedConnectException: Connection refused: /192.168.69.65:38811
	at sun.nio.ch.SocketChannelImpl.checkConnect(Native Method)
	at sun.nio.ch.SocketChannelImpl.finishConnect(SocketChannelImpl.java:717)
	at org.apache.ratis.thirdparty.io.netty.channel.socket.nio.NioSocketChannel.doFinishConnect(NioSocketChannel.java:327)
	at org.apache.ratis.thirdparty.io.netty.channel.nio.AbstractNioChannel$AbstractNioUnsafe.finishConnect(AbstractNioChannel.java:340)
	at org.apache.ratis.thirdparty.io.netty.channel.nio.NioEventLoop.processSelectedKey(NioEventLoop.java:632)
	at org.apache.ratis.thirdparty.io.netty.channel.nio.NioEventLoop.processSelectedKeysOptimized(NioEventLoop.java:579)
	at org.apache.ratis.thirdparty.io.netty.channel.nio.NioEventLoop.processSelectedKeys(NioEventLoop.java:496)
	at org.apache.ratis.thirdparty.io.netty.channel.nio.NioEventLoop.run(NioEventLoop.java:458)
	at org.apache.ratis.thirdparty.io.netty.util.concurrent.SingleThreadEventExecutor$5.run(SingleThreadEventExecutor.java:897)
	at org.apache.ratis.thirdparty.io.netty.util.concurrent.FastThreadLocalRunnable.run(FastThreadLocalRunnable.java:30)
	... 1 more
Caused by: java.net.ConnectException: Connection refused
	... 11 more
2019-11-14 22:36:03,620 [76b3b274-17aa-4635-9ecc-8bffa687e80e@group-BA5CC5B18D18-LeaderElection64] INFO  impl.RaftServerImpl (RaftServerImpl.java:setRole(173)) - 76b3b274-17aa-4635-9ecc-8bffa687e80e@group-BA5CC5B18D18: changes role from CANDIDATE to FOLLOWER at term 4 for DISCOVERED_A_NEW_TERM
2019-11-14 22:36:03,620 [76b3b274-17aa-4635-9ecc-8bffa687e80e@group-BA5CC5B18D18-LeaderElection64] INFO  impl.RoleInfo (RoleInfo.java:shutdownLeaderElection(134)) - 76b3b274-17aa-4635-9ecc-8bffa687e80e: shutdown LeaderElection
2019-11-14 22:36:03,620 [76b3b274-17aa-4635-9ecc-8bffa687e80e@group-BA5CC5B18D18-LeaderElection64] INFO  impl.RoleInfo (RoleInfo.java:updateAndGet(143)) - 76b3b274-17aa-4635-9ecc-8bffa687e80e: start FollowerState
2019-11-14 22:36:04,499 [Thread-1755] INFO  impl.FollowerState (FollowerState.java:run(111)) - 2427739b-b0e6-43d8-8c20-3c7e368f4410@group-452512CD754F-FollowerState: change to CANDIDATE, lastRpcTime:1144ms, electionTimeout:1144ms
2019-11-14 22:36:04,500 [Thread-1755] INFO  impl.RoleInfo (RoleInfo.java:shutdownFollowerState(121)) - 2427739b-b0e6-43d8-8c20-3c7e368f4410: shutdown FollowerState
2019-11-14 22:36:04,500 [Thread-1755] INFO  impl.RaftServerImpl (RaftServerImpl.java:setRole(173)) - 2427739b-b0e6-43d8-8c20-3c7e368f4410@group-452512CD754F: changes role from  FOLLOWER to CANDIDATE at term 2 for changeToCandidate
2019-11-14 22:36:04,500 [Thread-1755] INFO  impl.RoleInfo (RoleInfo.java:updateAndGet(143)) - 2427739b-b0e6-43d8-8c20-3c7e368f4410: start LeaderElection
2019-11-14 22:36:04,524 [2427739b-b0e6-43d8-8c20-3c7e368f4410@group-452512CD754F-LeaderElection65] INFO  impl.LeaderElection (LeaderElection.java:askForVotes(178)) - 2427739b-b0e6-43d8-8c20-3c7e368f4410@group-452512CD754F-LeaderElection65: begin an election at term 3 for 0: [2427739b-b0e6-43d8-8c20-3c7e368f4410:192.168.69.65:43712, b7b0f9e6-a213-4288-a637-63e9f4ecb8f2:192.168.69.65:39870, eb8bacec-1550-4eff-8b38-5938654b28d6:192.168.69.65:45501], old=null
2019-11-14 22:36:04,525 [2427739b-b0e6-43d8-8c20-3c7e368f4410@group-452512CD754F-LeaderElection65] INFO  impl.LeaderElection (LogUtils.java:infoOrTrace(149)) - 2427739b-b0e6-43d8-8c20-3c7e368f4410@group-452512CD754F-LeaderElection65 got exception when requesting votes: {}
java.util.concurrent.ExecutionException: org.apache.ratis.thirdparty.io.grpc.StatusRuntimeException: UNAVAILABLE: io exception
	at java.util.concurrent.FutureTask.report(FutureTask.java:122)
	at java.util.concurrent.FutureTask.get(FutureTask.java:192)
	at org.apache.ratis.server.impl.LeaderElection.waitForResults(LeaderElection.java:259)
	at org.apache.ratis.server.impl.LeaderElection.askForVotes(LeaderElection.java:197)
	at org.apache.ratis.server.impl.LeaderElection.run(LeaderElection.java:133)
	at java.lang.Thread.run(Thread.java:748)
Caused by: org.apache.ratis.thirdparty.io.grpc.StatusRuntimeException: UNAVAILABLE: io exception
	at org.apache.ratis.thirdparty.io.grpc.stub.ClientCalls.toStatusRuntimeException(ClientCalls.java:233)
	at org.apache.ratis.thirdparty.io.grpc.stub.ClientCalls.getUnchecked(ClientCalls.java:214)
	at org.apache.ratis.thirdparty.io.grpc.stub.ClientCalls.blockingUnaryCall(ClientCalls.java:139)
	at org.apache.ratis.proto.grpc.RaftServerProtocolServiceGrpc$RaftServerProtocolServiceBlockingStub.requestVote(RaftServerProtocolServiceGrpc.java:265)
	at org.apache.ratis.grpc.server.GrpcServerProtocolClient.requestVote(GrpcServerProtocolClient.java:99)
	at org.apache.ratis.grpc.server.GrpcService.requestVote(GrpcService.java:204)
	at org.apache.ratis.server.impl.LeaderElection.lambda$submitRequests$1(LeaderElection.java:234)
	at java.util.concurrent.FutureTask.run(FutureTask.java:266)
	at java.util.concurrent.Executors$RunnableAdapter.call(Executors.java:511)
	at java.util.concurrent.FutureTask.run(FutureTask.java:266)
	at java.util.concurrent.ThreadPoolExecutor.runWorker(ThreadPoolExecutor.java:1149)
	at java.util.concurrent.ThreadPoolExecutor$Worker.run(ThreadPoolExecutor.java:624)
	... 1 more
Caused by: org.apache.ratis.thirdparty.io.netty.channel.AbstractChannel$AnnotatedConnectException: Connection refused: /192.168.69.65:45501
	at sun.nio.ch.SocketChannelImpl.checkConnect(Native Method)
	at sun.nio.ch.SocketChannelImpl.finishConnect(SocketChannelImpl.java:717)
	at org.apache.ratis.thirdparty.io.netty.channel.socket.nio.NioSocketChannel.doFinishConnect(NioSocketChannel.java:327)
	at org.apache.ratis.thirdparty.io.netty.channel.nio.AbstractNioChannel$AbstractNioUnsafe.finishConnect(AbstractNioChannel.java:340)
	at org.apache.ratis.thirdparty.io.netty.channel.nio.NioEventLoop.processSelectedKey(NioEventLoop.java:632)
	at org.apache.ratis.thirdparty.io.netty.channel.nio.NioEventLoop.processSelectedKeysOptimized(NioEventLoop.java:579)
	at org.apache.ratis.thirdparty.io.netty.channel.nio.NioEventLoop.processSelectedKeys(NioEventLoop.java:496)
	at org.apache.ratis.thirdparty.io.netty.channel.nio.NioEventLoop.run(NioEventLoop.java:458)
	at org.apache.ratis.thirdparty.io.netty.util.concurrent.SingleThreadEventExecutor$5.run(SingleThreadEventExecutor.java:897)
	at org.apache.ratis.thirdparty.io.netty.util.concurrent.FastThreadLocalRunnable.run(FastThreadLocalRunnable.java:30)
	... 1 more
Caused by: java.net.ConnectException: Connection refused
	... 11 more
2019-11-14 22:36:04,527 [2427739b-b0e6-43d8-8c20-3c7e368f4410@group-452512CD754F-LeaderElection65] INFO  impl.LeaderElection (LogUtils.java:infoOrTrace(149)) - 2427739b-b0e6-43d8-8c20-3c7e368f4410@group-452512CD754F-LeaderElection65 got exception when requesting votes: {}
java.util.concurrent.ExecutionException: org.apache.ratis.thirdparty.io.grpc.StatusRuntimeException: UNAVAILABLE: io exception
	at java.util.concurrent.FutureTask.report(FutureTask.java:122)
	at java.util.concurrent.FutureTask.get(FutureTask.java:192)
	at org.apache.ratis.server.impl.LeaderElection.waitForResults(LeaderElection.java:259)
	at org.apache.ratis.server.impl.LeaderElection.askForVotes(LeaderElection.java:197)
	at org.apache.ratis.server.impl.LeaderElection.run(LeaderElection.java:133)
	at java.lang.Thread.run(Thread.java:748)
Caused by: org.apache.ratis.thirdparty.io.grpc.StatusRuntimeException: UNAVAILABLE: io exception
	at org.apache.ratis.thirdparty.io.grpc.stub.ClientCalls.toStatusRuntimeException(ClientCalls.java:233)
	at org.apache.ratis.thirdparty.io.grpc.stub.ClientCalls.getUnchecked(ClientCalls.java:214)
	at org.apache.ratis.thirdparty.io.grpc.stub.ClientCalls.blockingUnaryCall(ClientCalls.java:139)
	at org.apache.ratis.proto.grpc.RaftServerProtocolServiceGrpc$RaftServerProtocolServiceBlockingStub.requestVote(RaftServerProtocolServiceGrpc.java:265)
	at org.apache.ratis.grpc.server.GrpcServerProtocolClient.requestVote(GrpcServerProtocolClient.java:99)
	at org.apache.ratis.grpc.server.GrpcService.requestVote(GrpcService.java:204)
	at org.apache.ratis.server.impl.LeaderElection.lambda$submitRequests$1(LeaderElection.java:234)
	at java.util.concurrent.FutureTask.run(FutureTask.java:266)
	at java.util.concurrent.Executors$RunnableAdapter.call(Executors.java:511)
	at java.util.concurrent.FutureTask.run(FutureTask.java:266)
	at java.util.concurrent.ThreadPoolExecutor.runWorker(ThreadPoolExecutor.java:1149)
	at java.util.concurrent.ThreadPoolExecutor$Worker.run(ThreadPoolExecutor.java:624)
	... 1 more
Caused by: org.apache.ratis.thirdparty.io.netty.channel.AbstractChannel$AnnotatedConnectException: Connection refused: /192.168.69.65:39870
	at sun.nio.ch.SocketChannelImpl.checkConnect(Native Method)
	at sun.nio.ch.SocketChannelImpl.finishConnect(SocketChannelImpl.java:717)
	at org.apache.ratis.thirdparty.io.netty.channel.socket.nio.NioSocketChannel.doFinishConnect(NioSocketChannel.java:327)
	at org.apache.ratis.thirdparty.io.netty.channel.nio.AbstractNioChannel$AbstractNioUnsafe.finishConnect(AbstractNioChannel.java:340)
	at org.apache.ratis.thirdparty.io.netty.channel.nio.NioEventLoop.processSelectedKey(NioEventLoop.java:632)
	at org.apache.ratis.thirdparty.io.netty.channel.nio.NioEventLoop.processSelectedKeysOptimized(NioEventLoop.java:579)
	at org.apache.ratis.thirdparty.io.netty.channel.nio.NioEventLoop.processSelectedKeys(NioEventLoop.java:496)
	at org.apache.ratis.thirdparty.io.netty.channel.nio.NioEventLoop.run(NioEventLoop.java:458)
	at org.apache.ratis.thirdparty.io.netty.util.concurrent.SingleThreadEventExecutor$5.run(SingleThreadEventExecutor.java:897)
	at org.apache.ratis.thirdparty.io.netty.util.concurrent.FastThreadLocalRunnable.run(FastThreadLocalRunnable.java:30)
	... 1 more
Caused by: java.net.ConnectException: Connection refused
	... 11 more
2019-11-14 22:36:04,528 [2427739b-b0e6-43d8-8c20-3c7e368f4410@group-452512CD754F-LeaderElection65] INFO  impl.LeaderElection (LeaderElection.java:logAndReturn(56)) - 2427739b-b0e6-43d8-8c20-3c7e368f4410@group-452512CD754F-LeaderElection65: Election REJECTED; received 0 response(s) [] and 2 exception(s); 2427739b-b0e6-43d8-8c20-3c7e368f4410@group-452512CD754F:t3, leader=null, voted=2427739b-b0e6-43d8-8c20-3c7e368f4410, raftlog=2427739b-b0e6-43d8-8c20-3c7e368f4410@group-452512CD754F-SegmentedRaftLog:OPENED:c0,f0,i0, conf=0: [2427739b-b0e6-43d8-8c20-3c7e368f4410:192.168.69.65:43712, b7b0f9e6-a213-4288-a637-63e9f4ecb8f2:192.168.69.65:39870, eb8bacec-1550-4eff-8b38-5938654b28d6:192.168.69.65:45501], old=null
2019-11-14 22:36:04,528 [2427739b-b0e6-43d8-8c20-3c7e368f4410@group-452512CD754F-LeaderElection65] INFO  impl.LeaderElection (LogUtils.java:infoOrTrace(149)) -   Exception 0: {}
java.util.concurrent.ExecutionException: org.apache.ratis.thirdparty.io.grpc.StatusRuntimeException: UNAVAILABLE: io exception
	at java.util.concurrent.FutureTask.report(FutureTask.java:122)
	at java.util.concurrent.FutureTask.get(FutureTask.java:192)
	at org.apache.ratis.server.impl.LeaderElection.waitForResults(LeaderElection.java:259)
	at org.apache.ratis.server.impl.LeaderElection.askForVotes(LeaderElection.java:197)
	at org.apache.ratis.server.impl.LeaderElection.run(LeaderElection.java:133)
	at java.lang.Thread.run(Thread.java:748)
Caused by: org.apache.ratis.thirdparty.io.grpc.StatusRuntimeException: UNAVAILABLE: io exception
	at org.apache.ratis.thirdparty.io.grpc.stub.ClientCalls.toStatusRuntimeException(ClientCalls.java:233)
	at org.apache.ratis.thirdparty.io.grpc.stub.ClientCalls.getUnchecked(ClientCalls.java:214)
	at org.apache.ratis.thirdparty.io.grpc.stub.ClientCalls.blockingUnaryCall(ClientCalls.java:139)
	at org.apache.ratis.proto.grpc.RaftServerProtocolServiceGrpc$RaftServerProtocolServiceBlockingStub.requestVote(RaftServerProtocolServiceGrpc.java:265)
	at org.apache.ratis.grpc.server.GrpcServerProtocolClient.requestVote(GrpcServerProtocolClient.java:99)
	at org.apache.ratis.grpc.server.GrpcService.requestVote(GrpcService.java:204)
	at org.apache.ratis.server.impl.LeaderElection.lambda$submitRequests$1(LeaderElection.java:234)
	at java.util.concurrent.FutureTask.run(FutureTask.java:266)
	at java.util.concurrent.Executors$RunnableAdapter.call(Executors.java:511)
	at java.util.concurrent.FutureTask.run(FutureTask.java:266)
	at java.util.concurrent.ThreadPoolExecutor.runWorker(ThreadPoolExecutor.java:1149)
	at java.util.concurrent.ThreadPoolExecutor$Worker.run(ThreadPoolExecutor.java:624)
	... 1 more
Caused by: org.apache.ratis.thirdparty.io.netty.channel.AbstractChannel$AnnotatedConnectException: Connection refused: /192.168.69.65:45501
	at sun.nio.ch.SocketChannelImpl.checkConnect(Native Method)
	at sun.nio.ch.SocketChannelImpl.finishConnect(SocketChannelImpl.java:717)
	at org.apache.ratis.thirdparty.io.netty.channel.socket.nio.NioSocketChannel.doFinishConnect(NioSocketChannel.java:327)
	at org.apache.ratis.thirdparty.io.netty.channel.nio.AbstractNioChannel$AbstractNioUnsafe.finishConnect(AbstractNioChannel.java:340)
	at org.apache.ratis.thirdparty.io.netty.channel.nio.NioEventLoop.processSelectedKey(NioEventLoop.java:632)
	at org.apache.ratis.thirdparty.io.netty.channel.nio.NioEventLoop.processSelectedKeysOptimized(NioEventLoop.java:579)
	at org.apache.ratis.thirdparty.io.netty.channel.nio.NioEventLoop.processSelectedKeys(NioEventLoop.java:496)
	at org.apache.ratis.thirdparty.io.netty.channel.nio.NioEventLoop.run(NioEventLoop.java:458)
	at org.apache.ratis.thirdparty.io.netty.util.concurrent.SingleThreadEventExecutor$5.run(SingleThreadEventExecutor.java:897)
	at org.apache.ratis.thirdparty.io.netty.util.concurrent.FastThreadLocalRunnable.run(FastThreadLocalRunnable.java:30)
	... 1 more
Caused by: java.net.ConnectException: Connection refused
	... 11 more
2019-11-14 22:36:04,528 [2427739b-b0e6-43d8-8c20-3c7e368f4410@group-452512CD754F-LeaderElection65] INFO  impl.LeaderElection (LogUtils.java:infoOrTrace(149)) -   Exception 1: {}
java.util.concurrent.ExecutionException: org.apache.ratis.thirdparty.io.grpc.StatusRuntimeException: UNAVAILABLE: io exception
	at java.util.concurrent.FutureTask.report(FutureTask.java:122)
	at java.util.concurrent.FutureTask.get(FutureTask.java:192)
	at org.apache.ratis.server.impl.LeaderElection.waitForResults(LeaderElection.java:259)
	at org.apache.ratis.server.impl.LeaderElection.askForVotes(LeaderElection.java:197)
	at org.apache.ratis.server.impl.LeaderElection.run(LeaderElection.java:133)
	at java.lang.Thread.run(Thread.java:748)
Caused by: org.apache.ratis.thirdparty.io.grpc.StatusRuntimeException: UNAVAILABLE: io exception
	at org.apache.ratis.thirdparty.io.grpc.stub.ClientCalls.toStatusRuntimeException(ClientCalls.java:233)
	at org.apache.ratis.thirdparty.io.grpc.stub.ClientCalls.getUnchecked(ClientCalls.java:214)
	at org.apache.ratis.thirdparty.io.grpc.stub.ClientCalls.blockingUnaryCall(ClientCalls.java:139)
	at org.apache.ratis.proto.grpc.RaftServerProtocolServiceGrpc$RaftServerProtocolServiceBlockingStub.requestVote(RaftServerProtocolServiceGrpc.java:265)
	at org.apache.ratis.grpc.server.GrpcServerProtocolClient.requestVote(GrpcServerProtocolClient.java:99)
	at org.apache.ratis.grpc.server.GrpcService.requestVote(GrpcService.java:204)
	at org.apache.ratis.server.impl.LeaderElection.lambda$submitRequests$1(LeaderElection.java:234)
	at java.util.concurrent.FutureTask.run(FutureTask.java:266)
	at java.util.concurrent.Executors$RunnableAdapter.call(Executors.java:511)
	at java.util.concurrent.FutureTask.run(FutureTask.java:266)
	at java.util.concurrent.ThreadPoolExecutor.runWorker(ThreadPoolExecutor.java:1149)
	at java.util.concurrent.ThreadPoolExecutor$Worker.run(ThreadPoolExecutor.java:624)
	... 1 more
Caused by: org.apache.ratis.thirdparty.io.netty.channel.AbstractChannel$AnnotatedConnectException: Connection refused: /192.168.69.65:39870
	at sun.nio.ch.SocketChannelImpl.checkConnect(Native Method)
	at sun.nio.ch.SocketChannelImpl.finishConnect(SocketChannelImpl.java:717)
	at org.apache.ratis.thirdparty.io.netty.channel.socket.nio.NioSocketChannel.doFinishConnect(NioSocketChannel.java:327)
	at org.apache.ratis.thirdparty.io.netty.channel.nio.AbstractNioChannel$AbstractNioUnsafe.finishConnect(AbstractNioChannel.java:340)
	at org.apache.ratis.thirdparty.io.netty.channel.nio.NioEventLoop.processSelectedKey(NioEventLoop.java:632)
	at org.apache.ratis.thirdparty.io.netty.channel.nio.NioEventLoop.processSelectedKeysOptimized(NioEventLoop.java:579)
	at org.apache.ratis.thirdparty.io.netty.channel.nio.NioEventLoop.processSelectedKeys(NioEventLoop.java:496)
	at org.apache.ratis.thirdparty.io.netty.channel.nio.NioEventLoop.run(NioEventLoop.java:458)
	at org.apache.ratis.thirdparty.io.netty.util.concurrent.SingleThreadEventExecutor$5.run(SingleThreadEventExecutor.java:897)
	at org.apache.ratis.thirdparty.io.netty.util.concurrent.FastThreadLocalRunnable.run(FastThreadLocalRunnable.java:30)
	... 1 more
Caused by: java.net.ConnectException: Connection refused
	... 11 more
2019-11-14 22:36:04,528 [2427739b-b0e6-43d8-8c20-3c7e368f4410@group-452512CD754F-LeaderElection65] INFO  impl.RaftServerImpl (RaftServerImpl.java:setRole(173)) - 2427739b-b0e6-43d8-8c20-3c7e368f4410@group-452512CD754F: changes role from CANDIDATE to FOLLOWER at term 3 for DISCOVERED_A_NEW_TERM
2019-11-14 22:36:04,529 [2427739b-b0e6-43d8-8c20-3c7e368f4410@group-452512CD754F-LeaderElection65] INFO  impl.RoleInfo (RoleInfo.java:shutdownLeaderElection(134)) - 2427739b-b0e6-43d8-8c20-3c7e368f4410: shutdown LeaderElection
2019-11-14 22:36:04,529 [2427739b-b0e6-43d8-8c20-3c7e368f4410@group-452512CD754F-LeaderElection65] INFO  impl.RoleInfo (RoleInfo.java:updateAndGet(143)) - 2427739b-b0e6-43d8-8c20-3c7e368f4410: start FollowerState
2019-11-14 22:36:04,776 [Thread-1759] INFO  impl.FollowerState (FollowerState.java:run(111)) - 76b3b274-17aa-4635-9ecc-8bffa687e80e@group-BA5CC5B18D18-FollowerState: change to CANDIDATE, lastRpcTime:1155ms, electionTimeout:1155ms
2019-11-14 22:36:04,776 [Thread-1759] INFO  impl.RoleInfo (RoleInfo.java:shutdownFollowerState(121)) - 76b3b274-17aa-4635-9ecc-8bffa687e80e: shutdown FollowerState
2019-11-14 22:36:04,776 [Thread-1759] INFO  impl.RaftServerImpl (RaftServerImpl.java:setRole(173)) - 76b3b274-17aa-4635-9ecc-8bffa687e80e@group-BA5CC5B18D18: changes role from  FOLLOWER to CANDIDATE at term 4 for changeToCandidate
2019-11-14 22:36:04,776 [Thread-1759] INFO  impl.RoleInfo (RoleInfo.java:updateAndGet(143)) - 76b3b274-17aa-4635-9ecc-8bffa687e80e: start LeaderElection
2019-11-14 22:36:04,803 [76b3b274-17aa-4635-9ecc-8bffa687e80e@group-BA5CC5B18D18-LeaderElection66] INFO  impl.LeaderElection (LeaderElection.java:askForVotes(178)) - 76b3b274-17aa-4635-9ecc-8bffa687e80e@group-BA5CC5B18D18-LeaderElection66: begin an election at term 5 for 1: [76b3b274-17aa-4635-9ecc-8bffa687e80e:192.168.69.65:46135, 71039d87-f713-4353-b155-a31bf00200f2:192.168.69.65:44128, 134e3363-1f82-43b5-a94b-e408c514013d:192.168.69.65:38811], old=null
2019-11-14 22:36:04,804 [76b3b274-17aa-4635-9ecc-8bffa687e80e@group-BA5CC5B18D18-LeaderElection66] INFO  impl.LeaderElection (LogUtils.java:infoOrTrace(149)) - 76b3b274-17aa-4635-9ecc-8bffa687e80e@group-BA5CC5B18D18-LeaderElection66 got exception when requesting votes: {}
java.util.concurrent.ExecutionException: org.apache.ratis.thirdparty.io.grpc.StatusRuntimeException: UNAVAILABLE: io exception
	at java.util.concurrent.FutureTask.report(FutureTask.java:122)
	at java.util.concurrent.FutureTask.get(FutureTask.java:192)
	at org.apache.ratis.server.impl.LeaderElection.waitForResults(LeaderElection.java:259)
	at org.apache.ratis.server.impl.LeaderElection.askForVotes(LeaderElection.java:197)
	at org.apache.ratis.server.impl.LeaderElection.run(LeaderElection.java:133)
	at java.lang.Thread.run(Thread.java:748)
Caused by: org.apache.ratis.thirdparty.io.grpc.StatusRuntimeException: UNAVAILABLE: io exception
	at org.apache.ratis.thirdparty.io.grpc.stub.ClientCalls.toStatusRuntimeException(ClientCalls.java:233)
	at org.apache.ratis.thirdparty.io.grpc.stub.ClientCalls.getUnchecked(ClientCalls.java:214)
	at org.apache.ratis.thirdparty.io.grpc.stub.ClientCalls.blockingUnaryCall(ClientCalls.java:139)
	at org.apache.ratis.proto.grpc.RaftServerProtocolServiceGrpc$RaftServerProtocolServiceBlockingStub.requestVote(RaftServerProtocolServiceGrpc.java:265)
	at org.apache.ratis.grpc.server.GrpcServerProtocolClient.requestVote(GrpcServerProtocolClient.java:99)
	at org.apache.ratis.grpc.server.GrpcService.requestVote(GrpcService.java:204)
	at org.apache.ratis.server.impl.LeaderElection.lambda$submitRequests$1(LeaderElection.java:234)
	at java.util.concurrent.FutureTask.run(FutureTask.java:266)
	at java.util.concurrent.Executors$RunnableAdapter.call(Executors.java:511)
	at java.util.concurrent.FutureTask.run(FutureTask.java:266)
	at java.util.concurrent.ThreadPoolExecutor.runWorker(ThreadPoolExecutor.java:1149)
	at java.util.concurrent.ThreadPoolExecutor$Worker.run(ThreadPoolExecutor.java:624)
	... 1 more
Caused by: org.apache.ratis.thirdparty.io.netty.channel.AbstractChannel$AnnotatedConnectException: Connection refused: /192.168.69.65:44128
	at sun.nio.ch.SocketChannelImpl.checkConnect(Native Method)
	at sun.nio.ch.SocketChannelImpl.finishConnect(SocketChannelImpl.java:717)
	at org.apache.ratis.thirdparty.io.netty.channel.socket.nio.NioSocketChannel.doFinishConnect(NioSocketChannel.java:327)
	at org.apache.ratis.thirdparty.io.netty.channel.nio.AbstractNioChannel$AbstractNioUnsafe.finishConnect(AbstractNioChannel.java:340)
	at org.apache.ratis.thirdparty.io.netty.channel.nio.NioEventLoop.processSelectedKey(NioEventLoop.java:632)
	at org.apache.ratis.thirdparty.io.netty.channel.nio.NioEventLoop.processSelectedKeysOptimized(NioEventLoop.java:579)
	at org.apache.ratis.thirdparty.io.netty.channel.nio.NioEventLoop.processSelectedKeys(NioEventLoop.java:496)
	at org.apache.ratis.thirdparty.io.netty.channel.nio.NioEventLoop.run(NioEventLoop.java:458)
	at org.apache.ratis.thirdparty.io.netty.util.concurrent.SingleThreadEventExecutor$5.run(SingleThreadEventExecutor.java:897)
	at org.apache.ratis.thirdparty.io.netty.util.concurrent.FastThreadLocalRunnable.run(FastThreadLocalRunnable.java:30)
	... 1 more
Caused by: java.net.ConnectException: Connection refused
	... 11 more
2019-11-14 22:36:04,805 [76b3b274-17aa-4635-9ecc-8bffa687e80e@group-BA5CC5B18D18-LeaderElection66] INFO  impl.LeaderElection (LogUtils.java:infoOrTrace(149)) - 76b3b274-17aa-4635-9ecc-8bffa687e80e@group-BA5CC5B18D18-LeaderElection66 got exception when requesting votes: {}
java.util.concurrent.ExecutionException: org.apache.ratis.thirdparty.io.grpc.StatusRuntimeException: UNAVAILABLE: io exception
	at java.util.concurrent.FutureTask.report(FutureTask.java:122)
	at java.util.concurrent.FutureTask.get(FutureTask.java:192)
	at org.apache.ratis.server.impl.LeaderElection.waitForResults(LeaderElection.java:259)
	at org.apache.ratis.server.impl.LeaderElection.askForVotes(LeaderElection.java:197)
	at org.apache.ratis.server.impl.LeaderElection.run(LeaderElection.java:133)
	at java.lang.Thread.run(Thread.java:748)
Caused by: org.apache.ratis.thirdparty.io.grpc.StatusRuntimeException: UNAVAILABLE: io exception
	at org.apache.ratis.thirdparty.io.grpc.stub.ClientCalls.toStatusRuntimeException(ClientCalls.java:233)
	at org.apache.ratis.thirdparty.io.grpc.stub.ClientCalls.getUnchecked(ClientCalls.java:214)
	at org.apache.ratis.thirdparty.io.grpc.stub.ClientCalls.blockingUnaryCall(ClientCalls.java:139)
	at org.apache.ratis.proto.grpc.RaftServerProtocolServiceGrpc$RaftServerProtocolServiceBlockingStub.requestVote(RaftServerProtocolServiceGrpc.java:265)
	at org.apache.ratis.grpc.server.GrpcServerProtocolClient.requestVote(GrpcServerProtocolClient.java:99)
	at org.apache.ratis.grpc.server.GrpcService.requestVote(GrpcService.java:204)
	at org.apache.ratis.server.impl.LeaderElection.lambda$submitRequests$1(LeaderElection.java:234)
	at java.util.concurrent.FutureTask.run(FutureTask.java:266)
	at java.util.concurrent.Executors$RunnableAdapter.call(Executors.java:511)
	at java.util.concurrent.FutureTask.run(FutureTask.java:266)
	at java.util.concurrent.ThreadPoolExecutor.runWorker(ThreadPoolExecutor.java:1149)
	at java.util.concurrent.ThreadPoolExecutor$Worker.run(ThreadPoolExecutor.java:624)
	... 1 more
Caused by: org.apache.ratis.thirdparty.io.netty.channel.AbstractChannel$AnnotatedConnectException: Connection refused: /192.168.69.65:38811
	at sun.nio.ch.SocketChannelImpl.checkConnect(Native Method)
	at sun.nio.ch.SocketChannelImpl.finishConnect(SocketChannelImpl.java:717)
	at org.apache.ratis.thirdparty.io.netty.channel.socket.nio.NioSocketChannel.doFinishConnect(NioSocketChannel.java:327)
	at org.apache.ratis.thirdparty.io.netty.channel.nio.AbstractNioChannel$AbstractNioUnsafe.finishConnect(AbstractNioChannel.java:340)
	at org.apache.ratis.thirdparty.io.netty.channel.nio.NioEventLoop.processSelectedKey(NioEventLoop.java:632)
	at org.apache.ratis.thirdparty.io.netty.channel.nio.NioEventLoop.processSelectedKeysOptimized(NioEventLoop.java:579)
	at org.apache.ratis.thirdparty.io.netty.channel.nio.NioEventLoop.processSelectedKeys(NioEventLoop.java:496)
	at org.apache.ratis.thirdparty.io.netty.channel.nio.NioEventLoop.run(NioEventLoop.java:458)
	at org.apache.ratis.thirdparty.io.netty.util.concurrent.SingleThreadEventExecutor$5.run(SingleThreadEventExecutor.java:897)
	at org.apache.ratis.thirdparty.io.netty.util.concurrent.FastThreadLocalRunnable.run(FastThreadLocalRunnable.java:30)
	... 1 more
Caused by: java.net.ConnectException: Connection refused
	... 11 more
2019-11-14 22:36:04,806 [76b3b274-17aa-4635-9ecc-8bffa687e80e@group-BA5CC5B18D18-LeaderElection66] INFO  impl.LeaderElection (LeaderElection.java:logAndReturn(56)) - 76b3b274-17aa-4635-9ecc-8bffa687e80e@group-BA5CC5B18D18-LeaderElection66: Election REJECTED; received 0 response(s) [] and 2 exception(s); 76b3b274-17aa-4635-9ecc-8bffa687e80e@group-BA5CC5B18D18:t5, leader=null, voted=76b3b274-17aa-4635-9ecc-8bffa687e80e, raftlog=76b3b274-17aa-4635-9ecc-8bffa687e80e@group-BA5CC5B18D18-SegmentedRaftLog:OPENED:c2,f2,i2, conf=1: [76b3b274-17aa-4635-9ecc-8bffa687e80e:192.168.69.65:46135, 71039d87-f713-4353-b155-a31bf00200f2:192.168.69.65:44128, 134e3363-1f82-43b5-a94b-e408c514013d:192.168.69.65:38811], old=null
2019-11-14 22:36:04,806 [76b3b274-17aa-4635-9ecc-8bffa687e80e@group-BA5CC5B18D18-LeaderElection66] INFO  impl.LeaderElection (LogUtils.java:infoOrTrace(149)) -   Exception 0: {}
java.util.concurrent.ExecutionException: org.apache.ratis.thirdparty.io.grpc.StatusRuntimeException: UNAVAILABLE: io exception
	at java.util.concurrent.FutureTask.report(FutureTask.java:122)
	at java.util.concurrent.FutureTask.get(FutureTask.java:192)
	at org.apache.ratis.server.impl.LeaderElection.waitForResults(LeaderElection.java:259)
	at org.apache.ratis.server.impl.LeaderElection.askForVotes(LeaderElection.java:197)
	at org.apache.ratis.server.impl.LeaderElection.run(LeaderElection.java:133)
	at java.lang.Thread.run(Thread.java:748)
Caused by: org.apache.ratis.thirdparty.io.grpc.StatusRuntimeException: UNAVAILABLE: io exception
	at org.apache.ratis.thirdparty.io.grpc.stub.ClientCalls.toStatusRuntimeException(ClientCalls.java:233)
	at org.apache.ratis.thirdparty.io.grpc.stub.ClientCalls.getUnchecked(ClientCalls.java:214)
	at org.apache.ratis.thirdparty.io.grpc.stub.ClientCalls.blockingUnaryCall(ClientCalls.java:139)
	at org.apache.ratis.proto.grpc.RaftServerProtocolServiceGrpc$RaftServerProtocolServiceBlockingStub.requestVote(RaftServerProtocolServiceGrpc.java:265)
	at org.apache.ratis.grpc.server.GrpcServerProtocolClient.requestVote(GrpcServerProtocolClient.java:99)
	at org.apache.ratis.grpc.server.GrpcService.requestVote(GrpcService.java:204)
	at org.apache.ratis.server.impl.LeaderElection.lambda$submitRequests$1(LeaderElection.java:234)
	at java.util.concurrent.FutureTask.run(FutureTask.java:266)
	at java.util.concurrent.Executors$RunnableAdapter.call(Executors.java:511)
	at java.util.concurrent.FutureTask.run(FutureTask.java:266)
	at java.util.concurrent.ThreadPoolExecutor.runWorker(ThreadPoolExecutor.java:1149)
	at java.util.concurrent.ThreadPoolExecutor$Worker.run(ThreadPoolExecutor.java:624)
	... 1 more
Caused by: org.apache.ratis.thirdparty.io.netty.channel.AbstractChannel$AnnotatedConnectException: Connection refused: /192.168.69.65:44128
	at sun.nio.ch.SocketChannelImpl.checkConnect(Native Method)
	at sun.nio.ch.SocketChannelImpl.finishConnect(SocketChannelImpl.java:717)
	at org.apache.ratis.thirdparty.io.netty.channel.socket.nio.NioSocketChannel.doFinishConnect(NioSocketChannel.java:327)
	at org.apache.ratis.thirdparty.io.netty.channel.nio.AbstractNioChannel$AbstractNioUnsafe.finishConnect(AbstractNioChannel.java:340)
	at org.apache.ratis.thirdparty.io.netty.channel.nio.NioEventLoop.processSelectedKey(NioEventLoop.java:632)
	at org.apache.ratis.thirdparty.io.netty.channel.nio.NioEventLoop.processSelectedKeysOptimized(NioEventLoop.java:579)
	at org.apache.ratis.thirdparty.io.netty.channel.nio.NioEventLoop.processSelectedKeys(NioEventLoop.java:496)
	at org.apache.ratis.thirdparty.io.netty.channel.nio.NioEventLoop.run(NioEventLoop.java:458)
	at org.apache.ratis.thirdparty.io.netty.util.concurrent.SingleThreadEventExecutor$5.run(SingleThreadEventExecutor.java:897)
	at org.apache.ratis.thirdparty.io.netty.util.concurrent.FastThreadLocalRunnable.run(FastThreadLocalRunnable.java:30)
	... 1 more
Caused by: java.net.ConnectException: Connection refused
	... 11 more
2019-11-14 22:36:04,806 [76b3b274-17aa-4635-9ecc-8bffa687e80e@group-BA5CC5B18D18-LeaderElection66] INFO  impl.LeaderElection (LogUtils.java:infoOrTrace(149)) -   Exception 1: {}
java.util.concurrent.ExecutionException: org.apache.ratis.thirdparty.io.grpc.StatusRuntimeException: UNAVAILABLE: io exception
	at java.util.concurrent.FutureTask.report(FutureTask.java:122)
	at java.util.concurrent.FutureTask.get(FutureTask.java:192)
	at org.apache.ratis.server.impl.LeaderElection.waitForResults(LeaderElection.java:259)
	at org.apache.ratis.server.impl.LeaderElection.askForVotes(LeaderElection.java:197)
	at org.apache.ratis.server.impl.LeaderElection.run(LeaderElection.java:133)
	at java.lang.Thread.run(Thread.java:748)
Caused by: org.apache.ratis.thirdparty.io.grpc.StatusRuntimeException: UNAVAILABLE: io exception
	at org.apache.ratis.thirdparty.io.grpc.stub.ClientCalls.toStatusRuntimeException(ClientCalls.java:233)
	at org.apache.ratis.thirdparty.io.grpc.stub.ClientCalls.getUnchecked(ClientCalls.java:214)
	at org.apache.ratis.thirdparty.io.grpc.stub.ClientCalls.blockingUnaryCall(ClientCalls.java:139)
	at org.apache.ratis.proto.grpc.RaftServerProtocolServiceGrpc$RaftServerProtocolServiceBlockingStub.requestVote(RaftServerProtocolServiceGrpc.java:265)
	at org.apache.ratis.grpc.server.GrpcServerProtocolClient.requestVote(GrpcServerProtocolClient.java:99)
	at org.apache.ratis.grpc.server.GrpcService.requestVote(GrpcService.java:204)
	at org.apache.ratis.server.impl.LeaderElection.lambda$submitRequests$1(LeaderElection.java:234)
	at java.util.concurrent.FutureTask.run(FutureTask.java:266)
	at java.util.concurrent.Executors$RunnableAdapter.call(Executors.java:511)
	at java.util.concurrent.FutureTask.run(FutureTask.java:266)
	at java.util.concurrent.ThreadPoolExecutor.runWorker(ThreadPoolExecutor.java:1149)
	at java.util.concurrent.ThreadPoolExecutor$Worker.run(ThreadPoolExecutor.java:624)
	... 1 more
Caused by: org.apache.ratis.thirdparty.io.netty.channel.AbstractChannel$AnnotatedConnectException: Connection refused: /192.168.69.65:38811
	at sun.nio.ch.SocketChannelImpl.checkConnect(Native Method)
	at sun.nio.ch.SocketChannelImpl.finishConnect(SocketChannelImpl.java:717)
	at org.apache.ratis.thirdparty.io.netty.channel.socket.nio.NioSocketChannel.doFinishConnect(NioSocketChannel.java:327)
	at org.apache.ratis.thirdparty.io.netty.channel.nio.AbstractNioChannel$AbstractNioUnsafe.finishConnect(AbstractNioChannel.java:340)
	at org.apache.ratis.thirdparty.io.netty.channel.nio.NioEventLoop.processSelectedKey(NioEventLoop.java:632)
	at org.apache.ratis.thirdparty.io.netty.channel.nio.NioEventLoop.processSelectedKeysOptimized(NioEventLoop.java:579)
	at org.apache.ratis.thirdparty.io.netty.channel.nio.NioEventLoop.processSelectedKeys(NioEventLoop.java:496)
	at org.apache.ratis.thirdparty.io.netty.channel.nio.NioEventLoop.run(NioEventLoop.java:458)
	at org.apache.ratis.thirdparty.io.netty.util.concurrent.SingleThreadEventExecutor$5.run(SingleThreadEventExecutor.java:897)
	at org.apache.ratis.thirdparty.io.netty.util.concurrent.FastThreadLocalRunnable.run(FastThreadLocalRunnable.java:30)
	... 1 more
Caused by: java.net.ConnectException: Connection refused
	... 11 more
2019-11-14 22:36:04,807 [76b3b274-17aa-4635-9ecc-8bffa687e80e@group-BA5CC5B18D18-LeaderElection66] INFO  impl.RaftServerImpl (RaftServerImpl.java:setRole(173)) - 76b3b274-17aa-4635-9ecc-8bffa687e80e@group-BA5CC5B18D18: changes role from CANDIDATE to FOLLOWER at term 5 for DISCOVERED_A_NEW_TERM
2019-11-14 22:36:04,807 [76b3b274-17aa-4635-9ecc-8bffa687e80e@group-BA5CC5B18D18-LeaderElection66] INFO  impl.RoleInfo (RoleInfo.java:shutdownLeaderElection(134)) - 76b3b274-17aa-4635-9ecc-8bffa687e80e: shutdown LeaderElection
2019-11-14 22:36:04,807 [76b3b274-17aa-4635-9ecc-8bffa687e80e@group-BA5CC5B18D18-LeaderElection66] INFO  impl.RoleInfo (RoleInfo.java:updateAndGet(143)) - 76b3b274-17aa-4635-9ecc-8bffa687e80e: start FollowerState
2019-11-14 22:36:05,700 [Thread-1763] INFO  impl.FollowerState (FollowerState.java:run(111)) - 2427739b-b0e6-43d8-8c20-3c7e368f4410@group-452512CD754F-FollowerState: change to CANDIDATE, lastRpcTime:1171ms, electionTimeout:1171ms
2019-11-14 22:36:05,701 [Thread-1763] INFO  impl.RoleInfo (RoleInfo.java:shutdownFollowerState(121)) - 2427739b-b0e6-43d8-8c20-3c7e368f4410: shutdown FollowerState
2019-11-14 22:36:05,701 [Thread-1763] INFO  impl.RaftServerImpl (RaftServerImpl.java:setRole(173)) - 2427739b-b0e6-43d8-8c20-3c7e368f4410@group-452512CD754F: changes role from  FOLLOWER to CANDIDATE at term 3 for changeToCandidate
2019-11-14 22:36:05,701 [Thread-1763] INFO  impl.RoleInfo (RoleInfo.java:updateAndGet(143)) - 2427739b-b0e6-43d8-8c20-3c7e368f4410: start LeaderElection
2019-11-14 22:36:05,725 [2427739b-b0e6-43d8-8c20-3c7e368f4410@group-452512CD754F-LeaderElection67] INFO  impl.LeaderElection (LeaderElection.java:askForVotes(178)) - 2427739b-b0e6-43d8-8c20-3c7e368f4410@group-452512CD754F-LeaderElection67: begin an election at term 4 for 0: [2427739b-b0e6-43d8-8c20-3c7e368f4410:192.168.69.65:43712, b7b0f9e6-a213-4288-a637-63e9f4ecb8f2:192.168.69.65:39870, eb8bacec-1550-4eff-8b38-5938654b28d6:192.168.69.65:45501], old=null
2019-11-14 22:36:05,727 [2427739b-b0e6-43d8-8c20-3c7e368f4410@group-452512CD754F-LeaderElection67] INFO  impl.LeaderElection (LogUtils.java:infoOrTrace(149)) - 2427739b-b0e6-43d8-8c20-3c7e368f4410@group-452512CD754F-LeaderElection67 got exception when requesting votes: {}
java.util.concurrent.ExecutionException: org.apache.ratis.thirdparty.io.grpc.StatusRuntimeException: UNAVAILABLE: io exception
	at java.util.concurrent.FutureTask.report(FutureTask.java:122)
	at java.util.concurrent.FutureTask.get(FutureTask.java:192)
	at org.apache.ratis.server.impl.LeaderElection.waitForResults(LeaderElection.java:259)
	at org.apache.ratis.server.impl.LeaderElection.askForVotes(LeaderElection.java:197)
	at org.apache.ratis.server.impl.LeaderElection.run(LeaderElection.java:133)
	at java.lang.Thread.run(Thread.java:748)
Caused by: org.apache.ratis.thirdparty.io.grpc.StatusRuntimeException: UNAVAILABLE: io exception
	at org.apache.ratis.thirdparty.io.grpc.stub.ClientCalls.toStatusRuntimeException(ClientCalls.java:233)
	at org.apache.ratis.thirdparty.io.grpc.stub.ClientCalls.getUnchecked(ClientCalls.java:214)
	at org.apache.ratis.thirdparty.io.grpc.stub.ClientCalls.blockingUnaryCall(ClientCalls.java:139)
	at org.apache.ratis.proto.grpc.RaftServerProtocolServiceGrpc$RaftServerProtocolServiceBlockingStub.requestVote(RaftServerProtocolServiceGrpc.java:265)
	at org.apache.ratis.grpc.server.GrpcServerProtocolClient.requestVote(GrpcServerProtocolClient.java:99)
	at org.apache.ratis.grpc.server.GrpcService.requestVote(GrpcService.java:204)
	at org.apache.ratis.server.impl.LeaderElection.lambda$submitRequests$1(LeaderElection.java:234)
	at java.util.concurrent.FutureTask.run(FutureTask.java:266)
	at java.util.concurrent.Executors$RunnableAdapter.call(Executors.java:511)
	at java.util.concurrent.FutureTask.run(FutureTask.java:266)
	at java.util.concurrent.ThreadPoolExecutor.runWorker(ThreadPoolExecutor.java:1149)
	at java.util.concurrent.ThreadPoolExecutor$Worker.run(ThreadPoolExecutor.java:624)
	... 1 more
Caused by: org.apache.ratis.thirdparty.io.netty.channel.AbstractChannel$AnnotatedConnectException: Connection refused: /192.168.69.65:45501
	at sun.nio.ch.SocketChannelImpl.checkConnect(Native Method)
	at sun.nio.ch.SocketChannelImpl.finishConnect(SocketChannelImpl.java:717)
	at org.apache.ratis.thirdparty.io.netty.channel.socket.nio.NioSocketChannel.doFinishConnect(NioSocketChannel.java:327)
	at org.apache.ratis.thirdparty.io.netty.channel.nio.AbstractNioChannel$AbstractNioUnsafe.finishConnect(AbstractNioChannel.java:340)
	at org.apache.ratis.thirdparty.io.netty.channel.nio.NioEventLoop.processSelectedKey(NioEventLoop.java:632)
	at org.apache.ratis.thirdparty.io.netty.channel.nio.NioEventLoop.processSelectedKeysOptimized(NioEventLoop.java:579)
	at org.apache.ratis.thirdparty.io.netty.channel.nio.NioEventLoop.processSelectedKeys(NioEventLoop.java:496)
	at org.apache.ratis.thirdparty.io.netty.channel.nio.NioEventLoop.run(NioEventLoop.java:458)
	at org.apache.ratis.thirdparty.io.netty.util.concurrent.SingleThreadEventExecutor$5.run(SingleThreadEventExecutor.java:897)
	at org.apache.ratis.thirdparty.io.netty.util.concurrent.FastThreadLocalRunnable.run(FastThreadLocalRunnable.java:30)
	... 1 more
Caused by: java.net.ConnectException: Connection refused
	... 11 more
2019-11-14 22:36:05,729 [2427739b-b0e6-43d8-8c20-3c7e368f4410@group-452512CD754F-LeaderElection67] INFO  impl.LeaderElection (LogUtils.java:infoOrTrace(149)) - 2427739b-b0e6-43d8-8c20-3c7e368f4410@group-452512CD754F-LeaderElection67 got exception when requesting votes: {}
java.util.concurrent.ExecutionException: org.apache.ratis.thirdparty.io.grpc.StatusRuntimeException: UNAVAILABLE: io exception
	at java.util.concurrent.FutureTask.report(FutureTask.java:122)
	at java.util.concurrent.FutureTask.get(FutureTask.java:192)
	at org.apache.ratis.server.impl.LeaderElection.waitForResults(LeaderElection.java:259)
	at org.apache.ratis.server.impl.LeaderElection.askForVotes(LeaderElection.java:197)
	at org.apache.ratis.server.impl.LeaderElection.run(LeaderElection.java:133)
	at java.lang.Thread.run(Thread.java:748)
Caused by: org.apache.ratis.thirdparty.io.grpc.StatusRuntimeException: UNAVAILABLE: io exception
	at org.apache.ratis.thirdparty.io.grpc.stub.ClientCalls.toStatusRuntimeException(ClientCalls.java:233)
	at org.apache.ratis.thirdparty.io.grpc.stub.ClientCalls.getUnchecked(ClientCalls.java:214)
	at org.apache.ratis.thirdparty.io.grpc.stub.ClientCalls.blockingUnaryCall(ClientCalls.java:139)
	at org.apache.ratis.proto.grpc.RaftServerProtocolServiceGrpc$RaftServerProtocolServiceBlockingStub.requestVote(RaftServerProtocolServiceGrpc.java:265)
	at org.apache.ratis.grpc.server.GrpcServerProtocolClient.requestVote(GrpcServerProtocolClient.java:99)
	at org.apache.ratis.grpc.server.GrpcService.requestVote(GrpcService.java:204)
	at org.apache.ratis.server.impl.LeaderElection.lambda$submitRequests$1(LeaderElection.java:234)
	at java.util.concurrent.FutureTask.run(FutureTask.java:266)
	at java.util.concurrent.Executors$RunnableAdapter.call(Executors.java:511)
	at java.util.concurrent.FutureTask.run(FutureTask.java:266)
	at java.util.concurrent.ThreadPoolExecutor.runWorker(ThreadPoolExecutor.java:1149)
	at java.util.concurrent.ThreadPoolExecutor$Worker.run(ThreadPoolExecutor.java:624)
	... 1 more
Caused by: org.apache.ratis.thirdparty.io.netty.channel.AbstractChannel$AnnotatedConnectException: Connection refused: /192.168.69.65:39870
	at sun.nio.ch.SocketChannelImpl.checkConnect(Native Method)
	at sun.nio.ch.SocketChannelImpl.finishConnect(SocketChannelImpl.java:717)
	at org.apache.ratis.thirdparty.io.netty.channel.socket.nio.NioSocketChannel.doFinishConnect(NioSocketChannel.java:327)
	at org.apache.ratis.thirdparty.io.netty.channel.nio.AbstractNioChannel$AbstractNioUnsafe.finishConnect(AbstractNioChannel.java:340)
	at org.apache.ratis.thirdparty.io.netty.channel.nio.NioEventLoop.processSelectedKey(NioEventLoop.java:632)
	at org.apache.ratis.thirdparty.io.netty.channel.nio.NioEventLoop.processSelectedKeysOptimized(NioEventLoop.java:579)
	at org.apache.ratis.thirdparty.io.netty.channel.nio.NioEventLoop.processSelectedKeys(NioEventLoop.java:496)
	at org.apache.ratis.thirdparty.io.netty.channel.nio.NioEventLoop.run(NioEventLoop.java:458)
	at org.apache.ratis.thirdparty.io.netty.util.concurrent.SingleThreadEventExecutor$5.run(SingleThreadEventExecutor.java:897)
	at org.apache.ratis.thirdparty.io.netty.util.concurrent.FastThreadLocalRunnable.run(FastThreadLocalRunnable.java:30)
	... 1 more
Caused by: java.net.ConnectException: Connection refused
	... 11 more
2019-11-14 22:36:05,731 [2427739b-b0e6-43d8-8c20-3c7e368f4410@group-452512CD754F-LeaderElection67] INFO  impl.LeaderElection (LeaderElection.java:logAndReturn(56)) - 2427739b-b0e6-43d8-8c20-3c7e368f4410@group-452512CD754F-LeaderElection67: Election REJECTED; received 0 response(s) [] and 2 exception(s); 2427739b-b0e6-43d8-8c20-3c7e368f4410@group-452512CD754F:t4, leader=null, voted=2427739b-b0e6-43d8-8c20-3c7e368f4410, raftlog=2427739b-b0e6-43d8-8c20-3c7e368f4410@group-452512CD754F-SegmentedRaftLog:OPENED:c0,f0,i0, conf=0: [2427739b-b0e6-43d8-8c20-3c7e368f4410:192.168.69.65:43712, b7b0f9e6-a213-4288-a637-63e9f4ecb8f2:192.168.69.65:39870, eb8bacec-1550-4eff-8b38-5938654b28d6:192.168.69.65:45501], old=null
2019-11-14 22:36:05,731 [2427739b-b0e6-43d8-8c20-3c7e368f4410@group-452512CD754F-LeaderElection67] INFO  impl.LeaderElection (LogUtils.java:infoOrTrace(149)) -   Exception 0: {}
java.util.concurrent.ExecutionException: org.apache.ratis.thirdparty.io.grpc.StatusRuntimeException: UNAVAILABLE: io exception
	at java.util.concurrent.FutureTask.report(FutureTask.java:122)
	at java.util.concurrent.FutureTask.get(FutureTask.java:192)
	at org.apache.ratis.server.impl.LeaderElection.waitForResults(LeaderElection.java:259)
	at org.apache.ratis.server.impl.LeaderElection.askForVotes(LeaderElection.java:197)
	at org.apache.ratis.server.impl.LeaderElection.run(LeaderElection.java:133)
	at java.lang.Thread.run(Thread.java:748)
Caused by: org.apache.ratis.thirdparty.io.grpc.StatusRuntimeException: UNAVAILABLE: io exception
	at org.apache.ratis.thirdparty.io.grpc.stub.ClientCalls.toStatusRuntimeException(ClientCalls.java:233)
	at org.apache.ratis.thirdparty.io.grpc.stub.ClientCalls.getUnchecked(ClientCalls.java:214)
	at org.apache.ratis.thirdparty.io.grpc.stub.ClientCalls.blockingUnaryCall(ClientCalls.java:139)
	at org.apache.ratis.proto.grpc.RaftServerProtocolServiceGrpc$RaftServerProtocolServiceBlockingStub.requestVote(RaftServerProtocolServiceGrpc.java:265)
	at org.apache.ratis.grpc.server.GrpcServerProtocolClient.requestVote(GrpcServerProtocolClient.java:99)
	at org.apache.ratis.grpc.server.GrpcService.requestVote(GrpcService.java:204)
	at org.apache.ratis.server.impl.LeaderElection.lambda$submitRequests$1(LeaderElection.java:234)
	at java.util.concurrent.FutureTask.run(FutureTask.java:266)
	at java.util.concurrent.Executors$RunnableAdapter.call(Executors.java:511)
	at java.util.concurrent.FutureTask.run(FutureTask.java:266)
	at java.util.concurrent.ThreadPoolExecutor.runWorker(ThreadPoolExecutor.java:1149)
	at java.util.concurrent.ThreadPoolExecutor$Worker.run(ThreadPoolExecutor.java:624)
	... 1 more
Caused by: org.apache.ratis.thirdparty.io.netty.channel.AbstractChannel$AnnotatedConnectException: Connection refused: /192.168.69.65:45501
	at sun.nio.ch.SocketChannelImpl.checkConnect(Native Method)
	at sun.nio.ch.SocketChannelImpl.finishConnect(SocketChannelImpl.java:717)
	at org.apache.ratis.thirdparty.io.netty.channel.socket.nio.NioSocketChannel.doFinishConnect(NioSocketChannel.java:327)
	at org.apache.ratis.thirdparty.io.netty.channel.nio.AbstractNioChannel$AbstractNioUnsafe.finishConnect(AbstractNioChannel.java:340)
	at org.apache.ratis.thirdparty.io.netty.channel.nio.NioEventLoop.processSelectedKey(NioEventLoop.java:632)
	at org.apache.ratis.thirdparty.io.netty.channel.nio.NioEventLoop.processSelectedKeysOptimized(NioEventLoop.java:579)
	at org.apache.ratis.thirdparty.io.netty.channel.nio.NioEventLoop.processSelectedKeys(NioEventLoop.java:496)
	at org.apache.ratis.thirdparty.io.netty.channel.nio.NioEventLoop.run(NioEventLoop.java:458)
	at org.apache.ratis.thirdparty.io.netty.util.concurrent.SingleThreadEventExecutor$5.run(SingleThreadEventExecutor.java:897)
	at org.apache.ratis.thirdparty.io.netty.util.concurrent.FastThreadLocalRunnable.run(FastThreadLocalRunnable.java:30)
	... 1 more
Caused by: java.net.ConnectException: Connection refused
	... 11 more
2019-11-14 22:36:05,731 [2427739b-b0e6-43d8-8c20-3c7e368f4410@group-452512CD754F-LeaderElection67] INFO  impl.LeaderElection (LogUtils.java:infoOrTrace(149)) -   Exception 1: {}
java.util.concurrent.ExecutionException: org.apache.ratis.thirdparty.io.grpc.StatusRuntimeException: UNAVAILABLE: io exception
	at java.util.concurrent.FutureTask.report(FutureTask.java:122)
	at java.util.concurrent.FutureTask.get(FutureTask.java:192)
	at org.apache.ratis.server.impl.LeaderElection.waitForResults(LeaderElection.java:259)
	at org.apache.ratis.server.impl.LeaderElection.askForVotes(LeaderElection.java:197)
	at org.apache.ratis.server.impl.LeaderElection.run(LeaderElection.java:133)
	at java.lang.Thread.run(Thread.java:748)
Caused by: org.apache.ratis.thirdparty.io.grpc.StatusRuntimeException: UNAVAILABLE: io exception
	at org.apache.ratis.thirdparty.io.grpc.stub.ClientCalls.toStatusRuntimeException(ClientCalls.java:233)
	at org.apache.ratis.thirdparty.io.grpc.stub.ClientCalls.getUnchecked(ClientCalls.java:214)
	at org.apache.ratis.thirdparty.io.grpc.stub.ClientCalls.blockingUnaryCall(ClientCalls.java:139)
	at org.apache.ratis.proto.grpc.RaftServerProtocolServiceGrpc$RaftServerProtocolServiceBlockingStub.requestVote(RaftServerProtocolServiceGrpc.java:265)
	at org.apache.ratis.grpc.server.GrpcServerProtocolClient.requestVote(GrpcServerProtocolClient.java:99)
	at org.apache.ratis.grpc.server.GrpcService.requestVote(GrpcService.java:204)
	at org.apache.ratis.server.impl.LeaderElection.lambda$submitRequests$1(LeaderElection.java:234)
	at java.util.concurrent.FutureTask.run(FutureTask.java:266)
	at java.util.concurrent.Executors$RunnableAdapter.call(Executors.java:511)
	at java.util.concurrent.FutureTask.run(FutureTask.java:266)
	at java.util.concurrent.ThreadPoolExecutor.runWorker(ThreadPoolExecutor.java:1149)
	at java.util.concurrent.ThreadPoolExecutor$Worker.run(ThreadPoolExecutor.java:624)
	... 1 more
Caused by: org.apache.ratis.thirdparty.io.netty.channel.AbstractChannel$AnnotatedConnectException: Connection refused: /192.168.69.65:39870
	at sun.nio.ch.SocketChannelImpl.checkConnect(Native Method)
	at sun.nio.ch.SocketChannelImpl.finishConnect(SocketChannelImpl.java:717)
	at org.apache.ratis.thirdparty.io.netty.channel.socket.nio.NioSocketChannel.doFinishConnect(NioSocketChannel.java:327)
	at org.apache.ratis.thirdparty.io.netty.channel.nio.AbstractNioChannel$AbstractNioUnsafe.finishConnect(AbstractNioChannel.java:340)
	at org.apache.ratis.thirdparty.io.netty.channel.nio.NioEventLoop.processSelectedKey(NioEventLoop.java:632)
	at org.apache.ratis.thirdparty.io.netty.channel.nio.NioEventLoop.processSelectedKeysOptimized(NioEventLoop.java:579)
	at org.apache.ratis.thirdparty.io.netty.channel.nio.NioEventLoop.processSelectedKeys(NioEventLoop.java:496)
	at org.apache.ratis.thirdparty.io.netty.channel.nio.NioEventLoop.run(NioEventLoop.java:458)
	at org.apache.ratis.thirdparty.io.netty.util.concurrent.SingleThreadEventExecutor$5.run(SingleThreadEventExecutor.java:897)
	at org.apache.ratis.thirdparty.io.netty.util.concurrent.FastThreadLocalRunnable.run(FastThreadLocalRunnable.java:30)
	... 1 more
Caused by: java.net.ConnectException: Connection refused
	... 11 more
2019-11-14 22:36:05,732 [2427739b-b0e6-43d8-8c20-3c7e368f4410@group-452512CD754F-LeaderElection67] INFO  impl.RaftServerImpl (RaftServerImpl.java:setRole(173)) - 2427739b-b0e6-43d8-8c20-3c7e368f4410@group-452512CD754F: changes role from CANDIDATE to FOLLOWER at term 4 for DISCOVERED_A_NEW_TERM
2019-11-14 22:36:05,732 [2427739b-b0e6-43d8-8c20-3c7e368f4410@group-452512CD754F-LeaderElection67] INFO  impl.RoleInfo (RoleInfo.java:shutdownLeaderElection(134)) - 2427739b-b0e6-43d8-8c20-3c7e368f4410: shutdown LeaderElection
2019-11-14 22:36:05,732 [2427739b-b0e6-43d8-8c20-3c7e368f4410@group-452512CD754F-LeaderElection67] INFO  impl.RoleInfo (RoleInfo.java:updateAndGet(143)) - 2427739b-b0e6-43d8-8c20-3c7e368f4410: start FollowerState
2019-11-14 22:36:05,922 [Thread-1767] INFO  impl.FollowerState (FollowerState.java:run(111)) - 76b3b274-17aa-4635-9ecc-8bffa687e80e@group-BA5CC5B18D18-FollowerState: change to CANDIDATE, lastRpcTime:1114ms, electionTimeout:1114ms
2019-11-14 22:36:05,922 [Thread-1767] INFO  impl.RoleInfo (RoleInfo.java:shutdownFollowerState(121)) - 76b3b274-17aa-4635-9ecc-8bffa687e80e: shutdown FollowerState
2019-11-14 22:36:05,922 [Thread-1767] INFO  impl.RaftServerImpl (RaftServerImpl.java:setRole(173)) - 76b3b274-17aa-4635-9ecc-8bffa687e80e@group-BA5CC5B18D18: changes role from  FOLLOWER to CANDIDATE at term 5 for changeToCandidate
2019-11-14 22:36:05,923 [Thread-1767] INFO  impl.RoleInfo (RoleInfo.java:updateAndGet(143)) - 76b3b274-17aa-4635-9ecc-8bffa687e80e: start LeaderElection
2019-11-14 22:36:05,948 [76b3b274-17aa-4635-9ecc-8bffa687e80e@group-BA5CC5B18D18-LeaderElection68] INFO  impl.LeaderElection (LeaderElection.java:askForVotes(178)) - 76b3b274-17aa-4635-9ecc-8bffa687e80e@group-BA5CC5B18D18-LeaderElection68: begin an election at term 6 for 1: [76b3b274-17aa-4635-9ecc-8bffa687e80e:192.168.69.65:46135, 71039d87-f713-4353-b155-a31bf00200f2:192.168.69.65:44128, 134e3363-1f82-43b5-a94b-e408c514013d:192.168.69.65:38811], old=null
2019-11-14 22:36:05,949 [76b3b274-17aa-4635-9ecc-8bffa687e80e@group-BA5CC5B18D18-LeaderElection68] INFO  impl.LeaderElection (LogUtils.java:infoOrTrace(149)) - 76b3b274-17aa-4635-9ecc-8bffa687e80e@group-BA5CC5B18D18-LeaderElection68 got exception when requesting votes: {}
java.util.concurrent.ExecutionException: org.apache.ratis.thirdparty.io.grpc.StatusRuntimeException: UNAVAILABLE: io exception
	at java.util.concurrent.FutureTask.report(FutureTask.java:122)
	at java.util.concurrent.FutureTask.get(FutureTask.java:192)
	at org.apache.ratis.server.impl.LeaderElection.waitForResults(LeaderElection.java:259)
	at org.apache.ratis.server.impl.LeaderElection.askForVotes(LeaderElection.java:197)
	at org.apache.ratis.server.impl.LeaderElection.run(LeaderElection.java:133)
	at java.lang.Thread.run(Thread.java:748)
Caused by: org.apache.ratis.thirdparty.io.grpc.StatusRuntimeException: UNAVAILABLE: io exception
	at org.apache.ratis.thirdparty.io.grpc.stub.ClientCalls.toStatusRuntimeException(ClientCalls.java:233)
	at org.apache.ratis.thirdparty.io.grpc.stub.ClientCalls.getUnchecked(ClientCalls.java:214)
	at org.apache.ratis.thirdparty.io.grpc.stub.ClientCalls.blockingUnaryCall(ClientCalls.java:139)
	at org.apache.ratis.proto.grpc.RaftServerProtocolServiceGrpc$RaftServerProtocolServiceBlockingStub.requestVote(RaftServerProtocolServiceGrpc.java:265)
	at org.apache.ratis.grpc.server.GrpcServerProtocolClient.requestVote(GrpcServerProtocolClient.java:99)
	at org.apache.ratis.grpc.server.GrpcService.requestVote(GrpcService.java:204)
	at org.apache.ratis.server.impl.LeaderElection.lambda$submitRequests$1(LeaderElection.java:234)
	at java.util.concurrent.FutureTask.run(FutureTask.java:266)
	at java.util.concurrent.Executors$RunnableAdapter.call(Executors.java:511)
	at java.util.concurrent.FutureTask.run(FutureTask.java:266)
	at java.util.concurrent.ThreadPoolExecutor.runWorker(ThreadPoolExecutor.java:1149)
	at java.util.concurrent.ThreadPoolExecutor$Worker.run(ThreadPoolExecutor.java:624)
	... 1 more
Caused by: org.apache.ratis.thirdparty.io.netty.channel.AbstractChannel$AnnotatedConnectException: Connection refused: /192.168.69.65:38811
	at sun.nio.ch.SocketChannelImpl.checkConnect(Native Method)
	at sun.nio.ch.SocketChannelImpl.finishConnect(SocketChannelImpl.java:717)
	at org.apache.ratis.thirdparty.io.netty.channel.socket.nio.NioSocketChannel.doFinishConnect(NioSocketChannel.java:327)
	at org.apache.ratis.thirdparty.io.netty.channel.nio.AbstractNioChannel$AbstractNioUnsafe.finishConnect(AbstractNioChannel.java:340)
	at org.apache.ratis.thirdparty.io.netty.channel.nio.NioEventLoop.processSelectedKey(NioEventLoop.java:632)
	at org.apache.ratis.thirdparty.io.netty.channel.nio.NioEventLoop.processSelectedKeysOptimized(NioEventLoop.java:579)
	at org.apache.ratis.thirdparty.io.netty.channel.nio.NioEventLoop.processSelectedKeys(NioEventLoop.java:496)
	at org.apache.ratis.thirdparty.io.netty.channel.nio.NioEventLoop.run(NioEventLoop.java:458)
	at org.apache.ratis.thirdparty.io.netty.util.concurrent.SingleThreadEventExecutor$5.run(SingleThreadEventExecutor.java:897)
	at org.apache.ratis.thirdparty.io.netty.util.concurrent.FastThreadLocalRunnable.run(FastThreadLocalRunnable.java:30)
	... 1 more
Caused by: java.net.ConnectException: Connection refused
	... 11 more
2019-11-14 22:36:05,953 [76b3b274-17aa-4635-9ecc-8bffa687e80e@group-BA5CC5B18D18-LeaderElection68] INFO  impl.LeaderElection (LogUtils.java:infoOrTrace(149)) - 76b3b274-17aa-4635-9ecc-8bffa687e80e@group-BA5CC5B18D18-LeaderElection68 got exception when requesting votes: {}
java.util.concurrent.ExecutionException: org.apache.ratis.thirdparty.io.grpc.StatusRuntimeException: UNAVAILABLE: io exception
	at java.util.concurrent.FutureTask.report(FutureTask.java:122)
	at java.util.concurrent.FutureTask.get(FutureTask.java:192)
	at org.apache.ratis.server.impl.LeaderElection.waitForResults(LeaderElection.java:259)
	at org.apache.ratis.server.impl.LeaderElection.askForVotes(LeaderElection.java:197)
	at org.apache.ratis.server.impl.LeaderElection.run(LeaderElection.java:133)
	at java.lang.Thread.run(Thread.java:748)
Caused by: org.apache.ratis.thirdparty.io.grpc.StatusRuntimeException: UNAVAILABLE: io exception
	at org.apache.ratis.thirdparty.io.grpc.stub.ClientCalls.toStatusRuntimeException(ClientCalls.java:233)
	at org.apache.ratis.thirdparty.io.grpc.stub.ClientCalls.getUnchecked(ClientCalls.java:214)
	at org.apache.ratis.thirdparty.io.grpc.stub.ClientCalls.blockingUnaryCall(ClientCalls.java:139)
	at org.apache.ratis.proto.grpc.RaftServerProtocolServiceGrpc$RaftServerProtocolServiceBlockingStub.requestVote(RaftServerProtocolServiceGrpc.java:265)
	at org.apache.ratis.grpc.server.GrpcServerProtocolClient.requestVote(GrpcServerProtocolClient.java:99)
	at org.apache.ratis.grpc.server.GrpcService.requestVote(GrpcService.java:204)
	at org.apache.ratis.server.impl.LeaderElection.lambda$submitRequests$1(LeaderElection.java:234)
	at java.util.concurrent.FutureTask.run(FutureTask.java:266)
	at java.util.concurrent.Executors$RunnableAdapter.call(Executors.java:511)
	at java.util.concurrent.FutureTask.run(FutureTask.java:266)
	at java.util.concurrent.ThreadPoolExecutor.runWorker(ThreadPoolExecutor.java:1149)
	at java.util.concurrent.ThreadPoolExecutor$Worker.run(ThreadPoolExecutor.java:624)
	... 1 more
Caused by: org.apache.ratis.thirdparty.io.netty.channel.AbstractChannel$AnnotatedConnectException: Connection refused: /192.168.69.65:44128
	at sun.nio.ch.SocketChannelImpl.checkConnect(Native Method)
	at sun.nio.ch.SocketChannelImpl.finishConnect(SocketChannelImpl.java:717)
	at org.apache.ratis.thirdparty.io.netty.channel.socket.nio.NioSocketChannel.doFinishConnect(NioSocketChannel.java:327)
	at org.apache.ratis.thirdparty.io.netty.channel.nio.AbstractNioChannel$AbstractNioUnsafe.finishConnect(AbstractNioChannel.java:340)
	at org.apache.ratis.thirdparty.io.netty.channel.nio.NioEventLoop.processSelectedKey(NioEventLoop.java:632)
	at org.apache.ratis.thirdparty.io.netty.channel.nio.NioEventLoop.processSelectedKeysOptimized(NioEventLoop.java:579)
	at org.apache.ratis.thirdparty.io.netty.channel.nio.NioEventLoop.processSelectedKeys(NioEventLoop.java:496)
	at org.apache.ratis.thirdparty.io.netty.channel.nio.NioEventLoop.run(NioEventLoop.java:458)
	at org.apache.ratis.thirdparty.io.netty.util.concurrent.SingleThreadEventExecutor$5.run(SingleThreadEventExecutor.java:897)
	at org.apache.ratis.thirdparty.io.netty.util.concurrent.FastThreadLocalRunnable.run(FastThreadLocalRunnable.java:30)
	... 1 more
Caused by: java.net.ConnectException: Connection refused
	... 11 more
2019-11-14 22:36:05,954 [76b3b274-17aa-4635-9ecc-8bffa687e80e@group-BA5CC5B18D18-LeaderElection68] INFO  impl.LeaderElection (LeaderElection.java:logAndReturn(56)) - 76b3b274-17aa-4635-9ecc-8bffa687e80e@group-BA5CC5B18D18-LeaderElection68: Election REJECTED; received 0 response(s) [] and 2 exception(s); 76b3b274-17aa-4635-9ecc-8bffa687e80e@group-BA5CC5B18D18:t6, leader=null, voted=76b3b274-17aa-4635-9ecc-8bffa687e80e, raftlog=76b3b274-17aa-4635-9ecc-8bffa687e80e@group-BA5CC5B18D18-SegmentedRaftLog:OPENED:c2,f2,i2, conf=1: [76b3b274-17aa-4635-9ecc-8bffa687e80e:192.168.69.65:46135, 71039d87-f713-4353-b155-a31bf00200f2:192.168.69.65:44128, 134e3363-1f82-43b5-a94b-e408c514013d:192.168.69.65:38811], old=null
2019-11-14 22:36:05,954 [76b3b274-17aa-4635-9ecc-8bffa687e80e@group-BA5CC5B18D18-LeaderElection68] INFO  impl.LeaderElection (LogUtils.java:infoOrTrace(149)) -   Exception 0: {}
java.util.concurrent.ExecutionException: org.apache.ratis.thirdparty.io.grpc.StatusRuntimeException: UNAVAILABLE: io exception
	at java.util.concurrent.FutureTask.report(FutureTask.java:122)
	at java.util.concurrent.FutureTask.get(FutureTask.java:192)
	at org.apache.ratis.server.impl.LeaderElection.waitForResults(LeaderElection.java:259)
	at org.apache.ratis.server.impl.LeaderElection.askForVotes(LeaderElection.java:197)
	at org.apache.ratis.server.impl.LeaderElection.run(LeaderElection.java:133)
	at java.lang.Thread.run(Thread.java:748)
Caused by: org.apache.ratis.thirdparty.io.grpc.StatusRuntimeException: UNAVAILABLE: io exception
	at org.apache.ratis.thirdparty.io.grpc.stub.ClientCalls.toStatusRuntimeException(ClientCalls.java:233)
	at org.apache.ratis.thirdparty.io.grpc.stub.ClientCalls.getUnchecked(ClientCalls.java:214)
	at org.apache.ratis.thirdparty.io.grpc.stub.ClientCalls.blockingUnaryCall(ClientCalls.java:139)
	at org.apache.ratis.proto.grpc.RaftServerProtocolServiceGrpc$RaftServerProtocolServiceBlockingStub.requestVote(RaftServerProtocolServiceGrpc.java:265)
	at org.apache.ratis.grpc.server.GrpcServerProtocolClient.requestVote(GrpcServerProtocolClient.java:99)
	at org.apache.ratis.grpc.server.GrpcService.requestVote(GrpcService.java:204)
	at org.apache.ratis.server.impl.LeaderElection.lambda$submitRequests$1(LeaderElection.java:234)
	at java.util.concurrent.FutureTask.run(FutureTask.java:266)
	at java.util.concurrent.Executors$RunnableAdapter.call(Executors.java:511)
	at java.util.concurrent.FutureTask.run(FutureTask.java:266)
	at java.util.concurrent.ThreadPoolExecutor.runWorker(ThreadPoolExecutor.java:1149)
	at java.util.concurrent.ThreadPoolExecutor$Worker.run(ThreadPoolExecutor.java:624)
	... 1 more
Caused by: org.apache.ratis.thirdparty.io.netty.channel.AbstractChannel$AnnotatedConnectException: Connection refused: /192.168.69.65:38811
	at sun.nio.ch.SocketChannelImpl.checkConnect(Native Method)
	at sun.nio.ch.SocketChannelImpl.finishConnect(SocketChannelImpl.java:717)
	at org.apache.ratis.thirdparty.io.netty.channel.socket.nio.NioSocketChannel.doFinishConnect(NioSocketChannel.java:327)
	at org.apache.ratis.thirdparty.io.netty.channel.nio.AbstractNioChannel$AbstractNioUnsafe.finishConnect(AbstractNioChannel.java:340)
	at org.apache.ratis.thirdparty.io.netty.channel.nio.NioEventLoop.processSelectedKey(NioEventLoop.java:632)
	at org.apache.ratis.thirdparty.io.netty.channel.nio.NioEventLoop.processSelectedKeysOptimized(NioEventLoop.java:579)
	at org.apache.ratis.thirdparty.io.netty.channel.nio.NioEventLoop.processSelectedKeys(NioEventLoop.java:496)
	at org.apache.ratis.thirdparty.io.netty.channel.nio.NioEventLoop.run(NioEventLoop.java:458)
	at org.apache.ratis.thirdparty.io.netty.util.concurrent.SingleThreadEventExecutor$5.run(SingleThreadEventExecutor.java:897)
	at org.apache.ratis.thirdparty.io.netty.util.concurrent.FastThreadLocalRunnable.run(FastThreadLocalRunnable.java:30)
	... 1 more
Caused by: java.net.ConnectException: Connection refused
	... 11 more
2019-11-14 22:36:05,955 [76b3b274-17aa-4635-9ecc-8bffa687e80e@group-BA5CC5B18D18-LeaderElection68] INFO  impl.LeaderElection (LogUtils.java:infoOrTrace(149)) -   Exception 1: {}
java.util.concurrent.ExecutionException: org.apache.ratis.thirdparty.io.grpc.StatusRuntimeException: UNAVAILABLE: io exception
	at java.util.concurrent.FutureTask.report(FutureTask.java:122)
	at java.util.concurrent.FutureTask.get(FutureTask.java:192)
	at org.apache.ratis.server.impl.LeaderElection.waitForResults(LeaderElection.java:259)
	at org.apache.ratis.server.impl.LeaderElection.askForVotes(LeaderElection.java:197)
	at org.apache.ratis.server.impl.LeaderElection.run(LeaderElection.java:133)
	at java.lang.Thread.run(Thread.java:748)
Caused by: org.apache.ratis.thirdparty.io.grpc.StatusRuntimeException: UNAVAILABLE: io exception
	at org.apache.ratis.thirdparty.io.grpc.stub.ClientCalls.toStatusRuntimeException(ClientCalls.java:233)
	at org.apache.ratis.thirdparty.io.grpc.stub.ClientCalls.getUnchecked(ClientCalls.java:214)
	at org.apache.ratis.thirdparty.io.grpc.stub.ClientCalls.blockingUnaryCall(ClientCalls.java:139)
	at org.apache.ratis.proto.grpc.RaftServerProtocolServiceGrpc$RaftServerProtocolServiceBlockingStub.requestVote(RaftServerProtocolServiceGrpc.java:265)
	at org.apache.ratis.grpc.server.GrpcServerProtocolClient.requestVote(GrpcServerProtocolClient.java:99)
	at org.apache.ratis.grpc.server.GrpcService.requestVote(GrpcService.java:204)
	at org.apache.ratis.server.impl.LeaderElection.lambda$submitRequests$1(LeaderElection.java:234)
	at java.util.concurrent.FutureTask.run(FutureTask.java:266)
	at java.util.concurrent.Executors$RunnableAdapter.call(Executors.java:511)
	at java.util.concurrent.FutureTask.run(FutureTask.java:266)
	at java.util.concurrent.ThreadPoolExecutor.runWorker(ThreadPoolExecutor.java:1149)
	at java.util.concurrent.ThreadPoolExecutor$Worker.run(ThreadPoolExecutor.java:624)
	... 1 more
Caused by: org.apache.ratis.thirdparty.io.netty.channel.AbstractChannel$AnnotatedConnectException: Connection refused: /192.168.69.65:44128
	at sun.nio.ch.SocketChannelImpl.checkConnect(Native Method)
	at sun.nio.ch.SocketChannelImpl.finishConnect(SocketChannelImpl.java:717)
	at org.apache.ratis.thirdparty.io.netty.channel.socket.nio.NioSocketChannel.doFinishConnect(NioSocketChannel.java:327)
	at org.apache.ratis.thirdparty.io.netty.channel.nio.AbstractNioChannel$AbstractNioUnsafe.finishConnect(AbstractNioChannel.java:340)
	at org.apache.ratis.thirdparty.io.netty.channel.nio.NioEventLoop.processSelectedKey(NioEventLoop.java:632)
	at org.apache.ratis.thirdparty.io.netty.channel.nio.NioEventLoop.processSelectedKeysOptimized(NioEventLoop.java:579)
	at org.apache.ratis.thirdparty.io.netty.channel.nio.NioEventLoop.processSelectedKeys(NioEventLoop.java:496)
	at org.apache.ratis.thirdparty.io.netty.channel.nio.NioEventLoop.run(NioEventLoop.java:458)
	at org.apache.ratis.thirdparty.io.netty.util.concurrent.SingleThreadEventExecutor$5.run(SingleThreadEventExecutor.java:897)
	at org.apache.ratis.thirdparty.io.netty.util.concurrent.FastThreadLocalRunnable.run(FastThreadLocalRunnable.java:30)
	... 1 more
Caused by: java.net.ConnectException: Connection refused
	... 11 more
2019-11-14 22:36:05,955 [76b3b274-17aa-4635-9ecc-8bffa687e80e@group-BA5CC5B18D18-LeaderElection68] INFO  impl.RaftServerImpl (RaftServerImpl.java:setRole(173)) - 76b3b274-17aa-4635-9ecc-8bffa687e80e@group-BA5CC5B18D18: changes role from CANDIDATE to FOLLOWER at term 6 for DISCOVERED_A_NEW_TERM
2019-11-14 22:36:05,955 [76b3b274-17aa-4635-9ecc-8bffa687e80e@group-BA5CC5B18D18-LeaderElection68] INFO  impl.RoleInfo (RoleInfo.java:shutdownLeaderElection(134)) - 76b3b274-17aa-4635-9ecc-8bffa687e80e: shutdown LeaderElection
2019-11-14 22:36:05,955 [76b3b274-17aa-4635-9ecc-8bffa687e80e@group-BA5CC5B18D18-LeaderElection68] INFO  impl.RoleInfo (RoleInfo.java:updateAndGet(143)) - 76b3b274-17aa-4635-9ecc-8bffa687e80e: start FollowerState
2019-11-14 22:36:06,805 [Thread-1771] INFO  impl.FollowerState (FollowerState.java:run(111)) - 2427739b-b0e6-43d8-8c20-3c7e368f4410@group-452512CD754F-FollowerState: change to CANDIDATE, lastRpcTime:1072ms, electionTimeout:1072ms
2019-11-14 22:36:06,805 [Thread-1771] INFO  impl.RoleInfo (RoleInfo.java:shutdownFollowerState(121)) - 2427739b-b0e6-43d8-8c20-3c7e368f4410: shutdown FollowerState
2019-11-14 22:36:06,806 [Thread-1771] INFO  impl.RaftServerImpl (RaftServerImpl.java:setRole(173)) - 2427739b-b0e6-43d8-8c20-3c7e368f4410@group-452512CD754F: changes role from  FOLLOWER to CANDIDATE at term 4 for changeToCandidate
2019-11-14 22:36:06,806 [Thread-1771] INFO  impl.RoleInfo (RoleInfo.java:updateAndGet(143)) - 2427739b-b0e6-43d8-8c20-3c7e368f4410: start LeaderElection
2019-11-14 22:36:06,831 [2427739b-b0e6-43d8-8c20-3c7e368f4410@group-452512CD754F-LeaderElection69] INFO  impl.LeaderElection (LeaderElection.java:askForVotes(178)) - 2427739b-b0e6-43d8-8c20-3c7e368f4410@group-452512CD754F-LeaderElection69: begin an election at term 5 for 0: [2427739b-b0e6-43d8-8c20-3c7e368f4410:192.168.69.65:43712, b7b0f9e6-a213-4288-a637-63e9f4ecb8f2:192.168.69.65:39870, eb8bacec-1550-4eff-8b38-5938654b28d6:192.168.69.65:45501], old=null
2019-11-14 22:36:06,833 [2427739b-b0e6-43d8-8c20-3c7e368f4410@group-452512CD754F-LeaderElection69] INFO  impl.LeaderElection (LogUtils.java:infoOrTrace(149)) - 2427739b-b0e6-43d8-8c20-3c7e368f4410@group-452512CD754F-LeaderElection69 got exception when requesting votes: {}
java.util.concurrent.ExecutionException: org.apache.ratis.thirdparty.io.grpc.StatusRuntimeException: UNAVAILABLE: io exception
	at java.util.concurrent.FutureTask.report(FutureTask.java:122)
	at java.util.concurrent.FutureTask.get(FutureTask.java:192)
	at org.apache.ratis.server.impl.LeaderElection.waitForResults(LeaderElection.java:259)
	at org.apache.ratis.server.impl.LeaderElection.askForVotes(LeaderElection.java:197)
	at org.apache.ratis.server.impl.LeaderElection.run(LeaderElection.java:133)
	at java.lang.Thread.run(Thread.java:748)
Caused by: org.apache.ratis.thirdparty.io.grpc.StatusRuntimeException: UNAVAILABLE: io exception
	at org.apache.ratis.thirdparty.io.grpc.stub.ClientCalls.toStatusRuntimeException(ClientCalls.java:233)
	at org.apache.ratis.thirdparty.io.grpc.stub.ClientCalls.getUnchecked(ClientCalls.java:214)
	at org.apache.ratis.thirdparty.io.grpc.stub.ClientCalls.blockingUnaryCall(ClientCalls.java:139)
	at org.apache.ratis.proto.grpc.RaftServerProtocolServiceGrpc$RaftServerProtocolServiceBlockingStub.requestVote(RaftServerProtocolServiceGrpc.java:265)
	at org.apache.ratis.grpc.server.GrpcServerProtocolClient.requestVote(GrpcServerProtocolClient.java:99)
	at org.apache.ratis.grpc.server.GrpcService.requestVote(GrpcService.java:204)
	at org.apache.ratis.server.impl.LeaderElection.lambda$submitRequests$1(LeaderElection.java:234)
	at java.util.concurrent.FutureTask.run(FutureTask.java:266)
	at java.util.concurrent.Executors$RunnableAdapter.call(Executors.java:511)
	at java.util.concurrent.FutureTask.run(FutureTask.java:266)
	at java.util.concurrent.ThreadPoolExecutor.runWorker(ThreadPoolExecutor.java:1149)
	at java.util.concurrent.ThreadPoolExecutor$Worker.run(ThreadPoolExecutor.java:624)
	... 1 more
Caused by: org.apache.ratis.thirdparty.io.netty.channel.AbstractChannel$AnnotatedConnectException: Connection refused: /192.168.69.65:39870
	at sun.nio.ch.SocketChannelImpl.checkConnect(Native Method)
	at sun.nio.ch.SocketChannelImpl.finishConnect(SocketChannelImpl.java:717)
	at org.apache.ratis.thirdparty.io.netty.channel.socket.nio.NioSocketChannel.doFinishConnect(NioSocketChannel.java:327)
	at org.apache.ratis.thirdparty.io.netty.channel.nio.AbstractNioChannel$AbstractNioUnsafe.finishConnect(AbstractNioChannel.java:340)
	at org.apache.ratis.thirdparty.io.netty.channel.nio.NioEventLoop.processSelectedKey(NioEventLoop.java:632)
	at org.apache.ratis.thirdparty.io.netty.channel.nio.NioEventLoop.processSelectedKeysOptimized(NioEventLoop.java:579)
	at org.apache.ratis.thirdparty.io.netty.channel.nio.NioEventLoop.processSelectedKeys(NioEventLoop.java:496)
	at org.apache.ratis.thirdparty.io.netty.channel.nio.NioEventLoop.run(NioEventLoop.java:458)
	at org.apache.ratis.thirdparty.io.netty.util.concurrent.SingleThreadEventExecutor$5.run(SingleThreadEventExecutor.java:897)
	at org.apache.ratis.thirdparty.io.netty.util.concurrent.FastThreadLocalRunnable.run(FastThreadLocalRunnable.java:30)
	... 1 more
Caused by: java.net.ConnectException: Connection refused
	... 11 more
2019-11-14 22:36:06,836 [2427739b-b0e6-43d8-8c20-3c7e368f4410@group-452512CD754F-LeaderElection69] INFO  impl.LeaderElection (LogUtils.java:infoOrTrace(149)) - 2427739b-b0e6-43d8-8c20-3c7e368f4410@group-452512CD754F-LeaderElection69 got exception when requesting votes: {}
java.util.concurrent.ExecutionException: org.apache.ratis.thirdparty.io.grpc.StatusRuntimeException: UNAVAILABLE: io exception
	at java.util.concurrent.FutureTask.report(FutureTask.java:122)
	at java.util.concurrent.FutureTask.get(FutureTask.java:192)
	at org.apache.ratis.server.impl.LeaderElection.waitForResults(LeaderElection.java:259)
	at org.apache.ratis.server.impl.LeaderElection.askForVotes(LeaderElection.java:197)
	at org.apache.ratis.server.impl.LeaderElection.run(LeaderElection.java:133)
	at java.lang.Thread.run(Thread.java:748)
Caused by: org.apache.ratis.thirdparty.io.grpc.StatusRuntimeException: UNAVAILABLE: io exception
	at org.apache.ratis.thirdparty.io.grpc.stub.ClientCalls.toStatusRuntimeException(ClientCalls.java:233)
	at org.apache.ratis.thirdparty.io.grpc.stub.ClientCalls.getUnchecked(ClientCalls.java:214)
	at org.apache.ratis.thirdparty.io.grpc.stub.ClientCalls.blockingUnaryCall(ClientCalls.java:139)
	at org.apache.ratis.proto.grpc.RaftServerProtocolServiceGrpc$RaftServerProtocolServiceBlockingStub.requestVote(RaftServerProtocolServiceGrpc.java:265)
	at org.apache.ratis.grpc.server.GrpcServerProtocolClient.requestVote(GrpcServerProtocolClient.java:99)
	at org.apache.ratis.grpc.server.GrpcService.requestVote(GrpcService.java:204)
	at org.apache.ratis.server.impl.LeaderElection.lambda$submitRequests$1(LeaderElection.java:234)
	at java.util.concurrent.FutureTask.run(FutureTask.java:266)
	at java.util.concurrent.Executors$RunnableAdapter.call(Executors.java:511)
	at java.util.concurrent.FutureTask.run(FutureTask.java:266)
	at java.util.concurrent.ThreadPoolExecutor.runWorker(ThreadPoolExecutor.java:1149)
	at java.util.concurrent.ThreadPoolExecutor$Worker.run(ThreadPoolExecutor.java:624)
	... 1 more
Caused by: org.apache.ratis.thirdparty.io.netty.channel.AbstractChannel$AnnotatedConnectException: Connection refused: /192.168.69.65:45501
	at sun.nio.ch.SocketChannelImpl.checkConnect(Native Method)
	at sun.nio.ch.SocketChannelImpl.finishConnect(SocketChannelImpl.java:717)
	at org.apache.ratis.thirdparty.io.netty.channel.socket.nio.NioSocketChannel.doFinishConnect(NioSocketChannel.java:327)
	at org.apache.ratis.thirdparty.io.netty.channel.nio.AbstractNioChannel$AbstractNioUnsafe.finishConnect(AbstractNioChannel.java:340)
	at org.apache.ratis.thirdparty.io.netty.channel.nio.NioEventLoop.processSelectedKey(NioEventLoop.java:632)
	at org.apache.ratis.thirdparty.io.netty.channel.nio.NioEventLoop.processSelectedKeysOptimized(NioEventLoop.java:579)
	at org.apache.ratis.thirdparty.io.netty.channel.nio.NioEventLoop.processSelectedKeys(NioEventLoop.java:496)
	at org.apache.ratis.thirdparty.io.netty.channel.nio.NioEventLoop.run(NioEventLoop.java:458)
	at org.apache.ratis.thirdparty.io.netty.util.concurrent.SingleThreadEventExecutor$5.run(SingleThreadEventExecutor.java:897)
	at org.apache.ratis.thirdparty.io.netty.util.concurrent.FastThreadLocalRunnable.run(FastThreadLocalRunnable.java:30)
	... 1 more
Caused by: java.net.ConnectException: Connection refused
	... 11 more
2019-11-14 22:36:06,838 [2427739b-b0e6-43d8-8c20-3c7e368f4410@group-452512CD754F-LeaderElection69] INFO  impl.LeaderElection (LeaderElection.java:logAndReturn(56)) - 2427739b-b0e6-43d8-8c20-3c7e368f4410@group-452512CD754F-LeaderElection69: Election REJECTED; received 0 response(s) [] and 2 exception(s); 2427739b-b0e6-43d8-8c20-3c7e368f4410@group-452512CD754F:t5, leader=null, voted=2427739b-b0e6-43d8-8c20-3c7e368f4410, raftlog=2427739b-b0e6-43d8-8c20-3c7e368f4410@group-452512CD754F-SegmentedRaftLog:OPENED:c0,f0,i0, conf=0: [2427739b-b0e6-43d8-8c20-3c7e368f4410:192.168.69.65:43712, b7b0f9e6-a213-4288-a637-63e9f4ecb8f2:192.168.69.65:39870, eb8bacec-1550-4eff-8b38-5938654b28d6:192.168.69.65:45501], old=null
2019-11-14 22:36:06,838 [2427739b-b0e6-43d8-8c20-3c7e368f4410@group-452512CD754F-LeaderElection69] INFO  impl.LeaderElection (LogUtils.java:infoOrTrace(149)) -   Exception 0: {}
java.util.concurrent.ExecutionException: org.apache.ratis.thirdparty.io.grpc.StatusRuntimeException: UNAVAILABLE: io exception
	at java.util.concurrent.FutureTask.report(FutureTask.java:122)
	at java.util.concurrent.FutureTask.get(FutureTask.java:192)
	at org.apache.ratis.server.impl.LeaderElection.waitForResults(LeaderElection.java:259)
	at org.apache.ratis.server.impl.LeaderElection.askForVotes(LeaderElection.java:197)
	at org.apache.ratis.server.impl.LeaderElection.run(LeaderElection.java:133)
	at java.lang.Thread.run(Thread.java:748)
Caused by: org.apache.ratis.thirdparty.io.grpc.StatusRuntimeException: UNAVAILABLE: io exception
	at org.apache.ratis.thirdparty.io.grpc.stub.ClientCalls.toStatusRuntimeException(ClientCalls.java:233)
	at org.apache.ratis.thirdparty.io.grpc.stub.ClientCalls.getUnchecked(ClientCalls.java:214)
	at org.apache.ratis.thirdparty.io.grpc.stub.ClientCalls.blockingUnaryCall(ClientCalls.java:139)
	at org.apache.ratis.proto.grpc.RaftServerProtocolServiceGrpc$RaftServerProtocolServiceBlockingStub.requestVote(RaftServerProtocolServiceGrpc.java:265)
	at org.apache.ratis.grpc.server.GrpcServerProtocolClient.requestVote(GrpcServerProtocolClient.java:99)
	at org.apache.ratis.grpc.server.GrpcService.requestVote(GrpcService.java:204)
	at org.apache.ratis.server.impl.LeaderElection.lambda$submitRequests$1(LeaderElection.java:234)
	at java.util.concurrent.FutureTask.run(FutureTask.java:266)
	at java.util.concurrent.Executors$RunnableAdapter.call(Executors.java:511)
	at java.util.concurrent.FutureTask.run(FutureTask.java:266)
	at java.util.concurrent.ThreadPoolExecutor.runWorker(ThreadPoolExecutor.java:1149)
	at java.util.concurrent.ThreadPoolExecutor$Worker.run(ThreadPoolExecutor.java:624)
	... 1 more
Caused by: org.apache.ratis.thirdparty.io.netty.channel.AbstractChannel$AnnotatedConnectException: Connection refused: /192.168.69.65:39870
	at sun.nio.ch.SocketChannelImpl.checkConnect(Native Method)
	at sun.nio.ch.SocketChannelImpl.finishConnect(SocketChannelImpl.java:717)
	at org.apache.ratis.thirdparty.io.netty.channel.socket.nio.NioSocketChannel.doFinishConnect(NioSocketChannel.java:327)
	at org.apache.ratis.thirdparty.io.netty.channel.nio.AbstractNioChannel$AbstractNioUnsafe.finishConnect(AbstractNioChannel.java:340)
	at org.apache.ratis.thirdparty.io.netty.channel.nio.NioEventLoop.processSelectedKey(NioEventLoop.java:632)
	at org.apache.ratis.thirdparty.io.netty.channel.nio.NioEventLoop.processSelectedKeysOptimized(NioEventLoop.java:579)
	at org.apache.ratis.thirdparty.io.netty.channel.nio.NioEventLoop.processSelectedKeys(NioEventLoop.java:496)
	at org.apache.ratis.thirdparty.io.netty.channel.nio.NioEventLoop.run(NioEventLoop.java:458)
	at org.apache.ratis.thirdparty.io.netty.util.concurrent.SingleThreadEventExecutor$5.run(SingleThreadEventExecutor.java:897)
	at org.apache.ratis.thirdparty.io.netty.util.concurrent.FastThreadLocalRunnable.run(FastThreadLocalRunnable.java:30)
	... 1 more
Caused by: java.net.ConnectException: Connection refused
	... 11 more
2019-11-14 22:36:06,838 [2427739b-b0e6-43d8-8c20-3c7e368f4410@group-452512CD754F-LeaderElection69] INFO  impl.LeaderElection (LogUtils.java:infoOrTrace(149)) -   Exception 1: {}
java.util.concurrent.ExecutionException: org.apache.ratis.thirdparty.io.grpc.StatusRuntimeException: UNAVAILABLE: io exception
	at java.util.concurrent.FutureTask.report(FutureTask.java:122)
	at java.util.concurrent.FutureTask.get(FutureTask.java:192)
	at org.apache.ratis.server.impl.LeaderElection.waitForResults(LeaderElection.java:259)
	at org.apache.ratis.server.impl.LeaderElection.askForVotes(LeaderElection.java:197)
	at org.apache.ratis.server.impl.LeaderElection.run(LeaderElection.java:133)
	at java.lang.Thread.run(Thread.java:748)
Caused by: org.apache.ratis.thirdparty.io.grpc.StatusRuntimeException: UNAVAILABLE: io exception
	at org.apache.ratis.thirdparty.io.grpc.stub.ClientCalls.toStatusRuntimeException(ClientCalls.java:233)
	at org.apache.ratis.thirdparty.io.grpc.stub.ClientCalls.getUnchecked(ClientCalls.java:214)
	at org.apache.ratis.thirdparty.io.grpc.stub.ClientCalls.blockingUnaryCall(ClientCalls.java:139)
	at org.apache.ratis.proto.grpc.RaftServerProtocolServiceGrpc$RaftServerProtocolServiceBlockingStub.requestVote(RaftServerProtocolServiceGrpc.java:265)
	at org.apache.ratis.grpc.server.GrpcServerProtocolClient.requestVote(GrpcServerProtocolClient.java:99)
	at org.apache.ratis.grpc.server.GrpcService.requestVote(GrpcService.java:204)
	at org.apache.ratis.server.impl.LeaderElection.lambda$submitRequests$1(LeaderElection.java:234)
	at java.util.concurrent.FutureTask.run(FutureTask.java:266)
	at java.util.concurrent.Executors$RunnableAdapter.call(Executors.java:511)
	at java.util.concurrent.FutureTask.run(FutureTask.java:266)
	at java.util.concurrent.ThreadPoolExecutor.runWorker(ThreadPoolExecutor.java:1149)
	at java.util.concurrent.ThreadPoolExecutor$Worker.run(ThreadPoolExecutor.java:624)
	... 1 more
Caused by: org.apache.ratis.thirdparty.io.netty.channel.AbstractChannel$AnnotatedConnectException: Connection refused: /192.168.69.65:45501
	at sun.nio.ch.SocketChannelImpl.checkConnect(Native Method)
	at sun.nio.ch.SocketChannelImpl.finishConnect(SocketChannelImpl.java:717)
	at org.apache.ratis.thirdparty.io.netty.channel.socket.nio.NioSocketChannel.doFinishConnect(NioSocketChannel.java:327)
	at org.apache.ratis.thirdparty.io.netty.channel.nio.AbstractNioChannel$AbstractNioUnsafe.finishConnect(AbstractNioChannel.java:340)
	at org.apache.ratis.thirdparty.io.netty.channel.nio.NioEventLoop.processSelectedKey(NioEventLoop.java:632)
	at org.apache.ratis.thirdparty.io.netty.channel.nio.NioEventLoop.processSelectedKeysOptimized(NioEventLoop.java:579)
	at org.apache.ratis.thirdparty.io.netty.channel.nio.NioEventLoop.processSelectedKeys(NioEventLoop.java:496)
	at org.apache.ratis.thirdparty.io.netty.channel.nio.NioEventLoop.run(NioEventLoop.java:458)
	at org.apache.ratis.thirdparty.io.netty.util.concurrent.SingleThreadEventExecutor$5.run(SingleThreadEventExecutor.java:897)
	at org.apache.ratis.thirdparty.io.netty.util.concurrent.FastThreadLocalRunnable.run(FastThreadLocalRunnable.java:30)
	... 1 more
Caused by: java.net.ConnectException: Connection refused
	... 11 more
2019-11-14 22:36:06,839 [2427739b-b0e6-43d8-8c20-3c7e368f4410@group-452512CD754F-LeaderElection69] INFO  impl.RaftServerImpl (RaftServerImpl.java:setRole(173)) - 2427739b-b0e6-43d8-8c20-3c7e368f4410@group-452512CD754F: changes role from CANDIDATE to FOLLOWER at term 5 for DISCOVERED_A_NEW_TERM
2019-11-14 22:36:06,839 [2427739b-b0e6-43d8-8c20-3c7e368f4410@group-452512CD754F-LeaderElection69] INFO  impl.RoleInfo (RoleInfo.java:shutdownLeaderElection(134)) - 2427739b-b0e6-43d8-8c20-3c7e368f4410: shutdown LeaderElection
2019-11-14 22:36:06,839 [2427739b-b0e6-43d8-8c20-3c7e368f4410@group-452512CD754F-LeaderElection69] INFO  impl.RoleInfo (RoleInfo.java:updateAndGet(143)) - 2427739b-b0e6-43d8-8c20-3c7e368f4410: start FollowerState
2019-11-14 22:36:07,103 [Thread-1775] INFO  impl.FollowerState (FollowerState.java:run(111)) - 76b3b274-17aa-4635-9ecc-8bffa687e80e@group-BA5CC5B18D18-FollowerState: change to CANDIDATE, lastRpcTime:1147ms, electionTimeout:1147ms
2019-11-14 22:36:07,103 [Thread-1775] INFO  impl.RoleInfo (RoleInfo.java:shutdownFollowerState(121)) - 76b3b274-17aa-4635-9ecc-8bffa687e80e: shutdown FollowerState
2019-11-14 22:36:07,103 [Thread-1775] INFO  impl.RaftServerImpl (RaftServerImpl.java:setRole(173)) - 76b3b274-17aa-4635-9ecc-8bffa687e80e@group-BA5CC5B18D18: changes role from  FOLLOWER to CANDIDATE at term 6 for changeToCandidate
2019-11-14 22:36:07,104 [Thread-1775] INFO  impl.RoleInfo (RoleInfo.java:updateAndGet(143)) - 76b3b274-17aa-4635-9ecc-8bffa687e80e: start LeaderElection
2019-11-14 22:36:07,128 [76b3b274-17aa-4635-9ecc-8bffa687e80e@group-BA5CC5B18D18-LeaderElection70] INFO  impl.LeaderElection (LeaderElection.java:askForVotes(178)) - 76b3b274-17aa-4635-9ecc-8bffa687e80e@group-BA5CC5B18D18-LeaderElection70: begin an election at term 7 for 1: [76b3b274-17aa-4635-9ecc-8bffa687e80e:192.168.69.65:46135, 71039d87-f713-4353-b155-a31bf00200f2:192.168.69.65:44128, 134e3363-1f82-43b5-a94b-e408c514013d:192.168.69.65:38811], old=null
2019-11-14 22:36:07,129 [76b3b274-17aa-4635-9ecc-8bffa687e80e@group-BA5CC5B18D18-LeaderElection70] INFO  impl.LeaderElection (LogUtils.java:infoOrTrace(149)) - 76b3b274-17aa-4635-9ecc-8bffa687e80e@group-BA5CC5B18D18-LeaderElection70 got exception when requesting votes: {}
java.util.concurrent.ExecutionException: org.apache.ratis.thirdparty.io.grpc.StatusRuntimeException: UNAVAILABLE: io exception
	at java.util.concurrent.FutureTask.report(FutureTask.java:122)
	at java.util.concurrent.FutureTask.get(FutureTask.java:192)
	at org.apache.ratis.server.impl.LeaderElection.waitForResults(LeaderElection.java:259)
	at org.apache.ratis.server.impl.LeaderElection.askForVotes(LeaderElection.java:197)
	at org.apache.ratis.server.impl.LeaderElection.run(LeaderElection.java:133)
	at java.lang.Thread.run(Thread.java:748)
Caused by: org.apache.ratis.thirdparty.io.grpc.StatusRuntimeException: UNAVAILABLE: io exception
	at org.apache.ratis.thirdparty.io.grpc.stub.ClientCalls.toStatusRuntimeException(ClientCalls.java:233)
	at org.apache.ratis.thirdparty.io.grpc.stub.ClientCalls.getUnchecked(ClientCalls.java:214)
	at org.apache.ratis.thirdparty.io.grpc.stub.ClientCalls.blockingUnaryCall(ClientCalls.java:139)
	at org.apache.ratis.proto.grpc.RaftServerProtocolServiceGrpc$RaftServerProtocolServiceBlockingStub.requestVote(RaftServerProtocolServiceGrpc.java:265)
	at org.apache.ratis.grpc.server.GrpcServerProtocolClient.requestVote(GrpcServerProtocolClient.java:99)
	at org.apache.ratis.grpc.server.GrpcService.requestVote(GrpcService.java:204)
	at org.apache.ratis.server.impl.LeaderElection.lambda$submitRequests$1(LeaderElection.java:234)
	at java.util.concurrent.FutureTask.run(FutureTask.java:266)
	at java.util.concurrent.Executors$RunnableAdapter.call(Executors.java:511)
	at java.util.concurrent.FutureTask.run(FutureTask.java:266)
	at java.util.concurrent.ThreadPoolExecutor.runWorker(ThreadPoolExecutor.java:1149)
	at java.util.concurrent.ThreadPoolExecutor$Worker.run(ThreadPoolExecutor.java:624)
	... 1 more
Caused by: org.apache.ratis.thirdparty.io.netty.channel.AbstractChannel$AnnotatedConnectException: Connection refused: /192.168.69.65:44128
	at sun.nio.ch.SocketChannelImpl.checkConnect(Native Method)
	at sun.nio.ch.SocketChannelImpl.finishConnect(SocketChannelImpl.java:717)
	at org.apache.ratis.thirdparty.io.netty.channel.socket.nio.NioSocketChannel.doFinishConnect(NioSocketChannel.java:327)
	at org.apache.ratis.thirdparty.io.netty.channel.nio.AbstractNioChannel$AbstractNioUnsafe.finishConnect(AbstractNioChannel.java:340)
	at org.apache.ratis.thirdparty.io.netty.channel.nio.NioEventLoop.processSelectedKey(NioEventLoop.java:632)
	at org.apache.ratis.thirdparty.io.netty.channel.nio.NioEventLoop.processSelectedKeysOptimized(NioEventLoop.java:579)
	at org.apache.ratis.thirdparty.io.netty.channel.nio.NioEventLoop.processSelectedKeys(NioEventLoop.java:496)
	at org.apache.ratis.thirdparty.io.netty.channel.nio.NioEventLoop.run(NioEventLoop.java:458)
	at org.apache.ratis.thirdparty.io.netty.util.concurrent.SingleThreadEventExecutor$5.run(SingleThreadEventExecutor.java:897)
	at org.apache.ratis.thirdparty.io.netty.util.concurrent.FastThreadLocalRunnable.run(FastThreadLocalRunnable.java:30)
	... 1 more
Caused by: java.net.ConnectException: Connection refused
	... 11 more
2019-11-14 22:36:07,131 [76b3b274-17aa-4635-9ecc-8bffa687e80e@group-BA5CC5B18D18-LeaderElection70] INFO  impl.LeaderElection (LogUtils.java:infoOrTrace(149)) - 76b3b274-17aa-4635-9ecc-8bffa687e80e@group-BA5CC5B18D18-LeaderElection70 got exception when requesting votes: {}
java.util.concurrent.ExecutionException: org.apache.ratis.thirdparty.io.grpc.StatusRuntimeException: UNAVAILABLE: io exception
	at java.util.concurrent.FutureTask.report(FutureTask.java:122)
	at java.util.concurrent.FutureTask.get(FutureTask.java:192)
	at org.apache.ratis.server.impl.LeaderElection.waitForResults(LeaderElection.java:259)
	at org.apache.ratis.server.impl.LeaderElection.askForVotes(LeaderElection.java:197)
	at org.apache.ratis.server.impl.LeaderElection.run(LeaderElection.java:133)
	at java.lang.Thread.run(Thread.java:748)
Caused by: org.apache.ratis.thirdparty.io.grpc.StatusRuntimeException: UNAVAILABLE: io exception
	at org.apache.ratis.thirdparty.io.grpc.stub.ClientCalls.toStatusRuntimeException(ClientCalls.java:233)
	at org.apache.ratis.thirdparty.io.grpc.stub.ClientCalls.getUnchecked(ClientCalls.java:214)
	at org.apache.ratis.thirdparty.io.grpc.stub.ClientCalls.blockingUnaryCall(ClientCalls.java:139)
	at org.apache.ratis.proto.grpc.RaftServerProtocolServiceGrpc$RaftServerProtocolServiceBlockingStub.requestVote(RaftServerProtocolServiceGrpc.java:265)
	at org.apache.ratis.grpc.server.GrpcServerProtocolClient.requestVote(GrpcServerProtocolClient.java:99)
	at org.apache.ratis.grpc.server.GrpcService.requestVote(GrpcService.java:204)
	at org.apache.ratis.server.impl.LeaderElection.lambda$submitRequests$1(LeaderElection.java:234)
	at java.util.concurrent.FutureTask.run(FutureTask.java:266)
	at java.util.concurrent.Executors$RunnableAdapter.call(Executors.java:511)
	at java.util.concurrent.FutureTask.run(FutureTask.java:266)
	at java.util.concurrent.ThreadPoolExecutor.runWorker(ThreadPoolExecutor.java:1149)
	at java.util.concurrent.ThreadPoolExecutor$Worker.run(ThreadPoolExecutor.java:624)
	... 1 more
Caused by: org.apache.ratis.thirdparty.io.netty.channel.AbstractChannel$AnnotatedConnectException: Connection refused: /192.168.69.65:38811
	at sun.nio.ch.SocketChannelImpl.checkConnect(Native Method)
	at sun.nio.ch.SocketChannelImpl.finishConnect(SocketChannelImpl.java:717)
	at org.apache.ratis.thirdparty.io.netty.channel.socket.nio.NioSocketChannel.doFinishConnect(NioSocketChannel.java:327)
	at org.apache.ratis.thirdparty.io.netty.channel.nio.AbstractNioChannel$AbstractNioUnsafe.finishConnect(AbstractNioChannel.java:340)
	at org.apache.ratis.thirdparty.io.netty.channel.nio.NioEventLoop.processSelectedKey(NioEventLoop.java:632)
	at org.apache.ratis.thirdparty.io.netty.channel.nio.NioEventLoop.processSelectedKeysOptimized(NioEventLoop.java:579)
	at org.apache.ratis.thirdparty.io.netty.channel.nio.NioEventLoop.processSelectedKeys(NioEventLoop.java:496)
	at org.apache.ratis.thirdparty.io.netty.channel.nio.NioEventLoop.run(NioEventLoop.java:458)
	at org.apache.ratis.thirdparty.io.netty.util.concurrent.SingleThreadEventExecutor$5.run(SingleThreadEventExecutor.java:897)
	at org.apache.ratis.thirdparty.io.netty.util.concurrent.FastThreadLocalRunnable.run(FastThreadLocalRunnable.java:30)
	... 1 more
Caused by: java.net.ConnectException: Connection refused
	... 11 more
2019-11-14 22:36:07,136 [76b3b274-17aa-4635-9ecc-8bffa687e80e@group-BA5CC5B18D18-LeaderElection70] INFO  impl.LeaderElection (LeaderElection.java:logAndReturn(56)) - 76b3b274-17aa-4635-9ecc-8bffa687e80e@group-BA5CC5B18D18-LeaderElection70: Election REJECTED; received 0 response(s) [] and 2 exception(s); 76b3b274-17aa-4635-9ecc-8bffa687e80e@group-BA5CC5B18D18:t7, leader=null, voted=76b3b274-17aa-4635-9ecc-8bffa687e80e, raftlog=76b3b274-17aa-4635-9ecc-8bffa687e80e@group-BA5CC5B18D18-SegmentedRaftLog:OPENED:c2,f2,i2, conf=1: [76b3b274-17aa-4635-9ecc-8bffa687e80e:192.168.69.65:46135, 71039d87-f713-4353-b155-a31bf00200f2:192.168.69.65:44128, 134e3363-1f82-43b5-a94b-e408c514013d:192.168.69.65:38811], old=null
2019-11-14 22:36:07,136 [76b3b274-17aa-4635-9ecc-8bffa687e80e@group-BA5CC5B18D18-LeaderElection70] INFO  impl.LeaderElection (LogUtils.java:infoOrTrace(149)) -   Exception 0: {}
java.util.concurrent.ExecutionException: org.apache.ratis.thirdparty.io.grpc.StatusRuntimeException: UNAVAILABLE: io exception
	at java.util.concurrent.FutureTask.report(FutureTask.java:122)
	at java.util.concurrent.FutureTask.get(FutureTask.java:192)
	at org.apache.ratis.server.impl.LeaderElection.waitForResults(LeaderElection.java:259)
	at org.apache.ratis.server.impl.LeaderElection.askForVotes(LeaderElection.java:197)
	at org.apache.ratis.server.impl.LeaderElection.run(LeaderElection.java:133)
	at java.lang.Thread.run(Thread.java:748)
Caused by: org.apache.ratis.thirdparty.io.grpc.StatusRuntimeException: UNAVAILABLE: io exception
	at org.apache.ratis.thirdparty.io.grpc.stub.ClientCalls.toStatusRuntimeException(ClientCalls.java:233)
	at org.apache.ratis.thirdparty.io.grpc.stub.ClientCalls.getUnchecked(ClientCalls.java:214)
	at org.apache.ratis.thirdparty.io.grpc.stub.ClientCalls.blockingUnaryCall(ClientCalls.java:139)
	at org.apache.ratis.proto.grpc.RaftServerProtocolServiceGrpc$RaftServerProtocolServiceBlockingStub.requestVote(RaftServerProtocolServiceGrpc.java:265)
	at org.apache.ratis.grpc.server.GrpcServerProtocolClient.requestVote(GrpcServerProtocolClient.java:99)
	at org.apache.ratis.grpc.server.GrpcService.requestVote(GrpcService.java:204)
	at org.apache.ratis.server.impl.LeaderElection.lambda$submitRequests$1(LeaderElection.java:234)
	at java.util.concurrent.FutureTask.run(FutureTask.java:266)
	at java.util.concurrent.Executors$RunnableAdapter.call(Executors.java:511)
	at java.util.concurrent.FutureTask.run(FutureTask.java:266)
	at java.util.concurrent.ThreadPoolExecutor.runWorker(ThreadPoolExecutor.java:1149)
	at java.util.concurrent.ThreadPoolExecutor$Worker.run(ThreadPoolExecutor.java:624)
	... 1 more
Caused by: org.apache.ratis.thirdparty.io.netty.channel.AbstractChannel$AnnotatedConnectException: Connection refused: /192.168.69.65:44128
	at sun.nio.ch.SocketChannelImpl.checkConnect(Native Method)
	at sun.nio.ch.SocketChannelImpl.finishConnect(SocketChannelImpl.java:717)
	at org.apache.ratis.thirdparty.io.netty.channel.socket.nio.NioSocketChannel.doFinishConnect(NioSocketChannel.java:327)
	at org.apache.ratis.thirdparty.io.netty.channel.nio.AbstractNioChannel$AbstractNioUnsafe.finishConnect(AbstractNioChannel.java:340)
	at org.apache.ratis.thirdparty.io.netty.channel.nio.NioEventLoop.processSelectedKey(NioEventLoop.java:632)
	at org.apache.ratis.thirdparty.io.netty.channel.nio.NioEventLoop.processSelectedKeysOptimized(NioEventLoop.java:579)
	at org.apache.ratis.thirdparty.io.netty.channel.nio.NioEventLoop.processSelectedKeys(NioEventLoop.java:496)
	at org.apache.ratis.thirdparty.io.netty.channel.nio.NioEventLoop.run(NioEventLoop.java:458)
	at org.apache.ratis.thirdparty.io.netty.util.concurrent.SingleThreadEventExecutor$5.run(SingleThreadEventExecutor.java:897)
	at org.apache.ratis.thirdparty.io.netty.util.concurrent.FastThreadLocalRunnable.run(FastThreadLocalRunnable.java:30)
	... 1 more
Caused by: java.net.ConnectException: Connection refused
	... 11 more
2019-11-14 22:36:07,137 [76b3b274-17aa-4635-9ecc-8bffa687e80e@group-BA5CC5B18D18-LeaderElection70] INFO  impl.LeaderElection (LogUtils.java:infoOrTrace(149)) -   Exception 1: {}
java.util.concurrent.ExecutionException: org.apache.ratis.thirdparty.io.grpc.StatusRuntimeException: UNAVAILABLE: io exception
	at java.util.concurrent.FutureTask.report(FutureTask.java:122)
	at java.util.concurrent.FutureTask.get(FutureTask.java:192)
	at org.apache.ratis.server.impl.LeaderElection.waitForResults(LeaderElection.java:259)
	at org.apache.ratis.server.impl.LeaderElection.askForVotes(LeaderElection.java:197)
	at org.apache.ratis.server.impl.LeaderElection.run(LeaderElection.java:133)
	at java.lang.Thread.run(Thread.java:748)
Caused by: org.apache.ratis.thirdparty.io.grpc.StatusRuntimeException: UNAVAILABLE: io exception
	at org.apache.ratis.thirdparty.io.grpc.stub.ClientCalls.toStatusRuntimeException(ClientCalls.java:233)
	at org.apache.ratis.thirdparty.io.grpc.stub.ClientCalls.getUnchecked(ClientCalls.java:214)
	at org.apache.ratis.thirdparty.io.grpc.stub.ClientCalls.blockingUnaryCall(ClientCalls.java:139)
	at org.apache.ratis.proto.grpc.RaftServerProtocolServiceGrpc$RaftServerProtocolServiceBlockingStub.requestVote(RaftServerProtocolServiceGrpc.java:265)
	at org.apache.ratis.grpc.server.GrpcServerProtocolClient.requestVote(GrpcServerProtocolClient.java:99)
	at org.apache.ratis.grpc.server.GrpcService.requestVote(GrpcService.java:204)
	at org.apache.ratis.server.impl.LeaderElection.lambda$submitRequests$1(LeaderElection.java:234)
	at java.util.concurrent.FutureTask.run(FutureTask.java:266)
	at java.util.concurrent.Executors$RunnableAdapter.call(Executors.java:511)
	at java.util.concurrent.FutureTask.run(FutureTask.java:266)
	at java.util.concurrent.ThreadPoolExecutor.runWorker(ThreadPoolExecutor.java:1149)
	at java.util.concurrent.ThreadPoolExecutor$Worker.run(ThreadPoolExecutor.java:624)
	... 1 more
Caused by: org.apache.ratis.thirdparty.io.netty.channel.AbstractChannel$AnnotatedConnectException: Connection refused: /192.168.69.65:38811
	at sun.nio.ch.SocketChannelImpl.checkConnect(Native Method)
	at sun.nio.ch.SocketChannelImpl.finishConnect(SocketChannelImpl.java:717)
	at org.apache.ratis.thirdparty.io.netty.channel.socket.nio.NioSocketChannel.doFinishConnect(NioSocketChannel.java:327)
	at org.apache.ratis.thirdparty.io.netty.channel.nio.AbstractNioChannel$AbstractNioUnsafe.finishConnect(AbstractNioChannel.java:340)
	at org.apache.ratis.thirdparty.io.netty.channel.nio.NioEventLoop.processSelectedKey(NioEventLoop.java:632)
	at org.apache.ratis.thirdparty.io.netty.channel.nio.NioEventLoop.processSelectedKeysOptimized(NioEventLoop.java:579)
	at org.apache.ratis.thirdparty.io.netty.channel.nio.NioEventLoop.processSelectedKeys(NioEventLoop.java:496)
	at org.apache.ratis.thirdparty.io.netty.channel.nio.NioEventLoop.run(NioEventLoop.java:458)
	at org.apache.ratis.thirdparty.io.netty.util.concurrent.SingleThreadEventExecutor$5.run(SingleThreadEventExecutor.java:897)
	at org.apache.ratis.thirdparty.io.netty.util.concurrent.FastThreadLocalRunnable.run(FastThreadLocalRunnable.java:30)
	... 1 more
Caused by: java.net.ConnectException: Connection refused
	... 11 more
2019-11-14 22:36:07,137 [76b3b274-17aa-4635-9ecc-8bffa687e80e@group-BA5CC5B18D18-LeaderElection70] INFO  impl.RaftServerImpl (RaftServerImpl.java:setRole(173)) - 76b3b274-17aa-4635-9ecc-8bffa687e80e@group-BA5CC5B18D18: changes role from CANDIDATE to FOLLOWER at term 7 for DISCOVERED_A_NEW_TERM
2019-11-14 22:36:07,137 [76b3b274-17aa-4635-9ecc-8bffa687e80e@group-BA5CC5B18D18-LeaderElection70] INFO  impl.RoleInfo (RoleInfo.java:shutdownLeaderElection(134)) - 76b3b274-17aa-4635-9ecc-8bffa687e80e: shutdown LeaderElection
2019-11-14 22:36:07,137 [76b3b274-17aa-4635-9ecc-8bffa687e80e@group-BA5CC5B18D18-LeaderElection70] INFO  impl.RoleInfo (RoleInfo.java:updateAndGet(143)) - 76b3b274-17aa-4635-9ecc-8bffa687e80e: start FollowerState
2019-11-14 22:36:07,224 [ForkJoinPool.commonPool-worker-1] INFO  ozoneimpl.OzoneContainer (OzoneContainer.java:stop(244)) - Attempting to stop container services.
2019-11-14 22:36:07,225 [ForkJoinPool.commonPool-worker-1] INFO  impl.RaftServerProxy (RaftServerProxy.java:lambda$close$4(314)) - 2427739b-b0e6-43d8-8c20-3c7e368f4410: close
2019-11-14 22:36:07,225 [ForkJoinPool.commonPool-worker-1] INFO  impl.RaftServerImpl (RaftServerImpl.java:lambda$shutdown$3(250)) - 2427739b-b0e6-43d8-8c20-3c7e368f4410@group-075505FE1C61: shutdown
2019-11-14 22:36:07,225 [ForkJoinPool.commonPool-worker-1] INFO  util.JmxRegister (JmxRegister.java:unregister(73)) - Successfully un-registered JMX Bean with object name Ratis:service=RaftServer,group=group-075505FE1C61,id=2427739b-b0e6-43d8-8c20-3c7e368f4410
2019-11-14 22:36:07,225 [ForkJoinPool.commonPool-worker-1] INFO  impl.RoleInfo (RoleInfo.java:shutdownLeaderState(104)) - 2427739b-b0e6-43d8-8c20-3c7e368f4410: shutdown LeaderState
2019-11-14 22:36:07,225 [ForkJoinPool.commonPool-worker-1] INFO  impl.PendingRequests (PendingRequests.java:sendNotLeaderResponses(206)) - 2427739b-b0e6-43d8-8c20-3c7e368f4410@group-075505FE1C61-PendingRequests: sendNotLeaderResponses
2019-11-14 22:36:07,226 [ForkJoinPool.commonPool-worker-1] INFO  impl.StateMachineUpdater (StateMachineUpdater.java:stopAndJoin(136)) - 2427739b-b0e6-43d8-8c20-3c7e368f4410@group-075505FE1C61-StateMachineUpdater: set stopIndex = 0
2019-11-14 22:36:07,227 [ForkJoinPool.commonPool-worker-1] INFO  impl.RaftServerImpl (ServerState.java:close(387)) - 2427739b-b0e6-43d8-8c20-3c7e368f4410@group-075505FE1C61: closes. applyIndex: 0
2019-11-14 22:36:07,227 [2427739b-b0e6-43d8-8c20-3c7e368f4410@group-075505FE1C61-SegmentedRaftLogWorker] INFO  segmented.SegmentedRaftLogWorker (SegmentedRaftLogWorker.java:run(316)) - 2427739b-b0e6-43d8-8c20-3c7e368f4410@group-075505FE1C61-SegmentedRaftLogWorker was interrupted, exiting. There are 0 tasks remaining in the queue.
2019-11-14 22:36:07,228 [ForkJoinPool.commonPool-worker-1] INFO  segmented.SegmentedRaftLogWorker (SegmentedRaftLogWorker.java:close(224)) - 2427739b-b0e6-43d8-8c20-3c7e368f4410@group-075505FE1C61-SegmentedRaftLogWorker close()
2019-11-14 22:36:07,230 [ForkJoinPool.commonPool-worker-1] INFO  impl.RaftServerImpl (RaftServerImpl.java:lambda$shutdown$3(250)) - 2427739b-b0e6-43d8-8c20-3c7e368f4410@group-452512CD754F: shutdown
2019-11-14 22:36:07,230 [ForkJoinPool.commonPool-worker-1] INFO  util.JmxRegister (JmxRegister.java:unregister(73)) - Successfully un-registered JMX Bean with object name Ratis:service=RaftServer,group=group-452512CD754F,id=2427739b-b0e6-43d8-8c20-3c7e368f4410
2019-11-14 22:36:07,230 [ForkJoinPool.commonPool-worker-1] INFO  impl.RoleInfo (RoleInfo.java:shutdownFollowerState(121)) - 2427739b-b0e6-43d8-8c20-3c7e368f4410: shutdown FollowerState
2019-11-14 22:36:07,231 [ForkJoinPool.commonPool-worker-1] INFO  impl.StateMachineUpdater (StateMachineUpdater.java:stopAndJoin(136)) - 2427739b-b0e6-43d8-8c20-3c7e368f4410@group-452512CD754F-StateMachineUpdater: set stopIndex = 0
2019-11-14 22:36:07,231 [Thread-1779] INFO  impl.FollowerState (FollowerState.java:run(120)) - 2427739b-b0e6-43d8-8c20-3c7e368f4410@group-452512CD754F-FollowerState was interrupted: java.lang.InterruptedException: sleep interrupted
2019-11-14 22:36:07,231 [ForkJoinPool.commonPool-worker-1] INFO  impl.RaftServerImpl (ServerState.java:close(387)) - 2427739b-b0e6-43d8-8c20-3c7e368f4410@group-452512CD754F: closes. applyIndex: 0
2019-11-14 22:36:07,231 [2427739b-b0e6-43d8-8c20-3c7e368f4410@group-452512CD754F-SegmentedRaftLogWorker] INFO  segmented.SegmentedRaftLogWorker (SegmentedRaftLogWorker.java:run(316)) - 2427739b-b0e6-43d8-8c20-3c7e368f4410@group-452512CD754F-SegmentedRaftLogWorker was interrupted, exiting. There are 0 tasks remaining in the queue.
2019-11-14 22:36:07,232 [ForkJoinPool.commonPool-worker-1] INFO  segmented.SegmentedRaftLogWorker (SegmentedRaftLogWorker.java:close(224)) - 2427739b-b0e6-43d8-8c20-3c7e368f4410@group-452512CD754F-SegmentedRaftLogWorker close()
2019-11-14 22:36:07,234 [ForkJoinPool.commonPool-worker-1] INFO  server.GrpcService (GrpcService.java:closeImpl(164)) - 2427739b-b0e6-43d8-8c20-3c7e368f4410: shutdown server with port 43712 now
2019-11-14 22:36:07,234 [main] INFO  ozoneimpl.OzoneContainer (OzoneContainer.java:stop(244)) - Attempting to stop container services.
2019-11-14 22:36:07,234 [ForkJoinPool.commonPool-worker-1] INFO  server.GrpcService (GrpcService.java:closeImpl(172)) - 2427739b-b0e6-43d8-8c20-3c7e368f4410: shutdown server with port 43712 successfully
2019-11-14 22:36:07,235 [main] INFO  impl.RaftServerProxy (RaftServerProxy.java:lambda$close$4(314)) - 76b3b274-17aa-4635-9ecc-8bffa687e80e: close
2019-11-14 22:36:07,236 [main] INFO  impl.RaftServerImpl (RaftServerImpl.java:lambda$shutdown$3(250)) - 76b3b274-17aa-4635-9ecc-8bffa687e80e@group-C131F2662F09: shutdown
2019-11-14 22:36:07,236 [main] INFO  util.JmxRegister (JmxRegister.java:unregister(73)) - Successfully un-registered JMX Bean with object name Ratis:service=RaftServer,group=group-C131F2662F09,id=76b3b274-17aa-4635-9ecc-8bffa687e80e
2019-11-14 22:36:07,237 [main] INFO  impl.RoleInfo (RoleInfo.java:shutdownLeaderState(104)) - 76b3b274-17aa-4635-9ecc-8bffa687e80e: shutdown LeaderState
2019-11-14 22:36:07,238 [main] INFO  impl.PendingRequests (PendingRequests.java:sendNotLeaderResponses(206)) - 76b3b274-17aa-4635-9ecc-8bffa687e80e@group-C131F2662F09-PendingRequests: sendNotLeaderResponses
2019-11-14 22:36:07,238 [refreshUsed-/workdir/hadoop-ozone/integration-test/target/test-dir/MiniOzoneClusterImpl-479ab7c1-aba1-4cab-b6ff-ec51363c42af/datanode-0/data/containers] WARN  fs.CachingGetSpaceUsed (CachingGetSpaceUsed.java:run(183)) - Thread Interrupted waiting to refresh disk information: sleep interrupted
2019-11-14 22:36:07,238 [main] INFO  impl.StateMachineUpdater (StateMachineUpdater.java:stopAndJoin(136)) - 76b3b274-17aa-4635-9ecc-8bffa687e80e@group-C131F2662F09-StateMachineUpdater: set stopIndex = 0
2019-11-14 22:36:07,239 [main] INFO  impl.RaftServerImpl (ServerState.java:close(387)) - 76b3b274-17aa-4635-9ecc-8bffa687e80e@group-C131F2662F09: closes. applyIndex: 0
2019-11-14 22:36:07,240 [76b3b274-17aa-4635-9ecc-8bffa687e80e@group-C131F2662F09-SegmentedRaftLogWorker] INFO  segmented.SegmentedRaftLogWorker (SegmentedRaftLogWorker.java:run(316)) - 76b3b274-17aa-4635-9ecc-8bffa687e80e@group-C131F2662F09-SegmentedRaftLogWorker was interrupted, exiting. There are 0 tasks remaining in the queue.
2019-11-14 22:36:07,242 [main] INFO  segmented.SegmentedRaftLogWorker (SegmentedRaftLogWorker.java:close(224)) - 76b3b274-17aa-4635-9ecc-8bffa687e80e@group-C131F2662F09-SegmentedRaftLogWorker close()
2019-11-14 22:36:07,244 [main] INFO  impl.RaftServerImpl (RaftServerImpl.java:lambda$shutdown$3(250)) - 76b3b274-17aa-4635-9ecc-8bffa687e80e@group-BA5CC5B18D18: shutdown
2019-11-14 22:36:07,244 [main] INFO  util.JmxRegister (JmxRegister.java:unregister(73)) - Successfully un-registered JMX Bean with object name Ratis:service=RaftServer,group=group-BA5CC5B18D18,id=76b3b274-17aa-4635-9ecc-8bffa687e80e
2019-11-14 22:36:07,245 [main] INFO  impl.RoleInfo (RoleInfo.java:shutdownFollowerState(121)) - 76b3b274-17aa-4635-9ecc-8bffa687e80e: shutdown FollowerState
2019-11-14 22:36:07,245 [main] INFO  impl.StateMachineUpdater (StateMachineUpdater.java:stopAndJoin(136)) - 76b3b274-17aa-4635-9ecc-8bffa687e80e@group-BA5CC5B18D18-StateMachineUpdater: set stopIndex = 2
2019-11-14 22:36:07,245 [Thread-1783] INFO  impl.FollowerState (FollowerState.java:run(120)) - 76b3b274-17aa-4635-9ecc-8bffa687e80e@group-BA5CC5B18D18-FollowerState was interrupted: java.lang.InterruptedException: sleep interrupted
2019-11-14 22:36:07,246 [main] INFO  impl.RaftServerImpl (ServerState.java:close(387)) - 76b3b274-17aa-4635-9ecc-8bffa687e80e@group-BA5CC5B18D18: closes. applyIndex: 2
2019-11-14 22:36:07,246 [76b3b274-17aa-4635-9ecc-8bffa687e80e@group-BA5CC5B18D18-SegmentedRaftLogWorker] INFO  segmented.SegmentedRaftLogWorker (SegmentedRaftLogWorker.java:run(316)) - 76b3b274-17aa-4635-9ecc-8bffa687e80e@group-BA5CC5B18D18-SegmentedRaftLogWorker was interrupted, exiting. There are 0 tasks remaining in the queue.
2019-11-14 22:36:07,247 [main] INFO  segmented.SegmentedRaftLogWorker (SegmentedRaftLogWorker.java:close(224)) - 76b3b274-17aa-4635-9ecc-8bffa687e80e@group-BA5CC5B18D18-SegmentedRaftLogWorker close()
2019-11-14 22:36:07,251 [main] INFO  server.GrpcService (GrpcService.java:closeImpl(164)) - 76b3b274-17aa-4635-9ecc-8bffa687e80e: shutdown server with port 46135 now
2019-11-14 22:36:07,252 [main] INFO  server.GrpcService (GrpcService.java:closeImpl(172)) - 76b3b274-17aa-4635-9ecc-8bffa687e80e: shutdown server with port 46135 successfully
2019-11-14 22:36:07,258 [refreshUsed-/workdir/hadoop-ozone/integration-test/target/test-dir/MiniOzoneClusterImpl-479ab7c1-aba1-4cab-b6ff-ec51363c42af/datanode-4/data/containers] WARN  fs.CachingGetSpaceUsed (CachingGetSpaceUsed.java:run(183)) - Thread Interrupted waiting to refresh disk information: sleep interrupted
2019-11-14 22:36:07,268 [ForkJoinPool.commonPool-worker-1] INFO  utils.BackgroundService (BackgroundService.java:shutdown(151)) - Shutting down service BlockDeletingService
2019-11-14 22:36:07,270 [ForkJoinPool.commonPool-worker-1] INFO  statemachine.DatanodeStateMachine (DatanodeStateMachine.java:stopDaemon(395)) - Ozone container server stopped.
2019-11-14 22:36:07,274 [ForkJoinPool.commonPool-worker-1] INFO  handler.ContextHandler (ContextHandler.java:doStop(910)) - Stopped o.e.j.w.WebAppContext@3ff54f3d{/,null,UNAVAILABLE}{/hddsDatanode}
2019-11-14 22:36:07,274 [ForkJoinPool.commonPool-worker-1] INFO  server.AbstractConnector (AbstractConnector.java:doStop(318)) - Stopped ServerConnector@14c93774{HTTP/1.1,[http/1.1]}{0.0.0.0:0}
2019-11-14 22:36:07,277 [ForkJoinPool.commonPool-worker-1] INFO  handler.ContextHandler (ContextHandler.java:doStop(910)) - Stopped o.e.j.s.ServletContextHandler@7e351d7{/static,jar:file:/home/user/.m2/repository/org/apache/hadoop/hadoop-hdds-container-service/0.5.0-SNAPSHOT/hadoop-hdds-container-service-0.5.0-SNAPSHOT.jar!/webapps/static,UNAVAILABLE}
2019-11-14 22:36:07,277 [ForkJoinPool.commonPool-worker-1] INFO  handler.ContextHandler (ContextHandler.java:doStop(910)) - Stopped o.e.j.s.ServletContextHandler@46911148{/logs,file:///workdir/hadoop-ozone/integration-test/target/log,UNAVAILABLE}
2019-11-14 22:36:07,281 [main] INFO  utils.BackgroundService (BackgroundService.java:shutdown(151)) - Shutting down service BlockDeletingService
2019-11-14 22:36:07,283 [main] INFO  statemachine.DatanodeStateMachine (DatanodeStateMachine.java:stopDaemon(395)) - Ozone container server stopped.
2019-11-14 22:36:07,284 [main] INFO  handler.ContextHandler (ContextHandler.java:doStop(910)) - Stopped o.e.j.w.WebAppContext@630bf683{/,null,UNAVAILABLE}{/hddsDatanode}
2019-11-14 22:36:07,285 [main] INFO  server.AbstractConnector (AbstractConnector.java:doStop(318)) - Stopped ServerConnector@22d322f5{HTTP/1.1,[http/1.1]}{0.0.0.0:0}
2019-11-14 22:36:07,286 [main] INFO  handler.ContextHandler (ContextHandler.java:doStop(910)) - Stopped o.e.j.s.ServletContextHandler@3e05586b{/static,jar:file:/home/user/.m2/repository/org/apache/hadoop/hadoop-hdds-container-service/0.5.0-SNAPSHOT/hadoop-hdds-container-service-0.5.0-SNAPSHOT.jar!/webapps/static,UNAVAILABLE}
2019-11-14 22:36:07,286 [main] INFO  handler.ContextHandler (ContextHandler.java:doStop(910)) - Stopped o.e.j.s.ServletContextHandler@23da79eb{/logs,file:///workdir/hadoop-ozone/integration-test/target/log,UNAVAILABLE}
2019-11-14 22:36:07,287 [main] INFO  ozone.MiniOzoneClusterImpl (MiniOzoneClusterImpl.java:stopSCM(430)) - Stopping the StorageContainerManager
2019-11-14 22:36:07,287 [main] INFO  server.StorageContainerManager (StorageContainerManager.java:stop(802)) - Stopping Replication Manager Service.
2019-11-14 22:36:07,287 [main] INFO  container.ReplicationManager (ReplicationManager.java:stop(203)) - Stopping Replication Monitor Thread.
2019-11-14 22:36:07,288 [main] INFO  server.StorageContainerManager (StorageContainerManager.java:stop(809)) - Stopping Lease Manager of the command watchers
2019-11-14 22:36:07,288 [main] INFO  server.StorageContainerManager (StorageContainerManager.java:stop(816)) - Stopping datanode service RPC server
2019-11-14 22:36:07,288 [main] INFO  server.SCMDatanodeProtocolServer (SCMDatanodeProtocolServer.java:stop(346)) - Stopping the RPC server for DataNodes
2019-11-14 22:36:07,288 [main] INFO  ipc.Server (Server.java:stop(3082)) - Stopping server on 33157
2019-11-14 22:36:07,290 [IPC Server listener on 33157] INFO  ipc.Server (Server.java:run(1185)) - Stopping IPC Server listener on 33157
2019-11-14 22:36:07,291 [IPC Server Responder] INFO  ipc.Server (Server.java:run(1319)) - Stopping IPC Server Responder
2019-11-14 22:36:07,348 [SCM Heartbeat Processing Thread - 0] WARN  node.NodeStateManager (NodeStateManager.java:scheduleNextHealthCheck(646)) - Current Thread is interrupted, shutting down HB processing thread for Node Manager.
2019-11-14 22:36:07,348 [main] INFO  server.StorageContainerManager (StorageContainerManager.java:stop(824)) - Stopping block service RPC server
2019-11-14 22:36:07,348 [main] INFO  server.SCMBlockProtocolServer (SCMBlockProtocolServer.java:stop(155)) - Stopping the RPC server for Block Protocol
2019-11-14 22:36:07,348 [main] INFO  ipc.Server (Server.java:stop(3082)) - Stopping server on 41663
2019-11-14 22:36:07,350 [IPC Server listener on 41663] INFO  ipc.Server (Server.java:run(1185)) - Stopping IPC Server listener on 41663
2019-11-14 22:36:07,351 [main] INFO  server.StorageContainerManager (StorageContainerManager.java:stop(831)) - Stopping the StorageContainerLocationProtocol RPC server
2019-11-14 22:36:07,351 [IPC Server Responder] INFO  ipc.Server (Server.java:run(1319)) - Stopping IPC Server Responder
2019-11-14 22:36:07,352 [main] INFO  server.SCMClientProtocolServer (SCMClientProtocolServer.java:stop(168)) - Stopping the RPC server for Client Protocol
2019-11-14 22:36:07,352 [main] INFO  ipc.Server (Server.java:stop(3082)) - Stopping server on 33565
2019-11-14 22:36:07,354 [IPC Server listener on 33565] INFO  ipc.Server (Server.java:run(1185)) - Stopping IPC Server listener on 33565
2019-11-14 22:36:07,354 [main] INFO  server.StorageContainerManager (StorageContainerManager.java:stop(838)) - Stopping Storage Container Manager HTTP server.
2019-11-14 22:36:07,355 [IPC Server Responder] INFO  ipc.Server (Server.java:run(1319)) - Stopping IPC Server Responder
2019-11-14 22:36:07,356 [main] INFO  handler.ContextHandler (ContextHandler.java:doStop(910)) - Stopped o.e.j.w.WebAppContext@75b6dd5b{/,null,UNAVAILABLE}{/scm}
2019-11-14 22:36:07,357 [main] INFO  server.AbstractConnector (AbstractConnector.java:doStop(318)) - Stopped ServerConnector@b3e86d5{HTTP/1.1,[http/1.1]}{0.0.0.0:0}
2019-11-14 22:36:07,357 [main] INFO  handler.ContextHandler (ContextHandler.java:doStop(910)) - Stopped o.e.j.s.ServletContextHandler@3178219a{/static,file:///workdir/hadoop-ozone/integration-test/target/test-classes/webapps/static,UNAVAILABLE}
2019-11-14 22:36:07,358 [main] INFO  handler.ContextHandler (ContextHandler.java:doStop(910)) - Stopped o.e.j.s.ServletContextHandler@48a663e9{/logs,file:///workdir/hadoop-ozone/integration-test/target/log,UNAVAILABLE}
2019-11-14 22:36:07,359 [main] INFO  server.StorageContainerManager (StorageContainerManager.java:stop(849)) - Stopping Block Manager Service.
2019-11-14 22:36:07,359 [main] INFO  utils.BackgroundService (BackgroundService.java:shutdown(151)) - Shutting down service SCMBlockDeletingService
2019-11-14 22:36:07,359 [main] INFO  utils.BackgroundService (BackgroundService.java:shutdown(151)) - Shutting down service SCMBlockDeletingService
2019-11-14 22:36:07,360 [main] INFO  server.StorageContainerManager (StorageContainerManager.java:stop(871)) - Stopping SCM Event Queue.
2019-11-14 22:36:07,364 [main] INFO  impl.MetricsSystemImpl (MetricsSystemImpl.java:stop(210)) - Stopping HddsDatanode metrics system...
2019-11-14 22:36:07,375 [main] INFO  impl.MetricsSystemImpl (MetricsSystemImpl.java:stop(216)) - HddsDatanode metrics system stopped.
]]></system-out>
    <system-err><![CDATA[Nov 14, 2019 10:35:47 PM org.apache.ratis.thirdparty.io.grpc.internal.ManagedChannelOrphanWrapper$ManagedChannelReference cleanQueue
SEVERE: *~*~*~ Channel ManagedChannelImpl{logId=682, target=192.168.69.65:44869} was not shutdown properly!!! ~*~*~*
    Make sure to call shutdown()/shutdownNow() and wait until awaitTermination() returns true.
java.lang.RuntimeException: ManagedChannel allocation site
	at org.apache.ratis.thirdparty.io.grpc.internal.ManagedChannelOrphanWrapper$ManagedChannelReference.<init>(ManagedChannelOrphanWrapper.java:103)
	at org.apache.ratis.thirdparty.io.grpc.internal.ManagedChannelOrphanWrapper.<init>(ManagedChannelOrphanWrapper.java:53)
	at org.apache.ratis.thirdparty.io.grpc.internal.ManagedChannelOrphanWrapper.<init>(ManagedChannelOrphanWrapper.java:44)
	at org.apache.ratis.thirdparty.io.grpc.internal.AbstractManagedChannelImplBuilder.build(AbstractManagedChannelImplBuilder.java:411)
	at org.apache.ratis.grpc.client.GrpcClientProtocolClient.<init>(GrpcClientProtocolClient.java:128)
	at org.apache.ratis.grpc.client.GrpcClientRpc.lambda$new$0(GrpcClientRpc.java:55)
	at org.apache.ratis.util.PeerProxyMap$PeerAndProxy.lambda$getProxy$0(PeerProxyMap.java:62)
	at org.apache.ratis.util.LifeCycle.startAndTransition(LifeCycle.java:202)
	at org.apache.ratis.util.PeerProxyMap$PeerAndProxy.getProxy(PeerProxyMap.java:61)
	at org.apache.ratis.util.PeerProxyMap.getProxy(PeerProxyMap.java:109)
	at org.apache.ratis.grpc.client.GrpcClientRpc.sendRequestAsyncUnordered(GrpcClientRpc.java:78)
	at org.apache.ratis.client.impl.UnorderedAsync.sendRequestWithRetry(UnorderedAsync.java:75)
	at org.apache.ratis.client.impl.UnorderedAsync.lambda$null$2(UnorderedAsync.java:120)
	at org.apache.ratis.util.TimeoutScheduler.lambda$onTimeout$0(TimeoutScheduler.java:141)
	at org.apache.ratis.util.TimeoutScheduler.lambda$onTimeout$1(TimeoutScheduler.java:155)
	at org.apache.ratis.util.LogUtils.runAndLog(LogUtils.java:50)
	at org.apache.ratis.util.LogUtils$1.run(LogUtils.java:91)
	at java.util.concurrent.Executors$RunnableAdapter.call(Executors.java:511)
	at java.util.concurrent.FutureTask.run(FutureTask.java:266)
	at java.util.concurrent.ScheduledThreadPoolExecutor$ScheduledFutureTask.access$201(ScheduledThreadPoolExecutor.java:180)
	at java.util.concurrent.ScheduledThreadPoolExecutor$ScheduledFutureTask.run(ScheduledThreadPoolExecutor.java:293)
	at java.util.concurrent.ThreadPoolExecutor.runWorker(ThreadPoolExecutor.java:1149)
	at java.util.concurrent.ThreadPoolExecutor$Worker.run(ThreadPoolExecutor.java:624)
	at java.lang.Thread.run(Thread.java:748)

Nov 14, 2019 10:35:57 PM org.apache.ratis.thirdparty.io.grpc.internal.SerializingExecutor run
SEVERE: Exception while executing runnable org.apache.ratis.thirdparty.io.grpc.internal.ServerImpl$JumpToApplicationThreadServerStreamListener$1Closed@fad39a3
org.apache.ratis.thirdparty.io.grpc.StatusRuntimeException: CANCELLED: call already cancelled
	at org.apache.ratis.thirdparty.io.grpc.Status.asRuntimeException(Status.java:517)
	at org.apache.ratis.thirdparty.io.grpc.stub.ServerCalls$ServerCallStreamObserverImpl.onCompleted(ServerCalls.java:356)
	at org.apache.ratis.grpc.server.GrpcServerProtocolService$ServerRequestStreamObserver.onError(GrpcServerProtocolService.java:121)
	at org.apache.ratis.thirdparty.io.grpc.stub.ServerCalls$StreamingServerCallHandler$StreamingServerCallListener.onCancel(ServerCalls.java:269)
	at org.apache.ratis.thirdparty.io.grpc.internal.ServerCallImpl$ServerStreamListenerImpl.closed(ServerCallImpl.java:293)
	at org.apache.ratis.thirdparty.io.grpc.internal.ServerImpl$JumpToApplicationThreadServerStreamListener$1Closed.runInContext(ServerImpl.java:741)
	at org.apache.ratis.thirdparty.io.grpc.internal.ContextRunnable.run(ContextRunnable.java:37)
	at org.apache.ratis.thirdparty.io.grpc.internal.SerializingExecutor.run(SerializingExecutor.java:123)
	at java.util.concurrent.ThreadPoolExecutor.runWorker(ThreadPoolExecutor.java:1149)
	at java.util.concurrent.ThreadPoolExecutor$Worker.run(ThreadPoolExecutor.java:624)
	at java.lang.Thread.run(Thread.java:748)

]]></system-err>
  </testcase>
</testsuite>