<?xml version="1.0" encoding="UTF-8"?>
<testsuite xmlns:xsi="http://www.w3.org/2001/XMLSchema-instance" xsi:noNamespaceSchemaLocation="https://maven.apache.org/surefire/maven-surefire-plugin/xsd/surefire-test-report.xsd" name="org.apache.hadoop.ozone.freon.TestFreonWithPipelineDestroy" time="53.225" tests="1" errors="1" skipped="0" failures="0">
  <properties>
    <property name="awt.toolkit" value="sun.awt.X11.XToolkit"/>
    <property name="file.encoding.pkg" value="sun.io"/>
    <property name="java.specification.version" value="1.8"/>
    <property name="sun.cpu.isalist" value=""/>
    <property name="sun.jnu.encoding" value="ANSI_X3.4-1968"/>
    <property name="java.class.path" value="/workdir/hadoop-ozone/tools/target/test-classes:/workdir/hadoop-ozone/tools/target/classes:/home/user/.m2/repository/org/apache/hadoop/hadoop-ozone-ozone-manager/0.5.0-SNAPSHOT/hadoop-ozone-ozone-manager-0.5.0-SNAPSHOT.jar:/home/user/.m2/repository/org/apache/hadoop/hadoop-hdds-docs/0.5.0-SNAPSHOT/hadoop-hdds-docs-0.5.0-SNAPSHOT.jar:/home/user/.m2/repository/org/bouncycastle/bcprov-jdk15on/1.60/bcprov-jdk15on-1.60.jar:/home/user/.m2/repository/org/apache/hadoop/hadoop-ozone-common/0.5.0-SNAPSHOT/hadoop-ozone-common-0.5.0-SNAPSHOT.jar:/home/user/.m2/repository/org/apache/commons/commons-compress/1.4.1/commons-compress-1.4.1.jar:/home/user/.m2/repository/org/tukaani/xz/1.0/xz-1.0.jar:/home/user/.m2/repository/org/apache/hadoop/hadoop-hdfs-client/3.2.0/hadoop-hdfs-client-3.2.0.jar:/home/user/.m2/repository/com/fasterxml/jackson/core/jackson-annotations/2.9.9/jackson-annotations-2.9.9.jar:/home/user/.m2/repository/org/apache/hadoop/hadoop-hdds-common/0.5.0-SNAPSHOT/hadoop-hdds-common-0.5.0-SNAPSHOT.jar:/home/user/.m2/repository/org/apache/hadoop/hadoop-hdds-config/0.5.0-SNAPSHOT/hadoop-hdds-config-0.5.0-SNAPSHOT.jar:/home/user/.m2/repository/javax/annotation/javax.annotation-api/1.2/javax.annotation-api-1.2.jar:/home/user/.m2/repository/org/apache/ratis/ratis-server/0.5.0-d6d58d0-SNAPSHOT/ratis-server-0.5.0-d6d58d0-SNAPSHOT.jar:/home/user/.m2/repository/org/apache/ratis/ratis-thirdparty-misc/0.2.0/ratis-thirdparty-misc-0.2.0.jar:/home/user/.m2/repository/org/apache/ratis/ratis-proto/0.5.0-d6d58d0-SNAPSHOT/ratis-proto-0.5.0-d6d58d0-SNAPSHOT.jar:/home/user/.m2/repository/org/apache/ratis/ratis-common/0.5.0-d6d58d0-SNAPSHOT/ratis-common-0.5.0-d6d58d0-SNAPSHOT.jar:/home/user/.m2/repository/org/apache/ratis/ratis-client/0.5.0-d6d58d0-SNAPSHOT/ratis-client-0.5.0-d6d58d0-SNAPSHOT.jar:/home/user/.m2/repository/org/apache/ratis/ratis-metrics/0.5.0-d6d58d0-SNAPSHOT/ratis-metrics-0.5.0-d6d58d0-SNAPSHOT.jar:/home/user/.m2/repository/org/apache/ratis/ratis-netty/0.5.0-d6d58d0-SNAPSHOT/ratis-netty-0.5.0-d6d58d0-SNAPSHOT.jar:/home/user/.m2/repository/org/apache/ratis/ratis-grpc/0.5.0-d6d58d0-SNAPSHOT/ratis-grpc-0.5.0-d6d58d0-SNAPSHOT.jar:/home/user/.m2/repository/org/rocksdb/rocksdbjni/6.0.1/rocksdbjni-6.0.1.jar:/home/user/.m2/repository/org/apache/logging/log4j/log4j-api/2.11.0/log4j-api-2.11.0.jar:/home/user/.m2/repository/org/apache/logging/log4j/log4j-core/2.11.0/log4j-core-2.11.0.jar:/home/user/.m2/repository/com/lmax/disruptor/3.4.2/disruptor-3.4.2.jar:/home/user/.m2/repository/org/apache/commons/commons-pool2/2.6.0/commons-pool2-2.6.0.jar:/home/user/.m2/repository/org/bouncycastle/bcpkix-jdk15on/1.60/bcpkix-jdk15on-1.60.jar:/home/user/.m2/repository/commons-validator/commons-validator/1.6/commons-validator-1.6.jar:/home/user/.m2/repository/commons-digester/commons-digester/1.8.1/commons-digester-1.8.1.jar:/home/user/.m2/repository/io/jaegertracing/jaeger-client/0.34.0/jaeger-client-0.34.0.jar:/home/user/.m2/repository/io/jaegertracing/jaeger-thrift/0.34.0/jaeger-thrift-0.34.0.jar:/home/user/.m2/repository/org/apache/thrift/libthrift/0.12.0/libthrift-0.12.0.jar:/home/user/.m2/repository/com/squareup/okhttp3/okhttp/3.9.0/okhttp-3.9.0.jar:/home/user/.m2/repository/com/squareup/okio/okio/1.13.0/okio-1.13.0.jar:/home/user/.m2/repository/io/jaegertracing/jaeger-core/0.34.0/jaeger-core-0.34.0.jar:/home/user/.m2/repository/io/jaegertracing/jaeger-tracerresolver/0.34.0/jaeger-tracerresolver-0.34.0.jar:/home/user/.m2/repository/io/opentracing/contrib/opentracing-tracerresolver/0.1.5/opentracing-tracerresolver-0.1.5.jar:/home/user/.m2/repository/io/opentracing/opentracing-util/0.31.0/opentracing-util-0.31.0.jar:/home/user/.m2/repository/io/opentracing/opentracing-api/0.31.0/opentracing-api-0.31.0.jar:/home/user/.m2/repository/io/opentracing/opentracing-noop/0.31.0/opentracing-noop-0.31.0.jar:/home/user/.m2/repository/org/yaml/snakeyaml/1.16/snakeyaml-1.16.jar:/home/user/.m2/repository/org/apache/hadoop/hadoop-hdds-container-service/0.5.0-SNAPSHOT/hadoop-hdds-container-service-0.5.0-SNAPSHOT.jar:/home/user/.m2/repository/org/apache/hadoop/hadoop-hdds-client/0.5.0-SNAPSHOT/hadoop-hdds-client-0.5.0-SNAPSHOT.jar:/home/user/.m2/repository/org/apache/hadoop/hadoop-hdds-tools/0.5.0-SNAPSHOT/hadoop-hdds-tools-0.5.0-SNAPSHOT.jar:/home/user/.m2/repository/org/xerial/sqlite-jdbc/3.25.2/sqlite-jdbc-3.25.2.jar:/home/user/.m2/repository/org/apache/hadoop/hadoop-hdds-server-scm/0.5.0-SNAPSHOT/hadoop-hdds-server-scm-0.5.0-SNAPSHOT.jar:/home/user/.m2/repository/org/hamcrest/hamcrest-all/1.3/hamcrest-all-1.3.jar:/home/user/.m2/repository/info/picocli/picocli/3.9.6/picocli-3.9.6.jar:/home/user/.m2/repository/com/google/protobuf/protobuf-java/2.5.0/protobuf-java-2.5.0.jar:/home/user/.m2/repository/com/google/guava/guava/11.0.2/guava-11.0.2.jar:/home/user/.m2/repository/org/apache/hadoop/hadoop-ozone-client/0.5.0-SNAPSHOT/hadoop-ozone-client-0.5.0-SNAPSHOT.jar:/workdir/hadoop-ozone/ozonefs/target/classes:/home/user/.m2/repository/org/apache/httpcomponents/httpclient/4.5.2/httpclient-4.5.2.jar:/home/user/.m2/repository/org/apache/httpcomponents/httpcore/4.4.4/httpcore-4.4.4.jar:/home/user/.m2/repository/org/apache/hadoop/hadoop-hdds-server-framework/0.5.0-SNAPSHOT/hadoop-hdds-server-framework-0.5.0-SNAPSHOT.jar:/home/user/.m2/repository/org/apache/hadoop/hadoop-common/3.2.0/hadoop-common-3.2.0.jar:/home/user/.m2/repository/org/apache/hadoop/hadoop-annotations/3.2.0/hadoop-annotations-3.2.0.jar:/usr/lib/jvm/java-1.8.0-openjdk-1.8.0.222.b10-1.el7_7.x86_64/jre/../lib/tools.jar:/home/user/.m2/repository/commons-cli/commons-cli/1.2/commons-cli-1.2.jar:/home/user/.m2/repository/org/apache/commons/commons-math3/3.1.1/commons-math3-3.1.1.jar:/home/user/.m2/repository/commons-codec/commons-codec/1.11/commons-codec-1.11.jar:/home/user/.m2/repository/commons-io/commons-io/2.5/commons-io-2.5.jar:/home/user/.m2/repository/commons-net/commons-net/3.6/commons-net-3.6.jar:/home/user/.m2/repository/commons-collections/commons-collections/3.2.2/commons-collections-3.2.2.jar:/home/user/.m2/repository/javax/servlet/javax.servlet-api/3.1.0/javax.servlet-api-3.1.0.jar:/home/user/.m2/repository/org/eclipse/jetty/jetty-server/9.3.25.v20180904/jetty-server-9.3.25.v20180904.jar:/home/user/.m2/repository/org/eclipse/jetty/jetty-http/9.3.25.v20180904/jetty-http-9.3.25.v20180904.jar:/home/user/.m2/repository/org/eclipse/jetty/jetty-io/9.3.25.v20180904/jetty-io-9.3.25.v20180904.jar:/home/user/.m2/repository/org/eclipse/jetty/jetty-util/9.3.25.v20180904/jetty-util-9.3.25.v20180904.jar:/home/user/.m2/repository/org/eclipse/jetty/jetty-servlet/9.3.25.v20180904/jetty-servlet-9.3.25.v20180904.jar:/home/user/.m2/repository/org/eclipse/jetty/jetty-security/9.3.25.v20180904/jetty-security-9.3.25.v20180904.jar:/home/user/.m2/repository/org/eclipse/jetty/jetty-webapp/9.3.25.v20180904/jetty-webapp-9.3.25.v20180904.jar:/home/user/.m2/repository/org/eclipse/jetty/jetty-xml/9.3.25.v20180904/jetty-xml-9.3.25.v20180904.jar:/home/user/.m2/repository/javax/servlet/jsp/jsp-api/2.1/jsp-api-2.1.jar:/home/user/.m2/repository/com/sun/jersey/jersey-core/1.19/jersey-core-1.19.jar:/home/user/.m2/repository/javax/ws/rs/jsr311-api/1.1.1/jsr311-api-1.1.1.jar:/home/user/.m2/repository/com/sun/jersey/jersey-servlet/1.19/jersey-servlet-1.19.jar:/home/user/.m2/repository/com/sun/jersey/jersey-json/1.19/jersey-json-1.19.jar:/home/user/.m2/repository/org/codehaus/jettison/jettison/1.1/jettison-1.1.jar:/home/user/.m2/repository/com/sun/xml/bind/jaxb-impl/2.3.0.1/jaxb-impl-2.3.0.1.jar:/home/user/.m2/repository/org/codehaus/jackson/jackson-core-asl/1.9.13/jackson-core-asl-1.9.13.jar:/home/user/.m2/repository/org/codehaus/jackson/jackson-mapper-asl/1.9.13/jackson-mapper-asl-1.9.13.jar:/home/user/.m2/repository/org/codehaus/jackson/jackson-jaxrs/1.9.13/jackson-jaxrs-1.9.13.jar:/home/user/.m2/repository/org/codehaus/jackson/jackson-xc/1.9.13/jackson-xc-1.9.13.jar:/home/user/.m2/repository/com/sun/jersey/jersey-server/1.19/jersey-server-1.19.jar:/home/user/.m2/repository/commons-logging/commons-logging/1.1.3/commons-logging-1.1.3.jar:/home/user/.m2/repository/log4j/log4j/1.2.17/log4j-1.2.17.jar:/home/user/.m2/repository/commons-beanutils/commons-beanutils/1.9.4/commons-beanutils-1.9.4.jar:/home/user/.m2/repository/org/apache/commons/commons-configuration2/2.1.1/commons-configuration2-2.1.1.jar:/home/user/.m2/repository/org/apache/commons/commons-lang3/3.7/commons-lang3-3.7.jar:/home/user/.m2/repository/org/apache/commons/commons-text/1.4/commons-text-1.4.jar:/home/user/.m2/repository/org/slf4j/slf4j-api/1.7.25/slf4j-api-1.7.25.jar:/home/user/.m2/repository/org/slf4j/slf4j-log4j12/1.7.25/slf4j-log4j12-1.7.25.jar:/home/user/.m2/repository/org/apache/avro/avro/1.7.7/avro-1.7.7.jar:/home/user/.m2/repository/com/thoughtworks/paranamer/paranamer/2.3/paranamer-2.3.jar:/home/user/.m2/repository/org/xerial/snappy/snappy-java/1.0.5/snappy-java-1.0.5.jar:/home/user/.m2/repository/com/google/re2j/re2j/1.1/re2j-1.1.jar:/home/user/.m2/repository/com/google/code/gson/gson/2.2.4/gson-2.2.4.jar:/home/user/.m2/repository/org/apache/hadoop/hadoop-auth/3.2.0/hadoop-auth-3.2.0.jar:/home/user/.m2/repository/com/nimbusds/nimbus-jose-jwt/4.41.1/nimbus-jose-jwt-4.41.1.jar:/home/user/.m2/repository/com/github/stephenc/jcip/jcip-annotations/1.0-1/jcip-annotations-1.0-1.jar:/home/user/.m2/repository/net/minidev/json-smart/2.3/json-smart-2.3.jar:/home/user/.m2/repository/net/minidev/accessors-smart/1.2/accessors-smart-1.2.jar:/home/user/.m2/repository/org/apache/curator/curator-framework/2.12.0/curator-framework-2.12.0.jar:/home/user/.m2/repository/com/jcraft/jsch/0.1.54/jsch-0.1.54.jar:/home/user/.m2/repository/org/apache/curator/curator-client/2.12.0/curator-client-2.12.0.jar:/home/user/.m2/repository/org/apache/curator/curator-recipes/2.12.0/curator-recipes-2.12.0.jar:/home/user/.m2/repository/com/google/code/findbugs/jsr305/3.0.0/jsr305-3.0.0.jar:/home/user/.m2/repository/org/apache/htrace/htrace-core4/4.1.0-incubating/htrace-core4-4.1.0-incubating.jar:/home/user/.m2/repository/org/apache/zookeeper/zookeeper/3.4.13/zookeeper-3.4.13.jar:/home/user/.m2/repository/jline/jline/0.9.94/jline-0.9.94.jar:/home/user/.m2/repository/org/apache/yetus/audience-annotations/0.5.0/audience-annotations-0.5.0.jar:/home/user/.m2/repository/org/apache/kerby/kerb-simplekdc/1.0.1/kerb-simplekdc-1.0.1.jar:/home/user/.m2/repository/org/apache/kerby/kerb-client/1.0.1/kerb-client-1.0.1.jar:/home/user/.m2/repository/org/apache/kerby/kerby-config/1.0.1/kerby-config-1.0.1.jar:/home/user/.m2/repository/org/apache/kerby/kerb-core/1.0.1/kerb-core-1.0.1.jar:/home/user/.m2/repository/org/apache/kerby/kerby-pkix/1.0.1/kerby-pkix-1.0.1.jar:/home/user/.m2/repository/org/apache/kerby/kerby-asn1/1.0.1/kerby-asn1-1.0.1.jar:/home/user/.m2/repository/org/apache/kerby/kerby-util/1.0.1/kerby-util-1.0.1.jar:/home/user/.m2/repository/org/apache/kerby/kerb-common/1.0.1/kerb-common-1.0.1.jar:/home/user/.m2/repository/org/apache/kerby/kerb-crypto/1.0.1/kerb-crypto-1.0.1.jar:/home/user/.m2/repository/org/apache/kerby/kerb-util/1.0.1/kerb-util-1.0.1.jar:/home/user/.m2/repository/org/apache/kerby/token-provider/1.0.1/token-provider-1.0.1.jar:/home/user/.m2/repository/org/apache/kerby/kerb-admin/1.0.1/kerb-admin-1.0.1.jar:/home/user/.m2/repository/org/apache/kerby/kerb-server/1.0.1/kerb-server-1.0.1.jar:/home/user/.m2/repository/org/apache/kerby/kerb-identity/1.0.1/kerb-identity-1.0.1.jar:/home/user/.m2/repository/org/apache/kerby/kerby-xdr/1.0.1/kerby-xdr-1.0.1.jar:/home/user/.m2/repository/com/fasterxml/jackson/core/jackson-databind/2.9.9/jackson-databind-2.9.9.jar:/home/user/.m2/repository/com/fasterxml/jackson/core/jackson-core/2.9.9/jackson-core-2.9.9.jar:/home/user/.m2/repository/org/codehaus/woodstox/stax2-api/3.1.4/stax2-api-3.1.4.jar:/home/user/.m2/repository/com/fasterxml/woodstox/woodstox-core/5.0.3/woodstox-core-5.0.3.jar:/home/user/.m2/repository/dnsjava/dnsjava/2.1.7/dnsjava-2.1.7.jar:/home/user/.m2/repository/org/apache/hadoop/hadoop-hdfs/3.2.0/hadoop-hdfs-3.2.0.jar:/home/user/.m2/repository/org/eclipse/jetty/jetty-util-ajax/9.3.25.v20180904/jetty-util-ajax-9.3.25.v20180904.jar:/home/user/.m2/repository/commons-daemon/commons-daemon/1.0.13/commons-daemon-1.0.13.jar:/home/user/.m2/repository/io/netty/netty/3.10.5.Final/netty-3.10.5.Final.jar:/home/user/.m2/repository/io/netty/netty-all/4.0.52.Final/netty-all-4.0.52.Final.jar:/home/user/.m2/repository/org/fusesource/leveldbjni/leveldbjni-all/1.8/leveldbjni-all-1.8.jar:/home/user/.m2/repository/com/sun/xml/bind/jaxb-core/2.3.0.1/jaxb-core-2.3.0.1.jar:/home/user/.m2/repository/javax/xml/bind/jaxb-api/2.3.0/jaxb-api-2.3.0.jar:/home/user/.m2/repository/javax/activation/activation/1.1.1/activation-1.1.1.jar:/home/user/.m2/repository/org/openjdk/jmh/jmh-core/1.19/jmh-core-1.19.jar:/home/user/.m2/repository/net/sf/jopt-simple/jopt-simple/4.6/jopt-simple-4.6.jar:/home/user/.m2/repository/org/openjdk/jmh/jmh-generator-annprocess/1.19/jmh-generator-annprocess-1.19.jar:/home/user/.m2/repository/io/dropwizard/metrics/metrics-core/3.2.4/metrics-core-3.2.4.jar:/home/user/.m2/repository/com/amazonaws/aws-java-sdk-s3/1.11.615/aws-java-sdk-s3-1.11.615.jar:/home/user/.m2/repository/com/amazonaws/aws-java-sdk-kms/1.11.615/aws-java-sdk-kms-1.11.615.jar:/home/user/.m2/repository/com/amazonaws/aws-java-sdk-core/1.11.615/aws-java-sdk-core-1.11.615.jar:/home/user/.m2/repository/software/amazon/ion/ion-java/1.0.2/ion-java-1.0.2.jar:/home/user/.m2/repository/com/fasterxml/jackson/dataformat/jackson-dataformat-cbor/2.9.9/jackson-dataformat-cbor-2.9.9.jar:/home/user/.m2/repository/joda-time/joda-time/2.9.9/joda-time-2.9.9.jar:/home/user/.m2/repository/com/amazonaws/jmespath-java/1.11.615/jmespath-java-1.11.615.jar:/home/user/.m2/repository/com/github/spotbugs/spotbugs/3.1.12/spotbugs-3.1.12.jar:/home/user/.m2/repository/org/ow2/asm/asm/5.0.4/asm-5.0.4.jar:/home/user/.m2/repository/org/ow2/asm/asm-analysis/7.0/asm-analysis-7.0.jar:/home/user/.m2/repository/org/ow2/asm/asm-commons/7.0/asm-commons-7.0.jar:/home/user/.m2/repository/org/ow2/asm/asm-tree/7.0/asm-tree-7.0.jar:/home/user/.m2/repository/org/ow2/asm/asm-util/7.0/asm-util-7.0.jar:/home/user/.m2/repository/org/apache/bcel/bcel/6.3/bcel-6.3.jar:/home/user/.m2/repository/net/jcip/jcip-annotations/1.0/jcip-annotations-1.0.jar:/home/user/.m2/repository/org/dom4j/dom4j/2.1.1/dom4j-2.1.1.jar:/home/user/.m2/repository/jaxen/jaxen/1.1.6/jaxen-1.1.6.jar:/home/user/.m2/repository/commons-lang/commons-lang/2.6/commons-lang-2.6.jar:/home/user/.m2/repository/com/github/spotbugs/spotbugs-annotations/3.1.12/spotbugs-annotations-3.1.12.jar:/home/user/.m2/repository/junit/junit/4.11/junit-4.11.jar:/home/user/.m2/repository/org/hamcrest/hamcrest-core/1.3/hamcrest-core-1.3.jar:/home/user/.m2/repository/org/apache/hadoop/hadoop-common/3.2.0/hadoop-common-3.2.0-tests.jar:/workdir/hadoop-ozone/integration-test/target/test-classes:/home/user/.m2/repository/org/apache/hadoop/hadoop-ozone-s3gateway/0.5.0-SNAPSHOT/hadoop-ozone-s3gateway-0.5.0-SNAPSHOT.jar:/home/user/.m2/repository/org/jboss/weld/servlet/weld-servlet/2.4.7.Final/weld-servlet-2.4.7.Final.jar:/home/user/.m2/repository/org/glassfish/jersey/containers/jersey-container-servlet-core/2.27/jersey-container-servlet-core-2.27.jar:/home/user/.m2/repository/org/glassfish/hk2/external/javax.inject/2.5.0-b42/javax.inject-2.5.0-b42.jar:/home/user/.m2/repository/org/glassfish/jersey/core/jersey-common/2.27/jersey-common-2.27.jar:/home/user/.m2/repository/org/glassfish/hk2/osgi-resource-locator/1.0.1/osgi-resource-locator-1.0.1.jar:/home/user/.m2/repository/javax/ws/rs/javax.ws.rs-api/2.1/javax.ws.rs-api-2.1.jar:/home/user/.m2/repository/org/glassfish/jersey/ext/cdi/jersey-cdi1x/2.27/jersey-cdi1x-2.27.jar:/home/user/.m2/repository/org/glassfish/jersey/inject/jersey-hk2/2.27/jersey-hk2-2.27.jar:/home/user/.m2/repository/org/glassfish/hk2/hk2-locator/2.5.0-b42/hk2-locator-2.5.0-b42.jar:/home/user/.m2/repository/org/javassist/javassist/3.22.0-CR2/javassist-3.22.0-CR2.jar:/home/user/.m2/repository/org/glassfish/hk2/hk2-api/2.5.0/hk2-api-2.5.0.jar:/home/user/.m2/repository/org/glassfish/hk2/external/jakarta.inject/2.5.0/jakarta.inject-2.5.0.jar:/home/user/.m2/repository/org/glassfish/hk2/hk2-utils/2.5.0/hk2-utils-2.5.0.jar:/home/user/.m2/repository/jakarta/annotation/jakarta.annotation-api/1.3.4/jakarta.annotation-api-1.3.4.jar:/home/user/.m2/repository/org/glassfish/hk2/external/aopalliance-repackaged/2.5.0/aopalliance-repackaged-2.5.0.jar:/home/user/.m2/repository/com/fasterxml/jackson/dataformat/jackson-dataformat-xml/2.9.0/jackson-dataformat-xml-2.9.0.jar:/home/user/.m2/repository/com/fasterxml/jackson/module/jackson-module-jaxb-annotations/2.9.9/jackson-module-jaxb-annotations-2.9.9.jar:/home/user/.m2/repository/javax/enterprise/cdi-api/1.2/cdi-api-1.2.jar:/home/user/.m2/repository/javax/el/javax.el-api/3.0.0/javax.el-api-3.0.0.jar:/home/user/.m2/repository/javax/interceptor/javax.interceptor-api/1.2/javax.interceptor-api-1.2.jar:/home/user/.m2/repository/javax/inject/javax.inject/1/javax.inject-1.jar:/home/user/.m2/repository/org/apache/hadoop/hadoop-ozone-csi/0.5.0-SNAPSHOT/hadoop-ozone-csi-0.5.0-SNAPSHOT.jar:/home/user/.m2/repository/com/google/protobuf/protobuf-java-util/3.5.1/protobuf-java-util-3.5.1.jar:/home/user/.m2/repository/io/grpc/grpc-netty/1.17.1/grpc-netty-1.17.1.jar:/home/user/.m2/repository/io/grpc/grpc-core/1.17.1/grpc-core-1.17.1.jar:/home/user/.m2/repository/io/grpc/grpc-context/1.17.1/grpc-context-1.17.1.jar:/home/user/.m2/repository/com/google/errorprone/error_prone_annotations/2.2.0/error_prone_annotations-2.2.0.jar:/home/user/.m2/repository/org/codehaus/mojo/animal-sniffer-annotations/1.17/animal-sniffer-annotations-1.17.jar:/home/user/.m2/repository/io/opencensus/opencensus-api/0.17.0/opencensus-api-0.17.0.jar:/home/user/.m2/repository/io/opencensus/opencensus-contrib-grpc-metrics/0.17.0/opencensus-contrib-grpc-metrics-0.17.0.jar:/home/user/.m2/repository/io/netty/netty-codec-http2/4.1.30.Final/netty-codec-http2-4.1.30.Final.jar:/home/user/.m2/repository/io/netty/netty-codec-http/4.1.30.Final/netty-codec-http-4.1.30.Final.jar:/home/user/.m2/repository/io/netty/netty-codec/4.1.30.Final/netty-codec-4.1.30.Final.jar:/home/user/.m2/repository/io/netty/netty-handler/4.1.30.Final/netty-handler-4.1.30.Final.jar:/home/user/.m2/repository/io/netty/netty-handler-proxy/4.1.30.Final/netty-handler-proxy-4.1.30.Final.jar:/home/user/.m2/repository/io/netty/netty-codec-socks/4.1.30.Final/netty-codec-socks-4.1.30.Final.jar:/home/user/.m2/repository/io/netty/netty-transport-native-epoll/4.1.30.Final/netty-transport-native-epoll-4.1.30.Final.jar:/home/user/.m2/repository/io/netty/netty-common/4.1.30.Final/netty-common-4.1.30.Final.jar:/home/user/.m2/repository/io/netty/netty-buffer/4.1.30.Final/netty-buffer-4.1.30.Final.jar:/home/user/.m2/repository/io/netty/netty-transport/4.1.30.Final/netty-transport-4.1.30.Final.jar:/home/user/.m2/repository/io/netty/netty-resolver/4.1.30.Final/netty-resolver-4.1.30.Final.jar:/home/user/.m2/repository/io/netty/netty-transport-native-unix-common/4.1.30.Final/netty-transport-native-unix-common-4.1.30.Final.jar:/home/user/.m2/repository/io/grpc/grpc-protobuf/1.17.1/grpc-protobuf-1.17.1.jar:/home/user/.m2/repository/com/google/api/grpc/proto-google-common-protos/1.0.0/proto-google-common-protos-1.0.0.jar:/home/user/.m2/repository/io/grpc/grpc-protobuf-lite/1.17.1/grpc-protobuf-lite-1.17.1.jar:/home/user/.m2/repository/io/grpc/grpc-stub/1.17.1/grpc-stub-1.17.1.jar:/home/user/.m2/repository/org/apache/hadoop/hadoop-ozone-recon/0.5.0-SNAPSHOT/hadoop-ozone-recon-0.5.0-SNAPSHOT.jar:/home/user/.m2/repository/org/apache/hadoop/hadoop-ozone-reconcodegen/0.5.0-SNAPSHOT/hadoop-ozone-reconcodegen-0.5.0-SNAPSHOT.jar:/home/user/.m2/repository/com/google/inject/extensions/guice-multibindings/4.0/guice-multibindings-4.0.jar:/home/user/.m2/repository/com/google/inject/guice/4.0/guice-4.0.jar:/home/user/.m2/repository/aopalliance/aopalliance/1.0/aopalliance-1.0.jar:/home/user/.m2/repository/com/google/inject/extensions/guice-servlet/4.0/guice-servlet-4.0.jar:/home/user/.m2/repository/org/glassfish/jersey/containers/jersey-container-servlet/2.27/jersey-container-servlet-2.27.jar:/home/user/.m2/repository/org/glassfish/hk2/guice-bridge/2.5.0/guice-bridge-2.5.0.jar:/home/user/.m2/repository/org/glassfish/jersey/core/jersey-server/2.27/jersey-server-2.27.jar:/home/user/.m2/repository/org/glassfish/jersey/core/jersey-client/2.27/jersey-client-2.27.jar:/home/user/.m2/repository/org/glassfish/jersey/media/jersey-media-jaxb/2.27/jersey-media-jaxb-2.27.jar:/home/user/.m2/repository/javax/validation/validation-api/1.1.0.Final/validation-api-1.1.0.Final.jar:/home/user/.m2/repository/org/glassfish/jersey/media/jersey-media-json-jackson/2.27/jersey-media-json-jackson-2.27.jar:/home/user/.m2/repository/org/glassfish/jersey/ext/jersey-entity-filtering/2.27/jersey-entity-filtering-2.27.jar:/home/user/.m2/repository/com/google/inject/extensions/guice-assistedinject/4.0/guice-assistedinject-4.0.jar:/home/user/.m2/repository/org/jooq/jooq/3.11.10/jooq-3.11.10.jar:/home/user/.m2/repository/org/jooq/jooq-meta/3.11.10/jooq-meta-3.11.10.jar:/home/user/.m2/repository/org/jooq/jooq-codegen/3.11.10/jooq-codegen-3.11.10.jar:/home/user/.m2/repository/com/jolbox/bonecp/0.8.0.RELEASE/bonecp-0.8.0.RELEASE.jar:/home/user/.m2/repository/org/springframework/spring-jdbc/5.1.3.RELEASE/spring-jdbc-5.1.3.RELEASE.jar:/home/user/.m2/repository/org/springframework/spring-beans/5.1.3.RELEASE/spring-beans-5.1.3.RELEASE.jar:/home/user/.m2/repository/org/springframework/spring-core/5.1.3.RELEASE/spring-core-5.1.3.RELEASE.jar:/home/user/.m2/repository/org/springframework/spring-jcl/5.1.3.RELEASE/spring-jcl-5.1.3.RELEASE.jar:/home/user/.m2/repository/org/springframework/spring-tx/5.1.3.RELEASE/spring-tx-5.1.3.RELEASE.jar:/home/user/.m2/repository/org/mockito/mockito-core/2.15.0/mockito-core-2.15.0.jar:/home/user/.m2/repository/net/bytebuddy/byte-buddy/1.7.9/byte-buddy-1.7.9.jar:/home/user/.m2/repository/net/bytebuddy/byte-buddy-agent/1.7.9/byte-buddy-agent-1.7.9.jar:/home/user/.m2/repository/org/objenesis/objenesis/1.0/objenesis-1.0.jar:"/>
    <property name="java.vm.vendor" value="Oracle Corporation"/>
    <property name="sun.arch.data.model" value="64"/>
    <property name="test.build.dir" value="/workdir/hadoop-ozone/tools/target/test-dir"/>
    <property name="test.cache.data" value=""/>
    <property name="java.vendor.url" value="http://java.oracle.com/"/>
    <property name="user.timezone" value=""/>
    <property name="java.vm.specification.version" value="1.8"/>
    <property name="os.name" value="Linux"/>
    <property name="test.build.data" value="/workdir/hadoop-ozone/tools/target/test-dir"/>
    <property name="user.country" value="US"/>
    <property name="sun.java.launcher" value="SUN_STANDARD"/>
    <property name="sun.boot.library.path" value="/usr/lib/jvm/java-1.8.0-openjdk-1.8.0.222.b10-1.el7_7.x86_64/jre/lib/amd64"/>
    <property name="sun.java.command" value="/workdir/hadoop-ozone/tools/target/surefire/surefirebooter5439667473277730031.jar /workdir/hadoop-ozone/tools/target/surefire 2019-11-19T05-44-02_056-jvmRun1 surefire3047103386027808117tmp surefire_987122371630648137605tmp"/>
    <property name="surefire.test.class.path" value="/workdir/hadoop-ozone/tools/target/test-classes:/workdir/hadoop-ozone/tools/target/classes:/home/user/.m2/repository/org/apache/hadoop/hadoop-ozone-ozone-manager/0.5.0-SNAPSHOT/hadoop-ozone-ozone-manager-0.5.0-SNAPSHOT.jar:/home/user/.m2/repository/org/apache/hadoop/hadoop-hdds-docs/0.5.0-SNAPSHOT/hadoop-hdds-docs-0.5.0-SNAPSHOT.jar:/home/user/.m2/repository/org/bouncycastle/bcprov-jdk15on/1.60/bcprov-jdk15on-1.60.jar:/home/user/.m2/repository/org/apache/hadoop/hadoop-ozone-common/0.5.0-SNAPSHOT/hadoop-ozone-common-0.5.0-SNAPSHOT.jar:/home/user/.m2/repository/org/apache/commons/commons-compress/1.4.1/commons-compress-1.4.1.jar:/home/user/.m2/repository/org/tukaani/xz/1.0/xz-1.0.jar:/home/user/.m2/repository/org/apache/hadoop/hadoop-hdfs-client/3.2.0/hadoop-hdfs-client-3.2.0.jar:/home/user/.m2/repository/com/fasterxml/jackson/core/jackson-annotations/2.9.9/jackson-annotations-2.9.9.jar:/home/user/.m2/repository/org/apache/hadoop/hadoop-hdds-common/0.5.0-SNAPSHOT/hadoop-hdds-common-0.5.0-SNAPSHOT.jar:/home/user/.m2/repository/org/apache/hadoop/hadoop-hdds-config/0.5.0-SNAPSHOT/hadoop-hdds-config-0.5.0-SNAPSHOT.jar:/home/user/.m2/repository/javax/annotation/javax.annotation-api/1.2/javax.annotation-api-1.2.jar:/home/user/.m2/repository/org/apache/ratis/ratis-server/0.5.0-d6d58d0-SNAPSHOT/ratis-server-0.5.0-d6d58d0-SNAPSHOT.jar:/home/user/.m2/repository/org/apache/ratis/ratis-thirdparty-misc/0.2.0/ratis-thirdparty-misc-0.2.0.jar:/home/user/.m2/repository/org/apache/ratis/ratis-proto/0.5.0-d6d58d0-SNAPSHOT/ratis-proto-0.5.0-d6d58d0-SNAPSHOT.jar:/home/user/.m2/repository/org/apache/ratis/ratis-common/0.5.0-d6d58d0-SNAPSHOT/ratis-common-0.5.0-d6d58d0-SNAPSHOT.jar:/home/user/.m2/repository/org/apache/ratis/ratis-client/0.5.0-d6d58d0-SNAPSHOT/ratis-client-0.5.0-d6d58d0-SNAPSHOT.jar:/home/user/.m2/repository/org/apache/ratis/ratis-metrics/0.5.0-d6d58d0-SNAPSHOT/ratis-metrics-0.5.0-d6d58d0-SNAPSHOT.jar:/home/user/.m2/repository/org/apache/ratis/ratis-netty/0.5.0-d6d58d0-SNAPSHOT/ratis-netty-0.5.0-d6d58d0-SNAPSHOT.jar:/home/user/.m2/repository/org/apache/ratis/ratis-grpc/0.5.0-d6d58d0-SNAPSHOT/ratis-grpc-0.5.0-d6d58d0-SNAPSHOT.jar:/home/user/.m2/repository/org/rocksdb/rocksdbjni/6.0.1/rocksdbjni-6.0.1.jar:/home/user/.m2/repository/org/apache/logging/log4j/log4j-api/2.11.0/log4j-api-2.11.0.jar:/home/user/.m2/repository/org/apache/logging/log4j/log4j-core/2.11.0/log4j-core-2.11.0.jar:/home/user/.m2/repository/com/lmax/disruptor/3.4.2/disruptor-3.4.2.jar:/home/user/.m2/repository/org/apache/commons/commons-pool2/2.6.0/commons-pool2-2.6.0.jar:/home/user/.m2/repository/org/bouncycastle/bcpkix-jdk15on/1.60/bcpkix-jdk15on-1.60.jar:/home/user/.m2/repository/commons-validator/commons-validator/1.6/commons-validator-1.6.jar:/home/user/.m2/repository/commons-digester/commons-digester/1.8.1/commons-digester-1.8.1.jar:/home/user/.m2/repository/io/jaegertracing/jaeger-client/0.34.0/jaeger-client-0.34.0.jar:/home/user/.m2/repository/io/jaegertracing/jaeger-thrift/0.34.0/jaeger-thrift-0.34.0.jar:/home/user/.m2/repository/org/apache/thrift/libthrift/0.12.0/libthrift-0.12.0.jar:/home/user/.m2/repository/com/squareup/okhttp3/okhttp/3.9.0/okhttp-3.9.0.jar:/home/user/.m2/repository/com/squareup/okio/okio/1.13.0/okio-1.13.0.jar:/home/user/.m2/repository/io/jaegertracing/jaeger-core/0.34.0/jaeger-core-0.34.0.jar:/home/user/.m2/repository/io/jaegertracing/jaeger-tracerresolver/0.34.0/jaeger-tracerresolver-0.34.0.jar:/home/user/.m2/repository/io/opentracing/contrib/opentracing-tracerresolver/0.1.5/opentracing-tracerresolver-0.1.5.jar:/home/user/.m2/repository/io/opentracing/opentracing-util/0.31.0/opentracing-util-0.31.0.jar:/home/user/.m2/repository/io/opentracing/opentracing-api/0.31.0/opentracing-api-0.31.0.jar:/home/user/.m2/repository/io/opentracing/opentracing-noop/0.31.0/opentracing-noop-0.31.0.jar:/home/user/.m2/repository/org/yaml/snakeyaml/1.16/snakeyaml-1.16.jar:/home/user/.m2/repository/org/apache/hadoop/hadoop-hdds-container-service/0.5.0-SNAPSHOT/hadoop-hdds-container-service-0.5.0-SNAPSHOT.jar:/home/user/.m2/repository/org/apache/hadoop/hadoop-hdds-client/0.5.0-SNAPSHOT/hadoop-hdds-client-0.5.0-SNAPSHOT.jar:/home/user/.m2/repository/org/apache/hadoop/hadoop-hdds-tools/0.5.0-SNAPSHOT/hadoop-hdds-tools-0.5.0-SNAPSHOT.jar:/home/user/.m2/repository/org/xerial/sqlite-jdbc/3.25.2/sqlite-jdbc-3.25.2.jar:/home/user/.m2/repository/org/apache/hadoop/hadoop-hdds-server-scm/0.5.0-SNAPSHOT/hadoop-hdds-server-scm-0.5.0-SNAPSHOT.jar:/home/user/.m2/repository/org/hamcrest/hamcrest-all/1.3/hamcrest-all-1.3.jar:/home/user/.m2/repository/info/picocli/picocli/3.9.6/picocli-3.9.6.jar:/home/user/.m2/repository/com/google/protobuf/protobuf-java/2.5.0/protobuf-java-2.5.0.jar:/home/user/.m2/repository/com/google/guava/guava/11.0.2/guava-11.0.2.jar:/home/user/.m2/repository/org/apache/hadoop/hadoop-ozone-client/0.5.0-SNAPSHOT/hadoop-ozone-client-0.5.0-SNAPSHOT.jar:/workdir/hadoop-ozone/ozonefs/target/classes:/home/user/.m2/repository/org/apache/httpcomponents/httpclient/4.5.2/httpclient-4.5.2.jar:/home/user/.m2/repository/org/apache/httpcomponents/httpcore/4.4.4/httpcore-4.4.4.jar:/home/user/.m2/repository/org/apache/hadoop/hadoop-hdds-server-framework/0.5.0-SNAPSHOT/hadoop-hdds-server-framework-0.5.0-SNAPSHOT.jar:/home/user/.m2/repository/org/apache/hadoop/hadoop-common/3.2.0/hadoop-common-3.2.0.jar:/home/user/.m2/repository/org/apache/hadoop/hadoop-annotations/3.2.0/hadoop-annotations-3.2.0.jar:/usr/lib/jvm/java-1.8.0-openjdk-1.8.0.222.b10-1.el7_7.x86_64/jre/../lib/tools.jar:/home/user/.m2/repository/commons-cli/commons-cli/1.2/commons-cli-1.2.jar:/home/user/.m2/repository/org/apache/commons/commons-math3/3.1.1/commons-math3-3.1.1.jar:/home/user/.m2/repository/commons-codec/commons-codec/1.11/commons-codec-1.11.jar:/home/user/.m2/repository/commons-io/commons-io/2.5/commons-io-2.5.jar:/home/user/.m2/repository/commons-net/commons-net/3.6/commons-net-3.6.jar:/home/user/.m2/repository/commons-collections/commons-collections/3.2.2/commons-collections-3.2.2.jar:/home/user/.m2/repository/javax/servlet/javax.servlet-api/3.1.0/javax.servlet-api-3.1.0.jar:/home/user/.m2/repository/org/eclipse/jetty/jetty-server/9.3.25.v20180904/jetty-server-9.3.25.v20180904.jar:/home/user/.m2/repository/org/eclipse/jetty/jetty-http/9.3.25.v20180904/jetty-http-9.3.25.v20180904.jar:/home/user/.m2/repository/org/eclipse/jetty/jetty-io/9.3.25.v20180904/jetty-io-9.3.25.v20180904.jar:/home/user/.m2/repository/org/eclipse/jetty/jetty-util/9.3.25.v20180904/jetty-util-9.3.25.v20180904.jar:/home/user/.m2/repository/org/eclipse/jetty/jetty-servlet/9.3.25.v20180904/jetty-servlet-9.3.25.v20180904.jar:/home/user/.m2/repository/org/eclipse/jetty/jetty-security/9.3.25.v20180904/jetty-security-9.3.25.v20180904.jar:/home/user/.m2/repository/org/eclipse/jetty/jetty-webapp/9.3.25.v20180904/jetty-webapp-9.3.25.v20180904.jar:/home/user/.m2/repository/org/eclipse/jetty/jetty-xml/9.3.25.v20180904/jetty-xml-9.3.25.v20180904.jar:/home/user/.m2/repository/javax/servlet/jsp/jsp-api/2.1/jsp-api-2.1.jar:/home/user/.m2/repository/com/sun/jersey/jersey-core/1.19/jersey-core-1.19.jar:/home/user/.m2/repository/javax/ws/rs/jsr311-api/1.1.1/jsr311-api-1.1.1.jar:/home/user/.m2/repository/com/sun/jersey/jersey-servlet/1.19/jersey-servlet-1.19.jar:/home/user/.m2/repository/com/sun/jersey/jersey-json/1.19/jersey-json-1.19.jar:/home/user/.m2/repository/org/codehaus/jettison/jettison/1.1/jettison-1.1.jar:/home/user/.m2/repository/com/sun/xml/bind/jaxb-impl/2.3.0.1/jaxb-impl-2.3.0.1.jar:/home/user/.m2/repository/org/codehaus/jackson/jackson-core-asl/1.9.13/jackson-core-asl-1.9.13.jar:/home/user/.m2/repository/org/codehaus/jackson/jackson-mapper-asl/1.9.13/jackson-mapper-asl-1.9.13.jar:/home/user/.m2/repository/org/codehaus/jackson/jackson-jaxrs/1.9.13/jackson-jaxrs-1.9.13.jar:/home/user/.m2/repository/org/codehaus/jackson/jackson-xc/1.9.13/jackson-xc-1.9.13.jar:/home/user/.m2/repository/com/sun/jersey/jersey-server/1.19/jersey-server-1.19.jar:/home/user/.m2/repository/commons-logging/commons-logging/1.1.3/commons-logging-1.1.3.jar:/home/user/.m2/repository/log4j/log4j/1.2.17/log4j-1.2.17.jar:/home/user/.m2/repository/commons-beanutils/commons-beanutils/1.9.4/commons-beanutils-1.9.4.jar:/home/user/.m2/repository/org/apache/commons/commons-configuration2/2.1.1/commons-configuration2-2.1.1.jar:/home/user/.m2/repository/org/apache/commons/commons-lang3/3.7/commons-lang3-3.7.jar:/home/user/.m2/repository/org/apache/commons/commons-text/1.4/commons-text-1.4.jar:/home/user/.m2/repository/org/slf4j/slf4j-api/1.7.25/slf4j-api-1.7.25.jar:/home/user/.m2/repository/org/slf4j/slf4j-log4j12/1.7.25/slf4j-log4j12-1.7.25.jar:/home/user/.m2/repository/org/apache/avro/avro/1.7.7/avro-1.7.7.jar:/home/user/.m2/repository/com/thoughtworks/paranamer/paranamer/2.3/paranamer-2.3.jar:/home/user/.m2/repository/org/xerial/snappy/snappy-java/1.0.5/snappy-java-1.0.5.jar:/home/user/.m2/repository/com/google/re2j/re2j/1.1/re2j-1.1.jar:/home/user/.m2/repository/com/google/code/gson/gson/2.2.4/gson-2.2.4.jar:/home/user/.m2/repository/org/apache/hadoop/hadoop-auth/3.2.0/hadoop-auth-3.2.0.jar:/home/user/.m2/repository/com/nimbusds/nimbus-jose-jwt/4.41.1/nimbus-jose-jwt-4.41.1.jar:/home/user/.m2/repository/com/github/stephenc/jcip/jcip-annotations/1.0-1/jcip-annotations-1.0-1.jar:/home/user/.m2/repository/net/minidev/json-smart/2.3/json-smart-2.3.jar:/home/user/.m2/repository/net/minidev/accessors-smart/1.2/accessors-smart-1.2.jar:/home/user/.m2/repository/org/apache/curator/curator-framework/2.12.0/curator-framework-2.12.0.jar:/home/user/.m2/repository/com/jcraft/jsch/0.1.54/jsch-0.1.54.jar:/home/user/.m2/repository/org/apache/curator/curator-client/2.12.0/curator-client-2.12.0.jar:/home/user/.m2/repository/org/apache/curator/curator-recipes/2.12.0/curator-recipes-2.12.0.jar:/home/user/.m2/repository/com/google/code/findbugs/jsr305/3.0.0/jsr305-3.0.0.jar:/home/user/.m2/repository/org/apache/htrace/htrace-core4/4.1.0-incubating/htrace-core4-4.1.0-incubating.jar:/home/user/.m2/repository/org/apache/zookeeper/zookeeper/3.4.13/zookeeper-3.4.13.jar:/home/user/.m2/repository/jline/jline/0.9.94/jline-0.9.94.jar:/home/user/.m2/repository/org/apache/yetus/audience-annotations/0.5.0/audience-annotations-0.5.0.jar:/home/user/.m2/repository/org/apache/kerby/kerb-simplekdc/1.0.1/kerb-simplekdc-1.0.1.jar:/home/user/.m2/repository/org/apache/kerby/kerb-client/1.0.1/kerb-client-1.0.1.jar:/home/user/.m2/repository/org/apache/kerby/kerby-config/1.0.1/kerby-config-1.0.1.jar:/home/user/.m2/repository/org/apache/kerby/kerb-core/1.0.1/kerb-core-1.0.1.jar:/home/user/.m2/repository/org/apache/kerby/kerby-pkix/1.0.1/kerby-pkix-1.0.1.jar:/home/user/.m2/repository/org/apache/kerby/kerby-asn1/1.0.1/kerby-asn1-1.0.1.jar:/home/user/.m2/repository/org/apache/kerby/kerby-util/1.0.1/kerby-util-1.0.1.jar:/home/user/.m2/repository/org/apache/kerby/kerb-common/1.0.1/kerb-common-1.0.1.jar:/home/user/.m2/repository/org/apache/kerby/kerb-crypto/1.0.1/kerb-crypto-1.0.1.jar:/home/user/.m2/repository/org/apache/kerby/kerb-util/1.0.1/kerb-util-1.0.1.jar:/home/user/.m2/repository/org/apache/kerby/token-provider/1.0.1/token-provider-1.0.1.jar:/home/user/.m2/repository/org/apache/kerby/kerb-admin/1.0.1/kerb-admin-1.0.1.jar:/home/user/.m2/repository/org/apache/kerby/kerb-server/1.0.1/kerb-server-1.0.1.jar:/home/user/.m2/repository/org/apache/kerby/kerb-identity/1.0.1/kerb-identity-1.0.1.jar:/home/user/.m2/repository/org/apache/kerby/kerby-xdr/1.0.1/kerby-xdr-1.0.1.jar:/home/user/.m2/repository/com/fasterxml/jackson/core/jackson-databind/2.9.9/jackson-databind-2.9.9.jar:/home/user/.m2/repository/com/fasterxml/jackson/core/jackson-core/2.9.9/jackson-core-2.9.9.jar:/home/user/.m2/repository/org/codehaus/woodstox/stax2-api/3.1.4/stax2-api-3.1.4.jar:/home/user/.m2/repository/com/fasterxml/woodstox/woodstox-core/5.0.3/woodstox-core-5.0.3.jar:/home/user/.m2/repository/dnsjava/dnsjava/2.1.7/dnsjava-2.1.7.jar:/home/user/.m2/repository/org/apache/hadoop/hadoop-hdfs/3.2.0/hadoop-hdfs-3.2.0.jar:/home/user/.m2/repository/org/eclipse/jetty/jetty-util-ajax/9.3.25.v20180904/jetty-util-ajax-9.3.25.v20180904.jar:/home/user/.m2/repository/commons-daemon/commons-daemon/1.0.13/commons-daemon-1.0.13.jar:/home/user/.m2/repository/io/netty/netty/3.10.5.Final/netty-3.10.5.Final.jar:/home/user/.m2/repository/io/netty/netty-all/4.0.52.Final/netty-all-4.0.52.Final.jar:/home/user/.m2/repository/org/fusesource/leveldbjni/leveldbjni-all/1.8/leveldbjni-all-1.8.jar:/home/user/.m2/repository/com/sun/xml/bind/jaxb-core/2.3.0.1/jaxb-core-2.3.0.1.jar:/home/user/.m2/repository/javax/xml/bind/jaxb-api/2.3.0/jaxb-api-2.3.0.jar:/home/user/.m2/repository/javax/activation/activation/1.1.1/activation-1.1.1.jar:/home/user/.m2/repository/org/openjdk/jmh/jmh-core/1.19/jmh-core-1.19.jar:/home/user/.m2/repository/net/sf/jopt-simple/jopt-simple/4.6/jopt-simple-4.6.jar:/home/user/.m2/repository/org/openjdk/jmh/jmh-generator-annprocess/1.19/jmh-generator-annprocess-1.19.jar:/home/user/.m2/repository/io/dropwizard/metrics/metrics-core/3.2.4/metrics-core-3.2.4.jar:/home/user/.m2/repository/com/amazonaws/aws-java-sdk-s3/1.11.615/aws-java-sdk-s3-1.11.615.jar:/home/user/.m2/repository/com/amazonaws/aws-java-sdk-kms/1.11.615/aws-java-sdk-kms-1.11.615.jar:/home/user/.m2/repository/com/amazonaws/aws-java-sdk-core/1.11.615/aws-java-sdk-core-1.11.615.jar:/home/user/.m2/repository/software/amazon/ion/ion-java/1.0.2/ion-java-1.0.2.jar:/home/user/.m2/repository/com/fasterxml/jackson/dataformat/jackson-dataformat-cbor/2.9.9/jackson-dataformat-cbor-2.9.9.jar:/home/user/.m2/repository/joda-time/joda-time/2.9.9/joda-time-2.9.9.jar:/home/user/.m2/repository/com/amazonaws/jmespath-java/1.11.615/jmespath-java-1.11.615.jar:/home/user/.m2/repository/com/github/spotbugs/spotbugs/3.1.12/spotbugs-3.1.12.jar:/home/user/.m2/repository/org/ow2/asm/asm/5.0.4/asm-5.0.4.jar:/home/user/.m2/repository/org/ow2/asm/asm-analysis/7.0/asm-analysis-7.0.jar:/home/user/.m2/repository/org/ow2/asm/asm-commons/7.0/asm-commons-7.0.jar:/home/user/.m2/repository/org/ow2/asm/asm-tree/7.0/asm-tree-7.0.jar:/home/user/.m2/repository/org/ow2/asm/asm-util/7.0/asm-util-7.0.jar:/home/user/.m2/repository/org/apache/bcel/bcel/6.3/bcel-6.3.jar:/home/user/.m2/repository/net/jcip/jcip-annotations/1.0/jcip-annotations-1.0.jar:/home/user/.m2/repository/org/dom4j/dom4j/2.1.1/dom4j-2.1.1.jar:/home/user/.m2/repository/jaxen/jaxen/1.1.6/jaxen-1.1.6.jar:/home/user/.m2/repository/commons-lang/commons-lang/2.6/commons-lang-2.6.jar:/home/user/.m2/repository/com/github/spotbugs/spotbugs-annotations/3.1.12/spotbugs-annotations-3.1.12.jar:/home/user/.m2/repository/junit/junit/4.11/junit-4.11.jar:/home/user/.m2/repository/org/hamcrest/hamcrest-core/1.3/hamcrest-core-1.3.jar:/home/user/.m2/repository/org/apache/hadoop/hadoop-common/3.2.0/hadoop-common-3.2.0-tests.jar:/workdir/hadoop-ozone/integration-test/target/test-classes:/home/user/.m2/repository/org/apache/hadoop/hadoop-ozone-s3gateway/0.5.0-SNAPSHOT/hadoop-ozone-s3gateway-0.5.0-SNAPSHOT.jar:/home/user/.m2/repository/org/jboss/weld/servlet/weld-servlet/2.4.7.Final/weld-servlet-2.4.7.Final.jar:/home/user/.m2/repository/org/glassfish/jersey/containers/jersey-container-servlet-core/2.27/jersey-container-servlet-core-2.27.jar:/home/user/.m2/repository/org/glassfish/hk2/external/javax.inject/2.5.0-b42/javax.inject-2.5.0-b42.jar:/home/user/.m2/repository/org/glassfish/jersey/core/jersey-common/2.27/jersey-common-2.27.jar:/home/user/.m2/repository/org/glassfish/hk2/osgi-resource-locator/1.0.1/osgi-resource-locator-1.0.1.jar:/home/user/.m2/repository/javax/ws/rs/javax.ws.rs-api/2.1/javax.ws.rs-api-2.1.jar:/home/user/.m2/repository/org/glassfish/jersey/ext/cdi/jersey-cdi1x/2.27/jersey-cdi1x-2.27.jar:/home/user/.m2/repository/org/glassfish/jersey/inject/jersey-hk2/2.27/jersey-hk2-2.27.jar:/home/user/.m2/repository/org/glassfish/hk2/hk2-locator/2.5.0-b42/hk2-locator-2.5.0-b42.jar:/home/user/.m2/repository/org/javassist/javassist/3.22.0-CR2/javassist-3.22.0-CR2.jar:/home/user/.m2/repository/org/glassfish/hk2/hk2-api/2.5.0/hk2-api-2.5.0.jar:/home/user/.m2/repository/org/glassfish/hk2/external/jakarta.inject/2.5.0/jakarta.inject-2.5.0.jar:/home/user/.m2/repository/org/glassfish/hk2/hk2-utils/2.5.0/hk2-utils-2.5.0.jar:/home/user/.m2/repository/jakarta/annotation/jakarta.annotation-api/1.3.4/jakarta.annotation-api-1.3.4.jar:/home/user/.m2/repository/org/glassfish/hk2/external/aopalliance-repackaged/2.5.0/aopalliance-repackaged-2.5.0.jar:/home/user/.m2/repository/com/fasterxml/jackson/dataformat/jackson-dataformat-xml/2.9.0/jackson-dataformat-xml-2.9.0.jar:/home/user/.m2/repository/com/fasterxml/jackson/module/jackson-module-jaxb-annotations/2.9.9/jackson-module-jaxb-annotations-2.9.9.jar:/home/user/.m2/repository/javax/enterprise/cdi-api/1.2/cdi-api-1.2.jar:/home/user/.m2/repository/javax/el/javax.el-api/3.0.0/javax.el-api-3.0.0.jar:/home/user/.m2/repository/javax/interceptor/javax.interceptor-api/1.2/javax.interceptor-api-1.2.jar:/home/user/.m2/repository/javax/inject/javax.inject/1/javax.inject-1.jar:/home/user/.m2/repository/org/apache/hadoop/hadoop-ozone-csi/0.5.0-SNAPSHOT/hadoop-ozone-csi-0.5.0-SNAPSHOT.jar:/home/user/.m2/repository/com/google/protobuf/protobuf-java-util/3.5.1/protobuf-java-util-3.5.1.jar:/home/user/.m2/repository/io/grpc/grpc-netty/1.17.1/grpc-netty-1.17.1.jar:/home/user/.m2/repository/io/grpc/grpc-core/1.17.1/grpc-core-1.17.1.jar:/home/user/.m2/repository/io/grpc/grpc-context/1.17.1/grpc-context-1.17.1.jar:/home/user/.m2/repository/com/google/errorprone/error_prone_annotations/2.2.0/error_prone_annotations-2.2.0.jar:/home/user/.m2/repository/org/codehaus/mojo/animal-sniffer-annotations/1.17/animal-sniffer-annotations-1.17.jar:/home/user/.m2/repository/io/opencensus/opencensus-api/0.17.0/opencensus-api-0.17.0.jar:/home/user/.m2/repository/io/opencensus/opencensus-contrib-grpc-metrics/0.17.0/opencensus-contrib-grpc-metrics-0.17.0.jar:/home/user/.m2/repository/io/netty/netty-codec-http2/4.1.30.Final/netty-codec-http2-4.1.30.Final.jar:/home/user/.m2/repository/io/netty/netty-codec-http/4.1.30.Final/netty-codec-http-4.1.30.Final.jar:/home/user/.m2/repository/io/netty/netty-codec/4.1.30.Final/netty-codec-4.1.30.Final.jar:/home/user/.m2/repository/io/netty/netty-handler/4.1.30.Final/netty-handler-4.1.30.Final.jar:/home/user/.m2/repository/io/netty/netty-handler-proxy/4.1.30.Final/netty-handler-proxy-4.1.30.Final.jar:/home/user/.m2/repository/io/netty/netty-codec-socks/4.1.30.Final/netty-codec-socks-4.1.30.Final.jar:/home/user/.m2/repository/io/netty/netty-transport-native-epoll/4.1.30.Final/netty-transport-native-epoll-4.1.30.Final.jar:/home/user/.m2/repository/io/netty/netty-common/4.1.30.Final/netty-common-4.1.30.Final.jar:/home/user/.m2/repository/io/netty/netty-buffer/4.1.30.Final/netty-buffer-4.1.30.Final.jar:/home/user/.m2/repository/io/netty/netty-transport/4.1.30.Final/netty-transport-4.1.30.Final.jar:/home/user/.m2/repository/io/netty/netty-resolver/4.1.30.Final/netty-resolver-4.1.30.Final.jar:/home/user/.m2/repository/io/netty/netty-transport-native-unix-common/4.1.30.Final/netty-transport-native-unix-common-4.1.30.Final.jar:/home/user/.m2/repository/io/grpc/grpc-protobuf/1.17.1/grpc-protobuf-1.17.1.jar:/home/user/.m2/repository/com/google/api/grpc/proto-google-common-protos/1.0.0/proto-google-common-protos-1.0.0.jar:/home/user/.m2/repository/io/grpc/grpc-protobuf-lite/1.17.1/grpc-protobuf-lite-1.17.1.jar:/home/user/.m2/repository/io/grpc/grpc-stub/1.17.1/grpc-stub-1.17.1.jar:/home/user/.m2/repository/org/apache/hadoop/hadoop-ozone-recon/0.5.0-SNAPSHOT/hadoop-ozone-recon-0.5.0-SNAPSHOT.jar:/home/user/.m2/repository/org/apache/hadoop/hadoop-ozone-reconcodegen/0.5.0-SNAPSHOT/hadoop-ozone-reconcodegen-0.5.0-SNAPSHOT.jar:/home/user/.m2/repository/com/google/inject/extensions/guice-multibindings/4.0/guice-multibindings-4.0.jar:/home/user/.m2/repository/com/google/inject/guice/4.0/guice-4.0.jar:/home/user/.m2/repository/aopalliance/aopalliance/1.0/aopalliance-1.0.jar:/home/user/.m2/repository/com/google/inject/extensions/guice-servlet/4.0/guice-servlet-4.0.jar:/home/user/.m2/repository/org/glassfish/jersey/containers/jersey-container-servlet/2.27/jersey-container-servlet-2.27.jar:/home/user/.m2/repository/org/glassfish/hk2/guice-bridge/2.5.0/guice-bridge-2.5.0.jar:/home/user/.m2/repository/org/glassfish/jersey/core/jersey-server/2.27/jersey-server-2.27.jar:/home/user/.m2/repository/org/glassfish/jersey/core/jersey-client/2.27/jersey-client-2.27.jar:/home/user/.m2/repository/org/glassfish/jersey/media/jersey-media-jaxb/2.27/jersey-media-jaxb-2.27.jar:/home/user/.m2/repository/javax/validation/validation-api/1.1.0.Final/validation-api-1.1.0.Final.jar:/home/user/.m2/repository/org/glassfish/jersey/media/jersey-media-json-jackson/2.27/jersey-media-json-jackson-2.27.jar:/home/user/.m2/repository/org/glassfish/jersey/ext/jersey-entity-filtering/2.27/jersey-entity-filtering-2.27.jar:/home/user/.m2/repository/com/google/inject/extensions/guice-assistedinject/4.0/guice-assistedinject-4.0.jar:/home/user/.m2/repository/org/jooq/jooq/3.11.10/jooq-3.11.10.jar:/home/user/.m2/repository/org/jooq/jooq-meta/3.11.10/jooq-meta-3.11.10.jar:/home/user/.m2/repository/org/jooq/jooq-codegen/3.11.10/jooq-codegen-3.11.10.jar:/home/user/.m2/repository/com/jolbox/bonecp/0.8.0.RELEASE/bonecp-0.8.0.RELEASE.jar:/home/user/.m2/repository/org/springframework/spring-jdbc/5.1.3.RELEASE/spring-jdbc-5.1.3.RELEASE.jar:/home/user/.m2/repository/org/springframework/spring-beans/5.1.3.RELEASE/spring-beans-5.1.3.RELEASE.jar:/home/user/.m2/repository/org/springframework/spring-core/5.1.3.RELEASE/spring-core-5.1.3.RELEASE.jar:/home/user/.m2/repository/org/springframework/spring-jcl/5.1.3.RELEASE/spring-jcl-5.1.3.RELEASE.jar:/home/user/.m2/repository/org/springframework/spring-tx/5.1.3.RELEASE/spring-tx-5.1.3.RELEASE.jar:/home/user/.m2/repository/org/mockito/mockito-core/2.15.0/mockito-core-2.15.0.jar:/home/user/.m2/repository/net/bytebuddy/byte-buddy/1.7.9/byte-buddy-1.7.9.jar:/home/user/.m2/repository/net/bytebuddy/byte-buddy-agent/1.7.9/byte-buddy-agent-1.7.9.jar:/home/user/.m2/repository/org/objenesis/objenesis/1.0/objenesis-1.0.jar:"/>
    <property name="sun.cpu.endian" value="little"/>
    <property name="user.home" value="/home/user"/>
    <property name="user.language" value="en"/>
    <property name="java.specification.vendor" value="Oracle Corporation"/>
    <property name="java.home" value="/usr/lib/jvm/java-1.8.0-openjdk-1.8.0.222.b10-1.el7_7.x86_64/jre"/>
    <property name="surefire.excludesFile" value="/tools/ozone-bad-unit-tests"/>
    <property name="java.security.krb5.conf" value="/workdir/hadoop-ozone/tools/target/test-classes/krb5.conf"/>
    <property name="basedir" value="/workdir/hadoop-ozone/tools"/>
    <property name="file.separator" value="/"/>
    <property name="line.separator" value="&#10;"/>
    <property name="java.vm.specification.vendor" value="Oracle Corporation"/>
    <property name="java.specification.name" value="Java Platform API Specification"/>
    <property name="java.awt.graphicsenv" value="sun.awt.X11GraphicsEnvironment"/>
    <property name="surefire.real.class.path" value="/workdir/hadoop-ozone/tools/target/surefire/surefirebooter5439667473277730031.jar"/>
    <property name="hadoop.log.dir" value="/workdir/hadoop-ozone/tools/target/log"/>
    <property name="sun.boot.class.path" value="/usr/lib/jvm/java-1.8.0-openjdk-1.8.0.222.b10-1.el7_7.x86_64/jre/lib/resources.jar:/usr/lib/jvm/java-1.8.0-openjdk-1.8.0.222.b10-1.el7_7.x86_64/jre/lib/rt.jar:/usr/lib/jvm/java-1.8.0-openjdk-1.8.0.222.b10-1.el7_7.x86_64/jre/lib/sunrsasign.jar:/usr/lib/jvm/java-1.8.0-openjdk-1.8.0.222.b10-1.el7_7.x86_64/jre/lib/jsse.jar:/usr/lib/jvm/java-1.8.0-openjdk-1.8.0.222.b10-1.el7_7.x86_64/jre/lib/jce.jar:/usr/lib/jvm/java-1.8.0-openjdk-1.8.0.222.b10-1.el7_7.x86_64/jre/lib/charsets.jar:/usr/lib/jvm/java-1.8.0-openjdk-1.8.0.222.b10-1.el7_7.x86_64/jre/lib/jfr.jar:/usr/lib/jvm/java-1.8.0-openjdk-1.8.0.222.b10-1.el7_7.x86_64/jre/classes"/>
    <property name="sun.management.compiler" value="HotSpot 64-Bit Tiered Compilers"/>
    <property name="java.runtime.version" value="1.8.0_222-b10"/>
    <property name="java.net.preferIPv4Stack" value="true"/>
    <property name="user.name" value="jenkins1000"/>
    <property name="path.separator" value=":"/>
    <property name="java.security.egd" value="file:///dev/urandom"/>
    <property name="os.version" value="3.10.0-957.12.2.el7.x86_64"/>
    <property name="java.endorsed.dirs" value="/usr/lib/jvm/java-1.8.0-openjdk-1.8.0.222.b10-1.el7_7.x86_64/jre/lib/endorsed"/>
    <property name="java.runtime.name" value="OpenJDK Runtime Environment"/>
    <property name="file.encoding" value="ANSI_X3.4-1968"/>
    <property name="java.vm.name" value="OpenJDK 64-Bit Server VM"/>
    <property name="test.build.webapps" value=""/>
    <property name="localRepository" value="/home/user/.m2/repository"/>
    <property name="java.vendor.url.bug" value="http://bugreport.sun.com/bugreport/"/>
    <property name="java.io.tmpdir" value="/tmp"/>
    <property name="require.test.libhadoop" value=""/>
    <property name="java.version" value="1.8.0_222"/>
    <property name="user.dir" value="/workdir/hadoop-ozone/tools"/>
    <property name="os.arch" value="amd64"/>
    <property name="java.vm.specification.name" value="Java Virtual Machine Specification"/>
    <property name="test.build.classes" value="/workdir/hadoop-ozone/tools/target/test-classes"/>
    <property name="java.awt.printerjob" value="sun.print.PSPrinterJob"/>
    <property name="sun.os.patch.level" value="unknown"/>
    <property name="hadoop.tmp.dir" value="/workdir/hadoop-ozone/tools/target/tmp"/>
    <property name="java.library.path" value="/usr/lib:/workdir/hadoop-ozone/tools/target/native/target/usr/local/lib:/workdir/hadoop-ozone/tools/../../hadoop-common-project/hadoop-common/target/native/target/usr/local/lib:/usr/java/packages/lib/amd64:/usr/lib64:/lib64:/lib:/usr/lib"/>
    <property name="java.vm.info" value="mixed mode"/>
    <property name="java.vendor" value="Oracle Corporation"/>
    <property name="java.vm.version" value="25.222-b10"/>
    <property name="java.ext.dirs" value="/usr/lib/jvm/java-1.8.0-openjdk-1.8.0.222.b10-1.el7_7.x86_64/jre/lib/ext:/usr/java/packages/lib/ext"/>
    <property name="sun.io.unicode.encoding" value="UnicodeLittle"/>
    <property name="java.class.version" value="52.0"/>
  </properties>
  <testcase name="testRestart" classname="org.apache.hadoop.ozone.freon.TestFreonWithPipelineDestroy" time="19.214">
    <error message="INTERNAL_ERROR org.apache.hadoop.ozone.om.exceptions.OMException: Allocated 0 blocks. Requested 5 blocks" type="java.lang.RuntimeException">java.lang.RuntimeException: INTERNAL_ERROR org.apache.hadoop.ozone.om.exceptions.OMException: Allocated 0 blocks. Requested 5 blocks
	at org.apache.hadoop.ozone.freon.RandomKeyGenerator.call(RandomKeyGenerator.java:341)
	at org.apache.hadoop.ozone.freon.TestFreonWithPipelineDestroy.startFreon(TestFreonWithPipelineDestroy.java:87)
	at org.apache.hadoop.ozone.freon.TestFreonWithPipelineDestroy.testRestart(TestFreonWithPipelineDestroy.java:74)
	at sun.reflect.NativeMethodAccessorImpl.invoke0(Native Method)
	at sun.reflect.NativeMethodAccessorImpl.invoke(NativeMethodAccessorImpl.java:62)
	at sun.reflect.DelegatingMethodAccessorImpl.invoke(DelegatingMethodAccessorImpl.java:43)
	at java.lang.reflect.Method.invoke(Method.java:498)
	at org.junit.runners.model.FrameworkMethod$1.runReflectiveCall(FrameworkMethod.java:47)
	at org.junit.internal.runners.model.ReflectiveCallable.run(ReflectiveCallable.java:12)
	at org.junit.runners.model.FrameworkMethod.invokeExplosively(FrameworkMethod.java:44)
	at org.junit.internal.runners.statements.InvokeMethod.evaluate(InvokeMethod.java:17)
	at org.junit.runners.ParentRunner.runLeaf(ParentRunner.java:271)
	at org.junit.runners.BlockJUnit4ClassRunner.runChild(BlockJUnit4ClassRunner.java:70)
	at org.junit.runners.BlockJUnit4ClassRunner.runChild(BlockJUnit4ClassRunner.java:50)
	at org.junit.runners.ParentRunner$3.run(ParentRunner.java:238)
	at org.junit.runners.ParentRunner$1.schedule(ParentRunner.java:63)
	at org.junit.runners.ParentRunner.runChildren(ParentRunner.java:236)
	at org.junit.runners.ParentRunner.access$000(ParentRunner.java:53)
	at org.junit.runners.ParentRunner$2.evaluate(ParentRunner.java:229)
	at org.junit.internal.runners.statements.RunBefores.evaluate(RunBefores.java:26)
	at org.junit.internal.runners.statements.RunAfters.evaluate(RunAfters.java:27)
	at org.junit.runners.ParentRunner.run(ParentRunner.java:309)
	at org.apache.maven.surefire.junit4.JUnit4Provider.execute(JUnit4Provider.java:365)
	at org.apache.maven.surefire.junit4.JUnit4Provider.executeWithRerun(JUnit4Provider.java:273)
	at org.apache.maven.surefire.junit4.JUnit4Provider.executeTestSet(JUnit4Provider.java:238)
	at org.apache.maven.surefire.junit4.JUnit4Provider.invoke(JUnit4Provider.java:159)
	at org.apache.maven.surefire.booter.ForkedBooter.invokeProviderInSameClassLoader(ForkedBooter.java:384)
	at org.apache.maven.surefire.booter.ForkedBooter.runSuitesInProcess(ForkedBooter.java:345)
	at org.apache.maven.surefire.booter.ForkedBooter.execute(ForkedBooter.java:126)
	at org.apache.maven.surefire.booter.ForkedBooter.main(ForkedBooter.java:418)
Caused by: INTERNAL_ERROR org.apache.hadoop.ozone.om.exceptions.OMException: Allocated 0 blocks. Requested 5 blocks
	at org.apache.hadoop.ozone.om.protocolPB.OzoneManagerProtocolClientSideTranslatorPB.handleError(OzoneManagerProtocolClientSideTranslatorPB.java:761)
	at org.apache.hadoop.ozone.om.protocolPB.OzoneManagerProtocolClientSideTranslatorPB.openKey(OzoneManagerProtocolClientSideTranslatorPB.java:752)
	at sun.reflect.NativeMethodAccessorImpl.invoke0(Native Method)
	at sun.reflect.NativeMethodAccessorImpl.invoke(NativeMethodAccessorImpl.java:62)
	at sun.reflect.DelegatingMethodAccessorImpl.invoke(DelegatingMethodAccessorImpl.java:43)
	at java.lang.reflect.Method.invoke(Method.java:498)
	at org.apache.hadoop.hdds.tracing.TraceAllMethod.invoke(TraceAllMethod.java:66)
	at com.sun.proxy.$Proxy37.openKey(Unknown Source)
	at org.apache.hadoop.ozone.client.rpc.RpcClient.createKey(RpcClient.java:633)
	at org.apache.hadoop.ozone.client.OzoneBucket.createKey(OzoneBucket.java:325)
	at org.apache.hadoop.ozone.freon.RandomKeyGenerator.createKey(RandomKeyGenerator.java:697)
	at org.apache.hadoop.ozone.freon.RandomKeyGenerator.access$1100(RandomKeyGenerator.java:88)
	at org.apache.hadoop.ozone.freon.RandomKeyGenerator$ObjectCreator.run(RandomKeyGenerator.java:615)
	at java.util.concurrent.Executors$RunnableAdapter.call(Executors.java:511)
	at java.util.concurrent.FutureTask.run(FutureTask.java:266)
	at java.util.concurrent.ThreadPoolExecutor.runWorker(ThreadPoolExecutor.java:1149)
	at java.util.concurrent.ThreadPoolExecutor$Worker.run(ThreadPoolExecutor.java:624)
	at java.lang.Thread.run(Thread.java:748)
</error>
    <system-out><![CDATA[2019-11-19 07:31:40,319 [main] WARN  server.ServerUtils (ServerUtils.java:getScmDbDir(145)) - ozone.scm.db.dirs is not configured. We recommend adding this setting. Falling back to ozone.metadata.dirs instead.
2019-11-19 07:31:40,441 [main] WARN  server.ServerUtils (ServerUtils.java:getScmDbDir(145)) - ozone.scm.db.dirs is not configured. We recommend adding this setting. Falling back to ozone.metadata.dirs instead.
2019-11-19 07:31:40,444 [main] WARN  server.ServerUtils (ServerUtils.java:getScmDbDir(145)) - ozone.scm.db.dirs is not configured. We recommend adding this setting. Falling back to ozone.metadata.dirs instead.
2019-11-19 07:31:40,470 [main] INFO  util.log (Log.java:initialized(192)) - Logging initialized @864ms
2019-11-19 07:31:40,563 [main] INFO  db.DBStoreBuilder (DBStoreBuilder.java:addTable(127)) - using custom profile for table: deletedBlocks
2019-11-19 07:31:40,564 [main] INFO  db.DBStoreBuilder (DBStoreBuilder.java:processTables(183)) - Using default column profile:DBProfile.DISK for Table:deletedBlocks
2019-11-19 07:31:40,564 [main] INFO  db.DBStoreBuilder (DBStoreBuilder.java:addTable(127)) - using custom profile for table: validCerts
2019-11-19 07:31:40,564 [main] INFO  db.DBStoreBuilder (DBStoreBuilder.java:processTables(183)) - Using default column profile:DBProfile.DISK for Table:validCerts
2019-11-19 07:31:40,565 [main] INFO  db.DBStoreBuilder (DBStoreBuilder.java:addTable(127)) - using custom profile for table: revokedCerts
2019-11-19 07:31:40,565 [main] INFO  db.DBStoreBuilder (DBStoreBuilder.java:processTables(183)) - Using default column profile:DBProfile.DISK for Table:revokedCerts
2019-11-19 07:31:40,576 [main] INFO  db.DBStoreBuilder (DBStoreBuilder.java:addTable(127)) - using custom profile for table: default
2019-11-19 07:31:40,576 [main] INFO  db.DBStoreBuilder (DBStoreBuilder.java:processTables(189)) - Using default column profile:DBProfile.DISK for Table:default
2019-11-19 07:31:40,577 [main] INFO  db.DBStoreBuilder (DBStoreBuilder.java:getDbProfile(220)) - Using default options. DBProfile.DISK
2019-11-19 07:31:41,005 [main] INFO  net.NodeSchemaLoader (NodeSchemaLoader.java:loadSchemaFromFile(125)) - Loading file from sun.misc.CompoundEnumeration@5e0e82ae
2019-11-19 07:31:41,007 [main] INFO  net.NodeSchemaLoader (NodeSchemaLoader.java:loadSchema(171)) - Loading network topology layer schema file
2019-11-19 07:31:41,069 [main] INFO  node.SCMNodeManager (SCMNodeManager.java:<init>(116)) - Entering startup safe mode.
2019-11-19 07:31:41,131 [main] INFO  algorithms.ContainerPlacementPolicyFactory (ContainerPlacementPolicyFactory.java:getPolicy(57)) - Create container placement policy of type org.apache.hadoop.hdds.scm.container.placement.algorithms.SCMContainerPlacementRandom
2019-11-19 07:31:41,144 [main] WARN  server.ServerUtils (ServerUtils.java:getScmDbDir(145)) - ozone.scm.db.dirs is not configured. We recommend adding this setting. Falling back to ozone.metadata.dirs instead.
2019-11-19 07:31:41,285 [main] INFO  pipeline.SCMPipelineManager (SCMPipelineManager.java:initializePipelineState(136)) - No pipeline exists in current db
2019-11-19 07:31:41,288 [main] WARN  server.ServerUtils (ServerUtils.java:getScmDbDir(145)) - ozone.scm.db.dirs is not configured. We recommend adding this setting. Falling back to ozone.metadata.dirs instead.
2019-11-19 07:31:41,501 [main] INFO  safemode.HealthyPipelineSafeModeRule (HealthyPipelineSafeModeRule.java:<init>(92)) -  Total pipeline count is 0, healthy pipeline threshold count is 1
2019-11-19 07:31:41,506 [main] INFO  safemode.OneReplicaPipelineSafeModeRule (OneReplicaPipelineSafeModeRule.java:<init>(79)) - Total pipeline count is 0, pipeline's with at least one datanode reported threshold count is 0
2019-11-19 07:31:41,507 [main] WARN  events.EventQueue (EventQueue.java:fireEvent(183)) - No event handler registered for event TypedEvent{payloadType=SafeModeStatus, name='SafeModeStatus'}
2019-11-19 07:31:41,903 [main] INFO  ipc.CallQueueManager (CallQueueManager.java:<init>(84)) - Using callQueue: class java.util.concurrent.LinkedBlockingQueue, queueCapacity: 2000, scheduler: class org.apache.hadoop.ipc.DefaultRpcScheduler, ipcBackoff: false.
2019-11-19 07:31:42,020 [Socket Reader #1 for port 36250] INFO  ipc.Server (Server.java:run(1074)) - Starting Socket Reader #1 for port 36250
2019-11-19 07:31:42,050 [main] INFO  ipc.CallQueueManager (CallQueueManager.java:<init>(84)) - Using callQueue: class java.util.concurrent.LinkedBlockingQueue, queueCapacity: 2000, scheduler: class org.apache.hadoop.ipc.DefaultRpcScheduler, ipcBackoff: false.
2019-11-19 07:31:42,051 [Socket Reader #1 for port 36151] INFO  ipc.Server (Server.java:run(1074)) - Starting Socket Reader #1 for port 36151
2019-11-19 07:31:42,059 [main] INFO  ipc.CallQueueManager (CallQueueManager.java:<init>(84)) - Using callQueue: class java.util.concurrent.LinkedBlockingQueue, queueCapacity: 2000, scheduler: class org.apache.hadoop.ipc.DefaultRpcScheduler, ipcBackoff: false.
2019-11-19 07:31:42,060 [Socket Reader #1 for port 42984] INFO  ipc.Server (Server.java:run(1074)) - Starting Socket Reader #1 for port 42984
2019-11-19 07:31:42,083 [main] INFO  hdfs.DFSUtil (DFSUtil.java:httpServerTemplateForNNAndJN(1641)) - Starting Web-server for scm at: http://0.0.0.0:0
2019-11-19 07:31:42,193 [main] INFO  server.AuthenticationFilter (AuthenticationFilter.java:constructSecretProvider(240)) - Unable to initialize FileSignerSecretProvider, falling back to use random secrets.
2019-11-19 07:31:42,207 [main] WARN  http.HttpRequestLog (HttpRequestLog.java:getRequestLog(97)) - Jetty request log can only be enabled using Log4j
2019-11-19 07:31:42,215 [main] INFO  http.HttpServer2 (HttpServer2.java:addGlobalFilter(975)) - Added global filter 'safety' (class=org.apache.hadoop.http.HttpServer2$QuotingInputFilter)
2019-11-19 07:31:42,218 [main] INFO  http.HttpServer2 (HttpServer2.java:addFilter(948)) - Added filter static_user_filter (class=org.apache.hadoop.http.lib.StaticUserWebFilter$StaticUserFilter) to context scm
2019-11-19 07:31:42,218 [main] INFO  http.HttpServer2 (HttpServer2.java:addFilter(958)) - Added filter static_user_filter (class=org.apache.hadoop.http.lib.StaticUserWebFilter$StaticUserFilter) to context static
2019-11-19 07:31:42,219 [main] INFO  http.HttpServer2 (HttpServer2.java:addFilter(958)) - Added filter static_user_filter (class=org.apache.hadoop.http.lib.StaticUserWebFilter$StaticUserFilter) to context logs
2019-11-19 07:31:42,244 [main] INFO  server.StorageContainerManager (StorageContainerManager.java:start(765)) - StorageContainerLocationProtocol RPC server is listening at /0.0.0.0:42984
2019-11-19 07:31:42,292 [main] WARN  impl.MetricsConfig (MetricsConfig.java:loadFirst(134)) - Cannot locate configuration: tried hadoop-metrics2-storagecontainermanager.properties,hadoop-metrics2.properties
2019-11-19 07:31:42,304 [main] INFO  impl.MetricsSystemImpl (MetricsSystemImpl.java:startTimer(374)) - Scheduled Metric snapshot period at 10 second(s).
2019-11-19 07:31:42,304 [main] INFO  impl.MetricsSystemImpl (MetricsSystemImpl.java:start(191)) - StorageContainerManager metrics system started
2019-11-19 07:31:42,506 [main] INFO  server.SCMClientProtocolServer (SCMClientProtocolServer.java:start(160)) - RPC server for Client  is listening at /0.0.0.0:42984
2019-11-19 07:31:42,507 [IPC Server Responder] INFO  ipc.Server (Server.java:run(1314)) - IPC Server Responder: starting
2019-11-19 07:31:42,507 [IPC Server listener on 42984] INFO  ipc.Server (Server.java:run(1153)) - IPC Server listener on 42984: starting
2019-11-19 07:31:42,509 [main] INFO  server.StorageContainerManager (StorageContainerManager.java:start(775)) - ScmBlockLocationProtocol RPC server is listening at /0.0.0.0:36151
2019-11-19 07:31:42,510 [main] INFO  server.SCMBlockProtocolServer (SCMBlockProtocolServer.java:start(146)) - RPC server for Block Protocol is listening at /0.0.0.0:36151
2019-11-19 07:31:42,510 [IPC Server Responder] INFO  ipc.Server (Server.java:run(1314)) - IPC Server Responder: starting
2019-11-19 07:31:42,510 [IPC Server listener on 36151] INFO  ipc.Server (Server.java:run(1153)) - IPC Server listener on 36151: starting
2019-11-19 07:31:42,512 [main] INFO  server.StorageContainerManager (StorageContainerManager.java:start(779)) - ScmDatanodeProtocl RPC server is listening at /0.0.0.0:36250
2019-11-19 07:31:42,512 [main] INFO  server.SCMDatanodeProtocolServer (SCMDatanodeProtocolServer.java:start(177)) - RPC server for DataNodes is listening at /0.0.0.0:36250
2019-11-19 07:31:42,513 [IPC Server Responder] INFO  ipc.Server (Server.java:run(1314)) - IPC Server Responder: starting
2019-11-19 07:31:42,513 [IPC Server listener on 36250] INFO  ipc.Server (Server.java:run(1153)) - IPC Server listener on 36250: starting
2019-11-19 07:31:42,516 [main] INFO  http.HttpServer2 (HttpServer2.java:bindListener(1191)) - Jetty bound to port 34132
2019-11-19 07:31:42,518 [main] INFO  server.Server (Server.java:doStart(351)) - jetty-9.3.25.v20180904, build timestamp: 2018-09-04T21:11:46Z, git hash: 3ce520221d0240229c862b122d2b06c12a625732
2019-11-19 07:31:42,548 [main] INFO  handler.ContextHandler (ContextHandler.java:doStart(781)) - Started o.e.j.s.ServletContextHandler@4bff64c2{/logs,file:///workdir/hadoop-ozone/tools/target/log,AVAILABLE}
2019-11-19 07:31:42,548 [main] INFO  handler.ContextHandler (ContextHandler.java:doStart(781)) - Started o.e.j.s.ServletContextHandler@3cc41abc{/static,jar:file:/home/user/.m2/repository/org/apache/hadoop/hadoop-hdds-server-scm/0.5.0-SNAPSHOT/hadoop-hdds-server-scm-0.5.0-SNAPSHOT.jar!/webapps/static,AVAILABLE}
2019-11-19 07:31:42,617 [main] INFO  handler.ContextHandler (ContextHandler.java:doStart(781)) - Started o.e.j.w.WebAppContext@5922ae77{/,file:///tmp/jetty-0.0.0.0-34132-scm-_-any-8271466735685000197.dir/webapp/,AVAILABLE}{/scm}
2019-11-19 07:31:42,623 [main] INFO  server.AbstractConnector (AbstractConnector.java:doStart(278)) - Started ServerConnector@21362712{HTTP/1.1,[http/1.1]}{0.0.0.0:34132}
2019-11-19 07:31:42,623 [main] INFO  server.Server (Server.java:doStart(419)) - Started @3018ms
2019-11-19 07:31:42,626 [main] INFO  impl.MetricsSinkAdapter (MetricsSinkAdapter.java:start(204)) - Sink prometheus started
2019-11-19 07:31:42,626 [main] INFO  impl.MetricsSystemImpl (MetricsSystemImpl.java:registerSink(301)) - Registered sink prometheus
2019-11-19 07:31:42,628 [main] INFO  server.BaseHttpServer (BaseHttpServer.java:updateConnectorAddress(215)) - HTTP server of SCM is listening at http://0.0.0.0:34132
2019-11-19 07:31:42,635 [org.apache.hadoop.util.JvmPauseMonitor$Monitor@56b78e55] INFO  util.JvmPauseMonitor (JvmPauseMonitor.java:run(188)) - Starting JVM pause monitor
2019-11-19 07:31:42,639 [main] WARN  server.ServerUtils (ServerUtils.java:getDBPath(222)) - ozone.om.db.dirs is not configured. We recommend adding this setting. Falling back to ozone.metadata.dirs instead.
2019-11-19 07:31:42,754 [main] INFO  ha.OMHANodeDetails (OMHANodeDetails.java:loadOMHAConfig(190)) - Configuration either no ozone.om.address set. Falling back to the default OM address /127.0.0.1:0
2019-11-19 07:31:42,754 [main] INFO  ha.OMHANodeDetails (OMHANodeDetails.java:getOMNodeDetails(220)) - OM Service ID is not set. Setting it to the default ID: omServiceIdDefault
2019-11-19 07:31:42,756 [main] WARN  server.ServerUtils (ServerUtils.java:getDBPath(222)) - ozone.om.db.dirs is not configured. We recommend adding this setting. Falling back to ozone.metadata.dirs instead.
2019-11-19 07:31:42,756 [main] WARN  server.ServerUtils (ServerUtils.java:getDBPath(222)) - ozone.om.db.dirs is not configured. We recommend adding this setting. Falling back to ozone.metadata.dirs instead.
2019-11-19 07:31:43,260 [main] WARN  server.ServerUtils (ServerUtils.java:getDBPath(222)) - ozone.om.db.dirs is not configured. We recommend adding this setting. Falling back to ozone.metadata.dirs instead.
2019-11-19 07:31:43,266 [main] INFO  db.DBStoreBuilder (DBStoreBuilder.java:addTable(127)) - using custom profile for table: userTable
2019-11-19 07:31:43,267 [main] INFO  db.DBStoreBuilder (DBStoreBuilder.java:processTables(183)) - Using default column profile:DBProfile.DISK for Table:userTable
2019-11-19 07:31:43,267 [main] INFO  db.DBStoreBuilder (DBStoreBuilder.java:addTable(127)) - using custom profile for table: volumeTable
2019-11-19 07:31:43,267 [main] INFO  db.DBStoreBuilder (DBStoreBuilder.java:processTables(183)) - Using default column profile:DBProfile.DISK for Table:volumeTable
2019-11-19 07:31:43,267 [main] INFO  db.DBStoreBuilder (DBStoreBuilder.java:addTable(127)) - using custom profile for table: bucketTable
2019-11-19 07:31:43,267 [main] INFO  db.DBStoreBuilder (DBStoreBuilder.java:processTables(183)) - Using default column profile:DBProfile.DISK for Table:bucketTable
2019-11-19 07:31:43,268 [main] INFO  db.DBStoreBuilder (DBStoreBuilder.java:addTable(127)) - using custom profile for table: keyTable
2019-11-19 07:31:43,268 [main] INFO  db.DBStoreBuilder (DBStoreBuilder.java:processTables(183)) - Using default column profile:DBProfile.DISK for Table:keyTable
2019-11-19 07:31:43,268 [main] INFO  db.DBStoreBuilder (DBStoreBuilder.java:addTable(127)) - using custom profile for table: deletedTable
2019-11-19 07:31:43,268 [main] INFO  db.DBStoreBuilder (DBStoreBuilder.java:processTables(183)) - Using default column profile:DBProfile.DISK for Table:deletedTable
2019-11-19 07:31:43,269 [main] INFO  db.DBStoreBuilder (DBStoreBuilder.java:addTable(127)) - using custom profile for table: openKeyTable
2019-11-19 07:31:43,269 [main] INFO  db.DBStoreBuilder (DBStoreBuilder.java:processTables(183)) - Using default column profile:DBProfile.DISK for Table:openKeyTable
2019-11-19 07:31:43,269 [main] INFO  db.DBStoreBuilder (DBStoreBuilder.java:addTable(127)) - using custom profile for table: s3Table
2019-11-19 07:31:43,269 [main] INFO  db.DBStoreBuilder (DBStoreBuilder.java:processTables(183)) - Using default column profile:DBProfile.DISK for Table:s3Table
2019-11-19 07:31:43,269 [main] INFO  db.DBStoreBuilder (DBStoreBuilder.java:addTable(127)) - using custom profile for table: multipartInfoTable
2019-11-19 07:31:43,270 [main] INFO  db.DBStoreBuilder (DBStoreBuilder.java:processTables(183)) - Using default column profile:DBProfile.DISK for Table:multipartInfoTable
2019-11-19 07:31:43,270 [main] INFO  db.DBStoreBuilder (DBStoreBuilder.java:addTable(127)) - using custom profile for table: dTokenTable
2019-11-19 07:31:43,270 [main] INFO  db.DBStoreBuilder (DBStoreBuilder.java:processTables(183)) - Using default column profile:DBProfile.DISK for Table:dTokenTable
2019-11-19 07:31:43,270 [main] INFO  db.DBStoreBuilder (DBStoreBuilder.java:addTable(127)) - using custom profile for table: s3SecretTable
2019-11-19 07:31:43,270 [main] INFO  db.DBStoreBuilder (DBStoreBuilder.java:processTables(183)) - Using default column profile:DBProfile.DISK for Table:s3SecretTable
2019-11-19 07:31:43,271 [main] INFO  db.DBStoreBuilder (DBStoreBuilder.java:addTable(127)) - using custom profile for table: prefixTable
2019-11-19 07:31:43,271 [main] INFO  db.DBStoreBuilder (DBStoreBuilder.java:processTables(183)) - Using default column profile:DBProfile.DISK for Table:prefixTable
2019-11-19 07:31:43,271 [main] INFO  db.DBStoreBuilder (DBStoreBuilder.java:addTable(127)) - using custom profile for table: default
2019-11-19 07:31:43,271 [main] INFO  db.DBStoreBuilder (DBStoreBuilder.java:processTables(189)) - Using default column profile:DBProfile.DISK for Table:default
2019-11-19 07:31:43,272 [main] INFO  db.DBStoreBuilder (DBStoreBuilder.java:getDbProfile(220)) - Using default options. DBProfile.DISK
2019-11-19 07:31:44,069 [main] INFO  ipc.CallQueueManager (CallQueueManager.java:<init>(84)) - Using callQueue: class java.util.concurrent.LinkedBlockingQueue, queueCapacity: 2000, scheduler: class org.apache.hadoop.ipc.DefaultRpcScheduler, ipcBackoff: false.
2019-11-19 07:31:44,070 [Socket Reader #1 for port 38954] INFO  ipc.Server (Server.java:run(1074)) - Starting Socket Reader #1 for port 38954
2019-11-19 07:31:44,094 [main] INFO  om.OzoneManager (OzoneManager.java:start(1077)) - OzoneManager RPC server is listening at localhost/127.0.0.1:38954
2019-11-19 07:31:44,094 [main] INFO  impl.MetricsSystemImpl (MetricsSystemImpl.java:init(158)) - OzoneManager metrics system started (again)
2019-11-19 07:31:44,101 [IPC Server Responder] INFO  ipc.Server (Server.java:run(1314)) - IPC Server Responder: starting
2019-11-19 07:31:44,102 [IPC Server listener on 38954] INFO  ipc.Server (Server.java:run(1153)) - IPC Server listener on 38954: starting
2019-11-19 07:31:44,108 [main] INFO  hdfs.DFSUtil (DFSUtil.java:httpServerTemplateForNNAndJN(1641)) - Starting Web-server for ozoneManager at: http://0.0.0.0:0
2019-11-19 07:31:44,110 [main] INFO  server.AuthenticationFilter (AuthenticationFilter.java:constructSecretProvider(240)) - Unable to initialize FileSignerSecretProvider, falling back to use random secrets.
2019-11-19 07:31:44,110 [main] WARN  http.HttpRequestLog (HttpRequestLog.java:getRequestLog(97)) - Jetty request log can only be enabled using Log4j
2019-11-19 07:31:44,113 [main] INFO  http.HttpServer2 (HttpServer2.java:addGlobalFilter(975)) - Added global filter 'safety' (class=org.apache.hadoop.http.HttpServer2$QuotingInputFilter)
2019-11-19 07:31:44,115 [main] INFO  http.HttpServer2 (HttpServer2.java:addFilter(948)) - Added filter static_user_filter (class=org.apache.hadoop.http.lib.StaticUserWebFilter$StaticUserFilter) to context ozoneManager
2019-11-19 07:31:44,115 [main] INFO  http.HttpServer2 (HttpServer2.java:addFilter(958)) - Added filter static_user_filter (class=org.apache.hadoop.http.lib.StaticUserWebFilter$StaticUserFilter) to context static
2019-11-19 07:31:44,115 [main] INFO  http.HttpServer2 (HttpServer2.java:addFilter(958)) - Added filter static_user_filter (class=org.apache.hadoop.http.lib.StaticUserWebFilter$StaticUserFilter) to context logs
2019-11-19 07:31:44,118 [main] INFO  http.HttpServer2 (HttpServer2.java:bindListener(1191)) - Jetty bound to port 37545
2019-11-19 07:31:44,118 [main] INFO  server.Server (Server.java:doStart(351)) - jetty-9.3.25.v20180904, build timestamp: 2018-09-04T21:11:46Z, git hash: 3ce520221d0240229c862b122d2b06c12a625732
2019-11-19 07:31:44,121 [main] INFO  handler.ContextHandler (ContextHandler.java:doStart(781)) - Started o.e.j.s.ServletContextHandler@51751e5f{/logs,file:///workdir/hadoop-ozone/tools/target/log,AVAILABLE}
2019-11-19 07:31:44,121 [main] INFO  handler.ContextHandler (ContextHandler.java:doStart(781)) - Started o.e.j.s.ServletContextHandler@7068f7ca{/static,jar:file:/home/user/.m2/repository/org/apache/hadoop/hadoop-ozone-ozone-manager/0.5.0-SNAPSHOT/hadoop-ozone-ozone-manager-0.5.0-SNAPSHOT.jar!/webapps/static,AVAILABLE}
2019-11-19 07:31:44,182 [main] INFO  handler.ContextHandler (ContextHandler.java:doStart(781)) - Started o.e.j.w.WebAppContext@44f3fe83{/,file:///tmp/jetty-0.0.0.0-37545-ozoneManager-_-any-708895973504548081.dir/webapp/,AVAILABLE}{/ozoneManager}
2019-11-19 07:31:44,183 [main] INFO  server.AbstractConnector (AbstractConnector.java:doStart(278)) - Started ServerConnector@44c5a16f{HTTP/1.1,[http/1.1]}{0.0.0.0:37545}
2019-11-19 07:31:44,183 [main] INFO  server.Server (Server.java:doStart(419)) - Started @4578ms
2019-11-19 07:31:44,184 [main] WARN  impl.MetricsSystemImpl (MetricsSystemImpl.java:register(276)) - Sink prometheus already exists!
2019-11-19 07:31:44,185 [main] INFO  server.BaseHttpServer (BaseHttpServer.java:updateConnectorAddress(215)) - HTTP server of OZONEMANAGER is listening at http://0.0.0.0:37545
2019-11-19 07:31:44,438 [main] INFO  impl.MetricsSystemImpl (MetricsSystemImpl.java:init(158)) - HddsDatanode metrics system started (again)
2019-11-19 07:31:44,488 [main] INFO  ozone.HddsDatanodeService (HddsDatanodeService.java:start(186)) - HddsDatanodeService host:pr-hdds-2486-rcb2c-3991983431 ip:192.168.157.221
2019-11-19 07:31:44,522 [main] INFO  volume.HddsVolume (HddsVolume.java:<init>(176)) - Creating Volume: /workdir/hadoop-ozone/tools/target/test-dir/MiniOzoneClusterImpl-981bece0-af7a-4a5f-85f9-dd68986b6607/datanode-0/data/containers/hdds of  storage type : DISK and capacity : 1482555576320
2019-11-19 07:31:44,524 [main] INFO  volume.VolumeSet (VolumeSet.java:initializeVolumeSet(170)) - Added Volume : /workdir/hadoop-ozone/tools/target/test-dir/MiniOzoneClusterImpl-981bece0-af7a-4a5f-85f9-dd68986b6607/datanode-0/data/containers/hdds to VolumeSet
2019-11-19 07:31:44,527 [main] INFO  volume.ThrottledAsyncChecker (ThrottledAsyncChecker.java:schedule(141)) - Scheduling a check for /workdir/hadoop-ozone/tools/target/test-dir/MiniOzoneClusterImpl-981bece0-af7a-4a5f-85f9-dd68986b6607/datanode-0/data/containers/hdds
2019-11-19 07:31:44,545 [main] INFO  volume.HddsVolumeChecker (HddsVolumeChecker.java:checkAllVolumes(204)) - Scheduled health check for volume /workdir/hadoop-ozone/tools/target/test-dir/MiniOzoneClusterImpl-981bece0-af7a-4a5f-85f9-dd68986b6607/datanode-0/data/containers/hdds
2019-11-19 07:31:44,649 [main] INFO  impl.RaftServerProxy (ConfUtils.java:logGet(43)) - raft.rpc.type = GRPC (default)
2019-11-19 07:31:44,709 [main] INFO  grpc.GrpcFactory (GrpcFactory.java:checkPooledByteBufAllocatorUseCacheForAllThreads(45)) - PERFORMANCE WARNING: useCacheForAllThreads is true that may cause Netty to create a lot garbage objects and, as a result, trigger GC.
	It is recommended to disable useCacheForAllThreads by setting -Dorg.apache.ratis.thirdparty.io.netty.allocator.useCacheForAllThreads=false in command line.
2019-11-19 07:31:44,714 [main] INFO  grpc.GrpcConfigKeys$Server (ConfUtils.java:logGet(43)) - raft.grpc.server.port = 0 (default)
2019-11-19 07:31:44,716 [main] INFO  server.GrpcService (ConfUtils.java:logGet(43)) - raft.grpc.message.size.max = 33570816 (custom)
2019-11-19 07:31:44,717 [main] INFO  server.RaftServerConfigKeys (ConfUtils.java:logGet(43)) - raft.server.log.appender.buffer.byte-limit = 33554432 (custom)
2019-11-19 07:31:44,718 [main] INFO  server.GrpcService (ConfUtils.java:logGet(43)) - raft.grpc.flow.control.window = 1MB (=1048576) (default)
2019-11-19 07:31:44,719 [main] INFO  server.RaftServerConfigKeys (ConfUtils.java:logGet(43)) - raft.server.rpc.request.timeout = 3000ms (default)
2019-11-19 07:31:44,873 [main] INFO  server.RaftServerConfigKeys (ConfUtils.java:logGet(43)) - raft.server.storage.dir = [/workdir/hadoop-ozone/tools/target/test-dir/MiniOzoneClusterImpl-981bece0-af7a-4a5f-85f9-dd68986b6607/datanode-0/data/ratis] (custom)
2019-11-19 07:31:44,920 [main] INFO  hdfs.DFSUtil (DFSUtil.java:httpServerTemplateForNNAndJN(1641)) - Starting Web-server for hddsDatanode at: http://0.0.0.0:0
2019-11-19 07:31:44,922 [main] INFO  server.AuthenticationFilter (AuthenticationFilter.java:constructSecretProvider(240)) - Unable to initialize FileSignerSecretProvider, falling back to use random secrets.
2019-11-19 07:31:44,922 [main] WARN  http.HttpRequestLog (HttpRequestLog.java:getRequestLog(97)) - Jetty request log can only be enabled using Log4j
2019-11-19 07:31:44,924 [main] INFO  http.HttpServer2 (HttpServer2.java:addGlobalFilter(975)) - Added global filter 'safety' (class=org.apache.hadoop.http.HttpServer2$QuotingInputFilter)
2019-11-19 07:31:44,925 [main] INFO  http.HttpServer2 (HttpServer2.java:addFilter(948)) - Added filter static_user_filter (class=org.apache.hadoop.http.lib.StaticUserWebFilter$StaticUserFilter) to context hddsDatanode
2019-11-19 07:31:44,925 [main] INFO  http.HttpServer2 (HttpServer2.java:addFilter(958)) - Added filter static_user_filter (class=org.apache.hadoop.http.lib.StaticUserWebFilter$StaticUserFilter) to context logs
2019-11-19 07:31:44,925 [main] INFO  http.HttpServer2 (HttpServer2.java:addFilter(958)) - Added filter static_user_filter (class=org.apache.hadoop.http.lib.StaticUserWebFilter$StaticUserFilter) to context static
2019-11-19 07:31:44,926 [main] INFO  http.HttpServer2 (HttpServer2.java:bindListener(1191)) - Jetty bound to port 44843
2019-11-19 07:31:44,926 [main] INFO  server.Server (Server.java:doStart(351)) - jetty-9.3.25.v20180904, build timestamp: 2018-09-04T21:11:46Z, git hash: 3ce520221d0240229c862b122d2b06c12a625732
2019-11-19 07:31:44,928 [main] INFO  handler.ContextHandler (ContextHandler.java:doStart(781)) - Started o.e.j.s.ServletContextHandler@20cece0b{/logs,file:///workdir/hadoop-ozone/tools/target/log,AVAILABLE}
2019-11-19 07:31:44,929 [main] INFO  handler.ContextHandler (ContextHandler.java:doStart(781)) - Started o.e.j.s.ServletContextHandler@5f038248{/static,jar:file:/home/user/.m2/repository/org/apache/hadoop/hadoop-hdds-container-service/0.5.0-SNAPSHOT/hadoop-hdds-container-service-0.5.0-SNAPSHOT.jar!/webapps/static,AVAILABLE}
2019-11-19 07:31:44,960 [main] INFO  handler.ContextHandler (ContextHandler.java:doStart(781)) - Started o.e.j.w.WebAppContext@2a3194c6{/,file:///tmp/jetty-0.0.0.0-44843-hddsDatanode-_-any-3085176599916835160.dir/webapp/,AVAILABLE}{/hddsDatanode}
2019-11-19 07:31:44,961 [main] INFO  server.AbstractConnector (AbstractConnector.java:doStart(278)) - Started ServerConnector@2819c460{HTTP/1.1,[http/1.1]}{0.0.0.0:44843}
2019-11-19 07:31:44,961 [main] INFO  server.Server (Server.java:doStart(419)) - Started @5356ms
2019-11-19 07:31:44,962 [main] WARN  impl.MetricsSystemImpl (MetricsSystemImpl.java:register(276)) - Sink prometheus already exists!
2019-11-19 07:31:44,963 [main] INFO  server.BaseHttpServer (BaseHttpServer.java:updateConnectorAddress(215)) - HTTP server of HDDSDATANODE is listening at http://0.0.0.0:44843
2019-11-19 07:31:44,964 [main] INFO  impl.MetricsSystemImpl (MetricsSystemImpl.java:init(158)) - HddsDatanode metrics system started (again)
2019-11-19 07:31:44,966 [main] INFO  ozone.HddsDatanodeService (HddsDatanodeService.java:start(186)) - HddsDatanodeService host:pr-hdds-2486-rcb2c-3991983431 ip:192.168.157.221
2019-11-19 07:31:44,969 [org.apache.hadoop.util.JvmPauseMonitor$Monitor@4fa29fe0] INFO  util.JvmPauseMonitor (JvmPauseMonitor.java:run(188)) - Starting JVM pause monitor
2019-11-19 07:31:44,976 [main] INFO  volume.HddsVolume (HddsVolume.java:<init>(176)) - Creating Volume: /workdir/hadoop-ozone/tools/target/test-dir/MiniOzoneClusterImpl-981bece0-af7a-4a5f-85f9-dd68986b6607/datanode-1/data/containers/hdds of  storage type : DISK and capacity : 1482555576320
2019-11-19 07:31:44,976 [main] INFO  volume.VolumeSet (VolumeSet.java:initializeVolumeSet(170)) - Added Volume : /workdir/hadoop-ozone/tools/target/test-dir/MiniOzoneClusterImpl-981bece0-af7a-4a5f-85f9-dd68986b6607/datanode-1/data/containers/hdds to VolumeSet
2019-11-19 07:31:44,977 [main] INFO  volume.ThrottledAsyncChecker (ThrottledAsyncChecker.java:schedule(141)) - Scheduling a check for /workdir/hadoop-ozone/tools/target/test-dir/MiniOzoneClusterImpl-981bece0-af7a-4a5f-85f9-dd68986b6607/datanode-1/data/containers/hdds
2019-11-19 07:31:44,977 [main] INFO  volume.HddsVolumeChecker (HddsVolumeChecker.java:checkAllVolumes(204)) - Scheduled health check for volume /workdir/hadoop-ozone/tools/target/test-dir/MiniOzoneClusterImpl-981bece0-af7a-4a5f-85f9-dd68986b6607/datanode-1/data/containers/hdds
2019-11-19 07:31:44,990 [main] INFO  impl.RaftServerProxy (ConfUtils.java:logGet(43)) - raft.rpc.type = GRPC (default)
2019-11-19 07:31:44,990 [main] INFO  grpc.GrpcFactory (GrpcFactory.java:checkPooledByteBufAllocatorUseCacheForAllThreads(45)) - PERFORMANCE WARNING: useCacheForAllThreads is true that may cause Netty to create a lot garbage objects and, as a result, trigger GC.
	It is recommended to disable useCacheForAllThreads by setting -Dorg.apache.ratis.thirdparty.io.netty.allocator.useCacheForAllThreads=false in command line.
2019-11-19 07:31:44,990 [main] INFO  grpc.GrpcConfigKeys$Server (ConfUtils.java:logGet(43)) - raft.grpc.server.port = 0 (default)
2019-11-19 07:31:44,990 [main] INFO  server.GrpcService (ConfUtils.java:logGet(43)) - raft.grpc.message.size.max = 33570816 (custom)
2019-11-19 07:31:44,991 [main] INFO  server.RaftServerConfigKeys (ConfUtils.java:logGet(43)) - raft.server.log.appender.buffer.byte-limit = 33554432 (custom)
2019-11-19 07:31:44,991 [main] INFO  server.GrpcService (ConfUtils.java:logGet(43)) - raft.grpc.flow.control.window = 1MB (=1048576) (default)
2019-11-19 07:31:44,991 [main] INFO  server.RaftServerConfigKeys (ConfUtils.java:logGet(43)) - raft.server.rpc.request.timeout = 3000ms (default)
2019-11-19 07:31:44,992 [main] INFO  server.RaftServerConfigKeys (ConfUtils.java:logGet(43)) - raft.server.storage.dir = [/workdir/hadoop-ozone/tools/target/test-dir/MiniOzoneClusterImpl-981bece0-af7a-4a5f-85f9-dd68986b6607/datanode-1/data/ratis] (custom)
2019-11-19 07:31:44,993 [main] INFO  hdfs.DFSUtil (DFSUtil.java:httpServerTemplateForNNAndJN(1641)) - Starting Web-server for hddsDatanode at: http://0.0.0.0:0
2019-11-19 07:31:44,995 [main] INFO  server.AuthenticationFilter (AuthenticationFilter.java:constructSecretProvider(240)) - Unable to initialize FileSignerSecretProvider, falling back to use random secrets.
2019-11-19 07:31:44,995 [main] WARN  http.HttpRequestLog (HttpRequestLog.java:getRequestLog(97)) - Jetty request log can only be enabled using Log4j
2019-11-19 07:31:44,997 [main] INFO  http.HttpServer2 (HttpServer2.java:addGlobalFilter(975)) - Added global filter 'safety' (class=org.apache.hadoop.http.HttpServer2$QuotingInputFilter)
2019-11-19 07:31:44,997 [main] INFO  http.HttpServer2 (HttpServer2.java:addFilter(948)) - Added filter static_user_filter (class=org.apache.hadoop.http.lib.StaticUserWebFilter$StaticUserFilter) to context hddsDatanode
2019-11-19 07:31:44,997 [main] INFO  http.HttpServer2 (HttpServer2.java:addFilter(958)) - Added filter static_user_filter (class=org.apache.hadoop.http.lib.StaticUserWebFilter$StaticUserFilter) to context logs
2019-11-19 07:31:44,998 [main] INFO  http.HttpServer2 (HttpServer2.java:addFilter(958)) - Added filter static_user_filter (class=org.apache.hadoop.http.lib.StaticUserWebFilter$StaticUserFilter) to context static
2019-11-19 07:31:44,999 [main] INFO  http.HttpServer2 (HttpServer2.java:bindListener(1191)) - Jetty bound to port 34340
2019-11-19 07:31:44,999 [main] INFO  server.Server (Server.java:doStart(351)) - jetty-9.3.25.v20180904, build timestamp: 2018-09-04T21:11:46Z, git hash: 3ce520221d0240229c862b122d2b06c12a625732
2019-11-19 07:31:45,002 [main] INFO  handler.ContextHandler (ContextHandler.java:doStart(781)) - Started o.e.j.s.ServletContextHandler@5e1d03d7{/logs,file:///workdir/hadoop-ozone/tools/target/log,AVAILABLE}
2019-11-19 07:31:45,002 [main] INFO  handler.ContextHandler (ContextHandler.java:doStart(781)) - Started o.e.j.s.ServletContextHandler@48d293ee{/static,jar:file:/home/user/.m2/repository/org/apache/hadoop/hadoop-hdds-container-service/0.5.0-SNAPSHOT/hadoop-hdds-container-service-0.5.0-SNAPSHOT.jar!/webapps/static,AVAILABLE}
2019-11-19 07:31:45,033 [main] INFO  handler.ContextHandler (ContextHandler.java:doStart(781)) - Started o.e.j.w.WebAppContext@1229a2b7{/,file:///tmp/jetty-0.0.0.0-34340-hddsDatanode-_-any-3030062469936964680.dir/webapp/,AVAILABLE}{/hddsDatanode}
2019-11-19 07:31:45,034 [main] INFO  server.AbstractConnector (AbstractConnector.java:doStart(278)) - Started ServerConnector@e5cbff2{HTTP/1.1,[http/1.1]}{0.0.0.0:34340}
2019-11-19 07:31:45,034 [main] INFO  server.Server (Server.java:doStart(419)) - Started @5428ms
2019-11-19 07:31:45,034 [main] WARN  impl.MetricsSystemImpl (MetricsSystemImpl.java:register(276)) - Sink prometheus already exists!
2019-11-19 07:31:45,035 [main] INFO  server.BaseHttpServer (BaseHttpServer.java:updateConnectorAddress(215)) - HTTP server of HDDSDATANODE is listening at http://0.0.0.0:34340
2019-11-19 07:31:45,036 [main] INFO  impl.MetricsSystemImpl (MetricsSystemImpl.java:init(158)) - HddsDatanode metrics system started (again)
2019-11-19 07:31:45,038 [main] INFO  ozone.HddsDatanodeService (HddsDatanodeService.java:start(186)) - HddsDatanodeService host:pr-hdds-2486-rcb2c-3991983431 ip:192.168.157.221
2019-11-19 07:31:45,038 [org.apache.hadoop.util.JvmPauseMonitor$Monitor@7e0d78ce] INFO  util.JvmPauseMonitor (JvmPauseMonitor.java:run(188)) - Starting JVM pause monitor
2019-11-19 07:31:45,046 [main] INFO  volume.HddsVolume (HddsVolume.java:<init>(176)) - Creating Volume: /workdir/hadoop-ozone/tools/target/test-dir/MiniOzoneClusterImpl-981bece0-af7a-4a5f-85f9-dd68986b6607/datanode-2/data/containers/hdds of  storage type : DISK and capacity : 1482555576320
2019-11-19 07:31:45,047 [main] INFO  volume.VolumeSet (VolumeSet.java:initializeVolumeSet(170)) - Added Volume : /workdir/hadoop-ozone/tools/target/test-dir/MiniOzoneClusterImpl-981bece0-af7a-4a5f-85f9-dd68986b6607/datanode-2/data/containers/hdds to VolumeSet
2019-11-19 07:31:45,047 [main] INFO  volume.ThrottledAsyncChecker (ThrottledAsyncChecker.java:schedule(141)) - Scheduling a check for /workdir/hadoop-ozone/tools/target/test-dir/MiniOzoneClusterImpl-981bece0-af7a-4a5f-85f9-dd68986b6607/datanode-2/data/containers/hdds
2019-11-19 07:31:45,047 [main] INFO  volume.HddsVolumeChecker (HddsVolumeChecker.java:checkAllVolumes(204)) - Scheduled health check for volume /workdir/hadoop-ozone/tools/target/test-dir/MiniOzoneClusterImpl-981bece0-af7a-4a5f-85f9-dd68986b6607/datanode-2/data/containers/hdds
2019-11-19 07:31:45,061 [main] INFO  impl.RaftServerProxy (ConfUtils.java:logGet(43)) - raft.rpc.type = GRPC (default)
2019-11-19 07:31:45,062 [main] INFO  grpc.GrpcFactory (GrpcFactory.java:checkPooledByteBufAllocatorUseCacheForAllThreads(45)) - PERFORMANCE WARNING: useCacheForAllThreads is true that may cause Netty to create a lot garbage objects and, as a result, trigger GC.
	It is recommended to disable useCacheForAllThreads by setting -Dorg.apache.ratis.thirdparty.io.netty.allocator.useCacheForAllThreads=false in command line.
2019-11-19 07:31:45,062 [main] INFO  grpc.GrpcConfigKeys$Server (ConfUtils.java:logGet(43)) - raft.grpc.server.port = 0 (default)
2019-11-19 07:31:45,062 [main] INFO  server.GrpcService (ConfUtils.java:logGet(43)) - raft.grpc.message.size.max = 33570816 (custom)
2019-11-19 07:31:45,062 [main] INFO  server.RaftServerConfigKeys (ConfUtils.java:logGet(43)) - raft.server.log.appender.buffer.byte-limit = 33554432 (custom)
2019-11-19 07:31:45,062 [main] INFO  server.GrpcService (ConfUtils.java:logGet(43)) - raft.grpc.flow.control.window = 1MB (=1048576) (default)
2019-11-19 07:31:45,063 [main] INFO  server.RaftServerConfigKeys (ConfUtils.java:logGet(43)) - raft.server.rpc.request.timeout = 3000ms (default)
2019-11-19 07:31:45,064 [main] INFO  server.RaftServerConfigKeys (ConfUtils.java:logGet(43)) - raft.server.storage.dir = [/workdir/hadoop-ozone/tools/target/test-dir/MiniOzoneClusterImpl-981bece0-af7a-4a5f-85f9-dd68986b6607/datanode-2/data/ratis] (custom)
2019-11-19 07:31:45,066 [main] INFO  hdfs.DFSUtil (DFSUtil.java:httpServerTemplateForNNAndJN(1641)) - Starting Web-server for hddsDatanode at: http://0.0.0.0:0
2019-11-19 07:31:45,067 [main] INFO  server.AuthenticationFilter (AuthenticationFilter.java:constructSecretProvider(240)) - Unable to initialize FileSignerSecretProvider, falling back to use random secrets.
2019-11-19 07:31:45,067 [main] WARN  http.HttpRequestLog (HttpRequestLog.java:getRequestLog(97)) - Jetty request log can only be enabled using Log4j
2019-11-19 07:31:45,068 [Datanode State Machine Thread - 0] INFO  datanode.InitDatanodeState (InitDatanodeState.java:persistContainerDatanodeDetails(140)) - DatanodeDetails is persisted to /workdir/hadoop-ozone/tools/target/test-dir/MiniOzoneClusterImpl-981bece0-af7a-4a5f-85f9-dd68986b6607/datanode-0/meta/datanode.id
2019-11-19 07:31:45,069 [main] INFO  http.HttpServer2 (HttpServer2.java:addGlobalFilter(975)) - Added global filter 'safety' (class=org.apache.hadoop.http.HttpServer2$QuotingInputFilter)
2019-11-19 07:31:45,070 [main] INFO  http.HttpServer2 (HttpServer2.java:addFilter(948)) - Added filter static_user_filter (class=org.apache.hadoop.http.lib.StaticUserWebFilter$StaticUserFilter) to context hddsDatanode
2019-11-19 07:31:45,071 [main] INFO  http.HttpServer2 (HttpServer2.java:addFilter(958)) - Added filter static_user_filter (class=org.apache.hadoop.http.lib.StaticUserWebFilter$StaticUserFilter) to context logs
2019-11-19 07:31:45,071 [main] INFO  http.HttpServer2 (HttpServer2.java:addFilter(958)) - Added filter static_user_filter (class=org.apache.hadoop.http.lib.StaticUserWebFilter$StaticUserFilter) to context static
2019-11-19 07:31:45,072 [main] INFO  http.HttpServer2 (HttpServer2.java:bindListener(1191)) - Jetty bound to port 33477
2019-11-19 07:31:45,072 [Datanode State Machine Thread - 0] INFO  datanode.InitDatanodeState (InitDatanodeState.java:persistContainerDatanodeDetails(140)) - DatanodeDetails is persisted to /workdir/hadoop-ozone/tools/target/test-dir/MiniOzoneClusterImpl-981bece0-af7a-4a5f-85f9-dd68986b6607/datanode-1/meta/datanode.id
2019-11-19 07:31:45,072 [main] INFO  server.Server (Server.java:doStart(351)) - jetty-9.3.25.v20180904, build timestamp: 2018-09-04T21:11:46Z, git hash: 3ce520221d0240229c862b122d2b06c12a625732
2019-11-19 07:31:45,074 [main] INFO  handler.ContextHandler (ContextHandler.java:doStart(781)) - Started o.e.j.s.ServletContextHandler@2849434b{/logs,file:///workdir/hadoop-ozone/tools/target/log,AVAILABLE}
2019-11-19 07:31:45,074 [main] INFO  handler.ContextHandler (ContextHandler.java:doStart(781)) - Started o.e.j.s.ServletContextHandler@65b97f47{/static,jar:file:/home/user/.m2/repository/org/apache/hadoop/hadoop-hdds-container-service/0.5.0-SNAPSHOT/hadoop-hdds-container-service-0.5.0-SNAPSHOT.jar!/webapps/static,AVAILABLE}
2019-11-19 07:31:45,104 [main] INFO  handler.ContextHandler (ContextHandler.java:doStart(781)) - Started o.e.j.w.WebAppContext@5bc28f40{/,file:///tmp/jetty-0.0.0.0-33477-hddsDatanode-_-any-2141136629464343142.dir/webapp/,AVAILABLE}{/hddsDatanode}
2019-11-19 07:31:45,105 [main] INFO  server.AbstractConnector (AbstractConnector.java:doStart(278)) - Started ServerConnector@46963479{HTTP/1.1,[http/1.1]}{0.0.0.0:33477}
2019-11-19 07:31:45,106 [main] INFO  server.Server (Server.java:doStart(419)) - Started @5500ms
2019-11-19 07:31:45,106 [main] WARN  impl.MetricsSystemImpl (MetricsSystemImpl.java:register(276)) - Sink prometheus already exists!
2019-11-19 07:31:45,107 [main] INFO  server.BaseHttpServer (BaseHttpServer.java:updateConnectorAddress(215)) - HTTP server of HDDSDATANODE is listening at http://0.0.0.0:33477
2019-11-19 07:31:45,108 [main] INFO  ozone.MiniOzoneClusterImpl (MiniOzoneClusterImpl.java:lambda$waitForClusterToBeReady$0(150)) - Waiting for nodes to be ready. Got 0 of 3 DN Heartbeats.
2019-11-19 07:31:45,108 [main] INFO  ozone.MiniOzoneClusterImpl (MiniOzoneClusterImpl.java:lambda$waitForClusterToBeReady$0(153)) - Waiting for cluster to exit safe mode
2019-11-19 07:31:45,109 [org.apache.hadoop.util.JvmPauseMonitor$Monitor@111b7aaa] INFO  util.JvmPauseMonitor (JvmPauseMonitor.java:run(188)) - Starting JVM pause monitor
2019-11-19 07:31:45,111 [Datanode State Machine Thread - 0] INFO  datanode.InitDatanodeState (InitDatanodeState.java:persistContainerDatanodeDetails(140)) - DatanodeDetails is persisted to /workdir/hadoop-ozone/tools/target/test-dir/MiniOzoneClusterImpl-981bece0-af7a-4a5f-85f9-dd68986b6607/datanode-2/meta/datanode.id
2019-11-19 07:31:46,109 [main] INFO  ozone.MiniOzoneClusterImpl (MiniOzoneClusterImpl.java:lambda$waitForClusterToBeReady$0(150)) - Waiting for nodes to be ready. Got 0 of 3 DN Heartbeats.
2019-11-19 07:31:46,109 [main] INFO  ozone.MiniOzoneClusterImpl (MiniOzoneClusterImpl.java:lambda$waitForClusterToBeReady$0(153)) - Waiting for cluster to exit safe mode
2019-11-19 07:31:47,043 [Datanode State Machine Thread - 0] INFO  ozoneimpl.OzoneContainer (OzoneContainer.java:start(230)) - Attempting to start container services.
2019-11-19 07:31:47,045 [Datanode State Machine Thread - 0] INFO  ozoneimpl.OzoneContainer (OzoneContainer.java:startContainerScrub(194)) - Background container scanner has been disabled.
2019-11-19 07:31:47,045 [Datanode State Machine Thread - 0] INFO  ratis.XceiverServerRatis (XceiverServerRatis.java:start(422)) - Starting XceiverServerRatis 0427b329-8a9a-4470-8879-2ada41e3e7d2 at port 0
2019-11-19 07:31:47,064 [Datanode State Machine Thread - 0] INFO  impl.RaftServerProxy (RaftServerProxy.java:lambda$start$3(299)) - 0427b329-8a9a-4470-8879-2ada41e3e7d2: start RPC server
2019-11-19 07:31:47,065 [Datanode State Machine Thread - 0] INFO  ozoneimpl.OzoneContainer (OzoneContainer.java:start(230)) - Attempting to start container services.
2019-11-19 07:31:47,070 [Datanode State Machine Thread - 0] INFO  ozoneimpl.OzoneContainer (OzoneContainer.java:startContainerScrub(194)) - Background container scanner has been disabled.
2019-11-19 07:31:47,070 [Datanode State Machine Thread - 0] INFO  ratis.XceiverServerRatis (XceiverServerRatis.java:start(422)) - Starting XceiverServerRatis c0e0c80b-9e0e-42fb-bb8a-7fd36c2f8c11 at port 0
2019-11-19 07:31:47,080 [Datanode State Machine Thread - 0] INFO  impl.RaftServerProxy (RaftServerProxy.java:lambda$start$3(299)) - c0e0c80b-9e0e-42fb-bb8a-7fd36c2f8c11: start RPC server
2019-11-19 07:31:47,110 [main] INFO  ozone.MiniOzoneClusterImpl (MiniOzoneClusterImpl.java:lambda$waitForClusterToBeReady$0(150)) - Waiting for nodes to be ready. Got 0 of 3 DN Heartbeats.
2019-11-19 07:31:47,110 [main] INFO  ozone.MiniOzoneClusterImpl (MiniOzoneClusterImpl.java:lambda$waitForClusterToBeReady$0(153)) - Waiting for cluster to exit safe mode
2019-11-19 07:31:47,134 [Datanode State Machine Thread - 0] INFO  ozoneimpl.OzoneContainer (OzoneContainer.java:start(230)) - Attempting to start container services.
2019-11-19 07:31:47,136 [Datanode State Machine Thread - 0] INFO  ozoneimpl.OzoneContainer (OzoneContainer.java:startContainerScrub(194)) - Background container scanner has been disabled.
2019-11-19 07:31:47,136 [Datanode State Machine Thread - 0] INFO  ratis.XceiverServerRatis (XceiverServerRatis.java:start(422)) - Starting XceiverServerRatis 55a49550-9793-45a7-9328-42decfaf4bde at port 0
2019-11-19 07:31:47,145 [Datanode State Machine Thread - 0] INFO  impl.RaftServerProxy (RaftServerProxy.java:lambda$start$3(299)) - 55a49550-9793-45a7-9328-42decfaf4bde: start RPC server
2019-11-19 07:31:47,226 [Datanode State Machine Thread - 0] INFO  server.GrpcService (GrpcService.java:startImpl(158)) - c0e0c80b-9e0e-42fb-bb8a-7fd36c2f8c11: GrpcService started, listening on 0.0.0.0/0.0.0.0:36451
2019-11-19 07:31:47,226 [Datanode State Machine Thread - 0] INFO  server.GrpcService (GrpcService.java:startImpl(158)) - 0427b329-8a9a-4470-8879-2ada41e3e7d2: GrpcService started, listening on 0.0.0.0/0.0.0.0:40020
2019-11-19 07:31:47,226 [Datanode State Machine Thread - 0] INFO  server.GrpcService (GrpcService.java:startImpl(158)) - 55a49550-9793-45a7-9328-42decfaf4bde: GrpcService started, listening on 0.0.0.0/0.0.0.0:40067
2019-11-19 07:31:47,227 [Datanode State Machine Thread - 0] INFO  ratis.XceiverServerRatis (XceiverServerRatis.java:start(432)) - XceiverServerRatis 0427b329-8a9a-4470-8879-2ada41e3e7d2 is started using port 40020
2019-11-19 07:31:47,227 [Datanode State Machine Thread - 0] INFO  ratis.XceiverServerRatis (XceiverServerRatis.java:start(432)) - XceiverServerRatis c0e0c80b-9e0e-42fb-bb8a-7fd36c2f8c11 is started using port 36451
2019-11-19 07:31:47,227 [Datanode State Machine Thread - 0] INFO  ratis.XceiverServerRatis (XceiverServerRatis.java:start(432)) - XceiverServerRatis 55a49550-9793-45a7-9328-42decfaf4bde is started using port 40067
2019-11-19 07:31:47,232 [Datanode State Machine Thread - 0] INFO  server.XceiverServerGrpc (XceiverServerGrpc.java:start(145)) - XceiverServerGrpc c0e0c80b-9e0e-42fb-bb8a-7fd36c2f8c11 is started using port 34289
2019-11-19 07:31:47,232 [Datanode State Machine Thread - 0] INFO  server.XceiverServerGrpc (XceiverServerGrpc.java:start(145)) - XceiverServerGrpc 55a49550-9793-45a7-9328-42decfaf4bde is started using port 41937
2019-11-19 07:31:47,232 [Datanode State Machine Thread - 0] INFO  server.XceiverServerGrpc (XceiverServerGrpc.java:start(145)) - XceiverServerGrpc 0427b329-8a9a-4470-8879-2ada41e3e7d2 is started using port 39059
2019-11-19 07:31:48,111 [main] INFO  ozone.MiniOzoneClusterImpl (MiniOzoneClusterImpl.java:lambda$waitForClusterToBeReady$0(150)) - Waiting for nodes to be ready. Got 0 of 3 DN Heartbeats.
2019-11-19 07:31:48,111 [main] INFO  ozone.MiniOzoneClusterImpl (MiniOzoneClusterImpl.java:lambda$waitForClusterToBeReady$0(153)) - Waiting for cluster to exit safe mode
2019-11-19 07:31:49,004 [IPC Server handler 0 on 36250] INFO  net.NetworkTopology (NetworkTopologyImpl.java:add(111)) - Added a new node: /default-rack/0427b329-8a9a-4470-8879-2ada41e3e7d2
2019-11-19 07:31:49,004 [IPC Server handler 0 on 36250] INFO  node.SCMNodeManager (SCMNodeManager.java:register(267)) - Registered Data node : 0427b329-8a9a-4470-8879-2ada41e3e7d2{ip: 192.168.157.221, host: pr-hdds-2486-rcb2c-3991983431, networkLocation: /default-rack, certSerialId: null}
2019-11-19 07:31:49,007 [EventQueue-NodeRegistrationContainerReportForContainerSafeModeRule] INFO  safemode.SCMSafeModeManager (SCMSafeModeManager.java:validateSafeModeExitRules(176)) - ContainerSafeModeRule rule is successfully validated
2019-11-19 07:31:49,007 [EventQueue-NodeRegistrationContainerReportForDataNodeSafeModeRule] INFO  safemode.SCMSafeModeManager (DataNodeSafeModeRule.java:process(71)) - SCM in safe mode. 1 DataNodes registered, 1 required.
2019-11-19 07:31:49,007 [EventQueue-NodeRegistrationContainerReportForDataNodeSafeModeRule] INFO  safemode.SCMSafeModeManager (SCMSafeModeManager.java:validateSafeModeExitRules(176)) - DataNodeSafeModeRule rule is successfully validated
2019-11-19 07:31:49,009 [RatisPipelineUtilsThread] INFO  pipeline.RatisPipelineProvider (RatisPipelineProvider.java:lambda$create$4(163)) - Send pipeline:PipelineID=916091e6-6bab-4974-ab6d-847e6280c345 create command to datanode 0427b329-8a9a-4470-8879-2ada41e3e7d2
2019-11-19 07:31:49,018 [RatisPipelineUtilsThread] INFO  pipeline.PipelineStateManager (PipelineStateManager.java:addPipeline(55)) - Created pipeline Pipeline[ Id: 916091e6-6bab-4974-ab6d-847e6280c345, Nodes: 0427b329-8a9a-4470-8879-2ada41e3e7d2{ip: 192.168.157.221, host: pr-hdds-2486-rcb2c-3991983431, networkLocation: /default-rack, certSerialId: null}, Type:RATIS, Factor:ONE, State:ALLOCATED]
2019-11-19 07:31:49,041 [IPC Server handler 1 on 36250] INFO  net.NetworkTopology (NetworkTopologyImpl.java:add(111)) - Added a new node: /default-rack/c0e0c80b-9e0e-42fb-bb8a-7fd36c2f8c11
2019-11-19 07:31:49,041 [IPC Server handler 1 on 36250] INFO  node.SCMNodeManager (SCMNodeManager.java:register(267)) - Registered Data node : c0e0c80b-9e0e-42fb-bb8a-7fd36c2f8c11{ip: 192.168.157.221, host: pr-hdds-2486-rcb2c-3991983431, networkLocation: /default-rack, certSerialId: null}
2019-11-19 07:31:49,042 [EventQueue-NodeRegistrationContainerReportForContainerSafeModeRule] INFO  safemode.SCMSafeModeManager (SCMSafeModeManager.java:validateSafeModeExitRules(176)) - ContainerSafeModeRule rule is successfully validated
2019-11-19 07:31:49,042 [EventQueue-NodeRegistrationContainerReportForDataNodeSafeModeRule] INFO  safemode.SCMSafeModeManager (SCMSafeModeManager.java:validateSafeModeExitRules(176)) - DataNodeSafeModeRule rule is successfully validated
2019-11-19 07:31:49,042 [RatisPipelineUtilsThread] INFO  pipeline.RatisPipelineProvider (RatisPipelineProvider.java:lambda$create$4(163)) - Send pipeline:PipelineID=f6d79f75-760c-43cb-afb3-d576efe2ad8b create command to datanode c0e0c80b-9e0e-42fb-bb8a-7fd36c2f8c11
2019-11-19 07:31:49,043 [RatisPipelineUtilsThread] INFO  pipeline.PipelineStateManager (PipelineStateManager.java:addPipeline(55)) - Created pipeline Pipeline[ Id: f6d79f75-760c-43cb-afb3-d576efe2ad8b, Nodes: c0e0c80b-9e0e-42fb-bb8a-7fd36c2f8c11{ip: 192.168.157.221, host: pr-hdds-2486-rcb2c-3991983431, networkLocation: /default-rack, certSerialId: null}, Type:RATIS, Factor:ONE, State:ALLOCATED]
2019-11-19 07:31:49,110 [IPC Server handler 2 on 36250] INFO  net.NetworkTopology (NetworkTopologyImpl.java:add(111)) - Added a new node: /default-rack/55a49550-9793-45a7-9328-42decfaf4bde
2019-11-19 07:31:49,111 [IPC Server handler 2 on 36250] INFO  node.SCMNodeManager (SCMNodeManager.java:register(267)) - Registered Data node : 55a49550-9793-45a7-9328-42decfaf4bde{ip: 192.168.157.221, host: pr-hdds-2486-rcb2c-3991983431, networkLocation: /default-rack, certSerialId: null}
2019-11-19 07:31:49,111 [RatisPipelineUtilsThread] INFO  pipeline.RatisPipelineProvider (RatisPipelineProvider.java:lambda$create$4(163)) - Send pipeline:PipelineID=f5092271-c54f-48ab-907e-5a5c102761b5 create command to datanode 55a49550-9793-45a7-9328-42decfaf4bde
2019-11-19 07:31:49,111 [EventQueue-NodeRegistrationContainerReportForContainerSafeModeRule] INFO  safemode.SCMSafeModeManager (SCMSafeModeManager.java:validateSafeModeExitRules(176)) - ContainerSafeModeRule rule is successfully validated
2019-11-19 07:31:49,111 [EventQueue-NodeRegistrationContainerReportForDataNodeSafeModeRule] INFO  safemode.SCMSafeModeManager (SCMSafeModeManager.java:validateSafeModeExitRules(176)) - DataNodeSafeModeRule rule is successfully validated
2019-11-19 07:31:49,111 [main] INFO  ozone.MiniOzoneClusterImpl (MiniOzoneClusterImpl.java:lambda$waitForClusterToBeReady$0(150)) - Nodes are ready. Got 3 of 3 DN Heartbeats.
2019-11-19 07:31:49,111 [RatisPipelineUtilsThread] INFO  pipeline.PipelineStateManager (PipelineStateManager.java:addPipeline(55)) - Created pipeline Pipeline[ Id: f5092271-c54f-48ab-907e-5a5c102761b5, Nodes: 55a49550-9793-45a7-9328-42decfaf4bde{ip: 192.168.157.221, host: pr-hdds-2486-rcb2c-3991983431, networkLocation: /default-rack, certSerialId: null}, Type:RATIS, Factor:ONE, State:ALLOCATED]
2019-11-19 07:31:49,112 [main] INFO  ozone.MiniOzoneClusterImpl (MiniOzoneClusterImpl.java:lambda$waitForClusterToBeReady$0(153)) - Waiting for cluster to exit safe mode
2019-11-19 07:31:49,112 [RatisPipelineUtilsThread] INFO  pipeline.RatisPipelineProvider (RatisPipelineProvider.java:lambda$create$4(163)) - Send pipeline:PipelineID=d7d85ada-17d3-4b16-bdad-7d22bbc7452d create command to datanode 0427b329-8a9a-4470-8879-2ada41e3e7d2
2019-11-19 07:31:49,113 [RatisPipelineUtilsThread] INFO  pipeline.RatisPipelineProvider (RatisPipelineProvider.java:lambda$create$4(163)) - Send pipeline:PipelineID=d7d85ada-17d3-4b16-bdad-7d22bbc7452d create command to datanode 55a49550-9793-45a7-9328-42decfaf4bde
2019-11-19 07:31:49,113 [RatisPipelineUtilsThread] INFO  pipeline.RatisPipelineProvider (RatisPipelineProvider.java:lambda$create$4(163)) - Send pipeline:PipelineID=d7d85ada-17d3-4b16-bdad-7d22bbc7452d create command to datanode c0e0c80b-9e0e-42fb-bb8a-7fd36c2f8c11
2019-11-19 07:31:49,113 [RatisPipelineUtilsThread] INFO  pipeline.PipelineStateManager (PipelineStateManager.java:addPipeline(55)) - Created pipeline Pipeline[ Id: d7d85ada-17d3-4b16-bdad-7d22bbc7452d, Nodes: 0427b329-8a9a-4470-8879-2ada41e3e7d2{ip: 192.168.157.221, host: pr-hdds-2486-rcb2c-3991983431, networkLocation: /default-rack, certSerialId: null}55a49550-9793-45a7-9328-42decfaf4bde{ip: 192.168.157.221, host: pr-hdds-2486-rcb2c-3991983431, networkLocation: /default-rack, certSerialId: null}c0e0c80b-9e0e-42fb-bb8a-7fd36c2f8c11{ip: 192.168.157.221, host: pr-hdds-2486-rcb2c-3991983431, networkLocation: /default-rack, certSerialId: null}, Type:RATIS, Factor:THREE, State:ALLOCATED]
2019-11-19 07:31:50,112 [main] INFO  ozone.MiniOzoneClusterImpl (MiniOzoneClusterImpl.java:lambda$waitForClusterToBeReady$0(150)) - Nodes are ready. Got 3 of 3 DN Heartbeats.
2019-11-19 07:31:50,113 [main] INFO  ozone.MiniOzoneClusterImpl (MiniOzoneClusterImpl.java:lambda$waitForClusterToBeReady$0(153)) - Waiting for cluster to exit safe mode
2019-11-19 07:31:51,113 [main] INFO  ozone.MiniOzoneClusterImpl (MiniOzoneClusterImpl.java:lambda$waitForClusterToBeReady$0(150)) - Nodes are ready. Got 3 of 3 DN Heartbeats.
2019-11-19 07:31:51,113 [main] INFO  ozone.MiniOzoneClusterImpl (MiniOzoneClusterImpl.java:lambda$waitForClusterToBeReady$0(153)) - Waiting for cluster to exit safe mode
2019-11-19 07:31:52,000 [Command processor thread] INFO  impl.RaftServerProxy (RaftServerProxy.java:addNew(89)) - 0427b329-8a9a-4470-8879-2ada41e3e7d2: addNew group-847E6280C345:[0427b329-8a9a-4470-8879-2ada41e3e7d2:192.168.157.221:40020] returns group-847E6280C345:java.util.concurrent.CompletableFuture@5c08bae2[Not completed]
2019-11-19 07:31:52,025 [pool-27-thread-1] INFO  impl.RaftServerImpl (RaftServerImpl.java:<init>(98)) - 0427b329-8a9a-4470-8879-2ada41e3e7d2: new RaftServerImpl for group-847E6280C345:[0427b329-8a9a-4470-8879-2ada41e3e7d2:192.168.157.221:40020] with ContainerStateMachine:uninitialized
2019-11-19 07:31:52,028 [pool-27-thread-1] INFO  server.RaftServerConfigKeys (ConfUtils.java:logGet(43)) - raft.server.rpc.timeout.min = 5s (custom)
2019-11-19 07:31:52,029 [pool-27-thread-1] INFO  server.RaftServerConfigKeys (ConfUtils.java:logGet(43)) - raft.server.rpc.timeout.max = 5200ms (custom)
2019-11-19 07:31:52,030 [pool-27-thread-1] INFO  server.RaftServerConfigKeys (ConfUtils.java:logGet(43)) - raft.server.rpcslowness.timeout = 120s (custom)
2019-11-19 07:31:52,031 [pool-27-thread-1] INFO  server.RaftServerConfigKeys (ConfUtils.java:logGet(43)) - raft.server.sleep.deviation.threshold = 300 (default)
2019-11-19 07:31:52,032 [pool-27-thread-1] INFO  server.RaftServerConfigKeys (ConfUtils.java:logGet(43)) - raft.server.log.appender.install.snapshot.enabled = false (custom)
2019-11-19 07:31:52,041 [Command processor thread] INFO  impl.RaftServerProxy (RaftServerProxy.java:addNew(89)) - c0e0c80b-9e0e-42fb-bb8a-7fd36c2f8c11: addNew group-D576EFE2AD8B:[c0e0c80b-9e0e-42fb-bb8a-7fd36c2f8c11:192.168.157.221:36451] returns group-D576EFE2AD8B:java.util.concurrent.CompletableFuture@32f4099a[Not completed]
2019-11-19 07:31:52,067 [pool-37-thread-1] INFO  impl.RaftServerImpl (RaftServerImpl.java:<init>(98)) - c0e0c80b-9e0e-42fb-bb8a-7fd36c2f8c11: new RaftServerImpl for group-D576EFE2AD8B:[c0e0c80b-9e0e-42fb-bb8a-7fd36c2f8c11:192.168.157.221:36451] with ContainerStateMachine:uninitialized
2019-11-19 07:31:52,069 [pool-27-thread-1] INFO  impl.RaftServerImpl (ServerState.java:<init>(103)) - 0427b329-8a9a-4470-8879-2ada41e3e7d2@group-847E6280C345: ConfigurationManager, init=-1: [0427b329-8a9a-4470-8879-2ada41e3e7d2:192.168.157.221:40020], old=null, confs=<EMPTY_MAP>
2019-11-19 07:31:52,069 [pool-37-thread-1] INFO  server.RaftServerConfigKeys (ConfUtils.java:logGet(43)) - raft.server.rpc.timeout.min = 5s (custom)
2019-11-19 07:31:52,069 [pool-37-thread-1] INFO  server.RaftServerConfigKeys (ConfUtils.java:logGet(43)) - raft.server.rpc.timeout.max = 5200ms (custom)
2019-11-19 07:31:52,069 [pool-27-thread-1] INFO  server.RaftServerConfigKeys (ConfUtils.java:logGet(43)) - raft.server.storage.dir = [/workdir/hadoop-ozone/tools/target/test-dir/MiniOzoneClusterImpl-981bece0-af7a-4a5f-85f9-dd68986b6607/datanode-0/data/ratis] (custom)
2019-11-19 07:31:52,069 [pool-37-thread-1] INFO  server.RaftServerConfigKeys (ConfUtils.java:logGet(43)) - raft.server.rpcslowness.timeout = 120s (custom)
2019-11-19 07:31:52,070 [pool-37-thread-1] INFO  server.RaftServerConfigKeys (ConfUtils.java:logGet(43)) - raft.server.sleep.deviation.threshold = 300 (default)
2019-11-19 07:31:52,070 [pool-37-thread-1] INFO  server.RaftServerConfigKeys (ConfUtils.java:logGet(43)) - raft.server.log.appender.install.snapshot.enabled = false (custom)
2019-11-19 07:31:52,070 [pool-37-thread-1] INFO  impl.RaftServerImpl (ServerState.java:<init>(103)) - c0e0c80b-9e0e-42fb-bb8a-7fd36c2f8c11@group-D576EFE2AD8B: ConfigurationManager, init=-1: [c0e0c80b-9e0e-42fb-bb8a-7fd36c2f8c11:192.168.157.221:36451], old=null, confs=<EMPTY_MAP>
2019-11-19 07:31:52,071 [pool-37-thread-1] INFO  server.RaftServerConfigKeys (ConfUtils.java:logGet(43)) - raft.server.storage.dir = [/workdir/hadoop-ozone/tools/target/test-dir/MiniOzoneClusterImpl-981bece0-af7a-4a5f-85f9-dd68986b6607/datanode-1/data/ratis] (custom)
2019-11-19 07:31:52,077 [pool-27-thread-1] INFO  server.RaftServerConfigKeys (ConfUtils.java:logGet(43)) - raft.server.log.corruption.policy = EXCEPTION (default)
2019-11-19 07:31:52,077 [pool-37-thread-1] INFO  server.RaftServerConfigKeys (ConfUtils.java:logGet(43)) - raft.server.log.corruption.policy = EXCEPTION (default)
2019-11-19 07:31:52,079 [pool-27-thread-1] INFO  storage.RaftStorageDirectory (RaftStorageDirectory.java:analyzeStorage(246)) - The storage directory /workdir/hadoop-ozone/tools/target/test-dir/MiniOzoneClusterImpl-981bece0-af7a-4a5f-85f9-dd68986b6607/datanode-0/data/ratis/916091e6-6bab-4974-ab6d-847e6280c345 does not exist. Creating ...
2019-11-19 07:31:52,079 [pool-37-thread-1] INFO  storage.RaftStorageDirectory (RaftStorageDirectory.java:analyzeStorage(246)) - The storage directory /workdir/hadoop-ozone/tools/target/test-dir/MiniOzoneClusterImpl-981bece0-af7a-4a5f-85f9-dd68986b6607/datanode-1/data/ratis/f6d79f75-760c-43cb-afb3-d576efe2ad8b does not exist. Creating ...
2019-11-19 07:31:52,110 [Command processor thread] INFO  impl.RaftServerProxy (RaftServerProxy.java:addNew(89)) - 55a49550-9793-45a7-9328-42decfaf4bde: addNew group-5A5C102761B5:[55a49550-9793-45a7-9328-42decfaf4bde:192.168.157.221:40067] returns group-5A5C102761B5:java.util.concurrent.CompletableFuture@1679b9b[Not completed]
2019-11-19 07:31:52,119 [main] INFO  ozone.MiniOzoneClusterImpl (MiniOzoneClusterImpl.java:lambda$waitForClusterToBeReady$0(150)) - Nodes are ready. Got 3 of 3 DN Heartbeats.
2019-11-19 07:31:52,126 [main] INFO  ozone.MiniOzoneClusterImpl (MiniOzoneClusterImpl.java:lambda$waitForClusterToBeReady$0(153)) - Waiting for cluster to exit safe mode
2019-11-19 07:31:52,127 [pool-47-thread-1] INFO  impl.RaftServerImpl (RaftServerImpl.java:<init>(98)) - 55a49550-9793-45a7-9328-42decfaf4bde: new RaftServerImpl for group-5A5C102761B5:[55a49550-9793-45a7-9328-42decfaf4bde:192.168.157.221:40067] with ContainerStateMachine:uninitialized
2019-11-19 07:31:52,128 [pool-47-thread-1] INFO  server.RaftServerConfigKeys (ConfUtils.java:logGet(43)) - raft.server.rpc.timeout.min = 5s (custom)
2019-11-19 07:31:52,128 [pool-47-thread-1] INFO  server.RaftServerConfigKeys (ConfUtils.java:logGet(43)) - raft.server.rpc.timeout.max = 5200ms (custom)
2019-11-19 07:31:52,128 [pool-47-thread-1] INFO  server.RaftServerConfigKeys (ConfUtils.java:logGet(43)) - raft.server.rpcslowness.timeout = 120s (custom)
2019-11-19 07:31:52,128 [pool-47-thread-1] INFO  server.RaftServerConfigKeys (ConfUtils.java:logGet(43)) - raft.server.sleep.deviation.threshold = 300 (default)
2019-11-19 07:31:52,129 [pool-47-thread-1] INFO  server.RaftServerConfigKeys (ConfUtils.java:logGet(43)) - raft.server.log.appender.install.snapshot.enabled = false (custom)
2019-11-19 07:31:52,129 [pool-47-thread-1] INFO  impl.RaftServerImpl (ServerState.java:<init>(103)) - 55a49550-9793-45a7-9328-42decfaf4bde@group-5A5C102761B5: ConfigurationManager, init=-1: [55a49550-9793-45a7-9328-42decfaf4bde:192.168.157.221:40067], old=null, confs=<EMPTY_MAP>
2019-11-19 07:31:52,129 [pool-27-thread-1] INFO  storage.RaftStorageDirectory (RaftStorageDirectory.java:tryLock(328)) - Lock on /workdir/hadoop-ozone/tools/target/test-dir/MiniOzoneClusterImpl-981bece0-af7a-4a5f-85f9-dd68986b6607/datanode-0/data/ratis/916091e6-6bab-4974-ab6d-847e6280c345/in_use.lock acquired by nodename 31621@pr-hdds-2486-rcb2c-3991983431
2019-11-19 07:31:52,129 [pool-47-thread-1] INFO  server.RaftServerConfigKeys (ConfUtils.java:logGet(43)) - raft.server.storage.dir = [/workdir/hadoop-ozone/tools/target/test-dir/MiniOzoneClusterImpl-981bece0-af7a-4a5f-85f9-dd68986b6607/datanode-2/data/ratis] (custom)
2019-11-19 07:31:52,129 [pool-37-thread-1] INFO  storage.RaftStorageDirectory (RaftStorageDirectory.java:tryLock(328)) - Lock on /workdir/hadoop-ozone/tools/target/test-dir/MiniOzoneClusterImpl-981bece0-af7a-4a5f-85f9-dd68986b6607/datanode-1/data/ratis/f6d79f75-760c-43cb-afb3-d576efe2ad8b/in_use.lock acquired by nodename 31621@pr-hdds-2486-rcb2c-3991983431
2019-11-19 07:31:52,129 [pool-47-thread-1] INFO  server.RaftServerConfigKeys (ConfUtils.java:logGet(43)) - raft.server.log.corruption.policy = EXCEPTION (default)
2019-11-19 07:31:52,130 [pool-47-thread-1] INFO  storage.RaftStorageDirectory (RaftStorageDirectory.java:analyzeStorage(246)) - The storage directory /workdir/hadoop-ozone/tools/target/test-dir/MiniOzoneClusterImpl-981bece0-af7a-4a5f-85f9-dd68986b6607/datanode-2/data/ratis/f5092271-c54f-48ab-907e-5a5c102761b5 does not exist. Creating ...
2019-11-19 07:31:52,154 [pool-47-thread-1] INFO  storage.RaftStorageDirectory (RaftStorageDirectory.java:tryLock(328)) - Lock on /workdir/hadoop-ozone/tools/target/test-dir/MiniOzoneClusterImpl-981bece0-af7a-4a5f-85f9-dd68986b6607/datanode-2/data/ratis/f5092271-c54f-48ab-907e-5a5c102761b5/in_use.lock acquired by nodename 31621@pr-hdds-2486-rcb2c-3991983431
2019-11-19 07:31:52,155 [pool-37-thread-1] INFO  storage.RaftStorage (RaftStorage.java:format(84)) - Storage directory /workdir/hadoop-ozone/tools/target/test-dir/MiniOzoneClusterImpl-981bece0-af7a-4a5f-85f9-dd68986b6607/datanode-1/data/ratis/f6d79f75-760c-43cb-afb3-d576efe2ad8b has been successfully formatted.
2019-11-19 07:31:52,155 [pool-27-thread-1] INFO  storage.RaftStorage (RaftStorage.java:format(84)) - Storage directory /workdir/hadoop-ozone/tools/target/test-dir/MiniOzoneClusterImpl-981bece0-af7a-4a5f-85f9-dd68986b6607/datanode-0/data/ratis/916091e6-6bab-4974-ab6d-847e6280c345 has been successfully formatted.
2019-11-19 07:31:52,159 [pool-27-thread-1] INFO  ratis.ContainerStateMachine (ContainerStateMachine.java:loadSnapshot(223)) - group-847E6280C345: The snapshot info is null. Setting the last applied indexto:(t:0, i:~)
2019-11-19 07:31:52,159 [pool-37-thread-1] INFO  ratis.ContainerStateMachine (ContainerStateMachine.java:loadSnapshot(223)) - group-D576EFE2AD8B: The snapshot info is null. Setting the last applied indexto:(t:0, i:~)
2019-11-19 07:31:52,159 [pool-27-thread-1] INFO  server.RaftServerConfigKeys (ConfUtils.java:logGet(43)) - raft.server.notification.no-leader.timeout = 120s (custom)
2019-11-19 07:31:52,159 [pool-37-thread-1] INFO  server.RaftServerConfigKeys (ConfUtils.java:logGet(43)) - raft.server.notification.no-leader.timeout = 120s (custom)
2019-11-19 07:31:52,162 [pool-27-thread-1] INFO  server.RaftServerConfigKeys (ConfUtils.java:logGet(43)) - raft.server.log.use.memory = false (default)
2019-11-19 07:31:52,162 [pool-37-thread-1] INFO  server.RaftServerConfigKeys (ConfUtils.java:logGet(43)) - raft.server.log.use.memory = false (default)
2019-11-19 07:31:52,166 [pool-27-thread-1] INFO  server.RaftServerConfigKeys (ConfUtils.java:logGet(43)) - raft.server.log.purge.gap = 1000000 (custom)
2019-11-19 07:31:52,166 [pool-37-thread-1] INFO  server.RaftServerConfigKeys (ConfUtils.java:logGet(43)) - raft.server.log.purge.gap = 1000000 (custom)
2019-11-19 07:31:52,167 [pool-27-thread-1] INFO  server.RaftServerConfigKeys (ConfUtils.java:logGet(43)) - raft.server.log.appender.buffer.byte-limit = 33554432 (custom)
2019-11-19 07:31:52,167 [pool-37-thread-1] INFO  server.RaftServerConfigKeys (ConfUtils.java:logGet(43)) - raft.server.log.appender.buffer.byte-limit = 33554432 (custom)
2019-11-19 07:31:52,169 [pool-27-thread-1] INFO  server.RaftServerConfigKeys (ConfUtils.java:logGet(43)) - raft.server.log.segment.size.max = 1048576 (custom)
2019-11-19 07:31:52,169 [pool-37-thread-1] INFO  server.RaftServerConfigKeys (ConfUtils.java:logGet(43)) - raft.server.log.segment.size.max = 1048576 (custom)
2019-11-19 07:31:52,173 [pool-47-thread-1] INFO  storage.RaftStorage (RaftStorage.java:format(84)) - Storage directory /workdir/hadoop-ozone/tools/target/test-dir/MiniOzoneClusterImpl-981bece0-af7a-4a5f-85f9-dd68986b6607/datanode-2/data/ratis/f5092271-c54f-48ab-907e-5a5c102761b5 has been successfully formatted.
2019-11-19 07:31:52,173 [pool-47-thread-1] INFO  ratis.ContainerStateMachine (ContainerStateMachine.java:loadSnapshot(223)) - group-5A5C102761B5: The snapshot info is null. Setting the last applied indexto:(t:0, i:~)
2019-11-19 07:31:52,173 [pool-27-thread-1] INFO  metrics.MetricRegistries (MetricRegistriesLoader.java:load(64)) - Loaded MetricRegistries class org.apache.ratis.metrics.impl.MetricRegistriesImpl
2019-11-19 07:31:52,173 [pool-47-thread-1] INFO  server.RaftServerConfigKeys (ConfUtils.java:logGet(43)) - raft.server.notification.no-leader.timeout = 120s (custom)
2019-11-19 07:31:52,173 [pool-47-thread-1] INFO  server.RaftServerConfigKeys (ConfUtils.java:logGet(43)) - raft.server.log.use.memory = false (default)
2019-11-19 07:31:52,173 [pool-47-thread-1] INFO  server.RaftServerConfigKeys (ConfUtils.java:logGet(43)) - raft.server.log.purge.gap = 1000000 (custom)
2019-11-19 07:31:52,174 [pool-47-thread-1] INFO  server.RaftServerConfigKeys (ConfUtils.java:logGet(43)) - raft.server.log.appender.buffer.byte-limit = 33554432 (custom)
2019-11-19 07:31:52,174 [pool-47-thread-1] INFO  server.RaftServerConfigKeys (ConfUtils.java:logGet(43)) - raft.server.log.segment.size.max = 1048576 (custom)
2019-11-19 07:31:52,177 [pool-47-thread-1] WARN  impl.MetricRegistriesImpl (MetricRegistriesImpl.java:lambda$create$1(61)) - First MetricRegistry has been created without registering reporters. You may need to call MetricRegistries.global().addReportRegistration(...) before.
2019-11-19 07:31:52,177 [pool-37-thread-1] WARN  impl.MetricRegistriesImpl (MetricRegistriesImpl.java:lambda$create$1(61)) - First MetricRegistry has been created without registering reporters. You may need to call MetricRegistries.global().addReportRegistration(...) before.
2019-11-19 07:31:52,177 [pool-27-thread-1] WARN  impl.MetricRegistriesImpl (MetricRegistriesImpl.java:lambda$create$1(61)) - First MetricRegistry has been created without registering reporters. You may need to call MetricRegistries.global().addReportRegistration(...) before.
2019-11-19 07:31:52,184 [pool-27-thread-1] INFO  server.RaftServerConfigKeys (ConfUtils.java:logGet(43)) - raft.server.log.segment.cache.num.max = 2 (custom)
2019-11-19 07:31:52,184 [pool-47-thread-1] INFO  server.RaftServerConfigKeys (ConfUtils.java:logGet(43)) - raft.server.log.segment.cache.num.max = 2 (custom)
2019-11-19 07:31:52,184 [pool-37-thread-1] INFO  server.RaftServerConfigKeys (ConfUtils.java:logGet(43)) - raft.server.log.segment.cache.num.max = 2 (custom)
2019-11-19 07:31:52,190 [pool-27-thread-1] INFO  segmented.SegmentedRaftLogWorker (SegmentedRaftLogWorker.java:<init>(173)) - new 0427b329-8a9a-4470-8879-2ada41e3e7d2@group-847E6280C345-SegmentedRaftLogWorker for RaftStorage:Storage Directory /workdir/hadoop-ozone/tools/target/test-dir/MiniOzoneClusterImpl-981bece0-af7a-4a5f-85f9-dd68986b6607/datanode-0/data/ratis/916091e6-6bab-4974-ab6d-847e6280c345
2019-11-19 07:31:52,190 [pool-47-thread-1] INFO  segmented.SegmentedRaftLogWorker (SegmentedRaftLogWorker.java:<init>(173)) - new 55a49550-9793-45a7-9328-42decfaf4bde@group-5A5C102761B5-SegmentedRaftLogWorker for RaftStorage:Storage Directory /workdir/hadoop-ozone/tools/target/test-dir/MiniOzoneClusterImpl-981bece0-af7a-4a5f-85f9-dd68986b6607/datanode-2/data/ratis/f5092271-c54f-48ab-907e-5a5c102761b5
2019-11-19 07:31:52,190 [pool-37-thread-1] INFO  segmented.SegmentedRaftLogWorker (SegmentedRaftLogWorker.java:<init>(173)) - new c0e0c80b-9e0e-42fb-bb8a-7fd36c2f8c11@group-D576EFE2AD8B-SegmentedRaftLogWorker for RaftStorage:Storage Directory /workdir/hadoop-ozone/tools/target/test-dir/MiniOzoneClusterImpl-981bece0-af7a-4a5f-85f9-dd68986b6607/datanode-1/data/ratis/f6d79f75-760c-43cb-afb3-d576efe2ad8b
2019-11-19 07:31:52,191 [pool-27-thread-1] INFO  server.RaftServerConfigKeys (ConfUtils.java:logGet(43)) - raft.server.log.queue.byte-limit = 2147483647 (custom)
2019-11-19 07:31:52,191 [pool-47-thread-1] INFO  server.RaftServerConfigKeys (ConfUtils.java:logGet(43)) - raft.server.log.queue.byte-limit = 2147483647 (custom)
2019-11-19 07:31:52,191 [pool-37-thread-1] INFO  server.RaftServerConfigKeys (ConfUtils.java:logGet(43)) - raft.server.log.queue.byte-limit = 2147483647 (custom)
2019-11-19 07:31:52,191 [pool-27-thread-1] INFO  server.RaftServerConfigKeys (ConfUtils.java:logGet(43)) - raft.server.log.queue.element-limit = 1024 (custom)
2019-11-19 07:31:52,191 [pool-47-thread-1] INFO  server.RaftServerConfigKeys (ConfUtils.java:logGet(43)) - raft.server.log.queue.element-limit = 1024 (custom)
2019-11-19 07:31:52,192 [pool-37-thread-1] INFO  server.RaftServerConfigKeys (ConfUtils.java:logGet(43)) - raft.server.log.queue.element-limit = 1024 (custom)
2019-11-19 07:31:52,192 [pool-27-thread-1] INFO  server.RaftServerConfigKeys (ConfUtils.java:logGet(43)) - raft.server.log.segment.size.max = 1048576 (custom)
2019-11-19 07:31:52,193 [pool-37-thread-1] INFO  server.RaftServerConfigKeys (ConfUtils.java:logGet(43)) - raft.server.log.segment.size.max = 1048576 (custom)
2019-11-19 07:31:52,192 [pool-47-thread-1] INFO  server.RaftServerConfigKeys (ConfUtils.java:logGet(43)) - raft.server.log.segment.size.max = 1048576 (custom)
2019-11-19 07:31:52,193 [pool-27-thread-1] INFO  server.RaftServerConfigKeys (ConfUtils.java:logGet(43)) - raft.server.log.preallocated.size = 16384 (custom)
2019-11-19 07:31:52,193 [pool-47-thread-1] INFO  server.RaftServerConfigKeys (ConfUtils.java:logGet(43)) - raft.server.log.preallocated.size = 16384 (custom)
2019-11-19 07:31:52,193 [pool-37-thread-1] INFO  server.RaftServerConfigKeys (ConfUtils.java:logGet(43)) - raft.server.log.preallocated.size = 16384 (custom)
2019-11-19 07:31:52,193 [pool-27-thread-1] INFO  server.RaftServerConfigKeys (ConfUtils.java:logGet(43)) - raft.server.log.write.buffer.size = 33554432 (custom)
2019-11-19 07:31:52,193 [pool-37-thread-1] INFO  server.RaftServerConfigKeys (ConfUtils.java:logGet(43)) - raft.server.log.write.buffer.size = 33554432 (custom)
2019-11-19 07:31:52,193 [pool-47-thread-1] INFO  server.RaftServerConfigKeys (ConfUtils.java:logGet(43)) - raft.server.log.write.buffer.size = 33554432 (custom)
2019-11-19 07:31:52,194 [pool-47-thread-1] INFO  server.RaftServerConfigKeys (ConfUtils.java:logGet(43)) - raft.server.log.force.sync.num = 128 (default)
2019-11-19 07:31:52,194 [pool-27-thread-1] INFO  server.RaftServerConfigKeys (ConfUtils.java:logGet(43)) - raft.server.log.force.sync.num = 128 (default)
2019-11-19 07:31:52,194 [pool-37-thread-1] INFO  server.RaftServerConfigKeys (ConfUtils.java:logGet(43)) - raft.server.log.force.sync.num = 128 (default)
2019-11-19 07:31:52,195 [pool-27-thread-1] INFO  server.RaftServerConfigKeys (ConfUtils.java:logGet(43)) - raft.server.log.statemachine.data.sync = true (default)
2019-11-19 07:31:52,195 [pool-47-thread-1] INFO  server.RaftServerConfigKeys (ConfUtils.java:logGet(43)) - raft.server.log.statemachine.data.sync = true (default)
2019-11-19 07:31:52,195 [pool-27-thread-1] INFO  server.RaftServerConfigKeys (ConfUtils.java:logGet(43)) - raft.server.log.statemachine.data.sync.timeout = 10s (default)
2019-11-19 07:31:52,195 [pool-37-thread-1] INFO  server.RaftServerConfigKeys (ConfUtils.java:logGet(43)) - raft.server.log.statemachine.data.sync = true (default)
2019-11-19 07:31:52,195 [pool-47-thread-1] INFO  server.RaftServerConfigKeys (ConfUtils.java:logGet(43)) - raft.server.log.statemachine.data.sync.timeout = 10s (default)
2019-11-19 07:31:52,196 [pool-37-thread-1] INFO  server.RaftServerConfigKeys (ConfUtils.java:logGet(43)) - raft.server.log.statemachine.data.sync.timeout = 10s (default)
2019-11-19 07:31:52,196 [pool-47-thread-1] INFO  server.RaftServerConfigKeys (ConfUtils.java:logGet(43)) - raft.server.log.statemachine.data.sync.timeout.retry = -1 (default)
2019-11-19 07:31:52,196 [pool-27-thread-1] INFO  server.RaftServerConfigKeys (ConfUtils.java:logGet(43)) - raft.server.log.statemachine.data.sync.timeout.retry = -1 (default)
2019-11-19 07:31:52,196 [pool-37-thread-1] INFO  server.RaftServerConfigKeys (ConfUtils.java:logGet(43)) - raft.server.log.statemachine.data.sync.timeout.retry = -1 (default)
2019-11-19 07:31:52,210 [pool-27-thread-1] INFO  server.RaftServerConfigKeys (ConfUtils.java:logGet(43)) - raft.server.log.statemachine.data.caching.enabled = true (custom)
2019-11-19 07:31:52,210 [pool-37-thread-1] INFO  server.RaftServerConfigKeys (ConfUtils.java:logGet(43)) - raft.server.log.statemachine.data.caching.enabled = true (custom)
2019-11-19 07:31:52,210 [pool-47-thread-1] INFO  server.RaftServerConfigKeys (ConfUtils.java:logGet(43)) - raft.server.log.statemachine.data.caching.enabled = true (custom)
2019-11-19 07:31:52,216 [pool-27-thread-1] INFO  segmented.SegmentedRaftLogWorker (SegmentedRaftLogWorker.java:lambda$new$0(128)) - 0427b329-8a9a-4470-8879-2ada41e3e7d2@group-847E6280C345-SegmentedRaftLogWorker: flushIndex: setUnconditionally 0 -> -1
2019-11-19 07:31:52,216 [pool-47-thread-1] INFO  segmented.SegmentedRaftLogWorker (SegmentedRaftLogWorker.java:lambda$new$0(128)) - 55a49550-9793-45a7-9328-42decfaf4bde@group-5A5C102761B5-SegmentedRaftLogWorker: flushIndex: setUnconditionally 0 -> -1
2019-11-19 07:31:52,216 [pool-37-thread-1] INFO  segmented.SegmentedRaftLogWorker (SegmentedRaftLogWorker.java:lambda$new$0(128)) - c0e0c80b-9e0e-42fb-bb8a-7fd36c2f8c11@group-D576EFE2AD8B-SegmentedRaftLogWorker: flushIndex: setUnconditionally 0 -> -1
2019-11-19 07:31:52,220 [pool-27-thread-1] INFO  server.RaftServerConfigKeys (ConfUtils.java:logGet(43)) - raft.server.snapshot.auto.trigger.enabled = true (custom)
2019-11-19 07:31:52,220 [pool-47-thread-1] INFO  server.RaftServerConfigKeys (ConfUtils.java:logGet(43)) - raft.server.snapshot.auto.trigger.enabled = true (custom)
2019-11-19 07:31:52,220 [pool-37-thread-1] INFO  server.RaftServerConfigKeys (ConfUtils.java:logGet(43)) - raft.server.snapshot.auto.trigger.enabled = true (custom)
2019-11-19 07:31:52,221 [pool-27-thread-1] INFO  server.RaftServerConfigKeys (ConfUtils.java:logGet(43)) - raft.server.snapshot.auto.trigger.threshold = 10000 (custom)
2019-11-19 07:31:52,221 [pool-47-thread-1] INFO  server.RaftServerConfigKeys (ConfUtils.java:logGet(43)) - raft.server.snapshot.auto.trigger.threshold = 10000 (custom)
2019-11-19 07:31:52,222 [pool-37-thread-1] INFO  server.RaftServerConfigKeys (ConfUtils.java:logGet(43)) - raft.server.snapshot.auto.trigger.threshold = 10000 (custom)
2019-11-19 07:31:52,222 [pool-27-thread-1] INFO  server.RaftServerConfigKeys (ConfUtils.java:logGet(43)) - raft.server.snapshot.retention.file.num = 5 (custom)
2019-11-19 07:31:52,222 [pool-47-thread-1] INFO  server.RaftServerConfigKeys (ConfUtils.java:logGet(43)) - raft.server.snapshot.retention.file.num = 5 (custom)
2019-11-19 07:31:52,222 [pool-37-thread-1] INFO  server.RaftServerConfigKeys (ConfUtils.java:logGet(43)) - raft.server.snapshot.retention.file.num = 5 (custom)
2019-11-19 07:31:52,222 [pool-47-thread-1] INFO  server.RaftServerConfigKeys (ConfUtils.java:logGet(43)) - raft.server.retrycache.expirytime = 600000ms (custom)
2019-11-19 07:31:52,222 [pool-37-thread-1] INFO  server.RaftServerConfigKeys (ConfUtils.java:logGet(43)) - raft.server.retrycache.expirytime = 600000ms (custom)
2019-11-19 07:31:52,222 [pool-27-thread-1] INFO  server.RaftServerConfigKeys (ConfUtils.java:logGet(43)) - raft.server.retrycache.expirytime = 600000ms (custom)
2019-11-19 07:31:52,241 [pool-27-thread-1] WARN  impl.MetricRegistriesImpl (MetricRegistriesImpl.java:lambda$create$1(61)) - First MetricRegistry has been created without registering reporters. You may need to call MetricRegistries.global().addReportRegistration(...) before.
2019-11-19 07:31:52,241 [pool-47-thread-1] WARN  impl.MetricRegistriesImpl (MetricRegistriesImpl.java:lambda$create$1(61)) - First MetricRegistry has been created without registering reporters. You may need to call MetricRegistries.global().addReportRegistration(...) before.
2019-11-19 07:31:52,241 [pool-37-thread-1] WARN  impl.MetricRegistriesImpl (MetricRegistriesImpl.java:lambda$create$1(61)) - First MetricRegistry has been created without registering reporters. You may need to call MetricRegistries.global().addReportRegistration(...) before.
2019-11-19 07:31:52,242 [pool-27-thread-1] WARN  impl.MetricRegistriesImpl (MetricRegistriesImpl.java:lambda$create$1(61)) - First MetricRegistry has been created without registering reporters. You may need to call MetricRegistries.global().addReportRegistration(...) before.
2019-11-19 07:31:52,242 [pool-47-thread-1] WARN  impl.MetricRegistriesImpl (MetricRegistriesImpl.java:lambda$create$1(61)) - First MetricRegistry has been created without registering reporters. You may need to call MetricRegistries.global().addReportRegistration(...) before.
2019-11-19 07:31:52,242 [pool-37-thread-1] WARN  impl.MetricRegistriesImpl (MetricRegistriesImpl.java:lambda$create$1(61)) - First MetricRegistry has been created without registering reporters. You may need to call MetricRegistries.global().addReportRegistration(...) before.
2019-11-19 07:31:52,244 [pool-27-thread-1] INFO  impl.RaftServerImpl (RaftServerImpl.java:start(184)) - 0427b329-8a9a-4470-8879-2ada41e3e7d2@group-847E6280C345: start as a follower, conf=-1: [0427b329-8a9a-4470-8879-2ada41e3e7d2:192.168.157.221:40020], old=null
2019-11-19 07:31:52,244 [pool-37-thread-1] INFO  impl.RaftServerImpl (RaftServerImpl.java:start(184)) - c0e0c80b-9e0e-42fb-bb8a-7fd36c2f8c11@group-D576EFE2AD8B: start as a follower, conf=-1: [c0e0c80b-9e0e-42fb-bb8a-7fd36c2f8c11:192.168.157.221:36451], old=null
2019-11-19 07:31:52,244 [pool-47-thread-1] INFO  impl.RaftServerImpl (RaftServerImpl.java:start(184)) - 55a49550-9793-45a7-9328-42decfaf4bde@group-5A5C102761B5: start as a follower, conf=-1: [55a49550-9793-45a7-9328-42decfaf4bde:192.168.157.221:40067], old=null
2019-11-19 07:31:52,245 [pool-27-thread-1] INFO  impl.RaftServerImpl (RaftServerImpl.java:setRole(173)) - 0427b329-8a9a-4470-8879-2ada41e3e7d2@group-847E6280C345: changes role from      null to FOLLOWER at term 0 for startAsFollower
2019-11-19 07:31:52,245 [pool-47-thread-1] INFO  impl.RaftServerImpl (RaftServerImpl.java:setRole(173)) - 55a49550-9793-45a7-9328-42decfaf4bde@group-5A5C102761B5: changes role from      null to FOLLOWER at term 0 for startAsFollower
2019-11-19 07:31:52,245 [pool-37-thread-1] INFO  impl.RaftServerImpl (RaftServerImpl.java:setRole(173)) - c0e0c80b-9e0e-42fb-bb8a-7fd36c2f8c11@group-D576EFE2AD8B: changes role from      null to FOLLOWER at term 0 for startAsFollower
2019-11-19 07:31:52,246 [pool-27-thread-1] INFO  impl.RoleInfo (RoleInfo.java:updateAndGet(143)) - 0427b329-8a9a-4470-8879-2ada41e3e7d2: start FollowerState
2019-11-19 07:31:52,247 [pool-37-thread-1] INFO  impl.RoleInfo (RoleInfo.java:updateAndGet(143)) - c0e0c80b-9e0e-42fb-bb8a-7fd36c2f8c11: start FollowerState
2019-11-19 07:31:52,246 [pool-47-thread-1] INFO  impl.RoleInfo (RoleInfo.java:updateAndGet(143)) - 55a49550-9793-45a7-9328-42decfaf4bde: start FollowerState
2019-11-19 07:31:52,249 [pool-27-thread-1] INFO  util.JmxRegister (JmxRegister.java:tryRegister(44)) - Successfully registered JMX Bean with object name Ratis:service=RaftServer,group=group-847E6280C345,id=0427b329-8a9a-4470-8879-2ada41e3e7d2
2019-11-19 07:31:52,249 [pool-37-thread-1] INFO  util.JmxRegister (JmxRegister.java:tryRegister(44)) - Successfully registered JMX Bean with object name Ratis:service=RaftServer,group=group-D576EFE2AD8B,id=c0e0c80b-9e0e-42fb-bb8a-7fd36c2f8c11
2019-11-19 07:31:52,249 [pool-47-thread-1] INFO  util.JmxRegister (JmxRegister.java:tryRegister(44)) - Successfully registered JMX Bean with object name Ratis:service=RaftServer,group=group-5A5C102761B5,id=55a49550-9793-45a7-9328-42decfaf4bde
2019-11-19 07:31:52,253 [pool-27-thread-1] WARN  impl.MetricRegistriesImpl (MetricRegistriesImpl.java:lambda$create$1(61)) - First MetricRegistry has been created without registering reporters. You may need to call MetricRegistries.global().addReportRegistration(...) before.
2019-11-19 07:31:52,253 [pool-47-thread-1] WARN  impl.MetricRegistriesImpl (MetricRegistriesImpl.java:lambda$create$1(61)) - First MetricRegistry has been created without registering reporters. You may need to call MetricRegistries.global().addReportRegistration(...) before.
2019-11-19 07:31:52,253 [pool-37-thread-1] WARN  impl.MetricRegistriesImpl (MetricRegistriesImpl.java:lambda$create$1(61)) - First MetricRegistry has been created without registering reporters. You may need to call MetricRegistries.global().addReportRegistration(...) before.
2019-11-19 07:31:52,266 [Command processor thread] INFO  commandhandler.CreatePipelineCommandHandler (CreatePipelineCommandHandler.java:handle(86)) - Create Pipeline RATIS ONE #id: "916091e6-6bab-4974-ab6d-847e6280c345"
 command succeed on datanode 0427b329-8a9a-4470-8879-2ada41e3e7d2.
2019-11-19 07:31:52,266 [Command processor thread] INFO  commandhandler.CreatePipelineCommandHandler (CreatePipelineCommandHandler.java:handle(86)) - Create Pipeline RATIS ONE #id: "f5092271-c54f-48ab-907e-5a5c102761b5"
 command succeed on datanode 55a49550-9793-45a7-9328-42decfaf4bde.
2019-11-19 07:31:52,266 [Command processor thread] INFO  commandhandler.CreatePipelineCommandHandler (CreatePipelineCommandHandler.java:handle(86)) - Create Pipeline RATIS ONE #id: "f6d79f75-760c-43cb-afb3-d576efe2ad8b"
 command succeed on datanode c0e0c80b-9e0e-42fb-bb8a-7fd36c2f8c11.
2019-11-19 07:31:52,271 [Command processor thread] INFO  impl.RaftServerProxy (RaftServerProxy.java:addNew(89)) - 55a49550-9793-45a7-9328-42decfaf4bde: addNew group-7D22BBC7452D:[55a49550-9793-45a7-9328-42decfaf4bde:192.168.157.221:40067, c0e0c80b-9e0e-42fb-bb8a-7fd36c2f8c11:192.168.157.221:36451, 0427b329-8a9a-4470-8879-2ada41e3e7d2:192.168.157.221:40020] returns group-7D22BBC7452D:java.util.concurrent.CompletableFuture@5580f6f[Not completed]
2019-11-19 07:31:52,272 [Command processor thread] INFO  impl.RaftServerProxy (RaftServerProxy.java:addNew(89)) - 0427b329-8a9a-4470-8879-2ada41e3e7d2: addNew group-7D22BBC7452D:[55a49550-9793-45a7-9328-42decfaf4bde:192.168.157.221:40067, c0e0c80b-9e0e-42fb-bb8a-7fd36c2f8c11:192.168.157.221:36451, 0427b329-8a9a-4470-8879-2ada41e3e7d2:192.168.157.221:40020] returns group-7D22BBC7452D:java.util.concurrent.CompletableFuture@3fa86adc[Not completed]
2019-11-19 07:31:52,272 [Command processor thread] INFO  impl.RaftServerProxy (RaftServerProxy.java:addNew(89)) - c0e0c80b-9e0e-42fb-bb8a-7fd36c2f8c11: addNew group-7D22BBC7452D:[55a49550-9793-45a7-9328-42decfaf4bde:192.168.157.221:40067, c0e0c80b-9e0e-42fb-bb8a-7fd36c2f8c11:192.168.157.221:36451, 0427b329-8a9a-4470-8879-2ada41e3e7d2:192.168.157.221:40020] returns group-7D22BBC7452D:java.util.concurrent.CompletableFuture@36cb9b1c[Not completed]
2019-11-19 07:31:52,274 [pool-47-thread-1] INFO  impl.RaftServerImpl (RaftServerImpl.java:<init>(98)) - 55a49550-9793-45a7-9328-42decfaf4bde: new RaftServerImpl for group-7D22BBC7452D:[55a49550-9793-45a7-9328-42decfaf4bde:192.168.157.221:40067, c0e0c80b-9e0e-42fb-bb8a-7fd36c2f8c11:192.168.157.221:36451, 0427b329-8a9a-4470-8879-2ada41e3e7d2:192.168.157.221:40020] with ContainerStateMachine:uninitialized
2019-11-19 07:31:52,274 [pool-47-thread-1] INFO  server.RaftServerConfigKeys (ConfUtils.java:logGet(43)) - raft.server.rpc.timeout.min = 5s (custom)
2019-11-19 07:31:52,274 [pool-47-thread-1] INFO  server.RaftServerConfigKeys (ConfUtils.java:logGet(43)) - raft.server.rpc.timeout.max = 5200ms (custom)
2019-11-19 07:31:52,274 [pool-47-thread-1] INFO  server.RaftServerConfigKeys (ConfUtils.java:logGet(43)) - raft.server.rpcslowness.timeout = 120s (custom)
2019-11-19 07:31:52,274 [pool-47-thread-1] INFO  server.RaftServerConfigKeys (ConfUtils.java:logGet(43)) - raft.server.sleep.deviation.threshold = 300 (default)
2019-11-19 07:31:52,275 [pool-47-thread-1] INFO  server.RaftServerConfigKeys (ConfUtils.java:logGet(43)) - raft.server.log.appender.install.snapshot.enabled = false (custom)
2019-11-19 07:31:52,275 [pool-47-thread-1] INFO  impl.RaftServerImpl (ServerState.java:<init>(103)) - 55a49550-9793-45a7-9328-42decfaf4bde@group-7D22BBC7452D: ConfigurationManager, init=-1: [55a49550-9793-45a7-9328-42decfaf4bde:192.168.157.221:40067, c0e0c80b-9e0e-42fb-bb8a-7fd36c2f8c11:192.168.157.221:36451, 0427b329-8a9a-4470-8879-2ada41e3e7d2:192.168.157.221:40020], old=null, confs=<EMPTY_MAP>
2019-11-19 07:31:52,275 [pool-47-thread-1] INFO  server.RaftServerConfigKeys (ConfUtils.java:logGet(43)) - raft.server.storage.dir = [/workdir/hadoop-ozone/tools/target/test-dir/MiniOzoneClusterImpl-981bece0-af7a-4a5f-85f9-dd68986b6607/datanode-2/data/ratis] (custom)
2019-11-19 07:31:52,275 [pool-47-thread-1] INFO  server.RaftServerConfigKeys (ConfUtils.java:logGet(43)) - raft.server.log.corruption.policy = EXCEPTION (default)
2019-11-19 07:31:52,275 [pool-37-thread-1] INFO  impl.RaftServerImpl (RaftServerImpl.java:<init>(98)) - c0e0c80b-9e0e-42fb-bb8a-7fd36c2f8c11: new RaftServerImpl for group-7D22BBC7452D:[55a49550-9793-45a7-9328-42decfaf4bde:192.168.157.221:40067, c0e0c80b-9e0e-42fb-bb8a-7fd36c2f8c11:192.168.157.221:36451, 0427b329-8a9a-4470-8879-2ada41e3e7d2:192.168.157.221:40020] with ContainerStateMachine:uninitialized
2019-11-19 07:31:52,275 [pool-47-thread-1] INFO  storage.RaftStorageDirectory (RaftStorageDirectory.java:analyzeStorage(246)) - The storage directory /workdir/hadoop-ozone/tools/target/test-dir/MiniOzoneClusterImpl-981bece0-af7a-4a5f-85f9-dd68986b6607/datanode-2/data/ratis/d7d85ada-17d3-4b16-bdad-7d22bbc7452d does not exist. Creating ...
2019-11-19 07:31:52,275 [pool-37-thread-1] INFO  server.RaftServerConfigKeys (ConfUtils.java:logGet(43)) - raft.server.rpc.timeout.min = 5s (custom)
2019-11-19 07:31:52,276 [pool-37-thread-1] INFO  server.RaftServerConfigKeys (ConfUtils.java:logGet(43)) - raft.server.rpc.timeout.max = 5200ms (custom)
2019-11-19 07:31:52,276 [pool-37-thread-1] INFO  server.RaftServerConfigKeys (ConfUtils.java:logGet(43)) - raft.server.rpcslowness.timeout = 120s (custom)
2019-11-19 07:31:52,276 [pool-37-thread-1] INFO  server.RaftServerConfigKeys (ConfUtils.java:logGet(43)) - raft.server.sleep.deviation.threshold = 300 (default)
2019-11-19 07:31:52,276 [pool-37-thread-1] INFO  server.RaftServerConfigKeys (ConfUtils.java:logGet(43)) - raft.server.log.appender.install.snapshot.enabled = false (custom)
2019-11-19 07:31:52,276 [pool-37-thread-1] INFO  impl.RaftServerImpl (ServerState.java:<init>(103)) - c0e0c80b-9e0e-42fb-bb8a-7fd36c2f8c11@group-7D22BBC7452D: ConfigurationManager, init=-1: [55a49550-9793-45a7-9328-42decfaf4bde:192.168.157.221:40067, c0e0c80b-9e0e-42fb-bb8a-7fd36c2f8c11:192.168.157.221:36451, 0427b329-8a9a-4470-8879-2ada41e3e7d2:192.168.157.221:40020], old=null, confs=<EMPTY_MAP>
2019-11-19 07:31:52,276 [pool-27-thread-1] INFO  impl.RaftServerImpl (RaftServerImpl.java:<init>(98)) - 0427b329-8a9a-4470-8879-2ada41e3e7d2: new RaftServerImpl for group-7D22BBC7452D:[55a49550-9793-45a7-9328-42decfaf4bde:192.168.157.221:40067, c0e0c80b-9e0e-42fb-bb8a-7fd36c2f8c11:192.168.157.221:36451, 0427b329-8a9a-4470-8879-2ada41e3e7d2:192.168.157.221:40020] with ContainerStateMachine:uninitialized
2019-11-19 07:31:52,277 [pool-37-thread-1] INFO  server.RaftServerConfigKeys (ConfUtils.java:logGet(43)) - raft.server.storage.dir = [/workdir/hadoop-ozone/tools/target/test-dir/MiniOzoneClusterImpl-981bece0-af7a-4a5f-85f9-dd68986b6607/datanode-1/data/ratis] (custom)
2019-11-19 07:31:52,277 [pool-27-thread-1] INFO  server.RaftServerConfigKeys (ConfUtils.java:logGet(43)) - raft.server.rpc.timeout.min = 5s (custom)
2019-11-19 07:31:52,277 [pool-27-thread-1] INFO  server.RaftServerConfigKeys (ConfUtils.java:logGet(43)) - raft.server.rpc.timeout.max = 5200ms (custom)
2019-11-19 07:31:52,277 [pool-37-thread-1] INFO  server.RaftServerConfigKeys (ConfUtils.java:logGet(43)) - raft.server.log.corruption.policy = EXCEPTION (default)
2019-11-19 07:31:52,277 [pool-27-thread-1] INFO  server.RaftServerConfigKeys (ConfUtils.java:logGet(43)) - raft.server.rpcslowness.timeout = 120s (custom)
2019-11-19 07:31:52,277 [pool-37-thread-1] INFO  storage.RaftStorageDirectory (RaftStorageDirectory.java:analyzeStorage(246)) - The storage directory /workdir/hadoop-ozone/tools/target/test-dir/MiniOzoneClusterImpl-981bece0-af7a-4a5f-85f9-dd68986b6607/datanode-1/data/ratis/d7d85ada-17d3-4b16-bdad-7d22bbc7452d does not exist. Creating ...
2019-11-19 07:31:52,277 [pool-27-thread-1] INFO  server.RaftServerConfigKeys (ConfUtils.java:logGet(43)) - raft.server.sleep.deviation.threshold = 300 (default)
2019-11-19 07:31:52,277 [pool-27-thread-1] INFO  server.RaftServerConfigKeys (ConfUtils.java:logGet(43)) - raft.server.log.appender.install.snapshot.enabled = false (custom)
2019-11-19 07:31:52,278 [pool-27-thread-1] INFO  impl.RaftServerImpl (ServerState.java:<init>(103)) - 0427b329-8a9a-4470-8879-2ada41e3e7d2@group-7D22BBC7452D: ConfigurationManager, init=-1: [55a49550-9793-45a7-9328-42decfaf4bde:192.168.157.221:40067, c0e0c80b-9e0e-42fb-bb8a-7fd36c2f8c11:192.168.157.221:36451, 0427b329-8a9a-4470-8879-2ada41e3e7d2:192.168.157.221:40020], old=null, confs=<EMPTY_MAP>
2019-11-19 07:31:52,278 [pool-27-thread-1] INFO  server.RaftServerConfigKeys (ConfUtils.java:logGet(43)) - raft.server.storage.dir = [/workdir/hadoop-ozone/tools/target/test-dir/MiniOzoneClusterImpl-981bece0-af7a-4a5f-85f9-dd68986b6607/datanode-0/data/ratis] (custom)
2019-11-19 07:31:52,278 [pool-27-thread-1] INFO  server.RaftServerConfigKeys (ConfUtils.java:logGet(43)) - raft.server.log.corruption.policy = EXCEPTION (default)
2019-11-19 07:31:52,278 [pool-27-thread-1] INFO  storage.RaftStorageDirectory (RaftStorageDirectory.java:analyzeStorage(246)) - The storage directory /workdir/hadoop-ozone/tools/target/test-dir/MiniOzoneClusterImpl-981bece0-af7a-4a5f-85f9-dd68986b6607/datanode-0/data/ratis/d7d85ada-17d3-4b16-bdad-7d22bbc7452d does not exist. Creating ...
2019-11-19 07:31:52,284 [EventQueue-PipelineReportForPipelineReportHandler] INFO  pipeline.PipelineReportHandler (PipelineReportHandler.java:processPipelineReport(113)) - Pipeline ONE PipelineID=f6d79f75-760c-43cb-afb3-d576efe2ad8b reported by c0e0c80b-9e0e-42fb-bb8a-7fd36c2f8c11{ip: 192.168.157.221, host: pr-hdds-2486-rcb2c-3991983431, networkLocation: /default-rack, certSerialId: null}
2019-11-19 07:31:52,285 [EventQueue-PipelineReportForPipelineReportHandler] INFO  pipeline.PipelineStateManager (PipelineStateManager.java:openPipeline(132)) - Pipeline Pipeline[ Id: f6d79f75-760c-43cb-afb3-d576efe2ad8b, Nodes: c0e0c80b-9e0e-42fb-bb8a-7fd36c2f8c11{ip: 192.168.157.221, host: pr-hdds-2486-rcb2c-3991983431, networkLocation: /default-rack, certSerialId: null}, Type:RATIS, Factor:ONE, State:ALLOCATED] moved to OPEN state
2019-11-19 07:31:52,286 [EventQueue-OpenPipelineForOneReplicaPipelineSafeModeRule] INFO  safemode.SCMSafeModeManager (SCMSafeModeManager.java:validateSafeModeExitRules(176)) - AtleastOneDatanodeReportedRule rule is successfully validated
2019-11-19 07:31:52,286 [EventQueue-PipelineReportForPipelineReportHandler] INFO  pipeline.PipelineReportHandler (PipelineReportHandler.java:processPipelineReport(113)) - Pipeline ONE PipelineID=f5092271-c54f-48ab-907e-5a5c102761b5 reported by 55a49550-9793-45a7-9328-42decfaf4bde{ip: 192.168.157.221, host: pr-hdds-2486-rcb2c-3991983431, networkLocation: /default-rack, certSerialId: null}
2019-11-19 07:31:52,287 [EventQueue-PipelineReportForPipelineReportHandler] INFO  pipeline.PipelineStateManager (PipelineStateManager.java:openPipeline(132)) - Pipeline Pipeline[ Id: f5092271-c54f-48ab-907e-5a5c102761b5, Nodes: 55a49550-9793-45a7-9328-42decfaf4bde{ip: 192.168.157.221, host: pr-hdds-2486-rcb2c-3991983431, networkLocation: /default-rack, certSerialId: null}, Type:RATIS, Factor:ONE, State:ALLOCATED] moved to OPEN state
2019-11-19 07:31:52,287 [EventQueue-OpenPipelineForHealthyPipelineSafeModeRule] INFO  safemode.SCMSafeModeManager (HealthyPipelineSafeModeRule.java:process(132)) - SCM in safe mode. Healthy pipelines reported count is 0, required healthy pipeline reported count is 1
2019-11-19 07:31:52,287 [EventQueue-PipelineReportForPipelineReportHandler] INFO  pipeline.PipelineReportHandler (PipelineReportHandler.java:processPipelineReport(113)) - Pipeline ONE PipelineID=916091e6-6bab-4974-ab6d-847e6280c345 reported by 0427b329-8a9a-4470-8879-2ada41e3e7d2{ip: 192.168.157.221, host: pr-hdds-2486-rcb2c-3991983431, networkLocation: /default-rack, certSerialId: null}
2019-11-19 07:31:52,287 [EventQueue-OpenPipelineForOneReplicaPipelineSafeModeRule] INFO  safemode.SCMSafeModeManager (SCMSafeModeManager.java:validateSafeModeExitRules(176)) - AtleastOneDatanodeReportedRule rule is successfully validated
2019-11-19 07:31:52,287 [EventQueue-PipelineReportForPipelineReportHandler] INFO  pipeline.PipelineStateManager (PipelineStateManager.java:openPipeline(132)) - Pipeline Pipeline[ Id: 916091e6-6bab-4974-ab6d-847e6280c345, Nodes: 0427b329-8a9a-4470-8879-2ada41e3e7d2{ip: 192.168.157.221, host: pr-hdds-2486-rcb2c-3991983431, networkLocation: /default-rack, certSerialId: null}, Type:RATIS, Factor:ONE, State:ALLOCATED] moved to OPEN state
2019-11-19 07:31:52,287 [EventQueue-OpenPipelineForHealthyPipelineSafeModeRule] INFO  safemode.SCMSafeModeManager (HealthyPipelineSafeModeRule.java:process(132)) - SCM in safe mode. Healthy pipelines reported count is 0, required healthy pipeline reported count is 1
2019-11-19 07:31:52,287 [EventQueue-OpenPipelineForOneReplicaPipelineSafeModeRule] INFO  safemode.SCMSafeModeManager (SCMSafeModeManager.java:validateSafeModeExitRules(176)) - AtleastOneDatanodeReportedRule rule is successfully validated
2019-11-19 07:31:52,287 [EventQueue-OpenPipelineForHealthyPipelineSafeModeRule] INFO  safemode.SCMSafeModeManager (HealthyPipelineSafeModeRule.java:process(132)) - SCM in safe mode. Healthy pipelines reported count is 0, required healthy pipeline reported count is 1
2019-11-19 07:31:52,298 [pool-27-thread-1] INFO  storage.RaftStorageDirectory (RaftStorageDirectory.java:tryLock(328)) - Lock on /workdir/hadoop-ozone/tools/target/test-dir/MiniOzoneClusterImpl-981bece0-af7a-4a5f-85f9-dd68986b6607/datanode-0/data/ratis/d7d85ada-17d3-4b16-bdad-7d22bbc7452d/in_use.lock acquired by nodename 31621@pr-hdds-2486-rcb2c-3991983431
2019-11-19 07:31:52,298 [pool-37-thread-1] INFO  storage.RaftStorageDirectory (RaftStorageDirectory.java:tryLock(328)) - Lock on /workdir/hadoop-ozone/tools/target/test-dir/MiniOzoneClusterImpl-981bece0-af7a-4a5f-85f9-dd68986b6607/datanode-1/data/ratis/d7d85ada-17d3-4b16-bdad-7d22bbc7452d/in_use.lock acquired by nodename 31621@pr-hdds-2486-rcb2c-3991983431
2019-11-19 07:31:52,298 [pool-47-thread-1] INFO  storage.RaftStorageDirectory (RaftStorageDirectory.java:tryLock(328)) - Lock on /workdir/hadoop-ozone/tools/target/test-dir/MiniOzoneClusterImpl-981bece0-af7a-4a5f-85f9-dd68986b6607/datanode-2/data/ratis/d7d85ada-17d3-4b16-bdad-7d22bbc7452d/in_use.lock acquired by nodename 31621@pr-hdds-2486-rcb2c-3991983431
2019-11-19 07:31:52,324 [pool-27-thread-1] INFO  storage.RaftStorage (RaftStorage.java:format(84)) - Storage directory /workdir/hadoop-ozone/tools/target/test-dir/MiniOzoneClusterImpl-981bece0-af7a-4a5f-85f9-dd68986b6607/datanode-0/data/ratis/d7d85ada-17d3-4b16-bdad-7d22bbc7452d has been successfully formatted.
2019-11-19 07:31:52,324 [pool-47-thread-1] INFO  storage.RaftStorage (RaftStorage.java:format(84)) - Storage directory /workdir/hadoop-ozone/tools/target/test-dir/MiniOzoneClusterImpl-981bece0-af7a-4a5f-85f9-dd68986b6607/datanode-2/data/ratis/d7d85ada-17d3-4b16-bdad-7d22bbc7452d has been successfully formatted.
2019-11-19 07:31:52,324 [pool-37-thread-1] INFO  storage.RaftStorage (RaftStorage.java:format(84)) - Storage directory /workdir/hadoop-ozone/tools/target/test-dir/MiniOzoneClusterImpl-981bece0-af7a-4a5f-85f9-dd68986b6607/datanode-1/data/ratis/d7d85ada-17d3-4b16-bdad-7d22bbc7452d has been successfully formatted.
2019-11-19 07:31:52,324 [pool-27-thread-1] INFO  ratis.ContainerStateMachine (ContainerStateMachine.java:loadSnapshot(223)) - group-7D22BBC7452D: The snapshot info is null. Setting the last applied indexto:(t:0, i:~)
2019-11-19 07:31:52,324 [pool-47-thread-1] INFO  ratis.ContainerStateMachine (ContainerStateMachine.java:loadSnapshot(223)) - group-7D22BBC7452D: The snapshot info is null. Setting the last applied indexto:(t:0, i:~)
2019-11-19 07:31:52,325 [pool-27-thread-1] INFO  server.RaftServerConfigKeys (ConfUtils.java:logGet(43)) - raft.server.notification.no-leader.timeout = 120s (custom)
2019-11-19 07:31:52,325 [pool-37-thread-1] INFO  ratis.ContainerStateMachine (ContainerStateMachine.java:loadSnapshot(223)) - group-7D22BBC7452D: The snapshot info is null. Setting the last applied indexto:(t:0, i:~)
2019-11-19 07:31:52,325 [pool-27-thread-1] INFO  server.RaftServerConfigKeys (ConfUtils.java:logGet(43)) - raft.server.log.use.memory = false (default)
2019-11-19 07:31:52,325 [pool-47-thread-1] INFO  server.RaftServerConfigKeys (ConfUtils.java:logGet(43)) - raft.server.notification.no-leader.timeout = 120s (custom)
2019-11-19 07:31:52,325 [pool-27-thread-1] INFO  server.RaftServerConfigKeys (ConfUtils.java:logGet(43)) - raft.server.log.purge.gap = 1000000 (custom)
2019-11-19 07:31:52,325 [pool-37-thread-1] INFO  server.RaftServerConfigKeys (ConfUtils.java:logGet(43)) - raft.server.notification.no-leader.timeout = 120s (custom)
2019-11-19 07:31:52,326 [pool-27-thread-1] INFO  server.RaftServerConfigKeys (ConfUtils.java:logGet(43)) - raft.server.log.appender.buffer.byte-limit = 33554432 (custom)
2019-11-19 07:31:52,325 [pool-47-thread-1] INFO  server.RaftServerConfigKeys (ConfUtils.java:logGet(43)) - raft.server.log.use.memory = false (default)
2019-11-19 07:31:52,326 [pool-27-thread-1] INFO  server.RaftServerConfigKeys (ConfUtils.java:logGet(43)) - raft.server.log.segment.size.max = 1048576 (custom)
2019-11-19 07:31:52,326 [pool-37-thread-1] INFO  server.RaftServerConfigKeys (ConfUtils.java:logGet(43)) - raft.server.log.use.memory = false (default)
2019-11-19 07:31:52,326 [pool-47-thread-1] INFO  server.RaftServerConfigKeys (ConfUtils.java:logGet(43)) - raft.server.log.purge.gap = 1000000 (custom)
2019-11-19 07:31:52,326 [pool-37-thread-1] INFO  server.RaftServerConfigKeys (ConfUtils.java:logGet(43)) - raft.server.log.purge.gap = 1000000 (custom)
2019-11-19 07:31:52,326 [pool-27-thread-1] INFO  server.RaftServerConfigKeys (ConfUtils.java:logGet(43)) - raft.server.log.segment.cache.num.max = 2 (custom)
2019-11-19 07:31:52,326 [pool-47-thread-1] INFO  server.RaftServerConfigKeys (ConfUtils.java:logGet(43)) - raft.server.log.appender.buffer.byte-limit = 33554432 (custom)
2019-11-19 07:31:52,332 [pool-27-thread-1] INFO  segmented.SegmentedRaftLogWorker (SegmentedRaftLogWorker.java:<init>(173)) - new 0427b329-8a9a-4470-8879-2ada41e3e7d2@group-7D22BBC7452D-SegmentedRaftLogWorker for RaftStorage:Storage Directory /workdir/hadoop-ozone/tools/target/test-dir/MiniOzoneClusterImpl-981bece0-af7a-4a5f-85f9-dd68986b6607/datanode-0/data/ratis/d7d85ada-17d3-4b16-bdad-7d22bbc7452d
2019-11-19 07:31:52,330 [pool-37-thread-1] INFO  server.RaftServerConfigKeys (ConfUtils.java:logGet(43)) - raft.server.log.appender.buffer.byte-limit = 33554432 (custom)
2019-11-19 07:31:52,337 [pool-27-thread-1] INFO  server.RaftServerConfigKeys (ConfUtils.java:logGet(43)) - raft.server.log.queue.byte-limit = 2147483647 (custom)
2019-11-19 07:31:52,337 [pool-47-thread-1] INFO  server.RaftServerConfigKeys (ConfUtils.java:logGet(43)) - raft.server.log.segment.size.max = 1048576 (custom)
2019-11-19 07:31:52,337 [pool-27-thread-1] INFO  server.RaftServerConfigKeys (ConfUtils.java:logGet(43)) - raft.server.log.queue.element-limit = 1024 (custom)
2019-11-19 07:31:52,337 [pool-37-thread-1] INFO  server.RaftServerConfigKeys (ConfUtils.java:logGet(43)) - raft.server.log.segment.size.max = 1048576 (custom)
2019-11-19 07:31:52,337 [pool-27-thread-1] INFO  server.RaftServerConfigKeys (ConfUtils.java:logGet(43)) - raft.server.log.segment.size.max = 1048576 (custom)
2019-11-19 07:31:52,337 [pool-47-thread-1] INFO  server.RaftServerConfigKeys (ConfUtils.java:logGet(43)) - raft.server.log.segment.cache.num.max = 2 (custom)
2019-11-19 07:31:52,338 [pool-27-thread-1] INFO  server.RaftServerConfigKeys (ConfUtils.java:logGet(43)) - raft.server.log.preallocated.size = 16384 (custom)
2019-11-19 07:31:52,337 [pool-37-thread-1] INFO  server.RaftServerConfigKeys (ConfUtils.java:logGet(43)) - raft.server.log.segment.cache.num.max = 2 (custom)
2019-11-19 07:31:52,338 [pool-27-thread-1] INFO  server.RaftServerConfigKeys (ConfUtils.java:logGet(43)) - raft.server.log.write.buffer.size = 33554432 (custom)
2019-11-19 07:31:52,338 [pool-47-thread-1] INFO  segmented.SegmentedRaftLogWorker (SegmentedRaftLogWorker.java:<init>(173)) - new 55a49550-9793-45a7-9328-42decfaf4bde@group-7D22BBC7452D-SegmentedRaftLogWorker for RaftStorage:Storage Directory /workdir/hadoop-ozone/tools/target/test-dir/MiniOzoneClusterImpl-981bece0-af7a-4a5f-85f9-dd68986b6607/datanode-2/data/ratis/d7d85ada-17d3-4b16-bdad-7d22bbc7452d
2019-11-19 07:31:52,338 [pool-27-thread-1] INFO  server.RaftServerConfigKeys (ConfUtils.java:logGet(43)) - raft.server.log.force.sync.num = 128 (default)
2019-11-19 07:31:52,338 [pool-37-thread-1] INFO  segmented.SegmentedRaftLogWorker (SegmentedRaftLogWorker.java:<init>(173)) - new c0e0c80b-9e0e-42fb-bb8a-7fd36c2f8c11@group-7D22BBC7452D-SegmentedRaftLogWorker for RaftStorage:Storage Directory /workdir/hadoop-ozone/tools/target/test-dir/MiniOzoneClusterImpl-981bece0-af7a-4a5f-85f9-dd68986b6607/datanode-1/data/ratis/d7d85ada-17d3-4b16-bdad-7d22bbc7452d
2019-11-19 07:31:52,338 [pool-27-thread-1] INFO  server.RaftServerConfigKeys (ConfUtils.java:logGet(43)) - raft.server.log.statemachine.data.sync = true (default)
2019-11-19 07:31:52,338 [pool-47-thread-1] INFO  server.RaftServerConfigKeys (ConfUtils.java:logGet(43)) - raft.server.log.queue.byte-limit = 2147483647 (custom)
2019-11-19 07:31:52,339 [pool-27-thread-1] INFO  server.RaftServerConfigKeys (ConfUtils.java:logGet(43)) - raft.server.log.statemachine.data.sync.timeout = 10s (default)
2019-11-19 07:31:52,339 [pool-37-thread-1] INFO  server.RaftServerConfigKeys (ConfUtils.java:logGet(43)) - raft.server.log.queue.byte-limit = 2147483647 (custom)
2019-11-19 07:31:52,339 [pool-27-thread-1] INFO  server.RaftServerConfigKeys (ConfUtils.java:logGet(43)) - raft.server.log.statemachine.data.sync.timeout.retry = -1 (default)
2019-11-19 07:31:52,339 [pool-47-thread-1] INFO  server.RaftServerConfigKeys (ConfUtils.java:logGet(43)) - raft.server.log.queue.element-limit = 1024 (custom)
2019-11-19 07:31:52,339 [pool-27-thread-1] INFO  server.RaftServerConfigKeys (ConfUtils.java:logGet(43)) - raft.server.log.statemachine.data.caching.enabled = true (custom)
2019-11-19 07:31:52,339 [pool-37-thread-1] INFO  server.RaftServerConfigKeys (ConfUtils.java:logGet(43)) - raft.server.log.queue.element-limit = 1024 (custom)
2019-11-19 07:31:52,339 [pool-47-thread-1] INFO  server.RaftServerConfigKeys (ConfUtils.java:logGet(43)) - raft.server.log.segment.size.max = 1048576 (custom)
2019-11-19 07:31:52,340 [pool-27-thread-1] INFO  segmented.SegmentedRaftLogWorker (SegmentedRaftLogWorker.java:lambda$new$0(128)) - 0427b329-8a9a-4470-8879-2ada41e3e7d2@group-7D22BBC7452D-SegmentedRaftLogWorker: flushIndex: setUnconditionally 0 -> -1
2019-11-19 07:31:52,340 [pool-37-thread-1] INFO  server.RaftServerConfigKeys (ConfUtils.java:logGet(43)) - raft.server.log.segment.size.max = 1048576 (custom)
2019-11-19 07:31:52,340 [pool-47-thread-1] INFO  server.RaftServerConfigKeys (ConfUtils.java:logGet(43)) - raft.server.log.preallocated.size = 16384 (custom)
2019-11-19 07:31:52,341 [pool-37-thread-1] INFO  server.RaftServerConfigKeys (ConfUtils.java:logGet(43)) - raft.server.log.preallocated.size = 16384 (custom)
2019-11-19 07:31:52,341 [pool-47-thread-1] INFO  server.RaftServerConfigKeys (ConfUtils.java:logGet(43)) - raft.server.log.write.buffer.size = 33554432 (custom)
2019-11-19 07:31:52,341 [pool-37-thread-1] INFO  server.RaftServerConfigKeys (ConfUtils.java:logGet(43)) - raft.server.log.write.buffer.size = 33554432 (custom)
2019-11-19 07:31:52,341 [pool-47-thread-1] INFO  server.RaftServerConfigKeys (ConfUtils.java:logGet(43)) - raft.server.log.force.sync.num = 128 (default)
2019-11-19 07:31:52,341 [pool-37-thread-1] INFO  server.RaftServerConfigKeys (ConfUtils.java:logGet(43)) - raft.server.log.force.sync.num = 128 (default)
2019-11-19 07:31:52,341 [pool-47-thread-1] INFO  server.RaftServerConfigKeys (ConfUtils.java:logGet(43)) - raft.server.log.statemachine.data.sync = true (default)
2019-11-19 07:31:52,341 [pool-37-thread-1] INFO  server.RaftServerConfigKeys (ConfUtils.java:logGet(43)) - raft.server.log.statemachine.data.sync = true (default)
2019-11-19 07:31:52,342 [pool-47-thread-1] INFO  server.RaftServerConfigKeys (ConfUtils.java:logGet(43)) - raft.server.log.statemachine.data.sync.timeout = 10s (default)
2019-11-19 07:31:52,342 [pool-37-thread-1] INFO  server.RaftServerConfigKeys (ConfUtils.java:logGet(43)) - raft.server.log.statemachine.data.sync.timeout = 10s (default)
2019-11-19 07:31:52,342 [pool-47-thread-1] INFO  server.RaftServerConfigKeys (ConfUtils.java:logGet(43)) - raft.server.log.statemachine.data.sync.timeout.retry = -1 (default)
2019-11-19 07:31:52,342 [pool-37-thread-1] INFO  server.RaftServerConfigKeys (ConfUtils.java:logGet(43)) - raft.server.log.statemachine.data.sync.timeout.retry = -1 (default)
2019-11-19 07:31:52,343 [pool-37-thread-1] INFO  server.RaftServerConfigKeys (ConfUtils.java:logGet(43)) - raft.server.log.statemachine.data.caching.enabled = true (custom)
2019-11-19 07:31:52,343 [pool-27-thread-1] INFO  server.RaftServerConfigKeys (ConfUtils.java:logGet(43)) - raft.server.snapshot.auto.trigger.enabled = true (custom)
2019-11-19 07:31:52,343 [pool-47-thread-1] INFO  server.RaftServerConfigKeys (ConfUtils.java:logGet(43)) - raft.server.log.statemachine.data.caching.enabled = true (custom)
2019-11-19 07:31:52,344 [pool-37-thread-1] INFO  segmented.SegmentedRaftLogWorker (SegmentedRaftLogWorker.java:lambda$new$0(128)) - c0e0c80b-9e0e-42fb-bb8a-7fd36c2f8c11@group-7D22BBC7452D-SegmentedRaftLogWorker: flushIndex: setUnconditionally 0 -> -1
2019-11-19 07:31:52,343 [pool-27-thread-1] INFO  server.RaftServerConfigKeys (ConfUtils.java:logGet(43)) - raft.server.snapshot.auto.trigger.threshold = 10000 (custom)
2019-11-19 07:31:52,344 [pool-47-thread-1] INFO  segmented.SegmentedRaftLogWorker (SegmentedRaftLogWorker.java:lambda$new$0(128)) - 55a49550-9793-45a7-9328-42decfaf4bde@group-7D22BBC7452D-SegmentedRaftLogWorker: flushIndex: setUnconditionally 0 -> -1
2019-11-19 07:31:52,344 [pool-37-thread-1] INFO  server.RaftServerConfigKeys (ConfUtils.java:logGet(43)) - raft.server.snapshot.auto.trigger.enabled = true (custom)
2019-11-19 07:31:52,344 [pool-27-thread-1] INFO  server.RaftServerConfigKeys (ConfUtils.java:logGet(43)) - raft.server.snapshot.retention.file.num = 5 (custom)
2019-11-19 07:31:52,347 [pool-37-thread-1] INFO  server.RaftServerConfigKeys (ConfUtils.java:logGet(43)) - raft.server.snapshot.auto.trigger.threshold = 10000 (custom)
2019-11-19 07:31:52,346 [pool-47-thread-1] INFO  server.RaftServerConfigKeys (ConfUtils.java:logGet(43)) - raft.server.snapshot.auto.trigger.enabled = true (custom)
2019-11-19 07:31:52,348 [pool-37-thread-1] INFO  server.RaftServerConfigKeys (ConfUtils.java:logGet(43)) - raft.server.snapshot.retention.file.num = 5 (custom)
2019-11-19 07:31:52,348 [pool-27-thread-1] INFO  server.RaftServerConfigKeys (ConfUtils.java:logGet(43)) - raft.server.retrycache.expirytime = 600000ms (custom)
2019-11-19 07:31:52,348 [pool-37-thread-1] INFO  server.RaftServerConfigKeys (ConfUtils.java:logGet(43)) - raft.server.retrycache.expirytime = 600000ms (custom)
2019-11-19 07:31:52,348 [pool-27-thread-1] WARN  impl.MetricRegistriesImpl (MetricRegistriesImpl.java:lambda$create$1(61)) - First MetricRegistry has been created without registering reporters. You may need to call MetricRegistries.global().addReportRegistration(...) before.
2019-11-19 07:31:52,348 [pool-47-thread-1] INFO  server.RaftServerConfigKeys (ConfUtils.java:logGet(43)) - raft.server.snapshot.auto.trigger.threshold = 10000 (custom)
2019-11-19 07:31:52,348 [pool-27-thread-1] WARN  impl.MetricRegistriesImpl (MetricRegistriesImpl.java:lambda$create$1(61)) - First MetricRegistry has been created without registering reporters. You may need to call MetricRegistries.global().addReportRegistration(...) before.
2019-11-19 07:31:52,348 [pool-37-thread-1] WARN  impl.MetricRegistriesImpl (MetricRegistriesImpl.java:lambda$create$1(61)) - First MetricRegistry has been created without registering reporters. You may need to call MetricRegistries.global().addReportRegistration(...) before.
2019-11-19 07:31:52,349 [pool-47-thread-1] INFO  server.RaftServerConfigKeys (ConfUtils.java:logGet(43)) - raft.server.snapshot.retention.file.num = 5 (custom)
2019-11-19 07:31:52,349 [pool-37-thread-1] WARN  impl.MetricRegistriesImpl (MetricRegistriesImpl.java:lambda$create$1(61)) - First MetricRegistry has been created without registering reporters. You may need to call MetricRegistries.global().addReportRegistration(...) before.
2019-11-19 07:31:52,349 [pool-47-thread-1] INFO  server.RaftServerConfigKeys (ConfUtils.java:logGet(43)) - raft.server.retrycache.expirytime = 600000ms (custom)
2019-11-19 07:31:52,349 [pool-27-thread-1] INFO  impl.RaftServerImpl (RaftServerImpl.java:start(184)) - 0427b329-8a9a-4470-8879-2ada41e3e7d2@group-7D22BBC7452D: start as a follower, conf=-1: [55a49550-9793-45a7-9328-42decfaf4bde:192.168.157.221:40067, c0e0c80b-9e0e-42fb-bb8a-7fd36c2f8c11:192.168.157.221:36451, 0427b329-8a9a-4470-8879-2ada41e3e7d2:192.168.157.221:40020], old=null
2019-11-19 07:31:52,349 [pool-47-thread-1] WARN  impl.MetricRegistriesImpl (MetricRegistriesImpl.java:lambda$create$1(61)) - First MetricRegistry has been created without registering reporters. You may need to call MetricRegistries.global().addReportRegistration(...) before.
2019-11-19 07:31:52,349 [pool-37-thread-1] INFO  impl.RaftServerImpl (RaftServerImpl.java:start(184)) - c0e0c80b-9e0e-42fb-bb8a-7fd36c2f8c11@group-7D22BBC7452D: start as a follower, conf=-1: [55a49550-9793-45a7-9328-42decfaf4bde:192.168.157.221:40067, c0e0c80b-9e0e-42fb-bb8a-7fd36c2f8c11:192.168.157.221:36451, 0427b329-8a9a-4470-8879-2ada41e3e7d2:192.168.157.221:40020], old=null
2019-11-19 07:31:52,349 [pool-47-thread-1] WARN  impl.MetricRegistriesImpl (MetricRegistriesImpl.java:lambda$create$1(61)) - First MetricRegistry has been created without registering reporters. You may need to call MetricRegistries.global().addReportRegistration(...) before.
2019-11-19 07:31:52,349 [pool-27-thread-1] INFO  impl.RaftServerImpl (RaftServerImpl.java:setRole(173)) - 0427b329-8a9a-4470-8879-2ada41e3e7d2@group-7D22BBC7452D: changes role from      null to FOLLOWER at term 0 for startAsFollower
2019-11-19 07:31:52,350 [pool-37-thread-1] INFO  impl.RaftServerImpl (RaftServerImpl.java:setRole(173)) - c0e0c80b-9e0e-42fb-bb8a-7fd36c2f8c11@group-7D22BBC7452D: changes role from      null to FOLLOWER at term 0 for startAsFollower
2019-11-19 07:31:52,350 [pool-27-thread-1] INFO  impl.RoleInfo (RoleInfo.java:updateAndGet(143)) - 0427b329-8a9a-4470-8879-2ada41e3e7d2: start FollowerState
2019-11-19 07:31:52,350 [pool-37-thread-1] INFO  impl.RoleInfo (RoleInfo.java:updateAndGet(143)) - c0e0c80b-9e0e-42fb-bb8a-7fd36c2f8c11: start FollowerState
2019-11-19 07:31:52,350 [pool-47-thread-1] INFO  impl.RaftServerImpl (RaftServerImpl.java:start(184)) - 55a49550-9793-45a7-9328-42decfaf4bde@group-7D22BBC7452D: start as a follower, conf=-1: [55a49550-9793-45a7-9328-42decfaf4bde:192.168.157.221:40067, c0e0c80b-9e0e-42fb-bb8a-7fd36c2f8c11:192.168.157.221:36451, 0427b329-8a9a-4470-8879-2ada41e3e7d2:192.168.157.221:40020], old=null
2019-11-19 07:31:52,350 [pool-47-thread-1] INFO  impl.RaftServerImpl (RaftServerImpl.java:setRole(173)) - 55a49550-9793-45a7-9328-42decfaf4bde@group-7D22BBC7452D: changes role from      null to FOLLOWER at term 0 for startAsFollower
2019-11-19 07:31:52,350 [pool-37-thread-1] INFO  util.JmxRegister (JmxRegister.java:tryRegister(44)) - Successfully registered JMX Bean with object name Ratis:service=RaftServer,group=group-7D22BBC7452D,id=c0e0c80b-9e0e-42fb-bb8a-7fd36c2f8c11
2019-11-19 07:31:52,350 [pool-27-thread-1] INFO  util.JmxRegister (JmxRegister.java:tryRegister(44)) - Successfully registered JMX Bean with object name Ratis:service=RaftServer,group=group-7D22BBC7452D,id=0427b329-8a9a-4470-8879-2ada41e3e7d2
2019-11-19 07:31:52,350 [pool-37-thread-1] WARN  impl.MetricRegistriesImpl (MetricRegistriesImpl.java:lambda$create$1(61)) - First MetricRegistry has been created without registering reporters. You may need to call MetricRegistries.global().addReportRegistration(...) before.
2019-11-19 07:31:52,350 [pool-47-thread-1] INFO  impl.RoleInfo (RoleInfo.java:updateAndGet(143)) - 55a49550-9793-45a7-9328-42decfaf4bde: start FollowerState
2019-11-19 07:31:52,350 [pool-27-thread-1] WARN  impl.MetricRegistriesImpl (MetricRegistriesImpl.java:lambda$create$1(61)) - First MetricRegistry has been created without registering reporters. You may need to call MetricRegistries.global().addReportRegistration(...) before.
2019-11-19 07:31:52,351 [Command processor thread] INFO  commandhandler.CreatePipelineCommandHandler (CreatePipelineCommandHandler.java:handle(86)) - Create Pipeline RATIS THREE #id: "d7d85ada-17d3-4b16-bdad-7d22bbc7452d"
 command succeed on datanode c0e0c80b-9e0e-42fb-bb8a-7fd36c2f8c11.
2019-11-19 07:31:52,351 [pool-47-thread-1] INFO  util.JmxRegister (JmxRegister.java:tryRegister(44)) - Successfully registered JMX Bean with object name Ratis:service=RaftServer,group=group-7D22BBC7452D,id=55a49550-9793-45a7-9328-42decfaf4bde
2019-11-19 07:31:52,351 [Command processor thread] INFO  commandhandler.CreatePipelineCommandHandler (CreatePipelineCommandHandler.java:handle(86)) - Create Pipeline RATIS THREE #id: "d7d85ada-17d3-4b16-bdad-7d22bbc7452d"
 command succeed on datanode 0427b329-8a9a-4470-8879-2ada41e3e7d2.
2019-11-19 07:31:52,351 [pool-47-thread-1] WARN  impl.MetricRegistriesImpl (MetricRegistriesImpl.java:lambda$create$1(61)) - First MetricRegistry has been created without registering reporters. You may need to call MetricRegistries.global().addReportRegistration(...) before.
2019-11-19 07:31:52,353 [Command processor thread] INFO  commandhandler.CreatePipelineCommandHandler (CreatePipelineCommandHandler.java:handle(86)) - Create Pipeline RATIS THREE #id: "d7d85ada-17d3-4b16-bdad-7d22bbc7452d"
 command succeed on datanode 55a49550-9793-45a7-9328-42decfaf4bde.
2019-11-19 07:31:52,353 [EventQueue-PipelineReportForPipelineReportHandler] INFO  pipeline.PipelineReportHandler (PipelineReportHandler.java:processPipelineReport(113)) - Pipeline THREE PipelineID=d7d85ada-17d3-4b16-bdad-7d22bbc7452d reported by c0e0c80b-9e0e-42fb-bb8a-7fd36c2f8c11{ip: 192.168.157.221, host: pr-hdds-2486-rcb2c-3991983431, networkLocation: /default-rack, certSerialId: null}
2019-11-19 07:31:52,354 [EventQueue-PipelineReportForPipelineReportHandler] INFO  pipeline.PipelineReportHandler (PipelineReportHandler.java:processPipelineReport(113)) - Pipeline THREE PipelineID=d7d85ada-17d3-4b16-bdad-7d22bbc7452d reported by 0427b329-8a9a-4470-8879-2ada41e3e7d2{ip: 192.168.157.221, host: pr-hdds-2486-rcb2c-3991983431, networkLocation: /default-rack, certSerialId: null}
2019-11-19 07:31:52,355 [EventQueue-PipelineReportForPipelineReportHandler] INFO  pipeline.PipelineReportHandler (PipelineReportHandler.java:processPipelineReport(113)) - Pipeline THREE PipelineID=d7d85ada-17d3-4b16-bdad-7d22bbc7452d reported by 55a49550-9793-45a7-9328-42decfaf4bde{ip: 192.168.157.221, host: pr-hdds-2486-rcb2c-3991983431, networkLocation: /default-rack, certSerialId: null}
2019-11-19 07:31:53,126 [main] INFO  ozone.MiniOzoneClusterImpl (MiniOzoneClusterImpl.java:lambda$waitForClusterToBeReady$0(150)) - Nodes are ready. Got 3 of 3 DN Heartbeats.
2019-11-19 07:31:53,127 [main] INFO  ozone.MiniOzoneClusterImpl (MiniOzoneClusterImpl.java:lambda$waitForClusterToBeReady$0(153)) - Waiting for cluster to exit safe mode
2019-11-19 07:31:54,127 [main] INFO  ozone.MiniOzoneClusterImpl (MiniOzoneClusterImpl.java:lambda$waitForClusterToBeReady$0(150)) - Nodes are ready. Got 3 of 3 DN Heartbeats.
2019-11-19 07:31:54,128 [main] INFO  ozone.MiniOzoneClusterImpl (MiniOzoneClusterImpl.java:lambda$waitForClusterToBeReady$0(153)) - Waiting for cluster to exit safe mode
2019-11-19 07:31:55,128 [main] INFO  ozone.MiniOzoneClusterImpl (MiniOzoneClusterImpl.java:lambda$waitForClusterToBeReady$0(150)) - Nodes are ready. Got 3 of 3 DN Heartbeats.
2019-11-19 07:31:55,129 [main] INFO  ozone.MiniOzoneClusterImpl (MiniOzoneClusterImpl.java:lambda$waitForClusterToBeReady$0(153)) - Waiting for cluster to exit safe mode
2019-11-19 07:31:56,129 [main] INFO  ozone.MiniOzoneClusterImpl (MiniOzoneClusterImpl.java:lambda$waitForClusterToBeReady$0(150)) - Nodes are ready. Got 3 of 3 DN Heartbeats.
2019-11-19 07:31:56,129 [main] INFO  ozone.MiniOzoneClusterImpl (MiniOzoneClusterImpl.java:lambda$waitForClusterToBeReady$0(153)) - Waiting for cluster to exit safe mode
2019-11-19 07:31:57,130 [main] INFO  ozone.MiniOzoneClusterImpl (MiniOzoneClusterImpl.java:lambda$waitForClusterToBeReady$0(150)) - Nodes are ready. Got 3 of 3 DN Heartbeats.
2019-11-19 07:31:57,130 [main] INFO  ozone.MiniOzoneClusterImpl (MiniOzoneClusterImpl.java:lambda$waitForClusterToBeReady$0(153)) - Waiting for cluster to exit safe mode
2019-11-19 07:31:57,287 [Thread-182] INFO  impl.FollowerState (FollowerState.java:run(111)) - 55a49550-9793-45a7-9328-42decfaf4bde@group-5A5C102761B5-FollowerState: change to CANDIDATE, lastRpcTime:5040ms, electionTimeout:5039ms
2019-11-19 07:31:57,288 [Thread-182] INFO  impl.RoleInfo (RoleInfo.java:shutdownFollowerState(121)) - 55a49550-9793-45a7-9328-42decfaf4bde: shutdown FollowerState
2019-11-19 07:31:57,288 [Thread-182] INFO  impl.RaftServerImpl (RaftServerImpl.java:setRole(173)) - 55a49550-9793-45a7-9328-42decfaf4bde@group-5A5C102761B5: changes role from  FOLLOWER to CANDIDATE at term 0 for changeToCandidate
2019-11-19 07:31:57,292 [Thread-182] INFO  impl.RoleInfo (RoleInfo.java:updateAndGet(143)) - 55a49550-9793-45a7-9328-42decfaf4bde: start LeaderElection
2019-11-19 07:31:57,334 [55a49550-9793-45a7-9328-42decfaf4bde@group-5A5C102761B5-LeaderElection1] INFO  impl.LeaderElection (LeaderElection.java:askForVotes(178)) - 55a49550-9793-45a7-9328-42decfaf4bde@group-5A5C102761B5-LeaderElection1: begin an election at term 1 for -1: [55a49550-9793-45a7-9328-42decfaf4bde:192.168.157.221:40067], old=null
2019-11-19 07:31:57,335 [55a49550-9793-45a7-9328-42decfaf4bde@group-5A5C102761B5-LeaderElection1] INFO  impl.RoleInfo (RoleInfo.java:shutdownLeaderElection(134)) - 55a49550-9793-45a7-9328-42decfaf4bde: shutdown LeaderElection
2019-11-19 07:31:57,336 [55a49550-9793-45a7-9328-42decfaf4bde@group-5A5C102761B5-LeaderElection1] INFO  impl.RaftServerImpl (RaftServerImpl.java:setRole(173)) - 55a49550-9793-45a7-9328-42decfaf4bde@group-5A5C102761B5: changes role from CANDIDATE to LEADER at term 1 for changeToLeader
2019-11-19 07:31:57,336 [55a49550-9793-45a7-9328-42decfaf4bde@group-5A5C102761B5-LeaderElection1] INFO  ratis.XceiverServerRatis (XceiverServerRatis.java:handleLeaderChangedNotification(733)) - Leader change notification received for group: group-5A5C102761B5 with new leaderId: 55a49550-9793-45a7-9328-42decfaf4bde
2019-11-19 07:31:57,337 [55a49550-9793-45a7-9328-42decfaf4bde@group-5A5C102761B5-LeaderElection1] INFO  impl.RaftServerImpl (ServerState.java:setLeader(255)) - 55a49550-9793-45a7-9328-42decfaf4bde@group-5A5C102761B5: change Leader from null to 55a49550-9793-45a7-9328-42decfaf4bde at term 1 for becomeLeader, leader elected after 5163ms
2019-11-19 07:31:57,340 [EventQueue-PipelineReportForPipelineReportHandler] INFO  pipeline.PipelineReportHandler (PipelineReportHandler.java:processPipelineReport(113)) - Pipeline THREE PipelineID=d7d85ada-17d3-4b16-bdad-7d22bbc7452d reported by 55a49550-9793-45a7-9328-42decfaf4bde{ip: 192.168.157.221, host: pr-hdds-2486-rcb2c-3991983431, networkLocation: /default-rack, certSerialId: null}
2019-11-19 07:31:57,343 [55a49550-9793-45a7-9328-42decfaf4bde@group-5A5C102761B5-LeaderElection1] INFO  server.RaftServerConfigKeys (ConfUtils.java:logGet(43)) - raft.server.staging.catchup.gap = 1000 (default)
2019-11-19 07:31:57,343 [55a49550-9793-45a7-9328-42decfaf4bde@group-5A5C102761B5-LeaderElection1] INFO  server.RaftServerConfigKeys (ConfUtils.java:logGet(43)) - raft.server.rpc.sleep.time = 25ms (default)
2019-11-19 07:31:57,347 [55a49550-9793-45a7-9328-42decfaf4bde@group-5A5C102761B5-LeaderElection1] INFO  server.RaftServerConfigKeys (ConfUtils.java:logGet(43)) - raft.server.write.element-limit = 4096 (default)
2019-11-19 07:31:57,353 [55a49550-9793-45a7-9328-42decfaf4bde@group-5A5C102761B5-LeaderElection1] INFO  server.RaftServerConfigKeys (ConfUtils.java:logGet(43)) - raft.server.watch.timeout = 10s (default)
2019-11-19 07:31:57,353 [55a49550-9793-45a7-9328-42decfaf4bde@group-5A5C102761B5-LeaderElection1] INFO  server.RaftServerConfigKeys (ConfUtils.java:logGet(43)) - raft.server.watch.timeout.denomination = 1s (default)
2019-11-19 07:31:57,356 [Thread-191] INFO  impl.FollowerState (FollowerState.java:run(111)) - 55a49550-9793-45a7-9328-42decfaf4bde@group-7D22BBC7452D-FollowerState: change to CANDIDATE, lastRpcTime:5005ms, electionTimeout:5004ms
2019-11-19 07:31:57,356 [Thread-191] INFO  impl.RoleInfo (RoleInfo.java:shutdownFollowerState(121)) - 55a49550-9793-45a7-9328-42decfaf4bde: shutdown FollowerState
2019-11-19 07:31:57,357 [Thread-191] INFO  impl.RaftServerImpl (RaftServerImpl.java:setRole(173)) - 55a49550-9793-45a7-9328-42decfaf4bde@group-7D22BBC7452D: changes role from  FOLLOWER to CANDIDATE at term 0 for changeToCandidate
2019-11-19 07:31:57,357 [55a49550-9793-45a7-9328-42decfaf4bde@group-5A5C102761B5-LeaderElection1] INFO  server.RaftServerConfigKeys (ConfUtils.java:logGet(43)) - raft.server.watch.element-limit = 65536 (default)
2019-11-19 07:31:57,357 [Thread-191] INFO  impl.RoleInfo (RoleInfo.java:updateAndGet(143)) - 55a49550-9793-45a7-9328-42decfaf4bde: start LeaderElection
2019-11-19 07:31:57,369 [55a49550-9793-45a7-9328-42decfaf4bde@group-5A5C102761B5-LeaderElection1] INFO  impl.RoleInfo (RoleInfo.java:updateAndGet(143)) - 55a49550-9793-45a7-9328-42decfaf4bde: start LeaderState
2019-11-19 07:31:57,378 [Thread-183] INFO  impl.FollowerState (FollowerState.java:run(111)) - c0e0c80b-9e0e-42fb-bb8a-7fd36c2f8c11@group-D576EFE2AD8B-FollowerState: change to CANDIDATE, lastRpcTime:5131ms, electionTimeout:5130ms
2019-11-19 07:31:57,378 [Thread-183] INFO  impl.RoleInfo (RoleInfo.java:shutdownFollowerState(121)) - c0e0c80b-9e0e-42fb-bb8a-7fd36c2f8c11: shutdown FollowerState
2019-11-19 07:31:57,378 [Thread-183] INFO  impl.RaftServerImpl (RaftServerImpl.java:setRole(173)) - c0e0c80b-9e0e-42fb-bb8a-7fd36c2f8c11@group-D576EFE2AD8B: changes role from  FOLLOWER to CANDIDATE at term 0 for changeToCandidate
2019-11-19 07:31:57,378 [Thread-183] INFO  impl.RoleInfo (RoleInfo.java:updateAndGet(143)) - c0e0c80b-9e0e-42fb-bb8a-7fd36c2f8c11: start LeaderElection
2019-11-19 07:31:57,384 [55a49550-9793-45a7-9328-42decfaf4bde@group-7D22BBC7452D-LeaderElection2] INFO  impl.LeaderElection (LeaderElection.java:askForVotes(178)) - 55a49550-9793-45a7-9328-42decfaf4bde@group-7D22BBC7452D-LeaderElection2: begin an election at term 1 for -1: [55a49550-9793-45a7-9328-42decfaf4bde:192.168.157.221:40067, c0e0c80b-9e0e-42fb-bb8a-7fd36c2f8c11:192.168.157.221:36451, 0427b329-8a9a-4470-8879-2ada41e3e7d2:192.168.157.221:40020], old=null
2019-11-19 07:31:57,388 [Thread-190] INFO  impl.FollowerState (FollowerState.java:run(111)) - c0e0c80b-9e0e-42fb-bb8a-7fd36c2f8c11@group-7D22BBC7452D-FollowerState: change to CANDIDATE, lastRpcTime:5038ms, electionTimeout:5038ms
2019-11-19 07:31:57,388 [Thread-190] INFO  impl.RoleInfo (RoleInfo.java:shutdownFollowerState(121)) - c0e0c80b-9e0e-42fb-bb8a-7fd36c2f8c11: shutdown FollowerState
2019-11-19 07:31:57,388 [Thread-190] INFO  impl.RaftServerImpl (RaftServerImpl.java:setRole(173)) - c0e0c80b-9e0e-42fb-bb8a-7fd36c2f8c11@group-7D22BBC7452D: changes role from  FOLLOWER to CANDIDATE at term 0 for changeToCandidate
2019-11-19 07:31:57,389 [Thread-190] INFO  impl.RoleInfo (RoleInfo.java:updateAndGet(143)) - c0e0c80b-9e0e-42fb-bb8a-7fd36c2f8c11: start LeaderElection
2019-11-19 07:31:57,396 [55a49550-9793-45a7-9328-42decfaf4bde@group-5A5C102761B5-LeaderElection1] INFO  segmented.SegmentedRaftLogWorker (SegmentedRaftLogWorker.java:startLogSegment(385)) - 55a49550-9793-45a7-9328-42decfaf4bde@group-5A5C102761B5-SegmentedRaftLogWorker: Starting segment from index:0
2019-11-19 07:31:57,410 [c0e0c80b-9e0e-42fb-bb8a-7fd36c2f8c11@group-D576EFE2AD8B-LeaderElection3] INFO  impl.LeaderElection (LeaderElection.java:askForVotes(178)) - c0e0c80b-9e0e-42fb-bb8a-7fd36c2f8c11@group-D576EFE2AD8B-LeaderElection3: begin an election at term 1 for -1: [c0e0c80b-9e0e-42fb-bb8a-7fd36c2f8c11:192.168.157.221:36451], old=null
2019-11-19 07:31:57,410 [c0e0c80b-9e0e-42fb-bb8a-7fd36c2f8c11@group-7D22BBC7452D-LeaderElection4] INFO  impl.LeaderElection (LeaderElection.java:askForVotes(178)) - c0e0c80b-9e0e-42fb-bb8a-7fd36c2f8c11@group-7D22BBC7452D-LeaderElection4: begin an election at term 1 for -1: [55a49550-9793-45a7-9328-42decfaf4bde:192.168.157.221:40067, c0e0c80b-9e0e-42fb-bb8a-7fd36c2f8c11:192.168.157.221:36451, 0427b329-8a9a-4470-8879-2ada41e3e7d2:192.168.157.221:40020], old=null
2019-11-19 07:31:57,410 [c0e0c80b-9e0e-42fb-bb8a-7fd36c2f8c11@group-D576EFE2AD8B-LeaderElection3] INFO  impl.RoleInfo (RoleInfo.java:shutdownLeaderElection(134)) - c0e0c80b-9e0e-42fb-bb8a-7fd36c2f8c11: shutdown LeaderElection
2019-11-19 07:31:57,410 [c0e0c80b-9e0e-42fb-bb8a-7fd36c2f8c11@group-D576EFE2AD8B-LeaderElection3] INFO  impl.RaftServerImpl (RaftServerImpl.java:setRole(173)) - c0e0c80b-9e0e-42fb-bb8a-7fd36c2f8c11@group-D576EFE2AD8B: changes role from CANDIDATE to LEADER at term 1 for changeToLeader
2019-11-19 07:31:57,410 [c0e0c80b-9e0e-42fb-bb8a-7fd36c2f8c11@group-D576EFE2AD8B-LeaderElection3] INFO  ratis.XceiverServerRatis (XceiverServerRatis.java:handleLeaderChangedNotification(733)) - Leader change notification received for group: group-D576EFE2AD8B with new leaderId: c0e0c80b-9e0e-42fb-bb8a-7fd36c2f8c11
2019-11-19 07:31:57,411 [c0e0c80b-9e0e-42fb-bb8a-7fd36c2f8c11@group-D576EFE2AD8B-LeaderElection3] INFO  impl.RaftServerImpl (ServerState.java:setLeader(255)) - c0e0c80b-9e0e-42fb-bb8a-7fd36c2f8c11@group-D576EFE2AD8B: change Leader from null to c0e0c80b-9e0e-42fb-bb8a-7fd36c2f8c11 at term 1 for becomeLeader, leader elected after 5250ms
2019-11-19 07:31:57,411 [c0e0c80b-9e0e-42fb-bb8a-7fd36c2f8c11@group-D576EFE2AD8B-LeaderElection3] INFO  server.RaftServerConfigKeys (ConfUtils.java:logGet(43)) - raft.server.staging.catchup.gap = 1000 (default)
2019-11-19 07:31:57,411 [c0e0c80b-9e0e-42fb-bb8a-7fd36c2f8c11@group-D576EFE2AD8B-LeaderElection3] INFO  server.RaftServerConfigKeys (ConfUtils.java:logGet(43)) - raft.server.rpc.sleep.time = 25ms (default)
2019-11-19 07:31:57,411 [c0e0c80b-9e0e-42fb-bb8a-7fd36c2f8c11@group-D576EFE2AD8B-LeaderElection3] INFO  server.RaftServerConfigKeys (ConfUtils.java:logGet(43)) - raft.server.write.element-limit = 4096 (default)
2019-11-19 07:31:57,412 [c0e0c80b-9e0e-42fb-bb8a-7fd36c2f8c11@group-D576EFE2AD8B-LeaderElection3] INFO  server.RaftServerConfigKeys (ConfUtils.java:logGet(43)) - raft.server.watch.timeout = 10s (default)
2019-11-19 07:31:57,412 [c0e0c80b-9e0e-42fb-bb8a-7fd36c2f8c11@group-D576EFE2AD8B-LeaderElection3] INFO  server.RaftServerConfigKeys (ConfUtils.java:logGet(43)) - raft.server.watch.timeout.denomination = 1s (default)
2019-11-19 07:31:57,413 [c0e0c80b-9e0e-42fb-bb8a-7fd36c2f8c11@group-D576EFE2AD8B-LeaderElection3] INFO  server.RaftServerConfigKeys (ConfUtils.java:logGet(43)) - raft.server.watch.element-limit = 65536 (default)
2019-11-19 07:31:57,413 [c0e0c80b-9e0e-42fb-bb8a-7fd36c2f8c11@group-D576EFE2AD8B-LeaderElection3] INFO  impl.RoleInfo (RoleInfo.java:updateAndGet(143)) - c0e0c80b-9e0e-42fb-bb8a-7fd36c2f8c11: start LeaderState
2019-11-19 07:31:57,413 [EventQueue-PipelineReportForPipelineReportHandler] INFO  pipeline.PipelineReportHandler (PipelineReportHandler.java:processPipelineReport(113)) - Pipeline THREE PipelineID=d7d85ada-17d3-4b16-bdad-7d22bbc7452d reported by c0e0c80b-9e0e-42fb-bb8a-7fd36c2f8c11{ip: 192.168.157.221, host: pr-hdds-2486-rcb2c-3991983431, networkLocation: /default-rack, certSerialId: null}
2019-11-19 07:31:57,413 [c0e0c80b-9e0e-42fb-bb8a-7fd36c2f8c11@group-D576EFE2AD8B-LeaderElection3] INFO  segmented.SegmentedRaftLogWorker (SegmentedRaftLogWorker.java:startLogSegment(385)) - c0e0c80b-9e0e-42fb-bb8a-7fd36c2f8c11@group-D576EFE2AD8B-SegmentedRaftLogWorker: Starting segment from index:0
2019-11-19 07:31:57,419 [55a49550-9793-45a7-9328-42decfaf4bde@group-5A5C102761B5-LeaderElection1] INFO  impl.RaftServerImpl (ServerState.java:setRaftConf(356)) - 55a49550-9793-45a7-9328-42decfaf4bde@group-5A5C102761B5: set configuration 0: [55a49550-9793-45a7-9328-42decfaf4bde:192.168.157.221:40067], old=null at 0
2019-11-19 07:31:57,419 [c0e0c80b-9e0e-42fb-bb8a-7fd36c2f8c11@group-D576EFE2AD8B-LeaderElection3] INFO  impl.RaftServerImpl (ServerState.java:setRaftConf(356)) - c0e0c80b-9e0e-42fb-bb8a-7fd36c2f8c11@group-D576EFE2AD8B: set configuration 0: [c0e0c80b-9e0e-42fb-bb8a-7fd36c2f8c11:192.168.157.221:36451], old=null at 0
2019-11-19 07:31:57,431 [Thread-181] INFO  impl.FollowerState (FollowerState.java:run(111)) - 0427b329-8a9a-4470-8879-2ada41e3e7d2@group-847E6280C345-FollowerState: change to CANDIDATE, lastRpcTime:5185ms, electionTimeout:5184ms
2019-11-19 07:31:57,432 [Thread-181] INFO  impl.RoleInfo (RoleInfo.java:shutdownFollowerState(121)) - 0427b329-8a9a-4470-8879-2ada41e3e7d2: shutdown FollowerState
2019-11-19 07:31:57,432 [Thread-181] INFO  impl.RaftServerImpl (RaftServerImpl.java:setRole(173)) - 0427b329-8a9a-4470-8879-2ada41e3e7d2@group-847E6280C345: changes role from  FOLLOWER to CANDIDATE at term 0 for changeToCandidate
2019-11-19 07:31:57,432 [Thread-181] INFO  impl.RoleInfo (RoleInfo.java:updateAndGet(143)) - 0427b329-8a9a-4470-8879-2ada41e3e7d2: start LeaderElection
2019-11-19 07:31:57,460 [0427b329-8a9a-4470-8879-2ada41e3e7d2@group-847E6280C345-LeaderElection5] INFO  impl.LeaderElection (LeaderElection.java:askForVotes(178)) - 0427b329-8a9a-4470-8879-2ada41e3e7d2@group-847E6280C345-LeaderElection5: begin an election at term 1 for -1: [0427b329-8a9a-4470-8879-2ada41e3e7d2:192.168.157.221:40020], old=null
2019-11-19 07:31:57,460 [0427b329-8a9a-4470-8879-2ada41e3e7d2@group-847E6280C345-LeaderElection5] INFO  impl.RoleInfo (RoleInfo.java:shutdownLeaderElection(134)) - 0427b329-8a9a-4470-8879-2ada41e3e7d2: shutdown LeaderElection
2019-11-19 07:31:57,460 [0427b329-8a9a-4470-8879-2ada41e3e7d2@group-847E6280C345-LeaderElection5] INFO  impl.RaftServerImpl (RaftServerImpl.java:setRole(173)) - 0427b329-8a9a-4470-8879-2ada41e3e7d2@group-847E6280C345: changes role from CANDIDATE to LEADER at term 1 for changeToLeader
2019-11-19 07:31:57,461 [0427b329-8a9a-4470-8879-2ada41e3e7d2@group-847E6280C345-LeaderElection5] INFO  ratis.XceiverServerRatis (XceiverServerRatis.java:handleLeaderChangedNotification(733)) - Leader change notification received for group: group-847E6280C345 with new leaderId: 0427b329-8a9a-4470-8879-2ada41e3e7d2
2019-11-19 07:31:57,461 [0427b329-8a9a-4470-8879-2ada41e3e7d2@group-847E6280C345-LeaderElection5] INFO  impl.RaftServerImpl (ServerState.java:setLeader(255)) - 0427b329-8a9a-4470-8879-2ada41e3e7d2@group-847E6280C345: change Leader from null to 0427b329-8a9a-4470-8879-2ada41e3e7d2 at term 1 for becomeLeader, leader elected after 5301ms
2019-11-19 07:31:57,461 [0427b329-8a9a-4470-8879-2ada41e3e7d2@group-847E6280C345-LeaderElection5] INFO  server.RaftServerConfigKeys (ConfUtils.java:logGet(43)) - raft.server.staging.catchup.gap = 1000 (default)
2019-11-19 07:31:57,461 [0427b329-8a9a-4470-8879-2ada41e3e7d2@group-847E6280C345-LeaderElection5] INFO  server.RaftServerConfigKeys (ConfUtils.java:logGet(43)) - raft.server.rpc.sleep.time = 25ms (default)
2019-11-19 07:31:57,461 [0427b329-8a9a-4470-8879-2ada41e3e7d2@group-847E6280C345-LeaderElection5] INFO  server.RaftServerConfigKeys (ConfUtils.java:logGet(43)) - raft.server.write.element-limit = 4096 (default)
2019-11-19 07:31:57,462 [0427b329-8a9a-4470-8879-2ada41e3e7d2@group-847E6280C345-LeaderElection5] INFO  server.RaftServerConfigKeys (ConfUtils.java:logGet(43)) - raft.server.watch.timeout = 10s (default)
2019-11-19 07:31:57,463 [0427b329-8a9a-4470-8879-2ada41e3e7d2@group-847E6280C345-LeaderElection5] INFO  server.RaftServerConfigKeys (ConfUtils.java:logGet(43)) - raft.server.watch.timeout.denomination = 1s (default)
2019-11-19 07:31:57,463 [0427b329-8a9a-4470-8879-2ada41e3e7d2@group-847E6280C345-LeaderElection5] INFO  server.RaftServerConfigKeys (ConfUtils.java:logGet(43)) - raft.server.watch.element-limit = 65536 (default)
2019-11-19 07:31:57,463 [0427b329-8a9a-4470-8879-2ada41e3e7d2@group-847E6280C345-LeaderElection5] INFO  impl.RoleInfo (RoleInfo.java:updateAndGet(143)) - 0427b329-8a9a-4470-8879-2ada41e3e7d2: start LeaderState
2019-11-19 07:31:57,463 [EventQueue-PipelineReportForPipelineReportHandler] INFO  pipeline.PipelineReportHandler (PipelineReportHandler.java:processPipelineReport(113)) - Pipeline THREE PipelineID=d7d85ada-17d3-4b16-bdad-7d22bbc7452d reported by 0427b329-8a9a-4470-8879-2ada41e3e7d2{ip: 192.168.157.221, host: pr-hdds-2486-rcb2c-3991983431, networkLocation: /default-rack, certSerialId: null}
2019-11-19 07:31:57,463 [0427b329-8a9a-4470-8879-2ada41e3e7d2@group-847E6280C345-LeaderElection5] INFO  segmented.SegmentedRaftLogWorker (SegmentedRaftLogWorker.java:startLogSegment(385)) - 0427b329-8a9a-4470-8879-2ada41e3e7d2@group-847E6280C345-SegmentedRaftLogWorker: Starting segment from index:0
2019-11-19 07:31:57,464 [0427b329-8a9a-4470-8879-2ada41e3e7d2@group-847E6280C345-LeaderElection5] INFO  impl.RaftServerImpl (ServerState.java:setRaftConf(356)) - 0427b329-8a9a-4470-8879-2ada41e3e7d2@group-847E6280C345: set configuration 0: [0427b329-8a9a-4470-8879-2ada41e3e7d2:192.168.157.221:40020], old=null at 0
2019-11-19 07:31:57,466 [Thread-189] INFO  impl.FollowerState (FollowerState.java:run(111)) - 0427b329-8a9a-4470-8879-2ada41e3e7d2@group-7D22BBC7452D-FollowerState: change to CANDIDATE, lastRpcTime:5116ms, electionTimeout:5116ms
2019-11-19 07:31:57,467 [Thread-189] INFO  impl.RoleInfo (RoleInfo.java:shutdownFollowerState(121)) - 0427b329-8a9a-4470-8879-2ada41e3e7d2: shutdown FollowerState
2019-11-19 07:31:57,467 [Thread-189] INFO  impl.RaftServerImpl (RaftServerImpl.java:setRole(173)) - 0427b329-8a9a-4470-8879-2ada41e3e7d2@group-7D22BBC7452D: changes role from  FOLLOWER to CANDIDATE at term 0 for changeToCandidate
2019-11-19 07:31:57,467 [Thread-189] INFO  impl.RoleInfo (RoleInfo.java:updateAndGet(143)) - 0427b329-8a9a-4470-8879-2ada41e3e7d2: start LeaderElection
2019-11-19 07:31:57,494 [0427b329-8a9a-4470-8879-2ada41e3e7d2@group-7D22BBC7452D-LeaderElection6] INFO  impl.LeaderElection (LeaderElection.java:askForVotes(178)) - 0427b329-8a9a-4470-8879-2ada41e3e7d2@group-7D22BBC7452D-LeaderElection6: begin an election at term 1 for -1: [55a49550-9793-45a7-9328-42decfaf4bde:192.168.157.221:40067, c0e0c80b-9e0e-42fb-bb8a-7fd36c2f8c11:192.168.157.221:36451, 0427b329-8a9a-4470-8879-2ada41e3e7d2:192.168.157.221:40020], old=null
2019-11-19 07:31:57,588 [c0e0c80b-9e0e-42fb-bb8a-7fd36c2f8c11@group-D576EFE2AD8B-SegmentedRaftLogWorker] INFO  segmented.SegmentedRaftLogWorker (SegmentedRaftLogWorker.java:execute(576)) - c0e0c80b-9e0e-42fb-bb8a-7fd36c2f8c11@group-D576EFE2AD8B-SegmentedRaftLogWorker: created new log segment /workdir/hadoop-ozone/tools/target/test-dir/MiniOzoneClusterImpl-981bece0-af7a-4a5f-85f9-dd68986b6607/datanode-1/data/ratis/f6d79f75-760c-43cb-afb3-d576efe2ad8b/current/log_inprogress_0
2019-11-19 07:31:57,588 [0427b329-8a9a-4470-8879-2ada41e3e7d2@group-847E6280C345-SegmentedRaftLogWorker] INFO  segmented.SegmentedRaftLogWorker (SegmentedRaftLogWorker.java:execute(576)) - 0427b329-8a9a-4470-8879-2ada41e3e7d2@group-847E6280C345-SegmentedRaftLogWorker: created new log segment /workdir/hadoop-ozone/tools/target/test-dir/MiniOzoneClusterImpl-981bece0-af7a-4a5f-85f9-dd68986b6607/datanode-0/data/ratis/916091e6-6bab-4974-ab6d-847e6280c345/current/log_inprogress_0
2019-11-19 07:31:57,588 [55a49550-9793-45a7-9328-42decfaf4bde@group-5A5C102761B5-SegmentedRaftLogWorker] INFO  segmented.SegmentedRaftLogWorker (SegmentedRaftLogWorker.java:execute(576)) - 55a49550-9793-45a7-9328-42decfaf4bde@group-5A5C102761B5-SegmentedRaftLogWorker: created new log segment /workdir/hadoop-ozone/tools/target/test-dir/MiniOzoneClusterImpl-981bece0-af7a-4a5f-85f9-dd68986b6607/datanode-2/data/ratis/f5092271-c54f-48ab-907e-5a5c102761b5/current/log_inprogress_0
2019-11-19 07:31:57,786 [c0e0c80b-9e0e-42fb-bb8a-7fd36c2f8c11@group-7D22BBC7452D-LeaderElection4] INFO  impl.LeaderElection (LeaderElection.java:logAndReturn(56)) - c0e0c80b-9e0e-42fb-bb8a-7fd36c2f8c11@group-7D22BBC7452D-LeaderElection4: Election REJECTED; received 2 response(s) [c0e0c80b-9e0e-42fb-bb8a-7fd36c2f8c11<-55a49550-9793-45a7-9328-42decfaf4bde#0:FAIL-t1, c0e0c80b-9e0e-42fb-bb8a-7fd36c2f8c11<-0427b329-8a9a-4470-8879-2ada41e3e7d2#0:FAIL-t1] and 0 exception(s); c0e0c80b-9e0e-42fb-bb8a-7fd36c2f8c11@group-7D22BBC7452D:t1, leader=null, voted=c0e0c80b-9e0e-42fb-bb8a-7fd36c2f8c11, raftlog=c0e0c80b-9e0e-42fb-bb8a-7fd36c2f8c11@group-7D22BBC7452D-SegmentedRaftLog:OPENED:c-1,f-1,i0, conf=-1: [55a49550-9793-45a7-9328-42decfaf4bde:192.168.157.221:40067, c0e0c80b-9e0e-42fb-bb8a-7fd36c2f8c11:192.168.157.221:36451, 0427b329-8a9a-4470-8879-2ada41e3e7d2:192.168.157.221:40020], old=null
2019-11-19 07:31:57,786 [0427b329-8a9a-4470-8879-2ada41e3e7d2@group-7D22BBC7452D-LeaderElection6] INFO  impl.LeaderElection (LeaderElection.java:logAndReturn(56)) - 0427b329-8a9a-4470-8879-2ada41e3e7d2@group-7D22BBC7452D-LeaderElection6: Election REJECTED; received 2 response(s) [0427b329-8a9a-4470-8879-2ada41e3e7d2<-55a49550-9793-45a7-9328-42decfaf4bde#0:FAIL-t1, 0427b329-8a9a-4470-8879-2ada41e3e7d2<-c0e0c80b-9e0e-42fb-bb8a-7fd36c2f8c11#0:FAIL-t1] and 0 exception(s); 0427b329-8a9a-4470-8879-2ada41e3e7d2@group-7D22BBC7452D:t1, leader=null, voted=0427b329-8a9a-4470-8879-2ada41e3e7d2, raftlog=0427b329-8a9a-4470-8879-2ada41e3e7d2@group-7D22BBC7452D-SegmentedRaftLog:OPENED:c-1,f-1,i0, conf=-1: [55a49550-9793-45a7-9328-42decfaf4bde:192.168.157.221:40067, c0e0c80b-9e0e-42fb-bb8a-7fd36c2f8c11:192.168.157.221:36451, 0427b329-8a9a-4470-8879-2ada41e3e7d2:192.168.157.221:40020], old=null
2019-11-19 07:31:57,786 [55a49550-9793-45a7-9328-42decfaf4bde@group-7D22BBC7452D-LeaderElection2] INFO  impl.LeaderElection (LeaderElection.java:logAndReturn(56)) - 55a49550-9793-45a7-9328-42decfaf4bde@group-7D22BBC7452D-LeaderElection2: Election REJECTED; received 2 response(s) [55a49550-9793-45a7-9328-42decfaf4bde<-c0e0c80b-9e0e-42fb-bb8a-7fd36c2f8c11#0:FAIL-t1, 55a49550-9793-45a7-9328-42decfaf4bde<-0427b329-8a9a-4470-8879-2ada41e3e7d2#0:FAIL-t1] and 0 exception(s); 55a49550-9793-45a7-9328-42decfaf4bde@group-7D22BBC7452D:t1, leader=null, voted=55a49550-9793-45a7-9328-42decfaf4bde, raftlog=55a49550-9793-45a7-9328-42decfaf4bde@group-7D22BBC7452D-SegmentedRaftLog:OPENED:c-1,f-1,i0, conf=-1: [55a49550-9793-45a7-9328-42decfaf4bde:192.168.157.221:40067, c0e0c80b-9e0e-42fb-bb8a-7fd36c2f8c11:192.168.157.221:36451, 0427b329-8a9a-4470-8879-2ada41e3e7d2:192.168.157.221:40020], old=null
2019-11-19 07:31:57,788 [0427b329-8a9a-4470-8879-2ada41e3e7d2@group-7D22BBC7452D-LeaderElection6] INFO  impl.RaftServerImpl (RaftServerImpl.java:setRole(173)) - 0427b329-8a9a-4470-8879-2ada41e3e7d2@group-7D22BBC7452D: changes role from CANDIDATE to FOLLOWER at term 1 for DISCOVERED_A_NEW_TERM
2019-11-19 07:31:57,788 [c0e0c80b-9e0e-42fb-bb8a-7fd36c2f8c11@group-7D22BBC7452D-LeaderElection4] INFO  impl.RaftServerImpl (RaftServerImpl.java:setRole(173)) - c0e0c80b-9e0e-42fb-bb8a-7fd36c2f8c11@group-7D22BBC7452D: changes role from CANDIDATE to FOLLOWER at term 1 for DISCOVERED_A_NEW_TERM
2019-11-19 07:31:57,790 [0427b329-8a9a-4470-8879-2ada41e3e7d2@group-7D22BBC7452D-LeaderElection6] INFO  impl.RoleInfo (RoleInfo.java:shutdownLeaderElection(134)) - 0427b329-8a9a-4470-8879-2ada41e3e7d2: shutdown LeaderElection
2019-11-19 07:31:57,790 [55a49550-9793-45a7-9328-42decfaf4bde@group-7D22BBC7452D-LeaderElection2] INFO  impl.RaftServerImpl (RaftServerImpl.java:setRole(173)) - 55a49550-9793-45a7-9328-42decfaf4bde@group-7D22BBC7452D: changes role from CANDIDATE to FOLLOWER at term 1 for DISCOVERED_A_NEW_TERM
2019-11-19 07:31:57,791 [0427b329-8a9a-4470-8879-2ada41e3e7d2@group-7D22BBC7452D-LeaderElection6] INFO  impl.RoleInfo (RoleInfo.java:updateAndGet(143)) - 0427b329-8a9a-4470-8879-2ada41e3e7d2: start FollowerState
2019-11-19 07:31:57,790 [c0e0c80b-9e0e-42fb-bb8a-7fd36c2f8c11@group-7D22BBC7452D-LeaderElection4] INFO  impl.RoleInfo (RoleInfo.java:shutdownLeaderElection(134)) - c0e0c80b-9e0e-42fb-bb8a-7fd36c2f8c11: shutdown LeaderElection
2019-11-19 07:31:57,791 [55a49550-9793-45a7-9328-42decfaf4bde@group-7D22BBC7452D-LeaderElection2] INFO  impl.RoleInfo (RoleInfo.java:shutdownLeaderElection(134)) - 55a49550-9793-45a7-9328-42decfaf4bde: shutdown LeaderElection
2019-11-19 07:31:57,792 [c0e0c80b-9e0e-42fb-bb8a-7fd36c2f8c11@group-7D22BBC7452D-LeaderElection4] INFO  impl.RoleInfo (RoleInfo.java:updateAndGet(143)) - c0e0c80b-9e0e-42fb-bb8a-7fd36c2f8c11: start FollowerState
2019-11-19 07:31:57,792 [55a49550-9793-45a7-9328-42decfaf4bde@group-7D22BBC7452D-LeaderElection2] INFO  impl.RoleInfo (RoleInfo.java:updateAndGet(143)) - 55a49550-9793-45a7-9328-42decfaf4bde: start FollowerState
2019-11-19 07:31:58,131 [main] INFO  ozone.MiniOzoneClusterImpl (MiniOzoneClusterImpl.java:lambda$waitForClusterToBeReady$0(150)) - Nodes are ready. Got 3 of 3 DN Heartbeats.
2019-11-19 07:31:58,131 [main] INFO  ozone.MiniOzoneClusterImpl (MiniOzoneClusterImpl.java:lambda$waitForClusterToBeReady$0(153)) - Waiting for cluster to exit safe mode
2019-11-19 07:31:59,131 [main] INFO  ozone.MiniOzoneClusterImpl (MiniOzoneClusterImpl.java:lambda$waitForClusterToBeReady$0(150)) - Nodes are ready. Got 3 of 3 DN Heartbeats.
2019-11-19 07:31:59,131 [main] INFO  ozone.MiniOzoneClusterImpl (MiniOzoneClusterImpl.java:lambda$waitForClusterToBeReady$0(153)) - Waiting for cluster to exit safe mode
2019-11-19 07:32:00,132 [main] INFO  ozone.MiniOzoneClusterImpl (MiniOzoneClusterImpl.java:lambda$waitForClusterToBeReady$0(150)) - Nodes are ready. Got 3 of 3 DN Heartbeats.
2019-11-19 07:32:00,132 [main] INFO  ozone.MiniOzoneClusterImpl (MiniOzoneClusterImpl.java:lambda$waitForClusterToBeReady$0(153)) - Waiting for cluster to exit safe mode
2019-11-19 07:32:01,133 [main] INFO  ozone.MiniOzoneClusterImpl (MiniOzoneClusterImpl.java:lambda$waitForClusterToBeReady$0(150)) - Nodes are ready. Got 3 of 3 DN Heartbeats.
2019-11-19 07:32:01,133 [main] INFO  ozone.MiniOzoneClusterImpl (MiniOzoneClusterImpl.java:lambda$waitForClusterToBeReady$0(153)) - Waiting for cluster to exit safe mode
2019-11-19 07:32:02,133 [main] INFO  ozone.MiniOzoneClusterImpl (MiniOzoneClusterImpl.java:lambda$waitForClusterToBeReady$0(150)) - Nodes are ready. Got 3 of 3 DN Heartbeats.
2019-11-19 07:32:02,134 [main] INFO  ozone.MiniOzoneClusterImpl (MiniOzoneClusterImpl.java:lambda$waitForClusterToBeReady$0(153)) - Waiting for cluster to exit safe mode
2019-11-19 07:32:02,847 [Thread-208] INFO  impl.FollowerState (FollowerState.java:run(111)) - c0e0c80b-9e0e-42fb-bb8a-7fd36c2f8c11@group-7D22BBC7452D-FollowerState: change to CANDIDATE, lastRpcTime:5055ms, electionTimeout:5054ms
2019-11-19 07:32:02,847 [Thread-208] INFO  impl.RoleInfo (RoleInfo.java:shutdownFollowerState(121)) - c0e0c80b-9e0e-42fb-bb8a-7fd36c2f8c11: shutdown FollowerState
2019-11-19 07:32:02,847 [Thread-208] INFO  impl.RaftServerImpl (RaftServerImpl.java:setRole(173)) - c0e0c80b-9e0e-42fb-bb8a-7fd36c2f8c11@group-7D22BBC7452D: changes role from  FOLLOWER to CANDIDATE at term 1 for changeToCandidate
2019-11-19 07:32:02,847 [Thread-208] INFO  impl.RoleInfo (RoleInfo.java:updateAndGet(143)) - c0e0c80b-9e0e-42fb-bb8a-7fd36c2f8c11: start LeaderElection
2019-11-19 07:32:02,889 [c0e0c80b-9e0e-42fb-bb8a-7fd36c2f8c11@group-7D22BBC7452D-LeaderElection7] INFO  impl.LeaderElection (LeaderElection.java:askForVotes(178)) - c0e0c80b-9e0e-42fb-bb8a-7fd36c2f8c11@group-7D22BBC7452D-LeaderElection7: begin an election at term 2 for -1: [55a49550-9793-45a7-9328-42decfaf4bde:192.168.157.221:40067, c0e0c80b-9e0e-42fb-bb8a-7fd36c2f8c11:192.168.157.221:36451, 0427b329-8a9a-4470-8879-2ada41e3e7d2:192.168.157.221:40020], old=null
2019-11-19 07:32:02,900 [grpc-default-executor-2] INFO  impl.RaftServerImpl (RaftServerImpl.java:setRole(173)) - 55a49550-9793-45a7-9328-42decfaf4bde@group-7D22BBC7452D: changes role from  FOLLOWER to FOLLOWER at term 2 for recognizeCandidate:c0e0c80b-9e0e-42fb-bb8a-7fd36c2f8c11
2019-11-19 07:32:02,900 [grpc-default-executor-1] INFO  impl.RaftServerImpl (RaftServerImpl.java:setRole(173)) - 0427b329-8a9a-4470-8879-2ada41e3e7d2@group-7D22BBC7452D: changes role from  FOLLOWER to FOLLOWER at term 2 for recognizeCandidate:c0e0c80b-9e0e-42fb-bb8a-7fd36c2f8c11
2019-11-19 07:32:02,900 [grpc-default-executor-2] INFO  impl.RoleInfo (RoleInfo.java:shutdownFollowerState(121)) - 55a49550-9793-45a7-9328-42decfaf4bde: shutdown FollowerState
2019-11-19 07:32:02,900 [grpc-default-executor-1] INFO  impl.RoleInfo (RoleInfo.java:shutdownFollowerState(121)) - 0427b329-8a9a-4470-8879-2ada41e3e7d2: shutdown FollowerState
2019-11-19 07:32:02,901 [grpc-default-executor-2] INFO  impl.RoleInfo (RoleInfo.java:updateAndGet(143)) - 55a49550-9793-45a7-9328-42decfaf4bde: start FollowerState
2019-11-19 07:32:02,901 [Thread-209] INFO  impl.FollowerState (FollowerState.java:run(120)) - 55a49550-9793-45a7-9328-42decfaf4bde@group-7D22BBC7452D-FollowerState was interrupted: java.lang.InterruptedException: sleep interrupted
2019-11-19 07:32:02,901 [grpc-default-executor-1] INFO  impl.RoleInfo (RoleInfo.java:updateAndGet(143)) - 0427b329-8a9a-4470-8879-2ada41e3e7d2: start FollowerState
2019-11-19 07:32:02,901 [Thread-207] INFO  impl.FollowerState (FollowerState.java:run(120)) - 0427b329-8a9a-4470-8879-2ada41e3e7d2@group-7D22BBC7452D-FollowerState was interrupted: java.lang.InterruptedException: sleep interrupted
2019-11-19 07:32:02,936 [c0e0c80b-9e0e-42fb-bb8a-7fd36c2f8c11@group-7D22BBC7452D-LeaderElection7] INFO  impl.LeaderElection (LeaderElection.java:logAndReturn(56)) - c0e0c80b-9e0e-42fb-bb8a-7fd36c2f8c11@group-7D22BBC7452D-LeaderElection7: Election PASSED; received 1 response(s) [c0e0c80b-9e0e-42fb-bb8a-7fd36c2f8c11<-55a49550-9793-45a7-9328-42decfaf4bde#0:OK-t2] and 0 exception(s); c0e0c80b-9e0e-42fb-bb8a-7fd36c2f8c11@group-7D22BBC7452D:t2, leader=null, voted=c0e0c80b-9e0e-42fb-bb8a-7fd36c2f8c11, raftlog=c0e0c80b-9e0e-42fb-bb8a-7fd36c2f8c11@group-7D22BBC7452D-SegmentedRaftLog:OPENED:c-1,f-1,i0, conf=-1: [55a49550-9793-45a7-9328-42decfaf4bde:192.168.157.221:40067, c0e0c80b-9e0e-42fb-bb8a-7fd36c2f8c11:192.168.157.221:36451, 0427b329-8a9a-4470-8879-2ada41e3e7d2:192.168.157.221:40020], old=null
2019-11-19 07:32:02,937 [c0e0c80b-9e0e-42fb-bb8a-7fd36c2f8c11@group-7D22BBC7452D-LeaderElection7] INFO  impl.RoleInfo (RoleInfo.java:shutdownLeaderElection(134)) - c0e0c80b-9e0e-42fb-bb8a-7fd36c2f8c11: shutdown LeaderElection
2019-11-19 07:32:02,937 [c0e0c80b-9e0e-42fb-bb8a-7fd36c2f8c11@group-7D22BBC7452D-LeaderElection7] INFO  impl.RaftServerImpl (RaftServerImpl.java:setRole(173)) - c0e0c80b-9e0e-42fb-bb8a-7fd36c2f8c11@group-7D22BBC7452D: changes role from CANDIDATE to LEADER at term 2 for changeToLeader
2019-11-19 07:32:02,938 [c0e0c80b-9e0e-42fb-bb8a-7fd36c2f8c11@group-7D22BBC7452D-LeaderElection7] INFO  ratis.XceiverServerRatis (XceiverServerRatis.java:handleLeaderChangedNotification(733)) - Leader change notification received for group: group-7D22BBC7452D with new leaderId: c0e0c80b-9e0e-42fb-bb8a-7fd36c2f8c11
2019-11-19 07:32:02,938 [c0e0c80b-9e0e-42fb-bb8a-7fd36c2f8c11@group-7D22BBC7452D-LeaderElection7] INFO  impl.RaftServerImpl (ServerState.java:setLeader(255)) - c0e0c80b-9e0e-42fb-bb8a-7fd36c2f8c11@group-7D22BBC7452D: change Leader from null to c0e0c80b-9e0e-42fb-bb8a-7fd36c2f8c11 at term 2 for becomeLeader, leader elected after 10612ms
2019-11-19 07:32:02,939 [c0e0c80b-9e0e-42fb-bb8a-7fd36c2f8c11@group-7D22BBC7452D-LeaderElection7] INFO  server.RaftServerConfigKeys (ConfUtils.java:logGet(43)) - raft.server.staging.catchup.gap = 1000 (default)
2019-11-19 07:32:02,939 [c0e0c80b-9e0e-42fb-bb8a-7fd36c2f8c11@group-7D22BBC7452D-LeaderElection7] INFO  server.RaftServerConfigKeys (ConfUtils.java:logGet(43)) - raft.server.rpc.sleep.time = 25ms (default)
2019-11-19 07:32:02,939 [c0e0c80b-9e0e-42fb-bb8a-7fd36c2f8c11@group-7D22BBC7452D-LeaderElection7] INFO  server.RaftServerConfigKeys (ConfUtils.java:logGet(43)) - raft.server.write.element-limit = 4096 (default)
2019-11-19 07:32:02,939 [c0e0c80b-9e0e-42fb-bb8a-7fd36c2f8c11@group-7D22BBC7452D-LeaderElection7] INFO  server.RaftServerConfigKeys (ConfUtils.java:logGet(43)) - raft.server.watch.timeout = 10s (default)
2019-11-19 07:32:02,940 [c0e0c80b-9e0e-42fb-bb8a-7fd36c2f8c11@group-7D22BBC7452D-LeaderElection7] INFO  server.RaftServerConfigKeys (ConfUtils.java:logGet(43)) - raft.server.watch.timeout.denomination = 1s (default)
2019-11-19 07:32:02,940 [c0e0c80b-9e0e-42fb-bb8a-7fd36c2f8c11@group-7D22BBC7452D-LeaderElection7] INFO  server.RaftServerConfigKeys (ConfUtils.java:logGet(43)) - raft.server.watch.element-limit = 65536 (default)
2019-11-19 07:32:02,940 [EventQueue-PipelineReportForPipelineReportHandler] INFO  pipeline.PipelineReportHandler (PipelineReportHandler.java:processPipelineReport(113)) - Pipeline THREE PipelineID=d7d85ada-17d3-4b16-bdad-7d22bbc7452d reported by c0e0c80b-9e0e-42fb-bb8a-7fd36c2f8c11{ip: 192.168.157.221, host: pr-hdds-2486-rcb2c-3991983431, networkLocation: /default-rack, certSerialId: null}
2019-11-19 07:32:02,941 [EventQueue-PipelineReportForPipelineReportHandler] INFO  pipeline.PipelineStateManager (PipelineStateManager.java:openPipeline(132)) - Pipeline Pipeline[ Id: d7d85ada-17d3-4b16-bdad-7d22bbc7452d, Nodes: 0427b329-8a9a-4470-8879-2ada41e3e7d2{ip: 192.168.157.221, host: pr-hdds-2486-rcb2c-3991983431, networkLocation: /default-rack, certSerialId: null}55a49550-9793-45a7-9328-42decfaf4bde{ip: 192.168.157.221, host: pr-hdds-2486-rcb2c-3991983431, networkLocation: /default-rack, certSerialId: null}c0e0c80b-9e0e-42fb-bb8a-7fd36c2f8c11{ip: 192.168.157.221, host: pr-hdds-2486-rcb2c-3991983431, networkLocation: /default-rack, certSerialId: null}, Type:RATIS, Factor:THREE, State:ALLOCATED] moved to OPEN state
2019-11-19 07:32:02,942 [EventQueue-OpenPipelineForOneReplicaPipelineSafeModeRule] INFO  safemode.SCMSafeModeManager (SCMSafeModeManager.java:validateSafeModeExitRules(176)) - AtleastOneDatanodeReportedRule rule is successfully validated
2019-11-19 07:32:02,942 [EventQueue-OpenPipelineForHealthyPipelineSafeModeRule] INFO  safemode.SCMSafeModeManager (HealthyPipelineSafeModeRule.java:process(132)) - SCM in safe mode. Healthy pipelines reported count is 1, required healthy pipeline reported count is 1
2019-11-19 07:32:02,943 [EventQueue-OpenPipelineForHealthyPipelineSafeModeRule] INFO  safemode.SCMSafeModeManager (SCMSafeModeManager.java:validateSafeModeExitRules(176)) - HealthyPipelineSafeModeRule rule is successfully validated
2019-11-19 07:32:02,943 [EventQueue-OpenPipelineForHealthyPipelineSafeModeRule] INFO  safemode.SCMSafeModeManager (SCMSafeModeManager.java:validateSafeModeExitRules(185)) - ScmSafeModeManager, all rules are successfully validated
2019-11-19 07:32:02,943 [EventQueue-OpenPipelineForHealthyPipelineSafeModeRule] INFO  safemode.SCMSafeModeManager (SCMSafeModeManager.java:exitSafeMode(201)) - SCM exiting safe mode.
2019-11-19 07:32:02,945 [c0e0c80b-9e0e-42fb-bb8a-7fd36c2f8c11@group-7D22BBC7452D-LeaderElection7] INFO  server.RaftServerConfigKeys (ConfUtils.java:logGet(43)) - raft.server.log.appender.snapshot.chunk.size.max = 16MB (=16777216) (default)
2019-11-19 07:32:02,946 [c0e0c80b-9e0e-42fb-bb8a-7fd36c2f8c11@group-7D22BBC7452D-LeaderElection7] INFO  server.RaftServerConfigKeys (ConfUtils.java:logGet(43)) - raft.server.log.appender.buffer.byte-limit = 33554432 (custom)
2019-11-19 07:32:02,946 [c0e0c80b-9e0e-42fb-bb8a-7fd36c2f8c11@group-7D22BBC7452D-LeaderElection7] INFO  server.RaftServerConfigKeys (ConfUtils.java:logGet(43)) - raft.server.log.appender.buffer.element-limit = 1 (custom)
2019-11-19 07:32:02,951 [c0e0c80b-9e0e-42fb-bb8a-7fd36c2f8c11@group-7D22BBC7452D-LeaderElection7] INFO  grpc.GrpcConfigKeys$Server (ConfUtils.java:logGet(43)) - raft.grpc.server.leader.outstanding.appends.max = 128 (default)
2019-11-19 07:32:02,951 [c0e0c80b-9e0e-42fb-bb8a-7fd36c2f8c11@group-7D22BBC7452D-LeaderElection7] INFO  server.RaftServerConfigKeys (ConfUtils.java:logGet(43)) - raft.server.rpc.request.timeout = 3000ms (default)
2019-11-19 07:32:02,951 [c0e0c80b-9e0e-42fb-bb8a-7fd36c2f8c11@group-7D22BBC7452D-LeaderElection7] INFO  server.RaftServerConfigKeys (ConfUtils.java:logGet(43)) - raft.server.log.appender.install.snapshot.enabled = false (custom)
2019-11-19 07:32:02,953 [c0e0c80b-9e0e-42fb-bb8a-7fd36c2f8c11@group-7D22BBC7452D-LeaderElection7] WARN  impl.MetricRegistriesImpl (MetricRegistriesImpl.java:lambda$create$1(61)) - First MetricRegistry has been created without registering reporters. You may need to call MetricRegistries.global().addReportRegistration(...) before.
2019-11-19 07:32:02,954 [c0e0c80b-9e0e-42fb-bb8a-7fd36c2f8c11@group-7D22BBC7452D-LeaderElection7] INFO  server.RaftServerConfigKeys (ConfUtils.java:logGet(43)) - raft.server.log.appender.snapshot.chunk.size.max = 16MB (=16777216) (default)
2019-11-19 07:32:02,954 [c0e0c80b-9e0e-42fb-bb8a-7fd36c2f8c11@group-7D22BBC7452D-LeaderElection7] INFO  server.RaftServerConfigKeys (ConfUtils.java:logGet(43)) - raft.server.log.appender.buffer.byte-limit = 33554432 (custom)
2019-11-19 07:32:02,954 [c0e0c80b-9e0e-42fb-bb8a-7fd36c2f8c11@group-7D22BBC7452D-LeaderElection7] INFO  server.RaftServerConfigKeys (ConfUtils.java:logGet(43)) - raft.server.log.appender.buffer.element-limit = 1 (custom)
2019-11-19 07:32:02,954 [c0e0c80b-9e0e-42fb-bb8a-7fd36c2f8c11@group-7D22BBC7452D-LeaderElection7] INFO  grpc.GrpcConfigKeys$Server (ConfUtils.java:logGet(43)) - raft.grpc.server.leader.outstanding.appends.max = 128 (default)
2019-11-19 07:32:02,955 [c0e0c80b-9e0e-42fb-bb8a-7fd36c2f8c11@group-7D22BBC7452D-LeaderElection7] INFO  server.RaftServerConfigKeys (ConfUtils.java:logGet(43)) - raft.server.rpc.request.timeout = 3000ms (default)
2019-11-19 07:32:02,955 [c0e0c80b-9e0e-42fb-bb8a-7fd36c2f8c11@group-7D22BBC7452D-LeaderElection7] INFO  server.RaftServerConfigKeys (ConfUtils.java:logGet(43)) - raft.server.log.appender.install.snapshot.enabled = false (custom)
2019-11-19 07:32:02,958 [c0e0c80b-9e0e-42fb-bb8a-7fd36c2f8c11@group-7D22BBC7452D-LeaderElection7] INFO  impl.RoleInfo (RoleInfo.java:updateAndGet(143)) - c0e0c80b-9e0e-42fb-bb8a-7fd36c2f8c11: start LeaderState
2019-11-19 07:32:02,959 [c0e0c80b-9e0e-42fb-bb8a-7fd36c2f8c11@group-7D22BBC7452D-LeaderElection7] INFO  segmented.SegmentedRaftLogWorker (SegmentedRaftLogWorker.java:startLogSegment(385)) - c0e0c80b-9e0e-42fb-bb8a-7fd36c2f8c11@group-7D22BBC7452D-SegmentedRaftLogWorker: Starting segment from index:0
2019-11-19 07:32:02,960 [c0e0c80b-9e0e-42fb-bb8a-7fd36c2f8c11@group-7D22BBC7452D-LeaderElection7] INFO  impl.RaftServerImpl (ServerState.java:setRaftConf(356)) - c0e0c80b-9e0e-42fb-bb8a-7fd36c2f8c11@group-7D22BBC7452D: set configuration 0: [55a49550-9793-45a7-9328-42decfaf4bde:192.168.157.221:40067, c0e0c80b-9e0e-42fb-bb8a-7fd36c2f8c11:192.168.157.221:36451, 0427b329-8a9a-4470-8879-2ada41e3e7d2:192.168.157.221:40020], old=null at 0
2019-11-19 07:32:03,012 [grpc-default-executor-2] INFO  ratis.XceiverServerRatis (XceiverServerRatis.java:handleLeaderChangedNotification(733)) - Leader change notification received for group: group-7D22BBC7452D with new leaderId: c0e0c80b-9e0e-42fb-bb8a-7fd36c2f8c11
2019-11-19 07:32:03,012 [grpc-default-executor-1] INFO  ratis.XceiverServerRatis (XceiverServerRatis.java:handleLeaderChangedNotification(733)) - Leader change notification received for group: group-7D22BBC7452D with new leaderId: c0e0c80b-9e0e-42fb-bb8a-7fd36c2f8c11
2019-11-19 07:32:03,012 [grpc-default-executor-2] INFO  impl.RaftServerImpl (ServerState.java:setLeader(255)) - 0427b329-8a9a-4470-8879-2ada41e3e7d2@group-7D22BBC7452D: change Leader from null to c0e0c80b-9e0e-42fb-bb8a-7fd36c2f8c11 at term 2 for appendEntries, leader elected after 10686ms
2019-11-19 07:32:03,012 [grpc-default-executor-1] INFO  impl.RaftServerImpl (ServerState.java:setLeader(255)) - 55a49550-9793-45a7-9328-42decfaf4bde@group-7D22BBC7452D: change Leader from null to c0e0c80b-9e0e-42fb-bb8a-7fd36c2f8c11 at term 2 for appendEntries, leader elected after 10686ms
2019-11-19 07:32:03,015 [c0e0c80b-9e0e-42fb-bb8a-7fd36c2f8c11@group-7D22BBC7452D-SegmentedRaftLogWorker] INFO  segmented.SegmentedRaftLogWorker (SegmentedRaftLogWorker.java:execute(576)) - c0e0c80b-9e0e-42fb-bb8a-7fd36c2f8c11@group-7D22BBC7452D-SegmentedRaftLogWorker: created new log segment /workdir/hadoop-ozone/tools/target/test-dir/MiniOzoneClusterImpl-981bece0-af7a-4a5f-85f9-dd68986b6607/datanode-1/data/ratis/d7d85ada-17d3-4b16-bdad-7d22bbc7452d/current/log_inprogress_0
2019-11-19 07:32:03,043 [grpc-default-executor-2] INFO  impl.RaftServerImpl (ServerState.java:setRaftConf(356)) - 55a49550-9793-45a7-9328-42decfaf4bde@group-7D22BBC7452D: set configuration 0: [55a49550-9793-45a7-9328-42decfaf4bde:192.168.157.221:40067, c0e0c80b-9e0e-42fb-bb8a-7fd36c2f8c11:192.168.157.221:36451, 0427b329-8a9a-4470-8879-2ada41e3e7d2:192.168.157.221:40020], old=null at 0
2019-11-19 07:32:03,043 [grpc-default-executor-1] INFO  impl.RaftServerImpl (ServerState.java:setRaftConf(356)) - 0427b329-8a9a-4470-8879-2ada41e3e7d2@group-7D22BBC7452D: set configuration 0: [55a49550-9793-45a7-9328-42decfaf4bde:192.168.157.221:40067, c0e0c80b-9e0e-42fb-bb8a-7fd36c2f8c11:192.168.157.221:36451, 0427b329-8a9a-4470-8879-2ada41e3e7d2:192.168.157.221:40020], old=null at 0
2019-11-19 07:32:03,043 [grpc-default-executor-2] INFO  segmented.SegmentedRaftLogWorker (SegmentedRaftLogWorker.java:startLogSegment(385)) - 55a49550-9793-45a7-9328-42decfaf4bde@group-7D22BBC7452D-SegmentedRaftLogWorker: Starting segment from index:0
2019-11-19 07:32:03,043 [grpc-default-executor-1] INFO  segmented.SegmentedRaftLogWorker (SegmentedRaftLogWorker.java:startLogSegment(385)) - 0427b329-8a9a-4470-8879-2ada41e3e7d2@group-7D22BBC7452D-SegmentedRaftLogWorker: Starting segment from index:0
2019-11-19 07:32:03,099 [0427b329-8a9a-4470-8879-2ada41e3e7d2@group-7D22BBC7452D-SegmentedRaftLogWorker] INFO  segmented.SegmentedRaftLogWorker (SegmentedRaftLogWorker.java:execute(576)) - 0427b329-8a9a-4470-8879-2ada41e3e7d2@group-7D22BBC7452D-SegmentedRaftLogWorker: created new log segment /workdir/hadoop-ozone/tools/target/test-dir/MiniOzoneClusterImpl-981bece0-af7a-4a5f-85f9-dd68986b6607/datanode-0/data/ratis/d7d85ada-17d3-4b16-bdad-7d22bbc7452d/current/log_inprogress_0
2019-11-19 07:32:03,099 [55a49550-9793-45a7-9328-42decfaf4bde@group-7D22BBC7452D-SegmentedRaftLogWorker] INFO  segmented.SegmentedRaftLogWorker (SegmentedRaftLogWorker.java:execute(576)) - 55a49550-9793-45a7-9328-42decfaf4bde@group-7D22BBC7452D-SegmentedRaftLogWorker: created new log segment /workdir/hadoop-ozone/tools/target/test-dir/MiniOzoneClusterImpl-981bece0-af7a-4a5f-85f9-dd68986b6607/datanode-2/data/ratis/d7d85ada-17d3-4b16-bdad-7d22bbc7452d/current/log_inprogress_0
2019-11-19 07:32:03,134 [main] INFO  ozone.MiniOzoneClusterImpl (MiniOzoneClusterImpl.java:lambda$waitForClusterToBeReady$0(150)) - Nodes are ready. Got 3 of 3 DN Heartbeats.
2019-11-19 07:32:03,134 [main] INFO  ozone.MiniOzoneClusterImpl (MiniOzoneClusterImpl.java:lambda$waitForClusterToBeReady$0(153)) - Cluster exits safe mode
2019-11-19 07:32:03,903 [main] INFO  freon.RandomKeyGenerator (RandomKeyGenerator.java:call(283)) - Number of Threads: 10
2019-11-19 07:32:03,904 [main] INFO  freon.RandomKeyGenerator (RandomKeyGenerator.java:call(288)) - Number of Volumes: 1.
2019-11-19 07:32:03,904 [main] INFO  freon.RandomKeyGenerator (RandomKeyGenerator.java:call(289)) - Number of Buckets per Volume: 1.
2019-11-19 07:32:03,904 [main] INFO  freon.RandomKeyGenerator (RandomKeyGenerator.java:call(290)) - Number of Keys per Bucket: 1.
2019-11-19 07:32:03,904 [main] INFO  freon.RandomKeyGenerator (RandomKeyGenerator.java:call(291)) - Key size: 20971520 bytes
2019-11-19 07:32:03,904 [main] INFO  freon.RandomKeyGenerator (RandomKeyGenerator.java:call(292)) - Buffer size: 4096 bytes
2019-11-19 07:32:03,904 [main] INFO  freon.RandomKeyGenerator (RandomKeyGenerator.java:call(293)) - validateWrites : true
2019-11-19 07:32:03,907 [main] INFO  freon.RandomKeyGenerator (RandomKeyGenerator.java:call(307)) - Data validation is enabled.
2019-11-19 07:32:03,908 [main] INFO  freon.RandomKeyGenerator (RandomKeyGenerator.java:call(313)) - Starting progress bar Thread.

 0.00% |?                                                                                                    |  0/1 Time: 0:00:002019-11-19 07:32:03,924 [pool-53-thread-1] INFO  rpc.RpcClient (RpcClient.java:createVolume(292)) - Creating Volume: vol-0-36322, with jenkins1000 as owner.
2019-11-19 07:32:03,960 [IPC Server handler 1 on 38954] INFO  volume.OMVolumeCreateRequest (OMVolumeCreateRequest.java:validateAndUpdateCache(193)) - created volume:vol-0-36322 for user:jenkins1000
2019-11-19 07:32:04,008 [pool-53-thread-2] INFO  rpc.RpcClient (RpcClient.java:createBucket(431)) - Creating Bucket: vol-0-36322/bucket-0-37280, with Versioning false and Storage Type set to DISK and Encryption set to false 
2019-11-19 07:32:04,168 [pool-53-thread-3] INFO  impl.MetricsSystemImpl (MetricsSystemImpl.java:init(158)) - XceiverClientMetrics metrics system started (again)
 0.00% |?                                                                                                    |  0/1 Time: 0:00:01 0.00% |?                                                                                                    |  0/1 Time: 0:00:022019-11-19 07:32:05,948 [Thread-217] INFO  container.ReplicationManager (ReplicationManager.java:start(162)) - Starting Replication Monitor Thread.
2019-11-19 07:32:05,950 [ReplicationMonitor] INFO  container.ReplicationManager (ReplicationManager.java:run(225)) - Replication Monitor Thread took 1 milliseconds for processing 3 containers.
 100.00% |?????????????????????????????????????????????????????????????????????????????????????????????????????|  1/1 Time: 0:00:03
2019-11-19 07:32:12,222 [main] INFO  pipeline.SCMPipelineManager (SCMPipelineManager.java:finalizeAndDestroyPipeline(333)) - destroying pipeline:Pipeline[ Id: d7d85ada-17d3-4b16-bdad-7d22bbc7452d, Nodes: 0427b329-8a9a-4470-8879-2ada41e3e7d2{ip: 192.168.157.221, host: pr-hdds-2486-rcb2c-3991983431, networkLocation: /default-rack, certSerialId: null}55a49550-9793-45a7-9328-42decfaf4bde{ip: 192.168.157.221, host: pr-hdds-2486-rcb2c-3991983431, networkLocation: /default-rack, certSerialId: null}c0e0c80b-9e0e-42fb-bb8a-7fd36c2f8c11{ip: 192.168.157.221, host: pr-hdds-2486-rcb2c-3991983431, networkLocation: /default-rack, certSerialId: null}, Type:RATIS, Factor:THREE, State:OPEN]
2019-11-19 07:32:12,222 [main] INFO  pipeline.PipelineStateManager (PipelineStateManager.java:finalizePipeline(121)) - Pipeline Pipeline[ Id: d7d85ada-17d3-4b16-bdad-7d22bbc7452d, Nodes: 0427b329-8a9a-4470-8879-2ada41e3e7d2{ip: 192.168.157.221, host: pr-hdds-2486-rcb2c-3991983431, networkLocation: /default-rack, certSerialId: null}55a49550-9793-45a7-9328-42decfaf4bde{ip: 192.168.157.221, host: pr-hdds-2486-rcb2c-3991983431, networkLocation: /default-rack, certSerialId: null}c0e0c80b-9e0e-42fb-bb8a-7fd36c2f8c11{ip: 192.168.157.221, host: pr-hdds-2486-rcb2c-3991983431, networkLocation: /default-rack, certSerialId: null}, Type:RATIS, Factor:THREE, State:CLOSED] moved to CLOSED state
2019-11-19 07:32:12,223 [EventQueue-CloseContainerForCloseContainerEventHandler] INFO  container.CloseContainerEventHandler (CloseContainerEventHandler.java:onMessage(61)) - Close container Event triggered for container : #1
2019-11-19 07:32:12,224 [main] INFO  pipeline.RatisPipelineProvider (RatisPipelineProvider.java:lambda$close$5(207)) - Send pipeline:PipelineID=d7d85ada-17d3-4b16-bdad-7d22bbc7452d close command to datanode 0427b329-8a9a-4470-8879-2ada41e3e7d2
2019-11-19 07:32:12,224 [main] INFO  pipeline.RatisPipelineProvider (RatisPipelineProvider.java:lambda$close$5(207)) - Send pipeline:PipelineID=d7d85ada-17d3-4b16-bdad-7d22bbc7452d close command to datanode 55a49550-9793-45a7-9328-42decfaf4bde
2019-11-19 07:32:12,224 [main] INFO  pipeline.RatisPipelineProvider (RatisPipelineProvider.java:lambda$close$5(207)) - Send pipeline:PipelineID=d7d85ada-17d3-4b16-bdad-7d22bbc7452d close command to datanode c0e0c80b-9e0e-42fb-bb8a-7fd36c2f8c11
2019-11-19 07:32:12,225 [main] INFO  pipeline.PipelineStateManager (PipelineStateManager.java:removePipeline(106)) - Pipeline Pipeline[ Id: d7d85ada-17d3-4b16-bdad-7d22bbc7452d, Nodes: 0427b329-8a9a-4470-8879-2ada41e3e7d2{ip: 192.168.157.221, host: pr-hdds-2486-rcb2c-3991983431, networkLocation: /default-rack, certSerialId: null}55a49550-9793-45a7-9328-42decfaf4bde{ip: 192.168.157.221, host: pr-hdds-2486-rcb2c-3991983431, networkLocation: /default-rack, certSerialId: null}c0e0c80b-9e0e-42fb-bb8a-7fd36c2f8c11{ip: 192.168.157.221, host: pr-hdds-2486-rcb2c-3991983431, networkLocation: /default-rack, certSerialId: null}, Type:RATIS, Factor:THREE, State:CLOSED] removed from db
2019-11-19 07:32:12,227 [EventQueue-CloseContainerForCloseContainerEventHandler] INFO  container.CloseContainerEventHandler (CloseContainerEventHandler.java:onMessage(61)) - Close container Event triggered for container : #2
2019-11-19 07:32:12,227 [RatisPipelineUtilsThread] INFO  pipeline.RatisPipelineProvider (RatisPipelineProvider.java:lambda$create$4(163)) - Send pipeline:PipelineID=aa95163f-85d0-4e66-bce5-b300a177cbfe create command to datanode 0427b329-8a9a-4470-8879-2ada41e3e7d2
2019-11-19 07:32:12,228 [RatisPipelineUtilsThread] INFO  pipeline.RatisPipelineProvider (RatisPipelineProvider.java:lambda$create$4(163)) - Send pipeline:PipelineID=aa95163f-85d0-4e66-bce5-b300a177cbfe create command to datanode 55a49550-9793-45a7-9328-42decfaf4bde
2019-11-19 07:32:12,228 [RatisPipelineUtilsThread] INFO  pipeline.RatisPipelineProvider (RatisPipelineProvider.java:lambda$create$4(163)) - Send pipeline:PipelineID=aa95163f-85d0-4e66-bce5-b300a177cbfe create command to datanode c0e0c80b-9e0e-42fb-bb8a-7fd36c2f8c11
2019-11-19 07:32:12,228 [RatisPipelineUtilsThread] INFO  pipeline.PipelineStateManager (PipelineStateManager.java:addPipeline(55)) - Created pipeline Pipeline[ Id: aa95163f-85d0-4e66-bce5-b300a177cbfe, Nodes: 0427b329-8a9a-4470-8879-2ada41e3e7d2{ip: 192.168.157.221, host: pr-hdds-2486-rcb2c-3991983431, networkLocation: /default-rack, certSerialId: null}55a49550-9793-45a7-9328-42decfaf4bde{ip: 192.168.157.221, host: pr-hdds-2486-rcb2c-3991983431, networkLocation: /default-rack, certSerialId: null}c0e0c80b-9e0e-42fb-bb8a-7fd36c2f8c11{ip: 192.168.157.221, host: pr-hdds-2486-rcb2c-3991983431, networkLocation: /default-rack, certSerialId: null}, Type:RATIS, Factor:THREE, State:ALLOCATED]
2019-11-19 07:32:12,230 [EventQueue-CloseContainerForCloseContainerEventHandler] ERROR container.CloseContainerEventHandler (CloseContainerEventHandler.java:onMessage(89)) - Failed to close the container #2.
org.apache.hadoop.hdds.scm.pipeline.PipelineNotFoundException: PipelineID=d7d85ada-17d3-4b16-bdad-7d22bbc7452d not found
	at org.apache.hadoop.hdds.scm.pipeline.PipelineStateMap.removeContainerFromPipeline(PipelineStateMap.java:351)
	at org.apache.hadoop.hdds.scm.pipeline.PipelineStateManager.removeContainerFromPipeline(PipelineStateManager.java:112)
	at org.apache.hadoop.hdds.scm.pipeline.SCMPipelineManager.removeContainerFromPipeline(SCMPipelineManager.java:286)
	at org.apache.hadoop.hdds.scm.container.SCMContainerManager.updateContainerState(SCMContainerManager.java:331)
	at org.apache.hadoop.hdds.scm.container.CloseContainerEventHandler.onMessage(CloseContainerEventHandler.java:66)
	at org.apache.hadoop.hdds.scm.container.CloseContainerEventHandler.onMessage(CloseContainerEventHandler.java:45)
	at org.apache.hadoop.hdds.server.events.SingleThreadExecutor.lambda$onMessage$1(SingleThreadExecutor.java:85)
	at java.util.concurrent.ThreadPoolExecutor.runWorker(ThreadPoolExecutor.java:1149)
	at java.util.concurrent.ThreadPoolExecutor$Worker.run(ThreadPoolExecutor.java:624)
	at java.lang.Thread.run(Thread.java:748)
2019-11-19 07:32:12,232 [EventQueue-CloseContainerForCloseContainerEventHandler] INFO  container.CloseContainerEventHandler (CloseContainerEventHandler.java:onMessage(61)) - Close container Event triggered for container : #3
2019-11-19 07:32:12,232 [EventQueue-CloseContainerForCloseContainerEventHandler] ERROR container.CloseContainerEventHandler (CloseContainerEventHandler.java:onMessage(89)) - Failed to close the container #3.
org.apache.hadoop.hdds.scm.pipeline.PipelineNotFoundException: PipelineID=d7d85ada-17d3-4b16-bdad-7d22bbc7452d not found
	at org.apache.hadoop.hdds.scm.pipeline.PipelineStateMap.removeContainerFromPipeline(PipelineStateMap.java:351)
	at org.apache.hadoop.hdds.scm.pipeline.PipelineStateManager.removeContainerFromPipeline(PipelineStateManager.java:112)
	at org.apache.hadoop.hdds.scm.pipeline.SCMPipelineManager.removeContainerFromPipeline(SCMPipelineManager.java:286)
	at org.apache.hadoop.hdds.scm.container.SCMContainerManager.updateContainerState(SCMContainerManager.java:331)
	at org.apache.hadoop.hdds.scm.container.CloseContainerEventHandler.onMessage(CloseContainerEventHandler.java:66)
	at org.apache.hadoop.hdds.scm.container.CloseContainerEventHandler.onMessage(CloseContainerEventHandler.java:45)
	at org.apache.hadoop.hdds.server.events.SingleThreadExecutor.lambda$onMessage$1(SingleThreadExecutor.java:85)
	at java.util.concurrent.ThreadPoolExecutor.runWorker(ThreadPoolExecutor.java:1149)
	at java.util.concurrent.ThreadPoolExecutor$Worker.run(ThreadPoolExecutor.java:624)
	at java.lang.Thread.run(Thread.java:748)
2019-11-19 07:32:12,316 [main] INFO  freon.RandomKeyGenerator (RandomKeyGenerator.java:call(283)) - Number of Threads: 10
2019-11-19 07:32:12,316 [main] INFO  freon.RandomKeyGenerator (RandomKeyGenerator.java:call(288)) - Number of Volumes: 1.
2019-11-19 07:32:12,317 [main] INFO  freon.RandomKeyGenerator (RandomKeyGenerator.java:call(289)) - Number of Buckets per Volume: 1.
2019-11-19 07:32:12,317 [main] INFO  freon.RandomKeyGenerator (RandomKeyGenerator.java:call(290)) - Number of Keys per Bucket: 1.
2019-11-19 07:32:12,317 [main] INFO  freon.RandomKeyGenerator (RandomKeyGenerator.java:call(291)) - Key size: 20971520 bytes
2019-11-19 07:32:12,317 [main] INFO  freon.RandomKeyGenerator (RandomKeyGenerator.java:call(292)) - Buffer size: 4096 bytes
2019-11-19 07:32:12,317 [main] INFO  freon.RandomKeyGenerator (RandomKeyGenerator.java:call(293)) - validateWrites : true
2019-11-19 07:32:12,318 [main] INFO  freon.RandomKeyGenerator (RandomKeyGenerator.java:call(307)) - Data validation is enabled.
2019-11-19 07:32:12,318 [main] INFO  freon.RandomKeyGenerator (RandomKeyGenerator.java:call(313)) - Starting progress bar Thread.
2019-11-19 07:32:12,318 [pool-59-thread-2] INFO  rpc.RpcClient (RpcClient.java:createVolume(292)) - Creating Volume: vol-0-43272, with jenkins1000 as owner.

 0.00% |?                                                                                                    |  0/1 Time: 0:00:002019-11-19 07:32:12,322 [IPC Server handler 1 on 38954] INFO  volume.OMVolumeCreateRequest (OMVolumeCreateRequest.java:validateAndUpdateCache(193)) - created volume:vol-0-43272 for user:jenkins1000
2019-11-19 07:32:12,358 [pool-59-thread-1] INFO  rpc.RpcClient (RpcClient.java:createBucket(431)) - Creating Bucket: vol-0-43272/bucket-0-04146, with Versioning false and Storage Type set to DISK and Encryption set to false 
2019-11-19 07:32:12,401 [IPC Server handler 18 on 36151] WARN  block.BlockManagerImpl (BlockManagerImpl.java:allocateBlock(203)) - Pipeline creation failed for type:RATIS factor:THREE. Retrying get pipelines call once.
org.apache.hadoop.hdds.scm.pipeline.InsufficientDatanodesException: Cannot create pipeline of factor 3 using 0 nodes.
	at org.apache.hadoop.hdds.scm.pipeline.RatisPipelineProvider.create(RatisPipelineProvider.java:144)
	at org.apache.hadoop.hdds.scm.pipeline.PipelineFactory.create(PipelineFactory.java:60)
	at org.apache.hadoop.hdds.scm.pipeline.SCMPipelineManager.createPipeline(SCMPipelineManager.java:159)
	at org.apache.hadoop.hdds.scm.block.BlockManagerImpl.allocateBlock(BlockManagerImpl.java:199)
	at org.apache.hadoop.hdds.scm.server.SCMBlockProtocolServer.allocateBlock(SCMBlockProtocolServer.java:187)
	at org.apache.hadoop.hdds.scm.protocol.ScmBlockLocationProtocolServerSideTranslatorPB.allocateScmBlock(ScmBlockLocationProtocolServerSideTranslatorPB.java:159)
	at org.apache.hadoop.hdds.scm.protocol.ScmBlockLocationProtocolServerSideTranslatorPB.processMessage(ScmBlockLocationProtocolServerSideTranslatorPB.java:117)
	at org.apache.hadoop.hdds.server.OzoneProtocolMessageDispatcher.processRequest(OzoneProtocolMessageDispatcher.java:72)
	at org.apache.hadoop.hdds.scm.protocol.ScmBlockLocationProtocolServerSideTranslatorPB.send(ScmBlockLocationProtocolServerSideTranslatorPB.java:98)
	at org.apache.hadoop.hdds.protocol.proto.ScmBlockLocationProtocolProtos$ScmBlockLocationProtocolService$2.callBlockingMethod(ScmBlockLocationProtocolProtos.java:13157)
	at org.apache.hadoop.ipc.ProtobufRpcEngine$Server$ProtoBufRpcInvoker.call(ProtobufRpcEngine.java:524)
	at org.apache.hadoop.ipc.RPC$Server.call(RPC.java:1025)
	at org.apache.hadoop.ipc.Server$RpcCall.run(Server.java:876)
	at org.apache.hadoop.ipc.Server$RpcCall.run(Server.java:822)
	at java.security.AccessController.doPrivileged(Native Method)
	at javax.security.auth.Subject.doAs(Subject.java:422)
	at org.apache.hadoop.security.UserGroupInformation.doAs(UserGroupInformation.java:1730)
	at org.apache.hadoop.ipc.Server$Handler.run(Server.java:2682)
2019-11-19 07:32:12,401 [IPC Server handler 18 on 36151] INFO  block.BlockManagerImpl (BlockManagerImpl.java:allocateBlock(215)) - Could not find available pipeline of type:RATIS and factor:THREE even after retrying
2019-11-19 07:32:12,402 [IPC Server handler 18 on 36151] ERROR block.BlockManagerImpl (BlockManagerImpl.java:allocateBlock(239)) - Unable to allocate a block for the size: 4194304, type: RATIS, factor: THREE
2019-11-19 07:32:12,402 [IPC Server handler 18 on 36151] WARN  block.BlockManagerImpl (BlockManagerImpl.java:allocateBlock(203)) - Pipeline creation failed for type:RATIS factor:THREE. Retrying get pipelines call once.
org.apache.hadoop.hdds.scm.pipeline.InsufficientDatanodesException: Cannot create pipeline of factor 3 using 0 nodes.
	at org.apache.hadoop.hdds.scm.pipeline.RatisPipelineProvider.create(RatisPipelineProvider.java:144)
	at org.apache.hadoop.hdds.scm.pipeline.PipelineFactory.create(PipelineFactory.java:60)
	at org.apache.hadoop.hdds.scm.pipeline.SCMPipelineManager.createPipeline(SCMPipelineManager.java:159)
	at org.apache.hadoop.hdds.scm.block.BlockManagerImpl.allocateBlock(BlockManagerImpl.java:199)
	at org.apache.hadoop.hdds.scm.server.SCMBlockProtocolServer.allocateBlock(SCMBlockProtocolServer.java:187)
	at org.apache.hadoop.hdds.scm.protocol.ScmBlockLocationProtocolServerSideTranslatorPB.allocateScmBlock(ScmBlockLocationProtocolServerSideTranslatorPB.java:159)
	at org.apache.hadoop.hdds.scm.protocol.ScmBlockLocationProtocolServerSideTranslatorPB.processMessage(ScmBlockLocationProtocolServerSideTranslatorPB.java:117)
	at org.apache.hadoop.hdds.server.OzoneProtocolMessageDispatcher.processRequest(OzoneProtocolMessageDispatcher.java:72)
	at org.apache.hadoop.hdds.scm.protocol.ScmBlockLocationProtocolServerSideTranslatorPB.send(ScmBlockLocationProtocolServerSideTranslatorPB.java:98)
	at org.apache.hadoop.hdds.protocol.proto.ScmBlockLocationProtocolProtos$ScmBlockLocationProtocolService$2.callBlockingMethod(ScmBlockLocationProtocolProtos.java:13157)
	at org.apache.hadoop.ipc.ProtobufRpcEngine$Server$ProtoBufRpcInvoker.call(ProtobufRpcEngine.java:524)
	at org.apache.hadoop.ipc.RPC$Server.call(RPC.java:1025)
	at org.apache.hadoop.ipc.Server$RpcCall.run(Server.java:876)
	at org.apache.hadoop.ipc.Server$RpcCall.run(Server.java:822)
	at java.security.AccessController.doPrivileged(Native Method)
	at javax.security.auth.Subject.doAs(Subject.java:422)
	at org.apache.hadoop.security.UserGroupInformation.doAs(UserGroupInformation.java:1730)
	at org.apache.hadoop.ipc.Server$Handler.run(Server.java:2682)
2019-11-19 07:32:12,403 [IPC Server handler 18 on 36151] INFO  block.BlockManagerImpl (BlockManagerImpl.java:allocateBlock(215)) - Could not find available pipeline of type:RATIS and factor:THREE even after retrying
2019-11-19 07:32:12,403 [IPC Server handler 18 on 36151] ERROR block.BlockManagerImpl (BlockManagerImpl.java:allocateBlock(239)) - Unable to allocate a block for the size: 4194304, type: RATIS, factor: THREE
2019-11-19 07:32:12,404 [IPC Server handler 18 on 36151] WARN  block.BlockManagerImpl (BlockManagerImpl.java:allocateBlock(203)) - Pipeline creation failed for type:RATIS factor:THREE. Retrying get pipelines call once.
org.apache.hadoop.hdds.scm.pipeline.InsufficientDatanodesException: Cannot create pipeline of factor 3 using 0 nodes.
	at org.apache.hadoop.hdds.scm.pipeline.RatisPipelineProvider.create(RatisPipelineProvider.java:144)
	at org.apache.hadoop.hdds.scm.pipeline.PipelineFactory.create(PipelineFactory.java:60)
	at org.apache.hadoop.hdds.scm.pipeline.SCMPipelineManager.createPipeline(SCMPipelineManager.java:159)
	at org.apache.hadoop.hdds.scm.block.BlockManagerImpl.allocateBlock(BlockManagerImpl.java:199)
	at org.apache.hadoop.hdds.scm.server.SCMBlockProtocolServer.allocateBlock(SCMBlockProtocolServer.java:187)
	at org.apache.hadoop.hdds.scm.protocol.ScmBlockLocationProtocolServerSideTranslatorPB.allocateScmBlock(ScmBlockLocationProtocolServerSideTranslatorPB.java:159)
	at org.apache.hadoop.hdds.scm.protocol.ScmBlockLocationProtocolServerSideTranslatorPB.processMessage(ScmBlockLocationProtocolServerSideTranslatorPB.java:117)
	at org.apache.hadoop.hdds.server.OzoneProtocolMessageDispatcher.processRequest(OzoneProtocolMessageDispatcher.java:72)
	at org.apache.hadoop.hdds.scm.protocol.ScmBlockLocationProtocolServerSideTranslatorPB.send(ScmBlockLocationProtocolServerSideTranslatorPB.java:98)
	at org.apache.hadoop.hdds.protocol.proto.ScmBlockLocationProtocolProtos$ScmBlockLocationProtocolService$2.callBlockingMethod(ScmBlockLocationProtocolProtos.java:13157)
	at org.apache.hadoop.ipc.ProtobufRpcEngine$Server$ProtoBufRpcInvoker.call(ProtobufRpcEngine.java:524)
	at org.apache.hadoop.ipc.RPC$Server.call(RPC.java:1025)
	at org.apache.hadoop.ipc.Server$RpcCall.run(Server.java:876)
	at org.apache.hadoop.ipc.Server$RpcCall.run(Server.java:822)
	at java.security.AccessController.doPrivileged(Native Method)
	at javax.security.auth.Subject.doAs(Subject.java:422)
	at org.apache.hadoop.security.UserGroupInformation.doAs(UserGroupInformation.java:1730)
	at org.apache.hadoop.ipc.Server$Handler.run(Server.java:2682)
2019-11-19 07:32:12,404 [IPC Server handler 18 on 36151] INFO  block.BlockManagerImpl (BlockManagerImpl.java:allocateBlock(215)) - Could not find available pipeline of type:RATIS and factor:THREE even after retrying
2019-11-19 07:32:12,404 [IPC Server handler 18 on 36151] ERROR block.BlockManagerImpl (BlockManagerImpl.java:allocateBlock(239)) - Unable to allocate a block for the size: 4194304, type: RATIS, factor: THREE
2019-11-19 07:32:12,405 [IPC Server handler 18 on 36151] WARN  block.BlockManagerImpl (BlockManagerImpl.java:allocateBlock(203)) - Pipeline creation failed for type:RATIS factor:THREE. Retrying get pipelines call once.
org.apache.hadoop.hdds.scm.pipeline.InsufficientDatanodesException: Cannot create pipeline of factor 3 using 0 nodes.
	at org.apache.hadoop.hdds.scm.pipeline.RatisPipelineProvider.create(RatisPipelineProvider.java:144)
	at org.apache.hadoop.hdds.scm.pipeline.PipelineFactory.create(PipelineFactory.java:60)
	at org.apache.hadoop.hdds.scm.pipeline.SCMPipelineManager.createPipeline(SCMPipelineManager.java:159)
	at org.apache.hadoop.hdds.scm.block.BlockManagerImpl.allocateBlock(BlockManagerImpl.java:199)
	at org.apache.hadoop.hdds.scm.server.SCMBlockProtocolServer.allocateBlock(SCMBlockProtocolServer.java:187)
	at org.apache.hadoop.hdds.scm.protocol.ScmBlockLocationProtocolServerSideTranslatorPB.allocateScmBlock(ScmBlockLocationProtocolServerSideTranslatorPB.java:159)
	at org.apache.hadoop.hdds.scm.protocol.ScmBlockLocationProtocolServerSideTranslatorPB.processMessage(ScmBlockLocationProtocolServerSideTranslatorPB.java:117)
	at org.apache.hadoop.hdds.server.OzoneProtocolMessageDispatcher.processRequest(OzoneProtocolMessageDispatcher.java:72)
	at org.apache.hadoop.hdds.scm.protocol.ScmBlockLocationProtocolServerSideTranslatorPB.send(ScmBlockLocationProtocolServerSideTranslatorPB.java:98)
	at org.apache.hadoop.hdds.protocol.proto.ScmBlockLocationProtocolProtos$ScmBlockLocationProtocolService$2.callBlockingMethod(ScmBlockLocationProtocolProtos.java:13157)
	at org.apache.hadoop.ipc.ProtobufRpcEngine$Server$ProtoBufRpcInvoker.call(ProtobufRpcEngine.java:524)
	at org.apache.hadoop.ipc.RPC$Server.call(RPC.java:1025)
	at org.apache.hadoop.ipc.Server$RpcCall.run(Server.java:876)
	at org.apache.hadoop.ipc.Server$RpcCall.run(Server.java:822)
	at java.security.AccessController.doPrivileged(Native Method)
	at javax.security.auth.Subject.doAs(Subject.java:422)
	at org.apache.hadoop.security.UserGroupInformation.doAs(UserGroupInformation.java:1730)
	at org.apache.hadoop.ipc.Server$Handler.run(Server.java:2682)
2019-11-19 07:32:12,406 [IPC Server handler 18 on 36151] INFO  block.BlockManagerImpl (BlockManagerImpl.java:allocateBlock(215)) - Could not find available pipeline of type:RATIS and factor:THREE even after retrying
2019-11-19 07:32:12,406 [IPC Server handler 18 on 36151] ERROR block.BlockManagerImpl (BlockManagerImpl.java:allocateBlock(239)) - Unable to allocate a block for the size: 4194304, type: RATIS, factor: THREE
2019-11-19 07:32:12,406 [IPC Server handler 18 on 36151] WARN  block.BlockManagerImpl (BlockManagerImpl.java:allocateBlock(203)) - Pipeline creation failed for type:RATIS factor:THREE. Retrying get pipelines call once.
org.apache.hadoop.hdds.scm.pipeline.InsufficientDatanodesException: Cannot create pipeline of factor 3 using 0 nodes.
	at org.apache.hadoop.hdds.scm.pipeline.RatisPipelineProvider.create(RatisPipelineProvider.java:144)
	at org.apache.hadoop.hdds.scm.pipeline.PipelineFactory.create(PipelineFactory.java:60)
	at org.apache.hadoop.hdds.scm.pipeline.SCMPipelineManager.createPipeline(SCMPipelineManager.java:159)
	at org.apache.hadoop.hdds.scm.block.BlockManagerImpl.allocateBlock(BlockManagerImpl.java:199)
	at org.apache.hadoop.hdds.scm.server.SCMBlockProtocolServer.allocateBlock(SCMBlockProtocolServer.java:187)
	at org.apache.hadoop.hdds.scm.protocol.ScmBlockLocationProtocolServerSideTranslatorPB.allocateScmBlock(ScmBlockLocationProtocolServerSideTranslatorPB.java:159)
	at org.apache.hadoop.hdds.scm.protocol.ScmBlockLocationProtocolServerSideTranslatorPB.processMessage(ScmBlockLocationProtocolServerSideTranslatorPB.java:117)
	at org.apache.hadoop.hdds.server.OzoneProtocolMessageDispatcher.processRequest(OzoneProtocolMessageDispatcher.java:72)
	at org.apache.hadoop.hdds.scm.protocol.ScmBlockLocationProtocolServerSideTranslatorPB.send(ScmBlockLocationProtocolServerSideTranslatorPB.java:98)
	at org.apache.hadoop.hdds.protocol.proto.ScmBlockLocationProtocolProtos$ScmBlockLocationProtocolService$2.callBlockingMethod(ScmBlockLocationProtocolProtos.java:13157)
	at org.apache.hadoop.ipc.ProtobufRpcEngine$Server$ProtoBufRpcInvoker.call(ProtobufRpcEngine.java:524)
	at org.apache.hadoop.ipc.RPC$Server.call(RPC.java:1025)
	at org.apache.hadoop.ipc.Server$RpcCall.run(Server.java:876)
	at org.apache.hadoop.ipc.Server$RpcCall.run(Server.java:822)
	at java.security.AccessController.doPrivileged(Native Method)
	at javax.security.auth.Subject.doAs(Subject.java:422)
	at org.apache.hadoop.security.UserGroupInformation.doAs(UserGroupInformation.java:1730)
	at org.apache.hadoop.ipc.Server$Handler.run(Server.java:2682)
2019-11-19 07:32:12,407 [IPC Server handler 18 on 36151] INFO  block.BlockManagerImpl (BlockManagerImpl.java:allocateBlock(215)) - Could not find available pipeline of type:RATIS and factor:THREE even after retrying
2019-11-19 07:32:12,407 [IPC Server handler 18 on 36151] ERROR block.BlockManagerImpl (BlockManagerImpl.java:allocateBlock(239)) - Unable to allocate a block for the size: 4194304, type: RATIS, factor: THREE
2019-11-19 07:32:12,411 [pool-59-thread-5] ERROR freon.RandomKeyGenerator (RandomKeyGenerator.java:createKey(735)) - Exception while adding key: key-0-15103 in bucket: bucket-0-04146 of volume: vol-0-43272.
INTERNAL_ERROR org.apache.hadoop.ozone.om.exceptions.OMException: Allocated 0 blocks. Requested 5 blocks
	at org.apache.hadoop.ozone.om.protocolPB.OzoneManagerProtocolClientSideTranslatorPB.handleError(OzoneManagerProtocolClientSideTranslatorPB.java:761)
	at org.apache.hadoop.ozone.om.protocolPB.OzoneManagerProtocolClientSideTranslatorPB.openKey(OzoneManagerProtocolClientSideTranslatorPB.java:752)
	at sun.reflect.NativeMethodAccessorImpl.invoke0(Native Method)
	at sun.reflect.NativeMethodAccessorImpl.invoke(NativeMethodAccessorImpl.java:62)
	at sun.reflect.DelegatingMethodAccessorImpl.invoke(DelegatingMethodAccessorImpl.java:43)
	at java.lang.reflect.Method.invoke(Method.java:498)
	at org.apache.hadoop.hdds.tracing.TraceAllMethod.invoke(TraceAllMethod.java:66)
	at com.sun.proxy.$Proxy37.openKey(Unknown Source)
	at org.apache.hadoop.ozone.client.rpc.RpcClient.createKey(RpcClient.java:633)
	at org.apache.hadoop.ozone.client.OzoneBucket.createKey(OzoneBucket.java:325)
	at org.apache.hadoop.ozone.freon.RandomKeyGenerator.createKey(RandomKeyGenerator.java:697)
	at org.apache.hadoop.ozone.freon.RandomKeyGenerator.access$1100(RandomKeyGenerator.java:88)
	at org.apache.hadoop.ozone.freon.RandomKeyGenerator$ObjectCreator.run(RandomKeyGenerator.java:615)
	at java.util.concurrent.Executors$RunnableAdapter.call(Executors.java:511)
	at java.util.concurrent.FutureTask.run(FutureTask.java:266)
	at java.util.concurrent.ThreadPoolExecutor.runWorker(ThreadPoolExecutor.java:1149)
	at java.util.concurrent.ThreadPoolExecutor$Worker.run(ThreadPoolExecutor.java:624)
	at java.lang.Thread.run(Thread.java:748)
 0.00% |?                                                                                                    |  0/1 Time: 0:00:012019-11-19 07:32:14,140 [Command processor thread] INFO  impl.RaftServerProxy (RaftServerProxy.java:remove(95)) - 55a49550-9793-45a7-9328-42decfaf4bde: remove  FOLLOWER 55a49550-9793-45a7-9328-42decfaf4bde@group-7D22BBC7452D:t2, leader=c0e0c80b-9e0e-42fb-bb8a-7fd36c2f8c11, voted=c0e0c80b-9e0e-42fb-bb8a-7fd36c2f8c11, raftlog=55a49550-9793-45a7-9328-42decfaf4bde@group-7D22BBC7452D-SegmentedRaftLog:OPENED:c78,f78,i78, conf=0: [55a49550-9793-45a7-9328-42decfaf4bde:192.168.157.221:40067, c0e0c80b-9e0e-42fb-bb8a-7fd36c2f8c11:192.168.157.221:36451, 0427b329-8a9a-4470-8879-2ada41e3e7d2:192.168.157.221:40020], old=null RUNNING
2019-11-19 07:32:14,143 [Command processor thread] INFO  impl.RaftServerImpl (RaftServerImpl.java:lambda$shutdown$3(250)) - 55a49550-9793-45a7-9328-42decfaf4bde@group-7D22BBC7452D: shutdown
2019-11-19 07:32:14,143 [Command processor thread] INFO  util.JmxRegister (JmxRegister.java:unregister(73)) - Successfully un-registered JMX Bean with object name Ratis:service=RaftServer,group=group-7D22BBC7452D,id=55a49550-9793-45a7-9328-42decfaf4bde
2019-11-19 07:32:14,143 [Command processor thread] INFO  impl.RoleInfo (RoleInfo.java:shutdownFollowerState(121)) - 55a49550-9793-45a7-9328-42decfaf4bde: shutdown FollowerState
2019-11-19 07:32:14,144 [Command processor thread] INFO  impl.StateMachineUpdater (StateMachineUpdater.java:stopAndJoin(136)) - 55a49550-9793-45a7-9328-42decfaf4bde@group-7D22BBC7452D-StateMachineUpdater: set stopIndex = 78
2019-11-19 07:32:14,144 [Thread-213] INFO  impl.FollowerState (FollowerState.java:run(120)) - 55a49550-9793-45a7-9328-42decfaf4bde@group-7D22BBC7452D-FollowerState was interrupted: java.lang.InterruptedException: sleep interrupted
2019-11-19 07:32:14,145 [55a49550-9793-45a7-9328-42decfaf4bde@group-7D22BBC7452D-StateMachineUpdater] INFO  ratis.ContainerStateMachine (ContainerStateMachine.java:takeSnapshot(285)) - group-7D22BBC7452D: Taking a snapshot at:(t:2, i:76) file /workdir/hadoop-ozone/tools/target/test-dir/MiniOzoneClusterImpl-981bece0-af7a-4a5f-85f9-dd68986b6607/datanode-2/data/ratis/d7d85ada-17d3-4b16-bdad-7d22bbc7452d/sm/snapshot.2_76
2019-11-19 07:32:14,185 [55a49550-9793-45a7-9328-42decfaf4bde@group-7D22BBC7452D-StateMachineUpdater] INFO  ratis.ContainerStateMachine (ContainerStateMachine.java:takeSnapshot(296)) - group-7D22BBC7452D: Finished taking a snapshot at:(t:2, i:76) file:/workdir/hadoop-ozone/tools/target/test-dir/MiniOzoneClusterImpl-981bece0-af7a-4a5f-85f9-dd68986b6607/datanode-2/data/ratis/d7d85ada-17d3-4b16-bdad-7d22bbc7452d/sm/snapshot.2_76 time:41
2019-11-19 07:32:14,186 [55a49550-9793-45a7-9328-42decfaf4bde@group-7D22BBC7452D-StateMachineUpdater] INFO  impl.StateMachineUpdater (StateMachineUpdater.java:takeSnapshot(269)) - 55a49550-9793-45a7-9328-42decfaf4bde@group-7D22BBC7452D-StateMachineUpdater: Took a snapshot at index 76
2019-11-19 07:32:14,187 [55a49550-9793-45a7-9328-42decfaf4bde@group-7D22BBC7452D-StateMachineUpdater] INFO  impl.StateMachineUpdater (StateMachineUpdater.java:lambda$new$0(84)) - 55a49550-9793-45a7-9328-42decfaf4bde@group-7D22BBC7452D-StateMachineUpdater: snapshotIndex: updateIncreasingly -1 -> 76
2019-11-19 07:32:14,191 [55a49550-9793-45a7-9328-42decfaf4bde@group-7D22BBC7452D-StateMachineUpdater] INFO  ratis.ContainerStateMachine (ContainerStateMachine.java:takeSnapshot(285)) - group-7D22BBC7452D: Taking a snapshot at:(t:2, i:76) file /workdir/hadoop-ozone/tools/target/test-dir/MiniOzoneClusterImpl-981bece0-af7a-4a5f-85f9-dd68986b6607/datanode-2/data/ratis/d7d85ada-17d3-4b16-bdad-7d22bbc7452d/sm/snapshot.2_76
2019-11-19 07:32:14,214 [55a49550-9793-45a7-9328-42decfaf4bde@group-7D22BBC7452D-StateMachineUpdater] INFO  ratis.ContainerStateMachine (ContainerStateMachine.java:takeSnapshot(296)) - group-7D22BBC7452D: Finished taking a snapshot at:(t:2, i:76) file:/workdir/hadoop-ozone/tools/target/test-dir/MiniOzoneClusterImpl-981bece0-af7a-4a5f-85f9-dd68986b6607/datanode-2/data/ratis/d7d85ada-17d3-4b16-bdad-7d22bbc7452d/sm/snapshot.2_76 time:22
2019-11-19 07:32:14,214 [55a49550-9793-45a7-9328-42decfaf4bde@group-7D22BBC7452D-StateMachineUpdater] INFO  impl.StateMachineUpdater (StateMachineUpdater.java:takeSnapshot(269)) - 55a49550-9793-45a7-9328-42decfaf4bde@group-7D22BBC7452D-StateMachineUpdater: Took a snapshot at index 76
2019-11-19 07:32:14,214 [55a49550-9793-45a7-9328-42decfaf4bde@group-7D22BBC7452D-StateMachineUpdater] INFO  impl.StateMachineUpdater (StateMachineUpdater.java:lambda$new$0(84)) - 55a49550-9793-45a7-9328-42decfaf4bde@group-7D22BBC7452D-StateMachineUpdater: snapshotIndex: updateIncreasingly 76 -> 76
2019-11-19 07:32:14,214 [Command processor thread] INFO  impl.RaftServerImpl (ServerState.java:close(387)) - 55a49550-9793-45a7-9328-42decfaf4bde@group-7D22BBC7452D: closes. applyIndex: 78
2019-11-19 07:32:14,217 [55a49550-9793-45a7-9328-42decfaf4bde@group-7D22BBC7452D-SegmentedRaftLogWorker] INFO  segmented.SegmentedRaftLogWorker (SegmentedRaftLogWorker.java:run(316)) - 55a49550-9793-45a7-9328-42decfaf4bde@group-7D22BBC7452D-SegmentedRaftLogWorker was interrupted, exiting. There are 0 tasks remaining in the queue.
2019-11-19 07:32:14,218 [Command processor thread] INFO  segmented.SegmentedRaftLogWorker (SegmentedRaftLogWorker.java:close(224)) - 55a49550-9793-45a7-9328-42decfaf4bde@group-7D22BBC7452D-SegmentedRaftLogWorker close()
2019-11-19 07:32:14,253 [Command processor thread] INFO  interfaces.Container (KeyValueContainer.java:flushAndSyncDB(400)) - Container 1 is synced with bcsId 60.
2019-11-19 07:32:14,253 [Command processor thread] INFO  interfaces.Container (KeyValueContainer.java:flushAndSyncDB(400)) - Container 1 is synced with bcsId 60.
2019-11-19 07:32:14,270 [EventQueue-IncrementalContainerReportForIncrementalContainerReportHandler] INFO  container.IncrementalContainerReportHandler (AbstractContainerReportHandler.java:updateContainerState(171)) - Moving container #1 to QUASI_CLOSED state, datanode 55a49550-9793-45a7-9328-42decfaf4bde{ip: 192.168.157.221, host: pr-hdds-2486-rcb2c-3991983431, networkLocation: /default-rack, certSerialId: null} reported QUASI_CLOSED replica.
2019-11-19 07:32:14,298 [Command processor thread] INFO  interfaces.Container (KeyValueContainer.java:flushAndSyncDB(400)) - Container 2 is synced with bcsId 76.
2019-11-19 07:32:14,298 [Command processor thread] INFO  interfaces.Container (KeyValueContainer.java:flushAndSyncDB(400)) - Container 2 is synced with bcsId 76.
 0.00% |?                                                                                                    |  0/1 Time: 0:00:022019-11-19 07:32:14,332 [EventQueue-IncrementalContainerReportForIncrementalContainerReportHandler] INFO  container.IncrementalContainerReportHandler (AbstractContainerReportHandler.java:updateContainerState(171)) - Moving container #2 to QUASI_CLOSED state, datanode 55a49550-9793-45a7-9328-42decfaf4bde{ip: 192.168.157.221, host: pr-hdds-2486-rcb2c-3991983431, networkLocation: /default-rack, certSerialId: null} reported QUASI_CLOSED replica.
2019-11-19 07:32:14,381 [Command processor thread] INFO  interfaces.Container (KeyValueContainer.java:flushAndSyncDB(400)) - Container 3 is synced with bcsId 42.
2019-11-19 07:32:14,381 [Command processor thread] INFO  interfaces.Container (KeyValueContainer.java:flushAndSyncDB(400)) - Container 3 is synced with bcsId 42.
2019-11-19 07:32:14,408 [Command processor thread] INFO  commandhandler.ClosePipelineCommandHandler (ClosePipelineCommandHandler.java:handle(78)) - Close Pipeline #id: "d7d85ada-17d3-4b16-bdad-7d22bbc7452d"
 command on datanode #55a49550-9793-45a7-9328-42decfaf4bde.
2019-11-19 07:32:14,409 [EventQueue-IncrementalContainerReportForIncrementalContainerReportHandler] INFO  container.IncrementalContainerReportHandler (AbstractContainerReportHandler.java:updateContainerState(171)) - Moving container #3 to QUASI_CLOSED state, datanode 55a49550-9793-45a7-9328-42decfaf4bde{ip: 192.168.157.221, host: pr-hdds-2486-rcb2c-3991983431, networkLocation: /default-rack, certSerialId: null} reported QUASI_CLOSED replica.
2019-11-19 07:32:14,409 [Command processor thread] INFO  impl.RaftServerProxy (RaftServerProxy.java:addNew(89)) - 55a49550-9793-45a7-9328-42decfaf4bde: addNew group-B300A177CBFE:[55a49550-9793-45a7-9328-42decfaf4bde:192.168.157.221:40067, c0e0c80b-9e0e-42fb-bb8a-7fd36c2f8c11:192.168.157.221:36451, 0427b329-8a9a-4470-8879-2ada41e3e7d2:192.168.157.221:40020] returns group-B300A177CBFE:java.util.concurrent.CompletableFuture@1348371a[Not completed]
2019-11-19 07:32:14,412 [pool-47-thread-1] INFO  impl.RaftServerImpl (RaftServerImpl.java:<init>(98)) - 55a49550-9793-45a7-9328-42decfaf4bde: new RaftServerImpl for group-B300A177CBFE:[55a49550-9793-45a7-9328-42decfaf4bde:192.168.157.221:40067, c0e0c80b-9e0e-42fb-bb8a-7fd36c2f8c11:192.168.157.221:36451, 0427b329-8a9a-4470-8879-2ada41e3e7d2:192.168.157.221:40020] with ContainerStateMachine:uninitialized
2019-11-19 07:32:14,412 [pool-47-thread-1] INFO  server.RaftServerConfigKeys (ConfUtils.java:logGet(43)) - raft.server.rpc.timeout.min = 5s (custom)
2019-11-19 07:32:14,413 [pool-47-thread-1] INFO  server.RaftServerConfigKeys (ConfUtils.java:logGet(43)) - raft.server.rpc.timeout.max = 5200ms (custom)
2019-11-19 07:32:14,413 [pool-47-thread-1] INFO  server.RaftServerConfigKeys (ConfUtils.java:logGet(43)) - raft.server.rpcslowness.timeout = 120s (custom)
2019-11-19 07:32:14,413 [pool-47-thread-1] INFO  server.RaftServerConfigKeys (ConfUtils.java:logGet(43)) - raft.server.sleep.deviation.threshold = 300 (default)
2019-11-19 07:32:14,413 [pool-47-thread-1] INFO  server.RaftServerConfigKeys (ConfUtils.java:logGet(43)) - raft.server.log.appender.install.snapshot.enabled = false (custom)
2019-11-19 07:32:14,413 [pool-47-thread-1] INFO  impl.RaftServerImpl (ServerState.java:<init>(103)) - 55a49550-9793-45a7-9328-42decfaf4bde@group-B300A177CBFE: ConfigurationManager, init=-1: [55a49550-9793-45a7-9328-42decfaf4bde:192.168.157.221:40067, c0e0c80b-9e0e-42fb-bb8a-7fd36c2f8c11:192.168.157.221:36451, 0427b329-8a9a-4470-8879-2ada41e3e7d2:192.168.157.221:40020], old=null, confs=<EMPTY_MAP>
2019-11-19 07:32:14,414 [pool-47-thread-1] INFO  server.RaftServerConfigKeys (ConfUtils.java:logGet(43)) - raft.server.storage.dir = [/workdir/hadoop-ozone/tools/target/test-dir/MiniOzoneClusterImpl-981bece0-af7a-4a5f-85f9-dd68986b6607/datanode-2/data/ratis] (custom)
2019-11-19 07:32:14,414 [pool-47-thread-1] INFO  server.RaftServerConfigKeys (ConfUtils.java:logGet(43)) - raft.server.log.corruption.policy = EXCEPTION (default)
2019-11-19 07:32:14,414 [pool-47-thread-1] INFO  storage.RaftStorageDirectory (RaftStorageDirectory.java:analyzeStorage(246)) - The storage directory /workdir/hadoop-ozone/tools/target/test-dir/MiniOzoneClusterImpl-981bece0-af7a-4a5f-85f9-dd68986b6607/datanode-2/data/ratis/aa95163f-85d0-4e66-bce5-b300a177cbfe does not exist. Creating ...
2019-11-19 07:32:14,440 [pool-47-thread-1] INFO  storage.RaftStorageDirectory (RaftStorageDirectory.java:tryLock(328)) - Lock on /workdir/hadoop-ozone/tools/target/test-dir/MiniOzoneClusterImpl-981bece0-af7a-4a5f-85f9-dd68986b6607/datanode-2/data/ratis/aa95163f-85d0-4e66-bce5-b300a177cbfe/in_use.lock acquired by nodename 31621@pr-hdds-2486-rcb2c-3991983431
2019-11-19 07:32:14,458 [pool-47-thread-1] INFO  storage.RaftStorage (RaftStorage.java:format(84)) - Storage directory /workdir/hadoop-ozone/tools/target/test-dir/MiniOzoneClusterImpl-981bece0-af7a-4a5f-85f9-dd68986b6607/datanode-2/data/ratis/aa95163f-85d0-4e66-bce5-b300a177cbfe has been successfully formatted.
2019-11-19 07:32:14,458 [pool-47-thread-1] INFO  ratis.ContainerStateMachine (ContainerStateMachine.java:loadSnapshot(223)) - group-B300A177CBFE: The snapshot info is null. Setting the last applied indexto:(t:0, i:~)
2019-11-19 07:32:14,458 [pool-47-thread-1] INFO  server.RaftServerConfigKeys (ConfUtils.java:logGet(43)) - raft.server.notification.no-leader.timeout = 120s (custom)
2019-11-19 07:32:14,459 [pool-47-thread-1] INFO  server.RaftServerConfigKeys (ConfUtils.java:logGet(43)) - raft.server.log.use.memory = false (default)
2019-11-19 07:32:14,459 [pool-47-thread-1] INFO  server.RaftServerConfigKeys (ConfUtils.java:logGet(43)) - raft.server.log.purge.gap = 1000000 (custom)
2019-11-19 07:32:14,459 [pool-47-thread-1] INFO  server.RaftServerConfigKeys (ConfUtils.java:logGet(43)) - raft.server.log.appender.buffer.byte-limit = 33554432 (custom)
2019-11-19 07:32:14,459 [pool-47-thread-1] INFO  server.RaftServerConfigKeys (ConfUtils.java:logGet(43)) - raft.server.log.segment.size.max = 1048576 (custom)
2019-11-19 07:32:14,459 [pool-47-thread-1] INFO  server.RaftServerConfigKeys (ConfUtils.java:logGet(43)) - raft.server.log.segment.cache.num.max = 2 (custom)
2019-11-19 07:32:14,460 [pool-47-thread-1] INFO  segmented.SegmentedRaftLogWorker (SegmentedRaftLogWorker.java:<init>(173)) - new 55a49550-9793-45a7-9328-42decfaf4bde@group-B300A177CBFE-SegmentedRaftLogWorker for RaftStorage:Storage Directory /workdir/hadoop-ozone/tools/target/test-dir/MiniOzoneClusterImpl-981bece0-af7a-4a5f-85f9-dd68986b6607/datanode-2/data/ratis/aa95163f-85d0-4e66-bce5-b300a177cbfe
2019-11-19 07:32:14,460 [pool-47-thread-1] INFO  server.RaftServerConfigKeys (ConfUtils.java:logGet(43)) - raft.server.log.queue.byte-limit = 2147483647 (custom)
2019-11-19 07:32:14,460 [pool-47-thread-1] INFO  server.RaftServerConfigKeys (ConfUtils.java:logGet(43)) - raft.server.log.queue.element-limit = 1024 (custom)
2019-11-19 07:32:14,460 [pool-47-thread-1] INFO  server.RaftServerConfigKeys (ConfUtils.java:logGet(43)) - raft.server.log.segment.size.max = 1048576 (custom)
2019-11-19 07:32:14,460 [pool-47-thread-1] INFO  server.RaftServerConfigKeys (ConfUtils.java:logGet(43)) - raft.server.log.preallocated.size = 16384 (custom)
2019-11-19 07:32:14,460 [pool-47-thread-1] INFO  server.RaftServerConfigKeys (ConfUtils.java:logGet(43)) - raft.server.log.write.buffer.size = 33554432 (custom)
2019-11-19 07:32:14,461 [pool-47-thread-1] INFO  server.RaftServerConfigKeys (ConfUtils.java:logGet(43)) - raft.server.log.force.sync.num = 128 (default)
2019-11-19 07:32:14,461 [pool-47-thread-1] INFO  server.RaftServerConfigKeys (ConfUtils.java:logGet(43)) - raft.server.log.statemachine.data.sync = true (default)
2019-11-19 07:32:14,461 [pool-47-thread-1] INFO  server.RaftServerConfigKeys (ConfUtils.java:logGet(43)) - raft.server.log.statemachine.data.sync.timeout = 10s (default)
2019-11-19 07:32:14,461 [pool-47-thread-1] INFO  server.RaftServerConfigKeys (ConfUtils.java:logGet(43)) - raft.server.log.statemachine.data.sync.timeout.retry = -1 (default)
2019-11-19 07:32:14,462 [pool-47-thread-1] INFO  server.RaftServerConfigKeys (ConfUtils.java:logGet(43)) - raft.server.log.statemachine.data.caching.enabled = true (custom)
2019-11-19 07:32:14,462 [pool-47-thread-1] INFO  segmented.SegmentedRaftLogWorker (SegmentedRaftLogWorker.java:lambda$new$0(128)) - 55a49550-9793-45a7-9328-42decfaf4bde@group-B300A177CBFE-SegmentedRaftLogWorker: flushIndex: setUnconditionally 0 -> -1
2019-11-19 07:32:14,462 [pool-47-thread-1] INFO  server.RaftServerConfigKeys (ConfUtils.java:logGet(43)) - raft.server.snapshot.auto.trigger.enabled = true (custom)
2019-11-19 07:32:14,462 [pool-47-thread-1] INFO  server.RaftServerConfigKeys (ConfUtils.java:logGet(43)) - raft.server.snapshot.auto.trigger.threshold = 10000 (custom)
2019-11-19 07:32:14,463 [pool-47-thread-1] INFO  server.RaftServerConfigKeys (ConfUtils.java:logGet(43)) - raft.server.snapshot.retention.file.num = 5 (custom)
2019-11-19 07:32:14,463 [pool-47-thread-1] INFO  server.RaftServerConfigKeys (ConfUtils.java:logGet(43)) - raft.server.retrycache.expirytime = 600000ms (custom)
2019-11-19 07:32:14,463 [pool-47-thread-1] WARN  impl.MetricRegistriesImpl (MetricRegistriesImpl.java:lambda$create$1(61)) - First MetricRegistry has been created without registering reporters. You may need to call MetricRegistries.global().addReportRegistration(...) before.
2019-11-19 07:32:14,463 [pool-47-thread-1] WARN  impl.MetricRegistriesImpl (MetricRegistriesImpl.java:lambda$create$1(61)) - First MetricRegistry has been created without registering reporters. You may need to call MetricRegistries.global().addReportRegistration(...) before.
2019-11-19 07:32:14,464 [pool-47-thread-1] INFO  impl.RaftServerImpl (RaftServerImpl.java:start(184)) - 55a49550-9793-45a7-9328-42decfaf4bde@group-B300A177CBFE: start as a follower, conf=-1: [55a49550-9793-45a7-9328-42decfaf4bde:192.168.157.221:40067, c0e0c80b-9e0e-42fb-bb8a-7fd36c2f8c11:192.168.157.221:36451, 0427b329-8a9a-4470-8879-2ada41e3e7d2:192.168.157.221:40020], old=null
2019-11-19 07:32:14,464 [pool-47-thread-1] INFO  impl.RaftServerImpl (RaftServerImpl.java:setRole(173)) - 55a49550-9793-45a7-9328-42decfaf4bde@group-B300A177CBFE: changes role from      null to FOLLOWER at term 0 for startAsFollower
2019-11-19 07:32:14,464 [pool-47-thread-1] INFO  impl.RoleInfo (RoleInfo.java:updateAndGet(143)) - 55a49550-9793-45a7-9328-42decfaf4bde: start FollowerState
2019-11-19 07:32:14,465 [pool-47-thread-1] INFO  util.JmxRegister (JmxRegister.java:tryRegister(44)) - Successfully registered JMX Bean with object name Ratis:service=RaftServer,group=group-B300A177CBFE,id=55a49550-9793-45a7-9328-42decfaf4bde
2019-11-19 07:32:14,465 [pool-47-thread-1] WARN  impl.MetricRegistriesImpl (MetricRegistriesImpl.java:lambda$create$1(61)) - First MetricRegistry has been created without registering reporters. You may need to call MetricRegistries.global().addReportRegistration(...) before.
2019-11-19 07:32:14,465 [Command processor thread] INFO  commandhandler.CreatePipelineCommandHandler (CreatePipelineCommandHandler.java:handle(86)) - Create Pipeline RATIS THREE #id: "aa95163f-85d0-4e66-bce5-b300a177cbfe"
 command succeed on datanode 55a49550-9793-45a7-9328-42decfaf4bde.
2019-11-19 07:32:14,467 [EventQueue-PipelineReportForPipelineReportHandler] INFO  pipeline.PipelineReportHandler (PipelineReportHandler.java:processPipelineReport(113)) - Pipeline THREE PipelineID=aa95163f-85d0-4e66-bce5-b300a177cbfe reported by 55a49550-9793-45a7-9328-42decfaf4bde{ip: 192.168.157.221, host: pr-hdds-2486-rcb2c-3991983431, networkLocation: /default-rack, certSerialId: null}
2019-11-19 07:32:15,065 [Command processor thread] INFO  impl.RaftServerProxy (RaftServerProxy.java:remove(95)) - c0e0c80b-9e0e-42fb-bb8a-7fd36c2f8c11: remove    LEADER c0e0c80b-9e0e-42fb-bb8a-7fd36c2f8c11@group-7D22BBC7452D:t2, leader=c0e0c80b-9e0e-42fb-bb8a-7fd36c2f8c11, voted=c0e0c80b-9e0e-42fb-bb8a-7fd36c2f8c11, raftlog=c0e0c80b-9e0e-42fb-bb8a-7fd36c2f8c11@group-7D22BBC7452D-SegmentedRaftLog:OPENED:c78,f78,i78, conf=0: [55a49550-9793-45a7-9328-42decfaf4bde:192.168.157.221:40067, c0e0c80b-9e0e-42fb-bb8a-7fd36c2f8c11:192.168.157.221:36451, 0427b329-8a9a-4470-8879-2ada41e3e7d2:192.168.157.221:40020], old=null RUNNING
2019-11-19 07:32:15,065 [Command processor thread] INFO  impl.RaftServerImpl (RaftServerImpl.java:lambda$shutdown$3(250)) - c0e0c80b-9e0e-42fb-bb8a-7fd36c2f8c11@group-7D22BBC7452D: shutdown
2019-11-19 07:32:15,066 [Command processor thread] INFO  util.JmxRegister (JmxRegister.java:unregister(73)) - Successfully un-registered JMX Bean with object name Ratis:service=RaftServer,group=group-7D22BBC7452D,id=c0e0c80b-9e0e-42fb-bb8a-7fd36c2f8c11
2019-11-19 07:32:15,066 [Command processor thread] INFO  impl.RoleInfo (RoleInfo.java:shutdownLeaderState(104)) - c0e0c80b-9e0e-42fb-bb8a-7fd36c2f8c11: shutdown LeaderState
2019-11-19 07:32:15,069 [Command processor thread] INFO  impl.PendingRequests (PendingRequests.java:sendNotLeaderResponses(206)) - c0e0c80b-9e0e-42fb-bb8a-7fd36c2f8c11@group-7D22BBC7452D-PendingRequests: sendNotLeaderResponses
2019-11-19 07:32:15,069 [org.apache.ratis.server.impl.LogAppender$AppenderDaemon$$Lambda$558/1149017495@358beb70] WARN  server.GrpcLogAppender (GrpcLogAppender.java:mayWait(151)) - c0e0c80b-9e0e-42fb-bb8a-7fd36c2f8c11@group-7D22BBC7452D->0427b329-8a9a-4470-8879-2ada41e3e7d2-GrpcLogAppender: Wait interrupted by java.lang.InterruptedException
2019-11-19 07:32:15,069 [org.apache.ratis.server.impl.LogAppender$AppenderDaemon$$Lambda$558/1149017495@64c659f9] WARN  server.GrpcLogAppender (GrpcLogAppender.java:mayWait(151)) - c0e0c80b-9e0e-42fb-bb8a-7fd36c2f8c11@group-7D22BBC7452D->55a49550-9793-45a7-9328-42decfaf4bde-GrpcLogAppender: Wait interrupted by java.lang.InterruptedException
2019-11-19 07:32:15,076 [Command processor thread] INFO  impl.StateMachineUpdater (StateMachineUpdater.java:stopAndJoin(136)) - c0e0c80b-9e0e-42fb-bb8a-7fd36c2f8c11@group-7D22BBC7452D-StateMachineUpdater: set stopIndex = 78
2019-11-19 07:32:15,076 [c0e0c80b-9e0e-42fb-bb8a-7fd36c2f8c11@group-7D22BBC7452D-StateMachineUpdater] INFO  ratis.ContainerStateMachine (ContainerStateMachine.java:takeSnapshot(285)) - group-7D22BBC7452D: Taking a snapshot at:(t:2, i:76) file /workdir/hadoop-ozone/tools/target/test-dir/MiniOzoneClusterImpl-981bece0-af7a-4a5f-85f9-dd68986b6607/datanode-1/data/ratis/d7d85ada-17d3-4b16-bdad-7d22bbc7452d/sm/snapshot.2_76
2019-11-19 07:32:15,080 [grpc-default-executor-1] INFO  server.GrpcServerProtocolService (GrpcServerProtocolService.java:onCompleted(113)) - 55a49550-9793-45a7-9328-42decfaf4bde: Completed APPEND_ENTRIES, lastRequest: c0e0c80b-9e0e-42fb-bb8a-7fd36c2f8c11->55a49550-9793-45a7-9328-42decfaf4bde#82-t2, previous=(t:2, i:78), leaderCommit=78, initializing? false, entries: <empty>
2019-11-19 07:32:15,080 [grpc-default-executor-5] INFO  server.GrpcServerProtocolService (GrpcServerProtocolService.java:onCompleted(113)) - 0427b329-8a9a-4470-8879-2ada41e3e7d2: Completed APPEND_ENTRIES, lastRequest: c0e0c80b-9e0e-42fb-bb8a-7fd36c2f8c11->0427b329-8a9a-4470-8879-2ada41e3e7d2#82-t2, previous=(t:2, i:78), leaderCommit=78, initializing? false, entries: <empty>
2019-11-19 07:32:15,082 [grpc-default-executor-1] INFO  server.GrpcLogAppender (GrpcLogAppender.java:onCompleted(308)) - c0e0c80b-9e0e-42fb-bb8a-7fd36c2f8c11@group-7D22BBC7452D->55a49550-9793-45a7-9328-42decfaf4bde-AppendLogResponseHandler: follower responses appendEntries COMPLETED
2019-11-19 07:32:15,082 [grpc-default-executor-5] INFO  server.GrpcLogAppender (GrpcLogAppender.java:onCompleted(308)) - c0e0c80b-9e0e-42fb-bb8a-7fd36c2f8c11@group-7D22BBC7452D->0427b329-8a9a-4470-8879-2ada41e3e7d2-AppendLogResponseHandler: follower responses appendEntries COMPLETED
2019-11-19 07:32:15,087 [grpc-default-executor-5] INFO  impl.FollowerInfo (FollowerInfo.java:lambda$new$0(51)) - c0e0c80b-9e0e-42fb-bb8a-7fd36c2f8c11@group-7D22BBC7452D->0427b329-8a9a-4470-8879-2ada41e3e7d2: nextIndex: updateUnconditionally 79 -> 78
2019-11-19 07:32:15,087 [grpc-default-executor-1] INFO  impl.FollowerInfo (FollowerInfo.java:lambda$new$0(51)) - c0e0c80b-9e0e-42fb-bb8a-7fd36c2f8c11@group-7D22BBC7452D->55a49550-9793-45a7-9328-42decfaf4bde: nextIndex: updateUnconditionally 79 -> 78
2019-11-19 07:32:15,103 [c0e0c80b-9e0e-42fb-bb8a-7fd36c2f8c11@group-7D22BBC7452D-StateMachineUpdater] INFO  ratis.ContainerStateMachine (ContainerStateMachine.java:takeSnapshot(296)) - group-7D22BBC7452D: Finished taking a snapshot at:(t:2, i:76) file:/workdir/hadoop-ozone/tools/target/test-dir/MiniOzoneClusterImpl-981bece0-af7a-4a5f-85f9-dd68986b6607/datanode-1/data/ratis/d7d85ada-17d3-4b16-bdad-7d22bbc7452d/sm/snapshot.2_76 time:28
2019-11-19 07:32:15,104 [c0e0c80b-9e0e-42fb-bb8a-7fd36c2f8c11@group-7D22BBC7452D-StateMachineUpdater] INFO  impl.StateMachineUpdater (StateMachineUpdater.java:takeSnapshot(269)) - c0e0c80b-9e0e-42fb-bb8a-7fd36c2f8c11@group-7D22BBC7452D-StateMachineUpdater: Took a snapshot at index 76
2019-11-19 07:32:15,104 [c0e0c80b-9e0e-42fb-bb8a-7fd36c2f8c11@group-7D22BBC7452D-StateMachineUpdater] INFO  impl.StateMachineUpdater (StateMachineUpdater.java:lambda$new$0(84)) - c0e0c80b-9e0e-42fb-bb8a-7fd36c2f8c11@group-7D22BBC7452D-StateMachineUpdater: snapshotIndex: updateIncreasingly -1 -> 76
2019-11-19 07:32:15,104 [c0e0c80b-9e0e-42fb-bb8a-7fd36c2f8c11@group-7D22BBC7452D-StateMachineUpdater] INFO  ratis.ContainerStateMachine (ContainerStateMachine.java:takeSnapshot(285)) - group-7D22BBC7452D: Taking a snapshot at:(t:2, i:76) file /workdir/hadoop-ozone/tools/target/test-dir/MiniOzoneClusterImpl-981bece0-af7a-4a5f-85f9-dd68986b6607/datanode-1/data/ratis/d7d85ada-17d3-4b16-bdad-7d22bbc7452d/sm/snapshot.2_76
2019-11-19 07:32:15,129 [c0e0c80b-9e0e-42fb-bb8a-7fd36c2f8c11@group-7D22BBC7452D-StateMachineUpdater] INFO  ratis.ContainerStateMachine (ContainerStateMachine.java:takeSnapshot(296)) - group-7D22BBC7452D: Finished taking a snapshot at:(t:2, i:76) file:/workdir/hadoop-ozone/tools/target/test-dir/MiniOzoneClusterImpl-981bece0-af7a-4a5f-85f9-dd68986b6607/datanode-1/data/ratis/d7d85ada-17d3-4b16-bdad-7d22bbc7452d/sm/snapshot.2_76 time:24
2019-11-19 07:32:15,129 [c0e0c80b-9e0e-42fb-bb8a-7fd36c2f8c11@group-7D22BBC7452D-StateMachineUpdater] INFO  impl.StateMachineUpdater (StateMachineUpdater.java:takeSnapshot(269)) - c0e0c80b-9e0e-42fb-bb8a-7fd36c2f8c11@group-7D22BBC7452D-StateMachineUpdater: Took a snapshot at index 76
2019-11-19 07:32:15,129 [c0e0c80b-9e0e-42fb-bb8a-7fd36c2f8c11@group-7D22BBC7452D-StateMachineUpdater] INFO  impl.StateMachineUpdater (StateMachineUpdater.java:lambda$new$0(84)) - c0e0c80b-9e0e-42fb-bb8a-7fd36c2f8c11@group-7D22BBC7452D-StateMachineUpdater: snapshotIndex: updateIncreasingly 76 -> 76
2019-11-19 07:32:15,129 [Command processor thread] INFO  impl.RaftServerImpl (ServerState.java:close(387)) - c0e0c80b-9e0e-42fb-bb8a-7fd36c2f8c11@group-7D22BBC7452D: closes. applyIndex: 78
2019-11-19 07:32:15,130 [c0e0c80b-9e0e-42fb-bb8a-7fd36c2f8c11@group-7D22BBC7452D-SegmentedRaftLogWorker] INFO  segmented.SegmentedRaftLogWorker (SegmentedRaftLogWorker.java:run(316)) - c0e0c80b-9e0e-42fb-bb8a-7fd36c2f8c11@group-7D22BBC7452D-SegmentedRaftLogWorker was interrupted, exiting. There are 0 tasks remaining in the queue.
2019-11-19 07:32:15,131 [Command processor thread] INFO  segmented.SegmentedRaftLogWorker (SegmentedRaftLogWorker.java:close(224)) - c0e0c80b-9e0e-42fb-bb8a-7fd36c2f8c11@group-7D22BBC7452D-SegmentedRaftLogWorker close()
2019-11-19 07:32:15,141 [Command processor thread] INFO  impl.RaftServerProxy (RaftServerProxy.java:remove(95)) - 0427b329-8a9a-4470-8879-2ada41e3e7d2: remove  FOLLOWER 0427b329-8a9a-4470-8879-2ada41e3e7d2@group-7D22BBC7452D:t2, leader=c0e0c80b-9e0e-42fb-bb8a-7fd36c2f8c11, voted=c0e0c80b-9e0e-42fb-bb8a-7fd36c2f8c11, raftlog=0427b329-8a9a-4470-8879-2ada41e3e7d2@group-7D22BBC7452D-SegmentedRaftLog:OPENED:c78,f78,i78, conf=0: [55a49550-9793-45a7-9328-42decfaf4bde:192.168.157.221:40067, c0e0c80b-9e0e-42fb-bb8a-7fd36c2f8c11:192.168.157.221:36451, 0427b329-8a9a-4470-8879-2ada41e3e7d2:192.168.157.221:40020], old=null RUNNING
2019-11-19 07:32:15,141 [Command processor thread] INFO  impl.RaftServerImpl (RaftServerImpl.java:lambda$shutdown$3(250)) - 0427b329-8a9a-4470-8879-2ada41e3e7d2@group-7D22BBC7452D: shutdown
2019-11-19 07:32:15,142 [Command processor thread] INFO  util.JmxRegister (JmxRegister.java:unregister(73)) - Successfully un-registered JMX Bean with object name Ratis:service=RaftServer,group=group-7D22BBC7452D,id=0427b329-8a9a-4470-8879-2ada41e3e7d2
2019-11-19 07:32:15,142 [Command processor thread] INFO  impl.RoleInfo (RoleInfo.java:shutdownFollowerState(121)) - 0427b329-8a9a-4470-8879-2ada41e3e7d2: shutdown FollowerState
2019-11-19 07:32:15,142 [Command processor thread] INFO  impl.StateMachineUpdater (StateMachineUpdater.java:stopAndJoin(136)) - 0427b329-8a9a-4470-8879-2ada41e3e7d2@group-7D22BBC7452D-StateMachineUpdater: set stopIndex = 78
2019-11-19 07:32:15,142 [0427b329-8a9a-4470-8879-2ada41e3e7d2@group-7D22BBC7452D-StateMachineUpdater] INFO  ratis.ContainerStateMachine (ContainerStateMachine.java:takeSnapshot(285)) - group-7D22BBC7452D: Taking a snapshot at:(t:2, i:76) file /workdir/hadoop-ozone/tools/target/test-dir/MiniOzoneClusterImpl-981bece0-af7a-4a5f-85f9-dd68986b6607/datanode-0/data/ratis/d7d85ada-17d3-4b16-bdad-7d22bbc7452d/sm/snapshot.2_76
2019-11-19 07:32:15,142 [Thread-214] INFO  impl.FollowerState (FollowerState.java:run(120)) - 0427b329-8a9a-4470-8879-2ada41e3e7d2@group-7D22BBC7452D-FollowerState was interrupted: java.lang.InterruptedException: sleep interrupted
2019-11-19 07:32:15,163 [0427b329-8a9a-4470-8879-2ada41e3e7d2@group-7D22BBC7452D-StateMachineUpdater] INFO  ratis.ContainerStateMachine (ContainerStateMachine.java:takeSnapshot(296)) - group-7D22BBC7452D: Finished taking a snapshot at:(t:2, i:76) file:/workdir/hadoop-ozone/tools/target/test-dir/MiniOzoneClusterImpl-981bece0-af7a-4a5f-85f9-dd68986b6607/datanode-0/data/ratis/d7d85ada-17d3-4b16-bdad-7d22bbc7452d/sm/snapshot.2_76 time:20
2019-11-19 07:32:15,163 [0427b329-8a9a-4470-8879-2ada41e3e7d2@group-7D22BBC7452D-StateMachineUpdater] INFO  impl.StateMachineUpdater (StateMachineUpdater.java:takeSnapshot(269)) - 0427b329-8a9a-4470-8879-2ada41e3e7d2@group-7D22BBC7452D-StateMachineUpdater: Took a snapshot at index 76
2019-11-19 07:32:15,163 [0427b329-8a9a-4470-8879-2ada41e3e7d2@group-7D22BBC7452D-StateMachineUpdater] INFO  impl.StateMachineUpdater (StateMachineUpdater.java:lambda$new$0(84)) - 0427b329-8a9a-4470-8879-2ada41e3e7d2@group-7D22BBC7452D-StateMachineUpdater: snapshotIndex: updateIncreasingly -1 -> 76
2019-11-19 07:32:15,163 [0427b329-8a9a-4470-8879-2ada41e3e7d2@group-7D22BBC7452D-StateMachineUpdater] INFO  ratis.ContainerStateMachine (ContainerStateMachine.java:takeSnapshot(285)) - group-7D22BBC7452D: Taking a snapshot at:(t:2, i:76) file /workdir/hadoop-ozone/tools/target/test-dir/MiniOzoneClusterImpl-981bece0-af7a-4a5f-85f9-dd68986b6607/datanode-0/data/ratis/d7d85ada-17d3-4b16-bdad-7d22bbc7452d/sm/snapshot.2_76
2019-11-19 07:32:15,189 [0427b329-8a9a-4470-8879-2ada41e3e7d2@group-7D22BBC7452D-StateMachineUpdater] INFO  ratis.ContainerStateMachine (ContainerStateMachine.java:takeSnapshot(296)) - group-7D22BBC7452D: Finished taking a snapshot at:(t:2, i:76) file:/workdir/hadoop-ozone/tools/target/test-dir/MiniOzoneClusterImpl-981bece0-af7a-4a5f-85f9-dd68986b6607/datanode-0/data/ratis/d7d85ada-17d3-4b16-bdad-7d22bbc7452d/sm/snapshot.2_76 time:26
2019-11-19 07:32:15,189 [Command processor thread] INFO  interfaces.Container (KeyValueContainer.java:flushAndSyncDB(400)) - Container 1 is synced with bcsId 60.
2019-11-19 07:32:15,190 [0427b329-8a9a-4470-8879-2ada41e3e7d2@group-7D22BBC7452D-StateMachineUpdater] INFO  impl.StateMachineUpdater (StateMachineUpdater.java:takeSnapshot(269)) - 0427b329-8a9a-4470-8879-2ada41e3e7d2@group-7D22BBC7452D-StateMachineUpdater: Took a snapshot at index 76
2019-11-19 07:32:15,190 [Command processor thread] INFO  interfaces.Container (KeyValueContainer.java:flushAndSyncDB(400)) - Container 1 is synced with bcsId 60.
2019-11-19 07:32:15,190 [0427b329-8a9a-4470-8879-2ada41e3e7d2@group-7D22BBC7452D-StateMachineUpdater] INFO  impl.StateMachineUpdater (StateMachineUpdater.java:lambda$new$0(84)) - 0427b329-8a9a-4470-8879-2ada41e3e7d2@group-7D22BBC7452D-StateMachineUpdater: snapshotIndex: updateIncreasingly 76 -> 76
2019-11-19 07:32:15,191 [Command processor thread] INFO  impl.RaftServerImpl (ServerState.java:close(387)) - 0427b329-8a9a-4470-8879-2ada41e3e7d2@group-7D22BBC7452D: closes. applyIndex: 78
2019-11-19 07:32:15,191 [0427b329-8a9a-4470-8879-2ada41e3e7d2@group-7D22BBC7452D-SegmentedRaftLogWorker] INFO  segmented.SegmentedRaftLogWorker (SegmentedRaftLogWorker.java:run(316)) - 0427b329-8a9a-4470-8879-2ada41e3e7d2@group-7D22BBC7452D-SegmentedRaftLogWorker was interrupted, exiting. There are 0 tasks remaining in the queue.
2019-11-19 07:32:15,192 [Command processor thread] INFO  segmented.SegmentedRaftLogWorker (SegmentedRaftLogWorker.java:close(224)) - 0427b329-8a9a-4470-8879-2ada41e3e7d2@group-7D22BBC7452D-SegmentedRaftLogWorker close()
2019-11-19 07:32:15,232 [Command processor thread] INFO  interfaces.Container (KeyValueContainer.java:flushAndSyncDB(400)) - Container 1 is synced with bcsId 60.
2019-11-19 07:32:15,232 [Command processor thread] INFO  interfaces.Container (KeyValueContainer.java:flushAndSyncDB(400)) - Container 1 is synced with bcsId 60.
2019-11-19 07:32:15,257 [Command processor thread] INFO  interfaces.Container (KeyValueContainer.java:flushAndSyncDB(400)) - Container 2 is synced with bcsId 76.
2019-11-19 07:32:15,258 [Command processor thread] INFO  interfaces.Container (KeyValueContainer.java:flushAndSyncDB(400)) - Container 2 is synced with bcsId 76.
 0.00% |?                                                                                                    |  0/1 Time: 0:00:032019-11-19 07:32:15,973 [Command processor thread] INFO  interfaces.Container (KeyValueContainer.java:flushAndSyncDB(400)) - Container 2 is synced with bcsId 76.
2019-11-19 07:32:15,974 [Command processor thread] INFO  interfaces.Container (KeyValueContainer.java:flushAndSyncDB(400)) - Container 2 is synced with bcsId 76.
2019-11-19 07:32:15,974 [Command processor thread] INFO  interfaces.Container (KeyValueContainer.java:flushAndSyncDB(400)) - Container 3 is synced with bcsId 42.
2019-11-19 07:32:15,975 [Command processor thread] INFO  interfaces.Container (KeyValueContainer.java:flushAndSyncDB(400)) - Container 3 is synced with bcsId 42.
2019-11-19 07:32:15,992 [Command processor thread] INFO  commandhandler.ClosePipelineCommandHandler (ClosePipelineCommandHandler.java:handle(78)) - Close Pipeline #id: "d7d85ada-17d3-4b16-bdad-7d22bbc7452d"
 command on datanode #c0e0c80b-9e0e-42fb-bb8a-7fd36c2f8c11.
2019-11-19 07:32:15,994 [Command processor thread] INFO  impl.RaftServerProxy (RaftServerProxy.java:addNew(89)) - c0e0c80b-9e0e-42fb-bb8a-7fd36c2f8c11: addNew group-B300A177CBFE:[55a49550-9793-45a7-9328-42decfaf4bde:192.168.157.221:40067, c0e0c80b-9e0e-42fb-bb8a-7fd36c2f8c11:192.168.157.221:36451, 0427b329-8a9a-4470-8879-2ada41e3e7d2:192.168.157.221:40020] returns group-B300A177CBFE:java.util.concurrent.CompletableFuture@70fa882c[Not completed]
2019-11-19 07:32:15,996 [pool-37-thread-1] INFO  impl.RaftServerImpl (RaftServerImpl.java:<init>(98)) - c0e0c80b-9e0e-42fb-bb8a-7fd36c2f8c11: new RaftServerImpl for group-B300A177CBFE:[55a49550-9793-45a7-9328-42decfaf4bde:192.168.157.221:40067, c0e0c80b-9e0e-42fb-bb8a-7fd36c2f8c11:192.168.157.221:36451, 0427b329-8a9a-4470-8879-2ada41e3e7d2:192.168.157.221:40020] with ContainerStateMachine:uninitialized
2019-11-19 07:32:15,996 [pool-37-thread-1] INFO  server.RaftServerConfigKeys (ConfUtils.java:logGet(43)) - raft.server.rpc.timeout.min = 5s (custom)
2019-11-19 07:32:15,996 [pool-37-thread-1] INFO  server.RaftServerConfigKeys (ConfUtils.java:logGet(43)) - raft.server.rpc.timeout.max = 5200ms (custom)
2019-11-19 07:32:15,996 [pool-37-thread-1] INFO  server.RaftServerConfigKeys (ConfUtils.java:logGet(43)) - raft.server.rpcslowness.timeout = 120s (custom)
2019-11-19 07:32:15,996 [pool-37-thread-1] INFO  server.RaftServerConfigKeys (ConfUtils.java:logGet(43)) - raft.server.sleep.deviation.threshold = 300 (default)
2019-11-19 07:32:15,996 [pool-37-thread-1] INFO  server.RaftServerConfigKeys (ConfUtils.java:logGet(43)) - raft.server.log.appender.install.snapshot.enabled = false (custom)
2019-11-19 07:32:15,996 [pool-37-thread-1] INFO  impl.RaftServerImpl (ServerState.java:<init>(103)) - c0e0c80b-9e0e-42fb-bb8a-7fd36c2f8c11@group-B300A177CBFE: ConfigurationManager, init=-1: [55a49550-9793-45a7-9328-42decfaf4bde:192.168.157.221:40067, c0e0c80b-9e0e-42fb-bb8a-7fd36c2f8c11:192.168.157.221:36451, 0427b329-8a9a-4470-8879-2ada41e3e7d2:192.168.157.221:40020], old=null, confs=<EMPTY_MAP>
2019-11-19 07:32:15,997 [pool-37-thread-1] INFO  server.RaftServerConfigKeys (ConfUtils.java:logGet(43)) - raft.server.storage.dir = [/workdir/hadoop-ozone/tools/target/test-dir/MiniOzoneClusterImpl-981bece0-af7a-4a5f-85f9-dd68986b6607/datanode-1/data/ratis] (custom)
2019-11-19 07:32:15,997 [pool-37-thread-1] INFO  server.RaftServerConfigKeys (ConfUtils.java:logGet(43)) - raft.server.log.corruption.policy = EXCEPTION (default)
2019-11-19 07:32:15,997 [pool-37-thread-1] INFO  storage.RaftStorageDirectory (RaftStorageDirectory.java:analyzeStorage(246)) - The storage directory /workdir/hadoop-ozone/tools/target/test-dir/MiniOzoneClusterImpl-981bece0-af7a-4a5f-85f9-dd68986b6607/datanode-1/data/ratis/aa95163f-85d0-4e66-bce5-b300a177cbfe does not exist. Creating ...
2019-11-19 07:32:16,011 [pool-37-thread-1] INFO  storage.RaftStorageDirectory (RaftStorageDirectory.java:tryLock(328)) - Lock on /workdir/hadoop-ozone/tools/target/test-dir/MiniOzoneClusterImpl-981bece0-af7a-4a5f-85f9-dd68986b6607/datanode-1/data/ratis/aa95163f-85d0-4e66-bce5-b300a177cbfe/in_use.lock acquired by nodename 31621@pr-hdds-2486-rcb2c-3991983431
2019-11-19 07:32:16,023 [Command processor thread] INFO  interfaces.Container (KeyValueContainer.java:flushAndSyncDB(400)) - Container 3 is synced with bcsId 42.
2019-11-19 07:32:16,023 [Command processor thread] INFO  interfaces.Container (KeyValueContainer.java:flushAndSyncDB(400)) - Container 3 is synced with bcsId 42.
2019-11-19 07:32:16,049 [pool-37-thread-1] INFO  storage.RaftStorage (RaftStorage.java:format(84)) - Storage directory /workdir/hadoop-ozone/tools/target/test-dir/MiniOzoneClusterImpl-981bece0-af7a-4a5f-85f9-dd68986b6607/datanode-1/data/ratis/aa95163f-85d0-4e66-bce5-b300a177cbfe has been successfully formatted.
2019-11-19 07:32:16,049 [Command processor thread] INFO  commandhandler.ClosePipelineCommandHandler (ClosePipelineCommandHandler.java:handle(78)) - Close Pipeline #id: "d7d85ada-17d3-4b16-bdad-7d22bbc7452d"
 command on datanode #0427b329-8a9a-4470-8879-2ada41e3e7d2.
2019-11-19 07:32:16,049 [pool-37-thread-1] INFO  ratis.ContainerStateMachine (ContainerStateMachine.java:loadSnapshot(223)) - group-B300A177CBFE: The snapshot info is null. Setting the last applied indexto:(t:0, i:~)
2019-11-19 07:32:16,049 [pool-37-thread-1] INFO  server.RaftServerConfigKeys (ConfUtils.java:logGet(43)) - raft.server.notification.no-leader.timeout = 120s (custom)
2019-11-19 07:32:16,050 [pool-37-thread-1] INFO  server.RaftServerConfigKeys (ConfUtils.java:logGet(43)) - raft.server.log.use.memory = false (default)
2019-11-19 07:32:16,050 [Command processor thread] INFO  impl.RaftServerProxy (RaftServerProxy.java:addNew(89)) - 0427b329-8a9a-4470-8879-2ada41e3e7d2: addNew group-B300A177CBFE:[55a49550-9793-45a7-9328-42decfaf4bde:192.168.157.221:40067, c0e0c80b-9e0e-42fb-bb8a-7fd36c2f8c11:192.168.157.221:36451, 0427b329-8a9a-4470-8879-2ada41e3e7d2:192.168.157.221:40020] returns group-B300A177CBFE:java.util.concurrent.CompletableFuture@7c9d6c94[Not completed]
2019-11-19 07:32:16,050 [pool-37-thread-1] INFO  server.RaftServerConfigKeys (ConfUtils.java:logGet(43)) - raft.server.log.purge.gap = 1000000 (custom)
2019-11-19 07:32:16,050 [pool-37-thread-1] INFO  server.RaftServerConfigKeys (ConfUtils.java:logGet(43)) - raft.server.log.appender.buffer.byte-limit = 33554432 (custom)
2019-11-19 07:32:16,050 [pool-37-thread-1] INFO  server.RaftServerConfigKeys (ConfUtils.java:logGet(43)) - raft.server.log.segment.size.max = 1048576 (custom)
2019-11-19 07:32:16,050 [pool-37-thread-1] INFO  server.RaftServerConfigKeys (ConfUtils.java:logGet(43)) - raft.server.log.segment.cache.num.max = 2 (custom)
2019-11-19 07:32:16,050 [pool-37-thread-1] INFO  segmented.SegmentedRaftLogWorker (SegmentedRaftLogWorker.java:<init>(173)) - new c0e0c80b-9e0e-42fb-bb8a-7fd36c2f8c11@group-B300A177CBFE-SegmentedRaftLogWorker for RaftStorage:Storage Directory /workdir/hadoop-ozone/tools/target/test-dir/MiniOzoneClusterImpl-981bece0-af7a-4a5f-85f9-dd68986b6607/datanode-1/data/ratis/aa95163f-85d0-4e66-bce5-b300a177cbfe
2019-11-19 07:32:16,050 [pool-37-thread-1] INFO  server.RaftServerConfigKeys (ConfUtils.java:logGet(43)) - raft.server.log.queue.byte-limit = 2147483647 (custom)
2019-11-19 07:32:16,050 [pool-37-thread-1] INFO  server.RaftServerConfigKeys (ConfUtils.java:logGet(43)) - raft.server.log.queue.element-limit = 1024 (custom)
2019-11-19 07:32:16,051 [pool-37-thread-1] INFO  server.RaftServerConfigKeys (ConfUtils.java:logGet(43)) - raft.server.log.segment.size.max = 1048576 (custom)
2019-11-19 07:32:16,051 [pool-37-thread-1] INFO  server.RaftServerConfigKeys (ConfUtils.java:logGet(43)) - raft.server.log.preallocated.size = 16384 (custom)
2019-11-19 07:32:16,051 [pool-37-thread-1] INFO  server.RaftServerConfigKeys (ConfUtils.java:logGet(43)) - raft.server.log.write.buffer.size = 33554432 (custom)
2019-11-19 07:32:16,051 [pool-37-thread-1] INFO  server.RaftServerConfigKeys (ConfUtils.java:logGet(43)) - raft.server.log.force.sync.num = 128 (default)
2019-11-19 07:32:16,051 [pool-37-thread-1] INFO  server.RaftServerConfigKeys (ConfUtils.java:logGet(43)) - raft.server.log.statemachine.data.sync = true (default)
2019-11-19 07:32:16,051 [pool-37-thread-1] INFO  server.RaftServerConfigKeys (ConfUtils.java:logGet(43)) - raft.server.log.statemachine.data.sync.timeout = 10s (default)
2019-11-19 07:32:16,051 [pool-37-thread-1] INFO  server.RaftServerConfigKeys (ConfUtils.java:logGet(43)) - raft.server.log.statemachine.data.sync.timeout.retry = -1 (default)
2019-11-19 07:32:16,051 [pool-37-thread-1] INFO  server.RaftServerConfigKeys (ConfUtils.java:logGet(43)) - raft.server.log.statemachine.data.caching.enabled = true (custom)
2019-11-19 07:32:16,052 [pool-37-thread-1] INFO  segmented.SegmentedRaftLogWorker (SegmentedRaftLogWorker.java:lambda$new$0(128)) - c0e0c80b-9e0e-42fb-bb8a-7fd36c2f8c11@group-B300A177CBFE-SegmentedRaftLogWorker: flushIndex: setUnconditionally 0 -> -1
2019-11-19 07:32:16,052 [pool-37-thread-1] INFO  server.RaftServerConfigKeys (ConfUtils.java:logGet(43)) - raft.server.snapshot.auto.trigger.enabled = true (custom)
2019-11-19 07:32:16,052 [pool-37-thread-1] INFO  server.RaftServerConfigKeys (ConfUtils.java:logGet(43)) - raft.server.snapshot.auto.trigger.threshold = 10000 (custom)
2019-11-19 07:32:16,052 [pool-37-thread-1] INFO  server.RaftServerConfigKeys (ConfUtils.java:logGet(43)) - raft.server.snapshot.retention.file.num = 5 (custom)
2019-11-19 07:32:16,052 [pool-37-thread-1] INFO  server.RaftServerConfigKeys (ConfUtils.java:logGet(43)) - raft.server.retrycache.expirytime = 600000ms (custom)
2019-11-19 07:32:16,052 [pool-37-thread-1] WARN  impl.MetricRegistriesImpl (MetricRegistriesImpl.java:lambda$create$1(61)) - First MetricRegistry has been created without registering reporters. You may need to call MetricRegistries.global().addReportRegistration(...) before.
2019-11-19 07:32:16,053 [pool-37-thread-1] WARN  impl.MetricRegistriesImpl (MetricRegistriesImpl.java:lambda$create$1(61)) - First MetricRegistry has been created without registering reporters. You may need to call MetricRegistries.global().addReportRegistration(...) before.
2019-11-19 07:32:16,053 [pool-27-thread-1] INFO  impl.RaftServerImpl (RaftServerImpl.java:<init>(98)) - 0427b329-8a9a-4470-8879-2ada41e3e7d2: new RaftServerImpl for group-B300A177CBFE:[55a49550-9793-45a7-9328-42decfaf4bde:192.168.157.221:40067, c0e0c80b-9e0e-42fb-bb8a-7fd36c2f8c11:192.168.157.221:36451, 0427b329-8a9a-4470-8879-2ada41e3e7d2:192.168.157.221:40020] with ContainerStateMachine:uninitialized
2019-11-19 07:32:16,053 [pool-37-thread-1] INFO  impl.RaftServerImpl (RaftServerImpl.java:start(184)) - c0e0c80b-9e0e-42fb-bb8a-7fd36c2f8c11@group-B300A177CBFE: start as a follower, conf=-1: [55a49550-9793-45a7-9328-42decfaf4bde:192.168.157.221:40067, c0e0c80b-9e0e-42fb-bb8a-7fd36c2f8c11:192.168.157.221:36451, 0427b329-8a9a-4470-8879-2ada41e3e7d2:192.168.157.221:40020], old=null
2019-11-19 07:32:16,053 [pool-37-thread-1] INFO  impl.RaftServerImpl (RaftServerImpl.java:setRole(173)) - c0e0c80b-9e0e-42fb-bb8a-7fd36c2f8c11@group-B300A177CBFE: changes role from      null to FOLLOWER at term 0 for startAsFollower
2019-11-19 07:32:16,053 [pool-27-thread-1] INFO  server.RaftServerConfigKeys (ConfUtils.java:logGet(43)) - raft.server.rpc.timeout.min = 5s (custom)
2019-11-19 07:32:16,053 [pool-37-thread-1] INFO  impl.RoleInfo (RoleInfo.java:updateAndGet(143)) - c0e0c80b-9e0e-42fb-bb8a-7fd36c2f8c11: start FollowerState
2019-11-19 07:32:16,053 [pool-27-thread-1] INFO  server.RaftServerConfigKeys (ConfUtils.java:logGet(43)) - raft.server.rpc.timeout.max = 5200ms (custom)
2019-11-19 07:32:16,053 [pool-27-thread-1] INFO  server.RaftServerConfigKeys (ConfUtils.java:logGet(43)) - raft.server.rpcslowness.timeout = 120s (custom)
2019-11-19 07:32:16,053 [pool-37-thread-1] INFO  util.JmxRegister (JmxRegister.java:tryRegister(44)) - Successfully registered JMX Bean with object name Ratis:service=RaftServer,group=group-B300A177CBFE,id=c0e0c80b-9e0e-42fb-bb8a-7fd36c2f8c11
2019-11-19 07:32:16,053 [pool-27-thread-1] INFO  server.RaftServerConfigKeys (ConfUtils.java:logGet(43)) - raft.server.sleep.deviation.threshold = 300 (default)
2019-11-19 07:32:16,054 [pool-37-thread-1] WARN  impl.MetricRegistriesImpl (MetricRegistriesImpl.java:lambda$create$1(61)) - First MetricRegistry has been created without registering reporters. You may need to call MetricRegistries.global().addReportRegistration(...) before.
2019-11-19 07:32:16,054 [pool-27-thread-1] INFO  server.RaftServerConfigKeys (ConfUtils.java:logGet(43)) - raft.server.log.appender.install.snapshot.enabled = false (custom)
2019-11-19 07:32:16,054 [pool-27-thread-1] INFO  impl.RaftServerImpl (ServerState.java:<init>(103)) - 0427b329-8a9a-4470-8879-2ada41e3e7d2@group-B300A177CBFE: ConfigurationManager, init=-1: [55a49550-9793-45a7-9328-42decfaf4bde:192.168.157.221:40067, c0e0c80b-9e0e-42fb-bb8a-7fd36c2f8c11:192.168.157.221:36451, 0427b329-8a9a-4470-8879-2ada41e3e7d2:192.168.157.221:40020], old=null, confs=<EMPTY_MAP>
2019-11-19 07:32:16,054 [Command processor thread] INFO  commandhandler.CreatePipelineCommandHandler (CreatePipelineCommandHandler.java:handle(86)) - Create Pipeline RATIS THREE #id: "aa95163f-85d0-4e66-bce5-b300a177cbfe"
 command succeed on datanode c0e0c80b-9e0e-42fb-bb8a-7fd36c2f8c11.
2019-11-19 07:32:16,054 [pool-27-thread-1] INFO  server.RaftServerConfigKeys (ConfUtils.java:logGet(43)) - raft.server.storage.dir = [/workdir/hadoop-ozone/tools/target/test-dir/MiniOzoneClusterImpl-981bece0-af7a-4a5f-85f9-dd68986b6607/datanode-0/data/ratis] (custom)
2019-11-19 07:32:16,055 [pool-27-thread-1] INFO  server.RaftServerConfigKeys (ConfUtils.java:logGet(43)) - raft.server.log.corruption.policy = EXCEPTION (default)
2019-11-19 07:32:16,055 [pool-27-thread-1] INFO  storage.RaftStorageDirectory (RaftStorageDirectory.java:analyzeStorage(246)) - The storage directory /workdir/hadoop-ozone/tools/target/test-dir/MiniOzoneClusterImpl-981bece0-af7a-4a5f-85f9-dd68986b6607/datanode-0/data/ratis/aa95163f-85d0-4e66-bce5-b300a177cbfe does not exist. Creating ...
2019-11-19 07:32:16,055 [EventQueue-PipelineReportForPipelineReportHandler] INFO  pipeline.PipelineReportHandler (PipelineReportHandler.java:processPipelineReport(113)) - Pipeline THREE PipelineID=aa95163f-85d0-4e66-bce5-b300a177cbfe reported by c0e0c80b-9e0e-42fb-bb8a-7fd36c2f8c11{ip: 192.168.157.221, host: pr-hdds-2486-rcb2c-3991983431, networkLocation: /default-rack, certSerialId: null}
2019-11-19 07:32:16,088 [pool-27-thread-1] INFO  storage.RaftStorageDirectory (RaftStorageDirectory.java:tryLock(328)) - Lock on /workdir/hadoop-ozone/tools/target/test-dir/MiniOzoneClusterImpl-981bece0-af7a-4a5f-85f9-dd68986b6607/datanode-0/data/ratis/aa95163f-85d0-4e66-bce5-b300a177cbfe/in_use.lock acquired by nodename 31621@pr-hdds-2486-rcb2c-3991983431
2019-11-19 07:32:16,113 [pool-27-thread-1] INFO  storage.RaftStorage (RaftStorage.java:format(84)) - Storage directory /workdir/hadoop-ozone/tools/target/test-dir/MiniOzoneClusterImpl-981bece0-af7a-4a5f-85f9-dd68986b6607/datanode-0/data/ratis/aa95163f-85d0-4e66-bce5-b300a177cbfe has been successfully formatted.
2019-11-19 07:32:16,113 [pool-27-thread-1] INFO  ratis.ContainerStateMachine (ContainerStateMachine.java:loadSnapshot(223)) - group-B300A177CBFE: The snapshot info is null. Setting the last applied indexto:(t:0, i:~)
2019-11-19 07:32:16,114 [pool-27-thread-1] INFO  server.RaftServerConfigKeys (ConfUtils.java:logGet(43)) - raft.server.notification.no-leader.timeout = 120s (custom)
2019-11-19 07:32:16,114 [pool-27-thread-1] INFO  server.RaftServerConfigKeys (ConfUtils.java:logGet(43)) - raft.server.log.use.memory = false (default)
2019-11-19 07:32:16,114 [pool-27-thread-1] INFO  server.RaftServerConfigKeys (ConfUtils.java:logGet(43)) - raft.server.log.purge.gap = 1000000 (custom)
2019-11-19 07:32:16,114 [pool-27-thread-1] INFO  server.RaftServerConfigKeys (ConfUtils.java:logGet(43)) - raft.server.log.appender.buffer.byte-limit = 33554432 (custom)
2019-11-19 07:32:16,114 [pool-27-thread-1] INFO  server.RaftServerConfigKeys (ConfUtils.java:logGet(43)) - raft.server.log.segment.size.max = 1048576 (custom)
2019-11-19 07:32:16,115 [pool-27-thread-1] INFO  server.RaftServerConfigKeys (ConfUtils.java:logGet(43)) - raft.server.log.segment.cache.num.max = 2 (custom)
2019-11-19 07:32:16,115 [pool-27-thread-1] INFO  segmented.SegmentedRaftLogWorker (SegmentedRaftLogWorker.java:<init>(173)) - new 0427b329-8a9a-4470-8879-2ada41e3e7d2@group-B300A177CBFE-SegmentedRaftLogWorker for RaftStorage:Storage Directory /workdir/hadoop-ozone/tools/target/test-dir/MiniOzoneClusterImpl-981bece0-af7a-4a5f-85f9-dd68986b6607/datanode-0/data/ratis/aa95163f-85d0-4e66-bce5-b300a177cbfe
2019-11-19 07:32:16,115 [pool-27-thread-1] INFO  server.RaftServerConfigKeys (ConfUtils.java:logGet(43)) - raft.server.log.queue.byte-limit = 2147483647 (custom)
2019-11-19 07:32:16,115 [pool-27-thread-1] INFO  server.RaftServerConfigKeys (ConfUtils.java:logGet(43)) - raft.server.log.queue.element-limit = 1024 (custom)
2019-11-19 07:32:16,115 [pool-27-thread-1] INFO  server.RaftServerConfigKeys (ConfUtils.java:logGet(43)) - raft.server.log.segment.size.max = 1048576 (custom)
2019-11-19 07:32:16,115 [pool-27-thread-1] INFO  server.RaftServerConfigKeys (ConfUtils.java:logGet(43)) - raft.server.log.preallocated.size = 16384 (custom)
2019-11-19 07:32:16,116 [pool-27-thread-1] INFO  server.RaftServerConfigKeys (ConfUtils.java:logGet(43)) - raft.server.log.write.buffer.size = 33554432 (custom)
2019-11-19 07:32:16,116 [pool-27-thread-1] INFO  server.RaftServerConfigKeys (ConfUtils.java:logGet(43)) - raft.server.log.force.sync.num = 128 (default)
2019-11-19 07:32:16,116 [pool-27-thread-1] INFO  server.RaftServerConfigKeys (ConfUtils.java:logGet(43)) - raft.server.log.statemachine.data.sync = true (default)
2019-11-19 07:32:16,116 [pool-27-thread-1] INFO  server.RaftServerConfigKeys (ConfUtils.java:logGet(43)) - raft.server.log.statemachine.data.sync.timeout = 10s (default)
2019-11-19 07:32:16,116 [pool-27-thread-1] INFO  server.RaftServerConfigKeys (ConfUtils.java:logGet(43)) - raft.server.log.statemachine.data.sync.timeout.retry = -1 (default)
2019-11-19 07:32:16,116 [pool-27-thread-1] INFO  server.RaftServerConfigKeys (ConfUtils.java:logGet(43)) - raft.server.log.statemachine.data.caching.enabled = true (custom)
2019-11-19 07:32:16,117 [pool-27-thread-1] INFO  segmented.SegmentedRaftLogWorker (SegmentedRaftLogWorker.java:lambda$new$0(128)) - 0427b329-8a9a-4470-8879-2ada41e3e7d2@group-B300A177CBFE-SegmentedRaftLogWorker: flushIndex: setUnconditionally 0 -> -1
2019-11-19 07:32:16,117 [pool-27-thread-1] INFO  server.RaftServerConfigKeys (ConfUtils.java:logGet(43)) - raft.server.snapshot.auto.trigger.enabled = true (custom)
2019-11-19 07:32:16,117 [pool-27-thread-1] INFO  server.RaftServerConfigKeys (ConfUtils.java:logGet(43)) - raft.server.snapshot.auto.trigger.threshold = 10000 (custom)
2019-11-19 07:32:16,118 [pool-27-thread-1] INFO  server.RaftServerConfigKeys (ConfUtils.java:logGet(43)) - raft.server.snapshot.retention.file.num = 5 (custom)
2019-11-19 07:32:16,118 [pool-27-thread-1] INFO  server.RaftServerConfigKeys (ConfUtils.java:logGet(43)) - raft.server.retrycache.expirytime = 600000ms (custom)
2019-11-19 07:32:16,118 [pool-27-thread-1] WARN  impl.MetricRegistriesImpl (MetricRegistriesImpl.java:lambda$create$1(61)) - First MetricRegistry has been created without registering reporters. You may need to call MetricRegistries.global().addReportRegistration(...) before.
2019-11-19 07:32:16,118 [pool-27-thread-1] WARN  impl.MetricRegistriesImpl (MetricRegistriesImpl.java:lambda$create$1(61)) - First MetricRegistry has been created without registering reporters. You may need to call MetricRegistries.global().addReportRegistration(...) before.
2019-11-19 07:32:16,118 [pool-27-thread-1] INFO  impl.RaftServerImpl (RaftServerImpl.java:start(184)) - 0427b329-8a9a-4470-8879-2ada41e3e7d2@group-B300A177CBFE: start as a follower, conf=-1: [55a49550-9793-45a7-9328-42decfaf4bde:192.168.157.221:40067, c0e0c80b-9e0e-42fb-bb8a-7fd36c2f8c11:192.168.157.221:36451, 0427b329-8a9a-4470-8879-2ada41e3e7d2:192.168.157.221:40020], old=null
2019-11-19 07:32:16,118 [pool-27-thread-1] INFO  impl.RaftServerImpl (RaftServerImpl.java:setRole(173)) - 0427b329-8a9a-4470-8879-2ada41e3e7d2@group-B300A177CBFE: changes role from      null to FOLLOWER at term 0 for startAsFollower
2019-11-19 07:32:16,119 [pool-27-thread-1] INFO  impl.RoleInfo (RoleInfo.java:updateAndGet(143)) - 0427b329-8a9a-4470-8879-2ada41e3e7d2: start FollowerState
2019-11-19 07:32:16,119 [pool-27-thread-1] INFO  util.JmxRegister (JmxRegister.java:tryRegister(44)) - Successfully registered JMX Bean with object name Ratis:service=RaftServer,group=group-B300A177CBFE,id=0427b329-8a9a-4470-8879-2ada41e3e7d2
2019-11-19 07:32:16,119 [pool-27-thread-1] WARN  impl.MetricRegistriesImpl (MetricRegistriesImpl.java:lambda$create$1(61)) - First MetricRegistry has been created without registering reporters. You may need to call MetricRegistries.global().addReportRegistration(...) before.
2019-11-19 07:32:16,120 [Command processor thread] INFO  commandhandler.CreatePipelineCommandHandler (CreatePipelineCommandHandler.java:handle(86)) - Create Pipeline RATIS THREE #id: "aa95163f-85d0-4e66-bce5-b300a177cbfe"
 command succeed on datanode 0427b329-8a9a-4470-8879-2ada41e3e7d2.
2019-11-19 07:32:16,121 [EventQueue-PipelineReportForPipelineReportHandler] INFO  pipeline.PipelineReportHandler (PipelineReportHandler.java:processPipelineReport(113)) - Pipeline THREE PipelineID=aa95163f-85d0-4e66-bce5-b300a177cbfe reported by 0427b329-8a9a-4470-8879-2ada41e3e7d2{ip: 192.168.157.221, host: pr-hdds-2486-rcb2c-3991983431, networkLocation: /default-rack, certSerialId: null}
 0.00% |?                                                                                                    |  0/1 Time: 0:00:04 100.00% |?????????????????????????????????????????????????????????????????????????????????????????????????????|  1/1 Time: 0:00:05
2019-11-19 07:32:19,468 [Thread-471] INFO  impl.FollowerState (FollowerState.java:run(111)) - 55a49550-9793-45a7-9328-42decfaf4bde@group-B300A177CBFE-FollowerState: change to CANDIDATE, lastRpcTime:5003ms, electionTimeout:5003ms
2019-11-19 07:32:19,468 [Thread-471] INFO  impl.RoleInfo (RoleInfo.java:shutdownFollowerState(121)) - 55a49550-9793-45a7-9328-42decfaf4bde: shutdown FollowerState
2019-11-19 07:32:19,468 [Thread-471] INFO  impl.RaftServerImpl (RaftServerImpl.java:setRole(173)) - 55a49550-9793-45a7-9328-42decfaf4bde@group-B300A177CBFE: changes role from  FOLLOWER to CANDIDATE at term 0 for changeToCandidate
2019-11-19 07:32:19,468 [Thread-471] INFO  impl.RoleInfo (RoleInfo.java:updateAndGet(143)) - 55a49550-9793-45a7-9328-42decfaf4bde: start LeaderElection
2019-11-19 07:32:19,495 [55a49550-9793-45a7-9328-42decfaf4bde@group-B300A177CBFE-LeaderElection8] INFO  impl.LeaderElection (LeaderElection.java:askForVotes(178)) - 55a49550-9793-45a7-9328-42decfaf4bde@group-B300A177CBFE-LeaderElection8: begin an election at term 1 for -1: [55a49550-9793-45a7-9328-42decfaf4bde:192.168.157.221:40067, c0e0c80b-9e0e-42fb-bb8a-7fd36c2f8c11:192.168.157.221:36451, 0427b329-8a9a-4470-8879-2ada41e3e7d2:192.168.157.221:40020], old=null
2019-11-19 07:32:19,500 [grpc-default-executor-5] INFO  impl.RaftServerImpl (RaftServerImpl.java:setRole(173)) - 0427b329-8a9a-4470-8879-2ada41e3e7d2@group-B300A177CBFE: changes role from  FOLLOWER to FOLLOWER at term 1 for recognizeCandidate:55a49550-9793-45a7-9328-42decfaf4bde
2019-11-19 07:32:19,501 [grpc-default-executor-1] INFO  impl.RaftServerImpl (RaftServerImpl.java:setRole(173)) - c0e0c80b-9e0e-42fb-bb8a-7fd36c2f8c11@group-B300A177CBFE: changes role from  FOLLOWER to FOLLOWER at term 1 for recognizeCandidate:55a49550-9793-45a7-9328-42decfaf4bde
2019-11-19 07:32:19,501 [grpc-default-executor-5] INFO  impl.RoleInfo (RoleInfo.java:shutdownFollowerState(121)) - 0427b329-8a9a-4470-8879-2ada41e3e7d2: shutdown FollowerState
2019-11-19 07:32:19,501 [grpc-default-executor-1] INFO  impl.RoleInfo (RoleInfo.java:shutdownFollowerState(121)) - c0e0c80b-9e0e-42fb-bb8a-7fd36c2f8c11: shutdown FollowerState
2019-11-19 07:32:19,501 [grpc-default-executor-5] INFO  impl.RoleInfo (RoleInfo.java:updateAndGet(143)) - 0427b329-8a9a-4470-8879-2ada41e3e7d2: start FollowerState
2019-11-19 07:32:19,501 [Thread-475] INFO  impl.FollowerState (FollowerState.java:run(120)) - 0427b329-8a9a-4470-8879-2ada41e3e7d2@group-B300A177CBFE-FollowerState was interrupted: java.lang.InterruptedException: sleep interrupted
2019-11-19 07:32:19,502 [Thread-473] INFO  impl.FollowerState (FollowerState.java:run(120)) - c0e0c80b-9e0e-42fb-bb8a-7fd36c2f8c11@group-B300A177CBFE-FollowerState was interrupted: java.lang.InterruptedException: sleep interrupted
2019-11-19 07:32:19,502 [grpc-default-executor-1] INFO  impl.RoleInfo (RoleInfo.java:updateAndGet(143)) - c0e0c80b-9e0e-42fb-bb8a-7fd36c2f8c11: start FollowerState
2019-11-19 07:32:19,530 [55a49550-9793-45a7-9328-42decfaf4bde@group-B300A177CBFE-LeaderElection8] INFO  impl.LeaderElection (LeaderElection.java:logAndReturn(56)) - 55a49550-9793-45a7-9328-42decfaf4bde@group-B300A177CBFE-LeaderElection8: Election PASSED; received 1 response(s) [55a49550-9793-45a7-9328-42decfaf4bde<-c0e0c80b-9e0e-42fb-bb8a-7fd36c2f8c11#0:OK-t1] and 0 exception(s); 55a49550-9793-45a7-9328-42decfaf4bde@group-B300A177CBFE:t1, leader=null, voted=55a49550-9793-45a7-9328-42decfaf4bde, raftlog=55a49550-9793-45a7-9328-42decfaf4bde@group-B300A177CBFE-SegmentedRaftLog:OPENED:c-1,f-1,i0, conf=-1: [55a49550-9793-45a7-9328-42decfaf4bde:192.168.157.221:40067, c0e0c80b-9e0e-42fb-bb8a-7fd36c2f8c11:192.168.157.221:36451, 0427b329-8a9a-4470-8879-2ada41e3e7d2:192.168.157.221:40020], old=null
2019-11-19 07:32:19,531 [55a49550-9793-45a7-9328-42decfaf4bde@group-B300A177CBFE-LeaderElection8] INFO  impl.RoleInfo (RoleInfo.java:shutdownLeaderElection(134)) - 55a49550-9793-45a7-9328-42decfaf4bde: shutdown LeaderElection
2019-11-19 07:32:19,532 [55a49550-9793-45a7-9328-42decfaf4bde@group-B300A177CBFE-LeaderElection8] INFO  impl.RaftServerImpl (RaftServerImpl.java:setRole(173)) - 55a49550-9793-45a7-9328-42decfaf4bde@group-B300A177CBFE: changes role from CANDIDATE to LEADER at term 1 for changeToLeader
2019-11-19 07:32:19,532 [55a49550-9793-45a7-9328-42decfaf4bde@group-B300A177CBFE-LeaderElection8] INFO  ratis.XceiverServerRatis (XceiverServerRatis.java:handleLeaderChangedNotification(733)) - Leader change notification received for group: group-B300A177CBFE with new leaderId: 55a49550-9793-45a7-9328-42decfaf4bde
2019-11-19 07:32:19,533 [55a49550-9793-45a7-9328-42decfaf4bde@group-B300A177CBFE-LeaderElection8] INFO  impl.RaftServerImpl (ServerState.java:setLeader(255)) - 55a49550-9793-45a7-9328-42decfaf4bde@group-B300A177CBFE: change Leader from null to 55a49550-9793-45a7-9328-42decfaf4bde at term 1 for becomeLeader, leader elected after 5073ms
2019-11-19 07:32:19,533 [55a49550-9793-45a7-9328-42decfaf4bde@group-B300A177CBFE-LeaderElection8] INFO  server.RaftServerConfigKeys (ConfUtils.java:logGet(43)) - raft.server.staging.catchup.gap = 1000 (default)
2019-11-19 07:32:19,533 [55a49550-9793-45a7-9328-42decfaf4bde@group-B300A177CBFE-LeaderElection8] INFO  server.RaftServerConfigKeys (ConfUtils.java:logGet(43)) - raft.server.rpc.sleep.time = 25ms (default)
2019-11-19 07:32:19,533 [55a49550-9793-45a7-9328-42decfaf4bde@group-B300A177CBFE-LeaderElection8] INFO  server.RaftServerConfigKeys (ConfUtils.java:logGet(43)) - raft.server.write.element-limit = 4096 (default)
2019-11-19 07:32:19,533 [55a49550-9793-45a7-9328-42decfaf4bde@group-B300A177CBFE-LeaderElection8] INFO  server.RaftServerConfigKeys (ConfUtils.java:logGet(43)) - raft.server.watch.timeout = 10s (default)
2019-11-19 07:32:19,534 [55a49550-9793-45a7-9328-42decfaf4bde@group-B300A177CBFE-LeaderElection8] INFO  server.RaftServerConfigKeys (ConfUtils.java:logGet(43)) - raft.server.watch.timeout.denomination = 1s (default)
2019-11-19 07:32:19,534 [55a49550-9793-45a7-9328-42decfaf4bde@group-B300A177CBFE-LeaderElection8] INFO  server.RaftServerConfigKeys (ConfUtils.java:logGet(43)) - raft.server.watch.element-limit = 65536 (default)
2019-11-19 07:32:19,534 [55a49550-9793-45a7-9328-42decfaf4bde@group-B300A177CBFE-LeaderElection8] INFO  server.RaftServerConfigKeys (ConfUtils.java:logGet(43)) - raft.server.log.appender.snapshot.chunk.size.max = 16MB (=16777216) (default)
2019-11-19 07:32:19,534 [EventQueue-PipelineReportForPipelineReportHandler] INFO  pipeline.PipelineReportHandler (PipelineReportHandler.java:processPipelineReport(113)) - Pipeline THREE PipelineID=aa95163f-85d0-4e66-bce5-b300a177cbfe reported by 55a49550-9793-45a7-9328-42decfaf4bde{ip: 192.168.157.221, host: pr-hdds-2486-rcb2c-3991983431, networkLocation: /default-rack, certSerialId: null}
2019-11-19 07:32:19,534 [55a49550-9793-45a7-9328-42decfaf4bde@group-B300A177CBFE-LeaderElection8] INFO  server.RaftServerConfigKeys (ConfUtils.java:logGet(43)) - raft.server.log.appender.buffer.byte-limit = 33554432 (custom)
2019-11-19 07:32:19,535 [EventQueue-PipelineReportForPipelineReportHandler] INFO  pipeline.PipelineStateManager (PipelineStateManager.java:openPipeline(132)) - Pipeline Pipeline[ Id: aa95163f-85d0-4e66-bce5-b300a177cbfe, Nodes: 0427b329-8a9a-4470-8879-2ada41e3e7d2{ip: 192.168.157.221, host: pr-hdds-2486-rcb2c-3991983431, networkLocation: /default-rack, certSerialId: null}55a49550-9793-45a7-9328-42decfaf4bde{ip: 192.168.157.221, host: pr-hdds-2486-rcb2c-3991983431, networkLocation: /default-rack, certSerialId: null}c0e0c80b-9e0e-42fb-bb8a-7fd36c2f8c11{ip: 192.168.157.221, host: pr-hdds-2486-rcb2c-3991983431, networkLocation: /default-rack, certSerialId: null}, Type:RATIS, Factor:THREE, State:ALLOCATED] moved to OPEN state
2019-11-19 07:32:19,536 [55a49550-9793-45a7-9328-42decfaf4bde@group-B300A177CBFE-LeaderElection8] INFO  server.RaftServerConfigKeys (ConfUtils.java:logGet(43)) - raft.server.log.appender.buffer.element-limit = 1 (custom)
2019-11-19 07:32:19,536 [55a49550-9793-45a7-9328-42decfaf4bde@group-B300A177CBFE-LeaderElection8] INFO  grpc.GrpcConfigKeys$Server (ConfUtils.java:logGet(43)) - raft.grpc.server.leader.outstanding.appends.max = 128 (default)
2019-11-19 07:32:19,537 [55a49550-9793-45a7-9328-42decfaf4bde@group-B300A177CBFE-LeaderElection8] INFO  server.RaftServerConfigKeys (ConfUtils.java:logGet(43)) - raft.server.rpc.request.timeout = 3000ms (default)
2019-11-19 07:32:19,537 [55a49550-9793-45a7-9328-42decfaf4bde@group-B300A177CBFE-LeaderElection8] INFO  server.RaftServerConfigKeys (ConfUtils.java:logGet(43)) - raft.server.log.appender.install.snapshot.enabled = false (custom)
2019-11-19 07:32:19,537 [55a49550-9793-45a7-9328-42decfaf4bde@group-B300A177CBFE-LeaderElection8] WARN  impl.MetricRegistriesImpl (MetricRegistriesImpl.java:lambda$create$1(61)) - First MetricRegistry has been created without registering reporters. You may need to call MetricRegistries.global().addReportRegistration(...) before.
2019-11-19 07:32:19,538 [55a49550-9793-45a7-9328-42decfaf4bde@group-B300A177CBFE-LeaderElection8] INFO  server.RaftServerConfigKeys (ConfUtils.java:logGet(43)) - raft.server.log.appender.snapshot.chunk.size.max = 16MB (=16777216) (default)
2019-11-19 07:32:19,538 [55a49550-9793-45a7-9328-42decfaf4bde@group-B300A177CBFE-LeaderElection8] INFO  server.RaftServerConfigKeys (ConfUtils.java:logGet(43)) - raft.server.log.appender.buffer.byte-limit = 33554432 (custom)
2019-11-19 07:32:19,538 [55a49550-9793-45a7-9328-42decfaf4bde@group-B300A177CBFE-LeaderElection8] INFO  server.RaftServerConfigKeys (ConfUtils.java:logGet(43)) - raft.server.log.appender.buffer.element-limit = 1 (custom)
2019-11-19 07:32:19,538 [55a49550-9793-45a7-9328-42decfaf4bde@group-B300A177CBFE-LeaderElection8] INFO  grpc.GrpcConfigKeys$Server (ConfUtils.java:logGet(43)) - raft.grpc.server.leader.outstanding.appends.max = 128 (default)
2019-11-19 07:32:19,539 [55a49550-9793-45a7-9328-42decfaf4bde@group-B300A177CBFE-LeaderElection8] INFO  server.RaftServerConfigKeys (ConfUtils.java:logGet(43)) - raft.server.rpc.request.timeout = 3000ms (default)
2019-11-19 07:32:19,539 [55a49550-9793-45a7-9328-42decfaf4bde@group-B300A177CBFE-LeaderElection8] INFO  server.RaftServerConfigKeys (ConfUtils.java:logGet(43)) - raft.server.log.appender.install.snapshot.enabled = false (custom)
2019-11-19 07:32:19,539 [55a49550-9793-45a7-9328-42decfaf4bde@group-B300A177CBFE-LeaderElection8] INFO  impl.RoleInfo (RoleInfo.java:updateAndGet(143)) - 55a49550-9793-45a7-9328-42decfaf4bde: start LeaderState
2019-11-19 07:32:19,539 [55a49550-9793-45a7-9328-42decfaf4bde@group-B300A177CBFE-LeaderElection8] INFO  segmented.SegmentedRaftLogWorker (SegmentedRaftLogWorker.java:startLogSegment(385)) - 55a49550-9793-45a7-9328-42decfaf4bde@group-B300A177CBFE-SegmentedRaftLogWorker: Starting segment from index:0
2019-11-19 07:32:19,540 [55a49550-9793-45a7-9328-42decfaf4bde@group-B300A177CBFE-LeaderElection8] INFO  impl.RaftServerImpl (ServerState.java:setRaftConf(356)) - 55a49550-9793-45a7-9328-42decfaf4bde@group-B300A177CBFE: set configuration 0: [55a49550-9793-45a7-9328-42decfaf4bde:192.168.157.221:40067, c0e0c80b-9e0e-42fb-bb8a-7fd36c2f8c11:192.168.157.221:36451, 0427b329-8a9a-4470-8879-2ada41e3e7d2:192.168.157.221:40020], old=null at 0
2019-11-19 07:32:19,575 [grpc-default-executor-1] INFO  ratis.XceiverServerRatis (XceiverServerRatis.java:handleLeaderChangedNotification(733)) - Leader change notification received for group: group-B300A177CBFE with new leaderId: 55a49550-9793-45a7-9328-42decfaf4bde
2019-11-19 07:32:19,576 [grpc-default-executor-1] INFO  impl.RaftServerImpl (ServerState.java:setLeader(255)) - c0e0c80b-9e0e-42fb-bb8a-7fd36c2f8c11@group-B300A177CBFE: change Leader from null to 55a49550-9793-45a7-9328-42decfaf4bde at term 1 for appendEntries, leader elected after 3525ms
2019-11-19 07:32:19,576 [grpc-default-executor-5] INFO  ratis.XceiverServerRatis (XceiverServerRatis.java:handleLeaderChangedNotification(733)) - Leader change notification received for group: group-B300A177CBFE with new leaderId: 55a49550-9793-45a7-9328-42decfaf4bde
2019-11-19 07:32:19,576 [grpc-default-executor-5] INFO  impl.RaftServerImpl (ServerState.java:setLeader(255)) - 0427b329-8a9a-4470-8879-2ada41e3e7d2@group-B300A177CBFE: change Leader from null to 55a49550-9793-45a7-9328-42decfaf4bde at term 1 for appendEntries, leader elected after 3462ms
2019-11-19 07:32:19,581 [grpc-default-executor-1] INFO  impl.RaftServerImpl (ServerState.java:setRaftConf(356)) - 0427b329-8a9a-4470-8879-2ada41e3e7d2@group-B300A177CBFE: set configuration 0: [55a49550-9793-45a7-9328-42decfaf4bde:192.168.157.221:40067, c0e0c80b-9e0e-42fb-bb8a-7fd36c2f8c11:192.168.157.221:36451, 0427b329-8a9a-4470-8879-2ada41e3e7d2:192.168.157.221:40020], old=null at 0
2019-11-19 07:32:19,581 [grpc-default-executor-1] INFO  segmented.SegmentedRaftLogWorker (SegmentedRaftLogWorker.java:startLogSegment(385)) - 0427b329-8a9a-4470-8879-2ada41e3e7d2@group-B300A177CBFE-SegmentedRaftLogWorker: Starting segment from index:0
2019-11-19 07:32:19,581 [grpc-default-executor-5] INFO  impl.RaftServerImpl (ServerState.java:setRaftConf(356)) - c0e0c80b-9e0e-42fb-bb8a-7fd36c2f8c11@group-B300A177CBFE: set configuration 0: [55a49550-9793-45a7-9328-42decfaf4bde:192.168.157.221:40067, c0e0c80b-9e0e-42fb-bb8a-7fd36c2f8c11:192.168.157.221:36451, 0427b329-8a9a-4470-8879-2ada41e3e7d2:192.168.157.221:40020], old=null at 0
2019-11-19 07:32:19,582 [grpc-default-executor-5] INFO  segmented.SegmentedRaftLogWorker (SegmentedRaftLogWorker.java:startLogSegment(385)) - c0e0c80b-9e0e-42fb-bb8a-7fd36c2f8c11@group-B300A177CBFE-SegmentedRaftLogWorker: Starting segment from index:0
2019-11-19 07:32:19,621 [55a49550-9793-45a7-9328-42decfaf4bde@group-B300A177CBFE-SegmentedRaftLogWorker] INFO  segmented.SegmentedRaftLogWorker (SegmentedRaftLogWorker.java:execute(576)) - 55a49550-9793-45a7-9328-42decfaf4bde@group-B300A177CBFE-SegmentedRaftLogWorker: created new log segment /workdir/hadoop-ozone/tools/target/test-dir/MiniOzoneClusterImpl-981bece0-af7a-4a5f-85f9-dd68986b6607/datanode-2/data/ratis/aa95163f-85d0-4e66-bce5-b300a177cbfe/current/log_inprogress_0
2019-11-19 07:32:19,644 [c0e0c80b-9e0e-42fb-bb8a-7fd36c2f8c11@group-B300A177CBFE-SegmentedRaftLogWorker] INFO  segmented.SegmentedRaftLogWorker (SegmentedRaftLogWorker.java:execute(576)) - c0e0c80b-9e0e-42fb-bb8a-7fd36c2f8c11@group-B300A177CBFE-SegmentedRaftLogWorker: created new log segment /workdir/hadoop-ozone/tools/target/test-dir/MiniOzoneClusterImpl-981bece0-af7a-4a5f-85f9-dd68986b6607/datanode-1/data/ratis/aa95163f-85d0-4e66-bce5-b300a177cbfe/current/log_inprogress_0
2019-11-19 07:32:19,644 [0427b329-8a9a-4470-8879-2ada41e3e7d2@group-B300A177CBFE-SegmentedRaftLogWorker] INFO  segmented.SegmentedRaftLogWorker (SegmentedRaftLogWorker.java:execute(576)) - 0427b329-8a9a-4470-8879-2ada41e3e7d2@group-B300A177CBFE-SegmentedRaftLogWorker: created new log segment /workdir/hadoop-ozone/tools/target/test-dir/MiniOzoneClusterImpl-981bece0-af7a-4a5f-85f9-dd68986b6607/datanode-0/data/ratis/aa95163f-85d0-4e66-bce5-b300a177cbfe/current/log_inprogress_0
]]></system-out>
    <system-err><![CDATA[ERROR StatusLogger No Log4j 2 configuration file found. Using default configuration (logging only errors to the console), or user programmatically provided configurations. Set system property 'log4j2.debug' to show Log4j 2 internal initialization logging. See https://logging.apache.org/log4j/2.x/manual/configuration.html for instructions on how to configure Log4j 2
]]></system-err>
  </testcase>
</testsuite>