<?xml version="1.0" encoding="UTF-8"?>
<testsuite xmlns:xsi="http://www.w3.org/2001/XMLSchema-instance" xsi:noNamespaceSchemaLocation="https://maven.apache.org/surefire/maven-surefire-plugin/xsd/surefire-test-report.xsd" name="org.apache.hadoop.ozone.scm.TestSCMContainerPlacementPolicyMetrics" time="81.701" tests="1" errors="1" skipped="0" failures="0">
  <properties>
    <property name="awt.toolkit" value="sun.awt.X11.XToolkit"/>
    <property name="file.encoding.pkg" value="sun.io"/>
    <property name="java.specification.version" value="1.8"/>
    <property name="sun.cpu.isalist" value=""/>
    <property name="sun.jnu.encoding" value="ANSI_X3.4-1968"/>
    <property name="java.class.path" value="/workdir/hadoop-ozone/integration-test/target/test-classes:/workdir/hadoop-ozone/integration-test/target/classes:/home/user/.m2/repository/org/apache/hadoop/hadoop-ozone-common/0.5.0-SNAPSHOT/hadoop-ozone-common-0.5.0-SNAPSHOT.jar:/home/user/.m2/repository/org/apache/commons/commons-compress/1.4.1/commons-compress-1.4.1.jar:/home/user/.m2/repository/org/tukaani/xz/1.0/xz-1.0.jar:/home/user/.m2/repository/org/apache/hadoop/hadoop-common/3.2.0/hadoop-common-3.2.0.jar:/home/user/.m2/repository/org/apache/hadoop/hadoop-hdfs/3.2.0/hadoop-hdfs-3.2.0.jar:/home/user/.m2/repository/org/apache/hadoop/hadoop-hdfs-client/3.2.0/hadoop-hdfs-client-3.2.0.jar:/home/user/.m2/repository/com/fasterxml/jackson/core/jackson-annotations/2.9.9/jackson-annotations-2.9.9.jar:/home/user/.m2/repository/org/apache/hadoop/hadoop-hdds-common/0.5.0-SNAPSHOT/hadoop-hdds-common-0.5.0-SNAPSHOT.jar:/home/user/.m2/repository/javax/annotation/javax.annotation-api/1.2/javax.annotation-api-1.2.jar:/home/user/.m2/repository/org/apache/ratis/ratis-server/0.5.0-d6d58d0-SNAPSHOT/ratis-server-0.5.0-d6d58d0-SNAPSHOT.jar:/home/user/.m2/repository/org/apache/ratis/ratis-thirdparty-misc/0.2.0/ratis-thirdparty-misc-0.2.0.jar:/home/user/.m2/repository/org/apache/ratis/ratis-proto/0.5.0-d6d58d0-SNAPSHOT/ratis-proto-0.5.0-d6d58d0-SNAPSHOT.jar:/home/user/.m2/repository/org/apache/ratis/ratis-common/0.5.0-d6d58d0-SNAPSHOT/ratis-common-0.5.0-d6d58d0-SNAPSHOT.jar:/home/user/.m2/repository/org/apache/ratis/ratis-client/0.5.0-d6d58d0-SNAPSHOT/ratis-client-0.5.0-d6d58d0-SNAPSHOT.jar:/home/user/.m2/repository/org/apache/ratis/ratis-metrics/0.5.0-d6d58d0-SNAPSHOT/ratis-metrics-0.5.0-d6d58d0-SNAPSHOT.jar:/home/user/.m2/repository/org/apache/ratis/ratis-netty/0.5.0-d6d58d0-SNAPSHOT/ratis-netty-0.5.0-d6d58d0-SNAPSHOT.jar:/home/user/.m2/repository/org/apache/ratis/ratis-grpc/0.5.0-d6d58d0-SNAPSHOT/ratis-grpc-0.5.0-d6d58d0-SNAPSHOT.jar:/home/user/.m2/repository/org/rocksdb/rocksdbjni/6.0.1/rocksdbjni-6.0.1.jar:/home/user/.m2/repository/org/apache/logging/log4j/log4j-api/2.11.0/log4j-api-2.11.0.jar:/home/user/.m2/repository/org/apache/logging/log4j/log4j-core/2.11.0/log4j-core-2.11.0.jar:/home/user/.m2/repository/com/lmax/disruptor/3.4.2/disruptor-3.4.2.jar:/home/user/.m2/repository/org/apache/commons/commons-pool2/2.6.0/commons-pool2-2.6.0.jar:/home/user/.m2/repository/org/bouncycastle/bcpkix-jdk15on/1.60/bcpkix-jdk15on-1.60.jar:/home/user/.m2/repository/commons-validator/commons-validator/1.6/commons-validator-1.6.jar:/home/user/.m2/repository/commons-digester/commons-digester/1.8.1/commons-digester-1.8.1.jar:/home/user/.m2/repository/io/jaegertracing/jaeger-client/0.34.0/jaeger-client-0.34.0.jar:/home/user/.m2/repository/io/jaegertracing/jaeger-thrift/0.34.0/jaeger-thrift-0.34.0.jar:/home/user/.m2/repository/org/apache/thrift/libthrift/0.12.0/libthrift-0.12.0.jar:/home/user/.m2/repository/com/squareup/okhttp3/okhttp/3.9.0/okhttp-3.9.0.jar:/home/user/.m2/repository/com/squareup/okio/okio/1.13.0/okio-1.13.0.jar:/home/user/.m2/repository/io/jaegertracing/jaeger-core/0.34.0/jaeger-core-0.34.0.jar:/home/user/.m2/repository/io/jaegertracing/jaeger-tracerresolver/0.34.0/jaeger-tracerresolver-0.34.0.jar:/home/user/.m2/repository/io/opentracing/contrib/opentracing-tracerresolver/0.1.5/opentracing-tracerresolver-0.1.5.jar:/home/user/.m2/repository/io/opentracing/opentracing-util/0.31.0/opentracing-util-0.31.0.jar:/home/user/.m2/repository/io/opentracing/opentracing-api/0.31.0/opentracing-api-0.31.0.jar:/home/user/.m2/repository/io/opentracing/opentracing-noop/0.31.0/opentracing-noop-0.31.0.jar:/home/user/.m2/repository/org/apache/hadoop/hadoop-hdds-server-framework/0.5.0-SNAPSHOT/hadoop-hdds-server-framework-0.5.0-SNAPSHOT.jar:/home/user/.m2/repository/org/apache/hadoop/hadoop-hdds-container-service/0.5.0-SNAPSHOT/hadoop-hdds-container-service-0.5.0-SNAPSHOT.jar:/home/user/.m2/repository/org/apache/hadoop/hadoop-hdds-client/0.5.0-SNAPSHOT/hadoop-hdds-client-0.5.0-SNAPSHOT.jar:/home/user/.m2/repository/org/apache/hadoop/hadoop-hdds-tools/0.5.0-SNAPSHOT/hadoop-hdds-tools-0.5.0-SNAPSHOT.jar:/home/user/.m2/repository/org/apache/hadoop/hadoop-hdds-server-scm/0.5.0-SNAPSHOT/hadoop-hdds-server-scm-0.5.0-SNAPSHOT.jar:/home/user/.m2/repository/org/apache/hadoop/hadoop-hdds-docs/0.5.0-SNAPSHOT/hadoop-hdds-docs-0.5.0-SNAPSHOT.jar:/home/user/.m2/repository/io/dropwizard/metrics/metrics-core/3.2.4/metrics-core-3.2.4.jar:/home/user/.m2/repository/org/hamcrest/hamcrest-all/1.3/hamcrest-all-1.3.jar:/home/user/.m2/repository/org/bouncycastle/bcprov-jdk15on/1.60/bcprov-jdk15on-1.60.jar:/home/user/.m2/repository/info/picocli/picocli/3.9.6/picocli-3.9.6.jar:/home/user/.m2/repository/com/google/protobuf/protobuf-java/2.5.0/protobuf-java-2.5.0.jar:/home/user/.m2/repository/com/google/guava/guava/11.0.2/guava-11.0.2.jar:/home/user/.m2/repository/org/apache/hadoop/hadoop-ozone-ozone-manager/0.5.0-SNAPSHOT/hadoop-ozone-ozone-manager-0.5.0-SNAPSHOT.jar:/home/user/.m2/repository/org/apache/hadoop/hadoop-minikdc/3.2.0/hadoop-minikdc-3.2.0.jar:/home/user/.m2/repository/commons-io/commons-io/2.5/commons-io-2.5.jar:/home/user/.m2/repository/org/apache/kerby/kerb-simplekdc/1.0.1/kerb-simplekdc-1.0.1.jar:/home/user/.m2/repository/org/apache/kerby/kerb-client/1.0.1/kerb-client-1.0.1.jar:/home/user/.m2/repository/org/apache/kerby/kerby-config/1.0.1/kerby-config-1.0.1.jar:/home/user/.m2/repository/org/apache/kerby/kerb-core/1.0.1/kerb-core-1.0.1.jar:/home/user/.m2/repository/org/apache/kerby/kerby-pkix/1.0.1/kerby-pkix-1.0.1.jar:/home/user/.m2/repository/org/apache/kerby/kerby-asn1/1.0.1/kerby-asn1-1.0.1.jar:/home/user/.m2/repository/org/apache/kerby/kerby-util/1.0.1/kerby-util-1.0.1.jar:/home/user/.m2/repository/org/apache/kerby/kerb-common/1.0.1/kerb-common-1.0.1.jar:/home/user/.m2/repository/org/apache/kerby/kerb-crypto/1.0.1/kerb-crypto-1.0.1.jar:/home/user/.m2/repository/org/apache/kerby/kerb-util/1.0.1/kerb-util-1.0.1.jar:/home/user/.m2/repository/org/apache/kerby/token-provider/1.0.1/token-provider-1.0.1.jar:/home/user/.m2/repository/org/apache/kerby/kerb-admin/1.0.1/kerb-admin-1.0.1.jar:/home/user/.m2/repository/org/apache/kerby/kerb-server/1.0.1/kerb-server-1.0.1.jar:/home/user/.m2/repository/org/apache/kerby/kerb-identity/1.0.1/kerb-identity-1.0.1.jar:/home/user/.m2/repository/org/apache/kerby/kerby-xdr/1.0.1/kerby-xdr-1.0.1.jar:/home/user/.m2/repository/org/slf4j/slf4j-log4j12/1.7.25/slf4j-log4j12-1.7.25.jar:/home/user/.m2/repository/org/apache/hadoop/hadoop-ozone-s3gateway/0.5.0-SNAPSHOT/hadoop-ozone-s3gateway-0.5.0-SNAPSHOT.jar:/home/user/.m2/repository/org/jboss/weld/servlet/weld-servlet/2.4.7.Final/weld-servlet-2.4.7.Final.jar:/home/user/.m2/repository/org/glassfish/jersey/containers/jersey-container-servlet-core/2.27/jersey-container-servlet-core-2.27.jar:/home/user/.m2/repository/org/glassfish/hk2/external/javax.inject/2.5.0-b42/javax.inject-2.5.0-b42.jar:/home/user/.m2/repository/org/glassfish/jersey/core/jersey-common/2.27/jersey-common-2.27.jar:/home/user/.m2/repository/org/glassfish/hk2/osgi-resource-locator/1.0.1/osgi-resource-locator-1.0.1.jar:/home/user/.m2/repository/javax/ws/rs/javax.ws.rs-api/2.1/javax.ws.rs-api-2.1.jar:/home/user/.m2/repository/org/glassfish/jersey/ext/cdi/jersey-cdi1x/2.27/jersey-cdi1x-2.27.jar:/home/user/.m2/repository/org/glassfish/jersey/inject/jersey-hk2/2.27/jersey-hk2-2.27.jar:/home/user/.m2/repository/org/glassfish/hk2/hk2-locator/2.5.0-b42/hk2-locator-2.5.0-b42.jar:/home/user/.m2/repository/org/javassist/javassist/3.22.0-CR2/javassist-3.22.0-CR2.jar:/home/user/.m2/repository/org/glassfish/hk2/hk2-api/2.5.0/hk2-api-2.5.0.jar:/home/user/.m2/repository/org/glassfish/hk2/external/jakarta.inject/2.5.0/jakarta.inject-2.5.0.jar:/home/user/.m2/repository/org/glassfish/hk2/hk2-utils/2.5.0/hk2-utils-2.5.0.jar:/home/user/.m2/repository/jakarta/annotation/jakarta.annotation-api/1.3.4/jakarta.annotation-api-1.3.4.jar:/home/user/.m2/repository/org/glassfish/hk2/external/aopalliance-repackaged/2.5.0/aopalliance-repackaged-2.5.0.jar:/home/user/.m2/repository/com/fasterxml/jackson/dataformat/jackson-dataformat-xml/2.9.0/jackson-dataformat-xml-2.9.0.jar:/home/user/.m2/repository/com/fasterxml/jackson/core/jackson-core/2.9.9/jackson-core-2.9.9.jar:/home/user/.m2/repository/com/fasterxml/jackson/module/jackson-module-jaxb-annotations/2.9.9/jackson-module-jaxb-annotations-2.9.9.jar:/home/user/.m2/repository/javax/enterprise/cdi-api/1.2/cdi-api-1.2.jar:/home/user/.m2/repository/javax/el/javax.el-api/3.0.0/javax.el-api-3.0.0.jar:/home/user/.m2/repository/javax/interceptor/javax.interceptor-api/1.2/javax.interceptor-api-1.2.jar:/home/user/.m2/repository/javax/inject/javax.inject/1/javax.inject-1.jar:/home/user/.m2/repository/com/sun/xml/bind/jaxb-impl/2.3.0.1/jaxb-impl-2.3.0.1.jar:/home/user/.m2/repository/com/sun/xml/bind/jaxb-core/2.3.0.1/jaxb-core-2.3.0.1.jar:/home/user/.m2/repository/javax/xml/bind/jaxb-api/2.3.0/jaxb-api-2.3.0.jar:/home/user/.m2/repository/javax/activation/activation/1.1.1/activation-1.1.1.jar:/home/user/.m2/repository/org/apache/hadoop/hadoop-ozone-csi/0.5.0-SNAPSHOT/hadoop-ozone-csi-0.5.0-SNAPSHOT.jar:/home/user/.m2/repository/com/google/protobuf/protobuf-java-util/3.5.1/protobuf-java-util-3.5.1.jar:/home/user/.m2/repository/org/apache/hadoop/hadoop-hdds-config/0.5.0-SNAPSHOT/hadoop-hdds-config-0.5.0-SNAPSHOT.jar:/home/user/.m2/repository/io/grpc/grpc-netty/1.17.1/grpc-netty-1.17.1.jar:/home/user/.m2/repository/io/grpc/grpc-core/1.17.1/grpc-core-1.17.1.jar:/home/user/.m2/repository/io/grpc/grpc-context/1.17.1/grpc-context-1.17.1.jar:/home/user/.m2/repository/com/google/errorprone/error_prone_annotations/2.2.0/error_prone_annotations-2.2.0.jar:/home/user/.m2/repository/org/codehaus/mojo/animal-sniffer-annotations/1.17/animal-sniffer-annotations-1.17.jar:/home/user/.m2/repository/io/opencensus/opencensus-api/0.17.0/opencensus-api-0.17.0.jar:/home/user/.m2/repository/io/opencensus/opencensus-contrib-grpc-metrics/0.17.0/opencensus-contrib-grpc-metrics-0.17.0.jar:/home/user/.m2/repository/io/netty/netty-codec-http2/4.1.30.Final/netty-codec-http2-4.1.30.Final.jar:/home/user/.m2/repository/io/netty/netty-codec-http/4.1.30.Final/netty-codec-http-4.1.30.Final.jar:/home/user/.m2/repository/io/netty/netty-codec/4.1.30.Final/netty-codec-4.1.30.Final.jar:/home/user/.m2/repository/io/netty/netty-handler/4.1.30.Final/netty-handler-4.1.30.Final.jar:/home/user/.m2/repository/io/netty/netty-handler-proxy/4.1.30.Final/netty-handler-proxy-4.1.30.Final.jar:/home/user/.m2/repository/io/netty/netty-codec-socks/4.1.30.Final/netty-codec-socks-4.1.30.Final.jar:/home/user/.m2/repository/io/netty/netty-transport-native-epoll/4.1.30.Final/netty-transport-native-epoll-4.1.30.Final.jar:/home/user/.m2/repository/io/netty/netty-common/4.1.30.Final/netty-common-4.1.30.Final.jar:/home/user/.m2/repository/io/netty/netty-buffer/4.1.30.Final/netty-buffer-4.1.30.Final.jar:/home/user/.m2/repository/io/netty/netty-transport/4.1.30.Final/netty-transport-4.1.30.Final.jar:/home/user/.m2/repository/io/netty/netty-resolver/4.1.30.Final/netty-resolver-4.1.30.Final.jar:/home/user/.m2/repository/io/netty/netty-transport-native-unix-common/4.1.30.Final/netty-transport-native-unix-common-4.1.30.Final.jar:/home/user/.m2/repository/io/grpc/grpc-protobuf/1.17.1/grpc-protobuf-1.17.1.jar:/home/user/.m2/repository/com/google/api/grpc/proto-google-common-protos/1.0.0/proto-google-common-protos-1.0.0.jar:/home/user/.m2/repository/io/grpc/grpc-protobuf-lite/1.17.1/grpc-protobuf-lite-1.17.1.jar:/home/user/.m2/repository/io/grpc/grpc-stub/1.17.1/grpc-stub-1.17.1.jar:/home/user/.m2/repository/org/apache/hadoop/hadoop-ozone-recon/0.5.0-SNAPSHOT/hadoop-ozone-recon-0.5.0-SNAPSHOT.jar:/home/user/.m2/repository/org/apache/hadoop/hadoop-ozone-reconcodegen/0.5.0-SNAPSHOT/hadoop-ozone-reconcodegen-0.5.0-SNAPSHOT.jar:/home/user/.m2/repository/com/google/inject/extensions/guice-multibindings/4.0/guice-multibindings-4.0.jar:/home/user/.m2/repository/com/google/inject/guice/4.0/guice-4.0.jar:/home/user/.m2/repository/aopalliance/aopalliance/1.0/aopalliance-1.0.jar:/home/user/.m2/repository/com/google/inject/extensions/guice-servlet/4.0/guice-servlet-4.0.jar:/home/user/.m2/repository/org/glassfish/jersey/containers/jersey-container-servlet/2.27/jersey-container-servlet-2.27.jar:/home/user/.m2/repository/org/glassfish/hk2/guice-bridge/2.5.0/guice-bridge-2.5.0.jar:/home/user/.m2/repository/org/glassfish/jersey/core/jersey-server/2.27/jersey-server-2.27.jar:/home/user/.m2/repository/org/glassfish/jersey/core/jersey-client/2.27/jersey-client-2.27.jar:/home/user/.m2/repository/org/glassfish/jersey/media/jersey-media-jaxb/2.27/jersey-media-jaxb-2.27.jar:/home/user/.m2/repository/javax/validation/validation-api/1.1.0.Final/validation-api-1.1.0.Final.jar:/home/user/.m2/repository/org/glassfish/jersey/media/jersey-media-json-jackson/2.27/jersey-media-json-jackson-2.27.jar:/home/user/.m2/repository/org/glassfish/jersey/ext/jersey-entity-filtering/2.27/jersey-entity-filtering-2.27.jar:/home/user/.m2/repository/com/google/inject/extensions/guice-assistedinject/4.0/guice-assistedinject-4.0.jar:/home/user/.m2/repository/org/jooq/jooq/3.11.10/jooq-3.11.10.jar:/home/user/.m2/repository/org/jooq/jooq-meta/3.11.10/jooq-meta-3.11.10.jar:/home/user/.m2/repository/org/jooq/jooq-codegen/3.11.10/jooq-codegen-3.11.10.jar:/home/user/.m2/repository/com/jolbox/bonecp/0.8.0.RELEASE/bonecp-0.8.0.RELEASE.jar:/home/user/.m2/repository/org/xerial/sqlite-jdbc/3.25.2/sqlite-jdbc-3.25.2.jar:/home/user/.m2/repository/org/springframework/spring-jdbc/5.1.3.RELEASE/spring-jdbc-5.1.3.RELEASE.jar:/home/user/.m2/repository/org/springframework/spring-beans/5.1.3.RELEASE/spring-beans-5.1.3.RELEASE.jar:/home/user/.m2/repository/org/springframework/spring-core/5.1.3.RELEASE/spring-core-5.1.3.RELEASE.jar:/home/user/.m2/repository/org/springframework/spring-jcl/5.1.3.RELEASE/spring-jcl-5.1.3.RELEASE.jar:/home/user/.m2/repository/org/springframework/spring-tx/5.1.3.RELEASE/spring-tx-5.1.3.RELEASE.jar:/home/user/.m2/repository/org/apache/hadoop/hadoop-ozone-client/0.5.0-SNAPSHOT/hadoop-ozone-client-0.5.0-SNAPSHOT.jar:/home/user/.m2/repository/commons-lang/commons-lang/2.6/commons-lang-2.6.jar:/home/user/.m2/repository/org/apache/hadoop/hadoop-ozone-ozone-manager/0.5.0-SNAPSHOT/hadoop-ozone-ozone-manager-0.5.0-SNAPSHOT-tests.jar:/home/user/.m2/repository/junit/junit/4.11/junit-4.11.jar:/home/user/.m2/repository/org/hamcrest/hamcrest-core/1.3/hamcrest-core-1.3.jar:/home/user/.m2/repository/org/openjdk/jmh/jmh-core/1.19/jmh-core-1.19.jar:/home/user/.m2/repository/net/sf/jopt-simple/jopt-simple/4.6/jopt-simple-4.6.jar:/home/user/.m2/repository/org/apache/commons/commons-math3/3.1.1/commons-math3-3.1.1.jar:/home/user/.m2/repository/org/openjdk/jmh/jmh-generator-annprocess/1.19/jmh-generator-annprocess-1.19.jar:/home/user/.m2/repository/org/mockito/mockito-all/1.8.5/mockito-all-1.8.5.jar:/home/user/.m2/repository/org/apache/hadoop/hadoop-kms/3.2.0/hadoop-kms-3.2.0.jar:/home/user/.m2/repository/org/apache/hadoop/hadoop-auth/3.2.0/hadoop-auth-3.2.0.jar:/home/user/.m2/repository/com/nimbusds/nimbus-jose-jwt/4.41.1/nimbus-jose-jwt-4.41.1.jar:/home/user/.m2/repository/com/github/stephenc/jcip/jcip-annotations/1.0-1/jcip-annotations-1.0-1.jar:/home/user/.m2/repository/net/minidev/json-smart/2.3/json-smart-2.3.jar:/home/user/.m2/repository/net/minidev/accessors-smart/1.2/accessors-smart-1.2.jar:/home/user/.m2/repository/org/ow2/asm/asm/5.0.4/asm-5.0.4.jar:/home/user/.m2/repository/org/apache/curator/curator-framework/2.12.0/curator-framework-2.12.0.jar:/home/user/.m2/repository/com/sun/jersey/jersey-core/1.19/jersey-core-1.19.jar:/home/user/.m2/repository/javax/ws/rs/jsr311-api/1.1.1/jsr311-api-1.1.1.jar:/home/user/.m2/repository/com/sun/jersey/jersey-server/1.19/jersey-server-1.19.jar:/home/user/.m2/repository/javax/servlet/javax.servlet-api/3.1.0/javax.servlet-api-3.1.0.jar:/home/user/.m2/repository/org/eclipse/jetty/jetty-server/9.3.25.v20180904/jetty-server-9.3.25.v20180904.jar:/home/user/.m2/repository/org/eclipse/jetty/jetty-http/9.3.25.v20180904/jetty-http-9.3.25.v20180904.jar:/home/user/.m2/repository/org/eclipse/jetty/jetty-io/9.3.25.v20180904/jetty-io-9.3.25.v20180904.jar:/home/user/.m2/repository/org/eclipse/jetty/jetty-webapp/9.3.25.v20180904/jetty-webapp-9.3.25.v20180904.jar:/home/user/.m2/repository/org/eclipse/jetty/jetty-xml/9.3.25.v20180904/jetty-xml-9.3.25.v20180904.jar:/home/user/.m2/repository/log4j/log4j/1.2.17/log4j-1.2.17.jar:/home/user/.m2/repository/org/slf4j/slf4j-api/1.7.25/slf4j-api-1.7.25.jar:/home/user/.m2/repository/org/slf4j/jul-to-slf4j/1.7.25/jul-to-slf4j-1.7.25.jar:/home/user/.m2/repository/org/eclipse/jetty/jetty-util/9.3.25.v20180904/jetty-util-9.3.25.v20180904.jar:/home/user/.m2/repository/com/fasterxml/jackson/core/jackson-databind/2.9.9/jackson-databind-2.9.9.jar:/home/user/.m2/repository/org/apache/hadoop/hadoop-kms/3.2.0/hadoop-kms-3.2.0-tests.jar:/home/user/.m2/repository/org/apache/hadoop/hadoop-hdds-server-scm/0.5.0-SNAPSHOT/hadoop-hdds-server-scm-0.5.0-SNAPSHOT-tests.jar:/home/user/.m2/repository/org/apache/hadoop/hadoop-hdds-container-service/0.5.0-SNAPSHOT/hadoop-hdds-container-service-0.5.0-SNAPSHOT-tests.jar:/home/user/.m2/repository/org/yaml/snakeyaml/1.16/snakeyaml-1.16.jar:/home/user/.m2/repository/org/apache/hadoop/hadoop-common/3.2.0/hadoop-common-3.2.0-tests.jar:/home/user/.m2/repository/org/apache/hadoop/hadoop-annotations/3.2.0/hadoop-annotations-3.2.0.jar:/usr/lib/jvm/java-1.8.0-openjdk-1.8.0.222.b10-1.el7_7.x86_64/jre/../lib/tools.jar:/home/user/.m2/repository/commons-cli/commons-cli/1.2/commons-cli-1.2.jar:/home/user/.m2/repository/org/apache/httpcomponents/httpclient/4.5.2/httpclient-4.5.2.jar:/home/user/.m2/repository/org/apache/httpcomponents/httpcore/4.4.4/httpcore-4.4.4.jar:/home/user/.m2/repository/commons-codec/commons-codec/1.11/commons-codec-1.11.jar:/home/user/.m2/repository/commons-net/commons-net/3.6/commons-net-3.6.jar:/home/user/.m2/repository/commons-collections/commons-collections/3.2.2/commons-collections-3.2.2.jar:/home/user/.m2/repository/org/eclipse/jetty/jetty-servlet/9.3.25.v20180904/jetty-servlet-9.3.25.v20180904.jar:/home/user/.m2/repository/org/eclipse/jetty/jetty-security/9.3.25.v20180904/jetty-security-9.3.25.v20180904.jar:/home/user/.m2/repository/javax/servlet/jsp/jsp-api/2.1/jsp-api-2.1.jar:/home/user/.m2/repository/com/sun/jersey/jersey-servlet/1.19/jersey-servlet-1.19.jar:/home/user/.m2/repository/com/sun/jersey/jersey-json/1.19/jersey-json-1.19.jar:/home/user/.m2/repository/org/codehaus/jettison/jettison/1.1/jettison-1.1.jar:/home/user/.m2/repository/org/codehaus/jackson/jackson-core-asl/1.9.13/jackson-core-asl-1.9.13.jar:/home/user/.m2/repository/org/codehaus/jackson/jackson-mapper-asl/1.9.13/jackson-mapper-asl-1.9.13.jar:/home/user/.m2/repository/org/codehaus/jackson/jackson-jaxrs/1.9.13/jackson-jaxrs-1.9.13.jar:/home/user/.m2/repository/org/codehaus/jackson/jackson-xc/1.9.13/jackson-xc-1.9.13.jar:/home/user/.m2/repository/commons-logging/commons-logging/1.1.3/commons-logging-1.1.3.jar:/home/user/.m2/repository/commons-beanutils/commons-beanutils/1.9.4/commons-beanutils-1.9.4.jar:/home/user/.m2/repository/org/apache/commons/commons-configuration2/2.1.1/commons-configuration2-2.1.1.jar:/home/user/.m2/repository/org/apache/commons/commons-lang3/3.7/commons-lang3-3.7.jar:/home/user/.m2/repository/org/apache/commons/commons-text/1.4/commons-text-1.4.jar:/home/user/.m2/repository/org/apache/avro/avro/1.7.7/avro-1.7.7.jar:/home/user/.m2/repository/com/thoughtworks/paranamer/paranamer/2.3/paranamer-2.3.jar:/home/user/.m2/repository/org/xerial/snappy/snappy-java/1.0.5/snappy-java-1.0.5.jar:/home/user/.m2/repository/com/google/re2j/re2j/1.1/re2j-1.1.jar:/home/user/.m2/repository/com/google/code/gson/gson/2.2.4/gson-2.2.4.jar:/home/user/.m2/repository/com/jcraft/jsch/0.1.54/jsch-0.1.54.jar:/home/user/.m2/repository/org/apache/curator/curator-client/2.12.0/curator-client-2.12.0.jar:/home/user/.m2/repository/org/apache/curator/curator-recipes/2.12.0/curator-recipes-2.12.0.jar:/home/user/.m2/repository/com/google/code/findbugs/jsr305/3.0.0/jsr305-3.0.0.jar:/home/user/.m2/repository/org/apache/htrace/htrace-core4/4.1.0-incubating/htrace-core4-4.1.0-incubating.jar:/home/user/.m2/repository/org/apache/zookeeper/zookeeper/3.4.13/zookeeper-3.4.13.jar:/home/user/.m2/repository/jline/jline/0.9.94/jline-0.9.94.jar:/home/user/.m2/repository/org/apache/yetus/audience-annotations/0.5.0/audience-annotations-0.5.0.jar:/home/user/.m2/repository/org/codehaus/woodstox/stax2-api/3.1.4/stax2-api-3.1.4.jar:/home/user/.m2/repository/com/fasterxml/woodstox/woodstox-core/5.0.3/woodstox-core-5.0.3.jar:/home/user/.m2/repository/dnsjava/dnsjava/2.1.7/dnsjava-2.1.7.jar:/home/user/.m2/repository/org/apache/hadoop/hadoop-hdfs/3.2.0/hadoop-hdfs-3.2.0-tests.jar:/home/user/.m2/repository/org/eclipse/jetty/jetty-util-ajax/9.3.25.v20180904/jetty-util-ajax-9.3.25.v20180904.jar:/home/user/.m2/repository/commons-daemon/commons-daemon/1.0.13/commons-daemon-1.0.13.jar:/home/user/.m2/repository/io/netty/netty/3.10.5.Final/netty-3.10.5.Final.jar:/home/user/.m2/repository/io/netty/netty-all/4.0.52.Final/netty-all-4.0.52.Final.jar:/home/user/.m2/repository/org/fusesource/leveldbjni/leveldbjni-all/1.8/leveldbjni-all-1.8.jar:"/>
    <property name="java.vm.vendor" value="Oracle Corporation"/>
    <property name="sun.arch.data.model" value="64"/>
    <property name="test.build.dir" value="/workdir/hadoop-ozone/integration-test/target/test-dir"/>
    <property name="test.cache.data" value=""/>
    <property name="java.vendor.url" value="http://java.oracle.com/"/>
    <property name="user.timezone" value=""/>
    <property name="java.vm.specification.version" value="1.8"/>
    <property name="os.name" value="Linux"/>
    <property name="test.build.data" value="/workdir/hadoop-ozone/integration-test/target/test-dir"/>
    <property name="user.country" value="US"/>
    <property name="sun.java.launcher" value="SUN_STANDARD"/>
    <property name="sun.boot.library.path" value="/usr/lib/jvm/java-1.8.0-openjdk-1.8.0.222.b10-1.el7_7.x86_64/jre/lib/amd64"/>
    <property name="sun.java.command" value="/workdir/hadoop-ozone/integration-test/target/surefire/surefirebooter7842678398437487577.jar /workdir/hadoop-ozone/integration-test/target/surefire 2019-11-08T23-33-12_063-jvmRun1 surefire8698388929977334127tmp surefire_157617760940811419184tmp"/>
    <property name="surefire.test.class.path" value="/workdir/hadoop-ozone/integration-test/target/test-classes:/workdir/hadoop-ozone/integration-test/target/classes:/home/user/.m2/repository/org/apache/hadoop/hadoop-ozone-common/0.5.0-SNAPSHOT/hadoop-ozone-common-0.5.0-SNAPSHOT.jar:/home/user/.m2/repository/org/apache/commons/commons-compress/1.4.1/commons-compress-1.4.1.jar:/home/user/.m2/repository/org/tukaani/xz/1.0/xz-1.0.jar:/home/user/.m2/repository/org/apache/hadoop/hadoop-common/3.2.0/hadoop-common-3.2.0.jar:/home/user/.m2/repository/org/apache/hadoop/hadoop-hdfs/3.2.0/hadoop-hdfs-3.2.0.jar:/home/user/.m2/repository/org/apache/hadoop/hadoop-hdfs-client/3.2.0/hadoop-hdfs-client-3.2.0.jar:/home/user/.m2/repository/com/fasterxml/jackson/core/jackson-annotations/2.9.9/jackson-annotations-2.9.9.jar:/home/user/.m2/repository/org/apache/hadoop/hadoop-hdds-common/0.5.0-SNAPSHOT/hadoop-hdds-common-0.5.0-SNAPSHOT.jar:/home/user/.m2/repository/javax/annotation/javax.annotation-api/1.2/javax.annotation-api-1.2.jar:/home/user/.m2/repository/org/apache/ratis/ratis-server/0.5.0-d6d58d0-SNAPSHOT/ratis-server-0.5.0-d6d58d0-SNAPSHOT.jar:/home/user/.m2/repository/org/apache/ratis/ratis-thirdparty-misc/0.2.0/ratis-thirdparty-misc-0.2.0.jar:/home/user/.m2/repository/org/apache/ratis/ratis-proto/0.5.0-d6d58d0-SNAPSHOT/ratis-proto-0.5.0-d6d58d0-SNAPSHOT.jar:/home/user/.m2/repository/org/apache/ratis/ratis-common/0.5.0-d6d58d0-SNAPSHOT/ratis-common-0.5.0-d6d58d0-SNAPSHOT.jar:/home/user/.m2/repository/org/apache/ratis/ratis-client/0.5.0-d6d58d0-SNAPSHOT/ratis-client-0.5.0-d6d58d0-SNAPSHOT.jar:/home/user/.m2/repository/org/apache/ratis/ratis-metrics/0.5.0-d6d58d0-SNAPSHOT/ratis-metrics-0.5.0-d6d58d0-SNAPSHOT.jar:/home/user/.m2/repository/org/apache/ratis/ratis-netty/0.5.0-d6d58d0-SNAPSHOT/ratis-netty-0.5.0-d6d58d0-SNAPSHOT.jar:/home/user/.m2/repository/org/apache/ratis/ratis-grpc/0.5.0-d6d58d0-SNAPSHOT/ratis-grpc-0.5.0-d6d58d0-SNAPSHOT.jar:/home/user/.m2/repository/org/rocksdb/rocksdbjni/6.0.1/rocksdbjni-6.0.1.jar:/home/user/.m2/repository/org/apache/logging/log4j/log4j-api/2.11.0/log4j-api-2.11.0.jar:/home/user/.m2/repository/org/apache/logging/log4j/log4j-core/2.11.0/log4j-core-2.11.0.jar:/home/user/.m2/repository/com/lmax/disruptor/3.4.2/disruptor-3.4.2.jar:/home/user/.m2/repository/org/apache/commons/commons-pool2/2.6.0/commons-pool2-2.6.0.jar:/home/user/.m2/repository/org/bouncycastle/bcpkix-jdk15on/1.60/bcpkix-jdk15on-1.60.jar:/home/user/.m2/repository/commons-validator/commons-validator/1.6/commons-validator-1.6.jar:/home/user/.m2/repository/commons-digester/commons-digester/1.8.1/commons-digester-1.8.1.jar:/home/user/.m2/repository/io/jaegertracing/jaeger-client/0.34.0/jaeger-client-0.34.0.jar:/home/user/.m2/repository/io/jaegertracing/jaeger-thrift/0.34.0/jaeger-thrift-0.34.0.jar:/home/user/.m2/repository/org/apache/thrift/libthrift/0.12.0/libthrift-0.12.0.jar:/home/user/.m2/repository/com/squareup/okhttp3/okhttp/3.9.0/okhttp-3.9.0.jar:/home/user/.m2/repository/com/squareup/okio/okio/1.13.0/okio-1.13.0.jar:/home/user/.m2/repository/io/jaegertracing/jaeger-core/0.34.0/jaeger-core-0.34.0.jar:/home/user/.m2/repository/io/jaegertracing/jaeger-tracerresolver/0.34.0/jaeger-tracerresolver-0.34.0.jar:/home/user/.m2/repository/io/opentracing/contrib/opentracing-tracerresolver/0.1.5/opentracing-tracerresolver-0.1.5.jar:/home/user/.m2/repository/io/opentracing/opentracing-util/0.31.0/opentracing-util-0.31.0.jar:/home/user/.m2/repository/io/opentracing/opentracing-api/0.31.0/opentracing-api-0.31.0.jar:/home/user/.m2/repository/io/opentracing/opentracing-noop/0.31.0/opentracing-noop-0.31.0.jar:/home/user/.m2/repository/org/apache/hadoop/hadoop-hdds-server-framework/0.5.0-SNAPSHOT/hadoop-hdds-server-framework-0.5.0-SNAPSHOT.jar:/home/user/.m2/repository/org/apache/hadoop/hadoop-hdds-container-service/0.5.0-SNAPSHOT/hadoop-hdds-container-service-0.5.0-SNAPSHOT.jar:/home/user/.m2/repository/org/apache/hadoop/hadoop-hdds-client/0.5.0-SNAPSHOT/hadoop-hdds-client-0.5.0-SNAPSHOT.jar:/home/user/.m2/repository/org/apache/hadoop/hadoop-hdds-tools/0.5.0-SNAPSHOT/hadoop-hdds-tools-0.5.0-SNAPSHOT.jar:/home/user/.m2/repository/org/apache/hadoop/hadoop-hdds-server-scm/0.5.0-SNAPSHOT/hadoop-hdds-server-scm-0.5.0-SNAPSHOT.jar:/home/user/.m2/repository/org/apache/hadoop/hadoop-hdds-docs/0.5.0-SNAPSHOT/hadoop-hdds-docs-0.5.0-SNAPSHOT.jar:/home/user/.m2/repository/io/dropwizard/metrics/metrics-core/3.2.4/metrics-core-3.2.4.jar:/home/user/.m2/repository/org/hamcrest/hamcrest-all/1.3/hamcrest-all-1.3.jar:/home/user/.m2/repository/org/bouncycastle/bcprov-jdk15on/1.60/bcprov-jdk15on-1.60.jar:/home/user/.m2/repository/info/picocli/picocli/3.9.6/picocli-3.9.6.jar:/home/user/.m2/repository/com/google/protobuf/protobuf-java/2.5.0/protobuf-java-2.5.0.jar:/home/user/.m2/repository/com/google/guava/guava/11.0.2/guava-11.0.2.jar:/home/user/.m2/repository/org/apache/hadoop/hadoop-ozone-ozone-manager/0.5.0-SNAPSHOT/hadoop-ozone-ozone-manager-0.5.0-SNAPSHOT.jar:/home/user/.m2/repository/org/apache/hadoop/hadoop-minikdc/3.2.0/hadoop-minikdc-3.2.0.jar:/home/user/.m2/repository/commons-io/commons-io/2.5/commons-io-2.5.jar:/home/user/.m2/repository/org/apache/kerby/kerb-simplekdc/1.0.1/kerb-simplekdc-1.0.1.jar:/home/user/.m2/repository/org/apache/kerby/kerb-client/1.0.1/kerb-client-1.0.1.jar:/home/user/.m2/repository/org/apache/kerby/kerby-config/1.0.1/kerby-config-1.0.1.jar:/home/user/.m2/repository/org/apache/kerby/kerb-core/1.0.1/kerb-core-1.0.1.jar:/home/user/.m2/repository/org/apache/kerby/kerby-pkix/1.0.1/kerby-pkix-1.0.1.jar:/home/user/.m2/repository/org/apache/kerby/kerby-asn1/1.0.1/kerby-asn1-1.0.1.jar:/home/user/.m2/repository/org/apache/kerby/kerby-util/1.0.1/kerby-util-1.0.1.jar:/home/user/.m2/repository/org/apache/kerby/kerb-common/1.0.1/kerb-common-1.0.1.jar:/home/user/.m2/repository/org/apache/kerby/kerb-crypto/1.0.1/kerb-crypto-1.0.1.jar:/home/user/.m2/repository/org/apache/kerby/kerb-util/1.0.1/kerb-util-1.0.1.jar:/home/user/.m2/repository/org/apache/kerby/token-provider/1.0.1/token-provider-1.0.1.jar:/home/user/.m2/repository/org/apache/kerby/kerb-admin/1.0.1/kerb-admin-1.0.1.jar:/home/user/.m2/repository/org/apache/kerby/kerb-server/1.0.1/kerb-server-1.0.1.jar:/home/user/.m2/repository/org/apache/kerby/kerb-identity/1.0.1/kerb-identity-1.0.1.jar:/home/user/.m2/repository/org/apache/kerby/kerby-xdr/1.0.1/kerby-xdr-1.0.1.jar:/home/user/.m2/repository/org/slf4j/slf4j-log4j12/1.7.25/slf4j-log4j12-1.7.25.jar:/home/user/.m2/repository/org/apache/hadoop/hadoop-ozone-s3gateway/0.5.0-SNAPSHOT/hadoop-ozone-s3gateway-0.5.0-SNAPSHOT.jar:/home/user/.m2/repository/org/jboss/weld/servlet/weld-servlet/2.4.7.Final/weld-servlet-2.4.7.Final.jar:/home/user/.m2/repository/org/glassfish/jersey/containers/jersey-container-servlet-core/2.27/jersey-container-servlet-core-2.27.jar:/home/user/.m2/repository/org/glassfish/hk2/external/javax.inject/2.5.0-b42/javax.inject-2.5.0-b42.jar:/home/user/.m2/repository/org/glassfish/jersey/core/jersey-common/2.27/jersey-common-2.27.jar:/home/user/.m2/repository/org/glassfish/hk2/osgi-resource-locator/1.0.1/osgi-resource-locator-1.0.1.jar:/home/user/.m2/repository/javax/ws/rs/javax.ws.rs-api/2.1/javax.ws.rs-api-2.1.jar:/home/user/.m2/repository/org/glassfish/jersey/ext/cdi/jersey-cdi1x/2.27/jersey-cdi1x-2.27.jar:/home/user/.m2/repository/org/glassfish/jersey/inject/jersey-hk2/2.27/jersey-hk2-2.27.jar:/home/user/.m2/repository/org/glassfish/hk2/hk2-locator/2.5.0-b42/hk2-locator-2.5.0-b42.jar:/home/user/.m2/repository/org/javassist/javassist/3.22.0-CR2/javassist-3.22.0-CR2.jar:/home/user/.m2/repository/org/glassfish/hk2/hk2-api/2.5.0/hk2-api-2.5.0.jar:/home/user/.m2/repository/org/glassfish/hk2/external/jakarta.inject/2.5.0/jakarta.inject-2.5.0.jar:/home/user/.m2/repository/org/glassfish/hk2/hk2-utils/2.5.0/hk2-utils-2.5.0.jar:/home/user/.m2/repository/jakarta/annotation/jakarta.annotation-api/1.3.4/jakarta.annotation-api-1.3.4.jar:/home/user/.m2/repository/org/glassfish/hk2/external/aopalliance-repackaged/2.5.0/aopalliance-repackaged-2.5.0.jar:/home/user/.m2/repository/com/fasterxml/jackson/dataformat/jackson-dataformat-xml/2.9.0/jackson-dataformat-xml-2.9.0.jar:/home/user/.m2/repository/com/fasterxml/jackson/core/jackson-core/2.9.9/jackson-core-2.9.9.jar:/home/user/.m2/repository/com/fasterxml/jackson/module/jackson-module-jaxb-annotations/2.9.9/jackson-module-jaxb-annotations-2.9.9.jar:/home/user/.m2/repository/javax/enterprise/cdi-api/1.2/cdi-api-1.2.jar:/home/user/.m2/repository/javax/el/javax.el-api/3.0.0/javax.el-api-3.0.0.jar:/home/user/.m2/repository/javax/interceptor/javax.interceptor-api/1.2/javax.interceptor-api-1.2.jar:/home/user/.m2/repository/javax/inject/javax.inject/1/javax.inject-1.jar:/home/user/.m2/repository/com/sun/xml/bind/jaxb-impl/2.3.0.1/jaxb-impl-2.3.0.1.jar:/home/user/.m2/repository/com/sun/xml/bind/jaxb-core/2.3.0.1/jaxb-core-2.3.0.1.jar:/home/user/.m2/repository/javax/xml/bind/jaxb-api/2.3.0/jaxb-api-2.3.0.jar:/home/user/.m2/repository/javax/activation/activation/1.1.1/activation-1.1.1.jar:/home/user/.m2/repository/org/apache/hadoop/hadoop-ozone-csi/0.5.0-SNAPSHOT/hadoop-ozone-csi-0.5.0-SNAPSHOT.jar:/home/user/.m2/repository/com/google/protobuf/protobuf-java-util/3.5.1/protobuf-java-util-3.5.1.jar:/home/user/.m2/repository/org/apache/hadoop/hadoop-hdds-config/0.5.0-SNAPSHOT/hadoop-hdds-config-0.5.0-SNAPSHOT.jar:/home/user/.m2/repository/io/grpc/grpc-netty/1.17.1/grpc-netty-1.17.1.jar:/home/user/.m2/repository/io/grpc/grpc-core/1.17.1/grpc-core-1.17.1.jar:/home/user/.m2/repository/io/grpc/grpc-context/1.17.1/grpc-context-1.17.1.jar:/home/user/.m2/repository/com/google/errorprone/error_prone_annotations/2.2.0/error_prone_annotations-2.2.0.jar:/home/user/.m2/repository/org/codehaus/mojo/animal-sniffer-annotations/1.17/animal-sniffer-annotations-1.17.jar:/home/user/.m2/repository/io/opencensus/opencensus-api/0.17.0/opencensus-api-0.17.0.jar:/home/user/.m2/repository/io/opencensus/opencensus-contrib-grpc-metrics/0.17.0/opencensus-contrib-grpc-metrics-0.17.0.jar:/home/user/.m2/repository/io/netty/netty-codec-http2/4.1.30.Final/netty-codec-http2-4.1.30.Final.jar:/home/user/.m2/repository/io/netty/netty-codec-http/4.1.30.Final/netty-codec-http-4.1.30.Final.jar:/home/user/.m2/repository/io/netty/netty-codec/4.1.30.Final/netty-codec-4.1.30.Final.jar:/home/user/.m2/repository/io/netty/netty-handler/4.1.30.Final/netty-handler-4.1.30.Final.jar:/home/user/.m2/repository/io/netty/netty-handler-proxy/4.1.30.Final/netty-handler-proxy-4.1.30.Final.jar:/home/user/.m2/repository/io/netty/netty-codec-socks/4.1.30.Final/netty-codec-socks-4.1.30.Final.jar:/home/user/.m2/repository/io/netty/netty-transport-native-epoll/4.1.30.Final/netty-transport-native-epoll-4.1.30.Final.jar:/home/user/.m2/repository/io/netty/netty-common/4.1.30.Final/netty-common-4.1.30.Final.jar:/home/user/.m2/repository/io/netty/netty-buffer/4.1.30.Final/netty-buffer-4.1.30.Final.jar:/home/user/.m2/repository/io/netty/netty-transport/4.1.30.Final/netty-transport-4.1.30.Final.jar:/home/user/.m2/repository/io/netty/netty-resolver/4.1.30.Final/netty-resolver-4.1.30.Final.jar:/home/user/.m2/repository/io/netty/netty-transport-native-unix-common/4.1.30.Final/netty-transport-native-unix-common-4.1.30.Final.jar:/home/user/.m2/repository/io/grpc/grpc-protobuf/1.17.1/grpc-protobuf-1.17.1.jar:/home/user/.m2/repository/com/google/api/grpc/proto-google-common-protos/1.0.0/proto-google-common-protos-1.0.0.jar:/home/user/.m2/repository/io/grpc/grpc-protobuf-lite/1.17.1/grpc-protobuf-lite-1.17.1.jar:/home/user/.m2/repository/io/grpc/grpc-stub/1.17.1/grpc-stub-1.17.1.jar:/home/user/.m2/repository/org/apache/hadoop/hadoop-ozone-recon/0.5.0-SNAPSHOT/hadoop-ozone-recon-0.5.0-SNAPSHOT.jar:/home/user/.m2/repository/org/apache/hadoop/hadoop-ozone-reconcodegen/0.5.0-SNAPSHOT/hadoop-ozone-reconcodegen-0.5.0-SNAPSHOT.jar:/home/user/.m2/repository/com/google/inject/extensions/guice-multibindings/4.0/guice-multibindings-4.0.jar:/home/user/.m2/repository/com/google/inject/guice/4.0/guice-4.0.jar:/home/user/.m2/repository/aopalliance/aopalliance/1.0/aopalliance-1.0.jar:/home/user/.m2/repository/com/google/inject/extensions/guice-servlet/4.0/guice-servlet-4.0.jar:/home/user/.m2/repository/org/glassfish/jersey/containers/jersey-container-servlet/2.27/jersey-container-servlet-2.27.jar:/home/user/.m2/repository/org/glassfish/hk2/guice-bridge/2.5.0/guice-bridge-2.5.0.jar:/home/user/.m2/repository/org/glassfish/jersey/core/jersey-server/2.27/jersey-server-2.27.jar:/home/user/.m2/repository/org/glassfish/jersey/core/jersey-client/2.27/jersey-client-2.27.jar:/home/user/.m2/repository/org/glassfish/jersey/media/jersey-media-jaxb/2.27/jersey-media-jaxb-2.27.jar:/home/user/.m2/repository/javax/validation/validation-api/1.1.0.Final/validation-api-1.1.0.Final.jar:/home/user/.m2/repository/org/glassfish/jersey/media/jersey-media-json-jackson/2.27/jersey-media-json-jackson-2.27.jar:/home/user/.m2/repository/org/glassfish/jersey/ext/jersey-entity-filtering/2.27/jersey-entity-filtering-2.27.jar:/home/user/.m2/repository/com/google/inject/extensions/guice-assistedinject/4.0/guice-assistedinject-4.0.jar:/home/user/.m2/repository/org/jooq/jooq/3.11.10/jooq-3.11.10.jar:/home/user/.m2/repository/org/jooq/jooq-meta/3.11.10/jooq-meta-3.11.10.jar:/home/user/.m2/repository/org/jooq/jooq-codegen/3.11.10/jooq-codegen-3.11.10.jar:/home/user/.m2/repository/com/jolbox/bonecp/0.8.0.RELEASE/bonecp-0.8.0.RELEASE.jar:/home/user/.m2/repository/org/xerial/sqlite-jdbc/3.25.2/sqlite-jdbc-3.25.2.jar:/home/user/.m2/repository/org/springframework/spring-jdbc/5.1.3.RELEASE/spring-jdbc-5.1.3.RELEASE.jar:/home/user/.m2/repository/org/springframework/spring-beans/5.1.3.RELEASE/spring-beans-5.1.3.RELEASE.jar:/home/user/.m2/repository/org/springframework/spring-core/5.1.3.RELEASE/spring-core-5.1.3.RELEASE.jar:/home/user/.m2/repository/org/springframework/spring-jcl/5.1.3.RELEASE/spring-jcl-5.1.3.RELEASE.jar:/home/user/.m2/repository/org/springframework/spring-tx/5.1.3.RELEASE/spring-tx-5.1.3.RELEASE.jar:/home/user/.m2/repository/org/apache/hadoop/hadoop-ozone-client/0.5.0-SNAPSHOT/hadoop-ozone-client-0.5.0-SNAPSHOT.jar:/home/user/.m2/repository/commons-lang/commons-lang/2.6/commons-lang-2.6.jar:/home/user/.m2/repository/org/apache/hadoop/hadoop-ozone-ozone-manager/0.5.0-SNAPSHOT/hadoop-ozone-ozone-manager-0.5.0-SNAPSHOT-tests.jar:/home/user/.m2/repository/junit/junit/4.11/junit-4.11.jar:/home/user/.m2/repository/org/hamcrest/hamcrest-core/1.3/hamcrest-core-1.3.jar:/home/user/.m2/repository/org/openjdk/jmh/jmh-core/1.19/jmh-core-1.19.jar:/home/user/.m2/repository/net/sf/jopt-simple/jopt-simple/4.6/jopt-simple-4.6.jar:/home/user/.m2/repository/org/apache/commons/commons-math3/3.1.1/commons-math3-3.1.1.jar:/home/user/.m2/repository/org/openjdk/jmh/jmh-generator-annprocess/1.19/jmh-generator-annprocess-1.19.jar:/home/user/.m2/repository/org/mockito/mockito-all/1.8.5/mockito-all-1.8.5.jar:/home/user/.m2/repository/org/apache/hadoop/hadoop-kms/3.2.0/hadoop-kms-3.2.0.jar:/home/user/.m2/repository/org/apache/hadoop/hadoop-auth/3.2.0/hadoop-auth-3.2.0.jar:/home/user/.m2/repository/com/nimbusds/nimbus-jose-jwt/4.41.1/nimbus-jose-jwt-4.41.1.jar:/home/user/.m2/repository/com/github/stephenc/jcip/jcip-annotations/1.0-1/jcip-annotations-1.0-1.jar:/home/user/.m2/repository/net/minidev/json-smart/2.3/json-smart-2.3.jar:/home/user/.m2/repository/net/minidev/accessors-smart/1.2/accessors-smart-1.2.jar:/home/user/.m2/repository/org/ow2/asm/asm/5.0.4/asm-5.0.4.jar:/home/user/.m2/repository/org/apache/curator/curator-framework/2.12.0/curator-framework-2.12.0.jar:/home/user/.m2/repository/com/sun/jersey/jersey-core/1.19/jersey-core-1.19.jar:/home/user/.m2/repository/javax/ws/rs/jsr311-api/1.1.1/jsr311-api-1.1.1.jar:/home/user/.m2/repository/com/sun/jersey/jersey-server/1.19/jersey-server-1.19.jar:/home/user/.m2/repository/javax/servlet/javax.servlet-api/3.1.0/javax.servlet-api-3.1.0.jar:/home/user/.m2/repository/org/eclipse/jetty/jetty-server/9.3.25.v20180904/jetty-server-9.3.25.v20180904.jar:/home/user/.m2/repository/org/eclipse/jetty/jetty-http/9.3.25.v20180904/jetty-http-9.3.25.v20180904.jar:/home/user/.m2/repository/org/eclipse/jetty/jetty-io/9.3.25.v20180904/jetty-io-9.3.25.v20180904.jar:/home/user/.m2/repository/org/eclipse/jetty/jetty-webapp/9.3.25.v20180904/jetty-webapp-9.3.25.v20180904.jar:/home/user/.m2/repository/org/eclipse/jetty/jetty-xml/9.3.25.v20180904/jetty-xml-9.3.25.v20180904.jar:/home/user/.m2/repository/log4j/log4j/1.2.17/log4j-1.2.17.jar:/home/user/.m2/repository/org/slf4j/slf4j-api/1.7.25/slf4j-api-1.7.25.jar:/home/user/.m2/repository/org/slf4j/jul-to-slf4j/1.7.25/jul-to-slf4j-1.7.25.jar:/home/user/.m2/repository/org/eclipse/jetty/jetty-util/9.3.25.v20180904/jetty-util-9.3.25.v20180904.jar:/home/user/.m2/repository/com/fasterxml/jackson/core/jackson-databind/2.9.9/jackson-databind-2.9.9.jar:/home/user/.m2/repository/org/apache/hadoop/hadoop-kms/3.2.0/hadoop-kms-3.2.0-tests.jar:/home/user/.m2/repository/org/apache/hadoop/hadoop-hdds-server-scm/0.5.0-SNAPSHOT/hadoop-hdds-server-scm-0.5.0-SNAPSHOT-tests.jar:/home/user/.m2/repository/org/apache/hadoop/hadoop-hdds-container-service/0.5.0-SNAPSHOT/hadoop-hdds-container-service-0.5.0-SNAPSHOT-tests.jar:/home/user/.m2/repository/org/yaml/snakeyaml/1.16/snakeyaml-1.16.jar:/home/user/.m2/repository/org/apache/hadoop/hadoop-common/3.2.0/hadoop-common-3.2.0-tests.jar:/home/user/.m2/repository/org/apache/hadoop/hadoop-annotations/3.2.0/hadoop-annotations-3.2.0.jar:/usr/lib/jvm/java-1.8.0-openjdk-1.8.0.222.b10-1.el7_7.x86_64/jre/../lib/tools.jar:/home/user/.m2/repository/commons-cli/commons-cli/1.2/commons-cli-1.2.jar:/home/user/.m2/repository/org/apache/httpcomponents/httpclient/4.5.2/httpclient-4.5.2.jar:/home/user/.m2/repository/org/apache/httpcomponents/httpcore/4.4.4/httpcore-4.4.4.jar:/home/user/.m2/repository/commons-codec/commons-codec/1.11/commons-codec-1.11.jar:/home/user/.m2/repository/commons-net/commons-net/3.6/commons-net-3.6.jar:/home/user/.m2/repository/commons-collections/commons-collections/3.2.2/commons-collections-3.2.2.jar:/home/user/.m2/repository/org/eclipse/jetty/jetty-servlet/9.3.25.v20180904/jetty-servlet-9.3.25.v20180904.jar:/home/user/.m2/repository/org/eclipse/jetty/jetty-security/9.3.25.v20180904/jetty-security-9.3.25.v20180904.jar:/home/user/.m2/repository/javax/servlet/jsp/jsp-api/2.1/jsp-api-2.1.jar:/home/user/.m2/repository/com/sun/jersey/jersey-servlet/1.19/jersey-servlet-1.19.jar:/home/user/.m2/repository/com/sun/jersey/jersey-json/1.19/jersey-json-1.19.jar:/home/user/.m2/repository/org/codehaus/jettison/jettison/1.1/jettison-1.1.jar:/home/user/.m2/repository/org/codehaus/jackson/jackson-core-asl/1.9.13/jackson-core-asl-1.9.13.jar:/home/user/.m2/repository/org/codehaus/jackson/jackson-mapper-asl/1.9.13/jackson-mapper-asl-1.9.13.jar:/home/user/.m2/repository/org/codehaus/jackson/jackson-jaxrs/1.9.13/jackson-jaxrs-1.9.13.jar:/home/user/.m2/repository/org/codehaus/jackson/jackson-xc/1.9.13/jackson-xc-1.9.13.jar:/home/user/.m2/repository/commons-logging/commons-logging/1.1.3/commons-logging-1.1.3.jar:/home/user/.m2/repository/commons-beanutils/commons-beanutils/1.9.4/commons-beanutils-1.9.4.jar:/home/user/.m2/repository/org/apache/commons/commons-configuration2/2.1.1/commons-configuration2-2.1.1.jar:/home/user/.m2/repository/org/apache/commons/commons-lang3/3.7/commons-lang3-3.7.jar:/home/user/.m2/repository/org/apache/commons/commons-text/1.4/commons-text-1.4.jar:/home/user/.m2/repository/org/apache/avro/avro/1.7.7/avro-1.7.7.jar:/home/user/.m2/repository/com/thoughtworks/paranamer/paranamer/2.3/paranamer-2.3.jar:/home/user/.m2/repository/org/xerial/snappy/snappy-java/1.0.5/snappy-java-1.0.5.jar:/home/user/.m2/repository/com/google/re2j/re2j/1.1/re2j-1.1.jar:/home/user/.m2/repository/com/google/code/gson/gson/2.2.4/gson-2.2.4.jar:/home/user/.m2/repository/com/jcraft/jsch/0.1.54/jsch-0.1.54.jar:/home/user/.m2/repository/org/apache/curator/curator-client/2.12.0/curator-client-2.12.0.jar:/home/user/.m2/repository/org/apache/curator/curator-recipes/2.12.0/curator-recipes-2.12.0.jar:/home/user/.m2/repository/com/google/code/findbugs/jsr305/3.0.0/jsr305-3.0.0.jar:/home/user/.m2/repository/org/apache/htrace/htrace-core4/4.1.0-incubating/htrace-core4-4.1.0-incubating.jar:/home/user/.m2/repository/org/apache/zookeeper/zookeeper/3.4.13/zookeeper-3.4.13.jar:/home/user/.m2/repository/jline/jline/0.9.94/jline-0.9.94.jar:/home/user/.m2/repository/org/apache/yetus/audience-annotations/0.5.0/audience-annotations-0.5.0.jar:/home/user/.m2/repository/org/codehaus/woodstox/stax2-api/3.1.4/stax2-api-3.1.4.jar:/home/user/.m2/repository/com/fasterxml/woodstox/woodstox-core/5.0.3/woodstox-core-5.0.3.jar:/home/user/.m2/repository/dnsjava/dnsjava/2.1.7/dnsjava-2.1.7.jar:/home/user/.m2/repository/org/apache/hadoop/hadoop-hdfs/3.2.0/hadoop-hdfs-3.2.0-tests.jar:/home/user/.m2/repository/org/eclipse/jetty/jetty-util-ajax/9.3.25.v20180904/jetty-util-ajax-9.3.25.v20180904.jar:/home/user/.m2/repository/commons-daemon/commons-daemon/1.0.13/commons-daemon-1.0.13.jar:/home/user/.m2/repository/io/netty/netty/3.10.5.Final/netty-3.10.5.Final.jar:/home/user/.m2/repository/io/netty/netty-all/4.0.52.Final/netty-all-4.0.52.Final.jar:/home/user/.m2/repository/org/fusesource/leveldbjni/leveldbjni-all/1.8/leveldbjni-all-1.8.jar:"/>
    <property name="sun.cpu.endian" value="little"/>
    <property name="user.home" value="/home/user"/>
    <property name="user.language" value="en"/>
    <property name="java.specification.vendor" value="Oracle Corporation"/>
    <property name="java.home" value="/usr/lib/jvm/java-1.8.0-openjdk-1.8.0.222.b10-1.el7_7.x86_64/jre"/>
    <property name="surefire.excludesFile" value="/tools/ozone-bad-unit-tests"/>
    <property name="java.security.krb5.conf" value="/workdir/hadoop-ozone/integration-test/target/test-classes/krb5.conf"/>
    <property name="basedir" value="/workdir/hadoop-ozone/integration-test"/>
    <property name="file.separator" value="/"/>
    <property name="line.separator" value="&#10;"/>
    <property name="java.vm.specification.vendor" value="Oracle Corporation"/>
    <property name="java.specification.name" value="Java Platform API Specification"/>
    <property name="java.awt.graphicsenv" value="sun.awt.X11GraphicsEnvironment"/>
    <property name="surefire.real.class.path" value="/workdir/hadoop-ozone/integration-test/target/surefire/surefirebooter7842678398437487577.jar"/>
    <property name="hadoop.log.dir" value="/workdir/hadoop-ozone/integration-test/target/log"/>
    <property name="sun.boot.class.path" value="/usr/lib/jvm/java-1.8.0-openjdk-1.8.0.222.b10-1.el7_7.x86_64/jre/lib/resources.jar:/usr/lib/jvm/java-1.8.0-openjdk-1.8.0.222.b10-1.el7_7.x86_64/jre/lib/rt.jar:/usr/lib/jvm/java-1.8.0-openjdk-1.8.0.222.b10-1.el7_7.x86_64/jre/lib/sunrsasign.jar:/usr/lib/jvm/java-1.8.0-openjdk-1.8.0.222.b10-1.el7_7.x86_64/jre/lib/jsse.jar:/usr/lib/jvm/java-1.8.0-openjdk-1.8.0.222.b10-1.el7_7.x86_64/jre/lib/jce.jar:/usr/lib/jvm/java-1.8.0-openjdk-1.8.0.222.b10-1.el7_7.x86_64/jre/lib/charsets.jar:/usr/lib/jvm/java-1.8.0-openjdk-1.8.0.222.b10-1.el7_7.x86_64/jre/lib/jfr.jar:/usr/lib/jvm/java-1.8.0-openjdk-1.8.0.222.b10-1.el7_7.x86_64/jre/classes"/>
    <property name="sun.management.compiler" value="HotSpot 64-Bit Tiered Compilers"/>
    <property name="java.runtime.version" value="1.8.0_222-b10"/>
    <property name="java.net.preferIPv4Stack" value="true"/>
    <property name="user.name" value="jenkins1000"/>
    <property name="path.separator" value=":"/>
    <property name="java.security.egd" value="file:///dev/urandom"/>
    <property name="os.version" value="3.10.0-957.12.2.el7.x86_64"/>
    <property name="java.endorsed.dirs" value="/usr/lib/jvm/java-1.8.0-openjdk-1.8.0.222.b10-1.el7_7.x86_64/jre/lib/endorsed"/>
    <property name="java.runtime.name" value="OpenJDK Runtime Environment"/>
    <property name="file.encoding" value="ANSI_X3.4-1968"/>
    <property name="java.vm.name" value="OpenJDK 64-Bit Server VM"/>
    <property name="test.build.webapps" value=""/>
    <property name="localRepository" value="/home/user/.m2/repository"/>
    <property name="java.vendor.url.bug" value="http://bugreport.sun.com/bugreport/"/>
    <property name="java.io.tmpdir" value="/tmp"/>
    <property name="require.test.libhadoop" value=""/>
    <property name="java.version" value="1.8.0_222"/>
    <property name="user.dir" value="/workdir/hadoop-ozone/integration-test"/>
    <property name="os.arch" value="amd64"/>
    <property name="java.vm.specification.name" value="Java Virtual Machine Specification"/>
    <property name="test.build.classes" value="/workdir/hadoop-ozone/integration-test/target/test-classes"/>
    <property name="java.awt.printerjob" value="sun.print.PSPrinterJob"/>
    <property name="sun.os.patch.level" value="unknown"/>
    <property name="hadoop.tmp.dir" value="/workdir/hadoop-ozone/integration-test/target/tmp"/>
    <property name="java.library.path" value="/usr/lib:/workdir/hadoop-ozone/integration-test/target/native/target/usr/local/lib:/workdir/hadoop-ozone/integration-test/../../hadoop-common-project/hadoop-common/target/native/target/usr/local/lib:/usr/java/packages/lib/amd64:/usr/lib64:/lib64:/lib:/usr/lib"/>
    <property name="java.vm.info" value="mixed mode"/>
    <property name="java.vendor" value="Oracle Corporation"/>
    <property name="java.vm.version" value="25.222-b10"/>
    <property name="java.ext.dirs" value="/usr/lib/jvm/java-1.8.0-openjdk-1.8.0.222.b10-1.el7_7.x86_64/jre/lib/ext:/usr/java/packages/lib/ext"/>
    <property name="sun.io.unicode.encoding" value="UnicodeLittle"/>
    <property name="java.class.version" value="52.0"/>
  </properties>
  <testcase name="test" classname="org.apache.hadoop.ozone.scm.TestSCMContainerPlacementPolicyMetrics" time="81.64">
    <error message="test timed out after 60000 milliseconds" type="java.lang.Exception">java.lang.Exception: test timed out after 60000 milliseconds
	at java.lang.Thread.sleep(Native Method)
	at org.apache.hadoop.ozone.scm.TestSCMContainerPlacementPolicyMetrics.test(TestSCMContainerPlacementPolicyMetrics.java:134)
	at sun.reflect.NativeMethodAccessorImpl.invoke0(Native Method)
	at sun.reflect.NativeMethodAccessorImpl.invoke(NativeMethodAccessorImpl.java:62)
	at sun.reflect.DelegatingMethodAccessorImpl.invoke(DelegatingMethodAccessorImpl.java:43)
	at java.lang.reflect.Method.invoke(Method.java:498)
	at org.junit.runners.model.FrameworkMethod$1.runReflectiveCall(FrameworkMethod.java:47)
	at org.junit.internal.runners.model.ReflectiveCallable.run(ReflectiveCallable.java:12)
	at org.junit.runners.model.FrameworkMethod.invokeExplosively(FrameworkMethod.java:44)
	at org.junit.internal.runners.statements.InvokeMethod.evaluate(InvokeMethod.java:17)
	at org.junit.internal.runners.statements.FailOnTimeout$StatementThread.run(FailOnTimeout.java:74)
</error>
    <system-out><![CDATA[2019-11-08 23:42:28,880 [main] WARN  server.ServerUtils (ServerUtils.java:getScmDbDir(145)) - ozone.scm.db.dirs is not configured. We recommend adding this setting. Falling back to ozone.metadata.dirs instead.
2019-11-08 23:42:29,061 [main] WARN  server.ServerUtils (ServerUtils.java:getScmDbDir(145)) - ozone.scm.db.dirs is not configured. We recommend adding this setting. Falling back to ozone.metadata.dirs instead.
2019-11-08 23:42:29,065 [main] WARN  server.ServerUtils (ServerUtils.java:getScmDbDir(145)) - ozone.scm.db.dirs is not configured. We recommend adding this setting. Falling back to ozone.metadata.dirs instead.
2019-11-08 23:42:29,095 [main] INFO  util.log (Log.java:initialized(192)) - Logging initialized @1030ms
2019-11-08 23:42:29,200 [main] INFO  db.DBStoreBuilder (DBStoreBuilder.java:addTable(127)) - using custom profile for table: deletedBlocks
2019-11-08 23:42:29,200 [main] INFO  db.DBStoreBuilder (DBStoreBuilder.java:processTables(183)) - Using default column profile:DBProfile.DISK for Table:deletedBlocks
2019-11-08 23:42:29,201 [main] INFO  db.DBStoreBuilder (DBStoreBuilder.java:addTable(127)) - using custom profile for table: validCerts
2019-11-08 23:42:29,201 [main] INFO  db.DBStoreBuilder (DBStoreBuilder.java:processTables(183)) - Using default column profile:DBProfile.DISK for Table:validCerts
2019-11-08 23:42:29,201 [main] INFO  db.DBStoreBuilder (DBStoreBuilder.java:addTable(127)) - using custom profile for table: revokedCerts
2019-11-08 23:42:29,202 [main] INFO  db.DBStoreBuilder (DBStoreBuilder.java:processTables(183)) - Using default column profile:DBProfile.DISK for Table:revokedCerts
2019-11-08 23:42:29,217 [main] INFO  db.DBStoreBuilder (DBStoreBuilder.java:addTable(127)) - using custom profile for table: default
2019-11-08 23:42:29,218 [main] INFO  db.DBStoreBuilder (DBStoreBuilder.java:processTables(189)) - Using default column profile:DBProfile.DISK for Table:default
2019-11-08 23:42:29,219 [main] INFO  db.DBStoreBuilder (DBStoreBuilder.java:getDbProfile(220)) - Using default options. DBProfile.DISK
2019-11-08 23:42:29,521 [main] INFO  net.NodeSchemaLoader (NodeSchemaLoader.java:loadSchemaFromFile(125)) - Loading file from sun.misc.CompoundEnumeration@13c9d689
2019-11-08 23:42:29,522 [main] INFO  net.NodeSchemaLoader (NodeSchemaLoader.java:loadSchema(171)) - Loading network topology layer schema file
2019-11-08 23:42:29,579 [main] WARN  server.ServerUtils (ServerUtils.java:sanitizeUserArgs(70)) - ozone.scm.stale.node.interval value = 300000 is larger than max = 100000 based on the key value of ozone.scm.heartbeat.thread.interval, reset to the max value 100000.
2019-11-08 23:42:29,581 [main] WARN  server.ServerUtils (ServerUtils.java:sanitizeUserArgs(70)) - ozone.scm.stale.node.interval value = 300000 is larger than max = 100000 based on the key value of ozone.scm.heartbeat.thread.interval, reset to the max value 100000.
2019-11-08 23:42:29,583 [main] INFO  node.SCMNodeManager (SCMNodeManager.java:<init>(117)) - Entering startup safe mode.
2019-11-08 23:42:29,640 [main] INFO  Configuration.deprecation (Configuration.java:logDeprecation(1394)) - hadoop.configured.node.mapping is deprecated. Instead, use net.topology.configured.node.mapping
2019-11-08 23:42:29,644 [main] INFO  algorithms.ContainerPlacementPolicyFactory (ContainerPlacementPolicyFactory.java:getPolicy(57)) - Create container placement policy of type org.apache.hadoop.hdds.scm.container.placement.algorithms.SCMContainerPlacementRackAware
2019-11-08 23:42:29,657 [main] WARN  server.ServerUtils (ServerUtils.java:getScmDbDir(145)) - ozone.scm.db.dirs is not configured. We recommend adding this setting. Falling back to ozone.metadata.dirs instead.
2019-11-08 23:42:29,764 [main] INFO  pipeline.SCMPipelineManager (SCMPipelineManager.java:initializePipelineState(132)) - No pipeline exists in current db
2019-11-08 23:42:29,768 [main] WARN  server.ServerUtils (ServerUtils.java:getScmDbDir(145)) - ozone.scm.db.dirs is not configured. We recommend adding this setting. Falling back to ozone.metadata.dirs instead.
2019-11-08 23:42:29,930 [main] WARN  events.EventQueue (EventQueue.java:fireEvent(183)) - No event handler registered for event TypedEvent{payloadType=SafeModeStatus, name='SafeModeStatus'}
2019-11-08 23:42:30,291 [main] INFO  ipc.CallQueueManager (CallQueueManager.java:<init>(84)) - Using callQueue: class java.util.concurrent.LinkedBlockingQueue, queueCapacity: 2000, scheduler: class org.apache.hadoop.ipc.DefaultRpcScheduler, ipcBackoff: false.
2019-11-08 23:42:30,423 [Socket Reader #1 for port 40388] INFO  ipc.Server (Server.java:run(1074)) - Starting Socket Reader #1 for port 40388
2019-11-08 23:42:30,453 [main] INFO  ipc.CallQueueManager (CallQueueManager.java:<init>(84)) - Using callQueue: class java.util.concurrent.LinkedBlockingQueue, queueCapacity: 2000, scheduler: class org.apache.hadoop.ipc.DefaultRpcScheduler, ipcBackoff: false.
2019-11-08 23:42:30,454 [Socket Reader #1 for port 46172] INFO  ipc.Server (Server.java:run(1074)) - Starting Socket Reader #1 for port 46172
2019-11-08 23:42:30,463 [main] INFO  ipc.CallQueueManager (CallQueueManager.java:<init>(84)) - Using callQueue: class java.util.concurrent.LinkedBlockingQueue, queueCapacity: 2000, scheduler: class org.apache.hadoop.ipc.DefaultRpcScheduler, ipcBackoff: false.
2019-11-08 23:42:30,464 [Socket Reader #1 for port 34248] INFO  ipc.Server (Server.java:run(1074)) - Starting Socket Reader #1 for port 34248
2019-11-08 23:42:30,486 [main] INFO  hdfs.DFSUtil (DFSUtil.java:httpServerTemplateForNNAndJN(1641)) - Starting Web-server for scm at: http://0.0.0.0:0
2019-11-08 23:42:30,664 [main] INFO  server.AuthenticationFilter (AuthenticationFilter.java:constructSecretProvider(240)) - Unable to initialize FileSignerSecretProvider, falling back to use random secrets.
2019-11-08 23:42:30,677 [main] WARN  http.HttpRequestLog (HttpRequestLog.java:getRequestLog(97)) - Jetty request log can only be enabled using Log4j
2019-11-08 23:42:30,691 [main] INFO  http.HttpServer2 (HttpServer2.java:addGlobalFilter(975)) - Added global filter 'safety' (class=org.apache.hadoop.http.HttpServer2$QuotingInputFilter)
2019-11-08 23:42:30,696 [main] INFO  http.HttpServer2 (HttpServer2.java:addFilter(948)) - Added filter static_user_filter (class=org.apache.hadoop.http.lib.StaticUserWebFilter$StaticUserFilter) to context scm
2019-11-08 23:42:30,696 [main] INFO  http.HttpServer2 (HttpServer2.java:addFilter(958)) - Added filter static_user_filter (class=org.apache.hadoop.http.lib.StaticUserWebFilter$StaticUserFilter) to context static
2019-11-08 23:42:30,696 [main] INFO  http.HttpServer2 (HttpServer2.java:addFilter(958)) - Added filter static_user_filter (class=org.apache.hadoop.http.lib.StaticUserWebFilter$StaticUserFilter) to context logs
2019-11-08 23:42:30,747 [main] INFO  server.StorageContainerManager (StorageContainerManager.java:start(774)) - StorageContainerLocationProtocol RPC server is listening at /0.0.0.0:34248
2019-11-08 23:42:30,810 [main] WARN  impl.MetricsConfig (MetricsConfig.java:loadFirst(134)) - Cannot locate configuration: tried hadoop-metrics2-storagecontainermanager.properties,hadoop-metrics2.properties
2019-11-08 23:42:30,826 [main] INFO  impl.MetricsSystemImpl (MetricsSystemImpl.java:startTimer(374)) - Scheduled Metric snapshot period at 10 second(s).
2019-11-08 23:42:30,827 [main] INFO  impl.MetricsSystemImpl (MetricsSystemImpl.java:start(191)) - StorageContainerManager metrics system started
2019-11-08 23:42:31,073 [main] INFO  server.SCMClientProtocolServer (SCMClientProtocolServer.java:start(159)) - RPC server for Client  is listening at /0.0.0.0:34248
2019-11-08 23:42:31,073 [IPC Server Responder] INFO  ipc.Server (Server.java:run(1314)) - IPC Server Responder: starting
2019-11-08 23:42:31,074 [IPC Server listener on 34248] INFO  ipc.Server (Server.java:run(1153)) - IPC Server listener on 34248: starting
2019-11-08 23:42:31,076 [main] INFO  server.StorageContainerManager (StorageContainerManager.java:start(784)) - ScmBlockLocationProtocol RPC server is listening at /0.0.0.0:46172
2019-11-08 23:42:31,077 [main] INFO  server.SCMBlockProtocolServer (SCMBlockProtocolServer.java:start(146)) - RPC server for Block Protocol is listening at /0.0.0.0:46172
2019-11-08 23:42:31,077 [IPC Server Responder] INFO  ipc.Server (Server.java:run(1314)) - IPC Server Responder: starting
2019-11-08 23:42:31,077 [IPC Server listener on 46172] INFO  ipc.Server (Server.java:run(1153)) - IPC Server listener on 46172: starting
2019-11-08 23:42:31,079 [main] INFO  server.StorageContainerManager (StorageContainerManager.java:start(788)) - ScmDatanodeProtocl RPC server is listening at /0.0.0.0:40388
2019-11-08 23:42:31,080 [main] INFO  server.SCMDatanodeProtocolServer (SCMDatanodeProtocolServer.java:start(169)) - RPC server for DataNodes is listening at /0.0.0.0:40388
2019-11-08 23:42:31,080 [IPC Server Responder] INFO  ipc.Server (Server.java:run(1314)) - IPC Server Responder: starting
2019-11-08 23:42:31,080 [IPC Server listener on 40388] INFO  ipc.Server (Server.java:run(1153)) - IPC Server listener on 40388: starting
2019-11-08 23:42:31,083 [main] INFO  http.HttpServer2 (HttpServer2.java:bindListener(1191)) - Jetty bound to port 42941
2019-11-08 23:42:31,085 [main] INFO  server.Server (Server.java:doStart(351)) - jetty-9.3.25.v20180904, build timestamp: 2018-09-04T21:11:46Z, git hash: 3ce520221d0240229c862b122d2b06c12a625732
2019-11-08 23:42:31,120 [main] INFO  handler.ContextHandler (ContextHandler.java:doStart(781)) - Started o.e.j.s.ServletContextHandler@53f0a4cb{/logs,file:///workdir/hadoop-ozone/integration-test/target/log,AVAILABLE}
2019-11-08 23:42:31,120 [main] INFO  handler.ContextHandler (ContextHandler.java:doStart(781)) - Started o.e.j.s.ServletContextHandler@3d97a632{/static,file:///workdir/hadoop-ozone/integration-test/target/test-classes/webapps/static,AVAILABLE}
2019-11-08 23:42:31,159 [main] INFO  handler.ContextHandler (ContextHandler.java:doStart(781)) - Started o.e.j.w.WebAppContext@1b9ea3e3{/,file:///workdir/hadoop-ozone/integration-test/target/test-classes/webapps/scm/,AVAILABLE}{/scm}
2019-11-08 23:42:31,166 [main] INFO  server.AbstractConnector (AbstractConnector.java:doStart(278)) - Started ServerConnector@5910de75{HTTP/1.1,[http/1.1]}{0.0.0.0:42941}
2019-11-08 23:42:31,167 [main] INFO  server.Server (Server.java:doStart(419)) - Started @3102ms
2019-11-08 23:42:31,170 [main] INFO  impl.MetricsSinkAdapter (MetricsSinkAdapter.java:start(204)) - Sink prometheus started
2019-11-08 23:42:31,170 [main] INFO  impl.MetricsSystemImpl (MetricsSystemImpl.java:registerSink(301)) - Registered sink prometheus
2019-11-08 23:42:31,172 [main] INFO  server.BaseHttpServer (BaseHttpServer.java:updateConnectorAddress(215)) - HTTP server of SCM is listening at http://0.0.0.0:42941
2019-11-08 23:42:31,180 [org.apache.hadoop.util.JvmPauseMonitor$Monitor@63f34b70] INFO  util.JvmPauseMonitor (JvmPauseMonitor.java:run(188)) - Starting JVM pause monitor
2019-11-08 23:42:31,185 [main] WARN  server.ServerUtils (ServerUtils.java:getDBPath(222)) - ozone.om.db.dirs is not configured. We recommend adding this setting. Falling back to ozone.metadata.dirs instead.
2019-11-08 23:42:31,311 [main] INFO  ha.OMHANodeDetails (OMHANodeDetails.java:loadOMHAConfig(190)) - Configuration either no ozone.om.address set. Falling back to the default OM address /127.0.0.1:0
2019-11-08 23:42:31,311 [main] INFO  ha.OMHANodeDetails (OMHANodeDetails.java:getOMNodeDetails(220)) - OM Service ID is not set. Setting it to the default ID: omServiceIdDefault
2019-11-08 23:42:31,313 [main] WARN  server.ServerUtils (ServerUtils.java:getDBPath(222)) - ozone.om.db.dirs is not configured. We recommend adding this setting. Falling back to ozone.metadata.dirs instead.
2019-11-08 23:42:31,314 [main] WARN  server.ServerUtils (ServerUtils.java:getDBPath(222)) - ozone.om.db.dirs is not configured. We recommend adding this setting. Falling back to ozone.metadata.dirs instead.
2019-11-08 23:42:31,926 [main] WARN  server.ServerUtils (ServerUtils.java:getDBPath(222)) - ozone.om.db.dirs is not configured. We recommend adding this setting. Falling back to ozone.metadata.dirs instead.
2019-11-08 23:42:31,937 [main] INFO  db.DBStoreBuilder (DBStoreBuilder.java:addTable(127)) - using custom profile for table: userTable
2019-11-08 23:42:31,937 [main] INFO  db.DBStoreBuilder (DBStoreBuilder.java:processTables(183)) - Using default column profile:DBProfile.DISK for Table:userTable
2019-11-08 23:42:31,938 [main] INFO  db.DBStoreBuilder (DBStoreBuilder.java:addTable(127)) - using custom profile for table: volumeTable
2019-11-08 23:42:31,938 [main] INFO  db.DBStoreBuilder (DBStoreBuilder.java:processTables(183)) - Using default column profile:DBProfile.DISK for Table:volumeTable
2019-11-08 23:42:31,938 [main] INFO  db.DBStoreBuilder (DBStoreBuilder.java:addTable(127)) - using custom profile for table: bucketTable
2019-11-08 23:42:31,939 [main] INFO  db.DBStoreBuilder (DBStoreBuilder.java:processTables(183)) - Using default column profile:DBProfile.DISK for Table:bucketTable
2019-11-08 23:42:31,939 [main] INFO  db.DBStoreBuilder (DBStoreBuilder.java:addTable(127)) - using custom profile for table: keyTable
2019-11-08 23:42:31,939 [main] INFO  db.DBStoreBuilder (DBStoreBuilder.java:processTables(183)) - Using default column profile:DBProfile.DISK for Table:keyTable
2019-11-08 23:42:31,940 [main] INFO  db.DBStoreBuilder (DBStoreBuilder.java:addTable(127)) - using custom profile for table: deletedTable
2019-11-08 23:42:31,940 [main] INFO  db.DBStoreBuilder (DBStoreBuilder.java:processTables(183)) - Using default column profile:DBProfile.DISK for Table:deletedTable
2019-11-08 23:42:31,941 [main] INFO  db.DBStoreBuilder (DBStoreBuilder.java:addTable(127)) - using custom profile for table: openKeyTable
2019-11-08 23:42:31,941 [main] INFO  db.DBStoreBuilder (DBStoreBuilder.java:processTables(183)) - Using default column profile:DBProfile.DISK for Table:openKeyTable
2019-11-08 23:42:31,941 [main] INFO  db.DBStoreBuilder (DBStoreBuilder.java:addTable(127)) - using custom profile for table: s3Table
2019-11-08 23:42:31,942 [main] INFO  db.DBStoreBuilder (DBStoreBuilder.java:processTables(183)) - Using default column profile:DBProfile.DISK for Table:s3Table
2019-11-08 23:42:31,942 [main] INFO  db.DBStoreBuilder (DBStoreBuilder.java:addTable(127)) - using custom profile for table: multipartInfoTable
2019-11-08 23:42:31,942 [main] INFO  db.DBStoreBuilder (DBStoreBuilder.java:processTables(183)) - Using default column profile:DBProfile.DISK for Table:multipartInfoTable
2019-11-08 23:42:31,943 [main] INFO  db.DBStoreBuilder (DBStoreBuilder.java:addTable(127)) - using custom profile for table: dTokenTable
2019-11-08 23:42:31,943 [main] INFO  db.DBStoreBuilder (DBStoreBuilder.java:processTables(183)) - Using default column profile:DBProfile.DISK for Table:dTokenTable
2019-11-08 23:42:31,944 [main] INFO  db.DBStoreBuilder (DBStoreBuilder.java:addTable(127)) - using custom profile for table: s3SecretTable
2019-11-08 23:42:31,944 [main] INFO  db.DBStoreBuilder (DBStoreBuilder.java:processTables(183)) - Using default column profile:DBProfile.DISK for Table:s3SecretTable
2019-11-08 23:42:31,944 [main] INFO  db.DBStoreBuilder (DBStoreBuilder.java:addTable(127)) - using custom profile for table: prefixTable
2019-11-08 23:42:31,945 [main] INFO  db.DBStoreBuilder (DBStoreBuilder.java:processTables(183)) - Using default column profile:DBProfile.DISK for Table:prefixTable
2019-11-08 23:42:31,945 [main] INFO  db.DBStoreBuilder (DBStoreBuilder.java:addTable(127)) - using custom profile for table: default
2019-11-08 23:42:31,945 [main] INFO  db.DBStoreBuilder (DBStoreBuilder.java:processTables(189)) - Using default column profile:DBProfile.DISK for Table:default
2019-11-08 23:42:31,946 [main] INFO  db.DBStoreBuilder (DBStoreBuilder.java:getDbProfile(220)) - Using default options. DBProfile.DISK
2019-11-08 23:42:32,416 [main] WARN  scm.HddsServerUtil (HddsServerUtil.java:getDefaultRatisDirectory(354)) - Storage directory for Ratis is not configured. It is a good idea to map this to an SSD disk. Falling back to ozone.metadata.dirs
2019-11-08 23:42:32,440 [main] INFO  ratis.OzoneManagerRatisServer (OzoneManagerRatisServer.java:<init>(243)) - Instantiating OM Ratis server with GroupID: omServiceIdDefault and Raft Peers: localhost:9872
2019-11-08 23:42:32,570 [main] INFO  impl.RaftServerProxy (ConfUtils.java:logGet(43)) - raft.rpc.type = GRPC (default)
2019-11-08 23:42:32,629 [main] INFO  grpc.GrpcFactory (GrpcFactory.java:checkPooledByteBufAllocatorUseCacheForAllThreads(45)) - PERFORMANCE WARNING: useCacheForAllThreads is true that may cause Netty to create a lot garbage objects and, as a result, trigger GC.
	It is recommended to disable useCacheForAllThreads by setting -Dorg.apache.ratis.thirdparty.io.netty.allocator.useCacheForAllThreads=false in command line.
2019-11-08 23:42:32,634 [main] INFO  grpc.GrpcConfigKeys$Server (ConfUtils.java:logGet(43)) - raft.grpc.server.port = 9872 (custom)
2019-11-08 23:42:32,635 [main] INFO  server.GrpcService (ConfUtils.java:logGet(43)) - raft.grpc.message.size.max = 33554432 (custom)
2019-11-08 23:42:32,637 [main] INFO  server.RaftServerConfigKeys (ConfUtils.java:logGet(43)) - raft.server.log.appender.buffer.byte-limit = 33554432 (custom)
2019-11-08 23:42:32,637 [main] INFO  server.GrpcService (ConfUtils.java:logGet(43)) - raft.grpc.flow.control.window = 1MB (=1048576) (default)
2019-11-08 23:42:32,638 [main] INFO  server.RaftServerConfigKeys (ConfUtils.java:logGet(43)) - raft.server.rpc.request.timeout = 3000ms (default)
2019-11-08 23:42:32,786 [main] INFO  server.RaftServerConfigKeys (ConfUtils.java:logGet(43)) - raft.server.storage.dir = [/workdir/hadoop-ozone/integration-test/target/test-dir/MiniOzoneClusterImpl-7b65c80e-3cfa-488f-8d29-1931258b4af6/ozone-meta/ratis] (custom)
2019-11-08 23:42:32,792 [main] INFO  impl.RaftServerProxy (RaftServerProxy.java:addNew(89)) - 51aaa3b2-f311-4fbd-b16b-6a5b49bd3b10: addNew group-C5BA1605619E:[51aaa3b2-f311-4fbd-b16b-6a5b49bd3b10:localhost:9872] returns group-C5BA1605619E:java.util.concurrent.CompletableFuture@c6da8bb[Not completed]
2019-11-08 23:42:32,794 [main] INFO  om.OzoneManager (OzoneManager.java:initializeRatisServer(1222)) - OzoneManager Ratis server initialized at port 9872
2019-11-08 23:42:32,796 [main] WARN  scm.HddsServerUtil (HddsServerUtil.java:getDefaultRatisDirectory(354)) - Storage directory for Ratis is not configured. It is a good idea to map this to an SSD disk. Falling back to ozone.metadata.dirs
2019-11-08 23:42:32,797 [main] WARN  scm.HddsServerUtil (HddsServerUtil.java:getDefaultRatisDirectory(354)) - Storage directory for Ratis is not configured. It is a good idea to map this to an SSD disk. Falling back to ozone.metadata.dirs
2019-11-08 23:42:32,807 [pool-23-thread-1] INFO  impl.RaftServerImpl (RaftServerImpl.java:<init>(98)) - 51aaa3b2-f311-4fbd-b16b-6a5b49bd3b10: new RaftServerImpl for group-C5BA1605619E:[51aaa3b2-f311-4fbd-b16b-6a5b49bd3b10:localhost:9872] with OzoneManagerStateMachine:uninitialized
2019-11-08 23:42:32,809 [pool-23-thread-1] INFO  server.RaftServerConfigKeys (ConfUtils.java:logGet(43)) - raft.server.rpc.timeout.min = 1s (custom)
2019-11-08 23:42:32,810 [pool-23-thread-1] INFO  server.RaftServerConfigKeys (ConfUtils.java:logGet(43)) - raft.server.rpc.timeout.max = 1200ms (custom)
2019-11-08 23:42:32,811 [pool-23-thread-1] INFO  server.RaftServerConfigKeys (ConfUtils.java:logGet(43)) - raft.server.rpcslowness.timeout = 120s (custom)
2019-11-08 23:42:32,812 [main] INFO  ipc.CallQueueManager (CallQueueManager.java:<init>(84)) - Using callQueue: class java.util.concurrent.LinkedBlockingQueue, queueCapacity: 2000, scheduler: class org.apache.hadoop.ipc.DefaultRpcScheduler, ipcBackoff: false.
2019-11-08 23:42:32,812 [pool-23-thread-1] INFO  server.RaftServerConfigKeys (ConfUtils.java:logGet(43)) - raft.server.sleep.deviation.threshold = 300 (default)
2019-11-08 23:42:32,812 [Socket Reader #1 for port 37222] INFO  ipc.Server (Server.java:run(1074)) - Starting Socket Reader #1 for port 37222
2019-11-08 23:42:32,814 [pool-23-thread-1] INFO  server.RaftServerConfigKeys (ConfUtils.java:logGet(43)) - raft.server.log.appender.install.snapshot.enabled = false (custom)
2019-11-08 23:42:32,823 [pool-23-thread-1] INFO  impl.RaftServerImpl (ServerState.java:<init>(103)) - 51aaa3b2-f311-4fbd-b16b-6a5b49bd3b10@group-C5BA1605619E: ConfigurationManager, init=-1: [51aaa3b2-f311-4fbd-b16b-6a5b49bd3b10:localhost:9872], old=null, confs=<EMPTY_MAP>
2019-11-08 23:42:32,823 [pool-23-thread-1] INFO  server.RaftServerConfigKeys (ConfUtils.java:logGet(43)) - raft.server.storage.dir = [/workdir/hadoop-ozone/integration-test/target/test-dir/MiniOzoneClusterImpl-7b65c80e-3cfa-488f-8d29-1931258b4af6/ozone-meta/ratis] (custom)
2019-11-08 23:42:32,833 [main] INFO  om.OzoneManager (OzoneManager.java:start(1076)) - OzoneManager RPC server is listening at localhost/127.0.0.1:37222
2019-11-08 23:42:32,833 [main] INFO  impl.MetricsSystemImpl (MetricsSystemImpl.java:init(158)) - OzoneManager metrics system started (again)
2019-11-08 23:42:32,833 [main] INFO  ratis.OzoneManagerRatisServer (OzoneManagerRatisServer.java:start(333)) - Starting OzoneManagerRatisServer 51aaa3b2-f311-4fbd-b16b-6a5b49bd3b10 at port 9872
2019-11-08 23:42:32,834 [pool-23-thread-1] INFO  server.RaftServerConfigKeys (ConfUtils.java:logGet(43)) - raft.server.log.corruption.policy = EXCEPTION (default)
2019-11-08 23:42:32,836 [pool-23-thread-1] INFO  storage.RaftStorageDirectory (RaftStorageDirectory.java:analyzeStorage(246)) - The storage directory /workdir/hadoop-ozone/integration-test/target/test-dir/MiniOzoneClusterImpl-7b65c80e-3cfa-488f-8d29-1931258b4af6/ozone-meta/ratis/bf265839-605b-3f16-9796-c5ba1605619e does not exist. Creating ...
2019-11-08 23:42:32,865 [pool-23-thread-1] INFO  storage.RaftStorageDirectory (RaftStorageDirectory.java:tryLock(328)) - Lock on /workdir/hadoop-ozone/integration-test/target/test-dir/MiniOzoneClusterImpl-7b65c80e-3cfa-488f-8d29-1931258b4af6/ozone-meta/ratis/bf265839-605b-3f16-9796-c5ba1605619e/in_use.lock acquired by nodename 15468@pr-hdds-2446-container-replica-5tbsq-2341601417
2019-11-08 23:42:32,891 [pool-23-thread-1] INFO  storage.RaftStorage (RaftStorage.java:format(84)) - Storage directory /workdir/hadoop-ozone/integration-test/target/test-dir/MiniOzoneClusterImpl-7b65c80e-3cfa-488f-8d29-1931258b4af6/ozone-meta/ratis/bf265839-605b-3f16-9796-c5ba1605619e has been successfully formatted.
2019-11-08 23:42:32,897 [pool-23-thread-1] INFO  server.RaftServerConfigKeys (ConfUtils.java:logGet(43)) - raft.server.notification.no-leader.timeout = 120s (custom)
2019-11-08 23:42:32,900 [pool-23-thread-1] INFO  server.RaftServerConfigKeys (ConfUtils.java:logGet(43)) - raft.server.log.use.memory = false (default)
2019-11-08 23:42:32,904 [pool-23-thread-1] INFO  server.RaftServerConfigKeys (ConfUtils.java:logGet(43)) - raft.server.log.purge.gap = 1000000 (custom)
2019-11-08 23:42:32,905 [pool-23-thread-1] INFO  server.RaftServerConfigKeys (ConfUtils.java:logGet(43)) - raft.server.log.appender.buffer.byte-limit = 33554432 (custom)
2019-11-08 23:42:32,906 [pool-23-thread-1] INFO  server.RaftServerConfigKeys (ConfUtils.java:logGet(43)) - raft.server.log.segment.size.max = 16384 (custom)
2019-11-08 23:42:32,910 [pool-23-thread-1] INFO  metrics.MetricRegistries (MetricRegistriesLoader.java:load(64)) - Loaded MetricRegistries class org.apache.ratis.metrics.impl.MetricRegistriesImpl
2019-11-08 23:42:32,914 [pool-23-thread-1] WARN  impl.MetricRegistriesImpl (MetricRegistriesImpl.java:lambda$create$1(61)) - First MetricRegistry has been created without registering reporters. You may need to call MetricRegistries.global().addReportRegistration(...) before.
2019-11-08 23:42:32,919 [pool-23-thread-1] INFO  server.RaftServerConfigKeys (ConfUtils.java:logGet(43)) - raft.server.log.segment.cache.num.max = 2 (custom)
2019-11-08 23:42:32,923 [pool-23-thread-1] INFO  segmented.SegmentedRaftLogWorker (SegmentedRaftLogWorker.java:<init>(173)) - new 51aaa3b2-f311-4fbd-b16b-6a5b49bd3b10@group-C5BA1605619E-SegmentedRaftLogWorker for RaftStorage:Storage Directory /workdir/hadoop-ozone/integration-test/target/test-dir/MiniOzoneClusterImpl-7b65c80e-3cfa-488f-8d29-1931258b4af6/ozone-meta/ratis/bf265839-605b-3f16-9796-c5ba1605619e
2019-11-08 23:42:32,924 [pool-23-thread-1] INFO  server.RaftServerConfigKeys (ConfUtils.java:logGet(43)) - raft.server.log.queue.byte-limit = 64MB (=67108864) (default)
2019-11-08 23:42:32,924 [pool-23-thread-1] INFO  server.RaftServerConfigKeys (ConfUtils.java:logGet(43)) - raft.server.log.queue.element-limit = 4096 (default)
2019-11-08 23:42:32,925 [pool-23-thread-1] INFO  server.RaftServerConfigKeys (ConfUtils.java:logGet(43)) - raft.server.log.segment.size.max = 16384 (custom)
2019-11-08 23:42:32,926 [pool-23-thread-1] INFO  server.RaftServerConfigKeys (ConfUtils.java:logGet(43)) - raft.server.log.preallocated.size = 16384 (custom)
2019-11-08 23:42:32,926 [pool-23-thread-1] INFO  server.RaftServerConfigKeys (ConfUtils.java:logGet(43)) - raft.server.log.write.buffer.size = 64KB (=65536) (default)
2019-11-08 23:42:32,927 [pool-23-thread-1] INFO  server.RaftServerConfigKeys (ConfUtils.java:logGet(43)) - raft.server.log.force.sync.num = 128 (default)
2019-11-08 23:42:32,928 [pool-23-thread-1] INFO  server.RaftServerConfigKeys (ConfUtils.java:logGet(43)) - raft.server.log.statemachine.data.sync = true (default)
2019-11-08 23:42:32,928 [pool-23-thread-1] INFO  server.RaftServerConfigKeys (ConfUtils.java:logGet(43)) - raft.server.log.statemachine.data.sync.timeout = 10s (default)
2019-11-08 23:42:32,929 [pool-23-thread-1] INFO  server.RaftServerConfigKeys (ConfUtils.java:logGet(43)) - raft.server.log.statemachine.data.sync.timeout.retry = -1 (default)
2019-11-08 23:42:32,938 [pool-23-thread-1] INFO  server.RaftServerConfigKeys (ConfUtils.java:logGet(43)) - raft.server.log.statemachine.data.caching.enabled = false (default)
2019-11-08 23:42:32,942 [pool-23-thread-1] INFO  segmented.SegmentedRaftLogWorker (SegmentedRaftLogWorker.java:lambda$new$0(128)) - 51aaa3b2-f311-4fbd-b16b-6a5b49bd3b10@group-C5BA1605619E-SegmentedRaftLogWorker: flushIndex: setUnconditionally 0 -> -1
2019-11-08 23:42:32,949 [pool-23-thread-1] INFO  server.RaftServerConfigKeys (ConfUtils.java:logGet(43)) - raft.server.snapshot.auto.trigger.enabled = true (custom)
2019-11-08 23:42:32,950 [pool-23-thread-1] INFO  server.RaftServerConfigKeys (ConfUtils.java:logGet(43)) - raft.server.snapshot.auto.trigger.threshold = 400000 (default)
2019-11-08 23:42:32,950 [pool-23-thread-1] INFO  server.RaftServerConfigKeys (ConfUtils.java:logGet(43)) - raft.server.snapshot.retention.file.num = -1 (default)
2019-11-08 23:42:32,951 [pool-23-thread-1] INFO  server.RaftServerConfigKeys (ConfUtils.java:logGet(43)) - raft.server.retrycache.expirytime = 600000ms (custom)
2019-11-08 23:42:32,968 [pool-23-thread-1] WARN  impl.MetricRegistriesImpl (MetricRegistriesImpl.java:lambda$create$1(61)) - First MetricRegistry has been created without registering reporters. You may need to call MetricRegistries.global().addReportRegistration(...) before.
2019-11-08 23:42:32,970 [pool-23-thread-1] WARN  impl.MetricRegistriesImpl (MetricRegistriesImpl.java:lambda$create$1(61)) - First MetricRegistry has been created without registering reporters. You may need to call MetricRegistries.global().addReportRegistration(...) before.
2019-11-08 23:42:32,972 [main] INFO  impl.RaftServerImpl (RaftServerImpl.java:start(184)) - 51aaa3b2-f311-4fbd-b16b-6a5b49bd3b10@group-C5BA1605619E: start as a follower, conf=-1: [51aaa3b2-f311-4fbd-b16b-6a5b49bd3b10:localhost:9872], old=null
2019-11-08 23:42:32,975 [main] INFO  impl.RaftServerImpl (RaftServerImpl.java:setRole(173)) - 51aaa3b2-f311-4fbd-b16b-6a5b49bd3b10@group-C5BA1605619E: changes role from      null to FOLLOWER at term 0 for startAsFollower
2019-11-08 23:42:32,977 [main] INFO  impl.RoleInfo (RoleInfo.java:updateAndGet(143)) - 51aaa3b2-f311-4fbd-b16b-6a5b49bd3b10: start FollowerState
2019-11-08 23:42:32,981 [main] INFO  util.JmxRegister (JmxRegister.java:tryRegister(44)) - Successfully registered JMX Bean with object name Ratis:service=RaftServer,group=group-C5BA1605619E,id=51aaa3b2-f311-4fbd-b16b-6a5b49bd3b10
2019-11-08 23:42:32,984 [main] WARN  impl.MetricRegistriesImpl (MetricRegistriesImpl.java:lambda$create$1(61)) - First MetricRegistry has been created without registering reporters. You may need to call MetricRegistries.global().addReportRegistration(...) before.
2019-11-08 23:42:32,987 [main] INFO  impl.RaftServerProxy (RaftServerProxy.java:lambda$start$3(299)) - 51aaa3b2-f311-4fbd-b16b-6a5b49bd3b10: start RPC server
2019-11-08 23:42:33,105 [main] INFO  server.GrpcService (GrpcService.java:startImpl(158)) - 51aaa3b2-f311-4fbd-b16b-6a5b49bd3b10: GrpcService started, listening on 0.0.0.0/0.0.0.0:9872
2019-11-08 23:42:33,117 [IPC Server Responder] INFO  ipc.Server (Server.java:run(1314)) - IPC Server Responder: starting
2019-11-08 23:42:33,118 [IPC Server listener on 37222] INFO  ipc.Server (Server.java:run(1153)) - IPC Server listener on 37222: starting
2019-11-08 23:42:33,127 [main] INFO  hdfs.DFSUtil (DFSUtil.java:httpServerTemplateForNNAndJN(1641)) - Starting Web-server for ozoneManager at: http://0.0.0.0:0
2019-11-08 23:42:33,133 [main] INFO  server.AuthenticationFilter (AuthenticationFilter.java:constructSecretProvider(240)) - Unable to initialize FileSignerSecretProvider, falling back to use random secrets.
2019-11-08 23:42:33,134 [main] WARN  http.HttpRequestLog (HttpRequestLog.java:getRequestLog(97)) - Jetty request log can only be enabled using Log4j
2019-11-08 23:42:33,137 [main] INFO  http.HttpServer2 (HttpServer2.java:addGlobalFilter(975)) - Added global filter 'safety' (class=org.apache.hadoop.http.HttpServer2$QuotingInputFilter)
2019-11-08 23:42:33,139 [main] INFO  http.HttpServer2 (HttpServer2.java:addFilter(948)) - Added filter static_user_filter (class=org.apache.hadoop.http.lib.StaticUserWebFilter$StaticUserFilter) to context ozoneManager
2019-11-08 23:42:33,139 [main] INFO  http.HttpServer2 (HttpServer2.java:addFilter(958)) - Added filter static_user_filter (class=org.apache.hadoop.http.lib.StaticUserWebFilter$StaticUserFilter) to context logs
2019-11-08 23:42:33,139 [main] INFO  http.HttpServer2 (HttpServer2.java:addFilter(958)) - Added filter static_user_filter (class=org.apache.hadoop.http.lib.StaticUserWebFilter$StaticUserFilter) to context static
2019-11-08 23:42:33,143 [main] INFO  http.HttpServer2 (HttpServer2.java:bindListener(1191)) - Jetty bound to port 42578
2019-11-08 23:42:33,143 [main] INFO  server.Server (Server.java:doStart(351)) - jetty-9.3.25.v20180904, build timestamp: 2018-09-04T21:11:46Z, git hash: 3ce520221d0240229c862b122d2b06c12a625732
2019-11-08 23:42:33,146 [main] INFO  handler.ContextHandler (ContextHandler.java:doStart(781)) - Started o.e.j.s.ServletContextHandler@ef1695a{/logs,file:///workdir/hadoop-ozone/integration-test/target/log,AVAILABLE}
2019-11-08 23:42:33,147 [main] INFO  handler.ContextHandler (ContextHandler.java:doStart(781)) - Started o.e.j.s.ServletContextHandler@81b5db0{/static,file:///workdir/hadoop-ozone/integration-test/target/test-classes/webapps/static,AVAILABLE}
2019-11-08 23:42:33,155 [main] INFO  handler.ContextHandler (ContextHandler.java:doStart(781)) - Started o.e.j.w.WebAppContext@6d303498{/,file:///workdir/hadoop-ozone/integration-test/target/test-classes/webapps/ozoneManager/,AVAILABLE}{/ozoneManager}
2019-11-08 23:42:33,156 [main] INFO  server.AbstractConnector (AbstractConnector.java:doStart(278)) - Started ServerConnector@6ba7383d{HTTP/1.1,[http/1.1]}{0.0.0.0:42578}
2019-11-08 23:42:33,162 [main] INFO  server.Server (Server.java:doStart(419)) - Started @5097ms
2019-11-08 23:42:33,162 [main] WARN  impl.MetricsSystemImpl (MetricsSystemImpl.java:register(276)) - Sink prometheus already exists!
2019-11-08 23:42:33,164 [main] INFO  server.BaseHttpServer (BaseHttpServer.java:updateConnectorAddress(215)) - HTTP server of OZONEMANAGER is listening at http://0.0.0.0:42578
2019-11-08 23:42:33,299 [main] INFO  impl.MetricsSystemImpl (MetricsSystemImpl.java:init(158)) - HddsDatanode metrics system started (again)
2019-11-08 23:42:33,341 [main] INFO  ozone.HddsDatanodeService (HddsDatanodeService.java:start(186)) - HddsDatanodeService host:pr-hdds-2446-container-replica-5tbsq-2341601417 ip:192.168.157.211
2019-11-08 23:42:33,369 [main] INFO  volume.HddsVolume (HddsVolume.java:<init>(176)) - Creating Volume: /workdir/hadoop-ozone/integration-test/target/test-dir/MiniOzoneClusterImpl-7b65c80e-3cfa-488f-8d29-1931258b4af6/datanode-0/data/containers/hdds of  storage type : DISK and capacity : 1482555576320
2019-11-08 23:42:33,371 [main] INFO  volume.VolumeSet (VolumeSet.java:initializeVolumeSet(170)) - Added Volume : /workdir/hadoop-ozone/integration-test/target/test-dir/MiniOzoneClusterImpl-7b65c80e-3cfa-488f-8d29-1931258b4af6/datanode-0/data/containers/hdds to VolumeSet
2019-11-08 23:42:33,373 [main] INFO  volume.ThrottledAsyncChecker (ThrottledAsyncChecker.java:schedule(141)) - Scheduling a check for /workdir/hadoop-ozone/integration-test/target/test-dir/MiniOzoneClusterImpl-7b65c80e-3cfa-488f-8d29-1931258b4af6/datanode-0/data/containers/hdds
2019-11-08 23:42:33,387 [main] INFO  volume.HddsVolumeChecker (HddsVolumeChecker.java:checkAllVolumes(204)) - Scheduled health check for volume /workdir/hadoop-ozone/integration-test/target/test-dir/MiniOzoneClusterImpl-7b65c80e-3cfa-488f-8d29-1931258b4af6/datanode-0/data/containers/hdds
2019-11-08 23:42:33,440 [main] INFO  impl.RaftServerProxy (ConfUtils.java:logGet(43)) - raft.rpc.type = GRPC (default)
2019-11-08 23:42:33,441 [main] INFO  grpc.GrpcFactory (GrpcFactory.java:checkPooledByteBufAllocatorUseCacheForAllThreads(45)) - PERFORMANCE WARNING: useCacheForAllThreads is true that may cause Netty to create a lot garbage objects and, as a result, trigger GC.
	It is recommended to disable useCacheForAllThreads by setting -Dorg.apache.ratis.thirdparty.io.netty.allocator.useCacheForAllThreads=false in command line.
2019-11-08 23:42:33,442 [main] INFO  grpc.GrpcConfigKeys$Server (ConfUtils.java:logGet(43)) - raft.grpc.server.port = 0 (default)
2019-11-08 23:42:33,442 [main] INFO  server.GrpcService (ConfUtils.java:logGet(43)) - raft.grpc.message.size.max = 33570816 (custom)
2019-11-08 23:42:33,442 [main] INFO  server.RaftServerConfigKeys (ConfUtils.java:logGet(43)) - raft.server.log.appender.buffer.byte-limit = 33554432 (custom)
2019-11-08 23:42:33,442 [main] INFO  server.GrpcService (ConfUtils.java:logGet(43)) - raft.grpc.flow.control.window = 1MB (=1048576) (default)
2019-11-08 23:42:33,442 [main] INFO  server.RaftServerConfigKeys (ConfUtils.java:logGet(43)) - raft.server.rpc.request.timeout = 3000ms (default)
2019-11-08 23:42:33,444 [main] INFO  server.RaftServerConfigKeys (ConfUtils.java:logGet(43)) - raft.server.storage.dir = [/workdir/hadoop-ozone/integration-test/target/test-dir/MiniOzoneClusterImpl-7b65c80e-3cfa-488f-8d29-1931258b4af6/datanode-0/data/ratis] (custom)
2019-11-08 23:42:33,492 [main] INFO  hdfs.DFSUtil (DFSUtil.java:httpServerTemplateForNNAndJN(1641)) - Starting Web-server for hddsDatanode at: http://0.0.0.0:0
2019-11-08 23:42:33,496 [main] INFO  server.AuthenticationFilter (AuthenticationFilter.java:constructSecretProvider(240)) - Unable to initialize FileSignerSecretProvider, falling back to use random secrets.
2019-11-08 23:42:33,497 [main] WARN  http.HttpRequestLog (HttpRequestLog.java:getRequestLog(97)) - Jetty request log can only be enabled using Log4j
2019-11-08 23:42:33,501 [main] INFO  http.HttpServer2 (HttpServer2.java:addGlobalFilter(975)) - Added global filter 'safety' (class=org.apache.hadoop.http.HttpServer2$QuotingInputFilter)
2019-11-08 23:42:33,502 [main] INFO  http.HttpServer2 (HttpServer2.java:addFilter(948)) - Added filter static_user_filter (class=org.apache.hadoop.http.lib.StaticUserWebFilter$StaticUserFilter) to context hddsDatanode
2019-11-08 23:42:33,503 [main] INFO  http.HttpServer2 (HttpServer2.java:addFilter(958)) - Added filter static_user_filter (class=org.apache.hadoop.http.lib.StaticUserWebFilter$StaticUserFilter) to context static
2019-11-08 23:42:33,503 [main] INFO  http.HttpServer2 (HttpServer2.java:addFilter(958)) - Added filter static_user_filter (class=org.apache.hadoop.http.lib.StaticUserWebFilter$StaticUserFilter) to context logs
2019-11-08 23:42:33,505 [main] INFO  http.HttpServer2 (HttpServer2.java:bindListener(1191)) - Jetty bound to port 41234
2019-11-08 23:42:33,505 [main] INFO  server.Server (Server.java:doStart(351)) - jetty-9.3.25.v20180904, build timestamp: 2018-09-04T21:11:46Z, git hash: 3ce520221d0240229c862b122d2b06c12a625732
2019-11-08 23:42:33,509 [main] INFO  handler.ContextHandler (ContextHandler.java:doStart(781)) - Started o.e.j.s.ServletContextHandler@378f002a{/logs,file:///workdir/hadoop-ozone/integration-test/target/log,AVAILABLE}
2019-11-08 23:42:33,510 [main] INFO  handler.ContextHandler (ContextHandler.java:doStart(781)) - Started o.e.j.s.ServletContextHandler@2cc75074{/static,jar:file:/home/user/.m2/repository/org/apache/hadoop/hadoop-hdds-container-service/0.5.0-SNAPSHOT/hadoop-hdds-container-service-0.5.0-SNAPSHOT.jar!/webapps/static,AVAILABLE}
2019-11-08 23:42:33,554 [main] INFO  handler.ContextHandler (ContextHandler.java:doStart(781)) - Started o.e.j.w.WebAppContext@31dfc6f5{/,file:///tmp/jetty-0.0.0.0-41234-hddsDatanode-_-any-1647878059301296216.dir/webapp/,AVAILABLE}{/hddsDatanode}
2019-11-08 23:42:33,555 [main] INFO  server.AbstractConnector (AbstractConnector.java:doStart(278)) - Started ServerConnector@37b52340{HTTP/1.1,[http/1.1]}{0.0.0.0:41234}
2019-11-08 23:42:33,557 [main] INFO  server.Server (Server.java:doStart(419)) - Started @5492ms
2019-11-08 23:42:33,557 [main] WARN  impl.MetricsSystemImpl (MetricsSystemImpl.java:register(276)) - Sink prometheus already exists!
2019-11-08 23:42:33,561 [main] INFO  server.BaseHttpServer (BaseHttpServer.java:updateConnectorAddress(215)) - HTTP server of HDDSDATANODE is listening at http://0.0.0.0:41234
2019-11-08 23:42:33,562 [main] INFO  impl.MetricsSystemImpl (MetricsSystemImpl.java:init(158)) - HddsDatanode metrics system started (again)
2019-11-08 23:42:33,566 [main] INFO  ozone.HddsDatanodeService (HddsDatanodeService.java:start(186)) - HddsDatanodeService host:pr-hdds-2446-container-replica-5tbsq-2341601417 ip:192.168.157.211
2019-11-08 23:42:33,568 [org.apache.hadoop.util.JvmPauseMonitor$Monitor@6122bd9] INFO  util.JvmPauseMonitor (JvmPauseMonitor.java:run(188)) - Starting JVM pause monitor
2019-11-08 23:42:33,578 [main] INFO  volume.HddsVolume (HddsVolume.java:<init>(176)) - Creating Volume: /workdir/hadoop-ozone/integration-test/target/test-dir/MiniOzoneClusterImpl-7b65c80e-3cfa-488f-8d29-1931258b4af6/datanode-1/data/containers/hdds of  storage type : DISK and capacity : 1482555576320
2019-11-08 23:42:33,578 [main] INFO  volume.VolumeSet (VolumeSet.java:initializeVolumeSet(170)) - Added Volume : /workdir/hadoop-ozone/integration-test/target/test-dir/MiniOzoneClusterImpl-7b65c80e-3cfa-488f-8d29-1931258b4af6/datanode-1/data/containers/hdds to VolumeSet
2019-11-08 23:42:33,579 [main] INFO  volume.ThrottledAsyncChecker (ThrottledAsyncChecker.java:schedule(141)) - Scheduling a check for /workdir/hadoop-ozone/integration-test/target/test-dir/MiniOzoneClusterImpl-7b65c80e-3cfa-488f-8d29-1931258b4af6/datanode-1/data/containers/hdds
2019-11-08 23:42:33,579 [main] INFO  volume.HddsVolumeChecker (HddsVolumeChecker.java:checkAllVolumes(204)) - Scheduled health check for volume /workdir/hadoop-ozone/integration-test/target/test-dir/MiniOzoneClusterImpl-7b65c80e-3cfa-488f-8d29-1931258b4af6/datanode-1/data/containers/hdds
2019-11-08 23:42:33,599 [main] INFO  impl.RaftServerProxy (ConfUtils.java:logGet(43)) - raft.rpc.type = GRPC (default)
2019-11-08 23:42:33,599 [main] INFO  grpc.GrpcFactory (GrpcFactory.java:checkPooledByteBufAllocatorUseCacheForAllThreads(45)) - PERFORMANCE WARNING: useCacheForAllThreads is true that may cause Netty to create a lot garbage objects and, as a result, trigger GC.
	It is recommended to disable useCacheForAllThreads by setting -Dorg.apache.ratis.thirdparty.io.netty.allocator.useCacheForAllThreads=false in command line.
2019-11-08 23:42:33,599 [main] INFO  grpc.GrpcConfigKeys$Server (ConfUtils.java:logGet(43)) - raft.grpc.server.port = 0 (default)
2019-11-08 23:42:33,600 [main] INFO  server.GrpcService (ConfUtils.java:logGet(43)) - raft.grpc.message.size.max = 33570816 (custom)
2019-11-08 23:42:33,600 [main] INFO  server.RaftServerConfigKeys (ConfUtils.java:logGet(43)) - raft.server.log.appender.buffer.byte-limit = 33554432 (custom)
2019-11-08 23:42:33,600 [main] INFO  server.GrpcService (ConfUtils.java:logGet(43)) - raft.grpc.flow.control.window = 1MB (=1048576) (default)
2019-11-08 23:42:33,600 [main] INFO  server.RaftServerConfigKeys (ConfUtils.java:logGet(43)) - raft.server.rpc.request.timeout = 3000ms (default)
2019-11-08 23:42:33,601 [main] INFO  server.RaftServerConfigKeys (ConfUtils.java:logGet(43)) - raft.server.storage.dir = [/workdir/hadoop-ozone/integration-test/target/test-dir/MiniOzoneClusterImpl-7b65c80e-3cfa-488f-8d29-1931258b4af6/datanode-1/data/ratis] (custom)
2019-11-08 23:42:33,603 [main] INFO  hdfs.DFSUtil (DFSUtil.java:httpServerTemplateForNNAndJN(1641)) - Starting Web-server for hddsDatanode at: http://0.0.0.0:0
2019-11-08 23:42:33,605 [main] INFO  server.AuthenticationFilter (AuthenticationFilter.java:constructSecretProvider(240)) - Unable to initialize FileSignerSecretProvider, falling back to use random secrets.
2019-11-08 23:42:33,605 [main] WARN  http.HttpRequestLog (HttpRequestLog.java:getRequestLog(97)) - Jetty request log can only be enabled using Log4j
2019-11-08 23:42:33,607 [main] INFO  http.HttpServer2 (HttpServer2.java:addGlobalFilter(975)) - Added global filter 'safety' (class=org.apache.hadoop.http.HttpServer2$QuotingInputFilter)
2019-11-08 23:42:33,608 [main] INFO  http.HttpServer2 (HttpServer2.java:addFilter(948)) - Added filter static_user_filter (class=org.apache.hadoop.http.lib.StaticUserWebFilter$StaticUserFilter) to context hddsDatanode
2019-11-08 23:42:33,608 [main] INFO  http.HttpServer2 (HttpServer2.java:addFilter(958)) - Added filter static_user_filter (class=org.apache.hadoop.http.lib.StaticUserWebFilter$StaticUserFilter) to context logs
2019-11-08 23:42:33,608 [main] INFO  http.HttpServer2 (HttpServer2.java:addFilter(958)) - Added filter static_user_filter (class=org.apache.hadoop.http.lib.StaticUserWebFilter$StaticUserFilter) to context static
2019-11-08 23:42:33,609 [main] INFO  http.HttpServer2 (HttpServer2.java:bindListener(1191)) - Jetty bound to port 34403
2019-11-08 23:42:33,609 [main] INFO  server.Server (Server.java:doStart(351)) - jetty-9.3.25.v20180904, build timestamp: 2018-09-04T21:11:46Z, git hash: 3ce520221d0240229c862b122d2b06c12a625732
2019-11-08 23:42:33,613 [main] INFO  handler.ContextHandler (ContextHandler.java:doStart(781)) - Started o.e.j.s.ServletContextHandler@58740366{/logs,file:///workdir/hadoop-ozone/integration-test/target/log,AVAILABLE}
2019-11-08 23:42:33,613 [main] INFO  handler.ContextHandler (ContextHandler.java:doStart(781)) - Started o.e.j.s.ServletContextHandler@2bc426f0{/static,jar:file:/home/user/.m2/repository/org/apache/hadoop/hadoop-hdds-container-service/0.5.0-SNAPSHOT/hadoop-hdds-container-service-0.5.0-SNAPSHOT.jar!/webapps/static,AVAILABLE}
2019-11-08 23:42:33,750 [main] INFO  handler.ContextHandler (ContextHandler.java:doStart(781)) - Started o.e.j.w.WebAppContext@15405bd6{/,file:///tmp/jetty-0.0.0.0-34403-hddsDatanode-_-any-1330662707254374343.dir/webapp/,AVAILABLE}{/hddsDatanode}
2019-11-08 23:42:33,752 [main] INFO  server.AbstractConnector (AbstractConnector.java:doStart(278)) - Started ServerConnector@352ed70d{HTTP/1.1,[http/1.1]}{0.0.0.0:34403}
2019-11-08 23:42:33,753 [main] INFO  server.Server (Server.java:doStart(419)) - Started @5689ms
2019-11-08 23:42:33,753 [main] WARN  impl.MetricsSystemImpl (MetricsSystemImpl.java:register(276)) - Sink prometheus already exists!
2019-11-08 23:42:33,755 [main] INFO  server.BaseHttpServer (BaseHttpServer.java:updateConnectorAddress(215)) - HTTP server of HDDSDATANODE is listening at http://0.0.0.0:34403
2019-11-08 23:42:33,755 [main] INFO  impl.MetricsSystemImpl (MetricsSystemImpl.java:init(158)) - HddsDatanode metrics system started (again)
2019-11-08 23:42:33,757 [Datanode State Machine Thread - 0] INFO  datanode.InitDatanodeState (InitDatanodeState.java:persistContainerDatanodeDetails(140)) - DatanodeDetails is persisted to /workdir/hadoop-ozone/integration-test/target/test-dir/MiniOzoneClusterImpl-7b65c80e-3cfa-488f-8d29-1931258b4af6/datanode-0/meta/datanode.id
2019-11-08 23:42:33,758 [main] INFO  ozone.HddsDatanodeService (HddsDatanodeService.java:start(186)) - HddsDatanodeService host:pr-hdds-2446-container-replica-5tbsq-2341601417 ip:192.168.157.211
2019-11-08 23:42:33,759 [org.apache.hadoop.util.JvmPauseMonitor$Monitor@34bc6934] INFO  util.JvmPauseMonitor (JvmPauseMonitor.java:run(188)) - Starting JVM pause monitor
2019-11-08 23:42:33,764 [Datanode State Machine Thread - 0] INFO  datanode.InitDatanodeState (InitDatanodeState.java:persistContainerDatanodeDetails(140)) - DatanodeDetails is persisted to /workdir/hadoop-ozone/integration-test/target/test-dir/MiniOzoneClusterImpl-7b65c80e-3cfa-488f-8d29-1931258b4af6/datanode-1/meta/datanode.id
2019-11-08 23:42:33,769 [main] INFO  volume.HddsVolume (HddsVolume.java:<init>(176)) - Creating Volume: /workdir/hadoop-ozone/integration-test/target/test-dir/MiniOzoneClusterImpl-7b65c80e-3cfa-488f-8d29-1931258b4af6/datanode-2/data/containers/hdds of  storage type : DISK and capacity : 1482555576320
2019-11-08 23:42:33,770 [main] INFO  volume.VolumeSet (VolumeSet.java:initializeVolumeSet(170)) - Added Volume : /workdir/hadoop-ozone/integration-test/target/test-dir/MiniOzoneClusterImpl-7b65c80e-3cfa-488f-8d29-1931258b4af6/datanode-2/data/containers/hdds to VolumeSet
2019-11-08 23:42:33,770 [main] INFO  volume.ThrottledAsyncChecker (ThrottledAsyncChecker.java:schedule(141)) - Scheduling a check for /workdir/hadoop-ozone/integration-test/target/test-dir/MiniOzoneClusterImpl-7b65c80e-3cfa-488f-8d29-1931258b4af6/datanode-2/data/containers/hdds
2019-11-08 23:42:33,770 [main] INFO  volume.HddsVolumeChecker (HddsVolumeChecker.java:checkAllVolumes(204)) - Scheduled health check for volume /workdir/hadoop-ozone/integration-test/target/test-dir/MiniOzoneClusterImpl-7b65c80e-3cfa-488f-8d29-1931258b4af6/datanode-2/data/containers/hdds
2019-11-08 23:42:33,782 [main] INFO  impl.RaftServerProxy (ConfUtils.java:logGet(43)) - raft.rpc.type = GRPC (default)
2019-11-08 23:42:33,783 [main] INFO  grpc.GrpcFactory (GrpcFactory.java:checkPooledByteBufAllocatorUseCacheForAllThreads(45)) - PERFORMANCE WARNING: useCacheForAllThreads is true that may cause Netty to create a lot garbage objects and, as a result, trigger GC.
	It is recommended to disable useCacheForAllThreads by setting -Dorg.apache.ratis.thirdparty.io.netty.allocator.useCacheForAllThreads=false in command line.
2019-11-08 23:42:33,783 [main] INFO  grpc.GrpcConfigKeys$Server (ConfUtils.java:logGet(43)) - raft.grpc.server.port = 0 (default)
2019-11-08 23:42:33,783 [main] INFO  server.GrpcService (ConfUtils.java:logGet(43)) - raft.grpc.message.size.max = 33570816 (custom)
2019-11-08 23:42:33,783 [main] INFO  server.RaftServerConfigKeys (ConfUtils.java:logGet(43)) - raft.server.log.appender.buffer.byte-limit = 33554432 (custom)
2019-11-08 23:42:33,783 [main] INFO  server.GrpcService (ConfUtils.java:logGet(43)) - raft.grpc.flow.control.window = 1MB (=1048576) (default)
2019-11-08 23:42:33,783 [main] INFO  server.RaftServerConfigKeys (ConfUtils.java:logGet(43)) - raft.server.rpc.request.timeout = 3000ms (default)
2019-11-08 23:42:33,784 [main] INFO  server.RaftServerConfigKeys (ConfUtils.java:logGet(43)) - raft.server.storage.dir = [/workdir/hadoop-ozone/integration-test/target/test-dir/MiniOzoneClusterImpl-7b65c80e-3cfa-488f-8d29-1931258b4af6/datanode-2/data/ratis] (custom)
2019-11-08 23:42:33,786 [main] INFO  hdfs.DFSUtil (DFSUtil.java:httpServerTemplateForNNAndJN(1641)) - Starting Web-server for hddsDatanode at: http://0.0.0.0:0
2019-11-08 23:42:33,789 [main] INFO  server.AuthenticationFilter (AuthenticationFilter.java:constructSecretProvider(240)) - Unable to initialize FileSignerSecretProvider, falling back to use random secrets.
2019-11-08 23:42:33,789 [main] WARN  http.HttpRequestLog (HttpRequestLog.java:getRequestLog(97)) - Jetty request log can only be enabled using Log4j
2019-11-08 23:42:33,792 [main] INFO  http.HttpServer2 (HttpServer2.java:addGlobalFilter(975)) - Added global filter 'safety' (class=org.apache.hadoop.http.HttpServer2$QuotingInputFilter)
2019-11-08 23:42:33,792 [main] INFO  http.HttpServer2 (HttpServer2.java:addFilter(948)) - Added filter static_user_filter (class=org.apache.hadoop.http.lib.StaticUserWebFilter$StaticUserFilter) to context hddsDatanode
2019-11-08 23:42:33,793 [main] INFO  http.HttpServer2 (HttpServer2.java:addFilter(958)) - Added filter static_user_filter (class=org.apache.hadoop.http.lib.StaticUserWebFilter$StaticUserFilter) to context logs
2019-11-08 23:42:33,793 [main] INFO  http.HttpServer2 (HttpServer2.java:addFilter(958)) - Added filter static_user_filter (class=org.apache.hadoop.http.lib.StaticUserWebFilter$StaticUserFilter) to context static
2019-11-08 23:42:33,794 [main] INFO  http.HttpServer2 (HttpServer2.java:bindListener(1191)) - Jetty bound to port 42370
2019-11-08 23:42:33,795 [main] INFO  server.Server (Server.java:doStart(351)) - jetty-9.3.25.v20180904, build timestamp: 2018-09-04T21:11:46Z, git hash: 3ce520221d0240229c862b122d2b06c12a625732
2019-11-08 23:42:33,799 [main] INFO  handler.ContextHandler (ContextHandler.java:doStart(781)) - Started o.e.j.s.ServletContextHandler@4e49ce2b{/logs,file:///workdir/hadoop-ozone/integration-test/target/log,AVAILABLE}
2019-11-08 23:42:33,799 [main] INFO  handler.ContextHandler (ContextHandler.java:doStart(781)) - Started o.e.j.s.ServletContextHandler@53c6f96d{/static,jar:file:/home/user/.m2/repository/org/apache/hadoop/hadoop-hdds-container-service/0.5.0-SNAPSHOT/hadoop-hdds-container-service-0.5.0-SNAPSHOT.jar!/webapps/static,AVAILABLE}
2019-11-08 23:42:33,841 [main] INFO  handler.ContextHandler (ContextHandler.java:doStart(781)) - Started o.e.j.w.WebAppContext@fe34b86{/,file:///tmp/jetty-0.0.0.0-42370-hddsDatanode-_-any-3576729980246298684.dir/webapp/,AVAILABLE}{/hddsDatanode}
2019-11-08 23:42:33,842 [main] INFO  server.AbstractConnector (AbstractConnector.java:doStart(278)) - Started ServerConnector@3c98781a{HTTP/1.1,[http/1.1]}{0.0.0.0:42370}
2019-11-08 23:42:33,843 [main] INFO  server.Server (Server.java:doStart(419)) - Started @5778ms
2019-11-08 23:42:33,844 [main] WARN  impl.MetricsSystemImpl (MetricsSystemImpl.java:register(276)) - Sink prometheus already exists!
2019-11-08 23:42:33,845 [main] INFO  server.BaseHttpServer (BaseHttpServer.java:updateConnectorAddress(215)) - HTTP server of HDDSDATANODE is listening at http://0.0.0.0:42370
2019-11-08 23:42:33,845 [main] INFO  impl.MetricsSystemImpl (MetricsSystemImpl.java:init(158)) - HddsDatanode metrics system started (again)
2019-11-08 23:42:33,849 [org.apache.hadoop.util.JvmPauseMonitor$Monitor@66790f2b] INFO  util.JvmPauseMonitor (JvmPauseMonitor.java:run(188)) - Starting JVM pause monitor
2019-11-08 23:42:33,849 [main] INFO  ozone.HddsDatanodeService (HddsDatanodeService.java:start(186)) - HddsDatanodeService host:pr-hdds-2446-container-replica-5tbsq-2341601417 ip:192.168.157.211
2019-11-08 23:42:33,853 [Datanode State Machine Thread - 0] INFO  datanode.InitDatanodeState (InitDatanodeState.java:persistContainerDatanodeDetails(140)) - DatanodeDetails is persisted to /workdir/hadoop-ozone/integration-test/target/test-dir/MiniOzoneClusterImpl-7b65c80e-3cfa-488f-8d29-1931258b4af6/datanode-2/meta/datanode.id
2019-11-08 23:42:33,858 [main] INFO  volume.HddsVolume (HddsVolume.java:<init>(176)) - Creating Volume: /workdir/hadoop-ozone/integration-test/target/test-dir/MiniOzoneClusterImpl-7b65c80e-3cfa-488f-8d29-1931258b4af6/datanode-3/data/containers/hdds of  storage type : DISK and capacity : 1482555576320
2019-11-08 23:42:33,859 [main] INFO  volume.VolumeSet (VolumeSet.java:initializeVolumeSet(170)) - Added Volume : /workdir/hadoop-ozone/integration-test/target/test-dir/MiniOzoneClusterImpl-7b65c80e-3cfa-488f-8d29-1931258b4af6/datanode-3/data/containers/hdds to VolumeSet
2019-11-08 23:42:33,859 [main] INFO  volume.ThrottledAsyncChecker (ThrottledAsyncChecker.java:schedule(141)) - Scheduling a check for /workdir/hadoop-ozone/integration-test/target/test-dir/MiniOzoneClusterImpl-7b65c80e-3cfa-488f-8d29-1931258b4af6/datanode-3/data/containers/hdds
2019-11-08 23:42:33,860 [main] INFO  volume.HddsVolumeChecker (HddsVolumeChecker.java:checkAllVolumes(204)) - Scheduled health check for volume /workdir/hadoop-ozone/integration-test/target/test-dir/MiniOzoneClusterImpl-7b65c80e-3cfa-488f-8d29-1931258b4af6/datanode-3/data/containers/hdds
2019-11-08 23:42:33,878 [main] INFO  impl.RaftServerProxy (ConfUtils.java:logGet(43)) - raft.rpc.type = GRPC (default)
2019-11-08 23:42:33,878 [main] INFO  grpc.GrpcFactory (GrpcFactory.java:checkPooledByteBufAllocatorUseCacheForAllThreads(45)) - PERFORMANCE WARNING: useCacheForAllThreads is true that may cause Netty to create a lot garbage objects and, as a result, trigger GC.
	It is recommended to disable useCacheForAllThreads by setting -Dorg.apache.ratis.thirdparty.io.netty.allocator.useCacheForAllThreads=false in command line.
2019-11-08 23:42:33,878 [main] INFO  grpc.GrpcConfigKeys$Server (ConfUtils.java:logGet(43)) - raft.grpc.server.port = 0 (default)
2019-11-08 23:42:33,878 [main] INFO  server.GrpcService (ConfUtils.java:logGet(43)) - raft.grpc.message.size.max = 33570816 (custom)
2019-11-08 23:42:33,879 [main] INFO  server.RaftServerConfigKeys (ConfUtils.java:logGet(43)) - raft.server.log.appender.buffer.byte-limit = 33554432 (custom)
2019-11-08 23:42:33,879 [main] INFO  server.GrpcService (ConfUtils.java:logGet(43)) - raft.grpc.flow.control.window = 1MB (=1048576) (default)
2019-11-08 23:42:33,879 [main] INFO  server.RaftServerConfigKeys (ConfUtils.java:logGet(43)) - raft.server.rpc.request.timeout = 3000ms (default)
2019-11-08 23:42:33,880 [main] INFO  server.RaftServerConfigKeys (ConfUtils.java:logGet(43)) - raft.server.storage.dir = [/workdir/hadoop-ozone/integration-test/target/test-dir/MiniOzoneClusterImpl-7b65c80e-3cfa-488f-8d29-1931258b4af6/datanode-3/data/ratis] (custom)
2019-11-08 23:42:33,882 [main] INFO  hdfs.DFSUtil (DFSUtil.java:httpServerTemplateForNNAndJN(1641)) - Starting Web-server for hddsDatanode at: http://0.0.0.0:0
2019-11-08 23:42:33,884 [main] INFO  server.AuthenticationFilter (AuthenticationFilter.java:constructSecretProvider(240)) - Unable to initialize FileSignerSecretProvider, falling back to use random secrets.
2019-11-08 23:42:33,884 [main] WARN  http.HttpRequestLog (HttpRequestLog.java:getRequestLog(97)) - Jetty request log can only be enabled using Log4j
2019-11-08 23:42:33,886 [main] INFO  http.HttpServer2 (HttpServer2.java:addGlobalFilter(975)) - Added global filter 'safety' (class=org.apache.hadoop.http.HttpServer2$QuotingInputFilter)
2019-11-08 23:42:33,887 [main] INFO  http.HttpServer2 (HttpServer2.java:addFilter(948)) - Added filter static_user_filter (class=org.apache.hadoop.http.lib.StaticUserWebFilter$StaticUserFilter) to context hddsDatanode
2019-11-08 23:42:33,887 [main] INFO  http.HttpServer2 (HttpServer2.java:addFilter(958)) - Added filter static_user_filter (class=org.apache.hadoop.http.lib.StaticUserWebFilter$StaticUserFilter) to context logs
2019-11-08 23:42:33,887 [main] INFO  http.HttpServer2 (HttpServer2.java:addFilter(958)) - Added filter static_user_filter (class=org.apache.hadoop.http.lib.StaticUserWebFilter$StaticUserFilter) to context static
2019-11-08 23:42:33,888 [main] INFO  http.HttpServer2 (HttpServer2.java:bindListener(1191)) - Jetty bound to port 34719
2019-11-08 23:42:33,888 [main] INFO  server.Server (Server.java:doStart(351)) - jetty-9.3.25.v20180904, build timestamp: 2018-09-04T21:11:46Z, git hash: 3ce520221d0240229c862b122d2b06c12a625732
2019-11-08 23:42:33,891 [main] INFO  handler.ContextHandler (ContextHandler.java:doStart(781)) - Started o.e.j.s.ServletContextHandler@7654f833{/logs,file:///workdir/hadoop-ozone/integration-test/target/log,AVAILABLE}
2019-11-08 23:42:33,892 [main] INFO  handler.ContextHandler (ContextHandler.java:doStart(781)) - Started o.e.j.s.ServletContextHandler@d7109be{/static,jar:file:/home/user/.m2/repository/org/apache/hadoop/hadoop-hdds-container-service/0.5.0-SNAPSHOT/hadoop-hdds-container-service-0.5.0-SNAPSHOT.jar!/webapps/static,AVAILABLE}
2019-11-08 23:42:33,924 [main] INFO  handler.ContextHandler (ContextHandler.java:doStart(781)) - Started o.e.j.w.WebAppContext@358ab600{/,file:///tmp/jetty-0.0.0.0-34719-hddsDatanode-_-any-1928230090605201091.dir/webapp/,AVAILABLE}{/hddsDatanode}
2019-11-08 23:42:33,925 [main] INFO  server.AbstractConnector (AbstractConnector.java:doStart(278)) - Started ServerConnector@e26af6{HTTP/1.1,[http/1.1]}{0.0.0.0:34719}
2019-11-08 23:42:33,926 [main] INFO  server.Server (Server.java:doStart(419)) - Started @5862ms
2019-11-08 23:42:33,927 [main] WARN  impl.MetricsSystemImpl (MetricsSystemImpl.java:register(276)) - Sink prometheus already exists!
2019-11-08 23:42:33,928 [main] INFO  server.BaseHttpServer (BaseHttpServer.java:updateConnectorAddress(215)) - HTTP server of HDDSDATANODE is listening at http://0.0.0.0:34719
2019-11-08 23:42:33,931 [org.apache.hadoop.util.JvmPauseMonitor$Monitor@53c0d0cb] INFO  util.JvmPauseMonitor (JvmPauseMonitor.java:run(188)) - Starting JVM pause monitor
2019-11-08 23:42:33,931 [main] INFO  ozone.MiniOzoneClusterImpl (MiniOzoneClusterImpl.java:lambda$waitForClusterToBeReady$0(147)) - Waiting for cluster to be ready. Got 0 of 4 DN Heartbeats.
2019-11-08 23:42:33,934 [Datanode State Machine Thread - 0] INFO  datanode.InitDatanodeState (InitDatanodeState.java:persistContainerDatanodeDetails(140)) - DatanodeDetails is persisted to /workdir/hadoop-ozone/integration-test/target/test-dir/MiniOzoneClusterImpl-7b65c80e-3cfa-488f-8d29-1931258b4af6/datanode-3/meta/datanode.id
2019-11-08 23:42:34,116 [Thread-93] INFO  impl.FollowerState (FollowerState.java:run(111)) - 51aaa3b2-f311-4fbd-b16b-6a5b49bd3b10@group-C5BA1605619E-FollowerState: change to CANDIDATE, lastRpcTime:1139ms, electionTimeout:1138ms
2019-11-08 23:42:34,118 [Thread-93] INFO  impl.RoleInfo (RoleInfo.java:shutdownFollowerState(121)) - 51aaa3b2-f311-4fbd-b16b-6a5b49bd3b10: shutdown FollowerState
2019-11-08 23:42:34,119 [Thread-93] INFO  impl.RaftServerImpl (RaftServerImpl.java:setRole(173)) - 51aaa3b2-f311-4fbd-b16b-6a5b49bd3b10@group-C5BA1605619E: changes role from  FOLLOWER to CANDIDATE at term 0 for changeToCandidate
2019-11-08 23:42:34,123 [Thread-93] INFO  impl.RoleInfo (RoleInfo.java:updateAndGet(143)) - 51aaa3b2-f311-4fbd-b16b-6a5b49bd3b10: start LeaderElection
2019-11-08 23:42:34,151 [51aaa3b2-f311-4fbd-b16b-6a5b49bd3b10@group-C5BA1605619E-LeaderElection1] INFO  impl.LeaderElection (LeaderElection.java:askForVotes(178)) - 51aaa3b2-f311-4fbd-b16b-6a5b49bd3b10@group-C5BA1605619E-LeaderElection1: begin an election at term 1 for -1: [51aaa3b2-f311-4fbd-b16b-6a5b49bd3b10:localhost:9872], old=null
2019-11-08 23:42:34,153 [51aaa3b2-f311-4fbd-b16b-6a5b49bd3b10@group-C5BA1605619E-LeaderElection1] INFO  impl.RoleInfo (RoleInfo.java:shutdownLeaderElection(134)) - 51aaa3b2-f311-4fbd-b16b-6a5b49bd3b10: shutdown LeaderElection
2019-11-08 23:42:34,154 [51aaa3b2-f311-4fbd-b16b-6a5b49bd3b10@group-C5BA1605619E-LeaderElection1] INFO  impl.RaftServerImpl (RaftServerImpl.java:setRole(173)) - 51aaa3b2-f311-4fbd-b16b-6a5b49bd3b10@group-C5BA1605619E: changes role from CANDIDATE to LEADER at term 1 for changeToLeader
2019-11-08 23:42:34,154 [51aaa3b2-f311-4fbd-b16b-6a5b49bd3b10@group-C5BA1605619E-LeaderElection1] INFO  impl.RaftServerImpl (ServerState.java:setLeader(255)) - 51aaa3b2-f311-4fbd-b16b-6a5b49bd3b10@group-C5BA1605619E: change Leader from null to 51aaa3b2-f311-4fbd-b16b-6a5b49bd3b10 at term 1 for becomeLeader, leader elected after 1257ms
2019-11-08 23:42:34,162 [51aaa3b2-f311-4fbd-b16b-6a5b49bd3b10@group-C5BA1605619E-LeaderElection1] INFO  server.RaftServerConfigKeys (ConfUtils.java:logGet(43)) - raft.server.staging.catchup.gap = 1000 (default)
2019-11-08 23:42:34,162 [51aaa3b2-f311-4fbd-b16b-6a5b49bd3b10@group-C5BA1605619E-LeaderElection1] INFO  server.RaftServerConfigKeys (ConfUtils.java:logGet(43)) - raft.server.rpc.sleep.time = 25ms (default)
2019-11-08 23:42:34,167 [51aaa3b2-f311-4fbd-b16b-6a5b49bd3b10@group-C5BA1605619E-LeaderElection1] INFO  server.RaftServerConfigKeys (ConfUtils.java:logGet(43)) - raft.server.write.element-limit = 4096 (default)
2019-11-08 23:42:34,172 [51aaa3b2-f311-4fbd-b16b-6a5b49bd3b10@group-C5BA1605619E-LeaderElection1] INFO  server.RaftServerConfigKeys (ConfUtils.java:logGet(43)) - raft.server.watch.timeout = 10s (default)
2019-11-08 23:42:34,172 [51aaa3b2-f311-4fbd-b16b-6a5b49bd3b10@group-C5BA1605619E-LeaderElection1] INFO  server.RaftServerConfigKeys (ConfUtils.java:logGet(43)) - raft.server.watch.timeout.denomination = 1s (default)
2019-11-08 23:42:34,173 [51aaa3b2-f311-4fbd-b16b-6a5b49bd3b10@group-C5BA1605619E-LeaderElection1] INFO  server.RaftServerConfigKeys (ConfUtils.java:logGet(43)) - raft.server.watch.element-limit = 65536 (default)
2019-11-08 23:42:34,183 [51aaa3b2-f311-4fbd-b16b-6a5b49bd3b10@group-C5BA1605619E-LeaderElection1] INFO  impl.RoleInfo (RoleInfo.java:updateAndGet(143)) - 51aaa3b2-f311-4fbd-b16b-6a5b49bd3b10: start LeaderState
2019-11-08 23:42:34,205 [51aaa3b2-f311-4fbd-b16b-6a5b49bd3b10@group-C5BA1605619E-LeaderElection1] INFO  segmented.SegmentedRaftLogWorker (SegmentedRaftLogWorker.java:startLogSegment(385)) - 51aaa3b2-f311-4fbd-b16b-6a5b49bd3b10@group-C5BA1605619E-SegmentedRaftLogWorker: Starting segment from index:0
2019-11-08 23:42:34,226 [51aaa3b2-f311-4fbd-b16b-6a5b49bd3b10@group-C5BA1605619E-LeaderElection1] INFO  impl.RaftServerImpl (ServerState.java:setRaftConf(356)) - 51aaa3b2-f311-4fbd-b16b-6a5b49bd3b10@group-C5BA1605619E: set configuration 0: [51aaa3b2-f311-4fbd-b16b-6a5b49bd3b10:localhost:9872], old=null at 0
2019-11-08 23:42:34,362 [51aaa3b2-f311-4fbd-b16b-6a5b49bd3b10@group-C5BA1605619E-SegmentedRaftLogWorker] INFO  segmented.SegmentedRaftLogWorker (SegmentedRaftLogWorker.java:execute(576)) - 51aaa3b2-f311-4fbd-b16b-6a5b49bd3b10@group-C5BA1605619E-SegmentedRaftLogWorker: created new log segment /workdir/hadoop-ozone/integration-test/target/test-dir/MiniOzoneClusterImpl-7b65c80e-3cfa-488f-8d29-1931258b4af6/ozone-meta/ratis/bf265839-605b-3f16-9796-c5ba1605619e/current/log_inprogress_0
2019-11-08 23:42:34,932 [main] INFO  ozone.MiniOzoneClusterImpl (MiniOzoneClusterImpl.java:lambda$waitForClusterToBeReady$0(147)) - Waiting for cluster to be ready. Got 0 of 4 DN Heartbeats.
2019-11-08 23:42:35,650 [Datanode State Machine Thread - 0] INFO  ozoneimpl.OzoneContainer (OzoneContainer.java:start(218)) - Attempting to start container services.
2019-11-08 23:42:35,652 [Datanode State Machine Thread - 0] INFO  ozoneimpl.OzoneContainer (OzoneContainer.java:startContainerScrub(182)) - Background container scanner has been disabled.
2019-11-08 23:42:35,653 [Datanode State Machine Thread - 0] INFO  ratis.XceiverServerRatis (XceiverServerRatis.java:start(414)) - Starting XceiverServerRatis 39cc9473-aad5-4b25-9d7b-fffea4c520cd at port 0
2019-11-08 23:42:35,661 [Datanode State Machine Thread - 0] INFO  impl.RaftServerProxy (RaftServerProxy.java:lambda$start$3(299)) - 39cc9473-aad5-4b25-9d7b-fffea4c520cd: start RPC server
2019-11-08 23:42:35,665 [Datanode State Machine Thread - 0] INFO  server.GrpcService (GrpcService.java:startImpl(158)) - 39cc9473-aad5-4b25-9d7b-fffea4c520cd: GrpcService started, listening on 0.0.0.0/0.0.0.0:44184
2019-11-08 23:42:35,665 [Datanode State Machine Thread - 0] INFO  ratis.XceiverServerRatis (XceiverServerRatis.java:start(424)) - XceiverServerRatis 39cc9473-aad5-4b25-9d7b-fffea4c520cd is started using port 44184
2019-11-08 23:42:35,667 [Datanode State Machine Thread - 0] INFO  server.XceiverServerGrpc (XceiverServerGrpc.java:start(145)) - XceiverServerGrpc 39cc9473-aad5-4b25-9d7b-fffea4c520cd is started using port 39544
2019-11-08 23:42:35,787 [Datanode State Machine Thread - 0] INFO  ozoneimpl.OzoneContainer (OzoneContainer.java:start(218)) - Attempting to start container services.
2019-11-08 23:42:35,792 [Datanode State Machine Thread - 0] INFO  ozoneimpl.OzoneContainer (OzoneContainer.java:startContainerScrub(182)) - Background container scanner has been disabled.
2019-11-08 23:42:35,792 [Datanode State Machine Thread - 0] INFO  ratis.XceiverServerRatis (XceiverServerRatis.java:start(414)) - Starting XceiverServerRatis b1d7ebd9-d515-425d-ba15-8c78ce264b9c at port 0
2019-11-08 23:42:35,803 [Datanode State Machine Thread - 0] INFO  impl.RaftServerProxy (RaftServerProxy.java:lambda$start$3(299)) - b1d7ebd9-d515-425d-ba15-8c78ce264b9c: start RPC server
2019-11-08 23:42:35,805 [Datanode State Machine Thread - 0] INFO  server.GrpcService (GrpcService.java:startImpl(158)) - b1d7ebd9-d515-425d-ba15-8c78ce264b9c: GrpcService started, listening on 0.0.0.0/0.0.0.0:38536
2019-11-08 23:42:35,805 [Datanode State Machine Thread - 0] INFO  ratis.XceiverServerRatis (XceiverServerRatis.java:start(424)) - XceiverServerRatis b1d7ebd9-d515-425d-ba15-8c78ce264b9c is started using port 38536
2019-11-08 23:42:35,807 [Datanode State Machine Thread - 0] INFO  server.XceiverServerGrpc (XceiverServerGrpc.java:start(145)) - XceiverServerGrpc b1d7ebd9-d515-425d-ba15-8c78ce264b9c is started using port 39631
2019-11-08 23:42:35,875 [Datanode State Machine Thread - 0] INFO  ozoneimpl.OzoneContainer (OzoneContainer.java:start(218)) - Attempting to start container services.
2019-11-08 23:42:35,877 [Datanode State Machine Thread - 0] INFO  ozoneimpl.OzoneContainer (OzoneContainer.java:startContainerScrub(182)) - Background container scanner has been disabled.
2019-11-08 23:42:35,877 [Datanode State Machine Thread - 0] INFO  ratis.XceiverServerRatis (XceiverServerRatis.java:start(414)) - Starting XceiverServerRatis 820002c6-9ffb-4b19-ac52-432360c0d1a9 at port 0
2019-11-08 23:42:35,885 [Datanode State Machine Thread - 0] INFO  impl.RaftServerProxy (RaftServerProxy.java:lambda$start$3(299)) - 820002c6-9ffb-4b19-ac52-432360c0d1a9: start RPC server
2019-11-08 23:42:35,888 [Datanode State Machine Thread - 0] INFO  server.GrpcService (GrpcService.java:startImpl(158)) - 820002c6-9ffb-4b19-ac52-432360c0d1a9: GrpcService started, listening on 0.0.0.0/0.0.0.0:37294
2019-11-08 23:42:35,888 [Datanode State Machine Thread - 0] INFO  ratis.XceiverServerRatis (XceiverServerRatis.java:start(424)) - XceiverServerRatis 820002c6-9ffb-4b19-ac52-432360c0d1a9 is started using port 37294
2019-11-08 23:42:35,890 [Datanode State Machine Thread - 0] INFO  server.XceiverServerGrpc (XceiverServerGrpc.java:start(145)) - XceiverServerGrpc 820002c6-9ffb-4b19-ac52-432360c0d1a9 is started using port 36601
2019-11-08 23:42:35,933 [main] INFO  ozone.MiniOzoneClusterImpl (MiniOzoneClusterImpl.java:lambda$waitForClusterToBeReady$0(147)) - Waiting for cluster to be ready. Got 0 of 4 DN Heartbeats.
2019-11-08 23:42:35,958 [Datanode State Machine Thread - 0] INFO  ozoneimpl.OzoneContainer (OzoneContainer.java:start(218)) - Attempting to start container services.
2019-11-08 23:42:35,960 [Datanode State Machine Thread - 0] INFO  ozoneimpl.OzoneContainer (OzoneContainer.java:startContainerScrub(182)) - Background container scanner has been disabled.
2019-11-08 23:42:35,960 [Datanode State Machine Thread - 0] INFO  ratis.XceiverServerRatis (XceiverServerRatis.java:start(414)) - Starting XceiverServerRatis b0254fda-0d8d-4a53-9155-cc1eedc149de at port 0
2019-11-08 23:42:35,972 [Datanode State Machine Thread - 0] INFO  impl.RaftServerProxy (RaftServerProxy.java:lambda$start$3(299)) - b0254fda-0d8d-4a53-9155-cc1eedc149de: start RPC server
2019-11-08 23:42:35,974 [Datanode State Machine Thread - 0] INFO  server.GrpcService (GrpcService.java:startImpl(158)) - b0254fda-0d8d-4a53-9155-cc1eedc149de: GrpcService started, listening on 0.0.0.0/0.0.0.0:36287
2019-11-08 23:42:35,974 [Datanode State Machine Thread - 0] INFO  ratis.XceiverServerRatis (XceiverServerRatis.java:start(424)) - XceiverServerRatis b0254fda-0d8d-4a53-9155-cc1eedc149de is started using port 36287
2019-11-08 23:42:35,976 [Datanode State Machine Thread - 0] INFO  server.XceiverServerGrpc (XceiverServerGrpc.java:start(145)) - XceiverServerGrpc b0254fda-0d8d-4a53-9155-cc1eedc149de is started using port 39041
2019-11-08 23:42:36,934 [main] INFO  ozone.MiniOzoneClusterImpl (MiniOzoneClusterImpl.java:lambda$waitForClusterToBeReady$0(147)) - Waiting for cluster to be ready. Got 0 of 4 DN Heartbeats.
2019-11-08 23:42:37,605 [IPC Server handler 0 on 40388] INFO  net.NetworkTopology (NetworkTopologyImpl.java:add(111)) - Added a new node: /rack1/39cc9473-aad5-4b25-9d7b-fffea4c520cd
2019-11-08 23:42:37,606 [IPC Server handler 0 on 40388] INFO  node.SCMNodeManager (SCMNodeManager.java:register(312)) - Registered Data node : 39cc9473-aad5-4b25-9d7b-fffea4c520cd{ip: 192.168.157.211, host: pr-hdds-2446-container-replica-5tbsq-2341601417, networkLocation: /rack1, certSerialId: null}
2019-11-08 23:42:37,610 [EventQueue-NodeRegistrationContainerReportForDataNodeSafeModeRule] INFO  safemode.SCMSafeModeManager (DataNodeSafeModeRule.java:process(71)) - SCM in safe mode. 1 DataNodes registered, 1 required.
2019-11-08 23:42:37,611 [EventQueue-NodeRegistrationContainerReportForDataNodeSafeModeRule] INFO  safemode.SCMSafeModeManager (SCMSafeModeManager.java:validateSafeModeExitRules(177)) - ScmSafeModeManager, all rules are successfully validated
2019-11-08 23:42:37,611 [EventQueue-NodeRegistrationContainerReportForDataNodeSafeModeRule] INFO  safemode.SCMSafeModeManager (SCMSafeModeManager.java:exitSafeMode(193)) - SCM exiting safe mode.
2019-11-08 23:42:37,761 [IPC Server handler 2 on 40388] INFO  net.NetworkTopology (NetworkTopologyImpl.java:add(111)) - Added a new node: /rack1/b1d7ebd9-d515-425d-ba15-8c78ce264b9c
2019-11-08 23:42:37,761 [IPC Server handler 2 on 40388] INFO  node.SCMNodeManager (SCMNodeManager.java:register(312)) - Registered Data node : b1d7ebd9-d515-425d-ba15-8c78ce264b9c{ip: 192.168.157.211, host: pr-hdds-2446-container-replica-5tbsq-2341601417, networkLocation: /rack1, certSerialId: null}
2019-11-08 23:42:37,853 [IPC Server handler 4 on 40388] INFO  net.NetworkTopology (NetworkTopologyImpl.java:add(111)) - Added a new node: /rack1/820002c6-9ffb-4b19-ac52-432360c0d1a9
2019-11-08 23:42:37,854 [IPC Server handler 4 on 40388] INFO  node.SCMNodeManager (SCMNodeManager.java:register(312)) - Registered Data node : 820002c6-9ffb-4b19-ac52-432360c0d1a9{ip: 192.168.157.211, host: pr-hdds-2446-container-replica-5tbsq-2341601417, networkLocation: /rack1, certSerialId: null}
2019-11-08 23:42:37,935 [IPC Server handler 3 on 40388] INFO  net.NetworkTopology (NetworkTopologyImpl.java:add(111)) - Added a new node: /rack1/b0254fda-0d8d-4a53-9155-cc1eedc149de
2019-11-08 23:42:37,935 [main] INFO  ozone.MiniOzoneClusterImpl (MiniOzoneClusterImpl.java:lambda$waitForClusterToBeReady$0(147)) - Waiting for cluster to be ready. Got 3 of 4 DN Heartbeats.
2019-11-08 23:42:37,935 [IPC Server handler 3 on 40388] INFO  node.SCMNodeManager (SCMNodeManager.java:register(312)) - Registered Data node : b0254fda-0d8d-4a53-9155-cc1eedc149de{ip: 192.168.157.211, host: pr-hdds-2446-container-replica-5tbsq-2341601417, networkLocation: /rack1, certSerialId: null}
2019-11-08 23:42:38,048 [grpc-default-executor-0] INFO  impl.RaftServerProxy (RaftServerProxy.java:addNew(89)) - 39cc9473-aad5-4b25-9d7b-fffea4c520cd: addNew group-D60DAB9527C4:[39cc9473-aad5-4b25-9d7b-fffea4c520cd:192.168.157.211:44184] returns group-D60DAB9527C4:java.util.concurrent.CompletableFuture@357e2a1f[Not completed]
2019-11-08 23:42:38,057 [pool-33-thread-1] INFO  impl.RaftServerImpl (RaftServerImpl.java:<init>(98)) - 39cc9473-aad5-4b25-9d7b-fffea4c520cd: new RaftServerImpl for group-D60DAB9527C4:[39cc9473-aad5-4b25-9d7b-fffea4c520cd:192.168.157.211:44184] with ContainerStateMachine:uninitialized
2019-11-08 23:42:38,058 [pool-33-thread-1] INFO  server.RaftServerConfigKeys (ConfUtils.java:logGet(43)) - raft.server.rpc.timeout.min = 5s (custom)
2019-11-08 23:42:38,058 [pool-33-thread-1] INFO  server.RaftServerConfigKeys (ConfUtils.java:logGet(43)) - raft.server.rpc.timeout.max = 5200ms (custom)
2019-11-08 23:42:38,058 [pool-33-thread-1] INFO  server.RaftServerConfigKeys (ConfUtils.java:logGet(43)) - raft.server.rpcslowness.timeout = 120s (custom)
2019-11-08 23:42:38,058 [pool-33-thread-1] INFO  server.RaftServerConfigKeys (ConfUtils.java:logGet(43)) - raft.server.sleep.deviation.threshold = 300 (default)
2019-11-08 23:42:38,059 [pool-33-thread-1] INFO  server.RaftServerConfigKeys (ConfUtils.java:logGet(43)) - raft.server.log.appender.install.snapshot.enabled = false (custom)
2019-11-08 23:42:38,059 [pool-33-thread-1] INFO  impl.RaftServerImpl (ServerState.java:<init>(103)) - 39cc9473-aad5-4b25-9d7b-fffea4c520cd@group-D60DAB9527C4: ConfigurationManager, init=-1: [39cc9473-aad5-4b25-9d7b-fffea4c520cd:192.168.157.211:44184], old=null, confs=<EMPTY_MAP>
2019-11-08 23:42:38,059 [pool-33-thread-1] INFO  server.RaftServerConfigKeys (ConfUtils.java:logGet(43)) - raft.server.storage.dir = [/workdir/hadoop-ozone/integration-test/target/test-dir/MiniOzoneClusterImpl-7b65c80e-3cfa-488f-8d29-1931258b4af6/datanode-0/data/ratis] (custom)
2019-11-08 23:42:38,059 [pool-33-thread-1] INFO  server.RaftServerConfigKeys (ConfUtils.java:logGet(43)) - raft.server.log.corruption.policy = EXCEPTION (default)
2019-11-08 23:42:38,060 [pool-33-thread-1] INFO  storage.RaftStorageDirectory (RaftStorageDirectory.java:analyzeStorage(246)) - The storage directory /workdir/hadoop-ozone/integration-test/target/test-dir/MiniOzoneClusterImpl-7b65c80e-3cfa-488f-8d29-1931258b4af6/datanode-0/data/ratis/1e0d48a1-f19d-49bf-98e9-d60dab9527c4 does not exist. Creating ...
2019-11-08 23:42:38,084 [pool-33-thread-1] INFO  storage.RaftStorageDirectory (RaftStorageDirectory.java:tryLock(328)) - Lock on /workdir/hadoop-ozone/integration-test/target/test-dir/MiniOzoneClusterImpl-7b65c80e-3cfa-488f-8d29-1931258b4af6/datanode-0/data/ratis/1e0d48a1-f19d-49bf-98e9-d60dab9527c4/in_use.lock acquired by nodename 15468@pr-hdds-2446-container-replica-5tbsq-2341601417
2019-11-08 23:42:38,108 [pool-33-thread-1] INFO  storage.RaftStorage (RaftStorage.java:format(84)) - Storage directory /workdir/hadoop-ozone/integration-test/target/test-dir/MiniOzoneClusterImpl-7b65c80e-3cfa-488f-8d29-1931258b4af6/datanode-0/data/ratis/1e0d48a1-f19d-49bf-98e9-d60dab9527c4 has been successfully formatted.
2019-11-08 23:42:38,110 [pool-33-thread-1] INFO  ratis.ContainerStateMachine (ContainerStateMachine.java:loadSnapshot(221)) - group-D60DAB9527C4: The snapshot info is null. Setting the last applied indexto:(t:0, i:~)
2019-11-08 23:42:38,110 [pool-33-thread-1] INFO  server.RaftServerConfigKeys (ConfUtils.java:logGet(43)) - raft.server.notification.no-leader.timeout = 120s (custom)
2019-11-08 23:42:38,110 [pool-33-thread-1] INFO  server.RaftServerConfigKeys (ConfUtils.java:logGet(43)) - raft.server.log.use.memory = false (default)
2019-11-08 23:42:38,110 [pool-33-thread-1] INFO  server.RaftServerConfigKeys (ConfUtils.java:logGet(43)) - raft.server.log.purge.gap = 1000000 (custom)
2019-11-08 23:42:38,110 [pool-33-thread-1] INFO  server.RaftServerConfigKeys (ConfUtils.java:logGet(43)) - raft.server.log.appender.buffer.byte-limit = 33554432 (custom)
2019-11-08 23:42:38,111 [pool-33-thread-1] INFO  server.RaftServerConfigKeys (ConfUtils.java:logGet(43)) - raft.server.log.segment.size.max = 1048576 (custom)
2019-11-08 23:42:38,111 [pool-33-thread-1] WARN  impl.MetricRegistriesImpl (MetricRegistriesImpl.java:lambda$create$1(61)) - First MetricRegistry has been created without registering reporters. You may need to call MetricRegistries.global().addReportRegistration(...) before.
2019-11-08 23:42:38,111 [pool-33-thread-1] INFO  server.RaftServerConfigKeys (ConfUtils.java:logGet(43)) - raft.server.log.segment.cache.num.max = 2 (custom)
2019-11-08 23:42:38,111 [pool-33-thread-1] INFO  segmented.SegmentedRaftLogWorker (SegmentedRaftLogWorker.java:<init>(173)) - new 39cc9473-aad5-4b25-9d7b-fffea4c520cd@group-D60DAB9527C4-SegmentedRaftLogWorker for RaftStorage:Storage Directory /workdir/hadoop-ozone/integration-test/target/test-dir/MiniOzoneClusterImpl-7b65c80e-3cfa-488f-8d29-1931258b4af6/datanode-0/data/ratis/1e0d48a1-f19d-49bf-98e9-d60dab9527c4
2019-11-08 23:42:38,111 [pool-33-thread-1] INFO  server.RaftServerConfigKeys (ConfUtils.java:logGet(43)) - raft.server.log.queue.byte-limit = 2147483647 (custom)
2019-11-08 23:42:38,111 [pool-33-thread-1] INFO  server.RaftServerConfigKeys (ConfUtils.java:logGet(43)) - raft.server.log.queue.element-limit = 1024 (custom)
2019-11-08 23:42:38,112 [pool-33-thread-1] INFO  server.RaftServerConfigKeys (ConfUtils.java:logGet(43)) - raft.server.log.segment.size.max = 1048576 (custom)
2019-11-08 23:42:38,112 [pool-33-thread-1] INFO  server.RaftServerConfigKeys (ConfUtils.java:logGet(43)) - raft.server.log.preallocated.size = 16384 (custom)
2019-11-08 23:42:38,112 [pool-33-thread-1] INFO  server.RaftServerConfigKeys (ConfUtils.java:logGet(43)) - raft.server.log.write.buffer.size = 33554432 (custom)
2019-11-08 23:42:38,112 [pool-33-thread-1] INFO  server.RaftServerConfigKeys (ConfUtils.java:logGet(43)) - raft.server.log.force.sync.num = 128 (default)
2019-11-08 23:42:38,112 [pool-33-thread-1] INFO  server.RaftServerConfigKeys (ConfUtils.java:logGet(43)) - raft.server.log.statemachine.data.sync = true (default)
2019-11-08 23:42:38,112 [pool-33-thread-1] INFO  server.RaftServerConfigKeys (ConfUtils.java:logGet(43)) - raft.server.log.statemachine.data.sync.timeout = 10s (default)
2019-11-08 23:42:38,112 [pool-33-thread-1] INFO  server.RaftServerConfigKeys (ConfUtils.java:logGet(43)) - raft.server.log.statemachine.data.sync.timeout.retry = -1 (default)
2019-11-08 23:42:38,113 [pool-33-thread-1] INFO  server.RaftServerConfigKeys (ConfUtils.java:logGet(43)) - raft.server.log.statemachine.data.caching.enabled = true (custom)
2019-11-08 23:42:38,113 [pool-33-thread-1] INFO  segmented.SegmentedRaftLogWorker (SegmentedRaftLogWorker.java:lambda$new$0(128)) - 39cc9473-aad5-4b25-9d7b-fffea4c520cd@group-D60DAB9527C4-SegmentedRaftLogWorker: flushIndex: setUnconditionally 0 -> -1
2019-11-08 23:42:38,114 [pool-33-thread-1] INFO  server.RaftServerConfigKeys (ConfUtils.java:logGet(43)) - raft.server.snapshot.auto.trigger.enabled = true (custom)
2019-11-08 23:42:38,114 [pool-33-thread-1] INFO  server.RaftServerConfigKeys (ConfUtils.java:logGet(43)) - raft.server.snapshot.auto.trigger.threshold = 10000 (custom)
2019-11-08 23:42:38,114 [pool-33-thread-1] INFO  server.RaftServerConfigKeys (ConfUtils.java:logGet(43)) - raft.server.snapshot.retention.file.num = 5 (custom)
2019-11-08 23:42:38,114 [pool-33-thread-1] INFO  server.RaftServerConfigKeys (ConfUtils.java:logGet(43)) - raft.server.retrycache.expirytime = 600000ms (custom)
2019-11-08 23:42:38,114 [pool-33-thread-1] WARN  impl.MetricRegistriesImpl (MetricRegistriesImpl.java:lambda$create$1(61)) - First MetricRegistry has been created without registering reporters. You may need to call MetricRegistries.global().addReportRegistration(...) before.
2019-11-08 23:42:38,115 [pool-33-thread-1] WARN  impl.MetricRegistriesImpl (MetricRegistriesImpl.java:lambda$create$1(61)) - First MetricRegistry has been created without registering reporters. You may need to call MetricRegistries.global().addReportRegistration(...) before.
2019-11-08 23:42:38,115 [pool-33-thread-1] INFO  impl.RaftServerImpl (RaftServerImpl.java:start(184)) - 39cc9473-aad5-4b25-9d7b-fffea4c520cd@group-D60DAB9527C4: start as a follower, conf=-1: [39cc9473-aad5-4b25-9d7b-fffea4c520cd:192.168.157.211:44184], old=null
2019-11-08 23:42:38,115 [pool-33-thread-1] INFO  impl.RaftServerImpl (RaftServerImpl.java:setRole(173)) - 39cc9473-aad5-4b25-9d7b-fffea4c520cd@group-D60DAB9527C4: changes role from      null to FOLLOWER at term 0 for startAsFollower
2019-11-08 23:42:38,115 [pool-33-thread-1] INFO  impl.RoleInfo (RoleInfo.java:updateAndGet(143)) - 39cc9473-aad5-4b25-9d7b-fffea4c520cd: start FollowerState
2019-11-08 23:42:38,116 [pool-33-thread-1] INFO  util.JmxRegister (JmxRegister.java:tryRegister(44)) - Successfully registered JMX Bean with object name Ratis:service=RaftServer,group=group-D60DAB9527C4,id=39cc9473-aad5-4b25-9d7b-fffea4c520cd
2019-11-08 23:42:38,116 [pool-33-thread-1] WARN  impl.MetricRegistriesImpl (MetricRegistriesImpl.java:lambda$create$1(61)) - First MetricRegistry has been created without registering reporters. You may need to call MetricRegistries.global().addReportRegistration(...) before.
2019-11-08 23:42:38,171 [RatisPipelineUtilsThread] INFO  pipeline.PipelineStateManager (PipelineStateManager.java:addPipeline(56)) - Created pipeline Pipeline[ Id: 1e0d48a1-f19d-49bf-98e9-d60dab9527c4, Nodes: 39cc9473-aad5-4b25-9d7b-fffea4c520cd{ip: 192.168.157.211, host: pr-hdds-2446-container-replica-5tbsq-2341601417, networkLocation: /rack1, certSerialId: null}, Type:RATIS, Factor:ONE, State:OPEN]
2019-11-08 23:42:38,188 [grpc-default-executor-0] INFO  impl.RaftServerProxy (RaftServerProxy.java:addNew(89)) - b1d7ebd9-d515-425d-ba15-8c78ce264b9c: addNew group-121B2DE51502:[b1d7ebd9-d515-425d-ba15-8c78ce264b9c:192.168.157.211:38536] returns group-121B2DE51502:java.util.concurrent.CompletableFuture@36b43994[Not completed]
2019-11-08 23:42:38,209 [pool-43-thread-1] INFO  impl.RaftServerImpl (RaftServerImpl.java:<init>(98)) - b1d7ebd9-d515-425d-ba15-8c78ce264b9c: new RaftServerImpl for group-121B2DE51502:[b1d7ebd9-d515-425d-ba15-8c78ce264b9c:192.168.157.211:38536] with ContainerStateMachine:uninitialized
2019-11-08 23:42:38,210 [pool-43-thread-1] INFO  server.RaftServerConfigKeys (ConfUtils.java:logGet(43)) - raft.server.rpc.timeout.min = 5s (custom)
2019-11-08 23:42:38,211 [pool-43-thread-1] INFO  server.RaftServerConfigKeys (ConfUtils.java:logGet(43)) - raft.server.rpc.timeout.max = 5200ms (custom)
2019-11-08 23:42:38,211 [pool-43-thread-1] INFO  server.RaftServerConfigKeys (ConfUtils.java:logGet(43)) - raft.server.rpcslowness.timeout = 120s (custom)
2019-11-08 23:42:38,211 [pool-43-thread-1] INFO  server.RaftServerConfigKeys (ConfUtils.java:logGet(43)) - raft.server.sleep.deviation.threshold = 300 (default)
2019-11-08 23:42:38,211 [pool-43-thread-1] INFO  server.RaftServerConfigKeys (ConfUtils.java:logGet(43)) - raft.server.log.appender.install.snapshot.enabled = false (custom)
2019-11-08 23:42:38,211 [pool-43-thread-1] INFO  impl.RaftServerImpl (ServerState.java:<init>(103)) - b1d7ebd9-d515-425d-ba15-8c78ce264b9c@group-121B2DE51502: ConfigurationManager, init=-1: [b1d7ebd9-d515-425d-ba15-8c78ce264b9c:192.168.157.211:38536], old=null, confs=<EMPTY_MAP>
2019-11-08 23:42:38,211 [pool-43-thread-1] INFO  server.RaftServerConfigKeys (ConfUtils.java:logGet(43)) - raft.server.storage.dir = [/workdir/hadoop-ozone/integration-test/target/test-dir/MiniOzoneClusterImpl-7b65c80e-3cfa-488f-8d29-1931258b4af6/datanode-1/data/ratis] (custom)
2019-11-08 23:42:38,212 [pool-43-thread-1] INFO  server.RaftServerConfigKeys (ConfUtils.java:logGet(43)) - raft.server.log.corruption.policy = EXCEPTION (default)
2019-11-08 23:42:38,212 [pool-43-thread-1] INFO  storage.RaftStorageDirectory (RaftStorageDirectory.java:analyzeStorage(246)) - The storage directory /workdir/hadoop-ozone/integration-test/target/test-dir/MiniOzoneClusterImpl-7b65c80e-3cfa-488f-8d29-1931258b4af6/datanode-1/data/ratis/9de96c19-8419-4943-9ffc-121b2de51502 does not exist. Creating ...
2019-11-08 23:42:38,235 [pool-43-thread-1] INFO  storage.RaftStorageDirectory (RaftStorageDirectory.java:tryLock(328)) - Lock on /workdir/hadoop-ozone/integration-test/target/test-dir/MiniOzoneClusterImpl-7b65c80e-3cfa-488f-8d29-1931258b4af6/datanode-1/data/ratis/9de96c19-8419-4943-9ffc-121b2de51502/in_use.lock acquired by nodename 15468@pr-hdds-2446-container-replica-5tbsq-2341601417
2019-11-08 23:42:38,259 [pool-43-thread-1] INFO  storage.RaftStorage (RaftStorage.java:format(84)) - Storage directory /workdir/hadoop-ozone/integration-test/target/test-dir/MiniOzoneClusterImpl-7b65c80e-3cfa-488f-8d29-1931258b4af6/datanode-1/data/ratis/9de96c19-8419-4943-9ffc-121b2de51502 has been successfully formatted.
2019-11-08 23:42:38,259 [pool-43-thread-1] INFO  ratis.ContainerStateMachine (ContainerStateMachine.java:loadSnapshot(221)) - group-121B2DE51502: The snapshot info is null. Setting the last applied indexto:(t:0, i:~)
2019-11-08 23:42:38,260 [pool-43-thread-1] INFO  server.RaftServerConfigKeys (ConfUtils.java:logGet(43)) - raft.server.notification.no-leader.timeout = 120s (custom)
2019-11-08 23:42:38,260 [pool-43-thread-1] INFO  server.RaftServerConfigKeys (ConfUtils.java:logGet(43)) - raft.server.log.use.memory = false (default)
2019-11-08 23:42:38,261 [pool-43-thread-1] INFO  server.RaftServerConfigKeys (ConfUtils.java:logGet(43)) - raft.server.log.purge.gap = 1000000 (custom)
2019-11-08 23:42:38,261 [pool-43-thread-1] INFO  server.RaftServerConfigKeys (ConfUtils.java:logGet(43)) - raft.server.log.appender.buffer.byte-limit = 33554432 (custom)
2019-11-08 23:42:38,261 [pool-43-thread-1] INFO  server.RaftServerConfigKeys (ConfUtils.java:logGet(43)) - raft.server.log.segment.size.max = 1048576 (custom)
2019-11-08 23:42:38,261 [pool-43-thread-1] WARN  impl.MetricRegistriesImpl (MetricRegistriesImpl.java:lambda$create$1(61)) - First MetricRegistry has been created without registering reporters. You may need to call MetricRegistries.global().addReportRegistration(...) before.
2019-11-08 23:42:38,262 [pool-43-thread-1] INFO  server.RaftServerConfigKeys (ConfUtils.java:logGet(43)) - raft.server.log.segment.cache.num.max = 2 (custom)
2019-11-08 23:42:38,262 [pool-43-thread-1] INFO  segmented.SegmentedRaftLogWorker (SegmentedRaftLogWorker.java:<init>(173)) - new b1d7ebd9-d515-425d-ba15-8c78ce264b9c@group-121B2DE51502-SegmentedRaftLogWorker for RaftStorage:Storage Directory /workdir/hadoop-ozone/integration-test/target/test-dir/MiniOzoneClusterImpl-7b65c80e-3cfa-488f-8d29-1931258b4af6/datanode-1/data/ratis/9de96c19-8419-4943-9ffc-121b2de51502
2019-11-08 23:42:38,262 [pool-43-thread-1] INFO  server.RaftServerConfigKeys (ConfUtils.java:logGet(43)) - raft.server.log.queue.byte-limit = 2147483647 (custom)
2019-11-08 23:42:38,262 [pool-43-thread-1] INFO  server.RaftServerConfigKeys (ConfUtils.java:logGet(43)) - raft.server.log.queue.element-limit = 1024 (custom)
2019-11-08 23:42:38,262 [pool-43-thread-1] INFO  server.RaftServerConfigKeys (ConfUtils.java:logGet(43)) - raft.server.log.segment.size.max = 1048576 (custom)
2019-11-08 23:42:38,263 [pool-43-thread-1] INFO  server.RaftServerConfigKeys (ConfUtils.java:logGet(43)) - raft.server.log.preallocated.size = 16384 (custom)
2019-11-08 23:42:38,263 [pool-43-thread-1] INFO  server.RaftServerConfigKeys (ConfUtils.java:logGet(43)) - raft.server.log.write.buffer.size = 33554432 (custom)
2019-11-08 23:42:38,263 [pool-43-thread-1] INFO  server.RaftServerConfigKeys (ConfUtils.java:logGet(43)) - raft.server.log.force.sync.num = 128 (default)
2019-11-08 23:42:38,263 [pool-43-thread-1] INFO  server.RaftServerConfigKeys (ConfUtils.java:logGet(43)) - raft.server.log.statemachine.data.sync = true (default)
2019-11-08 23:42:38,263 [pool-43-thread-1] INFO  server.RaftServerConfigKeys (ConfUtils.java:logGet(43)) - raft.server.log.statemachine.data.sync.timeout = 10s (default)
2019-11-08 23:42:38,264 [pool-43-thread-1] INFO  server.RaftServerConfigKeys (ConfUtils.java:logGet(43)) - raft.server.log.statemachine.data.sync.timeout.retry = -1 (default)
2019-11-08 23:42:38,264 [pool-43-thread-1] INFO  server.RaftServerConfigKeys (ConfUtils.java:logGet(43)) - raft.server.log.statemachine.data.caching.enabled = true (custom)
2019-11-08 23:42:38,265 [pool-43-thread-1] INFO  segmented.SegmentedRaftLogWorker (SegmentedRaftLogWorker.java:lambda$new$0(128)) - b1d7ebd9-d515-425d-ba15-8c78ce264b9c@group-121B2DE51502-SegmentedRaftLogWorker: flushIndex: setUnconditionally 0 -> -1
2019-11-08 23:42:38,265 [pool-43-thread-1] INFO  server.RaftServerConfigKeys (ConfUtils.java:logGet(43)) - raft.server.snapshot.auto.trigger.enabled = true (custom)
2019-11-08 23:42:38,265 [pool-43-thread-1] INFO  server.RaftServerConfigKeys (ConfUtils.java:logGet(43)) - raft.server.snapshot.auto.trigger.threshold = 10000 (custom)
2019-11-08 23:42:38,265 [pool-43-thread-1] INFO  server.RaftServerConfigKeys (ConfUtils.java:logGet(43)) - raft.server.snapshot.retention.file.num = 5 (custom)
2019-11-08 23:42:38,266 [pool-43-thread-1] INFO  server.RaftServerConfigKeys (ConfUtils.java:logGet(43)) - raft.server.retrycache.expirytime = 600000ms (custom)
2019-11-08 23:42:38,266 [pool-43-thread-1] WARN  impl.MetricRegistriesImpl (MetricRegistriesImpl.java:lambda$create$1(61)) - First MetricRegistry has been created without registering reporters. You may need to call MetricRegistries.global().addReportRegistration(...) before.
2019-11-08 23:42:38,266 [pool-43-thread-1] WARN  impl.MetricRegistriesImpl (MetricRegistriesImpl.java:lambda$create$1(61)) - First MetricRegistry has been created without registering reporters. You may need to call MetricRegistries.global().addReportRegistration(...) before.
2019-11-08 23:42:38,267 [pool-43-thread-1] INFO  impl.RaftServerImpl (RaftServerImpl.java:start(184)) - b1d7ebd9-d515-425d-ba15-8c78ce264b9c@group-121B2DE51502: start as a follower, conf=-1: [b1d7ebd9-d515-425d-ba15-8c78ce264b9c:192.168.157.211:38536], old=null
2019-11-08 23:42:38,267 [pool-43-thread-1] INFO  impl.RaftServerImpl (RaftServerImpl.java:setRole(173)) - b1d7ebd9-d515-425d-ba15-8c78ce264b9c@group-121B2DE51502: changes role from      null to FOLLOWER at term 0 for startAsFollower
2019-11-08 23:42:38,267 [pool-43-thread-1] INFO  impl.RoleInfo (RoleInfo.java:updateAndGet(143)) - b1d7ebd9-d515-425d-ba15-8c78ce264b9c: start FollowerState
2019-11-08 23:42:38,268 [pool-43-thread-1] INFO  util.JmxRegister (JmxRegister.java:tryRegister(44)) - Successfully registered JMX Bean with object name Ratis:service=RaftServer,group=group-121B2DE51502,id=b1d7ebd9-d515-425d-ba15-8c78ce264b9c
2019-11-08 23:42:38,268 [pool-43-thread-1] WARN  impl.MetricRegistriesImpl (MetricRegistriesImpl.java:lambda$create$1(61)) - First MetricRegistry has been created without registering reporters. You may need to call MetricRegistries.global().addReportRegistration(...) before.
2019-11-08 23:42:38,279 [RatisPipelineUtilsThread] INFO  pipeline.PipelineStateManager (PipelineStateManager.java:addPipeline(56)) - Created pipeline Pipeline[ Id: 9de96c19-8419-4943-9ffc-121b2de51502, Nodes: b1d7ebd9-d515-425d-ba15-8c78ce264b9c{ip: 192.168.157.211, host: pr-hdds-2446-container-replica-5tbsq-2341601417, networkLocation: /rack1, certSerialId: null}, Type:RATIS, Factor:ONE, State:OPEN]
2019-11-08 23:42:38,297 [grpc-default-executor-0] INFO  impl.RaftServerProxy (RaftServerProxy.java:addNew(89)) - b0254fda-0d8d-4a53-9155-cc1eedc149de: addNew group-3522BCB8F7C6:[b0254fda-0d8d-4a53-9155-cc1eedc149de:192.168.157.211:36287] returns group-3522BCB8F7C6:java.util.concurrent.CompletableFuture@dd20bac[Not completed]
2019-11-08 23:42:38,314 [pool-63-thread-1] INFO  impl.RaftServerImpl (RaftServerImpl.java:<init>(98)) - b0254fda-0d8d-4a53-9155-cc1eedc149de: new RaftServerImpl for group-3522BCB8F7C6:[b0254fda-0d8d-4a53-9155-cc1eedc149de:192.168.157.211:36287] with ContainerStateMachine:uninitialized
2019-11-08 23:42:38,314 [pool-63-thread-1] INFO  server.RaftServerConfigKeys (ConfUtils.java:logGet(43)) - raft.server.rpc.timeout.min = 5s (custom)
2019-11-08 23:42:38,314 [pool-63-thread-1] INFO  server.RaftServerConfigKeys (ConfUtils.java:logGet(43)) - raft.server.rpc.timeout.max = 5200ms (custom)
2019-11-08 23:42:38,315 [pool-63-thread-1] INFO  server.RaftServerConfigKeys (ConfUtils.java:logGet(43)) - raft.server.rpcslowness.timeout = 120s (custom)
2019-11-08 23:42:38,315 [pool-63-thread-1] INFO  server.RaftServerConfigKeys (ConfUtils.java:logGet(43)) - raft.server.sleep.deviation.threshold = 300 (default)
2019-11-08 23:42:38,315 [pool-63-thread-1] INFO  server.RaftServerConfigKeys (ConfUtils.java:logGet(43)) - raft.server.log.appender.install.snapshot.enabled = false (custom)
2019-11-08 23:42:38,315 [pool-63-thread-1] INFO  impl.RaftServerImpl (ServerState.java:<init>(103)) - b0254fda-0d8d-4a53-9155-cc1eedc149de@group-3522BCB8F7C6: ConfigurationManager, init=-1: [b0254fda-0d8d-4a53-9155-cc1eedc149de:192.168.157.211:36287], old=null, confs=<EMPTY_MAP>
2019-11-08 23:42:38,315 [pool-63-thread-1] INFO  server.RaftServerConfigKeys (ConfUtils.java:logGet(43)) - raft.server.storage.dir = [/workdir/hadoop-ozone/integration-test/target/test-dir/MiniOzoneClusterImpl-7b65c80e-3cfa-488f-8d29-1931258b4af6/datanode-3/data/ratis] (custom)
2019-11-08 23:42:38,316 [pool-63-thread-1] INFO  server.RaftServerConfigKeys (ConfUtils.java:logGet(43)) - raft.server.log.corruption.policy = EXCEPTION (default)
2019-11-08 23:42:38,316 [pool-63-thread-1] INFO  storage.RaftStorageDirectory (RaftStorageDirectory.java:analyzeStorage(246)) - The storage directory /workdir/hadoop-ozone/integration-test/target/test-dir/MiniOzoneClusterImpl-7b65c80e-3cfa-488f-8d29-1931258b4af6/datanode-3/data/ratis/13c621bc-8f27-452b-8b27-3522bcb8f7c6 does not exist. Creating ...
2019-11-08 23:42:38,358 [pool-63-thread-1] INFO  storage.RaftStorageDirectory (RaftStorageDirectory.java:tryLock(328)) - Lock on /workdir/hadoop-ozone/integration-test/target/test-dir/MiniOzoneClusterImpl-7b65c80e-3cfa-488f-8d29-1931258b4af6/datanode-3/data/ratis/13c621bc-8f27-452b-8b27-3522bcb8f7c6/in_use.lock acquired by nodename 15468@pr-hdds-2446-container-replica-5tbsq-2341601417
2019-11-08 23:42:38,383 [pool-63-thread-1] INFO  storage.RaftStorage (RaftStorage.java:format(84)) - Storage directory /workdir/hadoop-ozone/integration-test/target/test-dir/MiniOzoneClusterImpl-7b65c80e-3cfa-488f-8d29-1931258b4af6/datanode-3/data/ratis/13c621bc-8f27-452b-8b27-3522bcb8f7c6 has been successfully formatted.
2019-11-08 23:42:38,383 [pool-63-thread-1] INFO  ratis.ContainerStateMachine (ContainerStateMachine.java:loadSnapshot(221)) - group-3522BCB8F7C6: The snapshot info is null. Setting the last applied indexto:(t:0, i:~)
2019-11-08 23:42:38,383 [pool-63-thread-1] INFO  server.RaftServerConfigKeys (ConfUtils.java:logGet(43)) - raft.server.notification.no-leader.timeout = 120s (custom)
2019-11-08 23:42:38,383 [pool-63-thread-1] INFO  server.RaftServerConfigKeys (ConfUtils.java:logGet(43)) - raft.server.log.use.memory = false (default)
2019-11-08 23:42:38,384 [pool-63-thread-1] INFO  server.RaftServerConfigKeys (ConfUtils.java:logGet(43)) - raft.server.log.purge.gap = 1000000 (custom)
2019-11-08 23:42:38,384 [pool-63-thread-1] INFO  server.RaftServerConfigKeys (ConfUtils.java:logGet(43)) - raft.server.log.appender.buffer.byte-limit = 33554432 (custom)
2019-11-08 23:42:38,384 [pool-63-thread-1] INFO  server.RaftServerConfigKeys (ConfUtils.java:logGet(43)) - raft.server.log.segment.size.max = 1048576 (custom)
2019-11-08 23:42:38,384 [pool-63-thread-1] WARN  impl.MetricRegistriesImpl (MetricRegistriesImpl.java:lambda$create$1(61)) - First MetricRegistry has been created without registering reporters. You may need to call MetricRegistries.global().addReportRegistration(...) before.
2019-11-08 23:42:38,384 [pool-63-thread-1] INFO  server.RaftServerConfigKeys (ConfUtils.java:logGet(43)) - raft.server.log.segment.cache.num.max = 2 (custom)
2019-11-08 23:42:38,385 [pool-63-thread-1] INFO  segmented.SegmentedRaftLogWorker (SegmentedRaftLogWorker.java:<init>(173)) - new b0254fda-0d8d-4a53-9155-cc1eedc149de@group-3522BCB8F7C6-SegmentedRaftLogWorker for RaftStorage:Storage Directory /workdir/hadoop-ozone/integration-test/target/test-dir/MiniOzoneClusterImpl-7b65c80e-3cfa-488f-8d29-1931258b4af6/datanode-3/data/ratis/13c621bc-8f27-452b-8b27-3522bcb8f7c6
2019-11-08 23:42:38,385 [pool-63-thread-1] INFO  server.RaftServerConfigKeys (ConfUtils.java:logGet(43)) - raft.server.log.queue.byte-limit = 2147483647 (custom)
2019-11-08 23:42:38,385 [pool-63-thread-1] INFO  server.RaftServerConfigKeys (ConfUtils.java:logGet(43)) - raft.server.log.queue.element-limit = 1024 (custom)
2019-11-08 23:42:38,385 [pool-63-thread-1] INFO  server.RaftServerConfigKeys (ConfUtils.java:logGet(43)) - raft.server.log.segment.size.max = 1048576 (custom)
2019-11-08 23:42:38,385 [pool-63-thread-1] INFO  server.RaftServerConfigKeys (ConfUtils.java:logGet(43)) - raft.server.log.preallocated.size = 16384 (custom)
2019-11-08 23:42:38,385 [pool-63-thread-1] INFO  server.RaftServerConfigKeys (ConfUtils.java:logGet(43)) - raft.server.log.write.buffer.size = 33554432 (custom)
2019-11-08 23:42:38,386 [pool-63-thread-1] INFO  server.RaftServerConfigKeys (ConfUtils.java:logGet(43)) - raft.server.log.force.sync.num = 128 (default)
2019-11-08 23:42:38,386 [pool-63-thread-1] INFO  server.RaftServerConfigKeys (ConfUtils.java:logGet(43)) - raft.server.log.statemachine.data.sync = true (default)
2019-11-08 23:42:38,386 [pool-63-thread-1] INFO  server.RaftServerConfigKeys (ConfUtils.java:logGet(43)) - raft.server.log.statemachine.data.sync.timeout = 10s (default)
2019-11-08 23:42:38,386 [pool-63-thread-1] INFO  server.RaftServerConfigKeys (ConfUtils.java:logGet(43)) - raft.server.log.statemachine.data.sync.timeout.retry = -1 (default)
2019-11-08 23:42:38,387 [pool-63-thread-1] INFO  server.RaftServerConfigKeys (ConfUtils.java:logGet(43)) - raft.server.log.statemachine.data.caching.enabled = true (custom)
2019-11-08 23:42:38,387 [pool-63-thread-1] INFO  segmented.SegmentedRaftLogWorker (SegmentedRaftLogWorker.java:lambda$new$0(128)) - b0254fda-0d8d-4a53-9155-cc1eedc149de@group-3522BCB8F7C6-SegmentedRaftLogWorker: flushIndex: setUnconditionally 0 -> -1
2019-11-08 23:42:38,388 [pool-63-thread-1] INFO  server.RaftServerConfigKeys (ConfUtils.java:logGet(43)) - raft.server.snapshot.auto.trigger.enabled = true (custom)
2019-11-08 23:42:38,388 [pool-63-thread-1] INFO  server.RaftServerConfigKeys (ConfUtils.java:logGet(43)) - raft.server.snapshot.auto.trigger.threshold = 10000 (custom)
2019-11-08 23:42:38,388 [pool-63-thread-1] INFO  server.RaftServerConfigKeys (ConfUtils.java:logGet(43)) - raft.server.snapshot.retention.file.num = 5 (custom)
2019-11-08 23:42:38,388 [pool-63-thread-1] INFO  server.RaftServerConfigKeys (ConfUtils.java:logGet(43)) - raft.server.retrycache.expirytime = 600000ms (custom)
2019-11-08 23:42:38,388 [pool-63-thread-1] WARN  impl.MetricRegistriesImpl (MetricRegistriesImpl.java:lambda$create$1(61)) - First MetricRegistry has been created without registering reporters. You may need to call MetricRegistries.global().addReportRegistration(...) before.
2019-11-08 23:42:38,389 [pool-63-thread-1] WARN  impl.MetricRegistriesImpl (MetricRegistriesImpl.java:lambda$create$1(61)) - First MetricRegistry has been created without registering reporters. You may need to call MetricRegistries.global().addReportRegistration(...) before.
2019-11-08 23:42:38,389 [pool-63-thread-1] INFO  impl.RaftServerImpl (RaftServerImpl.java:start(184)) - b0254fda-0d8d-4a53-9155-cc1eedc149de@group-3522BCB8F7C6: start as a follower, conf=-1: [b0254fda-0d8d-4a53-9155-cc1eedc149de:192.168.157.211:36287], old=null
2019-11-08 23:42:38,389 [pool-63-thread-1] INFO  impl.RaftServerImpl (RaftServerImpl.java:setRole(173)) - b0254fda-0d8d-4a53-9155-cc1eedc149de@group-3522BCB8F7C6: changes role from      null to FOLLOWER at term 0 for startAsFollower
2019-11-08 23:42:38,389 [pool-63-thread-1] INFO  impl.RoleInfo (RoleInfo.java:updateAndGet(143)) - b0254fda-0d8d-4a53-9155-cc1eedc149de: start FollowerState
2019-11-08 23:42:38,390 [pool-63-thread-1] INFO  util.JmxRegister (JmxRegister.java:tryRegister(44)) - Successfully registered JMX Bean with object name Ratis:service=RaftServer,group=group-3522BCB8F7C6,id=b0254fda-0d8d-4a53-9155-cc1eedc149de
2019-11-08 23:42:38,390 [pool-63-thread-1] WARN  impl.MetricRegistriesImpl (MetricRegistriesImpl.java:lambda$create$1(61)) - First MetricRegistry has been created without registering reporters. You may need to call MetricRegistries.global().addReportRegistration(...) before.
2019-11-08 23:42:38,400 [RatisPipelineUtilsThread] INFO  pipeline.PipelineStateManager (PipelineStateManager.java:addPipeline(56)) - Created pipeline Pipeline[ Id: 13c621bc-8f27-452b-8b27-3522bcb8f7c6, Nodes: b0254fda-0d8d-4a53-9155-cc1eedc149de{ip: 192.168.157.211, host: pr-hdds-2446-container-replica-5tbsq-2341601417, networkLocation: /rack1, certSerialId: null}, Type:RATIS, Factor:ONE, State:OPEN]
2019-11-08 23:42:38,415 [grpc-default-executor-0] INFO  impl.RaftServerProxy (RaftServerProxy.java:addNew(89)) - 820002c6-9ffb-4b19-ac52-432360c0d1a9: addNew group-66B1CE2212FE:[820002c6-9ffb-4b19-ac52-432360c0d1a9:192.168.157.211:37294] returns group-66B1CE2212FE:java.util.concurrent.CompletableFuture@6fe95e2d[Not completed]
2019-11-08 23:42:38,417 [pool-53-thread-1] INFO  impl.RaftServerImpl (RaftServerImpl.java:<init>(98)) - 820002c6-9ffb-4b19-ac52-432360c0d1a9: new RaftServerImpl for group-66B1CE2212FE:[820002c6-9ffb-4b19-ac52-432360c0d1a9:192.168.157.211:37294] with ContainerStateMachine:uninitialized
2019-11-08 23:42:38,417 [pool-53-thread-1] INFO  server.RaftServerConfigKeys (ConfUtils.java:logGet(43)) - raft.server.rpc.timeout.min = 5s (custom)
2019-11-08 23:42:38,417 [pool-53-thread-1] INFO  server.RaftServerConfigKeys (ConfUtils.java:logGet(43)) - raft.server.rpc.timeout.max = 5200ms (custom)
2019-11-08 23:42:38,417 [pool-53-thread-1] INFO  server.RaftServerConfigKeys (ConfUtils.java:logGet(43)) - raft.server.rpcslowness.timeout = 120s (custom)
2019-11-08 23:42:38,417 [pool-53-thread-1] INFO  server.RaftServerConfigKeys (ConfUtils.java:logGet(43)) - raft.server.sleep.deviation.threshold = 300 (default)
2019-11-08 23:42:38,417 [pool-53-thread-1] INFO  server.RaftServerConfigKeys (ConfUtils.java:logGet(43)) - raft.server.log.appender.install.snapshot.enabled = false (custom)
2019-11-08 23:42:38,417 [pool-53-thread-1] INFO  impl.RaftServerImpl (ServerState.java:<init>(103)) - 820002c6-9ffb-4b19-ac52-432360c0d1a9@group-66B1CE2212FE: ConfigurationManager, init=-1: [820002c6-9ffb-4b19-ac52-432360c0d1a9:192.168.157.211:37294], old=null, confs=<EMPTY_MAP>
2019-11-08 23:42:38,418 [pool-53-thread-1] INFO  server.RaftServerConfigKeys (ConfUtils.java:logGet(43)) - raft.server.storage.dir = [/workdir/hadoop-ozone/integration-test/target/test-dir/MiniOzoneClusterImpl-7b65c80e-3cfa-488f-8d29-1931258b4af6/datanode-2/data/ratis] (custom)
2019-11-08 23:42:38,418 [pool-53-thread-1] INFO  server.RaftServerConfigKeys (ConfUtils.java:logGet(43)) - raft.server.log.corruption.policy = EXCEPTION (default)
2019-11-08 23:42:38,418 [pool-53-thread-1] INFO  storage.RaftStorageDirectory (RaftStorageDirectory.java:analyzeStorage(246)) - The storage directory /workdir/hadoop-ozone/integration-test/target/test-dir/MiniOzoneClusterImpl-7b65c80e-3cfa-488f-8d29-1931258b4af6/datanode-2/data/ratis/b344ebaf-8e61-446f-8208-66b1ce2212fe does not exist. Creating ...
2019-11-08 23:42:38,442 [pool-53-thread-1] INFO  storage.RaftStorageDirectory (RaftStorageDirectory.java:tryLock(328)) - Lock on /workdir/hadoop-ozone/integration-test/target/test-dir/MiniOzoneClusterImpl-7b65c80e-3cfa-488f-8d29-1931258b4af6/datanode-2/data/ratis/b344ebaf-8e61-446f-8208-66b1ce2212fe/in_use.lock acquired by nodename 15468@pr-hdds-2446-container-replica-5tbsq-2341601417
2019-11-08 23:42:38,465 [pool-53-thread-1] INFO  storage.RaftStorage (RaftStorage.java:format(84)) - Storage directory /workdir/hadoop-ozone/integration-test/target/test-dir/MiniOzoneClusterImpl-7b65c80e-3cfa-488f-8d29-1931258b4af6/datanode-2/data/ratis/b344ebaf-8e61-446f-8208-66b1ce2212fe has been successfully formatted.
2019-11-08 23:42:38,466 [pool-53-thread-1] INFO  ratis.ContainerStateMachine (ContainerStateMachine.java:loadSnapshot(221)) - group-66B1CE2212FE: The snapshot info is null. Setting the last applied indexto:(t:0, i:~)
2019-11-08 23:42:38,466 [pool-53-thread-1] INFO  server.RaftServerConfigKeys (ConfUtils.java:logGet(43)) - raft.server.notification.no-leader.timeout = 120s (custom)
2019-11-08 23:42:38,466 [pool-53-thread-1] INFO  server.RaftServerConfigKeys (ConfUtils.java:logGet(43)) - raft.server.log.use.memory = false (default)
2019-11-08 23:42:38,466 [pool-53-thread-1] INFO  server.RaftServerConfigKeys (ConfUtils.java:logGet(43)) - raft.server.log.purge.gap = 1000000 (custom)
2019-11-08 23:42:38,466 [pool-53-thread-1] INFO  server.RaftServerConfigKeys (ConfUtils.java:logGet(43)) - raft.server.log.appender.buffer.byte-limit = 33554432 (custom)
2019-11-08 23:42:38,466 [pool-53-thread-1] INFO  server.RaftServerConfigKeys (ConfUtils.java:logGet(43)) - raft.server.log.segment.size.max = 1048576 (custom)
2019-11-08 23:42:38,467 [pool-53-thread-1] WARN  impl.MetricRegistriesImpl (MetricRegistriesImpl.java:lambda$create$1(61)) - First MetricRegistry has been created without registering reporters. You may need to call MetricRegistries.global().addReportRegistration(...) before.
2019-11-08 23:42:38,467 [pool-53-thread-1] INFO  server.RaftServerConfigKeys (ConfUtils.java:logGet(43)) - raft.server.log.segment.cache.num.max = 2 (custom)
2019-11-08 23:42:38,467 [pool-53-thread-1] INFO  segmented.SegmentedRaftLogWorker (SegmentedRaftLogWorker.java:<init>(173)) - new 820002c6-9ffb-4b19-ac52-432360c0d1a9@group-66B1CE2212FE-SegmentedRaftLogWorker for RaftStorage:Storage Directory /workdir/hadoop-ozone/integration-test/target/test-dir/MiniOzoneClusterImpl-7b65c80e-3cfa-488f-8d29-1931258b4af6/datanode-2/data/ratis/b344ebaf-8e61-446f-8208-66b1ce2212fe
2019-11-08 23:42:38,467 [pool-53-thread-1] INFO  server.RaftServerConfigKeys (ConfUtils.java:logGet(43)) - raft.server.log.queue.byte-limit = 2147483647 (custom)
2019-11-08 23:42:38,467 [pool-53-thread-1] INFO  server.RaftServerConfigKeys (ConfUtils.java:logGet(43)) - raft.server.log.queue.element-limit = 1024 (custom)
2019-11-08 23:42:38,467 [pool-53-thread-1] INFO  server.RaftServerConfigKeys (ConfUtils.java:logGet(43)) - raft.server.log.segment.size.max = 1048576 (custom)
2019-11-08 23:42:38,468 [pool-53-thread-1] INFO  server.RaftServerConfigKeys (ConfUtils.java:logGet(43)) - raft.server.log.preallocated.size = 16384 (custom)
2019-11-08 23:42:38,468 [pool-53-thread-1] INFO  server.RaftServerConfigKeys (ConfUtils.java:logGet(43)) - raft.server.log.write.buffer.size = 33554432 (custom)
2019-11-08 23:42:38,468 [pool-53-thread-1] INFO  server.RaftServerConfigKeys (ConfUtils.java:logGet(43)) - raft.server.log.force.sync.num = 128 (default)
2019-11-08 23:42:38,468 [pool-53-thread-1] INFO  server.RaftServerConfigKeys (ConfUtils.java:logGet(43)) - raft.server.log.statemachine.data.sync = true (default)
2019-11-08 23:42:38,468 [pool-53-thread-1] INFO  server.RaftServerConfigKeys (ConfUtils.java:logGet(43)) - raft.server.log.statemachine.data.sync.timeout = 10s (default)
2019-11-08 23:42:38,468 [pool-53-thread-1] INFO  server.RaftServerConfigKeys (ConfUtils.java:logGet(43)) - raft.server.log.statemachine.data.sync.timeout.retry = -1 (default)
2019-11-08 23:42:38,469 [pool-53-thread-1] INFO  server.RaftServerConfigKeys (ConfUtils.java:logGet(43)) - raft.server.log.statemachine.data.caching.enabled = true (custom)
2019-11-08 23:42:38,469 [pool-53-thread-1] INFO  segmented.SegmentedRaftLogWorker (SegmentedRaftLogWorker.java:lambda$new$0(128)) - 820002c6-9ffb-4b19-ac52-432360c0d1a9@group-66B1CE2212FE-SegmentedRaftLogWorker: flushIndex: setUnconditionally 0 -> -1
2019-11-08 23:42:38,470 [pool-53-thread-1] INFO  server.RaftServerConfigKeys (ConfUtils.java:logGet(43)) - raft.server.snapshot.auto.trigger.enabled = true (custom)
2019-11-08 23:42:38,470 [pool-53-thread-1] INFO  server.RaftServerConfigKeys (ConfUtils.java:logGet(43)) - raft.server.snapshot.auto.trigger.threshold = 10000 (custom)
2019-11-08 23:42:38,470 [pool-53-thread-1] INFO  server.RaftServerConfigKeys (ConfUtils.java:logGet(43)) - raft.server.snapshot.retention.file.num = 5 (custom)
2019-11-08 23:42:38,470 [pool-53-thread-1] INFO  server.RaftServerConfigKeys (ConfUtils.java:logGet(43)) - raft.server.retrycache.expirytime = 600000ms (custom)
2019-11-08 23:42:38,471 [pool-53-thread-1] WARN  impl.MetricRegistriesImpl (MetricRegistriesImpl.java:lambda$create$1(61)) - First MetricRegistry has been created without registering reporters. You may need to call MetricRegistries.global().addReportRegistration(...) before.
2019-11-08 23:42:38,471 [pool-53-thread-1] WARN  impl.MetricRegistriesImpl (MetricRegistriesImpl.java:lambda$create$1(61)) - First MetricRegistry has been created without registering reporters. You may need to call MetricRegistries.global().addReportRegistration(...) before.
2019-11-08 23:42:38,471 [pool-53-thread-1] INFO  impl.RaftServerImpl (RaftServerImpl.java:start(184)) - 820002c6-9ffb-4b19-ac52-432360c0d1a9@group-66B1CE2212FE: start as a follower, conf=-1: [820002c6-9ffb-4b19-ac52-432360c0d1a9:192.168.157.211:37294], old=null
2019-11-08 23:42:38,471 [pool-53-thread-1] INFO  impl.RaftServerImpl (RaftServerImpl.java:setRole(173)) - 820002c6-9ffb-4b19-ac52-432360c0d1a9@group-66B1CE2212FE: changes role from      null to FOLLOWER at term 0 for startAsFollower
2019-11-08 23:42:38,471 [pool-53-thread-1] INFO  impl.RoleInfo (RoleInfo.java:updateAndGet(143)) - 820002c6-9ffb-4b19-ac52-432360c0d1a9: start FollowerState
2019-11-08 23:42:38,472 [pool-53-thread-1] INFO  util.JmxRegister (JmxRegister.java:tryRegister(44)) - Successfully registered JMX Bean with object name Ratis:service=RaftServer,group=group-66B1CE2212FE,id=820002c6-9ffb-4b19-ac52-432360c0d1a9
2019-11-08 23:42:38,472 [pool-53-thread-1] WARN  impl.MetricRegistriesImpl (MetricRegistriesImpl.java:lambda$create$1(61)) - First MetricRegistry has been created without registering reporters. You may need to call MetricRegistries.global().addReportRegistration(...) before.
2019-11-08 23:42:38,481 [RatisPipelineUtilsThread] INFO  pipeline.PipelineStateManager (PipelineStateManager.java:addPipeline(56)) - Created pipeline Pipeline[ Id: b344ebaf-8e61-446f-8208-66b1ce2212fe, Nodes: 820002c6-9ffb-4b19-ac52-432360c0d1a9{ip: 192.168.157.211, host: pr-hdds-2446-container-replica-5tbsq-2341601417, networkLocation: /rack1, certSerialId: null}, Type:RATIS, Factor:ONE, State:OPEN]
2019-11-08 23:42:38,514 [grpc-default-executor-2] INFO  impl.RaftServerProxy (RaftServerProxy.java:addNew(89)) - b1d7ebd9-d515-425d-ba15-8c78ce264b9c: addNew group-08B5B0C5DBCB:[b0254fda-0d8d-4a53-9155-cc1eedc149de:192.168.157.211:36287, 39cc9473-aad5-4b25-9d7b-fffea4c520cd:192.168.157.211:44184, b1d7ebd9-d515-425d-ba15-8c78ce264b9c:192.168.157.211:38536] returns group-08B5B0C5DBCB:java.util.concurrent.CompletableFuture@24fb2fb5[Not completed]
2019-11-08 23:42:38,519 [pool-43-thread-1] INFO  impl.RaftServerImpl (RaftServerImpl.java:<init>(98)) - b1d7ebd9-d515-425d-ba15-8c78ce264b9c: new RaftServerImpl for group-08B5B0C5DBCB:[b0254fda-0d8d-4a53-9155-cc1eedc149de:192.168.157.211:36287, 39cc9473-aad5-4b25-9d7b-fffea4c520cd:192.168.157.211:44184, b1d7ebd9-d515-425d-ba15-8c78ce264b9c:192.168.157.211:38536] with ContainerStateMachine:uninitialized
2019-11-08 23:42:38,519 [grpc-default-executor-2] INFO  impl.RaftServerProxy (RaftServerProxy.java:addNew(89)) - b0254fda-0d8d-4a53-9155-cc1eedc149de: addNew group-08B5B0C5DBCB:[b0254fda-0d8d-4a53-9155-cc1eedc149de:192.168.157.211:36287, 39cc9473-aad5-4b25-9d7b-fffea4c520cd:192.168.157.211:44184, b1d7ebd9-d515-425d-ba15-8c78ce264b9c:192.168.157.211:38536] returns group-08B5B0C5DBCB:java.util.concurrent.CompletableFuture@61f9a54e[Not completed]
2019-11-08 23:42:38,519 [pool-43-thread-1] INFO  server.RaftServerConfigKeys (ConfUtils.java:logGet(43)) - raft.server.rpc.timeout.min = 5s (custom)
2019-11-08 23:42:38,520 [pool-43-thread-1] INFO  server.RaftServerConfigKeys (ConfUtils.java:logGet(43)) - raft.server.rpc.timeout.max = 5200ms (custom)
2019-11-08 23:42:38,520 [pool-43-thread-1] INFO  server.RaftServerConfigKeys (ConfUtils.java:logGet(43)) - raft.server.rpcslowness.timeout = 120s (custom)
2019-11-08 23:42:38,520 [pool-43-thread-1] INFO  server.RaftServerConfigKeys (ConfUtils.java:logGet(43)) - raft.server.sleep.deviation.threshold = 300 (default)
2019-11-08 23:42:38,520 [pool-43-thread-1] INFO  server.RaftServerConfigKeys (ConfUtils.java:logGet(43)) - raft.server.log.appender.install.snapshot.enabled = false (custom)
2019-11-08 23:42:38,520 [pool-43-thread-1] INFO  impl.RaftServerImpl (ServerState.java:<init>(103)) - b1d7ebd9-d515-425d-ba15-8c78ce264b9c@group-08B5B0C5DBCB: ConfigurationManager, init=-1: [b0254fda-0d8d-4a53-9155-cc1eedc149de:192.168.157.211:36287, 39cc9473-aad5-4b25-9d7b-fffea4c520cd:192.168.157.211:44184, b1d7ebd9-d515-425d-ba15-8c78ce264b9c:192.168.157.211:38536], old=null, confs=<EMPTY_MAP>
2019-11-08 23:42:38,521 [pool-43-thread-1] INFO  server.RaftServerConfigKeys (ConfUtils.java:logGet(43)) - raft.server.storage.dir = [/workdir/hadoop-ozone/integration-test/target/test-dir/MiniOzoneClusterImpl-7b65c80e-3cfa-488f-8d29-1931258b4af6/datanode-1/data/ratis] (custom)
2019-11-08 23:42:38,521 [grpc-default-executor-2] INFO  impl.RaftServerProxy (RaftServerProxy.java:addNew(89)) - 39cc9473-aad5-4b25-9d7b-fffea4c520cd: addNew group-08B5B0C5DBCB:[b0254fda-0d8d-4a53-9155-cc1eedc149de:192.168.157.211:36287, 39cc9473-aad5-4b25-9d7b-fffea4c520cd:192.168.157.211:44184, b1d7ebd9-d515-425d-ba15-8c78ce264b9c:192.168.157.211:38536] returns group-08B5B0C5DBCB:java.util.concurrent.CompletableFuture@50d24207[Not completed]
2019-11-08 23:42:38,521 [pool-43-thread-1] INFO  server.RaftServerConfigKeys (ConfUtils.java:logGet(43)) - raft.server.log.corruption.policy = EXCEPTION (default)
2019-11-08 23:42:38,521 [pool-43-thread-1] INFO  storage.RaftStorageDirectory (RaftStorageDirectory.java:analyzeStorage(246)) - The storage directory /workdir/hadoop-ozone/integration-test/target/test-dir/MiniOzoneClusterImpl-7b65c80e-3cfa-488f-8d29-1931258b4af6/datanode-1/data/ratis/77931f26-b167-4586-a2dd-08b5b0c5dbcb does not exist. Creating ...
2019-11-08 23:42:38,521 [pool-63-thread-1] INFO  impl.RaftServerImpl (RaftServerImpl.java:<init>(98)) - b0254fda-0d8d-4a53-9155-cc1eedc149de: new RaftServerImpl for group-08B5B0C5DBCB:[b0254fda-0d8d-4a53-9155-cc1eedc149de:192.168.157.211:36287, 39cc9473-aad5-4b25-9d7b-fffea4c520cd:192.168.157.211:44184, b1d7ebd9-d515-425d-ba15-8c78ce264b9c:192.168.157.211:38536] with ContainerStateMachine:uninitialized
2019-11-08 23:42:38,522 [pool-63-thread-1] INFO  server.RaftServerConfigKeys (ConfUtils.java:logGet(43)) - raft.server.rpc.timeout.min = 5s (custom)
2019-11-08 23:42:38,522 [pool-63-thread-1] INFO  server.RaftServerConfigKeys (ConfUtils.java:logGet(43)) - raft.server.rpc.timeout.max = 5200ms (custom)
2019-11-08 23:42:38,522 [pool-63-thread-1] INFO  server.RaftServerConfigKeys (ConfUtils.java:logGet(43)) - raft.server.rpcslowness.timeout = 120s (custom)
2019-11-08 23:42:38,522 [pool-63-thread-1] INFO  server.RaftServerConfigKeys (ConfUtils.java:logGet(43)) - raft.server.sleep.deviation.threshold = 300 (default)
2019-11-08 23:42:38,522 [pool-63-thread-1] INFO  server.RaftServerConfigKeys (ConfUtils.java:logGet(43)) - raft.server.log.appender.install.snapshot.enabled = false (custom)
2019-11-08 23:42:38,522 [pool-33-thread-1] INFO  impl.RaftServerImpl (RaftServerImpl.java:<init>(98)) - 39cc9473-aad5-4b25-9d7b-fffea4c520cd: new RaftServerImpl for group-08B5B0C5DBCB:[b0254fda-0d8d-4a53-9155-cc1eedc149de:192.168.157.211:36287, 39cc9473-aad5-4b25-9d7b-fffea4c520cd:192.168.157.211:44184, b1d7ebd9-d515-425d-ba15-8c78ce264b9c:192.168.157.211:38536] with ContainerStateMachine:uninitialized
2019-11-08 23:42:38,522 [pool-63-thread-1] INFO  impl.RaftServerImpl (ServerState.java:<init>(103)) - b0254fda-0d8d-4a53-9155-cc1eedc149de@group-08B5B0C5DBCB: ConfigurationManager, init=-1: [b0254fda-0d8d-4a53-9155-cc1eedc149de:192.168.157.211:36287, 39cc9473-aad5-4b25-9d7b-fffea4c520cd:192.168.157.211:44184, b1d7ebd9-d515-425d-ba15-8c78ce264b9c:192.168.157.211:38536], old=null, confs=<EMPTY_MAP>
2019-11-08 23:42:38,522 [pool-33-thread-1] INFO  server.RaftServerConfigKeys (ConfUtils.java:logGet(43)) - raft.server.rpc.timeout.min = 5s (custom)
2019-11-08 23:42:38,523 [pool-63-thread-1] INFO  server.RaftServerConfigKeys (ConfUtils.java:logGet(43)) - raft.server.storage.dir = [/workdir/hadoop-ozone/integration-test/target/test-dir/MiniOzoneClusterImpl-7b65c80e-3cfa-488f-8d29-1931258b4af6/datanode-3/data/ratis] (custom)
2019-11-08 23:42:38,523 [pool-33-thread-1] INFO  server.RaftServerConfigKeys (ConfUtils.java:logGet(43)) - raft.server.rpc.timeout.max = 5200ms (custom)
2019-11-08 23:42:38,523 [pool-33-thread-1] INFO  server.RaftServerConfigKeys (ConfUtils.java:logGet(43)) - raft.server.rpcslowness.timeout = 120s (custom)
2019-11-08 23:42:38,523 [pool-33-thread-1] INFO  server.RaftServerConfigKeys (ConfUtils.java:logGet(43)) - raft.server.sleep.deviation.threshold = 300 (default)
2019-11-08 23:42:38,523 [pool-63-thread-1] INFO  server.RaftServerConfigKeys (ConfUtils.java:logGet(43)) - raft.server.log.corruption.policy = EXCEPTION (default)
2019-11-08 23:42:38,523 [pool-33-thread-1] INFO  server.RaftServerConfigKeys (ConfUtils.java:logGet(43)) - raft.server.log.appender.install.snapshot.enabled = false (custom)
2019-11-08 23:42:38,523 [pool-33-thread-1] INFO  impl.RaftServerImpl (ServerState.java:<init>(103)) - 39cc9473-aad5-4b25-9d7b-fffea4c520cd@group-08B5B0C5DBCB: ConfigurationManager, init=-1: [b0254fda-0d8d-4a53-9155-cc1eedc149de:192.168.157.211:36287, 39cc9473-aad5-4b25-9d7b-fffea4c520cd:192.168.157.211:44184, b1d7ebd9-d515-425d-ba15-8c78ce264b9c:192.168.157.211:38536], old=null, confs=<EMPTY_MAP>
2019-11-08 23:42:38,523 [pool-63-thread-1] INFO  storage.RaftStorageDirectory (RaftStorageDirectory.java:analyzeStorage(246)) - The storage directory /workdir/hadoop-ozone/integration-test/target/test-dir/MiniOzoneClusterImpl-7b65c80e-3cfa-488f-8d29-1931258b4af6/datanode-3/data/ratis/77931f26-b167-4586-a2dd-08b5b0c5dbcb does not exist. Creating ...
2019-11-08 23:42:38,524 [pool-33-thread-1] INFO  server.RaftServerConfigKeys (ConfUtils.java:logGet(43)) - raft.server.storage.dir = [/workdir/hadoop-ozone/integration-test/target/test-dir/MiniOzoneClusterImpl-7b65c80e-3cfa-488f-8d29-1931258b4af6/datanode-0/data/ratis] (custom)
2019-11-08 23:42:38,524 [pool-33-thread-1] INFO  server.RaftServerConfigKeys (ConfUtils.java:logGet(43)) - raft.server.log.corruption.policy = EXCEPTION (default)
2019-11-08 23:42:38,524 [pool-33-thread-1] INFO  storage.RaftStorageDirectory (RaftStorageDirectory.java:analyzeStorage(246)) - The storage directory /workdir/hadoop-ozone/integration-test/target/test-dir/MiniOzoneClusterImpl-7b65c80e-3cfa-488f-8d29-1931258b4af6/datanode-0/data/ratis/77931f26-b167-4586-a2dd-08b5b0c5dbcb does not exist. Creating ...
2019-11-08 23:42:38,537 [pool-63-thread-1] INFO  storage.RaftStorageDirectory (RaftStorageDirectory.java:tryLock(328)) - Lock on /workdir/hadoop-ozone/integration-test/target/test-dir/MiniOzoneClusterImpl-7b65c80e-3cfa-488f-8d29-1931258b4af6/datanode-3/data/ratis/77931f26-b167-4586-a2dd-08b5b0c5dbcb/in_use.lock acquired by nodename 15468@pr-hdds-2446-container-replica-5tbsq-2341601417
2019-11-08 23:42:38,537 [pool-43-thread-1] INFO  storage.RaftStorageDirectory (RaftStorageDirectory.java:tryLock(328)) - Lock on /workdir/hadoop-ozone/integration-test/target/test-dir/MiniOzoneClusterImpl-7b65c80e-3cfa-488f-8d29-1931258b4af6/datanode-1/data/ratis/77931f26-b167-4586-a2dd-08b5b0c5dbcb/in_use.lock acquired by nodename 15468@pr-hdds-2446-container-replica-5tbsq-2341601417
2019-11-08 23:42:38,537 [pool-33-thread-1] INFO  storage.RaftStorageDirectory (RaftStorageDirectory.java:tryLock(328)) - Lock on /workdir/hadoop-ozone/integration-test/target/test-dir/MiniOzoneClusterImpl-7b65c80e-3cfa-488f-8d29-1931258b4af6/datanode-0/data/ratis/77931f26-b167-4586-a2dd-08b5b0c5dbcb/in_use.lock acquired by nodename 15468@pr-hdds-2446-container-replica-5tbsq-2341601417
2019-11-08 23:42:38,550 [pool-43-thread-1] INFO  storage.RaftStorage (RaftStorage.java:format(84)) - Storage directory /workdir/hadoop-ozone/integration-test/target/test-dir/MiniOzoneClusterImpl-7b65c80e-3cfa-488f-8d29-1931258b4af6/datanode-1/data/ratis/77931f26-b167-4586-a2dd-08b5b0c5dbcb has been successfully formatted.
2019-11-08 23:42:38,550 [pool-33-thread-1] INFO  storage.RaftStorage (RaftStorage.java:format(84)) - Storage directory /workdir/hadoop-ozone/integration-test/target/test-dir/MiniOzoneClusterImpl-7b65c80e-3cfa-488f-8d29-1931258b4af6/datanode-0/data/ratis/77931f26-b167-4586-a2dd-08b5b0c5dbcb has been successfully formatted.
2019-11-08 23:42:38,550 [pool-63-thread-1] INFO  storage.RaftStorage (RaftStorage.java:format(84)) - Storage directory /workdir/hadoop-ozone/integration-test/target/test-dir/MiniOzoneClusterImpl-7b65c80e-3cfa-488f-8d29-1931258b4af6/datanode-3/data/ratis/77931f26-b167-4586-a2dd-08b5b0c5dbcb has been successfully formatted.
2019-11-08 23:42:38,551 [pool-43-thread-1] INFO  ratis.ContainerStateMachine (ContainerStateMachine.java:loadSnapshot(221)) - group-08B5B0C5DBCB: The snapshot info is null. Setting the last applied indexto:(t:0, i:~)
2019-11-08 23:42:38,551 [pool-33-thread-1] INFO  ratis.ContainerStateMachine (ContainerStateMachine.java:loadSnapshot(221)) - group-08B5B0C5DBCB: The snapshot info is null. Setting the last applied indexto:(t:0, i:~)
2019-11-08 23:42:38,551 [pool-63-thread-1] INFO  ratis.ContainerStateMachine (ContainerStateMachine.java:loadSnapshot(221)) - group-08B5B0C5DBCB: The snapshot info is null. Setting the last applied indexto:(t:0, i:~)
2019-11-08 23:42:38,551 [pool-43-thread-1] INFO  server.RaftServerConfigKeys (ConfUtils.java:logGet(43)) - raft.server.notification.no-leader.timeout = 120s (custom)
2019-11-08 23:42:38,551 [pool-63-thread-1] INFO  server.RaftServerConfigKeys (ConfUtils.java:logGet(43)) - raft.server.notification.no-leader.timeout = 120s (custom)
2019-11-08 23:42:38,551 [pool-33-thread-1] INFO  server.RaftServerConfigKeys (ConfUtils.java:logGet(43)) - raft.server.notification.no-leader.timeout = 120s (custom)
2019-11-08 23:42:38,551 [pool-63-thread-1] INFO  server.RaftServerConfigKeys (ConfUtils.java:logGet(43)) - raft.server.log.use.memory = false (default)
2019-11-08 23:42:38,551 [pool-43-thread-1] INFO  server.RaftServerConfigKeys (ConfUtils.java:logGet(43)) - raft.server.log.use.memory = false (default)
2019-11-08 23:42:38,552 [pool-63-thread-1] INFO  server.RaftServerConfigKeys (ConfUtils.java:logGet(43)) - raft.server.log.purge.gap = 1000000 (custom)
2019-11-08 23:42:38,552 [pool-33-thread-1] INFO  server.RaftServerConfigKeys (ConfUtils.java:logGet(43)) - raft.server.log.use.memory = false (default)
2019-11-08 23:42:38,552 [pool-63-thread-1] INFO  server.RaftServerConfigKeys (ConfUtils.java:logGet(43)) - raft.server.log.appender.buffer.byte-limit = 33554432 (custom)
2019-11-08 23:42:38,552 [pool-43-thread-1] INFO  server.RaftServerConfigKeys (ConfUtils.java:logGet(43)) - raft.server.log.purge.gap = 1000000 (custom)
2019-11-08 23:42:38,552 [pool-63-thread-1] INFO  server.RaftServerConfigKeys (ConfUtils.java:logGet(43)) - raft.server.log.segment.size.max = 1048576 (custom)
2019-11-08 23:42:38,552 [pool-33-thread-1] INFO  server.RaftServerConfigKeys (ConfUtils.java:logGet(43)) - raft.server.log.purge.gap = 1000000 (custom)
2019-11-08 23:42:38,553 [pool-63-thread-1] INFO  server.RaftServerConfigKeys (ConfUtils.java:logGet(43)) - raft.server.log.segment.cache.num.max = 2 (custom)
2019-11-08 23:42:38,552 [pool-43-thread-1] INFO  server.RaftServerConfigKeys (ConfUtils.java:logGet(43)) - raft.server.log.appender.buffer.byte-limit = 33554432 (custom)
2019-11-08 23:42:38,553 [pool-63-thread-1] INFO  segmented.SegmentedRaftLogWorker (SegmentedRaftLogWorker.java:<init>(173)) - new b0254fda-0d8d-4a53-9155-cc1eedc149de@group-08B5B0C5DBCB-SegmentedRaftLogWorker for RaftStorage:Storage Directory /workdir/hadoop-ozone/integration-test/target/test-dir/MiniOzoneClusterImpl-7b65c80e-3cfa-488f-8d29-1931258b4af6/datanode-3/data/ratis/77931f26-b167-4586-a2dd-08b5b0c5dbcb
2019-11-08 23:42:38,553 [pool-33-thread-1] INFO  server.RaftServerConfigKeys (ConfUtils.java:logGet(43)) - raft.server.log.appender.buffer.byte-limit = 33554432 (custom)
2019-11-08 23:42:38,553 [pool-63-thread-1] INFO  server.RaftServerConfigKeys (ConfUtils.java:logGet(43)) - raft.server.log.queue.byte-limit = 2147483647 (custom)
2019-11-08 23:42:38,553 [pool-43-thread-1] INFO  server.RaftServerConfigKeys (ConfUtils.java:logGet(43)) - raft.server.log.segment.size.max = 1048576 (custom)
2019-11-08 23:42:38,553 [pool-63-thread-1] INFO  server.RaftServerConfigKeys (ConfUtils.java:logGet(43)) - raft.server.log.queue.element-limit = 1024 (custom)
2019-11-08 23:42:38,553 [pool-33-thread-1] INFO  server.RaftServerConfigKeys (ConfUtils.java:logGet(43)) - raft.server.log.segment.size.max = 1048576 (custom)
2019-11-08 23:42:38,554 [pool-63-thread-1] INFO  server.RaftServerConfigKeys (ConfUtils.java:logGet(43)) - raft.server.log.segment.size.max = 1048576 (custom)
2019-11-08 23:42:38,553 [pool-43-thread-1] INFO  server.RaftServerConfigKeys (ConfUtils.java:logGet(43)) - raft.server.log.segment.cache.num.max = 2 (custom)
2019-11-08 23:42:38,554 [pool-63-thread-1] INFO  server.RaftServerConfigKeys (ConfUtils.java:logGet(43)) - raft.server.log.preallocated.size = 16384 (custom)
2019-11-08 23:42:38,554 [pool-33-thread-1] INFO  server.RaftServerConfigKeys (ConfUtils.java:logGet(43)) - raft.server.log.segment.cache.num.max = 2 (custom)
2019-11-08 23:42:38,554 [pool-63-thread-1] INFO  server.RaftServerConfigKeys (ConfUtils.java:logGet(43)) - raft.server.log.write.buffer.size = 33554432 (custom)
2019-11-08 23:42:38,554 [pool-43-thread-1] INFO  segmented.SegmentedRaftLogWorker (SegmentedRaftLogWorker.java:<init>(173)) - new b1d7ebd9-d515-425d-ba15-8c78ce264b9c@group-08B5B0C5DBCB-SegmentedRaftLogWorker for RaftStorage:Storage Directory /workdir/hadoop-ozone/integration-test/target/test-dir/MiniOzoneClusterImpl-7b65c80e-3cfa-488f-8d29-1931258b4af6/datanode-1/data/ratis/77931f26-b167-4586-a2dd-08b5b0c5dbcb
2019-11-08 23:42:38,554 [pool-63-thread-1] INFO  server.RaftServerConfigKeys (ConfUtils.java:logGet(43)) - raft.server.log.force.sync.num = 128 (default)
2019-11-08 23:42:38,554 [pool-33-thread-1] INFO  segmented.SegmentedRaftLogWorker (SegmentedRaftLogWorker.java:<init>(173)) - new 39cc9473-aad5-4b25-9d7b-fffea4c520cd@group-08B5B0C5DBCB-SegmentedRaftLogWorker for RaftStorage:Storage Directory /workdir/hadoop-ozone/integration-test/target/test-dir/MiniOzoneClusterImpl-7b65c80e-3cfa-488f-8d29-1931258b4af6/datanode-0/data/ratis/77931f26-b167-4586-a2dd-08b5b0c5dbcb
2019-11-08 23:42:38,555 [pool-63-thread-1] INFO  server.RaftServerConfigKeys (ConfUtils.java:logGet(43)) - raft.server.log.statemachine.data.sync = true (default)
2019-11-08 23:42:38,554 [pool-43-thread-1] INFO  server.RaftServerConfigKeys (ConfUtils.java:logGet(43)) - raft.server.log.queue.byte-limit = 2147483647 (custom)
2019-11-08 23:42:38,555 [pool-63-thread-1] INFO  server.RaftServerConfigKeys (ConfUtils.java:logGet(43)) - raft.server.log.statemachine.data.sync.timeout = 10s (default)
2019-11-08 23:42:38,555 [pool-33-thread-1] INFO  server.RaftServerConfigKeys (ConfUtils.java:logGet(43)) - raft.server.log.queue.byte-limit = 2147483647 (custom)
2019-11-08 23:42:38,555 [pool-63-thread-1] INFO  server.RaftServerConfigKeys (ConfUtils.java:logGet(43)) - raft.server.log.statemachine.data.sync.timeout.retry = -1 (default)
2019-11-08 23:42:38,555 [pool-43-thread-1] INFO  server.RaftServerConfigKeys (ConfUtils.java:logGet(43)) - raft.server.log.queue.element-limit = 1024 (custom)
2019-11-08 23:42:38,555 [pool-33-thread-1] INFO  server.RaftServerConfigKeys (ConfUtils.java:logGet(43)) - raft.server.log.queue.element-limit = 1024 (custom)
2019-11-08 23:42:38,556 [pool-43-thread-1] INFO  server.RaftServerConfigKeys (ConfUtils.java:logGet(43)) - raft.server.log.segment.size.max = 1048576 (custom)
2019-11-08 23:42:38,556 [pool-33-thread-1] INFO  server.RaftServerConfigKeys (ConfUtils.java:logGet(43)) - raft.server.log.segment.size.max = 1048576 (custom)
2019-11-08 23:42:38,556 [pool-63-thread-1] INFO  server.RaftServerConfigKeys (ConfUtils.java:logGet(43)) - raft.server.log.statemachine.data.caching.enabled = true (custom)
2019-11-08 23:42:38,556 [pool-33-thread-1] INFO  server.RaftServerConfigKeys (ConfUtils.java:logGet(43)) - raft.server.log.preallocated.size = 16384 (custom)
2019-11-08 23:42:38,556 [pool-43-thread-1] INFO  server.RaftServerConfigKeys (ConfUtils.java:logGet(43)) - raft.server.log.preallocated.size = 16384 (custom)
2019-11-08 23:42:38,556 [pool-33-thread-1] INFO  server.RaftServerConfigKeys (ConfUtils.java:logGet(43)) - raft.server.log.write.buffer.size = 33554432 (custom)
2019-11-08 23:42:38,556 [pool-63-thread-1] INFO  segmented.SegmentedRaftLogWorker (SegmentedRaftLogWorker.java:lambda$new$0(128)) - b0254fda-0d8d-4a53-9155-cc1eedc149de@group-08B5B0C5DBCB-SegmentedRaftLogWorker: flushIndex: setUnconditionally 0 -> -1
2019-11-08 23:42:38,556 [pool-43-thread-1] INFO  server.RaftServerConfigKeys (ConfUtils.java:logGet(43)) - raft.server.log.write.buffer.size = 33554432 (custom)
2019-11-08 23:42:38,557 [pool-33-thread-1] INFO  server.RaftServerConfigKeys (ConfUtils.java:logGet(43)) - raft.server.log.force.sync.num = 128 (default)
2019-11-08 23:42:38,557 [pool-63-thread-1] INFO  server.RaftServerConfigKeys (ConfUtils.java:logGet(43)) - raft.server.snapshot.auto.trigger.enabled = true (custom)
2019-11-08 23:42:38,557 [pool-43-thread-1] INFO  server.RaftServerConfigKeys (ConfUtils.java:logGet(43)) - raft.server.log.force.sync.num = 128 (default)
2019-11-08 23:42:38,557 [pool-63-thread-1] INFO  server.RaftServerConfigKeys (ConfUtils.java:logGet(43)) - raft.server.snapshot.auto.trigger.threshold = 10000 (custom)
2019-11-08 23:42:38,557 [pool-33-thread-1] INFO  server.RaftServerConfigKeys (ConfUtils.java:logGet(43)) - raft.server.log.statemachine.data.sync = true (default)
2019-11-08 23:42:38,557 [pool-63-thread-1] INFO  server.RaftServerConfigKeys (ConfUtils.java:logGet(43)) - raft.server.snapshot.retention.file.num = 5 (custom)
2019-11-08 23:42:38,557 [pool-43-thread-1] INFO  server.RaftServerConfigKeys (ConfUtils.java:logGet(43)) - raft.server.log.statemachine.data.sync = true (default)
2019-11-08 23:42:38,558 [pool-33-thread-1] INFO  server.RaftServerConfigKeys (ConfUtils.java:logGet(43)) - raft.server.log.statemachine.data.sync.timeout = 10s (default)
2019-11-08 23:42:38,558 [pool-43-thread-1] INFO  server.RaftServerConfigKeys (ConfUtils.java:logGet(43)) - raft.server.log.statemachine.data.sync.timeout = 10s (default)
2019-11-08 23:42:38,558 [pool-63-thread-1] INFO  server.RaftServerConfigKeys (ConfUtils.java:logGet(43)) - raft.server.retrycache.expirytime = 600000ms (custom)
2019-11-08 23:42:38,558 [pool-43-thread-1] INFO  server.RaftServerConfigKeys (ConfUtils.java:logGet(43)) - raft.server.log.statemachine.data.sync.timeout.retry = -1 (default)
2019-11-08 23:42:38,558 [pool-63-thread-1] WARN  impl.MetricRegistriesImpl (MetricRegistriesImpl.java:lambda$create$1(61)) - First MetricRegistry has been created without registering reporters. You may need to call MetricRegistries.global().addReportRegistration(...) before.
2019-11-08 23:42:38,558 [pool-33-thread-1] INFO  server.RaftServerConfigKeys (ConfUtils.java:logGet(43)) - raft.server.log.statemachine.data.sync.timeout.retry = -1 (default)
2019-11-08 23:42:38,559 [pool-63-thread-1] WARN  impl.MetricRegistriesImpl (MetricRegistriesImpl.java:lambda$create$1(61)) - First MetricRegistry has been created without registering reporters. You may need to call MetricRegistries.global().addReportRegistration(...) before.
2019-11-08 23:42:38,558 [pool-43-thread-1] INFO  server.RaftServerConfigKeys (ConfUtils.java:logGet(43)) - raft.server.log.statemachine.data.caching.enabled = true (custom)
2019-11-08 23:42:38,559 [pool-63-thread-1] INFO  impl.RaftServerImpl (RaftServerImpl.java:start(184)) - b0254fda-0d8d-4a53-9155-cc1eedc149de@group-08B5B0C5DBCB: start as a follower, conf=-1: [b0254fda-0d8d-4a53-9155-cc1eedc149de:192.168.157.211:36287, 39cc9473-aad5-4b25-9d7b-fffea4c520cd:192.168.157.211:44184, b1d7ebd9-d515-425d-ba15-8c78ce264b9c:192.168.157.211:38536], old=null
2019-11-08 23:42:38,559 [pool-33-thread-1] INFO  server.RaftServerConfigKeys (ConfUtils.java:logGet(43)) - raft.server.log.statemachine.data.caching.enabled = true (custom)
2019-11-08 23:42:38,559 [pool-63-thread-1] INFO  impl.RaftServerImpl (RaftServerImpl.java:setRole(173)) - b0254fda-0d8d-4a53-9155-cc1eedc149de@group-08B5B0C5DBCB: changes role from      null to FOLLOWER at term 0 for startAsFollower
2019-11-08 23:42:38,559 [pool-43-thread-1] INFO  segmented.SegmentedRaftLogWorker (SegmentedRaftLogWorker.java:lambda$new$0(128)) - b1d7ebd9-d515-425d-ba15-8c78ce264b9c@group-08B5B0C5DBCB-SegmentedRaftLogWorker: flushIndex: setUnconditionally 0 -> -1
2019-11-08 23:42:38,560 [pool-63-thread-1] INFO  impl.RoleInfo (RoleInfo.java:updateAndGet(143)) - b0254fda-0d8d-4a53-9155-cc1eedc149de: start FollowerState
2019-11-08 23:42:38,560 [pool-33-thread-1] INFO  segmented.SegmentedRaftLogWorker (SegmentedRaftLogWorker.java:lambda$new$0(128)) - 39cc9473-aad5-4b25-9d7b-fffea4c520cd@group-08B5B0C5DBCB-SegmentedRaftLogWorker: flushIndex: setUnconditionally 0 -> -1
2019-11-08 23:42:38,560 [pool-43-thread-1] INFO  server.RaftServerConfigKeys (ConfUtils.java:logGet(43)) - raft.server.snapshot.auto.trigger.enabled = true (custom)
2019-11-08 23:42:38,560 [pool-43-thread-1] INFO  server.RaftServerConfigKeys (ConfUtils.java:logGet(43)) - raft.server.snapshot.auto.trigger.threshold = 10000 (custom)
2019-11-08 23:42:38,560 [pool-43-thread-1] INFO  server.RaftServerConfigKeys (ConfUtils.java:logGet(43)) - raft.server.snapshot.retention.file.num = 5 (custom)
2019-11-08 23:42:38,560 [pool-33-thread-1] INFO  server.RaftServerConfigKeys (ConfUtils.java:logGet(43)) - raft.server.snapshot.auto.trigger.enabled = true (custom)
2019-11-08 23:42:38,560 [pool-43-thread-1] INFO  server.RaftServerConfigKeys (ConfUtils.java:logGet(43)) - raft.server.retrycache.expirytime = 600000ms (custom)
2019-11-08 23:42:38,560 [pool-63-thread-1] INFO  util.JmxRegister (JmxRegister.java:tryRegister(44)) - Successfully registered JMX Bean with object name Ratis:service=RaftServer,group=group-08B5B0C5DBCB,id=b0254fda-0d8d-4a53-9155-cc1eedc149de
2019-11-08 23:42:38,561 [pool-43-thread-1] WARN  impl.MetricRegistriesImpl (MetricRegistriesImpl.java:lambda$create$1(61)) - First MetricRegistry has been created without registering reporters. You may need to call MetricRegistries.global().addReportRegistration(...) before.
2019-11-08 23:42:38,560 [pool-33-thread-1] INFO  server.RaftServerConfigKeys (ConfUtils.java:logGet(43)) - raft.server.snapshot.auto.trigger.threshold = 10000 (custom)
2019-11-08 23:42:38,561 [pool-43-thread-1] WARN  impl.MetricRegistriesImpl (MetricRegistriesImpl.java:lambda$create$1(61)) - First MetricRegistry has been created without registering reporters. You may need to call MetricRegistries.global().addReportRegistration(...) before.
2019-11-08 23:42:38,561 [pool-63-thread-1] WARN  impl.MetricRegistriesImpl (MetricRegistriesImpl.java:lambda$create$1(61)) - First MetricRegistry has been created without registering reporters. You may need to call MetricRegistries.global().addReportRegistration(...) before.
2019-11-08 23:42:38,561 [pool-33-thread-1] INFO  server.RaftServerConfigKeys (ConfUtils.java:logGet(43)) - raft.server.snapshot.retention.file.num = 5 (custom)
2019-11-08 23:42:38,561 [pool-43-thread-1] INFO  impl.RaftServerImpl (RaftServerImpl.java:start(184)) - b1d7ebd9-d515-425d-ba15-8c78ce264b9c@group-08B5B0C5DBCB: start as a follower, conf=-1: [b0254fda-0d8d-4a53-9155-cc1eedc149de:192.168.157.211:36287, 39cc9473-aad5-4b25-9d7b-fffea4c520cd:192.168.157.211:44184, b1d7ebd9-d515-425d-ba15-8c78ce264b9c:192.168.157.211:38536], old=null
2019-11-08 23:42:38,561 [pool-43-thread-1] INFO  impl.RaftServerImpl (RaftServerImpl.java:setRole(173)) - b1d7ebd9-d515-425d-ba15-8c78ce264b9c@group-08B5B0C5DBCB: changes role from      null to FOLLOWER at term 0 for startAsFollower
2019-11-08 23:42:38,561 [pool-33-thread-1] INFO  server.RaftServerConfigKeys (ConfUtils.java:logGet(43)) - raft.server.retrycache.expirytime = 600000ms (custom)
2019-11-08 23:42:38,562 [pool-43-thread-1] INFO  impl.RoleInfo (RoleInfo.java:updateAndGet(143)) - b1d7ebd9-d515-425d-ba15-8c78ce264b9c: start FollowerState
2019-11-08 23:42:38,562 [pool-33-thread-1] WARN  impl.MetricRegistriesImpl (MetricRegistriesImpl.java:lambda$create$1(61)) - First MetricRegistry has been created without registering reporters. You may need to call MetricRegistries.global().addReportRegistration(...) before.
2019-11-08 23:42:38,562 [pool-33-thread-1] WARN  impl.MetricRegistriesImpl (MetricRegistriesImpl.java:lambda$create$1(61)) - First MetricRegistry has been created without registering reporters. You may need to call MetricRegistries.global().addReportRegistration(...) before.
2019-11-08 23:42:38,562 [pool-43-thread-1] INFO  util.JmxRegister (JmxRegister.java:tryRegister(44)) - Successfully registered JMX Bean with object name Ratis:service=RaftServer,group=group-08B5B0C5DBCB,id=b1d7ebd9-d515-425d-ba15-8c78ce264b9c
2019-11-08 23:42:38,562 [pool-43-thread-1] WARN  impl.MetricRegistriesImpl (MetricRegistriesImpl.java:lambda$create$1(61)) - First MetricRegistry has been created without registering reporters. You may need to call MetricRegistries.global().addReportRegistration(...) before.
2019-11-08 23:42:38,563 [pool-33-thread-1] INFO  impl.RaftServerImpl (RaftServerImpl.java:start(184)) - 39cc9473-aad5-4b25-9d7b-fffea4c520cd@group-08B5B0C5DBCB: start as a follower, conf=-1: [b0254fda-0d8d-4a53-9155-cc1eedc149de:192.168.157.211:36287, 39cc9473-aad5-4b25-9d7b-fffea4c520cd:192.168.157.211:44184, b1d7ebd9-d515-425d-ba15-8c78ce264b9c:192.168.157.211:38536], old=null
2019-11-08 23:42:38,563 [pool-33-thread-1] INFO  impl.RaftServerImpl (RaftServerImpl.java:setRole(173)) - 39cc9473-aad5-4b25-9d7b-fffea4c520cd@group-08B5B0C5DBCB: changes role from      null to FOLLOWER at term 0 for startAsFollower
2019-11-08 23:42:38,563 [pool-33-thread-1] INFO  impl.RoleInfo (RoleInfo.java:updateAndGet(143)) - 39cc9473-aad5-4b25-9d7b-fffea4c520cd: start FollowerState
2019-11-08 23:42:38,565 [pool-33-thread-1] INFO  util.JmxRegister (JmxRegister.java:tryRegister(44)) - Successfully registered JMX Bean with object name Ratis:service=RaftServer,group=group-08B5B0C5DBCB,id=39cc9473-aad5-4b25-9d7b-fffea4c520cd
2019-11-08 23:42:38,565 [pool-33-thread-1] WARN  impl.MetricRegistriesImpl (MetricRegistriesImpl.java:lambda$create$1(61)) - First MetricRegistry has been created without registering reporters. You may need to call MetricRegistries.global().addReportRegistration(...) before.
2019-11-08 23:42:38,582 [RatisPipelineUtilsThread] INFO  pipeline.PipelineStateManager (PipelineStateManager.java:addPipeline(56)) - Created pipeline Pipeline[ Id: 77931f26-b167-4586-a2dd-08b5b0c5dbcb, Nodes: b1d7ebd9-d515-425d-ba15-8c78ce264b9c{ip: 192.168.157.211, host: pr-hdds-2446-container-replica-5tbsq-2341601417, networkLocation: /rack1, certSerialId: null}39cc9473-aad5-4b25-9d7b-fffea4c520cd{ip: 192.168.157.211, host: pr-hdds-2446-container-replica-5tbsq-2341601417, networkLocation: /rack1, certSerialId: null}b0254fda-0d8d-4a53-9155-cc1eedc149de{ip: 192.168.157.211, host: pr-hdds-2446-container-replica-5tbsq-2341601417, networkLocation: /rack1, certSerialId: null}, Type:RATIS, Factor:THREE, State:OPEN]
2019-11-08 23:42:38,937 [main] INFO  ozone.MiniOzoneClusterImpl (MiniOzoneClusterImpl.java:lambda$waitForClusterToBeReady$0(147)) - Cluster is ready. Got 4 of 4 DN Heartbeats.
2019-11-08 23:42:39,845 [Thread-224] INFO  rpc.RpcClient (RpcClient.java:createVolume(291)) - Creating Volume: b84903f2-0392-4ada-b61b-c958266e0fc7, with jenkins1000 as owner.
2019-11-08 23:42:39,928 [OM StateMachine ApplyTransaction Thread - 0] INFO  volume.OMVolumeCreateRequest (OMVolumeCreateRequest.java:validateAndUpdateCache(193)) - created volume:b84903f2-0392-4ada-b61b-c958266e0fc7 for user:jenkins1000
2019-11-08 23:42:39,955 [Thread-224] INFO  rpc.RpcClient (RpcClient.java:createBucket(430)) - Creating Bucket: b84903f2-0392-4ada-b61b-c958266e0fc7/98922158-158a-4c66-ae1e-289fce4619ac, with Versioning false and Storage Type set to DISK and Encryption set to false 
2019-11-08 23:42:40,113 [Thread-224] INFO  impl.MetricsSystemImpl (MetricsSystemImpl.java:init(158)) - XceiverClientMetrics metrics system started (again)
2019-11-08 23:42:40,617 [Thread-199] INFO  container.ReplicationManager (ReplicationManager.java:start(162)) - Starting Replication Monitor Thread.
2019-11-08 23:42:40,622 [ReplicationMonitor] INFO  container.ReplicationManager (ReplicationManager.java:run(225)) - Replication Monitor Thread took 4 milliseconds for processing 1 containers.
2019-11-08 23:42:43,220 [Thread-201] INFO  impl.FollowerState (FollowerState.java:run(111)) - 39cc9473-aad5-4b25-9d7b-fffea4c520cd@group-D60DAB9527C4-FollowerState: change to CANDIDATE, lastRpcTime:5104ms, electionTimeout:5104ms
2019-11-08 23:42:43,222 [Thread-201] INFO  impl.RoleInfo (RoleInfo.java:shutdownFollowerState(121)) - 39cc9473-aad5-4b25-9d7b-fffea4c520cd: shutdown FollowerState
2019-11-08 23:42:43,222 [Thread-201] INFO  impl.RaftServerImpl (RaftServerImpl.java:setRole(173)) - 39cc9473-aad5-4b25-9d7b-fffea4c520cd@group-D60DAB9527C4: changes role from  FOLLOWER to CANDIDATE at term 0 for changeToCandidate
2019-11-08 23:42:43,222 [Thread-201] INFO  impl.RoleInfo (RoleInfo.java:updateAndGet(143)) - 39cc9473-aad5-4b25-9d7b-fffea4c520cd: start LeaderElection
2019-11-08 23:42:43,252 [39cc9473-aad5-4b25-9d7b-fffea4c520cd@group-D60DAB9527C4-LeaderElection2] INFO  impl.LeaderElection (LeaderElection.java:askForVotes(178)) - 39cc9473-aad5-4b25-9d7b-fffea4c520cd@group-D60DAB9527C4-LeaderElection2: begin an election at term 1 for -1: [39cc9473-aad5-4b25-9d7b-fffea4c520cd:192.168.157.211:44184], old=null
2019-11-08 23:42:43,254 [39cc9473-aad5-4b25-9d7b-fffea4c520cd@group-D60DAB9527C4-LeaderElection2] INFO  impl.RoleInfo (RoleInfo.java:shutdownLeaderElection(134)) - 39cc9473-aad5-4b25-9d7b-fffea4c520cd: shutdown LeaderElection
2019-11-08 23:42:43,255 [39cc9473-aad5-4b25-9d7b-fffea4c520cd@group-D60DAB9527C4-LeaderElection2] INFO  impl.RaftServerImpl (RaftServerImpl.java:setRole(173)) - 39cc9473-aad5-4b25-9d7b-fffea4c520cd@group-D60DAB9527C4: changes role from CANDIDATE to LEADER at term 1 for changeToLeader
2019-11-08 23:42:43,255 [39cc9473-aad5-4b25-9d7b-fffea4c520cd@group-D60DAB9527C4-LeaderElection2] INFO  impl.RaftServerImpl (ServerState.java:setLeader(255)) - 39cc9473-aad5-4b25-9d7b-fffea4c520cd@group-D60DAB9527C4: change Leader from null to 39cc9473-aad5-4b25-9d7b-fffea4c520cd at term 1 for becomeLeader, leader elected after 5144ms
2019-11-08 23:42:43,255 [39cc9473-aad5-4b25-9d7b-fffea4c520cd@group-D60DAB9527C4-LeaderElection2] INFO  server.RaftServerConfigKeys (ConfUtils.java:logGet(43)) - raft.server.staging.catchup.gap = 1000 (default)
2019-11-08 23:42:43,255 [39cc9473-aad5-4b25-9d7b-fffea4c520cd@group-D60DAB9527C4-LeaderElection2] INFO  server.RaftServerConfigKeys (ConfUtils.java:logGet(43)) - raft.server.rpc.sleep.time = 25ms (default)
2019-11-08 23:42:43,256 [39cc9473-aad5-4b25-9d7b-fffea4c520cd@group-D60DAB9527C4-LeaderElection2] INFO  server.RaftServerConfigKeys (ConfUtils.java:logGet(43)) - raft.server.write.element-limit = 4096 (default)
2019-11-08 23:42:43,256 [39cc9473-aad5-4b25-9d7b-fffea4c520cd@group-D60DAB9527C4-LeaderElection2] INFO  server.RaftServerConfigKeys (ConfUtils.java:logGet(43)) - raft.server.watch.timeout = 10s (default)
2019-11-08 23:42:43,256 [39cc9473-aad5-4b25-9d7b-fffea4c520cd@group-D60DAB9527C4-LeaderElection2] INFO  server.RaftServerConfigKeys (ConfUtils.java:logGet(43)) - raft.server.watch.timeout.denomination = 1s (default)
2019-11-08 23:42:43,257 [39cc9473-aad5-4b25-9d7b-fffea4c520cd@group-D60DAB9527C4-LeaderElection2] INFO  server.RaftServerConfigKeys (ConfUtils.java:logGet(43)) - raft.server.watch.element-limit = 65536 (default)
2019-11-08 23:42:43,257 [39cc9473-aad5-4b25-9d7b-fffea4c520cd@group-D60DAB9527C4-LeaderElection2] INFO  impl.RoleInfo (RoleInfo.java:updateAndGet(143)) - 39cc9473-aad5-4b25-9d7b-fffea4c520cd: start LeaderState
2019-11-08 23:42:43,258 [39cc9473-aad5-4b25-9d7b-fffea4c520cd@group-D60DAB9527C4-LeaderElection2] INFO  segmented.SegmentedRaftLogWorker (SegmentedRaftLogWorker.java:startLogSegment(385)) - 39cc9473-aad5-4b25-9d7b-fffea4c520cd@group-D60DAB9527C4-SegmentedRaftLogWorker: Starting segment from index:0
2019-11-08 23:42:43,259 [39cc9473-aad5-4b25-9d7b-fffea4c520cd@group-D60DAB9527C4-LeaderElection2] INFO  impl.RaftServerImpl (ServerState.java:setRaftConf(356)) - 39cc9473-aad5-4b25-9d7b-fffea4c520cd@group-D60DAB9527C4: set configuration 0: [39cc9473-aad5-4b25-9d7b-fffea4c520cd:192.168.157.211:44184], old=null at 0
2019-11-08 23:42:43,322 [39cc9473-aad5-4b25-9d7b-fffea4c520cd@group-D60DAB9527C4-SegmentedRaftLogWorker] INFO  segmented.SegmentedRaftLogWorker (SegmentedRaftLogWorker.java:execute(576)) - 39cc9473-aad5-4b25-9d7b-fffea4c520cd@group-D60DAB9527C4-SegmentedRaftLogWorker: created new log segment /workdir/hadoop-ozone/integration-test/target/test-dir/MiniOzoneClusterImpl-7b65c80e-3cfa-488f-8d29-1931258b4af6/datanode-0/data/ratis/1e0d48a1-f19d-49bf-98e9-d60dab9527c4/current/log_inprogress_0
2019-11-08 23:42:43,404 [Thread-204] INFO  impl.FollowerState (FollowerState.java:run(111)) - b1d7ebd9-d515-425d-ba15-8c78ce264b9c@group-121B2DE51502-FollowerState: change to CANDIDATE, lastRpcTime:5136ms, electionTimeout:5136ms
2019-11-08 23:42:43,404 [Thread-204] INFO  impl.RoleInfo (RoleInfo.java:shutdownFollowerState(121)) - b1d7ebd9-d515-425d-ba15-8c78ce264b9c: shutdown FollowerState
2019-11-08 23:42:43,404 [Thread-204] INFO  impl.RaftServerImpl (RaftServerImpl.java:setRole(173)) - b1d7ebd9-d515-425d-ba15-8c78ce264b9c@group-121B2DE51502: changes role from  FOLLOWER to CANDIDATE at term 0 for changeToCandidate
2019-11-08 23:42:43,404 [Thread-204] INFO  impl.RoleInfo (RoleInfo.java:updateAndGet(143)) - b1d7ebd9-d515-425d-ba15-8c78ce264b9c: start LeaderElection
2019-11-08 23:42:43,432 [b1d7ebd9-d515-425d-ba15-8c78ce264b9c@group-121B2DE51502-LeaderElection3] INFO  impl.LeaderElection (LeaderElection.java:askForVotes(178)) - b1d7ebd9-d515-425d-ba15-8c78ce264b9c@group-121B2DE51502-LeaderElection3: begin an election at term 1 for -1: [b1d7ebd9-d515-425d-ba15-8c78ce264b9c:192.168.157.211:38536], old=null
2019-11-08 23:42:43,432 [b1d7ebd9-d515-425d-ba15-8c78ce264b9c@group-121B2DE51502-LeaderElection3] INFO  impl.RoleInfo (RoleInfo.java:shutdownLeaderElection(134)) - b1d7ebd9-d515-425d-ba15-8c78ce264b9c: shutdown LeaderElection
2019-11-08 23:42:43,432 [b1d7ebd9-d515-425d-ba15-8c78ce264b9c@group-121B2DE51502-LeaderElection3] INFO  impl.RaftServerImpl (RaftServerImpl.java:setRole(173)) - b1d7ebd9-d515-425d-ba15-8c78ce264b9c@group-121B2DE51502: changes role from CANDIDATE to LEADER at term 1 for changeToLeader
2019-11-08 23:42:43,432 [b1d7ebd9-d515-425d-ba15-8c78ce264b9c@group-121B2DE51502-LeaderElection3] INFO  impl.RaftServerImpl (ServerState.java:setLeader(255)) - b1d7ebd9-d515-425d-ba15-8c78ce264b9c@group-121B2DE51502: change Leader from null to b1d7ebd9-d515-425d-ba15-8c78ce264b9c at term 1 for becomeLeader, leader elected after 5172ms
2019-11-08 23:42:43,435 [b1d7ebd9-d515-425d-ba15-8c78ce264b9c@group-121B2DE51502-LeaderElection3] INFO  server.RaftServerConfigKeys (ConfUtils.java:logGet(43)) - raft.server.staging.catchup.gap = 1000 (default)
2019-11-08 23:42:43,435 [b1d7ebd9-d515-425d-ba15-8c78ce264b9c@group-121B2DE51502-LeaderElection3] INFO  server.RaftServerConfigKeys (ConfUtils.java:logGet(43)) - raft.server.rpc.sleep.time = 25ms (default)
2019-11-08 23:42:43,436 [b1d7ebd9-d515-425d-ba15-8c78ce264b9c@group-121B2DE51502-LeaderElection3] INFO  server.RaftServerConfigKeys (ConfUtils.java:logGet(43)) - raft.server.write.element-limit = 4096 (default)
2019-11-08 23:42:43,436 [b1d7ebd9-d515-425d-ba15-8c78ce264b9c@group-121B2DE51502-LeaderElection3] INFO  server.RaftServerConfigKeys (ConfUtils.java:logGet(43)) - raft.server.watch.timeout = 10s (default)
2019-11-08 23:42:43,436 [b1d7ebd9-d515-425d-ba15-8c78ce264b9c@group-121B2DE51502-LeaderElection3] INFO  server.RaftServerConfigKeys (ConfUtils.java:logGet(43)) - raft.server.watch.timeout.denomination = 1s (default)
2019-11-08 23:42:43,436 [b1d7ebd9-d515-425d-ba15-8c78ce264b9c@group-121B2DE51502-LeaderElection3] INFO  server.RaftServerConfigKeys (ConfUtils.java:logGet(43)) - raft.server.watch.element-limit = 65536 (default)
2019-11-08 23:42:43,437 [b1d7ebd9-d515-425d-ba15-8c78ce264b9c@group-121B2DE51502-LeaderElection3] INFO  impl.RoleInfo (RoleInfo.java:updateAndGet(143)) - b1d7ebd9-d515-425d-ba15-8c78ce264b9c: start LeaderState
2019-11-08 23:42:43,438 [b1d7ebd9-d515-425d-ba15-8c78ce264b9c@group-121B2DE51502-LeaderElection3] INFO  segmented.SegmentedRaftLogWorker (SegmentedRaftLogWorker.java:startLogSegment(385)) - b1d7ebd9-d515-425d-ba15-8c78ce264b9c@group-121B2DE51502-SegmentedRaftLogWorker: Starting segment from index:0
2019-11-08 23:42:43,439 [b1d7ebd9-d515-425d-ba15-8c78ce264b9c@group-121B2DE51502-LeaderElection3] INFO  impl.RaftServerImpl (ServerState.java:setRaftConf(356)) - b1d7ebd9-d515-425d-ba15-8c78ce264b9c@group-121B2DE51502: set configuration 0: [b1d7ebd9-d515-425d-ba15-8c78ce264b9c:192.168.157.211:38536], old=null at 0
2019-11-08 23:42:43,490 [b1d7ebd9-d515-425d-ba15-8c78ce264b9c@group-121B2DE51502-SegmentedRaftLogWorker] INFO  segmented.SegmentedRaftLogWorker (SegmentedRaftLogWorker.java:execute(576)) - b1d7ebd9-d515-425d-ba15-8c78ce264b9c@group-121B2DE51502-SegmentedRaftLogWorker: created new log segment /workdir/hadoop-ozone/integration-test/target/test-dir/MiniOzoneClusterImpl-7b65c80e-3cfa-488f-8d29-1931258b4af6/datanode-1/data/ratis/9de96c19-8419-4943-9ffc-121b2de51502/current/log_inprogress_0
2019-11-08 23:42:43,544 [Thread-207] INFO  impl.FollowerState (FollowerState.java:run(111)) - b0254fda-0d8d-4a53-9155-cc1eedc149de@group-3522BCB8F7C6-FollowerState: change to CANDIDATE, lastRpcTime:5154ms, electionTimeout:5154ms
2019-11-08 23:42:43,544 [Thread-207] INFO  impl.RoleInfo (RoleInfo.java:shutdownFollowerState(121)) - b0254fda-0d8d-4a53-9155-cc1eedc149de: shutdown FollowerState
2019-11-08 23:42:43,544 [Thread-207] INFO  impl.RaftServerImpl (RaftServerImpl.java:setRole(173)) - b0254fda-0d8d-4a53-9155-cc1eedc149de@group-3522BCB8F7C6: changes role from  FOLLOWER to CANDIDATE at term 0 for changeToCandidate
2019-11-08 23:42:43,544 [Thread-207] INFO  impl.RoleInfo (RoleInfo.java:updateAndGet(143)) - b0254fda-0d8d-4a53-9155-cc1eedc149de: start LeaderElection
2019-11-08 23:42:43,570 [b0254fda-0d8d-4a53-9155-cc1eedc149de@group-3522BCB8F7C6-LeaderElection4] INFO  impl.LeaderElection (LeaderElection.java:askForVotes(178)) - b0254fda-0d8d-4a53-9155-cc1eedc149de@group-3522BCB8F7C6-LeaderElection4: begin an election at term 1 for -1: [b0254fda-0d8d-4a53-9155-cc1eedc149de:192.168.157.211:36287], old=null
2019-11-08 23:42:43,570 [b0254fda-0d8d-4a53-9155-cc1eedc149de@group-3522BCB8F7C6-LeaderElection4] INFO  impl.RoleInfo (RoleInfo.java:shutdownLeaderElection(134)) - b0254fda-0d8d-4a53-9155-cc1eedc149de: shutdown LeaderElection
2019-11-08 23:42:43,570 [b0254fda-0d8d-4a53-9155-cc1eedc149de@group-3522BCB8F7C6-LeaderElection4] INFO  impl.RaftServerImpl (RaftServerImpl.java:setRole(173)) - b0254fda-0d8d-4a53-9155-cc1eedc149de@group-3522BCB8F7C6: changes role from CANDIDATE to LEADER at term 1 for changeToLeader
2019-11-08 23:42:43,570 [b0254fda-0d8d-4a53-9155-cc1eedc149de@group-3522BCB8F7C6-LeaderElection4] INFO  impl.RaftServerImpl (ServerState.java:setLeader(255)) - b0254fda-0d8d-4a53-9155-cc1eedc149de@group-3522BCB8F7C6: change Leader from null to b0254fda-0d8d-4a53-9155-cc1eedc149de at term 1 for becomeLeader, leader elected after 5187ms
2019-11-08 23:42:43,571 [b0254fda-0d8d-4a53-9155-cc1eedc149de@group-3522BCB8F7C6-LeaderElection4] INFO  server.RaftServerConfigKeys (ConfUtils.java:logGet(43)) - raft.server.staging.catchup.gap = 1000 (default)
2019-11-08 23:42:43,571 [b0254fda-0d8d-4a53-9155-cc1eedc149de@group-3522BCB8F7C6-LeaderElection4] INFO  server.RaftServerConfigKeys (ConfUtils.java:logGet(43)) - raft.server.rpc.sleep.time = 25ms (default)
2019-11-08 23:42:43,571 [b0254fda-0d8d-4a53-9155-cc1eedc149de@group-3522BCB8F7C6-LeaderElection4] INFO  server.RaftServerConfigKeys (ConfUtils.java:logGet(43)) - raft.server.write.element-limit = 4096 (default)
2019-11-08 23:42:43,572 [b0254fda-0d8d-4a53-9155-cc1eedc149de@group-3522BCB8F7C6-LeaderElection4] INFO  server.RaftServerConfigKeys (ConfUtils.java:logGet(43)) - raft.server.watch.timeout = 10s (default)
2019-11-08 23:42:43,572 [b0254fda-0d8d-4a53-9155-cc1eedc149de@group-3522BCB8F7C6-LeaderElection4] INFO  server.RaftServerConfigKeys (ConfUtils.java:logGet(43)) - raft.server.watch.timeout.denomination = 1s (default)
2019-11-08 23:42:43,572 [b0254fda-0d8d-4a53-9155-cc1eedc149de@group-3522BCB8F7C6-LeaderElection4] INFO  server.RaftServerConfigKeys (ConfUtils.java:logGet(43)) - raft.server.watch.element-limit = 65536 (default)
2019-11-08 23:42:43,572 [b0254fda-0d8d-4a53-9155-cc1eedc149de@group-3522BCB8F7C6-LeaderElection4] INFO  impl.RoleInfo (RoleInfo.java:updateAndGet(143)) - b0254fda-0d8d-4a53-9155-cc1eedc149de: start LeaderState
2019-11-08 23:42:43,572 [b0254fda-0d8d-4a53-9155-cc1eedc149de@group-3522BCB8F7C6-LeaderElection4] INFO  segmented.SegmentedRaftLogWorker (SegmentedRaftLogWorker.java:startLogSegment(385)) - b0254fda-0d8d-4a53-9155-cc1eedc149de@group-3522BCB8F7C6-SegmentedRaftLogWorker: Starting segment from index:0
2019-11-08 23:42:43,573 [b0254fda-0d8d-4a53-9155-cc1eedc149de@group-3522BCB8F7C6-LeaderElection4] INFO  impl.RaftServerImpl (ServerState.java:setRaftConf(356)) - b0254fda-0d8d-4a53-9155-cc1eedc149de@group-3522BCB8F7C6: set configuration 0: [b0254fda-0d8d-4a53-9155-cc1eedc149de:192.168.157.211:36287], old=null at 0
2019-11-08 23:42:43,619 [b0254fda-0d8d-4a53-9155-cc1eedc149de@group-3522BCB8F7C6-SegmentedRaftLogWorker] INFO  segmented.SegmentedRaftLogWorker (SegmentedRaftLogWorker.java:execute(576)) - b0254fda-0d8d-4a53-9155-cc1eedc149de@group-3522BCB8F7C6-SegmentedRaftLogWorker: created new log segment /workdir/hadoop-ozone/integration-test/target/test-dir/MiniOzoneClusterImpl-7b65c80e-3cfa-488f-8d29-1931258b4af6/datanode-3/data/ratis/13c621bc-8f27-452b-8b27-3522bcb8f7c6/current/log_inprogress_0
2019-11-08 23:42:43,636 [Thread-213] INFO  impl.FollowerState (FollowerState.java:run(111)) - b0254fda-0d8d-4a53-9155-cc1eedc149de@group-08B5B0C5DBCB-FollowerState: change to CANDIDATE, lastRpcTime:5076ms, electionTimeout:5076ms
2019-11-08 23:42:43,637 [Thread-213] INFO  impl.RoleInfo (RoleInfo.java:shutdownFollowerState(121)) - b0254fda-0d8d-4a53-9155-cc1eedc149de: shutdown FollowerState
2019-11-08 23:42:43,637 [Thread-213] INFO  impl.RaftServerImpl (RaftServerImpl.java:setRole(173)) - b0254fda-0d8d-4a53-9155-cc1eedc149de@group-08B5B0C5DBCB: changes role from  FOLLOWER to CANDIDATE at term 0 for changeToCandidate
2019-11-08 23:42:43,637 [Thread-213] INFO  impl.RoleInfo (RoleInfo.java:updateAndGet(143)) - b0254fda-0d8d-4a53-9155-cc1eedc149de: start LeaderElection
2019-11-08 23:42:43,642 [Thread-210] INFO  impl.FollowerState (FollowerState.java:run(111)) - 820002c6-9ffb-4b19-ac52-432360c0d1a9@group-66B1CE2212FE-FollowerState: change to CANDIDATE, lastRpcTime:5170ms, electionTimeout:5170ms
2019-11-08 23:42:43,642 [Thread-210] INFO  impl.RoleInfo (RoleInfo.java:shutdownFollowerState(121)) - 820002c6-9ffb-4b19-ac52-432360c0d1a9: shutdown FollowerState
2019-11-08 23:42:43,642 [Thread-210] INFO  impl.RaftServerImpl (RaftServerImpl.java:setRole(173)) - 820002c6-9ffb-4b19-ac52-432360c0d1a9@group-66B1CE2212FE: changes role from  FOLLOWER to CANDIDATE at term 0 for changeToCandidate
2019-11-08 23:42:43,642 [Thread-210] INFO  impl.RoleInfo (RoleInfo.java:updateAndGet(143)) - 820002c6-9ffb-4b19-ac52-432360c0d1a9: start LeaderElection
2019-11-08 23:42:43,648 [Thread-216] INFO  impl.FollowerState (FollowerState.java:run(111)) - b1d7ebd9-d515-425d-ba15-8c78ce264b9c@group-08B5B0C5DBCB-FollowerState: change to CANDIDATE, lastRpcTime:5086ms, electionTimeout:5086ms
2019-11-08 23:42:43,648 [Thread-216] INFO  impl.RoleInfo (RoleInfo.java:shutdownFollowerState(121)) - b1d7ebd9-d515-425d-ba15-8c78ce264b9c: shutdown FollowerState
2019-11-08 23:42:43,648 [Thread-216] INFO  impl.RaftServerImpl (RaftServerImpl.java:setRole(173)) - b1d7ebd9-d515-425d-ba15-8c78ce264b9c@group-08B5B0C5DBCB: changes role from  FOLLOWER to CANDIDATE at term 0 for changeToCandidate
2019-11-08 23:42:43,648 [Thread-216] INFO  impl.RoleInfo (RoleInfo.java:updateAndGet(143)) - b1d7ebd9-d515-425d-ba15-8c78ce264b9c: start LeaderElection
2019-11-08 23:42:43,661 [b0254fda-0d8d-4a53-9155-cc1eedc149de@group-08B5B0C5DBCB-LeaderElection5] INFO  impl.LeaderElection (LeaderElection.java:askForVotes(178)) - b0254fda-0d8d-4a53-9155-cc1eedc149de@group-08B5B0C5DBCB-LeaderElection5: begin an election at term 1 for -1: [b0254fda-0d8d-4a53-9155-cc1eedc149de:192.168.157.211:36287, 39cc9473-aad5-4b25-9d7b-fffea4c520cd:192.168.157.211:44184, b1d7ebd9-d515-425d-ba15-8c78ce264b9c:192.168.157.211:38536], old=null
2019-11-08 23:42:43,661 [820002c6-9ffb-4b19-ac52-432360c0d1a9@group-66B1CE2212FE-LeaderElection6] INFO  impl.LeaderElection (LeaderElection.java:askForVotes(178)) - 820002c6-9ffb-4b19-ac52-432360c0d1a9@group-66B1CE2212FE-LeaderElection6: begin an election at term 1 for -1: [820002c6-9ffb-4b19-ac52-432360c0d1a9:192.168.157.211:37294], old=null
2019-11-08 23:42:43,661 [820002c6-9ffb-4b19-ac52-432360c0d1a9@group-66B1CE2212FE-LeaderElection6] INFO  impl.RoleInfo (RoleInfo.java:shutdownLeaderElection(134)) - 820002c6-9ffb-4b19-ac52-432360c0d1a9: shutdown LeaderElection
2019-11-08 23:42:43,662 [820002c6-9ffb-4b19-ac52-432360c0d1a9@group-66B1CE2212FE-LeaderElection6] INFO  impl.RaftServerImpl (RaftServerImpl.java:setRole(173)) - 820002c6-9ffb-4b19-ac52-432360c0d1a9@group-66B1CE2212FE: changes role from CANDIDATE to LEADER at term 1 for changeToLeader
2019-11-08 23:42:43,662 [820002c6-9ffb-4b19-ac52-432360c0d1a9@group-66B1CE2212FE-LeaderElection6] INFO  impl.RaftServerImpl (ServerState.java:setLeader(255)) - 820002c6-9ffb-4b19-ac52-432360c0d1a9@group-66B1CE2212FE: change Leader from null to 820002c6-9ffb-4b19-ac52-432360c0d1a9 at term 1 for becomeLeader, leader elected after 5195ms
2019-11-08 23:42:43,663 [Thread-219] INFO  impl.FollowerState (FollowerState.java:run(111)) - 39cc9473-aad5-4b25-9d7b-fffea4c520cd@group-08B5B0C5DBCB-FollowerState: change to CANDIDATE, lastRpcTime:5099ms, electionTimeout:5098ms
2019-11-08 23:42:43,663 [820002c6-9ffb-4b19-ac52-432360c0d1a9@group-66B1CE2212FE-LeaderElection6] INFO  server.RaftServerConfigKeys (ConfUtils.java:logGet(43)) - raft.server.staging.catchup.gap = 1000 (default)
2019-11-08 23:42:43,663 [Thread-219] INFO  impl.RoleInfo (RoleInfo.java:shutdownFollowerState(121)) - 39cc9473-aad5-4b25-9d7b-fffea4c520cd: shutdown FollowerState
2019-11-08 23:42:43,663 [820002c6-9ffb-4b19-ac52-432360c0d1a9@group-66B1CE2212FE-LeaderElection6] INFO  server.RaftServerConfigKeys (ConfUtils.java:logGet(43)) - raft.server.rpc.sleep.time = 25ms (default)
2019-11-08 23:42:43,663 [Thread-219] INFO  impl.RaftServerImpl (RaftServerImpl.java:setRole(173)) - 39cc9473-aad5-4b25-9d7b-fffea4c520cd@group-08B5B0C5DBCB: changes role from  FOLLOWER to CANDIDATE at term 0 for changeToCandidate
2019-11-08 23:42:43,663 [Thread-219] INFO  impl.RoleInfo (RoleInfo.java:updateAndGet(143)) - 39cc9473-aad5-4b25-9d7b-fffea4c520cd: start LeaderElection
2019-11-08 23:42:43,663 [820002c6-9ffb-4b19-ac52-432360c0d1a9@group-66B1CE2212FE-LeaderElection6] INFO  server.RaftServerConfigKeys (ConfUtils.java:logGet(43)) - raft.server.write.element-limit = 4096 (default)
2019-11-08 23:42:43,664 [b1d7ebd9-d515-425d-ba15-8c78ce264b9c@group-08B5B0C5DBCB-LeaderElection7] INFO  impl.LeaderElection (LeaderElection.java:askForVotes(178)) - b1d7ebd9-d515-425d-ba15-8c78ce264b9c@group-08B5B0C5DBCB-LeaderElection7: begin an election at term 1 for -1: [b0254fda-0d8d-4a53-9155-cc1eedc149de:192.168.157.211:36287, 39cc9473-aad5-4b25-9d7b-fffea4c520cd:192.168.157.211:44184, b1d7ebd9-d515-425d-ba15-8c78ce264b9c:192.168.157.211:38536], old=null
2019-11-08 23:42:43,665 [820002c6-9ffb-4b19-ac52-432360c0d1a9@group-66B1CE2212FE-LeaderElection6] INFO  server.RaftServerConfigKeys (ConfUtils.java:logGet(43)) - raft.server.watch.timeout = 10s (default)
2019-11-08 23:42:43,665 [820002c6-9ffb-4b19-ac52-432360c0d1a9@group-66B1CE2212FE-LeaderElection6] INFO  server.RaftServerConfigKeys (ConfUtils.java:logGet(43)) - raft.server.watch.timeout.denomination = 1s (default)
2019-11-08 23:42:43,665 [820002c6-9ffb-4b19-ac52-432360c0d1a9@group-66B1CE2212FE-LeaderElection6] INFO  server.RaftServerConfigKeys (ConfUtils.java:logGet(43)) - raft.server.watch.element-limit = 65536 (default)
2019-11-08 23:42:43,666 [820002c6-9ffb-4b19-ac52-432360c0d1a9@group-66B1CE2212FE-LeaderElection6] INFO  impl.RoleInfo (RoleInfo.java:updateAndGet(143)) - 820002c6-9ffb-4b19-ac52-432360c0d1a9: start LeaderState
2019-11-08 23:42:43,666 [820002c6-9ffb-4b19-ac52-432360c0d1a9@group-66B1CE2212FE-LeaderElection6] INFO  segmented.SegmentedRaftLogWorker (SegmentedRaftLogWorker.java:startLogSegment(385)) - 820002c6-9ffb-4b19-ac52-432360c0d1a9@group-66B1CE2212FE-SegmentedRaftLogWorker: Starting segment from index:0
2019-11-08 23:42:43,667 [820002c6-9ffb-4b19-ac52-432360c0d1a9@group-66B1CE2212FE-LeaderElection6] INFO  impl.RaftServerImpl (ServerState.java:setRaftConf(356)) - 820002c6-9ffb-4b19-ac52-432360c0d1a9@group-66B1CE2212FE: set configuration 0: [820002c6-9ffb-4b19-ac52-432360c0d1a9:192.168.157.211:37294], old=null at 0
2019-11-08 23:42:43,701 [39cc9473-aad5-4b25-9d7b-fffea4c520cd@group-08B5B0C5DBCB-LeaderElection8] INFO  impl.LeaderElection (LeaderElection.java:askForVotes(178)) - 39cc9473-aad5-4b25-9d7b-fffea4c520cd@group-08B5B0C5DBCB-LeaderElection8: begin an election at term 1 for -1: [b0254fda-0d8d-4a53-9155-cc1eedc149de:192.168.157.211:36287, 39cc9473-aad5-4b25-9d7b-fffea4c520cd:192.168.157.211:44184, b1d7ebd9-d515-425d-ba15-8c78ce264b9c:192.168.157.211:38536], old=null
2019-11-08 23:42:43,714 [820002c6-9ffb-4b19-ac52-432360c0d1a9@group-66B1CE2212FE-SegmentedRaftLogWorker] INFO  segmented.SegmentedRaftLogWorker (SegmentedRaftLogWorker.java:execute(576)) - 820002c6-9ffb-4b19-ac52-432360c0d1a9@group-66B1CE2212FE-SegmentedRaftLogWorker: created new log segment /workdir/hadoop-ozone/integration-test/target/test-dir/MiniOzoneClusterImpl-7b65c80e-3cfa-488f-8d29-1931258b4af6/datanode-2/data/ratis/b344ebaf-8e61-446f-8208-66b1ce2212fe/current/log_inprogress_0
2019-11-08 23:42:43,746 [b0254fda-0d8d-4a53-9155-cc1eedc149de@group-08B5B0C5DBCB-LeaderElection5] INFO  impl.LeaderElection (LeaderElection.java:logAndReturn(56)) - b0254fda-0d8d-4a53-9155-cc1eedc149de@group-08B5B0C5DBCB-LeaderElection5: Election REJECTED; received 2 response(s) [b0254fda-0d8d-4a53-9155-cc1eedc149de<-39cc9473-aad5-4b25-9d7b-fffea4c520cd#0:FAIL-t1, b0254fda-0d8d-4a53-9155-cc1eedc149de<-b1d7ebd9-d515-425d-ba15-8c78ce264b9c#0:FAIL-t1] and 0 exception(s); b0254fda-0d8d-4a53-9155-cc1eedc149de@group-08B5B0C5DBCB:t1, leader=null, voted=b0254fda-0d8d-4a53-9155-cc1eedc149de, raftlog=b0254fda-0d8d-4a53-9155-cc1eedc149de@group-08B5B0C5DBCB-SegmentedRaftLog:OPENED:c-1,f-1,i0, conf=-1: [b0254fda-0d8d-4a53-9155-cc1eedc149de:192.168.157.211:36287, 39cc9473-aad5-4b25-9d7b-fffea4c520cd:192.168.157.211:44184, b1d7ebd9-d515-425d-ba15-8c78ce264b9c:192.168.157.211:38536], old=null
2019-11-08 23:42:43,749 [b0254fda-0d8d-4a53-9155-cc1eedc149de@group-08B5B0C5DBCB-LeaderElection5] INFO  impl.RaftServerImpl (RaftServerImpl.java:setRole(173)) - b0254fda-0d8d-4a53-9155-cc1eedc149de@group-08B5B0C5DBCB: changes role from CANDIDATE to FOLLOWER at term 1 for DISCOVERED_A_NEW_TERM
2019-11-08 23:42:43,750 [b0254fda-0d8d-4a53-9155-cc1eedc149de@group-08B5B0C5DBCB-LeaderElection5] INFO  impl.RoleInfo (RoleInfo.java:shutdownLeaderElection(134)) - b0254fda-0d8d-4a53-9155-cc1eedc149de: shutdown LeaderElection
2019-11-08 23:42:43,750 [b0254fda-0d8d-4a53-9155-cc1eedc149de@group-08B5B0C5DBCB-LeaderElection5] INFO  impl.RoleInfo (RoleInfo.java:updateAndGet(143)) - b0254fda-0d8d-4a53-9155-cc1eedc149de: start FollowerState
2019-11-08 23:42:43,752 [39cc9473-aad5-4b25-9d7b-fffea4c520cd@group-08B5B0C5DBCB-LeaderElection8] INFO  impl.LeaderElection (LeaderElection.java:logAndReturn(56)) - 39cc9473-aad5-4b25-9d7b-fffea4c520cd@group-08B5B0C5DBCB-LeaderElection8: Election REJECTED; received 2 response(s) [39cc9473-aad5-4b25-9d7b-fffea4c520cd<-b0254fda-0d8d-4a53-9155-cc1eedc149de#0:FAIL-t1, 39cc9473-aad5-4b25-9d7b-fffea4c520cd<-b1d7ebd9-d515-425d-ba15-8c78ce264b9c#0:FAIL-t1] and 0 exception(s); 39cc9473-aad5-4b25-9d7b-fffea4c520cd@group-08B5B0C5DBCB:t1, leader=null, voted=39cc9473-aad5-4b25-9d7b-fffea4c520cd, raftlog=39cc9473-aad5-4b25-9d7b-fffea4c520cd@group-08B5B0C5DBCB-SegmentedRaftLog:OPENED:c-1,f-1,i0, conf=-1: [b0254fda-0d8d-4a53-9155-cc1eedc149de:192.168.157.211:36287, 39cc9473-aad5-4b25-9d7b-fffea4c520cd:192.168.157.211:44184, b1d7ebd9-d515-425d-ba15-8c78ce264b9c:192.168.157.211:38536], old=null
2019-11-08 23:42:43,753 [39cc9473-aad5-4b25-9d7b-fffea4c520cd@group-08B5B0C5DBCB-LeaderElection8] INFO  impl.RaftServerImpl (RaftServerImpl.java:setRole(173)) - 39cc9473-aad5-4b25-9d7b-fffea4c520cd@group-08B5B0C5DBCB: changes role from CANDIDATE to FOLLOWER at term 1 for DISCOVERED_A_NEW_TERM
2019-11-08 23:42:43,754 [39cc9473-aad5-4b25-9d7b-fffea4c520cd@group-08B5B0C5DBCB-LeaderElection8] INFO  impl.RoleInfo (RoleInfo.java:shutdownLeaderElection(134)) - 39cc9473-aad5-4b25-9d7b-fffea4c520cd: shutdown LeaderElection
2019-11-08 23:42:43,754 [39cc9473-aad5-4b25-9d7b-fffea4c520cd@group-08B5B0C5DBCB-LeaderElection8] INFO  impl.RoleInfo (RoleInfo.java:updateAndGet(143)) - 39cc9473-aad5-4b25-9d7b-fffea4c520cd: start FollowerState
2019-11-08 23:42:43,758 [b1d7ebd9-d515-425d-ba15-8c78ce264b9c@group-08B5B0C5DBCB-LeaderElection7] INFO  impl.LeaderElection (LeaderElection.java:logAndReturn(56)) - b1d7ebd9-d515-425d-ba15-8c78ce264b9c@group-08B5B0C5DBCB-LeaderElection7: Election REJECTED; received 2 response(s) [b1d7ebd9-d515-425d-ba15-8c78ce264b9c<-b0254fda-0d8d-4a53-9155-cc1eedc149de#0:FAIL-t1, b1d7ebd9-d515-425d-ba15-8c78ce264b9c<-39cc9473-aad5-4b25-9d7b-fffea4c520cd#0:FAIL-t1] and 0 exception(s); b1d7ebd9-d515-425d-ba15-8c78ce264b9c@group-08B5B0C5DBCB:t1, leader=null, voted=b1d7ebd9-d515-425d-ba15-8c78ce264b9c, raftlog=b1d7ebd9-d515-425d-ba15-8c78ce264b9c@group-08B5B0C5DBCB-SegmentedRaftLog:OPENED:c-1,f-1,i0, conf=-1: [b0254fda-0d8d-4a53-9155-cc1eedc149de:192.168.157.211:36287, 39cc9473-aad5-4b25-9d7b-fffea4c520cd:192.168.157.211:44184, b1d7ebd9-d515-425d-ba15-8c78ce264b9c:192.168.157.211:38536], old=null
2019-11-08 23:42:43,759 [b1d7ebd9-d515-425d-ba15-8c78ce264b9c@group-08B5B0C5DBCB-LeaderElection7] INFO  impl.RaftServerImpl (RaftServerImpl.java:setRole(173)) - b1d7ebd9-d515-425d-ba15-8c78ce264b9c@group-08B5B0C5DBCB: changes role from CANDIDATE to FOLLOWER at term 1 for DISCOVERED_A_NEW_TERM
2019-11-08 23:42:43,760 [b1d7ebd9-d515-425d-ba15-8c78ce264b9c@group-08B5B0C5DBCB-LeaderElection7] INFO  impl.RoleInfo (RoleInfo.java:shutdownLeaderElection(134)) - b1d7ebd9-d515-425d-ba15-8c78ce264b9c: shutdown LeaderElection
2019-11-08 23:42:43,760 [b1d7ebd9-d515-425d-ba15-8c78ce264b9c@group-08B5B0C5DBCB-LeaderElection7] INFO  impl.RoleInfo (RoleInfo.java:updateAndGet(143)) - b1d7ebd9-d515-425d-ba15-8c78ce264b9c: start FollowerState
2019-11-08 23:42:48,876 [Thread-253] INFO  impl.FollowerState (FollowerState.java:run(111)) - b0254fda-0d8d-4a53-9155-cc1eedc149de@group-08B5B0C5DBCB-FollowerState: change to CANDIDATE, lastRpcTime:5125ms, electionTimeout:5123ms
2019-11-08 23:42:48,878 [Thread-253] INFO  impl.RoleInfo (RoleInfo.java:shutdownFollowerState(121)) - b0254fda-0d8d-4a53-9155-cc1eedc149de: shutdown FollowerState
2019-11-08 23:42:48,878 [Thread-253] INFO  impl.RaftServerImpl (RaftServerImpl.java:setRole(173)) - b0254fda-0d8d-4a53-9155-cc1eedc149de@group-08B5B0C5DBCB: changes role from  FOLLOWER to CANDIDATE at term 1 for changeToCandidate
2019-11-08 23:42:48,878 [Thread-253] INFO  impl.RoleInfo (RoleInfo.java:updateAndGet(143)) - b0254fda-0d8d-4a53-9155-cc1eedc149de: start LeaderElection
2019-11-08 23:42:48,915 [Thread-255] INFO  impl.FollowerState (FollowerState.java:run(111)) - b1d7ebd9-d515-425d-ba15-8c78ce264b9c@group-08B5B0C5DBCB-FollowerState: change to CANDIDATE, lastRpcTime:5155ms, electionTimeout:5154ms
2019-11-08 23:42:48,915 [Thread-255] INFO  impl.RoleInfo (RoleInfo.java:shutdownFollowerState(121)) - b1d7ebd9-d515-425d-ba15-8c78ce264b9c: shutdown FollowerState
2019-11-08 23:42:48,916 [Thread-255] INFO  impl.RaftServerImpl (RaftServerImpl.java:setRole(173)) - b1d7ebd9-d515-425d-ba15-8c78ce264b9c@group-08B5B0C5DBCB: changes role from  FOLLOWER to CANDIDATE at term 1 for changeToCandidate
2019-11-08 23:42:48,916 [Thread-255] INFO  impl.RoleInfo (RoleInfo.java:updateAndGet(143)) - b1d7ebd9-d515-425d-ba15-8c78ce264b9c: start LeaderElection
2019-11-08 23:42:48,950 [Thread-254] INFO  impl.FollowerState (FollowerState.java:run(111)) - 39cc9473-aad5-4b25-9d7b-fffea4c520cd@group-08B5B0C5DBCB-FollowerState: change to CANDIDATE, lastRpcTime:5195ms, electionTimeout:5194ms
2019-11-08 23:42:48,950 [Thread-254] INFO  impl.RoleInfo (RoleInfo.java:shutdownFollowerState(121)) - 39cc9473-aad5-4b25-9d7b-fffea4c520cd: shutdown FollowerState
2019-11-08 23:42:48,950 [Thread-254] INFO  impl.RaftServerImpl (RaftServerImpl.java:setRole(173)) - 39cc9473-aad5-4b25-9d7b-fffea4c520cd@group-08B5B0C5DBCB: changes role from  FOLLOWER to CANDIDATE at term 1 for changeToCandidate
2019-11-08 23:42:48,950 [Thread-254] INFO  impl.RoleInfo (RoleInfo.java:updateAndGet(143)) - 39cc9473-aad5-4b25-9d7b-fffea4c520cd: start LeaderElection
2019-11-08 23:42:48,997 [39cc9473-aad5-4b25-9d7b-fffea4c520cd@group-08B5B0C5DBCB-LeaderElection11] INFO  impl.LeaderElection (LeaderElection.java:askForVotes(178)) - 39cc9473-aad5-4b25-9d7b-fffea4c520cd@group-08B5B0C5DBCB-LeaderElection11: begin an election at term 2 for -1: [b0254fda-0d8d-4a53-9155-cc1eedc149de:192.168.157.211:36287, 39cc9473-aad5-4b25-9d7b-fffea4c520cd:192.168.157.211:44184, b1d7ebd9-d515-425d-ba15-8c78ce264b9c:192.168.157.211:38536], old=null
2019-11-08 23:42:48,997 [b0254fda-0d8d-4a53-9155-cc1eedc149de@group-08B5B0C5DBCB-LeaderElection9] INFO  impl.LeaderElection (LeaderElection.java:askForVotes(178)) - b0254fda-0d8d-4a53-9155-cc1eedc149de@group-08B5B0C5DBCB-LeaderElection9: begin an election at term 2 for -1: [b0254fda-0d8d-4a53-9155-cc1eedc149de:192.168.157.211:36287, 39cc9473-aad5-4b25-9d7b-fffea4c520cd:192.168.157.211:44184, b1d7ebd9-d515-425d-ba15-8c78ce264b9c:192.168.157.211:38536], old=null
2019-11-08 23:42:48,997 [b1d7ebd9-d515-425d-ba15-8c78ce264b9c@group-08B5B0C5DBCB-LeaderElection10] INFO  impl.LeaderElection (LeaderElection.java:askForVotes(178)) - b1d7ebd9-d515-425d-ba15-8c78ce264b9c@group-08B5B0C5DBCB-LeaderElection10: begin an election at term 2 for -1: [b0254fda-0d8d-4a53-9155-cc1eedc149de:192.168.157.211:36287, 39cc9473-aad5-4b25-9d7b-fffea4c520cd:192.168.157.211:44184, b1d7ebd9-d515-425d-ba15-8c78ce264b9c:192.168.157.211:38536], old=null
2019-11-08 23:42:49,013 [39cc9473-aad5-4b25-9d7b-fffea4c520cd@group-08B5B0C5DBCB-LeaderElection11] INFO  impl.LeaderElection (LeaderElection.java:logAndReturn(56)) - 39cc9473-aad5-4b25-9d7b-fffea4c520cd@group-08B5B0C5DBCB-LeaderElection11: Election REJECTED; received 2 response(s) [39cc9473-aad5-4b25-9d7b-fffea4c520cd<-b0254fda-0d8d-4a53-9155-cc1eedc149de#0:FAIL-t2, 39cc9473-aad5-4b25-9d7b-fffea4c520cd<-b1d7ebd9-d515-425d-ba15-8c78ce264b9c#0:FAIL-t2] and 0 exception(s); 39cc9473-aad5-4b25-9d7b-fffea4c520cd@group-08B5B0C5DBCB:t2, leader=null, voted=39cc9473-aad5-4b25-9d7b-fffea4c520cd, raftlog=39cc9473-aad5-4b25-9d7b-fffea4c520cd@group-08B5B0C5DBCB-SegmentedRaftLog:OPENED:c-1,f-1,i0, conf=-1: [b0254fda-0d8d-4a53-9155-cc1eedc149de:192.168.157.211:36287, 39cc9473-aad5-4b25-9d7b-fffea4c520cd:192.168.157.211:44184, b1d7ebd9-d515-425d-ba15-8c78ce264b9c:192.168.157.211:38536], old=null
2019-11-08 23:42:49,014 [39cc9473-aad5-4b25-9d7b-fffea4c520cd@group-08B5B0C5DBCB-LeaderElection11] INFO  impl.RaftServerImpl (RaftServerImpl.java:setRole(173)) - 39cc9473-aad5-4b25-9d7b-fffea4c520cd@group-08B5B0C5DBCB: changes role from CANDIDATE to FOLLOWER at term 2 for DISCOVERED_A_NEW_TERM
2019-11-08 23:42:49,015 [39cc9473-aad5-4b25-9d7b-fffea4c520cd@group-08B5B0C5DBCB-LeaderElection11] INFO  impl.RoleInfo (RoleInfo.java:shutdownLeaderElection(134)) - 39cc9473-aad5-4b25-9d7b-fffea4c520cd: shutdown LeaderElection
2019-11-08 23:42:49,016 [b0254fda-0d8d-4a53-9155-cc1eedc149de@group-08B5B0C5DBCB-LeaderElection9] INFO  impl.LeaderElection (LeaderElection.java:logAndReturn(56)) - b0254fda-0d8d-4a53-9155-cc1eedc149de@group-08B5B0C5DBCB-LeaderElection9: Election REJECTED; received 2 response(s) [b0254fda-0d8d-4a53-9155-cc1eedc149de<-39cc9473-aad5-4b25-9d7b-fffea4c520cd#0:FAIL-t2, b0254fda-0d8d-4a53-9155-cc1eedc149de<-b1d7ebd9-d515-425d-ba15-8c78ce264b9c#0:FAIL-t2] and 0 exception(s); b0254fda-0d8d-4a53-9155-cc1eedc149de@group-08B5B0C5DBCB:t2, leader=null, voted=b0254fda-0d8d-4a53-9155-cc1eedc149de, raftlog=b0254fda-0d8d-4a53-9155-cc1eedc149de@group-08B5B0C5DBCB-SegmentedRaftLog:OPENED:c-1,f-1,i0, conf=-1: [b0254fda-0d8d-4a53-9155-cc1eedc149de:192.168.157.211:36287, 39cc9473-aad5-4b25-9d7b-fffea4c520cd:192.168.157.211:44184, b1d7ebd9-d515-425d-ba15-8c78ce264b9c:192.168.157.211:38536], old=null
2019-11-08 23:42:49,017 [39cc9473-aad5-4b25-9d7b-fffea4c520cd@group-08B5B0C5DBCB-LeaderElection11] INFO  impl.RoleInfo (RoleInfo.java:updateAndGet(143)) - 39cc9473-aad5-4b25-9d7b-fffea4c520cd: start FollowerState
2019-11-08 23:42:49,017 [b0254fda-0d8d-4a53-9155-cc1eedc149de@group-08B5B0C5DBCB-LeaderElection9] INFO  impl.RaftServerImpl (RaftServerImpl.java:setRole(173)) - b0254fda-0d8d-4a53-9155-cc1eedc149de@group-08B5B0C5DBCB: changes role from CANDIDATE to FOLLOWER at term 2 for DISCOVERED_A_NEW_TERM
2019-11-08 23:42:49,018 [b0254fda-0d8d-4a53-9155-cc1eedc149de@group-08B5B0C5DBCB-LeaderElection9] INFO  impl.RoleInfo (RoleInfo.java:shutdownLeaderElection(134)) - b0254fda-0d8d-4a53-9155-cc1eedc149de: shutdown LeaderElection
2019-11-08 23:42:49,019 [b1d7ebd9-d515-425d-ba15-8c78ce264b9c@group-08B5B0C5DBCB-LeaderElection10] INFO  impl.LeaderElection (LeaderElection.java:logAndReturn(56)) - b1d7ebd9-d515-425d-ba15-8c78ce264b9c@group-08B5B0C5DBCB-LeaderElection10: Election REJECTED; received 2 response(s) [b1d7ebd9-d515-425d-ba15-8c78ce264b9c<-b0254fda-0d8d-4a53-9155-cc1eedc149de#0:FAIL-t2, b1d7ebd9-d515-425d-ba15-8c78ce264b9c<-39cc9473-aad5-4b25-9d7b-fffea4c520cd#0:FAIL-t2] and 0 exception(s); b1d7ebd9-d515-425d-ba15-8c78ce264b9c@group-08B5B0C5DBCB:t2, leader=null, voted=b1d7ebd9-d515-425d-ba15-8c78ce264b9c, raftlog=b1d7ebd9-d515-425d-ba15-8c78ce264b9c@group-08B5B0C5DBCB-SegmentedRaftLog:OPENED:c-1,f-1,i0, conf=-1: [b0254fda-0d8d-4a53-9155-cc1eedc149de:192.168.157.211:36287, 39cc9473-aad5-4b25-9d7b-fffea4c520cd:192.168.157.211:44184, b1d7ebd9-d515-425d-ba15-8c78ce264b9c:192.168.157.211:38536], old=null
2019-11-08 23:42:49,022 [b0254fda-0d8d-4a53-9155-cc1eedc149de@group-08B5B0C5DBCB-LeaderElection9] INFO  impl.RoleInfo (RoleInfo.java:updateAndGet(143)) - b0254fda-0d8d-4a53-9155-cc1eedc149de: start FollowerState
2019-11-08 23:42:49,022 [b1d7ebd9-d515-425d-ba15-8c78ce264b9c@group-08B5B0C5DBCB-LeaderElection10] INFO  impl.RaftServerImpl (RaftServerImpl.java:setRole(173)) - b1d7ebd9-d515-425d-ba15-8c78ce264b9c@group-08B5B0C5DBCB: changes role from CANDIDATE to FOLLOWER at term 2 for DISCOVERED_A_NEW_TERM
2019-11-08 23:42:49,026 [b1d7ebd9-d515-425d-ba15-8c78ce264b9c@group-08B5B0C5DBCB-LeaderElection10] INFO  impl.RoleInfo (RoleInfo.java:shutdownLeaderElection(134)) - b1d7ebd9-d515-425d-ba15-8c78ce264b9c: shutdown LeaderElection
2019-11-08 23:42:49,026 [b1d7ebd9-d515-425d-ba15-8c78ce264b9c@group-08B5B0C5DBCB-LeaderElection10] INFO  impl.RoleInfo (RoleInfo.java:updateAndGet(143)) - b1d7ebd9-d515-425d-ba15-8c78ce264b9c: start FollowerState
2019-11-08 23:42:54,094 [Thread-276] INFO  impl.FollowerState (FollowerState.java:run(111)) - 39cc9473-aad5-4b25-9d7b-fffea4c520cd@group-08B5B0C5DBCB-FollowerState: change to CANDIDATE, lastRpcTime:5077ms, electionTimeout:5075ms
2019-11-08 23:42:54,095 [Thread-276] INFO  impl.RoleInfo (RoleInfo.java:shutdownFollowerState(121)) - 39cc9473-aad5-4b25-9d7b-fffea4c520cd: shutdown FollowerState
2019-11-08 23:42:54,095 [Thread-276] INFO  impl.RaftServerImpl (RaftServerImpl.java:setRole(173)) - 39cc9473-aad5-4b25-9d7b-fffea4c520cd@group-08B5B0C5DBCB: changes role from  FOLLOWER to CANDIDATE at term 2 for changeToCandidate
2019-11-08 23:42:54,096 [Thread-276] INFO  impl.RoleInfo (RoleInfo.java:updateAndGet(143)) - 39cc9473-aad5-4b25-9d7b-fffea4c520cd: start LeaderElection
2019-11-08 23:42:54,102 [Thread-278] INFO  impl.FollowerState (FollowerState.java:run(111)) - b1d7ebd9-d515-425d-ba15-8c78ce264b9c@group-08B5B0C5DBCB-FollowerState: change to CANDIDATE, lastRpcTime:5076ms, electionTimeout:5075ms
2019-11-08 23:42:54,102 [Thread-278] INFO  impl.RoleInfo (RoleInfo.java:shutdownFollowerState(121)) - b1d7ebd9-d515-425d-ba15-8c78ce264b9c: shutdown FollowerState
2019-11-08 23:42:54,103 [Thread-278] INFO  impl.RaftServerImpl (RaftServerImpl.java:setRole(173)) - b1d7ebd9-d515-425d-ba15-8c78ce264b9c@group-08B5B0C5DBCB: changes role from  FOLLOWER to CANDIDATE at term 2 for changeToCandidate
2019-11-08 23:42:54,103 [Thread-278] INFO  impl.RoleInfo (RoleInfo.java:updateAndGet(143)) - b1d7ebd9-d515-425d-ba15-8c78ce264b9c: start LeaderElection
2019-11-08 23:42:54,186 [Thread-277] INFO  impl.FollowerState (FollowerState.java:run(111)) - b0254fda-0d8d-4a53-9155-cc1eedc149de@group-08B5B0C5DBCB-FollowerState: change to CANDIDATE, lastRpcTime:5164ms, electionTimeout:5160ms
2019-11-08 23:42:54,186 [Thread-277] INFO  impl.RoleInfo (RoleInfo.java:shutdownFollowerState(121)) - b0254fda-0d8d-4a53-9155-cc1eedc149de: shutdown FollowerState
2019-11-08 23:42:54,186 [Thread-277] INFO  impl.RaftServerImpl (RaftServerImpl.java:setRole(173)) - b0254fda-0d8d-4a53-9155-cc1eedc149de@group-08B5B0C5DBCB: changes role from  FOLLOWER to CANDIDATE at term 2 for changeToCandidate
2019-11-08 23:42:54,187 [Thread-277] INFO  impl.RoleInfo (RoleInfo.java:updateAndGet(143)) - b0254fda-0d8d-4a53-9155-cc1eedc149de: start LeaderElection
2019-11-08 23:42:54,224 [b1d7ebd9-d515-425d-ba15-8c78ce264b9c@group-08B5B0C5DBCB-LeaderElection13] INFO  impl.LeaderElection (LeaderElection.java:askForVotes(178)) - b1d7ebd9-d515-425d-ba15-8c78ce264b9c@group-08B5B0C5DBCB-LeaderElection13: begin an election at term 3 for -1: [b0254fda-0d8d-4a53-9155-cc1eedc149de:192.168.157.211:36287, 39cc9473-aad5-4b25-9d7b-fffea4c520cd:192.168.157.211:44184, b1d7ebd9-d515-425d-ba15-8c78ce264b9c:192.168.157.211:38536], old=null
2019-11-08 23:42:54,224 [b0254fda-0d8d-4a53-9155-cc1eedc149de@group-08B5B0C5DBCB-LeaderElection14] INFO  impl.LeaderElection (LeaderElection.java:askForVotes(178)) - b0254fda-0d8d-4a53-9155-cc1eedc149de@group-08B5B0C5DBCB-LeaderElection14: begin an election at term 3 for -1: [b0254fda-0d8d-4a53-9155-cc1eedc149de:192.168.157.211:36287, 39cc9473-aad5-4b25-9d7b-fffea4c520cd:192.168.157.211:44184, b1d7ebd9-d515-425d-ba15-8c78ce264b9c:192.168.157.211:38536], old=null
2019-11-08 23:42:54,224 [39cc9473-aad5-4b25-9d7b-fffea4c520cd@group-08B5B0C5DBCB-LeaderElection12] INFO  impl.LeaderElection (LeaderElection.java:askForVotes(178)) - 39cc9473-aad5-4b25-9d7b-fffea4c520cd@group-08B5B0C5DBCB-LeaderElection12: begin an election at term 3 for -1: [b0254fda-0d8d-4a53-9155-cc1eedc149de:192.168.157.211:36287, 39cc9473-aad5-4b25-9d7b-fffea4c520cd:192.168.157.211:44184, b1d7ebd9-d515-425d-ba15-8c78ce264b9c:192.168.157.211:38536], old=null
2019-11-08 23:42:54,241 [b0254fda-0d8d-4a53-9155-cc1eedc149de@group-08B5B0C5DBCB-LeaderElection14] INFO  impl.LeaderElection (LeaderElection.java:logAndReturn(56)) - b0254fda-0d8d-4a53-9155-cc1eedc149de@group-08B5B0C5DBCB-LeaderElection14: Election REJECTED; received 2 response(s) [b0254fda-0d8d-4a53-9155-cc1eedc149de<-39cc9473-aad5-4b25-9d7b-fffea4c520cd#0:FAIL-t3, b0254fda-0d8d-4a53-9155-cc1eedc149de<-b1d7ebd9-d515-425d-ba15-8c78ce264b9c#0:FAIL-t3] and 0 exception(s); b0254fda-0d8d-4a53-9155-cc1eedc149de@group-08B5B0C5DBCB:t3, leader=null, voted=b0254fda-0d8d-4a53-9155-cc1eedc149de, raftlog=b0254fda-0d8d-4a53-9155-cc1eedc149de@group-08B5B0C5DBCB-SegmentedRaftLog:OPENED:c-1,f-1,i0, conf=-1: [b0254fda-0d8d-4a53-9155-cc1eedc149de:192.168.157.211:36287, 39cc9473-aad5-4b25-9d7b-fffea4c520cd:192.168.157.211:44184, b1d7ebd9-d515-425d-ba15-8c78ce264b9c:192.168.157.211:38536], old=null
2019-11-08 23:42:54,241 [b0254fda-0d8d-4a53-9155-cc1eedc149de@group-08B5B0C5DBCB-LeaderElection14] INFO  impl.RaftServerImpl (RaftServerImpl.java:setRole(173)) - b0254fda-0d8d-4a53-9155-cc1eedc149de@group-08B5B0C5DBCB: changes role from CANDIDATE to FOLLOWER at term 3 for DISCOVERED_A_NEW_TERM
2019-11-08 23:42:54,244 [b0254fda-0d8d-4a53-9155-cc1eedc149de@group-08B5B0C5DBCB-LeaderElection14] INFO  impl.RoleInfo (RoleInfo.java:shutdownLeaderElection(134)) - b0254fda-0d8d-4a53-9155-cc1eedc149de: shutdown LeaderElection
2019-11-08 23:42:54,244 [b0254fda-0d8d-4a53-9155-cc1eedc149de@group-08B5B0C5DBCB-LeaderElection14] INFO  impl.RoleInfo (RoleInfo.java:updateAndGet(143)) - b0254fda-0d8d-4a53-9155-cc1eedc149de: start FollowerState
2019-11-08 23:42:54,247 [b1d7ebd9-d515-425d-ba15-8c78ce264b9c@group-08B5B0C5DBCB-LeaderElection13] INFO  impl.LeaderElection (LeaderElection.java:logAndReturn(56)) - b1d7ebd9-d515-425d-ba15-8c78ce264b9c@group-08B5B0C5DBCB-LeaderElection13: Election REJECTED; received 2 response(s) [b1d7ebd9-d515-425d-ba15-8c78ce264b9c<-b0254fda-0d8d-4a53-9155-cc1eedc149de#0:FAIL-t3, b1d7ebd9-d515-425d-ba15-8c78ce264b9c<-39cc9473-aad5-4b25-9d7b-fffea4c520cd#0:FAIL-t3] and 0 exception(s); b1d7ebd9-d515-425d-ba15-8c78ce264b9c@group-08B5B0C5DBCB:t3, leader=null, voted=b1d7ebd9-d515-425d-ba15-8c78ce264b9c, raftlog=b1d7ebd9-d515-425d-ba15-8c78ce264b9c@group-08B5B0C5DBCB-SegmentedRaftLog:OPENED:c-1,f-1,i0, conf=-1: [b0254fda-0d8d-4a53-9155-cc1eedc149de:192.168.157.211:36287, 39cc9473-aad5-4b25-9d7b-fffea4c520cd:192.168.157.211:44184, b1d7ebd9-d515-425d-ba15-8c78ce264b9c:192.168.157.211:38536], old=null
2019-11-08 23:42:54,248 [39cc9473-aad5-4b25-9d7b-fffea4c520cd@group-08B5B0C5DBCB-LeaderElection12] INFO  impl.LeaderElection (LeaderElection.java:logAndReturn(56)) - 39cc9473-aad5-4b25-9d7b-fffea4c520cd@group-08B5B0C5DBCB-LeaderElection12: Election REJECTED; received 2 response(s) [39cc9473-aad5-4b25-9d7b-fffea4c520cd<-b0254fda-0d8d-4a53-9155-cc1eedc149de#0:FAIL-t3, 39cc9473-aad5-4b25-9d7b-fffea4c520cd<-b1d7ebd9-d515-425d-ba15-8c78ce264b9c#0:FAIL-t3] and 0 exception(s); 39cc9473-aad5-4b25-9d7b-fffea4c520cd@group-08B5B0C5DBCB:t3, leader=null, voted=39cc9473-aad5-4b25-9d7b-fffea4c520cd, raftlog=39cc9473-aad5-4b25-9d7b-fffea4c520cd@group-08B5B0C5DBCB-SegmentedRaftLog:OPENED:c-1,f-1,i0, conf=-1: [b0254fda-0d8d-4a53-9155-cc1eedc149de:192.168.157.211:36287, 39cc9473-aad5-4b25-9d7b-fffea4c520cd:192.168.157.211:44184, b1d7ebd9-d515-425d-ba15-8c78ce264b9c:192.168.157.211:38536], old=null
2019-11-08 23:42:54,248 [b1d7ebd9-d515-425d-ba15-8c78ce264b9c@group-08B5B0C5DBCB-LeaderElection13] INFO  impl.RaftServerImpl (RaftServerImpl.java:setRole(173)) - b1d7ebd9-d515-425d-ba15-8c78ce264b9c@group-08B5B0C5DBCB: changes role from CANDIDATE to FOLLOWER at term 3 for DISCOVERED_A_NEW_TERM
2019-11-08 23:42:54,250 [39cc9473-aad5-4b25-9d7b-fffea4c520cd@group-08B5B0C5DBCB-LeaderElection12] INFO  impl.RaftServerImpl (RaftServerImpl.java:setRole(173)) - 39cc9473-aad5-4b25-9d7b-fffea4c520cd@group-08B5B0C5DBCB: changes role from CANDIDATE to FOLLOWER at term 3 for DISCOVERED_A_NEW_TERM
2019-11-08 23:42:54,252 [b1d7ebd9-d515-425d-ba15-8c78ce264b9c@group-08B5B0C5DBCB-LeaderElection13] INFO  impl.RoleInfo (RoleInfo.java:shutdownLeaderElection(134)) - b1d7ebd9-d515-425d-ba15-8c78ce264b9c: shutdown LeaderElection
2019-11-08 23:42:54,253 [39cc9473-aad5-4b25-9d7b-fffea4c520cd@group-08B5B0C5DBCB-LeaderElection12] INFO  impl.RoleInfo (RoleInfo.java:shutdownLeaderElection(134)) - 39cc9473-aad5-4b25-9d7b-fffea4c520cd: shutdown LeaderElection
2019-11-08 23:42:54,253 [b1d7ebd9-d515-425d-ba15-8c78ce264b9c@group-08B5B0C5DBCB-LeaderElection13] INFO  impl.RoleInfo (RoleInfo.java:updateAndGet(143)) - b1d7ebd9-d515-425d-ba15-8c78ce264b9c: start FollowerState
2019-11-08 23:42:54,253 [39cc9473-aad5-4b25-9d7b-fffea4c520cd@group-08B5B0C5DBCB-LeaderElection12] INFO  impl.RoleInfo (RoleInfo.java:updateAndGet(143)) - 39cc9473-aad5-4b25-9d7b-fffea4c520cd: start FollowerState
2019-11-08 23:42:59,303 [Thread-298] INFO  impl.FollowerState (FollowerState.java:run(111)) - b0254fda-0d8d-4a53-9155-cc1eedc149de@group-08B5B0C5DBCB-FollowerState: change to CANDIDATE, lastRpcTime:5058ms, electionTimeout:5057ms
2019-11-08 23:42:59,304 [Thread-298] INFO  impl.RoleInfo (RoleInfo.java:shutdownFollowerState(121)) - b0254fda-0d8d-4a53-9155-cc1eedc149de: shutdown FollowerState
2019-11-08 23:42:59,304 [Thread-298] INFO  impl.RaftServerImpl (RaftServerImpl.java:setRole(173)) - b0254fda-0d8d-4a53-9155-cc1eedc149de@group-08B5B0C5DBCB: changes role from  FOLLOWER to CANDIDATE at term 3 for changeToCandidate
2019-11-08 23:42:59,304 [Thread-298] INFO  impl.RoleInfo (RoleInfo.java:updateAndGet(143)) - b0254fda-0d8d-4a53-9155-cc1eedc149de: start LeaderElection
2019-11-08 23:42:59,333 [Thread-299] INFO  impl.FollowerState (FollowerState.java:run(111)) - b1d7ebd9-d515-425d-ba15-8c78ce264b9c@group-08B5B0C5DBCB-FollowerState: change to CANDIDATE, lastRpcTime:5079ms, electionTimeout:5073ms
2019-11-08 23:42:59,333 [Thread-299] INFO  impl.RoleInfo (RoleInfo.java:shutdownFollowerState(121)) - b1d7ebd9-d515-425d-ba15-8c78ce264b9c: shutdown FollowerState
2019-11-08 23:42:59,333 [Thread-299] INFO  impl.RaftServerImpl (RaftServerImpl.java:setRole(173)) - b1d7ebd9-d515-425d-ba15-8c78ce264b9c@group-08B5B0C5DBCB: changes role from  FOLLOWER to CANDIDATE at term 3 for changeToCandidate
2019-11-08 23:42:59,334 [Thread-299] INFO  impl.RoleInfo (RoleInfo.java:updateAndGet(143)) - b1d7ebd9-d515-425d-ba15-8c78ce264b9c: start LeaderElection
2019-11-08 23:42:59,336 [b0254fda-0d8d-4a53-9155-cc1eedc149de@group-08B5B0C5DBCB-LeaderElection15] INFO  impl.LeaderElection (LeaderElection.java:askForVotes(178)) - b0254fda-0d8d-4a53-9155-cc1eedc149de@group-08B5B0C5DBCB-LeaderElection15: begin an election at term 4 for -1: [b0254fda-0d8d-4a53-9155-cc1eedc149de:192.168.157.211:36287, 39cc9473-aad5-4b25-9d7b-fffea4c520cd:192.168.157.211:44184, b1d7ebd9-d515-425d-ba15-8c78ce264b9c:192.168.157.211:38536], old=null
2019-11-08 23:42:59,339 [b1d7ebd9-d515-425d-ba15-8c78ce264b9c@group-08B5B0C5DBCB-LeaderElection16] INFO  impl.LeaderElection (LeaderElection.java:askForVotes(178)) - b1d7ebd9-d515-425d-ba15-8c78ce264b9c@group-08B5B0C5DBCB-LeaderElection16: begin an election at term 4 for -1: [b0254fda-0d8d-4a53-9155-cc1eedc149de:192.168.157.211:36287, 39cc9473-aad5-4b25-9d7b-fffea4c520cd:192.168.157.211:44184, b1d7ebd9-d515-425d-ba15-8c78ce264b9c:192.168.157.211:38536], old=null
2019-11-08 23:42:59,344 [grpc-default-executor-3] INFO  impl.RaftServerImpl (RaftServerImpl.java:setRole(173)) - 39cc9473-aad5-4b25-9d7b-fffea4c520cd@group-08B5B0C5DBCB: changes role from  FOLLOWER to FOLLOWER at term 4 for recognizeCandidate:b1d7ebd9-d515-425d-ba15-8c78ce264b9c
2019-11-08 23:42:59,344 [grpc-default-executor-3] INFO  impl.RoleInfo (RoleInfo.java:shutdownFollowerState(121)) - 39cc9473-aad5-4b25-9d7b-fffea4c520cd: shutdown FollowerState
2019-11-08 23:42:59,345 [grpc-default-executor-3] INFO  impl.RoleInfo (RoleInfo.java:updateAndGet(143)) - 39cc9473-aad5-4b25-9d7b-fffea4c520cd: start FollowerState
2019-11-08 23:42:59,345 [Thread-300] INFO  impl.FollowerState (FollowerState.java:run(120)) - 39cc9473-aad5-4b25-9d7b-fffea4c520cd@group-08B5B0C5DBCB-FollowerState was interrupted: java.lang.InterruptedException: sleep interrupted
2019-11-08 23:42:59,375 [b1d7ebd9-d515-425d-ba15-8c78ce264b9c@group-08B5B0C5DBCB-LeaderElection16] INFO  impl.LeaderElection (LeaderElection.java:logAndReturn(56)) - b1d7ebd9-d515-425d-ba15-8c78ce264b9c@group-08B5B0C5DBCB-LeaderElection16: Election PASSED; received 2 response(s) [b1d7ebd9-d515-425d-ba15-8c78ce264b9c<-b0254fda-0d8d-4a53-9155-cc1eedc149de#0:FAIL-t4, b1d7ebd9-d515-425d-ba15-8c78ce264b9c<-39cc9473-aad5-4b25-9d7b-fffea4c520cd#0:OK-t4] and 0 exception(s); b1d7ebd9-d515-425d-ba15-8c78ce264b9c@group-08B5B0C5DBCB:t4, leader=null, voted=b1d7ebd9-d515-425d-ba15-8c78ce264b9c, raftlog=b1d7ebd9-d515-425d-ba15-8c78ce264b9c@group-08B5B0C5DBCB-SegmentedRaftLog:OPENED:c-1,f-1,i0, conf=-1: [b0254fda-0d8d-4a53-9155-cc1eedc149de:192.168.157.211:36287, 39cc9473-aad5-4b25-9d7b-fffea4c520cd:192.168.157.211:44184, b1d7ebd9-d515-425d-ba15-8c78ce264b9c:192.168.157.211:38536], old=null
2019-11-08 23:42:59,375 [b1d7ebd9-d515-425d-ba15-8c78ce264b9c@group-08B5B0C5DBCB-LeaderElection16] INFO  impl.RoleInfo (RoleInfo.java:shutdownLeaderElection(134)) - b1d7ebd9-d515-425d-ba15-8c78ce264b9c: shutdown LeaderElection
2019-11-08 23:42:59,375 [b0254fda-0d8d-4a53-9155-cc1eedc149de@group-08B5B0C5DBCB-LeaderElection15] INFO  impl.LeaderElection (LeaderElection.java:logAndReturn(56)) - b0254fda-0d8d-4a53-9155-cc1eedc149de@group-08B5B0C5DBCB-LeaderElection15: Election REJECTED; received 2 response(s) [b0254fda-0d8d-4a53-9155-cc1eedc149de<-39cc9473-aad5-4b25-9d7b-fffea4c520cd#0:FAIL-t4, b0254fda-0d8d-4a53-9155-cc1eedc149de<-b1d7ebd9-d515-425d-ba15-8c78ce264b9c#0:FAIL-t4] and 0 exception(s); b0254fda-0d8d-4a53-9155-cc1eedc149de@group-08B5B0C5DBCB:t4, leader=null, voted=b0254fda-0d8d-4a53-9155-cc1eedc149de, raftlog=b0254fda-0d8d-4a53-9155-cc1eedc149de@group-08B5B0C5DBCB-SegmentedRaftLog:OPENED:c-1,f-1,i0, conf=-1: [b0254fda-0d8d-4a53-9155-cc1eedc149de:192.168.157.211:36287, 39cc9473-aad5-4b25-9d7b-fffea4c520cd:192.168.157.211:44184, b1d7ebd9-d515-425d-ba15-8c78ce264b9c:192.168.157.211:38536], old=null
2019-11-08 23:42:59,375 [b1d7ebd9-d515-425d-ba15-8c78ce264b9c@group-08B5B0C5DBCB-LeaderElection16] INFO  impl.RaftServerImpl (RaftServerImpl.java:setRole(173)) - b1d7ebd9-d515-425d-ba15-8c78ce264b9c@group-08B5B0C5DBCB: changes role from CANDIDATE to LEADER at term 4 for changeToLeader
2019-11-08 23:42:59,376 [b0254fda-0d8d-4a53-9155-cc1eedc149de@group-08B5B0C5DBCB-LeaderElection15] INFO  impl.RaftServerImpl (RaftServerImpl.java:setRole(173)) - b0254fda-0d8d-4a53-9155-cc1eedc149de@group-08B5B0C5DBCB: changes role from CANDIDATE to FOLLOWER at term 4 for DISCOVERED_A_NEW_TERM
2019-11-08 23:42:59,377 [b1d7ebd9-d515-425d-ba15-8c78ce264b9c@group-08B5B0C5DBCB-LeaderElection16] INFO  impl.RaftServerImpl (ServerState.java:setLeader(255)) - b1d7ebd9-d515-425d-ba15-8c78ce264b9c@group-08B5B0C5DBCB: change Leader from null to b1d7ebd9-d515-425d-ba15-8c78ce264b9c at term 4 for becomeLeader, leader elected after 20825ms
2019-11-08 23:42:59,377 [b0254fda-0d8d-4a53-9155-cc1eedc149de@group-08B5B0C5DBCB-LeaderElection15] INFO  impl.RoleInfo (RoleInfo.java:shutdownLeaderElection(134)) - b0254fda-0d8d-4a53-9155-cc1eedc149de: shutdown LeaderElection
2019-11-08 23:42:59,377 [b1d7ebd9-d515-425d-ba15-8c78ce264b9c@group-08B5B0C5DBCB-LeaderElection16] INFO  server.RaftServerConfigKeys (ConfUtils.java:logGet(43)) - raft.server.staging.catchup.gap = 1000 (default)
2019-11-08 23:42:59,378 [b0254fda-0d8d-4a53-9155-cc1eedc149de@group-08B5B0C5DBCB-LeaderElection15] INFO  impl.RoleInfo (RoleInfo.java:updateAndGet(143)) - b0254fda-0d8d-4a53-9155-cc1eedc149de: start FollowerState
2019-11-08 23:42:59,378 [b1d7ebd9-d515-425d-ba15-8c78ce264b9c@group-08B5B0C5DBCB-LeaderElection16] INFO  server.RaftServerConfigKeys (ConfUtils.java:logGet(43)) - raft.server.rpc.sleep.time = 25ms (default)
2019-11-08 23:42:59,378 [b1d7ebd9-d515-425d-ba15-8c78ce264b9c@group-08B5B0C5DBCB-LeaderElection16] INFO  server.RaftServerConfigKeys (ConfUtils.java:logGet(43)) - raft.server.write.element-limit = 4096 (default)
2019-11-08 23:42:59,378 [b1d7ebd9-d515-425d-ba15-8c78ce264b9c@group-08B5B0C5DBCB-LeaderElection16] INFO  server.RaftServerConfigKeys (ConfUtils.java:logGet(43)) - raft.server.watch.timeout = 10s (default)
2019-11-08 23:42:59,379 [b1d7ebd9-d515-425d-ba15-8c78ce264b9c@group-08B5B0C5DBCB-LeaderElection16] INFO  server.RaftServerConfigKeys (ConfUtils.java:logGet(43)) - raft.server.watch.timeout.denomination = 1s (default)
2019-11-08 23:42:59,379 [b1d7ebd9-d515-425d-ba15-8c78ce264b9c@group-08B5B0C5DBCB-LeaderElection16] INFO  server.RaftServerConfigKeys (ConfUtils.java:logGet(43)) - raft.server.watch.element-limit = 65536 (default)
2019-11-08 23:42:59,383 [b1d7ebd9-d515-425d-ba15-8c78ce264b9c@group-08B5B0C5DBCB-LeaderElection16] INFO  server.RaftServerConfigKeys (ConfUtils.java:logGet(43)) - raft.server.log.appender.snapshot.chunk.size.max = 16MB (=16777216) (default)
2019-11-08 23:42:59,384 [b1d7ebd9-d515-425d-ba15-8c78ce264b9c@group-08B5B0C5DBCB-LeaderElection16] INFO  server.RaftServerConfigKeys (ConfUtils.java:logGet(43)) - raft.server.log.appender.buffer.byte-limit = 33554432 (custom)
2019-11-08 23:42:59,384 [b1d7ebd9-d515-425d-ba15-8c78ce264b9c@group-08B5B0C5DBCB-LeaderElection16] INFO  server.RaftServerConfigKeys (ConfUtils.java:logGet(43)) - raft.server.log.appender.buffer.element-limit = 1 (custom)
2019-11-08 23:42:59,389 [b1d7ebd9-d515-425d-ba15-8c78ce264b9c@group-08B5B0C5DBCB-LeaderElection16] INFO  grpc.GrpcConfigKeys$Server (ConfUtils.java:logGet(43)) - raft.grpc.server.leader.outstanding.appends.max = 128 (default)
2019-11-08 23:42:59,390 [b1d7ebd9-d515-425d-ba15-8c78ce264b9c@group-08B5B0C5DBCB-LeaderElection16] INFO  server.RaftServerConfigKeys (ConfUtils.java:logGet(43)) - raft.server.rpc.request.timeout = 3000ms (default)
2019-11-08 23:42:59,390 [b1d7ebd9-d515-425d-ba15-8c78ce264b9c@group-08B5B0C5DBCB-LeaderElection16] INFO  server.RaftServerConfigKeys (ConfUtils.java:logGet(43)) - raft.server.log.appender.install.snapshot.enabled = false (custom)
2019-11-08 23:42:59,392 [b1d7ebd9-d515-425d-ba15-8c78ce264b9c@group-08B5B0C5DBCB-LeaderElection16] WARN  impl.MetricRegistriesImpl (MetricRegistriesImpl.java:lambda$create$1(61)) - First MetricRegistry has been created without registering reporters. You may need to call MetricRegistries.global().addReportRegistration(...) before.
2019-11-08 23:42:59,393 [b1d7ebd9-d515-425d-ba15-8c78ce264b9c@group-08B5B0C5DBCB-LeaderElection16] INFO  server.RaftServerConfigKeys (ConfUtils.java:logGet(43)) - raft.server.log.appender.snapshot.chunk.size.max = 16MB (=16777216) (default)
2019-11-08 23:42:59,393 [b1d7ebd9-d515-425d-ba15-8c78ce264b9c@group-08B5B0C5DBCB-LeaderElection16] INFO  server.RaftServerConfigKeys (ConfUtils.java:logGet(43)) - raft.server.log.appender.buffer.byte-limit = 33554432 (custom)
2019-11-08 23:42:59,394 [b1d7ebd9-d515-425d-ba15-8c78ce264b9c@group-08B5B0C5DBCB-LeaderElection16] INFO  server.RaftServerConfigKeys (ConfUtils.java:logGet(43)) - raft.server.log.appender.buffer.element-limit = 1 (custom)
2019-11-08 23:42:59,394 [b1d7ebd9-d515-425d-ba15-8c78ce264b9c@group-08B5B0C5DBCB-LeaderElection16] INFO  grpc.GrpcConfigKeys$Server (ConfUtils.java:logGet(43)) - raft.grpc.server.leader.outstanding.appends.max = 128 (default)
2019-11-08 23:42:59,394 [b1d7ebd9-d515-425d-ba15-8c78ce264b9c@group-08B5B0C5DBCB-LeaderElection16] INFO  server.RaftServerConfigKeys (ConfUtils.java:logGet(43)) - raft.server.rpc.request.timeout = 3000ms (default)
2019-11-08 23:42:59,394 [b1d7ebd9-d515-425d-ba15-8c78ce264b9c@group-08B5B0C5DBCB-LeaderElection16] INFO  server.RaftServerConfigKeys (ConfUtils.java:logGet(43)) - raft.server.log.appender.install.snapshot.enabled = false (custom)
2019-11-08 23:42:59,396 [b1d7ebd9-d515-425d-ba15-8c78ce264b9c@group-08B5B0C5DBCB-LeaderElection16] INFO  impl.RoleInfo (RoleInfo.java:updateAndGet(143)) - b1d7ebd9-d515-425d-ba15-8c78ce264b9c: start LeaderState
2019-11-08 23:42:59,396 [b1d7ebd9-d515-425d-ba15-8c78ce264b9c@group-08B5B0C5DBCB-LeaderElection16] INFO  segmented.SegmentedRaftLogWorker (SegmentedRaftLogWorker.java:startLogSegment(385)) - b1d7ebd9-d515-425d-ba15-8c78ce264b9c@group-08B5B0C5DBCB-SegmentedRaftLogWorker: Starting segment from index:0
2019-11-08 23:42:59,397 [b1d7ebd9-d515-425d-ba15-8c78ce264b9c@group-08B5B0C5DBCB-LeaderElection16] INFO  impl.RaftServerImpl (ServerState.java:setRaftConf(356)) - b1d7ebd9-d515-425d-ba15-8c78ce264b9c@group-08B5B0C5DBCB: set configuration 0: [b0254fda-0d8d-4a53-9155-cc1eedc149de:192.168.157.211:36287, 39cc9473-aad5-4b25-9d7b-fffea4c520cd:192.168.157.211:44184, b1d7ebd9-d515-425d-ba15-8c78ce264b9c:192.168.157.211:38536], old=null at 0
2019-11-08 23:42:59,434 [grpc-default-executor-3] INFO  impl.RaftServerImpl (ServerState.java:setLeader(255)) - 39cc9473-aad5-4b25-9d7b-fffea4c520cd@group-08B5B0C5DBCB: change Leader from null to b1d7ebd9-d515-425d-ba15-8c78ce264b9c at term 4 for appendEntries, leader elected after 20883ms
2019-11-08 23:42:59,435 [grpc-default-executor-4] INFO  impl.RaftServerImpl (ServerState.java:setLeader(255)) - b0254fda-0d8d-4a53-9155-cc1eedc149de@group-08B5B0C5DBCB: change Leader from null to b1d7ebd9-d515-425d-ba15-8c78ce264b9c at term 4 for appendEntries, leader elected after 20883ms
2019-11-08 23:42:59,453 [b1d7ebd9-d515-425d-ba15-8c78ce264b9c@group-08B5B0C5DBCB-SegmentedRaftLogWorker] INFO  segmented.SegmentedRaftLogWorker (SegmentedRaftLogWorker.java:execute(576)) - b1d7ebd9-d515-425d-ba15-8c78ce264b9c@group-08B5B0C5DBCB-SegmentedRaftLogWorker: created new log segment /workdir/hadoop-ozone/integration-test/target/test-dir/MiniOzoneClusterImpl-7b65c80e-3cfa-488f-8d29-1931258b4af6/datanode-1/data/ratis/77931f26-b167-4586-a2dd-08b5b0c5dbcb/current/log_inprogress_0
2019-11-08 23:42:59,460 [grpc-default-executor-3] INFO  impl.RaftServerImpl (ServerState.java:setRaftConf(356)) - b0254fda-0d8d-4a53-9155-cc1eedc149de@group-08B5B0C5DBCB: set configuration 0: [b0254fda-0d8d-4a53-9155-cc1eedc149de:192.168.157.211:36287, 39cc9473-aad5-4b25-9d7b-fffea4c520cd:192.168.157.211:44184, b1d7ebd9-d515-425d-ba15-8c78ce264b9c:192.168.157.211:38536], old=null at 0
2019-11-08 23:42:59,460 [grpc-default-executor-4] INFO  impl.RaftServerImpl (ServerState.java:setRaftConf(356)) - 39cc9473-aad5-4b25-9d7b-fffea4c520cd@group-08B5B0C5DBCB: set configuration 0: [b0254fda-0d8d-4a53-9155-cc1eedc149de:192.168.157.211:36287, 39cc9473-aad5-4b25-9d7b-fffea4c520cd:192.168.157.211:44184, b1d7ebd9-d515-425d-ba15-8c78ce264b9c:192.168.157.211:38536], old=null at 0
2019-11-08 23:42:59,460 [grpc-default-executor-3] INFO  segmented.SegmentedRaftLogWorker (SegmentedRaftLogWorker.java:startLogSegment(385)) - b0254fda-0d8d-4a53-9155-cc1eedc149de@group-08B5B0C5DBCB-SegmentedRaftLogWorker: Starting segment from index:0
2019-11-08 23:42:59,460 [grpc-default-executor-4] INFO  segmented.SegmentedRaftLogWorker (SegmentedRaftLogWorker.java:startLogSegment(385)) - 39cc9473-aad5-4b25-9d7b-fffea4c520cd@group-08B5B0C5DBCB-SegmentedRaftLogWorker: Starting segment from index:0
2019-11-08 23:42:59,618 [39cc9473-aad5-4b25-9d7b-fffea4c520cd@group-08B5B0C5DBCB-SegmentedRaftLogWorker] INFO  segmented.SegmentedRaftLogWorker (SegmentedRaftLogWorker.java:execute(576)) - 39cc9473-aad5-4b25-9d7b-fffea4c520cd@group-08B5B0C5DBCB-SegmentedRaftLogWorker: created new log segment /workdir/hadoop-ozone/integration-test/target/test-dir/MiniOzoneClusterImpl-7b65c80e-3cfa-488f-8d29-1931258b4af6/datanode-0/data/ratis/77931f26-b167-4586-a2dd-08b5b0c5dbcb/current/log_inprogress_0
2019-11-08 23:42:59,620 [b0254fda-0d8d-4a53-9155-cc1eedc149de@group-08B5B0C5DBCB-SegmentedRaftLogWorker] INFO  segmented.SegmentedRaftLogWorker (SegmentedRaftLogWorker.java:execute(576)) - b0254fda-0d8d-4a53-9155-cc1eedc149de@group-08B5B0C5DBCB-SegmentedRaftLogWorker: created new log segment /workdir/hadoop-ozone/integration-test/target/test-dir/MiniOzoneClusterImpl-7b65c80e-3cfa-488f-8d29-1931258b4af6/datanode-3/data/ratis/77931f26-b167-4586-a2dd-08b5b0c5dbcb/current/log_inprogress_0
2019-11-08 23:43:00,082 [Thread-224] INFO  pipeline.SCMPipelineManager (SCMPipelineManager.java:finalizeAndDestroyPipeline(315)) - destroying pipeline:Pipeline[ Id: 77931f26-b167-4586-a2dd-08b5b0c5dbcb, Nodes: b1d7ebd9-d515-425d-ba15-8c78ce264b9c{ip: 192.168.157.211, host: pr-hdds-2446-container-replica-5tbsq-2341601417, networkLocation: /rack1, certSerialId: null}39cc9473-aad5-4b25-9d7b-fffea4c520cd{ip: 192.168.157.211, host: pr-hdds-2446-container-replica-5tbsq-2341601417, networkLocation: /rack1, certSerialId: null}b0254fda-0d8d-4a53-9155-cc1eedc149de{ip: 192.168.157.211, host: pr-hdds-2446-container-replica-5tbsq-2341601417, networkLocation: /rack1, certSerialId: null}, Type:RATIS, Factor:THREE, State:OPEN]
2019-11-08 23:43:00,083 [Thread-224] INFO  pipeline.PipelineStateManager (PipelineStateManager.java:finalizePipeline(123)) - Pipeline Pipeline[ Id: 77931f26-b167-4586-a2dd-08b5b0c5dbcb, Nodes: b1d7ebd9-d515-425d-ba15-8c78ce264b9c{ip: 192.168.157.211, host: pr-hdds-2446-container-replica-5tbsq-2341601417, networkLocation: /rack1, certSerialId: null}39cc9473-aad5-4b25-9d7b-fffea4c520cd{ip: 192.168.157.211, host: pr-hdds-2446-container-replica-5tbsq-2341601417, networkLocation: /rack1, certSerialId: null}b0254fda-0d8d-4a53-9155-cc1eedc149de{ip: 192.168.157.211, host: pr-hdds-2446-container-replica-5tbsq-2341601417, networkLocation: /rack1, certSerialId: null}, Type:RATIS, Factor:THREE, State:CLOSED] moved to CLOSED state
2019-11-08 23:43:00,083 [EventQueue-CloseContainerForCloseContainerEventHandler] INFO  container.CloseContainerEventHandler (CloseContainerEventHandler.java:onMessage(61)) - Close container Event triggered for container : #1
2019-11-08 23:43:00,845 [Datanode State Machine Thread - 0] INFO  statemachine.DatanodeStateMachine (DatanodeStateMachine.java:lambda$startDaemon$0(350)) - Ozone container server started.
2019-11-08 23:43:05,087 [Thread-224] INFO  ozoneimpl.OzoneContainer (OzoneContainer.java:stop(232)) - Attempting to stop container services.
2019-11-08 23:43:05,088 [Thread-224] INFO  impl.RaftServerProxy (RaftServerProxy.java:lambda$close$4(314)) - b1d7ebd9-d515-425d-ba15-8c78ce264b9c: close
2019-11-08 23:43:05,091 [Thread-224] INFO  impl.RaftServerImpl (RaftServerImpl.java:lambda$shutdown$3(250)) - b1d7ebd9-d515-425d-ba15-8c78ce264b9c@group-08B5B0C5DBCB: shutdown
2019-11-08 23:43:05,091 [ForkJoinPool.commonPool-worker-1] INFO  impl.RaftServerImpl (RaftServerImpl.java:lambda$shutdown$3(250)) - b1d7ebd9-d515-425d-ba15-8c78ce264b9c@group-121B2DE51502: shutdown
2019-11-08 23:43:05,091 [Thread-224] INFO  util.JmxRegister (JmxRegister.java:unregister(73)) - Successfully un-registered JMX Bean with object name Ratis:service=RaftServer,group=group-08B5B0C5DBCB,id=b1d7ebd9-d515-425d-ba15-8c78ce264b9c
2019-11-08 23:43:05,091 [ForkJoinPool.commonPool-worker-1] INFO  util.JmxRegister (JmxRegister.java:unregister(73)) - Successfully un-registered JMX Bean with object name Ratis:service=RaftServer,group=group-121B2DE51502,id=b1d7ebd9-d515-425d-ba15-8c78ce264b9c
2019-11-08 23:43:05,091 [Thread-224] INFO  impl.RoleInfo (RoleInfo.java:shutdownLeaderState(104)) - b1d7ebd9-d515-425d-ba15-8c78ce264b9c: shutdown LeaderState
2019-11-08 23:43:05,092 [ForkJoinPool.commonPool-worker-1] INFO  impl.RoleInfo (RoleInfo.java:shutdownLeaderState(104)) - b1d7ebd9-d515-425d-ba15-8c78ce264b9c: shutdown LeaderState
2019-11-08 23:43:05,095 [Thread-224] INFO  impl.PendingRequests (PendingRequests.java:sendNotLeaderResponses(206)) - b1d7ebd9-d515-425d-ba15-8c78ce264b9c@group-08B5B0C5DBCB-PendingRequests: sendNotLeaderResponses
2019-11-08 23:43:05,096 [org.apache.ratis.server.impl.LogAppender$AppenderDaemon$$Lambda$563/2075436754@640a7d83] WARN  server.GrpcLogAppender (GrpcLogAppender.java:mayWait(151)) - b1d7ebd9-d515-425d-ba15-8c78ce264b9c@group-08B5B0C5DBCB->39cc9473-aad5-4b25-9d7b-fffea4c520cd-GrpcLogAppender: Wait interrupted by java.lang.InterruptedException
2019-11-08 23:43:05,096 [org.apache.ratis.server.impl.LogAppender$AppenderDaemon$$Lambda$563/2075436754@3e98091d] WARN  server.GrpcLogAppender (GrpcLogAppender.java:mayWait(151)) - b1d7ebd9-d515-425d-ba15-8c78ce264b9c@group-08B5B0C5DBCB->b0254fda-0d8d-4a53-9155-cc1eedc149de-GrpcLogAppender: Wait interrupted by java.lang.InterruptedException
2019-11-08 23:43:05,095 [ForkJoinPool.commonPool-worker-1] INFO  impl.PendingRequests (PendingRequests.java:sendNotLeaderResponses(206)) - b1d7ebd9-d515-425d-ba15-8c78ce264b9c@group-121B2DE51502-PendingRequests: sendNotLeaderResponses
2019-11-08 23:43:05,104 [ForkJoinPool.commonPool-worker-1] INFO  impl.StateMachineUpdater (StateMachineUpdater.java:stopAndJoin(136)) - b1d7ebd9-d515-425d-ba15-8c78ce264b9c@group-121B2DE51502-StateMachineUpdater: set stopIndex = 0
2019-11-08 23:43:05,105 [grpc-default-executor-0] INFO  server.GrpcServerProtocolService (GrpcServerProtocolService.java:onCompleted(113)) - b0254fda-0d8d-4a53-9155-cc1eedc149de: Completed APPEND_ENTRIES, lastRequest: b1d7ebd9-d515-425d-ba15-8c78ce264b9c->b0254fda-0d8d-4a53-9155-cc1eedc149de#6-t4, previous=(t:4, i:3), leaderCommit=3, initializing? false, entries: <empty>
2019-11-08 23:43:05,105 [grpc-default-executor-4] INFO  server.GrpcServerProtocolService (GrpcServerProtocolService.java:onCompleted(113)) - 39cc9473-aad5-4b25-9d7b-fffea4c520cd: Completed APPEND_ENTRIES, lastRequest: b1d7ebd9-d515-425d-ba15-8c78ce264b9c->39cc9473-aad5-4b25-9d7b-fffea4c520cd#6-t4, previous=(t:4, i:3), leaderCommit=3, initializing? false, entries: <empty>
2019-11-08 23:43:05,109 [ForkJoinPool.commonPool-worker-1] INFO  impl.RaftServerImpl (ServerState.java:close(387)) - b1d7ebd9-d515-425d-ba15-8c78ce264b9c@group-121B2DE51502: closes. applyIndex: 0
2019-11-08 23:43:05,110 [b1d7ebd9-d515-425d-ba15-8c78ce264b9c@group-08B5B0C5DBCB-StateMachineUpdater] INFO  ratis.ContainerStateMachine (ContainerStateMachine.java:takeSnapshot(283)) - group-08B5B0C5DBCB: Taking a snapshot at:(t:4, i:3) file /workdir/hadoop-ozone/integration-test/target/test-dir/MiniOzoneClusterImpl-7b65c80e-3cfa-488f-8d29-1931258b4af6/datanode-1/data/ratis/77931f26-b167-4586-a2dd-08b5b0c5dbcb/sm/snapshot.4_3
2019-11-08 23:43:05,109 [Thread-224] INFO  impl.StateMachineUpdater (StateMachineUpdater.java:stopAndJoin(136)) - b1d7ebd9-d515-425d-ba15-8c78ce264b9c@group-08B5B0C5DBCB-StateMachineUpdater: set stopIndex = 3
2019-11-08 23:43:05,112 [grpc-default-executor-0] INFO  server.GrpcLogAppender (GrpcLogAppender.java:onCompleted(308)) - b1d7ebd9-d515-425d-ba15-8c78ce264b9c@group-08B5B0C5DBCB->39cc9473-aad5-4b25-9d7b-fffea4c520cd-AppendLogResponseHandler: follower responses appendEntries COMPLETED
2019-11-08 23:43:05,110 [grpc-default-executor-4] INFO  server.GrpcLogAppender (GrpcLogAppender.java:onCompleted(308)) - b1d7ebd9-d515-425d-ba15-8c78ce264b9c@group-08B5B0C5DBCB->b0254fda-0d8d-4a53-9155-cc1eedc149de-AppendLogResponseHandler: follower responses appendEntries COMPLETED
2019-11-08 23:43:05,114 [b1d7ebd9-d515-425d-ba15-8c78ce264b9c@group-121B2DE51502-SegmentedRaftLogWorker] INFO  segmented.SegmentedRaftLogWorker (SegmentedRaftLogWorker.java:run(316)) - b1d7ebd9-d515-425d-ba15-8c78ce264b9c@group-121B2DE51502-SegmentedRaftLogWorker was interrupted, exiting. There are 0 tasks remaining in the queue.
2019-11-08 23:43:05,115 [ForkJoinPool.commonPool-worker-1] INFO  segmented.SegmentedRaftLogWorker (SegmentedRaftLogWorker.java:close(224)) - b1d7ebd9-d515-425d-ba15-8c78ce264b9c@group-121B2DE51502-SegmentedRaftLogWorker close()
2019-11-08 23:43:05,116 [grpc-default-executor-4] INFO  impl.FollowerInfo (FollowerInfo.java:lambda$new$0(51)) - b1d7ebd9-d515-425d-ba15-8c78ce264b9c@group-08B5B0C5DBCB->b0254fda-0d8d-4a53-9155-cc1eedc149de: nextIndex: updateUnconditionally 4 -> 3
2019-11-08 23:43:05,116 [grpc-default-executor-0] INFO  impl.FollowerInfo (FollowerInfo.java:lambda$new$0(51)) - b1d7ebd9-d515-425d-ba15-8c78ce264b9c@group-08B5B0C5DBCB->39cc9473-aad5-4b25-9d7b-fffea4c520cd: nextIndex: updateUnconditionally 4 -> 3
2019-11-08 23:43:05,230 [b1d7ebd9-d515-425d-ba15-8c78ce264b9c@group-08B5B0C5DBCB-StateMachineUpdater] INFO  ratis.ContainerStateMachine (ContainerStateMachine.java:takeSnapshot(294)) - group-08B5B0C5DBCB: Finished taking a snapshot at:(t:4, i:3) file:/workdir/hadoop-ozone/integration-test/target/test-dir/MiniOzoneClusterImpl-7b65c80e-3cfa-488f-8d29-1931258b4af6/datanode-1/data/ratis/77931f26-b167-4586-a2dd-08b5b0c5dbcb/sm/snapshot.4_3 time:122
2019-11-08 23:43:05,232 [b1d7ebd9-d515-425d-ba15-8c78ce264b9c@group-08B5B0C5DBCB-StateMachineUpdater] INFO  impl.StateMachineUpdater (StateMachineUpdater.java:takeSnapshot(269)) - b1d7ebd9-d515-425d-ba15-8c78ce264b9c@group-08B5B0C5DBCB-StateMachineUpdater: Took a snapshot at index 3
2019-11-08 23:43:05,232 [b1d7ebd9-d515-425d-ba15-8c78ce264b9c@group-08B5B0C5DBCB-StateMachineUpdater] INFO  impl.StateMachineUpdater (StateMachineUpdater.java:lambda$new$0(84)) - b1d7ebd9-d515-425d-ba15-8c78ce264b9c@group-08B5B0C5DBCB-StateMachineUpdater: snapshotIndex: updateIncreasingly -1 -> 3
2019-11-08 23:43:05,234 [Thread-224] INFO  impl.RaftServerImpl (ServerState.java:close(387)) - b1d7ebd9-d515-425d-ba15-8c78ce264b9c@group-08B5B0C5DBCB: closes. applyIndex: 3
2019-11-08 23:43:05,235 [b1d7ebd9-d515-425d-ba15-8c78ce264b9c@group-08B5B0C5DBCB-SegmentedRaftLogWorker] INFO  segmented.SegmentedRaftLogWorker (SegmentedRaftLogWorker.java:run(316)) - b1d7ebd9-d515-425d-ba15-8c78ce264b9c@group-08B5B0C5DBCB-SegmentedRaftLogWorker was interrupted, exiting. There are 0 tasks remaining in the queue.
2019-11-08 23:43:05,237 [Thread-224] INFO  segmented.SegmentedRaftLogWorker (SegmentedRaftLogWorker.java:close(224)) - b1d7ebd9-d515-425d-ba15-8c78ce264b9c@group-08B5B0C5DBCB-SegmentedRaftLogWorker close()
2019-11-08 23:43:05,239 [Thread-224] INFO  server.GrpcService (GrpcService.java:closeImpl(164)) - b1d7ebd9-d515-425d-ba15-8c78ce264b9c: shutdown server with port 38536 now
2019-11-08 23:43:05,242 [Thread-224] INFO  server.GrpcService (GrpcService.java:closeImpl(172)) - b1d7ebd9-d515-425d-ba15-8c78ce264b9c: shutdown server with port 38536 successfully
2019-11-08 23:43:05,246 [refreshUsed-/workdir/hadoop-ozone/integration-test/target/test-dir/MiniOzoneClusterImpl-7b65c80e-3cfa-488f-8d29-1931258b4af6/datanode-1/data/containers] WARN  fs.CachingGetSpaceUsed (CachingGetSpaceUsed.java:run(183)) - Thread Interrupted waiting to refresh disk information: sleep interrupted
2019-11-08 23:43:05,269 [Thread-224] INFO  utils.BackgroundService (BackgroundService.java:shutdown(151)) - Shutting down service BlockDeletingService
2019-11-08 23:43:05,272 [Thread-224] INFO  statemachine.DatanodeStateMachine (DatanodeStateMachine.java:stopDaemon(395)) - Ozone container server stopped.
2019-11-08 23:43:05,278 [Thread-224] INFO  handler.ContextHandler (ContextHandler.java:doStop(910)) - Stopped o.e.j.w.WebAppContext@15405bd6{/,null,UNAVAILABLE}{/hddsDatanode}
2019-11-08 23:43:05,284 [Thread-224] INFO  server.AbstractConnector (AbstractConnector.java:doStop(318)) - Stopped ServerConnector@352ed70d{HTTP/1.1,[http/1.1]}{0.0.0.0:0}
2019-11-08 23:43:05,286 [Thread-224] INFO  handler.ContextHandler (ContextHandler.java:doStop(910)) - Stopped o.e.j.s.ServletContextHandler@2bc426f0{/static,jar:file:/home/user/.m2/repository/org/apache/hadoop/hadoop-hdds-container-service/0.5.0-SNAPSHOT/hadoop-hdds-container-service-0.5.0-SNAPSHOT.jar!/webapps/static,UNAVAILABLE}
2019-11-08 23:43:05,287 [Thread-224] INFO  handler.ContextHandler (ContextHandler.java:doStop(910)) - Stopped o.e.j.s.ServletContextHandler@58740366{/logs,file:///workdir/hadoop-ozone/integration-test/target/log,UNAVAILABLE}
2019-11-08 23:43:10,293 [ReplicationMonitor] INFO  container.ReplicationManager (ReplicationManager.java:sendCloseCommand(659)) - Sending close container command for container #1 to datanode 39cc9473-aad5-4b25-9d7b-fffea4c520cd{ip: 192.168.157.211, host: pr-hdds-2446-container-replica-5tbsq-2341601417, networkLocation: /rack1, certSerialId: null}.
2019-11-08 23:43:10,294 [ReplicationMonitor] INFO  container.ReplicationManager (ReplicationManager.java:sendCloseCommand(659)) - Sending close container command for container #1 to datanode b1d7ebd9-d515-425d-ba15-8c78ce264b9c{ip: 192.168.157.211, host: pr-hdds-2446-container-replica-5tbsq-2341601417, networkLocation: /rack1, certSerialId: null}.
2019-11-08 23:43:10,294 [ReplicationMonitor] INFO  container.ReplicationManager (ReplicationManager.java:sendCloseCommand(659)) - Sending close container command for container #1 to datanode b0254fda-0d8d-4a53-9155-cc1eedc149de{ip: 192.168.157.211, host: pr-hdds-2446-container-replica-5tbsq-2341601417, networkLocation: /rack1, certSerialId: null}.
2019-11-08 23:43:10,295 [ReplicationMonitor] INFO  container.ReplicationManager (ReplicationManager.java:run(225)) - Replication Monitor Thread took 5 milliseconds for processing 1 containers.
2019-11-08 23:43:14,619 [Thread-317] INFO  impl.FollowerState (FollowerState.java:run(111)) - 39cc9473-aad5-4b25-9d7b-fffea4c520cd@group-08B5B0C5DBCB-FollowerState: change to CANDIDATE, lastRpcTime:9717ms, electionTimeout:5127ms
2019-11-08 23:43:14,620 [Thread-317] INFO  impl.RoleInfo (RoleInfo.java:shutdownFollowerState(121)) - 39cc9473-aad5-4b25-9d7b-fffea4c520cd: shutdown FollowerState
2019-11-08 23:43:14,621 [Thread-317] INFO  impl.RaftServerImpl (RaftServerImpl.java:setRole(173)) - 39cc9473-aad5-4b25-9d7b-fffea4c520cd@group-08B5B0C5DBCB: changes role from  FOLLOWER to CANDIDATE at term 4 for changeToCandidate
2019-11-08 23:43:14,621 [Thread-317] INFO  impl.RoleInfo (RoleInfo.java:updateAndGet(143)) - 39cc9473-aad5-4b25-9d7b-fffea4c520cd: start LeaderElection
2019-11-08 23:43:14,624 [39cc9473-aad5-4b25-9d7b-fffea4c520cd@group-08B5B0C5DBCB-LeaderElection17] INFO  impl.RaftServerImpl (ServerState.java:setLeader(255)) - 39cc9473-aad5-4b25-9d7b-fffea4c520cd@group-08B5B0C5DBCB: change Leader from b1d7ebd9-d515-425d-ba15-8c78ce264b9c to null at term 4 for initElection
2019-11-08 23:43:14,648 [39cc9473-aad5-4b25-9d7b-fffea4c520cd@group-08B5B0C5DBCB-LeaderElection17] INFO  impl.LeaderElection (LeaderElection.java:askForVotes(178)) - 39cc9473-aad5-4b25-9d7b-fffea4c520cd@group-08B5B0C5DBCB-LeaderElection17: begin an election at term 5 for 0: [b0254fda-0d8d-4a53-9155-cc1eedc149de:192.168.157.211:36287, 39cc9473-aad5-4b25-9d7b-fffea4c520cd:192.168.157.211:44184, b1d7ebd9-d515-425d-ba15-8c78ce264b9c:192.168.157.211:38536], old=null
2019-11-08 23:43:14,659 [grpc-default-executor-0] INFO  impl.RaftServerImpl (ServerState.java:setLeader(255)) - b0254fda-0d8d-4a53-9155-cc1eedc149de@group-08B5B0C5DBCB: change Leader from b1d7ebd9-d515-425d-ba15-8c78ce264b9c to null at term 5 for updateCurrentTerm
2019-11-08 23:43:14,659 [grpc-default-executor-0] INFO  impl.RaftServerImpl (RaftServerImpl.java:setRole(173)) - b0254fda-0d8d-4a53-9155-cc1eedc149de@group-08B5B0C5DBCB: changes role from  FOLLOWER to FOLLOWER at term 5 for recognizeCandidate:39cc9473-aad5-4b25-9d7b-fffea4c520cd
2019-11-08 23:43:14,660 [grpc-default-executor-0] INFO  impl.RoleInfo (RoleInfo.java:shutdownFollowerState(121)) - b0254fda-0d8d-4a53-9155-cc1eedc149de: shutdown FollowerState
2019-11-08 23:43:14,660 [Thread-318] INFO  impl.FollowerState (FollowerState.java:run(120)) - b0254fda-0d8d-4a53-9155-cc1eedc149de@group-08B5B0C5DBCB-FollowerState was interrupted: java.lang.InterruptedException: sleep interrupted
2019-11-08 23:43:14,660 [grpc-default-executor-0] INFO  impl.RoleInfo (RoleInfo.java:updateAndGet(143)) - b0254fda-0d8d-4a53-9155-cc1eedc149de: start FollowerState
2019-11-08 23:43:14,679 [39cc9473-aad5-4b25-9d7b-fffea4c520cd@group-08B5B0C5DBCB-LeaderElection17] INFO  impl.LeaderElection (LogUtils.java:infoOrTrace(149)) - 39cc9473-aad5-4b25-9d7b-fffea4c520cd@group-08B5B0C5DBCB-LeaderElection17 got exception when requesting votes: {}
java.util.concurrent.ExecutionException: org.apache.ratis.thirdparty.io.grpc.StatusRuntimeException: UNAVAILABLE: io exception
	at java.util.concurrent.FutureTask.report(FutureTask.java:122)
	at java.util.concurrent.FutureTask.get(FutureTask.java:192)
	at org.apache.ratis.server.impl.LeaderElection.waitForResults(LeaderElection.java:259)
	at org.apache.ratis.server.impl.LeaderElection.askForVotes(LeaderElection.java:197)
	at org.apache.ratis.server.impl.LeaderElection.run(LeaderElection.java:133)
	at java.lang.Thread.run(Thread.java:748)
Caused by: org.apache.ratis.thirdparty.io.grpc.StatusRuntimeException: UNAVAILABLE: io exception
	at org.apache.ratis.thirdparty.io.grpc.stub.ClientCalls.toStatusRuntimeException(ClientCalls.java:233)
	at org.apache.ratis.thirdparty.io.grpc.stub.ClientCalls.getUnchecked(ClientCalls.java:214)
	at org.apache.ratis.thirdparty.io.grpc.stub.ClientCalls.blockingUnaryCall(ClientCalls.java:139)
	at org.apache.ratis.proto.grpc.RaftServerProtocolServiceGrpc$RaftServerProtocolServiceBlockingStub.requestVote(RaftServerProtocolServiceGrpc.java:265)
	at org.apache.ratis.grpc.server.GrpcServerProtocolClient.requestVote(GrpcServerProtocolClient.java:99)
	at org.apache.ratis.grpc.server.GrpcService.requestVote(GrpcService.java:204)
	at org.apache.ratis.server.impl.LeaderElection.lambda$submitRequests$1(LeaderElection.java:234)
	at java.util.concurrent.FutureTask.run(FutureTask.java:266)
	at java.util.concurrent.Executors$RunnableAdapter.call(Executors.java:511)
	at java.util.concurrent.FutureTask.run(FutureTask.java:266)
	at java.util.concurrent.ThreadPoolExecutor.runWorker(ThreadPoolExecutor.java:1149)
	at java.util.concurrent.ThreadPoolExecutor$Worker.run(ThreadPoolExecutor.java:624)
	... 1 more
Caused by: org.apache.ratis.thirdparty.io.netty.channel.AbstractChannel$AnnotatedConnectException: Connection refused: /192.168.157.211:38536
	at sun.nio.ch.SocketChannelImpl.checkConnect(Native Method)
	at sun.nio.ch.SocketChannelImpl.finishConnect(SocketChannelImpl.java:717)
	at org.apache.ratis.thirdparty.io.netty.channel.socket.nio.NioSocketChannel.doFinishConnect(NioSocketChannel.java:327)
	at org.apache.ratis.thirdparty.io.netty.channel.nio.AbstractNioChannel$AbstractNioUnsafe.finishConnect(AbstractNioChannel.java:340)
	at org.apache.ratis.thirdparty.io.netty.channel.nio.NioEventLoop.processSelectedKey(NioEventLoop.java:632)
	at org.apache.ratis.thirdparty.io.netty.channel.nio.NioEventLoop.processSelectedKeysOptimized(NioEventLoop.java:579)
	at org.apache.ratis.thirdparty.io.netty.channel.nio.NioEventLoop.processSelectedKeys(NioEventLoop.java:496)
	at org.apache.ratis.thirdparty.io.netty.channel.nio.NioEventLoop.run(NioEventLoop.java:458)
	at org.apache.ratis.thirdparty.io.netty.util.concurrent.SingleThreadEventExecutor$5.run(SingleThreadEventExecutor.java:897)
	at org.apache.ratis.thirdparty.io.netty.util.concurrent.FastThreadLocalRunnable.run(FastThreadLocalRunnable.java:30)
	... 1 more
Caused by: java.net.ConnectException: Connection refused
	... 11 more
2019-11-08 23:43:14,683 [39cc9473-aad5-4b25-9d7b-fffea4c520cd@group-08B5B0C5DBCB-LeaderElection17] INFO  impl.LeaderElection (LeaderElection.java:logAndReturn(56)) - 39cc9473-aad5-4b25-9d7b-fffea4c520cd@group-08B5B0C5DBCB-LeaderElection17: Election PASSED; received 1 response(s) [39cc9473-aad5-4b25-9d7b-fffea4c520cd<-b0254fda-0d8d-4a53-9155-cc1eedc149de#0:OK-t5] and 1 exception(s); 39cc9473-aad5-4b25-9d7b-fffea4c520cd@group-08B5B0C5DBCB:t5, leader=null, voted=39cc9473-aad5-4b25-9d7b-fffea4c520cd, raftlog=39cc9473-aad5-4b25-9d7b-fffea4c520cd@group-08B5B0C5DBCB-SegmentedRaftLog:OPENED:c3,f3,i3, conf=0: [b0254fda-0d8d-4a53-9155-cc1eedc149de:192.168.157.211:36287, 39cc9473-aad5-4b25-9d7b-fffea4c520cd:192.168.157.211:44184, b1d7ebd9-d515-425d-ba15-8c78ce264b9c:192.168.157.211:38536], old=null
2019-11-08 23:43:14,684 [39cc9473-aad5-4b25-9d7b-fffea4c520cd@group-08B5B0C5DBCB-LeaderElection17] INFO  impl.LeaderElection (LogUtils.java:infoOrTrace(149)) -   Exception 0: {}
java.util.concurrent.ExecutionException: org.apache.ratis.thirdparty.io.grpc.StatusRuntimeException: UNAVAILABLE: io exception
	at java.util.concurrent.FutureTask.report(FutureTask.java:122)
	at java.util.concurrent.FutureTask.get(FutureTask.java:192)
	at org.apache.ratis.server.impl.LeaderElection.waitForResults(LeaderElection.java:259)
	at org.apache.ratis.server.impl.LeaderElection.askForVotes(LeaderElection.java:197)
	at org.apache.ratis.server.impl.LeaderElection.run(LeaderElection.java:133)
	at java.lang.Thread.run(Thread.java:748)
Caused by: org.apache.ratis.thirdparty.io.grpc.StatusRuntimeException: UNAVAILABLE: io exception
	at org.apache.ratis.thirdparty.io.grpc.stub.ClientCalls.toStatusRuntimeException(ClientCalls.java:233)
	at org.apache.ratis.thirdparty.io.grpc.stub.ClientCalls.getUnchecked(ClientCalls.java:214)
	at org.apache.ratis.thirdparty.io.grpc.stub.ClientCalls.blockingUnaryCall(ClientCalls.java:139)
	at org.apache.ratis.proto.grpc.RaftServerProtocolServiceGrpc$RaftServerProtocolServiceBlockingStub.requestVote(RaftServerProtocolServiceGrpc.java:265)
	at org.apache.ratis.grpc.server.GrpcServerProtocolClient.requestVote(GrpcServerProtocolClient.java:99)
	at org.apache.ratis.grpc.server.GrpcService.requestVote(GrpcService.java:204)
	at org.apache.ratis.server.impl.LeaderElection.lambda$submitRequests$1(LeaderElection.java:234)
	at java.util.concurrent.FutureTask.run(FutureTask.java:266)
	at java.util.concurrent.Executors$RunnableAdapter.call(Executors.java:511)
	at java.util.concurrent.FutureTask.run(FutureTask.java:266)
	at java.util.concurrent.ThreadPoolExecutor.runWorker(ThreadPoolExecutor.java:1149)
	at java.util.concurrent.ThreadPoolExecutor$Worker.run(ThreadPoolExecutor.java:624)
	... 1 more
Caused by: org.apache.ratis.thirdparty.io.netty.channel.AbstractChannel$AnnotatedConnectException: Connection refused: /192.168.157.211:38536
	at sun.nio.ch.SocketChannelImpl.checkConnect(Native Method)
	at sun.nio.ch.SocketChannelImpl.finishConnect(SocketChannelImpl.java:717)
	at org.apache.ratis.thirdparty.io.netty.channel.socket.nio.NioSocketChannel.doFinishConnect(NioSocketChannel.java:327)
	at org.apache.ratis.thirdparty.io.netty.channel.nio.AbstractNioChannel$AbstractNioUnsafe.finishConnect(AbstractNioChannel.java:340)
	at org.apache.ratis.thirdparty.io.netty.channel.nio.NioEventLoop.processSelectedKey(NioEventLoop.java:632)
	at org.apache.ratis.thirdparty.io.netty.channel.nio.NioEventLoop.processSelectedKeysOptimized(NioEventLoop.java:579)
	at org.apache.ratis.thirdparty.io.netty.channel.nio.NioEventLoop.processSelectedKeys(NioEventLoop.java:496)
	at org.apache.ratis.thirdparty.io.netty.channel.nio.NioEventLoop.run(NioEventLoop.java:458)
	at org.apache.ratis.thirdparty.io.netty.util.concurrent.SingleThreadEventExecutor$5.run(SingleThreadEventExecutor.java:897)
	at org.apache.ratis.thirdparty.io.netty.util.concurrent.FastThreadLocalRunnable.run(FastThreadLocalRunnable.java:30)
	... 1 more
Caused by: java.net.ConnectException: Connection refused
	... 11 more
2019-11-08 23:43:14,684 [39cc9473-aad5-4b25-9d7b-fffea4c520cd@group-08B5B0C5DBCB-LeaderElection17] INFO  impl.RoleInfo (RoleInfo.java:shutdownLeaderElection(134)) - 39cc9473-aad5-4b25-9d7b-fffea4c520cd: shutdown LeaderElection
2019-11-08 23:43:14,685 [39cc9473-aad5-4b25-9d7b-fffea4c520cd@group-08B5B0C5DBCB-LeaderElection17] INFO  impl.RaftServerImpl (RaftServerImpl.java:setRole(173)) - 39cc9473-aad5-4b25-9d7b-fffea4c520cd@group-08B5B0C5DBCB: changes role from CANDIDATE to LEADER at term 5 for changeToLeader
2019-11-08 23:43:14,685 [39cc9473-aad5-4b25-9d7b-fffea4c520cd@group-08B5B0C5DBCB-LeaderElection17] INFO  impl.RaftServerImpl (ServerState.java:setLeader(255)) - 39cc9473-aad5-4b25-9d7b-fffea4c520cd@group-08B5B0C5DBCB: change Leader from null to 39cc9473-aad5-4b25-9d7b-fffea4c520cd at term 5 for becomeLeader, leader elected after 61ms
2019-11-08 23:43:14,685 [39cc9473-aad5-4b25-9d7b-fffea4c520cd@group-08B5B0C5DBCB-LeaderElection17] INFO  server.RaftServerConfigKeys (ConfUtils.java:logGet(43)) - raft.server.staging.catchup.gap = 1000 (default)
2019-11-08 23:43:14,685 [39cc9473-aad5-4b25-9d7b-fffea4c520cd@group-08B5B0C5DBCB-LeaderElection17] INFO  server.RaftServerConfigKeys (ConfUtils.java:logGet(43)) - raft.server.rpc.sleep.time = 25ms (default)
2019-11-08 23:43:14,686 [39cc9473-aad5-4b25-9d7b-fffea4c520cd@group-08B5B0C5DBCB-LeaderElection17] INFO  server.RaftServerConfigKeys (ConfUtils.java:logGet(43)) - raft.server.write.element-limit = 4096 (default)
2019-11-08 23:43:14,686 [39cc9473-aad5-4b25-9d7b-fffea4c520cd@group-08B5B0C5DBCB-LeaderElection17] INFO  server.RaftServerConfigKeys (ConfUtils.java:logGet(43)) - raft.server.watch.timeout = 10s (default)
2019-11-08 23:43:14,686 [39cc9473-aad5-4b25-9d7b-fffea4c520cd@group-08B5B0C5DBCB-LeaderElection17] INFO  server.RaftServerConfigKeys (ConfUtils.java:logGet(43)) - raft.server.watch.timeout.denomination = 1s (default)
2019-11-08 23:43:14,686 [39cc9473-aad5-4b25-9d7b-fffea4c520cd@group-08B5B0C5DBCB-LeaderElection17] INFO  server.RaftServerConfigKeys (ConfUtils.java:logGet(43)) - raft.server.watch.element-limit = 65536 (default)
2019-11-08 23:43:14,686 [39cc9473-aad5-4b25-9d7b-fffea4c520cd@group-08B5B0C5DBCB-LeaderElection17] INFO  server.RaftServerConfigKeys (ConfUtils.java:logGet(43)) - raft.server.log.appender.snapshot.chunk.size.max = 16MB (=16777216) (default)
2019-11-08 23:43:14,687 [39cc9473-aad5-4b25-9d7b-fffea4c520cd@group-08B5B0C5DBCB-LeaderElection17] INFO  server.RaftServerConfigKeys (ConfUtils.java:logGet(43)) - raft.server.log.appender.buffer.byte-limit = 33554432 (custom)
2019-11-08 23:43:14,687 [39cc9473-aad5-4b25-9d7b-fffea4c520cd@group-08B5B0C5DBCB-LeaderElection17] INFO  server.RaftServerConfigKeys (ConfUtils.java:logGet(43)) - raft.server.log.appender.buffer.element-limit = 1 (custom)
2019-11-08 23:43:14,687 [39cc9473-aad5-4b25-9d7b-fffea4c520cd@group-08B5B0C5DBCB-LeaderElection17] INFO  grpc.GrpcConfigKeys$Server (ConfUtils.java:logGet(43)) - raft.grpc.server.leader.outstanding.appends.max = 128 (default)
2019-11-08 23:43:14,687 [39cc9473-aad5-4b25-9d7b-fffea4c520cd@group-08B5B0C5DBCB-LeaderElection17] INFO  server.RaftServerConfigKeys (ConfUtils.java:logGet(43)) - raft.server.rpc.request.timeout = 3000ms (default)
2019-11-08 23:43:14,687 [39cc9473-aad5-4b25-9d7b-fffea4c520cd@group-08B5B0C5DBCB-LeaderElection17] INFO  server.RaftServerConfigKeys (ConfUtils.java:logGet(43)) - raft.server.log.appender.install.snapshot.enabled = false (custom)
2019-11-08 23:43:14,688 [39cc9473-aad5-4b25-9d7b-fffea4c520cd@group-08B5B0C5DBCB-LeaderElection17] WARN  impl.MetricRegistriesImpl (MetricRegistriesImpl.java:lambda$create$1(61)) - First MetricRegistry has been created without registering reporters. You may need to call MetricRegistries.global().addReportRegistration(...) before.
2019-11-08 23:43:14,688 [39cc9473-aad5-4b25-9d7b-fffea4c520cd@group-08B5B0C5DBCB-LeaderElection17] INFO  server.RaftServerConfigKeys (ConfUtils.java:logGet(43)) - raft.server.log.appender.snapshot.chunk.size.max = 16MB (=16777216) (default)
2019-11-08 23:43:14,688 [39cc9473-aad5-4b25-9d7b-fffea4c520cd@group-08B5B0C5DBCB-LeaderElection17] INFO  server.RaftServerConfigKeys (ConfUtils.java:logGet(43)) - raft.server.log.appender.buffer.byte-limit = 33554432 (custom)
2019-11-08 23:43:14,688 [39cc9473-aad5-4b25-9d7b-fffea4c520cd@group-08B5B0C5DBCB-LeaderElection17] INFO  server.RaftServerConfigKeys (ConfUtils.java:logGet(43)) - raft.server.log.appender.buffer.element-limit = 1 (custom)
2019-11-08 23:43:14,688 [39cc9473-aad5-4b25-9d7b-fffea4c520cd@group-08B5B0C5DBCB-LeaderElection17] INFO  grpc.GrpcConfigKeys$Server (ConfUtils.java:logGet(43)) - raft.grpc.server.leader.outstanding.appends.max = 128 (default)
2019-11-08 23:43:14,689 [39cc9473-aad5-4b25-9d7b-fffea4c520cd@group-08B5B0C5DBCB-LeaderElection17] INFO  server.RaftServerConfigKeys (ConfUtils.java:logGet(43)) - raft.server.rpc.request.timeout = 3000ms (default)
2019-11-08 23:43:14,689 [39cc9473-aad5-4b25-9d7b-fffea4c520cd@group-08B5B0C5DBCB-LeaderElection17] INFO  server.RaftServerConfigKeys (ConfUtils.java:logGet(43)) - raft.server.log.appender.install.snapshot.enabled = false (custom)
2019-11-08 23:43:14,689 [39cc9473-aad5-4b25-9d7b-fffea4c520cd@group-08B5B0C5DBCB-LeaderElection17] INFO  impl.RoleInfo (RoleInfo.java:updateAndGet(143)) - 39cc9473-aad5-4b25-9d7b-fffea4c520cd: start LeaderState
2019-11-08 23:43:14,690 [39cc9473-aad5-4b25-9d7b-fffea4c520cd@group-08B5B0C5DBCB-LeaderElection17] INFO  segmented.SegmentedRaftLogWorker (SegmentedRaftLogWorker.java:rollLogSegment(390)) - 39cc9473-aad5-4b25-9d7b-fffea4c520cd@group-08B5B0C5DBCB-SegmentedRaftLogWorker: Rolling segment log-0_3 to index:3
2019-11-08 23:43:14,692 [39cc9473-aad5-4b25-9d7b-fffea4c520cd@group-08B5B0C5DBCB-LeaderElection17] INFO  impl.RaftServerImpl (ServerState.java:setRaftConf(356)) - 39cc9473-aad5-4b25-9d7b-fffea4c520cd@group-08B5B0C5DBCB: set configuration 4: [b0254fda-0d8d-4a53-9155-cc1eedc149de:192.168.157.211:36287, 39cc9473-aad5-4b25-9d7b-fffea4c520cd:192.168.157.211:44184, b1d7ebd9-d515-425d-ba15-8c78ce264b9c:192.168.157.211:38536], old=null at 4
2019-11-08 23:43:14,693 [39cc9473-aad5-4b25-9d7b-fffea4c520cd@group-08B5B0C5DBCB-SegmentedRaftLogWorker] INFO  segmented.SegmentedRaftLogWorker (SegmentedRaftLogWorker.java:execute(533)) - 39cc9473-aad5-4b25-9d7b-fffea4c520cd@group-08B5B0C5DBCB-SegmentedRaftLogWorker: Rolled log segment from /workdir/hadoop-ozone/integration-test/target/test-dir/MiniOzoneClusterImpl-7b65c80e-3cfa-488f-8d29-1931258b4af6/datanode-0/data/ratis/77931f26-b167-4586-a2dd-08b5b0c5dbcb/current/log_inprogress_0 to /workdir/hadoop-ozone/integration-test/target/test-dir/MiniOzoneClusterImpl-7b65c80e-3cfa-488f-8d29-1931258b4af6/datanode-0/data/ratis/77931f26-b167-4586-a2dd-08b5b0c5dbcb/current/log_0-3
2019-11-08 23:43:14,695 [grpc-default-executor-0] WARN  server.GrpcLogAppender (LogUtils.java:warn(134)) - 39cc9473-aad5-4b25-9d7b-fffea4c520cd@group-08B5B0C5DBCB->b1d7ebd9-d515-425d-ba15-8c78ce264b9c-AppendLogResponseHandler: Failed appendEntries: org.apache.ratis.thirdparty.io.grpc.StatusRuntimeException: UNAVAILABLE: io exception
2019-11-08 23:43:14,695 [grpc-default-executor-4] INFO  impl.RaftServerImpl (ServerState.java:setLeader(255)) - b0254fda-0d8d-4a53-9155-cc1eedc149de@group-08B5B0C5DBCB: change Leader from null to 39cc9473-aad5-4b25-9d7b-fffea4c520cd at term 5 for appendEntries, leader elected after 36ms
2019-11-08 23:43:14,723 [grpc-default-executor-0] INFO  impl.FollowerInfo (FollowerInfo.java:lambda$new$0(51)) - 39cc9473-aad5-4b25-9d7b-fffea4c520cd@group-08B5B0C5DBCB->b1d7ebd9-d515-425d-ba15-8c78ce264b9c: nextIndex: updateUnconditionally 4 -> 1
2019-11-08 23:43:14,728 [grpc-default-executor-4] INFO  impl.RaftServerImpl (ServerState.java:setRaftConf(356)) - b0254fda-0d8d-4a53-9155-cc1eedc149de@group-08B5B0C5DBCB: set configuration 4: [b0254fda-0d8d-4a53-9155-cc1eedc149de:192.168.157.211:36287, 39cc9473-aad5-4b25-9d7b-fffea4c520cd:192.168.157.211:44184, b1d7ebd9-d515-425d-ba15-8c78ce264b9c:192.168.157.211:38536], old=null at 4
2019-11-08 23:43:14,729 [grpc-default-executor-4] INFO  segmented.SegmentedRaftLogWorker (SegmentedRaftLogWorker.java:rollLogSegment(390)) - b0254fda-0d8d-4a53-9155-cc1eedc149de@group-08B5B0C5DBCB-SegmentedRaftLogWorker: Rolling segment log-0_3 to index:3
2019-11-08 23:43:14,730 [b0254fda-0d8d-4a53-9155-cc1eedc149de@group-08B5B0C5DBCB-SegmentedRaftLogWorker] INFO  segmented.SegmentedRaftLogWorker (SegmentedRaftLogWorker.java:execute(533)) - b0254fda-0d8d-4a53-9155-cc1eedc149de@group-08B5B0C5DBCB-SegmentedRaftLogWorker: Rolled log segment from /workdir/hadoop-ozone/integration-test/target/test-dir/MiniOzoneClusterImpl-7b65c80e-3cfa-488f-8d29-1931258b4af6/datanode-3/data/ratis/77931f26-b167-4586-a2dd-08b5b0c5dbcb/current/log_inprogress_0 to /workdir/hadoop-ozone/integration-test/target/test-dir/MiniOzoneClusterImpl-7b65c80e-3cfa-488f-8d29-1931258b4af6/datanode-3/data/ratis/77931f26-b167-4586-a2dd-08b5b0c5dbcb/current/log_0-3
2019-11-08 23:43:14,746 [39cc9473-aad5-4b25-9d7b-fffea4c520cd@group-08B5B0C5DBCB-SegmentedRaftLogWorker] INFO  segmented.SegmentedRaftLogWorker (SegmentedRaftLogWorker.java:execute(576)) - 39cc9473-aad5-4b25-9d7b-fffea4c520cd@group-08B5B0C5DBCB-SegmentedRaftLogWorker: created new log segment /workdir/hadoop-ozone/integration-test/target/test-dir/MiniOzoneClusterImpl-7b65c80e-3cfa-488f-8d29-1931258b4af6/datanode-0/data/ratis/77931f26-b167-4586-a2dd-08b5b0c5dbcb/current/log_inprogress_4
2019-11-08 23:43:14,790 [b0254fda-0d8d-4a53-9155-cc1eedc149de@group-08B5B0C5DBCB-SegmentedRaftLogWorker] INFO  segmented.SegmentedRaftLogWorker (SegmentedRaftLogWorker.java:execute(576)) - b0254fda-0d8d-4a53-9155-cc1eedc149de@group-08B5B0C5DBCB-SegmentedRaftLogWorker: created new log segment /workdir/hadoop-ozone/integration-test/target/test-dir/MiniOzoneClusterImpl-7b65c80e-3cfa-488f-8d29-1931258b4af6/datanode-3/data/ratis/77931f26-b167-4586-a2dd-08b5b0c5dbcb/current/log_inprogress_4
2019-11-08 23:43:14,833 [grpc-default-executor-4] WARN  server.GrpcLogAppender (LogUtils.java:warn(134)) - 39cc9473-aad5-4b25-9d7b-fffea4c520cd@group-08B5B0C5DBCB->b1d7ebd9-d515-425d-ba15-8c78ce264b9c-AppendLogResponseHandler: Failed appendEntries: org.apache.ratis.thirdparty.io.grpc.StatusRuntimeException: UNAVAILABLE: io exception
2019-11-08 23:43:14,835 [grpc-default-executor-4] INFO  impl.FollowerInfo (FollowerInfo.java:lambda$new$0(51)) - 39cc9473-aad5-4b25-9d7b-fffea4c520cd@group-08B5B0C5DBCB->b1d7ebd9-d515-425d-ba15-8c78ce264b9c: nextIndex: updateUnconditionally 2 -> 1
2019-11-08 23:43:17,338 [grpc-default-executor-5] WARN  server.GrpcLogAppender (LogUtils.java:warn(134)) - 39cc9473-aad5-4b25-9d7b-fffea4c520cd@group-08B5B0C5DBCB->b1d7ebd9-d515-425d-ba15-8c78ce264b9c-AppendLogResponseHandler: Failed appendEntries: org.apache.ratis.thirdparty.io.grpc.StatusRuntimeException: UNAVAILABLE: io exception
2019-11-08 23:43:17,339 [grpc-default-executor-5] INFO  impl.FollowerInfo (FollowerInfo.java:lambda$new$0(51)) - 39cc9473-aad5-4b25-9d7b-fffea4c520cd@group-08B5B0C5DBCB->b1d7ebd9-d515-425d-ba15-8c78ce264b9c: nextIndex: updateUnconditionally 1 -> 0
2019-11-08 23:43:19,845 [grpc-default-executor-0] WARN  server.GrpcLogAppender (LogUtils.java:warn(134)) - 39cc9473-aad5-4b25-9d7b-fffea4c520cd@group-08B5B0C5DBCB->b1d7ebd9-d515-425d-ba15-8c78ce264b9c-AppendLogResponseHandler: Failed appendEntries: org.apache.ratis.thirdparty.io.grpc.StatusRuntimeException: UNAVAILABLE: io exception
2019-11-08 23:43:19,847 [grpc-default-executor-0] INFO  impl.FollowerInfo (FollowerInfo.java:lambda$new$0(51)) - 39cc9473-aad5-4b25-9d7b-fffea4c520cd@group-08B5B0C5DBCB->b1d7ebd9-d515-425d-ba15-8c78ce264b9c: nextIndex: updateUnconditionally 0 -> 0
2019-11-08 23:43:22,352 [grpc-default-executor-3] WARN  server.GrpcLogAppender (LogUtils.java:warn(134)) - 39cc9473-aad5-4b25-9d7b-fffea4c520cd@group-08B5B0C5DBCB->b1d7ebd9-d515-425d-ba15-8c78ce264b9c-AppendLogResponseHandler: Failed appendEntries: org.apache.ratis.thirdparty.io.grpc.StatusRuntimeException: UNAVAILABLE: io exception
2019-11-08 23:43:22,354 [grpc-default-executor-3] INFO  impl.FollowerInfo (FollowerInfo.java:lambda$new$0(51)) - 39cc9473-aad5-4b25-9d7b-fffea4c520cd@group-08B5B0C5DBCB->b1d7ebd9-d515-425d-ba15-8c78ce264b9c: nextIndex: updateUnconditionally 0 -> 0
2019-11-08 23:43:24,859 [grpc-default-executor-0] WARN  server.GrpcLogAppender (LogUtils.java:warn(134)) - 39cc9473-aad5-4b25-9d7b-fffea4c520cd@group-08B5B0C5DBCB->b1d7ebd9-d515-425d-ba15-8c78ce264b9c-AppendLogResponseHandler: Failed appendEntries: org.apache.ratis.thirdparty.io.grpc.StatusRuntimeException: UNAVAILABLE: io exception
2019-11-08 23:43:24,862 [grpc-default-executor-0] INFO  impl.FollowerInfo (FollowerInfo.java:lambda$new$0(51)) - 39cc9473-aad5-4b25-9d7b-fffea4c520cd@group-08B5B0C5DBCB->b1d7ebd9-d515-425d-ba15-8c78ce264b9c: nextIndex: updateUnconditionally 0 -> 0
2019-11-08 23:43:27,367 [grpc-default-executor-0] WARN  server.GrpcLogAppender (LogUtils.java:warn(134)) - 39cc9473-aad5-4b25-9d7b-fffea4c520cd@group-08B5B0C5DBCB->b1d7ebd9-d515-425d-ba15-8c78ce264b9c-AppendLogResponseHandler: Failed appendEntries: org.apache.ratis.thirdparty.io.grpc.StatusRuntimeException: UNAVAILABLE: io exception
2019-11-08 23:43:27,370 [grpc-default-executor-0] INFO  impl.FollowerInfo (FollowerInfo.java:lambda$new$0(51)) - 39cc9473-aad5-4b25-9d7b-fffea4c520cd@group-08B5B0C5DBCB->b1d7ebd9-d515-425d-ba15-8c78ce264b9c: nextIndex: updateUnconditionally 0 -> 0
2019-11-08 23:43:29,870 [grpc-default-executor-0] WARN  server.GrpcLogAppender (LogUtils.java:warn(134)) - 39cc9473-aad5-4b25-9d7b-fffea4c520cd@group-08B5B0C5DBCB->b1d7ebd9-d515-425d-ba15-8c78ce264b9c-AppendLogResponseHandler: Failed appendEntries: org.apache.ratis.thirdparty.io.grpc.StatusRuntimeException: UNAVAILABLE: io exception
2019-11-08 23:43:29,872 [grpc-default-executor-0] INFO  impl.FollowerInfo (FollowerInfo.java:lambda$new$0(51)) - 39cc9473-aad5-4b25-9d7b-fffea4c520cd@group-08B5B0C5DBCB->b1d7ebd9-d515-425d-ba15-8c78ce264b9c: nextIndex: updateUnconditionally 0 -> 0
2019-11-08 23:43:32,376 [grpc-default-executor-4] WARN  server.GrpcLogAppender (LogUtils.java:warn(134)) - 39cc9473-aad5-4b25-9d7b-fffea4c520cd@group-08B5B0C5DBCB->b1d7ebd9-d515-425d-ba15-8c78ce264b9c-AppendLogResponseHandler: Failed appendEntries: org.apache.ratis.thirdparty.io.grpc.StatusRuntimeException: UNAVAILABLE: io exception
2019-11-08 23:43:32,378 [grpc-default-executor-4] INFO  impl.FollowerInfo (FollowerInfo.java:lambda$new$0(51)) - 39cc9473-aad5-4b25-9d7b-fffea4c520cd@group-08B5B0C5DBCB->b1d7ebd9-d515-425d-ba15-8c78ce264b9c: nextIndex: updateUnconditionally 0 -> 0
2019-11-08 23:43:34,876 [grpc-default-executor-4] WARN  server.GrpcLogAppender (LogUtils.java:warn(134)) - 39cc9473-aad5-4b25-9d7b-fffea4c520cd@group-08B5B0C5DBCB->b1d7ebd9-d515-425d-ba15-8c78ce264b9c-AppendLogResponseHandler: Failed appendEntries: org.apache.ratis.thirdparty.io.grpc.StatusRuntimeException: UNAVAILABLE: io exception
2019-11-08 23:43:34,878 [grpc-default-executor-4] INFO  impl.FollowerInfo (FollowerInfo.java:lambda$new$0(51)) - 39cc9473-aad5-4b25-9d7b-fffea4c520cd@group-08B5B0C5DBCB->b1d7ebd9-d515-425d-ba15-8c78ce264b9c: nextIndex: updateUnconditionally 0 -> 0
2019-11-08 23:43:37,380 [grpc-default-executor-0] WARN  server.GrpcLogAppender (LogUtils.java:warn(134)) - 39cc9473-aad5-4b25-9d7b-fffea4c520cd@group-08B5B0C5DBCB->b1d7ebd9-d515-425d-ba15-8c78ce264b9c-AppendLogResponseHandler: Failed appendEntries: org.apache.ratis.thirdparty.io.grpc.StatusRuntimeException: UNAVAILABLE: io exception
2019-11-08 23:43:37,382 [grpc-default-executor-0] INFO  impl.FollowerInfo (FollowerInfo.java:lambda$new$0(51)) - 39cc9473-aad5-4b25-9d7b-fffea4c520cd@group-08B5B0C5DBCB->b1d7ebd9-d515-425d-ba15-8c78ce264b9c: nextIndex: updateUnconditionally 0 -> 0
2019-11-08 23:43:39,827 [main] INFO  ozone.MiniOzoneClusterImpl (MiniOzoneClusterImpl.java:shutdown(314)) - Shutting down the Mini Ozone Cluster
2019-11-08 23:43:39,829 [main] INFO  ozone.MiniOzoneClusterImpl (MiniOzoneClusterImpl.java:stop(330)) - Stopping the Mini Ozone Cluster
2019-11-08 23:43:39,829 [main] INFO  ozone.MiniOzoneClusterImpl (MiniOzoneClusterImpl.java:stopOM(400)) - Stopping the OzoneManager
2019-11-08 23:43:39,829 [main] INFO  ipc.Server (Server.java:stop(3082)) - Stopping server on 37222
2019-11-08 23:43:39,838 [IPC Server listener on 37222] INFO  ipc.Server (Server.java:run(1185)) - Stopping IPC Server listener on 37222
2019-11-08 23:43:39,842 [IPC Server Responder] INFO  ipc.Server (Server.java:run(1319)) - Stopping IPC Server Responder
2019-11-08 23:43:39,842 [main] INFO  impl.RaftServerProxy (RaftServerProxy.java:lambda$close$4(314)) - 51aaa3b2-f311-4fbd-b16b-6a5b49bd3b10: close
2019-11-08 23:43:39,844 [main] INFO  impl.RaftServerImpl (RaftServerImpl.java:lambda$shutdown$3(250)) - 51aaa3b2-f311-4fbd-b16b-6a5b49bd3b10@group-C5BA1605619E: shutdown
2019-11-08 23:43:39,851 [main] INFO  util.JmxRegister (JmxRegister.java:unregister(73)) - Successfully un-registered JMX Bean with object name Ratis:service=RaftServer,group=group-C5BA1605619E,id=51aaa3b2-f311-4fbd-b16b-6a5b49bd3b10
2019-11-08 23:43:39,852 [main] INFO  impl.RoleInfo (RoleInfo.java:shutdownLeaderState(104)) - 51aaa3b2-f311-4fbd-b16b-6a5b49bd3b10: shutdown LeaderState
2019-11-08 23:43:39,852 [main] INFO  impl.PendingRequests (PendingRequests.java:sendNotLeaderResponses(206)) - 51aaa3b2-f311-4fbd-b16b-6a5b49bd3b10@group-C5BA1605619E-PendingRequests: sendNotLeaderResponses
2019-11-08 23:43:39,856 [main] INFO  impl.StateMachineUpdater (StateMachineUpdater.java:stopAndJoin(136)) - 51aaa3b2-f311-4fbd-b16b-6a5b49bd3b10@group-C5BA1605619E-StateMachineUpdater: set stopIndex = 8
2019-11-08 23:43:39,856 [51aaa3b2-f311-4fbd-b16b-6a5b49bd3b10@group-C5BA1605619E-StateMachineUpdater] INFO  ratis.OzoneManagerStateMachine (OzoneManagerStateMachine.java:takeSnapshot(254)) - Saving Ratis snapshot on the OM.
2019-11-08 23:43:39,863 [51aaa3b2-f311-4fbd-b16b-6a5b49bd3b10@group-C5BA1605619E-StateMachineUpdater] INFO  ratis.OMRatisSnapshotInfo (OMRatisSnapshotInfo.java:saveRatisSnapshotToDisk(107)) - Saved Ratis Snapshot on the OM with snapshotIndex 7
2019-11-08 23:43:39,864 [51aaa3b2-f311-4fbd-b16b-6a5b49bd3b10@group-C5BA1605619E-StateMachineUpdater] INFO  impl.StateMachineUpdater (StateMachineUpdater.java:takeSnapshot(269)) - 51aaa3b2-f311-4fbd-b16b-6a5b49bd3b10@group-C5BA1605619E-StateMachineUpdater: Took a snapshot at index 7
2019-11-08 23:43:39,864 [51aaa3b2-f311-4fbd-b16b-6a5b49bd3b10@group-C5BA1605619E-StateMachineUpdater] INFO  impl.StateMachineUpdater (StateMachineUpdater.java:lambda$new$0(84)) - 51aaa3b2-f311-4fbd-b16b-6a5b49bd3b10@group-C5BA1605619E-StateMachineUpdater: snapshotIndex: updateIncreasingly -1 -> 7
2019-11-08 23:43:39,864 [51aaa3b2-f311-4fbd-b16b-6a5b49bd3b10@group-C5BA1605619E-StateMachineUpdater] INFO  ratis.OzoneManagerStateMachine (OzoneManagerStateMachine.java:takeSnapshot(254)) - Saving Ratis snapshot on the OM.
2019-11-08 23:43:39,865 [51aaa3b2-f311-4fbd-b16b-6a5b49bd3b10@group-C5BA1605619E-StateMachineUpdater] INFO  ratis.OMRatisSnapshotInfo (OMRatisSnapshotInfo.java:saveRatisSnapshotToDisk(107)) - Saved Ratis Snapshot on the OM with snapshotIndex 7
2019-11-08 23:43:39,865 [51aaa3b2-f311-4fbd-b16b-6a5b49bd3b10@group-C5BA1605619E-StateMachineUpdater] INFO  impl.StateMachineUpdater (StateMachineUpdater.java:takeSnapshot(269)) - 51aaa3b2-f311-4fbd-b16b-6a5b49bd3b10@group-C5BA1605619E-StateMachineUpdater: Took a snapshot at index 7
2019-11-08 23:43:39,866 [51aaa3b2-f311-4fbd-b16b-6a5b49bd3b10@group-C5BA1605619E-StateMachineUpdater] INFO  impl.StateMachineUpdater (StateMachineUpdater.java:lambda$new$0(84)) - 51aaa3b2-f311-4fbd-b16b-6a5b49bd3b10@group-C5BA1605619E-StateMachineUpdater: snapshotIndex: updateIncreasingly 7 -> 7
2019-11-08 23:43:39,866 [main] INFO  impl.RaftServerImpl (ServerState.java:close(387)) - 51aaa3b2-f311-4fbd-b16b-6a5b49bd3b10@group-C5BA1605619E: closes. applyIndex: 8
2019-11-08 23:43:39,866 [51aaa3b2-f311-4fbd-b16b-6a5b49bd3b10@group-C5BA1605619E-SegmentedRaftLogWorker] INFO  segmented.SegmentedRaftLogWorker (SegmentedRaftLogWorker.java:run(316)) - 51aaa3b2-f311-4fbd-b16b-6a5b49bd3b10@group-C5BA1605619E-SegmentedRaftLogWorker was interrupted, exiting. There are 0 tasks remaining in the queue.
2019-11-08 23:43:39,867 [main] INFO  segmented.SegmentedRaftLogWorker (SegmentedRaftLogWorker.java:close(224)) - 51aaa3b2-f311-4fbd-b16b-6a5b49bd3b10@group-C5BA1605619E-SegmentedRaftLogWorker close()
2019-11-08 23:43:39,869 [main] INFO  server.GrpcService (GrpcService.java:closeImpl(164)) - 51aaa3b2-f311-4fbd-b16b-6a5b49bd3b10: shutdown server with port 9872 now
2019-11-08 23:43:39,870 [main] INFO  server.GrpcService (GrpcService.java:closeImpl(172)) - 51aaa3b2-f311-4fbd-b16b-6a5b49bd3b10: shutdown server with port 9872 successfully
2019-11-08 23:43:39,870 [main] INFO  ratis.OzoneManagerDoubleBuffer (OzoneManagerDoubleBuffer.java:stop(261)) - Stopping OMDoubleBuffer flush thread
2019-11-08 23:43:39,870 [OMDoubleBufferFlushThread] INFO  ratis.OzoneManagerDoubleBuffer (OzoneManagerDoubleBuffer.java:flushTransactions(199)) - OMDoubleBuffer flush thread OMDoubleBufferFlushThread is interrupted and will exit. OMDoubleBufferFlushThread
2019-11-08 23:43:39,872 [main] INFO  utils.BackgroundService (BackgroundService.java:shutdown(151)) - Shutting down service KeyDeletingService
2019-11-08 23:43:39,875 [main] INFO  handler.ContextHandler (ContextHandler.java:doStop(910)) - Stopped o.e.j.w.WebAppContext@6d303498{/,null,UNAVAILABLE}{/ozoneManager}
2019-11-08 23:43:39,876 [main] INFO  server.AbstractConnector (AbstractConnector.java:doStop(318)) - Stopped ServerConnector@6ba7383d{HTTP/1.1,[http/1.1]}{0.0.0.0:0}
2019-11-08 23:43:39,877 [main] INFO  handler.ContextHandler (ContextHandler.java:doStop(910)) - Stopped o.e.j.s.ServletContextHandler@81b5db0{/static,file:///workdir/hadoop-ozone/integration-test/target/test-classes/webapps/static,UNAVAILABLE}
2019-11-08 23:43:39,877 [main] INFO  handler.ContextHandler (ContextHandler.java:doStop(910)) - Stopped o.e.j.s.ServletContextHandler@ef1695a{/logs,file:///workdir/hadoop-ozone/integration-test/target/log,UNAVAILABLE}
2019-11-08 23:43:39,881 [main] INFO  ozone.MiniOzoneClusterImpl (MiniOzoneClusterImpl.java:stopDatanodes(377)) - Stopping the HddsDatanodes
2019-11-08 23:43:39,882 [grpc-default-executor-0] WARN  server.GrpcLogAppender (LogUtils.java:warn(134)) - 39cc9473-aad5-4b25-9d7b-fffea4c520cd@group-08B5B0C5DBCB->b1d7ebd9-d515-425d-ba15-8c78ce264b9c-AppendLogResponseHandler: Failed appendEntries: org.apache.ratis.thirdparty.io.grpc.StatusRuntimeException: UNAVAILABLE: io exception
2019-11-08 23:43:39,883 [grpc-default-executor-0] INFO  impl.FollowerInfo (FollowerInfo.java:lambda$new$0(51)) - 39cc9473-aad5-4b25-9d7b-fffea4c520cd@group-08B5B0C5DBCB->b1d7ebd9-d515-425d-ba15-8c78ce264b9c: nextIndex: updateUnconditionally 0 -> 0
2019-11-08 23:43:40,867 [Datanode State Machine Thread - 0] INFO  statemachine.DatanodeStateMachine (DatanodeStateMachine.java:lambda$startDaemon$0(350)) - Ozone container server started.
2019-11-08 23:43:40,873 [Datanode State Machine Thread - 0] INFO  statemachine.DatanodeStateMachine (DatanodeStateMachine.java:lambda$startDaemon$0(350)) - Ozone container server started.
2019-11-08 23:43:42,394 [grpc-default-executor-3] WARN  server.GrpcLogAppender (LogUtils.java:warn(134)) - 39cc9473-aad5-4b25-9d7b-fffea4c520cd@group-08B5B0C5DBCB->b1d7ebd9-d515-425d-ba15-8c78ce264b9c-AppendLogResponseHandler: Failed appendEntries: org.apache.ratis.thirdparty.io.grpc.StatusRuntimeException: UNAVAILABLE: io exception
2019-11-08 23:43:42,396 [grpc-default-executor-3] INFO  impl.FollowerInfo (FollowerInfo.java:lambda$new$0(51)) - 39cc9473-aad5-4b25-9d7b-fffea4c520cd@group-08B5B0C5DBCB->b1d7ebd9-d515-425d-ba15-8c78ce264b9c: nextIndex: updateUnconditionally 0 -> 0
2019-11-08 23:43:44,883 [ForkJoinPool.commonPool-worker-0] INFO  ozoneimpl.OzoneContainer (OzoneContainer.java:stop(232)) - Attempting to stop container services.
2019-11-08 23:43:44,883 [main] INFO  ozoneimpl.OzoneContainer (OzoneContainer.java:stop(232)) - Attempting to stop container services.
2019-11-08 23:43:44,884 [ForkJoinPool.commonPool-worker-0] INFO  impl.RaftServerProxy (RaftServerProxy.java:lambda$close$4(314)) - 39cc9473-aad5-4b25-9d7b-fffea4c520cd: close
2019-11-08 23:43:44,885 [ForkJoinPool.commonPool-worker-0] INFO  impl.RaftServerImpl (RaftServerImpl.java:lambda$shutdown$3(250)) - 39cc9473-aad5-4b25-9d7b-fffea4c520cd@group-08B5B0C5DBCB: shutdown
2019-11-08 23:43:44,885 [main] INFO  impl.RaftServerProxy (RaftServerProxy.java:lambda$close$4(314)) - 820002c6-9ffb-4b19-ac52-432360c0d1a9: close
2019-11-08 23:43:44,885 [ForkJoinPool.commonPool-worker-0] INFO  util.JmxRegister (JmxRegister.java:unregister(73)) - Successfully un-registered JMX Bean with object name Ratis:service=RaftServer,group=group-08B5B0C5DBCB,id=39cc9473-aad5-4b25-9d7b-fffea4c520cd
2019-11-08 23:43:44,886 [main] INFO  impl.RaftServerImpl (RaftServerImpl.java:lambda$shutdown$3(250)) - 820002c6-9ffb-4b19-ac52-432360c0d1a9@group-66B1CE2212FE: shutdown
2019-11-08 23:43:44,886 [ForkJoinPool.commonPool-worker-0] INFO  impl.RoleInfo (RoleInfo.java:shutdownLeaderState(104)) - 39cc9473-aad5-4b25-9d7b-fffea4c520cd: shutdown LeaderState
2019-11-08 23:43:44,886 [main] INFO  util.JmxRegister (JmxRegister.java:unregister(73)) - Successfully un-registered JMX Bean with object name Ratis:service=RaftServer,group=group-66B1CE2212FE,id=820002c6-9ffb-4b19-ac52-432360c0d1a9
2019-11-08 23:43:44,889 [org.apache.ratis.server.impl.LogAppender$AppenderDaemon$$Lambda$563/2075436754@1cd15bdc] WARN  server.GrpcLogAppender (GrpcLogAppender.java:mayWait(151)) - 39cc9473-aad5-4b25-9d7b-fffea4c520cd@group-08B5B0C5DBCB->b0254fda-0d8d-4a53-9155-cc1eedc149de-GrpcLogAppender: Wait interrupted by java.lang.InterruptedException
2019-11-08 23:43:44,888 [org.apache.ratis.server.impl.LogAppender$AppenderDaemon$$Lambda$563/2075436754@7417a66] WARN  server.GrpcLogAppender (GrpcLogAppender.java:mayWait(151)) - 39cc9473-aad5-4b25-9d7b-fffea4c520cd@group-08B5B0C5DBCB->b1d7ebd9-d515-425d-ba15-8c78ce264b9c-GrpcLogAppender: Wait interrupted by java.lang.InterruptedException
2019-11-08 23:43:44,888 [ForkJoinPool.commonPool-worker-0] INFO  impl.PendingRequests (PendingRequests.java:sendNotLeaderResponses(206)) - 39cc9473-aad5-4b25-9d7b-fffea4c520cd@group-08B5B0C5DBCB-PendingRequests: sendNotLeaderResponses
2019-11-08 23:43:44,889 [main] INFO  impl.RoleInfo (RoleInfo.java:shutdownLeaderState(104)) - 820002c6-9ffb-4b19-ac52-432360c0d1a9: shutdown LeaderState
2019-11-08 23:43:44,891 [ForkJoinPool.commonPool-worker-0] INFO  impl.StateMachineUpdater (StateMachineUpdater.java:stopAndJoin(136)) - 39cc9473-aad5-4b25-9d7b-fffea4c520cd@group-08B5B0C5DBCB-StateMachineUpdater: set stopIndex = 5
2019-11-08 23:43:44,891 [main] INFO  impl.PendingRequests (PendingRequests.java:sendNotLeaderResponses(206)) - 820002c6-9ffb-4b19-ac52-432360c0d1a9@group-66B1CE2212FE-PendingRequests: sendNotLeaderResponses
2019-11-08 23:43:44,891 [39cc9473-aad5-4b25-9d7b-fffea4c520cd@group-08B5B0C5DBCB-StateMachineUpdater] INFO  ratis.ContainerStateMachine (ContainerStateMachine.java:takeSnapshot(283)) - group-08B5B0C5DBCB: Taking a snapshot at:(t:4, i:2) file /workdir/hadoop-ozone/integration-test/target/test-dir/MiniOzoneClusterImpl-7b65c80e-3cfa-488f-8d29-1931258b4af6/datanode-0/data/ratis/77931f26-b167-4586-a2dd-08b5b0c5dbcb/sm/snapshot.4_2
2019-11-08 23:43:44,891 [grpc-default-executor-3] INFO  server.GrpcServerProtocolService (GrpcServerProtocolService.java:onCompleted(113)) - b0254fda-0d8d-4a53-9155-cc1eedc149de: Completed APPEND_ENTRIES, lastRequest: 39cc9473-aad5-4b25-9d7b-fffea4c520cd->b0254fda-0d8d-4a53-9155-cc1eedc149de#13-t5, previous=(t:5, i:5), leaderCommit=5, initializing? false, entries: <empty>
2019-11-08 23:43:44,891 [main] INFO  impl.StateMachineUpdater (StateMachineUpdater.java:stopAndJoin(136)) - 820002c6-9ffb-4b19-ac52-432360c0d1a9@group-66B1CE2212FE-StateMachineUpdater: set stopIndex = 0
2019-11-08 23:43:44,892 [main] INFO  impl.RaftServerImpl (ServerState.java:close(387)) - 820002c6-9ffb-4b19-ac52-432360c0d1a9@group-66B1CE2212FE: closes. applyIndex: 0
2019-11-08 23:43:44,893 [grpc-default-executor-3] INFO  server.GrpcLogAppender (GrpcLogAppender.java:onCompleted(308)) - 39cc9473-aad5-4b25-9d7b-fffea4c520cd@group-08B5B0C5DBCB->b0254fda-0d8d-4a53-9155-cc1eedc149de-AppendLogResponseHandler: follower responses appendEntries COMPLETED
2019-11-08 23:43:44,893 [820002c6-9ffb-4b19-ac52-432360c0d1a9@group-66B1CE2212FE-SegmentedRaftLogWorker] INFO  segmented.SegmentedRaftLogWorker (SegmentedRaftLogWorker.java:run(316)) - 820002c6-9ffb-4b19-ac52-432360c0d1a9@group-66B1CE2212FE-SegmentedRaftLogWorker was interrupted, exiting. There are 0 tasks remaining in the queue.
2019-11-08 23:43:44,895 [grpc-default-executor-3] INFO  impl.FollowerInfo (FollowerInfo.java:lambda$new$0(51)) - 39cc9473-aad5-4b25-9d7b-fffea4c520cd@group-08B5B0C5DBCB->b0254fda-0d8d-4a53-9155-cc1eedc149de: nextIndex: updateUnconditionally 6 -> 5
2019-11-08 23:43:44,904 [main] INFO  segmented.SegmentedRaftLogWorker (SegmentedRaftLogWorker.java:close(224)) - 820002c6-9ffb-4b19-ac52-432360c0d1a9@group-66B1CE2212FE-SegmentedRaftLogWorker close()
2019-11-08 23:43:44,905 [main] INFO  server.GrpcService (GrpcService.java:closeImpl(164)) - 820002c6-9ffb-4b19-ac52-432360c0d1a9: shutdown server with port 37294 now
2019-11-08 23:43:44,906 [39cc9473-aad5-4b25-9d7b-fffea4c520cd@group-08B5B0C5DBCB-StateMachineUpdater] INFO  ratis.ContainerStateMachine (ContainerStateMachine.java:takeSnapshot(294)) - group-08B5B0C5DBCB: Finished taking a snapshot at:(t:4, i:2) file:/workdir/hadoop-ozone/integration-test/target/test-dir/MiniOzoneClusterImpl-7b65c80e-3cfa-488f-8d29-1931258b4af6/datanode-0/data/ratis/77931f26-b167-4586-a2dd-08b5b0c5dbcb/sm/snapshot.4_2 time:15
2019-11-08 23:43:44,906 [main] INFO  server.GrpcService (GrpcService.java:closeImpl(172)) - 820002c6-9ffb-4b19-ac52-432360c0d1a9: shutdown server with port 37294 successfully
2019-11-08 23:43:44,907 [39cc9473-aad5-4b25-9d7b-fffea4c520cd@group-08B5B0C5DBCB-StateMachineUpdater] INFO  impl.StateMachineUpdater (StateMachineUpdater.java:takeSnapshot(269)) - 39cc9473-aad5-4b25-9d7b-fffea4c520cd@group-08B5B0C5DBCB-StateMachineUpdater: Took a snapshot at index 2
2019-11-08 23:43:44,907 [39cc9473-aad5-4b25-9d7b-fffea4c520cd@group-08B5B0C5DBCB-StateMachineUpdater] INFO  impl.StateMachineUpdater (StateMachineUpdater.java:lambda$new$0(84)) - 39cc9473-aad5-4b25-9d7b-fffea4c520cd@group-08B5B0C5DBCB-StateMachineUpdater: snapshotIndex: updateIncreasingly -1 -> 2
2019-11-08 23:43:44,907 [39cc9473-aad5-4b25-9d7b-fffea4c520cd@group-08B5B0C5DBCB-StateMachineUpdater] INFO  ratis.ContainerStateMachine (ContainerStateMachine.java:takeSnapshot(283)) - group-08B5B0C5DBCB: Taking a snapshot at:(t:4, i:2) file /workdir/hadoop-ozone/integration-test/target/test-dir/MiniOzoneClusterImpl-7b65c80e-3cfa-488f-8d29-1931258b4af6/datanode-0/data/ratis/77931f26-b167-4586-a2dd-08b5b0c5dbcb/sm/snapshot.4_2
2019-11-08 23:43:44,914 [refreshUsed-/workdir/hadoop-ozone/integration-test/target/test-dir/MiniOzoneClusterImpl-7b65c80e-3cfa-488f-8d29-1931258b4af6/datanode-2/data/containers] WARN  fs.CachingGetSpaceUsed (CachingGetSpaceUsed.java:run(183)) - Thread Interrupted waiting to refresh disk information: sleep interrupted
2019-11-08 23:43:44,920 [39cc9473-aad5-4b25-9d7b-fffea4c520cd@group-08B5B0C5DBCB-StateMachineUpdater] INFO  ratis.ContainerStateMachine (ContainerStateMachine.java:takeSnapshot(294)) - group-08B5B0C5DBCB: Finished taking a snapshot at:(t:4, i:2) file:/workdir/hadoop-ozone/integration-test/target/test-dir/MiniOzoneClusterImpl-7b65c80e-3cfa-488f-8d29-1931258b4af6/datanode-0/data/ratis/77931f26-b167-4586-a2dd-08b5b0c5dbcb/sm/snapshot.4_2 time:12
2019-11-08 23:43:44,920 [39cc9473-aad5-4b25-9d7b-fffea4c520cd@group-08B5B0C5DBCB-StateMachineUpdater] INFO  impl.StateMachineUpdater (StateMachineUpdater.java:takeSnapshot(269)) - 39cc9473-aad5-4b25-9d7b-fffea4c520cd@group-08B5B0C5DBCB-StateMachineUpdater: Took a snapshot at index 2
2019-11-08 23:43:44,920 [39cc9473-aad5-4b25-9d7b-fffea4c520cd@group-08B5B0C5DBCB-StateMachineUpdater] INFO  impl.StateMachineUpdater (StateMachineUpdater.java:lambda$new$0(84)) - 39cc9473-aad5-4b25-9d7b-fffea4c520cd@group-08B5B0C5DBCB-StateMachineUpdater: snapshotIndex: updateIncreasingly 2 -> 2
2019-11-08 23:43:44,920 [ForkJoinPool.commonPool-worker-0] INFO  impl.RaftServerImpl (ServerState.java:close(387)) - 39cc9473-aad5-4b25-9d7b-fffea4c520cd@group-08B5B0C5DBCB: closes. applyIndex: 5
2019-11-08 23:43:44,921 [39cc9473-aad5-4b25-9d7b-fffea4c520cd@group-08B5B0C5DBCB-SegmentedRaftLogWorker] INFO  segmented.SegmentedRaftLogWorker (SegmentedRaftLogWorker.java:run(316)) - 39cc9473-aad5-4b25-9d7b-fffea4c520cd@group-08B5B0C5DBCB-SegmentedRaftLogWorker was interrupted, exiting. There are 0 tasks remaining in the queue.
2019-11-08 23:43:44,922 [ForkJoinPool.commonPool-worker-0] INFO  segmented.SegmentedRaftLogWorker (SegmentedRaftLogWorker.java:close(224)) - 39cc9473-aad5-4b25-9d7b-fffea4c520cd@group-08B5B0C5DBCB-SegmentedRaftLogWorker close()
2019-11-08 23:43:44,923 [ForkJoinPool.commonPool-worker-0] INFO  impl.RaftServerImpl (RaftServerImpl.java:lambda$shutdown$3(250)) - 39cc9473-aad5-4b25-9d7b-fffea4c520cd@group-D60DAB9527C4: shutdown
2019-11-08 23:43:44,923 [ForkJoinPool.commonPool-worker-0] INFO  util.JmxRegister (JmxRegister.java:unregister(73)) - Successfully un-registered JMX Bean with object name Ratis:service=RaftServer,group=group-D60DAB9527C4,id=39cc9473-aad5-4b25-9d7b-fffea4c520cd
2019-11-08 23:43:44,923 [ForkJoinPool.commonPool-worker-0] INFO  impl.RoleInfo (RoleInfo.java:shutdownLeaderState(104)) - 39cc9473-aad5-4b25-9d7b-fffea4c520cd: shutdown LeaderState
2019-11-08 23:43:44,923 [ForkJoinPool.commonPool-worker-0] INFO  impl.PendingRequests (PendingRequests.java:sendNotLeaderResponses(206)) - 39cc9473-aad5-4b25-9d7b-fffea4c520cd@group-D60DAB9527C4-PendingRequests: sendNotLeaderResponses
2019-11-08 23:43:44,924 [ForkJoinPool.commonPool-worker-0] INFO  impl.StateMachineUpdater (StateMachineUpdater.java:stopAndJoin(136)) - 39cc9473-aad5-4b25-9d7b-fffea4c520cd@group-D60DAB9527C4-StateMachineUpdater: set stopIndex = 0
2019-11-08 23:43:44,924 [ForkJoinPool.commonPool-worker-0] INFO  impl.RaftServerImpl (ServerState.java:close(387)) - 39cc9473-aad5-4b25-9d7b-fffea4c520cd@group-D60DAB9527C4: closes. applyIndex: 0
2019-11-08 23:43:44,924 [39cc9473-aad5-4b25-9d7b-fffea4c520cd@group-D60DAB9527C4-SegmentedRaftLogWorker] INFO  segmented.SegmentedRaftLogWorker (SegmentedRaftLogWorker.java:run(316)) - 39cc9473-aad5-4b25-9d7b-fffea4c520cd@group-D60DAB9527C4-SegmentedRaftLogWorker was interrupted, exiting. There are 0 tasks remaining in the queue.
2019-11-08 23:43:44,925 [ForkJoinPool.commonPool-worker-0] INFO  segmented.SegmentedRaftLogWorker (SegmentedRaftLogWorker.java:close(224)) - 39cc9473-aad5-4b25-9d7b-fffea4c520cd@group-D60DAB9527C4-SegmentedRaftLogWorker close()
2019-11-08 23:43:44,926 [ForkJoinPool.commonPool-worker-0] INFO  server.GrpcService (GrpcService.java:closeImpl(164)) - 39cc9473-aad5-4b25-9d7b-fffea4c520cd: shutdown server with port 44184 now
2019-11-08 23:43:44,927 [ForkJoinPool.commonPool-worker-0] INFO  server.GrpcService (GrpcService.java:closeImpl(172)) - 39cc9473-aad5-4b25-9d7b-fffea4c520cd: shutdown server with port 44184 successfully
2019-11-08 23:43:44,937 [refreshUsed-/workdir/hadoop-ozone/integration-test/target/test-dir/MiniOzoneClusterImpl-7b65c80e-3cfa-488f-8d29-1931258b4af6/datanode-0/data/containers] WARN  fs.CachingGetSpaceUsed (CachingGetSpaceUsed.java:run(183)) - Thread Interrupted waiting to refresh disk information: sleep interrupted
2019-11-08 23:43:44,943 [main] INFO  utils.BackgroundService (BackgroundService.java:shutdown(151)) - Shutting down service BlockDeletingService
2019-11-08 23:43:44,946 [main] INFO  statemachine.DatanodeStateMachine (DatanodeStateMachine.java:stopDaemon(395)) - Ozone container server stopped.
2019-11-08 23:43:44,947 [main] INFO  handler.ContextHandler (ContextHandler.java:doStop(910)) - Stopped o.e.j.w.WebAppContext@fe34b86{/,null,UNAVAILABLE}{/hddsDatanode}
2019-11-08 23:43:44,948 [main] INFO  server.AbstractConnector (AbstractConnector.java:doStop(318)) - Stopped ServerConnector@3c98781a{HTTP/1.1,[http/1.1]}{0.0.0.0:0}
2019-11-08 23:43:44,949 [main] INFO  handler.ContextHandler (ContextHandler.java:doStop(910)) - Stopped o.e.j.s.ServletContextHandler@53c6f96d{/static,jar:file:/home/user/.m2/repository/org/apache/hadoop/hadoop-hdds-container-service/0.5.0-SNAPSHOT/hadoop-hdds-container-service-0.5.0-SNAPSHOT.jar!/webapps/static,UNAVAILABLE}
2019-11-08 23:43:44,949 [main] INFO  handler.ContextHandler (ContextHandler.java:doStop(910)) - Stopped o.e.j.s.ServletContextHandler@4e49ce2b{/logs,file:///workdir/hadoop-ozone/integration-test/target/log,UNAVAILABLE}
2019-11-08 23:43:44,954 [ForkJoinPool.commonPool-worker-0] INFO  utils.BackgroundService (BackgroundService.java:shutdown(151)) - Shutting down service BlockDeletingService
2019-11-08 23:43:44,955 [ForkJoinPool.commonPool-worker-0] INFO  statemachine.DatanodeStateMachine (DatanodeStateMachine.java:stopDaemon(395)) - Ozone container server stopped.
2019-11-08 23:43:44,957 [ForkJoinPool.commonPool-worker-0] INFO  handler.ContextHandler (ContextHandler.java:doStop(910)) - Stopped o.e.j.w.WebAppContext@31dfc6f5{/,null,UNAVAILABLE}{/hddsDatanode}
2019-11-08 23:43:44,958 [ForkJoinPool.commonPool-worker-0] INFO  server.AbstractConnector (AbstractConnector.java:doStop(318)) - Stopped ServerConnector@37b52340{HTTP/1.1,[http/1.1]}{0.0.0.0:0}
2019-11-08 23:43:44,959 [ForkJoinPool.commonPool-worker-0] INFO  handler.ContextHandler (ContextHandler.java:doStop(910)) - Stopped o.e.j.s.ServletContextHandler@2cc75074{/static,jar:file:/home/user/.m2/repository/org/apache/hadoop/hadoop-hdds-container-service/0.5.0-SNAPSHOT/hadoop-hdds-container-service-0.5.0-SNAPSHOT.jar!/webapps/static,UNAVAILABLE}
2019-11-08 23:43:44,959 [ForkJoinPool.commonPool-worker-0] INFO  handler.ContextHandler (ContextHandler.java:doStop(910)) - Stopped o.e.j.s.ServletContextHandler@378f002a{/logs,file:///workdir/hadoop-ozone/integration-test/target/log,UNAVAILABLE}
2019-11-08 23:43:45,868 [Datanode State Machine Thread - 0] INFO  statemachine.DatanodeStateMachine (DatanodeStateMachine.java:lambda$startDaemon$0(350)) - Ozone container server started.
2019-11-08 23:43:49,952 [main] INFO  ozoneimpl.OzoneContainer (OzoneContainer.java:stop(232)) - Attempting to stop container services.
2019-11-08 23:43:49,954 [main] INFO  impl.RaftServerProxy (RaftServerProxy.java:lambda$close$4(314)) - b0254fda-0d8d-4a53-9155-cc1eedc149de: close
2019-11-08 23:43:49,956 [main] INFO  impl.RaftServerImpl (RaftServerImpl.java:lambda$shutdown$3(250)) - b0254fda-0d8d-4a53-9155-cc1eedc149de@group-08B5B0C5DBCB: shutdown
2019-11-08 23:43:49,956 [ForkJoinPool.commonPool-worker-1] INFO  impl.RaftServerImpl (RaftServerImpl.java:lambda$shutdown$3(250)) - b0254fda-0d8d-4a53-9155-cc1eedc149de@group-3522BCB8F7C6: shutdown
2019-11-08 23:43:49,956 [main] INFO  util.JmxRegister (JmxRegister.java:unregister(73)) - Successfully un-registered JMX Bean with object name Ratis:service=RaftServer,group=group-08B5B0C5DBCB,id=b0254fda-0d8d-4a53-9155-cc1eedc149de
2019-11-08 23:43:49,956 [ForkJoinPool.commonPool-worker-1] INFO  util.JmxRegister (JmxRegister.java:unregister(73)) - Successfully un-registered JMX Bean with object name Ratis:service=RaftServer,group=group-3522BCB8F7C6,id=b0254fda-0d8d-4a53-9155-cc1eedc149de
2019-11-08 23:43:49,957 [main] INFO  impl.RoleInfo (RoleInfo.java:shutdownFollowerState(121)) - b0254fda-0d8d-4a53-9155-cc1eedc149de: shutdown FollowerState
2019-11-08 23:43:49,957 [ForkJoinPool.commonPool-worker-1] INFO  impl.RoleInfo (RoleInfo.java:shutdownLeaderState(104)) - b0254fda-0d8d-4a53-9155-cc1eedc149de: shutdown LeaderState
2019-11-08 23:43:49,957 [main] INFO  impl.StateMachineUpdater (StateMachineUpdater.java:stopAndJoin(136)) - b0254fda-0d8d-4a53-9155-cc1eedc149de@group-08B5B0C5DBCB-StateMachineUpdater: set stopIndex = 5
2019-11-08 23:43:49,958 [b0254fda-0d8d-4a53-9155-cc1eedc149de@group-08B5B0C5DBCB-StateMachineUpdater] INFO  ratis.ContainerStateMachine (ContainerStateMachine.java:takeSnapshot(283)) - group-08B5B0C5DBCB: Taking a snapshot at:(t:4, i:2) file /workdir/hadoop-ozone/integration-test/target/test-dir/MiniOzoneClusterImpl-7b65c80e-3cfa-488f-8d29-1931258b4af6/datanode-3/data/ratis/77931f26-b167-4586-a2dd-08b5b0c5dbcb/sm/snapshot.4_2
2019-11-08 23:43:49,958 [ForkJoinPool.commonPool-worker-1] INFO  impl.PendingRequests (PendingRequests.java:sendNotLeaderResponses(206)) - b0254fda-0d8d-4a53-9155-cc1eedc149de@group-3522BCB8F7C6-PendingRequests: sendNotLeaderResponses
2019-11-08 23:43:49,957 [Thread-352] INFO  impl.FollowerState (FollowerState.java:run(120)) - b0254fda-0d8d-4a53-9155-cc1eedc149de@group-08B5B0C5DBCB-FollowerState was interrupted: java.lang.InterruptedException: sleep interrupted
2019-11-08 23:43:49,964 [ForkJoinPool.commonPool-worker-1] INFO  impl.StateMachineUpdater (StateMachineUpdater.java:stopAndJoin(136)) - b0254fda-0d8d-4a53-9155-cc1eedc149de@group-3522BCB8F7C6-StateMachineUpdater: set stopIndex = 0
2019-11-08 23:43:49,965 [ForkJoinPool.commonPool-worker-1] INFO  impl.RaftServerImpl (ServerState.java:close(387)) - b0254fda-0d8d-4a53-9155-cc1eedc149de@group-3522BCB8F7C6: closes. applyIndex: 0
2019-11-08 23:43:49,965 [b0254fda-0d8d-4a53-9155-cc1eedc149de@group-3522BCB8F7C6-SegmentedRaftLogWorker] INFO  segmented.SegmentedRaftLogWorker (SegmentedRaftLogWorker.java:run(316)) - b0254fda-0d8d-4a53-9155-cc1eedc149de@group-3522BCB8F7C6-SegmentedRaftLogWorker was interrupted, exiting. There are 0 tasks remaining in the queue.
2019-11-08 23:43:49,970 [ForkJoinPool.commonPool-worker-1] INFO  segmented.SegmentedRaftLogWorker (SegmentedRaftLogWorker.java:close(224)) - b0254fda-0d8d-4a53-9155-cc1eedc149de@group-3522BCB8F7C6-SegmentedRaftLogWorker close()
2019-11-08 23:43:49,993 [b0254fda-0d8d-4a53-9155-cc1eedc149de@group-08B5B0C5DBCB-StateMachineUpdater] INFO  ratis.ContainerStateMachine (ContainerStateMachine.java:takeSnapshot(294)) - group-08B5B0C5DBCB: Finished taking a snapshot at:(t:4, i:2) file:/workdir/hadoop-ozone/integration-test/target/test-dir/MiniOzoneClusterImpl-7b65c80e-3cfa-488f-8d29-1931258b4af6/datanode-3/data/ratis/77931f26-b167-4586-a2dd-08b5b0c5dbcb/sm/snapshot.4_2 time:35
2019-11-08 23:43:49,993 [b0254fda-0d8d-4a53-9155-cc1eedc149de@group-08B5B0C5DBCB-StateMachineUpdater] INFO  impl.StateMachineUpdater (StateMachineUpdater.java:takeSnapshot(269)) - b0254fda-0d8d-4a53-9155-cc1eedc149de@group-08B5B0C5DBCB-StateMachineUpdater: Took a snapshot at index 2
2019-11-08 23:43:49,993 [b0254fda-0d8d-4a53-9155-cc1eedc149de@group-08B5B0C5DBCB-StateMachineUpdater] INFO  impl.StateMachineUpdater (StateMachineUpdater.java:lambda$new$0(84)) - b0254fda-0d8d-4a53-9155-cc1eedc149de@group-08B5B0C5DBCB-StateMachineUpdater: snapshotIndex: updateIncreasingly -1 -> 2
2019-11-08 23:43:49,994 [b0254fda-0d8d-4a53-9155-cc1eedc149de@group-08B5B0C5DBCB-StateMachineUpdater] INFO  ratis.ContainerStateMachine (ContainerStateMachine.java:takeSnapshot(283)) - group-08B5B0C5DBCB: Taking a snapshot at:(t:4, i:2) file /workdir/hadoop-ozone/integration-test/target/test-dir/MiniOzoneClusterImpl-7b65c80e-3cfa-488f-8d29-1931258b4af6/datanode-3/data/ratis/77931f26-b167-4586-a2dd-08b5b0c5dbcb/sm/snapshot.4_2
2019-11-08 23:43:50,006 [b0254fda-0d8d-4a53-9155-cc1eedc149de@group-08B5B0C5DBCB-StateMachineUpdater] INFO  ratis.ContainerStateMachine (ContainerStateMachine.java:takeSnapshot(294)) - group-08B5B0C5DBCB: Finished taking a snapshot at:(t:4, i:2) file:/workdir/hadoop-ozone/integration-test/target/test-dir/MiniOzoneClusterImpl-7b65c80e-3cfa-488f-8d29-1931258b4af6/datanode-3/data/ratis/77931f26-b167-4586-a2dd-08b5b0c5dbcb/sm/snapshot.4_2 time:12
2019-11-08 23:43:50,006 [b0254fda-0d8d-4a53-9155-cc1eedc149de@group-08B5B0C5DBCB-StateMachineUpdater] INFO  impl.StateMachineUpdater (StateMachineUpdater.java:takeSnapshot(269)) - b0254fda-0d8d-4a53-9155-cc1eedc149de@group-08B5B0C5DBCB-StateMachineUpdater: Took a snapshot at index 2
2019-11-08 23:43:50,006 [b0254fda-0d8d-4a53-9155-cc1eedc149de@group-08B5B0C5DBCB-StateMachineUpdater] INFO  impl.StateMachineUpdater (StateMachineUpdater.java:lambda$new$0(84)) - b0254fda-0d8d-4a53-9155-cc1eedc149de@group-08B5B0C5DBCB-StateMachineUpdater: snapshotIndex: updateIncreasingly 2 -> 2
2019-11-08 23:43:50,006 [main] INFO  impl.RaftServerImpl (ServerState.java:close(387)) - b0254fda-0d8d-4a53-9155-cc1eedc149de@group-08B5B0C5DBCB: closes. applyIndex: 5
2019-11-08 23:43:50,007 [b0254fda-0d8d-4a53-9155-cc1eedc149de@group-08B5B0C5DBCB-SegmentedRaftLogWorker] INFO  segmented.SegmentedRaftLogWorker (SegmentedRaftLogWorker.java:run(316)) - b0254fda-0d8d-4a53-9155-cc1eedc149de@group-08B5B0C5DBCB-SegmentedRaftLogWorker was interrupted, exiting. There are 0 tasks remaining in the queue.
2019-11-08 23:43:50,008 [main] INFO  segmented.SegmentedRaftLogWorker (SegmentedRaftLogWorker.java:close(224)) - b0254fda-0d8d-4a53-9155-cc1eedc149de@group-08B5B0C5DBCB-SegmentedRaftLogWorker close()
2019-11-08 23:43:50,009 [main] INFO  server.GrpcService (GrpcService.java:closeImpl(164)) - b0254fda-0d8d-4a53-9155-cc1eedc149de: shutdown server with port 36287 now
2019-11-08 23:43:50,010 [main] INFO  server.GrpcService (GrpcService.java:closeImpl(172)) - b0254fda-0d8d-4a53-9155-cc1eedc149de: shutdown server with port 36287 successfully
2019-11-08 23:43:50,016 [refreshUsed-/workdir/hadoop-ozone/integration-test/target/test-dir/MiniOzoneClusterImpl-7b65c80e-3cfa-488f-8d29-1931258b4af6/datanode-3/data/containers] WARN  fs.CachingGetSpaceUsed (CachingGetSpaceUsed.java:run(183)) - Thread Interrupted waiting to refresh disk information: sleep interrupted
2019-11-08 23:43:50,038 [main] INFO  utils.BackgroundService (BackgroundService.java:shutdown(151)) - Shutting down service BlockDeletingService
2019-11-08 23:43:50,040 [main] INFO  statemachine.DatanodeStateMachine (DatanodeStateMachine.java:stopDaemon(395)) - Ozone container server stopped.
2019-11-08 23:43:50,042 [main] INFO  handler.ContextHandler (ContextHandler.java:doStop(910)) - Stopped o.e.j.w.WebAppContext@358ab600{/,null,UNAVAILABLE}{/hddsDatanode}
2019-11-08 23:43:50,043 [main] INFO  server.AbstractConnector (AbstractConnector.java:doStop(318)) - Stopped ServerConnector@e26af6{HTTP/1.1,[http/1.1]}{0.0.0.0:0}
2019-11-08 23:43:50,043 [main] INFO  handler.ContextHandler (ContextHandler.java:doStop(910)) - Stopped o.e.j.s.ServletContextHandler@d7109be{/static,jar:file:/home/user/.m2/repository/org/apache/hadoop/hadoop-hdds-container-service/0.5.0-SNAPSHOT/hadoop-hdds-container-service-0.5.0-SNAPSHOT.jar!/webapps/static,UNAVAILABLE}
2019-11-08 23:43:50,044 [main] INFO  handler.ContextHandler (ContextHandler.java:doStop(910)) - Stopped o.e.j.s.ServletContextHandler@7654f833{/logs,file:///workdir/hadoop-ozone/integration-test/target/log,UNAVAILABLE}
2019-11-08 23:43:50,045 [main] INFO  ozone.MiniOzoneClusterImpl (MiniOzoneClusterImpl.java:stopSCM(392)) - Stopping the StorageContainerManager
2019-11-08 23:43:50,045 [main] INFO  server.StorageContainerManager (StorageContainerManager.java:stop(812)) - Stopping Replication Manager Service.
2019-11-08 23:43:50,045 [main] INFO  container.ReplicationManager (ReplicationManager.java:stop(203)) - Stopping Replication Monitor Thread.
2019-11-08 23:43:50,045 [main] INFO  server.StorageContainerManager (StorageContainerManager.java:stop(819)) - Stopping Lease Manager of the command watchers
2019-11-08 23:43:50,046 [main] INFO  server.StorageContainerManager (StorageContainerManager.java:stop(826)) - Stopping datanode service RPC server
2019-11-08 23:43:50,046 [main] INFO  server.SCMDatanodeProtocolServer (SCMDatanodeProtocolServer.java:stop(346)) - Stopping the RPC server for DataNodes
2019-11-08 23:43:50,046 [main] INFO  ipc.Server (Server.java:stop(3082)) - Stopping server on 40388
2019-11-08 23:43:50,047 [IPC Server listener on 40388] INFO  ipc.Server (Server.java:run(1185)) - Stopping IPC Server listener on 40388
2019-11-08 23:43:50,047 [IPC Server Responder] INFO  ipc.Server (Server.java:run(1319)) - Stopping IPC Server Responder
2019-11-08 23:43:50,076 [SCM Heartbeat Processing Thread - 0] WARN  node.NodeStateManager (NodeStateManager.java:scheduleNextHealthCheck(668)) - Current Thread is interrupted, shutting down HB processing thread for Node Manager.
2019-11-08 23:43:50,076 [main] INFO  server.StorageContainerManager (StorageContainerManager.java:stop(834)) - Stopping block service RPC server
2019-11-08 23:43:50,077 [main] INFO  server.SCMBlockProtocolServer (SCMBlockProtocolServer.java:stop(155)) - Stopping the RPC server for Block Protocol
2019-11-08 23:43:50,077 [main] INFO  ipc.Server (Server.java:stop(3082)) - Stopping server on 46172
2019-11-08 23:43:50,078 [IPC Server listener on 46172] INFO  ipc.Server (Server.java:run(1185)) - Stopping IPC Server listener on 46172
2019-11-08 23:43:50,078 [main] INFO  server.StorageContainerManager (StorageContainerManager.java:stop(841)) - Stopping the StorageContainerLocationProtocol RPC server
2019-11-08 23:43:50,079 [IPC Server Responder] INFO  ipc.Server (Server.java:run(1319)) - Stopping IPC Server Responder
2019-11-08 23:43:50,079 [main] INFO  server.SCMClientProtocolServer (SCMClientProtocolServer.java:stop(168)) - Stopping the RPC server for Client Protocol
2019-11-08 23:43:50,080 [main] INFO  ipc.Server (Server.java:stop(3082)) - Stopping server on 34248
2019-11-08 23:43:50,081 [IPC Server listener on 34248] INFO  ipc.Server (Server.java:run(1185)) - Stopping IPC Server listener on 34248
2019-11-08 23:43:50,081 [main] INFO  server.StorageContainerManager (StorageContainerManager.java:stop(848)) - Stopping Storage Container Manager HTTP server.
2019-11-08 23:43:50,081 [IPC Server Responder] INFO  ipc.Server (Server.java:run(1319)) - Stopping IPC Server Responder
2019-11-08 23:43:50,083 [main] INFO  handler.ContextHandler (ContextHandler.java:doStop(910)) - Stopped o.e.j.w.WebAppContext@1b9ea3e3{/,null,UNAVAILABLE}{/scm}
2019-11-08 23:43:50,084 [main] INFO  server.AbstractConnector (AbstractConnector.java:doStop(318)) - Stopped ServerConnector@5910de75{HTTP/1.1,[http/1.1]}{0.0.0.0:0}
2019-11-08 23:43:50,084 [main] INFO  handler.ContextHandler (ContextHandler.java:doStop(910)) - Stopped o.e.j.s.ServletContextHandler@3d97a632{/static,file:///workdir/hadoop-ozone/integration-test/target/test-classes/webapps/static,UNAVAILABLE}
2019-11-08 23:43:50,085 [main] INFO  handler.ContextHandler (ContextHandler.java:doStop(910)) - Stopped o.e.j.s.ServletContextHandler@53f0a4cb{/logs,file:///workdir/hadoop-ozone/integration-test/target/log,UNAVAILABLE}
2019-11-08 23:43:50,086 [main] INFO  server.StorageContainerManager (StorageContainerManager.java:stop(859)) - Stopping Block Manager Service.
2019-11-08 23:43:50,086 [main] INFO  utils.BackgroundService (BackgroundService.java:shutdown(151)) - Shutting down service SCMBlockDeletingService
2019-11-08 23:43:50,087 [main] INFO  utils.BackgroundService (BackgroundService.java:shutdown(151)) - Shutting down service SCMBlockDeletingService
2019-11-08 23:43:50,087 [main] INFO  server.StorageContainerManager (StorageContainerManager.java:stop(881)) - Stopping SCM Event Queue.
2019-11-08 23:43:50,098 [main] INFO  impl.MetricsSystemImpl (MetricsSystemImpl.java:stop(210)) - Stopping XceiverClientMetrics metrics system...
2019-11-08 23:43:50,102 [prometheus] INFO  impl.MetricsSinkAdapter (MetricsSinkAdapter.java:publishMetricsFromQueue(141)) - prometheus thread interrupted.
2019-11-08 23:43:50,103 [main] INFO  impl.MetricsSystemImpl (MetricsSystemImpl.java:stop(216)) - XceiverClientMetrics metrics system stopped.
]]></system-out>
    <system-err><![CDATA[ERROR StatusLogger No Log4j 2 configuration file found. Using default configuration (logging only errors to the console), or user programmatically provided configurations. Set system property 'log4j2.debug' to show Log4j 2 internal initialization logging. See https://logging.apache.org/log4j/2.x/manual/configuration.html for instructions on how to configure Log4j 2
]]></system-err>
  </testcase>
</testsuite>