<?xml version="1.0" encoding="UTF-8"?>
<testsuite xmlns:xsi="http://www.w3.org/2001/XMLSchema-instance" xsi:noNamespaceSchemaLocation="https://maven.apache.org/surefire/maven-surefire-plugin/xsd/surefire-test-report.xsd" name="org.apache.hadoop.ozone.freon.TestFreonWithPipelineDestroy" time="52.15" tests="1" errors="1" skipped="0" failures="0">
  <properties>
    <property name="awt.toolkit" value="sun.awt.X11.XToolkit"/>
    <property name="file.encoding.pkg" value="sun.io"/>
    <property name="java.specification.version" value="1.8"/>
    <property name="sun.cpu.isalist" value=""/>
    <property name="sun.jnu.encoding" value="ANSI_X3.4-1968"/>
    <property name="java.class.path" value="/workdir/hadoop-ozone/tools/target/test-classes:/workdir/hadoop-ozone/tools/target/classes:/home/user/.m2/repository/org/apache/hadoop/hadoop-ozone-ozone-manager/0.5.0-SNAPSHOT/hadoop-ozone-ozone-manager-0.5.0-SNAPSHOT.jar:/home/user/.m2/repository/org/apache/hadoop/hadoop-hdds-docs/0.5.0-SNAPSHOT/hadoop-hdds-docs-0.5.0-SNAPSHOT.jar:/home/user/.m2/repository/org/bouncycastle/bcprov-jdk15on/1.60/bcprov-jdk15on-1.60.jar:/home/user/.m2/repository/org/apache/hadoop/hadoop-ozone-common/0.5.0-SNAPSHOT/hadoop-ozone-common-0.5.0-SNAPSHOT.jar:/home/user/.m2/repository/org/apache/commons/commons-compress/1.4.1/commons-compress-1.4.1.jar:/home/user/.m2/repository/org/tukaani/xz/1.0/xz-1.0.jar:/home/user/.m2/repository/org/apache/hadoop/hadoop-hdfs-client/3.2.0/hadoop-hdfs-client-3.2.0.jar:/home/user/.m2/repository/com/fasterxml/jackson/core/jackson-annotations/2.9.9/jackson-annotations-2.9.9.jar:/home/user/.m2/repository/org/apache/hadoop/hadoop-hdds-common/0.5.0-SNAPSHOT/hadoop-hdds-common-0.5.0-SNAPSHOT.jar:/home/user/.m2/repository/org/apache/hadoop/hadoop-hdds-config/0.5.0-SNAPSHOT/hadoop-hdds-config-0.5.0-SNAPSHOT.jar:/home/user/.m2/repository/javax/annotation/javax.annotation-api/1.2/javax.annotation-api-1.2.jar:/home/user/.m2/repository/org/apache/ratis/ratis-server/0.5.0-d6d58d0-SNAPSHOT/ratis-server-0.5.0-d6d58d0-SNAPSHOT.jar:/home/user/.m2/repository/org/apache/ratis/ratis-thirdparty-misc/0.2.0/ratis-thirdparty-misc-0.2.0.jar:/home/user/.m2/repository/org/apache/ratis/ratis-proto/0.5.0-d6d58d0-SNAPSHOT/ratis-proto-0.5.0-d6d58d0-SNAPSHOT.jar:/home/user/.m2/repository/org/apache/ratis/ratis-common/0.5.0-d6d58d0-SNAPSHOT/ratis-common-0.5.0-d6d58d0-SNAPSHOT.jar:/home/user/.m2/repository/org/apache/ratis/ratis-client/0.5.0-d6d58d0-SNAPSHOT/ratis-client-0.5.0-d6d58d0-SNAPSHOT.jar:/home/user/.m2/repository/org/apache/ratis/ratis-metrics/0.5.0-d6d58d0-SNAPSHOT/ratis-metrics-0.5.0-d6d58d0-SNAPSHOT.jar:/home/user/.m2/repository/org/apache/ratis/ratis-netty/0.5.0-d6d58d0-SNAPSHOT/ratis-netty-0.5.0-d6d58d0-SNAPSHOT.jar:/home/user/.m2/repository/org/apache/ratis/ratis-grpc/0.5.0-d6d58d0-SNAPSHOT/ratis-grpc-0.5.0-d6d58d0-SNAPSHOT.jar:/home/user/.m2/repository/org/rocksdb/rocksdbjni/6.0.1/rocksdbjni-6.0.1.jar:/home/user/.m2/repository/org/apache/logging/log4j/log4j-api/2.11.0/log4j-api-2.11.0.jar:/home/user/.m2/repository/org/apache/logging/log4j/log4j-core/2.11.0/log4j-core-2.11.0.jar:/home/user/.m2/repository/com/lmax/disruptor/3.4.2/disruptor-3.4.2.jar:/home/user/.m2/repository/org/apache/commons/commons-pool2/2.6.0/commons-pool2-2.6.0.jar:/home/user/.m2/repository/org/bouncycastle/bcpkix-jdk15on/1.60/bcpkix-jdk15on-1.60.jar:/home/user/.m2/repository/commons-validator/commons-validator/1.6/commons-validator-1.6.jar:/home/user/.m2/repository/commons-digester/commons-digester/1.8.1/commons-digester-1.8.1.jar:/home/user/.m2/repository/io/jaegertracing/jaeger-client/0.34.0/jaeger-client-0.34.0.jar:/home/user/.m2/repository/io/jaegertracing/jaeger-thrift/0.34.0/jaeger-thrift-0.34.0.jar:/home/user/.m2/repository/org/apache/thrift/libthrift/0.12.0/libthrift-0.12.0.jar:/home/user/.m2/repository/com/squareup/okhttp3/okhttp/3.9.0/okhttp-3.9.0.jar:/home/user/.m2/repository/com/squareup/okio/okio/1.13.0/okio-1.13.0.jar:/home/user/.m2/repository/io/jaegertracing/jaeger-core/0.34.0/jaeger-core-0.34.0.jar:/home/user/.m2/repository/io/jaegertracing/jaeger-tracerresolver/0.34.0/jaeger-tracerresolver-0.34.0.jar:/home/user/.m2/repository/io/opentracing/contrib/opentracing-tracerresolver/0.1.5/opentracing-tracerresolver-0.1.5.jar:/home/user/.m2/repository/io/opentracing/opentracing-util/0.31.0/opentracing-util-0.31.0.jar:/home/user/.m2/repository/io/opentracing/opentracing-api/0.31.0/opentracing-api-0.31.0.jar:/home/user/.m2/repository/io/opentracing/opentracing-noop/0.31.0/opentracing-noop-0.31.0.jar:/home/user/.m2/repository/org/yaml/snakeyaml/1.16/snakeyaml-1.16.jar:/home/user/.m2/repository/org/apache/hadoop/hadoop-hdds-container-service/0.5.0-SNAPSHOT/hadoop-hdds-container-service-0.5.0-SNAPSHOT.jar:/home/user/.m2/repository/org/apache/hadoop/hadoop-hdds-client/0.5.0-SNAPSHOT/hadoop-hdds-client-0.5.0-SNAPSHOT.jar:/home/user/.m2/repository/org/apache/hadoop/hadoop-hdds-tools/0.5.0-SNAPSHOT/hadoop-hdds-tools-0.5.0-SNAPSHOT.jar:/home/user/.m2/repository/org/xerial/sqlite-jdbc/3.25.2/sqlite-jdbc-3.25.2.jar:/home/user/.m2/repository/org/apache/hadoop/hadoop-hdds-server-scm/0.5.0-SNAPSHOT/hadoop-hdds-server-scm-0.5.0-SNAPSHOT.jar:/home/user/.m2/repository/org/hamcrest/hamcrest-all/1.3/hamcrest-all-1.3.jar:/home/user/.m2/repository/info/picocli/picocli/3.9.6/picocli-3.9.6.jar:/home/user/.m2/repository/com/google/protobuf/protobuf-java/2.5.0/protobuf-java-2.5.0.jar:/home/user/.m2/repository/com/google/guava/guava/11.0.2/guava-11.0.2.jar:/home/user/.m2/repository/org/apache/hadoop/hadoop-ozone-client/0.5.0-SNAPSHOT/hadoop-ozone-client-0.5.0-SNAPSHOT.jar:/workdir/hadoop-ozone/ozonefs/target/classes:/home/user/.m2/repository/org/apache/httpcomponents/httpclient/4.5.2/httpclient-4.5.2.jar:/home/user/.m2/repository/org/apache/httpcomponents/httpcore/4.4.4/httpcore-4.4.4.jar:/home/user/.m2/repository/org/apache/hadoop/hadoop-hdds-server-framework/0.5.0-SNAPSHOT/hadoop-hdds-server-framework-0.5.0-SNAPSHOT.jar:/home/user/.m2/repository/org/apache/hadoop/hadoop-common/3.2.0/hadoop-common-3.2.0.jar:/home/user/.m2/repository/org/apache/hadoop/hadoop-annotations/3.2.0/hadoop-annotations-3.2.0.jar:/usr/lib/jvm/java-1.8.0-openjdk-1.8.0.222.b10-1.el7_7.x86_64/jre/../lib/tools.jar:/home/user/.m2/repository/commons-cli/commons-cli/1.2/commons-cli-1.2.jar:/home/user/.m2/repository/org/apache/commons/commons-math3/3.1.1/commons-math3-3.1.1.jar:/home/user/.m2/repository/commons-codec/commons-codec/1.11/commons-codec-1.11.jar:/home/user/.m2/repository/commons-io/commons-io/2.5/commons-io-2.5.jar:/home/user/.m2/repository/commons-net/commons-net/3.6/commons-net-3.6.jar:/home/user/.m2/repository/commons-collections/commons-collections/3.2.2/commons-collections-3.2.2.jar:/home/user/.m2/repository/javax/servlet/javax.servlet-api/3.1.0/javax.servlet-api-3.1.0.jar:/home/user/.m2/repository/org/eclipse/jetty/jetty-server/9.3.25.v20180904/jetty-server-9.3.25.v20180904.jar:/home/user/.m2/repository/org/eclipse/jetty/jetty-http/9.3.25.v20180904/jetty-http-9.3.25.v20180904.jar:/home/user/.m2/repository/org/eclipse/jetty/jetty-io/9.3.25.v20180904/jetty-io-9.3.25.v20180904.jar:/home/user/.m2/repository/org/eclipse/jetty/jetty-util/9.3.25.v20180904/jetty-util-9.3.25.v20180904.jar:/home/user/.m2/repository/org/eclipse/jetty/jetty-servlet/9.3.25.v20180904/jetty-servlet-9.3.25.v20180904.jar:/home/user/.m2/repository/org/eclipse/jetty/jetty-security/9.3.25.v20180904/jetty-security-9.3.25.v20180904.jar:/home/user/.m2/repository/org/eclipse/jetty/jetty-webapp/9.3.25.v20180904/jetty-webapp-9.3.25.v20180904.jar:/home/user/.m2/repository/org/eclipse/jetty/jetty-xml/9.3.25.v20180904/jetty-xml-9.3.25.v20180904.jar:/home/user/.m2/repository/javax/servlet/jsp/jsp-api/2.1/jsp-api-2.1.jar:/home/user/.m2/repository/com/sun/jersey/jersey-core/1.19/jersey-core-1.19.jar:/home/user/.m2/repository/javax/ws/rs/jsr311-api/1.1.1/jsr311-api-1.1.1.jar:/home/user/.m2/repository/com/sun/jersey/jersey-servlet/1.19/jersey-servlet-1.19.jar:/home/user/.m2/repository/com/sun/jersey/jersey-json/1.19/jersey-json-1.19.jar:/home/user/.m2/repository/org/codehaus/jettison/jettison/1.1/jettison-1.1.jar:/home/user/.m2/repository/com/sun/xml/bind/jaxb-impl/2.3.0.1/jaxb-impl-2.3.0.1.jar:/home/user/.m2/repository/org/codehaus/jackson/jackson-core-asl/1.9.13/jackson-core-asl-1.9.13.jar:/home/user/.m2/repository/org/codehaus/jackson/jackson-mapper-asl/1.9.13/jackson-mapper-asl-1.9.13.jar:/home/user/.m2/repository/org/codehaus/jackson/jackson-jaxrs/1.9.13/jackson-jaxrs-1.9.13.jar:/home/user/.m2/repository/org/codehaus/jackson/jackson-xc/1.9.13/jackson-xc-1.9.13.jar:/home/user/.m2/repository/com/sun/jersey/jersey-server/1.19/jersey-server-1.19.jar:/home/user/.m2/repository/commons-logging/commons-logging/1.1.3/commons-logging-1.1.3.jar:/home/user/.m2/repository/log4j/log4j/1.2.17/log4j-1.2.17.jar:/home/user/.m2/repository/commons-beanutils/commons-beanutils/1.9.4/commons-beanutils-1.9.4.jar:/home/user/.m2/repository/org/apache/commons/commons-configuration2/2.1.1/commons-configuration2-2.1.1.jar:/home/user/.m2/repository/org/apache/commons/commons-lang3/3.7/commons-lang3-3.7.jar:/home/user/.m2/repository/org/apache/commons/commons-text/1.4/commons-text-1.4.jar:/home/user/.m2/repository/org/slf4j/slf4j-api/1.7.25/slf4j-api-1.7.25.jar:/home/user/.m2/repository/org/slf4j/slf4j-log4j12/1.7.25/slf4j-log4j12-1.7.25.jar:/home/user/.m2/repository/org/apache/avro/avro/1.7.7/avro-1.7.7.jar:/home/user/.m2/repository/com/thoughtworks/paranamer/paranamer/2.3/paranamer-2.3.jar:/home/user/.m2/repository/org/xerial/snappy/snappy-java/1.0.5/snappy-java-1.0.5.jar:/home/user/.m2/repository/com/google/re2j/re2j/1.1/re2j-1.1.jar:/home/user/.m2/repository/com/google/code/gson/gson/2.2.4/gson-2.2.4.jar:/home/user/.m2/repository/org/apache/hadoop/hadoop-auth/3.2.0/hadoop-auth-3.2.0.jar:/home/user/.m2/repository/com/nimbusds/nimbus-jose-jwt/4.41.1/nimbus-jose-jwt-4.41.1.jar:/home/user/.m2/repository/com/github/stephenc/jcip/jcip-annotations/1.0-1/jcip-annotations-1.0-1.jar:/home/user/.m2/repository/net/minidev/json-smart/2.3/json-smart-2.3.jar:/home/user/.m2/repository/net/minidev/accessors-smart/1.2/accessors-smart-1.2.jar:/home/user/.m2/repository/org/apache/curator/curator-framework/2.12.0/curator-framework-2.12.0.jar:/home/user/.m2/repository/com/jcraft/jsch/0.1.54/jsch-0.1.54.jar:/home/user/.m2/repository/org/apache/curator/curator-client/2.12.0/curator-client-2.12.0.jar:/home/user/.m2/repository/org/apache/curator/curator-recipes/2.12.0/curator-recipes-2.12.0.jar:/home/user/.m2/repository/com/google/code/findbugs/jsr305/3.0.0/jsr305-3.0.0.jar:/home/user/.m2/repository/org/apache/htrace/htrace-core4/4.1.0-incubating/htrace-core4-4.1.0-incubating.jar:/home/user/.m2/repository/org/apache/zookeeper/zookeeper/3.4.13/zookeeper-3.4.13.jar:/home/user/.m2/repository/jline/jline/0.9.94/jline-0.9.94.jar:/home/user/.m2/repository/org/apache/yetus/audience-annotations/0.5.0/audience-annotations-0.5.0.jar:/home/user/.m2/repository/org/apache/kerby/kerb-simplekdc/1.0.1/kerb-simplekdc-1.0.1.jar:/home/user/.m2/repository/org/apache/kerby/kerb-client/1.0.1/kerb-client-1.0.1.jar:/home/user/.m2/repository/org/apache/kerby/kerby-config/1.0.1/kerby-config-1.0.1.jar:/home/user/.m2/repository/org/apache/kerby/kerb-core/1.0.1/kerb-core-1.0.1.jar:/home/user/.m2/repository/org/apache/kerby/kerby-pkix/1.0.1/kerby-pkix-1.0.1.jar:/home/user/.m2/repository/org/apache/kerby/kerby-asn1/1.0.1/kerby-asn1-1.0.1.jar:/home/user/.m2/repository/org/apache/kerby/kerby-util/1.0.1/kerby-util-1.0.1.jar:/home/user/.m2/repository/org/apache/kerby/kerb-common/1.0.1/kerb-common-1.0.1.jar:/home/user/.m2/repository/org/apache/kerby/kerb-crypto/1.0.1/kerb-crypto-1.0.1.jar:/home/user/.m2/repository/org/apache/kerby/kerb-util/1.0.1/kerb-util-1.0.1.jar:/home/user/.m2/repository/org/apache/kerby/token-provider/1.0.1/token-provider-1.0.1.jar:/home/user/.m2/repository/org/apache/kerby/kerb-admin/1.0.1/kerb-admin-1.0.1.jar:/home/user/.m2/repository/org/apache/kerby/kerb-server/1.0.1/kerb-server-1.0.1.jar:/home/user/.m2/repository/org/apache/kerby/kerb-identity/1.0.1/kerb-identity-1.0.1.jar:/home/user/.m2/repository/org/apache/kerby/kerby-xdr/1.0.1/kerby-xdr-1.0.1.jar:/home/user/.m2/repository/com/fasterxml/jackson/core/jackson-databind/2.9.9/jackson-databind-2.9.9.jar:/home/user/.m2/repository/com/fasterxml/jackson/core/jackson-core/2.9.9/jackson-core-2.9.9.jar:/home/user/.m2/repository/org/codehaus/woodstox/stax2-api/3.1.4/stax2-api-3.1.4.jar:/home/user/.m2/repository/com/fasterxml/woodstox/woodstox-core/5.0.3/woodstox-core-5.0.3.jar:/home/user/.m2/repository/dnsjava/dnsjava/2.1.7/dnsjava-2.1.7.jar:/home/user/.m2/repository/org/apache/hadoop/hadoop-hdfs/3.2.0/hadoop-hdfs-3.2.0.jar:/home/user/.m2/repository/org/eclipse/jetty/jetty-util-ajax/9.3.25.v20180904/jetty-util-ajax-9.3.25.v20180904.jar:/home/user/.m2/repository/commons-daemon/commons-daemon/1.0.13/commons-daemon-1.0.13.jar:/home/user/.m2/repository/io/netty/netty/3.10.5.Final/netty-3.10.5.Final.jar:/home/user/.m2/repository/io/netty/netty-all/4.0.52.Final/netty-all-4.0.52.Final.jar:/home/user/.m2/repository/org/fusesource/leveldbjni/leveldbjni-all/1.8/leveldbjni-all-1.8.jar:/home/user/.m2/repository/com/sun/xml/bind/jaxb-core/2.3.0.1/jaxb-core-2.3.0.1.jar:/home/user/.m2/repository/javax/xml/bind/jaxb-api/2.3.0/jaxb-api-2.3.0.jar:/home/user/.m2/repository/javax/activation/activation/1.1.1/activation-1.1.1.jar:/home/user/.m2/repository/org/openjdk/jmh/jmh-core/1.19/jmh-core-1.19.jar:/home/user/.m2/repository/net/sf/jopt-simple/jopt-simple/4.6/jopt-simple-4.6.jar:/home/user/.m2/repository/org/openjdk/jmh/jmh-generator-annprocess/1.19/jmh-generator-annprocess-1.19.jar:/home/user/.m2/repository/io/dropwizard/metrics/metrics-core/3.2.4/metrics-core-3.2.4.jar:/home/user/.m2/repository/com/amazonaws/aws-java-sdk-s3/1.11.615/aws-java-sdk-s3-1.11.615.jar:/home/user/.m2/repository/com/amazonaws/aws-java-sdk-kms/1.11.615/aws-java-sdk-kms-1.11.615.jar:/home/user/.m2/repository/com/amazonaws/aws-java-sdk-core/1.11.615/aws-java-sdk-core-1.11.615.jar:/home/user/.m2/repository/software/amazon/ion/ion-java/1.0.2/ion-java-1.0.2.jar:/home/user/.m2/repository/com/fasterxml/jackson/dataformat/jackson-dataformat-cbor/2.9.9/jackson-dataformat-cbor-2.9.9.jar:/home/user/.m2/repository/joda-time/joda-time/2.9.9/joda-time-2.9.9.jar:/home/user/.m2/repository/com/amazonaws/jmespath-java/1.11.615/jmespath-java-1.11.615.jar:/home/user/.m2/repository/com/github/spotbugs/spotbugs/3.1.12/spotbugs-3.1.12.jar:/home/user/.m2/repository/org/ow2/asm/asm/5.0.4/asm-5.0.4.jar:/home/user/.m2/repository/org/ow2/asm/asm-analysis/7.0/asm-analysis-7.0.jar:/home/user/.m2/repository/org/ow2/asm/asm-commons/7.0/asm-commons-7.0.jar:/home/user/.m2/repository/org/ow2/asm/asm-tree/7.0/asm-tree-7.0.jar:/home/user/.m2/repository/org/ow2/asm/asm-util/7.0/asm-util-7.0.jar:/home/user/.m2/repository/org/apache/bcel/bcel/6.3/bcel-6.3.jar:/home/user/.m2/repository/net/jcip/jcip-annotations/1.0/jcip-annotations-1.0.jar:/home/user/.m2/repository/org/dom4j/dom4j/2.1.1/dom4j-2.1.1.jar:/home/user/.m2/repository/jaxen/jaxen/1.1.6/jaxen-1.1.6.jar:/home/user/.m2/repository/commons-lang/commons-lang/2.6/commons-lang-2.6.jar:/home/user/.m2/repository/com/github/spotbugs/spotbugs-annotations/3.1.12/spotbugs-annotations-3.1.12.jar:/home/user/.m2/repository/junit/junit/4.11/junit-4.11.jar:/home/user/.m2/repository/org/hamcrest/hamcrest-core/1.3/hamcrest-core-1.3.jar:/home/user/.m2/repository/org/apache/hadoop/hadoop-common/3.2.0/hadoop-common-3.2.0-tests.jar:/workdir/hadoop-ozone/integration-test/target/test-classes:/home/user/.m2/repository/org/apache/hadoop/hadoop-ozone-s3gateway/0.5.0-SNAPSHOT/hadoop-ozone-s3gateway-0.5.0-SNAPSHOT.jar:/home/user/.m2/repository/org/jboss/weld/servlet/weld-servlet/2.4.7.Final/weld-servlet-2.4.7.Final.jar:/home/user/.m2/repository/org/glassfish/jersey/containers/jersey-container-servlet-core/2.27/jersey-container-servlet-core-2.27.jar:/home/user/.m2/repository/org/glassfish/hk2/external/javax.inject/2.5.0-b42/javax.inject-2.5.0-b42.jar:/home/user/.m2/repository/org/glassfish/jersey/core/jersey-common/2.27/jersey-common-2.27.jar:/home/user/.m2/repository/org/glassfish/hk2/osgi-resource-locator/1.0.1/osgi-resource-locator-1.0.1.jar:/home/user/.m2/repository/javax/ws/rs/javax.ws.rs-api/2.1/javax.ws.rs-api-2.1.jar:/home/user/.m2/repository/org/glassfish/jersey/ext/cdi/jersey-cdi1x/2.27/jersey-cdi1x-2.27.jar:/home/user/.m2/repository/org/glassfish/jersey/inject/jersey-hk2/2.27/jersey-hk2-2.27.jar:/home/user/.m2/repository/org/glassfish/hk2/hk2-locator/2.5.0-b42/hk2-locator-2.5.0-b42.jar:/home/user/.m2/repository/org/javassist/javassist/3.22.0-CR2/javassist-3.22.0-CR2.jar:/home/user/.m2/repository/org/glassfish/hk2/hk2-api/2.5.0/hk2-api-2.5.0.jar:/home/user/.m2/repository/org/glassfish/hk2/external/jakarta.inject/2.5.0/jakarta.inject-2.5.0.jar:/home/user/.m2/repository/org/glassfish/hk2/hk2-utils/2.5.0/hk2-utils-2.5.0.jar:/home/user/.m2/repository/jakarta/annotation/jakarta.annotation-api/1.3.4/jakarta.annotation-api-1.3.4.jar:/home/user/.m2/repository/org/glassfish/hk2/external/aopalliance-repackaged/2.5.0/aopalliance-repackaged-2.5.0.jar:/home/user/.m2/repository/com/fasterxml/jackson/dataformat/jackson-dataformat-xml/2.9.0/jackson-dataformat-xml-2.9.0.jar:/home/user/.m2/repository/com/fasterxml/jackson/module/jackson-module-jaxb-annotations/2.9.9/jackson-module-jaxb-annotations-2.9.9.jar:/home/user/.m2/repository/javax/enterprise/cdi-api/1.2/cdi-api-1.2.jar:/home/user/.m2/repository/javax/el/javax.el-api/3.0.0/javax.el-api-3.0.0.jar:/home/user/.m2/repository/javax/interceptor/javax.interceptor-api/1.2/javax.interceptor-api-1.2.jar:/home/user/.m2/repository/javax/inject/javax.inject/1/javax.inject-1.jar:/home/user/.m2/repository/org/apache/hadoop/hadoop-ozone-csi/0.5.0-SNAPSHOT/hadoop-ozone-csi-0.5.0-SNAPSHOT.jar:/home/user/.m2/repository/com/google/protobuf/protobuf-java-util/3.5.1/protobuf-java-util-3.5.1.jar:/home/user/.m2/repository/io/grpc/grpc-netty/1.17.1/grpc-netty-1.17.1.jar:/home/user/.m2/repository/io/grpc/grpc-core/1.17.1/grpc-core-1.17.1.jar:/home/user/.m2/repository/io/grpc/grpc-context/1.17.1/grpc-context-1.17.1.jar:/home/user/.m2/repository/com/google/errorprone/error_prone_annotations/2.2.0/error_prone_annotations-2.2.0.jar:/home/user/.m2/repository/org/codehaus/mojo/animal-sniffer-annotations/1.17/animal-sniffer-annotations-1.17.jar:/home/user/.m2/repository/io/opencensus/opencensus-api/0.17.0/opencensus-api-0.17.0.jar:/home/user/.m2/repository/io/opencensus/opencensus-contrib-grpc-metrics/0.17.0/opencensus-contrib-grpc-metrics-0.17.0.jar:/home/user/.m2/repository/io/netty/netty-codec-http2/4.1.30.Final/netty-codec-http2-4.1.30.Final.jar:/home/user/.m2/repository/io/netty/netty-codec-http/4.1.30.Final/netty-codec-http-4.1.30.Final.jar:/home/user/.m2/repository/io/netty/netty-codec/4.1.30.Final/netty-codec-4.1.30.Final.jar:/home/user/.m2/repository/io/netty/netty-handler/4.1.30.Final/netty-handler-4.1.30.Final.jar:/home/user/.m2/repository/io/netty/netty-handler-proxy/4.1.30.Final/netty-handler-proxy-4.1.30.Final.jar:/home/user/.m2/repository/io/netty/netty-codec-socks/4.1.30.Final/netty-codec-socks-4.1.30.Final.jar:/home/user/.m2/repository/io/netty/netty-transport-native-epoll/4.1.30.Final/netty-transport-native-epoll-4.1.30.Final.jar:/home/user/.m2/repository/io/netty/netty-common/4.1.30.Final/netty-common-4.1.30.Final.jar:/home/user/.m2/repository/io/netty/netty-buffer/4.1.30.Final/netty-buffer-4.1.30.Final.jar:/home/user/.m2/repository/io/netty/netty-transport/4.1.30.Final/netty-transport-4.1.30.Final.jar:/home/user/.m2/repository/io/netty/netty-resolver/4.1.30.Final/netty-resolver-4.1.30.Final.jar:/home/user/.m2/repository/io/netty/netty-transport-native-unix-common/4.1.30.Final/netty-transport-native-unix-common-4.1.30.Final.jar:/home/user/.m2/repository/io/grpc/grpc-protobuf/1.17.1/grpc-protobuf-1.17.1.jar:/home/user/.m2/repository/com/google/api/grpc/proto-google-common-protos/1.0.0/proto-google-common-protos-1.0.0.jar:/home/user/.m2/repository/io/grpc/grpc-protobuf-lite/1.17.1/grpc-protobuf-lite-1.17.1.jar:/home/user/.m2/repository/io/grpc/grpc-stub/1.17.1/grpc-stub-1.17.1.jar:/home/user/.m2/repository/org/apache/hadoop/hadoop-ozone-recon/0.5.0-SNAPSHOT/hadoop-ozone-recon-0.5.0-SNAPSHOT.jar:/home/user/.m2/repository/org/apache/hadoop/hadoop-ozone-reconcodegen/0.5.0-SNAPSHOT/hadoop-ozone-reconcodegen-0.5.0-SNAPSHOT.jar:/home/user/.m2/repository/com/google/inject/extensions/guice-multibindings/4.0/guice-multibindings-4.0.jar:/home/user/.m2/repository/com/google/inject/guice/4.0/guice-4.0.jar:/home/user/.m2/repository/aopalliance/aopalliance/1.0/aopalliance-1.0.jar:/home/user/.m2/repository/com/google/inject/extensions/guice-servlet/4.0/guice-servlet-4.0.jar:/home/user/.m2/repository/org/glassfish/jersey/containers/jersey-container-servlet/2.27/jersey-container-servlet-2.27.jar:/home/user/.m2/repository/org/glassfish/hk2/guice-bridge/2.5.0/guice-bridge-2.5.0.jar:/home/user/.m2/repository/org/glassfish/jersey/core/jersey-server/2.27/jersey-server-2.27.jar:/home/user/.m2/repository/org/glassfish/jersey/core/jersey-client/2.27/jersey-client-2.27.jar:/home/user/.m2/repository/org/glassfish/jersey/media/jersey-media-jaxb/2.27/jersey-media-jaxb-2.27.jar:/home/user/.m2/repository/javax/validation/validation-api/1.1.0.Final/validation-api-1.1.0.Final.jar:/home/user/.m2/repository/org/glassfish/jersey/media/jersey-media-json-jackson/2.27/jersey-media-json-jackson-2.27.jar:/home/user/.m2/repository/org/glassfish/jersey/ext/jersey-entity-filtering/2.27/jersey-entity-filtering-2.27.jar:/home/user/.m2/repository/com/google/inject/extensions/guice-assistedinject/4.0/guice-assistedinject-4.0.jar:/home/user/.m2/repository/org/jooq/jooq/3.11.10/jooq-3.11.10.jar:/home/user/.m2/repository/org/jooq/jooq-meta/3.11.10/jooq-meta-3.11.10.jar:/home/user/.m2/repository/org/jooq/jooq-codegen/3.11.10/jooq-codegen-3.11.10.jar:/home/user/.m2/repository/com/jolbox/bonecp/0.8.0.RELEASE/bonecp-0.8.0.RELEASE.jar:/home/user/.m2/repository/org/springframework/spring-jdbc/5.1.3.RELEASE/spring-jdbc-5.1.3.RELEASE.jar:/home/user/.m2/repository/org/springframework/spring-beans/5.1.3.RELEASE/spring-beans-5.1.3.RELEASE.jar:/home/user/.m2/repository/org/springframework/spring-core/5.1.3.RELEASE/spring-core-5.1.3.RELEASE.jar:/home/user/.m2/repository/org/springframework/spring-jcl/5.1.3.RELEASE/spring-jcl-5.1.3.RELEASE.jar:/home/user/.m2/repository/org/springframework/spring-tx/5.1.3.RELEASE/spring-tx-5.1.3.RELEASE.jar:/home/user/.m2/repository/org/mockito/mockito-core/2.15.0/mockito-core-2.15.0.jar:/home/user/.m2/repository/net/bytebuddy/byte-buddy/1.7.9/byte-buddy-1.7.9.jar:/home/user/.m2/repository/net/bytebuddy/byte-buddy-agent/1.7.9/byte-buddy-agent-1.7.9.jar:/home/user/.m2/repository/org/objenesis/objenesis/1.0/objenesis-1.0.jar:"/>
    <property name="java.vm.vendor" value="Oracle Corporation"/>
    <property name="sun.arch.data.model" value="64"/>
    <property name="test.build.dir" value="/workdir/hadoop-ozone/tools/target/test-dir"/>
    <property name="test.cache.data" value=""/>
    <property name="java.vendor.url" value="http://java.oracle.com/"/>
    <property name="user.timezone" value=""/>
    <property name="java.vm.specification.version" value="1.8"/>
    <property name="os.name" value="Linux"/>
    <property name="test.build.data" value="/workdir/hadoop-ozone/tools/target/test-dir"/>
    <property name="user.country" value="US"/>
    <property name="sun.java.launcher" value="SUN_STANDARD"/>
    <property name="sun.boot.library.path" value="/usr/lib/jvm/java-1.8.0-openjdk-1.8.0.222.b10-1.el7_7.x86_64/jre/lib/amd64"/>
    <property name="sun.java.command" value="/workdir/hadoop-ozone/tools/target/surefire/surefirebooter4837952839086247978.jar /workdir/hadoop-ozone/tools/target/surefire 2019-11-16T17-02-58_399-jvmRun1 surefire4241182513071056186tmp surefire_99905631916691004701tmp"/>
    <property name="surefire.test.class.path" value="/workdir/hadoop-ozone/tools/target/test-classes:/workdir/hadoop-ozone/tools/target/classes:/home/user/.m2/repository/org/apache/hadoop/hadoop-ozone-ozone-manager/0.5.0-SNAPSHOT/hadoop-ozone-ozone-manager-0.5.0-SNAPSHOT.jar:/home/user/.m2/repository/org/apache/hadoop/hadoop-hdds-docs/0.5.0-SNAPSHOT/hadoop-hdds-docs-0.5.0-SNAPSHOT.jar:/home/user/.m2/repository/org/bouncycastle/bcprov-jdk15on/1.60/bcprov-jdk15on-1.60.jar:/home/user/.m2/repository/org/apache/hadoop/hadoop-ozone-common/0.5.0-SNAPSHOT/hadoop-ozone-common-0.5.0-SNAPSHOT.jar:/home/user/.m2/repository/org/apache/commons/commons-compress/1.4.1/commons-compress-1.4.1.jar:/home/user/.m2/repository/org/tukaani/xz/1.0/xz-1.0.jar:/home/user/.m2/repository/org/apache/hadoop/hadoop-hdfs-client/3.2.0/hadoop-hdfs-client-3.2.0.jar:/home/user/.m2/repository/com/fasterxml/jackson/core/jackson-annotations/2.9.9/jackson-annotations-2.9.9.jar:/home/user/.m2/repository/org/apache/hadoop/hadoop-hdds-common/0.5.0-SNAPSHOT/hadoop-hdds-common-0.5.0-SNAPSHOT.jar:/home/user/.m2/repository/org/apache/hadoop/hadoop-hdds-config/0.5.0-SNAPSHOT/hadoop-hdds-config-0.5.0-SNAPSHOT.jar:/home/user/.m2/repository/javax/annotation/javax.annotation-api/1.2/javax.annotation-api-1.2.jar:/home/user/.m2/repository/org/apache/ratis/ratis-server/0.5.0-d6d58d0-SNAPSHOT/ratis-server-0.5.0-d6d58d0-SNAPSHOT.jar:/home/user/.m2/repository/org/apache/ratis/ratis-thirdparty-misc/0.2.0/ratis-thirdparty-misc-0.2.0.jar:/home/user/.m2/repository/org/apache/ratis/ratis-proto/0.5.0-d6d58d0-SNAPSHOT/ratis-proto-0.5.0-d6d58d0-SNAPSHOT.jar:/home/user/.m2/repository/org/apache/ratis/ratis-common/0.5.0-d6d58d0-SNAPSHOT/ratis-common-0.5.0-d6d58d0-SNAPSHOT.jar:/home/user/.m2/repository/org/apache/ratis/ratis-client/0.5.0-d6d58d0-SNAPSHOT/ratis-client-0.5.0-d6d58d0-SNAPSHOT.jar:/home/user/.m2/repository/org/apache/ratis/ratis-metrics/0.5.0-d6d58d0-SNAPSHOT/ratis-metrics-0.5.0-d6d58d0-SNAPSHOT.jar:/home/user/.m2/repository/org/apache/ratis/ratis-netty/0.5.0-d6d58d0-SNAPSHOT/ratis-netty-0.5.0-d6d58d0-SNAPSHOT.jar:/home/user/.m2/repository/org/apache/ratis/ratis-grpc/0.5.0-d6d58d0-SNAPSHOT/ratis-grpc-0.5.0-d6d58d0-SNAPSHOT.jar:/home/user/.m2/repository/org/rocksdb/rocksdbjni/6.0.1/rocksdbjni-6.0.1.jar:/home/user/.m2/repository/org/apache/logging/log4j/log4j-api/2.11.0/log4j-api-2.11.0.jar:/home/user/.m2/repository/org/apache/logging/log4j/log4j-core/2.11.0/log4j-core-2.11.0.jar:/home/user/.m2/repository/com/lmax/disruptor/3.4.2/disruptor-3.4.2.jar:/home/user/.m2/repository/org/apache/commons/commons-pool2/2.6.0/commons-pool2-2.6.0.jar:/home/user/.m2/repository/org/bouncycastle/bcpkix-jdk15on/1.60/bcpkix-jdk15on-1.60.jar:/home/user/.m2/repository/commons-validator/commons-validator/1.6/commons-validator-1.6.jar:/home/user/.m2/repository/commons-digester/commons-digester/1.8.1/commons-digester-1.8.1.jar:/home/user/.m2/repository/io/jaegertracing/jaeger-client/0.34.0/jaeger-client-0.34.0.jar:/home/user/.m2/repository/io/jaegertracing/jaeger-thrift/0.34.0/jaeger-thrift-0.34.0.jar:/home/user/.m2/repository/org/apache/thrift/libthrift/0.12.0/libthrift-0.12.0.jar:/home/user/.m2/repository/com/squareup/okhttp3/okhttp/3.9.0/okhttp-3.9.0.jar:/home/user/.m2/repository/com/squareup/okio/okio/1.13.0/okio-1.13.0.jar:/home/user/.m2/repository/io/jaegertracing/jaeger-core/0.34.0/jaeger-core-0.34.0.jar:/home/user/.m2/repository/io/jaegertracing/jaeger-tracerresolver/0.34.0/jaeger-tracerresolver-0.34.0.jar:/home/user/.m2/repository/io/opentracing/contrib/opentracing-tracerresolver/0.1.5/opentracing-tracerresolver-0.1.5.jar:/home/user/.m2/repository/io/opentracing/opentracing-util/0.31.0/opentracing-util-0.31.0.jar:/home/user/.m2/repository/io/opentracing/opentracing-api/0.31.0/opentracing-api-0.31.0.jar:/home/user/.m2/repository/io/opentracing/opentracing-noop/0.31.0/opentracing-noop-0.31.0.jar:/home/user/.m2/repository/org/yaml/snakeyaml/1.16/snakeyaml-1.16.jar:/home/user/.m2/repository/org/apache/hadoop/hadoop-hdds-container-service/0.5.0-SNAPSHOT/hadoop-hdds-container-service-0.5.0-SNAPSHOT.jar:/home/user/.m2/repository/org/apache/hadoop/hadoop-hdds-client/0.5.0-SNAPSHOT/hadoop-hdds-client-0.5.0-SNAPSHOT.jar:/home/user/.m2/repository/org/apache/hadoop/hadoop-hdds-tools/0.5.0-SNAPSHOT/hadoop-hdds-tools-0.5.0-SNAPSHOT.jar:/home/user/.m2/repository/org/xerial/sqlite-jdbc/3.25.2/sqlite-jdbc-3.25.2.jar:/home/user/.m2/repository/org/apache/hadoop/hadoop-hdds-server-scm/0.5.0-SNAPSHOT/hadoop-hdds-server-scm-0.5.0-SNAPSHOT.jar:/home/user/.m2/repository/org/hamcrest/hamcrest-all/1.3/hamcrest-all-1.3.jar:/home/user/.m2/repository/info/picocli/picocli/3.9.6/picocli-3.9.6.jar:/home/user/.m2/repository/com/google/protobuf/protobuf-java/2.5.0/protobuf-java-2.5.0.jar:/home/user/.m2/repository/com/google/guava/guava/11.0.2/guava-11.0.2.jar:/home/user/.m2/repository/org/apache/hadoop/hadoop-ozone-client/0.5.0-SNAPSHOT/hadoop-ozone-client-0.5.0-SNAPSHOT.jar:/workdir/hadoop-ozone/ozonefs/target/classes:/home/user/.m2/repository/org/apache/httpcomponents/httpclient/4.5.2/httpclient-4.5.2.jar:/home/user/.m2/repository/org/apache/httpcomponents/httpcore/4.4.4/httpcore-4.4.4.jar:/home/user/.m2/repository/org/apache/hadoop/hadoop-hdds-server-framework/0.5.0-SNAPSHOT/hadoop-hdds-server-framework-0.5.0-SNAPSHOT.jar:/home/user/.m2/repository/org/apache/hadoop/hadoop-common/3.2.0/hadoop-common-3.2.0.jar:/home/user/.m2/repository/org/apache/hadoop/hadoop-annotations/3.2.0/hadoop-annotations-3.2.0.jar:/usr/lib/jvm/java-1.8.0-openjdk-1.8.0.222.b10-1.el7_7.x86_64/jre/../lib/tools.jar:/home/user/.m2/repository/commons-cli/commons-cli/1.2/commons-cli-1.2.jar:/home/user/.m2/repository/org/apache/commons/commons-math3/3.1.1/commons-math3-3.1.1.jar:/home/user/.m2/repository/commons-codec/commons-codec/1.11/commons-codec-1.11.jar:/home/user/.m2/repository/commons-io/commons-io/2.5/commons-io-2.5.jar:/home/user/.m2/repository/commons-net/commons-net/3.6/commons-net-3.6.jar:/home/user/.m2/repository/commons-collections/commons-collections/3.2.2/commons-collections-3.2.2.jar:/home/user/.m2/repository/javax/servlet/javax.servlet-api/3.1.0/javax.servlet-api-3.1.0.jar:/home/user/.m2/repository/org/eclipse/jetty/jetty-server/9.3.25.v20180904/jetty-server-9.3.25.v20180904.jar:/home/user/.m2/repository/org/eclipse/jetty/jetty-http/9.3.25.v20180904/jetty-http-9.3.25.v20180904.jar:/home/user/.m2/repository/org/eclipse/jetty/jetty-io/9.3.25.v20180904/jetty-io-9.3.25.v20180904.jar:/home/user/.m2/repository/org/eclipse/jetty/jetty-util/9.3.25.v20180904/jetty-util-9.3.25.v20180904.jar:/home/user/.m2/repository/org/eclipse/jetty/jetty-servlet/9.3.25.v20180904/jetty-servlet-9.3.25.v20180904.jar:/home/user/.m2/repository/org/eclipse/jetty/jetty-security/9.3.25.v20180904/jetty-security-9.3.25.v20180904.jar:/home/user/.m2/repository/org/eclipse/jetty/jetty-webapp/9.3.25.v20180904/jetty-webapp-9.3.25.v20180904.jar:/home/user/.m2/repository/org/eclipse/jetty/jetty-xml/9.3.25.v20180904/jetty-xml-9.3.25.v20180904.jar:/home/user/.m2/repository/javax/servlet/jsp/jsp-api/2.1/jsp-api-2.1.jar:/home/user/.m2/repository/com/sun/jersey/jersey-core/1.19/jersey-core-1.19.jar:/home/user/.m2/repository/javax/ws/rs/jsr311-api/1.1.1/jsr311-api-1.1.1.jar:/home/user/.m2/repository/com/sun/jersey/jersey-servlet/1.19/jersey-servlet-1.19.jar:/home/user/.m2/repository/com/sun/jersey/jersey-json/1.19/jersey-json-1.19.jar:/home/user/.m2/repository/org/codehaus/jettison/jettison/1.1/jettison-1.1.jar:/home/user/.m2/repository/com/sun/xml/bind/jaxb-impl/2.3.0.1/jaxb-impl-2.3.0.1.jar:/home/user/.m2/repository/org/codehaus/jackson/jackson-core-asl/1.9.13/jackson-core-asl-1.9.13.jar:/home/user/.m2/repository/org/codehaus/jackson/jackson-mapper-asl/1.9.13/jackson-mapper-asl-1.9.13.jar:/home/user/.m2/repository/org/codehaus/jackson/jackson-jaxrs/1.9.13/jackson-jaxrs-1.9.13.jar:/home/user/.m2/repository/org/codehaus/jackson/jackson-xc/1.9.13/jackson-xc-1.9.13.jar:/home/user/.m2/repository/com/sun/jersey/jersey-server/1.19/jersey-server-1.19.jar:/home/user/.m2/repository/commons-logging/commons-logging/1.1.3/commons-logging-1.1.3.jar:/home/user/.m2/repository/log4j/log4j/1.2.17/log4j-1.2.17.jar:/home/user/.m2/repository/commons-beanutils/commons-beanutils/1.9.4/commons-beanutils-1.9.4.jar:/home/user/.m2/repository/org/apache/commons/commons-configuration2/2.1.1/commons-configuration2-2.1.1.jar:/home/user/.m2/repository/org/apache/commons/commons-lang3/3.7/commons-lang3-3.7.jar:/home/user/.m2/repository/org/apache/commons/commons-text/1.4/commons-text-1.4.jar:/home/user/.m2/repository/org/slf4j/slf4j-api/1.7.25/slf4j-api-1.7.25.jar:/home/user/.m2/repository/org/slf4j/slf4j-log4j12/1.7.25/slf4j-log4j12-1.7.25.jar:/home/user/.m2/repository/org/apache/avro/avro/1.7.7/avro-1.7.7.jar:/home/user/.m2/repository/com/thoughtworks/paranamer/paranamer/2.3/paranamer-2.3.jar:/home/user/.m2/repository/org/xerial/snappy/snappy-java/1.0.5/snappy-java-1.0.5.jar:/home/user/.m2/repository/com/google/re2j/re2j/1.1/re2j-1.1.jar:/home/user/.m2/repository/com/google/code/gson/gson/2.2.4/gson-2.2.4.jar:/home/user/.m2/repository/org/apache/hadoop/hadoop-auth/3.2.0/hadoop-auth-3.2.0.jar:/home/user/.m2/repository/com/nimbusds/nimbus-jose-jwt/4.41.1/nimbus-jose-jwt-4.41.1.jar:/home/user/.m2/repository/com/github/stephenc/jcip/jcip-annotations/1.0-1/jcip-annotations-1.0-1.jar:/home/user/.m2/repository/net/minidev/json-smart/2.3/json-smart-2.3.jar:/home/user/.m2/repository/net/minidev/accessors-smart/1.2/accessors-smart-1.2.jar:/home/user/.m2/repository/org/apache/curator/curator-framework/2.12.0/curator-framework-2.12.0.jar:/home/user/.m2/repository/com/jcraft/jsch/0.1.54/jsch-0.1.54.jar:/home/user/.m2/repository/org/apache/curator/curator-client/2.12.0/curator-client-2.12.0.jar:/home/user/.m2/repository/org/apache/curator/curator-recipes/2.12.0/curator-recipes-2.12.0.jar:/home/user/.m2/repository/com/google/code/findbugs/jsr305/3.0.0/jsr305-3.0.0.jar:/home/user/.m2/repository/org/apache/htrace/htrace-core4/4.1.0-incubating/htrace-core4-4.1.0-incubating.jar:/home/user/.m2/repository/org/apache/zookeeper/zookeeper/3.4.13/zookeeper-3.4.13.jar:/home/user/.m2/repository/jline/jline/0.9.94/jline-0.9.94.jar:/home/user/.m2/repository/org/apache/yetus/audience-annotations/0.5.0/audience-annotations-0.5.0.jar:/home/user/.m2/repository/org/apache/kerby/kerb-simplekdc/1.0.1/kerb-simplekdc-1.0.1.jar:/home/user/.m2/repository/org/apache/kerby/kerb-client/1.0.1/kerb-client-1.0.1.jar:/home/user/.m2/repository/org/apache/kerby/kerby-config/1.0.1/kerby-config-1.0.1.jar:/home/user/.m2/repository/org/apache/kerby/kerb-core/1.0.1/kerb-core-1.0.1.jar:/home/user/.m2/repository/org/apache/kerby/kerby-pkix/1.0.1/kerby-pkix-1.0.1.jar:/home/user/.m2/repository/org/apache/kerby/kerby-asn1/1.0.1/kerby-asn1-1.0.1.jar:/home/user/.m2/repository/org/apache/kerby/kerby-util/1.0.1/kerby-util-1.0.1.jar:/home/user/.m2/repository/org/apache/kerby/kerb-common/1.0.1/kerb-common-1.0.1.jar:/home/user/.m2/repository/org/apache/kerby/kerb-crypto/1.0.1/kerb-crypto-1.0.1.jar:/home/user/.m2/repository/org/apache/kerby/kerb-util/1.0.1/kerb-util-1.0.1.jar:/home/user/.m2/repository/org/apache/kerby/token-provider/1.0.1/token-provider-1.0.1.jar:/home/user/.m2/repository/org/apache/kerby/kerb-admin/1.0.1/kerb-admin-1.0.1.jar:/home/user/.m2/repository/org/apache/kerby/kerb-server/1.0.1/kerb-server-1.0.1.jar:/home/user/.m2/repository/org/apache/kerby/kerb-identity/1.0.1/kerb-identity-1.0.1.jar:/home/user/.m2/repository/org/apache/kerby/kerby-xdr/1.0.1/kerby-xdr-1.0.1.jar:/home/user/.m2/repository/com/fasterxml/jackson/core/jackson-databind/2.9.9/jackson-databind-2.9.9.jar:/home/user/.m2/repository/com/fasterxml/jackson/core/jackson-core/2.9.9/jackson-core-2.9.9.jar:/home/user/.m2/repository/org/codehaus/woodstox/stax2-api/3.1.4/stax2-api-3.1.4.jar:/home/user/.m2/repository/com/fasterxml/woodstox/woodstox-core/5.0.3/woodstox-core-5.0.3.jar:/home/user/.m2/repository/dnsjava/dnsjava/2.1.7/dnsjava-2.1.7.jar:/home/user/.m2/repository/org/apache/hadoop/hadoop-hdfs/3.2.0/hadoop-hdfs-3.2.0.jar:/home/user/.m2/repository/org/eclipse/jetty/jetty-util-ajax/9.3.25.v20180904/jetty-util-ajax-9.3.25.v20180904.jar:/home/user/.m2/repository/commons-daemon/commons-daemon/1.0.13/commons-daemon-1.0.13.jar:/home/user/.m2/repository/io/netty/netty/3.10.5.Final/netty-3.10.5.Final.jar:/home/user/.m2/repository/io/netty/netty-all/4.0.52.Final/netty-all-4.0.52.Final.jar:/home/user/.m2/repository/org/fusesource/leveldbjni/leveldbjni-all/1.8/leveldbjni-all-1.8.jar:/home/user/.m2/repository/com/sun/xml/bind/jaxb-core/2.3.0.1/jaxb-core-2.3.0.1.jar:/home/user/.m2/repository/javax/xml/bind/jaxb-api/2.3.0/jaxb-api-2.3.0.jar:/home/user/.m2/repository/javax/activation/activation/1.1.1/activation-1.1.1.jar:/home/user/.m2/repository/org/openjdk/jmh/jmh-core/1.19/jmh-core-1.19.jar:/home/user/.m2/repository/net/sf/jopt-simple/jopt-simple/4.6/jopt-simple-4.6.jar:/home/user/.m2/repository/org/openjdk/jmh/jmh-generator-annprocess/1.19/jmh-generator-annprocess-1.19.jar:/home/user/.m2/repository/io/dropwizard/metrics/metrics-core/3.2.4/metrics-core-3.2.4.jar:/home/user/.m2/repository/com/amazonaws/aws-java-sdk-s3/1.11.615/aws-java-sdk-s3-1.11.615.jar:/home/user/.m2/repository/com/amazonaws/aws-java-sdk-kms/1.11.615/aws-java-sdk-kms-1.11.615.jar:/home/user/.m2/repository/com/amazonaws/aws-java-sdk-core/1.11.615/aws-java-sdk-core-1.11.615.jar:/home/user/.m2/repository/software/amazon/ion/ion-java/1.0.2/ion-java-1.0.2.jar:/home/user/.m2/repository/com/fasterxml/jackson/dataformat/jackson-dataformat-cbor/2.9.9/jackson-dataformat-cbor-2.9.9.jar:/home/user/.m2/repository/joda-time/joda-time/2.9.9/joda-time-2.9.9.jar:/home/user/.m2/repository/com/amazonaws/jmespath-java/1.11.615/jmespath-java-1.11.615.jar:/home/user/.m2/repository/com/github/spotbugs/spotbugs/3.1.12/spotbugs-3.1.12.jar:/home/user/.m2/repository/org/ow2/asm/asm/5.0.4/asm-5.0.4.jar:/home/user/.m2/repository/org/ow2/asm/asm-analysis/7.0/asm-analysis-7.0.jar:/home/user/.m2/repository/org/ow2/asm/asm-commons/7.0/asm-commons-7.0.jar:/home/user/.m2/repository/org/ow2/asm/asm-tree/7.0/asm-tree-7.0.jar:/home/user/.m2/repository/org/ow2/asm/asm-util/7.0/asm-util-7.0.jar:/home/user/.m2/repository/org/apache/bcel/bcel/6.3/bcel-6.3.jar:/home/user/.m2/repository/net/jcip/jcip-annotations/1.0/jcip-annotations-1.0.jar:/home/user/.m2/repository/org/dom4j/dom4j/2.1.1/dom4j-2.1.1.jar:/home/user/.m2/repository/jaxen/jaxen/1.1.6/jaxen-1.1.6.jar:/home/user/.m2/repository/commons-lang/commons-lang/2.6/commons-lang-2.6.jar:/home/user/.m2/repository/com/github/spotbugs/spotbugs-annotations/3.1.12/spotbugs-annotations-3.1.12.jar:/home/user/.m2/repository/junit/junit/4.11/junit-4.11.jar:/home/user/.m2/repository/org/hamcrest/hamcrest-core/1.3/hamcrest-core-1.3.jar:/home/user/.m2/repository/org/apache/hadoop/hadoop-common/3.2.0/hadoop-common-3.2.0-tests.jar:/workdir/hadoop-ozone/integration-test/target/test-classes:/home/user/.m2/repository/org/apache/hadoop/hadoop-ozone-s3gateway/0.5.0-SNAPSHOT/hadoop-ozone-s3gateway-0.5.0-SNAPSHOT.jar:/home/user/.m2/repository/org/jboss/weld/servlet/weld-servlet/2.4.7.Final/weld-servlet-2.4.7.Final.jar:/home/user/.m2/repository/org/glassfish/jersey/containers/jersey-container-servlet-core/2.27/jersey-container-servlet-core-2.27.jar:/home/user/.m2/repository/org/glassfish/hk2/external/javax.inject/2.5.0-b42/javax.inject-2.5.0-b42.jar:/home/user/.m2/repository/org/glassfish/jersey/core/jersey-common/2.27/jersey-common-2.27.jar:/home/user/.m2/repository/org/glassfish/hk2/osgi-resource-locator/1.0.1/osgi-resource-locator-1.0.1.jar:/home/user/.m2/repository/javax/ws/rs/javax.ws.rs-api/2.1/javax.ws.rs-api-2.1.jar:/home/user/.m2/repository/org/glassfish/jersey/ext/cdi/jersey-cdi1x/2.27/jersey-cdi1x-2.27.jar:/home/user/.m2/repository/org/glassfish/jersey/inject/jersey-hk2/2.27/jersey-hk2-2.27.jar:/home/user/.m2/repository/org/glassfish/hk2/hk2-locator/2.5.0-b42/hk2-locator-2.5.0-b42.jar:/home/user/.m2/repository/org/javassist/javassist/3.22.0-CR2/javassist-3.22.0-CR2.jar:/home/user/.m2/repository/org/glassfish/hk2/hk2-api/2.5.0/hk2-api-2.5.0.jar:/home/user/.m2/repository/org/glassfish/hk2/external/jakarta.inject/2.5.0/jakarta.inject-2.5.0.jar:/home/user/.m2/repository/org/glassfish/hk2/hk2-utils/2.5.0/hk2-utils-2.5.0.jar:/home/user/.m2/repository/jakarta/annotation/jakarta.annotation-api/1.3.4/jakarta.annotation-api-1.3.4.jar:/home/user/.m2/repository/org/glassfish/hk2/external/aopalliance-repackaged/2.5.0/aopalliance-repackaged-2.5.0.jar:/home/user/.m2/repository/com/fasterxml/jackson/dataformat/jackson-dataformat-xml/2.9.0/jackson-dataformat-xml-2.9.0.jar:/home/user/.m2/repository/com/fasterxml/jackson/module/jackson-module-jaxb-annotations/2.9.9/jackson-module-jaxb-annotations-2.9.9.jar:/home/user/.m2/repository/javax/enterprise/cdi-api/1.2/cdi-api-1.2.jar:/home/user/.m2/repository/javax/el/javax.el-api/3.0.0/javax.el-api-3.0.0.jar:/home/user/.m2/repository/javax/interceptor/javax.interceptor-api/1.2/javax.interceptor-api-1.2.jar:/home/user/.m2/repository/javax/inject/javax.inject/1/javax.inject-1.jar:/home/user/.m2/repository/org/apache/hadoop/hadoop-ozone-csi/0.5.0-SNAPSHOT/hadoop-ozone-csi-0.5.0-SNAPSHOT.jar:/home/user/.m2/repository/com/google/protobuf/protobuf-java-util/3.5.1/protobuf-java-util-3.5.1.jar:/home/user/.m2/repository/io/grpc/grpc-netty/1.17.1/grpc-netty-1.17.1.jar:/home/user/.m2/repository/io/grpc/grpc-core/1.17.1/grpc-core-1.17.1.jar:/home/user/.m2/repository/io/grpc/grpc-context/1.17.1/grpc-context-1.17.1.jar:/home/user/.m2/repository/com/google/errorprone/error_prone_annotations/2.2.0/error_prone_annotations-2.2.0.jar:/home/user/.m2/repository/org/codehaus/mojo/animal-sniffer-annotations/1.17/animal-sniffer-annotations-1.17.jar:/home/user/.m2/repository/io/opencensus/opencensus-api/0.17.0/opencensus-api-0.17.0.jar:/home/user/.m2/repository/io/opencensus/opencensus-contrib-grpc-metrics/0.17.0/opencensus-contrib-grpc-metrics-0.17.0.jar:/home/user/.m2/repository/io/netty/netty-codec-http2/4.1.30.Final/netty-codec-http2-4.1.30.Final.jar:/home/user/.m2/repository/io/netty/netty-codec-http/4.1.30.Final/netty-codec-http-4.1.30.Final.jar:/home/user/.m2/repository/io/netty/netty-codec/4.1.30.Final/netty-codec-4.1.30.Final.jar:/home/user/.m2/repository/io/netty/netty-handler/4.1.30.Final/netty-handler-4.1.30.Final.jar:/home/user/.m2/repository/io/netty/netty-handler-proxy/4.1.30.Final/netty-handler-proxy-4.1.30.Final.jar:/home/user/.m2/repository/io/netty/netty-codec-socks/4.1.30.Final/netty-codec-socks-4.1.30.Final.jar:/home/user/.m2/repository/io/netty/netty-transport-native-epoll/4.1.30.Final/netty-transport-native-epoll-4.1.30.Final.jar:/home/user/.m2/repository/io/netty/netty-common/4.1.30.Final/netty-common-4.1.30.Final.jar:/home/user/.m2/repository/io/netty/netty-buffer/4.1.30.Final/netty-buffer-4.1.30.Final.jar:/home/user/.m2/repository/io/netty/netty-transport/4.1.30.Final/netty-transport-4.1.30.Final.jar:/home/user/.m2/repository/io/netty/netty-resolver/4.1.30.Final/netty-resolver-4.1.30.Final.jar:/home/user/.m2/repository/io/netty/netty-transport-native-unix-common/4.1.30.Final/netty-transport-native-unix-common-4.1.30.Final.jar:/home/user/.m2/repository/io/grpc/grpc-protobuf/1.17.1/grpc-protobuf-1.17.1.jar:/home/user/.m2/repository/com/google/api/grpc/proto-google-common-protos/1.0.0/proto-google-common-protos-1.0.0.jar:/home/user/.m2/repository/io/grpc/grpc-protobuf-lite/1.17.1/grpc-protobuf-lite-1.17.1.jar:/home/user/.m2/repository/io/grpc/grpc-stub/1.17.1/grpc-stub-1.17.1.jar:/home/user/.m2/repository/org/apache/hadoop/hadoop-ozone-recon/0.5.0-SNAPSHOT/hadoop-ozone-recon-0.5.0-SNAPSHOT.jar:/home/user/.m2/repository/org/apache/hadoop/hadoop-ozone-reconcodegen/0.5.0-SNAPSHOT/hadoop-ozone-reconcodegen-0.5.0-SNAPSHOT.jar:/home/user/.m2/repository/com/google/inject/extensions/guice-multibindings/4.0/guice-multibindings-4.0.jar:/home/user/.m2/repository/com/google/inject/guice/4.0/guice-4.0.jar:/home/user/.m2/repository/aopalliance/aopalliance/1.0/aopalliance-1.0.jar:/home/user/.m2/repository/com/google/inject/extensions/guice-servlet/4.0/guice-servlet-4.0.jar:/home/user/.m2/repository/org/glassfish/jersey/containers/jersey-container-servlet/2.27/jersey-container-servlet-2.27.jar:/home/user/.m2/repository/org/glassfish/hk2/guice-bridge/2.5.0/guice-bridge-2.5.0.jar:/home/user/.m2/repository/org/glassfish/jersey/core/jersey-server/2.27/jersey-server-2.27.jar:/home/user/.m2/repository/org/glassfish/jersey/core/jersey-client/2.27/jersey-client-2.27.jar:/home/user/.m2/repository/org/glassfish/jersey/media/jersey-media-jaxb/2.27/jersey-media-jaxb-2.27.jar:/home/user/.m2/repository/javax/validation/validation-api/1.1.0.Final/validation-api-1.1.0.Final.jar:/home/user/.m2/repository/org/glassfish/jersey/media/jersey-media-json-jackson/2.27/jersey-media-json-jackson-2.27.jar:/home/user/.m2/repository/org/glassfish/jersey/ext/jersey-entity-filtering/2.27/jersey-entity-filtering-2.27.jar:/home/user/.m2/repository/com/google/inject/extensions/guice-assistedinject/4.0/guice-assistedinject-4.0.jar:/home/user/.m2/repository/org/jooq/jooq/3.11.10/jooq-3.11.10.jar:/home/user/.m2/repository/org/jooq/jooq-meta/3.11.10/jooq-meta-3.11.10.jar:/home/user/.m2/repository/org/jooq/jooq-codegen/3.11.10/jooq-codegen-3.11.10.jar:/home/user/.m2/repository/com/jolbox/bonecp/0.8.0.RELEASE/bonecp-0.8.0.RELEASE.jar:/home/user/.m2/repository/org/springframework/spring-jdbc/5.1.3.RELEASE/spring-jdbc-5.1.3.RELEASE.jar:/home/user/.m2/repository/org/springframework/spring-beans/5.1.3.RELEASE/spring-beans-5.1.3.RELEASE.jar:/home/user/.m2/repository/org/springframework/spring-core/5.1.3.RELEASE/spring-core-5.1.3.RELEASE.jar:/home/user/.m2/repository/org/springframework/spring-jcl/5.1.3.RELEASE/spring-jcl-5.1.3.RELEASE.jar:/home/user/.m2/repository/org/springframework/spring-tx/5.1.3.RELEASE/spring-tx-5.1.3.RELEASE.jar:/home/user/.m2/repository/org/mockito/mockito-core/2.15.0/mockito-core-2.15.0.jar:/home/user/.m2/repository/net/bytebuddy/byte-buddy/1.7.9/byte-buddy-1.7.9.jar:/home/user/.m2/repository/net/bytebuddy/byte-buddy-agent/1.7.9/byte-buddy-agent-1.7.9.jar:/home/user/.m2/repository/org/objenesis/objenesis/1.0/objenesis-1.0.jar:"/>
    <property name="sun.cpu.endian" value="little"/>
    <property name="user.home" value="/home/user"/>
    <property name="user.language" value="en"/>
    <property name="java.specification.vendor" value="Oracle Corporation"/>
    <property name="java.home" value="/usr/lib/jvm/java-1.8.0-openjdk-1.8.0.222.b10-1.el7_7.x86_64/jre"/>
    <property name="surefire.excludesFile" value="/tools/ozone-bad-unit-tests"/>
    <property name="java.security.krb5.conf" value="/workdir/hadoop-ozone/tools/target/test-classes/krb5.conf"/>
    <property name="basedir" value="/workdir/hadoop-ozone/tools"/>
    <property name="file.separator" value="/"/>
    <property name="line.separator" value="&#10;"/>
    <property name="java.vm.specification.vendor" value="Oracle Corporation"/>
    <property name="java.specification.name" value="Java Platform API Specification"/>
    <property name="java.awt.graphicsenv" value="sun.awt.X11GraphicsEnvironment"/>
    <property name="surefire.real.class.path" value="/workdir/hadoop-ozone/tools/target/surefire/surefirebooter4837952839086247978.jar"/>
    <property name="hadoop.log.dir" value="/workdir/hadoop-ozone/tools/target/log"/>
    <property name="sun.boot.class.path" value="/usr/lib/jvm/java-1.8.0-openjdk-1.8.0.222.b10-1.el7_7.x86_64/jre/lib/resources.jar:/usr/lib/jvm/java-1.8.0-openjdk-1.8.0.222.b10-1.el7_7.x86_64/jre/lib/rt.jar:/usr/lib/jvm/java-1.8.0-openjdk-1.8.0.222.b10-1.el7_7.x86_64/jre/lib/sunrsasign.jar:/usr/lib/jvm/java-1.8.0-openjdk-1.8.0.222.b10-1.el7_7.x86_64/jre/lib/jsse.jar:/usr/lib/jvm/java-1.8.0-openjdk-1.8.0.222.b10-1.el7_7.x86_64/jre/lib/jce.jar:/usr/lib/jvm/java-1.8.0-openjdk-1.8.0.222.b10-1.el7_7.x86_64/jre/lib/charsets.jar:/usr/lib/jvm/java-1.8.0-openjdk-1.8.0.222.b10-1.el7_7.x86_64/jre/lib/jfr.jar:/usr/lib/jvm/java-1.8.0-openjdk-1.8.0.222.b10-1.el7_7.x86_64/jre/classes"/>
    <property name="sun.management.compiler" value="HotSpot 64-Bit Tiered Compilers"/>
    <property name="java.runtime.version" value="1.8.0_222-b10"/>
    <property name="java.net.preferIPv4Stack" value="true"/>
    <property name="user.name" value="jenkins1000"/>
    <property name="path.separator" value=":"/>
    <property name="java.security.egd" value="file:///dev/urandom"/>
    <property name="os.version" value="3.10.0-957.12.2.el7.x86_64"/>
    <property name="java.endorsed.dirs" value="/usr/lib/jvm/java-1.8.0-openjdk-1.8.0.222.b10-1.el7_7.x86_64/jre/lib/endorsed"/>
    <property name="java.runtime.name" value="OpenJDK Runtime Environment"/>
    <property name="file.encoding" value="ANSI_X3.4-1968"/>
    <property name="java.vm.name" value="OpenJDK 64-Bit Server VM"/>
    <property name="test.build.webapps" value=""/>
    <property name="localRepository" value="/home/user/.m2/repository"/>
    <property name="java.vendor.url.bug" value="http://bugreport.sun.com/bugreport/"/>
    <property name="java.io.tmpdir" value="/tmp"/>
    <property name="require.test.libhadoop" value=""/>
    <property name="java.version" value="1.8.0_222"/>
    <property name="user.dir" value="/workdir/hadoop-ozone/tools"/>
    <property name="os.arch" value="amd64"/>
    <property name="java.vm.specification.name" value="Java Virtual Machine Specification"/>
    <property name="test.build.classes" value="/workdir/hadoop-ozone/tools/target/test-classes"/>
    <property name="java.awt.printerjob" value="sun.print.PSPrinterJob"/>
    <property name="sun.os.patch.level" value="unknown"/>
    <property name="hadoop.tmp.dir" value="/workdir/hadoop-ozone/tools/target/tmp"/>
    <property name="java.library.path" value="/usr/lib:/workdir/hadoop-ozone/tools/target/native/target/usr/local/lib:/workdir/hadoop-ozone/tools/../../hadoop-common-project/hadoop-common/target/native/target/usr/local/lib:/usr/java/packages/lib/amd64:/usr/lib64:/lib64:/lib:/usr/lib"/>
    <property name="java.vm.info" value="mixed mode"/>
    <property name="java.vendor" value="Oracle Corporation"/>
    <property name="java.vm.version" value="25.222-b10"/>
    <property name="java.ext.dirs" value="/usr/lib/jvm/java-1.8.0-openjdk-1.8.0.222.b10-1.el7_7.x86_64/jre/lib/ext:/usr/java/packages/lib/ext"/>
    <property name="sun.io.unicode.encoding" value="UnicodeLittle"/>
    <property name="java.class.version" value="52.0"/>
  </properties>
  <testcase name="testRestart" classname="org.apache.hadoop.ozone.freon.TestFreonWithPipelineDestroy" time="18.511">
    <error message="INTERNAL_ERROR org.apache.hadoop.ozone.om.exceptions.OMException: Allocated 0 blocks. Requested 5 blocks" type="java.lang.RuntimeException">java.lang.RuntimeException: INTERNAL_ERROR org.apache.hadoop.ozone.om.exceptions.OMException: Allocated 0 blocks. Requested 5 blocks
	at org.apache.hadoop.ozone.freon.RandomKeyGenerator.call(RandomKeyGenerator.java:341)
	at org.apache.hadoop.ozone.freon.TestFreonWithPipelineDestroy.startFreon(TestFreonWithPipelineDestroy.java:87)
	at org.apache.hadoop.ozone.freon.TestFreonWithPipelineDestroy.testRestart(TestFreonWithPipelineDestroy.java:74)
	at sun.reflect.NativeMethodAccessorImpl.invoke0(Native Method)
	at sun.reflect.NativeMethodAccessorImpl.invoke(NativeMethodAccessorImpl.java:62)
	at sun.reflect.DelegatingMethodAccessorImpl.invoke(DelegatingMethodAccessorImpl.java:43)
	at java.lang.reflect.Method.invoke(Method.java:498)
	at org.junit.runners.model.FrameworkMethod$1.runReflectiveCall(FrameworkMethod.java:47)
	at org.junit.internal.runners.model.ReflectiveCallable.run(ReflectiveCallable.java:12)
	at org.junit.runners.model.FrameworkMethod.invokeExplosively(FrameworkMethod.java:44)
	at org.junit.internal.runners.statements.InvokeMethod.evaluate(InvokeMethod.java:17)
	at org.junit.runners.ParentRunner.runLeaf(ParentRunner.java:271)
	at org.junit.runners.BlockJUnit4ClassRunner.runChild(BlockJUnit4ClassRunner.java:70)
	at org.junit.runners.BlockJUnit4ClassRunner.runChild(BlockJUnit4ClassRunner.java:50)
	at org.junit.runners.ParentRunner$3.run(ParentRunner.java:238)
	at org.junit.runners.ParentRunner$1.schedule(ParentRunner.java:63)
	at org.junit.runners.ParentRunner.runChildren(ParentRunner.java:236)
	at org.junit.runners.ParentRunner.access$000(ParentRunner.java:53)
	at org.junit.runners.ParentRunner$2.evaluate(ParentRunner.java:229)
	at org.junit.internal.runners.statements.RunBefores.evaluate(RunBefores.java:26)
	at org.junit.internal.runners.statements.RunAfters.evaluate(RunAfters.java:27)
	at org.junit.runners.ParentRunner.run(ParentRunner.java:309)
	at org.apache.maven.surefire.junit4.JUnit4Provider.execute(JUnit4Provider.java:365)
	at org.apache.maven.surefire.junit4.JUnit4Provider.executeWithRerun(JUnit4Provider.java:273)
	at org.apache.maven.surefire.junit4.JUnit4Provider.executeTestSet(JUnit4Provider.java:238)
	at org.apache.maven.surefire.junit4.JUnit4Provider.invoke(JUnit4Provider.java:159)
	at org.apache.maven.surefire.booter.ForkedBooter.invokeProviderInSameClassLoader(ForkedBooter.java:384)
	at org.apache.maven.surefire.booter.ForkedBooter.runSuitesInProcess(ForkedBooter.java:345)
	at org.apache.maven.surefire.booter.ForkedBooter.execute(ForkedBooter.java:126)
	at org.apache.maven.surefire.booter.ForkedBooter.main(ForkedBooter.java:418)
Caused by: INTERNAL_ERROR org.apache.hadoop.ozone.om.exceptions.OMException: Allocated 0 blocks. Requested 5 blocks
	at org.apache.hadoop.ozone.om.protocolPB.OzoneManagerProtocolClientSideTranslatorPB.handleError(OzoneManagerProtocolClientSideTranslatorPB.java:761)
	at org.apache.hadoop.ozone.om.protocolPB.OzoneManagerProtocolClientSideTranslatorPB.openKey(OzoneManagerProtocolClientSideTranslatorPB.java:752)
	at sun.reflect.NativeMethodAccessorImpl.invoke0(Native Method)
	at sun.reflect.NativeMethodAccessorImpl.invoke(NativeMethodAccessorImpl.java:62)
	at sun.reflect.DelegatingMethodAccessorImpl.invoke(DelegatingMethodAccessorImpl.java:43)
	at java.lang.reflect.Method.invoke(Method.java:498)
	at org.apache.hadoop.hdds.tracing.TraceAllMethod.invoke(TraceAllMethod.java:66)
	at com.sun.proxy.$Proxy37.openKey(Unknown Source)
	at org.apache.hadoop.ozone.client.rpc.RpcClient.createKey(RpcClient.java:633)
	at org.apache.hadoop.ozone.client.OzoneBucket.createKey(OzoneBucket.java:325)
	at org.apache.hadoop.ozone.freon.RandomKeyGenerator.createKey(RandomKeyGenerator.java:697)
	at org.apache.hadoop.ozone.freon.RandomKeyGenerator.access$1100(RandomKeyGenerator.java:88)
	at org.apache.hadoop.ozone.freon.RandomKeyGenerator$ObjectCreator.run(RandomKeyGenerator.java:615)
	at java.util.concurrent.Executors$RunnableAdapter.call(Executors.java:511)
	at java.util.concurrent.FutureTask.run(FutureTask.java:266)
	at java.util.concurrent.ThreadPoolExecutor.runWorker(ThreadPoolExecutor.java:1149)
	at java.util.concurrent.ThreadPoolExecutor$Worker.run(ThreadPoolExecutor.java:624)
	at java.lang.Thread.run(Thread.java:748)
</error>
    <system-out><![CDATA[2019-11-16 18:48:46,592 [main] WARN  server.ServerUtils (ServerUtils.java:getScmDbDir(145)) - ozone.scm.db.dirs is not configured. We recommend adding this setting. Falling back to ozone.metadata.dirs instead.
2019-11-16 18:48:46,756 [main] WARN  server.ServerUtils (ServerUtils.java:getScmDbDir(145)) - ozone.scm.db.dirs is not configured. We recommend adding this setting. Falling back to ozone.metadata.dirs instead.
2019-11-16 18:48:46,760 [main] WARN  server.ServerUtils (ServerUtils.java:getScmDbDir(145)) - ozone.scm.db.dirs is not configured. We recommend adding this setting. Falling back to ozone.metadata.dirs instead.
2019-11-16 18:48:46,786 [main] INFO  util.log (Log.java:initialized(192)) - Logging initialized @933ms
2019-11-16 18:48:46,917 [main] INFO  db.DBStoreBuilder (DBStoreBuilder.java:addTable(127)) - using custom profile for table: deletedBlocks
2019-11-16 18:48:46,917 [main] INFO  db.DBStoreBuilder (DBStoreBuilder.java:processTables(183)) - Using default column profile:DBProfile.DISK for Table:deletedBlocks
2019-11-16 18:48:46,917 [main] INFO  db.DBStoreBuilder (DBStoreBuilder.java:addTable(127)) - using custom profile for table: validCerts
2019-11-16 18:48:46,918 [main] INFO  db.DBStoreBuilder (DBStoreBuilder.java:processTables(183)) - Using default column profile:DBProfile.DISK for Table:validCerts
2019-11-16 18:48:46,918 [main] INFO  db.DBStoreBuilder (DBStoreBuilder.java:addTable(127)) - using custom profile for table: revokedCerts
2019-11-16 18:48:46,918 [main] INFO  db.DBStoreBuilder (DBStoreBuilder.java:processTables(183)) - Using default column profile:DBProfile.DISK for Table:revokedCerts
2019-11-16 18:48:46,931 [main] INFO  db.DBStoreBuilder (DBStoreBuilder.java:addTable(127)) - using custom profile for table: default
2019-11-16 18:48:46,931 [main] INFO  db.DBStoreBuilder (DBStoreBuilder.java:processTables(189)) - Using default column profile:DBProfile.DISK for Table:default
2019-11-16 18:48:46,933 [main] INFO  db.DBStoreBuilder (DBStoreBuilder.java:getDbProfile(220)) - Using default options. DBProfile.DISK
2019-11-16 18:48:47,194 [main] INFO  net.NodeSchemaLoader (NodeSchemaLoader.java:loadSchemaFromFile(125)) - Loading file from sun.misc.CompoundEnumeration@5e0e82ae
2019-11-16 18:48:47,196 [main] INFO  net.NodeSchemaLoader (NodeSchemaLoader.java:loadSchema(171)) - Loading network topology layer schema file
2019-11-16 18:48:47,257 [main] INFO  node.SCMNodeManager (SCMNodeManager.java:<init>(116)) - Entering startup safe mode.
2019-11-16 18:48:47,330 [main] INFO  algorithms.ContainerPlacementPolicyFactory (ContainerPlacementPolicyFactory.java:getPolicy(57)) - Create container placement policy of type org.apache.hadoop.hdds.scm.container.placement.algorithms.SCMContainerPlacementRandom
2019-11-16 18:48:47,345 [main] WARN  server.ServerUtils (ServerUtils.java:getScmDbDir(145)) - ozone.scm.db.dirs is not configured. We recommend adding this setting. Falling back to ozone.metadata.dirs instead.
2019-11-16 18:48:47,447 [main] INFO  pipeline.SCMPipelineManager (SCMPipelineManager.java:initializePipelineState(136)) - No pipeline exists in current db
2019-11-16 18:48:47,450 [main] WARN  server.ServerUtils (ServerUtils.java:getScmDbDir(145)) - ozone.scm.db.dirs is not configured. We recommend adding this setting. Falling back to ozone.metadata.dirs instead.
2019-11-16 18:48:47,616 [main] INFO  safemode.HealthyPipelineSafeModeRule (HealthyPipelineSafeModeRule.java:<init>(92)) -  Total pipeline count is 0, healthy pipeline threshold count is 1
2019-11-16 18:48:47,620 [main] INFO  safemode.OneReplicaPipelineSafeModeRule (OneReplicaPipelineSafeModeRule.java:<init>(79)) - Total pipeline count is 0, pipeline's with at least one datanode reported threshold count is 0
2019-11-16 18:48:47,620 [main] WARN  events.EventQueue (EventQueue.java:fireEvent(183)) - No event handler registered for event TypedEvent{payloadType=SafeModeStatus, name='SafeModeStatus'}
2019-11-16 18:48:47,985 [main] INFO  ipc.CallQueueManager (CallQueueManager.java:<init>(84)) - Using callQueue: class java.util.concurrent.LinkedBlockingQueue, queueCapacity: 2000, scheduler: class org.apache.hadoop.ipc.DefaultRpcScheduler, ipcBackoff: false.
2019-11-16 18:48:48,112 [Socket Reader #1 for port 41267] INFO  ipc.Server (Server.java:run(1074)) - Starting Socket Reader #1 for port 41267
2019-11-16 18:48:48,142 [main] INFO  ipc.CallQueueManager (CallQueueManager.java:<init>(84)) - Using callQueue: class java.util.concurrent.LinkedBlockingQueue, queueCapacity: 2000, scheduler: class org.apache.hadoop.ipc.DefaultRpcScheduler, ipcBackoff: false.
2019-11-16 18:48:48,143 [Socket Reader #1 for port 42803] INFO  ipc.Server (Server.java:run(1074)) - Starting Socket Reader #1 for port 42803
2019-11-16 18:48:48,151 [main] INFO  ipc.CallQueueManager (CallQueueManager.java:<init>(84)) - Using callQueue: class java.util.concurrent.LinkedBlockingQueue, queueCapacity: 2000, scheduler: class org.apache.hadoop.ipc.DefaultRpcScheduler, ipcBackoff: false.
2019-11-16 18:48:48,152 [Socket Reader #1 for port 39810] INFO  ipc.Server (Server.java:run(1074)) - Starting Socket Reader #1 for port 39810
2019-11-16 18:48:48,177 [main] INFO  hdfs.DFSUtil (DFSUtil.java:httpServerTemplateForNNAndJN(1641)) - Starting Web-server for scm at: http://0.0.0.0:0
2019-11-16 18:48:48,355 [main] INFO  server.AuthenticationFilter (AuthenticationFilter.java:constructSecretProvider(240)) - Unable to initialize FileSignerSecretProvider, falling back to use random secrets.
2019-11-16 18:48:48,374 [main] WARN  http.HttpRequestLog (HttpRequestLog.java:getRequestLog(97)) - Jetty request log can only be enabled using Log4j
2019-11-16 18:48:48,384 [main] INFO  http.HttpServer2 (HttpServer2.java:addGlobalFilter(975)) - Added global filter 'safety' (class=org.apache.hadoop.http.HttpServer2$QuotingInputFilter)
2019-11-16 18:48:48,387 [main] INFO  http.HttpServer2 (HttpServer2.java:addFilter(948)) - Added filter static_user_filter (class=org.apache.hadoop.http.lib.StaticUserWebFilter$StaticUserFilter) to context scm
2019-11-16 18:48:48,387 [main] INFO  http.HttpServer2 (HttpServer2.java:addFilter(958)) - Added filter static_user_filter (class=org.apache.hadoop.http.lib.StaticUserWebFilter$StaticUserFilter) to context static
2019-11-16 18:48:48,387 [main] INFO  http.HttpServer2 (HttpServer2.java:addFilter(958)) - Added filter static_user_filter (class=org.apache.hadoop.http.lib.StaticUserWebFilter$StaticUserFilter) to context logs
2019-11-16 18:48:48,416 [main] INFO  server.StorageContainerManager (StorageContainerManager.java:start(765)) - StorageContainerLocationProtocol RPC server is listening at /0.0.0.0:39810
2019-11-16 18:48:48,466 [main] WARN  impl.MetricsConfig (MetricsConfig.java:loadFirst(134)) - Cannot locate configuration: tried hadoop-metrics2-storagecontainermanager.properties,hadoop-metrics2.properties
2019-11-16 18:48:48,479 [main] INFO  impl.MetricsSystemImpl (MetricsSystemImpl.java:startTimer(374)) - Scheduled Metric snapshot period at 10 second(s).
2019-11-16 18:48:48,479 [main] INFO  impl.MetricsSystemImpl (MetricsSystemImpl.java:start(191)) - StorageContainerManager metrics system started
2019-11-16 18:48:48,691 [main] INFO  server.SCMClientProtocolServer (SCMClientProtocolServer.java:start(160)) - RPC server for Client  is listening at /0.0.0.0:39810
2019-11-16 18:48:48,692 [IPC Server Responder] INFO  ipc.Server (Server.java:run(1314)) - IPC Server Responder: starting
2019-11-16 18:48:48,692 [IPC Server listener on 39810] INFO  ipc.Server (Server.java:run(1153)) - IPC Server listener on 39810: starting
2019-11-16 18:48:48,695 [main] INFO  server.StorageContainerManager (StorageContainerManager.java:start(775)) - ScmBlockLocationProtocol RPC server is listening at /0.0.0.0:42803
2019-11-16 18:48:48,695 [main] INFO  server.SCMBlockProtocolServer (SCMBlockProtocolServer.java:start(146)) - RPC server for Block Protocol is listening at /0.0.0.0:42803
2019-11-16 18:48:48,696 [IPC Server Responder] INFO  ipc.Server (Server.java:run(1314)) - IPC Server Responder: starting
2019-11-16 18:48:48,696 [IPC Server listener on 42803] INFO  ipc.Server (Server.java:run(1153)) - IPC Server listener on 42803: starting
2019-11-16 18:48:48,698 [main] INFO  server.StorageContainerManager (StorageContainerManager.java:start(779)) - ScmDatanodeProtocl RPC server is listening at /0.0.0.0:41267
2019-11-16 18:48:48,699 [main] INFO  server.SCMDatanodeProtocolServer (SCMDatanodeProtocolServer.java:start(177)) - RPC server for DataNodes is listening at /0.0.0.0:41267
2019-11-16 18:48:48,699 [IPC Server Responder] INFO  ipc.Server (Server.java:run(1314)) - IPC Server Responder: starting
2019-11-16 18:48:48,700 [IPC Server listener on 41267] INFO  ipc.Server (Server.java:run(1153)) - IPC Server listener on 41267: starting
2019-11-16 18:48:48,703 [main] INFO  http.HttpServer2 (HttpServer2.java:bindListener(1191)) - Jetty bound to port 33798
2019-11-16 18:48:48,705 [main] INFO  server.Server (Server.java:doStart(351)) - jetty-9.3.25.v20180904, build timestamp: 2018-09-04T21:11:46Z, git hash: 3ce520221d0240229c862b122d2b06c12a625732
2019-11-16 18:48:48,739 [main] INFO  handler.ContextHandler (ContextHandler.java:doStart(781)) - Started o.e.j.s.ServletContextHandler@4218500f{/logs,file:///workdir/hadoop-ozone/tools/target/log,AVAILABLE}
2019-11-16 18:48:48,739 [main] INFO  handler.ContextHandler (ContextHandler.java:doStart(781)) - Started o.e.j.s.ServletContextHandler@c2db68f{/static,jar:file:/home/user/.m2/repository/org/apache/hadoop/hadoop-hdds-server-scm/0.5.0-SNAPSHOT/hadoop-hdds-server-scm-0.5.0-SNAPSHOT.jar!/webapps/static,AVAILABLE}
2019-11-16 18:48:48,811 [main] INFO  handler.ContextHandler (ContextHandler.java:doStart(781)) - Started o.e.j.w.WebAppContext@37cd92d6{/,file:///tmp/jetty-0.0.0.0-33798-scm-_-any-9072486306696476142.dir/webapp/,AVAILABLE}{/scm}
2019-11-16 18:48:48,816 [main] INFO  server.AbstractConnector (AbstractConnector.java:doStart(278)) - Started ServerConnector@7e0aadd0{HTTP/1.1,[http/1.1]}{0.0.0.0:33798}
2019-11-16 18:48:48,817 [main] INFO  server.Server (Server.java:doStart(419)) - Started @2964ms
2019-11-16 18:48:48,819 [main] INFO  impl.MetricsSinkAdapter (MetricsSinkAdapter.java:start(204)) - Sink prometheus started
2019-11-16 18:48:48,819 [main] INFO  impl.MetricsSystemImpl (MetricsSystemImpl.java:registerSink(301)) - Registered sink prometheus
2019-11-16 18:48:48,821 [main] INFO  server.BaseHttpServer (BaseHttpServer.java:updateConnectorAddress(215)) - HTTP server of SCM is listening at http://0.0.0.0:33798
2019-11-16 18:48:48,830 [org.apache.hadoop.util.JvmPauseMonitor$Monitor@2f66e802] INFO  util.JvmPauseMonitor (JvmPauseMonitor.java:run(188)) - Starting JVM pause monitor
2019-11-16 18:48:48,836 [main] WARN  server.ServerUtils (ServerUtils.java:getDBPath(222)) - ozone.om.db.dirs is not configured. We recommend adding this setting. Falling back to ozone.metadata.dirs instead.
2019-11-16 18:48:48,961 [main] INFO  ha.OMHANodeDetails (OMHANodeDetails.java:loadOMHAConfig(190)) - Configuration either no ozone.om.address set. Falling back to the default OM address /127.0.0.1:0
2019-11-16 18:48:48,961 [main] INFO  ha.OMHANodeDetails (OMHANodeDetails.java:getOMNodeDetails(220)) - OM Service ID is not set. Setting it to the default ID: omServiceIdDefault
2019-11-16 18:48:48,963 [main] WARN  server.ServerUtils (ServerUtils.java:getDBPath(222)) - ozone.om.db.dirs is not configured. We recommend adding this setting. Falling back to ozone.metadata.dirs instead.
2019-11-16 18:48:48,964 [main] WARN  server.ServerUtils (ServerUtils.java:getDBPath(222)) - ozone.om.db.dirs is not configured. We recommend adding this setting. Falling back to ozone.metadata.dirs instead.
2019-11-16 18:48:49,659 [main] WARN  server.ServerUtils (ServerUtils.java:getDBPath(222)) - ozone.om.db.dirs is not configured. We recommend adding this setting. Falling back to ozone.metadata.dirs instead.
2019-11-16 18:48:49,667 [main] INFO  db.DBStoreBuilder (DBStoreBuilder.java:addTable(127)) - using custom profile for table: userTable
2019-11-16 18:48:49,667 [main] INFO  db.DBStoreBuilder (DBStoreBuilder.java:processTables(183)) - Using default column profile:DBProfile.DISK for Table:userTable
2019-11-16 18:48:49,668 [main] INFO  db.DBStoreBuilder (DBStoreBuilder.java:addTable(127)) - using custom profile for table: volumeTable
2019-11-16 18:48:49,668 [main] INFO  db.DBStoreBuilder (DBStoreBuilder.java:processTables(183)) - Using default column profile:DBProfile.DISK for Table:volumeTable
2019-11-16 18:48:49,668 [main] INFO  db.DBStoreBuilder (DBStoreBuilder.java:addTable(127)) - using custom profile for table: bucketTable
2019-11-16 18:48:49,668 [main] INFO  db.DBStoreBuilder (DBStoreBuilder.java:processTables(183)) - Using default column profile:DBProfile.DISK for Table:bucketTable
2019-11-16 18:48:49,669 [main] INFO  db.DBStoreBuilder (DBStoreBuilder.java:addTable(127)) - using custom profile for table: keyTable
2019-11-16 18:48:49,669 [main] INFO  db.DBStoreBuilder (DBStoreBuilder.java:processTables(183)) - Using default column profile:DBProfile.DISK for Table:keyTable
2019-11-16 18:48:49,669 [main] INFO  db.DBStoreBuilder (DBStoreBuilder.java:addTable(127)) - using custom profile for table: deletedTable
2019-11-16 18:48:49,669 [main] INFO  db.DBStoreBuilder (DBStoreBuilder.java:processTables(183)) - Using default column profile:DBProfile.DISK for Table:deletedTable
2019-11-16 18:48:49,670 [main] INFO  db.DBStoreBuilder (DBStoreBuilder.java:addTable(127)) - using custom profile for table: openKeyTable
2019-11-16 18:48:49,670 [main] INFO  db.DBStoreBuilder (DBStoreBuilder.java:processTables(183)) - Using default column profile:DBProfile.DISK for Table:openKeyTable
2019-11-16 18:48:49,670 [main] INFO  db.DBStoreBuilder (DBStoreBuilder.java:addTable(127)) - using custom profile for table: s3Table
2019-11-16 18:48:49,670 [main] INFO  db.DBStoreBuilder (DBStoreBuilder.java:processTables(183)) - Using default column profile:DBProfile.DISK for Table:s3Table
2019-11-16 18:48:49,671 [main] INFO  db.DBStoreBuilder (DBStoreBuilder.java:addTable(127)) - using custom profile for table: multipartInfoTable
2019-11-16 18:48:49,671 [main] INFO  db.DBStoreBuilder (DBStoreBuilder.java:processTables(183)) - Using default column profile:DBProfile.DISK for Table:multipartInfoTable
2019-11-16 18:48:49,671 [main] INFO  db.DBStoreBuilder (DBStoreBuilder.java:addTable(127)) - using custom profile for table: dTokenTable
2019-11-16 18:48:49,671 [main] INFO  db.DBStoreBuilder (DBStoreBuilder.java:processTables(183)) - Using default column profile:DBProfile.DISK for Table:dTokenTable
2019-11-16 18:48:49,672 [main] INFO  db.DBStoreBuilder (DBStoreBuilder.java:addTable(127)) - using custom profile for table: s3SecretTable
2019-11-16 18:48:49,672 [main] INFO  db.DBStoreBuilder (DBStoreBuilder.java:processTables(183)) - Using default column profile:DBProfile.DISK for Table:s3SecretTable
2019-11-16 18:48:49,672 [main] INFO  db.DBStoreBuilder (DBStoreBuilder.java:addTable(127)) - using custom profile for table: prefixTable
2019-11-16 18:48:49,672 [main] INFO  db.DBStoreBuilder (DBStoreBuilder.java:processTables(183)) - Using default column profile:DBProfile.DISK for Table:prefixTable
2019-11-16 18:48:49,673 [main] INFO  db.DBStoreBuilder (DBStoreBuilder.java:addTable(127)) - using custom profile for table: default
2019-11-16 18:48:49,673 [main] INFO  db.DBStoreBuilder (DBStoreBuilder.java:processTables(189)) - Using default column profile:DBProfile.DISK for Table:default
2019-11-16 18:48:49,673 [main] INFO  db.DBStoreBuilder (DBStoreBuilder.java:getDbProfile(220)) - Using default options. DBProfile.DISK
2019-11-16 18:48:50,201 [main] INFO  ipc.CallQueueManager (CallQueueManager.java:<init>(84)) - Using callQueue: class java.util.concurrent.LinkedBlockingQueue, queueCapacity: 2000, scheduler: class org.apache.hadoop.ipc.DefaultRpcScheduler, ipcBackoff: false.
2019-11-16 18:48:50,203 [Socket Reader #1 for port 45471] INFO  ipc.Server (Server.java:run(1074)) - Starting Socket Reader #1 for port 45471
2019-11-16 18:48:50,228 [main] INFO  om.OzoneManager (OzoneManager.java:start(1077)) - OzoneManager RPC server is listening at localhost/127.0.0.1:45471
2019-11-16 18:48:50,228 [main] INFO  impl.MetricsSystemImpl (MetricsSystemImpl.java:init(158)) - OzoneManager metrics system started (again)
2019-11-16 18:48:50,236 [IPC Server Responder] INFO  ipc.Server (Server.java:run(1314)) - IPC Server Responder: starting
2019-11-16 18:48:50,237 [IPC Server listener on 45471] INFO  ipc.Server (Server.java:run(1153)) - IPC Server listener on 45471: starting
2019-11-16 18:48:50,243 [main] INFO  hdfs.DFSUtil (DFSUtil.java:httpServerTemplateForNNAndJN(1641)) - Starting Web-server for ozoneManager at: http://0.0.0.0:0
2019-11-16 18:48:50,246 [main] INFO  server.AuthenticationFilter (AuthenticationFilter.java:constructSecretProvider(240)) - Unable to initialize FileSignerSecretProvider, falling back to use random secrets.
2019-11-16 18:48:50,247 [main] WARN  http.HttpRequestLog (HttpRequestLog.java:getRequestLog(97)) - Jetty request log can only be enabled using Log4j
2019-11-16 18:48:50,250 [main] INFO  http.HttpServer2 (HttpServer2.java:addGlobalFilter(975)) - Added global filter 'safety' (class=org.apache.hadoop.http.HttpServer2$QuotingInputFilter)
2019-11-16 18:48:50,252 [main] INFO  http.HttpServer2 (HttpServer2.java:addFilter(948)) - Added filter static_user_filter (class=org.apache.hadoop.http.lib.StaticUserWebFilter$StaticUserFilter) to context ozoneManager
2019-11-16 18:48:50,252 [main] INFO  http.HttpServer2 (HttpServer2.java:addFilter(958)) - Added filter static_user_filter (class=org.apache.hadoop.http.lib.StaticUserWebFilter$StaticUserFilter) to context static
2019-11-16 18:48:50,253 [main] INFO  http.HttpServer2 (HttpServer2.java:addFilter(958)) - Added filter static_user_filter (class=org.apache.hadoop.http.lib.StaticUserWebFilter$StaticUserFilter) to context logs
2019-11-16 18:48:50,256 [main] INFO  http.HttpServer2 (HttpServer2.java:bindListener(1191)) - Jetty bound to port 36613
2019-11-16 18:48:50,256 [main] INFO  server.Server (Server.java:doStart(351)) - jetty-9.3.25.v20180904, build timestamp: 2018-09-04T21:11:46Z, git hash: 3ce520221d0240229c862b122d2b06c12a625732
2019-11-16 18:48:50,260 [main] INFO  handler.ContextHandler (ContextHandler.java:doStart(781)) - Started o.e.j.s.ServletContextHandler@7e46d648{/logs,file:///workdir/hadoop-ozone/tools/target/log,AVAILABLE}
2019-11-16 18:48:50,261 [main] INFO  handler.ContextHandler (ContextHandler.java:doStart(781)) - Started o.e.j.s.ServletContextHandler@2b0b4d53{/static,jar:file:/home/user/.m2/repository/org/apache/hadoop/hadoop-ozone-ozone-manager/0.5.0-SNAPSHOT/hadoop-ozone-ozone-manager-0.5.0-SNAPSHOT.jar!/webapps/static,AVAILABLE}
2019-11-16 18:48:50,336 [main] INFO  handler.ContextHandler (ContextHandler.java:doStart(781)) - Started o.e.j.w.WebAppContext@4bee18dc{/,file:///tmp/jetty-0.0.0.0-36613-ozoneManager-_-any-2469467044076530006.dir/webapp/,AVAILABLE}{/ozoneManager}
2019-11-16 18:48:50,337 [main] INFO  server.AbstractConnector (AbstractConnector.java:doStart(278)) - Started ServerConnector@44f3fe83{HTTP/1.1,[http/1.1]}{0.0.0.0:36613}
2019-11-16 18:48:50,338 [main] INFO  server.Server (Server.java:doStart(419)) - Started @4484ms
2019-11-16 18:48:50,338 [main] WARN  impl.MetricsSystemImpl (MetricsSystemImpl.java:register(276)) - Sink prometheus already exists!
2019-11-16 18:48:50,340 [main] INFO  server.BaseHttpServer (BaseHttpServer.java:updateConnectorAddress(215)) - HTTP server of OZONEMANAGER is listening at http://0.0.0.0:36613
2019-11-16 18:48:50,648 [main] INFO  impl.MetricsSystemImpl (MetricsSystemImpl.java:init(158)) - HddsDatanode metrics system started (again)
2019-11-16 18:48:50,695 [main] INFO  ozone.HddsDatanodeService (HddsDatanodeService.java:start(186)) - HddsDatanodeService host:pr-hdds-2291-fnk79-640473112 ip:192.168.34.18
2019-11-16 18:48:50,729 [main] INFO  volume.HddsVolume (HddsVolume.java:<init>(176)) - Creating Volume: /workdir/hadoop-ozone/tools/target/test-dir/MiniOzoneClusterImpl-844686d1-b526-4d2d-b34d-e0f05f886494/datanode-0/data/containers/hdds of  storage type : DISK and capacity : 1482555576320
2019-11-16 18:48:50,731 [main] INFO  volume.VolumeSet (VolumeSet.java:initializeVolumeSet(170)) - Added Volume : /workdir/hadoop-ozone/tools/target/test-dir/MiniOzoneClusterImpl-844686d1-b526-4d2d-b34d-e0f05f886494/datanode-0/data/containers/hdds to VolumeSet
2019-11-16 18:48:50,734 [main] INFO  volume.ThrottledAsyncChecker (ThrottledAsyncChecker.java:schedule(141)) - Scheduling a check for /workdir/hadoop-ozone/tools/target/test-dir/MiniOzoneClusterImpl-844686d1-b526-4d2d-b34d-e0f05f886494/datanode-0/data/containers/hdds
2019-11-16 18:48:50,759 [main] INFO  volume.HddsVolumeChecker (HddsVolumeChecker.java:checkAllVolumes(204)) - Scheduled health check for volume /workdir/hadoop-ozone/tools/target/test-dir/MiniOzoneClusterImpl-844686d1-b526-4d2d-b34d-e0f05f886494/datanode-0/data/containers/hdds
2019-11-16 18:48:50,878 [main] INFO  impl.RaftServerProxy (ConfUtils.java:logGet(43)) - raft.rpc.type = GRPC (default)
2019-11-16 18:48:50,945 [main] INFO  grpc.GrpcFactory (GrpcFactory.java:checkPooledByteBufAllocatorUseCacheForAllThreads(45)) - PERFORMANCE WARNING: useCacheForAllThreads is true that may cause Netty to create a lot garbage objects and, as a result, trigger GC.
	It is recommended to disable useCacheForAllThreads by setting -Dorg.apache.ratis.thirdparty.io.netty.allocator.useCacheForAllThreads=false in command line.
2019-11-16 18:48:50,954 [main] INFO  grpc.GrpcConfigKeys$Server (ConfUtils.java:logGet(43)) - raft.grpc.server.port = 0 (default)
2019-11-16 18:48:50,957 [main] INFO  server.GrpcService (ConfUtils.java:logGet(43)) - raft.grpc.message.size.max = 33570816 (custom)
2019-11-16 18:48:50,960 [main] INFO  server.RaftServerConfigKeys (ConfUtils.java:logGet(43)) - raft.server.log.appender.buffer.byte-limit = 33554432 (custom)
2019-11-16 18:48:50,961 [main] INFO  server.GrpcService (ConfUtils.java:logGet(43)) - raft.grpc.flow.control.window = 1MB (=1048576) (default)
2019-11-16 18:48:50,963 [main] INFO  server.RaftServerConfigKeys (ConfUtils.java:logGet(43)) - raft.server.rpc.request.timeout = 3000ms (default)
2019-11-16 18:48:51,143 [main] INFO  server.RaftServerConfigKeys (ConfUtils.java:logGet(43)) - raft.server.storage.dir = [/workdir/hadoop-ozone/tools/target/test-dir/MiniOzoneClusterImpl-844686d1-b526-4d2d-b34d-e0f05f886494/datanode-0/data/ratis] (custom)
2019-11-16 18:48:51,197 [main] INFO  hdfs.DFSUtil (DFSUtil.java:httpServerTemplateForNNAndJN(1641)) - Starting Web-server for hddsDatanode at: http://0.0.0.0:0
2019-11-16 18:48:51,201 [main] INFO  server.AuthenticationFilter (AuthenticationFilter.java:constructSecretProvider(240)) - Unable to initialize FileSignerSecretProvider, falling back to use random secrets.
2019-11-16 18:48:51,202 [main] WARN  http.HttpRequestLog (HttpRequestLog.java:getRequestLog(97)) - Jetty request log can only be enabled using Log4j
2019-11-16 18:48:51,205 [main] INFO  http.HttpServer2 (HttpServer2.java:addGlobalFilter(975)) - Added global filter 'safety' (class=org.apache.hadoop.http.HttpServer2$QuotingInputFilter)
2019-11-16 18:48:51,206 [main] INFO  http.HttpServer2 (HttpServer2.java:addFilter(948)) - Added filter static_user_filter (class=org.apache.hadoop.http.lib.StaticUserWebFilter$StaticUserFilter) to context hddsDatanode
2019-11-16 18:48:51,206 [main] INFO  http.HttpServer2 (HttpServer2.java:addFilter(958)) - Added filter static_user_filter (class=org.apache.hadoop.http.lib.StaticUserWebFilter$StaticUserFilter) to context static
2019-11-16 18:48:51,206 [main] INFO  http.HttpServer2 (HttpServer2.java:addFilter(958)) - Added filter static_user_filter (class=org.apache.hadoop.http.lib.StaticUserWebFilter$StaticUserFilter) to context logs
2019-11-16 18:48:51,208 [main] INFO  http.HttpServer2 (HttpServer2.java:bindListener(1191)) - Jetty bound to port 34751
2019-11-16 18:48:51,208 [main] INFO  server.Server (Server.java:doStart(351)) - jetty-9.3.25.v20180904, build timestamp: 2018-09-04T21:11:46Z, git hash: 3ce520221d0240229c862b122d2b06c12a625732
2019-11-16 18:48:51,212 [main] INFO  handler.ContextHandler (ContextHandler.java:doStart(781)) - Started o.e.j.s.ServletContextHandler@4c777e7b{/logs,file:///workdir/hadoop-ozone/tools/target/log,AVAILABLE}
2019-11-16 18:48:51,213 [main] INFO  handler.ContextHandler (ContextHandler.java:doStart(781)) - Started o.e.j.s.ServletContextHandler@78e22d35{/static,jar:file:/home/user/.m2/repository/org/apache/hadoop/hadoop-hdds-container-service/0.5.0-SNAPSHOT/hadoop-hdds-container-service-0.5.0-SNAPSHOT.jar!/webapps/static,AVAILABLE}
2019-11-16 18:48:51,256 [main] INFO  handler.ContextHandler (ContextHandler.java:doStart(781)) - Started o.e.j.w.WebAppContext@2819c460{/,file:///tmp/jetty-0.0.0.0-34751-hddsDatanode-_-any-3023951344823362302.dir/webapp/,AVAILABLE}{/hddsDatanode}
2019-11-16 18:48:51,256 [main] INFO  server.AbstractConnector (AbstractConnector.java:doStart(278)) - Started ServerConnector@30364216{HTTP/1.1,[http/1.1]}{0.0.0.0:34751}
2019-11-16 18:48:51,257 [main] INFO  server.Server (Server.java:doStart(419)) - Started @5404ms
2019-11-16 18:48:51,257 [main] WARN  impl.MetricsSystemImpl (MetricsSystemImpl.java:register(276)) - Sink prometheus already exists!
2019-11-16 18:48:51,260 [main] INFO  server.BaseHttpServer (BaseHttpServer.java:updateConnectorAddress(215)) - HTTP server of HDDSDATANODE is listening at http://0.0.0.0:34751
2019-11-16 18:48:51,261 [main] INFO  impl.MetricsSystemImpl (MetricsSystemImpl.java:init(158)) - HddsDatanode metrics system started (again)
2019-11-16 18:48:51,264 [main] INFO  ozone.HddsDatanodeService (HddsDatanodeService.java:start(186)) - HddsDatanodeService host:pr-hdds-2291-fnk79-640473112 ip:192.168.34.18
2019-11-16 18:48:51,267 [org.apache.hadoop.util.JvmPauseMonitor$Monitor@40afc009] INFO  util.JvmPauseMonitor (JvmPauseMonitor.java:run(188)) - Starting JVM pause monitor
2019-11-16 18:48:51,274 [main] INFO  volume.HddsVolume (HddsVolume.java:<init>(176)) - Creating Volume: /workdir/hadoop-ozone/tools/target/test-dir/MiniOzoneClusterImpl-844686d1-b526-4d2d-b34d-e0f05f886494/datanode-1/data/containers/hdds of  storage type : DISK and capacity : 1482555576320
2019-11-16 18:48:51,274 [main] INFO  volume.VolumeSet (VolumeSet.java:initializeVolumeSet(170)) - Added Volume : /workdir/hadoop-ozone/tools/target/test-dir/MiniOzoneClusterImpl-844686d1-b526-4d2d-b34d-e0f05f886494/datanode-1/data/containers/hdds to VolumeSet
2019-11-16 18:48:51,274 [main] INFO  volume.ThrottledAsyncChecker (ThrottledAsyncChecker.java:schedule(141)) - Scheduling a check for /workdir/hadoop-ozone/tools/target/test-dir/MiniOzoneClusterImpl-844686d1-b526-4d2d-b34d-e0f05f886494/datanode-1/data/containers/hdds
2019-11-16 18:48:51,275 [main] INFO  volume.HddsVolumeChecker (HddsVolumeChecker.java:checkAllVolumes(204)) - Scheduled health check for volume /workdir/hadoop-ozone/tools/target/test-dir/MiniOzoneClusterImpl-844686d1-b526-4d2d-b34d-e0f05f886494/datanode-1/data/containers/hdds
2019-11-16 18:48:51,290 [main] INFO  impl.RaftServerProxy (ConfUtils.java:logGet(43)) - raft.rpc.type = GRPC (default)
2019-11-16 18:48:51,290 [main] INFO  grpc.GrpcFactory (GrpcFactory.java:checkPooledByteBufAllocatorUseCacheForAllThreads(45)) - PERFORMANCE WARNING: useCacheForAllThreads is true that may cause Netty to create a lot garbage objects and, as a result, trigger GC.
	It is recommended to disable useCacheForAllThreads by setting -Dorg.apache.ratis.thirdparty.io.netty.allocator.useCacheForAllThreads=false in command line.
2019-11-16 18:48:51,290 [main] INFO  grpc.GrpcConfigKeys$Server (ConfUtils.java:logGet(43)) - raft.grpc.server.port = 0 (default)
2019-11-16 18:48:51,290 [main] INFO  server.GrpcService (ConfUtils.java:logGet(43)) - raft.grpc.message.size.max = 33570816 (custom)
2019-11-16 18:48:51,291 [main] INFO  server.RaftServerConfigKeys (ConfUtils.java:logGet(43)) - raft.server.log.appender.buffer.byte-limit = 33554432 (custom)
2019-11-16 18:48:51,291 [main] INFO  server.GrpcService (ConfUtils.java:logGet(43)) - raft.grpc.flow.control.window = 1MB (=1048576) (default)
2019-11-16 18:48:51,291 [main] INFO  server.RaftServerConfigKeys (ConfUtils.java:logGet(43)) - raft.server.rpc.request.timeout = 3000ms (default)
2019-11-16 18:48:51,292 [main] INFO  server.RaftServerConfigKeys (ConfUtils.java:logGet(43)) - raft.server.storage.dir = [/workdir/hadoop-ozone/tools/target/test-dir/MiniOzoneClusterImpl-844686d1-b526-4d2d-b34d-e0f05f886494/datanode-1/data/ratis] (custom)
2019-11-16 18:48:51,293 [main] INFO  hdfs.DFSUtil (DFSUtil.java:httpServerTemplateForNNAndJN(1641)) - Starting Web-server for hddsDatanode at: http://0.0.0.0:0
2019-11-16 18:48:51,295 [main] INFO  server.AuthenticationFilter (AuthenticationFilter.java:constructSecretProvider(240)) - Unable to initialize FileSignerSecretProvider, falling back to use random secrets.
2019-11-16 18:48:51,295 [main] WARN  http.HttpRequestLog (HttpRequestLog.java:getRequestLog(97)) - Jetty request log can only be enabled using Log4j
2019-11-16 18:48:51,297 [main] INFO  http.HttpServer2 (HttpServer2.java:addGlobalFilter(975)) - Added global filter 'safety' (class=org.apache.hadoop.http.HttpServer2$QuotingInputFilter)
2019-11-16 18:48:51,298 [main] INFO  http.HttpServer2 (HttpServer2.java:addFilter(948)) - Added filter static_user_filter (class=org.apache.hadoop.http.lib.StaticUserWebFilter$StaticUserFilter) to context hddsDatanode
2019-11-16 18:48:51,298 [main] INFO  http.HttpServer2 (HttpServer2.java:addFilter(958)) - Added filter static_user_filter (class=org.apache.hadoop.http.lib.StaticUserWebFilter$StaticUserFilter) to context static
2019-11-16 18:48:51,298 [main] INFO  http.HttpServer2 (HttpServer2.java:addFilter(958)) - Added filter static_user_filter (class=org.apache.hadoop.http.lib.StaticUserWebFilter$StaticUserFilter) to context logs
2019-11-16 18:48:51,299 [main] INFO  http.HttpServer2 (HttpServer2.java:bindListener(1191)) - Jetty bound to port 39177
2019-11-16 18:48:51,299 [main] INFO  server.Server (Server.java:doStart(351)) - jetty-9.3.25.v20180904, build timestamp: 2018-09-04T21:11:46Z, git hash: 3ce520221d0240229c862b122d2b06c12a625732
2019-11-16 18:48:51,303 [main] INFO  handler.ContextHandler (ContextHandler.java:doStart(781)) - Started o.e.j.s.ServletContextHandler@4047d2d9{/logs,file:///workdir/hadoop-ozone/tools/target/log,AVAILABLE}
2019-11-16 18:48:51,303 [main] INFO  handler.ContextHandler (ContextHandler.java:doStart(781)) - Started o.e.j.s.ServletContextHandler@146dcfe6{/static,jar:file:/home/user/.m2/repository/org/apache/hadoop/hadoop-hdds-container-service/0.5.0-SNAPSHOT/hadoop-hdds-container-service-0.5.0-SNAPSHOT.jar!/webapps/static,AVAILABLE}
2019-11-16 18:48:51,334 [main] INFO  handler.ContextHandler (ContextHandler.java:doStart(781)) - Started o.e.j.w.WebAppContext@e5cbff2{/,file:///tmp/jetty-0.0.0.0-39177-hddsDatanode-_-any-7077677513378654444.dir/webapp/,AVAILABLE}{/hddsDatanode}
2019-11-16 18:48:51,335 [main] INFO  server.AbstractConnector (AbstractConnector.java:doStart(278)) - Started ServerConnector@51c959a4{HTTP/1.1,[http/1.1]}{0.0.0.0:39177}
2019-11-16 18:48:51,336 [main] INFO  server.Server (Server.java:doStart(419)) - Started @5483ms
2019-11-16 18:48:51,336 [main] WARN  impl.MetricsSystemImpl (MetricsSystemImpl.java:register(276)) - Sink prometheus already exists!
2019-11-16 18:48:51,337 [main] INFO  server.BaseHttpServer (BaseHttpServer.java:updateConnectorAddress(215)) - HTTP server of HDDSDATANODE is listening at http://0.0.0.0:39177
2019-11-16 18:48:51,338 [main] INFO  impl.MetricsSystemImpl (MetricsSystemImpl.java:init(158)) - HddsDatanode metrics system started (again)
2019-11-16 18:48:51,340 [main] INFO  ozone.HddsDatanodeService (HddsDatanodeService.java:start(186)) - HddsDatanodeService host:pr-hdds-2291-fnk79-640473112 ip:192.168.34.18
2019-11-16 18:48:51,341 [org.apache.hadoop.util.JvmPauseMonitor$Monitor@5e9fdb98] INFO  util.JvmPauseMonitor (JvmPauseMonitor.java:run(188)) - Starting JVM pause monitor
2019-11-16 18:48:51,350 [main] INFO  volume.HddsVolume (HddsVolume.java:<init>(176)) - Creating Volume: /workdir/hadoop-ozone/tools/target/test-dir/MiniOzoneClusterImpl-844686d1-b526-4d2d-b34d-e0f05f886494/datanode-2/data/containers/hdds of  storage type : DISK and capacity : 1482555576320
2019-11-16 18:48:51,351 [main] INFO  volume.VolumeSet (VolumeSet.java:initializeVolumeSet(170)) - Added Volume : /workdir/hadoop-ozone/tools/target/test-dir/MiniOzoneClusterImpl-844686d1-b526-4d2d-b34d-e0f05f886494/datanode-2/data/containers/hdds to VolumeSet
2019-11-16 18:48:51,351 [main] INFO  volume.ThrottledAsyncChecker (ThrottledAsyncChecker.java:schedule(141)) - Scheduling a check for /workdir/hadoop-ozone/tools/target/test-dir/MiniOzoneClusterImpl-844686d1-b526-4d2d-b34d-e0f05f886494/datanode-2/data/containers/hdds
2019-11-16 18:48:51,352 [main] INFO  volume.HddsVolumeChecker (HddsVolumeChecker.java:checkAllVolumes(204)) - Scheduled health check for volume /workdir/hadoop-ozone/tools/target/test-dir/MiniOzoneClusterImpl-844686d1-b526-4d2d-b34d-e0f05f886494/datanode-2/data/containers/hdds
2019-11-16 18:48:51,367 [main] INFO  impl.RaftServerProxy (ConfUtils.java:logGet(43)) - raft.rpc.type = GRPC (default)
2019-11-16 18:48:51,368 [main] INFO  grpc.GrpcFactory (GrpcFactory.java:checkPooledByteBufAllocatorUseCacheForAllThreads(45)) - PERFORMANCE WARNING: useCacheForAllThreads is true that may cause Netty to create a lot garbage objects and, as a result, trigger GC.
	It is recommended to disable useCacheForAllThreads by setting -Dorg.apache.ratis.thirdparty.io.netty.allocator.useCacheForAllThreads=false in command line.
2019-11-16 18:48:51,368 [main] INFO  grpc.GrpcConfigKeys$Server (ConfUtils.java:logGet(43)) - raft.grpc.server.port = 0 (default)
2019-11-16 18:48:51,368 [main] INFO  server.GrpcService (ConfUtils.java:logGet(43)) - raft.grpc.message.size.max = 33570816 (custom)
2019-11-16 18:48:51,368 [main] INFO  server.RaftServerConfigKeys (ConfUtils.java:logGet(43)) - raft.server.log.appender.buffer.byte-limit = 33554432 (custom)
2019-11-16 18:48:51,369 [main] INFO  server.GrpcService (ConfUtils.java:logGet(43)) - raft.grpc.flow.control.window = 1MB (=1048576) (default)
2019-11-16 18:48:51,369 [main] INFO  server.RaftServerConfigKeys (ConfUtils.java:logGet(43)) - raft.server.rpc.request.timeout = 3000ms (default)
2019-11-16 18:48:51,369 [main] INFO  server.RaftServerConfigKeys (ConfUtils.java:logGet(43)) - raft.server.storage.dir = [/workdir/hadoop-ozone/tools/target/test-dir/MiniOzoneClusterImpl-844686d1-b526-4d2d-b34d-e0f05f886494/datanode-2/data/ratis] (custom)
2019-11-16 18:48:51,371 [main] INFO  hdfs.DFSUtil (DFSUtil.java:httpServerTemplateForNNAndJN(1641)) - Starting Web-server for hddsDatanode at: http://0.0.0.0:0
2019-11-16 18:48:51,372 [Datanode State Machine Thread - 0] INFO  datanode.InitDatanodeState (InitDatanodeState.java:persistContainerDatanodeDetails(140)) - DatanodeDetails is persisted to /workdir/hadoop-ozone/tools/target/test-dir/MiniOzoneClusterImpl-844686d1-b526-4d2d-b34d-e0f05f886494/datanode-0/meta/datanode.id
2019-11-16 18:48:51,373 [main] INFO  server.AuthenticationFilter (AuthenticationFilter.java:constructSecretProvider(240)) - Unable to initialize FileSignerSecretProvider, falling back to use random secrets.
2019-11-16 18:48:51,373 [main] WARN  http.HttpRequestLog (HttpRequestLog.java:getRequestLog(97)) - Jetty request log can only be enabled using Log4j
2019-11-16 18:48:51,376 [main] INFO  http.HttpServer2 (HttpServer2.java:addGlobalFilter(975)) - Added global filter 'safety' (class=org.apache.hadoop.http.HttpServer2$QuotingInputFilter)
2019-11-16 18:48:51,376 [Datanode State Machine Thread - 0] INFO  datanode.InitDatanodeState (InitDatanodeState.java:persistContainerDatanodeDetails(140)) - DatanodeDetails is persisted to /workdir/hadoop-ozone/tools/target/test-dir/MiniOzoneClusterImpl-844686d1-b526-4d2d-b34d-e0f05f886494/datanode-1/meta/datanode.id
2019-11-16 18:48:51,377 [main] INFO  http.HttpServer2 (HttpServer2.java:addFilter(948)) - Added filter static_user_filter (class=org.apache.hadoop.http.lib.StaticUserWebFilter$StaticUserFilter) to context hddsDatanode
2019-11-16 18:48:51,377 [main] INFO  http.HttpServer2 (HttpServer2.java:addFilter(958)) - Added filter static_user_filter (class=org.apache.hadoop.http.lib.StaticUserWebFilter$StaticUserFilter) to context static
2019-11-16 18:48:51,377 [main] INFO  http.HttpServer2 (HttpServer2.java:addFilter(958)) - Added filter static_user_filter (class=org.apache.hadoop.http.lib.StaticUserWebFilter$StaticUserFilter) to context logs
2019-11-16 18:48:51,378 [main] INFO  http.HttpServer2 (HttpServer2.java:bindListener(1191)) - Jetty bound to port 42866
2019-11-16 18:48:51,378 [main] INFO  server.Server (Server.java:doStart(351)) - jetty-9.3.25.v20180904, build timestamp: 2018-09-04T21:11:46Z, git hash: 3ce520221d0240229c862b122d2b06c12a625732
2019-11-16 18:48:51,380 [main] INFO  handler.ContextHandler (ContextHandler.java:doStart(781)) - Started o.e.j.s.ServletContextHandler@60bbacfc{/logs,file:///workdir/hadoop-ozone/tools/target/log,AVAILABLE}
2019-11-16 18:48:51,381 [main] INFO  handler.ContextHandler (ContextHandler.java:doStart(781)) - Started o.e.j.s.ServletContextHandler@255eaa6b{/static,jar:file:/home/user/.m2/repository/org/apache/hadoop/hadoop-hdds-container-service/0.5.0-SNAPSHOT/hadoop-hdds-container-service-0.5.0-SNAPSHOT.jar!/webapps/static,AVAILABLE}
2019-11-16 18:48:51,412 [main] INFO  handler.ContextHandler (ContextHandler.java:doStart(781)) - Started o.e.j.w.WebAppContext@46963479{/,file:///tmp/jetty-0.0.0.0-42866-hddsDatanode-_-any-4181455456407793009.dir/webapp/,AVAILABLE}{/hddsDatanode}
2019-11-16 18:48:51,413 [main] INFO  server.AbstractConnector (AbstractConnector.java:doStart(278)) - Started ServerConnector@7e74a380{HTTP/1.1,[http/1.1]}{0.0.0.0:42866}
2019-11-16 18:48:51,413 [main] INFO  server.Server (Server.java:doStart(419)) - Started @5560ms
2019-11-16 18:48:51,414 [main] WARN  impl.MetricsSystemImpl (MetricsSystemImpl.java:register(276)) - Sink prometheus already exists!
2019-11-16 18:48:51,415 [main] INFO  server.BaseHttpServer (BaseHttpServer.java:updateConnectorAddress(215)) - HTTP server of HDDSDATANODE is listening at http://0.0.0.0:42866
2019-11-16 18:48:51,416 [main] INFO  ozone.MiniOzoneClusterImpl (MiniOzoneClusterImpl.java:lambda$waitForClusterToBeReady$0(150)) - Waiting for nodes to be ready. Got 0 of 3 DN Heartbeats.
2019-11-16 18:48:51,417 [main] INFO  ozone.MiniOzoneClusterImpl (MiniOzoneClusterImpl.java:lambda$waitForClusterToBeReady$0(153)) - Waiting for cluster to exit safe mode
2019-11-16 18:48:51,418 [org.apache.hadoop.util.JvmPauseMonitor$Monitor@4e3b9f53] INFO  util.JvmPauseMonitor (JvmPauseMonitor.java:run(188)) - Starting JVM pause monitor
2019-11-16 18:48:51,420 [Datanode State Machine Thread - 0] INFO  datanode.InitDatanodeState (InitDatanodeState.java:persistContainerDatanodeDetails(140)) - DatanodeDetails is persisted to /workdir/hadoop-ozone/tools/target/test-dir/MiniOzoneClusterImpl-844686d1-b526-4d2d-b34d-e0f05f886494/datanode-2/meta/datanode.id
2019-11-16 18:48:52,417 [main] INFO  ozone.MiniOzoneClusterImpl (MiniOzoneClusterImpl.java:lambda$waitForClusterToBeReady$0(150)) - Waiting for nodes to be ready. Got 0 of 3 DN Heartbeats.
2019-11-16 18:48:52,417 [main] INFO  ozone.MiniOzoneClusterImpl (MiniOzoneClusterImpl.java:lambda$waitForClusterToBeReady$0(153)) - Waiting for cluster to exit safe mode
2019-11-16 18:48:53,339 [Datanode State Machine Thread - 0] INFO  ozoneimpl.OzoneContainer (OzoneContainer.java:start(230)) - Attempting to start container services.
2019-11-16 18:48:53,341 [Datanode State Machine Thread - 0] INFO  ozoneimpl.OzoneContainer (OzoneContainer.java:startContainerScrub(194)) - Background container scanner has been disabled.
2019-11-16 18:48:53,341 [Datanode State Machine Thread - 0] INFO  ratis.XceiverServerRatis (XceiverServerRatis.java:start(422)) - Starting XceiverServerRatis 567568a2-3812-4947-8b66-e34939320967 at port 0
2019-11-16 18:48:53,358 [Datanode State Machine Thread - 0] INFO  ozoneimpl.OzoneContainer (OzoneContainer.java:start(230)) - Attempting to start container services.
2019-11-16 18:48:53,363 [Datanode State Machine Thread - 0] INFO  ozoneimpl.OzoneContainer (OzoneContainer.java:startContainerScrub(194)) - Background container scanner has been disabled.
2019-11-16 18:48:53,364 [Datanode State Machine Thread - 0] INFO  ratis.XceiverServerRatis (XceiverServerRatis.java:start(422)) - Starting XceiverServerRatis 4471c145-25da-4757-b1c9-9b4de2d5e316 at port 0
2019-11-16 18:48:53,370 [Datanode State Machine Thread - 0] INFO  impl.RaftServerProxy (RaftServerProxy.java:lambda$start$3(299)) - 567568a2-3812-4947-8b66-e34939320967: start RPC server
2019-11-16 18:48:53,377 [Datanode State Machine Thread - 0] INFO  impl.RaftServerProxy (RaftServerProxy.java:lambda$start$3(299)) - 4471c145-25da-4757-b1c9-9b4de2d5e316: start RPC server
2019-11-16 18:48:53,418 [main] INFO  ozone.MiniOzoneClusterImpl (MiniOzoneClusterImpl.java:lambda$waitForClusterToBeReady$0(150)) - Waiting for nodes to be ready. Got 0 of 3 DN Heartbeats.
2019-11-16 18:48:53,418 [main] INFO  ozone.MiniOzoneClusterImpl (MiniOzoneClusterImpl.java:lambda$waitForClusterToBeReady$0(153)) - Waiting for cluster to exit safe mode
2019-11-16 18:48:53,433 [Datanode State Machine Thread - 0] INFO  ozoneimpl.OzoneContainer (OzoneContainer.java:start(230)) - Attempting to start container services.
2019-11-16 18:48:53,435 [Datanode State Machine Thread - 0] INFO  ozoneimpl.OzoneContainer (OzoneContainer.java:startContainerScrub(194)) - Background container scanner has been disabled.
2019-11-16 18:48:53,435 [Datanode State Machine Thread - 0] INFO  ratis.XceiverServerRatis (XceiverServerRatis.java:start(422)) - Starting XceiverServerRatis 342f9c6d-7e65-4482-afd9-925793643c1c at port 0
2019-11-16 18:48:53,446 [Datanode State Machine Thread - 0] INFO  impl.RaftServerProxy (RaftServerProxy.java:lambda$start$3(299)) - 342f9c6d-7e65-4482-afd9-925793643c1c: start RPC server
2019-11-16 18:48:53,490 [Datanode State Machine Thread - 0] INFO  server.GrpcService (GrpcService.java:startImpl(158)) - 567568a2-3812-4947-8b66-e34939320967: GrpcService started, listening on 0.0.0.0/0.0.0.0:33332
2019-11-16 18:48:53,490 [Datanode State Machine Thread - 0] INFO  server.GrpcService (GrpcService.java:startImpl(158)) - 342f9c6d-7e65-4482-afd9-925793643c1c: GrpcService started, listening on 0.0.0.0/0.0.0.0:37838
2019-11-16 18:48:53,490 [Datanode State Machine Thread - 0] INFO  server.GrpcService (GrpcService.java:startImpl(158)) - 4471c145-25da-4757-b1c9-9b4de2d5e316: GrpcService started, listening on 0.0.0.0/0.0.0.0:34496
2019-11-16 18:48:53,491 [Datanode State Machine Thread - 0] INFO  ratis.XceiverServerRatis (XceiverServerRatis.java:start(432)) - XceiverServerRatis 342f9c6d-7e65-4482-afd9-925793643c1c is started using port 37838
2019-11-16 18:48:53,491 [Datanode State Machine Thread - 0] INFO  ratis.XceiverServerRatis (XceiverServerRatis.java:start(432)) - XceiverServerRatis 567568a2-3812-4947-8b66-e34939320967 is started using port 33332
2019-11-16 18:48:53,491 [Datanode State Machine Thread - 0] INFO  ratis.XceiverServerRatis (XceiverServerRatis.java:start(432)) - XceiverServerRatis 4471c145-25da-4757-b1c9-9b4de2d5e316 is started using port 34496
2019-11-16 18:48:53,496 [Datanode State Machine Thread - 0] INFO  server.XceiverServerGrpc (XceiverServerGrpc.java:start(145)) - XceiverServerGrpc 567568a2-3812-4947-8b66-e34939320967 is started using port 38276
2019-11-16 18:48:53,497 [Datanode State Machine Thread - 0] INFO  server.XceiverServerGrpc (XceiverServerGrpc.java:start(145)) - XceiverServerGrpc 4471c145-25da-4757-b1c9-9b4de2d5e316 is started using port 44172
2019-11-16 18:48:53,496 [Datanode State Machine Thread - 0] INFO  server.XceiverServerGrpc (XceiverServerGrpc.java:start(145)) - XceiverServerGrpc 342f9c6d-7e65-4482-afd9-925793643c1c is started using port 34042
2019-11-16 18:48:54,419 [main] INFO  ozone.MiniOzoneClusterImpl (MiniOzoneClusterImpl.java:lambda$waitForClusterToBeReady$0(150)) - Waiting for nodes to be ready. Got 0 of 3 DN Heartbeats.
2019-11-16 18:48:54,420 [main] INFO  ozone.MiniOzoneClusterImpl (MiniOzoneClusterImpl.java:lambda$waitForClusterToBeReady$0(153)) - Waiting for cluster to exit safe mode
2019-11-16 18:48:55,304 [IPC Server handler 0 on 41267] INFO  net.NetworkTopology (NetworkTopologyImpl.java:add(111)) - Added a new node: /default-rack/567568a2-3812-4947-8b66-e34939320967
2019-11-16 18:48:55,305 [IPC Server handler 0 on 41267] INFO  node.SCMNodeManager (SCMNodeManager.java:register(267)) - Registered Data node : 567568a2-3812-4947-8b66-e34939320967{ip: 192.168.34.18, host: pr-hdds-2291-fnk79-640473112, networkLocation: /default-rack, certSerialId: null}
2019-11-16 18:48:55,308 [EventQueue-NodeRegistrationContainerReportForContainerSafeModeRule] INFO  safemode.SCMSafeModeManager (SCMSafeModeManager.java:validateSafeModeExitRules(176)) - ContainerSafeModeRule rule is successfully validated
2019-11-16 18:48:55,308 [EventQueue-NodeRegistrationContainerReportForDataNodeSafeModeRule] INFO  safemode.SCMSafeModeManager (DataNodeSafeModeRule.java:process(71)) - SCM in safe mode. 1 DataNodes registered, 1 required.
2019-11-16 18:48:55,308 [EventQueue-NodeRegistrationContainerReportForDataNodeSafeModeRule] INFO  safemode.SCMSafeModeManager (SCMSafeModeManager.java:validateSafeModeExitRules(176)) - DataNodeSafeModeRule rule is successfully validated
2019-11-16 18:48:55,313 [RatisPipelineUtilsThread] INFO  pipeline.RatisPipelineProvider (RatisPipelineProvider.java:lambda$create$4(163)) - Send pipeline:PipelineID=620d7610-ea79-46c4-ad7e-dde0d6fb40a2 create command to datanode 567568a2-3812-4947-8b66-e34939320967
2019-11-16 18:48:55,334 [RatisPipelineUtilsThread] INFO  pipeline.PipelineStateManager (PipelineStateManager.java:addPipeline(55)) - Created pipeline Pipeline[ Id: 620d7610-ea79-46c4-ad7e-dde0d6fb40a2, Nodes: 567568a2-3812-4947-8b66-e34939320967{ip: 192.168.34.18, host: pr-hdds-2291-fnk79-640473112, networkLocation: /default-rack, certSerialId: null}, Type:RATIS, Factor:ONE, State:ALLOCATED]
2019-11-16 18:48:55,344 [IPC Server handler 1 on 41267] INFO  net.NetworkTopology (NetworkTopologyImpl.java:add(111)) - Added a new node: /default-rack/4471c145-25da-4757-b1c9-9b4de2d5e316
2019-11-16 18:48:55,344 [IPC Server handler 1 on 41267] INFO  node.SCMNodeManager (SCMNodeManager.java:register(267)) - Registered Data node : 4471c145-25da-4757-b1c9-9b4de2d5e316{ip: 192.168.34.18, host: pr-hdds-2291-fnk79-640473112, networkLocation: /default-rack, certSerialId: null}
2019-11-16 18:48:55,344 [EventQueue-NodeRegistrationContainerReportForContainerSafeModeRule] INFO  safemode.SCMSafeModeManager (SCMSafeModeManager.java:validateSafeModeExitRules(176)) - ContainerSafeModeRule rule is successfully validated
2019-11-16 18:48:55,345 [EventQueue-NodeRegistrationContainerReportForDataNodeSafeModeRule] INFO  safemode.SCMSafeModeManager (SCMSafeModeManager.java:validateSafeModeExitRules(176)) - DataNodeSafeModeRule rule is successfully validated
2019-11-16 18:48:55,345 [RatisPipelineUtilsThread] INFO  pipeline.RatisPipelineProvider (RatisPipelineProvider.java:lambda$create$4(163)) - Send pipeline:PipelineID=2c7cac1f-868d-4a66-b1af-9451985c6b1c create command to datanode 4471c145-25da-4757-b1c9-9b4de2d5e316
2019-11-16 18:48:55,346 [RatisPipelineUtilsThread] INFO  pipeline.PipelineStateManager (PipelineStateManager.java:addPipeline(55)) - Created pipeline Pipeline[ Id: 2c7cac1f-868d-4a66-b1af-9451985c6b1c, Nodes: 4471c145-25da-4757-b1c9-9b4de2d5e316{ip: 192.168.34.18, host: pr-hdds-2291-fnk79-640473112, networkLocation: /default-rack, certSerialId: null}, Type:RATIS, Factor:ONE, State:ALLOCATED]
2019-11-16 18:48:55,420 [main] INFO  ozone.MiniOzoneClusterImpl (MiniOzoneClusterImpl.java:lambda$waitForClusterToBeReady$0(150)) - Waiting for nodes to be ready. Got 2 of 3 DN Heartbeats.
2019-11-16 18:48:55,420 [main] INFO  ozone.MiniOzoneClusterImpl (MiniOzoneClusterImpl.java:lambda$waitForClusterToBeReady$0(153)) - Waiting for cluster to exit safe mode
2019-11-16 18:48:55,421 [IPC Server handler 3 on 41267] INFO  net.NetworkTopology (NetworkTopologyImpl.java:add(111)) - Added a new node: /default-rack/342f9c6d-7e65-4482-afd9-925793643c1c
2019-11-16 18:48:55,422 [IPC Server handler 3 on 41267] INFO  node.SCMNodeManager (SCMNodeManager.java:register(267)) - Registered Data node : 342f9c6d-7e65-4482-afd9-925793643c1c{ip: 192.168.34.18, host: pr-hdds-2291-fnk79-640473112, networkLocation: /default-rack, certSerialId: null}
2019-11-16 18:48:55,422 [EventQueue-NodeRegistrationContainerReportForContainerSafeModeRule] INFO  safemode.SCMSafeModeManager (SCMSafeModeManager.java:validateSafeModeExitRules(176)) - ContainerSafeModeRule rule is successfully validated
2019-11-16 18:48:55,422 [RatisPipelineUtilsThread] INFO  pipeline.RatisPipelineProvider (RatisPipelineProvider.java:lambda$create$4(163)) - Send pipeline:PipelineID=ab549192-1946-4e01-92fd-55a569af4846 create command to datanode 342f9c6d-7e65-4482-afd9-925793643c1c
2019-11-16 18:48:55,422 [EventQueue-NodeRegistrationContainerReportForDataNodeSafeModeRule] INFO  safemode.SCMSafeModeManager (SCMSafeModeManager.java:validateSafeModeExitRules(176)) - DataNodeSafeModeRule rule is successfully validated
2019-11-16 18:48:55,423 [RatisPipelineUtilsThread] INFO  pipeline.PipelineStateManager (PipelineStateManager.java:addPipeline(55)) - Created pipeline Pipeline[ Id: ab549192-1946-4e01-92fd-55a569af4846, Nodes: 342f9c6d-7e65-4482-afd9-925793643c1c{ip: 192.168.34.18, host: pr-hdds-2291-fnk79-640473112, networkLocation: /default-rack, certSerialId: null}, Type:RATIS, Factor:ONE, State:ALLOCATED]
2019-11-16 18:48:55,425 [RatisPipelineUtilsThread] INFO  pipeline.RatisPipelineProvider (RatisPipelineProvider.java:lambda$create$4(163)) - Send pipeline:PipelineID=912e5134-b45b-441c-8044-d843e131ba8f create command to datanode 342f9c6d-7e65-4482-afd9-925793643c1c
2019-11-16 18:48:55,425 [RatisPipelineUtilsThread] INFO  pipeline.RatisPipelineProvider (RatisPipelineProvider.java:lambda$create$4(163)) - Send pipeline:PipelineID=912e5134-b45b-441c-8044-d843e131ba8f create command to datanode 567568a2-3812-4947-8b66-e34939320967
2019-11-16 18:48:55,426 [RatisPipelineUtilsThread] INFO  pipeline.RatisPipelineProvider (RatisPipelineProvider.java:lambda$create$4(163)) - Send pipeline:PipelineID=912e5134-b45b-441c-8044-d843e131ba8f create command to datanode 4471c145-25da-4757-b1c9-9b4de2d5e316
2019-11-16 18:48:55,426 [RatisPipelineUtilsThread] INFO  pipeline.PipelineStateManager (PipelineStateManager.java:addPipeline(55)) - Created pipeline Pipeline[ Id: 912e5134-b45b-441c-8044-d843e131ba8f, Nodes: 342f9c6d-7e65-4482-afd9-925793643c1c{ip: 192.168.34.18, host: pr-hdds-2291-fnk79-640473112, networkLocation: /default-rack, certSerialId: null}567568a2-3812-4947-8b66-e34939320967{ip: 192.168.34.18, host: pr-hdds-2291-fnk79-640473112, networkLocation: /default-rack, certSerialId: null}4471c145-25da-4757-b1c9-9b4de2d5e316{ip: 192.168.34.18, host: pr-hdds-2291-fnk79-640473112, networkLocation: /default-rack, certSerialId: null}, Type:RATIS, Factor:THREE, State:ALLOCATED]
2019-11-16 18:48:56,421 [main] INFO  ozone.MiniOzoneClusterImpl (MiniOzoneClusterImpl.java:lambda$waitForClusterToBeReady$0(150)) - Nodes are ready. Got 3 of 3 DN Heartbeats.
2019-11-16 18:48:56,421 [main] INFO  ozone.MiniOzoneClusterImpl (MiniOzoneClusterImpl.java:lambda$waitForClusterToBeReady$0(153)) - Waiting for cluster to exit safe mode
2019-11-16 18:48:57,422 [main] INFO  ozone.MiniOzoneClusterImpl (MiniOzoneClusterImpl.java:lambda$waitForClusterToBeReady$0(150)) - Nodes are ready. Got 3 of 3 DN Heartbeats.
2019-11-16 18:48:57,422 [main] INFO  ozone.MiniOzoneClusterImpl (MiniOzoneClusterImpl.java:lambda$waitForClusterToBeReady$0(153)) - Waiting for cluster to exit safe mode
2019-11-16 18:48:58,299 [Command processor thread] INFO  impl.RaftServerProxy (RaftServerProxy.java:addNew(89)) - 567568a2-3812-4947-8b66-e34939320967: addNew group-DDE0D6FB40A2:[567568a2-3812-4947-8b66-e34939320967:192.168.34.18:33332] returns group-DDE0D6FB40A2:java.util.concurrent.CompletableFuture@7501975a[Not completed]
2019-11-16 18:48:58,324 [pool-27-thread-1] INFO  impl.RaftServerImpl (RaftServerImpl.java:<init>(98)) - 567568a2-3812-4947-8b66-e34939320967: new RaftServerImpl for group-DDE0D6FB40A2:[567568a2-3812-4947-8b66-e34939320967:192.168.34.18:33332] with ContainerStateMachine:uninitialized
2019-11-16 18:48:58,327 [pool-27-thread-1] INFO  server.RaftServerConfigKeys (ConfUtils.java:logGet(43)) - raft.server.rpc.timeout.min = 5s (custom)
2019-11-16 18:48:58,330 [pool-27-thread-1] INFO  server.RaftServerConfigKeys (ConfUtils.java:logGet(43)) - raft.server.rpc.timeout.max = 5200ms (custom)
2019-11-16 18:48:58,331 [pool-27-thread-1] INFO  server.RaftServerConfigKeys (ConfUtils.java:logGet(43)) - raft.server.rpcslowness.timeout = 120s (custom)
2019-11-16 18:48:58,332 [pool-27-thread-1] INFO  server.RaftServerConfigKeys (ConfUtils.java:logGet(43)) - raft.server.sleep.deviation.threshold = 300 (default)
2019-11-16 18:48:58,333 [pool-27-thread-1] INFO  server.RaftServerConfigKeys (ConfUtils.java:logGet(43)) - raft.server.log.appender.install.snapshot.enabled = false (custom)
2019-11-16 18:48:58,343 [Command processor thread] INFO  impl.RaftServerProxy (RaftServerProxy.java:addNew(89)) - 4471c145-25da-4757-b1c9-9b4de2d5e316: addNew group-9451985C6B1C:[4471c145-25da-4757-b1c9-9b4de2d5e316:192.168.34.18:34496] returns group-9451985C6B1C:java.util.concurrent.CompletableFuture@3e532a53[Not completed]
2019-11-16 18:48:58,345 [pool-27-thread-1] INFO  impl.RaftServerImpl (ServerState.java:<init>(103)) - 567568a2-3812-4947-8b66-e34939320967@group-DDE0D6FB40A2: ConfigurationManager, init=-1: [567568a2-3812-4947-8b66-e34939320967:192.168.34.18:33332], old=null, confs=<EMPTY_MAP>
2019-11-16 18:48:58,345 [pool-27-thread-1] INFO  server.RaftServerConfigKeys (ConfUtils.java:logGet(43)) - raft.server.storage.dir = [/workdir/hadoop-ozone/tools/target/test-dir/MiniOzoneClusterImpl-844686d1-b526-4d2d-b34d-e0f05f886494/datanode-0/data/ratis] (custom)
2019-11-16 18:48:58,370 [pool-37-thread-1] INFO  impl.RaftServerImpl (RaftServerImpl.java:<init>(98)) - 4471c145-25da-4757-b1c9-9b4de2d5e316: new RaftServerImpl for group-9451985C6B1C:[4471c145-25da-4757-b1c9-9b4de2d5e316:192.168.34.18:34496] with ContainerStateMachine:uninitialized
2019-11-16 18:48:58,371 [pool-37-thread-1] INFO  server.RaftServerConfigKeys (ConfUtils.java:logGet(43)) - raft.server.rpc.timeout.min = 5s (custom)
2019-11-16 18:48:58,371 [pool-37-thread-1] INFO  server.RaftServerConfigKeys (ConfUtils.java:logGet(43)) - raft.server.rpc.timeout.max = 5200ms (custom)
2019-11-16 18:48:58,372 [pool-37-thread-1] INFO  server.RaftServerConfigKeys (ConfUtils.java:logGet(43)) - raft.server.rpcslowness.timeout = 120s (custom)
2019-11-16 18:48:58,372 [pool-37-thread-1] INFO  server.RaftServerConfigKeys (ConfUtils.java:logGet(43)) - raft.server.sleep.deviation.threshold = 300 (default)
2019-11-16 18:48:58,372 [pool-37-thread-1] INFO  server.RaftServerConfigKeys (ConfUtils.java:logGet(43)) - raft.server.log.appender.install.snapshot.enabled = false (custom)
2019-11-16 18:48:58,372 [pool-37-thread-1] INFO  impl.RaftServerImpl (ServerState.java:<init>(103)) - 4471c145-25da-4757-b1c9-9b4de2d5e316@group-9451985C6B1C: ConfigurationManager, init=-1: [4471c145-25da-4757-b1c9-9b4de2d5e316:192.168.34.18:34496], old=null, confs=<EMPTY_MAP>
2019-11-16 18:48:58,373 [pool-37-thread-1] INFO  server.RaftServerConfigKeys (ConfUtils.java:logGet(43)) - raft.server.storage.dir = [/workdir/hadoop-ozone/tools/target/test-dir/MiniOzoneClusterImpl-844686d1-b526-4d2d-b34d-e0f05f886494/datanode-1/data/ratis] (custom)
2019-11-16 18:48:58,375 [pool-27-thread-1] INFO  server.RaftServerConfigKeys (ConfUtils.java:logGet(43)) - raft.server.log.corruption.policy = EXCEPTION (default)
2019-11-16 18:48:58,375 [pool-37-thread-1] INFO  server.RaftServerConfigKeys (ConfUtils.java:logGet(43)) - raft.server.log.corruption.policy = EXCEPTION (default)
2019-11-16 18:48:58,378 [pool-27-thread-1] INFO  storage.RaftStorageDirectory (RaftStorageDirectory.java:analyzeStorage(246)) - The storage directory /workdir/hadoop-ozone/tools/target/test-dir/MiniOzoneClusterImpl-844686d1-b526-4d2d-b34d-e0f05f886494/datanode-0/data/ratis/620d7610-ea79-46c4-ad7e-dde0d6fb40a2 does not exist. Creating ...
2019-11-16 18:48:58,378 [pool-37-thread-1] INFO  storage.RaftStorageDirectory (RaftStorageDirectory.java:analyzeStorage(246)) - The storage directory /workdir/hadoop-ozone/tools/target/test-dir/MiniOzoneClusterImpl-844686d1-b526-4d2d-b34d-e0f05f886494/datanode-1/data/ratis/2c7cac1f-868d-4a66-b1af-9451985c6b1c does not exist. Creating ...
2019-11-16 18:48:58,398 [pool-37-thread-1] INFO  storage.RaftStorageDirectory (RaftStorageDirectory.java:tryLock(328)) - Lock on /workdir/hadoop-ozone/tools/target/test-dir/MiniOzoneClusterImpl-844686d1-b526-4d2d-b34d-e0f05f886494/datanode-1/data/ratis/2c7cac1f-868d-4a66-b1af-9451985c6b1c/in_use.lock acquired by nodename 23852@pr-hdds-2291-fnk79-640473112
2019-11-16 18:48:58,398 [pool-27-thread-1] INFO  storage.RaftStorageDirectory (RaftStorageDirectory.java:tryLock(328)) - Lock on /workdir/hadoop-ozone/tools/target/test-dir/MiniOzoneClusterImpl-844686d1-b526-4d2d-b34d-e0f05f886494/datanode-0/data/ratis/620d7610-ea79-46c4-ad7e-dde0d6fb40a2/in_use.lock acquired by nodename 23852@pr-hdds-2291-fnk79-640473112
2019-11-16 18:48:58,420 [Command processor thread] INFO  impl.RaftServerProxy (RaftServerProxy.java:addNew(89)) - 342f9c6d-7e65-4482-afd9-925793643c1c: addNew group-55A569AF4846:[342f9c6d-7e65-4482-afd9-925793643c1c:192.168.34.18:37838] returns group-55A569AF4846:java.util.concurrent.CompletableFuture@273fd599[Not completed]
2019-11-16 18:48:58,437 [pool-27-thread-1] INFO  storage.RaftStorage (RaftStorage.java:format(84)) - Storage directory /workdir/hadoop-ozone/tools/target/test-dir/MiniOzoneClusterImpl-844686d1-b526-4d2d-b34d-e0f05f886494/datanode-0/data/ratis/620d7610-ea79-46c4-ad7e-dde0d6fb40a2 has been successfully formatted.
2019-11-16 18:48:58,438 [main] INFO  ozone.MiniOzoneClusterImpl (MiniOzoneClusterImpl.java:lambda$waitForClusterToBeReady$0(150)) - Nodes are ready. Got 3 of 3 DN Heartbeats.
2019-11-16 18:48:58,437 [pool-37-thread-1] INFO  storage.RaftStorage (RaftStorage.java:format(84)) - Storage directory /workdir/hadoop-ozone/tools/target/test-dir/MiniOzoneClusterImpl-844686d1-b526-4d2d-b34d-e0f05f886494/datanode-1/data/ratis/2c7cac1f-868d-4a66-b1af-9451985c6b1c has been successfully formatted.
2019-11-16 18:48:58,439 [main] INFO  ozone.MiniOzoneClusterImpl (MiniOzoneClusterImpl.java:lambda$waitForClusterToBeReady$0(153)) - Waiting for cluster to exit safe mode
2019-11-16 18:48:58,439 [pool-47-thread-1] INFO  impl.RaftServerImpl (RaftServerImpl.java:<init>(98)) - 342f9c6d-7e65-4482-afd9-925793643c1c: new RaftServerImpl for group-55A569AF4846:[342f9c6d-7e65-4482-afd9-925793643c1c:192.168.34.18:37838] with ContainerStateMachine:uninitialized
2019-11-16 18:48:58,440 [pool-47-thread-1] INFO  server.RaftServerConfigKeys (ConfUtils.java:logGet(43)) - raft.server.rpc.timeout.min = 5s (custom)
2019-11-16 18:48:58,441 [pool-47-thread-1] INFO  server.RaftServerConfigKeys (ConfUtils.java:logGet(43)) - raft.server.rpc.timeout.max = 5200ms (custom)
2019-11-16 18:48:58,441 [pool-47-thread-1] INFO  server.RaftServerConfigKeys (ConfUtils.java:logGet(43)) - raft.server.rpcslowness.timeout = 120s (custom)
2019-11-16 18:48:58,441 [pool-47-thread-1] INFO  server.RaftServerConfigKeys (ConfUtils.java:logGet(43)) - raft.server.sleep.deviation.threshold = 300 (default)
2019-11-16 18:48:58,441 [pool-47-thread-1] INFO  server.RaftServerConfigKeys (ConfUtils.java:logGet(43)) - raft.server.log.appender.install.snapshot.enabled = false (custom)
2019-11-16 18:48:58,442 [pool-47-thread-1] INFO  impl.RaftServerImpl (ServerState.java:<init>(103)) - 342f9c6d-7e65-4482-afd9-925793643c1c@group-55A569AF4846: ConfigurationManager, init=-1: [342f9c6d-7e65-4482-afd9-925793643c1c:192.168.34.18:37838], old=null, confs=<EMPTY_MAP>
2019-11-16 18:48:58,442 [pool-47-thread-1] INFO  server.RaftServerConfigKeys (ConfUtils.java:logGet(43)) - raft.server.storage.dir = [/workdir/hadoop-ozone/tools/target/test-dir/MiniOzoneClusterImpl-844686d1-b526-4d2d-b34d-e0f05f886494/datanode-2/data/ratis] (custom)
2019-11-16 18:48:58,442 [pool-47-thread-1] INFO  server.RaftServerConfigKeys (ConfUtils.java:logGet(43)) - raft.server.log.corruption.policy = EXCEPTION (default)
2019-11-16 18:48:58,442 [pool-47-thread-1] INFO  storage.RaftStorageDirectory (RaftStorageDirectory.java:analyzeStorage(246)) - The storage directory /workdir/hadoop-ozone/tools/target/test-dir/MiniOzoneClusterImpl-844686d1-b526-4d2d-b34d-e0f05f886494/datanode-2/data/ratis/ab549192-1946-4e01-92fd-55a569af4846 does not exist. Creating ...
2019-11-16 18:48:58,443 [pool-27-thread-1] INFO  ratis.ContainerStateMachine (ContainerStateMachine.java:loadSnapshot(223)) - group-DDE0D6FB40A2: The snapshot info is null. Setting the last applied indexto:(t:0, i:~)
2019-11-16 18:48:58,443 [pool-37-thread-1] INFO  ratis.ContainerStateMachine (ContainerStateMachine.java:loadSnapshot(223)) - group-9451985C6B1C: The snapshot info is null. Setting the last applied indexto:(t:0, i:~)
2019-11-16 18:48:58,445 [pool-27-thread-1] INFO  server.RaftServerConfigKeys (ConfUtils.java:logGet(43)) - raft.server.notification.no-leader.timeout = 120s (custom)
2019-11-16 18:48:58,445 [pool-37-thread-1] INFO  server.RaftServerConfigKeys (ConfUtils.java:logGet(43)) - raft.server.notification.no-leader.timeout = 120s (custom)
2019-11-16 18:48:58,449 [pool-37-thread-1] INFO  server.RaftServerConfigKeys (ConfUtils.java:logGet(43)) - raft.server.log.use.memory = false (default)
2019-11-16 18:48:58,449 [pool-27-thread-1] INFO  server.RaftServerConfigKeys (ConfUtils.java:logGet(43)) - raft.server.log.use.memory = false (default)
2019-11-16 18:48:58,457 [pool-47-thread-1] INFO  storage.RaftStorageDirectory (RaftStorageDirectory.java:tryLock(328)) - Lock on /workdir/hadoop-ozone/tools/target/test-dir/MiniOzoneClusterImpl-844686d1-b526-4d2d-b34d-e0f05f886494/datanode-2/data/ratis/ab549192-1946-4e01-92fd-55a569af4846/in_use.lock acquired by nodename 23852@pr-hdds-2291-fnk79-640473112
2019-11-16 18:48:58,460 [pool-47-thread-1] INFO  storage.RaftStorage (RaftStorage.java:format(84)) - Storage directory /workdir/hadoop-ozone/tools/target/test-dir/MiniOzoneClusterImpl-844686d1-b526-4d2d-b34d-e0f05f886494/datanode-2/data/ratis/ab549192-1946-4e01-92fd-55a569af4846 has been successfully formatted.
2019-11-16 18:48:58,461 [pool-37-thread-1] INFO  server.RaftServerConfigKeys (ConfUtils.java:logGet(43)) - raft.server.log.purge.gap = 1000000 (custom)
2019-11-16 18:48:58,461 [pool-47-thread-1] INFO  ratis.ContainerStateMachine (ContainerStateMachine.java:loadSnapshot(223)) - group-55A569AF4846: The snapshot info is null. Setting the last applied indexto:(t:0, i:~)
2019-11-16 18:48:58,461 [pool-37-thread-1] INFO  server.RaftServerConfigKeys (ConfUtils.java:logGet(43)) - raft.server.log.appender.buffer.byte-limit = 33554432 (custom)
2019-11-16 18:48:58,461 [pool-27-thread-1] INFO  server.RaftServerConfigKeys (ConfUtils.java:logGet(43)) - raft.server.log.purge.gap = 1000000 (custom)
2019-11-16 18:48:58,461 [pool-47-thread-1] INFO  server.RaftServerConfigKeys (ConfUtils.java:logGet(43)) - raft.server.notification.no-leader.timeout = 120s (custom)
2019-11-16 18:48:58,461 [pool-27-thread-1] INFO  server.RaftServerConfigKeys (ConfUtils.java:logGet(43)) - raft.server.log.appender.buffer.byte-limit = 33554432 (custom)
2019-11-16 18:48:58,461 [pool-47-thread-1] INFO  server.RaftServerConfigKeys (ConfUtils.java:logGet(43)) - raft.server.log.use.memory = false (default)
2019-11-16 18:48:58,462 [pool-47-thread-1] INFO  server.RaftServerConfigKeys (ConfUtils.java:logGet(43)) - raft.server.log.purge.gap = 1000000 (custom)
2019-11-16 18:48:58,462 [pool-47-thread-1] INFO  server.RaftServerConfigKeys (ConfUtils.java:logGet(43)) - raft.server.log.appender.buffer.byte-limit = 33554432 (custom)
2019-11-16 18:48:58,464 [pool-47-thread-1] INFO  server.RaftServerConfigKeys (ConfUtils.java:logGet(43)) - raft.server.log.segment.size.max = 1048576 (custom)
2019-11-16 18:48:58,464 [pool-27-thread-1] INFO  server.RaftServerConfigKeys (ConfUtils.java:logGet(43)) - raft.server.log.segment.size.max = 1048576 (custom)
2019-11-16 18:48:58,464 [pool-37-thread-1] INFO  server.RaftServerConfigKeys (ConfUtils.java:logGet(43)) - raft.server.log.segment.size.max = 1048576 (custom)
2019-11-16 18:48:58,472 [pool-27-thread-1] INFO  metrics.MetricRegistries (MetricRegistriesLoader.java:load(64)) - Loaded MetricRegistries class org.apache.ratis.metrics.impl.MetricRegistriesImpl
2019-11-16 18:48:58,479 [pool-47-thread-1] WARN  impl.MetricRegistriesImpl (MetricRegistriesImpl.java:lambda$create$1(61)) - First MetricRegistry has been created without registering reporters. You may need to call MetricRegistries.global().addReportRegistration(...) before.
2019-11-16 18:48:58,479 [pool-37-thread-1] WARN  impl.MetricRegistriesImpl (MetricRegistriesImpl.java:lambda$create$1(61)) - First MetricRegistry has been created without registering reporters. You may need to call MetricRegistries.global().addReportRegistration(...) before.
2019-11-16 18:48:58,479 [pool-27-thread-1] WARN  impl.MetricRegistriesImpl (MetricRegistriesImpl.java:lambda$create$1(61)) - First MetricRegistry has been created without registering reporters. You may need to call MetricRegistries.global().addReportRegistration(...) before.
2019-11-16 18:48:58,489 [pool-47-thread-1] INFO  server.RaftServerConfigKeys (ConfUtils.java:logGet(43)) - raft.server.log.segment.cache.num.max = 2 (custom)
2019-11-16 18:48:58,489 [pool-27-thread-1] INFO  server.RaftServerConfigKeys (ConfUtils.java:logGet(43)) - raft.server.log.segment.cache.num.max = 2 (custom)
2019-11-16 18:48:58,489 [pool-37-thread-1] INFO  server.RaftServerConfigKeys (ConfUtils.java:logGet(43)) - raft.server.log.segment.cache.num.max = 2 (custom)
2019-11-16 18:48:58,498 [pool-47-thread-1] INFO  segmented.SegmentedRaftLogWorker (SegmentedRaftLogWorker.java:<init>(173)) - new 342f9c6d-7e65-4482-afd9-925793643c1c@group-55A569AF4846-SegmentedRaftLogWorker for RaftStorage:Storage Directory /workdir/hadoop-ozone/tools/target/test-dir/MiniOzoneClusterImpl-844686d1-b526-4d2d-b34d-e0f05f886494/datanode-2/data/ratis/ab549192-1946-4e01-92fd-55a569af4846
2019-11-16 18:48:58,498 [pool-47-thread-1] INFO  server.RaftServerConfigKeys (ConfUtils.java:logGet(43)) - raft.server.log.queue.byte-limit = 2147483647 (custom)
2019-11-16 18:48:58,498 [pool-37-thread-1] INFO  segmented.SegmentedRaftLogWorker (SegmentedRaftLogWorker.java:<init>(173)) - new 4471c145-25da-4757-b1c9-9b4de2d5e316@group-9451985C6B1C-SegmentedRaftLogWorker for RaftStorage:Storage Directory /workdir/hadoop-ozone/tools/target/test-dir/MiniOzoneClusterImpl-844686d1-b526-4d2d-b34d-e0f05f886494/datanode-1/data/ratis/2c7cac1f-868d-4a66-b1af-9451985c6b1c
2019-11-16 18:48:58,500 [pool-47-thread-1] INFO  server.RaftServerConfigKeys (ConfUtils.java:logGet(43)) - raft.server.log.queue.element-limit = 1024 (custom)
2019-11-16 18:48:58,500 [pool-37-thread-1] INFO  server.RaftServerConfigKeys (ConfUtils.java:logGet(43)) - raft.server.log.queue.byte-limit = 2147483647 (custom)
2019-11-16 18:48:58,498 [pool-27-thread-1] INFO  segmented.SegmentedRaftLogWorker (SegmentedRaftLogWorker.java:<init>(173)) - new 567568a2-3812-4947-8b66-e34939320967@group-DDE0D6FB40A2-SegmentedRaftLogWorker for RaftStorage:Storage Directory /workdir/hadoop-ozone/tools/target/test-dir/MiniOzoneClusterImpl-844686d1-b526-4d2d-b34d-e0f05f886494/datanode-0/data/ratis/620d7610-ea79-46c4-ad7e-dde0d6fb40a2
2019-11-16 18:48:58,500 [pool-37-thread-1] INFO  server.RaftServerConfigKeys (ConfUtils.java:logGet(43)) - raft.server.log.queue.element-limit = 1024 (custom)
2019-11-16 18:48:58,500 [pool-27-thread-1] INFO  server.RaftServerConfigKeys (ConfUtils.java:logGet(43)) - raft.server.log.queue.byte-limit = 2147483647 (custom)
2019-11-16 18:48:58,501 [pool-27-thread-1] INFO  server.RaftServerConfigKeys (ConfUtils.java:logGet(43)) - raft.server.log.queue.element-limit = 1024 (custom)
2019-11-16 18:48:58,506 [pool-27-thread-1] INFO  server.RaftServerConfigKeys (ConfUtils.java:logGet(43)) - raft.server.log.segment.size.max = 1048576 (custom)
2019-11-16 18:48:58,506 [pool-37-thread-1] INFO  server.RaftServerConfigKeys (ConfUtils.java:logGet(43)) - raft.server.log.segment.size.max = 1048576 (custom)
2019-11-16 18:48:58,506 [pool-47-thread-1] INFO  server.RaftServerConfigKeys (ConfUtils.java:logGet(43)) - raft.server.log.segment.size.max = 1048576 (custom)
2019-11-16 18:48:58,509 [pool-27-thread-1] INFO  server.RaftServerConfigKeys (ConfUtils.java:logGet(43)) - raft.server.log.preallocated.size = 16384 (custom)
2019-11-16 18:48:58,509 [pool-47-thread-1] INFO  server.RaftServerConfigKeys (ConfUtils.java:logGet(43)) - raft.server.log.preallocated.size = 16384 (custom)
2019-11-16 18:48:58,510 [pool-47-thread-1] INFO  server.RaftServerConfigKeys (ConfUtils.java:logGet(43)) - raft.server.log.write.buffer.size = 33554432 (custom)
2019-11-16 18:48:58,510 [pool-37-thread-1] INFO  server.RaftServerConfigKeys (ConfUtils.java:logGet(43)) - raft.server.log.preallocated.size = 16384 (custom)
2019-11-16 18:48:58,510 [pool-27-thread-1] INFO  server.RaftServerConfigKeys (ConfUtils.java:logGet(43)) - raft.server.log.write.buffer.size = 33554432 (custom)
2019-11-16 18:48:58,510 [pool-37-thread-1] INFO  server.RaftServerConfigKeys (ConfUtils.java:logGet(43)) - raft.server.log.write.buffer.size = 33554432 (custom)
2019-11-16 18:48:58,510 [pool-47-thread-1] INFO  server.RaftServerConfigKeys (ConfUtils.java:logGet(43)) - raft.server.log.force.sync.num = 128 (default)
2019-11-16 18:48:58,510 [pool-37-thread-1] INFO  server.RaftServerConfigKeys (ConfUtils.java:logGet(43)) - raft.server.log.force.sync.num = 128 (default)
2019-11-16 18:48:58,511 [pool-27-thread-1] INFO  server.RaftServerConfigKeys (ConfUtils.java:logGet(43)) - raft.server.log.force.sync.num = 128 (default)
2019-11-16 18:48:58,512 [pool-47-thread-1] INFO  server.RaftServerConfigKeys (ConfUtils.java:logGet(43)) - raft.server.log.statemachine.data.sync = true (default)
2019-11-16 18:48:58,512 [pool-27-thread-1] INFO  server.RaftServerConfigKeys (ConfUtils.java:logGet(43)) - raft.server.log.statemachine.data.sync = true (default)
2019-11-16 18:48:58,512 [pool-37-thread-1] INFO  server.RaftServerConfigKeys (ConfUtils.java:logGet(43)) - raft.server.log.statemachine.data.sync = true (default)
2019-11-16 18:48:58,512 [pool-27-thread-1] INFO  server.RaftServerConfigKeys (ConfUtils.java:logGet(43)) - raft.server.log.statemachine.data.sync.timeout = 10s (default)
2019-11-16 18:48:58,512 [pool-47-thread-1] INFO  server.RaftServerConfigKeys (ConfUtils.java:logGet(43)) - raft.server.log.statemachine.data.sync.timeout = 10s (default)
2019-11-16 18:48:58,512 [pool-37-thread-1] INFO  server.RaftServerConfigKeys (ConfUtils.java:logGet(43)) - raft.server.log.statemachine.data.sync.timeout = 10s (default)
2019-11-16 18:48:58,513 [pool-27-thread-1] INFO  server.RaftServerConfigKeys (ConfUtils.java:logGet(43)) - raft.server.log.statemachine.data.sync.timeout.retry = -1 (default)
2019-11-16 18:48:58,513 [pool-47-thread-1] INFO  server.RaftServerConfigKeys (ConfUtils.java:logGet(43)) - raft.server.log.statemachine.data.sync.timeout.retry = -1 (default)
2019-11-16 18:48:58,513 [pool-37-thread-1] INFO  server.RaftServerConfigKeys (ConfUtils.java:logGet(43)) - raft.server.log.statemachine.data.sync.timeout.retry = -1 (default)
2019-11-16 18:48:58,548 [pool-47-thread-1] INFO  server.RaftServerConfigKeys (ConfUtils.java:logGet(43)) - raft.server.log.statemachine.data.caching.enabled = true (custom)
2019-11-16 18:48:58,548 [pool-37-thread-1] INFO  server.RaftServerConfigKeys (ConfUtils.java:logGet(43)) - raft.server.log.statemachine.data.caching.enabled = true (custom)
2019-11-16 18:48:58,549 [pool-27-thread-1] INFO  server.RaftServerConfigKeys (ConfUtils.java:logGet(43)) - raft.server.log.statemachine.data.caching.enabled = true (custom)
2019-11-16 18:48:58,556 [pool-47-thread-1] INFO  segmented.SegmentedRaftLogWorker (SegmentedRaftLogWorker.java:lambda$new$0(128)) - 342f9c6d-7e65-4482-afd9-925793643c1c@group-55A569AF4846-SegmentedRaftLogWorker: flushIndex: setUnconditionally 0 -> -1
2019-11-16 18:48:58,557 [pool-37-thread-1] INFO  segmented.SegmentedRaftLogWorker (SegmentedRaftLogWorker.java:lambda$new$0(128)) - 4471c145-25da-4757-b1c9-9b4de2d5e316@group-9451985C6B1C-SegmentedRaftLogWorker: flushIndex: setUnconditionally 0 -> -1
2019-11-16 18:48:58,557 [pool-27-thread-1] INFO  segmented.SegmentedRaftLogWorker (SegmentedRaftLogWorker.java:lambda$new$0(128)) - 567568a2-3812-4947-8b66-e34939320967@group-DDE0D6FB40A2-SegmentedRaftLogWorker: flushIndex: setUnconditionally 0 -> -1
2019-11-16 18:48:58,562 [pool-47-thread-1] INFO  server.RaftServerConfigKeys (ConfUtils.java:logGet(43)) - raft.server.snapshot.auto.trigger.enabled = true (custom)
2019-11-16 18:48:58,562 [pool-37-thread-1] INFO  server.RaftServerConfigKeys (ConfUtils.java:logGet(43)) - raft.server.snapshot.auto.trigger.enabled = true (custom)
2019-11-16 18:48:58,562 [pool-27-thread-1] INFO  server.RaftServerConfigKeys (ConfUtils.java:logGet(43)) - raft.server.snapshot.auto.trigger.enabled = true (custom)
2019-11-16 18:48:58,563 [pool-47-thread-1] INFO  server.RaftServerConfigKeys (ConfUtils.java:logGet(43)) - raft.server.snapshot.auto.trigger.threshold = 10000 (custom)
2019-11-16 18:48:58,564 [pool-27-thread-1] INFO  server.RaftServerConfigKeys (ConfUtils.java:logGet(43)) - raft.server.snapshot.auto.trigger.threshold = 10000 (custom)
2019-11-16 18:48:58,564 [pool-37-thread-1] INFO  server.RaftServerConfigKeys (ConfUtils.java:logGet(43)) - raft.server.snapshot.auto.trigger.threshold = 10000 (custom)
2019-11-16 18:48:58,564 [pool-47-thread-1] INFO  server.RaftServerConfigKeys (ConfUtils.java:logGet(43)) - raft.server.snapshot.retention.file.num = 5 (custom)
2019-11-16 18:48:58,564 [pool-37-thread-1] INFO  server.RaftServerConfigKeys (ConfUtils.java:logGet(43)) - raft.server.snapshot.retention.file.num = 5 (custom)
2019-11-16 18:48:58,564 [pool-27-thread-1] INFO  server.RaftServerConfigKeys (ConfUtils.java:logGet(43)) - raft.server.snapshot.retention.file.num = 5 (custom)
2019-11-16 18:48:58,565 [pool-47-thread-1] INFO  server.RaftServerConfigKeys (ConfUtils.java:logGet(43)) - raft.server.retrycache.expirytime = 600000ms (custom)
2019-11-16 18:48:58,565 [pool-27-thread-1] INFO  server.RaftServerConfigKeys (ConfUtils.java:logGet(43)) - raft.server.retrycache.expirytime = 600000ms (custom)
2019-11-16 18:48:58,565 [pool-37-thread-1] INFO  server.RaftServerConfigKeys (ConfUtils.java:logGet(43)) - raft.server.retrycache.expirytime = 600000ms (custom)
2019-11-16 18:48:58,587 [pool-47-thread-1] WARN  impl.MetricRegistriesImpl (MetricRegistriesImpl.java:lambda$create$1(61)) - First MetricRegistry has been created without registering reporters. You may need to call MetricRegistries.global().addReportRegistration(...) before.
2019-11-16 18:48:58,587 [pool-27-thread-1] WARN  impl.MetricRegistriesImpl (MetricRegistriesImpl.java:lambda$create$1(61)) - First MetricRegistry has been created without registering reporters. You may need to call MetricRegistries.global().addReportRegistration(...) before.
2019-11-16 18:48:58,587 [pool-37-thread-1] WARN  impl.MetricRegistriesImpl (MetricRegistriesImpl.java:lambda$create$1(61)) - First MetricRegistry has been created without registering reporters. You may need to call MetricRegistries.global().addReportRegistration(...) before.
2019-11-16 18:48:58,589 [pool-47-thread-1] WARN  impl.MetricRegistriesImpl (MetricRegistriesImpl.java:lambda$create$1(61)) - First MetricRegistry has been created without registering reporters. You may need to call MetricRegistries.global().addReportRegistration(...) before.
2019-11-16 18:48:58,589 [pool-27-thread-1] WARN  impl.MetricRegistriesImpl (MetricRegistriesImpl.java:lambda$create$1(61)) - First MetricRegistry has been created without registering reporters. You may need to call MetricRegistries.global().addReportRegistration(...) before.
2019-11-16 18:48:58,589 [pool-37-thread-1] WARN  impl.MetricRegistriesImpl (MetricRegistriesImpl.java:lambda$create$1(61)) - First MetricRegistry has been created without registering reporters. You may need to call MetricRegistries.global().addReportRegistration(...) before.
2019-11-16 18:48:58,591 [pool-47-thread-1] INFO  impl.RaftServerImpl (RaftServerImpl.java:start(184)) - 342f9c6d-7e65-4482-afd9-925793643c1c@group-55A569AF4846: start as a follower, conf=-1: [342f9c6d-7e65-4482-afd9-925793643c1c:192.168.34.18:37838], old=null
2019-11-16 18:48:58,591 [pool-37-thread-1] INFO  impl.RaftServerImpl (RaftServerImpl.java:start(184)) - 4471c145-25da-4757-b1c9-9b4de2d5e316@group-9451985C6B1C: start as a follower, conf=-1: [4471c145-25da-4757-b1c9-9b4de2d5e316:192.168.34.18:34496], old=null
2019-11-16 18:48:58,591 [pool-27-thread-1] INFO  impl.RaftServerImpl (RaftServerImpl.java:start(184)) - 567568a2-3812-4947-8b66-e34939320967@group-DDE0D6FB40A2: start as a follower, conf=-1: [567568a2-3812-4947-8b66-e34939320967:192.168.34.18:33332], old=null
2019-11-16 18:48:58,592 [pool-47-thread-1] INFO  impl.RaftServerImpl (RaftServerImpl.java:setRole(173)) - 342f9c6d-7e65-4482-afd9-925793643c1c@group-55A569AF4846: changes role from      null to FOLLOWER at term 0 for startAsFollower
2019-11-16 18:48:58,592 [pool-27-thread-1] INFO  impl.RaftServerImpl (RaftServerImpl.java:setRole(173)) - 567568a2-3812-4947-8b66-e34939320967@group-DDE0D6FB40A2: changes role from      null to FOLLOWER at term 0 for startAsFollower
2019-11-16 18:48:58,592 [pool-37-thread-1] INFO  impl.RaftServerImpl (RaftServerImpl.java:setRole(173)) - 4471c145-25da-4757-b1c9-9b4de2d5e316@group-9451985C6B1C: changes role from      null to FOLLOWER at term 0 for startAsFollower
2019-11-16 18:48:58,594 [pool-47-thread-1] INFO  impl.RoleInfo (RoleInfo.java:updateAndGet(143)) - 342f9c6d-7e65-4482-afd9-925793643c1c: start FollowerState
2019-11-16 18:48:58,594 [pool-37-thread-1] INFO  impl.RoleInfo (RoleInfo.java:updateAndGet(143)) - 4471c145-25da-4757-b1c9-9b4de2d5e316: start FollowerState
2019-11-16 18:48:58,594 [pool-27-thread-1] INFO  impl.RoleInfo (RoleInfo.java:updateAndGet(143)) - 567568a2-3812-4947-8b66-e34939320967: start FollowerState
2019-11-16 18:48:58,596 [pool-47-thread-1] INFO  util.JmxRegister (JmxRegister.java:tryRegister(44)) - Successfully registered JMX Bean with object name Ratis:service=RaftServer,group=group-55A569AF4846,id=342f9c6d-7e65-4482-afd9-925793643c1c
2019-11-16 18:48:58,597 [pool-27-thread-1] INFO  util.JmxRegister (JmxRegister.java:tryRegister(44)) - Successfully registered JMX Bean with object name Ratis:service=RaftServer,group=group-DDE0D6FB40A2,id=567568a2-3812-4947-8b66-e34939320967
2019-11-16 18:48:58,596 [pool-37-thread-1] INFO  util.JmxRegister (JmxRegister.java:tryRegister(44)) - Successfully registered JMX Bean with object name Ratis:service=RaftServer,group=group-9451985C6B1C,id=4471c145-25da-4757-b1c9-9b4de2d5e316
2019-11-16 18:48:58,599 [pool-47-thread-1] WARN  impl.MetricRegistriesImpl (MetricRegistriesImpl.java:lambda$create$1(61)) - First MetricRegistry has been created without registering reporters. You may need to call MetricRegistries.global().addReportRegistration(...) before.
2019-11-16 18:48:58,599 [pool-37-thread-1] WARN  impl.MetricRegistriesImpl (MetricRegistriesImpl.java:lambda$create$1(61)) - First MetricRegistry has been created without registering reporters. You may need to call MetricRegistries.global().addReportRegistration(...) before.
2019-11-16 18:48:58,599 [pool-27-thread-1] WARN  impl.MetricRegistriesImpl (MetricRegistriesImpl.java:lambda$create$1(61)) - First MetricRegistry has been created without registering reporters. You may need to call MetricRegistries.global().addReportRegistration(...) before.
2019-11-16 18:48:58,611 [Command processor thread] INFO  commandhandler.CreatePipelineCommandHandler (CreatePipelineCommandHandler.java:handle(86)) - Create Pipeline RATIS ONE #id: "ab549192-1946-4e01-92fd-55a569af4846"
 command succeed on datanode 342f9c6d-7e65-4482-afd9-925793643c1c.
2019-11-16 18:48:58,611 [Command processor thread] INFO  commandhandler.CreatePipelineCommandHandler (CreatePipelineCommandHandler.java:handle(86)) - Create Pipeline RATIS ONE #id: "2c7cac1f-868d-4a66-b1af-9451985c6b1c"
 command succeed on datanode 4471c145-25da-4757-b1c9-9b4de2d5e316.
2019-11-16 18:48:58,611 [Command processor thread] INFO  commandhandler.CreatePipelineCommandHandler (CreatePipelineCommandHandler.java:handle(86)) - Create Pipeline RATIS ONE #id: "620d7610-ea79-46c4-ad7e-dde0d6fb40a2"
 command succeed on datanode 567568a2-3812-4947-8b66-e34939320967.
2019-11-16 18:48:58,620 [Command processor thread] INFO  impl.RaftServerProxy (RaftServerProxy.java:addNew(89)) - 342f9c6d-7e65-4482-afd9-925793643c1c: addNew group-D843E131BA8F:[342f9c6d-7e65-4482-afd9-925793643c1c:192.168.34.18:37838, 567568a2-3812-4947-8b66-e34939320967:192.168.34.18:33332, 4471c145-25da-4757-b1c9-9b4de2d5e316:192.168.34.18:34496] returns group-D843E131BA8F:java.util.concurrent.CompletableFuture@76a20e54[Not completed]
2019-11-16 18:48:58,621 [Command processor thread] INFO  impl.RaftServerProxy (RaftServerProxy.java:addNew(89)) - 567568a2-3812-4947-8b66-e34939320967: addNew group-D843E131BA8F:[342f9c6d-7e65-4482-afd9-925793643c1c:192.168.34.18:37838, 567568a2-3812-4947-8b66-e34939320967:192.168.34.18:33332, 4471c145-25da-4757-b1c9-9b4de2d5e316:192.168.34.18:34496] returns group-D843E131BA8F:java.util.concurrent.CompletableFuture@3484c917[Not completed]
2019-11-16 18:48:58,621 [Command processor thread] INFO  impl.RaftServerProxy (RaftServerProxy.java:addNew(89)) - 4471c145-25da-4757-b1c9-9b4de2d5e316: addNew group-D843E131BA8F:[342f9c6d-7e65-4482-afd9-925793643c1c:192.168.34.18:37838, 567568a2-3812-4947-8b66-e34939320967:192.168.34.18:33332, 4471c145-25da-4757-b1c9-9b4de2d5e316:192.168.34.18:34496] returns group-D843E131BA8F:java.util.concurrent.CompletableFuture@3a6cb941[Not completed]
2019-11-16 18:48:58,623 [pool-47-thread-1] INFO  impl.RaftServerImpl (RaftServerImpl.java:<init>(98)) - 342f9c6d-7e65-4482-afd9-925793643c1c: new RaftServerImpl for group-D843E131BA8F:[342f9c6d-7e65-4482-afd9-925793643c1c:192.168.34.18:37838, 567568a2-3812-4947-8b66-e34939320967:192.168.34.18:33332, 4471c145-25da-4757-b1c9-9b4de2d5e316:192.168.34.18:34496] with ContainerStateMachine:uninitialized
2019-11-16 18:48:58,624 [pool-47-thread-1] INFO  server.RaftServerConfigKeys (ConfUtils.java:logGet(43)) - raft.server.rpc.timeout.min = 5s (custom)
2019-11-16 18:48:58,624 [pool-47-thread-1] INFO  server.RaftServerConfigKeys (ConfUtils.java:logGet(43)) - raft.server.rpc.timeout.max = 5200ms (custom)
2019-11-16 18:48:58,624 [pool-47-thread-1] INFO  server.RaftServerConfigKeys (ConfUtils.java:logGet(43)) - raft.server.rpcslowness.timeout = 120s (custom)
2019-11-16 18:48:58,624 [pool-47-thread-1] INFO  server.RaftServerConfigKeys (ConfUtils.java:logGet(43)) - raft.server.sleep.deviation.threshold = 300 (default)
2019-11-16 18:48:58,624 [pool-47-thread-1] INFO  server.RaftServerConfigKeys (ConfUtils.java:logGet(43)) - raft.server.log.appender.install.snapshot.enabled = false (custom)
2019-11-16 18:48:58,624 [pool-47-thread-1] INFO  impl.RaftServerImpl (ServerState.java:<init>(103)) - 342f9c6d-7e65-4482-afd9-925793643c1c@group-D843E131BA8F: ConfigurationManager, init=-1: [342f9c6d-7e65-4482-afd9-925793643c1c:192.168.34.18:37838, 567568a2-3812-4947-8b66-e34939320967:192.168.34.18:33332, 4471c145-25da-4757-b1c9-9b4de2d5e316:192.168.34.18:34496], old=null, confs=<EMPTY_MAP>
2019-11-16 18:48:58,624 [pool-47-thread-1] INFO  server.RaftServerConfigKeys (ConfUtils.java:logGet(43)) - raft.server.storage.dir = [/workdir/hadoop-ozone/tools/target/test-dir/MiniOzoneClusterImpl-844686d1-b526-4d2d-b34d-e0f05f886494/datanode-2/data/ratis] (custom)
2019-11-16 18:48:58,624 [pool-27-thread-1] INFO  impl.RaftServerImpl (RaftServerImpl.java:<init>(98)) - 567568a2-3812-4947-8b66-e34939320967: new RaftServerImpl for group-D843E131BA8F:[342f9c6d-7e65-4482-afd9-925793643c1c:192.168.34.18:37838, 567568a2-3812-4947-8b66-e34939320967:192.168.34.18:33332, 4471c145-25da-4757-b1c9-9b4de2d5e316:192.168.34.18:34496] with ContainerStateMachine:uninitialized
2019-11-16 18:48:58,625 [pool-47-thread-1] INFO  server.RaftServerConfigKeys (ConfUtils.java:logGet(43)) - raft.server.log.corruption.policy = EXCEPTION (default)
2019-11-16 18:48:58,625 [pool-27-thread-1] INFO  server.RaftServerConfigKeys (ConfUtils.java:logGet(43)) - raft.server.rpc.timeout.min = 5s (custom)
2019-11-16 18:48:58,625 [pool-47-thread-1] INFO  storage.RaftStorageDirectory (RaftStorageDirectory.java:analyzeStorage(246)) - The storage directory /workdir/hadoop-ozone/tools/target/test-dir/MiniOzoneClusterImpl-844686d1-b526-4d2d-b34d-e0f05f886494/datanode-2/data/ratis/912e5134-b45b-441c-8044-d843e131ba8f does not exist. Creating ...
2019-11-16 18:48:58,625 [pool-27-thread-1] INFO  server.RaftServerConfigKeys (ConfUtils.java:logGet(43)) - raft.server.rpc.timeout.max = 5200ms (custom)
2019-11-16 18:48:58,625 [pool-27-thread-1] INFO  server.RaftServerConfigKeys (ConfUtils.java:logGet(43)) - raft.server.rpcslowness.timeout = 120s (custom)
2019-11-16 18:48:58,625 [pool-37-thread-1] INFO  impl.RaftServerImpl (RaftServerImpl.java:<init>(98)) - 4471c145-25da-4757-b1c9-9b4de2d5e316: new RaftServerImpl for group-D843E131BA8F:[342f9c6d-7e65-4482-afd9-925793643c1c:192.168.34.18:37838, 567568a2-3812-4947-8b66-e34939320967:192.168.34.18:33332, 4471c145-25da-4757-b1c9-9b4de2d5e316:192.168.34.18:34496] with ContainerStateMachine:uninitialized
2019-11-16 18:48:58,625 [pool-27-thread-1] INFO  server.RaftServerConfigKeys (ConfUtils.java:logGet(43)) - raft.server.sleep.deviation.threshold = 300 (default)
2019-11-16 18:48:58,626 [pool-37-thread-1] INFO  server.RaftServerConfigKeys (ConfUtils.java:logGet(43)) - raft.server.rpc.timeout.min = 5s (custom)
2019-11-16 18:48:58,626 [pool-27-thread-1] INFO  server.RaftServerConfigKeys (ConfUtils.java:logGet(43)) - raft.server.log.appender.install.snapshot.enabled = false (custom)
2019-11-16 18:48:58,626 [pool-37-thread-1] INFO  server.RaftServerConfigKeys (ConfUtils.java:logGet(43)) - raft.server.rpc.timeout.max = 5200ms (custom)
2019-11-16 18:48:58,626 [pool-27-thread-1] INFO  impl.RaftServerImpl (ServerState.java:<init>(103)) - 567568a2-3812-4947-8b66-e34939320967@group-D843E131BA8F: ConfigurationManager, init=-1: [342f9c6d-7e65-4482-afd9-925793643c1c:192.168.34.18:37838, 567568a2-3812-4947-8b66-e34939320967:192.168.34.18:33332, 4471c145-25da-4757-b1c9-9b4de2d5e316:192.168.34.18:34496], old=null, confs=<EMPTY_MAP>
2019-11-16 18:48:58,626 [pool-37-thread-1] INFO  server.RaftServerConfigKeys (ConfUtils.java:logGet(43)) - raft.server.rpcslowness.timeout = 120s (custom)
2019-11-16 18:48:58,626 [pool-27-thread-1] INFO  server.RaftServerConfigKeys (ConfUtils.java:logGet(43)) - raft.server.storage.dir = [/workdir/hadoop-ozone/tools/target/test-dir/MiniOzoneClusterImpl-844686d1-b526-4d2d-b34d-e0f05f886494/datanode-0/data/ratis] (custom)
2019-11-16 18:48:58,626 [pool-37-thread-1] INFO  server.RaftServerConfigKeys (ConfUtils.java:logGet(43)) - raft.server.sleep.deviation.threshold = 300 (default)
2019-11-16 18:48:58,626 [pool-37-thread-1] INFO  server.RaftServerConfigKeys (ConfUtils.java:logGet(43)) - raft.server.log.appender.install.snapshot.enabled = false (custom)
2019-11-16 18:48:58,627 [pool-27-thread-1] INFO  server.RaftServerConfigKeys (ConfUtils.java:logGet(43)) - raft.server.log.corruption.policy = EXCEPTION (default)
2019-11-16 18:48:58,627 [pool-37-thread-1] INFO  impl.RaftServerImpl (ServerState.java:<init>(103)) - 4471c145-25da-4757-b1c9-9b4de2d5e316@group-D843E131BA8F: ConfigurationManager, init=-1: [342f9c6d-7e65-4482-afd9-925793643c1c:192.168.34.18:37838, 567568a2-3812-4947-8b66-e34939320967:192.168.34.18:33332, 4471c145-25da-4757-b1c9-9b4de2d5e316:192.168.34.18:34496], old=null, confs=<EMPTY_MAP>
2019-11-16 18:48:58,627 [pool-27-thread-1] INFO  storage.RaftStorageDirectory (RaftStorageDirectory.java:analyzeStorage(246)) - The storage directory /workdir/hadoop-ozone/tools/target/test-dir/MiniOzoneClusterImpl-844686d1-b526-4d2d-b34d-e0f05f886494/datanode-0/data/ratis/912e5134-b45b-441c-8044-d843e131ba8f does not exist. Creating ...
2019-11-16 18:48:58,627 [pool-37-thread-1] INFO  server.RaftServerConfigKeys (ConfUtils.java:logGet(43)) - raft.server.storage.dir = [/workdir/hadoop-ozone/tools/target/test-dir/MiniOzoneClusterImpl-844686d1-b526-4d2d-b34d-e0f05f886494/datanode-1/data/ratis] (custom)
2019-11-16 18:48:58,627 [pool-37-thread-1] INFO  server.RaftServerConfigKeys (ConfUtils.java:logGet(43)) - raft.server.log.corruption.policy = EXCEPTION (default)
2019-11-16 18:48:58,627 [pool-37-thread-1] INFO  storage.RaftStorageDirectory (RaftStorageDirectory.java:analyzeStorage(246)) - The storage directory /workdir/hadoop-ozone/tools/target/test-dir/MiniOzoneClusterImpl-844686d1-b526-4d2d-b34d-e0f05f886494/datanode-1/data/ratis/912e5134-b45b-441c-8044-d843e131ba8f does not exist. Creating ...
2019-11-16 18:48:58,635 [EventQueue-PipelineReportForPipelineReportHandler] INFO  pipeline.PipelineReportHandler (PipelineReportHandler.java:processPipelineReport(113)) - Pipeline ONE PipelineID=ab549192-1946-4e01-92fd-55a569af4846 reported by 342f9c6d-7e65-4482-afd9-925793643c1c{ip: 192.168.34.18, host: pr-hdds-2291-fnk79-640473112, networkLocation: /default-rack, certSerialId: null}
2019-11-16 18:48:58,635 [EventQueue-PipelineReportForPipelineReportHandler] INFO  pipeline.PipelineStateManager (PipelineStateManager.java:openPipeline(132)) - Pipeline Pipeline[ Id: ab549192-1946-4e01-92fd-55a569af4846, Nodes: 342f9c6d-7e65-4482-afd9-925793643c1c{ip: 192.168.34.18, host: pr-hdds-2291-fnk79-640473112, networkLocation: /default-rack, certSerialId: null}, Type:RATIS, Factor:ONE, State:ALLOCATED] moved to OPEN state
2019-11-16 18:48:58,637 [pool-47-thread-1] INFO  storage.RaftStorageDirectory (RaftStorageDirectory.java:tryLock(328)) - Lock on /workdir/hadoop-ozone/tools/target/test-dir/MiniOzoneClusterImpl-844686d1-b526-4d2d-b34d-e0f05f886494/datanode-2/data/ratis/912e5134-b45b-441c-8044-d843e131ba8f/in_use.lock acquired by nodename 23852@pr-hdds-2291-fnk79-640473112
2019-11-16 18:48:58,637 [pool-27-thread-1] INFO  storage.RaftStorageDirectory (RaftStorageDirectory.java:tryLock(328)) - Lock on /workdir/hadoop-ozone/tools/target/test-dir/MiniOzoneClusterImpl-844686d1-b526-4d2d-b34d-e0f05f886494/datanode-0/data/ratis/912e5134-b45b-441c-8044-d843e131ba8f/in_use.lock acquired by nodename 23852@pr-hdds-2291-fnk79-640473112
2019-11-16 18:48:58,637 [pool-37-thread-1] INFO  storage.RaftStorageDirectory (RaftStorageDirectory.java:tryLock(328)) - Lock on /workdir/hadoop-ozone/tools/target/test-dir/MiniOzoneClusterImpl-844686d1-b526-4d2d-b34d-e0f05f886494/datanode-1/data/ratis/912e5134-b45b-441c-8044-d843e131ba8f/in_use.lock acquired by nodename 23852@pr-hdds-2291-fnk79-640473112
2019-11-16 18:48:58,638 [EventQueue-OpenPipelineForOneReplicaPipelineSafeModeRule] INFO  safemode.SCMSafeModeManager (SCMSafeModeManager.java:validateSafeModeExitRules(176)) - AtleastOneDatanodeReportedRule rule is successfully validated
2019-11-16 18:48:58,638 [EventQueue-PipelineReportForPipelineReportHandler] INFO  pipeline.PipelineReportHandler (PipelineReportHandler.java:processPipelineReport(113)) - Pipeline ONE PipelineID=620d7610-ea79-46c4-ad7e-dde0d6fb40a2 reported by 567568a2-3812-4947-8b66-e34939320967{ip: 192.168.34.18, host: pr-hdds-2291-fnk79-640473112, networkLocation: /default-rack, certSerialId: null}
2019-11-16 18:48:58,638 [EventQueue-OpenPipelineForHealthyPipelineSafeModeRule] INFO  safemode.SCMSafeModeManager (HealthyPipelineSafeModeRule.java:process(132)) - SCM in safe mode. Healthy pipelines reported count is 0, required healthy pipeline reported count is 1
2019-11-16 18:48:58,638 [EventQueue-PipelineReportForPipelineReportHandler] INFO  pipeline.PipelineStateManager (PipelineStateManager.java:openPipeline(132)) - Pipeline Pipeline[ Id: 620d7610-ea79-46c4-ad7e-dde0d6fb40a2, Nodes: 567568a2-3812-4947-8b66-e34939320967{ip: 192.168.34.18, host: pr-hdds-2291-fnk79-640473112, networkLocation: /default-rack, certSerialId: null}, Type:RATIS, Factor:ONE, State:ALLOCATED] moved to OPEN state
2019-11-16 18:48:58,638 [EventQueue-OpenPipelineForHealthyPipelineSafeModeRule] INFO  safemode.SCMSafeModeManager (HealthyPipelineSafeModeRule.java:process(132)) - SCM in safe mode. Healthy pipelines reported count is 0, required healthy pipeline reported count is 1
2019-11-16 18:48:58,638 [EventQueue-PipelineReportForPipelineReportHandler] INFO  pipeline.PipelineReportHandler (PipelineReportHandler.java:processPipelineReport(113)) - Pipeline ONE PipelineID=2c7cac1f-868d-4a66-b1af-9451985c6b1c reported by 4471c145-25da-4757-b1c9-9b4de2d5e316{ip: 192.168.34.18, host: pr-hdds-2291-fnk79-640473112, networkLocation: /default-rack, certSerialId: null}
2019-11-16 18:48:58,638 [EventQueue-OpenPipelineForOneReplicaPipelineSafeModeRule] INFO  safemode.SCMSafeModeManager (SCMSafeModeManager.java:validateSafeModeExitRules(176)) - AtleastOneDatanodeReportedRule rule is successfully validated
2019-11-16 18:48:58,639 [EventQueue-PipelineReportForPipelineReportHandler] INFO  pipeline.PipelineStateManager (PipelineStateManager.java:openPipeline(132)) - Pipeline Pipeline[ Id: 2c7cac1f-868d-4a66-b1af-9451985c6b1c, Nodes: 4471c145-25da-4757-b1c9-9b4de2d5e316{ip: 192.168.34.18, host: pr-hdds-2291-fnk79-640473112, networkLocation: /default-rack, certSerialId: null}, Type:RATIS, Factor:ONE, State:ALLOCATED] moved to OPEN state
2019-11-16 18:48:58,639 [EventQueue-OpenPipelineForOneReplicaPipelineSafeModeRule] INFO  safemode.SCMSafeModeManager (SCMSafeModeManager.java:validateSafeModeExitRules(176)) - AtleastOneDatanodeReportedRule rule is successfully validated
2019-11-16 18:48:58,639 [EventQueue-OpenPipelineForHealthyPipelineSafeModeRule] INFO  safemode.SCMSafeModeManager (HealthyPipelineSafeModeRule.java:process(132)) - SCM in safe mode. Healthy pipelines reported count is 0, required healthy pipeline reported count is 1
2019-11-16 18:48:58,641 [pool-27-thread-1] INFO  storage.RaftStorage (RaftStorage.java:format(84)) - Storage directory /workdir/hadoop-ozone/tools/target/test-dir/MiniOzoneClusterImpl-844686d1-b526-4d2d-b34d-e0f05f886494/datanode-0/data/ratis/912e5134-b45b-441c-8044-d843e131ba8f has been successfully formatted.
2019-11-16 18:48:58,641 [pool-47-thread-1] INFO  storage.RaftStorage (RaftStorage.java:format(84)) - Storage directory /workdir/hadoop-ozone/tools/target/test-dir/MiniOzoneClusterImpl-844686d1-b526-4d2d-b34d-e0f05f886494/datanode-2/data/ratis/912e5134-b45b-441c-8044-d843e131ba8f has been successfully formatted.
2019-11-16 18:48:58,641 [pool-37-thread-1] INFO  storage.RaftStorage (RaftStorage.java:format(84)) - Storage directory /workdir/hadoop-ozone/tools/target/test-dir/MiniOzoneClusterImpl-844686d1-b526-4d2d-b34d-e0f05f886494/datanode-1/data/ratis/912e5134-b45b-441c-8044-d843e131ba8f has been successfully formatted.
2019-11-16 18:48:58,642 [pool-27-thread-1] INFO  ratis.ContainerStateMachine (ContainerStateMachine.java:loadSnapshot(223)) - group-D843E131BA8F: The snapshot info is null. Setting the last applied indexto:(t:0, i:~)
2019-11-16 18:48:58,642 [pool-37-thread-1] INFO  ratis.ContainerStateMachine (ContainerStateMachine.java:loadSnapshot(223)) - group-D843E131BA8F: The snapshot info is null. Setting the last applied indexto:(t:0, i:~)
2019-11-16 18:48:58,642 [pool-47-thread-1] INFO  ratis.ContainerStateMachine (ContainerStateMachine.java:loadSnapshot(223)) - group-D843E131BA8F: The snapshot info is null. Setting the last applied indexto:(t:0, i:~)
2019-11-16 18:48:58,642 [pool-37-thread-1] INFO  server.RaftServerConfigKeys (ConfUtils.java:logGet(43)) - raft.server.notification.no-leader.timeout = 120s (custom)
2019-11-16 18:48:58,642 [pool-27-thread-1] INFO  server.RaftServerConfigKeys (ConfUtils.java:logGet(43)) - raft.server.notification.no-leader.timeout = 120s (custom)
2019-11-16 18:48:58,642 [pool-37-thread-1] INFO  server.RaftServerConfigKeys (ConfUtils.java:logGet(43)) - raft.server.log.use.memory = false (default)
2019-11-16 18:48:58,642 [pool-47-thread-1] INFO  server.RaftServerConfigKeys (ConfUtils.java:logGet(43)) - raft.server.notification.no-leader.timeout = 120s (custom)
2019-11-16 18:48:58,643 [pool-37-thread-1] INFO  server.RaftServerConfigKeys (ConfUtils.java:logGet(43)) - raft.server.log.purge.gap = 1000000 (custom)
2019-11-16 18:48:58,642 [pool-27-thread-1] INFO  server.RaftServerConfigKeys (ConfUtils.java:logGet(43)) - raft.server.log.use.memory = false (default)
2019-11-16 18:48:58,643 [pool-37-thread-1] INFO  server.RaftServerConfigKeys (ConfUtils.java:logGet(43)) - raft.server.log.appender.buffer.byte-limit = 33554432 (custom)
2019-11-16 18:48:58,643 [pool-47-thread-1] INFO  server.RaftServerConfigKeys (ConfUtils.java:logGet(43)) - raft.server.log.use.memory = false (default)
2019-11-16 18:48:58,643 [pool-37-thread-1] INFO  server.RaftServerConfigKeys (ConfUtils.java:logGet(43)) - raft.server.log.segment.size.max = 1048576 (custom)
2019-11-16 18:48:58,643 [pool-27-thread-1] INFO  server.RaftServerConfigKeys (ConfUtils.java:logGet(43)) - raft.server.log.purge.gap = 1000000 (custom)
2019-11-16 18:48:58,643 [pool-37-thread-1] INFO  server.RaftServerConfigKeys (ConfUtils.java:logGet(43)) - raft.server.log.segment.cache.num.max = 2 (custom)
2019-11-16 18:48:58,643 [pool-47-thread-1] INFO  server.RaftServerConfigKeys (ConfUtils.java:logGet(43)) - raft.server.log.purge.gap = 1000000 (custom)
2019-11-16 18:48:58,643 [pool-37-thread-1] INFO  segmented.SegmentedRaftLogWorker (SegmentedRaftLogWorker.java:<init>(173)) - new 4471c145-25da-4757-b1c9-9b4de2d5e316@group-D843E131BA8F-SegmentedRaftLogWorker for RaftStorage:Storage Directory /workdir/hadoop-ozone/tools/target/test-dir/MiniOzoneClusterImpl-844686d1-b526-4d2d-b34d-e0f05f886494/datanode-1/data/ratis/912e5134-b45b-441c-8044-d843e131ba8f
2019-11-16 18:48:58,643 [pool-27-thread-1] INFO  server.RaftServerConfigKeys (ConfUtils.java:logGet(43)) - raft.server.log.appender.buffer.byte-limit = 33554432 (custom)
2019-11-16 18:48:58,644 [pool-37-thread-1] INFO  server.RaftServerConfigKeys (ConfUtils.java:logGet(43)) - raft.server.log.queue.byte-limit = 2147483647 (custom)
2019-11-16 18:48:58,644 [pool-47-thread-1] INFO  server.RaftServerConfigKeys (ConfUtils.java:logGet(43)) - raft.server.log.appender.buffer.byte-limit = 33554432 (custom)
2019-11-16 18:48:58,644 [pool-37-thread-1] INFO  server.RaftServerConfigKeys (ConfUtils.java:logGet(43)) - raft.server.log.queue.element-limit = 1024 (custom)
2019-11-16 18:48:58,644 [pool-27-thread-1] INFO  server.RaftServerConfigKeys (ConfUtils.java:logGet(43)) - raft.server.log.segment.size.max = 1048576 (custom)
2019-11-16 18:48:58,644 [pool-37-thread-1] INFO  server.RaftServerConfigKeys (ConfUtils.java:logGet(43)) - raft.server.log.segment.size.max = 1048576 (custom)
2019-11-16 18:48:58,644 [pool-27-thread-1] INFO  server.RaftServerConfigKeys (ConfUtils.java:logGet(43)) - raft.server.log.segment.cache.num.max = 2 (custom)
2019-11-16 18:48:58,644 [pool-47-thread-1] INFO  server.RaftServerConfigKeys (ConfUtils.java:logGet(43)) - raft.server.log.segment.size.max = 1048576 (custom)
2019-11-16 18:48:58,644 [pool-27-thread-1] INFO  segmented.SegmentedRaftLogWorker (SegmentedRaftLogWorker.java:<init>(173)) - new 567568a2-3812-4947-8b66-e34939320967@group-D843E131BA8F-SegmentedRaftLogWorker for RaftStorage:Storage Directory /workdir/hadoop-ozone/tools/target/test-dir/MiniOzoneClusterImpl-844686d1-b526-4d2d-b34d-e0f05f886494/datanode-0/data/ratis/912e5134-b45b-441c-8044-d843e131ba8f
2019-11-16 18:48:58,644 [pool-37-thread-1] INFO  server.RaftServerConfigKeys (ConfUtils.java:logGet(43)) - raft.server.log.preallocated.size = 16384 (custom)
2019-11-16 18:48:58,645 [pool-47-thread-1] INFO  server.RaftServerConfigKeys (ConfUtils.java:logGet(43)) - raft.server.log.segment.cache.num.max = 2 (custom)
2019-11-16 18:48:58,645 [pool-27-thread-1] INFO  server.RaftServerConfigKeys (ConfUtils.java:logGet(43)) - raft.server.log.queue.byte-limit = 2147483647 (custom)
2019-11-16 18:48:58,645 [pool-47-thread-1] INFO  segmented.SegmentedRaftLogWorker (SegmentedRaftLogWorker.java:<init>(173)) - new 342f9c6d-7e65-4482-afd9-925793643c1c@group-D843E131BA8F-SegmentedRaftLogWorker for RaftStorage:Storage Directory /workdir/hadoop-ozone/tools/target/test-dir/MiniOzoneClusterImpl-844686d1-b526-4d2d-b34d-e0f05f886494/datanode-2/data/ratis/912e5134-b45b-441c-8044-d843e131ba8f
2019-11-16 18:48:58,645 [pool-37-thread-1] INFO  server.RaftServerConfigKeys (ConfUtils.java:logGet(43)) - raft.server.log.write.buffer.size = 33554432 (custom)
2019-11-16 18:48:58,645 [pool-47-thread-1] INFO  server.RaftServerConfigKeys (ConfUtils.java:logGet(43)) - raft.server.log.queue.byte-limit = 2147483647 (custom)
2019-11-16 18:48:58,645 [pool-27-thread-1] INFO  server.RaftServerConfigKeys (ConfUtils.java:logGet(43)) - raft.server.log.queue.element-limit = 1024 (custom)
2019-11-16 18:48:58,645 [pool-47-thread-1] INFO  server.RaftServerConfigKeys (ConfUtils.java:logGet(43)) - raft.server.log.queue.element-limit = 1024 (custom)
2019-11-16 18:48:58,645 [pool-37-thread-1] INFO  server.RaftServerConfigKeys (ConfUtils.java:logGet(43)) - raft.server.log.force.sync.num = 128 (default)
2019-11-16 18:48:58,646 [pool-47-thread-1] INFO  server.RaftServerConfigKeys (ConfUtils.java:logGet(43)) - raft.server.log.segment.size.max = 1048576 (custom)
2019-11-16 18:48:58,646 [pool-27-thread-1] INFO  server.RaftServerConfigKeys (ConfUtils.java:logGet(43)) - raft.server.log.segment.size.max = 1048576 (custom)
2019-11-16 18:48:58,646 [pool-47-thread-1] INFO  server.RaftServerConfigKeys (ConfUtils.java:logGet(43)) - raft.server.log.preallocated.size = 16384 (custom)
2019-11-16 18:48:58,646 [pool-37-thread-1] INFO  server.RaftServerConfigKeys (ConfUtils.java:logGet(43)) - raft.server.log.statemachine.data.sync = true (default)
2019-11-16 18:48:58,646 [pool-47-thread-1] INFO  server.RaftServerConfigKeys (ConfUtils.java:logGet(43)) - raft.server.log.write.buffer.size = 33554432 (custom)
2019-11-16 18:48:58,646 [pool-27-thread-1] INFO  server.RaftServerConfigKeys (ConfUtils.java:logGet(43)) - raft.server.log.preallocated.size = 16384 (custom)
2019-11-16 18:48:58,646 [pool-47-thread-1] INFO  server.RaftServerConfigKeys (ConfUtils.java:logGet(43)) - raft.server.log.force.sync.num = 128 (default)
2019-11-16 18:48:58,646 [pool-37-thread-1] INFO  server.RaftServerConfigKeys (ConfUtils.java:logGet(43)) - raft.server.log.statemachine.data.sync.timeout = 10s (default)
2019-11-16 18:48:58,647 [pool-47-thread-1] INFO  server.RaftServerConfigKeys (ConfUtils.java:logGet(43)) - raft.server.log.statemachine.data.sync = true (default)
2019-11-16 18:48:58,646 [pool-27-thread-1] INFO  server.RaftServerConfigKeys (ConfUtils.java:logGet(43)) - raft.server.log.write.buffer.size = 33554432 (custom)
2019-11-16 18:48:58,647 [pool-47-thread-1] INFO  server.RaftServerConfigKeys (ConfUtils.java:logGet(43)) - raft.server.log.statemachine.data.sync.timeout = 10s (default)
2019-11-16 18:48:58,647 [pool-37-thread-1] INFO  server.RaftServerConfigKeys (ConfUtils.java:logGet(43)) - raft.server.log.statemachine.data.sync.timeout.retry = -1 (default)
2019-11-16 18:48:58,647 [pool-47-thread-1] INFO  server.RaftServerConfigKeys (ConfUtils.java:logGet(43)) - raft.server.log.statemachine.data.sync.timeout.retry = -1 (default)
2019-11-16 18:48:58,647 [pool-27-thread-1] INFO  server.RaftServerConfigKeys (ConfUtils.java:logGet(43)) - raft.server.log.force.sync.num = 128 (default)
2019-11-16 18:48:58,647 [pool-47-thread-1] INFO  server.RaftServerConfigKeys (ConfUtils.java:logGet(43)) - raft.server.log.statemachine.data.caching.enabled = true (custom)
2019-11-16 18:48:58,647 [pool-37-thread-1] INFO  server.RaftServerConfigKeys (ConfUtils.java:logGet(43)) - raft.server.log.statemachine.data.caching.enabled = true (custom)
2019-11-16 18:48:58,647 [pool-27-thread-1] INFO  server.RaftServerConfigKeys (ConfUtils.java:logGet(43)) - raft.server.log.statemachine.data.sync = true (default)
2019-11-16 18:48:58,648 [pool-27-thread-1] INFO  server.RaftServerConfigKeys (ConfUtils.java:logGet(43)) - raft.server.log.statemachine.data.sync.timeout = 10s (default)
2019-11-16 18:48:58,648 [pool-37-thread-1] INFO  segmented.SegmentedRaftLogWorker (SegmentedRaftLogWorker.java:lambda$new$0(128)) - 4471c145-25da-4757-b1c9-9b4de2d5e316@group-D843E131BA8F-SegmentedRaftLogWorker: flushIndex: setUnconditionally 0 -> -1
2019-11-16 18:48:58,648 [pool-47-thread-1] INFO  segmented.SegmentedRaftLogWorker (SegmentedRaftLogWorker.java:lambda$new$0(128)) - 342f9c6d-7e65-4482-afd9-925793643c1c@group-D843E131BA8F-SegmentedRaftLogWorker: flushIndex: setUnconditionally 0 -> -1
2019-11-16 18:48:58,648 [pool-27-thread-1] INFO  server.RaftServerConfigKeys (ConfUtils.java:logGet(43)) - raft.server.log.statemachine.data.sync.timeout.retry = -1 (default)
2019-11-16 18:48:58,648 [pool-37-thread-1] INFO  server.RaftServerConfigKeys (ConfUtils.java:logGet(43)) - raft.server.snapshot.auto.trigger.enabled = true (custom)
2019-11-16 18:48:58,648 [pool-27-thread-1] INFO  server.RaftServerConfigKeys (ConfUtils.java:logGet(43)) - raft.server.log.statemachine.data.caching.enabled = true (custom)
2019-11-16 18:48:58,648 [pool-47-thread-1] INFO  server.RaftServerConfigKeys (ConfUtils.java:logGet(43)) - raft.server.snapshot.auto.trigger.enabled = true (custom)
2019-11-16 18:48:58,648 [pool-37-thread-1] INFO  server.RaftServerConfigKeys (ConfUtils.java:logGet(43)) - raft.server.snapshot.auto.trigger.threshold = 10000 (custom)
2019-11-16 18:48:58,649 [pool-47-thread-1] INFO  server.RaftServerConfigKeys (ConfUtils.java:logGet(43)) - raft.server.snapshot.auto.trigger.threshold = 10000 (custom)
2019-11-16 18:48:58,649 [pool-37-thread-1] INFO  server.RaftServerConfigKeys (ConfUtils.java:logGet(43)) - raft.server.snapshot.retention.file.num = 5 (custom)
2019-11-16 18:48:58,649 [pool-27-thread-1] INFO  segmented.SegmentedRaftLogWorker (SegmentedRaftLogWorker.java:lambda$new$0(128)) - 567568a2-3812-4947-8b66-e34939320967@group-D843E131BA8F-SegmentedRaftLogWorker: flushIndex: setUnconditionally 0 -> -1
2019-11-16 18:48:58,649 [pool-37-thread-1] INFO  server.RaftServerConfigKeys (ConfUtils.java:logGet(43)) - raft.server.retrycache.expirytime = 600000ms (custom)
2019-11-16 18:48:58,649 [pool-47-thread-1] INFO  server.RaftServerConfigKeys (ConfUtils.java:logGet(43)) - raft.server.snapshot.retention.file.num = 5 (custom)
2019-11-16 18:48:58,649 [pool-37-thread-1] WARN  impl.MetricRegistriesImpl (MetricRegistriesImpl.java:lambda$create$1(61)) - First MetricRegistry has been created without registering reporters. You may need to call MetricRegistries.global().addReportRegistration(...) before.
2019-11-16 18:48:58,649 [pool-27-thread-1] INFO  server.RaftServerConfigKeys (ConfUtils.java:logGet(43)) - raft.server.snapshot.auto.trigger.enabled = true (custom)
2019-11-16 18:48:58,650 [pool-37-thread-1] WARN  impl.MetricRegistriesImpl (MetricRegistriesImpl.java:lambda$create$1(61)) - First MetricRegistry has been created without registering reporters. You may need to call MetricRegistries.global().addReportRegistration(...) before.
2019-11-16 18:48:58,649 [pool-47-thread-1] INFO  server.RaftServerConfigKeys (ConfUtils.java:logGet(43)) - raft.server.retrycache.expirytime = 600000ms (custom)
2019-11-16 18:48:58,650 [pool-27-thread-1] INFO  server.RaftServerConfigKeys (ConfUtils.java:logGet(43)) - raft.server.snapshot.auto.trigger.threshold = 10000 (custom)
2019-11-16 18:48:58,650 [pool-47-thread-1] WARN  impl.MetricRegistriesImpl (MetricRegistriesImpl.java:lambda$create$1(61)) - First MetricRegistry has been created without registering reporters. You may need to call MetricRegistries.global().addReportRegistration(...) before.
2019-11-16 18:48:58,650 [pool-37-thread-1] INFO  impl.RaftServerImpl (RaftServerImpl.java:start(184)) - 4471c145-25da-4757-b1c9-9b4de2d5e316@group-D843E131BA8F: start as a follower, conf=-1: [342f9c6d-7e65-4482-afd9-925793643c1c:192.168.34.18:37838, 567568a2-3812-4947-8b66-e34939320967:192.168.34.18:33332, 4471c145-25da-4757-b1c9-9b4de2d5e316:192.168.34.18:34496], old=null
2019-11-16 18:48:58,650 [pool-47-thread-1] WARN  impl.MetricRegistriesImpl (MetricRegistriesImpl.java:lambda$create$1(61)) - First MetricRegistry has been created without registering reporters. You may need to call MetricRegistries.global().addReportRegistration(...) before.
2019-11-16 18:48:58,650 [pool-27-thread-1] INFO  server.RaftServerConfigKeys (ConfUtils.java:logGet(43)) - raft.server.snapshot.retention.file.num = 5 (custom)
2019-11-16 18:48:58,650 [pool-47-thread-1] INFO  impl.RaftServerImpl (RaftServerImpl.java:start(184)) - 342f9c6d-7e65-4482-afd9-925793643c1c@group-D843E131BA8F: start as a follower, conf=-1: [342f9c6d-7e65-4482-afd9-925793643c1c:192.168.34.18:37838, 567568a2-3812-4947-8b66-e34939320967:192.168.34.18:33332, 4471c145-25da-4757-b1c9-9b4de2d5e316:192.168.34.18:34496], old=null
2019-11-16 18:48:58,650 [pool-27-thread-1] INFO  server.RaftServerConfigKeys (ConfUtils.java:logGet(43)) - raft.server.retrycache.expirytime = 600000ms (custom)
2019-11-16 18:48:58,650 [pool-37-thread-1] INFO  impl.RaftServerImpl (RaftServerImpl.java:setRole(173)) - 4471c145-25da-4757-b1c9-9b4de2d5e316@group-D843E131BA8F: changes role from      null to FOLLOWER at term 0 for startAsFollower
2019-11-16 18:48:58,651 [pool-27-thread-1] WARN  impl.MetricRegistriesImpl (MetricRegistriesImpl.java:lambda$create$1(61)) - First MetricRegistry has been created without registering reporters. You may need to call MetricRegistries.global().addReportRegistration(...) before.
2019-11-16 18:48:58,651 [pool-47-thread-1] INFO  impl.RaftServerImpl (RaftServerImpl.java:setRole(173)) - 342f9c6d-7e65-4482-afd9-925793643c1c@group-D843E131BA8F: changes role from      null to FOLLOWER at term 0 for startAsFollower
2019-11-16 18:48:58,651 [pool-27-thread-1] WARN  impl.MetricRegistriesImpl (MetricRegistriesImpl.java:lambda$create$1(61)) - First MetricRegistry has been created without registering reporters. You may need to call MetricRegistries.global().addReportRegistration(...) before.
2019-11-16 18:48:58,651 [pool-37-thread-1] INFO  impl.RoleInfo (RoleInfo.java:updateAndGet(143)) - 4471c145-25da-4757-b1c9-9b4de2d5e316: start FollowerState
2019-11-16 18:48:58,651 [pool-47-thread-1] INFO  impl.RoleInfo (RoleInfo.java:updateAndGet(143)) - 342f9c6d-7e65-4482-afd9-925793643c1c: start FollowerState
2019-11-16 18:48:58,651 [pool-27-thread-1] INFO  impl.RaftServerImpl (RaftServerImpl.java:start(184)) - 567568a2-3812-4947-8b66-e34939320967@group-D843E131BA8F: start as a follower, conf=-1: [342f9c6d-7e65-4482-afd9-925793643c1c:192.168.34.18:37838, 567568a2-3812-4947-8b66-e34939320967:192.168.34.18:33332, 4471c145-25da-4757-b1c9-9b4de2d5e316:192.168.34.18:34496], old=null
2019-11-16 18:48:58,651 [pool-27-thread-1] INFO  impl.RaftServerImpl (RaftServerImpl.java:setRole(173)) - 567568a2-3812-4947-8b66-e34939320967@group-D843E131BA8F: changes role from      null to FOLLOWER at term 0 for startAsFollower
2019-11-16 18:48:58,651 [pool-37-thread-1] INFO  util.JmxRegister (JmxRegister.java:tryRegister(44)) - Successfully registered JMX Bean with object name Ratis:service=RaftServer,group=group-D843E131BA8F,id=4471c145-25da-4757-b1c9-9b4de2d5e316
2019-11-16 18:48:58,652 [pool-47-thread-1] INFO  util.JmxRegister (JmxRegister.java:tryRegister(44)) - Successfully registered JMX Bean with object name Ratis:service=RaftServer,group=group-D843E131BA8F,id=342f9c6d-7e65-4482-afd9-925793643c1c
2019-11-16 18:48:58,651 [pool-27-thread-1] INFO  impl.RoleInfo (RoleInfo.java:updateAndGet(143)) - 567568a2-3812-4947-8b66-e34939320967: start FollowerState
2019-11-16 18:48:58,652 [pool-47-thread-1] WARN  impl.MetricRegistriesImpl (MetricRegistriesImpl.java:lambda$create$1(61)) - First MetricRegistry has been created without registering reporters. You may need to call MetricRegistries.global().addReportRegistration(...) before.
2019-11-16 18:48:58,652 [pool-37-thread-1] WARN  impl.MetricRegistriesImpl (MetricRegistriesImpl.java:lambda$create$1(61)) - First MetricRegistry has been created without registering reporters. You may need to call MetricRegistries.global().addReportRegistration(...) before.
2019-11-16 18:48:58,652 [pool-27-thread-1] INFO  util.JmxRegister (JmxRegister.java:tryRegister(44)) - Successfully registered JMX Bean with object name Ratis:service=RaftServer,group=group-D843E131BA8F,id=567568a2-3812-4947-8b66-e34939320967
2019-11-16 18:48:58,652 [pool-27-thread-1] WARN  impl.MetricRegistriesImpl (MetricRegistriesImpl.java:lambda$create$1(61)) - First MetricRegistry has been created without registering reporters. You may need to call MetricRegistries.global().addReportRegistration(...) before.
2019-11-16 18:48:58,652 [Command processor thread] INFO  commandhandler.CreatePipelineCommandHandler (CreatePipelineCommandHandler.java:handle(86)) - Create Pipeline RATIS THREE #id: "912e5134-b45b-441c-8044-d843e131ba8f"
 command succeed on datanode 342f9c6d-7e65-4482-afd9-925793643c1c.
2019-11-16 18:48:58,652 [Command processor thread] INFO  commandhandler.CreatePipelineCommandHandler (CreatePipelineCommandHandler.java:handle(86)) - Create Pipeline RATIS THREE #id: "912e5134-b45b-441c-8044-d843e131ba8f"
 command succeed on datanode 4471c145-25da-4757-b1c9-9b4de2d5e316.
2019-11-16 18:48:58,653 [Command processor thread] INFO  commandhandler.CreatePipelineCommandHandler (CreatePipelineCommandHandler.java:handle(86)) - Create Pipeline RATIS THREE #id: "912e5134-b45b-441c-8044-d843e131ba8f"
 command succeed on datanode 567568a2-3812-4947-8b66-e34939320967.
2019-11-16 18:48:58,656 [EventQueue-PipelineReportForPipelineReportHandler] INFO  pipeline.PipelineReportHandler (PipelineReportHandler.java:processPipelineReport(113)) - Pipeline THREE PipelineID=912e5134-b45b-441c-8044-d843e131ba8f reported by 567568a2-3812-4947-8b66-e34939320967{ip: 192.168.34.18, host: pr-hdds-2291-fnk79-640473112, networkLocation: /default-rack, certSerialId: null}
2019-11-16 18:48:58,656 [EventQueue-PipelineReportForPipelineReportHandler] INFO  pipeline.PipelineReportHandler (PipelineReportHandler.java:processPipelineReport(113)) - Pipeline THREE PipelineID=912e5134-b45b-441c-8044-d843e131ba8f reported by 342f9c6d-7e65-4482-afd9-925793643c1c{ip: 192.168.34.18, host: pr-hdds-2291-fnk79-640473112, networkLocation: /default-rack, certSerialId: null}
2019-11-16 18:48:58,657 [EventQueue-PipelineReportForPipelineReportHandler] INFO  pipeline.PipelineReportHandler (PipelineReportHandler.java:processPipelineReport(113)) - Pipeline THREE PipelineID=912e5134-b45b-441c-8044-d843e131ba8f reported by 4471c145-25da-4757-b1c9-9b4de2d5e316{ip: 192.168.34.18, host: pr-hdds-2291-fnk79-640473112, networkLocation: /default-rack, certSerialId: null}
2019-11-16 18:48:59,439 [main] INFO  ozone.MiniOzoneClusterImpl (MiniOzoneClusterImpl.java:lambda$waitForClusterToBeReady$0(150)) - Nodes are ready. Got 3 of 3 DN Heartbeats.
2019-11-16 18:48:59,440 [main] INFO  ozone.MiniOzoneClusterImpl (MiniOzoneClusterImpl.java:lambda$waitForClusterToBeReady$0(153)) - Waiting for cluster to exit safe mode
2019-11-16 18:49:00,441 [main] INFO  ozone.MiniOzoneClusterImpl (MiniOzoneClusterImpl.java:lambda$waitForClusterToBeReady$0(150)) - Nodes are ready. Got 3 of 3 DN Heartbeats.
2019-11-16 18:49:00,441 [main] INFO  ozone.MiniOzoneClusterImpl (MiniOzoneClusterImpl.java:lambda$waitForClusterToBeReady$0(153)) - Waiting for cluster to exit safe mode
2019-11-16 18:49:01,442 [main] INFO  ozone.MiniOzoneClusterImpl (MiniOzoneClusterImpl.java:lambda$waitForClusterToBeReady$0(150)) - Nodes are ready. Got 3 of 3 DN Heartbeats.
2019-11-16 18:49:01,442 [main] INFO  ozone.MiniOzoneClusterImpl (MiniOzoneClusterImpl.java:lambda$waitForClusterToBeReady$0(153)) - Waiting for cluster to exit safe mode
2019-11-16 18:49:02,442 [main] INFO  ozone.MiniOzoneClusterImpl (MiniOzoneClusterImpl.java:lambda$waitForClusterToBeReady$0(150)) - Nodes are ready. Got 3 of 3 DN Heartbeats.
2019-11-16 18:49:02,443 [main] INFO  ozone.MiniOzoneClusterImpl (MiniOzoneClusterImpl.java:lambda$waitForClusterToBeReady$0(153)) - Waiting for cluster to exit safe mode
2019-11-16 18:49:03,443 [main] INFO  ozone.MiniOzoneClusterImpl (MiniOzoneClusterImpl.java:lambda$waitForClusterToBeReady$0(150)) - Nodes are ready. Got 3 of 3 DN Heartbeats.
2019-11-16 18:49:03,443 [main] INFO  ozone.MiniOzoneClusterImpl (MiniOzoneClusterImpl.java:lambda$waitForClusterToBeReady$0(153)) - Waiting for cluster to exit safe mode
2019-11-16 18:49:03,672 [Thread-191] INFO  impl.FollowerState (FollowerState.java:run(111)) - 567568a2-3812-4947-8b66-e34939320967@group-D843E131BA8F-FollowerState: change to CANDIDATE, lastRpcTime:5020ms, electionTimeout:5020ms
2019-11-16 18:49:03,674 [Thread-191] INFO  impl.RoleInfo (RoleInfo.java:shutdownFollowerState(121)) - 567568a2-3812-4947-8b66-e34939320967: shutdown FollowerState
2019-11-16 18:49:03,674 [Thread-191] INFO  impl.RaftServerImpl (RaftServerImpl.java:setRole(173)) - 567568a2-3812-4947-8b66-e34939320967@group-D843E131BA8F: changes role from  FOLLOWER to CANDIDATE at term 0 for changeToCandidate
2019-11-16 18:49:03,678 [Thread-191] INFO  impl.RoleInfo (RoleInfo.java:updateAndGet(143)) - 567568a2-3812-4947-8b66-e34939320967: start LeaderElection
2019-11-16 18:49:03,703 [567568a2-3812-4947-8b66-e34939320967@group-D843E131BA8F-LeaderElection1] INFO  impl.LeaderElection (LeaderElection.java:askForVotes(178)) - 567568a2-3812-4947-8b66-e34939320967@group-D843E131BA8F-LeaderElection1: begin an election at term 1 for -1: [342f9c6d-7e65-4482-afd9-925793643c1c:192.168.34.18:37838, 567568a2-3812-4947-8b66-e34939320967:192.168.34.18:33332, 4471c145-25da-4757-b1c9-9b4de2d5e316:192.168.34.18:34496], old=null
2019-11-16 18:49:03,705 [Thread-189] INFO  impl.FollowerState (FollowerState.java:run(111)) - 4471c145-25da-4757-b1c9-9b4de2d5e316@group-D843E131BA8F-FollowerState: change to CANDIDATE, lastRpcTime:5054ms, electionTimeout:5054ms
2019-11-16 18:49:03,706 [Thread-189] INFO  impl.RoleInfo (RoleInfo.java:shutdownFollowerState(121)) - 4471c145-25da-4757-b1c9-9b4de2d5e316: shutdown FollowerState
2019-11-16 18:49:03,707 [Thread-189] INFO  impl.RaftServerImpl (RaftServerImpl.java:setRole(173)) - 4471c145-25da-4757-b1c9-9b4de2d5e316@group-D843E131BA8F: changes role from  FOLLOWER to CANDIDATE at term 0 for changeToCandidate
2019-11-16 18:49:03,707 [Thread-189] INFO  impl.RoleInfo (RoleInfo.java:updateAndGet(143)) - 4471c145-25da-4757-b1c9-9b4de2d5e316: start LeaderElection
2019-11-16 18:49:03,722 [Thread-183] INFO  impl.FollowerState (FollowerState.java:run(111)) - 567568a2-3812-4947-8b66-e34939320967@group-DDE0D6FB40A2-FollowerState: change to CANDIDATE, lastRpcTime:5129ms, electionTimeout:5127ms
2019-11-16 18:49:03,722 [Thread-183] INFO  impl.RoleInfo (RoleInfo.java:shutdownFollowerState(121)) - 567568a2-3812-4947-8b66-e34939320967: shutdown FollowerState
2019-11-16 18:49:03,723 [Thread-183] INFO  impl.RaftServerImpl (RaftServerImpl.java:setRole(173)) - 567568a2-3812-4947-8b66-e34939320967@group-DDE0D6FB40A2: changes role from  FOLLOWER to CANDIDATE at term 0 for changeToCandidate
2019-11-16 18:49:03,723 [Thread-183] INFO  impl.RoleInfo (RoleInfo.java:updateAndGet(143)) - 567568a2-3812-4947-8b66-e34939320967: start LeaderElection
2019-11-16 18:49:03,726 [4471c145-25da-4757-b1c9-9b4de2d5e316@group-D843E131BA8F-LeaderElection2] INFO  impl.LeaderElection (LeaderElection.java:askForVotes(178)) - 4471c145-25da-4757-b1c9-9b4de2d5e316@group-D843E131BA8F-LeaderElection2: begin an election at term 1 for -1: [342f9c6d-7e65-4482-afd9-925793643c1c:192.168.34.18:37838, 567568a2-3812-4947-8b66-e34939320967:192.168.34.18:33332, 4471c145-25da-4757-b1c9-9b4de2d5e316:192.168.34.18:34496], old=null
2019-11-16 18:49:03,739 [567568a2-3812-4947-8b66-e34939320967@group-DDE0D6FB40A2-LeaderElection3] INFO  impl.LeaderElection (LeaderElection.java:askForVotes(178)) - 567568a2-3812-4947-8b66-e34939320967@group-DDE0D6FB40A2-LeaderElection3: begin an election at term 1 for -1: [567568a2-3812-4947-8b66-e34939320967:192.168.34.18:33332], old=null
2019-11-16 18:49:03,741 [567568a2-3812-4947-8b66-e34939320967@group-DDE0D6FB40A2-LeaderElection3] INFO  impl.RoleInfo (RoleInfo.java:shutdownLeaderElection(134)) - 567568a2-3812-4947-8b66-e34939320967: shutdown LeaderElection
2019-11-16 18:49:03,741 [567568a2-3812-4947-8b66-e34939320967@group-DDE0D6FB40A2-LeaderElection3] INFO  impl.RaftServerImpl (RaftServerImpl.java:setRole(173)) - 567568a2-3812-4947-8b66-e34939320967@group-DDE0D6FB40A2: changes role from CANDIDATE to LEADER at term 1 for changeToLeader
2019-11-16 18:49:03,742 [567568a2-3812-4947-8b66-e34939320967@group-DDE0D6FB40A2-LeaderElection3] INFO  ratis.XceiverServerRatis (XceiverServerRatis.java:handleLeaderChangedNotification(733)) - Leader change notification received for group: group-DDE0D6FB40A2 with new leaderId: 567568a2-3812-4947-8b66-e34939320967
2019-11-16 18:49:03,742 [567568a2-3812-4947-8b66-e34939320967@group-DDE0D6FB40A2-LeaderElection3] INFO  impl.RaftServerImpl (ServerState.java:setLeader(255)) - 567568a2-3812-4947-8b66-e34939320967@group-DDE0D6FB40A2: change Leader from null to 567568a2-3812-4947-8b66-e34939320967 at term 1 for becomeLeader, leader elected after 5297ms
2019-11-16 18:49:03,745 [Thread-182] INFO  impl.FollowerState (FollowerState.java:run(111)) - 4471c145-25da-4757-b1c9-9b4de2d5e316@group-9451985C6B1C-FollowerState: change to CANDIDATE, lastRpcTime:5151ms, electionTimeout:5148ms
2019-11-16 18:49:03,745 [Thread-182] INFO  impl.RoleInfo (RoleInfo.java:shutdownFollowerState(121)) - 4471c145-25da-4757-b1c9-9b4de2d5e316: shutdown FollowerState
2019-11-16 18:49:03,745 [Thread-182] INFO  impl.RaftServerImpl (RaftServerImpl.java:setRole(173)) - 4471c145-25da-4757-b1c9-9b4de2d5e316@group-9451985C6B1C: changes role from  FOLLOWER to CANDIDATE at term 0 for changeToCandidate
2019-11-16 18:49:03,745 [Thread-182] INFO  impl.RoleInfo (RoleInfo.java:updateAndGet(143)) - 4471c145-25da-4757-b1c9-9b4de2d5e316: start LeaderElection
2019-11-16 18:49:03,750 [EventQueue-PipelineReportForPipelineReportHandler] INFO  pipeline.PipelineReportHandler (PipelineReportHandler.java:processPipelineReport(113)) - Pipeline THREE PipelineID=912e5134-b45b-441c-8044-d843e131ba8f reported by 567568a2-3812-4947-8b66-e34939320967{ip: 192.168.34.18, host: pr-hdds-2291-fnk79-640473112, networkLocation: /default-rack, certSerialId: null}
2019-11-16 18:49:03,750 [Thread-181] INFO  impl.FollowerState (FollowerState.java:run(111)) - 342f9c6d-7e65-4482-afd9-925793643c1c@group-55A569AF4846-FollowerState: change to CANDIDATE, lastRpcTime:5156ms, electionTimeout:5153ms
2019-11-16 18:49:03,750 [Thread-181] INFO  impl.RoleInfo (RoleInfo.java:shutdownFollowerState(121)) - 342f9c6d-7e65-4482-afd9-925793643c1c: shutdown FollowerState
2019-11-16 18:49:03,750 [Thread-181] INFO  impl.RaftServerImpl (RaftServerImpl.java:setRole(173)) - 342f9c6d-7e65-4482-afd9-925793643c1c@group-55A569AF4846: changes role from  FOLLOWER to CANDIDATE at term 0 for changeToCandidate
2019-11-16 18:49:03,751 [Thread-181] INFO  impl.RoleInfo (RoleInfo.java:updateAndGet(143)) - 342f9c6d-7e65-4482-afd9-925793643c1c: start LeaderElection
2019-11-16 18:49:03,754 [567568a2-3812-4947-8b66-e34939320967@group-DDE0D6FB40A2-LeaderElection3] INFO  server.RaftServerConfigKeys (ConfUtils.java:logGet(43)) - raft.server.staging.catchup.gap = 1000 (default)
2019-11-16 18:49:03,754 [567568a2-3812-4947-8b66-e34939320967@group-DDE0D6FB40A2-LeaderElection3] INFO  server.RaftServerConfigKeys (ConfUtils.java:logGet(43)) - raft.server.rpc.sleep.time = 25ms (default)
2019-11-16 18:49:03,761 [567568a2-3812-4947-8b66-e34939320967@group-DDE0D6FB40A2-LeaderElection3] INFO  server.RaftServerConfigKeys (ConfUtils.java:logGet(43)) - raft.server.write.element-limit = 4096 (default)
2019-11-16 18:49:03,763 [4471c145-25da-4757-b1c9-9b4de2d5e316@group-9451985C6B1C-LeaderElection4] INFO  impl.LeaderElection (LeaderElection.java:askForVotes(178)) - 4471c145-25da-4757-b1c9-9b4de2d5e316@group-9451985C6B1C-LeaderElection4: begin an election at term 1 for -1: [4471c145-25da-4757-b1c9-9b4de2d5e316:192.168.34.18:34496], old=null
2019-11-16 18:49:03,763 [342f9c6d-7e65-4482-afd9-925793643c1c@group-55A569AF4846-LeaderElection5] INFO  impl.LeaderElection (LeaderElection.java:askForVotes(178)) - 342f9c6d-7e65-4482-afd9-925793643c1c@group-55A569AF4846-LeaderElection5: begin an election at term 1 for -1: [342f9c6d-7e65-4482-afd9-925793643c1c:192.168.34.18:37838], old=null
2019-11-16 18:49:03,764 [4471c145-25da-4757-b1c9-9b4de2d5e316@group-9451985C6B1C-LeaderElection4] INFO  impl.RoleInfo (RoleInfo.java:shutdownLeaderElection(134)) - 4471c145-25da-4757-b1c9-9b4de2d5e316: shutdown LeaderElection
2019-11-16 18:49:03,764 [342f9c6d-7e65-4482-afd9-925793643c1c@group-55A569AF4846-LeaderElection5] INFO  impl.RoleInfo (RoleInfo.java:shutdownLeaderElection(134)) - 342f9c6d-7e65-4482-afd9-925793643c1c: shutdown LeaderElection
2019-11-16 18:49:03,764 [4471c145-25da-4757-b1c9-9b4de2d5e316@group-9451985C6B1C-LeaderElection4] INFO  impl.RaftServerImpl (RaftServerImpl.java:setRole(173)) - 4471c145-25da-4757-b1c9-9b4de2d5e316@group-9451985C6B1C: changes role from CANDIDATE to LEADER at term 1 for changeToLeader
2019-11-16 18:49:03,764 [342f9c6d-7e65-4482-afd9-925793643c1c@group-55A569AF4846-LeaderElection5] INFO  impl.RaftServerImpl (RaftServerImpl.java:setRole(173)) - 342f9c6d-7e65-4482-afd9-925793643c1c@group-55A569AF4846: changes role from CANDIDATE to LEADER at term 1 for changeToLeader
2019-11-16 18:49:03,764 [4471c145-25da-4757-b1c9-9b4de2d5e316@group-9451985C6B1C-LeaderElection4] INFO  ratis.XceiverServerRatis (XceiverServerRatis.java:handleLeaderChangedNotification(733)) - Leader change notification received for group: group-9451985C6B1C with new leaderId: 4471c145-25da-4757-b1c9-9b4de2d5e316
2019-11-16 18:49:03,764 [342f9c6d-7e65-4482-afd9-925793643c1c@group-55A569AF4846-LeaderElection5] INFO  ratis.XceiverServerRatis (XceiverServerRatis.java:handleLeaderChangedNotification(733)) - Leader change notification received for group: group-55A569AF4846 with new leaderId: 342f9c6d-7e65-4482-afd9-925793643c1c
2019-11-16 18:49:03,764 [4471c145-25da-4757-b1c9-9b4de2d5e316@group-9451985C6B1C-LeaderElection4] INFO  impl.RaftServerImpl (ServerState.java:setLeader(255)) - 4471c145-25da-4757-b1c9-9b4de2d5e316@group-9451985C6B1C: change Leader from null to 4471c145-25da-4757-b1c9-9b4de2d5e316 at term 1 for becomeLeader, leader elected after 5319ms
2019-11-16 18:49:03,765 [342f9c6d-7e65-4482-afd9-925793643c1c@group-55A569AF4846-LeaderElection5] INFO  impl.RaftServerImpl (ServerState.java:setLeader(255)) - 342f9c6d-7e65-4482-afd9-925793643c1c@group-55A569AF4846: change Leader from null to 342f9c6d-7e65-4482-afd9-925793643c1c at term 1 for becomeLeader, leader elected after 5303ms
2019-11-16 18:49:03,765 [4471c145-25da-4757-b1c9-9b4de2d5e316@group-9451985C6B1C-LeaderElection4] INFO  server.RaftServerConfigKeys (ConfUtils.java:logGet(43)) - raft.server.staging.catchup.gap = 1000 (default)
2019-11-16 18:49:03,765 [342f9c6d-7e65-4482-afd9-925793643c1c@group-55A569AF4846-LeaderElection5] INFO  server.RaftServerConfigKeys (ConfUtils.java:logGet(43)) - raft.server.staging.catchup.gap = 1000 (default)
2019-11-16 18:49:03,765 [4471c145-25da-4757-b1c9-9b4de2d5e316@group-9451985C6B1C-LeaderElection4] INFO  server.RaftServerConfigKeys (ConfUtils.java:logGet(43)) - raft.server.rpc.sleep.time = 25ms (default)
2019-11-16 18:49:03,765 [342f9c6d-7e65-4482-afd9-925793643c1c@group-55A569AF4846-LeaderElection5] INFO  server.RaftServerConfigKeys (ConfUtils.java:logGet(43)) - raft.server.rpc.sleep.time = 25ms (default)
2019-11-16 18:49:03,765 [4471c145-25da-4757-b1c9-9b4de2d5e316@group-9451985C6B1C-LeaderElection4] INFO  server.RaftServerConfigKeys (ConfUtils.java:logGet(43)) - raft.server.write.element-limit = 4096 (default)
2019-11-16 18:49:03,766 [342f9c6d-7e65-4482-afd9-925793643c1c@group-55A569AF4846-LeaderElection5] INFO  server.RaftServerConfigKeys (ConfUtils.java:logGet(43)) - raft.server.write.element-limit = 4096 (default)
2019-11-16 18:49:03,769 [EventQueue-PipelineReportForPipelineReportHandler] INFO  pipeline.PipelineReportHandler (PipelineReportHandler.java:processPipelineReport(113)) - Pipeline THREE PipelineID=912e5134-b45b-441c-8044-d843e131ba8f reported by 4471c145-25da-4757-b1c9-9b4de2d5e316{ip: 192.168.34.18, host: pr-hdds-2291-fnk79-640473112, networkLocation: /default-rack, certSerialId: null}
2019-11-16 18:49:03,769 [EventQueue-PipelineReportForPipelineReportHandler] INFO  pipeline.PipelineReportHandler (PipelineReportHandler.java:processPipelineReport(113)) - Pipeline THREE PipelineID=912e5134-b45b-441c-8044-d843e131ba8f reported by 342f9c6d-7e65-4482-afd9-925793643c1c{ip: 192.168.34.18, host: pr-hdds-2291-fnk79-640473112, networkLocation: /default-rack, certSerialId: null}
2019-11-16 18:49:03,770 [567568a2-3812-4947-8b66-e34939320967@group-DDE0D6FB40A2-LeaderElection3] INFO  server.RaftServerConfigKeys (ConfUtils.java:logGet(43)) - raft.server.watch.timeout = 10s (default)
2019-11-16 18:49:03,770 [4471c145-25da-4757-b1c9-9b4de2d5e316@group-9451985C6B1C-LeaderElection4] INFO  server.RaftServerConfigKeys (ConfUtils.java:logGet(43)) - raft.server.watch.timeout = 10s (default)
2019-11-16 18:49:03,771 [567568a2-3812-4947-8b66-e34939320967@group-DDE0D6FB40A2-LeaderElection3] INFO  server.RaftServerConfigKeys (ConfUtils.java:logGet(43)) - raft.server.watch.timeout.denomination = 1s (default)
2019-11-16 18:49:03,770 [342f9c6d-7e65-4482-afd9-925793643c1c@group-55A569AF4846-LeaderElection5] INFO  server.RaftServerConfigKeys (ConfUtils.java:logGet(43)) - raft.server.watch.timeout = 10s (default)
2019-11-16 18:49:03,771 [4471c145-25da-4757-b1c9-9b4de2d5e316@group-9451985C6B1C-LeaderElection4] INFO  server.RaftServerConfigKeys (ConfUtils.java:logGet(43)) - raft.server.watch.timeout.denomination = 1s (default)
2019-11-16 18:49:03,771 [342f9c6d-7e65-4482-afd9-925793643c1c@group-55A569AF4846-LeaderElection5] INFO  server.RaftServerConfigKeys (ConfUtils.java:logGet(43)) - raft.server.watch.timeout.denomination = 1s (default)
2019-11-16 18:49:03,772 [567568a2-3812-4947-8b66-e34939320967@group-DDE0D6FB40A2-LeaderElection3] INFO  server.RaftServerConfigKeys (ConfUtils.java:logGet(43)) - raft.server.watch.element-limit = 65536 (default)
2019-11-16 18:49:03,772 [342f9c6d-7e65-4482-afd9-925793643c1c@group-55A569AF4846-LeaderElection5] INFO  server.RaftServerConfigKeys (ConfUtils.java:logGet(43)) - raft.server.watch.element-limit = 65536 (default)
2019-11-16 18:49:03,772 [4471c145-25da-4757-b1c9-9b4de2d5e316@group-9451985C6B1C-LeaderElection4] INFO  server.RaftServerConfigKeys (ConfUtils.java:logGet(43)) - raft.server.watch.element-limit = 65536 (default)
2019-11-16 18:49:03,784 [567568a2-3812-4947-8b66-e34939320967@group-DDE0D6FB40A2-LeaderElection3] INFO  impl.RoleInfo (RoleInfo.java:updateAndGet(143)) - 567568a2-3812-4947-8b66-e34939320967: start LeaderState
2019-11-16 18:49:03,784 [342f9c6d-7e65-4482-afd9-925793643c1c@group-55A569AF4846-LeaderElection5] INFO  impl.RoleInfo (RoleInfo.java:updateAndGet(143)) - 342f9c6d-7e65-4482-afd9-925793643c1c: start LeaderState
2019-11-16 18:49:03,784 [4471c145-25da-4757-b1c9-9b4de2d5e316@group-9451985C6B1C-LeaderElection4] INFO  impl.RoleInfo (RoleInfo.java:updateAndGet(143)) - 4471c145-25da-4757-b1c9-9b4de2d5e316: start LeaderState
2019-11-16 18:49:03,788 [Thread-190] INFO  impl.FollowerState (FollowerState.java:run(111)) - 342f9c6d-7e65-4482-afd9-925793643c1c@group-D843E131BA8F-FollowerState: change to CANDIDATE, lastRpcTime:5136ms, electionTimeout:5136ms
2019-11-16 18:49:03,788 [Thread-190] INFO  impl.RoleInfo (RoleInfo.java:shutdownFollowerState(121)) - 342f9c6d-7e65-4482-afd9-925793643c1c: shutdown FollowerState
2019-11-16 18:49:03,788 [Thread-190] INFO  impl.RaftServerImpl (RaftServerImpl.java:setRole(173)) - 342f9c6d-7e65-4482-afd9-925793643c1c@group-D843E131BA8F: changes role from  FOLLOWER to CANDIDATE at term 0 for changeToCandidate
2019-11-16 18:49:03,788 [Thread-190] INFO  impl.RoleInfo (RoleInfo.java:updateAndGet(143)) - 342f9c6d-7e65-4482-afd9-925793643c1c: start LeaderElection
2019-11-16 18:49:03,795 [342f9c6d-7e65-4482-afd9-925793643c1c@group-D843E131BA8F-LeaderElection6] INFO  impl.LeaderElection (LeaderElection.java:askForVotes(178)) - 342f9c6d-7e65-4482-afd9-925793643c1c@group-D843E131BA8F-LeaderElection6: begin an election at term 1 for -1: [342f9c6d-7e65-4482-afd9-925793643c1c:192.168.34.18:37838, 567568a2-3812-4947-8b66-e34939320967:192.168.34.18:33332, 4471c145-25da-4757-b1c9-9b4de2d5e316:192.168.34.18:34496], old=null
2019-11-16 18:49:03,807 [342f9c6d-7e65-4482-afd9-925793643c1c@group-55A569AF4846-LeaderElection5] INFO  segmented.SegmentedRaftLogWorker (SegmentedRaftLogWorker.java:startLogSegment(385)) - 342f9c6d-7e65-4482-afd9-925793643c1c@group-55A569AF4846-SegmentedRaftLogWorker: Starting segment from index:0
2019-11-16 18:49:03,807 [4471c145-25da-4757-b1c9-9b4de2d5e316@group-9451985C6B1C-LeaderElection4] INFO  segmented.SegmentedRaftLogWorker (SegmentedRaftLogWorker.java:startLogSegment(385)) - 4471c145-25da-4757-b1c9-9b4de2d5e316@group-9451985C6B1C-SegmentedRaftLogWorker: Starting segment from index:0
2019-11-16 18:49:03,807 [567568a2-3812-4947-8b66-e34939320967@group-DDE0D6FB40A2-LeaderElection3] INFO  segmented.SegmentedRaftLogWorker (SegmentedRaftLogWorker.java:startLogSegment(385)) - 567568a2-3812-4947-8b66-e34939320967@group-DDE0D6FB40A2-SegmentedRaftLogWorker: Starting segment from index:0
2019-11-16 18:49:03,826 [342f9c6d-7e65-4482-afd9-925793643c1c@group-55A569AF4846-LeaderElection5] INFO  impl.RaftServerImpl (ServerState.java:setRaftConf(356)) - 342f9c6d-7e65-4482-afd9-925793643c1c@group-55A569AF4846: set configuration 0: [342f9c6d-7e65-4482-afd9-925793643c1c:192.168.34.18:37838], old=null at 0
2019-11-16 18:49:03,826 [567568a2-3812-4947-8b66-e34939320967@group-DDE0D6FB40A2-LeaderElection3] INFO  impl.RaftServerImpl (ServerState.java:setRaftConf(356)) - 567568a2-3812-4947-8b66-e34939320967@group-DDE0D6FB40A2: set configuration 0: [567568a2-3812-4947-8b66-e34939320967:192.168.34.18:33332], old=null at 0
2019-11-16 18:49:03,828 [4471c145-25da-4757-b1c9-9b4de2d5e316@group-9451985C6B1C-LeaderElection4] INFO  impl.RaftServerImpl (ServerState.java:setRaftConf(356)) - 4471c145-25da-4757-b1c9-9b4de2d5e316@group-9451985C6B1C: set configuration 0: [4471c145-25da-4757-b1c9-9b4de2d5e316:192.168.34.18:34496], old=null at 0
2019-11-16 18:49:03,986 [4471c145-25da-4757-b1c9-9b4de2d5e316@group-9451985C6B1C-SegmentedRaftLogWorker] INFO  segmented.SegmentedRaftLogWorker (SegmentedRaftLogWorker.java:execute(576)) - 4471c145-25da-4757-b1c9-9b4de2d5e316@group-9451985C6B1C-SegmentedRaftLogWorker: created new log segment /workdir/hadoop-ozone/tools/target/test-dir/MiniOzoneClusterImpl-844686d1-b526-4d2d-b34d-e0f05f886494/datanode-1/data/ratis/2c7cac1f-868d-4a66-b1af-9451985c6b1c/current/log_inprogress_0
2019-11-16 18:49:03,986 [342f9c6d-7e65-4482-afd9-925793643c1c@group-55A569AF4846-SegmentedRaftLogWorker] INFO  segmented.SegmentedRaftLogWorker (SegmentedRaftLogWorker.java:execute(576)) - 342f9c6d-7e65-4482-afd9-925793643c1c@group-55A569AF4846-SegmentedRaftLogWorker: created new log segment /workdir/hadoop-ozone/tools/target/test-dir/MiniOzoneClusterImpl-844686d1-b526-4d2d-b34d-e0f05f886494/datanode-2/data/ratis/ab549192-1946-4e01-92fd-55a569af4846/current/log_inprogress_0
2019-11-16 18:49:03,986 [567568a2-3812-4947-8b66-e34939320967@group-DDE0D6FB40A2-SegmentedRaftLogWorker] INFO  segmented.SegmentedRaftLogWorker (SegmentedRaftLogWorker.java:execute(576)) - 567568a2-3812-4947-8b66-e34939320967@group-DDE0D6FB40A2-SegmentedRaftLogWorker: created new log segment /workdir/hadoop-ozone/tools/target/test-dir/MiniOzoneClusterImpl-844686d1-b526-4d2d-b34d-e0f05f886494/datanode-0/data/ratis/620d7610-ea79-46c4-ad7e-dde0d6fb40a2/current/log_inprogress_0
2019-11-16 18:49:04,158 [4471c145-25da-4757-b1c9-9b4de2d5e316@group-D843E131BA8F-LeaderElection2] INFO  impl.LeaderElection (LeaderElection.java:logAndReturn(56)) - 4471c145-25da-4757-b1c9-9b4de2d5e316@group-D843E131BA8F-LeaderElection2: Election REJECTED; received 2 response(s) [4471c145-25da-4757-b1c9-9b4de2d5e316<-567568a2-3812-4947-8b66-e34939320967#0:FAIL-t1, 4471c145-25da-4757-b1c9-9b4de2d5e316<-342f9c6d-7e65-4482-afd9-925793643c1c#0:FAIL-t1] and 0 exception(s); 4471c145-25da-4757-b1c9-9b4de2d5e316@group-D843E131BA8F:t1, leader=null, voted=4471c145-25da-4757-b1c9-9b4de2d5e316, raftlog=4471c145-25da-4757-b1c9-9b4de2d5e316@group-D843E131BA8F-SegmentedRaftLog:OPENED:c-1,f-1,i0, conf=-1: [342f9c6d-7e65-4482-afd9-925793643c1c:192.168.34.18:37838, 567568a2-3812-4947-8b66-e34939320967:192.168.34.18:33332, 4471c145-25da-4757-b1c9-9b4de2d5e316:192.168.34.18:34496], old=null
2019-11-16 18:49:04,158 [342f9c6d-7e65-4482-afd9-925793643c1c@group-D843E131BA8F-LeaderElection6] INFO  impl.LeaderElection (LeaderElection.java:logAndReturn(56)) - 342f9c6d-7e65-4482-afd9-925793643c1c@group-D843E131BA8F-LeaderElection6: Election REJECTED; received 2 response(s) [342f9c6d-7e65-4482-afd9-925793643c1c<-567568a2-3812-4947-8b66-e34939320967#0:FAIL-t1, 342f9c6d-7e65-4482-afd9-925793643c1c<-4471c145-25da-4757-b1c9-9b4de2d5e316#0:FAIL-t1] and 0 exception(s); 342f9c6d-7e65-4482-afd9-925793643c1c@group-D843E131BA8F:t1, leader=null, voted=342f9c6d-7e65-4482-afd9-925793643c1c, raftlog=342f9c6d-7e65-4482-afd9-925793643c1c@group-D843E131BA8F-SegmentedRaftLog:OPENED:c-1,f-1,i0, conf=-1: [342f9c6d-7e65-4482-afd9-925793643c1c:192.168.34.18:37838, 567568a2-3812-4947-8b66-e34939320967:192.168.34.18:33332, 4471c145-25da-4757-b1c9-9b4de2d5e316:192.168.34.18:34496], old=null
2019-11-16 18:49:04,158 [567568a2-3812-4947-8b66-e34939320967@group-D843E131BA8F-LeaderElection1] INFO  impl.LeaderElection (LeaderElection.java:logAndReturn(56)) - 567568a2-3812-4947-8b66-e34939320967@group-D843E131BA8F-LeaderElection1: Election REJECTED; received 2 response(s) [567568a2-3812-4947-8b66-e34939320967<-342f9c6d-7e65-4482-afd9-925793643c1c#0:FAIL-t1, 567568a2-3812-4947-8b66-e34939320967<-4471c145-25da-4757-b1c9-9b4de2d5e316#0:FAIL-t1] and 0 exception(s); 567568a2-3812-4947-8b66-e34939320967@group-D843E131BA8F:t1, leader=null, voted=567568a2-3812-4947-8b66-e34939320967, raftlog=567568a2-3812-4947-8b66-e34939320967@group-D843E131BA8F-SegmentedRaftLog:OPENED:c-1,f-1,i0, conf=-1: [342f9c6d-7e65-4482-afd9-925793643c1c:192.168.34.18:37838, 567568a2-3812-4947-8b66-e34939320967:192.168.34.18:33332, 4471c145-25da-4757-b1c9-9b4de2d5e316:192.168.34.18:34496], old=null
2019-11-16 18:49:04,160 [4471c145-25da-4757-b1c9-9b4de2d5e316@group-D843E131BA8F-LeaderElection2] INFO  impl.RaftServerImpl (RaftServerImpl.java:setRole(173)) - 4471c145-25da-4757-b1c9-9b4de2d5e316@group-D843E131BA8F: changes role from CANDIDATE to FOLLOWER at term 1 for DISCOVERED_A_NEW_TERM
2019-11-16 18:49:04,161 [567568a2-3812-4947-8b66-e34939320967@group-D843E131BA8F-LeaderElection1] INFO  impl.RaftServerImpl (RaftServerImpl.java:setRole(173)) - 567568a2-3812-4947-8b66-e34939320967@group-D843E131BA8F: changes role from CANDIDATE to FOLLOWER at term 1 for DISCOVERED_A_NEW_TERM
2019-11-16 18:49:04,160 [342f9c6d-7e65-4482-afd9-925793643c1c@group-D843E131BA8F-LeaderElection6] INFO  impl.RaftServerImpl (RaftServerImpl.java:setRole(173)) - 342f9c6d-7e65-4482-afd9-925793643c1c@group-D843E131BA8F: changes role from CANDIDATE to FOLLOWER at term 1 for DISCOVERED_A_NEW_TERM
2019-11-16 18:49:04,162 [567568a2-3812-4947-8b66-e34939320967@group-D843E131BA8F-LeaderElection1] INFO  impl.RoleInfo (RoleInfo.java:shutdownLeaderElection(134)) - 567568a2-3812-4947-8b66-e34939320967: shutdown LeaderElection
2019-11-16 18:49:04,162 [4471c145-25da-4757-b1c9-9b4de2d5e316@group-D843E131BA8F-LeaderElection2] INFO  impl.RoleInfo (RoleInfo.java:shutdownLeaderElection(134)) - 4471c145-25da-4757-b1c9-9b4de2d5e316: shutdown LeaderElection
2019-11-16 18:49:04,163 [342f9c6d-7e65-4482-afd9-925793643c1c@group-D843E131BA8F-LeaderElection6] INFO  impl.RoleInfo (RoleInfo.java:shutdownLeaderElection(134)) - 342f9c6d-7e65-4482-afd9-925793643c1c: shutdown LeaderElection
2019-11-16 18:49:04,163 [4471c145-25da-4757-b1c9-9b4de2d5e316@group-D843E131BA8F-LeaderElection2] INFO  impl.RoleInfo (RoleInfo.java:updateAndGet(143)) - 4471c145-25da-4757-b1c9-9b4de2d5e316: start FollowerState
2019-11-16 18:49:04,163 [342f9c6d-7e65-4482-afd9-925793643c1c@group-D843E131BA8F-LeaderElection6] INFO  impl.RoleInfo (RoleInfo.java:updateAndGet(143)) - 342f9c6d-7e65-4482-afd9-925793643c1c: start FollowerState
2019-11-16 18:49:04,163 [567568a2-3812-4947-8b66-e34939320967@group-D843E131BA8F-LeaderElection1] INFO  impl.RoleInfo (RoleInfo.java:updateAndGet(143)) - 567568a2-3812-4947-8b66-e34939320967: start FollowerState
2019-11-16 18:49:04,444 [main] INFO  ozone.MiniOzoneClusterImpl (MiniOzoneClusterImpl.java:lambda$waitForClusterToBeReady$0(150)) - Nodes are ready. Got 3 of 3 DN Heartbeats.
2019-11-16 18:49:04,444 [main] INFO  ozone.MiniOzoneClusterImpl (MiniOzoneClusterImpl.java:lambda$waitForClusterToBeReady$0(153)) - Waiting for cluster to exit safe mode
2019-11-16 18:49:05,444 [main] INFO  ozone.MiniOzoneClusterImpl (MiniOzoneClusterImpl.java:lambda$waitForClusterToBeReady$0(150)) - Nodes are ready. Got 3 of 3 DN Heartbeats.
2019-11-16 18:49:05,445 [main] INFO  ozone.MiniOzoneClusterImpl (MiniOzoneClusterImpl.java:lambda$waitForClusterToBeReady$0(153)) - Waiting for cluster to exit safe mode
2019-11-16 18:49:06,445 [main] INFO  ozone.MiniOzoneClusterImpl (MiniOzoneClusterImpl.java:lambda$waitForClusterToBeReady$0(150)) - Nodes are ready. Got 3 of 3 DN Heartbeats.
2019-11-16 18:49:06,446 [main] INFO  ozone.MiniOzoneClusterImpl (MiniOzoneClusterImpl.java:lambda$waitForClusterToBeReady$0(153)) - Waiting for cluster to exit safe mode
2019-11-16 18:49:07,446 [main] INFO  ozone.MiniOzoneClusterImpl (MiniOzoneClusterImpl.java:lambda$waitForClusterToBeReady$0(150)) - Nodes are ready. Got 3 of 3 DN Heartbeats.
2019-11-16 18:49:07,446 [main] INFO  ozone.MiniOzoneClusterImpl (MiniOzoneClusterImpl.java:lambda$waitForClusterToBeReady$0(153)) - Waiting for cluster to exit safe mode
2019-11-16 18:49:08,447 [main] INFO  ozone.MiniOzoneClusterImpl (MiniOzoneClusterImpl.java:lambda$waitForClusterToBeReady$0(150)) - Nodes are ready. Got 3 of 3 DN Heartbeats.
2019-11-16 18:49:08,447 [main] INFO  ozone.MiniOzoneClusterImpl (MiniOzoneClusterImpl.java:lambda$waitForClusterToBeReady$0(153)) - Waiting for cluster to exit safe mode
2019-11-16 18:49:09,201 [Thread-207] INFO  impl.FollowerState (FollowerState.java:run(111)) - 567568a2-3812-4947-8b66-e34939320967@group-D843E131BA8F-FollowerState: change to CANDIDATE, lastRpcTime:5037ms, electionTimeout:5036ms
2019-11-16 18:49:09,201 [Thread-207] INFO  impl.RoleInfo (RoleInfo.java:shutdownFollowerState(121)) - 567568a2-3812-4947-8b66-e34939320967: shutdown FollowerState
2019-11-16 18:49:09,201 [Thread-207] INFO  impl.RaftServerImpl (RaftServerImpl.java:setRole(173)) - 567568a2-3812-4947-8b66-e34939320967@group-D843E131BA8F: changes role from  FOLLOWER to CANDIDATE at term 1 for changeToCandidate
2019-11-16 18:49:09,202 [Thread-207] INFO  impl.RoleInfo (RoleInfo.java:updateAndGet(143)) - 567568a2-3812-4947-8b66-e34939320967: start LeaderElection
2019-11-16 18:49:09,226 [567568a2-3812-4947-8b66-e34939320967@group-D843E131BA8F-LeaderElection7] INFO  impl.LeaderElection (LeaderElection.java:askForVotes(178)) - 567568a2-3812-4947-8b66-e34939320967@group-D843E131BA8F-LeaderElection7: begin an election at term 2 for -1: [342f9c6d-7e65-4482-afd9-925793643c1c:192.168.34.18:37838, 567568a2-3812-4947-8b66-e34939320967:192.168.34.18:33332, 4471c145-25da-4757-b1c9-9b4de2d5e316:192.168.34.18:34496], old=null
2019-11-16 18:49:09,236 [grpc-default-executor-3] INFO  impl.RaftServerImpl (RaftServerImpl.java:setRole(173)) - 342f9c6d-7e65-4482-afd9-925793643c1c@group-D843E131BA8F: changes role from  FOLLOWER to FOLLOWER at term 2 for recognizeCandidate:567568a2-3812-4947-8b66-e34939320967
2019-11-16 18:49:09,236 [grpc-default-executor-4] INFO  impl.RaftServerImpl (RaftServerImpl.java:setRole(173)) - 4471c145-25da-4757-b1c9-9b4de2d5e316@group-D843E131BA8F: changes role from  FOLLOWER to FOLLOWER at term 2 for recognizeCandidate:567568a2-3812-4947-8b66-e34939320967
2019-11-16 18:49:09,236 [grpc-default-executor-3] INFO  impl.RoleInfo (RoleInfo.java:shutdownFollowerState(121)) - 342f9c6d-7e65-4482-afd9-925793643c1c: shutdown FollowerState
2019-11-16 18:49:09,236 [grpc-default-executor-4] INFO  impl.RoleInfo (RoleInfo.java:shutdownFollowerState(121)) - 4471c145-25da-4757-b1c9-9b4de2d5e316: shutdown FollowerState
2019-11-16 18:49:09,236 [Thread-209] INFO  impl.FollowerState (FollowerState.java:run(120)) - 342f9c6d-7e65-4482-afd9-925793643c1c@group-D843E131BA8F-FollowerState was interrupted: java.lang.InterruptedException: sleep interrupted
2019-11-16 18:49:09,236 [grpc-default-executor-3] INFO  impl.RoleInfo (RoleInfo.java:updateAndGet(143)) - 342f9c6d-7e65-4482-afd9-925793643c1c: start FollowerState
2019-11-16 18:49:09,236 [grpc-default-executor-4] INFO  impl.RoleInfo (RoleInfo.java:updateAndGet(143)) - 4471c145-25da-4757-b1c9-9b4de2d5e316: start FollowerState
2019-11-16 18:49:09,236 [Thread-208] INFO  impl.FollowerState (FollowerState.java:run(120)) - 4471c145-25da-4757-b1c9-9b4de2d5e316@group-D843E131BA8F-FollowerState was interrupted: java.lang.InterruptedException: sleep interrupted
2019-11-16 18:49:09,262 [567568a2-3812-4947-8b66-e34939320967@group-D843E131BA8F-LeaderElection7] INFO  impl.LeaderElection (LeaderElection.java:logAndReturn(56)) - 567568a2-3812-4947-8b66-e34939320967@group-D843E131BA8F-LeaderElection7: Election PASSED; received 1 response(s) [567568a2-3812-4947-8b66-e34939320967<-4471c145-25da-4757-b1c9-9b4de2d5e316#0:OK-t2] and 0 exception(s); 567568a2-3812-4947-8b66-e34939320967@group-D843E131BA8F:t2, leader=null, voted=567568a2-3812-4947-8b66-e34939320967, raftlog=567568a2-3812-4947-8b66-e34939320967@group-D843E131BA8F-SegmentedRaftLog:OPENED:c-1,f-1,i0, conf=-1: [342f9c6d-7e65-4482-afd9-925793643c1c:192.168.34.18:37838, 567568a2-3812-4947-8b66-e34939320967:192.168.34.18:33332, 4471c145-25da-4757-b1c9-9b4de2d5e316:192.168.34.18:34496], old=null
2019-11-16 18:49:09,262 [567568a2-3812-4947-8b66-e34939320967@group-D843E131BA8F-LeaderElection7] INFO  impl.RoleInfo (RoleInfo.java:shutdownLeaderElection(134)) - 567568a2-3812-4947-8b66-e34939320967: shutdown LeaderElection
2019-11-16 18:49:09,263 [567568a2-3812-4947-8b66-e34939320967@group-D843E131BA8F-LeaderElection7] INFO  impl.RaftServerImpl (RaftServerImpl.java:setRole(173)) - 567568a2-3812-4947-8b66-e34939320967@group-D843E131BA8F: changes role from CANDIDATE to LEADER at term 2 for changeToLeader
2019-11-16 18:49:09,263 [567568a2-3812-4947-8b66-e34939320967@group-D843E131BA8F-LeaderElection7] INFO  ratis.XceiverServerRatis (XceiverServerRatis.java:handleLeaderChangedNotification(733)) - Leader change notification received for group: group-D843E131BA8F with new leaderId: 567568a2-3812-4947-8b66-e34939320967
2019-11-16 18:49:09,264 [567568a2-3812-4947-8b66-e34939320967@group-D843E131BA8F-LeaderElection7] INFO  impl.RaftServerImpl (ServerState.java:setLeader(255)) - 567568a2-3812-4947-8b66-e34939320967@group-D843E131BA8F: change Leader from null to 567568a2-3812-4947-8b66-e34939320967 at term 2 for becomeLeader, leader elected after 10621ms
2019-11-16 18:49:09,264 [567568a2-3812-4947-8b66-e34939320967@group-D843E131BA8F-LeaderElection7] INFO  server.RaftServerConfigKeys (ConfUtils.java:logGet(43)) - raft.server.staging.catchup.gap = 1000 (default)
2019-11-16 18:49:09,264 [567568a2-3812-4947-8b66-e34939320967@group-D843E131BA8F-LeaderElection7] INFO  server.RaftServerConfigKeys (ConfUtils.java:logGet(43)) - raft.server.rpc.sleep.time = 25ms (default)
2019-11-16 18:49:09,264 [567568a2-3812-4947-8b66-e34939320967@group-D843E131BA8F-LeaderElection7] INFO  server.RaftServerConfigKeys (ConfUtils.java:logGet(43)) - raft.server.write.element-limit = 4096 (default)
2019-11-16 18:49:09,265 [567568a2-3812-4947-8b66-e34939320967@group-D843E131BA8F-LeaderElection7] INFO  server.RaftServerConfigKeys (ConfUtils.java:logGet(43)) - raft.server.watch.timeout = 10s (default)
2019-11-16 18:49:09,265 [567568a2-3812-4947-8b66-e34939320967@group-D843E131BA8F-LeaderElection7] INFO  server.RaftServerConfigKeys (ConfUtils.java:logGet(43)) - raft.server.watch.timeout.denomination = 1s (default)
2019-11-16 18:49:09,265 [567568a2-3812-4947-8b66-e34939320967@group-D843E131BA8F-LeaderElection7] INFO  server.RaftServerConfigKeys (ConfUtils.java:logGet(43)) - raft.server.watch.element-limit = 65536 (default)
2019-11-16 18:49:09,266 [EventQueue-PipelineReportForPipelineReportHandler] INFO  pipeline.PipelineReportHandler (PipelineReportHandler.java:processPipelineReport(113)) - Pipeline THREE PipelineID=912e5134-b45b-441c-8044-d843e131ba8f reported by 567568a2-3812-4947-8b66-e34939320967{ip: 192.168.34.18, host: pr-hdds-2291-fnk79-640473112, networkLocation: /default-rack, certSerialId: null}
2019-11-16 18:49:09,266 [EventQueue-PipelineReportForPipelineReportHandler] INFO  pipeline.PipelineStateManager (PipelineStateManager.java:openPipeline(132)) - Pipeline Pipeline[ Id: 912e5134-b45b-441c-8044-d843e131ba8f, Nodes: 342f9c6d-7e65-4482-afd9-925793643c1c{ip: 192.168.34.18, host: pr-hdds-2291-fnk79-640473112, networkLocation: /default-rack, certSerialId: null}567568a2-3812-4947-8b66-e34939320967{ip: 192.168.34.18, host: pr-hdds-2291-fnk79-640473112, networkLocation: /default-rack, certSerialId: null}4471c145-25da-4757-b1c9-9b4de2d5e316{ip: 192.168.34.18, host: pr-hdds-2291-fnk79-640473112, networkLocation: /default-rack, certSerialId: null}, Type:RATIS, Factor:THREE, State:ALLOCATED] moved to OPEN state
2019-11-16 18:49:09,267 [EventQueue-OpenPipelineForOneReplicaPipelineSafeModeRule] INFO  safemode.SCMSafeModeManager (SCMSafeModeManager.java:validateSafeModeExitRules(176)) - AtleastOneDatanodeReportedRule rule is successfully validated
2019-11-16 18:49:09,267 [EventQueue-OpenPipelineForHealthyPipelineSafeModeRule] INFO  safemode.SCMSafeModeManager (HealthyPipelineSafeModeRule.java:process(132)) - SCM in safe mode. Healthy pipelines reported count is 1, required healthy pipeline reported count is 1
2019-11-16 18:49:09,269 [EventQueue-OpenPipelineForHealthyPipelineSafeModeRule] INFO  safemode.SCMSafeModeManager (SCMSafeModeManager.java:validateSafeModeExitRules(176)) - HealthyPipelineSafeModeRule rule is successfully validated
2019-11-16 18:49:09,270 [EventQueue-OpenPipelineForHealthyPipelineSafeModeRule] INFO  safemode.SCMSafeModeManager (SCMSafeModeManager.java:validateSafeModeExitRules(185)) - ScmSafeModeManager, all rules are successfully validated
2019-11-16 18:49:09,270 [EventQueue-OpenPipelineForHealthyPipelineSafeModeRule] INFO  safemode.SCMSafeModeManager (SCMSafeModeManager.java:exitSafeMode(201)) - SCM exiting safe mode.
2019-11-16 18:49:09,270 [567568a2-3812-4947-8b66-e34939320967@group-D843E131BA8F-LeaderElection7] INFO  server.RaftServerConfigKeys (ConfUtils.java:logGet(43)) - raft.server.log.appender.snapshot.chunk.size.max = 16MB (=16777216) (default)
2019-11-16 18:49:09,270 [567568a2-3812-4947-8b66-e34939320967@group-D843E131BA8F-LeaderElection7] INFO  server.RaftServerConfigKeys (ConfUtils.java:logGet(43)) - raft.server.log.appender.buffer.byte-limit = 33554432 (custom)
2019-11-16 18:49:09,271 [567568a2-3812-4947-8b66-e34939320967@group-D843E131BA8F-LeaderElection7] INFO  server.RaftServerConfigKeys (ConfUtils.java:logGet(43)) - raft.server.log.appender.buffer.element-limit = 1 (custom)
2019-11-16 18:49:09,276 [567568a2-3812-4947-8b66-e34939320967@group-D843E131BA8F-LeaderElection7] INFO  grpc.GrpcConfigKeys$Server (ConfUtils.java:logGet(43)) - raft.grpc.server.leader.outstanding.appends.max = 128 (default)
2019-11-16 18:49:09,276 [567568a2-3812-4947-8b66-e34939320967@group-D843E131BA8F-LeaderElection7] INFO  server.RaftServerConfigKeys (ConfUtils.java:logGet(43)) - raft.server.rpc.request.timeout = 3000ms (default)
2019-11-16 18:49:09,276 [567568a2-3812-4947-8b66-e34939320967@group-D843E131BA8F-LeaderElection7] INFO  server.RaftServerConfigKeys (ConfUtils.java:logGet(43)) - raft.server.log.appender.install.snapshot.enabled = false (custom)
2019-11-16 18:49:09,277 [567568a2-3812-4947-8b66-e34939320967@group-D843E131BA8F-LeaderElection7] WARN  impl.MetricRegistriesImpl (MetricRegistriesImpl.java:lambda$create$1(61)) - First MetricRegistry has been created without registering reporters. You may need to call MetricRegistries.global().addReportRegistration(...) before.
2019-11-16 18:49:09,279 [567568a2-3812-4947-8b66-e34939320967@group-D843E131BA8F-LeaderElection7] INFO  server.RaftServerConfigKeys (ConfUtils.java:logGet(43)) - raft.server.log.appender.snapshot.chunk.size.max = 16MB (=16777216) (default)
2019-11-16 18:49:09,279 [567568a2-3812-4947-8b66-e34939320967@group-D843E131BA8F-LeaderElection7] INFO  server.RaftServerConfigKeys (ConfUtils.java:logGet(43)) - raft.server.log.appender.buffer.byte-limit = 33554432 (custom)
2019-11-16 18:49:09,279 [567568a2-3812-4947-8b66-e34939320967@group-D843E131BA8F-LeaderElection7] INFO  server.RaftServerConfigKeys (ConfUtils.java:logGet(43)) - raft.server.log.appender.buffer.element-limit = 1 (custom)
2019-11-16 18:49:09,279 [567568a2-3812-4947-8b66-e34939320967@group-D843E131BA8F-LeaderElection7] INFO  grpc.GrpcConfigKeys$Server (ConfUtils.java:logGet(43)) - raft.grpc.server.leader.outstanding.appends.max = 128 (default)
2019-11-16 18:49:09,280 [567568a2-3812-4947-8b66-e34939320967@group-D843E131BA8F-LeaderElection7] INFO  server.RaftServerConfigKeys (ConfUtils.java:logGet(43)) - raft.server.rpc.request.timeout = 3000ms (default)
2019-11-16 18:49:09,280 [567568a2-3812-4947-8b66-e34939320967@group-D843E131BA8F-LeaderElection7] INFO  server.RaftServerConfigKeys (ConfUtils.java:logGet(43)) - raft.server.log.appender.install.snapshot.enabled = false (custom)
2019-11-16 18:49:09,283 [567568a2-3812-4947-8b66-e34939320967@group-D843E131BA8F-LeaderElection7] INFO  impl.RoleInfo (RoleInfo.java:updateAndGet(143)) - 567568a2-3812-4947-8b66-e34939320967: start LeaderState
2019-11-16 18:49:09,284 [567568a2-3812-4947-8b66-e34939320967@group-D843E131BA8F-LeaderElection7] INFO  segmented.SegmentedRaftLogWorker (SegmentedRaftLogWorker.java:startLogSegment(385)) - 567568a2-3812-4947-8b66-e34939320967@group-D843E131BA8F-SegmentedRaftLogWorker: Starting segment from index:0
2019-11-16 18:49:09,285 [567568a2-3812-4947-8b66-e34939320967@group-D843E131BA8F-LeaderElection7] INFO  impl.RaftServerImpl (ServerState.java:setRaftConf(356)) - 567568a2-3812-4947-8b66-e34939320967@group-D843E131BA8F: set configuration 0: [342f9c6d-7e65-4482-afd9-925793643c1c:192.168.34.18:37838, 567568a2-3812-4947-8b66-e34939320967:192.168.34.18:33332, 4471c145-25da-4757-b1c9-9b4de2d5e316:192.168.34.18:34496], old=null at 0
2019-11-16 18:49:09,334 [567568a2-3812-4947-8b66-e34939320967@group-D843E131BA8F-SegmentedRaftLogWorker] INFO  segmented.SegmentedRaftLogWorker (SegmentedRaftLogWorker.java:execute(576)) - 567568a2-3812-4947-8b66-e34939320967@group-D843E131BA8F-SegmentedRaftLogWorker: created new log segment /workdir/hadoop-ozone/tools/target/test-dir/MiniOzoneClusterImpl-844686d1-b526-4d2d-b34d-e0f05f886494/datanode-0/data/ratis/912e5134-b45b-441c-8044-d843e131ba8f/current/log_inprogress_0
2019-11-16 18:49:09,348 [grpc-default-executor-3] INFO  ratis.XceiverServerRatis (XceiverServerRatis.java:handleLeaderChangedNotification(733)) - Leader change notification received for group: group-D843E131BA8F with new leaderId: 567568a2-3812-4947-8b66-e34939320967
2019-11-16 18:49:09,348 [grpc-default-executor-4] INFO  ratis.XceiverServerRatis (XceiverServerRatis.java:handleLeaderChangedNotification(733)) - Leader change notification received for group: group-D843E131BA8F with new leaderId: 567568a2-3812-4947-8b66-e34939320967
2019-11-16 18:49:09,348 [grpc-default-executor-3] INFO  impl.RaftServerImpl (ServerState.java:setLeader(255)) - 342f9c6d-7e65-4482-afd9-925793643c1c@group-D843E131BA8F: change Leader from null to 567568a2-3812-4947-8b66-e34939320967 at term 2 for appendEntries, leader elected after 10705ms
2019-11-16 18:49:09,348 [grpc-default-executor-4] INFO  impl.RaftServerImpl (ServerState.java:setLeader(255)) - 4471c145-25da-4757-b1c9-9b4de2d5e316@group-D843E131BA8F: change Leader from null to 567568a2-3812-4947-8b66-e34939320967 at term 2 for appendEntries, leader elected after 10705ms
2019-11-16 18:49:09,379 [grpc-default-executor-4] INFO  impl.RaftServerImpl (ServerState.java:setRaftConf(356)) - 342f9c6d-7e65-4482-afd9-925793643c1c@group-D843E131BA8F: set configuration 0: [342f9c6d-7e65-4482-afd9-925793643c1c:192.168.34.18:37838, 567568a2-3812-4947-8b66-e34939320967:192.168.34.18:33332, 4471c145-25da-4757-b1c9-9b4de2d5e316:192.168.34.18:34496], old=null at 0
2019-11-16 18:49:09,379 [grpc-default-executor-3] INFO  impl.RaftServerImpl (ServerState.java:setRaftConf(356)) - 4471c145-25da-4757-b1c9-9b4de2d5e316@group-D843E131BA8F: set configuration 0: [342f9c6d-7e65-4482-afd9-925793643c1c:192.168.34.18:37838, 567568a2-3812-4947-8b66-e34939320967:192.168.34.18:33332, 4471c145-25da-4757-b1c9-9b4de2d5e316:192.168.34.18:34496], old=null at 0
2019-11-16 18:49:09,379 [grpc-default-executor-4] INFO  segmented.SegmentedRaftLogWorker (SegmentedRaftLogWorker.java:startLogSegment(385)) - 342f9c6d-7e65-4482-afd9-925793643c1c@group-D843E131BA8F-SegmentedRaftLogWorker: Starting segment from index:0
2019-11-16 18:49:09,379 [grpc-default-executor-3] INFO  segmented.SegmentedRaftLogWorker (SegmentedRaftLogWorker.java:startLogSegment(385)) - 4471c145-25da-4757-b1c9-9b4de2d5e316@group-D843E131BA8F-SegmentedRaftLogWorker: Starting segment from index:0
2019-11-16 18:49:09,416 [4471c145-25da-4757-b1c9-9b4de2d5e316@group-D843E131BA8F-SegmentedRaftLogWorker] INFO  segmented.SegmentedRaftLogWorker (SegmentedRaftLogWorker.java:execute(576)) - 4471c145-25da-4757-b1c9-9b4de2d5e316@group-D843E131BA8F-SegmentedRaftLogWorker: created new log segment /workdir/hadoop-ozone/tools/target/test-dir/MiniOzoneClusterImpl-844686d1-b526-4d2d-b34d-e0f05f886494/datanode-1/data/ratis/912e5134-b45b-441c-8044-d843e131ba8f/current/log_inprogress_0
2019-11-16 18:49:09,416 [342f9c6d-7e65-4482-afd9-925793643c1c@group-D843E131BA8F-SegmentedRaftLogWorker] INFO  segmented.SegmentedRaftLogWorker (SegmentedRaftLogWorker.java:execute(576)) - 342f9c6d-7e65-4482-afd9-925793643c1c@group-D843E131BA8F-SegmentedRaftLogWorker: created new log segment /workdir/hadoop-ozone/tools/target/test-dir/MiniOzoneClusterImpl-844686d1-b526-4d2d-b34d-e0f05f886494/datanode-2/data/ratis/912e5134-b45b-441c-8044-d843e131ba8f/current/log_inprogress_0
2019-11-16 18:49:09,447 [main] INFO  ozone.MiniOzoneClusterImpl (MiniOzoneClusterImpl.java:lambda$waitForClusterToBeReady$0(150)) - Nodes are ready. Got 3 of 3 DN Heartbeats.
2019-11-16 18:49:09,448 [main] INFO  ozone.MiniOzoneClusterImpl (MiniOzoneClusterImpl.java:lambda$waitForClusterToBeReady$0(153)) - Cluster exits safe mode
2019-11-16 18:49:10,284 [main] INFO  freon.RandomKeyGenerator (RandomKeyGenerator.java:call(283)) - Number of Threads: 10
2019-11-16 18:49:10,285 [main] INFO  freon.RandomKeyGenerator (RandomKeyGenerator.java:call(288)) - Number of Volumes: 1.
2019-11-16 18:49:10,285 [main] INFO  freon.RandomKeyGenerator (RandomKeyGenerator.java:call(289)) - Number of Buckets per Volume: 1.
2019-11-16 18:49:10,285 [main] INFO  freon.RandomKeyGenerator (RandomKeyGenerator.java:call(290)) - Number of Keys per Bucket: 1.
2019-11-16 18:49:10,285 [main] INFO  freon.RandomKeyGenerator (RandomKeyGenerator.java:call(291)) - Key size: 20971520 bytes
2019-11-16 18:49:10,285 [main] INFO  freon.RandomKeyGenerator (RandomKeyGenerator.java:call(292)) - Buffer size: 4096 bytes
2019-11-16 18:49:10,285 [main] INFO  freon.RandomKeyGenerator (RandomKeyGenerator.java:call(293)) - validateWrites : true
2019-11-16 18:49:10,289 [main] INFO  freon.RandomKeyGenerator (RandomKeyGenerator.java:call(307)) - Data validation is enabled.
2019-11-16 18:49:10,290 [main] INFO  freon.RandomKeyGenerator (RandomKeyGenerator.java:call(313)) - Starting progress bar Thread.

 0.00% |?                                                                                                    |  0/1 Time: 0:00:002019-11-16 18:49:10,312 [pool-53-thread-1] INFO  rpc.RpcClient (RpcClient.java:createVolume(292)) - Creating Volume: vol-0-28602, with jenkins1000 as owner.
2019-11-16 18:49:10,353 [IPC Server handler 0 on 45471] INFO  volume.OMVolumeCreateRequest (OMVolumeCreateRequest.java:validateAndUpdateCache(193)) - created volume:vol-0-28602 for user:jenkins1000
2019-11-16 18:49:10,421 [pool-53-thread-2] INFO  rpc.RpcClient (RpcClient.java:createBucket(431)) - Creating Bucket: vol-0-28602/bucket-0-80519, with Versioning false and Storage Type set to DISK and Encryption set to false 
2019-11-16 18:49:10,629 [pool-53-thread-3] INFO  impl.MetricsSystemImpl (MetricsSystemImpl.java:init(158)) - XceiverClientMetrics metrics system started (again)
 0.00% |?                                                                                                    |  0/1 Time: 0:00:012019-11-16 18:49:12,273 [Thread-217] INFO  container.ReplicationManager (ReplicationManager.java:start(162)) - Starting Replication Monitor Thread.
2019-11-16 18:49:12,275 [ReplicationMonitor] INFO  container.ReplicationManager (ReplicationManager.java:run(225)) - Replication Monitor Thread took 1 milliseconds for processing 3 containers.
 0.00% |?                                                                                                    |  0/1 Time: 0:00:02 100.00% |?????????????????????????????????????????????????????????????????????????????????????????????????????|  1/1 Time: 0:00:03
2019-11-16 18:49:17,825 [main] INFO  pipeline.SCMPipelineManager (SCMPipelineManager.java:finalizeAndDestroyPipeline(333)) - destroying pipeline:Pipeline[ Id: 912e5134-b45b-441c-8044-d843e131ba8f, Nodes: 342f9c6d-7e65-4482-afd9-925793643c1c{ip: 192.168.34.18, host: pr-hdds-2291-fnk79-640473112, networkLocation: /default-rack, certSerialId: null}567568a2-3812-4947-8b66-e34939320967{ip: 192.168.34.18, host: pr-hdds-2291-fnk79-640473112, networkLocation: /default-rack, certSerialId: null}4471c145-25da-4757-b1c9-9b4de2d5e316{ip: 192.168.34.18, host: pr-hdds-2291-fnk79-640473112, networkLocation: /default-rack, certSerialId: null}, Type:RATIS, Factor:THREE, State:OPEN]
2019-11-16 18:49:17,826 [main] INFO  pipeline.PipelineStateManager (PipelineStateManager.java:finalizePipeline(121)) - Pipeline Pipeline[ Id: 912e5134-b45b-441c-8044-d843e131ba8f, Nodes: 342f9c6d-7e65-4482-afd9-925793643c1c{ip: 192.168.34.18, host: pr-hdds-2291-fnk79-640473112, networkLocation: /default-rack, certSerialId: null}567568a2-3812-4947-8b66-e34939320967{ip: 192.168.34.18, host: pr-hdds-2291-fnk79-640473112, networkLocation: /default-rack, certSerialId: null}4471c145-25da-4757-b1c9-9b4de2d5e316{ip: 192.168.34.18, host: pr-hdds-2291-fnk79-640473112, networkLocation: /default-rack, certSerialId: null}, Type:RATIS, Factor:THREE, State:CLOSED] moved to CLOSED state
2019-11-16 18:49:17,826 [EventQueue-CloseContainerForCloseContainerEventHandler] INFO  container.CloseContainerEventHandler (CloseContainerEventHandler.java:onMessage(61)) - Close container Event triggered for container : #1
2019-11-16 18:49:17,827 [main] INFO  pipeline.RatisPipelineProvider (RatisPipelineProvider.java:lambda$close$5(207)) - Send pipeline:PipelineID=912e5134-b45b-441c-8044-d843e131ba8f close command to datanode 342f9c6d-7e65-4482-afd9-925793643c1c
2019-11-16 18:49:17,829 [main] INFO  pipeline.RatisPipelineProvider (RatisPipelineProvider.java:lambda$close$5(207)) - Send pipeline:PipelineID=912e5134-b45b-441c-8044-d843e131ba8f close command to datanode 567568a2-3812-4947-8b66-e34939320967
2019-11-16 18:49:17,829 [main] INFO  pipeline.RatisPipelineProvider (RatisPipelineProvider.java:lambda$close$5(207)) - Send pipeline:PipelineID=912e5134-b45b-441c-8044-d843e131ba8f close command to datanode 4471c145-25da-4757-b1c9-9b4de2d5e316
2019-11-16 18:49:17,837 [main] INFO  pipeline.PipelineStateManager (PipelineStateManager.java:removePipeline(106)) - Pipeline Pipeline[ Id: 912e5134-b45b-441c-8044-d843e131ba8f, Nodes: 342f9c6d-7e65-4482-afd9-925793643c1c{ip: 192.168.34.18, host: pr-hdds-2291-fnk79-640473112, networkLocation: /default-rack, certSerialId: null}567568a2-3812-4947-8b66-e34939320967{ip: 192.168.34.18, host: pr-hdds-2291-fnk79-640473112, networkLocation: /default-rack, certSerialId: null}4471c145-25da-4757-b1c9-9b4de2d5e316{ip: 192.168.34.18, host: pr-hdds-2291-fnk79-640473112, networkLocation: /default-rack, certSerialId: null}, Type:RATIS, Factor:THREE, State:CLOSED] removed from db
2019-11-16 18:49:17,839 [EventQueue-CloseContainerForCloseContainerEventHandler] INFO  container.CloseContainerEventHandler (CloseContainerEventHandler.java:onMessage(61)) - Close container Event triggered for container : #2
2019-11-16 18:49:17,840 [RatisPipelineUtilsThread] INFO  pipeline.RatisPipelineProvider (RatisPipelineProvider.java:lambda$create$4(163)) - Send pipeline:PipelineID=fe1e0d27-abc3-4bec-af27-04994039cfde create command to datanode 342f9c6d-7e65-4482-afd9-925793643c1c
2019-11-16 18:49:17,841 [RatisPipelineUtilsThread] INFO  pipeline.RatisPipelineProvider (RatisPipelineProvider.java:lambda$create$4(163)) - Send pipeline:PipelineID=fe1e0d27-abc3-4bec-af27-04994039cfde create command to datanode 567568a2-3812-4947-8b66-e34939320967
2019-11-16 18:49:17,841 [RatisPipelineUtilsThread] INFO  pipeline.RatisPipelineProvider (RatisPipelineProvider.java:lambda$create$4(163)) - Send pipeline:PipelineID=fe1e0d27-abc3-4bec-af27-04994039cfde create command to datanode 4471c145-25da-4757-b1c9-9b4de2d5e316
2019-11-16 18:49:17,841 [RatisPipelineUtilsThread] INFO  pipeline.PipelineStateManager (PipelineStateManager.java:addPipeline(55)) - Created pipeline Pipeline[ Id: fe1e0d27-abc3-4bec-af27-04994039cfde, Nodes: 342f9c6d-7e65-4482-afd9-925793643c1c{ip: 192.168.34.18, host: pr-hdds-2291-fnk79-640473112, networkLocation: /default-rack, certSerialId: null}567568a2-3812-4947-8b66-e34939320967{ip: 192.168.34.18, host: pr-hdds-2291-fnk79-640473112, networkLocation: /default-rack, certSerialId: null}4471c145-25da-4757-b1c9-9b4de2d5e316{ip: 192.168.34.18, host: pr-hdds-2291-fnk79-640473112, networkLocation: /default-rack, certSerialId: null}, Type:RATIS, Factor:THREE, State:ALLOCATED]
2019-11-16 18:49:17,843 [EventQueue-CloseContainerForCloseContainerEventHandler] ERROR container.CloseContainerEventHandler (CloseContainerEventHandler.java:onMessage(89)) - Failed to close the container #2.
org.apache.hadoop.hdds.scm.pipeline.PipelineNotFoundException: PipelineID=912e5134-b45b-441c-8044-d843e131ba8f not found
	at org.apache.hadoop.hdds.scm.pipeline.PipelineStateMap.removeContainerFromPipeline(PipelineStateMap.java:351)
	at org.apache.hadoop.hdds.scm.pipeline.PipelineStateManager.removeContainerFromPipeline(PipelineStateManager.java:112)
	at org.apache.hadoop.hdds.scm.pipeline.SCMPipelineManager.removeContainerFromPipeline(SCMPipelineManager.java:286)
	at org.apache.hadoop.hdds.scm.container.SCMContainerManager.updateContainerState(SCMContainerManager.java:331)
	at org.apache.hadoop.hdds.scm.container.CloseContainerEventHandler.onMessage(CloseContainerEventHandler.java:66)
	at org.apache.hadoop.hdds.scm.container.CloseContainerEventHandler.onMessage(CloseContainerEventHandler.java:45)
	at org.apache.hadoop.hdds.server.events.SingleThreadExecutor.lambda$onMessage$1(SingleThreadExecutor.java:85)
	at java.util.concurrent.ThreadPoolExecutor.runWorker(ThreadPoolExecutor.java:1149)
	at java.util.concurrent.ThreadPoolExecutor$Worker.run(ThreadPoolExecutor.java:624)
	at java.lang.Thread.run(Thread.java:748)
2019-11-16 18:49:17,845 [EventQueue-CloseContainerForCloseContainerEventHandler] INFO  container.CloseContainerEventHandler (CloseContainerEventHandler.java:onMessage(61)) - Close container Event triggered for container : #3
2019-11-16 18:49:17,845 [EventQueue-CloseContainerForCloseContainerEventHandler] ERROR container.CloseContainerEventHandler (CloseContainerEventHandler.java:onMessage(89)) - Failed to close the container #3.
org.apache.hadoop.hdds.scm.pipeline.PipelineNotFoundException: PipelineID=912e5134-b45b-441c-8044-d843e131ba8f not found
	at org.apache.hadoop.hdds.scm.pipeline.PipelineStateMap.removeContainerFromPipeline(PipelineStateMap.java:351)
	at org.apache.hadoop.hdds.scm.pipeline.PipelineStateManager.removeContainerFromPipeline(PipelineStateManager.java:112)
	at org.apache.hadoop.hdds.scm.pipeline.SCMPipelineManager.removeContainerFromPipeline(SCMPipelineManager.java:286)
	at org.apache.hadoop.hdds.scm.container.SCMContainerManager.updateContainerState(SCMContainerManager.java:331)
	at org.apache.hadoop.hdds.scm.container.CloseContainerEventHandler.onMessage(CloseContainerEventHandler.java:66)
	at org.apache.hadoop.hdds.scm.container.CloseContainerEventHandler.onMessage(CloseContainerEventHandler.java:45)
	at org.apache.hadoop.hdds.server.events.SingleThreadExecutor.lambda$onMessage$1(SingleThreadExecutor.java:85)
	at java.util.concurrent.ThreadPoolExecutor.runWorker(ThreadPoolExecutor.java:1149)
	at java.util.concurrent.ThreadPoolExecutor$Worker.run(ThreadPoolExecutor.java:624)
	at java.lang.Thread.run(Thread.java:748)
2019-11-16 18:49:17,937 [main] INFO  freon.RandomKeyGenerator (RandomKeyGenerator.java:call(283)) - Number of Threads: 10
2019-11-16 18:49:17,938 [main] INFO  freon.RandomKeyGenerator (RandomKeyGenerator.java:call(288)) - Number of Volumes: 1.
2019-11-16 18:49:17,938 [main] INFO  freon.RandomKeyGenerator (RandomKeyGenerator.java:call(289)) - Number of Buckets per Volume: 1.
2019-11-16 18:49:17,938 [main] INFO  freon.RandomKeyGenerator (RandomKeyGenerator.java:call(290)) - Number of Keys per Bucket: 1.
2019-11-16 18:49:17,938 [main] INFO  freon.RandomKeyGenerator (RandomKeyGenerator.java:call(291)) - Key size: 20971520 bytes
2019-11-16 18:49:17,938 [main] INFO  freon.RandomKeyGenerator (RandomKeyGenerator.java:call(292)) - Buffer size: 4096 bytes
2019-11-16 18:49:17,938 [main] INFO  freon.RandomKeyGenerator (RandomKeyGenerator.java:call(293)) - validateWrites : true
2019-11-16 18:49:17,939 [main] INFO  freon.RandomKeyGenerator (RandomKeyGenerator.java:call(307)) - Data validation is enabled.
2019-11-16 18:49:17,940 [main] INFO  freon.RandomKeyGenerator (RandomKeyGenerator.java:call(313)) - Starting progress bar Thread.

 0.00% |?                                                                                                    |  0/1 Time: 0:00:002019-11-16 18:49:17,940 [pool-59-thread-1] INFO  rpc.RpcClient (RpcClient.java:createVolume(292)) - Creating Volume: vol-0-21696, with jenkins1000 as owner.
2019-11-16 18:49:17,944 [IPC Server handler 5 on 45471] INFO  volume.OMVolumeCreateRequest (OMVolumeCreateRequest.java:validateAndUpdateCache(193)) - created volume:vol-0-21696 for user:jenkins1000
2019-11-16 18:49:17,980 [pool-59-thread-3] INFO  rpc.RpcClient (RpcClient.java:createBucket(431)) - Creating Bucket: vol-0-21696/bucket-0-85767, with Versioning false and Storage Type set to DISK and Encryption set to false 
2019-11-16 18:49:18,003 [IPC Server handler 0 on 42803] WARN  block.BlockManagerImpl (BlockManagerImpl.java:allocateBlock(203)) - Pipeline creation failed for type:RATIS factor:THREE. Retrying get pipelines call once.
org.apache.hadoop.hdds.scm.pipeline.InsufficientDatanodesException: Cannot create pipeline of factor 3 using 0 nodes.
	at org.apache.hadoop.hdds.scm.pipeline.RatisPipelineProvider.create(RatisPipelineProvider.java:144)
	at org.apache.hadoop.hdds.scm.pipeline.PipelineFactory.create(PipelineFactory.java:60)
	at org.apache.hadoop.hdds.scm.pipeline.SCMPipelineManager.createPipeline(SCMPipelineManager.java:159)
	at org.apache.hadoop.hdds.scm.block.BlockManagerImpl.allocateBlock(BlockManagerImpl.java:199)
	at org.apache.hadoop.hdds.scm.server.SCMBlockProtocolServer.allocateBlock(SCMBlockProtocolServer.java:187)
	at org.apache.hadoop.hdds.scm.protocol.ScmBlockLocationProtocolServerSideTranslatorPB.allocateScmBlock(ScmBlockLocationProtocolServerSideTranslatorPB.java:159)
	at org.apache.hadoop.hdds.scm.protocol.ScmBlockLocationProtocolServerSideTranslatorPB.processMessage(ScmBlockLocationProtocolServerSideTranslatorPB.java:117)
	at org.apache.hadoop.hdds.server.OzoneProtocolMessageDispatcher.processRequest(OzoneProtocolMessageDispatcher.java:72)
	at org.apache.hadoop.hdds.scm.protocol.ScmBlockLocationProtocolServerSideTranslatorPB.send(ScmBlockLocationProtocolServerSideTranslatorPB.java:98)
	at org.apache.hadoop.hdds.protocol.proto.ScmBlockLocationProtocolProtos$ScmBlockLocationProtocolService$2.callBlockingMethod(ScmBlockLocationProtocolProtos.java:13157)
	at org.apache.hadoop.ipc.ProtobufRpcEngine$Server$ProtoBufRpcInvoker.call(ProtobufRpcEngine.java:524)
	at org.apache.hadoop.ipc.RPC$Server.call(RPC.java:1025)
	at org.apache.hadoop.ipc.Server$RpcCall.run(Server.java:876)
	at org.apache.hadoop.ipc.Server$RpcCall.run(Server.java:822)
	at java.security.AccessController.doPrivileged(Native Method)
	at javax.security.auth.Subject.doAs(Subject.java:422)
	at org.apache.hadoop.security.UserGroupInformation.doAs(UserGroupInformation.java:1730)
	at org.apache.hadoop.ipc.Server$Handler.run(Server.java:2682)
2019-11-16 18:49:18,004 [IPC Server handler 0 on 42803] INFO  block.BlockManagerImpl (BlockManagerImpl.java:allocateBlock(215)) - Could not find available pipeline of type:RATIS and factor:THREE even after retrying
2019-11-16 18:49:18,004 [IPC Server handler 0 on 42803] ERROR block.BlockManagerImpl (BlockManagerImpl.java:allocateBlock(239)) - Unable to allocate a block for the size: 4194304, type: RATIS, factor: THREE
2019-11-16 18:49:18,005 [IPC Server handler 0 on 42803] WARN  block.BlockManagerImpl (BlockManagerImpl.java:allocateBlock(203)) - Pipeline creation failed for type:RATIS factor:THREE. Retrying get pipelines call once.
org.apache.hadoop.hdds.scm.pipeline.InsufficientDatanodesException: Cannot create pipeline of factor 3 using 0 nodes.
	at org.apache.hadoop.hdds.scm.pipeline.RatisPipelineProvider.create(RatisPipelineProvider.java:144)
	at org.apache.hadoop.hdds.scm.pipeline.PipelineFactory.create(PipelineFactory.java:60)
	at org.apache.hadoop.hdds.scm.pipeline.SCMPipelineManager.createPipeline(SCMPipelineManager.java:159)
	at org.apache.hadoop.hdds.scm.block.BlockManagerImpl.allocateBlock(BlockManagerImpl.java:199)
	at org.apache.hadoop.hdds.scm.server.SCMBlockProtocolServer.allocateBlock(SCMBlockProtocolServer.java:187)
	at org.apache.hadoop.hdds.scm.protocol.ScmBlockLocationProtocolServerSideTranslatorPB.allocateScmBlock(ScmBlockLocationProtocolServerSideTranslatorPB.java:159)
	at org.apache.hadoop.hdds.scm.protocol.ScmBlockLocationProtocolServerSideTranslatorPB.processMessage(ScmBlockLocationProtocolServerSideTranslatorPB.java:117)
	at org.apache.hadoop.hdds.server.OzoneProtocolMessageDispatcher.processRequest(OzoneProtocolMessageDispatcher.java:72)
	at org.apache.hadoop.hdds.scm.protocol.ScmBlockLocationProtocolServerSideTranslatorPB.send(ScmBlockLocationProtocolServerSideTranslatorPB.java:98)
	at org.apache.hadoop.hdds.protocol.proto.ScmBlockLocationProtocolProtos$ScmBlockLocationProtocolService$2.callBlockingMethod(ScmBlockLocationProtocolProtos.java:13157)
	at org.apache.hadoop.ipc.ProtobufRpcEngine$Server$ProtoBufRpcInvoker.call(ProtobufRpcEngine.java:524)
	at org.apache.hadoop.ipc.RPC$Server.call(RPC.java:1025)
	at org.apache.hadoop.ipc.Server$RpcCall.run(Server.java:876)
	at org.apache.hadoop.ipc.Server$RpcCall.run(Server.java:822)
	at java.security.AccessController.doPrivileged(Native Method)
	at javax.security.auth.Subject.doAs(Subject.java:422)
	at org.apache.hadoop.security.UserGroupInformation.doAs(UserGroupInformation.java:1730)
	at org.apache.hadoop.ipc.Server$Handler.run(Server.java:2682)
2019-11-16 18:49:18,005 [IPC Server handler 0 on 42803] INFO  block.BlockManagerImpl (BlockManagerImpl.java:allocateBlock(215)) - Could not find available pipeline of type:RATIS and factor:THREE even after retrying
2019-11-16 18:49:18,006 [IPC Server handler 0 on 42803] ERROR block.BlockManagerImpl (BlockManagerImpl.java:allocateBlock(239)) - Unable to allocate a block for the size: 4194304, type: RATIS, factor: THREE
2019-11-16 18:49:18,006 [IPC Server handler 0 on 42803] WARN  block.BlockManagerImpl (BlockManagerImpl.java:allocateBlock(203)) - Pipeline creation failed for type:RATIS factor:THREE. Retrying get pipelines call once.
org.apache.hadoop.hdds.scm.pipeline.InsufficientDatanodesException: Cannot create pipeline of factor 3 using 0 nodes.
	at org.apache.hadoop.hdds.scm.pipeline.RatisPipelineProvider.create(RatisPipelineProvider.java:144)
	at org.apache.hadoop.hdds.scm.pipeline.PipelineFactory.create(PipelineFactory.java:60)
	at org.apache.hadoop.hdds.scm.pipeline.SCMPipelineManager.createPipeline(SCMPipelineManager.java:159)
	at org.apache.hadoop.hdds.scm.block.BlockManagerImpl.allocateBlock(BlockManagerImpl.java:199)
	at org.apache.hadoop.hdds.scm.server.SCMBlockProtocolServer.allocateBlock(SCMBlockProtocolServer.java:187)
	at org.apache.hadoop.hdds.scm.protocol.ScmBlockLocationProtocolServerSideTranslatorPB.allocateScmBlock(ScmBlockLocationProtocolServerSideTranslatorPB.java:159)
	at org.apache.hadoop.hdds.scm.protocol.ScmBlockLocationProtocolServerSideTranslatorPB.processMessage(ScmBlockLocationProtocolServerSideTranslatorPB.java:117)
	at org.apache.hadoop.hdds.server.OzoneProtocolMessageDispatcher.processRequest(OzoneProtocolMessageDispatcher.java:72)
	at org.apache.hadoop.hdds.scm.protocol.ScmBlockLocationProtocolServerSideTranslatorPB.send(ScmBlockLocationProtocolServerSideTranslatorPB.java:98)
	at org.apache.hadoop.hdds.protocol.proto.ScmBlockLocationProtocolProtos$ScmBlockLocationProtocolService$2.callBlockingMethod(ScmBlockLocationProtocolProtos.java:13157)
	at org.apache.hadoop.ipc.ProtobufRpcEngine$Server$ProtoBufRpcInvoker.call(ProtobufRpcEngine.java:524)
	at org.apache.hadoop.ipc.RPC$Server.call(RPC.java:1025)
	at org.apache.hadoop.ipc.Server$RpcCall.run(Server.java:876)
	at org.apache.hadoop.ipc.Server$RpcCall.run(Server.java:822)
	at java.security.AccessController.doPrivileged(Native Method)
	at javax.security.auth.Subject.doAs(Subject.java:422)
	at org.apache.hadoop.security.UserGroupInformation.doAs(UserGroupInformation.java:1730)
	at org.apache.hadoop.ipc.Server$Handler.run(Server.java:2682)
2019-11-16 18:49:18,007 [IPC Server handler 0 on 42803] INFO  block.BlockManagerImpl (BlockManagerImpl.java:allocateBlock(215)) - Could not find available pipeline of type:RATIS and factor:THREE even after retrying
2019-11-16 18:49:18,007 [IPC Server handler 0 on 42803] ERROR block.BlockManagerImpl (BlockManagerImpl.java:allocateBlock(239)) - Unable to allocate a block for the size: 4194304, type: RATIS, factor: THREE
2019-11-16 18:49:18,008 [IPC Server handler 0 on 42803] WARN  block.BlockManagerImpl (BlockManagerImpl.java:allocateBlock(203)) - Pipeline creation failed for type:RATIS factor:THREE. Retrying get pipelines call once.
org.apache.hadoop.hdds.scm.pipeline.InsufficientDatanodesException: Cannot create pipeline of factor 3 using 0 nodes.
	at org.apache.hadoop.hdds.scm.pipeline.RatisPipelineProvider.create(RatisPipelineProvider.java:144)
	at org.apache.hadoop.hdds.scm.pipeline.PipelineFactory.create(PipelineFactory.java:60)
	at org.apache.hadoop.hdds.scm.pipeline.SCMPipelineManager.createPipeline(SCMPipelineManager.java:159)
	at org.apache.hadoop.hdds.scm.block.BlockManagerImpl.allocateBlock(BlockManagerImpl.java:199)
	at org.apache.hadoop.hdds.scm.server.SCMBlockProtocolServer.allocateBlock(SCMBlockProtocolServer.java:187)
	at org.apache.hadoop.hdds.scm.protocol.ScmBlockLocationProtocolServerSideTranslatorPB.allocateScmBlock(ScmBlockLocationProtocolServerSideTranslatorPB.java:159)
	at org.apache.hadoop.hdds.scm.protocol.ScmBlockLocationProtocolServerSideTranslatorPB.processMessage(ScmBlockLocationProtocolServerSideTranslatorPB.java:117)
	at org.apache.hadoop.hdds.server.OzoneProtocolMessageDispatcher.processRequest(OzoneProtocolMessageDispatcher.java:72)
	at org.apache.hadoop.hdds.scm.protocol.ScmBlockLocationProtocolServerSideTranslatorPB.send(ScmBlockLocationProtocolServerSideTranslatorPB.java:98)
	at org.apache.hadoop.hdds.protocol.proto.ScmBlockLocationProtocolProtos$ScmBlockLocationProtocolService$2.callBlockingMethod(ScmBlockLocationProtocolProtos.java:13157)
	at org.apache.hadoop.ipc.ProtobufRpcEngine$Server$ProtoBufRpcInvoker.call(ProtobufRpcEngine.java:524)
	at org.apache.hadoop.ipc.RPC$Server.call(RPC.java:1025)
	at org.apache.hadoop.ipc.Server$RpcCall.run(Server.java:876)
	at org.apache.hadoop.ipc.Server$RpcCall.run(Server.java:822)
	at java.security.AccessController.doPrivileged(Native Method)
	at javax.security.auth.Subject.doAs(Subject.java:422)
	at org.apache.hadoop.security.UserGroupInformation.doAs(UserGroupInformation.java:1730)
	at org.apache.hadoop.ipc.Server$Handler.run(Server.java:2682)
2019-11-16 18:49:18,009 [IPC Server handler 0 on 42803] INFO  block.BlockManagerImpl (BlockManagerImpl.java:allocateBlock(215)) - Could not find available pipeline of type:RATIS and factor:THREE even after retrying
2019-11-16 18:49:18,009 [IPC Server handler 0 on 42803] ERROR block.BlockManagerImpl (BlockManagerImpl.java:allocateBlock(239)) - Unable to allocate a block for the size: 4194304, type: RATIS, factor: THREE
2019-11-16 18:49:18,009 [IPC Server handler 0 on 42803] WARN  block.BlockManagerImpl (BlockManagerImpl.java:allocateBlock(203)) - Pipeline creation failed for type:RATIS factor:THREE. Retrying get pipelines call once.
org.apache.hadoop.hdds.scm.pipeline.InsufficientDatanodesException: Cannot create pipeline of factor 3 using 0 nodes.
	at org.apache.hadoop.hdds.scm.pipeline.RatisPipelineProvider.create(RatisPipelineProvider.java:144)
	at org.apache.hadoop.hdds.scm.pipeline.PipelineFactory.create(PipelineFactory.java:60)
	at org.apache.hadoop.hdds.scm.pipeline.SCMPipelineManager.createPipeline(SCMPipelineManager.java:159)
	at org.apache.hadoop.hdds.scm.block.BlockManagerImpl.allocateBlock(BlockManagerImpl.java:199)
	at org.apache.hadoop.hdds.scm.server.SCMBlockProtocolServer.allocateBlock(SCMBlockProtocolServer.java:187)
	at org.apache.hadoop.hdds.scm.protocol.ScmBlockLocationProtocolServerSideTranslatorPB.allocateScmBlock(ScmBlockLocationProtocolServerSideTranslatorPB.java:159)
	at org.apache.hadoop.hdds.scm.protocol.ScmBlockLocationProtocolServerSideTranslatorPB.processMessage(ScmBlockLocationProtocolServerSideTranslatorPB.java:117)
	at org.apache.hadoop.hdds.server.OzoneProtocolMessageDispatcher.processRequest(OzoneProtocolMessageDispatcher.java:72)
	at org.apache.hadoop.hdds.scm.protocol.ScmBlockLocationProtocolServerSideTranslatorPB.send(ScmBlockLocationProtocolServerSideTranslatorPB.java:98)
	at org.apache.hadoop.hdds.protocol.proto.ScmBlockLocationProtocolProtos$ScmBlockLocationProtocolService$2.callBlockingMethod(ScmBlockLocationProtocolProtos.java:13157)
	at org.apache.hadoop.ipc.ProtobufRpcEngine$Server$ProtoBufRpcInvoker.call(ProtobufRpcEngine.java:524)
	at org.apache.hadoop.ipc.RPC$Server.call(RPC.java:1025)
	at org.apache.hadoop.ipc.Server$RpcCall.run(Server.java:876)
	at org.apache.hadoop.ipc.Server$RpcCall.run(Server.java:822)
	at java.security.AccessController.doPrivileged(Native Method)
	at javax.security.auth.Subject.doAs(Subject.java:422)
	at org.apache.hadoop.security.UserGroupInformation.doAs(UserGroupInformation.java:1730)
	at org.apache.hadoop.ipc.Server$Handler.run(Server.java:2682)
2019-11-16 18:49:18,010 [IPC Server handler 0 on 42803] INFO  block.BlockManagerImpl (BlockManagerImpl.java:allocateBlock(215)) - Could not find available pipeline of type:RATIS and factor:THREE even after retrying
2019-11-16 18:49:18,010 [IPC Server handler 0 on 42803] ERROR block.BlockManagerImpl (BlockManagerImpl.java:allocateBlock(239)) - Unable to allocate a block for the size: 4194304, type: RATIS, factor: THREE
2019-11-16 18:49:18,014 [pool-59-thread-2] ERROR freon.RandomKeyGenerator (RandomKeyGenerator.java:createKey(735)) - Exception while adding key: key-0-87986 in bucket: bucket-0-85767 of volume: vol-0-21696.
INTERNAL_ERROR org.apache.hadoop.ozone.om.exceptions.OMException: Allocated 0 blocks. Requested 5 blocks
	at org.apache.hadoop.ozone.om.protocolPB.OzoneManagerProtocolClientSideTranslatorPB.handleError(OzoneManagerProtocolClientSideTranslatorPB.java:761)
	at org.apache.hadoop.ozone.om.protocolPB.OzoneManagerProtocolClientSideTranslatorPB.openKey(OzoneManagerProtocolClientSideTranslatorPB.java:752)
	at sun.reflect.NativeMethodAccessorImpl.invoke0(Native Method)
	at sun.reflect.NativeMethodAccessorImpl.invoke(NativeMethodAccessorImpl.java:62)
	at sun.reflect.DelegatingMethodAccessorImpl.invoke(DelegatingMethodAccessorImpl.java:43)
	at java.lang.reflect.Method.invoke(Method.java:498)
	at org.apache.hadoop.hdds.tracing.TraceAllMethod.invoke(TraceAllMethod.java:66)
	at com.sun.proxy.$Proxy37.openKey(Unknown Source)
	at org.apache.hadoop.ozone.client.rpc.RpcClient.createKey(RpcClient.java:633)
	at org.apache.hadoop.ozone.client.OzoneBucket.createKey(OzoneBucket.java:325)
	at org.apache.hadoop.ozone.freon.RandomKeyGenerator.createKey(RandomKeyGenerator.java:697)
	at org.apache.hadoop.ozone.freon.RandomKeyGenerator.access$1100(RandomKeyGenerator.java:88)
	at org.apache.hadoop.ozone.freon.RandomKeyGenerator$ObjectCreator.run(RandomKeyGenerator.java:615)
	at java.util.concurrent.Executors$RunnableAdapter.call(Executors.java:511)
	at java.util.concurrent.FutureTask.run(FutureTask.java:266)
	at java.util.concurrent.ThreadPoolExecutor.runWorker(ThreadPoolExecutor.java:1149)
	at java.util.concurrent.ThreadPoolExecutor$Worker.run(ThreadPoolExecutor.java:624)
	at java.lang.Thread.run(Thread.java:748)
2019-11-16 18:49:18,873 [Command processor thread] INFO  impl.RaftServerProxy (RaftServerProxy.java:remove(95)) - 4471c145-25da-4757-b1c9-9b4de2d5e316: remove  FOLLOWER 4471c145-25da-4757-b1c9-9b4de2d5e316@group-D843E131BA8F:t2, leader=567568a2-3812-4947-8b66-e34939320967, voted=567568a2-3812-4947-8b66-e34939320967, raftlog=4471c145-25da-4757-b1c9-9b4de2d5e316@group-D843E131BA8F-SegmentedRaftLog:OPENED:c77,f77,i77, conf=0: [342f9c6d-7e65-4482-afd9-925793643c1c:192.168.34.18:37838, 567568a2-3812-4947-8b66-e34939320967:192.168.34.18:33332, 4471c145-25da-4757-b1c9-9b4de2d5e316:192.168.34.18:34496], old=null RUNNING
2019-11-16 18:49:18,873 [Command processor thread] INFO  impl.RaftServerProxy (RaftServerProxy.java:remove(95)) - 567568a2-3812-4947-8b66-e34939320967: remove    LEADER 567568a2-3812-4947-8b66-e34939320967@group-D843E131BA8F:t2, leader=567568a2-3812-4947-8b66-e34939320967, voted=567568a2-3812-4947-8b66-e34939320967, raftlog=567568a2-3812-4947-8b66-e34939320967@group-D843E131BA8F-SegmentedRaftLog:OPENED:c77,f77,i77, conf=0: [342f9c6d-7e65-4482-afd9-925793643c1c:192.168.34.18:37838, 567568a2-3812-4947-8b66-e34939320967:192.168.34.18:33332, 4471c145-25da-4757-b1c9-9b4de2d5e316:192.168.34.18:34496], old=null RUNNING
2019-11-16 18:49:18,875 [Command processor thread] INFO  impl.RaftServerImpl (RaftServerImpl.java:lambda$shutdown$3(250)) - 4471c145-25da-4757-b1c9-9b4de2d5e316@group-D843E131BA8F: shutdown
2019-11-16 18:49:18,875 [Command processor thread] INFO  impl.RaftServerImpl (RaftServerImpl.java:lambda$shutdown$3(250)) - 567568a2-3812-4947-8b66-e34939320967@group-D843E131BA8F: shutdown
2019-11-16 18:49:18,878 [Command processor thread] INFO  util.JmxRegister (JmxRegister.java:unregister(73)) - Successfully un-registered JMX Bean with object name Ratis:service=RaftServer,group=group-D843E131BA8F,id=4471c145-25da-4757-b1c9-9b4de2d5e316
2019-11-16 18:49:18,878 [Command processor thread] INFO  util.JmxRegister (JmxRegister.java:unregister(73)) - Successfully un-registered JMX Bean with object name Ratis:service=RaftServer,group=group-D843E131BA8F,id=567568a2-3812-4947-8b66-e34939320967
2019-11-16 18:49:18,878 [Command processor thread] INFO  impl.RoleInfo (RoleInfo.java:shutdownFollowerState(121)) - 4471c145-25da-4757-b1c9-9b4de2d5e316: shutdown FollowerState
2019-11-16 18:49:18,878 [Command processor thread] INFO  impl.RoleInfo (RoleInfo.java:shutdownLeaderState(104)) - 567568a2-3812-4947-8b66-e34939320967: shutdown LeaderState
2019-11-16 18:49:18,879 [Thread-214] INFO  impl.FollowerState (FollowerState.java:run(120)) - 4471c145-25da-4757-b1c9-9b4de2d5e316@group-D843E131BA8F-FollowerState was interrupted: java.lang.InterruptedException: sleep interrupted
2019-11-16 18:49:18,879 [Command processor thread] INFO  impl.StateMachineUpdater (StateMachineUpdater.java:stopAndJoin(136)) - 4471c145-25da-4757-b1c9-9b4de2d5e316@group-D843E131BA8F-StateMachineUpdater: set stopIndex = 77
2019-11-16 18:49:18,880 [4471c145-25da-4757-b1c9-9b4de2d5e316@group-D843E131BA8F-StateMachineUpdater] INFO  ratis.ContainerStateMachine (ContainerStateMachine.java:takeSnapshot(285)) - group-D843E131BA8F: Taking a snapshot at:(t:2, i:75) file /workdir/hadoop-ozone/tools/target/test-dir/MiniOzoneClusterImpl-844686d1-b526-4d2d-b34d-e0f05f886494/datanode-1/data/ratis/912e5134-b45b-441c-8044-d843e131ba8f/sm/snapshot.2_75
2019-11-16 18:49:18,883 [Command processor thread] INFO  impl.PendingRequests (PendingRequests.java:sendNotLeaderResponses(206)) - 567568a2-3812-4947-8b66-e34939320967@group-D843E131BA8F-PendingRequests: sendNotLeaderResponses
2019-11-16 18:49:18,883 [org.apache.ratis.server.impl.LogAppender$AppenderDaemon$$Lambda$611/953202727@237183cf] WARN  server.GrpcLogAppender (GrpcLogAppender.java:mayWait(151)) - 567568a2-3812-4947-8b66-e34939320967@group-D843E131BA8F->342f9c6d-7e65-4482-afd9-925793643c1c-GrpcLogAppender: Wait interrupted by java.lang.InterruptedException
2019-11-16 18:49:18,883 [org.apache.ratis.server.impl.LogAppender$AppenderDaemon$$Lambda$611/953202727@3016a56] WARN  server.GrpcLogAppender (GrpcLogAppender.java:mayWait(151)) - 567568a2-3812-4947-8b66-e34939320967@group-D843E131BA8F->4471c145-25da-4757-b1c9-9b4de2d5e316-GrpcLogAppender: Wait interrupted by java.lang.InterruptedException
2019-11-16 18:49:18,889 [Command processor thread] INFO  impl.StateMachineUpdater (StateMachineUpdater.java:stopAndJoin(136)) - 567568a2-3812-4947-8b66-e34939320967@group-D843E131BA8F-StateMachineUpdater: set stopIndex = 77
2019-11-16 18:49:18,894 [567568a2-3812-4947-8b66-e34939320967@group-D843E131BA8F-StateMachineUpdater] INFO  ratis.ContainerStateMachine (ContainerStateMachine.java:takeSnapshot(285)) - group-D843E131BA8F: Taking a snapshot at:(t:2, i:75) file /workdir/hadoop-ozone/tools/target/test-dir/MiniOzoneClusterImpl-844686d1-b526-4d2d-b34d-e0f05f886494/datanode-0/data/ratis/912e5134-b45b-441c-8044-d843e131ba8f/sm/snapshot.2_75
2019-11-16 18:49:18,894 [grpc-default-executor-5] INFO  server.GrpcServerProtocolService (GrpcServerProtocolService.java:onCompleted(113)) - 4471c145-25da-4757-b1c9-9b4de2d5e316: Completed APPEND_ENTRIES, lastRequest: 567568a2-3812-4947-8b66-e34939320967->4471c145-25da-4757-b1c9-9b4de2d5e316#80-t2, previous=(t:2, i:77), leaderCommit=77, initializing? false, entries: <empty>
2019-11-16 18:49:18,894 [grpc-default-executor-3] INFO  server.GrpcServerProtocolService (GrpcServerProtocolService.java:onCompleted(113)) - 342f9c6d-7e65-4482-afd9-925793643c1c: Completed APPEND_ENTRIES, lastRequest: 567568a2-3812-4947-8b66-e34939320967->342f9c6d-7e65-4482-afd9-925793643c1c#80-t2, previous=(t:2, i:77), leaderCommit=77, initializing? false, entries: <empty>
2019-11-16 18:49:18,897 [grpc-default-executor-3] INFO  server.GrpcLogAppender (GrpcLogAppender.java:onCompleted(308)) - 567568a2-3812-4947-8b66-e34939320967@group-D843E131BA8F->4471c145-25da-4757-b1c9-9b4de2d5e316-AppendLogResponseHandler: follower responses appendEntries COMPLETED
2019-11-16 18:49:18,902 [grpc-default-executor-5] INFO  server.GrpcLogAppender (GrpcLogAppender.java:onCompleted(308)) - 567568a2-3812-4947-8b66-e34939320967@group-D843E131BA8F->342f9c6d-7e65-4482-afd9-925793643c1c-AppendLogResponseHandler: follower responses appendEntries COMPLETED
2019-11-16 18:49:18,907 [grpc-default-executor-3] INFO  impl.FollowerInfo (FollowerInfo.java:lambda$new$0(51)) - 567568a2-3812-4947-8b66-e34939320967@group-D843E131BA8F->4471c145-25da-4757-b1c9-9b4de2d5e316: nextIndex: updateUnconditionally 78 -> 77
2019-11-16 18:49:18,907 [grpc-default-executor-5] INFO  impl.FollowerInfo (FollowerInfo.java:lambda$new$0(51)) - 567568a2-3812-4947-8b66-e34939320967@group-D843E131BA8F->342f9c6d-7e65-4482-afd9-925793643c1c: nextIndex: updateUnconditionally 78 -> 77
 0.00% |?                                                                                                    |  0/1 Time: 0:00:012019-11-16 18:49:19,005 [567568a2-3812-4947-8b66-e34939320967@group-D843E131BA8F-StateMachineUpdater] INFO  ratis.ContainerStateMachine (ContainerStateMachine.java:takeSnapshot(296)) - group-D843E131BA8F: Finished taking a snapshot at:(t:2, i:75) file:/workdir/hadoop-ozone/tools/target/test-dir/MiniOzoneClusterImpl-844686d1-b526-4d2d-b34d-e0f05f886494/datanode-0/data/ratis/912e5134-b45b-441c-8044-d843e131ba8f/sm/snapshot.2_75 time:111
2019-11-16 18:49:19,005 [4471c145-25da-4757-b1c9-9b4de2d5e316@group-D843E131BA8F-StateMachineUpdater] INFO  ratis.ContainerStateMachine (ContainerStateMachine.java:takeSnapshot(296)) - group-D843E131BA8F: Finished taking a snapshot at:(t:2, i:75) file:/workdir/hadoop-ozone/tools/target/test-dir/MiniOzoneClusterImpl-844686d1-b526-4d2d-b34d-e0f05f886494/datanode-1/data/ratis/912e5134-b45b-441c-8044-d843e131ba8f/sm/snapshot.2_75 time:126
2019-11-16 18:49:19,007 [4471c145-25da-4757-b1c9-9b4de2d5e316@group-D843E131BA8F-StateMachineUpdater] INFO  impl.StateMachineUpdater (StateMachineUpdater.java:takeSnapshot(269)) - 4471c145-25da-4757-b1c9-9b4de2d5e316@group-D843E131BA8F-StateMachineUpdater: Took a snapshot at index 75
2019-11-16 18:49:19,007 [567568a2-3812-4947-8b66-e34939320967@group-D843E131BA8F-StateMachineUpdater] INFO  impl.StateMachineUpdater (StateMachineUpdater.java:takeSnapshot(269)) - 567568a2-3812-4947-8b66-e34939320967@group-D843E131BA8F-StateMachineUpdater: Took a snapshot at index 75
2019-11-16 18:49:19,008 [4471c145-25da-4757-b1c9-9b4de2d5e316@group-D843E131BA8F-StateMachineUpdater] INFO  impl.StateMachineUpdater (StateMachineUpdater.java:lambda$new$0(84)) - 4471c145-25da-4757-b1c9-9b4de2d5e316@group-D843E131BA8F-StateMachineUpdater: snapshotIndex: updateIncreasingly -1 -> 75
2019-11-16 18:49:19,008 [567568a2-3812-4947-8b66-e34939320967@group-D843E131BA8F-StateMachineUpdater] INFO  impl.StateMachineUpdater (StateMachineUpdater.java:lambda$new$0(84)) - 567568a2-3812-4947-8b66-e34939320967@group-D843E131BA8F-StateMachineUpdater: snapshotIndex: updateIncreasingly -1 -> 75
2019-11-16 18:49:19,014 [4471c145-25da-4757-b1c9-9b4de2d5e316@group-D843E131BA8F-StateMachineUpdater] INFO  ratis.ContainerStateMachine (ContainerStateMachine.java:takeSnapshot(285)) - group-D843E131BA8F: Taking a snapshot at:(t:2, i:75) file /workdir/hadoop-ozone/tools/target/test-dir/MiniOzoneClusterImpl-844686d1-b526-4d2d-b34d-e0f05f886494/datanode-1/data/ratis/912e5134-b45b-441c-8044-d843e131ba8f/sm/snapshot.2_75
2019-11-16 18:49:19,014 [567568a2-3812-4947-8b66-e34939320967@group-D843E131BA8F-StateMachineUpdater] INFO  ratis.ContainerStateMachine (ContainerStateMachine.java:takeSnapshot(285)) - group-D843E131BA8F: Taking a snapshot at:(t:2, i:75) file /workdir/hadoop-ozone/tools/target/test-dir/MiniOzoneClusterImpl-844686d1-b526-4d2d-b34d-e0f05f886494/datanode-0/data/ratis/912e5134-b45b-441c-8044-d843e131ba8f/sm/snapshot.2_75
2019-11-16 18:49:19,027 [567568a2-3812-4947-8b66-e34939320967@group-D843E131BA8F-StateMachineUpdater] INFO  ratis.ContainerStateMachine (ContainerStateMachine.java:takeSnapshot(296)) - group-D843E131BA8F: Finished taking a snapshot at:(t:2, i:75) file:/workdir/hadoop-ozone/tools/target/test-dir/MiniOzoneClusterImpl-844686d1-b526-4d2d-b34d-e0f05f886494/datanode-0/data/ratis/912e5134-b45b-441c-8044-d843e131ba8f/sm/snapshot.2_75 time:12
2019-11-16 18:49:19,027 [4471c145-25da-4757-b1c9-9b4de2d5e316@group-D843E131BA8F-StateMachineUpdater] INFO  ratis.ContainerStateMachine (ContainerStateMachine.java:takeSnapshot(296)) - group-D843E131BA8F: Finished taking a snapshot at:(t:2, i:75) file:/workdir/hadoop-ozone/tools/target/test-dir/MiniOzoneClusterImpl-844686d1-b526-4d2d-b34d-e0f05f886494/datanode-1/data/ratis/912e5134-b45b-441c-8044-d843e131ba8f/sm/snapshot.2_75 time:12
2019-11-16 18:49:19,027 [567568a2-3812-4947-8b66-e34939320967@group-D843E131BA8F-StateMachineUpdater] INFO  impl.StateMachineUpdater (StateMachineUpdater.java:takeSnapshot(269)) - 567568a2-3812-4947-8b66-e34939320967@group-D843E131BA8F-StateMachineUpdater: Took a snapshot at index 75
2019-11-16 18:49:19,027 [567568a2-3812-4947-8b66-e34939320967@group-D843E131BA8F-StateMachineUpdater] INFO  impl.StateMachineUpdater (StateMachineUpdater.java:lambda$new$0(84)) - 567568a2-3812-4947-8b66-e34939320967@group-D843E131BA8F-StateMachineUpdater: snapshotIndex: updateIncreasingly 75 -> 75
2019-11-16 18:49:19,027 [4471c145-25da-4757-b1c9-9b4de2d5e316@group-D843E131BA8F-StateMachineUpdater] INFO  impl.StateMachineUpdater (StateMachineUpdater.java:takeSnapshot(269)) - 4471c145-25da-4757-b1c9-9b4de2d5e316@group-D843E131BA8F-StateMachineUpdater: Took a snapshot at index 75
2019-11-16 18:49:19,027 [4471c145-25da-4757-b1c9-9b4de2d5e316@group-D843E131BA8F-StateMachineUpdater] INFO  impl.StateMachineUpdater (StateMachineUpdater.java:lambda$new$0(84)) - 4471c145-25da-4757-b1c9-9b4de2d5e316@group-D843E131BA8F-StateMachineUpdater: snapshotIndex: updateIncreasingly 75 -> 75
2019-11-16 18:49:19,028 [Command processor thread] INFO  impl.RaftServerImpl (ServerState.java:close(387)) - 567568a2-3812-4947-8b66-e34939320967@group-D843E131BA8F: closes. applyIndex: 77
2019-11-16 18:49:19,028 [Command processor thread] INFO  impl.RaftServerImpl (ServerState.java:close(387)) - 4471c145-25da-4757-b1c9-9b4de2d5e316@group-D843E131BA8F: closes. applyIndex: 77
2019-11-16 18:49:19,030 [567568a2-3812-4947-8b66-e34939320967@group-D843E131BA8F-SegmentedRaftLogWorker] INFO  segmented.SegmentedRaftLogWorker (SegmentedRaftLogWorker.java:run(316)) - 567568a2-3812-4947-8b66-e34939320967@group-D843E131BA8F-SegmentedRaftLogWorker was interrupted, exiting. There are 0 tasks remaining in the queue.
2019-11-16 18:49:19,030 [4471c145-25da-4757-b1c9-9b4de2d5e316@group-D843E131BA8F-SegmentedRaftLogWorker] INFO  segmented.SegmentedRaftLogWorker (SegmentedRaftLogWorker.java:run(316)) - 4471c145-25da-4757-b1c9-9b4de2d5e316@group-D843E131BA8F-SegmentedRaftLogWorker was interrupted, exiting. There are 0 tasks remaining in the queue.
2019-11-16 18:49:19,033 [Command processor thread] INFO  segmented.SegmentedRaftLogWorker (SegmentedRaftLogWorker.java:close(224)) - 567568a2-3812-4947-8b66-e34939320967@group-D843E131BA8F-SegmentedRaftLogWorker close()
2019-11-16 18:49:19,033 [Command processor thread] INFO  segmented.SegmentedRaftLogWorker (SegmentedRaftLogWorker.java:close(224)) - 4471c145-25da-4757-b1c9-9b4de2d5e316@group-D843E131BA8F-SegmentedRaftLogWorker close()
2019-11-16 18:49:19,071 [Command processor thread] INFO  interfaces.Container (KeyValueContainer.java:flushAndSyncDB(400)) - Container 1 is synced with bcsId 60.
2019-11-16 18:49:19,071 [Command processor thread] INFO  interfaces.Container (KeyValueContainer.java:flushAndSyncDB(400)) - Container 1 is synced with bcsId 60.
2019-11-16 18:49:19,072 [Command processor thread] INFO  interfaces.Container (KeyValueContainer.java:flushAndSyncDB(400)) - Container 1 is synced with bcsId 60.
2019-11-16 18:49:19,072 [Command processor thread] INFO  interfaces.Container (KeyValueContainer.java:flushAndSyncDB(400)) - Container 1 is synced with bcsId 60.
2019-11-16 18:49:19,091 [EventQueue-IncrementalContainerReportForIncrementalContainerReportHandler] INFO  container.IncrementalContainerReportHandler (AbstractContainerReportHandler.java:updateContainerState(171)) - Moving container #1 to QUASI_CLOSED state, datanode 4471c145-25da-4757-b1c9-9b4de2d5e316{ip: 192.168.34.18, host: pr-hdds-2291-fnk79-640473112, networkLocation: /default-rack, certSerialId: null} reported QUASI_CLOSED replica.
2019-11-16 18:49:19,118 [Command processor thread] INFO  interfaces.Container (KeyValueContainer.java:flushAndSyncDB(400)) - Container 2 is synced with bcsId 75.
2019-11-16 18:49:19,118 [Command processor thread] INFO  interfaces.Container (KeyValueContainer.java:flushAndSyncDB(400)) - Container 2 is synced with bcsId 75.
2019-11-16 18:49:19,118 [Command processor thread] INFO  interfaces.Container (KeyValueContainer.java:flushAndSyncDB(400)) - Container 2 is synced with bcsId 75.
2019-11-16 18:49:19,118 [Command processor thread] INFO  interfaces.Container (KeyValueContainer.java:flushAndSyncDB(400)) - Container 2 is synced with bcsId 75.
2019-11-16 18:49:19,137 [EventQueue-IncrementalContainerReportForIncrementalContainerReportHandler] INFO  container.IncrementalContainerReportHandler (AbstractContainerReportHandler.java:updateContainerState(171)) - Moving container #2 to QUASI_CLOSED state, datanode 4471c145-25da-4757-b1c9-9b4de2d5e316{ip: 192.168.34.18, host: pr-hdds-2291-fnk79-640473112, networkLocation: /default-rack, certSerialId: null} reported QUASI_CLOSED replica.
2019-11-16 18:49:19,163 [Command processor thread] INFO  interfaces.Container (KeyValueContainer.java:flushAndSyncDB(400)) - Container 3 is synced with bcsId 42.
2019-11-16 18:49:19,163 [Command processor thread] INFO  interfaces.Container (KeyValueContainer.java:flushAndSyncDB(400)) - Container 3 is synced with bcsId 42.
2019-11-16 18:49:19,163 [Command processor thread] INFO  interfaces.Container (KeyValueContainer.java:flushAndSyncDB(400)) - Container 3 is synced with bcsId 42.
2019-11-16 18:49:19,163 [Command processor thread] INFO  interfaces.Container (KeyValueContainer.java:flushAndSyncDB(400)) - Container 3 is synced with bcsId 42.
2019-11-16 18:49:19,179 [Command processor thread] INFO  commandhandler.ClosePipelineCommandHandler (ClosePipelineCommandHandler.java:handle(78)) - Close Pipeline #id: "912e5134-b45b-441c-8044-d843e131ba8f"
 command on datanode #567568a2-3812-4947-8b66-e34939320967.
2019-11-16 18:49:19,179 [Command processor thread] INFO  commandhandler.ClosePipelineCommandHandler (ClosePipelineCommandHandler.java:handle(78)) - Close Pipeline #id: "912e5134-b45b-441c-8044-d843e131ba8f"
 command on datanode #4471c145-25da-4757-b1c9-9b4de2d5e316.
2019-11-16 18:49:19,181 [EventQueue-IncrementalContainerReportForIncrementalContainerReportHandler] INFO  container.IncrementalContainerReportHandler (AbstractContainerReportHandler.java:updateContainerState(171)) - Moving container #3 to QUASI_CLOSED state, datanode 4471c145-25da-4757-b1c9-9b4de2d5e316{ip: 192.168.34.18, host: pr-hdds-2291-fnk79-640473112, networkLocation: /default-rack, certSerialId: null} reported QUASI_CLOSED replica.
2019-11-16 18:49:19,181 [Command processor thread] INFO  impl.RaftServerProxy (RaftServerProxy.java:addNew(89)) - 4471c145-25da-4757-b1c9-9b4de2d5e316: addNew group-04994039CFDE:[342f9c6d-7e65-4482-afd9-925793643c1c:192.168.34.18:37838, 567568a2-3812-4947-8b66-e34939320967:192.168.34.18:33332, 4471c145-25da-4757-b1c9-9b4de2d5e316:192.168.34.18:34496] returns group-04994039CFDE:java.util.concurrent.CompletableFuture@4ec14e0e[Not completed]
2019-11-16 18:49:19,181 [Command processor thread] INFO  impl.RaftServerProxy (RaftServerProxy.java:addNew(89)) - 567568a2-3812-4947-8b66-e34939320967: addNew group-04994039CFDE:[342f9c6d-7e65-4482-afd9-925793643c1c:192.168.34.18:37838, 567568a2-3812-4947-8b66-e34939320967:192.168.34.18:33332, 4471c145-25da-4757-b1c9-9b4de2d5e316:192.168.34.18:34496] returns group-04994039CFDE:java.util.concurrent.CompletableFuture@3be177e[Not completed]
2019-11-16 18:49:19,183 [pool-27-thread-1] INFO  impl.RaftServerImpl (RaftServerImpl.java:<init>(98)) - 567568a2-3812-4947-8b66-e34939320967: new RaftServerImpl for group-04994039CFDE:[342f9c6d-7e65-4482-afd9-925793643c1c:192.168.34.18:37838, 567568a2-3812-4947-8b66-e34939320967:192.168.34.18:33332, 4471c145-25da-4757-b1c9-9b4de2d5e316:192.168.34.18:34496] with ContainerStateMachine:uninitialized
2019-11-16 18:49:19,183 [pool-27-thread-1] INFO  server.RaftServerConfigKeys (ConfUtils.java:logGet(43)) - raft.server.rpc.timeout.min = 5s (custom)
2019-11-16 18:49:19,184 [pool-27-thread-1] INFO  server.RaftServerConfigKeys (ConfUtils.java:logGet(43)) - raft.server.rpc.timeout.max = 5200ms (custom)
2019-11-16 18:49:19,184 [pool-27-thread-1] INFO  server.RaftServerConfigKeys (ConfUtils.java:logGet(43)) - raft.server.rpcslowness.timeout = 120s (custom)
2019-11-16 18:49:19,184 [pool-27-thread-1] INFO  server.RaftServerConfigKeys (ConfUtils.java:logGet(43)) - raft.server.sleep.deviation.threshold = 300 (default)
2019-11-16 18:49:19,184 [pool-27-thread-1] INFO  server.RaftServerConfigKeys (ConfUtils.java:logGet(43)) - raft.server.log.appender.install.snapshot.enabled = false (custom)
2019-11-16 18:49:19,184 [pool-27-thread-1] INFO  impl.RaftServerImpl (ServerState.java:<init>(103)) - 567568a2-3812-4947-8b66-e34939320967@group-04994039CFDE: ConfigurationManager, init=-1: [342f9c6d-7e65-4482-afd9-925793643c1c:192.168.34.18:37838, 567568a2-3812-4947-8b66-e34939320967:192.168.34.18:33332, 4471c145-25da-4757-b1c9-9b4de2d5e316:192.168.34.18:34496], old=null, confs=<EMPTY_MAP>
2019-11-16 18:49:19,184 [pool-27-thread-1] INFO  server.RaftServerConfigKeys (ConfUtils.java:logGet(43)) - raft.server.storage.dir = [/workdir/hadoop-ozone/tools/target/test-dir/MiniOzoneClusterImpl-844686d1-b526-4d2d-b34d-e0f05f886494/datanode-0/data/ratis] (custom)
2019-11-16 18:49:19,184 [pool-27-thread-1] INFO  server.RaftServerConfigKeys (ConfUtils.java:logGet(43)) - raft.server.log.corruption.policy = EXCEPTION (default)
2019-11-16 18:49:19,185 [pool-27-thread-1] INFO  storage.RaftStorageDirectory (RaftStorageDirectory.java:analyzeStorage(246)) - The storage directory /workdir/hadoop-ozone/tools/target/test-dir/MiniOzoneClusterImpl-844686d1-b526-4d2d-b34d-e0f05f886494/datanode-0/data/ratis/fe1e0d27-abc3-4bec-af27-04994039cfde does not exist. Creating ...
2019-11-16 18:49:19,185 [pool-37-thread-1] INFO  impl.RaftServerImpl (RaftServerImpl.java:<init>(98)) - 4471c145-25da-4757-b1c9-9b4de2d5e316: new RaftServerImpl for group-04994039CFDE:[342f9c6d-7e65-4482-afd9-925793643c1c:192.168.34.18:37838, 567568a2-3812-4947-8b66-e34939320967:192.168.34.18:33332, 4471c145-25da-4757-b1c9-9b4de2d5e316:192.168.34.18:34496] with ContainerStateMachine:uninitialized
2019-11-16 18:49:19,185 [pool-37-thread-1] INFO  server.RaftServerConfigKeys (ConfUtils.java:logGet(43)) - raft.server.rpc.timeout.min = 5s (custom)
2019-11-16 18:49:19,185 [pool-37-thread-1] INFO  server.RaftServerConfigKeys (ConfUtils.java:logGet(43)) - raft.server.rpc.timeout.max = 5200ms (custom)
2019-11-16 18:49:19,185 [pool-37-thread-1] INFO  server.RaftServerConfigKeys (ConfUtils.java:logGet(43)) - raft.server.rpcslowness.timeout = 120s (custom)
2019-11-16 18:49:19,186 [pool-37-thread-1] INFO  server.RaftServerConfigKeys (ConfUtils.java:logGet(43)) - raft.server.sleep.deviation.threshold = 300 (default)
2019-11-16 18:49:19,186 [pool-37-thread-1] INFO  server.RaftServerConfigKeys (ConfUtils.java:logGet(43)) - raft.server.log.appender.install.snapshot.enabled = false (custom)
2019-11-16 18:49:19,186 [pool-37-thread-1] INFO  impl.RaftServerImpl (ServerState.java:<init>(103)) - 4471c145-25da-4757-b1c9-9b4de2d5e316@group-04994039CFDE: ConfigurationManager, init=-1: [342f9c6d-7e65-4482-afd9-925793643c1c:192.168.34.18:37838, 567568a2-3812-4947-8b66-e34939320967:192.168.34.18:33332, 4471c145-25da-4757-b1c9-9b4de2d5e316:192.168.34.18:34496], old=null, confs=<EMPTY_MAP>
2019-11-16 18:49:19,186 [pool-37-thread-1] INFO  server.RaftServerConfigKeys (ConfUtils.java:logGet(43)) - raft.server.storage.dir = [/workdir/hadoop-ozone/tools/target/test-dir/MiniOzoneClusterImpl-844686d1-b526-4d2d-b34d-e0f05f886494/datanode-1/data/ratis] (custom)
2019-11-16 18:49:19,187 [pool-37-thread-1] INFO  server.RaftServerConfigKeys (ConfUtils.java:logGet(43)) - raft.server.log.corruption.policy = EXCEPTION (default)
2019-11-16 18:49:19,187 [pool-37-thread-1] INFO  storage.RaftStorageDirectory (RaftStorageDirectory.java:analyzeStorage(246)) - The storage directory /workdir/hadoop-ozone/tools/target/test-dir/MiniOzoneClusterImpl-844686d1-b526-4d2d-b34d-e0f05f886494/datanode-1/data/ratis/fe1e0d27-abc3-4bec-af27-04994039cfde does not exist. Creating ...
2019-11-16 18:49:19,198 [pool-27-thread-1] INFO  storage.RaftStorageDirectory (RaftStorageDirectory.java:tryLock(328)) - Lock on /workdir/hadoop-ozone/tools/target/test-dir/MiniOzoneClusterImpl-844686d1-b526-4d2d-b34d-e0f05f886494/datanode-0/data/ratis/fe1e0d27-abc3-4bec-af27-04994039cfde/in_use.lock acquired by nodename 23852@pr-hdds-2291-fnk79-640473112
2019-11-16 18:49:19,198 [pool-37-thread-1] INFO  storage.RaftStorageDirectory (RaftStorageDirectory.java:tryLock(328)) - Lock on /workdir/hadoop-ozone/tools/target/test-dir/MiniOzoneClusterImpl-844686d1-b526-4d2d-b34d-e0f05f886494/datanode-1/data/ratis/fe1e0d27-abc3-4bec-af27-04994039cfde/in_use.lock acquired by nodename 23852@pr-hdds-2291-fnk79-640473112
2019-11-16 18:49:19,213 [pool-27-thread-1] INFO  storage.RaftStorage (RaftStorage.java:format(84)) - Storage directory /workdir/hadoop-ozone/tools/target/test-dir/MiniOzoneClusterImpl-844686d1-b526-4d2d-b34d-e0f05f886494/datanode-0/data/ratis/fe1e0d27-abc3-4bec-af27-04994039cfde has been successfully formatted.
2019-11-16 18:49:19,213 [pool-37-thread-1] INFO  storage.RaftStorage (RaftStorage.java:format(84)) - Storage directory /workdir/hadoop-ozone/tools/target/test-dir/MiniOzoneClusterImpl-844686d1-b526-4d2d-b34d-e0f05f886494/datanode-1/data/ratis/fe1e0d27-abc3-4bec-af27-04994039cfde has been successfully formatted.
2019-11-16 18:49:19,213 [pool-27-thread-1] INFO  ratis.ContainerStateMachine (ContainerStateMachine.java:loadSnapshot(223)) - group-04994039CFDE: The snapshot info is null. Setting the last applied indexto:(t:0, i:~)
2019-11-16 18:49:19,214 [pool-27-thread-1] INFO  server.RaftServerConfigKeys (ConfUtils.java:logGet(43)) - raft.server.notification.no-leader.timeout = 120s (custom)
2019-11-16 18:49:19,214 [pool-27-thread-1] INFO  server.RaftServerConfigKeys (ConfUtils.java:logGet(43)) - raft.server.log.use.memory = false (default)
2019-11-16 18:49:19,214 [pool-37-thread-1] INFO  ratis.ContainerStateMachine (ContainerStateMachine.java:loadSnapshot(223)) - group-04994039CFDE: The snapshot info is null. Setting the last applied indexto:(t:0, i:~)
2019-11-16 18:49:19,214 [pool-27-thread-1] INFO  server.RaftServerConfigKeys (ConfUtils.java:logGet(43)) - raft.server.log.purge.gap = 1000000 (custom)
2019-11-16 18:49:19,214 [pool-37-thread-1] INFO  server.RaftServerConfigKeys (ConfUtils.java:logGet(43)) - raft.server.notification.no-leader.timeout = 120s (custom)
2019-11-16 18:49:19,214 [pool-27-thread-1] INFO  server.RaftServerConfigKeys (ConfUtils.java:logGet(43)) - raft.server.log.appender.buffer.byte-limit = 33554432 (custom)
2019-11-16 18:49:19,214 [pool-37-thread-1] INFO  server.RaftServerConfigKeys (ConfUtils.java:logGet(43)) - raft.server.log.use.memory = false (default)
2019-11-16 18:49:19,214 [pool-27-thread-1] INFO  server.RaftServerConfigKeys (ConfUtils.java:logGet(43)) - raft.server.log.segment.size.max = 1048576 (custom)
2019-11-16 18:49:19,214 [pool-37-thread-1] INFO  server.RaftServerConfigKeys (ConfUtils.java:logGet(43)) - raft.server.log.purge.gap = 1000000 (custom)
2019-11-16 18:49:19,215 [pool-27-thread-1] INFO  server.RaftServerConfigKeys (ConfUtils.java:logGet(43)) - raft.server.log.segment.cache.num.max = 2 (custom)
2019-11-16 18:49:19,215 [pool-37-thread-1] INFO  server.RaftServerConfigKeys (ConfUtils.java:logGet(43)) - raft.server.log.appender.buffer.byte-limit = 33554432 (custom)
2019-11-16 18:49:19,215 [pool-27-thread-1] INFO  segmented.SegmentedRaftLogWorker (SegmentedRaftLogWorker.java:<init>(173)) - new 567568a2-3812-4947-8b66-e34939320967@group-04994039CFDE-SegmentedRaftLogWorker for RaftStorage:Storage Directory /workdir/hadoop-ozone/tools/target/test-dir/MiniOzoneClusterImpl-844686d1-b526-4d2d-b34d-e0f05f886494/datanode-0/data/ratis/fe1e0d27-abc3-4bec-af27-04994039cfde
2019-11-16 18:49:19,215 [pool-37-thread-1] INFO  server.RaftServerConfigKeys (ConfUtils.java:logGet(43)) - raft.server.log.segment.size.max = 1048576 (custom)
2019-11-16 18:49:19,215 [pool-27-thread-1] INFO  server.RaftServerConfigKeys (ConfUtils.java:logGet(43)) - raft.server.log.queue.byte-limit = 2147483647 (custom)
2019-11-16 18:49:19,215 [pool-37-thread-1] INFO  server.RaftServerConfigKeys (ConfUtils.java:logGet(43)) - raft.server.log.segment.cache.num.max = 2 (custom)
2019-11-16 18:49:19,215 [pool-27-thread-1] INFO  server.RaftServerConfigKeys (ConfUtils.java:logGet(43)) - raft.server.log.queue.element-limit = 1024 (custom)
2019-11-16 18:49:19,215 [pool-37-thread-1] INFO  segmented.SegmentedRaftLogWorker (SegmentedRaftLogWorker.java:<init>(173)) - new 4471c145-25da-4757-b1c9-9b4de2d5e316@group-04994039CFDE-SegmentedRaftLogWorker for RaftStorage:Storage Directory /workdir/hadoop-ozone/tools/target/test-dir/MiniOzoneClusterImpl-844686d1-b526-4d2d-b34d-e0f05f886494/datanode-1/data/ratis/fe1e0d27-abc3-4bec-af27-04994039cfde
2019-11-16 18:49:19,216 [pool-27-thread-1] INFO  server.RaftServerConfigKeys (ConfUtils.java:logGet(43)) - raft.server.log.segment.size.max = 1048576 (custom)
2019-11-16 18:49:19,216 [pool-37-thread-1] INFO  server.RaftServerConfigKeys (ConfUtils.java:logGet(43)) - raft.server.log.queue.byte-limit = 2147483647 (custom)
2019-11-16 18:49:19,216 [pool-27-thread-1] INFO  server.RaftServerConfigKeys (ConfUtils.java:logGet(43)) - raft.server.log.preallocated.size = 16384 (custom)
2019-11-16 18:49:19,216 [pool-37-thread-1] INFO  server.RaftServerConfigKeys (ConfUtils.java:logGet(43)) - raft.server.log.queue.element-limit = 1024 (custom)
2019-11-16 18:49:19,216 [pool-27-thread-1] INFO  server.RaftServerConfigKeys (ConfUtils.java:logGet(43)) - raft.server.log.write.buffer.size = 33554432 (custom)
2019-11-16 18:49:19,216 [pool-37-thread-1] INFO  server.RaftServerConfigKeys (ConfUtils.java:logGet(43)) - raft.server.log.segment.size.max = 1048576 (custom)
2019-11-16 18:49:19,216 [pool-27-thread-1] INFO  server.RaftServerConfigKeys (ConfUtils.java:logGet(43)) - raft.server.log.force.sync.num = 128 (default)
2019-11-16 18:49:19,216 [pool-37-thread-1] INFO  server.RaftServerConfigKeys (ConfUtils.java:logGet(43)) - raft.server.log.preallocated.size = 16384 (custom)
2019-11-16 18:49:19,217 [pool-27-thread-1] INFO  server.RaftServerConfigKeys (ConfUtils.java:logGet(43)) - raft.server.log.statemachine.data.sync = true (default)
2019-11-16 18:49:19,217 [pool-37-thread-1] INFO  server.RaftServerConfigKeys (ConfUtils.java:logGet(43)) - raft.server.log.write.buffer.size = 33554432 (custom)
2019-11-16 18:49:19,217 [pool-27-thread-1] INFO  server.RaftServerConfigKeys (ConfUtils.java:logGet(43)) - raft.server.log.statemachine.data.sync.timeout = 10s (default)
2019-11-16 18:49:19,217 [pool-37-thread-1] INFO  server.RaftServerConfigKeys (ConfUtils.java:logGet(43)) - raft.server.log.force.sync.num = 128 (default)
2019-11-16 18:49:19,217 [pool-27-thread-1] INFO  server.RaftServerConfigKeys (ConfUtils.java:logGet(43)) - raft.server.log.statemachine.data.sync.timeout.retry = -1 (default)
2019-11-16 18:49:19,217 [pool-37-thread-1] INFO  server.RaftServerConfigKeys (ConfUtils.java:logGet(43)) - raft.server.log.statemachine.data.sync = true (default)
2019-11-16 18:49:19,217 [pool-27-thread-1] INFO  server.RaftServerConfigKeys (ConfUtils.java:logGet(43)) - raft.server.log.statemachine.data.caching.enabled = true (custom)
2019-11-16 18:49:19,218 [pool-37-thread-1] INFO  server.RaftServerConfigKeys (ConfUtils.java:logGet(43)) - raft.server.log.statemachine.data.sync.timeout = 10s (default)
2019-11-16 18:49:19,218 [pool-37-thread-1] INFO  server.RaftServerConfigKeys (ConfUtils.java:logGet(43)) - raft.server.log.statemachine.data.sync.timeout.retry = -1 (default)
2019-11-16 18:49:19,218 [pool-27-thread-1] INFO  segmented.SegmentedRaftLogWorker (SegmentedRaftLogWorker.java:lambda$new$0(128)) - 567568a2-3812-4947-8b66-e34939320967@group-04994039CFDE-SegmentedRaftLogWorker: flushIndex: setUnconditionally 0 -> -1
2019-11-16 18:49:19,218 [pool-37-thread-1] INFO  server.RaftServerConfigKeys (ConfUtils.java:logGet(43)) - raft.server.log.statemachine.data.caching.enabled = true (custom)
2019-11-16 18:49:19,218 [pool-27-thread-1] INFO  server.RaftServerConfigKeys (ConfUtils.java:logGet(43)) - raft.server.snapshot.auto.trigger.enabled = true (custom)
2019-11-16 18:49:19,218 [pool-37-thread-1] INFO  segmented.SegmentedRaftLogWorker (SegmentedRaftLogWorker.java:lambda$new$0(128)) - 4471c145-25da-4757-b1c9-9b4de2d5e316@group-04994039CFDE-SegmentedRaftLogWorker: flushIndex: setUnconditionally 0 -> -1
2019-11-16 18:49:19,218 [pool-27-thread-1] INFO  server.RaftServerConfigKeys (ConfUtils.java:logGet(43)) - raft.server.snapshot.auto.trigger.threshold = 10000 (custom)
2019-11-16 18:49:19,219 [pool-27-thread-1] INFO  server.RaftServerConfigKeys (ConfUtils.java:logGet(43)) - raft.server.snapshot.retention.file.num = 5 (custom)
2019-11-16 18:49:19,219 [pool-37-thread-1] INFO  server.RaftServerConfigKeys (ConfUtils.java:logGet(43)) - raft.server.snapshot.auto.trigger.enabled = true (custom)
2019-11-16 18:49:19,219 [pool-27-thread-1] INFO  server.RaftServerConfigKeys (ConfUtils.java:logGet(43)) - raft.server.retrycache.expirytime = 600000ms (custom)
2019-11-16 18:49:19,219 [pool-37-thread-1] INFO  server.RaftServerConfigKeys (ConfUtils.java:logGet(43)) - raft.server.snapshot.auto.trigger.threshold = 10000 (custom)
2019-11-16 18:49:19,219 [pool-27-thread-1] WARN  impl.MetricRegistriesImpl (MetricRegistriesImpl.java:lambda$create$1(61)) - First MetricRegistry has been created without registering reporters. You may need to call MetricRegistries.global().addReportRegistration(...) before.
2019-11-16 18:49:19,219 [pool-37-thread-1] INFO  server.RaftServerConfigKeys (ConfUtils.java:logGet(43)) - raft.server.snapshot.retention.file.num = 5 (custom)
2019-11-16 18:49:19,219 [pool-27-thread-1] WARN  impl.MetricRegistriesImpl (MetricRegistriesImpl.java:lambda$create$1(61)) - First MetricRegistry has been created without registering reporters. You may need to call MetricRegistries.global().addReportRegistration(...) before.
2019-11-16 18:49:19,220 [pool-37-thread-1] INFO  server.RaftServerConfigKeys (ConfUtils.java:logGet(43)) - raft.server.retrycache.expirytime = 600000ms (custom)
2019-11-16 18:49:19,220 [pool-37-thread-1] WARN  impl.MetricRegistriesImpl (MetricRegistriesImpl.java:lambda$create$1(61)) - First MetricRegistry has been created without registering reporters. You may need to call MetricRegistries.global().addReportRegistration(...) before.
2019-11-16 18:49:19,220 [pool-27-thread-1] INFO  impl.RaftServerImpl (RaftServerImpl.java:start(184)) - 567568a2-3812-4947-8b66-e34939320967@group-04994039CFDE: start as a follower, conf=-1: [342f9c6d-7e65-4482-afd9-925793643c1c:192.168.34.18:37838, 567568a2-3812-4947-8b66-e34939320967:192.168.34.18:33332, 4471c145-25da-4757-b1c9-9b4de2d5e316:192.168.34.18:34496], old=null
2019-11-16 18:49:19,220 [pool-37-thread-1] WARN  impl.MetricRegistriesImpl (MetricRegistriesImpl.java:lambda$create$1(61)) - First MetricRegistry has been created without registering reporters. You may need to call MetricRegistries.global().addReportRegistration(...) before.
2019-11-16 18:49:19,220 [pool-27-thread-1] INFO  impl.RaftServerImpl (RaftServerImpl.java:setRole(173)) - 567568a2-3812-4947-8b66-e34939320967@group-04994039CFDE: changes role from      null to FOLLOWER at term 0 for startAsFollower
2019-11-16 18:49:19,220 [pool-37-thread-1] INFO  impl.RaftServerImpl (RaftServerImpl.java:start(184)) - 4471c145-25da-4757-b1c9-9b4de2d5e316@group-04994039CFDE: start as a follower, conf=-1: [342f9c6d-7e65-4482-afd9-925793643c1c:192.168.34.18:37838, 567568a2-3812-4947-8b66-e34939320967:192.168.34.18:33332, 4471c145-25da-4757-b1c9-9b4de2d5e316:192.168.34.18:34496], old=null
2019-11-16 18:49:19,220 [pool-27-thread-1] INFO  impl.RoleInfo (RoleInfo.java:updateAndGet(143)) - 567568a2-3812-4947-8b66-e34939320967: start FollowerState
2019-11-16 18:49:19,220 [pool-37-thread-1] INFO  impl.RaftServerImpl (RaftServerImpl.java:setRole(173)) - 4471c145-25da-4757-b1c9-9b4de2d5e316@group-04994039CFDE: changes role from      null to FOLLOWER at term 0 for startAsFollower
2019-11-16 18:49:19,221 [pool-37-thread-1] INFO  impl.RoleInfo (RoleInfo.java:updateAndGet(143)) - 4471c145-25da-4757-b1c9-9b4de2d5e316: start FollowerState
2019-11-16 18:49:19,221 [pool-27-thread-1] INFO  util.JmxRegister (JmxRegister.java:tryRegister(44)) - Successfully registered JMX Bean with object name Ratis:service=RaftServer,group=group-04994039CFDE,id=567568a2-3812-4947-8b66-e34939320967
2019-11-16 18:49:19,221 [pool-27-thread-1] WARN  impl.MetricRegistriesImpl (MetricRegistriesImpl.java:lambda$create$1(61)) - First MetricRegistry has been created without registering reporters. You may need to call MetricRegistries.global().addReportRegistration(...) before.
2019-11-16 18:49:19,221 [pool-37-thread-1] INFO  util.JmxRegister (JmxRegister.java:tryRegister(44)) - Successfully registered JMX Bean with object name Ratis:service=RaftServer,group=group-04994039CFDE,id=4471c145-25da-4757-b1c9-9b4de2d5e316
2019-11-16 18:49:19,221 [pool-37-thread-1] WARN  impl.MetricRegistriesImpl (MetricRegistriesImpl.java:lambda$create$1(61)) - First MetricRegistry has been created without registering reporters. You may need to call MetricRegistries.global().addReportRegistration(...) before.
2019-11-16 18:49:19,222 [Command processor thread] INFO  commandhandler.CreatePipelineCommandHandler (CreatePipelineCommandHandler.java:handle(86)) - Create Pipeline RATIS THREE #id: "fe1e0d27-abc3-4bec-af27-04994039cfde"
 command succeed on datanode 567568a2-3812-4947-8b66-e34939320967.
2019-11-16 18:49:19,222 [Command processor thread] INFO  commandhandler.CreatePipelineCommandHandler (CreatePipelineCommandHandler.java:handle(86)) - Create Pipeline RATIS THREE #id: "fe1e0d27-abc3-4bec-af27-04994039cfde"
 command succeed on datanode 4471c145-25da-4757-b1c9-9b4de2d5e316.
2019-11-16 18:49:19,223 [EventQueue-PipelineReportForPipelineReportHandler] INFO  pipeline.PipelineReportHandler (PipelineReportHandler.java:processPipelineReport(113)) - Pipeline THREE PipelineID=fe1e0d27-abc3-4bec-af27-04994039cfde reported by 567568a2-3812-4947-8b66-e34939320967{ip: 192.168.34.18, host: pr-hdds-2291-fnk79-640473112, networkLocation: /default-rack, certSerialId: null}
2019-11-16 18:49:19,223 [EventQueue-PipelineReportForPipelineReportHandler] INFO  pipeline.PipelineReportHandler (PipelineReportHandler.java:processPipelineReport(113)) - Pipeline THREE PipelineID=fe1e0d27-abc3-4bec-af27-04994039cfde reported by 4471c145-25da-4757-b1c9-9b4de2d5e316{ip: 192.168.34.18, host: pr-hdds-2291-fnk79-640473112, networkLocation: /default-rack, certSerialId: null}
2019-11-16 18:49:19,879 [Command processor thread] INFO  impl.RaftServerProxy (RaftServerProxy.java:remove(95)) - 342f9c6d-7e65-4482-afd9-925793643c1c: remove  FOLLOWER 342f9c6d-7e65-4482-afd9-925793643c1c@group-D843E131BA8F:t2, leader=567568a2-3812-4947-8b66-e34939320967, voted=567568a2-3812-4947-8b66-e34939320967, raftlog=342f9c6d-7e65-4482-afd9-925793643c1c@group-D843E131BA8F-SegmentedRaftLog:OPENED:c77,f77,i77, conf=0: [342f9c6d-7e65-4482-afd9-925793643c1c:192.168.34.18:37838, 567568a2-3812-4947-8b66-e34939320967:192.168.34.18:33332, 4471c145-25da-4757-b1c9-9b4de2d5e316:192.168.34.18:34496], old=null RUNNING
2019-11-16 18:49:19,879 [Command processor thread] INFO  impl.RaftServerImpl (RaftServerImpl.java:lambda$shutdown$3(250)) - 342f9c6d-7e65-4482-afd9-925793643c1c@group-D843E131BA8F: shutdown
2019-11-16 18:49:19,879 [Command processor thread] INFO  util.JmxRegister (JmxRegister.java:unregister(73)) - Successfully un-registered JMX Bean with object name Ratis:service=RaftServer,group=group-D843E131BA8F,id=342f9c6d-7e65-4482-afd9-925793643c1c
2019-11-16 18:49:19,879 [Command processor thread] INFO  impl.RoleInfo (RoleInfo.java:shutdownFollowerState(121)) - 342f9c6d-7e65-4482-afd9-925793643c1c: shutdown FollowerState
2019-11-16 18:49:19,880 [Command processor thread] INFO  impl.StateMachineUpdater (StateMachineUpdater.java:stopAndJoin(136)) - 342f9c6d-7e65-4482-afd9-925793643c1c@group-D843E131BA8F-StateMachineUpdater: set stopIndex = 77
2019-11-16 18:49:19,880 [Thread-213] INFO  impl.FollowerState (FollowerState.java:run(120)) - 342f9c6d-7e65-4482-afd9-925793643c1c@group-D843E131BA8F-FollowerState was interrupted: java.lang.InterruptedException: sleep interrupted
2019-11-16 18:49:19,880 [342f9c6d-7e65-4482-afd9-925793643c1c@group-D843E131BA8F-StateMachineUpdater] INFO  ratis.ContainerStateMachine (ContainerStateMachine.java:takeSnapshot(285)) - group-D843E131BA8F: Taking a snapshot at:(t:2, i:75) file /workdir/hadoop-ozone/tools/target/test-dir/MiniOzoneClusterImpl-844686d1-b526-4d2d-b34d-e0f05f886494/datanode-2/data/ratis/912e5134-b45b-441c-8044-d843e131ba8f/sm/snapshot.2_75
2019-11-16 18:49:19,894 [342f9c6d-7e65-4482-afd9-925793643c1c@group-D843E131BA8F-StateMachineUpdater] INFO  ratis.ContainerStateMachine (ContainerStateMachine.java:takeSnapshot(296)) - group-D843E131BA8F: Finished taking a snapshot at:(t:2, i:75) file:/workdir/hadoop-ozone/tools/target/test-dir/MiniOzoneClusterImpl-844686d1-b526-4d2d-b34d-e0f05f886494/datanode-2/data/ratis/912e5134-b45b-441c-8044-d843e131ba8f/sm/snapshot.2_75 time:15
2019-11-16 18:49:19,895 [342f9c6d-7e65-4482-afd9-925793643c1c@group-D843E131BA8F-StateMachineUpdater] INFO  impl.StateMachineUpdater (StateMachineUpdater.java:takeSnapshot(269)) - 342f9c6d-7e65-4482-afd9-925793643c1c@group-D843E131BA8F-StateMachineUpdater: Took a snapshot at index 75
2019-11-16 18:49:19,895 [342f9c6d-7e65-4482-afd9-925793643c1c@group-D843E131BA8F-StateMachineUpdater] INFO  impl.StateMachineUpdater (StateMachineUpdater.java:lambda$new$0(84)) - 342f9c6d-7e65-4482-afd9-925793643c1c@group-D843E131BA8F-StateMachineUpdater: snapshotIndex: updateIncreasingly -1 -> 75
2019-11-16 18:49:19,895 [342f9c6d-7e65-4482-afd9-925793643c1c@group-D843E131BA8F-StateMachineUpdater] INFO  ratis.ContainerStateMachine (ContainerStateMachine.java:takeSnapshot(285)) - group-D843E131BA8F: Taking a snapshot at:(t:2, i:75) file /workdir/hadoop-ozone/tools/target/test-dir/MiniOzoneClusterImpl-844686d1-b526-4d2d-b34d-e0f05f886494/datanode-2/data/ratis/912e5134-b45b-441c-8044-d843e131ba8f/sm/snapshot.2_75
2019-11-16 18:49:19,908 [342f9c6d-7e65-4482-afd9-925793643c1c@group-D843E131BA8F-StateMachineUpdater] INFO  ratis.ContainerStateMachine (ContainerStateMachine.java:takeSnapshot(296)) - group-D843E131BA8F: Finished taking a snapshot at:(t:2, i:75) file:/workdir/hadoop-ozone/tools/target/test-dir/MiniOzoneClusterImpl-844686d1-b526-4d2d-b34d-e0f05f886494/datanode-2/data/ratis/912e5134-b45b-441c-8044-d843e131ba8f/sm/snapshot.2_75 time:13
2019-11-16 18:49:19,908 [342f9c6d-7e65-4482-afd9-925793643c1c@group-D843E131BA8F-StateMachineUpdater] INFO  impl.StateMachineUpdater (StateMachineUpdater.java:takeSnapshot(269)) - 342f9c6d-7e65-4482-afd9-925793643c1c@group-D843E131BA8F-StateMachineUpdater: Took a snapshot at index 75
2019-11-16 18:49:19,908 [342f9c6d-7e65-4482-afd9-925793643c1c@group-D843E131BA8F-StateMachineUpdater] INFO  impl.StateMachineUpdater (StateMachineUpdater.java:lambda$new$0(84)) - 342f9c6d-7e65-4482-afd9-925793643c1c@group-D843E131BA8F-StateMachineUpdater: snapshotIndex: updateIncreasingly 75 -> 75
2019-11-16 18:49:19,908 [Command processor thread] INFO  impl.RaftServerImpl (ServerState.java:close(387)) - 342f9c6d-7e65-4482-afd9-925793643c1c@group-D843E131BA8F: closes. applyIndex: 77
2019-11-16 18:49:19,909 [342f9c6d-7e65-4482-afd9-925793643c1c@group-D843E131BA8F-SegmentedRaftLogWorker] INFO  segmented.SegmentedRaftLogWorker (SegmentedRaftLogWorker.java:run(316)) - 342f9c6d-7e65-4482-afd9-925793643c1c@group-D843E131BA8F-SegmentedRaftLogWorker was interrupted, exiting. There are 0 tasks remaining in the queue.
2019-11-16 18:49:19,910 [Command processor thread] INFO  segmented.SegmentedRaftLogWorker (SegmentedRaftLogWorker.java:close(224)) - 342f9c6d-7e65-4482-afd9-925793643c1c@group-D843E131BA8F-SegmentedRaftLogWorker close()
2019-11-16 18:49:19,940 [Command processor thread] INFO  interfaces.Container (KeyValueContainer.java:flushAndSyncDB(400)) - Container 1 is synced with bcsId 60.
2019-11-16 18:49:19,940 [Command processor thread] INFO  interfaces.Container (KeyValueContainer.java:flushAndSyncDB(400)) - Container 1 is synced with bcsId 60.
 0.00% |?                                                                                                    |  0/1 Time: 0:00:022019-11-16 18:49:19,981 [Command processor thread] INFO  interfaces.Container (KeyValueContainer.java:flushAndSyncDB(400)) - Container 2 is synced with bcsId 75.
2019-11-16 18:49:19,981 [Command processor thread] INFO  interfaces.Container (KeyValueContainer.java:flushAndSyncDB(400)) - Container 2 is synced with bcsId 75.
2019-11-16 18:49:20,010 [Command processor thread] INFO  interfaces.Container (KeyValueContainer.java:flushAndSyncDB(400)) - Container 3 is synced with bcsId 42.
2019-11-16 18:49:20,010 [Command processor thread] INFO  interfaces.Container (KeyValueContainer.java:flushAndSyncDB(400)) - Container 3 is synced with bcsId 42.
2019-11-16 18:49:20,024 [Command processor thread] INFO  commandhandler.ClosePipelineCommandHandler (ClosePipelineCommandHandler.java:handle(78)) - Close Pipeline #id: "912e5134-b45b-441c-8044-d843e131ba8f"
 command on datanode #342f9c6d-7e65-4482-afd9-925793643c1c.
2019-11-16 18:49:20,025 [Command processor thread] INFO  impl.RaftServerProxy (RaftServerProxy.java:addNew(89)) - 342f9c6d-7e65-4482-afd9-925793643c1c: addNew group-04994039CFDE:[342f9c6d-7e65-4482-afd9-925793643c1c:192.168.34.18:37838, 567568a2-3812-4947-8b66-e34939320967:192.168.34.18:33332, 4471c145-25da-4757-b1c9-9b4de2d5e316:192.168.34.18:34496] returns group-04994039CFDE:java.util.concurrent.CompletableFuture@40dbb7d0[Not completed]
2019-11-16 18:49:20,027 [pool-47-thread-1] INFO  impl.RaftServerImpl (RaftServerImpl.java:<init>(98)) - 342f9c6d-7e65-4482-afd9-925793643c1c: new RaftServerImpl for group-04994039CFDE:[342f9c6d-7e65-4482-afd9-925793643c1c:192.168.34.18:37838, 567568a2-3812-4947-8b66-e34939320967:192.168.34.18:33332, 4471c145-25da-4757-b1c9-9b4de2d5e316:192.168.34.18:34496] with ContainerStateMachine:uninitialized
2019-11-16 18:49:20,028 [pool-47-thread-1] INFO  server.RaftServerConfigKeys (ConfUtils.java:logGet(43)) - raft.server.rpc.timeout.min = 5s (custom)
2019-11-16 18:49:20,028 [pool-47-thread-1] INFO  server.RaftServerConfigKeys (ConfUtils.java:logGet(43)) - raft.server.rpc.timeout.max = 5200ms (custom)
2019-11-16 18:49:20,028 [pool-47-thread-1] INFO  server.RaftServerConfigKeys (ConfUtils.java:logGet(43)) - raft.server.rpcslowness.timeout = 120s (custom)
2019-11-16 18:49:20,028 [pool-47-thread-1] INFO  server.RaftServerConfigKeys (ConfUtils.java:logGet(43)) - raft.server.sleep.deviation.threshold = 300 (default)
2019-11-16 18:49:20,028 [pool-47-thread-1] INFO  server.RaftServerConfigKeys (ConfUtils.java:logGet(43)) - raft.server.log.appender.install.snapshot.enabled = false (custom)
2019-11-16 18:49:20,028 [pool-47-thread-1] INFO  impl.RaftServerImpl (ServerState.java:<init>(103)) - 342f9c6d-7e65-4482-afd9-925793643c1c@group-04994039CFDE: ConfigurationManager, init=-1: [342f9c6d-7e65-4482-afd9-925793643c1c:192.168.34.18:37838, 567568a2-3812-4947-8b66-e34939320967:192.168.34.18:33332, 4471c145-25da-4757-b1c9-9b4de2d5e316:192.168.34.18:34496], old=null, confs=<EMPTY_MAP>
2019-11-16 18:49:20,029 [pool-47-thread-1] INFO  server.RaftServerConfigKeys (ConfUtils.java:logGet(43)) - raft.server.storage.dir = [/workdir/hadoop-ozone/tools/target/test-dir/MiniOzoneClusterImpl-844686d1-b526-4d2d-b34d-e0f05f886494/datanode-2/data/ratis] (custom)
2019-11-16 18:49:20,029 [pool-47-thread-1] INFO  server.RaftServerConfigKeys (ConfUtils.java:logGet(43)) - raft.server.log.corruption.policy = EXCEPTION (default)
2019-11-16 18:49:20,029 [pool-47-thread-1] INFO  storage.RaftStorageDirectory (RaftStorageDirectory.java:analyzeStorage(246)) - The storage directory /workdir/hadoop-ozone/tools/target/test-dir/MiniOzoneClusterImpl-844686d1-b526-4d2d-b34d-e0f05f886494/datanode-2/data/ratis/fe1e0d27-abc3-4bec-af27-04994039cfde does not exist. Creating ...
2019-11-16 18:49:20,032 [pool-47-thread-1] INFO  storage.RaftStorageDirectory (RaftStorageDirectory.java:tryLock(328)) - Lock on /workdir/hadoop-ozone/tools/target/test-dir/MiniOzoneClusterImpl-844686d1-b526-4d2d-b34d-e0f05f886494/datanode-2/data/ratis/fe1e0d27-abc3-4bec-af27-04994039cfde/in_use.lock acquired by nodename 23852@pr-hdds-2291-fnk79-640473112
2019-11-16 18:49:20,036 [pool-47-thread-1] INFO  storage.RaftStorage (RaftStorage.java:format(84)) - Storage directory /workdir/hadoop-ozone/tools/target/test-dir/MiniOzoneClusterImpl-844686d1-b526-4d2d-b34d-e0f05f886494/datanode-2/data/ratis/fe1e0d27-abc3-4bec-af27-04994039cfde has been successfully formatted.
2019-11-16 18:49:20,036 [pool-47-thread-1] INFO  ratis.ContainerStateMachine (ContainerStateMachine.java:loadSnapshot(223)) - group-04994039CFDE: The snapshot info is null. Setting the last applied indexto:(t:0, i:~)
2019-11-16 18:49:20,036 [pool-47-thread-1] INFO  server.RaftServerConfigKeys (ConfUtils.java:logGet(43)) - raft.server.notification.no-leader.timeout = 120s (custom)
2019-11-16 18:49:20,037 [pool-47-thread-1] INFO  server.RaftServerConfigKeys (ConfUtils.java:logGet(43)) - raft.server.log.use.memory = false (default)
2019-11-16 18:49:20,037 [pool-47-thread-1] INFO  server.RaftServerConfigKeys (ConfUtils.java:logGet(43)) - raft.server.log.purge.gap = 1000000 (custom)
2019-11-16 18:49:20,037 [pool-47-thread-1] INFO  server.RaftServerConfigKeys (ConfUtils.java:logGet(43)) - raft.server.log.appender.buffer.byte-limit = 33554432 (custom)
2019-11-16 18:49:20,037 [pool-47-thread-1] INFO  server.RaftServerConfigKeys (ConfUtils.java:logGet(43)) - raft.server.log.segment.size.max = 1048576 (custom)
2019-11-16 18:49:20,037 [pool-47-thread-1] INFO  server.RaftServerConfigKeys (ConfUtils.java:logGet(43)) - raft.server.log.segment.cache.num.max = 2 (custom)
2019-11-16 18:49:20,038 [pool-47-thread-1] INFO  segmented.SegmentedRaftLogWorker (SegmentedRaftLogWorker.java:<init>(173)) - new 342f9c6d-7e65-4482-afd9-925793643c1c@group-04994039CFDE-SegmentedRaftLogWorker for RaftStorage:Storage Directory /workdir/hadoop-ozone/tools/target/test-dir/MiniOzoneClusterImpl-844686d1-b526-4d2d-b34d-e0f05f886494/datanode-2/data/ratis/fe1e0d27-abc3-4bec-af27-04994039cfde
2019-11-16 18:49:20,038 [pool-47-thread-1] INFO  server.RaftServerConfigKeys (ConfUtils.java:logGet(43)) - raft.server.log.queue.byte-limit = 2147483647 (custom)
2019-11-16 18:49:20,038 [pool-47-thread-1] INFO  server.RaftServerConfigKeys (ConfUtils.java:logGet(43)) - raft.server.log.queue.element-limit = 1024 (custom)
2019-11-16 18:49:20,038 [pool-47-thread-1] INFO  server.RaftServerConfigKeys (ConfUtils.java:logGet(43)) - raft.server.log.segment.size.max = 1048576 (custom)
2019-11-16 18:49:20,038 [pool-47-thread-1] INFO  server.RaftServerConfigKeys (ConfUtils.java:logGet(43)) - raft.server.log.preallocated.size = 16384 (custom)
2019-11-16 18:49:20,038 [pool-47-thread-1] INFO  server.RaftServerConfigKeys (ConfUtils.java:logGet(43)) - raft.server.log.write.buffer.size = 33554432 (custom)
2019-11-16 18:49:20,038 [pool-47-thread-1] INFO  server.RaftServerConfigKeys (ConfUtils.java:logGet(43)) - raft.server.log.force.sync.num = 128 (default)
2019-11-16 18:49:20,039 [pool-47-thread-1] INFO  server.RaftServerConfigKeys (ConfUtils.java:logGet(43)) - raft.server.log.statemachine.data.sync = true (default)
2019-11-16 18:49:20,039 [pool-47-thread-1] INFO  server.RaftServerConfigKeys (ConfUtils.java:logGet(43)) - raft.server.log.statemachine.data.sync.timeout = 10s (default)
2019-11-16 18:49:20,039 [pool-47-thread-1] INFO  server.RaftServerConfigKeys (ConfUtils.java:logGet(43)) - raft.server.log.statemachine.data.sync.timeout.retry = -1 (default)
2019-11-16 18:49:20,039 [pool-47-thread-1] INFO  server.RaftServerConfigKeys (ConfUtils.java:logGet(43)) - raft.server.log.statemachine.data.caching.enabled = true (custom)
2019-11-16 18:49:20,040 [pool-47-thread-1] INFO  segmented.SegmentedRaftLogWorker (SegmentedRaftLogWorker.java:lambda$new$0(128)) - 342f9c6d-7e65-4482-afd9-925793643c1c@group-04994039CFDE-SegmentedRaftLogWorker: flushIndex: setUnconditionally 0 -> -1
2019-11-16 18:49:20,040 [pool-47-thread-1] INFO  server.RaftServerConfigKeys (ConfUtils.java:logGet(43)) - raft.server.snapshot.auto.trigger.enabled = true (custom)
2019-11-16 18:49:20,040 [pool-47-thread-1] INFO  server.RaftServerConfigKeys (ConfUtils.java:logGet(43)) - raft.server.snapshot.auto.trigger.threshold = 10000 (custom)
2019-11-16 18:49:20,040 [pool-47-thread-1] INFO  server.RaftServerConfigKeys (ConfUtils.java:logGet(43)) - raft.server.snapshot.retention.file.num = 5 (custom)
2019-11-16 18:49:20,040 [pool-47-thread-1] INFO  server.RaftServerConfigKeys (ConfUtils.java:logGet(43)) - raft.server.retrycache.expirytime = 600000ms (custom)
2019-11-16 18:49:20,041 [pool-47-thread-1] WARN  impl.MetricRegistriesImpl (MetricRegistriesImpl.java:lambda$create$1(61)) - First MetricRegistry has been created without registering reporters. You may need to call MetricRegistries.global().addReportRegistration(...) before.
2019-11-16 18:49:20,041 [pool-47-thread-1] WARN  impl.MetricRegistriesImpl (MetricRegistriesImpl.java:lambda$create$1(61)) - First MetricRegistry has been created without registering reporters. You may need to call MetricRegistries.global().addReportRegistration(...) before.
2019-11-16 18:49:20,041 [pool-47-thread-1] INFO  impl.RaftServerImpl (RaftServerImpl.java:start(184)) - 342f9c6d-7e65-4482-afd9-925793643c1c@group-04994039CFDE: start as a follower, conf=-1: [342f9c6d-7e65-4482-afd9-925793643c1c:192.168.34.18:37838, 567568a2-3812-4947-8b66-e34939320967:192.168.34.18:33332, 4471c145-25da-4757-b1c9-9b4de2d5e316:192.168.34.18:34496], old=null
2019-11-16 18:49:20,041 [pool-47-thread-1] INFO  impl.RaftServerImpl (RaftServerImpl.java:setRole(173)) - 342f9c6d-7e65-4482-afd9-925793643c1c@group-04994039CFDE: changes role from      null to FOLLOWER at term 0 for startAsFollower
2019-11-16 18:49:20,041 [pool-47-thread-1] INFO  impl.RoleInfo (RoleInfo.java:updateAndGet(143)) - 342f9c6d-7e65-4482-afd9-925793643c1c: start FollowerState
2019-11-16 18:49:20,042 [pool-47-thread-1] INFO  util.JmxRegister (JmxRegister.java:tryRegister(44)) - Successfully registered JMX Bean with object name Ratis:service=RaftServer,group=group-04994039CFDE,id=342f9c6d-7e65-4482-afd9-925793643c1c
2019-11-16 18:49:20,042 [pool-47-thread-1] WARN  impl.MetricRegistriesImpl (MetricRegistriesImpl.java:lambda$create$1(61)) - First MetricRegistry has been created without registering reporters. You may need to call MetricRegistries.global().addReportRegistration(...) before.
2019-11-16 18:49:20,043 [Command processor thread] INFO  commandhandler.CreatePipelineCommandHandler (CreatePipelineCommandHandler.java:handle(86)) - Create Pipeline RATIS THREE #id: "fe1e0d27-abc3-4bec-af27-04994039cfde"
 command succeed on datanode 342f9c6d-7e65-4482-afd9-925793643c1c.
2019-11-16 18:49:20,044 [EventQueue-PipelineReportForPipelineReportHandler] INFO  pipeline.PipelineReportHandler (PipelineReportHandler.java:processPipelineReport(113)) - Pipeline THREE PipelineID=fe1e0d27-abc3-4bec-af27-04994039cfde reported by 342f9c6d-7e65-4482-afd9-925793643c1c{ip: 192.168.34.18, host: pr-hdds-2291-fnk79-640473112, networkLocation: /default-rack, certSerialId: null}
 0.00% |?                                                                                                    |  0/1 Time: 0:00:03 0.00% |?                                                                                                    |  0/1 Time: 0:00:04 100.00% |?????????????????????????????????????????????????????????????????????????????????????????????????????|  1/1 Time: 0:00:05
2019-11-16 18:49:24,363 [Thread-464] INFO  impl.FollowerState (FollowerState.java:run(111)) - 567568a2-3812-4947-8b66-e34939320967@group-04994039CFDE-FollowerState: change to CANDIDATE, lastRpcTime:5142ms, electionTimeout:5142ms
2019-11-16 18:49:24,364 [Thread-464] INFO  impl.RoleInfo (RoleInfo.java:shutdownFollowerState(121)) - 567568a2-3812-4947-8b66-e34939320967: shutdown FollowerState
2019-11-16 18:49:24,365 [Thread-464] INFO  impl.RaftServerImpl (RaftServerImpl.java:setRole(173)) - 567568a2-3812-4947-8b66-e34939320967@group-04994039CFDE: changes role from  FOLLOWER to CANDIDATE at term 0 for changeToCandidate
2019-11-16 18:49:24,365 [Thread-464] INFO  impl.RoleInfo (RoleInfo.java:updateAndGet(143)) - 567568a2-3812-4947-8b66-e34939320967: start LeaderElection
2019-11-16 18:49:24,385 [567568a2-3812-4947-8b66-e34939320967@group-04994039CFDE-LeaderElection8] INFO  impl.LeaderElection (LeaderElection.java:askForVotes(178)) - 567568a2-3812-4947-8b66-e34939320967@group-04994039CFDE-LeaderElection8: begin an election at term 1 for -1: [342f9c6d-7e65-4482-afd9-925793643c1c:192.168.34.18:37838, 567568a2-3812-4947-8b66-e34939320967:192.168.34.18:33332, 4471c145-25da-4757-b1c9-9b4de2d5e316:192.168.34.18:34496], old=null
2019-11-16 18:49:24,388 [Thread-465] INFO  impl.FollowerState (FollowerState.java:run(111)) - 4471c145-25da-4757-b1c9-9b4de2d5e316@group-04994039CFDE-FollowerState: change to CANDIDATE, lastRpcTime:5167ms, electionTimeout:5167ms
2019-11-16 18:49:24,388 [Thread-465] INFO  impl.RoleInfo (RoleInfo.java:shutdownFollowerState(121)) - 4471c145-25da-4757-b1c9-9b4de2d5e316: shutdown FollowerState
2019-11-16 18:49:24,389 [Thread-465] INFO  impl.RaftServerImpl (RaftServerImpl.java:setRole(173)) - 4471c145-25da-4757-b1c9-9b4de2d5e316@group-04994039CFDE: changes role from  FOLLOWER to CANDIDATE at term 0 for changeToCandidate
2019-11-16 18:49:24,389 [Thread-465] INFO  impl.RoleInfo (RoleInfo.java:updateAndGet(143)) - 4471c145-25da-4757-b1c9-9b4de2d5e316: start LeaderElection
2019-11-16 18:49:24,406 [grpc-default-executor-5] INFO  impl.RaftServerImpl (RaftServerImpl.java:setRole(173)) - 342f9c6d-7e65-4482-afd9-925793643c1c@group-04994039CFDE: changes role from  FOLLOWER to FOLLOWER at term 1 for recognizeCandidate:567568a2-3812-4947-8b66-e34939320967
2019-11-16 18:49:24,407 [grpc-default-executor-5] INFO  impl.RoleInfo (RoleInfo.java:shutdownFollowerState(121)) - 342f9c6d-7e65-4482-afd9-925793643c1c: shutdown FollowerState
2019-11-16 18:49:24,407 [4471c145-25da-4757-b1c9-9b4de2d5e316@group-04994039CFDE-LeaderElection9] INFO  impl.LeaderElection (LeaderElection.java:askForVotes(178)) - 4471c145-25da-4757-b1c9-9b4de2d5e316@group-04994039CFDE-LeaderElection9: begin an election at term 1 for -1: [342f9c6d-7e65-4482-afd9-925793643c1c:192.168.34.18:37838, 567568a2-3812-4947-8b66-e34939320967:192.168.34.18:33332, 4471c145-25da-4757-b1c9-9b4de2d5e316:192.168.34.18:34496], old=null
2019-11-16 18:49:24,407 [grpc-default-executor-5] INFO  impl.RoleInfo (RoleInfo.java:updateAndGet(143)) - 342f9c6d-7e65-4482-afd9-925793643c1c: start FollowerState
2019-11-16 18:49:24,407 [Thread-467] INFO  impl.FollowerState (FollowerState.java:run(120)) - 342f9c6d-7e65-4482-afd9-925793643c1c@group-04994039CFDE-FollowerState was interrupted: java.lang.InterruptedException: sleep interrupted
2019-11-16 18:49:24,429 [567568a2-3812-4947-8b66-e34939320967@group-04994039CFDE-LeaderElection8] INFO  impl.LeaderElection (LeaderElection.java:logAndReturn(56)) - 567568a2-3812-4947-8b66-e34939320967@group-04994039CFDE-LeaderElection8: Election PASSED; received 2 response(s) [567568a2-3812-4947-8b66-e34939320967<-342f9c6d-7e65-4482-afd9-925793643c1c#0:OK-t1, 567568a2-3812-4947-8b66-e34939320967<-4471c145-25da-4757-b1c9-9b4de2d5e316#0:FAIL-t1] and 0 exception(s); 567568a2-3812-4947-8b66-e34939320967@group-04994039CFDE:t1, leader=null, voted=567568a2-3812-4947-8b66-e34939320967, raftlog=567568a2-3812-4947-8b66-e34939320967@group-04994039CFDE-SegmentedRaftLog:OPENED:c-1,f-1,i0, conf=-1: [342f9c6d-7e65-4482-afd9-925793643c1c:192.168.34.18:37838, 567568a2-3812-4947-8b66-e34939320967:192.168.34.18:33332, 4471c145-25da-4757-b1c9-9b4de2d5e316:192.168.34.18:34496], old=null
2019-11-16 18:49:24,429 [4471c145-25da-4757-b1c9-9b4de2d5e316@group-04994039CFDE-LeaderElection9] INFO  impl.LeaderElection (LeaderElection.java:logAndReturn(56)) - 4471c145-25da-4757-b1c9-9b4de2d5e316@group-04994039CFDE-LeaderElection9: Election REJECTED; received 2 response(s) [4471c145-25da-4757-b1c9-9b4de2d5e316<-567568a2-3812-4947-8b66-e34939320967#0:FAIL-t1, 4471c145-25da-4757-b1c9-9b4de2d5e316<-342f9c6d-7e65-4482-afd9-925793643c1c#0:FAIL-t1] and 0 exception(s); 4471c145-25da-4757-b1c9-9b4de2d5e316@group-04994039CFDE:t1, leader=null, voted=4471c145-25da-4757-b1c9-9b4de2d5e316, raftlog=4471c145-25da-4757-b1c9-9b4de2d5e316@group-04994039CFDE-SegmentedRaftLog:OPENED:c-1,f-1,i0, conf=-1: [342f9c6d-7e65-4482-afd9-925793643c1c:192.168.34.18:37838, 567568a2-3812-4947-8b66-e34939320967:192.168.34.18:33332, 4471c145-25da-4757-b1c9-9b4de2d5e316:192.168.34.18:34496], old=null
2019-11-16 18:49:24,429 [567568a2-3812-4947-8b66-e34939320967@group-04994039CFDE-LeaderElection8] INFO  impl.RoleInfo (RoleInfo.java:shutdownLeaderElection(134)) - 567568a2-3812-4947-8b66-e34939320967: shutdown LeaderElection
2019-11-16 18:49:24,431 [4471c145-25da-4757-b1c9-9b4de2d5e316@group-04994039CFDE-LeaderElection9] INFO  impl.RaftServerImpl (RaftServerImpl.java:setRole(173)) - 4471c145-25da-4757-b1c9-9b4de2d5e316@group-04994039CFDE: changes role from CANDIDATE to FOLLOWER at term 1 for DISCOVERED_A_NEW_TERM
2019-11-16 18:49:24,432 [567568a2-3812-4947-8b66-e34939320967@group-04994039CFDE-LeaderElection8] INFO  impl.RaftServerImpl (RaftServerImpl.java:setRole(173)) - 567568a2-3812-4947-8b66-e34939320967@group-04994039CFDE: changes role from CANDIDATE to LEADER at term 1 for changeToLeader
2019-11-16 18:49:24,433 [4471c145-25da-4757-b1c9-9b4de2d5e316@group-04994039CFDE-LeaderElection9] INFO  impl.RoleInfo (RoleInfo.java:shutdownLeaderElection(134)) - 4471c145-25da-4757-b1c9-9b4de2d5e316: shutdown LeaderElection
2019-11-16 18:49:24,433 [567568a2-3812-4947-8b66-e34939320967@group-04994039CFDE-LeaderElection8] INFO  ratis.XceiverServerRatis (XceiverServerRatis.java:handleLeaderChangedNotification(733)) - Leader change notification received for group: group-04994039CFDE with new leaderId: 567568a2-3812-4947-8b66-e34939320967
2019-11-16 18:49:24,433 [4471c145-25da-4757-b1c9-9b4de2d5e316@group-04994039CFDE-LeaderElection9] INFO  impl.RoleInfo (RoleInfo.java:updateAndGet(143)) - 4471c145-25da-4757-b1c9-9b4de2d5e316: start FollowerState
2019-11-16 18:49:24,435 [567568a2-3812-4947-8b66-e34939320967@group-04994039CFDE-LeaderElection8] INFO  impl.RaftServerImpl (ServerState.java:setLeader(255)) - 567568a2-3812-4947-8b66-e34939320967@group-04994039CFDE: change Leader from null to 567568a2-3812-4947-8b66-e34939320967 at term 1 for becomeLeader, leader elected after 5219ms
2019-11-16 18:49:24,435 [567568a2-3812-4947-8b66-e34939320967@group-04994039CFDE-LeaderElection8] INFO  server.RaftServerConfigKeys (ConfUtils.java:logGet(43)) - raft.server.staging.catchup.gap = 1000 (default)
2019-11-16 18:49:24,435 [567568a2-3812-4947-8b66-e34939320967@group-04994039CFDE-LeaderElection8] INFO  server.RaftServerConfigKeys (ConfUtils.java:logGet(43)) - raft.server.rpc.sleep.time = 25ms (default)
2019-11-16 18:49:24,435 [567568a2-3812-4947-8b66-e34939320967@group-04994039CFDE-LeaderElection8] INFO  server.RaftServerConfigKeys (ConfUtils.java:logGet(43)) - raft.server.write.element-limit = 4096 (default)
2019-11-16 18:49:24,436 [567568a2-3812-4947-8b66-e34939320967@group-04994039CFDE-LeaderElection8] INFO  server.RaftServerConfigKeys (ConfUtils.java:logGet(43)) - raft.server.watch.timeout = 10s (default)
2019-11-16 18:49:24,436 [567568a2-3812-4947-8b66-e34939320967@group-04994039CFDE-LeaderElection8] INFO  server.RaftServerConfigKeys (ConfUtils.java:logGet(43)) - raft.server.watch.timeout.denomination = 1s (default)
2019-11-16 18:49:24,436 [567568a2-3812-4947-8b66-e34939320967@group-04994039CFDE-LeaderElection8] INFO  server.RaftServerConfigKeys (ConfUtils.java:logGet(43)) - raft.server.watch.element-limit = 65536 (default)
2019-11-16 18:49:24,436 [567568a2-3812-4947-8b66-e34939320967@group-04994039CFDE-LeaderElection8] INFO  server.RaftServerConfigKeys (ConfUtils.java:logGet(43)) - raft.server.log.appender.snapshot.chunk.size.max = 16MB (=16777216) (default)
2019-11-16 18:49:24,437 [567568a2-3812-4947-8b66-e34939320967@group-04994039CFDE-LeaderElection8] INFO  server.RaftServerConfigKeys (ConfUtils.java:logGet(43)) - raft.server.log.appender.buffer.byte-limit = 33554432 (custom)
2019-11-16 18:49:24,437 [567568a2-3812-4947-8b66-e34939320967@group-04994039CFDE-LeaderElection8] INFO  server.RaftServerConfigKeys (ConfUtils.java:logGet(43)) - raft.server.log.appender.buffer.element-limit = 1 (custom)
2019-11-16 18:49:24,437 [567568a2-3812-4947-8b66-e34939320967@group-04994039CFDE-LeaderElection8] INFO  grpc.GrpcConfigKeys$Server (ConfUtils.java:logGet(43)) - raft.grpc.server.leader.outstanding.appends.max = 128 (default)
2019-11-16 18:49:24,438 [EventQueue-PipelineReportForPipelineReportHandler] INFO  pipeline.PipelineReportHandler (PipelineReportHandler.java:processPipelineReport(113)) - Pipeline THREE PipelineID=fe1e0d27-abc3-4bec-af27-04994039cfde reported by 567568a2-3812-4947-8b66-e34939320967{ip: 192.168.34.18, host: pr-hdds-2291-fnk79-640473112, networkLocation: /default-rack, certSerialId: null}
2019-11-16 18:49:24,438 [567568a2-3812-4947-8b66-e34939320967@group-04994039CFDE-LeaderElection8] INFO  server.RaftServerConfigKeys (ConfUtils.java:logGet(43)) - raft.server.rpc.request.timeout = 3000ms (default)
2019-11-16 18:49:24,438 [EventQueue-PipelineReportForPipelineReportHandler] INFO  pipeline.PipelineStateManager (PipelineStateManager.java:openPipeline(132)) - Pipeline Pipeline[ Id: fe1e0d27-abc3-4bec-af27-04994039cfde, Nodes: 342f9c6d-7e65-4482-afd9-925793643c1c{ip: 192.168.34.18, host: pr-hdds-2291-fnk79-640473112, networkLocation: /default-rack, certSerialId: null}567568a2-3812-4947-8b66-e34939320967{ip: 192.168.34.18, host: pr-hdds-2291-fnk79-640473112, networkLocation: /default-rack, certSerialId: null}4471c145-25da-4757-b1c9-9b4de2d5e316{ip: 192.168.34.18, host: pr-hdds-2291-fnk79-640473112, networkLocation: /default-rack, certSerialId: null}, Type:RATIS, Factor:THREE, State:ALLOCATED] moved to OPEN state
2019-11-16 18:49:24,438 [567568a2-3812-4947-8b66-e34939320967@group-04994039CFDE-LeaderElection8] INFO  server.RaftServerConfigKeys (ConfUtils.java:logGet(43)) - raft.server.log.appender.install.snapshot.enabled = false (custom)
2019-11-16 18:49:24,439 [567568a2-3812-4947-8b66-e34939320967@group-04994039CFDE-LeaderElection8] WARN  impl.MetricRegistriesImpl (MetricRegistriesImpl.java:lambda$create$1(61)) - First MetricRegistry has been created without registering reporters. You may need to call MetricRegistries.global().addReportRegistration(...) before.
2019-11-16 18:49:24,439 [567568a2-3812-4947-8b66-e34939320967@group-04994039CFDE-LeaderElection8] INFO  server.RaftServerConfigKeys (ConfUtils.java:logGet(43)) - raft.server.log.appender.snapshot.chunk.size.max = 16MB (=16777216) (default)
2019-11-16 18:49:24,439 [567568a2-3812-4947-8b66-e34939320967@group-04994039CFDE-LeaderElection8] INFO  server.RaftServerConfigKeys (ConfUtils.java:logGet(43)) - raft.server.log.appender.buffer.byte-limit = 33554432 (custom)
2019-11-16 18:49:24,439 [567568a2-3812-4947-8b66-e34939320967@group-04994039CFDE-LeaderElection8] INFO  server.RaftServerConfigKeys (ConfUtils.java:logGet(43)) - raft.server.log.appender.buffer.element-limit = 1 (custom)
2019-11-16 18:49:24,439 [567568a2-3812-4947-8b66-e34939320967@group-04994039CFDE-LeaderElection8] INFO  grpc.GrpcConfigKeys$Server (ConfUtils.java:logGet(43)) - raft.grpc.server.leader.outstanding.appends.max = 128 (default)
2019-11-16 18:49:24,440 [567568a2-3812-4947-8b66-e34939320967@group-04994039CFDE-LeaderElection8] INFO  server.RaftServerConfigKeys (ConfUtils.java:logGet(43)) - raft.server.rpc.request.timeout = 3000ms (default)
2019-11-16 18:49:24,440 [567568a2-3812-4947-8b66-e34939320967@group-04994039CFDE-LeaderElection8] INFO  server.RaftServerConfigKeys (ConfUtils.java:logGet(43)) - raft.server.log.appender.install.snapshot.enabled = false (custom)
2019-11-16 18:49:24,440 [567568a2-3812-4947-8b66-e34939320967@group-04994039CFDE-LeaderElection8] INFO  impl.RoleInfo (RoleInfo.java:updateAndGet(143)) - 567568a2-3812-4947-8b66-e34939320967: start LeaderState
2019-11-16 18:49:24,441 [567568a2-3812-4947-8b66-e34939320967@group-04994039CFDE-LeaderElection8] INFO  segmented.SegmentedRaftLogWorker (SegmentedRaftLogWorker.java:startLogSegment(385)) - 567568a2-3812-4947-8b66-e34939320967@group-04994039CFDE-SegmentedRaftLogWorker: Starting segment from index:0
2019-11-16 18:49:24,442 [567568a2-3812-4947-8b66-e34939320967@group-04994039CFDE-LeaderElection8] INFO  impl.RaftServerImpl (ServerState.java:setRaftConf(356)) - 567568a2-3812-4947-8b66-e34939320967@group-04994039CFDE: set configuration 0: [342f9c6d-7e65-4482-afd9-925793643c1c:192.168.34.18:37838, 567568a2-3812-4947-8b66-e34939320967:192.168.34.18:33332, 4471c145-25da-4757-b1c9-9b4de2d5e316:192.168.34.18:34496], old=null at 0
2019-11-16 18:49:24,473 [grpc-default-executor-0] INFO  ratis.XceiverServerRatis (XceiverServerRatis.java:handleLeaderChangedNotification(733)) - Leader change notification received for group: group-04994039CFDE with new leaderId: 567568a2-3812-4947-8b66-e34939320967
2019-11-16 18:49:24,474 [grpc-default-executor-0] INFO  impl.RaftServerImpl (ServerState.java:setLeader(255)) - 4471c145-25da-4757-b1c9-9b4de2d5e316@group-04994039CFDE: change Leader from null to 567568a2-3812-4947-8b66-e34939320967 at term 1 for appendEntries, leader elected after 5258ms
2019-11-16 18:49:24,473 [grpc-default-executor-5] INFO  ratis.XceiverServerRatis (XceiverServerRatis.java:handleLeaderChangedNotification(733)) - Leader change notification received for group: group-04994039CFDE with new leaderId: 567568a2-3812-4947-8b66-e34939320967
2019-11-16 18:49:24,474 [grpc-default-executor-5] INFO  impl.RaftServerImpl (ServerState.java:setLeader(255)) - 342f9c6d-7e65-4482-afd9-925793643c1c@group-04994039CFDE: change Leader from null to 567568a2-3812-4947-8b66-e34939320967 at term 1 for appendEntries, leader elected after 4436ms
2019-11-16 18:49:24,477 [grpc-default-executor-5] INFO  impl.RaftServerImpl (ServerState.java:setRaftConf(356)) - 4471c145-25da-4757-b1c9-9b4de2d5e316@group-04994039CFDE: set configuration 0: [342f9c6d-7e65-4482-afd9-925793643c1c:192.168.34.18:37838, 567568a2-3812-4947-8b66-e34939320967:192.168.34.18:33332, 4471c145-25da-4757-b1c9-9b4de2d5e316:192.168.34.18:34496], old=null at 0
2019-11-16 18:49:24,477 [grpc-default-executor-0] INFO  impl.RaftServerImpl (ServerState.java:setRaftConf(356)) - 342f9c6d-7e65-4482-afd9-925793643c1c@group-04994039CFDE: set configuration 0: [342f9c6d-7e65-4482-afd9-925793643c1c:192.168.34.18:37838, 567568a2-3812-4947-8b66-e34939320967:192.168.34.18:33332, 4471c145-25da-4757-b1c9-9b4de2d5e316:192.168.34.18:34496], old=null at 0
2019-11-16 18:49:24,477 [grpc-default-executor-5] INFO  segmented.SegmentedRaftLogWorker (SegmentedRaftLogWorker.java:startLogSegment(385)) - 4471c145-25da-4757-b1c9-9b4de2d5e316@group-04994039CFDE-SegmentedRaftLogWorker: Starting segment from index:0
2019-11-16 18:49:24,477 [grpc-default-executor-0] INFO  segmented.SegmentedRaftLogWorker (SegmentedRaftLogWorker.java:startLogSegment(385)) - 342f9c6d-7e65-4482-afd9-925793643c1c@group-04994039CFDE-SegmentedRaftLogWorker: Starting segment from index:0
2019-11-16 18:49:24,483 [567568a2-3812-4947-8b66-e34939320967@group-04994039CFDE-SegmentedRaftLogWorker] INFO  segmented.SegmentedRaftLogWorker (SegmentedRaftLogWorker.java:execute(576)) - 567568a2-3812-4947-8b66-e34939320967@group-04994039CFDE-SegmentedRaftLogWorker: created new log segment /workdir/hadoop-ozone/tools/target/test-dir/MiniOzoneClusterImpl-844686d1-b526-4d2d-b34d-e0f05f886494/datanode-0/data/ratis/fe1e0d27-abc3-4bec-af27-04994039cfde/current/log_inprogress_0
2019-11-16 18:49:24,509 [4471c145-25da-4757-b1c9-9b4de2d5e316@group-04994039CFDE-SegmentedRaftLogWorker] INFO  segmented.SegmentedRaftLogWorker (SegmentedRaftLogWorker.java:execute(576)) - 4471c145-25da-4757-b1c9-9b4de2d5e316@group-04994039CFDE-SegmentedRaftLogWorker: created new log segment /workdir/hadoop-ozone/tools/target/test-dir/MiniOzoneClusterImpl-844686d1-b526-4d2d-b34d-e0f05f886494/datanode-1/data/ratis/fe1e0d27-abc3-4bec-af27-04994039cfde/current/log_inprogress_0
2019-11-16 18:49:24,511 [342f9c6d-7e65-4482-afd9-925793643c1c@group-04994039CFDE-SegmentedRaftLogWorker] INFO  segmented.SegmentedRaftLogWorker (SegmentedRaftLogWorker.java:execute(576)) - 342f9c6d-7e65-4482-afd9-925793643c1c@group-04994039CFDE-SegmentedRaftLogWorker: created new log segment /workdir/hadoop-ozone/tools/target/test-dir/MiniOzoneClusterImpl-844686d1-b526-4d2d-b34d-e0f05f886494/datanode-2/data/ratis/fe1e0d27-abc3-4bec-af27-04994039cfde/current/log_inprogress_0
]]></system-out>
    <system-err><![CDATA[ERROR StatusLogger No Log4j 2 configuration file found. Using default configuration (logging only errors to the console), or user programmatically provided configurations. Set system property 'log4j2.debug' to show Log4j 2 internal initialization logging. See https://logging.apache.org/log4j/2.x/manual/configuration.html for instructions on how to configure Log4j 2
]]></system-err>
  </testcase>
</testsuite>