<?xml version="1.0" encoding="UTF-8"?>
<testsuite xmlns:xsi="http://www.w3.org/2001/XMLSchema-instance" xsi:noNamespaceSchemaLocation="https://maven.apache.org/surefire/maven-surefire-plugin/xsd/surefire-test-report.xsd" name="org.apache.hadoop.ozone.freon.TestFreonWithPipelineDestroy" time="54.249" tests="1" errors="1" skipped="0" failures="0">
  <properties>
    <property name="awt.toolkit" value="sun.awt.X11.XToolkit"/>
    <property name="file.encoding.pkg" value="sun.io"/>
    <property name="java.specification.version" value="1.8"/>
    <property name="sun.cpu.isalist" value=""/>
    <property name="sun.jnu.encoding" value="ANSI_X3.4-1968"/>
    <property name="java.class.path" value="/workdir/hadoop-ozone/tools/target/test-classes:/workdir/hadoop-ozone/tools/target/classes:/home/user/.m2/repository/org/apache/hadoop/hadoop-ozone-ozone-manager/0.5.0-SNAPSHOT/hadoop-ozone-ozone-manager-0.5.0-SNAPSHOT.jar:/home/user/.m2/repository/org/apache/hadoop/hadoop-hdds-docs/0.5.0-SNAPSHOT/hadoop-hdds-docs-0.5.0-SNAPSHOT.jar:/home/user/.m2/repository/org/bouncycastle/bcprov-jdk15on/1.60/bcprov-jdk15on-1.60.jar:/home/user/.m2/repository/org/apache/hadoop/hadoop-ozone-common/0.5.0-SNAPSHOT/hadoop-ozone-common-0.5.0-SNAPSHOT.jar:/home/user/.m2/repository/org/apache/commons/commons-compress/1.4.1/commons-compress-1.4.1.jar:/home/user/.m2/repository/org/tukaani/xz/1.0/xz-1.0.jar:/home/user/.m2/repository/org/apache/hadoop/hadoop-hdfs-client/3.2.0/hadoop-hdfs-client-3.2.0.jar:/home/user/.m2/repository/com/fasterxml/jackson/core/jackson-annotations/2.9.9/jackson-annotations-2.9.9.jar:/home/user/.m2/repository/org/apache/hadoop/hadoop-hdds-common/0.5.0-SNAPSHOT/hadoop-hdds-common-0.5.0-SNAPSHOT.jar:/home/user/.m2/repository/org/apache/hadoop/hadoop-hdds-config/0.5.0-SNAPSHOT/hadoop-hdds-config-0.5.0-SNAPSHOT.jar:/home/user/.m2/repository/javax/annotation/javax.annotation-api/1.2/javax.annotation-api-1.2.jar:/home/user/.m2/repository/org/apache/ratis/ratis-server/0.5.0-d6d58d0-SNAPSHOT/ratis-server-0.5.0-d6d58d0-SNAPSHOT.jar:/home/user/.m2/repository/org/apache/ratis/ratis-thirdparty-misc/0.2.0/ratis-thirdparty-misc-0.2.0.jar:/home/user/.m2/repository/org/apache/ratis/ratis-proto/0.5.0-d6d58d0-SNAPSHOT/ratis-proto-0.5.0-d6d58d0-SNAPSHOT.jar:/home/user/.m2/repository/org/apache/ratis/ratis-common/0.5.0-d6d58d0-SNAPSHOT/ratis-common-0.5.0-d6d58d0-SNAPSHOT.jar:/home/user/.m2/repository/org/apache/ratis/ratis-client/0.5.0-d6d58d0-SNAPSHOT/ratis-client-0.5.0-d6d58d0-SNAPSHOT.jar:/home/user/.m2/repository/org/apache/ratis/ratis-metrics/0.5.0-d6d58d0-SNAPSHOT/ratis-metrics-0.5.0-d6d58d0-SNAPSHOT.jar:/home/user/.m2/repository/org/apache/ratis/ratis-netty/0.5.0-d6d58d0-SNAPSHOT/ratis-netty-0.5.0-d6d58d0-SNAPSHOT.jar:/home/user/.m2/repository/org/apache/ratis/ratis-grpc/0.5.0-d6d58d0-SNAPSHOT/ratis-grpc-0.5.0-d6d58d0-SNAPSHOT.jar:/home/user/.m2/repository/org/rocksdb/rocksdbjni/6.0.1/rocksdbjni-6.0.1.jar:/home/user/.m2/repository/org/apache/logging/log4j/log4j-api/2.11.0/log4j-api-2.11.0.jar:/home/user/.m2/repository/org/apache/logging/log4j/log4j-core/2.11.0/log4j-core-2.11.0.jar:/home/user/.m2/repository/com/lmax/disruptor/3.4.2/disruptor-3.4.2.jar:/home/user/.m2/repository/org/apache/commons/commons-pool2/2.6.0/commons-pool2-2.6.0.jar:/home/user/.m2/repository/org/bouncycastle/bcpkix-jdk15on/1.60/bcpkix-jdk15on-1.60.jar:/home/user/.m2/repository/commons-validator/commons-validator/1.6/commons-validator-1.6.jar:/home/user/.m2/repository/commons-digester/commons-digester/1.8.1/commons-digester-1.8.1.jar:/home/user/.m2/repository/io/jaegertracing/jaeger-client/0.34.0/jaeger-client-0.34.0.jar:/home/user/.m2/repository/io/jaegertracing/jaeger-thrift/0.34.0/jaeger-thrift-0.34.0.jar:/home/user/.m2/repository/org/apache/thrift/libthrift/0.12.0/libthrift-0.12.0.jar:/home/user/.m2/repository/com/squareup/okhttp3/okhttp/3.9.0/okhttp-3.9.0.jar:/home/user/.m2/repository/com/squareup/okio/okio/1.13.0/okio-1.13.0.jar:/home/user/.m2/repository/io/jaegertracing/jaeger-core/0.34.0/jaeger-core-0.34.0.jar:/home/user/.m2/repository/io/jaegertracing/jaeger-tracerresolver/0.34.0/jaeger-tracerresolver-0.34.0.jar:/home/user/.m2/repository/io/opentracing/contrib/opentracing-tracerresolver/0.1.5/opentracing-tracerresolver-0.1.5.jar:/home/user/.m2/repository/io/opentracing/opentracing-util/0.31.0/opentracing-util-0.31.0.jar:/home/user/.m2/repository/io/opentracing/opentracing-api/0.31.0/opentracing-api-0.31.0.jar:/home/user/.m2/repository/io/opentracing/opentracing-noop/0.31.0/opentracing-noop-0.31.0.jar:/home/user/.m2/repository/org/yaml/snakeyaml/1.16/snakeyaml-1.16.jar:/home/user/.m2/repository/org/apache/hadoop/hadoop-hdds-container-service/0.5.0-SNAPSHOT/hadoop-hdds-container-service-0.5.0-SNAPSHOT.jar:/home/user/.m2/repository/org/apache/hadoop/hadoop-hdds-client/0.5.0-SNAPSHOT/hadoop-hdds-client-0.5.0-SNAPSHOT.jar:/home/user/.m2/repository/org/apache/hadoop/hadoop-hdds-tools/0.5.0-SNAPSHOT/hadoop-hdds-tools-0.5.0-SNAPSHOT.jar:/home/user/.m2/repository/org/xerial/sqlite-jdbc/3.25.2/sqlite-jdbc-3.25.2.jar:/home/user/.m2/repository/org/apache/hadoop/hadoop-hdds-server-scm/0.5.0-SNAPSHOT/hadoop-hdds-server-scm-0.5.0-SNAPSHOT.jar:/home/user/.m2/repository/org/hamcrest/hamcrest-all/1.3/hamcrest-all-1.3.jar:/home/user/.m2/repository/info/picocli/picocli/3.9.6/picocli-3.9.6.jar:/home/user/.m2/repository/com/google/protobuf/protobuf-java/2.5.0/protobuf-java-2.5.0.jar:/home/user/.m2/repository/com/google/guava/guava/11.0.2/guava-11.0.2.jar:/home/user/.m2/repository/org/apache/hadoop/hadoop-ozone-client/0.5.0-SNAPSHOT/hadoop-ozone-client-0.5.0-SNAPSHOT.jar:/workdir/hadoop-ozone/ozonefs/target/classes:/home/user/.m2/repository/org/apache/httpcomponents/httpclient/4.5.2/httpclient-4.5.2.jar:/home/user/.m2/repository/org/apache/httpcomponents/httpcore/4.4.4/httpcore-4.4.4.jar:/home/user/.m2/repository/org/apache/hadoop/hadoop-hdds-server-framework/0.5.0-SNAPSHOT/hadoop-hdds-server-framework-0.5.0-SNAPSHOT.jar:/home/user/.m2/repository/org/apache/hadoop/hadoop-common/3.2.0/hadoop-common-3.2.0.jar:/home/user/.m2/repository/org/apache/hadoop/hadoop-annotations/3.2.0/hadoop-annotations-3.2.0.jar:/usr/lib/jvm/java-1.8.0-openjdk-1.8.0.222.b10-1.el7_7.x86_64/jre/../lib/tools.jar:/home/user/.m2/repository/commons-cli/commons-cli/1.2/commons-cli-1.2.jar:/home/user/.m2/repository/org/apache/commons/commons-math3/3.1.1/commons-math3-3.1.1.jar:/home/user/.m2/repository/commons-codec/commons-codec/1.11/commons-codec-1.11.jar:/home/user/.m2/repository/commons-io/commons-io/2.5/commons-io-2.5.jar:/home/user/.m2/repository/commons-net/commons-net/3.6/commons-net-3.6.jar:/home/user/.m2/repository/commons-collections/commons-collections/3.2.2/commons-collections-3.2.2.jar:/home/user/.m2/repository/javax/servlet/javax.servlet-api/3.1.0/javax.servlet-api-3.1.0.jar:/home/user/.m2/repository/org/eclipse/jetty/jetty-server/9.3.25.v20180904/jetty-server-9.3.25.v20180904.jar:/home/user/.m2/repository/org/eclipse/jetty/jetty-http/9.3.25.v20180904/jetty-http-9.3.25.v20180904.jar:/home/user/.m2/repository/org/eclipse/jetty/jetty-io/9.3.25.v20180904/jetty-io-9.3.25.v20180904.jar:/home/user/.m2/repository/org/eclipse/jetty/jetty-util/9.3.25.v20180904/jetty-util-9.3.25.v20180904.jar:/home/user/.m2/repository/org/eclipse/jetty/jetty-servlet/9.3.25.v20180904/jetty-servlet-9.3.25.v20180904.jar:/home/user/.m2/repository/org/eclipse/jetty/jetty-security/9.3.25.v20180904/jetty-security-9.3.25.v20180904.jar:/home/user/.m2/repository/org/eclipse/jetty/jetty-webapp/9.3.25.v20180904/jetty-webapp-9.3.25.v20180904.jar:/home/user/.m2/repository/org/eclipse/jetty/jetty-xml/9.3.25.v20180904/jetty-xml-9.3.25.v20180904.jar:/home/user/.m2/repository/javax/servlet/jsp/jsp-api/2.1/jsp-api-2.1.jar:/home/user/.m2/repository/com/sun/jersey/jersey-core/1.19/jersey-core-1.19.jar:/home/user/.m2/repository/javax/ws/rs/jsr311-api/1.1.1/jsr311-api-1.1.1.jar:/home/user/.m2/repository/com/sun/jersey/jersey-servlet/1.19/jersey-servlet-1.19.jar:/home/user/.m2/repository/com/sun/jersey/jersey-json/1.19/jersey-json-1.19.jar:/home/user/.m2/repository/org/codehaus/jettison/jettison/1.1/jettison-1.1.jar:/home/user/.m2/repository/com/sun/xml/bind/jaxb-impl/2.3.0.1/jaxb-impl-2.3.0.1.jar:/home/user/.m2/repository/org/codehaus/jackson/jackson-core-asl/1.9.13/jackson-core-asl-1.9.13.jar:/home/user/.m2/repository/org/codehaus/jackson/jackson-mapper-asl/1.9.13/jackson-mapper-asl-1.9.13.jar:/home/user/.m2/repository/org/codehaus/jackson/jackson-jaxrs/1.9.13/jackson-jaxrs-1.9.13.jar:/home/user/.m2/repository/org/codehaus/jackson/jackson-xc/1.9.13/jackson-xc-1.9.13.jar:/home/user/.m2/repository/com/sun/jersey/jersey-server/1.19/jersey-server-1.19.jar:/home/user/.m2/repository/commons-logging/commons-logging/1.1.3/commons-logging-1.1.3.jar:/home/user/.m2/repository/log4j/log4j/1.2.17/log4j-1.2.17.jar:/home/user/.m2/repository/commons-beanutils/commons-beanutils/1.9.4/commons-beanutils-1.9.4.jar:/home/user/.m2/repository/org/apache/commons/commons-configuration2/2.1.1/commons-configuration2-2.1.1.jar:/home/user/.m2/repository/org/apache/commons/commons-lang3/3.7/commons-lang3-3.7.jar:/home/user/.m2/repository/org/apache/commons/commons-text/1.4/commons-text-1.4.jar:/home/user/.m2/repository/org/slf4j/slf4j-api/1.7.25/slf4j-api-1.7.25.jar:/home/user/.m2/repository/org/slf4j/slf4j-log4j12/1.7.25/slf4j-log4j12-1.7.25.jar:/home/user/.m2/repository/org/apache/avro/avro/1.7.7/avro-1.7.7.jar:/home/user/.m2/repository/com/thoughtworks/paranamer/paranamer/2.3/paranamer-2.3.jar:/home/user/.m2/repository/org/xerial/snappy/snappy-java/1.0.5/snappy-java-1.0.5.jar:/home/user/.m2/repository/com/google/re2j/re2j/1.1/re2j-1.1.jar:/home/user/.m2/repository/com/google/code/gson/gson/2.2.4/gson-2.2.4.jar:/home/user/.m2/repository/org/apache/hadoop/hadoop-auth/3.2.0/hadoop-auth-3.2.0.jar:/home/user/.m2/repository/com/nimbusds/nimbus-jose-jwt/4.41.1/nimbus-jose-jwt-4.41.1.jar:/home/user/.m2/repository/com/github/stephenc/jcip/jcip-annotations/1.0-1/jcip-annotations-1.0-1.jar:/home/user/.m2/repository/net/minidev/json-smart/2.3/json-smart-2.3.jar:/home/user/.m2/repository/net/minidev/accessors-smart/1.2/accessors-smart-1.2.jar:/home/user/.m2/repository/org/apache/curator/curator-framework/2.12.0/curator-framework-2.12.0.jar:/home/user/.m2/repository/com/jcraft/jsch/0.1.54/jsch-0.1.54.jar:/home/user/.m2/repository/org/apache/curator/curator-client/2.12.0/curator-client-2.12.0.jar:/home/user/.m2/repository/org/apache/curator/curator-recipes/2.12.0/curator-recipes-2.12.0.jar:/home/user/.m2/repository/com/google/code/findbugs/jsr305/3.0.0/jsr305-3.0.0.jar:/home/user/.m2/repository/org/apache/htrace/htrace-core4/4.1.0-incubating/htrace-core4-4.1.0-incubating.jar:/home/user/.m2/repository/org/apache/zookeeper/zookeeper/3.4.13/zookeeper-3.4.13.jar:/home/user/.m2/repository/jline/jline/0.9.94/jline-0.9.94.jar:/home/user/.m2/repository/org/apache/yetus/audience-annotations/0.5.0/audience-annotations-0.5.0.jar:/home/user/.m2/repository/org/apache/kerby/kerb-simplekdc/1.0.1/kerb-simplekdc-1.0.1.jar:/home/user/.m2/repository/org/apache/kerby/kerb-client/1.0.1/kerb-client-1.0.1.jar:/home/user/.m2/repository/org/apache/kerby/kerby-config/1.0.1/kerby-config-1.0.1.jar:/home/user/.m2/repository/org/apache/kerby/kerb-core/1.0.1/kerb-core-1.0.1.jar:/home/user/.m2/repository/org/apache/kerby/kerby-pkix/1.0.1/kerby-pkix-1.0.1.jar:/home/user/.m2/repository/org/apache/kerby/kerby-asn1/1.0.1/kerby-asn1-1.0.1.jar:/home/user/.m2/repository/org/apache/kerby/kerby-util/1.0.1/kerby-util-1.0.1.jar:/home/user/.m2/repository/org/apache/kerby/kerb-common/1.0.1/kerb-common-1.0.1.jar:/home/user/.m2/repository/org/apache/kerby/kerb-crypto/1.0.1/kerb-crypto-1.0.1.jar:/home/user/.m2/repository/org/apache/kerby/kerb-util/1.0.1/kerb-util-1.0.1.jar:/home/user/.m2/repository/org/apache/kerby/token-provider/1.0.1/token-provider-1.0.1.jar:/home/user/.m2/repository/org/apache/kerby/kerb-admin/1.0.1/kerb-admin-1.0.1.jar:/home/user/.m2/repository/org/apache/kerby/kerb-server/1.0.1/kerb-server-1.0.1.jar:/home/user/.m2/repository/org/apache/kerby/kerb-identity/1.0.1/kerb-identity-1.0.1.jar:/home/user/.m2/repository/org/apache/kerby/kerby-xdr/1.0.1/kerby-xdr-1.0.1.jar:/home/user/.m2/repository/com/fasterxml/jackson/core/jackson-databind/2.9.9/jackson-databind-2.9.9.jar:/home/user/.m2/repository/com/fasterxml/jackson/core/jackson-core/2.9.9/jackson-core-2.9.9.jar:/home/user/.m2/repository/org/codehaus/woodstox/stax2-api/3.1.4/stax2-api-3.1.4.jar:/home/user/.m2/repository/com/fasterxml/woodstox/woodstox-core/5.0.3/woodstox-core-5.0.3.jar:/home/user/.m2/repository/dnsjava/dnsjava/2.1.7/dnsjava-2.1.7.jar:/home/user/.m2/repository/org/apache/hadoop/hadoop-hdfs/3.2.0/hadoop-hdfs-3.2.0.jar:/home/user/.m2/repository/org/eclipse/jetty/jetty-util-ajax/9.3.25.v20180904/jetty-util-ajax-9.3.25.v20180904.jar:/home/user/.m2/repository/commons-daemon/commons-daemon/1.0.13/commons-daemon-1.0.13.jar:/home/user/.m2/repository/io/netty/netty/3.10.5.Final/netty-3.10.5.Final.jar:/home/user/.m2/repository/io/netty/netty-all/4.0.52.Final/netty-all-4.0.52.Final.jar:/home/user/.m2/repository/org/fusesource/leveldbjni/leveldbjni-all/1.8/leveldbjni-all-1.8.jar:/home/user/.m2/repository/com/sun/xml/bind/jaxb-core/2.3.0.1/jaxb-core-2.3.0.1.jar:/home/user/.m2/repository/javax/xml/bind/jaxb-api/2.3.0/jaxb-api-2.3.0.jar:/home/user/.m2/repository/javax/activation/activation/1.1.1/activation-1.1.1.jar:/home/user/.m2/repository/org/openjdk/jmh/jmh-core/1.19/jmh-core-1.19.jar:/home/user/.m2/repository/net/sf/jopt-simple/jopt-simple/4.6/jopt-simple-4.6.jar:/home/user/.m2/repository/org/openjdk/jmh/jmh-generator-annprocess/1.19/jmh-generator-annprocess-1.19.jar:/home/user/.m2/repository/io/dropwizard/metrics/metrics-core/3.2.4/metrics-core-3.2.4.jar:/home/user/.m2/repository/com/amazonaws/aws-java-sdk-s3/1.11.615/aws-java-sdk-s3-1.11.615.jar:/home/user/.m2/repository/com/amazonaws/aws-java-sdk-kms/1.11.615/aws-java-sdk-kms-1.11.615.jar:/home/user/.m2/repository/com/amazonaws/aws-java-sdk-core/1.11.615/aws-java-sdk-core-1.11.615.jar:/home/user/.m2/repository/software/amazon/ion/ion-java/1.0.2/ion-java-1.0.2.jar:/home/user/.m2/repository/com/fasterxml/jackson/dataformat/jackson-dataformat-cbor/2.9.9/jackson-dataformat-cbor-2.9.9.jar:/home/user/.m2/repository/joda-time/joda-time/2.9.9/joda-time-2.9.9.jar:/home/user/.m2/repository/com/amazonaws/jmespath-java/1.11.615/jmespath-java-1.11.615.jar:/home/user/.m2/repository/com/github/spotbugs/spotbugs/3.1.12/spotbugs-3.1.12.jar:/home/user/.m2/repository/org/ow2/asm/asm/5.0.4/asm-5.0.4.jar:/home/user/.m2/repository/org/ow2/asm/asm-analysis/7.0/asm-analysis-7.0.jar:/home/user/.m2/repository/org/ow2/asm/asm-commons/7.0/asm-commons-7.0.jar:/home/user/.m2/repository/org/ow2/asm/asm-tree/7.0/asm-tree-7.0.jar:/home/user/.m2/repository/org/ow2/asm/asm-util/7.0/asm-util-7.0.jar:/home/user/.m2/repository/org/apache/bcel/bcel/6.3/bcel-6.3.jar:/home/user/.m2/repository/net/jcip/jcip-annotations/1.0/jcip-annotations-1.0.jar:/home/user/.m2/repository/org/dom4j/dom4j/2.1.1/dom4j-2.1.1.jar:/home/user/.m2/repository/jaxen/jaxen/1.1.6/jaxen-1.1.6.jar:/home/user/.m2/repository/commons-lang/commons-lang/2.6/commons-lang-2.6.jar:/home/user/.m2/repository/com/github/spotbugs/spotbugs-annotations/3.1.12/spotbugs-annotations-3.1.12.jar:/home/user/.m2/repository/junit/junit/4.11/junit-4.11.jar:/home/user/.m2/repository/org/hamcrest/hamcrest-core/1.3/hamcrest-core-1.3.jar:/home/user/.m2/repository/org/apache/hadoop/hadoop-common/3.2.0/hadoop-common-3.2.0-tests.jar:/workdir/hadoop-ozone/integration-test/target/test-classes:/home/user/.m2/repository/org/apache/hadoop/hadoop-ozone-s3gateway/0.5.0-SNAPSHOT/hadoop-ozone-s3gateway-0.5.0-SNAPSHOT.jar:/home/user/.m2/repository/org/jboss/weld/servlet/weld-servlet/2.4.7.Final/weld-servlet-2.4.7.Final.jar:/home/user/.m2/repository/org/glassfish/jersey/containers/jersey-container-servlet-core/2.27/jersey-container-servlet-core-2.27.jar:/home/user/.m2/repository/org/glassfish/hk2/external/javax.inject/2.5.0-b42/javax.inject-2.5.0-b42.jar:/home/user/.m2/repository/org/glassfish/jersey/core/jersey-common/2.27/jersey-common-2.27.jar:/home/user/.m2/repository/org/glassfish/hk2/osgi-resource-locator/1.0.1/osgi-resource-locator-1.0.1.jar:/home/user/.m2/repository/javax/ws/rs/javax.ws.rs-api/2.1/javax.ws.rs-api-2.1.jar:/home/user/.m2/repository/org/glassfish/jersey/ext/cdi/jersey-cdi1x/2.27/jersey-cdi1x-2.27.jar:/home/user/.m2/repository/org/glassfish/jersey/inject/jersey-hk2/2.27/jersey-hk2-2.27.jar:/home/user/.m2/repository/org/glassfish/hk2/hk2-locator/2.5.0-b42/hk2-locator-2.5.0-b42.jar:/home/user/.m2/repository/org/javassist/javassist/3.22.0-CR2/javassist-3.22.0-CR2.jar:/home/user/.m2/repository/org/glassfish/hk2/hk2-api/2.5.0/hk2-api-2.5.0.jar:/home/user/.m2/repository/org/glassfish/hk2/external/jakarta.inject/2.5.0/jakarta.inject-2.5.0.jar:/home/user/.m2/repository/org/glassfish/hk2/hk2-utils/2.5.0/hk2-utils-2.5.0.jar:/home/user/.m2/repository/jakarta/annotation/jakarta.annotation-api/1.3.4/jakarta.annotation-api-1.3.4.jar:/home/user/.m2/repository/org/glassfish/hk2/external/aopalliance-repackaged/2.5.0/aopalliance-repackaged-2.5.0.jar:/home/user/.m2/repository/com/fasterxml/jackson/dataformat/jackson-dataformat-xml/2.9.0/jackson-dataformat-xml-2.9.0.jar:/home/user/.m2/repository/com/fasterxml/jackson/module/jackson-module-jaxb-annotations/2.9.9/jackson-module-jaxb-annotations-2.9.9.jar:/home/user/.m2/repository/javax/enterprise/cdi-api/1.2/cdi-api-1.2.jar:/home/user/.m2/repository/javax/el/javax.el-api/3.0.0/javax.el-api-3.0.0.jar:/home/user/.m2/repository/javax/interceptor/javax.interceptor-api/1.2/javax.interceptor-api-1.2.jar:/home/user/.m2/repository/javax/inject/javax.inject/1/javax.inject-1.jar:/home/user/.m2/repository/org/apache/hadoop/hadoop-ozone-csi/0.5.0-SNAPSHOT/hadoop-ozone-csi-0.5.0-SNAPSHOT.jar:/home/user/.m2/repository/com/google/protobuf/protobuf-java-util/3.5.1/protobuf-java-util-3.5.1.jar:/home/user/.m2/repository/io/grpc/grpc-netty/1.17.1/grpc-netty-1.17.1.jar:/home/user/.m2/repository/io/grpc/grpc-core/1.17.1/grpc-core-1.17.1.jar:/home/user/.m2/repository/io/grpc/grpc-context/1.17.1/grpc-context-1.17.1.jar:/home/user/.m2/repository/com/google/errorprone/error_prone_annotations/2.2.0/error_prone_annotations-2.2.0.jar:/home/user/.m2/repository/org/codehaus/mojo/animal-sniffer-annotations/1.17/animal-sniffer-annotations-1.17.jar:/home/user/.m2/repository/io/opencensus/opencensus-api/0.17.0/opencensus-api-0.17.0.jar:/home/user/.m2/repository/io/opencensus/opencensus-contrib-grpc-metrics/0.17.0/opencensus-contrib-grpc-metrics-0.17.0.jar:/home/user/.m2/repository/io/netty/netty-codec-http2/4.1.30.Final/netty-codec-http2-4.1.30.Final.jar:/home/user/.m2/repository/io/netty/netty-codec-http/4.1.30.Final/netty-codec-http-4.1.30.Final.jar:/home/user/.m2/repository/io/netty/netty-codec/4.1.30.Final/netty-codec-4.1.30.Final.jar:/home/user/.m2/repository/io/netty/netty-handler/4.1.30.Final/netty-handler-4.1.30.Final.jar:/home/user/.m2/repository/io/netty/netty-handler-proxy/4.1.30.Final/netty-handler-proxy-4.1.30.Final.jar:/home/user/.m2/repository/io/netty/netty-codec-socks/4.1.30.Final/netty-codec-socks-4.1.30.Final.jar:/home/user/.m2/repository/io/netty/netty-transport-native-epoll/4.1.30.Final/netty-transport-native-epoll-4.1.30.Final.jar:/home/user/.m2/repository/io/netty/netty-common/4.1.30.Final/netty-common-4.1.30.Final.jar:/home/user/.m2/repository/io/netty/netty-buffer/4.1.30.Final/netty-buffer-4.1.30.Final.jar:/home/user/.m2/repository/io/netty/netty-transport/4.1.30.Final/netty-transport-4.1.30.Final.jar:/home/user/.m2/repository/io/netty/netty-resolver/4.1.30.Final/netty-resolver-4.1.30.Final.jar:/home/user/.m2/repository/io/netty/netty-transport-native-unix-common/4.1.30.Final/netty-transport-native-unix-common-4.1.30.Final.jar:/home/user/.m2/repository/io/grpc/grpc-protobuf/1.17.1/grpc-protobuf-1.17.1.jar:/home/user/.m2/repository/com/google/api/grpc/proto-google-common-protos/1.0.0/proto-google-common-protos-1.0.0.jar:/home/user/.m2/repository/io/grpc/grpc-protobuf-lite/1.17.1/grpc-protobuf-lite-1.17.1.jar:/home/user/.m2/repository/io/grpc/grpc-stub/1.17.1/grpc-stub-1.17.1.jar:/home/user/.m2/repository/org/apache/hadoop/hadoop-ozone-recon/0.5.0-SNAPSHOT/hadoop-ozone-recon-0.5.0-SNAPSHOT.jar:/home/user/.m2/repository/org/apache/hadoop/hadoop-ozone-reconcodegen/0.5.0-SNAPSHOT/hadoop-ozone-reconcodegen-0.5.0-SNAPSHOT.jar:/home/user/.m2/repository/com/google/inject/extensions/guice-multibindings/4.0/guice-multibindings-4.0.jar:/home/user/.m2/repository/com/google/inject/guice/4.0/guice-4.0.jar:/home/user/.m2/repository/aopalliance/aopalliance/1.0/aopalliance-1.0.jar:/home/user/.m2/repository/com/google/inject/extensions/guice-servlet/4.0/guice-servlet-4.0.jar:/home/user/.m2/repository/org/glassfish/jersey/containers/jersey-container-servlet/2.27/jersey-container-servlet-2.27.jar:/home/user/.m2/repository/org/glassfish/hk2/guice-bridge/2.5.0/guice-bridge-2.5.0.jar:/home/user/.m2/repository/org/glassfish/jersey/core/jersey-server/2.27/jersey-server-2.27.jar:/home/user/.m2/repository/org/glassfish/jersey/core/jersey-client/2.27/jersey-client-2.27.jar:/home/user/.m2/repository/org/glassfish/jersey/media/jersey-media-jaxb/2.27/jersey-media-jaxb-2.27.jar:/home/user/.m2/repository/javax/validation/validation-api/1.1.0.Final/validation-api-1.1.0.Final.jar:/home/user/.m2/repository/org/glassfish/jersey/media/jersey-media-json-jackson/2.27/jersey-media-json-jackson-2.27.jar:/home/user/.m2/repository/org/glassfish/jersey/ext/jersey-entity-filtering/2.27/jersey-entity-filtering-2.27.jar:/home/user/.m2/repository/com/google/inject/extensions/guice-assistedinject/4.0/guice-assistedinject-4.0.jar:/home/user/.m2/repository/org/jooq/jooq/3.11.10/jooq-3.11.10.jar:/home/user/.m2/repository/org/jooq/jooq-meta/3.11.10/jooq-meta-3.11.10.jar:/home/user/.m2/repository/org/jooq/jooq-codegen/3.11.10/jooq-codegen-3.11.10.jar:/home/user/.m2/repository/com/jolbox/bonecp/0.8.0.RELEASE/bonecp-0.8.0.RELEASE.jar:/home/user/.m2/repository/org/springframework/spring-jdbc/5.1.3.RELEASE/spring-jdbc-5.1.3.RELEASE.jar:/home/user/.m2/repository/org/springframework/spring-beans/5.1.3.RELEASE/spring-beans-5.1.3.RELEASE.jar:/home/user/.m2/repository/org/springframework/spring-core/5.1.3.RELEASE/spring-core-5.1.3.RELEASE.jar:/home/user/.m2/repository/org/springframework/spring-jcl/5.1.3.RELEASE/spring-jcl-5.1.3.RELEASE.jar:/home/user/.m2/repository/org/springframework/spring-tx/5.1.3.RELEASE/spring-tx-5.1.3.RELEASE.jar:/home/user/.m2/repository/org/mockito/mockito-core/2.15.0/mockito-core-2.15.0.jar:/home/user/.m2/repository/net/bytebuddy/byte-buddy/1.7.9/byte-buddy-1.7.9.jar:/home/user/.m2/repository/net/bytebuddy/byte-buddy-agent/1.7.9/byte-buddy-agent-1.7.9.jar:/home/user/.m2/repository/org/objenesis/objenesis/1.0/objenesis-1.0.jar:"/>
    <property name="java.vm.vendor" value="Oracle Corporation"/>
    <property name="sun.arch.data.model" value="64"/>
    <property name="test.build.dir" value="/workdir/hadoop-ozone/tools/target/test-dir"/>
    <property name="test.cache.data" value=""/>
    <property name="java.vendor.url" value="http://java.oracle.com/"/>
    <property name="user.timezone" value=""/>
    <property name="java.vm.specification.version" value="1.8"/>
    <property name="os.name" value="Linux"/>
    <property name="test.build.data" value="/workdir/hadoop-ozone/tools/target/test-dir"/>
    <property name="user.country" value="US"/>
    <property name="sun.java.launcher" value="SUN_STANDARD"/>
    <property name="sun.boot.library.path" value="/usr/lib/jvm/java-1.8.0-openjdk-1.8.0.222.b10-1.el7_7.x86_64/jre/lib/amd64"/>
    <property name="sun.java.command" value="/workdir/hadoop-ozone/tools/target/surefire/surefirebooter1954351413014585267.jar /workdir/hadoop-ozone/tools/target/surefire 2019-11-15T05-14-57_478-jvmRun1 surefire8182197232311668640tmp surefire_1022934374752986048310tmp"/>
    <property name="surefire.test.class.path" value="/workdir/hadoop-ozone/tools/target/test-classes:/workdir/hadoop-ozone/tools/target/classes:/home/user/.m2/repository/org/apache/hadoop/hadoop-ozone-ozone-manager/0.5.0-SNAPSHOT/hadoop-ozone-ozone-manager-0.5.0-SNAPSHOT.jar:/home/user/.m2/repository/org/apache/hadoop/hadoop-hdds-docs/0.5.0-SNAPSHOT/hadoop-hdds-docs-0.5.0-SNAPSHOT.jar:/home/user/.m2/repository/org/bouncycastle/bcprov-jdk15on/1.60/bcprov-jdk15on-1.60.jar:/home/user/.m2/repository/org/apache/hadoop/hadoop-ozone-common/0.5.0-SNAPSHOT/hadoop-ozone-common-0.5.0-SNAPSHOT.jar:/home/user/.m2/repository/org/apache/commons/commons-compress/1.4.1/commons-compress-1.4.1.jar:/home/user/.m2/repository/org/tukaani/xz/1.0/xz-1.0.jar:/home/user/.m2/repository/org/apache/hadoop/hadoop-hdfs-client/3.2.0/hadoop-hdfs-client-3.2.0.jar:/home/user/.m2/repository/com/fasterxml/jackson/core/jackson-annotations/2.9.9/jackson-annotations-2.9.9.jar:/home/user/.m2/repository/org/apache/hadoop/hadoop-hdds-common/0.5.0-SNAPSHOT/hadoop-hdds-common-0.5.0-SNAPSHOT.jar:/home/user/.m2/repository/org/apache/hadoop/hadoop-hdds-config/0.5.0-SNAPSHOT/hadoop-hdds-config-0.5.0-SNAPSHOT.jar:/home/user/.m2/repository/javax/annotation/javax.annotation-api/1.2/javax.annotation-api-1.2.jar:/home/user/.m2/repository/org/apache/ratis/ratis-server/0.5.0-d6d58d0-SNAPSHOT/ratis-server-0.5.0-d6d58d0-SNAPSHOT.jar:/home/user/.m2/repository/org/apache/ratis/ratis-thirdparty-misc/0.2.0/ratis-thirdparty-misc-0.2.0.jar:/home/user/.m2/repository/org/apache/ratis/ratis-proto/0.5.0-d6d58d0-SNAPSHOT/ratis-proto-0.5.0-d6d58d0-SNAPSHOT.jar:/home/user/.m2/repository/org/apache/ratis/ratis-common/0.5.0-d6d58d0-SNAPSHOT/ratis-common-0.5.0-d6d58d0-SNAPSHOT.jar:/home/user/.m2/repository/org/apache/ratis/ratis-client/0.5.0-d6d58d0-SNAPSHOT/ratis-client-0.5.0-d6d58d0-SNAPSHOT.jar:/home/user/.m2/repository/org/apache/ratis/ratis-metrics/0.5.0-d6d58d0-SNAPSHOT/ratis-metrics-0.5.0-d6d58d0-SNAPSHOT.jar:/home/user/.m2/repository/org/apache/ratis/ratis-netty/0.5.0-d6d58d0-SNAPSHOT/ratis-netty-0.5.0-d6d58d0-SNAPSHOT.jar:/home/user/.m2/repository/org/apache/ratis/ratis-grpc/0.5.0-d6d58d0-SNAPSHOT/ratis-grpc-0.5.0-d6d58d0-SNAPSHOT.jar:/home/user/.m2/repository/org/rocksdb/rocksdbjni/6.0.1/rocksdbjni-6.0.1.jar:/home/user/.m2/repository/org/apache/logging/log4j/log4j-api/2.11.0/log4j-api-2.11.0.jar:/home/user/.m2/repository/org/apache/logging/log4j/log4j-core/2.11.0/log4j-core-2.11.0.jar:/home/user/.m2/repository/com/lmax/disruptor/3.4.2/disruptor-3.4.2.jar:/home/user/.m2/repository/org/apache/commons/commons-pool2/2.6.0/commons-pool2-2.6.0.jar:/home/user/.m2/repository/org/bouncycastle/bcpkix-jdk15on/1.60/bcpkix-jdk15on-1.60.jar:/home/user/.m2/repository/commons-validator/commons-validator/1.6/commons-validator-1.6.jar:/home/user/.m2/repository/commons-digester/commons-digester/1.8.1/commons-digester-1.8.1.jar:/home/user/.m2/repository/io/jaegertracing/jaeger-client/0.34.0/jaeger-client-0.34.0.jar:/home/user/.m2/repository/io/jaegertracing/jaeger-thrift/0.34.0/jaeger-thrift-0.34.0.jar:/home/user/.m2/repository/org/apache/thrift/libthrift/0.12.0/libthrift-0.12.0.jar:/home/user/.m2/repository/com/squareup/okhttp3/okhttp/3.9.0/okhttp-3.9.0.jar:/home/user/.m2/repository/com/squareup/okio/okio/1.13.0/okio-1.13.0.jar:/home/user/.m2/repository/io/jaegertracing/jaeger-core/0.34.0/jaeger-core-0.34.0.jar:/home/user/.m2/repository/io/jaegertracing/jaeger-tracerresolver/0.34.0/jaeger-tracerresolver-0.34.0.jar:/home/user/.m2/repository/io/opentracing/contrib/opentracing-tracerresolver/0.1.5/opentracing-tracerresolver-0.1.5.jar:/home/user/.m2/repository/io/opentracing/opentracing-util/0.31.0/opentracing-util-0.31.0.jar:/home/user/.m2/repository/io/opentracing/opentracing-api/0.31.0/opentracing-api-0.31.0.jar:/home/user/.m2/repository/io/opentracing/opentracing-noop/0.31.0/opentracing-noop-0.31.0.jar:/home/user/.m2/repository/org/yaml/snakeyaml/1.16/snakeyaml-1.16.jar:/home/user/.m2/repository/org/apache/hadoop/hadoop-hdds-container-service/0.5.0-SNAPSHOT/hadoop-hdds-container-service-0.5.0-SNAPSHOT.jar:/home/user/.m2/repository/org/apache/hadoop/hadoop-hdds-client/0.5.0-SNAPSHOT/hadoop-hdds-client-0.5.0-SNAPSHOT.jar:/home/user/.m2/repository/org/apache/hadoop/hadoop-hdds-tools/0.5.0-SNAPSHOT/hadoop-hdds-tools-0.5.0-SNAPSHOT.jar:/home/user/.m2/repository/org/xerial/sqlite-jdbc/3.25.2/sqlite-jdbc-3.25.2.jar:/home/user/.m2/repository/org/apache/hadoop/hadoop-hdds-server-scm/0.5.0-SNAPSHOT/hadoop-hdds-server-scm-0.5.0-SNAPSHOT.jar:/home/user/.m2/repository/org/hamcrest/hamcrest-all/1.3/hamcrest-all-1.3.jar:/home/user/.m2/repository/info/picocli/picocli/3.9.6/picocli-3.9.6.jar:/home/user/.m2/repository/com/google/protobuf/protobuf-java/2.5.0/protobuf-java-2.5.0.jar:/home/user/.m2/repository/com/google/guava/guava/11.0.2/guava-11.0.2.jar:/home/user/.m2/repository/org/apache/hadoop/hadoop-ozone-client/0.5.0-SNAPSHOT/hadoop-ozone-client-0.5.0-SNAPSHOT.jar:/workdir/hadoop-ozone/ozonefs/target/classes:/home/user/.m2/repository/org/apache/httpcomponents/httpclient/4.5.2/httpclient-4.5.2.jar:/home/user/.m2/repository/org/apache/httpcomponents/httpcore/4.4.4/httpcore-4.4.4.jar:/home/user/.m2/repository/org/apache/hadoop/hadoop-hdds-server-framework/0.5.0-SNAPSHOT/hadoop-hdds-server-framework-0.5.0-SNAPSHOT.jar:/home/user/.m2/repository/org/apache/hadoop/hadoop-common/3.2.0/hadoop-common-3.2.0.jar:/home/user/.m2/repository/org/apache/hadoop/hadoop-annotations/3.2.0/hadoop-annotations-3.2.0.jar:/usr/lib/jvm/java-1.8.0-openjdk-1.8.0.222.b10-1.el7_7.x86_64/jre/../lib/tools.jar:/home/user/.m2/repository/commons-cli/commons-cli/1.2/commons-cli-1.2.jar:/home/user/.m2/repository/org/apache/commons/commons-math3/3.1.1/commons-math3-3.1.1.jar:/home/user/.m2/repository/commons-codec/commons-codec/1.11/commons-codec-1.11.jar:/home/user/.m2/repository/commons-io/commons-io/2.5/commons-io-2.5.jar:/home/user/.m2/repository/commons-net/commons-net/3.6/commons-net-3.6.jar:/home/user/.m2/repository/commons-collections/commons-collections/3.2.2/commons-collections-3.2.2.jar:/home/user/.m2/repository/javax/servlet/javax.servlet-api/3.1.0/javax.servlet-api-3.1.0.jar:/home/user/.m2/repository/org/eclipse/jetty/jetty-server/9.3.25.v20180904/jetty-server-9.3.25.v20180904.jar:/home/user/.m2/repository/org/eclipse/jetty/jetty-http/9.3.25.v20180904/jetty-http-9.3.25.v20180904.jar:/home/user/.m2/repository/org/eclipse/jetty/jetty-io/9.3.25.v20180904/jetty-io-9.3.25.v20180904.jar:/home/user/.m2/repository/org/eclipse/jetty/jetty-util/9.3.25.v20180904/jetty-util-9.3.25.v20180904.jar:/home/user/.m2/repository/org/eclipse/jetty/jetty-servlet/9.3.25.v20180904/jetty-servlet-9.3.25.v20180904.jar:/home/user/.m2/repository/org/eclipse/jetty/jetty-security/9.3.25.v20180904/jetty-security-9.3.25.v20180904.jar:/home/user/.m2/repository/org/eclipse/jetty/jetty-webapp/9.3.25.v20180904/jetty-webapp-9.3.25.v20180904.jar:/home/user/.m2/repository/org/eclipse/jetty/jetty-xml/9.3.25.v20180904/jetty-xml-9.3.25.v20180904.jar:/home/user/.m2/repository/javax/servlet/jsp/jsp-api/2.1/jsp-api-2.1.jar:/home/user/.m2/repository/com/sun/jersey/jersey-core/1.19/jersey-core-1.19.jar:/home/user/.m2/repository/javax/ws/rs/jsr311-api/1.1.1/jsr311-api-1.1.1.jar:/home/user/.m2/repository/com/sun/jersey/jersey-servlet/1.19/jersey-servlet-1.19.jar:/home/user/.m2/repository/com/sun/jersey/jersey-json/1.19/jersey-json-1.19.jar:/home/user/.m2/repository/org/codehaus/jettison/jettison/1.1/jettison-1.1.jar:/home/user/.m2/repository/com/sun/xml/bind/jaxb-impl/2.3.0.1/jaxb-impl-2.3.0.1.jar:/home/user/.m2/repository/org/codehaus/jackson/jackson-core-asl/1.9.13/jackson-core-asl-1.9.13.jar:/home/user/.m2/repository/org/codehaus/jackson/jackson-mapper-asl/1.9.13/jackson-mapper-asl-1.9.13.jar:/home/user/.m2/repository/org/codehaus/jackson/jackson-jaxrs/1.9.13/jackson-jaxrs-1.9.13.jar:/home/user/.m2/repository/org/codehaus/jackson/jackson-xc/1.9.13/jackson-xc-1.9.13.jar:/home/user/.m2/repository/com/sun/jersey/jersey-server/1.19/jersey-server-1.19.jar:/home/user/.m2/repository/commons-logging/commons-logging/1.1.3/commons-logging-1.1.3.jar:/home/user/.m2/repository/log4j/log4j/1.2.17/log4j-1.2.17.jar:/home/user/.m2/repository/commons-beanutils/commons-beanutils/1.9.4/commons-beanutils-1.9.4.jar:/home/user/.m2/repository/org/apache/commons/commons-configuration2/2.1.1/commons-configuration2-2.1.1.jar:/home/user/.m2/repository/org/apache/commons/commons-lang3/3.7/commons-lang3-3.7.jar:/home/user/.m2/repository/org/apache/commons/commons-text/1.4/commons-text-1.4.jar:/home/user/.m2/repository/org/slf4j/slf4j-api/1.7.25/slf4j-api-1.7.25.jar:/home/user/.m2/repository/org/slf4j/slf4j-log4j12/1.7.25/slf4j-log4j12-1.7.25.jar:/home/user/.m2/repository/org/apache/avro/avro/1.7.7/avro-1.7.7.jar:/home/user/.m2/repository/com/thoughtworks/paranamer/paranamer/2.3/paranamer-2.3.jar:/home/user/.m2/repository/org/xerial/snappy/snappy-java/1.0.5/snappy-java-1.0.5.jar:/home/user/.m2/repository/com/google/re2j/re2j/1.1/re2j-1.1.jar:/home/user/.m2/repository/com/google/code/gson/gson/2.2.4/gson-2.2.4.jar:/home/user/.m2/repository/org/apache/hadoop/hadoop-auth/3.2.0/hadoop-auth-3.2.0.jar:/home/user/.m2/repository/com/nimbusds/nimbus-jose-jwt/4.41.1/nimbus-jose-jwt-4.41.1.jar:/home/user/.m2/repository/com/github/stephenc/jcip/jcip-annotations/1.0-1/jcip-annotations-1.0-1.jar:/home/user/.m2/repository/net/minidev/json-smart/2.3/json-smart-2.3.jar:/home/user/.m2/repository/net/minidev/accessors-smart/1.2/accessors-smart-1.2.jar:/home/user/.m2/repository/org/apache/curator/curator-framework/2.12.0/curator-framework-2.12.0.jar:/home/user/.m2/repository/com/jcraft/jsch/0.1.54/jsch-0.1.54.jar:/home/user/.m2/repository/org/apache/curator/curator-client/2.12.0/curator-client-2.12.0.jar:/home/user/.m2/repository/org/apache/curator/curator-recipes/2.12.0/curator-recipes-2.12.0.jar:/home/user/.m2/repository/com/google/code/findbugs/jsr305/3.0.0/jsr305-3.0.0.jar:/home/user/.m2/repository/org/apache/htrace/htrace-core4/4.1.0-incubating/htrace-core4-4.1.0-incubating.jar:/home/user/.m2/repository/org/apache/zookeeper/zookeeper/3.4.13/zookeeper-3.4.13.jar:/home/user/.m2/repository/jline/jline/0.9.94/jline-0.9.94.jar:/home/user/.m2/repository/org/apache/yetus/audience-annotations/0.5.0/audience-annotations-0.5.0.jar:/home/user/.m2/repository/org/apache/kerby/kerb-simplekdc/1.0.1/kerb-simplekdc-1.0.1.jar:/home/user/.m2/repository/org/apache/kerby/kerb-client/1.0.1/kerb-client-1.0.1.jar:/home/user/.m2/repository/org/apache/kerby/kerby-config/1.0.1/kerby-config-1.0.1.jar:/home/user/.m2/repository/org/apache/kerby/kerb-core/1.0.1/kerb-core-1.0.1.jar:/home/user/.m2/repository/org/apache/kerby/kerby-pkix/1.0.1/kerby-pkix-1.0.1.jar:/home/user/.m2/repository/org/apache/kerby/kerby-asn1/1.0.1/kerby-asn1-1.0.1.jar:/home/user/.m2/repository/org/apache/kerby/kerby-util/1.0.1/kerby-util-1.0.1.jar:/home/user/.m2/repository/org/apache/kerby/kerb-common/1.0.1/kerb-common-1.0.1.jar:/home/user/.m2/repository/org/apache/kerby/kerb-crypto/1.0.1/kerb-crypto-1.0.1.jar:/home/user/.m2/repository/org/apache/kerby/kerb-util/1.0.1/kerb-util-1.0.1.jar:/home/user/.m2/repository/org/apache/kerby/token-provider/1.0.1/token-provider-1.0.1.jar:/home/user/.m2/repository/org/apache/kerby/kerb-admin/1.0.1/kerb-admin-1.0.1.jar:/home/user/.m2/repository/org/apache/kerby/kerb-server/1.0.1/kerb-server-1.0.1.jar:/home/user/.m2/repository/org/apache/kerby/kerb-identity/1.0.1/kerb-identity-1.0.1.jar:/home/user/.m2/repository/org/apache/kerby/kerby-xdr/1.0.1/kerby-xdr-1.0.1.jar:/home/user/.m2/repository/com/fasterxml/jackson/core/jackson-databind/2.9.9/jackson-databind-2.9.9.jar:/home/user/.m2/repository/com/fasterxml/jackson/core/jackson-core/2.9.9/jackson-core-2.9.9.jar:/home/user/.m2/repository/org/codehaus/woodstox/stax2-api/3.1.4/stax2-api-3.1.4.jar:/home/user/.m2/repository/com/fasterxml/woodstox/woodstox-core/5.0.3/woodstox-core-5.0.3.jar:/home/user/.m2/repository/dnsjava/dnsjava/2.1.7/dnsjava-2.1.7.jar:/home/user/.m2/repository/org/apache/hadoop/hadoop-hdfs/3.2.0/hadoop-hdfs-3.2.0.jar:/home/user/.m2/repository/org/eclipse/jetty/jetty-util-ajax/9.3.25.v20180904/jetty-util-ajax-9.3.25.v20180904.jar:/home/user/.m2/repository/commons-daemon/commons-daemon/1.0.13/commons-daemon-1.0.13.jar:/home/user/.m2/repository/io/netty/netty/3.10.5.Final/netty-3.10.5.Final.jar:/home/user/.m2/repository/io/netty/netty-all/4.0.52.Final/netty-all-4.0.52.Final.jar:/home/user/.m2/repository/org/fusesource/leveldbjni/leveldbjni-all/1.8/leveldbjni-all-1.8.jar:/home/user/.m2/repository/com/sun/xml/bind/jaxb-core/2.3.0.1/jaxb-core-2.3.0.1.jar:/home/user/.m2/repository/javax/xml/bind/jaxb-api/2.3.0/jaxb-api-2.3.0.jar:/home/user/.m2/repository/javax/activation/activation/1.1.1/activation-1.1.1.jar:/home/user/.m2/repository/org/openjdk/jmh/jmh-core/1.19/jmh-core-1.19.jar:/home/user/.m2/repository/net/sf/jopt-simple/jopt-simple/4.6/jopt-simple-4.6.jar:/home/user/.m2/repository/org/openjdk/jmh/jmh-generator-annprocess/1.19/jmh-generator-annprocess-1.19.jar:/home/user/.m2/repository/io/dropwizard/metrics/metrics-core/3.2.4/metrics-core-3.2.4.jar:/home/user/.m2/repository/com/amazonaws/aws-java-sdk-s3/1.11.615/aws-java-sdk-s3-1.11.615.jar:/home/user/.m2/repository/com/amazonaws/aws-java-sdk-kms/1.11.615/aws-java-sdk-kms-1.11.615.jar:/home/user/.m2/repository/com/amazonaws/aws-java-sdk-core/1.11.615/aws-java-sdk-core-1.11.615.jar:/home/user/.m2/repository/software/amazon/ion/ion-java/1.0.2/ion-java-1.0.2.jar:/home/user/.m2/repository/com/fasterxml/jackson/dataformat/jackson-dataformat-cbor/2.9.9/jackson-dataformat-cbor-2.9.9.jar:/home/user/.m2/repository/joda-time/joda-time/2.9.9/joda-time-2.9.9.jar:/home/user/.m2/repository/com/amazonaws/jmespath-java/1.11.615/jmespath-java-1.11.615.jar:/home/user/.m2/repository/com/github/spotbugs/spotbugs/3.1.12/spotbugs-3.1.12.jar:/home/user/.m2/repository/org/ow2/asm/asm/5.0.4/asm-5.0.4.jar:/home/user/.m2/repository/org/ow2/asm/asm-analysis/7.0/asm-analysis-7.0.jar:/home/user/.m2/repository/org/ow2/asm/asm-commons/7.0/asm-commons-7.0.jar:/home/user/.m2/repository/org/ow2/asm/asm-tree/7.0/asm-tree-7.0.jar:/home/user/.m2/repository/org/ow2/asm/asm-util/7.0/asm-util-7.0.jar:/home/user/.m2/repository/org/apache/bcel/bcel/6.3/bcel-6.3.jar:/home/user/.m2/repository/net/jcip/jcip-annotations/1.0/jcip-annotations-1.0.jar:/home/user/.m2/repository/org/dom4j/dom4j/2.1.1/dom4j-2.1.1.jar:/home/user/.m2/repository/jaxen/jaxen/1.1.6/jaxen-1.1.6.jar:/home/user/.m2/repository/commons-lang/commons-lang/2.6/commons-lang-2.6.jar:/home/user/.m2/repository/com/github/spotbugs/spotbugs-annotations/3.1.12/spotbugs-annotations-3.1.12.jar:/home/user/.m2/repository/junit/junit/4.11/junit-4.11.jar:/home/user/.m2/repository/org/hamcrest/hamcrest-core/1.3/hamcrest-core-1.3.jar:/home/user/.m2/repository/org/apache/hadoop/hadoop-common/3.2.0/hadoop-common-3.2.0-tests.jar:/workdir/hadoop-ozone/integration-test/target/test-classes:/home/user/.m2/repository/org/apache/hadoop/hadoop-ozone-s3gateway/0.5.0-SNAPSHOT/hadoop-ozone-s3gateway-0.5.0-SNAPSHOT.jar:/home/user/.m2/repository/org/jboss/weld/servlet/weld-servlet/2.4.7.Final/weld-servlet-2.4.7.Final.jar:/home/user/.m2/repository/org/glassfish/jersey/containers/jersey-container-servlet-core/2.27/jersey-container-servlet-core-2.27.jar:/home/user/.m2/repository/org/glassfish/hk2/external/javax.inject/2.5.0-b42/javax.inject-2.5.0-b42.jar:/home/user/.m2/repository/org/glassfish/jersey/core/jersey-common/2.27/jersey-common-2.27.jar:/home/user/.m2/repository/org/glassfish/hk2/osgi-resource-locator/1.0.1/osgi-resource-locator-1.0.1.jar:/home/user/.m2/repository/javax/ws/rs/javax.ws.rs-api/2.1/javax.ws.rs-api-2.1.jar:/home/user/.m2/repository/org/glassfish/jersey/ext/cdi/jersey-cdi1x/2.27/jersey-cdi1x-2.27.jar:/home/user/.m2/repository/org/glassfish/jersey/inject/jersey-hk2/2.27/jersey-hk2-2.27.jar:/home/user/.m2/repository/org/glassfish/hk2/hk2-locator/2.5.0-b42/hk2-locator-2.5.0-b42.jar:/home/user/.m2/repository/org/javassist/javassist/3.22.0-CR2/javassist-3.22.0-CR2.jar:/home/user/.m2/repository/org/glassfish/hk2/hk2-api/2.5.0/hk2-api-2.5.0.jar:/home/user/.m2/repository/org/glassfish/hk2/external/jakarta.inject/2.5.0/jakarta.inject-2.5.0.jar:/home/user/.m2/repository/org/glassfish/hk2/hk2-utils/2.5.0/hk2-utils-2.5.0.jar:/home/user/.m2/repository/jakarta/annotation/jakarta.annotation-api/1.3.4/jakarta.annotation-api-1.3.4.jar:/home/user/.m2/repository/org/glassfish/hk2/external/aopalliance-repackaged/2.5.0/aopalliance-repackaged-2.5.0.jar:/home/user/.m2/repository/com/fasterxml/jackson/dataformat/jackson-dataformat-xml/2.9.0/jackson-dataformat-xml-2.9.0.jar:/home/user/.m2/repository/com/fasterxml/jackson/module/jackson-module-jaxb-annotations/2.9.9/jackson-module-jaxb-annotations-2.9.9.jar:/home/user/.m2/repository/javax/enterprise/cdi-api/1.2/cdi-api-1.2.jar:/home/user/.m2/repository/javax/el/javax.el-api/3.0.0/javax.el-api-3.0.0.jar:/home/user/.m2/repository/javax/interceptor/javax.interceptor-api/1.2/javax.interceptor-api-1.2.jar:/home/user/.m2/repository/javax/inject/javax.inject/1/javax.inject-1.jar:/home/user/.m2/repository/org/apache/hadoop/hadoop-ozone-csi/0.5.0-SNAPSHOT/hadoop-ozone-csi-0.5.0-SNAPSHOT.jar:/home/user/.m2/repository/com/google/protobuf/protobuf-java-util/3.5.1/protobuf-java-util-3.5.1.jar:/home/user/.m2/repository/io/grpc/grpc-netty/1.17.1/grpc-netty-1.17.1.jar:/home/user/.m2/repository/io/grpc/grpc-core/1.17.1/grpc-core-1.17.1.jar:/home/user/.m2/repository/io/grpc/grpc-context/1.17.1/grpc-context-1.17.1.jar:/home/user/.m2/repository/com/google/errorprone/error_prone_annotations/2.2.0/error_prone_annotations-2.2.0.jar:/home/user/.m2/repository/org/codehaus/mojo/animal-sniffer-annotations/1.17/animal-sniffer-annotations-1.17.jar:/home/user/.m2/repository/io/opencensus/opencensus-api/0.17.0/opencensus-api-0.17.0.jar:/home/user/.m2/repository/io/opencensus/opencensus-contrib-grpc-metrics/0.17.0/opencensus-contrib-grpc-metrics-0.17.0.jar:/home/user/.m2/repository/io/netty/netty-codec-http2/4.1.30.Final/netty-codec-http2-4.1.30.Final.jar:/home/user/.m2/repository/io/netty/netty-codec-http/4.1.30.Final/netty-codec-http-4.1.30.Final.jar:/home/user/.m2/repository/io/netty/netty-codec/4.1.30.Final/netty-codec-4.1.30.Final.jar:/home/user/.m2/repository/io/netty/netty-handler/4.1.30.Final/netty-handler-4.1.30.Final.jar:/home/user/.m2/repository/io/netty/netty-handler-proxy/4.1.30.Final/netty-handler-proxy-4.1.30.Final.jar:/home/user/.m2/repository/io/netty/netty-codec-socks/4.1.30.Final/netty-codec-socks-4.1.30.Final.jar:/home/user/.m2/repository/io/netty/netty-transport-native-epoll/4.1.30.Final/netty-transport-native-epoll-4.1.30.Final.jar:/home/user/.m2/repository/io/netty/netty-common/4.1.30.Final/netty-common-4.1.30.Final.jar:/home/user/.m2/repository/io/netty/netty-buffer/4.1.30.Final/netty-buffer-4.1.30.Final.jar:/home/user/.m2/repository/io/netty/netty-transport/4.1.30.Final/netty-transport-4.1.30.Final.jar:/home/user/.m2/repository/io/netty/netty-resolver/4.1.30.Final/netty-resolver-4.1.30.Final.jar:/home/user/.m2/repository/io/netty/netty-transport-native-unix-common/4.1.30.Final/netty-transport-native-unix-common-4.1.30.Final.jar:/home/user/.m2/repository/io/grpc/grpc-protobuf/1.17.1/grpc-protobuf-1.17.1.jar:/home/user/.m2/repository/com/google/api/grpc/proto-google-common-protos/1.0.0/proto-google-common-protos-1.0.0.jar:/home/user/.m2/repository/io/grpc/grpc-protobuf-lite/1.17.1/grpc-protobuf-lite-1.17.1.jar:/home/user/.m2/repository/io/grpc/grpc-stub/1.17.1/grpc-stub-1.17.1.jar:/home/user/.m2/repository/org/apache/hadoop/hadoop-ozone-recon/0.5.0-SNAPSHOT/hadoop-ozone-recon-0.5.0-SNAPSHOT.jar:/home/user/.m2/repository/org/apache/hadoop/hadoop-ozone-reconcodegen/0.5.0-SNAPSHOT/hadoop-ozone-reconcodegen-0.5.0-SNAPSHOT.jar:/home/user/.m2/repository/com/google/inject/extensions/guice-multibindings/4.0/guice-multibindings-4.0.jar:/home/user/.m2/repository/com/google/inject/guice/4.0/guice-4.0.jar:/home/user/.m2/repository/aopalliance/aopalliance/1.0/aopalliance-1.0.jar:/home/user/.m2/repository/com/google/inject/extensions/guice-servlet/4.0/guice-servlet-4.0.jar:/home/user/.m2/repository/org/glassfish/jersey/containers/jersey-container-servlet/2.27/jersey-container-servlet-2.27.jar:/home/user/.m2/repository/org/glassfish/hk2/guice-bridge/2.5.0/guice-bridge-2.5.0.jar:/home/user/.m2/repository/org/glassfish/jersey/core/jersey-server/2.27/jersey-server-2.27.jar:/home/user/.m2/repository/org/glassfish/jersey/core/jersey-client/2.27/jersey-client-2.27.jar:/home/user/.m2/repository/org/glassfish/jersey/media/jersey-media-jaxb/2.27/jersey-media-jaxb-2.27.jar:/home/user/.m2/repository/javax/validation/validation-api/1.1.0.Final/validation-api-1.1.0.Final.jar:/home/user/.m2/repository/org/glassfish/jersey/media/jersey-media-json-jackson/2.27/jersey-media-json-jackson-2.27.jar:/home/user/.m2/repository/org/glassfish/jersey/ext/jersey-entity-filtering/2.27/jersey-entity-filtering-2.27.jar:/home/user/.m2/repository/com/google/inject/extensions/guice-assistedinject/4.0/guice-assistedinject-4.0.jar:/home/user/.m2/repository/org/jooq/jooq/3.11.10/jooq-3.11.10.jar:/home/user/.m2/repository/org/jooq/jooq-meta/3.11.10/jooq-meta-3.11.10.jar:/home/user/.m2/repository/org/jooq/jooq-codegen/3.11.10/jooq-codegen-3.11.10.jar:/home/user/.m2/repository/com/jolbox/bonecp/0.8.0.RELEASE/bonecp-0.8.0.RELEASE.jar:/home/user/.m2/repository/org/springframework/spring-jdbc/5.1.3.RELEASE/spring-jdbc-5.1.3.RELEASE.jar:/home/user/.m2/repository/org/springframework/spring-beans/5.1.3.RELEASE/spring-beans-5.1.3.RELEASE.jar:/home/user/.m2/repository/org/springframework/spring-core/5.1.3.RELEASE/spring-core-5.1.3.RELEASE.jar:/home/user/.m2/repository/org/springframework/spring-jcl/5.1.3.RELEASE/spring-jcl-5.1.3.RELEASE.jar:/home/user/.m2/repository/org/springframework/spring-tx/5.1.3.RELEASE/spring-tx-5.1.3.RELEASE.jar:/home/user/.m2/repository/org/mockito/mockito-core/2.15.0/mockito-core-2.15.0.jar:/home/user/.m2/repository/net/bytebuddy/byte-buddy/1.7.9/byte-buddy-1.7.9.jar:/home/user/.m2/repository/net/bytebuddy/byte-buddy-agent/1.7.9/byte-buddy-agent-1.7.9.jar:/home/user/.m2/repository/org/objenesis/objenesis/1.0/objenesis-1.0.jar:"/>
    <property name="sun.cpu.endian" value="little"/>
    <property name="user.home" value="/home/user"/>
    <property name="user.language" value="en"/>
    <property name="java.specification.vendor" value="Oracle Corporation"/>
    <property name="java.home" value="/usr/lib/jvm/java-1.8.0-openjdk-1.8.0.222.b10-1.el7_7.x86_64/jre"/>
    <property name="surefire.excludesFile" value="/tools/ozone-bad-unit-tests"/>
    <property name="java.security.krb5.conf" value="/workdir/hadoop-ozone/tools/target/test-classes/krb5.conf"/>
    <property name="basedir" value="/workdir/hadoop-ozone/tools"/>
    <property name="file.separator" value="/"/>
    <property name="line.separator" value="&#10;"/>
    <property name="java.vm.specification.vendor" value="Oracle Corporation"/>
    <property name="java.specification.name" value="Java Platform API Specification"/>
    <property name="java.awt.graphicsenv" value="sun.awt.X11GraphicsEnvironment"/>
    <property name="surefire.real.class.path" value="/workdir/hadoop-ozone/tools/target/surefire/surefirebooter1954351413014585267.jar"/>
    <property name="hadoop.log.dir" value="/workdir/hadoop-ozone/tools/target/log"/>
    <property name="sun.boot.class.path" value="/usr/lib/jvm/java-1.8.0-openjdk-1.8.0.222.b10-1.el7_7.x86_64/jre/lib/resources.jar:/usr/lib/jvm/java-1.8.0-openjdk-1.8.0.222.b10-1.el7_7.x86_64/jre/lib/rt.jar:/usr/lib/jvm/java-1.8.0-openjdk-1.8.0.222.b10-1.el7_7.x86_64/jre/lib/sunrsasign.jar:/usr/lib/jvm/java-1.8.0-openjdk-1.8.0.222.b10-1.el7_7.x86_64/jre/lib/jsse.jar:/usr/lib/jvm/java-1.8.0-openjdk-1.8.0.222.b10-1.el7_7.x86_64/jre/lib/jce.jar:/usr/lib/jvm/java-1.8.0-openjdk-1.8.0.222.b10-1.el7_7.x86_64/jre/lib/charsets.jar:/usr/lib/jvm/java-1.8.0-openjdk-1.8.0.222.b10-1.el7_7.x86_64/jre/lib/jfr.jar:/usr/lib/jvm/java-1.8.0-openjdk-1.8.0.222.b10-1.el7_7.x86_64/jre/classes"/>
    <property name="sun.management.compiler" value="HotSpot 64-Bit Tiered Compilers"/>
    <property name="java.runtime.version" value="1.8.0_222-b10"/>
    <property name="java.net.preferIPv4Stack" value="true"/>
    <property name="user.name" value="jenkins1000"/>
    <property name="path.separator" value=":"/>
    <property name="java.security.egd" value="file:///dev/urandom"/>
    <property name="os.version" value="3.10.0-957.12.2.el7.x86_64"/>
    <property name="java.endorsed.dirs" value="/usr/lib/jvm/java-1.8.0-openjdk-1.8.0.222.b10-1.el7_7.x86_64/jre/lib/endorsed"/>
    <property name="java.runtime.name" value="OpenJDK Runtime Environment"/>
    <property name="file.encoding" value="ANSI_X3.4-1968"/>
    <property name="java.vm.name" value="OpenJDK 64-Bit Server VM"/>
    <property name="test.build.webapps" value=""/>
    <property name="localRepository" value="/home/user/.m2/repository"/>
    <property name="java.vendor.url.bug" value="http://bugreport.sun.com/bugreport/"/>
    <property name="java.io.tmpdir" value="/tmp"/>
    <property name="require.test.libhadoop" value=""/>
    <property name="java.version" value="1.8.0_222"/>
    <property name="user.dir" value="/workdir/hadoop-ozone/tools"/>
    <property name="os.arch" value="amd64"/>
    <property name="java.vm.specification.name" value="Java Virtual Machine Specification"/>
    <property name="test.build.classes" value="/workdir/hadoop-ozone/tools/target/test-classes"/>
    <property name="java.awt.printerjob" value="sun.print.PSPrinterJob"/>
    <property name="sun.os.patch.level" value="unknown"/>
    <property name="hadoop.tmp.dir" value="/workdir/hadoop-ozone/tools/target/tmp"/>
    <property name="java.library.path" value="/usr/lib:/workdir/hadoop-ozone/tools/target/native/target/usr/local/lib:/workdir/hadoop-ozone/tools/../../hadoop-common-project/hadoop-common/target/native/target/usr/local/lib:/usr/java/packages/lib/amd64:/usr/lib64:/lib64:/lib:/usr/lib"/>
    <property name="java.vm.info" value="mixed mode"/>
    <property name="java.vendor" value="Oracle Corporation"/>
    <property name="java.vm.version" value="25.222-b10"/>
    <property name="java.ext.dirs" value="/usr/lib/jvm/java-1.8.0-openjdk-1.8.0.222.b10-1.el7_7.x86_64/jre/lib/ext:/usr/java/packages/lib/ext"/>
    <property name="sun.io.unicode.encoding" value="UnicodeLittle"/>
    <property name="java.class.version" value="52.0"/>
  </properties>
  <testcase name="testRestart" classname="org.apache.hadoop.ozone.freon.TestFreonWithPipelineDestroy" time="20.02">
    <error message="INTERNAL_ERROR org.apache.hadoop.ozone.om.exceptions.OMException: Allocated 0 blocks. Requested 5 blocks" type="java.lang.RuntimeException">java.lang.RuntimeException: INTERNAL_ERROR org.apache.hadoop.ozone.om.exceptions.OMException: Allocated 0 blocks. Requested 5 blocks
	at org.apache.hadoop.ozone.freon.RandomKeyGenerator.call(RandomKeyGenerator.java:341)
	at org.apache.hadoop.ozone.freon.TestFreonWithPipelineDestroy.startFreon(TestFreonWithPipelineDestroy.java:87)
	at org.apache.hadoop.ozone.freon.TestFreonWithPipelineDestroy.testRestart(TestFreonWithPipelineDestroy.java:74)
	at sun.reflect.NativeMethodAccessorImpl.invoke0(Native Method)
	at sun.reflect.NativeMethodAccessorImpl.invoke(NativeMethodAccessorImpl.java:62)
	at sun.reflect.DelegatingMethodAccessorImpl.invoke(DelegatingMethodAccessorImpl.java:43)
	at java.lang.reflect.Method.invoke(Method.java:498)
	at org.junit.runners.model.FrameworkMethod$1.runReflectiveCall(FrameworkMethod.java:47)
	at org.junit.internal.runners.model.ReflectiveCallable.run(ReflectiveCallable.java:12)
	at org.junit.runners.model.FrameworkMethod.invokeExplosively(FrameworkMethod.java:44)
	at org.junit.internal.runners.statements.InvokeMethod.evaluate(InvokeMethod.java:17)
	at org.junit.runners.ParentRunner.runLeaf(ParentRunner.java:271)
	at org.junit.runners.BlockJUnit4ClassRunner.runChild(BlockJUnit4ClassRunner.java:70)
	at org.junit.runners.BlockJUnit4ClassRunner.runChild(BlockJUnit4ClassRunner.java:50)
	at org.junit.runners.ParentRunner$3.run(ParentRunner.java:238)
	at org.junit.runners.ParentRunner$1.schedule(ParentRunner.java:63)
	at org.junit.runners.ParentRunner.runChildren(ParentRunner.java:236)
	at org.junit.runners.ParentRunner.access$000(ParentRunner.java:53)
	at org.junit.runners.ParentRunner$2.evaluate(ParentRunner.java:229)
	at org.junit.internal.runners.statements.RunBefores.evaluate(RunBefores.java:26)
	at org.junit.internal.runners.statements.RunAfters.evaluate(RunAfters.java:27)
	at org.junit.runners.ParentRunner.run(ParentRunner.java:309)
	at org.apache.maven.surefire.junit4.JUnit4Provider.execute(JUnit4Provider.java:365)
	at org.apache.maven.surefire.junit4.JUnit4Provider.executeWithRerun(JUnit4Provider.java:273)
	at org.apache.maven.surefire.junit4.JUnit4Provider.executeTestSet(JUnit4Provider.java:238)
	at org.apache.maven.surefire.junit4.JUnit4Provider.invoke(JUnit4Provider.java:159)
	at org.apache.maven.surefire.booter.ForkedBooter.invokeProviderInSameClassLoader(ForkedBooter.java:384)
	at org.apache.maven.surefire.booter.ForkedBooter.runSuitesInProcess(ForkedBooter.java:345)
	at org.apache.maven.surefire.booter.ForkedBooter.execute(ForkedBooter.java:126)
	at org.apache.maven.surefire.booter.ForkedBooter.main(ForkedBooter.java:418)
Caused by: INTERNAL_ERROR org.apache.hadoop.ozone.om.exceptions.OMException: Allocated 0 blocks. Requested 5 blocks
	at org.apache.hadoop.ozone.om.protocolPB.OzoneManagerProtocolClientSideTranslatorPB.handleError(OzoneManagerProtocolClientSideTranslatorPB.java:761)
	at org.apache.hadoop.ozone.om.protocolPB.OzoneManagerProtocolClientSideTranslatorPB.openKey(OzoneManagerProtocolClientSideTranslatorPB.java:752)
	at sun.reflect.NativeMethodAccessorImpl.invoke0(Native Method)
	at sun.reflect.NativeMethodAccessorImpl.invoke(NativeMethodAccessorImpl.java:62)
	at sun.reflect.DelegatingMethodAccessorImpl.invoke(DelegatingMethodAccessorImpl.java:43)
	at java.lang.reflect.Method.invoke(Method.java:498)
	at org.apache.hadoop.hdds.tracing.TraceAllMethod.invoke(TraceAllMethod.java:66)
	at com.sun.proxy.$Proxy37.openKey(Unknown Source)
	at org.apache.hadoop.ozone.client.rpc.RpcClient.createKey(RpcClient.java:633)
	at org.apache.hadoop.ozone.client.OzoneBucket.createKey(OzoneBucket.java:325)
	at org.apache.hadoop.ozone.freon.RandomKeyGenerator.createKey(RandomKeyGenerator.java:697)
	at org.apache.hadoop.ozone.freon.RandomKeyGenerator.access$1100(RandomKeyGenerator.java:88)
	at org.apache.hadoop.ozone.freon.RandomKeyGenerator$ObjectCreator.run(RandomKeyGenerator.java:615)
	at java.util.concurrent.Executors$RunnableAdapter.call(Executors.java:511)
	at java.util.concurrent.FutureTask.run(FutureTask.java:266)
	at java.util.concurrent.ThreadPoolExecutor.runWorker(ThreadPoolExecutor.java:1149)
	at java.util.concurrent.ThreadPoolExecutor$Worker.run(ThreadPoolExecutor.java:624)
	at java.lang.Thread.run(Thread.java:748)
</error>
    <system-out><![CDATA[2019-11-15 07:10:56,724 [main] WARN  server.ServerUtils (ServerUtils.java:getScmDbDir(145)) - ozone.scm.db.dirs is not configured. We recommend adding this setting. Falling back to ozone.metadata.dirs instead.
2019-11-15 07:10:56,863 [main] WARN  server.ServerUtils (ServerUtils.java:getScmDbDir(145)) - ozone.scm.db.dirs is not configured. We recommend adding this setting. Falling back to ozone.metadata.dirs instead.
2019-11-15 07:10:56,867 [main] WARN  server.ServerUtils (ServerUtils.java:getScmDbDir(145)) - ozone.scm.db.dirs is not configured. We recommend adding this setting. Falling back to ozone.metadata.dirs instead.
2019-11-15 07:10:56,895 [main] INFO  util.log (Log.java:initialized(192)) - Logging initialized @862ms
2019-11-15 07:10:56,990 [main] INFO  db.DBStoreBuilder (DBStoreBuilder.java:addTable(127)) - using custom profile for table: deletedBlocks
2019-11-15 07:10:56,990 [main] INFO  db.DBStoreBuilder (DBStoreBuilder.java:processTables(183)) - Using default column profile:DBProfile.DISK for Table:deletedBlocks
2019-11-15 07:10:56,991 [main] INFO  db.DBStoreBuilder (DBStoreBuilder.java:addTable(127)) - using custom profile for table: validCerts
2019-11-15 07:10:56,991 [main] INFO  db.DBStoreBuilder (DBStoreBuilder.java:processTables(183)) - Using default column profile:DBProfile.DISK for Table:validCerts
2019-11-15 07:10:56,991 [main] INFO  db.DBStoreBuilder (DBStoreBuilder.java:addTable(127)) - using custom profile for table: revokedCerts
2019-11-15 07:10:56,992 [main] INFO  db.DBStoreBuilder (DBStoreBuilder.java:processTables(183)) - Using default column profile:DBProfile.DISK for Table:revokedCerts
2019-11-15 07:10:57,003 [main] INFO  db.DBStoreBuilder (DBStoreBuilder.java:addTable(127)) - using custom profile for table: default
2019-11-15 07:10:57,003 [main] INFO  db.DBStoreBuilder (DBStoreBuilder.java:processTables(189)) - Using default column profile:DBProfile.DISK for Table:default
2019-11-15 07:10:57,004 [main] INFO  db.DBStoreBuilder (DBStoreBuilder.java:getDbProfile(220)) - Using default options. DBProfile.DISK
2019-11-15 07:10:57,278 [main] INFO  net.NodeSchemaLoader (NodeSchemaLoader.java:loadSchemaFromFile(125)) - Loading file from sun.misc.CompoundEnumeration@2b71e916
2019-11-15 07:10:57,280 [main] INFO  net.NodeSchemaLoader (NodeSchemaLoader.java:loadSchema(171)) - Loading network topology layer schema file
2019-11-15 07:10:57,355 [main] INFO  node.SCMNodeManager (SCMNodeManager.java:<init>(116)) - Entering startup safe mode.
2019-11-15 07:10:57,432 [main] INFO  algorithms.ContainerPlacementPolicyFactory (ContainerPlacementPolicyFactory.java:getPolicy(57)) - Create container placement policy of type org.apache.hadoop.hdds.scm.container.placement.algorithms.SCMContainerPlacementRandom
2019-11-15 07:10:57,445 [main] WARN  server.ServerUtils (ServerUtils.java:getScmDbDir(145)) - ozone.scm.db.dirs is not configured. We recommend adding this setting. Falling back to ozone.metadata.dirs instead.
2019-11-15 07:10:57,573 [main] INFO  pipeline.SCMPipelineManager (SCMPipelineManager.java:initializePipelineState(132)) - No pipeline exists in current db
2019-11-15 07:10:57,576 [main] WARN  server.ServerUtils (ServerUtils.java:getScmDbDir(145)) - ozone.scm.db.dirs is not configured. We recommend adding this setting. Falling back to ozone.metadata.dirs instead.
2019-11-15 07:10:57,802 [main] WARN  events.EventQueue (EventQueue.java:fireEvent(183)) - No event handler registered for event TypedEvent{payloadType=SafeModeStatus, name='SafeModeStatus'}
2019-11-15 07:10:58,141 [main] INFO  ipc.CallQueueManager (CallQueueManager.java:<init>(84)) - Using callQueue: class java.util.concurrent.LinkedBlockingQueue, queueCapacity: 2000, scheduler: class org.apache.hadoop.ipc.DefaultRpcScheduler, ipcBackoff: false.
2019-11-15 07:10:58,265 [Socket Reader #1 for port 36313] INFO  ipc.Server (Server.java:run(1074)) - Starting Socket Reader #1 for port 36313
2019-11-15 07:10:58,316 [main] INFO  ipc.CallQueueManager (CallQueueManager.java:<init>(84)) - Using callQueue: class java.util.concurrent.LinkedBlockingQueue, queueCapacity: 2000, scheduler: class org.apache.hadoop.ipc.DefaultRpcScheduler, ipcBackoff: false.
2019-11-15 07:10:58,318 [Socket Reader #1 for port 36066] INFO  ipc.Server (Server.java:run(1074)) - Starting Socket Reader #1 for port 36066
2019-11-15 07:10:58,328 [main] INFO  ipc.CallQueueManager (CallQueueManager.java:<init>(84)) - Using callQueue: class java.util.concurrent.LinkedBlockingQueue, queueCapacity: 2000, scheduler: class org.apache.hadoop.ipc.DefaultRpcScheduler, ipcBackoff: false.
2019-11-15 07:10:58,329 [Socket Reader #1 for port 37213] INFO  ipc.Server (Server.java:run(1074)) - Starting Socket Reader #1 for port 37213
2019-11-15 07:10:58,357 [main] INFO  hdfs.DFSUtil (DFSUtil.java:httpServerTemplateForNNAndJN(1641)) - Starting Web-server for scm at: http://0.0.0.0:0
2019-11-15 07:10:58,495 [main] INFO  server.AuthenticationFilter (AuthenticationFilter.java:constructSecretProvider(240)) - Unable to initialize FileSignerSecretProvider, falling back to use random secrets.
2019-11-15 07:10:58,509 [main] WARN  http.HttpRequestLog (HttpRequestLog.java:getRequestLog(97)) - Jetty request log can only be enabled using Log4j
2019-11-15 07:10:58,518 [main] INFO  http.HttpServer2 (HttpServer2.java:addGlobalFilter(975)) - Added global filter 'safety' (class=org.apache.hadoop.http.HttpServer2$QuotingInputFilter)
2019-11-15 07:10:58,521 [main] INFO  http.HttpServer2 (HttpServer2.java:addFilter(948)) - Added filter static_user_filter (class=org.apache.hadoop.http.lib.StaticUserWebFilter$StaticUserFilter) to context scm
2019-11-15 07:10:58,521 [main] INFO  http.HttpServer2 (HttpServer2.java:addFilter(958)) - Added filter static_user_filter (class=org.apache.hadoop.http.lib.StaticUserWebFilter$StaticUserFilter) to context logs
2019-11-15 07:10:58,521 [main] INFO  http.HttpServer2 (HttpServer2.java:addFilter(958)) - Added filter static_user_filter (class=org.apache.hadoop.http.lib.StaticUserWebFilter$StaticUserFilter) to context static
2019-11-15 07:10:58,546 [main] INFO  server.StorageContainerManager (StorageContainerManager.java:start(758)) - StorageContainerLocationProtocol RPC server is listening at /0.0.0.0:37213
2019-11-15 07:10:58,594 [main] WARN  impl.MetricsConfig (MetricsConfig.java:loadFirst(134)) - Cannot locate configuration: tried hadoop-metrics2-storagecontainermanager.properties,hadoop-metrics2.properties
2019-11-15 07:10:58,607 [main] INFO  impl.MetricsSystemImpl (MetricsSystemImpl.java:startTimer(374)) - Scheduled Metric snapshot period at 10 second(s).
2019-11-15 07:10:58,607 [main] INFO  impl.MetricsSystemImpl (MetricsSystemImpl.java:start(191)) - StorageContainerManager metrics system started
2019-11-15 07:10:58,825 [main] INFO  server.SCMClientProtocolServer (SCMClientProtocolServer.java:start(160)) - RPC server for Client  is listening at /0.0.0.0:37213
2019-11-15 07:10:58,826 [IPC Server Responder] INFO  ipc.Server (Server.java:run(1314)) - IPC Server Responder: starting
2019-11-15 07:10:58,826 [IPC Server listener on 37213] INFO  ipc.Server (Server.java:run(1153)) - IPC Server listener on 37213: starting
2019-11-15 07:10:58,829 [main] INFO  server.StorageContainerManager (StorageContainerManager.java:start(769)) - ScmBlockLocationProtocol RPC server is listening at /0.0.0.0:36066
2019-11-15 07:10:58,829 [main] INFO  server.SCMBlockProtocolServer (SCMBlockProtocolServer.java:start(146)) - RPC server for Block Protocol is listening at /0.0.0.0:36066
2019-11-15 07:10:58,830 [IPC Server Responder] INFO  ipc.Server (Server.java:run(1314)) - IPC Server Responder: starting
2019-11-15 07:10:58,831 [IPC Server listener on 36066] INFO  ipc.Server (Server.java:run(1153)) - IPC Server listener on 36066: starting
2019-11-15 07:10:58,840 [main] INFO  server.StorageContainerManager (StorageContainerManager.java:start(775)) - ScmDatanodeProtocl RPC server is listening at /0.0.0.0:36313
2019-11-15 07:10:58,840 [main] INFO  server.SCMDatanodeProtocolServer (SCMDatanodeProtocolServer.java:start(169)) - RPC server for DataNodes is listening at /0.0.0.0:36313
2019-11-15 07:10:58,841 [IPC Server Responder] INFO  ipc.Server (Server.java:run(1314)) - IPC Server Responder: starting
2019-11-15 07:10:58,842 [IPC Server listener on 36313] INFO  ipc.Server (Server.java:run(1153)) - IPC Server listener on 36313: starting
2019-11-15 07:10:58,850 [main] INFO  http.HttpServer2 (HttpServer2.java:bindListener(1191)) - Jetty bound to port 39525
2019-11-15 07:10:58,852 [main] INFO  server.Server (Server.java:doStart(351)) - jetty-9.3.25.v20180904, build timestamp: 2018-09-04T21:11:46Z, git hash: 3ce520221d0240229c862b122d2b06c12a625732
2019-11-15 07:10:58,884 [main] INFO  handler.ContextHandler (ContextHandler.java:doStart(781)) - Started o.e.j.s.ServletContextHandler@40dff0b7{/logs,file:///workdir/hadoop-ozone/tools/target/log,AVAILABLE}
2019-11-15 07:10:58,885 [main] INFO  handler.ContextHandler (ContextHandler.java:doStart(781)) - Started o.e.j.s.ServletContextHandler@2d36e77e{/static,jar:file:/home/user/.m2/repository/org/apache/hadoop/hadoop-hdds-server-scm/0.5.0-SNAPSHOT/hadoop-hdds-server-scm-0.5.0-SNAPSHOT.jar!/webapps/static,AVAILABLE}
2019-11-15 07:10:58,956 [main] INFO  handler.ContextHandler (ContextHandler.java:doStart(781)) - Started o.e.j.w.WebAppContext@10b892d5{/,file:///tmp/jetty-0.0.0.0-39525-scm-_-any-7904048552145143285.dir/webapp/,AVAILABLE}{/scm}
2019-11-15 07:10:58,961 [main] INFO  server.AbstractConnector (AbstractConnector.java:doStart(278)) - Started ServerConnector@1b9ea3e3{HTTP/1.1,[http/1.1]}{0.0.0.0:39525}
2019-11-15 07:10:58,961 [main] INFO  server.Server (Server.java:doStart(419)) - Started @2928ms
2019-11-15 07:10:58,964 [main] INFO  impl.MetricsSinkAdapter (MetricsSinkAdapter.java:start(204)) - Sink prometheus started
2019-11-15 07:10:58,964 [main] INFO  impl.MetricsSystemImpl (MetricsSystemImpl.java:registerSink(301)) - Registered sink prometheus
2019-11-15 07:10:58,966 [main] INFO  server.BaseHttpServer (BaseHttpServer.java:updateConnectorAddress(215)) - HTTP server of SCM is listening at http://0.0.0.0:39525
2019-11-15 07:10:58,975 [org.apache.hadoop.util.JvmPauseMonitor$Monitor@34abdee4] INFO  util.JvmPauseMonitor (JvmPauseMonitor.java:run(188)) - Starting JVM pause monitor
2019-11-15 07:10:58,980 [main] WARN  server.ServerUtils (ServerUtils.java:getDBPath(222)) - ozone.om.db.dirs is not configured. We recommend adding this setting. Falling back to ozone.metadata.dirs instead.
2019-11-15 07:10:59,105 [main] INFO  ha.OMHANodeDetails (OMHANodeDetails.java:loadOMHAConfig(190)) - Configuration either no ozone.om.address set. Falling back to the default OM address /127.0.0.1:0
2019-11-15 07:10:59,105 [main] INFO  ha.OMHANodeDetails (OMHANodeDetails.java:getOMNodeDetails(220)) - OM Service ID is not set. Setting it to the default ID: omServiceIdDefault
2019-11-15 07:10:59,107 [main] WARN  server.ServerUtils (ServerUtils.java:getDBPath(222)) - ozone.om.db.dirs is not configured. We recommend adding this setting. Falling back to ozone.metadata.dirs instead.
2019-11-15 07:10:59,108 [main] WARN  server.ServerUtils (ServerUtils.java:getDBPath(222)) - ozone.om.db.dirs is not configured. We recommend adding this setting. Falling back to ozone.metadata.dirs instead.
2019-11-15 07:10:59,749 [main] WARN  server.ServerUtils (ServerUtils.java:getDBPath(222)) - ozone.om.db.dirs is not configured. We recommend adding this setting. Falling back to ozone.metadata.dirs instead.
2019-11-15 07:10:59,757 [main] INFO  db.DBStoreBuilder (DBStoreBuilder.java:addTable(127)) - using custom profile for table: userTable
2019-11-15 07:10:59,758 [main] INFO  db.DBStoreBuilder (DBStoreBuilder.java:processTables(183)) - Using default column profile:DBProfile.DISK for Table:userTable
2019-11-15 07:10:59,758 [main] INFO  db.DBStoreBuilder (DBStoreBuilder.java:addTable(127)) - using custom profile for table: volumeTable
2019-11-15 07:10:59,758 [main] INFO  db.DBStoreBuilder (DBStoreBuilder.java:processTables(183)) - Using default column profile:DBProfile.DISK for Table:volumeTable
2019-11-15 07:10:59,758 [main] INFO  db.DBStoreBuilder (DBStoreBuilder.java:addTable(127)) - using custom profile for table: bucketTable
2019-11-15 07:10:59,758 [main] INFO  db.DBStoreBuilder (DBStoreBuilder.java:processTables(183)) - Using default column profile:DBProfile.DISK for Table:bucketTable
2019-11-15 07:10:59,759 [main] INFO  db.DBStoreBuilder (DBStoreBuilder.java:addTable(127)) - using custom profile for table: keyTable
2019-11-15 07:10:59,759 [main] INFO  db.DBStoreBuilder (DBStoreBuilder.java:processTables(183)) - Using default column profile:DBProfile.DISK for Table:keyTable
2019-11-15 07:10:59,759 [main] INFO  db.DBStoreBuilder (DBStoreBuilder.java:addTable(127)) - using custom profile for table: deletedTable
2019-11-15 07:10:59,759 [main] INFO  db.DBStoreBuilder (DBStoreBuilder.java:processTables(183)) - Using default column profile:DBProfile.DISK for Table:deletedTable
2019-11-15 07:10:59,760 [main] INFO  db.DBStoreBuilder (DBStoreBuilder.java:addTable(127)) - using custom profile for table: openKeyTable
2019-11-15 07:10:59,760 [main] INFO  db.DBStoreBuilder (DBStoreBuilder.java:processTables(183)) - Using default column profile:DBProfile.DISK for Table:openKeyTable
2019-11-15 07:10:59,760 [main] INFO  db.DBStoreBuilder (DBStoreBuilder.java:addTable(127)) - using custom profile for table: s3Table
2019-11-15 07:10:59,760 [main] INFO  db.DBStoreBuilder (DBStoreBuilder.java:processTables(183)) - Using default column profile:DBProfile.DISK for Table:s3Table
2019-11-15 07:10:59,761 [main] INFO  db.DBStoreBuilder (DBStoreBuilder.java:addTable(127)) - using custom profile for table: multipartInfoTable
2019-11-15 07:10:59,761 [main] INFO  db.DBStoreBuilder (DBStoreBuilder.java:processTables(183)) - Using default column profile:DBProfile.DISK for Table:multipartInfoTable
2019-11-15 07:10:59,761 [main] INFO  db.DBStoreBuilder (DBStoreBuilder.java:addTable(127)) - using custom profile for table: dTokenTable
2019-11-15 07:10:59,761 [main] INFO  db.DBStoreBuilder (DBStoreBuilder.java:processTables(183)) - Using default column profile:DBProfile.DISK for Table:dTokenTable
2019-11-15 07:10:59,761 [main] INFO  db.DBStoreBuilder (DBStoreBuilder.java:addTable(127)) - using custom profile for table: s3SecretTable
2019-11-15 07:10:59,762 [main] INFO  db.DBStoreBuilder (DBStoreBuilder.java:processTables(183)) - Using default column profile:DBProfile.DISK for Table:s3SecretTable
2019-11-15 07:10:59,762 [main] INFO  db.DBStoreBuilder (DBStoreBuilder.java:addTable(127)) - using custom profile for table: prefixTable
2019-11-15 07:10:59,762 [main] INFO  db.DBStoreBuilder (DBStoreBuilder.java:processTables(183)) - Using default column profile:DBProfile.DISK for Table:prefixTable
2019-11-15 07:10:59,762 [main] INFO  db.DBStoreBuilder (DBStoreBuilder.java:addTable(127)) - using custom profile for table: default
2019-11-15 07:10:59,763 [main] INFO  db.DBStoreBuilder (DBStoreBuilder.java:processTables(189)) - Using default column profile:DBProfile.DISK for Table:default
2019-11-15 07:10:59,763 [main] INFO  db.DBStoreBuilder (DBStoreBuilder.java:getDbProfile(220)) - Using default options. DBProfile.DISK
2019-11-15 07:11:00,629 [main] INFO  ipc.CallQueueManager (CallQueueManager.java:<init>(84)) - Using callQueue: class java.util.concurrent.LinkedBlockingQueue, queueCapacity: 2000, scheduler: class org.apache.hadoop.ipc.DefaultRpcScheduler, ipcBackoff: false.
2019-11-15 07:11:00,630 [Socket Reader #1 for port 42682] INFO  ipc.Server (Server.java:run(1074)) - Starting Socket Reader #1 for port 42682
2019-11-15 07:11:00,655 [main] INFO  om.OzoneManager (OzoneManager.java:start(1077)) - OzoneManager RPC server is listening at localhost/127.0.0.1:42682
2019-11-15 07:11:00,655 [main] INFO  impl.MetricsSystemImpl (MetricsSystemImpl.java:init(158)) - OzoneManager metrics system started (again)
2019-11-15 07:11:00,663 [IPC Server Responder] INFO  ipc.Server (Server.java:run(1314)) - IPC Server Responder: starting
2019-11-15 07:11:00,663 [IPC Server listener on 42682] INFO  ipc.Server (Server.java:run(1153)) - IPC Server listener on 42682: starting
2019-11-15 07:11:00,670 [main] INFO  hdfs.DFSUtil (DFSUtil.java:httpServerTemplateForNNAndJN(1641)) - Starting Web-server for ozoneManager at: http://0.0.0.0:0
2019-11-15 07:11:00,672 [main] INFO  server.AuthenticationFilter (AuthenticationFilter.java:constructSecretProvider(240)) - Unable to initialize FileSignerSecretProvider, falling back to use random secrets.
2019-11-15 07:11:00,672 [main] WARN  http.HttpRequestLog (HttpRequestLog.java:getRequestLog(97)) - Jetty request log can only be enabled using Log4j
2019-11-15 07:11:00,674 [main] INFO  http.HttpServer2 (HttpServer2.java:addGlobalFilter(975)) - Added global filter 'safety' (class=org.apache.hadoop.http.HttpServer2$QuotingInputFilter)
2019-11-15 07:11:00,675 [main] INFO  http.HttpServer2 (HttpServer2.java:addFilter(948)) - Added filter static_user_filter (class=org.apache.hadoop.http.lib.StaticUserWebFilter$StaticUserFilter) to context ozoneManager
2019-11-15 07:11:00,675 [main] INFO  http.HttpServer2 (HttpServer2.java:addFilter(958)) - Added filter static_user_filter (class=org.apache.hadoop.http.lib.StaticUserWebFilter$StaticUserFilter) to context logs
2019-11-15 07:11:00,675 [main] INFO  http.HttpServer2 (HttpServer2.java:addFilter(958)) - Added filter static_user_filter (class=org.apache.hadoop.http.lib.StaticUserWebFilter$StaticUserFilter) to context static
2019-11-15 07:11:00,677 [main] INFO  http.HttpServer2 (HttpServer2.java:bindListener(1191)) - Jetty bound to port 36110
2019-11-15 07:11:00,678 [main] INFO  server.Server (Server.java:doStart(351)) - jetty-9.3.25.v20180904, build timestamp: 2018-09-04T21:11:46Z, git hash: 3ce520221d0240229c862b122d2b06c12a625732
2019-11-15 07:11:00,680 [main] INFO  handler.ContextHandler (ContextHandler.java:doStart(781)) - Started o.e.j.s.ServletContextHandler@4c0884e8{/logs,file:///workdir/hadoop-ozone/tools/target/log,AVAILABLE}
2019-11-15 07:11:00,680 [main] INFO  handler.ContextHandler (ContextHandler.java:doStart(781)) - Started o.e.j.s.ServletContextHandler@11841b15{/static,jar:file:/home/user/.m2/repository/org/apache/hadoop/hadoop-ozone-ozone-manager/0.5.0-SNAPSHOT/hadoop-ozone-ozone-manager-0.5.0-SNAPSHOT.jar!/webapps/static,AVAILABLE}
2019-11-15 07:11:00,730 [main] INFO  handler.ContextHandler (ContextHandler.java:doStart(781)) - Started o.e.j.w.WebAppContext@52fc5eb1{/,file:///tmp/jetty-0.0.0.0-36110-ozoneManager-_-any-7712782668870339739.dir/webapp/,AVAILABLE}{/ozoneManager}
2019-11-15 07:11:00,730 [main] INFO  server.AbstractConnector (AbstractConnector.java:doStart(278)) - Started ServerConnector@7a639ec5{HTTP/1.1,[http/1.1]}{0.0.0.0:36110}
2019-11-15 07:11:00,731 [main] INFO  server.Server (Server.java:doStart(419)) - Started @4698ms
2019-11-15 07:11:00,731 [main] WARN  impl.MetricsSystemImpl (MetricsSystemImpl.java:register(276)) - Sink prometheus already exists!
2019-11-15 07:11:00,734 [main] INFO  server.BaseHttpServer (BaseHttpServer.java:updateConnectorAddress(215)) - HTTP server of OZONEMANAGER is listening at http://0.0.0.0:36110
2019-11-15 07:11:01,041 [main] INFO  impl.MetricsSystemImpl (MetricsSystemImpl.java:init(158)) - HddsDatanode metrics system started (again)
2019-11-15 07:11:01,084 [main] INFO  ozone.HddsDatanodeService (HddsDatanodeService.java:start(186)) - HddsDatanodeService host:pr-hdds-2498-z4wj9-521903842 ip:192.168.69.126
2019-11-15 07:11:01,117 [main] INFO  volume.HddsVolume (HddsVolume.java:<init>(176)) - Creating Volume: /workdir/hadoop-ozone/tools/target/test-dir/MiniOzoneClusterImpl-51b9b0f2-17ac-4b5b-be5d-f7608296e48f/datanode-0/data/containers/hdds of  storage type : DISK and capacity : 1482555576320
2019-11-15 07:11:01,119 [main] INFO  volume.VolumeSet (VolumeSet.java:initializeVolumeSet(170)) - Added Volume : /workdir/hadoop-ozone/tools/target/test-dir/MiniOzoneClusterImpl-51b9b0f2-17ac-4b5b-be5d-f7608296e48f/datanode-0/data/containers/hdds to VolumeSet
2019-11-15 07:11:01,121 [main] INFO  volume.ThrottledAsyncChecker (ThrottledAsyncChecker.java:schedule(141)) - Scheduling a check for /workdir/hadoop-ozone/tools/target/test-dir/MiniOzoneClusterImpl-51b9b0f2-17ac-4b5b-be5d-f7608296e48f/datanode-0/data/containers/hdds
2019-11-15 07:11:01,136 [main] INFO  volume.HddsVolumeChecker (HddsVolumeChecker.java:checkAllVolumes(204)) - Scheduled health check for volume /workdir/hadoop-ozone/tools/target/test-dir/MiniOzoneClusterImpl-51b9b0f2-17ac-4b5b-be5d-f7608296e48f/datanode-0/data/containers/hdds
2019-11-15 07:11:01,238 [main] INFO  impl.RaftServerProxy (ConfUtils.java:logGet(43)) - raft.rpc.type = GRPC (default)
2019-11-15 07:11:01,301 [main] INFO  grpc.GrpcFactory (GrpcFactory.java:checkPooledByteBufAllocatorUseCacheForAllThreads(45)) - PERFORMANCE WARNING: useCacheForAllThreads is true that may cause Netty to create a lot garbage objects and, as a result, trigger GC.
	It is recommended to disable useCacheForAllThreads by setting -Dorg.apache.ratis.thirdparty.io.netty.allocator.useCacheForAllThreads=false in command line.
2019-11-15 07:11:01,306 [main] INFO  grpc.GrpcConfigKeys$Server (ConfUtils.java:logGet(43)) - raft.grpc.server.port = 0 (default)
2019-11-15 07:11:01,307 [main] INFO  server.GrpcService (ConfUtils.java:logGet(43)) - raft.grpc.message.size.max = 33570816 (custom)
2019-11-15 07:11:01,309 [main] INFO  server.RaftServerConfigKeys (ConfUtils.java:logGet(43)) - raft.server.log.appender.buffer.byte-limit = 33554432 (custom)
2019-11-15 07:11:01,310 [main] INFO  server.GrpcService (ConfUtils.java:logGet(43)) - raft.grpc.flow.control.window = 1MB (=1048576) (default)
2019-11-15 07:11:01,310 [main] INFO  server.RaftServerConfigKeys (ConfUtils.java:logGet(43)) - raft.server.rpc.request.timeout = 3000ms (default)
2019-11-15 07:11:01,480 [main] INFO  server.RaftServerConfigKeys (ConfUtils.java:logGet(43)) - raft.server.storage.dir = [/workdir/hadoop-ozone/tools/target/test-dir/MiniOzoneClusterImpl-51b9b0f2-17ac-4b5b-be5d-f7608296e48f/datanode-0/data/ratis] (custom)
2019-11-15 07:11:01,546 [main] INFO  hdfs.DFSUtil (DFSUtil.java:httpServerTemplateForNNAndJN(1641)) - Starting Web-server for hddsDatanode at: http://0.0.0.0:0
2019-11-15 07:11:01,548 [main] INFO  server.AuthenticationFilter (AuthenticationFilter.java:constructSecretProvider(240)) - Unable to initialize FileSignerSecretProvider, falling back to use random secrets.
2019-11-15 07:11:01,549 [main] WARN  http.HttpRequestLog (HttpRequestLog.java:getRequestLog(97)) - Jetty request log can only be enabled using Log4j
2019-11-15 07:11:01,551 [main] INFO  http.HttpServer2 (HttpServer2.java:addGlobalFilter(975)) - Added global filter 'safety' (class=org.apache.hadoop.http.HttpServer2$QuotingInputFilter)
2019-11-15 07:11:01,552 [main] INFO  http.HttpServer2 (HttpServer2.java:addFilter(948)) - Added filter static_user_filter (class=org.apache.hadoop.http.lib.StaticUserWebFilter$StaticUserFilter) to context hddsDatanode
2019-11-15 07:11:01,552 [main] INFO  http.HttpServer2 (HttpServer2.java:addFilter(958)) - Added filter static_user_filter (class=org.apache.hadoop.http.lib.StaticUserWebFilter$StaticUserFilter) to context logs
2019-11-15 07:11:01,552 [main] INFO  http.HttpServer2 (HttpServer2.java:addFilter(958)) - Added filter static_user_filter (class=org.apache.hadoop.http.lib.StaticUserWebFilter$StaticUserFilter) to context static
2019-11-15 07:11:01,553 [main] INFO  http.HttpServer2 (HttpServer2.java:bindListener(1191)) - Jetty bound to port 36126
2019-11-15 07:11:01,554 [main] INFO  server.Server (Server.java:doStart(351)) - jetty-9.3.25.v20180904, build timestamp: 2018-09-04T21:11:46Z, git hash: 3ce520221d0240229c862b122d2b06c12a625732
2019-11-15 07:11:01,557 [main] INFO  handler.ContextHandler (ContextHandler.java:doStart(781)) - Started o.e.j.s.ServletContextHandler@25d93198{/logs,file:///workdir/hadoop-ozone/tools/target/log,AVAILABLE}
2019-11-15 07:11:01,558 [main] INFO  handler.ContextHandler (ContextHandler.java:doStart(781)) - Started o.e.j.s.ServletContextHandler@f951a7f{/static,jar:file:/home/user/.m2/repository/org/apache/hadoop/hadoop-hdds-container-service/0.5.0-SNAPSHOT/hadoop-hdds-container-service-0.5.0-SNAPSHOT.jar!/webapps/static,AVAILABLE}
2019-11-15 07:11:01,590 [main] INFO  handler.ContextHandler (ContextHandler.java:doStart(781)) - Started o.e.j.w.WebAppContext@1292071f{/,file:///tmp/jetty-0.0.0.0-36126-hddsDatanode-_-any-6721078271547628493.dir/webapp/,AVAILABLE}{/hddsDatanode}
2019-11-15 07:11:01,592 [main] INFO  server.AbstractConnector (AbstractConnector.java:doStart(278)) - Started ServerConnector@35d5ac51{HTTP/1.1,[http/1.1]}{0.0.0.0:36126}
2019-11-15 07:11:01,593 [main] INFO  server.Server (Server.java:doStart(419)) - Started @5560ms
2019-11-15 07:11:01,593 [main] WARN  impl.MetricsSystemImpl (MetricsSystemImpl.java:register(276)) - Sink prometheus already exists!
2019-11-15 07:11:01,594 [main] INFO  server.BaseHttpServer (BaseHttpServer.java:updateConnectorAddress(215)) - HTTP server of HDDSDATANODE is listening at http://0.0.0.0:36126
2019-11-15 07:11:01,596 [main] INFO  impl.MetricsSystemImpl (MetricsSystemImpl.java:init(158)) - HddsDatanode metrics system started (again)
2019-11-15 07:11:01,598 [main] INFO  ozone.HddsDatanodeService (HddsDatanodeService.java:start(186)) - HddsDatanodeService host:pr-hdds-2498-z4wj9-521903842 ip:192.168.69.126
2019-11-15 07:11:01,600 [org.apache.hadoop.util.JvmPauseMonitor$Monitor@5fe4912a] INFO  util.JvmPauseMonitor (JvmPauseMonitor.java:run(188)) - Starting JVM pause monitor
2019-11-15 07:11:01,606 [main] INFO  volume.HddsVolume (HddsVolume.java:<init>(176)) - Creating Volume: /workdir/hadoop-ozone/tools/target/test-dir/MiniOzoneClusterImpl-51b9b0f2-17ac-4b5b-be5d-f7608296e48f/datanode-1/data/containers/hdds of  storage type : DISK and capacity : 1482555576320
2019-11-15 07:11:01,607 [main] INFO  volume.VolumeSet (VolumeSet.java:initializeVolumeSet(170)) - Added Volume : /workdir/hadoop-ozone/tools/target/test-dir/MiniOzoneClusterImpl-51b9b0f2-17ac-4b5b-be5d-f7608296e48f/datanode-1/data/containers/hdds to VolumeSet
2019-11-15 07:11:01,607 [main] INFO  volume.ThrottledAsyncChecker (ThrottledAsyncChecker.java:schedule(141)) - Scheduling a check for /workdir/hadoop-ozone/tools/target/test-dir/MiniOzoneClusterImpl-51b9b0f2-17ac-4b5b-be5d-f7608296e48f/datanode-1/data/containers/hdds
2019-11-15 07:11:01,608 [main] INFO  volume.HddsVolumeChecker (HddsVolumeChecker.java:checkAllVolumes(204)) - Scheduled health check for volume /workdir/hadoop-ozone/tools/target/test-dir/MiniOzoneClusterImpl-51b9b0f2-17ac-4b5b-be5d-f7608296e48f/datanode-1/data/containers/hdds
2019-11-15 07:11:01,623 [main] INFO  impl.RaftServerProxy (ConfUtils.java:logGet(43)) - raft.rpc.type = GRPC (default)
2019-11-15 07:11:01,623 [main] INFO  grpc.GrpcFactory (GrpcFactory.java:checkPooledByteBufAllocatorUseCacheForAllThreads(45)) - PERFORMANCE WARNING: useCacheForAllThreads is true that may cause Netty to create a lot garbage objects and, as a result, trigger GC.
	It is recommended to disable useCacheForAllThreads by setting -Dorg.apache.ratis.thirdparty.io.netty.allocator.useCacheForAllThreads=false in command line.
2019-11-15 07:11:01,624 [main] INFO  grpc.GrpcConfigKeys$Server (ConfUtils.java:logGet(43)) - raft.grpc.server.port = 0 (default)
2019-11-15 07:11:01,624 [main] INFO  server.GrpcService (ConfUtils.java:logGet(43)) - raft.grpc.message.size.max = 33570816 (custom)
2019-11-15 07:11:01,624 [main] INFO  server.RaftServerConfigKeys (ConfUtils.java:logGet(43)) - raft.server.log.appender.buffer.byte-limit = 33554432 (custom)
2019-11-15 07:11:01,624 [main] INFO  server.GrpcService (ConfUtils.java:logGet(43)) - raft.grpc.flow.control.window = 1MB (=1048576) (default)
2019-11-15 07:11:01,625 [main] INFO  server.RaftServerConfigKeys (ConfUtils.java:logGet(43)) - raft.server.rpc.request.timeout = 3000ms (default)
2019-11-15 07:11:01,625 [main] INFO  server.RaftServerConfigKeys (ConfUtils.java:logGet(43)) - raft.server.storage.dir = [/workdir/hadoop-ozone/tools/target/test-dir/MiniOzoneClusterImpl-51b9b0f2-17ac-4b5b-be5d-f7608296e48f/datanode-1/data/ratis] (custom)
2019-11-15 07:11:01,627 [main] INFO  hdfs.DFSUtil (DFSUtil.java:httpServerTemplateForNNAndJN(1641)) - Starting Web-server for hddsDatanode at: http://0.0.0.0:0
2019-11-15 07:11:01,629 [main] INFO  server.AuthenticationFilter (AuthenticationFilter.java:constructSecretProvider(240)) - Unable to initialize FileSignerSecretProvider, falling back to use random secrets.
2019-11-15 07:11:01,630 [main] WARN  http.HttpRequestLog (HttpRequestLog.java:getRequestLog(97)) - Jetty request log can only be enabled using Log4j
2019-11-15 07:11:01,632 [main] INFO  http.HttpServer2 (HttpServer2.java:addGlobalFilter(975)) - Added global filter 'safety' (class=org.apache.hadoop.http.HttpServer2$QuotingInputFilter)
2019-11-15 07:11:01,632 [main] INFO  http.HttpServer2 (HttpServer2.java:addFilter(948)) - Added filter static_user_filter (class=org.apache.hadoop.http.lib.StaticUserWebFilter$StaticUserFilter) to context hddsDatanode
2019-11-15 07:11:01,633 [main] INFO  http.HttpServer2 (HttpServer2.java:addFilter(958)) - Added filter static_user_filter (class=org.apache.hadoop.http.lib.StaticUserWebFilter$StaticUserFilter) to context logs
2019-11-15 07:11:01,633 [main] INFO  http.HttpServer2 (HttpServer2.java:addFilter(958)) - Added filter static_user_filter (class=org.apache.hadoop.http.lib.StaticUserWebFilter$StaticUserFilter) to context static
2019-11-15 07:11:01,634 [main] INFO  http.HttpServer2 (HttpServer2.java:bindListener(1191)) - Jetty bound to port 35172
2019-11-15 07:11:01,634 [main] INFO  server.Server (Server.java:doStart(351)) - jetty-9.3.25.v20180904, build timestamp: 2018-09-04T21:11:46Z, git hash: 3ce520221d0240229c862b122d2b06c12a625732
2019-11-15 07:11:01,638 [main] INFO  handler.ContextHandler (ContextHandler.java:doStart(781)) - Started o.e.j.s.ServletContextHandler@587a1cfb{/logs,file:///workdir/hadoop-ozone/tools/target/log,AVAILABLE}
2019-11-15 07:11:01,639 [main] INFO  handler.ContextHandler (ContextHandler.java:doStart(781)) - Started o.e.j.s.ServletContextHandler@5e1d03d7{/static,jar:file:/home/user/.m2/repository/org/apache/hadoop/hadoop-hdds-container-service/0.5.0-SNAPSHOT/hadoop-hdds-container-service-0.5.0-SNAPSHOT.jar!/webapps/static,AVAILABLE}
2019-11-15 07:11:01,678 [main] INFO  handler.ContextHandler (ContextHandler.java:doStart(781)) - Started o.e.j.w.WebAppContext@66273da0{/,file:///tmp/jetty-0.0.0.0-35172-hddsDatanode-_-any-1801255338565467575.dir/webapp/,AVAILABLE}{/hddsDatanode}
2019-11-15 07:11:01,679 [main] INFO  server.AbstractConnector (AbstractConnector.java:doStart(278)) - Started ServerConnector@2127e66e{HTTP/1.1,[http/1.1]}{0.0.0.0:35172}
2019-11-15 07:11:01,679 [main] INFO  server.Server (Server.java:doStart(419)) - Started @5646ms
2019-11-15 07:11:01,680 [main] WARN  impl.MetricsSystemImpl (MetricsSystemImpl.java:register(276)) - Sink prometheus already exists!
2019-11-15 07:11:01,681 [main] INFO  server.BaseHttpServer (BaseHttpServer.java:updateConnectorAddress(215)) - HTTP server of HDDSDATANODE is listening at http://0.0.0.0:35172
2019-11-15 07:11:01,681 [main] INFO  impl.MetricsSystemImpl (MetricsSystemImpl.java:init(158)) - HddsDatanode metrics system started (again)
2019-11-15 07:11:01,682 [Datanode State Machine Thread - 0] INFO  datanode.InitDatanodeState (InitDatanodeState.java:persistContainerDatanodeDetails(140)) - DatanodeDetails is persisted to /workdir/hadoop-ozone/tools/target/test-dir/MiniOzoneClusterImpl-51b9b0f2-17ac-4b5b-be5d-f7608296e48f/datanode-0/meta/datanode.id
2019-11-15 07:11:01,684 [main] INFO  ozone.HddsDatanodeService (HddsDatanodeService.java:start(186)) - HddsDatanodeService host:pr-hdds-2498-z4wj9-521903842 ip:192.168.69.126
2019-11-15 07:11:01,684 [org.apache.hadoop.util.JvmPauseMonitor$Monitor@4be4b4d3] INFO  util.JvmPauseMonitor (JvmPauseMonitor.java:run(188)) - Starting JVM pause monitor
2019-11-15 07:11:01,689 [Datanode State Machine Thread - 0] INFO  datanode.InitDatanodeState (InitDatanodeState.java:persistContainerDatanodeDetails(140)) - DatanodeDetails is persisted to /workdir/hadoop-ozone/tools/target/test-dir/MiniOzoneClusterImpl-51b9b0f2-17ac-4b5b-be5d-f7608296e48f/datanode-1/meta/datanode.id
2019-11-15 07:11:01,693 [main] INFO  volume.HddsVolume (HddsVolume.java:<init>(176)) - Creating Volume: /workdir/hadoop-ozone/tools/target/test-dir/MiniOzoneClusterImpl-51b9b0f2-17ac-4b5b-be5d-f7608296e48f/datanode-2/data/containers/hdds of  storage type : DISK and capacity : 1482555576320
2019-11-15 07:11:01,693 [main] INFO  volume.VolumeSet (VolumeSet.java:initializeVolumeSet(170)) - Added Volume : /workdir/hadoop-ozone/tools/target/test-dir/MiniOzoneClusterImpl-51b9b0f2-17ac-4b5b-be5d-f7608296e48f/datanode-2/data/containers/hdds to VolumeSet
2019-11-15 07:11:01,693 [main] INFO  volume.ThrottledAsyncChecker (ThrottledAsyncChecker.java:schedule(141)) - Scheduling a check for /workdir/hadoop-ozone/tools/target/test-dir/MiniOzoneClusterImpl-51b9b0f2-17ac-4b5b-be5d-f7608296e48f/datanode-2/data/containers/hdds
2019-11-15 07:11:01,694 [main] INFO  volume.HddsVolumeChecker (HddsVolumeChecker.java:checkAllVolumes(204)) - Scheduled health check for volume /workdir/hadoop-ozone/tools/target/test-dir/MiniOzoneClusterImpl-51b9b0f2-17ac-4b5b-be5d-f7608296e48f/datanode-2/data/containers/hdds
2019-11-15 07:11:01,708 [main] INFO  impl.RaftServerProxy (ConfUtils.java:logGet(43)) - raft.rpc.type = GRPC (default)
2019-11-15 07:11:01,708 [main] INFO  grpc.GrpcFactory (GrpcFactory.java:checkPooledByteBufAllocatorUseCacheForAllThreads(45)) - PERFORMANCE WARNING: useCacheForAllThreads is true that may cause Netty to create a lot garbage objects and, as a result, trigger GC.
	It is recommended to disable useCacheForAllThreads by setting -Dorg.apache.ratis.thirdparty.io.netty.allocator.useCacheForAllThreads=false in command line.
2019-11-15 07:11:01,708 [main] INFO  grpc.GrpcConfigKeys$Server (ConfUtils.java:logGet(43)) - raft.grpc.server.port = 0 (default)
2019-11-15 07:11:01,709 [main] INFO  server.GrpcService (ConfUtils.java:logGet(43)) - raft.grpc.message.size.max = 33570816 (custom)
2019-11-15 07:11:01,709 [main] INFO  server.RaftServerConfigKeys (ConfUtils.java:logGet(43)) - raft.server.log.appender.buffer.byte-limit = 33554432 (custom)
2019-11-15 07:11:01,709 [main] INFO  server.GrpcService (ConfUtils.java:logGet(43)) - raft.grpc.flow.control.window = 1MB (=1048576) (default)
2019-11-15 07:11:01,709 [main] INFO  server.RaftServerConfigKeys (ConfUtils.java:logGet(43)) - raft.server.rpc.request.timeout = 3000ms (default)
2019-11-15 07:11:01,710 [main] INFO  server.RaftServerConfigKeys (ConfUtils.java:logGet(43)) - raft.server.storage.dir = [/workdir/hadoop-ozone/tools/target/test-dir/MiniOzoneClusterImpl-51b9b0f2-17ac-4b5b-be5d-f7608296e48f/datanode-2/data/ratis] (custom)
2019-11-15 07:11:01,712 [main] INFO  hdfs.DFSUtil (DFSUtil.java:httpServerTemplateForNNAndJN(1641)) - Starting Web-server for hddsDatanode at: http://0.0.0.0:0
2019-11-15 07:11:01,714 [main] INFO  server.AuthenticationFilter (AuthenticationFilter.java:constructSecretProvider(240)) - Unable to initialize FileSignerSecretProvider, falling back to use random secrets.
2019-11-15 07:11:01,714 [main] WARN  http.HttpRequestLog (HttpRequestLog.java:getRequestLog(97)) - Jetty request log can only be enabled using Log4j
2019-11-15 07:11:01,717 [main] INFO  http.HttpServer2 (HttpServer2.java:addGlobalFilter(975)) - Added global filter 'safety' (class=org.apache.hadoop.http.HttpServer2$QuotingInputFilter)
2019-11-15 07:11:01,718 [main] INFO  http.HttpServer2 (HttpServer2.java:addFilter(948)) - Added filter static_user_filter (class=org.apache.hadoop.http.lib.StaticUserWebFilter$StaticUserFilter) to context hddsDatanode
2019-11-15 07:11:01,718 [main] INFO  http.HttpServer2 (HttpServer2.java:addFilter(958)) - Added filter static_user_filter (class=org.apache.hadoop.http.lib.StaticUserWebFilter$StaticUserFilter) to context logs
2019-11-15 07:11:01,719 [main] INFO  http.HttpServer2 (HttpServer2.java:addFilter(958)) - Added filter static_user_filter (class=org.apache.hadoop.http.lib.StaticUserWebFilter$StaticUserFilter) to context static
2019-11-15 07:11:01,720 [main] INFO  http.HttpServer2 (HttpServer2.java:bindListener(1191)) - Jetty bound to port 34434
2019-11-15 07:11:01,720 [main] INFO  server.Server (Server.java:doStart(351)) - jetty-9.3.25.v20180904, build timestamp: 2018-09-04T21:11:46Z, git hash: 3ce520221d0240229c862b122d2b06c12a625732
2019-11-15 07:11:01,723 [main] INFO  handler.ContextHandler (ContextHandler.java:doStart(781)) - Started o.e.j.s.ServletContextHandler@26c47874{/logs,file:///workdir/hadoop-ozone/tools/target/log,AVAILABLE}
2019-11-15 07:11:01,724 [main] INFO  handler.ContextHandler (ContextHandler.java:doStart(781)) - Started o.e.j.s.ServletContextHandler@2849434b{/static,jar:file:/home/user/.m2/repository/org/apache/hadoop/hadoop-hdds-container-service/0.5.0-SNAPSHOT/hadoop-hdds-container-service-0.5.0-SNAPSHOT.jar!/webapps/static,AVAILABLE}
2019-11-15 07:11:01,773 [main] INFO  handler.ContextHandler (ContextHandler.java:doStart(781)) - Started o.e.j.w.WebAppContext@117525fe{/,file:///tmp/jetty-0.0.0.0-34434-hddsDatanode-_-any-3165745413796136282.dir/webapp/,AVAILABLE}{/hddsDatanode}
2019-11-15 07:11:01,774 [main] INFO  server.AbstractConnector (AbstractConnector.java:doStart(278)) - Started ServerConnector@5f7989fa{HTTP/1.1,[http/1.1]}{0.0.0.0:34434}
2019-11-15 07:11:01,775 [main] INFO  server.Server (Server.java:doStart(419)) - Started @5742ms
2019-11-15 07:11:01,775 [main] WARN  impl.MetricsSystemImpl (MetricsSystemImpl.java:register(276)) - Sink prometheus already exists!
2019-11-15 07:11:01,777 [main] INFO  server.BaseHttpServer (BaseHttpServer.java:updateConnectorAddress(215)) - HTTP server of HDDSDATANODE is listening at http://0.0.0.0:34434
2019-11-15 07:11:01,779 [main] INFO  ozone.MiniOzoneClusterImpl (MiniOzoneClusterImpl.java:lambda$waitForClusterToBeReady$2(171)) - Waiting for cluster to be ready. Got 0 of 3 DN Heartbeats.
2019-11-15 07:11:01,780 [org.apache.hadoop.util.JvmPauseMonitor$Monitor@2be61c46] INFO  util.JvmPauseMonitor (JvmPauseMonitor.java:run(188)) - Starting JVM pause monitor
2019-11-15 07:11:01,784 [Datanode State Machine Thread - 0] INFO  datanode.InitDatanodeState (InitDatanodeState.java:persistContainerDatanodeDetails(140)) - DatanodeDetails is persisted to /workdir/hadoop-ozone/tools/target/test-dir/MiniOzoneClusterImpl-51b9b0f2-17ac-4b5b-be5d-f7608296e48f/datanode-2/meta/datanode.id
2019-11-15 07:11:02,780 [main] INFO  ozone.MiniOzoneClusterImpl (MiniOzoneClusterImpl.java:lambda$waitForClusterToBeReady$2(171)) - Waiting for cluster to be ready. Got 0 of 3 DN Heartbeats.
2019-11-15 07:11:03,694 [Datanode State Machine Thread - 0] INFO  ozoneimpl.OzoneContainer (OzoneContainer.java:start(230)) - Attempting to start container services.
2019-11-15 07:11:03,697 [Datanode State Machine Thread - 0] INFO  ozoneimpl.OzoneContainer (OzoneContainer.java:startContainerScrub(194)) - Background container scanner has been disabled.
2019-11-15 07:11:03,698 [Datanode State Machine Thread - 0] INFO  ratis.XceiverServerRatis (XceiverServerRatis.java:start(421)) - Starting XceiverServerRatis a0d94a7e-dbf1-488b-af78-b2c5ada598db at port 0
2019-11-15 07:11:03,711 [Datanode State Machine Thread - 0] INFO  ozoneimpl.OzoneContainer (OzoneContainer.java:start(230)) - Attempting to start container services.
2019-11-15 07:11:03,718 [Datanode State Machine Thread - 0] INFO  ozoneimpl.OzoneContainer (OzoneContainer.java:startContainerScrub(194)) - Background container scanner has been disabled.
2019-11-15 07:11:03,718 [Datanode State Machine Thread - 0] INFO  ratis.XceiverServerRatis (XceiverServerRatis.java:start(421)) - Starting XceiverServerRatis 2d4d3ea5-9e05-49b1-81c4-17e643da7a24 at port 0
2019-11-15 07:11:03,725 [Datanode State Machine Thread - 0] INFO  impl.RaftServerProxy (RaftServerProxy.java:lambda$start$3(299)) - a0d94a7e-dbf1-488b-af78-b2c5ada598db: start RPC server
2019-11-15 07:11:03,733 [Datanode State Machine Thread - 0] INFO  impl.RaftServerProxy (RaftServerProxy.java:lambda$start$3(299)) - 2d4d3ea5-9e05-49b1-81c4-17e643da7a24: start RPC server
2019-11-15 07:11:03,782 [main] INFO  ozone.MiniOzoneClusterImpl (MiniOzoneClusterImpl.java:lambda$waitForClusterToBeReady$2(171)) - Waiting for cluster to be ready. Got 0 of 3 DN Heartbeats.
2019-11-15 07:11:03,812 [Datanode State Machine Thread - 0] INFO  ozoneimpl.OzoneContainer (OzoneContainer.java:start(230)) - Attempting to start container services.
2019-11-15 07:11:03,813 [Datanode State Machine Thread - 0] INFO  ozoneimpl.OzoneContainer (OzoneContainer.java:startContainerScrub(194)) - Background container scanner has been disabled.
2019-11-15 07:11:03,814 [Datanode State Machine Thread - 0] INFO  ratis.XceiverServerRatis (XceiverServerRatis.java:start(421)) - Starting XceiverServerRatis 2a42fb6f-b869-4110-a96a-9a2b8429a9bf at port 0
2019-11-15 07:11:03,829 [Datanode State Machine Thread - 0] INFO  impl.RaftServerProxy (RaftServerProxy.java:lambda$start$3(299)) - 2a42fb6f-b869-4110-a96a-9a2b8429a9bf: start RPC server
2019-11-15 07:11:03,857 [Datanode State Machine Thread - 0] INFO  server.GrpcService (GrpcService.java:startImpl(158)) - 2d4d3ea5-9e05-49b1-81c4-17e643da7a24: GrpcService started, listening on 0.0.0.0/0.0.0.0:45299
2019-11-15 07:11:03,857 [Datanode State Machine Thread - 0] INFO  server.GrpcService (GrpcService.java:startImpl(158)) - a0d94a7e-dbf1-488b-af78-b2c5ada598db: GrpcService started, listening on 0.0.0.0/0.0.0.0:46707
2019-11-15 07:11:03,859 [Datanode State Machine Thread - 0] INFO  server.GrpcService (GrpcService.java:startImpl(158)) - 2a42fb6f-b869-4110-a96a-9a2b8429a9bf: GrpcService started, listening on 0.0.0.0/0.0.0.0:33040
2019-11-15 07:11:03,860 [Datanode State Machine Thread - 0] INFO  ratis.XceiverServerRatis (XceiverServerRatis.java:start(431)) - XceiverServerRatis a0d94a7e-dbf1-488b-af78-b2c5ada598db is started using port 46707
2019-11-15 07:11:03,860 [Datanode State Machine Thread - 0] INFO  ratis.XceiverServerRatis (XceiverServerRatis.java:start(431)) - XceiverServerRatis 2d4d3ea5-9e05-49b1-81c4-17e643da7a24 is started using port 45299
2019-11-15 07:11:03,860 [Datanode State Machine Thread - 0] INFO  ratis.XceiverServerRatis (XceiverServerRatis.java:start(431)) - XceiverServerRatis 2a42fb6f-b869-4110-a96a-9a2b8429a9bf is started using port 33040
2019-11-15 07:11:03,866 [Datanode State Machine Thread - 0] INFO  server.XceiverServerGrpc (XceiverServerGrpc.java:start(145)) - XceiverServerGrpc 2a42fb6f-b869-4110-a96a-9a2b8429a9bf is started using port 44345
2019-11-15 07:11:03,866 [Datanode State Machine Thread - 0] INFO  server.XceiverServerGrpc (XceiverServerGrpc.java:start(145)) - XceiverServerGrpc a0d94a7e-dbf1-488b-af78-b2c5ada598db is started using port 38480
2019-11-15 07:11:03,866 [Datanode State Machine Thread - 0] INFO  server.XceiverServerGrpc (XceiverServerGrpc.java:start(145)) - XceiverServerGrpc 2d4d3ea5-9e05-49b1-81c4-17e643da7a24 is started using port 36644
2019-11-15 07:11:04,782 [main] INFO  ozone.MiniOzoneClusterImpl (MiniOzoneClusterImpl.java:lambda$waitForClusterToBeReady$2(171)) - Waiting for cluster to be ready. Got 0 of 3 DN Heartbeats.
2019-11-15 07:11:05,640 [IPC Server handler 19 on 36313] INFO  net.NetworkTopology (NetworkTopologyImpl.java:add(111)) - Added a new node: /default-rack/a0d94a7e-dbf1-488b-af78-b2c5ada598db
2019-11-15 07:11:05,641 [IPC Server handler 19 on 36313] INFO  node.SCMNodeManager (SCMNodeManager.java:register(267)) - Registered Data node : a0d94a7e-dbf1-488b-af78-b2c5ada598db{ip: 192.168.69.126, host: pr-hdds-2498-z4wj9-521903842, networkLocation: /default-rack, certSerialId: null}
2019-11-15 07:11:05,644 [EventQueue-NodeRegistrationContainerReportForDataNodeSafeModeRule] INFO  safemode.SCMSafeModeManager (DataNodeSafeModeRule.java:process(71)) - SCM in safe mode. 1 DataNodes registered, 1 required.
2019-11-15 07:11:05,645 [EventQueue-NodeRegistrationContainerReportForDataNodeSafeModeRule] INFO  safemode.SCMSafeModeManager (SCMSafeModeManager.java:validateSafeModeExitRules(177)) - ScmSafeModeManager, all rules are successfully validated
2019-11-15 07:11:05,645 [EventQueue-NodeRegistrationContainerReportForDataNodeSafeModeRule] INFO  safemode.SCMSafeModeManager (SCMSafeModeManager.java:exitSafeMode(193)) - SCM exiting safe mode.
2019-11-15 07:11:05,687 [IPC Server handler 16 on 36313] INFO  net.NetworkTopology (NetworkTopologyImpl.java:add(111)) - Added a new node: /default-rack/2d4d3ea5-9e05-49b1-81c4-17e643da7a24
2019-11-15 07:11:05,688 [IPC Server handler 16 on 36313] INFO  node.SCMNodeManager (SCMNodeManager.java:register(267)) - Registered Data node : 2d4d3ea5-9e05-49b1-81c4-17e643da7a24{ip: 192.168.69.126, host: pr-hdds-2498-z4wj9-521903842, networkLocation: /default-rack, certSerialId: null}
2019-11-15 07:11:05,786 [IPC Server handler 18 on 36313] INFO  net.NetworkTopology (NetworkTopologyImpl.java:add(111)) - Added a new node: /default-rack/2a42fb6f-b869-4110-a96a-9a2b8429a9bf
2019-11-15 07:11:05,787 [IPC Server handler 18 on 36313] INFO  node.SCMNodeManager (SCMNodeManager.java:register(267)) - Registered Data node : 2a42fb6f-b869-4110-a96a-9a2b8429a9bf{ip: 192.168.69.126, host: pr-hdds-2498-z4wj9-521903842, networkLocation: /default-rack, certSerialId: null}
2019-11-15 07:11:06,208 [grpc-default-executor-0] INFO  impl.RaftServerProxy (RaftServerProxy.java:addNew(89)) - a0d94a7e-dbf1-488b-af78-b2c5ada598db: addNew group-C2D15949182F:[a0d94a7e-dbf1-488b-af78-b2c5ada598db:192.168.69.126:46707] returns group-C2D15949182F:java.util.concurrent.CompletableFuture@1535d756[Not completed]
2019-11-15 07:11:06,229 [pool-27-thread-1] INFO  impl.RaftServerImpl (RaftServerImpl.java:<init>(98)) - a0d94a7e-dbf1-488b-af78-b2c5ada598db: new RaftServerImpl for group-C2D15949182F:[a0d94a7e-dbf1-488b-af78-b2c5ada598db:192.168.69.126:46707] with ContainerStateMachine:uninitialized
2019-11-15 07:11:06,232 [pool-27-thread-1] INFO  server.RaftServerConfigKeys (ConfUtils.java:logGet(43)) - raft.server.rpc.timeout.min = 5s (custom)
2019-11-15 07:11:06,233 [pool-27-thread-1] INFO  server.RaftServerConfigKeys (ConfUtils.java:logGet(43)) - raft.server.rpc.timeout.max = 5200ms (custom)
2019-11-15 07:11:06,234 [pool-27-thread-1] INFO  server.RaftServerConfigKeys (ConfUtils.java:logGet(43)) - raft.server.rpcslowness.timeout = 120s (custom)
2019-11-15 07:11:06,235 [pool-27-thread-1] INFO  server.RaftServerConfigKeys (ConfUtils.java:logGet(43)) - raft.server.sleep.deviation.threshold = 300 (default)
2019-11-15 07:11:06,237 [pool-27-thread-1] INFO  server.RaftServerConfigKeys (ConfUtils.java:logGet(43)) - raft.server.log.appender.install.snapshot.enabled = false (custom)
2019-11-15 07:11:06,246 [pool-27-thread-1] INFO  impl.RaftServerImpl (ServerState.java:<init>(103)) - a0d94a7e-dbf1-488b-af78-b2c5ada598db@group-C2D15949182F: ConfigurationManager, init=-1: [a0d94a7e-dbf1-488b-af78-b2c5ada598db:192.168.69.126:46707], old=null, confs=<EMPTY_MAP>
2019-11-15 07:11:06,246 [pool-27-thread-1] INFO  server.RaftServerConfigKeys (ConfUtils.java:logGet(43)) - raft.server.storage.dir = [/workdir/hadoop-ozone/tools/target/test-dir/MiniOzoneClusterImpl-51b9b0f2-17ac-4b5b-be5d-f7608296e48f/datanode-0/data/ratis] (custom)
2019-11-15 07:11:06,256 [pool-27-thread-1] INFO  server.RaftServerConfigKeys (ConfUtils.java:logGet(43)) - raft.server.log.corruption.policy = EXCEPTION (default)
2019-11-15 07:11:06,259 [pool-27-thread-1] INFO  storage.RaftStorageDirectory (RaftStorageDirectory.java:analyzeStorage(246)) - The storage directory /workdir/hadoop-ozone/tools/target/test-dir/MiniOzoneClusterImpl-51b9b0f2-17ac-4b5b-be5d-f7608296e48f/datanode-0/data/ratis/308deb6c-e374-4c1b-b384-c2d15949182f does not exist. Creating ...
2019-11-15 07:11:06,295 [pool-27-thread-1] INFO  storage.RaftStorageDirectory (RaftStorageDirectory.java:tryLock(328)) - Lock on /workdir/hadoop-ozone/tools/target/test-dir/MiniOzoneClusterImpl-51b9b0f2-17ac-4b5b-be5d-f7608296e48f/datanode-0/data/ratis/308deb6c-e374-4c1b-b384-c2d15949182f/in_use.lock acquired by nodename 7599@pr-hdds-2498-z4wj9-521903842
2019-11-15 07:11:06,321 [pool-27-thread-1] INFO  storage.RaftStorage (RaftStorage.java:format(84)) - Storage directory /workdir/hadoop-ozone/tools/target/test-dir/MiniOzoneClusterImpl-51b9b0f2-17ac-4b5b-be5d-f7608296e48f/datanode-0/data/ratis/308deb6c-e374-4c1b-b384-c2d15949182f has been successfully formatted.
2019-11-15 07:11:06,324 [pool-27-thread-1] INFO  ratis.ContainerStateMachine (ContainerStateMachine.java:loadSnapshot(223)) - group-C2D15949182F: The snapshot info is null. Setting the last applied indexto:(t:0, i:~)
2019-11-15 07:11:06,325 [pool-27-thread-1] INFO  server.RaftServerConfigKeys (ConfUtils.java:logGet(43)) - raft.server.notification.no-leader.timeout = 120s (custom)
2019-11-15 07:11:06,327 [pool-27-thread-1] INFO  server.RaftServerConfigKeys (ConfUtils.java:logGet(43)) - raft.server.log.use.memory = false (default)
2019-11-15 07:11:06,332 [pool-27-thread-1] INFO  server.RaftServerConfigKeys (ConfUtils.java:logGet(43)) - raft.server.log.purge.gap = 1000000 (custom)
2019-11-15 07:11:06,332 [pool-27-thread-1] INFO  server.RaftServerConfigKeys (ConfUtils.java:logGet(43)) - raft.server.log.appender.buffer.byte-limit = 33554432 (custom)
2019-11-15 07:11:06,334 [pool-27-thread-1] INFO  server.RaftServerConfigKeys (ConfUtils.java:logGet(43)) - raft.server.log.segment.size.max = 1048576 (custom)
2019-11-15 07:11:06,339 [pool-27-thread-1] INFO  metrics.MetricRegistries (MetricRegistriesLoader.java:load(64)) - Loaded MetricRegistries class org.apache.ratis.metrics.impl.MetricRegistriesImpl
2019-11-15 07:11:06,344 [pool-27-thread-1] WARN  impl.MetricRegistriesImpl (MetricRegistriesImpl.java:lambda$create$1(61)) - First MetricRegistry has been created without registering reporters. You may need to call MetricRegistries.global().addReportRegistration(...) before.
2019-11-15 07:11:06,353 [pool-27-thread-1] INFO  server.RaftServerConfigKeys (ConfUtils.java:logGet(43)) - raft.server.log.segment.cache.num.max = 2 (custom)
2019-11-15 07:11:06,361 [pool-27-thread-1] INFO  segmented.SegmentedRaftLogWorker (SegmentedRaftLogWorker.java:<init>(173)) - new a0d94a7e-dbf1-488b-af78-b2c5ada598db@group-C2D15949182F-SegmentedRaftLogWorker for RaftStorage:Storage Directory /workdir/hadoop-ozone/tools/target/test-dir/MiniOzoneClusterImpl-51b9b0f2-17ac-4b5b-be5d-f7608296e48f/datanode-0/data/ratis/308deb6c-e374-4c1b-b384-c2d15949182f
2019-11-15 07:11:06,362 [pool-27-thread-1] INFO  server.RaftServerConfigKeys (ConfUtils.java:logGet(43)) - raft.server.log.queue.byte-limit = 2147483647 (custom)
2019-11-15 07:11:06,362 [pool-27-thread-1] INFO  server.RaftServerConfigKeys (ConfUtils.java:logGet(43)) - raft.server.log.queue.element-limit = 1024 (custom)
2019-11-15 07:11:06,364 [pool-27-thread-1] INFO  server.RaftServerConfigKeys (ConfUtils.java:logGet(43)) - raft.server.log.segment.size.max = 1048576 (custom)
2019-11-15 07:11:06,365 [pool-27-thread-1] INFO  server.RaftServerConfigKeys (ConfUtils.java:logGet(43)) - raft.server.log.preallocated.size = 16384 (custom)
2019-11-15 07:11:06,365 [pool-27-thread-1] INFO  server.RaftServerConfigKeys (ConfUtils.java:logGet(43)) - raft.server.log.write.buffer.size = 33554432 (custom)
2019-11-15 07:11:06,366 [pool-27-thread-1] INFO  server.RaftServerConfigKeys (ConfUtils.java:logGet(43)) - raft.server.log.force.sync.num = 128 (default)
2019-11-15 07:11:06,367 [pool-27-thread-1] INFO  server.RaftServerConfigKeys (ConfUtils.java:logGet(43)) - raft.server.log.statemachine.data.sync = true (default)
2019-11-15 07:11:06,368 [pool-27-thread-1] INFO  server.RaftServerConfigKeys (ConfUtils.java:logGet(43)) - raft.server.log.statemachine.data.sync.timeout = 10s (default)
2019-11-15 07:11:06,368 [pool-27-thread-1] INFO  server.RaftServerConfigKeys (ConfUtils.java:logGet(43)) - raft.server.log.statemachine.data.sync.timeout.retry = -1 (default)
2019-11-15 07:11:06,384 [pool-27-thread-1] INFO  server.RaftServerConfigKeys (ConfUtils.java:logGet(43)) - raft.server.log.statemachine.data.caching.enabled = true (custom)
2019-11-15 07:11:06,389 [pool-27-thread-1] INFO  segmented.SegmentedRaftLogWorker (SegmentedRaftLogWorker.java:lambda$new$0(128)) - a0d94a7e-dbf1-488b-af78-b2c5ada598db@group-C2D15949182F-SegmentedRaftLogWorker: flushIndex: setUnconditionally 0 -> -1
2019-11-15 07:11:06,395 [pool-27-thread-1] INFO  server.RaftServerConfigKeys (ConfUtils.java:logGet(43)) - raft.server.snapshot.auto.trigger.enabled = true (custom)
2019-11-15 07:11:06,396 [pool-27-thread-1] INFO  server.RaftServerConfigKeys (ConfUtils.java:logGet(43)) - raft.server.snapshot.auto.trigger.threshold = 10000 (custom)
2019-11-15 07:11:06,396 [pool-27-thread-1] INFO  server.RaftServerConfigKeys (ConfUtils.java:logGet(43)) - raft.server.snapshot.retention.file.num = 5 (custom)
2019-11-15 07:11:06,397 [pool-27-thread-1] INFO  server.RaftServerConfigKeys (ConfUtils.java:logGet(43)) - raft.server.retrycache.expirytime = 600000ms (custom)
2019-11-15 07:11:06,418 [pool-27-thread-1] WARN  impl.MetricRegistriesImpl (MetricRegistriesImpl.java:lambda$create$1(61)) - First MetricRegistry has been created without registering reporters. You may need to call MetricRegistries.global().addReportRegistration(...) before.
2019-11-15 07:11:06,421 [pool-27-thread-1] WARN  impl.MetricRegistriesImpl (MetricRegistriesImpl.java:lambda$create$1(61)) - First MetricRegistry has been created without registering reporters. You may need to call MetricRegistries.global().addReportRegistration(...) before.
2019-11-15 07:11:06,423 [pool-27-thread-1] INFO  impl.RaftServerImpl (RaftServerImpl.java:start(184)) - a0d94a7e-dbf1-488b-af78-b2c5ada598db@group-C2D15949182F: start as a follower, conf=-1: [a0d94a7e-dbf1-488b-af78-b2c5ada598db:192.168.69.126:46707], old=null
2019-11-15 07:11:06,424 [pool-27-thread-1] INFO  impl.RaftServerImpl (RaftServerImpl.java:setRole(173)) - a0d94a7e-dbf1-488b-af78-b2c5ada598db@group-C2D15949182F: changes role from      null to FOLLOWER at term 0 for startAsFollower
2019-11-15 07:11:06,425 [pool-27-thread-1] INFO  impl.RoleInfo (RoleInfo.java:updateAndGet(143)) - a0d94a7e-dbf1-488b-af78-b2c5ada598db: start FollowerState
2019-11-15 07:11:06,427 [pool-27-thread-1] INFO  util.JmxRegister (JmxRegister.java:tryRegister(44)) - Successfully registered JMX Bean with object name Ratis:service=RaftServer,group=group-C2D15949182F,id=a0d94a7e-dbf1-488b-af78-b2c5ada598db
2019-11-15 07:11:06,429 [pool-27-thread-1] WARN  impl.MetricRegistriesImpl (MetricRegistriesImpl.java:lambda$create$1(61)) - First MetricRegistry has been created without registering reporters. You may need to call MetricRegistries.global().addReportRegistration(...) before.
2019-11-15 07:11:06,496 [RatisPipelineUtilsThread] INFO  pipeline.PipelineStateManager (PipelineStateManager.java:addPipeline(55)) - Created pipeline Pipeline[ Id: 308deb6c-e374-4c1b-b384-c2d15949182f, Nodes: a0d94a7e-dbf1-488b-af78-b2c5ada598db{ip: 192.168.69.126, host: pr-hdds-2498-z4wj9-521903842, networkLocation: /default-rack, certSerialId: null}, Type:RATIS, Factor:ONE, State:ALLOCATED]
2019-11-15 07:11:06,518 [grpc-default-executor-0] INFO  impl.RaftServerProxy (RaftServerProxy.java:addNew(89)) - 2d4d3ea5-9e05-49b1-81c4-17e643da7a24: addNew group-F9EAFB41869D:[2d4d3ea5-9e05-49b1-81c4-17e643da7a24:192.168.69.126:45299] returns group-F9EAFB41869D:java.util.concurrent.CompletableFuture@44c015dc[Not completed]
2019-11-15 07:11:06,552 [pool-37-thread-1] INFO  impl.RaftServerImpl (RaftServerImpl.java:<init>(98)) - 2d4d3ea5-9e05-49b1-81c4-17e643da7a24: new RaftServerImpl for group-F9EAFB41869D:[2d4d3ea5-9e05-49b1-81c4-17e643da7a24:192.168.69.126:45299] with ContainerStateMachine:uninitialized
2019-11-15 07:11:06,554 [pool-37-thread-1] INFO  server.RaftServerConfigKeys (ConfUtils.java:logGet(43)) - raft.server.rpc.timeout.min = 5s (custom)
2019-11-15 07:11:06,554 [pool-37-thread-1] INFO  server.RaftServerConfigKeys (ConfUtils.java:logGet(43)) - raft.server.rpc.timeout.max = 5200ms (custom)
2019-11-15 07:11:06,554 [pool-37-thread-1] INFO  server.RaftServerConfigKeys (ConfUtils.java:logGet(43)) - raft.server.rpcslowness.timeout = 120s (custom)
2019-11-15 07:11:06,554 [pool-37-thread-1] INFO  server.RaftServerConfigKeys (ConfUtils.java:logGet(43)) - raft.server.sleep.deviation.threshold = 300 (default)
2019-11-15 07:11:06,555 [pool-37-thread-1] INFO  server.RaftServerConfigKeys (ConfUtils.java:logGet(43)) - raft.server.log.appender.install.snapshot.enabled = false (custom)
2019-11-15 07:11:06,555 [pool-37-thread-1] INFO  impl.RaftServerImpl (ServerState.java:<init>(103)) - 2d4d3ea5-9e05-49b1-81c4-17e643da7a24@group-F9EAFB41869D: ConfigurationManager, init=-1: [2d4d3ea5-9e05-49b1-81c4-17e643da7a24:192.168.69.126:45299], old=null, confs=<EMPTY_MAP>
2019-11-15 07:11:06,555 [pool-37-thread-1] INFO  server.RaftServerConfigKeys (ConfUtils.java:logGet(43)) - raft.server.storage.dir = [/workdir/hadoop-ozone/tools/target/test-dir/MiniOzoneClusterImpl-51b9b0f2-17ac-4b5b-be5d-f7608296e48f/datanode-1/data/ratis] (custom)
2019-11-15 07:11:06,556 [pool-37-thread-1] INFO  server.RaftServerConfigKeys (ConfUtils.java:logGet(43)) - raft.server.log.corruption.policy = EXCEPTION (default)
2019-11-15 07:11:06,556 [pool-37-thread-1] INFO  storage.RaftStorageDirectory (RaftStorageDirectory.java:analyzeStorage(246)) - The storage directory /workdir/hadoop-ozone/tools/target/test-dir/MiniOzoneClusterImpl-51b9b0f2-17ac-4b5b-be5d-f7608296e48f/datanode-1/data/ratis/2044fb51-3355-4f47-9fb4-f9eafb41869d does not exist. Creating ...
2019-11-15 07:11:06,588 [pool-37-thread-1] INFO  storage.RaftStorageDirectory (RaftStorageDirectory.java:tryLock(328)) - Lock on /workdir/hadoop-ozone/tools/target/test-dir/MiniOzoneClusterImpl-51b9b0f2-17ac-4b5b-be5d-f7608296e48f/datanode-1/data/ratis/2044fb51-3355-4f47-9fb4-f9eafb41869d/in_use.lock acquired by nodename 7599@pr-hdds-2498-z4wj9-521903842
2019-11-15 07:11:06,603 [pool-37-thread-1] INFO  storage.RaftStorage (RaftStorage.java:format(84)) - Storage directory /workdir/hadoop-ozone/tools/target/test-dir/MiniOzoneClusterImpl-51b9b0f2-17ac-4b5b-be5d-f7608296e48f/datanode-1/data/ratis/2044fb51-3355-4f47-9fb4-f9eafb41869d has been successfully formatted.
2019-11-15 07:11:06,604 [pool-37-thread-1] INFO  ratis.ContainerStateMachine (ContainerStateMachine.java:loadSnapshot(223)) - group-F9EAFB41869D: The snapshot info is null. Setting the last applied indexto:(t:0, i:~)
2019-11-15 07:11:06,605 [pool-37-thread-1] INFO  server.RaftServerConfigKeys (ConfUtils.java:logGet(43)) - raft.server.notification.no-leader.timeout = 120s (custom)
2019-11-15 07:11:06,605 [pool-37-thread-1] INFO  server.RaftServerConfigKeys (ConfUtils.java:logGet(43)) - raft.server.log.use.memory = false (default)
2019-11-15 07:11:06,606 [pool-37-thread-1] INFO  server.RaftServerConfigKeys (ConfUtils.java:logGet(43)) - raft.server.log.purge.gap = 1000000 (custom)
2019-11-15 07:11:06,606 [pool-37-thread-1] INFO  server.RaftServerConfigKeys (ConfUtils.java:logGet(43)) - raft.server.log.appender.buffer.byte-limit = 33554432 (custom)
2019-11-15 07:11:06,606 [pool-37-thread-1] INFO  server.RaftServerConfigKeys (ConfUtils.java:logGet(43)) - raft.server.log.segment.size.max = 1048576 (custom)
2019-11-15 07:11:06,606 [pool-37-thread-1] WARN  impl.MetricRegistriesImpl (MetricRegistriesImpl.java:lambda$create$1(61)) - First MetricRegistry has been created without registering reporters. You may need to call MetricRegistries.global().addReportRegistration(...) before.
2019-11-15 07:11:06,607 [pool-37-thread-1] INFO  server.RaftServerConfigKeys (ConfUtils.java:logGet(43)) - raft.server.log.segment.cache.num.max = 2 (custom)
2019-11-15 07:11:06,607 [pool-37-thread-1] INFO  segmented.SegmentedRaftLogWorker (SegmentedRaftLogWorker.java:<init>(173)) - new 2d4d3ea5-9e05-49b1-81c4-17e643da7a24@group-F9EAFB41869D-SegmentedRaftLogWorker for RaftStorage:Storage Directory /workdir/hadoop-ozone/tools/target/test-dir/MiniOzoneClusterImpl-51b9b0f2-17ac-4b5b-be5d-f7608296e48f/datanode-1/data/ratis/2044fb51-3355-4f47-9fb4-f9eafb41869d
2019-11-15 07:11:06,608 [pool-37-thread-1] INFO  server.RaftServerConfigKeys (ConfUtils.java:logGet(43)) - raft.server.log.queue.byte-limit = 2147483647 (custom)
2019-11-15 07:11:06,608 [pool-37-thread-1] INFO  server.RaftServerConfigKeys (ConfUtils.java:logGet(43)) - raft.server.log.queue.element-limit = 1024 (custom)
2019-11-15 07:11:06,608 [pool-37-thread-1] INFO  server.RaftServerConfigKeys (ConfUtils.java:logGet(43)) - raft.server.log.segment.size.max = 1048576 (custom)
2019-11-15 07:11:06,608 [pool-37-thread-1] INFO  server.RaftServerConfigKeys (ConfUtils.java:logGet(43)) - raft.server.log.preallocated.size = 16384 (custom)
2019-11-15 07:11:06,609 [pool-37-thread-1] INFO  server.RaftServerConfigKeys (ConfUtils.java:logGet(43)) - raft.server.log.write.buffer.size = 33554432 (custom)
2019-11-15 07:11:06,609 [pool-37-thread-1] INFO  server.RaftServerConfigKeys (ConfUtils.java:logGet(43)) - raft.server.log.force.sync.num = 128 (default)
2019-11-15 07:11:06,609 [pool-37-thread-1] INFO  server.RaftServerConfigKeys (ConfUtils.java:logGet(43)) - raft.server.log.statemachine.data.sync = true (default)
2019-11-15 07:11:06,609 [pool-37-thread-1] INFO  server.RaftServerConfigKeys (ConfUtils.java:logGet(43)) - raft.server.log.statemachine.data.sync.timeout = 10s (default)
2019-11-15 07:11:06,610 [pool-37-thread-1] INFO  server.RaftServerConfigKeys (ConfUtils.java:logGet(43)) - raft.server.log.statemachine.data.sync.timeout.retry = -1 (default)
2019-11-15 07:11:06,610 [pool-37-thread-1] INFO  server.RaftServerConfigKeys (ConfUtils.java:logGet(43)) - raft.server.log.statemachine.data.caching.enabled = true (custom)
2019-11-15 07:11:06,611 [pool-37-thread-1] INFO  segmented.SegmentedRaftLogWorker (SegmentedRaftLogWorker.java:lambda$new$0(128)) - 2d4d3ea5-9e05-49b1-81c4-17e643da7a24@group-F9EAFB41869D-SegmentedRaftLogWorker: flushIndex: setUnconditionally 0 -> -1
2019-11-15 07:11:06,611 [pool-37-thread-1] INFO  server.RaftServerConfigKeys (ConfUtils.java:logGet(43)) - raft.server.snapshot.auto.trigger.enabled = true (custom)
2019-11-15 07:11:06,611 [pool-37-thread-1] INFO  server.RaftServerConfigKeys (ConfUtils.java:logGet(43)) - raft.server.snapshot.auto.trigger.threshold = 10000 (custom)
2019-11-15 07:11:06,612 [pool-37-thread-1] INFO  server.RaftServerConfigKeys (ConfUtils.java:logGet(43)) - raft.server.snapshot.retention.file.num = 5 (custom)
2019-11-15 07:11:06,612 [pool-37-thread-1] INFO  server.RaftServerConfigKeys (ConfUtils.java:logGet(43)) - raft.server.retrycache.expirytime = 600000ms (custom)
2019-11-15 07:11:06,612 [pool-37-thread-1] WARN  impl.MetricRegistriesImpl (MetricRegistriesImpl.java:lambda$create$1(61)) - First MetricRegistry has been created without registering reporters. You may need to call MetricRegistries.global().addReportRegistration(...) before.
2019-11-15 07:11:06,612 [pool-37-thread-1] WARN  impl.MetricRegistriesImpl (MetricRegistriesImpl.java:lambda$create$1(61)) - First MetricRegistry has been created without registering reporters. You may need to call MetricRegistries.global().addReportRegistration(...) before.
2019-11-15 07:11:06,613 [pool-37-thread-1] INFO  impl.RaftServerImpl (RaftServerImpl.java:start(184)) - 2d4d3ea5-9e05-49b1-81c4-17e643da7a24@group-F9EAFB41869D: start as a follower, conf=-1: [2d4d3ea5-9e05-49b1-81c4-17e643da7a24:192.168.69.126:45299], old=null
2019-11-15 07:11:06,613 [pool-37-thread-1] INFO  impl.RaftServerImpl (RaftServerImpl.java:setRole(173)) - 2d4d3ea5-9e05-49b1-81c4-17e643da7a24@group-F9EAFB41869D: changes role from      null to FOLLOWER at term 0 for startAsFollower
2019-11-15 07:11:06,613 [pool-37-thread-1] INFO  impl.RoleInfo (RoleInfo.java:updateAndGet(143)) - 2d4d3ea5-9e05-49b1-81c4-17e643da7a24: start FollowerState
2019-11-15 07:11:06,614 [pool-37-thread-1] INFO  util.JmxRegister (JmxRegister.java:tryRegister(44)) - Successfully registered JMX Bean with object name Ratis:service=RaftServer,group=group-F9EAFB41869D,id=2d4d3ea5-9e05-49b1-81c4-17e643da7a24
2019-11-15 07:11:06,615 [pool-37-thread-1] WARN  impl.MetricRegistriesImpl (MetricRegistriesImpl.java:lambda$create$1(61)) - First MetricRegistry has been created without registering reporters. You may need to call MetricRegistries.global().addReportRegistration(...) before.
2019-11-15 07:11:06,625 [RatisPipelineUtilsThread] INFO  pipeline.PipelineStateManager (PipelineStateManager.java:addPipeline(55)) - Created pipeline Pipeline[ Id: 2044fb51-3355-4f47-9fb4-f9eafb41869d, Nodes: 2d4d3ea5-9e05-49b1-81c4-17e643da7a24{ip: 192.168.69.126, host: pr-hdds-2498-z4wj9-521903842, networkLocation: /default-rack, certSerialId: null}, Type:RATIS, Factor:ONE, State:ALLOCATED]
2019-11-15 07:11:06,642 [grpc-default-executor-0] INFO  impl.RaftServerProxy (RaftServerProxy.java:addNew(89)) - 2a42fb6f-b869-4110-a96a-9a2b8429a9bf: addNew group-1783CB309E3A:[2a42fb6f-b869-4110-a96a-9a2b8429a9bf:192.168.69.126:33040] returns group-1783CB309E3A:java.util.concurrent.CompletableFuture@352ae606[Not completed]
2019-11-15 07:11:06,659 [pool-47-thread-1] INFO  impl.RaftServerImpl (RaftServerImpl.java:<init>(98)) - 2a42fb6f-b869-4110-a96a-9a2b8429a9bf: new RaftServerImpl for group-1783CB309E3A:[2a42fb6f-b869-4110-a96a-9a2b8429a9bf:192.168.69.126:33040] with ContainerStateMachine:uninitialized
2019-11-15 07:11:06,660 [pool-47-thread-1] INFO  server.RaftServerConfigKeys (ConfUtils.java:logGet(43)) - raft.server.rpc.timeout.min = 5s (custom)
2019-11-15 07:11:06,660 [pool-47-thread-1] INFO  server.RaftServerConfigKeys (ConfUtils.java:logGet(43)) - raft.server.rpc.timeout.max = 5200ms (custom)
2019-11-15 07:11:06,660 [pool-47-thread-1] INFO  server.RaftServerConfigKeys (ConfUtils.java:logGet(43)) - raft.server.rpcslowness.timeout = 120s (custom)
2019-11-15 07:11:06,660 [pool-47-thread-1] INFO  server.RaftServerConfigKeys (ConfUtils.java:logGet(43)) - raft.server.sleep.deviation.threshold = 300 (default)
2019-11-15 07:11:06,660 [pool-47-thread-1] INFO  server.RaftServerConfigKeys (ConfUtils.java:logGet(43)) - raft.server.log.appender.install.snapshot.enabled = false (custom)
2019-11-15 07:11:06,661 [pool-47-thread-1] INFO  impl.RaftServerImpl (ServerState.java:<init>(103)) - 2a42fb6f-b869-4110-a96a-9a2b8429a9bf@group-1783CB309E3A: ConfigurationManager, init=-1: [2a42fb6f-b869-4110-a96a-9a2b8429a9bf:192.168.69.126:33040], old=null, confs=<EMPTY_MAP>
2019-11-15 07:11:06,661 [pool-47-thread-1] INFO  server.RaftServerConfigKeys (ConfUtils.java:logGet(43)) - raft.server.storage.dir = [/workdir/hadoop-ozone/tools/target/test-dir/MiniOzoneClusterImpl-51b9b0f2-17ac-4b5b-be5d-f7608296e48f/datanode-2/data/ratis] (custom)
2019-11-15 07:11:06,661 [pool-47-thread-1] INFO  server.RaftServerConfigKeys (ConfUtils.java:logGet(43)) - raft.server.log.corruption.policy = EXCEPTION (default)
2019-11-15 07:11:06,662 [pool-47-thread-1] INFO  storage.RaftStorageDirectory (RaftStorageDirectory.java:analyzeStorage(246)) - The storage directory /workdir/hadoop-ozone/tools/target/test-dir/MiniOzoneClusterImpl-51b9b0f2-17ac-4b5b-be5d-f7608296e48f/datanode-2/data/ratis/a6d598f5-d54c-4df5-98b1-1783cb309e3a does not exist. Creating ...
2019-11-15 07:11:06,685 [pool-47-thread-1] INFO  storage.RaftStorageDirectory (RaftStorageDirectory.java:tryLock(328)) - Lock on /workdir/hadoop-ozone/tools/target/test-dir/MiniOzoneClusterImpl-51b9b0f2-17ac-4b5b-be5d-f7608296e48f/datanode-2/data/ratis/a6d598f5-d54c-4df5-98b1-1783cb309e3a/in_use.lock acquired by nodename 7599@pr-hdds-2498-z4wj9-521903842
2019-11-15 07:11:06,709 [pool-47-thread-1] INFO  storage.RaftStorage (RaftStorage.java:format(84)) - Storage directory /workdir/hadoop-ozone/tools/target/test-dir/MiniOzoneClusterImpl-51b9b0f2-17ac-4b5b-be5d-f7608296e48f/datanode-2/data/ratis/a6d598f5-d54c-4df5-98b1-1783cb309e3a has been successfully formatted.
2019-11-15 07:11:06,709 [pool-47-thread-1] INFO  ratis.ContainerStateMachine (ContainerStateMachine.java:loadSnapshot(223)) - group-1783CB309E3A: The snapshot info is null. Setting the last applied indexto:(t:0, i:~)
2019-11-15 07:11:06,709 [pool-47-thread-1] INFO  server.RaftServerConfigKeys (ConfUtils.java:logGet(43)) - raft.server.notification.no-leader.timeout = 120s (custom)
2019-11-15 07:11:06,710 [pool-47-thread-1] INFO  server.RaftServerConfigKeys (ConfUtils.java:logGet(43)) - raft.server.log.use.memory = false (default)
2019-11-15 07:11:06,710 [pool-47-thread-1] INFO  server.RaftServerConfigKeys (ConfUtils.java:logGet(43)) - raft.server.log.purge.gap = 1000000 (custom)
2019-11-15 07:11:06,710 [pool-47-thread-1] INFO  server.RaftServerConfigKeys (ConfUtils.java:logGet(43)) - raft.server.log.appender.buffer.byte-limit = 33554432 (custom)
2019-11-15 07:11:06,710 [pool-47-thread-1] INFO  server.RaftServerConfigKeys (ConfUtils.java:logGet(43)) - raft.server.log.segment.size.max = 1048576 (custom)
2019-11-15 07:11:06,710 [pool-47-thread-1] WARN  impl.MetricRegistriesImpl (MetricRegistriesImpl.java:lambda$create$1(61)) - First MetricRegistry has been created without registering reporters. You may need to call MetricRegistries.global().addReportRegistration(...) before.
2019-11-15 07:11:06,711 [pool-47-thread-1] INFO  server.RaftServerConfigKeys (ConfUtils.java:logGet(43)) - raft.server.log.segment.cache.num.max = 2 (custom)
2019-11-15 07:11:06,711 [pool-47-thread-1] INFO  segmented.SegmentedRaftLogWorker (SegmentedRaftLogWorker.java:<init>(173)) - new 2a42fb6f-b869-4110-a96a-9a2b8429a9bf@group-1783CB309E3A-SegmentedRaftLogWorker for RaftStorage:Storage Directory /workdir/hadoop-ozone/tools/target/test-dir/MiniOzoneClusterImpl-51b9b0f2-17ac-4b5b-be5d-f7608296e48f/datanode-2/data/ratis/a6d598f5-d54c-4df5-98b1-1783cb309e3a
2019-11-15 07:11:06,711 [pool-47-thread-1] INFO  server.RaftServerConfigKeys (ConfUtils.java:logGet(43)) - raft.server.log.queue.byte-limit = 2147483647 (custom)
2019-11-15 07:11:06,711 [pool-47-thread-1] INFO  server.RaftServerConfigKeys (ConfUtils.java:logGet(43)) - raft.server.log.queue.element-limit = 1024 (custom)
2019-11-15 07:11:06,711 [pool-47-thread-1] INFO  server.RaftServerConfigKeys (ConfUtils.java:logGet(43)) - raft.server.log.segment.size.max = 1048576 (custom)
2019-11-15 07:11:06,711 [pool-47-thread-1] INFO  server.RaftServerConfigKeys (ConfUtils.java:logGet(43)) - raft.server.log.preallocated.size = 16384 (custom)
2019-11-15 07:11:06,712 [pool-47-thread-1] INFO  server.RaftServerConfigKeys (ConfUtils.java:logGet(43)) - raft.server.log.write.buffer.size = 33554432 (custom)
2019-11-15 07:11:06,712 [pool-47-thread-1] INFO  server.RaftServerConfigKeys (ConfUtils.java:logGet(43)) - raft.server.log.force.sync.num = 128 (default)
2019-11-15 07:11:06,712 [pool-47-thread-1] INFO  server.RaftServerConfigKeys (ConfUtils.java:logGet(43)) - raft.server.log.statemachine.data.sync = true (default)
2019-11-15 07:11:06,712 [pool-47-thread-1] INFO  server.RaftServerConfigKeys (ConfUtils.java:logGet(43)) - raft.server.log.statemachine.data.sync.timeout = 10s (default)
2019-11-15 07:11:06,712 [pool-47-thread-1] INFO  server.RaftServerConfigKeys (ConfUtils.java:logGet(43)) - raft.server.log.statemachine.data.sync.timeout.retry = -1 (default)
2019-11-15 07:11:06,713 [pool-47-thread-1] INFO  server.RaftServerConfigKeys (ConfUtils.java:logGet(43)) - raft.server.log.statemachine.data.caching.enabled = true (custom)
2019-11-15 07:11:06,713 [pool-47-thread-1] INFO  segmented.SegmentedRaftLogWorker (SegmentedRaftLogWorker.java:lambda$new$0(128)) - 2a42fb6f-b869-4110-a96a-9a2b8429a9bf@group-1783CB309E3A-SegmentedRaftLogWorker: flushIndex: setUnconditionally 0 -> -1
2019-11-15 07:11:06,713 [pool-47-thread-1] INFO  server.RaftServerConfigKeys (ConfUtils.java:logGet(43)) - raft.server.snapshot.auto.trigger.enabled = true (custom)
2019-11-15 07:11:06,714 [pool-47-thread-1] INFO  server.RaftServerConfigKeys (ConfUtils.java:logGet(43)) - raft.server.snapshot.auto.trigger.threshold = 10000 (custom)
2019-11-15 07:11:06,714 [pool-47-thread-1] INFO  server.RaftServerConfigKeys (ConfUtils.java:logGet(43)) - raft.server.snapshot.retention.file.num = 5 (custom)
2019-11-15 07:11:06,714 [pool-47-thread-1] INFO  server.RaftServerConfigKeys (ConfUtils.java:logGet(43)) - raft.server.retrycache.expirytime = 600000ms (custom)
2019-11-15 07:11:06,714 [pool-47-thread-1] WARN  impl.MetricRegistriesImpl (MetricRegistriesImpl.java:lambda$create$1(61)) - First MetricRegistry has been created without registering reporters. You may need to call MetricRegistries.global().addReportRegistration(...) before.
2019-11-15 07:11:06,714 [pool-47-thread-1] WARN  impl.MetricRegistriesImpl (MetricRegistriesImpl.java:lambda$create$1(61)) - First MetricRegistry has been created without registering reporters. You may need to call MetricRegistries.global().addReportRegistration(...) before.
2019-11-15 07:11:06,715 [pool-47-thread-1] INFO  impl.RaftServerImpl (RaftServerImpl.java:start(184)) - 2a42fb6f-b869-4110-a96a-9a2b8429a9bf@group-1783CB309E3A: start as a follower, conf=-1: [2a42fb6f-b869-4110-a96a-9a2b8429a9bf:192.168.69.126:33040], old=null
2019-11-15 07:11:06,715 [pool-47-thread-1] INFO  impl.RaftServerImpl (RaftServerImpl.java:setRole(173)) - 2a42fb6f-b869-4110-a96a-9a2b8429a9bf@group-1783CB309E3A: changes role from      null to FOLLOWER at term 0 for startAsFollower
2019-11-15 07:11:06,715 [pool-47-thread-1] INFO  impl.RoleInfo (RoleInfo.java:updateAndGet(143)) - 2a42fb6f-b869-4110-a96a-9a2b8429a9bf: start FollowerState
2019-11-15 07:11:06,716 [pool-47-thread-1] INFO  util.JmxRegister (JmxRegister.java:tryRegister(44)) - Successfully registered JMX Bean with object name Ratis:service=RaftServer,group=group-1783CB309E3A,id=2a42fb6f-b869-4110-a96a-9a2b8429a9bf
2019-11-15 07:11:06,716 [pool-47-thread-1] WARN  impl.MetricRegistriesImpl (MetricRegistriesImpl.java:lambda$create$1(61)) - First MetricRegistry has been created without registering reporters. You may need to call MetricRegistries.global().addReportRegistration(...) before.
2019-11-15 07:11:06,726 [RatisPipelineUtilsThread] INFO  pipeline.PipelineStateManager (PipelineStateManager.java:addPipeline(55)) - Created pipeline Pipeline[ Id: a6d598f5-d54c-4df5-98b1-1783cb309e3a, Nodes: 2a42fb6f-b869-4110-a96a-9a2b8429a9bf{ip: 192.168.69.126, host: pr-hdds-2498-z4wj9-521903842, networkLocation: /default-rack, certSerialId: null}, Type:RATIS, Factor:ONE, State:ALLOCATED]
2019-11-15 07:11:06,753 [grpc-default-executor-2] INFO  impl.RaftServerProxy (RaftServerProxy.java:addNew(89)) - a0d94a7e-dbf1-488b-af78-b2c5ada598db: addNew group-2792791D3CFA:[2a42fb6f-b869-4110-a96a-9a2b8429a9bf:192.168.69.126:33040, a0d94a7e-dbf1-488b-af78-b2c5ada598db:192.168.69.126:46707, 2d4d3ea5-9e05-49b1-81c4-17e643da7a24:192.168.69.126:45299] returns group-2792791D3CFA:java.util.concurrent.CompletableFuture@560e8175[Not completed]
2019-11-15 07:11:06,754 [grpc-default-executor-1] INFO  impl.RaftServerProxy (RaftServerProxy.java:addNew(89)) - 2a42fb6f-b869-4110-a96a-9a2b8429a9bf: addNew group-2792791D3CFA:[2a42fb6f-b869-4110-a96a-9a2b8429a9bf:192.168.69.126:33040, a0d94a7e-dbf1-488b-af78-b2c5ada598db:192.168.69.126:46707, 2d4d3ea5-9e05-49b1-81c4-17e643da7a24:192.168.69.126:45299] returns group-2792791D3CFA:java.util.concurrent.CompletableFuture@7755c066[Not completed]
2019-11-15 07:11:06,757 [pool-27-thread-1] INFO  impl.RaftServerImpl (RaftServerImpl.java:<init>(98)) - a0d94a7e-dbf1-488b-af78-b2c5ada598db: new RaftServerImpl for group-2792791D3CFA:[2a42fb6f-b869-4110-a96a-9a2b8429a9bf:192.168.69.126:33040, a0d94a7e-dbf1-488b-af78-b2c5ada598db:192.168.69.126:46707, 2d4d3ea5-9e05-49b1-81c4-17e643da7a24:192.168.69.126:45299] with ContainerStateMachine:uninitialized
2019-11-15 07:11:06,757 [pool-27-thread-1] INFO  server.RaftServerConfigKeys (ConfUtils.java:logGet(43)) - raft.server.rpc.timeout.min = 5s (custom)
2019-11-15 07:11:06,757 [pool-27-thread-1] INFO  server.RaftServerConfigKeys (ConfUtils.java:logGet(43)) - raft.server.rpc.timeout.max = 5200ms (custom)
2019-11-15 07:11:06,757 [pool-27-thread-1] INFO  server.RaftServerConfigKeys (ConfUtils.java:logGet(43)) - raft.server.rpcslowness.timeout = 120s (custom)
2019-11-15 07:11:06,757 [pool-27-thread-1] INFO  server.RaftServerConfigKeys (ConfUtils.java:logGet(43)) - raft.server.sleep.deviation.threshold = 300 (default)
2019-11-15 07:11:06,758 [pool-27-thread-1] INFO  server.RaftServerConfigKeys (ConfUtils.java:logGet(43)) - raft.server.log.appender.install.snapshot.enabled = false (custom)
2019-11-15 07:11:06,758 [pool-27-thread-1] INFO  impl.RaftServerImpl (ServerState.java:<init>(103)) - a0d94a7e-dbf1-488b-af78-b2c5ada598db@group-2792791D3CFA: ConfigurationManager, init=-1: [2a42fb6f-b869-4110-a96a-9a2b8429a9bf:192.168.69.126:33040, a0d94a7e-dbf1-488b-af78-b2c5ada598db:192.168.69.126:46707, 2d4d3ea5-9e05-49b1-81c4-17e643da7a24:192.168.69.126:45299], old=null, confs=<EMPTY_MAP>
2019-11-15 07:11:06,759 [pool-27-thread-1] INFO  server.RaftServerConfigKeys (ConfUtils.java:logGet(43)) - raft.server.storage.dir = [/workdir/hadoop-ozone/tools/target/test-dir/MiniOzoneClusterImpl-51b9b0f2-17ac-4b5b-be5d-f7608296e48f/datanode-0/data/ratis] (custom)
2019-11-15 07:11:06,759 [pool-47-thread-1] INFO  impl.RaftServerImpl (RaftServerImpl.java:<init>(98)) - 2a42fb6f-b869-4110-a96a-9a2b8429a9bf: new RaftServerImpl for group-2792791D3CFA:[2a42fb6f-b869-4110-a96a-9a2b8429a9bf:192.168.69.126:33040, a0d94a7e-dbf1-488b-af78-b2c5ada598db:192.168.69.126:46707, 2d4d3ea5-9e05-49b1-81c4-17e643da7a24:192.168.69.126:45299] with ContainerStateMachine:uninitialized
2019-11-15 07:11:06,759 [grpc-default-executor-1] INFO  impl.RaftServerProxy (RaftServerProxy.java:addNew(89)) - 2d4d3ea5-9e05-49b1-81c4-17e643da7a24: addNew group-2792791D3CFA:[2a42fb6f-b869-4110-a96a-9a2b8429a9bf:192.168.69.126:33040, a0d94a7e-dbf1-488b-af78-b2c5ada598db:192.168.69.126:46707, 2d4d3ea5-9e05-49b1-81c4-17e643da7a24:192.168.69.126:45299] returns group-2792791D3CFA:java.util.concurrent.CompletableFuture@325740e8[Not completed]
2019-11-15 07:11:06,759 [pool-27-thread-1] INFO  server.RaftServerConfigKeys (ConfUtils.java:logGet(43)) - raft.server.log.corruption.policy = EXCEPTION (default)
2019-11-15 07:11:06,759 [pool-47-thread-1] INFO  server.RaftServerConfigKeys (ConfUtils.java:logGet(43)) - raft.server.rpc.timeout.min = 5s (custom)
2019-11-15 07:11:06,759 [pool-27-thread-1] INFO  storage.RaftStorageDirectory (RaftStorageDirectory.java:analyzeStorage(246)) - The storage directory /workdir/hadoop-ozone/tools/target/test-dir/MiniOzoneClusterImpl-51b9b0f2-17ac-4b5b-be5d-f7608296e48f/datanode-0/data/ratis/fa28f3a9-b7b5-4568-9d11-2792791d3cfa does not exist. Creating ...
2019-11-15 07:11:06,760 [pool-47-thread-1] INFO  server.RaftServerConfigKeys (ConfUtils.java:logGet(43)) - raft.server.rpc.timeout.max = 5200ms (custom)
2019-11-15 07:11:06,760 [pool-47-thread-1] INFO  server.RaftServerConfigKeys (ConfUtils.java:logGet(43)) - raft.server.rpcslowness.timeout = 120s (custom)
2019-11-15 07:11:06,760 [pool-47-thread-1] INFO  server.RaftServerConfigKeys (ConfUtils.java:logGet(43)) - raft.server.sleep.deviation.threshold = 300 (default)
2019-11-15 07:11:06,760 [pool-47-thread-1] INFO  server.RaftServerConfigKeys (ConfUtils.java:logGet(43)) - raft.server.log.appender.install.snapshot.enabled = false (custom)
2019-11-15 07:11:06,760 [pool-47-thread-1] INFO  impl.RaftServerImpl (ServerState.java:<init>(103)) - 2a42fb6f-b869-4110-a96a-9a2b8429a9bf@group-2792791D3CFA: ConfigurationManager, init=-1: [2a42fb6f-b869-4110-a96a-9a2b8429a9bf:192.168.69.126:33040, a0d94a7e-dbf1-488b-af78-b2c5ada598db:192.168.69.126:46707, 2d4d3ea5-9e05-49b1-81c4-17e643da7a24:192.168.69.126:45299], old=null, confs=<EMPTY_MAP>
2019-11-15 07:11:06,760 [pool-47-thread-1] INFO  server.RaftServerConfigKeys (ConfUtils.java:logGet(43)) - raft.server.storage.dir = [/workdir/hadoop-ozone/tools/target/test-dir/MiniOzoneClusterImpl-51b9b0f2-17ac-4b5b-be5d-f7608296e48f/datanode-2/data/ratis] (custom)
2019-11-15 07:11:06,761 [pool-47-thread-1] INFO  server.RaftServerConfigKeys (ConfUtils.java:logGet(43)) - raft.server.log.corruption.policy = EXCEPTION (default)
2019-11-15 07:11:06,761 [pool-37-thread-1] INFO  impl.RaftServerImpl (RaftServerImpl.java:<init>(98)) - 2d4d3ea5-9e05-49b1-81c4-17e643da7a24: new RaftServerImpl for group-2792791D3CFA:[2a42fb6f-b869-4110-a96a-9a2b8429a9bf:192.168.69.126:33040, a0d94a7e-dbf1-488b-af78-b2c5ada598db:192.168.69.126:46707, 2d4d3ea5-9e05-49b1-81c4-17e643da7a24:192.168.69.126:45299] with ContainerStateMachine:uninitialized
2019-11-15 07:11:06,761 [pool-47-thread-1] INFO  storage.RaftStorageDirectory (RaftStorageDirectory.java:analyzeStorage(246)) - The storage directory /workdir/hadoop-ozone/tools/target/test-dir/MiniOzoneClusterImpl-51b9b0f2-17ac-4b5b-be5d-f7608296e48f/datanode-2/data/ratis/fa28f3a9-b7b5-4568-9d11-2792791d3cfa does not exist. Creating ...
2019-11-15 07:11:06,761 [pool-37-thread-1] INFO  server.RaftServerConfigKeys (ConfUtils.java:logGet(43)) - raft.server.rpc.timeout.min = 5s (custom)
2019-11-15 07:11:06,761 [pool-37-thread-1] INFO  server.RaftServerConfigKeys (ConfUtils.java:logGet(43)) - raft.server.rpc.timeout.max = 5200ms (custom)
2019-11-15 07:11:06,762 [pool-37-thread-1] INFO  server.RaftServerConfigKeys (ConfUtils.java:logGet(43)) - raft.server.rpcslowness.timeout = 120s (custom)
2019-11-15 07:11:06,762 [pool-37-thread-1] INFO  server.RaftServerConfigKeys (ConfUtils.java:logGet(43)) - raft.server.sleep.deviation.threshold = 300 (default)
2019-11-15 07:11:06,762 [pool-37-thread-1] INFO  server.RaftServerConfigKeys (ConfUtils.java:logGet(43)) - raft.server.log.appender.install.snapshot.enabled = false (custom)
2019-11-15 07:11:06,762 [pool-37-thread-1] INFO  impl.RaftServerImpl (ServerState.java:<init>(103)) - 2d4d3ea5-9e05-49b1-81c4-17e643da7a24@group-2792791D3CFA: ConfigurationManager, init=-1: [2a42fb6f-b869-4110-a96a-9a2b8429a9bf:192.168.69.126:33040, a0d94a7e-dbf1-488b-af78-b2c5ada598db:192.168.69.126:46707, 2d4d3ea5-9e05-49b1-81c4-17e643da7a24:192.168.69.126:45299], old=null, confs=<EMPTY_MAP>
2019-11-15 07:11:06,762 [pool-37-thread-1] INFO  server.RaftServerConfigKeys (ConfUtils.java:logGet(43)) - raft.server.storage.dir = [/workdir/hadoop-ozone/tools/target/test-dir/MiniOzoneClusterImpl-51b9b0f2-17ac-4b5b-be5d-f7608296e48f/datanode-1/data/ratis] (custom)
2019-11-15 07:11:06,763 [pool-37-thread-1] INFO  server.RaftServerConfigKeys (ConfUtils.java:logGet(43)) - raft.server.log.corruption.policy = EXCEPTION (default)
2019-11-15 07:11:06,763 [pool-37-thread-1] INFO  storage.RaftStorageDirectory (RaftStorageDirectory.java:analyzeStorage(246)) - The storage directory /workdir/hadoop-ozone/tools/target/test-dir/MiniOzoneClusterImpl-51b9b0f2-17ac-4b5b-be5d-f7608296e48f/datanode-1/data/ratis/fa28f3a9-b7b5-4568-9d11-2792791d3cfa does not exist. Creating ...
2019-11-15 07:11:06,776 [pool-37-thread-1] INFO  storage.RaftStorageDirectory (RaftStorageDirectory.java:tryLock(328)) - Lock on /workdir/hadoop-ozone/tools/target/test-dir/MiniOzoneClusterImpl-51b9b0f2-17ac-4b5b-be5d-f7608296e48f/datanode-1/data/ratis/fa28f3a9-b7b5-4568-9d11-2792791d3cfa/in_use.lock acquired by nodename 7599@pr-hdds-2498-z4wj9-521903842
2019-11-15 07:11:06,776 [pool-27-thread-1] INFO  storage.RaftStorageDirectory (RaftStorageDirectory.java:tryLock(328)) - Lock on /workdir/hadoop-ozone/tools/target/test-dir/MiniOzoneClusterImpl-51b9b0f2-17ac-4b5b-be5d-f7608296e48f/datanode-0/data/ratis/fa28f3a9-b7b5-4568-9d11-2792791d3cfa/in_use.lock acquired by nodename 7599@pr-hdds-2498-z4wj9-521903842
2019-11-15 07:11:06,776 [pool-47-thread-1] INFO  storage.RaftStorageDirectory (RaftStorageDirectory.java:tryLock(328)) - Lock on /workdir/hadoop-ozone/tools/target/test-dir/MiniOzoneClusterImpl-51b9b0f2-17ac-4b5b-be5d-f7608296e48f/datanode-2/data/ratis/fa28f3a9-b7b5-4568-9d11-2792791d3cfa/in_use.lock acquired by nodename 7599@pr-hdds-2498-z4wj9-521903842
2019-11-15 07:11:06,799 [pool-37-thread-1] INFO  storage.RaftStorage (RaftStorage.java:format(84)) - Storage directory /workdir/hadoop-ozone/tools/target/test-dir/MiniOzoneClusterImpl-51b9b0f2-17ac-4b5b-be5d-f7608296e48f/datanode-1/data/ratis/fa28f3a9-b7b5-4568-9d11-2792791d3cfa has been successfully formatted.
2019-11-15 07:11:06,799 [pool-47-thread-1] INFO  storage.RaftStorage (RaftStorage.java:format(84)) - Storage directory /workdir/hadoop-ozone/tools/target/test-dir/MiniOzoneClusterImpl-51b9b0f2-17ac-4b5b-be5d-f7608296e48f/datanode-2/data/ratis/fa28f3a9-b7b5-4568-9d11-2792791d3cfa has been successfully formatted.
2019-11-15 07:11:06,799 [pool-27-thread-1] INFO  storage.RaftStorage (RaftStorage.java:format(84)) - Storage directory /workdir/hadoop-ozone/tools/target/test-dir/MiniOzoneClusterImpl-51b9b0f2-17ac-4b5b-be5d-f7608296e48f/datanode-0/data/ratis/fa28f3a9-b7b5-4568-9d11-2792791d3cfa has been successfully formatted.
2019-11-15 07:11:06,800 [pool-37-thread-1] INFO  ratis.ContainerStateMachine (ContainerStateMachine.java:loadSnapshot(223)) - group-2792791D3CFA: The snapshot info is null. Setting the last applied indexto:(t:0, i:~)
2019-11-15 07:11:06,800 [pool-47-thread-1] INFO  ratis.ContainerStateMachine (ContainerStateMachine.java:loadSnapshot(223)) - group-2792791D3CFA: The snapshot info is null. Setting the last applied indexto:(t:0, i:~)
2019-11-15 07:11:06,800 [pool-37-thread-1] INFO  server.RaftServerConfigKeys (ConfUtils.java:logGet(43)) - raft.server.notification.no-leader.timeout = 120s (custom)
2019-11-15 07:11:06,800 [pool-27-thread-1] INFO  ratis.ContainerStateMachine (ContainerStateMachine.java:loadSnapshot(223)) - group-2792791D3CFA: The snapshot info is null. Setting the last applied indexto:(t:0, i:~)
2019-11-15 07:11:06,800 [pool-37-thread-1] INFO  server.RaftServerConfigKeys (ConfUtils.java:logGet(43)) - raft.server.log.use.memory = false (default)
2019-11-15 07:11:06,800 [pool-27-thread-1] INFO  server.RaftServerConfigKeys (ConfUtils.java:logGet(43)) - raft.server.notification.no-leader.timeout = 120s (custom)
2019-11-15 07:11:06,800 [pool-47-thread-1] INFO  server.RaftServerConfigKeys (ConfUtils.java:logGet(43)) - raft.server.notification.no-leader.timeout = 120s (custom)
2019-11-15 07:11:06,801 [pool-27-thread-1] INFO  server.RaftServerConfigKeys (ConfUtils.java:logGet(43)) - raft.server.log.use.memory = false (default)
2019-11-15 07:11:06,801 [pool-37-thread-1] INFO  server.RaftServerConfigKeys (ConfUtils.java:logGet(43)) - raft.server.log.purge.gap = 1000000 (custom)
2019-11-15 07:11:06,801 [pool-27-thread-1] INFO  server.RaftServerConfigKeys (ConfUtils.java:logGet(43)) - raft.server.log.purge.gap = 1000000 (custom)
2019-11-15 07:11:06,801 [pool-47-thread-1] INFO  server.RaftServerConfigKeys (ConfUtils.java:logGet(43)) - raft.server.log.use.memory = false (default)
2019-11-15 07:11:06,801 [pool-27-thread-1] INFO  server.RaftServerConfigKeys (ConfUtils.java:logGet(43)) - raft.server.log.appender.buffer.byte-limit = 33554432 (custom)
2019-11-15 07:11:06,801 [pool-37-thread-1] INFO  server.RaftServerConfigKeys (ConfUtils.java:logGet(43)) - raft.server.log.appender.buffer.byte-limit = 33554432 (custom)
2019-11-15 07:11:06,802 [pool-27-thread-1] INFO  server.RaftServerConfigKeys (ConfUtils.java:logGet(43)) - raft.server.log.segment.size.max = 1048576 (custom)
2019-11-15 07:11:06,801 [pool-47-thread-1] INFO  server.RaftServerConfigKeys (ConfUtils.java:logGet(43)) - raft.server.log.purge.gap = 1000000 (custom)
2019-11-15 07:11:06,802 [pool-27-thread-1] INFO  server.RaftServerConfigKeys (ConfUtils.java:logGet(43)) - raft.server.log.segment.cache.num.max = 2 (custom)
2019-11-15 07:11:06,802 [pool-37-thread-1] INFO  server.RaftServerConfigKeys (ConfUtils.java:logGet(43)) - raft.server.log.segment.size.max = 1048576 (custom)
2019-11-15 07:11:06,802 [pool-27-thread-1] INFO  segmented.SegmentedRaftLogWorker (SegmentedRaftLogWorker.java:<init>(173)) - new a0d94a7e-dbf1-488b-af78-b2c5ada598db@group-2792791D3CFA-SegmentedRaftLogWorker for RaftStorage:Storage Directory /workdir/hadoop-ozone/tools/target/test-dir/MiniOzoneClusterImpl-51b9b0f2-17ac-4b5b-be5d-f7608296e48f/datanode-0/data/ratis/fa28f3a9-b7b5-4568-9d11-2792791d3cfa
2019-11-15 07:11:06,802 [pool-47-thread-1] INFO  server.RaftServerConfigKeys (ConfUtils.java:logGet(43)) - raft.server.log.appender.buffer.byte-limit = 33554432 (custom)
2019-11-15 07:11:06,802 [pool-27-thread-1] INFO  server.RaftServerConfigKeys (ConfUtils.java:logGet(43)) - raft.server.log.queue.byte-limit = 2147483647 (custom)
2019-11-15 07:11:06,802 [pool-37-thread-1] INFO  server.RaftServerConfigKeys (ConfUtils.java:logGet(43)) - raft.server.log.segment.cache.num.max = 2 (custom)
2019-11-15 07:11:06,803 [pool-27-thread-1] INFO  server.RaftServerConfigKeys (ConfUtils.java:logGet(43)) - raft.server.log.queue.element-limit = 1024 (custom)
2019-11-15 07:11:06,802 [pool-47-thread-1] INFO  server.RaftServerConfigKeys (ConfUtils.java:logGet(43)) - raft.server.log.segment.size.max = 1048576 (custom)
2019-11-15 07:11:06,803 [pool-27-thread-1] INFO  server.RaftServerConfigKeys (ConfUtils.java:logGet(43)) - raft.server.log.segment.size.max = 1048576 (custom)
2019-11-15 07:11:06,803 [pool-37-thread-1] INFO  segmented.SegmentedRaftLogWorker (SegmentedRaftLogWorker.java:<init>(173)) - new 2d4d3ea5-9e05-49b1-81c4-17e643da7a24@group-2792791D3CFA-SegmentedRaftLogWorker for RaftStorage:Storage Directory /workdir/hadoop-ozone/tools/target/test-dir/MiniOzoneClusterImpl-51b9b0f2-17ac-4b5b-be5d-f7608296e48f/datanode-1/data/ratis/fa28f3a9-b7b5-4568-9d11-2792791d3cfa
2019-11-15 07:11:06,803 [pool-27-thread-1] INFO  server.RaftServerConfigKeys (ConfUtils.java:logGet(43)) - raft.server.log.preallocated.size = 16384 (custom)
2019-11-15 07:11:06,803 [pool-47-thread-1] INFO  server.RaftServerConfigKeys (ConfUtils.java:logGet(43)) - raft.server.log.segment.cache.num.max = 2 (custom)
2019-11-15 07:11:06,803 [pool-27-thread-1] INFO  server.RaftServerConfigKeys (ConfUtils.java:logGet(43)) - raft.server.log.write.buffer.size = 33554432 (custom)
2019-11-15 07:11:06,803 [pool-37-thread-1] INFO  server.RaftServerConfigKeys (ConfUtils.java:logGet(43)) - raft.server.log.queue.byte-limit = 2147483647 (custom)
2019-11-15 07:11:06,804 [pool-27-thread-1] INFO  server.RaftServerConfigKeys (ConfUtils.java:logGet(43)) - raft.server.log.force.sync.num = 128 (default)
2019-11-15 07:11:06,803 [pool-47-thread-1] INFO  segmented.SegmentedRaftLogWorker (SegmentedRaftLogWorker.java:<init>(173)) - new 2a42fb6f-b869-4110-a96a-9a2b8429a9bf@group-2792791D3CFA-SegmentedRaftLogWorker for RaftStorage:Storage Directory /workdir/hadoop-ozone/tools/target/test-dir/MiniOzoneClusterImpl-51b9b0f2-17ac-4b5b-be5d-f7608296e48f/datanode-2/data/ratis/fa28f3a9-b7b5-4568-9d11-2792791d3cfa
2019-11-15 07:11:06,804 [pool-27-thread-1] INFO  server.RaftServerConfigKeys (ConfUtils.java:logGet(43)) - raft.server.log.statemachine.data.sync = true (default)
2019-11-15 07:11:06,804 [pool-37-thread-1] INFO  server.RaftServerConfigKeys (ConfUtils.java:logGet(43)) - raft.server.log.queue.element-limit = 1024 (custom)
2019-11-15 07:11:06,804 [pool-47-thread-1] INFO  server.RaftServerConfigKeys (ConfUtils.java:logGet(43)) - raft.server.log.queue.byte-limit = 2147483647 (custom)
2019-11-15 07:11:06,804 [pool-37-thread-1] INFO  server.RaftServerConfigKeys (ConfUtils.java:logGet(43)) - raft.server.log.segment.size.max = 1048576 (custom)
2019-11-15 07:11:06,804 [pool-27-thread-1] INFO  server.RaftServerConfigKeys (ConfUtils.java:logGet(43)) - raft.server.log.statemachine.data.sync.timeout = 10s (default)
2019-11-15 07:11:06,804 [pool-37-thread-1] INFO  server.RaftServerConfigKeys (ConfUtils.java:logGet(43)) - raft.server.log.preallocated.size = 16384 (custom)
2019-11-15 07:11:06,804 [pool-47-thread-1] INFO  server.RaftServerConfigKeys (ConfUtils.java:logGet(43)) - raft.server.log.queue.element-limit = 1024 (custom)
2019-11-15 07:11:06,805 [pool-37-thread-1] INFO  server.RaftServerConfigKeys (ConfUtils.java:logGet(43)) - raft.server.log.write.buffer.size = 33554432 (custom)
2019-11-15 07:11:06,805 [pool-27-thread-1] INFO  server.RaftServerConfigKeys (ConfUtils.java:logGet(43)) - raft.server.log.statemachine.data.sync.timeout.retry = -1 (default)
2019-11-15 07:11:06,805 [pool-37-thread-1] INFO  server.RaftServerConfigKeys (ConfUtils.java:logGet(43)) - raft.server.log.force.sync.num = 128 (default)
2019-11-15 07:11:06,805 [pool-47-thread-1] INFO  server.RaftServerConfigKeys (ConfUtils.java:logGet(43)) - raft.server.log.segment.size.max = 1048576 (custom)
2019-11-15 07:11:06,805 [pool-27-thread-1] INFO  server.RaftServerConfigKeys (ConfUtils.java:logGet(43)) - raft.server.log.statemachine.data.caching.enabled = true (custom)
2019-11-15 07:11:06,805 [pool-37-thread-1] INFO  server.RaftServerConfigKeys (ConfUtils.java:logGet(43)) - raft.server.log.statemachine.data.sync = true (default)
2019-11-15 07:11:06,805 [pool-47-thread-1] INFO  server.RaftServerConfigKeys (ConfUtils.java:logGet(43)) - raft.server.log.preallocated.size = 16384 (custom)
2019-11-15 07:11:06,806 [pool-37-thread-1] INFO  server.RaftServerConfigKeys (ConfUtils.java:logGet(43)) - raft.server.log.statemachine.data.sync.timeout = 10s (default)
2019-11-15 07:11:06,806 [pool-47-thread-1] INFO  server.RaftServerConfigKeys (ConfUtils.java:logGet(43)) - raft.server.log.write.buffer.size = 33554432 (custom)
2019-11-15 07:11:06,806 [pool-27-thread-1] INFO  segmented.SegmentedRaftLogWorker (SegmentedRaftLogWorker.java:lambda$new$0(128)) - a0d94a7e-dbf1-488b-af78-b2c5ada598db@group-2792791D3CFA-SegmentedRaftLogWorker: flushIndex: setUnconditionally 0 -> -1
2019-11-15 07:11:06,806 [pool-47-thread-1] INFO  server.RaftServerConfigKeys (ConfUtils.java:logGet(43)) - raft.server.log.force.sync.num = 128 (default)
2019-11-15 07:11:06,806 [pool-37-thread-1] INFO  server.RaftServerConfigKeys (ConfUtils.java:logGet(43)) - raft.server.log.statemachine.data.sync.timeout.retry = -1 (default)
2019-11-15 07:11:06,806 [pool-47-thread-1] INFO  server.RaftServerConfigKeys (ConfUtils.java:logGet(43)) - raft.server.log.statemachine.data.sync = true (default)
2019-11-15 07:11:06,806 [pool-27-thread-1] INFO  server.RaftServerConfigKeys (ConfUtils.java:logGet(43)) - raft.server.snapshot.auto.trigger.enabled = true (custom)
2019-11-15 07:11:06,807 [pool-47-thread-1] INFO  server.RaftServerConfigKeys (ConfUtils.java:logGet(43)) - raft.server.log.statemachine.data.sync.timeout = 10s (default)
2019-11-15 07:11:06,807 [pool-37-thread-1] INFO  server.RaftServerConfigKeys (ConfUtils.java:logGet(43)) - raft.server.log.statemachine.data.caching.enabled = true (custom)
2019-11-15 07:11:06,807 [pool-47-thread-1] INFO  server.RaftServerConfigKeys (ConfUtils.java:logGet(43)) - raft.server.log.statemachine.data.sync.timeout.retry = -1 (default)
2019-11-15 07:11:06,807 [pool-27-thread-1] INFO  server.RaftServerConfigKeys (ConfUtils.java:logGet(43)) - raft.server.snapshot.auto.trigger.threshold = 10000 (custom)
2019-11-15 07:11:06,807 [pool-37-thread-1] INFO  segmented.SegmentedRaftLogWorker (SegmentedRaftLogWorker.java:lambda$new$0(128)) - 2d4d3ea5-9e05-49b1-81c4-17e643da7a24@group-2792791D3CFA-SegmentedRaftLogWorker: flushIndex: setUnconditionally 0 -> -1
2019-11-15 07:11:06,807 [pool-27-thread-1] INFO  server.RaftServerConfigKeys (ConfUtils.java:logGet(43)) - raft.server.snapshot.retention.file.num = 5 (custom)
2019-11-15 07:11:06,807 [pool-47-thread-1] INFO  server.RaftServerConfigKeys (ConfUtils.java:logGet(43)) - raft.server.log.statemachine.data.caching.enabled = true (custom)
2019-11-15 07:11:06,808 [pool-27-thread-1] INFO  server.RaftServerConfigKeys (ConfUtils.java:logGet(43)) - raft.server.retrycache.expirytime = 600000ms (custom)
2019-11-15 07:11:06,808 [pool-37-thread-1] INFO  server.RaftServerConfigKeys (ConfUtils.java:logGet(43)) - raft.server.snapshot.auto.trigger.enabled = true (custom)
2019-11-15 07:11:06,808 [pool-27-thread-1] WARN  impl.MetricRegistriesImpl (MetricRegistriesImpl.java:lambda$create$1(61)) - First MetricRegistry has been created without registering reporters. You may need to call MetricRegistries.global().addReportRegistration(...) before.
2019-11-15 07:11:06,808 [pool-47-thread-1] INFO  segmented.SegmentedRaftLogWorker (SegmentedRaftLogWorker.java:lambda$new$0(128)) - 2a42fb6f-b869-4110-a96a-9a2b8429a9bf@group-2792791D3CFA-SegmentedRaftLogWorker: flushIndex: setUnconditionally 0 -> -1
2019-11-15 07:11:06,808 [pool-37-thread-1] INFO  server.RaftServerConfigKeys (ConfUtils.java:logGet(43)) - raft.server.snapshot.auto.trigger.threshold = 10000 (custom)
2019-11-15 07:11:06,808 [pool-27-thread-1] WARN  impl.MetricRegistriesImpl (MetricRegistriesImpl.java:lambda$create$1(61)) - First MetricRegistry has been created without registering reporters. You may need to call MetricRegistries.global().addReportRegistration(...) before.
2019-11-15 07:11:06,808 [pool-37-thread-1] INFO  server.RaftServerConfigKeys (ConfUtils.java:logGet(43)) - raft.server.snapshot.retention.file.num = 5 (custom)
2019-11-15 07:11:06,809 [pool-47-thread-1] INFO  server.RaftServerConfigKeys (ConfUtils.java:logGet(43)) - raft.server.snapshot.auto.trigger.enabled = true (custom)
2019-11-15 07:11:06,809 [pool-37-thread-1] INFO  server.RaftServerConfigKeys (ConfUtils.java:logGet(43)) - raft.server.retrycache.expirytime = 600000ms (custom)
2019-11-15 07:11:06,809 [pool-27-thread-1] INFO  impl.RaftServerImpl (RaftServerImpl.java:start(184)) - a0d94a7e-dbf1-488b-af78-b2c5ada598db@group-2792791D3CFA: start as a follower, conf=-1: [2a42fb6f-b869-4110-a96a-9a2b8429a9bf:192.168.69.126:33040, a0d94a7e-dbf1-488b-af78-b2c5ada598db:192.168.69.126:46707, 2d4d3ea5-9e05-49b1-81c4-17e643da7a24:192.168.69.126:45299], old=null
2019-11-15 07:11:06,809 [pool-37-thread-1] WARN  impl.MetricRegistriesImpl (MetricRegistriesImpl.java:lambda$create$1(61)) - First MetricRegistry has been created without registering reporters. You may need to call MetricRegistries.global().addReportRegistration(...) before.
2019-11-15 07:11:06,809 [pool-47-thread-1] INFO  server.RaftServerConfigKeys (ConfUtils.java:logGet(43)) - raft.server.snapshot.auto.trigger.threshold = 10000 (custom)
2019-11-15 07:11:06,809 [pool-37-thread-1] WARN  impl.MetricRegistriesImpl (MetricRegistriesImpl.java:lambda$create$1(61)) - First MetricRegistry has been created without registering reporters. You may need to call MetricRegistries.global().addReportRegistration(...) before.
2019-11-15 07:11:06,809 [pool-27-thread-1] INFO  impl.RaftServerImpl (RaftServerImpl.java:setRole(173)) - a0d94a7e-dbf1-488b-af78-b2c5ada598db@group-2792791D3CFA: changes role from      null to FOLLOWER at term 0 for startAsFollower
2019-11-15 07:11:06,809 [pool-47-thread-1] INFO  server.RaftServerConfigKeys (ConfUtils.java:logGet(43)) - raft.server.snapshot.retention.file.num = 5 (custom)
2019-11-15 07:11:06,810 [pool-27-thread-1] INFO  impl.RoleInfo (RoleInfo.java:updateAndGet(143)) - a0d94a7e-dbf1-488b-af78-b2c5ada598db: start FollowerState
2019-11-15 07:11:06,810 [pool-37-thread-1] INFO  impl.RaftServerImpl (RaftServerImpl.java:start(184)) - 2d4d3ea5-9e05-49b1-81c4-17e643da7a24@group-2792791D3CFA: start as a follower, conf=-1: [2a42fb6f-b869-4110-a96a-9a2b8429a9bf:192.168.69.126:33040, a0d94a7e-dbf1-488b-af78-b2c5ada598db:192.168.69.126:46707, 2d4d3ea5-9e05-49b1-81c4-17e643da7a24:192.168.69.126:45299], old=null
2019-11-15 07:11:06,810 [pool-47-thread-1] INFO  server.RaftServerConfigKeys (ConfUtils.java:logGet(43)) - raft.server.retrycache.expirytime = 600000ms (custom)
2019-11-15 07:11:06,810 [pool-37-thread-1] INFO  impl.RaftServerImpl (RaftServerImpl.java:setRole(173)) - 2d4d3ea5-9e05-49b1-81c4-17e643da7a24@group-2792791D3CFA: changes role from      null to FOLLOWER at term 0 for startAsFollower
2019-11-15 07:11:06,810 [pool-47-thread-1] WARN  impl.MetricRegistriesImpl (MetricRegistriesImpl.java:lambda$create$1(61)) - First MetricRegistry has been created without registering reporters. You may need to call MetricRegistries.global().addReportRegistration(...) before.
2019-11-15 07:11:06,810 [pool-37-thread-1] INFO  impl.RoleInfo (RoleInfo.java:updateAndGet(143)) - 2d4d3ea5-9e05-49b1-81c4-17e643da7a24: start FollowerState
2019-11-15 07:11:06,810 [pool-27-thread-1] INFO  util.JmxRegister (JmxRegister.java:tryRegister(44)) - Successfully registered JMX Bean with object name Ratis:service=RaftServer,group=group-2792791D3CFA,id=a0d94a7e-dbf1-488b-af78-b2c5ada598db
2019-11-15 07:11:06,810 [pool-47-thread-1] WARN  impl.MetricRegistriesImpl (MetricRegistriesImpl.java:lambda$create$1(61)) - First MetricRegistry has been created without registering reporters. You may need to call MetricRegistries.global().addReportRegistration(...) before.
2019-11-15 07:11:06,811 [pool-27-thread-1] WARN  impl.MetricRegistriesImpl (MetricRegistriesImpl.java:lambda$create$1(61)) - First MetricRegistry has been created without registering reporters. You may need to call MetricRegistries.global().addReportRegistration(...) before.
2019-11-15 07:11:06,811 [pool-37-thread-1] INFO  util.JmxRegister (JmxRegister.java:tryRegister(44)) - Successfully registered JMX Bean with object name Ratis:service=RaftServer,group=group-2792791D3CFA,id=2d4d3ea5-9e05-49b1-81c4-17e643da7a24
2019-11-15 07:11:06,811 [pool-47-thread-1] INFO  impl.RaftServerImpl (RaftServerImpl.java:start(184)) - 2a42fb6f-b869-4110-a96a-9a2b8429a9bf@group-2792791D3CFA: start as a follower, conf=-1: [2a42fb6f-b869-4110-a96a-9a2b8429a9bf:192.168.69.126:33040, a0d94a7e-dbf1-488b-af78-b2c5ada598db:192.168.69.126:46707, 2d4d3ea5-9e05-49b1-81c4-17e643da7a24:192.168.69.126:45299], old=null
2019-11-15 07:11:06,811 [pool-37-thread-1] WARN  impl.MetricRegistriesImpl (MetricRegistriesImpl.java:lambda$create$1(61)) - First MetricRegistry has been created without registering reporters. You may need to call MetricRegistries.global().addReportRegistration(...) before.
2019-11-15 07:11:06,811 [pool-47-thread-1] INFO  impl.RaftServerImpl (RaftServerImpl.java:setRole(173)) - 2a42fb6f-b869-4110-a96a-9a2b8429a9bf@group-2792791D3CFA: changes role from      null to FOLLOWER at term 0 for startAsFollower
2019-11-15 07:11:06,812 [pool-47-thread-1] INFO  impl.RoleInfo (RoleInfo.java:updateAndGet(143)) - 2a42fb6f-b869-4110-a96a-9a2b8429a9bf: start FollowerState
2019-11-15 07:11:06,813 [pool-47-thread-1] INFO  util.JmxRegister (JmxRegister.java:tryRegister(44)) - Successfully registered JMX Bean with object name Ratis:service=RaftServer,group=group-2792791D3CFA,id=2a42fb6f-b869-4110-a96a-9a2b8429a9bf
2019-11-15 07:11:06,822 [pool-47-thread-1] WARN  impl.MetricRegistriesImpl (MetricRegistriesImpl.java:lambda$create$1(61)) - First MetricRegistry has been created without registering reporters. You may need to call MetricRegistries.global().addReportRegistration(...) before.
2019-11-15 07:11:06,838 [RatisPipelineUtilsThread] INFO  pipeline.PipelineStateManager (PipelineStateManager.java:addPipeline(55)) - Created pipeline Pipeline[ Id: fa28f3a9-b7b5-4568-9d11-2792791d3cfa, Nodes: 2d4d3ea5-9e05-49b1-81c4-17e643da7a24{ip: 192.168.69.126, host: pr-hdds-2498-z4wj9-521903842, networkLocation: /default-rack, certSerialId: null}2a42fb6f-b869-4110-a96a-9a2b8429a9bf{ip: 192.168.69.126, host: pr-hdds-2498-z4wj9-521903842, networkLocation: /default-rack, certSerialId: null}a0d94a7e-dbf1-488b-af78-b2c5ada598db{ip: 192.168.69.126, host: pr-hdds-2498-z4wj9-521903842, networkLocation: /default-rack, certSerialId: null}, Type:RATIS, Factor:THREE, State:ALLOCATED]
2019-11-15 07:11:06,842 [main] INFO  ozone.MiniOzoneClusterImpl (MiniOzoneClusterImpl.java:lambda$waitForClusterToBeReady$2(163)) - Waiting for 4 number of pipelines out of 4, to report a leader.
2019-11-15 07:11:07,843 [main] INFO  ozone.MiniOzoneClusterImpl (MiniOzoneClusterImpl.java:lambda$waitForClusterToBeReady$2(163)) - Waiting for 4 number of pipelines out of 4, to report a leader.
2019-11-15 07:11:08,688 [Thread-178] INFO  container.ReplicationManager (ReplicationManager.java:start(162)) - Starting Replication Monitor Thread.
2019-11-15 07:11:08,691 [Thread-178] INFO  pipeline.SCMPipelineManager (SCMPipelineManager.java:finalizeAndDestroyPipeline(315)) - destroying pipeline:Pipeline[ Id: a6d598f5-d54c-4df5-98b1-1783cb309e3a, Nodes: 2a42fb6f-b869-4110-a96a-9a2b8429a9bf{ip: 192.168.69.126, host: pr-hdds-2498-z4wj9-521903842, networkLocation: /default-rack, certSerialId: null}, Type:RATIS, Factor:ONE, State:ALLOCATED]
2019-11-15 07:11:08,691 [ReplicationMonitor] INFO  container.ReplicationManager (ReplicationManager.java:run(225)) - Replication Monitor Thread took 1 milliseconds for processing 0 containers.
2019-11-15 07:11:08,692 [Thread-178] INFO  pipeline.PipelineStateManager (PipelineStateManager.java:finalizePipeline(121)) - Pipeline Pipeline[ Id: a6d598f5-d54c-4df5-98b1-1783cb309e3a, Nodes: 2a42fb6f-b869-4110-a96a-9a2b8429a9bf{ip: 192.168.69.126, host: pr-hdds-2498-z4wj9-521903842, networkLocation: /default-rack, certSerialId: null}, Type:RATIS, Factor:ONE, State:CLOSED] moved to CLOSED state
2019-11-15 07:11:08,722 [grpc-default-executor-2] INFO  impl.RaftServerProxy (RaftServerProxy.java:remove(95)) - 2a42fb6f-b869-4110-a96a-9a2b8429a9bf: remove  FOLLOWER 2a42fb6f-b869-4110-a96a-9a2b8429a9bf@group-1783CB309E3A:t0, leader=null, voted=null, raftlog=2a42fb6f-b869-4110-a96a-9a2b8429a9bf@group-1783CB309E3A-SegmentedRaftLog:OPENED:c-1,f-1,i0, conf=-1: [2a42fb6f-b869-4110-a96a-9a2b8429a9bf:192.168.69.126:33040], old=null RUNNING
2019-11-15 07:11:08,726 [grpc-default-executor-2] INFO  impl.RaftServerImpl (RaftServerImpl.java:lambda$shutdown$3(250)) - 2a42fb6f-b869-4110-a96a-9a2b8429a9bf@group-1783CB309E3A: shutdown
2019-11-15 07:11:08,727 [grpc-default-executor-2] INFO  util.JmxRegister (JmxRegister.java:unregister(73)) - Successfully un-registered JMX Bean with object name Ratis:service=RaftServer,group=group-1783CB309E3A,id=2a42fb6f-b869-4110-a96a-9a2b8429a9bf
2019-11-15 07:11:08,727 [grpc-default-executor-2] INFO  impl.RoleInfo (RoleInfo.java:shutdownFollowerState(121)) - 2a42fb6f-b869-4110-a96a-9a2b8429a9bf: shutdown FollowerState
2019-11-15 07:11:08,727 [grpc-default-executor-2] INFO  impl.StateMachineUpdater (StateMachineUpdater.java:stopAndJoin(136)) - 2a42fb6f-b869-4110-a96a-9a2b8429a9bf@group-1783CB309E3A-StateMachineUpdater: set stopIndex = -1
2019-11-15 07:11:08,727 [Thread-186] INFO  impl.FollowerState (FollowerState.java:run(120)) - 2a42fb6f-b869-4110-a96a-9a2b8429a9bf@group-1783CB309E3A-FollowerState was interrupted: java.lang.InterruptedException: sleep interrupted
2019-11-15 07:11:08,730 [grpc-default-executor-2] INFO  impl.RaftServerImpl (ServerState.java:close(387)) - 2a42fb6f-b869-4110-a96a-9a2b8429a9bf@group-1783CB309E3A: closes. applyIndex: -1
2019-11-15 07:11:08,735 [2a42fb6f-b869-4110-a96a-9a2b8429a9bf@group-1783CB309E3A-SegmentedRaftLogWorker] INFO  segmented.SegmentedRaftLogWorker (SegmentedRaftLogWorker.java:run(316)) - 2a42fb6f-b869-4110-a96a-9a2b8429a9bf@group-1783CB309E3A-SegmentedRaftLogWorker was interrupted, exiting. There are 0 tasks remaining in the queue.
2019-11-15 07:11:08,736 [grpc-default-executor-2] INFO  segmented.SegmentedRaftLogWorker (SegmentedRaftLogWorker.java:close(224)) - 2a42fb6f-b869-4110-a96a-9a2b8429a9bf@group-1783CB309E3A-SegmentedRaftLogWorker close()
2019-11-15 07:11:08,754 [Thread-178] INFO  pipeline.PipelineStateManager (PipelineStateManager.java:removePipeline(106)) - Pipeline Pipeline[ Id: a6d598f5-d54c-4df5-98b1-1783cb309e3a, Nodes: 2a42fb6f-b869-4110-a96a-9a2b8429a9bf{ip: 192.168.69.126, host: pr-hdds-2498-z4wj9-521903842, networkLocation: /default-rack, certSerialId: null}, Type:RATIS, Factor:ONE, State:CLOSED] removed from db
2019-11-15 07:11:08,755 [Thread-178] INFO  pipeline.SCMPipelineManager (SCMPipelineManager.java:finalizeAndDestroyPipeline(315)) - destroying pipeline:Pipeline[ Id: 2044fb51-3355-4f47-9fb4-f9eafb41869d, Nodes: 2d4d3ea5-9e05-49b1-81c4-17e643da7a24{ip: 192.168.69.126, host: pr-hdds-2498-z4wj9-521903842, networkLocation: /default-rack, certSerialId: null}, Type:RATIS, Factor:ONE, State:ALLOCATED]
2019-11-15 07:11:08,766 [grpc-default-executor-2] INFO  impl.RaftServerProxy (RaftServerProxy.java:addNew(89)) - 2a42fb6f-b869-4110-a96a-9a2b8429a9bf: addNew group-65E8B50BF941:[2a42fb6f-b869-4110-a96a-9a2b8429a9bf:192.168.69.126:33040] returns group-65E8B50BF941:java.util.concurrent.CompletableFuture@2907cf06[Not completed]
2019-11-15 07:11:08,767 [pool-47-thread-1] INFO  impl.RaftServerImpl (RaftServerImpl.java:<init>(98)) - 2a42fb6f-b869-4110-a96a-9a2b8429a9bf: new RaftServerImpl for group-65E8B50BF941:[2a42fb6f-b869-4110-a96a-9a2b8429a9bf:192.168.69.126:33040] with ContainerStateMachine:uninitialized
2019-11-15 07:11:08,767 [pool-47-thread-1] INFO  server.RaftServerConfigKeys (ConfUtils.java:logGet(43)) - raft.server.rpc.timeout.min = 5s (custom)
2019-11-15 07:11:08,767 [pool-47-thread-1] INFO  server.RaftServerConfigKeys (ConfUtils.java:logGet(43)) - raft.server.rpc.timeout.max = 5200ms (custom)
2019-11-15 07:11:08,768 [pool-47-thread-1] INFO  server.RaftServerConfigKeys (ConfUtils.java:logGet(43)) - raft.server.rpcslowness.timeout = 120s (custom)
2019-11-15 07:11:08,768 [pool-47-thread-1] INFO  server.RaftServerConfigKeys (ConfUtils.java:logGet(43)) - raft.server.sleep.deviation.threshold = 300 (default)
2019-11-15 07:11:08,768 [pool-47-thread-1] INFO  server.RaftServerConfigKeys (ConfUtils.java:logGet(43)) - raft.server.log.appender.install.snapshot.enabled = false (custom)
2019-11-15 07:11:08,768 [pool-47-thread-1] INFO  impl.RaftServerImpl (ServerState.java:<init>(103)) - 2a42fb6f-b869-4110-a96a-9a2b8429a9bf@group-65E8B50BF941: ConfigurationManager, init=-1: [2a42fb6f-b869-4110-a96a-9a2b8429a9bf:192.168.69.126:33040], old=null, confs=<EMPTY_MAP>
2019-11-15 07:11:08,768 [pool-47-thread-1] INFO  server.RaftServerConfigKeys (ConfUtils.java:logGet(43)) - raft.server.storage.dir = [/workdir/hadoop-ozone/tools/target/test-dir/MiniOzoneClusterImpl-51b9b0f2-17ac-4b5b-be5d-f7608296e48f/datanode-2/data/ratis] (custom)
2019-11-15 07:11:08,768 [pool-47-thread-1] INFO  server.RaftServerConfigKeys (ConfUtils.java:logGet(43)) - raft.server.log.corruption.policy = EXCEPTION (default)
2019-11-15 07:11:08,769 [pool-47-thread-1] INFO  storage.RaftStorageDirectory (RaftStorageDirectory.java:analyzeStorage(246)) - The storage directory /workdir/hadoop-ozone/tools/target/test-dir/MiniOzoneClusterImpl-51b9b0f2-17ac-4b5b-be5d-f7608296e48f/datanode-2/data/ratis/9966653c-70d6-4b1d-a293-65e8b50bf941 does not exist. Creating ...
2019-11-15 07:11:08,792 [pool-47-thread-1] INFO  storage.RaftStorageDirectory (RaftStorageDirectory.java:tryLock(328)) - Lock on /workdir/hadoop-ozone/tools/target/test-dir/MiniOzoneClusterImpl-51b9b0f2-17ac-4b5b-be5d-f7608296e48f/datanode-2/data/ratis/9966653c-70d6-4b1d-a293-65e8b50bf941/in_use.lock acquired by nodename 7599@pr-hdds-2498-z4wj9-521903842
2019-11-15 07:11:08,816 [pool-47-thread-1] INFO  storage.RaftStorage (RaftStorage.java:format(84)) - Storage directory /workdir/hadoop-ozone/tools/target/test-dir/MiniOzoneClusterImpl-51b9b0f2-17ac-4b5b-be5d-f7608296e48f/datanode-2/data/ratis/9966653c-70d6-4b1d-a293-65e8b50bf941 has been successfully formatted.
2019-11-15 07:11:08,816 [pool-47-thread-1] INFO  ratis.ContainerStateMachine (ContainerStateMachine.java:loadSnapshot(223)) - group-65E8B50BF941: The snapshot info is null. Setting the last applied indexto:(t:0, i:~)
2019-11-15 07:11:08,816 [pool-47-thread-1] INFO  server.RaftServerConfigKeys (ConfUtils.java:logGet(43)) - raft.server.notification.no-leader.timeout = 120s (custom)
2019-11-15 07:11:08,816 [pool-47-thread-1] INFO  server.RaftServerConfigKeys (ConfUtils.java:logGet(43)) - raft.server.log.use.memory = false (default)
2019-11-15 07:11:08,817 [pool-47-thread-1] INFO  server.RaftServerConfigKeys (ConfUtils.java:logGet(43)) - raft.server.log.purge.gap = 1000000 (custom)
2019-11-15 07:11:08,817 [pool-47-thread-1] INFO  server.RaftServerConfigKeys (ConfUtils.java:logGet(43)) - raft.server.log.appender.buffer.byte-limit = 33554432 (custom)
2019-11-15 07:11:08,817 [pool-47-thread-1] INFO  server.RaftServerConfigKeys (ConfUtils.java:logGet(43)) - raft.server.log.segment.size.max = 1048576 (custom)
2019-11-15 07:11:08,817 [pool-47-thread-1] INFO  server.RaftServerConfigKeys (ConfUtils.java:logGet(43)) - raft.server.log.segment.cache.num.max = 2 (custom)
2019-11-15 07:11:08,817 [pool-47-thread-1] INFO  segmented.SegmentedRaftLogWorker (SegmentedRaftLogWorker.java:<init>(173)) - new 2a42fb6f-b869-4110-a96a-9a2b8429a9bf@group-65E8B50BF941-SegmentedRaftLogWorker for RaftStorage:Storage Directory /workdir/hadoop-ozone/tools/target/test-dir/MiniOzoneClusterImpl-51b9b0f2-17ac-4b5b-be5d-f7608296e48f/datanode-2/data/ratis/9966653c-70d6-4b1d-a293-65e8b50bf941
2019-11-15 07:11:08,817 [pool-47-thread-1] INFO  server.RaftServerConfigKeys (ConfUtils.java:logGet(43)) - raft.server.log.queue.byte-limit = 2147483647 (custom)
2019-11-15 07:11:08,817 [pool-47-thread-1] INFO  server.RaftServerConfigKeys (ConfUtils.java:logGet(43)) - raft.server.log.queue.element-limit = 1024 (custom)
2019-11-15 07:11:08,817 [pool-47-thread-1] INFO  server.RaftServerConfigKeys (ConfUtils.java:logGet(43)) - raft.server.log.segment.size.max = 1048576 (custom)
2019-11-15 07:11:08,817 [pool-47-thread-1] INFO  server.RaftServerConfigKeys (ConfUtils.java:logGet(43)) - raft.server.log.preallocated.size = 16384 (custom)
2019-11-15 07:11:08,818 [pool-47-thread-1] INFO  server.RaftServerConfigKeys (ConfUtils.java:logGet(43)) - raft.server.log.write.buffer.size = 33554432 (custom)
2019-11-15 07:11:08,818 [pool-47-thread-1] INFO  server.RaftServerConfigKeys (ConfUtils.java:logGet(43)) - raft.server.log.force.sync.num = 128 (default)
2019-11-15 07:11:08,818 [pool-47-thread-1] INFO  server.RaftServerConfigKeys (ConfUtils.java:logGet(43)) - raft.server.log.statemachine.data.sync = true (default)
2019-11-15 07:11:08,818 [pool-47-thread-1] INFO  server.RaftServerConfigKeys (ConfUtils.java:logGet(43)) - raft.server.log.statemachine.data.sync.timeout = 10s (default)
2019-11-15 07:11:08,818 [pool-47-thread-1] INFO  server.RaftServerConfigKeys (ConfUtils.java:logGet(43)) - raft.server.log.statemachine.data.sync.timeout.retry = -1 (default)
2019-11-15 07:11:08,818 [pool-47-thread-1] INFO  server.RaftServerConfigKeys (ConfUtils.java:logGet(43)) - raft.server.log.statemachine.data.caching.enabled = true (custom)
2019-11-15 07:11:08,819 [pool-47-thread-1] INFO  segmented.SegmentedRaftLogWorker (SegmentedRaftLogWorker.java:lambda$new$0(128)) - 2a42fb6f-b869-4110-a96a-9a2b8429a9bf@group-65E8B50BF941-SegmentedRaftLogWorker: flushIndex: setUnconditionally 0 -> -1
2019-11-15 07:11:08,819 [pool-47-thread-1] INFO  server.RaftServerConfigKeys (ConfUtils.java:logGet(43)) - raft.server.snapshot.auto.trigger.enabled = true (custom)
2019-11-15 07:11:08,819 [pool-47-thread-1] INFO  server.RaftServerConfigKeys (ConfUtils.java:logGet(43)) - raft.server.snapshot.auto.trigger.threshold = 10000 (custom)
2019-11-15 07:11:08,819 [pool-47-thread-1] INFO  server.RaftServerConfigKeys (ConfUtils.java:logGet(43)) - raft.server.snapshot.retention.file.num = 5 (custom)
2019-11-15 07:11:08,819 [pool-47-thread-1] INFO  server.RaftServerConfigKeys (ConfUtils.java:logGet(43)) - raft.server.retrycache.expirytime = 600000ms (custom)
2019-11-15 07:11:08,819 [pool-47-thread-1] WARN  impl.MetricRegistriesImpl (MetricRegistriesImpl.java:lambda$create$1(61)) - First MetricRegistry has been created without registering reporters. You may need to call MetricRegistries.global().addReportRegistration(...) before.
2019-11-15 07:11:08,820 [pool-47-thread-1] WARN  impl.MetricRegistriesImpl (MetricRegistriesImpl.java:lambda$create$1(61)) - First MetricRegistry has been created without registering reporters. You may need to call MetricRegistries.global().addReportRegistration(...) before.
2019-11-15 07:11:08,820 [pool-47-thread-1] INFO  impl.RaftServerImpl (RaftServerImpl.java:start(184)) - 2a42fb6f-b869-4110-a96a-9a2b8429a9bf@group-65E8B50BF941: start as a follower, conf=-1: [2a42fb6f-b869-4110-a96a-9a2b8429a9bf:192.168.69.126:33040], old=null
2019-11-15 07:11:08,820 [pool-47-thread-1] INFO  impl.RaftServerImpl (RaftServerImpl.java:setRole(173)) - 2a42fb6f-b869-4110-a96a-9a2b8429a9bf@group-65E8B50BF941: changes role from      null to FOLLOWER at term 0 for startAsFollower
2019-11-15 07:11:08,820 [pool-47-thread-1] INFO  impl.RoleInfo (RoleInfo.java:updateAndGet(143)) - 2a42fb6f-b869-4110-a96a-9a2b8429a9bf: start FollowerState
2019-11-15 07:11:08,820 [pool-47-thread-1] INFO  util.JmxRegister (JmxRegister.java:tryRegister(44)) - Successfully registered JMX Bean with object name Ratis:service=RaftServer,group=group-65E8B50BF941,id=2a42fb6f-b869-4110-a96a-9a2b8429a9bf
2019-11-15 07:11:08,821 [pool-47-thread-1] WARN  impl.MetricRegistriesImpl (MetricRegistriesImpl.java:lambda$create$1(61)) - First MetricRegistry has been created without registering reporters. You may need to call MetricRegistries.global().addReportRegistration(...) before.
2019-11-15 07:11:08,828 [RatisPipelineUtilsThread] INFO  pipeline.PipelineStateManager (PipelineStateManager.java:addPipeline(55)) - Created pipeline Pipeline[ Id: 9966653c-70d6-4b1d-a293-65e8b50bf941, Nodes: 2a42fb6f-b869-4110-a96a-9a2b8429a9bf{ip: 192.168.69.126, host: pr-hdds-2498-z4wj9-521903842, networkLocation: /default-rack, certSerialId: null}, Type:RATIS, Factor:ONE, State:ALLOCATED]
2019-11-15 07:11:08,829 [Thread-178] INFO  pipeline.PipelineStateManager (PipelineStateManager.java:finalizePipeline(121)) - Pipeline Pipeline[ Id: 2044fb51-3355-4f47-9fb4-f9eafb41869d, Nodes: 2d4d3ea5-9e05-49b1-81c4-17e643da7a24{ip: 192.168.69.126, host: pr-hdds-2498-z4wj9-521903842, networkLocation: /default-rack, certSerialId: null}, Type:RATIS, Factor:ONE, State:CLOSED] moved to CLOSED state
2019-11-15 07:11:08,841 [grpc-default-executor-2] INFO  impl.RaftServerProxy (RaftServerProxy.java:remove(95)) - 2d4d3ea5-9e05-49b1-81c4-17e643da7a24: remove  FOLLOWER 2d4d3ea5-9e05-49b1-81c4-17e643da7a24@group-F9EAFB41869D:t0, leader=null, voted=null, raftlog=2d4d3ea5-9e05-49b1-81c4-17e643da7a24@group-F9EAFB41869D-SegmentedRaftLog:OPENED:c-1,f-1,i0, conf=-1: [2d4d3ea5-9e05-49b1-81c4-17e643da7a24:192.168.69.126:45299], old=null RUNNING
2019-11-15 07:11:08,842 [grpc-default-executor-2] INFO  impl.RaftServerImpl (RaftServerImpl.java:lambda$shutdown$3(250)) - 2d4d3ea5-9e05-49b1-81c4-17e643da7a24@group-F9EAFB41869D: shutdown
2019-11-15 07:11:08,842 [grpc-default-executor-2] INFO  util.JmxRegister (JmxRegister.java:unregister(73)) - Successfully un-registered JMX Bean with object name Ratis:service=RaftServer,group=group-F9EAFB41869D,id=2d4d3ea5-9e05-49b1-81c4-17e643da7a24
2019-11-15 07:11:08,842 [grpc-default-executor-2] INFO  impl.RoleInfo (RoleInfo.java:shutdownFollowerState(121)) - 2d4d3ea5-9e05-49b1-81c4-17e643da7a24: shutdown FollowerState
2019-11-15 07:11:08,843 [grpc-default-executor-2] INFO  impl.StateMachineUpdater (StateMachineUpdater.java:stopAndJoin(136)) - 2d4d3ea5-9e05-49b1-81c4-17e643da7a24@group-F9EAFB41869D-StateMachineUpdater: set stopIndex = -1
2019-11-15 07:11:08,844 [main] INFO  ozone.MiniOzoneClusterImpl (MiniOzoneClusterImpl.java:lambda$waitForClusterToBeReady$2(163)) - Waiting for 3 number of pipelines out of 4, to report a leader.
2019-11-15 07:11:08,845 [grpc-default-executor-2] INFO  impl.RaftServerImpl (ServerState.java:close(387)) - 2d4d3ea5-9e05-49b1-81c4-17e643da7a24@group-F9EAFB41869D: closes. applyIndex: -1
2019-11-15 07:11:08,843 [Thread-183] INFO  impl.FollowerState (FollowerState.java:run(120)) - 2d4d3ea5-9e05-49b1-81c4-17e643da7a24@group-F9EAFB41869D-FollowerState was interrupted: java.lang.InterruptedException: sleep interrupted
2019-11-15 07:11:08,845 [2d4d3ea5-9e05-49b1-81c4-17e643da7a24@group-F9EAFB41869D-SegmentedRaftLogWorker] INFO  segmented.SegmentedRaftLogWorker (SegmentedRaftLogWorker.java:run(316)) - 2d4d3ea5-9e05-49b1-81c4-17e643da7a24@group-F9EAFB41869D-SegmentedRaftLogWorker was interrupted, exiting. There are 0 tasks remaining in the queue.
2019-11-15 07:11:08,846 [grpc-default-executor-2] INFO  segmented.SegmentedRaftLogWorker (SegmentedRaftLogWorker.java:close(224)) - 2d4d3ea5-9e05-49b1-81c4-17e643da7a24@group-F9EAFB41869D-SegmentedRaftLogWorker close()
2019-11-15 07:11:08,858 [Thread-178] INFO  pipeline.PipelineStateManager (PipelineStateManager.java:removePipeline(106)) - Pipeline Pipeline[ Id: 2044fb51-3355-4f47-9fb4-f9eafb41869d, Nodes: 2d4d3ea5-9e05-49b1-81c4-17e643da7a24{ip: 192.168.69.126, host: pr-hdds-2498-z4wj9-521903842, networkLocation: /default-rack, certSerialId: null}, Type:RATIS, Factor:ONE, State:CLOSED] removed from db
2019-11-15 07:11:08,858 [Thread-178] INFO  pipeline.SCMPipelineManager (SCMPipelineManager.java:finalizeAndDestroyPipeline(315)) - destroying pipeline:Pipeline[ Id: fa28f3a9-b7b5-4568-9d11-2792791d3cfa, Nodes: 2d4d3ea5-9e05-49b1-81c4-17e643da7a24{ip: 192.168.69.126, host: pr-hdds-2498-z4wj9-521903842, networkLocation: /default-rack, certSerialId: null}2a42fb6f-b869-4110-a96a-9a2b8429a9bf{ip: 192.168.69.126, host: pr-hdds-2498-z4wj9-521903842, networkLocation: /default-rack, certSerialId: null}a0d94a7e-dbf1-488b-af78-b2c5ada598db{ip: 192.168.69.126, host: pr-hdds-2498-z4wj9-521903842, networkLocation: /default-rack, certSerialId: null}, Type:RATIS, Factor:THREE, State:ALLOCATED]
2019-11-15 07:11:08,870 [grpc-default-executor-2] INFO  impl.RaftServerProxy (RaftServerProxy.java:addNew(89)) - 2d4d3ea5-9e05-49b1-81c4-17e643da7a24: addNew group-E3FE6CA6F98F:[2d4d3ea5-9e05-49b1-81c4-17e643da7a24:192.168.69.126:45299] returns group-E3FE6CA6F98F:java.util.concurrent.CompletableFuture@8fc8126[Not completed]
2019-11-15 07:11:08,872 [pool-37-thread-1] INFO  impl.RaftServerImpl (RaftServerImpl.java:<init>(98)) - 2d4d3ea5-9e05-49b1-81c4-17e643da7a24: new RaftServerImpl for group-E3FE6CA6F98F:[2d4d3ea5-9e05-49b1-81c4-17e643da7a24:192.168.69.126:45299] with ContainerStateMachine:uninitialized
2019-11-15 07:11:08,874 [pool-37-thread-1] INFO  server.RaftServerConfigKeys (ConfUtils.java:logGet(43)) - raft.server.rpc.timeout.min = 5s (custom)
2019-11-15 07:11:08,874 [pool-37-thread-1] INFO  server.RaftServerConfigKeys (ConfUtils.java:logGet(43)) - raft.server.rpc.timeout.max = 5200ms (custom)
2019-11-15 07:11:08,874 [pool-37-thread-1] INFO  server.RaftServerConfigKeys (ConfUtils.java:logGet(43)) - raft.server.rpcslowness.timeout = 120s (custom)
2019-11-15 07:11:08,874 [pool-37-thread-1] INFO  server.RaftServerConfigKeys (ConfUtils.java:logGet(43)) - raft.server.sleep.deviation.threshold = 300 (default)
2019-11-15 07:11:08,874 [pool-37-thread-1] INFO  server.RaftServerConfigKeys (ConfUtils.java:logGet(43)) - raft.server.log.appender.install.snapshot.enabled = false (custom)
2019-11-15 07:11:08,875 [pool-37-thread-1] INFO  impl.RaftServerImpl (ServerState.java:<init>(103)) - 2d4d3ea5-9e05-49b1-81c4-17e643da7a24@group-E3FE6CA6F98F: ConfigurationManager, init=-1: [2d4d3ea5-9e05-49b1-81c4-17e643da7a24:192.168.69.126:45299], old=null, confs=<EMPTY_MAP>
2019-11-15 07:11:08,875 [pool-37-thread-1] INFO  server.RaftServerConfigKeys (ConfUtils.java:logGet(43)) - raft.server.storage.dir = [/workdir/hadoop-ozone/tools/target/test-dir/MiniOzoneClusterImpl-51b9b0f2-17ac-4b5b-be5d-f7608296e48f/datanode-1/data/ratis] (custom)
2019-11-15 07:11:08,875 [pool-37-thread-1] INFO  server.RaftServerConfigKeys (ConfUtils.java:logGet(43)) - raft.server.log.corruption.policy = EXCEPTION (default)
2019-11-15 07:11:08,876 [pool-37-thread-1] INFO  storage.RaftStorageDirectory (RaftStorageDirectory.java:analyzeStorage(246)) - The storage directory /workdir/hadoop-ozone/tools/target/test-dir/MiniOzoneClusterImpl-51b9b0f2-17ac-4b5b-be5d-f7608296e48f/datanode-1/data/ratis/6973d2d9-1e28-4ac3-a42f-e3fe6ca6f98f does not exist. Creating ...
2019-11-15 07:11:08,899 [pool-37-thread-1] INFO  storage.RaftStorageDirectory (RaftStorageDirectory.java:tryLock(328)) - Lock on /workdir/hadoop-ozone/tools/target/test-dir/MiniOzoneClusterImpl-51b9b0f2-17ac-4b5b-be5d-f7608296e48f/datanode-1/data/ratis/6973d2d9-1e28-4ac3-a42f-e3fe6ca6f98f/in_use.lock acquired by nodename 7599@pr-hdds-2498-z4wj9-521903842
2019-11-15 07:11:08,923 [pool-37-thread-1] INFO  storage.RaftStorage (RaftStorage.java:format(84)) - Storage directory /workdir/hadoop-ozone/tools/target/test-dir/MiniOzoneClusterImpl-51b9b0f2-17ac-4b5b-be5d-f7608296e48f/datanode-1/data/ratis/6973d2d9-1e28-4ac3-a42f-e3fe6ca6f98f has been successfully formatted.
2019-11-15 07:11:08,923 [pool-37-thread-1] INFO  ratis.ContainerStateMachine (ContainerStateMachine.java:loadSnapshot(223)) - group-E3FE6CA6F98F: The snapshot info is null. Setting the last applied indexto:(t:0, i:~)
2019-11-15 07:11:08,923 [pool-37-thread-1] INFO  server.RaftServerConfigKeys (ConfUtils.java:logGet(43)) - raft.server.notification.no-leader.timeout = 120s (custom)
2019-11-15 07:11:08,924 [pool-37-thread-1] INFO  server.RaftServerConfigKeys (ConfUtils.java:logGet(43)) - raft.server.log.use.memory = false (default)
2019-11-15 07:11:08,924 [pool-37-thread-1] INFO  server.RaftServerConfigKeys (ConfUtils.java:logGet(43)) - raft.server.log.purge.gap = 1000000 (custom)
2019-11-15 07:11:08,924 [pool-37-thread-1] INFO  server.RaftServerConfigKeys (ConfUtils.java:logGet(43)) - raft.server.log.appender.buffer.byte-limit = 33554432 (custom)
2019-11-15 07:11:08,924 [pool-37-thread-1] INFO  server.RaftServerConfigKeys (ConfUtils.java:logGet(43)) - raft.server.log.segment.size.max = 1048576 (custom)
2019-11-15 07:11:08,925 [pool-37-thread-1] INFO  server.RaftServerConfigKeys (ConfUtils.java:logGet(43)) - raft.server.log.segment.cache.num.max = 2 (custom)
2019-11-15 07:11:08,925 [pool-37-thread-1] INFO  segmented.SegmentedRaftLogWorker (SegmentedRaftLogWorker.java:<init>(173)) - new 2d4d3ea5-9e05-49b1-81c4-17e643da7a24@group-E3FE6CA6F98F-SegmentedRaftLogWorker for RaftStorage:Storage Directory /workdir/hadoop-ozone/tools/target/test-dir/MiniOzoneClusterImpl-51b9b0f2-17ac-4b5b-be5d-f7608296e48f/datanode-1/data/ratis/6973d2d9-1e28-4ac3-a42f-e3fe6ca6f98f
2019-11-15 07:11:08,925 [pool-37-thread-1] INFO  server.RaftServerConfigKeys (ConfUtils.java:logGet(43)) - raft.server.log.queue.byte-limit = 2147483647 (custom)
2019-11-15 07:11:08,925 [pool-37-thread-1] INFO  server.RaftServerConfigKeys (ConfUtils.java:logGet(43)) - raft.server.log.queue.element-limit = 1024 (custom)
2019-11-15 07:11:08,925 [pool-37-thread-1] INFO  server.RaftServerConfigKeys (ConfUtils.java:logGet(43)) - raft.server.log.segment.size.max = 1048576 (custom)
2019-11-15 07:11:08,925 [pool-37-thread-1] INFO  server.RaftServerConfigKeys (ConfUtils.java:logGet(43)) - raft.server.log.preallocated.size = 16384 (custom)
2019-11-15 07:11:08,926 [pool-37-thread-1] INFO  server.RaftServerConfigKeys (ConfUtils.java:logGet(43)) - raft.server.log.write.buffer.size = 33554432 (custom)
2019-11-15 07:11:08,926 [pool-37-thread-1] INFO  server.RaftServerConfigKeys (ConfUtils.java:logGet(43)) - raft.server.log.force.sync.num = 128 (default)
2019-11-15 07:11:08,926 [pool-37-thread-1] INFO  server.RaftServerConfigKeys (ConfUtils.java:logGet(43)) - raft.server.log.statemachine.data.sync = true (default)
2019-11-15 07:11:08,926 [pool-37-thread-1] INFO  server.RaftServerConfigKeys (ConfUtils.java:logGet(43)) - raft.server.log.statemachine.data.sync.timeout = 10s (default)
2019-11-15 07:11:08,926 [pool-37-thread-1] INFO  server.RaftServerConfigKeys (ConfUtils.java:logGet(43)) - raft.server.log.statemachine.data.sync.timeout.retry = -1 (default)
2019-11-15 07:11:08,927 [pool-37-thread-1] INFO  server.RaftServerConfigKeys (ConfUtils.java:logGet(43)) - raft.server.log.statemachine.data.caching.enabled = true (custom)
2019-11-15 07:11:08,927 [pool-37-thread-1] INFO  segmented.SegmentedRaftLogWorker (SegmentedRaftLogWorker.java:lambda$new$0(128)) - 2d4d3ea5-9e05-49b1-81c4-17e643da7a24@group-E3FE6CA6F98F-SegmentedRaftLogWorker: flushIndex: setUnconditionally 0 -> -1
2019-11-15 07:11:08,928 [pool-37-thread-1] INFO  server.RaftServerConfigKeys (ConfUtils.java:logGet(43)) - raft.server.snapshot.auto.trigger.enabled = true (custom)
2019-11-15 07:11:08,928 [pool-37-thread-1] INFO  server.RaftServerConfigKeys (ConfUtils.java:logGet(43)) - raft.server.snapshot.auto.trigger.threshold = 10000 (custom)
2019-11-15 07:11:08,928 [pool-37-thread-1] INFO  server.RaftServerConfigKeys (ConfUtils.java:logGet(43)) - raft.server.snapshot.retention.file.num = 5 (custom)
2019-11-15 07:11:08,928 [pool-37-thread-1] INFO  server.RaftServerConfigKeys (ConfUtils.java:logGet(43)) - raft.server.retrycache.expirytime = 600000ms (custom)
2019-11-15 07:11:08,929 [pool-37-thread-1] WARN  impl.MetricRegistriesImpl (MetricRegistriesImpl.java:lambda$create$1(61)) - First MetricRegistry has been created without registering reporters. You may need to call MetricRegistries.global().addReportRegistration(...) before.
2019-11-15 07:11:08,929 [pool-37-thread-1] WARN  impl.MetricRegistriesImpl (MetricRegistriesImpl.java:lambda$create$1(61)) - First MetricRegistry has been created without registering reporters. You may need to call MetricRegistries.global().addReportRegistration(...) before.
2019-11-15 07:11:08,929 [pool-37-thread-1] INFO  impl.RaftServerImpl (RaftServerImpl.java:start(184)) - 2d4d3ea5-9e05-49b1-81c4-17e643da7a24@group-E3FE6CA6F98F: start as a follower, conf=-1: [2d4d3ea5-9e05-49b1-81c4-17e643da7a24:192.168.69.126:45299], old=null
2019-11-15 07:11:08,929 [pool-37-thread-1] INFO  impl.RaftServerImpl (RaftServerImpl.java:setRole(173)) - 2d4d3ea5-9e05-49b1-81c4-17e643da7a24@group-E3FE6CA6F98F: changes role from      null to FOLLOWER at term 0 for startAsFollower
2019-11-15 07:11:08,930 [pool-37-thread-1] INFO  impl.RoleInfo (RoleInfo.java:updateAndGet(143)) - 2d4d3ea5-9e05-49b1-81c4-17e643da7a24: start FollowerState
2019-11-15 07:11:08,930 [pool-37-thread-1] INFO  util.JmxRegister (JmxRegister.java:tryRegister(44)) - Successfully registered JMX Bean with object name Ratis:service=RaftServer,group=group-E3FE6CA6F98F,id=2d4d3ea5-9e05-49b1-81c4-17e643da7a24
2019-11-15 07:11:08,931 [pool-37-thread-1] WARN  impl.MetricRegistriesImpl (MetricRegistriesImpl.java:lambda$create$1(61)) - First MetricRegistry has been created without registering reporters. You may need to call MetricRegistries.global().addReportRegistration(...) before.
2019-11-15 07:11:08,939 [RatisPipelineUtilsThread] INFO  pipeline.PipelineStateManager (PipelineStateManager.java:addPipeline(55)) - Created pipeline Pipeline[ Id: 6973d2d9-1e28-4ac3-a42f-e3fe6ca6f98f, Nodes: 2d4d3ea5-9e05-49b1-81c4-17e643da7a24{ip: 192.168.69.126, host: pr-hdds-2498-z4wj9-521903842, networkLocation: /default-rack, certSerialId: null}, Type:RATIS, Factor:ONE, State:ALLOCATED]
2019-11-15 07:11:08,940 [Thread-178] INFO  pipeline.PipelineStateManager (PipelineStateManager.java:finalizePipeline(121)) - Pipeline Pipeline[ Id: fa28f3a9-b7b5-4568-9d11-2792791d3cfa, Nodes: 2d4d3ea5-9e05-49b1-81c4-17e643da7a24{ip: 192.168.69.126, host: pr-hdds-2498-z4wj9-521903842, networkLocation: /default-rack, certSerialId: null}2a42fb6f-b869-4110-a96a-9a2b8429a9bf{ip: 192.168.69.126, host: pr-hdds-2498-z4wj9-521903842, networkLocation: /default-rack, certSerialId: null}a0d94a7e-dbf1-488b-af78-b2c5ada598db{ip: 192.168.69.126, host: pr-hdds-2498-z4wj9-521903842, networkLocation: /default-rack, certSerialId: null}, Type:RATIS, Factor:THREE, State:CLOSED] moved to CLOSED state
2019-11-15 07:11:08,951 [grpc-default-executor-2] INFO  impl.RaftServerProxy (RaftServerProxy.java:remove(95)) - 2d4d3ea5-9e05-49b1-81c4-17e643da7a24: remove  FOLLOWER 2d4d3ea5-9e05-49b1-81c4-17e643da7a24@group-2792791D3CFA:t0, leader=null, voted=null, raftlog=2d4d3ea5-9e05-49b1-81c4-17e643da7a24@group-2792791D3CFA-SegmentedRaftLog:OPENED:c-1,f-1,i0, conf=-1: [2a42fb6f-b869-4110-a96a-9a2b8429a9bf:192.168.69.126:33040, a0d94a7e-dbf1-488b-af78-b2c5ada598db:192.168.69.126:46707, 2d4d3ea5-9e05-49b1-81c4-17e643da7a24:192.168.69.126:45299], old=null RUNNING
2019-11-15 07:11:08,952 [grpc-default-executor-2] INFO  impl.RaftServerImpl (RaftServerImpl.java:lambda$shutdown$3(250)) - 2d4d3ea5-9e05-49b1-81c4-17e643da7a24@group-2792791D3CFA: shutdown
2019-11-15 07:11:08,952 [grpc-default-executor-2] INFO  util.JmxRegister (JmxRegister.java:unregister(73)) - Successfully un-registered JMX Bean with object name Ratis:service=RaftServer,group=group-2792791D3CFA,id=2d4d3ea5-9e05-49b1-81c4-17e643da7a24
2019-11-15 07:11:08,953 [grpc-default-executor-2] INFO  impl.RoleInfo (RoleInfo.java:shutdownFollowerState(121)) - 2d4d3ea5-9e05-49b1-81c4-17e643da7a24: shutdown FollowerState
2019-11-15 07:11:08,953 [grpc-default-executor-2] INFO  impl.StateMachineUpdater (StateMachineUpdater.java:stopAndJoin(136)) - 2d4d3ea5-9e05-49b1-81c4-17e643da7a24@group-2792791D3CFA-StateMachineUpdater: set stopIndex = -1
2019-11-15 07:11:08,953 [Thread-192] INFO  impl.FollowerState (FollowerState.java:run(120)) - 2d4d3ea5-9e05-49b1-81c4-17e643da7a24@group-2792791D3CFA-FollowerState was interrupted: java.lang.InterruptedException: sleep interrupted
2019-11-15 07:11:08,954 [grpc-default-executor-2] INFO  impl.RaftServerImpl (ServerState.java:close(387)) - 2d4d3ea5-9e05-49b1-81c4-17e643da7a24@group-2792791D3CFA: closes. applyIndex: -1
2019-11-15 07:11:08,955 [2d4d3ea5-9e05-49b1-81c4-17e643da7a24@group-2792791D3CFA-SegmentedRaftLogWorker] INFO  segmented.SegmentedRaftLogWorker (SegmentedRaftLogWorker.java:run(316)) - 2d4d3ea5-9e05-49b1-81c4-17e643da7a24@group-2792791D3CFA-SegmentedRaftLogWorker was interrupted, exiting. There are 0 tasks remaining in the queue.
2019-11-15 07:11:08,955 [grpc-default-executor-2] INFO  segmented.SegmentedRaftLogWorker (SegmentedRaftLogWorker.java:close(224)) - 2d4d3ea5-9e05-49b1-81c4-17e643da7a24@group-2792791D3CFA-SegmentedRaftLogWorker close()
2019-11-15 07:11:08,976 [grpc-default-executor-2] INFO  impl.RaftServerProxy (RaftServerProxy.java:remove(95)) - 2a42fb6f-b869-4110-a96a-9a2b8429a9bf: remove  FOLLOWER 2a42fb6f-b869-4110-a96a-9a2b8429a9bf@group-2792791D3CFA:t0, leader=null, voted=null, raftlog=2a42fb6f-b869-4110-a96a-9a2b8429a9bf@group-2792791D3CFA-SegmentedRaftLog:OPENED:c-1,f-1,i0, conf=-1: [2a42fb6f-b869-4110-a96a-9a2b8429a9bf:192.168.69.126:33040, a0d94a7e-dbf1-488b-af78-b2c5ada598db:192.168.69.126:46707, 2d4d3ea5-9e05-49b1-81c4-17e643da7a24:192.168.69.126:45299], old=null RUNNING
2019-11-15 07:11:08,976 [grpc-default-executor-2] INFO  impl.RaftServerImpl (RaftServerImpl.java:lambda$shutdown$3(250)) - 2a42fb6f-b869-4110-a96a-9a2b8429a9bf@group-2792791D3CFA: shutdown
2019-11-15 07:11:08,977 [grpc-default-executor-2] INFO  util.JmxRegister (JmxRegister.java:unregister(73)) - Successfully un-registered JMX Bean with object name Ratis:service=RaftServer,group=group-2792791D3CFA,id=2a42fb6f-b869-4110-a96a-9a2b8429a9bf
2019-11-15 07:11:08,977 [grpc-default-executor-2] INFO  impl.RoleInfo (RoleInfo.java:shutdownFollowerState(121)) - 2a42fb6f-b869-4110-a96a-9a2b8429a9bf: shutdown FollowerState
2019-11-15 07:11:08,977 [grpc-default-executor-2] INFO  impl.StateMachineUpdater (StateMachineUpdater.java:stopAndJoin(136)) - 2a42fb6f-b869-4110-a96a-9a2b8429a9bf@group-2792791D3CFA-StateMachineUpdater: set stopIndex = -1
2019-11-15 07:11:08,977 [Thread-194] INFO  impl.FollowerState (FollowerState.java:run(120)) - 2a42fb6f-b869-4110-a96a-9a2b8429a9bf@group-2792791D3CFA-FollowerState was interrupted: java.lang.InterruptedException: sleep interrupted
2019-11-15 07:11:08,978 [grpc-default-executor-2] INFO  impl.RaftServerImpl (ServerState.java:close(387)) - 2a42fb6f-b869-4110-a96a-9a2b8429a9bf@group-2792791D3CFA: closes. applyIndex: -1
2019-11-15 07:11:08,979 [2a42fb6f-b869-4110-a96a-9a2b8429a9bf@group-2792791D3CFA-SegmentedRaftLogWorker] INFO  segmented.SegmentedRaftLogWorker (SegmentedRaftLogWorker.java:run(316)) - 2a42fb6f-b869-4110-a96a-9a2b8429a9bf@group-2792791D3CFA-SegmentedRaftLogWorker was interrupted, exiting. There are 0 tasks remaining in the queue.
2019-11-15 07:11:08,980 [grpc-default-executor-2] INFO  segmented.SegmentedRaftLogWorker (SegmentedRaftLogWorker.java:close(224)) - 2a42fb6f-b869-4110-a96a-9a2b8429a9bf@group-2792791D3CFA-SegmentedRaftLogWorker close()
2019-11-15 07:11:09,000 [grpc-default-executor-2] INFO  impl.RaftServerProxy (RaftServerProxy.java:remove(95)) - a0d94a7e-dbf1-488b-af78-b2c5ada598db: remove  FOLLOWER a0d94a7e-dbf1-488b-af78-b2c5ada598db@group-2792791D3CFA:t0, leader=null, voted=null, raftlog=a0d94a7e-dbf1-488b-af78-b2c5ada598db@group-2792791D3CFA-SegmentedRaftLog:OPENED:c-1,f-1,i0, conf=-1: [2a42fb6f-b869-4110-a96a-9a2b8429a9bf:192.168.69.126:33040, a0d94a7e-dbf1-488b-af78-b2c5ada598db:192.168.69.126:46707, 2d4d3ea5-9e05-49b1-81c4-17e643da7a24:192.168.69.126:45299], old=null RUNNING
2019-11-15 07:11:09,001 [grpc-default-executor-2] INFO  impl.RaftServerImpl (RaftServerImpl.java:lambda$shutdown$3(250)) - a0d94a7e-dbf1-488b-af78-b2c5ada598db@group-2792791D3CFA: shutdown
2019-11-15 07:11:09,001 [grpc-default-executor-2] INFO  util.JmxRegister (JmxRegister.java:unregister(73)) - Successfully un-registered JMX Bean with object name Ratis:service=RaftServer,group=group-2792791D3CFA,id=a0d94a7e-dbf1-488b-af78-b2c5ada598db
2019-11-15 07:11:09,001 [grpc-default-executor-2] INFO  impl.RoleInfo (RoleInfo.java:shutdownFollowerState(121)) - a0d94a7e-dbf1-488b-af78-b2c5ada598db: shutdown FollowerState
2019-11-15 07:11:09,001 [grpc-default-executor-2] INFO  impl.StateMachineUpdater (StateMachineUpdater.java:stopAndJoin(136)) - a0d94a7e-dbf1-488b-af78-b2c5ada598db@group-2792791D3CFA-StateMachineUpdater: set stopIndex = -1
2019-11-15 07:11:09,001 [Thread-190] INFO  impl.FollowerState (FollowerState.java:run(120)) - a0d94a7e-dbf1-488b-af78-b2c5ada598db@group-2792791D3CFA-FollowerState was interrupted: java.lang.InterruptedException: sleep interrupted
2019-11-15 07:11:09,002 [grpc-default-executor-2] INFO  impl.RaftServerImpl (ServerState.java:close(387)) - a0d94a7e-dbf1-488b-af78-b2c5ada598db@group-2792791D3CFA: closes. applyIndex: -1
2019-11-15 07:11:09,003 [a0d94a7e-dbf1-488b-af78-b2c5ada598db@group-2792791D3CFA-SegmentedRaftLogWorker] INFO  segmented.SegmentedRaftLogWorker (SegmentedRaftLogWorker.java:run(316)) - a0d94a7e-dbf1-488b-af78-b2c5ada598db@group-2792791D3CFA-SegmentedRaftLogWorker was interrupted, exiting. There are 0 tasks remaining in the queue.
2019-11-15 07:11:09,004 [grpc-default-executor-2] INFO  segmented.SegmentedRaftLogWorker (SegmentedRaftLogWorker.java:close(224)) - a0d94a7e-dbf1-488b-af78-b2c5ada598db@group-2792791D3CFA-SegmentedRaftLogWorker close()
2019-11-15 07:11:09,013 [Thread-178] INFO  pipeline.PipelineStateManager (PipelineStateManager.java:removePipeline(106)) - Pipeline Pipeline[ Id: fa28f3a9-b7b5-4568-9d11-2792791d3cfa, Nodes: 2d4d3ea5-9e05-49b1-81c4-17e643da7a24{ip: 192.168.69.126, host: pr-hdds-2498-z4wj9-521903842, networkLocation: /default-rack, certSerialId: null}2a42fb6f-b869-4110-a96a-9a2b8429a9bf{ip: 192.168.69.126, host: pr-hdds-2498-z4wj9-521903842, networkLocation: /default-rack, certSerialId: null}a0d94a7e-dbf1-488b-af78-b2c5ada598db{ip: 192.168.69.126, host: pr-hdds-2498-z4wj9-521903842, networkLocation: /default-rack, certSerialId: null}, Type:RATIS, Factor:THREE, State:CLOSED] removed from db
2019-11-15 07:11:09,013 [Thread-178] INFO  pipeline.SCMPipelineManager (SCMPipelineManager.java:finalizeAndDestroyPipeline(315)) - destroying pipeline:Pipeline[ Id: 308deb6c-e374-4c1b-b384-c2d15949182f, Nodes: a0d94a7e-dbf1-488b-af78-b2c5ada598db{ip: 192.168.69.126, host: pr-hdds-2498-z4wj9-521903842, networkLocation: /default-rack, certSerialId: null}, Type:RATIS, Factor:ONE, State:ALLOCATED]
2019-11-15 07:11:09,031 [grpc-default-executor-0] INFO  impl.RaftServerProxy (RaftServerProxy.java:addNew(89)) - a0d94a7e-dbf1-488b-af78-b2c5ada598db: addNew group-93F00529DFED:[2a42fb6f-b869-4110-a96a-9a2b8429a9bf:192.168.69.126:33040, a0d94a7e-dbf1-488b-af78-b2c5ada598db:192.168.69.126:46707, 2d4d3ea5-9e05-49b1-81c4-17e643da7a24:192.168.69.126:45299] returns group-93F00529DFED:java.util.concurrent.CompletableFuture@20d45de1[Not completed]
2019-11-15 07:11:09,034 [grpc-default-executor-1] INFO  impl.RaftServerProxy (RaftServerProxy.java:addNew(89)) - 2d4d3ea5-9e05-49b1-81c4-17e643da7a24: addNew group-93F00529DFED:[2a42fb6f-b869-4110-a96a-9a2b8429a9bf:192.168.69.126:33040, a0d94a7e-dbf1-488b-af78-b2c5ada598db:192.168.69.126:46707, 2d4d3ea5-9e05-49b1-81c4-17e643da7a24:192.168.69.126:45299] returns group-93F00529DFED:java.util.concurrent.CompletableFuture@32f52e8[Not completed]
2019-11-15 07:11:09,034 [grpc-default-executor-0] INFO  impl.RaftServerProxy (RaftServerProxy.java:addNew(89)) - 2a42fb6f-b869-4110-a96a-9a2b8429a9bf: addNew group-93F00529DFED:[2a42fb6f-b869-4110-a96a-9a2b8429a9bf:192.168.69.126:33040, a0d94a7e-dbf1-488b-af78-b2c5ada598db:192.168.69.126:46707, 2d4d3ea5-9e05-49b1-81c4-17e643da7a24:192.168.69.126:45299] returns group-93F00529DFED:java.util.concurrent.CompletableFuture@c39af47[Not completed]
2019-11-15 07:11:09,035 [pool-27-thread-1] INFO  impl.RaftServerImpl (RaftServerImpl.java:<init>(98)) - a0d94a7e-dbf1-488b-af78-b2c5ada598db: new RaftServerImpl for group-93F00529DFED:[2a42fb6f-b869-4110-a96a-9a2b8429a9bf:192.168.69.126:33040, a0d94a7e-dbf1-488b-af78-b2c5ada598db:192.168.69.126:46707, 2d4d3ea5-9e05-49b1-81c4-17e643da7a24:192.168.69.126:45299] with ContainerStateMachine:uninitialized
2019-11-15 07:11:09,036 [pool-27-thread-1] INFO  server.RaftServerConfigKeys (ConfUtils.java:logGet(43)) - raft.server.rpc.timeout.min = 5s (custom)
2019-11-15 07:11:09,036 [pool-27-thread-1] INFO  server.RaftServerConfigKeys (ConfUtils.java:logGet(43)) - raft.server.rpc.timeout.max = 5200ms (custom)
2019-11-15 07:11:09,036 [pool-27-thread-1] INFO  server.RaftServerConfigKeys (ConfUtils.java:logGet(43)) - raft.server.rpcslowness.timeout = 120s (custom)
2019-11-15 07:11:09,036 [pool-27-thread-1] INFO  server.RaftServerConfigKeys (ConfUtils.java:logGet(43)) - raft.server.sleep.deviation.threshold = 300 (default)
2019-11-15 07:11:09,036 [pool-27-thread-1] INFO  server.RaftServerConfigKeys (ConfUtils.java:logGet(43)) - raft.server.log.appender.install.snapshot.enabled = false (custom)
2019-11-15 07:11:09,036 [pool-47-thread-1] INFO  impl.RaftServerImpl (RaftServerImpl.java:<init>(98)) - 2a42fb6f-b869-4110-a96a-9a2b8429a9bf: new RaftServerImpl for group-93F00529DFED:[2a42fb6f-b869-4110-a96a-9a2b8429a9bf:192.168.69.126:33040, a0d94a7e-dbf1-488b-af78-b2c5ada598db:192.168.69.126:46707, 2d4d3ea5-9e05-49b1-81c4-17e643da7a24:192.168.69.126:45299] with ContainerStateMachine:uninitialized
2019-11-15 07:11:09,037 [pool-27-thread-1] INFO  impl.RaftServerImpl (ServerState.java:<init>(103)) - a0d94a7e-dbf1-488b-af78-b2c5ada598db@group-93F00529DFED: ConfigurationManager, init=-1: [2a42fb6f-b869-4110-a96a-9a2b8429a9bf:192.168.69.126:33040, a0d94a7e-dbf1-488b-af78-b2c5ada598db:192.168.69.126:46707, 2d4d3ea5-9e05-49b1-81c4-17e643da7a24:192.168.69.126:45299], old=null, confs=<EMPTY_MAP>
2019-11-15 07:11:09,037 [pool-47-thread-1] INFO  server.RaftServerConfigKeys (ConfUtils.java:logGet(43)) - raft.server.rpc.timeout.min = 5s (custom)
2019-11-15 07:11:09,037 [pool-27-thread-1] INFO  server.RaftServerConfigKeys (ConfUtils.java:logGet(43)) - raft.server.storage.dir = [/workdir/hadoop-ozone/tools/target/test-dir/MiniOzoneClusterImpl-51b9b0f2-17ac-4b5b-be5d-f7608296e48f/datanode-0/data/ratis] (custom)
2019-11-15 07:11:09,037 [pool-47-thread-1] INFO  server.RaftServerConfigKeys (ConfUtils.java:logGet(43)) - raft.server.rpc.timeout.max = 5200ms (custom)
2019-11-15 07:11:09,037 [pool-47-thread-1] INFO  server.RaftServerConfigKeys (ConfUtils.java:logGet(43)) - raft.server.rpcslowness.timeout = 120s (custom)
2019-11-15 07:11:09,037 [pool-27-thread-1] INFO  server.RaftServerConfigKeys (ConfUtils.java:logGet(43)) - raft.server.log.corruption.policy = EXCEPTION (default)
2019-11-15 07:11:09,037 [pool-47-thread-1] INFO  server.RaftServerConfigKeys (ConfUtils.java:logGet(43)) - raft.server.sleep.deviation.threshold = 300 (default)
2019-11-15 07:11:09,038 [pool-37-thread-1] INFO  impl.RaftServerImpl (RaftServerImpl.java:<init>(98)) - 2d4d3ea5-9e05-49b1-81c4-17e643da7a24: new RaftServerImpl for group-93F00529DFED:[2a42fb6f-b869-4110-a96a-9a2b8429a9bf:192.168.69.126:33040, a0d94a7e-dbf1-488b-af78-b2c5ada598db:192.168.69.126:46707, 2d4d3ea5-9e05-49b1-81c4-17e643da7a24:192.168.69.126:45299] with ContainerStateMachine:uninitialized
2019-11-15 07:11:09,038 [pool-27-thread-1] INFO  storage.RaftStorageDirectory (RaftStorageDirectory.java:analyzeStorage(246)) - The storage directory /workdir/hadoop-ozone/tools/target/test-dir/MiniOzoneClusterImpl-51b9b0f2-17ac-4b5b-be5d-f7608296e48f/datanode-0/data/ratis/e7b75341-81cc-4f1b-84a9-93f00529dfed does not exist. Creating ...
2019-11-15 07:11:09,038 [pool-47-thread-1] INFO  server.RaftServerConfigKeys (ConfUtils.java:logGet(43)) - raft.server.log.appender.install.snapshot.enabled = false (custom)
2019-11-15 07:11:09,038 [pool-37-thread-1] INFO  server.RaftServerConfigKeys (ConfUtils.java:logGet(43)) - raft.server.rpc.timeout.min = 5s (custom)
2019-11-15 07:11:09,038 [pool-47-thread-1] INFO  impl.RaftServerImpl (ServerState.java:<init>(103)) - 2a42fb6f-b869-4110-a96a-9a2b8429a9bf@group-93F00529DFED: ConfigurationManager, init=-1: [2a42fb6f-b869-4110-a96a-9a2b8429a9bf:192.168.69.126:33040, a0d94a7e-dbf1-488b-af78-b2c5ada598db:192.168.69.126:46707, 2d4d3ea5-9e05-49b1-81c4-17e643da7a24:192.168.69.126:45299], old=null, confs=<EMPTY_MAP>
2019-11-15 07:11:09,038 [pool-37-thread-1] INFO  server.RaftServerConfigKeys (ConfUtils.java:logGet(43)) - raft.server.rpc.timeout.max = 5200ms (custom)
2019-11-15 07:11:09,039 [pool-47-thread-1] INFO  server.RaftServerConfigKeys (ConfUtils.java:logGet(43)) - raft.server.storage.dir = [/workdir/hadoop-ozone/tools/target/test-dir/MiniOzoneClusterImpl-51b9b0f2-17ac-4b5b-be5d-f7608296e48f/datanode-2/data/ratis] (custom)
2019-11-15 07:11:09,039 [pool-37-thread-1] INFO  server.RaftServerConfigKeys (ConfUtils.java:logGet(43)) - raft.server.rpcslowness.timeout = 120s (custom)
2019-11-15 07:11:09,039 [pool-37-thread-1] INFO  server.RaftServerConfigKeys (ConfUtils.java:logGet(43)) - raft.server.sleep.deviation.threshold = 300 (default)
2019-11-15 07:11:09,039 [pool-47-thread-1] INFO  server.RaftServerConfigKeys (ConfUtils.java:logGet(43)) - raft.server.log.corruption.policy = EXCEPTION (default)
2019-11-15 07:11:09,039 [pool-37-thread-1] INFO  server.RaftServerConfigKeys (ConfUtils.java:logGet(43)) - raft.server.log.appender.install.snapshot.enabled = false (custom)
2019-11-15 07:11:09,039 [pool-47-thread-1] INFO  storage.RaftStorageDirectory (RaftStorageDirectory.java:analyzeStorage(246)) - The storage directory /workdir/hadoop-ozone/tools/target/test-dir/MiniOzoneClusterImpl-51b9b0f2-17ac-4b5b-be5d-f7608296e48f/datanode-2/data/ratis/e7b75341-81cc-4f1b-84a9-93f00529dfed does not exist. Creating ...
2019-11-15 07:11:09,039 [pool-37-thread-1] INFO  impl.RaftServerImpl (ServerState.java:<init>(103)) - 2d4d3ea5-9e05-49b1-81c4-17e643da7a24@group-93F00529DFED: ConfigurationManager, init=-1: [2a42fb6f-b869-4110-a96a-9a2b8429a9bf:192.168.69.126:33040, a0d94a7e-dbf1-488b-af78-b2c5ada598db:192.168.69.126:46707, 2d4d3ea5-9e05-49b1-81c4-17e643da7a24:192.168.69.126:45299], old=null, confs=<EMPTY_MAP>
2019-11-15 07:11:09,040 [pool-37-thread-1] INFO  server.RaftServerConfigKeys (ConfUtils.java:logGet(43)) - raft.server.storage.dir = [/workdir/hadoop-ozone/tools/target/test-dir/MiniOzoneClusterImpl-51b9b0f2-17ac-4b5b-be5d-f7608296e48f/datanode-1/data/ratis] (custom)
2019-11-15 07:11:09,040 [pool-37-thread-1] INFO  server.RaftServerConfigKeys (ConfUtils.java:logGet(43)) - raft.server.log.corruption.policy = EXCEPTION (default)
2019-11-15 07:11:09,040 [pool-37-thread-1] INFO  storage.RaftStorageDirectory (RaftStorageDirectory.java:analyzeStorage(246)) - The storage directory /workdir/hadoop-ozone/tools/target/test-dir/MiniOzoneClusterImpl-51b9b0f2-17ac-4b5b-be5d-f7608296e48f/datanode-1/data/ratis/e7b75341-81cc-4f1b-84a9-93f00529dfed does not exist. Creating ...
2019-11-15 07:11:09,072 [pool-37-thread-1] INFO  storage.RaftStorageDirectory (RaftStorageDirectory.java:tryLock(328)) - Lock on /workdir/hadoop-ozone/tools/target/test-dir/MiniOzoneClusterImpl-51b9b0f2-17ac-4b5b-be5d-f7608296e48f/datanode-1/data/ratis/e7b75341-81cc-4f1b-84a9-93f00529dfed/in_use.lock acquired by nodename 7599@pr-hdds-2498-z4wj9-521903842
2019-11-15 07:11:09,072 [pool-27-thread-1] INFO  storage.RaftStorageDirectory (RaftStorageDirectory.java:tryLock(328)) - Lock on /workdir/hadoop-ozone/tools/target/test-dir/MiniOzoneClusterImpl-51b9b0f2-17ac-4b5b-be5d-f7608296e48f/datanode-0/data/ratis/e7b75341-81cc-4f1b-84a9-93f00529dfed/in_use.lock acquired by nodename 7599@pr-hdds-2498-z4wj9-521903842
2019-11-15 07:11:09,072 [pool-47-thread-1] INFO  storage.RaftStorageDirectory (RaftStorageDirectory.java:tryLock(328)) - Lock on /workdir/hadoop-ozone/tools/target/test-dir/MiniOzoneClusterImpl-51b9b0f2-17ac-4b5b-be5d-f7608296e48f/datanode-2/data/ratis/e7b75341-81cc-4f1b-84a9-93f00529dfed/in_use.lock acquired by nodename 7599@pr-hdds-2498-z4wj9-521903842
2019-11-15 07:11:09,095 [pool-27-thread-1] INFO  storage.RaftStorage (RaftStorage.java:format(84)) - Storage directory /workdir/hadoop-ozone/tools/target/test-dir/MiniOzoneClusterImpl-51b9b0f2-17ac-4b5b-be5d-f7608296e48f/datanode-0/data/ratis/e7b75341-81cc-4f1b-84a9-93f00529dfed has been successfully formatted.
2019-11-15 07:11:09,095 [pool-37-thread-1] INFO  storage.RaftStorage (RaftStorage.java:format(84)) - Storage directory /workdir/hadoop-ozone/tools/target/test-dir/MiniOzoneClusterImpl-51b9b0f2-17ac-4b5b-be5d-f7608296e48f/datanode-1/data/ratis/e7b75341-81cc-4f1b-84a9-93f00529dfed has been successfully formatted.
2019-11-15 07:11:09,095 [pool-47-thread-1] INFO  storage.RaftStorage (RaftStorage.java:format(84)) - Storage directory /workdir/hadoop-ozone/tools/target/test-dir/MiniOzoneClusterImpl-51b9b0f2-17ac-4b5b-be5d-f7608296e48f/datanode-2/data/ratis/e7b75341-81cc-4f1b-84a9-93f00529dfed has been successfully formatted.
2019-11-15 07:11:09,095 [pool-27-thread-1] INFO  ratis.ContainerStateMachine (ContainerStateMachine.java:loadSnapshot(223)) - group-93F00529DFED: The snapshot info is null. Setting the last applied indexto:(t:0, i:~)
2019-11-15 07:11:09,096 [pool-37-thread-1] INFO  ratis.ContainerStateMachine (ContainerStateMachine.java:loadSnapshot(223)) - group-93F00529DFED: The snapshot info is null. Setting the last applied indexto:(t:0, i:~)
2019-11-15 07:11:09,096 [pool-27-thread-1] INFO  server.RaftServerConfigKeys (ConfUtils.java:logGet(43)) - raft.server.notification.no-leader.timeout = 120s (custom)
2019-11-15 07:11:09,096 [pool-47-thread-1] INFO  ratis.ContainerStateMachine (ContainerStateMachine.java:loadSnapshot(223)) - group-93F00529DFED: The snapshot info is null. Setting the last applied indexto:(t:0, i:~)
2019-11-15 07:11:09,096 [pool-27-thread-1] INFO  server.RaftServerConfigKeys (ConfUtils.java:logGet(43)) - raft.server.log.use.memory = false (default)
2019-11-15 07:11:09,096 [pool-37-thread-1] INFO  server.RaftServerConfigKeys (ConfUtils.java:logGet(43)) - raft.server.notification.no-leader.timeout = 120s (custom)
2019-11-15 07:11:09,096 [pool-27-thread-1] INFO  server.RaftServerConfigKeys (ConfUtils.java:logGet(43)) - raft.server.log.purge.gap = 1000000 (custom)
2019-11-15 07:11:09,096 [pool-47-thread-1] INFO  server.RaftServerConfigKeys (ConfUtils.java:logGet(43)) - raft.server.notification.no-leader.timeout = 120s (custom)
2019-11-15 07:11:09,097 [pool-27-thread-1] INFO  server.RaftServerConfigKeys (ConfUtils.java:logGet(43)) - raft.server.log.appender.buffer.byte-limit = 33554432 (custom)
2019-11-15 07:11:09,097 [pool-37-thread-1] INFO  server.RaftServerConfigKeys (ConfUtils.java:logGet(43)) - raft.server.log.use.memory = false (default)
2019-11-15 07:11:09,097 [pool-27-thread-1] INFO  server.RaftServerConfigKeys (ConfUtils.java:logGet(43)) - raft.server.log.segment.size.max = 1048576 (custom)
2019-11-15 07:11:09,097 [pool-47-thread-1] INFO  server.RaftServerConfigKeys (ConfUtils.java:logGet(43)) - raft.server.log.use.memory = false (default)
2019-11-15 07:11:09,097 [pool-27-thread-1] INFO  server.RaftServerConfigKeys (ConfUtils.java:logGet(43)) - raft.server.log.segment.cache.num.max = 2 (custom)
2019-11-15 07:11:09,097 [pool-37-thread-1] INFO  server.RaftServerConfigKeys (ConfUtils.java:logGet(43)) - raft.server.log.purge.gap = 1000000 (custom)
2019-11-15 07:11:09,098 [pool-27-thread-1] INFO  segmented.SegmentedRaftLogWorker (SegmentedRaftLogWorker.java:<init>(173)) - new a0d94a7e-dbf1-488b-af78-b2c5ada598db@group-93F00529DFED-SegmentedRaftLogWorker for RaftStorage:Storage Directory /workdir/hadoop-ozone/tools/target/test-dir/MiniOzoneClusterImpl-51b9b0f2-17ac-4b5b-be5d-f7608296e48f/datanode-0/data/ratis/e7b75341-81cc-4f1b-84a9-93f00529dfed
2019-11-15 07:11:09,098 [pool-47-thread-1] INFO  server.RaftServerConfigKeys (ConfUtils.java:logGet(43)) - raft.server.log.purge.gap = 1000000 (custom)
2019-11-15 07:11:09,098 [pool-27-thread-1] INFO  server.RaftServerConfigKeys (ConfUtils.java:logGet(43)) - raft.server.log.queue.byte-limit = 2147483647 (custom)
2019-11-15 07:11:09,098 [pool-37-thread-1] INFO  server.RaftServerConfigKeys (ConfUtils.java:logGet(43)) - raft.server.log.appender.buffer.byte-limit = 33554432 (custom)
2019-11-15 07:11:09,098 [pool-27-thread-1] INFO  server.RaftServerConfigKeys (ConfUtils.java:logGet(43)) - raft.server.log.queue.element-limit = 1024 (custom)
2019-11-15 07:11:09,098 [pool-47-thread-1] INFO  server.RaftServerConfigKeys (ConfUtils.java:logGet(43)) - raft.server.log.appender.buffer.byte-limit = 33554432 (custom)
2019-11-15 07:11:09,099 [pool-27-thread-1] INFO  server.RaftServerConfigKeys (ConfUtils.java:logGet(43)) - raft.server.log.segment.size.max = 1048576 (custom)
2019-11-15 07:11:09,098 [pool-37-thread-1] INFO  server.RaftServerConfigKeys (ConfUtils.java:logGet(43)) - raft.server.log.segment.size.max = 1048576 (custom)
2019-11-15 07:11:09,099 [pool-27-thread-1] INFO  server.RaftServerConfigKeys (ConfUtils.java:logGet(43)) - raft.server.log.preallocated.size = 16384 (custom)
2019-11-15 07:11:09,099 [pool-47-thread-1] INFO  server.RaftServerConfigKeys (ConfUtils.java:logGet(43)) - raft.server.log.segment.size.max = 1048576 (custom)
2019-11-15 07:11:09,099 [pool-27-thread-1] INFO  server.RaftServerConfigKeys (ConfUtils.java:logGet(43)) - raft.server.log.write.buffer.size = 33554432 (custom)
2019-11-15 07:11:09,099 [pool-37-thread-1] INFO  server.RaftServerConfigKeys (ConfUtils.java:logGet(43)) - raft.server.log.segment.cache.num.max = 2 (custom)
2019-11-15 07:11:09,099 [pool-27-thread-1] INFO  server.RaftServerConfigKeys (ConfUtils.java:logGet(43)) - raft.server.log.force.sync.num = 128 (default)
2019-11-15 07:11:09,099 [pool-47-thread-1] INFO  server.RaftServerConfigKeys (ConfUtils.java:logGet(43)) - raft.server.log.segment.cache.num.max = 2 (custom)
2019-11-15 07:11:09,100 [pool-27-thread-1] INFO  server.RaftServerConfigKeys (ConfUtils.java:logGet(43)) - raft.server.log.statemachine.data.sync = true (default)
2019-11-15 07:11:09,100 [pool-37-thread-1] INFO  segmented.SegmentedRaftLogWorker (SegmentedRaftLogWorker.java:<init>(173)) - new 2d4d3ea5-9e05-49b1-81c4-17e643da7a24@group-93F00529DFED-SegmentedRaftLogWorker for RaftStorage:Storage Directory /workdir/hadoop-ozone/tools/target/test-dir/MiniOzoneClusterImpl-51b9b0f2-17ac-4b5b-be5d-f7608296e48f/datanode-1/data/ratis/e7b75341-81cc-4f1b-84a9-93f00529dfed
2019-11-15 07:11:09,100 [pool-27-thread-1] INFO  server.RaftServerConfigKeys (ConfUtils.java:logGet(43)) - raft.server.log.statemachine.data.sync.timeout = 10s (default)
2019-11-15 07:11:09,100 [pool-47-thread-1] INFO  segmented.SegmentedRaftLogWorker (SegmentedRaftLogWorker.java:<init>(173)) - new 2a42fb6f-b869-4110-a96a-9a2b8429a9bf@group-93F00529DFED-SegmentedRaftLogWorker for RaftStorage:Storage Directory /workdir/hadoop-ozone/tools/target/test-dir/MiniOzoneClusterImpl-51b9b0f2-17ac-4b5b-be5d-f7608296e48f/datanode-2/data/ratis/e7b75341-81cc-4f1b-84a9-93f00529dfed
2019-11-15 07:11:09,100 [pool-27-thread-1] INFO  server.RaftServerConfigKeys (ConfUtils.java:logGet(43)) - raft.server.log.statemachine.data.sync.timeout.retry = -1 (default)
2019-11-15 07:11:09,100 [pool-37-thread-1] INFO  server.RaftServerConfigKeys (ConfUtils.java:logGet(43)) - raft.server.log.queue.byte-limit = 2147483647 (custom)
2019-11-15 07:11:09,101 [pool-27-thread-1] INFO  server.RaftServerConfigKeys (ConfUtils.java:logGet(43)) - raft.server.log.statemachine.data.caching.enabled = true (custom)
2019-11-15 07:11:09,101 [pool-47-thread-1] INFO  server.RaftServerConfigKeys (ConfUtils.java:logGet(43)) - raft.server.log.queue.byte-limit = 2147483647 (custom)
2019-11-15 07:11:09,101 [pool-37-thread-1] INFO  server.RaftServerConfigKeys (ConfUtils.java:logGet(43)) - raft.server.log.queue.element-limit = 1024 (custom)
2019-11-15 07:11:09,101 [pool-27-thread-1] INFO  segmented.SegmentedRaftLogWorker (SegmentedRaftLogWorker.java:lambda$new$0(128)) - a0d94a7e-dbf1-488b-af78-b2c5ada598db@group-93F00529DFED-SegmentedRaftLogWorker: flushIndex: setUnconditionally 0 -> -1
2019-11-15 07:11:09,101 [pool-47-thread-1] INFO  server.RaftServerConfigKeys (ConfUtils.java:logGet(43)) - raft.server.log.queue.element-limit = 1024 (custom)
2019-11-15 07:11:09,101 [pool-37-thread-1] INFO  server.RaftServerConfigKeys (ConfUtils.java:logGet(43)) - raft.server.log.segment.size.max = 1048576 (custom)
2019-11-15 07:11:09,102 [pool-27-thread-1] INFO  server.RaftServerConfigKeys (ConfUtils.java:logGet(43)) - raft.server.snapshot.auto.trigger.enabled = true (custom)
2019-11-15 07:11:09,102 [pool-27-thread-1] INFO  server.RaftServerConfigKeys (ConfUtils.java:logGet(43)) - raft.server.snapshot.auto.trigger.threshold = 10000 (custom)
2019-11-15 07:11:09,102 [pool-47-thread-1] INFO  server.RaftServerConfigKeys (ConfUtils.java:logGet(43)) - raft.server.log.segment.size.max = 1048576 (custom)
2019-11-15 07:11:09,102 [pool-27-thread-1] INFO  server.RaftServerConfigKeys (ConfUtils.java:logGet(43)) - raft.server.snapshot.retention.file.num = 5 (custom)
2019-11-15 07:11:09,102 [pool-37-thread-1] INFO  server.RaftServerConfigKeys (ConfUtils.java:logGet(43)) - raft.server.log.preallocated.size = 16384 (custom)
2019-11-15 07:11:09,103 [pool-27-thread-1] INFO  server.RaftServerConfigKeys (ConfUtils.java:logGet(43)) - raft.server.retrycache.expirytime = 600000ms (custom)
2019-11-15 07:11:09,102 [pool-47-thread-1] INFO  server.RaftServerConfigKeys (ConfUtils.java:logGet(43)) - raft.server.log.preallocated.size = 16384 (custom)
2019-11-15 07:11:09,103 [pool-27-thread-1] WARN  impl.MetricRegistriesImpl (MetricRegistriesImpl.java:lambda$create$1(61)) - First MetricRegistry has been created without registering reporters. You may need to call MetricRegistries.global().addReportRegistration(...) before.
2019-11-15 07:11:09,103 [pool-37-thread-1] INFO  server.RaftServerConfigKeys (ConfUtils.java:logGet(43)) - raft.server.log.write.buffer.size = 33554432 (custom)
2019-11-15 07:11:09,103 [pool-27-thread-1] WARN  impl.MetricRegistriesImpl (MetricRegistriesImpl.java:lambda$create$1(61)) - First MetricRegistry has been created without registering reporters. You may need to call MetricRegistries.global().addReportRegistration(...) before.
2019-11-15 07:11:09,103 [pool-47-thread-1] INFO  server.RaftServerConfigKeys (ConfUtils.java:logGet(43)) - raft.server.log.write.buffer.size = 33554432 (custom)
2019-11-15 07:11:09,103 [pool-37-thread-1] INFO  server.RaftServerConfigKeys (ConfUtils.java:logGet(43)) - raft.server.log.force.sync.num = 128 (default)
2019-11-15 07:11:09,104 [pool-47-thread-1] INFO  server.RaftServerConfigKeys (ConfUtils.java:logGet(43)) - raft.server.log.force.sync.num = 128 (default)
2019-11-15 07:11:09,104 [pool-47-thread-1] INFO  server.RaftServerConfigKeys (ConfUtils.java:logGet(43)) - raft.server.log.statemachine.data.sync = true (default)
2019-11-15 07:11:09,104 [pool-27-thread-1] INFO  impl.RaftServerImpl (RaftServerImpl.java:start(184)) - a0d94a7e-dbf1-488b-af78-b2c5ada598db@group-93F00529DFED: start as a follower, conf=-1: [2a42fb6f-b869-4110-a96a-9a2b8429a9bf:192.168.69.126:33040, a0d94a7e-dbf1-488b-af78-b2c5ada598db:192.168.69.126:46707, 2d4d3ea5-9e05-49b1-81c4-17e643da7a24:192.168.69.126:45299], old=null
2019-11-15 07:11:09,104 [pool-47-thread-1] INFO  server.RaftServerConfigKeys (ConfUtils.java:logGet(43)) - raft.server.log.statemachine.data.sync.timeout = 10s (default)
2019-11-15 07:11:09,104 [pool-37-thread-1] INFO  server.RaftServerConfigKeys (ConfUtils.java:logGet(43)) - raft.server.log.statemachine.data.sync = true (default)
2019-11-15 07:11:09,105 [pool-47-thread-1] INFO  server.RaftServerConfigKeys (ConfUtils.java:logGet(43)) - raft.server.log.statemachine.data.sync.timeout.retry = -1 (default)
2019-11-15 07:11:09,104 [pool-27-thread-1] INFO  impl.RaftServerImpl (RaftServerImpl.java:setRole(173)) - a0d94a7e-dbf1-488b-af78-b2c5ada598db@group-93F00529DFED: changes role from      null to FOLLOWER at term 0 for startAsFollower
2019-11-15 07:11:09,105 [pool-47-thread-1] INFO  server.RaftServerConfigKeys (ConfUtils.java:logGet(43)) - raft.server.log.statemachine.data.caching.enabled = true (custom)
2019-11-15 07:11:09,105 [pool-37-thread-1] INFO  server.RaftServerConfigKeys (ConfUtils.java:logGet(43)) - raft.server.log.statemachine.data.sync.timeout = 10s (default)
2019-11-15 07:11:09,105 [pool-27-thread-1] INFO  impl.RoleInfo (RoleInfo.java:updateAndGet(143)) - a0d94a7e-dbf1-488b-af78-b2c5ada598db: start FollowerState
2019-11-15 07:11:09,105 [pool-37-thread-1] INFO  server.RaftServerConfigKeys (ConfUtils.java:logGet(43)) - raft.server.log.statemachine.data.sync.timeout.retry = -1 (default)
2019-11-15 07:11:09,105 [pool-47-thread-1] INFO  segmented.SegmentedRaftLogWorker (SegmentedRaftLogWorker.java:lambda$new$0(128)) - 2a42fb6f-b869-4110-a96a-9a2b8429a9bf@group-93F00529DFED-SegmentedRaftLogWorker: flushIndex: setUnconditionally 0 -> -1
2019-11-15 07:11:09,106 [pool-37-thread-1] INFO  server.RaftServerConfigKeys (ConfUtils.java:logGet(43)) - raft.server.log.statemachine.data.caching.enabled = true (custom)
2019-11-15 07:11:09,106 [pool-27-thread-1] INFO  util.JmxRegister (JmxRegister.java:tryRegister(44)) - Successfully registered JMX Bean with object name Ratis:service=RaftServer,group=group-93F00529DFED,id=a0d94a7e-dbf1-488b-af78-b2c5ada598db
2019-11-15 07:11:09,106 [pool-47-thread-1] INFO  server.RaftServerConfigKeys (ConfUtils.java:logGet(43)) - raft.server.snapshot.auto.trigger.enabled = true (custom)
2019-11-15 07:11:09,106 [pool-37-thread-1] INFO  segmented.SegmentedRaftLogWorker (SegmentedRaftLogWorker.java:lambda$new$0(128)) - 2d4d3ea5-9e05-49b1-81c4-17e643da7a24@group-93F00529DFED-SegmentedRaftLogWorker: flushIndex: setUnconditionally 0 -> -1
2019-11-15 07:11:09,106 [pool-27-thread-1] WARN  impl.MetricRegistriesImpl (MetricRegistriesImpl.java:lambda$create$1(61)) - First MetricRegistry has been created without registering reporters. You may need to call MetricRegistries.global().addReportRegistration(...) before.
2019-11-15 07:11:09,106 [pool-47-thread-1] INFO  server.RaftServerConfigKeys (ConfUtils.java:logGet(43)) - raft.server.snapshot.auto.trigger.threshold = 10000 (custom)
2019-11-15 07:11:09,107 [pool-37-thread-1] INFO  server.RaftServerConfigKeys (ConfUtils.java:logGet(43)) - raft.server.snapshot.auto.trigger.enabled = true (custom)
2019-11-15 07:11:09,107 [pool-47-thread-1] INFO  server.RaftServerConfigKeys (ConfUtils.java:logGet(43)) - raft.server.snapshot.retention.file.num = 5 (custom)
2019-11-15 07:11:09,107 [pool-37-thread-1] INFO  server.RaftServerConfigKeys (ConfUtils.java:logGet(43)) - raft.server.snapshot.auto.trigger.threshold = 10000 (custom)
2019-11-15 07:11:09,107 [pool-47-thread-1] INFO  server.RaftServerConfigKeys (ConfUtils.java:logGet(43)) - raft.server.retrycache.expirytime = 600000ms (custom)
2019-11-15 07:11:09,107 [pool-37-thread-1] INFO  server.RaftServerConfigKeys (ConfUtils.java:logGet(43)) - raft.server.snapshot.retention.file.num = 5 (custom)
2019-11-15 07:11:09,107 [pool-47-thread-1] WARN  impl.MetricRegistriesImpl (MetricRegistriesImpl.java:lambda$create$1(61)) - First MetricRegistry has been created without registering reporters. You may need to call MetricRegistries.global().addReportRegistration(...) before.
2019-11-15 07:11:09,108 [pool-37-thread-1] INFO  server.RaftServerConfigKeys (ConfUtils.java:logGet(43)) - raft.server.retrycache.expirytime = 600000ms (custom)
2019-11-15 07:11:09,108 [pool-47-thread-1] WARN  impl.MetricRegistriesImpl (MetricRegistriesImpl.java:lambda$create$1(61)) - First MetricRegistry has been created without registering reporters. You may need to call MetricRegistries.global().addReportRegistration(...) before.
2019-11-15 07:11:09,108 [pool-37-thread-1] WARN  impl.MetricRegistriesImpl (MetricRegistriesImpl.java:lambda$create$1(61)) - First MetricRegistry has been created without registering reporters. You may need to call MetricRegistries.global().addReportRegistration(...) before.
2019-11-15 07:11:09,108 [pool-47-thread-1] INFO  impl.RaftServerImpl (RaftServerImpl.java:start(184)) - 2a42fb6f-b869-4110-a96a-9a2b8429a9bf@group-93F00529DFED: start as a follower, conf=-1: [2a42fb6f-b869-4110-a96a-9a2b8429a9bf:192.168.69.126:33040, a0d94a7e-dbf1-488b-af78-b2c5ada598db:192.168.69.126:46707, 2d4d3ea5-9e05-49b1-81c4-17e643da7a24:192.168.69.126:45299], old=null
2019-11-15 07:11:09,108 [pool-37-thread-1] WARN  impl.MetricRegistriesImpl (MetricRegistriesImpl.java:lambda$create$1(61)) - First MetricRegistry has been created without registering reporters. You may need to call MetricRegistries.global().addReportRegistration(...) before.
2019-11-15 07:11:09,108 [pool-47-thread-1] INFO  impl.RaftServerImpl (RaftServerImpl.java:setRole(173)) - 2a42fb6f-b869-4110-a96a-9a2b8429a9bf@group-93F00529DFED: changes role from      null to FOLLOWER at term 0 for startAsFollower
2019-11-15 07:11:09,109 [pool-37-thread-1] INFO  impl.RaftServerImpl (RaftServerImpl.java:start(184)) - 2d4d3ea5-9e05-49b1-81c4-17e643da7a24@group-93F00529DFED: start as a follower, conf=-1: [2a42fb6f-b869-4110-a96a-9a2b8429a9bf:192.168.69.126:33040, a0d94a7e-dbf1-488b-af78-b2c5ada598db:192.168.69.126:46707, 2d4d3ea5-9e05-49b1-81c4-17e643da7a24:192.168.69.126:45299], old=null
2019-11-15 07:11:09,109 [pool-37-thread-1] INFO  impl.RaftServerImpl (RaftServerImpl.java:setRole(173)) - 2d4d3ea5-9e05-49b1-81c4-17e643da7a24@group-93F00529DFED: changes role from      null to FOLLOWER at term 0 for startAsFollower
2019-11-15 07:11:09,110 [pool-47-thread-1] INFO  impl.RoleInfo (RoleInfo.java:updateAndGet(143)) - 2a42fb6f-b869-4110-a96a-9a2b8429a9bf: start FollowerState
2019-11-15 07:11:09,113 [pool-37-thread-1] INFO  impl.RoleInfo (RoleInfo.java:updateAndGet(143)) - 2d4d3ea5-9e05-49b1-81c4-17e643da7a24: start FollowerState
2019-11-15 07:11:09,114 [pool-47-thread-1] INFO  util.JmxRegister (JmxRegister.java:tryRegister(44)) - Successfully registered JMX Bean with object name Ratis:service=RaftServer,group=group-93F00529DFED,id=2a42fb6f-b869-4110-a96a-9a2b8429a9bf
2019-11-15 07:11:09,114 [pool-37-thread-1] INFO  util.JmxRegister (JmxRegister.java:tryRegister(44)) - Successfully registered JMX Bean with object name Ratis:service=RaftServer,group=group-93F00529DFED,id=2d4d3ea5-9e05-49b1-81c4-17e643da7a24
2019-11-15 07:11:09,114 [pool-47-thread-1] WARN  impl.MetricRegistriesImpl (MetricRegistriesImpl.java:lambda$create$1(61)) - First MetricRegistry has been created without registering reporters. You may need to call MetricRegistries.global().addReportRegistration(...) before.
2019-11-15 07:11:09,114 [pool-37-thread-1] WARN  impl.MetricRegistriesImpl (MetricRegistriesImpl.java:lambda$create$1(61)) - First MetricRegistry has been created without registering reporters. You may need to call MetricRegistries.global().addReportRegistration(...) before.
2019-11-15 07:11:09,121 [RatisPipelineUtilsThread] INFO  pipeline.PipelineStateManager (PipelineStateManager.java:addPipeline(55)) - Created pipeline Pipeline[ Id: e7b75341-81cc-4f1b-84a9-93f00529dfed, Nodes: 2d4d3ea5-9e05-49b1-81c4-17e643da7a24{ip: 192.168.69.126, host: pr-hdds-2498-z4wj9-521903842, networkLocation: /default-rack, certSerialId: null}2a42fb6f-b869-4110-a96a-9a2b8429a9bf{ip: 192.168.69.126, host: pr-hdds-2498-z4wj9-521903842, networkLocation: /default-rack, certSerialId: null}a0d94a7e-dbf1-488b-af78-b2c5ada598db{ip: 192.168.69.126, host: pr-hdds-2498-z4wj9-521903842, networkLocation: /default-rack, certSerialId: null}, Type:RATIS, Factor:THREE, State:ALLOCATED]
2019-11-15 07:11:09,123 [Thread-178] INFO  pipeline.PipelineStateManager (PipelineStateManager.java:finalizePipeline(121)) - Pipeline Pipeline[ Id: 308deb6c-e374-4c1b-b384-c2d15949182f, Nodes: a0d94a7e-dbf1-488b-af78-b2c5ada598db{ip: 192.168.69.126, host: pr-hdds-2498-z4wj9-521903842, networkLocation: /default-rack, certSerialId: null}, Type:RATIS, Factor:ONE, State:CLOSED] moved to CLOSED state
2019-11-15 07:11:09,136 [grpc-default-executor-0] INFO  impl.RaftServerProxy (RaftServerProxy.java:remove(95)) - a0d94a7e-dbf1-488b-af78-b2c5ada598db: remove  FOLLOWER a0d94a7e-dbf1-488b-af78-b2c5ada598db@group-C2D15949182F:t0, leader=null, voted=null, raftlog=a0d94a7e-dbf1-488b-af78-b2c5ada598db@group-C2D15949182F-SegmentedRaftLog:OPENED:c-1,f-1,i0, conf=-1: [a0d94a7e-dbf1-488b-af78-b2c5ada598db:192.168.69.126:46707], old=null RUNNING
2019-11-15 07:11:09,137 [grpc-default-executor-0] INFO  impl.RaftServerImpl (RaftServerImpl.java:lambda$shutdown$3(250)) - a0d94a7e-dbf1-488b-af78-b2c5ada598db@group-C2D15949182F: shutdown
2019-11-15 07:11:09,138 [grpc-default-executor-0] INFO  util.JmxRegister (JmxRegister.java:unregister(73)) - Successfully un-registered JMX Bean with object name Ratis:service=RaftServer,group=group-C2D15949182F,id=a0d94a7e-dbf1-488b-af78-b2c5ada598db
2019-11-15 07:11:09,138 [grpc-default-executor-0] INFO  impl.RoleInfo (RoleInfo.java:shutdownFollowerState(121)) - a0d94a7e-dbf1-488b-af78-b2c5ada598db: shutdown FollowerState
2019-11-15 07:11:09,138 [grpc-default-executor-0] INFO  impl.StateMachineUpdater (StateMachineUpdater.java:stopAndJoin(136)) - a0d94a7e-dbf1-488b-af78-b2c5ada598db@group-C2D15949182F-StateMachineUpdater: set stopIndex = -1
2019-11-15 07:11:09,139 [Thread-180] INFO  impl.FollowerState (FollowerState.java:run(120)) - a0d94a7e-dbf1-488b-af78-b2c5ada598db@group-C2D15949182F-FollowerState was interrupted: java.lang.InterruptedException: sleep interrupted
2019-11-15 07:11:09,140 [grpc-default-executor-0] INFO  impl.RaftServerImpl (ServerState.java:close(387)) - a0d94a7e-dbf1-488b-af78-b2c5ada598db@group-C2D15949182F: closes. applyIndex: -1
2019-11-15 07:11:09,141 [a0d94a7e-dbf1-488b-af78-b2c5ada598db@group-C2D15949182F-SegmentedRaftLogWorker] INFO  segmented.SegmentedRaftLogWorker (SegmentedRaftLogWorker.java:run(316)) - a0d94a7e-dbf1-488b-af78-b2c5ada598db@group-C2D15949182F-SegmentedRaftLogWorker was interrupted, exiting. There are 0 tasks remaining in the queue.
2019-11-15 07:11:09,141 [grpc-default-executor-0] INFO  segmented.SegmentedRaftLogWorker (SegmentedRaftLogWorker.java:close(224)) - a0d94a7e-dbf1-488b-af78-b2c5ada598db@group-C2D15949182F-SegmentedRaftLogWorker close()
2019-11-15 07:11:09,148 [Thread-178] INFO  pipeline.PipelineStateManager (PipelineStateManager.java:removePipeline(106)) - Pipeline Pipeline[ Id: 308deb6c-e374-4c1b-b384-c2d15949182f, Nodes: a0d94a7e-dbf1-488b-af78-b2c5ada598db{ip: 192.168.69.126, host: pr-hdds-2498-z4wj9-521903842, networkLocation: /default-rack, certSerialId: null}, Type:RATIS, Factor:ONE, State:CLOSED] removed from db
2019-11-15 07:11:09,158 [grpc-default-executor-0] INFO  impl.RaftServerProxy (RaftServerProxy.java:addNew(89)) - a0d94a7e-dbf1-488b-af78-b2c5ada598db: addNew group-8E46A34D92F1:[a0d94a7e-dbf1-488b-af78-b2c5ada598db:192.168.69.126:46707] returns group-8E46A34D92F1:java.util.concurrent.CompletableFuture@2a8a3481[Not completed]
2019-11-15 07:11:09,160 [pool-27-thread-1] INFO  impl.RaftServerImpl (RaftServerImpl.java:<init>(98)) - a0d94a7e-dbf1-488b-af78-b2c5ada598db: new RaftServerImpl for group-8E46A34D92F1:[a0d94a7e-dbf1-488b-af78-b2c5ada598db:192.168.69.126:46707] with ContainerStateMachine:uninitialized
2019-11-15 07:11:09,160 [pool-27-thread-1] INFO  server.RaftServerConfigKeys (ConfUtils.java:logGet(43)) - raft.server.rpc.timeout.min = 5s (custom)
2019-11-15 07:11:09,160 [pool-27-thread-1] INFO  server.RaftServerConfigKeys (ConfUtils.java:logGet(43)) - raft.server.rpc.timeout.max = 5200ms (custom)
2019-11-15 07:11:09,160 [pool-27-thread-1] INFO  server.RaftServerConfigKeys (ConfUtils.java:logGet(43)) - raft.server.rpcslowness.timeout = 120s (custom)
2019-11-15 07:11:09,161 [pool-27-thread-1] INFO  server.RaftServerConfigKeys (ConfUtils.java:logGet(43)) - raft.server.sleep.deviation.threshold = 300 (default)
2019-11-15 07:11:09,161 [pool-27-thread-1] INFO  server.RaftServerConfigKeys (ConfUtils.java:logGet(43)) - raft.server.log.appender.install.snapshot.enabled = false (custom)
2019-11-15 07:11:09,161 [pool-27-thread-1] INFO  impl.RaftServerImpl (ServerState.java:<init>(103)) - a0d94a7e-dbf1-488b-af78-b2c5ada598db@group-8E46A34D92F1: ConfigurationManager, init=-1: [a0d94a7e-dbf1-488b-af78-b2c5ada598db:192.168.69.126:46707], old=null, confs=<EMPTY_MAP>
2019-11-15 07:11:09,161 [pool-27-thread-1] INFO  server.RaftServerConfigKeys (ConfUtils.java:logGet(43)) - raft.server.storage.dir = [/workdir/hadoop-ozone/tools/target/test-dir/MiniOzoneClusterImpl-51b9b0f2-17ac-4b5b-be5d-f7608296e48f/datanode-0/data/ratis] (custom)
2019-11-15 07:11:09,162 [pool-27-thread-1] INFO  server.RaftServerConfigKeys (ConfUtils.java:logGet(43)) - raft.server.log.corruption.policy = EXCEPTION (default)
2019-11-15 07:11:09,162 [pool-27-thread-1] INFO  storage.RaftStorageDirectory (RaftStorageDirectory.java:analyzeStorage(246)) - The storage directory /workdir/hadoop-ozone/tools/target/test-dir/MiniOzoneClusterImpl-51b9b0f2-17ac-4b5b-be5d-f7608296e48f/datanode-0/data/ratis/756df879-5d81-41d2-9d23-8e46a34d92f1 does not exist. Creating ...
2019-11-15 07:11:09,187 [pool-27-thread-1] INFO  storage.RaftStorageDirectory (RaftStorageDirectory.java:tryLock(328)) - Lock on /workdir/hadoop-ozone/tools/target/test-dir/MiniOzoneClusterImpl-51b9b0f2-17ac-4b5b-be5d-f7608296e48f/datanode-0/data/ratis/756df879-5d81-41d2-9d23-8e46a34d92f1/in_use.lock acquired by nodename 7599@pr-hdds-2498-z4wj9-521903842
2019-11-15 07:11:09,213 [pool-27-thread-1] INFO  storage.RaftStorage (RaftStorage.java:format(84)) - Storage directory /workdir/hadoop-ozone/tools/target/test-dir/MiniOzoneClusterImpl-51b9b0f2-17ac-4b5b-be5d-f7608296e48f/datanode-0/data/ratis/756df879-5d81-41d2-9d23-8e46a34d92f1 has been successfully formatted.
2019-11-15 07:11:09,213 [pool-27-thread-1] INFO  ratis.ContainerStateMachine (ContainerStateMachine.java:loadSnapshot(223)) - group-8E46A34D92F1: The snapshot info is null. Setting the last applied indexto:(t:0, i:~)
2019-11-15 07:11:09,213 [pool-27-thread-1] INFO  server.RaftServerConfigKeys (ConfUtils.java:logGet(43)) - raft.server.notification.no-leader.timeout = 120s (custom)
2019-11-15 07:11:09,214 [pool-27-thread-1] INFO  server.RaftServerConfigKeys (ConfUtils.java:logGet(43)) - raft.server.log.use.memory = false (default)
2019-11-15 07:11:09,214 [pool-27-thread-1] INFO  server.RaftServerConfigKeys (ConfUtils.java:logGet(43)) - raft.server.log.purge.gap = 1000000 (custom)
2019-11-15 07:11:09,214 [pool-27-thread-1] INFO  server.RaftServerConfigKeys (ConfUtils.java:logGet(43)) - raft.server.log.appender.buffer.byte-limit = 33554432 (custom)
2019-11-15 07:11:09,214 [pool-27-thread-1] INFO  server.RaftServerConfigKeys (ConfUtils.java:logGet(43)) - raft.server.log.segment.size.max = 1048576 (custom)
2019-11-15 07:11:09,214 [pool-27-thread-1] INFO  server.RaftServerConfigKeys (ConfUtils.java:logGet(43)) - raft.server.log.segment.cache.num.max = 2 (custom)
2019-11-15 07:11:09,214 [pool-27-thread-1] INFO  segmented.SegmentedRaftLogWorker (SegmentedRaftLogWorker.java:<init>(173)) - new a0d94a7e-dbf1-488b-af78-b2c5ada598db@group-8E46A34D92F1-SegmentedRaftLogWorker for RaftStorage:Storage Directory /workdir/hadoop-ozone/tools/target/test-dir/MiniOzoneClusterImpl-51b9b0f2-17ac-4b5b-be5d-f7608296e48f/datanode-0/data/ratis/756df879-5d81-41d2-9d23-8e46a34d92f1
2019-11-15 07:11:09,215 [pool-27-thread-1] INFO  server.RaftServerConfigKeys (ConfUtils.java:logGet(43)) - raft.server.log.queue.byte-limit = 2147483647 (custom)
2019-11-15 07:11:09,215 [pool-27-thread-1] INFO  server.RaftServerConfigKeys (ConfUtils.java:logGet(43)) - raft.server.log.queue.element-limit = 1024 (custom)
2019-11-15 07:11:09,215 [pool-27-thread-1] INFO  server.RaftServerConfigKeys (ConfUtils.java:logGet(43)) - raft.server.log.segment.size.max = 1048576 (custom)
2019-11-15 07:11:09,215 [pool-27-thread-1] INFO  server.RaftServerConfigKeys (ConfUtils.java:logGet(43)) - raft.server.log.preallocated.size = 16384 (custom)
2019-11-15 07:11:09,215 [pool-27-thread-1] INFO  server.RaftServerConfigKeys (ConfUtils.java:logGet(43)) - raft.server.log.write.buffer.size = 33554432 (custom)
2019-11-15 07:11:09,215 [pool-27-thread-1] INFO  server.RaftServerConfigKeys (ConfUtils.java:logGet(43)) - raft.server.log.force.sync.num = 128 (default)
2019-11-15 07:11:09,215 [pool-27-thread-1] INFO  server.RaftServerConfigKeys (ConfUtils.java:logGet(43)) - raft.server.log.statemachine.data.sync = true (default)
2019-11-15 07:11:09,216 [pool-27-thread-1] INFO  server.RaftServerConfigKeys (ConfUtils.java:logGet(43)) - raft.server.log.statemachine.data.sync.timeout = 10s (default)
2019-11-15 07:11:09,216 [pool-27-thread-1] INFO  server.RaftServerConfigKeys (ConfUtils.java:logGet(43)) - raft.server.log.statemachine.data.sync.timeout.retry = -1 (default)
2019-11-15 07:11:09,216 [pool-27-thread-1] INFO  server.RaftServerConfigKeys (ConfUtils.java:logGet(43)) - raft.server.log.statemachine.data.caching.enabled = true (custom)
2019-11-15 07:11:09,217 [pool-27-thread-1] INFO  segmented.SegmentedRaftLogWorker (SegmentedRaftLogWorker.java:lambda$new$0(128)) - a0d94a7e-dbf1-488b-af78-b2c5ada598db@group-8E46A34D92F1-SegmentedRaftLogWorker: flushIndex: setUnconditionally 0 -> -1
2019-11-15 07:11:09,217 [pool-27-thread-1] INFO  server.RaftServerConfigKeys (ConfUtils.java:logGet(43)) - raft.server.snapshot.auto.trigger.enabled = true (custom)
2019-11-15 07:11:09,217 [pool-27-thread-1] INFO  server.RaftServerConfigKeys (ConfUtils.java:logGet(43)) - raft.server.snapshot.auto.trigger.threshold = 10000 (custom)
2019-11-15 07:11:09,217 [pool-27-thread-1] INFO  server.RaftServerConfigKeys (ConfUtils.java:logGet(43)) - raft.server.snapshot.retention.file.num = 5 (custom)
2019-11-15 07:11:09,217 [pool-27-thread-1] INFO  server.RaftServerConfigKeys (ConfUtils.java:logGet(43)) - raft.server.retrycache.expirytime = 600000ms (custom)
2019-11-15 07:11:09,218 [pool-27-thread-1] WARN  impl.MetricRegistriesImpl (MetricRegistriesImpl.java:lambda$create$1(61)) - First MetricRegistry has been created without registering reporters. You may need to call MetricRegistries.global().addReportRegistration(...) before.
2019-11-15 07:11:09,218 [pool-27-thread-1] WARN  impl.MetricRegistriesImpl (MetricRegistriesImpl.java:lambda$create$1(61)) - First MetricRegistry has been created without registering reporters. You may need to call MetricRegistries.global().addReportRegistration(...) before.
2019-11-15 07:11:09,218 [pool-27-thread-1] INFO  impl.RaftServerImpl (RaftServerImpl.java:start(184)) - a0d94a7e-dbf1-488b-af78-b2c5ada598db@group-8E46A34D92F1: start as a follower, conf=-1: [a0d94a7e-dbf1-488b-af78-b2c5ada598db:192.168.69.126:46707], old=null
2019-11-15 07:11:09,218 [pool-27-thread-1] INFO  impl.RaftServerImpl (RaftServerImpl.java:setRole(173)) - a0d94a7e-dbf1-488b-af78-b2c5ada598db@group-8E46A34D92F1: changes role from      null to FOLLOWER at term 0 for startAsFollower
2019-11-15 07:11:09,218 [pool-27-thread-1] INFO  impl.RoleInfo (RoleInfo.java:updateAndGet(143)) - a0d94a7e-dbf1-488b-af78-b2c5ada598db: start FollowerState
2019-11-15 07:11:09,219 [pool-27-thread-1] INFO  util.JmxRegister (JmxRegister.java:tryRegister(44)) - Successfully registered JMX Bean with object name Ratis:service=RaftServer,group=group-8E46A34D92F1,id=a0d94a7e-dbf1-488b-af78-b2c5ada598db
2019-11-15 07:11:09,219 [pool-27-thread-1] WARN  impl.MetricRegistriesImpl (MetricRegistriesImpl.java:lambda$create$1(61)) - First MetricRegistry has been created without registering reporters. You may need to call MetricRegistries.global().addReportRegistration(...) before.
2019-11-15 07:11:09,224 [RatisPipelineUtilsThread] INFO  pipeline.PipelineStateManager (PipelineStateManager.java:addPipeline(55)) - Created pipeline Pipeline[ Id: 756df879-5d81-41d2-9d23-8e46a34d92f1, Nodes: a0d94a7e-dbf1-488b-af78-b2c5ada598db{ip: 192.168.69.126, host: pr-hdds-2498-z4wj9-521903842, networkLocation: /default-rack, certSerialId: null}, Type:RATIS, Factor:ONE, State:ALLOCATED]
2019-11-15 07:11:09,845 [main] INFO  ozone.MiniOzoneClusterImpl (MiniOzoneClusterImpl.java:lambda$waitForClusterToBeReady$2(163)) - Waiting for 4 number of pipelines out of 4, to report a leader.
2019-11-15 07:11:10,846 [main] INFO  ozone.MiniOzoneClusterImpl (MiniOzoneClusterImpl.java:lambda$waitForClusterToBeReady$2(163)) - Waiting for 4 number of pipelines out of 4, to report a leader.
2019-11-15 07:11:11,846 [main] INFO  ozone.MiniOzoneClusterImpl (MiniOzoneClusterImpl.java:lambda$waitForClusterToBeReady$2(163)) - Waiting for 4 number of pipelines out of 4, to report a leader.
2019-11-15 07:11:12,847 [main] INFO  ozone.MiniOzoneClusterImpl (MiniOzoneClusterImpl.java:lambda$waitForClusterToBeReady$2(163)) - Waiting for 4 number of pipelines out of 4, to report a leader.
2019-11-15 07:11:13,848 [main] INFO  ozone.MiniOzoneClusterImpl (MiniOzoneClusterImpl.java:lambda$waitForClusterToBeReady$2(163)) - Waiting for 4 number of pipelines out of 4, to report a leader.
2019-11-15 07:11:13,942 [Thread-200] INFO  impl.FollowerState (FollowerState.java:run(111)) - 2a42fb6f-b869-4110-a96a-9a2b8429a9bf@group-65E8B50BF941-FollowerState: change to CANDIDATE, lastRpcTime:5121ms, electionTimeout:5121ms
2019-11-15 07:11:13,944 [Thread-200] INFO  impl.RoleInfo (RoleInfo.java:shutdownFollowerState(121)) - 2a42fb6f-b869-4110-a96a-9a2b8429a9bf: shutdown FollowerState
2019-11-15 07:11:13,944 [Thread-200] INFO  impl.RaftServerImpl (RaftServerImpl.java:setRole(173)) - 2a42fb6f-b869-4110-a96a-9a2b8429a9bf@group-65E8B50BF941: changes role from  FOLLOWER to CANDIDATE at term 0 for changeToCandidate
2019-11-15 07:11:13,953 [Thread-200] INFO  impl.RoleInfo (RoleInfo.java:updateAndGet(143)) - 2a42fb6f-b869-4110-a96a-9a2b8429a9bf: start LeaderElection
2019-11-15 07:11:13,979 [2a42fb6f-b869-4110-a96a-9a2b8429a9bf@group-65E8B50BF941-LeaderElection1] INFO  impl.LeaderElection (LeaderElection.java:askForVotes(178)) - 2a42fb6f-b869-4110-a96a-9a2b8429a9bf@group-65E8B50BF941-LeaderElection1: begin an election at term 1 for -1: [2a42fb6f-b869-4110-a96a-9a2b8429a9bf:192.168.69.126:33040], old=null
2019-11-15 07:11:13,982 [2a42fb6f-b869-4110-a96a-9a2b8429a9bf@group-65E8B50BF941-LeaderElection1] INFO  impl.RoleInfo (RoleInfo.java:shutdownLeaderElection(134)) - 2a42fb6f-b869-4110-a96a-9a2b8429a9bf: shutdown LeaderElection
2019-11-15 07:11:13,983 [2a42fb6f-b869-4110-a96a-9a2b8429a9bf@group-65E8B50BF941-LeaderElection1] INFO  impl.RaftServerImpl (RaftServerImpl.java:setRole(173)) - 2a42fb6f-b869-4110-a96a-9a2b8429a9bf@group-65E8B50BF941: changes role from CANDIDATE to LEADER at term 1 for changeToLeader
2019-11-15 07:11:13,983 [2a42fb6f-b869-4110-a96a-9a2b8429a9bf@group-65E8B50BF941-LeaderElection1] INFO  ratis.XceiverServerRatis (XceiverServerRatis.java:handleLeaderChangedNotification(697)) - Leader change notification received for group: group-65E8B50BF941 with new leaderId: 2a42fb6f-b869-4110-a96a-9a2b8429a9bf
2019-11-15 07:11:13,988 [2a42fb6f-b869-4110-a96a-9a2b8429a9bf@group-65E8B50BF941-LeaderElection1] INFO  impl.RaftServerImpl (ServerState.java:setLeader(255)) - 2a42fb6f-b869-4110-a96a-9a2b8429a9bf@group-65E8B50BF941: change Leader from null to 2a42fb6f-b869-4110-a96a-9a2b8429a9bf at term 1 for becomeLeader, leader elected after 5167ms
2019-11-15 07:11:13,996 [2a42fb6f-b869-4110-a96a-9a2b8429a9bf@group-65E8B50BF941-LeaderElection1] INFO  server.RaftServerConfigKeys (ConfUtils.java:logGet(43)) - raft.server.staging.catchup.gap = 1000 (default)
2019-11-15 07:11:13,996 [2a42fb6f-b869-4110-a96a-9a2b8429a9bf@group-65E8B50BF941-LeaderElection1] INFO  server.RaftServerConfigKeys (ConfUtils.java:logGet(43)) - raft.server.rpc.sleep.time = 25ms (default)
2019-11-15 07:11:14,002 [2a42fb6f-b869-4110-a96a-9a2b8429a9bf@group-65E8B50BF941-LeaderElection1] INFO  server.RaftServerConfigKeys (ConfUtils.java:logGet(43)) - raft.server.write.element-limit = 4096 (default)
2019-11-15 07:11:14,007 [2a42fb6f-b869-4110-a96a-9a2b8429a9bf@group-65E8B50BF941-LeaderElection1] INFO  server.RaftServerConfigKeys (ConfUtils.java:logGet(43)) - raft.server.watch.timeout = 10s (default)
2019-11-15 07:11:14,008 [2a42fb6f-b869-4110-a96a-9a2b8429a9bf@group-65E8B50BF941-LeaderElection1] INFO  server.RaftServerConfigKeys (ConfUtils.java:logGet(43)) - raft.server.watch.timeout.denomination = 1s (default)
2019-11-15 07:11:14,009 [2a42fb6f-b869-4110-a96a-9a2b8429a9bf@group-65E8B50BF941-LeaderElection1] INFO  server.RaftServerConfigKeys (ConfUtils.java:logGet(43)) - raft.server.watch.element-limit = 65536 (default)
2019-11-15 07:11:14,010 [EventQueue-PipelineReportForPipelineReportHandler] INFO  pipeline.PipelineStateManager (PipelineStateManager.java:openPipeline(134)) - Pipeline Pipeline[ Id: 9966653c-70d6-4b1d-a293-65e8b50bf941, Nodes: 2a42fb6f-b869-4110-a96a-9a2b8429a9bf{ip: 192.168.69.126, host: pr-hdds-2498-z4wj9-521903842, networkLocation: /default-rack, certSerialId: null}, Type:RATIS, Factor:ONE, State:OPEN] moved to OPEN state
2019-11-15 07:11:14,019 [2a42fb6f-b869-4110-a96a-9a2b8429a9bf@group-65E8B50BF941-LeaderElection1] INFO  impl.RoleInfo (RoleInfo.java:updateAndGet(143)) - 2a42fb6f-b869-4110-a96a-9a2b8429a9bf: start LeaderState
2019-11-15 07:11:14,041 [2a42fb6f-b869-4110-a96a-9a2b8429a9bf@group-65E8B50BF941-LeaderElection1] INFO  segmented.SegmentedRaftLogWorker (SegmentedRaftLogWorker.java:startLogSegment(385)) - 2a42fb6f-b869-4110-a96a-9a2b8429a9bf@group-65E8B50BF941-SegmentedRaftLogWorker: Starting segment from index:0
2019-11-15 07:11:14,053 [2a42fb6f-b869-4110-a96a-9a2b8429a9bf@group-65E8B50BF941-LeaderElection1] INFO  impl.RaftServerImpl (ServerState.java:setRaftConf(356)) - 2a42fb6f-b869-4110-a96a-9a2b8429a9bf@group-65E8B50BF941: set configuration 0: [2a42fb6f-b869-4110-a96a-9a2b8429a9bf:192.168.69.126:33040], old=null at 0
2019-11-15 07:11:14,104 [Thread-204] INFO  impl.FollowerState (FollowerState.java:run(111)) - 2d4d3ea5-9e05-49b1-81c4-17e643da7a24@group-E3FE6CA6F98F-FollowerState: change to CANDIDATE, lastRpcTime:5174ms, electionTimeout:5174ms
2019-11-15 07:11:14,105 [Thread-204] INFO  impl.RoleInfo (RoleInfo.java:shutdownFollowerState(121)) - 2d4d3ea5-9e05-49b1-81c4-17e643da7a24: shutdown FollowerState
2019-11-15 07:11:14,105 [Thread-204] INFO  impl.RaftServerImpl (RaftServerImpl.java:setRole(173)) - 2d4d3ea5-9e05-49b1-81c4-17e643da7a24@group-E3FE6CA6F98F: changes role from  FOLLOWER to CANDIDATE at term 0 for changeToCandidate
2019-11-15 07:11:14,105 [Thread-204] INFO  impl.RoleInfo (RoleInfo.java:updateAndGet(143)) - 2d4d3ea5-9e05-49b1-81c4-17e643da7a24: start LeaderElection
2019-11-15 07:11:14,131 [2d4d3ea5-9e05-49b1-81c4-17e643da7a24@group-E3FE6CA6F98F-LeaderElection2] INFO  impl.LeaderElection (LeaderElection.java:askForVotes(178)) - 2d4d3ea5-9e05-49b1-81c4-17e643da7a24@group-E3FE6CA6F98F-LeaderElection2: begin an election at term 1 for -1: [2d4d3ea5-9e05-49b1-81c4-17e643da7a24:192.168.69.126:45299], old=null
2019-11-15 07:11:14,141 [2d4d3ea5-9e05-49b1-81c4-17e643da7a24@group-E3FE6CA6F98F-LeaderElection2] INFO  impl.RoleInfo (RoleInfo.java:shutdownLeaderElection(134)) - 2d4d3ea5-9e05-49b1-81c4-17e643da7a24: shutdown LeaderElection
2019-11-15 07:11:14,142 [2d4d3ea5-9e05-49b1-81c4-17e643da7a24@group-E3FE6CA6F98F-LeaderElection2] INFO  impl.RaftServerImpl (RaftServerImpl.java:setRole(173)) - 2d4d3ea5-9e05-49b1-81c4-17e643da7a24@group-E3FE6CA6F98F: changes role from CANDIDATE to LEADER at term 1 for changeToLeader
2019-11-15 07:11:14,142 [2d4d3ea5-9e05-49b1-81c4-17e643da7a24@group-E3FE6CA6F98F-LeaderElection2] INFO  ratis.XceiverServerRatis (XceiverServerRatis.java:handleLeaderChangedNotification(697)) - Leader change notification received for group: group-E3FE6CA6F98F with new leaderId: 2d4d3ea5-9e05-49b1-81c4-17e643da7a24
2019-11-15 07:11:14,143 [2d4d3ea5-9e05-49b1-81c4-17e643da7a24@group-E3FE6CA6F98F-LeaderElection2] INFO  impl.RaftServerImpl (ServerState.java:setLeader(255)) - 2d4d3ea5-9e05-49b1-81c4-17e643da7a24@group-E3FE6CA6F98F: change Leader from null to 2d4d3ea5-9e05-49b1-81c4-17e643da7a24 at term 1 for becomeLeader, leader elected after 5218ms
2019-11-15 07:11:14,143 [2d4d3ea5-9e05-49b1-81c4-17e643da7a24@group-E3FE6CA6F98F-LeaderElection2] INFO  server.RaftServerConfigKeys (ConfUtils.java:logGet(43)) - raft.server.staging.catchup.gap = 1000 (default)
2019-11-15 07:11:14,143 [2d4d3ea5-9e05-49b1-81c4-17e643da7a24@group-E3FE6CA6F98F-LeaderElection2] INFO  server.RaftServerConfigKeys (ConfUtils.java:logGet(43)) - raft.server.rpc.sleep.time = 25ms (default)
2019-11-15 07:11:14,143 [2d4d3ea5-9e05-49b1-81c4-17e643da7a24@group-E3FE6CA6F98F-LeaderElection2] INFO  server.RaftServerConfigKeys (ConfUtils.java:logGet(43)) - raft.server.write.element-limit = 4096 (default)
2019-11-15 07:11:14,144 [2d4d3ea5-9e05-49b1-81c4-17e643da7a24@group-E3FE6CA6F98F-LeaderElection2] INFO  server.RaftServerConfigKeys (ConfUtils.java:logGet(43)) - raft.server.watch.timeout = 10s (default)
2019-11-15 07:11:14,145 [2d4d3ea5-9e05-49b1-81c4-17e643da7a24@group-E3FE6CA6F98F-LeaderElection2] INFO  server.RaftServerConfigKeys (ConfUtils.java:logGet(43)) - raft.server.watch.timeout.denomination = 1s (default)
2019-11-15 07:11:14,145 [2d4d3ea5-9e05-49b1-81c4-17e643da7a24@group-E3FE6CA6F98F-LeaderElection2] INFO  server.RaftServerConfigKeys (ConfUtils.java:logGet(43)) - raft.server.watch.element-limit = 65536 (default)
2019-11-15 07:11:14,145 [2d4d3ea5-9e05-49b1-81c4-17e643da7a24@group-E3FE6CA6F98F-LeaderElection2] INFO  impl.RoleInfo (RoleInfo.java:updateAndGet(143)) - 2d4d3ea5-9e05-49b1-81c4-17e643da7a24: start LeaderState
2019-11-15 07:11:14,146 [EventQueue-PipelineReportForPipelineReportHandler] INFO  pipeline.PipelineStateManager (PipelineStateManager.java:openPipeline(134)) - Pipeline Pipeline[ Id: 6973d2d9-1e28-4ac3-a42f-e3fe6ca6f98f, Nodes: 2d4d3ea5-9e05-49b1-81c4-17e643da7a24{ip: 192.168.69.126, host: pr-hdds-2498-z4wj9-521903842, networkLocation: /default-rack, certSerialId: null}, Type:RATIS, Factor:ONE, State:OPEN] moved to OPEN state
2019-11-15 07:11:14,146 [2d4d3ea5-9e05-49b1-81c4-17e643da7a24@group-E3FE6CA6F98F-LeaderElection2] INFO  segmented.SegmentedRaftLogWorker (SegmentedRaftLogWorker.java:startLogSegment(385)) - 2d4d3ea5-9e05-49b1-81c4-17e643da7a24@group-E3FE6CA6F98F-SegmentedRaftLogWorker: Starting segment from index:0
2019-11-15 07:11:14,147 [2d4d3ea5-9e05-49b1-81c4-17e643da7a24@group-E3FE6CA6F98F-LeaderElection2] INFO  impl.RaftServerImpl (ServerState.java:setRaftConf(356)) - 2d4d3ea5-9e05-49b1-81c4-17e643da7a24@group-E3FE6CA6F98F: set configuration 0: [2d4d3ea5-9e05-49b1-81c4-17e643da7a24:192.168.69.126:45299], old=null at 0
2019-11-15 07:11:14,165 [Thread-214] INFO  impl.FollowerState (FollowerState.java:run(111)) - 2a42fb6f-b869-4110-a96a-9a2b8429a9bf@group-93F00529DFED-FollowerState: change to CANDIDATE, lastRpcTime:5055ms, electionTimeout:5051ms
2019-11-15 07:11:14,165 [Thread-214] INFO  impl.RoleInfo (RoleInfo.java:shutdownFollowerState(121)) - 2a42fb6f-b869-4110-a96a-9a2b8429a9bf: shutdown FollowerState
2019-11-15 07:11:14,165 [Thread-214] INFO  impl.RaftServerImpl (RaftServerImpl.java:setRole(173)) - 2a42fb6f-b869-4110-a96a-9a2b8429a9bf@group-93F00529DFED: changes role from  FOLLOWER to CANDIDATE at term 0 for changeToCandidate
2019-11-15 07:11:14,165 [Thread-214] INFO  impl.RoleInfo (RoleInfo.java:updateAndGet(143)) - 2a42fb6f-b869-4110-a96a-9a2b8429a9bf: start LeaderElection
2019-11-15 07:11:14,170 [Thread-210] INFO  impl.FollowerState (FollowerState.java:run(111)) - a0d94a7e-dbf1-488b-af78-b2c5ada598db@group-93F00529DFED-FollowerState: change to CANDIDATE, lastRpcTime:5064ms, electionTimeout:5064ms
2019-11-15 07:11:14,170 [Thread-210] INFO  impl.RoleInfo (RoleInfo.java:shutdownFollowerState(121)) - a0d94a7e-dbf1-488b-af78-b2c5ada598db: shutdown FollowerState
2019-11-15 07:11:14,170 [Thread-210] INFO  impl.RaftServerImpl (RaftServerImpl.java:setRole(173)) - a0d94a7e-dbf1-488b-af78-b2c5ada598db@group-93F00529DFED: changes role from  FOLLOWER to CANDIDATE at term 0 for changeToCandidate
2019-11-15 07:11:14,171 [Thread-210] INFO  impl.RoleInfo (RoleInfo.java:updateAndGet(143)) - a0d94a7e-dbf1-488b-af78-b2c5ada598db: start LeaderElection
2019-11-15 07:11:14,191 [a0d94a7e-dbf1-488b-af78-b2c5ada598db@group-93F00529DFED-LeaderElection4] INFO  impl.LeaderElection (LeaderElection.java:askForVotes(178)) - a0d94a7e-dbf1-488b-af78-b2c5ada598db@group-93F00529DFED-LeaderElection4: begin an election at term 1 for -1: [2a42fb6f-b869-4110-a96a-9a2b8429a9bf:192.168.69.126:33040, a0d94a7e-dbf1-488b-af78-b2c5ada598db:192.168.69.126:46707, 2d4d3ea5-9e05-49b1-81c4-17e643da7a24:192.168.69.126:45299], old=null
2019-11-15 07:11:14,191 [2a42fb6f-b869-4110-a96a-9a2b8429a9bf@group-93F00529DFED-LeaderElection3] INFO  impl.LeaderElection (LeaderElection.java:askForVotes(178)) - 2a42fb6f-b869-4110-a96a-9a2b8429a9bf@group-93F00529DFED-LeaderElection3: begin an election at term 1 for -1: [2a42fb6f-b869-4110-a96a-9a2b8429a9bf:192.168.69.126:33040, a0d94a7e-dbf1-488b-af78-b2c5ada598db:192.168.69.126:46707, 2d4d3ea5-9e05-49b1-81c4-17e643da7a24:192.168.69.126:45299], old=null
2019-11-15 07:11:14,194 [Thread-215] INFO  impl.FollowerState (FollowerState.java:run(111)) - 2d4d3ea5-9e05-49b1-81c4-17e643da7a24@group-93F00529DFED-FollowerState: change to CANDIDATE, lastRpcTime:5084ms, electionTimeout:5080ms
2019-11-15 07:11:14,194 [Thread-215] INFO  impl.RoleInfo (RoleInfo.java:shutdownFollowerState(121)) - 2d4d3ea5-9e05-49b1-81c4-17e643da7a24: shutdown FollowerState
2019-11-15 07:11:14,194 [Thread-215] INFO  impl.RaftServerImpl (RaftServerImpl.java:setRole(173)) - 2d4d3ea5-9e05-49b1-81c4-17e643da7a24@group-93F00529DFED: changes role from  FOLLOWER to CANDIDATE at term 0 for changeToCandidate
2019-11-15 07:11:14,195 [Thread-215] INFO  impl.RoleInfo (RoleInfo.java:updateAndGet(143)) - 2d4d3ea5-9e05-49b1-81c4-17e643da7a24: start LeaderElection
2019-11-15 07:11:14,221 [2d4d3ea5-9e05-49b1-81c4-17e643da7a24@group-93F00529DFED-LeaderElection5] INFO  impl.LeaderElection (LeaderElection.java:askForVotes(178)) - 2d4d3ea5-9e05-49b1-81c4-17e643da7a24@group-93F00529DFED-LeaderElection5: begin an election at term 1 for -1: [2a42fb6f-b869-4110-a96a-9a2b8429a9bf:192.168.69.126:33040, a0d94a7e-dbf1-488b-af78-b2c5ada598db:192.168.69.126:46707, 2d4d3ea5-9e05-49b1-81c4-17e643da7a24:192.168.69.126:45299], old=null
2019-11-15 07:11:14,241 [2a42fb6f-b869-4110-a96a-9a2b8429a9bf@group-93F00529DFED-LeaderElection3] INFO  impl.LeaderElection (LeaderElection.java:logAndReturn(56)) - 2a42fb6f-b869-4110-a96a-9a2b8429a9bf@group-93F00529DFED-LeaderElection3: Election REJECTED; received 2 response(s) [2a42fb6f-b869-4110-a96a-9a2b8429a9bf<-a0d94a7e-dbf1-488b-af78-b2c5ada598db#0:FAIL-t1, 2a42fb6f-b869-4110-a96a-9a2b8429a9bf<-2d4d3ea5-9e05-49b1-81c4-17e643da7a24#0:FAIL-t1] and 0 exception(s); 2a42fb6f-b869-4110-a96a-9a2b8429a9bf@group-93F00529DFED:t1, leader=null, voted=2a42fb6f-b869-4110-a96a-9a2b8429a9bf, raftlog=2a42fb6f-b869-4110-a96a-9a2b8429a9bf@group-93F00529DFED-SegmentedRaftLog:OPENED:c-1,f-1,i0, conf=-1: [2a42fb6f-b869-4110-a96a-9a2b8429a9bf:192.168.69.126:33040, a0d94a7e-dbf1-488b-af78-b2c5ada598db:192.168.69.126:46707, 2d4d3ea5-9e05-49b1-81c4-17e643da7a24:192.168.69.126:45299], old=null
2019-11-15 07:11:14,241 [a0d94a7e-dbf1-488b-af78-b2c5ada598db@group-93F00529DFED-LeaderElection4] INFO  impl.LeaderElection (LeaderElection.java:logAndReturn(56)) - a0d94a7e-dbf1-488b-af78-b2c5ada598db@group-93F00529DFED-LeaderElection4: Election REJECTED; received 2 response(s) [a0d94a7e-dbf1-488b-af78-b2c5ada598db<-2a42fb6f-b869-4110-a96a-9a2b8429a9bf#0:FAIL-t1, a0d94a7e-dbf1-488b-af78-b2c5ada598db<-2d4d3ea5-9e05-49b1-81c4-17e643da7a24#0:FAIL-t1] and 0 exception(s); a0d94a7e-dbf1-488b-af78-b2c5ada598db@group-93F00529DFED:t1, leader=null, voted=a0d94a7e-dbf1-488b-af78-b2c5ada598db, raftlog=a0d94a7e-dbf1-488b-af78-b2c5ada598db@group-93F00529DFED-SegmentedRaftLog:OPENED:c-1,f-1,i0, conf=-1: [2a42fb6f-b869-4110-a96a-9a2b8429a9bf:192.168.69.126:33040, a0d94a7e-dbf1-488b-af78-b2c5ada598db:192.168.69.126:46707, 2d4d3ea5-9e05-49b1-81c4-17e643da7a24:192.168.69.126:45299], old=null
2019-11-15 07:11:14,243 [2a42fb6f-b869-4110-a96a-9a2b8429a9bf@group-93F00529DFED-LeaderElection3] INFO  impl.RaftServerImpl (RaftServerImpl.java:setRole(173)) - 2a42fb6f-b869-4110-a96a-9a2b8429a9bf@group-93F00529DFED: changes role from CANDIDATE to FOLLOWER at term 1 for DISCOVERED_A_NEW_TERM
2019-11-15 07:11:14,244 [a0d94a7e-dbf1-488b-af78-b2c5ada598db@group-93F00529DFED-LeaderElection4] INFO  impl.RaftServerImpl (RaftServerImpl.java:setRole(173)) - a0d94a7e-dbf1-488b-af78-b2c5ada598db@group-93F00529DFED: changes role from CANDIDATE to FOLLOWER at term 1 for DISCOVERED_A_NEW_TERM
2019-11-15 07:11:14,244 [2a42fb6f-b869-4110-a96a-9a2b8429a9bf@group-93F00529DFED-LeaderElection3] INFO  impl.RoleInfo (RoleInfo.java:shutdownLeaderElection(134)) - 2a42fb6f-b869-4110-a96a-9a2b8429a9bf: shutdown LeaderElection
2019-11-15 07:11:14,245 [a0d94a7e-dbf1-488b-af78-b2c5ada598db@group-93F00529DFED-LeaderElection4] INFO  impl.RoleInfo (RoleInfo.java:shutdownLeaderElection(134)) - a0d94a7e-dbf1-488b-af78-b2c5ada598db: shutdown LeaderElection
2019-11-15 07:11:14,245 [2a42fb6f-b869-4110-a96a-9a2b8429a9bf@group-93F00529DFED-LeaderElection3] INFO  impl.RoleInfo (RoleInfo.java:updateAndGet(143)) - 2a42fb6f-b869-4110-a96a-9a2b8429a9bf: start FollowerState
2019-11-15 07:11:14,245 [a0d94a7e-dbf1-488b-af78-b2c5ada598db@group-93F00529DFED-LeaderElection4] INFO  impl.RoleInfo (RoleInfo.java:updateAndGet(143)) - a0d94a7e-dbf1-488b-af78-b2c5ada598db: start FollowerState
2019-11-15 07:11:14,251 [2d4d3ea5-9e05-49b1-81c4-17e643da7a24@group-93F00529DFED-LeaderElection5] INFO  impl.LeaderElection (LeaderElection.java:logAndReturn(56)) - 2d4d3ea5-9e05-49b1-81c4-17e643da7a24@group-93F00529DFED-LeaderElection5: Election REJECTED; received 2 response(s) [2d4d3ea5-9e05-49b1-81c4-17e643da7a24<-a0d94a7e-dbf1-488b-af78-b2c5ada598db#0:FAIL-t1, 2d4d3ea5-9e05-49b1-81c4-17e643da7a24<-2a42fb6f-b869-4110-a96a-9a2b8429a9bf#0:FAIL-t1] and 0 exception(s); 2d4d3ea5-9e05-49b1-81c4-17e643da7a24@group-93F00529DFED:t1, leader=null, voted=2d4d3ea5-9e05-49b1-81c4-17e643da7a24, raftlog=2d4d3ea5-9e05-49b1-81c4-17e643da7a24@group-93F00529DFED-SegmentedRaftLog:OPENED:c-1,f-1,i0, conf=-1: [2a42fb6f-b869-4110-a96a-9a2b8429a9bf:192.168.69.126:33040, a0d94a7e-dbf1-488b-af78-b2c5ada598db:192.168.69.126:46707, 2d4d3ea5-9e05-49b1-81c4-17e643da7a24:192.168.69.126:45299], old=null
2019-11-15 07:11:14,251 [2d4d3ea5-9e05-49b1-81c4-17e643da7a24@group-93F00529DFED-LeaderElection5] INFO  impl.RaftServerImpl (RaftServerImpl.java:setRole(173)) - 2d4d3ea5-9e05-49b1-81c4-17e643da7a24@group-93F00529DFED: changes role from CANDIDATE to FOLLOWER at term 1 for DISCOVERED_A_NEW_TERM
2019-11-15 07:11:14,253 [2d4d3ea5-9e05-49b1-81c4-17e643da7a24@group-93F00529DFED-LeaderElection5] INFO  impl.RoleInfo (RoleInfo.java:shutdownLeaderElection(134)) - 2d4d3ea5-9e05-49b1-81c4-17e643da7a24: shutdown LeaderElection
2019-11-15 07:11:14,253 [2d4d3ea5-9e05-49b1-81c4-17e643da7a24@group-93F00529DFED-LeaderElection5] INFO  impl.RoleInfo (RoleInfo.java:updateAndGet(143)) - 2d4d3ea5-9e05-49b1-81c4-17e643da7a24: start FollowerState
2019-11-15 07:11:14,329 [2a42fb6f-b869-4110-a96a-9a2b8429a9bf@group-65E8B50BF941-SegmentedRaftLogWorker] INFO  segmented.SegmentedRaftLogWorker (SegmentedRaftLogWorker.java:execute(576)) - 2a42fb6f-b869-4110-a96a-9a2b8429a9bf@group-65E8B50BF941-SegmentedRaftLogWorker: created new log segment /workdir/hadoop-ozone/tools/target/test-dir/MiniOzoneClusterImpl-51b9b0f2-17ac-4b5b-be5d-f7608296e48f/datanode-2/data/ratis/9966653c-70d6-4b1d-a293-65e8b50bf941/current/log_inprogress_0
2019-11-15 07:11:14,329 [2d4d3ea5-9e05-49b1-81c4-17e643da7a24@group-E3FE6CA6F98F-SegmentedRaftLogWorker] INFO  segmented.SegmentedRaftLogWorker (SegmentedRaftLogWorker.java:execute(576)) - 2d4d3ea5-9e05-49b1-81c4-17e643da7a24@group-E3FE6CA6F98F-SegmentedRaftLogWorker: created new log segment /workdir/hadoop-ozone/tools/target/test-dir/MiniOzoneClusterImpl-51b9b0f2-17ac-4b5b-be5d-f7608296e48f/datanode-1/data/ratis/6973d2d9-1e28-4ac3-a42f-e3fe6ca6f98f/current/log_inprogress_0
2019-11-15 07:11:14,416 [Thread-220] INFO  impl.FollowerState (FollowerState.java:run(111)) - a0d94a7e-dbf1-488b-af78-b2c5ada598db@group-8E46A34D92F1-FollowerState: change to CANDIDATE, lastRpcTime:5197ms, electionTimeout:5197ms
2019-11-15 07:11:14,416 [Thread-220] INFO  impl.RoleInfo (RoleInfo.java:shutdownFollowerState(121)) - a0d94a7e-dbf1-488b-af78-b2c5ada598db: shutdown FollowerState
2019-11-15 07:11:14,416 [Thread-220] INFO  impl.RaftServerImpl (RaftServerImpl.java:setRole(173)) - a0d94a7e-dbf1-488b-af78-b2c5ada598db@group-8E46A34D92F1: changes role from  FOLLOWER to CANDIDATE at term 0 for changeToCandidate
2019-11-15 07:11:14,417 [Thread-220] INFO  impl.RoleInfo (RoleInfo.java:updateAndGet(143)) - a0d94a7e-dbf1-488b-af78-b2c5ada598db: start LeaderElection
2019-11-15 07:11:14,443 [a0d94a7e-dbf1-488b-af78-b2c5ada598db@group-8E46A34D92F1-LeaderElection6] INFO  impl.LeaderElection (LeaderElection.java:askForVotes(178)) - a0d94a7e-dbf1-488b-af78-b2c5ada598db@group-8E46A34D92F1-LeaderElection6: begin an election at term 1 for -1: [a0d94a7e-dbf1-488b-af78-b2c5ada598db:192.168.69.126:46707], old=null
2019-11-15 07:11:14,444 [a0d94a7e-dbf1-488b-af78-b2c5ada598db@group-8E46A34D92F1-LeaderElection6] INFO  impl.RoleInfo (RoleInfo.java:shutdownLeaderElection(134)) - a0d94a7e-dbf1-488b-af78-b2c5ada598db: shutdown LeaderElection
2019-11-15 07:11:14,444 [a0d94a7e-dbf1-488b-af78-b2c5ada598db@group-8E46A34D92F1-LeaderElection6] INFO  impl.RaftServerImpl (RaftServerImpl.java:setRole(173)) - a0d94a7e-dbf1-488b-af78-b2c5ada598db@group-8E46A34D92F1: changes role from CANDIDATE to LEADER at term 1 for changeToLeader
2019-11-15 07:11:14,444 [a0d94a7e-dbf1-488b-af78-b2c5ada598db@group-8E46A34D92F1-LeaderElection6] INFO  ratis.XceiverServerRatis (XceiverServerRatis.java:handleLeaderChangedNotification(697)) - Leader change notification received for group: group-8E46A34D92F1 with new leaderId: a0d94a7e-dbf1-488b-af78-b2c5ada598db
2019-11-15 07:11:14,445 [a0d94a7e-dbf1-488b-af78-b2c5ada598db@group-8E46A34D92F1-LeaderElection6] INFO  impl.RaftServerImpl (ServerState.java:setLeader(255)) - a0d94a7e-dbf1-488b-af78-b2c5ada598db@group-8E46A34D92F1: change Leader from null to a0d94a7e-dbf1-488b-af78-b2c5ada598db at term 1 for becomeLeader, leader elected after 5230ms
2019-11-15 07:11:14,445 [a0d94a7e-dbf1-488b-af78-b2c5ada598db@group-8E46A34D92F1-LeaderElection6] INFO  server.RaftServerConfigKeys (ConfUtils.java:logGet(43)) - raft.server.staging.catchup.gap = 1000 (default)
2019-11-15 07:11:14,445 [a0d94a7e-dbf1-488b-af78-b2c5ada598db@group-8E46A34D92F1-LeaderElection6] INFO  server.RaftServerConfigKeys (ConfUtils.java:logGet(43)) - raft.server.rpc.sleep.time = 25ms (default)
2019-11-15 07:11:14,446 [a0d94a7e-dbf1-488b-af78-b2c5ada598db@group-8E46A34D92F1-LeaderElection6] INFO  server.RaftServerConfigKeys (ConfUtils.java:logGet(43)) - raft.server.write.element-limit = 4096 (default)
2019-11-15 07:11:14,447 [a0d94a7e-dbf1-488b-af78-b2c5ada598db@group-8E46A34D92F1-LeaderElection6] INFO  server.RaftServerConfigKeys (ConfUtils.java:logGet(43)) - raft.server.watch.timeout = 10s (default)
2019-11-15 07:11:14,447 [a0d94a7e-dbf1-488b-af78-b2c5ada598db@group-8E46A34D92F1-LeaderElection6] INFO  server.RaftServerConfigKeys (ConfUtils.java:logGet(43)) - raft.server.watch.timeout.denomination = 1s (default)
2019-11-15 07:11:14,447 [a0d94a7e-dbf1-488b-af78-b2c5ada598db@group-8E46A34D92F1-LeaderElection6] INFO  server.RaftServerConfigKeys (ConfUtils.java:logGet(43)) - raft.server.watch.element-limit = 65536 (default)
2019-11-15 07:11:14,447 [a0d94a7e-dbf1-488b-af78-b2c5ada598db@group-8E46A34D92F1-LeaderElection6] INFO  impl.RoleInfo (RoleInfo.java:updateAndGet(143)) - a0d94a7e-dbf1-488b-af78-b2c5ada598db: start LeaderState
2019-11-15 07:11:14,448 [a0d94a7e-dbf1-488b-af78-b2c5ada598db@group-8E46A34D92F1-LeaderElection6] INFO  segmented.SegmentedRaftLogWorker (SegmentedRaftLogWorker.java:startLogSegment(385)) - a0d94a7e-dbf1-488b-af78-b2c5ada598db@group-8E46A34D92F1-SegmentedRaftLogWorker: Starting segment from index:0
2019-11-15 07:11:14,448 [EventQueue-PipelineReportForPipelineReportHandler] INFO  pipeline.PipelineStateManager (PipelineStateManager.java:openPipeline(134)) - Pipeline Pipeline[ Id: 756df879-5d81-41d2-9d23-8e46a34d92f1, Nodes: a0d94a7e-dbf1-488b-af78-b2c5ada598db{ip: 192.168.69.126, host: pr-hdds-2498-z4wj9-521903842, networkLocation: /default-rack, certSerialId: null}, Type:RATIS, Factor:ONE, State:OPEN] moved to OPEN state
2019-11-15 07:11:14,449 [a0d94a7e-dbf1-488b-af78-b2c5ada598db@group-8E46A34D92F1-LeaderElection6] INFO  impl.RaftServerImpl (ServerState.java:setRaftConf(356)) - a0d94a7e-dbf1-488b-af78-b2c5ada598db@group-8E46A34D92F1: set configuration 0: [a0d94a7e-dbf1-488b-af78-b2c5ada598db:192.168.69.126:46707], old=null at 0
2019-11-15 07:11:14,511 [a0d94a7e-dbf1-488b-af78-b2c5ada598db@group-8E46A34D92F1-SegmentedRaftLogWorker] INFO  segmented.SegmentedRaftLogWorker (SegmentedRaftLogWorker.java:execute(576)) - a0d94a7e-dbf1-488b-af78-b2c5ada598db@group-8E46A34D92F1-SegmentedRaftLogWorker: created new log segment /workdir/hadoop-ozone/tools/target/test-dir/MiniOzoneClusterImpl-51b9b0f2-17ac-4b5b-be5d-f7608296e48f/datanode-0/data/ratis/756df879-5d81-41d2-9d23-8e46a34d92f1/current/log_inprogress_0
2019-11-15 07:11:14,849 [main] INFO  ozone.MiniOzoneClusterImpl (MiniOzoneClusterImpl.java:lambda$waitForClusterToBeReady$2(163)) - Waiting for 1 number of pipelines out of 4, to report a leader.
2019-11-15 07:11:15,849 [main] INFO  ozone.MiniOzoneClusterImpl (MiniOzoneClusterImpl.java:lambda$waitForClusterToBeReady$2(163)) - Waiting for 1 number of pipelines out of 4, to report a leader.
2019-11-15 07:11:16,850 [main] INFO  ozone.MiniOzoneClusterImpl (MiniOzoneClusterImpl.java:lambda$waitForClusterToBeReady$2(163)) - Waiting for 1 number of pipelines out of 4, to report a leader.
2019-11-15 07:11:17,851 [main] INFO  ozone.MiniOzoneClusterImpl (MiniOzoneClusterImpl.java:lambda$waitForClusterToBeReady$2(163)) - Waiting for 1 number of pipelines out of 4, to report a leader.
2019-11-15 07:11:18,851 [main] INFO  ozone.MiniOzoneClusterImpl (MiniOzoneClusterImpl.java:lambda$waitForClusterToBeReady$2(163)) - Waiting for 1 number of pipelines out of 4, to report a leader.
2019-11-15 07:11:19,301 [Thread-236] INFO  impl.FollowerState (FollowerState.java:run(111)) - a0d94a7e-dbf1-488b-af78-b2c5ada598db@group-93F00529DFED-FollowerState: change to CANDIDATE, lastRpcTime:5055ms, electionTimeout:5053ms
2019-11-15 07:11:19,301 [Thread-236] INFO  impl.RoleInfo (RoleInfo.java:shutdownFollowerState(121)) - a0d94a7e-dbf1-488b-af78-b2c5ada598db: shutdown FollowerState
2019-11-15 07:11:19,301 [Thread-236] INFO  impl.RaftServerImpl (RaftServerImpl.java:setRole(173)) - a0d94a7e-dbf1-488b-af78-b2c5ada598db@group-93F00529DFED: changes role from  FOLLOWER to CANDIDATE at term 1 for changeToCandidate
2019-11-15 07:11:19,301 [Thread-236] INFO  impl.RoleInfo (RoleInfo.java:updateAndGet(143)) - a0d94a7e-dbf1-488b-af78-b2c5ada598db: start LeaderElection
2019-11-15 07:11:19,342 [a0d94a7e-dbf1-488b-af78-b2c5ada598db@group-93F00529DFED-LeaderElection7] INFO  impl.LeaderElection (LeaderElection.java:askForVotes(178)) - a0d94a7e-dbf1-488b-af78-b2c5ada598db@group-93F00529DFED-LeaderElection7: begin an election at term 2 for -1: [2a42fb6f-b869-4110-a96a-9a2b8429a9bf:192.168.69.126:33040, a0d94a7e-dbf1-488b-af78-b2c5ada598db:192.168.69.126:46707, 2d4d3ea5-9e05-49b1-81c4-17e643da7a24:192.168.69.126:45299], old=null
2019-11-15 07:11:19,349 [grpc-default-executor-1] INFO  impl.RaftServerImpl (RaftServerImpl.java:setRole(173)) - 2a42fb6f-b869-4110-a96a-9a2b8429a9bf@group-93F00529DFED: changes role from  FOLLOWER to FOLLOWER at term 2 for recognizeCandidate:a0d94a7e-dbf1-488b-af78-b2c5ada598db
2019-11-15 07:11:19,349 [grpc-default-executor-3] INFO  impl.RaftServerImpl (RaftServerImpl.java:setRole(173)) - 2d4d3ea5-9e05-49b1-81c4-17e643da7a24@group-93F00529DFED: changes role from  FOLLOWER to FOLLOWER at term 2 for recognizeCandidate:a0d94a7e-dbf1-488b-af78-b2c5ada598db
2019-11-15 07:11:19,350 [grpc-default-executor-1] INFO  impl.RoleInfo (RoleInfo.java:shutdownFollowerState(121)) - 2a42fb6f-b869-4110-a96a-9a2b8429a9bf: shutdown FollowerState
2019-11-15 07:11:19,350 [grpc-default-executor-3] INFO  impl.RoleInfo (RoleInfo.java:shutdownFollowerState(121)) - 2d4d3ea5-9e05-49b1-81c4-17e643da7a24: shutdown FollowerState
2019-11-15 07:11:19,350 [Thread-235] INFO  impl.FollowerState (FollowerState.java:run(120)) - 2a42fb6f-b869-4110-a96a-9a2b8429a9bf@group-93F00529DFED-FollowerState was interrupted: java.lang.InterruptedException: sleep interrupted
2019-11-15 07:11:19,350 [Thread-237] INFO  impl.FollowerState (FollowerState.java:run(120)) - 2d4d3ea5-9e05-49b1-81c4-17e643da7a24@group-93F00529DFED-FollowerState was interrupted: java.lang.InterruptedException: sleep interrupted
2019-11-15 07:11:19,350 [grpc-default-executor-1] INFO  impl.RoleInfo (RoleInfo.java:updateAndGet(143)) - 2a42fb6f-b869-4110-a96a-9a2b8429a9bf: start FollowerState
2019-11-15 07:11:19,350 [grpc-default-executor-3] INFO  impl.RoleInfo (RoleInfo.java:updateAndGet(143)) - 2d4d3ea5-9e05-49b1-81c4-17e643da7a24: start FollowerState
2019-11-15 07:11:19,379 [a0d94a7e-dbf1-488b-af78-b2c5ada598db@group-93F00529DFED-LeaderElection7] INFO  impl.LeaderElection (LeaderElection.java:logAndReturn(56)) - a0d94a7e-dbf1-488b-af78-b2c5ada598db@group-93F00529DFED-LeaderElection7: Election PASSED; received 1 response(s) [a0d94a7e-dbf1-488b-af78-b2c5ada598db<-2a42fb6f-b869-4110-a96a-9a2b8429a9bf#0:OK-t2] and 0 exception(s); a0d94a7e-dbf1-488b-af78-b2c5ada598db@group-93F00529DFED:t2, leader=null, voted=a0d94a7e-dbf1-488b-af78-b2c5ada598db, raftlog=a0d94a7e-dbf1-488b-af78-b2c5ada598db@group-93F00529DFED-SegmentedRaftLog:OPENED:c-1,f-1,i0, conf=-1: [2a42fb6f-b869-4110-a96a-9a2b8429a9bf:192.168.69.126:33040, a0d94a7e-dbf1-488b-af78-b2c5ada598db:192.168.69.126:46707, 2d4d3ea5-9e05-49b1-81c4-17e643da7a24:192.168.69.126:45299], old=null
2019-11-15 07:11:19,379 [a0d94a7e-dbf1-488b-af78-b2c5ada598db@group-93F00529DFED-LeaderElection7] INFO  impl.RoleInfo (RoleInfo.java:shutdownLeaderElection(134)) - a0d94a7e-dbf1-488b-af78-b2c5ada598db: shutdown LeaderElection
2019-11-15 07:11:19,380 [a0d94a7e-dbf1-488b-af78-b2c5ada598db@group-93F00529DFED-LeaderElection7] INFO  impl.RaftServerImpl (RaftServerImpl.java:setRole(173)) - a0d94a7e-dbf1-488b-af78-b2c5ada598db@group-93F00529DFED: changes role from CANDIDATE to LEADER at term 2 for changeToLeader
2019-11-15 07:11:19,380 [a0d94a7e-dbf1-488b-af78-b2c5ada598db@group-93F00529DFED-LeaderElection7] INFO  ratis.XceiverServerRatis (XceiverServerRatis.java:handleLeaderChangedNotification(697)) - Leader change notification received for group: group-93F00529DFED with new leaderId: a0d94a7e-dbf1-488b-af78-b2c5ada598db
2019-11-15 07:11:19,380 [a0d94a7e-dbf1-488b-af78-b2c5ada598db@group-93F00529DFED-LeaderElection7] INFO  impl.RaftServerImpl (ServerState.java:setLeader(255)) - a0d94a7e-dbf1-488b-af78-b2c5ada598db@group-93F00529DFED: change Leader from null to a0d94a7e-dbf1-488b-af78-b2c5ada598db at term 2 for becomeLeader, leader elected after 10284ms
2019-11-15 07:11:19,380 [a0d94a7e-dbf1-488b-af78-b2c5ada598db@group-93F00529DFED-LeaderElection7] INFO  server.RaftServerConfigKeys (ConfUtils.java:logGet(43)) - raft.server.staging.catchup.gap = 1000 (default)
2019-11-15 07:11:19,381 [a0d94a7e-dbf1-488b-af78-b2c5ada598db@group-93F00529DFED-LeaderElection7] INFO  server.RaftServerConfigKeys (ConfUtils.java:logGet(43)) - raft.server.rpc.sleep.time = 25ms (default)
2019-11-15 07:11:19,381 [a0d94a7e-dbf1-488b-af78-b2c5ada598db@group-93F00529DFED-LeaderElection7] INFO  server.RaftServerConfigKeys (ConfUtils.java:logGet(43)) - raft.server.write.element-limit = 4096 (default)
2019-11-15 07:11:19,381 [a0d94a7e-dbf1-488b-af78-b2c5ada598db@group-93F00529DFED-LeaderElection7] INFO  server.RaftServerConfigKeys (ConfUtils.java:logGet(43)) - raft.server.watch.timeout = 10s (default)
2019-11-15 07:11:19,381 [a0d94a7e-dbf1-488b-af78-b2c5ada598db@group-93F00529DFED-LeaderElection7] INFO  server.RaftServerConfigKeys (ConfUtils.java:logGet(43)) - raft.server.watch.timeout.denomination = 1s (default)
2019-11-15 07:11:19,381 [a0d94a7e-dbf1-488b-af78-b2c5ada598db@group-93F00529DFED-LeaderElection7] INFO  server.RaftServerConfigKeys (ConfUtils.java:logGet(43)) - raft.server.watch.element-limit = 65536 (default)
2019-11-15 07:11:19,382 [EventQueue-PipelineReportForPipelineReportHandler] INFO  pipeline.PipelineStateManager (PipelineStateManager.java:openPipeline(134)) - Pipeline Pipeline[ Id: e7b75341-81cc-4f1b-84a9-93f00529dfed, Nodes: 2d4d3ea5-9e05-49b1-81c4-17e643da7a24{ip: 192.168.69.126, host: pr-hdds-2498-z4wj9-521903842, networkLocation: /default-rack, certSerialId: null}2a42fb6f-b869-4110-a96a-9a2b8429a9bf{ip: 192.168.69.126, host: pr-hdds-2498-z4wj9-521903842, networkLocation: /default-rack, certSerialId: null}a0d94a7e-dbf1-488b-af78-b2c5ada598db{ip: 192.168.69.126, host: pr-hdds-2498-z4wj9-521903842, networkLocation: /default-rack, certSerialId: null}, Type:RATIS, Factor:THREE, State:OPEN] moved to OPEN state
2019-11-15 07:11:19,386 [a0d94a7e-dbf1-488b-af78-b2c5ada598db@group-93F00529DFED-LeaderElection7] INFO  server.RaftServerConfigKeys (ConfUtils.java:logGet(43)) - raft.server.log.appender.snapshot.chunk.size.max = 16MB (=16777216) (default)
2019-11-15 07:11:19,386 [a0d94a7e-dbf1-488b-af78-b2c5ada598db@group-93F00529DFED-LeaderElection7] INFO  server.RaftServerConfigKeys (ConfUtils.java:logGet(43)) - raft.server.log.appender.buffer.byte-limit = 33554432 (custom)
2019-11-15 07:11:19,387 [a0d94a7e-dbf1-488b-af78-b2c5ada598db@group-93F00529DFED-LeaderElection7] INFO  server.RaftServerConfigKeys (ConfUtils.java:logGet(43)) - raft.server.log.appender.buffer.element-limit = 1 (custom)
2019-11-15 07:11:19,391 [a0d94a7e-dbf1-488b-af78-b2c5ada598db@group-93F00529DFED-LeaderElection7] INFO  grpc.GrpcConfigKeys$Server (ConfUtils.java:logGet(43)) - raft.grpc.server.leader.outstanding.appends.max = 128 (default)
2019-11-15 07:11:19,391 [a0d94a7e-dbf1-488b-af78-b2c5ada598db@group-93F00529DFED-LeaderElection7] INFO  server.RaftServerConfigKeys (ConfUtils.java:logGet(43)) - raft.server.rpc.request.timeout = 3000ms (default)
2019-11-15 07:11:19,391 [a0d94a7e-dbf1-488b-af78-b2c5ada598db@group-93F00529DFED-LeaderElection7] INFO  server.RaftServerConfigKeys (ConfUtils.java:logGet(43)) - raft.server.log.appender.install.snapshot.enabled = false (custom)
2019-11-15 07:11:19,393 [a0d94a7e-dbf1-488b-af78-b2c5ada598db@group-93F00529DFED-LeaderElection7] WARN  impl.MetricRegistriesImpl (MetricRegistriesImpl.java:lambda$create$1(61)) - First MetricRegistry has been created without registering reporters. You may need to call MetricRegistries.global().addReportRegistration(...) before.
2019-11-15 07:11:19,394 [a0d94a7e-dbf1-488b-af78-b2c5ada598db@group-93F00529DFED-LeaderElection7] INFO  server.RaftServerConfigKeys (ConfUtils.java:logGet(43)) - raft.server.log.appender.snapshot.chunk.size.max = 16MB (=16777216) (default)
2019-11-15 07:11:19,394 [a0d94a7e-dbf1-488b-af78-b2c5ada598db@group-93F00529DFED-LeaderElection7] INFO  server.RaftServerConfigKeys (ConfUtils.java:logGet(43)) - raft.server.log.appender.buffer.byte-limit = 33554432 (custom)
2019-11-15 07:11:19,394 [a0d94a7e-dbf1-488b-af78-b2c5ada598db@group-93F00529DFED-LeaderElection7] INFO  server.RaftServerConfigKeys (ConfUtils.java:logGet(43)) - raft.server.log.appender.buffer.element-limit = 1 (custom)
2019-11-15 07:11:19,394 [a0d94a7e-dbf1-488b-af78-b2c5ada598db@group-93F00529DFED-LeaderElection7] INFO  grpc.GrpcConfigKeys$Server (ConfUtils.java:logGet(43)) - raft.grpc.server.leader.outstanding.appends.max = 128 (default)
2019-11-15 07:11:19,394 [a0d94a7e-dbf1-488b-af78-b2c5ada598db@group-93F00529DFED-LeaderElection7] INFO  server.RaftServerConfigKeys (ConfUtils.java:logGet(43)) - raft.server.rpc.request.timeout = 3000ms (default)
2019-11-15 07:11:19,395 [a0d94a7e-dbf1-488b-af78-b2c5ada598db@group-93F00529DFED-LeaderElection7] INFO  server.RaftServerConfigKeys (ConfUtils.java:logGet(43)) - raft.server.log.appender.install.snapshot.enabled = false (custom)
2019-11-15 07:11:19,398 [a0d94a7e-dbf1-488b-af78-b2c5ada598db@group-93F00529DFED-LeaderElection7] INFO  impl.RoleInfo (RoleInfo.java:updateAndGet(143)) - a0d94a7e-dbf1-488b-af78-b2c5ada598db: start LeaderState
2019-11-15 07:11:19,398 [a0d94a7e-dbf1-488b-af78-b2c5ada598db@group-93F00529DFED-LeaderElection7] INFO  segmented.SegmentedRaftLogWorker (SegmentedRaftLogWorker.java:startLogSegment(385)) - a0d94a7e-dbf1-488b-af78-b2c5ada598db@group-93F00529DFED-SegmentedRaftLogWorker: Starting segment from index:0
2019-11-15 07:11:19,399 [a0d94a7e-dbf1-488b-af78-b2c5ada598db@group-93F00529DFED-LeaderElection7] INFO  impl.RaftServerImpl (ServerState.java:setRaftConf(356)) - a0d94a7e-dbf1-488b-af78-b2c5ada598db@group-93F00529DFED: set configuration 0: [2a42fb6f-b869-4110-a96a-9a2b8429a9bf:192.168.69.126:33040, a0d94a7e-dbf1-488b-af78-b2c5ada598db:192.168.69.126:46707, 2d4d3ea5-9e05-49b1-81c4-17e643da7a24:192.168.69.126:45299], old=null at 0
2019-11-15 07:11:19,460 [a0d94a7e-dbf1-488b-af78-b2c5ada598db@group-93F00529DFED-SegmentedRaftLogWorker] INFO  segmented.SegmentedRaftLogWorker (SegmentedRaftLogWorker.java:execute(576)) - a0d94a7e-dbf1-488b-af78-b2c5ada598db@group-93F00529DFED-SegmentedRaftLogWorker: created new log segment /workdir/hadoop-ozone/tools/target/test-dir/MiniOzoneClusterImpl-51b9b0f2-17ac-4b5b-be5d-f7608296e48f/datanode-0/data/ratis/e7b75341-81cc-4f1b-84a9-93f00529dfed/current/log_inprogress_0
2019-11-15 07:11:19,463 [grpc-default-executor-1] INFO  ratis.XceiverServerRatis (XceiverServerRatis.java:handleLeaderChangedNotification(697)) - Leader change notification received for group: group-93F00529DFED with new leaderId: a0d94a7e-dbf1-488b-af78-b2c5ada598db
2019-11-15 07:11:19,463 [grpc-default-executor-3] INFO  ratis.XceiverServerRatis (XceiverServerRatis.java:handleLeaderChangedNotification(697)) - Leader change notification received for group: group-93F00529DFED with new leaderId: a0d94a7e-dbf1-488b-af78-b2c5ada598db
2019-11-15 07:11:19,464 [grpc-default-executor-3] INFO  impl.RaftServerImpl (ServerState.java:setLeader(255)) - 2d4d3ea5-9e05-49b1-81c4-17e643da7a24@group-93F00529DFED: change Leader from null to a0d94a7e-dbf1-488b-af78-b2c5ada598db at term 2 for appendEntries, leader elected after 10367ms
2019-11-15 07:11:19,464 [grpc-default-executor-1] INFO  impl.RaftServerImpl (ServerState.java:setLeader(255)) - 2a42fb6f-b869-4110-a96a-9a2b8429a9bf@group-93F00529DFED: change Leader from null to a0d94a7e-dbf1-488b-af78-b2c5ada598db at term 2 for appendEntries, leader elected after 10367ms
2019-11-15 07:11:19,503 [grpc-default-executor-3] INFO  impl.RaftServerImpl (ServerState.java:setRaftConf(356)) - 2a42fb6f-b869-4110-a96a-9a2b8429a9bf@group-93F00529DFED: set configuration 0: [2a42fb6f-b869-4110-a96a-9a2b8429a9bf:192.168.69.126:33040, a0d94a7e-dbf1-488b-af78-b2c5ada598db:192.168.69.126:46707, 2d4d3ea5-9e05-49b1-81c4-17e643da7a24:192.168.69.126:45299], old=null at 0
2019-11-15 07:11:19,503 [grpc-default-executor-1] INFO  impl.RaftServerImpl (ServerState.java:setRaftConf(356)) - 2d4d3ea5-9e05-49b1-81c4-17e643da7a24@group-93F00529DFED: set configuration 0: [2a42fb6f-b869-4110-a96a-9a2b8429a9bf:192.168.69.126:33040, a0d94a7e-dbf1-488b-af78-b2c5ada598db:192.168.69.126:46707, 2d4d3ea5-9e05-49b1-81c4-17e643da7a24:192.168.69.126:45299], old=null at 0
2019-11-15 07:11:19,503 [grpc-default-executor-3] INFO  segmented.SegmentedRaftLogWorker (SegmentedRaftLogWorker.java:startLogSegment(385)) - 2a42fb6f-b869-4110-a96a-9a2b8429a9bf@group-93F00529DFED-SegmentedRaftLogWorker: Starting segment from index:0
2019-11-15 07:11:19,504 [grpc-default-executor-1] INFO  segmented.SegmentedRaftLogWorker (SegmentedRaftLogWorker.java:startLogSegment(385)) - 2d4d3ea5-9e05-49b1-81c4-17e643da7a24@group-93F00529DFED-SegmentedRaftLogWorker: Starting segment from index:0
2019-11-15 07:11:19,564 [2d4d3ea5-9e05-49b1-81c4-17e643da7a24@group-93F00529DFED-SegmentedRaftLogWorker] INFO  segmented.SegmentedRaftLogWorker (SegmentedRaftLogWorker.java:execute(576)) - 2d4d3ea5-9e05-49b1-81c4-17e643da7a24@group-93F00529DFED-SegmentedRaftLogWorker: created new log segment /workdir/hadoop-ozone/tools/target/test-dir/MiniOzoneClusterImpl-51b9b0f2-17ac-4b5b-be5d-f7608296e48f/datanode-1/data/ratis/e7b75341-81cc-4f1b-84a9-93f00529dfed/current/log_inprogress_0
2019-11-15 07:11:19,564 [2a42fb6f-b869-4110-a96a-9a2b8429a9bf@group-93F00529DFED-SegmentedRaftLogWorker] INFO  segmented.SegmentedRaftLogWorker (SegmentedRaftLogWorker.java:execute(576)) - 2a42fb6f-b869-4110-a96a-9a2b8429a9bf@group-93F00529DFED-SegmentedRaftLogWorker: created new log segment /workdir/hadoop-ozone/tools/target/test-dir/MiniOzoneClusterImpl-51b9b0f2-17ac-4b5b-be5d-f7608296e48f/datanode-2/data/ratis/e7b75341-81cc-4f1b-84a9-93f00529dfed/current/log_inprogress_0
2019-11-15 07:11:19,858 [main] INFO  ozone.MiniOzoneClusterImpl (MiniOzoneClusterImpl.java:lambda$waitForClusterToBeReady$2(171)) - Cluster is ready. Got 3 of 3 DN Heartbeats.
2019-11-15 07:11:20,806 [main] INFO  freon.RandomKeyGenerator (RandomKeyGenerator.java:call(283)) - Number of Threads: 10
2019-11-15 07:11:20,807 [main] INFO  freon.RandomKeyGenerator (RandomKeyGenerator.java:call(288)) - Number of Volumes: 1.
2019-11-15 07:11:20,807 [main] INFO  freon.RandomKeyGenerator (RandomKeyGenerator.java:call(289)) - Number of Buckets per Volume: 1.
2019-11-15 07:11:20,807 [main] INFO  freon.RandomKeyGenerator (RandomKeyGenerator.java:call(290)) - Number of Keys per Bucket: 1.
2019-11-15 07:11:20,807 [main] INFO  freon.RandomKeyGenerator (RandomKeyGenerator.java:call(291)) - Key size: 20971520 bytes
2019-11-15 07:11:20,807 [main] INFO  freon.RandomKeyGenerator (RandomKeyGenerator.java:call(292)) - Buffer size: 4096 bytes
2019-11-15 07:11:20,807 [main] INFO  freon.RandomKeyGenerator (RandomKeyGenerator.java:call(293)) - validateWrites : true
2019-11-15 07:11:20,813 [main] INFO  freon.RandomKeyGenerator (RandomKeyGenerator.java:call(307)) - Data validation is enabled.
2019-11-15 07:11:20,815 [main] INFO  freon.RandomKeyGenerator (RandomKeyGenerator.java:call(313)) - Starting progress bar Thread.

 0.00% |?                                                                                                    |  0/1 Time: 0:00:002019-11-15 07:11:20,840 [pool-53-thread-1] INFO  rpc.RpcClient (RpcClient.java:createVolume(292)) - Creating Volume: vol-0-66187, with jenkins1000 as owner.
2019-11-15 07:11:20,881 [IPC Server handler 0 on 42682] INFO  volume.OMVolumeCreateRequest (OMVolumeCreateRequest.java:validateAndUpdateCache(193)) - created volume:vol-0-66187 for user:jenkins1000
2019-11-15 07:11:20,935 [pool-53-thread-2] INFO  rpc.RpcClient (RpcClient.java:createBucket(431)) - Creating Bucket: vol-0-66187/bucket-0-50875, with Versioning false and Storage Type set to DISK and Encryption set to false 
2019-11-15 07:11:21,137 [pool-53-thread-3] INFO  impl.MetricsSystemImpl (MetricsSystemImpl.java:init(158)) - XceiverClientMetrics metrics system started (again)
 0.00% |?                                                                                                    |  0/1 Time: 0:00:01 0.00% |?                                                                                                    |  0/1 Time: 0:00:02 100.00% |?????????????????????????????????????????????????????????????????????????????????????????????????????|  1/1 Time: 0:00:03
2019-11-15 07:11:28,874 [main] INFO  pipeline.SCMPipelineManager (SCMPipelineManager.java:finalizeAndDestroyPipeline(315)) - destroying pipeline:Pipeline[ Id: e7b75341-81cc-4f1b-84a9-93f00529dfed, Nodes: 2d4d3ea5-9e05-49b1-81c4-17e643da7a24{ip: 192.168.69.126, host: pr-hdds-2498-z4wj9-521903842, networkLocation: /default-rack, certSerialId: null}2a42fb6f-b869-4110-a96a-9a2b8429a9bf{ip: 192.168.69.126, host: pr-hdds-2498-z4wj9-521903842, networkLocation: /default-rack, certSerialId: null}a0d94a7e-dbf1-488b-af78-b2c5ada598db{ip: 192.168.69.126, host: pr-hdds-2498-z4wj9-521903842, networkLocation: /default-rack, certSerialId: null}, Type:RATIS, Factor:THREE, State:OPEN]
2019-11-15 07:11:28,875 [main] INFO  pipeline.PipelineStateManager (PipelineStateManager.java:finalizePipeline(121)) - Pipeline Pipeline[ Id: e7b75341-81cc-4f1b-84a9-93f00529dfed, Nodes: 2d4d3ea5-9e05-49b1-81c4-17e643da7a24{ip: 192.168.69.126, host: pr-hdds-2498-z4wj9-521903842, networkLocation: /default-rack, certSerialId: null}2a42fb6f-b869-4110-a96a-9a2b8429a9bf{ip: 192.168.69.126, host: pr-hdds-2498-z4wj9-521903842, networkLocation: /default-rack, certSerialId: null}a0d94a7e-dbf1-488b-af78-b2c5ada598db{ip: 192.168.69.126, host: pr-hdds-2498-z4wj9-521903842, networkLocation: /default-rack, certSerialId: null}, Type:RATIS, Factor:THREE, State:CLOSED] moved to CLOSED state
2019-11-15 07:11:28,876 [EventQueue-CloseContainerForCloseContainerEventHandler] INFO  container.CloseContainerEventHandler (CloseContainerEventHandler.java:onMessage(61)) - Close container Event triggered for container : #1
2019-11-15 07:11:28,879 [EventQueue-CloseContainerForCloseContainerEventHandler] INFO  container.CloseContainerEventHandler (CloseContainerEventHandler.java:onMessage(61)) - Close container Event triggered for container : #2
2019-11-15 07:11:28,889 [EventQueue-CloseContainerForCloseContainerEventHandler] INFO  container.CloseContainerEventHandler (CloseContainerEventHandler.java:onMessage(61)) - Close container Event triggered for container : #3
2019-11-15 07:11:28,889 [grpc-default-executor-0] INFO  impl.RaftServerProxy (RaftServerProxy.java:remove(95)) - 2d4d3ea5-9e05-49b1-81c4-17e643da7a24: remove  FOLLOWER 2d4d3ea5-9e05-49b1-81c4-17e643da7a24@group-93F00529DFED:t2, leader=a0d94a7e-dbf1-488b-af78-b2c5ada598db, voted=a0d94a7e-dbf1-488b-af78-b2c5ada598db, raftlog=2d4d3ea5-9e05-49b1-81c4-17e643da7a24@group-93F00529DFED-SegmentedRaftLog:OPENED:c77,f77,i77, conf=0: [2a42fb6f-b869-4110-a96a-9a2b8429a9bf:192.168.69.126:33040, a0d94a7e-dbf1-488b-af78-b2c5ada598db:192.168.69.126:46707, 2d4d3ea5-9e05-49b1-81c4-17e643da7a24:192.168.69.126:45299], old=null RUNNING
2019-11-15 07:11:28,890 [grpc-default-executor-0] INFO  impl.RaftServerImpl (RaftServerImpl.java:lambda$shutdown$3(250)) - 2d4d3ea5-9e05-49b1-81c4-17e643da7a24@group-93F00529DFED: shutdown
2019-11-15 07:11:28,890 [grpc-default-executor-0] INFO  util.JmxRegister (JmxRegister.java:unregister(73)) - Successfully un-registered JMX Bean with object name Ratis:service=RaftServer,group=group-93F00529DFED,id=2d4d3ea5-9e05-49b1-81c4-17e643da7a24
2019-11-15 07:11:28,890 [grpc-default-executor-0] INFO  impl.RoleInfo (RoleInfo.java:shutdownFollowerState(121)) - 2d4d3ea5-9e05-49b1-81c4-17e643da7a24: shutdown FollowerState
2019-11-15 07:11:28,890 [grpc-default-executor-0] INFO  impl.StateMachineUpdater (StateMachineUpdater.java:stopAndJoin(136)) - 2d4d3ea5-9e05-49b1-81c4-17e643da7a24@group-93F00529DFED-StateMachineUpdater: set stopIndex = 77
2019-11-15 07:11:28,890 [Thread-244] INFO  impl.FollowerState (FollowerState.java:run(120)) - 2d4d3ea5-9e05-49b1-81c4-17e643da7a24@group-93F00529DFED-FollowerState was interrupted: java.lang.InterruptedException: sleep interrupted
2019-11-15 07:11:28,892 [2d4d3ea5-9e05-49b1-81c4-17e643da7a24@group-93F00529DFED-StateMachineUpdater] INFO  ratis.ContainerStateMachine (ContainerStateMachine.java:takeSnapshot(285)) - group-93F00529DFED: Taking a snapshot at:(t:2, i:76) file /workdir/hadoop-ozone/tools/target/test-dir/MiniOzoneClusterImpl-51b9b0f2-17ac-4b5b-be5d-f7608296e48f/datanode-1/data/ratis/e7b75341-81cc-4f1b-84a9-93f00529dfed/sm/snapshot.2_76
2019-11-15 07:11:28,931 [2d4d3ea5-9e05-49b1-81c4-17e643da7a24@group-93F00529DFED-StateMachineUpdater] INFO  ratis.ContainerStateMachine (ContainerStateMachine.java:takeSnapshot(296)) - group-93F00529DFED: Finished taking a snapshot at:(t:2, i:76) file:/workdir/hadoop-ozone/tools/target/test-dir/MiniOzoneClusterImpl-51b9b0f2-17ac-4b5b-be5d-f7608296e48f/datanode-1/data/ratis/e7b75341-81cc-4f1b-84a9-93f00529dfed/sm/snapshot.2_76 time:41
2019-11-15 07:11:28,933 [2d4d3ea5-9e05-49b1-81c4-17e643da7a24@group-93F00529DFED-StateMachineUpdater] INFO  impl.StateMachineUpdater (StateMachineUpdater.java:takeSnapshot(269)) - 2d4d3ea5-9e05-49b1-81c4-17e643da7a24@group-93F00529DFED-StateMachineUpdater: Took a snapshot at index 76
2019-11-15 07:11:28,933 [2d4d3ea5-9e05-49b1-81c4-17e643da7a24@group-93F00529DFED-StateMachineUpdater] INFO  impl.StateMachineUpdater (StateMachineUpdater.java:lambda$new$0(84)) - 2d4d3ea5-9e05-49b1-81c4-17e643da7a24@group-93F00529DFED-StateMachineUpdater: snapshotIndex: updateIncreasingly -1 -> 76
2019-11-15 07:11:28,940 [2d4d3ea5-9e05-49b1-81c4-17e643da7a24@group-93F00529DFED-StateMachineUpdater] INFO  ratis.ContainerStateMachine (ContainerStateMachine.java:takeSnapshot(285)) - group-93F00529DFED: Taking a snapshot at:(t:2, i:76) file /workdir/hadoop-ozone/tools/target/test-dir/MiniOzoneClusterImpl-51b9b0f2-17ac-4b5b-be5d-f7608296e48f/datanode-1/data/ratis/e7b75341-81cc-4f1b-84a9-93f00529dfed/sm/snapshot.2_76
2019-11-15 07:11:28,963 [2d4d3ea5-9e05-49b1-81c4-17e643da7a24@group-93F00529DFED-StateMachineUpdater] INFO  ratis.ContainerStateMachine (ContainerStateMachine.java:takeSnapshot(296)) - group-93F00529DFED: Finished taking a snapshot at:(t:2, i:76) file:/workdir/hadoop-ozone/tools/target/test-dir/MiniOzoneClusterImpl-51b9b0f2-17ac-4b5b-be5d-f7608296e48f/datanode-1/data/ratis/e7b75341-81cc-4f1b-84a9-93f00529dfed/sm/snapshot.2_76 time:23
2019-11-15 07:11:28,964 [2d4d3ea5-9e05-49b1-81c4-17e643da7a24@group-93F00529DFED-StateMachineUpdater] INFO  impl.StateMachineUpdater (StateMachineUpdater.java:takeSnapshot(269)) - 2d4d3ea5-9e05-49b1-81c4-17e643da7a24@group-93F00529DFED-StateMachineUpdater: Took a snapshot at index 76
2019-11-15 07:11:28,964 [2d4d3ea5-9e05-49b1-81c4-17e643da7a24@group-93F00529DFED-StateMachineUpdater] INFO  impl.StateMachineUpdater (StateMachineUpdater.java:lambda$new$0(84)) - 2d4d3ea5-9e05-49b1-81c4-17e643da7a24@group-93F00529DFED-StateMachineUpdater: snapshotIndex: updateIncreasingly 76 -> 76
2019-11-15 07:11:28,964 [grpc-default-executor-0] INFO  impl.RaftServerImpl (ServerState.java:close(387)) - 2d4d3ea5-9e05-49b1-81c4-17e643da7a24@group-93F00529DFED: closes. applyIndex: 77
2019-11-15 07:11:28,965 [2d4d3ea5-9e05-49b1-81c4-17e643da7a24@group-93F00529DFED-SegmentedRaftLogWorker] INFO  segmented.SegmentedRaftLogWorker (SegmentedRaftLogWorker.java:run(316)) - 2d4d3ea5-9e05-49b1-81c4-17e643da7a24@group-93F00529DFED-SegmentedRaftLogWorker was interrupted, exiting. There are 0 tasks remaining in the queue.
2019-11-15 07:11:28,970 [grpc-default-executor-0] INFO  segmented.SegmentedRaftLogWorker (SegmentedRaftLogWorker.java:close(224)) - 2d4d3ea5-9e05-49b1-81c4-17e643da7a24@group-93F00529DFED-SegmentedRaftLogWorker close()
2019-11-15 07:11:29,011 [grpc-default-executor-0] INFO  interfaces.Container (KeyValueContainer.java:flushAndSyncDB(400)) - Container 1 is synced with bcsId 60.
2019-11-15 07:11:29,011 [grpc-default-executor-0] INFO  interfaces.Container (KeyValueContainer.java:flushAndSyncDB(400)) - Container 1 is synced with bcsId 60.
2019-11-15 07:11:29,038 [EventQueue-IncrementalContainerReportForIncrementalContainerReportHandler] INFO  container.IncrementalContainerReportHandler (AbstractContainerReportHandler.java:updateContainerState(171)) - Moving container #1 to QUASI_CLOSED state, datanode 2d4d3ea5-9e05-49b1-81c4-17e643da7a24{ip: 192.168.69.126, host: pr-hdds-2498-z4wj9-521903842, networkLocation: /default-rack, certSerialId: null} reported QUASI_CLOSED replica.
2019-11-15 07:11:29,080 [grpc-default-executor-0] INFO  interfaces.Container (KeyValueContainer.java:flushAndSyncDB(400)) - Container 2 is synced with bcsId 76.
2019-11-15 07:11:29,080 [grpc-default-executor-0] INFO  interfaces.Container (KeyValueContainer.java:flushAndSyncDB(400)) - Container 2 is synced with bcsId 76.
2019-11-15 07:11:29,107 [EventQueue-IncrementalContainerReportForIncrementalContainerReportHandler] INFO  container.IncrementalContainerReportHandler (AbstractContainerReportHandler.java:updateContainerState(171)) - Moving container #2 to QUASI_CLOSED state, datanode 2d4d3ea5-9e05-49b1-81c4-17e643da7a24{ip: 192.168.69.126, host: pr-hdds-2498-z4wj9-521903842, networkLocation: /default-rack, certSerialId: null} reported QUASI_CLOSED replica.
2019-11-15 07:11:29,148 [grpc-default-executor-0] INFO  interfaces.Container (KeyValueContainer.java:flushAndSyncDB(400)) - Container 3 is synced with bcsId 42.
2019-11-15 07:11:29,148 [grpc-default-executor-0] INFO  interfaces.Container (KeyValueContainer.java:flushAndSyncDB(400)) - Container 3 is synced with bcsId 42.
2019-11-15 07:11:29,175 [EventQueue-IncrementalContainerReportForIncrementalContainerReportHandler] INFO  container.IncrementalContainerReportHandler (AbstractContainerReportHandler.java:updateContainerState(171)) - Moving container #3 to QUASI_CLOSED state, datanode 2d4d3ea5-9e05-49b1-81c4-17e643da7a24{ip: 192.168.69.126, host: pr-hdds-2498-z4wj9-521903842, networkLocation: /default-rack, certSerialId: null} reported QUASI_CLOSED replica.
2019-11-15 07:11:29,184 [grpc-default-executor-0] INFO  impl.RaftServerProxy (RaftServerProxy.java:remove(95)) - 2a42fb6f-b869-4110-a96a-9a2b8429a9bf: remove  FOLLOWER 2a42fb6f-b869-4110-a96a-9a2b8429a9bf@group-93F00529DFED:t2, leader=a0d94a7e-dbf1-488b-af78-b2c5ada598db, voted=a0d94a7e-dbf1-488b-af78-b2c5ada598db, raftlog=2a42fb6f-b869-4110-a96a-9a2b8429a9bf@group-93F00529DFED-SegmentedRaftLog:OPENED:c77,f77,i77, conf=0: [2a42fb6f-b869-4110-a96a-9a2b8429a9bf:192.168.69.126:33040, a0d94a7e-dbf1-488b-af78-b2c5ada598db:192.168.69.126:46707, 2d4d3ea5-9e05-49b1-81c4-17e643da7a24:192.168.69.126:45299], old=null RUNNING
2019-11-15 07:11:29,185 [grpc-default-executor-0] INFO  impl.RaftServerImpl (RaftServerImpl.java:lambda$shutdown$3(250)) - 2a42fb6f-b869-4110-a96a-9a2b8429a9bf@group-93F00529DFED: shutdown
2019-11-15 07:11:29,185 [grpc-default-executor-0] INFO  util.JmxRegister (JmxRegister.java:unregister(73)) - Successfully un-registered JMX Bean with object name Ratis:service=RaftServer,group=group-93F00529DFED,id=2a42fb6f-b869-4110-a96a-9a2b8429a9bf
2019-11-15 07:11:29,185 [grpc-default-executor-0] INFO  impl.RoleInfo (RoleInfo.java:shutdownFollowerState(121)) - 2a42fb6f-b869-4110-a96a-9a2b8429a9bf: shutdown FollowerState
2019-11-15 07:11:29,185 [grpc-default-executor-0] INFO  impl.StateMachineUpdater (StateMachineUpdater.java:stopAndJoin(136)) - 2a42fb6f-b869-4110-a96a-9a2b8429a9bf@group-93F00529DFED-StateMachineUpdater: set stopIndex = 77
2019-11-15 07:11:29,185 [Thread-243] INFO  impl.FollowerState (FollowerState.java:run(120)) - 2a42fb6f-b869-4110-a96a-9a2b8429a9bf@group-93F00529DFED-FollowerState was interrupted: java.lang.InterruptedException: sleep interrupted
2019-11-15 07:11:29,187 [2a42fb6f-b869-4110-a96a-9a2b8429a9bf@group-93F00529DFED-StateMachineUpdater] INFO  ratis.ContainerStateMachine (ContainerStateMachine.java:takeSnapshot(285)) - group-93F00529DFED: Taking a snapshot at:(t:2, i:76) file /workdir/hadoop-ozone/tools/target/test-dir/MiniOzoneClusterImpl-51b9b0f2-17ac-4b5b-be5d-f7608296e48f/datanode-2/data/ratis/e7b75341-81cc-4f1b-84a9-93f00529dfed/sm/snapshot.2_76
2019-11-15 07:11:29,216 [2a42fb6f-b869-4110-a96a-9a2b8429a9bf@group-93F00529DFED-StateMachineUpdater] INFO  ratis.ContainerStateMachine (ContainerStateMachine.java:takeSnapshot(296)) - group-93F00529DFED: Finished taking a snapshot at:(t:2, i:76) file:/workdir/hadoop-ozone/tools/target/test-dir/MiniOzoneClusterImpl-51b9b0f2-17ac-4b5b-be5d-f7608296e48f/datanode-2/data/ratis/e7b75341-81cc-4f1b-84a9-93f00529dfed/sm/snapshot.2_76 time:29
2019-11-15 07:11:29,216 [2a42fb6f-b869-4110-a96a-9a2b8429a9bf@group-93F00529DFED-StateMachineUpdater] INFO  impl.StateMachineUpdater (StateMachineUpdater.java:takeSnapshot(269)) - 2a42fb6f-b869-4110-a96a-9a2b8429a9bf@group-93F00529DFED-StateMachineUpdater: Took a snapshot at index 76
2019-11-15 07:11:29,216 [2a42fb6f-b869-4110-a96a-9a2b8429a9bf@group-93F00529DFED-StateMachineUpdater] INFO  impl.StateMachineUpdater (StateMachineUpdater.java:lambda$new$0(84)) - 2a42fb6f-b869-4110-a96a-9a2b8429a9bf@group-93F00529DFED-StateMachineUpdater: snapshotIndex: updateIncreasingly -1 -> 76
2019-11-15 07:11:29,216 [2a42fb6f-b869-4110-a96a-9a2b8429a9bf@group-93F00529DFED-StateMachineUpdater] INFO  ratis.ContainerStateMachine (ContainerStateMachine.java:takeSnapshot(285)) - group-93F00529DFED: Taking a snapshot at:(t:2, i:76) file /workdir/hadoop-ozone/tools/target/test-dir/MiniOzoneClusterImpl-51b9b0f2-17ac-4b5b-be5d-f7608296e48f/datanode-2/data/ratis/e7b75341-81cc-4f1b-84a9-93f00529dfed/sm/snapshot.2_76
2019-11-15 07:11:29,241 [2a42fb6f-b869-4110-a96a-9a2b8429a9bf@group-93F00529DFED-StateMachineUpdater] INFO  ratis.ContainerStateMachine (ContainerStateMachine.java:takeSnapshot(296)) - group-93F00529DFED: Finished taking a snapshot at:(t:2, i:76) file:/workdir/hadoop-ozone/tools/target/test-dir/MiniOzoneClusterImpl-51b9b0f2-17ac-4b5b-be5d-f7608296e48f/datanode-2/data/ratis/e7b75341-81cc-4f1b-84a9-93f00529dfed/sm/snapshot.2_76 time:24
2019-11-15 07:11:29,241 [2a42fb6f-b869-4110-a96a-9a2b8429a9bf@group-93F00529DFED-StateMachineUpdater] INFO  impl.StateMachineUpdater (StateMachineUpdater.java:takeSnapshot(269)) - 2a42fb6f-b869-4110-a96a-9a2b8429a9bf@group-93F00529DFED-StateMachineUpdater: Took a snapshot at index 76
2019-11-15 07:11:29,241 [2a42fb6f-b869-4110-a96a-9a2b8429a9bf@group-93F00529DFED-StateMachineUpdater] INFO  impl.StateMachineUpdater (StateMachineUpdater.java:lambda$new$0(84)) - 2a42fb6f-b869-4110-a96a-9a2b8429a9bf@group-93F00529DFED-StateMachineUpdater: snapshotIndex: updateIncreasingly 76 -> 76
2019-11-15 07:11:29,242 [grpc-default-executor-0] INFO  impl.RaftServerImpl (ServerState.java:close(387)) - 2a42fb6f-b869-4110-a96a-9a2b8429a9bf@group-93F00529DFED: closes. applyIndex: 77
2019-11-15 07:11:29,242 [2a42fb6f-b869-4110-a96a-9a2b8429a9bf@group-93F00529DFED-SegmentedRaftLogWorker] INFO  segmented.SegmentedRaftLogWorker (SegmentedRaftLogWorker.java:run(316)) - 2a42fb6f-b869-4110-a96a-9a2b8429a9bf@group-93F00529DFED-SegmentedRaftLogWorker was interrupted, exiting. There are 0 tasks remaining in the queue.
2019-11-15 07:11:29,243 [grpc-default-executor-0] INFO  segmented.SegmentedRaftLogWorker (SegmentedRaftLogWorker.java:close(224)) - 2a42fb6f-b869-4110-a96a-9a2b8429a9bf@group-93F00529DFED-SegmentedRaftLogWorker close()
2019-11-15 07:11:29,292 [grpc-default-executor-0] INFO  interfaces.Container (KeyValueContainer.java:flushAndSyncDB(400)) - Container 1 is synced with bcsId 60.
2019-11-15 07:11:29,292 [grpc-default-executor-0] INFO  interfaces.Container (KeyValueContainer.java:flushAndSyncDB(400)) - Container 1 is synced with bcsId 60.
2019-11-15 07:11:29,351 [grpc-default-executor-0] INFO  interfaces.Container (KeyValueContainer.java:flushAndSyncDB(400)) - Container 2 is synced with bcsId 76.
2019-11-15 07:11:29,352 [grpc-default-executor-0] INFO  interfaces.Container (KeyValueContainer.java:flushAndSyncDB(400)) - Container 2 is synced with bcsId 76.
2019-11-15 07:11:29,419 [grpc-default-executor-0] INFO  interfaces.Container (KeyValueContainer.java:flushAndSyncDB(400)) - Container 3 is synced with bcsId 42.
2019-11-15 07:11:29,420 [grpc-default-executor-0] INFO  interfaces.Container (KeyValueContainer.java:flushAndSyncDB(400)) - Container 3 is synced with bcsId 42.
2019-11-15 07:11:29,455 [grpc-default-executor-0] INFO  impl.RaftServerProxy (RaftServerProxy.java:remove(95)) - a0d94a7e-dbf1-488b-af78-b2c5ada598db: remove    LEADER a0d94a7e-dbf1-488b-af78-b2c5ada598db@group-93F00529DFED:t2, leader=a0d94a7e-dbf1-488b-af78-b2c5ada598db, voted=a0d94a7e-dbf1-488b-af78-b2c5ada598db, raftlog=a0d94a7e-dbf1-488b-af78-b2c5ada598db@group-93F00529DFED-SegmentedRaftLog:OPENED:c77,f77,i77, conf=0: [2a42fb6f-b869-4110-a96a-9a2b8429a9bf:192.168.69.126:33040, a0d94a7e-dbf1-488b-af78-b2c5ada598db:192.168.69.126:46707, 2d4d3ea5-9e05-49b1-81c4-17e643da7a24:192.168.69.126:45299], old=null RUNNING
2019-11-15 07:11:29,456 [grpc-default-executor-0] INFO  impl.RaftServerImpl (RaftServerImpl.java:lambda$shutdown$3(250)) - a0d94a7e-dbf1-488b-af78-b2c5ada598db@group-93F00529DFED: shutdown
2019-11-15 07:11:29,456 [grpc-default-executor-0] INFO  util.JmxRegister (JmxRegister.java:unregister(73)) - Successfully un-registered JMX Bean with object name Ratis:service=RaftServer,group=group-93F00529DFED,id=a0d94a7e-dbf1-488b-af78-b2c5ada598db
2019-11-15 07:11:29,456 [grpc-default-executor-0] INFO  impl.RoleInfo (RoleInfo.java:shutdownLeaderState(104)) - a0d94a7e-dbf1-488b-af78-b2c5ada598db: shutdown LeaderState
2019-11-15 07:11:29,458 [org.apache.ratis.server.impl.LogAppender$AppenderDaemon$$Lambda$443/183333676@66f4ecdd] WARN  server.GrpcLogAppender (GrpcLogAppender.java:mayWait(151)) - a0d94a7e-dbf1-488b-af78-b2c5ada598db@group-93F00529DFED->2a42fb6f-b869-4110-a96a-9a2b8429a9bf-GrpcLogAppender: Wait interrupted by java.lang.InterruptedException
2019-11-15 07:11:29,458 [org.apache.ratis.server.impl.LogAppender$AppenderDaemon$$Lambda$443/183333676@199c77f7] WARN  server.GrpcLogAppender (GrpcLogAppender.java:mayWait(151)) - a0d94a7e-dbf1-488b-af78-b2c5ada598db@group-93F00529DFED->2d4d3ea5-9e05-49b1-81c4-17e643da7a24-GrpcLogAppender: Wait interrupted by java.lang.InterruptedException
2019-11-15 07:11:29,459 [grpc-default-executor-0] INFO  impl.PendingRequests (PendingRequests.java:sendNotLeaderResponses(206)) - a0d94a7e-dbf1-488b-af78-b2c5ada598db@group-93F00529DFED-PendingRequests: sendNotLeaderResponses
2019-11-15 07:11:29,465 [grpc-default-executor-0] INFO  impl.StateMachineUpdater (StateMachineUpdater.java:stopAndJoin(136)) - a0d94a7e-dbf1-488b-af78-b2c5ada598db@group-93F00529DFED-StateMachineUpdater: set stopIndex = 77
2019-11-15 07:11:29,465 [a0d94a7e-dbf1-488b-af78-b2c5ada598db@group-93F00529DFED-StateMachineUpdater] INFO  ratis.ContainerStateMachine (ContainerStateMachine.java:takeSnapshot(285)) - group-93F00529DFED: Taking a snapshot at:(t:2, i:76) file /workdir/hadoop-ozone/tools/target/test-dir/MiniOzoneClusterImpl-51b9b0f2-17ac-4b5b-be5d-f7608296e48f/datanode-0/data/ratis/e7b75341-81cc-4f1b-84a9-93f00529dfed/sm/snapshot.2_76
2019-11-15 07:11:29,465 [grpc-default-executor-3] INFO  server.GrpcServerProtocolService (GrpcServerProtocolService.java:onCompleted(113)) - 2d4d3ea5-9e05-49b1-81c4-17e643da7a24: Completed APPEND_ENTRIES, lastRequest: a0d94a7e-dbf1-488b-af78-b2c5ada598db->2d4d3ea5-9e05-49b1-81c4-17e643da7a24#80-t2, previous=(t:2, i:77), leaderCommit=77, initializing? false, entries: <empty>
2019-11-15 07:11:29,465 [grpc-default-executor-2] INFO  server.GrpcServerProtocolService (GrpcServerProtocolService.java:onCompleted(113)) - 2a42fb6f-b869-4110-a96a-9a2b8429a9bf: Completed APPEND_ENTRIES, lastRequest: a0d94a7e-dbf1-488b-af78-b2c5ada598db->2a42fb6f-b869-4110-a96a-9a2b8429a9bf#80-t2, previous=(t:2, i:77), leaderCommit=77, initializing? false, entries: <empty>
2019-11-15 07:11:29,467 [grpc-default-executor-2] INFO  server.GrpcLogAppender (GrpcLogAppender.java:onCompleted(308)) - a0d94a7e-dbf1-488b-af78-b2c5ada598db@group-93F00529DFED->2a42fb6f-b869-4110-a96a-9a2b8429a9bf-AppendLogResponseHandler: follower responses appendEntries COMPLETED
2019-11-15 07:11:29,467 [grpc-default-executor-3] INFO  server.GrpcLogAppender (GrpcLogAppender.java:onCompleted(308)) - a0d94a7e-dbf1-488b-af78-b2c5ada598db@group-93F00529DFED->2d4d3ea5-9e05-49b1-81c4-17e643da7a24-AppendLogResponseHandler: follower responses appendEntries COMPLETED
2019-11-15 07:11:29,471 [grpc-default-executor-2] INFO  impl.FollowerInfo (FollowerInfo.java:lambda$new$0(51)) - a0d94a7e-dbf1-488b-af78-b2c5ada598db@group-93F00529DFED->2a42fb6f-b869-4110-a96a-9a2b8429a9bf: nextIndex: updateUnconditionally 78 -> 77
2019-11-15 07:11:29,471 [grpc-default-executor-3] INFO  impl.FollowerInfo (FollowerInfo.java:lambda$new$0(51)) - a0d94a7e-dbf1-488b-af78-b2c5ada598db@group-93F00529DFED->2d4d3ea5-9e05-49b1-81c4-17e643da7a24: nextIndex: updateUnconditionally 78 -> 77
2019-11-15 07:11:29,495 [a0d94a7e-dbf1-488b-af78-b2c5ada598db@group-93F00529DFED-StateMachineUpdater] INFO  ratis.ContainerStateMachine (ContainerStateMachine.java:takeSnapshot(296)) - group-93F00529DFED: Finished taking a snapshot at:(t:2, i:76) file:/workdir/hadoop-ozone/tools/target/test-dir/MiniOzoneClusterImpl-51b9b0f2-17ac-4b5b-be5d-f7608296e48f/datanode-0/data/ratis/e7b75341-81cc-4f1b-84a9-93f00529dfed/sm/snapshot.2_76 time:30
2019-11-15 07:11:29,496 [a0d94a7e-dbf1-488b-af78-b2c5ada598db@group-93F00529DFED-StateMachineUpdater] INFO  impl.StateMachineUpdater (StateMachineUpdater.java:takeSnapshot(269)) - a0d94a7e-dbf1-488b-af78-b2c5ada598db@group-93F00529DFED-StateMachineUpdater: Took a snapshot at index 76
2019-11-15 07:11:29,496 [a0d94a7e-dbf1-488b-af78-b2c5ada598db@group-93F00529DFED-StateMachineUpdater] INFO  impl.StateMachineUpdater (StateMachineUpdater.java:lambda$new$0(84)) - a0d94a7e-dbf1-488b-af78-b2c5ada598db@group-93F00529DFED-StateMachineUpdater: snapshotIndex: updateIncreasingly -1 -> 76
2019-11-15 07:11:29,496 [a0d94a7e-dbf1-488b-af78-b2c5ada598db@group-93F00529DFED-StateMachineUpdater] INFO  ratis.ContainerStateMachine (ContainerStateMachine.java:takeSnapshot(285)) - group-93F00529DFED: Taking a snapshot at:(t:2, i:76) file /workdir/hadoop-ozone/tools/target/test-dir/MiniOzoneClusterImpl-51b9b0f2-17ac-4b5b-be5d-f7608296e48f/datanode-0/data/ratis/e7b75341-81cc-4f1b-84a9-93f00529dfed/sm/snapshot.2_76
2019-11-15 07:11:29,520 [a0d94a7e-dbf1-488b-af78-b2c5ada598db@group-93F00529DFED-StateMachineUpdater] INFO  ratis.ContainerStateMachine (ContainerStateMachine.java:takeSnapshot(296)) - group-93F00529DFED: Finished taking a snapshot at:(t:2, i:76) file:/workdir/hadoop-ozone/tools/target/test-dir/MiniOzoneClusterImpl-51b9b0f2-17ac-4b5b-be5d-f7608296e48f/datanode-0/data/ratis/e7b75341-81cc-4f1b-84a9-93f00529dfed/sm/snapshot.2_76 time:24
2019-11-15 07:11:29,521 [a0d94a7e-dbf1-488b-af78-b2c5ada598db@group-93F00529DFED-StateMachineUpdater] INFO  impl.StateMachineUpdater (StateMachineUpdater.java:takeSnapshot(269)) - a0d94a7e-dbf1-488b-af78-b2c5ada598db@group-93F00529DFED-StateMachineUpdater: Took a snapshot at index 76
2019-11-15 07:11:29,521 [a0d94a7e-dbf1-488b-af78-b2c5ada598db@group-93F00529DFED-StateMachineUpdater] INFO  impl.StateMachineUpdater (StateMachineUpdater.java:lambda$new$0(84)) - a0d94a7e-dbf1-488b-af78-b2c5ada598db@group-93F00529DFED-StateMachineUpdater: snapshotIndex: updateIncreasingly 76 -> 76
2019-11-15 07:11:29,521 [grpc-default-executor-0] INFO  impl.RaftServerImpl (ServerState.java:close(387)) - a0d94a7e-dbf1-488b-af78-b2c5ada598db@group-93F00529DFED: closes. applyIndex: 77
2019-11-15 07:11:29,522 [a0d94a7e-dbf1-488b-af78-b2c5ada598db@group-93F00529DFED-SegmentedRaftLogWorker] INFO  segmented.SegmentedRaftLogWorker (SegmentedRaftLogWorker.java:run(316)) - a0d94a7e-dbf1-488b-af78-b2c5ada598db@group-93F00529DFED-SegmentedRaftLogWorker was interrupted, exiting. There are 0 tasks remaining in the queue.
2019-11-15 07:11:29,523 [grpc-default-executor-0] INFO  segmented.SegmentedRaftLogWorker (SegmentedRaftLogWorker.java:close(224)) - a0d94a7e-dbf1-488b-af78-b2c5ada598db@group-93F00529DFED-SegmentedRaftLogWorker close()
2019-11-15 07:11:29,572 [grpc-default-executor-0] INFO  interfaces.Container (KeyValueContainer.java:flushAndSyncDB(400)) - Container 1 is synced with bcsId 60.
2019-11-15 07:11:29,572 [grpc-default-executor-0] INFO  interfaces.Container (KeyValueContainer.java:flushAndSyncDB(400)) - Container 1 is synced with bcsId 60.
2019-11-15 07:11:29,640 [grpc-default-executor-0] INFO  interfaces.Container (KeyValueContainer.java:flushAndSyncDB(400)) - Container 2 is synced with bcsId 76.
2019-11-15 07:11:29,640 [grpc-default-executor-0] INFO  interfaces.Container (KeyValueContainer.java:flushAndSyncDB(400)) - Container 2 is synced with bcsId 76.
2019-11-15 07:11:29,708 [grpc-default-executor-0] INFO  interfaces.Container (KeyValueContainer.java:flushAndSyncDB(400)) - Container 3 is synced with bcsId 42.
2019-11-15 07:11:29,708 [grpc-default-executor-0] INFO  interfaces.Container (KeyValueContainer.java:flushAndSyncDB(400)) - Container 3 is synced with bcsId 42.
2019-11-15 07:11:29,738 [main] INFO  pipeline.PipelineStateManager (PipelineStateManager.java:removePipeline(106)) - Pipeline Pipeline[ Id: e7b75341-81cc-4f1b-84a9-93f00529dfed, Nodes: 2d4d3ea5-9e05-49b1-81c4-17e643da7a24{ip: 192.168.69.126, host: pr-hdds-2498-z4wj9-521903842, networkLocation: /default-rack, certSerialId: null}2a42fb6f-b869-4110-a96a-9a2b8429a9bf{ip: 192.168.69.126, host: pr-hdds-2498-z4wj9-521903842, networkLocation: /default-rack, certSerialId: null}a0d94a7e-dbf1-488b-af78-b2c5ada598db{ip: 192.168.69.126, host: pr-hdds-2498-z4wj9-521903842, networkLocation: /default-rack, certSerialId: null}, Type:RATIS, Factor:THREE, State:CLOSED] removed from db
2019-11-15 07:11:29,754 [grpc-default-executor-2] INFO  impl.RaftServerProxy (RaftServerProxy.java:addNew(89)) - 2a42fb6f-b869-4110-a96a-9a2b8429a9bf: addNew group-A9A1358A18C4:[2a42fb6f-b869-4110-a96a-9a2b8429a9bf:192.168.69.126:33040, a0d94a7e-dbf1-488b-af78-b2c5ada598db:192.168.69.126:46707, 2d4d3ea5-9e05-49b1-81c4-17e643da7a24:192.168.69.126:45299] returns group-A9A1358A18C4:java.util.concurrent.CompletableFuture@1d5af011[Not completed]
2019-11-15 07:11:29,754 [grpc-default-executor-3] INFO  impl.RaftServerProxy (RaftServerProxy.java:addNew(89)) - 2d4d3ea5-9e05-49b1-81c4-17e643da7a24: addNew group-A9A1358A18C4:[2a42fb6f-b869-4110-a96a-9a2b8429a9bf:192.168.69.126:33040, a0d94a7e-dbf1-488b-af78-b2c5ada598db:192.168.69.126:46707, 2d4d3ea5-9e05-49b1-81c4-17e643da7a24:192.168.69.126:45299] returns group-A9A1358A18C4:java.util.concurrent.CompletableFuture@2a21f4e9[Not completed]
2019-11-15 07:11:29,755 [grpc-default-executor-0] INFO  impl.RaftServerProxy (RaftServerProxy.java:addNew(89)) - a0d94a7e-dbf1-488b-af78-b2c5ada598db: addNew group-A9A1358A18C4:[2a42fb6f-b869-4110-a96a-9a2b8429a9bf:192.168.69.126:33040, a0d94a7e-dbf1-488b-af78-b2c5ada598db:192.168.69.126:46707, 2d4d3ea5-9e05-49b1-81c4-17e643da7a24:192.168.69.126:45299] returns group-A9A1358A18C4:java.util.concurrent.CompletableFuture@1b111cd4[Not completed]
2019-11-15 07:11:29,759 [pool-37-thread-1] INFO  impl.RaftServerImpl (RaftServerImpl.java:<init>(98)) - 2d4d3ea5-9e05-49b1-81c4-17e643da7a24: new RaftServerImpl for group-A9A1358A18C4:[2a42fb6f-b869-4110-a96a-9a2b8429a9bf:192.168.69.126:33040, a0d94a7e-dbf1-488b-af78-b2c5ada598db:192.168.69.126:46707, 2d4d3ea5-9e05-49b1-81c4-17e643da7a24:192.168.69.126:45299] with ContainerStateMachine:uninitialized
2019-11-15 07:11:29,759 [pool-37-thread-1] INFO  server.RaftServerConfigKeys (ConfUtils.java:logGet(43)) - raft.server.rpc.timeout.min = 5s (custom)
2019-11-15 07:11:29,759 [pool-37-thread-1] INFO  server.RaftServerConfigKeys (ConfUtils.java:logGet(43)) - raft.server.rpc.timeout.max = 5200ms (custom)
2019-11-15 07:11:29,760 [pool-37-thread-1] INFO  server.RaftServerConfigKeys (ConfUtils.java:logGet(43)) - raft.server.rpcslowness.timeout = 120s (custom)
2019-11-15 07:11:29,760 [pool-37-thread-1] INFO  server.RaftServerConfigKeys (ConfUtils.java:logGet(43)) - raft.server.sleep.deviation.threshold = 300 (default)
2019-11-15 07:11:29,760 [pool-37-thread-1] INFO  server.RaftServerConfigKeys (ConfUtils.java:logGet(43)) - raft.server.log.appender.install.snapshot.enabled = false (custom)
2019-11-15 07:11:29,760 [pool-37-thread-1] INFO  impl.RaftServerImpl (ServerState.java:<init>(103)) - 2d4d3ea5-9e05-49b1-81c4-17e643da7a24@group-A9A1358A18C4: ConfigurationManager, init=-1: [2a42fb6f-b869-4110-a96a-9a2b8429a9bf:192.168.69.126:33040, a0d94a7e-dbf1-488b-af78-b2c5ada598db:192.168.69.126:46707, 2d4d3ea5-9e05-49b1-81c4-17e643da7a24:192.168.69.126:45299], old=null, confs=<EMPTY_MAP>
2019-11-15 07:11:29,760 [pool-37-thread-1] INFO  server.RaftServerConfigKeys (ConfUtils.java:logGet(43)) - raft.server.storage.dir = [/workdir/hadoop-ozone/tools/target/test-dir/MiniOzoneClusterImpl-51b9b0f2-17ac-4b5b-be5d-f7608296e48f/datanode-1/data/ratis] (custom)
2019-11-15 07:11:29,761 [pool-27-thread-1] INFO  impl.RaftServerImpl (RaftServerImpl.java:<init>(98)) - a0d94a7e-dbf1-488b-af78-b2c5ada598db: new RaftServerImpl for group-A9A1358A18C4:[2a42fb6f-b869-4110-a96a-9a2b8429a9bf:192.168.69.126:33040, a0d94a7e-dbf1-488b-af78-b2c5ada598db:192.168.69.126:46707, 2d4d3ea5-9e05-49b1-81c4-17e643da7a24:192.168.69.126:45299] with ContainerStateMachine:uninitialized
2019-11-15 07:11:29,761 [pool-37-thread-1] INFO  server.RaftServerConfigKeys (ConfUtils.java:logGet(43)) - raft.server.log.corruption.policy = EXCEPTION (default)
2019-11-15 07:11:29,761 [pool-27-thread-1] INFO  server.RaftServerConfigKeys (ConfUtils.java:logGet(43)) - raft.server.rpc.timeout.min = 5s (custom)
2019-11-15 07:11:29,762 [pool-37-thread-1] INFO  storage.RaftStorageDirectory (RaftStorageDirectory.java:analyzeStorage(246)) - The storage directory /workdir/hadoop-ozone/tools/target/test-dir/MiniOzoneClusterImpl-51b9b0f2-17ac-4b5b-be5d-f7608296e48f/datanode-1/data/ratis/4039c6be-dcd1-49ec-9a15-a9a1358a18c4 does not exist. Creating ...
2019-11-15 07:11:29,762 [pool-27-thread-1] INFO  server.RaftServerConfigKeys (ConfUtils.java:logGet(43)) - raft.server.rpc.timeout.max = 5200ms (custom)
2019-11-15 07:11:29,762 [pool-27-thread-1] INFO  server.RaftServerConfigKeys (ConfUtils.java:logGet(43)) - raft.server.rpcslowness.timeout = 120s (custom)
2019-11-15 07:11:29,762 [pool-27-thread-1] INFO  server.RaftServerConfigKeys (ConfUtils.java:logGet(43)) - raft.server.sleep.deviation.threshold = 300 (default)
2019-11-15 07:11:29,762 [pool-27-thread-1] INFO  server.RaftServerConfigKeys (ConfUtils.java:logGet(43)) - raft.server.log.appender.install.snapshot.enabled = false (custom)
2019-11-15 07:11:29,763 [pool-27-thread-1] INFO  impl.RaftServerImpl (ServerState.java:<init>(103)) - a0d94a7e-dbf1-488b-af78-b2c5ada598db@group-A9A1358A18C4: ConfigurationManager, init=-1: [2a42fb6f-b869-4110-a96a-9a2b8429a9bf:192.168.69.126:33040, a0d94a7e-dbf1-488b-af78-b2c5ada598db:192.168.69.126:46707, 2d4d3ea5-9e05-49b1-81c4-17e643da7a24:192.168.69.126:45299], old=null, confs=<EMPTY_MAP>
2019-11-15 07:11:29,763 [pool-27-thread-1] INFO  server.RaftServerConfigKeys (ConfUtils.java:logGet(43)) - raft.server.storage.dir = [/workdir/hadoop-ozone/tools/target/test-dir/MiniOzoneClusterImpl-51b9b0f2-17ac-4b5b-be5d-f7608296e48f/datanode-0/data/ratis] (custom)
2019-11-15 07:11:29,763 [pool-47-thread-1] INFO  impl.RaftServerImpl (RaftServerImpl.java:<init>(98)) - 2a42fb6f-b869-4110-a96a-9a2b8429a9bf: new RaftServerImpl for group-A9A1358A18C4:[2a42fb6f-b869-4110-a96a-9a2b8429a9bf:192.168.69.126:33040, a0d94a7e-dbf1-488b-af78-b2c5ada598db:192.168.69.126:46707, 2d4d3ea5-9e05-49b1-81c4-17e643da7a24:192.168.69.126:45299] with ContainerStateMachine:uninitialized
2019-11-15 07:11:29,763 [pool-27-thread-1] INFO  server.RaftServerConfigKeys (ConfUtils.java:logGet(43)) - raft.server.log.corruption.policy = EXCEPTION (default)
2019-11-15 07:11:29,763 [pool-47-thread-1] INFO  server.RaftServerConfigKeys (ConfUtils.java:logGet(43)) - raft.server.rpc.timeout.min = 5s (custom)
2019-11-15 07:11:29,764 [pool-27-thread-1] INFO  storage.RaftStorageDirectory (RaftStorageDirectory.java:analyzeStorage(246)) - The storage directory /workdir/hadoop-ozone/tools/target/test-dir/MiniOzoneClusterImpl-51b9b0f2-17ac-4b5b-be5d-f7608296e48f/datanode-0/data/ratis/4039c6be-dcd1-49ec-9a15-a9a1358a18c4 does not exist. Creating ...
2019-11-15 07:11:29,764 [pool-47-thread-1] INFO  server.RaftServerConfigKeys (ConfUtils.java:logGet(43)) - raft.server.rpc.timeout.max = 5200ms (custom)
2019-11-15 07:11:29,764 [pool-47-thread-1] INFO  server.RaftServerConfigKeys (ConfUtils.java:logGet(43)) - raft.server.rpcslowness.timeout = 120s (custom)
2019-11-15 07:11:29,764 [pool-47-thread-1] INFO  server.RaftServerConfigKeys (ConfUtils.java:logGet(43)) - raft.server.sleep.deviation.threshold = 300 (default)
2019-11-15 07:11:29,764 [pool-47-thread-1] INFO  server.RaftServerConfigKeys (ConfUtils.java:logGet(43)) - raft.server.log.appender.install.snapshot.enabled = false (custom)
2019-11-15 07:11:29,764 [pool-47-thread-1] INFO  impl.RaftServerImpl (ServerState.java:<init>(103)) - 2a42fb6f-b869-4110-a96a-9a2b8429a9bf@group-A9A1358A18C4: ConfigurationManager, init=-1: [2a42fb6f-b869-4110-a96a-9a2b8429a9bf:192.168.69.126:33040, a0d94a7e-dbf1-488b-af78-b2c5ada598db:192.168.69.126:46707, 2d4d3ea5-9e05-49b1-81c4-17e643da7a24:192.168.69.126:45299], old=null, confs=<EMPTY_MAP>
2019-11-15 07:11:29,765 [pool-47-thread-1] INFO  server.RaftServerConfigKeys (ConfUtils.java:logGet(43)) - raft.server.storage.dir = [/workdir/hadoop-ozone/tools/target/test-dir/MiniOzoneClusterImpl-51b9b0f2-17ac-4b5b-be5d-f7608296e48f/datanode-2/data/ratis] (custom)
2019-11-15 07:11:29,765 [pool-47-thread-1] INFO  server.RaftServerConfigKeys (ConfUtils.java:logGet(43)) - raft.server.log.corruption.policy = EXCEPTION (default)
2019-11-15 07:11:29,765 [pool-47-thread-1] INFO  storage.RaftStorageDirectory (RaftStorageDirectory.java:analyzeStorage(246)) - The storage directory /workdir/hadoop-ozone/tools/target/test-dir/MiniOzoneClusterImpl-51b9b0f2-17ac-4b5b-be5d-f7608296e48f/datanode-2/data/ratis/4039c6be-dcd1-49ec-9a15-a9a1358a18c4 does not exist. Creating ...
2019-11-15 07:11:29,792 [pool-47-thread-1] INFO  storage.RaftStorageDirectory (RaftStorageDirectory.java:tryLock(328)) - Lock on /workdir/hadoop-ozone/tools/target/test-dir/MiniOzoneClusterImpl-51b9b0f2-17ac-4b5b-be5d-f7608296e48f/datanode-2/data/ratis/4039c6be-dcd1-49ec-9a15-a9a1358a18c4/in_use.lock acquired by nodename 7599@pr-hdds-2498-z4wj9-521903842
2019-11-15 07:11:29,792 [pool-27-thread-1] INFO  storage.RaftStorageDirectory (RaftStorageDirectory.java:tryLock(328)) - Lock on /workdir/hadoop-ozone/tools/target/test-dir/MiniOzoneClusterImpl-51b9b0f2-17ac-4b5b-be5d-f7608296e48f/datanode-0/data/ratis/4039c6be-dcd1-49ec-9a15-a9a1358a18c4/in_use.lock acquired by nodename 7599@pr-hdds-2498-z4wj9-521903842
2019-11-15 07:11:29,792 [pool-37-thread-1] INFO  storage.RaftStorageDirectory (RaftStorageDirectory.java:tryLock(328)) - Lock on /workdir/hadoop-ozone/tools/target/test-dir/MiniOzoneClusterImpl-51b9b0f2-17ac-4b5b-be5d-f7608296e48f/datanode-1/data/ratis/4039c6be-dcd1-49ec-9a15-a9a1358a18c4/in_use.lock acquired by nodename 7599@pr-hdds-2498-z4wj9-521903842
2019-11-15 07:11:29,818 [pool-27-thread-1] INFO  storage.RaftStorage (RaftStorage.java:format(84)) - Storage directory /workdir/hadoop-ozone/tools/target/test-dir/MiniOzoneClusterImpl-51b9b0f2-17ac-4b5b-be5d-f7608296e48f/datanode-0/data/ratis/4039c6be-dcd1-49ec-9a15-a9a1358a18c4 has been successfully formatted.
2019-11-15 07:11:29,818 [pool-37-thread-1] INFO  storage.RaftStorage (RaftStorage.java:format(84)) - Storage directory /workdir/hadoop-ozone/tools/target/test-dir/MiniOzoneClusterImpl-51b9b0f2-17ac-4b5b-be5d-f7608296e48f/datanode-1/data/ratis/4039c6be-dcd1-49ec-9a15-a9a1358a18c4 has been successfully formatted.
2019-11-15 07:11:29,818 [pool-47-thread-1] INFO  storage.RaftStorage (RaftStorage.java:format(84)) - Storage directory /workdir/hadoop-ozone/tools/target/test-dir/MiniOzoneClusterImpl-51b9b0f2-17ac-4b5b-be5d-f7608296e48f/datanode-2/data/ratis/4039c6be-dcd1-49ec-9a15-a9a1358a18c4 has been successfully formatted.
2019-11-15 07:11:29,818 [pool-27-thread-1] INFO  ratis.ContainerStateMachine (ContainerStateMachine.java:loadSnapshot(223)) - group-A9A1358A18C4: The snapshot info is null. Setting the last applied indexto:(t:0, i:~)
2019-11-15 07:11:29,819 [pool-37-thread-1] INFO  ratis.ContainerStateMachine (ContainerStateMachine.java:loadSnapshot(223)) - group-A9A1358A18C4: The snapshot info is null. Setting the last applied indexto:(t:0, i:~)
2019-11-15 07:11:29,819 [pool-27-thread-1] INFO  server.RaftServerConfigKeys (ConfUtils.java:logGet(43)) - raft.server.notification.no-leader.timeout = 120s (custom)
2019-11-15 07:11:29,819 [pool-47-thread-1] INFO  ratis.ContainerStateMachine (ContainerStateMachine.java:loadSnapshot(223)) - group-A9A1358A18C4: The snapshot info is null. Setting the last applied indexto:(t:0, i:~)
2019-11-15 07:11:29,819 [pool-27-thread-1] INFO  server.RaftServerConfigKeys (ConfUtils.java:logGet(43)) - raft.server.log.use.memory = false (default)
2019-11-15 07:11:29,819 [pool-37-thread-1] INFO  server.RaftServerConfigKeys (ConfUtils.java:logGet(43)) - raft.server.notification.no-leader.timeout = 120s (custom)
2019-11-15 07:11:29,820 [pool-27-thread-1] INFO  server.RaftServerConfigKeys (ConfUtils.java:logGet(43)) - raft.server.log.purge.gap = 1000000 (custom)
2019-11-15 07:11:29,819 [pool-47-thread-1] INFO  server.RaftServerConfigKeys (ConfUtils.java:logGet(43)) - raft.server.notification.no-leader.timeout = 120s (custom)
2019-11-15 07:11:29,820 [pool-27-thread-1] INFO  server.RaftServerConfigKeys (ConfUtils.java:logGet(43)) - raft.server.log.appender.buffer.byte-limit = 33554432 (custom)
2019-11-15 07:11:29,820 [pool-37-thread-1] INFO  server.RaftServerConfigKeys (ConfUtils.java:logGet(43)) - raft.server.log.use.memory = false (default)
2019-11-15 07:11:29,820 [pool-27-thread-1] INFO  server.RaftServerConfigKeys (ConfUtils.java:logGet(43)) - raft.server.log.segment.size.max = 1048576 (custom)
2019-11-15 07:11:29,820 [pool-47-thread-1] INFO  server.RaftServerConfigKeys (ConfUtils.java:logGet(43)) - raft.server.log.use.memory = false (default)
2019-11-15 07:11:29,820 [pool-27-thread-1] INFO  server.RaftServerConfigKeys (ConfUtils.java:logGet(43)) - raft.server.log.segment.cache.num.max = 2 (custom)
2019-11-15 07:11:29,820 [pool-37-thread-1] INFO  server.RaftServerConfigKeys (ConfUtils.java:logGet(43)) - raft.server.log.purge.gap = 1000000 (custom)
2019-11-15 07:11:29,821 [pool-27-thread-1] INFO  segmented.SegmentedRaftLogWorker (SegmentedRaftLogWorker.java:<init>(173)) - new a0d94a7e-dbf1-488b-af78-b2c5ada598db@group-A9A1358A18C4-SegmentedRaftLogWorker for RaftStorage:Storage Directory /workdir/hadoop-ozone/tools/target/test-dir/MiniOzoneClusterImpl-51b9b0f2-17ac-4b5b-be5d-f7608296e48f/datanode-0/data/ratis/4039c6be-dcd1-49ec-9a15-a9a1358a18c4
2019-11-15 07:11:29,821 [pool-47-thread-1] INFO  server.RaftServerConfigKeys (ConfUtils.java:logGet(43)) - raft.server.log.purge.gap = 1000000 (custom)
2019-11-15 07:11:29,821 [pool-27-thread-1] INFO  server.RaftServerConfigKeys (ConfUtils.java:logGet(43)) - raft.server.log.queue.byte-limit = 2147483647 (custom)
2019-11-15 07:11:29,821 [pool-37-thread-1] INFO  server.RaftServerConfigKeys (ConfUtils.java:logGet(43)) - raft.server.log.appender.buffer.byte-limit = 33554432 (custom)
2019-11-15 07:11:29,821 [pool-27-thread-1] INFO  server.RaftServerConfigKeys (ConfUtils.java:logGet(43)) - raft.server.log.queue.element-limit = 1024 (custom)
2019-11-15 07:11:29,821 [pool-47-thread-1] INFO  server.RaftServerConfigKeys (ConfUtils.java:logGet(43)) - raft.server.log.appender.buffer.byte-limit = 33554432 (custom)
2019-11-15 07:11:29,821 [pool-27-thread-1] INFO  server.RaftServerConfigKeys (ConfUtils.java:logGet(43)) - raft.server.log.segment.size.max = 1048576 (custom)
2019-11-15 07:11:29,821 [pool-37-thread-1] INFO  server.RaftServerConfigKeys (ConfUtils.java:logGet(43)) - raft.server.log.segment.size.max = 1048576 (custom)
2019-11-15 07:11:29,822 [pool-27-thread-1] INFO  server.RaftServerConfigKeys (ConfUtils.java:logGet(43)) - raft.server.log.preallocated.size = 16384 (custom)
2019-11-15 07:11:29,822 [pool-47-thread-1] INFO  server.RaftServerConfigKeys (ConfUtils.java:logGet(43)) - raft.server.log.segment.size.max = 1048576 (custom)
2019-11-15 07:11:29,822 [pool-27-thread-1] INFO  server.RaftServerConfigKeys (ConfUtils.java:logGet(43)) - raft.server.log.write.buffer.size = 33554432 (custom)
2019-11-15 07:11:29,822 [pool-37-thread-1] INFO  server.RaftServerConfigKeys (ConfUtils.java:logGet(43)) - raft.server.log.segment.cache.num.max = 2 (custom)
2019-11-15 07:11:29,822 [pool-27-thread-1] INFO  server.RaftServerConfigKeys (ConfUtils.java:logGet(43)) - raft.server.log.force.sync.num = 128 (default)
2019-11-15 07:11:29,822 [pool-47-thread-1] INFO  server.RaftServerConfigKeys (ConfUtils.java:logGet(43)) - raft.server.log.segment.cache.num.max = 2 (custom)
2019-11-15 07:11:29,823 [pool-27-thread-1] INFO  server.RaftServerConfigKeys (ConfUtils.java:logGet(43)) - raft.server.log.statemachine.data.sync = true (default)
2019-11-15 07:11:29,822 [pool-37-thread-1] INFO  segmented.SegmentedRaftLogWorker (SegmentedRaftLogWorker.java:<init>(173)) - new 2d4d3ea5-9e05-49b1-81c4-17e643da7a24@group-A9A1358A18C4-SegmentedRaftLogWorker for RaftStorage:Storage Directory /workdir/hadoop-ozone/tools/target/test-dir/MiniOzoneClusterImpl-51b9b0f2-17ac-4b5b-be5d-f7608296e48f/datanode-1/data/ratis/4039c6be-dcd1-49ec-9a15-a9a1358a18c4
2019-11-15 07:11:29,823 [pool-27-thread-1] INFO  server.RaftServerConfigKeys (ConfUtils.java:logGet(43)) - raft.server.log.statemachine.data.sync.timeout = 10s (default)
2019-11-15 07:11:29,823 [pool-47-thread-1] INFO  segmented.SegmentedRaftLogWorker (SegmentedRaftLogWorker.java:<init>(173)) - new 2a42fb6f-b869-4110-a96a-9a2b8429a9bf@group-A9A1358A18C4-SegmentedRaftLogWorker for RaftStorage:Storage Directory /workdir/hadoop-ozone/tools/target/test-dir/MiniOzoneClusterImpl-51b9b0f2-17ac-4b5b-be5d-f7608296e48f/datanode-2/data/ratis/4039c6be-dcd1-49ec-9a15-a9a1358a18c4
2019-11-15 07:11:29,823 [pool-27-thread-1] INFO  server.RaftServerConfigKeys (ConfUtils.java:logGet(43)) - raft.server.log.statemachine.data.sync.timeout.retry = -1 (default)
2019-11-15 07:11:29,823 [pool-37-thread-1] INFO  server.RaftServerConfigKeys (ConfUtils.java:logGet(43)) - raft.server.log.queue.byte-limit = 2147483647 (custom)
2019-11-15 07:11:29,823 [pool-47-thread-1] INFO  server.RaftServerConfigKeys (ConfUtils.java:logGet(43)) - raft.server.log.queue.byte-limit = 2147483647 (custom)
2019-11-15 07:11:29,824 [pool-27-thread-1] INFO  server.RaftServerConfigKeys (ConfUtils.java:logGet(43)) - raft.server.log.statemachine.data.caching.enabled = true (custom)
2019-11-15 07:11:29,823 [pool-37-thread-1] INFO  server.RaftServerConfigKeys (ConfUtils.java:logGet(43)) - raft.server.log.queue.element-limit = 1024 (custom)
2019-11-15 07:11:29,824 [pool-47-thread-1] INFO  server.RaftServerConfigKeys (ConfUtils.java:logGet(43)) - raft.server.log.queue.element-limit = 1024 (custom)
2019-11-15 07:11:29,824 [pool-37-thread-1] INFO  server.RaftServerConfigKeys (ConfUtils.java:logGet(43)) - raft.server.log.segment.size.max = 1048576 (custom)
2019-11-15 07:11:29,824 [pool-47-thread-1] INFO  server.RaftServerConfigKeys (ConfUtils.java:logGet(43)) - raft.server.log.segment.size.max = 1048576 (custom)
2019-11-15 07:11:29,824 [pool-27-thread-1] INFO  segmented.SegmentedRaftLogWorker (SegmentedRaftLogWorker.java:lambda$new$0(128)) - a0d94a7e-dbf1-488b-af78-b2c5ada598db@group-A9A1358A18C4-SegmentedRaftLogWorker: flushIndex: setUnconditionally 0 -> -1
2019-11-15 07:11:29,824 [pool-47-thread-1] INFO  server.RaftServerConfigKeys (ConfUtils.java:logGet(43)) - raft.server.log.preallocated.size = 16384 (custom)
2019-11-15 07:11:29,824 [pool-37-thread-1] INFO  server.RaftServerConfigKeys (ConfUtils.java:logGet(43)) - raft.server.log.preallocated.size = 16384 (custom)
2019-11-15 07:11:29,825 [pool-47-thread-1] INFO  server.RaftServerConfigKeys (ConfUtils.java:logGet(43)) - raft.server.log.write.buffer.size = 33554432 (custom)
2019-11-15 07:11:29,825 [pool-27-thread-1] INFO  server.RaftServerConfigKeys (ConfUtils.java:logGet(43)) - raft.server.snapshot.auto.trigger.enabled = true (custom)
2019-11-15 07:11:29,825 [pool-37-thread-1] INFO  server.RaftServerConfigKeys (ConfUtils.java:logGet(43)) - raft.server.log.write.buffer.size = 33554432 (custom)
2019-11-15 07:11:29,825 [pool-27-thread-1] INFO  server.RaftServerConfigKeys (ConfUtils.java:logGet(43)) - raft.server.snapshot.auto.trigger.threshold = 10000 (custom)
2019-11-15 07:11:29,825 [pool-47-thread-1] INFO  server.RaftServerConfigKeys (ConfUtils.java:logGet(43)) - raft.server.log.force.sync.num = 128 (default)
2019-11-15 07:11:29,825 [pool-27-thread-1] INFO  server.RaftServerConfigKeys (ConfUtils.java:logGet(43)) - raft.server.snapshot.retention.file.num = 5 (custom)
2019-11-15 07:11:29,825 [pool-37-thread-1] INFO  server.RaftServerConfigKeys (ConfUtils.java:logGet(43)) - raft.server.log.force.sync.num = 128 (default)
2019-11-15 07:11:29,826 [pool-27-thread-1] INFO  server.RaftServerConfigKeys (ConfUtils.java:logGet(43)) - raft.server.retrycache.expirytime = 600000ms (custom)
2019-11-15 07:11:29,825 [pool-47-thread-1] INFO  server.RaftServerConfigKeys (ConfUtils.java:logGet(43)) - raft.server.log.statemachine.data.sync = true (default)
2019-11-15 07:11:29,826 [pool-37-thread-1] INFO  server.RaftServerConfigKeys (ConfUtils.java:logGet(43)) - raft.server.log.statemachine.data.sync = true (default)
2019-11-15 07:11:29,826 [pool-47-thread-1] INFO  server.RaftServerConfigKeys (ConfUtils.java:logGet(43)) - raft.server.log.statemachine.data.sync.timeout = 10s (default)
2019-11-15 07:11:29,826 [pool-37-thread-1] INFO  server.RaftServerConfigKeys (ConfUtils.java:logGet(43)) - raft.server.log.statemachine.data.sync.timeout = 10s (default)
2019-11-15 07:11:29,826 [pool-27-thread-1] WARN  impl.MetricRegistriesImpl (MetricRegistriesImpl.java:lambda$create$1(61)) - First MetricRegistry has been created without registering reporters. You may need to call MetricRegistries.global().addReportRegistration(...) before.
2019-11-15 07:11:29,826 [pool-37-thread-1] INFO  server.RaftServerConfigKeys (ConfUtils.java:logGet(43)) - raft.server.log.statemachine.data.sync.timeout.retry = -1 (default)
2019-11-15 07:11:29,826 [pool-47-thread-1] INFO  server.RaftServerConfigKeys (ConfUtils.java:logGet(43)) - raft.server.log.statemachine.data.sync.timeout.retry = -1 (default)
2019-11-15 07:11:29,827 [pool-27-thread-1] WARN  impl.MetricRegistriesImpl (MetricRegistriesImpl.java:lambda$create$1(61)) - First MetricRegistry has been created without registering reporters. You may need to call MetricRegistries.global().addReportRegistration(...) before.
2019-11-15 07:11:29,827 [pool-37-thread-1] INFO  server.RaftServerConfigKeys (ConfUtils.java:logGet(43)) - raft.server.log.statemachine.data.caching.enabled = true (custom)
2019-11-15 07:11:29,827 [pool-27-thread-1] INFO  impl.RaftServerImpl (RaftServerImpl.java:start(184)) - a0d94a7e-dbf1-488b-af78-b2c5ada598db@group-A9A1358A18C4: start as a follower, conf=-1: [2a42fb6f-b869-4110-a96a-9a2b8429a9bf:192.168.69.126:33040, a0d94a7e-dbf1-488b-af78-b2c5ada598db:192.168.69.126:46707, 2d4d3ea5-9e05-49b1-81c4-17e643da7a24:192.168.69.126:45299], old=null
2019-11-15 07:11:29,827 [pool-47-thread-1] INFO  server.RaftServerConfigKeys (ConfUtils.java:logGet(43)) - raft.server.log.statemachine.data.caching.enabled = true (custom)
2019-11-15 07:11:29,827 [pool-27-thread-1] INFO  impl.RaftServerImpl (RaftServerImpl.java:setRole(173)) - a0d94a7e-dbf1-488b-af78-b2c5ada598db@group-A9A1358A18C4: changes role from      null to FOLLOWER at term 0 for startAsFollower
2019-11-15 07:11:29,827 [pool-37-thread-1] INFO  segmented.SegmentedRaftLogWorker (SegmentedRaftLogWorker.java:lambda$new$0(128)) - 2d4d3ea5-9e05-49b1-81c4-17e643da7a24@group-A9A1358A18C4-SegmentedRaftLogWorker: flushIndex: setUnconditionally 0 -> -1
2019-11-15 07:11:29,828 [pool-47-thread-1] INFO  segmented.SegmentedRaftLogWorker (SegmentedRaftLogWorker.java:lambda$new$0(128)) - 2a42fb6f-b869-4110-a96a-9a2b8429a9bf@group-A9A1358A18C4-SegmentedRaftLogWorker: flushIndex: setUnconditionally 0 -> -1
2019-11-15 07:11:29,828 [pool-27-thread-1] INFO  impl.RoleInfo (RoleInfo.java:updateAndGet(143)) - a0d94a7e-dbf1-488b-af78-b2c5ada598db: start FollowerState
2019-11-15 07:11:29,828 [pool-37-thread-1] INFO  server.RaftServerConfigKeys (ConfUtils.java:logGet(43)) - raft.server.snapshot.auto.trigger.enabled = true (custom)
2019-11-15 07:11:29,828 [pool-47-thread-1] INFO  server.RaftServerConfigKeys (ConfUtils.java:logGet(43)) - raft.server.snapshot.auto.trigger.enabled = true (custom)
2019-11-15 07:11:29,828 [pool-37-thread-1] INFO  server.RaftServerConfigKeys (ConfUtils.java:logGet(43)) - raft.server.snapshot.auto.trigger.threshold = 10000 (custom)
2019-11-15 07:11:29,828 [pool-47-thread-1] INFO  server.RaftServerConfigKeys (ConfUtils.java:logGet(43)) - raft.server.snapshot.auto.trigger.threshold = 10000 (custom)
2019-11-15 07:11:29,828 [pool-37-thread-1] INFO  server.RaftServerConfigKeys (ConfUtils.java:logGet(43)) - raft.server.snapshot.retention.file.num = 5 (custom)
2019-11-15 07:11:29,828 [pool-47-thread-1] INFO  server.RaftServerConfigKeys (ConfUtils.java:logGet(43)) - raft.server.snapshot.retention.file.num = 5 (custom)
2019-11-15 07:11:29,828 [pool-27-thread-1] INFO  util.JmxRegister (JmxRegister.java:tryRegister(44)) - Successfully registered JMX Bean with object name Ratis:service=RaftServer,group=group-A9A1358A18C4,id=a0d94a7e-dbf1-488b-af78-b2c5ada598db
2019-11-15 07:11:29,829 [pool-47-thread-1] INFO  server.RaftServerConfigKeys (ConfUtils.java:logGet(43)) - raft.server.retrycache.expirytime = 600000ms (custom)
2019-11-15 07:11:29,829 [pool-37-thread-1] INFO  server.RaftServerConfigKeys (ConfUtils.java:logGet(43)) - raft.server.retrycache.expirytime = 600000ms (custom)
2019-11-15 07:11:29,829 [pool-47-thread-1] WARN  impl.MetricRegistriesImpl (MetricRegistriesImpl.java:lambda$create$1(61)) - First MetricRegistry has been created without registering reporters. You may need to call MetricRegistries.global().addReportRegistration(...) before.
2019-11-15 07:11:29,829 [pool-27-thread-1] WARN  impl.MetricRegistriesImpl (MetricRegistriesImpl.java:lambda$create$1(61)) - First MetricRegistry has been created without registering reporters. You may need to call MetricRegistries.global().addReportRegistration(...) before.
2019-11-15 07:11:29,829 [pool-47-thread-1] WARN  impl.MetricRegistriesImpl (MetricRegistriesImpl.java:lambda$create$1(61)) - First MetricRegistry has been created without registering reporters. You may need to call MetricRegistries.global().addReportRegistration(...) before.
2019-11-15 07:11:29,829 [pool-37-thread-1] WARN  impl.MetricRegistriesImpl (MetricRegistriesImpl.java:lambda$create$1(61)) - First MetricRegistry has been created without registering reporters. You may need to call MetricRegistries.global().addReportRegistration(...) before.
2019-11-15 07:11:29,830 [pool-47-thread-1] INFO  impl.RaftServerImpl (RaftServerImpl.java:start(184)) - 2a42fb6f-b869-4110-a96a-9a2b8429a9bf@group-A9A1358A18C4: start as a follower, conf=-1: [2a42fb6f-b869-4110-a96a-9a2b8429a9bf:192.168.69.126:33040, a0d94a7e-dbf1-488b-af78-b2c5ada598db:192.168.69.126:46707, 2d4d3ea5-9e05-49b1-81c4-17e643da7a24:192.168.69.126:45299], old=null
2019-11-15 07:11:29,830 [pool-37-thread-1] WARN  impl.MetricRegistriesImpl (MetricRegistriesImpl.java:lambda$create$1(61)) - First MetricRegistry has been created without registering reporters. You may need to call MetricRegistries.global().addReportRegistration(...) before.
2019-11-15 07:11:29,830 [pool-47-thread-1] INFO  impl.RaftServerImpl (RaftServerImpl.java:setRole(173)) - 2a42fb6f-b869-4110-a96a-9a2b8429a9bf@group-A9A1358A18C4: changes role from      null to FOLLOWER at term 0 for startAsFollower
2019-11-15 07:11:29,830 [pool-37-thread-1] INFO  impl.RaftServerImpl (RaftServerImpl.java:start(184)) - 2d4d3ea5-9e05-49b1-81c4-17e643da7a24@group-A9A1358A18C4: start as a follower, conf=-1: [2a42fb6f-b869-4110-a96a-9a2b8429a9bf:192.168.69.126:33040, a0d94a7e-dbf1-488b-af78-b2c5ada598db:192.168.69.126:46707, 2d4d3ea5-9e05-49b1-81c4-17e643da7a24:192.168.69.126:45299], old=null
2019-11-15 07:11:29,830 [pool-47-thread-1] INFO  impl.RoleInfo (RoleInfo.java:updateAndGet(143)) - 2a42fb6f-b869-4110-a96a-9a2b8429a9bf: start FollowerState
2019-11-15 07:11:29,830 [pool-37-thread-1] INFO  impl.RaftServerImpl (RaftServerImpl.java:setRole(173)) - 2d4d3ea5-9e05-49b1-81c4-17e643da7a24@group-A9A1358A18C4: changes role from      null to FOLLOWER at term 0 for startAsFollower
2019-11-15 07:11:29,831 [pool-47-thread-1] INFO  util.JmxRegister (JmxRegister.java:tryRegister(44)) - Successfully registered JMX Bean with object name Ratis:service=RaftServer,group=group-A9A1358A18C4,id=2a42fb6f-b869-4110-a96a-9a2b8429a9bf
2019-11-15 07:11:29,831 [pool-37-thread-1] INFO  impl.RoleInfo (RoleInfo.java:updateAndGet(143)) - 2d4d3ea5-9e05-49b1-81c4-17e643da7a24: start FollowerState
2019-11-15 07:11:29,832 [pool-47-thread-1] WARN  impl.MetricRegistriesImpl (MetricRegistriesImpl.java:lambda$create$1(61)) - First MetricRegistry has been created without registering reporters. You may need to call MetricRegistries.global().addReportRegistration(...) before.
2019-11-15 07:11:29,833 [pool-37-thread-1] INFO  util.JmxRegister (JmxRegister.java:tryRegister(44)) - Successfully registered JMX Bean with object name Ratis:service=RaftServer,group=group-A9A1358A18C4,id=2d4d3ea5-9e05-49b1-81c4-17e643da7a24
2019-11-15 07:11:29,833 [pool-37-thread-1] WARN  impl.MetricRegistriesImpl (MetricRegistriesImpl.java:lambda$create$1(61)) - First MetricRegistry has been created without registering reporters. You may need to call MetricRegistries.global().addReportRegistration(...) before.
2019-11-15 07:11:29,840 [RatisPipelineUtilsThread] INFO  pipeline.PipelineStateManager (PipelineStateManager.java:addPipeline(55)) - Created pipeline Pipeline[ Id: 4039c6be-dcd1-49ec-9a15-a9a1358a18c4, Nodes: 2d4d3ea5-9e05-49b1-81c4-17e643da7a24{ip: 192.168.69.126, host: pr-hdds-2498-z4wj9-521903842, networkLocation: /default-rack, certSerialId: null}2a42fb6f-b869-4110-a96a-9a2b8429a9bf{ip: 192.168.69.126, host: pr-hdds-2498-z4wj9-521903842, networkLocation: /default-rack, certSerialId: null}a0d94a7e-dbf1-488b-af78-b2c5ada598db{ip: 192.168.69.126, host: pr-hdds-2498-z4wj9-521903842, networkLocation: /default-rack, certSerialId: null}, Type:RATIS, Factor:THREE, State:ALLOCATED]
2019-11-15 07:11:29,852 [main] INFO  freon.RandomKeyGenerator (RandomKeyGenerator.java:call(283)) - Number of Threads: 10
2019-11-15 07:11:29,852 [main] INFO  freon.RandomKeyGenerator (RandomKeyGenerator.java:call(288)) - Number of Volumes: 1.
2019-11-15 07:11:29,852 [main] INFO  freon.RandomKeyGenerator (RandomKeyGenerator.java:call(289)) - Number of Buckets per Volume: 1.
2019-11-15 07:11:29,853 [main] INFO  freon.RandomKeyGenerator (RandomKeyGenerator.java:call(290)) - Number of Keys per Bucket: 1.
2019-11-15 07:11:29,853 [main] INFO  freon.RandomKeyGenerator (RandomKeyGenerator.java:call(291)) - Key size: 20971520 bytes
2019-11-15 07:11:29,853 [main] INFO  freon.RandomKeyGenerator (RandomKeyGenerator.java:call(292)) - Buffer size: 4096 bytes
2019-11-15 07:11:29,853 [main] INFO  freon.RandomKeyGenerator (RandomKeyGenerator.java:call(293)) - validateWrites : true
2019-11-15 07:11:29,856 [pool-59-thread-1] INFO  rpc.RpcClient (RpcClient.java:createVolume(292)) - Creating Volume: vol-0-93265, with jenkins1000 as owner.
2019-11-15 07:11:29,857 [main] INFO  freon.RandomKeyGenerator (RandomKeyGenerator.java:call(307)) - Data validation is enabled.
2019-11-15 07:11:29,858 [main] INFO  freon.RandomKeyGenerator (RandomKeyGenerator.java:call(313)) - Starting progress bar Thread.

 0.00% |?                                                                                                    |  0/1 Time: 0:00:002019-11-15 07:11:29,862 [IPC Server handler 1 on 42682] INFO  volume.OMVolumeCreateRequest (OMVolumeCreateRequest.java:validateAndUpdateCache(193)) - created volume:vol-0-93265 for user:jenkins1000
2019-11-15 07:11:29,895 [pool-59-thread-2] INFO  rpc.RpcClient (RpcClient.java:createBucket(431)) - Creating Bucket: vol-0-93265/bucket-0-30198, with Versioning false and Storage Type set to DISK and Encryption set to false 
2019-11-15 07:11:29,930 [IPC Server handler 0 on 36066] WARN  block.BlockManagerImpl (BlockManagerImpl.java:allocateBlock(200)) - Pipeline creation failed for type:RATIS factor:THREE. Retrying get pipelines call once.
org.apache.hadoop.hdds.scm.pipeline.InsufficientDatanodesException: Cannot create pipeline of factor 3 using 0 nodes.
	at org.apache.hadoop.hdds.scm.pipeline.RatisPipelineProvider.create(RatisPipelineProvider.java:153)
	at org.apache.hadoop.hdds.scm.pipeline.PipelineFactory.create(PipelineFactory.java:58)
	at org.apache.hadoop.hdds.scm.pipeline.SCMPipelineManager.createPipeline(SCMPipelineManager.java:155)
	at org.apache.hadoop.hdds.scm.block.BlockManagerImpl.allocateBlock(BlockManagerImpl.java:198)
	at org.apache.hadoop.hdds.scm.server.SCMBlockProtocolServer.allocateBlock(SCMBlockProtocolServer.java:187)
	at org.apache.hadoop.hdds.scm.protocol.ScmBlockLocationProtocolServerSideTranslatorPB.allocateScmBlock(ScmBlockLocationProtocolServerSideTranslatorPB.java:159)
	at org.apache.hadoop.hdds.scm.protocol.ScmBlockLocationProtocolServerSideTranslatorPB.processMessage(ScmBlockLocationProtocolServerSideTranslatorPB.java:117)
	at org.apache.hadoop.hdds.server.OzoneProtocolMessageDispatcher.processRequest(OzoneProtocolMessageDispatcher.java:72)
	at org.apache.hadoop.hdds.scm.protocol.ScmBlockLocationProtocolServerSideTranslatorPB.send(ScmBlockLocationProtocolServerSideTranslatorPB.java:98)
	at org.apache.hadoop.hdds.protocol.proto.ScmBlockLocationProtocolProtos$ScmBlockLocationProtocolService$2.callBlockingMethod(ScmBlockLocationProtocolProtos.java:13157)
	at org.apache.hadoop.ipc.ProtobufRpcEngine$Server$ProtoBufRpcInvoker.call(ProtobufRpcEngine.java:524)
	at org.apache.hadoop.ipc.RPC$Server.call(RPC.java:1025)
	at org.apache.hadoop.ipc.Server$RpcCall.run(Server.java:876)
	at org.apache.hadoop.ipc.Server$RpcCall.run(Server.java:822)
	at java.security.AccessController.doPrivileged(Native Method)
	at javax.security.auth.Subject.doAs(Subject.java:422)
	at org.apache.hadoop.security.UserGroupInformation.doAs(UserGroupInformation.java:1730)
	at org.apache.hadoop.ipc.Server$Handler.run(Server.java:2682)
2019-11-15 07:11:29,931 [IPC Server handler 0 on 36066] INFO  block.BlockManagerImpl (BlockManagerImpl.java:allocateBlock(212)) - Could not find available pipeline of type:RATIS and factor:THREE even after retrying
2019-11-15 07:11:29,931 [IPC Server handler 0 on 36066] ERROR block.BlockManagerImpl (BlockManagerImpl.java:allocateBlock(236)) - Unable to allocate a block for the size: 4194304, type: RATIS, factor: THREE
2019-11-15 07:11:29,932 [IPC Server handler 0 on 36066] WARN  block.BlockManagerImpl (BlockManagerImpl.java:allocateBlock(200)) - Pipeline creation failed for type:RATIS factor:THREE. Retrying get pipelines call once.
org.apache.hadoop.hdds.scm.pipeline.InsufficientDatanodesException: Cannot create pipeline of factor 3 using 0 nodes.
	at org.apache.hadoop.hdds.scm.pipeline.RatisPipelineProvider.create(RatisPipelineProvider.java:153)
	at org.apache.hadoop.hdds.scm.pipeline.PipelineFactory.create(PipelineFactory.java:58)
	at org.apache.hadoop.hdds.scm.pipeline.SCMPipelineManager.createPipeline(SCMPipelineManager.java:155)
	at org.apache.hadoop.hdds.scm.block.BlockManagerImpl.allocateBlock(BlockManagerImpl.java:198)
	at org.apache.hadoop.hdds.scm.server.SCMBlockProtocolServer.allocateBlock(SCMBlockProtocolServer.java:187)
	at org.apache.hadoop.hdds.scm.protocol.ScmBlockLocationProtocolServerSideTranslatorPB.allocateScmBlock(ScmBlockLocationProtocolServerSideTranslatorPB.java:159)
	at org.apache.hadoop.hdds.scm.protocol.ScmBlockLocationProtocolServerSideTranslatorPB.processMessage(ScmBlockLocationProtocolServerSideTranslatorPB.java:117)
	at org.apache.hadoop.hdds.server.OzoneProtocolMessageDispatcher.processRequest(OzoneProtocolMessageDispatcher.java:72)
	at org.apache.hadoop.hdds.scm.protocol.ScmBlockLocationProtocolServerSideTranslatorPB.send(ScmBlockLocationProtocolServerSideTranslatorPB.java:98)
	at org.apache.hadoop.hdds.protocol.proto.ScmBlockLocationProtocolProtos$ScmBlockLocationProtocolService$2.callBlockingMethod(ScmBlockLocationProtocolProtos.java:13157)
	at org.apache.hadoop.ipc.ProtobufRpcEngine$Server$ProtoBufRpcInvoker.call(ProtobufRpcEngine.java:524)
	at org.apache.hadoop.ipc.RPC$Server.call(RPC.java:1025)
	at org.apache.hadoop.ipc.Server$RpcCall.run(Server.java:876)
	at org.apache.hadoop.ipc.Server$RpcCall.run(Server.java:822)
	at java.security.AccessController.doPrivileged(Native Method)
	at javax.security.auth.Subject.doAs(Subject.java:422)
	at org.apache.hadoop.security.UserGroupInformation.doAs(UserGroupInformation.java:1730)
	at org.apache.hadoop.ipc.Server$Handler.run(Server.java:2682)
2019-11-15 07:11:29,933 [IPC Server handler 0 on 36066] INFO  block.BlockManagerImpl (BlockManagerImpl.java:allocateBlock(212)) - Could not find available pipeline of type:RATIS and factor:THREE even after retrying
2019-11-15 07:11:29,933 [IPC Server handler 0 on 36066] ERROR block.BlockManagerImpl (BlockManagerImpl.java:allocateBlock(236)) - Unable to allocate a block for the size: 4194304, type: RATIS, factor: THREE
2019-11-15 07:11:29,933 [IPC Server handler 0 on 36066] WARN  block.BlockManagerImpl (BlockManagerImpl.java:allocateBlock(200)) - Pipeline creation failed for type:RATIS factor:THREE. Retrying get pipelines call once.
org.apache.hadoop.hdds.scm.pipeline.InsufficientDatanodesException: Cannot create pipeline of factor 3 using 0 nodes.
	at org.apache.hadoop.hdds.scm.pipeline.RatisPipelineProvider.create(RatisPipelineProvider.java:153)
	at org.apache.hadoop.hdds.scm.pipeline.PipelineFactory.create(PipelineFactory.java:58)
	at org.apache.hadoop.hdds.scm.pipeline.SCMPipelineManager.createPipeline(SCMPipelineManager.java:155)
	at org.apache.hadoop.hdds.scm.block.BlockManagerImpl.allocateBlock(BlockManagerImpl.java:198)
	at org.apache.hadoop.hdds.scm.server.SCMBlockProtocolServer.allocateBlock(SCMBlockProtocolServer.java:187)
	at org.apache.hadoop.hdds.scm.protocol.ScmBlockLocationProtocolServerSideTranslatorPB.allocateScmBlock(ScmBlockLocationProtocolServerSideTranslatorPB.java:159)
	at org.apache.hadoop.hdds.scm.protocol.ScmBlockLocationProtocolServerSideTranslatorPB.processMessage(ScmBlockLocationProtocolServerSideTranslatorPB.java:117)
	at org.apache.hadoop.hdds.server.OzoneProtocolMessageDispatcher.processRequest(OzoneProtocolMessageDispatcher.java:72)
	at org.apache.hadoop.hdds.scm.protocol.ScmBlockLocationProtocolServerSideTranslatorPB.send(ScmBlockLocationProtocolServerSideTranslatorPB.java:98)
	at org.apache.hadoop.hdds.protocol.proto.ScmBlockLocationProtocolProtos$ScmBlockLocationProtocolService$2.callBlockingMethod(ScmBlockLocationProtocolProtos.java:13157)
	at org.apache.hadoop.ipc.ProtobufRpcEngine$Server$ProtoBufRpcInvoker.call(ProtobufRpcEngine.java:524)
	at org.apache.hadoop.ipc.RPC$Server.call(RPC.java:1025)
	at org.apache.hadoop.ipc.Server$RpcCall.run(Server.java:876)
	at org.apache.hadoop.ipc.Server$RpcCall.run(Server.java:822)
	at java.security.AccessController.doPrivileged(Native Method)
	at javax.security.auth.Subject.doAs(Subject.java:422)
	at org.apache.hadoop.security.UserGroupInformation.doAs(UserGroupInformation.java:1730)
	at org.apache.hadoop.ipc.Server$Handler.run(Server.java:2682)
2019-11-15 07:11:29,934 [IPC Server handler 0 on 36066] INFO  block.BlockManagerImpl (BlockManagerImpl.java:allocateBlock(212)) - Could not find available pipeline of type:RATIS and factor:THREE even after retrying
2019-11-15 07:11:29,934 [IPC Server handler 0 on 36066] ERROR block.BlockManagerImpl (BlockManagerImpl.java:allocateBlock(236)) - Unable to allocate a block for the size: 4194304, type: RATIS, factor: THREE
2019-11-15 07:11:29,934 [IPC Server handler 0 on 36066] WARN  block.BlockManagerImpl (BlockManagerImpl.java:allocateBlock(200)) - Pipeline creation failed for type:RATIS factor:THREE. Retrying get pipelines call once.
org.apache.hadoop.hdds.scm.pipeline.InsufficientDatanodesException: Cannot create pipeline of factor 3 using 0 nodes.
	at org.apache.hadoop.hdds.scm.pipeline.RatisPipelineProvider.create(RatisPipelineProvider.java:153)
	at org.apache.hadoop.hdds.scm.pipeline.PipelineFactory.create(PipelineFactory.java:58)
	at org.apache.hadoop.hdds.scm.pipeline.SCMPipelineManager.createPipeline(SCMPipelineManager.java:155)
	at org.apache.hadoop.hdds.scm.block.BlockManagerImpl.allocateBlock(BlockManagerImpl.java:198)
	at org.apache.hadoop.hdds.scm.server.SCMBlockProtocolServer.allocateBlock(SCMBlockProtocolServer.java:187)
	at org.apache.hadoop.hdds.scm.protocol.ScmBlockLocationProtocolServerSideTranslatorPB.allocateScmBlock(ScmBlockLocationProtocolServerSideTranslatorPB.java:159)
	at org.apache.hadoop.hdds.scm.protocol.ScmBlockLocationProtocolServerSideTranslatorPB.processMessage(ScmBlockLocationProtocolServerSideTranslatorPB.java:117)
	at org.apache.hadoop.hdds.server.OzoneProtocolMessageDispatcher.processRequest(OzoneProtocolMessageDispatcher.java:72)
	at org.apache.hadoop.hdds.scm.protocol.ScmBlockLocationProtocolServerSideTranslatorPB.send(ScmBlockLocationProtocolServerSideTranslatorPB.java:98)
	at org.apache.hadoop.hdds.protocol.proto.ScmBlockLocationProtocolProtos$ScmBlockLocationProtocolService$2.callBlockingMethod(ScmBlockLocationProtocolProtos.java:13157)
	at org.apache.hadoop.ipc.ProtobufRpcEngine$Server$ProtoBufRpcInvoker.call(ProtobufRpcEngine.java:524)
	at org.apache.hadoop.ipc.RPC$Server.call(RPC.java:1025)
	at org.apache.hadoop.ipc.Server$RpcCall.run(Server.java:876)
	at org.apache.hadoop.ipc.Server$RpcCall.run(Server.java:822)
	at java.security.AccessController.doPrivileged(Native Method)
	at javax.security.auth.Subject.doAs(Subject.java:422)
	at org.apache.hadoop.security.UserGroupInformation.doAs(UserGroupInformation.java:1730)
	at org.apache.hadoop.ipc.Server$Handler.run(Server.java:2682)
2019-11-15 07:11:29,934 [IPC Server handler 0 on 36066] INFO  block.BlockManagerImpl (BlockManagerImpl.java:allocateBlock(212)) - Could not find available pipeline of type:RATIS and factor:THREE even after retrying
2019-11-15 07:11:29,935 [IPC Server handler 0 on 36066] ERROR block.BlockManagerImpl (BlockManagerImpl.java:allocateBlock(236)) - Unable to allocate a block for the size: 4194304, type: RATIS, factor: THREE
2019-11-15 07:11:29,935 [IPC Server handler 0 on 36066] WARN  block.BlockManagerImpl (BlockManagerImpl.java:allocateBlock(200)) - Pipeline creation failed for type:RATIS factor:THREE. Retrying get pipelines call once.
org.apache.hadoop.hdds.scm.pipeline.InsufficientDatanodesException: Cannot create pipeline of factor 3 using 0 nodes.
	at org.apache.hadoop.hdds.scm.pipeline.RatisPipelineProvider.create(RatisPipelineProvider.java:153)
	at org.apache.hadoop.hdds.scm.pipeline.PipelineFactory.create(PipelineFactory.java:58)
	at org.apache.hadoop.hdds.scm.pipeline.SCMPipelineManager.createPipeline(SCMPipelineManager.java:155)
	at org.apache.hadoop.hdds.scm.block.BlockManagerImpl.allocateBlock(BlockManagerImpl.java:198)
	at org.apache.hadoop.hdds.scm.server.SCMBlockProtocolServer.allocateBlock(SCMBlockProtocolServer.java:187)
	at org.apache.hadoop.hdds.scm.protocol.ScmBlockLocationProtocolServerSideTranslatorPB.allocateScmBlock(ScmBlockLocationProtocolServerSideTranslatorPB.java:159)
	at org.apache.hadoop.hdds.scm.protocol.ScmBlockLocationProtocolServerSideTranslatorPB.processMessage(ScmBlockLocationProtocolServerSideTranslatorPB.java:117)
	at org.apache.hadoop.hdds.server.OzoneProtocolMessageDispatcher.processRequest(OzoneProtocolMessageDispatcher.java:72)
	at org.apache.hadoop.hdds.scm.protocol.ScmBlockLocationProtocolServerSideTranslatorPB.send(ScmBlockLocationProtocolServerSideTranslatorPB.java:98)
	at org.apache.hadoop.hdds.protocol.proto.ScmBlockLocationProtocolProtos$ScmBlockLocationProtocolService$2.callBlockingMethod(ScmBlockLocationProtocolProtos.java:13157)
	at org.apache.hadoop.ipc.ProtobufRpcEngine$Server$ProtoBufRpcInvoker.call(ProtobufRpcEngine.java:524)
	at org.apache.hadoop.ipc.RPC$Server.call(RPC.java:1025)
	at org.apache.hadoop.ipc.Server$RpcCall.run(Server.java:876)
	at org.apache.hadoop.ipc.Server$RpcCall.run(Server.java:822)
	at java.security.AccessController.doPrivileged(Native Method)
	at javax.security.auth.Subject.doAs(Subject.java:422)
	at org.apache.hadoop.security.UserGroupInformation.doAs(UserGroupInformation.java:1730)
	at org.apache.hadoop.ipc.Server$Handler.run(Server.java:2682)
2019-11-15 07:11:29,936 [IPC Server handler 0 on 36066] INFO  block.BlockManagerImpl (BlockManagerImpl.java:allocateBlock(212)) - Could not find available pipeline of type:RATIS and factor:THREE even after retrying
2019-11-15 07:11:29,936 [IPC Server handler 0 on 36066] ERROR block.BlockManagerImpl (BlockManagerImpl.java:allocateBlock(236)) - Unable to allocate a block for the size: 4194304, type: RATIS, factor: THREE
2019-11-15 07:11:29,939 [pool-59-thread-3] ERROR freon.RandomKeyGenerator (RandomKeyGenerator.java:createKey(735)) - Exception while adding key: key-0-93680 in bucket: bucket-0-30198 of volume: vol-0-93265.
INTERNAL_ERROR org.apache.hadoop.ozone.om.exceptions.OMException: Allocated 0 blocks. Requested 5 blocks
	at org.apache.hadoop.ozone.om.protocolPB.OzoneManagerProtocolClientSideTranslatorPB.handleError(OzoneManagerProtocolClientSideTranslatorPB.java:761)
	at org.apache.hadoop.ozone.om.protocolPB.OzoneManagerProtocolClientSideTranslatorPB.openKey(OzoneManagerProtocolClientSideTranslatorPB.java:752)
	at sun.reflect.NativeMethodAccessorImpl.invoke0(Native Method)
	at sun.reflect.NativeMethodAccessorImpl.invoke(NativeMethodAccessorImpl.java:62)
	at sun.reflect.DelegatingMethodAccessorImpl.invoke(DelegatingMethodAccessorImpl.java:43)
	at java.lang.reflect.Method.invoke(Method.java:498)
	at org.apache.hadoop.hdds.tracing.TraceAllMethod.invoke(TraceAllMethod.java:66)
	at com.sun.proxy.$Proxy37.openKey(Unknown Source)
	at org.apache.hadoop.ozone.client.rpc.RpcClient.createKey(RpcClient.java:633)
	at org.apache.hadoop.ozone.client.OzoneBucket.createKey(OzoneBucket.java:325)
	at org.apache.hadoop.ozone.freon.RandomKeyGenerator.createKey(RandomKeyGenerator.java:697)
	at org.apache.hadoop.ozone.freon.RandomKeyGenerator.access$1100(RandomKeyGenerator.java:88)
	at org.apache.hadoop.ozone.freon.RandomKeyGenerator$ObjectCreator.run(RandomKeyGenerator.java:615)
	at java.util.concurrent.Executors$RunnableAdapter.call(Executors.java:511)
	at java.util.concurrent.FutureTask.run(FutureTask.java:266)
	at java.util.concurrent.ThreadPoolExecutor.runWorker(ThreadPoolExecutor.java:1149)
	at java.util.concurrent.ThreadPoolExecutor$Worker.run(ThreadPoolExecutor.java:624)
	at java.lang.Thread.run(Thread.java:748)
 0.00% |?                                                                                                    |  0/1 Time: 0:00:01 0.00% |?                                                                                                    |  0/1 Time: 0:00:02 0.00% |?                                                                                                    |  0/1 Time: 0:00:03 0.00% |?                                                                                                    |  0/1 Time: 0:00:04 100.00% |?????????????????????????????????????????????????????????????????????????????????????????????????????|  1/1 Time: 0:00:05
2019-11-15 07:11:34,937 [Thread-499] INFO  impl.FollowerState (FollowerState.java:run(111)) - a0d94a7e-dbf1-488b-af78-b2c5ada598db@group-A9A1358A18C4-FollowerState: change to CANDIDATE, lastRpcTime:5109ms, electionTimeout:5109ms
2019-11-15 07:11:34,938 [Thread-499] INFO  impl.RoleInfo (RoleInfo.java:shutdownFollowerState(121)) - a0d94a7e-dbf1-488b-af78-b2c5ada598db: shutdown FollowerState
2019-11-15 07:11:34,938 [Thread-499] INFO  impl.RaftServerImpl (RaftServerImpl.java:setRole(173)) - a0d94a7e-dbf1-488b-af78-b2c5ada598db@group-A9A1358A18C4: changes role from  FOLLOWER to CANDIDATE at term 0 for changeToCandidate
2019-11-15 07:11:34,938 [Thread-499] INFO  impl.RoleInfo (RoleInfo.java:updateAndGet(143)) - a0d94a7e-dbf1-488b-af78-b2c5ada598db: start LeaderElection
2019-11-15 07:11:34,965 [Thread-503] INFO  impl.FollowerState (FollowerState.java:run(111)) - 2a42fb6f-b869-4110-a96a-9a2b8429a9bf@group-A9A1358A18C4-FollowerState: change to CANDIDATE, lastRpcTime:5134ms, electionTimeout:5134ms
2019-11-15 07:11:34,965 [Thread-503] INFO  impl.RoleInfo (RoleInfo.java:shutdownFollowerState(121)) - 2a42fb6f-b869-4110-a96a-9a2b8429a9bf: shutdown FollowerState
2019-11-15 07:11:34,965 [Thread-503] INFO  impl.RaftServerImpl (RaftServerImpl.java:setRole(173)) - 2a42fb6f-b869-4110-a96a-9a2b8429a9bf@group-A9A1358A18C4: changes role from  FOLLOWER to CANDIDATE at term 0 for changeToCandidate
2019-11-15 07:11:34,966 [Thread-503] INFO  impl.RoleInfo (RoleInfo.java:updateAndGet(143)) - 2a42fb6f-b869-4110-a96a-9a2b8429a9bf: start LeaderElection
2019-11-15 07:11:34,968 [a0d94a7e-dbf1-488b-af78-b2c5ada598db@group-A9A1358A18C4-LeaderElection8] INFO  impl.LeaderElection (LeaderElection.java:askForVotes(178)) - a0d94a7e-dbf1-488b-af78-b2c5ada598db@group-A9A1358A18C4-LeaderElection8: begin an election at term 1 for -1: [2a42fb6f-b869-4110-a96a-9a2b8429a9bf:192.168.69.126:33040, a0d94a7e-dbf1-488b-af78-b2c5ada598db:192.168.69.126:46707, 2d4d3ea5-9e05-49b1-81c4-17e643da7a24:192.168.69.126:45299], old=null
2019-11-15 07:11:34,978 [grpc-default-executor-0] INFO  impl.RaftServerImpl (RaftServerImpl.java:setRole(173)) - 2d4d3ea5-9e05-49b1-81c4-17e643da7a24@group-A9A1358A18C4: changes role from  FOLLOWER to FOLLOWER at term 1 for recognizeCandidate:a0d94a7e-dbf1-488b-af78-b2c5ada598db
2019-11-15 07:11:34,978 [grpc-default-executor-0] INFO  impl.RoleInfo (RoleInfo.java:shutdownFollowerState(121)) - 2d4d3ea5-9e05-49b1-81c4-17e643da7a24: shutdown FollowerState
2019-11-15 07:11:34,978 [Thread-504] INFO  impl.FollowerState (FollowerState.java:run(120)) - 2d4d3ea5-9e05-49b1-81c4-17e643da7a24@group-A9A1358A18C4-FollowerState was interrupted: java.lang.InterruptedException: sleep interrupted
2019-11-15 07:11:34,978 [grpc-default-executor-0] INFO  impl.RoleInfo (RoleInfo.java:updateAndGet(143)) - 2d4d3ea5-9e05-49b1-81c4-17e643da7a24: start FollowerState
2019-11-15 07:11:34,988 [2a42fb6f-b869-4110-a96a-9a2b8429a9bf@group-A9A1358A18C4-LeaderElection9] INFO  impl.LeaderElection (LeaderElection.java:askForVotes(178)) - 2a42fb6f-b869-4110-a96a-9a2b8429a9bf@group-A9A1358A18C4-LeaderElection9: begin an election at term 1 for -1: [2a42fb6f-b869-4110-a96a-9a2b8429a9bf:192.168.69.126:33040, a0d94a7e-dbf1-488b-af78-b2c5ada598db:192.168.69.126:46707, 2d4d3ea5-9e05-49b1-81c4-17e643da7a24:192.168.69.126:45299], old=null
2019-11-15 07:11:35,013 [2a42fb6f-b869-4110-a96a-9a2b8429a9bf@group-A9A1358A18C4-LeaderElection9] INFO  impl.LeaderElection (LeaderElection.java:logAndReturn(56)) - 2a42fb6f-b869-4110-a96a-9a2b8429a9bf@group-A9A1358A18C4-LeaderElection9: Election REJECTED; received 2 response(s) [2a42fb6f-b869-4110-a96a-9a2b8429a9bf<-a0d94a7e-dbf1-488b-af78-b2c5ada598db#0:FAIL-t1, 2a42fb6f-b869-4110-a96a-9a2b8429a9bf<-2d4d3ea5-9e05-49b1-81c4-17e643da7a24#0:FAIL-t1] and 0 exception(s); 2a42fb6f-b869-4110-a96a-9a2b8429a9bf@group-A9A1358A18C4:t1, leader=null, voted=2a42fb6f-b869-4110-a96a-9a2b8429a9bf, raftlog=2a42fb6f-b869-4110-a96a-9a2b8429a9bf@group-A9A1358A18C4-SegmentedRaftLog:OPENED:c-1,f-1,i0, conf=-1: [2a42fb6f-b869-4110-a96a-9a2b8429a9bf:192.168.69.126:33040, a0d94a7e-dbf1-488b-af78-b2c5ada598db:192.168.69.126:46707, 2d4d3ea5-9e05-49b1-81c4-17e643da7a24:192.168.69.126:45299], old=null
2019-11-15 07:11:35,013 [a0d94a7e-dbf1-488b-af78-b2c5ada598db@group-A9A1358A18C4-LeaderElection8] INFO  impl.LeaderElection (LeaderElection.java:logAndReturn(56)) - a0d94a7e-dbf1-488b-af78-b2c5ada598db@group-A9A1358A18C4-LeaderElection8: Election PASSED; received 2 response(s) [a0d94a7e-dbf1-488b-af78-b2c5ada598db<-2a42fb6f-b869-4110-a96a-9a2b8429a9bf#0:FAIL-t1, a0d94a7e-dbf1-488b-af78-b2c5ada598db<-2d4d3ea5-9e05-49b1-81c4-17e643da7a24#0:OK-t1] and 0 exception(s); a0d94a7e-dbf1-488b-af78-b2c5ada598db@group-A9A1358A18C4:t1, leader=null, voted=a0d94a7e-dbf1-488b-af78-b2c5ada598db, raftlog=a0d94a7e-dbf1-488b-af78-b2c5ada598db@group-A9A1358A18C4-SegmentedRaftLog:OPENED:c-1,f-1,i0, conf=-1: [2a42fb6f-b869-4110-a96a-9a2b8429a9bf:192.168.69.126:33040, a0d94a7e-dbf1-488b-af78-b2c5ada598db:192.168.69.126:46707, 2d4d3ea5-9e05-49b1-81c4-17e643da7a24:192.168.69.126:45299], old=null
2019-11-15 07:11:35,014 [2a42fb6f-b869-4110-a96a-9a2b8429a9bf@group-A9A1358A18C4-LeaderElection9] INFO  impl.RaftServerImpl (RaftServerImpl.java:setRole(173)) - 2a42fb6f-b869-4110-a96a-9a2b8429a9bf@group-A9A1358A18C4: changes role from CANDIDATE to FOLLOWER at term 1 for DISCOVERED_A_NEW_TERM
2019-11-15 07:11:35,017 [2a42fb6f-b869-4110-a96a-9a2b8429a9bf@group-A9A1358A18C4-LeaderElection9] INFO  impl.RoleInfo (RoleInfo.java:shutdownLeaderElection(134)) - 2a42fb6f-b869-4110-a96a-9a2b8429a9bf: shutdown LeaderElection
2019-11-15 07:11:35,017 [a0d94a7e-dbf1-488b-af78-b2c5ada598db@group-A9A1358A18C4-LeaderElection8] INFO  impl.RoleInfo (RoleInfo.java:shutdownLeaderElection(134)) - a0d94a7e-dbf1-488b-af78-b2c5ada598db: shutdown LeaderElection
2019-11-15 07:11:35,019 [2a42fb6f-b869-4110-a96a-9a2b8429a9bf@group-A9A1358A18C4-LeaderElection9] INFO  impl.RoleInfo (RoleInfo.java:updateAndGet(143)) - 2a42fb6f-b869-4110-a96a-9a2b8429a9bf: start FollowerState
2019-11-15 07:11:35,019 [a0d94a7e-dbf1-488b-af78-b2c5ada598db@group-A9A1358A18C4-LeaderElection8] INFO  impl.RaftServerImpl (RaftServerImpl.java:setRole(173)) - a0d94a7e-dbf1-488b-af78-b2c5ada598db@group-A9A1358A18C4: changes role from CANDIDATE to LEADER at term 1 for changeToLeader
2019-11-15 07:11:35,020 [a0d94a7e-dbf1-488b-af78-b2c5ada598db@group-A9A1358A18C4-LeaderElection8] INFO  ratis.XceiverServerRatis (XceiverServerRatis.java:handleLeaderChangedNotification(697)) - Leader change notification received for group: group-A9A1358A18C4 with new leaderId: a0d94a7e-dbf1-488b-af78-b2c5ada598db
2019-11-15 07:11:35,020 [a0d94a7e-dbf1-488b-af78-b2c5ada598db@group-A9A1358A18C4-LeaderElection8] INFO  impl.RaftServerImpl (ServerState.java:setLeader(255)) - a0d94a7e-dbf1-488b-af78-b2c5ada598db@group-A9A1358A18C4: change Leader from null to a0d94a7e-dbf1-488b-af78-b2c5ada598db at term 1 for becomeLeader, leader elected after 5200ms
2019-11-15 07:11:35,020 [a0d94a7e-dbf1-488b-af78-b2c5ada598db@group-A9A1358A18C4-LeaderElection8] INFO  server.RaftServerConfigKeys (ConfUtils.java:logGet(43)) - raft.server.staging.catchup.gap = 1000 (default)
2019-11-15 07:11:35,020 [a0d94a7e-dbf1-488b-af78-b2c5ada598db@group-A9A1358A18C4-LeaderElection8] INFO  server.RaftServerConfigKeys (ConfUtils.java:logGet(43)) - raft.server.rpc.sleep.time = 25ms (default)
2019-11-15 07:11:35,021 [a0d94a7e-dbf1-488b-af78-b2c5ada598db@group-A9A1358A18C4-LeaderElection8] INFO  server.RaftServerConfigKeys (ConfUtils.java:logGet(43)) - raft.server.write.element-limit = 4096 (default)
2019-11-15 07:11:35,021 [a0d94a7e-dbf1-488b-af78-b2c5ada598db@group-A9A1358A18C4-LeaderElection8] INFO  server.RaftServerConfigKeys (ConfUtils.java:logGet(43)) - raft.server.watch.timeout = 10s (default)
2019-11-15 07:11:35,021 [a0d94a7e-dbf1-488b-af78-b2c5ada598db@group-A9A1358A18C4-LeaderElection8] INFO  server.RaftServerConfigKeys (ConfUtils.java:logGet(43)) - raft.server.watch.timeout.denomination = 1s (default)
2019-11-15 07:11:35,021 [a0d94a7e-dbf1-488b-af78-b2c5ada598db@group-A9A1358A18C4-LeaderElection8] INFO  server.RaftServerConfigKeys (ConfUtils.java:logGet(43)) - raft.server.watch.element-limit = 65536 (default)
2019-11-15 07:11:35,022 [a0d94a7e-dbf1-488b-af78-b2c5ada598db@group-A9A1358A18C4-LeaderElection8] INFO  server.RaftServerConfigKeys (ConfUtils.java:logGet(43)) - raft.server.log.appender.snapshot.chunk.size.max = 16MB (=16777216) (default)
2019-11-15 07:11:35,022 [a0d94a7e-dbf1-488b-af78-b2c5ada598db@group-A9A1358A18C4-LeaderElection8] INFO  server.RaftServerConfigKeys (ConfUtils.java:logGet(43)) - raft.server.log.appender.buffer.byte-limit = 33554432 (custom)
2019-11-15 07:11:35,022 [a0d94a7e-dbf1-488b-af78-b2c5ada598db@group-A9A1358A18C4-LeaderElection8] INFO  server.RaftServerConfigKeys (ConfUtils.java:logGet(43)) - raft.server.log.appender.buffer.element-limit = 1 (custom)
2019-11-15 07:11:35,022 [EventQueue-PipelineReportForPipelineReportHandler] INFO  pipeline.PipelineStateManager (PipelineStateManager.java:openPipeline(134)) - Pipeline Pipeline[ Id: 4039c6be-dcd1-49ec-9a15-a9a1358a18c4, Nodes: 2d4d3ea5-9e05-49b1-81c4-17e643da7a24{ip: 192.168.69.126, host: pr-hdds-2498-z4wj9-521903842, networkLocation: /default-rack, certSerialId: null}2a42fb6f-b869-4110-a96a-9a2b8429a9bf{ip: 192.168.69.126, host: pr-hdds-2498-z4wj9-521903842, networkLocation: /default-rack, certSerialId: null}a0d94a7e-dbf1-488b-af78-b2c5ada598db{ip: 192.168.69.126, host: pr-hdds-2498-z4wj9-521903842, networkLocation: /default-rack, certSerialId: null}, Type:RATIS, Factor:THREE, State:OPEN] moved to OPEN state
2019-11-15 07:11:35,022 [a0d94a7e-dbf1-488b-af78-b2c5ada598db@group-A9A1358A18C4-LeaderElection8] INFO  grpc.GrpcConfigKeys$Server (ConfUtils.java:logGet(43)) - raft.grpc.server.leader.outstanding.appends.max = 128 (default)
2019-11-15 07:11:35,024 [a0d94a7e-dbf1-488b-af78-b2c5ada598db@group-A9A1358A18C4-LeaderElection8] INFO  server.RaftServerConfigKeys (ConfUtils.java:logGet(43)) - raft.server.rpc.request.timeout = 3000ms (default)
2019-11-15 07:11:35,024 [a0d94a7e-dbf1-488b-af78-b2c5ada598db@group-A9A1358A18C4-LeaderElection8] INFO  server.RaftServerConfigKeys (ConfUtils.java:logGet(43)) - raft.server.log.appender.install.snapshot.enabled = false (custom)
2019-11-15 07:11:35,024 [a0d94a7e-dbf1-488b-af78-b2c5ada598db@group-A9A1358A18C4-LeaderElection8] WARN  impl.MetricRegistriesImpl (MetricRegistriesImpl.java:lambda$create$1(61)) - First MetricRegistry has been created without registering reporters. You may need to call MetricRegistries.global().addReportRegistration(...) before.
2019-11-15 07:11:35,024 [a0d94a7e-dbf1-488b-af78-b2c5ada598db@group-A9A1358A18C4-LeaderElection8] INFO  server.RaftServerConfigKeys (ConfUtils.java:logGet(43)) - raft.server.log.appender.snapshot.chunk.size.max = 16MB (=16777216) (default)
2019-11-15 07:11:35,024 [a0d94a7e-dbf1-488b-af78-b2c5ada598db@group-A9A1358A18C4-LeaderElection8] INFO  server.RaftServerConfigKeys (ConfUtils.java:logGet(43)) - raft.server.log.appender.buffer.byte-limit = 33554432 (custom)
2019-11-15 07:11:35,025 [a0d94a7e-dbf1-488b-af78-b2c5ada598db@group-A9A1358A18C4-LeaderElection8] INFO  server.RaftServerConfigKeys (ConfUtils.java:logGet(43)) - raft.server.log.appender.buffer.element-limit = 1 (custom)
2019-11-15 07:11:35,025 [a0d94a7e-dbf1-488b-af78-b2c5ada598db@group-A9A1358A18C4-LeaderElection8] INFO  grpc.GrpcConfigKeys$Server (ConfUtils.java:logGet(43)) - raft.grpc.server.leader.outstanding.appends.max = 128 (default)
2019-11-15 07:11:35,025 [a0d94a7e-dbf1-488b-af78-b2c5ada598db@group-A9A1358A18C4-LeaderElection8] INFO  server.RaftServerConfigKeys (ConfUtils.java:logGet(43)) - raft.server.rpc.request.timeout = 3000ms (default)
2019-11-15 07:11:35,025 [a0d94a7e-dbf1-488b-af78-b2c5ada598db@group-A9A1358A18C4-LeaderElection8] INFO  server.RaftServerConfigKeys (ConfUtils.java:logGet(43)) - raft.server.log.appender.install.snapshot.enabled = false (custom)
2019-11-15 07:11:35,026 [a0d94a7e-dbf1-488b-af78-b2c5ada598db@group-A9A1358A18C4-LeaderElection8] INFO  impl.RoleInfo (RoleInfo.java:updateAndGet(143)) - a0d94a7e-dbf1-488b-af78-b2c5ada598db: start LeaderState
2019-11-15 07:11:35,026 [a0d94a7e-dbf1-488b-af78-b2c5ada598db@group-A9A1358A18C4-LeaderElection8] INFO  segmented.SegmentedRaftLogWorker (SegmentedRaftLogWorker.java:startLogSegment(385)) - a0d94a7e-dbf1-488b-af78-b2c5ada598db@group-A9A1358A18C4-SegmentedRaftLogWorker: Starting segment from index:0
2019-11-15 07:11:35,027 [a0d94a7e-dbf1-488b-af78-b2c5ada598db@group-A9A1358A18C4-LeaderElection8] INFO  impl.RaftServerImpl (ServerState.java:setRaftConf(356)) - a0d94a7e-dbf1-488b-af78-b2c5ada598db@group-A9A1358A18C4: set configuration 0: [2a42fb6f-b869-4110-a96a-9a2b8429a9bf:192.168.69.126:33040, a0d94a7e-dbf1-488b-af78-b2c5ada598db:192.168.69.126:46707, 2d4d3ea5-9e05-49b1-81c4-17e643da7a24:192.168.69.126:45299], old=null at 0
2019-11-15 07:11:35,061 [grpc-default-executor-2] INFO  ratis.XceiverServerRatis (XceiverServerRatis.java:handleLeaderChangedNotification(697)) - Leader change notification received for group: group-A9A1358A18C4 with new leaderId: a0d94a7e-dbf1-488b-af78-b2c5ada598db
2019-11-15 07:11:35,061 [grpc-default-executor-0] INFO  ratis.XceiverServerRatis (XceiverServerRatis.java:handleLeaderChangedNotification(697)) - Leader change notification received for group: group-A9A1358A18C4 with new leaderId: a0d94a7e-dbf1-488b-af78-b2c5ada598db
2019-11-15 07:11:35,062 [grpc-default-executor-2] INFO  impl.RaftServerImpl (ServerState.java:setLeader(255)) - 2d4d3ea5-9e05-49b1-81c4-17e643da7a24@group-A9A1358A18C4: change Leader from null to a0d94a7e-dbf1-488b-af78-b2c5ada598db at term 1 for appendEntries, leader elected after 5241ms
2019-11-15 07:11:35,062 [grpc-default-executor-0] INFO  impl.RaftServerImpl (ServerState.java:setLeader(255)) - 2a42fb6f-b869-4110-a96a-9a2b8429a9bf@group-A9A1358A18C4: change Leader from null to a0d94a7e-dbf1-488b-af78-b2c5ada598db at term 1 for appendEntries, leader elected after 5241ms
2019-11-15 07:11:35,065 [grpc-default-executor-2] INFO  impl.RaftServerImpl (ServerState.java:setRaftConf(356)) - 2a42fb6f-b869-4110-a96a-9a2b8429a9bf@group-A9A1358A18C4: set configuration 0: [2a42fb6f-b869-4110-a96a-9a2b8429a9bf:192.168.69.126:33040, a0d94a7e-dbf1-488b-af78-b2c5ada598db:192.168.69.126:46707, 2d4d3ea5-9e05-49b1-81c4-17e643da7a24:192.168.69.126:45299], old=null at 0
2019-11-15 07:11:35,065 [grpc-default-executor-0] INFO  impl.RaftServerImpl (ServerState.java:setRaftConf(356)) - 2d4d3ea5-9e05-49b1-81c4-17e643da7a24@group-A9A1358A18C4: set configuration 0: [2a42fb6f-b869-4110-a96a-9a2b8429a9bf:192.168.69.126:33040, a0d94a7e-dbf1-488b-af78-b2c5ada598db:192.168.69.126:46707, 2d4d3ea5-9e05-49b1-81c4-17e643da7a24:192.168.69.126:45299], old=null at 0
2019-11-15 07:11:35,065 [grpc-default-executor-2] INFO  segmented.SegmentedRaftLogWorker (SegmentedRaftLogWorker.java:startLogSegment(385)) - 2a42fb6f-b869-4110-a96a-9a2b8429a9bf@group-A9A1358A18C4-SegmentedRaftLogWorker: Starting segment from index:0
2019-11-15 07:11:35,065 [grpc-default-executor-0] INFO  segmented.SegmentedRaftLogWorker (SegmentedRaftLogWorker.java:startLogSegment(385)) - 2d4d3ea5-9e05-49b1-81c4-17e643da7a24@group-A9A1358A18C4-SegmentedRaftLogWorker: Starting segment from index:0
2019-11-15 07:11:35,082 [a0d94a7e-dbf1-488b-af78-b2c5ada598db@group-A9A1358A18C4-SegmentedRaftLogWorker] INFO  segmented.SegmentedRaftLogWorker (SegmentedRaftLogWorker.java:execute(576)) - a0d94a7e-dbf1-488b-af78-b2c5ada598db@group-A9A1358A18C4-SegmentedRaftLogWorker: created new log segment /workdir/hadoop-ozone/tools/target/test-dir/MiniOzoneClusterImpl-51b9b0f2-17ac-4b5b-be5d-f7608296e48f/datanode-0/data/ratis/4039c6be-dcd1-49ec-9a15-a9a1358a18c4/current/log_inprogress_0
2019-11-15 07:11:35,118 [2a42fb6f-b869-4110-a96a-9a2b8429a9bf@group-A9A1358A18C4-SegmentedRaftLogWorker] INFO  segmented.SegmentedRaftLogWorker (SegmentedRaftLogWorker.java:execute(576)) - 2a42fb6f-b869-4110-a96a-9a2b8429a9bf@group-A9A1358A18C4-SegmentedRaftLogWorker: created new log segment /workdir/hadoop-ozone/tools/target/test-dir/MiniOzoneClusterImpl-51b9b0f2-17ac-4b5b-be5d-f7608296e48f/datanode-2/data/ratis/4039c6be-dcd1-49ec-9a15-a9a1358a18c4/current/log_inprogress_0
2019-11-15 07:11:35,118 [2d4d3ea5-9e05-49b1-81c4-17e643da7a24@group-A9A1358A18C4-SegmentedRaftLogWorker] INFO  segmented.SegmentedRaftLogWorker (SegmentedRaftLogWorker.java:execute(576)) - 2d4d3ea5-9e05-49b1-81c4-17e643da7a24@group-A9A1358A18C4-SegmentedRaftLogWorker: created new log segment /workdir/hadoop-ozone/tools/target/test-dir/MiniOzoneClusterImpl-51b9b0f2-17ac-4b5b-be5d-f7608296e48f/datanode-1/data/ratis/4039c6be-dcd1-49ec-9a15-a9a1358a18c4/current/log_inprogress_0
]]></system-out>
    <system-err><![CDATA[ERROR StatusLogger No Log4j 2 configuration file found. Using default configuration (logging only errors to the console), or user programmatically provided configurations. Set system property 'log4j2.debug' to show Log4j 2 internal initialization logging. See https://logging.apache.org/log4j/2.x/manual/configuration.html for instructions on how to configure Log4j 2
]]></system-err>
  </testcase>
</testsuite>