<?xml version="1.0" encoding="UTF-8"?>
<testsuite xmlns:xsi="http://www.w3.org/2001/XMLSchema-instance" xsi:noNamespaceSchemaLocation="https://maven.apache.org/surefire/maven-surefire-plugin/xsd/surefire-test-report.xsd" name="org.apache.hadoop.ozone.freon.TestFreonWithPipelineDestroy" time="53.103" tests="1" errors="1" skipped="0" failures="0">
  <properties>
    <property name="awt.toolkit" value="sun.awt.X11.XToolkit"/>
    <property name="file.encoding.pkg" value="sun.io"/>
    <property name="java.specification.version" value="1.8"/>
    <property name="sun.cpu.isalist" value=""/>
    <property name="sun.jnu.encoding" value="ANSI_X3.4-1968"/>
    <property name="java.class.path" value="/workdir/hadoop-ozone/tools/target/test-classes:/workdir/hadoop-ozone/tools/target/classes:/home/user/.m2/repository/org/apache/hadoop/hadoop-ozone-ozone-manager/0.5.0-SNAPSHOT/hadoop-ozone-ozone-manager-0.5.0-SNAPSHOT.jar:/home/user/.m2/repository/org/apache/hadoop/hadoop-hdds-docs/0.5.0-SNAPSHOT/hadoop-hdds-docs-0.5.0-SNAPSHOT.jar:/home/user/.m2/repository/org/bouncycastle/bcprov-jdk15on/1.60/bcprov-jdk15on-1.60.jar:/home/user/.m2/repository/org/apache/hadoop/hadoop-ozone-common/0.5.0-SNAPSHOT/hadoop-ozone-common-0.5.0-SNAPSHOT.jar:/home/user/.m2/repository/org/apache/commons/commons-compress/1.4.1/commons-compress-1.4.1.jar:/home/user/.m2/repository/org/tukaani/xz/1.0/xz-1.0.jar:/home/user/.m2/repository/org/apache/hadoop/hadoop-hdfs-client/3.2.0/hadoop-hdfs-client-3.2.0.jar:/home/user/.m2/repository/com/fasterxml/jackson/core/jackson-annotations/2.9.9/jackson-annotations-2.9.9.jar:/home/user/.m2/repository/org/apache/hadoop/hadoop-hdds-common/0.5.0-SNAPSHOT/hadoop-hdds-common-0.5.0-SNAPSHOT.jar:/home/user/.m2/repository/org/apache/hadoop/hadoop-hdds-config/0.5.0-SNAPSHOT/hadoop-hdds-config-0.5.0-SNAPSHOT.jar:/home/user/.m2/repository/javax/annotation/javax.annotation-api/1.2/javax.annotation-api-1.2.jar:/home/user/.m2/repository/org/apache/ratis/ratis-server/0.5.0-d6d58d0-SNAPSHOT/ratis-server-0.5.0-d6d58d0-SNAPSHOT.jar:/home/user/.m2/repository/org/apache/ratis/ratis-thirdparty-misc/0.2.0/ratis-thirdparty-misc-0.2.0.jar:/home/user/.m2/repository/org/apache/ratis/ratis-proto/0.5.0-d6d58d0-SNAPSHOT/ratis-proto-0.5.0-d6d58d0-SNAPSHOT.jar:/home/user/.m2/repository/org/apache/ratis/ratis-common/0.5.0-d6d58d0-SNAPSHOT/ratis-common-0.5.0-d6d58d0-SNAPSHOT.jar:/home/user/.m2/repository/org/apache/ratis/ratis-client/0.5.0-d6d58d0-SNAPSHOT/ratis-client-0.5.0-d6d58d0-SNAPSHOT.jar:/home/user/.m2/repository/org/apache/ratis/ratis-metrics/0.5.0-d6d58d0-SNAPSHOT/ratis-metrics-0.5.0-d6d58d0-SNAPSHOT.jar:/home/user/.m2/repository/org/apache/ratis/ratis-netty/0.5.0-d6d58d0-SNAPSHOT/ratis-netty-0.5.0-d6d58d0-SNAPSHOT.jar:/home/user/.m2/repository/org/apache/ratis/ratis-grpc/0.5.0-d6d58d0-SNAPSHOT/ratis-grpc-0.5.0-d6d58d0-SNAPSHOT.jar:/home/user/.m2/repository/org/rocksdb/rocksdbjni/6.0.1/rocksdbjni-6.0.1.jar:/home/user/.m2/repository/org/apache/logging/log4j/log4j-api/2.11.0/log4j-api-2.11.0.jar:/home/user/.m2/repository/org/apache/logging/log4j/log4j-core/2.11.0/log4j-core-2.11.0.jar:/home/user/.m2/repository/com/lmax/disruptor/3.4.2/disruptor-3.4.2.jar:/home/user/.m2/repository/org/apache/commons/commons-pool2/2.6.0/commons-pool2-2.6.0.jar:/home/user/.m2/repository/org/bouncycastle/bcpkix-jdk15on/1.60/bcpkix-jdk15on-1.60.jar:/home/user/.m2/repository/commons-validator/commons-validator/1.6/commons-validator-1.6.jar:/home/user/.m2/repository/commons-digester/commons-digester/1.8.1/commons-digester-1.8.1.jar:/home/user/.m2/repository/io/jaegertracing/jaeger-client/0.34.0/jaeger-client-0.34.0.jar:/home/user/.m2/repository/io/jaegertracing/jaeger-thrift/0.34.0/jaeger-thrift-0.34.0.jar:/home/user/.m2/repository/org/apache/thrift/libthrift/0.12.0/libthrift-0.12.0.jar:/home/user/.m2/repository/com/squareup/okhttp3/okhttp/3.9.0/okhttp-3.9.0.jar:/home/user/.m2/repository/com/squareup/okio/okio/1.13.0/okio-1.13.0.jar:/home/user/.m2/repository/io/jaegertracing/jaeger-core/0.34.0/jaeger-core-0.34.0.jar:/home/user/.m2/repository/io/jaegertracing/jaeger-tracerresolver/0.34.0/jaeger-tracerresolver-0.34.0.jar:/home/user/.m2/repository/io/opentracing/contrib/opentracing-tracerresolver/0.1.5/opentracing-tracerresolver-0.1.5.jar:/home/user/.m2/repository/io/opentracing/opentracing-util/0.31.0/opentracing-util-0.31.0.jar:/home/user/.m2/repository/io/opentracing/opentracing-api/0.31.0/opentracing-api-0.31.0.jar:/home/user/.m2/repository/io/opentracing/opentracing-noop/0.31.0/opentracing-noop-0.31.0.jar:/home/user/.m2/repository/org/yaml/snakeyaml/1.16/snakeyaml-1.16.jar:/home/user/.m2/repository/org/apache/hadoop/hadoop-hdds-container-service/0.5.0-SNAPSHOT/hadoop-hdds-container-service-0.5.0-SNAPSHOT.jar:/home/user/.m2/repository/org/apache/hadoop/hadoop-hdds-client/0.5.0-SNAPSHOT/hadoop-hdds-client-0.5.0-SNAPSHOT.jar:/home/user/.m2/repository/org/apache/hadoop/hadoop-hdds-tools/0.5.0-SNAPSHOT/hadoop-hdds-tools-0.5.0-SNAPSHOT.jar:/home/user/.m2/repository/org/xerial/sqlite-jdbc/3.25.2/sqlite-jdbc-3.25.2.jar:/home/user/.m2/repository/org/apache/hadoop/hadoop-hdds-server-scm/0.5.0-SNAPSHOT/hadoop-hdds-server-scm-0.5.0-SNAPSHOT.jar:/home/user/.m2/repository/org/hamcrest/hamcrest-all/1.3/hamcrest-all-1.3.jar:/home/user/.m2/repository/info/picocli/picocli/3.9.6/picocli-3.9.6.jar:/home/user/.m2/repository/com/google/protobuf/protobuf-java/2.5.0/protobuf-java-2.5.0.jar:/home/user/.m2/repository/com/google/guava/guava/11.0.2/guava-11.0.2.jar:/home/user/.m2/repository/org/apache/hadoop/hadoop-ozone-client/0.5.0-SNAPSHOT/hadoop-ozone-client-0.5.0-SNAPSHOT.jar:/workdir/hadoop-ozone/ozonefs/target/classes:/home/user/.m2/repository/org/apache/httpcomponents/httpclient/4.5.2/httpclient-4.5.2.jar:/home/user/.m2/repository/org/apache/httpcomponents/httpcore/4.4.4/httpcore-4.4.4.jar:/home/user/.m2/repository/org/apache/hadoop/hadoop-hdds-server-framework/0.5.0-SNAPSHOT/hadoop-hdds-server-framework-0.5.0-SNAPSHOT.jar:/home/user/.m2/repository/org/apache/hadoop/hadoop-common/3.2.0/hadoop-common-3.2.0.jar:/home/user/.m2/repository/org/apache/hadoop/hadoop-annotations/3.2.0/hadoop-annotations-3.2.0.jar:/usr/lib/jvm/java-1.8.0-openjdk-1.8.0.222.b10-1.el7_7.x86_64/jre/../lib/tools.jar:/home/user/.m2/repository/commons-cli/commons-cli/1.2/commons-cli-1.2.jar:/home/user/.m2/repository/org/apache/commons/commons-math3/3.1.1/commons-math3-3.1.1.jar:/home/user/.m2/repository/commons-codec/commons-codec/1.11/commons-codec-1.11.jar:/home/user/.m2/repository/commons-io/commons-io/2.5/commons-io-2.5.jar:/home/user/.m2/repository/commons-net/commons-net/3.6/commons-net-3.6.jar:/home/user/.m2/repository/commons-collections/commons-collections/3.2.2/commons-collections-3.2.2.jar:/home/user/.m2/repository/javax/servlet/javax.servlet-api/3.1.0/javax.servlet-api-3.1.0.jar:/home/user/.m2/repository/org/eclipse/jetty/jetty-server/9.3.25.v20180904/jetty-server-9.3.25.v20180904.jar:/home/user/.m2/repository/org/eclipse/jetty/jetty-http/9.3.25.v20180904/jetty-http-9.3.25.v20180904.jar:/home/user/.m2/repository/org/eclipse/jetty/jetty-io/9.3.25.v20180904/jetty-io-9.3.25.v20180904.jar:/home/user/.m2/repository/org/eclipse/jetty/jetty-util/9.3.25.v20180904/jetty-util-9.3.25.v20180904.jar:/home/user/.m2/repository/org/eclipse/jetty/jetty-servlet/9.3.25.v20180904/jetty-servlet-9.3.25.v20180904.jar:/home/user/.m2/repository/org/eclipse/jetty/jetty-security/9.3.25.v20180904/jetty-security-9.3.25.v20180904.jar:/home/user/.m2/repository/org/eclipse/jetty/jetty-webapp/9.3.25.v20180904/jetty-webapp-9.3.25.v20180904.jar:/home/user/.m2/repository/org/eclipse/jetty/jetty-xml/9.3.25.v20180904/jetty-xml-9.3.25.v20180904.jar:/home/user/.m2/repository/javax/servlet/jsp/jsp-api/2.1/jsp-api-2.1.jar:/home/user/.m2/repository/com/sun/jersey/jersey-core/1.19/jersey-core-1.19.jar:/home/user/.m2/repository/javax/ws/rs/jsr311-api/1.1.1/jsr311-api-1.1.1.jar:/home/user/.m2/repository/com/sun/jersey/jersey-servlet/1.19/jersey-servlet-1.19.jar:/home/user/.m2/repository/com/sun/jersey/jersey-json/1.19/jersey-json-1.19.jar:/home/user/.m2/repository/org/codehaus/jettison/jettison/1.1/jettison-1.1.jar:/home/user/.m2/repository/com/sun/xml/bind/jaxb-impl/2.3.0.1/jaxb-impl-2.3.0.1.jar:/home/user/.m2/repository/org/codehaus/jackson/jackson-core-asl/1.9.13/jackson-core-asl-1.9.13.jar:/home/user/.m2/repository/org/codehaus/jackson/jackson-mapper-asl/1.9.13/jackson-mapper-asl-1.9.13.jar:/home/user/.m2/repository/org/codehaus/jackson/jackson-jaxrs/1.9.13/jackson-jaxrs-1.9.13.jar:/home/user/.m2/repository/org/codehaus/jackson/jackson-xc/1.9.13/jackson-xc-1.9.13.jar:/home/user/.m2/repository/com/sun/jersey/jersey-server/1.19/jersey-server-1.19.jar:/home/user/.m2/repository/commons-logging/commons-logging/1.1.3/commons-logging-1.1.3.jar:/home/user/.m2/repository/log4j/log4j/1.2.17/log4j-1.2.17.jar:/home/user/.m2/repository/commons-beanutils/commons-beanutils/1.9.4/commons-beanutils-1.9.4.jar:/home/user/.m2/repository/org/apache/commons/commons-configuration2/2.1.1/commons-configuration2-2.1.1.jar:/home/user/.m2/repository/org/apache/commons/commons-lang3/3.7/commons-lang3-3.7.jar:/home/user/.m2/repository/org/apache/commons/commons-text/1.4/commons-text-1.4.jar:/home/user/.m2/repository/org/slf4j/slf4j-api/1.7.25/slf4j-api-1.7.25.jar:/home/user/.m2/repository/org/slf4j/slf4j-log4j12/1.7.25/slf4j-log4j12-1.7.25.jar:/home/user/.m2/repository/org/apache/avro/avro/1.7.7/avro-1.7.7.jar:/home/user/.m2/repository/com/thoughtworks/paranamer/paranamer/2.3/paranamer-2.3.jar:/home/user/.m2/repository/org/xerial/snappy/snappy-java/1.0.5/snappy-java-1.0.5.jar:/home/user/.m2/repository/com/google/re2j/re2j/1.1/re2j-1.1.jar:/home/user/.m2/repository/com/google/code/gson/gson/2.2.4/gson-2.2.4.jar:/home/user/.m2/repository/org/apache/hadoop/hadoop-auth/3.2.0/hadoop-auth-3.2.0.jar:/home/user/.m2/repository/com/nimbusds/nimbus-jose-jwt/4.41.1/nimbus-jose-jwt-4.41.1.jar:/home/user/.m2/repository/com/github/stephenc/jcip/jcip-annotations/1.0-1/jcip-annotations-1.0-1.jar:/home/user/.m2/repository/net/minidev/json-smart/2.3/json-smart-2.3.jar:/home/user/.m2/repository/net/minidev/accessors-smart/1.2/accessors-smart-1.2.jar:/home/user/.m2/repository/org/apache/curator/curator-framework/2.12.0/curator-framework-2.12.0.jar:/home/user/.m2/repository/com/jcraft/jsch/0.1.54/jsch-0.1.54.jar:/home/user/.m2/repository/org/apache/curator/curator-client/2.12.0/curator-client-2.12.0.jar:/home/user/.m2/repository/org/apache/curator/curator-recipes/2.12.0/curator-recipes-2.12.0.jar:/home/user/.m2/repository/com/google/code/findbugs/jsr305/3.0.0/jsr305-3.0.0.jar:/home/user/.m2/repository/org/apache/htrace/htrace-core4/4.1.0-incubating/htrace-core4-4.1.0-incubating.jar:/home/user/.m2/repository/org/apache/zookeeper/zookeeper/3.4.13/zookeeper-3.4.13.jar:/home/user/.m2/repository/jline/jline/0.9.94/jline-0.9.94.jar:/home/user/.m2/repository/org/apache/yetus/audience-annotations/0.5.0/audience-annotations-0.5.0.jar:/home/user/.m2/repository/org/apache/kerby/kerb-simplekdc/1.0.1/kerb-simplekdc-1.0.1.jar:/home/user/.m2/repository/org/apache/kerby/kerb-client/1.0.1/kerb-client-1.0.1.jar:/home/user/.m2/repository/org/apache/kerby/kerby-config/1.0.1/kerby-config-1.0.1.jar:/home/user/.m2/repository/org/apache/kerby/kerb-core/1.0.1/kerb-core-1.0.1.jar:/home/user/.m2/repository/org/apache/kerby/kerby-pkix/1.0.1/kerby-pkix-1.0.1.jar:/home/user/.m2/repository/org/apache/kerby/kerby-asn1/1.0.1/kerby-asn1-1.0.1.jar:/home/user/.m2/repository/org/apache/kerby/kerby-util/1.0.1/kerby-util-1.0.1.jar:/home/user/.m2/repository/org/apache/kerby/kerb-common/1.0.1/kerb-common-1.0.1.jar:/home/user/.m2/repository/org/apache/kerby/kerb-crypto/1.0.1/kerb-crypto-1.0.1.jar:/home/user/.m2/repository/org/apache/kerby/kerb-util/1.0.1/kerb-util-1.0.1.jar:/home/user/.m2/repository/org/apache/kerby/token-provider/1.0.1/token-provider-1.0.1.jar:/home/user/.m2/repository/org/apache/kerby/kerb-admin/1.0.1/kerb-admin-1.0.1.jar:/home/user/.m2/repository/org/apache/kerby/kerb-server/1.0.1/kerb-server-1.0.1.jar:/home/user/.m2/repository/org/apache/kerby/kerb-identity/1.0.1/kerb-identity-1.0.1.jar:/home/user/.m2/repository/org/apache/kerby/kerby-xdr/1.0.1/kerby-xdr-1.0.1.jar:/home/user/.m2/repository/com/fasterxml/jackson/core/jackson-databind/2.9.9/jackson-databind-2.9.9.jar:/home/user/.m2/repository/com/fasterxml/jackson/core/jackson-core/2.9.9/jackson-core-2.9.9.jar:/home/user/.m2/repository/org/codehaus/woodstox/stax2-api/3.1.4/stax2-api-3.1.4.jar:/home/user/.m2/repository/com/fasterxml/woodstox/woodstox-core/5.0.3/woodstox-core-5.0.3.jar:/home/user/.m2/repository/dnsjava/dnsjava/2.1.7/dnsjava-2.1.7.jar:/home/user/.m2/repository/org/apache/hadoop/hadoop-hdfs/3.2.0/hadoop-hdfs-3.2.0.jar:/home/user/.m2/repository/org/eclipse/jetty/jetty-util-ajax/9.3.25.v20180904/jetty-util-ajax-9.3.25.v20180904.jar:/home/user/.m2/repository/commons-daemon/commons-daemon/1.0.13/commons-daemon-1.0.13.jar:/home/user/.m2/repository/io/netty/netty/3.10.5.Final/netty-3.10.5.Final.jar:/home/user/.m2/repository/io/netty/netty-all/4.0.52.Final/netty-all-4.0.52.Final.jar:/home/user/.m2/repository/org/fusesource/leveldbjni/leveldbjni-all/1.8/leveldbjni-all-1.8.jar:/home/user/.m2/repository/com/sun/xml/bind/jaxb-core/2.3.0.1/jaxb-core-2.3.0.1.jar:/home/user/.m2/repository/javax/xml/bind/jaxb-api/2.3.0/jaxb-api-2.3.0.jar:/home/user/.m2/repository/javax/activation/activation/1.1.1/activation-1.1.1.jar:/home/user/.m2/repository/org/openjdk/jmh/jmh-core/1.19/jmh-core-1.19.jar:/home/user/.m2/repository/net/sf/jopt-simple/jopt-simple/4.6/jopt-simple-4.6.jar:/home/user/.m2/repository/org/openjdk/jmh/jmh-generator-annprocess/1.19/jmh-generator-annprocess-1.19.jar:/home/user/.m2/repository/io/dropwizard/metrics/metrics-core/3.2.4/metrics-core-3.2.4.jar:/home/user/.m2/repository/com/amazonaws/aws-java-sdk-s3/1.11.615/aws-java-sdk-s3-1.11.615.jar:/home/user/.m2/repository/com/amazonaws/aws-java-sdk-kms/1.11.615/aws-java-sdk-kms-1.11.615.jar:/home/user/.m2/repository/com/amazonaws/aws-java-sdk-core/1.11.615/aws-java-sdk-core-1.11.615.jar:/home/user/.m2/repository/software/amazon/ion/ion-java/1.0.2/ion-java-1.0.2.jar:/home/user/.m2/repository/com/fasterxml/jackson/dataformat/jackson-dataformat-cbor/2.9.9/jackson-dataformat-cbor-2.9.9.jar:/home/user/.m2/repository/joda-time/joda-time/2.9.9/joda-time-2.9.9.jar:/home/user/.m2/repository/com/amazonaws/jmespath-java/1.11.615/jmespath-java-1.11.615.jar:/home/user/.m2/repository/com/github/spotbugs/spotbugs/3.1.12/spotbugs-3.1.12.jar:/home/user/.m2/repository/org/ow2/asm/asm/5.0.4/asm-5.0.4.jar:/home/user/.m2/repository/org/ow2/asm/asm-analysis/7.0/asm-analysis-7.0.jar:/home/user/.m2/repository/org/ow2/asm/asm-commons/7.0/asm-commons-7.0.jar:/home/user/.m2/repository/org/ow2/asm/asm-tree/7.0/asm-tree-7.0.jar:/home/user/.m2/repository/org/ow2/asm/asm-util/7.0/asm-util-7.0.jar:/home/user/.m2/repository/org/apache/bcel/bcel/6.3/bcel-6.3.jar:/home/user/.m2/repository/net/jcip/jcip-annotations/1.0/jcip-annotations-1.0.jar:/home/user/.m2/repository/org/dom4j/dom4j/2.1.1/dom4j-2.1.1.jar:/home/user/.m2/repository/jaxen/jaxen/1.1.6/jaxen-1.1.6.jar:/home/user/.m2/repository/commons-lang/commons-lang/2.6/commons-lang-2.6.jar:/home/user/.m2/repository/com/github/spotbugs/spotbugs-annotations/3.1.12/spotbugs-annotations-3.1.12.jar:/home/user/.m2/repository/junit/junit/4.11/junit-4.11.jar:/home/user/.m2/repository/org/hamcrest/hamcrest-core/1.3/hamcrest-core-1.3.jar:/home/user/.m2/repository/org/apache/hadoop/hadoop-common/3.2.0/hadoop-common-3.2.0-tests.jar:/workdir/hadoop-ozone/integration-test/target/test-classes:/home/user/.m2/repository/org/apache/hadoop/hadoop-ozone-s3gateway/0.5.0-SNAPSHOT/hadoop-ozone-s3gateway-0.5.0-SNAPSHOT.jar:/home/user/.m2/repository/org/jboss/weld/servlet/weld-servlet/2.4.7.Final/weld-servlet-2.4.7.Final.jar:/home/user/.m2/repository/org/glassfish/jersey/containers/jersey-container-servlet-core/2.27/jersey-container-servlet-core-2.27.jar:/home/user/.m2/repository/org/glassfish/hk2/external/javax.inject/2.5.0-b42/javax.inject-2.5.0-b42.jar:/home/user/.m2/repository/org/glassfish/jersey/core/jersey-common/2.27/jersey-common-2.27.jar:/home/user/.m2/repository/org/glassfish/hk2/osgi-resource-locator/1.0.1/osgi-resource-locator-1.0.1.jar:/home/user/.m2/repository/javax/ws/rs/javax.ws.rs-api/2.1/javax.ws.rs-api-2.1.jar:/home/user/.m2/repository/org/glassfish/jersey/ext/cdi/jersey-cdi1x/2.27/jersey-cdi1x-2.27.jar:/home/user/.m2/repository/org/glassfish/jersey/inject/jersey-hk2/2.27/jersey-hk2-2.27.jar:/home/user/.m2/repository/org/glassfish/hk2/hk2-locator/2.5.0-b42/hk2-locator-2.5.0-b42.jar:/home/user/.m2/repository/org/javassist/javassist/3.22.0-CR2/javassist-3.22.0-CR2.jar:/home/user/.m2/repository/org/glassfish/hk2/hk2-api/2.5.0/hk2-api-2.5.0.jar:/home/user/.m2/repository/org/glassfish/hk2/external/jakarta.inject/2.5.0/jakarta.inject-2.5.0.jar:/home/user/.m2/repository/org/glassfish/hk2/hk2-utils/2.5.0/hk2-utils-2.5.0.jar:/home/user/.m2/repository/jakarta/annotation/jakarta.annotation-api/1.3.4/jakarta.annotation-api-1.3.4.jar:/home/user/.m2/repository/org/glassfish/hk2/external/aopalliance-repackaged/2.5.0/aopalliance-repackaged-2.5.0.jar:/home/user/.m2/repository/com/fasterxml/jackson/dataformat/jackson-dataformat-xml/2.9.0/jackson-dataformat-xml-2.9.0.jar:/home/user/.m2/repository/com/fasterxml/jackson/module/jackson-module-jaxb-annotations/2.9.9/jackson-module-jaxb-annotations-2.9.9.jar:/home/user/.m2/repository/javax/enterprise/cdi-api/1.2/cdi-api-1.2.jar:/home/user/.m2/repository/javax/el/javax.el-api/3.0.0/javax.el-api-3.0.0.jar:/home/user/.m2/repository/javax/interceptor/javax.interceptor-api/1.2/javax.interceptor-api-1.2.jar:/home/user/.m2/repository/javax/inject/javax.inject/1/javax.inject-1.jar:/home/user/.m2/repository/org/apache/hadoop/hadoop-ozone-csi/0.5.0-SNAPSHOT/hadoop-ozone-csi-0.5.0-SNAPSHOT.jar:/home/user/.m2/repository/com/google/protobuf/protobuf-java-util/3.5.1/protobuf-java-util-3.5.1.jar:/home/user/.m2/repository/io/grpc/grpc-netty/1.17.1/grpc-netty-1.17.1.jar:/home/user/.m2/repository/io/grpc/grpc-core/1.17.1/grpc-core-1.17.1.jar:/home/user/.m2/repository/io/grpc/grpc-context/1.17.1/grpc-context-1.17.1.jar:/home/user/.m2/repository/com/google/errorprone/error_prone_annotations/2.2.0/error_prone_annotations-2.2.0.jar:/home/user/.m2/repository/org/codehaus/mojo/animal-sniffer-annotations/1.17/animal-sniffer-annotations-1.17.jar:/home/user/.m2/repository/io/opencensus/opencensus-api/0.17.0/opencensus-api-0.17.0.jar:/home/user/.m2/repository/io/opencensus/opencensus-contrib-grpc-metrics/0.17.0/opencensus-contrib-grpc-metrics-0.17.0.jar:/home/user/.m2/repository/io/netty/netty-codec-http2/4.1.30.Final/netty-codec-http2-4.1.30.Final.jar:/home/user/.m2/repository/io/netty/netty-codec-http/4.1.30.Final/netty-codec-http-4.1.30.Final.jar:/home/user/.m2/repository/io/netty/netty-codec/4.1.30.Final/netty-codec-4.1.30.Final.jar:/home/user/.m2/repository/io/netty/netty-handler/4.1.30.Final/netty-handler-4.1.30.Final.jar:/home/user/.m2/repository/io/netty/netty-handler-proxy/4.1.30.Final/netty-handler-proxy-4.1.30.Final.jar:/home/user/.m2/repository/io/netty/netty-codec-socks/4.1.30.Final/netty-codec-socks-4.1.30.Final.jar:/home/user/.m2/repository/io/netty/netty-transport-native-epoll/4.1.30.Final/netty-transport-native-epoll-4.1.30.Final.jar:/home/user/.m2/repository/io/netty/netty-common/4.1.30.Final/netty-common-4.1.30.Final.jar:/home/user/.m2/repository/io/netty/netty-buffer/4.1.30.Final/netty-buffer-4.1.30.Final.jar:/home/user/.m2/repository/io/netty/netty-transport/4.1.30.Final/netty-transport-4.1.30.Final.jar:/home/user/.m2/repository/io/netty/netty-resolver/4.1.30.Final/netty-resolver-4.1.30.Final.jar:/home/user/.m2/repository/io/netty/netty-transport-native-unix-common/4.1.30.Final/netty-transport-native-unix-common-4.1.30.Final.jar:/home/user/.m2/repository/io/grpc/grpc-protobuf/1.17.1/grpc-protobuf-1.17.1.jar:/home/user/.m2/repository/com/google/api/grpc/proto-google-common-protos/1.0.0/proto-google-common-protos-1.0.0.jar:/home/user/.m2/repository/io/grpc/grpc-protobuf-lite/1.17.1/grpc-protobuf-lite-1.17.1.jar:/home/user/.m2/repository/io/grpc/grpc-stub/1.17.1/grpc-stub-1.17.1.jar:/home/user/.m2/repository/org/apache/hadoop/hadoop-ozone-recon/0.5.0-SNAPSHOT/hadoop-ozone-recon-0.5.0-SNAPSHOT.jar:/home/user/.m2/repository/org/apache/hadoop/hadoop-ozone-reconcodegen/0.5.0-SNAPSHOT/hadoop-ozone-reconcodegen-0.5.0-SNAPSHOT.jar:/home/user/.m2/repository/com/google/inject/extensions/guice-multibindings/4.0/guice-multibindings-4.0.jar:/home/user/.m2/repository/com/google/inject/guice/4.0/guice-4.0.jar:/home/user/.m2/repository/aopalliance/aopalliance/1.0/aopalliance-1.0.jar:/home/user/.m2/repository/com/google/inject/extensions/guice-servlet/4.0/guice-servlet-4.0.jar:/home/user/.m2/repository/org/glassfish/jersey/containers/jersey-container-servlet/2.27/jersey-container-servlet-2.27.jar:/home/user/.m2/repository/org/glassfish/hk2/guice-bridge/2.5.0/guice-bridge-2.5.0.jar:/home/user/.m2/repository/org/glassfish/jersey/core/jersey-server/2.27/jersey-server-2.27.jar:/home/user/.m2/repository/org/glassfish/jersey/core/jersey-client/2.27/jersey-client-2.27.jar:/home/user/.m2/repository/org/glassfish/jersey/media/jersey-media-jaxb/2.27/jersey-media-jaxb-2.27.jar:/home/user/.m2/repository/javax/validation/validation-api/1.1.0.Final/validation-api-1.1.0.Final.jar:/home/user/.m2/repository/org/glassfish/jersey/media/jersey-media-json-jackson/2.27/jersey-media-json-jackson-2.27.jar:/home/user/.m2/repository/org/glassfish/jersey/ext/jersey-entity-filtering/2.27/jersey-entity-filtering-2.27.jar:/home/user/.m2/repository/com/google/inject/extensions/guice-assistedinject/4.0/guice-assistedinject-4.0.jar:/home/user/.m2/repository/org/jooq/jooq/3.11.10/jooq-3.11.10.jar:/home/user/.m2/repository/org/jooq/jooq-meta/3.11.10/jooq-meta-3.11.10.jar:/home/user/.m2/repository/org/jooq/jooq-codegen/3.11.10/jooq-codegen-3.11.10.jar:/home/user/.m2/repository/com/jolbox/bonecp/0.8.0.RELEASE/bonecp-0.8.0.RELEASE.jar:/home/user/.m2/repository/org/springframework/spring-jdbc/5.1.3.RELEASE/spring-jdbc-5.1.3.RELEASE.jar:/home/user/.m2/repository/org/springframework/spring-beans/5.1.3.RELEASE/spring-beans-5.1.3.RELEASE.jar:/home/user/.m2/repository/org/springframework/spring-core/5.1.3.RELEASE/spring-core-5.1.3.RELEASE.jar:/home/user/.m2/repository/org/springframework/spring-jcl/5.1.3.RELEASE/spring-jcl-5.1.3.RELEASE.jar:/home/user/.m2/repository/org/springframework/spring-tx/5.1.3.RELEASE/spring-tx-5.1.3.RELEASE.jar:/home/user/.m2/repository/org/mockito/mockito-core/2.15.0/mockito-core-2.15.0.jar:/home/user/.m2/repository/net/bytebuddy/byte-buddy/1.7.9/byte-buddy-1.7.9.jar:/home/user/.m2/repository/net/bytebuddy/byte-buddy-agent/1.7.9/byte-buddy-agent-1.7.9.jar:/home/user/.m2/repository/org/objenesis/objenesis/1.0/objenesis-1.0.jar:"/>
    <property name="java.vm.vendor" value="Oracle Corporation"/>
    <property name="sun.arch.data.model" value="64"/>
    <property name="test.build.dir" value="/workdir/hadoop-ozone/tools/target/test-dir"/>
    <property name="test.cache.data" value=""/>
    <property name="java.vendor.url" value="http://java.oracle.com/"/>
    <property name="user.timezone" value=""/>
    <property name="java.vm.specification.version" value="1.8"/>
    <property name="os.name" value="Linux"/>
    <property name="test.build.data" value="/workdir/hadoop-ozone/tools/target/test-dir"/>
    <property name="user.country" value="US"/>
    <property name="sun.java.launcher" value="SUN_STANDARD"/>
    <property name="sun.boot.library.path" value="/usr/lib/jvm/java-1.8.0-openjdk-1.8.0.222.b10-1.el7_7.x86_64/jre/lib/amd64"/>
    <property name="sun.java.command" value="/workdir/hadoop-ozone/tools/target/surefire/surefirebooter2784644184146126529.jar /workdir/hadoop-ozone/tools/target/surefire 2019-11-16T21-33-20_752-jvmRun1 surefire1829779402401797588tmp surefire_988279184332223980400tmp"/>
    <property name="surefire.test.class.path" value="/workdir/hadoop-ozone/tools/target/test-classes:/workdir/hadoop-ozone/tools/target/classes:/home/user/.m2/repository/org/apache/hadoop/hadoop-ozone-ozone-manager/0.5.0-SNAPSHOT/hadoop-ozone-ozone-manager-0.5.0-SNAPSHOT.jar:/home/user/.m2/repository/org/apache/hadoop/hadoop-hdds-docs/0.5.0-SNAPSHOT/hadoop-hdds-docs-0.5.0-SNAPSHOT.jar:/home/user/.m2/repository/org/bouncycastle/bcprov-jdk15on/1.60/bcprov-jdk15on-1.60.jar:/home/user/.m2/repository/org/apache/hadoop/hadoop-ozone-common/0.5.0-SNAPSHOT/hadoop-ozone-common-0.5.0-SNAPSHOT.jar:/home/user/.m2/repository/org/apache/commons/commons-compress/1.4.1/commons-compress-1.4.1.jar:/home/user/.m2/repository/org/tukaani/xz/1.0/xz-1.0.jar:/home/user/.m2/repository/org/apache/hadoop/hadoop-hdfs-client/3.2.0/hadoop-hdfs-client-3.2.0.jar:/home/user/.m2/repository/com/fasterxml/jackson/core/jackson-annotations/2.9.9/jackson-annotations-2.9.9.jar:/home/user/.m2/repository/org/apache/hadoop/hadoop-hdds-common/0.5.0-SNAPSHOT/hadoop-hdds-common-0.5.0-SNAPSHOT.jar:/home/user/.m2/repository/org/apache/hadoop/hadoop-hdds-config/0.5.0-SNAPSHOT/hadoop-hdds-config-0.5.0-SNAPSHOT.jar:/home/user/.m2/repository/javax/annotation/javax.annotation-api/1.2/javax.annotation-api-1.2.jar:/home/user/.m2/repository/org/apache/ratis/ratis-server/0.5.0-d6d58d0-SNAPSHOT/ratis-server-0.5.0-d6d58d0-SNAPSHOT.jar:/home/user/.m2/repository/org/apache/ratis/ratis-thirdparty-misc/0.2.0/ratis-thirdparty-misc-0.2.0.jar:/home/user/.m2/repository/org/apache/ratis/ratis-proto/0.5.0-d6d58d0-SNAPSHOT/ratis-proto-0.5.0-d6d58d0-SNAPSHOT.jar:/home/user/.m2/repository/org/apache/ratis/ratis-common/0.5.0-d6d58d0-SNAPSHOT/ratis-common-0.5.0-d6d58d0-SNAPSHOT.jar:/home/user/.m2/repository/org/apache/ratis/ratis-client/0.5.0-d6d58d0-SNAPSHOT/ratis-client-0.5.0-d6d58d0-SNAPSHOT.jar:/home/user/.m2/repository/org/apache/ratis/ratis-metrics/0.5.0-d6d58d0-SNAPSHOT/ratis-metrics-0.5.0-d6d58d0-SNAPSHOT.jar:/home/user/.m2/repository/org/apache/ratis/ratis-netty/0.5.0-d6d58d0-SNAPSHOT/ratis-netty-0.5.0-d6d58d0-SNAPSHOT.jar:/home/user/.m2/repository/org/apache/ratis/ratis-grpc/0.5.0-d6d58d0-SNAPSHOT/ratis-grpc-0.5.0-d6d58d0-SNAPSHOT.jar:/home/user/.m2/repository/org/rocksdb/rocksdbjni/6.0.1/rocksdbjni-6.0.1.jar:/home/user/.m2/repository/org/apache/logging/log4j/log4j-api/2.11.0/log4j-api-2.11.0.jar:/home/user/.m2/repository/org/apache/logging/log4j/log4j-core/2.11.0/log4j-core-2.11.0.jar:/home/user/.m2/repository/com/lmax/disruptor/3.4.2/disruptor-3.4.2.jar:/home/user/.m2/repository/org/apache/commons/commons-pool2/2.6.0/commons-pool2-2.6.0.jar:/home/user/.m2/repository/org/bouncycastle/bcpkix-jdk15on/1.60/bcpkix-jdk15on-1.60.jar:/home/user/.m2/repository/commons-validator/commons-validator/1.6/commons-validator-1.6.jar:/home/user/.m2/repository/commons-digester/commons-digester/1.8.1/commons-digester-1.8.1.jar:/home/user/.m2/repository/io/jaegertracing/jaeger-client/0.34.0/jaeger-client-0.34.0.jar:/home/user/.m2/repository/io/jaegertracing/jaeger-thrift/0.34.0/jaeger-thrift-0.34.0.jar:/home/user/.m2/repository/org/apache/thrift/libthrift/0.12.0/libthrift-0.12.0.jar:/home/user/.m2/repository/com/squareup/okhttp3/okhttp/3.9.0/okhttp-3.9.0.jar:/home/user/.m2/repository/com/squareup/okio/okio/1.13.0/okio-1.13.0.jar:/home/user/.m2/repository/io/jaegertracing/jaeger-core/0.34.0/jaeger-core-0.34.0.jar:/home/user/.m2/repository/io/jaegertracing/jaeger-tracerresolver/0.34.0/jaeger-tracerresolver-0.34.0.jar:/home/user/.m2/repository/io/opentracing/contrib/opentracing-tracerresolver/0.1.5/opentracing-tracerresolver-0.1.5.jar:/home/user/.m2/repository/io/opentracing/opentracing-util/0.31.0/opentracing-util-0.31.0.jar:/home/user/.m2/repository/io/opentracing/opentracing-api/0.31.0/opentracing-api-0.31.0.jar:/home/user/.m2/repository/io/opentracing/opentracing-noop/0.31.0/opentracing-noop-0.31.0.jar:/home/user/.m2/repository/org/yaml/snakeyaml/1.16/snakeyaml-1.16.jar:/home/user/.m2/repository/org/apache/hadoop/hadoop-hdds-container-service/0.5.0-SNAPSHOT/hadoop-hdds-container-service-0.5.0-SNAPSHOT.jar:/home/user/.m2/repository/org/apache/hadoop/hadoop-hdds-client/0.5.0-SNAPSHOT/hadoop-hdds-client-0.5.0-SNAPSHOT.jar:/home/user/.m2/repository/org/apache/hadoop/hadoop-hdds-tools/0.5.0-SNAPSHOT/hadoop-hdds-tools-0.5.0-SNAPSHOT.jar:/home/user/.m2/repository/org/xerial/sqlite-jdbc/3.25.2/sqlite-jdbc-3.25.2.jar:/home/user/.m2/repository/org/apache/hadoop/hadoop-hdds-server-scm/0.5.0-SNAPSHOT/hadoop-hdds-server-scm-0.5.0-SNAPSHOT.jar:/home/user/.m2/repository/org/hamcrest/hamcrest-all/1.3/hamcrest-all-1.3.jar:/home/user/.m2/repository/info/picocli/picocli/3.9.6/picocli-3.9.6.jar:/home/user/.m2/repository/com/google/protobuf/protobuf-java/2.5.0/protobuf-java-2.5.0.jar:/home/user/.m2/repository/com/google/guava/guava/11.0.2/guava-11.0.2.jar:/home/user/.m2/repository/org/apache/hadoop/hadoop-ozone-client/0.5.0-SNAPSHOT/hadoop-ozone-client-0.5.0-SNAPSHOT.jar:/workdir/hadoop-ozone/ozonefs/target/classes:/home/user/.m2/repository/org/apache/httpcomponents/httpclient/4.5.2/httpclient-4.5.2.jar:/home/user/.m2/repository/org/apache/httpcomponents/httpcore/4.4.4/httpcore-4.4.4.jar:/home/user/.m2/repository/org/apache/hadoop/hadoop-hdds-server-framework/0.5.0-SNAPSHOT/hadoop-hdds-server-framework-0.5.0-SNAPSHOT.jar:/home/user/.m2/repository/org/apache/hadoop/hadoop-common/3.2.0/hadoop-common-3.2.0.jar:/home/user/.m2/repository/org/apache/hadoop/hadoop-annotations/3.2.0/hadoop-annotations-3.2.0.jar:/usr/lib/jvm/java-1.8.0-openjdk-1.8.0.222.b10-1.el7_7.x86_64/jre/../lib/tools.jar:/home/user/.m2/repository/commons-cli/commons-cli/1.2/commons-cli-1.2.jar:/home/user/.m2/repository/org/apache/commons/commons-math3/3.1.1/commons-math3-3.1.1.jar:/home/user/.m2/repository/commons-codec/commons-codec/1.11/commons-codec-1.11.jar:/home/user/.m2/repository/commons-io/commons-io/2.5/commons-io-2.5.jar:/home/user/.m2/repository/commons-net/commons-net/3.6/commons-net-3.6.jar:/home/user/.m2/repository/commons-collections/commons-collections/3.2.2/commons-collections-3.2.2.jar:/home/user/.m2/repository/javax/servlet/javax.servlet-api/3.1.0/javax.servlet-api-3.1.0.jar:/home/user/.m2/repository/org/eclipse/jetty/jetty-server/9.3.25.v20180904/jetty-server-9.3.25.v20180904.jar:/home/user/.m2/repository/org/eclipse/jetty/jetty-http/9.3.25.v20180904/jetty-http-9.3.25.v20180904.jar:/home/user/.m2/repository/org/eclipse/jetty/jetty-io/9.3.25.v20180904/jetty-io-9.3.25.v20180904.jar:/home/user/.m2/repository/org/eclipse/jetty/jetty-util/9.3.25.v20180904/jetty-util-9.3.25.v20180904.jar:/home/user/.m2/repository/org/eclipse/jetty/jetty-servlet/9.3.25.v20180904/jetty-servlet-9.3.25.v20180904.jar:/home/user/.m2/repository/org/eclipse/jetty/jetty-security/9.3.25.v20180904/jetty-security-9.3.25.v20180904.jar:/home/user/.m2/repository/org/eclipse/jetty/jetty-webapp/9.3.25.v20180904/jetty-webapp-9.3.25.v20180904.jar:/home/user/.m2/repository/org/eclipse/jetty/jetty-xml/9.3.25.v20180904/jetty-xml-9.3.25.v20180904.jar:/home/user/.m2/repository/javax/servlet/jsp/jsp-api/2.1/jsp-api-2.1.jar:/home/user/.m2/repository/com/sun/jersey/jersey-core/1.19/jersey-core-1.19.jar:/home/user/.m2/repository/javax/ws/rs/jsr311-api/1.1.1/jsr311-api-1.1.1.jar:/home/user/.m2/repository/com/sun/jersey/jersey-servlet/1.19/jersey-servlet-1.19.jar:/home/user/.m2/repository/com/sun/jersey/jersey-json/1.19/jersey-json-1.19.jar:/home/user/.m2/repository/org/codehaus/jettison/jettison/1.1/jettison-1.1.jar:/home/user/.m2/repository/com/sun/xml/bind/jaxb-impl/2.3.0.1/jaxb-impl-2.3.0.1.jar:/home/user/.m2/repository/org/codehaus/jackson/jackson-core-asl/1.9.13/jackson-core-asl-1.9.13.jar:/home/user/.m2/repository/org/codehaus/jackson/jackson-mapper-asl/1.9.13/jackson-mapper-asl-1.9.13.jar:/home/user/.m2/repository/org/codehaus/jackson/jackson-jaxrs/1.9.13/jackson-jaxrs-1.9.13.jar:/home/user/.m2/repository/org/codehaus/jackson/jackson-xc/1.9.13/jackson-xc-1.9.13.jar:/home/user/.m2/repository/com/sun/jersey/jersey-server/1.19/jersey-server-1.19.jar:/home/user/.m2/repository/commons-logging/commons-logging/1.1.3/commons-logging-1.1.3.jar:/home/user/.m2/repository/log4j/log4j/1.2.17/log4j-1.2.17.jar:/home/user/.m2/repository/commons-beanutils/commons-beanutils/1.9.4/commons-beanutils-1.9.4.jar:/home/user/.m2/repository/org/apache/commons/commons-configuration2/2.1.1/commons-configuration2-2.1.1.jar:/home/user/.m2/repository/org/apache/commons/commons-lang3/3.7/commons-lang3-3.7.jar:/home/user/.m2/repository/org/apache/commons/commons-text/1.4/commons-text-1.4.jar:/home/user/.m2/repository/org/slf4j/slf4j-api/1.7.25/slf4j-api-1.7.25.jar:/home/user/.m2/repository/org/slf4j/slf4j-log4j12/1.7.25/slf4j-log4j12-1.7.25.jar:/home/user/.m2/repository/org/apache/avro/avro/1.7.7/avro-1.7.7.jar:/home/user/.m2/repository/com/thoughtworks/paranamer/paranamer/2.3/paranamer-2.3.jar:/home/user/.m2/repository/org/xerial/snappy/snappy-java/1.0.5/snappy-java-1.0.5.jar:/home/user/.m2/repository/com/google/re2j/re2j/1.1/re2j-1.1.jar:/home/user/.m2/repository/com/google/code/gson/gson/2.2.4/gson-2.2.4.jar:/home/user/.m2/repository/org/apache/hadoop/hadoop-auth/3.2.0/hadoop-auth-3.2.0.jar:/home/user/.m2/repository/com/nimbusds/nimbus-jose-jwt/4.41.1/nimbus-jose-jwt-4.41.1.jar:/home/user/.m2/repository/com/github/stephenc/jcip/jcip-annotations/1.0-1/jcip-annotations-1.0-1.jar:/home/user/.m2/repository/net/minidev/json-smart/2.3/json-smart-2.3.jar:/home/user/.m2/repository/net/minidev/accessors-smart/1.2/accessors-smart-1.2.jar:/home/user/.m2/repository/org/apache/curator/curator-framework/2.12.0/curator-framework-2.12.0.jar:/home/user/.m2/repository/com/jcraft/jsch/0.1.54/jsch-0.1.54.jar:/home/user/.m2/repository/org/apache/curator/curator-client/2.12.0/curator-client-2.12.0.jar:/home/user/.m2/repository/org/apache/curator/curator-recipes/2.12.0/curator-recipes-2.12.0.jar:/home/user/.m2/repository/com/google/code/findbugs/jsr305/3.0.0/jsr305-3.0.0.jar:/home/user/.m2/repository/org/apache/htrace/htrace-core4/4.1.0-incubating/htrace-core4-4.1.0-incubating.jar:/home/user/.m2/repository/org/apache/zookeeper/zookeeper/3.4.13/zookeeper-3.4.13.jar:/home/user/.m2/repository/jline/jline/0.9.94/jline-0.9.94.jar:/home/user/.m2/repository/org/apache/yetus/audience-annotations/0.5.0/audience-annotations-0.5.0.jar:/home/user/.m2/repository/org/apache/kerby/kerb-simplekdc/1.0.1/kerb-simplekdc-1.0.1.jar:/home/user/.m2/repository/org/apache/kerby/kerb-client/1.0.1/kerb-client-1.0.1.jar:/home/user/.m2/repository/org/apache/kerby/kerby-config/1.0.1/kerby-config-1.0.1.jar:/home/user/.m2/repository/org/apache/kerby/kerb-core/1.0.1/kerb-core-1.0.1.jar:/home/user/.m2/repository/org/apache/kerby/kerby-pkix/1.0.1/kerby-pkix-1.0.1.jar:/home/user/.m2/repository/org/apache/kerby/kerby-asn1/1.0.1/kerby-asn1-1.0.1.jar:/home/user/.m2/repository/org/apache/kerby/kerby-util/1.0.1/kerby-util-1.0.1.jar:/home/user/.m2/repository/org/apache/kerby/kerb-common/1.0.1/kerb-common-1.0.1.jar:/home/user/.m2/repository/org/apache/kerby/kerb-crypto/1.0.1/kerb-crypto-1.0.1.jar:/home/user/.m2/repository/org/apache/kerby/kerb-util/1.0.1/kerb-util-1.0.1.jar:/home/user/.m2/repository/org/apache/kerby/token-provider/1.0.1/token-provider-1.0.1.jar:/home/user/.m2/repository/org/apache/kerby/kerb-admin/1.0.1/kerb-admin-1.0.1.jar:/home/user/.m2/repository/org/apache/kerby/kerb-server/1.0.1/kerb-server-1.0.1.jar:/home/user/.m2/repository/org/apache/kerby/kerb-identity/1.0.1/kerb-identity-1.0.1.jar:/home/user/.m2/repository/org/apache/kerby/kerby-xdr/1.0.1/kerby-xdr-1.0.1.jar:/home/user/.m2/repository/com/fasterxml/jackson/core/jackson-databind/2.9.9/jackson-databind-2.9.9.jar:/home/user/.m2/repository/com/fasterxml/jackson/core/jackson-core/2.9.9/jackson-core-2.9.9.jar:/home/user/.m2/repository/org/codehaus/woodstox/stax2-api/3.1.4/stax2-api-3.1.4.jar:/home/user/.m2/repository/com/fasterxml/woodstox/woodstox-core/5.0.3/woodstox-core-5.0.3.jar:/home/user/.m2/repository/dnsjava/dnsjava/2.1.7/dnsjava-2.1.7.jar:/home/user/.m2/repository/org/apache/hadoop/hadoop-hdfs/3.2.0/hadoop-hdfs-3.2.0.jar:/home/user/.m2/repository/org/eclipse/jetty/jetty-util-ajax/9.3.25.v20180904/jetty-util-ajax-9.3.25.v20180904.jar:/home/user/.m2/repository/commons-daemon/commons-daemon/1.0.13/commons-daemon-1.0.13.jar:/home/user/.m2/repository/io/netty/netty/3.10.5.Final/netty-3.10.5.Final.jar:/home/user/.m2/repository/io/netty/netty-all/4.0.52.Final/netty-all-4.0.52.Final.jar:/home/user/.m2/repository/org/fusesource/leveldbjni/leveldbjni-all/1.8/leveldbjni-all-1.8.jar:/home/user/.m2/repository/com/sun/xml/bind/jaxb-core/2.3.0.1/jaxb-core-2.3.0.1.jar:/home/user/.m2/repository/javax/xml/bind/jaxb-api/2.3.0/jaxb-api-2.3.0.jar:/home/user/.m2/repository/javax/activation/activation/1.1.1/activation-1.1.1.jar:/home/user/.m2/repository/org/openjdk/jmh/jmh-core/1.19/jmh-core-1.19.jar:/home/user/.m2/repository/net/sf/jopt-simple/jopt-simple/4.6/jopt-simple-4.6.jar:/home/user/.m2/repository/org/openjdk/jmh/jmh-generator-annprocess/1.19/jmh-generator-annprocess-1.19.jar:/home/user/.m2/repository/io/dropwizard/metrics/metrics-core/3.2.4/metrics-core-3.2.4.jar:/home/user/.m2/repository/com/amazonaws/aws-java-sdk-s3/1.11.615/aws-java-sdk-s3-1.11.615.jar:/home/user/.m2/repository/com/amazonaws/aws-java-sdk-kms/1.11.615/aws-java-sdk-kms-1.11.615.jar:/home/user/.m2/repository/com/amazonaws/aws-java-sdk-core/1.11.615/aws-java-sdk-core-1.11.615.jar:/home/user/.m2/repository/software/amazon/ion/ion-java/1.0.2/ion-java-1.0.2.jar:/home/user/.m2/repository/com/fasterxml/jackson/dataformat/jackson-dataformat-cbor/2.9.9/jackson-dataformat-cbor-2.9.9.jar:/home/user/.m2/repository/joda-time/joda-time/2.9.9/joda-time-2.9.9.jar:/home/user/.m2/repository/com/amazonaws/jmespath-java/1.11.615/jmespath-java-1.11.615.jar:/home/user/.m2/repository/com/github/spotbugs/spotbugs/3.1.12/spotbugs-3.1.12.jar:/home/user/.m2/repository/org/ow2/asm/asm/5.0.4/asm-5.0.4.jar:/home/user/.m2/repository/org/ow2/asm/asm-analysis/7.0/asm-analysis-7.0.jar:/home/user/.m2/repository/org/ow2/asm/asm-commons/7.0/asm-commons-7.0.jar:/home/user/.m2/repository/org/ow2/asm/asm-tree/7.0/asm-tree-7.0.jar:/home/user/.m2/repository/org/ow2/asm/asm-util/7.0/asm-util-7.0.jar:/home/user/.m2/repository/org/apache/bcel/bcel/6.3/bcel-6.3.jar:/home/user/.m2/repository/net/jcip/jcip-annotations/1.0/jcip-annotations-1.0.jar:/home/user/.m2/repository/org/dom4j/dom4j/2.1.1/dom4j-2.1.1.jar:/home/user/.m2/repository/jaxen/jaxen/1.1.6/jaxen-1.1.6.jar:/home/user/.m2/repository/commons-lang/commons-lang/2.6/commons-lang-2.6.jar:/home/user/.m2/repository/com/github/spotbugs/spotbugs-annotations/3.1.12/spotbugs-annotations-3.1.12.jar:/home/user/.m2/repository/junit/junit/4.11/junit-4.11.jar:/home/user/.m2/repository/org/hamcrest/hamcrest-core/1.3/hamcrest-core-1.3.jar:/home/user/.m2/repository/org/apache/hadoop/hadoop-common/3.2.0/hadoop-common-3.2.0-tests.jar:/workdir/hadoop-ozone/integration-test/target/test-classes:/home/user/.m2/repository/org/apache/hadoop/hadoop-ozone-s3gateway/0.5.0-SNAPSHOT/hadoop-ozone-s3gateway-0.5.0-SNAPSHOT.jar:/home/user/.m2/repository/org/jboss/weld/servlet/weld-servlet/2.4.7.Final/weld-servlet-2.4.7.Final.jar:/home/user/.m2/repository/org/glassfish/jersey/containers/jersey-container-servlet-core/2.27/jersey-container-servlet-core-2.27.jar:/home/user/.m2/repository/org/glassfish/hk2/external/javax.inject/2.5.0-b42/javax.inject-2.5.0-b42.jar:/home/user/.m2/repository/org/glassfish/jersey/core/jersey-common/2.27/jersey-common-2.27.jar:/home/user/.m2/repository/org/glassfish/hk2/osgi-resource-locator/1.0.1/osgi-resource-locator-1.0.1.jar:/home/user/.m2/repository/javax/ws/rs/javax.ws.rs-api/2.1/javax.ws.rs-api-2.1.jar:/home/user/.m2/repository/org/glassfish/jersey/ext/cdi/jersey-cdi1x/2.27/jersey-cdi1x-2.27.jar:/home/user/.m2/repository/org/glassfish/jersey/inject/jersey-hk2/2.27/jersey-hk2-2.27.jar:/home/user/.m2/repository/org/glassfish/hk2/hk2-locator/2.5.0-b42/hk2-locator-2.5.0-b42.jar:/home/user/.m2/repository/org/javassist/javassist/3.22.0-CR2/javassist-3.22.0-CR2.jar:/home/user/.m2/repository/org/glassfish/hk2/hk2-api/2.5.0/hk2-api-2.5.0.jar:/home/user/.m2/repository/org/glassfish/hk2/external/jakarta.inject/2.5.0/jakarta.inject-2.5.0.jar:/home/user/.m2/repository/org/glassfish/hk2/hk2-utils/2.5.0/hk2-utils-2.5.0.jar:/home/user/.m2/repository/jakarta/annotation/jakarta.annotation-api/1.3.4/jakarta.annotation-api-1.3.4.jar:/home/user/.m2/repository/org/glassfish/hk2/external/aopalliance-repackaged/2.5.0/aopalliance-repackaged-2.5.0.jar:/home/user/.m2/repository/com/fasterxml/jackson/dataformat/jackson-dataformat-xml/2.9.0/jackson-dataformat-xml-2.9.0.jar:/home/user/.m2/repository/com/fasterxml/jackson/module/jackson-module-jaxb-annotations/2.9.9/jackson-module-jaxb-annotations-2.9.9.jar:/home/user/.m2/repository/javax/enterprise/cdi-api/1.2/cdi-api-1.2.jar:/home/user/.m2/repository/javax/el/javax.el-api/3.0.0/javax.el-api-3.0.0.jar:/home/user/.m2/repository/javax/interceptor/javax.interceptor-api/1.2/javax.interceptor-api-1.2.jar:/home/user/.m2/repository/javax/inject/javax.inject/1/javax.inject-1.jar:/home/user/.m2/repository/org/apache/hadoop/hadoop-ozone-csi/0.5.0-SNAPSHOT/hadoop-ozone-csi-0.5.0-SNAPSHOT.jar:/home/user/.m2/repository/com/google/protobuf/protobuf-java-util/3.5.1/protobuf-java-util-3.5.1.jar:/home/user/.m2/repository/io/grpc/grpc-netty/1.17.1/grpc-netty-1.17.1.jar:/home/user/.m2/repository/io/grpc/grpc-core/1.17.1/grpc-core-1.17.1.jar:/home/user/.m2/repository/io/grpc/grpc-context/1.17.1/grpc-context-1.17.1.jar:/home/user/.m2/repository/com/google/errorprone/error_prone_annotations/2.2.0/error_prone_annotations-2.2.0.jar:/home/user/.m2/repository/org/codehaus/mojo/animal-sniffer-annotations/1.17/animal-sniffer-annotations-1.17.jar:/home/user/.m2/repository/io/opencensus/opencensus-api/0.17.0/opencensus-api-0.17.0.jar:/home/user/.m2/repository/io/opencensus/opencensus-contrib-grpc-metrics/0.17.0/opencensus-contrib-grpc-metrics-0.17.0.jar:/home/user/.m2/repository/io/netty/netty-codec-http2/4.1.30.Final/netty-codec-http2-4.1.30.Final.jar:/home/user/.m2/repository/io/netty/netty-codec-http/4.1.30.Final/netty-codec-http-4.1.30.Final.jar:/home/user/.m2/repository/io/netty/netty-codec/4.1.30.Final/netty-codec-4.1.30.Final.jar:/home/user/.m2/repository/io/netty/netty-handler/4.1.30.Final/netty-handler-4.1.30.Final.jar:/home/user/.m2/repository/io/netty/netty-handler-proxy/4.1.30.Final/netty-handler-proxy-4.1.30.Final.jar:/home/user/.m2/repository/io/netty/netty-codec-socks/4.1.30.Final/netty-codec-socks-4.1.30.Final.jar:/home/user/.m2/repository/io/netty/netty-transport-native-epoll/4.1.30.Final/netty-transport-native-epoll-4.1.30.Final.jar:/home/user/.m2/repository/io/netty/netty-common/4.1.30.Final/netty-common-4.1.30.Final.jar:/home/user/.m2/repository/io/netty/netty-buffer/4.1.30.Final/netty-buffer-4.1.30.Final.jar:/home/user/.m2/repository/io/netty/netty-transport/4.1.30.Final/netty-transport-4.1.30.Final.jar:/home/user/.m2/repository/io/netty/netty-resolver/4.1.30.Final/netty-resolver-4.1.30.Final.jar:/home/user/.m2/repository/io/netty/netty-transport-native-unix-common/4.1.30.Final/netty-transport-native-unix-common-4.1.30.Final.jar:/home/user/.m2/repository/io/grpc/grpc-protobuf/1.17.1/grpc-protobuf-1.17.1.jar:/home/user/.m2/repository/com/google/api/grpc/proto-google-common-protos/1.0.0/proto-google-common-protos-1.0.0.jar:/home/user/.m2/repository/io/grpc/grpc-protobuf-lite/1.17.1/grpc-protobuf-lite-1.17.1.jar:/home/user/.m2/repository/io/grpc/grpc-stub/1.17.1/grpc-stub-1.17.1.jar:/home/user/.m2/repository/org/apache/hadoop/hadoop-ozone-recon/0.5.0-SNAPSHOT/hadoop-ozone-recon-0.5.0-SNAPSHOT.jar:/home/user/.m2/repository/org/apache/hadoop/hadoop-ozone-reconcodegen/0.5.0-SNAPSHOT/hadoop-ozone-reconcodegen-0.5.0-SNAPSHOT.jar:/home/user/.m2/repository/com/google/inject/extensions/guice-multibindings/4.0/guice-multibindings-4.0.jar:/home/user/.m2/repository/com/google/inject/guice/4.0/guice-4.0.jar:/home/user/.m2/repository/aopalliance/aopalliance/1.0/aopalliance-1.0.jar:/home/user/.m2/repository/com/google/inject/extensions/guice-servlet/4.0/guice-servlet-4.0.jar:/home/user/.m2/repository/org/glassfish/jersey/containers/jersey-container-servlet/2.27/jersey-container-servlet-2.27.jar:/home/user/.m2/repository/org/glassfish/hk2/guice-bridge/2.5.0/guice-bridge-2.5.0.jar:/home/user/.m2/repository/org/glassfish/jersey/core/jersey-server/2.27/jersey-server-2.27.jar:/home/user/.m2/repository/org/glassfish/jersey/core/jersey-client/2.27/jersey-client-2.27.jar:/home/user/.m2/repository/org/glassfish/jersey/media/jersey-media-jaxb/2.27/jersey-media-jaxb-2.27.jar:/home/user/.m2/repository/javax/validation/validation-api/1.1.0.Final/validation-api-1.1.0.Final.jar:/home/user/.m2/repository/org/glassfish/jersey/media/jersey-media-json-jackson/2.27/jersey-media-json-jackson-2.27.jar:/home/user/.m2/repository/org/glassfish/jersey/ext/jersey-entity-filtering/2.27/jersey-entity-filtering-2.27.jar:/home/user/.m2/repository/com/google/inject/extensions/guice-assistedinject/4.0/guice-assistedinject-4.0.jar:/home/user/.m2/repository/org/jooq/jooq/3.11.10/jooq-3.11.10.jar:/home/user/.m2/repository/org/jooq/jooq-meta/3.11.10/jooq-meta-3.11.10.jar:/home/user/.m2/repository/org/jooq/jooq-codegen/3.11.10/jooq-codegen-3.11.10.jar:/home/user/.m2/repository/com/jolbox/bonecp/0.8.0.RELEASE/bonecp-0.8.0.RELEASE.jar:/home/user/.m2/repository/org/springframework/spring-jdbc/5.1.3.RELEASE/spring-jdbc-5.1.3.RELEASE.jar:/home/user/.m2/repository/org/springframework/spring-beans/5.1.3.RELEASE/spring-beans-5.1.3.RELEASE.jar:/home/user/.m2/repository/org/springframework/spring-core/5.1.3.RELEASE/spring-core-5.1.3.RELEASE.jar:/home/user/.m2/repository/org/springframework/spring-jcl/5.1.3.RELEASE/spring-jcl-5.1.3.RELEASE.jar:/home/user/.m2/repository/org/springframework/spring-tx/5.1.3.RELEASE/spring-tx-5.1.3.RELEASE.jar:/home/user/.m2/repository/org/mockito/mockito-core/2.15.0/mockito-core-2.15.0.jar:/home/user/.m2/repository/net/bytebuddy/byte-buddy/1.7.9/byte-buddy-1.7.9.jar:/home/user/.m2/repository/net/bytebuddy/byte-buddy-agent/1.7.9/byte-buddy-agent-1.7.9.jar:/home/user/.m2/repository/org/objenesis/objenesis/1.0/objenesis-1.0.jar:"/>
    <property name="sun.cpu.endian" value="little"/>
    <property name="user.home" value="/home/user"/>
    <property name="user.language" value="en"/>
    <property name="java.specification.vendor" value="Oracle Corporation"/>
    <property name="java.home" value="/usr/lib/jvm/java-1.8.0-openjdk-1.8.0.222.b10-1.el7_7.x86_64/jre"/>
    <property name="surefire.excludesFile" value="/tools/ozone-bad-unit-tests"/>
    <property name="java.security.krb5.conf" value="/workdir/hadoop-ozone/tools/target/test-classes/krb5.conf"/>
    <property name="basedir" value="/workdir/hadoop-ozone/tools"/>
    <property name="file.separator" value="/"/>
    <property name="line.separator" value="&#10;"/>
    <property name="java.vm.specification.vendor" value="Oracle Corporation"/>
    <property name="java.specification.name" value="Java Platform API Specification"/>
    <property name="java.awt.graphicsenv" value="sun.awt.X11GraphicsEnvironment"/>
    <property name="surefire.real.class.path" value="/workdir/hadoop-ozone/tools/target/surefire/surefirebooter2784644184146126529.jar"/>
    <property name="hadoop.log.dir" value="/workdir/hadoop-ozone/tools/target/log"/>
    <property name="sun.boot.class.path" value="/usr/lib/jvm/java-1.8.0-openjdk-1.8.0.222.b10-1.el7_7.x86_64/jre/lib/resources.jar:/usr/lib/jvm/java-1.8.0-openjdk-1.8.0.222.b10-1.el7_7.x86_64/jre/lib/rt.jar:/usr/lib/jvm/java-1.8.0-openjdk-1.8.0.222.b10-1.el7_7.x86_64/jre/lib/sunrsasign.jar:/usr/lib/jvm/java-1.8.0-openjdk-1.8.0.222.b10-1.el7_7.x86_64/jre/lib/jsse.jar:/usr/lib/jvm/java-1.8.0-openjdk-1.8.0.222.b10-1.el7_7.x86_64/jre/lib/jce.jar:/usr/lib/jvm/java-1.8.0-openjdk-1.8.0.222.b10-1.el7_7.x86_64/jre/lib/charsets.jar:/usr/lib/jvm/java-1.8.0-openjdk-1.8.0.222.b10-1.el7_7.x86_64/jre/lib/jfr.jar:/usr/lib/jvm/java-1.8.0-openjdk-1.8.0.222.b10-1.el7_7.x86_64/jre/classes"/>
    <property name="sun.management.compiler" value="HotSpot 64-Bit Tiered Compilers"/>
    <property name="java.runtime.version" value="1.8.0_222-b10"/>
    <property name="java.net.preferIPv4Stack" value="true"/>
    <property name="user.name" value="jenkins1000"/>
    <property name="path.separator" value=":"/>
    <property name="java.security.egd" value="file:///dev/urandom"/>
    <property name="os.version" value="3.10.0-957.12.2.el7.x86_64"/>
    <property name="java.endorsed.dirs" value="/usr/lib/jvm/java-1.8.0-openjdk-1.8.0.222.b10-1.el7_7.x86_64/jre/lib/endorsed"/>
    <property name="java.runtime.name" value="OpenJDK Runtime Environment"/>
    <property name="file.encoding" value="ANSI_X3.4-1968"/>
    <property name="java.vm.name" value="OpenJDK 64-Bit Server VM"/>
    <property name="test.build.webapps" value=""/>
    <property name="localRepository" value="/home/user/.m2/repository"/>
    <property name="java.vendor.url.bug" value="http://bugreport.sun.com/bugreport/"/>
    <property name="java.io.tmpdir" value="/tmp"/>
    <property name="require.test.libhadoop" value=""/>
    <property name="java.version" value="1.8.0_222"/>
    <property name="user.dir" value="/workdir/hadoop-ozone/tools"/>
    <property name="os.arch" value="amd64"/>
    <property name="java.vm.specification.name" value="Java Virtual Machine Specification"/>
    <property name="test.build.classes" value="/workdir/hadoop-ozone/tools/target/test-classes"/>
    <property name="java.awt.printerjob" value="sun.print.PSPrinterJob"/>
    <property name="sun.os.patch.level" value="unknown"/>
    <property name="hadoop.tmp.dir" value="/workdir/hadoop-ozone/tools/target/tmp"/>
    <property name="java.library.path" value="/usr/lib:/workdir/hadoop-ozone/tools/target/native/target/usr/local/lib:/workdir/hadoop-ozone/tools/../../hadoop-common-project/hadoop-common/target/native/target/usr/local/lib:/usr/java/packages/lib/amd64:/usr/lib64:/lib64:/lib:/usr/lib"/>
    <property name="java.vm.info" value="mixed mode"/>
    <property name="java.vendor" value="Oracle Corporation"/>
    <property name="java.vm.version" value="25.222-b10"/>
    <property name="java.ext.dirs" value="/usr/lib/jvm/java-1.8.0-openjdk-1.8.0.222.b10-1.el7_7.x86_64/jre/lib/ext:/usr/java/packages/lib/ext"/>
    <property name="sun.io.unicode.encoding" value="UnicodeLittle"/>
    <property name="java.class.version" value="52.0"/>
  </properties>
  <testcase name="testRestart" classname="org.apache.hadoop.ozone.freon.TestFreonWithPipelineDestroy" time="19.061">
    <error message="INTERNAL_ERROR org.apache.hadoop.ozone.om.exceptions.OMException: Allocated 0 blocks. Requested 5 blocks" type="java.lang.RuntimeException">java.lang.RuntimeException: INTERNAL_ERROR org.apache.hadoop.ozone.om.exceptions.OMException: Allocated 0 blocks. Requested 5 blocks
	at org.apache.hadoop.ozone.freon.RandomKeyGenerator.call(RandomKeyGenerator.java:341)
	at org.apache.hadoop.ozone.freon.TestFreonWithPipelineDestroy.startFreon(TestFreonWithPipelineDestroy.java:87)
	at org.apache.hadoop.ozone.freon.TestFreonWithPipelineDestroy.testRestart(TestFreonWithPipelineDestroy.java:74)
	at sun.reflect.NativeMethodAccessorImpl.invoke0(Native Method)
	at sun.reflect.NativeMethodAccessorImpl.invoke(NativeMethodAccessorImpl.java:62)
	at sun.reflect.DelegatingMethodAccessorImpl.invoke(DelegatingMethodAccessorImpl.java:43)
	at java.lang.reflect.Method.invoke(Method.java:498)
	at org.junit.runners.model.FrameworkMethod$1.runReflectiveCall(FrameworkMethod.java:47)
	at org.junit.internal.runners.model.ReflectiveCallable.run(ReflectiveCallable.java:12)
	at org.junit.runners.model.FrameworkMethod.invokeExplosively(FrameworkMethod.java:44)
	at org.junit.internal.runners.statements.InvokeMethod.evaluate(InvokeMethod.java:17)
	at org.junit.runners.ParentRunner.runLeaf(ParentRunner.java:271)
	at org.junit.runners.BlockJUnit4ClassRunner.runChild(BlockJUnit4ClassRunner.java:70)
	at org.junit.runners.BlockJUnit4ClassRunner.runChild(BlockJUnit4ClassRunner.java:50)
	at org.junit.runners.ParentRunner$3.run(ParentRunner.java:238)
	at org.junit.runners.ParentRunner$1.schedule(ParentRunner.java:63)
	at org.junit.runners.ParentRunner.runChildren(ParentRunner.java:236)
	at org.junit.runners.ParentRunner.access$000(ParentRunner.java:53)
	at org.junit.runners.ParentRunner$2.evaluate(ParentRunner.java:229)
	at org.junit.internal.runners.statements.RunBefores.evaluate(RunBefores.java:26)
	at org.junit.internal.runners.statements.RunAfters.evaluate(RunAfters.java:27)
	at org.junit.runners.ParentRunner.run(ParentRunner.java:309)
	at org.apache.maven.surefire.junit4.JUnit4Provider.execute(JUnit4Provider.java:365)
	at org.apache.maven.surefire.junit4.JUnit4Provider.executeWithRerun(JUnit4Provider.java:273)
	at org.apache.maven.surefire.junit4.JUnit4Provider.executeTestSet(JUnit4Provider.java:238)
	at org.apache.maven.surefire.junit4.JUnit4Provider.invoke(JUnit4Provider.java:159)
	at org.apache.maven.surefire.booter.ForkedBooter.invokeProviderInSameClassLoader(ForkedBooter.java:384)
	at org.apache.maven.surefire.booter.ForkedBooter.runSuitesInProcess(ForkedBooter.java:345)
	at org.apache.maven.surefire.booter.ForkedBooter.execute(ForkedBooter.java:126)
	at org.apache.maven.surefire.booter.ForkedBooter.main(ForkedBooter.java:418)
Caused by: INTERNAL_ERROR org.apache.hadoop.ozone.om.exceptions.OMException: Allocated 0 blocks. Requested 5 blocks
	at org.apache.hadoop.ozone.om.protocolPB.OzoneManagerProtocolClientSideTranslatorPB.handleError(OzoneManagerProtocolClientSideTranslatorPB.java:761)
	at org.apache.hadoop.ozone.om.protocolPB.OzoneManagerProtocolClientSideTranslatorPB.openKey(OzoneManagerProtocolClientSideTranslatorPB.java:752)
	at sun.reflect.NativeMethodAccessorImpl.invoke0(Native Method)
	at sun.reflect.NativeMethodAccessorImpl.invoke(NativeMethodAccessorImpl.java:62)
	at sun.reflect.DelegatingMethodAccessorImpl.invoke(DelegatingMethodAccessorImpl.java:43)
	at java.lang.reflect.Method.invoke(Method.java:498)
	at org.apache.hadoop.hdds.tracing.TraceAllMethod.invoke(TraceAllMethod.java:66)
	at com.sun.proxy.$Proxy37.openKey(Unknown Source)
	at org.apache.hadoop.ozone.client.rpc.RpcClient.createKey(RpcClient.java:633)
	at org.apache.hadoop.ozone.client.OzoneBucket.createKey(OzoneBucket.java:325)
	at org.apache.hadoop.ozone.freon.RandomKeyGenerator.createKey(RandomKeyGenerator.java:697)
	at org.apache.hadoop.ozone.freon.RandomKeyGenerator.access$1100(RandomKeyGenerator.java:88)
	at org.apache.hadoop.ozone.freon.RandomKeyGenerator$ObjectCreator.run(RandomKeyGenerator.java:615)
	at java.util.concurrent.Executors$RunnableAdapter.call(Executors.java:511)
	at java.util.concurrent.FutureTask.run(FutureTask.java:266)
	at java.util.concurrent.ThreadPoolExecutor.runWorker(ThreadPoolExecutor.java:1149)
	at java.util.concurrent.ThreadPoolExecutor$Worker.run(ThreadPoolExecutor.java:624)
	at java.lang.Thread.run(Thread.java:748)
</error>
    <system-out><![CDATA[2019-11-16 23:17:00,415 [main] WARN  server.ServerUtils (ServerUtils.java:getScmDbDir(145)) - ozone.scm.db.dirs is not configured. We recommend adding this setting. Falling back to ozone.metadata.dirs instead.
2019-11-16 23:17:00,520 [main] WARN  server.ServerUtils (ServerUtils.java:getScmDbDir(145)) - ozone.scm.db.dirs is not configured. We recommend adding this setting. Falling back to ozone.metadata.dirs instead.
2019-11-16 23:17:00,522 [main] WARN  server.ServerUtils (ServerUtils.java:getScmDbDir(145)) - ozone.scm.db.dirs is not configured. We recommend adding this setting. Falling back to ozone.metadata.dirs instead.
2019-11-16 23:17:00,545 [main] INFO  util.log (Log.java:initialized(192)) - Logging initialized @843ms
2019-11-16 23:17:00,639 [main] INFO  db.DBStoreBuilder (DBStoreBuilder.java:addTable(127)) - using custom profile for table: deletedBlocks
2019-11-16 23:17:00,639 [main] INFO  db.DBStoreBuilder (DBStoreBuilder.java:processTables(183)) - Using default column profile:DBProfile.DISK for Table:deletedBlocks
2019-11-16 23:17:00,640 [main] INFO  db.DBStoreBuilder (DBStoreBuilder.java:addTable(127)) - using custom profile for table: validCerts
2019-11-16 23:17:00,640 [main] INFO  db.DBStoreBuilder (DBStoreBuilder.java:processTables(183)) - Using default column profile:DBProfile.DISK for Table:validCerts
2019-11-16 23:17:00,640 [main] INFO  db.DBStoreBuilder (DBStoreBuilder.java:addTable(127)) - using custom profile for table: revokedCerts
2019-11-16 23:17:00,640 [main] INFO  db.DBStoreBuilder (DBStoreBuilder.java:processTables(183)) - Using default column profile:DBProfile.DISK for Table:revokedCerts
2019-11-16 23:17:00,651 [main] INFO  db.DBStoreBuilder (DBStoreBuilder.java:addTable(127)) - using custom profile for table: default
2019-11-16 23:17:00,651 [main] INFO  db.DBStoreBuilder (DBStoreBuilder.java:processTables(189)) - Using default column profile:DBProfile.DISK for Table:default
2019-11-16 23:17:00,653 [main] INFO  db.DBStoreBuilder (DBStoreBuilder.java:getDbProfile(220)) - Using default options. DBProfile.DISK
2019-11-16 23:17:00,982 [main] INFO  net.NodeSchemaLoader (NodeSchemaLoader.java:loadSchemaFromFile(126)) - Loading file from sun.misc.CompoundEnumeration@5e0e82ae
2019-11-16 23:17:00,985 [main] INFO  net.NodeSchemaLoader (NodeSchemaLoader.java:loadSchema(172)) - Loading network topology layer schema file
2019-11-16 23:17:01,064 [main] INFO  node.SCMNodeManager (SCMNodeManager.java:<init>(116)) - Entering startup safe mode.
2019-11-16 23:17:01,129 [main] INFO  algorithms.ContainerPlacementPolicyFactory (ContainerPlacementPolicyFactory.java:getPolicy(57)) - Create container placement policy of type org.apache.hadoop.hdds.scm.container.placement.algorithms.SCMContainerPlacementRandom
2019-11-16 23:17:01,142 [main] WARN  server.ServerUtils (ServerUtils.java:getScmDbDir(145)) - ozone.scm.db.dirs is not configured. We recommend adding this setting. Falling back to ozone.metadata.dirs instead.
2019-11-16 23:17:01,247 [main] INFO  pipeline.SCMPipelineManager (SCMPipelineManager.java:initializePipelineState(136)) - No pipeline exists in current db
2019-11-16 23:17:01,250 [main] WARN  server.ServerUtils (ServerUtils.java:getScmDbDir(145)) - ozone.scm.db.dirs is not configured. We recommend adding this setting. Falling back to ozone.metadata.dirs instead.
2019-11-16 23:17:01,416 [main] INFO  safemode.HealthyPipelineSafeModeRule (HealthyPipelineSafeModeRule.java:<init>(92)) -  Total pipeline count is 0, healthy pipeline threshold count is 1
2019-11-16 23:17:01,420 [main] INFO  safemode.OneReplicaPipelineSafeModeRule (OneReplicaPipelineSafeModeRule.java:<init>(79)) - Total pipeline count is 0, pipeline's with at least one datanode reported threshold count is 0
2019-11-16 23:17:01,421 [main] WARN  events.EventQueue (EventQueue.java:fireEvent(183)) - No event handler registered for event TypedEvent{payloadType=SafeModeStatus, name='SafeModeStatus'}
2019-11-16 23:17:01,761 [main] INFO  ipc.CallQueueManager (CallQueueManager.java:<init>(84)) - Using callQueue: class java.util.concurrent.LinkedBlockingQueue, queueCapacity: 2000, scheduler: class org.apache.hadoop.ipc.DefaultRpcScheduler, ipcBackoff: false.
2019-11-16 23:17:01,904 [Socket Reader #1 for port 37114] INFO  ipc.Server (Server.java:run(1074)) - Starting Socket Reader #1 for port 37114
2019-11-16 23:17:01,940 [main] INFO  ipc.CallQueueManager (CallQueueManager.java:<init>(84)) - Using callQueue: class java.util.concurrent.LinkedBlockingQueue, queueCapacity: 2000, scheduler: class org.apache.hadoop.ipc.DefaultRpcScheduler, ipcBackoff: false.
2019-11-16 23:17:01,941 [Socket Reader #1 for port 38444] INFO  ipc.Server (Server.java:run(1074)) - Starting Socket Reader #1 for port 38444
2019-11-16 23:17:01,950 [main] INFO  ipc.CallQueueManager (CallQueueManager.java:<init>(84)) - Using callQueue: class java.util.concurrent.LinkedBlockingQueue, queueCapacity: 2000, scheduler: class org.apache.hadoop.ipc.DefaultRpcScheduler, ipcBackoff: false.
2019-11-16 23:17:01,951 [Socket Reader #1 for port 44521] INFO  ipc.Server (Server.java:run(1074)) - Starting Socket Reader #1 for port 44521
2019-11-16 23:17:01,977 [main] INFO  hdfs.DFSUtil (DFSUtil.java:httpServerTemplateForNNAndJN(1641)) - Starting Web-server for scm at: http://0.0.0.0:0
2019-11-16 23:17:02,121 [main] INFO  server.AuthenticationFilter (AuthenticationFilter.java:constructSecretProvider(240)) - Unable to initialize FileSignerSecretProvider, falling back to use random secrets.
2019-11-16 23:17:02,136 [main] WARN  http.HttpRequestLog (HttpRequestLog.java:getRequestLog(97)) - Jetty request log can only be enabled using Log4j
2019-11-16 23:17:02,145 [main] INFO  http.HttpServer2 (HttpServer2.java:addGlobalFilter(975)) - Added global filter 'safety' (class=org.apache.hadoop.http.HttpServer2$QuotingInputFilter)
2019-11-16 23:17:02,148 [main] INFO  http.HttpServer2 (HttpServer2.java:addFilter(948)) - Added filter static_user_filter (class=org.apache.hadoop.http.lib.StaticUserWebFilter$StaticUserFilter) to context scm
2019-11-16 23:17:02,148 [main] INFO  http.HttpServer2 (HttpServer2.java:addFilter(958)) - Added filter static_user_filter (class=org.apache.hadoop.http.lib.StaticUserWebFilter$StaticUserFilter) to context static
2019-11-16 23:17:02,148 [main] INFO  http.HttpServer2 (HttpServer2.java:addFilter(958)) - Added filter static_user_filter (class=org.apache.hadoop.http.lib.StaticUserWebFilter$StaticUserFilter) to context logs
2019-11-16 23:17:02,178 [main] INFO  server.StorageContainerManager (StorageContainerManager.java:start(765)) - StorageContainerLocationProtocol RPC server is listening at /0.0.0.0:44521
2019-11-16 23:17:02,255 [main] WARN  impl.MetricsConfig (MetricsConfig.java:loadFirst(134)) - Cannot locate configuration: tried hadoop-metrics2-storagecontainermanager.properties,hadoop-metrics2.properties
2019-11-16 23:17:02,271 [main] INFO  impl.MetricsSystemImpl (MetricsSystemImpl.java:startTimer(374)) - Scheduled Metric snapshot period at 10 second(s).
2019-11-16 23:17:02,272 [main] INFO  impl.MetricsSystemImpl (MetricsSystemImpl.java:start(191)) - StorageContainerManager metrics system started
2019-11-16 23:17:02,529 [main] INFO  server.SCMClientProtocolServer (SCMClientProtocolServer.java:start(160)) - RPC server for Client  is listening at /0.0.0.0:44521
2019-11-16 23:17:02,530 [IPC Server Responder] INFO  ipc.Server (Server.java:run(1314)) - IPC Server Responder: starting
2019-11-16 23:17:02,530 [IPC Server listener on 44521] INFO  ipc.Server (Server.java:run(1153)) - IPC Server listener on 44521: starting
2019-11-16 23:17:02,533 [main] INFO  server.StorageContainerManager (StorageContainerManager.java:start(775)) - ScmBlockLocationProtocol RPC server is listening at /0.0.0.0:38444
2019-11-16 23:17:02,534 [main] INFO  server.SCMBlockProtocolServer (SCMBlockProtocolServer.java:start(146)) - RPC server for Block Protocol is listening at /0.0.0.0:38444
2019-11-16 23:17:02,534 [IPC Server Responder] INFO  ipc.Server (Server.java:run(1314)) - IPC Server Responder: starting
2019-11-16 23:17:02,534 [IPC Server listener on 38444] INFO  ipc.Server (Server.java:run(1153)) - IPC Server listener on 38444: starting
2019-11-16 23:17:02,537 [main] INFO  server.StorageContainerManager (StorageContainerManager.java:start(779)) - ScmDatanodeProtocl RPC server is listening at /0.0.0.0:37114
2019-11-16 23:17:02,537 [main] INFO  server.SCMDatanodeProtocolServer (SCMDatanodeProtocolServer.java:start(177)) - RPC server for DataNodes is listening at /0.0.0.0:37114
2019-11-16 23:17:02,538 [IPC Server Responder] INFO  ipc.Server (Server.java:run(1314)) - IPC Server Responder: starting
2019-11-16 23:17:02,538 [IPC Server listener on 37114] INFO  ipc.Server (Server.java:run(1153)) - IPC Server listener on 37114: starting
2019-11-16 23:17:02,541 [main] INFO  http.HttpServer2 (HttpServer2.java:bindListener(1191)) - Jetty bound to port 44871
2019-11-16 23:17:02,543 [main] INFO  server.Server (Server.java:doStart(351)) - jetty-9.3.25.v20180904, build timestamp: 2018-09-04T21:11:46Z, git hash: 3ce520221d0240229c862b122d2b06c12a625732
2019-11-16 23:17:02,575 [main] INFO  handler.ContextHandler (ContextHandler.java:doStart(781)) - Started o.e.j.s.ServletContextHandler@4218500f{/logs,file:///workdir/hadoop-ozone/tools/target/log,AVAILABLE}
2019-11-16 23:17:02,575 [main] INFO  handler.ContextHandler (ContextHandler.java:doStart(781)) - Started o.e.j.s.ServletContextHandler@c2db68f{/static,jar:file:/home/user/.m2/repository/org/apache/hadoop/hadoop-hdds-server-scm/0.5.0-SNAPSHOT/hadoop-hdds-server-scm-0.5.0-SNAPSHOT.jar!/webapps/static,AVAILABLE}
2019-11-16 23:17:02,663 [main] INFO  handler.ContextHandler (ContextHandler.java:doStart(781)) - Started o.e.j.w.WebAppContext@37cd92d6{/,file:///tmp/jetty-0.0.0.0-44871-scm-_-any-6203047010126039567.dir/webapp/,AVAILABLE}{/scm}
2019-11-16 23:17:02,668 [main] INFO  server.AbstractConnector (AbstractConnector.java:doStart(278)) - Started ServerConnector@7e0aadd0{HTTP/1.1,[http/1.1]}{0.0.0.0:44871}
2019-11-16 23:17:02,669 [main] INFO  server.Server (Server.java:doStart(419)) - Started @2967ms
2019-11-16 23:17:02,671 [main] INFO  impl.MetricsSinkAdapter (MetricsSinkAdapter.java:start(204)) - Sink prometheus started
2019-11-16 23:17:02,671 [main] INFO  impl.MetricsSystemImpl (MetricsSystemImpl.java:registerSink(301)) - Registered sink prometheus
2019-11-16 23:17:02,674 [main] INFO  server.BaseHttpServer (BaseHttpServer.java:updateConnectorAddress(215)) - HTTP server of SCM is listening at http://0.0.0.0:44871
2019-11-16 23:17:02,684 [org.apache.hadoop.util.JvmPauseMonitor$Monitor@2f66e802] INFO  util.JvmPauseMonitor (JvmPauseMonitor.java:run(188)) - Starting JVM pause monitor
2019-11-16 23:17:02,690 [main] WARN  server.ServerUtils (ServerUtils.java:getDBPath(222)) - ozone.om.db.dirs is not configured. We recommend adding this setting. Falling back to ozone.metadata.dirs instead.
2019-11-16 23:17:02,843 [main] INFO  ha.OMHANodeDetails (OMHANodeDetails.java:loadOMHAConfig(190)) - Configuration either no ozone.om.address set. Falling back to the default OM address /127.0.0.1:0
2019-11-16 23:17:02,844 [main] INFO  ha.OMHANodeDetails (OMHANodeDetails.java:getOMNodeDetails(220)) - OM Service ID is not set. Setting it to the default ID: omServiceIdDefault
2019-11-16 23:17:02,846 [main] WARN  server.ServerUtils (ServerUtils.java:getDBPath(222)) - ozone.om.db.dirs is not configured. We recommend adding this setting. Falling back to ozone.metadata.dirs instead.
2019-11-16 23:17:02,847 [main] WARN  server.ServerUtils (ServerUtils.java:getDBPath(222)) - ozone.om.db.dirs is not configured. We recommend adding this setting. Falling back to ozone.metadata.dirs instead.
2019-11-16 23:17:03,544 [main] WARN  server.ServerUtils (ServerUtils.java:getDBPath(222)) - ozone.om.db.dirs is not configured. We recommend adding this setting. Falling back to ozone.metadata.dirs instead.
2019-11-16 23:17:03,553 [main] INFO  db.DBStoreBuilder (DBStoreBuilder.java:addTable(127)) - using custom profile for table: userTable
2019-11-16 23:17:03,553 [main] INFO  db.DBStoreBuilder (DBStoreBuilder.java:processTables(183)) - Using default column profile:DBProfile.DISK for Table:userTable
2019-11-16 23:17:03,553 [main] INFO  db.DBStoreBuilder (DBStoreBuilder.java:addTable(127)) - using custom profile for table: volumeTable
2019-11-16 23:17:03,554 [main] INFO  db.DBStoreBuilder (DBStoreBuilder.java:processTables(183)) - Using default column profile:DBProfile.DISK for Table:volumeTable
2019-11-16 23:17:03,554 [main] INFO  db.DBStoreBuilder (DBStoreBuilder.java:addTable(127)) - using custom profile for table: bucketTable
2019-11-16 23:17:03,554 [main] INFO  db.DBStoreBuilder (DBStoreBuilder.java:processTables(183)) - Using default column profile:DBProfile.DISK for Table:bucketTable
2019-11-16 23:17:03,554 [main] INFO  db.DBStoreBuilder (DBStoreBuilder.java:addTable(127)) - using custom profile for table: keyTable
2019-11-16 23:17:03,555 [main] INFO  db.DBStoreBuilder (DBStoreBuilder.java:processTables(183)) - Using default column profile:DBProfile.DISK for Table:keyTable
2019-11-16 23:17:03,555 [main] INFO  db.DBStoreBuilder (DBStoreBuilder.java:addTable(127)) - using custom profile for table: deletedTable
2019-11-16 23:17:03,555 [main] INFO  db.DBStoreBuilder (DBStoreBuilder.java:processTables(183)) - Using default column profile:DBProfile.DISK for Table:deletedTable
2019-11-16 23:17:03,555 [main] INFO  db.DBStoreBuilder (DBStoreBuilder.java:addTable(127)) - using custom profile for table: openKeyTable
2019-11-16 23:17:03,556 [main] INFO  db.DBStoreBuilder (DBStoreBuilder.java:processTables(183)) - Using default column profile:DBProfile.DISK for Table:openKeyTable
2019-11-16 23:17:03,556 [main] INFO  db.DBStoreBuilder (DBStoreBuilder.java:addTable(127)) - using custom profile for table: s3Table
2019-11-16 23:17:03,556 [main] INFO  db.DBStoreBuilder (DBStoreBuilder.java:processTables(183)) - Using default column profile:DBProfile.DISK for Table:s3Table
2019-11-16 23:17:03,556 [main] INFO  db.DBStoreBuilder (DBStoreBuilder.java:addTable(127)) - using custom profile for table: multipartInfoTable
2019-11-16 23:17:03,556 [main] INFO  db.DBStoreBuilder (DBStoreBuilder.java:processTables(183)) - Using default column profile:DBProfile.DISK for Table:multipartInfoTable
2019-11-16 23:17:03,557 [main] INFO  db.DBStoreBuilder (DBStoreBuilder.java:addTable(127)) - using custom profile for table: dTokenTable
2019-11-16 23:17:03,557 [main] INFO  db.DBStoreBuilder (DBStoreBuilder.java:processTables(183)) - Using default column profile:DBProfile.DISK for Table:dTokenTable
2019-11-16 23:17:03,557 [main] INFO  db.DBStoreBuilder (DBStoreBuilder.java:addTable(127)) - using custom profile for table: s3SecretTable
2019-11-16 23:17:03,557 [main] INFO  db.DBStoreBuilder (DBStoreBuilder.java:processTables(183)) - Using default column profile:DBProfile.DISK for Table:s3SecretTable
2019-11-16 23:17:03,558 [main] INFO  db.DBStoreBuilder (DBStoreBuilder.java:addTable(127)) - using custom profile for table: prefixTable
2019-11-16 23:17:03,558 [main] INFO  db.DBStoreBuilder (DBStoreBuilder.java:processTables(183)) - Using default column profile:DBProfile.DISK for Table:prefixTable
2019-11-16 23:17:03,558 [main] INFO  db.DBStoreBuilder (DBStoreBuilder.java:addTable(127)) - using custom profile for table: default
2019-11-16 23:17:03,558 [main] INFO  db.DBStoreBuilder (DBStoreBuilder.java:processTables(189)) - Using default column profile:DBProfile.DISK for Table:default
2019-11-16 23:17:03,559 [main] INFO  db.DBStoreBuilder (DBStoreBuilder.java:getDbProfile(220)) - Using default options. DBProfile.DISK
2019-11-16 23:17:04,218 [main] INFO  ipc.CallQueueManager (CallQueueManager.java:<init>(84)) - Using callQueue: class java.util.concurrent.LinkedBlockingQueue, queueCapacity: 2000, scheduler: class org.apache.hadoop.ipc.DefaultRpcScheduler, ipcBackoff: false.
2019-11-16 23:17:04,219 [Socket Reader #1 for port 35003] INFO  ipc.Server (Server.java:run(1074)) - Starting Socket Reader #1 for port 35003
2019-11-16 23:17:04,243 [main] INFO  om.OzoneManager (OzoneManager.java:start(1077)) - OzoneManager RPC server is listening at localhost/127.0.0.1:35003
2019-11-16 23:17:04,243 [main] INFO  impl.MetricsSystemImpl (MetricsSystemImpl.java:init(158)) - OzoneManager metrics system started (again)
2019-11-16 23:17:04,251 [IPC Server Responder] INFO  ipc.Server (Server.java:run(1314)) - IPC Server Responder: starting
2019-11-16 23:17:04,251 [IPC Server listener on 35003] INFO  ipc.Server (Server.java:run(1153)) - IPC Server listener on 35003: starting
2019-11-16 23:17:04,258 [main] INFO  hdfs.DFSUtil (DFSUtil.java:httpServerTemplateForNNAndJN(1641)) - Starting Web-server for ozoneManager at: http://0.0.0.0:0
2019-11-16 23:17:04,261 [main] INFO  server.AuthenticationFilter (AuthenticationFilter.java:constructSecretProvider(240)) - Unable to initialize FileSignerSecretProvider, falling back to use random secrets.
2019-11-16 23:17:04,261 [main] WARN  http.HttpRequestLog (HttpRequestLog.java:getRequestLog(97)) - Jetty request log can only be enabled using Log4j
2019-11-16 23:17:04,264 [main] INFO  http.HttpServer2 (HttpServer2.java:addGlobalFilter(975)) - Added global filter 'safety' (class=org.apache.hadoop.http.HttpServer2$QuotingInputFilter)
2019-11-16 23:17:04,265 [main] INFO  http.HttpServer2 (HttpServer2.java:addFilter(948)) - Added filter static_user_filter (class=org.apache.hadoop.http.lib.StaticUserWebFilter$StaticUserFilter) to context ozoneManager
2019-11-16 23:17:04,265 [main] INFO  http.HttpServer2 (HttpServer2.java:addFilter(958)) - Added filter static_user_filter (class=org.apache.hadoop.http.lib.StaticUserWebFilter$StaticUserFilter) to context static
2019-11-16 23:17:04,266 [main] INFO  http.HttpServer2 (HttpServer2.java:addFilter(958)) - Added filter static_user_filter (class=org.apache.hadoop.http.lib.StaticUserWebFilter$StaticUserFilter) to context logs
2019-11-16 23:17:04,268 [main] INFO  http.HttpServer2 (HttpServer2.java:bindListener(1191)) - Jetty bound to port 41951
2019-11-16 23:17:04,269 [main] INFO  server.Server (Server.java:doStart(351)) - jetty-9.3.25.v20180904, build timestamp: 2018-09-04T21:11:46Z, git hash: 3ce520221d0240229c862b122d2b06c12a625732
2019-11-16 23:17:04,271 [main] INFO  handler.ContextHandler (ContextHandler.java:doStart(781)) - Started o.e.j.s.ServletContextHandler@7e46d648{/logs,file:///workdir/hadoop-ozone/tools/target/log,AVAILABLE}
2019-11-16 23:17:04,272 [main] INFO  handler.ContextHandler (ContextHandler.java:doStart(781)) - Started o.e.j.s.ServletContextHandler@2b0b4d53{/static,jar:file:/home/user/.m2/repository/org/apache/hadoop/hadoop-ozone-ozone-manager/0.5.0-SNAPSHOT/hadoop-ozone-ozone-manager-0.5.0-SNAPSHOT.jar!/webapps/static,AVAILABLE}
2019-11-16 23:17:04,330 [main] INFO  handler.ContextHandler (ContextHandler.java:doStart(781)) - Started o.e.j.w.WebAppContext@4bee18dc{/,file:///tmp/jetty-0.0.0.0-41951-ozoneManager-_-any-4491491296133044710.dir/webapp/,AVAILABLE}{/ozoneManager}
2019-11-16 23:17:04,331 [main] INFO  server.AbstractConnector (AbstractConnector.java:doStart(278)) - Started ServerConnector@44f3fe83{HTTP/1.1,[http/1.1]}{0.0.0.0:41951}
2019-11-16 23:17:04,332 [main] INFO  server.Server (Server.java:doStart(419)) - Started @4630ms
2019-11-16 23:17:04,332 [main] WARN  impl.MetricsSystemImpl (MetricsSystemImpl.java:register(276)) - Sink prometheus already exists!
2019-11-16 23:17:04,333 [main] INFO  server.BaseHttpServer (BaseHttpServer.java:updateConnectorAddress(215)) - HTTP server of OZONEMANAGER is listening at http://0.0.0.0:41951
2019-11-16 23:17:04,619 [main] INFO  impl.MetricsSystemImpl (MetricsSystemImpl.java:init(158)) - HddsDatanode metrics system started (again)
2019-11-16 23:17:04,661 [main] INFO  ozone.HddsDatanodeService (HddsDatanodeService.java:start(186)) - HddsDatanodeService host:pr-hdds-2485-6tzkx-595685465 ip:192.168.157.223
2019-11-16 23:17:04,694 [main] INFO  volume.HddsVolume (HddsVolume.java:<init>(176)) - Creating Volume: /workdir/hadoop-ozone/tools/target/test-dir/MiniOzoneClusterImpl-e1879899-4ecd-4d74-848f-e4ebe2fe11d3/datanode-0/data/containers/hdds of  storage type : DISK and capacity : 1482555576320
2019-11-16 23:17:04,696 [main] INFO  volume.VolumeSet (VolumeSet.java:initializeVolumeSet(170)) - Added Volume : /workdir/hadoop-ozone/tools/target/test-dir/MiniOzoneClusterImpl-e1879899-4ecd-4d74-848f-e4ebe2fe11d3/datanode-0/data/containers/hdds to VolumeSet
2019-11-16 23:17:04,698 [main] INFO  volume.ThrottledAsyncChecker (ThrottledAsyncChecker.java:schedule(141)) - Scheduling a check for /workdir/hadoop-ozone/tools/target/test-dir/MiniOzoneClusterImpl-e1879899-4ecd-4d74-848f-e4ebe2fe11d3/datanode-0/data/containers/hdds
2019-11-16 23:17:04,715 [main] INFO  volume.HddsVolumeChecker (HddsVolumeChecker.java:checkAllVolumes(204)) - Scheduled health check for volume /workdir/hadoop-ozone/tools/target/test-dir/MiniOzoneClusterImpl-e1879899-4ecd-4d74-848f-e4ebe2fe11d3/datanode-0/data/containers/hdds
2019-11-16 23:17:04,838 [main] INFO  impl.RaftServerProxy (ConfUtils.java:logGet(43)) - raft.rpc.type = GRPC (default)
2019-11-16 23:17:04,906 [main] INFO  grpc.GrpcFactory (GrpcFactory.java:checkPooledByteBufAllocatorUseCacheForAllThreads(45)) - PERFORMANCE WARNING: useCacheForAllThreads is true that may cause Netty to create a lot garbage objects and, as a result, trigger GC.
	It is recommended to disable useCacheForAllThreads by setting -Dorg.apache.ratis.thirdparty.io.netty.allocator.useCacheForAllThreads=false in command line.
2019-11-16 23:17:04,912 [main] INFO  grpc.GrpcConfigKeys$Server (ConfUtils.java:logGet(43)) - raft.grpc.server.port = 0 (default)
2019-11-16 23:17:04,913 [main] INFO  server.GrpcService (ConfUtils.java:logGet(43)) - raft.grpc.message.size.max = 33570816 (custom)
2019-11-16 23:17:04,914 [main] INFO  server.RaftServerConfigKeys (ConfUtils.java:logGet(43)) - raft.server.log.appender.buffer.byte-limit = 33554432 (custom)
2019-11-16 23:17:04,915 [main] INFO  server.GrpcService (ConfUtils.java:logGet(43)) - raft.grpc.flow.control.window = 1MB (=1048576) (default)
2019-11-16 23:17:04,916 [main] INFO  server.RaftServerConfigKeys (ConfUtils.java:logGet(43)) - raft.server.rpc.request.timeout = 3000ms (default)
2019-11-16 23:17:05,077 [main] INFO  server.RaftServerConfigKeys (ConfUtils.java:logGet(43)) - raft.server.storage.dir = [/workdir/hadoop-ozone/tools/target/test-dir/MiniOzoneClusterImpl-e1879899-4ecd-4d74-848f-e4ebe2fe11d3/datanode-0/data/ratis] (custom)
2019-11-16 23:17:05,130 [main] INFO  hdfs.DFSUtil (DFSUtil.java:httpServerTemplateForNNAndJN(1641)) - Starting Web-server for hddsDatanode at: http://0.0.0.0:0
2019-11-16 23:17:05,132 [main] INFO  server.AuthenticationFilter (AuthenticationFilter.java:constructSecretProvider(240)) - Unable to initialize FileSignerSecretProvider, falling back to use random secrets.
2019-11-16 23:17:05,133 [main] WARN  http.HttpRequestLog (HttpRequestLog.java:getRequestLog(97)) - Jetty request log can only be enabled using Log4j
2019-11-16 23:17:05,135 [main] INFO  http.HttpServer2 (HttpServer2.java:addGlobalFilter(975)) - Added global filter 'safety' (class=org.apache.hadoop.http.HttpServer2$QuotingInputFilter)
2019-11-16 23:17:05,135 [main] INFO  http.HttpServer2 (HttpServer2.java:addFilter(948)) - Added filter static_user_filter (class=org.apache.hadoop.http.lib.StaticUserWebFilter$StaticUserFilter) to context hddsDatanode
2019-11-16 23:17:05,136 [main] INFO  http.HttpServer2 (HttpServer2.java:addFilter(958)) - Added filter static_user_filter (class=org.apache.hadoop.http.lib.StaticUserWebFilter$StaticUserFilter) to context logs
2019-11-16 23:17:05,136 [main] INFO  http.HttpServer2 (HttpServer2.java:addFilter(958)) - Added filter static_user_filter (class=org.apache.hadoop.http.lib.StaticUserWebFilter$StaticUserFilter) to context static
2019-11-16 23:17:05,137 [main] INFO  http.HttpServer2 (HttpServer2.java:bindListener(1191)) - Jetty bound to port 42995
2019-11-16 23:17:05,137 [main] INFO  server.Server (Server.java:doStart(351)) - jetty-9.3.25.v20180904, build timestamp: 2018-09-04T21:11:46Z, git hash: 3ce520221d0240229c862b122d2b06c12a625732
2019-11-16 23:17:05,140 [main] INFO  handler.ContextHandler (ContextHandler.java:doStart(781)) - Started o.e.j.s.ServletContextHandler@f951a7f{/logs,file:///workdir/hadoop-ozone/tools/target/log,AVAILABLE}
2019-11-16 23:17:05,140 [main] INFO  handler.ContextHandler (ContextHandler.java:doStart(781)) - Started o.e.j.s.ServletContextHandler@4c777e7b{/static,jar:file:/home/user/.m2/repository/org/apache/hadoop/hadoop-hdds-container-service/0.5.0-SNAPSHOT/hadoop-hdds-container-service-0.5.0-SNAPSHOT.jar!/webapps/static,AVAILABLE}
2019-11-16 23:17:05,172 [main] INFO  handler.ContextHandler (ContextHandler.java:doStart(781)) - Started o.e.j.w.WebAppContext@b606cb6{/,file:///tmp/jetty-0.0.0.0-42995-hddsDatanode-_-any-2060598498862593119.dir/webapp/,AVAILABLE}{/hddsDatanode}
2019-11-16 23:17:05,172 [main] INFO  server.AbstractConnector (AbstractConnector.java:doStart(278)) - Started ServerConnector@2a3194c6{HTTP/1.1,[http/1.1]}{0.0.0.0:42995}
2019-11-16 23:17:05,173 [main] INFO  server.Server (Server.java:doStart(419)) - Started @5471ms
2019-11-16 23:17:05,173 [main] WARN  impl.MetricsSystemImpl (MetricsSystemImpl.java:register(276)) - Sink prometheus already exists!
2019-11-16 23:17:05,175 [main] INFO  server.BaseHttpServer (BaseHttpServer.java:updateConnectorAddress(215)) - HTTP server of HDDSDATANODE is listening at http://0.0.0.0:42995
2019-11-16 23:17:05,175 [main] INFO  impl.MetricsSystemImpl (MetricsSystemImpl.java:init(158)) - HddsDatanode metrics system started (again)
2019-11-16 23:17:05,178 [main] INFO  ozone.HddsDatanodeService (HddsDatanodeService.java:start(186)) - HddsDatanodeService host:pr-hdds-2485-6tzkx-595685465 ip:192.168.157.223
2019-11-16 23:17:05,180 [org.apache.hadoop.util.JvmPauseMonitor$Monitor@2ff6fc4c] INFO  util.JvmPauseMonitor (JvmPauseMonitor.java:run(188)) - Starting JVM pause monitor
2019-11-16 23:17:05,189 [main] INFO  volume.HddsVolume (HddsVolume.java:<init>(176)) - Creating Volume: /workdir/hadoop-ozone/tools/target/test-dir/MiniOzoneClusterImpl-e1879899-4ecd-4d74-848f-e4ebe2fe11d3/datanode-1/data/containers/hdds of  storage type : DISK and capacity : 1482555576320
2019-11-16 23:17:05,189 [main] INFO  volume.VolumeSet (VolumeSet.java:initializeVolumeSet(170)) - Added Volume : /workdir/hadoop-ozone/tools/target/test-dir/MiniOzoneClusterImpl-e1879899-4ecd-4d74-848f-e4ebe2fe11d3/datanode-1/data/containers/hdds to VolumeSet
2019-11-16 23:17:05,190 [main] INFO  volume.ThrottledAsyncChecker (ThrottledAsyncChecker.java:schedule(141)) - Scheduling a check for /workdir/hadoop-ozone/tools/target/test-dir/MiniOzoneClusterImpl-e1879899-4ecd-4d74-848f-e4ebe2fe11d3/datanode-1/data/containers/hdds
2019-11-16 23:17:05,190 [main] INFO  volume.HddsVolumeChecker (HddsVolumeChecker.java:checkAllVolumes(204)) - Scheduled health check for volume /workdir/hadoop-ozone/tools/target/test-dir/MiniOzoneClusterImpl-e1879899-4ecd-4d74-848f-e4ebe2fe11d3/datanode-1/data/containers/hdds
2019-11-16 23:17:05,214 [main] INFO  impl.RaftServerProxy (ConfUtils.java:logGet(43)) - raft.rpc.type = GRPC (default)
2019-11-16 23:17:05,214 [main] INFO  grpc.GrpcFactory (GrpcFactory.java:checkPooledByteBufAllocatorUseCacheForAllThreads(45)) - PERFORMANCE WARNING: useCacheForAllThreads is true that may cause Netty to create a lot garbage objects and, as a result, trigger GC.
	It is recommended to disable useCacheForAllThreads by setting -Dorg.apache.ratis.thirdparty.io.netty.allocator.useCacheForAllThreads=false in command line.
2019-11-16 23:17:05,215 [main] INFO  grpc.GrpcConfigKeys$Server (ConfUtils.java:logGet(43)) - raft.grpc.server.port = 0 (default)
2019-11-16 23:17:05,215 [main] INFO  server.GrpcService (ConfUtils.java:logGet(43)) - raft.grpc.message.size.max = 33570816 (custom)
2019-11-16 23:17:05,215 [main] INFO  server.RaftServerConfigKeys (ConfUtils.java:logGet(43)) - raft.server.log.appender.buffer.byte-limit = 33554432 (custom)
2019-11-16 23:17:05,215 [main] INFO  server.GrpcService (ConfUtils.java:logGet(43)) - raft.grpc.flow.control.window = 1MB (=1048576) (default)
2019-11-16 23:17:05,216 [main] INFO  server.RaftServerConfigKeys (ConfUtils.java:logGet(43)) - raft.server.rpc.request.timeout = 3000ms (default)
2019-11-16 23:17:05,216 [main] INFO  server.RaftServerConfigKeys (ConfUtils.java:logGet(43)) - raft.server.storage.dir = [/workdir/hadoop-ozone/tools/target/test-dir/MiniOzoneClusterImpl-e1879899-4ecd-4d74-848f-e4ebe2fe11d3/datanode-1/data/ratis] (custom)
2019-11-16 23:17:05,219 [main] INFO  hdfs.DFSUtil (DFSUtil.java:httpServerTemplateForNNAndJN(1641)) - Starting Web-server for hddsDatanode at: http://0.0.0.0:0
2019-11-16 23:17:05,220 [main] INFO  server.AuthenticationFilter (AuthenticationFilter.java:constructSecretProvider(240)) - Unable to initialize FileSignerSecretProvider, falling back to use random secrets.
2019-11-16 23:17:05,221 [main] WARN  http.HttpRequestLog (HttpRequestLog.java:getRequestLog(97)) - Jetty request log can only be enabled using Log4j
2019-11-16 23:17:05,223 [main] INFO  http.HttpServer2 (HttpServer2.java:addGlobalFilter(975)) - Added global filter 'safety' (class=org.apache.hadoop.http.HttpServer2$QuotingInputFilter)
2019-11-16 23:17:05,224 [main] INFO  http.HttpServer2 (HttpServer2.java:addFilter(948)) - Added filter static_user_filter (class=org.apache.hadoop.http.lib.StaticUserWebFilter$StaticUserFilter) to context hddsDatanode
2019-11-16 23:17:05,224 [main] INFO  http.HttpServer2 (HttpServer2.java:addFilter(958)) - Added filter static_user_filter (class=org.apache.hadoop.http.lib.StaticUserWebFilter$StaticUserFilter) to context logs
2019-11-16 23:17:05,224 [main] INFO  http.HttpServer2 (HttpServer2.java:addFilter(958)) - Added filter static_user_filter (class=org.apache.hadoop.http.lib.StaticUserWebFilter$StaticUserFilter) to context static
2019-11-16 23:17:05,226 [main] INFO  http.HttpServer2 (HttpServer2.java:bindListener(1191)) - Jetty bound to port 41582
2019-11-16 23:17:05,226 [main] INFO  server.Server (Server.java:doStart(351)) - jetty-9.3.25.v20180904, build timestamp: 2018-09-04T21:11:46Z, git hash: 3ce520221d0240229c862b122d2b06c12a625732
2019-11-16 23:17:05,229 [main] INFO  handler.ContextHandler (ContextHandler.java:doStart(781)) - Started o.e.j.s.ServletContextHandler@5e1d03d7{/logs,file:///workdir/hadoop-ozone/tools/target/log,AVAILABLE}
2019-11-16 23:17:05,230 [main] INFO  handler.ContextHandler (ContextHandler.java:doStart(781)) - Started o.e.j.s.ServletContextHandler@48d293ee{/static,jar:file:/home/user/.m2/repository/org/apache/hadoop/hadoop-hdds-container-service/0.5.0-SNAPSHOT/hadoop-hdds-container-service-0.5.0-SNAPSHOT.jar!/webapps/static,AVAILABLE}
2019-11-16 23:17:05,269 [main] INFO  handler.ContextHandler (ContextHandler.java:doStart(781)) - Started o.e.j.w.WebAppContext@1229a2b7{/,file:///tmp/jetty-0.0.0.0-41582-hddsDatanode-_-any-2790332624261323235.dir/webapp/,AVAILABLE}{/hddsDatanode}
2019-11-16 23:17:05,270 [main] INFO  server.AbstractConnector (AbstractConnector.java:doStart(278)) - Started ServerConnector@e5cbff2{HTTP/1.1,[http/1.1]}{0.0.0.0:41582}
2019-11-16 23:17:05,270 [main] INFO  server.Server (Server.java:doStart(419)) - Started @5568ms
2019-11-16 23:17:05,271 [main] WARN  impl.MetricsSystemImpl (MetricsSystemImpl.java:register(276)) - Sink prometheus already exists!
2019-11-16 23:17:05,273 [main] INFO  server.BaseHttpServer (BaseHttpServer.java:updateConnectorAddress(215)) - HTTP server of HDDSDATANODE is listening at http://0.0.0.0:41582
2019-11-16 23:17:05,274 [main] INFO  impl.MetricsSystemImpl (MetricsSystemImpl.java:init(158)) - HddsDatanode metrics system started (again)
2019-11-16 23:17:05,278 [org.apache.hadoop.util.JvmPauseMonitor$Monitor@20dcb9ea] INFO  util.JvmPauseMonitor (JvmPauseMonitor.java:run(188)) - Starting JVM pause monitor
2019-11-16 23:17:05,279 [main] INFO  ozone.HddsDatanodeService (HddsDatanodeService.java:start(186)) - HddsDatanodeService host:pr-hdds-2485-6tzkx-595685465 ip:192.168.157.223
2019-11-16 23:17:05,279 [Datanode State Machine Thread - 0] INFO  datanode.InitDatanodeState (InitDatanodeState.java:persistContainerDatanodeDetails(140)) - DatanodeDetails is persisted to /workdir/hadoop-ozone/tools/target/test-dir/MiniOzoneClusterImpl-e1879899-4ecd-4d74-848f-e4ebe2fe11d3/datanode-0/meta/datanode.id
2019-11-16 23:17:05,284 [Datanode State Machine Thread - 0] INFO  datanode.InitDatanodeState (InitDatanodeState.java:persistContainerDatanodeDetails(140)) - DatanodeDetails is persisted to /workdir/hadoop-ozone/tools/target/test-dir/MiniOzoneClusterImpl-e1879899-4ecd-4d74-848f-e4ebe2fe11d3/datanode-1/meta/datanode.id
2019-11-16 23:17:05,291 [main] INFO  volume.HddsVolume (HddsVolume.java:<init>(176)) - Creating Volume: /workdir/hadoop-ozone/tools/target/test-dir/MiniOzoneClusterImpl-e1879899-4ecd-4d74-848f-e4ebe2fe11d3/datanode-2/data/containers/hdds of  storage type : DISK and capacity : 1482555576320
2019-11-16 23:17:05,292 [main] INFO  volume.VolumeSet (VolumeSet.java:initializeVolumeSet(170)) - Added Volume : /workdir/hadoop-ozone/tools/target/test-dir/MiniOzoneClusterImpl-e1879899-4ecd-4d74-848f-e4ebe2fe11d3/datanode-2/data/containers/hdds to VolumeSet
2019-11-16 23:17:05,292 [main] INFO  volume.ThrottledAsyncChecker (ThrottledAsyncChecker.java:schedule(141)) - Scheduling a check for /workdir/hadoop-ozone/tools/target/test-dir/MiniOzoneClusterImpl-e1879899-4ecd-4d74-848f-e4ebe2fe11d3/datanode-2/data/containers/hdds
2019-11-16 23:17:05,293 [main] INFO  volume.HddsVolumeChecker (HddsVolumeChecker.java:checkAllVolumes(204)) - Scheduled health check for volume /workdir/hadoop-ozone/tools/target/test-dir/MiniOzoneClusterImpl-e1879899-4ecd-4d74-848f-e4ebe2fe11d3/datanode-2/data/containers/hdds
2019-11-16 23:17:05,313 [main] INFO  impl.RaftServerProxy (ConfUtils.java:logGet(43)) - raft.rpc.type = GRPC (default)
2019-11-16 23:17:05,314 [main] INFO  grpc.GrpcFactory (GrpcFactory.java:checkPooledByteBufAllocatorUseCacheForAllThreads(45)) - PERFORMANCE WARNING: useCacheForAllThreads is true that may cause Netty to create a lot garbage objects and, as a result, trigger GC.
	It is recommended to disable useCacheForAllThreads by setting -Dorg.apache.ratis.thirdparty.io.netty.allocator.useCacheForAllThreads=false in command line.
2019-11-16 23:17:05,314 [main] INFO  grpc.GrpcConfigKeys$Server (ConfUtils.java:logGet(43)) - raft.grpc.server.port = 0 (default)
2019-11-16 23:17:05,314 [main] INFO  server.GrpcService (ConfUtils.java:logGet(43)) - raft.grpc.message.size.max = 33570816 (custom)
2019-11-16 23:17:05,315 [main] INFO  server.RaftServerConfigKeys (ConfUtils.java:logGet(43)) - raft.server.log.appender.buffer.byte-limit = 33554432 (custom)
2019-11-16 23:17:05,315 [main] INFO  server.GrpcService (ConfUtils.java:logGet(43)) - raft.grpc.flow.control.window = 1MB (=1048576) (default)
2019-11-16 23:17:05,315 [main] INFO  server.RaftServerConfigKeys (ConfUtils.java:logGet(43)) - raft.server.rpc.request.timeout = 3000ms (default)
2019-11-16 23:17:05,316 [main] INFO  server.RaftServerConfigKeys (ConfUtils.java:logGet(43)) - raft.server.storage.dir = [/workdir/hadoop-ozone/tools/target/test-dir/MiniOzoneClusterImpl-e1879899-4ecd-4d74-848f-e4ebe2fe11d3/datanode-2/data/ratis] (custom)
2019-11-16 23:17:05,319 [main] INFO  hdfs.DFSUtil (DFSUtil.java:httpServerTemplateForNNAndJN(1641)) - Starting Web-server for hddsDatanode at: http://0.0.0.0:0
2019-11-16 23:17:05,321 [main] INFO  server.AuthenticationFilter (AuthenticationFilter.java:constructSecretProvider(240)) - Unable to initialize FileSignerSecretProvider, falling back to use random secrets.
2019-11-16 23:17:05,321 [main] WARN  http.HttpRequestLog (HttpRequestLog.java:getRequestLog(97)) - Jetty request log can only be enabled using Log4j
2019-11-16 23:17:05,323 [main] INFO  http.HttpServer2 (HttpServer2.java:addGlobalFilter(975)) - Added global filter 'safety' (class=org.apache.hadoop.http.HttpServer2$QuotingInputFilter)
2019-11-16 23:17:05,324 [main] INFO  http.HttpServer2 (HttpServer2.java:addFilter(948)) - Added filter static_user_filter (class=org.apache.hadoop.http.lib.StaticUserWebFilter$StaticUserFilter) to context hddsDatanode
2019-11-16 23:17:05,324 [main] INFO  http.HttpServer2 (HttpServer2.java:addFilter(958)) - Added filter static_user_filter (class=org.apache.hadoop.http.lib.StaticUserWebFilter$StaticUserFilter) to context static
2019-11-16 23:17:05,324 [main] INFO  http.HttpServer2 (HttpServer2.java:addFilter(958)) - Added filter static_user_filter (class=org.apache.hadoop.http.lib.StaticUserWebFilter$StaticUserFilter) to context logs
2019-11-16 23:17:05,325 [main] INFO  http.HttpServer2 (HttpServer2.java:bindListener(1191)) - Jetty bound to port 34918
2019-11-16 23:17:05,326 [main] INFO  server.Server (Server.java:doStart(351)) - jetty-9.3.25.v20180904, build timestamp: 2018-09-04T21:11:46Z, git hash: 3ce520221d0240229c862b122d2b06c12a625732
2019-11-16 23:17:05,328 [main] INFO  handler.ContextHandler (ContextHandler.java:doStart(781)) - Started o.e.j.s.ServletContextHandler@60bbacfc{/logs,file:///workdir/hadoop-ozone/tools/target/log,AVAILABLE}
2019-11-16 23:17:05,329 [main] INFO  handler.ContextHandler (ContextHandler.java:doStart(781)) - Started o.e.j.s.ServletContextHandler@255eaa6b{/static,jar:file:/home/user/.m2/repository/org/apache/hadoop/hadoop-hdds-container-service/0.5.0-SNAPSHOT/hadoop-hdds-container-service-0.5.0-SNAPSHOT.jar!/webapps/static,AVAILABLE}
2019-11-16 23:17:05,366 [main] INFO  handler.ContextHandler (ContextHandler.java:doStart(781)) - Started o.e.j.w.WebAppContext@46963479{/,file:///tmp/jetty-0.0.0.0-34918-hddsDatanode-_-any-422688984357919454.dir/webapp/,AVAILABLE}{/hddsDatanode}
2019-11-16 23:17:05,367 [main] INFO  server.AbstractConnector (AbstractConnector.java:doStart(278)) - Started ServerConnector@7e74a380{HTTP/1.1,[http/1.1]}{0.0.0.0:34918}
2019-11-16 23:17:05,367 [main] INFO  server.Server (Server.java:doStart(419)) - Started @5665ms
2019-11-16 23:17:05,368 [main] WARN  impl.MetricsSystemImpl (MetricsSystemImpl.java:register(276)) - Sink prometheus already exists!
2019-11-16 23:17:05,369 [main] INFO  server.BaseHttpServer (BaseHttpServer.java:updateConnectorAddress(215)) - HTTP server of HDDSDATANODE is listening at http://0.0.0.0:34918
2019-11-16 23:17:05,371 [main] INFO  ozone.MiniOzoneClusterImpl (MiniOzoneClusterImpl.java:lambda$waitForClusterToBeReady$0(150)) - Waiting for nodes to be ready. Got 0 of 3 DN Heartbeats.
2019-11-16 23:17:05,371 [main] INFO  ozone.MiniOzoneClusterImpl (MiniOzoneClusterImpl.java:lambda$waitForClusterToBeReady$0(153)) - Waiting for cluster to exit safe mode
2019-11-16 23:17:05,372 [org.apache.hadoop.util.JvmPauseMonitor$Monitor@1dc5fd2c] INFO  util.JvmPauseMonitor (JvmPauseMonitor.java:run(188)) - Starting JVM pause monitor
2019-11-16 23:17:05,377 [Datanode State Machine Thread - 0] INFO  datanode.InitDatanodeState (InitDatanodeState.java:persistContainerDatanodeDetails(140)) - DatanodeDetails is persisted to /workdir/hadoop-ozone/tools/target/test-dir/MiniOzoneClusterImpl-e1879899-4ecd-4d74-848f-e4ebe2fe11d3/datanode-2/meta/datanode.id
2019-11-16 23:17:06,371 [main] INFO  ozone.MiniOzoneClusterImpl (MiniOzoneClusterImpl.java:lambda$waitForClusterToBeReady$0(150)) - Waiting for nodes to be ready. Got 0 of 3 DN Heartbeats.
2019-11-16 23:17:06,372 [main] INFO  ozone.MiniOzoneClusterImpl (MiniOzoneClusterImpl.java:lambda$waitForClusterToBeReady$0(153)) - Waiting for cluster to exit safe mode
2019-11-16 23:17:07,287 [Datanode State Machine Thread - 0] INFO  ozoneimpl.OzoneContainer (OzoneContainer.java:start(230)) - Attempting to start container services.
2019-11-16 23:17:07,291 [Datanode State Machine Thread - 0] INFO  ozoneimpl.OzoneContainer (OzoneContainer.java:startContainerScrub(194)) - Background container scanner has been disabled.
2019-11-16 23:17:07,291 [Datanode State Machine Thread - 0] INFO  ratis.XceiverServerRatis (XceiverServerRatis.java:start(422)) - Starting XceiverServerRatis 3edf731e-a2c9-4ba1-bb62-f05ea8542184 at port 0
2019-11-16 23:17:07,309 [Datanode State Machine Thread - 0] INFO  ozoneimpl.OzoneContainer (OzoneContainer.java:start(230)) - Attempting to start container services.
2019-11-16 23:17:07,316 [Datanode State Machine Thread - 0] INFO  ozoneimpl.OzoneContainer (OzoneContainer.java:startContainerScrub(194)) - Background container scanner has been disabled.
2019-11-16 23:17:07,316 [Datanode State Machine Thread - 0] INFO  ratis.XceiverServerRatis (XceiverServerRatis.java:start(422)) - Starting XceiverServerRatis b4a35661-9689-4ac7-ac3c-4d2b2d408aa5 at port 0
2019-11-16 23:17:07,326 [Datanode State Machine Thread - 0] INFO  impl.RaftServerProxy (RaftServerProxy.java:lambda$start$3(299)) - 3edf731e-a2c9-4ba1-bb62-f05ea8542184: start RPC server
2019-11-16 23:17:07,331 [Datanode State Machine Thread - 0] INFO  impl.RaftServerProxy (RaftServerProxy.java:lambda$start$3(299)) - b4a35661-9689-4ac7-ac3c-4d2b2d408aa5: start RPC server
2019-11-16 23:17:07,372 [main] INFO  ozone.MiniOzoneClusterImpl (MiniOzoneClusterImpl.java:lambda$waitForClusterToBeReady$0(150)) - Waiting for nodes to be ready. Got 0 of 3 DN Heartbeats.
2019-11-16 23:17:07,373 [main] INFO  ozone.MiniOzoneClusterImpl (MiniOzoneClusterImpl.java:lambda$waitForClusterToBeReady$0(153)) - Waiting for cluster to exit safe mode
2019-11-16 23:17:07,400 [Datanode State Machine Thread - 0] INFO  ozoneimpl.OzoneContainer (OzoneContainer.java:start(230)) - Attempting to start container services.
2019-11-16 23:17:07,402 [Datanode State Machine Thread - 0] INFO  ozoneimpl.OzoneContainer (OzoneContainer.java:startContainerScrub(194)) - Background container scanner has been disabled.
2019-11-16 23:17:07,402 [Datanode State Machine Thread - 0] INFO  ratis.XceiverServerRatis (XceiverServerRatis.java:start(422)) - Starting XceiverServerRatis d9c3a1f9-f3cd-454d-8ade-69242b77ac9e at port 0
2019-11-16 23:17:07,414 [Datanode State Machine Thread - 0] INFO  impl.RaftServerProxy (RaftServerProxy.java:lambda$start$3(299)) - d9c3a1f9-f3cd-454d-8ade-69242b77ac9e: start RPC server
2019-11-16 23:17:07,462 [Datanode State Machine Thread - 0] INFO  server.GrpcService (GrpcService.java:startImpl(158)) - b4a35661-9689-4ac7-ac3c-4d2b2d408aa5: GrpcService started, listening on 0.0.0.0/0.0.0.0:46550
2019-11-16 23:17:07,462 [Datanode State Machine Thread - 0] INFO  server.GrpcService (GrpcService.java:startImpl(158)) - d9c3a1f9-f3cd-454d-8ade-69242b77ac9e: GrpcService started, listening on 0.0.0.0/0.0.0.0:43662
2019-11-16 23:17:07,462 [Datanode State Machine Thread - 0] INFO  server.GrpcService (GrpcService.java:startImpl(158)) - 3edf731e-a2c9-4ba1-bb62-f05ea8542184: GrpcService started, listening on 0.0.0.0/0.0.0.0:41261
2019-11-16 23:17:07,464 [Datanode State Machine Thread - 0] INFO  ratis.XceiverServerRatis (XceiverServerRatis.java:start(432)) - XceiverServerRatis d9c3a1f9-f3cd-454d-8ade-69242b77ac9e is started using port 43662
2019-11-16 23:17:07,463 [Datanode State Machine Thread - 0] INFO  ratis.XceiverServerRatis (XceiverServerRatis.java:start(432)) - XceiverServerRatis b4a35661-9689-4ac7-ac3c-4d2b2d408aa5 is started using port 46550
2019-11-16 23:17:07,464 [Datanode State Machine Thread - 0] INFO  ratis.XceiverServerRatis (XceiverServerRatis.java:start(432)) - XceiverServerRatis 3edf731e-a2c9-4ba1-bb62-f05ea8542184 is started using port 41261
2019-11-16 23:17:07,470 [Datanode State Machine Thread - 0] INFO  server.XceiverServerGrpc (XceiverServerGrpc.java:start(145)) - XceiverServerGrpc b4a35661-9689-4ac7-ac3c-4d2b2d408aa5 is started using port 38374
2019-11-16 23:17:07,471 [Datanode State Machine Thread - 0] INFO  server.XceiverServerGrpc (XceiverServerGrpc.java:start(145)) - XceiverServerGrpc d9c3a1f9-f3cd-454d-8ade-69242b77ac9e is started using port 42709
2019-11-16 23:17:07,470 [Datanode State Machine Thread - 0] INFO  server.XceiverServerGrpc (XceiverServerGrpc.java:start(145)) - XceiverServerGrpc 3edf731e-a2c9-4ba1-bb62-f05ea8542184 is started using port 35633
2019-11-16 23:17:08,373 [main] INFO  ozone.MiniOzoneClusterImpl (MiniOzoneClusterImpl.java:lambda$waitForClusterToBeReady$0(150)) - Waiting for nodes to be ready. Got 0 of 3 DN Heartbeats.
2019-11-16 23:17:08,374 [main] INFO  ozone.MiniOzoneClusterImpl (MiniOzoneClusterImpl.java:lambda$waitForClusterToBeReady$0(153)) - Waiting for cluster to exit safe mode
2019-11-16 23:17:09,224 [IPC Server handler 0 on 37114] INFO  net.NetworkTopology (NetworkTopologyImpl.java:add(111)) - Added a new node: /default-rack/3edf731e-a2c9-4ba1-bb62-f05ea8542184
2019-11-16 23:17:09,225 [IPC Server handler 0 on 37114] INFO  node.SCMNodeManager (SCMNodeManager.java:register(267)) - Registered Data node : 3edf731e-a2c9-4ba1-bb62-f05ea8542184{ip: 192.168.157.223, host: pr-hdds-2485-6tzkx-595685465, networkLocation: /default-rack, certSerialId: null}
2019-11-16 23:17:09,228 [EventQueue-NodeRegistrationContainerReportForContainerSafeModeRule] INFO  safemode.SCMSafeModeManager (SCMSafeModeManager.java:validateSafeModeExitRules(176)) - ContainerSafeModeRule rule is successfully validated
2019-11-16 23:17:09,228 [EventQueue-NodeRegistrationContainerReportForDataNodeSafeModeRule] INFO  safemode.SCMSafeModeManager (DataNodeSafeModeRule.java:process(71)) - SCM in safe mode. 1 DataNodes registered, 1 required.
2019-11-16 23:17:09,229 [EventQueue-NodeRegistrationContainerReportForDataNodeSafeModeRule] INFO  safemode.SCMSafeModeManager (SCMSafeModeManager.java:validateSafeModeExitRules(176)) - DataNodeSafeModeRule rule is successfully validated
2019-11-16 23:17:09,232 [RatisPipelineUtilsThread] INFO  pipeline.RatisPipelineProvider (RatisPipelineProvider.java:lambda$create$4(163)) - Send pipeline:PipelineID=ce955bc7-55ac-4091-9e85-2231e0afb2ca create command to datanode 3edf731e-a2c9-4ba1-bb62-f05ea8542184
2019-11-16 23:17:09,248 [RatisPipelineUtilsThread] INFO  pipeline.PipelineStateManager (PipelineStateManager.java:addPipeline(55)) - Created pipeline Pipeline[ Id: ce955bc7-55ac-4091-9e85-2231e0afb2ca, Nodes: 3edf731e-a2c9-4ba1-bb62-f05ea8542184{ip: 192.168.157.223, host: pr-hdds-2485-6tzkx-595685465, networkLocation: /default-rack, certSerialId: null}, Type:RATIS, Factor:ONE, State:ALLOCATED]
2019-11-16 23:17:09,280 [IPC Server handler 1 on 37114] INFO  net.NetworkTopology (NetworkTopologyImpl.java:add(111)) - Added a new node: /default-rack/b4a35661-9689-4ac7-ac3c-4d2b2d408aa5
2019-11-16 23:17:09,280 [IPC Server handler 1 on 37114] INFO  node.SCMNodeManager (SCMNodeManager.java:register(267)) - Registered Data node : b4a35661-9689-4ac7-ac3c-4d2b2d408aa5{ip: 192.168.157.223, host: pr-hdds-2485-6tzkx-595685465, networkLocation: /default-rack, certSerialId: null}
2019-11-16 23:17:09,280 [EventQueue-NodeRegistrationContainerReportForContainerSafeModeRule] INFO  safemode.SCMSafeModeManager (SCMSafeModeManager.java:validateSafeModeExitRules(176)) - ContainerSafeModeRule rule is successfully validated
2019-11-16 23:17:09,280 [EventQueue-NodeRegistrationContainerReportForDataNodeSafeModeRule] INFO  safemode.SCMSafeModeManager (SCMSafeModeManager.java:validateSafeModeExitRules(176)) - DataNodeSafeModeRule rule is successfully validated
2019-11-16 23:17:09,281 [RatisPipelineUtilsThread] INFO  pipeline.RatisPipelineProvider (RatisPipelineProvider.java:lambda$create$4(163)) - Send pipeline:PipelineID=06bbbc5e-c2bb-4c7e-b5f8-436d43f20641 create command to datanode b4a35661-9689-4ac7-ac3c-4d2b2d408aa5
2019-11-16 23:17:09,282 [RatisPipelineUtilsThread] INFO  pipeline.PipelineStateManager (PipelineStateManager.java:addPipeline(55)) - Created pipeline Pipeline[ Id: 06bbbc5e-c2bb-4c7e-b5f8-436d43f20641, Nodes: b4a35661-9689-4ac7-ac3c-4d2b2d408aa5{ip: 192.168.157.223, host: pr-hdds-2485-6tzkx-595685465, networkLocation: /default-rack, certSerialId: null}, Type:RATIS, Factor:ONE, State:ALLOCATED]
2019-11-16 23:17:09,374 [main] INFO  ozone.MiniOzoneClusterImpl (MiniOzoneClusterImpl.java:lambda$waitForClusterToBeReady$0(150)) - Waiting for nodes to be ready. Got 2 of 3 DN Heartbeats.
2019-11-16 23:17:09,375 [main] INFO  ozone.MiniOzoneClusterImpl (MiniOzoneClusterImpl.java:lambda$waitForClusterToBeReady$0(153)) - Waiting for cluster to exit safe mode
2019-11-16 23:17:09,376 [IPC Server handler 2 on 37114] INFO  net.NetworkTopology (NetworkTopologyImpl.java:add(111)) - Added a new node: /default-rack/d9c3a1f9-f3cd-454d-8ade-69242b77ac9e
2019-11-16 23:17:09,377 [IPC Server handler 2 on 37114] INFO  node.SCMNodeManager (SCMNodeManager.java:register(267)) - Registered Data node : d9c3a1f9-f3cd-454d-8ade-69242b77ac9e{ip: 192.168.157.223, host: pr-hdds-2485-6tzkx-595685465, networkLocation: /default-rack, certSerialId: null}
2019-11-16 23:17:09,377 [RatisPipelineUtilsThread] INFO  pipeline.RatisPipelineProvider (RatisPipelineProvider.java:lambda$create$4(163)) - Send pipeline:PipelineID=b46016cd-6589-46e9-8075-af8b4085248f create command to datanode d9c3a1f9-f3cd-454d-8ade-69242b77ac9e
2019-11-16 23:17:09,377 [EventQueue-NodeRegistrationContainerReportForContainerSafeModeRule] INFO  safemode.SCMSafeModeManager (SCMSafeModeManager.java:validateSafeModeExitRules(176)) - ContainerSafeModeRule rule is successfully validated
2019-11-16 23:17:09,377 [EventQueue-NodeRegistrationContainerReportForDataNodeSafeModeRule] INFO  safemode.SCMSafeModeManager (SCMSafeModeManager.java:validateSafeModeExitRules(176)) - DataNodeSafeModeRule rule is successfully validated
2019-11-16 23:17:09,378 [RatisPipelineUtilsThread] INFO  pipeline.PipelineStateManager (PipelineStateManager.java:addPipeline(55)) - Created pipeline Pipeline[ Id: b46016cd-6589-46e9-8075-af8b4085248f, Nodes: d9c3a1f9-f3cd-454d-8ade-69242b77ac9e{ip: 192.168.157.223, host: pr-hdds-2485-6tzkx-595685465, networkLocation: /default-rack, certSerialId: null}, Type:RATIS, Factor:ONE, State:ALLOCATED]
2019-11-16 23:17:09,380 [RatisPipelineUtilsThread] INFO  pipeline.RatisPipelineProvider (RatisPipelineProvider.java:lambda$create$4(163)) - Send pipeline:PipelineID=3fe9ccbf-0a25-4abc-9b1d-b0d11a8f0f54 create command to datanode 3edf731e-a2c9-4ba1-bb62-f05ea8542184
2019-11-16 23:17:09,380 [RatisPipelineUtilsThread] INFO  pipeline.RatisPipelineProvider (RatisPipelineProvider.java:lambda$create$4(163)) - Send pipeline:PipelineID=3fe9ccbf-0a25-4abc-9b1d-b0d11a8f0f54 create command to datanode d9c3a1f9-f3cd-454d-8ade-69242b77ac9e
2019-11-16 23:17:09,381 [RatisPipelineUtilsThread] INFO  pipeline.RatisPipelineProvider (RatisPipelineProvider.java:lambda$create$4(163)) - Send pipeline:PipelineID=3fe9ccbf-0a25-4abc-9b1d-b0d11a8f0f54 create command to datanode b4a35661-9689-4ac7-ac3c-4d2b2d408aa5
2019-11-16 23:17:09,382 [RatisPipelineUtilsThread] INFO  pipeline.PipelineStateManager (PipelineStateManager.java:addPipeline(55)) - Created pipeline Pipeline[ Id: 3fe9ccbf-0a25-4abc-9b1d-b0d11a8f0f54, Nodes: 3edf731e-a2c9-4ba1-bb62-f05ea8542184{ip: 192.168.157.223, host: pr-hdds-2485-6tzkx-595685465, networkLocation: /default-rack, certSerialId: null}d9c3a1f9-f3cd-454d-8ade-69242b77ac9e{ip: 192.168.157.223, host: pr-hdds-2485-6tzkx-595685465, networkLocation: /default-rack, certSerialId: null}b4a35661-9689-4ac7-ac3c-4d2b2d408aa5{ip: 192.168.157.223, host: pr-hdds-2485-6tzkx-595685465, networkLocation: /default-rack, certSerialId: null}, Type:RATIS, Factor:THREE, State:ALLOCATED]
2019-11-16 23:17:10,375 [main] INFO  ozone.MiniOzoneClusterImpl (MiniOzoneClusterImpl.java:lambda$waitForClusterToBeReady$0(150)) - Nodes are ready. Got 3 of 3 DN Heartbeats.
2019-11-16 23:17:10,376 [main] INFO  ozone.MiniOzoneClusterImpl (MiniOzoneClusterImpl.java:lambda$waitForClusterToBeReady$0(153)) - Waiting for cluster to exit safe mode
2019-11-16 23:17:11,376 [main] INFO  ozone.MiniOzoneClusterImpl (MiniOzoneClusterImpl.java:lambda$waitForClusterToBeReady$0(150)) - Nodes are ready. Got 3 of 3 DN Heartbeats.
2019-11-16 23:17:11,377 [main] INFO  ozone.MiniOzoneClusterImpl (MiniOzoneClusterImpl.java:lambda$waitForClusterToBeReady$0(153)) - Waiting for cluster to exit safe mode
2019-11-16 23:17:12,234 [Command processor thread] INFO  impl.RaftServerProxy (RaftServerProxy.java:addNew(89)) - 3edf731e-a2c9-4ba1-bb62-f05ea8542184: addNew group-2231E0AFB2CA:[3edf731e-a2c9-4ba1-bb62-f05ea8542184:192.168.157.223:41261] returns group-2231E0AFB2CA:java.util.concurrent.CompletableFuture@7f534e8[Not completed]
2019-11-16 23:17:12,264 [pool-27-thread-1] INFO  impl.RaftServerImpl (RaftServerImpl.java:<init>(98)) - 3edf731e-a2c9-4ba1-bb62-f05ea8542184: new RaftServerImpl for group-2231E0AFB2CA:[3edf731e-a2c9-4ba1-bb62-f05ea8542184:192.168.157.223:41261] with ContainerStateMachine:uninitialized
2019-11-16 23:17:12,268 [pool-27-thread-1] INFO  server.RaftServerConfigKeys (ConfUtils.java:logGet(43)) - raft.server.rpc.timeout.min = 5s (custom)
2019-11-16 23:17:12,269 [pool-27-thread-1] INFO  server.RaftServerConfigKeys (ConfUtils.java:logGet(43)) - raft.server.rpc.timeout.max = 5200ms (custom)
2019-11-16 23:17:12,269 [pool-27-thread-1] INFO  server.RaftServerConfigKeys (ConfUtils.java:logGet(43)) - raft.server.rpcslowness.timeout = 120s (custom)
2019-11-16 23:17:12,270 [pool-27-thread-1] INFO  server.RaftServerConfigKeys (ConfUtils.java:logGet(43)) - raft.server.sleep.deviation.threshold = 300 (default)
2019-11-16 23:17:12,272 [pool-27-thread-1] INFO  server.RaftServerConfigKeys (ConfUtils.java:logGet(43)) - raft.server.log.appender.install.snapshot.enabled = false (custom)
2019-11-16 23:17:12,280 [Command processor thread] INFO  impl.RaftServerProxy (RaftServerProxy.java:addNew(89)) - b4a35661-9689-4ac7-ac3c-4d2b2d408aa5: addNew group-436D43F20641:[b4a35661-9689-4ac7-ac3c-4d2b2d408aa5:192.168.157.223:46550] returns group-436D43F20641:java.util.concurrent.CompletableFuture@2f32c7b6[Not completed]
2019-11-16 23:17:12,286 [pool-27-thread-1] INFO  impl.RaftServerImpl (ServerState.java:<init>(103)) - 3edf731e-a2c9-4ba1-bb62-f05ea8542184@group-2231E0AFB2CA: ConfigurationManager, init=-1: [3edf731e-a2c9-4ba1-bb62-f05ea8542184:192.168.157.223:41261], old=null, confs=<EMPTY_MAP>
2019-11-16 23:17:12,286 [pool-27-thread-1] INFO  server.RaftServerConfigKeys (ConfUtils.java:logGet(43)) - raft.server.storage.dir = [/workdir/hadoop-ozone/tools/target/test-dir/MiniOzoneClusterImpl-e1879899-4ecd-4d74-848f-e4ebe2fe11d3/datanode-0/data/ratis] (custom)
2019-11-16 23:17:12,301 [pool-27-thread-1] INFO  server.RaftServerConfigKeys (ConfUtils.java:logGet(43)) - raft.server.log.corruption.policy = EXCEPTION (default)
2019-11-16 23:17:12,304 [pool-27-thread-1] INFO  storage.RaftStorageDirectory (RaftStorageDirectory.java:analyzeStorage(246)) - The storage directory /workdir/hadoop-ozone/tools/target/test-dir/MiniOzoneClusterImpl-e1879899-4ecd-4d74-848f-e4ebe2fe11d3/datanode-0/data/ratis/ce955bc7-55ac-4091-9e85-2231e0afb2ca does not exist. Creating ...
2019-11-16 23:17:12,346 [pool-27-thread-1] INFO  storage.RaftStorageDirectory (RaftStorageDirectory.java:tryLock(328)) - Lock on /workdir/hadoop-ozone/tools/target/test-dir/MiniOzoneClusterImpl-e1879899-4ecd-4d74-848f-e4ebe2fe11d3/datanode-0/data/ratis/ce955bc7-55ac-4091-9e85-2231e0afb2ca/in_use.lock acquired by nodename 30911@pr-hdds-2485-6tzkx-595685465
2019-11-16 23:17:12,370 [pool-37-thread-1] INFO  impl.RaftServerImpl (RaftServerImpl.java:<init>(98)) - b4a35661-9689-4ac7-ac3c-4d2b2d408aa5: new RaftServerImpl for group-436D43F20641:[b4a35661-9689-4ac7-ac3c-4d2b2d408aa5:192.168.157.223:46550] with ContainerStateMachine:uninitialized
2019-11-16 23:17:12,371 [pool-37-thread-1] INFO  server.RaftServerConfigKeys (ConfUtils.java:logGet(43)) - raft.server.rpc.timeout.min = 5s (custom)
2019-11-16 23:17:12,372 [pool-37-thread-1] INFO  server.RaftServerConfigKeys (ConfUtils.java:logGet(43)) - raft.server.rpc.timeout.max = 5200ms (custom)
2019-11-16 23:17:12,372 [pool-37-thread-1] INFO  server.RaftServerConfigKeys (ConfUtils.java:logGet(43)) - raft.server.rpcslowness.timeout = 120s (custom)
2019-11-16 23:17:12,372 [pool-37-thread-1] INFO  server.RaftServerConfigKeys (ConfUtils.java:logGet(43)) - raft.server.sleep.deviation.threshold = 300 (default)
2019-11-16 23:17:12,372 [pool-37-thread-1] INFO  server.RaftServerConfigKeys (ConfUtils.java:logGet(43)) - raft.server.log.appender.install.snapshot.enabled = false (custom)
2019-11-16 23:17:12,373 [pool-37-thread-1] INFO  impl.RaftServerImpl (ServerState.java:<init>(103)) - b4a35661-9689-4ac7-ac3c-4d2b2d408aa5@group-436D43F20641: ConfigurationManager, init=-1: [b4a35661-9689-4ac7-ac3c-4d2b2d408aa5:192.168.157.223:46550], old=null, confs=<EMPTY_MAP>
2019-11-16 23:17:12,373 [pool-37-thread-1] INFO  server.RaftServerConfigKeys (ConfUtils.java:logGet(43)) - raft.server.storage.dir = [/workdir/hadoop-ozone/tools/target/test-dir/MiniOzoneClusterImpl-e1879899-4ecd-4d74-848f-e4ebe2fe11d3/datanode-1/data/ratis] (custom)
2019-11-16 23:17:12,373 [pool-37-thread-1] INFO  server.RaftServerConfigKeys (ConfUtils.java:logGet(43)) - raft.server.log.corruption.policy = EXCEPTION (default)
2019-11-16 23:17:12,374 [pool-37-thread-1] INFO  storage.RaftStorageDirectory (RaftStorageDirectory.java:analyzeStorage(246)) - The storage directory /workdir/hadoop-ozone/tools/target/test-dir/MiniOzoneClusterImpl-e1879899-4ecd-4d74-848f-e4ebe2fe11d3/datanode-1/data/ratis/06bbbc5e-c2bb-4c7e-b5f8-436d43f20641 does not exist. Creating ...
2019-11-16 23:17:12,377 [Command processor thread] INFO  impl.RaftServerProxy (RaftServerProxy.java:addNew(89)) - d9c3a1f9-f3cd-454d-8ade-69242b77ac9e: addNew group-AF8B4085248F:[d9c3a1f9-f3cd-454d-8ade-69242b77ac9e:192.168.157.223:43662] returns group-AF8B4085248F:java.util.concurrent.CompletableFuture@15c3108[Not completed]
2019-11-16 23:17:12,377 [main] INFO  ozone.MiniOzoneClusterImpl (MiniOzoneClusterImpl.java:lambda$waitForClusterToBeReady$0(150)) - Nodes are ready. Got 3 of 3 DN Heartbeats.
2019-11-16 23:17:12,378 [main] INFO  ozone.MiniOzoneClusterImpl (MiniOzoneClusterImpl.java:lambda$waitForClusterToBeReady$0(153)) - Waiting for cluster to exit safe mode
2019-11-16 23:17:12,391 [pool-27-thread-1] INFO  storage.RaftStorage (RaftStorage.java:format(84)) - Storage directory /workdir/hadoop-ozone/tools/target/test-dir/MiniOzoneClusterImpl-e1879899-4ecd-4d74-848f-e4ebe2fe11d3/datanode-0/data/ratis/ce955bc7-55ac-4091-9e85-2231e0afb2ca has been successfully formatted.
2019-11-16 23:17:12,391 [pool-47-thread-1] INFO  impl.RaftServerImpl (RaftServerImpl.java:<init>(98)) - d9c3a1f9-f3cd-454d-8ade-69242b77ac9e: new RaftServerImpl for group-AF8B4085248F:[d9c3a1f9-f3cd-454d-8ade-69242b77ac9e:192.168.157.223:43662] with ContainerStateMachine:uninitialized
2019-11-16 23:17:12,392 [pool-47-thread-1] INFO  server.RaftServerConfigKeys (ConfUtils.java:logGet(43)) - raft.server.rpc.timeout.min = 5s (custom)
2019-11-16 23:17:12,393 [pool-47-thread-1] INFO  server.RaftServerConfigKeys (ConfUtils.java:logGet(43)) - raft.server.rpc.timeout.max = 5200ms (custom)
2019-11-16 23:17:12,393 [pool-47-thread-1] INFO  server.RaftServerConfigKeys (ConfUtils.java:logGet(43)) - raft.server.rpcslowness.timeout = 120s (custom)
2019-11-16 23:17:12,393 [pool-47-thread-1] INFO  server.RaftServerConfigKeys (ConfUtils.java:logGet(43)) - raft.server.sleep.deviation.threshold = 300 (default)
2019-11-16 23:17:12,393 [pool-47-thread-1] INFO  server.RaftServerConfigKeys (ConfUtils.java:logGet(43)) - raft.server.log.appender.install.snapshot.enabled = false (custom)
2019-11-16 23:17:12,393 [pool-47-thread-1] INFO  impl.RaftServerImpl (ServerState.java:<init>(103)) - d9c3a1f9-f3cd-454d-8ade-69242b77ac9e@group-AF8B4085248F: ConfigurationManager, init=-1: [d9c3a1f9-f3cd-454d-8ade-69242b77ac9e:192.168.157.223:43662], old=null, confs=<EMPTY_MAP>
2019-11-16 23:17:12,394 [pool-47-thread-1] INFO  server.RaftServerConfigKeys (ConfUtils.java:logGet(43)) - raft.server.storage.dir = [/workdir/hadoop-ozone/tools/target/test-dir/MiniOzoneClusterImpl-e1879899-4ecd-4d74-848f-e4ebe2fe11d3/datanode-2/data/ratis] (custom)
2019-11-16 23:17:12,394 [pool-47-thread-1] INFO  server.RaftServerConfigKeys (ConfUtils.java:logGet(43)) - raft.server.log.corruption.policy = EXCEPTION (default)
2019-11-16 23:17:12,394 [pool-47-thread-1] INFO  storage.RaftStorageDirectory (RaftStorageDirectory.java:analyzeStorage(246)) - The storage directory /workdir/hadoop-ozone/tools/target/test-dir/MiniOzoneClusterImpl-e1879899-4ecd-4d74-848f-e4ebe2fe11d3/datanode-2/data/ratis/b46016cd-6589-46e9-8075-af8b4085248f does not exist. Creating ...
2019-11-16 23:17:12,404 [pool-37-thread-1] INFO  storage.RaftStorageDirectory (RaftStorageDirectory.java:tryLock(328)) - Lock on /workdir/hadoop-ozone/tools/target/test-dir/MiniOzoneClusterImpl-e1879899-4ecd-4d74-848f-e4ebe2fe11d3/datanode-1/data/ratis/06bbbc5e-c2bb-4c7e-b5f8-436d43f20641/in_use.lock acquired by nodename 30911@pr-hdds-2485-6tzkx-595685465
2019-11-16 23:17:12,405 [pool-27-thread-1] INFO  ratis.ContainerStateMachine (ContainerStateMachine.java:loadSnapshot(223)) - group-2231E0AFB2CA: The snapshot info is null. Setting the last applied indexto:(t:0, i:~)
2019-11-16 23:17:12,405 [pool-27-thread-1] INFO  server.RaftServerConfigKeys (ConfUtils.java:logGet(43)) - raft.server.notification.no-leader.timeout = 120s (custom)
2019-11-16 23:17:12,409 [pool-27-thread-1] INFO  server.RaftServerConfigKeys (ConfUtils.java:logGet(43)) - raft.server.log.use.memory = false (default)
2019-11-16 23:17:12,417 [pool-47-thread-1] INFO  storage.RaftStorageDirectory (RaftStorageDirectory.java:tryLock(328)) - Lock on /workdir/hadoop-ozone/tools/target/test-dir/MiniOzoneClusterImpl-e1879899-4ecd-4d74-848f-e4ebe2fe11d3/datanode-2/data/ratis/b46016cd-6589-46e9-8075-af8b4085248f/in_use.lock acquired by nodename 30911@pr-hdds-2485-6tzkx-595685465
2019-11-16 23:17:12,417 [pool-37-thread-1] INFO  storage.RaftStorage (RaftStorage.java:format(84)) - Storage directory /workdir/hadoop-ozone/tools/target/test-dir/MiniOzoneClusterImpl-e1879899-4ecd-4d74-848f-e4ebe2fe11d3/datanode-1/data/ratis/06bbbc5e-c2bb-4c7e-b5f8-436d43f20641 has been successfully formatted.
2019-11-16 23:17:12,418 [pool-37-thread-1] INFO  ratis.ContainerStateMachine (ContainerStateMachine.java:loadSnapshot(223)) - group-436D43F20641: The snapshot info is null. Setting the last applied indexto:(t:0, i:~)
2019-11-16 23:17:12,419 [pool-27-thread-1] INFO  server.RaftServerConfigKeys (ConfUtils.java:logGet(43)) - raft.server.log.purge.gap = 1000000 (custom)
2019-11-16 23:17:12,419 [pool-37-thread-1] INFO  server.RaftServerConfigKeys (ConfUtils.java:logGet(43)) - raft.server.notification.no-leader.timeout = 120s (custom)
2019-11-16 23:17:12,420 [pool-27-thread-1] INFO  server.RaftServerConfigKeys (ConfUtils.java:logGet(43)) - raft.server.log.appender.buffer.byte-limit = 33554432 (custom)
2019-11-16 23:17:12,420 [pool-37-thread-1] INFO  server.RaftServerConfigKeys (ConfUtils.java:logGet(43)) - raft.server.log.use.memory = false (default)
2019-11-16 23:17:12,420 [pool-37-thread-1] INFO  server.RaftServerConfigKeys (ConfUtils.java:logGet(43)) - raft.server.log.purge.gap = 1000000 (custom)
2019-11-16 23:17:12,420 [pool-37-thread-1] INFO  server.RaftServerConfigKeys (ConfUtils.java:logGet(43)) - raft.server.log.appender.buffer.byte-limit = 33554432 (custom)
2019-11-16 23:17:12,423 [pool-27-thread-1] INFO  server.RaftServerConfigKeys (ConfUtils.java:logGet(43)) - raft.server.log.segment.size.max = 1048576 (custom)
2019-11-16 23:17:12,423 [pool-37-thread-1] INFO  server.RaftServerConfigKeys (ConfUtils.java:logGet(43)) - raft.server.log.segment.size.max = 1048576 (custom)
2019-11-16 23:17:12,432 [pool-37-thread-1] INFO  metrics.MetricRegistries (MetricRegistriesLoader.java:load(64)) - Loaded MetricRegistries class org.apache.ratis.metrics.impl.MetricRegistriesImpl
2019-11-16 23:17:12,432 [pool-47-thread-1] INFO  storage.RaftStorage (RaftStorage.java:format(84)) - Storage directory /workdir/hadoop-ozone/tools/target/test-dir/MiniOzoneClusterImpl-e1879899-4ecd-4d74-848f-e4ebe2fe11d3/datanode-2/data/ratis/b46016cd-6589-46e9-8075-af8b4085248f has been successfully formatted.
2019-11-16 23:17:12,433 [pool-47-thread-1] INFO  ratis.ContainerStateMachine (ContainerStateMachine.java:loadSnapshot(223)) - group-AF8B4085248F: The snapshot info is null. Setting the last applied indexto:(t:0, i:~)
2019-11-16 23:17:12,433 [pool-47-thread-1] INFO  server.RaftServerConfigKeys (ConfUtils.java:logGet(43)) - raft.server.notification.no-leader.timeout = 120s (custom)
2019-11-16 23:17:12,433 [pool-47-thread-1] INFO  server.RaftServerConfigKeys (ConfUtils.java:logGet(43)) - raft.server.log.use.memory = false (default)
2019-11-16 23:17:12,434 [pool-47-thread-1] INFO  server.RaftServerConfigKeys (ConfUtils.java:logGet(43)) - raft.server.log.purge.gap = 1000000 (custom)
2019-11-16 23:17:12,434 [pool-47-thread-1] INFO  server.RaftServerConfigKeys (ConfUtils.java:logGet(43)) - raft.server.log.appender.buffer.byte-limit = 33554432 (custom)
2019-11-16 23:17:12,434 [pool-47-thread-1] INFO  server.RaftServerConfigKeys (ConfUtils.java:logGet(43)) - raft.server.log.segment.size.max = 1048576 (custom)
2019-11-16 23:17:12,439 [pool-37-thread-1] WARN  impl.MetricRegistriesImpl (MetricRegistriesImpl.java:lambda$create$1(61)) - First MetricRegistry has been created without registering reporters. You may need to call MetricRegistries.global().addReportRegistration(...) before.
2019-11-16 23:17:12,439 [pool-27-thread-1] WARN  impl.MetricRegistriesImpl (MetricRegistriesImpl.java:lambda$create$1(61)) - First MetricRegistry has been created without registering reporters. You may need to call MetricRegistries.global().addReportRegistration(...) before.
2019-11-16 23:17:12,439 [pool-47-thread-1] WARN  impl.MetricRegistriesImpl (MetricRegistriesImpl.java:lambda$create$1(61)) - First MetricRegistry has been created without registering reporters. You may need to call MetricRegistries.global().addReportRegistration(...) before.
2019-11-16 23:17:12,451 [pool-27-thread-1] INFO  server.RaftServerConfigKeys (ConfUtils.java:logGet(43)) - raft.server.log.segment.cache.num.max = 2 (custom)
2019-11-16 23:17:12,451 [pool-37-thread-1] INFO  server.RaftServerConfigKeys (ConfUtils.java:logGet(43)) - raft.server.log.segment.cache.num.max = 2 (custom)
2019-11-16 23:17:12,451 [pool-47-thread-1] INFO  server.RaftServerConfigKeys (ConfUtils.java:logGet(43)) - raft.server.log.segment.cache.num.max = 2 (custom)
2019-11-16 23:17:12,460 [pool-37-thread-1] INFO  segmented.SegmentedRaftLogWorker (SegmentedRaftLogWorker.java:<init>(173)) - new b4a35661-9689-4ac7-ac3c-4d2b2d408aa5@group-436D43F20641-SegmentedRaftLogWorker for RaftStorage:Storage Directory /workdir/hadoop-ozone/tools/target/test-dir/MiniOzoneClusterImpl-e1879899-4ecd-4d74-848f-e4ebe2fe11d3/datanode-1/data/ratis/06bbbc5e-c2bb-4c7e-b5f8-436d43f20641
2019-11-16 23:17:12,460 [pool-47-thread-1] INFO  segmented.SegmentedRaftLogWorker (SegmentedRaftLogWorker.java:<init>(173)) - new d9c3a1f9-f3cd-454d-8ade-69242b77ac9e@group-AF8B4085248F-SegmentedRaftLogWorker for RaftStorage:Storage Directory /workdir/hadoop-ozone/tools/target/test-dir/MiniOzoneClusterImpl-e1879899-4ecd-4d74-848f-e4ebe2fe11d3/datanode-2/data/ratis/b46016cd-6589-46e9-8075-af8b4085248f
2019-11-16 23:17:12,460 [pool-27-thread-1] INFO  segmented.SegmentedRaftLogWorker (SegmentedRaftLogWorker.java:<init>(173)) - new 3edf731e-a2c9-4ba1-bb62-f05ea8542184@group-2231E0AFB2CA-SegmentedRaftLogWorker for RaftStorage:Storage Directory /workdir/hadoop-ozone/tools/target/test-dir/MiniOzoneClusterImpl-e1879899-4ecd-4d74-848f-e4ebe2fe11d3/datanode-0/data/ratis/ce955bc7-55ac-4091-9e85-2231e0afb2ca
2019-11-16 23:17:12,461 [pool-37-thread-1] INFO  server.RaftServerConfigKeys (ConfUtils.java:logGet(43)) - raft.server.log.queue.byte-limit = 2147483647 (custom)
2019-11-16 23:17:12,461 [pool-27-thread-1] INFO  server.RaftServerConfigKeys (ConfUtils.java:logGet(43)) - raft.server.log.queue.byte-limit = 2147483647 (custom)
2019-11-16 23:17:12,461 [pool-47-thread-1] INFO  server.RaftServerConfigKeys (ConfUtils.java:logGet(43)) - raft.server.log.queue.byte-limit = 2147483647 (custom)
2019-11-16 23:17:12,462 [pool-37-thread-1] INFO  server.RaftServerConfigKeys (ConfUtils.java:logGet(43)) - raft.server.log.queue.element-limit = 1024 (custom)
2019-11-16 23:17:12,462 [pool-27-thread-1] INFO  server.RaftServerConfigKeys (ConfUtils.java:logGet(43)) - raft.server.log.queue.element-limit = 1024 (custom)
2019-11-16 23:17:12,462 [pool-47-thread-1] INFO  server.RaftServerConfigKeys (ConfUtils.java:logGet(43)) - raft.server.log.queue.element-limit = 1024 (custom)
2019-11-16 23:17:12,464 [pool-27-thread-1] INFO  server.RaftServerConfigKeys (ConfUtils.java:logGet(43)) - raft.server.log.segment.size.max = 1048576 (custom)
2019-11-16 23:17:12,464 [pool-47-thread-1] INFO  server.RaftServerConfigKeys (ConfUtils.java:logGet(43)) - raft.server.log.segment.size.max = 1048576 (custom)
2019-11-16 23:17:12,464 [pool-37-thread-1] INFO  server.RaftServerConfigKeys (ConfUtils.java:logGet(43)) - raft.server.log.segment.size.max = 1048576 (custom)
2019-11-16 23:17:12,464 [pool-27-thread-1] INFO  server.RaftServerConfigKeys (ConfUtils.java:logGet(43)) - raft.server.log.preallocated.size = 16384 (custom)
2019-11-16 23:17:12,464 [pool-37-thread-1] INFO  server.RaftServerConfigKeys (ConfUtils.java:logGet(43)) - raft.server.log.preallocated.size = 16384 (custom)
2019-11-16 23:17:12,465 [pool-47-thread-1] INFO  server.RaftServerConfigKeys (ConfUtils.java:logGet(43)) - raft.server.log.preallocated.size = 16384 (custom)
2019-11-16 23:17:12,465 [pool-27-thread-1] INFO  server.RaftServerConfigKeys (ConfUtils.java:logGet(43)) - raft.server.log.write.buffer.size = 33554432 (custom)
2019-11-16 23:17:12,465 [pool-37-thread-1] INFO  server.RaftServerConfigKeys (ConfUtils.java:logGet(43)) - raft.server.log.write.buffer.size = 33554432 (custom)
2019-11-16 23:17:12,465 [pool-47-thread-1] INFO  server.RaftServerConfigKeys (ConfUtils.java:logGet(43)) - raft.server.log.write.buffer.size = 33554432 (custom)
2019-11-16 23:17:12,466 [pool-27-thread-1] INFO  server.RaftServerConfigKeys (ConfUtils.java:logGet(43)) - raft.server.log.force.sync.num = 128 (default)
2019-11-16 23:17:12,466 [pool-37-thread-1] INFO  server.RaftServerConfigKeys (ConfUtils.java:logGet(43)) - raft.server.log.force.sync.num = 128 (default)
2019-11-16 23:17:12,466 [pool-47-thread-1] INFO  server.RaftServerConfigKeys (ConfUtils.java:logGet(43)) - raft.server.log.force.sync.num = 128 (default)
2019-11-16 23:17:12,467 [pool-37-thread-1] INFO  server.RaftServerConfigKeys (ConfUtils.java:logGet(43)) - raft.server.log.statemachine.data.sync = true (default)
2019-11-16 23:17:12,467 [pool-47-thread-1] INFO  server.RaftServerConfigKeys (ConfUtils.java:logGet(43)) - raft.server.log.statemachine.data.sync = true (default)
2019-11-16 23:17:12,467 [pool-27-thread-1] INFO  server.RaftServerConfigKeys (ConfUtils.java:logGet(43)) - raft.server.log.statemachine.data.sync = true (default)
2019-11-16 23:17:12,468 [pool-47-thread-1] INFO  server.RaftServerConfigKeys (ConfUtils.java:logGet(43)) - raft.server.log.statemachine.data.sync.timeout = 10s (default)
2019-11-16 23:17:12,468 [pool-37-thread-1] INFO  server.RaftServerConfigKeys (ConfUtils.java:logGet(43)) - raft.server.log.statemachine.data.sync.timeout = 10s (default)
2019-11-16 23:17:12,468 [pool-27-thread-1] INFO  server.RaftServerConfigKeys (ConfUtils.java:logGet(43)) - raft.server.log.statemachine.data.sync.timeout = 10s (default)
2019-11-16 23:17:12,469 [pool-47-thread-1] INFO  server.RaftServerConfigKeys (ConfUtils.java:logGet(43)) - raft.server.log.statemachine.data.sync.timeout.retry = -1 (default)
2019-11-16 23:17:12,469 [pool-27-thread-1] INFO  server.RaftServerConfigKeys (ConfUtils.java:logGet(43)) - raft.server.log.statemachine.data.sync.timeout.retry = -1 (default)
2019-11-16 23:17:12,469 [pool-37-thread-1] INFO  server.RaftServerConfigKeys (ConfUtils.java:logGet(43)) - raft.server.log.statemachine.data.sync.timeout.retry = -1 (default)
2019-11-16 23:17:12,485 [pool-27-thread-1] INFO  server.RaftServerConfigKeys (ConfUtils.java:logGet(43)) - raft.server.log.statemachine.data.caching.enabled = true (custom)
2019-11-16 23:17:12,485 [pool-47-thread-1] INFO  server.RaftServerConfigKeys (ConfUtils.java:logGet(43)) - raft.server.log.statemachine.data.caching.enabled = true (custom)
2019-11-16 23:17:12,485 [pool-37-thread-1] INFO  server.RaftServerConfigKeys (ConfUtils.java:logGet(43)) - raft.server.log.statemachine.data.caching.enabled = true (custom)
2019-11-16 23:17:12,493 [pool-47-thread-1] INFO  segmented.SegmentedRaftLogWorker (SegmentedRaftLogWorker.java:lambda$new$0(128)) - d9c3a1f9-f3cd-454d-8ade-69242b77ac9e@group-AF8B4085248F-SegmentedRaftLogWorker: flushIndex: setUnconditionally 0 -> -1
2019-11-16 23:17:12,493 [pool-27-thread-1] INFO  segmented.SegmentedRaftLogWorker (SegmentedRaftLogWorker.java:lambda$new$0(128)) - 3edf731e-a2c9-4ba1-bb62-f05ea8542184@group-2231E0AFB2CA-SegmentedRaftLogWorker: flushIndex: setUnconditionally 0 -> -1
2019-11-16 23:17:12,493 [pool-37-thread-1] INFO  segmented.SegmentedRaftLogWorker (SegmentedRaftLogWorker.java:lambda$new$0(128)) - b4a35661-9689-4ac7-ac3c-4d2b2d408aa5@group-436D43F20641-SegmentedRaftLogWorker: flushIndex: setUnconditionally 0 -> -1
2019-11-16 23:17:12,499 [pool-47-thread-1] INFO  server.RaftServerConfigKeys (ConfUtils.java:logGet(43)) - raft.server.snapshot.auto.trigger.enabled = true (custom)
2019-11-16 23:17:12,499 [pool-27-thread-1] INFO  server.RaftServerConfigKeys (ConfUtils.java:logGet(43)) - raft.server.snapshot.auto.trigger.enabled = true (custom)
2019-11-16 23:17:12,499 [pool-37-thread-1] INFO  server.RaftServerConfigKeys (ConfUtils.java:logGet(43)) - raft.server.snapshot.auto.trigger.enabled = true (custom)
2019-11-16 23:17:12,501 [pool-47-thread-1] INFO  server.RaftServerConfigKeys (ConfUtils.java:logGet(43)) - raft.server.snapshot.auto.trigger.threshold = 10000 (custom)
2019-11-16 23:17:12,501 [pool-37-thread-1] INFO  server.RaftServerConfigKeys (ConfUtils.java:logGet(43)) - raft.server.snapshot.auto.trigger.threshold = 10000 (custom)
2019-11-16 23:17:12,501 [pool-27-thread-1] INFO  server.RaftServerConfigKeys (ConfUtils.java:logGet(43)) - raft.server.snapshot.auto.trigger.threshold = 10000 (custom)
2019-11-16 23:17:12,501 [pool-47-thread-1] INFO  server.RaftServerConfigKeys (ConfUtils.java:logGet(43)) - raft.server.snapshot.retention.file.num = 5 (custom)
2019-11-16 23:17:12,501 [pool-27-thread-1] INFO  server.RaftServerConfigKeys (ConfUtils.java:logGet(43)) - raft.server.snapshot.retention.file.num = 5 (custom)
2019-11-16 23:17:12,501 [pool-37-thread-1] INFO  server.RaftServerConfigKeys (ConfUtils.java:logGet(43)) - raft.server.snapshot.retention.file.num = 5 (custom)
2019-11-16 23:17:12,502 [pool-47-thread-1] INFO  server.RaftServerConfigKeys (ConfUtils.java:logGet(43)) - raft.server.retrycache.expirytime = 600000ms (custom)
2019-11-16 23:17:12,502 [pool-37-thread-1] INFO  server.RaftServerConfigKeys (ConfUtils.java:logGet(43)) - raft.server.retrycache.expirytime = 600000ms (custom)
2019-11-16 23:17:12,502 [pool-27-thread-1] INFO  server.RaftServerConfigKeys (ConfUtils.java:logGet(43)) - raft.server.retrycache.expirytime = 600000ms (custom)
2019-11-16 23:17:12,524 [pool-47-thread-1] WARN  impl.MetricRegistriesImpl (MetricRegistriesImpl.java:lambda$create$1(61)) - First MetricRegistry has been created without registering reporters. You may need to call MetricRegistries.global().addReportRegistration(...) before.
2019-11-16 23:17:12,524 [pool-27-thread-1] WARN  impl.MetricRegistriesImpl (MetricRegistriesImpl.java:lambda$create$1(61)) - First MetricRegistry has been created without registering reporters. You may need to call MetricRegistries.global().addReportRegistration(...) before.
2019-11-16 23:17:12,524 [pool-37-thread-1] WARN  impl.MetricRegistriesImpl (MetricRegistriesImpl.java:lambda$create$1(61)) - First MetricRegistry has been created without registering reporters. You may need to call MetricRegistries.global().addReportRegistration(...) before.
2019-11-16 23:17:12,526 [pool-47-thread-1] WARN  impl.MetricRegistriesImpl (MetricRegistriesImpl.java:lambda$create$1(61)) - First MetricRegistry has been created without registering reporters. You may need to call MetricRegistries.global().addReportRegistration(...) before.
2019-11-16 23:17:12,526 [pool-37-thread-1] WARN  impl.MetricRegistriesImpl (MetricRegistriesImpl.java:lambda$create$1(61)) - First MetricRegistry has been created without registering reporters. You may need to call MetricRegistries.global().addReportRegistration(...) before.
2019-11-16 23:17:12,526 [pool-27-thread-1] WARN  impl.MetricRegistriesImpl (MetricRegistriesImpl.java:lambda$create$1(61)) - First MetricRegistry has been created without registering reporters. You may need to call MetricRegistries.global().addReportRegistration(...) before.
2019-11-16 23:17:12,528 [pool-47-thread-1] INFO  impl.RaftServerImpl (RaftServerImpl.java:start(184)) - d9c3a1f9-f3cd-454d-8ade-69242b77ac9e@group-AF8B4085248F: start as a follower, conf=-1: [d9c3a1f9-f3cd-454d-8ade-69242b77ac9e:192.168.157.223:43662], old=null
2019-11-16 23:17:12,528 [pool-27-thread-1] INFO  impl.RaftServerImpl (RaftServerImpl.java:start(184)) - 3edf731e-a2c9-4ba1-bb62-f05ea8542184@group-2231E0AFB2CA: start as a follower, conf=-1: [3edf731e-a2c9-4ba1-bb62-f05ea8542184:192.168.157.223:41261], old=null
2019-11-16 23:17:12,528 [pool-37-thread-1] INFO  impl.RaftServerImpl (RaftServerImpl.java:start(184)) - b4a35661-9689-4ac7-ac3c-4d2b2d408aa5@group-436D43F20641: start as a follower, conf=-1: [b4a35661-9689-4ac7-ac3c-4d2b2d408aa5:192.168.157.223:46550], old=null
2019-11-16 23:17:12,529 [pool-47-thread-1] INFO  impl.RaftServerImpl (RaftServerImpl.java:setRole(173)) - d9c3a1f9-f3cd-454d-8ade-69242b77ac9e@group-AF8B4085248F: changes role from      null to FOLLOWER at term 0 for startAsFollower
2019-11-16 23:17:12,529 [pool-37-thread-1] INFO  impl.RaftServerImpl (RaftServerImpl.java:setRole(173)) - b4a35661-9689-4ac7-ac3c-4d2b2d408aa5@group-436D43F20641: changes role from      null to FOLLOWER at term 0 for startAsFollower
2019-11-16 23:17:12,529 [pool-27-thread-1] INFO  impl.RaftServerImpl (RaftServerImpl.java:setRole(173)) - 3edf731e-a2c9-4ba1-bb62-f05ea8542184@group-2231E0AFB2CA: changes role from      null to FOLLOWER at term 0 for startAsFollower
2019-11-16 23:17:12,530 [pool-47-thread-1] INFO  impl.RoleInfo (RoleInfo.java:updateAndGet(143)) - d9c3a1f9-f3cd-454d-8ade-69242b77ac9e: start FollowerState
2019-11-16 23:17:12,530 [pool-37-thread-1] INFO  impl.RoleInfo (RoleInfo.java:updateAndGet(143)) - b4a35661-9689-4ac7-ac3c-4d2b2d408aa5: start FollowerState
2019-11-16 23:17:12,530 [pool-27-thread-1] INFO  impl.RoleInfo (RoleInfo.java:updateAndGet(143)) - 3edf731e-a2c9-4ba1-bb62-f05ea8542184: start FollowerState
2019-11-16 23:17:12,533 [pool-47-thread-1] INFO  util.JmxRegister (JmxRegister.java:tryRegister(44)) - Successfully registered JMX Bean with object name Ratis:service=RaftServer,group=group-AF8B4085248F,id=d9c3a1f9-f3cd-454d-8ade-69242b77ac9e
2019-11-16 23:17:12,533 [pool-37-thread-1] INFO  util.JmxRegister (JmxRegister.java:tryRegister(44)) - Successfully registered JMX Bean with object name Ratis:service=RaftServer,group=group-436D43F20641,id=b4a35661-9689-4ac7-ac3c-4d2b2d408aa5
2019-11-16 23:17:12,533 [pool-27-thread-1] INFO  util.JmxRegister (JmxRegister.java:tryRegister(44)) - Successfully registered JMX Bean with object name Ratis:service=RaftServer,group=group-2231E0AFB2CA,id=3edf731e-a2c9-4ba1-bb62-f05ea8542184
2019-11-16 23:17:12,538 [pool-47-thread-1] WARN  impl.MetricRegistriesImpl (MetricRegistriesImpl.java:lambda$create$1(61)) - First MetricRegistry has been created without registering reporters. You may need to call MetricRegistries.global().addReportRegistration(...) before.
2019-11-16 23:17:12,538 [pool-37-thread-1] WARN  impl.MetricRegistriesImpl (MetricRegistriesImpl.java:lambda$create$1(61)) - First MetricRegistry has been created without registering reporters. You may need to call MetricRegistries.global().addReportRegistration(...) before.
2019-11-16 23:17:12,538 [pool-27-thread-1] WARN  impl.MetricRegistriesImpl (MetricRegistriesImpl.java:lambda$create$1(61)) - First MetricRegistry has been created without registering reporters. You may need to call MetricRegistries.global().addReportRegistration(...) before.
2019-11-16 23:17:12,550 [Command processor thread] INFO  commandhandler.CreatePipelineCommandHandler (CreatePipelineCommandHandler.java:handle(86)) - Create Pipeline RATIS ONE #id: "ce955bc7-55ac-4091-9e85-2231e0afb2ca"
 command succeed on datanode 3edf731e-a2c9-4ba1-bb62-f05ea8542184.
2019-11-16 23:17:12,550 [Command processor thread] INFO  commandhandler.CreatePipelineCommandHandler (CreatePipelineCommandHandler.java:handle(86)) - Create Pipeline RATIS ONE #id: "b46016cd-6589-46e9-8075-af8b4085248f"
 command succeed on datanode d9c3a1f9-f3cd-454d-8ade-69242b77ac9e.
2019-11-16 23:17:12,551 [Command processor thread] INFO  commandhandler.CreatePipelineCommandHandler (CreatePipelineCommandHandler.java:handle(86)) - Create Pipeline RATIS ONE #id: "06bbbc5e-c2bb-4c7e-b5f8-436d43f20641"
 command succeed on datanode b4a35661-9689-4ac7-ac3c-4d2b2d408aa5.
2019-11-16 23:17:12,556 [Command processor thread] INFO  impl.RaftServerProxy (RaftServerProxy.java:addNew(89)) - 3edf731e-a2c9-4ba1-bb62-f05ea8542184: addNew group-B0D11A8F0F54:[b4a35661-9689-4ac7-ac3c-4d2b2d408aa5:192.168.157.223:46550, 3edf731e-a2c9-4ba1-bb62-f05ea8542184:192.168.157.223:41261, d9c3a1f9-f3cd-454d-8ade-69242b77ac9e:192.168.157.223:43662] returns group-B0D11A8F0F54:java.util.concurrent.CompletableFuture@508bf556[Not completed]
2019-11-16 23:17:12,556 [Command processor thread] INFO  impl.RaftServerProxy (RaftServerProxy.java:addNew(89)) - d9c3a1f9-f3cd-454d-8ade-69242b77ac9e: addNew group-B0D11A8F0F54:[b4a35661-9689-4ac7-ac3c-4d2b2d408aa5:192.168.157.223:46550, 3edf731e-a2c9-4ba1-bb62-f05ea8542184:192.168.157.223:41261, d9c3a1f9-f3cd-454d-8ade-69242b77ac9e:192.168.157.223:43662] returns group-B0D11A8F0F54:java.util.concurrent.CompletableFuture@563b5fb[Not completed]
2019-11-16 23:17:12,556 [Command processor thread] INFO  impl.RaftServerProxy (RaftServerProxy.java:addNew(89)) - b4a35661-9689-4ac7-ac3c-4d2b2d408aa5: addNew group-B0D11A8F0F54:[b4a35661-9689-4ac7-ac3c-4d2b2d408aa5:192.168.157.223:46550, 3edf731e-a2c9-4ba1-bb62-f05ea8542184:192.168.157.223:41261, d9c3a1f9-f3cd-454d-8ade-69242b77ac9e:192.168.157.223:43662] returns group-B0D11A8F0F54:java.util.concurrent.CompletableFuture@2b0d5688[Not completed]
2019-11-16 23:17:12,559 [pool-27-thread-1] INFO  impl.RaftServerImpl (RaftServerImpl.java:<init>(98)) - 3edf731e-a2c9-4ba1-bb62-f05ea8542184: new RaftServerImpl for group-B0D11A8F0F54:[b4a35661-9689-4ac7-ac3c-4d2b2d408aa5:192.168.157.223:46550, 3edf731e-a2c9-4ba1-bb62-f05ea8542184:192.168.157.223:41261, d9c3a1f9-f3cd-454d-8ade-69242b77ac9e:192.168.157.223:43662] with ContainerStateMachine:uninitialized
2019-11-16 23:17:12,560 [pool-27-thread-1] INFO  server.RaftServerConfigKeys (ConfUtils.java:logGet(43)) - raft.server.rpc.timeout.min = 5s (custom)
2019-11-16 23:17:12,560 [pool-27-thread-1] INFO  server.RaftServerConfigKeys (ConfUtils.java:logGet(43)) - raft.server.rpc.timeout.max = 5200ms (custom)
2019-11-16 23:17:12,560 [pool-27-thread-1] INFO  server.RaftServerConfigKeys (ConfUtils.java:logGet(43)) - raft.server.rpcslowness.timeout = 120s (custom)
2019-11-16 23:17:12,560 [pool-27-thread-1] INFO  server.RaftServerConfigKeys (ConfUtils.java:logGet(43)) - raft.server.sleep.deviation.threshold = 300 (default)
2019-11-16 23:17:12,560 [pool-27-thread-1] INFO  server.RaftServerConfigKeys (ConfUtils.java:logGet(43)) - raft.server.log.appender.install.snapshot.enabled = false (custom)
2019-11-16 23:17:12,560 [pool-37-thread-1] INFO  impl.RaftServerImpl (RaftServerImpl.java:<init>(98)) - b4a35661-9689-4ac7-ac3c-4d2b2d408aa5: new RaftServerImpl for group-B0D11A8F0F54:[b4a35661-9689-4ac7-ac3c-4d2b2d408aa5:192.168.157.223:46550, 3edf731e-a2c9-4ba1-bb62-f05ea8542184:192.168.157.223:41261, d9c3a1f9-f3cd-454d-8ade-69242b77ac9e:192.168.157.223:43662] with ContainerStateMachine:uninitialized
2019-11-16 23:17:12,560 [pool-27-thread-1] INFO  impl.RaftServerImpl (ServerState.java:<init>(103)) - 3edf731e-a2c9-4ba1-bb62-f05ea8542184@group-B0D11A8F0F54: ConfigurationManager, init=-1: [b4a35661-9689-4ac7-ac3c-4d2b2d408aa5:192.168.157.223:46550, 3edf731e-a2c9-4ba1-bb62-f05ea8542184:192.168.157.223:41261, d9c3a1f9-f3cd-454d-8ade-69242b77ac9e:192.168.157.223:43662], old=null, confs=<EMPTY_MAP>
2019-11-16 23:17:12,561 [pool-37-thread-1] INFO  server.RaftServerConfigKeys (ConfUtils.java:logGet(43)) - raft.server.rpc.timeout.min = 5s (custom)
2019-11-16 23:17:12,561 [pool-27-thread-1] INFO  server.RaftServerConfigKeys (ConfUtils.java:logGet(43)) - raft.server.storage.dir = [/workdir/hadoop-ozone/tools/target/test-dir/MiniOzoneClusterImpl-e1879899-4ecd-4d74-848f-e4ebe2fe11d3/datanode-0/data/ratis] (custom)
2019-11-16 23:17:12,561 [pool-47-thread-1] INFO  impl.RaftServerImpl (RaftServerImpl.java:<init>(98)) - d9c3a1f9-f3cd-454d-8ade-69242b77ac9e: new RaftServerImpl for group-B0D11A8F0F54:[b4a35661-9689-4ac7-ac3c-4d2b2d408aa5:192.168.157.223:46550, 3edf731e-a2c9-4ba1-bb62-f05ea8542184:192.168.157.223:41261, d9c3a1f9-f3cd-454d-8ade-69242b77ac9e:192.168.157.223:43662] with ContainerStateMachine:uninitialized
2019-11-16 23:17:12,561 [pool-37-thread-1] INFO  server.RaftServerConfigKeys (ConfUtils.java:logGet(43)) - raft.server.rpc.timeout.max = 5200ms (custom)
2019-11-16 23:17:12,561 [pool-47-thread-1] INFO  server.RaftServerConfigKeys (ConfUtils.java:logGet(43)) - raft.server.rpc.timeout.min = 5s (custom)
2019-11-16 23:17:12,561 [pool-27-thread-1] INFO  server.RaftServerConfigKeys (ConfUtils.java:logGet(43)) - raft.server.log.corruption.policy = EXCEPTION (default)
2019-11-16 23:17:12,561 [pool-37-thread-1] INFO  server.RaftServerConfigKeys (ConfUtils.java:logGet(43)) - raft.server.rpcslowness.timeout = 120s (custom)
2019-11-16 23:17:12,561 [pool-47-thread-1] INFO  server.RaftServerConfigKeys (ConfUtils.java:logGet(43)) - raft.server.rpc.timeout.max = 5200ms (custom)
2019-11-16 23:17:12,561 [pool-27-thread-1] INFO  storage.RaftStorageDirectory (RaftStorageDirectory.java:analyzeStorage(246)) - The storage directory /workdir/hadoop-ozone/tools/target/test-dir/MiniOzoneClusterImpl-e1879899-4ecd-4d74-848f-e4ebe2fe11d3/datanode-0/data/ratis/3fe9ccbf-0a25-4abc-9b1d-b0d11a8f0f54 does not exist. Creating ...
2019-11-16 23:17:12,561 [pool-37-thread-1] INFO  server.RaftServerConfigKeys (ConfUtils.java:logGet(43)) - raft.server.sleep.deviation.threshold = 300 (default)
2019-11-16 23:17:12,562 [pool-47-thread-1] INFO  server.RaftServerConfigKeys (ConfUtils.java:logGet(43)) - raft.server.rpcslowness.timeout = 120s (custom)
2019-11-16 23:17:12,562 [pool-37-thread-1] INFO  server.RaftServerConfigKeys (ConfUtils.java:logGet(43)) - raft.server.log.appender.install.snapshot.enabled = false (custom)
2019-11-16 23:17:12,562 [pool-47-thread-1] INFO  server.RaftServerConfigKeys (ConfUtils.java:logGet(43)) - raft.server.sleep.deviation.threshold = 300 (default)
2019-11-16 23:17:12,562 [pool-37-thread-1] INFO  impl.RaftServerImpl (ServerState.java:<init>(103)) - b4a35661-9689-4ac7-ac3c-4d2b2d408aa5@group-B0D11A8F0F54: ConfigurationManager, init=-1: [b4a35661-9689-4ac7-ac3c-4d2b2d408aa5:192.168.157.223:46550, 3edf731e-a2c9-4ba1-bb62-f05ea8542184:192.168.157.223:41261, d9c3a1f9-f3cd-454d-8ade-69242b77ac9e:192.168.157.223:43662], old=null, confs=<EMPTY_MAP>
2019-11-16 23:17:12,562 [pool-47-thread-1] INFO  server.RaftServerConfigKeys (ConfUtils.java:logGet(43)) - raft.server.log.appender.install.snapshot.enabled = false (custom)
2019-11-16 23:17:12,562 [pool-37-thread-1] INFO  server.RaftServerConfigKeys (ConfUtils.java:logGet(43)) - raft.server.storage.dir = [/workdir/hadoop-ozone/tools/target/test-dir/MiniOzoneClusterImpl-e1879899-4ecd-4d74-848f-e4ebe2fe11d3/datanode-1/data/ratis] (custom)
2019-11-16 23:17:12,562 [pool-47-thread-1] INFO  impl.RaftServerImpl (ServerState.java:<init>(103)) - d9c3a1f9-f3cd-454d-8ade-69242b77ac9e@group-B0D11A8F0F54: ConfigurationManager, init=-1: [b4a35661-9689-4ac7-ac3c-4d2b2d408aa5:192.168.157.223:46550, 3edf731e-a2c9-4ba1-bb62-f05ea8542184:192.168.157.223:41261, d9c3a1f9-f3cd-454d-8ade-69242b77ac9e:192.168.157.223:43662], old=null, confs=<EMPTY_MAP>
2019-11-16 23:17:12,563 [pool-47-thread-1] INFO  server.RaftServerConfigKeys (ConfUtils.java:logGet(43)) - raft.server.storage.dir = [/workdir/hadoop-ozone/tools/target/test-dir/MiniOzoneClusterImpl-e1879899-4ecd-4d74-848f-e4ebe2fe11d3/datanode-2/data/ratis] (custom)
2019-11-16 23:17:12,563 [pool-37-thread-1] INFO  server.RaftServerConfigKeys (ConfUtils.java:logGet(43)) - raft.server.log.corruption.policy = EXCEPTION (default)
2019-11-16 23:17:12,563 [pool-47-thread-1] INFO  server.RaftServerConfigKeys (ConfUtils.java:logGet(43)) - raft.server.log.corruption.policy = EXCEPTION (default)
2019-11-16 23:17:12,563 [pool-37-thread-1] INFO  storage.RaftStorageDirectory (RaftStorageDirectory.java:analyzeStorage(246)) - The storage directory /workdir/hadoop-ozone/tools/target/test-dir/MiniOzoneClusterImpl-e1879899-4ecd-4d74-848f-e4ebe2fe11d3/datanode-1/data/ratis/3fe9ccbf-0a25-4abc-9b1d-b0d11a8f0f54 does not exist. Creating ...
2019-11-16 23:17:12,563 [pool-47-thread-1] INFO  storage.RaftStorageDirectory (RaftStorageDirectory.java:analyzeStorage(246)) - The storage directory /workdir/hadoop-ozone/tools/target/test-dir/MiniOzoneClusterImpl-e1879899-4ecd-4d74-848f-e4ebe2fe11d3/datanode-2/data/ratis/3fe9ccbf-0a25-4abc-9b1d-b0d11a8f0f54 does not exist. Creating ...
2019-11-16 23:17:12,572 [EventQueue-PipelineReportForPipelineReportHandler] INFO  pipeline.PipelineReportHandler (PipelineReportHandler.java:processPipelineReport(113)) - Pipeline ONE PipelineID=ce955bc7-55ac-4091-9e85-2231e0afb2ca reported by 3edf731e-a2c9-4ba1-bb62-f05ea8542184{ip: 192.168.157.223, host: pr-hdds-2485-6tzkx-595685465, networkLocation: /default-rack, certSerialId: null}
2019-11-16 23:17:12,572 [EventQueue-PipelineReportForPipelineReportHandler] INFO  pipeline.PipelineStateManager (PipelineStateManager.java:openPipeline(132)) - Pipeline Pipeline[ Id: ce955bc7-55ac-4091-9e85-2231e0afb2ca, Nodes: 3edf731e-a2c9-4ba1-bb62-f05ea8542184{ip: 192.168.157.223, host: pr-hdds-2485-6tzkx-595685465, networkLocation: /default-rack, certSerialId: null}, Type:RATIS, Factor:ONE, State:ALLOCATED] moved to OPEN state
2019-11-16 23:17:12,574 [EventQueue-OpenPipelineForOneReplicaPipelineSafeModeRule] INFO  safemode.SCMSafeModeManager (SCMSafeModeManager.java:validateSafeModeExitRules(176)) - AtleastOneDatanodeReportedRule rule is successfully validated
2019-11-16 23:17:12,574 [EventQueue-PipelineReportForPipelineReportHandler] INFO  pipeline.PipelineReportHandler (PipelineReportHandler.java:processPipelineReport(113)) - Pipeline ONE PipelineID=06bbbc5e-c2bb-4c7e-b5f8-436d43f20641 reported by b4a35661-9689-4ac7-ac3c-4d2b2d408aa5{ip: 192.168.157.223, host: pr-hdds-2485-6tzkx-595685465, networkLocation: /default-rack, certSerialId: null}
2019-11-16 23:17:12,574 [EventQueue-OpenPipelineForHealthyPipelineSafeModeRule] INFO  safemode.SCMSafeModeManager (HealthyPipelineSafeModeRule.java:process(132)) - SCM in safe mode. Healthy pipelines reported count is 0, required healthy pipeline reported count is 1
2019-11-16 23:17:12,575 [EventQueue-PipelineReportForPipelineReportHandler] INFO  pipeline.PipelineStateManager (PipelineStateManager.java:openPipeline(132)) - Pipeline Pipeline[ Id: 06bbbc5e-c2bb-4c7e-b5f8-436d43f20641, Nodes: b4a35661-9689-4ac7-ac3c-4d2b2d408aa5{ip: 192.168.157.223, host: pr-hdds-2485-6tzkx-595685465, networkLocation: /default-rack, certSerialId: null}, Type:RATIS, Factor:ONE, State:ALLOCATED] moved to OPEN state
2019-11-16 23:17:12,575 [EventQueue-OpenPipelineForOneReplicaPipelineSafeModeRule] INFO  safemode.SCMSafeModeManager (SCMSafeModeManager.java:validateSafeModeExitRules(176)) - AtleastOneDatanodeReportedRule rule is successfully validated
2019-11-16 23:17:12,575 [EventQueue-OpenPipelineForHealthyPipelineSafeModeRule] INFO  safemode.SCMSafeModeManager (HealthyPipelineSafeModeRule.java:process(132)) - SCM in safe mode. Healthy pipelines reported count is 0, required healthy pipeline reported count is 1
2019-11-16 23:17:12,575 [EventQueue-PipelineReportForPipelineReportHandler] INFO  pipeline.PipelineReportHandler (PipelineReportHandler.java:processPipelineReport(113)) - Pipeline ONE PipelineID=b46016cd-6589-46e9-8075-af8b4085248f reported by d9c3a1f9-f3cd-454d-8ade-69242b77ac9e{ip: 192.168.157.223, host: pr-hdds-2485-6tzkx-595685465, networkLocation: /default-rack, certSerialId: null}
2019-11-16 23:17:12,575 [EventQueue-PipelineReportForPipelineReportHandler] INFO  pipeline.PipelineStateManager (PipelineStateManager.java:openPipeline(132)) - Pipeline Pipeline[ Id: b46016cd-6589-46e9-8075-af8b4085248f, Nodes: d9c3a1f9-f3cd-454d-8ade-69242b77ac9e{ip: 192.168.157.223, host: pr-hdds-2485-6tzkx-595685465, networkLocation: /default-rack, certSerialId: null}, Type:RATIS, Factor:ONE, State:ALLOCATED] moved to OPEN state
2019-11-16 23:17:12,575 [EventQueue-OpenPipelineForOneReplicaPipelineSafeModeRule] INFO  safemode.SCMSafeModeManager (SCMSafeModeManager.java:validateSafeModeExitRules(176)) - AtleastOneDatanodeReportedRule rule is successfully validated
2019-11-16 23:17:12,576 [EventQueue-OpenPipelineForHealthyPipelineSafeModeRule] INFO  safemode.SCMSafeModeManager (HealthyPipelineSafeModeRule.java:process(132)) - SCM in safe mode. Healthy pipelines reported count is 0, required healthy pipeline reported count is 1
2019-11-16 23:17:12,583 [pool-47-thread-1] INFO  storage.RaftStorageDirectory (RaftStorageDirectory.java:tryLock(328)) - Lock on /workdir/hadoop-ozone/tools/target/test-dir/MiniOzoneClusterImpl-e1879899-4ecd-4d74-848f-e4ebe2fe11d3/datanode-2/data/ratis/3fe9ccbf-0a25-4abc-9b1d-b0d11a8f0f54/in_use.lock acquired by nodename 30911@pr-hdds-2485-6tzkx-595685465
2019-11-16 23:17:12,583 [pool-27-thread-1] INFO  storage.RaftStorageDirectory (RaftStorageDirectory.java:tryLock(328)) - Lock on /workdir/hadoop-ozone/tools/target/test-dir/MiniOzoneClusterImpl-e1879899-4ecd-4d74-848f-e4ebe2fe11d3/datanode-0/data/ratis/3fe9ccbf-0a25-4abc-9b1d-b0d11a8f0f54/in_use.lock acquired by nodename 30911@pr-hdds-2485-6tzkx-595685465
2019-11-16 23:17:12,583 [pool-37-thread-1] INFO  storage.RaftStorageDirectory (RaftStorageDirectory.java:tryLock(328)) - Lock on /workdir/hadoop-ozone/tools/target/test-dir/MiniOzoneClusterImpl-e1879899-4ecd-4d74-848f-e4ebe2fe11d3/datanode-1/data/ratis/3fe9ccbf-0a25-4abc-9b1d-b0d11a8f0f54/in_use.lock acquired by nodename 30911@pr-hdds-2485-6tzkx-595685465
2019-11-16 23:17:12,595 [pool-37-thread-1] INFO  storage.RaftStorage (RaftStorage.java:format(84)) - Storage directory /workdir/hadoop-ozone/tools/target/test-dir/MiniOzoneClusterImpl-e1879899-4ecd-4d74-848f-e4ebe2fe11d3/datanode-1/data/ratis/3fe9ccbf-0a25-4abc-9b1d-b0d11a8f0f54 has been successfully formatted.
2019-11-16 23:17:12,595 [pool-27-thread-1] INFO  storage.RaftStorage (RaftStorage.java:format(84)) - Storage directory /workdir/hadoop-ozone/tools/target/test-dir/MiniOzoneClusterImpl-e1879899-4ecd-4d74-848f-e4ebe2fe11d3/datanode-0/data/ratis/3fe9ccbf-0a25-4abc-9b1d-b0d11a8f0f54 has been successfully formatted.
2019-11-16 23:17:12,595 [pool-47-thread-1] INFO  storage.RaftStorage (RaftStorage.java:format(84)) - Storage directory /workdir/hadoop-ozone/tools/target/test-dir/MiniOzoneClusterImpl-e1879899-4ecd-4d74-848f-e4ebe2fe11d3/datanode-2/data/ratis/3fe9ccbf-0a25-4abc-9b1d-b0d11a8f0f54 has been successfully formatted.
2019-11-16 23:17:12,596 [pool-37-thread-1] INFO  ratis.ContainerStateMachine (ContainerStateMachine.java:loadSnapshot(223)) - group-B0D11A8F0F54: The snapshot info is null. Setting the last applied indexto:(t:0, i:~)
2019-11-16 23:17:12,596 [pool-27-thread-1] INFO  ratis.ContainerStateMachine (ContainerStateMachine.java:loadSnapshot(223)) - group-B0D11A8F0F54: The snapshot info is null. Setting the last applied indexto:(t:0, i:~)
2019-11-16 23:17:12,596 [pool-37-thread-1] INFO  server.RaftServerConfigKeys (ConfUtils.java:logGet(43)) - raft.server.notification.no-leader.timeout = 120s (custom)
2019-11-16 23:17:12,596 [pool-47-thread-1] INFO  ratis.ContainerStateMachine (ContainerStateMachine.java:loadSnapshot(223)) - group-B0D11A8F0F54: The snapshot info is null. Setting the last applied indexto:(t:0, i:~)
2019-11-16 23:17:12,596 [pool-37-thread-1] INFO  server.RaftServerConfigKeys (ConfUtils.java:logGet(43)) - raft.server.log.use.memory = false (default)
2019-11-16 23:17:12,596 [pool-27-thread-1] INFO  server.RaftServerConfigKeys (ConfUtils.java:logGet(43)) - raft.server.notification.no-leader.timeout = 120s (custom)
2019-11-16 23:17:12,596 [pool-37-thread-1] INFO  server.RaftServerConfigKeys (ConfUtils.java:logGet(43)) - raft.server.log.purge.gap = 1000000 (custom)
2019-11-16 23:17:12,596 [pool-47-thread-1] INFO  server.RaftServerConfigKeys (ConfUtils.java:logGet(43)) - raft.server.notification.no-leader.timeout = 120s (custom)
2019-11-16 23:17:12,597 [pool-37-thread-1] INFO  server.RaftServerConfigKeys (ConfUtils.java:logGet(43)) - raft.server.log.appender.buffer.byte-limit = 33554432 (custom)
2019-11-16 23:17:12,596 [pool-27-thread-1] INFO  server.RaftServerConfigKeys (ConfUtils.java:logGet(43)) - raft.server.log.use.memory = false (default)
2019-11-16 23:17:12,597 [pool-37-thread-1] INFO  server.RaftServerConfigKeys (ConfUtils.java:logGet(43)) - raft.server.log.segment.size.max = 1048576 (custom)
2019-11-16 23:17:12,597 [pool-47-thread-1] INFO  server.RaftServerConfigKeys (ConfUtils.java:logGet(43)) - raft.server.log.use.memory = false (default)
2019-11-16 23:17:12,597 [pool-37-thread-1] INFO  server.RaftServerConfigKeys (ConfUtils.java:logGet(43)) - raft.server.log.segment.cache.num.max = 2 (custom)
2019-11-16 23:17:12,597 [pool-27-thread-1] INFO  server.RaftServerConfigKeys (ConfUtils.java:logGet(43)) - raft.server.log.purge.gap = 1000000 (custom)
2019-11-16 23:17:12,597 [pool-37-thread-1] INFO  segmented.SegmentedRaftLogWorker (SegmentedRaftLogWorker.java:<init>(173)) - new b4a35661-9689-4ac7-ac3c-4d2b2d408aa5@group-B0D11A8F0F54-SegmentedRaftLogWorker for RaftStorage:Storage Directory /workdir/hadoop-ozone/tools/target/test-dir/MiniOzoneClusterImpl-e1879899-4ecd-4d74-848f-e4ebe2fe11d3/datanode-1/data/ratis/3fe9ccbf-0a25-4abc-9b1d-b0d11a8f0f54
2019-11-16 23:17:12,597 [pool-47-thread-1] INFO  server.RaftServerConfigKeys (ConfUtils.java:logGet(43)) - raft.server.log.purge.gap = 1000000 (custom)
2019-11-16 23:17:12,597 [pool-37-thread-1] INFO  server.RaftServerConfigKeys (ConfUtils.java:logGet(43)) - raft.server.log.queue.byte-limit = 2147483647 (custom)
2019-11-16 23:17:12,597 [pool-27-thread-1] INFO  server.RaftServerConfigKeys (ConfUtils.java:logGet(43)) - raft.server.log.appender.buffer.byte-limit = 33554432 (custom)
2019-11-16 23:17:12,597 [pool-37-thread-1] INFO  server.RaftServerConfigKeys (ConfUtils.java:logGet(43)) - raft.server.log.queue.element-limit = 1024 (custom)
2019-11-16 23:17:12,597 [pool-47-thread-1] INFO  server.RaftServerConfigKeys (ConfUtils.java:logGet(43)) - raft.server.log.appender.buffer.byte-limit = 33554432 (custom)
2019-11-16 23:17:12,598 [pool-37-thread-1] INFO  server.RaftServerConfigKeys (ConfUtils.java:logGet(43)) - raft.server.log.segment.size.max = 1048576 (custom)
2019-11-16 23:17:12,598 [pool-27-thread-1] INFO  server.RaftServerConfigKeys (ConfUtils.java:logGet(43)) - raft.server.log.segment.size.max = 1048576 (custom)
2019-11-16 23:17:12,598 [pool-37-thread-1] INFO  server.RaftServerConfigKeys (ConfUtils.java:logGet(43)) - raft.server.log.preallocated.size = 16384 (custom)
2019-11-16 23:17:12,598 [pool-47-thread-1] INFO  server.RaftServerConfigKeys (ConfUtils.java:logGet(43)) - raft.server.log.segment.size.max = 1048576 (custom)
2019-11-16 23:17:12,598 [pool-37-thread-1] INFO  server.RaftServerConfigKeys (ConfUtils.java:logGet(43)) - raft.server.log.write.buffer.size = 33554432 (custom)
2019-11-16 23:17:12,598 [pool-27-thread-1] INFO  server.RaftServerConfigKeys (ConfUtils.java:logGet(43)) - raft.server.log.segment.cache.num.max = 2 (custom)
2019-11-16 23:17:12,598 [pool-37-thread-1] INFO  server.RaftServerConfigKeys (ConfUtils.java:logGet(43)) - raft.server.log.force.sync.num = 128 (default)
2019-11-16 23:17:12,598 [pool-47-thread-1] INFO  server.RaftServerConfigKeys (ConfUtils.java:logGet(43)) - raft.server.log.segment.cache.num.max = 2 (custom)
2019-11-16 23:17:12,598 [pool-37-thread-1] INFO  server.RaftServerConfigKeys (ConfUtils.java:logGet(43)) - raft.server.log.statemachine.data.sync = true (default)
2019-11-16 23:17:12,598 [pool-27-thread-1] INFO  segmented.SegmentedRaftLogWorker (SegmentedRaftLogWorker.java:<init>(173)) - new 3edf731e-a2c9-4ba1-bb62-f05ea8542184@group-B0D11A8F0F54-SegmentedRaftLogWorker for RaftStorage:Storage Directory /workdir/hadoop-ozone/tools/target/test-dir/MiniOzoneClusterImpl-e1879899-4ecd-4d74-848f-e4ebe2fe11d3/datanode-0/data/ratis/3fe9ccbf-0a25-4abc-9b1d-b0d11a8f0f54
2019-11-16 23:17:12,599 [pool-37-thread-1] INFO  server.RaftServerConfigKeys (ConfUtils.java:logGet(43)) - raft.server.log.statemachine.data.sync.timeout = 10s (default)
2019-11-16 23:17:12,599 [pool-47-thread-1] INFO  segmented.SegmentedRaftLogWorker (SegmentedRaftLogWorker.java:<init>(173)) - new d9c3a1f9-f3cd-454d-8ade-69242b77ac9e@group-B0D11A8F0F54-SegmentedRaftLogWorker for RaftStorage:Storage Directory /workdir/hadoop-ozone/tools/target/test-dir/MiniOzoneClusterImpl-e1879899-4ecd-4d74-848f-e4ebe2fe11d3/datanode-2/data/ratis/3fe9ccbf-0a25-4abc-9b1d-b0d11a8f0f54
2019-11-16 23:17:12,599 [pool-37-thread-1] INFO  server.RaftServerConfigKeys (ConfUtils.java:logGet(43)) - raft.server.log.statemachine.data.sync.timeout.retry = -1 (default)
2019-11-16 23:17:12,599 [pool-27-thread-1] INFO  server.RaftServerConfigKeys (ConfUtils.java:logGet(43)) - raft.server.log.queue.byte-limit = 2147483647 (custom)
2019-11-16 23:17:12,599 [pool-47-thread-1] INFO  server.RaftServerConfigKeys (ConfUtils.java:logGet(43)) - raft.server.log.queue.byte-limit = 2147483647 (custom)
2019-11-16 23:17:12,599 [pool-27-thread-1] INFO  server.RaftServerConfigKeys (ConfUtils.java:logGet(43)) - raft.server.log.queue.element-limit = 1024 (custom)
2019-11-16 23:17:12,599 [pool-37-thread-1] INFO  server.RaftServerConfigKeys (ConfUtils.java:logGet(43)) - raft.server.log.statemachine.data.caching.enabled = true (custom)
2019-11-16 23:17:12,599 [pool-27-thread-1] INFO  server.RaftServerConfigKeys (ConfUtils.java:logGet(43)) - raft.server.log.segment.size.max = 1048576 (custom)
2019-11-16 23:17:12,599 [pool-47-thread-1] INFO  server.RaftServerConfigKeys (ConfUtils.java:logGet(43)) - raft.server.log.queue.element-limit = 1024 (custom)
2019-11-16 23:17:12,600 [pool-27-thread-1] INFO  server.RaftServerConfigKeys (ConfUtils.java:logGet(43)) - raft.server.log.preallocated.size = 16384 (custom)
2019-11-16 23:17:12,600 [pool-47-thread-1] INFO  server.RaftServerConfigKeys (ConfUtils.java:logGet(43)) - raft.server.log.segment.size.max = 1048576 (custom)
2019-11-16 23:17:12,600 [pool-37-thread-1] INFO  segmented.SegmentedRaftLogWorker (SegmentedRaftLogWorker.java:lambda$new$0(128)) - b4a35661-9689-4ac7-ac3c-4d2b2d408aa5@group-B0D11A8F0F54-SegmentedRaftLogWorker: flushIndex: setUnconditionally 0 -> -1
2019-11-16 23:17:12,600 [pool-47-thread-1] INFO  server.RaftServerConfigKeys (ConfUtils.java:logGet(43)) - raft.server.log.preallocated.size = 16384 (custom)
2019-11-16 23:17:12,600 [pool-27-thread-1] INFO  server.RaftServerConfigKeys (ConfUtils.java:logGet(43)) - raft.server.log.write.buffer.size = 33554432 (custom)
2019-11-16 23:17:12,600 [pool-47-thread-1] INFO  server.RaftServerConfigKeys (ConfUtils.java:logGet(43)) - raft.server.log.write.buffer.size = 33554432 (custom)
2019-11-16 23:17:12,600 [pool-27-thread-1] INFO  server.RaftServerConfigKeys (ConfUtils.java:logGet(43)) - raft.server.log.force.sync.num = 128 (default)
2019-11-16 23:17:12,600 [pool-37-thread-1] INFO  server.RaftServerConfigKeys (ConfUtils.java:logGet(43)) - raft.server.snapshot.auto.trigger.enabled = true (custom)
2019-11-16 23:17:12,600 [pool-27-thread-1] INFO  server.RaftServerConfigKeys (ConfUtils.java:logGet(43)) - raft.server.log.statemachine.data.sync = true (default)
2019-11-16 23:17:12,600 [pool-47-thread-1] INFO  server.RaftServerConfigKeys (ConfUtils.java:logGet(43)) - raft.server.log.force.sync.num = 128 (default)
2019-11-16 23:17:12,601 [pool-27-thread-1] INFO  server.RaftServerConfigKeys (ConfUtils.java:logGet(43)) - raft.server.log.statemachine.data.sync.timeout = 10s (default)
2019-11-16 23:17:12,601 [pool-37-thread-1] INFO  server.RaftServerConfigKeys (ConfUtils.java:logGet(43)) - raft.server.snapshot.auto.trigger.threshold = 10000 (custom)
2019-11-16 23:17:12,601 [pool-27-thread-1] INFO  server.RaftServerConfigKeys (ConfUtils.java:logGet(43)) - raft.server.log.statemachine.data.sync.timeout.retry = -1 (default)
2019-11-16 23:17:12,601 [pool-47-thread-1] INFO  server.RaftServerConfigKeys (ConfUtils.java:logGet(43)) - raft.server.log.statemachine.data.sync = true (default)
2019-11-16 23:17:12,601 [pool-27-thread-1] INFO  server.RaftServerConfigKeys (ConfUtils.java:logGet(43)) - raft.server.log.statemachine.data.caching.enabled = true (custom)
2019-11-16 23:17:12,601 [pool-37-thread-1] INFO  server.RaftServerConfigKeys (ConfUtils.java:logGet(43)) - raft.server.snapshot.retention.file.num = 5 (custom)
2019-11-16 23:17:12,601 [pool-47-thread-1] INFO  server.RaftServerConfigKeys (ConfUtils.java:logGet(43)) - raft.server.log.statemachine.data.sync.timeout = 10s (default)
2019-11-16 23:17:12,601 [pool-37-thread-1] INFO  server.RaftServerConfigKeys (ConfUtils.java:logGet(43)) - raft.server.retrycache.expirytime = 600000ms (custom)
2019-11-16 23:17:12,602 [pool-47-thread-1] INFO  server.RaftServerConfigKeys (ConfUtils.java:logGet(43)) - raft.server.log.statemachine.data.sync.timeout.retry = -1 (default)
2019-11-16 23:17:12,602 [pool-27-thread-1] INFO  segmented.SegmentedRaftLogWorker (SegmentedRaftLogWorker.java:lambda$new$0(128)) - 3edf731e-a2c9-4ba1-bb62-f05ea8542184@group-B0D11A8F0F54-SegmentedRaftLogWorker: flushIndex: setUnconditionally 0 -> -1
2019-11-16 23:17:12,602 [pool-47-thread-1] INFO  server.RaftServerConfigKeys (ConfUtils.java:logGet(43)) - raft.server.log.statemachine.data.caching.enabled = true (custom)
2019-11-16 23:17:12,602 [pool-37-thread-1] WARN  impl.MetricRegistriesImpl (MetricRegistriesImpl.java:lambda$create$1(61)) - First MetricRegistry has been created without registering reporters. You may need to call MetricRegistries.global().addReportRegistration(...) before.
2019-11-16 23:17:12,602 [pool-27-thread-1] INFO  server.RaftServerConfigKeys (ConfUtils.java:logGet(43)) - raft.server.snapshot.auto.trigger.enabled = true (custom)
2019-11-16 23:17:12,602 [pool-47-thread-1] INFO  segmented.SegmentedRaftLogWorker (SegmentedRaftLogWorker.java:lambda$new$0(128)) - d9c3a1f9-f3cd-454d-8ade-69242b77ac9e@group-B0D11A8F0F54-SegmentedRaftLogWorker: flushIndex: setUnconditionally 0 -> -1
2019-11-16 23:17:12,602 [pool-37-thread-1] WARN  impl.MetricRegistriesImpl (MetricRegistriesImpl.java:lambda$create$1(61)) - First MetricRegistry has been created without registering reporters. You may need to call MetricRegistries.global().addReportRegistration(...) before.
2019-11-16 23:17:12,602 [pool-27-thread-1] INFO  server.RaftServerConfigKeys (ConfUtils.java:logGet(43)) - raft.server.snapshot.auto.trigger.threshold = 10000 (custom)
2019-11-16 23:17:12,603 [pool-37-thread-1] INFO  impl.RaftServerImpl (RaftServerImpl.java:start(184)) - b4a35661-9689-4ac7-ac3c-4d2b2d408aa5@group-B0D11A8F0F54: start as a follower, conf=-1: [b4a35661-9689-4ac7-ac3c-4d2b2d408aa5:192.168.157.223:46550, 3edf731e-a2c9-4ba1-bb62-f05ea8542184:192.168.157.223:41261, d9c3a1f9-f3cd-454d-8ade-69242b77ac9e:192.168.157.223:43662], old=null
2019-11-16 23:17:12,603 [pool-47-thread-1] INFO  server.RaftServerConfigKeys (ConfUtils.java:logGet(43)) - raft.server.snapshot.auto.trigger.enabled = true (custom)
2019-11-16 23:17:12,603 [pool-37-thread-1] INFO  impl.RaftServerImpl (RaftServerImpl.java:setRole(173)) - b4a35661-9689-4ac7-ac3c-4d2b2d408aa5@group-B0D11A8F0F54: changes role from      null to FOLLOWER at term 0 for startAsFollower
2019-11-16 23:17:12,603 [pool-27-thread-1] INFO  server.RaftServerConfigKeys (ConfUtils.java:logGet(43)) - raft.server.snapshot.retention.file.num = 5 (custom)
2019-11-16 23:17:12,603 [pool-37-thread-1] INFO  impl.RoleInfo (RoleInfo.java:updateAndGet(143)) - b4a35661-9689-4ac7-ac3c-4d2b2d408aa5: start FollowerState
2019-11-16 23:17:12,603 [pool-47-thread-1] INFO  server.RaftServerConfigKeys (ConfUtils.java:logGet(43)) - raft.server.snapshot.auto.trigger.threshold = 10000 (custom)
2019-11-16 23:17:12,603 [pool-27-thread-1] INFO  server.RaftServerConfigKeys (ConfUtils.java:logGet(43)) - raft.server.retrycache.expirytime = 600000ms (custom)
2019-11-16 23:17:12,603 [pool-47-thread-1] INFO  server.RaftServerConfigKeys (ConfUtils.java:logGet(43)) - raft.server.snapshot.retention.file.num = 5 (custom)
2019-11-16 23:17:12,603 [pool-37-thread-1] INFO  util.JmxRegister (JmxRegister.java:tryRegister(44)) - Successfully registered JMX Bean with object name Ratis:service=RaftServer,group=group-B0D11A8F0F54,id=b4a35661-9689-4ac7-ac3c-4d2b2d408aa5
2019-11-16 23:17:12,603 [pool-27-thread-1] WARN  impl.MetricRegistriesImpl (MetricRegistriesImpl.java:lambda$create$1(61)) - First MetricRegistry has been created without registering reporters. You may need to call MetricRegistries.global().addReportRegistration(...) before.
2019-11-16 23:17:12,603 [pool-37-thread-1] WARN  impl.MetricRegistriesImpl (MetricRegistriesImpl.java:lambda$create$1(61)) - First MetricRegistry has been created without registering reporters. You may need to call MetricRegistries.global().addReportRegistration(...) before.
2019-11-16 23:17:12,603 [pool-47-thread-1] INFO  server.RaftServerConfigKeys (ConfUtils.java:logGet(43)) - raft.server.retrycache.expirytime = 600000ms (custom)
2019-11-16 23:17:12,604 [pool-27-thread-1] WARN  impl.MetricRegistriesImpl (MetricRegistriesImpl.java:lambda$create$1(61)) - First MetricRegistry has been created without registering reporters. You may need to call MetricRegistries.global().addReportRegistration(...) before.
2019-11-16 23:17:12,604 [pool-47-thread-1] WARN  impl.MetricRegistriesImpl (MetricRegistriesImpl.java:lambda$create$1(61)) - First MetricRegistry has been created without registering reporters. You may need to call MetricRegistries.global().addReportRegistration(...) before.
2019-11-16 23:17:12,604 [pool-27-thread-1] INFO  impl.RaftServerImpl (RaftServerImpl.java:start(184)) - 3edf731e-a2c9-4ba1-bb62-f05ea8542184@group-B0D11A8F0F54: start as a follower, conf=-1: [b4a35661-9689-4ac7-ac3c-4d2b2d408aa5:192.168.157.223:46550, 3edf731e-a2c9-4ba1-bb62-f05ea8542184:192.168.157.223:41261, d9c3a1f9-f3cd-454d-8ade-69242b77ac9e:192.168.157.223:43662], old=null
2019-11-16 23:17:12,604 [pool-47-thread-1] WARN  impl.MetricRegistriesImpl (MetricRegistriesImpl.java:lambda$create$1(61)) - First MetricRegistry has been created without registering reporters. You may need to call MetricRegistries.global().addReportRegistration(...) before.
2019-11-16 23:17:12,604 [Command processor thread] INFO  commandhandler.CreatePipelineCommandHandler (CreatePipelineCommandHandler.java:handle(86)) - Create Pipeline RATIS THREE #id: "3fe9ccbf-0a25-4abc-9b1d-b0d11a8f0f54"
 command succeed on datanode b4a35661-9689-4ac7-ac3c-4d2b2d408aa5.
2019-11-16 23:17:12,604 [pool-27-thread-1] INFO  impl.RaftServerImpl (RaftServerImpl.java:setRole(173)) - 3edf731e-a2c9-4ba1-bb62-f05ea8542184@group-B0D11A8F0F54: changes role from      null to FOLLOWER at term 0 for startAsFollower
2019-11-16 23:17:12,604 [pool-47-thread-1] INFO  impl.RaftServerImpl (RaftServerImpl.java:start(184)) - d9c3a1f9-f3cd-454d-8ade-69242b77ac9e@group-B0D11A8F0F54: start as a follower, conf=-1: [b4a35661-9689-4ac7-ac3c-4d2b2d408aa5:192.168.157.223:46550, 3edf731e-a2c9-4ba1-bb62-f05ea8542184:192.168.157.223:41261, d9c3a1f9-f3cd-454d-8ade-69242b77ac9e:192.168.157.223:43662], old=null
2019-11-16 23:17:12,605 [pool-27-thread-1] INFO  impl.RoleInfo (RoleInfo.java:updateAndGet(143)) - 3edf731e-a2c9-4ba1-bb62-f05ea8542184: start FollowerState
2019-11-16 23:17:12,605 [pool-47-thread-1] INFO  impl.RaftServerImpl (RaftServerImpl.java:setRole(173)) - d9c3a1f9-f3cd-454d-8ade-69242b77ac9e@group-B0D11A8F0F54: changes role from      null to FOLLOWER at term 0 for startAsFollower
2019-11-16 23:17:12,605 [pool-47-thread-1] INFO  impl.RoleInfo (RoleInfo.java:updateAndGet(143)) - d9c3a1f9-f3cd-454d-8ade-69242b77ac9e: start FollowerState
2019-11-16 23:17:12,605 [pool-27-thread-1] INFO  util.JmxRegister (JmxRegister.java:tryRegister(44)) - Successfully registered JMX Bean with object name Ratis:service=RaftServer,group=group-B0D11A8F0F54,id=3edf731e-a2c9-4ba1-bb62-f05ea8542184
2019-11-16 23:17:12,605 [pool-27-thread-1] WARN  impl.MetricRegistriesImpl (MetricRegistriesImpl.java:lambda$create$1(61)) - First MetricRegistry has been created without registering reporters. You may need to call MetricRegistries.global().addReportRegistration(...) before.
2019-11-16 23:17:12,606 [pool-47-thread-1] INFO  util.JmxRegister (JmxRegister.java:tryRegister(44)) - Successfully registered JMX Bean with object name Ratis:service=RaftServer,group=group-B0D11A8F0F54,id=d9c3a1f9-f3cd-454d-8ade-69242b77ac9e
2019-11-16 23:17:12,606 [pool-47-thread-1] WARN  impl.MetricRegistriesImpl (MetricRegistriesImpl.java:lambda$create$1(61)) - First MetricRegistry has been created without registering reporters. You may need to call MetricRegistries.global().addReportRegistration(...) before.
2019-11-16 23:17:12,606 [Command processor thread] INFO  commandhandler.CreatePipelineCommandHandler (CreatePipelineCommandHandler.java:handle(86)) - Create Pipeline RATIS THREE #id: "3fe9ccbf-0a25-4abc-9b1d-b0d11a8f0f54"
 command succeed on datanode 3edf731e-a2c9-4ba1-bb62-f05ea8542184.
2019-11-16 23:17:12,606 [Command processor thread] INFO  commandhandler.CreatePipelineCommandHandler (CreatePipelineCommandHandler.java:handle(86)) - Create Pipeline RATIS THREE #id: "3fe9ccbf-0a25-4abc-9b1d-b0d11a8f0f54"
 command succeed on datanode d9c3a1f9-f3cd-454d-8ade-69242b77ac9e.
2019-11-16 23:17:12,607 [EventQueue-PipelineReportForPipelineReportHandler] INFO  pipeline.PipelineReportHandler (PipelineReportHandler.java:processPipelineReport(113)) - Pipeline THREE PipelineID=3fe9ccbf-0a25-4abc-9b1d-b0d11a8f0f54 reported by b4a35661-9689-4ac7-ac3c-4d2b2d408aa5{ip: 192.168.157.223, host: pr-hdds-2485-6tzkx-595685465, networkLocation: /default-rack, certSerialId: null}
2019-11-16 23:17:12,609 [EventQueue-PipelineReportForPipelineReportHandler] INFO  pipeline.PipelineReportHandler (PipelineReportHandler.java:processPipelineReport(113)) - Pipeline THREE PipelineID=3fe9ccbf-0a25-4abc-9b1d-b0d11a8f0f54 reported by 3edf731e-a2c9-4ba1-bb62-f05ea8542184{ip: 192.168.157.223, host: pr-hdds-2485-6tzkx-595685465, networkLocation: /default-rack, certSerialId: null}
2019-11-16 23:17:12,610 [EventQueue-PipelineReportForPipelineReportHandler] INFO  pipeline.PipelineReportHandler (PipelineReportHandler.java:processPipelineReport(113)) - Pipeline THREE PipelineID=3fe9ccbf-0a25-4abc-9b1d-b0d11a8f0f54 reported by d9c3a1f9-f3cd-454d-8ade-69242b77ac9e{ip: 192.168.157.223, host: pr-hdds-2485-6tzkx-595685465, networkLocation: /default-rack, certSerialId: null}
2019-11-16 23:17:13,378 [main] INFO  ozone.MiniOzoneClusterImpl (MiniOzoneClusterImpl.java:lambda$waitForClusterToBeReady$0(150)) - Nodes are ready. Got 3 of 3 DN Heartbeats.
2019-11-16 23:17:13,379 [main] INFO  ozone.MiniOzoneClusterImpl (MiniOzoneClusterImpl.java:lambda$waitForClusterToBeReady$0(153)) - Waiting for cluster to exit safe mode
2019-11-16 23:17:14,379 [main] INFO  ozone.MiniOzoneClusterImpl (MiniOzoneClusterImpl.java:lambda$waitForClusterToBeReady$0(150)) - Nodes are ready. Got 3 of 3 DN Heartbeats.
2019-11-16 23:17:14,379 [main] INFO  ozone.MiniOzoneClusterImpl (MiniOzoneClusterImpl.java:lambda$waitForClusterToBeReady$0(153)) - Waiting for cluster to exit safe mode
2019-11-16 23:17:15,380 [main] INFO  ozone.MiniOzoneClusterImpl (MiniOzoneClusterImpl.java:lambda$waitForClusterToBeReady$0(150)) - Nodes are ready. Got 3 of 3 DN Heartbeats.
2019-11-16 23:17:15,380 [main] INFO  ozone.MiniOzoneClusterImpl (MiniOzoneClusterImpl.java:lambda$waitForClusterToBeReady$0(153)) - Waiting for cluster to exit safe mode
2019-11-16 23:17:16,381 [main] INFO  ozone.MiniOzoneClusterImpl (MiniOzoneClusterImpl.java:lambda$waitForClusterToBeReady$0(150)) - Nodes are ready. Got 3 of 3 DN Heartbeats.
2019-11-16 23:17:16,381 [main] INFO  ozone.MiniOzoneClusterImpl (MiniOzoneClusterImpl.java:lambda$waitForClusterToBeReady$0(153)) - Waiting for cluster to exit safe mode
2019-11-16 23:17:17,381 [main] INFO  ozone.MiniOzoneClusterImpl (MiniOzoneClusterImpl.java:lambda$waitForClusterToBeReady$0(150)) - Nodes are ready. Got 3 of 3 DN Heartbeats.
2019-11-16 23:17:17,382 [main] INFO  ozone.MiniOzoneClusterImpl (MiniOzoneClusterImpl.java:lambda$waitForClusterToBeReady$0(153)) - Waiting for cluster to exit safe mode
2019-11-16 23:17:17,560 [Thread-181] INFO  impl.FollowerState (FollowerState.java:run(111)) - d9c3a1f9-f3cd-454d-8ade-69242b77ac9e@group-AF8B4085248F-FollowerState: change to CANDIDATE, lastRpcTime:5030ms, electionTimeout:5029ms
2019-11-16 23:17:17,562 [Thread-181] INFO  impl.RoleInfo (RoleInfo.java:shutdownFollowerState(121)) - d9c3a1f9-f3cd-454d-8ade-69242b77ac9e: shutdown FollowerState
2019-11-16 23:17:17,562 [Thread-181] INFO  impl.RaftServerImpl (RaftServerImpl.java:setRole(173)) - d9c3a1f9-f3cd-454d-8ade-69242b77ac9e@group-AF8B4085248F: changes role from  FOLLOWER to CANDIDATE at term 0 for changeToCandidate
2019-11-16 23:17:17,566 [Thread-181] INFO  impl.RoleInfo (RoleInfo.java:updateAndGet(143)) - d9c3a1f9-f3cd-454d-8ade-69242b77ac9e: start LeaderElection
2019-11-16 23:17:17,590 [Thread-183] INFO  impl.FollowerState (FollowerState.java:run(111)) - b4a35661-9689-4ac7-ac3c-4d2b2d408aa5@group-436D43F20641-FollowerState: change to CANDIDATE, lastRpcTime:5059ms, electionTimeout:5058ms
2019-11-16 23:17:17,591 [Thread-183] INFO  impl.RoleInfo (RoleInfo.java:shutdownFollowerState(121)) - b4a35661-9689-4ac7-ac3c-4d2b2d408aa5: shutdown FollowerState
2019-11-16 23:17:17,591 [Thread-183] INFO  impl.RaftServerImpl (RaftServerImpl.java:setRole(173)) - b4a35661-9689-4ac7-ac3c-4d2b2d408aa5@group-436D43F20641: changes role from  FOLLOWER to CANDIDATE at term 0 for changeToCandidate
2019-11-16 23:17:17,591 [Thread-183] INFO  impl.RoleInfo (RoleInfo.java:updateAndGet(143)) - b4a35661-9689-4ac7-ac3c-4d2b2d408aa5: start LeaderElection
2019-11-16 23:17:17,610 [d9c3a1f9-f3cd-454d-8ade-69242b77ac9e@group-AF8B4085248F-LeaderElection1] INFO  impl.LeaderElection (LeaderElection.java:askForVotes(178)) - d9c3a1f9-f3cd-454d-8ade-69242b77ac9e@group-AF8B4085248F-LeaderElection1: begin an election at term 1 for -1: [d9c3a1f9-f3cd-454d-8ade-69242b77ac9e:192.168.157.223:43662], old=null
2019-11-16 23:17:17,613 [d9c3a1f9-f3cd-454d-8ade-69242b77ac9e@group-AF8B4085248F-LeaderElection1] INFO  impl.RoleInfo (RoleInfo.java:shutdownLeaderElection(134)) - d9c3a1f9-f3cd-454d-8ade-69242b77ac9e: shutdown LeaderElection
2019-11-16 23:17:17,616 [d9c3a1f9-f3cd-454d-8ade-69242b77ac9e@group-AF8B4085248F-LeaderElection1] INFO  impl.RaftServerImpl (RaftServerImpl.java:setRole(173)) - d9c3a1f9-f3cd-454d-8ade-69242b77ac9e@group-AF8B4085248F: changes role from CANDIDATE to LEADER at term 1 for changeToLeader
2019-11-16 23:17:17,618 [d9c3a1f9-f3cd-454d-8ade-69242b77ac9e@group-AF8B4085248F-LeaderElection1] INFO  ratis.XceiverServerRatis (XceiverServerRatis.java:handleLeaderChangedNotification(733)) - Leader change notification received for group: group-AF8B4085248F with new leaderId: d9c3a1f9-f3cd-454d-8ade-69242b77ac9e
2019-11-16 23:17:17,618 [d9c3a1f9-f3cd-454d-8ade-69242b77ac9e@group-AF8B4085248F-LeaderElection1] INFO  impl.RaftServerImpl (ServerState.java:setLeader(255)) - d9c3a1f9-f3cd-454d-8ade-69242b77ac9e@group-AF8B4085248F: change Leader from null to d9c3a1f9-f3cd-454d-8ade-69242b77ac9e at term 1 for becomeLeader, leader elected after 5184ms
2019-11-16 23:17:17,625 [Thread-182] INFO  impl.FollowerState (FollowerState.java:run(111)) - 3edf731e-a2c9-4ba1-bb62-f05ea8542184@group-2231E0AFB2CA-FollowerState: change to CANDIDATE, lastRpcTime:5095ms, electionTimeout:5089ms
2019-11-16 23:17:17,626 [Thread-182] INFO  impl.RoleInfo (RoleInfo.java:shutdownFollowerState(121)) - 3edf731e-a2c9-4ba1-bb62-f05ea8542184: shutdown FollowerState
2019-11-16 23:17:17,626 [Thread-182] INFO  impl.RaftServerImpl (RaftServerImpl.java:setRole(173)) - 3edf731e-a2c9-4ba1-bb62-f05ea8542184@group-2231E0AFB2CA: changes role from  FOLLOWER to CANDIDATE at term 0 for changeToCandidate
2019-11-16 23:17:17,626 [b4a35661-9689-4ac7-ac3c-4d2b2d408aa5@group-436D43F20641-LeaderElection2] INFO  impl.LeaderElection (LeaderElection.java:askForVotes(178)) - b4a35661-9689-4ac7-ac3c-4d2b2d408aa5@group-436D43F20641-LeaderElection2: begin an election at term 1 for -1: [b4a35661-9689-4ac7-ac3c-4d2b2d408aa5:192.168.157.223:46550], old=null
2019-11-16 23:17:17,628 [Thread-182] INFO  impl.RoleInfo (RoleInfo.java:updateAndGet(143)) - 3edf731e-a2c9-4ba1-bb62-f05ea8542184: start LeaderElection
2019-11-16 23:17:17,628 [b4a35661-9689-4ac7-ac3c-4d2b2d408aa5@group-436D43F20641-LeaderElection2] INFO  impl.RoleInfo (RoleInfo.java:shutdownLeaderElection(134)) - b4a35661-9689-4ac7-ac3c-4d2b2d408aa5: shutdown LeaderElection
2019-11-16 23:17:17,628 [b4a35661-9689-4ac7-ac3c-4d2b2d408aa5@group-436D43F20641-LeaderElection2] INFO  impl.RaftServerImpl (RaftServerImpl.java:setRole(173)) - b4a35661-9689-4ac7-ac3c-4d2b2d408aa5@group-436D43F20641: changes role from CANDIDATE to LEADER at term 1 for changeToLeader
2019-11-16 23:17:17,628 [b4a35661-9689-4ac7-ac3c-4d2b2d408aa5@group-436D43F20641-LeaderElection2] INFO  ratis.XceiverServerRatis (XceiverServerRatis.java:handleLeaderChangedNotification(733)) - Leader change notification received for group: group-436D43F20641 with new leaderId: b4a35661-9689-4ac7-ac3c-4d2b2d408aa5
2019-11-16 23:17:17,630 [EventQueue-PipelineReportForPipelineReportHandler] INFO  pipeline.PipelineReportHandler (PipelineReportHandler.java:processPipelineReport(113)) - Pipeline THREE PipelineID=3fe9ccbf-0a25-4abc-9b1d-b0d11a8f0f54 reported by d9c3a1f9-f3cd-454d-8ade-69242b77ac9e{ip: 192.168.157.223, host: pr-hdds-2485-6tzkx-595685465, networkLocation: /default-rack, certSerialId: null}
2019-11-16 23:17:17,632 [b4a35661-9689-4ac7-ac3c-4d2b2d408aa5@group-436D43F20641-LeaderElection2] INFO  impl.RaftServerImpl (ServerState.java:setLeader(255)) - b4a35661-9689-4ac7-ac3c-4d2b2d408aa5@group-436D43F20641: change Leader from null to b4a35661-9689-4ac7-ac3c-4d2b2d408aa5 at term 1 for becomeLeader, leader elected after 5209ms
2019-11-16 23:17:17,635 [EventQueue-PipelineReportForPipelineReportHandler] INFO  pipeline.PipelineReportHandler (PipelineReportHandler.java:processPipelineReport(113)) - Pipeline THREE PipelineID=3fe9ccbf-0a25-4abc-9b1d-b0d11a8f0f54 reported by b4a35661-9689-4ac7-ac3c-4d2b2d408aa5{ip: 192.168.157.223, host: pr-hdds-2485-6tzkx-595685465, networkLocation: /default-rack, certSerialId: null}
2019-11-16 23:17:17,635 [d9c3a1f9-f3cd-454d-8ade-69242b77ac9e@group-AF8B4085248F-LeaderElection1] INFO  server.RaftServerConfigKeys (ConfUtils.java:logGet(43)) - raft.server.staging.catchup.gap = 1000 (default)
2019-11-16 23:17:17,635 [b4a35661-9689-4ac7-ac3c-4d2b2d408aa5@group-436D43F20641-LeaderElection2] INFO  server.RaftServerConfigKeys (ConfUtils.java:logGet(43)) - raft.server.staging.catchup.gap = 1000 (default)
2019-11-16 23:17:17,636 [d9c3a1f9-f3cd-454d-8ade-69242b77ac9e@group-AF8B4085248F-LeaderElection1] INFO  server.RaftServerConfigKeys (ConfUtils.java:logGet(43)) - raft.server.rpc.sleep.time = 25ms (default)
2019-11-16 23:17:17,636 [b4a35661-9689-4ac7-ac3c-4d2b2d408aa5@group-436D43F20641-LeaderElection2] INFO  server.RaftServerConfigKeys (ConfUtils.java:logGet(43)) - raft.server.rpc.sleep.time = 25ms (default)
2019-11-16 23:17:17,642 [d9c3a1f9-f3cd-454d-8ade-69242b77ac9e@group-AF8B4085248F-LeaderElection1] INFO  server.RaftServerConfigKeys (ConfUtils.java:logGet(43)) - raft.server.write.element-limit = 4096 (default)
2019-11-16 23:17:17,642 [b4a35661-9689-4ac7-ac3c-4d2b2d408aa5@group-436D43F20641-LeaderElection2] INFO  server.RaftServerConfigKeys (ConfUtils.java:logGet(43)) - raft.server.write.element-limit = 4096 (default)
2019-11-16 23:17:17,650 [d9c3a1f9-f3cd-454d-8ade-69242b77ac9e@group-AF8B4085248F-LeaderElection1] INFO  server.RaftServerConfigKeys (ConfUtils.java:logGet(43)) - raft.server.watch.timeout = 10s (default)
2019-11-16 23:17:17,650 [b4a35661-9689-4ac7-ac3c-4d2b2d408aa5@group-436D43F20641-LeaderElection2] INFO  server.RaftServerConfigKeys (ConfUtils.java:logGet(43)) - raft.server.watch.timeout = 10s (default)
2019-11-16 23:17:17,650 [d9c3a1f9-f3cd-454d-8ade-69242b77ac9e@group-AF8B4085248F-LeaderElection1] INFO  server.RaftServerConfigKeys (ConfUtils.java:logGet(43)) - raft.server.watch.timeout.denomination = 1s (default)
2019-11-16 23:17:17,650 [b4a35661-9689-4ac7-ac3c-4d2b2d408aa5@group-436D43F20641-LeaderElection2] INFO  server.RaftServerConfigKeys (ConfUtils.java:logGet(43)) - raft.server.watch.timeout.denomination = 1s (default)
2019-11-16 23:17:17,652 [d9c3a1f9-f3cd-454d-8ade-69242b77ac9e@group-AF8B4085248F-LeaderElection1] INFO  server.RaftServerConfigKeys (ConfUtils.java:logGet(43)) - raft.server.watch.element-limit = 65536 (default)
2019-11-16 23:17:17,652 [b4a35661-9689-4ac7-ac3c-4d2b2d408aa5@group-436D43F20641-LeaderElection2] INFO  server.RaftServerConfigKeys (ConfUtils.java:logGet(43)) - raft.server.watch.element-limit = 65536 (default)
2019-11-16 23:17:17,659 [Thread-187] INFO  impl.FollowerState (FollowerState.java:run(111)) - b4a35661-9689-4ac7-ac3c-4d2b2d408aa5@group-B0D11A8F0F54-FollowerState: change to CANDIDATE, lastRpcTime:5055ms, electionTimeout:5055ms
2019-11-16 23:17:17,659 [Thread-187] INFO  impl.RoleInfo (RoleInfo.java:shutdownFollowerState(121)) - b4a35661-9689-4ac7-ac3c-4d2b2d408aa5: shutdown FollowerState
2019-11-16 23:17:17,659 [Thread-187] INFO  impl.RaftServerImpl (RaftServerImpl.java:setRole(173)) - b4a35661-9689-4ac7-ac3c-4d2b2d408aa5@group-B0D11A8F0F54: changes role from  FOLLOWER to CANDIDATE at term 0 for changeToCandidate
2019-11-16 23:17:17,660 [3edf731e-a2c9-4ba1-bb62-f05ea8542184@group-2231E0AFB2CA-LeaderElection3] INFO  impl.LeaderElection (LeaderElection.java:askForVotes(178)) - 3edf731e-a2c9-4ba1-bb62-f05ea8542184@group-2231E0AFB2CA-LeaderElection3: begin an election at term 1 for -1: [3edf731e-a2c9-4ba1-bb62-f05ea8542184:192.168.157.223:41261], old=null
2019-11-16 23:17:17,660 [Thread-187] INFO  impl.RoleInfo (RoleInfo.java:updateAndGet(143)) - b4a35661-9689-4ac7-ac3c-4d2b2d408aa5: start LeaderElection
2019-11-16 23:17:17,660 [3edf731e-a2c9-4ba1-bb62-f05ea8542184@group-2231E0AFB2CA-LeaderElection3] INFO  impl.RoleInfo (RoleInfo.java:shutdownLeaderElection(134)) - 3edf731e-a2c9-4ba1-bb62-f05ea8542184: shutdown LeaderElection
2019-11-16 23:17:17,662 [3edf731e-a2c9-4ba1-bb62-f05ea8542184@group-2231E0AFB2CA-LeaderElection3] INFO  impl.RaftServerImpl (RaftServerImpl.java:setRole(173)) - 3edf731e-a2c9-4ba1-bb62-f05ea8542184@group-2231E0AFB2CA: changes role from CANDIDATE to LEADER at term 1 for changeToLeader
2019-11-16 23:17:17,662 [3edf731e-a2c9-4ba1-bb62-f05ea8542184@group-2231E0AFB2CA-LeaderElection3] INFO  ratis.XceiverServerRatis (XceiverServerRatis.java:handleLeaderChangedNotification(733)) - Leader change notification received for group: group-2231E0AFB2CA with new leaderId: 3edf731e-a2c9-4ba1-bb62-f05ea8542184
2019-11-16 23:17:17,665 [3edf731e-a2c9-4ba1-bb62-f05ea8542184@group-2231E0AFB2CA-LeaderElection3] INFO  impl.RaftServerImpl (ServerState.java:setLeader(255)) - 3edf731e-a2c9-4ba1-bb62-f05ea8542184@group-2231E0AFB2CA: change Leader from null to 3edf731e-a2c9-4ba1-bb62-f05ea8542184 at term 1 for becomeLeader, leader elected after 5256ms
2019-11-16 23:17:17,665 [3edf731e-a2c9-4ba1-bb62-f05ea8542184@group-2231E0AFB2CA-LeaderElection3] INFO  server.RaftServerConfigKeys (ConfUtils.java:logGet(43)) - raft.server.staging.catchup.gap = 1000 (default)
2019-11-16 23:17:17,665 [3edf731e-a2c9-4ba1-bb62-f05ea8542184@group-2231E0AFB2CA-LeaderElection3] INFO  server.RaftServerConfigKeys (ConfUtils.java:logGet(43)) - raft.server.rpc.sleep.time = 25ms (default)
2019-11-16 23:17:17,665 [3edf731e-a2c9-4ba1-bb62-f05ea8542184@group-2231E0AFB2CA-LeaderElection3] INFO  server.RaftServerConfigKeys (ConfUtils.java:logGet(43)) - raft.server.write.element-limit = 4096 (default)
2019-11-16 23:17:17,666 [3edf731e-a2c9-4ba1-bb62-f05ea8542184@group-2231E0AFB2CA-LeaderElection3] INFO  server.RaftServerConfigKeys (ConfUtils.java:logGet(43)) - raft.server.watch.timeout = 10s (default)
2019-11-16 23:17:17,666 [3edf731e-a2c9-4ba1-bb62-f05ea8542184@group-2231E0AFB2CA-LeaderElection3] INFO  server.RaftServerConfigKeys (ConfUtils.java:logGet(43)) - raft.server.watch.timeout.denomination = 1s (default)
2019-11-16 23:17:17,667 [3edf731e-a2c9-4ba1-bb62-f05ea8542184@group-2231E0AFB2CA-LeaderElection3] INFO  server.RaftServerConfigKeys (ConfUtils.java:logGet(43)) - raft.server.watch.element-limit = 65536 (default)
2019-11-16 23:17:17,667 [EventQueue-PipelineReportForPipelineReportHandler] INFO  pipeline.PipelineReportHandler (PipelineReportHandler.java:processPipelineReport(113)) - Pipeline THREE PipelineID=3fe9ccbf-0a25-4abc-9b1d-b0d11a8f0f54 reported by 3edf731e-a2c9-4ba1-bb62-f05ea8542184{ip: 192.168.157.223, host: pr-hdds-2485-6tzkx-595685465, networkLocation: /default-rack, certSerialId: null}
2019-11-16 23:17:17,668 [d9c3a1f9-f3cd-454d-8ade-69242b77ac9e@group-AF8B4085248F-LeaderElection1] INFO  impl.RoleInfo (RoleInfo.java:updateAndGet(143)) - d9c3a1f9-f3cd-454d-8ade-69242b77ac9e: start LeaderState
2019-11-16 23:17:17,668 [3edf731e-a2c9-4ba1-bb62-f05ea8542184@group-2231E0AFB2CA-LeaderElection3] INFO  impl.RoleInfo (RoleInfo.java:updateAndGet(143)) - 3edf731e-a2c9-4ba1-bb62-f05ea8542184: start LeaderState
2019-11-16 23:17:17,668 [b4a35661-9689-4ac7-ac3c-4d2b2d408aa5@group-436D43F20641-LeaderElection2] INFO  impl.RoleInfo (RoleInfo.java:updateAndGet(143)) - b4a35661-9689-4ac7-ac3c-4d2b2d408aa5: start LeaderState
2019-11-16 23:17:17,678 [Thread-190] INFO  impl.FollowerState (FollowerState.java:run(111)) - 3edf731e-a2c9-4ba1-bb62-f05ea8542184@group-B0D11A8F0F54-FollowerState: change to CANDIDATE, lastRpcTime:5073ms, electionTimeout:5073ms
2019-11-16 23:17:17,678 [Thread-190] INFO  impl.RoleInfo (RoleInfo.java:shutdownFollowerState(121)) - 3edf731e-a2c9-4ba1-bb62-f05ea8542184: shutdown FollowerState
2019-11-16 23:17:17,678 [Thread-190] INFO  impl.RaftServerImpl (RaftServerImpl.java:setRole(173)) - 3edf731e-a2c9-4ba1-bb62-f05ea8542184@group-B0D11A8F0F54: changes role from  FOLLOWER to CANDIDATE at term 0 for changeToCandidate
2019-11-16 23:17:17,679 [Thread-190] INFO  impl.RoleInfo (RoleInfo.java:updateAndGet(143)) - 3edf731e-a2c9-4ba1-bb62-f05ea8542184: start LeaderElection
2019-11-16 23:17:17,687 [Thread-191] INFO  impl.FollowerState (FollowerState.java:run(111)) - d9c3a1f9-f3cd-454d-8ade-69242b77ac9e@group-B0D11A8F0F54-FollowerState: change to CANDIDATE, lastRpcTime:5082ms, electionTimeout:5082ms
2019-11-16 23:17:17,687 [Thread-191] INFO  impl.RoleInfo (RoleInfo.java:shutdownFollowerState(121)) - d9c3a1f9-f3cd-454d-8ade-69242b77ac9e: shutdown FollowerState
2019-11-16 23:17:17,688 [Thread-191] INFO  impl.RaftServerImpl (RaftServerImpl.java:setRole(173)) - d9c3a1f9-f3cd-454d-8ade-69242b77ac9e@group-B0D11A8F0F54: changes role from  FOLLOWER to CANDIDATE at term 0 for changeToCandidate
2019-11-16 23:17:17,688 [Thread-191] INFO  impl.RoleInfo (RoleInfo.java:updateAndGet(143)) - d9c3a1f9-f3cd-454d-8ade-69242b77ac9e: start LeaderElection
2019-11-16 23:17:17,694 [b4a35661-9689-4ac7-ac3c-4d2b2d408aa5@group-B0D11A8F0F54-LeaderElection4] INFO  impl.LeaderElection (LeaderElection.java:askForVotes(178)) - b4a35661-9689-4ac7-ac3c-4d2b2d408aa5@group-B0D11A8F0F54-LeaderElection4: begin an election at term 1 for -1: [b4a35661-9689-4ac7-ac3c-4d2b2d408aa5:192.168.157.223:46550, 3edf731e-a2c9-4ba1-bb62-f05ea8542184:192.168.157.223:41261, d9c3a1f9-f3cd-454d-8ade-69242b77ac9e:192.168.157.223:43662], old=null
2019-11-16 23:17:17,698 [3edf731e-a2c9-4ba1-bb62-f05ea8542184@group-2231E0AFB2CA-LeaderElection3] INFO  segmented.SegmentedRaftLogWorker (SegmentedRaftLogWorker.java:startLogSegment(385)) - 3edf731e-a2c9-4ba1-bb62-f05ea8542184@group-2231E0AFB2CA-SegmentedRaftLogWorker: Starting segment from index:0
2019-11-16 23:17:17,698 [b4a35661-9689-4ac7-ac3c-4d2b2d408aa5@group-436D43F20641-LeaderElection2] INFO  segmented.SegmentedRaftLogWorker (SegmentedRaftLogWorker.java:startLogSegment(385)) - b4a35661-9689-4ac7-ac3c-4d2b2d408aa5@group-436D43F20641-SegmentedRaftLogWorker: Starting segment from index:0
2019-11-16 23:17:17,698 [d9c3a1f9-f3cd-454d-8ade-69242b77ac9e@group-AF8B4085248F-LeaderElection1] INFO  segmented.SegmentedRaftLogWorker (SegmentedRaftLogWorker.java:startLogSegment(385)) - d9c3a1f9-f3cd-454d-8ade-69242b77ac9e@group-AF8B4085248F-SegmentedRaftLogWorker: Starting segment from index:0
2019-11-16 23:17:17,711 [d9c3a1f9-f3cd-454d-8ade-69242b77ac9e@group-B0D11A8F0F54-LeaderElection6] INFO  impl.LeaderElection (LeaderElection.java:askForVotes(178)) - d9c3a1f9-f3cd-454d-8ade-69242b77ac9e@group-B0D11A8F0F54-LeaderElection6: begin an election at term 1 for -1: [b4a35661-9689-4ac7-ac3c-4d2b2d408aa5:192.168.157.223:46550, 3edf731e-a2c9-4ba1-bb62-f05ea8542184:192.168.157.223:41261, d9c3a1f9-f3cd-454d-8ade-69242b77ac9e:192.168.157.223:43662], old=null
2019-11-16 23:17:17,711 [3edf731e-a2c9-4ba1-bb62-f05ea8542184@group-B0D11A8F0F54-LeaderElection5] INFO  impl.LeaderElection (LeaderElection.java:askForVotes(178)) - 3edf731e-a2c9-4ba1-bb62-f05ea8542184@group-B0D11A8F0F54-LeaderElection5: begin an election at term 1 for -1: [b4a35661-9689-4ac7-ac3c-4d2b2d408aa5:192.168.157.223:46550, 3edf731e-a2c9-4ba1-bb62-f05ea8542184:192.168.157.223:41261, d9c3a1f9-f3cd-454d-8ade-69242b77ac9e:192.168.157.223:43662], old=null
2019-11-16 23:17:17,731 [3edf731e-a2c9-4ba1-bb62-f05ea8542184@group-2231E0AFB2CA-LeaderElection3] INFO  impl.RaftServerImpl (ServerState.java:setRaftConf(356)) - 3edf731e-a2c9-4ba1-bb62-f05ea8542184@group-2231E0AFB2CA: set configuration 0: [3edf731e-a2c9-4ba1-bb62-f05ea8542184:192.168.157.223:41261], old=null at 0
2019-11-16 23:17:17,731 [d9c3a1f9-f3cd-454d-8ade-69242b77ac9e@group-AF8B4085248F-LeaderElection1] INFO  impl.RaftServerImpl (ServerState.java:setRaftConf(356)) - d9c3a1f9-f3cd-454d-8ade-69242b77ac9e@group-AF8B4085248F: set configuration 0: [d9c3a1f9-f3cd-454d-8ade-69242b77ac9e:192.168.157.223:43662], old=null at 0
2019-11-16 23:17:17,731 [b4a35661-9689-4ac7-ac3c-4d2b2d408aa5@group-436D43F20641-LeaderElection2] INFO  impl.RaftServerImpl (ServerState.java:setRaftConf(356)) - b4a35661-9689-4ac7-ac3c-4d2b2d408aa5@group-436D43F20641: set configuration 0: [b4a35661-9689-4ac7-ac3c-4d2b2d408aa5:192.168.157.223:46550], old=null at 0
2019-11-16 23:17:17,921 [b4a35661-9689-4ac7-ac3c-4d2b2d408aa5@group-436D43F20641-SegmentedRaftLogWorker] INFO  segmented.SegmentedRaftLogWorker (SegmentedRaftLogWorker.java:execute(576)) - b4a35661-9689-4ac7-ac3c-4d2b2d408aa5@group-436D43F20641-SegmentedRaftLogWorker: created new log segment /workdir/hadoop-ozone/tools/target/test-dir/MiniOzoneClusterImpl-e1879899-4ecd-4d74-848f-e4ebe2fe11d3/datanode-1/data/ratis/06bbbc5e-c2bb-4c7e-b5f8-436d43f20641/current/log_inprogress_0
2019-11-16 23:17:17,921 [3edf731e-a2c9-4ba1-bb62-f05ea8542184@group-2231E0AFB2CA-SegmentedRaftLogWorker] INFO  segmented.SegmentedRaftLogWorker (SegmentedRaftLogWorker.java:execute(576)) - 3edf731e-a2c9-4ba1-bb62-f05ea8542184@group-2231E0AFB2CA-SegmentedRaftLogWorker: created new log segment /workdir/hadoop-ozone/tools/target/test-dir/MiniOzoneClusterImpl-e1879899-4ecd-4d74-848f-e4ebe2fe11d3/datanode-0/data/ratis/ce955bc7-55ac-4091-9e85-2231e0afb2ca/current/log_inprogress_0
2019-11-16 23:17:17,921 [d9c3a1f9-f3cd-454d-8ade-69242b77ac9e@group-AF8B4085248F-SegmentedRaftLogWorker] INFO  segmented.SegmentedRaftLogWorker (SegmentedRaftLogWorker.java:execute(576)) - d9c3a1f9-f3cd-454d-8ade-69242b77ac9e@group-AF8B4085248F-SegmentedRaftLogWorker: created new log segment /workdir/hadoop-ozone/tools/target/test-dir/MiniOzoneClusterImpl-e1879899-4ecd-4d74-848f-e4ebe2fe11d3/datanode-2/data/ratis/b46016cd-6589-46e9-8075-af8b4085248f/current/log_inprogress_0
2019-11-16 23:17:18,140 [3edf731e-a2c9-4ba1-bb62-f05ea8542184@group-B0D11A8F0F54-LeaderElection5] INFO  impl.LeaderElection (LeaderElection.java:logAndReturn(56)) - 3edf731e-a2c9-4ba1-bb62-f05ea8542184@group-B0D11A8F0F54-LeaderElection5: Election REJECTED; received 2 response(s) [3edf731e-a2c9-4ba1-bb62-f05ea8542184<-b4a35661-9689-4ac7-ac3c-4d2b2d408aa5#0:FAIL-t1, 3edf731e-a2c9-4ba1-bb62-f05ea8542184<-d9c3a1f9-f3cd-454d-8ade-69242b77ac9e#0:FAIL-t1] and 0 exception(s); 3edf731e-a2c9-4ba1-bb62-f05ea8542184@group-B0D11A8F0F54:t1, leader=null, voted=3edf731e-a2c9-4ba1-bb62-f05ea8542184, raftlog=3edf731e-a2c9-4ba1-bb62-f05ea8542184@group-B0D11A8F0F54-SegmentedRaftLog:OPENED:c-1,f-1,i0, conf=-1: [b4a35661-9689-4ac7-ac3c-4d2b2d408aa5:192.168.157.223:46550, 3edf731e-a2c9-4ba1-bb62-f05ea8542184:192.168.157.223:41261, d9c3a1f9-f3cd-454d-8ade-69242b77ac9e:192.168.157.223:43662], old=null
2019-11-16 23:17:18,140 [d9c3a1f9-f3cd-454d-8ade-69242b77ac9e@group-B0D11A8F0F54-LeaderElection6] INFO  impl.LeaderElection (LeaderElection.java:logAndReturn(56)) - d9c3a1f9-f3cd-454d-8ade-69242b77ac9e@group-B0D11A8F0F54-LeaderElection6: Election REJECTED; received 2 response(s) [d9c3a1f9-f3cd-454d-8ade-69242b77ac9e<-b4a35661-9689-4ac7-ac3c-4d2b2d408aa5#0:FAIL-t1, d9c3a1f9-f3cd-454d-8ade-69242b77ac9e<-3edf731e-a2c9-4ba1-bb62-f05ea8542184#0:FAIL-t1] and 0 exception(s); d9c3a1f9-f3cd-454d-8ade-69242b77ac9e@group-B0D11A8F0F54:t1, leader=null, voted=d9c3a1f9-f3cd-454d-8ade-69242b77ac9e, raftlog=d9c3a1f9-f3cd-454d-8ade-69242b77ac9e@group-B0D11A8F0F54-SegmentedRaftLog:OPENED:c-1,f-1,i0, conf=-1: [b4a35661-9689-4ac7-ac3c-4d2b2d408aa5:192.168.157.223:46550, 3edf731e-a2c9-4ba1-bb62-f05ea8542184:192.168.157.223:41261, d9c3a1f9-f3cd-454d-8ade-69242b77ac9e:192.168.157.223:43662], old=null
2019-11-16 23:17:18,140 [b4a35661-9689-4ac7-ac3c-4d2b2d408aa5@group-B0D11A8F0F54-LeaderElection4] INFO  impl.LeaderElection (LeaderElection.java:logAndReturn(56)) - b4a35661-9689-4ac7-ac3c-4d2b2d408aa5@group-B0D11A8F0F54-LeaderElection4: Election REJECTED; received 2 response(s) [b4a35661-9689-4ac7-ac3c-4d2b2d408aa5<-3edf731e-a2c9-4ba1-bb62-f05ea8542184#0:FAIL-t1, b4a35661-9689-4ac7-ac3c-4d2b2d408aa5<-d9c3a1f9-f3cd-454d-8ade-69242b77ac9e#0:FAIL-t1] and 0 exception(s); b4a35661-9689-4ac7-ac3c-4d2b2d408aa5@group-B0D11A8F0F54:t1, leader=null, voted=b4a35661-9689-4ac7-ac3c-4d2b2d408aa5, raftlog=b4a35661-9689-4ac7-ac3c-4d2b2d408aa5@group-B0D11A8F0F54-SegmentedRaftLog:OPENED:c-1,f-1,i0, conf=-1: [b4a35661-9689-4ac7-ac3c-4d2b2d408aa5:192.168.157.223:46550, 3edf731e-a2c9-4ba1-bb62-f05ea8542184:192.168.157.223:41261, d9c3a1f9-f3cd-454d-8ade-69242b77ac9e:192.168.157.223:43662], old=null
2019-11-16 23:17:18,143 [3edf731e-a2c9-4ba1-bb62-f05ea8542184@group-B0D11A8F0F54-LeaderElection5] INFO  impl.RaftServerImpl (RaftServerImpl.java:setRole(173)) - 3edf731e-a2c9-4ba1-bb62-f05ea8542184@group-B0D11A8F0F54: changes role from CANDIDATE to FOLLOWER at term 1 for DISCOVERED_A_NEW_TERM
2019-11-16 23:17:18,145 [d9c3a1f9-f3cd-454d-8ade-69242b77ac9e@group-B0D11A8F0F54-LeaderElection6] INFO  impl.RaftServerImpl (RaftServerImpl.java:setRole(173)) - d9c3a1f9-f3cd-454d-8ade-69242b77ac9e@group-B0D11A8F0F54: changes role from CANDIDATE to FOLLOWER at term 1 for DISCOVERED_A_NEW_TERM
2019-11-16 23:17:18,146 [3edf731e-a2c9-4ba1-bb62-f05ea8542184@group-B0D11A8F0F54-LeaderElection5] INFO  impl.RoleInfo (RoleInfo.java:shutdownLeaderElection(134)) - 3edf731e-a2c9-4ba1-bb62-f05ea8542184: shutdown LeaderElection
2019-11-16 23:17:18,145 [b4a35661-9689-4ac7-ac3c-4d2b2d408aa5@group-B0D11A8F0F54-LeaderElection4] INFO  impl.RaftServerImpl (RaftServerImpl.java:setRole(173)) - b4a35661-9689-4ac7-ac3c-4d2b2d408aa5@group-B0D11A8F0F54: changes role from CANDIDATE to FOLLOWER at term 1 for DISCOVERED_A_NEW_TERM
2019-11-16 23:17:18,146 [d9c3a1f9-f3cd-454d-8ade-69242b77ac9e@group-B0D11A8F0F54-LeaderElection6] INFO  impl.RoleInfo (RoleInfo.java:shutdownLeaderElection(134)) - d9c3a1f9-f3cd-454d-8ade-69242b77ac9e: shutdown LeaderElection
2019-11-16 23:17:18,146 [b4a35661-9689-4ac7-ac3c-4d2b2d408aa5@group-B0D11A8F0F54-LeaderElection4] INFO  impl.RoleInfo (RoleInfo.java:shutdownLeaderElection(134)) - b4a35661-9689-4ac7-ac3c-4d2b2d408aa5: shutdown LeaderElection
2019-11-16 23:17:18,146 [3edf731e-a2c9-4ba1-bb62-f05ea8542184@group-B0D11A8F0F54-LeaderElection5] INFO  impl.RoleInfo (RoleInfo.java:updateAndGet(143)) - 3edf731e-a2c9-4ba1-bb62-f05ea8542184: start FollowerState
2019-11-16 23:17:18,146 [b4a35661-9689-4ac7-ac3c-4d2b2d408aa5@group-B0D11A8F0F54-LeaderElection4] INFO  impl.RoleInfo (RoleInfo.java:updateAndGet(143)) - b4a35661-9689-4ac7-ac3c-4d2b2d408aa5: start FollowerState
2019-11-16 23:17:18,146 [d9c3a1f9-f3cd-454d-8ade-69242b77ac9e@group-B0D11A8F0F54-LeaderElection6] INFO  impl.RoleInfo (RoleInfo.java:updateAndGet(143)) - d9c3a1f9-f3cd-454d-8ade-69242b77ac9e: start FollowerState
2019-11-16 23:17:18,382 [main] INFO  ozone.MiniOzoneClusterImpl (MiniOzoneClusterImpl.java:lambda$waitForClusterToBeReady$0(150)) - Nodes are ready. Got 3 of 3 DN Heartbeats.
2019-11-16 23:17:18,383 [main] INFO  ozone.MiniOzoneClusterImpl (MiniOzoneClusterImpl.java:lambda$waitForClusterToBeReady$0(153)) - Waiting for cluster to exit safe mode
2019-11-16 23:17:19,383 [main] INFO  ozone.MiniOzoneClusterImpl (MiniOzoneClusterImpl.java:lambda$waitForClusterToBeReady$0(150)) - Nodes are ready. Got 3 of 3 DN Heartbeats.
2019-11-16 23:17:19,383 [main] INFO  ozone.MiniOzoneClusterImpl (MiniOzoneClusterImpl.java:lambda$waitForClusterToBeReady$0(153)) - Waiting for cluster to exit safe mode
2019-11-16 23:17:20,384 [main] INFO  ozone.MiniOzoneClusterImpl (MiniOzoneClusterImpl.java:lambda$waitForClusterToBeReady$0(150)) - Nodes are ready. Got 3 of 3 DN Heartbeats.
2019-11-16 23:17:20,384 [main] INFO  ozone.MiniOzoneClusterImpl (MiniOzoneClusterImpl.java:lambda$waitForClusterToBeReady$0(153)) - Waiting for cluster to exit safe mode
2019-11-16 23:17:21,384 [main] INFO  ozone.MiniOzoneClusterImpl (MiniOzoneClusterImpl.java:lambda$waitForClusterToBeReady$0(150)) - Nodes are ready. Got 3 of 3 DN Heartbeats.
2019-11-16 23:17:21,385 [main] INFO  ozone.MiniOzoneClusterImpl (MiniOzoneClusterImpl.java:lambda$waitForClusterToBeReady$0(153)) - Waiting for cluster to exit safe mode
2019-11-16 23:17:22,385 [main] INFO  ozone.MiniOzoneClusterImpl (MiniOzoneClusterImpl.java:lambda$waitForClusterToBeReady$0(150)) - Nodes are ready. Got 3 of 3 DN Heartbeats.
2019-11-16 23:17:22,386 [main] INFO  ozone.MiniOzoneClusterImpl (MiniOzoneClusterImpl.java:lambda$waitForClusterToBeReady$0(153)) - Waiting for cluster to exit safe mode
2019-11-16 23:17:23,185 [Thread-207] INFO  impl.FollowerState (FollowerState.java:run(111)) - 3edf731e-a2c9-4ba1-bb62-f05ea8542184@group-B0D11A8F0F54-FollowerState: change to CANDIDATE, lastRpcTime:5038ms, electionTimeout:5038ms
2019-11-16 23:17:23,185 [Thread-207] INFO  impl.RoleInfo (RoleInfo.java:shutdownFollowerState(121)) - 3edf731e-a2c9-4ba1-bb62-f05ea8542184: shutdown FollowerState
2019-11-16 23:17:23,185 [Thread-207] INFO  impl.RaftServerImpl (RaftServerImpl.java:setRole(173)) - 3edf731e-a2c9-4ba1-bb62-f05ea8542184@group-B0D11A8F0F54: changes role from  FOLLOWER to CANDIDATE at term 1 for changeToCandidate
2019-11-16 23:17:23,186 [Thread-207] INFO  impl.RoleInfo (RoleInfo.java:updateAndGet(143)) - 3edf731e-a2c9-4ba1-bb62-f05ea8542184: start LeaderElection
2019-11-16 23:17:23,223 [3edf731e-a2c9-4ba1-bb62-f05ea8542184@group-B0D11A8F0F54-LeaderElection7] INFO  impl.LeaderElection (LeaderElection.java:askForVotes(178)) - 3edf731e-a2c9-4ba1-bb62-f05ea8542184@group-B0D11A8F0F54-LeaderElection7: begin an election at term 2 for -1: [b4a35661-9689-4ac7-ac3c-4d2b2d408aa5:192.168.157.223:46550, 3edf731e-a2c9-4ba1-bb62-f05ea8542184:192.168.157.223:41261, d9c3a1f9-f3cd-454d-8ade-69242b77ac9e:192.168.157.223:43662], old=null
2019-11-16 23:17:23,228 [Thread-209] INFO  impl.FollowerState (FollowerState.java:run(111)) - b4a35661-9689-4ac7-ac3c-4d2b2d408aa5@group-B0D11A8F0F54-FollowerState: change to CANDIDATE, lastRpcTime:5082ms, electionTimeout:5080ms
2019-11-16 23:17:23,230 [Thread-209] INFO  impl.RoleInfo (RoleInfo.java:shutdownFollowerState(121)) - b4a35661-9689-4ac7-ac3c-4d2b2d408aa5: shutdown FollowerState
2019-11-16 23:17:23,230 [Thread-209] INFO  impl.RaftServerImpl (RaftServerImpl.java:setRole(173)) - b4a35661-9689-4ac7-ac3c-4d2b2d408aa5@group-B0D11A8F0F54: changes role from  FOLLOWER to CANDIDATE at term 1 for changeToCandidate
2019-11-16 23:17:23,230 [Thread-209] INFO  impl.RoleInfo (RoleInfo.java:updateAndGet(143)) - b4a35661-9689-4ac7-ac3c-4d2b2d408aa5: start LeaderElection
2019-11-16 23:17:23,234 [grpc-default-executor-0] INFO  impl.RaftServerImpl (RaftServerImpl.java:setRole(173)) - d9c3a1f9-f3cd-454d-8ade-69242b77ac9e@group-B0D11A8F0F54: changes role from  FOLLOWER to FOLLOWER at term 2 for recognizeCandidate:3edf731e-a2c9-4ba1-bb62-f05ea8542184
2019-11-16 23:17:23,235 [grpc-default-executor-0] INFO  impl.RoleInfo (RoleInfo.java:shutdownFollowerState(121)) - d9c3a1f9-f3cd-454d-8ade-69242b77ac9e: shutdown FollowerState
2019-11-16 23:17:23,235 [grpc-default-executor-0] INFO  impl.RoleInfo (RoleInfo.java:updateAndGet(143)) - d9c3a1f9-f3cd-454d-8ade-69242b77ac9e: start FollowerState
2019-11-16 23:17:23,235 [Thread-208] INFO  impl.FollowerState (FollowerState.java:run(120)) - d9c3a1f9-f3cd-454d-8ade-69242b77ac9e@group-B0D11A8F0F54-FollowerState was interrupted: java.lang.InterruptedException: sleep interrupted
2019-11-16 23:17:23,257 [b4a35661-9689-4ac7-ac3c-4d2b2d408aa5@group-B0D11A8F0F54-LeaderElection8] INFO  impl.LeaderElection (LeaderElection.java:askForVotes(178)) - b4a35661-9689-4ac7-ac3c-4d2b2d408aa5@group-B0D11A8F0F54-LeaderElection8: begin an election at term 2 for -1: [b4a35661-9689-4ac7-ac3c-4d2b2d408aa5:192.168.157.223:46550, 3edf731e-a2c9-4ba1-bb62-f05ea8542184:192.168.157.223:41261, d9c3a1f9-f3cd-454d-8ade-69242b77ac9e:192.168.157.223:43662], old=null
2019-11-16 23:17:23,265 [3edf731e-a2c9-4ba1-bb62-f05ea8542184@group-B0D11A8F0F54-LeaderElection7] INFO  impl.LeaderElection (LeaderElection.java:logAndReturn(56)) - 3edf731e-a2c9-4ba1-bb62-f05ea8542184@group-B0D11A8F0F54-LeaderElection7: Election PASSED; received 1 response(s) [3edf731e-a2c9-4ba1-bb62-f05ea8542184<-d9c3a1f9-f3cd-454d-8ade-69242b77ac9e#0:OK-t2] and 0 exception(s); 3edf731e-a2c9-4ba1-bb62-f05ea8542184@group-B0D11A8F0F54:t2, leader=null, voted=3edf731e-a2c9-4ba1-bb62-f05ea8542184, raftlog=3edf731e-a2c9-4ba1-bb62-f05ea8542184@group-B0D11A8F0F54-SegmentedRaftLog:OPENED:c-1,f-1,i0, conf=-1: [b4a35661-9689-4ac7-ac3c-4d2b2d408aa5:192.168.157.223:46550, 3edf731e-a2c9-4ba1-bb62-f05ea8542184:192.168.157.223:41261, d9c3a1f9-f3cd-454d-8ade-69242b77ac9e:192.168.157.223:43662], old=null
2019-11-16 23:17:23,267 [3edf731e-a2c9-4ba1-bb62-f05ea8542184@group-B0D11A8F0F54-LeaderElection7] INFO  impl.RoleInfo (RoleInfo.java:shutdownLeaderElection(134)) - 3edf731e-a2c9-4ba1-bb62-f05ea8542184: shutdown LeaderElection
2019-11-16 23:17:23,268 [3edf731e-a2c9-4ba1-bb62-f05ea8542184@group-B0D11A8F0F54-LeaderElection7] INFO  impl.RaftServerImpl (RaftServerImpl.java:setRole(173)) - 3edf731e-a2c9-4ba1-bb62-f05ea8542184@group-B0D11A8F0F54: changes role from CANDIDATE to LEADER at term 2 for changeToLeader
2019-11-16 23:17:23,268 [3edf731e-a2c9-4ba1-bb62-f05ea8542184@group-B0D11A8F0F54-LeaderElection7] INFO  ratis.XceiverServerRatis (XceiverServerRatis.java:handleLeaderChangedNotification(733)) - Leader change notification received for group: group-B0D11A8F0F54 with new leaderId: 3edf731e-a2c9-4ba1-bb62-f05ea8542184
2019-11-16 23:17:23,269 [3edf731e-a2c9-4ba1-bb62-f05ea8542184@group-B0D11A8F0F54-LeaderElection7] INFO  impl.RaftServerImpl (ServerState.java:setLeader(255)) - 3edf731e-a2c9-4ba1-bb62-f05ea8542184@group-B0D11A8F0F54: change Leader from null to 3edf731e-a2c9-4ba1-bb62-f05ea8542184 at term 2 for becomeLeader, leader elected after 10672ms
2019-11-16 23:17:23,270 [3edf731e-a2c9-4ba1-bb62-f05ea8542184@group-B0D11A8F0F54-LeaderElection7] INFO  server.RaftServerConfigKeys (ConfUtils.java:logGet(43)) - raft.server.staging.catchup.gap = 1000 (default)
2019-11-16 23:17:23,272 [3edf731e-a2c9-4ba1-bb62-f05ea8542184@group-B0D11A8F0F54-LeaderElection7] INFO  server.RaftServerConfigKeys (ConfUtils.java:logGet(43)) - raft.server.rpc.sleep.time = 25ms (default)
2019-11-16 23:17:23,272 [3edf731e-a2c9-4ba1-bb62-f05ea8542184@group-B0D11A8F0F54-LeaderElection7] INFO  server.RaftServerConfigKeys (ConfUtils.java:logGet(43)) - raft.server.write.element-limit = 4096 (default)
2019-11-16 23:17:23,272 [3edf731e-a2c9-4ba1-bb62-f05ea8542184@group-B0D11A8F0F54-LeaderElection7] INFO  server.RaftServerConfigKeys (ConfUtils.java:logGet(43)) - raft.server.watch.timeout = 10s (default)
2019-11-16 23:17:23,274 [3edf731e-a2c9-4ba1-bb62-f05ea8542184@group-B0D11A8F0F54-LeaderElection7] INFO  server.RaftServerConfigKeys (ConfUtils.java:logGet(43)) - raft.server.watch.timeout.denomination = 1s (default)
2019-11-16 23:17:23,274 [3edf731e-a2c9-4ba1-bb62-f05ea8542184@group-B0D11A8F0F54-LeaderElection7] INFO  server.RaftServerConfigKeys (ConfUtils.java:logGet(43)) - raft.server.watch.element-limit = 65536 (default)
2019-11-16 23:17:23,275 [EventQueue-PipelineReportForPipelineReportHandler] INFO  pipeline.PipelineReportHandler (PipelineReportHandler.java:processPipelineReport(113)) - Pipeline THREE PipelineID=3fe9ccbf-0a25-4abc-9b1d-b0d11a8f0f54 reported by 3edf731e-a2c9-4ba1-bb62-f05ea8542184{ip: 192.168.157.223, host: pr-hdds-2485-6tzkx-595685465, networkLocation: /default-rack, certSerialId: null}
2019-11-16 23:17:23,277 [EventQueue-PipelineReportForPipelineReportHandler] INFO  pipeline.PipelineStateManager (PipelineStateManager.java:openPipeline(132)) - Pipeline Pipeline[ Id: 3fe9ccbf-0a25-4abc-9b1d-b0d11a8f0f54, Nodes: 3edf731e-a2c9-4ba1-bb62-f05ea8542184{ip: 192.168.157.223, host: pr-hdds-2485-6tzkx-595685465, networkLocation: /default-rack, certSerialId: null}d9c3a1f9-f3cd-454d-8ade-69242b77ac9e{ip: 192.168.157.223, host: pr-hdds-2485-6tzkx-595685465, networkLocation: /default-rack, certSerialId: null}b4a35661-9689-4ac7-ac3c-4d2b2d408aa5{ip: 192.168.157.223, host: pr-hdds-2485-6tzkx-595685465, networkLocation: /default-rack, certSerialId: null}, Type:RATIS, Factor:THREE, State:ALLOCATED] moved to OPEN state
2019-11-16 23:17:23,280 [EventQueue-OpenPipelineForOneReplicaPipelineSafeModeRule] INFO  safemode.SCMSafeModeManager (SCMSafeModeManager.java:validateSafeModeExitRules(176)) - AtleastOneDatanodeReportedRule rule is successfully validated
2019-11-16 23:17:23,280 [EventQueue-OpenPipelineForHealthyPipelineSafeModeRule] INFO  safemode.SCMSafeModeManager (HealthyPipelineSafeModeRule.java:process(132)) - SCM in safe mode. Healthy pipelines reported count is 1, required healthy pipeline reported count is 1
2019-11-16 23:17:23,281 [3edf731e-a2c9-4ba1-bb62-f05ea8542184@group-B0D11A8F0F54-LeaderElection7] INFO  server.RaftServerConfigKeys (ConfUtils.java:logGet(43)) - raft.server.log.appender.snapshot.chunk.size.max = 16MB (=16777216) (default)
2019-11-16 23:17:23,282 [EventQueue-OpenPipelineForHealthyPipelineSafeModeRule] INFO  safemode.SCMSafeModeManager (SCMSafeModeManager.java:validateSafeModeExitRules(176)) - HealthyPipelineSafeModeRule rule is successfully validated
2019-11-16 23:17:23,282 [3edf731e-a2c9-4ba1-bb62-f05ea8542184@group-B0D11A8F0F54-LeaderElection7] INFO  server.RaftServerConfigKeys (ConfUtils.java:logGet(43)) - raft.server.log.appender.buffer.byte-limit = 33554432 (custom)
2019-11-16 23:17:23,283 [EventQueue-OpenPipelineForHealthyPipelineSafeModeRule] INFO  safemode.SCMSafeModeManager (SCMSafeModeManager.java:validateSafeModeExitRules(185)) - ScmSafeModeManager, all rules are successfully validated
2019-11-16 23:17:23,283 [EventQueue-OpenPipelineForHealthyPipelineSafeModeRule] INFO  safemode.SCMSafeModeManager (SCMSafeModeManager.java:exitSafeMode(201)) - SCM exiting safe mode.
2019-11-16 23:17:23,283 [3edf731e-a2c9-4ba1-bb62-f05ea8542184@group-B0D11A8F0F54-LeaderElection7] INFO  server.RaftServerConfigKeys (ConfUtils.java:logGet(43)) - raft.server.log.appender.buffer.element-limit = 1 (custom)
2019-11-16 23:17:23,288 [3edf731e-a2c9-4ba1-bb62-f05ea8542184@group-B0D11A8F0F54-LeaderElection7] INFO  grpc.GrpcConfigKeys$Server (ConfUtils.java:logGet(43)) - raft.grpc.server.leader.outstanding.appends.max = 128 (default)
2019-11-16 23:17:23,288 [3edf731e-a2c9-4ba1-bb62-f05ea8542184@group-B0D11A8F0F54-LeaderElection7] INFO  server.RaftServerConfigKeys (ConfUtils.java:logGet(43)) - raft.server.rpc.request.timeout = 3000ms (default)
2019-11-16 23:17:23,288 [3edf731e-a2c9-4ba1-bb62-f05ea8542184@group-B0D11A8F0F54-LeaderElection7] INFO  server.RaftServerConfigKeys (ConfUtils.java:logGet(43)) - raft.server.log.appender.install.snapshot.enabled = false (custom)
2019-11-16 23:17:23,290 [3edf731e-a2c9-4ba1-bb62-f05ea8542184@group-B0D11A8F0F54-LeaderElection7] WARN  impl.MetricRegistriesImpl (MetricRegistriesImpl.java:lambda$create$1(61)) - First MetricRegistry has been created without registering reporters. You may need to call MetricRegistries.global().addReportRegistration(...) before.
2019-11-16 23:17:23,291 [3edf731e-a2c9-4ba1-bb62-f05ea8542184@group-B0D11A8F0F54-LeaderElection7] INFO  server.RaftServerConfigKeys (ConfUtils.java:logGet(43)) - raft.server.log.appender.snapshot.chunk.size.max = 16MB (=16777216) (default)
2019-11-16 23:17:23,291 [3edf731e-a2c9-4ba1-bb62-f05ea8542184@group-B0D11A8F0F54-LeaderElection7] INFO  server.RaftServerConfigKeys (ConfUtils.java:logGet(43)) - raft.server.log.appender.buffer.byte-limit = 33554432 (custom)
2019-11-16 23:17:23,291 [3edf731e-a2c9-4ba1-bb62-f05ea8542184@group-B0D11A8F0F54-LeaderElection7] INFO  server.RaftServerConfigKeys (ConfUtils.java:logGet(43)) - raft.server.log.appender.buffer.element-limit = 1 (custom)
2019-11-16 23:17:23,292 [3edf731e-a2c9-4ba1-bb62-f05ea8542184@group-B0D11A8F0F54-LeaderElection7] INFO  grpc.GrpcConfigKeys$Server (ConfUtils.java:logGet(43)) - raft.grpc.server.leader.outstanding.appends.max = 128 (default)
2019-11-16 23:17:23,292 [3edf731e-a2c9-4ba1-bb62-f05ea8542184@group-B0D11A8F0F54-LeaderElection7] INFO  server.RaftServerConfigKeys (ConfUtils.java:logGet(43)) - raft.server.rpc.request.timeout = 3000ms (default)
2019-11-16 23:17:23,292 [3edf731e-a2c9-4ba1-bb62-f05ea8542184@group-B0D11A8F0F54-LeaderElection7] INFO  server.RaftServerConfigKeys (ConfUtils.java:logGet(43)) - raft.server.log.appender.install.snapshot.enabled = false (custom)
2019-11-16 23:17:23,296 [3edf731e-a2c9-4ba1-bb62-f05ea8542184@group-B0D11A8F0F54-LeaderElection7] INFO  impl.RoleInfo (RoleInfo.java:updateAndGet(143)) - 3edf731e-a2c9-4ba1-bb62-f05ea8542184: start LeaderState
2019-11-16 23:17:23,296 [3edf731e-a2c9-4ba1-bb62-f05ea8542184@group-B0D11A8F0F54-LeaderElection7] INFO  segmented.SegmentedRaftLogWorker (SegmentedRaftLogWorker.java:startLogSegment(385)) - 3edf731e-a2c9-4ba1-bb62-f05ea8542184@group-B0D11A8F0F54-SegmentedRaftLogWorker: Starting segment from index:0
2019-11-16 23:17:23,297 [3edf731e-a2c9-4ba1-bb62-f05ea8542184@group-B0D11A8F0F54-LeaderElection7] INFO  impl.RaftServerImpl (ServerState.java:setRaftConf(356)) - 3edf731e-a2c9-4ba1-bb62-f05ea8542184@group-B0D11A8F0F54: set configuration 0: [b4a35661-9689-4ac7-ac3c-4d2b2d408aa5:192.168.157.223:46550, 3edf731e-a2c9-4ba1-bb62-f05ea8542184:192.168.157.223:41261, d9c3a1f9-f3cd-454d-8ade-69242b77ac9e:192.168.157.223:43662], old=null at 0
2019-11-16 23:17:23,331 [grpc-default-executor-5] INFO  impl.RaftServerImpl (RaftServerImpl.java:requestVote(776)) - 3edf731e-a2c9-4ba1-bb62-f05ea8542184@group-B0D11A8F0F54-   LEADER: Withhold vote from candidate b4a35661-9689-4ac7-ac3c-4d2b2d408aa5 with term 2. State: leader=3edf731e-a2c9-4ba1-bb62-f05ea8542184, term=2, lastRpcElapsed=null
2019-11-16 23:17:23,351 [3edf731e-a2c9-4ba1-bb62-f05ea8542184@group-B0D11A8F0F54-SegmentedRaftLogWorker] INFO  segmented.SegmentedRaftLogWorker (SegmentedRaftLogWorker.java:execute(576)) - 3edf731e-a2c9-4ba1-bb62-f05ea8542184@group-B0D11A8F0F54-SegmentedRaftLogWorker: created new log segment /workdir/hadoop-ozone/tools/target/test-dir/MiniOzoneClusterImpl-e1879899-4ecd-4d74-848f-e4ebe2fe11d3/datanode-0/data/ratis/3fe9ccbf-0a25-4abc-9b1d-b0d11a8f0f54/current/log_inprogress_0
2019-11-16 23:17:23,351 [b4a35661-9689-4ac7-ac3c-4d2b2d408aa5@group-B0D11A8F0F54-LeaderElection8] INFO  impl.LeaderElection (LeaderElection.java:logAndReturn(56)) - b4a35661-9689-4ac7-ac3c-4d2b2d408aa5@group-B0D11A8F0F54-LeaderElection8: Election REJECTED; received 2 response(s) [b4a35661-9689-4ac7-ac3c-4d2b2d408aa5<-3edf731e-a2c9-4ba1-bb62-f05ea8542184#0:FAIL-t2, b4a35661-9689-4ac7-ac3c-4d2b2d408aa5<-d9c3a1f9-f3cd-454d-8ade-69242b77ac9e#0:FAIL-t2] and 0 exception(s); b4a35661-9689-4ac7-ac3c-4d2b2d408aa5@group-B0D11A8F0F54:t2, leader=null, voted=b4a35661-9689-4ac7-ac3c-4d2b2d408aa5, raftlog=b4a35661-9689-4ac7-ac3c-4d2b2d408aa5@group-B0D11A8F0F54-SegmentedRaftLog:OPENED:c-1,f-1,i0, conf=-1: [b4a35661-9689-4ac7-ac3c-4d2b2d408aa5:192.168.157.223:46550, 3edf731e-a2c9-4ba1-bb62-f05ea8542184:192.168.157.223:41261, d9c3a1f9-f3cd-454d-8ade-69242b77ac9e:192.168.157.223:43662], old=null
2019-11-16 23:17:23,354 [b4a35661-9689-4ac7-ac3c-4d2b2d408aa5@group-B0D11A8F0F54-LeaderElection8] INFO  impl.RaftServerImpl (RaftServerImpl.java:setRole(173)) - b4a35661-9689-4ac7-ac3c-4d2b2d408aa5@group-B0D11A8F0F54: changes role from CANDIDATE to FOLLOWER at term 2 for DISCOVERED_A_NEW_TERM
2019-11-16 23:17:23,354 [b4a35661-9689-4ac7-ac3c-4d2b2d408aa5@group-B0D11A8F0F54-LeaderElection8] INFO  impl.RoleInfo (RoleInfo.java:shutdownLeaderElection(134)) - b4a35661-9689-4ac7-ac3c-4d2b2d408aa5: shutdown LeaderElection
2019-11-16 23:17:23,355 [b4a35661-9689-4ac7-ac3c-4d2b2d408aa5@group-B0D11A8F0F54-LeaderElection8] INFO  impl.RoleInfo (RoleInfo.java:updateAndGet(143)) - b4a35661-9689-4ac7-ac3c-4d2b2d408aa5: start FollowerState
2019-11-16 23:17:23,379 [grpc-default-executor-0] INFO  ratis.XceiverServerRatis (XceiverServerRatis.java:handleLeaderChangedNotification(733)) - Leader change notification received for group: group-B0D11A8F0F54 with new leaderId: 3edf731e-a2c9-4ba1-bb62-f05ea8542184
2019-11-16 23:17:23,380 [grpc-default-executor-5] INFO  ratis.XceiverServerRatis (XceiverServerRatis.java:handleLeaderChangedNotification(733)) - Leader change notification received for group: group-B0D11A8F0F54 with new leaderId: 3edf731e-a2c9-4ba1-bb62-f05ea8542184
2019-11-16 23:17:23,380 [grpc-default-executor-0] INFO  impl.RaftServerImpl (ServerState.java:setLeader(255)) - b4a35661-9689-4ac7-ac3c-4d2b2d408aa5@group-B0D11A8F0F54: change Leader from null to 3edf731e-a2c9-4ba1-bb62-f05ea8542184 at term 2 for appendEntries, leader elected after 10783ms
2019-11-16 23:17:23,381 [grpc-default-executor-5] INFO  impl.RaftServerImpl (ServerState.java:setLeader(255)) - d9c3a1f9-f3cd-454d-8ade-69242b77ac9e@group-B0D11A8F0F54: change Leader from null to 3edf731e-a2c9-4ba1-bb62-f05ea8542184 at term 2 for appendEntries, leader elected after 10783ms
2019-11-16 23:17:23,386 [main] INFO  ozone.MiniOzoneClusterImpl (MiniOzoneClusterImpl.java:lambda$waitForClusterToBeReady$0(150)) - Nodes are ready. Got 3 of 3 DN Heartbeats.
2019-11-16 23:17:23,388 [main] INFO  ozone.MiniOzoneClusterImpl (MiniOzoneClusterImpl.java:lambda$waitForClusterToBeReady$0(153)) - Cluster exits safe mode
2019-11-16 23:17:23,417 [grpc-default-executor-5] INFO  impl.RaftServerImpl (ServerState.java:setRaftConf(356)) - b4a35661-9689-4ac7-ac3c-4d2b2d408aa5@group-B0D11A8F0F54: set configuration 0: [b4a35661-9689-4ac7-ac3c-4d2b2d408aa5:192.168.157.223:46550, 3edf731e-a2c9-4ba1-bb62-f05ea8542184:192.168.157.223:41261, d9c3a1f9-f3cd-454d-8ade-69242b77ac9e:192.168.157.223:43662], old=null at 0
2019-11-16 23:17:23,417 [grpc-default-executor-0] INFO  impl.RaftServerImpl (ServerState.java:setRaftConf(356)) - d9c3a1f9-f3cd-454d-8ade-69242b77ac9e@group-B0D11A8F0F54: set configuration 0: [b4a35661-9689-4ac7-ac3c-4d2b2d408aa5:192.168.157.223:46550, 3edf731e-a2c9-4ba1-bb62-f05ea8542184:192.168.157.223:41261, d9c3a1f9-f3cd-454d-8ade-69242b77ac9e:192.168.157.223:43662], old=null at 0
2019-11-16 23:17:23,417 [grpc-default-executor-5] INFO  segmented.SegmentedRaftLogWorker (SegmentedRaftLogWorker.java:startLogSegment(385)) - b4a35661-9689-4ac7-ac3c-4d2b2d408aa5@group-B0D11A8F0F54-SegmentedRaftLogWorker: Starting segment from index:0
2019-11-16 23:17:23,417 [grpc-default-executor-0] INFO  segmented.SegmentedRaftLogWorker (SegmentedRaftLogWorker.java:startLogSegment(385)) - d9c3a1f9-f3cd-454d-8ade-69242b77ac9e@group-B0D11A8F0F54-SegmentedRaftLogWorker: Starting segment from index:0
2019-11-16 23:17:23,477 [d9c3a1f9-f3cd-454d-8ade-69242b77ac9e@group-B0D11A8F0F54-SegmentedRaftLogWorker] INFO  segmented.SegmentedRaftLogWorker (SegmentedRaftLogWorker.java:execute(576)) - d9c3a1f9-f3cd-454d-8ade-69242b77ac9e@group-B0D11A8F0F54-SegmentedRaftLogWorker: created new log segment /workdir/hadoop-ozone/tools/target/test-dir/MiniOzoneClusterImpl-e1879899-4ecd-4d74-848f-e4ebe2fe11d3/datanode-2/data/ratis/3fe9ccbf-0a25-4abc-9b1d-b0d11a8f0f54/current/log_inprogress_0
2019-11-16 23:17:23,477 [b4a35661-9689-4ac7-ac3c-4d2b2d408aa5@group-B0D11A8F0F54-SegmentedRaftLogWorker] INFO  segmented.SegmentedRaftLogWorker (SegmentedRaftLogWorker.java:execute(576)) - b4a35661-9689-4ac7-ac3c-4d2b2d408aa5@group-B0D11A8F0F54-SegmentedRaftLogWorker: created new log segment /workdir/hadoop-ozone/tools/target/test-dir/MiniOzoneClusterImpl-e1879899-4ecd-4d74-848f-e4ebe2fe11d3/datanode-1/data/ratis/3fe9ccbf-0a25-4abc-9b1d-b0d11a8f0f54/current/log_inprogress_0
2019-11-16 23:17:24,315 [main] INFO  freon.RandomKeyGenerator (RandomKeyGenerator.java:call(283)) - Number of Threads: 10
2019-11-16 23:17:24,316 [main] INFO  freon.RandomKeyGenerator (RandomKeyGenerator.java:call(288)) - Number of Volumes: 1.
2019-11-16 23:17:24,316 [main] INFO  freon.RandomKeyGenerator (RandomKeyGenerator.java:call(289)) - Number of Buckets per Volume: 1.
2019-11-16 23:17:24,316 [main] INFO  freon.RandomKeyGenerator (RandomKeyGenerator.java:call(290)) - Number of Keys per Bucket: 1.
2019-11-16 23:17:24,316 [main] INFO  freon.RandomKeyGenerator (RandomKeyGenerator.java:call(291)) - Key size: 20971520 bytes
2019-11-16 23:17:24,316 [main] INFO  freon.RandomKeyGenerator (RandomKeyGenerator.java:call(292)) - Buffer size: 4096 bytes
2019-11-16 23:17:24,316 [main] INFO  freon.RandomKeyGenerator (RandomKeyGenerator.java:call(293)) - validateWrites : true
2019-11-16 23:17:24,320 [main] INFO  freon.RandomKeyGenerator (RandomKeyGenerator.java:call(307)) - Data validation is enabled.
2019-11-16 23:17:24,321 [main] INFO  freon.RandomKeyGenerator (RandomKeyGenerator.java:call(313)) - Starting progress bar Thread.

 0.00% |?                                                                                                    |  0/1 Time: 0:00:002019-11-16 23:17:24,347 [pool-53-thread-1] INFO  rpc.RpcClient (RpcClient.java:createVolume(292)) - Creating Volume: vol-0-69949, with jenkins1000 as owner.
2019-11-16 23:17:24,407 [IPC Server handler 0 on 35003] INFO  volume.OMVolumeCreateRequest (OMVolumeCreateRequest.java:validateAndUpdateCache(193)) - created volume:vol-0-69949 for user:jenkins1000
2019-11-16 23:17:24,456 [pool-53-thread-2] INFO  rpc.RpcClient (RpcClient.java:createBucket(431)) - Creating Bucket: vol-0-69949/bucket-0-80054, with Versioning false and Storage Type set to DISK and Encryption set to false 
2019-11-16 23:17:24,630 [pool-53-thread-3] INFO  impl.MetricsSystemImpl (MetricsSystemImpl.java:init(158)) - XceiverClientMetrics metrics system started (again)
 0.00% |?                                                                                                    |  0/1 Time: 0:00:012019-11-16 23:17:26,291 [Thread-219] INFO  container.ReplicationManager (ReplicationManager.java:start(162)) - Starting Replication Monitor Thread.
2019-11-16 23:17:26,293 [ReplicationMonitor] INFO  container.ReplicationManager (ReplicationManager.java:run(225)) - Replication Monitor Thread took 1 milliseconds for processing 3 containers.
 0.00% |?                                                                                                    |  0/1 Time: 0:00:02 100.00% |?????????????????????????????????????????????????????????????????????????????????????????????????????|  1/1 Time: 0:00:03
2019-11-16 23:17:32,320 [main] INFO  pipeline.SCMPipelineManager (SCMPipelineManager.java:finalizeAndDestroyPipeline(333)) - destroying pipeline:Pipeline[ Id: 3fe9ccbf-0a25-4abc-9b1d-b0d11a8f0f54, Nodes: 3edf731e-a2c9-4ba1-bb62-f05ea8542184{ip: 192.168.157.223, host: pr-hdds-2485-6tzkx-595685465, networkLocation: /default-rack, certSerialId: null}d9c3a1f9-f3cd-454d-8ade-69242b77ac9e{ip: 192.168.157.223, host: pr-hdds-2485-6tzkx-595685465, networkLocation: /default-rack, certSerialId: null}b4a35661-9689-4ac7-ac3c-4d2b2d408aa5{ip: 192.168.157.223, host: pr-hdds-2485-6tzkx-595685465, networkLocation: /default-rack, certSerialId: null}, Type:RATIS, Factor:THREE, State:OPEN]
2019-11-16 23:17:32,320 [main] INFO  pipeline.PipelineStateManager (PipelineStateManager.java:finalizePipeline(121)) - Pipeline Pipeline[ Id: 3fe9ccbf-0a25-4abc-9b1d-b0d11a8f0f54, Nodes: 3edf731e-a2c9-4ba1-bb62-f05ea8542184{ip: 192.168.157.223, host: pr-hdds-2485-6tzkx-595685465, networkLocation: /default-rack, certSerialId: null}d9c3a1f9-f3cd-454d-8ade-69242b77ac9e{ip: 192.168.157.223, host: pr-hdds-2485-6tzkx-595685465, networkLocation: /default-rack, certSerialId: null}b4a35661-9689-4ac7-ac3c-4d2b2d408aa5{ip: 192.168.157.223, host: pr-hdds-2485-6tzkx-595685465, networkLocation: /default-rack, certSerialId: null}, Type:RATIS, Factor:THREE, State:CLOSED] moved to CLOSED state
2019-11-16 23:17:32,321 [EventQueue-CloseContainerForCloseContainerEventHandler] INFO  container.CloseContainerEventHandler (CloseContainerEventHandler.java:onMessage(61)) - Close container Event triggered for container : #1
2019-11-16 23:17:32,322 [main] INFO  pipeline.RatisPipelineProvider (RatisPipelineProvider.java:lambda$close$5(207)) - Send pipeline:PipelineID=3fe9ccbf-0a25-4abc-9b1d-b0d11a8f0f54 close command to datanode 3edf731e-a2c9-4ba1-bb62-f05ea8542184
2019-11-16 23:17:32,323 [main] INFO  pipeline.RatisPipelineProvider (RatisPipelineProvider.java:lambda$close$5(207)) - Send pipeline:PipelineID=3fe9ccbf-0a25-4abc-9b1d-b0d11a8f0f54 close command to datanode d9c3a1f9-f3cd-454d-8ade-69242b77ac9e
2019-11-16 23:17:32,324 [main] INFO  pipeline.RatisPipelineProvider (RatisPipelineProvider.java:lambda$close$5(207)) - Send pipeline:PipelineID=3fe9ccbf-0a25-4abc-9b1d-b0d11a8f0f54 close command to datanode b4a35661-9689-4ac7-ac3c-4d2b2d408aa5
2019-11-16 23:17:32,324 [main] INFO  pipeline.PipelineStateManager (PipelineStateManager.java:removePipeline(106)) - Pipeline Pipeline[ Id: 3fe9ccbf-0a25-4abc-9b1d-b0d11a8f0f54, Nodes: 3edf731e-a2c9-4ba1-bb62-f05ea8542184{ip: 192.168.157.223, host: pr-hdds-2485-6tzkx-595685465, networkLocation: /default-rack, certSerialId: null}d9c3a1f9-f3cd-454d-8ade-69242b77ac9e{ip: 192.168.157.223, host: pr-hdds-2485-6tzkx-595685465, networkLocation: /default-rack, certSerialId: null}b4a35661-9689-4ac7-ac3c-4d2b2d408aa5{ip: 192.168.157.223, host: pr-hdds-2485-6tzkx-595685465, networkLocation: /default-rack, certSerialId: null}, Type:RATIS, Factor:THREE, State:CLOSED] removed from db
2019-11-16 23:17:32,324 [EventQueue-CloseContainerForCloseContainerEventHandler] INFO  container.CloseContainerEventHandler (CloseContainerEventHandler.java:onMessage(61)) - Close container Event triggered for container : #2
2019-11-16 23:17:32,326 [EventQueue-CloseContainerForCloseContainerEventHandler] ERROR container.CloseContainerEventHandler (CloseContainerEventHandler.java:onMessage(89)) - Failed to close the container #2.
org.apache.hadoop.hdds.scm.pipeline.PipelineNotFoundException: PipelineID=3fe9ccbf-0a25-4abc-9b1d-b0d11a8f0f54 not found
	at org.apache.hadoop.hdds.scm.pipeline.PipelineStateMap.removeContainerFromPipeline(PipelineStateMap.java:351)
	at org.apache.hadoop.hdds.scm.pipeline.PipelineStateManager.removeContainerFromPipeline(PipelineStateManager.java:112)
	at org.apache.hadoop.hdds.scm.pipeline.SCMPipelineManager.removeContainerFromPipeline(SCMPipelineManager.java:286)
	at org.apache.hadoop.hdds.scm.container.SCMContainerManager.updateContainerState(SCMContainerManager.java:331)
	at org.apache.hadoop.hdds.scm.container.CloseContainerEventHandler.onMessage(CloseContainerEventHandler.java:66)
	at org.apache.hadoop.hdds.scm.container.CloseContainerEventHandler.onMessage(CloseContainerEventHandler.java:45)
	at org.apache.hadoop.hdds.server.events.SingleThreadExecutor.lambda$onMessage$1(SingleThreadExecutor.java:85)
	at java.util.concurrent.ThreadPoolExecutor.runWorker(ThreadPoolExecutor.java:1149)
	at java.util.concurrent.ThreadPoolExecutor$Worker.run(ThreadPoolExecutor.java:624)
	at java.lang.Thread.run(Thread.java:748)
2019-11-16 23:17:32,328 [RatisPipelineUtilsThread] INFO  pipeline.RatisPipelineProvider (RatisPipelineProvider.java:lambda$create$4(163)) - Send pipeline:PipelineID=917c38b2-cb1d-4454-afca-007ca2a20f01 create command to datanode 3edf731e-a2c9-4ba1-bb62-f05ea8542184
2019-11-16 23:17:32,329 [EventQueue-CloseContainerForCloseContainerEventHandler] INFO  container.CloseContainerEventHandler (CloseContainerEventHandler.java:onMessage(61)) - Close container Event triggered for container : #3
2019-11-16 23:17:32,330 [RatisPipelineUtilsThread] INFO  pipeline.RatisPipelineProvider (RatisPipelineProvider.java:lambda$create$4(163)) - Send pipeline:PipelineID=917c38b2-cb1d-4454-afca-007ca2a20f01 create command to datanode d9c3a1f9-f3cd-454d-8ade-69242b77ac9e
2019-11-16 23:17:32,331 [RatisPipelineUtilsThread] INFO  pipeline.RatisPipelineProvider (RatisPipelineProvider.java:lambda$create$4(163)) - Send pipeline:PipelineID=917c38b2-cb1d-4454-afca-007ca2a20f01 create command to datanode b4a35661-9689-4ac7-ac3c-4d2b2d408aa5
2019-11-16 23:17:32,332 [RatisPipelineUtilsThread] INFO  pipeline.PipelineStateManager (PipelineStateManager.java:addPipeline(55)) - Created pipeline Pipeline[ Id: 917c38b2-cb1d-4454-afca-007ca2a20f01, Nodes: 3edf731e-a2c9-4ba1-bb62-f05ea8542184{ip: 192.168.157.223, host: pr-hdds-2485-6tzkx-595685465, networkLocation: /default-rack, certSerialId: null}d9c3a1f9-f3cd-454d-8ade-69242b77ac9e{ip: 192.168.157.223, host: pr-hdds-2485-6tzkx-595685465, networkLocation: /default-rack, certSerialId: null}b4a35661-9689-4ac7-ac3c-4d2b2d408aa5{ip: 192.168.157.223, host: pr-hdds-2485-6tzkx-595685465, networkLocation: /default-rack, certSerialId: null}, Type:RATIS, Factor:THREE, State:ALLOCATED]
2019-11-16 23:17:32,333 [EventQueue-CloseContainerForCloseContainerEventHandler] ERROR container.CloseContainerEventHandler (CloseContainerEventHandler.java:onMessage(89)) - Failed to close the container #3.
org.apache.hadoop.hdds.scm.pipeline.PipelineNotFoundException: PipelineID=3fe9ccbf-0a25-4abc-9b1d-b0d11a8f0f54 not found
	at org.apache.hadoop.hdds.scm.pipeline.PipelineStateMap.removeContainerFromPipeline(PipelineStateMap.java:351)
	at org.apache.hadoop.hdds.scm.pipeline.PipelineStateManager.removeContainerFromPipeline(PipelineStateManager.java:112)
	at org.apache.hadoop.hdds.scm.pipeline.SCMPipelineManager.removeContainerFromPipeline(SCMPipelineManager.java:286)
	at org.apache.hadoop.hdds.scm.container.SCMContainerManager.updateContainerState(SCMContainerManager.java:331)
	at org.apache.hadoop.hdds.scm.container.CloseContainerEventHandler.onMessage(CloseContainerEventHandler.java:66)
	at org.apache.hadoop.hdds.scm.container.CloseContainerEventHandler.onMessage(CloseContainerEventHandler.java:45)
	at org.apache.hadoop.hdds.server.events.SingleThreadExecutor.lambda$onMessage$1(SingleThreadExecutor.java:85)
	at java.util.concurrent.ThreadPoolExecutor.runWorker(ThreadPoolExecutor.java:1149)
	at java.util.concurrent.ThreadPoolExecutor$Worker.run(ThreadPoolExecutor.java:624)
	at java.lang.Thread.run(Thread.java:748)
2019-11-16 23:17:32,432 [main] INFO  freon.RandomKeyGenerator (RandomKeyGenerator.java:call(283)) - Number of Threads: 10
2019-11-16 23:17:32,433 [main] INFO  freon.RandomKeyGenerator (RandomKeyGenerator.java:call(288)) - Number of Volumes: 1.
2019-11-16 23:17:32,433 [main] INFO  freon.RandomKeyGenerator (RandomKeyGenerator.java:call(289)) - Number of Buckets per Volume: 1.
2019-11-16 23:17:32,433 [main] INFO  freon.RandomKeyGenerator (RandomKeyGenerator.java:call(290)) - Number of Keys per Bucket: 1.
2019-11-16 23:17:32,434 [main] INFO  freon.RandomKeyGenerator (RandomKeyGenerator.java:call(291)) - Key size: 20971520 bytes
2019-11-16 23:17:32,434 [main] INFO  freon.RandomKeyGenerator (RandomKeyGenerator.java:call(292)) - Buffer size: 4096 bytes
2019-11-16 23:17:32,434 [main] INFO  freon.RandomKeyGenerator (RandomKeyGenerator.java:call(293)) - validateWrites : true
2019-11-16 23:17:32,435 [pool-59-thread-1] INFO  rpc.RpcClient (RpcClient.java:createVolume(292)) - Creating Volume: vol-0-23739, with jenkins1000 as owner.
2019-11-16 23:17:32,435 [main] INFO  freon.RandomKeyGenerator (RandomKeyGenerator.java:call(307)) - Data validation is enabled.
2019-11-16 23:17:32,436 [main] INFO  freon.RandomKeyGenerator (RandomKeyGenerator.java:call(313)) - Starting progress bar Thread.

 0.00% |?                                                                                                    |  0/1 Time: 0:00:002019-11-16 23:17:32,439 [IPC Server handler 1 on 35003] INFO  volume.OMVolumeCreateRequest (OMVolumeCreateRequest.java:validateAndUpdateCache(193)) - created volume:vol-0-23739 for user:jenkins1000
2019-11-16 23:17:32,475 [pool-59-thread-3] INFO  rpc.RpcClient (RpcClient.java:createBucket(431)) - Creating Bucket: vol-0-23739/bucket-0-03019, with Versioning false and Storage Type set to DISK and Encryption set to false 
2019-11-16 23:17:32,499 [IPC Server handler 4 on 38444] WARN  block.BlockManagerImpl (BlockManagerImpl.java:allocateBlock(203)) - Pipeline creation failed for type:RATIS factor:THREE. Retrying get pipelines call once.
org.apache.hadoop.hdds.scm.pipeline.InsufficientDatanodesException: Cannot create pipeline of factor 3 using 0 nodes.
	at org.apache.hadoop.hdds.scm.pipeline.RatisPipelineProvider.create(RatisPipelineProvider.java:144)
	at org.apache.hadoop.hdds.scm.pipeline.PipelineFactory.create(PipelineFactory.java:60)
	at org.apache.hadoop.hdds.scm.pipeline.SCMPipelineManager.createPipeline(SCMPipelineManager.java:159)
	at org.apache.hadoop.hdds.scm.block.BlockManagerImpl.allocateBlock(BlockManagerImpl.java:199)
	at org.apache.hadoop.hdds.scm.server.SCMBlockProtocolServer.allocateBlock(SCMBlockProtocolServer.java:187)
	at org.apache.hadoop.hdds.scm.protocol.ScmBlockLocationProtocolServerSideTranslatorPB.allocateScmBlock(ScmBlockLocationProtocolServerSideTranslatorPB.java:159)
	at org.apache.hadoop.hdds.scm.protocol.ScmBlockLocationProtocolServerSideTranslatorPB.processMessage(ScmBlockLocationProtocolServerSideTranslatorPB.java:117)
	at org.apache.hadoop.hdds.server.OzoneProtocolMessageDispatcher.processRequest(OzoneProtocolMessageDispatcher.java:72)
	at org.apache.hadoop.hdds.scm.protocol.ScmBlockLocationProtocolServerSideTranslatorPB.send(ScmBlockLocationProtocolServerSideTranslatorPB.java:98)
	at org.apache.hadoop.hdds.protocol.proto.ScmBlockLocationProtocolProtos$ScmBlockLocationProtocolService$2.callBlockingMethod(ScmBlockLocationProtocolProtos.java:13157)
	at org.apache.hadoop.ipc.ProtobufRpcEngine$Server$ProtoBufRpcInvoker.call(ProtobufRpcEngine.java:524)
	at org.apache.hadoop.ipc.RPC$Server.call(RPC.java:1025)
	at org.apache.hadoop.ipc.Server$RpcCall.run(Server.java:876)
	at org.apache.hadoop.ipc.Server$RpcCall.run(Server.java:822)
	at java.security.AccessController.doPrivileged(Native Method)
	at javax.security.auth.Subject.doAs(Subject.java:422)
	at org.apache.hadoop.security.UserGroupInformation.doAs(UserGroupInformation.java:1730)
	at org.apache.hadoop.ipc.Server$Handler.run(Server.java:2682)
2019-11-16 23:17:32,500 [IPC Server handler 4 on 38444] INFO  block.BlockManagerImpl (BlockManagerImpl.java:allocateBlock(215)) - Could not find available pipeline of type:RATIS and factor:THREE even after retrying
2019-11-16 23:17:32,500 [IPC Server handler 4 on 38444] ERROR block.BlockManagerImpl (BlockManagerImpl.java:allocateBlock(239)) - Unable to allocate a block for the size: 4194304, type: RATIS, factor: THREE
2019-11-16 23:17:32,501 [IPC Server handler 4 on 38444] WARN  block.BlockManagerImpl (BlockManagerImpl.java:allocateBlock(203)) - Pipeline creation failed for type:RATIS factor:THREE. Retrying get pipelines call once.
org.apache.hadoop.hdds.scm.pipeline.InsufficientDatanodesException: Cannot create pipeline of factor 3 using 0 nodes.
	at org.apache.hadoop.hdds.scm.pipeline.RatisPipelineProvider.create(RatisPipelineProvider.java:144)
	at org.apache.hadoop.hdds.scm.pipeline.PipelineFactory.create(PipelineFactory.java:60)
	at org.apache.hadoop.hdds.scm.pipeline.SCMPipelineManager.createPipeline(SCMPipelineManager.java:159)
	at org.apache.hadoop.hdds.scm.block.BlockManagerImpl.allocateBlock(BlockManagerImpl.java:199)
	at org.apache.hadoop.hdds.scm.server.SCMBlockProtocolServer.allocateBlock(SCMBlockProtocolServer.java:187)
	at org.apache.hadoop.hdds.scm.protocol.ScmBlockLocationProtocolServerSideTranslatorPB.allocateScmBlock(ScmBlockLocationProtocolServerSideTranslatorPB.java:159)
	at org.apache.hadoop.hdds.scm.protocol.ScmBlockLocationProtocolServerSideTranslatorPB.processMessage(ScmBlockLocationProtocolServerSideTranslatorPB.java:117)
	at org.apache.hadoop.hdds.server.OzoneProtocolMessageDispatcher.processRequest(OzoneProtocolMessageDispatcher.java:72)
	at org.apache.hadoop.hdds.scm.protocol.ScmBlockLocationProtocolServerSideTranslatorPB.send(ScmBlockLocationProtocolServerSideTranslatorPB.java:98)
	at org.apache.hadoop.hdds.protocol.proto.ScmBlockLocationProtocolProtos$ScmBlockLocationProtocolService$2.callBlockingMethod(ScmBlockLocationProtocolProtos.java:13157)
	at org.apache.hadoop.ipc.ProtobufRpcEngine$Server$ProtoBufRpcInvoker.call(ProtobufRpcEngine.java:524)
	at org.apache.hadoop.ipc.RPC$Server.call(RPC.java:1025)
	at org.apache.hadoop.ipc.Server$RpcCall.run(Server.java:876)
	at org.apache.hadoop.ipc.Server$RpcCall.run(Server.java:822)
	at java.security.AccessController.doPrivileged(Native Method)
	at javax.security.auth.Subject.doAs(Subject.java:422)
	at org.apache.hadoop.security.UserGroupInformation.doAs(UserGroupInformation.java:1730)
	at org.apache.hadoop.ipc.Server$Handler.run(Server.java:2682)
2019-11-16 23:17:32,501 [IPC Server handler 4 on 38444] INFO  block.BlockManagerImpl (BlockManagerImpl.java:allocateBlock(215)) - Could not find available pipeline of type:RATIS and factor:THREE even after retrying
2019-11-16 23:17:32,501 [IPC Server handler 4 on 38444] ERROR block.BlockManagerImpl (BlockManagerImpl.java:allocateBlock(239)) - Unable to allocate a block for the size: 4194304, type: RATIS, factor: THREE
2019-11-16 23:17:32,503 [IPC Server handler 4 on 38444] WARN  block.BlockManagerImpl (BlockManagerImpl.java:allocateBlock(203)) - Pipeline creation failed for type:RATIS factor:THREE. Retrying get pipelines call once.
org.apache.hadoop.hdds.scm.pipeline.InsufficientDatanodesException: Cannot create pipeline of factor 3 using 0 nodes.
	at org.apache.hadoop.hdds.scm.pipeline.RatisPipelineProvider.create(RatisPipelineProvider.java:144)
	at org.apache.hadoop.hdds.scm.pipeline.PipelineFactory.create(PipelineFactory.java:60)
	at org.apache.hadoop.hdds.scm.pipeline.SCMPipelineManager.createPipeline(SCMPipelineManager.java:159)
	at org.apache.hadoop.hdds.scm.block.BlockManagerImpl.allocateBlock(BlockManagerImpl.java:199)
	at org.apache.hadoop.hdds.scm.server.SCMBlockProtocolServer.allocateBlock(SCMBlockProtocolServer.java:187)
	at org.apache.hadoop.hdds.scm.protocol.ScmBlockLocationProtocolServerSideTranslatorPB.allocateScmBlock(ScmBlockLocationProtocolServerSideTranslatorPB.java:159)
	at org.apache.hadoop.hdds.scm.protocol.ScmBlockLocationProtocolServerSideTranslatorPB.processMessage(ScmBlockLocationProtocolServerSideTranslatorPB.java:117)
	at org.apache.hadoop.hdds.server.OzoneProtocolMessageDispatcher.processRequest(OzoneProtocolMessageDispatcher.java:72)
	at org.apache.hadoop.hdds.scm.protocol.ScmBlockLocationProtocolServerSideTranslatorPB.send(ScmBlockLocationProtocolServerSideTranslatorPB.java:98)
	at org.apache.hadoop.hdds.protocol.proto.ScmBlockLocationProtocolProtos$ScmBlockLocationProtocolService$2.callBlockingMethod(ScmBlockLocationProtocolProtos.java:13157)
	at org.apache.hadoop.ipc.ProtobufRpcEngine$Server$ProtoBufRpcInvoker.call(ProtobufRpcEngine.java:524)
	at org.apache.hadoop.ipc.RPC$Server.call(RPC.java:1025)
	at org.apache.hadoop.ipc.Server$RpcCall.run(Server.java:876)
	at org.apache.hadoop.ipc.Server$RpcCall.run(Server.java:822)
	at java.security.AccessController.doPrivileged(Native Method)
	at javax.security.auth.Subject.doAs(Subject.java:422)
	at org.apache.hadoop.security.UserGroupInformation.doAs(UserGroupInformation.java:1730)
	at org.apache.hadoop.ipc.Server$Handler.run(Server.java:2682)
2019-11-16 23:17:32,503 [IPC Server handler 4 on 38444] INFO  block.BlockManagerImpl (BlockManagerImpl.java:allocateBlock(215)) - Could not find available pipeline of type:RATIS and factor:THREE even after retrying
2019-11-16 23:17:32,503 [IPC Server handler 4 on 38444] ERROR block.BlockManagerImpl (BlockManagerImpl.java:allocateBlock(239)) - Unable to allocate a block for the size: 4194304, type: RATIS, factor: THREE
2019-11-16 23:17:32,505 [IPC Server handler 4 on 38444] WARN  block.BlockManagerImpl (BlockManagerImpl.java:allocateBlock(203)) - Pipeline creation failed for type:RATIS factor:THREE. Retrying get pipelines call once.
org.apache.hadoop.hdds.scm.pipeline.InsufficientDatanodesException: Cannot create pipeline of factor 3 using 0 nodes.
	at org.apache.hadoop.hdds.scm.pipeline.RatisPipelineProvider.create(RatisPipelineProvider.java:144)
	at org.apache.hadoop.hdds.scm.pipeline.PipelineFactory.create(PipelineFactory.java:60)
	at org.apache.hadoop.hdds.scm.pipeline.SCMPipelineManager.createPipeline(SCMPipelineManager.java:159)
	at org.apache.hadoop.hdds.scm.block.BlockManagerImpl.allocateBlock(BlockManagerImpl.java:199)
	at org.apache.hadoop.hdds.scm.server.SCMBlockProtocolServer.allocateBlock(SCMBlockProtocolServer.java:187)
	at org.apache.hadoop.hdds.scm.protocol.ScmBlockLocationProtocolServerSideTranslatorPB.allocateScmBlock(ScmBlockLocationProtocolServerSideTranslatorPB.java:159)
	at org.apache.hadoop.hdds.scm.protocol.ScmBlockLocationProtocolServerSideTranslatorPB.processMessage(ScmBlockLocationProtocolServerSideTranslatorPB.java:117)
	at org.apache.hadoop.hdds.server.OzoneProtocolMessageDispatcher.processRequest(OzoneProtocolMessageDispatcher.java:72)
	at org.apache.hadoop.hdds.scm.protocol.ScmBlockLocationProtocolServerSideTranslatorPB.send(ScmBlockLocationProtocolServerSideTranslatorPB.java:98)
	at org.apache.hadoop.hdds.protocol.proto.ScmBlockLocationProtocolProtos$ScmBlockLocationProtocolService$2.callBlockingMethod(ScmBlockLocationProtocolProtos.java:13157)
	at org.apache.hadoop.ipc.ProtobufRpcEngine$Server$ProtoBufRpcInvoker.call(ProtobufRpcEngine.java:524)
	at org.apache.hadoop.ipc.RPC$Server.call(RPC.java:1025)
	at org.apache.hadoop.ipc.Server$RpcCall.run(Server.java:876)
	at org.apache.hadoop.ipc.Server$RpcCall.run(Server.java:822)
	at java.security.AccessController.doPrivileged(Native Method)
	at javax.security.auth.Subject.doAs(Subject.java:422)
	at org.apache.hadoop.security.UserGroupInformation.doAs(UserGroupInformation.java:1730)
	at org.apache.hadoop.ipc.Server$Handler.run(Server.java:2682)
2019-11-16 23:17:32,505 [IPC Server handler 4 on 38444] INFO  block.BlockManagerImpl (BlockManagerImpl.java:allocateBlock(215)) - Could not find available pipeline of type:RATIS and factor:THREE even after retrying
2019-11-16 23:17:32,505 [IPC Server handler 4 on 38444] ERROR block.BlockManagerImpl (BlockManagerImpl.java:allocateBlock(239)) - Unable to allocate a block for the size: 4194304, type: RATIS, factor: THREE
2019-11-16 23:17:32,506 [IPC Server handler 4 on 38444] WARN  block.BlockManagerImpl (BlockManagerImpl.java:allocateBlock(203)) - Pipeline creation failed for type:RATIS factor:THREE. Retrying get pipelines call once.
org.apache.hadoop.hdds.scm.pipeline.InsufficientDatanodesException: Cannot create pipeline of factor 3 using 0 nodes.
	at org.apache.hadoop.hdds.scm.pipeline.RatisPipelineProvider.create(RatisPipelineProvider.java:144)
	at org.apache.hadoop.hdds.scm.pipeline.PipelineFactory.create(PipelineFactory.java:60)
	at org.apache.hadoop.hdds.scm.pipeline.SCMPipelineManager.createPipeline(SCMPipelineManager.java:159)
	at org.apache.hadoop.hdds.scm.block.BlockManagerImpl.allocateBlock(BlockManagerImpl.java:199)
	at org.apache.hadoop.hdds.scm.server.SCMBlockProtocolServer.allocateBlock(SCMBlockProtocolServer.java:187)
	at org.apache.hadoop.hdds.scm.protocol.ScmBlockLocationProtocolServerSideTranslatorPB.allocateScmBlock(ScmBlockLocationProtocolServerSideTranslatorPB.java:159)
	at org.apache.hadoop.hdds.scm.protocol.ScmBlockLocationProtocolServerSideTranslatorPB.processMessage(ScmBlockLocationProtocolServerSideTranslatorPB.java:117)
	at org.apache.hadoop.hdds.server.OzoneProtocolMessageDispatcher.processRequest(OzoneProtocolMessageDispatcher.java:72)
	at org.apache.hadoop.hdds.scm.protocol.ScmBlockLocationProtocolServerSideTranslatorPB.send(ScmBlockLocationProtocolServerSideTranslatorPB.java:98)
	at org.apache.hadoop.hdds.protocol.proto.ScmBlockLocationProtocolProtos$ScmBlockLocationProtocolService$2.callBlockingMethod(ScmBlockLocationProtocolProtos.java:13157)
	at org.apache.hadoop.ipc.ProtobufRpcEngine$Server$ProtoBufRpcInvoker.call(ProtobufRpcEngine.java:524)
	at org.apache.hadoop.ipc.RPC$Server.call(RPC.java:1025)
	at org.apache.hadoop.ipc.Server$RpcCall.run(Server.java:876)
	at org.apache.hadoop.ipc.Server$RpcCall.run(Server.java:822)
	at java.security.AccessController.doPrivileged(Native Method)
	at javax.security.auth.Subject.doAs(Subject.java:422)
	at org.apache.hadoop.security.UserGroupInformation.doAs(UserGroupInformation.java:1730)
	at org.apache.hadoop.ipc.Server$Handler.run(Server.java:2682)
2019-11-16 23:17:32,506 [IPC Server handler 4 on 38444] INFO  block.BlockManagerImpl (BlockManagerImpl.java:allocateBlock(215)) - Could not find available pipeline of type:RATIS and factor:THREE even after retrying
2019-11-16 23:17:32,506 [IPC Server handler 4 on 38444] ERROR block.BlockManagerImpl (BlockManagerImpl.java:allocateBlock(239)) - Unable to allocate a block for the size: 4194304, type: RATIS, factor: THREE
2019-11-16 23:17:32,512 [pool-59-thread-2] ERROR freon.RandomKeyGenerator (RandomKeyGenerator.java:createKey(735)) - Exception while adding key: key-0-00600 in bucket: bucket-0-03019 of volume: vol-0-23739.
INTERNAL_ERROR org.apache.hadoop.ozone.om.exceptions.OMException: Allocated 0 blocks. Requested 5 blocks
	at org.apache.hadoop.ozone.om.protocolPB.OzoneManagerProtocolClientSideTranslatorPB.handleError(OzoneManagerProtocolClientSideTranslatorPB.java:761)
	at org.apache.hadoop.ozone.om.protocolPB.OzoneManagerProtocolClientSideTranslatorPB.openKey(OzoneManagerProtocolClientSideTranslatorPB.java:752)
	at sun.reflect.NativeMethodAccessorImpl.invoke0(Native Method)
	at sun.reflect.NativeMethodAccessorImpl.invoke(NativeMethodAccessorImpl.java:62)
	at sun.reflect.DelegatingMethodAccessorImpl.invoke(DelegatingMethodAccessorImpl.java:43)
	at java.lang.reflect.Method.invoke(Method.java:498)
	at org.apache.hadoop.hdds.tracing.TraceAllMethod.invoke(TraceAllMethod.java:66)
	at com.sun.proxy.$Proxy37.openKey(Unknown Source)
	at org.apache.hadoop.ozone.client.rpc.RpcClient.createKey(RpcClient.java:633)
	at org.apache.hadoop.ozone.client.OzoneBucket.createKey(OzoneBucket.java:325)
	at org.apache.hadoop.ozone.freon.RandomKeyGenerator.createKey(RandomKeyGenerator.java:697)
	at org.apache.hadoop.ozone.freon.RandomKeyGenerator.access$1100(RandomKeyGenerator.java:88)
	at org.apache.hadoop.ozone.freon.RandomKeyGenerator$ObjectCreator.run(RandomKeyGenerator.java:615)
	at java.util.concurrent.Executors$RunnableAdapter.call(Executors.java:511)
	at java.util.concurrent.FutureTask.run(FutureTask.java:266)
	at java.util.concurrent.ThreadPoolExecutor.runWorker(ThreadPoolExecutor.java:1149)
	at java.util.concurrent.ThreadPoolExecutor$Worker.run(ThreadPoolExecutor.java:624)
	at java.lang.Thread.run(Thread.java:748)
 0.00% |?                                                                                                    |  0/1 Time: 0:00:012019-11-16 23:17:34,182 [Command processor thread] INFO  impl.RaftServerProxy (RaftServerProxy.java:remove(95)) - b4a35661-9689-4ac7-ac3c-4d2b2d408aa5: remove  FOLLOWER b4a35661-9689-4ac7-ac3c-4d2b2d408aa5@group-B0D11A8F0F54:t2, leader=3edf731e-a2c9-4ba1-bb62-f05ea8542184, voted=b4a35661-9689-4ac7-ac3c-4d2b2d408aa5, raftlog=b4a35661-9689-4ac7-ac3c-4d2b2d408aa5@group-B0D11A8F0F54-SegmentedRaftLog:OPENED:c77,f77,i77, conf=0: [b4a35661-9689-4ac7-ac3c-4d2b2d408aa5:192.168.157.223:46550, 3edf731e-a2c9-4ba1-bb62-f05ea8542184:192.168.157.223:41261, d9c3a1f9-f3cd-454d-8ade-69242b77ac9e:192.168.157.223:43662], old=null RUNNING
2019-11-16 23:17:34,183 [Command processor thread] INFO  impl.RaftServerProxy (RaftServerProxy.java:remove(95)) - d9c3a1f9-f3cd-454d-8ade-69242b77ac9e: remove  FOLLOWER d9c3a1f9-f3cd-454d-8ade-69242b77ac9e@group-B0D11A8F0F54:t2, leader=3edf731e-a2c9-4ba1-bb62-f05ea8542184, voted=3edf731e-a2c9-4ba1-bb62-f05ea8542184, raftlog=d9c3a1f9-f3cd-454d-8ade-69242b77ac9e@group-B0D11A8F0F54-SegmentedRaftLog:OPENED:c77,f77,i77, conf=0: [b4a35661-9689-4ac7-ac3c-4d2b2d408aa5:192.168.157.223:46550, 3edf731e-a2c9-4ba1-bb62-f05ea8542184:192.168.157.223:41261, d9c3a1f9-f3cd-454d-8ade-69242b77ac9e:192.168.157.223:43662], old=null RUNNING
2019-11-16 23:17:34,187 [Command processor thread] INFO  impl.RaftServerImpl (RaftServerImpl.java:lambda$shutdown$3(250)) - d9c3a1f9-f3cd-454d-8ade-69242b77ac9e@group-B0D11A8F0F54: shutdown
2019-11-16 23:17:34,187 [Command processor thread] INFO  impl.RaftServerImpl (RaftServerImpl.java:lambda$shutdown$3(250)) - b4a35661-9689-4ac7-ac3c-4d2b2d408aa5@group-B0D11A8F0F54: shutdown
2019-11-16 23:17:34,188 [Command processor thread] INFO  util.JmxRegister (JmxRegister.java:unregister(73)) - Successfully un-registered JMX Bean with object name Ratis:service=RaftServer,group=group-B0D11A8F0F54,id=d9c3a1f9-f3cd-454d-8ade-69242b77ac9e
2019-11-16 23:17:34,189 [Command processor thread] INFO  impl.RoleInfo (RoleInfo.java:shutdownFollowerState(121)) - d9c3a1f9-f3cd-454d-8ade-69242b77ac9e: shutdown FollowerState
2019-11-16 23:17:34,188 [Command processor thread] INFO  impl.RaftServerProxy (RaftServerProxy.java:remove(95)) - 3edf731e-a2c9-4ba1-bb62-f05ea8542184: remove    LEADER 3edf731e-a2c9-4ba1-bb62-f05ea8542184@group-B0D11A8F0F54:t2, leader=3edf731e-a2c9-4ba1-bb62-f05ea8542184, voted=3edf731e-a2c9-4ba1-bb62-f05ea8542184, raftlog=3edf731e-a2c9-4ba1-bb62-f05ea8542184@group-B0D11A8F0F54-SegmentedRaftLog:OPENED:c77,f77,i77, conf=0: [b4a35661-9689-4ac7-ac3c-4d2b2d408aa5:192.168.157.223:46550, 3edf731e-a2c9-4ba1-bb62-f05ea8542184:192.168.157.223:41261, d9c3a1f9-f3cd-454d-8ade-69242b77ac9e:192.168.157.223:43662], old=null RUNNING
2019-11-16 23:17:34,189 [Thread-214] INFO  impl.FollowerState (FollowerState.java:run(120)) - d9c3a1f9-f3cd-454d-8ade-69242b77ac9e@group-B0D11A8F0F54-FollowerState was interrupted: java.lang.InterruptedException: sleep interrupted
2019-11-16 23:17:34,189 [Command processor thread] INFO  impl.StateMachineUpdater (StateMachineUpdater.java:stopAndJoin(136)) - d9c3a1f9-f3cd-454d-8ade-69242b77ac9e@group-B0D11A8F0F54-StateMachineUpdater: set stopIndex = 77
2019-11-16 23:17:34,189 [Command processor thread] INFO  util.JmxRegister (JmxRegister.java:unregister(73)) - Successfully un-registered JMX Bean with object name Ratis:service=RaftServer,group=group-B0D11A8F0F54,id=b4a35661-9689-4ac7-ac3c-4d2b2d408aa5
2019-11-16 23:17:34,192 [Command processor thread] INFO  impl.RoleInfo (RoleInfo.java:shutdownFollowerState(121)) - b4a35661-9689-4ac7-ac3c-4d2b2d408aa5: shutdown FollowerState
2019-11-16 23:17:34,189 [Command processor thread] INFO  impl.RaftServerImpl (RaftServerImpl.java:lambda$shutdown$3(250)) - 3edf731e-a2c9-4ba1-bb62-f05ea8542184@group-B0D11A8F0F54: shutdown
2019-11-16 23:17:34,189 [d9c3a1f9-f3cd-454d-8ade-69242b77ac9e@group-B0D11A8F0F54-StateMachineUpdater] INFO  ratis.ContainerStateMachine (ContainerStateMachine.java:takeSnapshot(285)) - group-B0D11A8F0F54: Taking a snapshot at:(t:2, i:75) file /workdir/hadoop-ozone/tools/target/test-dir/MiniOzoneClusterImpl-e1879899-4ecd-4d74-848f-e4ebe2fe11d3/datanode-2/data/ratis/3fe9ccbf-0a25-4abc-9b1d-b0d11a8f0f54/sm/snapshot.2_75
2019-11-16 23:17:34,193 [Command processor thread] INFO  util.JmxRegister (JmxRegister.java:unregister(73)) - Successfully un-registered JMX Bean with object name Ratis:service=RaftServer,group=group-B0D11A8F0F54,id=3edf731e-a2c9-4ba1-bb62-f05ea8542184
2019-11-16 23:17:34,193 [b4a35661-9689-4ac7-ac3c-4d2b2d408aa5@group-B0D11A8F0F54-StateMachineUpdater] INFO  ratis.ContainerStateMachine (ContainerStateMachine.java:takeSnapshot(285)) - group-B0D11A8F0F54: Taking a snapshot at:(t:2, i:75) file /workdir/hadoop-ozone/tools/target/test-dir/MiniOzoneClusterImpl-e1879899-4ecd-4d74-848f-e4ebe2fe11d3/datanode-1/data/ratis/3fe9ccbf-0a25-4abc-9b1d-b0d11a8f0f54/sm/snapshot.2_75
2019-11-16 23:17:34,192 [Thread-222] INFO  impl.FollowerState (FollowerState.java:run(120)) - b4a35661-9689-4ac7-ac3c-4d2b2d408aa5@group-B0D11A8F0F54-FollowerState was interrupted: java.lang.InterruptedException: sleep interrupted
2019-11-16 23:17:34,192 [Command processor thread] INFO  impl.StateMachineUpdater (StateMachineUpdater.java:stopAndJoin(136)) - b4a35661-9689-4ac7-ac3c-4d2b2d408aa5@group-B0D11A8F0F54-StateMachineUpdater: set stopIndex = 77
2019-11-16 23:17:34,193 [Command processor thread] INFO  impl.RoleInfo (RoleInfo.java:shutdownLeaderState(104)) - 3edf731e-a2c9-4ba1-bb62-f05ea8542184: shutdown LeaderState
2019-11-16 23:17:34,201 [org.apache.ratis.server.impl.LogAppender$AppenderDaemon$$Lambda$598/389057060@334f21f3] WARN  server.GrpcLogAppender (GrpcLogAppender.java:mayWait(151)) - 3edf731e-a2c9-4ba1-bb62-f05ea8542184@group-B0D11A8F0F54->b4a35661-9689-4ac7-ac3c-4d2b2d408aa5-GrpcLogAppender: Wait interrupted by java.lang.InterruptedException
2019-11-16 23:17:34,202 [Command processor thread] INFO  impl.PendingRequests (PendingRequests.java:sendNotLeaderResponses(206)) - 3edf731e-a2c9-4ba1-bb62-f05ea8542184@group-B0D11A8F0F54-PendingRequests: sendNotLeaderResponses
2019-11-16 23:17:34,201 [org.apache.ratis.server.impl.LogAppender$AppenderDaemon$$Lambda$598/389057060@a6163be] WARN  server.GrpcLogAppender (GrpcLogAppender.java:mayWait(151)) - 3edf731e-a2c9-4ba1-bb62-f05ea8542184@group-B0D11A8F0F54->d9c3a1f9-f3cd-454d-8ade-69242b77ac9e-GrpcLogAppender: Wait interrupted by java.lang.InterruptedException
2019-11-16 23:17:34,206 [Command processor thread] INFO  impl.StateMachineUpdater (StateMachineUpdater.java:stopAndJoin(136)) - 3edf731e-a2c9-4ba1-bb62-f05ea8542184@group-B0D11A8F0F54-StateMachineUpdater: set stopIndex = 77
2019-11-16 23:17:34,206 [grpc-default-executor-2] INFO  server.GrpcServerProtocolService (GrpcServerProtocolService.java:onCompleted(113)) - d9c3a1f9-f3cd-454d-8ade-69242b77ac9e: Completed APPEND_ENTRIES, lastRequest: 3edf731e-a2c9-4ba1-bb62-f05ea8542184->d9c3a1f9-f3cd-454d-8ade-69242b77ac9e#80-t2, previous=(t:2, i:77), leaderCommit=77, initializing? false, entries: <empty>
2019-11-16 23:17:34,206 [grpc-default-executor-0] INFO  server.GrpcServerProtocolService (GrpcServerProtocolService.java:onCompleted(113)) - b4a35661-9689-4ac7-ac3c-4d2b2d408aa5: Completed APPEND_ENTRIES, lastRequest: 3edf731e-a2c9-4ba1-bb62-f05ea8542184->b4a35661-9689-4ac7-ac3c-4d2b2d408aa5#80-t2, previous=(t:2, i:77), leaderCommit=77, initializing? false, entries: <empty>
2019-11-16 23:17:34,206 [3edf731e-a2c9-4ba1-bb62-f05ea8542184@group-B0D11A8F0F54-StateMachineUpdater] INFO  ratis.ContainerStateMachine (ContainerStateMachine.java:takeSnapshot(285)) - group-B0D11A8F0F54: Taking a snapshot at:(t:2, i:75) file /workdir/hadoop-ozone/tools/target/test-dir/MiniOzoneClusterImpl-e1879899-4ecd-4d74-848f-e4ebe2fe11d3/datanode-0/data/ratis/3fe9ccbf-0a25-4abc-9b1d-b0d11a8f0f54/sm/snapshot.2_75
2019-11-16 23:17:34,208 [grpc-default-executor-0] INFO  server.GrpcLogAppender (GrpcLogAppender.java:onCompleted(308)) - 3edf731e-a2c9-4ba1-bb62-f05ea8542184@group-B0D11A8F0F54->b4a35661-9689-4ac7-ac3c-4d2b2d408aa5-AppendLogResponseHandler: follower responses appendEntries COMPLETED
2019-11-16 23:17:34,209 [grpc-default-executor-2] INFO  server.GrpcLogAppender (GrpcLogAppender.java:onCompleted(308)) - 3edf731e-a2c9-4ba1-bb62-f05ea8542184@group-B0D11A8F0F54->d9c3a1f9-f3cd-454d-8ade-69242b77ac9e-AppendLogResponseHandler: follower responses appendEntries COMPLETED
2019-11-16 23:17:34,215 [grpc-default-executor-0] INFO  impl.FollowerInfo (FollowerInfo.java:lambda$new$0(51)) - 3edf731e-a2c9-4ba1-bb62-f05ea8542184@group-B0D11A8F0F54->b4a35661-9689-4ac7-ac3c-4d2b2d408aa5: nextIndex: updateUnconditionally 78 -> 77
2019-11-16 23:17:34,215 [grpc-default-executor-2] INFO  impl.FollowerInfo (FollowerInfo.java:lambda$new$0(51)) - 3edf731e-a2c9-4ba1-bb62-f05ea8542184@group-B0D11A8F0F54->d9c3a1f9-f3cd-454d-8ade-69242b77ac9e: nextIndex: updateUnconditionally 78 -> 77
2019-11-16 23:17:34,247 [d9c3a1f9-f3cd-454d-8ade-69242b77ac9e@group-B0D11A8F0F54-StateMachineUpdater] INFO  ratis.ContainerStateMachine (ContainerStateMachine.java:takeSnapshot(296)) - group-B0D11A8F0F54: Finished taking a snapshot at:(t:2, i:75) file:/workdir/hadoop-ozone/tools/target/test-dir/MiniOzoneClusterImpl-e1879899-4ecd-4d74-848f-e4ebe2fe11d3/datanode-2/data/ratis/3fe9ccbf-0a25-4abc-9b1d-b0d11a8f0f54/sm/snapshot.2_75 time:58
2019-11-16 23:17:34,247 [3edf731e-a2c9-4ba1-bb62-f05ea8542184@group-B0D11A8F0F54-StateMachineUpdater] INFO  ratis.ContainerStateMachine (ContainerStateMachine.java:takeSnapshot(296)) - group-B0D11A8F0F54: Finished taking a snapshot at:(t:2, i:75) file:/workdir/hadoop-ozone/tools/target/test-dir/MiniOzoneClusterImpl-e1879899-4ecd-4d74-848f-e4ebe2fe11d3/datanode-0/data/ratis/3fe9ccbf-0a25-4abc-9b1d-b0d11a8f0f54/sm/snapshot.2_75 time:41
2019-11-16 23:17:34,247 [b4a35661-9689-4ac7-ac3c-4d2b2d408aa5@group-B0D11A8F0F54-StateMachineUpdater] INFO  ratis.ContainerStateMachine (ContainerStateMachine.java:takeSnapshot(296)) - group-B0D11A8F0F54: Finished taking a snapshot at:(t:2, i:75) file:/workdir/hadoop-ozone/tools/target/test-dir/MiniOzoneClusterImpl-e1879899-4ecd-4d74-848f-e4ebe2fe11d3/datanode-1/data/ratis/3fe9ccbf-0a25-4abc-9b1d-b0d11a8f0f54/sm/snapshot.2_75 time:55
2019-11-16 23:17:34,249 [d9c3a1f9-f3cd-454d-8ade-69242b77ac9e@group-B0D11A8F0F54-StateMachineUpdater] INFO  impl.StateMachineUpdater (StateMachineUpdater.java:takeSnapshot(269)) - d9c3a1f9-f3cd-454d-8ade-69242b77ac9e@group-B0D11A8F0F54-StateMachineUpdater: Took a snapshot at index 75
2019-11-16 23:17:34,249 [b4a35661-9689-4ac7-ac3c-4d2b2d408aa5@group-B0D11A8F0F54-StateMachineUpdater] INFO  impl.StateMachineUpdater (StateMachineUpdater.java:takeSnapshot(269)) - b4a35661-9689-4ac7-ac3c-4d2b2d408aa5@group-B0D11A8F0F54-StateMachineUpdater: Took a snapshot at index 75
2019-11-16 23:17:34,249 [3edf731e-a2c9-4ba1-bb62-f05ea8542184@group-B0D11A8F0F54-StateMachineUpdater] INFO  impl.StateMachineUpdater (StateMachineUpdater.java:takeSnapshot(269)) - 3edf731e-a2c9-4ba1-bb62-f05ea8542184@group-B0D11A8F0F54-StateMachineUpdater: Took a snapshot at index 75
2019-11-16 23:17:34,249 [b4a35661-9689-4ac7-ac3c-4d2b2d408aa5@group-B0D11A8F0F54-StateMachineUpdater] INFO  impl.StateMachineUpdater (StateMachineUpdater.java:lambda$new$0(84)) - b4a35661-9689-4ac7-ac3c-4d2b2d408aa5@group-B0D11A8F0F54-StateMachineUpdater: snapshotIndex: updateIncreasingly -1 -> 75
2019-11-16 23:17:34,249 [d9c3a1f9-f3cd-454d-8ade-69242b77ac9e@group-B0D11A8F0F54-StateMachineUpdater] INFO  impl.StateMachineUpdater (StateMachineUpdater.java:lambda$new$0(84)) - d9c3a1f9-f3cd-454d-8ade-69242b77ac9e@group-B0D11A8F0F54-StateMachineUpdater: snapshotIndex: updateIncreasingly -1 -> 75
2019-11-16 23:17:34,250 [3edf731e-a2c9-4ba1-bb62-f05ea8542184@group-B0D11A8F0F54-StateMachineUpdater] INFO  impl.StateMachineUpdater (StateMachineUpdater.java:lambda$new$0(84)) - 3edf731e-a2c9-4ba1-bb62-f05ea8542184@group-B0D11A8F0F54-StateMachineUpdater: snapshotIndex: updateIncreasingly -1 -> 75
2019-11-16 23:17:34,255 [d9c3a1f9-f3cd-454d-8ade-69242b77ac9e@group-B0D11A8F0F54-StateMachineUpdater] INFO  ratis.ContainerStateMachine (ContainerStateMachine.java:takeSnapshot(285)) - group-B0D11A8F0F54: Taking a snapshot at:(t:2, i:75) file /workdir/hadoop-ozone/tools/target/test-dir/MiniOzoneClusterImpl-e1879899-4ecd-4d74-848f-e4ebe2fe11d3/datanode-2/data/ratis/3fe9ccbf-0a25-4abc-9b1d-b0d11a8f0f54/sm/snapshot.2_75
2019-11-16 23:17:34,255 [b4a35661-9689-4ac7-ac3c-4d2b2d408aa5@group-B0D11A8F0F54-StateMachineUpdater] INFO  ratis.ContainerStateMachine (ContainerStateMachine.java:takeSnapshot(285)) - group-B0D11A8F0F54: Taking a snapshot at:(t:2, i:75) file /workdir/hadoop-ozone/tools/target/test-dir/MiniOzoneClusterImpl-e1879899-4ecd-4d74-848f-e4ebe2fe11d3/datanode-1/data/ratis/3fe9ccbf-0a25-4abc-9b1d-b0d11a8f0f54/sm/snapshot.2_75
2019-11-16 23:17:34,255 [3edf731e-a2c9-4ba1-bb62-f05ea8542184@group-B0D11A8F0F54-StateMachineUpdater] INFO  ratis.ContainerStateMachine (ContainerStateMachine.java:takeSnapshot(285)) - group-B0D11A8F0F54: Taking a snapshot at:(t:2, i:75) file /workdir/hadoop-ozone/tools/target/test-dir/MiniOzoneClusterImpl-e1879899-4ecd-4d74-848f-e4ebe2fe11d3/datanode-0/data/ratis/3fe9ccbf-0a25-4abc-9b1d-b0d11a8f0f54/sm/snapshot.2_75
2019-11-16 23:17:34,277 [3edf731e-a2c9-4ba1-bb62-f05ea8542184@group-B0D11A8F0F54-StateMachineUpdater] INFO  ratis.ContainerStateMachine (ContainerStateMachine.java:takeSnapshot(296)) - group-B0D11A8F0F54: Finished taking a snapshot at:(t:2, i:75) file:/workdir/hadoop-ozone/tools/target/test-dir/MiniOzoneClusterImpl-e1879899-4ecd-4d74-848f-e4ebe2fe11d3/datanode-0/data/ratis/3fe9ccbf-0a25-4abc-9b1d-b0d11a8f0f54/sm/snapshot.2_75 time:22
2019-11-16 23:17:34,277 [d9c3a1f9-f3cd-454d-8ade-69242b77ac9e@group-B0D11A8F0F54-StateMachineUpdater] INFO  ratis.ContainerStateMachine (ContainerStateMachine.java:takeSnapshot(296)) - group-B0D11A8F0F54: Finished taking a snapshot at:(t:2, i:75) file:/workdir/hadoop-ozone/tools/target/test-dir/MiniOzoneClusterImpl-e1879899-4ecd-4d74-848f-e4ebe2fe11d3/datanode-2/data/ratis/3fe9ccbf-0a25-4abc-9b1d-b0d11a8f0f54/sm/snapshot.2_75 time:23
2019-11-16 23:17:34,277 [b4a35661-9689-4ac7-ac3c-4d2b2d408aa5@group-B0D11A8F0F54-StateMachineUpdater] INFO  ratis.ContainerStateMachine (ContainerStateMachine.java:takeSnapshot(296)) - group-B0D11A8F0F54: Finished taking a snapshot at:(t:2, i:75) file:/workdir/hadoop-ozone/tools/target/test-dir/MiniOzoneClusterImpl-e1879899-4ecd-4d74-848f-e4ebe2fe11d3/datanode-1/data/ratis/3fe9ccbf-0a25-4abc-9b1d-b0d11a8f0f54/sm/snapshot.2_75 time:22
2019-11-16 23:17:34,278 [d9c3a1f9-f3cd-454d-8ade-69242b77ac9e@group-B0D11A8F0F54-StateMachineUpdater] INFO  impl.StateMachineUpdater (StateMachineUpdater.java:takeSnapshot(269)) - d9c3a1f9-f3cd-454d-8ade-69242b77ac9e@group-B0D11A8F0F54-StateMachineUpdater: Took a snapshot at index 75
2019-11-16 23:17:34,278 [3edf731e-a2c9-4ba1-bb62-f05ea8542184@group-B0D11A8F0F54-StateMachineUpdater] INFO  impl.StateMachineUpdater (StateMachineUpdater.java:takeSnapshot(269)) - 3edf731e-a2c9-4ba1-bb62-f05ea8542184@group-B0D11A8F0F54-StateMachineUpdater: Took a snapshot at index 75
2019-11-16 23:17:34,278 [b4a35661-9689-4ac7-ac3c-4d2b2d408aa5@group-B0D11A8F0F54-StateMachineUpdater] INFO  impl.StateMachineUpdater (StateMachineUpdater.java:takeSnapshot(269)) - b4a35661-9689-4ac7-ac3c-4d2b2d408aa5@group-B0D11A8F0F54-StateMachineUpdater: Took a snapshot at index 75
2019-11-16 23:17:34,278 [d9c3a1f9-f3cd-454d-8ade-69242b77ac9e@group-B0D11A8F0F54-StateMachineUpdater] INFO  impl.StateMachineUpdater (StateMachineUpdater.java:lambda$new$0(84)) - d9c3a1f9-f3cd-454d-8ade-69242b77ac9e@group-B0D11A8F0F54-StateMachineUpdater: snapshotIndex: updateIncreasingly 75 -> 75
2019-11-16 23:17:34,278 [b4a35661-9689-4ac7-ac3c-4d2b2d408aa5@group-B0D11A8F0F54-StateMachineUpdater] INFO  impl.StateMachineUpdater (StateMachineUpdater.java:lambda$new$0(84)) - b4a35661-9689-4ac7-ac3c-4d2b2d408aa5@group-B0D11A8F0F54-StateMachineUpdater: snapshotIndex: updateIncreasingly 75 -> 75
2019-11-16 23:17:34,278 [3edf731e-a2c9-4ba1-bb62-f05ea8542184@group-B0D11A8F0F54-StateMachineUpdater] INFO  impl.StateMachineUpdater (StateMachineUpdater.java:lambda$new$0(84)) - 3edf731e-a2c9-4ba1-bb62-f05ea8542184@group-B0D11A8F0F54-StateMachineUpdater: snapshotIndex: updateIncreasingly 75 -> 75
2019-11-16 23:17:34,279 [Command processor thread] INFO  impl.RaftServerImpl (ServerState.java:close(387)) - d9c3a1f9-f3cd-454d-8ade-69242b77ac9e@group-B0D11A8F0F54: closes. applyIndex: 77
2019-11-16 23:17:34,279 [Command processor thread] INFO  impl.RaftServerImpl (ServerState.java:close(387)) - b4a35661-9689-4ac7-ac3c-4d2b2d408aa5@group-B0D11A8F0F54: closes. applyIndex: 77
2019-11-16 23:17:34,279 [Command processor thread] INFO  impl.RaftServerImpl (ServerState.java:close(387)) - 3edf731e-a2c9-4ba1-bb62-f05ea8542184@group-B0D11A8F0F54: closes. applyIndex: 77
2019-11-16 23:17:34,282 [b4a35661-9689-4ac7-ac3c-4d2b2d408aa5@group-B0D11A8F0F54-SegmentedRaftLogWorker] INFO  segmented.SegmentedRaftLogWorker (SegmentedRaftLogWorker.java:run(316)) - b4a35661-9689-4ac7-ac3c-4d2b2d408aa5@group-B0D11A8F0F54-SegmentedRaftLogWorker was interrupted, exiting. There are 0 tasks remaining in the queue.
2019-11-16 23:17:34,282 [d9c3a1f9-f3cd-454d-8ade-69242b77ac9e@group-B0D11A8F0F54-SegmentedRaftLogWorker] INFO  segmented.SegmentedRaftLogWorker (SegmentedRaftLogWorker.java:run(316)) - d9c3a1f9-f3cd-454d-8ade-69242b77ac9e@group-B0D11A8F0F54-SegmentedRaftLogWorker was interrupted, exiting. There are 0 tasks remaining in the queue.
2019-11-16 23:17:34,282 [3edf731e-a2c9-4ba1-bb62-f05ea8542184@group-B0D11A8F0F54-SegmentedRaftLogWorker] INFO  segmented.SegmentedRaftLogWorker (SegmentedRaftLogWorker.java:run(316)) - 3edf731e-a2c9-4ba1-bb62-f05ea8542184@group-B0D11A8F0F54-SegmentedRaftLogWorker was interrupted, exiting. There are 0 tasks remaining in the queue.
2019-11-16 23:17:34,283 [Command processor thread] INFO  segmented.SegmentedRaftLogWorker (SegmentedRaftLogWorker.java:close(224)) - b4a35661-9689-4ac7-ac3c-4d2b2d408aa5@group-B0D11A8F0F54-SegmentedRaftLogWorker close()
2019-11-16 23:17:34,284 [Command processor thread] INFO  segmented.SegmentedRaftLogWorker (SegmentedRaftLogWorker.java:close(224)) - 3edf731e-a2c9-4ba1-bb62-f05ea8542184@group-B0D11A8F0F54-SegmentedRaftLogWorker close()
2019-11-16 23:17:34,283 [Command processor thread] INFO  segmented.SegmentedRaftLogWorker (SegmentedRaftLogWorker.java:close(224)) - d9c3a1f9-f3cd-454d-8ade-69242b77ac9e@group-B0D11A8F0F54-SegmentedRaftLogWorker close()
2019-11-16 23:17:34,338 [Command processor thread] INFO  interfaces.Container (KeyValueContainer.java:flushAndSyncDB(400)) - Container 1 is synced with bcsId 59.
2019-11-16 23:17:34,338 [Command processor thread] INFO  interfaces.Container (KeyValueContainer.java:flushAndSyncDB(400)) - Container 1 is synced with bcsId 59.
2019-11-16 23:17:34,340 [Command processor thread] INFO  interfaces.Container (KeyValueContainer.java:flushAndSyncDB(400)) - Container 1 is synced with bcsId 59.
2019-11-16 23:17:34,339 [Command processor thread] INFO  interfaces.Container (KeyValueContainer.java:flushAndSyncDB(400)) - Container 1 is synced with bcsId 59.
2019-11-16 23:17:34,340 [Command processor thread] INFO  interfaces.Container (KeyValueContainer.java:flushAndSyncDB(400)) - Container 1 is synced with bcsId 59.
2019-11-16 23:17:34,341 [Command processor thread] INFO  interfaces.Container (KeyValueContainer.java:flushAndSyncDB(400)) - Container 1 is synced with bcsId 59.
2019-11-16 23:17:34,369 [EventQueue-IncrementalContainerReportForIncrementalContainerReportHandler] INFO  container.IncrementalContainerReportHandler (AbstractContainerReportHandler.java:updateContainerState(171)) - Moving container #1 to QUASI_CLOSED state, datanode 3edf731e-a2c9-4ba1-bb62-f05ea8542184{ip: 192.168.157.223, host: pr-hdds-2485-6tzkx-595685465, networkLocation: /default-rack, certSerialId: null} reported QUASI_CLOSED replica.
2019-11-16 23:17:34,408 [Command processor thread] INFO  interfaces.Container (KeyValueContainer.java:flushAndSyncDB(400)) - Container 2 is synced with bcsId 75.
2019-11-16 23:17:34,408 [Command processor thread] INFO  interfaces.Container (KeyValueContainer.java:flushAndSyncDB(400)) - Container 2 is synced with bcsId 75.
2019-11-16 23:17:34,408 [Command processor thread] INFO  interfaces.Container (KeyValueContainer.java:flushAndSyncDB(400)) - Container 2 is synced with bcsId 75.
2019-11-16 23:17:34,408 [Command processor thread] INFO  interfaces.Container (KeyValueContainer.java:flushAndSyncDB(400)) - Container 2 is synced with bcsId 75.
2019-11-16 23:17:34,408 [Command processor thread] INFO  interfaces.Container (KeyValueContainer.java:flushAndSyncDB(400)) - Container 2 is synced with bcsId 75.
2019-11-16 23:17:34,408 [Command processor thread] INFO  interfaces.Container (KeyValueContainer.java:flushAndSyncDB(400)) - Container 2 is synced with bcsId 75.
 0.00% |?                                                                                                    |  0/1 Time: 0:00:022019-11-16 23:17:34,454 [EventQueue-IncrementalContainerReportForIncrementalContainerReportHandler] INFO  container.IncrementalContainerReportHandler (AbstractContainerReportHandler.java:updateContainerState(171)) - Moving container #2 to QUASI_CLOSED state, datanode b4a35661-9689-4ac7-ac3c-4d2b2d408aa5{ip: 192.168.157.223, host: pr-hdds-2485-6tzkx-595685465, networkLocation: /default-rack, certSerialId: null} reported QUASI_CLOSED replica.
2019-11-16 23:17:34,495 [Command processor thread] INFO  interfaces.Container (KeyValueContainer.java:flushAndSyncDB(400)) - Container 3 is synced with bcsId 41.
2019-11-16 23:17:34,495 [Command processor thread] INFO  interfaces.Container (KeyValueContainer.java:flushAndSyncDB(400)) - Container 3 is synced with bcsId 41.
2019-11-16 23:17:34,495 [Command processor thread] INFO  interfaces.Container (KeyValueContainer.java:flushAndSyncDB(400)) - Container 3 is synced with bcsId 41.
2019-11-16 23:17:34,495 [Command processor thread] INFO  interfaces.Container (KeyValueContainer.java:flushAndSyncDB(400)) - Container 3 is synced with bcsId 41.
2019-11-16 23:17:34,495 [Command processor thread] INFO  interfaces.Container (KeyValueContainer.java:flushAndSyncDB(400)) - Container 3 is synced with bcsId 41.
2019-11-16 23:17:34,495 [Command processor thread] INFO  interfaces.Container (KeyValueContainer.java:flushAndSyncDB(400)) - Container 3 is synced with bcsId 41.
2019-11-16 23:17:34,529 [Command processor thread] INFO  commandhandler.ClosePipelineCommandHandler (ClosePipelineCommandHandler.java:handle(78)) - Close Pipeline #id: "3fe9ccbf-0a25-4abc-9b1d-b0d11a8f0f54"
 command on datanode #b4a35661-9689-4ac7-ac3c-4d2b2d408aa5.
2019-11-16 23:17:34,529 [Command processor thread] INFO  commandhandler.ClosePipelineCommandHandler (ClosePipelineCommandHandler.java:handle(78)) - Close Pipeline #id: "3fe9ccbf-0a25-4abc-9b1d-b0d11a8f0f54"
 command on datanode #3edf731e-a2c9-4ba1-bb62-f05ea8542184.
2019-11-16 23:17:34,529 [Command processor thread] INFO  commandhandler.ClosePipelineCommandHandler (ClosePipelineCommandHandler.java:handle(78)) - Close Pipeline #id: "3fe9ccbf-0a25-4abc-9b1d-b0d11a8f0f54"
 command on datanode #d9c3a1f9-f3cd-454d-8ade-69242b77ac9e.
2019-11-16 23:17:34,532 [EventQueue-IncrementalContainerReportForIncrementalContainerReportHandler] INFO  container.IncrementalContainerReportHandler (AbstractContainerReportHandler.java:updateContainerState(171)) - Moving container #3 to QUASI_CLOSED state, datanode d9c3a1f9-f3cd-454d-8ade-69242b77ac9e{ip: 192.168.157.223, host: pr-hdds-2485-6tzkx-595685465, networkLocation: /default-rack, certSerialId: null} reported QUASI_CLOSED replica.
2019-11-16 23:17:34,532 [Command processor thread] INFO  impl.RaftServerProxy (RaftServerProxy.java:addNew(89)) - d9c3a1f9-f3cd-454d-8ade-69242b77ac9e: addNew group-007CA2A20F01:[b4a35661-9689-4ac7-ac3c-4d2b2d408aa5:192.168.157.223:46550, 3edf731e-a2c9-4ba1-bb62-f05ea8542184:192.168.157.223:41261, d9c3a1f9-f3cd-454d-8ade-69242b77ac9e:192.168.157.223:43662] returns group-007CA2A20F01:java.util.concurrent.CompletableFuture@5778af44[Not completed]
2019-11-16 23:17:34,532 [Command processor thread] INFO  impl.RaftServerProxy (RaftServerProxy.java:addNew(89)) - 3edf731e-a2c9-4ba1-bb62-f05ea8542184: addNew group-007CA2A20F01:[b4a35661-9689-4ac7-ac3c-4d2b2d408aa5:192.168.157.223:46550, 3edf731e-a2c9-4ba1-bb62-f05ea8542184:192.168.157.223:41261, d9c3a1f9-f3cd-454d-8ade-69242b77ac9e:192.168.157.223:43662] returns group-007CA2A20F01:java.util.concurrent.CompletableFuture@59668e5e[Not completed]
2019-11-16 23:17:34,532 [Command processor thread] INFO  impl.RaftServerProxy (RaftServerProxy.java:addNew(89)) - b4a35661-9689-4ac7-ac3c-4d2b2d408aa5: addNew group-007CA2A20F01:[b4a35661-9689-4ac7-ac3c-4d2b2d408aa5:192.168.157.223:46550, 3edf731e-a2c9-4ba1-bb62-f05ea8542184:192.168.157.223:41261, d9c3a1f9-f3cd-454d-8ade-69242b77ac9e:192.168.157.223:43662] returns group-007CA2A20F01:java.util.concurrent.CompletableFuture@1c7622a4[Not completed]
2019-11-16 23:17:34,535 [pool-37-thread-1] INFO  impl.RaftServerImpl (RaftServerImpl.java:<init>(98)) - b4a35661-9689-4ac7-ac3c-4d2b2d408aa5: new RaftServerImpl for group-007CA2A20F01:[b4a35661-9689-4ac7-ac3c-4d2b2d408aa5:192.168.157.223:46550, 3edf731e-a2c9-4ba1-bb62-f05ea8542184:192.168.157.223:41261, d9c3a1f9-f3cd-454d-8ade-69242b77ac9e:192.168.157.223:43662] with ContainerStateMachine:uninitialized
2019-11-16 23:17:34,535 [pool-37-thread-1] INFO  server.RaftServerConfigKeys (ConfUtils.java:logGet(43)) - raft.server.rpc.timeout.min = 5s (custom)
2019-11-16 23:17:34,535 [pool-37-thread-1] INFO  server.RaftServerConfigKeys (ConfUtils.java:logGet(43)) - raft.server.rpc.timeout.max = 5200ms (custom)
2019-11-16 23:17:34,535 [pool-37-thread-1] INFO  server.RaftServerConfigKeys (ConfUtils.java:logGet(43)) - raft.server.rpcslowness.timeout = 120s (custom)
2019-11-16 23:17:34,535 [pool-37-thread-1] INFO  server.RaftServerConfigKeys (ConfUtils.java:logGet(43)) - raft.server.sleep.deviation.threshold = 300 (default)
2019-11-16 23:17:34,536 [pool-37-thread-1] INFO  server.RaftServerConfigKeys (ConfUtils.java:logGet(43)) - raft.server.log.appender.install.snapshot.enabled = false (custom)
2019-11-16 23:17:34,536 [pool-37-thread-1] INFO  impl.RaftServerImpl (ServerState.java:<init>(103)) - b4a35661-9689-4ac7-ac3c-4d2b2d408aa5@group-007CA2A20F01: ConfigurationManager, init=-1: [b4a35661-9689-4ac7-ac3c-4d2b2d408aa5:192.168.157.223:46550, 3edf731e-a2c9-4ba1-bb62-f05ea8542184:192.168.157.223:41261, d9c3a1f9-f3cd-454d-8ade-69242b77ac9e:192.168.157.223:43662], old=null, confs=<EMPTY_MAP>
2019-11-16 23:17:34,536 [pool-37-thread-1] INFO  server.RaftServerConfigKeys (ConfUtils.java:logGet(43)) - raft.server.storage.dir = [/workdir/hadoop-ozone/tools/target/test-dir/MiniOzoneClusterImpl-e1879899-4ecd-4d74-848f-e4ebe2fe11d3/datanode-1/data/ratis] (custom)
2019-11-16 23:17:34,536 [pool-37-thread-1] INFO  server.RaftServerConfigKeys (ConfUtils.java:logGet(43)) - raft.server.log.corruption.policy = EXCEPTION (default)
2019-11-16 23:17:34,537 [pool-37-thread-1] INFO  storage.RaftStorageDirectory (RaftStorageDirectory.java:analyzeStorage(246)) - The storage directory /workdir/hadoop-ozone/tools/target/test-dir/MiniOzoneClusterImpl-e1879899-4ecd-4d74-848f-e4ebe2fe11d3/datanode-1/data/ratis/917c38b2-cb1d-4454-afca-007ca2a20f01 does not exist. Creating ...
2019-11-16 23:17:34,538 [pool-47-thread-1] INFO  impl.RaftServerImpl (RaftServerImpl.java:<init>(98)) - d9c3a1f9-f3cd-454d-8ade-69242b77ac9e: new RaftServerImpl for group-007CA2A20F01:[b4a35661-9689-4ac7-ac3c-4d2b2d408aa5:192.168.157.223:46550, 3edf731e-a2c9-4ba1-bb62-f05ea8542184:192.168.157.223:41261, d9c3a1f9-f3cd-454d-8ade-69242b77ac9e:192.168.157.223:43662] with ContainerStateMachine:uninitialized
2019-11-16 23:17:34,538 [pool-47-thread-1] INFO  server.RaftServerConfigKeys (ConfUtils.java:logGet(43)) - raft.server.rpc.timeout.min = 5s (custom)
2019-11-16 23:17:34,539 [pool-47-thread-1] INFO  server.RaftServerConfigKeys (ConfUtils.java:logGet(43)) - raft.server.rpc.timeout.max = 5200ms (custom)
2019-11-16 23:17:34,539 [pool-27-thread-1] INFO  impl.RaftServerImpl (RaftServerImpl.java:<init>(98)) - 3edf731e-a2c9-4ba1-bb62-f05ea8542184: new RaftServerImpl for group-007CA2A20F01:[b4a35661-9689-4ac7-ac3c-4d2b2d408aa5:192.168.157.223:46550, 3edf731e-a2c9-4ba1-bb62-f05ea8542184:192.168.157.223:41261, d9c3a1f9-f3cd-454d-8ade-69242b77ac9e:192.168.157.223:43662] with ContainerStateMachine:uninitialized
2019-11-16 23:17:34,539 [pool-47-thread-1] INFO  server.RaftServerConfigKeys (ConfUtils.java:logGet(43)) - raft.server.rpcslowness.timeout = 120s (custom)
2019-11-16 23:17:34,539 [pool-27-thread-1] INFO  server.RaftServerConfigKeys (ConfUtils.java:logGet(43)) - raft.server.rpc.timeout.min = 5s (custom)
2019-11-16 23:17:34,539 [pool-47-thread-1] INFO  server.RaftServerConfigKeys (ConfUtils.java:logGet(43)) - raft.server.sleep.deviation.threshold = 300 (default)
2019-11-16 23:17:34,539 [pool-27-thread-1] INFO  server.RaftServerConfigKeys (ConfUtils.java:logGet(43)) - raft.server.rpc.timeout.max = 5200ms (custom)
2019-11-16 23:17:34,540 [pool-47-thread-1] INFO  server.RaftServerConfigKeys (ConfUtils.java:logGet(43)) - raft.server.log.appender.install.snapshot.enabled = false (custom)
2019-11-16 23:17:34,540 [pool-27-thread-1] INFO  server.RaftServerConfigKeys (ConfUtils.java:logGet(43)) - raft.server.rpcslowness.timeout = 120s (custom)
2019-11-16 23:17:34,540 [pool-27-thread-1] INFO  server.RaftServerConfigKeys (ConfUtils.java:logGet(43)) - raft.server.sleep.deviation.threshold = 300 (default)
2019-11-16 23:17:34,540 [pool-47-thread-1] INFO  impl.RaftServerImpl (ServerState.java:<init>(103)) - d9c3a1f9-f3cd-454d-8ade-69242b77ac9e@group-007CA2A20F01: ConfigurationManager, init=-1: [b4a35661-9689-4ac7-ac3c-4d2b2d408aa5:192.168.157.223:46550, 3edf731e-a2c9-4ba1-bb62-f05ea8542184:192.168.157.223:41261, d9c3a1f9-f3cd-454d-8ade-69242b77ac9e:192.168.157.223:43662], old=null, confs=<EMPTY_MAP>
2019-11-16 23:17:34,540 [pool-27-thread-1] INFO  server.RaftServerConfigKeys (ConfUtils.java:logGet(43)) - raft.server.log.appender.install.snapshot.enabled = false (custom)
2019-11-16 23:17:34,541 [pool-27-thread-1] INFO  impl.RaftServerImpl (ServerState.java:<init>(103)) - 3edf731e-a2c9-4ba1-bb62-f05ea8542184@group-007CA2A20F01: ConfigurationManager, init=-1: [b4a35661-9689-4ac7-ac3c-4d2b2d408aa5:192.168.157.223:46550, 3edf731e-a2c9-4ba1-bb62-f05ea8542184:192.168.157.223:41261, d9c3a1f9-f3cd-454d-8ade-69242b77ac9e:192.168.157.223:43662], old=null, confs=<EMPTY_MAP>
2019-11-16 23:17:34,541 [pool-47-thread-1] INFO  server.RaftServerConfigKeys (ConfUtils.java:logGet(43)) - raft.server.storage.dir = [/workdir/hadoop-ozone/tools/target/test-dir/MiniOzoneClusterImpl-e1879899-4ecd-4d74-848f-e4ebe2fe11d3/datanode-2/data/ratis] (custom)
2019-11-16 23:17:34,541 [pool-27-thread-1] INFO  server.RaftServerConfigKeys (ConfUtils.java:logGet(43)) - raft.server.storage.dir = [/workdir/hadoop-ozone/tools/target/test-dir/MiniOzoneClusterImpl-e1879899-4ecd-4d74-848f-e4ebe2fe11d3/datanode-0/data/ratis] (custom)
2019-11-16 23:17:34,541 [pool-27-thread-1] INFO  server.RaftServerConfigKeys (ConfUtils.java:logGet(43)) - raft.server.log.corruption.policy = EXCEPTION (default)
2019-11-16 23:17:34,541 [pool-47-thread-1] INFO  server.RaftServerConfigKeys (ConfUtils.java:logGet(43)) - raft.server.log.corruption.policy = EXCEPTION (default)
2019-11-16 23:17:34,541 [pool-27-thread-1] INFO  storage.RaftStorageDirectory (RaftStorageDirectory.java:analyzeStorage(246)) - The storage directory /workdir/hadoop-ozone/tools/target/test-dir/MiniOzoneClusterImpl-e1879899-4ecd-4d74-848f-e4ebe2fe11d3/datanode-0/data/ratis/917c38b2-cb1d-4454-afca-007ca2a20f01 does not exist. Creating ...
2019-11-16 23:17:34,542 [pool-47-thread-1] INFO  storage.RaftStorageDirectory (RaftStorageDirectory.java:analyzeStorage(246)) - The storage directory /workdir/hadoop-ozone/tools/target/test-dir/MiniOzoneClusterImpl-e1879899-4ecd-4d74-848f-e4ebe2fe11d3/datanode-2/data/ratis/917c38b2-cb1d-4454-afca-007ca2a20f01 does not exist. Creating ...
2019-11-16 23:17:34,563 [pool-27-thread-1] INFO  storage.RaftStorageDirectory (RaftStorageDirectory.java:tryLock(328)) - Lock on /workdir/hadoop-ozone/tools/target/test-dir/MiniOzoneClusterImpl-e1879899-4ecd-4d74-848f-e4ebe2fe11d3/datanode-0/data/ratis/917c38b2-cb1d-4454-afca-007ca2a20f01/in_use.lock acquired by nodename 30911@pr-hdds-2485-6tzkx-595685465
2019-11-16 23:17:34,563 [pool-47-thread-1] INFO  storage.RaftStorageDirectory (RaftStorageDirectory.java:tryLock(328)) - Lock on /workdir/hadoop-ozone/tools/target/test-dir/MiniOzoneClusterImpl-e1879899-4ecd-4d74-848f-e4ebe2fe11d3/datanode-2/data/ratis/917c38b2-cb1d-4454-afca-007ca2a20f01/in_use.lock acquired by nodename 30911@pr-hdds-2485-6tzkx-595685465
2019-11-16 23:17:34,563 [pool-37-thread-1] INFO  storage.RaftStorageDirectory (RaftStorageDirectory.java:tryLock(328)) - Lock on /workdir/hadoop-ozone/tools/target/test-dir/MiniOzoneClusterImpl-e1879899-4ecd-4d74-848f-e4ebe2fe11d3/datanode-1/data/ratis/917c38b2-cb1d-4454-afca-007ca2a20f01/in_use.lock acquired by nodename 30911@pr-hdds-2485-6tzkx-595685465
2019-11-16 23:17:34,589 [pool-37-thread-1] INFO  storage.RaftStorage (RaftStorage.java:format(84)) - Storage directory /workdir/hadoop-ozone/tools/target/test-dir/MiniOzoneClusterImpl-e1879899-4ecd-4d74-848f-e4ebe2fe11d3/datanode-1/data/ratis/917c38b2-cb1d-4454-afca-007ca2a20f01 has been successfully formatted.
2019-11-16 23:17:34,589 [pool-27-thread-1] INFO  storage.RaftStorage (RaftStorage.java:format(84)) - Storage directory /workdir/hadoop-ozone/tools/target/test-dir/MiniOzoneClusterImpl-e1879899-4ecd-4d74-848f-e4ebe2fe11d3/datanode-0/data/ratis/917c38b2-cb1d-4454-afca-007ca2a20f01 has been successfully formatted.
2019-11-16 23:17:34,589 [pool-47-thread-1] INFO  storage.RaftStorage (RaftStorage.java:format(84)) - Storage directory /workdir/hadoop-ozone/tools/target/test-dir/MiniOzoneClusterImpl-e1879899-4ecd-4d74-848f-e4ebe2fe11d3/datanode-2/data/ratis/917c38b2-cb1d-4454-afca-007ca2a20f01 has been successfully formatted.
2019-11-16 23:17:34,589 [pool-27-thread-1] INFO  ratis.ContainerStateMachine (ContainerStateMachine.java:loadSnapshot(223)) - group-007CA2A20F01: The snapshot info is null. Setting the last applied indexto:(t:0, i:~)
2019-11-16 23:17:34,589 [pool-37-thread-1] INFO  ratis.ContainerStateMachine (ContainerStateMachine.java:loadSnapshot(223)) - group-007CA2A20F01: The snapshot info is null. Setting the last applied indexto:(t:0, i:~)
2019-11-16 23:17:34,589 [pool-27-thread-1] INFO  server.RaftServerConfigKeys (ConfUtils.java:logGet(43)) - raft.server.notification.no-leader.timeout = 120s (custom)
2019-11-16 23:17:34,589 [pool-47-thread-1] INFO  ratis.ContainerStateMachine (ContainerStateMachine.java:loadSnapshot(223)) - group-007CA2A20F01: The snapshot info is null. Setting the last applied indexto:(t:0, i:~)
2019-11-16 23:17:34,590 [pool-27-thread-1] INFO  server.RaftServerConfigKeys (ConfUtils.java:logGet(43)) - raft.server.log.use.memory = false (default)
2019-11-16 23:17:34,590 [pool-37-thread-1] INFO  server.RaftServerConfigKeys (ConfUtils.java:logGet(43)) - raft.server.notification.no-leader.timeout = 120s (custom)
2019-11-16 23:17:34,590 [pool-27-thread-1] INFO  server.RaftServerConfigKeys (ConfUtils.java:logGet(43)) - raft.server.log.purge.gap = 1000000 (custom)
2019-11-16 23:17:34,590 [pool-47-thread-1] INFO  server.RaftServerConfigKeys (ConfUtils.java:logGet(43)) - raft.server.notification.no-leader.timeout = 120s (custom)
2019-11-16 23:17:34,590 [pool-27-thread-1] INFO  server.RaftServerConfigKeys (ConfUtils.java:logGet(43)) - raft.server.log.appender.buffer.byte-limit = 33554432 (custom)
2019-11-16 23:17:34,590 [pool-37-thread-1] INFO  server.RaftServerConfigKeys (ConfUtils.java:logGet(43)) - raft.server.log.use.memory = false (default)
2019-11-16 23:17:34,591 [pool-27-thread-1] INFO  server.RaftServerConfigKeys (ConfUtils.java:logGet(43)) - raft.server.log.segment.size.max = 1048576 (custom)
2019-11-16 23:17:34,590 [pool-47-thread-1] INFO  server.RaftServerConfigKeys (ConfUtils.java:logGet(43)) - raft.server.log.use.memory = false (default)
2019-11-16 23:17:34,591 [pool-27-thread-1] INFO  server.RaftServerConfigKeys (ConfUtils.java:logGet(43)) - raft.server.log.segment.cache.num.max = 2 (custom)
2019-11-16 23:17:34,591 [pool-37-thread-1] INFO  server.RaftServerConfigKeys (ConfUtils.java:logGet(43)) - raft.server.log.purge.gap = 1000000 (custom)
2019-11-16 23:17:34,591 [pool-27-thread-1] INFO  segmented.SegmentedRaftLogWorker (SegmentedRaftLogWorker.java:<init>(173)) - new 3edf731e-a2c9-4ba1-bb62-f05ea8542184@group-007CA2A20F01-SegmentedRaftLogWorker for RaftStorage:Storage Directory /workdir/hadoop-ozone/tools/target/test-dir/MiniOzoneClusterImpl-e1879899-4ecd-4d74-848f-e4ebe2fe11d3/datanode-0/data/ratis/917c38b2-cb1d-4454-afca-007ca2a20f01
2019-11-16 23:17:34,591 [pool-47-thread-1] INFO  server.RaftServerConfigKeys (ConfUtils.java:logGet(43)) - raft.server.log.purge.gap = 1000000 (custom)
2019-11-16 23:17:34,591 [pool-27-thread-1] INFO  server.RaftServerConfigKeys (ConfUtils.java:logGet(43)) - raft.server.log.queue.byte-limit = 2147483647 (custom)
2019-11-16 23:17:34,591 [pool-37-thread-1] INFO  server.RaftServerConfigKeys (ConfUtils.java:logGet(43)) - raft.server.log.appender.buffer.byte-limit = 33554432 (custom)
2019-11-16 23:17:34,592 [pool-27-thread-1] INFO  server.RaftServerConfigKeys (ConfUtils.java:logGet(43)) - raft.server.log.queue.element-limit = 1024 (custom)
2019-11-16 23:17:34,591 [pool-47-thread-1] INFO  server.RaftServerConfigKeys (ConfUtils.java:logGet(43)) - raft.server.log.appender.buffer.byte-limit = 33554432 (custom)
2019-11-16 23:17:34,592 [pool-27-thread-1] INFO  server.RaftServerConfigKeys (ConfUtils.java:logGet(43)) - raft.server.log.segment.size.max = 1048576 (custom)
2019-11-16 23:17:34,592 [pool-37-thread-1] INFO  server.RaftServerConfigKeys (ConfUtils.java:logGet(43)) - raft.server.log.segment.size.max = 1048576 (custom)
2019-11-16 23:17:34,592 [pool-27-thread-1] INFO  server.RaftServerConfigKeys (ConfUtils.java:logGet(43)) - raft.server.log.preallocated.size = 16384 (custom)
2019-11-16 23:17:34,592 [pool-47-thread-1] INFO  server.RaftServerConfigKeys (ConfUtils.java:logGet(43)) - raft.server.log.segment.size.max = 1048576 (custom)
2019-11-16 23:17:34,592 [pool-27-thread-1] INFO  server.RaftServerConfigKeys (ConfUtils.java:logGet(43)) - raft.server.log.write.buffer.size = 33554432 (custom)
2019-11-16 23:17:34,592 [pool-37-thread-1] INFO  server.RaftServerConfigKeys (ConfUtils.java:logGet(43)) - raft.server.log.segment.cache.num.max = 2 (custom)
2019-11-16 23:17:34,593 [pool-27-thread-1] INFO  server.RaftServerConfigKeys (ConfUtils.java:logGet(43)) - raft.server.log.force.sync.num = 128 (default)
2019-11-16 23:17:34,593 [pool-47-thread-1] INFO  server.RaftServerConfigKeys (ConfUtils.java:logGet(43)) - raft.server.log.segment.cache.num.max = 2 (custom)
2019-11-16 23:17:34,593 [pool-27-thread-1] INFO  server.RaftServerConfigKeys (ConfUtils.java:logGet(43)) - raft.server.log.statemachine.data.sync = true (default)
2019-11-16 23:17:34,593 [pool-37-thread-1] INFO  segmented.SegmentedRaftLogWorker (SegmentedRaftLogWorker.java:<init>(173)) - new b4a35661-9689-4ac7-ac3c-4d2b2d408aa5@group-007CA2A20F01-SegmentedRaftLogWorker for RaftStorage:Storage Directory /workdir/hadoop-ozone/tools/target/test-dir/MiniOzoneClusterImpl-e1879899-4ecd-4d74-848f-e4ebe2fe11d3/datanode-1/data/ratis/917c38b2-cb1d-4454-afca-007ca2a20f01
2019-11-16 23:17:34,593 [pool-27-thread-1] INFO  server.RaftServerConfigKeys (ConfUtils.java:logGet(43)) - raft.server.log.statemachine.data.sync.timeout = 10s (default)
2019-11-16 23:17:34,593 [pool-47-thread-1] INFO  segmented.SegmentedRaftLogWorker (SegmentedRaftLogWorker.java:<init>(173)) - new d9c3a1f9-f3cd-454d-8ade-69242b77ac9e@group-007CA2A20F01-SegmentedRaftLogWorker for RaftStorage:Storage Directory /workdir/hadoop-ozone/tools/target/test-dir/MiniOzoneClusterImpl-e1879899-4ecd-4d74-848f-e4ebe2fe11d3/datanode-2/data/ratis/917c38b2-cb1d-4454-afca-007ca2a20f01
2019-11-16 23:17:34,594 [pool-27-thread-1] INFO  server.RaftServerConfigKeys (ConfUtils.java:logGet(43)) - raft.server.log.statemachine.data.sync.timeout.retry = -1 (default)
2019-11-16 23:17:34,593 [pool-37-thread-1] INFO  server.RaftServerConfigKeys (ConfUtils.java:logGet(43)) - raft.server.log.queue.byte-limit = 2147483647 (custom)
2019-11-16 23:17:34,594 [pool-27-thread-1] INFO  server.RaftServerConfigKeys (ConfUtils.java:logGet(43)) - raft.server.log.statemachine.data.caching.enabled = true (custom)
2019-11-16 23:17:34,594 [pool-47-thread-1] INFO  server.RaftServerConfigKeys (ConfUtils.java:logGet(43)) - raft.server.log.queue.byte-limit = 2147483647 (custom)
2019-11-16 23:17:34,594 [pool-37-thread-1] INFO  server.RaftServerConfigKeys (ConfUtils.java:logGet(43)) - raft.server.log.queue.element-limit = 1024 (custom)
2019-11-16 23:17:34,594 [pool-27-thread-1] INFO  segmented.SegmentedRaftLogWorker (SegmentedRaftLogWorker.java:lambda$new$0(128)) - 3edf731e-a2c9-4ba1-bb62-f05ea8542184@group-007CA2A20F01-SegmentedRaftLogWorker: flushIndex: setUnconditionally 0 -> -1
2019-11-16 23:17:34,594 [pool-47-thread-1] INFO  server.RaftServerConfigKeys (ConfUtils.java:logGet(43)) - raft.server.log.queue.element-limit = 1024 (custom)
2019-11-16 23:17:34,594 [pool-37-thread-1] INFO  server.RaftServerConfigKeys (ConfUtils.java:logGet(43)) - raft.server.log.segment.size.max = 1048576 (custom)
2019-11-16 23:17:34,595 [pool-47-thread-1] INFO  server.RaftServerConfigKeys (ConfUtils.java:logGet(43)) - raft.server.log.segment.size.max = 1048576 (custom)
2019-11-16 23:17:34,595 [pool-27-thread-1] INFO  server.RaftServerConfigKeys (ConfUtils.java:logGet(43)) - raft.server.snapshot.auto.trigger.enabled = true (custom)
2019-11-16 23:17:34,595 [pool-47-thread-1] INFO  server.RaftServerConfigKeys (ConfUtils.java:logGet(43)) - raft.server.log.preallocated.size = 16384 (custom)
2019-11-16 23:17:34,595 [pool-37-thread-1] INFO  server.RaftServerConfigKeys (ConfUtils.java:logGet(43)) - raft.server.log.preallocated.size = 16384 (custom)
2019-11-16 23:17:34,595 [pool-47-thread-1] INFO  server.RaftServerConfigKeys (ConfUtils.java:logGet(43)) - raft.server.log.write.buffer.size = 33554432 (custom)
2019-11-16 23:17:34,595 [pool-27-thread-1] INFO  server.RaftServerConfigKeys (ConfUtils.java:logGet(43)) - raft.server.snapshot.auto.trigger.threshold = 10000 (custom)
2019-11-16 23:17:34,596 [pool-47-thread-1] INFO  server.RaftServerConfigKeys (ConfUtils.java:logGet(43)) - raft.server.log.force.sync.num = 128 (default)
2019-11-16 23:17:34,595 [pool-37-thread-1] INFO  server.RaftServerConfigKeys (ConfUtils.java:logGet(43)) - raft.server.log.write.buffer.size = 33554432 (custom)
2019-11-16 23:17:34,596 [pool-47-thread-1] INFO  server.RaftServerConfigKeys (ConfUtils.java:logGet(43)) - raft.server.log.statemachine.data.sync = true (default)
2019-11-16 23:17:34,596 [pool-27-thread-1] INFO  server.RaftServerConfigKeys (ConfUtils.java:logGet(43)) - raft.server.snapshot.retention.file.num = 5 (custom)
2019-11-16 23:17:34,596 [pool-47-thread-1] INFO  server.RaftServerConfigKeys (ConfUtils.java:logGet(43)) - raft.server.log.statemachine.data.sync.timeout = 10s (default)
2019-11-16 23:17:34,596 [pool-37-thread-1] INFO  server.RaftServerConfigKeys (ConfUtils.java:logGet(43)) - raft.server.log.force.sync.num = 128 (default)
2019-11-16 23:17:34,596 [pool-47-thread-1] INFO  server.RaftServerConfigKeys (ConfUtils.java:logGet(43)) - raft.server.log.statemachine.data.sync.timeout.retry = -1 (default)
2019-11-16 23:17:34,596 [pool-27-thread-1] INFO  server.RaftServerConfigKeys (ConfUtils.java:logGet(43)) - raft.server.retrycache.expirytime = 600000ms (custom)
2019-11-16 23:17:34,596 [pool-37-thread-1] INFO  server.RaftServerConfigKeys (ConfUtils.java:logGet(43)) - raft.server.log.statemachine.data.sync = true (default)
2019-11-16 23:17:34,597 [pool-27-thread-1] WARN  impl.MetricRegistriesImpl (MetricRegistriesImpl.java:lambda$create$1(61)) - First MetricRegistry has been created without registering reporters. You may need to call MetricRegistries.global().addReportRegistration(...) before.
2019-11-16 23:17:34,597 [pool-37-thread-1] INFO  server.RaftServerConfigKeys (ConfUtils.java:logGet(43)) - raft.server.log.statemachine.data.sync.timeout = 10s (default)
2019-11-16 23:17:34,597 [pool-47-thread-1] INFO  server.RaftServerConfigKeys (ConfUtils.java:logGet(43)) - raft.server.log.statemachine.data.caching.enabled = true (custom)
2019-11-16 23:17:34,597 [pool-37-thread-1] INFO  server.RaftServerConfigKeys (ConfUtils.java:logGet(43)) - raft.server.log.statemachine.data.sync.timeout.retry = -1 (default)
2019-11-16 23:17:34,597 [pool-27-thread-1] WARN  impl.MetricRegistriesImpl (MetricRegistriesImpl.java:lambda$create$1(61)) - First MetricRegistry has been created without registering reporters. You may need to call MetricRegistries.global().addReportRegistration(...) before.
2019-11-16 23:17:34,598 [pool-47-thread-1] INFO  segmented.SegmentedRaftLogWorker (SegmentedRaftLogWorker.java:lambda$new$0(128)) - d9c3a1f9-f3cd-454d-8ade-69242b77ac9e@group-007CA2A20F01-SegmentedRaftLogWorker: flushIndex: setUnconditionally 0 -> -1
2019-11-16 23:17:34,598 [pool-37-thread-1] INFO  server.RaftServerConfigKeys (ConfUtils.java:logGet(43)) - raft.server.log.statemachine.data.caching.enabled = true (custom)
2019-11-16 23:17:34,598 [pool-27-thread-1] INFO  impl.RaftServerImpl (RaftServerImpl.java:start(184)) - 3edf731e-a2c9-4ba1-bb62-f05ea8542184@group-007CA2A20F01: start as a follower, conf=-1: [b4a35661-9689-4ac7-ac3c-4d2b2d408aa5:192.168.157.223:46550, 3edf731e-a2c9-4ba1-bb62-f05ea8542184:192.168.157.223:41261, d9c3a1f9-f3cd-454d-8ade-69242b77ac9e:192.168.157.223:43662], old=null
2019-11-16 23:17:34,598 [pool-37-thread-1] INFO  segmented.SegmentedRaftLogWorker (SegmentedRaftLogWorker.java:lambda$new$0(128)) - b4a35661-9689-4ac7-ac3c-4d2b2d408aa5@group-007CA2A20F01-SegmentedRaftLogWorker: flushIndex: setUnconditionally 0 -> -1
2019-11-16 23:17:34,598 [pool-47-thread-1] INFO  server.RaftServerConfigKeys (ConfUtils.java:logGet(43)) - raft.server.snapshot.auto.trigger.enabled = true (custom)
2019-11-16 23:17:34,598 [pool-27-thread-1] INFO  impl.RaftServerImpl (RaftServerImpl.java:setRole(173)) - 3edf731e-a2c9-4ba1-bb62-f05ea8542184@group-007CA2A20F01: changes role from      null to FOLLOWER at term 0 for startAsFollower
2019-11-16 23:17:34,598 [pool-37-thread-1] INFO  server.RaftServerConfigKeys (ConfUtils.java:logGet(43)) - raft.server.snapshot.auto.trigger.enabled = true (custom)
2019-11-16 23:17:34,598 [pool-47-thread-1] INFO  server.RaftServerConfigKeys (ConfUtils.java:logGet(43)) - raft.server.snapshot.auto.trigger.threshold = 10000 (custom)
2019-11-16 23:17:34,599 [pool-37-thread-1] INFO  server.RaftServerConfigKeys (ConfUtils.java:logGet(43)) - raft.server.snapshot.auto.trigger.threshold = 10000 (custom)
2019-11-16 23:17:34,599 [pool-27-thread-1] INFO  impl.RoleInfo (RoleInfo.java:updateAndGet(143)) - 3edf731e-a2c9-4ba1-bb62-f05ea8542184: start FollowerState
2019-11-16 23:17:34,599 [pool-37-thread-1] INFO  server.RaftServerConfigKeys (ConfUtils.java:logGet(43)) - raft.server.snapshot.retention.file.num = 5 (custom)
2019-11-16 23:17:34,599 [pool-47-thread-1] INFO  server.RaftServerConfigKeys (ConfUtils.java:logGet(43)) - raft.server.snapshot.retention.file.num = 5 (custom)
2019-11-16 23:17:34,599 [pool-37-thread-1] INFO  server.RaftServerConfigKeys (ConfUtils.java:logGet(43)) - raft.server.retrycache.expirytime = 600000ms (custom)
2019-11-16 23:17:34,600 [pool-47-thread-1] INFO  server.RaftServerConfigKeys (ConfUtils.java:logGet(43)) - raft.server.retrycache.expirytime = 600000ms (custom)
2019-11-16 23:17:34,600 [pool-27-thread-1] INFO  util.JmxRegister (JmxRegister.java:tryRegister(44)) - Successfully registered JMX Bean with object name Ratis:service=RaftServer,group=group-007CA2A20F01,id=3edf731e-a2c9-4ba1-bb62-f05ea8542184
2019-11-16 23:17:34,600 [pool-37-thread-1] WARN  impl.MetricRegistriesImpl (MetricRegistriesImpl.java:lambda$create$1(61)) - First MetricRegistry has been created without registering reporters. You may need to call MetricRegistries.global().addReportRegistration(...) before.
2019-11-16 23:17:34,600 [pool-27-thread-1] WARN  impl.MetricRegistriesImpl (MetricRegistriesImpl.java:lambda$create$1(61)) - First MetricRegistry has been created without registering reporters. You may need to call MetricRegistries.global().addReportRegistration(...) before.
2019-11-16 23:17:34,600 [pool-47-thread-1] WARN  impl.MetricRegistriesImpl (MetricRegistriesImpl.java:lambda$create$1(61)) - First MetricRegistry has been created without registering reporters. You may need to call MetricRegistries.global().addReportRegistration(...) before.
2019-11-16 23:17:34,600 [pool-37-thread-1] WARN  impl.MetricRegistriesImpl (MetricRegistriesImpl.java:lambda$create$1(61)) - First MetricRegistry has been created without registering reporters. You may need to call MetricRegistries.global().addReportRegistration(...) before.
2019-11-16 23:17:34,600 [pool-47-thread-1] WARN  impl.MetricRegistriesImpl (MetricRegistriesImpl.java:lambda$create$1(61)) - First MetricRegistry has been created without registering reporters. You may need to call MetricRegistries.global().addReportRegistration(...) before.
2019-11-16 23:17:34,601 [pool-37-thread-1] INFO  impl.RaftServerImpl (RaftServerImpl.java:start(184)) - b4a35661-9689-4ac7-ac3c-4d2b2d408aa5@group-007CA2A20F01: start as a follower, conf=-1: [b4a35661-9689-4ac7-ac3c-4d2b2d408aa5:192.168.157.223:46550, 3edf731e-a2c9-4ba1-bb62-f05ea8542184:192.168.157.223:41261, d9c3a1f9-f3cd-454d-8ade-69242b77ac9e:192.168.157.223:43662], old=null
2019-11-16 23:17:34,601 [pool-47-thread-1] INFO  impl.RaftServerImpl (RaftServerImpl.java:start(184)) - d9c3a1f9-f3cd-454d-8ade-69242b77ac9e@group-007CA2A20F01: start as a follower, conf=-1: [b4a35661-9689-4ac7-ac3c-4d2b2d408aa5:192.168.157.223:46550, 3edf731e-a2c9-4ba1-bb62-f05ea8542184:192.168.157.223:41261, d9c3a1f9-f3cd-454d-8ade-69242b77ac9e:192.168.157.223:43662], old=null
2019-11-16 23:17:34,601 [Command processor thread] INFO  commandhandler.CreatePipelineCommandHandler (CreatePipelineCommandHandler.java:handle(86)) - Create Pipeline RATIS THREE #id: "917c38b2-cb1d-4454-afca-007ca2a20f01"
 command succeed on datanode 3edf731e-a2c9-4ba1-bb62-f05ea8542184.
2019-11-16 23:17:34,601 [pool-47-thread-1] INFO  impl.RaftServerImpl (RaftServerImpl.java:setRole(173)) - d9c3a1f9-f3cd-454d-8ade-69242b77ac9e@group-007CA2A20F01: changes role from      null to FOLLOWER at term 0 for startAsFollower
2019-11-16 23:17:34,601 [pool-37-thread-1] INFO  impl.RaftServerImpl (RaftServerImpl.java:setRole(173)) - b4a35661-9689-4ac7-ac3c-4d2b2d408aa5@group-007CA2A20F01: changes role from      null to FOLLOWER at term 0 for startAsFollower
2019-11-16 23:17:34,601 [pool-47-thread-1] INFO  impl.RoleInfo (RoleInfo.java:updateAndGet(143)) - d9c3a1f9-f3cd-454d-8ade-69242b77ac9e: start FollowerState
2019-11-16 23:17:34,601 [pool-37-thread-1] INFO  impl.RoleInfo (RoleInfo.java:updateAndGet(143)) - b4a35661-9689-4ac7-ac3c-4d2b2d408aa5: start FollowerState
2019-11-16 23:17:34,602 [pool-47-thread-1] INFO  util.JmxRegister (JmxRegister.java:tryRegister(44)) - Successfully registered JMX Bean with object name Ratis:service=RaftServer,group=group-007CA2A20F01,id=d9c3a1f9-f3cd-454d-8ade-69242b77ac9e
2019-11-16 23:17:34,602 [pool-37-thread-1] INFO  util.JmxRegister (JmxRegister.java:tryRegister(44)) - Successfully registered JMX Bean with object name Ratis:service=RaftServer,group=group-007CA2A20F01,id=b4a35661-9689-4ac7-ac3c-4d2b2d408aa5
2019-11-16 23:17:34,602 [pool-47-thread-1] WARN  impl.MetricRegistriesImpl (MetricRegistriesImpl.java:lambda$create$1(61)) - First MetricRegistry has been created without registering reporters. You may need to call MetricRegistries.global().addReportRegistration(...) before.
2019-11-16 23:17:34,602 [pool-37-thread-1] WARN  impl.MetricRegistriesImpl (MetricRegistriesImpl.java:lambda$create$1(61)) - First MetricRegistry has been created without registering reporters. You may need to call MetricRegistries.global().addReportRegistration(...) before.
2019-11-16 23:17:34,602 [EventQueue-PipelineReportForPipelineReportHandler] INFO  pipeline.PipelineReportHandler (PipelineReportHandler.java:processPipelineReport(113)) - Pipeline THREE PipelineID=917c38b2-cb1d-4454-afca-007ca2a20f01 reported by 3edf731e-a2c9-4ba1-bb62-f05ea8542184{ip: 192.168.157.223, host: pr-hdds-2485-6tzkx-595685465, networkLocation: /default-rack, certSerialId: null}
2019-11-16 23:17:34,603 [Command processor thread] INFO  commandhandler.CreatePipelineCommandHandler (CreatePipelineCommandHandler.java:handle(86)) - Create Pipeline RATIS THREE #id: "917c38b2-cb1d-4454-afca-007ca2a20f01"
 command succeed on datanode d9c3a1f9-f3cd-454d-8ade-69242b77ac9e.
2019-11-16 23:17:34,603 [Command processor thread] INFO  commandhandler.CreatePipelineCommandHandler (CreatePipelineCommandHandler.java:handle(86)) - Create Pipeline RATIS THREE #id: "917c38b2-cb1d-4454-afca-007ca2a20f01"
 command succeed on datanode b4a35661-9689-4ac7-ac3c-4d2b2d408aa5.
2019-11-16 23:17:34,604 [EventQueue-PipelineReportForPipelineReportHandler] INFO  pipeline.PipelineReportHandler (PipelineReportHandler.java:processPipelineReport(113)) - Pipeline THREE PipelineID=917c38b2-cb1d-4454-afca-007ca2a20f01 reported by b4a35661-9689-4ac7-ac3c-4d2b2d408aa5{ip: 192.168.157.223, host: pr-hdds-2485-6tzkx-595685465, networkLocation: /default-rack, certSerialId: null}
2019-11-16 23:17:34,604 [EventQueue-PipelineReportForPipelineReportHandler] INFO  pipeline.PipelineReportHandler (PipelineReportHandler.java:processPipelineReport(113)) - Pipeline THREE PipelineID=917c38b2-cb1d-4454-afca-007ca2a20f01 reported by d9c3a1f9-f3cd-454d-8ade-69242b77ac9e{ip: 192.168.157.223, host: pr-hdds-2485-6tzkx-595685465, networkLocation: /default-rack, certSerialId: null}
 0.00% |?                                                                                                    |  0/1 Time: 0:00:03 0.00% |?                                                                                                    |  0/1 Time: 0:00:04 100.00% |?????????????????????????????????????????????????????????????????????????????????????????????????????|  1/1 Time: 0:00:05
2019-11-16 23:17:39,624 [Thread-466] INFO  impl.FollowerState (FollowerState.java:run(111)) - b4a35661-9689-4ac7-ac3c-4d2b2d408aa5@group-007CA2A20F01-FollowerState: change to CANDIDATE, lastRpcTime:5022ms, electionTimeout:5022ms
2019-11-16 23:17:39,625 [Thread-466] INFO  impl.RoleInfo (RoleInfo.java:shutdownFollowerState(121)) - b4a35661-9689-4ac7-ac3c-4d2b2d408aa5: shutdown FollowerState
2019-11-16 23:17:39,626 [Thread-466] INFO  impl.RaftServerImpl (RaftServerImpl.java:setRole(173)) - b4a35661-9689-4ac7-ac3c-4d2b2d408aa5@group-007CA2A20F01: changes role from  FOLLOWER to CANDIDATE at term 0 for changeToCandidate
2019-11-16 23:17:39,626 [Thread-466] INFO  impl.RoleInfo (RoleInfo.java:updateAndGet(143)) - b4a35661-9689-4ac7-ac3c-4d2b2d408aa5: start LeaderElection
2019-11-16 23:17:39,646 [Thread-465] INFO  impl.FollowerState (FollowerState.java:run(111)) - d9c3a1f9-f3cd-454d-8ade-69242b77ac9e@group-007CA2A20F01-FollowerState: change to CANDIDATE, lastRpcTime:5044ms, electionTimeout:5044ms
2019-11-16 23:17:39,646 [Thread-465] INFO  impl.RoleInfo (RoleInfo.java:shutdownFollowerState(121)) - d9c3a1f9-f3cd-454d-8ade-69242b77ac9e: shutdown FollowerState
2019-11-16 23:17:39,646 [Thread-465] INFO  impl.RaftServerImpl (RaftServerImpl.java:setRole(173)) - d9c3a1f9-f3cd-454d-8ade-69242b77ac9e@group-007CA2A20F01: changes role from  FOLLOWER to CANDIDATE at term 0 for changeToCandidate
2019-11-16 23:17:39,646 [Thread-465] INFO  impl.RoleInfo (RoleInfo.java:updateAndGet(143)) - d9c3a1f9-f3cd-454d-8ade-69242b77ac9e: start LeaderElection
2019-11-16 23:17:39,655 [Thread-462] INFO  impl.FollowerState (FollowerState.java:run(111)) - 3edf731e-a2c9-4ba1-bb62-f05ea8542184@group-007CA2A20F01-FollowerState: change to CANDIDATE, lastRpcTime:5056ms, electionTimeout:5055ms
2019-11-16 23:17:39,655 [Thread-462] INFO  impl.RoleInfo (RoleInfo.java:shutdownFollowerState(121)) - 3edf731e-a2c9-4ba1-bb62-f05ea8542184: shutdown FollowerState
2019-11-16 23:17:39,655 [Thread-462] INFO  impl.RaftServerImpl (RaftServerImpl.java:setRole(173)) - 3edf731e-a2c9-4ba1-bb62-f05ea8542184@group-007CA2A20F01: changes role from  FOLLOWER to CANDIDATE at term 0 for changeToCandidate
2019-11-16 23:17:39,655 [Thread-462] INFO  impl.RoleInfo (RoleInfo.java:updateAndGet(143)) - 3edf731e-a2c9-4ba1-bb62-f05ea8542184: start LeaderElection
2019-11-16 23:17:39,671 [b4a35661-9689-4ac7-ac3c-4d2b2d408aa5@group-007CA2A20F01-LeaderElection9] INFO  impl.LeaderElection (LeaderElection.java:askForVotes(178)) - b4a35661-9689-4ac7-ac3c-4d2b2d408aa5@group-007CA2A20F01-LeaderElection9: begin an election at term 1 for -1: [b4a35661-9689-4ac7-ac3c-4d2b2d408aa5:192.168.157.223:46550, 3edf731e-a2c9-4ba1-bb62-f05ea8542184:192.168.157.223:41261, d9c3a1f9-f3cd-454d-8ade-69242b77ac9e:192.168.157.223:43662], old=null
2019-11-16 23:17:39,671 [d9c3a1f9-f3cd-454d-8ade-69242b77ac9e@group-007CA2A20F01-LeaderElection10] INFO  impl.LeaderElection (LeaderElection.java:askForVotes(178)) - d9c3a1f9-f3cd-454d-8ade-69242b77ac9e@group-007CA2A20F01-LeaderElection10: begin an election at term 1 for -1: [b4a35661-9689-4ac7-ac3c-4d2b2d408aa5:192.168.157.223:46550, 3edf731e-a2c9-4ba1-bb62-f05ea8542184:192.168.157.223:41261, d9c3a1f9-f3cd-454d-8ade-69242b77ac9e:192.168.157.223:43662], old=null
2019-11-16 23:17:39,673 [3edf731e-a2c9-4ba1-bb62-f05ea8542184@group-007CA2A20F01-LeaderElection11] INFO  impl.LeaderElection (LeaderElection.java:askForVotes(178)) - 3edf731e-a2c9-4ba1-bb62-f05ea8542184@group-007CA2A20F01-LeaderElection11: begin an election at term 1 for -1: [b4a35661-9689-4ac7-ac3c-4d2b2d408aa5:192.168.157.223:46550, 3edf731e-a2c9-4ba1-bb62-f05ea8542184:192.168.157.223:41261, d9c3a1f9-f3cd-454d-8ade-69242b77ac9e:192.168.157.223:43662], old=null
2019-11-16 23:17:39,700 [b4a35661-9689-4ac7-ac3c-4d2b2d408aa5@group-007CA2A20F01-LeaderElection9] INFO  impl.LeaderElection (LeaderElection.java:logAndReturn(56)) - b4a35661-9689-4ac7-ac3c-4d2b2d408aa5@group-007CA2A20F01-LeaderElection9: Election REJECTED; received 2 response(s) [b4a35661-9689-4ac7-ac3c-4d2b2d408aa5<-3edf731e-a2c9-4ba1-bb62-f05ea8542184#0:FAIL-t1, b4a35661-9689-4ac7-ac3c-4d2b2d408aa5<-d9c3a1f9-f3cd-454d-8ade-69242b77ac9e#0:FAIL-t1] and 0 exception(s); b4a35661-9689-4ac7-ac3c-4d2b2d408aa5@group-007CA2A20F01:t1, leader=null, voted=b4a35661-9689-4ac7-ac3c-4d2b2d408aa5, raftlog=b4a35661-9689-4ac7-ac3c-4d2b2d408aa5@group-007CA2A20F01-SegmentedRaftLog:OPENED:c-1,f-1,i0, conf=-1: [b4a35661-9689-4ac7-ac3c-4d2b2d408aa5:192.168.157.223:46550, 3edf731e-a2c9-4ba1-bb62-f05ea8542184:192.168.157.223:41261, d9c3a1f9-f3cd-454d-8ade-69242b77ac9e:192.168.157.223:43662], old=null
2019-11-16 23:17:39,703 [b4a35661-9689-4ac7-ac3c-4d2b2d408aa5@group-007CA2A20F01-LeaderElection9] INFO  impl.RaftServerImpl (RaftServerImpl.java:setRole(173)) - b4a35661-9689-4ac7-ac3c-4d2b2d408aa5@group-007CA2A20F01: changes role from CANDIDATE to FOLLOWER at term 1 for DISCOVERED_A_NEW_TERM
2019-11-16 23:17:39,705 [b4a35661-9689-4ac7-ac3c-4d2b2d408aa5@group-007CA2A20F01-LeaderElection9] INFO  impl.RoleInfo (RoleInfo.java:shutdownLeaderElection(134)) - b4a35661-9689-4ac7-ac3c-4d2b2d408aa5: shutdown LeaderElection
2019-11-16 23:17:39,705 [b4a35661-9689-4ac7-ac3c-4d2b2d408aa5@group-007CA2A20F01-LeaderElection9] INFO  impl.RoleInfo (RoleInfo.java:updateAndGet(143)) - b4a35661-9689-4ac7-ac3c-4d2b2d408aa5: start FollowerState
2019-11-16 23:17:39,708 [d9c3a1f9-f3cd-454d-8ade-69242b77ac9e@group-007CA2A20F01-LeaderElection10] INFO  impl.LeaderElection (LeaderElection.java:logAndReturn(56)) - d9c3a1f9-f3cd-454d-8ade-69242b77ac9e@group-007CA2A20F01-LeaderElection10: Election REJECTED; received 2 response(s) [d9c3a1f9-f3cd-454d-8ade-69242b77ac9e<-b4a35661-9689-4ac7-ac3c-4d2b2d408aa5#0:FAIL-t1, d9c3a1f9-f3cd-454d-8ade-69242b77ac9e<-3edf731e-a2c9-4ba1-bb62-f05ea8542184#0:FAIL-t1] and 0 exception(s); d9c3a1f9-f3cd-454d-8ade-69242b77ac9e@group-007CA2A20F01:t1, leader=null, voted=d9c3a1f9-f3cd-454d-8ade-69242b77ac9e, raftlog=d9c3a1f9-f3cd-454d-8ade-69242b77ac9e@group-007CA2A20F01-SegmentedRaftLog:OPENED:c-1,f-1,i0, conf=-1: [b4a35661-9689-4ac7-ac3c-4d2b2d408aa5:192.168.157.223:46550, 3edf731e-a2c9-4ba1-bb62-f05ea8542184:192.168.157.223:41261, d9c3a1f9-f3cd-454d-8ade-69242b77ac9e:192.168.157.223:43662], old=null
2019-11-16 23:17:39,712 [d9c3a1f9-f3cd-454d-8ade-69242b77ac9e@group-007CA2A20F01-LeaderElection10] INFO  impl.RaftServerImpl (RaftServerImpl.java:setRole(173)) - d9c3a1f9-f3cd-454d-8ade-69242b77ac9e@group-007CA2A20F01: changes role from CANDIDATE to FOLLOWER at term 1 for DISCOVERED_A_NEW_TERM
2019-11-16 23:17:39,715 [d9c3a1f9-f3cd-454d-8ade-69242b77ac9e@group-007CA2A20F01-LeaderElection10] INFO  impl.RoleInfo (RoleInfo.java:shutdownLeaderElection(134)) - d9c3a1f9-f3cd-454d-8ade-69242b77ac9e: shutdown LeaderElection
2019-11-16 23:17:39,715 [d9c3a1f9-f3cd-454d-8ade-69242b77ac9e@group-007CA2A20F01-LeaderElection10] INFO  impl.RoleInfo (RoleInfo.java:updateAndGet(143)) - d9c3a1f9-f3cd-454d-8ade-69242b77ac9e: start FollowerState
2019-11-16 23:17:39,720 [3edf731e-a2c9-4ba1-bb62-f05ea8542184@group-007CA2A20F01-LeaderElection11] INFO  impl.LeaderElection (LeaderElection.java:logAndReturn(56)) - 3edf731e-a2c9-4ba1-bb62-f05ea8542184@group-007CA2A20F01-LeaderElection11: Election REJECTED; received 2 response(s) [3edf731e-a2c9-4ba1-bb62-f05ea8542184<-b4a35661-9689-4ac7-ac3c-4d2b2d408aa5#0:FAIL-t1, 3edf731e-a2c9-4ba1-bb62-f05ea8542184<-d9c3a1f9-f3cd-454d-8ade-69242b77ac9e#0:FAIL-t1] and 0 exception(s); 3edf731e-a2c9-4ba1-bb62-f05ea8542184@group-007CA2A20F01:t1, leader=null, voted=3edf731e-a2c9-4ba1-bb62-f05ea8542184, raftlog=3edf731e-a2c9-4ba1-bb62-f05ea8542184@group-007CA2A20F01-SegmentedRaftLog:OPENED:c-1,f-1,i0, conf=-1: [b4a35661-9689-4ac7-ac3c-4d2b2d408aa5:192.168.157.223:46550, 3edf731e-a2c9-4ba1-bb62-f05ea8542184:192.168.157.223:41261, d9c3a1f9-f3cd-454d-8ade-69242b77ac9e:192.168.157.223:43662], old=null
2019-11-16 23:17:39,721 [3edf731e-a2c9-4ba1-bb62-f05ea8542184@group-007CA2A20F01-LeaderElection11] INFO  impl.RaftServerImpl (RaftServerImpl.java:setRole(173)) - 3edf731e-a2c9-4ba1-bb62-f05ea8542184@group-007CA2A20F01: changes role from CANDIDATE to FOLLOWER at term 1 for DISCOVERED_A_NEW_TERM
2019-11-16 23:17:39,722 [3edf731e-a2c9-4ba1-bb62-f05ea8542184@group-007CA2A20F01-LeaderElection11] INFO  impl.RoleInfo (RoleInfo.java:shutdownLeaderElection(134)) - 3edf731e-a2c9-4ba1-bb62-f05ea8542184: shutdown LeaderElection
2019-11-16 23:17:39,723 [3edf731e-a2c9-4ba1-bb62-f05ea8542184@group-007CA2A20F01-LeaderElection11] INFO  impl.RoleInfo (RoleInfo.java:updateAndGet(143)) - 3edf731e-a2c9-4ba1-bb62-f05ea8542184: start FollowerState
]]></system-out>
    <system-err><![CDATA[ERROR StatusLogger No Log4j 2 configuration file found. Using default configuration (logging only errors to the console), or user programmatically provided configurations. Set system property 'log4j2.debug' to show Log4j 2 internal initialization logging. See https://logging.apache.org/log4j/2.x/manual/configuration.html for instructions on how to configure Log4j 2
]]></system-err>
  </testcase>
</testsuite>