<?xml version="1.0" encoding="UTF-8"?>
<testsuite xmlns:xsi="http://www.w3.org/2001/XMLSchema-instance" xsi:noNamespaceSchemaLocation="https://maven.apache.org/surefire/maven-surefire-plugin/xsd/surefire-test-report.xsd" name="org.apache.hadoop.ozone.freon.TestFreonWithPipelineDestroy" time="53.165" tests="1" errors="1" skipped="0" failures="0">
  <properties>
    <property name="awt.toolkit" value="sun.awt.X11.XToolkit"/>
    <property name="file.encoding.pkg" value="sun.io"/>
    <property name="java.specification.version" value="1.8"/>
    <property name="sun.cpu.isalist" value=""/>
    <property name="sun.jnu.encoding" value="ANSI_X3.4-1968"/>
    <property name="java.class.path" value="/workdir/hadoop-ozone/tools/target/test-classes:/workdir/hadoop-ozone/tools/target/classes:/home/user/.m2/repository/org/apache/hadoop/hadoop-ozone-ozone-manager/0.5.0-SNAPSHOT/hadoop-ozone-ozone-manager-0.5.0-SNAPSHOT.jar:/home/user/.m2/repository/org/apache/hadoop/hadoop-hdds-docs/0.5.0-SNAPSHOT/hadoop-hdds-docs-0.5.0-SNAPSHOT.jar:/home/user/.m2/repository/org/bouncycastle/bcprov-jdk15on/1.60/bcprov-jdk15on-1.60.jar:/home/user/.m2/repository/org/apache/hadoop/hadoop-ozone-common/0.5.0-SNAPSHOT/hadoop-ozone-common-0.5.0-SNAPSHOT.jar:/home/user/.m2/repository/org/apache/commons/commons-compress/1.4.1/commons-compress-1.4.1.jar:/home/user/.m2/repository/org/tukaani/xz/1.0/xz-1.0.jar:/home/user/.m2/repository/org/apache/hadoop/hadoop-hdfs-client/3.2.0/hadoop-hdfs-client-3.2.0.jar:/home/user/.m2/repository/com/fasterxml/jackson/core/jackson-annotations/2.9.9/jackson-annotations-2.9.9.jar:/home/user/.m2/repository/org/apache/hadoop/hadoop-hdds-common/0.5.0-SNAPSHOT/hadoop-hdds-common-0.5.0-SNAPSHOT.jar:/home/user/.m2/repository/org/apache/hadoop/hadoop-hdds-config/0.5.0-SNAPSHOT/hadoop-hdds-config-0.5.0-SNAPSHOT.jar:/home/user/.m2/repository/javax/annotation/javax.annotation-api/1.2/javax.annotation-api-1.2.jar:/home/user/.m2/repository/org/apache/ratis/ratis-server/0.5.0-d6d58d0-SNAPSHOT/ratis-server-0.5.0-d6d58d0-SNAPSHOT.jar:/home/user/.m2/repository/org/apache/ratis/ratis-thirdparty-misc/0.2.0/ratis-thirdparty-misc-0.2.0.jar:/home/user/.m2/repository/org/apache/ratis/ratis-proto/0.5.0-d6d58d0-SNAPSHOT/ratis-proto-0.5.0-d6d58d0-SNAPSHOT.jar:/home/user/.m2/repository/org/apache/ratis/ratis-common/0.5.0-d6d58d0-SNAPSHOT/ratis-common-0.5.0-d6d58d0-SNAPSHOT.jar:/home/user/.m2/repository/org/apache/ratis/ratis-client/0.5.0-d6d58d0-SNAPSHOT/ratis-client-0.5.0-d6d58d0-SNAPSHOT.jar:/home/user/.m2/repository/org/apache/ratis/ratis-metrics/0.5.0-d6d58d0-SNAPSHOT/ratis-metrics-0.5.0-d6d58d0-SNAPSHOT.jar:/home/user/.m2/repository/org/apache/ratis/ratis-netty/0.5.0-d6d58d0-SNAPSHOT/ratis-netty-0.5.0-d6d58d0-SNAPSHOT.jar:/home/user/.m2/repository/org/apache/ratis/ratis-grpc/0.5.0-d6d58d0-SNAPSHOT/ratis-grpc-0.5.0-d6d58d0-SNAPSHOT.jar:/home/user/.m2/repository/org/rocksdb/rocksdbjni/6.0.1/rocksdbjni-6.0.1.jar:/home/user/.m2/repository/org/apache/logging/log4j/log4j-api/2.11.0/log4j-api-2.11.0.jar:/home/user/.m2/repository/org/apache/logging/log4j/log4j-core/2.11.0/log4j-core-2.11.0.jar:/home/user/.m2/repository/com/lmax/disruptor/3.4.2/disruptor-3.4.2.jar:/home/user/.m2/repository/org/apache/commons/commons-pool2/2.6.0/commons-pool2-2.6.0.jar:/home/user/.m2/repository/org/bouncycastle/bcpkix-jdk15on/1.60/bcpkix-jdk15on-1.60.jar:/home/user/.m2/repository/commons-validator/commons-validator/1.6/commons-validator-1.6.jar:/home/user/.m2/repository/commons-digester/commons-digester/1.8.1/commons-digester-1.8.1.jar:/home/user/.m2/repository/io/jaegertracing/jaeger-client/0.34.0/jaeger-client-0.34.0.jar:/home/user/.m2/repository/io/jaegertracing/jaeger-thrift/0.34.0/jaeger-thrift-0.34.0.jar:/home/user/.m2/repository/org/apache/thrift/libthrift/0.12.0/libthrift-0.12.0.jar:/home/user/.m2/repository/com/squareup/okhttp3/okhttp/3.9.0/okhttp-3.9.0.jar:/home/user/.m2/repository/com/squareup/okio/okio/1.13.0/okio-1.13.0.jar:/home/user/.m2/repository/io/jaegertracing/jaeger-core/0.34.0/jaeger-core-0.34.0.jar:/home/user/.m2/repository/io/jaegertracing/jaeger-tracerresolver/0.34.0/jaeger-tracerresolver-0.34.0.jar:/home/user/.m2/repository/io/opentracing/contrib/opentracing-tracerresolver/0.1.5/opentracing-tracerresolver-0.1.5.jar:/home/user/.m2/repository/io/opentracing/opentracing-util/0.31.0/opentracing-util-0.31.0.jar:/home/user/.m2/repository/io/opentracing/opentracing-api/0.31.0/opentracing-api-0.31.0.jar:/home/user/.m2/repository/io/opentracing/opentracing-noop/0.31.0/opentracing-noop-0.31.0.jar:/home/user/.m2/repository/org/yaml/snakeyaml/1.16/snakeyaml-1.16.jar:/home/user/.m2/repository/org/apache/hadoop/hadoop-hdds-container-service/0.5.0-SNAPSHOT/hadoop-hdds-container-service-0.5.0-SNAPSHOT.jar:/home/user/.m2/repository/org/apache/hadoop/hadoop-hdds-client/0.5.0-SNAPSHOT/hadoop-hdds-client-0.5.0-SNAPSHOT.jar:/home/user/.m2/repository/org/apache/hadoop/hadoop-hdds-tools/0.5.0-SNAPSHOT/hadoop-hdds-tools-0.5.0-SNAPSHOT.jar:/home/user/.m2/repository/org/xerial/sqlite-jdbc/3.25.2/sqlite-jdbc-3.25.2.jar:/home/user/.m2/repository/org/apache/hadoop/hadoop-hdds-server-scm/0.5.0-SNAPSHOT/hadoop-hdds-server-scm-0.5.0-SNAPSHOT.jar:/home/user/.m2/repository/org/hamcrest/hamcrest-all/1.3/hamcrest-all-1.3.jar:/home/user/.m2/repository/info/picocli/picocli/3.9.6/picocli-3.9.6.jar:/home/user/.m2/repository/com/google/protobuf/protobuf-java/2.5.0/protobuf-java-2.5.0.jar:/home/user/.m2/repository/com/google/guava/guava/11.0.2/guava-11.0.2.jar:/home/user/.m2/repository/org/apache/hadoop/hadoop-ozone-client/0.5.0-SNAPSHOT/hadoop-ozone-client-0.5.0-SNAPSHOT.jar:/workdir/hadoop-ozone/ozonefs/target/classes:/home/user/.m2/repository/org/apache/httpcomponents/httpclient/4.5.2/httpclient-4.5.2.jar:/home/user/.m2/repository/org/apache/httpcomponents/httpcore/4.4.4/httpcore-4.4.4.jar:/home/user/.m2/repository/org/apache/hadoop/hadoop-hdds-server-framework/0.5.0-SNAPSHOT/hadoop-hdds-server-framework-0.5.0-SNAPSHOT.jar:/home/user/.m2/repository/org/apache/hadoop/hadoop-common/3.2.0/hadoop-common-3.2.0.jar:/home/user/.m2/repository/org/apache/hadoop/hadoop-annotations/3.2.0/hadoop-annotations-3.2.0.jar:/usr/lib/jvm/java-1.8.0-openjdk-1.8.0.222.b10-1.el7_7.x86_64/jre/../lib/tools.jar:/home/user/.m2/repository/commons-cli/commons-cli/1.2/commons-cli-1.2.jar:/home/user/.m2/repository/org/apache/commons/commons-math3/3.1.1/commons-math3-3.1.1.jar:/home/user/.m2/repository/commons-codec/commons-codec/1.11/commons-codec-1.11.jar:/home/user/.m2/repository/commons-io/commons-io/2.5/commons-io-2.5.jar:/home/user/.m2/repository/commons-net/commons-net/3.6/commons-net-3.6.jar:/home/user/.m2/repository/commons-collections/commons-collections/3.2.2/commons-collections-3.2.2.jar:/home/user/.m2/repository/javax/servlet/javax.servlet-api/3.1.0/javax.servlet-api-3.1.0.jar:/home/user/.m2/repository/org/eclipse/jetty/jetty-server/9.3.25.v20180904/jetty-server-9.3.25.v20180904.jar:/home/user/.m2/repository/org/eclipse/jetty/jetty-http/9.3.25.v20180904/jetty-http-9.3.25.v20180904.jar:/home/user/.m2/repository/org/eclipse/jetty/jetty-io/9.3.25.v20180904/jetty-io-9.3.25.v20180904.jar:/home/user/.m2/repository/org/eclipse/jetty/jetty-util/9.3.25.v20180904/jetty-util-9.3.25.v20180904.jar:/home/user/.m2/repository/org/eclipse/jetty/jetty-servlet/9.3.25.v20180904/jetty-servlet-9.3.25.v20180904.jar:/home/user/.m2/repository/org/eclipse/jetty/jetty-security/9.3.25.v20180904/jetty-security-9.3.25.v20180904.jar:/home/user/.m2/repository/org/eclipse/jetty/jetty-webapp/9.3.25.v20180904/jetty-webapp-9.3.25.v20180904.jar:/home/user/.m2/repository/org/eclipse/jetty/jetty-xml/9.3.25.v20180904/jetty-xml-9.3.25.v20180904.jar:/home/user/.m2/repository/javax/servlet/jsp/jsp-api/2.1/jsp-api-2.1.jar:/home/user/.m2/repository/com/sun/jersey/jersey-core/1.19/jersey-core-1.19.jar:/home/user/.m2/repository/javax/ws/rs/jsr311-api/1.1.1/jsr311-api-1.1.1.jar:/home/user/.m2/repository/com/sun/jersey/jersey-servlet/1.19/jersey-servlet-1.19.jar:/home/user/.m2/repository/com/sun/jersey/jersey-json/1.19/jersey-json-1.19.jar:/home/user/.m2/repository/org/codehaus/jettison/jettison/1.1/jettison-1.1.jar:/home/user/.m2/repository/com/sun/xml/bind/jaxb-impl/2.3.0.1/jaxb-impl-2.3.0.1.jar:/home/user/.m2/repository/org/codehaus/jackson/jackson-core-asl/1.9.13/jackson-core-asl-1.9.13.jar:/home/user/.m2/repository/org/codehaus/jackson/jackson-mapper-asl/1.9.13/jackson-mapper-asl-1.9.13.jar:/home/user/.m2/repository/org/codehaus/jackson/jackson-jaxrs/1.9.13/jackson-jaxrs-1.9.13.jar:/home/user/.m2/repository/org/codehaus/jackson/jackson-xc/1.9.13/jackson-xc-1.9.13.jar:/home/user/.m2/repository/com/sun/jersey/jersey-server/1.19/jersey-server-1.19.jar:/home/user/.m2/repository/commons-logging/commons-logging/1.1.3/commons-logging-1.1.3.jar:/home/user/.m2/repository/log4j/log4j/1.2.17/log4j-1.2.17.jar:/home/user/.m2/repository/commons-beanutils/commons-beanutils/1.9.4/commons-beanutils-1.9.4.jar:/home/user/.m2/repository/org/apache/commons/commons-configuration2/2.1.1/commons-configuration2-2.1.1.jar:/home/user/.m2/repository/org/apache/commons/commons-lang3/3.7/commons-lang3-3.7.jar:/home/user/.m2/repository/org/apache/commons/commons-text/1.4/commons-text-1.4.jar:/home/user/.m2/repository/org/slf4j/slf4j-api/1.7.25/slf4j-api-1.7.25.jar:/home/user/.m2/repository/org/slf4j/slf4j-log4j12/1.7.25/slf4j-log4j12-1.7.25.jar:/home/user/.m2/repository/org/apache/avro/avro/1.7.7/avro-1.7.7.jar:/home/user/.m2/repository/com/thoughtworks/paranamer/paranamer/2.3/paranamer-2.3.jar:/home/user/.m2/repository/org/xerial/snappy/snappy-java/1.0.5/snappy-java-1.0.5.jar:/home/user/.m2/repository/com/google/re2j/re2j/1.1/re2j-1.1.jar:/home/user/.m2/repository/com/google/code/gson/gson/2.2.4/gson-2.2.4.jar:/home/user/.m2/repository/org/apache/hadoop/hadoop-auth/3.2.0/hadoop-auth-3.2.0.jar:/home/user/.m2/repository/com/nimbusds/nimbus-jose-jwt/4.41.1/nimbus-jose-jwt-4.41.1.jar:/home/user/.m2/repository/com/github/stephenc/jcip/jcip-annotations/1.0-1/jcip-annotations-1.0-1.jar:/home/user/.m2/repository/net/minidev/json-smart/2.3/json-smart-2.3.jar:/home/user/.m2/repository/net/minidev/accessors-smart/1.2/accessors-smart-1.2.jar:/home/user/.m2/repository/org/apache/curator/curator-framework/2.12.0/curator-framework-2.12.0.jar:/home/user/.m2/repository/com/jcraft/jsch/0.1.54/jsch-0.1.54.jar:/home/user/.m2/repository/org/apache/curator/curator-client/2.12.0/curator-client-2.12.0.jar:/home/user/.m2/repository/org/apache/curator/curator-recipes/2.12.0/curator-recipes-2.12.0.jar:/home/user/.m2/repository/com/google/code/findbugs/jsr305/3.0.0/jsr305-3.0.0.jar:/home/user/.m2/repository/org/apache/htrace/htrace-core4/4.1.0-incubating/htrace-core4-4.1.0-incubating.jar:/home/user/.m2/repository/org/apache/zookeeper/zookeeper/3.4.13/zookeeper-3.4.13.jar:/home/user/.m2/repository/jline/jline/0.9.94/jline-0.9.94.jar:/home/user/.m2/repository/org/apache/yetus/audience-annotations/0.5.0/audience-annotations-0.5.0.jar:/home/user/.m2/repository/org/apache/kerby/kerb-simplekdc/1.0.1/kerb-simplekdc-1.0.1.jar:/home/user/.m2/repository/org/apache/kerby/kerb-client/1.0.1/kerb-client-1.0.1.jar:/home/user/.m2/repository/org/apache/kerby/kerby-config/1.0.1/kerby-config-1.0.1.jar:/home/user/.m2/repository/org/apache/kerby/kerb-core/1.0.1/kerb-core-1.0.1.jar:/home/user/.m2/repository/org/apache/kerby/kerby-pkix/1.0.1/kerby-pkix-1.0.1.jar:/home/user/.m2/repository/org/apache/kerby/kerby-asn1/1.0.1/kerby-asn1-1.0.1.jar:/home/user/.m2/repository/org/apache/kerby/kerby-util/1.0.1/kerby-util-1.0.1.jar:/home/user/.m2/repository/org/apache/kerby/kerb-common/1.0.1/kerb-common-1.0.1.jar:/home/user/.m2/repository/org/apache/kerby/kerb-crypto/1.0.1/kerb-crypto-1.0.1.jar:/home/user/.m2/repository/org/apache/kerby/kerb-util/1.0.1/kerb-util-1.0.1.jar:/home/user/.m2/repository/org/apache/kerby/token-provider/1.0.1/token-provider-1.0.1.jar:/home/user/.m2/repository/org/apache/kerby/kerb-admin/1.0.1/kerb-admin-1.0.1.jar:/home/user/.m2/repository/org/apache/kerby/kerb-server/1.0.1/kerb-server-1.0.1.jar:/home/user/.m2/repository/org/apache/kerby/kerb-identity/1.0.1/kerb-identity-1.0.1.jar:/home/user/.m2/repository/org/apache/kerby/kerby-xdr/1.0.1/kerby-xdr-1.0.1.jar:/home/user/.m2/repository/com/fasterxml/jackson/core/jackson-databind/2.9.9/jackson-databind-2.9.9.jar:/home/user/.m2/repository/com/fasterxml/jackson/core/jackson-core/2.9.9/jackson-core-2.9.9.jar:/home/user/.m2/repository/org/codehaus/woodstox/stax2-api/3.1.4/stax2-api-3.1.4.jar:/home/user/.m2/repository/com/fasterxml/woodstox/woodstox-core/5.0.3/woodstox-core-5.0.3.jar:/home/user/.m2/repository/dnsjava/dnsjava/2.1.7/dnsjava-2.1.7.jar:/home/user/.m2/repository/org/apache/hadoop/hadoop-hdfs/3.2.0/hadoop-hdfs-3.2.0.jar:/home/user/.m2/repository/org/eclipse/jetty/jetty-util-ajax/9.3.25.v20180904/jetty-util-ajax-9.3.25.v20180904.jar:/home/user/.m2/repository/commons-daemon/commons-daemon/1.0.13/commons-daemon-1.0.13.jar:/home/user/.m2/repository/io/netty/netty/3.10.5.Final/netty-3.10.5.Final.jar:/home/user/.m2/repository/io/netty/netty-all/4.0.52.Final/netty-all-4.0.52.Final.jar:/home/user/.m2/repository/org/fusesource/leveldbjni/leveldbjni-all/1.8/leveldbjni-all-1.8.jar:/home/user/.m2/repository/com/sun/xml/bind/jaxb-core/2.3.0.1/jaxb-core-2.3.0.1.jar:/home/user/.m2/repository/javax/xml/bind/jaxb-api/2.3.0/jaxb-api-2.3.0.jar:/home/user/.m2/repository/javax/activation/activation/1.1.1/activation-1.1.1.jar:/home/user/.m2/repository/org/openjdk/jmh/jmh-core/1.19/jmh-core-1.19.jar:/home/user/.m2/repository/net/sf/jopt-simple/jopt-simple/4.6/jopt-simple-4.6.jar:/home/user/.m2/repository/org/openjdk/jmh/jmh-generator-annprocess/1.19/jmh-generator-annprocess-1.19.jar:/home/user/.m2/repository/io/dropwizard/metrics/metrics-core/3.2.4/metrics-core-3.2.4.jar:/home/user/.m2/repository/com/amazonaws/aws-java-sdk-s3/1.11.615/aws-java-sdk-s3-1.11.615.jar:/home/user/.m2/repository/com/amazonaws/aws-java-sdk-kms/1.11.615/aws-java-sdk-kms-1.11.615.jar:/home/user/.m2/repository/com/amazonaws/aws-java-sdk-core/1.11.615/aws-java-sdk-core-1.11.615.jar:/home/user/.m2/repository/software/amazon/ion/ion-java/1.0.2/ion-java-1.0.2.jar:/home/user/.m2/repository/com/fasterxml/jackson/dataformat/jackson-dataformat-cbor/2.9.9/jackson-dataformat-cbor-2.9.9.jar:/home/user/.m2/repository/joda-time/joda-time/2.9.9/joda-time-2.9.9.jar:/home/user/.m2/repository/com/amazonaws/jmespath-java/1.11.615/jmespath-java-1.11.615.jar:/home/user/.m2/repository/com/github/spotbugs/spotbugs/3.1.12/spotbugs-3.1.12.jar:/home/user/.m2/repository/org/ow2/asm/asm/5.0.4/asm-5.0.4.jar:/home/user/.m2/repository/org/ow2/asm/asm-analysis/7.0/asm-analysis-7.0.jar:/home/user/.m2/repository/org/ow2/asm/asm-commons/7.0/asm-commons-7.0.jar:/home/user/.m2/repository/org/ow2/asm/asm-tree/7.0/asm-tree-7.0.jar:/home/user/.m2/repository/org/ow2/asm/asm-util/7.0/asm-util-7.0.jar:/home/user/.m2/repository/org/apache/bcel/bcel/6.3/bcel-6.3.jar:/home/user/.m2/repository/net/jcip/jcip-annotations/1.0/jcip-annotations-1.0.jar:/home/user/.m2/repository/org/dom4j/dom4j/2.1.1/dom4j-2.1.1.jar:/home/user/.m2/repository/jaxen/jaxen/1.1.6/jaxen-1.1.6.jar:/home/user/.m2/repository/commons-lang/commons-lang/2.6/commons-lang-2.6.jar:/home/user/.m2/repository/com/github/spotbugs/spotbugs-annotations/3.1.12/spotbugs-annotations-3.1.12.jar:/home/user/.m2/repository/junit/junit/4.11/junit-4.11.jar:/home/user/.m2/repository/org/hamcrest/hamcrest-core/1.3/hamcrest-core-1.3.jar:/home/user/.m2/repository/org/apache/hadoop/hadoop-common/3.2.0/hadoop-common-3.2.0-tests.jar:/workdir/hadoop-ozone/integration-test/target/test-classes:/home/user/.m2/repository/org/apache/hadoop/hadoop-ozone-s3gateway/0.5.0-SNAPSHOT/hadoop-ozone-s3gateway-0.5.0-SNAPSHOT.jar:/home/user/.m2/repository/org/jboss/weld/servlet/weld-servlet/2.4.7.Final/weld-servlet-2.4.7.Final.jar:/home/user/.m2/repository/org/glassfish/jersey/containers/jersey-container-servlet-core/2.27/jersey-container-servlet-core-2.27.jar:/home/user/.m2/repository/org/glassfish/hk2/external/javax.inject/2.5.0-b42/javax.inject-2.5.0-b42.jar:/home/user/.m2/repository/org/glassfish/jersey/core/jersey-common/2.27/jersey-common-2.27.jar:/home/user/.m2/repository/org/glassfish/hk2/osgi-resource-locator/1.0.1/osgi-resource-locator-1.0.1.jar:/home/user/.m2/repository/javax/ws/rs/javax.ws.rs-api/2.1/javax.ws.rs-api-2.1.jar:/home/user/.m2/repository/org/glassfish/jersey/ext/cdi/jersey-cdi1x/2.27/jersey-cdi1x-2.27.jar:/home/user/.m2/repository/org/glassfish/jersey/inject/jersey-hk2/2.27/jersey-hk2-2.27.jar:/home/user/.m2/repository/org/glassfish/hk2/hk2-locator/2.5.0-b42/hk2-locator-2.5.0-b42.jar:/home/user/.m2/repository/org/javassist/javassist/3.22.0-CR2/javassist-3.22.0-CR2.jar:/home/user/.m2/repository/org/glassfish/hk2/hk2-api/2.5.0/hk2-api-2.5.0.jar:/home/user/.m2/repository/org/glassfish/hk2/external/jakarta.inject/2.5.0/jakarta.inject-2.5.0.jar:/home/user/.m2/repository/org/glassfish/hk2/hk2-utils/2.5.0/hk2-utils-2.5.0.jar:/home/user/.m2/repository/jakarta/annotation/jakarta.annotation-api/1.3.4/jakarta.annotation-api-1.3.4.jar:/home/user/.m2/repository/org/glassfish/hk2/external/aopalliance-repackaged/2.5.0/aopalliance-repackaged-2.5.0.jar:/home/user/.m2/repository/com/fasterxml/jackson/dataformat/jackson-dataformat-xml/2.9.0/jackson-dataformat-xml-2.9.0.jar:/home/user/.m2/repository/com/fasterxml/jackson/module/jackson-module-jaxb-annotations/2.9.9/jackson-module-jaxb-annotations-2.9.9.jar:/home/user/.m2/repository/javax/enterprise/cdi-api/1.2/cdi-api-1.2.jar:/home/user/.m2/repository/javax/el/javax.el-api/3.0.0/javax.el-api-3.0.0.jar:/home/user/.m2/repository/javax/interceptor/javax.interceptor-api/1.2/javax.interceptor-api-1.2.jar:/home/user/.m2/repository/javax/inject/javax.inject/1/javax.inject-1.jar:/home/user/.m2/repository/org/apache/hadoop/hadoop-ozone-csi/0.5.0-SNAPSHOT/hadoop-ozone-csi-0.5.0-SNAPSHOT.jar:/home/user/.m2/repository/com/google/protobuf/protobuf-java-util/3.5.1/protobuf-java-util-3.5.1.jar:/home/user/.m2/repository/io/grpc/grpc-netty/1.17.1/grpc-netty-1.17.1.jar:/home/user/.m2/repository/io/grpc/grpc-core/1.17.1/grpc-core-1.17.1.jar:/home/user/.m2/repository/io/grpc/grpc-context/1.17.1/grpc-context-1.17.1.jar:/home/user/.m2/repository/com/google/errorprone/error_prone_annotations/2.2.0/error_prone_annotations-2.2.0.jar:/home/user/.m2/repository/org/codehaus/mojo/animal-sniffer-annotations/1.17/animal-sniffer-annotations-1.17.jar:/home/user/.m2/repository/io/opencensus/opencensus-api/0.17.0/opencensus-api-0.17.0.jar:/home/user/.m2/repository/io/opencensus/opencensus-contrib-grpc-metrics/0.17.0/opencensus-contrib-grpc-metrics-0.17.0.jar:/home/user/.m2/repository/io/netty/netty-codec-http2/4.1.30.Final/netty-codec-http2-4.1.30.Final.jar:/home/user/.m2/repository/io/netty/netty-codec-http/4.1.30.Final/netty-codec-http-4.1.30.Final.jar:/home/user/.m2/repository/io/netty/netty-codec/4.1.30.Final/netty-codec-4.1.30.Final.jar:/home/user/.m2/repository/io/netty/netty-handler/4.1.30.Final/netty-handler-4.1.30.Final.jar:/home/user/.m2/repository/io/netty/netty-handler-proxy/4.1.30.Final/netty-handler-proxy-4.1.30.Final.jar:/home/user/.m2/repository/io/netty/netty-codec-socks/4.1.30.Final/netty-codec-socks-4.1.30.Final.jar:/home/user/.m2/repository/io/netty/netty-transport-native-epoll/4.1.30.Final/netty-transport-native-epoll-4.1.30.Final.jar:/home/user/.m2/repository/io/netty/netty-common/4.1.30.Final/netty-common-4.1.30.Final.jar:/home/user/.m2/repository/io/netty/netty-buffer/4.1.30.Final/netty-buffer-4.1.30.Final.jar:/home/user/.m2/repository/io/netty/netty-transport/4.1.30.Final/netty-transport-4.1.30.Final.jar:/home/user/.m2/repository/io/netty/netty-resolver/4.1.30.Final/netty-resolver-4.1.30.Final.jar:/home/user/.m2/repository/io/netty/netty-transport-native-unix-common/4.1.30.Final/netty-transport-native-unix-common-4.1.30.Final.jar:/home/user/.m2/repository/io/grpc/grpc-protobuf/1.17.1/grpc-protobuf-1.17.1.jar:/home/user/.m2/repository/com/google/api/grpc/proto-google-common-protos/1.0.0/proto-google-common-protos-1.0.0.jar:/home/user/.m2/repository/io/grpc/grpc-protobuf-lite/1.17.1/grpc-protobuf-lite-1.17.1.jar:/home/user/.m2/repository/io/grpc/grpc-stub/1.17.1/grpc-stub-1.17.1.jar:/home/user/.m2/repository/org/apache/hadoop/hadoop-ozone-recon/0.5.0-SNAPSHOT/hadoop-ozone-recon-0.5.0-SNAPSHOT.jar:/home/user/.m2/repository/org/apache/hadoop/hadoop-ozone-reconcodegen/0.5.0-SNAPSHOT/hadoop-ozone-reconcodegen-0.5.0-SNAPSHOT.jar:/home/user/.m2/repository/com/google/inject/extensions/guice-multibindings/4.0/guice-multibindings-4.0.jar:/home/user/.m2/repository/com/google/inject/guice/4.0/guice-4.0.jar:/home/user/.m2/repository/aopalliance/aopalliance/1.0/aopalliance-1.0.jar:/home/user/.m2/repository/com/google/inject/extensions/guice-servlet/4.0/guice-servlet-4.0.jar:/home/user/.m2/repository/org/glassfish/jersey/containers/jersey-container-servlet/2.27/jersey-container-servlet-2.27.jar:/home/user/.m2/repository/org/glassfish/hk2/guice-bridge/2.5.0/guice-bridge-2.5.0.jar:/home/user/.m2/repository/org/glassfish/jersey/core/jersey-server/2.27/jersey-server-2.27.jar:/home/user/.m2/repository/org/glassfish/jersey/core/jersey-client/2.27/jersey-client-2.27.jar:/home/user/.m2/repository/org/glassfish/jersey/media/jersey-media-jaxb/2.27/jersey-media-jaxb-2.27.jar:/home/user/.m2/repository/javax/validation/validation-api/1.1.0.Final/validation-api-1.1.0.Final.jar:/home/user/.m2/repository/org/glassfish/jersey/media/jersey-media-json-jackson/2.27/jersey-media-json-jackson-2.27.jar:/home/user/.m2/repository/org/glassfish/jersey/ext/jersey-entity-filtering/2.27/jersey-entity-filtering-2.27.jar:/home/user/.m2/repository/com/google/inject/extensions/guice-assistedinject/4.0/guice-assistedinject-4.0.jar:/home/user/.m2/repository/org/jooq/jooq/3.11.10/jooq-3.11.10.jar:/home/user/.m2/repository/org/jooq/jooq-meta/3.11.10/jooq-meta-3.11.10.jar:/home/user/.m2/repository/org/jooq/jooq-codegen/3.11.10/jooq-codegen-3.11.10.jar:/home/user/.m2/repository/com/jolbox/bonecp/0.8.0.RELEASE/bonecp-0.8.0.RELEASE.jar:/home/user/.m2/repository/org/springframework/spring-jdbc/5.1.3.RELEASE/spring-jdbc-5.1.3.RELEASE.jar:/home/user/.m2/repository/org/springframework/spring-beans/5.1.3.RELEASE/spring-beans-5.1.3.RELEASE.jar:/home/user/.m2/repository/org/springframework/spring-core/5.1.3.RELEASE/spring-core-5.1.3.RELEASE.jar:/home/user/.m2/repository/org/springframework/spring-jcl/5.1.3.RELEASE/spring-jcl-5.1.3.RELEASE.jar:/home/user/.m2/repository/org/springframework/spring-tx/5.1.3.RELEASE/spring-tx-5.1.3.RELEASE.jar:/home/user/.m2/repository/org/mockito/mockito-core/2.15.0/mockito-core-2.15.0.jar:/home/user/.m2/repository/net/bytebuddy/byte-buddy/1.7.9/byte-buddy-1.7.9.jar:/home/user/.m2/repository/net/bytebuddy/byte-buddy-agent/1.7.9/byte-buddy-agent-1.7.9.jar:/home/user/.m2/repository/org/objenesis/objenesis/1.0/objenesis-1.0.jar:"/>
    <property name="java.vm.vendor" value="Oracle Corporation"/>
    <property name="sun.arch.data.model" value="64"/>
    <property name="test.build.dir" value="/workdir/hadoop-ozone/tools/target/test-dir"/>
    <property name="test.cache.data" value=""/>
    <property name="java.vendor.url" value="http://java.oracle.com/"/>
    <property name="user.timezone" value=""/>
    <property name="java.vm.specification.version" value="1.8"/>
    <property name="os.name" value="Linux"/>
    <property name="test.build.data" value="/workdir/hadoop-ozone/tools/target/test-dir"/>
    <property name="user.country" value="US"/>
    <property name="sun.java.launcher" value="SUN_STANDARD"/>
    <property name="sun.boot.library.path" value="/usr/lib/jvm/java-1.8.0-openjdk-1.8.0.222.b10-1.el7_7.x86_64/jre/lib/amd64"/>
    <property name="sun.java.command" value="/workdir/hadoop-ozone/tools/target/surefire/surefirebooter142428130203548435.jar /workdir/hadoop-ozone/tools/target/surefire 2019-11-13T03-14-37_309-jvmRun1 surefire235365307128377445tmp surefire_991235742579188855304tmp"/>
    <property name="surefire.test.class.path" value="/workdir/hadoop-ozone/tools/target/test-classes:/workdir/hadoop-ozone/tools/target/classes:/home/user/.m2/repository/org/apache/hadoop/hadoop-ozone-ozone-manager/0.5.0-SNAPSHOT/hadoop-ozone-ozone-manager-0.5.0-SNAPSHOT.jar:/home/user/.m2/repository/org/apache/hadoop/hadoop-hdds-docs/0.5.0-SNAPSHOT/hadoop-hdds-docs-0.5.0-SNAPSHOT.jar:/home/user/.m2/repository/org/bouncycastle/bcprov-jdk15on/1.60/bcprov-jdk15on-1.60.jar:/home/user/.m2/repository/org/apache/hadoop/hadoop-ozone-common/0.5.0-SNAPSHOT/hadoop-ozone-common-0.5.0-SNAPSHOT.jar:/home/user/.m2/repository/org/apache/commons/commons-compress/1.4.1/commons-compress-1.4.1.jar:/home/user/.m2/repository/org/tukaani/xz/1.0/xz-1.0.jar:/home/user/.m2/repository/org/apache/hadoop/hadoop-hdfs-client/3.2.0/hadoop-hdfs-client-3.2.0.jar:/home/user/.m2/repository/com/fasterxml/jackson/core/jackson-annotations/2.9.9/jackson-annotations-2.9.9.jar:/home/user/.m2/repository/org/apache/hadoop/hadoop-hdds-common/0.5.0-SNAPSHOT/hadoop-hdds-common-0.5.0-SNAPSHOT.jar:/home/user/.m2/repository/org/apache/hadoop/hadoop-hdds-config/0.5.0-SNAPSHOT/hadoop-hdds-config-0.5.0-SNAPSHOT.jar:/home/user/.m2/repository/javax/annotation/javax.annotation-api/1.2/javax.annotation-api-1.2.jar:/home/user/.m2/repository/org/apache/ratis/ratis-server/0.5.0-d6d58d0-SNAPSHOT/ratis-server-0.5.0-d6d58d0-SNAPSHOT.jar:/home/user/.m2/repository/org/apache/ratis/ratis-thirdparty-misc/0.2.0/ratis-thirdparty-misc-0.2.0.jar:/home/user/.m2/repository/org/apache/ratis/ratis-proto/0.5.0-d6d58d0-SNAPSHOT/ratis-proto-0.5.0-d6d58d0-SNAPSHOT.jar:/home/user/.m2/repository/org/apache/ratis/ratis-common/0.5.0-d6d58d0-SNAPSHOT/ratis-common-0.5.0-d6d58d0-SNAPSHOT.jar:/home/user/.m2/repository/org/apache/ratis/ratis-client/0.5.0-d6d58d0-SNAPSHOT/ratis-client-0.5.0-d6d58d0-SNAPSHOT.jar:/home/user/.m2/repository/org/apache/ratis/ratis-metrics/0.5.0-d6d58d0-SNAPSHOT/ratis-metrics-0.5.0-d6d58d0-SNAPSHOT.jar:/home/user/.m2/repository/org/apache/ratis/ratis-netty/0.5.0-d6d58d0-SNAPSHOT/ratis-netty-0.5.0-d6d58d0-SNAPSHOT.jar:/home/user/.m2/repository/org/apache/ratis/ratis-grpc/0.5.0-d6d58d0-SNAPSHOT/ratis-grpc-0.5.0-d6d58d0-SNAPSHOT.jar:/home/user/.m2/repository/org/rocksdb/rocksdbjni/6.0.1/rocksdbjni-6.0.1.jar:/home/user/.m2/repository/org/apache/logging/log4j/log4j-api/2.11.0/log4j-api-2.11.0.jar:/home/user/.m2/repository/org/apache/logging/log4j/log4j-core/2.11.0/log4j-core-2.11.0.jar:/home/user/.m2/repository/com/lmax/disruptor/3.4.2/disruptor-3.4.2.jar:/home/user/.m2/repository/org/apache/commons/commons-pool2/2.6.0/commons-pool2-2.6.0.jar:/home/user/.m2/repository/org/bouncycastle/bcpkix-jdk15on/1.60/bcpkix-jdk15on-1.60.jar:/home/user/.m2/repository/commons-validator/commons-validator/1.6/commons-validator-1.6.jar:/home/user/.m2/repository/commons-digester/commons-digester/1.8.1/commons-digester-1.8.1.jar:/home/user/.m2/repository/io/jaegertracing/jaeger-client/0.34.0/jaeger-client-0.34.0.jar:/home/user/.m2/repository/io/jaegertracing/jaeger-thrift/0.34.0/jaeger-thrift-0.34.0.jar:/home/user/.m2/repository/org/apache/thrift/libthrift/0.12.0/libthrift-0.12.0.jar:/home/user/.m2/repository/com/squareup/okhttp3/okhttp/3.9.0/okhttp-3.9.0.jar:/home/user/.m2/repository/com/squareup/okio/okio/1.13.0/okio-1.13.0.jar:/home/user/.m2/repository/io/jaegertracing/jaeger-core/0.34.0/jaeger-core-0.34.0.jar:/home/user/.m2/repository/io/jaegertracing/jaeger-tracerresolver/0.34.0/jaeger-tracerresolver-0.34.0.jar:/home/user/.m2/repository/io/opentracing/contrib/opentracing-tracerresolver/0.1.5/opentracing-tracerresolver-0.1.5.jar:/home/user/.m2/repository/io/opentracing/opentracing-util/0.31.0/opentracing-util-0.31.0.jar:/home/user/.m2/repository/io/opentracing/opentracing-api/0.31.0/opentracing-api-0.31.0.jar:/home/user/.m2/repository/io/opentracing/opentracing-noop/0.31.0/opentracing-noop-0.31.0.jar:/home/user/.m2/repository/org/yaml/snakeyaml/1.16/snakeyaml-1.16.jar:/home/user/.m2/repository/org/apache/hadoop/hadoop-hdds-container-service/0.5.0-SNAPSHOT/hadoop-hdds-container-service-0.5.0-SNAPSHOT.jar:/home/user/.m2/repository/org/apache/hadoop/hadoop-hdds-client/0.5.0-SNAPSHOT/hadoop-hdds-client-0.5.0-SNAPSHOT.jar:/home/user/.m2/repository/org/apache/hadoop/hadoop-hdds-tools/0.5.0-SNAPSHOT/hadoop-hdds-tools-0.5.0-SNAPSHOT.jar:/home/user/.m2/repository/org/xerial/sqlite-jdbc/3.25.2/sqlite-jdbc-3.25.2.jar:/home/user/.m2/repository/org/apache/hadoop/hadoop-hdds-server-scm/0.5.0-SNAPSHOT/hadoop-hdds-server-scm-0.5.0-SNAPSHOT.jar:/home/user/.m2/repository/org/hamcrest/hamcrest-all/1.3/hamcrest-all-1.3.jar:/home/user/.m2/repository/info/picocli/picocli/3.9.6/picocli-3.9.6.jar:/home/user/.m2/repository/com/google/protobuf/protobuf-java/2.5.0/protobuf-java-2.5.0.jar:/home/user/.m2/repository/com/google/guava/guava/11.0.2/guava-11.0.2.jar:/home/user/.m2/repository/org/apache/hadoop/hadoop-ozone-client/0.5.0-SNAPSHOT/hadoop-ozone-client-0.5.0-SNAPSHOT.jar:/workdir/hadoop-ozone/ozonefs/target/classes:/home/user/.m2/repository/org/apache/httpcomponents/httpclient/4.5.2/httpclient-4.5.2.jar:/home/user/.m2/repository/org/apache/httpcomponents/httpcore/4.4.4/httpcore-4.4.4.jar:/home/user/.m2/repository/org/apache/hadoop/hadoop-hdds-server-framework/0.5.0-SNAPSHOT/hadoop-hdds-server-framework-0.5.0-SNAPSHOT.jar:/home/user/.m2/repository/org/apache/hadoop/hadoop-common/3.2.0/hadoop-common-3.2.0.jar:/home/user/.m2/repository/org/apache/hadoop/hadoop-annotations/3.2.0/hadoop-annotations-3.2.0.jar:/usr/lib/jvm/java-1.8.0-openjdk-1.8.0.222.b10-1.el7_7.x86_64/jre/../lib/tools.jar:/home/user/.m2/repository/commons-cli/commons-cli/1.2/commons-cli-1.2.jar:/home/user/.m2/repository/org/apache/commons/commons-math3/3.1.1/commons-math3-3.1.1.jar:/home/user/.m2/repository/commons-codec/commons-codec/1.11/commons-codec-1.11.jar:/home/user/.m2/repository/commons-io/commons-io/2.5/commons-io-2.5.jar:/home/user/.m2/repository/commons-net/commons-net/3.6/commons-net-3.6.jar:/home/user/.m2/repository/commons-collections/commons-collections/3.2.2/commons-collections-3.2.2.jar:/home/user/.m2/repository/javax/servlet/javax.servlet-api/3.1.0/javax.servlet-api-3.1.0.jar:/home/user/.m2/repository/org/eclipse/jetty/jetty-server/9.3.25.v20180904/jetty-server-9.3.25.v20180904.jar:/home/user/.m2/repository/org/eclipse/jetty/jetty-http/9.3.25.v20180904/jetty-http-9.3.25.v20180904.jar:/home/user/.m2/repository/org/eclipse/jetty/jetty-io/9.3.25.v20180904/jetty-io-9.3.25.v20180904.jar:/home/user/.m2/repository/org/eclipse/jetty/jetty-util/9.3.25.v20180904/jetty-util-9.3.25.v20180904.jar:/home/user/.m2/repository/org/eclipse/jetty/jetty-servlet/9.3.25.v20180904/jetty-servlet-9.3.25.v20180904.jar:/home/user/.m2/repository/org/eclipse/jetty/jetty-security/9.3.25.v20180904/jetty-security-9.3.25.v20180904.jar:/home/user/.m2/repository/org/eclipse/jetty/jetty-webapp/9.3.25.v20180904/jetty-webapp-9.3.25.v20180904.jar:/home/user/.m2/repository/org/eclipse/jetty/jetty-xml/9.3.25.v20180904/jetty-xml-9.3.25.v20180904.jar:/home/user/.m2/repository/javax/servlet/jsp/jsp-api/2.1/jsp-api-2.1.jar:/home/user/.m2/repository/com/sun/jersey/jersey-core/1.19/jersey-core-1.19.jar:/home/user/.m2/repository/javax/ws/rs/jsr311-api/1.1.1/jsr311-api-1.1.1.jar:/home/user/.m2/repository/com/sun/jersey/jersey-servlet/1.19/jersey-servlet-1.19.jar:/home/user/.m2/repository/com/sun/jersey/jersey-json/1.19/jersey-json-1.19.jar:/home/user/.m2/repository/org/codehaus/jettison/jettison/1.1/jettison-1.1.jar:/home/user/.m2/repository/com/sun/xml/bind/jaxb-impl/2.3.0.1/jaxb-impl-2.3.0.1.jar:/home/user/.m2/repository/org/codehaus/jackson/jackson-core-asl/1.9.13/jackson-core-asl-1.9.13.jar:/home/user/.m2/repository/org/codehaus/jackson/jackson-mapper-asl/1.9.13/jackson-mapper-asl-1.9.13.jar:/home/user/.m2/repository/org/codehaus/jackson/jackson-jaxrs/1.9.13/jackson-jaxrs-1.9.13.jar:/home/user/.m2/repository/org/codehaus/jackson/jackson-xc/1.9.13/jackson-xc-1.9.13.jar:/home/user/.m2/repository/com/sun/jersey/jersey-server/1.19/jersey-server-1.19.jar:/home/user/.m2/repository/commons-logging/commons-logging/1.1.3/commons-logging-1.1.3.jar:/home/user/.m2/repository/log4j/log4j/1.2.17/log4j-1.2.17.jar:/home/user/.m2/repository/commons-beanutils/commons-beanutils/1.9.4/commons-beanutils-1.9.4.jar:/home/user/.m2/repository/org/apache/commons/commons-configuration2/2.1.1/commons-configuration2-2.1.1.jar:/home/user/.m2/repository/org/apache/commons/commons-lang3/3.7/commons-lang3-3.7.jar:/home/user/.m2/repository/org/apache/commons/commons-text/1.4/commons-text-1.4.jar:/home/user/.m2/repository/org/slf4j/slf4j-api/1.7.25/slf4j-api-1.7.25.jar:/home/user/.m2/repository/org/slf4j/slf4j-log4j12/1.7.25/slf4j-log4j12-1.7.25.jar:/home/user/.m2/repository/org/apache/avro/avro/1.7.7/avro-1.7.7.jar:/home/user/.m2/repository/com/thoughtworks/paranamer/paranamer/2.3/paranamer-2.3.jar:/home/user/.m2/repository/org/xerial/snappy/snappy-java/1.0.5/snappy-java-1.0.5.jar:/home/user/.m2/repository/com/google/re2j/re2j/1.1/re2j-1.1.jar:/home/user/.m2/repository/com/google/code/gson/gson/2.2.4/gson-2.2.4.jar:/home/user/.m2/repository/org/apache/hadoop/hadoop-auth/3.2.0/hadoop-auth-3.2.0.jar:/home/user/.m2/repository/com/nimbusds/nimbus-jose-jwt/4.41.1/nimbus-jose-jwt-4.41.1.jar:/home/user/.m2/repository/com/github/stephenc/jcip/jcip-annotations/1.0-1/jcip-annotations-1.0-1.jar:/home/user/.m2/repository/net/minidev/json-smart/2.3/json-smart-2.3.jar:/home/user/.m2/repository/net/minidev/accessors-smart/1.2/accessors-smart-1.2.jar:/home/user/.m2/repository/org/apache/curator/curator-framework/2.12.0/curator-framework-2.12.0.jar:/home/user/.m2/repository/com/jcraft/jsch/0.1.54/jsch-0.1.54.jar:/home/user/.m2/repository/org/apache/curator/curator-client/2.12.0/curator-client-2.12.0.jar:/home/user/.m2/repository/org/apache/curator/curator-recipes/2.12.0/curator-recipes-2.12.0.jar:/home/user/.m2/repository/com/google/code/findbugs/jsr305/3.0.0/jsr305-3.0.0.jar:/home/user/.m2/repository/org/apache/htrace/htrace-core4/4.1.0-incubating/htrace-core4-4.1.0-incubating.jar:/home/user/.m2/repository/org/apache/zookeeper/zookeeper/3.4.13/zookeeper-3.4.13.jar:/home/user/.m2/repository/jline/jline/0.9.94/jline-0.9.94.jar:/home/user/.m2/repository/org/apache/yetus/audience-annotations/0.5.0/audience-annotations-0.5.0.jar:/home/user/.m2/repository/org/apache/kerby/kerb-simplekdc/1.0.1/kerb-simplekdc-1.0.1.jar:/home/user/.m2/repository/org/apache/kerby/kerb-client/1.0.1/kerb-client-1.0.1.jar:/home/user/.m2/repository/org/apache/kerby/kerby-config/1.0.1/kerby-config-1.0.1.jar:/home/user/.m2/repository/org/apache/kerby/kerb-core/1.0.1/kerb-core-1.0.1.jar:/home/user/.m2/repository/org/apache/kerby/kerby-pkix/1.0.1/kerby-pkix-1.0.1.jar:/home/user/.m2/repository/org/apache/kerby/kerby-asn1/1.0.1/kerby-asn1-1.0.1.jar:/home/user/.m2/repository/org/apache/kerby/kerby-util/1.0.1/kerby-util-1.0.1.jar:/home/user/.m2/repository/org/apache/kerby/kerb-common/1.0.1/kerb-common-1.0.1.jar:/home/user/.m2/repository/org/apache/kerby/kerb-crypto/1.0.1/kerb-crypto-1.0.1.jar:/home/user/.m2/repository/org/apache/kerby/kerb-util/1.0.1/kerb-util-1.0.1.jar:/home/user/.m2/repository/org/apache/kerby/token-provider/1.0.1/token-provider-1.0.1.jar:/home/user/.m2/repository/org/apache/kerby/kerb-admin/1.0.1/kerb-admin-1.0.1.jar:/home/user/.m2/repository/org/apache/kerby/kerb-server/1.0.1/kerb-server-1.0.1.jar:/home/user/.m2/repository/org/apache/kerby/kerb-identity/1.0.1/kerb-identity-1.0.1.jar:/home/user/.m2/repository/org/apache/kerby/kerby-xdr/1.0.1/kerby-xdr-1.0.1.jar:/home/user/.m2/repository/com/fasterxml/jackson/core/jackson-databind/2.9.9/jackson-databind-2.9.9.jar:/home/user/.m2/repository/com/fasterxml/jackson/core/jackson-core/2.9.9/jackson-core-2.9.9.jar:/home/user/.m2/repository/org/codehaus/woodstox/stax2-api/3.1.4/stax2-api-3.1.4.jar:/home/user/.m2/repository/com/fasterxml/woodstox/woodstox-core/5.0.3/woodstox-core-5.0.3.jar:/home/user/.m2/repository/dnsjava/dnsjava/2.1.7/dnsjava-2.1.7.jar:/home/user/.m2/repository/org/apache/hadoop/hadoop-hdfs/3.2.0/hadoop-hdfs-3.2.0.jar:/home/user/.m2/repository/org/eclipse/jetty/jetty-util-ajax/9.3.25.v20180904/jetty-util-ajax-9.3.25.v20180904.jar:/home/user/.m2/repository/commons-daemon/commons-daemon/1.0.13/commons-daemon-1.0.13.jar:/home/user/.m2/repository/io/netty/netty/3.10.5.Final/netty-3.10.5.Final.jar:/home/user/.m2/repository/io/netty/netty-all/4.0.52.Final/netty-all-4.0.52.Final.jar:/home/user/.m2/repository/org/fusesource/leveldbjni/leveldbjni-all/1.8/leveldbjni-all-1.8.jar:/home/user/.m2/repository/com/sun/xml/bind/jaxb-core/2.3.0.1/jaxb-core-2.3.0.1.jar:/home/user/.m2/repository/javax/xml/bind/jaxb-api/2.3.0/jaxb-api-2.3.0.jar:/home/user/.m2/repository/javax/activation/activation/1.1.1/activation-1.1.1.jar:/home/user/.m2/repository/org/openjdk/jmh/jmh-core/1.19/jmh-core-1.19.jar:/home/user/.m2/repository/net/sf/jopt-simple/jopt-simple/4.6/jopt-simple-4.6.jar:/home/user/.m2/repository/org/openjdk/jmh/jmh-generator-annprocess/1.19/jmh-generator-annprocess-1.19.jar:/home/user/.m2/repository/io/dropwizard/metrics/metrics-core/3.2.4/metrics-core-3.2.4.jar:/home/user/.m2/repository/com/amazonaws/aws-java-sdk-s3/1.11.615/aws-java-sdk-s3-1.11.615.jar:/home/user/.m2/repository/com/amazonaws/aws-java-sdk-kms/1.11.615/aws-java-sdk-kms-1.11.615.jar:/home/user/.m2/repository/com/amazonaws/aws-java-sdk-core/1.11.615/aws-java-sdk-core-1.11.615.jar:/home/user/.m2/repository/software/amazon/ion/ion-java/1.0.2/ion-java-1.0.2.jar:/home/user/.m2/repository/com/fasterxml/jackson/dataformat/jackson-dataformat-cbor/2.9.9/jackson-dataformat-cbor-2.9.9.jar:/home/user/.m2/repository/joda-time/joda-time/2.9.9/joda-time-2.9.9.jar:/home/user/.m2/repository/com/amazonaws/jmespath-java/1.11.615/jmespath-java-1.11.615.jar:/home/user/.m2/repository/com/github/spotbugs/spotbugs/3.1.12/spotbugs-3.1.12.jar:/home/user/.m2/repository/org/ow2/asm/asm/5.0.4/asm-5.0.4.jar:/home/user/.m2/repository/org/ow2/asm/asm-analysis/7.0/asm-analysis-7.0.jar:/home/user/.m2/repository/org/ow2/asm/asm-commons/7.0/asm-commons-7.0.jar:/home/user/.m2/repository/org/ow2/asm/asm-tree/7.0/asm-tree-7.0.jar:/home/user/.m2/repository/org/ow2/asm/asm-util/7.0/asm-util-7.0.jar:/home/user/.m2/repository/org/apache/bcel/bcel/6.3/bcel-6.3.jar:/home/user/.m2/repository/net/jcip/jcip-annotations/1.0/jcip-annotations-1.0.jar:/home/user/.m2/repository/org/dom4j/dom4j/2.1.1/dom4j-2.1.1.jar:/home/user/.m2/repository/jaxen/jaxen/1.1.6/jaxen-1.1.6.jar:/home/user/.m2/repository/commons-lang/commons-lang/2.6/commons-lang-2.6.jar:/home/user/.m2/repository/com/github/spotbugs/spotbugs-annotations/3.1.12/spotbugs-annotations-3.1.12.jar:/home/user/.m2/repository/junit/junit/4.11/junit-4.11.jar:/home/user/.m2/repository/org/hamcrest/hamcrest-core/1.3/hamcrest-core-1.3.jar:/home/user/.m2/repository/org/apache/hadoop/hadoop-common/3.2.0/hadoop-common-3.2.0-tests.jar:/workdir/hadoop-ozone/integration-test/target/test-classes:/home/user/.m2/repository/org/apache/hadoop/hadoop-ozone-s3gateway/0.5.0-SNAPSHOT/hadoop-ozone-s3gateway-0.5.0-SNAPSHOT.jar:/home/user/.m2/repository/org/jboss/weld/servlet/weld-servlet/2.4.7.Final/weld-servlet-2.4.7.Final.jar:/home/user/.m2/repository/org/glassfish/jersey/containers/jersey-container-servlet-core/2.27/jersey-container-servlet-core-2.27.jar:/home/user/.m2/repository/org/glassfish/hk2/external/javax.inject/2.5.0-b42/javax.inject-2.5.0-b42.jar:/home/user/.m2/repository/org/glassfish/jersey/core/jersey-common/2.27/jersey-common-2.27.jar:/home/user/.m2/repository/org/glassfish/hk2/osgi-resource-locator/1.0.1/osgi-resource-locator-1.0.1.jar:/home/user/.m2/repository/javax/ws/rs/javax.ws.rs-api/2.1/javax.ws.rs-api-2.1.jar:/home/user/.m2/repository/org/glassfish/jersey/ext/cdi/jersey-cdi1x/2.27/jersey-cdi1x-2.27.jar:/home/user/.m2/repository/org/glassfish/jersey/inject/jersey-hk2/2.27/jersey-hk2-2.27.jar:/home/user/.m2/repository/org/glassfish/hk2/hk2-locator/2.5.0-b42/hk2-locator-2.5.0-b42.jar:/home/user/.m2/repository/org/javassist/javassist/3.22.0-CR2/javassist-3.22.0-CR2.jar:/home/user/.m2/repository/org/glassfish/hk2/hk2-api/2.5.0/hk2-api-2.5.0.jar:/home/user/.m2/repository/org/glassfish/hk2/external/jakarta.inject/2.5.0/jakarta.inject-2.5.0.jar:/home/user/.m2/repository/org/glassfish/hk2/hk2-utils/2.5.0/hk2-utils-2.5.0.jar:/home/user/.m2/repository/jakarta/annotation/jakarta.annotation-api/1.3.4/jakarta.annotation-api-1.3.4.jar:/home/user/.m2/repository/org/glassfish/hk2/external/aopalliance-repackaged/2.5.0/aopalliance-repackaged-2.5.0.jar:/home/user/.m2/repository/com/fasterxml/jackson/dataformat/jackson-dataformat-xml/2.9.0/jackson-dataformat-xml-2.9.0.jar:/home/user/.m2/repository/com/fasterxml/jackson/module/jackson-module-jaxb-annotations/2.9.9/jackson-module-jaxb-annotations-2.9.9.jar:/home/user/.m2/repository/javax/enterprise/cdi-api/1.2/cdi-api-1.2.jar:/home/user/.m2/repository/javax/el/javax.el-api/3.0.0/javax.el-api-3.0.0.jar:/home/user/.m2/repository/javax/interceptor/javax.interceptor-api/1.2/javax.interceptor-api-1.2.jar:/home/user/.m2/repository/javax/inject/javax.inject/1/javax.inject-1.jar:/home/user/.m2/repository/org/apache/hadoop/hadoop-ozone-csi/0.5.0-SNAPSHOT/hadoop-ozone-csi-0.5.0-SNAPSHOT.jar:/home/user/.m2/repository/com/google/protobuf/protobuf-java-util/3.5.1/protobuf-java-util-3.5.1.jar:/home/user/.m2/repository/io/grpc/grpc-netty/1.17.1/grpc-netty-1.17.1.jar:/home/user/.m2/repository/io/grpc/grpc-core/1.17.1/grpc-core-1.17.1.jar:/home/user/.m2/repository/io/grpc/grpc-context/1.17.1/grpc-context-1.17.1.jar:/home/user/.m2/repository/com/google/errorprone/error_prone_annotations/2.2.0/error_prone_annotations-2.2.0.jar:/home/user/.m2/repository/org/codehaus/mojo/animal-sniffer-annotations/1.17/animal-sniffer-annotations-1.17.jar:/home/user/.m2/repository/io/opencensus/opencensus-api/0.17.0/opencensus-api-0.17.0.jar:/home/user/.m2/repository/io/opencensus/opencensus-contrib-grpc-metrics/0.17.0/opencensus-contrib-grpc-metrics-0.17.0.jar:/home/user/.m2/repository/io/netty/netty-codec-http2/4.1.30.Final/netty-codec-http2-4.1.30.Final.jar:/home/user/.m2/repository/io/netty/netty-codec-http/4.1.30.Final/netty-codec-http-4.1.30.Final.jar:/home/user/.m2/repository/io/netty/netty-codec/4.1.30.Final/netty-codec-4.1.30.Final.jar:/home/user/.m2/repository/io/netty/netty-handler/4.1.30.Final/netty-handler-4.1.30.Final.jar:/home/user/.m2/repository/io/netty/netty-handler-proxy/4.1.30.Final/netty-handler-proxy-4.1.30.Final.jar:/home/user/.m2/repository/io/netty/netty-codec-socks/4.1.30.Final/netty-codec-socks-4.1.30.Final.jar:/home/user/.m2/repository/io/netty/netty-transport-native-epoll/4.1.30.Final/netty-transport-native-epoll-4.1.30.Final.jar:/home/user/.m2/repository/io/netty/netty-common/4.1.30.Final/netty-common-4.1.30.Final.jar:/home/user/.m2/repository/io/netty/netty-buffer/4.1.30.Final/netty-buffer-4.1.30.Final.jar:/home/user/.m2/repository/io/netty/netty-transport/4.1.30.Final/netty-transport-4.1.30.Final.jar:/home/user/.m2/repository/io/netty/netty-resolver/4.1.30.Final/netty-resolver-4.1.30.Final.jar:/home/user/.m2/repository/io/netty/netty-transport-native-unix-common/4.1.30.Final/netty-transport-native-unix-common-4.1.30.Final.jar:/home/user/.m2/repository/io/grpc/grpc-protobuf/1.17.1/grpc-protobuf-1.17.1.jar:/home/user/.m2/repository/com/google/api/grpc/proto-google-common-protos/1.0.0/proto-google-common-protos-1.0.0.jar:/home/user/.m2/repository/io/grpc/grpc-protobuf-lite/1.17.1/grpc-protobuf-lite-1.17.1.jar:/home/user/.m2/repository/io/grpc/grpc-stub/1.17.1/grpc-stub-1.17.1.jar:/home/user/.m2/repository/org/apache/hadoop/hadoop-ozone-recon/0.5.0-SNAPSHOT/hadoop-ozone-recon-0.5.0-SNAPSHOT.jar:/home/user/.m2/repository/org/apache/hadoop/hadoop-ozone-reconcodegen/0.5.0-SNAPSHOT/hadoop-ozone-reconcodegen-0.5.0-SNAPSHOT.jar:/home/user/.m2/repository/com/google/inject/extensions/guice-multibindings/4.0/guice-multibindings-4.0.jar:/home/user/.m2/repository/com/google/inject/guice/4.0/guice-4.0.jar:/home/user/.m2/repository/aopalliance/aopalliance/1.0/aopalliance-1.0.jar:/home/user/.m2/repository/com/google/inject/extensions/guice-servlet/4.0/guice-servlet-4.0.jar:/home/user/.m2/repository/org/glassfish/jersey/containers/jersey-container-servlet/2.27/jersey-container-servlet-2.27.jar:/home/user/.m2/repository/org/glassfish/hk2/guice-bridge/2.5.0/guice-bridge-2.5.0.jar:/home/user/.m2/repository/org/glassfish/jersey/core/jersey-server/2.27/jersey-server-2.27.jar:/home/user/.m2/repository/org/glassfish/jersey/core/jersey-client/2.27/jersey-client-2.27.jar:/home/user/.m2/repository/org/glassfish/jersey/media/jersey-media-jaxb/2.27/jersey-media-jaxb-2.27.jar:/home/user/.m2/repository/javax/validation/validation-api/1.1.0.Final/validation-api-1.1.0.Final.jar:/home/user/.m2/repository/org/glassfish/jersey/media/jersey-media-json-jackson/2.27/jersey-media-json-jackson-2.27.jar:/home/user/.m2/repository/org/glassfish/jersey/ext/jersey-entity-filtering/2.27/jersey-entity-filtering-2.27.jar:/home/user/.m2/repository/com/google/inject/extensions/guice-assistedinject/4.0/guice-assistedinject-4.0.jar:/home/user/.m2/repository/org/jooq/jooq/3.11.10/jooq-3.11.10.jar:/home/user/.m2/repository/org/jooq/jooq-meta/3.11.10/jooq-meta-3.11.10.jar:/home/user/.m2/repository/org/jooq/jooq-codegen/3.11.10/jooq-codegen-3.11.10.jar:/home/user/.m2/repository/com/jolbox/bonecp/0.8.0.RELEASE/bonecp-0.8.0.RELEASE.jar:/home/user/.m2/repository/org/springframework/spring-jdbc/5.1.3.RELEASE/spring-jdbc-5.1.3.RELEASE.jar:/home/user/.m2/repository/org/springframework/spring-beans/5.1.3.RELEASE/spring-beans-5.1.3.RELEASE.jar:/home/user/.m2/repository/org/springframework/spring-core/5.1.3.RELEASE/spring-core-5.1.3.RELEASE.jar:/home/user/.m2/repository/org/springframework/spring-jcl/5.1.3.RELEASE/spring-jcl-5.1.3.RELEASE.jar:/home/user/.m2/repository/org/springframework/spring-tx/5.1.3.RELEASE/spring-tx-5.1.3.RELEASE.jar:/home/user/.m2/repository/org/mockito/mockito-core/2.15.0/mockito-core-2.15.0.jar:/home/user/.m2/repository/net/bytebuddy/byte-buddy/1.7.9/byte-buddy-1.7.9.jar:/home/user/.m2/repository/net/bytebuddy/byte-buddy-agent/1.7.9/byte-buddy-agent-1.7.9.jar:/home/user/.m2/repository/org/objenesis/objenesis/1.0/objenesis-1.0.jar:"/>
    <property name="sun.cpu.endian" value="little"/>
    <property name="user.home" value="/home/user"/>
    <property name="user.language" value="en"/>
    <property name="java.specification.vendor" value="Oracle Corporation"/>
    <property name="java.home" value="/usr/lib/jvm/java-1.8.0-openjdk-1.8.0.222.b10-1.el7_7.x86_64/jre"/>
    <property name="surefire.excludesFile" value="/tools/ozone-bad-unit-tests"/>
    <property name="java.security.krb5.conf" value="/workdir/hadoop-ozone/tools/target/test-classes/krb5.conf"/>
    <property name="basedir" value="/workdir/hadoop-ozone/tools"/>
    <property name="file.separator" value="/"/>
    <property name="line.separator" value="&#10;"/>
    <property name="java.vm.specification.vendor" value="Oracle Corporation"/>
    <property name="java.specification.name" value="Java Platform API Specification"/>
    <property name="java.awt.graphicsenv" value="sun.awt.X11GraphicsEnvironment"/>
    <property name="surefire.real.class.path" value="/workdir/hadoop-ozone/tools/target/surefire/surefirebooter142428130203548435.jar"/>
    <property name="hadoop.log.dir" value="/workdir/hadoop-ozone/tools/target/log"/>
    <property name="sun.boot.class.path" value="/usr/lib/jvm/java-1.8.0-openjdk-1.8.0.222.b10-1.el7_7.x86_64/jre/lib/resources.jar:/usr/lib/jvm/java-1.8.0-openjdk-1.8.0.222.b10-1.el7_7.x86_64/jre/lib/rt.jar:/usr/lib/jvm/java-1.8.0-openjdk-1.8.0.222.b10-1.el7_7.x86_64/jre/lib/sunrsasign.jar:/usr/lib/jvm/java-1.8.0-openjdk-1.8.0.222.b10-1.el7_7.x86_64/jre/lib/jsse.jar:/usr/lib/jvm/java-1.8.0-openjdk-1.8.0.222.b10-1.el7_7.x86_64/jre/lib/jce.jar:/usr/lib/jvm/java-1.8.0-openjdk-1.8.0.222.b10-1.el7_7.x86_64/jre/lib/charsets.jar:/usr/lib/jvm/java-1.8.0-openjdk-1.8.0.222.b10-1.el7_7.x86_64/jre/lib/jfr.jar:/usr/lib/jvm/java-1.8.0-openjdk-1.8.0.222.b10-1.el7_7.x86_64/jre/classes"/>
    <property name="sun.management.compiler" value="HotSpot 64-Bit Tiered Compilers"/>
    <property name="java.runtime.version" value="1.8.0_222-b10"/>
    <property name="java.net.preferIPv4Stack" value="true"/>
    <property name="user.name" value="jenkins1000"/>
    <property name="path.separator" value=":"/>
    <property name="java.security.egd" value="file:///dev/urandom"/>
    <property name="os.version" value="3.10.0-957.12.2.el7.x86_64"/>
    <property name="java.endorsed.dirs" value="/usr/lib/jvm/java-1.8.0-openjdk-1.8.0.222.b10-1.el7_7.x86_64/jre/lib/endorsed"/>
    <property name="java.runtime.name" value="OpenJDK Runtime Environment"/>
    <property name="file.encoding" value="ANSI_X3.4-1968"/>
    <property name="java.vm.name" value="OpenJDK 64-Bit Server VM"/>
    <property name="test.build.webapps" value=""/>
    <property name="localRepository" value="/home/user/.m2/repository"/>
    <property name="java.vendor.url.bug" value="http://bugreport.sun.com/bugreport/"/>
    <property name="java.io.tmpdir" value="/tmp"/>
    <property name="require.test.libhadoop" value=""/>
    <property name="java.version" value="1.8.0_222"/>
    <property name="user.dir" value="/workdir/hadoop-ozone/tools"/>
    <property name="os.arch" value="amd64"/>
    <property name="java.vm.specification.name" value="Java Virtual Machine Specification"/>
    <property name="test.build.classes" value="/workdir/hadoop-ozone/tools/target/test-classes"/>
    <property name="java.awt.printerjob" value="sun.print.PSPrinterJob"/>
    <property name="sun.os.patch.level" value="unknown"/>
    <property name="hadoop.tmp.dir" value="/workdir/hadoop-ozone/tools/target/tmp"/>
    <property name="java.library.path" value="/usr/lib:/workdir/hadoop-ozone/tools/target/native/target/usr/local/lib:/workdir/hadoop-ozone/tools/../../hadoop-common-project/hadoop-common/target/native/target/usr/local/lib:/usr/java/packages/lib/amd64:/usr/lib64:/lib64:/lib:/usr/lib"/>
    <property name="java.vm.info" value="mixed mode"/>
    <property name="java.vendor" value="Oracle Corporation"/>
    <property name="java.vm.version" value="25.222-b10"/>
    <property name="java.ext.dirs" value="/usr/lib/jvm/java-1.8.0-openjdk-1.8.0.222.b10-1.el7_7.x86_64/jre/lib/ext:/usr/java/packages/lib/ext"/>
    <property name="sun.io.unicode.encoding" value="UnicodeLittle"/>
    <property name="java.class.version" value="52.0"/>
  </properties>
  <testcase name="testRestart" classname="org.apache.hadoop.ozone.freon.TestFreonWithPipelineDestroy" time="19.158">
    <error message="INTERNAL_ERROR org.apache.hadoop.ozone.om.exceptions.OMException: Allocated 0 blocks. Requested 5 blocks" type="java.lang.RuntimeException">java.lang.RuntimeException: INTERNAL_ERROR org.apache.hadoop.ozone.om.exceptions.OMException: Allocated 0 blocks. Requested 5 blocks
	at org.apache.hadoop.ozone.freon.RandomKeyGenerator.call(RandomKeyGenerator.java:341)
	at org.apache.hadoop.ozone.freon.TestFreonWithPipelineDestroy.startFreon(TestFreonWithPipelineDestroy.java:87)
	at org.apache.hadoop.ozone.freon.TestFreonWithPipelineDestroy.testRestart(TestFreonWithPipelineDestroy.java:74)
	at sun.reflect.NativeMethodAccessorImpl.invoke0(Native Method)
	at sun.reflect.NativeMethodAccessorImpl.invoke(NativeMethodAccessorImpl.java:62)
	at sun.reflect.DelegatingMethodAccessorImpl.invoke(DelegatingMethodAccessorImpl.java:43)
	at java.lang.reflect.Method.invoke(Method.java:498)
	at org.junit.runners.model.FrameworkMethod$1.runReflectiveCall(FrameworkMethod.java:47)
	at org.junit.internal.runners.model.ReflectiveCallable.run(ReflectiveCallable.java:12)
	at org.junit.runners.model.FrameworkMethod.invokeExplosively(FrameworkMethod.java:44)
	at org.junit.internal.runners.statements.InvokeMethod.evaluate(InvokeMethod.java:17)
	at org.junit.runners.ParentRunner.runLeaf(ParentRunner.java:271)
	at org.junit.runners.BlockJUnit4ClassRunner.runChild(BlockJUnit4ClassRunner.java:70)
	at org.junit.runners.BlockJUnit4ClassRunner.runChild(BlockJUnit4ClassRunner.java:50)
	at org.junit.runners.ParentRunner$3.run(ParentRunner.java:238)
	at org.junit.runners.ParentRunner$1.schedule(ParentRunner.java:63)
	at org.junit.runners.ParentRunner.runChildren(ParentRunner.java:236)
	at org.junit.runners.ParentRunner.access$000(ParentRunner.java:53)
	at org.junit.runners.ParentRunner$2.evaluate(ParentRunner.java:229)
	at org.junit.internal.runners.statements.RunBefores.evaluate(RunBefores.java:26)
	at org.junit.internal.runners.statements.RunAfters.evaluate(RunAfters.java:27)
	at org.junit.runners.ParentRunner.run(ParentRunner.java:309)
	at org.apache.maven.surefire.junit4.JUnit4Provider.execute(JUnit4Provider.java:365)
	at org.apache.maven.surefire.junit4.JUnit4Provider.executeWithRerun(JUnit4Provider.java:273)
	at org.apache.maven.surefire.junit4.JUnit4Provider.executeTestSet(JUnit4Provider.java:238)
	at org.apache.maven.surefire.junit4.JUnit4Provider.invoke(JUnit4Provider.java:159)
	at org.apache.maven.surefire.booter.ForkedBooter.invokeProviderInSameClassLoader(ForkedBooter.java:384)
	at org.apache.maven.surefire.booter.ForkedBooter.runSuitesInProcess(ForkedBooter.java:345)
	at org.apache.maven.surefire.booter.ForkedBooter.execute(ForkedBooter.java:126)
	at org.apache.maven.surefire.booter.ForkedBooter.main(ForkedBooter.java:418)
Caused by: INTERNAL_ERROR org.apache.hadoop.ozone.om.exceptions.OMException: Allocated 0 blocks. Requested 5 blocks
	at org.apache.hadoop.ozone.om.protocolPB.OzoneManagerProtocolClientSideTranslatorPB.handleError(OzoneManagerProtocolClientSideTranslatorPB.java:761)
	at org.apache.hadoop.ozone.om.protocolPB.OzoneManagerProtocolClientSideTranslatorPB.openKey(OzoneManagerProtocolClientSideTranslatorPB.java:752)
	at sun.reflect.NativeMethodAccessorImpl.invoke0(Native Method)
	at sun.reflect.NativeMethodAccessorImpl.invoke(NativeMethodAccessorImpl.java:62)
	at sun.reflect.DelegatingMethodAccessorImpl.invoke(DelegatingMethodAccessorImpl.java:43)
	at java.lang.reflect.Method.invoke(Method.java:498)
	at org.apache.hadoop.hdds.tracing.TraceAllMethod.invoke(TraceAllMethod.java:66)
	at com.sun.proxy.$Proxy37.openKey(Unknown Source)
	at org.apache.hadoop.ozone.client.rpc.RpcClient.createKey(RpcClient.java:634)
	at org.apache.hadoop.ozone.client.OzoneBucket.createKey(OzoneBucket.java:325)
	at org.apache.hadoop.ozone.freon.RandomKeyGenerator.createKey(RandomKeyGenerator.java:697)
	at org.apache.hadoop.ozone.freon.RandomKeyGenerator.access$1100(RandomKeyGenerator.java:88)
	at org.apache.hadoop.ozone.freon.RandomKeyGenerator$ObjectCreator.run(RandomKeyGenerator.java:615)
	at java.util.concurrent.Executors$RunnableAdapter.call(Executors.java:511)
	at java.util.concurrent.FutureTask.run(FutureTask.java:266)
	at java.util.concurrent.ThreadPoolExecutor.runWorker(ThreadPoolExecutor.java:1149)
	at java.util.concurrent.ThreadPoolExecutor$Worker.run(ThreadPoolExecutor.java:624)
	at java.lang.Thread.run(Thread.java:748)
</error>
    <system-out><![CDATA[2019-11-13 05:09:16,577 [main] WARN  server.ServerUtils (ServerUtils.java:getScmDbDir(145)) - ozone.scm.db.dirs is not configured. We recommend adding this setting. Falling back to ozone.metadata.dirs instead.
2019-11-13 05:09:16,758 [main] WARN  server.ServerUtils (ServerUtils.java:getScmDbDir(145)) - ozone.scm.db.dirs is not configured. We recommend adding this setting. Falling back to ozone.metadata.dirs instead.
2019-11-13 05:09:16,762 [main] WARN  server.ServerUtils (ServerUtils.java:getScmDbDir(145)) - ozone.scm.db.dirs is not configured. We recommend adding this setting. Falling back to ozone.metadata.dirs instead.
2019-11-13 05:09:16,791 [main] INFO  util.log (Log.java:initialized(192)) - Logging initialized @957ms
2019-11-13 05:09:16,887 [main] INFO  db.DBStoreBuilder (DBStoreBuilder.java:addTable(127)) - using custom profile for table: deletedBlocks
2019-11-13 05:09:16,887 [main] INFO  db.DBStoreBuilder (DBStoreBuilder.java:processTables(183)) - Using default column profile:DBProfile.DISK for Table:deletedBlocks
2019-11-13 05:09:16,887 [main] INFO  db.DBStoreBuilder (DBStoreBuilder.java:addTable(127)) - using custom profile for table: validCerts
2019-11-13 05:09:16,888 [main] INFO  db.DBStoreBuilder (DBStoreBuilder.java:processTables(183)) - Using default column profile:DBProfile.DISK for Table:validCerts
2019-11-13 05:09:16,888 [main] INFO  db.DBStoreBuilder (DBStoreBuilder.java:addTable(127)) - using custom profile for table: revokedCerts
2019-11-13 05:09:16,888 [main] INFO  db.DBStoreBuilder (DBStoreBuilder.java:processTables(183)) - Using default column profile:DBProfile.DISK for Table:revokedCerts
2019-11-13 05:09:16,900 [main] INFO  db.DBStoreBuilder (DBStoreBuilder.java:addTable(127)) - using custom profile for table: default
2019-11-13 05:09:16,900 [main] INFO  db.DBStoreBuilder (DBStoreBuilder.java:processTables(189)) - Using default column profile:DBProfile.DISK for Table:default
2019-11-13 05:09:16,901 [main] INFO  db.DBStoreBuilder (DBStoreBuilder.java:getDbProfile(220)) - Using default options. DBProfile.DISK
2019-11-13 05:09:17,193 [main] INFO  net.NodeSchemaLoader (NodeSchemaLoader.java:loadSchemaFromFile(125)) - Loading file from sun.misc.CompoundEnumeration@618b19ad
2019-11-13 05:09:17,195 [main] INFO  net.NodeSchemaLoader (NodeSchemaLoader.java:loadSchema(171)) - Loading network topology layer schema file
2019-11-13 05:09:17,256 [main] INFO  node.SCMNodeManager (SCMNodeManager.java:<init>(116)) - Entering startup safe mode.
2019-11-13 05:09:17,326 [main] INFO  algorithms.ContainerPlacementPolicyFactory (ContainerPlacementPolicyFactory.java:getPolicy(57)) - Create container placement policy of type org.apache.hadoop.hdds.scm.container.placement.algorithms.SCMContainerPlacementRandom
2019-11-13 05:09:17,340 [main] WARN  server.ServerUtils (ServerUtils.java:getScmDbDir(145)) - ozone.scm.db.dirs is not configured. We recommend adding this setting. Falling back to ozone.metadata.dirs instead.
2019-11-13 05:09:17,427 [main] INFO  pipeline.SCMPipelineManager (SCMPipelineManager.java:initializePipelineState(132)) - No pipeline exists in current db
2019-11-13 05:09:17,430 [main] WARN  server.ServerUtils (ServerUtils.java:getScmDbDir(145)) - ozone.scm.db.dirs is not configured. We recommend adding this setting. Falling back to ozone.metadata.dirs instead.
2019-11-13 05:09:17,571 [main] WARN  events.EventQueue (EventQueue.java:fireEvent(183)) - No event handler registered for event TypedEvent{payloadType=SafeModeStatus, name='SafeModeStatus'}
2019-11-13 05:09:17,972 [main] INFO  ipc.CallQueueManager (CallQueueManager.java:<init>(84)) - Using callQueue: class java.util.concurrent.LinkedBlockingQueue, queueCapacity: 2000, scheduler: class org.apache.hadoop.ipc.DefaultRpcScheduler, ipcBackoff: false.
2019-11-13 05:09:17,996 [Socket Reader #1 for port 42456] INFO  ipc.Server (Server.java:run(1074)) - Starting Socket Reader #1 for port 42456
2019-11-13 05:09:18,105 [main] INFO  ipc.CallQueueManager (CallQueueManager.java:<init>(84)) - Using callQueue: class java.util.concurrent.LinkedBlockingQueue, queueCapacity: 2000, scheduler: class org.apache.hadoop.ipc.DefaultRpcScheduler, ipcBackoff: false.
2019-11-13 05:09:18,106 [Socket Reader #1 for port 43715] INFO  ipc.Server (Server.java:run(1074)) - Starting Socket Reader #1 for port 43715
2019-11-13 05:09:18,113 [main] INFO  ipc.CallQueueManager (CallQueueManager.java:<init>(84)) - Using callQueue: class java.util.concurrent.LinkedBlockingQueue, queueCapacity: 2000, scheduler: class org.apache.hadoop.ipc.DefaultRpcScheduler, ipcBackoff: false.
2019-11-13 05:09:18,114 [Socket Reader #1 for port 37943] INFO  ipc.Server (Server.java:run(1074)) - Starting Socket Reader #1 for port 37943
2019-11-13 05:09:18,135 [main] INFO  hdfs.DFSUtil (DFSUtil.java:httpServerTemplateForNNAndJN(1641)) - Starting Web-server for scm at: http://0.0.0.0:0
2019-11-13 05:09:18,252 [main] INFO  server.AuthenticationFilter (AuthenticationFilter.java:constructSecretProvider(240)) - Unable to initialize FileSignerSecretProvider, falling back to use random secrets.
2019-11-13 05:09:18,268 [main] WARN  http.HttpRequestLog (HttpRequestLog.java:getRequestLog(97)) - Jetty request log can only be enabled using Log4j
2019-11-13 05:09:18,277 [main] INFO  http.HttpServer2 (HttpServer2.java:addGlobalFilter(975)) - Added global filter 'safety' (class=org.apache.hadoop.http.HttpServer2$QuotingInputFilter)
2019-11-13 05:09:18,280 [main] INFO  http.HttpServer2 (HttpServer2.java:addFilter(948)) - Added filter static_user_filter (class=org.apache.hadoop.http.lib.StaticUserWebFilter$StaticUserFilter) to context scm
2019-11-13 05:09:18,280 [main] INFO  http.HttpServer2 (HttpServer2.java:addFilter(958)) - Added filter static_user_filter (class=org.apache.hadoop.http.lib.StaticUserWebFilter$StaticUserFilter) to context static
2019-11-13 05:09:18,280 [main] INFO  http.HttpServer2 (HttpServer2.java:addFilter(958)) - Added filter static_user_filter (class=org.apache.hadoop.http.lib.StaticUserWebFilter$StaticUserFilter) to context logs
2019-11-13 05:09:18,308 [main] INFO  server.StorageContainerManager (StorageContainerManager.java:start(764)) - StorageContainerLocationProtocol RPC server is listening at /0.0.0.0:37943
2019-11-13 05:09:18,359 [main] WARN  impl.MetricsConfig (MetricsConfig.java:loadFirst(134)) - Cannot locate configuration: tried hadoop-metrics2-storagecontainermanager.properties,hadoop-metrics2.properties
2019-11-13 05:09:18,373 [main] INFO  impl.MetricsSystemImpl (MetricsSystemImpl.java:startTimer(374)) - Scheduled Metric snapshot period at 10 second(s).
2019-11-13 05:09:18,373 [main] INFO  impl.MetricsSystemImpl (MetricsSystemImpl.java:start(191)) - StorageContainerManager metrics system started
2019-11-13 05:09:18,604 [main] INFO  server.SCMClientProtocolServer (SCMClientProtocolServer.java:start(159)) - RPC server for Client  is listening at /0.0.0.0:37943
2019-11-13 05:09:18,604 [IPC Server listener on 37943] INFO  ipc.Server (Server.java:run(1153)) - IPC Server listener on 37943: starting
2019-11-13 05:09:18,604 [IPC Server Responder] INFO  ipc.Server (Server.java:run(1314)) - IPC Server Responder: starting
2019-11-13 05:09:18,607 [main] INFO  server.StorageContainerManager (StorageContainerManager.java:start(774)) - ScmBlockLocationProtocol RPC server is listening at /0.0.0.0:43715
2019-11-13 05:09:18,608 [main] INFO  server.SCMBlockProtocolServer (SCMBlockProtocolServer.java:start(146)) - RPC server for Block Protocol is listening at /0.0.0.0:43715
2019-11-13 05:09:18,608 [IPC Server Responder] INFO  ipc.Server (Server.java:run(1314)) - IPC Server Responder: starting
2019-11-13 05:09:18,608 [IPC Server listener on 43715] INFO  ipc.Server (Server.java:run(1153)) - IPC Server listener on 43715: starting
2019-11-13 05:09:18,611 [main] INFO  server.StorageContainerManager (StorageContainerManager.java:start(778)) - ScmDatanodeProtocl RPC server is listening at /0.0.0.0:42456
2019-11-13 05:09:18,611 [main] INFO  server.SCMDatanodeProtocolServer (SCMDatanodeProtocolServer.java:start(169)) - RPC server for DataNodes is listening at /0.0.0.0:42456
2019-11-13 05:09:18,612 [IPC Server Responder] INFO  ipc.Server (Server.java:run(1314)) - IPC Server Responder: starting
2019-11-13 05:09:18,612 [IPC Server listener on 42456] INFO  ipc.Server (Server.java:run(1153)) - IPC Server listener on 42456: starting
2019-11-13 05:09:18,615 [main] INFO  http.HttpServer2 (HttpServer2.java:bindListener(1191)) - Jetty bound to port 37730
2019-11-13 05:09:18,616 [main] INFO  server.Server (Server.java:doStart(351)) - jetty-9.3.25.v20180904, build timestamp: 2018-09-04T21:11:46Z, git hash: 3ce520221d0240229c862b122d2b06c12a625732
2019-11-13 05:09:18,656 [main] INFO  handler.ContextHandler (ContextHandler.java:doStart(781)) - Started o.e.j.s.ServletContextHandler@293a5f75{/logs,file:///workdir/hadoop-ozone/tools/target/log,AVAILABLE}
2019-11-13 05:09:18,657 [main] INFO  handler.ContextHandler (ContextHandler.java:doStart(781)) - Started o.e.j.s.ServletContextHandler@2dd29a59{/static,jar:file:/home/user/.m2/repository/org/apache/hadoop/hadoop-hdds-server-scm/0.5.0-SNAPSHOT/hadoop-hdds-server-scm-0.5.0-SNAPSHOT.jar!/webapps/static,AVAILABLE}
2019-11-13 05:09:18,738 [main] INFO  handler.ContextHandler (ContextHandler.java:doStart(781)) - Started o.e.j.w.WebAppContext@6815c5f2{/,file:///tmp/jetty-0.0.0.0-37730-scm-_-any-1817577609419110330.dir/webapp/,AVAILABLE}{/scm}
2019-11-13 05:09:18,743 [main] INFO  server.AbstractConnector (AbstractConnector.java:doStart(278)) - Started ServerConnector@7689ddef{HTTP/1.1,[http/1.1]}{0.0.0.0:37730}
2019-11-13 05:09:18,743 [main] INFO  server.Server (Server.java:doStart(419)) - Started @2910ms
2019-11-13 05:09:18,745 [main] INFO  impl.MetricsSinkAdapter (MetricsSinkAdapter.java:start(204)) - Sink prometheus started
2019-11-13 05:09:18,746 [main] INFO  impl.MetricsSystemImpl (MetricsSystemImpl.java:registerSink(301)) - Registered sink prometheus
2019-11-13 05:09:18,748 [main] INFO  server.BaseHttpServer (BaseHttpServer.java:updateConnectorAddress(215)) - HTTP server of SCM is listening at http://0.0.0.0:37730
2019-11-13 05:09:18,756 [org.apache.hadoop.util.JvmPauseMonitor$Monitor@27eb3298] INFO  util.JvmPauseMonitor (JvmPauseMonitor.java:run(188)) - Starting JVM pause monitor
2019-11-13 05:09:18,760 [main] WARN  server.ServerUtils (ServerUtils.java:getDBPath(222)) - ozone.om.db.dirs is not configured. We recommend adding this setting. Falling back to ozone.metadata.dirs instead.
2019-11-13 05:09:18,879 [main] INFO  ha.OMHANodeDetails (OMHANodeDetails.java:loadOMHAConfig(190)) - Configuration either no ozone.om.address set. Falling back to the default OM address /127.0.0.1:0
2019-11-13 05:09:18,879 [main] INFO  ha.OMHANodeDetails (OMHANodeDetails.java:getOMNodeDetails(220)) - OM Service ID is not set. Setting it to the default ID: omServiceIdDefault
2019-11-13 05:09:18,881 [main] WARN  server.ServerUtils (ServerUtils.java:getDBPath(222)) - ozone.om.db.dirs is not configured. We recommend adding this setting. Falling back to ozone.metadata.dirs instead.
2019-11-13 05:09:18,882 [main] WARN  server.ServerUtils (ServerUtils.java:getDBPath(222)) - ozone.om.db.dirs is not configured. We recommend adding this setting. Falling back to ozone.metadata.dirs instead.
2019-11-13 05:09:19,575 [main] WARN  server.ServerUtils (ServerUtils.java:getDBPath(222)) - ozone.om.db.dirs is not configured. We recommend adding this setting. Falling back to ozone.metadata.dirs instead.
2019-11-13 05:09:19,584 [main] INFO  db.DBStoreBuilder (DBStoreBuilder.java:addTable(127)) - using custom profile for table: userTable
2019-11-13 05:09:19,584 [main] INFO  db.DBStoreBuilder (DBStoreBuilder.java:processTables(183)) - Using default column profile:DBProfile.DISK for Table:userTable
2019-11-13 05:09:19,584 [main] INFO  db.DBStoreBuilder (DBStoreBuilder.java:addTable(127)) - using custom profile for table: volumeTable
2019-11-13 05:09:19,585 [main] INFO  db.DBStoreBuilder (DBStoreBuilder.java:processTables(183)) - Using default column profile:DBProfile.DISK for Table:volumeTable
2019-11-13 05:09:19,585 [main] INFO  db.DBStoreBuilder (DBStoreBuilder.java:addTable(127)) - using custom profile for table: bucketTable
2019-11-13 05:09:19,585 [main] INFO  db.DBStoreBuilder (DBStoreBuilder.java:processTables(183)) - Using default column profile:DBProfile.DISK for Table:bucketTable
2019-11-13 05:09:19,585 [main] INFO  db.DBStoreBuilder (DBStoreBuilder.java:addTable(127)) - using custom profile for table: keyTable
2019-11-13 05:09:19,586 [main] INFO  db.DBStoreBuilder (DBStoreBuilder.java:processTables(183)) - Using default column profile:DBProfile.DISK for Table:keyTable
2019-11-13 05:09:19,586 [main] INFO  db.DBStoreBuilder (DBStoreBuilder.java:addTable(127)) - using custom profile for table: deletedTable
2019-11-13 05:09:19,586 [main] INFO  db.DBStoreBuilder (DBStoreBuilder.java:processTables(183)) - Using default column profile:DBProfile.DISK for Table:deletedTable
2019-11-13 05:09:19,586 [main] INFO  db.DBStoreBuilder (DBStoreBuilder.java:addTable(127)) - using custom profile for table: openKeyTable
2019-11-13 05:09:19,586 [main] INFO  db.DBStoreBuilder (DBStoreBuilder.java:processTables(183)) - Using default column profile:DBProfile.DISK for Table:openKeyTable
2019-11-13 05:09:19,587 [main] INFO  db.DBStoreBuilder (DBStoreBuilder.java:addTable(127)) - using custom profile for table: s3Table
2019-11-13 05:09:19,587 [main] INFO  db.DBStoreBuilder (DBStoreBuilder.java:processTables(183)) - Using default column profile:DBProfile.DISK for Table:s3Table
2019-11-13 05:09:19,587 [main] INFO  db.DBStoreBuilder (DBStoreBuilder.java:addTable(127)) - using custom profile for table: multipartInfoTable
2019-11-13 05:09:19,587 [main] INFO  db.DBStoreBuilder (DBStoreBuilder.java:processTables(183)) - Using default column profile:DBProfile.DISK for Table:multipartInfoTable
2019-11-13 05:09:19,588 [main] INFO  db.DBStoreBuilder (DBStoreBuilder.java:addTable(127)) - using custom profile for table: dTokenTable
2019-11-13 05:09:19,588 [main] INFO  db.DBStoreBuilder (DBStoreBuilder.java:processTables(183)) - Using default column profile:DBProfile.DISK for Table:dTokenTable
2019-11-13 05:09:19,588 [main] INFO  db.DBStoreBuilder (DBStoreBuilder.java:addTable(127)) - using custom profile for table: s3SecretTable
2019-11-13 05:09:19,588 [main] INFO  db.DBStoreBuilder (DBStoreBuilder.java:processTables(183)) - Using default column profile:DBProfile.DISK for Table:s3SecretTable
2019-11-13 05:09:19,589 [main] INFO  db.DBStoreBuilder (DBStoreBuilder.java:addTable(127)) - using custom profile for table: prefixTable
2019-11-13 05:09:19,589 [main] INFO  db.DBStoreBuilder (DBStoreBuilder.java:processTables(183)) - Using default column profile:DBProfile.DISK for Table:prefixTable
2019-11-13 05:09:19,589 [main] INFO  db.DBStoreBuilder (DBStoreBuilder.java:addTable(127)) - using custom profile for table: default
2019-11-13 05:09:19,589 [main] INFO  db.DBStoreBuilder (DBStoreBuilder.java:processTables(189)) - Using default column profile:DBProfile.DISK for Table:default
2019-11-13 05:09:19,590 [main] INFO  db.DBStoreBuilder (DBStoreBuilder.java:getDbProfile(220)) - Using default options. DBProfile.DISK
2019-11-13 05:09:20,255 [main] INFO  ipc.CallQueueManager (CallQueueManager.java:<init>(84)) - Using callQueue: class java.util.concurrent.LinkedBlockingQueue, queueCapacity: 2000, scheduler: class org.apache.hadoop.ipc.DefaultRpcScheduler, ipcBackoff: false.
2019-11-13 05:09:20,256 [Socket Reader #1 for port 46776] INFO  ipc.Server (Server.java:run(1074)) - Starting Socket Reader #1 for port 46776
2019-11-13 05:09:20,285 [main] INFO  om.OzoneManager (OzoneManager.java:start(1077)) - OzoneManager RPC server is listening at localhost/127.0.0.1:46776
2019-11-13 05:09:20,285 [main] INFO  impl.MetricsSystemImpl (MetricsSystemImpl.java:init(158)) - OzoneManager metrics system started (again)
2019-11-13 05:09:20,294 [IPC Server Responder] INFO  ipc.Server (Server.java:run(1314)) - IPC Server Responder: starting
2019-11-13 05:09:20,294 [IPC Server listener on 46776] INFO  ipc.Server (Server.java:run(1153)) - IPC Server listener on 46776: starting
2019-11-13 05:09:20,301 [main] INFO  hdfs.DFSUtil (DFSUtil.java:httpServerTemplateForNNAndJN(1641)) - Starting Web-server for ozoneManager at: http://0.0.0.0:0
2019-11-13 05:09:20,303 [main] INFO  server.AuthenticationFilter (AuthenticationFilter.java:constructSecretProvider(240)) - Unable to initialize FileSignerSecretProvider, falling back to use random secrets.
2019-11-13 05:09:20,304 [main] WARN  http.HttpRequestLog (HttpRequestLog.java:getRequestLog(97)) - Jetty request log can only be enabled using Log4j
2019-11-13 05:09:20,306 [main] INFO  http.HttpServer2 (HttpServer2.java:addGlobalFilter(975)) - Added global filter 'safety' (class=org.apache.hadoop.http.HttpServer2$QuotingInputFilter)
2019-11-13 05:09:20,307 [main] INFO  http.HttpServer2 (HttpServer2.java:addFilter(948)) - Added filter static_user_filter (class=org.apache.hadoop.http.lib.StaticUserWebFilter$StaticUserFilter) to context ozoneManager
2019-11-13 05:09:20,307 [main] INFO  http.HttpServer2 (HttpServer2.java:addFilter(958)) - Added filter static_user_filter (class=org.apache.hadoop.http.lib.StaticUserWebFilter$StaticUserFilter) to context static
2019-11-13 05:09:20,307 [main] INFO  http.HttpServer2 (HttpServer2.java:addFilter(958)) - Added filter static_user_filter (class=org.apache.hadoop.http.lib.StaticUserWebFilter$StaticUserFilter) to context logs
2019-11-13 05:09:20,309 [main] INFO  http.HttpServer2 (HttpServer2.java:bindListener(1191)) - Jetty bound to port 45186
2019-11-13 05:09:20,309 [main] INFO  server.Server (Server.java:doStart(351)) - jetty-9.3.25.v20180904, build timestamp: 2018-09-04T21:11:46Z, git hash: 3ce520221d0240229c862b122d2b06c12a625732
2019-11-13 05:09:20,313 [main] INFO  handler.ContextHandler (ContextHandler.java:doStart(781)) - Started o.e.j.s.ServletContextHandler@7b208b45{/logs,file:///workdir/hadoop-ozone/tools/target/log,AVAILABLE}
2019-11-13 05:09:20,314 [main] INFO  handler.ContextHandler (ContextHandler.java:doStart(781)) - Started o.e.j.s.ServletContextHandler@34523d46{/static,jar:file:/home/user/.m2/repository/org/apache/hadoop/hadoop-ozone-ozone-manager/0.5.0-SNAPSHOT/hadoop-ozone-ozone-manager-0.5.0-SNAPSHOT.jar!/webapps/static,AVAILABLE}
2019-11-13 05:09:20,364 [main] INFO  handler.ContextHandler (ContextHandler.java:doStart(781)) - Started o.e.j.w.WebAppContext@2a49fe{/,file:///tmp/jetty-0.0.0.0-45186-ozoneManager-_-any-7907814436916685547.dir/webapp/,AVAILABLE}{/ozoneManager}
2019-11-13 05:09:20,364 [main] INFO  server.AbstractConnector (AbstractConnector.java:doStart(278)) - Started ServerConnector@66596a88{HTTP/1.1,[http/1.1]}{0.0.0.0:45186}
2019-11-13 05:09:20,365 [main] INFO  server.Server (Server.java:doStart(419)) - Started @4532ms
2019-11-13 05:09:20,365 [main] WARN  impl.MetricsSystemImpl (MetricsSystemImpl.java:register(276)) - Sink prometheus already exists!
2019-11-13 05:09:20,367 [main] INFO  server.BaseHttpServer (BaseHttpServer.java:updateConnectorAddress(215)) - HTTP server of OZONEMANAGER is listening at http://0.0.0.0:45186
2019-11-13 05:09:20,600 [main] INFO  impl.MetricsSystemImpl (MetricsSystemImpl.java:init(158)) - HddsDatanode metrics system started (again)
2019-11-13 05:09:20,649 [main] INFO  ozone.HddsDatanodeService (HddsDatanodeService.java:start(186)) - HddsDatanodeService host:trunk-nightly-20191113-wdxpm-1799726093 ip:192.168.34.45
2019-11-13 05:09:20,685 [main] INFO  volume.HddsVolume (HddsVolume.java:<init>(176)) - Creating Volume: /workdir/hadoop-ozone/tools/target/test-dir/MiniOzoneClusterImpl-057fdede-c001-40ca-aad2-2ca72f5b0309/datanode-0/data/containers/hdds of  storage type : DISK and capacity : 1482555576320
2019-11-13 05:09:20,688 [main] INFO  volume.VolumeSet (VolumeSet.java:initializeVolumeSet(170)) - Added Volume : /workdir/hadoop-ozone/tools/target/test-dir/MiniOzoneClusterImpl-057fdede-c001-40ca-aad2-2ca72f5b0309/datanode-0/data/containers/hdds to VolumeSet
2019-11-13 05:09:20,693 [main] INFO  volume.ThrottledAsyncChecker (ThrottledAsyncChecker.java:schedule(141)) - Scheduling a check for /workdir/hadoop-ozone/tools/target/test-dir/MiniOzoneClusterImpl-057fdede-c001-40ca-aad2-2ca72f5b0309/datanode-0/data/containers/hdds
2019-11-13 05:09:20,717 [main] INFO  volume.HddsVolumeChecker (HddsVolumeChecker.java:checkAllVolumes(204)) - Scheduled health check for volume /workdir/hadoop-ozone/tools/target/test-dir/MiniOzoneClusterImpl-057fdede-c001-40ca-aad2-2ca72f5b0309/datanode-0/data/containers/hdds
2019-11-13 05:09:20,835 [main] INFO  impl.RaftServerProxy (ConfUtils.java:logGet(43)) - raft.rpc.type = GRPC (default)
2019-11-13 05:09:20,898 [main] INFO  grpc.GrpcFactory (GrpcFactory.java:checkPooledByteBufAllocatorUseCacheForAllThreads(45)) - PERFORMANCE WARNING: useCacheForAllThreads is true that may cause Netty to create a lot garbage objects and, as a result, trigger GC.
	It is recommended to disable useCacheForAllThreads by setting -Dorg.apache.ratis.thirdparty.io.netty.allocator.useCacheForAllThreads=false in command line.
2019-11-13 05:09:20,903 [main] INFO  grpc.GrpcConfigKeys$Server (ConfUtils.java:logGet(43)) - raft.grpc.server.port = 0 (default)
2019-11-13 05:09:20,905 [main] INFO  server.GrpcService (ConfUtils.java:logGet(43)) - raft.grpc.message.size.max = 33570816 (custom)
2019-11-13 05:09:20,906 [main] INFO  server.RaftServerConfigKeys (ConfUtils.java:logGet(43)) - raft.server.log.appender.buffer.byte-limit = 33554432 (custom)
2019-11-13 05:09:20,907 [main] INFO  server.GrpcService (ConfUtils.java:logGet(43)) - raft.grpc.flow.control.window = 1MB (=1048576) (default)
2019-11-13 05:09:20,908 [main] INFO  server.RaftServerConfigKeys (ConfUtils.java:logGet(43)) - raft.server.rpc.request.timeout = 3000ms (default)
2019-11-13 05:09:21,126 [main] INFO  server.RaftServerConfigKeys (ConfUtils.java:logGet(43)) - raft.server.storage.dir = [/workdir/hadoop-ozone/tools/target/test-dir/MiniOzoneClusterImpl-057fdede-c001-40ca-aad2-2ca72f5b0309/datanode-0/data/ratis] (custom)
2019-11-13 05:09:21,203 [main] INFO  hdfs.DFSUtil (DFSUtil.java:httpServerTemplateForNNAndJN(1641)) - Starting Web-server for hddsDatanode at: http://0.0.0.0:0
2019-11-13 05:09:21,205 [main] INFO  server.AuthenticationFilter (AuthenticationFilter.java:constructSecretProvider(240)) - Unable to initialize FileSignerSecretProvider, falling back to use random secrets.
2019-11-13 05:09:21,207 [main] WARN  http.HttpRequestLog (HttpRequestLog.java:getRequestLog(97)) - Jetty request log can only be enabled using Log4j
2019-11-13 05:09:21,209 [main] INFO  http.HttpServer2 (HttpServer2.java:addGlobalFilter(975)) - Added global filter 'safety' (class=org.apache.hadoop.http.HttpServer2$QuotingInputFilter)
2019-11-13 05:09:21,210 [main] INFO  http.HttpServer2 (HttpServer2.java:addFilter(948)) - Added filter static_user_filter (class=org.apache.hadoop.http.lib.StaticUserWebFilter$StaticUserFilter) to context hddsDatanode
2019-11-13 05:09:21,211 [main] INFO  http.HttpServer2 (HttpServer2.java:addFilter(958)) - Added filter static_user_filter (class=org.apache.hadoop.http.lib.StaticUserWebFilter$StaticUserFilter) to context static
2019-11-13 05:09:21,211 [main] INFO  http.HttpServer2 (HttpServer2.java:addFilter(958)) - Added filter static_user_filter (class=org.apache.hadoop.http.lib.StaticUserWebFilter$StaticUserFilter) to context logs
2019-11-13 05:09:21,212 [main] INFO  http.HttpServer2 (HttpServer2.java:bindListener(1191)) - Jetty bound to port 36736
2019-11-13 05:09:21,213 [main] INFO  server.Server (Server.java:doStart(351)) - jetty-9.3.25.v20180904, build timestamp: 2018-09-04T21:11:46Z, git hash: 3ce520221d0240229c862b122d2b06c12a625732
2019-11-13 05:09:21,216 [main] INFO  handler.ContextHandler (ContextHandler.java:doStart(781)) - Started o.e.j.s.ServletContextHandler@673919a7{/logs,file:///workdir/hadoop-ozone/tools/target/log,AVAILABLE}
2019-11-13 05:09:21,217 [main] INFO  handler.ContextHandler (ContextHandler.java:doStart(781)) - Started o.e.j.s.ServletContextHandler@2436ea2f{/static,jar:file:/home/user/.m2/repository/org/apache/hadoop/hadoop-hdds-container-service/0.5.0-SNAPSHOT/hadoop-hdds-container-service-0.5.0-SNAPSHOT.jar!/webapps/static,AVAILABLE}
2019-11-13 05:09:21,259 [main] INFO  handler.ContextHandler (ContextHandler.java:doStart(781)) - Started o.e.j.w.WebAppContext@60783105{/,file:///tmp/jetty-0.0.0.0-36736-hddsDatanode-_-any-378019917355319171.dir/webapp/,AVAILABLE}{/hddsDatanode}
2019-11-13 05:09:21,260 [main] INFO  server.AbstractConnector (AbstractConnector.java:doStart(278)) - Started ServerConnector@1292071f{HTTP/1.1,[http/1.1]}{0.0.0.0:36736}
2019-11-13 05:09:21,261 [main] INFO  server.Server (Server.java:doStart(419)) - Started @5427ms
2019-11-13 05:09:21,262 [main] WARN  impl.MetricsSystemImpl (MetricsSystemImpl.java:register(276)) - Sink prometheus already exists!
2019-11-13 05:09:21,263 [main] INFO  server.BaseHttpServer (BaseHttpServer.java:updateConnectorAddress(215)) - HTTP server of HDDSDATANODE is listening at http://0.0.0.0:36736
2019-11-13 05:09:21,264 [main] INFO  impl.MetricsSystemImpl (MetricsSystemImpl.java:init(158)) - HddsDatanode metrics system started (again)
2019-11-13 05:09:21,267 [main] INFO  ozone.HddsDatanodeService (HddsDatanodeService.java:start(186)) - HddsDatanodeService host:trunk-nightly-20191113-wdxpm-1799726093 ip:192.168.34.45
2019-11-13 05:09:21,269 [org.apache.hadoop.util.JvmPauseMonitor$Monitor@42faea79] INFO  util.JvmPauseMonitor (JvmPauseMonitor.java:run(188)) - Starting JVM pause monitor
2019-11-13 05:09:21,277 [main] INFO  volume.HddsVolume (HddsVolume.java:<init>(176)) - Creating Volume: /workdir/hadoop-ozone/tools/target/test-dir/MiniOzoneClusterImpl-057fdede-c001-40ca-aad2-2ca72f5b0309/datanode-1/data/containers/hdds of  storage type : DISK and capacity : 1482555576320
2019-11-13 05:09:21,277 [main] INFO  volume.VolumeSet (VolumeSet.java:initializeVolumeSet(170)) - Added Volume : /workdir/hadoop-ozone/tools/target/test-dir/MiniOzoneClusterImpl-057fdede-c001-40ca-aad2-2ca72f5b0309/datanode-1/data/containers/hdds to VolumeSet
2019-11-13 05:09:21,277 [main] INFO  volume.ThrottledAsyncChecker (ThrottledAsyncChecker.java:schedule(141)) - Scheduling a check for /workdir/hadoop-ozone/tools/target/test-dir/MiniOzoneClusterImpl-057fdede-c001-40ca-aad2-2ca72f5b0309/datanode-1/data/containers/hdds
2019-11-13 05:09:21,278 [main] INFO  volume.HddsVolumeChecker (HddsVolumeChecker.java:checkAllVolumes(204)) - Scheduled health check for volume /workdir/hadoop-ozone/tools/target/test-dir/MiniOzoneClusterImpl-057fdede-c001-40ca-aad2-2ca72f5b0309/datanode-1/data/containers/hdds
2019-11-13 05:09:21,295 [main] INFO  impl.RaftServerProxy (ConfUtils.java:logGet(43)) - raft.rpc.type = GRPC (default)
2019-11-13 05:09:21,295 [main] INFO  grpc.GrpcFactory (GrpcFactory.java:checkPooledByteBufAllocatorUseCacheForAllThreads(45)) - PERFORMANCE WARNING: useCacheForAllThreads is true that may cause Netty to create a lot garbage objects and, as a result, trigger GC.
	It is recommended to disable useCacheForAllThreads by setting -Dorg.apache.ratis.thirdparty.io.netty.allocator.useCacheForAllThreads=false in command line.
2019-11-13 05:09:21,295 [main] INFO  grpc.GrpcConfigKeys$Server (ConfUtils.java:logGet(43)) - raft.grpc.server.port = 0 (default)
2019-11-13 05:09:21,295 [main] INFO  server.GrpcService (ConfUtils.java:logGet(43)) - raft.grpc.message.size.max = 33570816 (custom)
2019-11-13 05:09:21,296 [main] INFO  server.RaftServerConfigKeys (ConfUtils.java:logGet(43)) - raft.server.log.appender.buffer.byte-limit = 33554432 (custom)
2019-11-13 05:09:21,296 [main] INFO  server.GrpcService (ConfUtils.java:logGet(43)) - raft.grpc.flow.control.window = 1MB (=1048576) (default)
2019-11-13 05:09:21,296 [main] INFO  server.RaftServerConfigKeys (ConfUtils.java:logGet(43)) - raft.server.rpc.request.timeout = 3000ms (default)
2019-11-13 05:09:21,297 [main] INFO  server.RaftServerConfigKeys (ConfUtils.java:logGet(43)) - raft.server.storage.dir = [/workdir/hadoop-ozone/tools/target/test-dir/MiniOzoneClusterImpl-057fdede-c001-40ca-aad2-2ca72f5b0309/datanode-1/data/ratis] (custom)
2019-11-13 05:09:21,299 [main] INFO  hdfs.DFSUtil (DFSUtil.java:httpServerTemplateForNNAndJN(1641)) - Starting Web-server for hddsDatanode at: http://0.0.0.0:0
2019-11-13 05:09:21,300 [main] INFO  server.AuthenticationFilter (AuthenticationFilter.java:constructSecretProvider(240)) - Unable to initialize FileSignerSecretProvider, falling back to use random secrets.
2019-11-13 05:09:21,301 [main] WARN  http.HttpRequestLog (HttpRequestLog.java:getRequestLog(97)) - Jetty request log can only be enabled using Log4j
2019-11-13 05:09:21,303 [main] INFO  http.HttpServer2 (HttpServer2.java:addGlobalFilter(975)) - Added global filter 'safety' (class=org.apache.hadoop.http.HttpServer2$QuotingInputFilter)
2019-11-13 05:09:21,303 [main] INFO  http.HttpServer2 (HttpServer2.java:addFilter(948)) - Added filter static_user_filter (class=org.apache.hadoop.http.lib.StaticUserWebFilter$StaticUserFilter) to context hddsDatanode
2019-11-13 05:09:21,303 [main] INFO  http.HttpServer2 (HttpServer2.java:addFilter(958)) - Added filter static_user_filter (class=org.apache.hadoop.http.lib.StaticUserWebFilter$StaticUserFilter) to context static
2019-11-13 05:09:21,304 [main] INFO  http.HttpServer2 (HttpServer2.java:addFilter(958)) - Added filter static_user_filter (class=org.apache.hadoop.http.lib.StaticUserWebFilter$StaticUserFilter) to context logs
2019-11-13 05:09:21,305 [main] INFO  http.HttpServer2 (HttpServer2.java:bindListener(1191)) - Jetty bound to port 46750
2019-11-13 05:09:21,305 [main] INFO  server.Server (Server.java:doStart(351)) - jetty-9.3.25.v20180904, build timestamp: 2018-09-04T21:11:46Z, git hash: 3ce520221d0240229c862b122d2b06c12a625732
2019-11-13 05:09:21,309 [main] INFO  handler.ContextHandler (ContextHandler.java:doStart(781)) - Started o.e.j.s.ServletContextHandler@3374b5bc{/logs,file:///workdir/hadoop-ozone/tools/target/log,AVAILABLE}
2019-11-13 05:09:21,309 [main] INFO  handler.ContextHandler (ContextHandler.java:doStart(781)) - Started o.e.j.s.ServletContextHandler@587a1cfb{/static,jar:file:/home/user/.m2/repository/org/apache/hadoop/hadoop-hdds-container-service/0.5.0-SNAPSHOT/hadoop-hdds-container-service-0.5.0-SNAPSHOT.jar!/webapps/static,AVAILABLE}
2019-11-13 05:09:21,342 [main] INFO  handler.ContextHandler (ContextHandler.java:doStart(781)) - Started o.e.j.w.WebAppContext@38d17d80{/,file:///tmp/jetty-0.0.0.0-46750-hddsDatanode-_-any-4834131030673821605.dir/webapp/,AVAILABLE}{/hddsDatanode}
2019-11-13 05:09:21,342 [main] INFO  server.AbstractConnector (AbstractConnector.java:doStart(278)) - Started ServerConnector@6ede46f6{HTTP/1.1,[http/1.1]}{0.0.0.0:46750}
2019-11-13 05:09:21,343 [main] INFO  server.Server (Server.java:doStart(419)) - Started @5510ms
2019-11-13 05:09:21,343 [main] WARN  impl.MetricsSystemImpl (MetricsSystemImpl.java:register(276)) - Sink prometheus already exists!
2019-11-13 05:09:21,345 [main] INFO  server.BaseHttpServer (BaseHttpServer.java:updateConnectorAddress(215)) - HTTP server of HDDSDATANODE is listening at http://0.0.0.0:46750
2019-11-13 05:09:21,345 [main] INFO  impl.MetricsSystemImpl (MetricsSystemImpl.java:init(158)) - HddsDatanode metrics system started (again)
2019-11-13 05:09:21,348 [main] INFO  ozone.HddsDatanodeService (HddsDatanodeService.java:start(186)) - HddsDatanodeService host:trunk-nightly-20191113-wdxpm-1799726093 ip:192.168.34.45
2019-11-13 05:09:21,348 [org.apache.hadoop.util.JvmPauseMonitor$Monitor@1150ca69] INFO  util.JvmPauseMonitor (JvmPauseMonitor.java:run(188)) - Starting JVM pause monitor
2019-11-13 05:09:21,357 [main] INFO  volume.HddsVolume (HddsVolume.java:<init>(176)) - Creating Volume: /workdir/hadoop-ozone/tools/target/test-dir/MiniOzoneClusterImpl-057fdede-c001-40ca-aad2-2ca72f5b0309/datanode-2/data/containers/hdds of  storage type : DISK and capacity : 1482555576320
2019-11-13 05:09:21,357 [main] INFO  volume.VolumeSet (VolumeSet.java:initializeVolumeSet(170)) - Added Volume : /workdir/hadoop-ozone/tools/target/test-dir/MiniOzoneClusterImpl-057fdede-c001-40ca-aad2-2ca72f5b0309/datanode-2/data/containers/hdds to VolumeSet
2019-11-13 05:09:21,357 [main] INFO  volume.ThrottledAsyncChecker (ThrottledAsyncChecker.java:schedule(141)) - Scheduling a check for /workdir/hadoop-ozone/tools/target/test-dir/MiniOzoneClusterImpl-057fdede-c001-40ca-aad2-2ca72f5b0309/datanode-2/data/containers/hdds
2019-11-13 05:09:21,358 [main] INFO  volume.HddsVolumeChecker (HddsVolumeChecker.java:checkAllVolumes(204)) - Scheduled health check for volume /workdir/hadoop-ozone/tools/target/test-dir/MiniOzoneClusterImpl-057fdede-c001-40ca-aad2-2ca72f5b0309/datanode-2/data/containers/hdds
2019-11-13 05:09:21,371 [main] INFO  impl.RaftServerProxy (ConfUtils.java:logGet(43)) - raft.rpc.type = GRPC (default)
2019-11-13 05:09:21,372 [main] INFO  grpc.GrpcFactory (GrpcFactory.java:checkPooledByteBufAllocatorUseCacheForAllThreads(45)) - PERFORMANCE WARNING: useCacheForAllThreads is true that may cause Netty to create a lot garbage objects and, as a result, trigger GC.
	It is recommended to disable useCacheForAllThreads by setting -Dorg.apache.ratis.thirdparty.io.netty.allocator.useCacheForAllThreads=false in command line.
2019-11-13 05:09:21,372 [main] INFO  grpc.GrpcConfigKeys$Server (ConfUtils.java:logGet(43)) - raft.grpc.server.port = 0 (default)
2019-11-13 05:09:21,372 [main] INFO  server.GrpcService (ConfUtils.java:logGet(43)) - raft.grpc.message.size.max = 33570816 (custom)
2019-11-13 05:09:21,372 [main] INFO  server.RaftServerConfigKeys (ConfUtils.java:logGet(43)) - raft.server.log.appender.buffer.byte-limit = 33554432 (custom)
2019-11-13 05:09:21,373 [main] INFO  server.GrpcService (ConfUtils.java:logGet(43)) - raft.grpc.flow.control.window = 1MB (=1048576) (default)
2019-11-13 05:09:21,373 [main] INFO  server.RaftServerConfigKeys (ConfUtils.java:logGet(43)) - raft.server.rpc.request.timeout = 3000ms (default)
2019-11-13 05:09:21,373 [main] INFO  server.RaftServerConfigKeys (ConfUtils.java:logGet(43)) - raft.server.storage.dir = [/workdir/hadoop-ozone/tools/target/test-dir/MiniOzoneClusterImpl-057fdede-c001-40ca-aad2-2ca72f5b0309/datanode-2/data/ratis] (custom)
2019-11-13 05:09:21,376 [main] INFO  hdfs.DFSUtil (DFSUtil.java:httpServerTemplateForNNAndJN(1641)) - Starting Web-server for hddsDatanode at: http://0.0.0.0:0
2019-11-13 05:09:21,377 [main] INFO  server.AuthenticationFilter (AuthenticationFilter.java:constructSecretProvider(240)) - Unable to initialize FileSignerSecretProvider, falling back to use random secrets.
2019-11-13 05:09:21,377 [main] WARN  http.HttpRequestLog (HttpRequestLog.java:getRequestLog(97)) - Jetty request log can only be enabled using Log4j
2019-11-13 05:09:21,379 [main] INFO  http.HttpServer2 (HttpServer2.java:addGlobalFilter(975)) - Added global filter 'safety' (class=org.apache.hadoop.http.HttpServer2$QuotingInputFilter)
2019-11-13 05:09:21,380 [main] INFO  http.HttpServer2 (HttpServer2.java:addFilter(948)) - Added filter static_user_filter (class=org.apache.hadoop.http.lib.StaticUserWebFilter$StaticUserFilter) to context hddsDatanode
2019-11-13 05:09:21,380 [main] INFO  http.HttpServer2 (HttpServer2.java:addFilter(958)) - Added filter static_user_filter (class=org.apache.hadoop.http.lib.StaticUserWebFilter$StaticUserFilter) to context static
2019-11-13 05:09:21,380 [main] INFO  http.HttpServer2 (HttpServer2.java:addFilter(958)) - Added filter static_user_filter (class=org.apache.hadoop.http.lib.StaticUserWebFilter$StaticUserFilter) to context logs
2019-11-13 05:09:21,380 [Datanode State Machine Thread - 0] INFO  datanode.InitDatanodeState (InitDatanodeState.java:persistContainerDatanodeDetails(140)) - DatanodeDetails is persisted to /workdir/hadoop-ozone/tools/target/test-dir/MiniOzoneClusterImpl-057fdede-c001-40ca-aad2-2ca72f5b0309/datanode-0/meta/datanode.id
2019-11-13 05:09:21,381 [main] INFO  http.HttpServer2 (HttpServer2.java:bindListener(1191)) - Jetty bound to port 45165
2019-11-13 05:09:21,381 [main] INFO  server.Server (Server.java:doStart(351)) - jetty-9.3.25.v20180904, build timestamp: 2018-09-04T21:11:46Z, git hash: 3ce520221d0240229c862b122d2b06c12a625732
2019-11-13 05:09:21,384 [main] INFO  handler.ContextHandler (ContextHandler.java:doStart(781)) - Started o.e.j.s.ServletContextHandler@63c12e52{/logs,file:///workdir/hadoop-ozone/tools/target/log,AVAILABLE}
2019-11-13 05:09:21,385 [Datanode State Machine Thread - 0] INFO  datanode.InitDatanodeState (InitDatanodeState.java:persistContainerDatanodeDetails(140)) - DatanodeDetails is persisted to /workdir/hadoop-ozone/tools/target/test-dir/MiniOzoneClusterImpl-057fdede-c001-40ca-aad2-2ca72f5b0309/datanode-1/meta/datanode.id
2019-11-13 05:09:21,385 [main] INFO  handler.ContextHandler (ContextHandler.java:doStart(781)) - Started o.e.j.s.ServletContextHandler@26c47874{/static,jar:file:/home/user/.m2/repository/org/apache/hadoop/hadoop-hdds-container-service/0.5.0-SNAPSHOT/hadoop-hdds-container-service-0.5.0-SNAPSHOT.jar!/webapps/static,AVAILABLE}
2019-11-13 05:09:21,415 [main] INFO  handler.ContextHandler (ContextHandler.java:doStart(781)) - Started o.e.j.w.WebAppContext@646c0a67{/,file:///tmp/jetty-0.0.0.0-45165-hddsDatanode-_-any-1477241788317011334.dir/webapp/,AVAILABLE}{/hddsDatanode}
2019-11-13 05:09:21,416 [main] INFO  server.AbstractConnector (AbstractConnector.java:doStart(278)) - Started ServerConnector@3804a9a8{HTTP/1.1,[http/1.1]}{0.0.0.0:45165}
2019-11-13 05:09:21,416 [main] INFO  server.Server (Server.java:doStart(419)) - Started @5583ms
2019-11-13 05:09:21,417 [main] WARN  impl.MetricsSystemImpl (MetricsSystemImpl.java:register(276)) - Sink prometheus already exists!
2019-11-13 05:09:21,418 [main] INFO  server.BaseHttpServer (BaseHttpServer.java:updateConnectorAddress(215)) - HTTP server of HDDSDATANODE is listening at http://0.0.0.0:45165
2019-11-13 05:09:21,420 [main] INFO  ozone.MiniOzoneClusterImpl (MiniOzoneClusterImpl.java:lambda$waitForClusterToBeReady$2(171)) - Waiting for cluster to be ready. Got 0 of 3 DN Heartbeats.
2019-11-13 05:09:21,422 [org.apache.hadoop.util.JvmPauseMonitor$Monitor@23f61920] INFO  util.JvmPauseMonitor (JvmPauseMonitor.java:run(188)) - Starting JVM pause monitor
2019-11-13 05:09:21,425 [Datanode State Machine Thread - 0] INFO  datanode.InitDatanodeState (InitDatanodeState.java:persistContainerDatanodeDetails(140)) - DatanodeDetails is persisted to /workdir/hadoop-ozone/tools/target/test-dir/MiniOzoneClusterImpl-057fdede-c001-40ca-aad2-2ca72f5b0309/datanode-2/meta/datanode.id
2019-11-13 05:09:22,420 [main] INFO  ozone.MiniOzoneClusterImpl (MiniOzoneClusterImpl.java:lambda$waitForClusterToBeReady$2(171)) - Waiting for cluster to be ready. Got 0 of 3 DN Heartbeats.
2019-11-13 05:09:23,353 [Datanode State Machine Thread - 0] INFO  ozoneimpl.OzoneContainer (OzoneContainer.java:start(230)) - Attempting to start container services.
2019-11-13 05:09:23,355 [Datanode State Machine Thread - 0] INFO  ozoneimpl.OzoneContainer (OzoneContainer.java:start(230)) - Attempting to start container services.
2019-11-13 05:09:23,368 [Datanode State Machine Thread - 0] INFO  ozoneimpl.OzoneContainer (OzoneContainer.java:startContainerScrub(194)) - Background container scanner has been disabled.
2019-11-13 05:09:23,368 [Datanode State Machine Thread - 0] INFO  ozoneimpl.OzoneContainer (OzoneContainer.java:startContainerScrub(194)) - Background container scanner has been disabled.
2019-11-13 05:09:23,368 [Datanode State Machine Thread - 0] INFO  ratis.XceiverServerRatis (XceiverServerRatis.java:start(421)) - Starting XceiverServerRatis 7becc6a6-c060-4129-a788-e926a86fd29a at port 0
2019-11-13 05:09:23,368 [Datanode State Machine Thread - 0] INFO  ratis.XceiverServerRatis (XceiverServerRatis.java:start(421)) - Starting XceiverServerRatis a2052f7e-d3c3-4622-93e6-57af3c07b0b9 at port 0
2019-11-13 05:09:23,409 [Datanode State Machine Thread - 0] INFO  impl.RaftServerProxy (RaftServerProxy.java:lambda$start$3(299)) - a2052f7e-d3c3-4622-93e6-57af3c07b0b9: start RPC server
2019-11-13 05:09:23,409 [Datanode State Machine Thread - 0] INFO  impl.RaftServerProxy (RaftServerProxy.java:lambda$start$3(299)) - 7becc6a6-c060-4129-a788-e926a86fd29a: start RPC server
2019-11-13 05:09:23,421 [main] INFO  ozone.MiniOzoneClusterImpl (MiniOzoneClusterImpl.java:lambda$waitForClusterToBeReady$2(171)) - Waiting for cluster to be ready. Got 0 of 3 DN Heartbeats.
2019-11-13 05:09:23,447 [Datanode State Machine Thread - 0] INFO  ozoneimpl.OzoneContainer (OzoneContainer.java:start(230)) - Attempting to start container services.
2019-11-13 05:09:23,449 [Datanode State Machine Thread - 0] INFO  ozoneimpl.OzoneContainer (OzoneContainer.java:startContainerScrub(194)) - Background container scanner has been disabled.
2019-11-13 05:09:23,449 [Datanode State Machine Thread - 0] INFO  ratis.XceiverServerRatis (XceiverServerRatis.java:start(421)) - Starting XceiverServerRatis 48f146a6-a5be-49c8-b3b4-aad85ee41d4c at port 0
2019-11-13 05:09:23,458 [Datanode State Machine Thread - 0] INFO  impl.RaftServerProxy (RaftServerProxy.java:lambda$start$3(299)) - 48f146a6-a5be-49c8-b3b4-aad85ee41d4c: start RPC server
2019-11-13 05:09:23,553 [Datanode State Machine Thread - 0] INFO  server.GrpcService (GrpcService.java:startImpl(158)) - 48f146a6-a5be-49c8-b3b4-aad85ee41d4c: GrpcService started, listening on 0.0.0.0/0.0.0.0:37974
2019-11-13 05:09:23,553 [Datanode State Machine Thread - 0] INFO  server.GrpcService (GrpcService.java:startImpl(158)) - a2052f7e-d3c3-4622-93e6-57af3c07b0b9: GrpcService started, listening on 0.0.0.0/0.0.0.0:36888
2019-11-13 05:09:23,553 [Datanode State Machine Thread - 0] INFO  server.GrpcService (GrpcService.java:startImpl(158)) - 7becc6a6-c060-4129-a788-e926a86fd29a: GrpcService started, listening on 0.0.0.0/0.0.0.0:40536
2019-11-13 05:09:23,554 [Datanode State Machine Thread - 0] INFO  ratis.XceiverServerRatis (XceiverServerRatis.java:start(431)) - XceiverServerRatis a2052f7e-d3c3-4622-93e6-57af3c07b0b9 is started using port 36888
2019-11-13 05:09:23,554 [Datanode State Machine Thread - 0] INFO  ratis.XceiverServerRatis (XceiverServerRatis.java:start(431)) - XceiverServerRatis 48f146a6-a5be-49c8-b3b4-aad85ee41d4c is started using port 37974
2019-11-13 05:09:23,555 [Datanode State Machine Thread - 0] INFO  ratis.XceiverServerRatis (XceiverServerRatis.java:start(431)) - XceiverServerRatis 7becc6a6-c060-4129-a788-e926a86fd29a is started using port 40536
2019-11-13 05:09:23,560 [Datanode State Machine Thread - 0] INFO  server.XceiverServerGrpc (XceiverServerGrpc.java:start(145)) - XceiverServerGrpc 7becc6a6-c060-4129-a788-e926a86fd29a is started using port 40855
2019-11-13 05:09:23,561 [Datanode State Machine Thread - 0] INFO  server.XceiverServerGrpc (XceiverServerGrpc.java:start(145)) - XceiverServerGrpc a2052f7e-d3c3-4622-93e6-57af3c07b0b9 is started using port 39084
2019-11-13 05:09:23,560 [Datanode State Machine Thread - 0] INFO  server.XceiverServerGrpc (XceiverServerGrpc.java:start(145)) - XceiverServerGrpc 48f146a6-a5be-49c8-b3b4-aad85ee41d4c is started using port 37860
2019-11-13 05:09:24,422 [main] INFO  ozone.MiniOzoneClusterImpl (MiniOzoneClusterImpl.java:lambda$waitForClusterToBeReady$2(171)) - Waiting for cluster to be ready. Got 0 of 3 DN Heartbeats.
2019-11-13 05:09:25,308 [IPC Server handler 0 on 42456] INFO  net.NetworkTopology (NetworkTopologyImpl.java:add(111)) - Added a new node: /default-rack/7becc6a6-c060-4129-a788-e926a86fd29a
2019-11-13 05:09:25,308 [IPC Server handler 0 on 42456] INFO  node.SCMNodeManager (SCMNodeManager.java:register(267)) - Registered Data node : 7becc6a6-c060-4129-a788-e926a86fd29a{ip: 192.168.34.45, host: trunk-nightly-20191113-wdxpm-1799726093, networkLocation: /default-rack, certSerialId: null}
2019-11-13 05:09:25,311 [EventQueue-NodeRegistrationContainerReportForDataNodeSafeModeRule] INFO  safemode.SCMSafeModeManager (DataNodeSafeModeRule.java:process(71)) - SCM in safe mode. 1 DataNodes registered, 1 required.
2019-11-13 05:09:25,312 [EventQueue-NodeRegistrationContainerReportForDataNodeSafeModeRule] INFO  safemode.SCMSafeModeManager (SCMSafeModeManager.java:validateSafeModeExitRules(177)) - ScmSafeModeManager, all rules are successfully validated
2019-11-13 05:09:25,312 [EventQueue-NodeRegistrationContainerReportForDataNodeSafeModeRule] INFO  safemode.SCMSafeModeManager (SCMSafeModeManager.java:exitSafeMode(193)) - SCM exiting safe mode.
2019-11-13 05:09:25,352 [IPC Server handler 1 on 42456] INFO  net.NetworkTopology (NetworkTopologyImpl.java:add(111)) - Added a new node: /default-rack/a2052f7e-d3c3-4622-93e6-57af3c07b0b9
2019-11-13 05:09:25,353 [IPC Server handler 1 on 42456] INFO  node.SCMNodeManager (SCMNodeManager.java:register(267)) - Registered Data node : a2052f7e-d3c3-4622-93e6-57af3c07b0b9{ip: 192.168.34.45, host: trunk-nightly-20191113-wdxpm-1799726093, networkLocation: /default-rack, certSerialId: null}
2019-11-13 05:09:25,424 [IPC Server handler 2 on 42456] INFO  net.NetworkTopology (NetworkTopologyImpl.java:add(111)) - Added a new node: /default-rack/48f146a6-a5be-49c8-b3b4-aad85ee41d4c
2019-11-13 05:09:25,425 [IPC Server handler 2 on 42456] INFO  node.SCMNodeManager (SCMNodeManager.java:register(267)) - Registered Data node : 48f146a6-a5be-49c8-b3b4-aad85ee41d4c{ip: 192.168.34.45, host: trunk-nightly-20191113-wdxpm-1799726093, networkLocation: /default-rack, certSerialId: null}
2019-11-13 05:09:25,757 [grpc-default-executor-0] INFO  impl.RaftServerProxy (RaftServerProxy.java:addNew(89)) - 7becc6a6-c060-4129-a788-e926a86fd29a: addNew group-3006E3568C7B:[7becc6a6-c060-4129-a788-e926a86fd29a:192.168.34.45:40536] returns group-3006E3568C7B:java.util.concurrent.CompletableFuture@3ac439f4[Not completed]
2019-11-13 05:09:25,771 [pool-27-thread-1] INFO  impl.RaftServerImpl (RaftServerImpl.java:<init>(98)) - 7becc6a6-c060-4129-a788-e926a86fd29a: new RaftServerImpl for group-3006E3568C7B:[7becc6a6-c060-4129-a788-e926a86fd29a:192.168.34.45:40536] with ContainerStateMachine:uninitialized
2019-11-13 05:09:25,774 [pool-27-thread-1] INFO  server.RaftServerConfigKeys (ConfUtils.java:logGet(43)) - raft.server.rpc.timeout.min = 5s (custom)
2019-11-13 05:09:25,775 [pool-27-thread-1] INFO  server.RaftServerConfigKeys (ConfUtils.java:logGet(43)) - raft.server.rpc.timeout.max = 5200ms (custom)
2019-11-13 05:09:25,775 [pool-27-thread-1] INFO  server.RaftServerConfigKeys (ConfUtils.java:logGet(43)) - raft.server.rpcslowness.timeout = 120s (custom)
2019-11-13 05:09:25,776 [pool-27-thread-1] INFO  server.RaftServerConfigKeys (ConfUtils.java:logGet(43)) - raft.server.sleep.deviation.threshold = 300 (default)
2019-11-13 05:09:25,777 [pool-27-thread-1] INFO  server.RaftServerConfigKeys (ConfUtils.java:logGet(43)) - raft.server.log.appender.install.snapshot.enabled = false (custom)
2019-11-13 05:09:25,787 [pool-27-thread-1] INFO  impl.RaftServerImpl (ServerState.java:<init>(103)) - 7becc6a6-c060-4129-a788-e926a86fd29a@group-3006E3568C7B: ConfigurationManager, init=-1: [7becc6a6-c060-4129-a788-e926a86fd29a:192.168.34.45:40536], old=null, confs=<EMPTY_MAP>
2019-11-13 05:09:25,787 [pool-27-thread-1] INFO  server.RaftServerConfigKeys (ConfUtils.java:logGet(43)) - raft.server.storage.dir = [/workdir/hadoop-ozone/tools/target/test-dir/MiniOzoneClusterImpl-057fdede-c001-40ca-aad2-2ca72f5b0309/datanode-0/data/ratis] (custom)
2019-11-13 05:09:25,812 [pool-27-thread-1] INFO  server.RaftServerConfigKeys (ConfUtils.java:logGet(43)) - raft.server.log.corruption.policy = EXCEPTION (default)
2019-11-13 05:09:25,816 [pool-27-thread-1] INFO  storage.RaftStorageDirectory (RaftStorageDirectory.java:analyzeStorage(246)) - The storage directory /workdir/hadoop-ozone/tools/target/test-dir/MiniOzoneClusterImpl-057fdede-c001-40ca-aad2-2ca72f5b0309/datanode-0/data/ratis/e57fb8a2-0131-42f4-903c-3006e3568c7b does not exist. Creating ...
2019-11-13 05:09:25,836 [pool-27-thread-1] INFO  storage.RaftStorageDirectory (RaftStorageDirectory.java:tryLock(328)) - Lock on /workdir/hadoop-ozone/tools/target/test-dir/MiniOzoneClusterImpl-057fdede-c001-40ca-aad2-2ca72f5b0309/datanode-0/data/ratis/e57fb8a2-0131-42f4-903c-3006e3568c7b/in_use.lock acquired by nodename 21495@trunk-nightly-20191113-wdxpm-1799726093
2019-11-13 05:09:25,852 [pool-27-thread-1] INFO  storage.RaftStorage (RaftStorage.java:format(84)) - Storage directory /workdir/hadoop-ozone/tools/target/test-dir/MiniOzoneClusterImpl-057fdede-c001-40ca-aad2-2ca72f5b0309/datanode-0/data/ratis/e57fb8a2-0131-42f4-903c-3006e3568c7b has been successfully formatted.
2019-11-13 05:09:25,855 [pool-27-thread-1] INFO  ratis.ContainerStateMachine (ContainerStateMachine.java:loadSnapshot(223)) - group-3006E3568C7B: The snapshot info is null. Setting the last applied indexto:(t:0, i:~)
2019-11-13 05:09:25,856 [pool-27-thread-1] INFO  server.RaftServerConfigKeys (ConfUtils.java:logGet(43)) - raft.server.notification.no-leader.timeout = 120s (custom)
2019-11-13 05:09:25,859 [pool-27-thread-1] INFO  server.RaftServerConfigKeys (ConfUtils.java:logGet(43)) - raft.server.log.use.memory = false (default)
2019-11-13 05:09:25,865 [pool-27-thread-1] INFO  server.RaftServerConfigKeys (ConfUtils.java:logGet(43)) - raft.server.log.purge.gap = 1000000 (custom)
2019-11-13 05:09:25,865 [pool-27-thread-1] INFO  server.RaftServerConfigKeys (ConfUtils.java:logGet(43)) - raft.server.log.appender.buffer.byte-limit = 33554432 (custom)
2019-11-13 05:09:25,868 [pool-27-thread-1] INFO  server.RaftServerConfigKeys (ConfUtils.java:logGet(43)) - raft.server.log.segment.size.max = 1048576 (custom)
2019-11-13 05:09:25,879 [pool-27-thread-1] INFO  metrics.MetricRegistries (MetricRegistriesLoader.java:load(64)) - Loaded MetricRegistries class org.apache.ratis.metrics.impl.MetricRegistriesImpl
2019-11-13 05:09:25,884 [pool-27-thread-1] WARN  impl.MetricRegistriesImpl (MetricRegistriesImpl.java:lambda$create$1(61)) - First MetricRegistry has been created without registering reporters. You may need to call MetricRegistries.global().addReportRegistration(...) before.
2019-11-13 05:09:25,891 [pool-27-thread-1] INFO  server.RaftServerConfigKeys (ConfUtils.java:logGet(43)) - raft.server.log.segment.cache.num.max = 2 (custom)
2019-11-13 05:09:25,896 [pool-27-thread-1] INFO  segmented.SegmentedRaftLogWorker (SegmentedRaftLogWorker.java:<init>(173)) - new 7becc6a6-c060-4129-a788-e926a86fd29a@group-3006E3568C7B-SegmentedRaftLogWorker for RaftStorage:Storage Directory /workdir/hadoop-ozone/tools/target/test-dir/MiniOzoneClusterImpl-057fdede-c001-40ca-aad2-2ca72f5b0309/datanode-0/data/ratis/e57fb8a2-0131-42f4-903c-3006e3568c7b
2019-11-13 05:09:25,896 [pool-27-thread-1] INFO  server.RaftServerConfigKeys (ConfUtils.java:logGet(43)) - raft.server.log.queue.byte-limit = 2147483647 (custom)
2019-11-13 05:09:25,897 [pool-27-thread-1] INFO  server.RaftServerConfigKeys (ConfUtils.java:logGet(43)) - raft.server.log.queue.element-limit = 1024 (custom)
2019-11-13 05:09:25,898 [pool-27-thread-1] INFO  server.RaftServerConfigKeys (ConfUtils.java:logGet(43)) - raft.server.log.segment.size.max = 1048576 (custom)
2019-11-13 05:09:25,899 [pool-27-thread-1] INFO  server.RaftServerConfigKeys (ConfUtils.java:logGet(43)) - raft.server.log.preallocated.size = 16384 (custom)
2019-11-13 05:09:25,899 [pool-27-thread-1] INFO  server.RaftServerConfigKeys (ConfUtils.java:logGet(43)) - raft.server.log.write.buffer.size = 33554432 (custom)
2019-11-13 05:09:25,900 [pool-27-thread-1] INFO  server.RaftServerConfigKeys (ConfUtils.java:logGet(43)) - raft.server.log.force.sync.num = 128 (default)
2019-11-13 05:09:25,901 [pool-27-thread-1] INFO  server.RaftServerConfigKeys (ConfUtils.java:logGet(43)) - raft.server.log.statemachine.data.sync = true (default)
2019-11-13 05:09:25,901 [pool-27-thread-1] INFO  server.RaftServerConfigKeys (ConfUtils.java:logGet(43)) - raft.server.log.statemachine.data.sync.timeout = 10s (default)
2019-11-13 05:09:25,902 [pool-27-thread-1] INFO  server.RaftServerConfigKeys (ConfUtils.java:logGet(43)) - raft.server.log.statemachine.data.sync.timeout.retry = -1 (default)
2019-11-13 05:09:25,914 [pool-27-thread-1] INFO  server.RaftServerConfigKeys (ConfUtils.java:logGet(43)) - raft.server.log.statemachine.data.caching.enabled = true (custom)
2019-11-13 05:09:25,919 [pool-27-thread-1] INFO  segmented.SegmentedRaftLogWorker (SegmentedRaftLogWorker.java:lambda$new$0(128)) - 7becc6a6-c060-4129-a788-e926a86fd29a@group-3006E3568C7B-SegmentedRaftLogWorker: flushIndex: setUnconditionally 0 -> -1
2019-11-13 05:09:25,923 [pool-27-thread-1] INFO  server.RaftServerConfigKeys (ConfUtils.java:logGet(43)) - raft.server.snapshot.auto.trigger.enabled = true (custom)
2019-11-13 05:09:25,924 [pool-27-thread-1] INFO  server.RaftServerConfigKeys (ConfUtils.java:logGet(43)) - raft.server.snapshot.auto.trigger.threshold = 10000 (custom)
2019-11-13 05:09:25,924 [pool-27-thread-1] INFO  server.RaftServerConfigKeys (ConfUtils.java:logGet(43)) - raft.server.snapshot.retention.file.num = 5 (custom)
2019-11-13 05:09:25,925 [pool-27-thread-1] INFO  server.RaftServerConfigKeys (ConfUtils.java:logGet(43)) - raft.server.retrycache.expirytime = 600000ms (custom)
2019-11-13 05:09:25,943 [pool-27-thread-1] WARN  impl.MetricRegistriesImpl (MetricRegistriesImpl.java:lambda$create$1(61)) - First MetricRegistry has been created without registering reporters. You may need to call MetricRegistries.global().addReportRegistration(...) before.
2019-11-13 05:09:25,945 [pool-27-thread-1] WARN  impl.MetricRegistriesImpl (MetricRegistriesImpl.java:lambda$create$1(61)) - First MetricRegistry has been created without registering reporters. You may need to call MetricRegistries.global().addReportRegistration(...) before.
2019-11-13 05:09:25,947 [pool-27-thread-1] INFO  impl.RaftServerImpl (RaftServerImpl.java:start(184)) - 7becc6a6-c060-4129-a788-e926a86fd29a@group-3006E3568C7B: start as a follower, conf=-1: [7becc6a6-c060-4129-a788-e926a86fd29a:192.168.34.45:40536], old=null
2019-11-13 05:09:25,948 [pool-27-thread-1] INFO  impl.RaftServerImpl (RaftServerImpl.java:setRole(173)) - 7becc6a6-c060-4129-a788-e926a86fd29a@group-3006E3568C7B: changes role from      null to FOLLOWER at term 0 for startAsFollower
2019-11-13 05:09:25,951 [pool-27-thread-1] INFO  impl.RoleInfo (RoleInfo.java:updateAndGet(143)) - 7becc6a6-c060-4129-a788-e926a86fd29a: start FollowerState
2019-11-13 05:09:25,955 [pool-27-thread-1] INFO  util.JmxRegister (JmxRegister.java:tryRegister(44)) - Successfully registered JMX Bean with object name Ratis:service=RaftServer,group=group-3006E3568C7B,id=7becc6a6-c060-4129-a788-e926a86fd29a
2019-11-13 05:09:25,957 [pool-27-thread-1] WARN  impl.MetricRegistriesImpl (MetricRegistriesImpl.java:lambda$create$1(61)) - First MetricRegistry has been created without registering reporters. You may need to call MetricRegistries.global().addReportRegistration(...) before.
2019-11-13 05:09:26,041 [RatisPipelineUtilsThread] INFO  pipeline.PipelineStateManager (PipelineStateManager.java:addPipeline(55)) - Created pipeline Pipeline[ Id: e57fb8a2-0131-42f4-903c-3006e3568c7b, Nodes: 7becc6a6-c060-4129-a788-e926a86fd29a{ip: 192.168.34.45, host: trunk-nightly-20191113-wdxpm-1799726093, networkLocation: /default-rack, certSerialId: null}, Type:RATIS, Factor:ONE, State:ALLOCATED]
2019-11-13 05:09:26,063 [grpc-default-executor-0] INFO  impl.RaftServerProxy (RaftServerProxy.java:addNew(89)) - 48f146a6-a5be-49c8-b3b4-aad85ee41d4c: addNew group-1319ECB7F87D:[48f146a6-a5be-49c8-b3b4-aad85ee41d4c:192.168.34.45:37974] returns group-1319ECB7F87D:java.util.concurrent.CompletableFuture@216b8497[Not completed]
2019-11-13 05:09:26,089 [pool-47-thread-1] INFO  impl.RaftServerImpl (RaftServerImpl.java:<init>(98)) - 48f146a6-a5be-49c8-b3b4-aad85ee41d4c: new RaftServerImpl for group-1319ECB7F87D:[48f146a6-a5be-49c8-b3b4-aad85ee41d4c:192.168.34.45:37974] with ContainerStateMachine:uninitialized
2019-11-13 05:09:26,090 [pool-47-thread-1] INFO  server.RaftServerConfigKeys (ConfUtils.java:logGet(43)) - raft.server.rpc.timeout.min = 5s (custom)
2019-11-13 05:09:26,091 [pool-47-thread-1] INFO  server.RaftServerConfigKeys (ConfUtils.java:logGet(43)) - raft.server.rpc.timeout.max = 5200ms (custom)
2019-11-13 05:09:26,091 [pool-47-thread-1] INFO  server.RaftServerConfigKeys (ConfUtils.java:logGet(43)) - raft.server.rpcslowness.timeout = 120s (custom)
2019-11-13 05:09:26,091 [pool-47-thread-1] INFO  server.RaftServerConfigKeys (ConfUtils.java:logGet(43)) - raft.server.sleep.deviation.threshold = 300 (default)
2019-11-13 05:09:26,091 [pool-47-thread-1] INFO  server.RaftServerConfigKeys (ConfUtils.java:logGet(43)) - raft.server.log.appender.install.snapshot.enabled = false (custom)
2019-11-13 05:09:26,091 [pool-47-thread-1] INFO  impl.RaftServerImpl (ServerState.java:<init>(103)) - 48f146a6-a5be-49c8-b3b4-aad85ee41d4c@group-1319ECB7F87D: ConfigurationManager, init=-1: [48f146a6-a5be-49c8-b3b4-aad85ee41d4c:192.168.34.45:37974], old=null, confs=<EMPTY_MAP>
2019-11-13 05:09:26,092 [pool-47-thread-1] INFO  server.RaftServerConfigKeys (ConfUtils.java:logGet(43)) - raft.server.storage.dir = [/workdir/hadoop-ozone/tools/target/test-dir/MiniOzoneClusterImpl-057fdede-c001-40ca-aad2-2ca72f5b0309/datanode-2/data/ratis] (custom)
2019-11-13 05:09:26,092 [pool-47-thread-1] INFO  server.RaftServerConfigKeys (ConfUtils.java:logGet(43)) - raft.server.log.corruption.policy = EXCEPTION (default)
2019-11-13 05:09:26,092 [pool-47-thread-1] INFO  storage.RaftStorageDirectory (RaftStorageDirectory.java:analyzeStorage(246)) - The storage directory /workdir/hadoop-ozone/tools/target/test-dir/MiniOzoneClusterImpl-057fdede-c001-40ca-aad2-2ca72f5b0309/datanode-2/data/ratis/65e989d0-b21e-4c3e-9f7c-1319ecb7f87d does not exist. Creating ...
2019-11-13 05:09:26,101 [pool-47-thread-1] INFO  storage.RaftStorageDirectory (RaftStorageDirectory.java:tryLock(328)) - Lock on /workdir/hadoop-ozone/tools/target/test-dir/MiniOzoneClusterImpl-057fdede-c001-40ca-aad2-2ca72f5b0309/datanode-2/data/ratis/65e989d0-b21e-4c3e-9f7c-1319ecb7f87d/in_use.lock acquired by nodename 21495@trunk-nightly-20191113-wdxpm-1799726093
2019-11-13 05:09:26,114 [pool-47-thread-1] INFO  storage.RaftStorage (RaftStorage.java:format(84)) - Storage directory /workdir/hadoop-ozone/tools/target/test-dir/MiniOzoneClusterImpl-057fdede-c001-40ca-aad2-2ca72f5b0309/datanode-2/data/ratis/65e989d0-b21e-4c3e-9f7c-1319ecb7f87d has been successfully formatted.
2019-11-13 05:09:26,115 [pool-47-thread-1] INFO  ratis.ContainerStateMachine (ContainerStateMachine.java:loadSnapshot(223)) - group-1319ECB7F87D: The snapshot info is null. Setting the last applied indexto:(t:0, i:~)
2019-11-13 05:09:26,116 [pool-47-thread-1] INFO  server.RaftServerConfigKeys (ConfUtils.java:logGet(43)) - raft.server.notification.no-leader.timeout = 120s (custom)
2019-11-13 05:09:26,116 [pool-47-thread-1] INFO  server.RaftServerConfigKeys (ConfUtils.java:logGet(43)) - raft.server.log.use.memory = false (default)
2019-11-13 05:09:26,116 [pool-47-thread-1] INFO  server.RaftServerConfigKeys (ConfUtils.java:logGet(43)) - raft.server.log.purge.gap = 1000000 (custom)
2019-11-13 05:09:26,117 [pool-47-thread-1] INFO  server.RaftServerConfigKeys (ConfUtils.java:logGet(43)) - raft.server.log.appender.buffer.byte-limit = 33554432 (custom)
2019-11-13 05:09:26,117 [pool-47-thread-1] INFO  server.RaftServerConfigKeys (ConfUtils.java:logGet(43)) - raft.server.log.segment.size.max = 1048576 (custom)
2019-11-13 05:09:26,117 [pool-47-thread-1] WARN  impl.MetricRegistriesImpl (MetricRegistriesImpl.java:lambda$create$1(61)) - First MetricRegistry has been created without registering reporters. You may need to call MetricRegistries.global().addReportRegistration(...) before.
2019-11-13 05:09:26,118 [pool-47-thread-1] INFO  server.RaftServerConfigKeys (ConfUtils.java:logGet(43)) - raft.server.log.segment.cache.num.max = 2 (custom)
2019-11-13 05:09:26,118 [pool-47-thread-1] INFO  segmented.SegmentedRaftLogWorker (SegmentedRaftLogWorker.java:<init>(173)) - new 48f146a6-a5be-49c8-b3b4-aad85ee41d4c@group-1319ECB7F87D-SegmentedRaftLogWorker for RaftStorage:Storage Directory /workdir/hadoop-ozone/tools/target/test-dir/MiniOzoneClusterImpl-057fdede-c001-40ca-aad2-2ca72f5b0309/datanode-2/data/ratis/65e989d0-b21e-4c3e-9f7c-1319ecb7f87d
2019-11-13 05:09:26,119 [pool-47-thread-1] INFO  server.RaftServerConfigKeys (ConfUtils.java:logGet(43)) - raft.server.log.queue.byte-limit = 2147483647 (custom)
2019-11-13 05:09:26,119 [pool-47-thread-1] INFO  server.RaftServerConfigKeys (ConfUtils.java:logGet(43)) - raft.server.log.queue.element-limit = 1024 (custom)
2019-11-13 05:09:26,119 [pool-47-thread-1] INFO  server.RaftServerConfigKeys (ConfUtils.java:logGet(43)) - raft.server.log.segment.size.max = 1048576 (custom)
2019-11-13 05:09:26,119 [pool-47-thread-1] INFO  server.RaftServerConfigKeys (ConfUtils.java:logGet(43)) - raft.server.log.preallocated.size = 16384 (custom)
2019-11-13 05:09:26,120 [pool-47-thread-1] INFO  server.RaftServerConfigKeys (ConfUtils.java:logGet(43)) - raft.server.log.write.buffer.size = 33554432 (custom)
2019-11-13 05:09:26,120 [pool-47-thread-1] INFO  server.RaftServerConfigKeys (ConfUtils.java:logGet(43)) - raft.server.log.force.sync.num = 128 (default)
2019-11-13 05:09:26,120 [pool-47-thread-1] INFO  server.RaftServerConfigKeys (ConfUtils.java:logGet(43)) - raft.server.log.statemachine.data.sync = true (default)
2019-11-13 05:09:26,120 [pool-47-thread-1] INFO  server.RaftServerConfigKeys (ConfUtils.java:logGet(43)) - raft.server.log.statemachine.data.sync.timeout = 10s (default)
2019-11-13 05:09:26,120 [pool-47-thread-1] INFO  server.RaftServerConfigKeys (ConfUtils.java:logGet(43)) - raft.server.log.statemachine.data.sync.timeout.retry = -1 (default)
2019-11-13 05:09:26,121 [pool-47-thread-1] INFO  server.RaftServerConfigKeys (ConfUtils.java:logGet(43)) - raft.server.log.statemachine.data.caching.enabled = true (custom)
2019-11-13 05:09:26,121 [pool-47-thread-1] INFO  segmented.SegmentedRaftLogWorker (SegmentedRaftLogWorker.java:lambda$new$0(128)) - 48f146a6-a5be-49c8-b3b4-aad85ee41d4c@group-1319ECB7F87D-SegmentedRaftLogWorker: flushIndex: setUnconditionally 0 -> -1
2019-11-13 05:09:26,122 [pool-47-thread-1] INFO  server.RaftServerConfigKeys (ConfUtils.java:logGet(43)) - raft.server.snapshot.auto.trigger.enabled = true (custom)
2019-11-13 05:09:26,122 [pool-47-thread-1] INFO  server.RaftServerConfigKeys (ConfUtils.java:logGet(43)) - raft.server.snapshot.auto.trigger.threshold = 10000 (custom)
2019-11-13 05:09:26,122 [pool-47-thread-1] INFO  server.RaftServerConfigKeys (ConfUtils.java:logGet(43)) - raft.server.snapshot.retention.file.num = 5 (custom)
2019-11-13 05:09:26,123 [pool-47-thread-1] INFO  server.RaftServerConfigKeys (ConfUtils.java:logGet(43)) - raft.server.retrycache.expirytime = 600000ms (custom)
2019-11-13 05:09:26,123 [pool-47-thread-1] WARN  impl.MetricRegistriesImpl (MetricRegistriesImpl.java:lambda$create$1(61)) - First MetricRegistry has been created without registering reporters. You may need to call MetricRegistries.global().addReportRegistration(...) before.
2019-11-13 05:09:26,123 [pool-47-thread-1] WARN  impl.MetricRegistriesImpl (MetricRegistriesImpl.java:lambda$create$1(61)) - First MetricRegistry has been created without registering reporters. You may need to call MetricRegistries.global().addReportRegistration(...) before.
2019-11-13 05:09:26,123 [pool-47-thread-1] INFO  impl.RaftServerImpl (RaftServerImpl.java:start(184)) - 48f146a6-a5be-49c8-b3b4-aad85ee41d4c@group-1319ECB7F87D: start as a follower, conf=-1: [48f146a6-a5be-49c8-b3b4-aad85ee41d4c:192.168.34.45:37974], old=null
2019-11-13 05:09:26,123 [pool-47-thread-1] INFO  impl.RaftServerImpl (RaftServerImpl.java:setRole(173)) - 48f146a6-a5be-49c8-b3b4-aad85ee41d4c@group-1319ECB7F87D: changes role from      null to FOLLOWER at term 0 for startAsFollower
2019-11-13 05:09:26,124 [pool-47-thread-1] INFO  impl.RoleInfo (RoleInfo.java:updateAndGet(143)) - 48f146a6-a5be-49c8-b3b4-aad85ee41d4c: start FollowerState
2019-11-13 05:09:26,125 [pool-47-thread-1] INFO  util.JmxRegister (JmxRegister.java:tryRegister(44)) - Successfully registered JMX Bean with object name Ratis:service=RaftServer,group=group-1319ECB7F87D,id=48f146a6-a5be-49c8-b3b4-aad85ee41d4c
2019-11-13 05:09:26,126 [pool-47-thread-1] WARN  impl.MetricRegistriesImpl (MetricRegistriesImpl.java:lambda$create$1(61)) - First MetricRegistry has been created without registering reporters. You may need to call MetricRegistries.global().addReportRegistration(...) before.
2019-11-13 05:09:26,137 [RatisPipelineUtilsThread] INFO  pipeline.PipelineStateManager (PipelineStateManager.java:addPipeline(55)) - Created pipeline Pipeline[ Id: 65e989d0-b21e-4c3e-9f7c-1319ecb7f87d, Nodes: 48f146a6-a5be-49c8-b3b4-aad85ee41d4c{ip: 192.168.34.45, host: trunk-nightly-20191113-wdxpm-1799726093, networkLocation: /default-rack, certSerialId: null}, Type:RATIS, Factor:ONE, State:ALLOCATED]
2019-11-13 05:09:26,154 [grpc-default-executor-0] INFO  impl.RaftServerProxy (RaftServerProxy.java:addNew(89)) - a2052f7e-d3c3-4622-93e6-57af3c07b0b9: addNew group-5B26391849C0:[a2052f7e-d3c3-4622-93e6-57af3c07b0b9:192.168.34.45:36888] returns group-5B26391849C0:java.util.concurrent.CompletableFuture@6e8e3285[Not completed]
2019-11-13 05:09:26,166 [pool-37-thread-1] INFO  impl.RaftServerImpl (RaftServerImpl.java:<init>(98)) - a2052f7e-d3c3-4622-93e6-57af3c07b0b9: new RaftServerImpl for group-5B26391849C0:[a2052f7e-d3c3-4622-93e6-57af3c07b0b9:192.168.34.45:36888] with ContainerStateMachine:uninitialized
2019-11-13 05:09:26,167 [pool-37-thread-1] INFO  server.RaftServerConfigKeys (ConfUtils.java:logGet(43)) - raft.server.rpc.timeout.min = 5s (custom)
2019-11-13 05:09:26,167 [pool-37-thread-1] INFO  server.RaftServerConfigKeys (ConfUtils.java:logGet(43)) - raft.server.rpc.timeout.max = 5200ms (custom)
2019-11-13 05:09:26,167 [pool-37-thread-1] INFO  server.RaftServerConfigKeys (ConfUtils.java:logGet(43)) - raft.server.rpcslowness.timeout = 120s (custom)
2019-11-13 05:09:26,167 [pool-37-thread-1] INFO  server.RaftServerConfigKeys (ConfUtils.java:logGet(43)) - raft.server.sleep.deviation.threshold = 300 (default)
2019-11-13 05:09:26,167 [pool-37-thread-1] INFO  server.RaftServerConfigKeys (ConfUtils.java:logGet(43)) - raft.server.log.appender.install.snapshot.enabled = false (custom)
2019-11-13 05:09:26,167 [pool-37-thread-1] INFO  impl.RaftServerImpl (ServerState.java:<init>(103)) - a2052f7e-d3c3-4622-93e6-57af3c07b0b9@group-5B26391849C0: ConfigurationManager, init=-1: [a2052f7e-d3c3-4622-93e6-57af3c07b0b9:192.168.34.45:36888], old=null, confs=<EMPTY_MAP>
2019-11-13 05:09:26,168 [pool-37-thread-1] INFO  server.RaftServerConfigKeys (ConfUtils.java:logGet(43)) - raft.server.storage.dir = [/workdir/hadoop-ozone/tools/target/test-dir/MiniOzoneClusterImpl-057fdede-c001-40ca-aad2-2ca72f5b0309/datanode-1/data/ratis] (custom)
2019-11-13 05:09:26,168 [pool-37-thread-1] INFO  server.RaftServerConfigKeys (ConfUtils.java:logGet(43)) - raft.server.log.corruption.policy = EXCEPTION (default)
2019-11-13 05:09:26,168 [pool-37-thread-1] INFO  storage.RaftStorageDirectory (RaftStorageDirectory.java:analyzeStorage(246)) - The storage directory /workdir/hadoop-ozone/tools/target/test-dir/MiniOzoneClusterImpl-057fdede-c001-40ca-aad2-2ca72f5b0309/datanode-1/data/ratis/7910a139-ac70-4b19-9535-5b26391849c0 does not exist. Creating ...
2019-11-13 05:09:26,181 [pool-37-thread-1] INFO  storage.RaftStorageDirectory (RaftStorageDirectory.java:tryLock(328)) - Lock on /workdir/hadoop-ozone/tools/target/test-dir/MiniOzoneClusterImpl-057fdede-c001-40ca-aad2-2ca72f5b0309/datanode-1/data/ratis/7910a139-ac70-4b19-9535-5b26391849c0/in_use.lock acquired by nodename 21495@trunk-nightly-20191113-wdxpm-1799726093
2019-11-13 05:09:26,193 [pool-37-thread-1] INFO  storage.RaftStorage (RaftStorage.java:format(84)) - Storage directory /workdir/hadoop-ozone/tools/target/test-dir/MiniOzoneClusterImpl-057fdede-c001-40ca-aad2-2ca72f5b0309/datanode-1/data/ratis/7910a139-ac70-4b19-9535-5b26391849c0 has been successfully formatted.
2019-11-13 05:09:26,193 [pool-37-thread-1] INFO  ratis.ContainerStateMachine (ContainerStateMachine.java:loadSnapshot(223)) - group-5B26391849C0: The snapshot info is null. Setting the last applied indexto:(t:0, i:~)
2019-11-13 05:09:26,194 [pool-37-thread-1] INFO  server.RaftServerConfigKeys (ConfUtils.java:logGet(43)) - raft.server.notification.no-leader.timeout = 120s (custom)
2019-11-13 05:09:26,194 [pool-37-thread-1] INFO  server.RaftServerConfigKeys (ConfUtils.java:logGet(43)) - raft.server.log.use.memory = false (default)
2019-11-13 05:09:26,194 [pool-37-thread-1] INFO  server.RaftServerConfigKeys (ConfUtils.java:logGet(43)) - raft.server.log.purge.gap = 1000000 (custom)
2019-11-13 05:09:26,194 [pool-37-thread-1] INFO  server.RaftServerConfigKeys (ConfUtils.java:logGet(43)) - raft.server.log.appender.buffer.byte-limit = 33554432 (custom)
2019-11-13 05:09:26,194 [pool-37-thread-1] INFO  server.RaftServerConfigKeys (ConfUtils.java:logGet(43)) - raft.server.log.segment.size.max = 1048576 (custom)
2019-11-13 05:09:26,194 [pool-37-thread-1] WARN  impl.MetricRegistriesImpl (MetricRegistriesImpl.java:lambda$create$1(61)) - First MetricRegistry has been created without registering reporters. You may need to call MetricRegistries.global().addReportRegistration(...) before.
2019-11-13 05:09:26,194 [pool-37-thread-1] INFO  server.RaftServerConfigKeys (ConfUtils.java:logGet(43)) - raft.server.log.segment.cache.num.max = 2 (custom)
2019-11-13 05:09:26,194 [pool-37-thread-1] INFO  segmented.SegmentedRaftLogWorker (SegmentedRaftLogWorker.java:<init>(173)) - new a2052f7e-d3c3-4622-93e6-57af3c07b0b9@group-5B26391849C0-SegmentedRaftLogWorker for RaftStorage:Storage Directory /workdir/hadoop-ozone/tools/target/test-dir/MiniOzoneClusterImpl-057fdede-c001-40ca-aad2-2ca72f5b0309/datanode-1/data/ratis/7910a139-ac70-4b19-9535-5b26391849c0
2019-11-13 05:09:26,195 [pool-37-thread-1] INFO  server.RaftServerConfigKeys (ConfUtils.java:logGet(43)) - raft.server.log.queue.byte-limit = 2147483647 (custom)
2019-11-13 05:09:26,195 [pool-37-thread-1] INFO  server.RaftServerConfigKeys (ConfUtils.java:logGet(43)) - raft.server.log.queue.element-limit = 1024 (custom)
2019-11-13 05:09:26,195 [pool-37-thread-1] INFO  server.RaftServerConfigKeys (ConfUtils.java:logGet(43)) - raft.server.log.segment.size.max = 1048576 (custom)
2019-11-13 05:09:26,195 [pool-37-thread-1] INFO  server.RaftServerConfigKeys (ConfUtils.java:logGet(43)) - raft.server.log.preallocated.size = 16384 (custom)
2019-11-13 05:09:26,195 [pool-37-thread-1] INFO  server.RaftServerConfigKeys (ConfUtils.java:logGet(43)) - raft.server.log.write.buffer.size = 33554432 (custom)
2019-11-13 05:09:26,195 [pool-37-thread-1] INFO  server.RaftServerConfigKeys (ConfUtils.java:logGet(43)) - raft.server.log.force.sync.num = 128 (default)
2019-11-13 05:09:26,195 [pool-37-thread-1] INFO  server.RaftServerConfigKeys (ConfUtils.java:logGet(43)) - raft.server.log.statemachine.data.sync = true (default)
2019-11-13 05:09:26,195 [pool-37-thread-1] INFO  server.RaftServerConfigKeys (ConfUtils.java:logGet(43)) - raft.server.log.statemachine.data.sync.timeout = 10s (default)
2019-11-13 05:09:26,195 [pool-37-thread-1] INFO  server.RaftServerConfigKeys (ConfUtils.java:logGet(43)) - raft.server.log.statemachine.data.sync.timeout.retry = -1 (default)
2019-11-13 05:09:26,196 [pool-37-thread-1] INFO  server.RaftServerConfigKeys (ConfUtils.java:logGet(43)) - raft.server.log.statemachine.data.caching.enabled = true (custom)
2019-11-13 05:09:26,196 [pool-37-thread-1] INFO  segmented.SegmentedRaftLogWorker (SegmentedRaftLogWorker.java:lambda$new$0(128)) - a2052f7e-d3c3-4622-93e6-57af3c07b0b9@group-5B26391849C0-SegmentedRaftLogWorker: flushIndex: setUnconditionally 0 -> -1
2019-11-13 05:09:26,196 [pool-37-thread-1] INFO  server.RaftServerConfigKeys (ConfUtils.java:logGet(43)) - raft.server.snapshot.auto.trigger.enabled = true (custom)
2019-11-13 05:09:26,196 [pool-37-thread-1] INFO  server.RaftServerConfigKeys (ConfUtils.java:logGet(43)) - raft.server.snapshot.auto.trigger.threshold = 10000 (custom)
2019-11-13 05:09:26,197 [pool-37-thread-1] INFO  server.RaftServerConfigKeys (ConfUtils.java:logGet(43)) - raft.server.snapshot.retention.file.num = 5 (custom)
2019-11-13 05:09:26,197 [pool-37-thread-1] INFO  server.RaftServerConfigKeys (ConfUtils.java:logGet(43)) - raft.server.retrycache.expirytime = 600000ms (custom)
2019-11-13 05:09:26,197 [pool-37-thread-1] WARN  impl.MetricRegistriesImpl (MetricRegistriesImpl.java:lambda$create$1(61)) - First MetricRegistry has been created without registering reporters. You may need to call MetricRegistries.global().addReportRegistration(...) before.
2019-11-13 05:09:26,197 [pool-37-thread-1] WARN  impl.MetricRegistriesImpl (MetricRegistriesImpl.java:lambda$create$1(61)) - First MetricRegistry has been created without registering reporters. You may need to call MetricRegistries.global().addReportRegistration(...) before.
2019-11-13 05:09:26,197 [pool-37-thread-1] INFO  impl.RaftServerImpl (RaftServerImpl.java:start(184)) - a2052f7e-d3c3-4622-93e6-57af3c07b0b9@group-5B26391849C0: start as a follower, conf=-1: [a2052f7e-d3c3-4622-93e6-57af3c07b0b9:192.168.34.45:36888], old=null
2019-11-13 05:09:26,197 [pool-37-thread-1] INFO  impl.RaftServerImpl (RaftServerImpl.java:setRole(173)) - a2052f7e-d3c3-4622-93e6-57af3c07b0b9@group-5B26391849C0: changes role from      null to FOLLOWER at term 0 for startAsFollower
2019-11-13 05:09:26,197 [pool-37-thread-1] INFO  impl.RoleInfo (RoleInfo.java:updateAndGet(143)) - a2052f7e-d3c3-4622-93e6-57af3c07b0b9: start FollowerState
2019-11-13 05:09:26,198 [pool-37-thread-1] INFO  util.JmxRegister (JmxRegister.java:tryRegister(44)) - Successfully registered JMX Bean with object name Ratis:service=RaftServer,group=group-5B26391849C0,id=a2052f7e-d3c3-4622-93e6-57af3c07b0b9
2019-11-13 05:09:26,198 [pool-37-thread-1] WARN  impl.MetricRegistriesImpl (MetricRegistriesImpl.java:lambda$create$1(61)) - First MetricRegistry has been created without registering reporters. You may need to call MetricRegistries.global().addReportRegistration(...) before.
2019-11-13 05:09:26,206 [RatisPipelineUtilsThread] INFO  pipeline.PipelineStateManager (PipelineStateManager.java:addPipeline(55)) - Created pipeline Pipeline[ Id: 7910a139-ac70-4b19-9535-5b26391849c0, Nodes: a2052f7e-d3c3-4622-93e6-57af3c07b0b9{ip: 192.168.34.45, host: trunk-nightly-20191113-wdxpm-1799726093, networkLocation: /default-rack, certSerialId: null}, Type:RATIS, Factor:ONE, State:ALLOCATED]
2019-11-13 05:09:26,230 [grpc-default-executor-2] INFO  impl.RaftServerProxy (RaftServerProxy.java:addNew(89)) - a2052f7e-d3c3-4622-93e6-57af3c07b0b9: addNew group-AA288FE8F44F:[48f146a6-a5be-49c8-b3b4-aad85ee41d4c:192.168.34.45:37974, a2052f7e-d3c3-4622-93e6-57af3c07b0b9:192.168.34.45:36888, 7becc6a6-c060-4129-a788-e926a86fd29a:192.168.34.45:40536] returns group-AA288FE8F44F:java.util.concurrent.CompletableFuture@10918b0f[Not completed]
2019-11-13 05:09:26,230 [grpc-default-executor-1] INFO  impl.RaftServerProxy (RaftServerProxy.java:addNew(89)) - 7becc6a6-c060-4129-a788-e926a86fd29a: addNew group-AA288FE8F44F:[48f146a6-a5be-49c8-b3b4-aad85ee41d4c:192.168.34.45:37974, a2052f7e-d3c3-4622-93e6-57af3c07b0b9:192.168.34.45:36888, 7becc6a6-c060-4129-a788-e926a86fd29a:192.168.34.45:40536] returns group-AA288FE8F44F:java.util.concurrent.CompletableFuture@6532c3a7[Not completed]
2019-11-13 05:09:26,233 [pool-37-thread-1] INFO  impl.RaftServerImpl (RaftServerImpl.java:<init>(98)) - a2052f7e-d3c3-4622-93e6-57af3c07b0b9: new RaftServerImpl for group-AA288FE8F44F:[48f146a6-a5be-49c8-b3b4-aad85ee41d4c:192.168.34.45:37974, a2052f7e-d3c3-4622-93e6-57af3c07b0b9:192.168.34.45:36888, 7becc6a6-c060-4129-a788-e926a86fd29a:192.168.34.45:40536] with ContainerStateMachine:uninitialized
2019-11-13 05:09:26,233 [pool-37-thread-1] INFO  server.RaftServerConfigKeys (ConfUtils.java:logGet(43)) - raft.server.rpc.timeout.min = 5s (custom)
2019-11-13 05:09:26,233 [pool-37-thread-1] INFO  server.RaftServerConfigKeys (ConfUtils.java:logGet(43)) - raft.server.rpc.timeout.max = 5200ms (custom)
2019-11-13 05:09:26,233 [pool-37-thread-1] INFO  server.RaftServerConfigKeys (ConfUtils.java:logGet(43)) - raft.server.rpcslowness.timeout = 120s (custom)
2019-11-13 05:09:26,233 [pool-37-thread-1] INFO  server.RaftServerConfigKeys (ConfUtils.java:logGet(43)) - raft.server.sleep.deviation.threshold = 300 (default)
2019-11-13 05:09:26,233 [pool-37-thread-1] INFO  server.RaftServerConfigKeys (ConfUtils.java:logGet(43)) - raft.server.log.appender.install.snapshot.enabled = false (custom)
2019-11-13 05:09:26,233 [pool-37-thread-1] INFO  impl.RaftServerImpl (ServerState.java:<init>(103)) - a2052f7e-d3c3-4622-93e6-57af3c07b0b9@group-AA288FE8F44F: ConfigurationManager, init=-1: [48f146a6-a5be-49c8-b3b4-aad85ee41d4c:192.168.34.45:37974, a2052f7e-d3c3-4622-93e6-57af3c07b0b9:192.168.34.45:36888, 7becc6a6-c060-4129-a788-e926a86fd29a:192.168.34.45:40536], old=null, confs=<EMPTY_MAP>
2019-11-13 05:09:26,234 [pool-37-thread-1] INFO  server.RaftServerConfigKeys (ConfUtils.java:logGet(43)) - raft.server.storage.dir = [/workdir/hadoop-ozone/tools/target/test-dir/MiniOzoneClusterImpl-057fdede-c001-40ca-aad2-2ca72f5b0309/datanode-1/data/ratis] (custom)
2019-11-13 05:09:26,234 [grpc-default-executor-1] INFO  impl.RaftServerProxy (RaftServerProxy.java:addNew(89)) - 48f146a6-a5be-49c8-b3b4-aad85ee41d4c: addNew group-AA288FE8F44F:[48f146a6-a5be-49c8-b3b4-aad85ee41d4c:192.168.34.45:37974, a2052f7e-d3c3-4622-93e6-57af3c07b0b9:192.168.34.45:36888, 7becc6a6-c060-4129-a788-e926a86fd29a:192.168.34.45:40536] returns group-AA288FE8F44F:java.util.concurrent.CompletableFuture@20304165[Not completed]
2019-11-13 05:09:26,234 [pool-37-thread-1] INFO  server.RaftServerConfigKeys (ConfUtils.java:logGet(43)) - raft.server.log.corruption.policy = EXCEPTION (default)
2019-11-13 05:09:26,234 [pool-37-thread-1] INFO  storage.RaftStorageDirectory (RaftStorageDirectory.java:analyzeStorage(246)) - The storage directory /workdir/hadoop-ozone/tools/target/test-dir/MiniOzoneClusterImpl-057fdede-c001-40ca-aad2-2ca72f5b0309/datanode-1/data/ratis/d1015827-1964-4cdc-9a3d-aa288fe8f44f does not exist. Creating ...
2019-11-13 05:09:26,234 [pool-27-thread-1] INFO  impl.RaftServerImpl (RaftServerImpl.java:<init>(98)) - 7becc6a6-c060-4129-a788-e926a86fd29a: new RaftServerImpl for group-AA288FE8F44F:[48f146a6-a5be-49c8-b3b4-aad85ee41d4c:192.168.34.45:37974, a2052f7e-d3c3-4622-93e6-57af3c07b0b9:192.168.34.45:36888, 7becc6a6-c060-4129-a788-e926a86fd29a:192.168.34.45:40536] with ContainerStateMachine:uninitialized
2019-11-13 05:09:26,235 [pool-27-thread-1] INFO  server.RaftServerConfigKeys (ConfUtils.java:logGet(43)) - raft.server.rpc.timeout.min = 5s (custom)
2019-11-13 05:09:26,235 [pool-27-thread-1] INFO  server.RaftServerConfigKeys (ConfUtils.java:logGet(43)) - raft.server.rpc.timeout.max = 5200ms (custom)
2019-11-13 05:09:26,235 [pool-27-thread-1] INFO  server.RaftServerConfigKeys (ConfUtils.java:logGet(43)) - raft.server.rpcslowness.timeout = 120s (custom)
2019-11-13 05:09:26,235 [pool-27-thread-1] INFO  server.RaftServerConfigKeys (ConfUtils.java:logGet(43)) - raft.server.sleep.deviation.threshold = 300 (default)
2019-11-13 05:09:26,235 [pool-47-thread-1] INFO  impl.RaftServerImpl (RaftServerImpl.java:<init>(98)) - 48f146a6-a5be-49c8-b3b4-aad85ee41d4c: new RaftServerImpl for group-AA288FE8F44F:[48f146a6-a5be-49c8-b3b4-aad85ee41d4c:192.168.34.45:37974, a2052f7e-d3c3-4622-93e6-57af3c07b0b9:192.168.34.45:36888, 7becc6a6-c060-4129-a788-e926a86fd29a:192.168.34.45:40536] with ContainerStateMachine:uninitialized
2019-11-13 05:09:26,235 [pool-27-thread-1] INFO  server.RaftServerConfigKeys (ConfUtils.java:logGet(43)) - raft.server.log.appender.install.snapshot.enabled = false (custom)
2019-11-13 05:09:26,235 [pool-47-thread-1] INFO  server.RaftServerConfigKeys (ConfUtils.java:logGet(43)) - raft.server.rpc.timeout.min = 5s (custom)
2019-11-13 05:09:26,236 [pool-27-thread-1] INFO  impl.RaftServerImpl (ServerState.java:<init>(103)) - 7becc6a6-c060-4129-a788-e926a86fd29a@group-AA288FE8F44F: ConfigurationManager, init=-1: [48f146a6-a5be-49c8-b3b4-aad85ee41d4c:192.168.34.45:37974, a2052f7e-d3c3-4622-93e6-57af3c07b0b9:192.168.34.45:36888, 7becc6a6-c060-4129-a788-e926a86fd29a:192.168.34.45:40536], old=null, confs=<EMPTY_MAP>
2019-11-13 05:09:26,236 [pool-47-thread-1] INFO  server.RaftServerConfigKeys (ConfUtils.java:logGet(43)) - raft.server.rpc.timeout.max = 5200ms (custom)
2019-11-13 05:09:26,236 [pool-27-thread-1] INFO  server.RaftServerConfigKeys (ConfUtils.java:logGet(43)) - raft.server.storage.dir = [/workdir/hadoop-ozone/tools/target/test-dir/MiniOzoneClusterImpl-057fdede-c001-40ca-aad2-2ca72f5b0309/datanode-0/data/ratis] (custom)
2019-11-13 05:09:26,236 [pool-47-thread-1] INFO  server.RaftServerConfigKeys (ConfUtils.java:logGet(43)) - raft.server.rpcslowness.timeout = 120s (custom)
2019-11-13 05:09:26,236 [pool-47-thread-1] INFO  server.RaftServerConfigKeys (ConfUtils.java:logGet(43)) - raft.server.sleep.deviation.threshold = 300 (default)
2019-11-13 05:09:26,236 [pool-27-thread-1] INFO  server.RaftServerConfigKeys (ConfUtils.java:logGet(43)) - raft.server.log.corruption.policy = EXCEPTION (default)
2019-11-13 05:09:26,236 [pool-47-thread-1] INFO  server.RaftServerConfigKeys (ConfUtils.java:logGet(43)) - raft.server.log.appender.install.snapshot.enabled = false (custom)
2019-11-13 05:09:26,236 [pool-27-thread-1] INFO  storage.RaftStorageDirectory (RaftStorageDirectory.java:analyzeStorage(246)) - The storage directory /workdir/hadoop-ozone/tools/target/test-dir/MiniOzoneClusterImpl-057fdede-c001-40ca-aad2-2ca72f5b0309/datanode-0/data/ratis/d1015827-1964-4cdc-9a3d-aa288fe8f44f does not exist. Creating ...
2019-11-13 05:09:26,236 [pool-47-thread-1] INFO  impl.RaftServerImpl (ServerState.java:<init>(103)) - 48f146a6-a5be-49c8-b3b4-aad85ee41d4c@group-AA288FE8F44F: ConfigurationManager, init=-1: [48f146a6-a5be-49c8-b3b4-aad85ee41d4c:192.168.34.45:37974, a2052f7e-d3c3-4622-93e6-57af3c07b0b9:192.168.34.45:36888, 7becc6a6-c060-4129-a788-e926a86fd29a:192.168.34.45:40536], old=null, confs=<EMPTY_MAP>
2019-11-13 05:09:26,237 [pool-47-thread-1] INFO  server.RaftServerConfigKeys (ConfUtils.java:logGet(43)) - raft.server.storage.dir = [/workdir/hadoop-ozone/tools/target/test-dir/MiniOzoneClusterImpl-057fdede-c001-40ca-aad2-2ca72f5b0309/datanode-2/data/ratis] (custom)
2019-11-13 05:09:26,237 [pool-47-thread-1] INFO  server.RaftServerConfigKeys (ConfUtils.java:logGet(43)) - raft.server.log.corruption.policy = EXCEPTION (default)
2019-11-13 05:09:26,237 [pool-47-thread-1] INFO  storage.RaftStorageDirectory (RaftStorageDirectory.java:analyzeStorage(246)) - The storage directory /workdir/hadoop-ozone/tools/target/test-dir/MiniOzoneClusterImpl-057fdede-c001-40ca-aad2-2ca72f5b0309/datanode-2/data/ratis/d1015827-1964-4cdc-9a3d-aa288fe8f44f does not exist. Creating ...
2019-11-13 05:09:26,249 [pool-47-thread-1] INFO  storage.RaftStorageDirectory (RaftStorageDirectory.java:tryLock(328)) - Lock on /workdir/hadoop-ozone/tools/target/test-dir/MiniOzoneClusterImpl-057fdede-c001-40ca-aad2-2ca72f5b0309/datanode-2/data/ratis/d1015827-1964-4cdc-9a3d-aa288fe8f44f/in_use.lock acquired by nodename 21495@trunk-nightly-20191113-wdxpm-1799726093
2019-11-13 05:09:26,249 [pool-37-thread-1] INFO  storage.RaftStorageDirectory (RaftStorageDirectory.java:tryLock(328)) - Lock on /workdir/hadoop-ozone/tools/target/test-dir/MiniOzoneClusterImpl-057fdede-c001-40ca-aad2-2ca72f5b0309/datanode-1/data/ratis/d1015827-1964-4cdc-9a3d-aa288fe8f44f/in_use.lock acquired by nodename 21495@trunk-nightly-20191113-wdxpm-1799726093
2019-11-13 05:09:26,249 [pool-27-thread-1] INFO  storage.RaftStorageDirectory (RaftStorageDirectory.java:tryLock(328)) - Lock on /workdir/hadoop-ozone/tools/target/test-dir/MiniOzoneClusterImpl-057fdede-c001-40ca-aad2-2ca72f5b0309/datanode-0/data/ratis/d1015827-1964-4cdc-9a3d-aa288fe8f44f/in_use.lock acquired by nodename 21495@trunk-nightly-20191113-wdxpm-1799726093
2019-11-13 05:09:26,255 [pool-47-thread-1] INFO  storage.RaftStorage (RaftStorage.java:format(84)) - Storage directory /workdir/hadoop-ozone/tools/target/test-dir/MiniOzoneClusterImpl-057fdede-c001-40ca-aad2-2ca72f5b0309/datanode-2/data/ratis/d1015827-1964-4cdc-9a3d-aa288fe8f44f has been successfully formatted.
2019-11-13 05:09:26,255 [pool-37-thread-1] INFO  storage.RaftStorage (RaftStorage.java:format(84)) - Storage directory /workdir/hadoop-ozone/tools/target/test-dir/MiniOzoneClusterImpl-057fdede-c001-40ca-aad2-2ca72f5b0309/datanode-1/data/ratis/d1015827-1964-4cdc-9a3d-aa288fe8f44f has been successfully formatted.
2019-11-13 05:09:26,255 [pool-47-thread-1] INFO  ratis.ContainerStateMachine (ContainerStateMachine.java:loadSnapshot(223)) - group-AA288FE8F44F: The snapshot info is null. Setting the last applied indexto:(t:0, i:~)
2019-11-13 05:09:26,255 [pool-27-thread-1] INFO  storage.RaftStorage (RaftStorage.java:format(84)) - Storage directory /workdir/hadoop-ozone/tools/target/test-dir/MiniOzoneClusterImpl-057fdede-c001-40ca-aad2-2ca72f5b0309/datanode-0/data/ratis/d1015827-1964-4cdc-9a3d-aa288fe8f44f has been successfully formatted.
2019-11-13 05:09:26,256 [pool-37-thread-1] INFO  ratis.ContainerStateMachine (ContainerStateMachine.java:loadSnapshot(223)) - group-AA288FE8F44F: The snapshot info is null. Setting the last applied indexto:(t:0, i:~)
2019-11-13 05:09:26,256 [pool-47-thread-1] INFO  server.RaftServerConfigKeys (ConfUtils.java:logGet(43)) - raft.server.notification.no-leader.timeout = 120s (custom)
2019-11-13 05:09:26,256 [pool-27-thread-1] INFO  ratis.ContainerStateMachine (ContainerStateMachine.java:loadSnapshot(223)) - group-AA288FE8F44F: The snapshot info is null. Setting the last applied indexto:(t:0, i:~)
2019-11-13 05:09:26,256 [pool-37-thread-1] INFO  server.RaftServerConfigKeys (ConfUtils.java:logGet(43)) - raft.server.notification.no-leader.timeout = 120s (custom)
2019-11-13 05:09:26,256 [pool-27-thread-1] INFO  server.RaftServerConfigKeys (ConfUtils.java:logGet(43)) - raft.server.notification.no-leader.timeout = 120s (custom)
2019-11-13 05:09:26,256 [pool-47-thread-1] INFO  server.RaftServerConfigKeys (ConfUtils.java:logGet(43)) - raft.server.log.use.memory = false (default)
2019-11-13 05:09:26,256 [pool-27-thread-1] INFO  server.RaftServerConfigKeys (ConfUtils.java:logGet(43)) - raft.server.log.use.memory = false (default)
2019-11-13 05:09:26,256 [pool-37-thread-1] INFO  server.RaftServerConfigKeys (ConfUtils.java:logGet(43)) - raft.server.log.use.memory = false (default)
2019-11-13 05:09:26,257 [pool-27-thread-1] INFO  server.RaftServerConfigKeys (ConfUtils.java:logGet(43)) - raft.server.log.purge.gap = 1000000 (custom)
2019-11-13 05:09:26,257 [pool-47-thread-1] INFO  server.RaftServerConfigKeys (ConfUtils.java:logGet(43)) - raft.server.log.purge.gap = 1000000 (custom)
2019-11-13 05:09:26,257 [pool-27-thread-1] INFO  server.RaftServerConfigKeys (ConfUtils.java:logGet(43)) - raft.server.log.appender.buffer.byte-limit = 33554432 (custom)
2019-11-13 05:09:26,257 [pool-37-thread-1] INFO  server.RaftServerConfigKeys (ConfUtils.java:logGet(43)) - raft.server.log.purge.gap = 1000000 (custom)
2019-11-13 05:09:26,257 [pool-27-thread-1] INFO  server.RaftServerConfigKeys (ConfUtils.java:logGet(43)) - raft.server.log.segment.size.max = 1048576 (custom)
2019-11-13 05:09:26,257 [pool-47-thread-1] INFO  server.RaftServerConfigKeys (ConfUtils.java:logGet(43)) - raft.server.log.appender.buffer.byte-limit = 33554432 (custom)
2019-11-13 05:09:26,258 [pool-27-thread-1] INFO  server.RaftServerConfigKeys (ConfUtils.java:logGet(43)) - raft.server.log.segment.cache.num.max = 2 (custom)
2019-11-13 05:09:26,258 [pool-37-thread-1] INFO  server.RaftServerConfigKeys (ConfUtils.java:logGet(43)) - raft.server.log.appender.buffer.byte-limit = 33554432 (custom)
2019-11-13 05:09:26,258 [pool-27-thread-1] INFO  segmented.SegmentedRaftLogWorker (SegmentedRaftLogWorker.java:<init>(173)) - new 7becc6a6-c060-4129-a788-e926a86fd29a@group-AA288FE8F44F-SegmentedRaftLogWorker for RaftStorage:Storage Directory /workdir/hadoop-ozone/tools/target/test-dir/MiniOzoneClusterImpl-057fdede-c001-40ca-aad2-2ca72f5b0309/datanode-0/data/ratis/d1015827-1964-4cdc-9a3d-aa288fe8f44f
2019-11-13 05:09:26,258 [pool-47-thread-1] INFO  server.RaftServerConfigKeys (ConfUtils.java:logGet(43)) - raft.server.log.segment.size.max = 1048576 (custom)
2019-11-13 05:09:26,258 [pool-27-thread-1] INFO  server.RaftServerConfigKeys (ConfUtils.java:logGet(43)) - raft.server.log.queue.byte-limit = 2147483647 (custom)
2019-11-13 05:09:26,258 [pool-37-thread-1] INFO  server.RaftServerConfigKeys (ConfUtils.java:logGet(43)) - raft.server.log.segment.size.max = 1048576 (custom)
2019-11-13 05:09:26,259 [pool-27-thread-1] INFO  server.RaftServerConfigKeys (ConfUtils.java:logGet(43)) - raft.server.log.queue.element-limit = 1024 (custom)
2019-11-13 05:09:26,258 [pool-47-thread-1] INFO  server.RaftServerConfigKeys (ConfUtils.java:logGet(43)) - raft.server.log.segment.cache.num.max = 2 (custom)
2019-11-13 05:09:26,259 [pool-27-thread-1] INFO  server.RaftServerConfigKeys (ConfUtils.java:logGet(43)) - raft.server.log.segment.size.max = 1048576 (custom)
2019-11-13 05:09:26,259 [pool-37-thread-1] INFO  server.RaftServerConfigKeys (ConfUtils.java:logGet(43)) - raft.server.log.segment.cache.num.max = 2 (custom)
2019-11-13 05:09:26,259 [pool-27-thread-1] INFO  server.RaftServerConfigKeys (ConfUtils.java:logGet(43)) - raft.server.log.preallocated.size = 16384 (custom)
2019-11-13 05:09:26,259 [pool-47-thread-1] INFO  segmented.SegmentedRaftLogWorker (SegmentedRaftLogWorker.java:<init>(173)) - new 48f146a6-a5be-49c8-b3b4-aad85ee41d4c@group-AA288FE8F44F-SegmentedRaftLogWorker for RaftStorage:Storage Directory /workdir/hadoop-ozone/tools/target/test-dir/MiniOzoneClusterImpl-057fdede-c001-40ca-aad2-2ca72f5b0309/datanode-2/data/ratis/d1015827-1964-4cdc-9a3d-aa288fe8f44f
2019-11-13 05:09:26,259 [pool-27-thread-1] INFO  server.RaftServerConfigKeys (ConfUtils.java:logGet(43)) - raft.server.log.write.buffer.size = 33554432 (custom)
2019-11-13 05:09:26,259 [pool-37-thread-1] INFO  segmented.SegmentedRaftLogWorker (SegmentedRaftLogWorker.java:<init>(173)) - new a2052f7e-d3c3-4622-93e6-57af3c07b0b9@group-AA288FE8F44F-SegmentedRaftLogWorker for RaftStorage:Storage Directory /workdir/hadoop-ozone/tools/target/test-dir/MiniOzoneClusterImpl-057fdede-c001-40ca-aad2-2ca72f5b0309/datanode-1/data/ratis/d1015827-1964-4cdc-9a3d-aa288fe8f44f
2019-11-13 05:09:26,260 [pool-27-thread-1] INFO  server.RaftServerConfigKeys (ConfUtils.java:logGet(43)) - raft.server.log.force.sync.num = 128 (default)
2019-11-13 05:09:26,259 [pool-47-thread-1] INFO  server.RaftServerConfigKeys (ConfUtils.java:logGet(43)) - raft.server.log.queue.byte-limit = 2147483647 (custom)
2019-11-13 05:09:26,260 [pool-27-thread-1] INFO  server.RaftServerConfigKeys (ConfUtils.java:logGet(43)) - raft.server.log.statemachine.data.sync = true (default)
2019-11-13 05:09:26,260 [pool-37-thread-1] INFO  server.RaftServerConfigKeys (ConfUtils.java:logGet(43)) - raft.server.log.queue.byte-limit = 2147483647 (custom)
2019-11-13 05:09:26,260 [pool-27-thread-1] INFO  server.RaftServerConfigKeys (ConfUtils.java:logGet(43)) - raft.server.log.statemachine.data.sync.timeout = 10s (default)
2019-11-13 05:09:26,260 [pool-47-thread-1] INFO  server.RaftServerConfigKeys (ConfUtils.java:logGet(43)) - raft.server.log.queue.element-limit = 1024 (custom)
2019-11-13 05:09:26,260 [pool-27-thread-1] INFO  server.RaftServerConfigKeys (ConfUtils.java:logGet(43)) - raft.server.log.statemachine.data.sync.timeout.retry = -1 (default)
2019-11-13 05:09:26,260 [pool-37-thread-1] INFO  server.RaftServerConfigKeys (ConfUtils.java:logGet(43)) - raft.server.log.queue.element-limit = 1024 (custom)
2019-11-13 05:09:26,261 [pool-47-thread-1] INFO  server.RaftServerConfigKeys (ConfUtils.java:logGet(43)) - raft.server.log.segment.size.max = 1048576 (custom)
2019-11-13 05:09:26,261 [pool-37-thread-1] INFO  server.RaftServerConfigKeys (ConfUtils.java:logGet(43)) - raft.server.log.segment.size.max = 1048576 (custom)
2019-11-13 05:09:26,261 [pool-27-thread-1] INFO  server.RaftServerConfigKeys (ConfUtils.java:logGet(43)) - raft.server.log.statemachine.data.caching.enabled = true (custom)
2019-11-13 05:09:26,261 [pool-37-thread-1] INFO  server.RaftServerConfigKeys (ConfUtils.java:logGet(43)) - raft.server.log.preallocated.size = 16384 (custom)
2019-11-13 05:09:26,261 [pool-47-thread-1] INFO  server.RaftServerConfigKeys (ConfUtils.java:logGet(43)) - raft.server.log.preallocated.size = 16384 (custom)
2019-11-13 05:09:26,262 [pool-37-thread-1] INFO  server.RaftServerConfigKeys (ConfUtils.java:logGet(43)) - raft.server.log.write.buffer.size = 33554432 (custom)
2019-11-13 05:09:26,262 [pool-27-thread-1] INFO  segmented.SegmentedRaftLogWorker (SegmentedRaftLogWorker.java:lambda$new$0(128)) - 7becc6a6-c060-4129-a788-e926a86fd29a@group-AA288FE8F44F-SegmentedRaftLogWorker: flushIndex: setUnconditionally 0 -> -1
2019-11-13 05:09:26,262 [pool-47-thread-1] INFO  server.RaftServerConfigKeys (ConfUtils.java:logGet(43)) - raft.server.log.write.buffer.size = 33554432 (custom)
2019-11-13 05:09:26,262 [pool-37-thread-1] INFO  server.RaftServerConfigKeys (ConfUtils.java:logGet(43)) - raft.server.log.force.sync.num = 128 (default)
2019-11-13 05:09:26,262 [pool-27-thread-1] INFO  server.RaftServerConfigKeys (ConfUtils.java:logGet(43)) - raft.server.snapshot.auto.trigger.enabled = true (custom)
2019-11-13 05:09:26,262 [pool-47-thread-1] INFO  server.RaftServerConfigKeys (ConfUtils.java:logGet(43)) - raft.server.log.force.sync.num = 128 (default)
2019-11-13 05:09:26,263 [pool-27-thread-1] INFO  server.RaftServerConfigKeys (ConfUtils.java:logGet(43)) - raft.server.snapshot.auto.trigger.threshold = 10000 (custom)
2019-11-13 05:09:26,262 [pool-37-thread-1] INFO  server.RaftServerConfigKeys (ConfUtils.java:logGet(43)) - raft.server.log.statemachine.data.sync = true (default)
2019-11-13 05:09:26,263 [pool-27-thread-1] INFO  server.RaftServerConfigKeys (ConfUtils.java:logGet(43)) - raft.server.snapshot.retention.file.num = 5 (custom)
2019-11-13 05:09:26,263 [pool-47-thread-1] INFO  server.RaftServerConfigKeys (ConfUtils.java:logGet(43)) - raft.server.log.statemachine.data.sync = true (default)
2019-11-13 05:09:26,263 [pool-37-thread-1] INFO  server.RaftServerConfigKeys (ConfUtils.java:logGet(43)) - raft.server.log.statemachine.data.sync.timeout = 10s (default)
2019-11-13 05:09:26,263 [pool-47-thread-1] INFO  server.RaftServerConfigKeys (ConfUtils.java:logGet(43)) - raft.server.log.statemachine.data.sync.timeout = 10s (default)
2019-11-13 05:09:26,263 [pool-27-thread-1] INFO  server.RaftServerConfigKeys (ConfUtils.java:logGet(43)) - raft.server.retrycache.expirytime = 600000ms (custom)
2019-11-13 05:09:26,264 [pool-47-thread-1] INFO  server.RaftServerConfigKeys (ConfUtils.java:logGet(43)) - raft.server.log.statemachine.data.sync.timeout.retry = -1 (default)
2019-11-13 05:09:26,264 [pool-47-thread-1] INFO  server.RaftServerConfigKeys (ConfUtils.java:logGet(43)) - raft.server.log.statemachine.data.caching.enabled = true (custom)
2019-11-13 05:09:26,264 [pool-37-thread-1] INFO  server.RaftServerConfigKeys (ConfUtils.java:logGet(43)) - raft.server.log.statemachine.data.sync.timeout.retry = -1 (default)
2019-11-13 05:09:26,264 [pool-27-thread-1] WARN  impl.MetricRegistriesImpl (MetricRegistriesImpl.java:lambda$create$1(61)) - First MetricRegistry has been created without registering reporters. You may need to call MetricRegistries.global().addReportRegistration(...) before.
2019-11-13 05:09:26,265 [pool-37-thread-1] INFO  server.RaftServerConfigKeys (ConfUtils.java:logGet(43)) - raft.server.log.statemachine.data.caching.enabled = true (custom)
2019-11-13 05:09:26,265 [pool-47-thread-1] INFO  segmented.SegmentedRaftLogWorker (SegmentedRaftLogWorker.java:lambda$new$0(128)) - 48f146a6-a5be-49c8-b3b4-aad85ee41d4c@group-AA288FE8F44F-SegmentedRaftLogWorker: flushIndex: setUnconditionally 0 -> -1
2019-11-13 05:09:26,265 [pool-27-thread-1] WARN  impl.MetricRegistriesImpl (MetricRegistriesImpl.java:lambda$create$1(61)) - First MetricRegistry has been created without registering reporters. You may need to call MetricRegistries.global().addReportRegistration(...) before.
2019-11-13 05:09:26,266 [pool-37-thread-1] INFO  segmented.SegmentedRaftLogWorker (SegmentedRaftLogWorker.java:lambda$new$0(128)) - a2052f7e-d3c3-4622-93e6-57af3c07b0b9@group-AA288FE8F44F-SegmentedRaftLogWorker: flushIndex: setUnconditionally 0 -> -1
2019-11-13 05:09:26,266 [pool-47-thread-1] INFO  server.RaftServerConfigKeys (ConfUtils.java:logGet(43)) - raft.server.snapshot.auto.trigger.enabled = true (custom)
2019-11-13 05:09:26,266 [pool-27-thread-1] INFO  impl.RaftServerImpl (RaftServerImpl.java:start(184)) - 7becc6a6-c060-4129-a788-e926a86fd29a@group-AA288FE8F44F: start as a follower, conf=-1: [48f146a6-a5be-49c8-b3b4-aad85ee41d4c:192.168.34.45:37974, a2052f7e-d3c3-4622-93e6-57af3c07b0b9:192.168.34.45:36888, 7becc6a6-c060-4129-a788-e926a86fd29a:192.168.34.45:40536], old=null
2019-11-13 05:09:26,266 [pool-37-thread-1] INFO  server.RaftServerConfigKeys (ConfUtils.java:logGet(43)) - raft.server.snapshot.auto.trigger.enabled = true (custom)
2019-11-13 05:09:26,266 [pool-47-thread-1] INFO  server.RaftServerConfigKeys (ConfUtils.java:logGet(43)) - raft.server.snapshot.auto.trigger.threshold = 10000 (custom)
2019-11-13 05:09:26,266 [pool-37-thread-1] INFO  server.RaftServerConfigKeys (ConfUtils.java:logGet(43)) - raft.server.snapshot.auto.trigger.threshold = 10000 (custom)
2019-11-13 05:09:26,266 [pool-27-thread-1] INFO  impl.RaftServerImpl (RaftServerImpl.java:setRole(173)) - 7becc6a6-c060-4129-a788-e926a86fd29a@group-AA288FE8F44F: changes role from      null to FOLLOWER at term 0 for startAsFollower
2019-11-13 05:09:26,267 [pool-37-thread-1] INFO  server.RaftServerConfigKeys (ConfUtils.java:logGet(43)) - raft.server.snapshot.retention.file.num = 5 (custom)
2019-11-13 05:09:26,267 [pool-47-thread-1] INFO  server.RaftServerConfigKeys (ConfUtils.java:logGet(43)) - raft.server.snapshot.retention.file.num = 5 (custom)
2019-11-13 05:09:26,267 [pool-37-thread-1] INFO  server.RaftServerConfigKeys (ConfUtils.java:logGet(43)) - raft.server.retrycache.expirytime = 600000ms (custom)
2019-11-13 05:09:26,268 [pool-47-thread-1] INFO  server.RaftServerConfigKeys (ConfUtils.java:logGet(43)) - raft.server.retrycache.expirytime = 600000ms (custom)
2019-11-13 05:09:26,267 [pool-27-thread-1] INFO  impl.RoleInfo (RoleInfo.java:updateAndGet(143)) - 7becc6a6-c060-4129-a788-e926a86fd29a: start FollowerState
2019-11-13 05:09:26,268 [pool-47-thread-1] WARN  impl.MetricRegistriesImpl (MetricRegistriesImpl.java:lambda$create$1(61)) - First MetricRegistry has been created without registering reporters. You may need to call MetricRegistries.global().addReportRegistration(...) before.
2019-11-13 05:09:26,268 [pool-47-thread-1] WARN  impl.MetricRegistriesImpl (MetricRegistriesImpl.java:lambda$create$1(61)) - First MetricRegistry has been created without registering reporters. You may need to call MetricRegistries.global().addReportRegistration(...) before.
2019-11-13 05:09:26,268 [pool-27-thread-1] INFO  util.JmxRegister (JmxRegister.java:tryRegister(44)) - Successfully registered JMX Bean with object name Ratis:service=RaftServer,group=group-AA288FE8F44F,id=7becc6a6-c060-4129-a788-e926a86fd29a
2019-11-13 05:09:26,269 [pool-47-thread-1] INFO  impl.RaftServerImpl (RaftServerImpl.java:start(184)) - 48f146a6-a5be-49c8-b3b4-aad85ee41d4c@group-AA288FE8F44F: start as a follower, conf=-1: [48f146a6-a5be-49c8-b3b4-aad85ee41d4c:192.168.34.45:37974, a2052f7e-d3c3-4622-93e6-57af3c07b0b9:192.168.34.45:36888, 7becc6a6-c060-4129-a788-e926a86fd29a:192.168.34.45:40536], old=null
2019-11-13 05:09:26,269 [pool-47-thread-1] INFO  impl.RaftServerImpl (RaftServerImpl.java:setRole(173)) - 48f146a6-a5be-49c8-b3b4-aad85ee41d4c@group-AA288FE8F44F: changes role from      null to FOLLOWER at term 0 for startAsFollower
2019-11-13 05:09:26,269 [pool-47-thread-1] INFO  impl.RoleInfo (RoleInfo.java:updateAndGet(143)) - 48f146a6-a5be-49c8-b3b4-aad85ee41d4c: start FollowerState
2019-11-13 05:09:26,268 [pool-37-thread-1] WARN  impl.MetricRegistriesImpl (MetricRegistriesImpl.java:lambda$create$1(61)) - First MetricRegistry has been created without registering reporters. You may need to call MetricRegistries.global().addReportRegistration(...) before.
2019-11-13 05:09:26,269 [pool-27-thread-1] WARN  impl.MetricRegistriesImpl (MetricRegistriesImpl.java:lambda$create$1(61)) - First MetricRegistry has been created without registering reporters. You may need to call MetricRegistries.global().addReportRegistration(...) before.
2019-11-13 05:09:26,269 [pool-37-thread-1] WARN  impl.MetricRegistriesImpl (MetricRegistriesImpl.java:lambda$create$1(61)) - First MetricRegistry has been created without registering reporters. You may need to call MetricRegistries.global().addReportRegistration(...) before.
2019-11-13 05:09:26,270 [pool-47-thread-1] INFO  util.JmxRegister (JmxRegister.java:tryRegister(44)) - Successfully registered JMX Bean with object name Ratis:service=RaftServer,group=group-AA288FE8F44F,id=48f146a6-a5be-49c8-b3b4-aad85ee41d4c
2019-11-13 05:09:26,270 [pool-37-thread-1] INFO  impl.RaftServerImpl (RaftServerImpl.java:start(184)) - a2052f7e-d3c3-4622-93e6-57af3c07b0b9@group-AA288FE8F44F: start as a follower, conf=-1: [48f146a6-a5be-49c8-b3b4-aad85ee41d4c:192.168.34.45:37974, a2052f7e-d3c3-4622-93e6-57af3c07b0b9:192.168.34.45:36888, 7becc6a6-c060-4129-a788-e926a86fd29a:192.168.34.45:40536], old=null
2019-11-13 05:09:26,270 [pool-47-thread-1] WARN  impl.MetricRegistriesImpl (MetricRegistriesImpl.java:lambda$create$1(61)) - First MetricRegistry has been created without registering reporters. You may need to call MetricRegistries.global().addReportRegistration(...) before.
2019-11-13 05:09:26,270 [pool-37-thread-1] INFO  impl.RaftServerImpl (RaftServerImpl.java:setRole(173)) - a2052f7e-d3c3-4622-93e6-57af3c07b0b9@group-AA288FE8F44F: changes role from      null to FOLLOWER at term 0 for startAsFollower
2019-11-13 05:09:26,283 [pool-37-thread-1] INFO  impl.RoleInfo (RoleInfo.java:updateAndGet(143)) - a2052f7e-d3c3-4622-93e6-57af3c07b0b9: start FollowerState
2019-11-13 05:09:26,285 [pool-37-thread-1] INFO  util.JmxRegister (JmxRegister.java:tryRegister(44)) - Successfully registered JMX Bean with object name Ratis:service=RaftServer,group=group-AA288FE8F44F,id=a2052f7e-d3c3-4622-93e6-57af3c07b0b9
2019-11-13 05:09:26,285 [pool-37-thread-1] WARN  impl.MetricRegistriesImpl (MetricRegistriesImpl.java:lambda$create$1(61)) - First MetricRegistry has been created without registering reporters. You may need to call MetricRegistries.global().addReportRegistration(...) before.
2019-11-13 05:09:26,295 [RatisPipelineUtilsThread] INFO  pipeline.PipelineStateManager (PipelineStateManager.java:addPipeline(55)) - Created pipeline Pipeline[ Id: d1015827-1964-4cdc-9a3d-aa288fe8f44f, Nodes: 48f146a6-a5be-49c8-b3b4-aad85ee41d4c{ip: 192.168.34.45, host: trunk-nightly-20191113-wdxpm-1799726093, networkLocation: /default-rack, certSerialId: null}7becc6a6-c060-4129-a788-e926a86fd29a{ip: 192.168.34.45, host: trunk-nightly-20191113-wdxpm-1799726093, networkLocation: /default-rack, certSerialId: null}a2052f7e-d3c3-4622-93e6-57af3c07b0b9{ip: 192.168.34.45, host: trunk-nightly-20191113-wdxpm-1799726093, networkLocation: /default-rack, certSerialId: null}, Type:RATIS, Factor:THREE, State:ALLOCATED]
2019-11-13 05:09:26,297 [main] INFO  ozone.MiniOzoneClusterImpl (MiniOzoneClusterImpl.java:lambda$waitForClusterToBeReady$2(163)) - Waiting for 4 number of pipelines out of 4, to report a leader.
2019-11-13 05:09:27,298 [main] INFO  ozone.MiniOzoneClusterImpl (MiniOzoneClusterImpl.java:lambda$waitForClusterToBeReady$2(163)) - Waiting for 4 number of pipelines out of 4, to report a leader.
2019-11-13 05:09:28,299 [main] INFO  ozone.MiniOzoneClusterImpl (MiniOzoneClusterImpl.java:lambda$waitForClusterToBeReady$2(163)) - Waiting for 4 number of pipelines out of 4, to report a leader.
2019-11-13 05:09:28,318 [Thread-178] INFO  container.ReplicationManager (ReplicationManager.java:start(162)) - Starting Replication Monitor Thread.
2019-11-13 05:09:28,320 [Thread-178] INFO  pipeline.SCMPipelineManager (SCMPipelineManager.java:finalizeAndDestroyPipeline(315)) - destroying pipeline:Pipeline[ Id: 65e989d0-b21e-4c3e-9f7c-1319ecb7f87d, Nodes: 48f146a6-a5be-49c8-b3b4-aad85ee41d4c{ip: 192.168.34.45, host: trunk-nightly-20191113-wdxpm-1799726093, networkLocation: /default-rack, certSerialId: null}, Type:RATIS, Factor:ONE, State:ALLOCATED]
2019-11-13 05:09:28,321 [ReplicationMonitor] INFO  container.ReplicationManager (ReplicationManager.java:run(225)) - Replication Monitor Thread took 1 milliseconds for processing 0 containers.
2019-11-13 05:09:28,321 [Thread-178] INFO  pipeline.PipelineStateManager (PipelineStateManager.java:finalizePipeline(121)) - Pipeline Pipeline[ Id: 65e989d0-b21e-4c3e-9f7c-1319ecb7f87d, Nodes: 48f146a6-a5be-49c8-b3b4-aad85ee41d4c{ip: 192.168.34.45, host: trunk-nightly-20191113-wdxpm-1799726093, networkLocation: /default-rack, certSerialId: null}, Type:RATIS, Factor:ONE, State:CLOSED] moved to CLOSED state
2019-11-13 05:09:28,346 [grpc-default-executor-1] INFO  impl.RaftServerProxy (RaftServerProxy.java:remove(95)) - 48f146a6-a5be-49c8-b3b4-aad85ee41d4c: remove  FOLLOWER 48f146a6-a5be-49c8-b3b4-aad85ee41d4c@group-1319ECB7F87D:t0, leader=null, voted=null, raftlog=48f146a6-a5be-49c8-b3b4-aad85ee41d4c@group-1319ECB7F87D-SegmentedRaftLog:OPENED:c-1,f-1,i0, conf=-1: [48f146a6-a5be-49c8-b3b4-aad85ee41d4c:192.168.34.45:37974], old=null RUNNING
2019-11-13 05:09:28,348 [grpc-default-executor-1] INFO  impl.RaftServerImpl (RaftServerImpl.java:lambda$shutdown$3(250)) - 48f146a6-a5be-49c8-b3b4-aad85ee41d4c@group-1319ECB7F87D: shutdown
2019-11-13 05:09:28,349 [grpc-default-executor-1] INFO  util.JmxRegister (JmxRegister.java:unregister(73)) - Successfully un-registered JMX Bean with object name Ratis:service=RaftServer,group=group-1319ECB7F87D,id=48f146a6-a5be-49c8-b3b4-aad85ee41d4c
2019-11-13 05:09:28,349 [grpc-default-executor-1] INFO  impl.RoleInfo (RoleInfo.java:shutdownFollowerState(121)) - 48f146a6-a5be-49c8-b3b4-aad85ee41d4c: shutdown FollowerState
2019-11-13 05:09:28,349 [grpc-default-executor-1] INFO  impl.StateMachineUpdater (StateMachineUpdater.java:stopAndJoin(136)) - 48f146a6-a5be-49c8-b3b4-aad85ee41d4c@group-1319ECB7F87D-StateMachineUpdater: set stopIndex = -1
2019-11-13 05:09:28,349 [Thread-183] INFO  impl.FollowerState (FollowerState.java:run(120)) - 48f146a6-a5be-49c8-b3b4-aad85ee41d4c@group-1319ECB7F87D-FollowerState was interrupted: java.lang.InterruptedException: sleep interrupted
2019-11-13 05:09:28,352 [grpc-default-executor-1] INFO  impl.RaftServerImpl (ServerState.java:close(387)) - 48f146a6-a5be-49c8-b3b4-aad85ee41d4c@group-1319ECB7F87D: closes. applyIndex: -1
2019-11-13 05:09:28,356 [48f146a6-a5be-49c8-b3b4-aad85ee41d4c@group-1319ECB7F87D-SegmentedRaftLogWorker] INFO  segmented.SegmentedRaftLogWorker (SegmentedRaftLogWorker.java:run(316)) - 48f146a6-a5be-49c8-b3b4-aad85ee41d4c@group-1319ECB7F87D-SegmentedRaftLogWorker was interrupted, exiting. There are 0 tasks remaining in the queue.
2019-11-13 05:09:28,358 [grpc-default-executor-1] INFO  segmented.SegmentedRaftLogWorker (SegmentedRaftLogWorker.java:close(224)) - 48f146a6-a5be-49c8-b3b4-aad85ee41d4c@group-1319ECB7F87D-SegmentedRaftLogWorker close()
2019-11-13 05:09:28,373 [Thread-178] INFO  pipeline.PipelineStateManager (PipelineStateManager.java:removePipeline(106)) - Pipeline Pipeline[ Id: 65e989d0-b21e-4c3e-9f7c-1319ecb7f87d, Nodes: 48f146a6-a5be-49c8-b3b4-aad85ee41d4c{ip: 192.168.34.45, host: trunk-nightly-20191113-wdxpm-1799726093, networkLocation: /default-rack, certSerialId: null}, Type:RATIS, Factor:ONE, State:CLOSED] removed from db
2019-11-13 05:09:28,374 [Thread-178] INFO  pipeline.SCMPipelineManager (SCMPipelineManager.java:finalizeAndDestroyPipeline(315)) - destroying pipeline:Pipeline[ Id: 7910a139-ac70-4b19-9535-5b26391849c0, Nodes: a2052f7e-d3c3-4622-93e6-57af3c07b0b9{ip: 192.168.34.45, host: trunk-nightly-20191113-wdxpm-1799726093, networkLocation: /default-rack, certSerialId: null}, Type:RATIS, Factor:ONE, State:ALLOCATED]
2019-11-13 05:09:28,385 [grpc-default-executor-1] INFO  impl.RaftServerProxy (RaftServerProxy.java:addNew(89)) - 48f146a6-a5be-49c8-b3b4-aad85ee41d4c: addNew group-2C92F4F4F50A:[48f146a6-a5be-49c8-b3b4-aad85ee41d4c:192.168.34.45:37974] returns group-2C92F4F4F50A:java.util.concurrent.CompletableFuture@51113252[Not completed]
2019-11-13 05:09:28,432 [pool-47-thread-1] INFO  impl.RaftServerImpl (RaftServerImpl.java:<init>(98)) - 48f146a6-a5be-49c8-b3b4-aad85ee41d4c: new RaftServerImpl for group-2C92F4F4F50A:[48f146a6-a5be-49c8-b3b4-aad85ee41d4c:192.168.34.45:37974] with ContainerStateMachine:uninitialized
2019-11-13 05:09:28,432 [pool-47-thread-1] INFO  server.RaftServerConfigKeys (ConfUtils.java:logGet(43)) - raft.server.rpc.timeout.min = 5s (custom)
2019-11-13 05:09:28,432 [pool-47-thread-1] INFO  server.RaftServerConfigKeys (ConfUtils.java:logGet(43)) - raft.server.rpc.timeout.max = 5200ms (custom)
2019-11-13 05:09:28,432 [pool-47-thread-1] INFO  server.RaftServerConfigKeys (ConfUtils.java:logGet(43)) - raft.server.rpcslowness.timeout = 120s (custom)
2019-11-13 05:09:28,432 [pool-47-thread-1] INFO  server.RaftServerConfigKeys (ConfUtils.java:logGet(43)) - raft.server.sleep.deviation.threshold = 300 (default)
2019-11-13 05:09:28,432 [pool-47-thread-1] INFO  server.RaftServerConfigKeys (ConfUtils.java:logGet(43)) - raft.server.log.appender.install.snapshot.enabled = false (custom)
2019-11-13 05:09:28,432 [pool-47-thread-1] INFO  impl.RaftServerImpl (ServerState.java:<init>(103)) - 48f146a6-a5be-49c8-b3b4-aad85ee41d4c@group-2C92F4F4F50A: ConfigurationManager, init=-1: [48f146a6-a5be-49c8-b3b4-aad85ee41d4c:192.168.34.45:37974], old=null, confs=<EMPTY_MAP>
2019-11-13 05:09:28,433 [pool-47-thread-1] INFO  server.RaftServerConfigKeys (ConfUtils.java:logGet(43)) - raft.server.storage.dir = [/workdir/hadoop-ozone/tools/target/test-dir/MiniOzoneClusterImpl-057fdede-c001-40ca-aad2-2ca72f5b0309/datanode-2/data/ratis] (custom)
2019-11-13 05:09:28,433 [pool-47-thread-1] INFO  server.RaftServerConfigKeys (ConfUtils.java:logGet(43)) - raft.server.log.corruption.policy = EXCEPTION (default)
2019-11-13 05:09:28,433 [pool-47-thread-1] INFO  storage.RaftStorageDirectory (RaftStorageDirectory.java:analyzeStorage(246)) - The storage directory /workdir/hadoop-ozone/tools/target/test-dir/MiniOzoneClusterImpl-057fdede-c001-40ca-aad2-2ca72f5b0309/datanode-2/data/ratis/c5da4568-05ec-4e1b-8b25-2c92f4f4f50a does not exist. Creating ...
2019-11-13 05:09:28,457 [pool-47-thread-1] INFO  storage.RaftStorageDirectory (RaftStorageDirectory.java:tryLock(328)) - Lock on /workdir/hadoop-ozone/tools/target/test-dir/MiniOzoneClusterImpl-057fdede-c001-40ca-aad2-2ca72f5b0309/datanode-2/data/ratis/c5da4568-05ec-4e1b-8b25-2c92f4f4f50a/in_use.lock acquired by nodename 21495@trunk-nightly-20191113-wdxpm-1799726093
2019-11-13 05:09:28,470 [pool-47-thread-1] INFO  storage.RaftStorage (RaftStorage.java:format(84)) - Storage directory /workdir/hadoop-ozone/tools/target/test-dir/MiniOzoneClusterImpl-057fdede-c001-40ca-aad2-2ca72f5b0309/datanode-2/data/ratis/c5da4568-05ec-4e1b-8b25-2c92f4f4f50a has been successfully formatted.
2019-11-13 05:09:28,470 [pool-47-thread-1] INFO  ratis.ContainerStateMachine (ContainerStateMachine.java:loadSnapshot(223)) - group-2C92F4F4F50A: The snapshot info is null. Setting the last applied indexto:(t:0, i:~)
2019-11-13 05:09:28,470 [pool-47-thread-1] INFO  server.RaftServerConfigKeys (ConfUtils.java:logGet(43)) - raft.server.notification.no-leader.timeout = 120s (custom)
2019-11-13 05:09:28,471 [pool-47-thread-1] INFO  server.RaftServerConfigKeys (ConfUtils.java:logGet(43)) - raft.server.log.use.memory = false (default)
2019-11-13 05:09:28,471 [pool-47-thread-1] INFO  server.RaftServerConfigKeys (ConfUtils.java:logGet(43)) - raft.server.log.purge.gap = 1000000 (custom)
2019-11-13 05:09:28,471 [pool-47-thread-1] INFO  server.RaftServerConfigKeys (ConfUtils.java:logGet(43)) - raft.server.log.appender.buffer.byte-limit = 33554432 (custom)
2019-11-13 05:09:28,471 [pool-47-thread-1] INFO  server.RaftServerConfigKeys (ConfUtils.java:logGet(43)) - raft.server.log.segment.size.max = 1048576 (custom)
2019-11-13 05:09:28,471 [pool-47-thread-1] INFO  server.RaftServerConfigKeys (ConfUtils.java:logGet(43)) - raft.server.log.segment.cache.num.max = 2 (custom)
2019-11-13 05:09:28,471 [pool-47-thread-1] INFO  segmented.SegmentedRaftLogWorker (SegmentedRaftLogWorker.java:<init>(173)) - new 48f146a6-a5be-49c8-b3b4-aad85ee41d4c@group-2C92F4F4F50A-SegmentedRaftLogWorker for RaftStorage:Storage Directory /workdir/hadoop-ozone/tools/target/test-dir/MiniOzoneClusterImpl-057fdede-c001-40ca-aad2-2ca72f5b0309/datanode-2/data/ratis/c5da4568-05ec-4e1b-8b25-2c92f4f4f50a
2019-11-13 05:09:28,471 [pool-47-thread-1] INFO  server.RaftServerConfigKeys (ConfUtils.java:logGet(43)) - raft.server.log.queue.byte-limit = 2147483647 (custom)
2019-11-13 05:09:28,471 [pool-47-thread-1] INFO  server.RaftServerConfigKeys (ConfUtils.java:logGet(43)) - raft.server.log.queue.element-limit = 1024 (custom)
2019-11-13 05:09:28,471 [pool-47-thread-1] INFO  server.RaftServerConfigKeys (ConfUtils.java:logGet(43)) - raft.server.log.segment.size.max = 1048576 (custom)
2019-11-13 05:09:28,471 [pool-47-thread-1] INFO  server.RaftServerConfigKeys (ConfUtils.java:logGet(43)) - raft.server.log.preallocated.size = 16384 (custom)
2019-11-13 05:09:28,472 [pool-47-thread-1] INFO  server.RaftServerConfigKeys (ConfUtils.java:logGet(43)) - raft.server.log.write.buffer.size = 33554432 (custom)
2019-11-13 05:09:28,472 [pool-47-thread-1] INFO  server.RaftServerConfigKeys (ConfUtils.java:logGet(43)) - raft.server.log.force.sync.num = 128 (default)
2019-11-13 05:09:28,472 [pool-47-thread-1] INFO  server.RaftServerConfigKeys (ConfUtils.java:logGet(43)) - raft.server.log.statemachine.data.sync = true (default)
2019-11-13 05:09:28,472 [pool-47-thread-1] INFO  server.RaftServerConfigKeys (ConfUtils.java:logGet(43)) - raft.server.log.statemachine.data.sync.timeout = 10s (default)
2019-11-13 05:09:28,472 [pool-47-thread-1] INFO  server.RaftServerConfigKeys (ConfUtils.java:logGet(43)) - raft.server.log.statemachine.data.sync.timeout.retry = -1 (default)
2019-11-13 05:09:28,472 [pool-47-thread-1] INFO  server.RaftServerConfigKeys (ConfUtils.java:logGet(43)) - raft.server.log.statemachine.data.caching.enabled = true (custom)
2019-11-13 05:09:28,472 [pool-47-thread-1] INFO  segmented.SegmentedRaftLogWorker (SegmentedRaftLogWorker.java:lambda$new$0(128)) - 48f146a6-a5be-49c8-b3b4-aad85ee41d4c@group-2C92F4F4F50A-SegmentedRaftLogWorker: flushIndex: setUnconditionally 0 -> -1
2019-11-13 05:09:28,473 [pool-47-thread-1] INFO  server.RaftServerConfigKeys (ConfUtils.java:logGet(43)) - raft.server.snapshot.auto.trigger.enabled = true (custom)
2019-11-13 05:09:28,473 [pool-47-thread-1] INFO  server.RaftServerConfigKeys (ConfUtils.java:logGet(43)) - raft.server.snapshot.auto.trigger.threshold = 10000 (custom)
2019-11-13 05:09:28,473 [pool-47-thread-1] INFO  server.RaftServerConfigKeys (ConfUtils.java:logGet(43)) - raft.server.snapshot.retention.file.num = 5 (custom)
2019-11-13 05:09:28,473 [pool-47-thread-1] INFO  server.RaftServerConfigKeys (ConfUtils.java:logGet(43)) - raft.server.retrycache.expirytime = 600000ms (custom)
2019-11-13 05:09:28,473 [pool-47-thread-1] WARN  impl.MetricRegistriesImpl (MetricRegistriesImpl.java:lambda$create$1(61)) - First MetricRegistry has been created without registering reporters. You may need to call MetricRegistries.global().addReportRegistration(...) before.
2019-11-13 05:09:28,473 [pool-47-thread-1] WARN  impl.MetricRegistriesImpl (MetricRegistriesImpl.java:lambda$create$1(61)) - First MetricRegistry has been created without registering reporters. You may need to call MetricRegistries.global().addReportRegistration(...) before.
2019-11-13 05:09:28,474 [pool-47-thread-1] INFO  impl.RaftServerImpl (RaftServerImpl.java:start(184)) - 48f146a6-a5be-49c8-b3b4-aad85ee41d4c@group-2C92F4F4F50A: start as a follower, conf=-1: [48f146a6-a5be-49c8-b3b4-aad85ee41d4c:192.168.34.45:37974], old=null
2019-11-13 05:09:28,474 [pool-47-thread-1] INFO  impl.RaftServerImpl (RaftServerImpl.java:setRole(173)) - 48f146a6-a5be-49c8-b3b4-aad85ee41d4c@group-2C92F4F4F50A: changes role from      null to FOLLOWER at term 0 for startAsFollower
2019-11-13 05:09:28,474 [pool-47-thread-1] INFO  impl.RoleInfo (RoleInfo.java:updateAndGet(143)) - 48f146a6-a5be-49c8-b3b4-aad85ee41d4c: start FollowerState
2019-11-13 05:09:28,474 [pool-47-thread-1] INFO  util.JmxRegister (JmxRegister.java:tryRegister(44)) - Successfully registered JMX Bean with object name Ratis:service=RaftServer,group=group-2C92F4F4F50A,id=48f146a6-a5be-49c8-b3b4-aad85ee41d4c
2019-11-13 05:09:28,474 [pool-47-thread-1] WARN  impl.MetricRegistriesImpl (MetricRegistriesImpl.java:lambda$create$1(61)) - First MetricRegistry has been created without registering reporters. You may need to call MetricRegistries.global().addReportRegistration(...) before.
2019-11-13 05:09:28,482 [RatisPipelineUtilsThread] INFO  pipeline.PipelineStateManager (PipelineStateManager.java:addPipeline(55)) - Created pipeline Pipeline[ Id: c5da4568-05ec-4e1b-8b25-2c92f4f4f50a, Nodes: 48f146a6-a5be-49c8-b3b4-aad85ee41d4c{ip: 192.168.34.45, host: trunk-nightly-20191113-wdxpm-1799726093, networkLocation: /default-rack, certSerialId: null}, Type:RATIS, Factor:ONE, State:ALLOCATED]
2019-11-13 05:09:28,483 [Thread-178] INFO  pipeline.PipelineStateManager (PipelineStateManager.java:finalizePipeline(121)) - Pipeline Pipeline[ Id: 7910a139-ac70-4b19-9535-5b26391849c0, Nodes: a2052f7e-d3c3-4622-93e6-57af3c07b0b9{ip: 192.168.34.45, host: trunk-nightly-20191113-wdxpm-1799726093, networkLocation: /default-rack, certSerialId: null}, Type:RATIS, Factor:ONE, State:CLOSED] moved to CLOSED state
2019-11-13 05:09:28,493 [grpc-default-executor-1] INFO  impl.RaftServerProxy (RaftServerProxy.java:remove(95)) - a2052f7e-d3c3-4622-93e6-57af3c07b0b9: remove  FOLLOWER a2052f7e-d3c3-4622-93e6-57af3c07b0b9@group-5B26391849C0:t0, leader=null, voted=null, raftlog=a2052f7e-d3c3-4622-93e6-57af3c07b0b9@group-5B26391849C0-SegmentedRaftLog:OPENED:c-1,f-1,i0, conf=-1: [a2052f7e-d3c3-4622-93e6-57af3c07b0b9:192.168.34.45:36888], old=null RUNNING
2019-11-13 05:09:28,493 [grpc-default-executor-1] INFO  impl.RaftServerImpl (RaftServerImpl.java:lambda$shutdown$3(250)) - a2052f7e-d3c3-4622-93e6-57af3c07b0b9@group-5B26391849C0: shutdown
2019-11-13 05:09:28,494 [grpc-default-executor-1] INFO  util.JmxRegister (JmxRegister.java:unregister(73)) - Successfully un-registered JMX Bean with object name Ratis:service=RaftServer,group=group-5B26391849C0,id=a2052f7e-d3c3-4622-93e6-57af3c07b0b9
2019-11-13 05:09:28,494 [grpc-default-executor-1] INFO  impl.RoleInfo (RoleInfo.java:shutdownFollowerState(121)) - a2052f7e-d3c3-4622-93e6-57af3c07b0b9: shutdown FollowerState
2019-11-13 05:09:28,494 [grpc-default-executor-1] INFO  impl.StateMachineUpdater (StateMachineUpdater.java:stopAndJoin(136)) - a2052f7e-d3c3-4622-93e6-57af3c07b0b9@group-5B26391849C0-StateMachineUpdater: set stopIndex = -1
2019-11-13 05:09:28,494 [Thread-186] INFO  impl.FollowerState (FollowerState.java:run(120)) - a2052f7e-d3c3-4622-93e6-57af3c07b0b9@group-5B26391849C0-FollowerState was interrupted: java.lang.InterruptedException: sleep interrupted
2019-11-13 05:09:28,495 [grpc-default-executor-1] INFO  impl.RaftServerImpl (ServerState.java:close(387)) - a2052f7e-d3c3-4622-93e6-57af3c07b0b9@group-5B26391849C0: closes. applyIndex: -1
2019-11-13 05:09:28,496 [a2052f7e-d3c3-4622-93e6-57af3c07b0b9@group-5B26391849C0-SegmentedRaftLogWorker] INFO  segmented.SegmentedRaftLogWorker (SegmentedRaftLogWorker.java:run(316)) - a2052f7e-d3c3-4622-93e6-57af3c07b0b9@group-5B26391849C0-SegmentedRaftLogWorker was interrupted, exiting. There are 0 tasks remaining in the queue.
2019-11-13 05:09:28,496 [grpc-default-executor-1] INFO  segmented.SegmentedRaftLogWorker (SegmentedRaftLogWorker.java:close(224)) - a2052f7e-d3c3-4622-93e6-57af3c07b0b9@group-5B26391849C0-SegmentedRaftLogWorker close()
2019-11-13 05:09:28,503 [Thread-178] INFO  pipeline.PipelineStateManager (PipelineStateManager.java:removePipeline(106)) - Pipeline Pipeline[ Id: 7910a139-ac70-4b19-9535-5b26391849c0, Nodes: a2052f7e-d3c3-4622-93e6-57af3c07b0b9{ip: 192.168.34.45, host: trunk-nightly-20191113-wdxpm-1799726093, networkLocation: /default-rack, certSerialId: null}, Type:RATIS, Factor:ONE, State:CLOSED] removed from db
2019-11-13 05:09:28,503 [Thread-178] INFO  pipeline.SCMPipelineManager (SCMPipelineManager.java:finalizeAndDestroyPipeline(315)) - destroying pipeline:Pipeline[ Id: d1015827-1964-4cdc-9a3d-aa288fe8f44f, Nodes: 48f146a6-a5be-49c8-b3b4-aad85ee41d4c{ip: 192.168.34.45, host: trunk-nightly-20191113-wdxpm-1799726093, networkLocation: /default-rack, certSerialId: null}7becc6a6-c060-4129-a788-e926a86fd29a{ip: 192.168.34.45, host: trunk-nightly-20191113-wdxpm-1799726093, networkLocation: /default-rack, certSerialId: null}a2052f7e-d3c3-4622-93e6-57af3c07b0b9{ip: 192.168.34.45, host: trunk-nightly-20191113-wdxpm-1799726093, networkLocation: /default-rack, certSerialId: null}, Type:RATIS, Factor:THREE, State:ALLOCATED]
2019-11-13 05:09:28,513 [grpc-default-executor-1] INFO  impl.RaftServerProxy (RaftServerProxy.java:addNew(89)) - a2052f7e-d3c3-4622-93e6-57af3c07b0b9: addNew group-2EE15F006BC3:[a2052f7e-d3c3-4622-93e6-57af3c07b0b9:192.168.34.45:36888] returns group-2EE15F006BC3:java.util.concurrent.CompletableFuture@7debae5e[Not completed]
2019-11-13 05:09:28,515 [pool-37-thread-1] INFO  impl.RaftServerImpl (RaftServerImpl.java:<init>(98)) - a2052f7e-d3c3-4622-93e6-57af3c07b0b9: new RaftServerImpl for group-2EE15F006BC3:[a2052f7e-d3c3-4622-93e6-57af3c07b0b9:192.168.34.45:36888] with ContainerStateMachine:uninitialized
2019-11-13 05:09:28,515 [pool-37-thread-1] INFO  server.RaftServerConfigKeys (ConfUtils.java:logGet(43)) - raft.server.rpc.timeout.min = 5s (custom)
2019-11-13 05:09:28,515 [pool-37-thread-1] INFO  server.RaftServerConfigKeys (ConfUtils.java:logGet(43)) - raft.server.rpc.timeout.max = 5200ms (custom)
2019-11-13 05:09:28,516 [pool-37-thread-1] INFO  server.RaftServerConfigKeys (ConfUtils.java:logGet(43)) - raft.server.rpcslowness.timeout = 120s (custom)
2019-11-13 05:09:28,516 [pool-37-thread-1] INFO  server.RaftServerConfigKeys (ConfUtils.java:logGet(43)) - raft.server.sleep.deviation.threshold = 300 (default)
2019-11-13 05:09:28,516 [pool-37-thread-1] INFO  server.RaftServerConfigKeys (ConfUtils.java:logGet(43)) - raft.server.log.appender.install.snapshot.enabled = false (custom)
2019-11-13 05:09:28,516 [pool-37-thread-1] INFO  impl.RaftServerImpl (ServerState.java:<init>(103)) - a2052f7e-d3c3-4622-93e6-57af3c07b0b9@group-2EE15F006BC3: ConfigurationManager, init=-1: [a2052f7e-d3c3-4622-93e6-57af3c07b0b9:192.168.34.45:36888], old=null, confs=<EMPTY_MAP>
2019-11-13 05:09:28,516 [pool-37-thread-1] INFO  server.RaftServerConfigKeys (ConfUtils.java:logGet(43)) - raft.server.storage.dir = [/workdir/hadoop-ozone/tools/target/test-dir/MiniOzoneClusterImpl-057fdede-c001-40ca-aad2-2ca72f5b0309/datanode-1/data/ratis] (custom)
2019-11-13 05:09:28,516 [pool-37-thread-1] INFO  server.RaftServerConfigKeys (ConfUtils.java:logGet(43)) - raft.server.log.corruption.policy = EXCEPTION (default)
2019-11-13 05:09:28,517 [pool-37-thread-1] INFO  storage.RaftStorageDirectory (RaftStorageDirectory.java:analyzeStorage(246)) - The storage directory /workdir/hadoop-ozone/tools/target/test-dir/MiniOzoneClusterImpl-057fdede-c001-40ca-aad2-2ca72f5b0309/datanode-1/data/ratis/66fe2c40-c960-47d1-8bbc-2ee15f006bc3 does not exist. Creating ...
2019-11-13 05:09:28,530 [pool-37-thread-1] INFO  storage.RaftStorageDirectory (RaftStorageDirectory.java:tryLock(328)) - Lock on /workdir/hadoop-ozone/tools/target/test-dir/MiniOzoneClusterImpl-057fdede-c001-40ca-aad2-2ca72f5b0309/datanode-1/data/ratis/66fe2c40-c960-47d1-8bbc-2ee15f006bc3/in_use.lock acquired by nodename 21495@trunk-nightly-20191113-wdxpm-1799726093
2019-11-13 05:09:28,543 [pool-37-thread-1] INFO  storage.RaftStorage (RaftStorage.java:format(84)) - Storage directory /workdir/hadoop-ozone/tools/target/test-dir/MiniOzoneClusterImpl-057fdede-c001-40ca-aad2-2ca72f5b0309/datanode-1/data/ratis/66fe2c40-c960-47d1-8bbc-2ee15f006bc3 has been successfully formatted.
2019-11-13 05:09:28,543 [pool-37-thread-1] INFO  ratis.ContainerStateMachine (ContainerStateMachine.java:loadSnapshot(223)) - group-2EE15F006BC3: The snapshot info is null. Setting the last applied indexto:(t:0, i:~)
2019-11-13 05:09:28,544 [pool-37-thread-1] INFO  server.RaftServerConfigKeys (ConfUtils.java:logGet(43)) - raft.server.notification.no-leader.timeout = 120s (custom)
2019-11-13 05:09:28,544 [pool-37-thread-1] INFO  server.RaftServerConfigKeys (ConfUtils.java:logGet(43)) - raft.server.log.use.memory = false (default)
2019-11-13 05:09:28,544 [pool-37-thread-1] INFO  server.RaftServerConfigKeys (ConfUtils.java:logGet(43)) - raft.server.log.purge.gap = 1000000 (custom)
2019-11-13 05:09:28,544 [pool-37-thread-1] INFO  server.RaftServerConfigKeys (ConfUtils.java:logGet(43)) - raft.server.log.appender.buffer.byte-limit = 33554432 (custom)
2019-11-13 05:09:28,544 [pool-37-thread-1] INFO  server.RaftServerConfigKeys (ConfUtils.java:logGet(43)) - raft.server.log.segment.size.max = 1048576 (custom)
2019-11-13 05:09:28,544 [pool-37-thread-1] INFO  server.RaftServerConfigKeys (ConfUtils.java:logGet(43)) - raft.server.log.segment.cache.num.max = 2 (custom)
2019-11-13 05:09:28,544 [pool-37-thread-1] INFO  segmented.SegmentedRaftLogWorker (SegmentedRaftLogWorker.java:<init>(173)) - new a2052f7e-d3c3-4622-93e6-57af3c07b0b9@group-2EE15F006BC3-SegmentedRaftLogWorker for RaftStorage:Storage Directory /workdir/hadoop-ozone/tools/target/test-dir/MiniOzoneClusterImpl-057fdede-c001-40ca-aad2-2ca72f5b0309/datanode-1/data/ratis/66fe2c40-c960-47d1-8bbc-2ee15f006bc3
2019-11-13 05:09:28,545 [pool-37-thread-1] INFO  server.RaftServerConfigKeys (ConfUtils.java:logGet(43)) - raft.server.log.queue.byte-limit = 2147483647 (custom)
2019-11-13 05:09:28,545 [pool-37-thread-1] INFO  server.RaftServerConfigKeys (ConfUtils.java:logGet(43)) - raft.server.log.queue.element-limit = 1024 (custom)
2019-11-13 05:09:28,545 [pool-37-thread-1] INFO  server.RaftServerConfigKeys (ConfUtils.java:logGet(43)) - raft.server.log.segment.size.max = 1048576 (custom)
2019-11-13 05:09:28,545 [pool-37-thread-1] INFO  server.RaftServerConfigKeys (ConfUtils.java:logGet(43)) - raft.server.log.preallocated.size = 16384 (custom)
2019-11-13 05:09:28,545 [pool-37-thread-1] INFO  server.RaftServerConfigKeys (ConfUtils.java:logGet(43)) - raft.server.log.write.buffer.size = 33554432 (custom)
2019-11-13 05:09:28,545 [pool-37-thread-1] INFO  server.RaftServerConfigKeys (ConfUtils.java:logGet(43)) - raft.server.log.force.sync.num = 128 (default)
2019-11-13 05:09:28,545 [pool-37-thread-1] INFO  server.RaftServerConfigKeys (ConfUtils.java:logGet(43)) - raft.server.log.statemachine.data.sync = true (default)
2019-11-13 05:09:28,545 [pool-37-thread-1] INFO  server.RaftServerConfigKeys (ConfUtils.java:logGet(43)) - raft.server.log.statemachine.data.sync.timeout = 10s (default)
2019-11-13 05:09:28,546 [pool-37-thread-1] INFO  server.RaftServerConfigKeys (ConfUtils.java:logGet(43)) - raft.server.log.statemachine.data.sync.timeout.retry = -1 (default)
2019-11-13 05:09:28,546 [pool-37-thread-1] INFO  server.RaftServerConfigKeys (ConfUtils.java:logGet(43)) - raft.server.log.statemachine.data.caching.enabled = true (custom)
2019-11-13 05:09:28,546 [pool-37-thread-1] INFO  segmented.SegmentedRaftLogWorker (SegmentedRaftLogWorker.java:lambda$new$0(128)) - a2052f7e-d3c3-4622-93e6-57af3c07b0b9@group-2EE15F006BC3-SegmentedRaftLogWorker: flushIndex: setUnconditionally 0 -> -1
2019-11-13 05:09:28,547 [pool-37-thread-1] INFO  server.RaftServerConfigKeys (ConfUtils.java:logGet(43)) - raft.server.snapshot.auto.trigger.enabled = true (custom)
2019-11-13 05:09:28,547 [pool-37-thread-1] INFO  server.RaftServerConfigKeys (ConfUtils.java:logGet(43)) - raft.server.snapshot.auto.trigger.threshold = 10000 (custom)
2019-11-13 05:09:28,547 [pool-37-thread-1] INFO  server.RaftServerConfigKeys (ConfUtils.java:logGet(43)) - raft.server.snapshot.retention.file.num = 5 (custom)
2019-11-13 05:09:28,547 [pool-37-thread-1] INFO  server.RaftServerConfigKeys (ConfUtils.java:logGet(43)) - raft.server.retrycache.expirytime = 600000ms (custom)
2019-11-13 05:09:28,547 [pool-37-thread-1] WARN  impl.MetricRegistriesImpl (MetricRegistriesImpl.java:lambda$create$1(61)) - First MetricRegistry has been created without registering reporters. You may need to call MetricRegistries.global().addReportRegistration(...) before.
2019-11-13 05:09:28,547 [pool-37-thread-1] WARN  impl.MetricRegistriesImpl (MetricRegistriesImpl.java:lambda$create$1(61)) - First MetricRegistry has been created without registering reporters. You may need to call MetricRegistries.global().addReportRegistration(...) before.
2019-11-13 05:09:28,548 [pool-37-thread-1] INFO  impl.RaftServerImpl (RaftServerImpl.java:start(184)) - a2052f7e-d3c3-4622-93e6-57af3c07b0b9@group-2EE15F006BC3: start as a follower, conf=-1: [a2052f7e-d3c3-4622-93e6-57af3c07b0b9:192.168.34.45:36888], old=null
2019-11-13 05:09:28,548 [pool-37-thread-1] INFO  impl.RaftServerImpl (RaftServerImpl.java:setRole(173)) - a2052f7e-d3c3-4622-93e6-57af3c07b0b9@group-2EE15F006BC3: changes role from      null to FOLLOWER at term 0 for startAsFollower
2019-11-13 05:09:28,548 [pool-37-thread-1] INFO  impl.RoleInfo (RoleInfo.java:updateAndGet(143)) - a2052f7e-d3c3-4622-93e6-57af3c07b0b9: start FollowerState
2019-11-13 05:09:28,548 [pool-37-thread-1] INFO  util.JmxRegister (JmxRegister.java:tryRegister(44)) - Successfully registered JMX Bean with object name Ratis:service=RaftServer,group=group-2EE15F006BC3,id=a2052f7e-d3c3-4622-93e6-57af3c07b0b9
2019-11-13 05:09:28,549 [pool-37-thread-1] WARN  impl.MetricRegistriesImpl (MetricRegistriesImpl.java:lambda$create$1(61)) - First MetricRegistry has been created without registering reporters. You may need to call MetricRegistries.global().addReportRegistration(...) before.
2019-11-13 05:09:28,555 [RatisPipelineUtilsThread] INFO  pipeline.PipelineStateManager (PipelineStateManager.java:addPipeline(55)) - Created pipeline Pipeline[ Id: 66fe2c40-c960-47d1-8bbc-2ee15f006bc3, Nodes: a2052f7e-d3c3-4622-93e6-57af3c07b0b9{ip: 192.168.34.45, host: trunk-nightly-20191113-wdxpm-1799726093, networkLocation: /default-rack, certSerialId: null}, Type:RATIS, Factor:ONE, State:ALLOCATED]
2019-11-13 05:09:28,557 [Thread-178] INFO  pipeline.PipelineStateManager (PipelineStateManager.java:finalizePipeline(121)) - Pipeline Pipeline[ Id: d1015827-1964-4cdc-9a3d-aa288fe8f44f, Nodes: 48f146a6-a5be-49c8-b3b4-aad85ee41d4c{ip: 192.168.34.45, host: trunk-nightly-20191113-wdxpm-1799726093, networkLocation: /default-rack, certSerialId: null}7becc6a6-c060-4129-a788-e926a86fd29a{ip: 192.168.34.45, host: trunk-nightly-20191113-wdxpm-1799726093, networkLocation: /default-rack, certSerialId: null}a2052f7e-d3c3-4622-93e6-57af3c07b0b9{ip: 192.168.34.45, host: trunk-nightly-20191113-wdxpm-1799726093, networkLocation: /default-rack, certSerialId: null}, Type:RATIS, Factor:THREE, State:CLOSED] moved to CLOSED state
2019-11-13 05:09:28,566 [grpc-default-executor-1] INFO  impl.RaftServerProxy (RaftServerProxy.java:remove(95)) - 48f146a6-a5be-49c8-b3b4-aad85ee41d4c: remove  FOLLOWER 48f146a6-a5be-49c8-b3b4-aad85ee41d4c@group-AA288FE8F44F:t0, leader=null, voted=null, raftlog=48f146a6-a5be-49c8-b3b4-aad85ee41d4c@group-AA288FE8F44F-SegmentedRaftLog:OPENED:c-1,f-1,i0, conf=-1: [48f146a6-a5be-49c8-b3b4-aad85ee41d4c:192.168.34.45:37974, a2052f7e-d3c3-4622-93e6-57af3c07b0b9:192.168.34.45:36888, 7becc6a6-c060-4129-a788-e926a86fd29a:192.168.34.45:40536], old=null RUNNING
2019-11-13 05:09:28,567 [grpc-default-executor-1] INFO  impl.RaftServerImpl (RaftServerImpl.java:lambda$shutdown$3(250)) - 48f146a6-a5be-49c8-b3b4-aad85ee41d4c@group-AA288FE8F44F: shutdown
2019-11-13 05:09:28,567 [grpc-default-executor-1] INFO  util.JmxRegister (JmxRegister.java:unregister(73)) - Successfully un-registered JMX Bean with object name Ratis:service=RaftServer,group=group-AA288FE8F44F,id=48f146a6-a5be-49c8-b3b4-aad85ee41d4c
2019-11-13 05:09:28,567 [grpc-default-executor-1] INFO  impl.RoleInfo (RoleInfo.java:shutdownFollowerState(121)) - 48f146a6-a5be-49c8-b3b4-aad85ee41d4c: shutdown FollowerState
2019-11-13 05:09:28,567 [grpc-default-executor-1] INFO  impl.StateMachineUpdater (StateMachineUpdater.java:stopAndJoin(136)) - 48f146a6-a5be-49c8-b3b4-aad85ee41d4c@group-AA288FE8F44F-StateMachineUpdater: set stopIndex = -1
2019-11-13 05:09:28,567 [Thread-192] INFO  impl.FollowerState (FollowerState.java:run(120)) - 48f146a6-a5be-49c8-b3b4-aad85ee41d4c@group-AA288FE8F44F-FollowerState was interrupted: java.lang.InterruptedException: sleep interrupted
2019-11-13 05:09:28,568 [grpc-default-executor-1] INFO  impl.RaftServerImpl (ServerState.java:close(387)) - 48f146a6-a5be-49c8-b3b4-aad85ee41d4c@group-AA288FE8F44F: closes. applyIndex: -1
2019-11-13 05:09:28,569 [48f146a6-a5be-49c8-b3b4-aad85ee41d4c@group-AA288FE8F44F-SegmentedRaftLogWorker] INFO  segmented.SegmentedRaftLogWorker (SegmentedRaftLogWorker.java:run(316)) - 48f146a6-a5be-49c8-b3b4-aad85ee41d4c@group-AA288FE8F44F-SegmentedRaftLogWorker was interrupted, exiting. There are 0 tasks remaining in the queue.
2019-11-13 05:09:28,569 [grpc-default-executor-1] INFO  segmented.SegmentedRaftLogWorker (SegmentedRaftLogWorker.java:close(224)) - 48f146a6-a5be-49c8-b3b4-aad85ee41d4c@group-AA288FE8F44F-SegmentedRaftLogWorker close()
2019-11-13 05:09:28,584 [grpc-default-executor-1] INFO  impl.RaftServerProxy (RaftServerProxy.java:remove(95)) - 7becc6a6-c060-4129-a788-e926a86fd29a: remove  FOLLOWER 7becc6a6-c060-4129-a788-e926a86fd29a@group-AA288FE8F44F:t0, leader=null, voted=null, raftlog=7becc6a6-c060-4129-a788-e926a86fd29a@group-AA288FE8F44F-SegmentedRaftLog:OPENED:c-1,f-1,i0, conf=-1: [48f146a6-a5be-49c8-b3b4-aad85ee41d4c:192.168.34.45:37974, a2052f7e-d3c3-4622-93e6-57af3c07b0b9:192.168.34.45:36888, 7becc6a6-c060-4129-a788-e926a86fd29a:192.168.34.45:40536], old=null RUNNING
2019-11-13 05:09:28,584 [grpc-default-executor-1] INFO  impl.RaftServerImpl (RaftServerImpl.java:lambda$shutdown$3(250)) - 7becc6a6-c060-4129-a788-e926a86fd29a@group-AA288FE8F44F: shutdown
2019-11-13 05:09:28,584 [grpc-default-executor-1] INFO  util.JmxRegister (JmxRegister.java:unregister(73)) - Successfully un-registered JMX Bean with object name Ratis:service=RaftServer,group=group-AA288FE8F44F,id=7becc6a6-c060-4129-a788-e926a86fd29a
2019-11-13 05:09:28,584 [grpc-default-executor-1] INFO  impl.RoleInfo (RoleInfo.java:shutdownFollowerState(121)) - 7becc6a6-c060-4129-a788-e926a86fd29a: shutdown FollowerState
2019-11-13 05:09:28,584 [grpc-default-executor-1] INFO  impl.StateMachineUpdater (StateMachineUpdater.java:stopAndJoin(136)) - 7becc6a6-c060-4129-a788-e926a86fd29a@group-AA288FE8F44F-StateMachineUpdater: set stopIndex = -1
2019-11-13 05:09:28,584 [Thread-189] INFO  impl.FollowerState (FollowerState.java:run(120)) - 7becc6a6-c060-4129-a788-e926a86fd29a@group-AA288FE8F44F-FollowerState was interrupted: java.lang.InterruptedException: sleep interrupted
2019-11-13 05:09:28,585 [grpc-default-executor-1] INFO  impl.RaftServerImpl (ServerState.java:close(387)) - 7becc6a6-c060-4129-a788-e926a86fd29a@group-AA288FE8F44F: closes. applyIndex: -1
2019-11-13 05:09:28,586 [7becc6a6-c060-4129-a788-e926a86fd29a@group-AA288FE8F44F-SegmentedRaftLogWorker] INFO  segmented.SegmentedRaftLogWorker (SegmentedRaftLogWorker.java:run(316)) - 7becc6a6-c060-4129-a788-e926a86fd29a@group-AA288FE8F44F-SegmentedRaftLogWorker was interrupted, exiting. There are 0 tasks remaining in the queue.
2019-11-13 05:09:28,586 [grpc-default-executor-1] INFO  segmented.SegmentedRaftLogWorker (SegmentedRaftLogWorker.java:close(224)) - 7becc6a6-c060-4129-a788-e926a86fd29a@group-AA288FE8F44F-SegmentedRaftLogWorker close()
2019-11-13 05:09:28,599 [grpc-default-executor-1] INFO  impl.RaftServerProxy (RaftServerProxy.java:remove(95)) - a2052f7e-d3c3-4622-93e6-57af3c07b0b9: remove  FOLLOWER a2052f7e-d3c3-4622-93e6-57af3c07b0b9@group-AA288FE8F44F:t0, leader=null, voted=null, raftlog=a2052f7e-d3c3-4622-93e6-57af3c07b0b9@group-AA288FE8F44F-SegmentedRaftLog:OPENED:c-1,f-1,i0, conf=-1: [48f146a6-a5be-49c8-b3b4-aad85ee41d4c:192.168.34.45:37974, a2052f7e-d3c3-4622-93e6-57af3c07b0b9:192.168.34.45:36888, 7becc6a6-c060-4129-a788-e926a86fd29a:192.168.34.45:40536], old=null RUNNING
2019-11-13 05:09:28,600 [grpc-default-executor-1] INFO  impl.RaftServerImpl (RaftServerImpl.java:lambda$shutdown$3(250)) - a2052f7e-d3c3-4622-93e6-57af3c07b0b9@group-AA288FE8F44F: shutdown
2019-11-13 05:09:28,600 [grpc-default-executor-1] INFO  util.JmxRegister (JmxRegister.java:unregister(73)) - Successfully un-registered JMX Bean with object name Ratis:service=RaftServer,group=group-AA288FE8F44F,id=a2052f7e-d3c3-4622-93e6-57af3c07b0b9
2019-11-13 05:09:28,600 [grpc-default-executor-1] INFO  impl.RoleInfo (RoleInfo.java:shutdownFollowerState(121)) - a2052f7e-d3c3-4622-93e6-57af3c07b0b9: shutdown FollowerState
2019-11-13 05:09:28,600 [grpc-default-executor-1] INFO  impl.StateMachineUpdater (StateMachineUpdater.java:stopAndJoin(136)) - a2052f7e-d3c3-4622-93e6-57af3c07b0b9@group-AA288FE8F44F-StateMachineUpdater: set stopIndex = -1
2019-11-13 05:09:28,600 [Thread-195] INFO  impl.FollowerState (FollowerState.java:run(120)) - a2052f7e-d3c3-4622-93e6-57af3c07b0b9@group-AA288FE8F44F-FollowerState was interrupted: java.lang.InterruptedException: sleep interrupted
2019-11-13 05:09:28,601 [grpc-default-executor-1] INFO  impl.RaftServerImpl (ServerState.java:close(387)) - a2052f7e-d3c3-4622-93e6-57af3c07b0b9@group-AA288FE8F44F: closes. applyIndex: -1
2019-11-13 05:09:28,601 [a2052f7e-d3c3-4622-93e6-57af3c07b0b9@group-AA288FE8F44F-SegmentedRaftLogWorker] INFO  segmented.SegmentedRaftLogWorker (SegmentedRaftLogWorker.java:run(316)) - a2052f7e-d3c3-4622-93e6-57af3c07b0b9@group-AA288FE8F44F-SegmentedRaftLogWorker was interrupted, exiting. There are 0 tasks remaining in the queue.
2019-11-13 05:09:28,601 [grpc-default-executor-1] INFO  segmented.SegmentedRaftLogWorker (SegmentedRaftLogWorker.java:close(224)) - a2052f7e-d3c3-4622-93e6-57af3c07b0b9@group-AA288FE8F44F-SegmentedRaftLogWorker close()
2019-11-13 05:09:28,608 [Thread-178] INFO  pipeline.PipelineStateManager (PipelineStateManager.java:removePipeline(106)) - Pipeline Pipeline[ Id: d1015827-1964-4cdc-9a3d-aa288fe8f44f, Nodes: 48f146a6-a5be-49c8-b3b4-aad85ee41d4c{ip: 192.168.34.45, host: trunk-nightly-20191113-wdxpm-1799726093, networkLocation: /default-rack, certSerialId: null}7becc6a6-c060-4129-a788-e926a86fd29a{ip: 192.168.34.45, host: trunk-nightly-20191113-wdxpm-1799726093, networkLocation: /default-rack, certSerialId: null}a2052f7e-d3c3-4622-93e6-57af3c07b0b9{ip: 192.168.34.45, host: trunk-nightly-20191113-wdxpm-1799726093, networkLocation: /default-rack, certSerialId: null}, Type:RATIS, Factor:THREE, State:CLOSED] removed from db
2019-11-13 05:09:28,608 [Thread-178] INFO  pipeline.SCMPipelineManager (SCMPipelineManager.java:finalizeAndDestroyPipeline(315)) - destroying pipeline:Pipeline[ Id: e57fb8a2-0131-42f4-903c-3006e3568c7b, Nodes: 7becc6a6-c060-4129-a788-e926a86fd29a{ip: 192.168.34.45, host: trunk-nightly-20191113-wdxpm-1799726093, networkLocation: /default-rack, certSerialId: null}, Type:RATIS, Factor:ONE, State:ALLOCATED]
2019-11-13 05:09:28,622 [grpc-default-executor-2] INFO  impl.RaftServerProxy (RaftServerProxy.java:addNew(89)) - 48f146a6-a5be-49c8-b3b4-aad85ee41d4c: addNew group-803919C4D24F:[48f146a6-a5be-49c8-b3b4-aad85ee41d4c:192.168.34.45:37974, a2052f7e-d3c3-4622-93e6-57af3c07b0b9:192.168.34.45:36888, 7becc6a6-c060-4129-a788-e926a86fd29a:192.168.34.45:40536] returns group-803919C4D24F:java.util.concurrent.CompletableFuture@78d9909b[Not completed]
2019-11-13 05:09:28,624 [grpc-default-executor-2] INFO  impl.RaftServerProxy (RaftServerProxy.java:addNew(89)) - a2052f7e-d3c3-4622-93e6-57af3c07b0b9: addNew group-803919C4D24F:[48f146a6-a5be-49c8-b3b4-aad85ee41d4c:192.168.34.45:37974, a2052f7e-d3c3-4622-93e6-57af3c07b0b9:192.168.34.45:36888, 7becc6a6-c060-4129-a788-e926a86fd29a:192.168.34.45:40536] returns group-803919C4D24F:java.util.concurrent.CompletableFuture@35bcf836[Not completed]
2019-11-13 05:09:28,624 [pool-47-thread-1] INFO  impl.RaftServerImpl (RaftServerImpl.java:<init>(98)) - 48f146a6-a5be-49c8-b3b4-aad85ee41d4c: new RaftServerImpl for group-803919C4D24F:[48f146a6-a5be-49c8-b3b4-aad85ee41d4c:192.168.34.45:37974, a2052f7e-d3c3-4622-93e6-57af3c07b0b9:192.168.34.45:36888, 7becc6a6-c060-4129-a788-e926a86fd29a:192.168.34.45:40536] with ContainerStateMachine:uninitialized
2019-11-13 05:09:28,625 [pool-47-thread-1] INFO  server.RaftServerConfigKeys (ConfUtils.java:logGet(43)) - raft.server.rpc.timeout.min = 5s (custom)
2019-11-13 05:09:28,625 [pool-47-thread-1] INFO  server.RaftServerConfigKeys (ConfUtils.java:logGet(43)) - raft.server.rpc.timeout.max = 5200ms (custom)
2019-11-13 05:09:28,625 [pool-47-thread-1] INFO  server.RaftServerConfigKeys (ConfUtils.java:logGet(43)) - raft.server.rpcslowness.timeout = 120s (custom)
2019-11-13 05:09:28,625 [pool-47-thread-1] INFO  server.RaftServerConfigKeys (ConfUtils.java:logGet(43)) - raft.server.sleep.deviation.threshold = 300 (default)
2019-11-13 05:09:28,626 [pool-47-thread-1] INFO  server.RaftServerConfigKeys (ConfUtils.java:logGet(43)) - raft.server.log.appender.install.snapshot.enabled = false (custom)
2019-11-13 05:09:28,626 [pool-47-thread-1] INFO  impl.RaftServerImpl (ServerState.java:<init>(103)) - 48f146a6-a5be-49c8-b3b4-aad85ee41d4c@group-803919C4D24F: ConfigurationManager, init=-1: [48f146a6-a5be-49c8-b3b4-aad85ee41d4c:192.168.34.45:37974, a2052f7e-d3c3-4622-93e6-57af3c07b0b9:192.168.34.45:36888, 7becc6a6-c060-4129-a788-e926a86fd29a:192.168.34.45:40536], old=null, confs=<EMPTY_MAP>
2019-11-13 05:09:28,626 [pool-47-thread-1] INFO  server.RaftServerConfigKeys (ConfUtils.java:logGet(43)) - raft.server.storage.dir = [/workdir/hadoop-ozone/tools/target/test-dir/MiniOzoneClusterImpl-057fdede-c001-40ca-aad2-2ca72f5b0309/datanode-2/data/ratis] (custom)
2019-11-13 05:09:28,626 [pool-47-thread-1] INFO  server.RaftServerConfigKeys (ConfUtils.java:logGet(43)) - raft.server.log.corruption.policy = EXCEPTION (default)
2019-11-13 05:09:28,626 [grpc-default-executor-2] INFO  impl.RaftServerProxy (RaftServerProxy.java:addNew(89)) - 7becc6a6-c060-4129-a788-e926a86fd29a: addNew group-803919C4D24F:[48f146a6-a5be-49c8-b3b4-aad85ee41d4c:192.168.34.45:37974, a2052f7e-d3c3-4622-93e6-57af3c07b0b9:192.168.34.45:36888, 7becc6a6-c060-4129-a788-e926a86fd29a:192.168.34.45:40536] returns group-803919C4D24F:java.util.concurrent.CompletableFuture@57341713[Not completed]
2019-11-13 05:09:28,626 [pool-47-thread-1] INFO  storage.RaftStorageDirectory (RaftStorageDirectory.java:analyzeStorage(246)) - The storage directory /workdir/hadoop-ozone/tools/target/test-dir/MiniOzoneClusterImpl-057fdede-c001-40ca-aad2-2ca72f5b0309/datanode-2/data/ratis/52d183f1-01dc-4818-9d93-803919c4d24f does not exist. Creating ...
2019-11-13 05:09:28,627 [pool-37-thread-1] INFO  impl.RaftServerImpl (RaftServerImpl.java:<init>(98)) - a2052f7e-d3c3-4622-93e6-57af3c07b0b9: new RaftServerImpl for group-803919C4D24F:[48f146a6-a5be-49c8-b3b4-aad85ee41d4c:192.168.34.45:37974, a2052f7e-d3c3-4622-93e6-57af3c07b0b9:192.168.34.45:36888, 7becc6a6-c060-4129-a788-e926a86fd29a:192.168.34.45:40536] with ContainerStateMachine:uninitialized
2019-11-13 05:09:28,627 [pool-37-thread-1] INFO  server.RaftServerConfigKeys (ConfUtils.java:logGet(43)) - raft.server.rpc.timeout.min = 5s (custom)
2019-11-13 05:09:28,627 [pool-37-thread-1] INFO  server.RaftServerConfigKeys (ConfUtils.java:logGet(43)) - raft.server.rpc.timeout.max = 5200ms (custom)
2019-11-13 05:09:28,627 [pool-37-thread-1] INFO  server.RaftServerConfigKeys (ConfUtils.java:logGet(43)) - raft.server.rpcslowness.timeout = 120s (custom)
2019-11-13 05:09:28,627 [pool-37-thread-1] INFO  server.RaftServerConfigKeys (ConfUtils.java:logGet(43)) - raft.server.sleep.deviation.threshold = 300 (default)
2019-11-13 05:09:28,627 [pool-37-thread-1] INFO  server.RaftServerConfigKeys (ConfUtils.java:logGet(43)) - raft.server.log.appender.install.snapshot.enabled = false (custom)
2019-11-13 05:09:28,627 [pool-37-thread-1] INFO  impl.RaftServerImpl (ServerState.java:<init>(103)) - a2052f7e-d3c3-4622-93e6-57af3c07b0b9@group-803919C4D24F: ConfigurationManager, init=-1: [48f146a6-a5be-49c8-b3b4-aad85ee41d4c:192.168.34.45:37974, a2052f7e-d3c3-4622-93e6-57af3c07b0b9:192.168.34.45:36888, 7becc6a6-c060-4129-a788-e926a86fd29a:192.168.34.45:40536], old=null, confs=<EMPTY_MAP>
2019-11-13 05:09:28,628 [pool-37-thread-1] INFO  server.RaftServerConfigKeys (ConfUtils.java:logGet(43)) - raft.server.storage.dir = [/workdir/hadoop-ozone/tools/target/test-dir/MiniOzoneClusterImpl-057fdede-c001-40ca-aad2-2ca72f5b0309/datanode-1/data/ratis] (custom)
2019-11-13 05:09:28,628 [pool-37-thread-1] INFO  server.RaftServerConfigKeys (ConfUtils.java:logGet(43)) - raft.server.log.corruption.policy = EXCEPTION (default)
2019-11-13 05:09:28,628 [pool-27-thread-1] INFO  impl.RaftServerImpl (RaftServerImpl.java:<init>(98)) - 7becc6a6-c060-4129-a788-e926a86fd29a: new RaftServerImpl for group-803919C4D24F:[48f146a6-a5be-49c8-b3b4-aad85ee41d4c:192.168.34.45:37974, a2052f7e-d3c3-4622-93e6-57af3c07b0b9:192.168.34.45:36888, 7becc6a6-c060-4129-a788-e926a86fd29a:192.168.34.45:40536] with ContainerStateMachine:uninitialized
2019-11-13 05:09:28,628 [pool-37-thread-1] INFO  storage.RaftStorageDirectory (RaftStorageDirectory.java:analyzeStorage(246)) - The storage directory /workdir/hadoop-ozone/tools/target/test-dir/MiniOzoneClusterImpl-057fdede-c001-40ca-aad2-2ca72f5b0309/datanode-1/data/ratis/52d183f1-01dc-4818-9d93-803919c4d24f does not exist. Creating ...
2019-11-13 05:09:28,628 [pool-27-thread-1] INFO  server.RaftServerConfigKeys (ConfUtils.java:logGet(43)) - raft.server.rpc.timeout.min = 5s (custom)
2019-11-13 05:09:28,629 [pool-27-thread-1] INFO  server.RaftServerConfigKeys (ConfUtils.java:logGet(43)) - raft.server.rpc.timeout.max = 5200ms (custom)
2019-11-13 05:09:28,629 [pool-27-thread-1] INFO  server.RaftServerConfigKeys (ConfUtils.java:logGet(43)) - raft.server.rpcslowness.timeout = 120s (custom)
2019-11-13 05:09:28,629 [pool-27-thread-1] INFO  server.RaftServerConfigKeys (ConfUtils.java:logGet(43)) - raft.server.sleep.deviation.threshold = 300 (default)
2019-11-13 05:09:28,629 [pool-27-thread-1] INFO  server.RaftServerConfigKeys (ConfUtils.java:logGet(43)) - raft.server.log.appender.install.snapshot.enabled = false (custom)
2019-11-13 05:09:28,629 [pool-27-thread-1] INFO  impl.RaftServerImpl (ServerState.java:<init>(103)) - 7becc6a6-c060-4129-a788-e926a86fd29a@group-803919C4D24F: ConfigurationManager, init=-1: [48f146a6-a5be-49c8-b3b4-aad85ee41d4c:192.168.34.45:37974, a2052f7e-d3c3-4622-93e6-57af3c07b0b9:192.168.34.45:36888, 7becc6a6-c060-4129-a788-e926a86fd29a:192.168.34.45:40536], old=null, confs=<EMPTY_MAP>
2019-11-13 05:09:28,629 [pool-27-thread-1] INFO  server.RaftServerConfigKeys (ConfUtils.java:logGet(43)) - raft.server.storage.dir = [/workdir/hadoop-ozone/tools/target/test-dir/MiniOzoneClusterImpl-057fdede-c001-40ca-aad2-2ca72f5b0309/datanode-0/data/ratis] (custom)
2019-11-13 05:09:28,630 [pool-27-thread-1] INFO  server.RaftServerConfigKeys (ConfUtils.java:logGet(43)) - raft.server.log.corruption.policy = EXCEPTION (default)
2019-11-13 05:09:28,630 [pool-27-thread-1] INFO  storage.RaftStorageDirectory (RaftStorageDirectory.java:analyzeStorage(246)) - The storage directory /workdir/hadoop-ozone/tools/target/test-dir/MiniOzoneClusterImpl-057fdede-c001-40ca-aad2-2ca72f5b0309/datanode-0/data/ratis/52d183f1-01dc-4818-9d93-803919c4d24f does not exist. Creating ...
2019-11-13 05:09:28,662 [pool-47-thread-1] INFO  storage.RaftStorageDirectory (RaftStorageDirectory.java:tryLock(328)) - Lock on /workdir/hadoop-ozone/tools/target/test-dir/MiniOzoneClusterImpl-057fdede-c001-40ca-aad2-2ca72f5b0309/datanode-2/data/ratis/52d183f1-01dc-4818-9d93-803919c4d24f/in_use.lock acquired by nodename 21495@trunk-nightly-20191113-wdxpm-1799726093
2019-11-13 05:09:28,662 [pool-27-thread-1] INFO  storage.RaftStorageDirectory (RaftStorageDirectory.java:tryLock(328)) - Lock on /workdir/hadoop-ozone/tools/target/test-dir/MiniOzoneClusterImpl-057fdede-c001-40ca-aad2-2ca72f5b0309/datanode-0/data/ratis/52d183f1-01dc-4818-9d93-803919c4d24f/in_use.lock acquired by nodename 21495@trunk-nightly-20191113-wdxpm-1799726093
2019-11-13 05:09:28,662 [pool-37-thread-1] INFO  storage.RaftStorageDirectory (RaftStorageDirectory.java:tryLock(328)) - Lock on /workdir/hadoop-ozone/tools/target/test-dir/MiniOzoneClusterImpl-057fdede-c001-40ca-aad2-2ca72f5b0309/datanode-1/data/ratis/52d183f1-01dc-4818-9d93-803919c4d24f/in_use.lock acquired by nodename 21495@trunk-nightly-20191113-wdxpm-1799726093
2019-11-13 05:09:28,675 [pool-47-thread-1] INFO  storage.RaftStorage (RaftStorage.java:format(84)) - Storage directory /workdir/hadoop-ozone/tools/target/test-dir/MiniOzoneClusterImpl-057fdede-c001-40ca-aad2-2ca72f5b0309/datanode-2/data/ratis/52d183f1-01dc-4818-9d93-803919c4d24f has been successfully formatted.
2019-11-13 05:09:28,675 [pool-37-thread-1] INFO  storage.RaftStorage (RaftStorage.java:format(84)) - Storage directory /workdir/hadoop-ozone/tools/target/test-dir/MiniOzoneClusterImpl-057fdede-c001-40ca-aad2-2ca72f5b0309/datanode-1/data/ratis/52d183f1-01dc-4818-9d93-803919c4d24f has been successfully formatted.
2019-11-13 05:09:28,675 [pool-27-thread-1] INFO  storage.RaftStorage (RaftStorage.java:format(84)) - Storage directory /workdir/hadoop-ozone/tools/target/test-dir/MiniOzoneClusterImpl-057fdede-c001-40ca-aad2-2ca72f5b0309/datanode-0/data/ratis/52d183f1-01dc-4818-9d93-803919c4d24f has been successfully formatted.
2019-11-13 05:09:28,676 [pool-47-thread-1] INFO  ratis.ContainerStateMachine (ContainerStateMachine.java:loadSnapshot(223)) - group-803919C4D24F: The snapshot info is null. Setting the last applied indexto:(t:0, i:~)
2019-11-13 05:09:28,676 [pool-37-thread-1] INFO  ratis.ContainerStateMachine (ContainerStateMachine.java:loadSnapshot(223)) - group-803919C4D24F: The snapshot info is null. Setting the last applied indexto:(t:0, i:~)
2019-11-13 05:09:28,676 [pool-27-thread-1] INFO  ratis.ContainerStateMachine (ContainerStateMachine.java:loadSnapshot(223)) - group-803919C4D24F: The snapshot info is null. Setting the last applied indexto:(t:0, i:~)
2019-11-13 05:09:28,676 [pool-37-thread-1] INFO  server.RaftServerConfigKeys (ConfUtils.java:logGet(43)) - raft.server.notification.no-leader.timeout = 120s (custom)
2019-11-13 05:09:28,676 [pool-47-thread-1] INFO  server.RaftServerConfigKeys (ConfUtils.java:logGet(43)) - raft.server.notification.no-leader.timeout = 120s (custom)
2019-11-13 05:09:28,676 [pool-37-thread-1] INFO  server.RaftServerConfigKeys (ConfUtils.java:logGet(43)) - raft.server.log.use.memory = false (default)
2019-11-13 05:09:28,676 [pool-27-thread-1] INFO  server.RaftServerConfigKeys (ConfUtils.java:logGet(43)) - raft.server.notification.no-leader.timeout = 120s (custom)
2019-11-13 05:09:28,676 [pool-37-thread-1] INFO  server.RaftServerConfigKeys (ConfUtils.java:logGet(43)) - raft.server.log.purge.gap = 1000000 (custom)
2019-11-13 05:09:28,676 [pool-47-thread-1] INFO  server.RaftServerConfigKeys (ConfUtils.java:logGet(43)) - raft.server.log.use.memory = false (default)
2019-11-13 05:09:28,677 [pool-37-thread-1] INFO  server.RaftServerConfigKeys (ConfUtils.java:logGet(43)) - raft.server.log.appender.buffer.byte-limit = 33554432 (custom)
2019-11-13 05:09:28,676 [pool-27-thread-1] INFO  server.RaftServerConfigKeys (ConfUtils.java:logGet(43)) - raft.server.log.use.memory = false (default)
2019-11-13 05:09:28,677 [pool-37-thread-1] INFO  server.RaftServerConfigKeys (ConfUtils.java:logGet(43)) - raft.server.log.segment.size.max = 1048576 (custom)
2019-11-13 05:09:28,677 [pool-47-thread-1] INFO  server.RaftServerConfigKeys (ConfUtils.java:logGet(43)) - raft.server.log.purge.gap = 1000000 (custom)
2019-11-13 05:09:28,677 [pool-37-thread-1] INFO  server.RaftServerConfigKeys (ConfUtils.java:logGet(43)) - raft.server.log.segment.cache.num.max = 2 (custom)
2019-11-13 05:09:28,677 [pool-27-thread-1] INFO  server.RaftServerConfigKeys (ConfUtils.java:logGet(43)) - raft.server.log.purge.gap = 1000000 (custom)
2019-11-13 05:09:28,677 [pool-37-thread-1] INFO  segmented.SegmentedRaftLogWorker (SegmentedRaftLogWorker.java:<init>(173)) - new a2052f7e-d3c3-4622-93e6-57af3c07b0b9@group-803919C4D24F-SegmentedRaftLogWorker for RaftStorage:Storage Directory /workdir/hadoop-ozone/tools/target/test-dir/MiniOzoneClusterImpl-057fdede-c001-40ca-aad2-2ca72f5b0309/datanode-1/data/ratis/52d183f1-01dc-4818-9d93-803919c4d24f
2019-11-13 05:09:28,677 [pool-47-thread-1] INFO  server.RaftServerConfigKeys (ConfUtils.java:logGet(43)) - raft.server.log.appender.buffer.byte-limit = 33554432 (custom)
2019-11-13 05:09:28,678 [pool-37-thread-1] INFO  server.RaftServerConfigKeys (ConfUtils.java:logGet(43)) - raft.server.log.queue.byte-limit = 2147483647 (custom)
2019-11-13 05:09:28,677 [pool-27-thread-1] INFO  server.RaftServerConfigKeys (ConfUtils.java:logGet(43)) - raft.server.log.appender.buffer.byte-limit = 33554432 (custom)
2019-11-13 05:09:28,678 [pool-37-thread-1] INFO  server.RaftServerConfigKeys (ConfUtils.java:logGet(43)) - raft.server.log.queue.element-limit = 1024 (custom)
2019-11-13 05:09:28,678 [pool-47-thread-1] INFO  server.RaftServerConfigKeys (ConfUtils.java:logGet(43)) - raft.server.log.segment.size.max = 1048576 (custom)
2019-11-13 05:09:28,678 [pool-37-thread-1] INFO  server.RaftServerConfigKeys (ConfUtils.java:logGet(43)) - raft.server.log.segment.size.max = 1048576 (custom)
2019-11-13 05:09:28,678 [pool-27-thread-1] INFO  server.RaftServerConfigKeys (ConfUtils.java:logGet(43)) - raft.server.log.segment.size.max = 1048576 (custom)
2019-11-13 05:09:28,678 [pool-37-thread-1] INFO  server.RaftServerConfigKeys (ConfUtils.java:logGet(43)) - raft.server.log.preallocated.size = 16384 (custom)
2019-11-13 05:09:28,678 [pool-47-thread-1] INFO  server.RaftServerConfigKeys (ConfUtils.java:logGet(43)) - raft.server.log.segment.cache.num.max = 2 (custom)
2019-11-13 05:09:28,678 [pool-37-thread-1] INFO  server.RaftServerConfigKeys (ConfUtils.java:logGet(43)) - raft.server.log.write.buffer.size = 33554432 (custom)
2019-11-13 05:09:28,678 [pool-27-thread-1] INFO  server.RaftServerConfigKeys (ConfUtils.java:logGet(43)) - raft.server.log.segment.cache.num.max = 2 (custom)
2019-11-13 05:09:28,679 [pool-37-thread-1] INFO  server.RaftServerConfigKeys (ConfUtils.java:logGet(43)) - raft.server.log.force.sync.num = 128 (default)
2019-11-13 05:09:28,679 [pool-47-thread-1] INFO  segmented.SegmentedRaftLogWorker (SegmentedRaftLogWorker.java:<init>(173)) - new 48f146a6-a5be-49c8-b3b4-aad85ee41d4c@group-803919C4D24F-SegmentedRaftLogWorker for RaftStorage:Storage Directory /workdir/hadoop-ozone/tools/target/test-dir/MiniOzoneClusterImpl-057fdede-c001-40ca-aad2-2ca72f5b0309/datanode-2/data/ratis/52d183f1-01dc-4818-9d93-803919c4d24f
2019-11-13 05:09:28,679 [pool-37-thread-1] INFO  server.RaftServerConfigKeys (ConfUtils.java:logGet(43)) - raft.server.log.statemachine.data.sync = true (default)
2019-11-13 05:09:28,679 [pool-27-thread-1] INFO  segmented.SegmentedRaftLogWorker (SegmentedRaftLogWorker.java:<init>(173)) - new 7becc6a6-c060-4129-a788-e926a86fd29a@group-803919C4D24F-SegmentedRaftLogWorker for RaftStorage:Storage Directory /workdir/hadoop-ozone/tools/target/test-dir/MiniOzoneClusterImpl-057fdede-c001-40ca-aad2-2ca72f5b0309/datanode-0/data/ratis/52d183f1-01dc-4818-9d93-803919c4d24f
2019-11-13 05:09:28,679 [pool-37-thread-1] INFO  server.RaftServerConfigKeys (ConfUtils.java:logGet(43)) - raft.server.log.statemachine.data.sync.timeout = 10s (default)
2019-11-13 05:09:28,679 [pool-47-thread-1] INFO  server.RaftServerConfigKeys (ConfUtils.java:logGet(43)) - raft.server.log.queue.byte-limit = 2147483647 (custom)
2019-11-13 05:09:28,679 [pool-37-thread-1] INFO  server.RaftServerConfigKeys (ConfUtils.java:logGet(43)) - raft.server.log.statemachine.data.sync.timeout.retry = -1 (default)
2019-11-13 05:09:28,679 [pool-27-thread-1] INFO  server.RaftServerConfigKeys (ConfUtils.java:logGet(43)) - raft.server.log.queue.byte-limit = 2147483647 (custom)
2019-11-13 05:09:28,680 [pool-47-thread-1] INFO  server.RaftServerConfigKeys (ConfUtils.java:logGet(43)) - raft.server.log.queue.element-limit = 1024 (custom)
2019-11-13 05:09:28,680 [pool-27-thread-1] INFO  server.RaftServerConfigKeys (ConfUtils.java:logGet(43)) - raft.server.log.queue.element-limit = 1024 (custom)
2019-11-13 05:09:28,680 [pool-37-thread-1] INFO  server.RaftServerConfigKeys (ConfUtils.java:logGet(43)) - raft.server.log.statemachine.data.caching.enabled = true (custom)
2019-11-13 05:09:28,680 [pool-27-thread-1] INFO  server.RaftServerConfigKeys (ConfUtils.java:logGet(43)) - raft.server.log.segment.size.max = 1048576 (custom)
2019-11-13 05:09:28,680 [pool-47-thread-1] INFO  server.RaftServerConfigKeys (ConfUtils.java:logGet(43)) - raft.server.log.segment.size.max = 1048576 (custom)
2019-11-13 05:09:28,680 [pool-27-thread-1] INFO  server.RaftServerConfigKeys (ConfUtils.java:logGet(43)) - raft.server.log.preallocated.size = 16384 (custom)
2019-11-13 05:09:28,681 [pool-47-thread-1] INFO  server.RaftServerConfigKeys (ConfUtils.java:logGet(43)) - raft.server.log.preallocated.size = 16384 (custom)
2019-11-13 05:09:28,680 [pool-37-thread-1] INFO  segmented.SegmentedRaftLogWorker (SegmentedRaftLogWorker.java:lambda$new$0(128)) - a2052f7e-d3c3-4622-93e6-57af3c07b0b9@group-803919C4D24F-SegmentedRaftLogWorker: flushIndex: setUnconditionally 0 -> -1
2019-11-13 05:09:28,681 [pool-47-thread-1] INFO  server.RaftServerConfigKeys (ConfUtils.java:logGet(43)) - raft.server.log.write.buffer.size = 33554432 (custom)
2019-11-13 05:09:28,681 [pool-27-thread-1] INFO  server.RaftServerConfigKeys (ConfUtils.java:logGet(43)) - raft.server.log.write.buffer.size = 33554432 (custom)
2019-11-13 05:09:28,681 [pool-37-thread-1] INFO  server.RaftServerConfigKeys (ConfUtils.java:logGet(43)) - raft.server.snapshot.auto.trigger.enabled = true (custom)
2019-11-13 05:09:28,681 [pool-47-thread-1] INFO  server.RaftServerConfigKeys (ConfUtils.java:logGet(43)) - raft.server.log.force.sync.num = 128 (default)
2019-11-13 05:09:28,681 [pool-37-thread-1] INFO  server.RaftServerConfigKeys (ConfUtils.java:logGet(43)) - raft.server.snapshot.auto.trigger.threshold = 10000 (custom)
2019-11-13 05:09:28,681 [pool-27-thread-1] INFO  server.RaftServerConfigKeys (ConfUtils.java:logGet(43)) - raft.server.log.force.sync.num = 128 (default)
2019-11-13 05:09:28,681 [pool-37-thread-1] INFO  server.RaftServerConfigKeys (ConfUtils.java:logGet(43)) - raft.server.snapshot.retention.file.num = 5 (custom)
2019-11-13 05:09:28,681 [pool-47-thread-1] INFO  server.RaftServerConfigKeys (ConfUtils.java:logGet(43)) - raft.server.log.statemachine.data.sync = true (default)
2019-11-13 05:09:28,682 [pool-27-thread-1] INFO  server.RaftServerConfigKeys (ConfUtils.java:logGet(43)) - raft.server.log.statemachine.data.sync = true (default)
2019-11-13 05:09:28,682 [pool-37-thread-1] INFO  server.RaftServerConfigKeys (ConfUtils.java:logGet(43)) - raft.server.retrycache.expirytime = 600000ms (custom)
2019-11-13 05:09:28,682 [pool-47-thread-1] INFO  server.RaftServerConfigKeys (ConfUtils.java:logGet(43)) - raft.server.log.statemachine.data.sync.timeout = 10s (default)
2019-11-13 05:09:28,682 [pool-27-thread-1] INFO  server.RaftServerConfigKeys (ConfUtils.java:logGet(43)) - raft.server.log.statemachine.data.sync.timeout = 10s (default)
2019-11-13 05:09:28,682 [pool-47-thread-1] INFO  server.RaftServerConfigKeys (ConfUtils.java:logGet(43)) - raft.server.log.statemachine.data.sync.timeout.retry = -1 (default)
2019-11-13 05:09:28,682 [pool-37-thread-1] WARN  impl.MetricRegistriesImpl (MetricRegistriesImpl.java:lambda$create$1(61)) - First MetricRegistry has been created without registering reporters. You may need to call MetricRegistries.global().addReportRegistration(...) before.
2019-11-13 05:09:28,683 [pool-47-thread-1] INFO  server.RaftServerConfigKeys (ConfUtils.java:logGet(43)) - raft.server.log.statemachine.data.caching.enabled = true (custom)
2019-11-13 05:09:28,682 [pool-27-thread-1] INFO  server.RaftServerConfigKeys (ConfUtils.java:logGet(43)) - raft.server.log.statemachine.data.sync.timeout.retry = -1 (default)
2019-11-13 05:09:28,683 [pool-37-thread-1] WARN  impl.MetricRegistriesImpl (MetricRegistriesImpl.java:lambda$create$1(61)) - First MetricRegistry has been created without registering reporters. You may need to call MetricRegistries.global().addReportRegistration(...) before.
2019-11-13 05:09:28,683 [pool-47-thread-1] INFO  segmented.SegmentedRaftLogWorker (SegmentedRaftLogWorker.java:lambda$new$0(128)) - 48f146a6-a5be-49c8-b3b4-aad85ee41d4c@group-803919C4D24F-SegmentedRaftLogWorker: flushIndex: setUnconditionally 0 -> -1
2019-11-13 05:09:28,683 [pool-27-thread-1] INFO  server.RaftServerConfigKeys (ConfUtils.java:logGet(43)) - raft.server.log.statemachine.data.caching.enabled = true (custom)
2019-11-13 05:09:28,683 [pool-37-thread-1] INFO  impl.RaftServerImpl (RaftServerImpl.java:start(184)) - a2052f7e-d3c3-4622-93e6-57af3c07b0b9@group-803919C4D24F: start as a follower, conf=-1: [48f146a6-a5be-49c8-b3b4-aad85ee41d4c:192.168.34.45:37974, a2052f7e-d3c3-4622-93e6-57af3c07b0b9:192.168.34.45:36888, 7becc6a6-c060-4129-a788-e926a86fd29a:192.168.34.45:40536], old=null
2019-11-13 05:09:28,683 [pool-47-thread-1] INFO  server.RaftServerConfigKeys (ConfUtils.java:logGet(43)) - raft.server.snapshot.auto.trigger.enabled = true (custom)
2019-11-13 05:09:28,683 [pool-27-thread-1] INFO  segmented.SegmentedRaftLogWorker (SegmentedRaftLogWorker.java:lambda$new$0(128)) - 7becc6a6-c060-4129-a788-e926a86fd29a@group-803919C4D24F-SegmentedRaftLogWorker: flushIndex: setUnconditionally 0 -> -1
2019-11-13 05:09:28,683 [pool-37-thread-1] INFO  impl.RaftServerImpl (RaftServerImpl.java:setRole(173)) - a2052f7e-d3c3-4622-93e6-57af3c07b0b9@group-803919C4D24F: changes role from      null to FOLLOWER at term 0 for startAsFollower
2019-11-13 05:09:28,683 [pool-47-thread-1] INFO  server.RaftServerConfigKeys (ConfUtils.java:logGet(43)) - raft.server.snapshot.auto.trigger.threshold = 10000 (custom)
2019-11-13 05:09:28,684 [pool-27-thread-1] INFO  server.RaftServerConfigKeys (ConfUtils.java:logGet(43)) - raft.server.snapshot.auto.trigger.enabled = true (custom)
2019-11-13 05:09:28,684 [pool-37-thread-1] INFO  impl.RoleInfo (RoleInfo.java:updateAndGet(143)) - a2052f7e-d3c3-4622-93e6-57af3c07b0b9: start FollowerState
2019-11-13 05:09:28,684 [pool-47-thread-1] INFO  server.RaftServerConfigKeys (ConfUtils.java:logGet(43)) - raft.server.snapshot.retention.file.num = 5 (custom)
2019-11-13 05:09:28,684 [pool-27-thread-1] INFO  server.RaftServerConfigKeys (ConfUtils.java:logGet(43)) - raft.server.snapshot.auto.trigger.threshold = 10000 (custom)
2019-11-13 05:09:28,684 [pool-47-thread-1] INFO  server.RaftServerConfigKeys (ConfUtils.java:logGet(43)) - raft.server.retrycache.expirytime = 600000ms (custom)
2019-11-13 05:09:28,684 [pool-27-thread-1] INFO  server.RaftServerConfigKeys (ConfUtils.java:logGet(43)) - raft.server.snapshot.retention.file.num = 5 (custom)
2019-11-13 05:09:28,684 [pool-37-thread-1] INFO  util.JmxRegister (JmxRegister.java:tryRegister(44)) - Successfully registered JMX Bean with object name Ratis:service=RaftServer,group=group-803919C4D24F,id=a2052f7e-d3c3-4622-93e6-57af3c07b0b9
2019-11-13 05:09:28,684 [pool-47-thread-1] WARN  impl.MetricRegistriesImpl (MetricRegistriesImpl.java:lambda$create$1(61)) - First MetricRegistry has been created without registering reporters. You may need to call MetricRegistries.global().addReportRegistration(...) before.
2019-11-13 05:09:28,685 [pool-37-thread-1] WARN  impl.MetricRegistriesImpl (MetricRegistriesImpl.java:lambda$create$1(61)) - First MetricRegistry has been created without registering reporters. You may need to call MetricRegistries.global().addReportRegistration(...) before.
2019-11-13 05:09:28,685 [pool-27-thread-1] INFO  server.RaftServerConfigKeys (ConfUtils.java:logGet(43)) - raft.server.retrycache.expirytime = 600000ms (custom)
2019-11-13 05:09:28,685 [pool-47-thread-1] WARN  impl.MetricRegistriesImpl (MetricRegistriesImpl.java:lambda$create$1(61)) - First MetricRegistry has been created without registering reporters. You may need to call MetricRegistries.global().addReportRegistration(...) before.
2019-11-13 05:09:28,685 [pool-27-thread-1] WARN  impl.MetricRegistriesImpl (MetricRegistriesImpl.java:lambda$create$1(61)) - First MetricRegistry has been created without registering reporters. You may need to call MetricRegistries.global().addReportRegistration(...) before.
2019-11-13 05:09:28,685 [pool-47-thread-1] INFO  impl.RaftServerImpl (RaftServerImpl.java:start(184)) - 48f146a6-a5be-49c8-b3b4-aad85ee41d4c@group-803919C4D24F: start as a follower, conf=-1: [48f146a6-a5be-49c8-b3b4-aad85ee41d4c:192.168.34.45:37974, a2052f7e-d3c3-4622-93e6-57af3c07b0b9:192.168.34.45:36888, 7becc6a6-c060-4129-a788-e926a86fd29a:192.168.34.45:40536], old=null
2019-11-13 05:09:28,685 [pool-27-thread-1] WARN  impl.MetricRegistriesImpl (MetricRegistriesImpl.java:lambda$create$1(61)) - First MetricRegistry has been created without registering reporters. You may need to call MetricRegistries.global().addReportRegistration(...) before.
2019-11-13 05:09:28,685 [pool-47-thread-1] INFO  impl.RaftServerImpl (RaftServerImpl.java:setRole(173)) - 48f146a6-a5be-49c8-b3b4-aad85ee41d4c@group-803919C4D24F: changes role from      null to FOLLOWER at term 0 for startAsFollower
2019-11-13 05:09:28,685 [pool-27-thread-1] INFO  impl.RaftServerImpl (RaftServerImpl.java:start(184)) - 7becc6a6-c060-4129-a788-e926a86fd29a@group-803919C4D24F: start as a follower, conf=-1: [48f146a6-a5be-49c8-b3b4-aad85ee41d4c:192.168.34.45:37974, a2052f7e-d3c3-4622-93e6-57af3c07b0b9:192.168.34.45:36888, 7becc6a6-c060-4129-a788-e926a86fd29a:192.168.34.45:40536], old=null
2019-11-13 05:09:28,685 [pool-47-thread-1] INFO  impl.RoleInfo (RoleInfo.java:updateAndGet(143)) - 48f146a6-a5be-49c8-b3b4-aad85ee41d4c: start FollowerState
2019-11-13 05:09:28,686 [pool-27-thread-1] INFO  impl.RaftServerImpl (RaftServerImpl.java:setRole(173)) - 7becc6a6-c060-4129-a788-e926a86fd29a@group-803919C4D24F: changes role from      null to FOLLOWER at term 0 for startAsFollower
2019-11-13 05:09:28,686 [pool-27-thread-1] INFO  impl.RoleInfo (RoleInfo.java:updateAndGet(143)) - 7becc6a6-c060-4129-a788-e926a86fd29a: start FollowerState
2019-11-13 05:09:28,686 [pool-47-thread-1] INFO  util.JmxRegister (JmxRegister.java:tryRegister(44)) - Successfully registered JMX Bean with object name Ratis:service=RaftServer,group=group-803919C4D24F,id=48f146a6-a5be-49c8-b3b4-aad85ee41d4c
2019-11-13 05:09:28,686 [pool-47-thread-1] WARN  impl.MetricRegistriesImpl (MetricRegistriesImpl.java:lambda$create$1(61)) - First MetricRegistry has been created without registering reporters. You may need to call MetricRegistries.global().addReportRegistration(...) before.
2019-11-13 05:09:28,686 [pool-27-thread-1] INFO  util.JmxRegister (JmxRegister.java:tryRegister(44)) - Successfully registered JMX Bean with object name Ratis:service=RaftServer,group=group-803919C4D24F,id=7becc6a6-c060-4129-a788-e926a86fd29a
2019-11-13 05:09:28,686 [pool-27-thread-1] WARN  impl.MetricRegistriesImpl (MetricRegistriesImpl.java:lambda$create$1(61)) - First MetricRegistry has been created without registering reporters. You may need to call MetricRegistries.global().addReportRegistration(...) before.
2019-11-13 05:09:28,697 [RatisPipelineUtilsThread] INFO  pipeline.PipelineStateManager (PipelineStateManager.java:addPipeline(55)) - Created pipeline Pipeline[ Id: 52d183f1-01dc-4818-9d93-803919c4d24f, Nodes: 48f146a6-a5be-49c8-b3b4-aad85ee41d4c{ip: 192.168.34.45, host: trunk-nightly-20191113-wdxpm-1799726093, networkLocation: /default-rack, certSerialId: null}7becc6a6-c060-4129-a788-e926a86fd29a{ip: 192.168.34.45, host: trunk-nightly-20191113-wdxpm-1799726093, networkLocation: /default-rack, certSerialId: null}a2052f7e-d3c3-4622-93e6-57af3c07b0b9{ip: 192.168.34.45, host: trunk-nightly-20191113-wdxpm-1799726093, networkLocation: /default-rack, certSerialId: null}, Type:RATIS, Factor:THREE, State:ALLOCATED]
2019-11-13 05:09:28,699 [Thread-178] INFO  pipeline.PipelineStateManager (PipelineStateManager.java:finalizePipeline(121)) - Pipeline Pipeline[ Id: e57fb8a2-0131-42f4-903c-3006e3568c7b, Nodes: 7becc6a6-c060-4129-a788-e926a86fd29a{ip: 192.168.34.45, host: trunk-nightly-20191113-wdxpm-1799726093, networkLocation: /default-rack, certSerialId: null}, Type:RATIS, Factor:ONE, State:CLOSED] moved to CLOSED state
2019-11-13 05:09:28,710 [grpc-default-executor-2] INFO  impl.RaftServerProxy (RaftServerProxy.java:remove(95)) - 7becc6a6-c060-4129-a788-e926a86fd29a: remove  FOLLOWER 7becc6a6-c060-4129-a788-e926a86fd29a@group-3006E3568C7B:t0, leader=null, voted=null, raftlog=7becc6a6-c060-4129-a788-e926a86fd29a@group-3006E3568C7B-SegmentedRaftLog:OPENED:c-1,f-1,i0, conf=-1: [7becc6a6-c060-4129-a788-e926a86fd29a:192.168.34.45:40536], old=null RUNNING
2019-11-13 05:09:28,711 [grpc-default-executor-2] INFO  impl.RaftServerImpl (RaftServerImpl.java:lambda$shutdown$3(250)) - 7becc6a6-c060-4129-a788-e926a86fd29a@group-3006E3568C7B: shutdown
2019-11-13 05:09:28,712 [grpc-default-executor-2] INFO  util.JmxRegister (JmxRegister.java:unregister(73)) - Successfully un-registered JMX Bean with object name Ratis:service=RaftServer,group=group-3006E3568C7B,id=7becc6a6-c060-4129-a788-e926a86fd29a
2019-11-13 05:09:28,712 [grpc-default-executor-2] INFO  impl.RoleInfo (RoleInfo.java:shutdownFollowerState(121)) - 7becc6a6-c060-4129-a788-e926a86fd29a: shutdown FollowerState
2019-11-13 05:09:28,712 [Thread-180] INFO  impl.FollowerState (FollowerState.java:run(120)) - 7becc6a6-c060-4129-a788-e926a86fd29a@group-3006E3568C7B-FollowerState was interrupted: java.lang.InterruptedException: sleep interrupted
2019-11-13 05:09:28,712 [grpc-default-executor-2] INFO  impl.StateMachineUpdater (StateMachineUpdater.java:stopAndJoin(136)) - 7becc6a6-c060-4129-a788-e926a86fd29a@group-3006E3568C7B-StateMachineUpdater: set stopIndex = -1
2019-11-13 05:09:28,715 [grpc-default-executor-2] INFO  impl.RaftServerImpl (ServerState.java:close(387)) - 7becc6a6-c060-4129-a788-e926a86fd29a@group-3006E3568C7B: closes. applyIndex: -1
2019-11-13 05:09:28,716 [7becc6a6-c060-4129-a788-e926a86fd29a@group-3006E3568C7B-SegmentedRaftLogWorker] INFO  segmented.SegmentedRaftLogWorker (SegmentedRaftLogWorker.java:run(316)) - 7becc6a6-c060-4129-a788-e926a86fd29a@group-3006E3568C7B-SegmentedRaftLogWorker was interrupted, exiting. There are 0 tasks remaining in the queue.
2019-11-13 05:09:28,716 [grpc-default-executor-2] INFO  segmented.SegmentedRaftLogWorker (SegmentedRaftLogWorker.java:close(224)) - 7becc6a6-c060-4129-a788-e926a86fd29a@group-3006E3568C7B-SegmentedRaftLogWorker close()
2019-11-13 05:09:28,724 [Thread-178] INFO  pipeline.PipelineStateManager (PipelineStateManager.java:removePipeline(106)) - Pipeline Pipeline[ Id: e57fb8a2-0131-42f4-903c-3006e3568c7b, Nodes: 7becc6a6-c060-4129-a788-e926a86fd29a{ip: 192.168.34.45, host: trunk-nightly-20191113-wdxpm-1799726093, networkLocation: /default-rack, certSerialId: null}, Type:RATIS, Factor:ONE, State:CLOSED] removed from db
2019-11-13 05:09:28,732 [grpc-default-executor-2] INFO  impl.RaftServerProxy (RaftServerProxy.java:addNew(89)) - 7becc6a6-c060-4129-a788-e926a86fd29a: addNew group-5123DFFCCAD7:[7becc6a6-c060-4129-a788-e926a86fd29a:192.168.34.45:40536] returns group-5123DFFCCAD7:java.util.concurrent.CompletableFuture@165a189f[Not completed]
2019-11-13 05:09:28,734 [pool-27-thread-1] INFO  impl.RaftServerImpl (RaftServerImpl.java:<init>(98)) - 7becc6a6-c060-4129-a788-e926a86fd29a: new RaftServerImpl for group-5123DFFCCAD7:[7becc6a6-c060-4129-a788-e926a86fd29a:192.168.34.45:40536] with ContainerStateMachine:uninitialized
2019-11-13 05:09:28,734 [pool-27-thread-1] INFO  server.RaftServerConfigKeys (ConfUtils.java:logGet(43)) - raft.server.rpc.timeout.min = 5s (custom)
2019-11-13 05:09:28,735 [pool-27-thread-1] INFO  server.RaftServerConfigKeys (ConfUtils.java:logGet(43)) - raft.server.rpc.timeout.max = 5200ms (custom)
2019-11-13 05:09:28,735 [pool-27-thread-1] INFO  server.RaftServerConfigKeys (ConfUtils.java:logGet(43)) - raft.server.rpcslowness.timeout = 120s (custom)
2019-11-13 05:09:28,735 [pool-27-thread-1] INFO  server.RaftServerConfigKeys (ConfUtils.java:logGet(43)) - raft.server.sleep.deviation.threshold = 300 (default)
2019-11-13 05:09:28,735 [pool-27-thread-1] INFO  server.RaftServerConfigKeys (ConfUtils.java:logGet(43)) - raft.server.log.appender.install.snapshot.enabled = false (custom)
2019-11-13 05:09:28,735 [pool-27-thread-1] INFO  impl.RaftServerImpl (ServerState.java:<init>(103)) - 7becc6a6-c060-4129-a788-e926a86fd29a@group-5123DFFCCAD7: ConfigurationManager, init=-1: [7becc6a6-c060-4129-a788-e926a86fd29a:192.168.34.45:40536], old=null, confs=<EMPTY_MAP>
2019-11-13 05:09:28,735 [pool-27-thread-1] INFO  server.RaftServerConfigKeys (ConfUtils.java:logGet(43)) - raft.server.storage.dir = [/workdir/hadoop-ozone/tools/target/test-dir/MiniOzoneClusterImpl-057fdede-c001-40ca-aad2-2ca72f5b0309/datanode-0/data/ratis] (custom)
2019-11-13 05:09:28,736 [pool-27-thread-1] INFO  server.RaftServerConfigKeys (ConfUtils.java:logGet(43)) - raft.server.log.corruption.policy = EXCEPTION (default)
2019-11-13 05:09:28,736 [pool-27-thread-1] INFO  storage.RaftStorageDirectory (RaftStorageDirectory.java:analyzeStorage(246)) - The storage directory /workdir/hadoop-ozone/tools/target/test-dir/MiniOzoneClusterImpl-057fdede-c001-40ca-aad2-2ca72f5b0309/datanode-0/data/ratis/feb87ccb-2207-4941-97c4-5123dffccad7 does not exist. Creating ...
2019-11-13 05:09:28,762 [pool-27-thread-1] INFO  storage.RaftStorageDirectory (RaftStorageDirectory.java:tryLock(328)) - Lock on /workdir/hadoop-ozone/tools/target/test-dir/MiniOzoneClusterImpl-057fdede-c001-40ca-aad2-2ca72f5b0309/datanode-0/data/ratis/feb87ccb-2207-4941-97c4-5123dffccad7/in_use.lock acquired by nodename 21495@trunk-nightly-20191113-wdxpm-1799726093
2019-11-13 05:09:28,775 [pool-27-thread-1] INFO  storage.RaftStorage (RaftStorage.java:format(84)) - Storage directory /workdir/hadoop-ozone/tools/target/test-dir/MiniOzoneClusterImpl-057fdede-c001-40ca-aad2-2ca72f5b0309/datanode-0/data/ratis/feb87ccb-2207-4941-97c4-5123dffccad7 has been successfully formatted.
2019-11-13 05:09:28,776 [pool-27-thread-1] INFO  ratis.ContainerStateMachine (ContainerStateMachine.java:loadSnapshot(223)) - group-5123DFFCCAD7: The snapshot info is null. Setting the last applied indexto:(t:0, i:~)
2019-11-13 05:09:28,776 [pool-27-thread-1] INFO  server.RaftServerConfigKeys (ConfUtils.java:logGet(43)) - raft.server.notification.no-leader.timeout = 120s (custom)
2019-11-13 05:09:28,776 [pool-27-thread-1] INFO  server.RaftServerConfigKeys (ConfUtils.java:logGet(43)) - raft.server.log.use.memory = false (default)
2019-11-13 05:09:28,776 [pool-27-thread-1] INFO  server.RaftServerConfigKeys (ConfUtils.java:logGet(43)) - raft.server.log.purge.gap = 1000000 (custom)
2019-11-13 05:09:28,777 [pool-27-thread-1] INFO  server.RaftServerConfigKeys (ConfUtils.java:logGet(43)) - raft.server.log.appender.buffer.byte-limit = 33554432 (custom)
2019-11-13 05:09:28,777 [pool-27-thread-1] INFO  server.RaftServerConfigKeys (ConfUtils.java:logGet(43)) - raft.server.log.segment.size.max = 1048576 (custom)
2019-11-13 05:09:28,777 [pool-27-thread-1] INFO  server.RaftServerConfigKeys (ConfUtils.java:logGet(43)) - raft.server.log.segment.cache.num.max = 2 (custom)
2019-11-13 05:09:28,777 [pool-27-thread-1] INFO  segmented.SegmentedRaftLogWorker (SegmentedRaftLogWorker.java:<init>(173)) - new 7becc6a6-c060-4129-a788-e926a86fd29a@group-5123DFFCCAD7-SegmentedRaftLogWorker for RaftStorage:Storage Directory /workdir/hadoop-ozone/tools/target/test-dir/MiniOzoneClusterImpl-057fdede-c001-40ca-aad2-2ca72f5b0309/datanode-0/data/ratis/feb87ccb-2207-4941-97c4-5123dffccad7
2019-11-13 05:09:28,778 [pool-27-thread-1] INFO  server.RaftServerConfigKeys (ConfUtils.java:logGet(43)) - raft.server.log.queue.byte-limit = 2147483647 (custom)
2019-11-13 05:09:28,778 [pool-27-thread-1] INFO  server.RaftServerConfigKeys (ConfUtils.java:logGet(43)) - raft.server.log.queue.element-limit = 1024 (custom)
2019-11-13 05:09:28,778 [pool-27-thread-1] INFO  server.RaftServerConfigKeys (ConfUtils.java:logGet(43)) - raft.server.log.segment.size.max = 1048576 (custom)
2019-11-13 05:09:28,778 [pool-27-thread-1] INFO  server.RaftServerConfigKeys (ConfUtils.java:logGet(43)) - raft.server.log.preallocated.size = 16384 (custom)
2019-11-13 05:09:28,778 [pool-27-thread-1] INFO  server.RaftServerConfigKeys (ConfUtils.java:logGet(43)) - raft.server.log.write.buffer.size = 33554432 (custom)
2019-11-13 05:09:28,778 [pool-27-thread-1] INFO  server.RaftServerConfigKeys (ConfUtils.java:logGet(43)) - raft.server.log.force.sync.num = 128 (default)
2019-11-13 05:09:28,779 [pool-27-thread-1] INFO  server.RaftServerConfigKeys (ConfUtils.java:logGet(43)) - raft.server.log.statemachine.data.sync = true (default)
2019-11-13 05:09:28,779 [pool-27-thread-1] INFO  server.RaftServerConfigKeys (ConfUtils.java:logGet(43)) - raft.server.log.statemachine.data.sync.timeout = 10s (default)
2019-11-13 05:09:28,779 [pool-27-thread-1] INFO  server.RaftServerConfigKeys (ConfUtils.java:logGet(43)) - raft.server.log.statemachine.data.sync.timeout.retry = -1 (default)
2019-11-13 05:09:28,779 [pool-27-thread-1] INFO  server.RaftServerConfigKeys (ConfUtils.java:logGet(43)) - raft.server.log.statemachine.data.caching.enabled = true (custom)
2019-11-13 05:09:28,780 [pool-27-thread-1] INFO  segmented.SegmentedRaftLogWorker (SegmentedRaftLogWorker.java:lambda$new$0(128)) - 7becc6a6-c060-4129-a788-e926a86fd29a@group-5123DFFCCAD7-SegmentedRaftLogWorker: flushIndex: setUnconditionally 0 -> -1
2019-11-13 05:09:28,780 [pool-27-thread-1] INFO  server.RaftServerConfigKeys (ConfUtils.java:logGet(43)) - raft.server.snapshot.auto.trigger.enabled = true (custom)
2019-11-13 05:09:28,780 [pool-27-thread-1] INFO  server.RaftServerConfigKeys (ConfUtils.java:logGet(43)) - raft.server.snapshot.auto.trigger.threshold = 10000 (custom)
2019-11-13 05:09:28,781 [pool-27-thread-1] INFO  server.RaftServerConfigKeys (ConfUtils.java:logGet(43)) - raft.server.snapshot.retention.file.num = 5 (custom)
2019-11-13 05:09:28,781 [pool-27-thread-1] INFO  server.RaftServerConfigKeys (ConfUtils.java:logGet(43)) - raft.server.retrycache.expirytime = 600000ms (custom)
2019-11-13 05:09:28,781 [pool-27-thread-1] WARN  impl.MetricRegistriesImpl (MetricRegistriesImpl.java:lambda$create$1(61)) - First MetricRegistry has been created without registering reporters. You may need to call MetricRegistries.global().addReportRegistration(...) before.
2019-11-13 05:09:28,781 [pool-27-thread-1] WARN  impl.MetricRegistriesImpl (MetricRegistriesImpl.java:lambda$create$1(61)) - First MetricRegistry has been created without registering reporters. You may need to call MetricRegistries.global().addReportRegistration(...) before.
2019-11-13 05:09:28,782 [pool-27-thread-1] INFO  impl.RaftServerImpl (RaftServerImpl.java:start(184)) - 7becc6a6-c060-4129-a788-e926a86fd29a@group-5123DFFCCAD7: start as a follower, conf=-1: [7becc6a6-c060-4129-a788-e926a86fd29a:192.168.34.45:40536], old=null
2019-11-13 05:09:28,782 [pool-27-thread-1] INFO  impl.RaftServerImpl (RaftServerImpl.java:setRole(173)) - 7becc6a6-c060-4129-a788-e926a86fd29a@group-5123DFFCCAD7: changes role from      null to FOLLOWER at term 0 for startAsFollower
2019-11-13 05:09:28,782 [pool-27-thread-1] INFO  impl.RoleInfo (RoleInfo.java:updateAndGet(143)) - 7becc6a6-c060-4129-a788-e926a86fd29a: start FollowerState
2019-11-13 05:09:28,783 [pool-27-thread-1] INFO  util.JmxRegister (JmxRegister.java:tryRegister(44)) - Successfully registered JMX Bean with object name Ratis:service=RaftServer,group=group-5123DFFCCAD7,id=7becc6a6-c060-4129-a788-e926a86fd29a
2019-11-13 05:09:28,783 [pool-27-thread-1] WARN  impl.MetricRegistriesImpl (MetricRegistriesImpl.java:lambda$create$1(61)) - First MetricRegistry has been created without registering reporters. You may need to call MetricRegistries.global().addReportRegistration(...) before.
2019-11-13 05:09:28,789 [RatisPipelineUtilsThread] INFO  pipeline.PipelineStateManager (PipelineStateManager.java:addPipeline(55)) - Created pipeline Pipeline[ Id: feb87ccb-2207-4941-97c4-5123dffccad7, Nodes: 7becc6a6-c060-4129-a788-e926a86fd29a{ip: 192.168.34.45, host: trunk-nightly-20191113-wdxpm-1799726093, networkLocation: /default-rack, certSerialId: null}, Type:RATIS, Factor:ONE, State:ALLOCATED]
2019-11-13 05:09:29,300 [main] INFO  ozone.MiniOzoneClusterImpl (MiniOzoneClusterImpl.java:lambda$waitForClusterToBeReady$2(163)) - Waiting for 4 number of pipelines out of 4, to report a leader.
2019-11-13 05:09:30,301 [main] INFO  ozone.MiniOzoneClusterImpl (MiniOzoneClusterImpl.java:lambda$waitForClusterToBeReady$2(163)) - Waiting for 4 number of pipelines out of 4, to report a leader.
2019-11-13 05:09:31,301 [main] INFO  ozone.MiniOzoneClusterImpl (MiniOzoneClusterImpl.java:lambda$waitForClusterToBeReady$2(163)) - Waiting for 4 number of pipelines out of 4, to report a leader.
2019-11-13 05:09:32,302 [main] INFO  ozone.MiniOzoneClusterImpl (MiniOzoneClusterImpl.java:lambda$waitForClusterToBeReady$2(163)) - Waiting for 4 number of pipelines out of 4, to report a leader.
2019-11-13 05:09:33,303 [main] INFO  ozone.MiniOzoneClusterImpl (MiniOzoneClusterImpl.java:lambda$waitForClusterToBeReady$2(163)) - Waiting for 4 number of pipelines out of 4, to report a leader.
2019-11-13 05:09:33,509 [Thread-200] INFO  impl.FollowerState (FollowerState.java:run(111)) - 48f146a6-a5be-49c8-b3b4-aad85ee41d4c@group-2C92F4F4F50A-FollowerState: change to CANDIDATE, lastRpcTime:5035ms, electionTimeout:5035ms
2019-11-13 05:09:33,511 [Thread-200] INFO  impl.RoleInfo (RoleInfo.java:shutdownFollowerState(121)) - 48f146a6-a5be-49c8-b3b4-aad85ee41d4c: shutdown FollowerState
2019-11-13 05:09:33,512 [Thread-200] INFO  impl.RaftServerImpl (RaftServerImpl.java:setRole(173)) - 48f146a6-a5be-49c8-b3b4-aad85ee41d4c@group-2C92F4F4F50A: changes role from  FOLLOWER to CANDIDATE at term 0 for changeToCandidate
2019-11-13 05:09:33,516 [Thread-200] INFO  impl.RoleInfo (RoleInfo.java:updateAndGet(143)) - 48f146a6-a5be-49c8-b3b4-aad85ee41d4c: start LeaderElection
2019-11-13 05:09:33,532 [48f146a6-a5be-49c8-b3b4-aad85ee41d4c@group-2C92F4F4F50A-LeaderElection1] INFO  impl.LeaderElection (LeaderElection.java:askForVotes(178)) - 48f146a6-a5be-49c8-b3b4-aad85ee41d4c@group-2C92F4F4F50A-LeaderElection1: begin an election at term 1 for -1: [48f146a6-a5be-49c8-b3b4-aad85ee41d4c:192.168.34.45:37974], old=null
2019-11-13 05:09:33,534 [48f146a6-a5be-49c8-b3b4-aad85ee41d4c@group-2C92F4F4F50A-LeaderElection1] INFO  impl.RoleInfo (RoleInfo.java:shutdownLeaderElection(134)) - 48f146a6-a5be-49c8-b3b4-aad85ee41d4c: shutdown LeaderElection
2019-11-13 05:09:33,534 [48f146a6-a5be-49c8-b3b4-aad85ee41d4c@group-2C92F4F4F50A-LeaderElection1] INFO  impl.RaftServerImpl (RaftServerImpl.java:setRole(173)) - 48f146a6-a5be-49c8-b3b4-aad85ee41d4c@group-2C92F4F4F50A: changes role from CANDIDATE to LEADER at term 1 for changeToLeader
2019-11-13 05:09:33,535 [48f146a6-a5be-49c8-b3b4-aad85ee41d4c@group-2C92F4F4F50A-LeaderElection1] INFO  ratis.XceiverServerRatis (XceiverServerRatis.java:handleLeaderChangedNotification(697)) - Leader change notification received for group: group-2C92F4F4F50A with new leaderId: 48f146a6-a5be-49c8-b3b4-aad85ee41d4c
2019-11-13 05:09:33,539 [48f146a6-a5be-49c8-b3b4-aad85ee41d4c@group-2C92F4F4F50A-LeaderElection1] INFO  impl.RaftServerImpl (ServerState.java:setLeader(255)) - 48f146a6-a5be-49c8-b3b4-aad85ee41d4c@group-2C92F4F4F50A: change Leader from null to 48f146a6-a5be-49c8-b3b4-aad85ee41d4c at term 1 for becomeLeader, leader elected after 5064ms
2019-11-13 05:09:33,546 [48f146a6-a5be-49c8-b3b4-aad85ee41d4c@group-2C92F4F4F50A-LeaderElection1] INFO  server.RaftServerConfigKeys (ConfUtils.java:logGet(43)) - raft.server.staging.catchup.gap = 1000 (default)
2019-11-13 05:09:33,546 [48f146a6-a5be-49c8-b3b4-aad85ee41d4c@group-2C92F4F4F50A-LeaderElection1] INFO  server.RaftServerConfigKeys (ConfUtils.java:logGet(43)) - raft.server.rpc.sleep.time = 25ms (default)
2019-11-13 05:09:33,551 [48f146a6-a5be-49c8-b3b4-aad85ee41d4c@group-2C92F4F4F50A-LeaderElection1] INFO  server.RaftServerConfigKeys (ConfUtils.java:logGet(43)) - raft.server.write.element-limit = 4096 (default)
2019-11-13 05:09:33,554 [48f146a6-a5be-49c8-b3b4-aad85ee41d4c@group-2C92F4F4F50A-LeaderElection1] INFO  server.RaftServerConfigKeys (ConfUtils.java:logGet(43)) - raft.server.watch.timeout = 10s (default)
2019-11-13 05:09:33,555 [48f146a6-a5be-49c8-b3b4-aad85ee41d4c@group-2C92F4F4F50A-LeaderElection1] INFO  server.RaftServerConfigKeys (ConfUtils.java:logGet(43)) - raft.server.watch.timeout.denomination = 1s (default)
2019-11-13 05:09:33,556 [48f146a6-a5be-49c8-b3b4-aad85ee41d4c@group-2C92F4F4F50A-LeaderElection1] INFO  server.RaftServerConfigKeys (ConfUtils.java:logGet(43)) - raft.server.watch.element-limit = 65536 (default)
2019-11-13 05:09:33,558 [EventQueue-PipelineReportForPipelineReportHandler] INFO  pipeline.PipelineStateManager (PipelineStateManager.java:openPipeline(134)) - Pipeline Pipeline[ Id: c5da4568-05ec-4e1b-8b25-2c92f4f4f50a, Nodes: 48f146a6-a5be-49c8-b3b4-aad85ee41d4c{ip: 192.168.34.45, host: trunk-nightly-20191113-wdxpm-1799726093, networkLocation: /default-rack, certSerialId: null}, Type:RATIS, Factor:ONE, State:OPEN] moved to OPEN state
2019-11-13 05:09:33,565 [48f146a6-a5be-49c8-b3b4-aad85ee41d4c@group-2C92F4F4F50A-LeaderElection1] INFO  impl.RoleInfo (RoleInfo.java:updateAndGet(143)) - 48f146a6-a5be-49c8-b3b4-aad85ee41d4c: start LeaderState
2019-11-13 05:09:33,585 [48f146a6-a5be-49c8-b3b4-aad85ee41d4c@group-2C92F4F4F50A-LeaderElection1] INFO  segmented.SegmentedRaftLogWorker (SegmentedRaftLogWorker.java:startLogSegment(385)) - 48f146a6-a5be-49c8-b3b4-aad85ee41d4c@group-2C92F4F4F50A-SegmentedRaftLogWorker: Starting segment from index:0
2019-11-13 05:09:33,596 [48f146a6-a5be-49c8-b3b4-aad85ee41d4c@group-2C92F4F4F50A-LeaderElection1] INFO  impl.RaftServerImpl (ServerState.java:setRaftConf(356)) - 48f146a6-a5be-49c8-b3b4-aad85ee41d4c@group-2C92F4F4F50A: set configuration 0: [48f146a6-a5be-49c8-b3b4-aad85ee41d4c:192.168.34.45:37974], old=null at 0
2019-11-13 05:09:33,694 [Thread-204] INFO  impl.FollowerState (FollowerState.java:run(111)) - a2052f7e-d3c3-4622-93e6-57af3c07b0b9@group-2EE15F006BC3-FollowerState: change to CANDIDATE, lastRpcTime:5146ms, electionTimeout:5146ms
2019-11-13 05:09:33,695 [Thread-204] INFO  impl.RoleInfo (RoleInfo.java:shutdownFollowerState(121)) - a2052f7e-d3c3-4622-93e6-57af3c07b0b9: shutdown FollowerState
2019-11-13 05:09:33,695 [Thread-204] INFO  impl.RaftServerImpl (RaftServerImpl.java:setRole(173)) - a2052f7e-d3c3-4622-93e6-57af3c07b0b9@group-2EE15F006BC3: changes role from  FOLLOWER to CANDIDATE at term 0 for changeToCandidate
2019-11-13 05:09:33,695 [Thread-204] INFO  impl.RoleInfo (RoleInfo.java:updateAndGet(143)) - a2052f7e-d3c3-4622-93e6-57af3c07b0b9: start LeaderElection
2019-11-13 05:09:33,722 [a2052f7e-d3c3-4622-93e6-57af3c07b0b9@group-2EE15F006BC3-LeaderElection2] INFO  impl.LeaderElection (LeaderElection.java:askForVotes(178)) - a2052f7e-d3c3-4622-93e6-57af3c07b0b9@group-2EE15F006BC3-LeaderElection2: begin an election at term 1 for -1: [a2052f7e-d3c3-4622-93e6-57af3c07b0b9:192.168.34.45:36888], old=null
2019-11-13 05:09:33,744 [Thread-215] INFO  impl.FollowerState (FollowerState.java:run(111)) - 7becc6a6-c060-4129-a788-e926a86fd29a@group-803919C4D24F-FollowerState: change to CANDIDATE, lastRpcTime:5058ms, electionTimeout:5042ms
2019-11-13 05:09:33,744 [a2052f7e-d3c3-4622-93e6-57af3c07b0b9@group-2EE15F006BC3-LeaderElection2] INFO  impl.RoleInfo (RoleInfo.java:shutdownLeaderElection(134)) - a2052f7e-d3c3-4622-93e6-57af3c07b0b9: shutdown LeaderElection
2019-11-13 05:09:33,744 [Thread-215] INFO  impl.RoleInfo (RoleInfo.java:shutdownFollowerState(121)) - 7becc6a6-c060-4129-a788-e926a86fd29a: shutdown FollowerState
2019-11-13 05:09:33,745 [a2052f7e-d3c3-4622-93e6-57af3c07b0b9@group-2EE15F006BC3-LeaderElection2] INFO  impl.RaftServerImpl (RaftServerImpl.java:setRole(173)) - a2052f7e-d3c3-4622-93e6-57af3c07b0b9@group-2EE15F006BC3: changes role from CANDIDATE to LEADER at term 1 for changeToLeader
2019-11-13 05:09:33,745 [Thread-215] INFO  impl.RaftServerImpl (RaftServerImpl.java:setRole(173)) - 7becc6a6-c060-4129-a788-e926a86fd29a@group-803919C4D24F: changes role from  FOLLOWER to CANDIDATE at term 0 for changeToCandidate
2019-11-13 05:09:33,745 [a2052f7e-d3c3-4622-93e6-57af3c07b0b9@group-2EE15F006BC3-LeaderElection2] INFO  ratis.XceiverServerRatis (XceiverServerRatis.java:handleLeaderChangedNotification(697)) - Leader change notification received for group: group-2EE15F006BC3 with new leaderId: a2052f7e-d3c3-4622-93e6-57af3c07b0b9
2019-11-13 05:09:33,745 [Thread-215] INFO  impl.RoleInfo (RoleInfo.java:updateAndGet(143)) - 7becc6a6-c060-4129-a788-e926a86fd29a: start LeaderElection
2019-11-13 05:09:33,746 [a2052f7e-d3c3-4622-93e6-57af3c07b0b9@group-2EE15F006BC3-LeaderElection2] INFO  impl.RaftServerImpl (ServerState.java:setLeader(255)) - a2052f7e-d3c3-4622-93e6-57af3c07b0b9@group-2EE15F006BC3: change Leader from null to a2052f7e-d3c3-4622-93e6-57af3c07b0b9 at term 1 for becomeLeader, leader elected after 5201ms
2019-11-13 05:09:33,746 [a2052f7e-d3c3-4622-93e6-57af3c07b0b9@group-2EE15F006BC3-LeaderElection2] INFO  server.RaftServerConfigKeys (ConfUtils.java:logGet(43)) - raft.server.staging.catchup.gap = 1000 (default)
2019-11-13 05:09:33,747 [a2052f7e-d3c3-4622-93e6-57af3c07b0b9@group-2EE15F006BC3-LeaderElection2] INFO  server.RaftServerConfigKeys (ConfUtils.java:logGet(43)) - raft.server.rpc.sleep.time = 25ms (default)
2019-11-13 05:09:33,748 [a2052f7e-d3c3-4622-93e6-57af3c07b0b9@group-2EE15F006BC3-LeaderElection2] INFO  server.RaftServerConfigKeys (ConfUtils.java:logGet(43)) - raft.server.write.element-limit = 4096 (default)
2019-11-13 05:09:33,749 [a2052f7e-d3c3-4622-93e6-57af3c07b0b9@group-2EE15F006BC3-LeaderElection2] INFO  server.RaftServerConfigKeys (ConfUtils.java:logGet(43)) - raft.server.watch.timeout = 10s (default)
2019-11-13 05:09:33,749 [a2052f7e-d3c3-4622-93e6-57af3c07b0b9@group-2EE15F006BC3-LeaderElection2] INFO  server.RaftServerConfigKeys (ConfUtils.java:logGet(43)) - raft.server.watch.timeout.denomination = 1s (default)
2019-11-13 05:09:33,749 [a2052f7e-d3c3-4622-93e6-57af3c07b0b9@group-2EE15F006BC3-LeaderElection2] INFO  server.RaftServerConfigKeys (ConfUtils.java:logGet(43)) - raft.server.watch.element-limit = 65536 (default)
2019-11-13 05:09:33,750 [a2052f7e-d3c3-4622-93e6-57af3c07b0b9@group-2EE15F006BC3-LeaderElection2] INFO  impl.RoleInfo (RoleInfo.java:updateAndGet(143)) - a2052f7e-d3c3-4622-93e6-57af3c07b0b9: start LeaderState
2019-11-13 05:09:33,750 [a2052f7e-d3c3-4622-93e6-57af3c07b0b9@group-2EE15F006BC3-LeaderElection2] INFO  segmented.SegmentedRaftLogWorker (SegmentedRaftLogWorker.java:startLogSegment(385)) - a2052f7e-d3c3-4622-93e6-57af3c07b0b9@group-2EE15F006BC3-SegmentedRaftLogWorker: Starting segment from index:0
2019-11-13 05:09:33,750 [EventQueue-PipelineReportForPipelineReportHandler] INFO  pipeline.PipelineStateManager (PipelineStateManager.java:openPipeline(134)) - Pipeline Pipeline[ Id: 66fe2c40-c960-47d1-8bbc-2ee15f006bc3, Nodes: a2052f7e-d3c3-4622-93e6-57af3c07b0b9{ip: 192.168.34.45, host: trunk-nightly-20191113-wdxpm-1799726093, networkLocation: /default-rack, certSerialId: null}, Type:RATIS, Factor:ONE, State:OPEN] moved to OPEN state
2019-11-13 05:09:33,751 [a2052f7e-d3c3-4622-93e6-57af3c07b0b9@group-2EE15F006BC3-LeaderElection2] INFO  impl.RaftServerImpl (ServerState.java:setRaftConf(356)) - a2052f7e-d3c3-4622-93e6-57af3c07b0b9@group-2EE15F006BC3: set configuration 0: [a2052f7e-d3c3-4622-93e6-57af3c07b0b9:192.168.34.45:36888], old=null at 0
2019-11-13 05:09:33,786 [7becc6a6-c060-4129-a788-e926a86fd29a@group-803919C4D24F-LeaderElection3] INFO  impl.LeaderElection (LeaderElection.java:askForVotes(178)) - 7becc6a6-c060-4129-a788-e926a86fd29a@group-803919C4D24F-LeaderElection3: begin an election at term 1 for -1: [48f146a6-a5be-49c8-b3b4-aad85ee41d4c:192.168.34.45:37974, a2052f7e-d3c3-4622-93e6-57af3c07b0b9:192.168.34.45:36888, 7becc6a6-c060-4129-a788-e926a86fd29a:192.168.34.45:40536], old=null
2019-11-13 05:09:33,786 [48f146a6-a5be-49c8-b3b4-aad85ee41d4c@group-2C92F4F4F50A-SegmentedRaftLogWorker] INFO  segmented.SegmentedRaftLogWorker (SegmentedRaftLogWorker.java:execute(576)) - 48f146a6-a5be-49c8-b3b4-aad85ee41d4c@group-2C92F4F4F50A-SegmentedRaftLogWorker: created new log segment /workdir/hadoop-ozone/tools/target/test-dir/MiniOzoneClusterImpl-057fdede-c001-40ca-aad2-2ca72f5b0309/datanode-2/data/ratis/c5da4568-05ec-4e1b-8b25-2c92f4f4f50a/current/log_inprogress_0
2019-11-13 05:09:33,786 [Thread-210] INFO  impl.FollowerState (FollowerState.java:run(111)) - a2052f7e-d3c3-4622-93e6-57af3c07b0b9@group-803919C4D24F-FollowerState: change to CANDIDATE, lastRpcTime:5102ms, electionTimeout:5071ms
2019-11-13 05:09:33,787 [Thread-210] INFO  impl.RoleInfo (RoleInfo.java:shutdownFollowerState(121)) - a2052f7e-d3c3-4622-93e6-57af3c07b0b9: shutdown FollowerState
2019-11-13 05:09:33,787 [Thread-210] INFO  impl.RaftServerImpl (RaftServerImpl.java:setRole(173)) - a2052f7e-d3c3-4622-93e6-57af3c07b0b9@group-803919C4D24F: changes role from  FOLLOWER to CANDIDATE at term 0 for changeToCandidate
2019-11-13 05:09:33,787 [Thread-210] INFO  impl.RoleInfo (RoleInfo.java:updateAndGet(143)) - a2052f7e-d3c3-4622-93e6-57af3c07b0b9: start LeaderElection
2019-11-13 05:09:33,800 [a2052f7e-d3c3-4622-93e6-57af3c07b0b9@group-2EE15F006BC3-SegmentedRaftLogWorker] INFO  segmented.SegmentedRaftLogWorker (SegmentedRaftLogWorker.java:execute(576)) - a2052f7e-d3c3-4622-93e6-57af3c07b0b9@group-2EE15F006BC3-SegmentedRaftLogWorker: created new log segment /workdir/hadoop-ozone/tools/target/test-dir/MiniOzoneClusterImpl-057fdede-c001-40ca-aad2-2ca72f5b0309/datanode-1/data/ratis/66fe2c40-c960-47d1-8bbc-2ee15f006bc3/current/log_inprogress_0
2019-11-13 05:09:33,800 [a2052f7e-d3c3-4622-93e6-57af3c07b0b9@group-803919C4D24F-LeaderElection4] INFO  impl.LeaderElection (LeaderElection.java:askForVotes(178)) - a2052f7e-d3c3-4622-93e6-57af3c07b0b9@group-803919C4D24F-LeaderElection4: begin an election at term 1 for -1: [48f146a6-a5be-49c8-b3b4-aad85ee41d4c:192.168.34.45:37974, a2052f7e-d3c3-4622-93e6-57af3c07b0b9:192.168.34.45:36888, 7becc6a6-c060-4129-a788-e926a86fd29a:192.168.34.45:40536], old=null
2019-11-13 05:09:33,803 [Thread-220] INFO  impl.FollowerState (FollowerState.java:run(111)) - 7becc6a6-c060-4129-a788-e926a86fd29a@group-5123DFFCCAD7-FollowerState: change to CANDIDATE, lastRpcTime:5020ms, electionTimeout:5020ms
2019-11-13 05:09:33,803 [Thread-220] INFO  impl.RoleInfo (RoleInfo.java:shutdownFollowerState(121)) - 7becc6a6-c060-4129-a788-e926a86fd29a: shutdown FollowerState
2019-11-13 05:09:33,803 [Thread-220] INFO  impl.RaftServerImpl (RaftServerImpl.java:setRole(173)) - 7becc6a6-c060-4129-a788-e926a86fd29a@group-5123DFFCCAD7: changes role from  FOLLOWER to CANDIDATE at term 0 for changeToCandidate
2019-11-13 05:09:33,803 [Thread-220] INFO  impl.RoleInfo (RoleInfo.java:updateAndGet(143)) - 7becc6a6-c060-4129-a788-e926a86fd29a: start LeaderElection
2019-11-13 05:09:33,812 [Thread-214] INFO  impl.FollowerState (FollowerState.java:run(111)) - 48f146a6-a5be-49c8-b3b4-aad85ee41d4c@group-803919C4D24F-FollowerState: change to CANDIDATE, lastRpcTime:5127ms, electionTimeout:5126ms
2019-11-13 05:09:33,813 [Thread-214] INFO  impl.RoleInfo (RoleInfo.java:shutdownFollowerState(121)) - 48f146a6-a5be-49c8-b3b4-aad85ee41d4c: shutdown FollowerState
2019-11-13 05:09:33,813 [Thread-214] INFO  impl.RaftServerImpl (RaftServerImpl.java:setRole(173)) - 48f146a6-a5be-49c8-b3b4-aad85ee41d4c@group-803919C4D24F: changes role from  FOLLOWER to CANDIDATE at term 0 for changeToCandidate
2019-11-13 05:09:33,813 [Thread-214] INFO  impl.RoleInfo (RoleInfo.java:updateAndGet(143)) - 48f146a6-a5be-49c8-b3b4-aad85ee41d4c: start LeaderElection
2019-11-13 05:09:33,830 [7becc6a6-c060-4129-a788-e926a86fd29a@group-5123DFFCCAD7-LeaderElection5] INFO  impl.LeaderElection (LeaderElection.java:askForVotes(178)) - 7becc6a6-c060-4129-a788-e926a86fd29a@group-5123DFFCCAD7-LeaderElection5: begin an election at term 1 for -1: [7becc6a6-c060-4129-a788-e926a86fd29a:192.168.34.45:40536], old=null
2019-11-13 05:09:33,830 [48f146a6-a5be-49c8-b3b4-aad85ee41d4c@group-803919C4D24F-LeaderElection6] INFO  impl.LeaderElection (LeaderElection.java:askForVotes(178)) - 48f146a6-a5be-49c8-b3b4-aad85ee41d4c@group-803919C4D24F-LeaderElection6: begin an election at term 1 for -1: [48f146a6-a5be-49c8-b3b4-aad85ee41d4c:192.168.34.45:37974, a2052f7e-d3c3-4622-93e6-57af3c07b0b9:192.168.34.45:36888, 7becc6a6-c060-4129-a788-e926a86fd29a:192.168.34.45:40536], old=null
2019-11-13 05:09:33,830 [7becc6a6-c060-4129-a788-e926a86fd29a@group-5123DFFCCAD7-LeaderElection5] INFO  impl.RoleInfo (RoleInfo.java:shutdownLeaderElection(134)) - 7becc6a6-c060-4129-a788-e926a86fd29a: shutdown LeaderElection
2019-11-13 05:09:33,831 [7becc6a6-c060-4129-a788-e926a86fd29a@group-5123DFFCCAD7-LeaderElection5] INFO  impl.RaftServerImpl (RaftServerImpl.java:setRole(173)) - 7becc6a6-c060-4129-a788-e926a86fd29a@group-5123DFFCCAD7: changes role from CANDIDATE to LEADER at term 1 for changeToLeader
2019-11-13 05:09:33,831 [7becc6a6-c060-4129-a788-e926a86fd29a@group-5123DFFCCAD7-LeaderElection5] INFO  ratis.XceiverServerRatis (XceiverServerRatis.java:handleLeaderChangedNotification(697)) - Leader change notification received for group: group-5123DFFCCAD7 with new leaderId: 7becc6a6-c060-4129-a788-e926a86fd29a
2019-11-13 05:09:33,832 [7becc6a6-c060-4129-a788-e926a86fd29a@group-5123DFFCCAD7-LeaderElection5] INFO  impl.RaftServerImpl (ServerState.java:setLeader(255)) - 7becc6a6-c060-4129-a788-e926a86fd29a@group-5123DFFCCAD7: change Leader from null to 7becc6a6-c060-4129-a788-e926a86fd29a at term 1 for becomeLeader, leader elected after 5054ms
2019-11-13 05:09:33,832 [7becc6a6-c060-4129-a788-e926a86fd29a@group-5123DFFCCAD7-LeaderElection5] INFO  server.RaftServerConfigKeys (ConfUtils.java:logGet(43)) - raft.server.staging.catchup.gap = 1000 (default)
2019-11-13 05:09:33,832 [7becc6a6-c060-4129-a788-e926a86fd29a@group-5123DFFCCAD7-LeaderElection5] INFO  server.RaftServerConfigKeys (ConfUtils.java:logGet(43)) - raft.server.rpc.sleep.time = 25ms (default)
2019-11-13 05:09:33,833 [7becc6a6-c060-4129-a788-e926a86fd29a@group-5123DFFCCAD7-LeaderElection5] INFO  server.RaftServerConfigKeys (ConfUtils.java:logGet(43)) - raft.server.write.element-limit = 4096 (default)
2019-11-13 05:09:33,834 [7becc6a6-c060-4129-a788-e926a86fd29a@group-5123DFFCCAD7-LeaderElection5] INFO  server.RaftServerConfigKeys (ConfUtils.java:logGet(43)) - raft.server.watch.timeout = 10s (default)
2019-11-13 05:09:33,835 [7becc6a6-c060-4129-a788-e926a86fd29a@group-5123DFFCCAD7-LeaderElection5] INFO  server.RaftServerConfigKeys (ConfUtils.java:logGet(43)) - raft.server.watch.timeout.denomination = 1s (default)
2019-11-13 05:09:33,835 [7becc6a6-c060-4129-a788-e926a86fd29a@group-5123DFFCCAD7-LeaderElection5] INFO  server.RaftServerConfigKeys (ConfUtils.java:logGet(43)) - raft.server.watch.element-limit = 65536 (default)
2019-11-13 05:09:33,835 [7becc6a6-c060-4129-a788-e926a86fd29a@group-5123DFFCCAD7-LeaderElection5] INFO  impl.RoleInfo (RoleInfo.java:updateAndGet(143)) - 7becc6a6-c060-4129-a788-e926a86fd29a: start LeaderState
2019-11-13 05:09:33,836 [7becc6a6-c060-4129-a788-e926a86fd29a@group-5123DFFCCAD7-LeaderElection5] INFO  segmented.SegmentedRaftLogWorker (SegmentedRaftLogWorker.java:startLogSegment(385)) - 7becc6a6-c060-4129-a788-e926a86fd29a@group-5123DFFCCAD7-SegmentedRaftLogWorker: Starting segment from index:0
2019-11-13 05:09:33,836 [EventQueue-PipelineReportForPipelineReportHandler] INFO  pipeline.PipelineStateManager (PipelineStateManager.java:openPipeline(134)) - Pipeline Pipeline[ Id: feb87ccb-2207-4941-97c4-5123dffccad7, Nodes: 7becc6a6-c060-4129-a788-e926a86fd29a{ip: 192.168.34.45, host: trunk-nightly-20191113-wdxpm-1799726093, networkLocation: /default-rack, certSerialId: null}, Type:RATIS, Factor:ONE, State:OPEN] moved to OPEN state
2019-11-13 05:09:33,836 [a2052f7e-d3c3-4622-93e6-57af3c07b0b9@group-803919C4D24F-LeaderElection4] INFO  impl.LeaderElection (LeaderElection.java:logAndReturn(56)) - a2052f7e-d3c3-4622-93e6-57af3c07b0b9@group-803919C4D24F-LeaderElection4: Election REJECTED; received 2 response(s) [a2052f7e-d3c3-4622-93e6-57af3c07b0b9<-48f146a6-a5be-49c8-b3b4-aad85ee41d4c#0:FAIL-t1, a2052f7e-d3c3-4622-93e6-57af3c07b0b9<-7becc6a6-c060-4129-a788-e926a86fd29a#0:FAIL-t1] and 0 exception(s); a2052f7e-d3c3-4622-93e6-57af3c07b0b9@group-803919C4D24F:t1, leader=null, voted=a2052f7e-d3c3-4622-93e6-57af3c07b0b9, raftlog=a2052f7e-d3c3-4622-93e6-57af3c07b0b9@group-803919C4D24F-SegmentedRaftLog:OPENED:c-1,f-1,i0, conf=-1: [48f146a6-a5be-49c8-b3b4-aad85ee41d4c:192.168.34.45:37974, a2052f7e-d3c3-4622-93e6-57af3c07b0b9:192.168.34.45:36888, 7becc6a6-c060-4129-a788-e926a86fd29a:192.168.34.45:40536], old=null
2019-11-13 05:09:33,836 [7becc6a6-c060-4129-a788-e926a86fd29a@group-803919C4D24F-LeaderElection3] INFO  impl.LeaderElection (LeaderElection.java:logAndReturn(56)) - 7becc6a6-c060-4129-a788-e926a86fd29a@group-803919C4D24F-LeaderElection3: Election REJECTED; received 2 response(s) [7becc6a6-c060-4129-a788-e926a86fd29a<-48f146a6-a5be-49c8-b3b4-aad85ee41d4c#0:FAIL-t1, 7becc6a6-c060-4129-a788-e926a86fd29a<-a2052f7e-d3c3-4622-93e6-57af3c07b0b9#0:FAIL-t1] and 0 exception(s); 7becc6a6-c060-4129-a788-e926a86fd29a@group-803919C4D24F:t1, leader=null, voted=7becc6a6-c060-4129-a788-e926a86fd29a, raftlog=7becc6a6-c060-4129-a788-e926a86fd29a@group-803919C4D24F-SegmentedRaftLog:OPENED:c-1,f-1,i0, conf=-1: [48f146a6-a5be-49c8-b3b4-aad85ee41d4c:192.168.34.45:37974, a2052f7e-d3c3-4622-93e6-57af3c07b0b9:192.168.34.45:36888, 7becc6a6-c060-4129-a788-e926a86fd29a:192.168.34.45:40536], old=null
2019-11-13 05:09:33,836 [7becc6a6-c060-4129-a788-e926a86fd29a@group-5123DFFCCAD7-LeaderElection5] INFO  impl.RaftServerImpl (ServerState.java:setRaftConf(356)) - 7becc6a6-c060-4129-a788-e926a86fd29a@group-5123DFFCCAD7: set configuration 0: [7becc6a6-c060-4129-a788-e926a86fd29a:192.168.34.45:40536], old=null at 0
2019-11-13 05:09:33,877 [a2052f7e-d3c3-4622-93e6-57af3c07b0b9@group-803919C4D24F-LeaderElection4] INFO  impl.RaftServerImpl (RaftServerImpl.java:setRole(173)) - a2052f7e-d3c3-4622-93e6-57af3c07b0b9@group-803919C4D24F: changes role from CANDIDATE to FOLLOWER at term 1 for DISCOVERED_A_NEW_TERM
2019-11-13 05:09:33,877 [7becc6a6-c060-4129-a788-e926a86fd29a@group-803919C4D24F-LeaderElection3] INFO  impl.RaftServerImpl (RaftServerImpl.java:setRole(173)) - 7becc6a6-c060-4129-a788-e926a86fd29a@group-803919C4D24F: changes role from CANDIDATE to FOLLOWER at term 1 for DISCOVERED_A_NEW_TERM
2019-11-13 05:09:33,877 [a2052f7e-d3c3-4622-93e6-57af3c07b0b9@group-803919C4D24F-LeaderElection4] INFO  impl.RoleInfo (RoleInfo.java:shutdownLeaderElection(134)) - a2052f7e-d3c3-4622-93e6-57af3c07b0b9: shutdown LeaderElection
2019-11-13 05:09:33,877 [7becc6a6-c060-4129-a788-e926a86fd29a@group-803919C4D24F-LeaderElection3] INFO  impl.RoleInfo (RoleInfo.java:shutdownLeaderElection(134)) - 7becc6a6-c060-4129-a788-e926a86fd29a: shutdown LeaderElection
2019-11-13 05:09:33,878 [a2052f7e-d3c3-4622-93e6-57af3c07b0b9@group-803919C4D24F-LeaderElection4] INFO  impl.RoleInfo (RoleInfo.java:updateAndGet(143)) - a2052f7e-d3c3-4622-93e6-57af3c07b0b9: start FollowerState
2019-11-13 05:09:33,878 [7becc6a6-c060-4129-a788-e926a86fd29a@group-803919C4D24F-LeaderElection3] INFO  impl.RoleInfo (RoleInfo.java:updateAndGet(143)) - 7becc6a6-c060-4129-a788-e926a86fd29a: start FollowerState
2019-11-13 05:09:33,887 [48f146a6-a5be-49c8-b3b4-aad85ee41d4c@group-803919C4D24F-LeaderElection6] INFO  impl.LeaderElection (LeaderElection.java:logAndReturn(56)) - 48f146a6-a5be-49c8-b3b4-aad85ee41d4c@group-803919C4D24F-LeaderElection6: Election REJECTED; received 2 response(s) [48f146a6-a5be-49c8-b3b4-aad85ee41d4c<-a2052f7e-d3c3-4622-93e6-57af3c07b0b9#0:FAIL-t1, 48f146a6-a5be-49c8-b3b4-aad85ee41d4c<-7becc6a6-c060-4129-a788-e926a86fd29a#0:FAIL-t1] and 0 exception(s); 48f146a6-a5be-49c8-b3b4-aad85ee41d4c@group-803919C4D24F:t1, leader=null, voted=48f146a6-a5be-49c8-b3b4-aad85ee41d4c, raftlog=48f146a6-a5be-49c8-b3b4-aad85ee41d4c@group-803919C4D24F-SegmentedRaftLog:OPENED:c-1,f-1,i0, conf=-1: [48f146a6-a5be-49c8-b3b4-aad85ee41d4c:192.168.34.45:37974, a2052f7e-d3c3-4622-93e6-57af3c07b0b9:192.168.34.45:36888, 7becc6a6-c060-4129-a788-e926a86fd29a:192.168.34.45:40536], old=null
2019-11-13 05:09:33,887 [48f146a6-a5be-49c8-b3b4-aad85ee41d4c@group-803919C4D24F-LeaderElection6] INFO  impl.RaftServerImpl (RaftServerImpl.java:setRole(173)) - 48f146a6-a5be-49c8-b3b4-aad85ee41d4c@group-803919C4D24F: changes role from CANDIDATE to FOLLOWER at term 1 for DISCOVERED_A_NEW_TERM
2019-11-13 05:09:33,888 [48f146a6-a5be-49c8-b3b4-aad85ee41d4c@group-803919C4D24F-LeaderElection6] INFO  impl.RoleInfo (RoleInfo.java:shutdownLeaderElection(134)) - 48f146a6-a5be-49c8-b3b4-aad85ee41d4c: shutdown LeaderElection
2019-11-13 05:09:33,888 [48f146a6-a5be-49c8-b3b4-aad85ee41d4c@group-803919C4D24F-LeaderElection6] INFO  impl.RoleInfo (RoleInfo.java:updateAndGet(143)) - 48f146a6-a5be-49c8-b3b4-aad85ee41d4c: start FollowerState
2019-11-13 05:09:33,897 [7becc6a6-c060-4129-a788-e926a86fd29a@group-5123DFFCCAD7-SegmentedRaftLogWorker] INFO  segmented.SegmentedRaftLogWorker (SegmentedRaftLogWorker.java:execute(576)) - 7becc6a6-c060-4129-a788-e926a86fd29a@group-5123DFFCCAD7-SegmentedRaftLogWorker: created new log segment /workdir/hadoop-ozone/tools/target/test-dir/MiniOzoneClusterImpl-057fdede-c001-40ca-aad2-2ca72f5b0309/datanode-0/data/ratis/feb87ccb-2207-4941-97c4-5123dffccad7/current/log_inprogress_0
2019-11-13 05:09:34,304 [main] INFO  ozone.MiniOzoneClusterImpl (MiniOzoneClusterImpl.java:lambda$waitForClusterToBeReady$2(163)) - Waiting for 1 number of pipelines out of 4, to report a leader.
2019-11-13 05:09:35,305 [main] INFO  ozone.MiniOzoneClusterImpl (MiniOzoneClusterImpl.java:lambda$waitForClusterToBeReady$2(163)) - Waiting for 1 number of pipelines out of 4, to report a leader.
2019-11-13 05:09:36,306 [main] INFO  ozone.MiniOzoneClusterImpl (MiniOzoneClusterImpl.java:lambda$waitForClusterToBeReady$2(163)) - Waiting for 1 number of pipelines out of 4, to report a leader.
2019-11-13 05:09:37,306 [main] INFO  ozone.MiniOzoneClusterImpl (MiniOzoneClusterImpl.java:lambda$waitForClusterToBeReady$2(163)) - Waiting for 1 number of pipelines out of 4, to report a leader.
2019-11-13 05:09:38,308 [main] INFO  ozone.MiniOzoneClusterImpl (MiniOzoneClusterImpl.java:lambda$waitForClusterToBeReady$2(163)) - Waiting for 1 number of pipelines out of 4, to report a leader.
2019-11-13 05:09:38,964 [Thread-238] INFO  impl.FollowerState (FollowerState.java:run(111)) - 7becc6a6-c060-4129-a788-e926a86fd29a@group-803919C4D24F-FollowerState: change to CANDIDATE, lastRpcTime:5086ms, electionTimeout:5084ms
2019-11-13 05:09:38,964 [Thread-238] INFO  impl.RoleInfo (RoleInfo.java:shutdownFollowerState(121)) - 7becc6a6-c060-4129-a788-e926a86fd29a: shutdown FollowerState
2019-11-13 05:09:38,965 [Thread-238] INFO  impl.RaftServerImpl (RaftServerImpl.java:setRole(173)) - 7becc6a6-c060-4129-a788-e926a86fd29a@group-803919C4D24F: changes role from  FOLLOWER to CANDIDATE at term 1 for changeToCandidate
2019-11-13 05:09:38,965 [Thread-238] INFO  impl.RoleInfo (RoleInfo.java:updateAndGet(143)) - 7becc6a6-c060-4129-a788-e926a86fd29a: start LeaderElection
2019-11-13 05:09:38,983 [7becc6a6-c060-4129-a788-e926a86fd29a@group-803919C4D24F-LeaderElection7] INFO  impl.LeaderElection (LeaderElection.java:askForVotes(178)) - 7becc6a6-c060-4129-a788-e926a86fd29a@group-803919C4D24F-LeaderElection7: begin an election at term 2 for -1: [48f146a6-a5be-49c8-b3b4-aad85ee41d4c:192.168.34.45:37974, a2052f7e-d3c3-4622-93e6-57af3c07b0b9:192.168.34.45:36888, 7becc6a6-c060-4129-a788-e926a86fd29a:192.168.34.45:40536], old=null
2019-11-13 05:09:38,990 [grpc-default-executor-2] INFO  impl.RaftServerImpl (RaftServerImpl.java:setRole(173)) - 48f146a6-a5be-49c8-b3b4-aad85ee41d4c@group-803919C4D24F: changes role from  FOLLOWER to FOLLOWER at term 2 for recognizeCandidate:7becc6a6-c060-4129-a788-e926a86fd29a
2019-11-13 05:09:38,990 [grpc-default-executor-0] INFO  impl.RaftServerImpl (RaftServerImpl.java:setRole(173)) - a2052f7e-d3c3-4622-93e6-57af3c07b0b9@group-803919C4D24F: changes role from  FOLLOWER to FOLLOWER at term 2 for recognizeCandidate:7becc6a6-c060-4129-a788-e926a86fd29a
2019-11-13 05:09:38,990 [grpc-default-executor-2] INFO  impl.RoleInfo (RoleInfo.java:shutdownFollowerState(121)) - 48f146a6-a5be-49c8-b3b4-aad85ee41d4c: shutdown FollowerState
2019-11-13 05:09:38,991 [grpc-default-executor-0] INFO  impl.RoleInfo (RoleInfo.java:shutdownFollowerState(121)) - a2052f7e-d3c3-4622-93e6-57af3c07b0b9: shutdown FollowerState
2019-11-13 05:09:38,991 [grpc-default-executor-2] INFO  impl.RoleInfo (RoleInfo.java:updateAndGet(143)) - 48f146a6-a5be-49c8-b3b4-aad85ee41d4c: start FollowerState
2019-11-13 05:09:38,991 [Thread-237] INFO  impl.FollowerState (FollowerState.java:run(120)) - a2052f7e-d3c3-4622-93e6-57af3c07b0b9@group-803919C4D24F-FollowerState was interrupted: java.lang.InterruptedException: sleep interrupted
2019-11-13 05:09:38,991 [Thread-239] INFO  impl.FollowerState (FollowerState.java:run(120)) - 48f146a6-a5be-49c8-b3b4-aad85ee41d4c@group-803919C4D24F-FollowerState was interrupted: java.lang.InterruptedException: sleep interrupted
2019-11-13 05:09:38,991 [grpc-default-executor-0] INFO  impl.RoleInfo (RoleInfo.java:updateAndGet(143)) - a2052f7e-d3c3-4622-93e6-57af3c07b0b9: start FollowerState
2019-11-13 05:09:39,003 [7becc6a6-c060-4129-a788-e926a86fd29a@group-803919C4D24F-LeaderElection7] INFO  impl.LeaderElection (LeaderElection.java:logAndReturn(56)) - 7becc6a6-c060-4129-a788-e926a86fd29a@group-803919C4D24F-LeaderElection7: Election PASSED; received 1 response(s) [7becc6a6-c060-4129-a788-e926a86fd29a<-48f146a6-a5be-49c8-b3b4-aad85ee41d4c#0:OK-t2] and 0 exception(s); 7becc6a6-c060-4129-a788-e926a86fd29a@group-803919C4D24F:t2, leader=null, voted=7becc6a6-c060-4129-a788-e926a86fd29a, raftlog=7becc6a6-c060-4129-a788-e926a86fd29a@group-803919C4D24F-SegmentedRaftLog:OPENED:c-1,f-1,i0, conf=-1: [48f146a6-a5be-49c8-b3b4-aad85ee41d4c:192.168.34.45:37974, a2052f7e-d3c3-4622-93e6-57af3c07b0b9:192.168.34.45:36888, 7becc6a6-c060-4129-a788-e926a86fd29a:192.168.34.45:40536], old=null
2019-11-13 05:09:39,003 [7becc6a6-c060-4129-a788-e926a86fd29a@group-803919C4D24F-LeaderElection7] INFO  impl.RoleInfo (RoleInfo.java:shutdownLeaderElection(134)) - 7becc6a6-c060-4129-a788-e926a86fd29a: shutdown LeaderElection
2019-11-13 05:09:39,006 [7becc6a6-c060-4129-a788-e926a86fd29a@group-803919C4D24F-LeaderElection7] INFO  impl.RaftServerImpl (RaftServerImpl.java:setRole(173)) - 7becc6a6-c060-4129-a788-e926a86fd29a@group-803919C4D24F: changes role from CANDIDATE to LEADER at term 2 for changeToLeader
2019-11-13 05:09:39,007 [7becc6a6-c060-4129-a788-e926a86fd29a@group-803919C4D24F-LeaderElection7] INFO  ratis.XceiverServerRatis (XceiverServerRatis.java:handleLeaderChangedNotification(697)) - Leader change notification received for group: group-803919C4D24F with new leaderId: 7becc6a6-c060-4129-a788-e926a86fd29a
2019-11-13 05:09:39,007 [7becc6a6-c060-4129-a788-e926a86fd29a@group-803919C4D24F-LeaderElection7] INFO  impl.RaftServerImpl (ServerState.java:setLeader(255)) - 7becc6a6-c060-4129-a788-e926a86fd29a@group-803919C4D24F: change Leader from null to 7becc6a6-c060-4129-a788-e926a86fd29a at term 2 for becomeLeader, leader elected after 10330ms
2019-11-13 05:09:39,007 [7becc6a6-c060-4129-a788-e926a86fd29a@group-803919C4D24F-LeaderElection7] INFO  server.RaftServerConfigKeys (ConfUtils.java:logGet(43)) - raft.server.staging.catchup.gap = 1000 (default)
2019-11-13 05:09:39,007 [7becc6a6-c060-4129-a788-e926a86fd29a@group-803919C4D24F-LeaderElection7] INFO  server.RaftServerConfigKeys (ConfUtils.java:logGet(43)) - raft.server.rpc.sleep.time = 25ms (default)
2019-11-13 05:09:39,008 [7becc6a6-c060-4129-a788-e926a86fd29a@group-803919C4D24F-LeaderElection7] INFO  server.RaftServerConfigKeys (ConfUtils.java:logGet(43)) - raft.server.write.element-limit = 4096 (default)
2019-11-13 05:09:39,008 [7becc6a6-c060-4129-a788-e926a86fd29a@group-803919C4D24F-LeaderElection7] INFO  server.RaftServerConfigKeys (ConfUtils.java:logGet(43)) - raft.server.watch.timeout = 10s (default)
2019-11-13 05:09:39,008 [7becc6a6-c060-4129-a788-e926a86fd29a@group-803919C4D24F-LeaderElection7] INFO  server.RaftServerConfigKeys (ConfUtils.java:logGet(43)) - raft.server.watch.timeout.denomination = 1s (default)
2019-11-13 05:09:39,008 [7becc6a6-c060-4129-a788-e926a86fd29a@group-803919C4D24F-LeaderElection7] INFO  server.RaftServerConfigKeys (ConfUtils.java:logGet(43)) - raft.server.watch.element-limit = 65536 (default)
2019-11-13 05:09:39,009 [EventQueue-PipelineReportForPipelineReportHandler] INFO  pipeline.PipelineStateManager (PipelineStateManager.java:openPipeline(134)) - Pipeline Pipeline[ Id: 52d183f1-01dc-4818-9d93-803919c4d24f, Nodes: 48f146a6-a5be-49c8-b3b4-aad85ee41d4c{ip: 192.168.34.45, host: trunk-nightly-20191113-wdxpm-1799726093, networkLocation: /default-rack, certSerialId: null}7becc6a6-c060-4129-a788-e926a86fd29a{ip: 192.168.34.45, host: trunk-nightly-20191113-wdxpm-1799726093, networkLocation: /default-rack, certSerialId: null}a2052f7e-d3c3-4622-93e6-57af3c07b0b9{ip: 192.168.34.45, host: trunk-nightly-20191113-wdxpm-1799726093, networkLocation: /default-rack, certSerialId: null}, Type:RATIS, Factor:THREE, State:OPEN] moved to OPEN state
2019-11-13 05:09:39,013 [7becc6a6-c060-4129-a788-e926a86fd29a@group-803919C4D24F-LeaderElection7] INFO  server.RaftServerConfigKeys (ConfUtils.java:logGet(43)) - raft.server.log.appender.snapshot.chunk.size.max = 16MB (=16777216) (default)
2019-11-13 05:09:39,013 [7becc6a6-c060-4129-a788-e926a86fd29a@group-803919C4D24F-LeaderElection7] INFO  server.RaftServerConfigKeys (ConfUtils.java:logGet(43)) - raft.server.log.appender.buffer.byte-limit = 33554432 (custom)
2019-11-13 05:09:39,014 [7becc6a6-c060-4129-a788-e926a86fd29a@group-803919C4D24F-LeaderElection7] INFO  server.RaftServerConfigKeys (ConfUtils.java:logGet(43)) - raft.server.log.appender.buffer.element-limit = 1 (custom)
2019-11-13 05:09:39,019 [7becc6a6-c060-4129-a788-e926a86fd29a@group-803919C4D24F-LeaderElection7] INFO  grpc.GrpcConfigKeys$Server (ConfUtils.java:logGet(43)) - raft.grpc.server.leader.outstanding.appends.max = 128 (default)
2019-11-13 05:09:39,019 [7becc6a6-c060-4129-a788-e926a86fd29a@group-803919C4D24F-LeaderElection7] INFO  server.RaftServerConfigKeys (ConfUtils.java:logGet(43)) - raft.server.rpc.request.timeout = 3000ms (default)
2019-11-13 05:09:39,019 [7becc6a6-c060-4129-a788-e926a86fd29a@group-803919C4D24F-LeaderElection7] INFO  server.RaftServerConfigKeys (ConfUtils.java:logGet(43)) - raft.server.log.appender.install.snapshot.enabled = false (custom)
2019-11-13 05:09:39,021 [7becc6a6-c060-4129-a788-e926a86fd29a@group-803919C4D24F-LeaderElection7] WARN  impl.MetricRegistriesImpl (MetricRegistriesImpl.java:lambda$create$1(61)) - First MetricRegistry has been created without registering reporters. You may need to call MetricRegistries.global().addReportRegistration(...) before.
2019-11-13 05:09:39,022 [7becc6a6-c060-4129-a788-e926a86fd29a@group-803919C4D24F-LeaderElection7] INFO  server.RaftServerConfigKeys (ConfUtils.java:logGet(43)) - raft.server.log.appender.snapshot.chunk.size.max = 16MB (=16777216) (default)
2019-11-13 05:09:39,022 [7becc6a6-c060-4129-a788-e926a86fd29a@group-803919C4D24F-LeaderElection7] INFO  server.RaftServerConfigKeys (ConfUtils.java:logGet(43)) - raft.server.log.appender.buffer.byte-limit = 33554432 (custom)
2019-11-13 05:09:39,022 [7becc6a6-c060-4129-a788-e926a86fd29a@group-803919C4D24F-LeaderElection7] INFO  server.RaftServerConfigKeys (ConfUtils.java:logGet(43)) - raft.server.log.appender.buffer.element-limit = 1 (custom)
2019-11-13 05:09:39,023 [7becc6a6-c060-4129-a788-e926a86fd29a@group-803919C4D24F-LeaderElection7] INFO  grpc.GrpcConfigKeys$Server (ConfUtils.java:logGet(43)) - raft.grpc.server.leader.outstanding.appends.max = 128 (default)
2019-11-13 05:09:39,023 [7becc6a6-c060-4129-a788-e926a86fd29a@group-803919C4D24F-LeaderElection7] INFO  server.RaftServerConfigKeys (ConfUtils.java:logGet(43)) - raft.server.rpc.request.timeout = 3000ms (default)
2019-11-13 05:09:39,023 [7becc6a6-c060-4129-a788-e926a86fd29a@group-803919C4D24F-LeaderElection7] INFO  server.RaftServerConfigKeys (ConfUtils.java:logGet(43)) - raft.server.log.appender.install.snapshot.enabled = false (custom)
2019-11-13 05:09:39,027 [7becc6a6-c060-4129-a788-e926a86fd29a@group-803919C4D24F-LeaderElection7] INFO  impl.RoleInfo (RoleInfo.java:updateAndGet(143)) - 7becc6a6-c060-4129-a788-e926a86fd29a: start LeaderState
2019-11-13 05:09:39,027 [7becc6a6-c060-4129-a788-e926a86fd29a@group-803919C4D24F-LeaderElection7] INFO  segmented.SegmentedRaftLogWorker (SegmentedRaftLogWorker.java:startLogSegment(385)) - 7becc6a6-c060-4129-a788-e926a86fd29a@group-803919C4D24F-SegmentedRaftLogWorker: Starting segment from index:0
2019-11-13 05:09:39,029 [7becc6a6-c060-4129-a788-e926a86fd29a@group-803919C4D24F-LeaderElection7] INFO  impl.RaftServerImpl (ServerState.java:setRaftConf(356)) - 7becc6a6-c060-4129-a788-e926a86fd29a@group-803919C4D24F: set configuration 0: [48f146a6-a5be-49c8-b3b4-aad85ee41d4c:192.168.34.45:37974, a2052f7e-d3c3-4622-93e6-57af3c07b0b9:192.168.34.45:36888, 7becc6a6-c060-4129-a788-e926a86fd29a:192.168.34.45:40536], old=null at 0
2019-11-13 05:09:39,071 [grpc-default-executor-2] INFO  ratis.XceiverServerRatis (XceiverServerRatis.java:handleLeaderChangedNotification(697)) - Leader change notification received for group: group-803919C4D24F with new leaderId: 7becc6a6-c060-4129-a788-e926a86fd29a
2019-11-13 05:09:39,071 [grpc-default-executor-0] INFO  ratis.XceiverServerRatis (XceiverServerRatis.java:handleLeaderChangedNotification(697)) - Leader change notification received for group: group-803919C4D24F with new leaderId: 7becc6a6-c060-4129-a788-e926a86fd29a
2019-11-13 05:09:39,072 [grpc-default-executor-0] INFO  impl.RaftServerImpl (ServerState.java:setLeader(255)) - 48f146a6-a5be-49c8-b3b4-aad85ee41d4c@group-803919C4D24F: change Leader from null to 7becc6a6-c060-4129-a788-e926a86fd29a at term 2 for appendEntries, leader elected after 10394ms
2019-11-13 05:09:39,072 [grpc-default-executor-2] INFO  impl.RaftServerImpl (ServerState.java:setLeader(255)) - a2052f7e-d3c3-4622-93e6-57af3c07b0b9@group-803919C4D24F: change Leader from null to 7becc6a6-c060-4129-a788-e926a86fd29a at term 2 for appendEntries, leader elected after 10394ms
2019-11-13 05:09:39,077 [7becc6a6-c060-4129-a788-e926a86fd29a@group-803919C4D24F-SegmentedRaftLogWorker] INFO  segmented.SegmentedRaftLogWorker (SegmentedRaftLogWorker.java:execute(576)) - 7becc6a6-c060-4129-a788-e926a86fd29a@group-803919C4D24F-SegmentedRaftLogWorker: created new log segment /workdir/hadoop-ozone/tools/target/test-dir/MiniOzoneClusterImpl-057fdede-c001-40ca-aad2-2ca72f5b0309/datanode-0/data/ratis/52d183f1-01dc-4818-9d93-803919c4d24f/current/log_inprogress_0
2019-11-13 05:09:39,097 [grpc-default-executor-2] INFO  impl.RaftServerImpl (ServerState.java:setRaftConf(356)) - 48f146a6-a5be-49c8-b3b4-aad85ee41d4c@group-803919C4D24F: set configuration 0: [48f146a6-a5be-49c8-b3b4-aad85ee41d4c:192.168.34.45:37974, a2052f7e-d3c3-4622-93e6-57af3c07b0b9:192.168.34.45:36888, 7becc6a6-c060-4129-a788-e926a86fd29a:192.168.34.45:40536], old=null at 0
2019-11-13 05:09:39,098 [grpc-default-executor-0] INFO  impl.RaftServerImpl (ServerState.java:setRaftConf(356)) - a2052f7e-d3c3-4622-93e6-57af3c07b0b9@group-803919C4D24F: set configuration 0: [48f146a6-a5be-49c8-b3b4-aad85ee41d4c:192.168.34.45:37974, a2052f7e-d3c3-4622-93e6-57af3c07b0b9:192.168.34.45:36888, 7becc6a6-c060-4129-a788-e926a86fd29a:192.168.34.45:40536], old=null at 0
2019-11-13 05:09:39,098 [grpc-default-executor-2] INFO  segmented.SegmentedRaftLogWorker (SegmentedRaftLogWorker.java:startLogSegment(385)) - 48f146a6-a5be-49c8-b3b4-aad85ee41d4c@group-803919C4D24F-SegmentedRaftLogWorker: Starting segment from index:0
2019-11-13 05:09:39,098 [grpc-default-executor-0] INFO  segmented.SegmentedRaftLogWorker (SegmentedRaftLogWorker.java:startLogSegment(385)) - a2052f7e-d3c3-4622-93e6-57af3c07b0b9@group-803919C4D24F-SegmentedRaftLogWorker: Starting segment from index:0
2019-11-13 05:09:39,139 [a2052f7e-d3c3-4622-93e6-57af3c07b0b9@group-803919C4D24F-SegmentedRaftLogWorker] INFO  segmented.SegmentedRaftLogWorker (SegmentedRaftLogWorker.java:execute(576)) - a2052f7e-d3c3-4622-93e6-57af3c07b0b9@group-803919C4D24F-SegmentedRaftLogWorker: created new log segment /workdir/hadoop-ozone/tools/target/test-dir/MiniOzoneClusterImpl-057fdede-c001-40ca-aad2-2ca72f5b0309/datanode-1/data/ratis/52d183f1-01dc-4818-9d93-803919c4d24f/current/log_inprogress_0
2019-11-13 05:09:39,139 [48f146a6-a5be-49c8-b3b4-aad85ee41d4c@group-803919C4D24F-SegmentedRaftLogWorker] INFO  segmented.SegmentedRaftLogWorker (SegmentedRaftLogWorker.java:execute(576)) - 48f146a6-a5be-49c8-b3b4-aad85ee41d4c@group-803919C4D24F-SegmentedRaftLogWorker: created new log segment /workdir/hadoop-ozone/tools/target/test-dir/MiniOzoneClusterImpl-057fdede-c001-40ca-aad2-2ca72f5b0309/datanode-2/data/ratis/52d183f1-01dc-4818-9d93-803919c4d24f/current/log_inprogress_0
2019-11-13 05:09:39,309 [main] INFO  ozone.MiniOzoneClusterImpl (MiniOzoneClusterImpl.java:lambda$waitForClusterToBeReady$2(171)) - Cluster is ready. Got 3 of 3 DN Heartbeats.
2019-11-13 05:09:40,190 [main] INFO  freon.RandomKeyGenerator (RandomKeyGenerator.java:call(283)) - Number of Threads: 10
2019-11-13 05:09:40,191 [main] INFO  freon.RandomKeyGenerator (RandomKeyGenerator.java:call(288)) - Number of Volumes: 1.
2019-11-13 05:09:40,191 [main] INFO  freon.RandomKeyGenerator (RandomKeyGenerator.java:call(289)) - Number of Buckets per Volume: 1.
2019-11-13 05:09:40,191 [main] INFO  freon.RandomKeyGenerator (RandomKeyGenerator.java:call(290)) - Number of Keys per Bucket: 1.
2019-11-13 05:09:40,191 [main] INFO  freon.RandomKeyGenerator (RandomKeyGenerator.java:call(291)) - Key size: 20971520 bytes
2019-11-13 05:09:40,191 [main] INFO  freon.RandomKeyGenerator (RandomKeyGenerator.java:call(292)) - Buffer size: 4096 bytes
2019-11-13 05:09:40,192 [main] INFO  freon.RandomKeyGenerator (RandomKeyGenerator.java:call(293)) - validateWrites : true
2019-11-13 05:09:40,195 [main] INFO  freon.RandomKeyGenerator (RandomKeyGenerator.java:call(307)) - Data validation is enabled.
2019-11-13 05:09:40,197 [main] INFO  freon.RandomKeyGenerator (RandomKeyGenerator.java:call(313)) - Starting progress bar Thread.

 0.00% |?                                                                                                    |  0/1 Time: 0:00:002019-11-13 05:09:40,223 [pool-53-thread-1] INFO  rpc.RpcClient (RpcClient.java:createVolume(292)) - Creating Volume: vol-0-07228, with jenkins1000 as owner.
2019-11-13 05:09:40,317 [IPC Server handler 0 on 46776] INFO  volume.OMVolumeCreateRequest (OMVolumeCreateRequest.java:validateAndUpdateCache(193)) - created volume:vol-0-07228 for user:jenkins1000
2019-11-13 05:09:40,368 [pool-53-thread-2] INFO  rpc.RpcClient (RpcClient.java:createBucket(431)) - Creating Bucket: vol-0-07228/bucket-0-24488, with Versioning false and Storage Type set to DISK and Encryption set to false 
2019-11-13 05:09:40,572 [pool-53-thread-3] INFO  impl.MetricsSystemImpl (MetricsSystemImpl.java:init(158)) - XceiverClientMetrics metrics system started (again)
 0.00% |?                                                                                                    |  0/1 Time: 0:00:01 0.00% |?                                                                                                    |  0/1 Time: 0:00:02 100.00% |?????????????????????????????????????????????????????????????????????????????????????????????????????|  1/1 Time: 0:00:03
2019-11-13 05:09:47,766 [main] INFO  pipeline.SCMPipelineManager (SCMPipelineManager.java:finalizeAndDestroyPipeline(315)) - destroying pipeline:Pipeline[ Id: 52d183f1-01dc-4818-9d93-803919c4d24f, Nodes: 48f146a6-a5be-49c8-b3b4-aad85ee41d4c{ip: 192.168.34.45, host: trunk-nightly-20191113-wdxpm-1799726093, networkLocation: /default-rack, certSerialId: null}7becc6a6-c060-4129-a788-e926a86fd29a{ip: 192.168.34.45, host: trunk-nightly-20191113-wdxpm-1799726093, networkLocation: /default-rack, certSerialId: null}a2052f7e-d3c3-4622-93e6-57af3c07b0b9{ip: 192.168.34.45, host: trunk-nightly-20191113-wdxpm-1799726093, networkLocation: /default-rack, certSerialId: null}, Type:RATIS, Factor:THREE, State:OPEN]
2019-11-13 05:09:47,767 [main] INFO  pipeline.PipelineStateManager (PipelineStateManager.java:finalizePipeline(121)) - Pipeline Pipeline[ Id: 52d183f1-01dc-4818-9d93-803919c4d24f, Nodes: 48f146a6-a5be-49c8-b3b4-aad85ee41d4c{ip: 192.168.34.45, host: trunk-nightly-20191113-wdxpm-1799726093, networkLocation: /default-rack, certSerialId: null}7becc6a6-c060-4129-a788-e926a86fd29a{ip: 192.168.34.45, host: trunk-nightly-20191113-wdxpm-1799726093, networkLocation: /default-rack, certSerialId: null}a2052f7e-d3c3-4622-93e6-57af3c07b0b9{ip: 192.168.34.45, host: trunk-nightly-20191113-wdxpm-1799726093, networkLocation: /default-rack, certSerialId: null}, Type:RATIS, Factor:THREE, State:CLOSED] moved to CLOSED state
2019-11-13 05:09:47,767 [EventQueue-CloseContainerForCloseContainerEventHandler] INFO  container.CloseContainerEventHandler (CloseContainerEventHandler.java:onMessage(61)) - Close container Event triggered for container : #1
2019-11-13 05:09:47,773 [EventQueue-CloseContainerForCloseContainerEventHandler] INFO  container.CloseContainerEventHandler (CloseContainerEventHandler.java:onMessage(61)) - Close container Event triggered for container : #2
2019-11-13 05:09:47,775 [grpc-default-executor-2] INFO  impl.RaftServerProxy (RaftServerProxy.java:remove(95)) - 48f146a6-a5be-49c8-b3b4-aad85ee41d4c: remove  FOLLOWER 48f146a6-a5be-49c8-b3b4-aad85ee41d4c@group-803919C4D24F:t2, leader=7becc6a6-c060-4129-a788-e926a86fd29a, voted=7becc6a6-c060-4129-a788-e926a86fd29a, raftlog=48f146a6-a5be-49c8-b3b4-aad85ee41d4c@group-803919C4D24F-SegmentedRaftLog:OPENED:c76,f76,i76, conf=0: [48f146a6-a5be-49c8-b3b4-aad85ee41d4c:192.168.34.45:37974, a2052f7e-d3c3-4622-93e6-57af3c07b0b9:192.168.34.45:36888, 7becc6a6-c060-4129-a788-e926a86fd29a:192.168.34.45:40536], old=null RUNNING
2019-11-13 05:09:47,776 [grpc-default-executor-2] INFO  impl.RaftServerImpl (RaftServerImpl.java:lambda$shutdown$3(250)) - 48f146a6-a5be-49c8-b3b4-aad85ee41d4c@group-803919C4D24F: shutdown
2019-11-13 05:09:47,777 [grpc-default-executor-2] INFO  util.JmxRegister (JmxRegister.java:unregister(73)) - Successfully un-registered JMX Bean with object name Ratis:service=RaftServer,group=group-803919C4D24F,id=48f146a6-a5be-49c8-b3b4-aad85ee41d4c
2019-11-13 05:09:47,777 [grpc-default-executor-2] INFO  impl.RoleInfo (RoleInfo.java:shutdownFollowerState(121)) - 48f146a6-a5be-49c8-b3b4-aad85ee41d4c: shutdown FollowerState
2019-11-13 05:09:47,777 [grpc-default-executor-2] INFO  impl.StateMachineUpdater (StateMachineUpdater.java:stopAndJoin(136)) - 48f146a6-a5be-49c8-b3b4-aad85ee41d4c@group-803919C4D24F-StateMachineUpdater: set stopIndex = 76
2019-11-13 05:09:47,777 [Thread-243] INFO  impl.FollowerState (FollowerState.java:run(120)) - 48f146a6-a5be-49c8-b3b4-aad85ee41d4c@group-803919C4D24F-FollowerState was interrupted: java.lang.InterruptedException: sleep interrupted
2019-11-13 05:09:47,778 [48f146a6-a5be-49c8-b3b4-aad85ee41d4c@group-803919C4D24F-StateMachineUpdater] INFO  ratis.ContainerStateMachine (ContainerStateMachine.java:takeSnapshot(285)) - group-803919C4D24F: Taking a snapshot at:(t:2, i:74) file /workdir/hadoop-ozone/tools/target/test-dir/MiniOzoneClusterImpl-057fdede-c001-40ca-aad2-2ca72f5b0309/datanode-2/data/ratis/52d183f1-01dc-4818-9d93-803919c4d24f/sm/snapshot.2_74
2019-11-13 05:09:47,780 [EventQueue-CloseContainerForCloseContainerEventHandler] INFO  container.CloseContainerEventHandler (CloseContainerEventHandler.java:onMessage(61)) - Close container Event triggered for container : #3
2019-11-13 05:09:47,810 [48f146a6-a5be-49c8-b3b4-aad85ee41d4c@group-803919C4D24F-StateMachineUpdater] INFO  ratis.ContainerStateMachine (ContainerStateMachine.java:takeSnapshot(296)) - group-803919C4D24F: Finished taking a snapshot at:(t:2, i:74) file:/workdir/hadoop-ozone/tools/target/test-dir/MiniOzoneClusterImpl-057fdede-c001-40ca-aad2-2ca72f5b0309/datanode-2/data/ratis/52d183f1-01dc-4818-9d93-803919c4d24f/sm/snapshot.2_74 time:33
2019-11-13 05:09:47,813 [48f146a6-a5be-49c8-b3b4-aad85ee41d4c@group-803919C4D24F-StateMachineUpdater] INFO  impl.StateMachineUpdater (StateMachineUpdater.java:takeSnapshot(269)) - 48f146a6-a5be-49c8-b3b4-aad85ee41d4c@group-803919C4D24F-StateMachineUpdater: Took a snapshot at index 74
2019-11-13 05:09:47,814 [48f146a6-a5be-49c8-b3b4-aad85ee41d4c@group-803919C4D24F-StateMachineUpdater] INFO  impl.StateMachineUpdater (StateMachineUpdater.java:lambda$new$0(84)) - 48f146a6-a5be-49c8-b3b4-aad85ee41d4c@group-803919C4D24F-StateMachineUpdater: snapshotIndex: updateIncreasingly -1 -> 74
2019-11-13 05:09:47,819 [48f146a6-a5be-49c8-b3b4-aad85ee41d4c@group-803919C4D24F-StateMachineUpdater] INFO  ratis.ContainerStateMachine (ContainerStateMachine.java:takeSnapshot(285)) - group-803919C4D24F: Taking a snapshot at:(t:2, i:74) file /workdir/hadoop-ozone/tools/target/test-dir/MiniOzoneClusterImpl-057fdede-c001-40ca-aad2-2ca72f5b0309/datanode-2/data/ratis/52d183f1-01dc-4818-9d93-803919c4d24f/sm/snapshot.2_74
2019-11-13 05:09:47,831 [48f146a6-a5be-49c8-b3b4-aad85ee41d4c@group-803919C4D24F-StateMachineUpdater] INFO  ratis.ContainerStateMachine (ContainerStateMachine.java:takeSnapshot(296)) - group-803919C4D24F: Finished taking a snapshot at:(t:2, i:74) file:/workdir/hadoop-ozone/tools/target/test-dir/MiniOzoneClusterImpl-057fdede-c001-40ca-aad2-2ca72f5b0309/datanode-2/data/ratis/52d183f1-01dc-4818-9d93-803919c4d24f/sm/snapshot.2_74 time:13
2019-11-13 05:09:47,832 [48f146a6-a5be-49c8-b3b4-aad85ee41d4c@group-803919C4D24F-StateMachineUpdater] INFO  impl.StateMachineUpdater (StateMachineUpdater.java:takeSnapshot(269)) - 48f146a6-a5be-49c8-b3b4-aad85ee41d4c@group-803919C4D24F-StateMachineUpdater: Took a snapshot at index 74
2019-11-13 05:09:47,832 [48f146a6-a5be-49c8-b3b4-aad85ee41d4c@group-803919C4D24F-StateMachineUpdater] INFO  impl.StateMachineUpdater (StateMachineUpdater.java:lambda$new$0(84)) - 48f146a6-a5be-49c8-b3b4-aad85ee41d4c@group-803919C4D24F-StateMachineUpdater: snapshotIndex: updateIncreasingly 74 -> 74
2019-11-13 05:09:47,832 [grpc-default-executor-2] INFO  impl.RaftServerImpl (ServerState.java:close(387)) - 48f146a6-a5be-49c8-b3b4-aad85ee41d4c@group-803919C4D24F: closes. applyIndex: 76
2019-11-13 05:09:47,833 [48f146a6-a5be-49c8-b3b4-aad85ee41d4c@group-803919C4D24F-SegmentedRaftLogWorker] INFO  segmented.SegmentedRaftLogWorker (SegmentedRaftLogWorker.java:run(316)) - 48f146a6-a5be-49c8-b3b4-aad85ee41d4c@group-803919C4D24F-SegmentedRaftLogWorker was interrupted, exiting. There are 0 tasks remaining in the queue.
2019-11-13 05:09:47,834 [grpc-default-executor-2] INFO  segmented.SegmentedRaftLogWorker (SegmentedRaftLogWorker.java:close(224)) - 48f146a6-a5be-49c8-b3b4-aad85ee41d4c@group-803919C4D24F-SegmentedRaftLogWorker close()
2019-11-13 05:09:47,864 [grpc-default-executor-2] INFO  interfaces.Container (KeyValueContainer.java:flushAndSyncDB(400)) - Container 1 is synced with bcsId 58.
2019-11-13 05:09:47,864 [grpc-default-executor-2] INFO  interfaces.Container (KeyValueContainer.java:flushAndSyncDB(400)) - Container 1 is synced with bcsId 58.
2019-11-13 05:09:47,880 [EventQueue-IncrementalContainerReportForIncrementalContainerReportHandler] INFO  container.IncrementalContainerReportHandler (AbstractContainerReportHandler.java:updateContainerState(171)) - Moving container #1 to QUASI_CLOSED state, datanode 48f146a6-a5be-49c8-b3b4-aad85ee41d4c{ip: 192.168.34.45, host: trunk-nightly-20191113-wdxpm-1799726093, networkLocation: /default-rack, certSerialId: null} reported QUASI_CLOSED replica.
2019-11-13 05:09:47,904 [grpc-default-executor-2] INFO  interfaces.Container (KeyValueContainer.java:flushAndSyncDB(400)) - Container 2 is synced with bcsId 74.
2019-11-13 05:09:47,904 [grpc-default-executor-2] INFO  interfaces.Container (KeyValueContainer.java:flushAndSyncDB(400)) - Container 2 is synced with bcsId 74.
2019-11-13 05:09:47,934 [EventQueue-IncrementalContainerReportForIncrementalContainerReportHandler] INFO  container.IncrementalContainerReportHandler (AbstractContainerReportHandler.java:updateContainerState(171)) - Moving container #2 to QUASI_CLOSED state, datanode 48f146a6-a5be-49c8-b3b4-aad85ee41d4c{ip: 192.168.34.45, host: trunk-nightly-20191113-wdxpm-1799726093, networkLocation: /default-rack, certSerialId: null} reported QUASI_CLOSED replica.
2019-11-13 05:09:47,948 [grpc-default-executor-2] INFO  interfaces.Container (KeyValueContainer.java:flushAndSyncDB(400)) - Container 3 is synced with bcsId 40.
2019-11-13 05:09:47,948 [grpc-default-executor-2] INFO  interfaces.Container (KeyValueContainer.java:flushAndSyncDB(400)) - Container 3 is synced with bcsId 40.
2019-11-13 05:09:47,965 [EventQueue-IncrementalContainerReportForIncrementalContainerReportHandler] INFO  container.IncrementalContainerReportHandler (AbstractContainerReportHandler.java:updateContainerState(171)) - Moving container #3 to QUASI_CLOSED state, datanode 48f146a6-a5be-49c8-b3b4-aad85ee41d4c{ip: 192.168.34.45, host: trunk-nightly-20191113-wdxpm-1799726093, networkLocation: /default-rack, certSerialId: null} reported QUASI_CLOSED replica.
2019-11-13 05:09:47,972 [grpc-default-executor-2] INFO  impl.RaftServerProxy (RaftServerProxy.java:remove(95)) - 7becc6a6-c060-4129-a788-e926a86fd29a: remove    LEADER 7becc6a6-c060-4129-a788-e926a86fd29a@group-803919C4D24F:t2, leader=7becc6a6-c060-4129-a788-e926a86fd29a, voted=7becc6a6-c060-4129-a788-e926a86fd29a, raftlog=7becc6a6-c060-4129-a788-e926a86fd29a@group-803919C4D24F-SegmentedRaftLog:OPENED:c76,f76,i76, conf=0: [48f146a6-a5be-49c8-b3b4-aad85ee41d4c:192.168.34.45:37974, a2052f7e-d3c3-4622-93e6-57af3c07b0b9:192.168.34.45:36888, 7becc6a6-c060-4129-a788-e926a86fd29a:192.168.34.45:40536], old=null RUNNING
2019-11-13 05:09:47,973 [grpc-default-executor-2] INFO  impl.RaftServerImpl (RaftServerImpl.java:lambda$shutdown$3(250)) - 7becc6a6-c060-4129-a788-e926a86fd29a@group-803919C4D24F: shutdown
2019-11-13 05:09:47,973 [grpc-default-executor-2] INFO  util.JmxRegister (JmxRegister.java:unregister(73)) - Successfully un-registered JMX Bean with object name Ratis:service=RaftServer,group=group-803919C4D24F,id=7becc6a6-c060-4129-a788-e926a86fd29a
2019-11-13 05:09:47,973 [grpc-default-executor-2] INFO  impl.RoleInfo (RoleInfo.java:shutdownLeaderState(104)) - 7becc6a6-c060-4129-a788-e926a86fd29a: shutdown LeaderState
2019-11-13 05:09:47,975 [org.apache.ratis.server.impl.LogAppender$AppenderDaemon$$Lambda$424/36400137@6e1e9612] WARN  server.GrpcLogAppender (GrpcLogAppender.java:mayWait(151)) - 7becc6a6-c060-4129-a788-e926a86fd29a@group-803919C4D24F->48f146a6-a5be-49c8-b3b4-aad85ee41d4c-GrpcLogAppender: Wait interrupted by java.lang.InterruptedException
2019-11-13 05:09:47,975 [org.apache.ratis.server.impl.LogAppender$AppenderDaemon$$Lambda$424/36400137@3dc7c78b] WARN  server.GrpcLogAppender (GrpcLogAppender.java:mayWait(151)) - 7becc6a6-c060-4129-a788-e926a86fd29a@group-803919C4D24F->a2052f7e-d3c3-4622-93e6-57af3c07b0b9-GrpcLogAppender: Wait interrupted by java.lang.InterruptedException
2019-11-13 05:09:47,975 [grpc-default-executor-2] INFO  impl.PendingRequests (PendingRequests.java:sendNotLeaderResponses(206)) - 7becc6a6-c060-4129-a788-e926a86fd29a@group-803919C4D24F-PendingRequests: sendNotLeaderResponses
2019-11-13 05:09:47,979 [grpc-default-executor-3] INFO  server.GrpcServerProtocolService (GrpcServerProtocolService.java:onCompleted(113)) - 48f146a6-a5be-49c8-b3b4-aad85ee41d4c: Completed APPEND_ENTRIES, lastRequest: 7becc6a6-c060-4129-a788-e926a86fd29a->48f146a6-a5be-49c8-b3b4-aad85ee41d4c#79-t2, previous=(t:2, i:76), leaderCommit=76, initializing? false, entries: <empty>
2019-11-13 05:09:47,979 [grpc-default-executor-0] INFO  server.GrpcServerProtocolService (GrpcServerProtocolService.java:onCompleted(113)) - a2052f7e-d3c3-4622-93e6-57af3c07b0b9: Completed APPEND_ENTRIES, lastRequest: 7becc6a6-c060-4129-a788-e926a86fd29a->a2052f7e-d3c3-4622-93e6-57af3c07b0b9#79-t2, previous=(t:2, i:76), leaderCommit=76, initializing? false, entries: <empty>
2019-11-13 05:09:47,984 [grpc-default-executor-0] INFO  server.GrpcLogAppender (GrpcLogAppender.java:onCompleted(308)) - 7becc6a6-c060-4129-a788-e926a86fd29a@group-803919C4D24F->a2052f7e-d3c3-4622-93e6-57af3c07b0b9-AppendLogResponseHandler: follower responses appendEntries COMPLETED
2019-11-13 05:09:47,984 [7becc6a6-c060-4129-a788-e926a86fd29a@group-803919C4D24F-StateMachineUpdater] INFO  ratis.ContainerStateMachine (ContainerStateMachine.java:takeSnapshot(285)) - group-803919C4D24F: Taking a snapshot at:(t:2, i:74) file /workdir/hadoop-ozone/tools/target/test-dir/MiniOzoneClusterImpl-057fdede-c001-40ca-aad2-2ca72f5b0309/datanode-0/data/ratis/52d183f1-01dc-4818-9d93-803919c4d24f/sm/snapshot.2_74
2019-11-13 05:09:47,984 [grpc-default-executor-2] INFO  impl.StateMachineUpdater (StateMachineUpdater.java:stopAndJoin(136)) - 7becc6a6-c060-4129-a788-e926a86fd29a@group-803919C4D24F-StateMachineUpdater: set stopIndex = 76
2019-11-13 05:09:47,984 [grpc-default-executor-3] INFO  server.GrpcLogAppender (GrpcLogAppender.java:onCompleted(308)) - 7becc6a6-c060-4129-a788-e926a86fd29a@group-803919C4D24F->48f146a6-a5be-49c8-b3b4-aad85ee41d4c-AppendLogResponseHandler: follower responses appendEntries COMPLETED
2019-11-13 05:09:47,988 [grpc-default-executor-0] INFO  impl.FollowerInfo (FollowerInfo.java:lambda$new$0(51)) - 7becc6a6-c060-4129-a788-e926a86fd29a@group-803919C4D24F->a2052f7e-d3c3-4622-93e6-57af3c07b0b9: nextIndex: updateUnconditionally 77 -> 76
2019-11-13 05:09:47,988 [grpc-default-executor-3] INFO  impl.FollowerInfo (FollowerInfo.java:lambda$new$0(51)) - 7becc6a6-c060-4129-a788-e926a86fd29a@group-803919C4D24F->48f146a6-a5be-49c8-b3b4-aad85ee41d4c: nextIndex: updateUnconditionally 77 -> 76
2019-11-13 05:09:47,998 [7becc6a6-c060-4129-a788-e926a86fd29a@group-803919C4D24F-StateMachineUpdater] INFO  ratis.ContainerStateMachine (ContainerStateMachine.java:takeSnapshot(296)) - group-803919C4D24F: Finished taking a snapshot at:(t:2, i:74) file:/workdir/hadoop-ozone/tools/target/test-dir/MiniOzoneClusterImpl-057fdede-c001-40ca-aad2-2ca72f5b0309/datanode-0/data/ratis/52d183f1-01dc-4818-9d93-803919c4d24f/sm/snapshot.2_74 time:14
2019-11-13 05:09:47,998 [7becc6a6-c060-4129-a788-e926a86fd29a@group-803919C4D24F-StateMachineUpdater] INFO  impl.StateMachineUpdater (StateMachineUpdater.java:takeSnapshot(269)) - 7becc6a6-c060-4129-a788-e926a86fd29a@group-803919C4D24F-StateMachineUpdater: Took a snapshot at index 74
2019-11-13 05:09:47,998 [7becc6a6-c060-4129-a788-e926a86fd29a@group-803919C4D24F-StateMachineUpdater] INFO  impl.StateMachineUpdater (StateMachineUpdater.java:lambda$new$0(84)) - 7becc6a6-c060-4129-a788-e926a86fd29a@group-803919C4D24F-StateMachineUpdater: snapshotIndex: updateIncreasingly -1 -> 74
2019-11-13 05:09:47,998 [7becc6a6-c060-4129-a788-e926a86fd29a@group-803919C4D24F-StateMachineUpdater] INFO  ratis.ContainerStateMachine (ContainerStateMachine.java:takeSnapshot(285)) - group-803919C4D24F: Taking a snapshot at:(t:2, i:74) file /workdir/hadoop-ozone/tools/target/test-dir/MiniOzoneClusterImpl-057fdede-c001-40ca-aad2-2ca72f5b0309/datanode-0/data/ratis/52d183f1-01dc-4818-9d93-803919c4d24f/sm/snapshot.2_74
2019-11-13 05:09:48,011 [7becc6a6-c060-4129-a788-e926a86fd29a@group-803919C4D24F-StateMachineUpdater] INFO  ratis.ContainerStateMachine (ContainerStateMachine.java:takeSnapshot(296)) - group-803919C4D24F: Finished taking a snapshot at:(t:2, i:74) file:/workdir/hadoop-ozone/tools/target/test-dir/MiniOzoneClusterImpl-057fdede-c001-40ca-aad2-2ca72f5b0309/datanode-0/data/ratis/52d183f1-01dc-4818-9d93-803919c4d24f/sm/snapshot.2_74 time:12
2019-11-13 05:09:48,011 [7becc6a6-c060-4129-a788-e926a86fd29a@group-803919C4D24F-StateMachineUpdater] INFO  impl.StateMachineUpdater (StateMachineUpdater.java:takeSnapshot(269)) - 7becc6a6-c060-4129-a788-e926a86fd29a@group-803919C4D24F-StateMachineUpdater: Took a snapshot at index 74
2019-11-13 05:09:48,011 [7becc6a6-c060-4129-a788-e926a86fd29a@group-803919C4D24F-StateMachineUpdater] INFO  impl.StateMachineUpdater (StateMachineUpdater.java:lambda$new$0(84)) - 7becc6a6-c060-4129-a788-e926a86fd29a@group-803919C4D24F-StateMachineUpdater: snapshotIndex: updateIncreasingly 74 -> 74
2019-11-13 05:09:48,012 [grpc-default-executor-2] INFO  impl.RaftServerImpl (ServerState.java:close(387)) - 7becc6a6-c060-4129-a788-e926a86fd29a@group-803919C4D24F: closes. applyIndex: 76
2019-11-13 05:09:48,012 [7becc6a6-c060-4129-a788-e926a86fd29a@group-803919C4D24F-SegmentedRaftLogWorker] INFO  segmented.SegmentedRaftLogWorker (SegmentedRaftLogWorker.java:run(316)) - 7becc6a6-c060-4129-a788-e926a86fd29a@group-803919C4D24F-SegmentedRaftLogWorker was interrupted, exiting. There are 0 tasks remaining in the queue.
2019-11-13 05:09:48,014 [grpc-default-executor-2] INFO  segmented.SegmentedRaftLogWorker (SegmentedRaftLogWorker.java:close(224)) - 7becc6a6-c060-4129-a788-e926a86fd29a@group-803919C4D24F-SegmentedRaftLogWorker close()
2019-11-13 05:09:48,043 [grpc-default-executor-2] INFO  interfaces.Container (KeyValueContainer.java:flushAndSyncDB(400)) - Container 1 is synced with bcsId 58.
2019-11-13 05:09:48,043 [grpc-default-executor-2] INFO  interfaces.Container (KeyValueContainer.java:flushAndSyncDB(400)) - Container 1 is synced with bcsId 58.
2019-11-13 05:09:48,074 [grpc-default-executor-2] INFO  interfaces.Container (KeyValueContainer.java:flushAndSyncDB(400)) - Container 2 is synced with bcsId 74.
2019-11-13 05:09:48,074 [grpc-default-executor-2] INFO  interfaces.Container (KeyValueContainer.java:flushAndSyncDB(400)) - Container 2 is synced with bcsId 74.
2019-11-13 05:09:48,106 [grpc-default-executor-2] INFO  interfaces.Container (KeyValueContainer.java:flushAndSyncDB(400)) - Container 3 is synced with bcsId 40.
2019-11-13 05:09:48,106 [grpc-default-executor-2] INFO  interfaces.Container (KeyValueContainer.java:flushAndSyncDB(400)) - Container 3 is synced with bcsId 40.
2019-11-13 05:09:48,131 [grpc-default-executor-2] INFO  impl.RaftServerProxy (RaftServerProxy.java:remove(95)) - a2052f7e-d3c3-4622-93e6-57af3c07b0b9: remove  FOLLOWER a2052f7e-d3c3-4622-93e6-57af3c07b0b9@group-803919C4D24F:t2, leader=7becc6a6-c060-4129-a788-e926a86fd29a, voted=7becc6a6-c060-4129-a788-e926a86fd29a, raftlog=a2052f7e-d3c3-4622-93e6-57af3c07b0b9@group-803919C4D24F-SegmentedRaftLog:OPENED:c76,f76,i76, conf=0: [48f146a6-a5be-49c8-b3b4-aad85ee41d4c:192.168.34.45:37974, a2052f7e-d3c3-4622-93e6-57af3c07b0b9:192.168.34.45:36888, 7becc6a6-c060-4129-a788-e926a86fd29a:192.168.34.45:40536], old=null RUNNING
2019-11-13 05:09:48,131 [grpc-default-executor-2] INFO  impl.RaftServerImpl (RaftServerImpl.java:lambda$shutdown$3(250)) - a2052f7e-d3c3-4622-93e6-57af3c07b0b9@group-803919C4D24F: shutdown
2019-11-13 05:09:48,131 [grpc-default-executor-2] INFO  util.JmxRegister (JmxRegister.java:unregister(73)) - Successfully un-registered JMX Bean with object name Ratis:service=RaftServer,group=group-803919C4D24F,id=a2052f7e-d3c3-4622-93e6-57af3c07b0b9
2019-11-13 05:09:48,131 [grpc-default-executor-2] INFO  impl.RoleInfo (RoleInfo.java:shutdownFollowerState(121)) - a2052f7e-d3c3-4622-93e6-57af3c07b0b9: shutdown FollowerState
2019-11-13 05:09:48,131 [grpc-default-executor-2] INFO  impl.StateMachineUpdater (StateMachineUpdater.java:stopAndJoin(136)) - a2052f7e-d3c3-4622-93e6-57af3c07b0b9@group-803919C4D24F-StateMachineUpdater: set stopIndex = 76
2019-11-13 05:09:48,132 [a2052f7e-d3c3-4622-93e6-57af3c07b0b9@group-803919C4D24F-StateMachineUpdater] INFO  ratis.ContainerStateMachine (ContainerStateMachine.java:takeSnapshot(285)) - group-803919C4D24F: Taking a snapshot at:(t:2, i:74) file /workdir/hadoop-ozone/tools/target/test-dir/MiniOzoneClusterImpl-057fdede-c001-40ca-aad2-2ca72f5b0309/datanode-1/data/ratis/52d183f1-01dc-4818-9d93-803919c4d24f/sm/snapshot.2_74
2019-11-13 05:09:48,132 [Thread-244] INFO  impl.FollowerState (FollowerState.java:run(120)) - a2052f7e-d3c3-4622-93e6-57af3c07b0b9@group-803919C4D24F-FollowerState was interrupted: java.lang.InterruptedException: sleep interrupted
2019-11-13 05:09:48,137 [a2052f7e-d3c3-4622-93e6-57af3c07b0b9@group-803919C4D24F-StateMachineUpdater] INFO  ratis.ContainerStateMachine (ContainerStateMachine.java:takeSnapshot(296)) - group-803919C4D24F: Finished taking a snapshot at:(t:2, i:74) file:/workdir/hadoop-ozone/tools/target/test-dir/MiniOzoneClusterImpl-057fdede-c001-40ca-aad2-2ca72f5b0309/datanode-1/data/ratis/52d183f1-01dc-4818-9d93-803919c4d24f/sm/snapshot.2_74 time:5
2019-11-13 05:09:48,137 [a2052f7e-d3c3-4622-93e6-57af3c07b0b9@group-803919C4D24F-StateMachineUpdater] INFO  impl.StateMachineUpdater (StateMachineUpdater.java:takeSnapshot(269)) - a2052f7e-d3c3-4622-93e6-57af3c07b0b9@group-803919C4D24F-StateMachineUpdater: Took a snapshot at index 74
2019-11-13 05:09:48,137 [a2052f7e-d3c3-4622-93e6-57af3c07b0b9@group-803919C4D24F-StateMachineUpdater] INFO  impl.StateMachineUpdater (StateMachineUpdater.java:lambda$new$0(84)) - a2052f7e-d3c3-4622-93e6-57af3c07b0b9@group-803919C4D24F-StateMachineUpdater: snapshotIndex: updateIncreasingly -1 -> 74
2019-11-13 05:09:48,137 [a2052f7e-d3c3-4622-93e6-57af3c07b0b9@group-803919C4D24F-StateMachineUpdater] INFO  ratis.ContainerStateMachine (ContainerStateMachine.java:takeSnapshot(285)) - group-803919C4D24F: Taking a snapshot at:(t:2, i:74) file /workdir/hadoop-ozone/tools/target/test-dir/MiniOzoneClusterImpl-057fdede-c001-40ca-aad2-2ca72f5b0309/datanode-1/data/ratis/52d183f1-01dc-4818-9d93-803919c4d24f/sm/snapshot.2_74
2019-11-13 05:09:48,175 [a2052f7e-d3c3-4622-93e6-57af3c07b0b9@group-803919C4D24F-StateMachineUpdater] INFO  ratis.ContainerStateMachine (ContainerStateMachine.java:takeSnapshot(296)) - group-803919C4D24F: Finished taking a snapshot at:(t:2, i:74) file:/workdir/hadoop-ozone/tools/target/test-dir/MiniOzoneClusterImpl-057fdede-c001-40ca-aad2-2ca72f5b0309/datanode-1/data/ratis/52d183f1-01dc-4818-9d93-803919c4d24f/sm/snapshot.2_74 time:37
2019-11-13 05:09:48,175 [a2052f7e-d3c3-4622-93e6-57af3c07b0b9@group-803919C4D24F-StateMachineUpdater] INFO  impl.StateMachineUpdater (StateMachineUpdater.java:takeSnapshot(269)) - a2052f7e-d3c3-4622-93e6-57af3c07b0b9@group-803919C4D24F-StateMachineUpdater: Took a snapshot at index 74
2019-11-13 05:09:48,175 [a2052f7e-d3c3-4622-93e6-57af3c07b0b9@group-803919C4D24F-StateMachineUpdater] INFO  impl.StateMachineUpdater (StateMachineUpdater.java:lambda$new$0(84)) - a2052f7e-d3c3-4622-93e6-57af3c07b0b9@group-803919C4D24F-StateMachineUpdater: snapshotIndex: updateIncreasingly 74 -> 74
2019-11-13 05:09:48,176 [grpc-default-executor-2] INFO  impl.RaftServerImpl (ServerState.java:close(387)) - a2052f7e-d3c3-4622-93e6-57af3c07b0b9@group-803919C4D24F: closes. applyIndex: 76
2019-11-13 05:09:48,176 [a2052f7e-d3c3-4622-93e6-57af3c07b0b9@group-803919C4D24F-SegmentedRaftLogWorker] INFO  segmented.SegmentedRaftLogWorker (SegmentedRaftLogWorker.java:run(316)) - a2052f7e-d3c3-4622-93e6-57af3c07b0b9@group-803919C4D24F-SegmentedRaftLogWorker was interrupted, exiting. There are 0 tasks remaining in the queue.
2019-11-13 05:09:48,178 [grpc-default-executor-2] INFO  segmented.SegmentedRaftLogWorker (SegmentedRaftLogWorker.java:close(224)) - a2052f7e-d3c3-4622-93e6-57af3c07b0b9@group-803919C4D24F-SegmentedRaftLogWorker close()
2019-11-13 05:09:48,208 [grpc-default-executor-2] INFO  interfaces.Container (KeyValueContainer.java:flushAndSyncDB(400)) - Container 1 is synced with bcsId 58.
2019-11-13 05:09:48,208 [grpc-default-executor-2] INFO  interfaces.Container (KeyValueContainer.java:flushAndSyncDB(400)) - Container 1 is synced with bcsId 58.
2019-11-13 05:09:48,249 [grpc-default-executor-2] INFO  interfaces.Container (KeyValueContainer.java:flushAndSyncDB(400)) - Container 2 is synced with bcsId 74.
2019-11-13 05:09:48,249 [grpc-default-executor-2] INFO  interfaces.Container (KeyValueContainer.java:flushAndSyncDB(400)) - Container 2 is synced with bcsId 74.
2019-11-13 05:09:48,290 [grpc-default-executor-2] INFO  interfaces.Container (KeyValueContainer.java:flushAndSyncDB(400)) - Container 3 is synced with bcsId 40.
2019-11-13 05:09:48,291 [grpc-default-executor-2] INFO  interfaces.Container (KeyValueContainer.java:flushAndSyncDB(400)) - Container 3 is synced with bcsId 40.
2019-11-13 05:09:48,310 [main] INFO  pipeline.PipelineStateManager (PipelineStateManager.java:removePipeline(106)) - Pipeline Pipeline[ Id: 52d183f1-01dc-4818-9d93-803919c4d24f, Nodes: 48f146a6-a5be-49c8-b3b4-aad85ee41d4c{ip: 192.168.34.45, host: trunk-nightly-20191113-wdxpm-1799726093, networkLocation: /default-rack, certSerialId: null}7becc6a6-c060-4129-a788-e926a86fd29a{ip: 192.168.34.45, host: trunk-nightly-20191113-wdxpm-1799726093, networkLocation: /default-rack, certSerialId: null}a2052f7e-d3c3-4622-93e6-57af3c07b0b9{ip: 192.168.34.45, host: trunk-nightly-20191113-wdxpm-1799726093, networkLocation: /default-rack, certSerialId: null}, Type:RATIS, Factor:THREE, State:CLOSED] removed from db
2019-11-13 05:09:48,323 [grpc-default-executor-0] INFO  impl.RaftServerProxy (RaftServerProxy.java:addNew(89)) - 7becc6a6-c060-4129-a788-e926a86fd29a: addNew group-86A4AE56CEEF:[48f146a6-a5be-49c8-b3b4-aad85ee41d4c:192.168.34.45:37974, a2052f7e-d3c3-4622-93e6-57af3c07b0b9:192.168.34.45:36888, 7becc6a6-c060-4129-a788-e926a86fd29a:192.168.34.45:40536] returns group-86A4AE56CEEF:java.util.concurrent.CompletableFuture@3fed1c65[Not completed]
2019-11-13 05:09:48,323 [grpc-default-executor-3] INFO  impl.RaftServerProxy (RaftServerProxy.java:addNew(89)) - a2052f7e-d3c3-4622-93e6-57af3c07b0b9: addNew group-86A4AE56CEEF:[48f146a6-a5be-49c8-b3b4-aad85ee41d4c:192.168.34.45:37974, a2052f7e-d3c3-4622-93e6-57af3c07b0b9:192.168.34.45:36888, 7becc6a6-c060-4129-a788-e926a86fd29a:192.168.34.45:40536] returns group-86A4AE56CEEF:java.util.concurrent.CompletableFuture@1f8b6004[Not completed]
2019-11-13 05:09:48,323 [grpc-default-executor-2] INFO  impl.RaftServerProxy (RaftServerProxy.java:addNew(89)) - 48f146a6-a5be-49c8-b3b4-aad85ee41d4c: addNew group-86A4AE56CEEF:[48f146a6-a5be-49c8-b3b4-aad85ee41d4c:192.168.34.45:37974, a2052f7e-d3c3-4622-93e6-57af3c07b0b9:192.168.34.45:36888, 7becc6a6-c060-4129-a788-e926a86fd29a:192.168.34.45:40536] returns group-86A4AE56CEEF:java.util.concurrent.CompletableFuture@7125f65f[Not completed]
2019-11-13 05:09:48,327 [pool-47-thread-1] INFO  impl.RaftServerImpl (RaftServerImpl.java:<init>(98)) - 48f146a6-a5be-49c8-b3b4-aad85ee41d4c: new RaftServerImpl for group-86A4AE56CEEF:[48f146a6-a5be-49c8-b3b4-aad85ee41d4c:192.168.34.45:37974, a2052f7e-d3c3-4622-93e6-57af3c07b0b9:192.168.34.45:36888, 7becc6a6-c060-4129-a788-e926a86fd29a:192.168.34.45:40536] with ContainerStateMachine:uninitialized
2019-11-13 05:09:48,327 [pool-47-thread-1] INFO  server.RaftServerConfigKeys (ConfUtils.java:logGet(43)) - raft.server.rpc.timeout.min = 5s (custom)
2019-11-13 05:09:48,327 [pool-47-thread-1] INFO  server.RaftServerConfigKeys (ConfUtils.java:logGet(43)) - raft.server.rpc.timeout.max = 5200ms (custom)
2019-11-13 05:09:48,327 [pool-47-thread-1] INFO  server.RaftServerConfigKeys (ConfUtils.java:logGet(43)) - raft.server.rpcslowness.timeout = 120s (custom)
2019-11-13 05:09:48,327 [pool-47-thread-1] INFO  server.RaftServerConfigKeys (ConfUtils.java:logGet(43)) - raft.server.sleep.deviation.threshold = 300 (default)
2019-11-13 05:09:48,327 [pool-47-thread-1] INFO  server.RaftServerConfigKeys (ConfUtils.java:logGet(43)) - raft.server.log.appender.install.snapshot.enabled = false (custom)
2019-11-13 05:09:48,327 [pool-47-thread-1] INFO  impl.RaftServerImpl (ServerState.java:<init>(103)) - 48f146a6-a5be-49c8-b3b4-aad85ee41d4c@group-86A4AE56CEEF: ConfigurationManager, init=-1: [48f146a6-a5be-49c8-b3b4-aad85ee41d4c:192.168.34.45:37974, a2052f7e-d3c3-4622-93e6-57af3c07b0b9:192.168.34.45:36888, 7becc6a6-c060-4129-a788-e926a86fd29a:192.168.34.45:40536], old=null, confs=<EMPTY_MAP>
2019-11-13 05:09:48,328 [pool-47-thread-1] INFO  server.RaftServerConfigKeys (ConfUtils.java:logGet(43)) - raft.server.storage.dir = [/workdir/hadoop-ozone/tools/target/test-dir/MiniOzoneClusterImpl-057fdede-c001-40ca-aad2-2ca72f5b0309/datanode-2/data/ratis] (custom)
2019-11-13 05:09:48,328 [pool-47-thread-1] INFO  server.RaftServerConfigKeys (ConfUtils.java:logGet(43)) - raft.server.log.corruption.policy = EXCEPTION (default)
2019-11-13 05:09:48,328 [pool-47-thread-1] INFO  storage.RaftStorageDirectory (RaftStorageDirectory.java:analyzeStorage(246)) - The storage directory /workdir/hadoop-ozone/tools/target/test-dir/MiniOzoneClusterImpl-057fdede-c001-40ca-aad2-2ca72f5b0309/datanode-2/data/ratis/c0cd80d0-e8e0-45f1-848f-86a4ae56ceef does not exist. Creating ...
2019-11-13 05:09:48,329 [pool-27-thread-1] INFO  impl.RaftServerImpl (RaftServerImpl.java:<init>(98)) - 7becc6a6-c060-4129-a788-e926a86fd29a: new RaftServerImpl for group-86A4AE56CEEF:[48f146a6-a5be-49c8-b3b4-aad85ee41d4c:192.168.34.45:37974, a2052f7e-d3c3-4622-93e6-57af3c07b0b9:192.168.34.45:36888, 7becc6a6-c060-4129-a788-e926a86fd29a:192.168.34.45:40536] with ContainerStateMachine:uninitialized
2019-11-13 05:09:48,329 [pool-27-thread-1] INFO  server.RaftServerConfigKeys (ConfUtils.java:logGet(43)) - raft.server.rpc.timeout.min = 5s (custom)
2019-11-13 05:09:48,329 [pool-27-thread-1] INFO  server.RaftServerConfigKeys (ConfUtils.java:logGet(43)) - raft.server.rpc.timeout.max = 5200ms (custom)
2019-11-13 05:09:48,330 [pool-27-thread-1] INFO  server.RaftServerConfigKeys (ConfUtils.java:logGet(43)) - raft.server.rpcslowness.timeout = 120s (custom)
2019-11-13 05:09:48,330 [pool-27-thread-1] INFO  server.RaftServerConfigKeys (ConfUtils.java:logGet(43)) - raft.server.sleep.deviation.threshold = 300 (default)
2019-11-13 05:09:48,330 [pool-27-thread-1] INFO  server.RaftServerConfigKeys (ConfUtils.java:logGet(43)) - raft.server.log.appender.install.snapshot.enabled = false (custom)
2019-11-13 05:09:48,330 [pool-27-thread-1] INFO  impl.RaftServerImpl (ServerState.java:<init>(103)) - 7becc6a6-c060-4129-a788-e926a86fd29a@group-86A4AE56CEEF: ConfigurationManager, init=-1: [48f146a6-a5be-49c8-b3b4-aad85ee41d4c:192.168.34.45:37974, a2052f7e-d3c3-4622-93e6-57af3c07b0b9:192.168.34.45:36888, 7becc6a6-c060-4129-a788-e926a86fd29a:192.168.34.45:40536], old=null, confs=<EMPTY_MAP>
2019-11-13 05:09:48,330 [pool-27-thread-1] INFO  server.RaftServerConfigKeys (ConfUtils.java:logGet(43)) - raft.server.storage.dir = [/workdir/hadoop-ozone/tools/target/test-dir/MiniOzoneClusterImpl-057fdede-c001-40ca-aad2-2ca72f5b0309/datanode-0/data/ratis] (custom)
2019-11-13 05:09:48,331 [pool-37-thread-1] INFO  impl.RaftServerImpl (RaftServerImpl.java:<init>(98)) - a2052f7e-d3c3-4622-93e6-57af3c07b0b9: new RaftServerImpl for group-86A4AE56CEEF:[48f146a6-a5be-49c8-b3b4-aad85ee41d4c:192.168.34.45:37974, a2052f7e-d3c3-4622-93e6-57af3c07b0b9:192.168.34.45:36888, 7becc6a6-c060-4129-a788-e926a86fd29a:192.168.34.45:40536] with ContainerStateMachine:uninitialized
2019-11-13 05:09:48,331 [pool-37-thread-1] INFO  server.RaftServerConfigKeys (ConfUtils.java:logGet(43)) - raft.server.rpc.timeout.min = 5s (custom)
2019-11-13 05:09:48,331 [pool-27-thread-1] INFO  server.RaftServerConfigKeys (ConfUtils.java:logGet(43)) - raft.server.log.corruption.policy = EXCEPTION (default)
2019-11-13 05:09:48,331 [pool-37-thread-1] INFO  server.RaftServerConfigKeys (ConfUtils.java:logGet(43)) - raft.server.rpc.timeout.max = 5200ms (custom)
2019-11-13 05:09:48,331 [pool-27-thread-1] INFO  storage.RaftStorageDirectory (RaftStorageDirectory.java:analyzeStorage(246)) - The storage directory /workdir/hadoop-ozone/tools/target/test-dir/MiniOzoneClusterImpl-057fdede-c001-40ca-aad2-2ca72f5b0309/datanode-0/data/ratis/c0cd80d0-e8e0-45f1-848f-86a4ae56ceef does not exist. Creating ...
2019-11-13 05:09:48,331 [pool-37-thread-1] INFO  server.RaftServerConfigKeys (ConfUtils.java:logGet(43)) - raft.server.rpcslowness.timeout = 120s (custom)
2019-11-13 05:09:48,332 [pool-37-thread-1] INFO  server.RaftServerConfigKeys (ConfUtils.java:logGet(43)) - raft.server.sleep.deviation.threshold = 300 (default)
2019-11-13 05:09:48,332 [pool-37-thread-1] INFO  server.RaftServerConfigKeys (ConfUtils.java:logGet(43)) - raft.server.log.appender.install.snapshot.enabled = false (custom)
2019-11-13 05:09:48,332 [pool-37-thread-1] INFO  impl.RaftServerImpl (ServerState.java:<init>(103)) - a2052f7e-d3c3-4622-93e6-57af3c07b0b9@group-86A4AE56CEEF: ConfigurationManager, init=-1: [48f146a6-a5be-49c8-b3b4-aad85ee41d4c:192.168.34.45:37974, a2052f7e-d3c3-4622-93e6-57af3c07b0b9:192.168.34.45:36888, 7becc6a6-c060-4129-a788-e926a86fd29a:192.168.34.45:40536], old=null, confs=<EMPTY_MAP>
2019-11-13 05:09:48,332 [pool-37-thread-1] INFO  server.RaftServerConfigKeys (ConfUtils.java:logGet(43)) - raft.server.storage.dir = [/workdir/hadoop-ozone/tools/target/test-dir/MiniOzoneClusterImpl-057fdede-c001-40ca-aad2-2ca72f5b0309/datanode-1/data/ratis] (custom)
2019-11-13 05:09:48,332 [pool-37-thread-1] INFO  server.RaftServerConfigKeys (ConfUtils.java:logGet(43)) - raft.server.log.corruption.policy = EXCEPTION (default)
2019-11-13 05:09:48,332 [pool-37-thread-1] INFO  storage.RaftStorageDirectory (RaftStorageDirectory.java:analyzeStorage(246)) - The storage directory /workdir/hadoop-ozone/tools/target/test-dir/MiniOzoneClusterImpl-057fdede-c001-40ca-aad2-2ca72f5b0309/datanode-1/data/ratis/c0cd80d0-e8e0-45f1-848f-86a4ae56ceef does not exist. Creating ...
2019-11-13 05:09:48,352 [pool-47-thread-1] INFO  storage.RaftStorageDirectory (RaftStorageDirectory.java:tryLock(328)) - Lock on /workdir/hadoop-ozone/tools/target/test-dir/MiniOzoneClusterImpl-057fdede-c001-40ca-aad2-2ca72f5b0309/datanode-2/data/ratis/c0cd80d0-e8e0-45f1-848f-86a4ae56ceef/in_use.lock acquired by nodename 21495@trunk-nightly-20191113-wdxpm-1799726093
2019-11-13 05:09:48,352 [pool-37-thread-1] INFO  storage.RaftStorageDirectory (RaftStorageDirectory.java:tryLock(328)) - Lock on /workdir/hadoop-ozone/tools/target/test-dir/MiniOzoneClusterImpl-057fdede-c001-40ca-aad2-2ca72f5b0309/datanode-1/data/ratis/c0cd80d0-e8e0-45f1-848f-86a4ae56ceef/in_use.lock acquired by nodename 21495@trunk-nightly-20191113-wdxpm-1799726093
2019-11-13 05:09:48,352 [pool-27-thread-1] INFO  storage.RaftStorageDirectory (RaftStorageDirectory.java:tryLock(328)) - Lock on /workdir/hadoop-ozone/tools/target/test-dir/MiniOzoneClusterImpl-057fdede-c001-40ca-aad2-2ca72f5b0309/datanode-0/data/ratis/c0cd80d0-e8e0-45f1-848f-86a4ae56ceef/in_use.lock acquired by nodename 21495@trunk-nightly-20191113-wdxpm-1799726093
2019-11-13 05:09:48,356 [pool-47-thread-1] INFO  storage.RaftStorage (RaftStorage.java:format(84)) - Storage directory /workdir/hadoop-ozone/tools/target/test-dir/MiniOzoneClusterImpl-057fdede-c001-40ca-aad2-2ca72f5b0309/datanode-2/data/ratis/c0cd80d0-e8e0-45f1-848f-86a4ae56ceef has been successfully formatted.
2019-11-13 05:09:48,356 [pool-27-thread-1] INFO  storage.RaftStorage (RaftStorage.java:format(84)) - Storage directory /workdir/hadoop-ozone/tools/target/test-dir/MiniOzoneClusterImpl-057fdede-c001-40ca-aad2-2ca72f5b0309/datanode-0/data/ratis/c0cd80d0-e8e0-45f1-848f-86a4ae56ceef has been successfully formatted.
2019-11-13 05:09:48,356 [pool-47-thread-1] INFO  ratis.ContainerStateMachine (ContainerStateMachine.java:loadSnapshot(223)) - group-86A4AE56CEEF: The snapshot info is null. Setting the last applied indexto:(t:0, i:~)
2019-11-13 05:09:48,356 [pool-37-thread-1] INFO  storage.RaftStorage (RaftStorage.java:format(84)) - Storage directory /workdir/hadoop-ozone/tools/target/test-dir/MiniOzoneClusterImpl-057fdede-c001-40ca-aad2-2ca72f5b0309/datanode-1/data/ratis/c0cd80d0-e8e0-45f1-848f-86a4ae56ceef has been successfully formatted.
2019-11-13 05:09:48,357 [pool-27-thread-1] INFO  ratis.ContainerStateMachine (ContainerStateMachine.java:loadSnapshot(223)) - group-86A4AE56CEEF: The snapshot info is null. Setting the last applied indexto:(t:0, i:~)
2019-11-13 05:09:48,357 [pool-47-thread-1] INFO  server.RaftServerConfigKeys (ConfUtils.java:logGet(43)) - raft.server.notification.no-leader.timeout = 120s (custom)
2019-11-13 05:09:48,357 [pool-27-thread-1] INFO  server.RaftServerConfigKeys (ConfUtils.java:logGet(43)) - raft.server.notification.no-leader.timeout = 120s (custom)
2019-11-13 05:09:48,357 [pool-37-thread-1] INFO  ratis.ContainerStateMachine (ContainerStateMachine.java:loadSnapshot(223)) - group-86A4AE56CEEF: The snapshot info is null. Setting the last applied indexto:(t:0, i:~)
2019-11-13 05:09:48,357 [pool-27-thread-1] INFO  server.RaftServerConfigKeys (ConfUtils.java:logGet(43)) - raft.server.log.use.memory = false (default)
2019-11-13 05:09:48,357 [pool-47-thread-1] INFO  server.RaftServerConfigKeys (ConfUtils.java:logGet(43)) - raft.server.log.use.memory = false (default)
2019-11-13 05:09:48,358 [pool-27-thread-1] INFO  server.RaftServerConfigKeys (ConfUtils.java:logGet(43)) - raft.server.log.purge.gap = 1000000 (custom)
2019-11-13 05:09:48,358 [pool-27-thread-1] INFO  server.RaftServerConfigKeys (ConfUtils.java:logGet(43)) - raft.server.log.appender.buffer.byte-limit = 33554432 (custom)
2019-11-13 05:09:48,357 [pool-37-thread-1] INFO  server.RaftServerConfigKeys (ConfUtils.java:logGet(43)) - raft.server.notification.no-leader.timeout = 120s (custom)
2019-11-13 05:09:48,358 [pool-27-thread-1] INFO  server.RaftServerConfigKeys (ConfUtils.java:logGet(43)) - raft.server.log.segment.size.max = 1048576 (custom)
2019-11-13 05:09:48,358 [pool-47-thread-1] INFO  server.RaftServerConfigKeys (ConfUtils.java:logGet(43)) - raft.server.log.purge.gap = 1000000 (custom)
2019-11-13 05:09:48,358 [pool-27-thread-1] INFO  server.RaftServerConfigKeys (ConfUtils.java:logGet(43)) - raft.server.log.segment.cache.num.max = 2 (custom)
2019-11-13 05:09:48,358 [pool-37-thread-1] INFO  server.RaftServerConfigKeys (ConfUtils.java:logGet(43)) - raft.server.log.use.memory = false (default)
2019-11-13 05:09:48,359 [pool-27-thread-1] INFO  segmented.SegmentedRaftLogWorker (SegmentedRaftLogWorker.java:<init>(173)) - new 7becc6a6-c060-4129-a788-e926a86fd29a@group-86A4AE56CEEF-SegmentedRaftLogWorker for RaftStorage:Storage Directory /workdir/hadoop-ozone/tools/target/test-dir/MiniOzoneClusterImpl-057fdede-c001-40ca-aad2-2ca72f5b0309/datanode-0/data/ratis/c0cd80d0-e8e0-45f1-848f-86a4ae56ceef
2019-11-13 05:09:48,358 [pool-47-thread-1] INFO  server.RaftServerConfigKeys (ConfUtils.java:logGet(43)) - raft.server.log.appender.buffer.byte-limit = 33554432 (custom)
2019-11-13 05:09:48,359 [pool-27-thread-1] INFO  server.RaftServerConfigKeys (ConfUtils.java:logGet(43)) - raft.server.log.queue.byte-limit = 2147483647 (custom)
2019-11-13 05:09:48,359 [pool-37-thread-1] INFO  server.RaftServerConfigKeys (ConfUtils.java:logGet(43)) - raft.server.log.purge.gap = 1000000 (custom)
2019-11-13 05:09:48,359 [pool-27-thread-1] INFO  server.RaftServerConfigKeys (ConfUtils.java:logGet(43)) - raft.server.log.queue.element-limit = 1024 (custom)
2019-11-13 05:09:48,359 [pool-47-thread-1] INFO  server.RaftServerConfigKeys (ConfUtils.java:logGet(43)) - raft.server.log.segment.size.max = 1048576 (custom)
2019-11-13 05:09:48,359 [pool-27-thread-1] INFO  server.RaftServerConfigKeys (ConfUtils.java:logGet(43)) - raft.server.log.segment.size.max = 1048576 (custom)
2019-11-13 05:09:48,359 [pool-37-thread-1] INFO  server.RaftServerConfigKeys (ConfUtils.java:logGet(43)) - raft.server.log.appender.buffer.byte-limit = 33554432 (custom)
2019-11-13 05:09:48,360 [pool-27-thread-1] INFO  server.RaftServerConfigKeys (ConfUtils.java:logGet(43)) - raft.server.log.preallocated.size = 16384 (custom)
2019-11-13 05:09:48,360 [pool-47-thread-1] INFO  server.RaftServerConfigKeys (ConfUtils.java:logGet(43)) - raft.server.log.segment.cache.num.max = 2 (custom)
2019-11-13 05:09:48,360 [pool-27-thread-1] INFO  server.RaftServerConfigKeys (ConfUtils.java:logGet(43)) - raft.server.log.write.buffer.size = 33554432 (custom)
2019-11-13 05:09:48,360 [pool-27-thread-1] INFO  server.RaftServerConfigKeys (ConfUtils.java:logGet(43)) - raft.server.log.force.sync.num = 128 (default)
2019-11-13 05:09:48,360 [pool-37-thread-1] INFO  server.RaftServerConfigKeys (ConfUtils.java:logGet(43)) - raft.server.log.segment.size.max = 1048576 (custom)
2019-11-13 05:09:48,360 [pool-27-thread-1] INFO  server.RaftServerConfigKeys (ConfUtils.java:logGet(43)) - raft.server.log.statemachine.data.sync = true (default)
2019-11-13 05:09:48,360 [pool-47-thread-1] INFO  segmented.SegmentedRaftLogWorker (SegmentedRaftLogWorker.java:<init>(173)) - new 48f146a6-a5be-49c8-b3b4-aad85ee41d4c@group-86A4AE56CEEF-SegmentedRaftLogWorker for RaftStorage:Storage Directory /workdir/hadoop-ozone/tools/target/test-dir/MiniOzoneClusterImpl-057fdede-c001-40ca-aad2-2ca72f5b0309/datanode-2/data/ratis/c0cd80d0-e8e0-45f1-848f-86a4ae56ceef
2019-11-13 05:09:48,361 [pool-27-thread-1] INFO  server.RaftServerConfigKeys (ConfUtils.java:logGet(43)) - raft.server.log.statemachine.data.sync.timeout = 10s (default)
2019-11-13 05:09:48,361 [pool-37-thread-1] INFO  server.RaftServerConfigKeys (ConfUtils.java:logGet(43)) - raft.server.log.segment.cache.num.max = 2 (custom)
2019-11-13 05:09:48,361 [pool-27-thread-1] INFO  server.RaftServerConfigKeys (ConfUtils.java:logGet(43)) - raft.server.log.statemachine.data.sync.timeout.retry = -1 (default)
2019-11-13 05:09:48,361 [pool-47-thread-1] INFO  server.RaftServerConfigKeys (ConfUtils.java:logGet(43)) - raft.server.log.queue.byte-limit = 2147483647 (custom)
2019-11-13 05:09:48,361 [pool-37-thread-1] INFO  segmented.SegmentedRaftLogWorker (SegmentedRaftLogWorker.java:<init>(173)) - new a2052f7e-d3c3-4622-93e6-57af3c07b0b9@group-86A4AE56CEEF-SegmentedRaftLogWorker for RaftStorage:Storage Directory /workdir/hadoop-ozone/tools/target/test-dir/MiniOzoneClusterImpl-057fdede-c001-40ca-aad2-2ca72f5b0309/datanode-1/data/ratis/c0cd80d0-e8e0-45f1-848f-86a4ae56ceef
2019-11-13 05:09:48,362 [pool-27-thread-1] INFO  server.RaftServerConfigKeys (ConfUtils.java:logGet(43)) - raft.server.log.statemachine.data.caching.enabled = true (custom)
2019-11-13 05:09:48,361 [pool-47-thread-1] INFO  server.RaftServerConfigKeys (ConfUtils.java:logGet(43)) - raft.server.log.queue.element-limit = 1024 (custom)
2019-11-13 05:09:48,362 [pool-37-thread-1] INFO  server.RaftServerConfigKeys (ConfUtils.java:logGet(43)) - raft.server.log.queue.byte-limit = 2147483647 (custom)
2019-11-13 05:09:48,362 [pool-27-thread-1] INFO  segmented.SegmentedRaftLogWorker (SegmentedRaftLogWorker.java:lambda$new$0(128)) - 7becc6a6-c060-4129-a788-e926a86fd29a@group-86A4AE56CEEF-SegmentedRaftLogWorker: flushIndex: setUnconditionally 0 -> -1
2019-11-13 05:09:48,362 [pool-47-thread-1] INFO  server.RaftServerConfigKeys (ConfUtils.java:logGet(43)) - raft.server.log.segment.size.max = 1048576 (custom)
2019-11-13 05:09:48,362 [pool-37-thread-1] INFO  server.RaftServerConfigKeys (ConfUtils.java:logGet(43)) - raft.server.log.queue.element-limit = 1024 (custom)
2019-11-13 05:09:48,362 [pool-27-thread-1] INFO  server.RaftServerConfigKeys (ConfUtils.java:logGet(43)) - raft.server.snapshot.auto.trigger.enabled = true (custom)
2019-11-13 05:09:48,362 [pool-47-thread-1] INFO  server.RaftServerConfigKeys (ConfUtils.java:logGet(43)) - raft.server.log.preallocated.size = 16384 (custom)
2019-11-13 05:09:48,363 [pool-27-thread-1] INFO  server.RaftServerConfigKeys (ConfUtils.java:logGet(43)) - raft.server.snapshot.auto.trigger.threshold = 10000 (custom)
2019-11-13 05:09:48,362 [pool-37-thread-1] INFO  server.RaftServerConfigKeys (ConfUtils.java:logGet(43)) - raft.server.log.segment.size.max = 1048576 (custom)
2019-11-13 05:09:48,363 [pool-27-thread-1] INFO  server.RaftServerConfigKeys (ConfUtils.java:logGet(43)) - raft.server.snapshot.retention.file.num = 5 (custom)
2019-11-13 05:09:48,363 [pool-47-thread-1] INFO  server.RaftServerConfigKeys (ConfUtils.java:logGet(43)) - raft.server.log.write.buffer.size = 33554432 (custom)
2019-11-13 05:09:48,363 [pool-27-thread-1] INFO  server.RaftServerConfigKeys (ConfUtils.java:logGet(43)) - raft.server.retrycache.expirytime = 600000ms (custom)
2019-11-13 05:09:48,363 [pool-37-thread-1] INFO  server.RaftServerConfigKeys (ConfUtils.java:logGet(43)) - raft.server.log.preallocated.size = 16384 (custom)
2019-11-13 05:09:48,363 [pool-27-thread-1] WARN  impl.MetricRegistriesImpl (MetricRegistriesImpl.java:lambda$create$1(61)) - First MetricRegistry has been created without registering reporters. You may need to call MetricRegistries.global().addReportRegistration(...) before.
2019-11-13 05:09:48,363 [pool-47-thread-1] INFO  server.RaftServerConfigKeys (ConfUtils.java:logGet(43)) - raft.server.log.force.sync.num = 128 (default)
2019-11-13 05:09:48,364 [pool-27-thread-1] WARN  impl.MetricRegistriesImpl (MetricRegistriesImpl.java:lambda$create$1(61)) - First MetricRegistry has been created without registering reporters. You may need to call MetricRegistries.global().addReportRegistration(...) before.
2019-11-13 05:09:48,363 [pool-37-thread-1] INFO  server.RaftServerConfigKeys (ConfUtils.java:logGet(43)) - raft.server.log.write.buffer.size = 33554432 (custom)
2019-11-13 05:09:48,365 [pool-27-thread-1] INFO  impl.RaftServerImpl (RaftServerImpl.java:start(184)) - 7becc6a6-c060-4129-a788-e926a86fd29a@group-86A4AE56CEEF: start as a follower, conf=-1: [48f146a6-a5be-49c8-b3b4-aad85ee41d4c:192.168.34.45:37974, a2052f7e-d3c3-4622-93e6-57af3c07b0b9:192.168.34.45:36888, 7becc6a6-c060-4129-a788-e926a86fd29a:192.168.34.45:40536], old=null
2019-11-13 05:09:48,364 [pool-47-thread-1] INFO  server.RaftServerConfigKeys (ConfUtils.java:logGet(43)) - raft.server.log.statemachine.data.sync = true (default)
2019-11-13 05:09:48,365 [pool-27-thread-1] INFO  impl.RaftServerImpl (RaftServerImpl.java:setRole(173)) - 7becc6a6-c060-4129-a788-e926a86fd29a@group-86A4AE56CEEF: changes role from      null to FOLLOWER at term 0 for startAsFollower
2019-11-13 05:09:48,365 [pool-37-thread-1] INFO  server.RaftServerConfigKeys (ConfUtils.java:logGet(43)) - raft.server.log.force.sync.num = 128 (default)
2019-11-13 05:09:48,366 [pool-27-thread-1] INFO  impl.RoleInfo (RoleInfo.java:updateAndGet(143)) - 7becc6a6-c060-4129-a788-e926a86fd29a: start FollowerState
2019-11-13 05:09:48,365 [pool-47-thread-1] INFO  server.RaftServerConfigKeys (ConfUtils.java:logGet(43)) - raft.server.log.statemachine.data.sync.timeout = 10s (default)
2019-11-13 05:09:48,366 [pool-37-thread-1] INFO  server.RaftServerConfigKeys (ConfUtils.java:logGet(43)) - raft.server.log.statemachine.data.sync = true (default)
2019-11-13 05:09:48,366 [pool-47-thread-1] INFO  server.RaftServerConfigKeys (ConfUtils.java:logGet(43)) - raft.server.log.statemachine.data.sync.timeout.retry = -1 (default)
2019-11-13 05:09:48,366 [pool-27-thread-1] INFO  util.JmxRegister (JmxRegister.java:tryRegister(44)) - Successfully registered JMX Bean with object name Ratis:service=RaftServer,group=group-86A4AE56CEEF,id=7becc6a6-c060-4129-a788-e926a86fd29a
2019-11-13 05:09:48,366 [pool-47-thread-1] INFO  server.RaftServerConfigKeys (ConfUtils.java:logGet(43)) - raft.server.log.statemachine.data.caching.enabled = true (custom)
2019-11-13 05:09:48,366 [pool-37-thread-1] INFO  server.RaftServerConfigKeys (ConfUtils.java:logGet(43)) - raft.server.log.statemachine.data.sync.timeout = 10s (default)
2019-11-13 05:09:48,366 [pool-27-thread-1] WARN  impl.MetricRegistriesImpl (MetricRegistriesImpl.java:lambda$create$1(61)) - First MetricRegistry has been created without registering reporters. You may need to call MetricRegistries.global().addReportRegistration(...) before.
2019-11-13 05:09:48,367 [pool-47-thread-1] INFO  segmented.SegmentedRaftLogWorker (SegmentedRaftLogWorker.java:lambda$new$0(128)) - 48f146a6-a5be-49c8-b3b4-aad85ee41d4c@group-86A4AE56CEEF-SegmentedRaftLogWorker: flushIndex: setUnconditionally 0 -> -1
2019-11-13 05:09:48,367 [pool-37-thread-1] INFO  server.RaftServerConfigKeys (ConfUtils.java:logGet(43)) - raft.server.log.statemachine.data.sync.timeout.retry = -1 (default)
2019-11-13 05:09:48,367 [pool-47-thread-1] INFO  server.RaftServerConfigKeys (ConfUtils.java:logGet(43)) - raft.server.snapshot.auto.trigger.enabled = true (custom)
2019-11-13 05:09:48,367 [pool-37-thread-1] INFO  server.RaftServerConfigKeys (ConfUtils.java:logGet(43)) - raft.server.log.statemachine.data.caching.enabled = true (custom)
2019-11-13 05:09:48,367 [pool-47-thread-1] INFO  server.RaftServerConfigKeys (ConfUtils.java:logGet(43)) - raft.server.snapshot.auto.trigger.threshold = 10000 (custom)
2019-11-13 05:09:48,367 [pool-47-thread-1] INFO  server.RaftServerConfigKeys (ConfUtils.java:logGet(43)) - raft.server.snapshot.retention.file.num = 5 (custom)
2019-11-13 05:09:48,368 [pool-37-thread-1] INFO  segmented.SegmentedRaftLogWorker (SegmentedRaftLogWorker.java:lambda$new$0(128)) - a2052f7e-d3c3-4622-93e6-57af3c07b0b9@group-86A4AE56CEEF-SegmentedRaftLogWorker: flushIndex: setUnconditionally 0 -> -1
2019-11-13 05:09:48,368 [pool-47-thread-1] INFO  server.RaftServerConfigKeys (ConfUtils.java:logGet(43)) - raft.server.retrycache.expirytime = 600000ms (custom)
2019-11-13 05:09:48,368 [pool-37-thread-1] INFO  server.RaftServerConfigKeys (ConfUtils.java:logGet(43)) - raft.server.snapshot.auto.trigger.enabled = true (custom)
2019-11-13 05:09:48,368 [pool-47-thread-1] WARN  impl.MetricRegistriesImpl (MetricRegistriesImpl.java:lambda$create$1(61)) - First MetricRegistry has been created without registering reporters. You may need to call MetricRegistries.global().addReportRegistration(...) before.
2019-11-13 05:09:48,368 [pool-37-thread-1] INFO  server.RaftServerConfigKeys (ConfUtils.java:logGet(43)) - raft.server.snapshot.auto.trigger.threshold = 10000 (custom)
2019-11-13 05:09:48,369 [pool-47-thread-1] WARN  impl.MetricRegistriesImpl (MetricRegistriesImpl.java:lambda$create$1(61)) - First MetricRegistry has been created without registering reporters. You may need to call MetricRegistries.global().addReportRegistration(...) before.
2019-11-13 05:09:48,369 [pool-37-thread-1] INFO  server.RaftServerConfigKeys (ConfUtils.java:logGet(43)) - raft.server.snapshot.retention.file.num = 5 (custom)
2019-11-13 05:09:48,370 [pool-47-thread-1] INFO  impl.RaftServerImpl (RaftServerImpl.java:start(184)) - 48f146a6-a5be-49c8-b3b4-aad85ee41d4c@group-86A4AE56CEEF: start as a follower, conf=-1: [48f146a6-a5be-49c8-b3b4-aad85ee41d4c:192.168.34.45:37974, a2052f7e-d3c3-4622-93e6-57af3c07b0b9:192.168.34.45:36888, 7becc6a6-c060-4129-a788-e926a86fd29a:192.168.34.45:40536], old=null
2019-11-13 05:09:48,370 [pool-37-thread-1] INFO  server.RaftServerConfigKeys (ConfUtils.java:logGet(43)) - raft.server.retrycache.expirytime = 600000ms (custom)
2019-11-13 05:09:48,370 [pool-47-thread-1] INFO  impl.RaftServerImpl (RaftServerImpl.java:setRole(173)) - 48f146a6-a5be-49c8-b3b4-aad85ee41d4c@group-86A4AE56CEEF: changes role from      null to FOLLOWER at term 0 for startAsFollower
2019-11-13 05:09:48,370 [pool-37-thread-1] WARN  impl.MetricRegistriesImpl (MetricRegistriesImpl.java:lambda$create$1(61)) - First MetricRegistry has been created without registering reporters. You may need to call MetricRegistries.global().addReportRegistration(...) before.
2019-11-13 05:09:48,370 [pool-47-thread-1] INFO  impl.RoleInfo (RoleInfo.java:updateAndGet(143)) - 48f146a6-a5be-49c8-b3b4-aad85ee41d4c: start FollowerState
2019-11-13 05:09:48,370 [pool-37-thread-1] WARN  impl.MetricRegistriesImpl (MetricRegistriesImpl.java:lambda$create$1(61)) - First MetricRegistry has been created without registering reporters. You may need to call MetricRegistries.global().addReportRegistration(...) before.
2019-11-13 05:09:48,370 [pool-37-thread-1] INFO  impl.RaftServerImpl (RaftServerImpl.java:start(184)) - a2052f7e-d3c3-4622-93e6-57af3c07b0b9@group-86A4AE56CEEF: start as a follower, conf=-1: [48f146a6-a5be-49c8-b3b4-aad85ee41d4c:192.168.34.45:37974, a2052f7e-d3c3-4622-93e6-57af3c07b0b9:192.168.34.45:36888, 7becc6a6-c060-4129-a788-e926a86fd29a:192.168.34.45:40536], old=null
2019-11-13 05:09:48,370 [pool-47-thread-1] INFO  util.JmxRegister (JmxRegister.java:tryRegister(44)) - Successfully registered JMX Bean with object name Ratis:service=RaftServer,group=group-86A4AE56CEEF,id=48f146a6-a5be-49c8-b3b4-aad85ee41d4c
2019-11-13 05:09:48,371 [pool-37-thread-1] INFO  impl.RaftServerImpl (RaftServerImpl.java:setRole(173)) - a2052f7e-d3c3-4622-93e6-57af3c07b0b9@group-86A4AE56CEEF: changes role from      null to FOLLOWER at term 0 for startAsFollower
2019-11-13 05:09:48,371 [pool-47-thread-1] WARN  impl.MetricRegistriesImpl (MetricRegistriesImpl.java:lambda$create$1(61)) - First MetricRegistry has been created without registering reporters. You may need to call MetricRegistries.global().addReportRegistration(...) before.
2019-11-13 05:09:48,371 [pool-37-thread-1] INFO  impl.RoleInfo (RoleInfo.java:updateAndGet(143)) - a2052f7e-d3c3-4622-93e6-57af3c07b0b9: start FollowerState
2019-11-13 05:09:48,371 [pool-37-thread-1] INFO  util.JmxRegister (JmxRegister.java:tryRegister(44)) - Successfully registered JMX Bean with object name Ratis:service=RaftServer,group=group-86A4AE56CEEF,id=a2052f7e-d3c3-4622-93e6-57af3c07b0b9
2019-11-13 05:09:48,372 [pool-37-thread-1] WARN  impl.MetricRegistriesImpl (MetricRegistriesImpl.java:lambda$create$1(61)) - First MetricRegistry has been created without registering reporters. You may need to call MetricRegistries.global().addReportRegistration(...) before.
2019-11-13 05:09:48,383 [RatisPipelineUtilsThread] INFO  pipeline.PipelineStateManager (PipelineStateManager.java:addPipeline(55)) - Created pipeline Pipeline[ Id: c0cd80d0-e8e0-45f1-848f-86a4ae56ceef, Nodes: 48f146a6-a5be-49c8-b3b4-aad85ee41d4c{ip: 192.168.34.45, host: trunk-nightly-20191113-wdxpm-1799726093, networkLocation: /default-rack, certSerialId: null}7becc6a6-c060-4129-a788-e926a86fd29a{ip: 192.168.34.45, host: trunk-nightly-20191113-wdxpm-1799726093, networkLocation: /default-rack, certSerialId: null}a2052f7e-d3c3-4622-93e6-57af3c07b0b9{ip: 192.168.34.45, host: trunk-nightly-20191113-wdxpm-1799726093, networkLocation: /default-rack, certSerialId: null}, Type:RATIS, Factor:THREE, State:ALLOCATED]
2019-11-13 05:09:48,456 [main] INFO  freon.RandomKeyGenerator (RandomKeyGenerator.java:call(283)) - Number of Threads: 10
2019-11-13 05:09:48,456 [main] INFO  freon.RandomKeyGenerator (RandomKeyGenerator.java:call(288)) - Number of Volumes: 1.
2019-11-13 05:09:48,457 [main] INFO  freon.RandomKeyGenerator (RandomKeyGenerator.java:call(289)) - Number of Buckets per Volume: 1.
2019-11-13 05:09:48,457 [main] INFO  freon.RandomKeyGenerator (RandomKeyGenerator.java:call(290)) - Number of Keys per Bucket: 1.
2019-11-13 05:09:48,457 [main] INFO  freon.RandomKeyGenerator (RandomKeyGenerator.java:call(291)) - Key size: 20971520 bytes
2019-11-13 05:09:48,457 [main] INFO  freon.RandomKeyGenerator (RandomKeyGenerator.java:call(292)) - Buffer size: 4096 bytes
2019-11-13 05:09:48,457 [main] INFO  freon.RandomKeyGenerator (RandomKeyGenerator.java:call(293)) - validateWrites : true
2019-11-13 05:09:48,458 [main] INFO  freon.RandomKeyGenerator (RandomKeyGenerator.java:call(307)) - Data validation is enabled.
2019-11-13 05:09:48,459 [main] INFO  freon.RandomKeyGenerator (RandomKeyGenerator.java:call(313)) - Starting progress bar Thread.

 0.00% |?                                                                                                    |  0/1 Time: 0:00:002019-11-13 05:09:48,459 [pool-59-thread-2] INFO  rpc.RpcClient (RpcClient.java:createVolume(292)) - Creating Volume: vol-0-50139, with jenkins1000 as owner.
2019-11-13 05:09:48,466 [IPC Server handler 6 on 46776] INFO  volume.OMVolumeCreateRequest (OMVolumeCreateRequest.java:validateAndUpdateCache(193)) - created volume:vol-0-50139 for user:jenkins1000
2019-11-13 05:09:48,509 [pool-59-thread-3] INFO  rpc.RpcClient (RpcClient.java:createBucket(431)) - Creating Bucket: vol-0-50139/bucket-0-67429, with Versioning false and Storage Type set to DISK and Encryption set to false 
2019-11-13 05:09:48,547 [IPC Server handler 14 on 43715] WARN  block.BlockManagerImpl (BlockManagerImpl.java:allocateBlock(200)) - Pipeline creation failed for type:RATIS factor:THREE. Retrying get pipelines call once.
org.apache.hadoop.hdds.scm.pipeline.InsufficientDatanodesException: Cannot create pipeline of factor 3 using 0 nodes.
	at org.apache.hadoop.hdds.scm.pipeline.RatisPipelineProvider.create(RatisPipelineProvider.java:153)
	at org.apache.hadoop.hdds.scm.pipeline.PipelineFactory.create(PipelineFactory.java:58)
	at org.apache.hadoop.hdds.scm.pipeline.SCMPipelineManager.createPipeline(SCMPipelineManager.java:155)
	at org.apache.hadoop.hdds.scm.block.BlockManagerImpl.allocateBlock(BlockManagerImpl.java:198)
	at org.apache.hadoop.hdds.scm.server.SCMBlockProtocolServer.allocateBlock(SCMBlockProtocolServer.java:187)
	at org.apache.hadoop.hdds.scm.protocol.ScmBlockLocationProtocolServerSideTranslatorPB.allocateScmBlock(ScmBlockLocationProtocolServerSideTranslatorPB.java:159)
	at org.apache.hadoop.hdds.scm.protocol.ScmBlockLocationProtocolServerSideTranslatorPB.processMessage(ScmBlockLocationProtocolServerSideTranslatorPB.java:117)
	at org.apache.hadoop.hdds.server.OzoneProtocolMessageDispatcher.processRequest(OzoneProtocolMessageDispatcher.java:72)
	at org.apache.hadoop.hdds.scm.protocol.ScmBlockLocationProtocolServerSideTranslatorPB.send(ScmBlockLocationProtocolServerSideTranslatorPB.java:98)
	at org.apache.hadoop.hdds.protocol.proto.ScmBlockLocationProtocolProtos$ScmBlockLocationProtocolService$2.callBlockingMethod(ScmBlockLocationProtocolProtos.java:13157)
	at org.apache.hadoop.ipc.ProtobufRpcEngine$Server$ProtoBufRpcInvoker.call(ProtobufRpcEngine.java:524)
	at org.apache.hadoop.ipc.RPC$Server.call(RPC.java:1025)
	at org.apache.hadoop.ipc.Server$RpcCall.run(Server.java:876)
	at org.apache.hadoop.ipc.Server$RpcCall.run(Server.java:822)
	at java.security.AccessController.doPrivileged(Native Method)
	at javax.security.auth.Subject.doAs(Subject.java:422)
	at org.apache.hadoop.security.UserGroupInformation.doAs(UserGroupInformation.java:1730)
	at org.apache.hadoop.ipc.Server$Handler.run(Server.java:2682)
2019-11-13 05:09:48,549 [IPC Server handler 14 on 43715] INFO  block.BlockManagerImpl (BlockManagerImpl.java:allocateBlock(212)) - Could not find available pipeline of type:RATIS and factor:THREE even after retrying
2019-11-13 05:09:48,549 [IPC Server handler 14 on 43715] ERROR block.BlockManagerImpl (BlockManagerImpl.java:allocateBlock(236)) - Unable to allocate a block for the size: 4194304, type: RATIS, factor: THREE
2019-11-13 05:09:48,550 [IPC Server handler 14 on 43715] WARN  block.BlockManagerImpl (BlockManagerImpl.java:allocateBlock(200)) - Pipeline creation failed for type:RATIS factor:THREE. Retrying get pipelines call once.
org.apache.hadoop.hdds.scm.pipeline.InsufficientDatanodesException: Cannot create pipeline of factor 3 using 0 nodes.
	at org.apache.hadoop.hdds.scm.pipeline.RatisPipelineProvider.create(RatisPipelineProvider.java:153)
	at org.apache.hadoop.hdds.scm.pipeline.PipelineFactory.create(PipelineFactory.java:58)
	at org.apache.hadoop.hdds.scm.pipeline.SCMPipelineManager.createPipeline(SCMPipelineManager.java:155)
	at org.apache.hadoop.hdds.scm.block.BlockManagerImpl.allocateBlock(BlockManagerImpl.java:198)
	at org.apache.hadoop.hdds.scm.server.SCMBlockProtocolServer.allocateBlock(SCMBlockProtocolServer.java:187)
	at org.apache.hadoop.hdds.scm.protocol.ScmBlockLocationProtocolServerSideTranslatorPB.allocateScmBlock(ScmBlockLocationProtocolServerSideTranslatorPB.java:159)
	at org.apache.hadoop.hdds.scm.protocol.ScmBlockLocationProtocolServerSideTranslatorPB.processMessage(ScmBlockLocationProtocolServerSideTranslatorPB.java:117)
	at org.apache.hadoop.hdds.server.OzoneProtocolMessageDispatcher.processRequest(OzoneProtocolMessageDispatcher.java:72)
	at org.apache.hadoop.hdds.scm.protocol.ScmBlockLocationProtocolServerSideTranslatorPB.send(ScmBlockLocationProtocolServerSideTranslatorPB.java:98)
	at org.apache.hadoop.hdds.protocol.proto.ScmBlockLocationProtocolProtos$ScmBlockLocationProtocolService$2.callBlockingMethod(ScmBlockLocationProtocolProtos.java:13157)
	at org.apache.hadoop.ipc.ProtobufRpcEngine$Server$ProtoBufRpcInvoker.call(ProtobufRpcEngine.java:524)
	at org.apache.hadoop.ipc.RPC$Server.call(RPC.java:1025)
	at org.apache.hadoop.ipc.Server$RpcCall.run(Server.java:876)
	at org.apache.hadoop.ipc.Server$RpcCall.run(Server.java:822)
	at java.security.AccessController.doPrivileged(Native Method)
	at javax.security.auth.Subject.doAs(Subject.java:422)
	at org.apache.hadoop.security.UserGroupInformation.doAs(UserGroupInformation.java:1730)
	at org.apache.hadoop.ipc.Server$Handler.run(Server.java:2682)
2019-11-13 05:09:48,550 [IPC Server handler 14 on 43715] INFO  block.BlockManagerImpl (BlockManagerImpl.java:allocateBlock(212)) - Could not find available pipeline of type:RATIS and factor:THREE even after retrying
2019-11-13 05:09:48,551 [IPC Server handler 14 on 43715] ERROR block.BlockManagerImpl (BlockManagerImpl.java:allocateBlock(236)) - Unable to allocate a block for the size: 4194304, type: RATIS, factor: THREE
2019-11-13 05:09:48,551 [IPC Server handler 14 on 43715] WARN  block.BlockManagerImpl (BlockManagerImpl.java:allocateBlock(200)) - Pipeline creation failed for type:RATIS factor:THREE. Retrying get pipelines call once.
org.apache.hadoop.hdds.scm.pipeline.InsufficientDatanodesException: Cannot create pipeline of factor 3 using 0 nodes.
	at org.apache.hadoop.hdds.scm.pipeline.RatisPipelineProvider.create(RatisPipelineProvider.java:153)
	at org.apache.hadoop.hdds.scm.pipeline.PipelineFactory.create(PipelineFactory.java:58)
	at org.apache.hadoop.hdds.scm.pipeline.SCMPipelineManager.createPipeline(SCMPipelineManager.java:155)
	at org.apache.hadoop.hdds.scm.block.BlockManagerImpl.allocateBlock(BlockManagerImpl.java:198)
	at org.apache.hadoop.hdds.scm.server.SCMBlockProtocolServer.allocateBlock(SCMBlockProtocolServer.java:187)
	at org.apache.hadoop.hdds.scm.protocol.ScmBlockLocationProtocolServerSideTranslatorPB.allocateScmBlock(ScmBlockLocationProtocolServerSideTranslatorPB.java:159)
	at org.apache.hadoop.hdds.scm.protocol.ScmBlockLocationProtocolServerSideTranslatorPB.processMessage(ScmBlockLocationProtocolServerSideTranslatorPB.java:117)
	at org.apache.hadoop.hdds.server.OzoneProtocolMessageDispatcher.processRequest(OzoneProtocolMessageDispatcher.java:72)
	at org.apache.hadoop.hdds.scm.protocol.ScmBlockLocationProtocolServerSideTranslatorPB.send(ScmBlockLocationProtocolServerSideTranslatorPB.java:98)
	at org.apache.hadoop.hdds.protocol.proto.ScmBlockLocationProtocolProtos$ScmBlockLocationProtocolService$2.callBlockingMethod(ScmBlockLocationProtocolProtos.java:13157)
	at org.apache.hadoop.ipc.ProtobufRpcEngine$Server$ProtoBufRpcInvoker.call(ProtobufRpcEngine.java:524)
	at org.apache.hadoop.ipc.RPC$Server.call(RPC.java:1025)
	at org.apache.hadoop.ipc.Server$RpcCall.run(Server.java:876)
	at org.apache.hadoop.ipc.Server$RpcCall.run(Server.java:822)
	at java.security.AccessController.doPrivileged(Native Method)
	at javax.security.auth.Subject.doAs(Subject.java:422)
	at org.apache.hadoop.security.UserGroupInformation.doAs(UserGroupInformation.java:1730)
	at org.apache.hadoop.ipc.Server$Handler.run(Server.java:2682)
2019-11-13 05:09:48,551 [IPC Server handler 14 on 43715] INFO  block.BlockManagerImpl (BlockManagerImpl.java:allocateBlock(212)) - Could not find available pipeline of type:RATIS and factor:THREE even after retrying
2019-11-13 05:09:48,552 [IPC Server handler 14 on 43715] ERROR block.BlockManagerImpl (BlockManagerImpl.java:allocateBlock(236)) - Unable to allocate a block for the size: 4194304, type: RATIS, factor: THREE
2019-11-13 05:09:48,553 [IPC Server handler 14 on 43715] WARN  block.BlockManagerImpl (BlockManagerImpl.java:allocateBlock(200)) - Pipeline creation failed for type:RATIS factor:THREE. Retrying get pipelines call once.
org.apache.hadoop.hdds.scm.pipeline.InsufficientDatanodesException: Cannot create pipeline of factor 3 using 0 nodes.
	at org.apache.hadoop.hdds.scm.pipeline.RatisPipelineProvider.create(RatisPipelineProvider.java:153)
	at org.apache.hadoop.hdds.scm.pipeline.PipelineFactory.create(PipelineFactory.java:58)
	at org.apache.hadoop.hdds.scm.pipeline.SCMPipelineManager.createPipeline(SCMPipelineManager.java:155)
	at org.apache.hadoop.hdds.scm.block.BlockManagerImpl.allocateBlock(BlockManagerImpl.java:198)
	at org.apache.hadoop.hdds.scm.server.SCMBlockProtocolServer.allocateBlock(SCMBlockProtocolServer.java:187)
	at org.apache.hadoop.hdds.scm.protocol.ScmBlockLocationProtocolServerSideTranslatorPB.allocateScmBlock(ScmBlockLocationProtocolServerSideTranslatorPB.java:159)
	at org.apache.hadoop.hdds.scm.protocol.ScmBlockLocationProtocolServerSideTranslatorPB.processMessage(ScmBlockLocationProtocolServerSideTranslatorPB.java:117)
	at org.apache.hadoop.hdds.server.OzoneProtocolMessageDispatcher.processRequest(OzoneProtocolMessageDispatcher.java:72)
	at org.apache.hadoop.hdds.scm.protocol.ScmBlockLocationProtocolServerSideTranslatorPB.send(ScmBlockLocationProtocolServerSideTranslatorPB.java:98)
	at org.apache.hadoop.hdds.protocol.proto.ScmBlockLocationProtocolProtos$ScmBlockLocationProtocolService$2.callBlockingMethod(ScmBlockLocationProtocolProtos.java:13157)
	at org.apache.hadoop.ipc.ProtobufRpcEngine$Server$ProtoBufRpcInvoker.call(ProtobufRpcEngine.java:524)
	at org.apache.hadoop.ipc.RPC$Server.call(RPC.java:1025)
	at org.apache.hadoop.ipc.Server$RpcCall.run(Server.java:876)
	at org.apache.hadoop.ipc.Server$RpcCall.run(Server.java:822)
	at java.security.AccessController.doPrivileged(Native Method)
	at javax.security.auth.Subject.doAs(Subject.java:422)
	at org.apache.hadoop.security.UserGroupInformation.doAs(UserGroupInformation.java:1730)
	at org.apache.hadoop.ipc.Server$Handler.run(Server.java:2682)
2019-11-13 05:09:48,554 [IPC Server handler 14 on 43715] INFO  block.BlockManagerImpl (BlockManagerImpl.java:allocateBlock(212)) - Could not find available pipeline of type:RATIS and factor:THREE even after retrying
2019-11-13 05:09:48,554 [IPC Server handler 14 on 43715] ERROR block.BlockManagerImpl (BlockManagerImpl.java:allocateBlock(236)) - Unable to allocate a block for the size: 4194304, type: RATIS, factor: THREE
2019-11-13 05:09:48,555 [IPC Server handler 14 on 43715] WARN  block.BlockManagerImpl (BlockManagerImpl.java:allocateBlock(200)) - Pipeline creation failed for type:RATIS factor:THREE. Retrying get pipelines call once.
org.apache.hadoop.hdds.scm.pipeline.InsufficientDatanodesException: Cannot create pipeline of factor 3 using 0 nodes.
	at org.apache.hadoop.hdds.scm.pipeline.RatisPipelineProvider.create(RatisPipelineProvider.java:153)
	at org.apache.hadoop.hdds.scm.pipeline.PipelineFactory.create(PipelineFactory.java:58)
	at org.apache.hadoop.hdds.scm.pipeline.SCMPipelineManager.createPipeline(SCMPipelineManager.java:155)
	at org.apache.hadoop.hdds.scm.block.BlockManagerImpl.allocateBlock(BlockManagerImpl.java:198)
	at org.apache.hadoop.hdds.scm.server.SCMBlockProtocolServer.allocateBlock(SCMBlockProtocolServer.java:187)
	at org.apache.hadoop.hdds.scm.protocol.ScmBlockLocationProtocolServerSideTranslatorPB.allocateScmBlock(ScmBlockLocationProtocolServerSideTranslatorPB.java:159)
	at org.apache.hadoop.hdds.scm.protocol.ScmBlockLocationProtocolServerSideTranslatorPB.processMessage(ScmBlockLocationProtocolServerSideTranslatorPB.java:117)
	at org.apache.hadoop.hdds.server.OzoneProtocolMessageDispatcher.processRequest(OzoneProtocolMessageDispatcher.java:72)
	at org.apache.hadoop.hdds.scm.protocol.ScmBlockLocationProtocolServerSideTranslatorPB.send(ScmBlockLocationProtocolServerSideTranslatorPB.java:98)
	at org.apache.hadoop.hdds.protocol.proto.ScmBlockLocationProtocolProtos$ScmBlockLocationProtocolService$2.callBlockingMethod(ScmBlockLocationProtocolProtos.java:13157)
	at org.apache.hadoop.ipc.ProtobufRpcEngine$Server$ProtoBufRpcInvoker.call(ProtobufRpcEngine.java:524)
	at org.apache.hadoop.ipc.RPC$Server.call(RPC.java:1025)
	at org.apache.hadoop.ipc.Server$RpcCall.run(Server.java:876)
	at org.apache.hadoop.ipc.Server$RpcCall.run(Server.java:822)
	at java.security.AccessController.doPrivileged(Native Method)
	at javax.security.auth.Subject.doAs(Subject.java:422)
	at org.apache.hadoop.security.UserGroupInformation.doAs(UserGroupInformation.java:1730)
	at org.apache.hadoop.ipc.Server$Handler.run(Server.java:2682)
2019-11-13 05:09:48,555 [IPC Server handler 14 on 43715] INFO  block.BlockManagerImpl (BlockManagerImpl.java:allocateBlock(212)) - Could not find available pipeline of type:RATIS and factor:THREE even after retrying
2019-11-13 05:09:48,556 [IPC Server handler 14 on 43715] ERROR block.BlockManagerImpl (BlockManagerImpl.java:allocateBlock(236)) - Unable to allocate a block for the size: 4194304, type: RATIS, factor: THREE
2019-11-13 05:09:48,560 [pool-59-thread-1] ERROR freon.RandomKeyGenerator (RandomKeyGenerator.java:createKey(735)) - Exception while adding key: key-0-67483 in bucket: bucket-0-67429 of volume: vol-0-50139.
INTERNAL_ERROR org.apache.hadoop.ozone.om.exceptions.OMException: Allocated 0 blocks. Requested 5 blocks
	at org.apache.hadoop.ozone.om.protocolPB.OzoneManagerProtocolClientSideTranslatorPB.handleError(OzoneManagerProtocolClientSideTranslatorPB.java:761)
	at org.apache.hadoop.ozone.om.protocolPB.OzoneManagerProtocolClientSideTranslatorPB.openKey(OzoneManagerProtocolClientSideTranslatorPB.java:752)
	at sun.reflect.NativeMethodAccessorImpl.invoke0(Native Method)
	at sun.reflect.NativeMethodAccessorImpl.invoke(NativeMethodAccessorImpl.java:62)
	at sun.reflect.DelegatingMethodAccessorImpl.invoke(DelegatingMethodAccessorImpl.java:43)
	at java.lang.reflect.Method.invoke(Method.java:498)
	at org.apache.hadoop.hdds.tracing.TraceAllMethod.invoke(TraceAllMethod.java:66)
	at com.sun.proxy.$Proxy37.openKey(Unknown Source)
	at org.apache.hadoop.ozone.client.rpc.RpcClient.createKey(RpcClient.java:634)
	at org.apache.hadoop.ozone.client.OzoneBucket.createKey(OzoneBucket.java:325)
	at org.apache.hadoop.ozone.freon.RandomKeyGenerator.createKey(RandomKeyGenerator.java:697)
	at org.apache.hadoop.ozone.freon.RandomKeyGenerator.access$1100(RandomKeyGenerator.java:88)
	at org.apache.hadoop.ozone.freon.RandomKeyGenerator$ObjectCreator.run(RandomKeyGenerator.java:615)
	at java.util.concurrent.Executors$RunnableAdapter.call(Executors.java:511)
	at java.util.concurrent.FutureTask.run(FutureTask.java:266)
	at java.util.concurrent.ThreadPoolExecutor.runWorker(ThreadPoolExecutor.java:1149)
	at java.util.concurrent.ThreadPoolExecutor$Worker.run(ThreadPoolExecutor.java:624)
	at java.lang.Thread.run(Thread.java:748)
 0.00% |?                                                                                                    |  0/1 Time: 0:00:01 0.00% |?                                                                                                    |  0/1 Time: 0:00:02 0.00% |?                                                                                                    |  0/1 Time: 0:00:03 0.00% |?                                                                                                    |  0/1 Time: 0:00:042019-11-13 05:09:53,450 [Thread-497] INFO  impl.FollowerState (FollowerState.java:run(111)) - 48f146a6-a5be-49c8-b3b4-aad85ee41d4c@group-86A4AE56CEEF-FollowerState: change to CANDIDATE, lastRpcTime:5079ms, electionTimeout:5079ms
2019-11-13 05:09:53,450 [Thread-497] INFO  impl.RoleInfo (RoleInfo.java:shutdownFollowerState(121)) - 48f146a6-a5be-49c8-b3b4-aad85ee41d4c: shutdown FollowerState
2019-11-13 05:09:53,450 [Thread-497] INFO  impl.RaftServerImpl (RaftServerImpl.java:setRole(173)) - 48f146a6-a5be-49c8-b3b4-aad85ee41d4c@group-86A4AE56CEEF: changes role from  FOLLOWER to CANDIDATE at term 0 for changeToCandidate
2019-11-13 05:09:53,450 [Thread-497] INFO  impl.RoleInfo (RoleInfo.java:updateAndGet(143)) - 48f146a6-a5be-49c8-b3b4-aad85ee41d4c: start LeaderElection
 100.00% |?????????????????????????????????????????????????????????????????????????????????????????????????????|  1/1 Time: 0:00:05
2019-11-13 05:09:53,475 [48f146a6-a5be-49c8-b3b4-aad85ee41d4c@group-86A4AE56CEEF-LeaderElection8] INFO  impl.LeaderElection (LeaderElection.java:askForVotes(178)) - 48f146a6-a5be-49c8-b3b4-aad85ee41d4c@group-86A4AE56CEEF-LeaderElection8: begin an election at term 1 for -1: [48f146a6-a5be-49c8-b3b4-aad85ee41d4c:192.168.34.45:37974, a2052f7e-d3c3-4622-93e6-57af3c07b0b9:192.168.34.45:36888, 7becc6a6-c060-4129-a788-e926a86fd29a:192.168.34.45:40536], old=null
2019-11-13 05:09:53,481 [grpc-default-executor-2] INFO  impl.RaftServerImpl (RaftServerImpl.java:setRole(173)) - a2052f7e-d3c3-4622-93e6-57af3c07b0b9@group-86A4AE56CEEF: changes role from  FOLLOWER to FOLLOWER at term 1 for recognizeCandidate:48f146a6-a5be-49c8-b3b4-aad85ee41d4c
2019-11-13 05:09:53,482 [grpc-default-executor-3] INFO  impl.RaftServerImpl (RaftServerImpl.java:setRole(173)) - 7becc6a6-c060-4129-a788-e926a86fd29a@group-86A4AE56CEEF: changes role from  FOLLOWER to FOLLOWER at term 1 for recognizeCandidate:48f146a6-a5be-49c8-b3b4-aad85ee41d4c
2019-11-13 05:09:53,482 [grpc-default-executor-2] INFO  impl.RoleInfo (RoleInfo.java:shutdownFollowerState(121)) - a2052f7e-d3c3-4622-93e6-57af3c07b0b9: shutdown FollowerState
2019-11-13 05:09:53,482 [grpc-default-executor-3] INFO  impl.RoleInfo (RoleInfo.java:shutdownFollowerState(121)) - 7becc6a6-c060-4129-a788-e926a86fd29a: shutdown FollowerState
2019-11-13 05:09:53,482 [Thread-498] INFO  impl.FollowerState (FollowerState.java:run(120)) - a2052f7e-d3c3-4622-93e6-57af3c07b0b9@group-86A4AE56CEEF-FollowerState was interrupted: java.lang.InterruptedException: sleep interrupted
2019-11-13 05:09:53,482 [Thread-493] INFO  impl.FollowerState (FollowerState.java:run(120)) - 7becc6a6-c060-4129-a788-e926a86fd29a@group-86A4AE56CEEF-FollowerState was interrupted: java.lang.InterruptedException: sleep interrupted
2019-11-13 05:09:53,482 [grpc-default-executor-3] INFO  impl.RoleInfo (RoleInfo.java:updateAndGet(143)) - 7becc6a6-c060-4129-a788-e926a86fd29a: start FollowerState
2019-11-13 05:09:53,482 [grpc-default-executor-2] INFO  impl.RoleInfo (RoleInfo.java:updateAndGet(143)) - a2052f7e-d3c3-4622-93e6-57af3c07b0b9: start FollowerState
2019-11-13 05:09:53,493 [48f146a6-a5be-49c8-b3b4-aad85ee41d4c@group-86A4AE56CEEF-LeaderElection8] INFO  impl.LeaderElection (LeaderElection.java:logAndReturn(56)) - 48f146a6-a5be-49c8-b3b4-aad85ee41d4c@group-86A4AE56CEEF-LeaderElection8: Election PASSED; received 1 response(s) [48f146a6-a5be-49c8-b3b4-aad85ee41d4c<-7becc6a6-c060-4129-a788-e926a86fd29a#0:OK-t1] and 0 exception(s); 48f146a6-a5be-49c8-b3b4-aad85ee41d4c@group-86A4AE56CEEF:t1, leader=null, voted=48f146a6-a5be-49c8-b3b4-aad85ee41d4c, raftlog=48f146a6-a5be-49c8-b3b4-aad85ee41d4c@group-86A4AE56CEEF-SegmentedRaftLog:OPENED:c-1,f-1,i0, conf=-1: [48f146a6-a5be-49c8-b3b4-aad85ee41d4c:192.168.34.45:37974, a2052f7e-d3c3-4622-93e6-57af3c07b0b9:192.168.34.45:36888, 7becc6a6-c060-4129-a788-e926a86fd29a:192.168.34.45:40536], old=null
2019-11-13 05:09:53,494 [48f146a6-a5be-49c8-b3b4-aad85ee41d4c@group-86A4AE56CEEF-LeaderElection8] INFO  impl.RoleInfo (RoleInfo.java:shutdownLeaderElection(134)) - 48f146a6-a5be-49c8-b3b4-aad85ee41d4c: shutdown LeaderElection
2019-11-13 05:09:53,495 [48f146a6-a5be-49c8-b3b4-aad85ee41d4c@group-86A4AE56CEEF-LeaderElection8] INFO  impl.RaftServerImpl (RaftServerImpl.java:setRole(173)) - 48f146a6-a5be-49c8-b3b4-aad85ee41d4c@group-86A4AE56CEEF: changes role from CANDIDATE to LEADER at term 1 for changeToLeader
2019-11-13 05:09:53,495 [48f146a6-a5be-49c8-b3b4-aad85ee41d4c@group-86A4AE56CEEF-LeaderElection8] INFO  ratis.XceiverServerRatis (XceiverServerRatis.java:handleLeaderChangedNotification(697)) - Leader change notification received for group: group-86A4AE56CEEF with new leaderId: 48f146a6-a5be-49c8-b3b4-aad85ee41d4c
2019-11-13 05:09:53,495 [48f146a6-a5be-49c8-b3b4-aad85ee41d4c@group-86A4AE56CEEF-LeaderElection8] INFO  impl.RaftServerImpl (ServerState.java:setLeader(255)) - 48f146a6-a5be-49c8-b3b4-aad85ee41d4c@group-86A4AE56CEEF: change Leader from null to 48f146a6-a5be-49c8-b3b4-aad85ee41d4c at term 1 for becomeLeader, leader elected after 5138ms
2019-11-13 05:09:53,495 [48f146a6-a5be-49c8-b3b4-aad85ee41d4c@group-86A4AE56CEEF-LeaderElection8] INFO  server.RaftServerConfigKeys (ConfUtils.java:logGet(43)) - raft.server.staging.catchup.gap = 1000 (default)
2019-11-13 05:09:53,496 [48f146a6-a5be-49c8-b3b4-aad85ee41d4c@group-86A4AE56CEEF-LeaderElection8] INFO  server.RaftServerConfigKeys (ConfUtils.java:logGet(43)) - raft.server.rpc.sleep.time = 25ms (default)
2019-11-13 05:09:53,496 [48f146a6-a5be-49c8-b3b4-aad85ee41d4c@group-86A4AE56CEEF-LeaderElection8] INFO  server.RaftServerConfigKeys (ConfUtils.java:logGet(43)) - raft.server.write.element-limit = 4096 (default)
2019-11-13 05:09:53,496 [48f146a6-a5be-49c8-b3b4-aad85ee41d4c@group-86A4AE56CEEF-LeaderElection8] INFO  server.RaftServerConfigKeys (ConfUtils.java:logGet(43)) - raft.server.watch.timeout = 10s (default)
2019-11-13 05:09:53,496 [48f146a6-a5be-49c8-b3b4-aad85ee41d4c@group-86A4AE56CEEF-LeaderElection8] INFO  server.RaftServerConfigKeys (ConfUtils.java:logGet(43)) - raft.server.watch.timeout.denomination = 1s (default)
2019-11-13 05:09:53,496 [48f146a6-a5be-49c8-b3b4-aad85ee41d4c@group-86A4AE56CEEF-LeaderElection8] INFO  server.RaftServerConfigKeys (ConfUtils.java:logGet(43)) - raft.server.watch.element-limit = 65536 (default)
2019-11-13 05:09:53,497 [48f146a6-a5be-49c8-b3b4-aad85ee41d4c@group-86A4AE56CEEF-LeaderElection8] INFO  server.RaftServerConfigKeys (ConfUtils.java:logGet(43)) - raft.server.log.appender.snapshot.chunk.size.max = 16MB (=16777216) (default)
2019-11-13 05:09:53,497 [48f146a6-a5be-49c8-b3b4-aad85ee41d4c@group-86A4AE56CEEF-LeaderElection8] INFO  server.RaftServerConfigKeys (ConfUtils.java:logGet(43)) - raft.server.log.appender.buffer.byte-limit = 33554432 (custom)
2019-11-13 05:09:53,497 [EventQueue-PipelineReportForPipelineReportHandler] INFO  pipeline.PipelineStateManager (PipelineStateManager.java:openPipeline(134)) - Pipeline Pipeline[ Id: c0cd80d0-e8e0-45f1-848f-86a4ae56ceef, Nodes: 48f146a6-a5be-49c8-b3b4-aad85ee41d4c{ip: 192.168.34.45, host: trunk-nightly-20191113-wdxpm-1799726093, networkLocation: /default-rack, certSerialId: null}7becc6a6-c060-4129-a788-e926a86fd29a{ip: 192.168.34.45, host: trunk-nightly-20191113-wdxpm-1799726093, networkLocation: /default-rack, certSerialId: null}a2052f7e-d3c3-4622-93e6-57af3c07b0b9{ip: 192.168.34.45, host: trunk-nightly-20191113-wdxpm-1799726093, networkLocation: /default-rack, certSerialId: null}, Type:RATIS, Factor:THREE, State:OPEN] moved to OPEN state
2019-11-13 05:09:53,497 [48f146a6-a5be-49c8-b3b4-aad85ee41d4c@group-86A4AE56CEEF-LeaderElection8] INFO  server.RaftServerConfigKeys (ConfUtils.java:logGet(43)) - raft.server.log.appender.buffer.element-limit = 1 (custom)
2019-11-13 05:09:53,502 [48f146a6-a5be-49c8-b3b4-aad85ee41d4c@group-86A4AE56CEEF-LeaderElection8] INFO  grpc.GrpcConfigKeys$Server (ConfUtils.java:logGet(43)) - raft.grpc.server.leader.outstanding.appends.max = 128 (default)
2019-11-13 05:09:53,503 [48f146a6-a5be-49c8-b3b4-aad85ee41d4c@group-86A4AE56CEEF-LeaderElection8] INFO  server.RaftServerConfigKeys (ConfUtils.java:logGet(43)) - raft.server.rpc.request.timeout = 3000ms (default)
2019-11-13 05:09:53,504 [48f146a6-a5be-49c8-b3b4-aad85ee41d4c@group-86A4AE56CEEF-LeaderElection8] INFO  server.RaftServerConfigKeys (ConfUtils.java:logGet(43)) - raft.server.log.appender.install.snapshot.enabled = false (custom)
2019-11-13 05:09:53,504 [48f146a6-a5be-49c8-b3b4-aad85ee41d4c@group-86A4AE56CEEF-LeaderElection8] WARN  impl.MetricRegistriesImpl (MetricRegistriesImpl.java:lambda$create$1(61)) - First MetricRegistry has been created without registering reporters. You may need to call MetricRegistries.global().addReportRegistration(...) before.
2019-11-13 05:09:53,504 [48f146a6-a5be-49c8-b3b4-aad85ee41d4c@group-86A4AE56CEEF-LeaderElection8] INFO  server.RaftServerConfigKeys (ConfUtils.java:logGet(43)) - raft.server.log.appender.snapshot.chunk.size.max = 16MB (=16777216) (default)
2019-11-13 05:09:53,504 [48f146a6-a5be-49c8-b3b4-aad85ee41d4c@group-86A4AE56CEEF-LeaderElection8] INFO  server.RaftServerConfigKeys (ConfUtils.java:logGet(43)) - raft.server.log.appender.buffer.byte-limit = 33554432 (custom)
2019-11-13 05:09:53,504 [48f146a6-a5be-49c8-b3b4-aad85ee41d4c@group-86A4AE56CEEF-LeaderElection8] INFO  server.RaftServerConfigKeys (ConfUtils.java:logGet(43)) - raft.server.log.appender.buffer.element-limit = 1 (custom)
2019-11-13 05:09:53,505 [48f146a6-a5be-49c8-b3b4-aad85ee41d4c@group-86A4AE56CEEF-LeaderElection8] INFO  grpc.GrpcConfigKeys$Server (ConfUtils.java:logGet(43)) - raft.grpc.server.leader.outstanding.appends.max = 128 (default)
2019-11-13 05:09:53,505 [48f146a6-a5be-49c8-b3b4-aad85ee41d4c@group-86A4AE56CEEF-LeaderElection8] INFO  server.RaftServerConfigKeys (ConfUtils.java:logGet(43)) - raft.server.rpc.request.timeout = 3000ms (default)
2019-11-13 05:09:53,505 [48f146a6-a5be-49c8-b3b4-aad85ee41d4c@group-86A4AE56CEEF-LeaderElection8] INFO  server.RaftServerConfigKeys (ConfUtils.java:logGet(43)) - raft.server.log.appender.install.snapshot.enabled = false (custom)
2019-11-13 05:09:53,505 [48f146a6-a5be-49c8-b3b4-aad85ee41d4c@group-86A4AE56CEEF-LeaderElection8] INFO  impl.RoleInfo (RoleInfo.java:updateAndGet(143)) - 48f146a6-a5be-49c8-b3b4-aad85ee41d4c: start LeaderState
2019-11-13 05:09:53,506 [48f146a6-a5be-49c8-b3b4-aad85ee41d4c@group-86A4AE56CEEF-LeaderElection8] INFO  segmented.SegmentedRaftLogWorker (SegmentedRaftLogWorker.java:startLogSegment(385)) - 48f146a6-a5be-49c8-b3b4-aad85ee41d4c@group-86A4AE56CEEF-SegmentedRaftLogWorker: Starting segment from index:0
2019-11-13 05:09:53,507 [48f146a6-a5be-49c8-b3b4-aad85ee41d4c@group-86A4AE56CEEF-LeaderElection8] INFO  impl.RaftServerImpl (ServerState.java:setRaftConf(356)) - 48f146a6-a5be-49c8-b3b4-aad85ee41d4c@group-86A4AE56CEEF: set configuration 0: [48f146a6-a5be-49c8-b3b4-aad85ee41d4c:192.168.34.45:37974, a2052f7e-d3c3-4622-93e6-57af3c07b0b9:192.168.34.45:36888, 7becc6a6-c060-4129-a788-e926a86fd29a:192.168.34.45:40536], old=null at 0
2019-11-13 05:09:53,550 [grpc-default-executor-3] INFO  ratis.XceiverServerRatis (XceiverServerRatis.java:handleLeaderChangedNotification(697)) - Leader change notification received for group: group-86A4AE56CEEF with new leaderId: 48f146a6-a5be-49c8-b3b4-aad85ee41d4c
2019-11-13 05:09:53,551 [grpc-default-executor-3] INFO  impl.RaftServerImpl (ServerState.java:setLeader(255)) - 7becc6a6-c060-4129-a788-e926a86fd29a@group-86A4AE56CEEF: change Leader from null to 48f146a6-a5be-49c8-b3b4-aad85ee41d4c at term 1 for appendEntries, leader elected after 5193ms
2019-11-13 05:09:53,551 [grpc-default-executor-2] INFO  ratis.XceiverServerRatis (XceiverServerRatis.java:handleLeaderChangedNotification(697)) - Leader change notification received for group: group-86A4AE56CEEF with new leaderId: 48f146a6-a5be-49c8-b3b4-aad85ee41d4c
2019-11-13 05:09:53,552 [grpc-default-executor-2] INFO  impl.RaftServerImpl (ServerState.java:setLeader(255)) - a2052f7e-d3c3-4622-93e6-57af3c07b0b9@group-86A4AE56CEEF: change Leader from null to 48f146a6-a5be-49c8-b3b4-aad85ee41d4c at term 1 for appendEntries, leader elected after 5193ms
2019-11-13 05:09:53,557 [grpc-default-executor-3] INFO  impl.RaftServerImpl (ServerState.java:setRaftConf(356)) - 7becc6a6-c060-4129-a788-e926a86fd29a@group-86A4AE56CEEF: set configuration 0: [48f146a6-a5be-49c8-b3b4-aad85ee41d4c:192.168.34.45:37974, a2052f7e-d3c3-4622-93e6-57af3c07b0b9:192.168.34.45:36888, 7becc6a6-c060-4129-a788-e926a86fd29a:192.168.34.45:40536], old=null at 0
2019-11-13 05:09:53,557 [grpc-default-executor-3] INFO  segmented.SegmentedRaftLogWorker (SegmentedRaftLogWorker.java:startLogSegment(385)) - 7becc6a6-c060-4129-a788-e926a86fd29a@group-86A4AE56CEEF-SegmentedRaftLogWorker: Starting segment from index:0
2019-11-13 05:09:53,558 [48f146a6-a5be-49c8-b3b4-aad85ee41d4c@group-86A4AE56CEEF-SegmentedRaftLogWorker] INFO  segmented.SegmentedRaftLogWorker (SegmentedRaftLogWorker.java:execute(576)) - 48f146a6-a5be-49c8-b3b4-aad85ee41d4c@group-86A4AE56CEEF-SegmentedRaftLogWorker: created new log segment /workdir/hadoop-ozone/tools/target/test-dir/MiniOzoneClusterImpl-057fdede-c001-40ca-aad2-2ca72f5b0309/datanode-2/data/ratis/c0cd80d0-e8e0-45f1-848f-86a4ae56ceef/current/log_inprogress_0
2019-11-13 05:09:53,558 [grpc-default-executor-2] INFO  impl.RaftServerImpl (ServerState.java:setRaftConf(356)) - a2052f7e-d3c3-4622-93e6-57af3c07b0b9@group-86A4AE56CEEF: set configuration 0: [48f146a6-a5be-49c8-b3b4-aad85ee41d4c:192.168.34.45:37974, a2052f7e-d3c3-4622-93e6-57af3c07b0b9:192.168.34.45:36888, 7becc6a6-c060-4129-a788-e926a86fd29a:192.168.34.45:40536], old=null at 0
2019-11-13 05:09:53,558 [grpc-default-executor-2] INFO  segmented.SegmentedRaftLogWorker (SegmentedRaftLogWorker.java:startLogSegment(385)) - a2052f7e-d3c3-4622-93e6-57af3c07b0b9@group-86A4AE56CEEF-SegmentedRaftLogWorker: Starting segment from index:0
2019-11-13 05:09:53,597 [a2052f7e-d3c3-4622-93e6-57af3c07b0b9@group-86A4AE56CEEF-SegmentedRaftLogWorker] INFO  segmented.SegmentedRaftLogWorker (SegmentedRaftLogWorker.java:execute(576)) - a2052f7e-d3c3-4622-93e6-57af3c07b0b9@group-86A4AE56CEEF-SegmentedRaftLogWorker: created new log segment /workdir/hadoop-ozone/tools/target/test-dir/MiniOzoneClusterImpl-057fdede-c001-40ca-aad2-2ca72f5b0309/datanode-1/data/ratis/c0cd80d0-e8e0-45f1-848f-86a4ae56ceef/current/log_inprogress_0
2019-11-13 05:09:53,600 [7becc6a6-c060-4129-a788-e926a86fd29a@group-86A4AE56CEEF-SegmentedRaftLogWorker] INFO  segmented.SegmentedRaftLogWorker (SegmentedRaftLogWorker.java:execute(576)) - 7becc6a6-c060-4129-a788-e926a86fd29a@group-86A4AE56CEEF-SegmentedRaftLogWorker: created new log segment /workdir/hadoop-ozone/tools/target/test-dir/MiniOzoneClusterImpl-057fdede-c001-40ca-aad2-2ca72f5b0309/datanode-0/data/ratis/c0cd80d0-e8e0-45f1-848f-86a4ae56ceef/current/log_inprogress_0
]]></system-out>
    <system-err><![CDATA[ERROR StatusLogger No Log4j 2 configuration file found. Using default configuration (logging only errors to the console), or user programmatically provided configurations. Set system property 'log4j2.debug' to show Log4j 2 internal initialization logging. See https://logging.apache.org/log4j/2.x/manual/configuration.html for instructions on how to configure Log4j 2
]]></system-err>
  </testcase>
</testsuite>