<?xml version="1.0" encoding="UTF-8"?>
<testsuite xmlns:xsi="http://www.w3.org/2001/XMLSchema-instance" xsi:noNamespaceSchemaLocation="https://maven.apache.org/surefire/maven-surefire-plugin/xsd/surefire-test-report.xsd" name="org.apache.hadoop.fs.ozone.TestOzoneFileSystem" time="266.45" tests="8" errors="1" skipped="0" failures="0">
  <properties>
    <property name="awt.toolkit" value="sun.awt.X11.XToolkit"/>
    <property name="file.encoding.pkg" value="sun.io"/>
    <property name="java.specification.version" value="1.8"/>
    <property name="sun.cpu.isalist" value=""/>
    <property name="sun.jnu.encoding" value="ANSI_X3.4-1968"/>
    <property name="java.class.path" value="/workdir/hadoop-ozone/ozonefs/target/test-classes:/workdir/hadoop-ozone/ozonefs/target/classes:/home/user/.m2/repository/org/apache/hadoop/hadoop-common/3.2.0/hadoop-common-3.2.0.jar:/home/user/.m2/repository/org/apache/hadoop/hadoop-annotations/3.2.0/hadoop-annotations-3.2.0.jar:/usr/lib/jvm/java-1.8.0-openjdk-1.8.0.222.b10-1.el7_7.x86_64/jre/../lib/tools.jar:/home/user/.m2/repository/com/google/guava/guava/11.0.2/guava-11.0.2.jar:/home/user/.m2/repository/commons-cli/commons-cli/1.2/commons-cli-1.2.jar:/home/user/.m2/repository/org/apache/commons/commons-math3/3.1.1/commons-math3-3.1.1.jar:/home/user/.m2/repository/commons-codec/commons-codec/1.11/commons-codec-1.11.jar:/home/user/.m2/repository/commons-io/commons-io/2.5/commons-io-2.5.jar:/home/user/.m2/repository/commons-net/commons-net/3.6/commons-net-3.6.jar:/home/user/.m2/repository/commons-collections/commons-collections/3.2.2/commons-collections-3.2.2.jar:/home/user/.m2/repository/javax/servlet/javax.servlet-api/3.1.0/javax.servlet-api-3.1.0.jar:/home/user/.m2/repository/org/eclipse/jetty/jetty-server/9.3.25.v20180904/jetty-server-9.3.25.v20180904.jar:/home/user/.m2/repository/org/eclipse/jetty/jetty-http/9.3.25.v20180904/jetty-http-9.3.25.v20180904.jar:/home/user/.m2/repository/org/eclipse/jetty/jetty-io/9.3.25.v20180904/jetty-io-9.3.25.v20180904.jar:/home/user/.m2/repository/org/eclipse/jetty/jetty-util/9.3.25.v20180904/jetty-util-9.3.25.v20180904.jar:/home/user/.m2/repository/org/eclipse/jetty/jetty-servlet/9.3.25.v20180904/jetty-servlet-9.3.25.v20180904.jar:/home/user/.m2/repository/org/eclipse/jetty/jetty-security/9.3.25.v20180904/jetty-security-9.3.25.v20180904.jar:/home/user/.m2/repository/org/eclipse/jetty/jetty-webapp/9.3.25.v20180904/jetty-webapp-9.3.25.v20180904.jar:/home/user/.m2/repository/org/eclipse/jetty/jetty-xml/9.3.25.v20180904/jetty-xml-9.3.25.v20180904.jar:/home/user/.m2/repository/javax/servlet/jsp/jsp-api/2.1/jsp-api-2.1.jar:/home/user/.m2/repository/com/sun/jersey/jersey-core/1.19/jersey-core-1.19.jar:/home/user/.m2/repository/javax/ws/rs/jsr311-api/1.1.1/jsr311-api-1.1.1.jar:/home/user/.m2/repository/com/sun/jersey/jersey-servlet/1.19/jersey-servlet-1.19.jar:/home/user/.m2/repository/com/sun/jersey/jersey-json/1.19/jersey-json-1.19.jar:/home/user/.m2/repository/org/codehaus/jettison/jettison/1.1/jettison-1.1.jar:/home/user/.m2/repository/com/sun/xml/bind/jaxb-impl/2.3.0.1/jaxb-impl-2.3.0.1.jar:/home/user/.m2/repository/org/codehaus/jackson/jackson-core-asl/1.9.13/jackson-core-asl-1.9.13.jar:/home/user/.m2/repository/org/codehaus/jackson/jackson-mapper-asl/1.9.13/jackson-mapper-asl-1.9.13.jar:/home/user/.m2/repository/org/codehaus/jackson/jackson-jaxrs/1.9.13/jackson-jaxrs-1.9.13.jar:/home/user/.m2/repository/org/codehaus/jackson/jackson-xc/1.9.13/jackson-xc-1.9.13.jar:/home/user/.m2/repository/com/sun/jersey/jersey-server/1.19/jersey-server-1.19.jar:/home/user/.m2/repository/commons-logging/commons-logging/1.1.3/commons-logging-1.1.3.jar:/home/user/.m2/repository/log4j/log4j/1.2.17/log4j-1.2.17.jar:/home/user/.m2/repository/commons-beanutils/commons-beanutils/1.9.4/commons-beanutils-1.9.4.jar:/home/user/.m2/repository/org/apache/commons/commons-configuration2/2.1.1/commons-configuration2-2.1.1.jar:/home/user/.m2/repository/org/apache/commons/commons-lang3/3.7/commons-lang3-3.7.jar:/home/user/.m2/repository/org/apache/commons/commons-text/1.4/commons-text-1.4.jar:/home/user/.m2/repository/org/slf4j/slf4j-api/1.7.25/slf4j-api-1.7.25.jar:/home/user/.m2/repository/org/slf4j/slf4j-log4j12/1.7.25/slf4j-log4j12-1.7.25.jar:/home/user/.m2/repository/org/apache/avro/avro/1.7.7/avro-1.7.7.jar:/home/user/.m2/repository/com/thoughtworks/paranamer/paranamer/2.3/paranamer-2.3.jar:/home/user/.m2/repository/org/xerial/snappy/snappy-java/1.0.5/snappy-java-1.0.5.jar:/home/user/.m2/repository/com/google/re2j/re2j/1.1/re2j-1.1.jar:/home/user/.m2/repository/com/google/protobuf/protobuf-java/2.5.0/protobuf-java-2.5.0.jar:/home/user/.m2/repository/com/google/code/gson/gson/2.2.4/gson-2.2.4.jar:/home/user/.m2/repository/org/apache/hadoop/hadoop-auth/3.2.0/hadoop-auth-3.2.0.jar:/home/user/.m2/repository/com/nimbusds/nimbus-jose-jwt/4.41.1/nimbus-jose-jwt-4.41.1.jar:/home/user/.m2/repository/com/github/stephenc/jcip/jcip-annotations/1.0-1/jcip-annotations-1.0-1.jar:/home/user/.m2/repository/net/minidev/json-smart/2.3/json-smart-2.3.jar:/home/user/.m2/repository/net/minidev/accessors-smart/1.2/accessors-smart-1.2.jar:/home/user/.m2/repository/org/apache/curator/curator-framework/2.12.0/curator-framework-2.12.0.jar:/home/user/.m2/repository/com/jcraft/jsch/0.1.54/jsch-0.1.54.jar:/home/user/.m2/repository/org/apache/curator/curator-client/2.12.0/curator-client-2.12.0.jar:/home/user/.m2/repository/org/apache/curator/curator-recipes/2.12.0/curator-recipes-2.12.0.jar:/home/user/.m2/repository/com/google/code/findbugs/jsr305/3.0.0/jsr305-3.0.0.jar:/home/user/.m2/repository/org/apache/htrace/htrace-core4/4.1.0-incubating/htrace-core4-4.1.0-incubating.jar:/home/user/.m2/repository/org/apache/zookeeper/zookeeper/3.4.13/zookeeper-3.4.13.jar:/home/user/.m2/repository/jline/jline/0.9.94/jline-0.9.94.jar:/home/user/.m2/repository/org/apache/yetus/audience-annotations/0.5.0/audience-annotations-0.5.0.jar:/home/user/.m2/repository/org/apache/commons/commons-compress/1.4.1/commons-compress-1.4.1.jar:/home/user/.m2/repository/org/tukaani/xz/1.0/xz-1.0.jar:/home/user/.m2/repository/org/apache/kerby/kerb-simplekdc/1.0.1/kerb-simplekdc-1.0.1.jar:/home/user/.m2/repository/org/apache/kerby/kerb-client/1.0.1/kerb-client-1.0.1.jar:/home/user/.m2/repository/org/apache/kerby/kerby-config/1.0.1/kerby-config-1.0.1.jar:/home/user/.m2/repository/org/apache/kerby/kerb-core/1.0.1/kerb-core-1.0.1.jar:/home/user/.m2/repository/org/apache/kerby/kerby-pkix/1.0.1/kerby-pkix-1.0.1.jar:/home/user/.m2/repository/org/apache/kerby/kerby-asn1/1.0.1/kerby-asn1-1.0.1.jar:/home/user/.m2/repository/org/apache/kerby/kerby-util/1.0.1/kerby-util-1.0.1.jar:/home/user/.m2/repository/org/apache/kerby/kerb-common/1.0.1/kerb-common-1.0.1.jar:/home/user/.m2/repository/org/apache/kerby/kerb-crypto/1.0.1/kerb-crypto-1.0.1.jar:/home/user/.m2/repository/org/apache/kerby/kerb-util/1.0.1/kerb-util-1.0.1.jar:/home/user/.m2/repository/org/apache/kerby/token-provider/1.0.1/token-provider-1.0.1.jar:/home/user/.m2/repository/org/apache/kerby/kerb-admin/1.0.1/kerb-admin-1.0.1.jar:/home/user/.m2/repository/org/apache/kerby/kerb-server/1.0.1/kerb-server-1.0.1.jar:/home/user/.m2/repository/org/apache/kerby/kerb-identity/1.0.1/kerb-identity-1.0.1.jar:/home/user/.m2/repository/org/apache/kerby/kerby-xdr/1.0.1/kerby-xdr-1.0.1.jar:/home/user/.m2/repository/com/fasterxml/jackson/core/jackson-databind/2.9.9/jackson-databind-2.9.9.jar:/home/user/.m2/repository/com/fasterxml/jackson/core/jackson-annotations/2.9.9/jackson-annotations-2.9.9.jar:/home/user/.m2/repository/com/fasterxml/jackson/core/jackson-core/2.9.9/jackson-core-2.9.9.jar:/home/user/.m2/repository/org/codehaus/woodstox/stax2-api/3.1.4/stax2-api-3.1.4.jar:/home/user/.m2/repository/com/fasterxml/woodstox/woodstox-core/5.0.3/woodstox-core-5.0.3.jar:/home/user/.m2/repository/dnsjava/dnsjava/2.1.7/dnsjava-2.1.7.jar:/home/user/.m2/repository/org/apache/hadoop/hadoop-hdfs/3.2.0/hadoop-hdfs-3.2.0.jar:/home/user/.m2/repository/org/eclipse/jetty/jetty-util-ajax/9.3.25.v20180904/jetty-util-ajax-9.3.25.v20180904.jar:/home/user/.m2/repository/commons-daemon/commons-daemon/1.0.13/commons-daemon-1.0.13.jar:/home/user/.m2/repository/io/netty/netty/3.10.5.Final/netty-3.10.5.Final.jar:/home/user/.m2/repository/io/netty/netty-all/4.0.52.Final/netty-all-4.0.52.Final.jar:/home/user/.m2/repository/org/fusesource/leveldbjni/leveldbjni-all/1.8/leveldbjni-all-1.8.jar:/home/user/.m2/repository/org/apache/hadoop/hadoop-hdds-common/0.5.0-SNAPSHOT/hadoop-hdds-common-0.5.0-SNAPSHOT.jar:/home/user/.m2/repository/org/apache/hadoop/hadoop-hdds-config/0.5.0-SNAPSHOT/hadoop-hdds-config-0.5.0-SNAPSHOT.jar:/home/user/.m2/repository/javax/annotation/javax.annotation-api/1.2/javax.annotation-api-1.2.jar:/home/user/.m2/repository/org/apache/ratis/ratis-server/0.5.0-d6d58d0-SNAPSHOT/ratis-server-0.5.0-d6d58d0-SNAPSHOT.jar:/home/user/.m2/repository/org/apache/ratis/ratis-thirdparty-misc/0.2.0/ratis-thirdparty-misc-0.2.0.jar:/home/user/.m2/repository/org/apache/ratis/ratis-proto/0.5.0-d6d58d0-SNAPSHOT/ratis-proto-0.5.0-d6d58d0-SNAPSHOT.jar:/home/user/.m2/repository/org/apache/ratis/ratis-common/0.5.0-d6d58d0-SNAPSHOT/ratis-common-0.5.0-d6d58d0-SNAPSHOT.jar:/home/user/.m2/repository/org/apache/ratis/ratis-client/0.5.0-d6d58d0-SNAPSHOT/ratis-client-0.5.0-d6d58d0-SNAPSHOT.jar:/home/user/.m2/repository/org/apache/ratis/ratis-metrics/0.5.0-d6d58d0-SNAPSHOT/ratis-metrics-0.5.0-d6d58d0-SNAPSHOT.jar:/home/user/.m2/repository/org/apache/ratis/ratis-netty/0.5.0-d6d58d0-SNAPSHOT/ratis-netty-0.5.0-d6d58d0-SNAPSHOT.jar:/home/user/.m2/repository/org/apache/ratis/ratis-grpc/0.5.0-d6d58d0-SNAPSHOT/ratis-grpc-0.5.0-d6d58d0-SNAPSHOT.jar:/home/user/.m2/repository/org/rocksdb/rocksdbjni/6.0.1/rocksdbjni-6.0.1.jar:/home/user/.m2/repository/org/apache/logging/log4j/log4j-api/2.11.0/log4j-api-2.11.0.jar:/home/user/.m2/repository/org/apache/logging/log4j/log4j-core/2.11.0/log4j-core-2.11.0.jar:/home/user/.m2/repository/com/lmax/disruptor/3.4.2/disruptor-3.4.2.jar:/home/user/.m2/repository/org/apache/commons/commons-pool2/2.6.0/commons-pool2-2.6.0.jar:/home/user/.m2/repository/org/bouncycastle/bcpkix-jdk15on/1.60/bcpkix-jdk15on-1.60.jar:/home/user/.m2/repository/commons-validator/commons-validator/1.6/commons-validator-1.6.jar:/home/user/.m2/repository/commons-digester/commons-digester/1.8.1/commons-digester-1.8.1.jar:/home/user/.m2/repository/io/jaegertracing/jaeger-client/0.34.0/jaeger-client-0.34.0.jar:/home/user/.m2/repository/io/jaegertracing/jaeger-thrift/0.34.0/jaeger-thrift-0.34.0.jar:/home/user/.m2/repository/org/apache/thrift/libthrift/0.12.0/libthrift-0.12.0.jar:/home/user/.m2/repository/com/squareup/okhttp3/okhttp/3.9.0/okhttp-3.9.0.jar:/home/user/.m2/repository/com/squareup/okio/okio/1.13.0/okio-1.13.0.jar:/home/user/.m2/repository/io/jaegertracing/jaeger-core/0.34.0/jaeger-core-0.34.0.jar:/home/user/.m2/repository/io/jaegertracing/jaeger-tracerresolver/0.34.0/jaeger-tracerresolver-0.34.0.jar:/home/user/.m2/repository/io/opentracing/contrib/opentracing-tracerresolver/0.1.5/opentracing-tracerresolver-0.1.5.jar:/home/user/.m2/repository/io/opentracing/opentracing-util/0.31.0/opentracing-util-0.31.0.jar:/home/user/.m2/repository/io/opentracing/opentracing-api/0.31.0/opentracing-api-0.31.0.jar:/home/user/.m2/repository/io/opentracing/opentracing-noop/0.31.0/opentracing-noop-0.31.0.jar:/home/user/.m2/repository/org/yaml/snakeyaml/1.16/snakeyaml-1.16.jar:/home/user/.m2/repository/org/apache/hadoop/hadoop-hdfs-client/3.2.0/hadoop-hdfs-client-3.2.0.jar:/home/user/.m2/repository/info/picocli/picocli/3.9.6/picocli-3.9.6.jar:/home/user/.m2/repository/org/apache/hadoop/hadoop-hdds-server-scm/0.5.0-SNAPSHOT/hadoop-hdds-server-scm-0.5.0-SNAPSHOT.jar:/home/user/.m2/repository/org/apache/hadoop/hadoop-hdds-docs/0.5.0-SNAPSHOT/hadoop-hdds-docs-0.5.0-SNAPSHOT.jar:/home/user/.m2/repository/io/dropwizard/metrics/metrics-core/3.2.4/metrics-core-3.2.4.jar:/home/user/.m2/repository/org/hamcrest/hamcrest-all/1.3/hamcrest-all-1.3.jar:/home/user/.m2/repository/org/bouncycastle/bcprov-jdk15on/1.60/bcprov-jdk15on-1.60.jar:/home/user/.m2/repository/org/apache/hadoop/hadoop-hdds-server-framework/0.5.0-SNAPSHOT/hadoop-hdds-server-framework-0.5.0-SNAPSHOT.jar:/home/user/.m2/repository/org/apache/hadoop/hadoop-ozone-ozone-manager/0.5.0-SNAPSHOT/hadoop-ozone-ozone-manager-0.5.0-SNAPSHOT.jar:/home/user/.m2/repository/org/apache/hadoop/hadoop-hdds-container-service/0.5.0-SNAPSHOT/hadoop-hdds-container-service-0.5.0-SNAPSHOT.jar:/home/user/.m2/repository/org/apache/hadoop/hadoop-hdds-client/0.5.0-SNAPSHOT/hadoop-hdds-client-0.5.0-SNAPSHOT.jar:/home/user/.m2/repository/org/apache/hadoop/hadoop-ozone-common/0.5.0-SNAPSHOT/hadoop-ozone-common-0.5.0-SNAPSHOT.jar:/home/user/.m2/repository/org/apache/hadoop/hadoop-hdds-tools/0.5.0-SNAPSHOT/hadoop-hdds-tools-0.5.0-SNAPSHOT.jar:/home/user/.m2/repository/org/xerial/sqlite-jdbc/3.25.2/sqlite-jdbc-3.25.2.jar:/home/user/.m2/repository/org/apache/httpcomponents/httpclient/4.5.2/httpclient-4.5.2.jar:/home/user/.m2/repository/org/apache/httpcomponents/httpcore/4.4.4/httpcore-4.4.4.jar:/home/user/.m2/repository/com/github/spotbugs/spotbugs/3.1.12/spotbugs-3.1.12.jar:/home/user/.m2/repository/org/ow2/asm/asm/5.0.4/asm-5.0.4.jar:/home/user/.m2/repository/org/ow2/asm/asm-analysis/7.0/asm-analysis-7.0.jar:/home/user/.m2/repository/org/ow2/asm/asm-commons/7.0/asm-commons-7.0.jar:/home/user/.m2/repository/org/ow2/asm/asm-tree/7.0/asm-tree-7.0.jar:/home/user/.m2/repository/org/ow2/asm/asm-util/7.0/asm-util-7.0.jar:/home/user/.m2/repository/org/apache/bcel/bcel/6.3/bcel-6.3.jar:/home/user/.m2/repository/net/jcip/jcip-annotations/1.0/jcip-annotations-1.0.jar:/home/user/.m2/repository/org/dom4j/dom4j/2.1.1/dom4j-2.1.1.jar:/home/user/.m2/repository/jaxen/jaxen/1.1.6/jaxen-1.1.6.jar:/home/user/.m2/repository/commons-lang/commons-lang/2.6/commons-lang-2.6.jar:/home/user/.m2/repository/com/github/spotbugs/spotbugs-annotations/3.1.12/spotbugs-annotations-3.1.12.jar:/home/user/.m2/repository/org/apache/hadoop/hadoop-common/3.2.0/hadoop-common-3.2.0-tests.jar:/home/user/.m2/repository/org/apache/hadoop/hadoop-ozone-client/0.5.0-SNAPSHOT/hadoop-ozone-client-0.5.0-SNAPSHOT.jar:/home/user/.m2/repository/org/apache/hadoop/hadoop-hdfs/3.2.0/hadoop-hdfs-3.2.0-tests.jar:/workdir/hadoop-ozone/integration-test/target/test-classes:/home/user/.m2/repository/org/apache/hadoop/hadoop-ozone-s3gateway/0.5.0-SNAPSHOT/hadoop-ozone-s3gateway-0.5.0-SNAPSHOT.jar:/home/user/.m2/repository/org/jboss/weld/servlet/weld-servlet/2.4.7.Final/weld-servlet-2.4.7.Final.jar:/home/user/.m2/repository/org/glassfish/jersey/containers/jersey-container-servlet-core/2.27/jersey-container-servlet-core-2.27.jar:/home/user/.m2/repository/org/glassfish/hk2/external/javax.inject/2.5.0-b42/javax.inject-2.5.0-b42.jar:/home/user/.m2/repository/org/glassfish/jersey/core/jersey-common/2.27/jersey-common-2.27.jar:/home/user/.m2/repository/org/glassfish/hk2/osgi-resource-locator/1.0.1/osgi-resource-locator-1.0.1.jar:/home/user/.m2/repository/javax/ws/rs/javax.ws.rs-api/2.1/javax.ws.rs-api-2.1.jar:/home/user/.m2/repository/org/glassfish/jersey/ext/cdi/jersey-cdi1x/2.27/jersey-cdi1x-2.27.jar:/home/user/.m2/repository/org/glassfish/jersey/inject/jersey-hk2/2.27/jersey-hk2-2.27.jar:/home/user/.m2/repository/org/glassfish/hk2/hk2-locator/2.5.0-b42/hk2-locator-2.5.0-b42.jar:/home/user/.m2/repository/org/javassist/javassist/3.22.0-CR2/javassist-3.22.0-CR2.jar:/home/user/.m2/repository/org/glassfish/hk2/hk2-api/2.5.0/hk2-api-2.5.0.jar:/home/user/.m2/repository/org/glassfish/hk2/external/jakarta.inject/2.5.0/jakarta.inject-2.5.0.jar:/home/user/.m2/repository/org/glassfish/hk2/hk2-utils/2.5.0/hk2-utils-2.5.0.jar:/home/user/.m2/repository/jakarta/annotation/jakarta.annotation-api/1.3.4/jakarta.annotation-api-1.3.4.jar:/home/user/.m2/repository/org/glassfish/hk2/external/aopalliance-repackaged/2.5.0/aopalliance-repackaged-2.5.0.jar:/home/user/.m2/repository/com/fasterxml/jackson/dataformat/jackson-dataformat-xml/2.9.0/jackson-dataformat-xml-2.9.0.jar:/home/user/.m2/repository/com/fasterxml/jackson/module/jackson-module-jaxb-annotations/2.9.9/jackson-module-jaxb-annotations-2.9.9.jar:/home/user/.m2/repository/javax/enterprise/cdi-api/1.2/cdi-api-1.2.jar:/home/user/.m2/repository/javax/el/javax.el-api/3.0.0/javax.el-api-3.0.0.jar:/home/user/.m2/repository/javax/interceptor/javax.interceptor-api/1.2/javax.interceptor-api-1.2.jar:/home/user/.m2/repository/javax/inject/javax.inject/1/javax.inject-1.jar:/home/user/.m2/repository/com/sun/xml/bind/jaxb-core/2.3.0.1/jaxb-core-2.3.0.1.jar:/home/user/.m2/repository/javax/xml/bind/jaxb-api/2.3.0/jaxb-api-2.3.0.jar:/home/user/.m2/repository/javax/activation/activation/1.1.1/activation-1.1.1.jar:/home/user/.m2/repository/org/apache/hadoop/hadoop-ozone-csi/0.5.0-SNAPSHOT/hadoop-ozone-csi-0.5.0-SNAPSHOT.jar:/home/user/.m2/repository/com/google/protobuf/protobuf-java-util/3.5.1/protobuf-java-util-3.5.1.jar:/home/user/.m2/repository/io/grpc/grpc-netty/1.17.1/grpc-netty-1.17.1.jar:/home/user/.m2/repository/io/grpc/grpc-core/1.17.1/grpc-core-1.17.1.jar:/home/user/.m2/repository/io/grpc/grpc-context/1.17.1/grpc-context-1.17.1.jar:/home/user/.m2/repository/com/google/errorprone/error_prone_annotations/2.2.0/error_prone_annotations-2.2.0.jar:/home/user/.m2/repository/org/codehaus/mojo/animal-sniffer-annotations/1.17/animal-sniffer-annotations-1.17.jar:/home/user/.m2/repository/io/opencensus/opencensus-api/0.17.0/opencensus-api-0.17.0.jar:/home/user/.m2/repository/io/opencensus/opencensus-contrib-grpc-metrics/0.17.0/opencensus-contrib-grpc-metrics-0.17.0.jar:/home/user/.m2/repository/io/netty/netty-codec-http2/4.1.30.Final/netty-codec-http2-4.1.30.Final.jar:/home/user/.m2/repository/io/netty/netty-codec-http/4.1.30.Final/netty-codec-http-4.1.30.Final.jar:/home/user/.m2/repository/io/netty/netty-codec/4.1.30.Final/netty-codec-4.1.30.Final.jar:/home/user/.m2/repository/io/netty/netty-handler/4.1.30.Final/netty-handler-4.1.30.Final.jar:/home/user/.m2/repository/io/netty/netty-handler-proxy/4.1.30.Final/netty-handler-proxy-4.1.30.Final.jar:/home/user/.m2/repository/io/netty/netty-codec-socks/4.1.30.Final/netty-codec-socks-4.1.30.Final.jar:/home/user/.m2/repository/io/netty/netty-transport-native-epoll/4.1.30.Final/netty-transport-native-epoll-4.1.30.Final.jar:/home/user/.m2/repository/io/netty/netty-common/4.1.30.Final/netty-common-4.1.30.Final.jar:/home/user/.m2/repository/io/netty/netty-buffer/4.1.30.Final/netty-buffer-4.1.30.Final.jar:/home/user/.m2/repository/io/netty/netty-transport/4.1.30.Final/netty-transport-4.1.30.Final.jar:/home/user/.m2/repository/io/netty/netty-resolver/4.1.30.Final/netty-resolver-4.1.30.Final.jar:/home/user/.m2/repository/io/netty/netty-transport-native-unix-common/4.1.30.Final/netty-transport-native-unix-common-4.1.30.Final.jar:/home/user/.m2/repository/io/grpc/grpc-protobuf/1.17.1/grpc-protobuf-1.17.1.jar:/home/user/.m2/repository/com/google/api/grpc/proto-google-common-protos/1.0.0/proto-google-common-protos-1.0.0.jar:/home/user/.m2/repository/io/grpc/grpc-protobuf-lite/1.17.1/grpc-protobuf-lite-1.17.1.jar:/home/user/.m2/repository/io/grpc/grpc-stub/1.17.1/grpc-stub-1.17.1.jar:/home/user/.m2/repository/org/apache/hadoop/hadoop-ozone-recon/0.5.0-SNAPSHOT/hadoop-ozone-recon-0.5.0-SNAPSHOT.jar:/home/user/.m2/repository/org/apache/hadoop/hadoop-ozone-reconcodegen/0.5.0-SNAPSHOT/hadoop-ozone-reconcodegen-0.5.0-SNAPSHOT.jar:/home/user/.m2/repository/com/google/inject/extensions/guice-multibindings/4.0/guice-multibindings-4.0.jar:/home/user/.m2/repository/com/google/inject/guice/4.0/guice-4.0.jar:/home/user/.m2/repository/aopalliance/aopalliance/1.0/aopalliance-1.0.jar:/home/user/.m2/repository/org/glassfish/jersey/containers/jersey-container-servlet/2.27/jersey-container-servlet-2.27.jar:/home/user/.m2/repository/org/glassfish/hk2/guice-bridge/2.5.0/guice-bridge-2.5.0.jar:/home/user/.m2/repository/org/glassfish/jersey/core/jersey-server/2.27/jersey-server-2.27.jar:/home/user/.m2/repository/org/glassfish/jersey/core/jersey-client/2.27/jersey-client-2.27.jar:/home/user/.m2/repository/org/glassfish/jersey/media/jersey-media-jaxb/2.27/jersey-media-jaxb-2.27.jar:/home/user/.m2/repository/javax/validation/validation-api/1.1.0.Final/validation-api-1.1.0.Final.jar:/home/user/.m2/repository/org/glassfish/jersey/media/jersey-media-json-jackson/2.27/jersey-media-json-jackson-2.27.jar:/home/user/.m2/repository/org/glassfish/jersey/ext/jersey-entity-filtering/2.27/jersey-entity-filtering-2.27.jar:/home/user/.m2/repository/com/google/inject/extensions/guice-assistedinject/4.0/guice-assistedinject-4.0.jar:/home/user/.m2/repository/org/jooq/jooq/3.11.10/jooq-3.11.10.jar:/home/user/.m2/repository/org/jooq/jooq-meta/3.11.10/jooq-meta-3.11.10.jar:/home/user/.m2/repository/org/jooq/jooq-codegen/3.11.10/jooq-codegen-3.11.10.jar:/home/user/.m2/repository/com/jolbox/bonecp/0.8.0.RELEASE/bonecp-0.8.0.RELEASE.jar:/home/user/.m2/repository/org/springframework/spring-jdbc/5.1.3.RELEASE/spring-jdbc-5.1.3.RELEASE.jar:/home/user/.m2/repository/org/springframework/spring-beans/5.1.3.RELEASE/spring-beans-5.1.3.RELEASE.jar:/home/user/.m2/repository/org/springframework/spring-core/5.1.3.RELEASE/spring-core-5.1.3.RELEASE.jar:/home/user/.m2/repository/org/springframework/spring-jcl/5.1.3.RELEASE/spring-jcl-5.1.3.RELEASE.jar:/home/user/.m2/repository/org/springframework/spring-tx/5.1.3.RELEASE/spring-tx-5.1.3.RELEASE.jar:/home/user/.m2/repository/org/mockito/mockito-all/1.10.19/mockito-all-1.10.19.jar:/home/user/.m2/repository/junit/junit/4.11/junit-4.11.jar:/home/user/.m2/repository/org/hamcrest/hamcrest-core/1.3/hamcrest-core-1.3.jar:/home/user/.m2/repository/org/apache/hadoop/hadoop-distcp/3.2.0/hadoop-distcp-3.2.0.jar:/home/user/.m2/repository/org/apache/hadoop/hadoop-distcp/3.2.0/hadoop-distcp-3.2.0-tests.jar:/home/user/.m2/repository/org/apache/hadoop/hadoop-mapreduce-client-jobclient/3.2.0/hadoop-mapreduce-client-jobclient-3.2.0.jar:/home/user/.m2/repository/org/apache/hadoop/hadoop-mapreduce-client-common/3.2.0/hadoop-mapreduce-client-common-3.2.0.jar:/home/user/.m2/repository/org/apache/hadoop/hadoop-yarn-common/3.2.0/hadoop-yarn-common-3.2.0.jar:/home/user/.m2/repository/org/apache/hadoop/hadoop-yarn-api/3.2.0/hadoop-yarn-api-3.2.0.jar:/home/user/.m2/repository/com/sun/jersey/jersey-client/1.19/jersey-client-1.19.jar:/home/user/.m2/repository/com/sun/jersey/contribs/jersey-guice/1.19/jersey-guice-1.19.jar:/home/user/.m2/repository/com/fasterxml/jackson/jaxrs/jackson-jaxrs-json-provider/2.9.9/jackson-jaxrs-json-provider-2.9.9.jar:/home/user/.m2/repository/com/fasterxml/jackson/jaxrs/jackson-jaxrs-base/2.9.9/jackson-jaxrs-base-2.9.9.jar:/home/user/.m2/repository/org/apache/hadoop/hadoop-yarn-client/3.2.0/hadoop-yarn-client-3.2.0.jar:/home/user/.m2/repository/org/apache/hadoop/hadoop-mapreduce-client-core/3.2.0/hadoop-mapreduce-client-core-3.2.0.jar:/home/user/.m2/repository/com/google/inject/extensions/guice-servlet/4.0/guice-servlet-4.0.jar:/home/user/.m2/repository/org/powermock/powermock-module-junit4/1.6.5/powermock-module-junit4-1.6.5.jar:/home/user/.m2/repository/org/powermock/powermock-module-junit4-common/1.6.5/powermock-module-junit4-common-1.6.5.jar:/home/user/.m2/repository/org/powermock/powermock-core/1.6.5/powermock-core-1.6.5.jar:/home/user/.m2/repository/org/powermock/powermock-reflect/1.6.5/powermock-reflect-1.6.5.jar:/home/user/.m2/repository/org/powermock/powermock-api-mockito/1.6.5/powermock-api-mockito-1.6.5.jar:/home/user/.m2/repository/org/mockito/mockito-core/1.10.19/mockito-core-1.10.19.jar:/home/user/.m2/repository/org/objenesis/objenesis/1.0/objenesis-1.0.jar:/home/user/.m2/repository/org/powermock/powermock-api-mockito-common/1.6.5/powermock-api-mockito-common-1.6.5.jar:/home/user/.m2/repository/org/powermock/powermock-api-support/1.6.5/powermock-api-support-1.6.5.jar:"/>
    <property name="java.vm.vendor" value="Oracle Corporation"/>
    <property name="sun.arch.data.model" value="64"/>
    <property name="test.build.dir" value="/workdir/hadoop-ozone/ozonefs/target/test-dir"/>
    <property name="test.cache.data" value=""/>
    <property name="java.vendor.url" value="http://java.oracle.com/"/>
    <property name="user.timezone" value=""/>
    <property name="java.vm.specification.version" value="1.8"/>
    <property name="os.name" value="Linux"/>
    <property name="test.build.data" value="/workdir/hadoop-ozone/ozonefs/target/test-dir"/>
    <property name="user.country" value="US"/>
    <property name="sun.java.launcher" value="SUN_STANDARD"/>
    <property name="sun.boot.library.path" value="/usr/lib/jvm/java-1.8.0-openjdk-1.8.0.222.b10-1.el7_7.x86_64/jre/lib/amd64"/>
    <property name="sun.java.command" value="/workdir/hadoop-ozone/ozonefs/target/surefire/surefirebooter9211365485297083267.jar /workdir/hadoop-ozone/ozonefs/target/surefire 2019-11-13T23-03-42_527-jvmRun1 surefire1295049426693925915tmp surefire_918059001820788360116tmp"/>
    <property name="surefire.test.class.path" value="/workdir/hadoop-ozone/ozonefs/target/test-classes:/workdir/hadoop-ozone/ozonefs/target/classes:/home/user/.m2/repository/org/apache/hadoop/hadoop-common/3.2.0/hadoop-common-3.2.0.jar:/home/user/.m2/repository/org/apache/hadoop/hadoop-annotations/3.2.0/hadoop-annotations-3.2.0.jar:/usr/lib/jvm/java-1.8.0-openjdk-1.8.0.222.b10-1.el7_7.x86_64/jre/../lib/tools.jar:/home/user/.m2/repository/com/google/guava/guava/11.0.2/guava-11.0.2.jar:/home/user/.m2/repository/commons-cli/commons-cli/1.2/commons-cli-1.2.jar:/home/user/.m2/repository/org/apache/commons/commons-math3/3.1.1/commons-math3-3.1.1.jar:/home/user/.m2/repository/commons-codec/commons-codec/1.11/commons-codec-1.11.jar:/home/user/.m2/repository/commons-io/commons-io/2.5/commons-io-2.5.jar:/home/user/.m2/repository/commons-net/commons-net/3.6/commons-net-3.6.jar:/home/user/.m2/repository/commons-collections/commons-collections/3.2.2/commons-collections-3.2.2.jar:/home/user/.m2/repository/javax/servlet/javax.servlet-api/3.1.0/javax.servlet-api-3.1.0.jar:/home/user/.m2/repository/org/eclipse/jetty/jetty-server/9.3.25.v20180904/jetty-server-9.3.25.v20180904.jar:/home/user/.m2/repository/org/eclipse/jetty/jetty-http/9.3.25.v20180904/jetty-http-9.3.25.v20180904.jar:/home/user/.m2/repository/org/eclipse/jetty/jetty-io/9.3.25.v20180904/jetty-io-9.3.25.v20180904.jar:/home/user/.m2/repository/org/eclipse/jetty/jetty-util/9.3.25.v20180904/jetty-util-9.3.25.v20180904.jar:/home/user/.m2/repository/org/eclipse/jetty/jetty-servlet/9.3.25.v20180904/jetty-servlet-9.3.25.v20180904.jar:/home/user/.m2/repository/org/eclipse/jetty/jetty-security/9.3.25.v20180904/jetty-security-9.3.25.v20180904.jar:/home/user/.m2/repository/org/eclipse/jetty/jetty-webapp/9.3.25.v20180904/jetty-webapp-9.3.25.v20180904.jar:/home/user/.m2/repository/org/eclipse/jetty/jetty-xml/9.3.25.v20180904/jetty-xml-9.3.25.v20180904.jar:/home/user/.m2/repository/javax/servlet/jsp/jsp-api/2.1/jsp-api-2.1.jar:/home/user/.m2/repository/com/sun/jersey/jersey-core/1.19/jersey-core-1.19.jar:/home/user/.m2/repository/javax/ws/rs/jsr311-api/1.1.1/jsr311-api-1.1.1.jar:/home/user/.m2/repository/com/sun/jersey/jersey-servlet/1.19/jersey-servlet-1.19.jar:/home/user/.m2/repository/com/sun/jersey/jersey-json/1.19/jersey-json-1.19.jar:/home/user/.m2/repository/org/codehaus/jettison/jettison/1.1/jettison-1.1.jar:/home/user/.m2/repository/com/sun/xml/bind/jaxb-impl/2.3.0.1/jaxb-impl-2.3.0.1.jar:/home/user/.m2/repository/org/codehaus/jackson/jackson-core-asl/1.9.13/jackson-core-asl-1.9.13.jar:/home/user/.m2/repository/org/codehaus/jackson/jackson-mapper-asl/1.9.13/jackson-mapper-asl-1.9.13.jar:/home/user/.m2/repository/org/codehaus/jackson/jackson-jaxrs/1.9.13/jackson-jaxrs-1.9.13.jar:/home/user/.m2/repository/org/codehaus/jackson/jackson-xc/1.9.13/jackson-xc-1.9.13.jar:/home/user/.m2/repository/com/sun/jersey/jersey-server/1.19/jersey-server-1.19.jar:/home/user/.m2/repository/commons-logging/commons-logging/1.1.3/commons-logging-1.1.3.jar:/home/user/.m2/repository/log4j/log4j/1.2.17/log4j-1.2.17.jar:/home/user/.m2/repository/commons-beanutils/commons-beanutils/1.9.4/commons-beanutils-1.9.4.jar:/home/user/.m2/repository/org/apache/commons/commons-configuration2/2.1.1/commons-configuration2-2.1.1.jar:/home/user/.m2/repository/org/apache/commons/commons-lang3/3.7/commons-lang3-3.7.jar:/home/user/.m2/repository/org/apache/commons/commons-text/1.4/commons-text-1.4.jar:/home/user/.m2/repository/org/slf4j/slf4j-api/1.7.25/slf4j-api-1.7.25.jar:/home/user/.m2/repository/org/slf4j/slf4j-log4j12/1.7.25/slf4j-log4j12-1.7.25.jar:/home/user/.m2/repository/org/apache/avro/avro/1.7.7/avro-1.7.7.jar:/home/user/.m2/repository/com/thoughtworks/paranamer/paranamer/2.3/paranamer-2.3.jar:/home/user/.m2/repository/org/xerial/snappy/snappy-java/1.0.5/snappy-java-1.0.5.jar:/home/user/.m2/repository/com/google/re2j/re2j/1.1/re2j-1.1.jar:/home/user/.m2/repository/com/google/protobuf/protobuf-java/2.5.0/protobuf-java-2.5.0.jar:/home/user/.m2/repository/com/google/code/gson/gson/2.2.4/gson-2.2.4.jar:/home/user/.m2/repository/org/apache/hadoop/hadoop-auth/3.2.0/hadoop-auth-3.2.0.jar:/home/user/.m2/repository/com/nimbusds/nimbus-jose-jwt/4.41.1/nimbus-jose-jwt-4.41.1.jar:/home/user/.m2/repository/com/github/stephenc/jcip/jcip-annotations/1.0-1/jcip-annotations-1.0-1.jar:/home/user/.m2/repository/net/minidev/json-smart/2.3/json-smart-2.3.jar:/home/user/.m2/repository/net/minidev/accessors-smart/1.2/accessors-smart-1.2.jar:/home/user/.m2/repository/org/apache/curator/curator-framework/2.12.0/curator-framework-2.12.0.jar:/home/user/.m2/repository/com/jcraft/jsch/0.1.54/jsch-0.1.54.jar:/home/user/.m2/repository/org/apache/curator/curator-client/2.12.0/curator-client-2.12.0.jar:/home/user/.m2/repository/org/apache/curator/curator-recipes/2.12.0/curator-recipes-2.12.0.jar:/home/user/.m2/repository/com/google/code/findbugs/jsr305/3.0.0/jsr305-3.0.0.jar:/home/user/.m2/repository/org/apache/htrace/htrace-core4/4.1.0-incubating/htrace-core4-4.1.0-incubating.jar:/home/user/.m2/repository/org/apache/zookeeper/zookeeper/3.4.13/zookeeper-3.4.13.jar:/home/user/.m2/repository/jline/jline/0.9.94/jline-0.9.94.jar:/home/user/.m2/repository/org/apache/yetus/audience-annotations/0.5.0/audience-annotations-0.5.0.jar:/home/user/.m2/repository/org/apache/commons/commons-compress/1.4.1/commons-compress-1.4.1.jar:/home/user/.m2/repository/org/tukaani/xz/1.0/xz-1.0.jar:/home/user/.m2/repository/org/apache/kerby/kerb-simplekdc/1.0.1/kerb-simplekdc-1.0.1.jar:/home/user/.m2/repository/org/apache/kerby/kerb-client/1.0.1/kerb-client-1.0.1.jar:/home/user/.m2/repository/org/apache/kerby/kerby-config/1.0.1/kerby-config-1.0.1.jar:/home/user/.m2/repository/org/apache/kerby/kerb-core/1.0.1/kerb-core-1.0.1.jar:/home/user/.m2/repository/org/apache/kerby/kerby-pkix/1.0.1/kerby-pkix-1.0.1.jar:/home/user/.m2/repository/org/apache/kerby/kerby-asn1/1.0.1/kerby-asn1-1.0.1.jar:/home/user/.m2/repository/org/apache/kerby/kerby-util/1.0.1/kerby-util-1.0.1.jar:/home/user/.m2/repository/org/apache/kerby/kerb-common/1.0.1/kerb-common-1.0.1.jar:/home/user/.m2/repository/org/apache/kerby/kerb-crypto/1.0.1/kerb-crypto-1.0.1.jar:/home/user/.m2/repository/org/apache/kerby/kerb-util/1.0.1/kerb-util-1.0.1.jar:/home/user/.m2/repository/org/apache/kerby/token-provider/1.0.1/token-provider-1.0.1.jar:/home/user/.m2/repository/org/apache/kerby/kerb-admin/1.0.1/kerb-admin-1.0.1.jar:/home/user/.m2/repository/org/apache/kerby/kerb-server/1.0.1/kerb-server-1.0.1.jar:/home/user/.m2/repository/org/apache/kerby/kerb-identity/1.0.1/kerb-identity-1.0.1.jar:/home/user/.m2/repository/org/apache/kerby/kerby-xdr/1.0.1/kerby-xdr-1.0.1.jar:/home/user/.m2/repository/com/fasterxml/jackson/core/jackson-databind/2.9.9/jackson-databind-2.9.9.jar:/home/user/.m2/repository/com/fasterxml/jackson/core/jackson-annotations/2.9.9/jackson-annotations-2.9.9.jar:/home/user/.m2/repository/com/fasterxml/jackson/core/jackson-core/2.9.9/jackson-core-2.9.9.jar:/home/user/.m2/repository/org/codehaus/woodstox/stax2-api/3.1.4/stax2-api-3.1.4.jar:/home/user/.m2/repository/com/fasterxml/woodstox/woodstox-core/5.0.3/woodstox-core-5.0.3.jar:/home/user/.m2/repository/dnsjava/dnsjava/2.1.7/dnsjava-2.1.7.jar:/home/user/.m2/repository/org/apache/hadoop/hadoop-hdfs/3.2.0/hadoop-hdfs-3.2.0.jar:/home/user/.m2/repository/org/eclipse/jetty/jetty-util-ajax/9.3.25.v20180904/jetty-util-ajax-9.3.25.v20180904.jar:/home/user/.m2/repository/commons-daemon/commons-daemon/1.0.13/commons-daemon-1.0.13.jar:/home/user/.m2/repository/io/netty/netty/3.10.5.Final/netty-3.10.5.Final.jar:/home/user/.m2/repository/io/netty/netty-all/4.0.52.Final/netty-all-4.0.52.Final.jar:/home/user/.m2/repository/org/fusesource/leveldbjni/leveldbjni-all/1.8/leveldbjni-all-1.8.jar:/home/user/.m2/repository/org/apache/hadoop/hadoop-hdds-common/0.5.0-SNAPSHOT/hadoop-hdds-common-0.5.0-SNAPSHOT.jar:/home/user/.m2/repository/org/apache/hadoop/hadoop-hdds-config/0.5.0-SNAPSHOT/hadoop-hdds-config-0.5.0-SNAPSHOT.jar:/home/user/.m2/repository/javax/annotation/javax.annotation-api/1.2/javax.annotation-api-1.2.jar:/home/user/.m2/repository/org/apache/ratis/ratis-server/0.5.0-d6d58d0-SNAPSHOT/ratis-server-0.5.0-d6d58d0-SNAPSHOT.jar:/home/user/.m2/repository/org/apache/ratis/ratis-thirdparty-misc/0.2.0/ratis-thirdparty-misc-0.2.0.jar:/home/user/.m2/repository/org/apache/ratis/ratis-proto/0.5.0-d6d58d0-SNAPSHOT/ratis-proto-0.5.0-d6d58d0-SNAPSHOT.jar:/home/user/.m2/repository/org/apache/ratis/ratis-common/0.5.0-d6d58d0-SNAPSHOT/ratis-common-0.5.0-d6d58d0-SNAPSHOT.jar:/home/user/.m2/repository/org/apache/ratis/ratis-client/0.5.0-d6d58d0-SNAPSHOT/ratis-client-0.5.0-d6d58d0-SNAPSHOT.jar:/home/user/.m2/repository/org/apache/ratis/ratis-metrics/0.5.0-d6d58d0-SNAPSHOT/ratis-metrics-0.5.0-d6d58d0-SNAPSHOT.jar:/home/user/.m2/repository/org/apache/ratis/ratis-netty/0.5.0-d6d58d0-SNAPSHOT/ratis-netty-0.5.0-d6d58d0-SNAPSHOT.jar:/home/user/.m2/repository/org/apache/ratis/ratis-grpc/0.5.0-d6d58d0-SNAPSHOT/ratis-grpc-0.5.0-d6d58d0-SNAPSHOT.jar:/home/user/.m2/repository/org/rocksdb/rocksdbjni/6.0.1/rocksdbjni-6.0.1.jar:/home/user/.m2/repository/org/apache/logging/log4j/log4j-api/2.11.0/log4j-api-2.11.0.jar:/home/user/.m2/repository/org/apache/logging/log4j/log4j-core/2.11.0/log4j-core-2.11.0.jar:/home/user/.m2/repository/com/lmax/disruptor/3.4.2/disruptor-3.4.2.jar:/home/user/.m2/repository/org/apache/commons/commons-pool2/2.6.0/commons-pool2-2.6.0.jar:/home/user/.m2/repository/org/bouncycastle/bcpkix-jdk15on/1.60/bcpkix-jdk15on-1.60.jar:/home/user/.m2/repository/commons-validator/commons-validator/1.6/commons-validator-1.6.jar:/home/user/.m2/repository/commons-digester/commons-digester/1.8.1/commons-digester-1.8.1.jar:/home/user/.m2/repository/io/jaegertracing/jaeger-client/0.34.0/jaeger-client-0.34.0.jar:/home/user/.m2/repository/io/jaegertracing/jaeger-thrift/0.34.0/jaeger-thrift-0.34.0.jar:/home/user/.m2/repository/org/apache/thrift/libthrift/0.12.0/libthrift-0.12.0.jar:/home/user/.m2/repository/com/squareup/okhttp3/okhttp/3.9.0/okhttp-3.9.0.jar:/home/user/.m2/repository/com/squareup/okio/okio/1.13.0/okio-1.13.0.jar:/home/user/.m2/repository/io/jaegertracing/jaeger-core/0.34.0/jaeger-core-0.34.0.jar:/home/user/.m2/repository/io/jaegertracing/jaeger-tracerresolver/0.34.0/jaeger-tracerresolver-0.34.0.jar:/home/user/.m2/repository/io/opentracing/contrib/opentracing-tracerresolver/0.1.5/opentracing-tracerresolver-0.1.5.jar:/home/user/.m2/repository/io/opentracing/opentracing-util/0.31.0/opentracing-util-0.31.0.jar:/home/user/.m2/repository/io/opentracing/opentracing-api/0.31.0/opentracing-api-0.31.0.jar:/home/user/.m2/repository/io/opentracing/opentracing-noop/0.31.0/opentracing-noop-0.31.0.jar:/home/user/.m2/repository/org/yaml/snakeyaml/1.16/snakeyaml-1.16.jar:/home/user/.m2/repository/org/apache/hadoop/hadoop-hdfs-client/3.2.0/hadoop-hdfs-client-3.2.0.jar:/home/user/.m2/repository/info/picocli/picocli/3.9.6/picocli-3.9.6.jar:/home/user/.m2/repository/org/apache/hadoop/hadoop-hdds-server-scm/0.5.0-SNAPSHOT/hadoop-hdds-server-scm-0.5.0-SNAPSHOT.jar:/home/user/.m2/repository/org/apache/hadoop/hadoop-hdds-docs/0.5.0-SNAPSHOT/hadoop-hdds-docs-0.5.0-SNAPSHOT.jar:/home/user/.m2/repository/io/dropwizard/metrics/metrics-core/3.2.4/metrics-core-3.2.4.jar:/home/user/.m2/repository/org/hamcrest/hamcrest-all/1.3/hamcrest-all-1.3.jar:/home/user/.m2/repository/org/bouncycastle/bcprov-jdk15on/1.60/bcprov-jdk15on-1.60.jar:/home/user/.m2/repository/org/apache/hadoop/hadoop-hdds-server-framework/0.5.0-SNAPSHOT/hadoop-hdds-server-framework-0.5.0-SNAPSHOT.jar:/home/user/.m2/repository/org/apache/hadoop/hadoop-ozone-ozone-manager/0.5.0-SNAPSHOT/hadoop-ozone-ozone-manager-0.5.0-SNAPSHOT.jar:/home/user/.m2/repository/org/apache/hadoop/hadoop-hdds-container-service/0.5.0-SNAPSHOT/hadoop-hdds-container-service-0.5.0-SNAPSHOT.jar:/home/user/.m2/repository/org/apache/hadoop/hadoop-hdds-client/0.5.0-SNAPSHOT/hadoop-hdds-client-0.5.0-SNAPSHOT.jar:/home/user/.m2/repository/org/apache/hadoop/hadoop-ozone-common/0.5.0-SNAPSHOT/hadoop-ozone-common-0.5.0-SNAPSHOT.jar:/home/user/.m2/repository/org/apache/hadoop/hadoop-hdds-tools/0.5.0-SNAPSHOT/hadoop-hdds-tools-0.5.0-SNAPSHOT.jar:/home/user/.m2/repository/org/xerial/sqlite-jdbc/3.25.2/sqlite-jdbc-3.25.2.jar:/home/user/.m2/repository/org/apache/httpcomponents/httpclient/4.5.2/httpclient-4.5.2.jar:/home/user/.m2/repository/org/apache/httpcomponents/httpcore/4.4.4/httpcore-4.4.4.jar:/home/user/.m2/repository/com/github/spotbugs/spotbugs/3.1.12/spotbugs-3.1.12.jar:/home/user/.m2/repository/org/ow2/asm/asm/5.0.4/asm-5.0.4.jar:/home/user/.m2/repository/org/ow2/asm/asm-analysis/7.0/asm-analysis-7.0.jar:/home/user/.m2/repository/org/ow2/asm/asm-commons/7.0/asm-commons-7.0.jar:/home/user/.m2/repository/org/ow2/asm/asm-tree/7.0/asm-tree-7.0.jar:/home/user/.m2/repository/org/ow2/asm/asm-util/7.0/asm-util-7.0.jar:/home/user/.m2/repository/org/apache/bcel/bcel/6.3/bcel-6.3.jar:/home/user/.m2/repository/net/jcip/jcip-annotations/1.0/jcip-annotations-1.0.jar:/home/user/.m2/repository/org/dom4j/dom4j/2.1.1/dom4j-2.1.1.jar:/home/user/.m2/repository/jaxen/jaxen/1.1.6/jaxen-1.1.6.jar:/home/user/.m2/repository/commons-lang/commons-lang/2.6/commons-lang-2.6.jar:/home/user/.m2/repository/com/github/spotbugs/spotbugs-annotations/3.1.12/spotbugs-annotations-3.1.12.jar:/home/user/.m2/repository/org/apache/hadoop/hadoop-common/3.2.0/hadoop-common-3.2.0-tests.jar:/home/user/.m2/repository/org/apache/hadoop/hadoop-ozone-client/0.5.0-SNAPSHOT/hadoop-ozone-client-0.5.0-SNAPSHOT.jar:/home/user/.m2/repository/org/apache/hadoop/hadoop-hdfs/3.2.0/hadoop-hdfs-3.2.0-tests.jar:/workdir/hadoop-ozone/integration-test/target/test-classes:/home/user/.m2/repository/org/apache/hadoop/hadoop-ozone-s3gateway/0.5.0-SNAPSHOT/hadoop-ozone-s3gateway-0.5.0-SNAPSHOT.jar:/home/user/.m2/repository/org/jboss/weld/servlet/weld-servlet/2.4.7.Final/weld-servlet-2.4.7.Final.jar:/home/user/.m2/repository/org/glassfish/jersey/containers/jersey-container-servlet-core/2.27/jersey-container-servlet-core-2.27.jar:/home/user/.m2/repository/org/glassfish/hk2/external/javax.inject/2.5.0-b42/javax.inject-2.5.0-b42.jar:/home/user/.m2/repository/org/glassfish/jersey/core/jersey-common/2.27/jersey-common-2.27.jar:/home/user/.m2/repository/org/glassfish/hk2/osgi-resource-locator/1.0.1/osgi-resource-locator-1.0.1.jar:/home/user/.m2/repository/javax/ws/rs/javax.ws.rs-api/2.1/javax.ws.rs-api-2.1.jar:/home/user/.m2/repository/org/glassfish/jersey/ext/cdi/jersey-cdi1x/2.27/jersey-cdi1x-2.27.jar:/home/user/.m2/repository/org/glassfish/jersey/inject/jersey-hk2/2.27/jersey-hk2-2.27.jar:/home/user/.m2/repository/org/glassfish/hk2/hk2-locator/2.5.0-b42/hk2-locator-2.5.0-b42.jar:/home/user/.m2/repository/org/javassist/javassist/3.22.0-CR2/javassist-3.22.0-CR2.jar:/home/user/.m2/repository/org/glassfish/hk2/hk2-api/2.5.0/hk2-api-2.5.0.jar:/home/user/.m2/repository/org/glassfish/hk2/external/jakarta.inject/2.5.0/jakarta.inject-2.5.0.jar:/home/user/.m2/repository/org/glassfish/hk2/hk2-utils/2.5.0/hk2-utils-2.5.0.jar:/home/user/.m2/repository/jakarta/annotation/jakarta.annotation-api/1.3.4/jakarta.annotation-api-1.3.4.jar:/home/user/.m2/repository/org/glassfish/hk2/external/aopalliance-repackaged/2.5.0/aopalliance-repackaged-2.5.0.jar:/home/user/.m2/repository/com/fasterxml/jackson/dataformat/jackson-dataformat-xml/2.9.0/jackson-dataformat-xml-2.9.0.jar:/home/user/.m2/repository/com/fasterxml/jackson/module/jackson-module-jaxb-annotations/2.9.9/jackson-module-jaxb-annotations-2.9.9.jar:/home/user/.m2/repository/javax/enterprise/cdi-api/1.2/cdi-api-1.2.jar:/home/user/.m2/repository/javax/el/javax.el-api/3.0.0/javax.el-api-3.0.0.jar:/home/user/.m2/repository/javax/interceptor/javax.interceptor-api/1.2/javax.interceptor-api-1.2.jar:/home/user/.m2/repository/javax/inject/javax.inject/1/javax.inject-1.jar:/home/user/.m2/repository/com/sun/xml/bind/jaxb-core/2.3.0.1/jaxb-core-2.3.0.1.jar:/home/user/.m2/repository/javax/xml/bind/jaxb-api/2.3.0/jaxb-api-2.3.0.jar:/home/user/.m2/repository/javax/activation/activation/1.1.1/activation-1.1.1.jar:/home/user/.m2/repository/org/apache/hadoop/hadoop-ozone-csi/0.5.0-SNAPSHOT/hadoop-ozone-csi-0.5.0-SNAPSHOT.jar:/home/user/.m2/repository/com/google/protobuf/protobuf-java-util/3.5.1/protobuf-java-util-3.5.1.jar:/home/user/.m2/repository/io/grpc/grpc-netty/1.17.1/grpc-netty-1.17.1.jar:/home/user/.m2/repository/io/grpc/grpc-core/1.17.1/grpc-core-1.17.1.jar:/home/user/.m2/repository/io/grpc/grpc-context/1.17.1/grpc-context-1.17.1.jar:/home/user/.m2/repository/com/google/errorprone/error_prone_annotations/2.2.0/error_prone_annotations-2.2.0.jar:/home/user/.m2/repository/org/codehaus/mojo/animal-sniffer-annotations/1.17/animal-sniffer-annotations-1.17.jar:/home/user/.m2/repository/io/opencensus/opencensus-api/0.17.0/opencensus-api-0.17.0.jar:/home/user/.m2/repository/io/opencensus/opencensus-contrib-grpc-metrics/0.17.0/opencensus-contrib-grpc-metrics-0.17.0.jar:/home/user/.m2/repository/io/netty/netty-codec-http2/4.1.30.Final/netty-codec-http2-4.1.30.Final.jar:/home/user/.m2/repository/io/netty/netty-codec-http/4.1.30.Final/netty-codec-http-4.1.30.Final.jar:/home/user/.m2/repository/io/netty/netty-codec/4.1.30.Final/netty-codec-4.1.30.Final.jar:/home/user/.m2/repository/io/netty/netty-handler/4.1.30.Final/netty-handler-4.1.30.Final.jar:/home/user/.m2/repository/io/netty/netty-handler-proxy/4.1.30.Final/netty-handler-proxy-4.1.30.Final.jar:/home/user/.m2/repository/io/netty/netty-codec-socks/4.1.30.Final/netty-codec-socks-4.1.30.Final.jar:/home/user/.m2/repository/io/netty/netty-transport-native-epoll/4.1.30.Final/netty-transport-native-epoll-4.1.30.Final.jar:/home/user/.m2/repository/io/netty/netty-common/4.1.30.Final/netty-common-4.1.30.Final.jar:/home/user/.m2/repository/io/netty/netty-buffer/4.1.30.Final/netty-buffer-4.1.30.Final.jar:/home/user/.m2/repository/io/netty/netty-transport/4.1.30.Final/netty-transport-4.1.30.Final.jar:/home/user/.m2/repository/io/netty/netty-resolver/4.1.30.Final/netty-resolver-4.1.30.Final.jar:/home/user/.m2/repository/io/netty/netty-transport-native-unix-common/4.1.30.Final/netty-transport-native-unix-common-4.1.30.Final.jar:/home/user/.m2/repository/io/grpc/grpc-protobuf/1.17.1/grpc-protobuf-1.17.1.jar:/home/user/.m2/repository/com/google/api/grpc/proto-google-common-protos/1.0.0/proto-google-common-protos-1.0.0.jar:/home/user/.m2/repository/io/grpc/grpc-protobuf-lite/1.17.1/grpc-protobuf-lite-1.17.1.jar:/home/user/.m2/repository/io/grpc/grpc-stub/1.17.1/grpc-stub-1.17.1.jar:/home/user/.m2/repository/org/apache/hadoop/hadoop-ozone-recon/0.5.0-SNAPSHOT/hadoop-ozone-recon-0.5.0-SNAPSHOT.jar:/home/user/.m2/repository/org/apache/hadoop/hadoop-ozone-reconcodegen/0.5.0-SNAPSHOT/hadoop-ozone-reconcodegen-0.5.0-SNAPSHOT.jar:/home/user/.m2/repository/com/google/inject/extensions/guice-multibindings/4.0/guice-multibindings-4.0.jar:/home/user/.m2/repository/com/google/inject/guice/4.0/guice-4.0.jar:/home/user/.m2/repository/aopalliance/aopalliance/1.0/aopalliance-1.0.jar:/home/user/.m2/repository/org/glassfish/jersey/containers/jersey-container-servlet/2.27/jersey-container-servlet-2.27.jar:/home/user/.m2/repository/org/glassfish/hk2/guice-bridge/2.5.0/guice-bridge-2.5.0.jar:/home/user/.m2/repository/org/glassfish/jersey/core/jersey-server/2.27/jersey-server-2.27.jar:/home/user/.m2/repository/org/glassfish/jersey/core/jersey-client/2.27/jersey-client-2.27.jar:/home/user/.m2/repository/org/glassfish/jersey/media/jersey-media-jaxb/2.27/jersey-media-jaxb-2.27.jar:/home/user/.m2/repository/javax/validation/validation-api/1.1.0.Final/validation-api-1.1.0.Final.jar:/home/user/.m2/repository/org/glassfish/jersey/media/jersey-media-json-jackson/2.27/jersey-media-json-jackson-2.27.jar:/home/user/.m2/repository/org/glassfish/jersey/ext/jersey-entity-filtering/2.27/jersey-entity-filtering-2.27.jar:/home/user/.m2/repository/com/google/inject/extensions/guice-assistedinject/4.0/guice-assistedinject-4.0.jar:/home/user/.m2/repository/org/jooq/jooq/3.11.10/jooq-3.11.10.jar:/home/user/.m2/repository/org/jooq/jooq-meta/3.11.10/jooq-meta-3.11.10.jar:/home/user/.m2/repository/org/jooq/jooq-codegen/3.11.10/jooq-codegen-3.11.10.jar:/home/user/.m2/repository/com/jolbox/bonecp/0.8.0.RELEASE/bonecp-0.8.0.RELEASE.jar:/home/user/.m2/repository/org/springframework/spring-jdbc/5.1.3.RELEASE/spring-jdbc-5.1.3.RELEASE.jar:/home/user/.m2/repository/org/springframework/spring-beans/5.1.3.RELEASE/spring-beans-5.1.3.RELEASE.jar:/home/user/.m2/repository/org/springframework/spring-core/5.1.3.RELEASE/spring-core-5.1.3.RELEASE.jar:/home/user/.m2/repository/org/springframework/spring-jcl/5.1.3.RELEASE/spring-jcl-5.1.3.RELEASE.jar:/home/user/.m2/repository/org/springframework/spring-tx/5.1.3.RELEASE/spring-tx-5.1.3.RELEASE.jar:/home/user/.m2/repository/org/mockito/mockito-all/1.10.19/mockito-all-1.10.19.jar:/home/user/.m2/repository/junit/junit/4.11/junit-4.11.jar:/home/user/.m2/repository/org/hamcrest/hamcrest-core/1.3/hamcrest-core-1.3.jar:/home/user/.m2/repository/org/apache/hadoop/hadoop-distcp/3.2.0/hadoop-distcp-3.2.0.jar:/home/user/.m2/repository/org/apache/hadoop/hadoop-distcp/3.2.0/hadoop-distcp-3.2.0-tests.jar:/home/user/.m2/repository/org/apache/hadoop/hadoop-mapreduce-client-jobclient/3.2.0/hadoop-mapreduce-client-jobclient-3.2.0.jar:/home/user/.m2/repository/org/apache/hadoop/hadoop-mapreduce-client-common/3.2.0/hadoop-mapreduce-client-common-3.2.0.jar:/home/user/.m2/repository/org/apache/hadoop/hadoop-yarn-common/3.2.0/hadoop-yarn-common-3.2.0.jar:/home/user/.m2/repository/org/apache/hadoop/hadoop-yarn-api/3.2.0/hadoop-yarn-api-3.2.0.jar:/home/user/.m2/repository/com/sun/jersey/jersey-client/1.19/jersey-client-1.19.jar:/home/user/.m2/repository/com/sun/jersey/contribs/jersey-guice/1.19/jersey-guice-1.19.jar:/home/user/.m2/repository/com/fasterxml/jackson/jaxrs/jackson-jaxrs-json-provider/2.9.9/jackson-jaxrs-json-provider-2.9.9.jar:/home/user/.m2/repository/com/fasterxml/jackson/jaxrs/jackson-jaxrs-base/2.9.9/jackson-jaxrs-base-2.9.9.jar:/home/user/.m2/repository/org/apache/hadoop/hadoop-yarn-client/3.2.0/hadoop-yarn-client-3.2.0.jar:/home/user/.m2/repository/org/apache/hadoop/hadoop-mapreduce-client-core/3.2.0/hadoop-mapreduce-client-core-3.2.0.jar:/home/user/.m2/repository/com/google/inject/extensions/guice-servlet/4.0/guice-servlet-4.0.jar:/home/user/.m2/repository/org/powermock/powermock-module-junit4/1.6.5/powermock-module-junit4-1.6.5.jar:/home/user/.m2/repository/org/powermock/powermock-module-junit4-common/1.6.5/powermock-module-junit4-common-1.6.5.jar:/home/user/.m2/repository/org/powermock/powermock-core/1.6.5/powermock-core-1.6.5.jar:/home/user/.m2/repository/org/powermock/powermock-reflect/1.6.5/powermock-reflect-1.6.5.jar:/home/user/.m2/repository/org/powermock/powermock-api-mockito/1.6.5/powermock-api-mockito-1.6.5.jar:/home/user/.m2/repository/org/mockito/mockito-core/1.10.19/mockito-core-1.10.19.jar:/home/user/.m2/repository/org/objenesis/objenesis/1.0/objenesis-1.0.jar:/home/user/.m2/repository/org/powermock/powermock-api-mockito-common/1.6.5/powermock-api-mockito-common-1.6.5.jar:/home/user/.m2/repository/org/powermock/powermock-api-support/1.6.5/powermock-api-support-1.6.5.jar:"/>
    <property name="sun.cpu.endian" value="little"/>
    <property name="user.home" value="/home/user"/>
    <property name="user.language" value="en"/>
    <property name="java.specification.vendor" value="Oracle Corporation"/>
    <property name="java.home" value="/usr/lib/jvm/java-1.8.0-openjdk-1.8.0.222.b10-1.el7_7.x86_64/jre"/>
    <property name="surefire.excludesFile" value="/tools/ozone-bad-unit-tests"/>
    <property name="java.security.krb5.conf" value="/workdir/hadoop-ozone/ozonefs/target/test-classes/krb5.conf"/>
    <property name="basedir" value="/workdir/hadoop-ozone/ozonefs"/>
    <property name="file.separator" value="/"/>
    <property name="line.separator" value="&#10;"/>
    <property name="java.vm.specification.vendor" value="Oracle Corporation"/>
    <property name="java.specification.name" value="Java Platform API Specification"/>
    <property name="java.awt.graphicsenv" value="sun.awt.X11GraphicsEnvironment"/>
    <property name="surefire.real.class.path" value="/workdir/hadoop-ozone/ozonefs/target/surefire/surefirebooter9211365485297083267.jar"/>
    <property name="hadoop.log.dir" value="/workdir/hadoop-ozone/ozonefs/target/log"/>
    <property name="sun.boot.class.path" value="/usr/lib/jvm/java-1.8.0-openjdk-1.8.0.222.b10-1.el7_7.x86_64/jre/lib/resources.jar:/usr/lib/jvm/java-1.8.0-openjdk-1.8.0.222.b10-1.el7_7.x86_64/jre/lib/rt.jar:/usr/lib/jvm/java-1.8.0-openjdk-1.8.0.222.b10-1.el7_7.x86_64/jre/lib/sunrsasign.jar:/usr/lib/jvm/java-1.8.0-openjdk-1.8.0.222.b10-1.el7_7.x86_64/jre/lib/jsse.jar:/usr/lib/jvm/java-1.8.0-openjdk-1.8.0.222.b10-1.el7_7.x86_64/jre/lib/jce.jar:/usr/lib/jvm/java-1.8.0-openjdk-1.8.0.222.b10-1.el7_7.x86_64/jre/lib/charsets.jar:/usr/lib/jvm/java-1.8.0-openjdk-1.8.0.222.b10-1.el7_7.x86_64/jre/lib/jfr.jar:/usr/lib/jvm/java-1.8.0-openjdk-1.8.0.222.b10-1.el7_7.x86_64/jre/classes"/>
    <property name="sun.management.compiler" value="HotSpot 64-Bit Tiered Compilers"/>
    <property name="java.runtime.version" value="1.8.0_222-b10"/>
    <property name="java.net.preferIPv4Stack" value="true"/>
    <property name="user.name" value="jenkins1000"/>
    <property name="path.separator" value=":"/>
    <property name="java.security.egd" value="file:///dev/urandom"/>
    <property name="os.version" value="3.10.0-957.12.2.el7.x86_64"/>
    <property name="java.endorsed.dirs" value="/usr/lib/jvm/java-1.8.0-openjdk-1.8.0.222.b10-1.el7_7.x86_64/jre/lib/endorsed"/>
    <property name="java.runtime.name" value="OpenJDK Runtime Environment"/>
    <property name="file.encoding" value="ANSI_X3.4-1968"/>
    <property name="java.vm.name" value="OpenJDK 64-Bit Server VM"/>
    <property name="test.build.webapps" value=""/>
    <property name="localRepository" value="/home/user/.m2/repository"/>
    <property name="java.vendor.url.bug" value="http://bugreport.sun.com/bugreport/"/>
    <property name="java.io.tmpdir" value="/tmp"/>
    <property name="require.test.libhadoop" value=""/>
    <property name="java.version" value="1.8.0_222"/>
    <property name="user.dir" value="/workdir/hadoop-ozone/ozonefs"/>
    <property name="os.arch" value="amd64"/>
    <property name="java.vm.specification.name" value="Java Virtual Machine Specification"/>
    <property name="test.build.classes" value="/workdir/hadoop-ozone/ozonefs/target/test-classes"/>
    <property name="java.awt.printerjob" value="sun.print.PSPrinterJob"/>
    <property name="sun.os.patch.level" value="unknown"/>
    <property name="hadoop.tmp.dir" value="/workdir/hadoop-ozone/ozonefs/target/tmp"/>
    <property name="java.library.path" value="/usr/lib:/workdir/hadoop-ozone/ozonefs/target/native/target/usr/local/lib:/workdir/hadoop-ozone/ozonefs/../../hadoop-common-project/hadoop-common/target/native/target/usr/local/lib:/usr/java/packages/lib/amd64:/usr/lib64:/lib64:/lib:/usr/lib"/>
    <property name="java.vm.info" value="mixed mode"/>
    <property name="java.vendor" value="Oracle Corporation"/>
    <property name="java.vm.version" value="25.222-b10"/>
    <property name="java.ext.dirs" value="/usr/lib/jvm/java-1.8.0-openjdk-1.8.0.222.b10-1.el7_7.x86_64/jre/lib/ext:/usr/java/packages/lib/ext"/>
    <property name="sun.io.unicode.encoding" value="UnicodeLittle"/>
    <property name="java.class.version" value="52.0"/>
  </properties>
  <testcase name="testOzoneFsServiceLoader" classname="org.apache.hadoop.fs.ozone.TestOzoneFileSystem" time="21.531"/>
  <testcase name="testListStatusOnRoot" classname="org.apache.hadoop.fs.ozone.TestOzoneFileSystem" time="20.089"/>
  <testcase name="testListStatusOnSubDirs" classname="org.apache.hadoop.fs.ozone.TestOzoneFileSystem" time="58.307"/>
  <testcase name="testListStatus" classname="org.apache.hadoop.fs.ozone.TestOzoneFileSystem" time="35.467">
    <error message="Allocated 0 blocks. Requested 1 blocks" type="INTERNAL_ERROR org.apache.hadoop.ozone.om.exceptions.OMException">INTERNAL_ERROR org.apache.hadoop.ozone.om.exceptions.OMException: Allocated 0 blocks. Requested 1 blocks
	at org.apache.hadoop.ozone.om.protocolPB.OzoneManagerProtocolClientSideTranslatorPB.handleError(OzoneManagerProtocolClientSideTranslatorPB.java:758)
	at org.apache.hadoop.ozone.om.protocolPB.OzoneManagerProtocolClientSideTranslatorPB.createFile(OzoneManagerProtocolClientSideTranslatorPB.java:1562)
	at sun.reflect.NativeMethodAccessorImpl.invoke0(Native Method)
	at sun.reflect.NativeMethodAccessorImpl.invoke(NativeMethodAccessorImpl.java:62)
	at sun.reflect.DelegatingMethodAccessorImpl.invoke(DelegatingMethodAccessorImpl.java:43)
	at java.lang.reflect.Method.invoke(Method.java:498)
	at org.apache.hadoop.hdds.tracing.TraceAllMethod.invoke(TraceAllMethod.java:66)
	at com.sun.proxy.$Proxy38.createFile(Unknown Source)
	at org.apache.hadoop.ozone.client.rpc.RpcClient.createFile(RpcClient.java:1025)
	at org.apache.hadoop.ozone.client.OzoneBucket.createFile(OzoneBucket.java:537)
	at org.apache.hadoop.fs.ozone.BasicOzoneClientAdapterImpl.createFile(BasicOzoneClientAdapterImpl.java:208)
	at org.apache.hadoop.fs.ozone.BasicOzoneFileSystem.createOutputStream(BasicOzoneFileSystem.java:250)
	at org.apache.hadoop.fs.ozone.BasicOzoneFileSystem.create(BasicOzoneFileSystem.java:231)
	at org.apache.hadoop.fs.FileSystem.create(FileSystem.java:1118)
	at org.apache.hadoop.fs.FileSystem.create(FileSystem.java:1098)
	at org.apache.hadoop.fs.FileSystem.create(FileSystem.java:987)
	at org.apache.hadoop.fs.contract.ContractTestUtils.createFile(ContractTestUtils.java:633)
	at org.apache.hadoop.fs.contract.ContractTestUtils.touch(ContractTestUtils.java:669)
	at org.apache.hadoop.fs.ozone.TestOzoneFileSystem.testListStatus(TestOzoneFileSystem.java:159)
	at sun.reflect.NativeMethodAccessorImpl.invoke0(Native Method)
	at sun.reflect.NativeMethodAccessorImpl.invoke(NativeMethodAccessorImpl.java:62)
	at sun.reflect.DelegatingMethodAccessorImpl.invoke(DelegatingMethodAccessorImpl.java:43)
	at java.lang.reflect.Method.invoke(Method.java:498)
	at org.junit.runners.model.FrameworkMethod$1.runReflectiveCall(FrameworkMethod.java:47)
	at org.junit.internal.runners.model.ReflectiveCallable.run(ReflectiveCallable.java:12)
	at org.junit.runners.model.FrameworkMethod.invokeExplosively(FrameworkMethod.java:44)
	at org.junit.internal.runners.statements.InvokeMethod.evaluate(InvokeMethod.java:17)
	at org.junit.internal.runners.statements.RunBefores.evaluate(RunBefores.java:26)
	at org.junit.internal.runners.statements.RunAfters.evaluate(RunAfters.java:27)
	at org.junit.internal.runners.statements.FailOnTimeout$StatementThread.run(FailOnTimeout.java:74)
</error>
    <system-out><![CDATA[2019-11-14 00:30:15,745 [Thread-646] WARN  server.ServerUtils (ServerUtils.java:getScmDbDir(145)) - ozone.scm.db.dirs is not configured. We recommend adding this setting. Falling back to ozone.metadata.dirs instead.
2019-11-14 00:30:15,770 [Thread-646] WARN  server.ServerUtils (ServerUtils.java:getScmDbDir(145)) - ozone.scm.db.dirs is not configured. We recommend adding this setting. Falling back to ozone.metadata.dirs instead.
2019-11-14 00:30:15,770 [Thread-646] WARN  server.ServerUtils (ServerUtils.java:getScmDbDir(145)) - ozone.scm.db.dirs is not configured. We recommend adding this setting. Falling back to ozone.metadata.dirs instead.
2019-11-14 00:30:15,771 [Thread-646] INFO  db.DBStoreBuilder (DBStoreBuilder.java:addTable(127)) - using custom profile for table: deletedBlocks
2019-11-14 00:30:15,771 [Thread-646] INFO  db.DBStoreBuilder (DBStoreBuilder.java:processTables(183)) - Using default column profile:DBProfile.DISK for Table:deletedBlocks
2019-11-14 00:30:15,771 [Thread-646] INFO  db.DBStoreBuilder (DBStoreBuilder.java:addTable(127)) - using custom profile for table: validCerts
2019-11-14 00:30:15,771 [Thread-646] INFO  db.DBStoreBuilder (DBStoreBuilder.java:processTables(183)) - Using default column profile:DBProfile.DISK for Table:validCerts
2019-11-14 00:30:15,772 [Thread-646] INFO  db.DBStoreBuilder (DBStoreBuilder.java:addTable(127)) - using custom profile for table: revokedCerts
2019-11-14 00:30:15,772 [Thread-646] INFO  db.DBStoreBuilder (DBStoreBuilder.java:processTables(183)) - Using default column profile:DBProfile.DISK for Table:revokedCerts
2019-11-14 00:30:15,772 [Thread-646] INFO  db.DBStoreBuilder (DBStoreBuilder.java:addTable(127)) - using custom profile for table: default
2019-11-14 00:30:15,772 [Thread-646] INFO  db.DBStoreBuilder (DBStoreBuilder.java:processTables(189)) - Using default column profile:DBProfile.DISK for Table:default
2019-11-14 00:30:15,772 [Thread-646] INFO  db.DBStoreBuilder (DBStoreBuilder.java:getDbProfile(220)) - Using default options. DBProfile.DISK
2019-11-14 00:30:16,158 [Thread-646] INFO  net.NodeSchemaLoader (NodeSchemaLoader.java:loadSchemaFromFile(125)) - Loading file from sun.misc.CompoundEnumeration@7db08b29
2019-11-14 00:30:16,158 [Thread-646] INFO  net.NodeSchemaLoader (NodeSchemaLoader.java:loadSchema(171)) - Loading network topology layer schema file
2019-11-14 00:30:16,163 [Thread-646] WARN  server.ServerUtils (ServerUtils.java:sanitizeUserArgs(70)) - ozone.scm.stale.node.interval value = 300000 is larger than max = 100000 based on the key value of ozone.scm.heartbeat.thread.interval, reset to the max value 100000.
2019-11-14 00:30:16,163 [Thread-646] WARN  server.ServerUtils (ServerUtils.java:sanitizeUserArgs(70)) - ozone.scm.stale.node.interval value = 300000 is larger than max = 100000 based on the key value of ozone.scm.heartbeat.thread.interval, reset to the max value 100000.
2019-11-14 00:30:16,164 [Thread-646] INFO  node.SCMNodeManager (SCMNodeManager.java:<init>(116)) - Entering startup safe mode.
2019-11-14 00:30:16,164 [Thread-646] INFO  algorithms.ContainerPlacementPolicyFactory (ContainerPlacementPolicyFactory.java:getPolicy(57)) - Create container placement policy of type org.apache.hadoop.hdds.scm.container.placement.algorithms.SCMContainerPlacementRandom
2019-11-14 00:30:16,165 [Thread-646] WARN  server.ServerUtils (ServerUtils.java:getScmDbDir(145)) - ozone.scm.db.dirs is not configured. We recommend adding this setting. Falling back to ozone.metadata.dirs instead.
2019-11-14 00:30:16,304 [Thread-646] INFO  pipeline.SCMPipelineManager (SCMPipelineManager.java:initializePipelineState(132)) - No pipeline exists in current db
2019-11-14 00:30:16,304 [Thread-646] WARN  server.ServerUtils (ServerUtils.java:getScmDbDir(145)) - ozone.scm.db.dirs is not configured. We recommend adding this setting. Falling back to ozone.metadata.dirs instead.
2019-11-14 00:30:16,409 [Thread-646] WARN  events.EventQueue (EventQueue.java:fireEvent(183)) - No event handler registered for event TypedEvent{payloadType=SafeModeStatus, name='SafeModeStatus'}
2019-11-14 00:30:16,410 [Thread-646] INFO  ipc.CallQueueManager (CallQueueManager.java:<init>(84)) - Using callQueue: class java.util.concurrent.LinkedBlockingQueue, queueCapacity: 2000, scheduler: class org.apache.hadoop.ipc.DefaultRpcScheduler, ipcBackoff: false.
2019-11-14 00:30:16,410 [Socket Reader #1 for port 39906] INFO  ipc.Server (Server.java:run(1074)) - Starting Socket Reader #1 for port 39906
2019-11-14 00:30:16,411 [Thread-646] INFO  ipc.CallQueueManager (CallQueueManager.java:<init>(84)) - Using callQueue: class java.util.concurrent.LinkedBlockingQueue, queueCapacity: 2000, scheduler: class org.apache.hadoop.ipc.DefaultRpcScheduler, ipcBackoff: false.
2019-11-14 00:30:16,412 [Socket Reader #1 for port 43997] INFO  ipc.Server (Server.java:run(1074)) - Starting Socket Reader #1 for port 43997
2019-11-14 00:30:16,413 [Thread-646] INFO  ipc.CallQueueManager (CallQueueManager.java:<init>(84)) - Using callQueue: class java.util.concurrent.LinkedBlockingQueue, queueCapacity: 2000, scheduler: class org.apache.hadoop.ipc.DefaultRpcScheduler, ipcBackoff: false.
2019-11-14 00:30:16,413 [Socket Reader #1 for port 41282] INFO  ipc.Server (Server.java:run(1074)) - Starting Socket Reader #1 for port 41282
2019-11-14 00:30:16,415 [Thread-646] INFO  hdfs.DFSUtil (DFSUtil.java:httpServerTemplateForNNAndJN(1641)) - Starting Web-server for scm at: http://0.0.0.0:0
2019-11-14 00:30:16,418 [Thread-646] INFO  server.AuthenticationFilter (AuthenticationFilter.java:constructSecretProvider(240)) - Unable to initialize FileSignerSecretProvider, falling back to use random secrets.
2019-11-14 00:30:16,418 [Thread-646] WARN  http.HttpRequestLog (HttpRequestLog.java:getRequestLog(97)) - Jetty request log can only be enabled using Log4j
2019-11-14 00:30:16,420 [Thread-646] INFO  http.HttpServer2 (HttpServer2.java:addGlobalFilter(975)) - Added global filter 'safety' (class=org.apache.hadoop.http.HttpServer2$QuotingInputFilter)
2019-11-14 00:30:16,421 [Thread-646] INFO  http.HttpServer2 (HttpServer2.java:addFilter(948)) - Added filter static_user_filter (class=org.apache.hadoop.http.lib.StaticUserWebFilter$StaticUserFilter) to context scm
2019-11-14 00:30:16,421 [Thread-646] INFO  http.HttpServer2 (HttpServer2.java:addFilter(958)) - Added filter static_user_filter (class=org.apache.hadoop.http.lib.StaticUserWebFilter$StaticUserFilter) to context logs
2019-11-14 00:30:16,421 [Thread-646] INFO  http.HttpServer2 (HttpServer2.java:addFilter(958)) - Added filter static_user_filter (class=org.apache.hadoop.http.lib.StaticUserWebFilter$StaticUserFilter) to context static
2019-11-14 00:30:16,423 [Thread-646] INFO  server.StorageContainerManager (StorageContainerManager.java:start(764)) - StorageContainerLocationProtocol RPC server is listening at /0.0.0.0:41282
2019-11-14 00:30:16,424 [Thread-646] WARN  impl.MetricsConfig (MetricsConfig.java:loadFirst(134)) - Cannot locate configuration: tried hadoop-metrics2-storagecontainermanager.properties,hadoop-metrics2.properties
2019-11-14 00:30:16,426 [Thread-646] INFO  impl.MetricsSystemImpl (MetricsSystemImpl.java:startTimer(374)) - Scheduled Metric snapshot period at 10 second(s).
2019-11-14 00:30:16,426 [Thread-646] INFO  impl.MetricsSystemImpl (MetricsSystemImpl.java:start(191)) - StorageContainerManager metrics system started
2019-11-14 00:30:16,461 [Thread-646] WARN  impl.MetricsSystemImpl (MetricsSystemImpl.java:register(276)) - Sink prometheus already exists!
2019-11-14 00:30:16,467 [Thread-646] INFO  server.SCMClientProtocolServer (SCMClientProtocolServer.java:start(159)) - RPC server for Client  is listening at /0.0.0.0:41282
2019-11-14 00:30:16,467 [IPC Server Responder] INFO  ipc.Server (Server.java:run(1314)) - IPC Server Responder: starting
2019-11-14 00:30:16,467 [IPC Server listener on 41282] INFO  ipc.Server (Server.java:run(1153)) - IPC Server listener on 41282: starting
2019-11-14 00:30:16,470 [Thread-646] INFO  server.StorageContainerManager (StorageContainerManager.java:start(774)) - ScmBlockLocationProtocol RPC server is listening at /0.0.0.0:43997
2019-11-14 00:30:16,471 [Thread-646] INFO  server.SCMBlockProtocolServer (SCMBlockProtocolServer.java:start(146)) - RPC server for Block Protocol is listening at /0.0.0.0:43997
2019-11-14 00:30:16,471 [IPC Server Responder] INFO  ipc.Server (Server.java:run(1314)) - IPC Server Responder: starting
2019-11-14 00:30:16,471 [IPC Server listener on 43997] INFO  ipc.Server (Server.java:run(1153)) - IPC Server listener on 43997: starting
2019-11-14 00:30:16,475 [Thread-646] INFO  server.StorageContainerManager (StorageContainerManager.java:start(778)) - ScmDatanodeProtocl RPC server is listening at /0.0.0.0:39906
2019-11-14 00:30:16,475 [Thread-646] INFO  server.SCMDatanodeProtocolServer (SCMDatanodeProtocolServer.java:start(169)) - RPC server for DataNodes is listening at /0.0.0.0:39906
2019-11-14 00:30:16,476 [IPC Server Responder] INFO  ipc.Server (Server.java:run(1314)) - IPC Server Responder: starting
2019-11-14 00:30:16,476 [IPC Server listener on 39906] INFO  ipc.Server (Server.java:run(1153)) - IPC Server listener on 39906: starting
2019-11-14 00:30:16,480 [Thread-646] INFO  http.HttpServer2 (HttpServer2.java:bindListener(1191)) - Jetty bound to port 34261
2019-11-14 00:30:16,480 [Thread-646] INFO  server.Server (Server.java:doStart(351)) - jetty-9.3.25.v20180904, build timestamp: 2018-09-04T21:11:46Z, git hash: 3ce520221d0240229c862b122d2b06c12a625732
2019-11-14 00:30:16,482 [Thread-646] INFO  handler.ContextHandler (ContextHandler.java:doStart(781)) - Started o.e.j.s.ServletContextHandler@64818327{/logs,file:///workdir/hadoop-ozone/ozonefs/target/log,AVAILABLE}
2019-11-14 00:30:16,483 [Thread-646] INFO  handler.ContextHandler (ContextHandler.java:doStart(781)) - Started o.e.j.s.ServletContextHandler@9b05bdf{/static,jar:file:/home/user/.m2/repository/org/apache/hadoop/hadoop-hdds-server-scm/0.5.0-SNAPSHOT/hadoop-hdds-server-scm-0.5.0-SNAPSHOT.jar!/webapps/static,AVAILABLE}
2019-11-14 00:30:16,536 [Thread-646] INFO  handler.ContextHandler (ContextHandler.java:doStart(781)) - Started o.e.j.w.WebAppContext@557fdf1f{/,file:///tmp/jetty-0.0.0.0-34261-scm-_-any-2474007251993438361.dir/webapp/,AVAILABLE}{/scm}
2019-11-14 00:30:16,536 [Thread-646] INFO  server.AbstractConnector (AbstractConnector.java:doStart(278)) - Started ServerConnector@6daa7e05{HTTP/1.1,[http/1.1]}{0.0.0.0:34261}
2019-11-14 00:30:16,537 [Thread-646] INFO  server.Server (Server.java:doStart(419)) - Started @101156ms
2019-11-14 00:30:16,537 [Thread-646] WARN  impl.MetricsSystemImpl (MetricsSystemImpl.java:register(276)) - Sink prometheus already exists!
2019-11-14 00:30:16,538 [Thread-646] INFO  server.BaseHttpServer (BaseHttpServer.java:updateConnectorAddress(215)) - HTTP server of SCM is listening at http://0.0.0.0:34261
2019-11-14 00:30:16,539 [Thread-646] WARN  server.ServerUtils (ServerUtils.java:getDBPath(222)) - ozone.om.db.dirs is not configured. We recommend adding this setting. Falling back to ozone.metadata.dirs instead.
2019-11-14 00:30:16,539 [org.apache.hadoop.util.JvmPauseMonitor$Monitor@a00f0a5] INFO  util.JvmPauseMonitor (JvmPauseMonitor.java:run(188)) - Starting JVM pause monitor
2019-11-14 00:30:16,583 [Thread-646] INFO  ha.OMHANodeDetails (OMHANodeDetails.java:loadOMHAConfig(190)) - Configuration either no ozone.om.address set. Falling back to the default OM address /127.0.0.1:0
2019-11-14 00:30:16,584 [Thread-646] INFO  ha.OMHANodeDetails (OMHANodeDetails.java:getOMNodeDetails(220)) - OM Service ID is not set. Setting it to the default ID: omServiceIdDefault
2019-11-14 00:30:16,584 [Thread-646] WARN  server.ServerUtils (ServerUtils.java:getDBPath(222)) - ozone.om.db.dirs is not configured. We recommend adding this setting. Falling back to ozone.metadata.dirs instead.
2019-11-14 00:30:16,584 [Thread-646] WARN  server.ServerUtils (ServerUtils.java:getDBPath(222)) - ozone.om.db.dirs is not configured. We recommend adding this setting. Falling back to ozone.metadata.dirs instead.
2019-11-14 00:30:16,592 [Thread-646] WARN  server.ServerUtils (ServerUtils.java:getDBPath(222)) - ozone.om.db.dirs is not configured. We recommend adding this setting. Falling back to ozone.metadata.dirs instead.
2019-11-14 00:30:16,592 [Thread-646] INFO  db.DBStoreBuilder (DBStoreBuilder.java:addTable(127)) - using custom profile for table: userTable
2019-11-14 00:30:16,593 [Thread-646] INFO  db.DBStoreBuilder (DBStoreBuilder.java:processTables(183)) - Using default column profile:DBProfile.DISK for Table:userTable
2019-11-14 00:30:16,593 [Thread-646] INFO  db.DBStoreBuilder (DBStoreBuilder.java:addTable(127)) - using custom profile for table: volumeTable
2019-11-14 00:30:16,593 [Thread-646] INFO  db.DBStoreBuilder (DBStoreBuilder.java:processTables(183)) - Using default column profile:DBProfile.DISK for Table:volumeTable
2019-11-14 00:30:16,593 [Thread-646] INFO  db.DBStoreBuilder (DBStoreBuilder.java:addTable(127)) - using custom profile for table: bucketTable
2019-11-14 00:30:16,593 [Thread-646] INFO  db.DBStoreBuilder (DBStoreBuilder.java:processTables(183)) - Using default column profile:DBProfile.DISK for Table:bucketTable
2019-11-14 00:30:16,594 [Thread-646] INFO  db.DBStoreBuilder (DBStoreBuilder.java:addTable(127)) - using custom profile for table: keyTable
2019-11-14 00:30:16,594 [Thread-646] INFO  db.DBStoreBuilder (DBStoreBuilder.java:processTables(183)) - Using default column profile:DBProfile.DISK for Table:keyTable
2019-11-14 00:30:16,594 [Thread-646] INFO  db.DBStoreBuilder (DBStoreBuilder.java:addTable(127)) - using custom profile for table: deletedTable
2019-11-14 00:30:16,594 [Thread-646] INFO  db.DBStoreBuilder (DBStoreBuilder.java:processTables(183)) - Using default column profile:DBProfile.DISK for Table:deletedTable
2019-11-14 00:30:16,594 [Thread-646] INFO  db.DBStoreBuilder (DBStoreBuilder.java:addTable(127)) - using custom profile for table: openKeyTable
2019-11-14 00:30:16,594 [Thread-646] INFO  db.DBStoreBuilder (DBStoreBuilder.java:processTables(183)) - Using default column profile:DBProfile.DISK for Table:openKeyTable
2019-11-14 00:30:16,595 [Thread-646] INFO  db.DBStoreBuilder (DBStoreBuilder.java:addTable(127)) - using custom profile for table: s3Table
2019-11-14 00:30:16,595 [Thread-646] INFO  db.DBStoreBuilder (DBStoreBuilder.java:processTables(183)) - Using default column profile:DBProfile.DISK for Table:s3Table
2019-11-14 00:30:16,595 [Thread-646] INFO  db.DBStoreBuilder (DBStoreBuilder.java:addTable(127)) - using custom profile for table: multipartInfoTable
2019-11-14 00:30:16,595 [Thread-646] INFO  db.DBStoreBuilder (DBStoreBuilder.java:processTables(183)) - Using default column profile:DBProfile.DISK for Table:multipartInfoTable
2019-11-14 00:30:16,595 [Thread-646] INFO  db.DBStoreBuilder (DBStoreBuilder.java:addTable(127)) - using custom profile for table: dTokenTable
2019-11-14 00:30:16,595 [Thread-646] INFO  db.DBStoreBuilder (DBStoreBuilder.java:processTables(183)) - Using default column profile:DBProfile.DISK for Table:dTokenTable
2019-11-14 00:30:16,596 [Thread-646] INFO  db.DBStoreBuilder (DBStoreBuilder.java:addTable(127)) - using custom profile for table: s3SecretTable
2019-11-14 00:30:16,596 [Thread-646] INFO  db.DBStoreBuilder (DBStoreBuilder.java:processTables(183)) - Using default column profile:DBProfile.DISK for Table:s3SecretTable
2019-11-14 00:30:16,596 [Thread-646] INFO  db.DBStoreBuilder (DBStoreBuilder.java:addTable(127)) - using custom profile for table: prefixTable
2019-11-14 00:30:16,596 [Thread-646] INFO  db.DBStoreBuilder (DBStoreBuilder.java:processTables(183)) - Using default column profile:DBProfile.DISK for Table:prefixTable
2019-11-14 00:30:16,596 [Thread-646] INFO  db.DBStoreBuilder (DBStoreBuilder.java:addTable(127)) - using custom profile for table: default
2019-11-14 00:30:16,596 [Thread-646] INFO  db.DBStoreBuilder (DBStoreBuilder.java:processTables(189)) - Using default column profile:DBProfile.DISK for Table:default
2019-11-14 00:30:16,597 [Thread-646] INFO  db.DBStoreBuilder (DBStoreBuilder.java:getDbProfile(220)) - Using default options. DBProfile.DISK
2019-11-14 00:30:16,994 [Thread-646] INFO  ipc.CallQueueManager (CallQueueManager.java:<init>(84)) - Using callQueue: class java.util.concurrent.LinkedBlockingQueue, queueCapacity: 2000, scheduler: class org.apache.hadoop.ipc.DefaultRpcScheduler, ipcBackoff: false.
2019-11-14 00:30:16,995 [Socket Reader #1 for port 46242] INFO  ipc.Server (Server.java:run(1074)) - Starting Socket Reader #1 for port 46242
2019-11-14 00:30:17,016 [Thread-646] INFO  om.OzoneManager (OzoneManager.java:start(1076)) - OzoneManager RPC server is listening at localhost/127.0.0.1:46242
2019-11-14 00:30:17,016 [Thread-646] INFO  impl.MetricsSystemImpl (MetricsSystemImpl.java:init(158)) - OzoneManager metrics system started (again)
2019-11-14 00:30:17,018 [IPC Server Responder] INFO  ipc.Server (Server.java:run(1314)) - IPC Server Responder: starting
2019-11-14 00:30:17,018 [IPC Server listener on 46242] INFO  ipc.Server (Server.java:run(1153)) - IPC Server listener on 46242: starting
2019-11-14 00:30:17,022 [Thread-646] INFO  hdfs.DFSUtil (DFSUtil.java:httpServerTemplateForNNAndJN(1641)) - Starting Web-server for ozoneManager at: http://0.0.0.0:0
2019-11-14 00:30:17,024 [Thread-646] INFO  server.AuthenticationFilter (AuthenticationFilter.java:constructSecretProvider(240)) - Unable to initialize FileSignerSecretProvider, falling back to use random secrets.
2019-11-14 00:30:17,024 [Thread-646] WARN  http.HttpRequestLog (HttpRequestLog.java:getRequestLog(97)) - Jetty request log can only be enabled using Log4j
2019-11-14 00:30:17,026 [Thread-646] INFO  http.HttpServer2 (HttpServer2.java:addGlobalFilter(975)) - Added global filter 'safety' (class=org.apache.hadoop.http.HttpServer2$QuotingInputFilter)
2019-11-14 00:30:17,026 [Thread-646] INFO  http.HttpServer2 (HttpServer2.java:addFilter(948)) - Added filter static_user_filter (class=org.apache.hadoop.http.lib.StaticUserWebFilter$StaticUserFilter) to context ozoneManager
2019-11-14 00:30:17,027 [Thread-646] INFO  http.HttpServer2 (HttpServer2.java:addFilter(958)) - Added filter static_user_filter (class=org.apache.hadoop.http.lib.StaticUserWebFilter$StaticUserFilter) to context logs
2019-11-14 00:30:17,027 [Thread-646] INFO  http.HttpServer2 (HttpServer2.java:addFilter(958)) - Added filter static_user_filter (class=org.apache.hadoop.http.lib.StaticUserWebFilter$StaticUserFilter) to context static
2019-11-14 00:30:17,027 [Thread-646] INFO  http.HttpServer2 (HttpServer2.java:bindListener(1191)) - Jetty bound to port 36604
2019-11-14 00:30:17,027 [Thread-646] INFO  server.Server (Server.java:doStart(351)) - jetty-9.3.25.v20180904, build timestamp: 2018-09-04T21:11:46Z, git hash: 3ce520221d0240229c862b122d2b06c12a625732
2019-11-14 00:30:17,030 [Thread-646] INFO  handler.ContextHandler (ContextHandler.java:doStart(781)) - Started o.e.j.s.ServletContextHandler@55a17125{/logs,file:///workdir/hadoop-ozone/ozonefs/target/log,AVAILABLE}
2019-11-14 00:30:17,030 [Thread-646] INFO  handler.ContextHandler (ContextHandler.java:doStart(781)) - Started o.e.j.s.ServletContextHandler@6a5c5a4a{/static,jar:file:/home/user/.m2/repository/org/apache/hadoop/hadoop-ozone-ozone-manager/0.5.0-SNAPSHOT/hadoop-ozone-ozone-manager-0.5.0-SNAPSHOT.jar!/webapps/static,AVAILABLE}
2019-11-14 00:30:17,097 [Thread-646] INFO  handler.ContextHandler (ContextHandler.java:doStart(781)) - Started o.e.j.w.WebAppContext@37e743ca{/,file:///tmp/jetty-0.0.0.0-36604-ozoneManager-_-any-7328839989836046709.dir/webapp/,AVAILABLE}{/ozoneManager}
2019-11-14 00:30:17,098 [Thread-646] INFO  server.AbstractConnector (AbstractConnector.java:doStart(278)) - Started ServerConnector@f7090cb{HTTP/1.1,[http/1.1]}{0.0.0.0:36604}
2019-11-14 00:30:17,098 [Thread-646] INFO  server.Server (Server.java:doStart(419)) - Started @101717ms
2019-11-14 00:30:17,098 [Thread-646] WARN  impl.MetricsSystemImpl (MetricsSystemImpl.java:register(276)) - Sink prometheus already exists!
2019-11-14 00:30:17,099 [Thread-646] INFO  server.BaseHttpServer (BaseHttpServer.java:updateConnectorAddress(215)) - HTTP server of OZONEMANAGER is listening at http://0.0.0.0:36604
2019-11-14 00:30:17,108 [Thread-646] INFO  impl.MetricsSystemImpl (MetricsSystemImpl.java:init(158)) - HddsDatanode metrics system started (again)
2019-11-14 00:30:17,110 [Thread-646] INFO  ozone.HddsDatanodeService (HddsDatanodeService.java:start(186)) - HddsDatanodeService host:pr-hdds-1987-8zf8w-776105129 ip:192.168.69.66
2019-11-14 00:30:17,118 [Thread-646] INFO  volume.HddsVolume (HddsVolume.java:<init>(176)) - Creating Volume: /workdir/hadoop-ozone/ozonefs/target/test-dir/MiniOzoneClusterImpl-e2e642c9-a982-4ec5-8d8a-1e30a3ea3417/datanode-0/data/containers/hdds of  storage type : DISK and capacity : 1482555576320
2019-11-14 00:30:17,118 [Thread-646] INFO  volume.VolumeSet (VolumeSet.java:initializeVolumeSet(170)) - Added Volume : /workdir/hadoop-ozone/ozonefs/target/test-dir/MiniOzoneClusterImpl-e2e642c9-a982-4ec5-8d8a-1e30a3ea3417/datanode-0/data/containers/hdds to VolumeSet
2019-11-14 00:30:17,118 [Thread-646] INFO  volume.ThrottledAsyncChecker (ThrottledAsyncChecker.java:schedule(141)) - Scheduling a check for /workdir/hadoop-ozone/ozonefs/target/test-dir/MiniOzoneClusterImpl-e2e642c9-a982-4ec5-8d8a-1e30a3ea3417/datanode-0/data/containers/hdds
2019-11-14 00:30:17,119 [Thread-646] INFO  volume.HddsVolumeChecker (HddsVolumeChecker.java:checkAllVolumes(204)) - Scheduled health check for volume /workdir/hadoop-ozone/ozonefs/target/test-dir/MiniOzoneClusterImpl-e2e642c9-a982-4ec5-8d8a-1e30a3ea3417/datanode-0/data/containers/hdds
2019-11-14 00:30:17,140 [Thread-646] INFO  impl.RaftServerProxy (ConfUtils.java:logGet(43)) - raft.rpc.type = GRPC (default)
2019-11-14 00:30:17,140 [Thread-646] INFO  grpc.GrpcFactory (GrpcFactory.java:checkPooledByteBufAllocatorUseCacheForAllThreads(45)) - PERFORMANCE WARNING: useCacheForAllThreads is true that may cause Netty to create a lot garbage objects and, as a result, trigger GC.
	It is recommended to disable useCacheForAllThreads by setting -Dorg.apache.ratis.thirdparty.io.netty.allocator.useCacheForAllThreads=false in command line.
2019-11-14 00:30:17,140 [Thread-646] INFO  grpc.GrpcConfigKeys$Server (ConfUtils.java:logGet(43)) - raft.grpc.server.port = 0 (default)
2019-11-14 00:30:17,140 [Thread-646] INFO  server.GrpcService (ConfUtils.java:logGet(43)) - raft.grpc.message.size.max = 33570816 (custom)
2019-11-14 00:30:17,140 [Thread-646] INFO  server.RaftServerConfigKeys (ConfUtils.java:logGet(43)) - raft.server.log.appender.buffer.byte-limit = 33554432 (custom)
2019-11-14 00:30:17,141 [Thread-646] INFO  server.GrpcService (ConfUtils.java:logGet(43)) - raft.grpc.flow.control.window = 1MB (=1048576) (default)
2019-11-14 00:30:17,141 [Thread-646] INFO  server.RaftServerConfigKeys (ConfUtils.java:logGet(43)) - raft.server.rpc.request.timeout = 3000ms (default)
2019-11-14 00:30:17,142 [Thread-646] INFO  server.RaftServerConfigKeys (ConfUtils.java:logGet(43)) - raft.server.storage.dir = [/workdir/hadoop-ozone/ozonefs/target/test-dir/MiniOzoneClusterImpl-e2e642c9-a982-4ec5-8d8a-1e30a3ea3417/datanode-0/data/ratis] (custom)
2019-11-14 00:30:17,143 [Thread-646] INFO  hdfs.DFSUtil (DFSUtil.java:httpServerTemplateForNNAndJN(1641)) - Starting Web-server for hddsDatanode at: http://0.0.0.0:0
2019-11-14 00:30:17,145 [Thread-646] INFO  server.AuthenticationFilter (AuthenticationFilter.java:constructSecretProvider(240)) - Unable to initialize FileSignerSecretProvider, falling back to use random secrets.
2019-11-14 00:30:17,145 [Thread-646] WARN  http.HttpRequestLog (HttpRequestLog.java:getRequestLog(97)) - Jetty request log can only be enabled using Log4j
2019-11-14 00:30:17,147 [Thread-646] INFO  http.HttpServer2 (HttpServer2.java:addGlobalFilter(975)) - Added global filter 'safety' (class=org.apache.hadoop.http.HttpServer2$QuotingInputFilter)
2019-11-14 00:30:17,148 [Thread-646] INFO  http.HttpServer2 (HttpServer2.java:addFilter(948)) - Added filter static_user_filter (class=org.apache.hadoop.http.lib.StaticUserWebFilter$StaticUserFilter) to context hddsDatanode
2019-11-14 00:30:17,148 [Thread-646] INFO  http.HttpServer2 (HttpServer2.java:addFilter(958)) - Added filter static_user_filter (class=org.apache.hadoop.http.lib.StaticUserWebFilter$StaticUserFilter) to context static
2019-11-14 00:30:17,148 [Thread-646] INFO  http.HttpServer2 (HttpServer2.java:addFilter(958)) - Added filter static_user_filter (class=org.apache.hadoop.http.lib.StaticUserWebFilter$StaticUserFilter) to context logs
2019-11-14 00:30:17,149 [Thread-646] INFO  http.HttpServer2 (HttpServer2.java:bindListener(1191)) - Jetty bound to port 37150
2019-11-14 00:30:17,149 [Thread-646] INFO  server.Server (Server.java:doStart(351)) - jetty-9.3.25.v20180904, build timestamp: 2018-09-04T21:11:46Z, git hash: 3ce520221d0240229c862b122d2b06c12a625732
2019-11-14 00:30:17,151 [Thread-646] INFO  handler.ContextHandler (ContextHandler.java:doStart(781)) - Started o.e.j.s.ServletContextHandler@24aec260{/logs,file:///workdir/hadoop-ozone/ozonefs/target/log,AVAILABLE}
2019-11-14 00:30:17,152 [Thread-646] INFO  handler.ContextHandler (ContextHandler.java:doStart(781)) - Started o.e.j.s.ServletContextHandler@637c8d86{/static,jar:file:/home/user/.m2/repository/org/apache/hadoop/hadoop-hdds-container-service/0.5.0-SNAPSHOT/hadoop-hdds-container-service-0.5.0-SNAPSHOT.jar!/webapps/static,AVAILABLE}
2019-11-14 00:30:17,178 [Thread-646] INFO  handler.ContextHandler (ContextHandler.java:doStart(781)) - Started o.e.j.w.WebAppContext@5a70b456{/,file:///tmp/jetty-0.0.0.0-37150-hddsDatanode-_-any-4027860900362885989.dir/webapp/,AVAILABLE}{/hddsDatanode}
2019-11-14 00:30:17,178 [Thread-646] INFO  server.AbstractConnector (AbstractConnector.java:doStart(278)) - Started ServerConnector@29143236{HTTP/1.1,[http/1.1]}{0.0.0.0:37150}
2019-11-14 00:30:17,179 [Thread-646] INFO  server.Server (Server.java:doStart(419)) - Started @101798ms
2019-11-14 00:30:17,179 [Thread-646] WARN  impl.MetricsSystemImpl (MetricsSystemImpl.java:register(276)) - Sink prometheus already exists!
2019-11-14 00:30:17,180 [Thread-646] INFO  server.BaseHttpServer (BaseHttpServer.java:updateConnectorAddress(215)) - HTTP server of HDDSDATANODE is listening at http://0.0.0.0:37150
2019-11-14 00:30:17,180 [Thread-646] INFO  impl.MetricsSystemImpl (MetricsSystemImpl.java:init(158)) - HddsDatanode metrics system started (again)
2019-11-14 00:30:17,185 [org.apache.hadoop.util.JvmPauseMonitor$Monitor@659a0372] INFO  util.JvmPauseMonitor (JvmPauseMonitor.java:run(188)) - Starting JVM pause monitor
2019-11-14 00:30:17,186 [Thread-646] INFO  ozone.HddsDatanodeService (HddsDatanodeService.java:start(186)) - HddsDatanodeService host:pr-hdds-1987-8zf8w-776105129 ip:192.168.69.66
2019-11-14 00:30:17,188 [Datanode State Machine Thread - 0] INFO  datanode.InitDatanodeState (InitDatanodeState.java:persistContainerDatanodeDetails(140)) - DatanodeDetails is persisted to /workdir/hadoop-ozone/ozonefs/target/test-dir/MiniOzoneClusterImpl-e2e642c9-a982-4ec5-8d8a-1e30a3ea3417/datanode-0/meta/datanode.id
2019-11-14 00:30:17,193 [Thread-646] INFO  volume.HddsVolume (HddsVolume.java:<init>(176)) - Creating Volume: /workdir/hadoop-ozone/ozonefs/target/test-dir/MiniOzoneClusterImpl-e2e642c9-a982-4ec5-8d8a-1e30a3ea3417/datanode-1/data/containers/hdds of  storage type : DISK and capacity : 1482555576320
2019-11-14 00:30:17,194 [Thread-646] INFO  volume.VolumeSet (VolumeSet.java:initializeVolumeSet(170)) - Added Volume : /workdir/hadoop-ozone/ozonefs/target/test-dir/MiniOzoneClusterImpl-e2e642c9-a982-4ec5-8d8a-1e30a3ea3417/datanode-1/data/containers/hdds to VolumeSet
2019-11-14 00:30:17,194 [Thread-646] INFO  volume.ThrottledAsyncChecker (ThrottledAsyncChecker.java:schedule(141)) - Scheduling a check for /workdir/hadoop-ozone/ozonefs/target/test-dir/MiniOzoneClusterImpl-e2e642c9-a982-4ec5-8d8a-1e30a3ea3417/datanode-1/data/containers/hdds
2019-11-14 00:30:17,194 [Thread-646] INFO  volume.HddsVolumeChecker (HddsVolumeChecker.java:checkAllVolumes(204)) - Scheduled health check for volume /workdir/hadoop-ozone/ozonefs/target/test-dir/MiniOzoneClusterImpl-e2e642c9-a982-4ec5-8d8a-1e30a3ea3417/datanode-1/data/containers/hdds
2019-11-14 00:30:17,217 [Thread-646] INFO  impl.RaftServerProxy (ConfUtils.java:logGet(43)) - raft.rpc.type = GRPC (default)
2019-11-14 00:30:17,217 [Thread-646] INFO  grpc.GrpcFactory (GrpcFactory.java:checkPooledByteBufAllocatorUseCacheForAllThreads(45)) - PERFORMANCE WARNING: useCacheForAllThreads is true that may cause Netty to create a lot garbage objects and, as a result, trigger GC.
	It is recommended to disable useCacheForAllThreads by setting -Dorg.apache.ratis.thirdparty.io.netty.allocator.useCacheForAllThreads=false in command line.
2019-11-14 00:30:17,217 [Thread-646] INFO  grpc.GrpcConfigKeys$Server (ConfUtils.java:logGet(43)) - raft.grpc.server.port = 0 (default)
2019-11-14 00:30:17,217 [Thread-646] INFO  server.GrpcService (ConfUtils.java:logGet(43)) - raft.grpc.message.size.max = 33570816 (custom)
2019-11-14 00:30:17,217 [Thread-646] INFO  server.RaftServerConfigKeys (ConfUtils.java:logGet(43)) - raft.server.log.appender.buffer.byte-limit = 33554432 (custom)
2019-11-14 00:30:17,217 [Thread-646] INFO  server.GrpcService (ConfUtils.java:logGet(43)) - raft.grpc.flow.control.window = 1MB (=1048576) (default)
2019-11-14 00:30:17,218 [Thread-646] INFO  server.RaftServerConfigKeys (ConfUtils.java:logGet(43)) - raft.server.rpc.request.timeout = 3000ms (default)
2019-11-14 00:30:17,218 [Thread-646] INFO  server.RaftServerConfigKeys (ConfUtils.java:logGet(43)) - raft.server.storage.dir = [/workdir/hadoop-ozone/ozonefs/target/test-dir/MiniOzoneClusterImpl-e2e642c9-a982-4ec5-8d8a-1e30a3ea3417/datanode-1/data/ratis] (custom)
2019-11-14 00:30:17,220 [Thread-646] INFO  hdfs.DFSUtil (DFSUtil.java:httpServerTemplateForNNAndJN(1641)) - Starting Web-server for hddsDatanode at: http://0.0.0.0:0
2019-11-14 00:30:17,221 [Thread-646] INFO  server.AuthenticationFilter (AuthenticationFilter.java:constructSecretProvider(240)) - Unable to initialize FileSignerSecretProvider, falling back to use random secrets.
2019-11-14 00:30:17,221 [Thread-646] WARN  http.HttpRequestLog (HttpRequestLog.java:getRequestLog(97)) - Jetty request log can only be enabled using Log4j
2019-11-14 00:30:17,223 [Thread-646] INFO  http.HttpServer2 (HttpServer2.java:addGlobalFilter(975)) - Added global filter 'safety' (class=org.apache.hadoop.http.HttpServer2$QuotingInputFilter)
2019-11-14 00:30:17,224 [Thread-646] INFO  http.HttpServer2 (HttpServer2.java:addFilter(948)) - Added filter static_user_filter (class=org.apache.hadoop.http.lib.StaticUserWebFilter$StaticUserFilter) to context hddsDatanode
2019-11-14 00:30:17,224 [Thread-646] INFO  http.HttpServer2 (HttpServer2.java:addFilter(958)) - Added filter static_user_filter (class=org.apache.hadoop.http.lib.StaticUserWebFilter$StaticUserFilter) to context logs
2019-11-14 00:30:17,224 [Thread-646] INFO  http.HttpServer2 (HttpServer2.java:addFilter(958)) - Added filter static_user_filter (class=org.apache.hadoop.http.lib.StaticUserWebFilter$StaticUserFilter) to context static
2019-11-14 00:30:17,224 [Thread-646] INFO  http.HttpServer2 (HttpServer2.java:bindListener(1191)) - Jetty bound to port 46413
2019-11-14 00:30:17,224 [Thread-646] INFO  server.Server (Server.java:doStart(351)) - jetty-9.3.25.v20180904, build timestamp: 2018-09-04T21:11:46Z, git hash: 3ce520221d0240229c862b122d2b06c12a625732
2019-11-14 00:30:17,226 [Thread-646] INFO  handler.ContextHandler (ContextHandler.java:doStart(781)) - Started o.e.j.s.ServletContextHandler@1b315bf7{/logs,file:///workdir/hadoop-ozone/ozonefs/target/log,AVAILABLE}
2019-11-14 00:30:17,226 [Thread-646] INFO  handler.ContextHandler (ContextHandler.java:doStart(781)) - Started o.e.j.s.ServletContextHandler@57cddbb2{/static,jar:file:/home/user/.m2/repository/org/apache/hadoop/hadoop-hdds-container-service/0.5.0-SNAPSHOT/hadoop-hdds-container-service-0.5.0-SNAPSHOT.jar!/webapps/static,AVAILABLE}
2019-11-14 00:30:17,253 [Thread-646] INFO  handler.ContextHandler (ContextHandler.java:doStart(781)) - Started o.e.j.w.WebAppContext@3950c8d4{/,file:///tmp/jetty-0.0.0.0-46413-hddsDatanode-_-any-2720158628494929282.dir/webapp/,AVAILABLE}{/hddsDatanode}
2019-11-14 00:30:17,253 [Thread-646] INFO  server.AbstractConnector (AbstractConnector.java:doStart(278)) - Started ServerConnector@6c4011f3{HTTP/1.1,[http/1.1]}{0.0.0.0:46413}
2019-11-14 00:30:17,254 [Thread-646] INFO  server.Server (Server.java:doStart(419)) - Started @101873ms
2019-11-14 00:30:17,254 [Thread-646] WARN  impl.MetricsSystemImpl (MetricsSystemImpl.java:register(276)) - Sink prometheus already exists!
2019-11-14 00:30:17,255 [Thread-646] INFO  server.BaseHttpServer (BaseHttpServer.java:updateConnectorAddress(215)) - HTTP server of HDDSDATANODE is listening at http://0.0.0.0:46413
2019-11-14 00:30:17,255 [Thread-646] INFO  impl.MetricsSystemImpl (MetricsSystemImpl.java:init(158)) - HddsDatanode metrics system started (again)
2019-11-14 00:30:17,259 [org.apache.hadoop.util.JvmPauseMonitor$Monitor@7c74f3bd] INFO  util.JvmPauseMonitor (JvmPauseMonitor.java:run(188)) - Starting JVM pause monitor
2019-11-14 00:30:17,259 [Thread-646] INFO  ozone.HddsDatanodeService (HddsDatanodeService.java:start(186)) - HddsDatanodeService host:pr-hdds-1987-8zf8w-776105129 ip:192.168.69.66
2019-11-14 00:30:17,261 [Datanode State Machine Thread - 0] INFO  datanode.InitDatanodeState (InitDatanodeState.java:persistContainerDatanodeDetails(140)) - DatanodeDetails is persisted to /workdir/hadoop-ozone/ozonefs/target/test-dir/MiniOzoneClusterImpl-e2e642c9-a982-4ec5-8d8a-1e30a3ea3417/datanode-1/meta/datanode.id
2019-11-14 00:30:17,266 [Thread-646] INFO  volume.HddsVolume (HddsVolume.java:<init>(176)) - Creating Volume: /workdir/hadoop-ozone/ozonefs/target/test-dir/MiniOzoneClusterImpl-e2e642c9-a982-4ec5-8d8a-1e30a3ea3417/datanode-2/data/containers/hdds of  storage type : DISK and capacity : 1482555576320
2019-11-14 00:30:17,267 [Thread-646] INFO  volume.VolumeSet (VolumeSet.java:initializeVolumeSet(170)) - Added Volume : /workdir/hadoop-ozone/ozonefs/target/test-dir/MiniOzoneClusterImpl-e2e642c9-a982-4ec5-8d8a-1e30a3ea3417/datanode-2/data/containers/hdds to VolumeSet
2019-11-14 00:30:17,267 [Thread-646] INFO  volume.ThrottledAsyncChecker (ThrottledAsyncChecker.java:schedule(141)) - Scheduling a check for /workdir/hadoop-ozone/ozonefs/target/test-dir/MiniOzoneClusterImpl-e2e642c9-a982-4ec5-8d8a-1e30a3ea3417/datanode-2/data/containers/hdds
2019-11-14 00:30:17,267 [Thread-646] INFO  volume.HddsVolumeChecker (HddsVolumeChecker.java:checkAllVolumes(204)) - Scheduled health check for volume /workdir/hadoop-ozone/ozonefs/target/test-dir/MiniOzoneClusterImpl-e2e642c9-a982-4ec5-8d8a-1e30a3ea3417/datanode-2/data/containers/hdds
2019-11-14 00:30:17,290 [Thread-646] INFO  impl.RaftServerProxy (ConfUtils.java:logGet(43)) - raft.rpc.type = GRPC (default)
2019-11-14 00:30:17,290 [Thread-646] INFO  grpc.GrpcFactory (GrpcFactory.java:checkPooledByteBufAllocatorUseCacheForAllThreads(45)) - PERFORMANCE WARNING: useCacheForAllThreads is true that may cause Netty to create a lot garbage objects and, as a result, trigger GC.
	It is recommended to disable useCacheForAllThreads by setting -Dorg.apache.ratis.thirdparty.io.netty.allocator.useCacheForAllThreads=false in command line.
2019-11-14 00:30:17,290 [Thread-646] INFO  grpc.GrpcConfigKeys$Server (ConfUtils.java:logGet(43)) - raft.grpc.server.port = 0 (default)
2019-11-14 00:30:17,290 [Thread-646] INFO  server.GrpcService (ConfUtils.java:logGet(43)) - raft.grpc.message.size.max = 33570816 (custom)
2019-11-14 00:30:17,290 [Thread-646] INFO  server.RaftServerConfigKeys (ConfUtils.java:logGet(43)) - raft.server.log.appender.buffer.byte-limit = 33554432 (custom)
2019-11-14 00:30:17,290 [Thread-646] INFO  server.GrpcService (ConfUtils.java:logGet(43)) - raft.grpc.flow.control.window = 1MB (=1048576) (default)
2019-11-14 00:30:17,291 [Thread-646] INFO  server.RaftServerConfigKeys (ConfUtils.java:logGet(43)) - raft.server.rpc.request.timeout = 3000ms (default)
2019-11-14 00:30:17,291 [Thread-646] INFO  server.RaftServerConfigKeys (ConfUtils.java:logGet(43)) - raft.server.storage.dir = [/workdir/hadoop-ozone/ozonefs/target/test-dir/MiniOzoneClusterImpl-e2e642c9-a982-4ec5-8d8a-1e30a3ea3417/datanode-2/data/ratis] (custom)
2019-11-14 00:30:17,293 [Thread-646] INFO  hdfs.DFSUtil (DFSUtil.java:httpServerTemplateForNNAndJN(1641)) - Starting Web-server for hddsDatanode at: http://0.0.0.0:0
2019-11-14 00:30:17,295 [Thread-646] INFO  server.AuthenticationFilter (AuthenticationFilter.java:constructSecretProvider(240)) - Unable to initialize FileSignerSecretProvider, falling back to use random secrets.
2019-11-14 00:30:17,296 [Thread-646] WARN  http.HttpRequestLog (HttpRequestLog.java:getRequestLog(97)) - Jetty request log can only be enabled using Log4j
2019-11-14 00:30:17,298 [Thread-646] INFO  http.HttpServer2 (HttpServer2.java:addGlobalFilter(975)) - Added global filter 'safety' (class=org.apache.hadoop.http.HttpServer2$QuotingInputFilter)
2019-11-14 00:30:17,299 [Thread-646] INFO  http.HttpServer2 (HttpServer2.java:addFilter(948)) - Added filter static_user_filter (class=org.apache.hadoop.http.lib.StaticUserWebFilter$StaticUserFilter) to context hddsDatanode
2019-11-14 00:30:17,300 [Thread-646] INFO  http.HttpServer2 (HttpServer2.java:addFilter(958)) - Added filter static_user_filter (class=org.apache.hadoop.http.lib.StaticUserWebFilter$StaticUserFilter) to context logs
2019-11-14 00:30:17,300 [Thread-646] INFO  http.HttpServer2 (HttpServer2.java:addFilter(958)) - Added filter static_user_filter (class=org.apache.hadoop.http.lib.StaticUserWebFilter$StaticUserFilter) to context static
2019-11-14 00:30:17,301 [Thread-646] INFO  http.HttpServer2 (HttpServer2.java:bindListener(1191)) - Jetty bound to port 41767
2019-11-14 00:30:17,301 [Thread-646] INFO  server.Server (Server.java:doStart(351)) - jetty-9.3.25.v20180904, build timestamp: 2018-09-04T21:11:46Z, git hash: 3ce520221d0240229c862b122d2b06c12a625732
2019-11-14 00:30:17,303 [Thread-646] INFO  handler.ContextHandler (ContextHandler.java:doStart(781)) - Started o.e.j.s.ServletContextHandler@3c80efcb{/logs,file:///workdir/hadoop-ozone/ozonefs/target/log,AVAILABLE}
2019-11-14 00:30:17,304 [Thread-646] INFO  handler.ContextHandler (ContextHandler.java:doStart(781)) - Started o.e.j.s.ServletContextHandler@645858d4{/static,jar:file:/home/user/.m2/repository/org/apache/hadoop/hadoop-hdds-container-service/0.5.0-SNAPSHOT/hadoop-hdds-container-service-0.5.0-SNAPSHOT.jar!/webapps/static,AVAILABLE}
2019-11-14 00:30:17,335 [Thread-646] INFO  handler.ContextHandler (ContextHandler.java:doStart(781)) - Started o.e.j.w.WebAppContext@4cf8a631{/,file:///tmp/jetty-0.0.0.0-41767-hddsDatanode-_-any-3463587572949865259.dir/webapp/,AVAILABLE}{/hddsDatanode}
2019-11-14 00:30:17,335 [Thread-646] INFO  server.AbstractConnector (AbstractConnector.java:doStart(278)) - Started ServerConnector@6517a8d9{HTTP/1.1,[http/1.1]}{0.0.0.0:41767}
2019-11-14 00:30:17,336 [Thread-646] INFO  server.Server (Server.java:doStart(419)) - Started @101955ms
2019-11-14 00:30:17,336 [Thread-646] WARN  impl.MetricsSystemImpl (MetricsSystemImpl.java:register(276)) - Sink prometheus already exists!
2019-11-14 00:30:17,337 [Thread-646] INFO  server.BaseHttpServer (BaseHttpServer.java:updateConnectorAddress(215)) - HTTP server of HDDSDATANODE is listening at http://0.0.0.0:41767
2019-11-14 00:30:17,338 [Thread-646] INFO  ozone.MiniOzoneClusterImpl (MiniOzoneClusterImpl.java:lambda$waitForClusterToBeReady$0(147)) - Waiting for cluster to be ready. Got 0 of 3 DN Heartbeats.
2019-11-14 00:30:17,340 [org.apache.hadoop.util.JvmPauseMonitor$Monitor@1a6fc53f] INFO  util.JvmPauseMonitor (JvmPauseMonitor.java:run(188)) - Starting JVM pause monitor
2019-11-14 00:30:17,342 [Datanode State Machine Thread - 0] INFO  datanode.InitDatanodeState (InitDatanodeState.java:persistContainerDatanodeDetails(140)) - DatanodeDetails is persisted to /workdir/hadoop-ozone/ozonefs/target/test-dir/MiniOzoneClusterImpl-e2e642c9-a982-4ec5-8d8a-1e30a3ea3417/datanode-2/meta/datanode.id
2019-11-14 00:30:18,338 [Thread-646] INFO  ozone.MiniOzoneClusterImpl (MiniOzoneClusterImpl.java:lambda$waitForClusterToBeReady$0(147)) - Waiting for cluster to be ready. Got 0 of 3 DN Heartbeats.
2019-11-14 00:30:19,338 [Thread-646] INFO  ozone.MiniOzoneClusterImpl (MiniOzoneClusterImpl.java:lambda$waitForClusterToBeReady$0(147)) - Waiting for cluster to be ready. Got 0 of 3 DN Heartbeats.
2019-11-14 00:30:20,079 [Datanode State Machine Thread - 0] INFO  ozoneimpl.OzoneContainer (OzoneContainer.java:start(218)) - Attempting to start container services.
2019-11-14 00:30:20,079 [Datanode State Machine Thread - 0] INFO  ozoneimpl.OzoneContainer (OzoneContainer.java:startContainerScrub(182)) - Background container scanner has been disabled.
2019-11-14 00:30:20,080 [Datanode State Machine Thread - 0] INFO  ratis.XceiverServerRatis (XceiverServerRatis.java:start(414)) - Starting XceiverServerRatis 28c37427-a0e8-441a-bbe9-fd5c5227817f at port 0
2019-11-14 00:30:20,088 [Datanode State Machine Thread - 0] INFO  impl.RaftServerProxy (RaftServerProxy.java:lambda$start$3(299)) - 28c37427-a0e8-441a-bbe9-fd5c5227817f: start RPC server
2019-11-14 00:30:20,091 [Datanode State Machine Thread - 0] INFO  server.GrpcService (GrpcService.java:startImpl(158)) - 28c37427-a0e8-441a-bbe9-fd5c5227817f: GrpcService started, listening on 0.0.0.0/0.0.0.0:34423
2019-11-14 00:30:20,091 [Datanode State Machine Thread - 0] INFO  ratis.XceiverServerRatis (XceiverServerRatis.java:start(424)) - XceiverServerRatis 28c37427-a0e8-441a-bbe9-fd5c5227817f is started using port 34423
2019-11-14 00:30:20,096 [Datanode State Machine Thread - 0] INFO  server.XceiverServerGrpc (XceiverServerGrpc.java:start(145)) - XceiverServerGrpc 28c37427-a0e8-441a-bbe9-fd5c5227817f is started using port 32786
2019-11-14 00:30:20,339 [Thread-646] INFO  ozone.MiniOzoneClusterImpl (MiniOzoneClusterImpl.java:lambda$waitForClusterToBeReady$0(147)) - Waiting for cluster to be ready. Got 0 of 3 DN Heartbeats.
2019-11-14 00:30:21,195 [IPC Server handler 0 on 39906] INFO  net.NetworkTopology (NetworkTopologyImpl.java:add(111)) - Added a new node: /default-rack/28c37427-a0e8-441a-bbe9-fd5c5227817f
2019-11-14 00:30:21,196 [IPC Server handler 0 on 39906] INFO  node.SCMNodeManager (SCMNodeManager.java:register(267)) - Registered Data node : 28c37427-a0e8-441a-bbe9-fd5c5227817f{ip: 192.168.69.66, host: pr-hdds-1987-8zf8w-776105129, networkLocation: /default-rack, certSerialId: null}
2019-11-14 00:30:21,197 [EventQueue-NodeRegistrationContainerReportForDataNodeSafeModeRule] INFO  safemode.SCMSafeModeManager (DataNodeSafeModeRule.java:process(71)) - SCM in safe mode. 1 DataNodes registered, 1 required.
2019-11-14 00:30:21,198 [EventQueue-NodeRegistrationContainerReportForDataNodeSafeModeRule] INFO  safemode.SCMSafeModeManager (SCMSafeModeManager.java:validateSafeModeExitRules(177)) - ScmSafeModeManager, all rules are successfully validated
2019-11-14 00:30:21,198 [EventQueue-NodeRegistrationContainerReportForDataNodeSafeModeRule] INFO  safemode.SCMSafeModeManager (SCMSafeModeManager.java:exitSafeMode(193)) - SCM exiting safe mode.
2019-11-14 00:30:21,217 [grpc-default-executor-0] INFO  impl.RaftServerProxy (RaftServerProxy.java:addNew(89)) - 28c37427-a0e8-441a-bbe9-fd5c5227817f: addNew group-59D6A62A010C:[28c37427-a0e8-441a-bbe9-fd5c5227817f:192.168.69.66:34423] returns group-59D6A62A010C:java.util.concurrent.CompletableFuture@3bb5e59a[Not completed]
2019-11-14 00:30:21,221 [pool-177-thread-1] INFO  impl.RaftServerImpl (RaftServerImpl.java:<init>(98)) - 28c37427-a0e8-441a-bbe9-fd5c5227817f: new RaftServerImpl for group-59D6A62A010C:[28c37427-a0e8-441a-bbe9-fd5c5227817f:192.168.69.66:34423] with ContainerStateMachine:uninitialized
2019-11-14 00:30:21,221 [pool-177-thread-1] INFO  server.RaftServerConfigKeys (ConfUtils.java:logGet(43)) - raft.server.rpc.timeout.min = 5s (custom)
2019-11-14 00:30:21,221 [pool-177-thread-1] INFO  server.RaftServerConfigKeys (ConfUtils.java:logGet(43)) - raft.server.rpc.timeout.max = 5200ms (custom)
2019-11-14 00:30:21,221 [pool-177-thread-1] INFO  server.RaftServerConfigKeys (ConfUtils.java:logGet(43)) - raft.server.rpcslowness.timeout = 120s (custom)
2019-11-14 00:30:21,222 [pool-177-thread-1] INFO  server.RaftServerConfigKeys (ConfUtils.java:logGet(43)) - raft.server.sleep.deviation.threshold = 300 (default)
2019-11-14 00:30:21,222 [pool-177-thread-1] INFO  server.RaftServerConfigKeys (ConfUtils.java:logGet(43)) - raft.server.log.appender.install.snapshot.enabled = false (custom)
2019-11-14 00:30:21,222 [pool-177-thread-1] INFO  impl.RaftServerImpl (ServerState.java:<init>(103)) - 28c37427-a0e8-441a-bbe9-fd5c5227817f@group-59D6A62A010C: ConfigurationManager, init=-1: [28c37427-a0e8-441a-bbe9-fd5c5227817f:192.168.69.66:34423], old=null, confs=<EMPTY_MAP>
2019-11-14 00:30:21,222 [pool-177-thread-1] INFO  server.RaftServerConfigKeys (ConfUtils.java:logGet(43)) - raft.server.storage.dir = [/workdir/hadoop-ozone/ozonefs/target/test-dir/MiniOzoneClusterImpl-e2e642c9-a982-4ec5-8d8a-1e30a3ea3417/datanode-0/data/ratis] (custom)
2019-11-14 00:30:21,223 [pool-177-thread-1] INFO  server.RaftServerConfigKeys (ConfUtils.java:logGet(43)) - raft.server.log.corruption.policy = EXCEPTION (default)
2019-11-14 00:30:21,223 [pool-177-thread-1] INFO  storage.RaftStorageDirectory (RaftStorageDirectory.java:analyzeStorage(246)) - The storage directory /workdir/hadoop-ozone/ozonefs/target/test-dir/MiniOzoneClusterImpl-e2e642c9-a982-4ec5-8d8a-1e30a3ea3417/datanode-0/data/ratis/6768e664-15a0-47ae-80f8-59d6a62a010c does not exist. Creating ...
2019-11-14 00:30:21,340 [Thread-646] INFO  ozone.MiniOzoneClusterImpl (MiniOzoneClusterImpl.java:lambda$waitForClusterToBeReady$0(147)) - Waiting for cluster to be ready. Got 1 of 3 DN Heartbeats.
2019-11-14 00:30:22,340 [Thread-646] INFO  ozone.MiniOzoneClusterImpl (MiniOzoneClusterImpl.java:lambda$waitForClusterToBeReady$0(147)) - Waiting for cluster to be ready. Got 1 of 3 DN Heartbeats.
2019-11-14 00:30:22,361 [Datanode State Machine Thread - 0] INFO  ozoneimpl.OzoneContainer (OzoneContainer.java:start(218)) - Attempting to start container services.
2019-11-14 00:30:22,361 [Datanode State Machine Thread - 0] INFO  ozoneimpl.OzoneContainer (OzoneContainer.java:start(218)) - Attempting to start container services.
2019-11-14 00:30:22,365 [Datanode State Machine Thread - 0] INFO  ozoneimpl.OzoneContainer (OzoneContainer.java:startContainerScrub(182)) - Background container scanner has been disabled.
2019-11-14 00:30:22,365 [Datanode State Machine Thread - 0] INFO  ozoneimpl.OzoneContainer (OzoneContainer.java:startContainerScrub(182)) - Background container scanner has been disabled.
2019-11-14 00:30:22,365 [Datanode State Machine Thread - 0] INFO  ratis.XceiverServerRatis (XceiverServerRatis.java:start(414)) - Starting XceiverServerRatis 372e322f-2795-4a67-ada4-08c58a2d79d7 at port 0
2019-11-14 00:30:22,365 [Datanode State Machine Thread - 0] INFO  ratis.XceiverServerRatis (XceiverServerRatis.java:start(414)) - Starting XceiverServerRatis 5ec3eda0-64f8-4658-bfd5-1d254d69c5ac at port 0
2019-11-14 00:30:22,382 [Datanode State Machine Thread - 0] INFO  impl.RaftServerProxy (RaftServerProxy.java:lambda$start$3(299)) - 372e322f-2795-4a67-ada4-08c58a2d79d7: start RPC server
2019-11-14 00:30:22,383 [Datanode State Machine Thread - 0] INFO  impl.RaftServerProxy (RaftServerProxy.java:lambda$start$3(299)) - 5ec3eda0-64f8-4658-bfd5-1d254d69c5ac: start RPC server
2019-11-14 00:30:22,383 [Datanode State Machine Thread - 0] INFO  server.GrpcService (GrpcService.java:startImpl(158)) - 372e322f-2795-4a67-ada4-08c58a2d79d7: GrpcService started, listening on 0.0.0.0/0.0.0.0:35553
2019-11-14 00:30:22,383 [Datanode State Machine Thread - 0] INFO  ratis.XceiverServerRatis (XceiverServerRatis.java:start(424)) - XceiverServerRatis 372e322f-2795-4a67-ada4-08c58a2d79d7 is started using port 35553
2019-11-14 00:30:22,383 [Datanode State Machine Thread - 0] INFO  server.GrpcService (GrpcService.java:startImpl(158)) - 5ec3eda0-64f8-4658-bfd5-1d254d69c5ac: GrpcService started, listening on 0.0.0.0/0.0.0.0:40315
2019-11-14 00:30:22,383 [Datanode State Machine Thread - 0] INFO  ratis.XceiverServerRatis (XceiverServerRatis.java:start(424)) - XceiverServerRatis 5ec3eda0-64f8-4658-bfd5-1d254d69c5ac is started using port 40315
2019-11-14 00:30:22,383 [Datanode State Machine Thread - 0] INFO  server.XceiverServerGrpc (XceiverServerGrpc.java:start(145)) - XceiverServerGrpc 372e322f-2795-4a67-ada4-08c58a2d79d7 is started using port 46376
2019-11-14 00:30:22,385 [Datanode State Machine Thread - 0] INFO  server.XceiverServerGrpc (XceiverServerGrpc.java:start(145)) - XceiverServerGrpc 5ec3eda0-64f8-4658-bfd5-1d254d69c5ac is started using port 37305
2019-11-14 00:30:23,008 [pool-177-thread-1] INFO  storage.RaftStorageDirectory (RaftStorageDirectory.java:tryLock(328)) - Lock on /workdir/hadoop-ozone/ozonefs/target/test-dir/MiniOzoneClusterImpl-e2e642c9-a982-4ec5-8d8a-1e30a3ea3417/datanode-0/data/ratis/6768e664-15a0-47ae-80f8-59d6a62a010c/in_use.lock acquired by nodename 3514@pr-hdds-1987-8zf8w-776105129
2019-11-14 00:30:23,263 [IPC Server handler 1 on 39906] INFO  net.NetworkTopology (NetworkTopologyImpl.java:add(111)) - Added a new node: /default-rack/372e322f-2795-4a67-ada4-08c58a2d79d7
2019-11-14 00:30:23,263 [IPC Server handler 1 on 39906] INFO  node.SCMNodeManager (SCMNodeManager.java:register(267)) - Registered Data node : 372e322f-2795-4a67-ada4-08c58a2d79d7{ip: 192.168.69.66, host: pr-hdds-1987-8zf8w-776105129, networkLocation: /default-rack, certSerialId: null}
2019-11-14 00:30:23,341 [Thread-646] INFO  ozone.MiniOzoneClusterImpl (MiniOzoneClusterImpl.java:lambda$waitForClusterToBeReady$0(147)) - Waiting for cluster to be ready. Got 2 of 3 DN Heartbeats.
2019-11-14 00:30:23,342 [IPC Server handler 3 on 39906] INFO  net.NetworkTopology (NetworkTopologyImpl.java:add(111)) - Added a new node: /default-rack/5ec3eda0-64f8-4658-bfd5-1d254d69c5ac
2019-11-14 00:30:23,343 [IPC Server handler 3 on 39906] INFO  node.SCMNodeManager (SCMNodeManager.java:register(267)) - Registered Data node : 5ec3eda0-64f8-4658-bfd5-1d254d69c5ac{ip: 192.168.69.66, host: pr-hdds-1987-8zf8w-776105129, networkLocation: /default-rack, certSerialId: null}
2019-11-14 00:30:24,201 [Thread-814] INFO  container.ReplicationManager (ReplicationManager.java:start(162)) - Starting Replication Monitor Thread.
2019-11-14 00:30:24,203 [ReplicationMonitor] INFO  container.ReplicationManager (ReplicationManager.java:run(225)) - Replication Monitor Thread took 0 milliseconds for processing 0 containers.
2019-11-14 00:30:24,214 [RATISCREATEPIPELINE1] ERROR pipeline.RatisPipelineProvider (RatisPipelineProvider.java:lambda$null$5(237)) - Failed invoke Ratis rpc org.apache.hadoop.hdds.scm.pipeline.RatisPipelineProvider$$Lambda$189/529656664@10eb9abb for 28c37427-a0e8-441a-bbe9-fd5c5227817f
org.apache.ratis.protocol.TimeoutIOException: deadline exceeded after 2998713367ns
	at org.apache.ratis.grpc.GrpcUtil.tryUnwrapException(GrpcUtil.java:82)
	at org.apache.ratis.grpc.GrpcUtil.unwrapException(GrpcUtil.java:75)
	at org.apache.ratis.grpc.client.GrpcClientProtocolClient.blockingCall(GrpcClientProtocolClient.java:184)
	at org.apache.ratis.grpc.client.GrpcClientProtocolClient.groupAdd(GrpcClientProtocolClient.java:153)
	at org.apache.ratis.grpc.client.GrpcClientRpc.sendRequest(GrpcClientRpc.java:94)
	at org.apache.ratis.client.impl.RaftClientImpl.sendRequest(RaftClientImpl.java:278)
	at org.apache.ratis.client.impl.RaftClientImpl.groupAdd(RaftClientImpl.java:205)
	at org.apache.hadoop.hdds.scm.pipeline.RatisPipelineProvider.lambda$initializePipeline$4(RatisPipelineProvider.java:198)
	at org.apache.hadoop.hdds.scm.pipeline.RatisPipelineProvider.lambda$null$5(RatisPipelineProvider.java:233)
	at java.util.stream.ForEachOps$ForEachOp$OfRef.accept(ForEachOps.java:183)
	at java.util.ArrayList$ArrayListSpliterator.forEachRemaining(ArrayList.java:1382)
	at java.util.stream.AbstractPipeline.copyInto(AbstractPipeline.java:482)
	at java.util.stream.ForEachOps$ForEachTask.compute(ForEachOps.java:290)
	at java.util.concurrent.CountedCompleter.exec(CountedCompleter.java:731)
	at java.util.concurrent.ForkJoinTask.doExec(ForkJoinTask.java:289)
	at java.util.concurrent.ForkJoinTask.doInvoke(ForkJoinTask.java:401)
	at java.util.concurrent.ForkJoinTask.invoke(ForkJoinTask.java:734)
	at java.util.stream.ForEachOps$ForEachOp.evaluateParallel(ForEachOps.java:159)
	at java.util.stream.ForEachOps$ForEachOp$OfRef.evaluateParallel(ForEachOps.java:173)
	at java.util.stream.AbstractPipeline.evaluate(AbstractPipeline.java:233)
	at java.util.stream.ReferencePipeline.forEach(ReferencePipeline.java:485)
	at java.util.stream.ReferencePipeline$Head.forEach(ReferencePipeline.java:650)
	at org.apache.hadoop.hdds.scm.pipeline.RatisPipelineProvider.lambda$callRatisRpc$6(RatisPipelineProvider.java:227)
	at java.util.concurrent.ForkJoinTask$AdaptedRunnableAction.exec(ForkJoinTask.java:1386)
	at java.util.concurrent.ForkJoinTask.doExec(ForkJoinTask.java:289)
	at java.util.concurrent.ForkJoinPool$WorkQueue.runTask(ForkJoinPool.java:1056)
	at java.util.concurrent.ForkJoinPool.runWorker(ForkJoinPool.java:1692)
	at java.util.concurrent.ForkJoinWorkerThread.run(ForkJoinWorkerThread.java:157)
Caused by: org.apache.ratis.thirdparty.io.grpc.StatusRuntimeException: DEADLINE_EXCEEDED: deadline exceeded after 2998713367ns
	at org.apache.ratis.thirdparty.io.grpc.stub.ClientCalls.toStatusRuntimeException(ClientCalls.java:233)
	at org.apache.ratis.thirdparty.io.grpc.stub.ClientCalls.getUnchecked(ClientCalls.java:214)
	at org.apache.ratis.thirdparty.io.grpc.stub.ClientCalls.blockingUnaryCall(ClientCalls.java:139)
	at org.apache.ratis.proto.grpc.AdminProtocolServiceGrpc$AdminProtocolServiceBlockingStub.groupManagement(AdminProtocolServiceGrpc.java:274)
	at org.apache.ratis.grpc.client.GrpcClientProtocolClient.lambda$groupAdd$3(GrpcClientProtocolClient.java:155)
	at org.apache.ratis.grpc.client.GrpcClientProtocolClient.blockingCall(GrpcClientProtocolClient.java:182)
	... 25 more
2019-11-14 00:30:24,231 [grpc-default-executor-2] INFO  impl.RaftServerProxy (RaftServerProxy.java:addNew(89)) - 28c37427-a0e8-441a-bbe9-fd5c5227817f: addNew group-70A6DC1FB3C5:[5ec3eda0-64f8-4658-bfd5-1d254d69c5ac:192.168.69.66:40315, 28c37427-a0e8-441a-bbe9-fd5c5227817f:192.168.69.66:34423, 372e322f-2795-4a67-ada4-08c58a2d79d7:192.168.69.66:35553] returns group-70A6DC1FB3C5:java.util.concurrent.CompletableFuture@65fe3caf[Not completed]
2019-11-14 00:30:24,231 [grpc-default-executor-0] INFO  impl.RaftServerProxy (RaftServerProxy.java:addNew(89)) - 5ec3eda0-64f8-4658-bfd5-1d254d69c5ac: addNew group-70A6DC1FB3C5:[5ec3eda0-64f8-4658-bfd5-1d254d69c5ac:192.168.69.66:40315, 28c37427-a0e8-441a-bbe9-fd5c5227817f:192.168.69.66:34423, 372e322f-2795-4a67-ada4-08c58a2d79d7:192.168.69.66:35553] returns group-70A6DC1FB3C5:java.util.concurrent.CompletableFuture@4f17bf98[Not completed]
2019-11-14 00:30:24,231 [grpc-default-executor-1] INFO  impl.RaftServerProxy (RaftServerProxy.java:addNew(89)) - 372e322f-2795-4a67-ada4-08c58a2d79d7: addNew group-70A6DC1FB3C5:[5ec3eda0-64f8-4658-bfd5-1d254d69c5ac:192.168.69.66:40315, 28c37427-a0e8-441a-bbe9-fd5c5227817f:192.168.69.66:34423, 372e322f-2795-4a67-ada4-08c58a2d79d7:192.168.69.66:35553] returns group-70A6DC1FB3C5:java.util.concurrent.CompletableFuture@63bd425b[Not completed]
2019-11-14 00:30:24,233 [pool-187-thread-1] INFO  impl.RaftServerImpl (RaftServerImpl.java:<init>(98)) - 372e322f-2795-4a67-ada4-08c58a2d79d7: new RaftServerImpl for group-70A6DC1FB3C5:[5ec3eda0-64f8-4658-bfd5-1d254d69c5ac:192.168.69.66:40315, 28c37427-a0e8-441a-bbe9-fd5c5227817f:192.168.69.66:34423, 372e322f-2795-4a67-ada4-08c58a2d79d7:192.168.69.66:35553] with ContainerStateMachine:uninitialized
2019-11-14 00:30:24,234 [pool-187-thread-1] INFO  server.RaftServerConfigKeys (ConfUtils.java:logGet(43)) - raft.server.rpc.timeout.min = 5s (custom)
2019-11-14 00:30:24,234 [pool-187-thread-1] INFO  server.RaftServerConfigKeys (ConfUtils.java:logGet(43)) - raft.server.rpc.timeout.max = 5200ms (custom)
2019-11-14 00:30:24,234 [pool-187-thread-1] INFO  server.RaftServerConfigKeys (ConfUtils.java:logGet(43)) - raft.server.rpcslowness.timeout = 120s (custom)
2019-11-14 00:30:24,235 [pool-187-thread-1] INFO  server.RaftServerConfigKeys (ConfUtils.java:logGet(43)) - raft.server.sleep.deviation.threshold = 300 (default)
2019-11-14 00:30:24,235 [pool-197-thread-1] INFO  impl.RaftServerImpl (RaftServerImpl.java:<init>(98)) - 5ec3eda0-64f8-4658-bfd5-1d254d69c5ac: new RaftServerImpl for group-70A6DC1FB3C5:[5ec3eda0-64f8-4658-bfd5-1d254d69c5ac:192.168.69.66:40315, 28c37427-a0e8-441a-bbe9-fd5c5227817f:192.168.69.66:34423, 372e322f-2795-4a67-ada4-08c58a2d79d7:192.168.69.66:35553] with ContainerStateMachine:uninitialized
2019-11-14 00:30:24,235 [pool-187-thread-1] INFO  server.RaftServerConfigKeys (ConfUtils.java:logGet(43)) - raft.server.log.appender.install.snapshot.enabled = false (custom)
2019-11-14 00:30:24,236 [pool-197-thread-1] INFO  server.RaftServerConfigKeys (ConfUtils.java:logGet(43)) - raft.server.rpc.timeout.min = 5s (custom)
2019-11-14 00:30:24,236 [pool-187-thread-1] INFO  impl.RaftServerImpl (ServerState.java:<init>(103)) - 372e322f-2795-4a67-ada4-08c58a2d79d7@group-70A6DC1FB3C5: ConfigurationManager, init=-1: [5ec3eda0-64f8-4658-bfd5-1d254d69c5ac:192.168.69.66:40315, 28c37427-a0e8-441a-bbe9-fd5c5227817f:192.168.69.66:34423, 372e322f-2795-4a67-ada4-08c58a2d79d7:192.168.69.66:35553], old=null, confs=<EMPTY_MAP>
2019-11-14 00:30:24,236 [pool-197-thread-1] INFO  server.RaftServerConfigKeys (ConfUtils.java:logGet(43)) - raft.server.rpc.timeout.max = 5200ms (custom)
2019-11-14 00:30:24,236 [pool-187-thread-1] INFO  server.RaftServerConfigKeys (ConfUtils.java:logGet(43)) - raft.server.storage.dir = [/workdir/hadoop-ozone/ozonefs/target/test-dir/MiniOzoneClusterImpl-e2e642c9-a982-4ec5-8d8a-1e30a3ea3417/datanode-1/data/ratis] (custom)
2019-11-14 00:30:24,236 [pool-197-thread-1] INFO  server.RaftServerConfigKeys (ConfUtils.java:logGet(43)) - raft.server.rpcslowness.timeout = 120s (custom)
2019-11-14 00:30:24,236 [pool-197-thread-1] INFO  server.RaftServerConfigKeys (ConfUtils.java:logGet(43)) - raft.server.sleep.deviation.threshold = 300 (default)
2019-11-14 00:30:24,236 [pool-187-thread-1] INFO  server.RaftServerConfigKeys (ConfUtils.java:logGet(43)) - raft.server.log.corruption.policy = EXCEPTION (default)
2019-11-14 00:30:24,236 [pool-197-thread-1] INFO  server.RaftServerConfigKeys (ConfUtils.java:logGet(43)) - raft.server.log.appender.install.snapshot.enabled = false (custom)
2019-11-14 00:30:24,237 [pool-197-thread-1] INFO  impl.RaftServerImpl (ServerState.java:<init>(103)) - 5ec3eda0-64f8-4658-bfd5-1d254d69c5ac@group-70A6DC1FB3C5: ConfigurationManager, init=-1: [5ec3eda0-64f8-4658-bfd5-1d254d69c5ac:192.168.69.66:40315, 28c37427-a0e8-441a-bbe9-fd5c5227817f:192.168.69.66:34423, 372e322f-2795-4a67-ada4-08c58a2d79d7:192.168.69.66:35553], old=null, confs=<EMPTY_MAP>
2019-11-14 00:30:24,237 [pool-187-thread-1] INFO  storage.RaftStorageDirectory (RaftStorageDirectory.java:analyzeStorage(246)) - The storage directory /workdir/hadoop-ozone/ozonefs/target/test-dir/MiniOzoneClusterImpl-e2e642c9-a982-4ec5-8d8a-1e30a3ea3417/datanode-1/data/ratis/10d3a47b-a7a7-41b0-8c08-70a6dc1fb3c5 does not exist. Creating ...
2019-11-14 00:30:24,237 [pool-197-thread-1] INFO  server.RaftServerConfigKeys (ConfUtils.java:logGet(43)) - raft.server.storage.dir = [/workdir/hadoop-ozone/ozonefs/target/test-dir/MiniOzoneClusterImpl-e2e642c9-a982-4ec5-8d8a-1e30a3ea3417/datanode-2/data/ratis] (custom)
2019-11-14 00:30:24,237 [pool-197-thread-1] INFO  server.RaftServerConfigKeys (ConfUtils.java:logGet(43)) - raft.server.log.corruption.policy = EXCEPTION (default)
2019-11-14 00:30:24,237 [pool-197-thread-1] INFO  storage.RaftStorageDirectory (RaftStorageDirectory.java:analyzeStorage(246)) - The storage directory /workdir/hadoop-ozone/ozonefs/target/test-dir/MiniOzoneClusterImpl-e2e642c9-a982-4ec5-8d8a-1e30a3ea3417/datanode-2/data/ratis/10d3a47b-a7a7-41b0-8c08-70a6dc1fb3c5 does not exist. Creating ...
2019-11-14 00:30:24,341 [Thread-646] INFO  ozone.MiniOzoneClusterImpl (MiniOzoneClusterImpl.java:lambda$waitForClusterToBeReady$0(147)) - Cluster is ready. Got 3 of 3 DN Heartbeats.
2019-11-14 00:30:24,375 [Thread-646] INFO  rpc.RpcClient (RpcClient.java:createVolume(291)) - Creating Volume: volume00417, with user24657 as owner.
2019-11-14 00:30:24,379 [IPC Server handler 0 on 46242] INFO  volume.OMVolumeCreateRequest (OMVolumeCreateRequest.java:validateAndUpdateCache(193)) - created volume:volume00417 for user:user24657
2019-11-14 00:30:26,878 [pool-177-thread-1] INFO  storage.RaftStorage (RaftStorage.java:format(84)) - Storage directory /workdir/hadoop-ozone/ozonefs/target/test-dir/MiniOzoneClusterImpl-e2e642c9-a982-4ec5-8d8a-1e30a3ea3417/datanode-0/data/ratis/6768e664-15a0-47ae-80f8-59d6a62a010c has been successfully formatted.
2019-11-14 00:30:26,878 [pool-177-thread-1] INFO  ratis.ContainerStateMachine (ContainerStateMachine.java:loadSnapshot(221)) - group-59D6A62A010C: The snapshot info is null. Setting the last applied indexto:(t:0, i:~)
2019-11-14 00:30:26,879 [pool-177-thread-1] INFO  server.RaftServerConfigKeys (ConfUtils.java:logGet(43)) - raft.server.notification.no-leader.timeout = 120s (custom)
2019-11-14 00:30:26,879 [pool-177-thread-1] INFO  server.RaftServerConfigKeys (ConfUtils.java:logGet(43)) - raft.server.log.use.memory = false (default)
2019-11-14 00:30:26,879 [pool-177-thread-1] INFO  server.RaftServerConfigKeys (ConfUtils.java:logGet(43)) - raft.server.log.purge.gap = 1000000 (custom)
2019-11-14 00:30:26,879 [pool-177-thread-1] INFO  server.RaftServerConfigKeys (ConfUtils.java:logGet(43)) - raft.server.log.appender.buffer.byte-limit = 33554432 (custom)
2019-11-14 00:30:26,879 [pool-177-thread-1] INFO  server.RaftServerConfigKeys (ConfUtils.java:logGet(43)) - raft.server.log.segment.size.max = 1048576 (custom)
2019-11-14 00:30:26,880 [pool-177-thread-1] WARN  impl.MetricRegistriesImpl (MetricRegistriesImpl.java:lambda$create$1(61)) - First MetricRegistry has been created without registering reporters. You may need to call MetricRegistries.global().addReportRegistration(...) before.
2019-11-14 00:30:26,880 [pool-177-thread-1] INFO  server.RaftServerConfigKeys (ConfUtils.java:logGet(43)) - raft.server.log.segment.cache.num.max = 2 (custom)
2019-11-14 00:30:26,880 [pool-177-thread-1] INFO  segmented.SegmentedRaftLogWorker (SegmentedRaftLogWorker.java:<init>(173)) - new 28c37427-a0e8-441a-bbe9-fd5c5227817f@group-59D6A62A010C-SegmentedRaftLogWorker for RaftStorage:Storage Directory /workdir/hadoop-ozone/ozonefs/target/test-dir/MiniOzoneClusterImpl-e2e642c9-a982-4ec5-8d8a-1e30a3ea3417/datanode-0/data/ratis/6768e664-15a0-47ae-80f8-59d6a62a010c
2019-11-14 00:30:26,880 [pool-177-thread-1] INFO  server.RaftServerConfigKeys (ConfUtils.java:logGet(43)) - raft.server.log.queue.byte-limit = 2147483647 (custom)
2019-11-14 00:30:26,880 [pool-177-thread-1] INFO  server.RaftServerConfigKeys (ConfUtils.java:logGet(43)) - raft.server.log.queue.element-limit = 1024 (custom)
2019-11-14 00:30:26,881 [pool-177-thread-1] INFO  server.RaftServerConfigKeys (ConfUtils.java:logGet(43)) - raft.server.log.segment.size.max = 1048576 (custom)
2019-11-14 00:30:26,881 [pool-177-thread-1] INFO  server.RaftServerConfigKeys (ConfUtils.java:logGet(43)) - raft.server.log.preallocated.size = 16384 (custom)
2019-11-14 00:30:26,881 [pool-177-thread-1] INFO  server.RaftServerConfigKeys (ConfUtils.java:logGet(43)) - raft.server.log.write.buffer.size = 33554432 (custom)
2019-11-14 00:30:26,881 [pool-177-thread-1] INFO  server.RaftServerConfigKeys (ConfUtils.java:logGet(43)) - raft.server.log.force.sync.num = 128 (default)
2019-11-14 00:30:26,881 [pool-177-thread-1] INFO  server.RaftServerConfigKeys (ConfUtils.java:logGet(43)) - raft.server.log.statemachine.data.sync = true (default)
2019-11-14 00:30:26,881 [pool-177-thread-1] INFO  server.RaftServerConfigKeys (ConfUtils.java:logGet(43)) - raft.server.log.statemachine.data.sync.timeout = 10s (default)
2019-11-14 00:30:26,882 [pool-177-thread-1] INFO  server.RaftServerConfigKeys (ConfUtils.java:logGet(43)) - raft.server.log.statemachine.data.sync.timeout.retry = -1 (default)
2019-11-14 00:30:26,882 [pool-177-thread-1] INFO  server.RaftServerConfigKeys (ConfUtils.java:logGet(43)) - raft.server.log.statemachine.data.caching.enabled = true (custom)
2019-11-14 00:30:26,883 [pool-177-thread-1] INFO  segmented.SegmentedRaftLogWorker (SegmentedRaftLogWorker.java:lambda$new$0(128)) - 28c37427-a0e8-441a-bbe9-fd5c5227817f@group-59D6A62A010C-SegmentedRaftLogWorker: flushIndex: setUnconditionally 0 -> -1
2019-11-14 00:30:26,883 [pool-177-thread-1] INFO  server.RaftServerConfigKeys (ConfUtils.java:logGet(43)) - raft.server.snapshot.auto.trigger.enabled = true (custom)
2019-11-14 00:30:26,883 [pool-177-thread-1] INFO  server.RaftServerConfigKeys (ConfUtils.java:logGet(43)) - raft.server.snapshot.auto.trigger.threshold = 10000 (custom)
2019-11-14 00:30:26,883 [pool-177-thread-1] INFO  server.RaftServerConfigKeys (ConfUtils.java:logGet(43)) - raft.server.snapshot.retention.file.num = 5 (custom)
2019-11-14 00:30:26,884 [pool-177-thread-1] INFO  server.RaftServerConfigKeys (ConfUtils.java:logGet(43)) - raft.server.retrycache.expirytime = 600000ms (custom)
2019-11-14 00:30:26,884 [pool-177-thread-1] WARN  impl.MetricRegistriesImpl (MetricRegistriesImpl.java:lambda$create$1(61)) - First MetricRegistry has been created without registering reporters. You may need to call MetricRegistries.global().addReportRegistration(...) before.
2019-11-14 00:30:26,884 [pool-177-thread-1] WARN  impl.MetricRegistriesImpl (MetricRegistriesImpl.java:lambda$create$1(61)) - First MetricRegistry has been created without registering reporters. You may need to call MetricRegistries.global().addReportRegistration(...) before.
2019-11-14 00:30:26,886 [pool-177-thread-1] INFO  impl.RaftServerImpl (RaftServerImpl.java:<init>(98)) - 28c37427-a0e8-441a-bbe9-fd5c5227817f: new RaftServerImpl for group-70A6DC1FB3C5:[5ec3eda0-64f8-4658-bfd5-1d254d69c5ac:192.168.69.66:40315, 28c37427-a0e8-441a-bbe9-fd5c5227817f:192.168.69.66:34423, 372e322f-2795-4a67-ada4-08c58a2d79d7:192.168.69.66:35553] with ContainerStateMachine:uninitialized
2019-11-14 00:30:26,887 [pool-177-thread-1] INFO  server.RaftServerConfigKeys (ConfUtils.java:logGet(43)) - raft.server.rpc.timeout.min = 5s (custom)
2019-11-14 00:30:26,887 [pool-177-thread-1] INFO  server.RaftServerConfigKeys (ConfUtils.java:logGet(43)) - raft.server.rpc.timeout.max = 5200ms (custom)
2019-11-14 00:30:26,887 [pool-177-thread-1] INFO  server.RaftServerConfigKeys (ConfUtils.java:logGet(43)) - raft.server.rpcslowness.timeout = 120s (custom)
2019-11-14 00:30:26,887 [pool-177-thread-1] INFO  server.RaftServerConfigKeys (ConfUtils.java:logGet(43)) - raft.server.sleep.deviation.threshold = 300 (default)
2019-11-14 00:30:26,887 [pool-177-thread-1] INFO  server.RaftServerConfigKeys (ConfUtils.java:logGet(43)) - raft.server.log.appender.install.snapshot.enabled = false (custom)
2019-11-14 00:30:26,887 [pool-177-thread-1] INFO  impl.RaftServerImpl (ServerState.java:<init>(103)) - 28c37427-a0e8-441a-bbe9-fd5c5227817f@group-70A6DC1FB3C5: ConfigurationManager, init=-1: [5ec3eda0-64f8-4658-bfd5-1d254d69c5ac:192.168.69.66:40315, 28c37427-a0e8-441a-bbe9-fd5c5227817f:192.168.69.66:34423, 372e322f-2795-4a67-ada4-08c58a2d79d7:192.168.69.66:35553], old=null, confs=<EMPTY_MAP>
2019-11-14 00:30:26,887 [pool-177-thread-1] INFO  server.RaftServerConfigKeys (ConfUtils.java:logGet(43)) - raft.server.storage.dir = [/workdir/hadoop-ozone/ozonefs/target/test-dir/MiniOzoneClusterImpl-e2e642c9-a982-4ec5-8d8a-1e30a3ea3417/datanode-0/data/ratis] (custom)
2019-11-14 00:30:26,888 [pool-177-thread-1] INFO  server.RaftServerConfigKeys (ConfUtils.java:logGet(43)) - raft.server.log.corruption.policy = EXCEPTION (default)
2019-11-14 00:30:26,888 [pool-177-thread-1] INFO  storage.RaftStorageDirectory (RaftStorageDirectory.java:analyzeStorage(246)) - The storage directory /workdir/hadoop-ozone/ozonefs/target/test-dir/MiniOzoneClusterImpl-e2e642c9-a982-4ec5-8d8a-1e30a3ea3417/datanode-0/data/ratis/10d3a47b-a7a7-41b0-8c08-70a6dc1fb3c5 does not exist. Creating ...
2019-11-14 00:30:27,227 [RATISCREATEPIPELINE1] ERROR pipeline.RatisPipelineProvider (RatisPipelineProvider.java:lambda$null$5(237)) - Failed invoke Ratis rpc org.apache.hadoop.hdds.scm.pipeline.RatisPipelineProvider$$Lambda$189/529656664@34c0d18d for 372e322f-2795-4a67-ada4-08c58a2d79d7
org.apache.ratis.protocol.TimeoutIOException: deadline exceeded after 2999713393ns
	at org.apache.ratis.grpc.GrpcUtil.tryUnwrapException(GrpcUtil.java:82)
	at org.apache.ratis.grpc.GrpcUtil.unwrapException(GrpcUtil.java:75)
	at org.apache.ratis.grpc.client.GrpcClientProtocolClient.blockingCall(GrpcClientProtocolClient.java:184)
	at org.apache.ratis.grpc.client.GrpcClientProtocolClient.groupAdd(GrpcClientProtocolClient.java:153)
	at org.apache.ratis.grpc.client.GrpcClientRpc.sendRequest(GrpcClientRpc.java:94)
	at org.apache.ratis.client.impl.RaftClientImpl.sendRequest(RaftClientImpl.java:278)
	at org.apache.ratis.client.impl.RaftClientImpl.groupAdd(RaftClientImpl.java:205)
	at org.apache.hadoop.hdds.scm.pipeline.RatisPipelineProvider.lambda$initializePipeline$4(RatisPipelineProvider.java:198)
	at org.apache.hadoop.hdds.scm.pipeline.RatisPipelineProvider.lambda$null$5(RatisPipelineProvider.java:233)
	at java.util.stream.ForEachOps$ForEachOp$OfRef.accept(ForEachOps.java:183)
	at java.util.ArrayList$ArrayListSpliterator.forEachRemaining(ArrayList.java:1382)
	at java.util.stream.AbstractPipeline.copyInto(AbstractPipeline.java:482)
	at java.util.stream.ForEachOps$ForEachTask.compute(ForEachOps.java:290)
	at java.util.concurrent.CountedCompleter.exec(CountedCompleter.java:731)
	at java.util.concurrent.ForkJoinTask.doExec(ForkJoinTask.java:289)
	at java.util.concurrent.ForkJoinTask.doInvoke(ForkJoinTask.java:401)
	at java.util.concurrent.ForkJoinTask.invoke(ForkJoinTask.java:734)
	at java.util.stream.ForEachOps$ForEachOp.evaluateParallel(ForEachOps.java:159)
	at java.util.stream.ForEachOps$ForEachOp$OfRef.evaluateParallel(ForEachOps.java:173)
	at java.util.stream.AbstractPipeline.evaluate(AbstractPipeline.java:233)
	at java.util.stream.ReferencePipeline.forEach(ReferencePipeline.java:485)
	at java.util.stream.ReferencePipeline$Head.forEach(ReferencePipeline.java:650)
	at org.apache.hadoop.hdds.scm.pipeline.RatisPipelineProvider.lambda$callRatisRpc$6(RatisPipelineProvider.java:227)
	at java.util.concurrent.ForkJoinTask$AdaptedRunnableAction.exec(ForkJoinTask.java:1386)
	at java.util.concurrent.ForkJoinTask.doExec(ForkJoinTask.java:289)
	at java.util.concurrent.ForkJoinPool$WorkQueue.runTask(ForkJoinPool.java:1056)
	at java.util.concurrent.ForkJoinPool.runWorker(ForkJoinPool.java:1692)
	at java.util.concurrent.ForkJoinWorkerThread.run(ForkJoinWorkerThread.java:157)
Caused by: org.apache.ratis.thirdparty.io.grpc.StatusRuntimeException: DEADLINE_EXCEEDED: deadline exceeded after 2999713393ns
	at org.apache.ratis.thirdparty.io.grpc.stub.ClientCalls.toStatusRuntimeException(ClientCalls.java:233)
	at org.apache.ratis.thirdparty.io.grpc.stub.ClientCalls.getUnchecked(ClientCalls.java:214)
	at org.apache.ratis.thirdparty.io.grpc.stub.ClientCalls.blockingUnaryCall(ClientCalls.java:139)
	at org.apache.ratis.proto.grpc.AdminProtocolServiceGrpc$AdminProtocolServiceBlockingStub.groupManagement(AdminProtocolServiceGrpc.java:274)
	at org.apache.ratis.grpc.client.GrpcClientProtocolClient.lambda$groupAdd$3(GrpcClientProtocolClient.java:155)
	at org.apache.ratis.grpc.client.GrpcClientProtocolClient.blockingCall(GrpcClientProtocolClient.java:182)
	... 25 more
2019-11-14 00:30:27,227 [RATISCREATEPIPELINE3] ERROR pipeline.RatisPipelineProvider (RatisPipelineProvider.java:lambda$null$5(237)) - Failed invoke Ratis rpc org.apache.hadoop.hdds.scm.pipeline.RatisPipelineProvider$$Lambda$189/529656664@34c0d18d for 28c37427-a0e8-441a-bbe9-fd5c5227817f
org.apache.ratis.protocol.TimeoutIOException: deadline exceeded after 2998681773ns
	at org.apache.ratis.grpc.GrpcUtil.tryUnwrapException(GrpcUtil.java:82)
	at org.apache.ratis.grpc.GrpcUtil.unwrapException(GrpcUtil.java:75)
	at org.apache.ratis.grpc.client.GrpcClientProtocolClient.blockingCall(GrpcClientProtocolClient.java:184)
	at org.apache.ratis.grpc.client.GrpcClientProtocolClient.groupAdd(GrpcClientProtocolClient.java:153)
	at org.apache.ratis.grpc.client.GrpcClientRpc.sendRequest(GrpcClientRpc.java:94)
	at org.apache.ratis.client.impl.RaftClientImpl.sendRequest(RaftClientImpl.java:278)
	at org.apache.ratis.client.impl.RaftClientImpl.groupAdd(RaftClientImpl.java:205)
	at org.apache.hadoop.hdds.scm.pipeline.RatisPipelineProvider.lambda$initializePipeline$4(RatisPipelineProvider.java:198)
	at org.apache.hadoop.hdds.scm.pipeline.RatisPipelineProvider.lambda$null$5(RatisPipelineProvider.java:233)
	at java.util.stream.ForEachOps$ForEachOp$OfRef.accept(ForEachOps.java:183)
	at java.util.ArrayList$ArrayListSpliterator.forEachRemaining(ArrayList.java:1382)
	at java.util.stream.AbstractPipeline.copyInto(AbstractPipeline.java:482)
	at java.util.stream.ForEachOps$ForEachTask.compute(ForEachOps.java:290)
	at java.util.concurrent.CountedCompleter.exec(CountedCompleter.java:731)
	at java.util.concurrent.ForkJoinTask.doExec(ForkJoinTask.java:289)
	at java.util.concurrent.ForkJoinPool$WorkQueue.runTask(ForkJoinPool.java:1056)
	at java.util.concurrent.ForkJoinPool.runWorker(ForkJoinPool.java:1692)
	at java.util.concurrent.ForkJoinWorkerThread.run(ForkJoinWorkerThread.java:157)
Caused by: org.apache.ratis.thirdparty.io.grpc.StatusRuntimeException: DEADLINE_EXCEEDED: deadline exceeded after 2998681773ns
	at org.apache.ratis.thirdparty.io.grpc.stub.ClientCalls.toStatusRuntimeException(ClientCalls.java:233)
	at org.apache.ratis.thirdparty.io.grpc.stub.ClientCalls.getUnchecked(ClientCalls.java:214)
	at org.apache.ratis.thirdparty.io.grpc.stub.ClientCalls.blockingUnaryCall(ClientCalls.java:139)
	at org.apache.ratis.proto.grpc.AdminProtocolServiceGrpc$AdminProtocolServiceBlockingStub.groupManagement(AdminProtocolServiceGrpc.java:274)
	at org.apache.ratis.grpc.client.GrpcClientProtocolClient.lambda$groupAdd$3(GrpcClientProtocolClient.java:155)
	at org.apache.ratis.grpc.client.GrpcClientProtocolClient.blockingCall(GrpcClientProtocolClient.java:182)
	... 15 more
2019-11-14 00:30:27,227 [RATISCREATEPIPELINE2] ERROR pipeline.RatisPipelineProvider (RatisPipelineProvider.java:lambda$null$5(237)) - Failed invoke Ratis rpc org.apache.hadoop.hdds.scm.pipeline.RatisPipelineProvider$$Lambda$189/529656664@34c0d18d for 5ec3eda0-64f8-4658-bfd5-1d254d69c5ac
org.apache.ratis.protocol.TimeoutIOException: deadline exceeded after 2999726093ns
	at org.apache.ratis.grpc.GrpcUtil.tryUnwrapException(GrpcUtil.java:82)
	at org.apache.ratis.grpc.GrpcUtil.unwrapException(GrpcUtil.java:75)
	at org.apache.ratis.grpc.client.GrpcClientProtocolClient.blockingCall(GrpcClientProtocolClient.java:184)
	at org.apache.ratis.grpc.client.GrpcClientProtocolClient.groupAdd(GrpcClientProtocolClient.java:153)
	at org.apache.ratis.grpc.client.GrpcClientRpc.sendRequest(GrpcClientRpc.java:94)
	at org.apache.ratis.client.impl.RaftClientImpl.sendRequest(RaftClientImpl.java:278)
	at org.apache.ratis.client.impl.RaftClientImpl.groupAdd(RaftClientImpl.java:205)
	at org.apache.hadoop.hdds.scm.pipeline.RatisPipelineProvider.lambda$initializePipeline$4(RatisPipelineProvider.java:198)
	at org.apache.hadoop.hdds.scm.pipeline.RatisPipelineProvider.lambda$null$5(RatisPipelineProvider.java:233)
	at java.util.stream.ForEachOps$ForEachOp$OfRef.accept(ForEachOps.java:183)
	at java.util.ArrayList$ArrayListSpliterator.forEachRemaining(ArrayList.java:1382)
	at java.util.stream.AbstractPipeline.copyInto(AbstractPipeline.java:482)
	at java.util.stream.ForEachOps$ForEachTask.compute(ForEachOps.java:290)
	at java.util.concurrent.CountedCompleter.exec(CountedCompleter.java:731)
	at java.util.concurrent.ForkJoinTask.doExec(ForkJoinTask.java:289)
	at java.util.concurrent.ForkJoinPool$WorkQueue.runTask(ForkJoinPool.java:1056)
	at java.util.concurrent.ForkJoinPool.runWorker(ForkJoinPool.java:1692)
	at java.util.concurrent.ForkJoinWorkerThread.run(ForkJoinWorkerThread.java:157)
Caused by: org.apache.ratis.thirdparty.io.grpc.StatusRuntimeException: DEADLINE_EXCEEDED: deadline exceeded after 2999726093ns
	at org.apache.ratis.thirdparty.io.grpc.stub.ClientCalls.toStatusRuntimeException(ClientCalls.java:233)
	at org.apache.ratis.thirdparty.io.grpc.stub.ClientCalls.getUnchecked(ClientCalls.java:214)
	at org.apache.ratis.thirdparty.io.grpc.stub.ClientCalls.blockingUnaryCall(ClientCalls.java:139)
	at org.apache.ratis.proto.grpc.AdminProtocolServiceGrpc$AdminProtocolServiceBlockingStub.groupManagement(AdminProtocolServiceGrpc.java:274)
	at org.apache.ratis.grpc.client.GrpcClientProtocolClient.lambda$groupAdd$3(GrpcClientProtocolClient.java:155)
	at org.apache.ratis.grpc.client.GrpcClientProtocolClient.blockingCall(GrpcClientProtocolClient.java:182)
	... 15 more
2019-11-14 00:30:27,243 [grpc-default-executor-1] INFO  impl.RaftServerProxy (RaftServerProxy.java:addNew(89)) - 5ec3eda0-64f8-4658-bfd5-1d254d69c5ac: addNew group-406905859BFC:[5ec3eda0-64f8-4658-bfd5-1d254d69c5ac:192.168.69.66:40315] returns group-406905859BFC:java.util.concurrent.CompletableFuture@5294e3b1[Not completed]
2019-11-14 00:30:27,847 [pool-197-thread-1] INFO  storage.RaftStorageDirectory (RaftStorageDirectory.java:tryLock(328)) - Lock on /workdir/hadoop-ozone/ozonefs/target/test-dir/MiniOzoneClusterImpl-e2e642c9-a982-4ec5-8d8a-1e30a3ea3417/datanode-2/data/ratis/10d3a47b-a7a7-41b0-8c08-70a6dc1fb3c5/in_use.lock acquired by nodename 3514@pr-hdds-1987-8zf8w-776105129
2019-11-14 00:30:27,847 [pool-187-thread-1] INFO  storage.RaftStorageDirectory (RaftStorageDirectory.java:tryLock(328)) - Lock on /workdir/hadoop-ozone/ozonefs/target/test-dir/MiniOzoneClusterImpl-e2e642c9-a982-4ec5-8d8a-1e30a3ea3417/datanode-1/data/ratis/10d3a47b-a7a7-41b0-8c08-70a6dc1fb3c5/in_use.lock acquired by nodename 3514@pr-hdds-1987-8zf8w-776105129
2019-11-14 00:30:30,238 [RATISCREATEPIPELINE1] ERROR pipeline.RatisPipelineProvider (RatisPipelineProvider.java:lambda$null$5(237)) - Failed invoke Ratis rpc org.apache.hadoop.hdds.scm.pipeline.RatisPipelineProvider$$Lambda$189/529656664@18c07b17 for 5ec3eda0-64f8-4658-bfd5-1d254d69c5ac
org.apache.ratis.protocol.TimeoutIOException: deadline exceeded after 2999739890ns
	at org.apache.ratis.grpc.GrpcUtil.tryUnwrapException(GrpcUtil.java:82)
	at org.apache.ratis.grpc.GrpcUtil.unwrapException(GrpcUtil.java:75)
	at org.apache.ratis.grpc.client.GrpcClientProtocolClient.blockingCall(GrpcClientProtocolClient.java:184)
	at org.apache.ratis.grpc.client.GrpcClientProtocolClient.groupAdd(GrpcClientProtocolClient.java:153)
	at org.apache.ratis.grpc.client.GrpcClientRpc.sendRequest(GrpcClientRpc.java:94)
	at org.apache.ratis.client.impl.RaftClientImpl.sendRequest(RaftClientImpl.java:278)
	at org.apache.ratis.client.impl.RaftClientImpl.groupAdd(RaftClientImpl.java:205)
	at org.apache.hadoop.hdds.scm.pipeline.RatisPipelineProvider.lambda$initializePipeline$4(RatisPipelineProvider.java:198)
	at org.apache.hadoop.hdds.scm.pipeline.RatisPipelineProvider.lambda$null$5(RatisPipelineProvider.java:233)
	at java.util.stream.ForEachOps$ForEachOp$OfRef.accept(ForEachOps.java:183)
	at java.util.ArrayList$ArrayListSpliterator.forEachRemaining(ArrayList.java:1382)
	at java.util.stream.AbstractPipeline.copyInto(AbstractPipeline.java:482)
	at java.util.stream.ForEachOps$ForEachTask.compute(ForEachOps.java:290)
	at java.util.concurrent.CountedCompleter.exec(CountedCompleter.java:731)
	at java.util.concurrent.ForkJoinTask.doExec(ForkJoinTask.java:289)
	at java.util.concurrent.ForkJoinTask.doInvoke(ForkJoinTask.java:401)
	at java.util.concurrent.ForkJoinTask.invoke(ForkJoinTask.java:734)
	at java.util.stream.ForEachOps$ForEachOp.evaluateParallel(ForEachOps.java:159)
	at java.util.stream.ForEachOps$ForEachOp$OfRef.evaluateParallel(ForEachOps.java:173)
	at java.util.stream.AbstractPipeline.evaluate(AbstractPipeline.java:233)
	at java.util.stream.ReferencePipeline.forEach(ReferencePipeline.java:485)
	at java.util.stream.ReferencePipeline$Head.forEach(ReferencePipeline.java:650)
	at org.apache.hadoop.hdds.scm.pipeline.RatisPipelineProvider.lambda$callRatisRpc$6(RatisPipelineProvider.java:227)
	at java.util.concurrent.ForkJoinTask$AdaptedRunnableAction.exec(ForkJoinTask.java:1386)
	at java.util.concurrent.ForkJoinTask.doExec(ForkJoinTask.java:289)
	at java.util.concurrent.ForkJoinPool$WorkQueue.runTask(ForkJoinPool.java:1056)
	at java.util.concurrent.ForkJoinPool.runWorker(ForkJoinPool.java:1692)
	at java.util.concurrent.ForkJoinWorkerThread.run(ForkJoinWorkerThread.java:157)
Caused by: org.apache.ratis.thirdparty.io.grpc.StatusRuntimeException: DEADLINE_EXCEEDED: deadline exceeded after 2999739890ns
	at org.apache.ratis.thirdparty.io.grpc.stub.ClientCalls.toStatusRuntimeException(ClientCalls.java:233)
	at org.apache.ratis.thirdparty.io.grpc.stub.ClientCalls.getUnchecked(ClientCalls.java:214)
	at org.apache.ratis.thirdparty.io.grpc.stub.ClientCalls.blockingUnaryCall(ClientCalls.java:139)
	at org.apache.ratis.proto.grpc.AdminProtocolServiceGrpc$AdminProtocolServiceBlockingStub.groupManagement(AdminProtocolServiceGrpc.java:274)
	at org.apache.ratis.grpc.client.GrpcClientProtocolClient.lambda$groupAdd$3(GrpcClientProtocolClient.java:155)
	at org.apache.ratis.grpc.client.GrpcClientProtocolClient.blockingCall(GrpcClientProtocolClient.java:182)
	... 25 more
2019-11-14 00:30:30,252 [grpc-default-executor-2] INFO  impl.RaftServerProxy (RaftServerProxy.java:addNew(89)) - 28c37427-a0e8-441a-bbe9-fd5c5227817f: addNew group-224A58ECAD4E:[5ec3eda0-64f8-4658-bfd5-1d254d69c5ac:192.168.69.66:40315, 28c37427-a0e8-441a-bbe9-fd5c5227817f:192.168.69.66:34423, 372e322f-2795-4a67-ada4-08c58a2d79d7:192.168.69.66:35553] returns group-224A58ECAD4E:java.util.concurrent.CompletableFuture@7d19ad1b[Not completed]
2019-11-14 00:30:30,254 [grpc-default-executor-2] INFO  impl.RaftServerProxy (RaftServerProxy.java:addNew(89)) - 372e322f-2795-4a67-ada4-08c58a2d79d7: addNew group-224A58ECAD4E:[5ec3eda0-64f8-4658-bfd5-1d254d69c5ac:192.168.69.66:40315, 28c37427-a0e8-441a-bbe9-fd5c5227817f:192.168.69.66:34423, 372e322f-2795-4a67-ada4-08c58a2d79d7:192.168.69.66:35553] returns group-224A58ECAD4E:java.util.concurrent.CompletableFuture@11168d2b[Not completed]
2019-11-14 00:30:30,254 [grpc-default-executor-1] INFO  impl.RaftServerProxy (RaftServerProxy.java:addNew(89)) - 5ec3eda0-64f8-4658-bfd5-1d254d69c5ac: addNew group-224A58ECAD4E:[5ec3eda0-64f8-4658-bfd5-1d254d69c5ac:192.168.69.66:40315, 28c37427-a0e8-441a-bbe9-fd5c5227817f:192.168.69.66:34423, 372e322f-2795-4a67-ada4-08c58a2d79d7:192.168.69.66:35553] returns group-224A58ECAD4E:java.util.concurrent.CompletableFuture@392bd14[Not completed]
2019-11-14 00:30:31,461 [pool-177-thread-1] INFO  storage.RaftStorageDirectory (RaftStorageDirectory.java:tryLock(328)) - Lock on /workdir/hadoop-ozone/ozonefs/target/test-dir/MiniOzoneClusterImpl-e2e642c9-a982-4ec5-8d8a-1e30a3ea3417/datanode-0/data/ratis/10d3a47b-a7a7-41b0-8c08-70a6dc1fb3c5/in_use.lock acquired by nodename 3514@pr-hdds-1987-8zf8w-776105129
2019-11-14 00:30:33,171 [pool-187-thread-1] INFO  storage.RaftStorage (RaftStorage.java:format(84)) - Storage directory /workdir/hadoop-ozone/ozonefs/target/test-dir/MiniOzoneClusterImpl-e2e642c9-a982-4ec5-8d8a-1e30a3ea3417/datanode-1/data/ratis/10d3a47b-a7a7-41b0-8c08-70a6dc1fb3c5 has been successfully formatted.
2019-11-14 00:30:33,171 [pool-197-thread-1] INFO  storage.RaftStorage (RaftStorage.java:format(84)) - Storage directory /workdir/hadoop-ozone/ozonefs/target/test-dir/MiniOzoneClusterImpl-e2e642c9-a982-4ec5-8d8a-1e30a3ea3417/datanode-2/data/ratis/10d3a47b-a7a7-41b0-8c08-70a6dc1fb3c5 has been successfully formatted.
2019-11-14 00:30:33,174 [pool-197-thread-1] INFO  ratis.ContainerStateMachine (ContainerStateMachine.java:loadSnapshot(221)) - group-70A6DC1FB3C5: The snapshot info is null. Setting the last applied indexto:(t:0, i:~)
2019-11-14 00:30:33,174 [pool-187-thread-1] INFO  ratis.ContainerStateMachine (ContainerStateMachine.java:loadSnapshot(221)) - group-70A6DC1FB3C5: The snapshot info is null. Setting the last applied indexto:(t:0, i:~)
2019-11-14 00:30:33,174 [pool-187-thread-1] INFO  server.RaftServerConfigKeys (ConfUtils.java:logGet(43)) - raft.server.notification.no-leader.timeout = 120s (custom)
2019-11-14 00:30:33,174 [pool-197-thread-1] INFO  server.RaftServerConfigKeys (ConfUtils.java:logGet(43)) - raft.server.notification.no-leader.timeout = 120s (custom)
2019-11-14 00:30:33,175 [pool-197-thread-1] INFO  server.RaftServerConfigKeys (ConfUtils.java:logGet(43)) - raft.server.log.use.memory = false (default)
2019-11-14 00:30:33,175 [pool-187-thread-1] INFO  server.RaftServerConfigKeys (ConfUtils.java:logGet(43)) - raft.server.log.use.memory = false (default)
2019-11-14 00:30:33,175 [pool-197-thread-1] INFO  server.RaftServerConfigKeys (ConfUtils.java:logGet(43)) - raft.server.log.purge.gap = 1000000 (custom)
2019-11-14 00:30:33,175 [pool-187-thread-1] INFO  server.RaftServerConfigKeys (ConfUtils.java:logGet(43)) - raft.server.log.purge.gap = 1000000 (custom)
2019-11-14 00:30:33,176 [pool-197-thread-1] INFO  server.RaftServerConfigKeys (ConfUtils.java:logGet(43)) - raft.server.log.appender.buffer.byte-limit = 33554432 (custom)
2019-11-14 00:30:33,176 [pool-187-thread-1] INFO  server.RaftServerConfigKeys (ConfUtils.java:logGet(43)) - raft.server.log.appender.buffer.byte-limit = 33554432 (custom)
2019-11-14 00:30:33,176 [pool-197-thread-1] INFO  server.RaftServerConfigKeys (ConfUtils.java:logGet(43)) - raft.server.log.segment.size.max = 1048576 (custom)
2019-11-14 00:30:33,176 [pool-187-thread-1] INFO  server.RaftServerConfigKeys (ConfUtils.java:logGet(43)) - raft.server.log.segment.size.max = 1048576 (custom)
2019-11-14 00:30:33,176 [pool-197-thread-1] WARN  impl.MetricRegistriesImpl (MetricRegistriesImpl.java:lambda$create$1(61)) - First MetricRegistry has been created without registering reporters. You may need to call MetricRegistries.global().addReportRegistration(...) before.
2019-11-14 00:30:33,176 [pool-187-thread-1] WARN  impl.MetricRegistriesImpl (MetricRegistriesImpl.java:lambda$create$1(61)) - First MetricRegistry has been created without registering reporters. You may need to call MetricRegistries.global().addReportRegistration(...) before.
2019-11-14 00:30:33,176 [pool-197-thread-1] INFO  server.RaftServerConfigKeys (ConfUtils.java:logGet(43)) - raft.server.log.segment.cache.num.max = 2 (custom)
2019-11-14 00:30:33,177 [pool-187-thread-1] INFO  server.RaftServerConfigKeys (ConfUtils.java:logGet(43)) - raft.server.log.segment.cache.num.max = 2 (custom)
2019-11-14 00:30:33,178 [pool-197-thread-1] INFO  segmented.SegmentedRaftLogWorker (SegmentedRaftLogWorker.java:<init>(173)) - new 5ec3eda0-64f8-4658-bfd5-1d254d69c5ac@group-70A6DC1FB3C5-SegmentedRaftLogWorker for RaftStorage:Storage Directory /workdir/hadoop-ozone/ozonefs/target/test-dir/MiniOzoneClusterImpl-e2e642c9-a982-4ec5-8d8a-1e30a3ea3417/datanode-2/data/ratis/10d3a47b-a7a7-41b0-8c08-70a6dc1fb3c5
2019-11-14 00:30:33,179 [pool-187-thread-1] INFO  segmented.SegmentedRaftLogWorker (SegmentedRaftLogWorker.java:<init>(173)) - new 372e322f-2795-4a67-ada4-08c58a2d79d7@group-70A6DC1FB3C5-SegmentedRaftLogWorker for RaftStorage:Storage Directory /workdir/hadoop-ozone/ozonefs/target/test-dir/MiniOzoneClusterImpl-e2e642c9-a982-4ec5-8d8a-1e30a3ea3417/datanode-1/data/ratis/10d3a47b-a7a7-41b0-8c08-70a6dc1fb3c5
2019-11-14 00:30:33,179 [pool-197-thread-1] INFO  server.RaftServerConfigKeys (ConfUtils.java:logGet(43)) - raft.server.log.queue.byte-limit = 2147483647 (custom)
2019-11-14 00:30:33,179 [pool-187-thread-1] INFO  server.RaftServerConfigKeys (ConfUtils.java:logGet(43)) - raft.server.log.queue.byte-limit = 2147483647 (custom)
2019-11-14 00:30:33,180 [pool-197-thread-1] INFO  server.RaftServerConfigKeys (ConfUtils.java:logGet(43)) - raft.server.log.queue.element-limit = 1024 (custom)
2019-11-14 00:30:33,180 [pool-187-thread-1] INFO  server.RaftServerConfigKeys (ConfUtils.java:logGet(43)) - raft.server.log.queue.element-limit = 1024 (custom)
2019-11-14 00:30:33,180 [pool-197-thread-1] INFO  server.RaftServerConfigKeys (ConfUtils.java:logGet(43)) - raft.server.log.segment.size.max = 1048576 (custom)
2019-11-14 00:30:33,180 [pool-187-thread-1] INFO  server.RaftServerConfigKeys (ConfUtils.java:logGet(43)) - raft.server.log.segment.size.max = 1048576 (custom)
2019-11-14 00:30:33,180 [pool-197-thread-1] INFO  server.RaftServerConfigKeys (ConfUtils.java:logGet(43)) - raft.server.log.preallocated.size = 16384 (custom)
2019-11-14 00:30:33,180 [pool-187-thread-1] INFO  server.RaftServerConfigKeys (ConfUtils.java:logGet(43)) - raft.server.log.preallocated.size = 16384 (custom)
2019-11-14 00:30:33,180 [pool-197-thread-1] INFO  server.RaftServerConfigKeys (ConfUtils.java:logGet(43)) - raft.server.log.write.buffer.size = 33554432 (custom)
2019-11-14 00:30:33,180 [pool-187-thread-1] INFO  server.RaftServerConfigKeys (ConfUtils.java:logGet(43)) - raft.server.log.write.buffer.size = 33554432 (custom)
2019-11-14 00:30:33,180 [Thread-646] INFO  rpc.RpcClient (RpcClient.java:createBucket(430)) - Creating Bucket: volume00417/bucket47977, with Versioning false and Storage Type set to DISK and Encryption set to false 
2019-11-14 00:30:33,180 [pool-197-thread-1] INFO  server.RaftServerConfigKeys (ConfUtils.java:logGet(43)) - raft.server.log.force.sync.num = 128 (default)
2019-11-14 00:30:33,180 [pool-187-thread-1] INFO  server.RaftServerConfigKeys (ConfUtils.java:logGet(43)) - raft.server.log.force.sync.num = 128 (default)
2019-11-14 00:30:33,181 [pool-197-thread-1] INFO  server.RaftServerConfigKeys (ConfUtils.java:logGet(43)) - raft.server.log.statemachine.data.sync = true (default)
2019-11-14 00:30:33,181 [pool-187-thread-1] INFO  server.RaftServerConfigKeys (ConfUtils.java:logGet(43)) - raft.server.log.statemachine.data.sync = true (default)
2019-11-14 00:30:33,181 [pool-197-thread-1] INFO  server.RaftServerConfigKeys (ConfUtils.java:logGet(43)) - raft.server.log.statemachine.data.sync.timeout = 10s (default)
2019-11-14 00:30:33,181 [pool-187-thread-1] INFO  server.RaftServerConfigKeys (ConfUtils.java:logGet(43)) - raft.server.log.statemachine.data.sync.timeout = 10s (default)
2019-11-14 00:30:33,181 [pool-197-thread-1] INFO  server.RaftServerConfigKeys (ConfUtils.java:logGet(43)) - raft.server.log.statemachine.data.sync.timeout.retry = -1 (default)
2019-11-14 00:30:33,181 [pool-187-thread-1] INFO  server.RaftServerConfigKeys (ConfUtils.java:logGet(43)) - raft.server.log.statemachine.data.sync.timeout.retry = -1 (default)
2019-11-14 00:30:33,182 [pool-197-thread-1] INFO  server.RaftServerConfigKeys (ConfUtils.java:logGet(43)) - raft.server.log.statemachine.data.caching.enabled = true (custom)
2019-11-14 00:30:33,182 [pool-187-thread-1] INFO  server.RaftServerConfigKeys (ConfUtils.java:logGet(43)) - raft.server.log.statemachine.data.caching.enabled = true (custom)
2019-11-14 00:30:33,182 [pool-197-thread-1] INFO  segmented.SegmentedRaftLogWorker (SegmentedRaftLogWorker.java:lambda$new$0(128)) - 5ec3eda0-64f8-4658-bfd5-1d254d69c5ac@group-70A6DC1FB3C5-SegmentedRaftLogWorker: flushIndex: setUnconditionally 0 -> -1
2019-11-14 00:30:33,182 [pool-187-thread-1] INFO  segmented.SegmentedRaftLogWorker (SegmentedRaftLogWorker.java:lambda$new$0(128)) - 372e322f-2795-4a67-ada4-08c58a2d79d7@group-70A6DC1FB3C5-SegmentedRaftLogWorker: flushIndex: setUnconditionally 0 -> -1
2019-11-14 00:30:33,183 [pool-197-thread-1] INFO  server.RaftServerConfigKeys (ConfUtils.java:logGet(43)) - raft.server.snapshot.auto.trigger.enabled = true (custom)
2019-11-14 00:30:33,183 [pool-187-thread-1] INFO  server.RaftServerConfigKeys (ConfUtils.java:logGet(43)) - raft.server.snapshot.auto.trigger.enabled = true (custom)
2019-11-14 00:30:33,183 [pool-197-thread-1] INFO  server.RaftServerConfigKeys (ConfUtils.java:logGet(43)) - raft.server.snapshot.auto.trigger.threshold = 10000 (custom)
2019-11-14 00:30:33,183 [pool-187-thread-1] INFO  server.RaftServerConfigKeys (ConfUtils.java:logGet(43)) - raft.server.snapshot.auto.trigger.threshold = 10000 (custom)
2019-11-14 00:30:33,183 [pool-197-thread-1] INFO  server.RaftServerConfigKeys (ConfUtils.java:logGet(43)) - raft.server.snapshot.retention.file.num = 5 (custom)
2019-11-14 00:30:33,183 [pool-187-thread-1] INFO  server.RaftServerConfigKeys (ConfUtils.java:logGet(43)) - raft.server.snapshot.retention.file.num = 5 (custom)
2019-11-14 00:30:33,183 [pool-197-thread-1] INFO  server.RaftServerConfigKeys (ConfUtils.java:logGet(43)) - raft.server.retrycache.expirytime = 600000ms (custom)
2019-11-14 00:30:33,183 [pool-187-thread-1] INFO  server.RaftServerConfigKeys (ConfUtils.java:logGet(43)) - raft.server.retrycache.expirytime = 600000ms (custom)
2019-11-14 00:30:33,184 [pool-197-thread-1] WARN  impl.MetricRegistriesImpl (MetricRegistriesImpl.java:lambda$create$1(61)) - First MetricRegistry has been created without registering reporters. You may need to call MetricRegistries.global().addReportRegistration(...) before.
2019-11-14 00:30:33,184 [pool-187-thread-1] WARN  impl.MetricRegistriesImpl (MetricRegistriesImpl.java:lambda$create$1(61)) - First MetricRegistry has been created without registering reporters. You may need to call MetricRegistries.global().addReportRegistration(...) before.
2019-11-14 00:30:33,184 [pool-197-thread-1] WARN  impl.MetricRegistriesImpl (MetricRegistriesImpl.java:lambda$create$1(61)) - First MetricRegistry has been created without registering reporters. You may need to call MetricRegistries.global().addReportRegistration(...) before.
2019-11-14 00:30:33,184 [pool-187-thread-1] WARN  impl.MetricRegistriesImpl (MetricRegistriesImpl.java:lambda$create$1(61)) - First MetricRegistry has been created without registering reporters. You may need to call MetricRegistries.global().addReportRegistration(...) before.
2019-11-14 00:30:33,188 [pool-197-thread-1] INFO  impl.RaftServerImpl (RaftServerImpl.java:<init>(98)) - 5ec3eda0-64f8-4658-bfd5-1d254d69c5ac: new RaftServerImpl for group-406905859BFC:[5ec3eda0-64f8-4658-bfd5-1d254d69c5ac:192.168.69.66:40315] with ContainerStateMachine:uninitialized
2019-11-14 00:30:33,188 [pool-197-thread-1] INFO  server.RaftServerConfigKeys (ConfUtils.java:logGet(43)) - raft.server.rpc.timeout.min = 5s (custom)
2019-11-14 00:30:33,188 [pool-197-thread-1] INFO  server.RaftServerConfigKeys (ConfUtils.java:logGet(43)) - raft.server.rpc.timeout.max = 5200ms (custom)
2019-11-14 00:30:33,188 [pool-197-thread-1] INFO  server.RaftServerConfigKeys (ConfUtils.java:logGet(43)) - raft.server.rpcslowness.timeout = 120s (custom)
2019-11-14 00:30:33,188 [pool-197-thread-1] INFO  server.RaftServerConfigKeys (ConfUtils.java:logGet(43)) - raft.server.sleep.deviation.threshold = 300 (default)
2019-11-14 00:30:33,188 [pool-197-thread-1] INFO  server.RaftServerConfigKeys (ConfUtils.java:logGet(43)) - raft.server.log.appender.install.snapshot.enabled = false (custom)
2019-11-14 00:30:33,188 [pool-197-thread-1] INFO  impl.RaftServerImpl (ServerState.java:<init>(103)) - 5ec3eda0-64f8-4658-bfd5-1d254d69c5ac@group-406905859BFC: ConfigurationManager, init=-1: [5ec3eda0-64f8-4658-bfd5-1d254d69c5ac:192.168.69.66:40315], old=null, confs=<EMPTY_MAP>
2019-11-14 00:30:33,188 [pool-187-thread-1] INFO  impl.RaftServerImpl (RaftServerImpl.java:<init>(98)) - 372e322f-2795-4a67-ada4-08c58a2d79d7: new RaftServerImpl for group-224A58ECAD4E:[5ec3eda0-64f8-4658-bfd5-1d254d69c5ac:192.168.69.66:40315, 28c37427-a0e8-441a-bbe9-fd5c5227817f:192.168.69.66:34423, 372e322f-2795-4a67-ada4-08c58a2d79d7:192.168.69.66:35553] with ContainerStateMachine:uninitialized
2019-11-14 00:30:33,188 [pool-197-thread-1] INFO  server.RaftServerConfigKeys (ConfUtils.java:logGet(43)) - raft.server.storage.dir = [/workdir/hadoop-ozone/ozonefs/target/test-dir/MiniOzoneClusterImpl-e2e642c9-a982-4ec5-8d8a-1e30a3ea3417/datanode-2/data/ratis] (custom)
2019-11-14 00:30:33,188 [pool-187-thread-1] INFO  server.RaftServerConfigKeys (ConfUtils.java:logGet(43)) - raft.server.rpc.timeout.min = 5s (custom)
2019-11-14 00:30:33,189 [pool-187-thread-1] INFO  server.RaftServerConfigKeys (ConfUtils.java:logGet(43)) - raft.server.rpc.timeout.max = 5200ms (custom)
2019-11-14 00:30:33,189 [pool-197-thread-1] INFO  server.RaftServerConfigKeys (ConfUtils.java:logGet(43)) - raft.server.log.corruption.policy = EXCEPTION (default)
2019-11-14 00:30:33,189 [pool-187-thread-1] INFO  server.RaftServerConfigKeys (ConfUtils.java:logGet(43)) - raft.server.rpcslowness.timeout = 120s (custom)
2019-11-14 00:30:33,189 [pool-197-thread-1] INFO  storage.RaftStorageDirectory (RaftStorageDirectory.java:analyzeStorage(246)) - The storage directory /workdir/hadoop-ozone/ozonefs/target/test-dir/MiniOzoneClusterImpl-e2e642c9-a982-4ec5-8d8a-1e30a3ea3417/datanode-2/data/ratis/fea7f55f-8d0b-4f16-bb22-406905859bfc does not exist. Creating ...
2019-11-14 00:30:33,189 [pool-187-thread-1] INFO  server.RaftServerConfigKeys (ConfUtils.java:logGet(43)) - raft.server.sleep.deviation.threshold = 300 (default)
2019-11-14 00:30:33,189 [pool-187-thread-1] INFO  server.RaftServerConfigKeys (ConfUtils.java:logGet(43)) - raft.server.log.appender.install.snapshot.enabled = false (custom)
2019-11-14 00:30:33,189 [pool-187-thread-1] INFO  impl.RaftServerImpl (ServerState.java:<init>(103)) - 372e322f-2795-4a67-ada4-08c58a2d79d7@group-224A58ECAD4E: ConfigurationManager, init=-1: [5ec3eda0-64f8-4658-bfd5-1d254d69c5ac:192.168.69.66:40315, 28c37427-a0e8-441a-bbe9-fd5c5227817f:192.168.69.66:34423, 372e322f-2795-4a67-ada4-08c58a2d79d7:192.168.69.66:35553], old=null, confs=<EMPTY_MAP>
2019-11-14 00:30:33,189 [pool-187-thread-1] INFO  server.RaftServerConfigKeys (ConfUtils.java:logGet(43)) - raft.server.storage.dir = [/workdir/hadoop-ozone/ozonefs/target/test-dir/MiniOzoneClusterImpl-e2e642c9-a982-4ec5-8d8a-1e30a3ea3417/datanode-1/data/ratis] (custom)
2019-11-14 00:30:33,190 [pool-187-thread-1] INFO  server.RaftServerConfigKeys (ConfUtils.java:logGet(43)) - raft.server.log.corruption.policy = EXCEPTION (default)
2019-11-14 00:30:33,190 [pool-187-thread-1] INFO  storage.RaftStorageDirectory (RaftStorageDirectory.java:analyzeStorage(246)) - The storage directory /workdir/hadoop-ozone/ozonefs/target/test-dir/MiniOzoneClusterImpl-e2e642c9-a982-4ec5-8d8a-1e30a3ea3417/datanode-1/data/ratis/7f9a8fb8-5702-49c4-ad76-224a58ecad4e does not exist. Creating ...
2019-11-14 00:30:33,252 [RATISCREATEPIPELINE2] ERROR pipeline.RatisPipelineProvider (RatisPipelineProvider.java:lambda$null$5(237)) - Failed invoke Ratis rpc org.apache.hadoop.hdds.scm.pipeline.RatisPipelineProvider$$Lambda$189/529656664@99a5c2d for 28c37427-a0e8-441a-bbe9-fd5c5227817f
org.apache.ratis.protocol.TimeoutIOException: deadline exceeded after 2999781190ns
	at org.apache.ratis.grpc.GrpcUtil.tryUnwrapException(GrpcUtil.java:82)
	at org.apache.ratis.grpc.GrpcUtil.unwrapException(GrpcUtil.java:75)
	at org.apache.ratis.grpc.client.GrpcClientProtocolClient.blockingCall(GrpcClientProtocolClient.java:184)
	at org.apache.ratis.grpc.client.GrpcClientProtocolClient.groupAdd(GrpcClientProtocolClient.java:153)
	at org.apache.ratis.grpc.client.GrpcClientRpc.sendRequest(GrpcClientRpc.java:94)
	at org.apache.ratis.client.impl.RaftClientImpl.sendRequest(RaftClientImpl.java:278)
	at org.apache.ratis.client.impl.RaftClientImpl.groupAdd(RaftClientImpl.java:205)
	at org.apache.hadoop.hdds.scm.pipeline.RatisPipelineProvider.lambda$initializePipeline$4(RatisPipelineProvider.java:198)
	at org.apache.hadoop.hdds.scm.pipeline.RatisPipelineProvider.lambda$null$5(RatisPipelineProvider.java:233)
	at java.util.stream.ForEachOps$ForEachOp$OfRef.accept(ForEachOps.java:183)
	at java.util.ArrayList$ArrayListSpliterator.forEachRemaining(ArrayList.java:1382)
	at java.util.stream.AbstractPipeline.copyInto(AbstractPipeline.java:482)
	at java.util.stream.ForEachOps$ForEachTask.compute(ForEachOps.java:290)
	at java.util.concurrent.CountedCompleter.exec(CountedCompleter.java:731)
	at java.util.concurrent.ForkJoinTask.doExec(ForkJoinTask.java:289)
	at java.util.concurrent.ForkJoinPool$WorkQueue.runTask(ForkJoinPool.java:1056)
	at java.util.concurrent.ForkJoinPool.runWorker(ForkJoinPool.java:1692)
	at java.util.concurrent.ForkJoinWorkerThread.run(ForkJoinWorkerThread.java:157)
Caused by: org.apache.ratis.thirdparty.io.grpc.StatusRuntimeException: DEADLINE_EXCEEDED: deadline exceeded after 2999781190ns
	at org.apache.ratis.thirdparty.io.grpc.stub.ClientCalls.toStatusRuntimeException(ClientCalls.java:233)
	at org.apache.ratis.thirdparty.io.grpc.stub.ClientCalls.getUnchecked(ClientCalls.java:214)
	at org.apache.ratis.thirdparty.io.grpc.stub.ClientCalls.blockingUnaryCall(ClientCalls.java:139)
	at org.apache.ratis.proto.grpc.AdminProtocolServiceGrpc$AdminProtocolServiceBlockingStub.groupManagement(AdminProtocolServiceGrpc.java:274)
	at org.apache.ratis.grpc.client.GrpcClientProtocolClient.lambda$groupAdd$3(GrpcClientProtocolClient.java:155)
	at org.apache.ratis.grpc.client.GrpcClientProtocolClient.blockingCall(GrpcClientProtocolClient.java:182)
	... 15 more
2019-11-14 00:30:33,253 [RATISCREATEPIPELINE1] ERROR pipeline.RatisPipelineProvider (RatisPipelineProvider.java:lambda$null$5(237)) - Failed invoke Ratis rpc org.apache.hadoop.hdds.scm.pipeline.RatisPipelineProvider$$Lambda$189/529656664@99a5c2d for 372e322f-2795-4a67-ada4-08c58a2d79d7
org.apache.ratis.protocol.TimeoutIOException: deadline exceeded after 2999795563ns
	at org.apache.ratis.grpc.GrpcUtil.tryUnwrapException(GrpcUtil.java:82)
	at org.apache.ratis.grpc.GrpcUtil.unwrapException(GrpcUtil.java:75)
	at org.apache.ratis.grpc.client.GrpcClientProtocolClient.blockingCall(GrpcClientProtocolClient.java:184)
	at org.apache.ratis.grpc.client.GrpcClientProtocolClient.groupAdd(GrpcClientProtocolClient.java:153)
	at org.apache.ratis.grpc.client.GrpcClientRpc.sendRequest(GrpcClientRpc.java:94)
	at org.apache.ratis.client.impl.RaftClientImpl.sendRequest(RaftClientImpl.java:278)
	at org.apache.ratis.client.impl.RaftClientImpl.groupAdd(RaftClientImpl.java:205)
	at org.apache.hadoop.hdds.scm.pipeline.RatisPipelineProvider.lambda$initializePipeline$4(RatisPipelineProvider.java:198)
	at org.apache.hadoop.hdds.scm.pipeline.RatisPipelineProvider.lambda$null$5(RatisPipelineProvider.java:233)
	at java.util.stream.ForEachOps$ForEachOp$OfRef.accept(ForEachOps.java:183)
	at java.util.ArrayList$ArrayListSpliterator.forEachRemaining(ArrayList.java:1382)
	at java.util.stream.AbstractPipeline.copyInto(AbstractPipeline.java:482)
	at java.util.stream.ForEachOps$ForEachTask.compute(ForEachOps.java:290)
	at java.util.concurrent.CountedCompleter.exec(CountedCompleter.java:731)
	at java.util.concurrent.ForkJoinTask.doExec(ForkJoinTask.java:289)
	at java.util.concurrent.ForkJoinTask.doInvoke(ForkJoinTask.java:401)
	at java.util.concurrent.ForkJoinTask.invoke(ForkJoinTask.java:734)
	at java.util.stream.ForEachOps$ForEachOp.evaluateParallel(ForEachOps.java:159)
	at java.util.stream.ForEachOps$ForEachOp$OfRef.evaluateParallel(ForEachOps.java:173)
	at java.util.stream.AbstractPipeline.evaluate(AbstractPipeline.java:233)
	at java.util.stream.ReferencePipeline.forEach(ReferencePipeline.java:485)
	at java.util.stream.ReferencePipeline$Head.forEach(ReferencePipeline.java:650)
	at org.apache.hadoop.hdds.scm.pipeline.RatisPipelineProvider.lambda$callRatisRpc$6(RatisPipelineProvider.java:227)
	at java.util.concurrent.ForkJoinTask$AdaptedRunnableAction.exec(ForkJoinTask.java:1386)
	at java.util.concurrent.ForkJoinTask.doExec(ForkJoinTask.java:289)
	at java.util.concurrent.ForkJoinPool$WorkQueue.runTask(ForkJoinPool.java:1056)
	at java.util.concurrent.ForkJoinPool.runWorker(ForkJoinPool.java:1692)
	at java.util.concurrent.ForkJoinWorkerThread.run(ForkJoinWorkerThread.java:157)
Caused by: org.apache.ratis.thirdparty.io.grpc.StatusRuntimeException: DEADLINE_EXCEEDED: deadline exceeded after 2999795563ns
	at org.apache.ratis.thirdparty.io.grpc.stub.ClientCalls.toStatusRuntimeException(ClientCalls.java:233)
	at org.apache.ratis.thirdparty.io.grpc.stub.ClientCalls.getUnchecked(ClientCalls.java:214)
	at org.apache.ratis.thirdparty.io.grpc.stub.ClientCalls.blockingUnaryCall(ClientCalls.java:139)
	at org.apache.ratis.proto.grpc.AdminProtocolServiceGrpc$AdminProtocolServiceBlockingStub.groupManagement(AdminProtocolServiceGrpc.java:274)
	at org.apache.ratis.grpc.client.GrpcClientProtocolClient.lambda$groupAdd$3(GrpcClientProtocolClient.java:155)
	at org.apache.ratis.grpc.client.GrpcClientProtocolClient.blockingCall(GrpcClientProtocolClient.java:182)
	... 25 more
2019-11-14 00:30:33,254 [RATISCREATEPIPELINE3] ERROR pipeline.RatisPipelineProvider (RatisPipelineProvider.java:lambda$null$5(237)) - Failed invoke Ratis rpc org.apache.hadoop.hdds.scm.pipeline.RatisPipelineProvider$$Lambda$189/529656664@99a5c2d for 5ec3eda0-64f8-4658-bfd5-1d254d69c5ac
org.apache.ratis.protocol.TimeoutIOException: deadline exceeded after 2999804191ns
	at org.apache.ratis.grpc.GrpcUtil.tryUnwrapException(GrpcUtil.java:82)
	at org.apache.ratis.grpc.GrpcUtil.unwrapException(GrpcUtil.java:75)
	at org.apache.ratis.grpc.client.GrpcClientProtocolClient.blockingCall(GrpcClientProtocolClient.java:184)
	at org.apache.ratis.grpc.client.GrpcClientProtocolClient.groupAdd(GrpcClientProtocolClient.java:153)
	at org.apache.ratis.grpc.client.GrpcClientRpc.sendRequest(GrpcClientRpc.java:94)
	at org.apache.ratis.client.impl.RaftClientImpl.sendRequest(RaftClientImpl.java:278)
	at org.apache.ratis.client.impl.RaftClientImpl.groupAdd(RaftClientImpl.java:205)
	at org.apache.hadoop.hdds.scm.pipeline.RatisPipelineProvider.lambda$initializePipeline$4(RatisPipelineProvider.java:198)
	at org.apache.hadoop.hdds.scm.pipeline.RatisPipelineProvider.lambda$null$5(RatisPipelineProvider.java:233)
	at java.util.stream.ForEachOps$ForEachOp$OfRef.accept(ForEachOps.java:183)
	at java.util.ArrayList$ArrayListSpliterator.forEachRemaining(ArrayList.java:1382)
	at java.util.stream.AbstractPipeline.copyInto(AbstractPipeline.java:482)
	at java.util.stream.ForEachOps$ForEachTask.compute(ForEachOps.java:290)
	at java.util.concurrent.CountedCompleter.exec(CountedCompleter.java:731)
	at java.util.concurrent.ForkJoinTask.doExec(ForkJoinTask.java:289)
	at java.util.concurrent.ForkJoinPool$WorkQueue.runTask(ForkJoinPool.java:1056)
	at java.util.concurrent.ForkJoinPool.runWorker(ForkJoinPool.java:1692)
	at java.util.concurrent.ForkJoinWorkerThread.run(ForkJoinWorkerThread.java:157)
Caused by: org.apache.ratis.thirdparty.io.grpc.StatusRuntimeException: DEADLINE_EXCEEDED: deadline exceeded after 2999804191ns
	at org.apache.ratis.thirdparty.io.grpc.stub.ClientCalls.toStatusRuntimeException(ClientCalls.java:233)
	at org.apache.ratis.thirdparty.io.grpc.stub.ClientCalls.getUnchecked(ClientCalls.java:214)
	at org.apache.ratis.thirdparty.io.grpc.stub.ClientCalls.blockingUnaryCall(ClientCalls.java:139)
	at org.apache.ratis.proto.grpc.AdminProtocolServiceGrpc$AdminProtocolServiceBlockingStub.groupManagement(AdminProtocolServiceGrpc.java:274)
	at org.apache.ratis.grpc.client.GrpcClientProtocolClient.lambda$groupAdd$3(GrpcClientProtocolClient.java:155)
	at org.apache.ratis.grpc.client.GrpcClientProtocolClient.blockingCall(GrpcClientProtocolClient.java:182)
	... 15 more
2019-11-14 00:30:36,171 [pool-177-thread-1] INFO  storage.RaftStorage (RaftStorage.java:format(84)) - Storage directory /workdir/hadoop-ozone/ozonefs/target/test-dir/MiniOzoneClusterImpl-e2e642c9-a982-4ec5-8d8a-1e30a3ea3417/datanode-0/data/ratis/10d3a47b-a7a7-41b0-8c08-70a6dc1fb3c5 has been successfully formatted.
2019-11-14 00:30:36,172 [pool-177-thread-1] INFO  ratis.ContainerStateMachine (ContainerStateMachine.java:loadSnapshot(221)) - group-70A6DC1FB3C5: The snapshot info is null. Setting the last applied indexto:(t:0, i:~)
2019-11-14 00:30:36,172 [pool-177-thread-1] INFO  server.RaftServerConfigKeys (ConfUtils.java:logGet(43)) - raft.server.notification.no-leader.timeout = 120s (custom)
2019-11-14 00:30:36,172 [pool-177-thread-1] INFO  server.RaftServerConfigKeys (ConfUtils.java:logGet(43)) - raft.server.log.use.memory = false (default)
2019-11-14 00:30:36,172 [pool-177-thread-1] INFO  server.RaftServerConfigKeys (ConfUtils.java:logGet(43)) - raft.server.log.purge.gap = 1000000 (custom)
2019-11-14 00:30:36,173 [pool-177-thread-1] INFO  server.RaftServerConfigKeys (ConfUtils.java:logGet(43)) - raft.server.log.appender.buffer.byte-limit = 33554432 (custom)
2019-11-14 00:30:36,173 [pool-177-thread-1] INFO  server.RaftServerConfigKeys (ConfUtils.java:logGet(43)) - raft.server.log.segment.size.max = 1048576 (custom)
2019-11-14 00:30:36,173 [pool-177-thread-1] INFO  server.RaftServerConfigKeys (ConfUtils.java:logGet(43)) - raft.server.log.segment.cache.num.max = 2 (custom)
2019-11-14 00:30:36,173 [pool-177-thread-1] INFO  segmented.SegmentedRaftLogWorker (SegmentedRaftLogWorker.java:<init>(173)) - new 28c37427-a0e8-441a-bbe9-fd5c5227817f@group-70A6DC1FB3C5-SegmentedRaftLogWorker for RaftStorage:Storage Directory /workdir/hadoop-ozone/ozonefs/target/test-dir/MiniOzoneClusterImpl-e2e642c9-a982-4ec5-8d8a-1e30a3ea3417/datanode-0/data/ratis/10d3a47b-a7a7-41b0-8c08-70a6dc1fb3c5
2019-11-14 00:30:36,173 [pool-177-thread-1] INFO  server.RaftServerConfigKeys (ConfUtils.java:logGet(43)) - raft.server.log.queue.byte-limit = 2147483647 (custom)
2019-11-14 00:30:36,173 [pool-177-thread-1] INFO  server.RaftServerConfigKeys (ConfUtils.java:logGet(43)) - raft.server.log.queue.element-limit = 1024 (custom)
2019-11-14 00:30:36,173 [pool-177-thread-1] INFO  server.RaftServerConfigKeys (ConfUtils.java:logGet(43)) - raft.server.log.segment.size.max = 1048576 (custom)
2019-11-14 00:30:36,174 [pool-177-thread-1] INFO  server.RaftServerConfigKeys (ConfUtils.java:logGet(43)) - raft.server.log.preallocated.size = 16384 (custom)
2019-11-14 00:30:36,174 [pool-177-thread-1] INFO  server.RaftServerConfigKeys (ConfUtils.java:logGet(43)) - raft.server.log.write.buffer.size = 33554432 (custom)
2019-11-14 00:30:36,174 [pool-177-thread-1] INFO  server.RaftServerConfigKeys (ConfUtils.java:logGet(43)) - raft.server.log.force.sync.num = 128 (default)
2019-11-14 00:30:36,174 [pool-177-thread-1] INFO  server.RaftServerConfigKeys (ConfUtils.java:logGet(43)) - raft.server.log.statemachine.data.sync = true (default)
2019-11-14 00:30:36,174 [pool-177-thread-1] INFO  server.RaftServerConfigKeys (ConfUtils.java:logGet(43)) - raft.server.log.statemachine.data.sync.timeout = 10s (default)
2019-11-14 00:30:36,174 [pool-177-thread-1] INFO  server.RaftServerConfigKeys (ConfUtils.java:logGet(43)) - raft.server.log.statemachine.data.sync.timeout.retry = -1 (default)
2019-11-14 00:30:36,174 [pool-177-thread-1] INFO  server.RaftServerConfigKeys (ConfUtils.java:logGet(43)) - raft.server.log.statemachine.data.caching.enabled = true (custom)
2019-11-14 00:30:36,175 [pool-177-thread-1] INFO  segmented.SegmentedRaftLogWorker (SegmentedRaftLogWorker.java:lambda$new$0(128)) - 28c37427-a0e8-441a-bbe9-fd5c5227817f@group-70A6DC1FB3C5-SegmentedRaftLogWorker: flushIndex: setUnconditionally 0 -> -1
2019-11-14 00:30:36,175 [pool-177-thread-1] INFO  server.RaftServerConfigKeys (ConfUtils.java:logGet(43)) - raft.server.snapshot.auto.trigger.enabled = true (custom)
2019-11-14 00:30:36,175 [pool-177-thread-1] INFO  server.RaftServerConfigKeys (ConfUtils.java:logGet(43)) - raft.server.snapshot.auto.trigger.threshold = 10000 (custom)
2019-11-14 00:30:36,175 [pool-177-thread-1] INFO  server.RaftServerConfigKeys (ConfUtils.java:logGet(43)) - raft.server.snapshot.retention.file.num = 5 (custom)
2019-11-14 00:30:36,175 [pool-177-thread-1] INFO  server.RaftServerConfigKeys (ConfUtils.java:logGet(43)) - raft.server.retrycache.expirytime = 600000ms (custom)
2019-11-14 00:30:36,176 [pool-177-thread-1] WARN  impl.MetricRegistriesImpl (MetricRegistriesImpl.java:lambda$create$1(61)) - First MetricRegistry has been created without registering reporters. You may need to call MetricRegistries.global().addReportRegistration(...) before.
2019-11-14 00:30:36,176 [pool-177-thread-1] WARN  impl.MetricRegistriesImpl (MetricRegistriesImpl.java:lambda$create$1(61)) - First MetricRegistry has been created without registering reporters. You may need to call MetricRegistries.global().addReportRegistration(...) before.
2019-11-14 00:30:36,176 [pool-177-thread-1] INFO  impl.RaftServerImpl (RaftServerImpl.java:start(184)) - 28c37427-a0e8-441a-bbe9-fd5c5227817f@group-59D6A62A010C: start as a follower, conf=-1: [28c37427-a0e8-441a-bbe9-fd5c5227817f:192.168.69.66:34423], old=null
2019-11-14 00:30:36,176 [pool-177-thread-1] INFO  impl.RaftServerImpl (RaftServerImpl.java:setRole(173)) - 28c37427-a0e8-441a-bbe9-fd5c5227817f@group-59D6A62A010C: changes role from      null to FOLLOWER at term 0 for startAsFollower
2019-11-14 00:30:36,176 [pool-177-thread-1] INFO  impl.RoleInfo (RoleInfo.java:updateAndGet(143)) - 28c37427-a0e8-441a-bbe9-fd5c5227817f: start FollowerState
2019-11-14 00:30:36,177 [pool-177-thread-1] INFO  util.JmxRegister (JmxRegister.java:tryRegister(44)) - Successfully registered JMX Bean with object name Ratis:service=RaftServer,group=group-59D6A62A010C,id=28c37427-a0e8-441a-bbe9-fd5c5227817f
2019-11-14 00:30:36,177 [pool-177-thread-1] WARN  impl.MetricRegistriesImpl (MetricRegistriesImpl.java:lambda$create$1(61)) - First MetricRegistry has been created without registering reporters. You may need to call MetricRegistries.global().addReportRegistration(...) before.
2019-11-14 00:30:36,179 [pool-177-thread-1] INFO  impl.RaftServerImpl (RaftServerImpl.java:<init>(98)) - 28c37427-a0e8-441a-bbe9-fd5c5227817f: new RaftServerImpl for group-224A58ECAD4E:[5ec3eda0-64f8-4658-bfd5-1d254d69c5ac:192.168.69.66:40315, 28c37427-a0e8-441a-bbe9-fd5c5227817f:192.168.69.66:34423, 372e322f-2795-4a67-ada4-08c58a2d79d7:192.168.69.66:35553] with ContainerStateMachine:uninitialized
2019-11-14 00:30:36,179 [pool-177-thread-1] INFO  server.RaftServerConfigKeys (ConfUtils.java:logGet(43)) - raft.server.rpc.timeout.min = 5s (custom)
2019-11-14 00:30:36,180 [pool-177-thread-1] INFO  server.RaftServerConfigKeys (ConfUtils.java:logGet(43)) - raft.server.rpc.timeout.max = 5200ms (custom)
2019-11-14 00:30:36,180 [pool-177-thread-1] INFO  server.RaftServerConfigKeys (ConfUtils.java:logGet(43)) - raft.server.rpcslowness.timeout = 120s (custom)
2019-11-14 00:30:36,180 [pool-177-thread-1] INFO  server.RaftServerConfigKeys (ConfUtils.java:logGet(43)) - raft.server.sleep.deviation.threshold = 300 (default)
2019-11-14 00:30:36,180 [pool-177-thread-1] INFO  server.RaftServerConfigKeys (ConfUtils.java:logGet(43)) - raft.server.log.appender.install.snapshot.enabled = false (custom)
2019-11-14 00:30:36,180 [pool-177-thread-1] INFO  impl.RaftServerImpl (ServerState.java:<init>(103)) - 28c37427-a0e8-441a-bbe9-fd5c5227817f@group-224A58ECAD4E: ConfigurationManager, init=-1: [5ec3eda0-64f8-4658-bfd5-1d254d69c5ac:192.168.69.66:40315, 28c37427-a0e8-441a-bbe9-fd5c5227817f:192.168.69.66:34423, 372e322f-2795-4a67-ada4-08c58a2d79d7:192.168.69.66:35553], old=null, confs=<EMPTY_MAP>
2019-11-14 00:30:36,180 [pool-177-thread-1] INFO  server.RaftServerConfigKeys (ConfUtils.java:logGet(43)) - raft.server.storage.dir = [/workdir/hadoop-ozone/ozonefs/target/test-dir/MiniOzoneClusterImpl-e2e642c9-a982-4ec5-8d8a-1e30a3ea3417/datanode-0/data/ratis] (custom)
2019-11-14 00:30:36,181 [pool-177-thread-1] INFO  server.RaftServerConfigKeys (ConfUtils.java:logGet(43)) - raft.server.log.corruption.policy = EXCEPTION (default)
2019-11-14 00:30:36,181 [pool-177-thread-1] INFO  storage.RaftStorageDirectory (RaftStorageDirectory.java:analyzeStorage(246)) - The storage directory /workdir/hadoop-ozone/ozonefs/target/test-dir/MiniOzoneClusterImpl-e2e642c9-a982-4ec5-8d8a-1e30a3ea3417/datanode-0/data/ratis/7f9a8fb8-5702-49c4-ad76-224a58ecad4e does not exist. Creating ...
2019-11-14 00:30:36,728 [pool-197-thread-1] INFO  storage.RaftStorageDirectory (RaftStorageDirectory.java:tryLock(328)) - Lock on /workdir/hadoop-ozone/ozonefs/target/test-dir/MiniOzoneClusterImpl-e2e642c9-a982-4ec5-8d8a-1e30a3ea3417/datanode-2/data/ratis/fea7f55f-8d0b-4f16-bb22-406905859bfc/in_use.lock acquired by nodename 3514@pr-hdds-1987-8zf8w-776105129
2019-11-14 00:30:36,728 [pool-187-thread-1] INFO  storage.RaftStorageDirectory (RaftStorageDirectory.java:tryLock(328)) - Lock on /workdir/hadoop-ozone/ozonefs/target/test-dir/MiniOzoneClusterImpl-e2e642c9-a982-4ec5-8d8a-1e30a3ea3417/datanode-1/data/ratis/7f9a8fb8-5702-49c4-ad76-224a58ecad4e/in_use.lock acquired by nodename 3514@pr-hdds-1987-8zf8w-776105129
2019-11-14 00:30:36,813 [grpc-default-executor-0] INFO  impl.RaftServerProxy (RaftServerProxy.java:addNew(89)) - 372e322f-2795-4a67-ada4-08c58a2d79d7: addNew group-DAF026E5BB25:[5ec3eda0-64f8-4658-bfd5-1d254d69c5ac:192.168.69.66:40315, 28c37427-a0e8-441a-bbe9-fd5c5227817f:192.168.69.66:34423, 372e322f-2795-4a67-ada4-08c58a2d79d7:192.168.69.66:35553] returns group-DAF026E5BB25:java.util.concurrent.CompletableFuture@260a512d[Not completed]
2019-11-14 00:30:36,814 [grpc-default-executor-3] INFO  impl.RaftServerProxy (RaftServerProxy.java:addNew(89)) - 5ec3eda0-64f8-4658-bfd5-1d254d69c5ac: addNew group-DAF026E5BB25:[5ec3eda0-64f8-4658-bfd5-1d254d69c5ac:192.168.69.66:40315, 28c37427-a0e8-441a-bbe9-fd5c5227817f:192.168.69.66:34423, 372e322f-2795-4a67-ada4-08c58a2d79d7:192.168.69.66:35553] returns group-DAF026E5BB25:java.util.concurrent.CompletableFuture@1e5ae062[Not completed]
2019-11-14 00:30:36,815 [grpc-default-executor-1] INFO  impl.RaftServerProxy (RaftServerProxy.java:addNew(89)) - 28c37427-a0e8-441a-bbe9-fd5c5227817f: addNew group-DAF026E5BB25:[5ec3eda0-64f8-4658-bfd5-1d254d69c5ac:192.168.69.66:40315, 28c37427-a0e8-441a-bbe9-fd5c5227817f:192.168.69.66:34423, 372e322f-2795-4a67-ada4-08c58a2d79d7:192.168.69.66:35553] returns group-DAF026E5BB25:java.util.concurrent.CompletableFuture@3fe659e6[Not completed]
2019-11-14 00:30:37,708 [pool-177-thread-1] INFO  storage.RaftStorageDirectory (RaftStorageDirectory.java:tryLock(328)) - Lock on /workdir/hadoop-ozone/ozonefs/target/test-dir/MiniOzoneClusterImpl-e2e642c9-a982-4ec5-8d8a-1e30a3ea3417/datanode-0/data/ratis/7f9a8fb8-5702-49c4-ad76-224a58ecad4e/in_use.lock acquired by nodename 3514@pr-hdds-1987-8zf8w-776105129
2019-11-14 00:30:38,970 [pool-197-thread-1] INFO  storage.RaftStorage (RaftStorage.java:format(84)) - Storage directory /workdir/hadoop-ozone/ozonefs/target/test-dir/MiniOzoneClusterImpl-e2e642c9-a982-4ec5-8d8a-1e30a3ea3417/datanode-2/data/ratis/fea7f55f-8d0b-4f16-bb22-406905859bfc has been successfully formatted.
2019-11-14 00:30:38,970 [pool-187-thread-1] INFO  storage.RaftStorage (RaftStorage.java:format(84)) - Storage directory /workdir/hadoop-ozone/ozonefs/target/test-dir/MiniOzoneClusterImpl-e2e642c9-a982-4ec5-8d8a-1e30a3ea3417/datanode-1/data/ratis/7f9a8fb8-5702-49c4-ad76-224a58ecad4e has been successfully formatted.
2019-11-14 00:30:38,971 [pool-197-thread-1] INFO  ratis.ContainerStateMachine (ContainerStateMachine.java:loadSnapshot(221)) - group-406905859BFC: The snapshot info is null. Setting the last applied indexto:(t:0, i:~)
2019-11-14 00:30:38,971 [pool-187-thread-1] INFO  ratis.ContainerStateMachine (ContainerStateMachine.java:loadSnapshot(221)) - group-224A58ECAD4E: The snapshot info is null. Setting the last applied indexto:(t:0, i:~)
2019-11-14 00:30:38,971 [pool-197-thread-1] INFO  server.RaftServerConfigKeys (ConfUtils.java:logGet(43)) - raft.server.notification.no-leader.timeout = 120s (custom)
2019-11-14 00:30:38,971 [pool-187-thread-1] INFO  server.RaftServerConfigKeys (ConfUtils.java:logGet(43)) - raft.server.notification.no-leader.timeout = 120s (custom)
2019-11-14 00:30:38,971 [pool-197-thread-1] INFO  server.RaftServerConfigKeys (ConfUtils.java:logGet(43)) - raft.server.log.use.memory = false (default)
2019-11-14 00:30:38,971 [pool-187-thread-1] INFO  server.RaftServerConfigKeys (ConfUtils.java:logGet(43)) - raft.server.log.use.memory = false (default)
2019-11-14 00:30:38,972 [pool-187-thread-1] INFO  server.RaftServerConfigKeys (ConfUtils.java:logGet(43)) - raft.server.log.purge.gap = 1000000 (custom)
2019-11-14 00:30:38,972 [pool-197-thread-1] INFO  server.RaftServerConfigKeys (ConfUtils.java:logGet(43)) - raft.server.log.purge.gap = 1000000 (custom)
2019-11-14 00:30:38,972 [pool-187-thread-1] INFO  server.RaftServerConfigKeys (ConfUtils.java:logGet(43)) - raft.server.log.appender.buffer.byte-limit = 33554432 (custom)
2019-11-14 00:30:38,972 [pool-197-thread-1] INFO  server.RaftServerConfigKeys (ConfUtils.java:logGet(43)) - raft.server.log.appender.buffer.byte-limit = 33554432 (custom)
2019-11-14 00:30:38,972 [pool-187-thread-1] INFO  server.RaftServerConfigKeys (ConfUtils.java:logGet(43)) - raft.server.log.segment.size.max = 1048576 (custom)
2019-11-14 00:30:38,972 [pool-197-thread-1] INFO  server.RaftServerConfigKeys (ConfUtils.java:logGet(43)) - raft.server.log.segment.size.max = 1048576 (custom)
2019-11-14 00:30:38,972 [pool-187-thread-1] INFO  server.RaftServerConfigKeys (ConfUtils.java:logGet(43)) - raft.server.log.segment.cache.num.max = 2 (custom)
2019-11-14 00:30:38,972 [pool-197-thread-1] INFO  server.RaftServerConfigKeys (ConfUtils.java:logGet(43)) - raft.server.log.segment.cache.num.max = 2 (custom)
2019-11-14 00:30:38,972 [pool-187-thread-1] INFO  segmented.SegmentedRaftLogWorker (SegmentedRaftLogWorker.java:<init>(173)) - new 372e322f-2795-4a67-ada4-08c58a2d79d7@group-224A58ECAD4E-SegmentedRaftLogWorker for RaftStorage:Storage Directory /workdir/hadoop-ozone/ozonefs/target/test-dir/MiniOzoneClusterImpl-e2e642c9-a982-4ec5-8d8a-1e30a3ea3417/datanode-1/data/ratis/7f9a8fb8-5702-49c4-ad76-224a58ecad4e
2019-11-14 00:30:38,973 [pool-197-thread-1] INFO  segmented.SegmentedRaftLogWorker (SegmentedRaftLogWorker.java:<init>(173)) - new 5ec3eda0-64f8-4658-bfd5-1d254d69c5ac@group-406905859BFC-SegmentedRaftLogWorker for RaftStorage:Storage Directory /workdir/hadoop-ozone/ozonefs/target/test-dir/MiniOzoneClusterImpl-e2e642c9-a982-4ec5-8d8a-1e30a3ea3417/datanode-2/data/ratis/fea7f55f-8d0b-4f16-bb22-406905859bfc
2019-11-14 00:30:38,973 [pool-187-thread-1] INFO  server.RaftServerConfigKeys (ConfUtils.java:logGet(43)) - raft.server.log.queue.byte-limit = 2147483647 (custom)
2019-11-14 00:30:38,973 [pool-197-thread-1] INFO  server.RaftServerConfigKeys (ConfUtils.java:logGet(43)) - raft.server.log.queue.byte-limit = 2147483647 (custom)
2019-11-14 00:30:38,973 [pool-187-thread-1] INFO  server.RaftServerConfigKeys (ConfUtils.java:logGet(43)) - raft.server.log.queue.element-limit = 1024 (custom)
2019-11-14 00:30:38,973 [pool-197-thread-1] INFO  server.RaftServerConfigKeys (ConfUtils.java:logGet(43)) - raft.server.log.queue.element-limit = 1024 (custom)
2019-11-14 00:30:38,973 [pool-187-thread-1] INFO  server.RaftServerConfigKeys (ConfUtils.java:logGet(43)) - raft.server.log.segment.size.max = 1048576 (custom)
2019-11-14 00:30:38,973 [pool-197-thread-1] INFO  server.RaftServerConfigKeys (ConfUtils.java:logGet(43)) - raft.server.log.segment.size.max = 1048576 (custom)
2019-11-14 00:30:38,973 [pool-187-thread-1] INFO  server.RaftServerConfigKeys (ConfUtils.java:logGet(43)) - raft.server.log.preallocated.size = 16384 (custom)
2019-11-14 00:30:38,974 [pool-197-thread-1] INFO  server.RaftServerConfigKeys (ConfUtils.java:logGet(43)) - raft.server.log.preallocated.size = 16384 (custom)
2019-11-14 00:30:38,974 [pool-187-thread-1] INFO  server.RaftServerConfigKeys (ConfUtils.java:logGet(43)) - raft.server.log.write.buffer.size = 33554432 (custom)
2019-11-14 00:30:38,974 [pool-197-thread-1] INFO  server.RaftServerConfigKeys (ConfUtils.java:logGet(43)) - raft.server.log.write.buffer.size = 33554432 (custom)
2019-11-14 00:30:38,974 [pool-187-thread-1] INFO  server.RaftServerConfigKeys (ConfUtils.java:logGet(43)) - raft.server.log.force.sync.num = 128 (default)
2019-11-14 00:30:38,974 [pool-197-thread-1] INFO  server.RaftServerConfigKeys (ConfUtils.java:logGet(43)) - raft.server.log.force.sync.num = 128 (default)
2019-11-14 00:30:38,974 [pool-187-thread-1] INFO  server.RaftServerConfigKeys (ConfUtils.java:logGet(43)) - raft.server.log.statemachine.data.sync = true (default)
2019-11-14 00:30:38,974 [pool-197-thread-1] INFO  server.RaftServerConfigKeys (ConfUtils.java:logGet(43)) - raft.server.log.statemachine.data.sync = true (default)
2019-11-14 00:30:38,975 [pool-187-thread-1] INFO  server.RaftServerConfigKeys (ConfUtils.java:logGet(43)) - raft.server.log.statemachine.data.sync.timeout = 10s (default)
2019-11-14 00:30:38,975 [pool-197-thread-1] INFO  server.RaftServerConfigKeys (ConfUtils.java:logGet(43)) - raft.server.log.statemachine.data.sync.timeout = 10s (default)
2019-11-14 00:30:38,975 [pool-187-thread-1] INFO  server.RaftServerConfigKeys (ConfUtils.java:logGet(43)) - raft.server.log.statemachine.data.sync.timeout.retry = -1 (default)
2019-11-14 00:30:38,975 [pool-197-thread-1] INFO  server.RaftServerConfigKeys (ConfUtils.java:logGet(43)) - raft.server.log.statemachine.data.sync.timeout.retry = -1 (default)
2019-11-14 00:30:38,975 [pool-187-thread-1] INFO  server.RaftServerConfigKeys (ConfUtils.java:logGet(43)) - raft.server.log.statemachine.data.caching.enabled = true (custom)
2019-11-14 00:30:38,975 [pool-197-thread-1] INFO  server.RaftServerConfigKeys (ConfUtils.java:logGet(43)) - raft.server.log.statemachine.data.caching.enabled = true (custom)
2019-11-14 00:30:38,976 [pool-187-thread-1] INFO  segmented.SegmentedRaftLogWorker (SegmentedRaftLogWorker.java:lambda$new$0(128)) - 372e322f-2795-4a67-ada4-08c58a2d79d7@group-224A58ECAD4E-SegmentedRaftLogWorker: flushIndex: setUnconditionally 0 -> -1
2019-11-14 00:30:38,976 [pool-197-thread-1] INFO  segmented.SegmentedRaftLogWorker (SegmentedRaftLogWorker.java:lambda$new$0(128)) - 5ec3eda0-64f8-4658-bfd5-1d254d69c5ac@group-406905859BFC-SegmentedRaftLogWorker: flushIndex: setUnconditionally 0 -> -1
2019-11-14 00:30:38,976 [pool-187-thread-1] INFO  server.RaftServerConfigKeys (ConfUtils.java:logGet(43)) - raft.server.snapshot.auto.trigger.enabled = true (custom)
2019-11-14 00:30:38,976 [pool-197-thread-1] INFO  server.RaftServerConfigKeys (ConfUtils.java:logGet(43)) - raft.server.snapshot.auto.trigger.enabled = true (custom)
2019-11-14 00:30:38,976 [pool-187-thread-1] INFO  server.RaftServerConfigKeys (ConfUtils.java:logGet(43)) - raft.server.snapshot.auto.trigger.threshold = 10000 (custom)
2019-11-14 00:30:38,976 [pool-197-thread-1] INFO  server.RaftServerConfigKeys (ConfUtils.java:logGet(43)) - raft.server.snapshot.auto.trigger.threshold = 10000 (custom)
2019-11-14 00:30:38,976 [pool-187-thread-1] INFO  server.RaftServerConfigKeys (ConfUtils.java:logGet(43)) - raft.server.snapshot.retention.file.num = 5 (custom)
2019-11-14 00:30:38,977 [pool-197-thread-1] INFO  server.RaftServerConfigKeys (ConfUtils.java:logGet(43)) - raft.server.snapshot.retention.file.num = 5 (custom)
2019-11-14 00:30:38,977 [pool-187-thread-1] INFO  server.RaftServerConfigKeys (ConfUtils.java:logGet(43)) - raft.server.retrycache.expirytime = 600000ms (custom)
2019-11-14 00:30:38,977 [pool-197-thread-1] INFO  server.RaftServerConfigKeys (ConfUtils.java:logGet(43)) - raft.server.retrycache.expirytime = 600000ms (custom)
2019-11-14 00:30:38,977 [pool-187-thread-1] WARN  impl.MetricRegistriesImpl (MetricRegistriesImpl.java:lambda$create$1(61)) - First MetricRegistry has been created without registering reporters. You may need to call MetricRegistries.global().addReportRegistration(...) before.
2019-11-14 00:30:38,977 [pool-197-thread-1] WARN  impl.MetricRegistriesImpl (MetricRegistriesImpl.java:lambda$create$1(61)) - First MetricRegistry has been created without registering reporters. You may need to call MetricRegistries.global().addReportRegistration(...) before.
2019-11-14 00:30:38,977 [pool-187-thread-1] WARN  impl.MetricRegistriesImpl (MetricRegistriesImpl.java:lambda$create$1(61)) - First MetricRegistry has been created without registering reporters. You may need to call MetricRegistries.global().addReportRegistration(...) before.
2019-11-14 00:30:38,977 [pool-197-thread-1] WARN  impl.MetricRegistriesImpl (MetricRegistriesImpl.java:lambda$create$1(61)) - First MetricRegistry has been created without registering reporters. You may need to call MetricRegistries.global().addReportRegistration(...) before.
2019-11-14 00:30:38,978 [pool-187-thread-1] INFO  impl.RaftServerImpl (RaftServerImpl.java:start(184)) - 372e322f-2795-4a67-ada4-08c58a2d79d7@group-70A6DC1FB3C5: start as a follower, conf=-1: [5ec3eda0-64f8-4658-bfd5-1d254d69c5ac:192.168.69.66:40315, 28c37427-a0e8-441a-bbe9-fd5c5227817f:192.168.69.66:34423, 372e322f-2795-4a67-ada4-08c58a2d79d7:192.168.69.66:35553], old=null
2019-11-14 00:30:38,978 [pool-187-thread-1] INFO  impl.RaftServerImpl (RaftServerImpl.java:setRole(173)) - 372e322f-2795-4a67-ada4-08c58a2d79d7@group-70A6DC1FB3C5: changes role from      null to FOLLOWER at term 0 for startAsFollower
2019-11-14 00:30:38,978 [pool-187-thread-1] INFO  impl.RoleInfo (RoleInfo.java:updateAndGet(143)) - 372e322f-2795-4a67-ada4-08c58a2d79d7: start FollowerState
2019-11-14 00:30:38,983 [pool-187-thread-1] INFO  util.JmxRegister (JmxRegister.java:tryRegister(44)) - Successfully registered JMX Bean with object name Ratis:service=RaftServer,group=group-70A6DC1FB3C5,id=372e322f-2795-4a67-ada4-08c58a2d79d7
2019-11-14 00:30:38,983 [pool-187-thread-1] WARN  impl.MetricRegistriesImpl (MetricRegistriesImpl.java:lambda$create$1(61)) - First MetricRegistry has been created without registering reporters. You may need to call MetricRegistries.global().addReportRegistration(...) before.
2019-11-14 00:30:38,987 [pool-197-thread-1] INFO  impl.RaftServerImpl (RaftServerImpl.java:<init>(98)) - 5ec3eda0-64f8-4658-bfd5-1d254d69c5ac: new RaftServerImpl for group-224A58ECAD4E:[5ec3eda0-64f8-4658-bfd5-1d254d69c5ac:192.168.69.66:40315, 28c37427-a0e8-441a-bbe9-fd5c5227817f:192.168.69.66:34423, 372e322f-2795-4a67-ada4-08c58a2d79d7:192.168.69.66:35553] with ContainerStateMachine:uninitialized
2019-11-14 00:30:38,987 [pool-197-thread-1] INFO  server.RaftServerConfigKeys (ConfUtils.java:logGet(43)) - raft.server.rpc.timeout.min = 5s (custom)
2019-11-14 00:30:38,987 [pool-197-thread-1] INFO  server.RaftServerConfigKeys (ConfUtils.java:logGet(43)) - raft.server.rpc.timeout.max = 5200ms (custom)
2019-11-14 00:30:38,988 [pool-197-thread-1] INFO  server.RaftServerConfigKeys (ConfUtils.java:logGet(43)) - raft.server.rpcslowness.timeout = 120s (custom)
2019-11-14 00:30:38,988 [pool-187-thread-1] INFO  impl.RaftServerImpl (RaftServerImpl.java:<init>(98)) - 372e322f-2795-4a67-ada4-08c58a2d79d7: new RaftServerImpl for group-DAF026E5BB25:[5ec3eda0-64f8-4658-bfd5-1d254d69c5ac:192.168.69.66:40315, 28c37427-a0e8-441a-bbe9-fd5c5227817f:192.168.69.66:34423, 372e322f-2795-4a67-ada4-08c58a2d79d7:192.168.69.66:35553] with ContainerStateMachine:uninitialized
2019-11-14 00:30:38,988 [pool-197-thread-1] INFO  server.RaftServerConfigKeys (ConfUtils.java:logGet(43)) - raft.server.sleep.deviation.threshold = 300 (default)
2019-11-14 00:30:38,988 [pool-187-thread-1] INFO  server.RaftServerConfigKeys (ConfUtils.java:logGet(43)) - raft.server.rpc.timeout.min = 5s (custom)
2019-11-14 00:30:38,988 [pool-197-thread-1] INFO  server.RaftServerConfigKeys (ConfUtils.java:logGet(43)) - raft.server.log.appender.install.snapshot.enabled = false (custom)
2019-11-14 00:30:38,988 [pool-187-thread-1] INFO  server.RaftServerConfigKeys (ConfUtils.java:logGet(43)) - raft.server.rpc.timeout.max = 5200ms (custom)
2019-11-14 00:30:38,988 [pool-197-thread-1] INFO  impl.RaftServerImpl (ServerState.java:<init>(103)) - 5ec3eda0-64f8-4658-bfd5-1d254d69c5ac@group-224A58ECAD4E: ConfigurationManager, init=-1: [5ec3eda0-64f8-4658-bfd5-1d254d69c5ac:192.168.69.66:40315, 28c37427-a0e8-441a-bbe9-fd5c5227817f:192.168.69.66:34423, 372e322f-2795-4a67-ada4-08c58a2d79d7:192.168.69.66:35553], old=null, confs=<EMPTY_MAP>
2019-11-14 00:30:38,988 [pool-187-thread-1] INFO  server.RaftServerConfigKeys (ConfUtils.java:logGet(43)) - raft.server.rpcslowness.timeout = 120s (custom)
2019-11-14 00:30:38,988 [pool-187-thread-1] INFO  server.RaftServerConfigKeys (ConfUtils.java:logGet(43)) - raft.server.sleep.deviation.threshold = 300 (default)
2019-11-14 00:30:38,988 [pool-197-thread-1] INFO  server.RaftServerConfigKeys (ConfUtils.java:logGet(43)) - raft.server.storage.dir = [/workdir/hadoop-ozone/ozonefs/target/test-dir/MiniOzoneClusterImpl-e2e642c9-a982-4ec5-8d8a-1e30a3ea3417/datanode-2/data/ratis] (custom)
2019-11-14 00:30:38,989 [pool-187-thread-1] INFO  server.RaftServerConfigKeys (ConfUtils.java:logGet(43)) - raft.server.log.appender.install.snapshot.enabled = false (custom)
2019-11-14 00:30:38,989 [pool-187-thread-1] INFO  impl.RaftServerImpl (ServerState.java:<init>(103)) - 372e322f-2795-4a67-ada4-08c58a2d79d7@group-DAF026E5BB25: ConfigurationManager, init=-1: [5ec3eda0-64f8-4658-bfd5-1d254d69c5ac:192.168.69.66:40315, 28c37427-a0e8-441a-bbe9-fd5c5227817f:192.168.69.66:34423, 372e322f-2795-4a67-ada4-08c58a2d79d7:192.168.69.66:35553], old=null, confs=<EMPTY_MAP>
2019-11-14 00:30:38,989 [pool-197-thread-1] INFO  server.RaftServerConfigKeys (ConfUtils.java:logGet(43)) - raft.server.log.corruption.policy = EXCEPTION (default)
2019-11-14 00:30:38,989 [pool-187-thread-1] INFO  server.RaftServerConfigKeys (ConfUtils.java:logGet(43)) - raft.server.storage.dir = [/workdir/hadoop-ozone/ozonefs/target/test-dir/MiniOzoneClusterImpl-e2e642c9-a982-4ec5-8d8a-1e30a3ea3417/datanode-1/data/ratis] (custom)
2019-11-14 00:30:38,989 [pool-197-thread-1] INFO  storage.RaftStorageDirectory (RaftStorageDirectory.java:analyzeStorage(246)) - The storage directory /workdir/hadoop-ozone/ozonefs/target/test-dir/MiniOzoneClusterImpl-e2e642c9-a982-4ec5-8d8a-1e30a3ea3417/datanode-2/data/ratis/7f9a8fb8-5702-49c4-ad76-224a58ecad4e does not exist. Creating ...
2019-11-14 00:30:38,989 [pool-187-thread-1] INFO  server.RaftServerConfigKeys (ConfUtils.java:logGet(43)) - raft.server.log.corruption.policy = EXCEPTION (default)
2019-11-14 00:30:38,990 [pool-187-thread-1] INFO  storage.RaftStorageDirectory (RaftStorageDirectory.java:analyzeStorage(246)) - The storage directory /workdir/hadoop-ozone/ozonefs/target/test-dir/MiniOzoneClusterImpl-e2e642c9-a982-4ec5-8d8a-1e30a3ea3417/datanode-1/data/ratis/2deeed8d-bb04-44c1-9710-daf026e5bb25 does not exist. Creating ...
2019-11-14 00:30:39,030 [pool-177-thread-1] INFO  storage.RaftStorage (RaftStorage.java:format(84)) - Storage directory /workdir/hadoop-ozone/ozonefs/target/test-dir/MiniOzoneClusterImpl-e2e642c9-a982-4ec5-8d8a-1e30a3ea3417/datanode-0/data/ratis/7f9a8fb8-5702-49c4-ad76-224a58ecad4e has been successfully formatted.
2019-11-14 00:30:39,031 [pool-177-thread-1] INFO  ratis.ContainerStateMachine (ContainerStateMachine.java:loadSnapshot(221)) - group-224A58ECAD4E: The snapshot info is null. Setting the last applied indexto:(t:0, i:~)
2019-11-14 00:30:39,031 [pool-177-thread-1] INFO  server.RaftServerConfigKeys (ConfUtils.java:logGet(43)) - raft.server.notification.no-leader.timeout = 120s (custom)
2019-11-14 00:30:39,031 [pool-177-thread-1] INFO  server.RaftServerConfigKeys (ConfUtils.java:logGet(43)) - raft.server.log.use.memory = false (default)
2019-11-14 00:30:39,031 [pool-177-thread-1] INFO  server.RaftServerConfigKeys (ConfUtils.java:logGet(43)) - raft.server.log.purge.gap = 1000000 (custom)
2019-11-14 00:30:39,032 [pool-177-thread-1] INFO  server.RaftServerConfigKeys (ConfUtils.java:logGet(43)) - raft.server.log.appender.buffer.byte-limit = 33554432 (custom)
2019-11-14 00:30:39,032 [pool-177-thread-1] INFO  server.RaftServerConfigKeys (ConfUtils.java:logGet(43)) - raft.server.log.segment.size.max = 1048576 (custom)
2019-11-14 00:30:39,032 [pool-177-thread-1] INFO  server.RaftServerConfigKeys (ConfUtils.java:logGet(43)) - raft.server.log.segment.cache.num.max = 2 (custom)
2019-11-14 00:30:39,032 [pool-177-thread-1] INFO  segmented.SegmentedRaftLogWorker (SegmentedRaftLogWorker.java:<init>(173)) - new 28c37427-a0e8-441a-bbe9-fd5c5227817f@group-224A58ECAD4E-SegmentedRaftLogWorker for RaftStorage:Storage Directory /workdir/hadoop-ozone/ozonefs/target/test-dir/MiniOzoneClusterImpl-e2e642c9-a982-4ec5-8d8a-1e30a3ea3417/datanode-0/data/ratis/7f9a8fb8-5702-49c4-ad76-224a58ecad4e
2019-11-14 00:30:39,032 [pool-177-thread-1] INFO  server.RaftServerConfigKeys (ConfUtils.java:logGet(43)) - raft.server.log.queue.byte-limit = 2147483647 (custom)
2019-11-14 00:30:39,032 [pool-177-thread-1] INFO  server.RaftServerConfigKeys (ConfUtils.java:logGet(43)) - raft.server.log.queue.element-limit = 1024 (custom)
2019-11-14 00:30:39,033 [pool-177-thread-1] INFO  server.RaftServerConfigKeys (ConfUtils.java:logGet(43)) - raft.server.log.segment.size.max = 1048576 (custom)
2019-11-14 00:30:39,033 [pool-177-thread-1] INFO  server.RaftServerConfigKeys (ConfUtils.java:logGet(43)) - raft.server.log.preallocated.size = 16384 (custom)
2019-11-14 00:30:39,033 [pool-177-thread-1] INFO  server.RaftServerConfigKeys (ConfUtils.java:logGet(43)) - raft.server.log.write.buffer.size = 33554432 (custom)
2019-11-14 00:30:39,033 [pool-177-thread-1] INFO  server.RaftServerConfigKeys (ConfUtils.java:logGet(43)) - raft.server.log.force.sync.num = 128 (default)
2019-11-14 00:30:39,033 [pool-177-thread-1] INFO  server.RaftServerConfigKeys (ConfUtils.java:logGet(43)) - raft.server.log.statemachine.data.sync = true (default)
2019-11-14 00:30:39,033 [pool-177-thread-1] INFO  server.RaftServerConfigKeys (ConfUtils.java:logGet(43)) - raft.server.log.statemachine.data.sync.timeout = 10s (default)
2019-11-14 00:30:39,033 [pool-177-thread-1] INFO  server.RaftServerConfigKeys (ConfUtils.java:logGet(43)) - raft.server.log.statemachine.data.sync.timeout.retry = -1 (default)
2019-11-14 00:30:39,034 [pool-177-thread-1] INFO  server.RaftServerConfigKeys (ConfUtils.java:logGet(43)) - raft.server.log.statemachine.data.caching.enabled = true (custom)
2019-11-14 00:30:39,034 [pool-177-thread-1] INFO  segmented.SegmentedRaftLogWorker (SegmentedRaftLogWorker.java:lambda$new$0(128)) - 28c37427-a0e8-441a-bbe9-fd5c5227817f@group-224A58ECAD4E-SegmentedRaftLogWorker: flushIndex: setUnconditionally 0 -> -1
2019-11-14 00:30:39,034 [pool-177-thread-1] INFO  server.RaftServerConfigKeys (ConfUtils.java:logGet(43)) - raft.server.snapshot.auto.trigger.enabled = true (custom)
2019-11-14 00:30:39,035 [pool-177-thread-1] INFO  server.RaftServerConfigKeys (ConfUtils.java:logGet(43)) - raft.server.snapshot.auto.trigger.threshold = 10000 (custom)
2019-11-14 00:30:39,035 [pool-177-thread-1] INFO  server.RaftServerConfigKeys (ConfUtils.java:logGet(43)) - raft.server.snapshot.retention.file.num = 5 (custom)
2019-11-14 00:30:39,035 [pool-177-thread-1] INFO  server.RaftServerConfigKeys (ConfUtils.java:logGet(43)) - raft.server.retrycache.expirytime = 600000ms (custom)
2019-11-14 00:30:39,035 [pool-177-thread-1] WARN  impl.MetricRegistriesImpl (MetricRegistriesImpl.java:lambda$create$1(61)) - First MetricRegistry has been created without registering reporters. You may need to call MetricRegistries.global().addReportRegistration(...) before.
2019-11-14 00:30:39,035 [pool-177-thread-1] WARN  impl.MetricRegistriesImpl (MetricRegistriesImpl.java:lambda$create$1(61)) - First MetricRegistry has been created without registering reporters. You may need to call MetricRegistries.global().addReportRegistration(...) before.
2019-11-14 00:30:39,036 [pool-177-thread-1] INFO  impl.RaftServerImpl (RaftServerImpl.java:start(184)) - 28c37427-a0e8-441a-bbe9-fd5c5227817f@group-70A6DC1FB3C5: start as a follower, conf=-1: [5ec3eda0-64f8-4658-bfd5-1d254d69c5ac:192.168.69.66:40315, 28c37427-a0e8-441a-bbe9-fd5c5227817f:192.168.69.66:34423, 372e322f-2795-4a67-ada4-08c58a2d79d7:192.168.69.66:35553], old=null
2019-11-14 00:30:39,036 [pool-177-thread-1] INFO  impl.RaftServerImpl (RaftServerImpl.java:setRole(173)) - 28c37427-a0e8-441a-bbe9-fd5c5227817f@group-70A6DC1FB3C5: changes role from      null to FOLLOWER at term 0 for startAsFollower
2019-11-14 00:30:39,036 [pool-177-thread-1] INFO  impl.RoleInfo (RoleInfo.java:updateAndGet(143)) - 28c37427-a0e8-441a-bbe9-fd5c5227817f: start FollowerState
2019-11-14 00:30:39,037 [pool-177-thread-1] INFO  util.JmxRegister (JmxRegister.java:tryRegister(44)) - Successfully registered JMX Bean with object name Ratis:service=RaftServer,group=group-70A6DC1FB3C5,id=28c37427-a0e8-441a-bbe9-fd5c5227817f
2019-11-14 00:30:39,037 [pool-177-thread-1] WARN  impl.MetricRegistriesImpl (MetricRegistriesImpl.java:lambda$create$1(61)) - First MetricRegistry has been created without registering reporters. You may need to call MetricRegistries.global().addReportRegistration(...) before.
2019-11-14 00:30:39,039 [pool-177-thread-1] INFO  impl.RaftServerImpl (RaftServerImpl.java:<init>(98)) - 28c37427-a0e8-441a-bbe9-fd5c5227817f: new RaftServerImpl for group-DAF026E5BB25:[5ec3eda0-64f8-4658-bfd5-1d254d69c5ac:192.168.69.66:40315, 28c37427-a0e8-441a-bbe9-fd5c5227817f:192.168.69.66:34423, 372e322f-2795-4a67-ada4-08c58a2d79d7:192.168.69.66:35553] with ContainerStateMachine:uninitialized
2019-11-14 00:30:39,039 [pool-177-thread-1] INFO  server.RaftServerConfigKeys (ConfUtils.java:logGet(43)) - raft.server.rpc.timeout.min = 5s (custom)
2019-11-14 00:30:39,040 [pool-177-thread-1] INFO  server.RaftServerConfigKeys (ConfUtils.java:logGet(43)) - raft.server.rpc.timeout.max = 5200ms (custom)
2019-11-14 00:30:39,040 [pool-177-thread-1] INFO  server.RaftServerConfigKeys (ConfUtils.java:logGet(43)) - raft.server.rpcslowness.timeout = 120s (custom)
2019-11-14 00:30:39,040 [pool-177-thread-1] INFO  server.RaftServerConfigKeys (ConfUtils.java:logGet(43)) - raft.server.sleep.deviation.threshold = 300 (default)
2019-11-14 00:30:39,040 [pool-177-thread-1] INFO  server.RaftServerConfigKeys (ConfUtils.java:logGet(43)) - raft.server.log.appender.install.snapshot.enabled = false (custom)
2019-11-14 00:30:39,040 [pool-177-thread-1] INFO  impl.RaftServerImpl (ServerState.java:<init>(103)) - 28c37427-a0e8-441a-bbe9-fd5c5227817f@group-DAF026E5BB25: ConfigurationManager, init=-1: [5ec3eda0-64f8-4658-bfd5-1d254d69c5ac:192.168.69.66:40315, 28c37427-a0e8-441a-bbe9-fd5c5227817f:192.168.69.66:34423, 372e322f-2795-4a67-ada4-08c58a2d79d7:192.168.69.66:35553], old=null, confs=<EMPTY_MAP>
2019-11-14 00:30:39,040 [pool-177-thread-1] INFO  server.RaftServerConfigKeys (ConfUtils.java:logGet(43)) - raft.server.storage.dir = [/workdir/hadoop-ozone/ozonefs/target/test-dir/MiniOzoneClusterImpl-e2e642c9-a982-4ec5-8d8a-1e30a3ea3417/datanode-0/data/ratis] (custom)
2019-11-14 00:30:39,041 [pool-177-thread-1] INFO  server.RaftServerConfigKeys (ConfUtils.java:logGet(43)) - raft.server.log.corruption.policy = EXCEPTION (default)
2019-11-14 00:30:39,041 [pool-177-thread-1] INFO  storage.RaftStorageDirectory (RaftStorageDirectory.java:analyzeStorage(246)) - The storage directory /workdir/hadoop-ozone/ozonefs/target/test-dir/MiniOzoneClusterImpl-e2e642c9-a982-4ec5-8d8a-1e30a3ea3417/datanode-0/data/ratis/2deeed8d-bb04-44c1-9710-daf026e5bb25 does not exist. Creating ...
2019-11-14 00:30:39,052 [pool-187-thread-1] INFO  storage.RaftStorageDirectory (RaftStorageDirectory.java:tryLock(328)) - Lock on /workdir/hadoop-ozone/ozonefs/target/test-dir/MiniOzoneClusterImpl-e2e642c9-a982-4ec5-8d8a-1e30a3ea3417/datanode-1/data/ratis/2deeed8d-bb04-44c1-9710-daf026e5bb25/in_use.lock acquired by nodename 3514@pr-hdds-1987-8zf8w-776105129
2019-11-14 00:30:39,052 [pool-197-thread-1] INFO  storage.RaftStorageDirectory (RaftStorageDirectory.java:tryLock(328)) - Lock on /workdir/hadoop-ozone/ozonefs/target/test-dir/MiniOzoneClusterImpl-e2e642c9-a982-4ec5-8d8a-1e30a3ea3417/datanode-2/data/ratis/7f9a8fb8-5702-49c4-ad76-224a58ecad4e/in_use.lock acquired by nodename 3514@pr-hdds-1987-8zf8w-776105129
2019-11-14 00:30:39,234 [pool-177-thread-1] INFO  storage.RaftStorageDirectory (RaftStorageDirectory.java:tryLock(328)) - Lock on /workdir/hadoop-ozone/ozonefs/target/test-dir/MiniOzoneClusterImpl-e2e642c9-a982-4ec5-8d8a-1e30a3ea3417/datanode-0/data/ratis/2deeed8d-bb04-44c1-9710-daf026e5bb25/in_use.lock acquired by nodename 3514@pr-hdds-1987-8zf8w-776105129
2019-11-14 00:30:39,330 [pool-187-thread-1] INFO  storage.RaftStorage (RaftStorage.java:format(84)) - Storage directory /workdir/hadoop-ozone/ozonefs/target/test-dir/MiniOzoneClusterImpl-e2e642c9-a982-4ec5-8d8a-1e30a3ea3417/datanode-1/data/ratis/2deeed8d-bb04-44c1-9710-daf026e5bb25 has been successfully formatted.
2019-11-14 00:30:39,330 [pool-187-thread-1] INFO  ratis.ContainerStateMachine (ContainerStateMachine.java:loadSnapshot(221)) - group-DAF026E5BB25: The snapshot info is null. Setting the last applied indexto:(t:0, i:~)
2019-11-14 00:30:39,330 [pool-187-thread-1] INFO  server.RaftServerConfigKeys (ConfUtils.java:logGet(43)) - raft.server.notification.no-leader.timeout = 120s (custom)
2019-11-14 00:30:39,330 [pool-187-thread-1] INFO  server.RaftServerConfigKeys (ConfUtils.java:logGet(43)) - raft.server.log.use.memory = false (default)
2019-11-14 00:30:39,331 [pool-187-thread-1] INFO  server.RaftServerConfigKeys (ConfUtils.java:logGet(43)) - raft.server.log.purge.gap = 1000000 (custom)
2019-11-14 00:30:39,331 [pool-187-thread-1] INFO  server.RaftServerConfigKeys (ConfUtils.java:logGet(43)) - raft.server.log.appender.buffer.byte-limit = 33554432 (custom)
2019-11-14 00:30:39,331 [pool-187-thread-1] INFO  server.RaftServerConfigKeys (ConfUtils.java:logGet(43)) - raft.server.log.segment.size.max = 1048576 (custom)
2019-11-14 00:30:39,331 [pool-187-thread-1] INFO  server.RaftServerConfigKeys (ConfUtils.java:logGet(43)) - raft.server.log.segment.cache.num.max = 2 (custom)
2019-11-14 00:30:39,331 [pool-187-thread-1] INFO  segmented.SegmentedRaftLogWorker (SegmentedRaftLogWorker.java:<init>(173)) - new 372e322f-2795-4a67-ada4-08c58a2d79d7@group-DAF026E5BB25-SegmentedRaftLogWorker for RaftStorage:Storage Directory /workdir/hadoop-ozone/ozonefs/target/test-dir/MiniOzoneClusterImpl-e2e642c9-a982-4ec5-8d8a-1e30a3ea3417/datanode-1/data/ratis/2deeed8d-bb04-44c1-9710-daf026e5bb25
2019-11-14 00:30:39,331 [pool-187-thread-1] INFO  server.RaftServerConfigKeys (ConfUtils.java:logGet(43)) - raft.server.log.queue.byte-limit = 2147483647 (custom)
2019-11-14 00:30:39,331 [pool-187-thread-1] INFO  server.RaftServerConfigKeys (ConfUtils.java:logGet(43)) - raft.server.log.queue.element-limit = 1024 (custom)
2019-11-14 00:30:39,331 [pool-187-thread-1] INFO  server.RaftServerConfigKeys (ConfUtils.java:logGet(43)) - raft.server.log.segment.size.max = 1048576 (custom)
2019-11-14 00:30:39,331 [pool-187-thread-1] INFO  server.RaftServerConfigKeys (ConfUtils.java:logGet(43)) - raft.server.log.preallocated.size = 16384 (custom)
2019-11-14 00:30:39,331 [pool-187-thread-1] INFO  server.RaftServerConfigKeys (ConfUtils.java:logGet(43)) - raft.server.log.write.buffer.size = 33554432 (custom)
2019-11-14 00:30:39,332 [pool-187-thread-1] INFO  server.RaftServerConfigKeys (ConfUtils.java:logGet(43)) - raft.server.log.force.sync.num = 128 (default)
2019-11-14 00:30:39,332 [pool-187-thread-1] INFO  server.RaftServerConfigKeys (ConfUtils.java:logGet(43)) - raft.server.log.statemachine.data.sync = true (default)
2019-11-14 00:30:39,332 [pool-187-thread-1] INFO  server.RaftServerConfigKeys (ConfUtils.java:logGet(43)) - raft.server.log.statemachine.data.sync.timeout = 10s (default)
2019-11-14 00:30:39,332 [pool-187-thread-1] INFO  server.RaftServerConfigKeys (ConfUtils.java:logGet(43)) - raft.server.log.statemachine.data.sync.timeout.retry = -1 (default)
2019-11-14 00:30:39,332 [pool-187-thread-1] INFO  server.RaftServerConfigKeys (ConfUtils.java:logGet(43)) - raft.server.log.statemachine.data.caching.enabled = true (custom)
2019-11-14 00:30:39,332 [pool-187-thread-1] INFO  segmented.SegmentedRaftLogWorker (SegmentedRaftLogWorker.java:lambda$new$0(128)) - 372e322f-2795-4a67-ada4-08c58a2d79d7@group-DAF026E5BB25-SegmentedRaftLogWorker: flushIndex: setUnconditionally 0 -> -1
2019-11-14 00:30:39,384 [pool-187-thread-1] INFO  server.RaftServerConfigKeys (ConfUtils.java:logGet(43)) - raft.server.snapshot.auto.trigger.enabled = true (custom)
2019-11-14 00:30:39,384 [pool-187-thread-1] INFO  server.RaftServerConfigKeys (ConfUtils.java:logGet(43)) - raft.server.snapshot.auto.trigger.threshold = 10000 (custom)
2019-11-14 00:30:39,384 [pool-187-thread-1] INFO  server.RaftServerConfigKeys (ConfUtils.java:logGet(43)) - raft.server.snapshot.retention.file.num = 5 (custom)
2019-11-14 00:30:39,385 [pool-187-thread-1] INFO  server.RaftServerConfigKeys (ConfUtils.java:logGet(43)) - raft.server.retrycache.expirytime = 600000ms (custom)
2019-11-14 00:30:39,385 [pool-187-thread-1] WARN  impl.MetricRegistriesImpl (MetricRegistriesImpl.java:lambda$create$1(61)) - First MetricRegistry has been created without registering reporters. You may need to call MetricRegistries.global().addReportRegistration(...) before.
2019-11-14 00:30:39,385 [pool-187-thread-1] WARN  impl.MetricRegistriesImpl (MetricRegistriesImpl.java:lambda$create$1(61)) - First MetricRegistry has been created without registering reporters. You may need to call MetricRegistries.global().addReportRegistration(...) before.
2019-11-14 00:30:39,385 [pool-187-thread-1] INFO  impl.RaftServerImpl (RaftServerImpl.java:start(184)) - 372e322f-2795-4a67-ada4-08c58a2d79d7@group-224A58ECAD4E: start as a follower, conf=-1: [5ec3eda0-64f8-4658-bfd5-1d254d69c5ac:192.168.69.66:40315, 28c37427-a0e8-441a-bbe9-fd5c5227817f:192.168.69.66:34423, 372e322f-2795-4a67-ada4-08c58a2d79d7:192.168.69.66:35553], old=null
2019-11-14 00:30:39,385 [pool-187-thread-1] INFO  impl.RaftServerImpl (RaftServerImpl.java:setRole(173)) - 372e322f-2795-4a67-ada4-08c58a2d79d7@group-224A58ECAD4E: changes role from      null to FOLLOWER at term 0 for startAsFollower
2019-11-14 00:30:39,385 [pool-187-thread-1] INFO  impl.RoleInfo (RoleInfo.java:updateAndGet(143)) - 372e322f-2795-4a67-ada4-08c58a2d79d7: start FollowerState
2019-11-14 00:30:39,393 [pool-187-thread-1] INFO  util.JmxRegister (JmxRegister.java:tryRegister(44)) - Successfully registered JMX Bean with object name Ratis:service=RaftServer,group=group-224A58ECAD4E,id=372e322f-2795-4a67-ada4-08c58a2d79d7
2019-11-14 00:30:39,393 [pool-187-thread-1] WARN  impl.MetricRegistriesImpl (MetricRegistriesImpl.java:lambda$create$1(61)) - First MetricRegistry has been created without registering reporters. You may need to call MetricRegistries.global().addReportRegistration(...) before.
2019-11-14 00:30:39,394 [pool-187-thread-1] INFO  impl.RaftServerImpl (RaftServerImpl.java:start(184)) - 372e322f-2795-4a67-ada4-08c58a2d79d7@group-DAF026E5BB25: start as a follower, conf=-1: [5ec3eda0-64f8-4658-bfd5-1d254d69c5ac:192.168.69.66:40315, 28c37427-a0e8-441a-bbe9-fd5c5227817f:192.168.69.66:34423, 372e322f-2795-4a67-ada4-08c58a2d79d7:192.168.69.66:35553], old=null
2019-11-14 00:30:39,394 [pool-187-thread-1] INFO  impl.RaftServerImpl (RaftServerImpl.java:setRole(173)) - 372e322f-2795-4a67-ada4-08c58a2d79d7@group-DAF026E5BB25: changes role from      null to FOLLOWER at term 0 for startAsFollower
2019-11-14 00:30:39,394 [pool-187-thread-1] INFO  impl.RoleInfo (RoleInfo.java:updateAndGet(143)) - 372e322f-2795-4a67-ada4-08c58a2d79d7: start FollowerState
2019-11-14 00:30:39,394 [pool-187-thread-1] INFO  util.JmxRegister (JmxRegister.java:tryRegister(44)) - Successfully registered JMX Bean with object name Ratis:service=RaftServer,group=group-DAF026E5BB25,id=372e322f-2795-4a67-ada4-08c58a2d79d7
2019-11-14 00:30:39,394 [pool-187-thread-1] WARN  impl.MetricRegistriesImpl (MetricRegistriesImpl.java:lambda$create$1(61)) - First MetricRegistry has been created without registering reporters. You may need to call MetricRegistries.global().addReportRegistration(...) before.
2019-11-14 00:30:39,811 [RATISCREATEPIPELINE0] ERROR pipeline.RatisPipelineProvider (RatisPipelineProvider.java:lambda$null$5(237)) - Failed invoke Ratis rpc org.apache.hadoop.hdds.scm.pipeline.RatisPipelineProvider$$Lambda$189/529656664@27288022 for 28c37427-a0e8-441a-bbe9-fd5c5227817f
org.apache.ratis.protocol.TimeoutIOException: deadline exceeded after 2998712491ns
	at org.apache.ratis.grpc.GrpcUtil.tryUnwrapException(GrpcUtil.java:82)
	at org.apache.ratis.grpc.GrpcUtil.unwrapException(GrpcUtil.java:75)
	at org.apache.ratis.grpc.client.GrpcClientProtocolClient.blockingCall(GrpcClientProtocolClient.java:184)
	at org.apache.ratis.grpc.client.GrpcClientProtocolClient.groupAdd(GrpcClientProtocolClient.java:153)
	at org.apache.ratis.grpc.client.GrpcClientRpc.sendRequest(GrpcClientRpc.java:94)
	at org.apache.ratis.client.impl.RaftClientImpl.sendRequest(RaftClientImpl.java:278)
	at org.apache.ratis.client.impl.RaftClientImpl.groupAdd(RaftClientImpl.java:205)
	at org.apache.hadoop.hdds.scm.pipeline.RatisPipelineProvider.lambda$initializePipeline$4(RatisPipelineProvider.java:198)
	at org.apache.hadoop.hdds.scm.pipeline.RatisPipelineProvider.lambda$null$5(RatisPipelineProvider.java:233)
	at java.util.stream.ForEachOps$ForEachOp$OfRef.accept(ForEachOps.java:183)
	at java.util.ArrayList$ArrayListSpliterator.forEachRemaining(ArrayList.java:1382)
	at java.util.stream.AbstractPipeline.copyInto(AbstractPipeline.java:482)
	at java.util.stream.ForEachOps$ForEachTask.compute(ForEachOps.java:290)
	at java.util.concurrent.CountedCompleter.exec(CountedCompleter.java:731)
	at java.util.concurrent.ForkJoinTask.doExec(ForkJoinTask.java:289)
	at java.util.concurrent.ForkJoinPool$WorkQueue.runTask(ForkJoinPool.java:1056)
	at java.util.concurrent.ForkJoinPool.runWorker(ForkJoinPool.java:1692)
	at java.util.concurrent.ForkJoinWorkerThread.run(ForkJoinWorkerThread.java:157)
Caused by: org.apache.ratis.thirdparty.io.grpc.StatusRuntimeException: DEADLINE_EXCEEDED: deadline exceeded after 2998712491ns
	at org.apache.ratis.thirdparty.io.grpc.stub.ClientCalls.toStatusRuntimeException(ClientCalls.java:233)
	at org.apache.ratis.thirdparty.io.grpc.stub.ClientCalls.getUnchecked(ClientCalls.java:214)
	at org.apache.ratis.thirdparty.io.grpc.stub.ClientCalls.blockingUnaryCall(ClientCalls.java:139)
	at org.apache.ratis.proto.grpc.AdminProtocolServiceGrpc$AdminProtocolServiceBlockingStub.groupManagement(AdminProtocolServiceGrpc.java:274)
	at org.apache.ratis.grpc.client.GrpcClientProtocolClient.lambda$groupAdd$3(GrpcClientProtocolClient.java:155)
	at org.apache.ratis.grpc.client.GrpcClientProtocolClient.blockingCall(GrpcClientProtocolClient.java:182)
	... 15 more
2019-11-14 00:30:39,811 [RATISCREATEPIPELINE2] ERROR pipeline.RatisPipelineProvider (RatisPipelineProvider.java:lambda$null$5(237)) - Failed invoke Ratis rpc org.apache.hadoop.hdds.scm.pipeline.RatisPipelineProvider$$Lambda$189/529656664@27288022 for 5ec3eda0-64f8-4658-bfd5-1d254d69c5ac
org.apache.ratis.protocol.TimeoutIOException: deadline exceeded after 2998719237ns
	at org.apache.ratis.grpc.GrpcUtil.tryUnwrapException(GrpcUtil.java:82)
	at org.apache.ratis.grpc.GrpcUtil.unwrapException(GrpcUtil.java:75)
	at org.apache.ratis.grpc.client.GrpcClientProtocolClient.blockingCall(GrpcClientProtocolClient.java:184)
	at org.apache.ratis.grpc.client.GrpcClientProtocolClient.groupAdd(GrpcClientProtocolClient.java:153)
	at org.apache.ratis.grpc.client.GrpcClientRpc.sendRequest(GrpcClientRpc.java:94)
	at org.apache.ratis.client.impl.RaftClientImpl.sendRequest(RaftClientImpl.java:278)
	at org.apache.ratis.client.impl.RaftClientImpl.groupAdd(RaftClientImpl.java:205)
	at org.apache.hadoop.hdds.scm.pipeline.RatisPipelineProvider.lambda$initializePipeline$4(RatisPipelineProvider.java:198)
	at org.apache.hadoop.hdds.scm.pipeline.RatisPipelineProvider.lambda$null$5(RatisPipelineProvider.java:233)
	at java.util.stream.ForEachOps$ForEachOp$OfRef.accept(ForEachOps.java:183)
	at java.util.ArrayList$ArrayListSpliterator.forEachRemaining(ArrayList.java:1382)
	at java.util.stream.AbstractPipeline.copyInto(AbstractPipeline.java:482)
	at java.util.stream.ForEachOps$ForEachTask.compute(ForEachOps.java:290)
	at java.util.concurrent.CountedCompleter.exec(CountedCompleter.java:731)
	at java.util.concurrent.ForkJoinTask.doExec(ForkJoinTask.java:289)
	at java.util.concurrent.ForkJoinPool$WorkQueue.runTask(ForkJoinPool.java:1056)
	at java.util.concurrent.ForkJoinPool.runWorker(ForkJoinPool.java:1692)
	at java.util.concurrent.ForkJoinWorkerThread.run(ForkJoinWorkerThread.java:157)
Caused by: org.apache.ratis.thirdparty.io.grpc.StatusRuntimeException: DEADLINE_EXCEEDED: deadline exceeded after 2998719237ns
	at org.apache.ratis.thirdparty.io.grpc.stub.ClientCalls.toStatusRuntimeException(ClientCalls.java:233)
	at org.apache.ratis.thirdparty.io.grpc.stub.ClientCalls.getUnchecked(ClientCalls.java:214)
	at org.apache.ratis.thirdparty.io.grpc.stub.ClientCalls.blockingUnaryCall(ClientCalls.java:139)
	at org.apache.ratis.proto.grpc.AdminProtocolServiceGrpc$AdminProtocolServiceBlockingStub.groupManagement(AdminProtocolServiceGrpc.java:274)
	at org.apache.ratis.grpc.client.GrpcClientProtocolClient.lambda$groupAdd$3(GrpcClientProtocolClient.java:155)
	at org.apache.ratis.grpc.client.GrpcClientProtocolClient.blockingCall(GrpcClientProtocolClient.java:182)
	... 15 more
2019-11-14 00:30:39,813 [IPC Server handler 2 on 43997] WARN  block.BlockManagerImpl (BlockManagerImpl.java:allocateBlock(200)) - Pipeline creation failed for type:RATIS factor:THREE. Retrying get pipelines call once.
org.apache.hadoop.io.MultipleIOException: 2 exceptions [java.io.IOException: Failed invoke Ratis rpc org.apache.hadoop.hdds.scm.pipeline.RatisPipelineProvider$$Lambda$189/529656664@27288022 for 28c37427-a0e8-441a-bbe9-fd5c5227817f, java.io.IOException: Failed invoke Ratis rpc org.apache.hadoop.hdds.scm.pipeline.RatisPipelineProvider$$Lambda$189/529656664@27288022 for 5ec3eda0-64f8-4658-bfd5-1d254d69c5ac]
	at org.apache.hadoop.io.MultipleIOException.createIOException(MultipleIOException.java:53)
	at org.apache.hadoop.hdds.scm.pipeline.RatisPipelineProvider.callRatisRpc(RatisPipelineProvider.java:253)
	at org.apache.hadoop.hdds.scm.pipeline.RatisPipelineProvider.initializePipeline(RatisPipelineProvider.java:196)
	at org.apache.hadoop.hdds.scm.pipeline.RatisPipelineProvider.create(RatisPipelineProvider.java:163)
	at org.apache.hadoop.hdds.scm.pipeline.PipelineFactory.create(PipelineFactory.java:58)
	at org.apache.hadoop.hdds.scm.pipeline.SCMPipelineManager.createPipeline(SCMPipelineManager.java:155)
	at org.apache.hadoop.hdds.scm.block.BlockManagerImpl.allocateBlock(BlockManagerImpl.java:198)
	at org.apache.hadoop.hdds.scm.server.SCMBlockProtocolServer.allocateBlock(SCMBlockProtocolServer.java:187)
	at org.apache.hadoop.hdds.scm.protocol.ScmBlockLocationProtocolServerSideTranslatorPB.allocateScmBlock(ScmBlockLocationProtocolServerSideTranslatorPB.java:159)
	at org.apache.hadoop.hdds.scm.protocol.ScmBlockLocationProtocolServerSideTranslatorPB.processMessage(ScmBlockLocationProtocolServerSideTranslatorPB.java:117)
	at org.apache.hadoop.hdds.server.OzoneProtocolMessageDispatcher.processRequest(OzoneProtocolMessageDispatcher.java:72)
	at org.apache.hadoop.hdds.scm.protocol.ScmBlockLocationProtocolServerSideTranslatorPB.send(ScmBlockLocationProtocolServerSideTranslatorPB.java:98)
	at org.apache.hadoop.hdds.protocol.proto.ScmBlockLocationProtocolProtos$ScmBlockLocationProtocolService$2.callBlockingMethod(ScmBlockLocationProtocolProtos.java:13157)
	at org.apache.hadoop.ipc.ProtobufRpcEngine$Server$ProtoBufRpcInvoker.call(ProtobufRpcEngine.java:524)
	at org.apache.hadoop.ipc.RPC$Server.call(RPC.java:1025)
	at org.apache.hadoop.ipc.Server$RpcCall.run(Server.java:876)
	at org.apache.hadoop.ipc.Server$RpcCall.run(Server.java:822)
	at java.security.AccessController.doPrivileged(Native Method)
	at javax.security.auth.Subject.doAs(Subject.java:422)
	at org.apache.hadoop.security.UserGroupInformation.doAs(UserGroupInformation.java:1730)
	at org.apache.hadoop.ipc.Server$Handler.run(Server.java:2682)
2019-11-14 00:30:39,814 [IPC Server handler 2 on 43997] INFO  block.BlockManagerImpl (BlockManagerImpl.java:allocateBlock(212)) - Could not find available pipeline of type:RATIS and factor:THREE even after retrying
2019-11-14 00:30:39,814 [IPC Server handler 2 on 43997] ERROR block.BlockManagerImpl (BlockManagerImpl.java:allocateBlock(236)) - Unable to allocate a block for the size: 4194304, type: RATIS, factor: THREE
2019-11-14 00:30:39,819 [Thread-646] INFO  ozone.MiniOzoneClusterImpl (MiniOzoneClusterImpl.java:shutdown(314)) - Shutting down the Mini Ozone Cluster
2019-11-14 00:30:39,819 [Thread-646] INFO  ozone.MiniOzoneClusterImpl (MiniOzoneClusterImpl.java:stop(330)) - Stopping the Mini Ozone Cluster
2019-11-14 00:30:39,819 [Thread-646] INFO  ozone.MiniOzoneClusterImpl (MiniOzoneClusterImpl.java:stopOM(400)) - Stopping the OzoneManager
2019-11-14 00:30:39,819 [Thread-646] INFO  ipc.Server (Server.java:stop(3082)) - Stopping server on 46242
2019-11-14 00:30:39,822 [IPC Server listener on 46242] INFO  ipc.Server (Server.java:run(1185)) - Stopping IPC Server listener on 46242
2019-11-14 00:30:39,822 [Thread-646] INFO  ratis.OzoneManagerDoubleBuffer (OzoneManagerDoubleBuffer.java:stop(261)) - Stopping OMDoubleBuffer flush thread
2019-11-14 00:30:39,823 [IPC Server Responder] INFO  ipc.Server (Server.java:run(1319)) - Stopping IPC Server Responder
2019-11-14 00:30:39,823 [OMDoubleBufferFlushThread] INFO  ratis.OzoneManagerDoubleBuffer (OzoneManagerDoubleBuffer.java:flushTransactions(199)) - OMDoubleBuffer flush thread OMDoubleBufferFlushThread is interrupted and will exit. OMDoubleBufferFlushThread
2019-11-14 00:30:39,824 [Thread-646] INFO  utils.BackgroundService (BackgroundService.java:shutdown(151)) - Shutting down service KeyDeletingService
2019-11-14 00:30:39,825 [Thread-646] INFO  handler.ContextHandler (ContextHandler.java:doStop(910)) - Stopped o.e.j.w.WebAppContext@37e743ca{/,null,UNAVAILABLE}{/ozoneManager}
2019-11-14 00:30:39,826 [Thread-646] INFO  server.AbstractConnector (AbstractConnector.java:doStop(318)) - Stopped ServerConnector@f7090cb{HTTP/1.1,[http/1.1]}{0.0.0.0:0}
2019-11-14 00:30:39,826 [Thread-646] INFO  handler.ContextHandler (ContextHandler.java:doStop(910)) - Stopped o.e.j.s.ServletContextHandler@6a5c5a4a{/static,jar:file:/home/user/.m2/repository/org/apache/hadoop/hadoop-ozone-ozone-manager/0.5.0-SNAPSHOT/hadoop-ozone-ozone-manager-0.5.0-SNAPSHOT.jar!/webapps/static,UNAVAILABLE}
2019-11-14 00:30:39,826 [Thread-646] INFO  handler.ContextHandler (ContextHandler.java:doStop(910)) - Stopped o.e.j.s.ServletContextHandler@55a17125{/logs,file:///workdir/hadoop-ozone/ozonefs/target/log,UNAVAILABLE}
2019-11-14 00:30:39,999 [pool-197-thread-1] INFO  storage.RaftStorage (RaftStorage.java:format(84)) - Storage directory /workdir/hadoop-ozone/ozonefs/target/test-dir/MiniOzoneClusterImpl-e2e642c9-a982-4ec5-8d8a-1e30a3ea3417/datanode-2/data/ratis/7f9a8fb8-5702-49c4-ad76-224a58ecad4e has been successfully formatted.
2019-11-14 00:30:40,000 [pool-197-thread-1] INFO  ratis.ContainerStateMachine (ContainerStateMachine.java:loadSnapshot(221)) - group-224A58ECAD4E: The snapshot info is null. Setting the last applied indexto:(t:0, i:~)
2019-11-14 00:30:40,000 [pool-197-thread-1] INFO  server.RaftServerConfigKeys (ConfUtils.java:logGet(43)) - raft.server.notification.no-leader.timeout = 120s (custom)
2019-11-14 00:30:40,000 [pool-197-thread-1] INFO  server.RaftServerConfigKeys (ConfUtils.java:logGet(43)) - raft.server.log.use.memory = false (default)
2019-11-14 00:30:40,000 [pool-197-thread-1] INFO  server.RaftServerConfigKeys (ConfUtils.java:logGet(43)) - raft.server.log.purge.gap = 1000000 (custom)
2019-11-14 00:30:40,000 [pool-197-thread-1] INFO  server.RaftServerConfigKeys (ConfUtils.java:logGet(43)) - raft.server.log.appender.buffer.byte-limit = 33554432 (custom)
2019-11-14 00:30:40,001 [pool-197-thread-1] INFO  server.RaftServerConfigKeys (ConfUtils.java:logGet(43)) - raft.server.log.segment.size.max = 1048576 (custom)
2019-11-14 00:30:40,001 [pool-197-thread-1] INFO  server.RaftServerConfigKeys (ConfUtils.java:logGet(43)) - raft.server.log.segment.cache.num.max = 2 (custom)
2019-11-14 00:30:40,001 [pool-197-thread-1] INFO  segmented.SegmentedRaftLogWorker (SegmentedRaftLogWorker.java:<init>(173)) - new 5ec3eda0-64f8-4658-bfd5-1d254d69c5ac@group-224A58ECAD4E-SegmentedRaftLogWorker for RaftStorage:Storage Directory /workdir/hadoop-ozone/ozonefs/target/test-dir/MiniOzoneClusterImpl-e2e642c9-a982-4ec5-8d8a-1e30a3ea3417/datanode-2/data/ratis/7f9a8fb8-5702-49c4-ad76-224a58ecad4e
2019-11-14 00:30:40,001 [pool-197-thread-1] INFO  server.RaftServerConfigKeys (ConfUtils.java:logGet(43)) - raft.server.log.queue.byte-limit = 2147483647 (custom)
2019-11-14 00:30:40,001 [pool-197-thread-1] INFO  server.RaftServerConfigKeys (ConfUtils.java:logGet(43)) - raft.server.log.queue.element-limit = 1024 (custom)
2019-11-14 00:30:40,001 [pool-197-thread-1] INFO  server.RaftServerConfigKeys (ConfUtils.java:logGet(43)) - raft.server.log.segment.size.max = 1048576 (custom)
2019-11-14 00:30:40,001 [pool-197-thread-1] INFO  server.RaftServerConfigKeys (ConfUtils.java:logGet(43)) - raft.server.log.preallocated.size = 16384 (custom)
2019-11-14 00:30:40,001 [pool-197-thread-1] INFO  server.RaftServerConfigKeys (ConfUtils.java:logGet(43)) - raft.server.log.write.buffer.size = 33554432 (custom)
2019-11-14 00:30:40,002 [pool-197-thread-1] INFO  server.RaftServerConfigKeys (ConfUtils.java:logGet(43)) - raft.server.log.force.sync.num = 128 (default)
2019-11-14 00:30:40,002 [pool-197-thread-1] INFO  server.RaftServerConfigKeys (ConfUtils.java:logGet(43)) - raft.server.log.statemachine.data.sync = true (default)
2019-11-14 00:30:40,002 [pool-197-thread-1] INFO  server.RaftServerConfigKeys (ConfUtils.java:logGet(43)) - raft.server.log.statemachine.data.sync.timeout = 10s (default)
2019-11-14 00:30:40,002 [pool-197-thread-1] INFO  server.RaftServerConfigKeys (ConfUtils.java:logGet(43)) - raft.server.log.statemachine.data.sync.timeout.retry = -1 (default)
2019-11-14 00:30:40,002 [pool-197-thread-1] INFO  server.RaftServerConfigKeys (ConfUtils.java:logGet(43)) - raft.server.log.statemachine.data.caching.enabled = true (custom)
2019-11-14 00:30:40,003 [pool-197-thread-1] INFO  segmented.SegmentedRaftLogWorker (SegmentedRaftLogWorker.java:lambda$new$0(128)) - 5ec3eda0-64f8-4658-bfd5-1d254d69c5ac@group-224A58ECAD4E-SegmentedRaftLogWorker: flushIndex: setUnconditionally 0 -> -1
2019-11-14 00:30:40,003 [pool-197-thread-1] INFO  server.RaftServerConfigKeys (ConfUtils.java:logGet(43)) - raft.server.snapshot.auto.trigger.enabled = true (custom)
2019-11-14 00:30:40,003 [pool-197-thread-1] INFO  server.RaftServerConfigKeys (ConfUtils.java:logGet(43)) - raft.server.snapshot.auto.trigger.threshold = 10000 (custom)
2019-11-14 00:30:40,003 [pool-197-thread-1] INFO  server.RaftServerConfigKeys (ConfUtils.java:logGet(43)) - raft.server.snapshot.retention.file.num = 5 (custom)
2019-11-14 00:30:40,003 [pool-197-thread-1] INFO  server.RaftServerConfigKeys (ConfUtils.java:logGet(43)) - raft.server.retrycache.expirytime = 600000ms (custom)
2019-11-14 00:30:40,004 [pool-197-thread-1] WARN  impl.MetricRegistriesImpl (MetricRegistriesImpl.java:lambda$create$1(61)) - First MetricRegistry has been created without registering reporters. You may need to call MetricRegistries.global().addReportRegistration(...) before.
2019-11-14 00:30:40,004 [pool-197-thread-1] WARN  impl.MetricRegistriesImpl (MetricRegistriesImpl.java:lambda$create$1(61)) - First MetricRegistry has been created without registering reporters. You may need to call MetricRegistries.global().addReportRegistration(...) before.
2019-11-14 00:30:40,004 [pool-197-thread-1] INFO  impl.RaftServerImpl (RaftServerImpl.java:start(184)) - 5ec3eda0-64f8-4658-bfd5-1d254d69c5ac@group-70A6DC1FB3C5: start as a follower, conf=-1: [5ec3eda0-64f8-4658-bfd5-1d254d69c5ac:192.168.69.66:40315, 28c37427-a0e8-441a-bbe9-fd5c5227817f:192.168.69.66:34423, 372e322f-2795-4a67-ada4-08c58a2d79d7:192.168.69.66:35553], old=null
2019-11-14 00:30:40,004 [pool-197-thread-1] INFO  impl.RaftServerImpl (RaftServerImpl.java:setRole(173)) - 5ec3eda0-64f8-4658-bfd5-1d254d69c5ac@group-70A6DC1FB3C5: changes role from      null to FOLLOWER at term 0 for startAsFollower
2019-11-14 00:30:40,004 [pool-197-thread-1] INFO  impl.RoleInfo (RoleInfo.java:updateAndGet(143)) - 5ec3eda0-64f8-4658-bfd5-1d254d69c5ac: start FollowerState
2019-11-14 00:30:40,005 [pool-197-thread-1] INFO  util.JmxRegister (JmxRegister.java:tryRegister(44)) - Successfully registered JMX Bean with object name Ratis:service=RaftServer,group=group-70A6DC1FB3C5,id=5ec3eda0-64f8-4658-bfd5-1d254d69c5ac
2019-11-14 00:30:40,005 [pool-197-thread-1] WARN  impl.MetricRegistriesImpl (MetricRegistriesImpl.java:lambda$create$1(61)) - First MetricRegistry has been created without registering reporters. You may need to call MetricRegistries.global().addReportRegistration(...) before.
2019-11-14 00:30:40,007 [pool-197-thread-1] INFO  impl.RaftServerImpl (RaftServerImpl.java:<init>(98)) - 5ec3eda0-64f8-4658-bfd5-1d254d69c5ac: new RaftServerImpl for group-DAF026E5BB25:[5ec3eda0-64f8-4658-bfd5-1d254d69c5ac:192.168.69.66:40315, 28c37427-a0e8-441a-bbe9-fd5c5227817f:192.168.69.66:34423, 372e322f-2795-4a67-ada4-08c58a2d79d7:192.168.69.66:35553] with ContainerStateMachine:uninitialized
2019-11-14 00:30:40,007 [pool-197-thread-1] INFO  server.RaftServerConfigKeys (ConfUtils.java:logGet(43)) - raft.server.rpc.timeout.min = 5s (custom)
2019-11-14 00:30:40,007 [pool-197-thread-1] INFO  server.RaftServerConfigKeys (ConfUtils.java:logGet(43)) - raft.server.rpc.timeout.max = 5200ms (custom)
2019-11-14 00:30:40,007 [pool-197-thread-1] INFO  server.RaftServerConfigKeys (ConfUtils.java:logGet(43)) - raft.server.rpcslowness.timeout = 120s (custom)
2019-11-14 00:30:40,008 [pool-197-thread-1] INFO  server.RaftServerConfigKeys (ConfUtils.java:logGet(43)) - raft.server.sleep.deviation.threshold = 300 (default)
2019-11-14 00:30:40,008 [pool-197-thread-1] INFO  server.RaftServerConfigKeys (ConfUtils.java:logGet(43)) - raft.server.log.appender.install.snapshot.enabled = false (custom)
2019-11-14 00:30:40,008 [pool-197-thread-1] INFO  impl.RaftServerImpl (ServerState.java:<init>(103)) - 5ec3eda0-64f8-4658-bfd5-1d254d69c5ac@group-DAF026E5BB25: ConfigurationManager, init=-1: [5ec3eda0-64f8-4658-bfd5-1d254d69c5ac:192.168.69.66:40315, 28c37427-a0e8-441a-bbe9-fd5c5227817f:192.168.69.66:34423, 372e322f-2795-4a67-ada4-08c58a2d79d7:192.168.69.66:35553], old=null, confs=<EMPTY_MAP>
2019-11-14 00:30:40,008 [pool-197-thread-1] INFO  server.RaftServerConfigKeys (ConfUtils.java:logGet(43)) - raft.server.storage.dir = [/workdir/hadoop-ozone/ozonefs/target/test-dir/MiniOzoneClusterImpl-e2e642c9-a982-4ec5-8d8a-1e30a3ea3417/datanode-2/data/ratis] (custom)
2019-11-14 00:30:40,008 [pool-197-thread-1] INFO  server.RaftServerConfigKeys (ConfUtils.java:logGet(43)) - raft.server.log.corruption.policy = EXCEPTION (default)
2019-11-14 00:30:40,008 [pool-197-thread-1] INFO  storage.RaftStorageDirectory (RaftStorageDirectory.java:analyzeStorage(246)) - The storage directory /workdir/hadoop-ozone/ozonefs/target/test-dir/MiniOzoneClusterImpl-e2e642c9-a982-4ec5-8d8a-1e30a3ea3417/datanode-2/data/ratis/2deeed8d-bb04-44c1-9710-daf026e5bb25 does not exist. Creating ...
2019-11-14 00:30:40,831 [Thread-646] INFO  ozone.MiniOzoneClusterImpl (MiniOzoneClusterImpl.java:stopDatanodes(377)) - Stopping the HddsDatanodes
2019-11-14 00:30:41,185 [Datanode State Machine Thread - 0] INFO  statemachine.DatanodeStateMachine (DatanodeStateMachine.java:lambda$startDaemon$0(350)) - Ozone container server started.
2019-11-14 00:30:41,263 [Datanode State Machine Thread - 0] INFO  statemachine.DatanodeStateMachine (DatanodeStateMachine.java:lambda$startDaemon$0(350)) - Ozone container server started.
2019-11-14 00:30:41,293 [Thread-827] INFO  impl.FollowerState (FollowerState.java:run(111)) - 28c37427-a0e8-441a-bbe9-fd5c5227817f@group-59D6A62A010C-FollowerState: change to CANDIDATE, lastRpcTime:5116ms, electionTimeout:5116ms
2019-11-14 00:30:41,293 [Thread-827] INFO  impl.RoleInfo (RoleInfo.java:shutdownFollowerState(121)) - 28c37427-a0e8-441a-bbe9-fd5c5227817f: shutdown FollowerState
2019-11-14 00:30:41,293 [Thread-827] INFO  impl.RaftServerImpl (RaftServerImpl.java:setRole(173)) - 28c37427-a0e8-441a-bbe9-fd5c5227817f@group-59D6A62A010C: changes role from  FOLLOWER to CANDIDATE at term 0 for changeToCandidate
2019-11-14 00:30:41,294 [Thread-827] INFO  impl.RoleInfo (RoleInfo.java:updateAndGet(143)) - 28c37427-a0e8-441a-bbe9-fd5c5227817f: start LeaderElection
2019-11-14 00:30:41,878 [pool-197-thread-1] INFO  storage.RaftStorageDirectory (RaftStorageDirectory.java:tryLock(328)) - Lock on /workdir/hadoop-ozone/ozonefs/target/test-dir/MiniOzoneClusterImpl-e2e642c9-a982-4ec5-8d8a-1e30a3ea3417/datanode-2/data/ratis/2deeed8d-bb04-44c1-9710-daf026e5bb25/in_use.lock acquired by nodename 3514@pr-hdds-1987-8zf8w-776105129
2019-11-14 00:30:42,547 [pool-177-thread-1] INFO  storage.RaftStorage (RaftStorage.java:format(84)) - Storage directory /workdir/hadoop-ozone/ozonefs/target/test-dir/MiniOzoneClusterImpl-e2e642c9-a982-4ec5-8d8a-1e30a3ea3417/datanode-0/data/ratis/2deeed8d-bb04-44c1-9710-daf026e5bb25 has been successfully formatted.
2019-11-14 00:30:42,547 [pool-177-thread-1] INFO  ratis.ContainerStateMachine (ContainerStateMachine.java:loadSnapshot(221)) - group-DAF026E5BB25: The snapshot info is null. Setting the last applied indexto:(t:0, i:~)
2019-11-14 00:30:42,547 [pool-177-thread-1] INFO  server.RaftServerConfigKeys (ConfUtils.java:logGet(43)) - raft.server.notification.no-leader.timeout = 120s (custom)
2019-11-14 00:30:42,547 [pool-177-thread-1] INFO  server.RaftServerConfigKeys (ConfUtils.java:logGet(43)) - raft.server.log.use.memory = false (default)
2019-11-14 00:30:42,547 [pool-177-thread-1] INFO  server.RaftServerConfigKeys (ConfUtils.java:logGet(43)) - raft.server.log.purge.gap = 1000000 (custom)
2019-11-14 00:30:42,548 [pool-177-thread-1] INFO  server.RaftServerConfigKeys (ConfUtils.java:logGet(43)) - raft.server.log.appender.buffer.byte-limit = 33554432 (custom)
2019-11-14 00:30:42,548 [pool-177-thread-1] INFO  server.RaftServerConfigKeys (ConfUtils.java:logGet(43)) - raft.server.log.segment.size.max = 1048576 (custom)
2019-11-14 00:30:42,548 [pool-177-thread-1] INFO  server.RaftServerConfigKeys (ConfUtils.java:logGet(43)) - raft.server.log.segment.cache.num.max = 2 (custom)
2019-11-14 00:30:42,548 [pool-177-thread-1] INFO  segmented.SegmentedRaftLogWorker (SegmentedRaftLogWorker.java:<init>(173)) - new 28c37427-a0e8-441a-bbe9-fd5c5227817f@group-DAF026E5BB25-SegmentedRaftLogWorker for RaftStorage:Storage Directory /workdir/hadoop-ozone/ozonefs/target/test-dir/MiniOzoneClusterImpl-e2e642c9-a982-4ec5-8d8a-1e30a3ea3417/datanode-0/data/ratis/2deeed8d-bb04-44c1-9710-daf026e5bb25
2019-11-14 00:30:42,548 [pool-177-thread-1] INFO  server.RaftServerConfigKeys (ConfUtils.java:logGet(43)) - raft.server.log.queue.byte-limit = 2147483647 (custom)
2019-11-14 00:30:42,548 [pool-177-thread-1] INFO  server.RaftServerConfigKeys (ConfUtils.java:logGet(43)) - raft.server.log.queue.element-limit = 1024 (custom)
2019-11-14 00:30:42,548 [pool-177-thread-1] INFO  server.RaftServerConfigKeys (ConfUtils.java:logGet(43)) - raft.server.log.segment.size.max = 1048576 (custom)
2019-11-14 00:30:42,548 [pool-177-thread-1] INFO  server.RaftServerConfigKeys (ConfUtils.java:logGet(43)) - raft.server.log.preallocated.size = 16384 (custom)
2019-11-14 00:30:42,548 [pool-177-thread-1] INFO  server.RaftServerConfigKeys (ConfUtils.java:logGet(43)) - raft.server.log.write.buffer.size = 33554432 (custom)
2019-11-14 00:30:42,548 [pool-177-thread-1] INFO  server.RaftServerConfigKeys (ConfUtils.java:logGet(43)) - raft.server.log.force.sync.num = 128 (default)
2019-11-14 00:30:42,549 [pool-177-thread-1] INFO  server.RaftServerConfigKeys (ConfUtils.java:logGet(43)) - raft.server.log.statemachine.data.sync = true (default)
2019-11-14 00:30:42,549 [pool-177-thread-1] INFO  server.RaftServerConfigKeys (ConfUtils.java:logGet(43)) - raft.server.log.statemachine.data.sync.timeout = 10s (default)
2019-11-14 00:30:42,549 [pool-177-thread-1] INFO  server.RaftServerConfigKeys (ConfUtils.java:logGet(43)) - raft.server.log.statemachine.data.sync.timeout.retry = -1 (default)
2019-11-14 00:30:42,549 [pool-177-thread-1] INFO  server.RaftServerConfigKeys (ConfUtils.java:logGet(43)) - raft.server.log.statemachine.data.caching.enabled = true (custom)
2019-11-14 00:30:42,549 [pool-177-thread-1] INFO  segmented.SegmentedRaftLogWorker (SegmentedRaftLogWorker.java:lambda$new$0(128)) - 28c37427-a0e8-441a-bbe9-fd5c5227817f@group-DAF026E5BB25-SegmentedRaftLogWorker: flushIndex: setUnconditionally 0 -> -1
2019-11-14 00:30:42,549 [pool-177-thread-1] INFO  server.RaftServerConfigKeys (ConfUtils.java:logGet(43)) - raft.server.snapshot.auto.trigger.enabled = true (custom)
2019-11-14 00:30:42,550 [pool-177-thread-1] INFO  server.RaftServerConfigKeys (ConfUtils.java:logGet(43)) - raft.server.snapshot.auto.trigger.threshold = 10000 (custom)
2019-11-14 00:30:42,550 [pool-177-thread-1] INFO  server.RaftServerConfigKeys (ConfUtils.java:logGet(43)) - raft.server.snapshot.retention.file.num = 5 (custom)
2019-11-14 00:30:42,550 [pool-177-thread-1] INFO  server.RaftServerConfigKeys (ConfUtils.java:logGet(43)) - raft.server.retrycache.expirytime = 600000ms (custom)
2019-11-14 00:30:42,550 [pool-177-thread-1] WARN  impl.MetricRegistriesImpl (MetricRegistriesImpl.java:lambda$create$1(61)) - First MetricRegistry has been created without registering reporters. You may need to call MetricRegistries.global().addReportRegistration(...) before.
2019-11-14 00:30:42,550 [pool-177-thread-1] WARN  impl.MetricRegistriesImpl (MetricRegistriesImpl.java:lambda$create$1(61)) - First MetricRegistry has been created without registering reporters. You may need to call MetricRegistries.global().addReportRegistration(...) before.
2019-11-14 00:30:42,550 [pool-177-thread-1] INFO  impl.RaftServerImpl (RaftServerImpl.java:start(184)) - 28c37427-a0e8-441a-bbe9-fd5c5227817f@group-224A58ECAD4E: start as a follower, conf=-1: [5ec3eda0-64f8-4658-bfd5-1d254d69c5ac:192.168.69.66:40315, 28c37427-a0e8-441a-bbe9-fd5c5227817f:192.168.69.66:34423, 372e322f-2795-4a67-ada4-08c58a2d79d7:192.168.69.66:35553], old=null
2019-11-14 00:30:42,551 [pool-177-thread-1] INFO  impl.RaftServerImpl (RaftServerImpl.java:setRole(173)) - 28c37427-a0e8-441a-bbe9-fd5c5227817f@group-224A58ECAD4E: changes role from      null to FOLLOWER at term 0 for startAsFollower
2019-11-14 00:30:42,551 [pool-177-thread-1] INFO  impl.RoleInfo (RoleInfo.java:updateAndGet(143)) - 28c37427-a0e8-441a-bbe9-fd5c5227817f: start FollowerState
2019-11-14 00:30:42,551 [pool-177-thread-1] INFO  util.JmxRegister (JmxRegister.java:tryRegister(44)) - Successfully registered JMX Bean with object name Ratis:service=RaftServer,group=group-224A58ECAD4E,id=28c37427-a0e8-441a-bbe9-fd5c5227817f
2019-11-14 00:30:42,551 [pool-177-thread-1] WARN  impl.MetricRegistriesImpl (MetricRegistriesImpl.java:lambda$create$1(61)) - First MetricRegistry has been created without registering reporters. You may need to call MetricRegistries.global().addReportRegistration(...) before.
2019-11-14 00:30:42,552 [pool-177-thread-1] INFO  impl.RaftServerImpl (RaftServerImpl.java:start(184)) - 28c37427-a0e8-441a-bbe9-fd5c5227817f@group-DAF026E5BB25: start as a follower, conf=-1: [5ec3eda0-64f8-4658-bfd5-1d254d69c5ac:192.168.69.66:40315, 28c37427-a0e8-441a-bbe9-fd5c5227817f:192.168.69.66:34423, 372e322f-2795-4a67-ada4-08c58a2d79d7:192.168.69.66:35553], old=null
2019-11-14 00:30:42,552 [pool-177-thread-1] INFO  impl.RaftServerImpl (RaftServerImpl.java:setRole(173)) - 28c37427-a0e8-441a-bbe9-fd5c5227817f@group-DAF026E5BB25: changes role from      null to FOLLOWER at term 0 for startAsFollower
2019-11-14 00:30:42,552 [pool-177-thread-1] INFO  impl.RoleInfo (RoleInfo.java:updateAndGet(143)) - 28c37427-a0e8-441a-bbe9-fd5c5227817f: start FollowerState
2019-11-14 00:30:42,552 [pool-177-thread-1] INFO  util.JmxRegister (JmxRegister.java:tryRegister(44)) - Successfully registered JMX Bean with object name Ratis:service=RaftServer,group=group-DAF026E5BB25,id=28c37427-a0e8-441a-bbe9-fd5c5227817f
2019-11-14 00:30:42,552 [pool-177-thread-1] WARN  impl.MetricRegistriesImpl (MetricRegistriesImpl.java:lambda$create$1(61)) - First MetricRegistry has been created without registering reporters. You may need to call MetricRegistries.global().addReportRegistration(...) before.
2019-11-14 00:30:43,585 [28c37427-a0e8-441a-bbe9-fd5c5227817f@group-59D6A62A010C-LeaderElection16] INFO  impl.LeaderElection (LeaderElection.java:askForVotes(178)) - 28c37427-a0e8-441a-bbe9-fd5c5227817f@group-59D6A62A010C-LeaderElection16: begin an election at term 1 for -1: [28c37427-a0e8-441a-bbe9-fd5c5227817f:192.168.69.66:34423], old=null
2019-11-14 00:30:43,585 [28c37427-a0e8-441a-bbe9-fd5c5227817f@group-59D6A62A010C-LeaderElection16] INFO  impl.RoleInfo (RoleInfo.java:shutdownLeaderElection(134)) - 28c37427-a0e8-441a-bbe9-fd5c5227817f: shutdown LeaderElection
2019-11-14 00:30:43,585 [28c37427-a0e8-441a-bbe9-fd5c5227817f@group-59D6A62A010C-LeaderElection16] INFO  impl.RaftServerImpl (RaftServerImpl.java:setRole(173)) - 28c37427-a0e8-441a-bbe9-fd5c5227817f@group-59D6A62A010C: changes role from CANDIDATE to LEADER at term 1 for changeToLeader
2019-11-14 00:30:43,586 [28c37427-a0e8-441a-bbe9-fd5c5227817f@group-59D6A62A010C-LeaderElection16] INFO  impl.RaftServerImpl (ServerState.java:setLeader(255)) - 28c37427-a0e8-441a-bbe9-fd5c5227817f@group-59D6A62A010C: change Leader from null to 28c37427-a0e8-441a-bbe9-fd5c5227817f at term 1 for becomeLeader, leader elected after 16707ms
2019-11-14 00:30:43,588 [28c37427-a0e8-441a-bbe9-fd5c5227817f@group-59D6A62A010C-LeaderElection16] INFO  server.RaftServerConfigKeys (ConfUtils.java:logGet(43)) - raft.server.staging.catchup.gap = 1000 (default)
2019-11-14 00:30:43,588 [28c37427-a0e8-441a-bbe9-fd5c5227817f@group-59D6A62A010C-LeaderElection16] INFO  server.RaftServerConfigKeys (ConfUtils.java:logGet(43)) - raft.server.rpc.sleep.time = 25ms (default)
2019-11-14 00:30:43,589 [28c37427-a0e8-441a-bbe9-fd5c5227817f@group-59D6A62A010C-LeaderElection16] INFO  server.RaftServerConfigKeys (ConfUtils.java:logGet(43)) - raft.server.write.element-limit = 4096 (default)
2019-11-14 00:30:43,589 [28c37427-a0e8-441a-bbe9-fd5c5227817f@group-59D6A62A010C-LeaderElection16] INFO  server.RaftServerConfigKeys (ConfUtils.java:logGet(43)) - raft.server.watch.timeout = 10s (default)
2019-11-14 00:30:43,589 [28c37427-a0e8-441a-bbe9-fd5c5227817f@group-59D6A62A010C-LeaderElection16] INFO  server.RaftServerConfigKeys (ConfUtils.java:logGet(43)) - raft.server.watch.timeout.denomination = 1s (default)
2019-11-14 00:30:43,589 [28c37427-a0e8-441a-bbe9-fd5c5227817f@group-59D6A62A010C-LeaderElection16] INFO  server.RaftServerConfigKeys (ConfUtils.java:logGet(43)) - raft.server.watch.element-limit = 65536 (default)
2019-11-14 00:30:43,590 [28c37427-a0e8-441a-bbe9-fd5c5227817f@group-59D6A62A010C-LeaderElection16] INFO  impl.RoleInfo (RoleInfo.java:updateAndGet(143)) - 28c37427-a0e8-441a-bbe9-fd5c5227817f: start LeaderState
2019-11-14 00:30:43,591 [28c37427-a0e8-441a-bbe9-fd5c5227817f@group-59D6A62A010C-LeaderElection16] INFO  segmented.SegmentedRaftLogWorker (SegmentedRaftLogWorker.java:startLogSegment(385)) - 28c37427-a0e8-441a-bbe9-fd5c5227817f@group-59D6A62A010C-SegmentedRaftLogWorker: Starting segment from index:0
2019-11-14 00:30:43,592 [28c37427-a0e8-441a-bbe9-fd5c5227817f@group-59D6A62A010C-LeaderElection16] INFO  impl.RaftServerImpl (ServerState.java:setRaftConf(356)) - 28c37427-a0e8-441a-bbe9-fd5c5227817f@group-59D6A62A010C: set configuration 0: [28c37427-a0e8-441a-bbe9-fd5c5227817f:192.168.69.66:34423], old=null at 0
2019-11-14 00:30:43,667 [pool-197-thread-1] INFO  storage.RaftStorage (RaftStorage.java:format(84)) - Storage directory /workdir/hadoop-ozone/ozonefs/target/test-dir/MiniOzoneClusterImpl-e2e642c9-a982-4ec5-8d8a-1e30a3ea3417/datanode-2/data/ratis/2deeed8d-bb04-44c1-9710-daf026e5bb25 has been successfully formatted.
2019-11-14 00:30:43,667 [pool-197-thread-1] INFO  ratis.ContainerStateMachine (ContainerStateMachine.java:loadSnapshot(221)) - group-DAF026E5BB25: The snapshot info is null. Setting the last applied indexto:(t:0, i:~)
2019-11-14 00:30:43,667 [pool-197-thread-1] INFO  server.RaftServerConfigKeys (ConfUtils.java:logGet(43)) - raft.server.notification.no-leader.timeout = 120s (custom)
2019-11-14 00:30:43,667 [pool-197-thread-1] INFO  server.RaftServerConfigKeys (ConfUtils.java:logGet(43)) - raft.server.log.use.memory = false (default)
2019-11-14 00:30:43,668 [pool-197-thread-1] INFO  server.RaftServerConfigKeys (ConfUtils.java:logGet(43)) - raft.server.log.purge.gap = 1000000 (custom)
2019-11-14 00:30:43,668 [pool-197-thread-1] INFO  server.RaftServerConfigKeys (ConfUtils.java:logGet(43)) - raft.server.log.appender.buffer.byte-limit = 33554432 (custom)
2019-11-14 00:30:43,668 [pool-197-thread-1] INFO  server.RaftServerConfigKeys (ConfUtils.java:logGet(43)) - raft.server.log.segment.size.max = 1048576 (custom)
2019-11-14 00:30:43,668 [pool-197-thread-1] INFO  server.RaftServerConfigKeys (ConfUtils.java:logGet(43)) - raft.server.log.segment.cache.num.max = 2 (custom)
2019-11-14 00:30:43,668 [pool-197-thread-1] INFO  segmented.SegmentedRaftLogWorker (SegmentedRaftLogWorker.java:<init>(173)) - new 5ec3eda0-64f8-4658-bfd5-1d254d69c5ac@group-DAF026E5BB25-SegmentedRaftLogWorker for RaftStorage:Storage Directory /workdir/hadoop-ozone/ozonefs/target/test-dir/MiniOzoneClusterImpl-e2e642c9-a982-4ec5-8d8a-1e30a3ea3417/datanode-2/data/ratis/2deeed8d-bb04-44c1-9710-daf026e5bb25
2019-11-14 00:30:43,668 [pool-197-thread-1] INFO  server.RaftServerConfigKeys (ConfUtils.java:logGet(43)) - raft.server.log.queue.byte-limit = 2147483647 (custom)
2019-11-14 00:30:43,668 [pool-197-thread-1] INFO  server.RaftServerConfigKeys (ConfUtils.java:logGet(43)) - raft.server.log.queue.element-limit = 1024 (custom)
2019-11-14 00:30:43,669 [pool-197-thread-1] INFO  server.RaftServerConfigKeys (ConfUtils.java:logGet(43)) - raft.server.log.segment.size.max = 1048576 (custom)
2019-11-14 00:30:43,669 [pool-197-thread-1] INFO  server.RaftServerConfigKeys (ConfUtils.java:logGet(43)) - raft.server.log.preallocated.size = 16384 (custom)
2019-11-14 00:30:43,669 [pool-197-thread-1] INFO  server.RaftServerConfigKeys (ConfUtils.java:logGet(43)) - raft.server.log.write.buffer.size = 33554432 (custom)
2019-11-14 00:30:43,669 [pool-197-thread-1] INFO  server.RaftServerConfigKeys (ConfUtils.java:logGet(43)) - raft.server.log.force.sync.num = 128 (default)
2019-11-14 00:30:43,669 [pool-197-thread-1] INFO  server.RaftServerConfigKeys (ConfUtils.java:logGet(43)) - raft.server.log.statemachine.data.sync = true (default)
2019-11-14 00:30:43,669 [pool-197-thread-1] INFO  server.RaftServerConfigKeys (ConfUtils.java:logGet(43)) - raft.server.log.statemachine.data.sync.timeout = 10s (default)
2019-11-14 00:30:43,669 [pool-197-thread-1] INFO  server.RaftServerConfigKeys (ConfUtils.java:logGet(43)) - raft.server.log.statemachine.data.sync.timeout.retry = -1 (default)
2019-11-14 00:30:43,670 [pool-197-thread-1] INFO  server.RaftServerConfigKeys (ConfUtils.java:logGet(43)) - raft.server.log.statemachine.data.caching.enabled = true (custom)
2019-11-14 00:30:43,670 [pool-197-thread-1] INFO  segmented.SegmentedRaftLogWorker (SegmentedRaftLogWorker.java:lambda$new$0(128)) - 5ec3eda0-64f8-4658-bfd5-1d254d69c5ac@group-DAF026E5BB25-SegmentedRaftLogWorker: flushIndex: setUnconditionally 0 -> -1
2019-11-14 00:30:43,670 [pool-197-thread-1] INFO  server.RaftServerConfigKeys (ConfUtils.java:logGet(43)) - raft.server.snapshot.auto.trigger.enabled = true (custom)
2019-11-14 00:30:43,670 [pool-197-thread-1] INFO  server.RaftServerConfigKeys (ConfUtils.java:logGet(43)) - raft.server.snapshot.auto.trigger.threshold = 10000 (custom)
2019-11-14 00:30:43,671 [pool-197-thread-1] INFO  server.RaftServerConfigKeys (ConfUtils.java:logGet(43)) - raft.server.snapshot.retention.file.num = 5 (custom)
2019-11-14 00:30:43,671 [pool-197-thread-1] INFO  server.RaftServerConfigKeys (ConfUtils.java:logGet(43)) - raft.server.retrycache.expirytime = 600000ms (custom)
2019-11-14 00:30:43,671 [pool-197-thread-1] WARN  impl.MetricRegistriesImpl (MetricRegistriesImpl.java:lambda$create$1(61)) - First MetricRegistry has been created without registering reporters. You may need to call MetricRegistries.global().addReportRegistration(...) before.
2019-11-14 00:30:43,671 [pool-197-thread-1] WARN  impl.MetricRegistriesImpl (MetricRegistriesImpl.java:lambda$create$1(61)) - First MetricRegistry has been created without registering reporters. You may need to call MetricRegistries.global().addReportRegistration(...) before.
2019-11-14 00:30:43,671 [pool-197-thread-1] INFO  impl.RaftServerImpl (RaftServerImpl.java:start(184)) - 5ec3eda0-64f8-4658-bfd5-1d254d69c5ac@group-406905859BFC: start as a follower, conf=-1: [5ec3eda0-64f8-4658-bfd5-1d254d69c5ac:192.168.69.66:40315], old=null
2019-11-14 00:30:43,672 [pool-197-thread-1] INFO  impl.RaftServerImpl (RaftServerImpl.java:setRole(173)) - 5ec3eda0-64f8-4658-bfd5-1d254d69c5ac@group-406905859BFC: changes role from      null to FOLLOWER at term 0 for startAsFollower
2019-11-14 00:30:43,672 [pool-197-thread-1] INFO  impl.RoleInfo (RoleInfo.java:updateAndGet(143)) - 5ec3eda0-64f8-4658-bfd5-1d254d69c5ac: start FollowerState
2019-11-14 00:30:43,672 [pool-197-thread-1] INFO  util.JmxRegister (JmxRegister.java:tryRegister(44)) - Successfully registered JMX Bean with object name Ratis:service=RaftServer,group=group-406905859BFC,id=5ec3eda0-64f8-4658-bfd5-1d254d69c5ac
2019-11-14 00:30:43,672 [pool-197-thread-1] WARN  impl.MetricRegistriesImpl (MetricRegistriesImpl.java:lambda$create$1(61)) - First MetricRegistry has been created without registering reporters. You may need to call MetricRegistries.global().addReportRegistration(...) before.
2019-11-14 00:30:43,673 [pool-197-thread-1] INFO  impl.RaftServerImpl (RaftServerImpl.java:start(184)) - 5ec3eda0-64f8-4658-bfd5-1d254d69c5ac@group-224A58ECAD4E: start as a follower, conf=-1: [5ec3eda0-64f8-4658-bfd5-1d254d69c5ac:192.168.69.66:40315, 28c37427-a0e8-441a-bbe9-fd5c5227817f:192.168.69.66:34423, 372e322f-2795-4a67-ada4-08c58a2d79d7:192.168.69.66:35553], old=null
2019-11-14 00:30:43,673 [pool-197-thread-1] INFO  impl.RaftServerImpl (RaftServerImpl.java:setRole(173)) - 5ec3eda0-64f8-4658-bfd5-1d254d69c5ac@group-224A58ECAD4E: changes role from      null to FOLLOWER at term 0 for startAsFollower
2019-11-14 00:30:43,673 [pool-197-thread-1] INFO  impl.RoleInfo (RoleInfo.java:updateAndGet(143)) - 5ec3eda0-64f8-4658-bfd5-1d254d69c5ac: start FollowerState
2019-11-14 00:30:43,674 [pool-197-thread-1] INFO  util.JmxRegister (JmxRegister.java:tryRegister(44)) - Successfully registered JMX Bean with object name Ratis:service=RaftServer,group=group-224A58ECAD4E,id=5ec3eda0-64f8-4658-bfd5-1d254d69c5ac
2019-11-14 00:30:43,674 [pool-197-thread-1] WARN  impl.MetricRegistriesImpl (MetricRegistriesImpl.java:lambda$create$1(61)) - First MetricRegistry has been created without registering reporters. You may need to call MetricRegistries.global().addReportRegistration(...) before.
2019-11-14 00:30:43,674 [pool-197-thread-1] INFO  impl.RaftServerImpl (RaftServerImpl.java:start(184)) - 5ec3eda0-64f8-4658-bfd5-1d254d69c5ac@group-DAF026E5BB25: start as a follower, conf=-1: [5ec3eda0-64f8-4658-bfd5-1d254d69c5ac:192.168.69.66:40315, 28c37427-a0e8-441a-bbe9-fd5c5227817f:192.168.69.66:34423, 372e322f-2795-4a67-ada4-08c58a2d79d7:192.168.69.66:35553], old=null
2019-11-14 00:30:43,674 [pool-197-thread-1] INFO  impl.RaftServerImpl (RaftServerImpl.java:setRole(173)) - 5ec3eda0-64f8-4658-bfd5-1d254d69c5ac@group-DAF026E5BB25: changes role from      null to FOLLOWER at term 0 for startAsFollower
2019-11-14 00:30:43,675 [pool-197-thread-1] INFO  impl.RoleInfo (RoleInfo.java:updateAndGet(143)) - 5ec3eda0-64f8-4658-bfd5-1d254d69c5ac: start FollowerState
2019-11-14 00:30:43,675 [pool-197-thread-1] INFO  util.JmxRegister (JmxRegister.java:tryRegister(44)) - Successfully registered JMX Bean with object name Ratis:service=RaftServer,group=group-DAF026E5BB25,id=5ec3eda0-64f8-4658-bfd5-1d254d69c5ac
2019-11-14 00:30:43,675 [pool-197-thread-1] WARN  impl.MetricRegistriesImpl (MetricRegistriesImpl.java:lambda$create$1(61)) - First MetricRegistry has been created without registering reporters. You may need to call MetricRegistries.global().addReportRegistration(...) before.
2019-11-14 00:30:44,060 [Thread-833] INFO  impl.FollowerState (FollowerState.java:run(111)) - 372e322f-2795-4a67-ada4-08c58a2d79d7@group-70A6DC1FB3C5-FollowerState: change to CANDIDATE, lastRpcTime:5081ms, electionTimeout:5081ms
2019-11-14 00:30:44,062 [Thread-833] INFO  impl.RoleInfo (RoleInfo.java:shutdownFollowerState(121)) - 372e322f-2795-4a67-ada4-08c58a2d79d7: shutdown FollowerState
2019-11-14 00:30:44,062 [Thread-833] INFO  impl.RaftServerImpl (RaftServerImpl.java:setRole(173)) - 372e322f-2795-4a67-ada4-08c58a2d79d7@group-70A6DC1FB3C5: changes role from  FOLLOWER to CANDIDATE at term 0 for changeToCandidate
2019-11-14 00:30:44,062 [Thread-833] INFO  impl.RoleInfo (RoleInfo.java:updateAndGet(143)) - 372e322f-2795-4a67-ada4-08c58a2d79d7: start LeaderElection
2019-11-14 00:30:44,165 [Thread-836] INFO  impl.FollowerState (FollowerState.java:run(111)) - 28c37427-a0e8-441a-bbe9-fd5c5227817f@group-70A6DC1FB3C5-FollowerState: change to CANDIDATE, lastRpcTime:5128ms, electionTimeout:5128ms
2019-11-14 00:30:44,165 [Thread-836] INFO  impl.RoleInfo (RoleInfo.java:shutdownFollowerState(121)) - 28c37427-a0e8-441a-bbe9-fd5c5227817f: shutdown FollowerState
2019-11-14 00:30:44,165 [Thread-836] INFO  impl.RaftServerImpl (RaftServerImpl.java:setRole(173)) - 28c37427-a0e8-441a-bbe9-fd5c5227817f@group-70A6DC1FB3C5: changes role from  FOLLOWER to CANDIDATE at term 0 for changeToCandidate
2019-11-14 00:30:44,166 [Thread-836] INFO  impl.RoleInfo (RoleInfo.java:updateAndGet(143)) - 28c37427-a0e8-441a-bbe9-fd5c5227817f: start LeaderElection
2019-11-14 00:30:44,493 [Thread-841] INFO  impl.FollowerState (FollowerState.java:run(111)) - 372e322f-2795-4a67-ada4-08c58a2d79d7@group-DAF026E5BB25-FollowerState: change to CANDIDATE, lastRpcTime:5099ms, electionTimeout:5099ms
2019-11-14 00:30:44,494 [Thread-841] INFO  impl.RoleInfo (RoleInfo.java:shutdownFollowerState(121)) - 372e322f-2795-4a67-ada4-08c58a2d79d7: shutdown FollowerState
2019-11-14 00:30:44,494 [Thread-841] INFO  impl.RaftServerImpl (RaftServerImpl.java:setRole(173)) - 372e322f-2795-4a67-ada4-08c58a2d79d7@group-DAF026E5BB25: changes role from  FOLLOWER to CANDIDATE at term 0 for changeToCandidate
2019-11-14 00:30:44,494 [Thread-841] INFO  impl.RoleInfo (RoleInfo.java:updateAndGet(143)) - 372e322f-2795-4a67-ada4-08c58a2d79d7: start LeaderElection
2019-11-14 00:30:44,551 [Thread-839] INFO  impl.FollowerState (FollowerState.java:run(111)) - 372e322f-2795-4a67-ada4-08c58a2d79d7@group-224A58ECAD4E-FollowerState: change to CANDIDATE, lastRpcTime:5165ms, electionTimeout:5158ms
2019-11-14 00:30:44,551 [Thread-839] INFO  impl.RoleInfo (RoleInfo.java:shutdownFollowerState(121)) - 372e322f-2795-4a67-ada4-08c58a2d79d7: shutdown FollowerState
2019-11-14 00:30:44,551 [Thread-839] INFO  impl.RaftServerImpl (RaftServerImpl.java:setRole(173)) - 372e322f-2795-4a67-ada4-08c58a2d79d7@group-224A58ECAD4E: changes role from  FOLLOWER to CANDIDATE at term 0 for changeToCandidate
2019-11-14 00:30:44,551 [Thread-839] INFO  impl.RoleInfo (RoleInfo.java:updateAndGet(143)) - 372e322f-2795-4a67-ada4-08c58a2d79d7: start LeaderElection
2019-11-14 00:30:44,763 [28c37427-a0e8-441a-bbe9-fd5c5227817f@group-59D6A62A010C-SegmentedRaftLogWorker] INFO  segmented.SegmentedRaftLogWorker (SegmentedRaftLogWorker.java:execute(576)) - 28c37427-a0e8-441a-bbe9-fd5c5227817f@group-59D6A62A010C-SegmentedRaftLogWorker: created new log segment /workdir/hadoop-ozone/ozonefs/target/test-dir/MiniOzoneClusterImpl-e2e642c9-a982-4ec5-8d8a-1e30a3ea3417/datanode-0/data/ratis/6768e664-15a0-47ae-80f8-59d6a62a010c/current/log_inprogress_0
2019-11-14 00:30:44,796 [372e322f-2795-4a67-ada4-08c58a2d79d7@group-70A6DC1FB3C5-LeaderElection17] INFO  impl.LeaderElection (LeaderElection.java:askForVotes(178)) - 372e322f-2795-4a67-ada4-08c58a2d79d7@group-70A6DC1FB3C5-LeaderElection17: begin an election at term 1 for -1: [5ec3eda0-64f8-4658-bfd5-1d254d69c5ac:192.168.69.66:40315, 28c37427-a0e8-441a-bbe9-fd5c5227817f:192.168.69.66:34423, 372e322f-2795-4a67-ada4-08c58a2d79d7:192.168.69.66:35553], old=null
2019-11-14 00:30:44,796 [28c37427-a0e8-441a-bbe9-fd5c5227817f@group-70A6DC1FB3C5-LeaderElection18] INFO  impl.LeaderElection (LeaderElection.java:askForVotes(178)) - 28c37427-a0e8-441a-bbe9-fd5c5227817f@group-70A6DC1FB3C5-LeaderElection18: begin an election at term 1 for -1: [5ec3eda0-64f8-4658-bfd5-1d254d69c5ac:192.168.69.66:40315, 28c37427-a0e8-441a-bbe9-fd5c5227817f:192.168.69.66:34423, 372e322f-2795-4a67-ada4-08c58a2d79d7:192.168.69.66:35553], old=null
2019-11-14 00:30:44,796 [372e322f-2795-4a67-ada4-08c58a2d79d7@group-DAF026E5BB25-LeaderElection19] INFO  impl.LeaderElection (LeaderElection.java:askForVotes(178)) - 372e322f-2795-4a67-ada4-08c58a2d79d7@group-DAF026E5BB25-LeaderElection19: begin an election at term 1 for -1: [5ec3eda0-64f8-4658-bfd5-1d254d69c5ac:192.168.69.66:40315, 28c37427-a0e8-441a-bbe9-fd5c5227817f:192.168.69.66:34423, 372e322f-2795-4a67-ada4-08c58a2d79d7:192.168.69.66:35553], old=null
2019-11-14 00:30:44,796 [372e322f-2795-4a67-ada4-08c58a2d79d7@group-224A58ECAD4E-LeaderElection20] INFO  impl.LeaderElection (LeaderElection.java:askForVotes(178)) - 372e322f-2795-4a67-ada4-08c58a2d79d7@group-224A58ECAD4E-LeaderElection20: begin an election at term 1 for -1: [5ec3eda0-64f8-4658-bfd5-1d254d69c5ac:192.168.69.66:40315, 28c37427-a0e8-441a-bbe9-fd5c5227817f:192.168.69.66:34423, 372e322f-2795-4a67-ada4-08c58a2d79d7:192.168.69.66:35553], old=null
2019-11-14 00:30:44,816 [grpc-default-executor-2] INFO  impl.RaftServerImpl (RaftServerImpl.java:setRole(173)) - 5ec3eda0-64f8-4658-bfd5-1d254d69c5ac@group-70A6DC1FB3C5: changes role from  FOLLOWER to FOLLOWER at term 1 for recognizeCandidate:28c37427-a0e8-441a-bbe9-fd5c5227817f
2019-11-14 00:30:44,816 [grpc-default-executor-3] INFO  impl.RaftServerImpl (RaftServerImpl.java:setRole(173)) - 28c37427-a0e8-441a-bbe9-fd5c5227817f@group-DAF026E5BB25: changes role from  FOLLOWER to FOLLOWER at term 1 for recognizeCandidate:372e322f-2795-4a67-ada4-08c58a2d79d7
2019-11-14 00:30:44,816 [grpc-default-executor-1] INFO  impl.RaftServerImpl (RaftServerImpl.java:setRole(173)) - 28c37427-a0e8-441a-bbe9-fd5c5227817f@group-224A58ECAD4E: changes role from  FOLLOWER to FOLLOWER at term 1 for recognizeCandidate:372e322f-2795-4a67-ada4-08c58a2d79d7
2019-11-14 00:30:44,817 [grpc-default-executor-3] INFO  impl.RoleInfo (RoleInfo.java:shutdownFollowerState(121)) - 28c37427-a0e8-441a-bbe9-fd5c5227817f: shutdown FollowerState
2019-11-14 00:30:44,816 [grpc-default-executor-2] INFO  impl.RoleInfo (RoleInfo.java:shutdownFollowerState(121)) - 5ec3eda0-64f8-4658-bfd5-1d254d69c5ac: shutdown FollowerState
2019-11-14 00:30:44,818 [Thread-850] INFO  impl.FollowerState (FollowerState.java:run(120)) - 28c37427-a0e8-441a-bbe9-fd5c5227817f@group-DAF026E5BB25-FollowerState was interrupted: java.lang.InterruptedException: sleep interrupted
2019-11-14 00:30:44,817 [grpc-default-executor-1] INFO  impl.RoleInfo (RoleInfo.java:shutdownFollowerState(121)) - 28c37427-a0e8-441a-bbe9-fd5c5227817f: shutdown FollowerState
2019-11-14 00:30:44,819 [Thread-844] INFO  impl.FollowerState (FollowerState.java:run(120)) - 5ec3eda0-64f8-4658-bfd5-1d254d69c5ac@group-70A6DC1FB3C5-FollowerState was interrupted: java.lang.InterruptedException: sleep interrupted
2019-11-14 00:30:44,820 [grpc-default-executor-1] INFO  impl.RoleInfo (RoleInfo.java:updateAndGet(143)) - 28c37427-a0e8-441a-bbe9-fd5c5227817f: start FollowerState
2019-11-14 00:30:44,819 [grpc-default-executor-2] INFO  impl.RoleInfo (RoleInfo.java:updateAndGet(143)) - 5ec3eda0-64f8-4658-bfd5-1d254d69c5ac: start FollowerState
2019-11-14 00:30:44,819 [grpc-default-executor-3] INFO  impl.RoleInfo (RoleInfo.java:updateAndGet(143)) - 28c37427-a0e8-441a-bbe9-fd5c5227817f: start FollowerState
2019-11-14 00:30:44,820 [Thread-848] INFO  impl.FollowerState (FollowerState.java:run(120)) - 28c37427-a0e8-441a-bbe9-fd5c5227817f@group-224A58ECAD4E-FollowerState was interrupted: java.lang.InterruptedException: sleep interrupted
2019-11-14 00:30:44,824 [grpc-default-executor-5] INFO  impl.RaftServerImpl (RaftServerImpl.java:setRole(173)) - 5ec3eda0-64f8-4658-bfd5-1d254d69c5ac@group-DAF026E5BB25: changes role from  FOLLOWER to FOLLOWER at term 1 for recognizeCandidate:372e322f-2795-4a67-ada4-08c58a2d79d7
2019-11-14 00:30:44,824 [grpc-default-executor-0] INFO  impl.RaftServerImpl (RaftServerImpl.java:setRole(173)) - 5ec3eda0-64f8-4658-bfd5-1d254d69c5ac@group-224A58ECAD4E: changes role from  FOLLOWER to FOLLOWER at term 1 for recognizeCandidate:372e322f-2795-4a67-ada4-08c58a2d79d7
2019-11-14 00:30:44,825 [grpc-default-executor-5] INFO  impl.RoleInfo (RoleInfo.java:shutdownFollowerState(121)) - 5ec3eda0-64f8-4658-bfd5-1d254d69c5ac: shutdown FollowerState
2019-11-14 00:30:44,825 [grpc-default-executor-0] INFO  impl.RoleInfo (RoleInfo.java:shutdownFollowerState(121)) - 5ec3eda0-64f8-4658-bfd5-1d254d69c5ac: shutdown FollowerState
2019-11-14 00:30:44,825 [Thread-858] INFO  impl.FollowerState (FollowerState.java:run(120)) - 5ec3eda0-64f8-4658-bfd5-1d254d69c5ac@group-DAF026E5BB25-FollowerState was interrupted: java.lang.InterruptedException: sleep interrupted
2019-11-14 00:30:44,825 [Thread-856] INFO  impl.FollowerState (FollowerState.java:run(120)) - 5ec3eda0-64f8-4658-bfd5-1d254d69c5ac@group-224A58ECAD4E-FollowerState was interrupted: java.lang.InterruptedException: sleep interrupted
2019-11-14 00:30:44,825 [grpc-default-executor-5] INFO  impl.RoleInfo (RoleInfo.java:updateAndGet(143)) - 5ec3eda0-64f8-4658-bfd5-1d254d69c5ac: start FollowerState
2019-11-14 00:30:44,825 [grpc-default-executor-0] INFO  impl.RoleInfo (RoleInfo.java:updateAndGet(143)) - 5ec3eda0-64f8-4658-bfd5-1d254d69c5ac: start FollowerState
2019-11-14 00:30:45,021 [372e322f-2795-4a67-ada4-08c58a2d79d7@group-224A58ECAD4E-LeaderElection20] INFO  impl.LeaderElection (LeaderElection.java:logAndReturn(56)) - 372e322f-2795-4a67-ada4-08c58a2d79d7@group-224A58ECAD4E-LeaderElection20: Election PASSED; received 1 response(s) [372e322f-2795-4a67-ada4-08c58a2d79d7<-28c37427-a0e8-441a-bbe9-fd5c5227817f#0:OK-t1] and 0 exception(s); 372e322f-2795-4a67-ada4-08c58a2d79d7@group-224A58ECAD4E:t1, leader=null, voted=372e322f-2795-4a67-ada4-08c58a2d79d7, raftlog=372e322f-2795-4a67-ada4-08c58a2d79d7@group-224A58ECAD4E-SegmentedRaftLog:OPENED:c-1,f-1,i0, conf=-1: [5ec3eda0-64f8-4658-bfd5-1d254d69c5ac:192.168.69.66:40315, 28c37427-a0e8-441a-bbe9-fd5c5227817f:192.168.69.66:34423, 372e322f-2795-4a67-ada4-08c58a2d79d7:192.168.69.66:35553], old=null
2019-11-14 00:30:45,023 [372e322f-2795-4a67-ada4-08c58a2d79d7@group-224A58ECAD4E-LeaderElection20] INFO  impl.RoleInfo (RoleInfo.java:shutdownLeaderElection(134)) - 372e322f-2795-4a67-ada4-08c58a2d79d7: shutdown LeaderElection
2019-11-14 00:30:45,026 [372e322f-2795-4a67-ada4-08c58a2d79d7@group-224A58ECAD4E-LeaderElection20] INFO  impl.RaftServerImpl (RaftServerImpl.java:setRole(173)) - 372e322f-2795-4a67-ada4-08c58a2d79d7@group-224A58ECAD4E: changes role from CANDIDATE to LEADER at term 1 for changeToLeader
2019-11-14 00:30:45,026 [372e322f-2795-4a67-ada4-08c58a2d79d7@group-DAF026E5BB25-LeaderElection19] INFO  impl.LeaderElection (LeaderElection.java:logAndReturn(56)) - 372e322f-2795-4a67-ada4-08c58a2d79d7@group-DAF026E5BB25-LeaderElection19: Election PASSED; received 1 response(s) [372e322f-2795-4a67-ada4-08c58a2d79d7<-28c37427-a0e8-441a-bbe9-fd5c5227817f#0:OK-t1] and 0 exception(s); 372e322f-2795-4a67-ada4-08c58a2d79d7@group-DAF026E5BB25:t1, leader=null, voted=372e322f-2795-4a67-ada4-08c58a2d79d7, raftlog=372e322f-2795-4a67-ada4-08c58a2d79d7@group-DAF026E5BB25-SegmentedRaftLog:OPENED:c-1,f-1,i0, conf=-1: [5ec3eda0-64f8-4658-bfd5-1d254d69c5ac:192.168.69.66:40315, 28c37427-a0e8-441a-bbe9-fd5c5227817f:192.168.69.66:34423, 372e322f-2795-4a67-ada4-08c58a2d79d7:192.168.69.66:35553], old=null
2019-11-14 00:30:45,026 [372e322f-2795-4a67-ada4-08c58a2d79d7@group-224A58ECAD4E-LeaderElection20] INFO  impl.RaftServerImpl (ServerState.java:setLeader(255)) - 372e322f-2795-4a67-ada4-08c58a2d79d7@group-224A58ECAD4E: change Leader from null to 372e322f-2795-4a67-ada4-08c58a2d79d7 at term 1 for becomeLeader, leader elected after 6054ms
2019-11-14 00:30:45,027 [372e322f-2795-4a67-ada4-08c58a2d79d7@group-DAF026E5BB25-LeaderElection19] INFO  impl.RoleInfo (RoleInfo.java:shutdownLeaderElection(134)) - 372e322f-2795-4a67-ada4-08c58a2d79d7: shutdown LeaderElection
2019-11-14 00:30:45,029 [372e322f-2795-4a67-ada4-08c58a2d79d7@group-224A58ECAD4E-LeaderElection20] INFO  server.RaftServerConfigKeys (ConfUtils.java:logGet(43)) - raft.server.staging.catchup.gap = 1000 (default)
2019-11-14 00:30:45,027 [28c37427-a0e8-441a-bbe9-fd5c5227817f@group-70A6DC1FB3C5-LeaderElection18] INFO  impl.LeaderElection (LeaderElection.java:logAndReturn(56)) - 28c37427-a0e8-441a-bbe9-fd5c5227817f@group-70A6DC1FB3C5-LeaderElection18: Election PASSED; received 2 response(s) [28c37427-a0e8-441a-bbe9-fd5c5227817f<-5ec3eda0-64f8-4658-bfd5-1d254d69c5ac#0:OK-t1, 28c37427-a0e8-441a-bbe9-fd5c5227817f<-372e322f-2795-4a67-ada4-08c58a2d79d7#0:FAIL-t1] and 0 exception(s); 28c37427-a0e8-441a-bbe9-fd5c5227817f@group-70A6DC1FB3C5:t1, leader=null, voted=28c37427-a0e8-441a-bbe9-fd5c5227817f, raftlog=28c37427-a0e8-441a-bbe9-fd5c5227817f@group-70A6DC1FB3C5-SegmentedRaftLog:OPENED:c-1,f-1,i0, conf=-1: [5ec3eda0-64f8-4658-bfd5-1d254d69c5ac:192.168.69.66:40315, 28c37427-a0e8-441a-bbe9-fd5c5227817f:192.168.69.66:34423, 372e322f-2795-4a67-ada4-08c58a2d79d7:192.168.69.66:35553], old=null
2019-11-14 00:30:45,030 [372e322f-2795-4a67-ada4-08c58a2d79d7@group-224A58ECAD4E-LeaderElection20] INFO  server.RaftServerConfigKeys (ConfUtils.java:logGet(43)) - raft.server.rpc.sleep.time = 25ms (default)
2019-11-14 00:30:45,030 [372e322f-2795-4a67-ada4-08c58a2d79d7@group-70A6DC1FB3C5-LeaderElection17] INFO  impl.LeaderElection (LeaderElection.java:logAndReturn(56)) - 372e322f-2795-4a67-ada4-08c58a2d79d7@group-70A6DC1FB3C5-LeaderElection17: Election REJECTED; received 2 response(s) [372e322f-2795-4a67-ada4-08c58a2d79d7<-28c37427-a0e8-441a-bbe9-fd5c5227817f#0:FAIL-t1, 372e322f-2795-4a67-ada4-08c58a2d79d7<-5ec3eda0-64f8-4658-bfd5-1d254d69c5ac#0:FAIL-t1] and 0 exception(s); 372e322f-2795-4a67-ada4-08c58a2d79d7@group-70A6DC1FB3C5:t1, leader=null, voted=372e322f-2795-4a67-ada4-08c58a2d79d7, raftlog=372e322f-2795-4a67-ada4-08c58a2d79d7@group-70A6DC1FB3C5-SegmentedRaftLog:OPENED:c-1,f-1,i0, conf=-1: [5ec3eda0-64f8-4658-bfd5-1d254d69c5ac:192.168.69.66:40315, 28c37427-a0e8-441a-bbe9-fd5c5227817f:192.168.69.66:34423, 372e322f-2795-4a67-ada4-08c58a2d79d7:192.168.69.66:35553], old=null
2019-11-14 00:30:45,029 [372e322f-2795-4a67-ada4-08c58a2d79d7@group-DAF026E5BB25-LeaderElection19] INFO  impl.RaftServerImpl (RaftServerImpl.java:setRole(173)) - 372e322f-2795-4a67-ada4-08c58a2d79d7@group-DAF026E5BB25: changes role from CANDIDATE to LEADER at term 1 for changeToLeader
2019-11-14 00:30:45,033 [372e322f-2795-4a67-ada4-08c58a2d79d7@group-70A6DC1FB3C5-LeaderElection17] INFO  impl.RaftServerImpl (RaftServerImpl.java:setRole(173)) - 372e322f-2795-4a67-ada4-08c58a2d79d7@group-70A6DC1FB3C5: changes role from CANDIDATE to FOLLOWER at term 1 for DISCOVERED_A_NEW_TERM
2019-11-14 00:30:45,033 [372e322f-2795-4a67-ada4-08c58a2d79d7@group-224A58ECAD4E-LeaderElection20] INFO  server.RaftServerConfigKeys (ConfUtils.java:logGet(43)) - raft.server.write.element-limit = 4096 (default)
2019-11-14 00:30:45,030 [28c37427-a0e8-441a-bbe9-fd5c5227817f@group-70A6DC1FB3C5-LeaderElection18] INFO  impl.RoleInfo (RoleInfo.java:shutdownLeaderElection(134)) - 28c37427-a0e8-441a-bbe9-fd5c5227817f: shutdown LeaderElection
2019-11-14 00:30:45,035 [372e322f-2795-4a67-ada4-08c58a2d79d7@group-224A58ECAD4E-LeaderElection20] INFO  server.RaftServerConfigKeys (ConfUtils.java:logGet(43)) - raft.server.watch.timeout = 10s (default)
2019-11-14 00:30:45,034 [372e322f-2795-4a67-ada4-08c58a2d79d7@group-70A6DC1FB3C5-LeaderElection17] INFO  impl.RoleInfo (RoleInfo.java:shutdownLeaderElection(134)) - 372e322f-2795-4a67-ada4-08c58a2d79d7: shutdown LeaderElection
2019-11-14 00:30:45,033 [372e322f-2795-4a67-ada4-08c58a2d79d7@group-DAF026E5BB25-LeaderElection19] INFO  impl.RaftServerImpl (ServerState.java:setLeader(255)) - 372e322f-2795-4a67-ada4-08c58a2d79d7@group-DAF026E5BB25: change Leader from null to 372e322f-2795-4a67-ada4-08c58a2d79d7 at term 1 for becomeLeader, leader elected after 5703ms
2019-11-14 00:30:45,035 [372e322f-2795-4a67-ada4-08c58a2d79d7@group-70A6DC1FB3C5-LeaderElection17] INFO  impl.RoleInfo (RoleInfo.java:updateAndGet(143)) - 372e322f-2795-4a67-ada4-08c58a2d79d7: start FollowerState
2019-11-14 00:30:45,035 [372e322f-2795-4a67-ada4-08c58a2d79d7@group-224A58ECAD4E-LeaderElection20] INFO  server.RaftServerConfigKeys (ConfUtils.java:logGet(43)) - raft.server.watch.timeout.denomination = 1s (default)
2019-11-14 00:30:45,035 [28c37427-a0e8-441a-bbe9-fd5c5227817f@group-70A6DC1FB3C5-LeaderElection18] INFO  impl.RaftServerImpl (RaftServerImpl.java:setRole(173)) - 28c37427-a0e8-441a-bbe9-fd5c5227817f@group-70A6DC1FB3C5: changes role from CANDIDATE to LEADER at term 1 for changeToLeader
2019-11-14 00:30:45,037 [372e322f-2795-4a67-ada4-08c58a2d79d7@group-224A58ECAD4E-LeaderElection20] INFO  server.RaftServerConfigKeys (ConfUtils.java:logGet(43)) - raft.server.watch.element-limit = 65536 (default)
2019-11-14 00:30:45,035 [372e322f-2795-4a67-ada4-08c58a2d79d7@group-DAF026E5BB25-LeaderElection19] INFO  server.RaftServerConfigKeys (ConfUtils.java:logGet(43)) - raft.server.staging.catchup.gap = 1000 (default)
2019-11-14 00:30:45,038 [28c37427-a0e8-441a-bbe9-fd5c5227817f@group-70A6DC1FB3C5-LeaderElection18] INFO  impl.RaftServerImpl (ServerState.java:setLeader(255)) - 28c37427-a0e8-441a-bbe9-fd5c5227817f@group-70A6DC1FB3C5: change Leader from null to 28c37427-a0e8-441a-bbe9-fd5c5227817f at term 1 for becomeLeader, leader elected after 8865ms
2019-11-14 00:30:45,038 [372e322f-2795-4a67-ada4-08c58a2d79d7@group-DAF026E5BB25-LeaderElection19] INFO  server.RaftServerConfigKeys (ConfUtils.java:logGet(43)) - raft.server.rpc.sleep.time = 25ms (default)
2019-11-14 00:30:45,038 [28c37427-a0e8-441a-bbe9-fd5c5227817f@group-70A6DC1FB3C5-LeaderElection18] INFO  server.RaftServerConfigKeys (ConfUtils.java:logGet(43)) - raft.server.staging.catchup.gap = 1000 (default)
2019-11-14 00:30:45,038 [372e322f-2795-4a67-ada4-08c58a2d79d7@group-224A58ECAD4E-LeaderElection20] INFO  server.RaftServerConfigKeys (ConfUtils.java:logGet(43)) - raft.server.log.appender.snapshot.chunk.size.max = 16MB (=16777216) (default)
2019-11-14 00:30:45,038 [28c37427-a0e8-441a-bbe9-fd5c5227817f@group-70A6DC1FB3C5-LeaderElection18] INFO  server.RaftServerConfigKeys (ConfUtils.java:logGet(43)) - raft.server.rpc.sleep.time = 25ms (default)
2019-11-14 00:30:45,038 [372e322f-2795-4a67-ada4-08c58a2d79d7@group-DAF026E5BB25-LeaderElection19] INFO  server.RaftServerConfigKeys (ConfUtils.java:logGet(43)) - raft.server.write.element-limit = 4096 (default)
2019-11-14 00:30:45,039 [372e322f-2795-4a67-ada4-08c58a2d79d7@group-224A58ECAD4E-LeaderElection20] INFO  server.RaftServerConfigKeys (ConfUtils.java:logGet(43)) - raft.server.log.appender.buffer.byte-limit = 33554432 (custom)
2019-11-14 00:30:45,039 [372e322f-2795-4a67-ada4-08c58a2d79d7@group-DAF026E5BB25-LeaderElection19] INFO  server.RaftServerConfigKeys (ConfUtils.java:logGet(43)) - raft.server.watch.timeout = 10s (default)
2019-11-14 00:30:45,039 [28c37427-a0e8-441a-bbe9-fd5c5227817f@group-70A6DC1FB3C5-LeaderElection18] INFO  server.RaftServerConfigKeys (ConfUtils.java:logGet(43)) - raft.server.write.element-limit = 4096 (default)
2019-11-14 00:30:45,039 [372e322f-2795-4a67-ada4-08c58a2d79d7@group-DAF026E5BB25-LeaderElection19] INFO  server.RaftServerConfigKeys (ConfUtils.java:logGet(43)) - raft.server.watch.timeout.denomination = 1s (default)
2019-11-14 00:30:45,039 [372e322f-2795-4a67-ada4-08c58a2d79d7@group-224A58ECAD4E-LeaderElection20] INFO  server.RaftServerConfigKeys (ConfUtils.java:logGet(43)) - raft.server.log.appender.buffer.element-limit = 1 (custom)
2019-11-14 00:30:45,039 [372e322f-2795-4a67-ada4-08c58a2d79d7@group-DAF026E5BB25-LeaderElection19] INFO  server.RaftServerConfigKeys (ConfUtils.java:logGet(43)) - raft.server.watch.element-limit = 65536 (default)
2019-11-14 00:30:45,040 [372e322f-2795-4a67-ada4-08c58a2d79d7@group-224A58ECAD4E-LeaderElection20] INFO  grpc.GrpcConfigKeys$Server (ConfUtils.java:logGet(43)) - raft.grpc.server.leader.outstanding.appends.max = 128 (default)
2019-11-14 00:30:45,039 [28c37427-a0e8-441a-bbe9-fd5c5227817f@group-70A6DC1FB3C5-LeaderElection18] INFO  server.RaftServerConfigKeys (ConfUtils.java:logGet(43)) - raft.server.watch.timeout = 10s (default)
2019-11-14 00:30:45,040 [372e322f-2795-4a67-ada4-08c58a2d79d7@group-DAF026E5BB25-LeaderElection19] INFO  server.RaftServerConfigKeys (ConfUtils.java:logGet(43)) - raft.server.log.appender.snapshot.chunk.size.max = 16MB (=16777216) (default)
2019-11-14 00:30:45,040 [372e322f-2795-4a67-ada4-08c58a2d79d7@group-224A58ECAD4E-LeaderElection20] INFO  server.RaftServerConfigKeys (ConfUtils.java:logGet(43)) - raft.server.rpc.request.timeout = 3000ms (default)
2019-11-14 00:30:45,040 [28c37427-a0e8-441a-bbe9-fd5c5227817f@group-70A6DC1FB3C5-LeaderElection18] INFO  server.RaftServerConfigKeys (ConfUtils.java:logGet(43)) - raft.server.watch.timeout.denomination = 1s (default)
2019-11-14 00:30:45,040 [372e322f-2795-4a67-ada4-08c58a2d79d7@group-224A58ECAD4E-LeaderElection20] INFO  server.RaftServerConfigKeys (ConfUtils.java:logGet(43)) - raft.server.log.appender.install.snapshot.enabled = false (custom)
2019-11-14 00:30:45,040 [372e322f-2795-4a67-ada4-08c58a2d79d7@group-DAF026E5BB25-LeaderElection19] INFO  server.RaftServerConfigKeys (ConfUtils.java:logGet(43)) - raft.server.log.appender.buffer.byte-limit = 33554432 (custom)
2019-11-14 00:30:45,041 [372e322f-2795-4a67-ada4-08c58a2d79d7@group-224A58ECAD4E-LeaderElection20] WARN  impl.MetricRegistriesImpl (MetricRegistriesImpl.java:lambda$create$1(61)) - First MetricRegistry has been created without registering reporters. You may need to call MetricRegistries.global().addReportRegistration(...) before.
2019-11-14 00:30:45,040 [28c37427-a0e8-441a-bbe9-fd5c5227817f@group-70A6DC1FB3C5-LeaderElection18] INFO  server.RaftServerConfigKeys (ConfUtils.java:logGet(43)) - raft.server.watch.element-limit = 65536 (default)
2019-11-14 00:30:45,041 [372e322f-2795-4a67-ada4-08c58a2d79d7@group-224A58ECAD4E-LeaderElection20] INFO  server.RaftServerConfigKeys (ConfUtils.java:logGet(43)) - raft.server.log.appender.snapshot.chunk.size.max = 16MB (=16777216) (default)
2019-11-14 00:30:45,041 [28c37427-a0e8-441a-bbe9-fd5c5227817f@group-70A6DC1FB3C5-LeaderElection18] INFO  server.RaftServerConfigKeys (ConfUtils.java:logGet(43)) - raft.server.log.appender.snapshot.chunk.size.max = 16MB (=16777216) (default)
2019-11-14 00:30:45,041 [372e322f-2795-4a67-ada4-08c58a2d79d7@group-DAF026E5BB25-LeaderElection19] INFO  server.RaftServerConfigKeys (ConfUtils.java:logGet(43)) - raft.server.log.appender.buffer.element-limit = 1 (custom)
2019-11-14 00:30:45,041 [28c37427-a0e8-441a-bbe9-fd5c5227817f@group-70A6DC1FB3C5-LeaderElection18] INFO  server.RaftServerConfigKeys (ConfUtils.java:logGet(43)) - raft.server.log.appender.buffer.byte-limit = 33554432 (custom)
2019-11-14 00:30:45,041 [372e322f-2795-4a67-ada4-08c58a2d79d7@group-224A58ECAD4E-LeaderElection20] INFO  server.RaftServerConfigKeys (ConfUtils.java:logGet(43)) - raft.server.log.appender.buffer.byte-limit = 33554432 (custom)
2019-11-14 00:30:45,042 [28c37427-a0e8-441a-bbe9-fd5c5227817f@group-70A6DC1FB3C5-LeaderElection18] INFO  server.RaftServerConfigKeys (ConfUtils.java:logGet(43)) - raft.server.log.appender.buffer.element-limit = 1 (custom)
2019-11-14 00:30:45,042 [372e322f-2795-4a67-ada4-08c58a2d79d7@group-DAF026E5BB25-LeaderElection19] INFO  grpc.GrpcConfigKeys$Server (ConfUtils.java:logGet(43)) - raft.grpc.server.leader.outstanding.appends.max = 128 (default)
2019-11-14 00:30:45,042 [28c37427-a0e8-441a-bbe9-fd5c5227817f@group-70A6DC1FB3C5-LeaderElection18] INFO  grpc.GrpcConfigKeys$Server (ConfUtils.java:logGet(43)) - raft.grpc.server.leader.outstanding.appends.max = 128 (default)
2019-11-14 00:30:45,042 [372e322f-2795-4a67-ada4-08c58a2d79d7@group-224A58ECAD4E-LeaderElection20] INFO  server.RaftServerConfigKeys (ConfUtils.java:logGet(43)) - raft.server.log.appender.buffer.element-limit = 1 (custom)
2019-11-14 00:30:45,042 [28c37427-a0e8-441a-bbe9-fd5c5227817f@group-70A6DC1FB3C5-LeaderElection18] INFO  server.RaftServerConfigKeys (ConfUtils.java:logGet(43)) - raft.server.rpc.request.timeout = 3000ms (default)
2019-11-14 00:30:45,042 [372e322f-2795-4a67-ada4-08c58a2d79d7@group-DAF026E5BB25-LeaderElection19] INFO  server.RaftServerConfigKeys (ConfUtils.java:logGet(43)) - raft.server.rpc.request.timeout = 3000ms (default)
2019-11-14 00:30:45,043 [28c37427-a0e8-441a-bbe9-fd5c5227817f@group-70A6DC1FB3C5-LeaderElection18] INFO  server.RaftServerConfigKeys (ConfUtils.java:logGet(43)) - raft.server.log.appender.install.snapshot.enabled = false (custom)
2019-11-14 00:30:45,043 [372e322f-2795-4a67-ada4-08c58a2d79d7@group-224A58ECAD4E-LeaderElection20] INFO  grpc.GrpcConfigKeys$Server (ConfUtils.java:logGet(43)) - raft.grpc.server.leader.outstanding.appends.max = 128 (default)
2019-11-14 00:30:45,043 [28c37427-a0e8-441a-bbe9-fd5c5227817f@group-70A6DC1FB3C5-LeaderElection18] WARN  impl.MetricRegistriesImpl (MetricRegistriesImpl.java:lambda$create$1(61)) - First MetricRegistry has been created without registering reporters. You may need to call MetricRegistries.global().addReportRegistration(...) before.
2019-11-14 00:30:45,043 [372e322f-2795-4a67-ada4-08c58a2d79d7@group-DAF026E5BB25-LeaderElection19] INFO  server.RaftServerConfigKeys (ConfUtils.java:logGet(43)) - raft.server.log.appender.install.snapshot.enabled = false (custom)
2019-11-14 00:30:45,043 [28c37427-a0e8-441a-bbe9-fd5c5227817f@group-70A6DC1FB3C5-LeaderElection18] INFO  server.RaftServerConfigKeys (ConfUtils.java:logGet(43)) - raft.server.log.appender.snapshot.chunk.size.max = 16MB (=16777216) (default)
2019-11-14 00:30:45,043 [372e322f-2795-4a67-ada4-08c58a2d79d7@group-224A58ECAD4E-LeaderElection20] INFO  server.RaftServerConfigKeys (ConfUtils.java:logGet(43)) - raft.server.rpc.request.timeout = 3000ms (default)
2019-11-14 00:30:45,043 [28c37427-a0e8-441a-bbe9-fd5c5227817f@group-70A6DC1FB3C5-LeaderElection18] INFO  server.RaftServerConfigKeys (ConfUtils.java:logGet(43)) - raft.server.log.appender.buffer.byte-limit = 33554432 (custom)
2019-11-14 00:30:45,043 [372e322f-2795-4a67-ada4-08c58a2d79d7@group-DAF026E5BB25-LeaderElection19] WARN  impl.MetricRegistriesImpl (MetricRegistriesImpl.java:lambda$create$1(61)) - First MetricRegistry has been created without registering reporters. You may need to call MetricRegistries.global().addReportRegistration(...) before.
2019-11-14 00:30:45,044 [28c37427-a0e8-441a-bbe9-fd5c5227817f@group-70A6DC1FB3C5-LeaderElection18] INFO  server.RaftServerConfigKeys (ConfUtils.java:logGet(43)) - raft.server.log.appender.buffer.element-limit = 1 (custom)
2019-11-14 00:30:45,044 [372e322f-2795-4a67-ada4-08c58a2d79d7@group-224A58ECAD4E-LeaderElection20] INFO  server.RaftServerConfigKeys (ConfUtils.java:logGet(43)) - raft.server.log.appender.install.snapshot.enabled = false (custom)
2019-11-14 00:30:45,044 [28c37427-a0e8-441a-bbe9-fd5c5227817f@group-70A6DC1FB3C5-LeaderElection18] INFO  grpc.GrpcConfigKeys$Server (ConfUtils.java:logGet(43)) - raft.grpc.server.leader.outstanding.appends.max = 128 (default)
2019-11-14 00:30:45,044 [372e322f-2795-4a67-ada4-08c58a2d79d7@group-DAF026E5BB25-LeaderElection19] INFO  server.RaftServerConfigKeys (ConfUtils.java:logGet(43)) - raft.server.log.appender.snapshot.chunk.size.max = 16MB (=16777216) (default)
2019-11-14 00:30:45,044 [28c37427-a0e8-441a-bbe9-fd5c5227817f@group-70A6DC1FB3C5-LeaderElection18] INFO  server.RaftServerConfigKeys (ConfUtils.java:logGet(43)) - raft.server.rpc.request.timeout = 3000ms (default)
2019-11-14 00:30:45,044 [372e322f-2795-4a67-ada4-08c58a2d79d7@group-224A58ECAD4E-LeaderElection20] INFO  impl.RoleInfo (RoleInfo.java:updateAndGet(143)) - 372e322f-2795-4a67-ada4-08c58a2d79d7: start LeaderState
2019-11-14 00:30:45,045 [28c37427-a0e8-441a-bbe9-fd5c5227817f@group-70A6DC1FB3C5-LeaderElection18] INFO  server.RaftServerConfigKeys (ConfUtils.java:logGet(43)) - raft.server.log.appender.install.snapshot.enabled = false (custom)
2019-11-14 00:30:45,045 [372e322f-2795-4a67-ada4-08c58a2d79d7@group-DAF026E5BB25-LeaderElection19] INFO  server.RaftServerConfigKeys (ConfUtils.java:logGet(43)) - raft.server.log.appender.buffer.byte-limit = 33554432 (custom)
2019-11-14 00:30:45,045 [372e322f-2795-4a67-ada4-08c58a2d79d7@group-224A58ECAD4E-LeaderElection20] INFO  segmented.SegmentedRaftLogWorker (SegmentedRaftLogWorker.java:startLogSegment(385)) - 372e322f-2795-4a67-ada4-08c58a2d79d7@group-224A58ECAD4E-SegmentedRaftLogWorker: Starting segment from index:0
2019-11-14 00:30:45,045 [28c37427-a0e8-441a-bbe9-fd5c5227817f@group-70A6DC1FB3C5-LeaderElection18] INFO  impl.RoleInfo (RoleInfo.java:updateAndGet(143)) - 28c37427-a0e8-441a-bbe9-fd5c5227817f: start LeaderState
2019-11-14 00:30:45,045 [372e322f-2795-4a67-ada4-08c58a2d79d7@group-DAF026E5BB25-LeaderElection19] INFO  server.RaftServerConfigKeys (ConfUtils.java:logGet(43)) - raft.server.log.appender.buffer.element-limit = 1 (custom)
2019-11-14 00:30:45,046 [28c37427-a0e8-441a-bbe9-fd5c5227817f@group-70A6DC1FB3C5-LeaderElection18] INFO  segmented.SegmentedRaftLogWorker (SegmentedRaftLogWorker.java:startLogSegment(385)) - 28c37427-a0e8-441a-bbe9-fd5c5227817f@group-70A6DC1FB3C5-SegmentedRaftLogWorker: Starting segment from index:0
2019-11-14 00:30:45,046 [372e322f-2795-4a67-ada4-08c58a2d79d7@group-DAF026E5BB25-LeaderElection19] INFO  grpc.GrpcConfigKeys$Server (ConfUtils.java:logGet(43)) - raft.grpc.server.leader.outstanding.appends.max = 128 (default)
2019-11-14 00:30:45,046 [372e322f-2795-4a67-ada4-08c58a2d79d7@group-DAF026E5BB25-LeaderElection19] INFO  server.RaftServerConfigKeys (ConfUtils.java:logGet(43)) - raft.server.rpc.request.timeout = 3000ms (default)
2019-11-14 00:30:45,046 [372e322f-2795-4a67-ada4-08c58a2d79d7@group-DAF026E5BB25-LeaderElection19] INFO  server.RaftServerConfigKeys (ConfUtils.java:logGet(43)) - raft.server.log.appender.install.snapshot.enabled = false (custom)
2019-11-14 00:30:45,046 [28c37427-a0e8-441a-bbe9-fd5c5227817f@group-70A6DC1FB3C5-LeaderElection18] INFO  impl.RaftServerImpl (ServerState.java:setRaftConf(356)) - 28c37427-a0e8-441a-bbe9-fd5c5227817f@group-70A6DC1FB3C5: set configuration 0: [5ec3eda0-64f8-4658-bfd5-1d254d69c5ac:192.168.69.66:40315, 28c37427-a0e8-441a-bbe9-fd5c5227817f:192.168.69.66:34423, 372e322f-2795-4a67-ada4-08c58a2d79d7:192.168.69.66:35553], old=null at 0
2019-11-14 00:30:45,046 [372e322f-2795-4a67-ada4-08c58a2d79d7@group-DAF026E5BB25-LeaderElection19] INFO  impl.RoleInfo (RoleInfo.java:updateAndGet(143)) - 372e322f-2795-4a67-ada4-08c58a2d79d7: start LeaderState
2019-11-14 00:30:45,046 [372e322f-2795-4a67-ada4-08c58a2d79d7@group-224A58ECAD4E-LeaderElection20] INFO  impl.RaftServerImpl (ServerState.java:setRaftConf(356)) - 372e322f-2795-4a67-ada4-08c58a2d79d7@group-224A58ECAD4E: set configuration 0: [5ec3eda0-64f8-4658-bfd5-1d254d69c5ac:192.168.69.66:40315, 28c37427-a0e8-441a-bbe9-fd5c5227817f:192.168.69.66:34423, 372e322f-2795-4a67-ada4-08c58a2d79d7:192.168.69.66:35553], old=null at 0
2019-11-14 00:30:45,080 [372e322f-2795-4a67-ada4-08c58a2d79d7@group-DAF026E5BB25-LeaderElection19] INFO  segmented.SegmentedRaftLogWorker (SegmentedRaftLogWorker.java:startLogSegment(385)) - 372e322f-2795-4a67-ada4-08c58a2d79d7@group-DAF026E5BB25-SegmentedRaftLogWorker: Starting segment from index:0
2019-11-14 00:30:45,081 [372e322f-2795-4a67-ada4-08c58a2d79d7@group-DAF026E5BB25-LeaderElection19] INFO  impl.RaftServerImpl (ServerState.java:setRaftConf(356)) - 372e322f-2795-4a67-ada4-08c58a2d79d7@group-DAF026E5BB25: set configuration 0: [5ec3eda0-64f8-4658-bfd5-1d254d69c5ac:192.168.69.66:40315, 28c37427-a0e8-441a-bbe9-fd5c5227817f:192.168.69.66:34423, 372e322f-2795-4a67-ada4-08c58a2d79d7:192.168.69.66:35553], old=null at 0
2019-11-14 00:30:45,108 [grpc-default-executor-3] INFO  impl.RaftServerImpl (ServerState.java:setLeader(255)) - 28c37427-a0e8-441a-bbe9-fd5c5227817f@group-224A58ECAD4E: change Leader from null to 372e322f-2795-4a67-ada4-08c58a2d79d7 at term 1 for appendEntries, leader elected after 6076ms
2019-11-14 00:30:45,108 [grpc-default-executor-5] INFO  impl.RaftServerImpl (ServerState.java:setLeader(255)) - 5ec3eda0-64f8-4658-bfd5-1d254d69c5ac@group-70A6DC1FB3C5: change Leader from null to 28c37427-a0e8-441a-bbe9-fd5c5227817f at term 1 for appendEntries, leader elected after 11934ms
2019-11-14 00:30:45,109 [grpc-default-executor-6] INFO  impl.RaftServerImpl (ServerState.java:setLeader(255)) - 372e322f-2795-4a67-ada4-08c58a2d79d7@group-70A6DC1FB3C5: change Leader from null to 28c37427-a0e8-441a-bbe9-fd5c5227817f at term 1 for appendEntries, leader elected after 11934ms
2019-11-14 00:30:45,109 [grpc-default-executor-1] INFO  impl.RaftServerImpl (ServerState.java:setLeader(255)) - 28c37427-a0e8-441a-bbe9-fd5c5227817f@group-DAF026E5BB25: change Leader from null to 372e322f-2795-4a67-ada4-08c58a2d79d7 at term 1 for appendEntries, leader elected after 2562ms
2019-11-14 00:30:45,110 [grpc-default-executor-0] INFO  impl.RaftServerImpl (ServerState.java:setLeader(255)) - 5ec3eda0-64f8-4658-bfd5-1d254d69c5ac@group-224A58ECAD4E: change Leader from null to 372e322f-2795-4a67-ada4-08c58a2d79d7 at term 1 for appendEntries, leader elected after 5109ms
2019-11-14 00:30:45,111 [grpc-default-executor-6] INFO  impl.RaftServerImpl (ServerState.java:setLeader(255)) - 5ec3eda0-64f8-4658-bfd5-1d254d69c5ac@group-DAF026E5BB25: change Leader from null to 372e322f-2795-4a67-ada4-08c58a2d79d7 at term 1 for appendEntries, leader elected after 1443ms
2019-11-14 00:30:45,116 [grpc-default-executor-6] INFO  impl.RaftServerImpl (ServerState.java:setRaftConf(356)) - 372e322f-2795-4a67-ada4-08c58a2d79d7@group-70A6DC1FB3C5: set configuration 0: [5ec3eda0-64f8-4658-bfd5-1d254d69c5ac:192.168.69.66:40315, 28c37427-a0e8-441a-bbe9-fd5c5227817f:192.168.69.66:34423, 372e322f-2795-4a67-ada4-08c58a2d79d7:192.168.69.66:35553], old=null at 0
2019-11-14 00:30:45,116 [grpc-default-executor-1] INFO  impl.RaftServerImpl (ServerState.java:setRaftConf(356)) - 5ec3eda0-64f8-4658-bfd5-1d254d69c5ac@group-70A6DC1FB3C5: set configuration 0: [5ec3eda0-64f8-4658-bfd5-1d254d69c5ac:192.168.69.66:40315, 28c37427-a0e8-441a-bbe9-fd5c5227817f:192.168.69.66:34423, 372e322f-2795-4a67-ada4-08c58a2d79d7:192.168.69.66:35553], old=null at 0
2019-11-14 00:30:45,116 [grpc-default-executor-0] INFO  impl.RaftServerImpl (ServerState.java:setRaftConf(356)) - 28c37427-a0e8-441a-bbe9-fd5c5227817f@group-224A58ECAD4E: set configuration 0: [5ec3eda0-64f8-4658-bfd5-1d254d69c5ac:192.168.69.66:40315, 28c37427-a0e8-441a-bbe9-fd5c5227817f:192.168.69.66:34423, 372e322f-2795-4a67-ada4-08c58a2d79d7:192.168.69.66:35553], old=null at 0
2019-11-14 00:30:45,118 [grpc-default-executor-3] INFO  impl.RaftServerImpl (ServerState.java:setRaftConf(356)) - 5ec3eda0-64f8-4658-bfd5-1d254d69c5ac@group-DAF026E5BB25: set configuration 0: [5ec3eda0-64f8-4658-bfd5-1d254d69c5ac:192.168.69.66:40315, 28c37427-a0e8-441a-bbe9-fd5c5227817f:192.168.69.66:34423, 372e322f-2795-4a67-ada4-08c58a2d79d7:192.168.69.66:35553], old=null at 0
2019-11-14 00:30:45,117 [grpc-default-executor-5] INFO  impl.RaftServerImpl (ServerState.java:setRaftConf(356)) - 5ec3eda0-64f8-4658-bfd5-1d254d69c5ac@group-224A58ECAD4E: set configuration 0: [5ec3eda0-64f8-4658-bfd5-1d254d69c5ac:192.168.69.66:40315, 28c37427-a0e8-441a-bbe9-fd5c5227817f:192.168.69.66:34423, 372e322f-2795-4a67-ada4-08c58a2d79d7:192.168.69.66:35553], old=null at 0
2019-11-14 00:30:45,116 [grpc-default-executor-6] INFO  segmented.SegmentedRaftLogWorker (SegmentedRaftLogWorker.java:startLogSegment(385)) - 372e322f-2795-4a67-ada4-08c58a2d79d7@group-70A6DC1FB3C5-SegmentedRaftLogWorker: Starting segment from index:0
2019-11-14 00:30:45,119 [grpc-default-executor-5] INFO  segmented.SegmentedRaftLogWorker (SegmentedRaftLogWorker.java:startLogSegment(385)) - 5ec3eda0-64f8-4658-bfd5-1d254d69c5ac@group-224A58ECAD4E-SegmentedRaftLogWorker: Starting segment from index:0
2019-11-14 00:30:45,119 [grpc-default-executor-2] INFO  impl.RaftServerImpl (ServerState.java:setRaftConf(356)) - 28c37427-a0e8-441a-bbe9-fd5c5227817f@group-DAF026E5BB25: set configuration 0: [5ec3eda0-64f8-4658-bfd5-1d254d69c5ac:192.168.69.66:40315, 28c37427-a0e8-441a-bbe9-fd5c5227817f:192.168.69.66:34423, 372e322f-2795-4a67-ada4-08c58a2d79d7:192.168.69.66:35553], old=null at 0
2019-11-14 00:30:45,119 [grpc-default-executor-3] INFO  segmented.SegmentedRaftLogWorker (SegmentedRaftLogWorker.java:startLogSegment(385)) - 5ec3eda0-64f8-4658-bfd5-1d254d69c5ac@group-DAF026E5BB25-SegmentedRaftLogWorker: Starting segment from index:0
2019-11-14 00:30:45,118 [grpc-default-executor-0] INFO  segmented.SegmentedRaftLogWorker (SegmentedRaftLogWorker.java:startLogSegment(385)) - 28c37427-a0e8-441a-bbe9-fd5c5227817f@group-224A58ECAD4E-SegmentedRaftLogWorker: Starting segment from index:0
2019-11-14 00:30:45,118 [grpc-default-executor-1] INFO  segmented.SegmentedRaftLogWorker (SegmentedRaftLogWorker.java:startLogSegment(385)) - 5ec3eda0-64f8-4658-bfd5-1d254d69c5ac@group-70A6DC1FB3C5-SegmentedRaftLogWorker: Starting segment from index:0
2019-11-14 00:30:45,119 [grpc-default-executor-2] INFO  segmented.SegmentedRaftLogWorker (SegmentedRaftLogWorker.java:startLogSegment(385)) - 28c37427-a0e8-441a-bbe9-fd5c5227817f@group-DAF026E5BB25-SegmentedRaftLogWorker: Starting segment from index:0
2019-11-14 00:30:45,527 [28c37427-a0e8-441a-bbe9-fd5c5227817f@group-70A6DC1FB3C5-SegmentedRaftLogWorker] INFO  segmented.SegmentedRaftLogWorker (SegmentedRaftLogWorker.java:execute(576)) - 28c37427-a0e8-441a-bbe9-fd5c5227817f@group-70A6DC1FB3C5-SegmentedRaftLogWorker: created new log segment /workdir/hadoop-ozone/ozonefs/target/test-dir/MiniOzoneClusterImpl-e2e642c9-a982-4ec5-8d8a-1e30a3ea3417/datanode-0/data/ratis/10d3a47b-a7a7-41b0-8c08-70a6dc1fb3c5/current/log_inprogress_0
2019-11-14 00:30:45,527 [372e322f-2795-4a67-ada4-08c58a2d79d7@group-224A58ECAD4E-SegmentedRaftLogWorker] INFO  segmented.SegmentedRaftLogWorker (SegmentedRaftLogWorker.java:execute(576)) - 372e322f-2795-4a67-ada4-08c58a2d79d7@group-224A58ECAD4E-SegmentedRaftLogWorker: created new log segment /workdir/hadoop-ozone/ozonefs/target/test-dir/MiniOzoneClusterImpl-e2e642c9-a982-4ec5-8d8a-1e30a3ea3417/datanode-1/data/ratis/7f9a8fb8-5702-49c4-ad76-224a58ecad4e/current/log_inprogress_0
2019-11-14 00:30:45,832 [Thread-646] INFO  ozoneimpl.OzoneContainer (OzoneContainer.java:stop(232)) - Attempting to stop container services.
2019-11-14 00:30:45,832 [ForkJoinPool.commonPool-worker-1] INFO  ozoneimpl.OzoneContainer (OzoneContainer.java:stop(232)) - Attempting to stop container services.
2019-11-14 00:30:45,832 [Thread-646] INFO  impl.RaftServerProxy (RaftServerProxy.java:lambda$close$4(314)) - 372e322f-2795-4a67-ada4-08c58a2d79d7: close
2019-11-14 00:30:45,833 [ForkJoinPool.commonPool-worker-1] INFO  impl.RaftServerProxy (RaftServerProxy.java:lambda$close$4(314)) - 28c37427-a0e8-441a-bbe9-fd5c5227817f: close
2019-11-14 00:30:45,833 [Thread-646] INFO  impl.RaftServerImpl (RaftServerImpl.java:lambda$shutdown$3(250)) - 372e322f-2795-4a67-ada4-08c58a2d79d7@group-DAF026E5BB25: shutdown
2019-11-14 00:30:45,833 [ForkJoinPool.commonPool-worker-1] INFO  impl.RaftServerImpl (RaftServerImpl.java:lambda$shutdown$3(250)) - 28c37427-a0e8-441a-bbe9-fd5c5227817f@group-DAF026E5BB25: shutdown
2019-11-14 00:30:45,833 [Thread-646] INFO  util.JmxRegister (JmxRegister.java:unregister(73)) - Successfully un-registered JMX Bean with object name Ratis:service=RaftServer,group=group-DAF026E5BB25,id=372e322f-2795-4a67-ada4-08c58a2d79d7
2019-11-14 00:30:45,833 [ForkJoinPool.commonPool-worker-1] INFO  util.JmxRegister (JmxRegister.java:unregister(73)) - Successfully un-registered JMX Bean with object name Ratis:service=RaftServer,group=group-DAF026E5BB25,id=28c37427-a0e8-441a-bbe9-fd5c5227817f
2019-11-14 00:30:45,833 [Thread-646] INFO  impl.RoleInfo (RoleInfo.java:shutdownLeaderState(104)) - 372e322f-2795-4a67-ada4-08c58a2d79d7: shutdown LeaderState
2019-11-14 00:30:45,833 [ForkJoinPool.commonPool-worker-1] INFO  impl.RoleInfo (RoleInfo.java:shutdownFollowerState(121)) - 28c37427-a0e8-441a-bbe9-fd5c5227817f: shutdown FollowerState
2019-11-14 00:30:45,835 [org.apache.ratis.server.impl.LogAppender$AppenderDaemon$$Lambda$470/292841860@41716877] WARN  server.GrpcLogAppender (GrpcLogAppender.java:mayWait(151)) - 372e322f-2795-4a67-ada4-08c58a2d79d7@group-DAF026E5BB25->5ec3eda0-64f8-4658-bfd5-1d254d69c5ac-GrpcLogAppender: Wait interrupted by java.lang.InterruptedException
2019-11-14 00:30:45,835 [org.apache.ratis.server.impl.LogAppender$AppenderDaemon$$Lambda$470/292841860@473ee3d] WARN  server.GrpcLogAppender (GrpcLogAppender.java:mayWait(151)) - 372e322f-2795-4a67-ada4-08c58a2d79d7@group-DAF026E5BB25->28c37427-a0e8-441a-bbe9-fd5c5227817f-GrpcLogAppender: Wait interrupted by java.lang.InterruptedException
2019-11-14 00:30:45,835 [Thread-646] INFO  impl.PendingRequests (PendingRequests.java:sendNotLeaderResponses(206)) - 372e322f-2795-4a67-ada4-08c58a2d79d7@group-DAF026E5BB25-PendingRequests: sendNotLeaderResponses
2019-11-14 00:30:45,835 [ForkJoinPool.commonPool-worker-1] INFO  impl.StateMachineUpdater (StateMachineUpdater.java:stopAndJoin(136)) - 28c37427-a0e8-441a-bbe9-fd5c5227817f@group-DAF026E5BB25-StateMachineUpdater: set stopIndex = -1
2019-11-14 00:30:45,839 [ForkJoinPool.commonPool-worker-1] INFO  impl.RaftServerImpl (ServerState.java:close(387)) - 28c37427-a0e8-441a-bbe9-fd5c5227817f@group-DAF026E5BB25: closes. applyIndex: -1
2019-11-14 00:30:45,835 [Thread-872] INFO  impl.FollowerState (FollowerState.java:run(120)) - 28c37427-a0e8-441a-bbe9-fd5c5227817f@group-DAF026E5BB25-FollowerState was interrupted: java.lang.InterruptedException: sleep interrupted
2019-11-14 00:30:45,838 [Thread-646] INFO  impl.StateMachineUpdater (StateMachineUpdater.java:stopAndJoin(136)) - 372e322f-2795-4a67-ada4-08c58a2d79d7@group-DAF026E5BB25-StateMachineUpdater: set stopIndex = -1
2019-11-14 00:30:45,840 [grpc-default-executor-2] INFO  server.GrpcServerProtocolService (GrpcServerProtocolService.java:onCompleted(113)) - 5ec3eda0-64f8-4658-bfd5-1d254d69c5ac: Completed APPEND_ENTRIES, lastRequest: 372e322f-2795-4a67-ada4-08c58a2d79d7->5ec3eda0-64f8-4658-bfd5-1d254d69c5ac#1-t1, previous=(t:0, i:0), leaderCommit=-1, initializing? false, entries: size=1, first=(t:1, i:0), CONFIGURATIONENTRY
2019-11-14 00:30:45,840 [grpc-default-executor-1] INFO  server.GrpcServerProtocolService (GrpcServerProtocolService.java:onCompleted(113)) - 28c37427-a0e8-441a-bbe9-fd5c5227817f: Completed APPEND_ENTRIES, lastRequest: 372e322f-2795-4a67-ada4-08c58a2d79d7->28c37427-a0e8-441a-bbe9-fd5c5227817f#1-t1, previous=(t:0, i:0), leaderCommit=-1, initializing? false, entries: size=1, first=(t:1, i:0), CONFIGURATIONENTRY
2019-11-14 00:30:45,840 [Thread-646] INFO  impl.RaftServerImpl (ServerState.java:close(387)) - 372e322f-2795-4a67-ada4-08c58a2d79d7@group-DAF026E5BB25: closes. applyIndex: -1
2019-11-14 00:30:45,841 [grpc-default-executor-0] INFO  server.GrpcLogAppender (GrpcLogAppender.java:onCompleted(308)) - 372e322f-2795-4a67-ada4-08c58a2d79d7@group-DAF026E5BB25->5ec3eda0-64f8-4658-bfd5-1d254d69c5ac-AppendLogResponseHandler: follower responses appendEntries COMPLETED
2019-11-14 00:30:45,842 [grpc-default-executor-2] INFO  server.GrpcLogAppender (GrpcLogAppender.java:onCompleted(308)) - 372e322f-2795-4a67-ada4-08c58a2d79d7@group-DAF026E5BB25->28c37427-a0e8-441a-bbe9-fd5c5227817f-AppendLogResponseHandler: follower responses appendEntries COMPLETED
2019-11-14 00:30:46,025 [5ec3eda0-64f8-4658-bfd5-1d254d69c5ac@group-DAF026E5BB25-SegmentedRaftLogWorker] INFO  segmented.SegmentedRaftLogWorker (SegmentedRaftLogWorker.java:execute(576)) - 5ec3eda0-64f8-4658-bfd5-1d254d69c5ac@group-DAF026E5BB25-SegmentedRaftLogWorker: created new log segment /workdir/hadoop-ozone/ozonefs/target/test-dir/MiniOzoneClusterImpl-e2e642c9-a982-4ec5-8d8a-1e30a3ea3417/datanode-2/data/ratis/2deeed8d-bb04-44c1-9710-daf026e5bb25/current/log_inprogress_0
2019-11-14 00:30:46,025 [372e322f-2795-4a67-ada4-08c58a2d79d7@group-70A6DC1FB3C5-SegmentedRaftLogWorker] INFO  segmented.SegmentedRaftLogWorker (SegmentedRaftLogWorker.java:execute(576)) - 372e322f-2795-4a67-ada4-08c58a2d79d7@group-70A6DC1FB3C5-SegmentedRaftLogWorker: created new log segment /workdir/hadoop-ozone/ozonefs/target/test-dir/MiniOzoneClusterImpl-e2e642c9-a982-4ec5-8d8a-1e30a3ea3417/datanode-1/data/ratis/10d3a47b-a7a7-41b0-8c08-70a6dc1fb3c5/current/log_inprogress_0
2019-11-14 00:30:46,025 [5ec3eda0-64f8-4658-bfd5-1d254d69c5ac@group-70A6DC1FB3C5-SegmentedRaftLogWorker] INFO  segmented.SegmentedRaftLogWorker (SegmentedRaftLogWorker.java:execute(576)) - 5ec3eda0-64f8-4658-bfd5-1d254d69c5ac@group-70A6DC1FB3C5-SegmentedRaftLogWorker: created new log segment /workdir/hadoop-ozone/ozonefs/target/test-dir/MiniOzoneClusterImpl-e2e642c9-a982-4ec5-8d8a-1e30a3ea3417/datanode-2/data/ratis/10d3a47b-a7a7-41b0-8c08-70a6dc1fb3c5/current/log_inprogress_0
2019-11-14 00:30:46,025 [28c37427-a0e8-441a-bbe9-fd5c5227817f@group-224A58ECAD4E-SegmentedRaftLogWorker] INFO  segmented.SegmentedRaftLogWorker (SegmentedRaftLogWorker.java:execute(576)) - 28c37427-a0e8-441a-bbe9-fd5c5227817f@group-224A58ECAD4E-SegmentedRaftLogWorker: created new log segment /workdir/hadoop-ozone/ozonefs/target/test-dir/MiniOzoneClusterImpl-e2e642c9-a982-4ec5-8d8a-1e30a3ea3417/datanode-0/data/ratis/7f9a8fb8-5702-49c4-ad76-224a58ecad4e/current/log_inprogress_0
2019-11-14 00:30:46,025 [5ec3eda0-64f8-4658-bfd5-1d254d69c5ac@group-224A58ECAD4E-SegmentedRaftLogWorker] INFO  segmented.SegmentedRaftLogWorker (SegmentedRaftLogWorker.java:execute(576)) - 5ec3eda0-64f8-4658-bfd5-1d254d69c5ac@group-224A58ECAD4E-SegmentedRaftLogWorker: created new log segment /workdir/hadoop-ozone/ozonefs/target/test-dir/MiniOzoneClusterImpl-e2e642c9-a982-4ec5-8d8a-1e30a3ea3417/datanode-2/data/ratis/7f9a8fb8-5702-49c4-ad76-224a58ecad4e/current/log_inprogress_0
2019-11-14 00:30:46,025 [372e322f-2795-4a67-ada4-08c58a2d79d7@group-DAF026E5BB25-SegmentedRaftLogWorker] WARN  segmented.SegmentedRaftLogOutputStream (SegmentedRaftLogOutputStream.java:<init>(77)) - Hit IOException while creating log segment /workdir/hadoop-ozone/ozonefs/target/test-dir/MiniOzoneClusterImpl-e2e642c9-a982-4ec5-8d8a-1e30a3ea3417/datanode-1/data/ratis/2deeed8d-bb04-44c1-9710-daf026e5bb25/current/log_inprogress_0, delete the partial file.
2019-11-14 00:30:46,025 [28c37427-a0e8-441a-bbe9-fd5c5227817f@group-DAF026E5BB25-SegmentedRaftLogWorker] WARN  segmented.SegmentedRaftLogOutputStream (SegmentedRaftLogOutputStream.java:<init>(77)) - Hit IOException while creating log segment /workdir/hadoop-ozone/ozonefs/target/test-dir/MiniOzoneClusterImpl-e2e642c9-a982-4ec5-8d8a-1e30a3ea3417/datanode-0/data/ratis/2deeed8d-bb04-44c1-9710-daf026e5bb25/current/log_inprogress_0, delete the partial file.
2019-11-14 00:30:46,031 [ForkJoinPool.commonPool-worker-1] INFO  segmented.SegmentedRaftLogWorker (SegmentedRaftLogWorker.java:close(224)) - 28c37427-a0e8-441a-bbe9-fd5c5227817f@group-DAF026E5BB25-SegmentedRaftLogWorker close()
2019-11-14 00:30:46,031 [Thread-646] INFO  segmented.SegmentedRaftLogWorker (SegmentedRaftLogWorker.java:close(224)) - 372e322f-2795-4a67-ada4-08c58a2d79d7@group-DAF026E5BB25-SegmentedRaftLogWorker close()
2019-11-14 00:30:46,033 [ForkJoinPool.commonPool-worker-1] INFO  impl.RaftServerImpl (RaftServerImpl.java:lambda$shutdown$3(250)) - 28c37427-a0e8-441a-bbe9-fd5c5227817f@group-59D6A62A010C: shutdown
2019-11-14 00:30:46,036 [Thread-646] INFO  impl.RaftServerImpl (RaftServerImpl.java:lambda$shutdown$3(250)) - 372e322f-2795-4a67-ada4-08c58a2d79d7@group-224A58ECAD4E: shutdown
2019-11-14 00:30:46,036 [ForkJoinPool.commonPool-worker-1] INFO  util.JmxRegister (JmxRegister.java:unregister(73)) - Successfully un-registered JMX Bean with object name Ratis:service=RaftServer,group=group-59D6A62A010C,id=28c37427-a0e8-441a-bbe9-fd5c5227817f
2019-11-14 00:30:46,036 [Thread-646] INFO  util.JmxRegister (JmxRegister.java:unregister(73)) - Successfully un-registered JMX Bean with object name Ratis:service=RaftServer,group=group-224A58ECAD4E,id=372e322f-2795-4a67-ada4-08c58a2d79d7
2019-11-14 00:30:46,036 [ForkJoinPool.commonPool-worker-1] INFO  impl.RoleInfo (RoleInfo.java:shutdownLeaderState(104)) - 28c37427-a0e8-441a-bbe9-fd5c5227817f: shutdown LeaderState
2019-11-14 00:30:46,037 [Thread-646] INFO  impl.RoleInfo (RoleInfo.java:shutdownLeaderState(104)) - 372e322f-2795-4a67-ada4-08c58a2d79d7: shutdown LeaderState
2019-11-14 00:30:46,037 [ForkJoinPool.commonPool-worker-1] INFO  impl.PendingRequests (PendingRequests.java:sendNotLeaderResponses(206)) - 28c37427-a0e8-441a-bbe9-fd5c5227817f@group-59D6A62A010C-PendingRequests: sendNotLeaderResponses
2019-11-14 00:30:46,038 [org.apache.ratis.server.impl.LogAppender$AppenderDaemon$$Lambda$470/292841860@7606d939] WARN  server.GrpcLogAppender (GrpcLogAppender.java:mayWait(151)) - 372e322f-2795-4a67-ada4-08c58a2d79d7@group-224A58ECAD4E->5ec3eda0-64f8-4658-bfd5-1d254d69c5ac-GrpcLogAppender: Wait interrupted by java.lang.InterruptedException
2019-11-14 00:30:46,039 [ForkJoinPool.commonPool-worker-1] INFO  impl.StateMachineUpdater (StateMachineUpdater.java:stopAndJoin(136)) - 28c37427-a0e8-441a-bbe9-fd5c5227817f@group-59D6A62A010C-StateMachineUpdater: set stopIndex = 0
2019-11-14 00:30:46,038 [Thread-646] INFO  impl.PendingRequests (PendingRequests.java:sendNotLeaderResponses(206)) - 372e322f-2795-4a67-ada4-08c58a2d79d7@group-224A58ECAD4E-PendingRequests: sendNotLeaderResponses
2019-11-14 00:30:46,039 [Thread-646] INFO  impl.StateMachineUpdater (StateMachineUpdater.java:stopAndJoin(136)) - 372e322f-2795-4a67-ada4-08c58a2d79d7@group-224A58ECAD4E-StateMachineUpdater: set stopIndex = 0
2019-11-14 00:30:46,038 [org.apache.ratis.server.impl.LogAppender$AppenderDaemon$$Lambda$470/292841860@3304599d] WARN  server.GrpcLogAppender (GrpcLogAppender.java:mayWait(151)) - 372e322f-2795-4a67-ada4-08c58a2d79d7@group-224A58ECAD4E->28c37427-a0e8-441a-bbe9-fd5c5227817f-GrpcLogAppender: Wait interrupted by java.lang.InterruptedException
2019-11-14 00:30:46,042 [grpc-default-executor-1] INFO  server.GrpcServerProtocolService (GrpcServerProtocolService.java:onCompleted(113)) - 5ec3eda0-64f8-4658-bfd5-1d254d69c5ac: Completed APPEND_ENTRIES, lastRequest: 372e322f-2795-4a67-ada4-08c58a2d79d7->5ec3eda0-64f8-4658-bfd5-1d254d69c5ac#1-t1, previous=(t:0, i:0), leaderCommit=-1, initializing? false, entries: size=1, first=(t:1, i:0), CONFIGURATIONENTRY
2019-11-14 00:30:46,042 [Thread-646] INFO  impl.RaftServerImpl (ServerState.java:close(387)) - 372e322f-2795-4a67-ada4-08c58a2d79d7@group-224A58ECAD4E: closes. applyIndex: 0
2019-11-14 00:30:46,042 [ForkJoinPool.commonPool-worker-1] INFO  impl.RaftServerImpl (ServerState.java:close(387)) - 28c37427-a0e8-441a-bbe9-fd5c5227817f@group-59D6A62A010C: closes. applyIndex: 0
2019-11-14 00:30:46,044 [372e322f-2795-4a67-ada4-08c58a2d79d7@group-224A58ECAD4E-SegmentedRaftLogWorker] INFO  segmented.SegmentedRaftLogWorker (SegmentedRaftLogWorker.java:run(316)) - 372e322f-2795-4a67-ada4-08c58a2d79d7@group-224A58ECAD4E-SegmentedRaftLogWorker was interrupted, exiting. There are 0 tasks remaining in the queue.
2019-11-14 00:30:46,044 [grpc-default-executor-1] INFO  server.GrpcServerProtocolService (GrpcServerProtocolService.java:onCompleted(113)) - 28c37427-a0e8-441a-bbe9-fd5c5227817f: Completed APPEND_ENTRIES, lastRequest: 372e322f-2795-4a67-ada4-08c58a2d79d7->28c37427-a0e8-441a-bbe9-fd5c5227817f#1-t1, previous=(t:0, i:0), leaderCommit=-1, initializing? false, entries: size=1, first=(t:1, i:0), CONFIGURATIONENTRY
2019-11-14 00:30:46,044 [grpc-default-executor-3] INFO  server.GrpcLogAppender (GrpcLogAppender.java:onCompleted(308)) - 372e322f-2795-4a67-ada4-08c58a2d79d7@group-224A58ECAD4E->5ec3eda0-64f8-4658-bfd5-1d254d69c5ac-AppendLogResponseHandler: follower responses appendEntries COMPLETED
2019-11-14 00:30:46,044 [28c37427-a0e8-441a-bbe9-fd5c5227817f@group-59D6A62A010C-SegmentedRaftLogWorker] INFO  segmented.SegmentedRaftLogWorker (SegmentedRaftLogWorker.java:run(316)) - 28c37427-a0e8-441a-bbe9-fd5c5227817f@group-59D6A62A010C-SegmentedRaftLogWorker was interrupted, exiting. There are 0 tasks remaining in the queue.
2019-11-14 00:30:46,049 [grpc-default-executor-3] INFO  impl.FollowerInfo (FollowerInfo.java:lambda$new$0(51)) - 372e322f-2795-4a67-ada4-08c58a2d79d7@group-224A58ECAD4E->5ec3eda0-64f8-4658-bfd5-1d254d69c5ac: nextIndex: updateUnconditionally 1 -> 0
2019-11-14 00:30:46,049 [grpc-default-executor-0] INFO  impl.FollowerInfo (FollowerInfo.java:lambda$new$0(51)) - 372e322f-2795-4a67-ada4-08c58a2d79d7@group-DAF026E5BB25->5ec3eda0-64f8-4658-bfd5-1d254d69c5ac: nextIndex: updateUnconditionally 1 -> 0
2019-11-14 00:30:46,049 [Thread-646] INFO  segmented.SegmentedRaftLogWorker (SegmentedRaftLogWorker.java:close(224)) - 372e322f-2795-4a67-ada4-08c58a2d79d7@group-224A58ECAD4E-SegmentedRaftLogWorker close()
2019-11-14 00:30:46,051 [grpc-default-executor-6] INFO  server.GrpcLogAppender (GrpcLogAppender.java:onCompleted(308)) - 372e322f-2795-4a67-ada4-08c58a2d79d7@group-224A58ECAD4E->28c37427-a0e8-441a-bbe9-fd5c5227817f-AppendLogResponseHandler: follower responses appendEntries COMPLETED
2019-11-14 00:30:46,051 [ForkJoinPool.commonPool-worker-1] INFO  segmented.SegmentedRaftLogWorker (SegmentedRaftLogWorker.java:close(224)) - 28c37427-a0e8-441a-bbe9-fd5c5227817f@group-59D6A62A010C-SegmentedRaftLogWorker close()
2019-11-14 00:30:46,052 [grpc-default-executor-6] INFO  impl.FollowerInfo (FollowerInfo.java:lambda$new$0(51)) - 372e322f-2795-4a67-ada4-08c58a2d79d7@group-224A58ECAD4E->28c37427-a0e8-441a-bbe9-fd5c5227817f: nextIndex: updateUnconditionally 1 -> 0
2019-11-14 00:30:46,052 [grpc-default-executor-2] INFO  impl.FollowerInfo (FollowerInfo.java:lambda$new$0(51)) - 372e322f-2795-4a67-ada4-08c58a2d79d7@group-DAF026E5BB25->28c37427-a0e8-441a-bbe9-fd5c5227817f: nextIndex: updateUnconditionally 1 -> 0
2019-11-14 00:30:46,052 [Thread-646] INFO  impl.RaftServerImpl (RaftServerImpl.java:lambda$shutdown$3(250)) - 372e322f-2795-4a67-ada4-08c58a2d79d7@group-70A6DC1FB3C5: shutdown
2019-11-14 00:30:46,053 [ForkJoinPool.commonPool-worker-1] INFO  impl.RaftServerImpl (RaftServerImpl.java:lambda$shutdown$3(250)) - 28c37427-a0e8-441a-bbe9-fd5c5227817f@group-224A58ECAD4E: shutdown
2019-11-14 00:30:46,053 [Thread-646] INFO  util.JmxRegister (JmxRegister.java:unregister(73)) - Successfully un-registered JMX Bean with object name Ratis:service=RaftServer,group=group-70A6DC1FB3C5,id=372e322f-2795-4a67-ada4-08c58a2d79d7
2019-11-14 00:30:46,053 [ForkJoinPool.commonPool-worker-1] INFO  util.JmxRegister (JmxRegister.java:unregister(73)) - Successfully un-registered JMX Bean with object name Ratis:service=RaftServer,group=group-224A58ECAD4E,id=28c37427-a0e8-441a-bbe9-fd5c5227817f
2019-11-14 00:30:46,054 [Thread-646] INFO  impl.RoleInfo (RoleInfo.java:shutdownFollowerState(121)) - 372e322f-2795-4a67-ada4-08c58a2d79d7: shutdown FollowerState
2019-11-14 00:30:46,054 [ForkJoinPool.commonPool-worker-1] INFO  impl.RoleInfo (RoleInfo.java:shutdownFollowerState(121)) - 28c37427-a0e8-441a-bbe9-fd5c5227817f: shutdown FollowerState
2019-11-14 00:30:46,054 [Thread-878] INFO  impl.FollowerState (FollowerState.java:run(120)) - 372e322f-2795-4a67-ada4-08c58a2d79d7@group-70A6DC1FB3C5-FollowerState was interrupted: java.lang.InterruptedException: sleep interrupted
2019-11-14 00:30:46,054 [Thread-646] INFO  impl.StateMachineUpdater (StateMachineUpdater.java:stopAndJoin(136)) - 372e322f-2795-4a67-ada4-08c58a2d79d7@group-70A6DC1FB3C5-StateMachineUpdater: set stopIndex = -1
2019-11-14 00:30:46,054 [Thread-874] INFO  impl.FollowerState (FollowerState.java:run(120)) - 28c37427-a0e8-441a-bbe9-fd5c5227817f@group-224A58ECAD4E-FollowerState was interrupted: java.lang.InterruptedException: sleep interrupted
2019-11-14 00:30:46,054 [ForkJoinPool.commonPool-worker-1] INFO  impl.StateMachineUpdater (StateMachineUpdater.java:stopAndJoin(136)) - 28c37427-a0e8-441a-bbe9-fd5c5227817f@group-224A58ECAD4E-StateMachineUpdater: set stopIndex = -1
2019-11-14 00:30:46,055 [Thread-646] INFO  impl.RaftServerImpl (ServerState.java:close(387)) - 372e322f-2795-4a67-ada4-08c58a2d79d7@group-70A6DC1FB3C5: closes. applyIndex: -1
2019-11-14 00:30:46,056 [ForkJoinPool.commonPool-worker-1] INFO  impl.RaftServerImpl (ServerState.java:close(387)) - 28c37427-a0e8-441a-bbe9-fd5c5227817f@group-224A58ECAD4E: closes. applyIndex: -1
2019-11-14 00:30:46,056 [372e322f-2795-4a67-ada4-08c58a2d79d7@group-70A6DC1FB3C5-SegmentedRaftLogWorker] INFO  segmented.SegmentedRaftLogWorker (SegmentedRaftLogWorker.java:run(316)) - 372e322f-2795-4a67-ada4-08c58a2d79d7@group-70A6DC1FB3C5-SegmentedRaftLogWorker was interrupted, exiting. There are 0 tasks remaining in the queue.
2019-11-14 00:30:46,057 [Thread-646] INFO  segmented.SegmentedRaftLogWorker (SegmentedRaftLogWorker.java:close(224)) - 372e322f-2795-4a67-ada4-08c58a2d79d7@group-70A6DC1FB3C5-SegmentedRaftLogWorker close()
2019-11-14 00:30:46,058 [Thread-646] INFO  server.GrpcService (GrpcService.java:closeImpl(164)) - 372e322f-2795-4a67-ada4-08c58a2d79d7: shutdown server with port 35553 now
2019-11-14 00:30:46,060 [Thread-646] INFO  server.GrpcService (GrpcService.java:closeImpl(172)) - 372e322f-2795-4a67-ada4-08c58a2d79d7: shutdown server with port 35553 successfully
2019-11-14 00:30:46,061 [grpc-default-executor-2] WARN  server.GrpcLogAppender (LogUtils.java:warn(134)) - 28c37427-a0e8-441a-bbe9-fd5c5227817f@group-70A6DC1FB3C5->372e322f-2795-4a67-ada4-08c58a2d79d7-AppendLogResponseHandler: Failed appendEntries: org.apache.ratis.thirdparty.io.grpc.StatusRuntimeException: CANCELLED: HTTP/2 error code: CANCEL
Received Rst Stream
2019-11-14 00:30:46,061 [grpc-default-executor-6] WARN  server.GrpcServerProtocolService (LogUtils.java:warn(134)) - 372e322f-2795-4a67-ada4-08c58a2d79d7: installSnapshot onError, lastRequest: 28c37427-a0e8-441a-bbe9-fd5c5227817f->372e322f-2795-4a67-ada4-08c58a2d79d7#1-t1, previous=(t:0, i:0), leaderCommit=-1, initializing? false, entries: size=1, first=(t:1, i:0), CONFIGURATIONENTRY: org.apache.ratis.thirdparty.io.grpc.StatusRuntimeException: CANCELLED: cancelled before receiving half close
2019-11-14 00:30:46,062 [grpc-default-executor-2] INFO  impl.FollowerInfo (FollowerInfo.java:lambda$new$0(51)) - 28c37427-a0e8-441a-bbe9-fd5c5227817f@group-70A6DC1FB3C5->372e322f-2795-4a67-ada4-08c58a2d79d7: nextIndex: updateUnconditionally 1 -> 0
2019-11-14 00:30:46,062 [refreshUsed-/workdir/hadoop-ozone/ozonefs/target/test-dir/MiniOzoneClusterImpl-e2e642c9-a982-4ec5-8d8a-1e30a3ea3417/datanode-1/data/containers] WARN  fs.CachingGetSpaceUsed (CachingGetSpaceUsed.java:run(183)) - Thread Interrupted waiting to refresh disk information: sleep interrupted
2019-11-14 00:30:46,083 [Thread-646] INFO  utils.BackgroundService (BackgroundService.java:shutdown(151)) - Shutting down service BlockDeletingService
2019-11-14 00:30:46,085 [Thread-646] INFO  statemachine.DatanodeStateMachine (DatanodeStateMachine.java:stopDaemon(395)) - Ozone container server stopped.
2019-11-14 00:30:46,086 [Thread-646] INFO  handler.ContextHandler (ContextHandler.java:doStop(910)) - Stopped o.e.j.w.WebAppContext@3950c8d4{/,null,UNAVAILABLE}{/hddsDatanode}
2019-11-14 00:30:46,087 [Thread-646] INFO  server.AbstractConnector (AbstractConnector.java:doStop(318)) - Stopped ServerConnector@6c4011f3{HTTP/1.1,[http/1.1]}{0.0.0.0:0}
2019-11-14 00:30:46,087 [Thread-646] INFO  handler.ContextHandler (ContextHandler.java:doStop(910)) - Stopped o.e.j.s.ServletContextHandler@57cddbb2{/static,jar:file:/home/user/.m2/repository/org/apache/hadoop/hadoop-hdds-container-service/0.5.0-SNAPSHOT/hadoop-hdds-container-service-0.5.0-SNAPSHOT.jar!/webapps/static,UNAVAILABLE}
2019-11-14 00:30:46,088 [Thread-646] INFO  handler.ContextHandler (ContextHandler.java:doStop(910)) - Stopped o.e.j.s.ServletContextHandler@1b315bf7{/logs,file:///workdir/hadoop-ozone/ozonefs/target/log,UNAVAILABLE}
2019-11-14 00:30:46,341 [Datanode State Machine Thread - 0] INFO  statemachine.DatanodeStateMachine (DatanodeStateMachine.java:lambda$startDaemon$0(350)) - Ozone container server started.
2019-11-14 00:30:46,435 [28c37427-a0e8-441a-bbe9-fd5c5227817f@group-224A58ECAD4E-SegmentedRaftLogWorker] INFO  segmented.SegmentedRaftLogWorker (SegmentedRaftLogWorker.java:run(323)) - 28c37427-a0e8-441a-bbe9-fd5c5227817f@group-224A58ECAD4E-SegmentedRaftLogWorker got closed and hit exception
java.lang.NullPointerException
	at org.apache.hadoop.hdds.protocol.proto.StorageContainerDatanodeProtocolProtos$ClosePipelineInfo$Builder.setDetailedReason(StorageContainerDatanodeProtocolProtos.java:22584)
	at org.apache.hadoop.ozone.container.common.transport.server.ratis.XceiverServerRatis.triggerPipelineClose(XceiverServerRatis.java:566)
	at org.apache.hadoop.ozone.container.common.transport.server.ratis.XceiverServerRatis.handleNodeLogFailure(XceiverServerRatis.java:665)
	at org.apache.hadoop.ozone.container.common.transport.server.ratis.ContainerStateMachine.notifyLogFailed(ContainerStateMachine.java:822)
	at org.apache.ratis.server.raftlog.segmented.SegmentedRaftLogWorker$WriteLog.failed(SegmentedRaftLogWorker.java:460)
	at org.apache.ratis.server.raftlog.segmented.SegmentedRaftLogWorker.run(SegmentedRaftLogWorker.java:300)
	at java.lang.Thread.run(Thread.java:748)
2019-11-14 00:30:46,435 [ForkJoinPool.commonPool-worker-1] INFO  segmented.SegmentedRaftLogWorker (SegmentedRaftLogWorker.java:close(224)) - 28c37427-a0e8-441a-bbe9-fd5c5227817f@group-224A58ECAD4E-SegmentedRaftLogWorker close()
2019-11-14 00:30:46,437 [ForkJoinPool.commonPool-worker-1] INFO  impl.RaftServerImpl (RaftServerImpl.java:lambda$shutdown$3(250)) - 28c37427-a0e8-441a-bbe9-fd5c5227817f@group-70A6DC1FB3C5: shutdown
2019-11-14 00:30:46,437 [ForkJoinPool.commonPool-worker-1] INFO  util.JmxRegister (JmxRegister.java:unregister(73)) - Successfully un-registered JMX Bean with object name Ratis:service=RaftServer,group=group-70A6DC1FB3C5,id=28c37427-a0e8-441a-bbe9-fd5c5227817f
2019-11-14 00:30:46,438 [ForkJoinPool.commonPool-worker-1] INFO  impl.RoleInfo (RoleInfo.java:shutdownLeaderState(104)) - 28c37427-a0e8-441a-bbe9-fd5c5227817f: shutdown LeaderState
2019-11-14 00:30:46,439 [org.apache.ratis.server.impl.LogAppender$AppenderDaemon$$Lambda$470/292841860@61e64305] WARN  server.GrpcLogAppender (GrpcLogAppender.java:mayWait(151)) - 28c37427-a0e8-441a-bbe9-fd5c5227817f@group-70A6DC1FB3C5->5ec3eda0-64f8-4658-bfd5-1d254d69c5ac-GrpcLogAppender: Wait interrupted by java.lang.InterruptedException
2019-11-14 00:30:46,439 [ForkJoinPool.commonPool-worker-1] INFO  impl.PendingRequests (PendingRequests.java:sendNotLeaderResponses(206)) - 28c37427-a0e8-441a-bbe9-fd5c5227817f@group-70A6DC1FB3C5-PendingRequests: sendNotLeaderResponses
2019-11-14 00:30:46,439 [org.apache.ratis.server.impl.LogAppender$AppenderDaemon$$Lambda$470/292841860@24e4d15d] WARN  server.GrpcLogAppender (GrpcLogAppender.java:mayWait(151)) - 28c37427-a0e8-441a-bbe9-fd5c5227817f@group-70A6DC1FB3C5->372e322f-2795-4a67-ada4-08c58a2d79d7-GrpcLogAppender: Wait interrupted by java.lang.InterruptedException
2019-11-14 00:30:46,440 [ForkJoinPool.commonPool-worker-1] INFO  impl.StateMachineUpdater (StateMachineUpdater.java:stopAndJoin(136)) - 28c37427-a0e8-441a-bbe9-fd5c5227817f@group-70A6DC1FB3C5-StateMachineUpdater: set stopIndex = 0
2019-11-14 00:30:46,441 [ForkJoinPool.commonPool-worker-1] INFO  impl.RaftServerImpl (ServerState.java:close(387)) - 28c37427-a0e8-441a-bbe9-fd5c5227817f@group-70A6DC1FB3C5: closes. applyIndex: 0
2019-11-14 00:30:46,441 [grpc-default-executor-6] INFO  server.GrpcServerProtocolService (GrpcServerProtocolService.java:onCompleted(113)) - 5ec3eda0-64f8-4658-bfd5-1d254d69c5ac: Completed APPEND_ENTRIES, lastRequest: 28c37427-a0e8-441a-bbe9-fd5c5227817f->5ec3eda0-64f8-4658-bfd5-1d254d69c5ac#1-t1, previous=(t:0, i:0), leaderCommit=-1, initializing? false, entries: size=1, first=(t:1, i:0), CONFIGURATIONENTRY
2019-11-14 00:30:46,441 [28c37427-a0e8-441a-bbe9-fd5c5227817f@group-70A6DC1FB3C5-SegmentedRaftLogWorker] INFO  segmented.SegmentedRaftLogWorker (SegmentedRaftLogWorker.java:run(316)) - 28c37427-a0e8-441a-bbe9-fd5c5227817f@group-70A6DC1FB3C5-SegmentedRaftLogWorker was interrupted, exiting. There are 0 tasks remaining in the queue.
2019-11-14 00:30:46,442 [ForkJoinPool.commonPool-worker-1] INFO  segmented.SegmentedRaftLogWorker (SegmentedRaftLogWorker.java:close(224)) - 28c37427-a0e8-441a-bbe9-fd5c5227817f@group-70A6DC1FB3C5-SegmentedRaftLogWorker close()
2019-11-14 00:30:46,444 [ForkJoinPool.commonPool-worker-1] INFO  server.GrpcService (GrpcService.java:closeImpl(164)) - 28c37427-a0e8-441a-bbe9-fd5c5227817f: shutdown server with port 34423 now
2019-11-14 00:30:46,444 [grpc-default-executor-6] INFO  server.GrpcLogAppender (GrpcLogAppender.java:onCompleted(308)) - 28c37427-a0e8-441a-bbe9-fd5c5227817f@group-70A6DC1FB3C5->5ec3eda0-64f8-4658-bfd5-1d254d69c5ac-AppendLogResponseHandler: follower responses appendEntries COMPLETED
2019-11-14 00:30:46,445 [grpc-default-executor-6] INFO  impl.FollowerInfo (FollowerInfo.java:lambda$new$0(51)) - 28c37427-a0e8-441a-bbe9-fd5c5227817f@group-70A6DC1FB3C5->5ec3eda0-64f8-4658-bfd5-1d254d69c5ac: nextIndex: updateUnconditionally 1 -> 0
2019-11-14 00:30:46,447 [ForkJoinPool.commonPool-worker-1] INFO  server.GrpcService (GrpcService.java:closeImpl(172)) - 28c37427-a0e8-441a-bbe9-fd5c5227817f: shutdown server with port 34423 successfully
2019-11-14 00:30:46,449 [refreshUsed-/workdir/hadoop-ozone/ozonefs/target/test-dir/MiniOzoneClusterImpl-e2e642c9-a982-4ec5-8d8a-1e30a3ea3417/datanode-0/data/containers] WARN  fs.CachingGetSpaceUsed (CachingGetSpaceUsed.java:run(183)) - Thread Interrupted waiting to refresh disk information: sleep interrupted
2019-11-14 00:30:46,660 [ForkJoinPool.commonPool-worker-1] INFO  utils.BackgroundService (BackgroundService.java:shutdown(151)) - Shutting down service BlockDeletingService
2019-11-14 00:30:46,662 [ForkJoinPool.commonPool-worker-1] INFO  statemachine.DatanodeStateMachine (DatanodeStateMachine.java:stopDaemon(395)) - Ozone container server stopped.
2019-11-14 00:30:46,665 [ForkJoinPool.commonPool-worker-1] INFO  handler.ContextHandler (ContextHandler.java:doStop(910)) - Stopped o.e.j.w.WebAppContext@5a70b456{/,null,UNAVAILABLE}{/hddsDatanode}
2019-11-14 00:30:46,666 [ForkJoinPool.commonPool-worker-1] INFO  server.AbstractConnector (AbstractConnector.java:doStop(318)) - Stopped ServerConnector@29143236{HTTP/1.1,[http/1.1]}{0.0.0.0:0}
2019-11-14 00:30:46,667 [ForkJoinPool.commonPool-worker-1] INFO  handler.ContextHandler (ContextHandler.java:doStop(910)) - Stopped o.e.j.s.ServletContextHandler@637c8d86{/static,jar:file:/home/user/.m2/repository/org/apache/hadoop/hadoop-hdds-container-service/0.5.0-SNAPSHOT/hadoop-hdds-container-service-0.5.0-SNAPSHOT.jar!/webapps/static,UNAVAILABLE}
2019-11-14 00:30:46,667 [ForkJoinPool.commonPool-worker-1] INFO  handler.ContextHandler (ContextHandler.java:doStop(910)) - Stopped o.e.j.s.ServletContextHandler@24aec260{/logs,file:///workdir/hadoop-ozone/ozonefs/target/log,UNAVAILABLE}
2019-11-14 00:30:48,811 [Thread-854] INFO  impl.FollowerState (FollowerState.java:run(111)) - 5ec3eda0-64f8-4658-bfd5-1d254d69c5ac@group-406905859BFC-FollowerState: change to CANDIDATE, lastRpcTime:5139ms, electionTimeout:5139ms
2019-11-14 00:30:48,812 [Thread-854] INFO  impl.RoleInfo (RoleInfo.java:shutdownFollowerState(121)) - 5ec3eda0-64f8-4658-bfd5-1d254d69c5ac: shutdown FollowerState
2019-11-14 00:30:48,812 [Thread-854] INFO  impl.RaftServerImpl (RaftServerImpl.java:setRole(173)) - 5ec3eda0-64f8-4658-bfd5-1d254d69c5ac@group-406905859BFC: changes role from  FOLLOWER to CANDIDATE at term 0 for changeToCandidate
2019-11-14 00:30:48,812 [Thread-854] INFO  impl.RoleInfo (RoleInfo.java:updateAndGet(143)) - 5ec3eda0-64f8-4658-bfd5-1d254d69c5ac: start LeaderElection
2019-11-14 00:30:49,365 [5ec3eda0-64f8-4658-bfd5-1d254d69c5ac@group-406905859BFC-LeaderElection21] INFO  impl.LeaderElection (LeaderElection.java:askForVotes(178)) - 5ec3eda0-64f8-4658-bfd5-1d254d69c5ac@group-406905859BFC-LeaderElection21: begin an election at term 1 for -1: [5ec3eda0-64f8-4658-bfd5-1d254d69c5ac:192.168.69.66:40315], old=null
2019-11-14 00:30:49,365 [5ec3eda0-64f8-4658-bfd5-1d254d69c5ac@group-406905859BFC-LeaderElection21] INFO  impl.RoleInfo (RoleInfo.java:shutdownLeaderElection(134)) - 5ec3eda0-64f8-4658-bfd5-1d254d69c5ac: shutdown LeaderElection
2019-11-14 00:30:49,365 [5ec3eda0-64f8-4658-bfd5-1d254d69c5ac@group-406905859BFC-LeaderElection21] INFO  impl.RaftServerImpl (RaftServerImpl.java:setRole(173)) - 5ec3eda0-64f8-4658-bfd5-1d254d69c5ac@group-406905859BFC: changes role from CANDIDATE to LEADER at term 1 for changeToLeader
2019-11-14 00:30:49,366 [5ec3eda0-64f8-4658-bfd5-1d254d69c5ac@group-406905859BFC-LeaderElection21] INFO  impl.RaftServerImpl (ServerState.java:setLeader(255)) - 5ec3eda0-64f8-4658-bfd5-1d254d69c5ac@group-406905859BFC: change Leader from null to 5ec3eda0-64f8-4658-bfd5-1d254d69c5ac at term 1 for becomeLeader, leader elected after 10394ms
2019-11-14 00:30:49,366 [5ec3eda0-64f8-4658-bfd5-1d254d69c5ac@group-406905859BFC-LeaderElection21] INFO  server.RaftServerConfigKeys (ConfUtils.java:logGet(43)) - raft.server.staging.catchup.gap = 1000 (default)
2019-11-14 00:30:49,366 [5ec3eda0-64f8-4658-bfd5-1d254d69c5ac@group-406905859BFC-LeaderElection21] INFO  server.RaftServerConfigKeys (ConfUtils.java:logGet(43)) - raft.server.rpc.sleep.time = 25ms (default)
2019-11-14 00:30:49,366 [5ec3eda0-64f8-4658-bfd5-1d254d69c5ac@group-406905859BFC-LeaderElection21] INFO  server.RaftServerConfigKeys (ConfUtils.java:logGet(43)) - raft.server.write.element-limit = 4096 (default)
2019-11-14 00:30:49,367 [5ec3eda0-64f8-4658-bfd5-1d254d69c5ac@group-406905859BFC-LeaderElection21] INFO  server.RaftServerConfigKeys (ConfUtils.java:logGet(43)) - raft.server.watch.timeout = 10s (default)
2019-11-14 00:30:49,367 [5ec3eda0-64f8-4658-bfd5-1d254d69c5ac@group-406905859BFC-LeaderElection21] INFO  server.RaftServerConfigKeys (ConfUtils.java:logGet(43)) - raft.server.watch.timeout.denomination = 1s (default)
2019-11-14 00:30:49,367 [5ec3eda0-64f8-4658-bfd5-1d254d69c5ac@group-406905859BFC-LeaderElection21] INFO  server.RaftServerConfigKeys (ConfUtils.java:logGet(43)) - raft.server.watch.element-limit = 65536 (default)
2019-11-14 00:30:49,367 [5ec3eda0-64f8-4658-bfd5-1d254d69c5ac@group-406905859BFC-LeaderElection21] INFO  impl.RoleInfo (RoleInfo.java:updateAndGet(143)) - 5ec3eda0-64f8-4658-bfd5-1d254d69c5ac: start LeaderState
2019-11-14 00:30:49,368 [5ec3eda0-64f8-4658-bfd5-1d254d69c5ac@group-406905859BFC-LeaderElection21] INFO  segmented.SegmentedRaftLogWorker (SegmentedRaftLogWorker.java:startLogSegment(385)) - 5ec3eda0-64f8-4658-bfd5-1d254d69c5ac@group-406905859BFC-SegmentedRaftLogWorker: Starting segment from index:0
2019-11-14 00:30:49,369 [5ec3eda0-64f8-4658-bfd5-1d254d69c5ac@group-406905859BFC-LeaderElection21] INFO  impl.RaftServerImpl (ServerState.java:setRaftConf(356)) - 5ec3eda0-64f8-4658-bfd5-1d254d69c5ac@group-406905859BFC: set configuration 0: [5ec3eda0-64f8-4658-bfd5-1d254d69c5ac:192.168.69.66:40315], old=null at 0
2019-11-14 00:30:49,427 [5ec3eda0-64f8-4658-bfd5-1d254d69c5ac@group-406905859BFC-SegmentedRaftLogWorker] INFO  segmented.SegmentedRaftLogWorker (SegmentedRaftLogWorker.java:execute(576)) - 5ec3eda0-64f8-4658-bfd5-1d254d69c5ac@group-406905859BFC-SegmentedRaftLogWorker: created new log segment /workdir/hadoop-ozone/ozonefs/target/test-dir/MiniOzoneClusterImpl-e2e642c9-a982-4ec5-8d8a-1e30a3ea3417/datanode-2/data/ratis/fea7f55f-8d0b-4f16-bb22-406905859bfc/current/log_inprogress_0
2019-11-14 00:30:51,089 [Thread-646] INFO  ozoneimpl.OzoneContainer (OzoneContainer.java:stop(232)) - Attempting to stop container services.
2019-11-14 00:30:51,090 [Thread-646] INFO  impl.RaftServerProxy (RaftServerProxy.java:lambda$close$4(314)) - 5ec3eda0-64f8-4658-bfd5-1d254d69c5ac: close
2019-11-14 00:30:51,090 [Thread-646] INFO  impl.RaftServerImpl (RaftServerImpl.java:lambda$shutdown$3(250)) - 5ec3eda0-64f8-4658-bfd5-1d254d69c5ac@group-DAF026E5BB25: shutdown
2019-11-14 00:30:51,090 [Thread-646] INFO  util.JmxRegister (JmxRegister.java:unregister(73)) - Successfully un-registered JMX Bean with object name Ratis:service=RaftServer,group=group-DAF026E5BB25,id=5ec3eda0-64f8-4658-bfd5-1d254d69c5ac
2019-11-14 00:30:51,090 [ForkJoinPool.commonPool-worker-0] INFO  impl.RaftServerImpl (RaftServerImpl.java:lambda$shutdown$3(250)) - 5ec3eda0-64f8-4658-bfd5-1d254d69c5ac@group-224A58ECAD4E: shutdown
2019-11-14 00:30:51,090 [Thread-646] INFO  impl.RoleInfo (RoleInfo.java:shutdownFollowerState(121)) - 5ec3eda0-64f8-4658-bfd5-1d254d69c5ac: shutdown FollowerState
2019-11-14 00:30:51,091 [ForkJoinPool.commonPool-worker-0] INFO  util.JmxRegister (JmxRegister.java:unregister(73)) - Successfully un-registered JMX Bean with object name Ratis:service=RaftServer,group=group-224A58ECAD4E,id=5ec3eda0-64f8-4658-bfd5-1d254d69c5ac
2019-11-14 00:30:51,091 [Thread-646] INFO  impl.StateMachineUpdater (StateMachineUpdater.java:stopAndJoin(136)) - 5ec3eda0-64f8-4658-bfd5-1d254d69c5ac@group-DAF026E5BB25-StateMachineUpdater: set stopIndex = -1
2019-11-14 00:30:51,091 [Thread-646] INFO  impl.RaftServerImpl (ServerState.java:close(387)) - 5ec3eda0-64f8-4658-bfd5-1d254d69c5ac@group-DAF026E5BB25: closes. applyIndex: -1
2019-11-14 00:30:51,091 [ForkJoinPool.commonPool-worker-0] INFO  impl.RoleInfo (RoleInfo.java:shutdownFollowerState(121)) - 5ec3eda0-64f8-4658-bfd5-1d254d69c5ac: shutdown FollowerState
2019-11-14 00:30:51,091 [Thread-875] INFO  impl.FollowerState (FollowerState.java:run(120)) - 5ec3eda0-64f8-4658-bfd5-1d254d69c5ac@group-DAF026E5BB25-FollowerState was interrupted: java.lang.InterruptedException: sleep interrupted
2019-11-14 00:30:51,091 [Thread-876] INFO  impl.FollowerState (FollowerState.java:run(120)) - 5ec3eda0-64f8-4658-bfd5-1d254d69c5ac@group-224A58ECAD4E-FollowerState was interrupted: java.lang.InterruptedException: sleep interrupted
2019-11-14 00:30:51,091 [ForkJoinPool.commonPool-worker-0] INFO  impl.StateMachineUpdater (StateMachineUpdater.java:stopAndJoin(136)) - 5ec3eda0-64f8-4658-bfd5-1d254d69c5ac@group-224A58ECAD4E-StateMachineUpdater: set stopIndex = -1
2019-11-14 00:30:51,093 [ForkJoinPool.commonPool-worker-0] INFO  impl.RaftServerImpl (ServerState.java:close(387)) - 5ec3eda0-64f8-4658-bfd5-1d254d69c5ac@group-224A58ECAD4E: closes. applyIndex: -1
2019-11-14 00:30:51,091 [5ec3eda0-64f8-4658-bfd5-1d254d69c5ac@group-DAF026E5BB25-SegmentedRaftLogWorker] INFO  segmented.SegmentedRaftLogWorker (SegmentedRaftLogWorker.java:run(316)) - 5ec3eda0-64f8-4658-bfd5-1d254d69c5ac@group-DAF026E5BB25-SegmentedRaftLogWorker was interrupted, exiting. There are 0 tasks remaining in the queue.
2019-11-14 00:30:51,094 [5ec3eda0-64f8-4658-bfd5-1d254d69c5ac@group-224A58ECAD4E-SegmentedRaftLogWorker] INFO  segmented.SegmentedRaftLogWorker (SegmentedRaftLogWorker.java:run(316)) - 5ec3eda0-64f8-4658-bfd5-1d254d69c5ac@group-224A58ECAD4E-SegmentedRaftLogWorker was interrupted, exiting. There are 0 tasks remaining in the queue.
2019-11-14 00:30:51,094 [Thread-646] INFO  segmented.SegmentedRaftLogWorker (SegmentedRaftLogWorker.java:close(224)) - 5ec3eda0-64f8-4658-bfd5-1d254d69c5ac@group-DAF026E5BB25-SegmentedRaftLogWorker close()
2019-11-14 00:30:51,095 [ForkJoinPool.commonPool-worker-0] INFO  segmented.SegmentedRaftLogWorker (SegmentedRaftLogWorker.java:close(224)) - 5ec3eda0-64f8-4658-bfd5-1d254d69c5ac@group-224A58ECAD4E-SegmentedRaftLogWorker close()
2019-11-14 00:30:51,095 [Thread-646] INFO  impl.RaftServerImpl (RaftServerImpl.java:lambda$shutdown$3(250)) - 5ec3eda0-64f8-4658-bfd5-1d254d69c5ac@group-406905859BFC: shutdown
2019-11-14 00:30:51,096 [ForkJoinPool.commonPool-worker-0] INFO  impl.RaftServerImpl (RaftServerImpl.java:lambda$shutdown$3(250)) - 5ec3eda0-64f8-4658-bfd5-1d254d69c5ac@group-70A6DC1FB3C5: shutdown
2019-11-14 00:30:51,096 [Thread-646] INFO  util.JmxRegister (JmxRegister.java:unregister(73)) - Successfully un-registered JMX Bean with object name Ratis:service=RaftServer,group=group-406905859BFC,id=5ec3eda0-64f8-4658-bfd5-1d254d69c5ac
2019-11-14 00:30:51,096 [ForkJoinPool.commonPool-worker-0] INFO  util.JmxRegister (JmxRegister.java:unregister(73)) - Successfully un-registered JMX Bean with object name Ratis:service=RaftServer,group=group-70A6DC1FB3C5,id=5ec3eda0-64f8-4658-bfd5-1d254d69c5ac
2019-11-14 00:30:51,097 [Thread-646] INFO  impl.RoleInfo (RoleInfo.java:shutdownLeaderState(104)) - 5ec3eda0-64f8-4658-bfd5-1d254d69c5ac: shutdown LeaderState
2019-11-14 00:30:51,097 [ForkJoinPool.commonPool-worker-0] INFO  impl.RoleInfo (RoleInfo.java:shutdownFollowerState(121)) - 5ec3eda0-64f8-4658-bfd5-1d254d69c5ac: shutdown FollowerState
2019-11-14 00:30:51,097 [Thread-646] INFO  impl.PendingRequests (PendingRequests.java:sendNotLeaderResponses(206)) - 5ec3eda0-64f8-4658-bfd5-1d254d69c5ac@group-406905859BFC-PendingRequests: sendNotLeaderResponses
2019-11-14 00:30:51,097 [Thread-873] INFO  impl.FollowerState (FollowerState.java:run(120)) - 5ec3eda0-64f8-4658-bfd5-1d254d69c5ac@group-70A6DC1FB3C5-FollowerState was interrupted: java.lang.InterruptedException: sleep interrupted
2019-11-14 00:30:51,097 [ForkJoinPool.commonPool-worker-0] INFO  impl.StateMachineUpdater (StateMachineUpdater.java:stopAndJoin(136)) - 5ec3eda0-64f8-4658-bfd5-1d254d69c5ac@group-70A6DC1FB3C5-StateMachineUpdater: set stopIndex = -1
2019-11-14 00:30:51,098 [Thread-646] INFO  impl.StateMachineUpdater (StateMachineUpdater.java:stopAndJoin(136)) - 5ec3eda0-64f8-4658-bfd5-1d254d69c5ac@group-406905859BFC-StateMachineUpdater: set stopIndex = 0
2019-11-14 00:30:51,098 [Thread-646] INFO  impl.RaftServerImpl (ServerState.java:close(387)) - 5ec3eda0-64f8-4658-bfd5-1d254d69c5ac@group-406905859BFC: closes. applyIndex: 0
2019-11-14 00:30:51,098 [ForkJoinPool.commonPool-worker-0] INFO  impl.RaftServerImpl (ServerState.java:close(387)) - 5ec3eda0-64f8-4658-bfd5-1d254d69c5ac@group-70A6DC1FB3C5: closes. applyIndex: -1
2019-11-14 00:30:51,099 [5ec3eda0-64f8-4658-bfd5-1d254d69c5ac@group-406905859BFC-SegmentedRaftLogWorker] INFO  segmented.SegmentedRaftLogWorker (SegmentedRaftLogWorker.java:run(316)) - 5ec3eda0-64f8-4658-bfd5-1d254d69c5ac@group-406905859BFC-SegmentedRaftLogWorker was interrupted, exiting. There are 0 tasks remaining in the queue.
2019-11-14 00:30:51,099 [5ec3eda0-64f8-4658-bfd5-1d254d69c5ac@group-70A6DC1FB3C5-SegmentedRaftLogWorker] INFO  segmented.SegmentedRaftLogWorker (SegmentedRaftLogWorker.java:run(316)) - 5ec3eda0-64f8-4658-bfd5-1d254d69c5ac@group-70A6DC1FB3C5-SegmentedRaftLogWorker was interrupted, exiting. There are 0 tasks remaining in the queue.
2019-11-14 00:30:51,103 [Thread-646] INFO  segmented.SegmentedRaftLogWorker (SegmentedRaftLogWorker.java:close(224)) - 5ec3eda0-64f8-4658-bfd5-1d254d69c5ac@group-406905859BFC-SegmentedRaftLogWorker close()
2019-11-14 00:30:51,104 [ForkJoinPool.commonPool-worker-0] INFO  segmented.SegmentedRaftLogWorker (SegmentedRaftLogWorker.java:close(224)) - 5ec3eda0-64f8-4658-bfd5-1d254d69c5ac@group-70A6DC1FB3C5-SegmentedRaftLogWorker close()
2019-11-14 00:30:51,104 [Thread-646] INFO  server.GrpcService (GrpcService.java:closeImpl(164)) - 5ec3eda0-64f8-4658-bfd5-1d254d69c5ac: shutdown server with port 40315 now
2019-11-14 00:30:51,104 [Thread-646] INFO  server.GrpcService (GrpcService.java:closeImpl(172)) - 5ec3eda0-64f8-4658-bfd5-1d254d69c5ac: shutdown server with port 40315 successfully
2019-11-14 00:30:51,109 [refreshUsed-/workdir/hadoop-ozone/ozonefs/target/test-dir/MiniOzoneClusterImpl-e2e642c9-a982-4ec5-8d8a-1e30a3ea3417/datanode-2/data/containers] WARN  fs.CachingGetSpaceUsed (CachingGetSpaceUsed.java:run(183)) - Thread Interrupted waiting to refresh disk information: sleep interrupted
2019-11-14 00:30:51,129 [Thread-646] INFO  utils.BackgroundService (BackgroundService.java:shutdown(151)) - Shutting down service BlockDeletingService
2019-11-14 00:30:51,132 [Thread-646] INFO  statemachine.DatanodeStateMachine (DatanodeStateMachine.java:stopDaemon(395)) - Ozone container server stopped.
2019-11-14 00:30:51,133 [Thread-646] INFO  handler.ContextHandler (ContextHandler.java:doStop(910)) - Stopped o.e.j.w.WebAppContext@4cf8a631{/,null,UNAVAILABLE}{/hddsDatanode}
2019-11-14 00:30:51,133 [Thread-646] INFO  server.AbstractConnector (AbstractConnector.java:doStop(318)) - Stopped ServerConnector@6517a8d9{HTTP/1.1,[http/1.1]}{0.0.0.0:0}
2019-11-14 00:30:51,134 [Thread-646] INFO  handler.ContextHandler (ContextHandler.java:doStop(910)) - Stopped o.e.j.s.ServletContextHandler@645858d4{/static,jar:file:/home/user/.m2/repository/org/apache/hadoop/hadoop-hdds-container-service/0.5.0-SNAPSHOT/hadoop-hdds-container-service-0.5.0-SNAPSHOT.jar!/webapps/static,UNAVAILABLE}
2019-11-14 00:30:51,134 [Thread-646] INFO  handler.ContextHandler (ContextHandler.java:doStop(910)) - Stopped o.e.j.s.ServletContextHandler@3c80efcb{/logs,file:///workdir/hadoop-ozone/ozonefs/target/log,UNAVAILABLE}
2019-11-14 00:30:51,135 [Thread-646] INFO  ozone.MiniOzoneClusterImpl (MiniOzoneClusterImpl.java:stopSCM(392)) - Stopping the StorageContainerManager
2019-11-14 00:30:51,135 [Thread-646] INFO  server.StorageContainerManager (StorageContainerManager.java:stop(802)) - Stopping Replication Manager Service.
2019-11-14 00:30:51,135 [Thread-646] INFO  container.ReplicationManager (ReplicationManager.java:stop(203)) - Stopping Replication Monitor Thread.
2019-11-14 00:30:51,135 [Thread-646] INFO  server.StorageContainerManager (StorageContainerManager.java:stop(809)) - Stopping Lease Manager of the command watchers
2019-11-14 00:30:51,135 [Thread-646] INFO  server.StorageContainerManager (StorageContainerManager.java:stop(816)) - Stopping datanode service RPC server
2019-11-14 00:30:51,135 [Thread-646] INFO  server.SCMDatanodeProtocolServer (SCMDatanodeProtocolServer.java:stop(346)) - Stopping the RPC server for DataNodes
2019-11-14 00:30:51,135 [Thread-646] INFO  ipc.Server (Server.java:stop(3082)) - Stopping server on 39906
2019-11-14 00:30:51,136 [IPC Server listener on 39906] INFO  ipc.Server (Server.java:run(1185)) - Stopping IPC Server listener on 39906
2019-11-14 00:30:51,137 [IPC Server Responder] INFO  ipc.Server (Server.java:run(1319)) - Stopping IPC Server Responder
2019-11-14 00:30:51,147 [SCM Heartbeat Processing Thread - 0] WARN  node.NodeStateManager (NodeStateManager.java:scheduleNextHealthCheck(646)) - Current Thread is interrupted, shutting down HB processing thread for Node Manager.
2019-11-14 00:30:51,148 [Thread-646] INFO  server.StorageContainerManager (StorageContainerManager.java:stop(824)) - Stopping block service RPC server
2019-11-14 00:30:51,148 [Thread-646] INFO  server.SCMBlockProtocolServer (SCMBlockProtocolServer.java:stop(155)) - Stopping the RPC server for Block Protocol
2019-11-14 00:30:51,148 [Thread-646] INFO  ipc.Server (Server.java:stop(3082)) - Stopping server on 43997
2019-11-14 00:30:51,149 [IPC Server listener on 43997] INFO  ipc.Server (Server.java:run(1185)) - Stopping IPC Server listener on 43997
2019-11-14 00:30:51,149 [Thread-646] INFO  server.StorageContainerManager (StorageContainerManager.java:stop(831)) - Stopping the StorageContainerLocationProtocol RPC server
2019-11-14 00:30:51,149 [IPC Server Responder] INFO  ipc.Server (Server.java:run(1319)) - Stopping IPC Server Responder
2019-11-14 00:30:51,150 [Thread-646] INFO  server.SCMClientProtocolServer (SCMClientProtocolServer.java:stop(168)) - Stopping the RPC server for Client Protocol
2019-11-14 00:30:51,150 [Thread-646] INFO  ipc.Server (Server.java:stop(3082)) - Stopping server on 41282
2019-11-14 00:30:51,151 [IPC Server listener on 41282] INFO  ipc.Server (Server.java:run(1185)) - Stopping IPC Server listener on 41282
2019-11-14 00:30:51,151 [Thread-646] INFO  server.StorageContainerManager (StorageContainerManager.java:stop(838)) - Stopping Storage Container Manager HTTP server.
2019-11-14 00:30:51,151 [IPC Server Responder] INFO  ipc.Server (Server.java:run(1319)) - Stopping IPC Server Responder
2019-11-14 00:30:51,153 [Thread-646] INFO  handler.ContextHandler (ContextHandler.java:doStop(910)) - Stopped o.e.j.w.WebAppContext@557fdf1f{/,null,UNAVAILABLE}{/scm}
2019-11-14 00:30:51,154 [Thread-646] INFO  server.AbstractConnector (AbstractConnector.java:doStop(318)) - Stopped ServerConnector@6daa7e05{HTTP/1.1,[http/1.1]}{0.0.0.0:0}
2019-11-14 00:30:51,154 [Thread-646] INFO  handler.ContextHandler (ContextHandler.java:doStop(910)) - Stopped o.e.j.s.ServletContextHandler@9b05bdf{/static,jar:file:/home/user/.m2/repository/org/apache/hadoop/hadoop-hdds-server-scm/0.5.0-SNAPSHOT/hadoop-hdds-server-scm-0.5.0-SNAPSHOT.jar!/webapps/static,UNAVAILABLE}
2019-11-14 00:30:51,154 [Thread-646] INFO  handler.ContextHandler (ContextHandler.java:doStop(910)) - Stopped o.e.j.s.ServletContextHandler@64818327{/logs,file:///workdir/hadoop-ozone/ozonefs/target/log,UNAVAILABLE}
2019-11-14 00:30:51,155 [Thread-646] INFO  server.StorageContainerManager (StorageContainerManager.java:stop(849)) - Stopping Block Manager Service.
2019-11-14 00:30:51,155 [Thread-646] INFO  utils.BackgroundService (BackgroundService.java:shutdown(151)) - Shutting down service SCMBlockDeletingService
2019-11-14 00:30:51,155 [Thread-646] INFO  utils.BackgroundService (BackgroundService.java:shutdown(151)) - Shutting down service SCMBlockDeletingService
2019-11-14 00:30:51,156 [Thread-646] INFO  server.StorageContainerManager (StorageContainerManager.java:stop(871)) - Stopping SCM Event Queue.
2019-11-14 00:30:51,159 [Thread-646] INFO  impl.MetricsSystemImpl (MetricsSystemImpl.java:stop(210)) - Stopping HddsDatanode metrics system...
2019-11-14 00:30:51,164 [Thread-646] INFO  impl.MetricsSystemImpl (MetricsSystemImpl.java:stop(216)) - HddsDatanode metrics system stopped.
]]></system-out>
    <system-err><![CDATA[Nov 14, 2019 12:30:46 AM org.apache.ratis.thirdparty.io.grpc.internal.SerializingExecutor run
SEVERE: Exception while executing runnable org.apache.ratis.thirdparty.io.grpc.internal.ServerImpl$JumpToApplicationThreadServerStreamListener$1Closed@5a07f279
org.apache.ratis.thirdparty.io.grpc.StatusRuntimeException: CANCELLED: call already cancelled
	at org.apache.ratis.thirdparty.io.grpc.Status.asRuntimeException(Status.java:517)
	at org.apache.ratis.thirdparty.io.grpc.stub.ServerCalls$ServerCallStreamObserverImpl.onCompleted(ServerCalls.java:356)
	at org.apache.ratis.grpc.server.GrpcServerProtocolService$ServerRequestStreamObserver.onError(GrpcServerProtocolService.java:121)
	at org.apache.ratis.thirdparty.io.grpc.stub.ServerCalls$StreamingServerCallHandler$StreamingServerCallListener.onCancel(ServerCalls.java:269)
	at org.apache.ratis.thirdparty.io.grpc.internal.ServerCallImpl$ServerStreamListenerImpl.closed(ServerCallImpl.java:293)
	at org.apache.ratis.thirdparty.io.grpc.internal.ServerImpl$JumpToApplicationThreadServerStreamListener$1Closed.runInContext(ServerImpl.java:741)
	at org.apache.ratis.thirdparty.io.grpc.internal.ContextRunnable.run(ContextRunnable.java:37)
	at org.apache.ratis.thirdparty.io.grpc.internal.SerializingExecutor.run(SerializingExecutor.java:123)
	at java.util.concurrent.ThreadPoolExecutor.runWorker(ThreadPoolExecutor.java:1149)
	at java.util.concurrent.ThreadPoolExecutor$Worker.run(ThreadPoolExecutor.java:624)
	at java.lang.Thread.run(Thread.java:748)

]]></system-err>
  </testcase>
  <testcase name="testCreateDoesNotAddParentDirKeys" classname="org.apache.hadoop.fs.ozone.TestOzoneFileSystem" time="17.082"/>
  <testcase name="testDeleteCreatesFakeParentDir" classname="org.apache.hadoop.fs.ozone.TestOzoneFileSystem" time="17.29"/>
  <testcase name="testNonExplicitlyCreatedPathExistsAfterItsLeafsWereRemoved" classname="org.apache.hadoop.fs.ozone.TestOzoneFileSystem" time="22.986"/>
  <testcase name="testListStatusOnLargeDirectory" classname="org.apache.hadoop.fs.ozone.TestOzoneFileSystem" time="73.625"/>
</testsuite>