<?xml version="1.0" encoding="UTF-8"?>
<testsuite xmlns:xsi="http://www.w3.org/2001/XMLSchema-instance" xsi:noNamespaceSchemaLocation="https://maven.apache.org/surefire/maven-surefire-plugin/xsd/surefire-test-report.xsd" name="org.apache.hadoop.fs.ozone.TestOzoneFSInputStream" time="101.84" tests="1" errors="1" skipped="0" failures="0">
  <properties>
    <property name="awt.toolkit" value="sun.awt.X11.XToolkit"/>
    <property name="file.encoding.pkg" value="sun.io"/>
    <property name="java.specification.version" value="1.8"/>
    <property name="sun.cpu.isalist" value=""/>
    <property name="sun.jnu.encoding" value="ANSI_X3.4-1968"/>
    <property name="java.class.path" value="/workdir/hadoop-ozone/ozonefs/target/test-classes:/workdir/hadoop-ozone/ozonefs/target/classes:/home/user/.m2/repository/org/apache/hadoop/hadoop-common/3.2.0/hadoop-common-3.2.0.jar:/home/user/.m2/repository/org/apache/hadoop/hadoop-annotations/3.2.0/hadoop-annotations-3.2.0.jar:/usr/lib/jvm/java-1.8.0-openjdk-1.8.0.222.b10-1.el7_7.x86_64/jre/../lib/tools.jar:/home/user/.m2/repository/com/google/guava/guava/11.0.2/guava-11.0.2.jar:/home/user/.m2/repository/commons-cli/commons-cli/1.2/commons-cli-1.2.jar:/home/user/.m2/repository/org/apache/commons/commons-math3/3.1.1/commons-math3-3.1.1.jar:/home/user/.m2/repository/commons-codec/commons-codec/1.11/commons-codec-1.11.jar:/home/user/.m2/repository/commons-io/commons-io/2.5/commons-io-2.5.jar:/home/user/.m2/repository/commons-net/commons-net/3.6/commons-net-3.6.jar:/home/user/.m2/repository/commons-collections/commons-collections/3.2.2/commons-collections-3.2.2.jar:/home/user/.m2/repository/javax/servlet/javax.servlet-api/3.1.0/javax.servlet-api-3.1.0.jar:/home/user/.m2/repository/org/eclipse/jetty/jetty-server/9.3.25.v20180904/jetty-server-9.3.25.v20180904.jar:/home/user/.m2/repository/org/eclipse/jetty/jetty-http/9.3.25.v20180904/jetty-http-9.3.25.v20180904.jar:/home/user/.m2/repository/org/eclipse/jetty/jetty-io/9.3.25.v20180904/jetty-io-9.3.25.v20180904.jar:/home/user/.m2/repository/org/eclipse/jetty/jetty-util/9.3.25.v20180904/jetty-util-9.3.25.v20180904.jar:/home/user/.m2/repository/org/eclipse/jetty/jetty-servlet/9.3.25.v20180904/jetty-servlet-9.3.25.v20180904.jar:/home/user/.m2/repository/org/eclipse/jetty/jetty-security/9.3.25.v20180904/jetty-security-9.3.25.v20180904.jar:/home/user/.m2/repository/org/eclipse/jetty/jetty-webapp/9.3.25.v20180904/jetty-webapp-9.3.25.v20180904.jar:/home/user/.m2/repository/org/eclipse/jetty/jetty-xml/9.3.25.v20180904/jetty-xml-9.3.25.v20180904.jar:/home/user/.m2/repository/javax/servlet/jsp/jsp-api/2.1/jsp-api-2.1.jar:/home/user/.m2/repository/com/sun/jersey/jersey-core/1.19/jersey-core-1.19.jar:/home/user/.m2/repository/javax/ws/rs/jsr311-api/1.1.1/jsr311-api-1.1.1.jar:/home/user/.m2/repository/com/sun/jersey/jersey-servlet/1.19/jersey-servlet-1.19.jar:/home/user/.m2/repository/com/sun/jersey/jersey-json/1.19/jersey-json-1.19.jar:/home/user/.m2/repository/org/codehaus/jettison/jettison/1.1/jettison-1.1.jar:/home/user/.m2/repository/com/sun/xml/bind/jaxb-impl/2.3.0.1/jaxb-impl-2.3.0.1.jar:/home/user/.m2/repository/org/codehaus/jackson/jackson-core-asl/1.9.13/jackson-core-asl-1.9.13.jar:/home/user/.m2/repository/org/codehaus/jackson/jackson-mapper-asl/1.9.13/jackson-mapper-asl-1.9.13.jar:/home/user/.m2/repository/org/codehaus/jackson/jackson-jaxrs/1.9.13/jackson-jaxrs-1.9.13.jar:/home/user/.m2/repository/org/codehaus/jackson/jackson-xc/1.9.13/jackson-xc-1.9.13.jar:/home/user/.m2/repository/com/sun/jersey/jersey-server/1.19/jersey-server-1.19.jar:/home/user/.m2/repository/commons-logging/commons-logging/1.1.3/commons-logging-1.1.3.jar:/home/user/.m2/repository/log4j/log4j/1.2.17/log4j-1.2.17.jar:/home/user/.m2/repository/commons-beanutils/commons-beanutils/1.9.4/commons-beanutils-1.9.4.jar:/home/user/.m2/repository/org/apache/commons/commons-configuration2/2.1.1/commons-configuration2-2.1.1.jar:/home/user/.m2/repository/org/apache/commons/commons-lang3/3.7/commons-lang3-3.7.jar:/home/user/.m2/repository/org/apache/commons/commons-text/1.4/commons-text-1.4.jar:/home/user/.m2/repository/org/slf4j/slf4j-api/1.7.25/slf4j-api-1.7.25.jar:/home/user/.m2/repository/org/slf4j/slf4j-log4j12/1.7.25/slf4j-log4j12-1.7.25.jar:/home/user/.m2/repository/org/apache/avro/avro/1.7.7/avro-1.7.7.jar:/home/user/.m2/repository/com/thoughtworks/paranamer/paranamer/2.3/paranamer-2.3.jar:/home/user/.m2/repository/org/xerial/snappy/snappy-java/1.0.5/snappy-java-1.0.5.jar:/home/user/.m2/repository/com/google/re2j/re2j/1.1/re2j-1.1.jar:/home/user/.m2/repository/com/google/protobuf/protobuf-java/2.5.0/protobuf-java-2.5.0.jar:/home/user/.m2/repository/com/google/code/gson/gson/2.2.4/gson-2.2.4.jar:/home/user/.m2/repository/org/apache/hadoop/hadoop-auth/3.2.0/hadoop-auth-3.2.0.jar:/home/user/.m2/repository/com/nimbusds/nimbus-jose-jwt/4.41.1/nimbus-jose-jwt-4.41.1.jar:/home/user/.m2/repository/com/github/stephenc/jcip/jcip-annotations/1.0-1/jcip-annotations-1.0-1.jar:/home/user/.m2/repository/net/minidev/json-smart/2.3/json-smart-2.3.jar:/home/user/.m2/repository/net/minidev/accessors-smart/1.2/accessors-smart-1.2.jar:/home/user/.m2/repository/org/apache/curator/curator-framework/2.12.0/curator-framework-2.12.0.jar:/home/user/.m2/repository/com/jcraft/jsch/0.1.54/jsch-0.1.54.jar:/home/user/.m2/repository/org/apache/curator/curator-client/2.12.0/curator-client-2.12.0.jar:/home/user/.m2/repository/org/apache/curator/curator-recipes/2.12.0/curator-recipes-2.12.0.jar:/home/user/.m2/repository/com/google/code/findbugs/jsr305/3.0.0/jsr305-3.0.0.jar:/home/user/.m2/repository/org/apache/htrace/htrace-core4/4.1.0-incubating/htrace-core4-4.1.0-incubating.jar:/home/user/.m2/repository/org/apache/zookeeper/zookeeper/3.4.13/zookeeper-3.4.13.jar:/home/user/.m2/repository/jline/jline/0.9.94/jline-0.9.94.jar:/home/user/.m2/repository/org/apache/yetus/audience-annotations/0.5.0/audience-annotations-0.5.0.jar:/home/user/.m2/repository/org/apache/commons/commons-compress/1.4.1/commons-compress-1.4.1.jar:/home/user/.m2/repository/org/tukaani/xz/1.0/xz-1.0.jar:/home/user/.m2/repository/org/apache/kerby/kerb-simplekdc/1.0.1/kerb-simplekdc-1.0.1.jar:/home/user/.m2/repository/org/apache/kerby/kerb-client/1.0.1/kerb-client-1.0.1.jar:/home/user/.m2/repository/org/apache/kerby/kerby-config/1.0.1/kerby-config-1.0.1.jar:/home/user/.m2/repository/org/apache/kerby/kerb-core/1.0.1/kerb-core-1.0.1.jar:/home/user/.m2/repository/org/apache/kerby/kerby-pkix/1.0.1/kerby-pkix-1.0.1.jar:/home/user/.m2/repository/org/apache/kerby/kerby-asn1/1.0.1/kerby-asn1-1.0.1.jar:/home/user/.m2/repository/org/apache/kerby/kerby-util/1.0.1/kerby-util-1.0.1.jar:/home/user/.m2/repository/org/apache/kerby/kerb-common/1.0.1/kerb-common-1.0.1.jar:/home/user/.m2/repository/org/apache/kerby/kerb-crypto/1.0.1/kerb-crypto-1.0.1.jar:/home/user/.m2/repository/org/apache/kerby/kerb-util/1.0.1/kerb-util-1.0.1.jar:/home/user/.m2/repository/org/apache/kerby/token-provider/1.0.1/token-provider-1.0.1.jar:/home/user/.m2/repository/org/apache/kerby/kerb-admin/1.0.1/kerb-admin-1.0.1.jar:/home/user/.m2/repository/org/apache/kerby/kerb-server/1.0.1/kerb-server-1.0.1.jar:/home/user/.m2/repository/org/apache/kerby/kerb-identity/1.0.1/kerb-identity-1.0.1.jar:/home/user/.m2/repository/org/apache/kerby/kerby-xdr/1.0.1/kerby-xdr-1.0.1.jar:/home/user/.m2/repository/com/fasterxml/jackson/core/jackson-databind/2.9.9/jackson-databind-2.9.9.jar:/home/user/.m2/repository/com/fasterxml/jackson/core/jackson-annotations/2.9.9/jackson-annotations-2.9.9.jar:/home/user/.m2/repository/com/fasterxml/jackson/core/jackson-core/2.9.9/jackson-core-2.9.9.jar:/home/user/.m2/repository/org/codehaus/woodstox/stax2-api/3.1.4/stax2-api-3.1.4.jar:/home/user/.m2/repository/com/fasterxml/woodstox/woodstox-core/5.0.3/woodstox-core-5.0.3.jar:/home/user/.m2/repository/dnsjava/dnsjava/2.1.7/dnsjava-2.1.7.jar:/home/user/.m2/repository/org/apache/hadoop/hadoop-hdfs/3.2.0/hadoop-hdfs-3.2.0.jar:/home/user/.m2/repository/org/eclipse/jetty/jetty-util-ajax/9.3.25.v20180904/jetty-util-ajax-9.3.25.v20180904.jar:/home/user/.m2/repository/commons-daemon/commons-daemon/1.0.13/commons-daemon-1.0.13.jar:/home/user/.m2/repository/io/netty/netty/3.10.5.Final/netty-3.10.5.Final.jar:/home/user/.m2/repository/io/netty/netty-all/4.0.52.Final/netty-all-4.0.52.Final.jar:/home/user/.m2/repository/org/fusesource/leveldbjni/leveldbjni-all/1.8/leveldbjni-all-1.8.jar:/home/user/.m2/repository/org/apache/hadoop/hadoop-hdds-common/0.5.0-SNAPSHOT/hadoop-hdds-common-0.5.0-SNAPSHOT.jar:/home/user/.m2/repository/org/apache/hadoop/hadoop-hdds-config/0.5.0-SNAPSHOT/hadoop-hdds-config-0.5.0-SNAPSHOT.jar:/home/user/.m2/repository/javax/annotation/javax.annotation-api/1.2/javax.annotation-api-1.2.jar:/home/user/.m2/repository/org/apache/ratis/ratis-server/0.5.0-ced7dbf-SNAPSHOT/ratis-server-0.5.0-ced7dbf-SNAPSHOT.jar:/home/user/.m2/repository/org/apache/ratis/ratis-thirdparty-misc/0.2.0/ratis-thirdparty-misc-0.2.0.jar:/home/user/.m2/repository/org/apache/ratis/ratis-proto/0.5.0-ced7dbf-SNAPSHOT/ratis-proto-0.5.0-ced7dbf-SNAPSHOT.jar:/home/user/.m2/repository/org/apache/ratis/ratis-common/0.5.0-ced7dbf-SNAPSHOT/ratis-common-0.5.0-ced7dbf-SNAPSHOT.jar:/home/user/.m2/repository/org/apache/ratis/ratis-client/0.5.0-ced7dbf-SNAPSHOT/ratis-client-0.5.0-ced7dbf-SNAPSHOT.jar:/home/user/.m2/repository/org/apache/ratis/ratis-metrics/0.5.0-ced7dbf-SNAPSHOT/ratis-metrics-0.5.0-ced7dbf-SNAPSHOT.jar:/home/user/.m2/repository/org/apache/ratis/ratis-netty/0.5.0-ced7dbf-SNAPSHOT/ratis-netty-0.5.0-ced7dbf-SNAPSHOT.jar:/home/user/.m2/repository/org/apache/ratis/ratis-grpc/0.5.0-ced7dbf-SNAPSHOT/ratis-grpc-0.5.0-ced7dbf-SNAPSHOT.jar:/home/user/.m2/repository/org/rocksdb/rocksdbjni/6.0.1/rocksdbjni-6.0.1.jar:/home/user/.m2/repository/org/apache/logging/log4j/log4j-api/2.11.0/log4j-api-2.11.0.jar:/home/user/.m2/repository/org/apache/logging/log4j/log4j-core/2.11.0/log4j-core-2.11.0.jar:/home/user/.m2/repository/com/lmax/disruptor/3.4.2/disruptor-3.4.2.jar:/home/user/.m2/repository/org/apache/commons/commons-pool2/2.6.0/commons-pool2-2.6.0.jar:/home/user/.m2/repository/org/bouncycastle/bcpkix-jdk15on/1.60/bcpkix-jdk15on-1.60.jar:/home/user/.m2/repository/commons-validator/commons-validator/1.6/commons-validator-1.6.jar:/home/user/.m2/repository/commons-digester/commons-digester/1.8.1/commons-digester-1.8.1.jar:/home/user/.m2/repository/io/jaegertracing/jaeger-client/0.34.0/jaeger-client-0.34.0.jar:/home/user/.m2/repository/io/jaegertracing/jaeger-thrift/0.34.0/jaeger-thrift-0.34.0.jar:/home/user/.m2/repository/org/apache/thrift/libthrift/0.12.0/libthrift-0.12.0.jar:/home/user/.m2/repository/com/squareup/okhttp3/okhttp/3.9.0/okhttp-3.9.0.jar:/home/user/.m2/repository/com/squareup/okio/okio/1.13.0/okio-1.13.0.jar:/home/user/.m2/repository/io/jaegertracing/jaeger-core/0.34.0/jaeger-core-0.34.0.jar:/home/user/.m2/repository/io/jaegertracing/jaeger-tracerresolver/0.34.0/jaeger-tracerresolver-0.34.0.jar:/home/user/.m2/repository/io/opentracing/contrib/opentracing-tracerresolver/0.1.5/opentracing-tracerresolver-0.1.5.jar:/home/user/.m2/repository/io/opentracing/opentracing-util/0.31.0/opentracing-util-0.31.0.jar:/home/user/.m2/repository/io/opentracing/opentracing-api/0.31.0/opentracing-api-0.31.0.jar:/home/user/.m2/repository/io/opentracing/opentracing-noop/0.31.0/opentracing-noop-0.31.0.jar:/home/user/.m2/repository/org/yaml/snakeyaml/1.16/snakeyaml-1.16.jar:/home/user/.m2/repository/org/apache/hadoop/hadoop-hdfs-client/3.2.0/hadoop-hdfs-client-3.2.0.jar:/home/user/.m2/repository/info/picocli/picocli/3.9.6/picocli-3.9.6.jar:/home/user/.m2/repository/org/apache/hadoop/hadoop-hdds-server-scm/0.5.0-SNAPSHOT/hadoop-hdds-server-scm-0.5.0-SNAPSHOT.jar:/home/user/.m2/repository/org/apache/hadoop/hadoop-hdds-docs/0.5.0-SNAPSHOT/hadoop-hdds-docs-0.5.0-SNAPSHOT.jar:/home/user/.m2/repository/io/dropwizard/metrics/metrics-core/3.2.4/metrics-core-3.2.4.jar:/home/user/.m2/repository/org/hamcrest/hamcrest-all/1.3/hamcrest-all-1.3.jar:/home/user/.m2/repository/org/bouncycastle/bcprov-jdk15on/1.60/bcprov-jdk15on-1.60.jar:/home/user/.m2/repository/org/apache/hadoop/hadoop-hdds-server-framework/0.5.0-SNAPSHOT/hadoop-hdds-server-framework-0.5.0-SNAPSHOT.jar:/home/user/.m2/repository/org/apache/hadoop/hadoop-ozone-ozone-manager/0.5.0-SNAPSHOT/hadoop-ozone-ozone-manager-0.5.0-SNAPSHOT.jar:/home/user/.m2/repository/org/apache/hadoop/hadoop-hdds-container-service/0.5.0-SNAPSHOT/hadoop-hdds-container-service-0.5.0-SNAPSHOT.jar:/home/user/.m2/repository/org/apache/hadoop/hadoop-hdds-client/0.5.0-SNAPSHOT/hadoop-hdds-client-0.5.0-SNAPSHOT.jar:/home/user/.m2/repository/org/apache/hadoop/hadoop-ozone-common/0.5.0-SNAPSHOT/hadoop-ozone-common-0.5.0-SNAPSHOT.jar:/home/user/.m2/repository/org/apache/hadoop/hadoop-hdds-tools/0.5.0-SNAPSHOT/hadoop-hdds-tools-0.5.0-SNAPSHOT.jar:/home/user/.m2/repository/org/xerial/sqlite-jdbc/3.25.2/sqlite-jdbc-3.25.2.jar:/home/user/.m2/repository/org/apache/httpcomponents/httpclient/4.5.2/httpclient-4.5.2.jar:/home/user/.m2/repository/org/apache/httpcomponents/httpcore/4.4.4/httpcore-4.4.4.jar:/home/user/.m2/repository/com/github/spotbugs/spotbugs/3.1.12/spotbugs-3.1.12.jar:/home/user/.m2/repository/org/ow2/asm/asm/5.0.4/asm-5.0.4.jar:/home/user/.m2/repository/org/ow2/asm/asm-analysis/7.0/asm-analysis-7.0.jar:/home/user/.m2/repository/org/ow2/asm/asm-commons/7.0/asm-commons-7.0.jar:/home/user/.m2/repository/org/ow2/asm/asm-tree/7.0/asm-tree-7.0.jar:/home/user/.m2/repository/org/ow2/asm/asm-util/7.0/asm-util-7.0.jar:/home/user/.m2/repository/org/apache/bcel/bcel/6.3/bcel-6.3.jar:/home/user/.m2/repository/net/jcip/jcip-annotations/1.0/jcip-annotations-1.0.jar:/home/user/.m2/repository/org/dom4j/dom4j/2.1.1/dom4j-2.1.1.jar:/home/user/.m2/repository/jaxen/jaxen/1.1.6/jaxen-1.1.6.jar:/home/user/.m2/repository/commons-lang/commons-lang/2.6/commons-lang-2.6.jar:/home/user/.m2/repository/com/github/spotbugs/spotbugs-annotations/3.1.12/spotbugs-annotations-3.1.12.jar:/home/user/.m2/repository/org/apache/hadoop/hadoop-common/3.2.0/hadoop-common-3.2.0-tests.jar:/home/user/.m2/repository/org/apache/hadoop/hadoop-ozone-client/0.5.0-SNAPSHOT/hadoop-ozone-client-0.5.0-SNAPSHOT.jar:/home/user/.m2/repository/org/apache/hadoop/hadoop-hdfs/3.2.0/hadoop-hdfs-3.2.0-tests.jar:/workdir/hadoop-ozone/integration-test/target/test-classes:/home/user/.m2/repository/org/apache/hadoop/hadoop-ozone-s3gateway/0.5.0-SNAPSHOT/hadoop-ozone-s3gateway-0.5.0-SNAPSHOT.jar:/home/user/.m2/repository/org/jboss/weld/servlet/weld-servlet/2.4.7.Final/weld-servlet-2.4.7.Final.jar:/home/user/.m2/repository/org/glassfish/jersey/containers/jersey-container-servlet-core/2.27/jersey-container-servlet-core-2.27.jar:/home/user/.m2/repository/org/glassfish/hk2/external/javax.inject/2.5.0-b42/javax.inject-2.5.0-b42.jar:/home/user/.m2/repository/org/glassfish/jersey/core/jersey-common/2.27/jersey-common-2.27.jar:/home/user/.m2/repository/org/glassfish/hk2/osgi-resource-locator/1.0.1/osgi-resource-locator-1.0.1.jar:/home/user/.m2/repository/javax/ws/rs/javax.ws.rs-api/2.1/javax.ws.rs-api-2.1.jar:/home/user/.m2/repository/org/glassfish/jersey/ext/cdi/jersey-cdi1x/2.27/jersey-cdi1x-2.27.jar:/home/user/.m2/repository/org/glassfish/jersey/inject/jersey-hk2/2.27/jersey-hk2-2.27.jar:/home/user/.m2/repository/org/glassfish/hk2/hk2-locator/2.5.0-b42/hk2-locator-2.5.0-b42.jar:/home/user/.m2/repository/org/javassist/javassist/3.22.0-CR2/javassist-3.22.0-CR2.jar:/home/user/.m2/repository/org/glassfish/hk2/hk2-api/2.5.0/hk2-api-2.5.0.jar:/home/user/.m2/repository/org/glassfish/hk2/external/jakarta.inject/2.5.0/jakarta.inject-2.5.0.jar:/home/user/.m2/repository/org/glassfish/hk2/hk2-utils/2.5.0/hk2-utils-2.5.0.jar:/home/user/.m2/repository/jakarta/annotation/jakarta.annotation-api/1.3.4/jakarta.annotation-api-1.3.4.jar:/home/user/.m2/repository/org/glassfish/hk2/external/aopalliance-repackaged/2.5.0/aopalliance-repackaged-2.5.0.jar:/home/user/.m2/repository/com/fasterxml/jackson/dataformat/jackson-dataformat-xml/2.9.0/jackson-dataformat-xml-2.9.0.jar:/home/user/.m2/repository/com/fasterxml/jackson/module/jackson-module-jaxb-annotations/2.9.9/jackson-module-jaxb-annotations-2.9.9.jar:/home/user/.m2/repository/javax/enterprise/cdi-api/1.2/cdi-api-1.2.jar:/home/user/.m2/repository/javax/el/javax.el-api/3.0.0/javax.el-api-3.0.0.jar:/home/user/.m2/repository/javax/interceptor/javax.interceptor-api/1.2/javax.interceptor-api-1.2.jar:/home/user/.m2/repository/javax/inject/javax.inject/1/javax.inject-1.jar:/home/user/.m2/repository/com/sun/xml/bind/jaxb-core/2.3.0.1/jaxb-core-2.3.0.1.jar:/home/user/.m2/repository/javax/xml/bind/jaxb-api/2.3.0/jaxb-api-2.3.0.jar:/home/user/.m2/repository/javax/activation/activation/1.1.1/activation-1.1.1.jar:/home/user/.m2/repository/org/apache/hadoop/hadoop-ozone-csi/0.5.0-SNAPSHOT/hadoop-ozone-csi-0.5.0-SNAPSHOT.jar:/home/user/.m2/repository/com/google/protobuf/protobuf-java-util/3.5.1/protobuf-java-util-3.5.1.jar:/home/user/.m2/repository/io/grpc/grpc-netty/1.17.1/grpc-netty-1.17.1.jar:/home/user/.m2/repository/io/grpc/grpc-core/1.17.1/grpc-core-1.17.1.jar:/home/user/.m2/repository/io/grpc/grpc-context/1.17.1/grpc-context-1.17.1.jar:/home/user/.m2/repository/com/google/errorprone/error_prone_annotations/2.2.0/error_prone_annotations-2.2.0.jar:/home/user/.m2/repository/org/codehaus/mojo/animal-sniffer-annotations/1.17/animal-sniffer-annotations-1.17.jar:/home/user/.m2/repository/io/opencensus/opencensus-api/0.17.0/opencensus-api-0.17.0.jar:/home/user/.m2/repository/io/opencensus/opencensus-contrib-grpc-metrics/0.17.0/opencensus-contrib-grpc-metrics-0.17.0.jar:/home/user/.m2/repository/io/netty/netty-codec-http2/4.1.30.Final/netty-codec-http2-4.1.30.Final.jar:/home/user/.m2/repository/io/netty/netty-codec-http/4.1.30.Final/netty-codec-http-4.1.30.Final.jar:/home/user/.m2/repository/io/netty/netty-codec/4.1.30.Final/netty-codec-4.1.30.Final.jar:/home/user/.m2/repository/io/netty/netty-handler/4.1.30.Final/netty-handler-4.1.30.Final.jar:/home/user/.m2/repository/io/netty/netty-handler-proxy/4.1.30.Final/netty-handler-proxy-4.1.30.Final.jar:/home/user/.m2/repository/io/netty/netty-codec-socks/4.1.30.Final/netty-codec-socks-4.1.30.Final.jar:/home/user/.m2/repository/io/netty/netty-transport-native-epoll/4.1.30.Final/netty-transport-native-epoll-4.1.30.Final.jar:/home/user/.m2/repository/io/netty/netty-common/4.1.30.Final/netty-common-4.1.30.Final.jar:/home/user/.m2/repository/io/netty/netty-buffer/4.1.30.Final/netty-buffer-4.1.30.Final.jar:/home/user/.m2/repository/io/netty/netty-transport/4.1.30.Final/netty-transport-4.1.30.Final.jar:/home/user/.m2/repository/io/netty/netty-resolver/4.1.30.Final/netty-resolver-4.1.30.Final.jar:/home/user/.m2/repository/io/netty/netty-transport-native-unix-common/4.1.30.Final/netty-transport-native-unix-common-4.1.30.Final.jar:/home/user/.m2/repository/io/grpc/grpc-protobuf/1.17.1/grpc-protobuf-1.17.1.jar:/home/user/.m2/repository/com/google/api/grpc/proto-google-common-protos/1.0.0/proto-google-common-protos-1.0.0.jar:/home/user/.m2/repository/io/grpc/grpc-protobuf-lite/1.17.1/grpc-protobuf-lite-1.17.1.jar:/home/user/.m2/repository/io/grpc/grpc-stub/1.17.1/grpc-stub-1.17.1.jar:/home/user/.m2/repository/org/apache/hadoop/hadoop-ozone-recon/0.5.0-SNAPSHOT/hadoop-ozone-recon-0.5.0-SNAPSHOT.jar:/home/user/.m2/repository/org/apache/hadoop/hadoop-ozone-reconcodegen/0.5.0-SNAPSHOT/hadoop-ozone-reconcodegen-0.5.0-SNAPSHOT.jar:/home/user/.m2/repository/com/google/inject/extensions/guice-multibindings/4.0/guice-multibindings-4.0.jar:/home/user/.m2/repository/com/google/inject/guice/4.0/guice-4.0.jar:/home/user/.m2/repository/aopalliance/aopalliance/1.0/aopalliance-1.0.jar:/home/user/.m2/repository/org/glassfish/jersey/containers/jersey-container-servlet/2.27/jersey-container-servlet-2.27.jar:/home/user/.m2/repository/org/glassfish/hk2/guice-bridge/2.5.0/guice-bridge-2.5.0.jar:/home/user/.m2/repository/org/glassfish/jersey/core/jersey-server/2.27/jersey-server-2.27.jar:/home/user/.m2/repository/org/glassfish/jersey/core/jersey-client/2.27/jersey-client-2.27.jar:/home/user/.m2/repository/org/glassfish/jersey/media/jersey-media-jaxb/2.27/jersey-media-jaxb-2.27.jar:/home/user/.m2/repository/javax/validation/validation-api/1.1.0.Final/validation-api-1.1.0.Final.jar:/home/user/.m2/repository/org/glassfish/jersey/media/jersey-media-json-jackson/2.27/jersey-media-json-jackson-2.27.jar:/home/user/.m2/repository/org/glassfish/jersey/ext/jersey-entity-filtering/2.27/jersey-entity-filtering-2.27.jar:/home/user/.m2/repository/com/google/inject/extensions/guice-assistedinject/4.0/guice-assistedinject-4.0.jar:/home/user/.m2/repository/org/jooq/jooq/3.11.10/jooq-3.11.10.jar:/home/user/.m2/repository/org/jooq/jooq-meta/3.11.10/jooq-meta-3.11.10.jar:/home/user/.m2/repository/org/jooq/jooq-codegen/3.11.10/jooq-codegen-3.11.10.jar:/home/user/.m2/repository/com/jolbox/bonecp/0.8.0.RELEASE/bonecp-0.8.0.RELEASE.jar:/home/user/.m2/repository/org/springframework/spring-jdbc/5.1.3.RELEASE/spring-jdbc-5.1.3.RELEASE.jar:/home/user/.m2/repository/org/springframework/spring-beans/5.1.3.RELEASE/spring-beans-5.1.3.RELEASE.jar:/home/user/.m2/repository/org/springframework/spring-core/5.1.3.RELEASE/spring-core-5.1.3.RELEASE.jar:/home/user/.m2/repository/org/springframework/spring-jcl/5.1.3.RELEASE/spring-jcl-5.1.3.RELEASE.jar:/home/user/.m2/repository/org/springframework/spring-tx/5.1.3.RELEASE/spring-tx-5.1.3.RELEASE.jar:/home/user/.m2/repository/org/mockito/mockito-all/1.10.19/mockito-all-1.10.19.jar:/home/user/.m2/repository/junit/junit/4.11/junit-4.11.jar:/home/user/.m2/repository/org/hamcrest/hamcrest-core/1.3/hamcrest-core-1.3.jar:/home/user/.m2/repository/org/apache/hadoop/hadoop-distcp/3.2.0/hadoop-distcp-3.2.0.jar:/home/user/.m2/repository/org/apache/hadoop/hadoop-distcp/3.2.0/hadoop-distcp-3.2.0-tests.jar:/home/user/.m2/repository/org/apache/hadoop/hadoop-mapreduce-client-jobclient/3.2.0/hadoop-mapreduce-client-jobclient-3.2.0.jar:/home/user/.m2/repository/org/apache/hadoop/hadoop-mapreduce-client-common/3.2.0/hadoop-mapreduce-client-common-3.2.0.jar:/home/user/.m2/repository/org/apache/hadoop/hadoop-yarn-common/3.2.0/hadoop-yarn-common-3.2.0.jar:/home/user/.m2/repository/org/apache/hadoop/hadoop-yarn-api/3.2.0/hadoop-yarn-api-3.2.0.jar:/home/user/.m2/repository/com/sun/jersey/jersey-client/1.19/jersey-client-1.19.jar:/home/user/.m2/repository/com/sun/jersey/contribs/jersey-guice/1.19/jersey-guice-1.19.jar:/home/user/.m2/repository/com/fasterxml/jackson/jaxrs/jackson-jaxrs-json-provider/2.9.9/jackson-jaxrs-json-provider-2.9.9.jar:/home/user/.m2/repository/com/fasterxml/jackson/jaxrs/jackson-jaxrs-base/2.9.9/jackson-jaxrs-base-2.9.9.jar:/home/user/.m2/repository/org/apache/hadoop/hadoop-yarn-client/3.2.0/hadoop-yarn-client-3.2.0.jar:/home/user/.m2/repository/org/apache/hadoop/hadoop-mapreduce-client-core/3.2.0/hadoop-mapreduce-client-core-3.2.0.jar:/home/user/.m2/repository/com/google/inject/extensions/guice-servlet/4.0/guice-servlet-4.0.jar:/home/user/.m2/repository/org/powermock/powermock-module-junit4/1.6.5/powermock-module-junit4-1.6.5.jar:/home/user/.m2/repository/org/powermock/powermock-module-junit4-common/1.6.5/powermock-module-junit4-common-1.6.5.jar:/home/user/.m2/repository/org/powermock/powermock-core/1.6.5/powermock-core-1.6.5.jar:/home/user/.m2/repository/org/powermock/powermock-reflect/1.6.5/powermock-reflect-1.6.5.jar:/home/user/.m2/repository/org/powermock/powermock-api-mockito/1.6.5/powermock-api-mockito-1.6.5.jar:/home/user/.m2/repository/org/mockito/mockito-core/1.10.19/mockito-core-1.10.19.jar:/home/user/.m2/repository/org/objenesis/objenesis/1.0/objenesis-1.0.jar:/home/user/.m2/repository/org/powermock/powermock-api-mockito-common/1.6.5/powermock-api-mockito-common-1.6.5.jar:/home/user/.m2/repository/org/powermock/powermock-api-support/1.6.5/powermock-api-support-1.6.5.jar:"/>
    <property name="java.vm.vendor" value="Oracle Corporation"/>
    <property name="sun.arch.data.model" value="64"/>
    <property name="test.build.dir" value="/workdir/hadoop-ozone/ozonefs/target/test-dir"/>
    <property name="test.cache.data" value=""/>
    <property name="java.vendor.url" value="http://java.oracle.com/"/>
    <property name="user.timezone" value=""/>
    <property name="java.vm.specification.version" value="1.8"/>
    <property name="os.name" value="Linux"/>
    <property name="test.build.data" value="/workdir/hadoop-ozone/ozonefs/target/test-dir"/>
    <property name="user.country" value="US"/>
    <property name="sun.java.launcher" value="SUN_STANDARD"/>
    <property name="sun.boot.library.path" value="/usr/lib/jvm/java-1.8.0-openjdk-1.8.0.222.b10-1.el7_7.x86_64/jre/lib/amd64"/>
    <property name="sun.java.command" value="/workdir/hadoop-ozone/ozonefs/target/surefire/surefirebooter3799096440081263668.jar /workdir/hadoop-ozone/ozonefs/target/surefire 2019-11-07T15-58-20_758-jvmRun1 surefire7593655729418515651tmp surefire_955602854171800396228tmp"/>
    <property name="surefire.test.class.path" value="/workdir/hadoop-ozone/ozonefs/target/test-classes:/workdir/hadoop-ozone/ozonefs/target/classes:/home/user/.m2/repository/org/apache/hadoop/hadoop-common/3.2.0/hadoop-common-3.2.0.jar:/home/user/.m2/repository/org/apache/hadoop/hadoop-annotations/3.2.0/hadoop-annotations-3.2.0.jar:/usr/lib/jvm/java-1.8.0-openjdk-1.8.0.222.b10-1.el7_7.x86_64/jre/../lib/tools.jar:/home/user/.m2/repository/com/google/guava/guava/11.0.2/guava-11.0.2.jar:/home/user/.m2/repository/commons-cli/commons-cli/1.2/commons-cli-1.2.jar:/home/user/.m2/repository/org/apache/commons/commons-math3/3.1.1/commons-math3-3.1.1.jar:/home/user/.m2/repository/commons-codec/commons-codec/1.11/commons-codec-1.11.jar:/home/user/.m2/repository/commons-io/commons-io/2.5/commons-io-2.5.jar:/home/user/.m2/repository/commons-net/commons-net/3.6/commons-net-3.6.jar:/home/user/.m2/repository/commons-collections/commons-collections/3.2.2/commons-collections-3.2.2.jar:/home/user/.m2/repository/javax/servlet/javax.servlet-api/3.1.0/javax.servlet-api-3.1.0.jar:/home/user/.m2/repository/org/eclipse/jetty/jetty-server/9.3.25.v20180904/jetty-server-9.3.25.v20180904.jar:/home/user/.m2/repository/org/eclipse/jetty/jetty-http/9.3.25.v20180904/jetty-http-9.3.25.v20180904.jar:/home/user/.m2/repository/org/eclipse/jetty/jetty-io/9.3.25.v20180904/jetty-io-9.3.25.v20180904.jar:/home/user/.m2/repository/org/eclipse/jetty/jetty-util/9.3.25.v20180904/jetty-util-9.3.25.v20180904.jar:/home/user/.m2/repository/org/eclipse/jetty/jetty-servlet/9.3.25.v20180904/jetty-servlet-9.3.25.v20180904.jar:/home/user/.m2/repository/org/eclipse/jetty/jetty-security/9.3.25.v20180904/jetty-security-9.3.25.v20180904.jar:/home/user/.m2/repository/org/eclipse/jetty/jetty-webapp/9.3.25.v20180904/jetty-webapp-9.3.25.v20180904.jar:/home/user/.m2/repository/org/eclipse/jetty/jetty-xml/9.3.25.v20180904/jetty-xml-9.3.25.v20180904.jar:/home/user/.m2/repository/javax/servlet/jsp/jsp-api/2.1/jsp-api-2.1.jar:/home/user/.m2/repository/com/sun/jersey/jersey-core/1.19/jersey-core-1.19.jar:/home/user/.m2/repository/javax/ws/rs/jsr311-api/1.1.1/jsr311-api-1.1.1.jar:/home/user/.m2/repository/com/sun/jersey/jersey-servlet/1.19/jersey-servlet-1.19.jar:/home/user/.m2/repository/com/sun/jersey/jersey-json/1.19/jersey-json-1.19.jar:/home/user/.m2/repository/org/codehaus/jettison/jettison/1.1/jettison-1.1.jar:/home/user/.m2/repository/com/sun/xml/bind/jaxb-impl/2.3.0.1/jaxb-impl-2.3.0.1.jar:/home/user/.m2/repository/org/codehaus/jackson/jackson-core-asl/1.9.13/jackson-core-asl-1.9.13.jar:/home/user/.m2/repository/org/codehaus/jackson/jackson-mapper-asl/1.9.13/jackson-mapper-asl-1.9.13.jar:/home/user/.m2/repository/org/codehaus/jackson/jackson-jaxrs/1.9.13/jackson-jaxrs-1.9.13.jar:/home/user/.m2/repository/org/codehaus/jackson/jackson-xc/1.9.13/jackson-xc-1.9.13.jar:/home/user/.m2/repository/com/sun/jersey/jersey-server/1.19/jersey-server-1.19.jar:/home/user/.m2/repository/commons-logging/commons-logging/1.1.3/commons-logging-1.1.3.jar:/home/user/.m2/repository/log4j/log4j/1.2.17/log4j-1.2.17.jar:/home/user/.m2/repository/commons-beanutils/commons-beanutils/1.9.4/commons-beanutils-1.9.4.jar:/home/user/.m2/repository/org/apache/commons/commons-configuration2/2.1.1/commons-configuration2-2.1.1.jar:/home/user/.m2/repository/org/apache/commons/commons-lang3/3.7/commons-lang3-3.7.jar:/home/user/.m2/repository/org/apache/commons/commons-text/1.4/commons-text-1.4.jar:/home/user/.m2/repository/org/slf4j/slf4j-api/1.7.25/slf4j-api-1.7.25.jar:/home/user/.m2/repository/org/slf4j/slf4j-log4j12/1.7.25/slf4j-log4j12-1.7.25.jar:/home/user/.m2/repository/org/apache/avro/avro/1.7.7/avro-1.7.7.jar:/home/user/.m2/repository/com/thoughtworks/paranamer/paranamer/2.3/paranamer-2.3.jar:/home/user/.m2/repository/org/xerial/snappy/snappy-java/1.0.5/snappy-java-1.0.5.jar:/home/user/.m2/repository/com/google/re2j/re2j/1.1/re2j-1.1.jar:/home/user/.m2/repository/com/google/protobuf/protobuf-java/2.5.0/protobuf-java-2.5.0.jar:/home/user/.m2/repository/com/google/code/gson/gson/2.2.4/gson-2.2.4.jar:/home/user/.m2/repository/org/apache/hadoop/hadoop-auth/3.2.0/hadoop-auth-3.2.0.jar:/home/user/.m2/repository/com/nimbusds/nimbus-jose-jwt/4.41.1/nimbus-jose-jwt-4.41.1.jar:/home/user/.m2/repository/com/github/stephenc/jcip/jcip-annotations/1.0-1/jcip-annotations-1.0-1.jar:/home/user/.m2/repository/net/minidev/json-smart/2.3/json-smart-2.3.jar:/home/user/.m2/repository/net/minidev/accessors-smart/1.2/accessors-smart-1.2.jar:/home/user/.m2/repository/org/apache/curator/curator-framework/2.12.0/curator-framework-2.12.0.jar:/home/user/.m2/repository/com/jcraft/jsch/0.1.54/jsch-0.1.54.jar:/home/user/.m2/repository/org/apache/curator/curator-client/2.12.0/curator-client-2.12.0.jar:/home/user/.m2/repository/org/apache/curator/curator-recipes/2.12.0/curator-recipes-2.12.0.jar:/home/user/.m2/repository/com/google/code/findbugs/jsr305/3.0.0/jsr305-3.0.0.jar:/home/user/.m2/repository/org/apache/htrace/htrace-core4/4.1.0-incubating/htrace-core4-4.1.0-incubating.jar:/home/user/.m2/repository/org/apache/zookeeper/zookeeper/3.4.13/zookeeper-3.4.13.jar:/home/user/.m2/repository/jline/jline/0.9.94/jline-0.9.94.jar:/home/user/.m2/repository/org/apache/yetus/audience-annotations/0.5.0/audience-annotations-0.5.0.jar:/home/user/.m2/repository/org/apache/commons/commons-compress/1.4.1/commons-compress-1.4.1.jar:/home/user/.m2/repository/org/tukaani/xz/1.0/xz-1.0.jar:/home/user/.m2/repository/org/apache/kerby/kerb-simplekdc/1.0.1/kerb-simplekdc-1.0.1.jar:/home/user/.m2/repository/org/apache/kerby/kerb-client/1.0.1/kerb-client-1.0.1.jar:/home/user/.m2/repository/org/apache/kerby/kerby-config/1.0.1/kerby-config-1.0.1.jar:/home/user/.m2/repository/org/apache/kerby/kerb-core/1.0.1/kerb-core-1.0.1.jar:/home/user/.m2/repository/org/apache/kerby/kerby-pkix/1.0.1/kerby-pkix-1.0.1.jar:/home/user/.m2/repository/org/apache/kerby/kerby-asn1/1.0.1/kerby-asn1-1.0.1.jar:/home/user/.m2/repository/org/apache/kerby/kerby-util/1.0.1/kerby-util-1.0.1.jar:/home/user/.m2/repository/org/apache/kerby/kerb-common/1.0.1/kerb-common-1.0.1.jar:/home/user/.m2/repository/org/apache/kerby/kerb-crypto/1.0.1/kerb-crypto-1.0.1.jar:/home/user/.m2/repository/org/apache/kerby/kerb-util/1.0.1/kerb-util-1.0.1.jar:/home/user/.m2/repository/org/apache/kerby/token-provider/1.0.1/token-provider-1.0.1.jar:/home/user/.m2/repository/org/apache/kerby/kerb-admin/1.0.1/kerb-admin-1.0.1.jar:/home/user/.m2/repository/org/apache/kerby/kerb-server/1.0.1/kerb-server-1.0.1.jar:/home/user/.m2/repository/org/apache/kerby/kerb-identity/1.0.1/kerb-identity-1.0.1.jar:/home/user/.m2/repository/org/apache/kerby/kerby-xdr/1.0.1/kerby-xdr-1.0.1.jar:/home/user/.m2/repository/com/fasterxml/jackson/core/jackson-databind/2.9.9/jackson-databind-2.9.9.jar:/home/user/.m2/repository/com/fasterxml/jackson/core/jackson-annotations/2.9.9/jackson-annotations-2.9.9.jar:/home/user/.m2/repository/com/fasterxml/jackson/core/jackson-core/2.9.9/jackson-core-2.9.9.jar:/home/user/.m2/repository/org/codehaus/woodstox/stax2-api/3.1.4/stax2-api-3.1.4.jar:/home/user/.m2/repository/com/fasterxml/woodstox/woodstox-core/5.0.3/woodstox-core-5.0.3.jar:/home/user/.m2/repository/dnsjava/dnsjava/2.1.7/dnsjava-2.1.7.jar:/home/user/.m2/repository/org/apache/hadoop/hadoop-hdfs/3.2.0/hadoop-hdfs-3.2.0.jar:/home/user/.m2/repository/org/eclipse/jetty/jetty-util-ajax/9.3.25.v20180904/jetty-util-ajax-9.3.25.v20180904.jar:/home/user/.m2/repository/commons-daemon/commons-daemon/1.0.13/commons-daemon-1.0.13.jar:/home/user/.m2/repository/io/netty/netty/3.10.5.Final/netty-3.10.5.Final.jar:/home/user/.m2/repository/io/netty/netty-all/4.0.52.Final/netty-all-4.0.52.Final.jar:/home/user/.m2/repository/org/fusesource/leveldbjni/leveldbjni-all/1.8/leveldbjni-all-1.8.jar:/home/user/.m2/repository/org/apache/hadoop/hadoop-hdds-common/0.5.0-SNAPSHOT/hadoop-hdds-common-0.5.0-SNAPSHOT.jar:/home/user/.m2/repository/org/apache/hadoop/hadoop-hdds-config/0.5.0-SNAPSHOT/hadoop-hdds-config-0.5.0-SNAPSHOT.jar:/home/user/.m2/repository/javax/annotation/javax.annotation-api/1.2/javax.annotation-api-1.2.jar:/home/user/.m2/repository/org/apache/ratis/ratis-server/0.5.0-ced7dbf-SNAPSHOT/ratis-server-0.5.0-ced7dbf-SNAPSHOT.jar:/home/user/.m2/repository/org/apache/ratis/ratis-thirdparty-misc/0.2.0/ratis-thirdparty-misc-0.2.0.jar:/home/user/.m2/repository/org/apache/ratis/ratis-proto/0.5.0-ced7dbf-SNAPSHOT/ratis-proto-0.5.0-ced7dbf-SNAPSHOT.jar:/home/user/.m2/repository/org/apache/ratis/ratis-common/0.5.0-ced7dbf-SNAPSHOT/ratis-common-0.5.0-ced7dbf-SNAPSHOT.jar:/home/user/.m2/repository/org/apache/ratis/ratis-client/0.5.0-ced7dbf-SNAPSHOT/ratis-client-0.5.0-ced7dbf-SNAPSHOT.jar:/home/user/.m2/repository/org/apache/ratis/ratis-metrics/0.5.0-ced7dbf-SNAPSHOT/ratis-metrics-0.5.0-ced7dbf-SNAPSHOT.jar:/home/user/.m2/repository/org/apache/ratis/ratis-netty/0.5.0-ced7dbf-SNAPSHOT/ratis-netty-0.5.0-ced7dbf-SNAPSHOT.jar:/home/user/.m2/repository/org/apache/ratis/ratis-grpc/0.5.0-ced7dbf-SNAPSHOT/ratis-grpc-0.5.0-ced7dbf-SNAPSHOT.jar:/home/user/.m2/repository/org/rocksdb/rocksdbjni/6.0.1/rocksdbjni-6.0.1.jar:/home/user/.m2/repository/org/apache/logging/log4j/log4j-api/2.11.0/log4j-api-2.11.0.jar:/home/user/.m2/repository/org/apache/logging/log4j/log4j-core/2.11.0/log4j-core-2.11.0.jar:/home/user/.m2/repository/com/lmax/disruptor/3.4.2/disruptor-3.4.2.jar:/home/user/.m2/repository/org/apache/commons/commons-pool2/2.6.0/commons-pool2-2.6.0.jar:/home/user/.m2/repository/org/bouncycastle/bcpkix-jdk15on/1.60/bcpkix-jdk15on-1.60.jar:/home/user/.m2/repository/commons-validator/commons-validator/1.6/commons-validator-1.6.jar:/home/user/.m2/repository/commons-digester/commons-digester/1.8.1/commons-digester-1.8.1.jar:/home/user/.m2/repository/io/jaegertracing/jaeger-client/0.34.0/jaeger-client-0.34.0.jar:/home/user/.m2/repository/io/jaegertracing/jaeger-thrift/0.34.0/jaeger-thrift-0.34.0.jar:/home/user/.m2/repository/org/apache/thrift/libthrift/0.12.0/libthrift-0.12.0.jar:/home/user/.m2/repository/com/squareup/okhttp3/okhttp/3.9.0/okhttp-3.9.0.jar:/home/user/.m2/repository/com/squareup/okio/okio/1.13.0/okio-1.13.0.jar:/home/user/.m2/repository/io/jaegertracing/jaeger-core/0.34.0/jaeger-core-0.34.0.jar:/home/user/.m2/repository/io/jaegertracing/jaeger-tracerresolver/0.34.0/jaeger-tracerresolver-0.34.0.jar:/home/user/.m2/repository/io/opentracing/contrib/opentracing-tracerresolver/0.1.5/opentracing-tracerresolver-0.1.5.jar:/home/user/.m2/repository/io/opentracing/opentracing-util/0.31.0/opentracing-util-0.31.0.jar:/home/user/.m2/repository/io/opentracing/opentracing-api/0.31.0/opentracing-api-0.31.0.jar:/home/user/.m2/repository/io/opentracing/opentracing-noop/0.31.0/opentracing-noop-0.31.0.jar:/home/user/.m2/repository/org/yaml/snakeyaml/1.16/snakeyaml-1.16.jar:/home/user/.m2/repository/org/apache/hadoop/hadoop-hdfs-client/3.2.0/hadoop-hdfs-client-3.2.0.jar:/home/user/.m2/repository/info/picocli/picocli/3.9.6/picocli-3.9.6.jar:/home/user/.m2/repository/org/apache/hadoop/hadoop-hdds-server-scm/0.5.0-SNAPSHOT/hadoop-hdds-server-scm-0.5.0-SNAPSHOT.jar:/home/user/.m2/repository/org/apache/hadoop/hadoop-hdds-docs/0.5.0-SNAPSHOT/hadoop-hdds-docs-0.5.0-SNAPSHOT.jar:/home/user/.m2/repository/io/dropwizard/metrics/metrics-core/3.2.4/metrics-core-3.2.4.jar:/home/user/.m2/repository/org/hamcrest/hamcrest-all/1.3/hamcrest-all-1.3.jar:/home/user/.m2/repository/org/bouncycastle/bcprov-jdk15on/1.60/bcprov-jdk15on-1.60.jar:/home/user/.m2/repository/org/apache/hadoop/hadoop-hdds-server-framework/0.5.0-SNAPSHOT/hadoop-hdds-server-framework-0.5.0-SNAPSHOT.jar:/home/user/.m2/repository/org/apache/hadoop/hadoop-ozone-ozone-manager/0.5.0-SNAPSHOT/hadoop-ozone-ozone-manager-0.5.0-SNAPSHOT.jar:/home/user/.m2/repository/org/apache/hadoop/hadoop-hdds-container-service/0.5.0-SNAPSHOT/hadoop-hdds-container-service-0.5.0-SNAPSHOT.jar:/home/user/.m2/repository/org/apache/hadoop/hadoop-hdds-client/0.5.0-SNAPSHOT/hadoop-hdds-client-0.5.0-SNAPSHOT.jar:/home/user/.m2/repository/org/apache/hadoop/hadoop-ozone-common/0.5.0-SNAPSHOT/hadoop-ozone-common-0.5.0-SNAPSHOT.jar:/home/user/.m2/repository/org/apache/hadoop/hadoop-hdds-tools/0.5.0-SNAPSHOT/hadoop-hdds-tools-0.5.0-SNAPSHOT.jar:/home/user/.m2/repository/org/xerial/sqlite-jdbc/3.25.2/sqlite-jdbc-3.25.2.jar:/home/user/.m2/repository/org/apache/httpcomponents/httpclient/4.5.2/httpclient-4.5.2.jar:/home/user/.m2/repository/org/apache/httpcomponents/httpcore/4.4.4/httpcore-4.4.4.jar:/home/user/.m2/repository/com/github/spotbugs/spotbugs/3.1.12/spotbugs-3.1.12.jar:/home/user/.m2/repository/org/ow2/asm/asm/5.0.4/asm-5.0.4.jar:/home/user/.m2/repository/org/ow2/asm/asm-analysis/7.0/asm-analysis-7.0.jar:/home/user/.m2/repository/org/ow2/asm/asm-commons/7.0/asm-commons-7.0.jar:/home/user/.m2/repository/org/ow2/asm/asm-tree/7.0/asm-tree-7.0.jar:/home/user/.m2/repository/org/ow2/asm/asm-util/7.0/asm-util-7.0.jar:/home/user/.m2/repository/org/apache/bcel/bcel/6.3/bcel-6.3.jar:/home/user/.m2/repository/net/jcip/jcip-annotations/1.0/jcip-annotations-1.0.jar:/home/user/.m2/repository/org/dom4j/dom4j/2.1.1/dom4j-2.1.1.jar:/home/user/.m2/repository/jaxen/jaxen/1.1.6/jaxen-1.1.6.jar:/home/user/.m2/repository/commons-lang/commons-lang/2.6/commons-lang-2.6.jar:/home/user/.m2/repository/com/github/spotbugs/spotbugs-annotations/3.1.12/spotbugs-annotations-3.1.12.jar:/home/user/.m2/repository/org/apache/hadoop/hadoop-common/3.2.0/hadoop-common-3.2.0-tests.jar:/home/user/.m2/repository/org/apache/hadoop/hadoop-ozone-client/0.5.0-SNAPSHOT/hadoop-ozone-client-0.5.0-SNAPSHOT.jar:/home/user/.m2/repository/org/apache/hadoop/hadoop-hdfs/3.2.0/hadoop-hdfs-3.2.0-tests.jar:/workdir/hadoop-ozone/integration-test/target/test-classes:/home/user/.m2/repository/org/apache/hadoop/hadoop-ozone-s3gateway/0.5.0-SNAPSHOT/hadoop-ozone-s3gateway-0.5.0-SNAPSHOT.jar:/home/user/.m2/repository/org/jboss/weld/servlet/weld-servlet/2.4.7.Final/weld-servlet-2.4.7.Final.jar:/home/user/.m2/repository/org/glassfish/jersey/containers/jersey-container-servlet-core/2.27/jersey-container-servlet-core-2.27.jar:/home/user/.m2/repository/org/glassfish/hk2/external/javax.inject/2.5.0-b42/javax.inject-2.5.0-b42.jar:/home/user/.m2/repository/org/glassfish/jersey/core/jersey-common/2.27/jersey-common-2.27.jar:/home/user/.m2/repository/org/glassfish/hk2/osgi-resource-locator/1.0.1/osgi-resource-locator-1.0.1.jar:/home/user/.m2/repository/javax/ws/rs/javax.ws.rs-api/2.1/javax.ws.rs-api-2.1.jar:/home/user/.m2/repository/org/glassfish/jersey/ext/cdi/jersey-cdi1x/2.27/jersey-cdi1x-2.27.jar:/home/user/.m2/repository/org/glassfish/jersey/inject/jersey-hk2/2.27/jersey-hk2-2.27.jar:/home/user/.m2/repository/org/glassfish/hk2/hk2-locator/2.5.0-b42/hk2-locator-2.5.0-b42.jar:/home/user/.m2/repository/org/javassist/javassist/3.22.0-CR2/javassist-3.22.0-CR2.jar:/home/user/.m2/repository/org/glassfish/hk2/hk2-api/2.5.0/hk2-api-2.5.0.jar:/home/user/.m2/repository/org/glassfish/hk2/external/jakarta.inject/2.5.0/jakarta.inject-2.5.0.jar:/home/user/.m2/repository/org/glassfish/hk2/hk2-utils/2.5.0/hk2-utils-2.5.0.jar:/home/user/.m2/repository/jakarta/annotation/jakarta.annotation-api/1.3.4/jakarta.annotation-api-1.3.4.jar:/home/user/.m2/repository/org/glassfish/hk2/external/aopalliance-repackaged/2.5.0/aopalliance-repackaged-2.5.0.jar:/home/user/.m2/repository/com/fasterxml/jackson/dataformat/jackson-dataformat-xml/2.9.0/jackson-dataformat-xml-2.9.0.jar:/home/user/.m2/repository/com/fasterxml/jackson/module/jackson-module-jaxb-annotations/2.9.9/jackson-module-jaxb-annotations-2.9.9.jar:/home/user/.m2/repository/javax/enterprise/cdi-api/1.2/cdi-api-1.2.jar:/home/user/.m2/repository/javax/el/javax.el-api/3.0.0/javax.el-api-3.0.0.jar:/home/user/.m2/repository/javax/interceptor/javax.interceptor-api/1.2/javax.interceptor-api-1.2.jar:/home/user/.m2/repository/javax/inject/javax.inject/1/javax.inject-1.jar:/home/user/.m2/repository/com/sun/xml/bind/jaxb-core/2.3.0.1/jaxb-core-2.3.0.1.jar:/home/user/.m2/repository/javax/xml/bind/jaxb-api/2.3.0/jaxb-api-2.3.0.jar:/home/user/.m2/repository/javax/activation/activation/1.1.1/activation-1.1.1.jar:/home/user/.m2/repository/org/apache/hadoop/hadoop-ozone-csi/0.5.0-SNAPSHOT/hadoop-ozone-csi-0.5.0-SNAPSHOT.jar:/home/user/.m2/repository/com/google/protobuf/protobuf-java-util/3.5.1/protobuf-java-util-3.5.1.jar:/home/user/.m2/repository/io/grpc/grpc-netty/1.17.1/grpc-netty-1.17.1.jar:/home/user/.m2/repository/io/grpc/grpc-core/1.17.1/grpc-core-1.17.1.jar:/home/user/.m2/repository/io/grpc/grpc-context/1.17.1/grpc-context-1.17.1.jar:/home/user/.m2/repository/com/google/errorprone/error_prone_annotations/2.2.0/error_prone_annotations-2.2.0.jar:/home/user/.m2/repository/org/codehaus/mojo/animal-sniffer-annotations/1.17/animal-sniffer-annotations-1.17.jar:/home/user/.m2/repository/io/opencensus/opencensus-api/0.17.0/opencensus-api-0.17.0.jar:/home/user/.m2/repository/io/opencensus/opencensus-contrib-grpc-metrics/0.17.0/opencensus-contrib-grpc-metrics-0.17.0.jar:/home/user/.m2/repository/io/netty/netty-codec-http2/4.1.30.Final/netty-codec-http2-4.1.30.Final.jar:/home/user/.m2/repository/io/netty/netty-codec-http/4.1.30.Final/netty-codec-http-4.1.30.Final.jar:/home/user/.m2/repository/io/netty/netty-codec/4.1.30.Final/netty-codec-4.1.30.Final.jar:/home/user/.m2/repository/io/netty/netty-handler/4.1.30.Final/netty-handler-4.1.30.Final.jar:/home/user/.m2/repository/io/netty/netty-handler-proxy/4.1.30.Final/netty-handler-proxy-4.1.30.Final.jar:/home/user/.m2/repository/io/netty/netty-codec-socks/4.1.30.Final/netty-codec-socks-4.1.30.Final.jar:/home/user/.m2/repository/io/netty/netty-transport-native-epoll/4.1.30.Final/netty-transport-native-epoll-4.1.30.Final.jar:/home/user/.m2/repository/io/netty/netty-common/4.1.30.Final/netty-common-4.1.30.Final.jar:/home/user/.m2/repository/io/netty/netty-buffer/4.1.30.Final/netty-buffer-4.1.30.Final.jar:/home/user/.m2/repository/io/netty/netty-transport/4.1.30.Final/netty-transport-4.1.30.Final.jar:/home/user/.m2/repository/io/netty/netty-resolver/4.1.30.Final/netty-resolver-4.1.30.Final.jar:/home/user/.m2/repository/io/netty/netty-transport-native-unix-common/4.1.30.Final/netty-transport-native-unix-common-4.1.30.Final.jar:/home/user/.m2/repository/io/grpc/grpc-protobuf/1.17.1/grpc-protobuf-1.17.1.jar:/home/user/.m2/repository/com/google/api/grpc/proto-google-common-protos/1.0.0/proto-google-common-protos-1.0.0.jar:/home/user/.m2/repository/io/grpc/grpc-protobuf-lite/1.17.1/grpc-protobuf-lite-1.17.1.jar:/home/user/.m2/repository/io/grpc/grpc-stub/1.17.1/grpc-stub-1.17.1.jar:/home/user/.m2/repository/org/apache/hadoop/hadoop-ozone-recon/0.5.0-SNAPSHOT/hadoop-ozone-recon-0.5.0-SNAPSHOT.jar:/home/user/.m2/repository/org/apache/hadoop/hadoop-ozone-reconcodegen/0.5.0-SNAPSHOT/hadoop-ozone-reconcodegen-0.5.0-SNAPSHOT.jar:/home/user/.m2/repository/com/google/inject/extensions/guice-multibindings/4.0/guice-multibindings-4.0.jar:/home/user/.m2/repository/com/google/inject/guice/4.0/guice-4.0.jar:/home/user/.m2/repository/aopalliance/aopalliance/1.0/aopalliance-1.0.jar:/home/user/.m2/repository/org/glassfish/jersey/containers/jersey-container-servlet/2.27/jersey-container-servlet-2.27.jar:/home/user/.m2/repository/org/glassfish/hk2/guice-bridge/2.5.0/guice-bridge-2.5.0.jar:/home/user/.m2/repository/org/glassfish/jersey/core/jersey-server/2.27/jersey-server-2.27.jar:/home/user/.m2/repository/org/glassfish/jersey/core/jersey-client/2.27/jersey-client-2.27.jar:/home/user/.m2/repository/org/glassfish/jersey/media/jersey-media-jaxb/2.27/jersey-media-jaxb-2.27.jar:/home/user/.m2/repository/javax/validation/validation-api/1.1.0.Final/validation-api-1.1.0.Final.jar:/home/user/.m2/repository/org/glassfish/jersey/media/jersey-media-json-jackson/2.27/jersey-media-json-jackson-2.27.jar:/home/user/.m2/repository/org/glassfish/jersey/ext/jersey-entity-filtering/2.27/jersey-entity-filtering-2.27.jar:/home/user/.m2/repository/com/google/inject/extensions/guice-assistedinject/4.0/guice-assistedinject-4.0.jar:/home/user/.m2/repository/org/jooq/jooq/3.11.10/jooq-3.11.10.jar:/home/user/.m2/repository/org/jooq/jooq-meta/3.11.10/jooq-meta-3.11.10.jar:/home/user/.m2/repository/org/jooq/jooq-codegen/3.11.10/jooq-codegen-3.11.10.jar:/home/user/.m2/repository/com/jolbox/bonecp/0.8.0.RELEASE/bonecp-0.8.0.RELEASE.jar:/home/user/.m2/repository/org/springframework/spring-jdbc/5.1.3.RELEASE/spring-jdbc-5.1.3.RELEASE.jar:/home/user/.m2/repository/org/springframework/spring-beans/5.1.3.RELEASE/spring-beans-5.1.3.RELEASE.jar:/home/user/.m2/repository/org/springframework/spring-core/5.1.3.RELEASE/spring-core-5.1.3.RELEASE.jar:/home/user/.m2/repository/org/springframework/spring-jcl/5.1.3.RELEASE/spring-jcl-5.1.3.RELEASE.jar:/home/user/.m2/repository/org/springframework/spring-tx/5.1.3.RELEASE/spring-tx-5.1.3.RELEASE.jar:/home/user/.m2/repository/org/mockito/mockito-all/1.10.19/mockito-all-1.10.19.jar:/home/user/.m2/repository/junit/junit/4.11/junit-4.11.jar:/home/user/.m2/repository/org/hamcrest/hamcrest-core/1.3/hamcrest-core-1.3.jar:/home/user/.m2/repository/org/apache/hadoop/hadoop-distcp/3.2.0/hadoop-distcp-3.2.0.jar:/home/user/.m2/repository/org/apache/hadoop/hadoop-distcp/3.2.0/hadoop-distcp-3.2.0-tests.jar:/home/user/.m2/repository/org/apache/hadoop/hadoop-mapreduce-client-jobclient/3.2.0/hadoop-mapreduce-client-jobclient-3.2.0.jar:/home/user/.m2/repository/org/apache/hadoop/hadoop-mapreduce-client-common/3.2.0/hadoop-mapreduce-client-common-3.2.0.jar:/home/user/.m2/repository/org/apache/hadoop/hadoop-yarn-common/3.2.0/hadoop-yarn-common-3.2.0.jar:/home/user/.m2/repository/org/apache/hadoop/hadoop-yarn-api/3.2.0/hadoop-yarn-api-3.2.0.jar:/home/user/.m2/repository/com/sun/jersey/jersey-client/1.19/jersey-client-1.19.jar:/home/user/.m2/repository/com/sun/jersey/contribs/jersey-guice/1.19/jersey-guice-1.19.jar:/home/user/.m2/repository/com/fasterxml/jackson/jaxrs/jackson-jaxrs-json-provider/2.9.9/jackson-jaxrs-json-provider-2.9.9.jar:/home/user/.m2/repository/com/fasterxml/jackson/jaxrs/jackson-jaxrs-base/2.9.9/jackson-jaxrs-base-2.9.9.jar:/home/user/.m2/repository/org/apache/hadoop/hadoop-yarn-client/3.2.0/hadoop-yarn-client-3.2.0.jar:/home/user/.m2/repository/org/apache/hadoop/hadoop-mapreduce-client-core/3.2.0/hadoop-mapreduce-client-core-3.2.0.jar:/home/user/.m2/repository/com/google/inject/extensions/guice-servlet/4.0/guice-servlet-4.0.jar:/home/user/.m2/repository/org/powermock/powermock-module-junit4/1.6.5/powermock-module-junit4-1.6.5.jar:/home/user/.m2/repository/org/powermock/powermock-module-junit4-common/1.6.5/powermock-module-junit4-common-1.6.5.jar:/home/user/.m2/repository/org/powermock/powermock-core/1.6.5/powermock-core-1.6.5.jar:/home/user/.m2/repository/org/powermock/powermock-reflect/1.6.5/powermock-reflect-1.6.5.jar:/home/user/.m2/repository/org/powermock/powermock-api-mockito/1.6.5/powermock-api-mockito-1.6.5.jar:/home/user/.m2/repository/org/mockito/mockito-core/1.10.19/mockito-core-1.10.19.jar:/home/user/.m2/repository/org/objenesis/objenesis/1.0/objenesis-1.0.jar:/home/user/.m2/repository/org/powermock/powermock-api-mockito-common/1.6.5/powermock-api-mockito-common-1.6.5.jar:/home/user/.m2/repository/org/powermock/powermock-api-support/1.6.5/powermock-api-support-1.6.5.jar:"/>
    <property name="sun.cpu.endian" value="little"/>
    <property name="user.home" value="/home/user"/>
    <property name="user.language" value="en"/>
    <property name="java.specification.vendor" value="Oracle Corporation"/>
    <property name="java.home" value="/usr/lib/jvm/java-1.8.0-openjdk-1.8.0.222.b10-1.el7_7.x86_64/jre"/>
    <property name="surefire.excludesFile" value="/tools/ozone-bad-unit-tests"/>
    <property name="java.security.krb5.conf" value="/workdir/hadoop-ozone/ozonefs/target/test-classes/krb5.conf"/>
    <property name="basedir" value="/workdir/hadoop-ozone/ozonefs"/>
    <property name="file.separator" value="/"/>
    <property name="line.separator" value="&#10;"/>
    <property name="java.vm.specification.vendor" value="Oracle Corporation"/>
    <property name="java.specification.name" value="Java Platform API Specification"/>
    <property name="java.awt.graphicsenv" value="sun.awt.X11GraphicsEnvironment"/>
    <property name="surefire.real.class.path" value="/workdir/hadoop-ozone/ozonefs/target/surefire/surefirebooter3799096440081263668.jar"/>
    <property name="hadoop.log.dir" value="/workdir/hadoop-ozone/ozonefs/target/log"/>
    <property name="sun.boot.class.path" value="/usr/lib/jvm/java-1.8.0-openjdk-1.8.0.222.b10-1.el7_7.x86_64/jre/lib/resources.jar:/usr/lib/jvm/java-1.8.0-openjdk-1.8.0.222.b10-1.el7_7.x86_64/jre/lib/rt.jar:/usr/lib/jvm/java-1.8.0-openjdk-1.8.0.222.b10-1.el7_7.x86_64/jre/lib/sunrsasign.jar:/usr/lib/jvm/java-1.8.0-openjdk-1.8.0.222.b10-1.el7_7.x86_64/jre/lib/jsse.jar:/usr/lib/jvm/java-1.8.0-openjdk-1.8.0.222.b10-1.el7_7.x86_64/jre/lib/jce.jar:/usr/lib/jvm/java-1.8.0-openjdk-1.8.0.222.b10-1.el7_7.x86_64/jre/lib/charsets.jar:/usr/lib/jvm/java-1.8.0-openjdk-1.8.0.222.b10-1.el7_7.x86_64/jre/lib/jfr.jar:/usr/lib/jvm/java-1.8.0-openjdk-1.8.0.222.b10-1.el7_7.x86_64/jre/classes"/>
    <property name="sun.management.compiler" value="HotSpot 64-Bit Tiered Compilers"/>
    <property name="java.runtime.version" value="1.8.0_222-b10"/>
    <property name="java.net.preferIPv4Stack" value="true"/>
    <property name="user.name" value="jenkins1000"/>
    <property name="path.separator" value=":"/>
    <property name="java.security.egd" value="file:///dev/urandom"/>
    <property name="os.version" value="3.10.0-957.12.2.el7.x86_64"/>
    <property name="java.endorsed.dirs" value="/usr/lib/jvm/java-1.8.0-openjdk-1.8.0.222.b10-1.el7_7.x86_64/jre/lib/endorsed"/>
    <property name="java.runtime.name" value="OpenJDK Runtime Environment"/>
    <property name="file.encoding" value="ANSI_X3.4-1968"/>
    <property name="java.vm.name" value="OpenJDK 64-Bit Server VM"/>
    <property name="test.build.webapps" value=""/>
    <property name="localRepository" value="/home/user/.m2/repository"/>
    <property name="java.vendor.url.bug" value="http://bugreport.sun.com/bugreport/"/>
    <property name="java.io.tmpdir" value="/tmp"/>
    <property name="require.test.libhadoop" value=""/>
    <property name="java.version" value="1.8.0_222"/>
    <property name="user.dir" value="/workdir/hadoop-ozone/ozonefs"/>
    <property name="os.arch" value="amd64"/>
    <property name="java.vm.specification.name" value="Java Virtual Machine Specification"/>
    <property name="test.build.classes" value="/workdir/hadoop-ozone/ozonefs/target/test-classes"/>
    <property name="java.awt.printerjob" value="sun.print.PSPrinterJob"/>
    <property name="sun.os.patch.level" value="unknown"/>
    <property name="hadoop.tmp.dir" value="/workdir/hadoop-ozone/ozonefs/target/tmp"/>
    <property name="java.library.path" value="/usr/lib:/workdir/hadoop-ozone/ozonefs/target/native/target/usr/local/lib:/workdir/hadoop-ozone/ozonefs/../../hadoop-common-project/hadoop-common/target/native/target/usr/local/lib:/usr/java/packages/lib/amd64:/usr/lib64:/lib64:/lib:/usr/lib"/>
    <property name="java.vm.info" value="mixed mode"/>
    <property name="java.vendor" value="Oracle Corporation"/>
    <property name="java.vm.version" value="25.222-b10"/>
    <property name="java.ext.dirs" value="/usr/lib/jvm/java-1.8.0-openjdk-1.8.0.222.b10-1.el7_7.x86_64/jre/lib/ext:/usr/java/packages/lib/ext"/>
    <property name="sun.io.unicode.encoding" value="UnicodeLittle"/>
    <property name="java.class.version" value="52.0"/>
  </properties>
  <testcase name="org.apache.hadoop.fs.ozone.TestOzoneFSInputStream" classname="org.apache.hadoop.fs.ozone.TestOzoneFSInputStream" time="101.84">
    <error message="org.apache.hadoop.hdds.scm.exceptions.SCMException: Allocated 0 blocks. Requested 1 blocks&#10;	at org.apache.hadoop.hdds.scm.protocolPB.ScmBlockLocationProtocolClientSideTranslatorPB.handleError(ScmBlockLocationProtocolClientSideTranslatorPB.java:118)&#10;	at org.apache.hadoop.hdds.scm.protocolPB.ScmBlockLocationProtocolClientSideTranslatorPB.allocateBlock(ScmBlockLocationProtocolClientSideTranslatorPB.java:156)&#10;	at sun.reflect.NativeMethodAccessorImpl.invoke0(Native Method)&#10;	at sun.reflect.NativeMethodAccessorImpl.invoke(NativeMethodAccessorImpl.java:62)&#10;	at sun.reflect.DelegatingMethodAccessorImpl.invoke(DelegatingMethodAccessorImpl.java:43)&#10;	at java.lang.reflect.Method.invoke(Method.java:498)&#10;	at org.apache.hadoop.hdds.tracing.TraceAllMethod.invoke(TraceAllMethod.java:66)&#10;	at com.sun.proxy.$Proxy27.allocateBlock(Unknown Source)&#10;	at org.apache.hadoop.ozone.om.request.key.OMKeyRequest.allocateBlock(OMKeyRequest.java:129)&#10;	at org.apache.hadoop.ozone.om.request.file.OMFileCreateRequest.preExecute(OMFileCreateRequest.java:126)&#10;	at org.apache.hadoop.ozone.protocolPB.OzoneManagerProtocolServerSideTranslatorPB.submitRequestDirectlyToOM(OzoneManagerProtocolServerSideTranslatorPB.java:225)&#10;	at org.apache.hadoop.ozone.protocolPB.OzoneManagerProtocolServerSideTranslatorPB.processRequest(OzoneManagerProtocolServerSideTranslatorPB.java:134)&#10;	at org.apache.hadoop.hdds.server.OzoneProtocolMessageDispatcher.processRequest(OzoneProtocolMessageDispatcher.java:72)&#10;	at org.apache.hadoop.ozone.protocolPB.OzoneManagerProtocolServerSideTranslatorPB.submitRequest(OzoneManagerProtocolServerSideTranslatorPB.java:102)&#10;	at org.apache.hadoop.ozone.protocol.proto.OzoneManagerProtocolProtos$OzoneManagerService$2.callBlockingMethod(OzoneManagerProtocolProtos.java)&#10;	at org.apache.hadoop.ipc.ProtobufRpcEngine$Server$ProtoBufRpcInvoker.call(ProtobufRpcEngine.java:524)&#10;	at org.apache.hadoop.ipc.RPC$Server.call(RPC.java:1025)&#10;	at org.apache.hadoop.ipc.Server$RpcCall.run(Server.java:876)&#10;	at org.apache.hadoop.ipc.Server$RpcCall.run(Server.java:822)&#10;	at java.security.AccessController.doPrivileged(Native Method)&#10;	at javax.security.auth.Subject.doAs(Subject.java:422)&#10;	at org.apache.hadoop.security.UserGroupInformation.doAs(UserGroupInformation.java:1730)&#10;	at org.apache.hadoop.ipc.Server$Handler.run(Server.java:2682)&#10;" type="INTERNAL_ERROR org.apache.hadoop.ozone.om.exceptions.OMException">INTERNAL_ERROR org.apache.hadoop.ozone.om.exceptions.OMException: org.apache.hadoop.hdds.scm.exceptions.SCMException: Allocated 0 blocks. Requested 1 blocks
	at org.apache.hadoop.hdds.scm.protocolPB.ScmBlockLocationProtocolClientSideTranslatorPB.handleError(ScmBlockLocationProtocolClientSideTranslatorPB.java:118)
	at org.apache.hadoop.hdds.scm.protocolPB.ScmBlockLocationProtocolClientSideTranslatorPB.allocateBlock(ScmBlockLocationProtocolClientSideTranslatorPB.java:156)
	at sun.reflect.NativeMethodAccessorImpl.invoke0(Native Method)
	at sun.reflect.NativeMethodAccessorImpl.invoke(NativeMethodAccessorImpl.java:62)
	at sun.reflect.DelegatingMethodAccessorImpl.invoke(DelegatingMethodAccessorImpl.java:43)
	at java.lang.reflect.Method.invoke(Method.java:498)
	at org.apache.hadoop.hdds.tracing.TraceAllMethod.invoke(TraceAllMethod.java:66)
	at com.sun.proxy.$Proxy27.allocateBlock(Unknown Source)
	at org.apache.hadoop.ozone.om.request.key.OMKeyRequest.allocateBlock(OMKeyRequest.java:129)
	at org.apache.hadoop.ozone.om.request.file.OMFileCreateRequest.preExecute(OMFileCreateRequest.java:126)
	at org.apache.hadoop.ozone.protocolPB.OzoneManagerProtocolServerSideTranslatorPB.submitRequestDirectlyToOM(OzoneManagerProtocolServerSideTranslatorPB.java:225)
	at org.apache.hadoop.ozone.protocolPB.OzoneManagerProtocolServerSideTranslatorPB.processRequest(OzoneManagerProtocolServerSideTranslatorPB.java:134)
	at org.apache.hadoop.hdds.server.OzoneProtocolMessageDispatcher.processRequest(OzoneProtocolMessageDispatcher.java:72)
	at org.apache.hadoop.ozone.protocolPB.OzoneManagerProtocolServerSideTranslatorPB.submitRequest(OzoneManagerProtocolServerSideTranslatorPB.java:102)
	at org.apache.hadoop.ozone.protocol.proto.OzoneManagerProtocolProtos$OzoneManagerService$2.callBlockingMethod(OzoneManagerProtocolProtos.java)
	at org.apache.hadoop.ipc.ProtobufRpcEngine$Server$ProtoBufRpcInvoker.call(ProtobufRpcEngine.java:524)
	at org.apache.hadoop.ipc.RPC$Server.call(RPC.java:1025)
	at org.apache.hadoop.ipc.Server$RpcCall.run(Server.java:876)
	at org.apache.hadoop.ipc.Server$RpcCall.run(Server.java:822)
	at java.security.AccessController.doPrivileged(Native Method)
	at javax.security.auth.Subject.doAs(Subject.java:422)
	at org.apache.hadoop.security.UserGroupInformation.doAs(UserGroupInformation.java:1730)
	at org.apache.hadoop.ipc.Server$Handler.run(Server.java:2682)

	at org.apache.hadoop.ozone.om.protocolPB.OzoneManagerProtocolClientSideTranslatorPB.handleError(OzoneManagerProtocolClientSideTranslatorPB.java:732)
	at org.apache.hadoop.ozone.om.protocolPB.OzoneManagerProtocolClientSideTranslatorPB.createFile(OzoneManagerProtocolClientSideTranslatorPB.java:1536)
	at sun.reflect.NativeMethodAccessorImpl.invoke0(Native Method)
	at sun.reflect.NativeMethodAccessorImpl.invoke(NativeMethodAccessorImpl.java:62)
	at sun.reflect.DelegatingMethodAccessorImpl.invoke(DelegatingMethodAccessorImpl.java:43)
	at java.lang.reflect.Method.invoke(Method.java:498)
	at org.apache.hadoop.hdds.tracing.TraceAllMethod.invoke(TraceAllMethod.java:66)
	at com.sun.proxy.$Proxy37.createFile(Unknown Source)
	at org.apache.hadoop.ozone.client.rpc.RpcClient.createFile(RpcClient.java:1025)
	at org.apache.hadoop.ozone.client.OzoneBucket.createFile(OzoneBucket.java:537)
	at org.apache.hadoop.fs.ozone.BasicOzoneClientAdapterImpl.createFile(BasicOzoneClientAdapterImpl.java:208)
	at org.apache.hadoop.fs.ozone.BasicOzoneFileSystem.createOutputStream(BasicOzoneFileSystem.java:250)
	at org.apache.hadoop.fs.ozone.BasicOzoneFileSystem.create(BasicOzoneFileSystem.java:231)
	at org.apache.hadoop.fs.FileSystem.create(FileSystem.java:1118)
	at org.apache.hadoop.fs.FileSystem.create(FileSystem.java:1098)
	at org.apache.hadoop.fs.FileSystem.create(FileSystem.java:987)
	at org.apache.hadoop.fs.FileSystem.create(FileSystem.java:975)
	at org.apache.hadoop.fs.ozone.TestOzoneFSInputStream.init(TestOzoneFSInputStream.java:86)
	at sun.reflect.NativeMethodAccessorImpl.invoke0(Native Method)
	at sun.reflect.NativeMethodAccessorImpl.invoke(NativeMethodAccessorImpl.java:62)
	at sun.reflect.DelegatingMethodAccessorImpl.invoke(DelegatingMethodAccessorImpl.java:43)
	at java.lang.reflect.Method.invoke(Method.java:498)
	at org.junit.runners.model.FrameworkMethod$1.runReflectiveCall(FrameworkMethod.java:47)
	at org.junit.internal.runners.model.ReflectiveCallable.run(ReflectiveCallable.java:12)
	at org.junit.runners.model.FrameworkMethod.invokeExplosively(FrameworkMethod.java:44)
	at org.junit.internal.runners.statements.RunBefores.evaluate(RunBefores.java:24)
	at org.junit.internal.runners.statements.RunAfters.evaluate(RunAfters.java:27)
	at org.junit.runners.ParentRunner.run(ParentRunner.java:309)
	at org.apache.maven.surefire.junit4.JUnit4Provider.execute(JUnit4Provider.java:365)
	at org.apache.maven.surefire.junit4.JUnit4Provider.executeWithRerun(JUnit4Provider.java:273)
	at org.apache.maven.surefire.junit4.JUnit4Provider.executeTestSet(JUnit4Provider.java:238)
	at org.apache.maven.surefire.junit4.JUnit4Provider.invoke(JUnit4Provider.java:159)
	at org.apache.maven.surefire.booter.ForkedBooter.invokeProviderInSameClassLoader(ForkedBooter.java:384)
	at org.apache.maven.surefire.booter.ForkedBooter.runSuitesInProcess(ForkedBooter.java:345)
	at org.apache.maven.surefire.booter.ForkedBooter.execute(ForkedBooter.java:126)
	at org.apache.maven.surefire.booter.ForkedBooter.main(ForkedBooter.java:418)
</error>
    <system-out><![CDATA[2019-11-07 17:30:06,496 [main] WARN  server.ServerUtils (ServerUtils.java:getScmDbDir(145)) - ozone.scm.db.dirs is not configured. We recommend adding this setting. Falling back to ozone.metadata.dirs instead.
2019-11-07 17:30:25,187 [main] WARN  server.ServerUtils (ServerUtils.java:getScmDbDir(145)) - ozone.scm.db.dirs is not configured. We recommend adding this setting. Falling back to ozone.metadata.dirs instead.
2019-11-07 17:30:25,191 [main] WARN  server.ServerUtils (ServerUtils.java:getScmDbDir(145)) - ozone.scm.db.dirs is not configured. We recommend adding this setting. Falling back to ozone.metadata.dirs instead.
2019-11-07 17:30:25,222 [main] INFO  util.log (Log.java:initialized(192)) - Logging initialized @19531ms
2019-11-07 17:30:25,322 [main] INFO  db.DBStoreBuilder (DBStoreBuilder.java:addTable(127)) - using custom profile for table: deletedBlocks
2019-11-07 17:30:25,323 [main] INFO  db.DBStoreBuilder (DBStoreBuilder.java:processTables(183)) - Using default column profile:DBProfile.DISK for Table:deletedBlocks
2019-11-07 17:30:25,323 [main] INFO  db.DBStoreBuilder (DBStoreBuilder.java:addTable(127)) - using custom profile for table: validCerts
2019-11-07 17:30:25,323 [main] INFO  db.DBStoreBuilder (DBStoreBuilder.java:processTables(183)) - Using default column profile:DBProfile.DISK for Table:validCerts
2019-11-07 17:30:25,323 [main] INFO  db.DBStoreBuilder (DBStoreBuilder.java:addTable(127)) - using custom profile for table: revokedCerts
2019-11-07 17:30:25,324 [main] INFO  db.DBStoreBuilder (DBStoreBuilder.java:processTables(183)) - Using default column profile:DBProfile.DISK for Table:revokedCerts
2019-11-07 17:30:25,336 [main] INFO  db.DBStoreBuilder (DBStoreBuilder.java:addTable(127)) - using custom profile for table: default
2019-11-07 17:30:25,336 [main] INFO  db.DBStoreBuilder (DBStoreBuilder.java:processTables(189)) - Using default column profile:DBProfile.DISK for Table:default
2019-11-07 17:30:25,338 [main] INFO  db.DBStoreBuilder (DBStoreBuilder.java:getDbProfile(220)) - Using default options. DBProfile.DISK
2019-11-07 17:30:39,173 [main] INFO  net.NodeSchemaLoader (NodeSchemaLoader.java:loadSchemaFromFile(125)) - Loading file from sun.misc.CompoundEnumeration@7c7a06ec
2019-11-07 17:30:39,175 [main] INFO  net.NodeSchemaLoader (NodeSchemaLoader.java:loadSchema(171)) - Loading network topology layer schema file
2019-11-07 17:30:39,229 [main] WARN  server.ServerUtils (ServerUtils.java:sanitizeUserArgs(70)) - ozone.scm.stale.node.interval value = 300000 is larger than max = 100000 based on the key value of ozone.scm.heartbeat.thread.interval, reset to the max value 100000.
2019-11-07 17:30:39,231 [main] WARN  server.ServerUtils (ServerUtils.java:sanitizeUserArgs(70)) - ozone.scm.stale.node.interval value = 300000 is larger than max = 100000 based on the key value of ozone.scm.heartbeat.thread.interval, reset to the max value 100000.
2019-11-07 17:30:39,233 [main] INFO  node.SCMNodeManager (SCMNodeManager.java:<init>(117)) - Entering startup safe mode.
2019-11-07 17:30:39,344 [main] INFO  algorithms.ContainerPlacementPolicyFactory (ContainerPlacementPolicyFactory.java:getPolicy(57)) - Create container placement policy of type org.apache.hadoop.hdds.scm.container.placement.algorithms.SCMContainerPlacementRandom
2019-11-07 17:30:39,358 [main] WARN  server.ServerUtils (ServerUtils.java:getScmDbDir(145)) - ozone.scm.db.dirs is not configured. We recommend adding this setting. Falling back to ozone.metadata.dirs instead.
2019-11-07 17:30:39,453 [main] INFO  pipeline.SCMPipelineManager (SCMPipelineManager.java:initializePipelineState(132)) - No pipeline exists in current db
2019-11-07 17:30:39,455 [main] WARN  server.ServerUtils (ServerUtils.java:getScmDbDir(145)) - ozone.scm.db.dirs is not configured. We recommend adding this setting. Falling back to ozone.metadata.dirs instead.
2019-11-07 17:30:39,584 [main] WARN  events.EventQueue (EventQueue.java:fireEvent(183)) - No event handler registered for event TypedEvent{payloadType=SafeModeStatus, name='SafeModeStatus'}
2019-11-07 17:30:39,936 [main] INFO  ipc.CallQueueManager (CallQueueManager.java:<init>(84)) - Using callQueue: class java.util.concurrent.LinkedBlockingQueue, queueCapacity: 2000, scheduler: class org.apache.hadoop.ipc.DefaultRpcScheduler, ipcBackoff: false.
2019-11-07 17:30:40,073 [Socket Reader #1 for port 35327] INFO  ipc.Server (Server.java:run(1074)) - Starting Socket Reader #1 for port 35327
2019-11-07 17:30:40,108 [main] INFO  ipc.CallQueueManager (CallQueueManager.java:<init>(84)) - Using callQueue: class java.util.concurrent.LinkedBlockingQueue, queueCapacity: 2000, scheduler: class org.apache.hadoop.ipc.DefaultRpcScheduler, ipcBackoff: false.
2019-11-07 17:30:40,109 [Socket Reader #1 for port 37702] INFO  ipc.Server (Server.java:run(1074)) - Starting Socket Reader #1 for port 37702
2019-11-07 17:30:40,120 [main] INFO  ipc.CallQueueManager (CallQueueManager.java:<init>(84)) - Using callQueue: class java.util.concurrent.LinkedBlockingQueue, queueCapacity: 2000, scheduler: class org.apache.hadoop.ipc.DefaultRpcScheduler, ipcBackoff: false.
2019-11-07 17:30:40,121 [Socket Reader #1 for port 41853] INFO  ipc.Server (Server.java:run(1074)) - Starting Socket Reader #1 for port 41853
2019-11-07 17:30:40,146 [main] INFO  hdfs.DFSUtil (DFSUtil.java:httpServerTemplateForNNAndJN(1641)) - Starting Web-server for scm at: http://0.0.0.0:0
2019-11-07 17:30:40,274 [main] INFO  server.AuthenticationFilter (AuthenticationFilter.java:constructSecretProvider(240)) - Unable to initialize FileSignerSecretProvider, falling back to use random secrets.
2019-11-07 17:30:40,301 [main] WARN  http.HttpRequestLog (HttpRequestLog.java:getRequestLog(97)) - Jetty request log can only be enabled using Log4j
2019-11-07 17:30:40,315 [main] INFO  http.HttpServer2 (HttpServer2.java:addGlobalFilter(975)) - Added global filter 'safety' (class=org.apache.hadoop.http.HttpServer2$QuotingInputFilter)
2019-11-07 17:30:40,319 [main] INFO  http.HttpServer2 (HttpServer2.java:addFilter(948)) - Added filter static_user_filter (class=org.apache.hadoop.http.lib.StaticUserWebFilter$StaticUserFilter) to context scm
2019-11-07 17:30:40,319 [main] INFO  http.HttpServer2 (HttpServer2.java:addFilter(958)) - Added filter static_user_filter (class=org.apache.hadoop.http.lib.StaticUserWebFilter$StaticUserFilter) to context logs
2019-11-07 17:30:40,320 [main] INFO  http.HttpServer2 (HttpServer2.java:addFilter(958)) - Added filter static_user_filter (class=org.apache.hadoop.http.lib.StaticUserWebFilter$StaticUserFilter) to context static
2019-11-07 17:30:40,360 [main] INFO  server.StorageContainerManager (StorageContainerManager.java:start(782)) - StorageContainerLocationProtocol RPC server is listening at /0.0.0.0:41853
2019-11-07 17:30:40,423 [main] WARN  impl.MetricsConfig (MetricsConfig.java:loadFirst(134)) - Cannot locate configuration: tried hadoop-metrics2-storagecontainermanager.properties,hadoop-metrics2.properties
2019-11-07 17:30:40,435 [main] INFO  impl.MetricsSystemImpl (MetricsSystemImpl.java:startTimer(374)) - Scheduled Metric snapshot period at 10 second(s).
2019-11-07 17:30:40,435 [main] INFO  impl.MetricsSystemImpl (MetricsSystemImpl.java:start(191)) - StorageContainerManager metrics system started
2019-11-07 17:30:40,672 [main] INFO  server.SCMClientProtocolServer (SCMClientProtocolServer.java:start(159)) - RPC server for Client  is listening at /0.0.0.0:41853
2019-11-07 17:30:40,673 [IPC Server Responder] INFO  ipc.Server (Server.java:run(1314)) - IPC Server Responder: starting
2019-11-07 17:30:40,673 [IPC Server listener on 41853] INFO  ipc.Server (Server.java:run(1153)) - IPC Server listener on 41853: starting
2019-11-07 17:30:40,677 [main] INFO  server.StorageContainerManager (StorageContainerManager.java:start(792)) - ScmBlockLocationProtocol RPC server is listening at /0.0.0.0:37702
2019-11-07 17:30:40,677 [main] INFO  server.SCMBlockProtocolServer (SCMBlockProtocolServer.java:start(146)) - RPC server for Block Protocol is listening at /0.0.0.0:37702
2019-11-07 17:30:40,678 [IPC Server Responder] INFO  ipc.Server (Server.java:run(1314)) - IPC Server Responder: starting
2019-11-07 17:30:40,678 [IPC Server listener on 37702] INFO  ipc.Server (Server.java:run(1153)) - IPC Server listener on 37702: starting
2019-11-07 17:30:40,681 [main] INFO  server.StorageContainerManager (StorageContainerManager.java:start(796)) - ScmDatanodeProtocl RPC server is listening at /0.0.0.0:35327
2019-11-07 17:30:40,681 [main] INFO  server.SCMDatanodeProtocolServer (SCMDatanodeProtocolServer.java:start(169)) - RPC server for DataNodes is listening at /0.0.0.0:35327
2019-11-07 17:30:40,682 [IPC Server Responder] INFO  ipc.Server (Server.java:run(1314)) - IPC Server Responder: starting
2019-11-07 17:30:40,682 [IPC Server listener on 35327] INFO  ipc.Server (Server.java:run(1153)) - IPC Server listener on 35327: starting
2019-11-07 17:30:40,686 [main] INFO  http.HttpServer2 (HttpServer2.java:bindListener(1191)) - Jetty bound to port 35348
2019-11-07 17:30:40,687 [main] INFO  server.Server (Server.java:doStart(351)) - jetty-9.3.25.v20180904, build timestamp: 2018-09-04T21:11:46Z, git hash: 3ce520221d0240229c862b122d2b06c12a625732
2019-11-07 17:30:40,715 [main] INFO  handler.ContextHandler (ContextHandler.java:doStart(781)) - Started o.e.j.s.ServletContextHandler@b7838a9{/logs,file:///workdir/hadoop-ozone/ozonefs/target/log,AVAILABLE}
2019-11-07 17:30:40,716 [main] INFO  handler.ContextHandler (ContextHandler.java:doStart(781)) - Started o.e.j.s.ServletContextHandler@56c698e3{/static,jar:file:/home/user/.m2/repository/org/apache/hadoop/hadoop-hdds-server-scm/0.5.0-SNAPSHOT/hadoop-hdds-server-scm-0.5.0-SNAPSHOT.jar!/webapps/static,AVAILABLE}
2019-11-07 17:30:40,815 [main] INFO  handler.ContextHandler (ContextHandler.java:doStart(781)) - Started o.e.j.w.WebAppContext@6c4f9535{/,file:///tmp/jetty-0.0.0.0-35348-scm-_-any-4084775757797544855.dir/webapp/,AVAILABLE}{/scm}
2019-11-07 17:30:40,820 [main] INFO  server.AbstractConnector (AbstractConnector.java:doStart(278)) - Started ServerConnector@48e64352{HTTP/1.1,[http/1.1]}{0.0.0.0:35348}
2019-11-07 17:30:40,820 [main] INFO  server.Server (Server.java:doStart(419)) - Started @35130ms
2019-11-07 17:30:40,823 [main] INFO  impl.MetricsSinkAdapter (MetricsSinkAdapter.java:start(204)) - Sink prometheus started
2019-11-07 17:30:40,823 [main] INFO  impl.MetricsSystemImpl (MetricsSystemImpl.java:registerSink(301)) - Registered sink prometheus
2019-11-07 17:30:40,826 [main] INFO  server.BaseHttpServer (BaseHttpServer.java:updateConnectorAddress(215)) - HTTP server of SCM is listening at http://0.0.0.0:35348
2019-11-07 17:30:40,836 [org.apache.hadoop.util.JvmPauseMonitor$Monitor@1734f68] INFO  util.JvmPauseMonitor (JvmPauseMonitor.java:run(188)) - Starting JVM pause monitor
2019-11-07 17:30:40,843 [main] WARN  server.ServerUtils (ServerUtils.java:getDBPath(222)) - ozone.om.db.dirs is not configured. We recommend adding this setting. Falling back to ozone.metadata.dirs instead.
2019-11-07 17:30:40,963 [main] INFO  ha.OMHANodeDetails (OMHANodeDetails.java:loadOMHAConfig(190)) - Configuration either no ozone.om.address set. Falling back to the default OM address /127.0.0.1:0
2019-11-07 17:30:40,963 [main] INFO  ha.OMHANodeDetails (OMHANodeDetails.java:getOMNodeDetails(220)) - OM Service ID is not set. Setting it to the default ID: omServiceIdDefault
2019-11-07 17:30:40,965 [main] WARN  server.ServerUtils (ServerUtils.java:getDBPath(222)) - ozone.om.db.dirs is not configured. We recommend adding this setting. Falling back to ozone.metadata.dirs instead.
2019-11-07 17:30:40,966 [main] WARN  server.ServerUtils (ServerUtils.java:getDBPath(222)) - ozone.om.db.dirs is not configured. We recommend adding this setting. Falling back to ozone.metadata.dirs instead.
2019-11-07 17:30:41,678 [main] WARN  server.ServerUtils (ServerUtils.java:getDBPath(222)) - ozone.om.db.dirs is not configured. We recommend adding this setting. Falling back to ozone.metadata.dirs instead.
2019-11-07 17:30:41,687 [main] INFO  db.DBStoreBuilder (DBStoreBuilder.java:addTable(127)) - using custom profile for table: userTable
2019-11-07 17:30:41,687 [main] INFO  db.DBStoreBuilder (DBStoreBuilder.java:processTables(183)) - Using default column profile:DBProfile.DISK for Table:userTable
2019-11-07 17:30:41,688 [main] INFO  db.DBStoreBuilder (DBStoreBuilder.java:addTable(127)) - using custom profile for table: volumeTable
2019-11-07 17:30:41,688 [main] INFO  db.DBStoreBuilder (DBStoreBuilder.java:processTables(183)) - Using default column profile:DBProfile.DISK for Table:volumeTable
2019-11-07 17:30:41,688 [main] INFO  db.DBStoreBuilder (DBStoreBuilder.java:addTable(127)) - using custom profile for table: bucketTable
2019-11-07 17:30:41,688 [main] INFO  db.DBStoreBuilder (DBStoreBuilder.java:processTables(183)) - Using default column profile:DBProfile.DISK for Table:bucketTable
2019-11-07 17:30:41,689 [main] INFO  db.DBStoreBuilder (DBStoreBuilder.java:addTable(127)) - using custom profile for table: keyTable
2019-11-07 17:30:41,689 [main] INFO  db.DBStoreBuilder (DBStoreBuilder.java:processTables(183)) - Using default column profile:DBProfile.DISK for Table:keyTable
2019-11-07 17:30:41,689 [main] INFO  db.DBStoreBuilder (DBStoreBuilder.java:addTable(127)) - using custom profile for table: deletedTable
2019-11-07 17:30:41,689 [main] INFO  db.DBStoreBuilder (DBStoreBuilder.java:processTables(183)) - Using default column profile:DBProfile.DISK for Table:deletedTable
2019-11-07 17:30:41,689 [main] INFO  db.DBStoreBuilder (DBStoreBuilder.java:addTable(127)) - using custom profile for table: openKeyTable
2019-11-07 17:30:41,690 [main] INFO  db.DBStoreBuilder (DBStoreBuilder.java:processTables(183)) - Using default column profile:DBProfile.DISK for Table:openKeyTable
2019-11-07 17:30:41,690 [main] INFO  db.DBStoreBuilder (DBStoreBuilder.java:addTable(127)) - using custom profile for table: s3Table
2019-11-07 17:30:41,690 [main] INFO  db.DBStoreBuilder (DBStoreBuilder.java:processTables(183)) - Using default column profile:DBProfile.DISK for Table:s3Table
2019-11-07 17:30:41,690 [main] INFO  db.DBStoreBuilder (DBStoreBuilder.java:addTable(127)) - using custom profile for table: multipartInfoTable
2019-11-07 17:30:41,690 [main] INFO  db.DBStoreBuilder (DBStoreBuilder.java:processTables(183)) - Using default column profile:DBProfile.DISK for Table:multipartInfoTable
2019-11-07 17:30:41,691 [main] INFO  db.DBStoreBuilder (DBStoreBuilder.java:addTable(127)) - using custom profile for table: dTokenTable
2019-11-07 17:30:41,691 [main] INFO  db.DBStoreBuilder (DBStoreBuilder.java:processTables(183)) - Using default column profile:DBProfile.DISK for Table:dTokenTable
2019-11-07 17:30:41,691 [main] INFO  db.DBStoreBuilder (DBStoreBuilder.java:addTable(127)) - using custom profile for table: s3SecretTable
2019-11-07 17:30:41,691 [main] INFO  db.DBStoreBuilder (DBStoreBuilder.java:processTables(183)) - Using default column profile:DBProfile.DISK for Table:s3SecretTable
2019-11-07 17:30:41,692 [main] INFO  db.DBStoreBuilder (DBStoreBuilder.java:addTable(127)) - using custom profile for table: prefixTable
2019-11-07 17:30:41,692 [main] INFO  db.DBStoreBuilder (DBStoreBuilder.java:processTables(183)) - Using default column profile:DBProfile.DISK for Table:prefixTable
2019-11-07 17:30:41,692 [main] INFO  db.DBStoreBuilder (DBStoreBuilder.java:addTable(127)) - using custom profile for table: default
2019-11-07 17:30:41,692 [main] INFO  db.DBStoreBuilder (DBStoreBuilder.java:processTables(189)) - Using default column profile:DBProfile.DISK for Table:default
2019-11-07 17:30:41,692 [main] INFO  db.DBStoreBuilder (DBStoreBuilder.java:getDbProfile(220)) - Using default options. DBProfile.DISK
2019-11-07 17:30:42,324 [main] INFO  ipc.CallQueueManager (CallQueueManager.java:<init>(84)) - Using callQueue: class java.util.concurrent.LinkedBlockingQueue, queueCapacity: 2000, scheduler: class org.apache.hadoop.ipc.DefaultRpcScheduler, ipcBackoff: false.
2019-11-07 17:30:42,325 [Socket Reader #1 for port 45235] INFO  ipc.Server (Server.java:run(1074)) - Starting Socket Reader #1 for port 45235
2019-11-07 17:30:42,352 [main] INFO  om.OzoneManager (OzoneManager.java:start(1076)) - OzoneManager RPC server is listening at localhost/127.0.0.1:45235
2019-11-07 17:30:42,352 [main] INFO  impl.MetricsSystemImpl (MetricsSystemImpl.java:init(158)) - OzoneManager metrics system started (again)
2019-11-07 17:30:42,362 [IPC Server listener on 45235] INFO  ipc.Server (Server.java:run(1153)) - IPC Server listener on 45235: starting
2019-11-07 17:30:42,362 [IPC Server Responder] INFO  ipc.Server (Server.java:run(1314)) - IPC Server Responder: starting
2019-11-07 17:30:42,369 [main] INFO  hdfs.DFSUtil (DFSUtil.java:httpServerTemplateForNNAndJN(1641)) - Starting Web-server for ozoneManager at: http://0.0.0.0:0
2019-11-07 17:30:42,372 [main] INFO  server.AuthenticationFilter (AuthenticationFilter.java:constructSecretProvider(240)) - Unable to initialize FileSignerSecretProvider, falling back to use random secrets.
2019-11-07 17:30:42,373 [main] WARN  http.HttpRequestLog (HttpRequestLog.java:getRequestLog(97)) - Jetty request log can only be enabled using Log4j
2019-11-07 17:30:42,377 [main] INFO  http.HttpServer2 (HttpServer2.java:addGlobalFilter(975)) - Added global filter 'safety' (class=org.apache.hadoop.http.HttpServer2$QuotingInputFilter)
2019-11-07 17:30:42,379 [main] INFO  http.HttpServer2 (HttpServer2.java:addFilter(948)) - Added filter static_user_filter (class=org.apache.hadoop.http.lib.StaticUserWebFilter$StaticUserFilter) to context ozoneManager
2019-11-07 17:30:42,379 [main] INFO  http.HttpServer2 (HttpServer2.java:addFilter(958)) - Added filter static_user_filter (class=org.apache.hadoop.http.lib.StaticUserWebFilter$StaticUserFilter) to context logs
2019-11-07 17:30:42,379 [main] INFO  http.HttpServer2 (HttpServer2.java:addFilter(958)) - Added filter static_user_filter (class=org.apache.hadoop.http.lib.StaticUserWebFilter$StaticUserFilter) to context static
2019-11-07 17:30:42,383 [main] INFO  http.HttpServer2 (HttpServer2.java:bindListener(1191)) - Jetty bound to port 41897
2019-11-07 17:30:42,383 [main] INFO  server.Server (Server.java:doStart(351)) - jetty-9.3.25.v20180904, build timestamp: 2018-09-04T21:11:46Z, git hash: 3ce520221d0240229c862b122d2b06c12a625732
2019-11-07 17:30:42,386 [main] INFO  handler.ContextHandler (ContextHandler.java:doStart(781)) - Started o.e.j.s.ServletContextHandler@c27d163{/logs,file:///workdir/hadoop-ozone/ozonefs/target/log,AVAILABLE}
2019-11-07 17:30:42,387 [main] INFO  handler.ContextHandler (ContextHandler.java:doStart(781)) - Started o.e.j.s.ServletContextHandler@78faea5f{/static,jar:file:/home/user/.m2/repository/org/apache/hadoop/hadoop-ozone-ozone-manager/0.5.0-SNAPSHOT/hadoop-ozone-ozone-manager-0.5.0-SNAPSHOT.jar!/webapps/static,AVAILABLE}
2019-11-07 17:30:42,449 [main] INFO  handler.ContextHandler (ContextHandler.java:doStart(781)) - Started o.e.j.w.WebAppContext@281f23f2{/,file:///tmp/jetty-0.0.0.0-41897-ozoneManager-_-any-5690506179233960523.dir/webapp/,AVAILABLE}{/ozoneManager}
2019-11-07 17:30:42,450 [main] INFO  server.AbstractConnector (AbstractConnector.java:doStart(278)) - Started ServerConnector@87abc48{HTTP/1.1,[http/1.1]}{0.0.0.0:41897}
2019-11-07 17:30:42,450 [main] INFO  server.Server (Server.java:doStart(419)) - Started @36759ms
2019-11-07 17:30:42,450 [main] WARN  impl.MetricsSystemImpl (MetricsSystemImpl.java:register(276)) - Sink prometheus already exists!
2019-11-07 17:30:42,451 [main] INFO  server.BaseHttpServer (BaseHttpServer.java:updateConnectorAddress(215)) - HTTP server of OZONEMANAGER is listening at http://0.0.0.0:41897
2019-11-07 17:30:42,746 [main] INFO  impl.MetricsSystemImpl (MetricsSystemImpl.java:init(158)) - HddsDatanode metrics system started (again)
2019-11-07 17:30:42,797 [main] INFO  ozone.HddsDatanodeService (HddsDatanodeService.java:start(184)) - HddsDatanodeService host:pr-hdds-2329-pipelines-wl5p8-3511966945 ip:192.168.69.106
2019-11-07 17:30:42,829 [main] INFO  volume.HddsVolume (HddsVolume.java:<init>(176)) - Creating Volume: /workdir/hadoop-ozone/ozonefs/target/test-dir/MiniOzoneClusterImpl-b77e69ac-8790-49d6-a70a-8834af103527/datanode-0/data/containers/hdds of  storage type : DISK and capacity : 1482555576320
2019-11-07 17:30:42,831 [main] INFO  volume.VolumeSet (VolumeSet.java:initializeVolumeSet(170)) - Added Volume : /workdir/hadoop-ozone/ozonefs/target/test-dir/MiniOzoneClusterImpl-b77e69ac-8790-49d6-a70a-8834af103527/datanode-0/data/containers/hdds to VolumeSet
2019-11-07 17:30:42,834 [main] INFO  volume.ThrottledAsyncChecker (ThrottledAsyncChecker.java:schedule(141)) - Scheduling a check for /workdir/hadoop-ozone/ozonefs/target/test-dir/MiniOzoneClusterImpl-b77e69ac-8790-49d6-a70a-8834af103527/datanode-0/data/containers/hdds
2019-11-07 17:30:42,850 [main] INFO  volume.HddsVolumeChecker (HddsVolumeChecker.java:checkAllVolumes(204)) - Scheduled health check for volume /workdir/hadoop-ozone/ozonefs/target/test-dir/MiniOzoneClusterImpl-b77e69ac-8790-49d6-a70a-8834af103527/datanode-0/data/containers/hdds
2019-11-07 17:30:42,962 [main] INFO  impl.RaftServerProxy (ConfUtils.java:logGet(43)) - raft.rpc.type = GRPC (default)
2019-11-07 17:30:43,027 [main] INFO  grpc.GrpcFactory (GrpcFactory.java:checkPooledByteBufAllocatorUseCacheForAllThreads(45)) - PERFORMANCE WARNING: useCacheForAllThreads is true that may cause Netty to create a lot garbage objects and, as a result, trigger GC.
	It is recommended to disable useCacheForAllThreads by setting -Dorg.apache.ratis.thirdparty.io.netty.allocator.useCacheForAllThreads=false in command line.
2019-11-07 17:30:43,032 [main] INFO  grpc.GrpcConfigKeys$Server (ConfUtils.java:logGet(43)) - raft.grpc.server.port = 0 (default)
2019-11-07 17:30:43,033 [main] INFO  server.GrpcService (ConfUtils.java:logGet(43)) - raft.grpc.message.size.max = 33570816 (custom)
2019-11-07 17:30:43,034 [main] INFO  server.RaftServerConfigKeys (ConfUtils.java:logGet(43)) - raft.server.log.appender.buffer.byte-limit = 33554432 (custom)
2019-11-07 17:30:43,035 [main] INFO  server.GrpcService (ConfUtils.java:logGet(43)) - raft.grpc.flow.control.window = 1MB (=1048576) (default)
2019-11-07 17:30:43,036 [main] INFO  server.RaftServerConfigKeys (ConfUtils.java:logGet(43)) - raft.server.rpc.request.timeout = 3000ms (default)
2019-11-07 17:30:43,223 [main] INFO  server.RaftServerConfigKeys (ConfUtils.java:logGet(43)) - raft.server.storage.dir = [/workdir/hadoop-ozone/ozonefs/target/test-dir/MiniOzoneClusterImpl-b77e69ac-8790-49d6-a70a-8834af103527/datanode-0/data/ratis] (custom)
2019-11-07 17:30:43,278 [main] INFO  hdfs.DFSUtil (DFSUtil.java:httpServerTemplateForNNAndJN(1641)) - Starting Web-server for hddsDatanode at: http://0.0.0.0:0
2019-11-07 17:30:43,280 [main] INFO  server.AuthenticationFilter (AuthenticationFilter.java:constructSecretProvider(240)) - Unable to initialize FileSignerSecretProvider, falling back to use random secrets.
2019-11-07 17:30:43,281 [main] WARN  http.HttpRequestLog (HttpRequestLog.java:getRequestLog(97)) - Jetty request log can only be enabled using Log4j
2019-11-07 17:30:43,283 [main] INFO  http.HttpServer2 (HttpServer2.java:addGlobalFilter(975)) - Added global filter 'safety' (class=org.apache.hadoop.http.HttpServer2$QuotingInputFilter)
2019-11-07 17:30:43,283 [main] INFO  http.HttpServer2 (HttpServer2.java:addFilter(948)) - Added filter static_user_filter (class=org.apache.hadoop.http.lib.StaticUserWebFilter$StaticUserFilter) to context hddsDatanode
2019-11-07 17:30:43,284 [main] INFO  http.HttpServer2 (HttpServer2.java:addFilter(958)) - Added filter static_user_filter (class=org.apache.hadoop.http.lib.StaticUserWebFilter$StaticUserFilter) to context logs
2019-11-07 17:30:43,284 [main] INFO  http.HttpServer2 (HttpServer2.java:addFilter(958)) - Added filter static_user_filter (class=org.apache.hadoop.http.lib.StaticUserWebFilter$StaticUserFilter) to context static
2019-11-07 17:30:43,285 [main] INFO  http.HttpServer2 (HttpServer2.java:bindListener(1191)) - Jetty bound to port 42500
2019-11-07 17:30:43,285 [main] INFO  server.Server (Server.java:doStart(351)) - jetty-9.3.25.v20180904, build timestamp: 2018-09-04T21:11:46Z, git hash: 3ce520221d0240229c862b122d2b06c12a625732
2019-11-07 17:30:43,288 [main] INFO  handler.ContextHandler (ContextHandler.java:doStart(781)) - Started o.e.j.s.ServletContextHandler@5e519ad3{/logs,file:///workdir/hadoop-ozone/ozonefs/target/log,AVAILABLE}
2019-11-07 17:30:43,289 [main] INFO  handler.ContextHandler (ContextHandler.java:doStart(781)) - Started o.e.j.s.ServletContextHandler@59072e9d{/static,jar:file:/home/user/.m2/repository/org/apache/hadoop/hadoop-hdds-container-service/0.5.0-SNAPSHOT/hadoop-hdds-container-service-0.5.0-SNAPSHOT.jar!/webapps/static,AVAILABLE}
2019-11-07 17:30:43,318 [main] INFO  handler.ContextHandler (ContextHandler.java:doStart(781)) - Started o.e.j.w.WebAppContext@54d8c20d{/,file:///tmp/jetty-0.0.0.0-42500-hddsDatanode-_-any-2638988081133132200.dir/webapp/,AVAILABLE}{/hddsDatanode}
2019-11-07 17:30:43,318 [main] INFO  server.AbstractConnector (AbstractConnector.java:doStart(278)) - Started ServerConnector@4b65d9f4{HTTP/1.1,[http/1.1]}{0.0.0.0:42500}
2019-11-07 17:30:43,319 [main] INFO  server.Server (Server.java:doStart(419)) - Started @37628ms
2019-11-07 17:30:43,319 [main] WARN  impl.MetricsSystemImpl (MetricsSystemImpl.java:register(276)) - Sink prometheus already exists!
2019-11-07 17:30:43,320 [main] INFO  server.BaseHttpServer (BaseHttpServer.java:updateConnectorAddress(215)) - HTTP server of HDDSDATANODE is listening at http://0.0.0.0:42500
2019-11-07 17:30:43,321 [main] INFO  impl.MetricsSystemImpl (MetricsSystemImpl.java:init(158)) - HddsDatanode metrics system started (again)
2019-11-07 17:30:43,323 [main] INFO  ozone.HddsDatanodeService (HddsDatanodeService.java:start(184)) - HddsDatanodeService host:pr-hdds-2329-pipelines-wl5p8-3511966945 ip:192.168.69.106
2019-11-07 17:30:43,327 [org.apache.hadoop.util.JvmPauseMonitor$Monitor@42d2a3b1] INFO  util.JvmPauseMonitor (JvmPauseMonitor.java:run(188)) - Starting JVM pause monitor
2019-11-07 17:30:43,331 [main] INFO  volume.HddsVolume (HddsVolume.java:<init>(176)) - Creating Volume: /workdir/hadoop-ozone/ozonefs/target/test-dir/MiniOzoneClusterImpl-b77e69ac-8790-49d6-a70a-8834af103527/datanode-1/data/containers/hdds of  storage type : DISK and capacity : 1482555576320
2019-11-07 17:30:43,332 [main] INFO  volume.VolumeSet (VolumeSet.java:initializeVolumeSet(170)) - Added Volume : /workdir/hadoop-ozone/ozonefs/target/test-dir/MiniOzoneClusterImpl-b77e69ac-8790-49d6-a70a-8834af103527/datanode-1/data/containers/hdds to VolumeSet
2019-11-07 17:30:43,332 [main] INFO  volume.ThrottledAsyncChecker (ThrottledAsyncChecker.java:schedule(141)) - Scheduling a check for /workdir/hadoop-ozone/ozonefs/target/test-dir/MiniOzoneClusterImpl-b77e69ac-8790-49d6-a70a-8834af103527/datanode-1/data/containers/hdds
2019-11-07 17:30:43,334 [main] INFO  volume.HddsVolumeChecker (HddsVolumeChecker.java:checkAllVolumes(204)) - Scheduled health check for volume /workdir/hadoop-ozone/ozonefs/target/test-dir/MiniOzoneClusterImpl-b77e69ac-8790-49d6-a70a-8834af103527/datanode-1/data/containers/hdds
2019-11-07 17:30:43,351 [main] INFO  impl.RaftServerProxy (ConfUtils.java:logGet(43)) - raft.rpc.type = GRPC (default)
2019-11-07 17:30:43,351 [main] INFO  grpc.GrpcFactory (GrpcFactory.java:checkPooledByteBufAllocatorUseCacheForAllThreads(45)) - PERFORMANCE WARNING: useCacheForAllThreads is true that may cause Netty to create a lot garbage objects and, as a result, trigger GC.
	It is recommended to disable useCacheForAllThreads by setting -Dorg.apache.ratis.thirdparty.io.netty.allocator.useCacheForAllThreads=false in command line.
2019-11-07 17:30:43,352 [main] INFO  grpc.GrpcConfigKeys$Server (ConfUtils.java:logGet(43)) - raft.grpc.server.port = 0 (default)
2019-11-07 17:30:43,352 [main] INFO  server.GrpcService (ConfUtils.java:logGet(43)) - raft.grpc.message.size.max = 33570816 (custom)
2019-11-07 17:30:43,352 [main] INFO  server.RaftServerConfigKeys (ConfUtils.java:logGet(43)) - raft.server.log.appender.buffer.byte-limit = 33554432 (custom)
2019-11-07 17:30:43,352 [main] INFO  server.GrpcService (ConfUtils.java:logGet(43)) - raft.grpc.flow.control.window = 1MB (=1048576) (default)
2019-11-07 17:30:43,352 [main] INFO  server.RaftServerConfigKeys (ConfUtils.java:logGet(43)) - raft.server.rpc.request.timeout = 3000ms (default)
2019-11-07 17:30:43,353 [main] INFO  server.RaftServerConfigKeys (ConfUtils.java:logGet(43)) - raft.server.storage.dir = [/workdir/hadoop-ozone/ozonefs/target/test-dir/MiniOzoneClusterImpl-b77e69ac-8790-49d6-a70a-8834af103527/datanode-1/data/ratis] (custom)
2019-11-07 17:30:43,355 [main] INFO  hdfs.DFSUtil (DFSUtil.java:httpServerTemplateForNNAndJN(1641)) - Starting Web-server for hddsDatanode at: http://0.0.0.0:0
2019-11-07 17:30:43,356 [main] INFO  server.AuthenticationFilter (AuthenticationFilter.java:constructSecretProvider(240)) - Unable to initialize FileSignerSecretProvider, falling back to use random secrets.
2019-11-07 17:30:43,356 [main] WARN  http.HttpRequestLog (HttpRequestLog.java:getRequestLog(97)) - Jetty request log can only be enabled using Log4j
2019-11-07 17:30:43,358 [main] INFO  http.HttpServer2 (HttpServer2.java:addGlobalFilter(975)) - Added global filter 'safety' (class=org.apache.hadoop.http.HttpServer2$QuotingInputFilter)
2019-11-07 17:30:43,359 [main] INFO  http.HttpServer2 (HttpServer2.java:addFilter(948)) - Added filter static_user_filter (class=org.apache.hadoop.http.lib.StaticUserWebFilter$StaticUserFilter) to context hddsDatanode
2019-11-07 17:30:43,359 [main] INFO  http.HttpServer2 (HttpServer2.java:addFilter(958)) - Added filter static_user_filter (class=org.apache.hadoop.http.lib.StaticUserWebFilter$StaticUserFilter) to context logs
2019-11-07 17:30:43,359 [main] INFO  http.HttpServer2 (HttpServer2.java:addFilter(958)) - Added filter static_user_filter (class=org.apache.hadoop.http.lib.StaticUserWebFilter$StaticUserFilter) to context static
2019-11-07 17:30:43,360 [main] INFO  http.HttpServer2 (HttpServer2.java:bindListener(1191)) - Jetty bound to port 45234
2019-11-07 17:30:43,360 [main] INFO  server.Server (Server.java:doStart(351)) - jetty-9.3.25.v20180904, build timestamp: 2018-09-04T21:11:46Z, git hash: 3ce520221d0240229c862b122d2b06c12a625732
2019-11-07 17:30:43,362 [main] INFO  handler.ContextHandler (ContextHandler.java:doStart(781)) - Started o.e.j.s.ServletContextHandler@118ffcfd{/logs,file:///workdir/hadoop-ozone/ozonefs/target/log,AVAILABLE}
2019-11-07 17:30:43,362 [main] INFO  handler.ContextHandler (ContextHandler.java:doStart(781)) - Started o.e.j.s.ServletContextHandler@74174a23{/static,jar:file:/home/user/.m2/repository/org/apache/hadoop/hadoop-hdds-container-service/0.5.0-SNAPSHOT/hadoop-hdds-container-service-0.5.0-SNAPSHOT.jar!/webapps/static,AVAILABLE}
2019-11-07 17:30:43,388 [main] INFO  handler.ContextHandler (ContextHandler.java:doStart(781)) - Started o.e.j.w.WebAppContext@5e7c141d{/,file:///tmp/jetty-0.0.0.0-45234-hddsDatanode-_-any-4143599038692876517.dir/webapp/,AVAILABLE}{/hddsDatanode}
2019-11-07 17:30:43,389 [main] INFO  server.AbstractConnector (AbstractConnector.java:doStart(278)) - Started ServerConnector@43af351a{HTTP/1.1,[http/1.1]}{0.0.0.0:45234}
2019-11-07 17:30:43,390 [main] INFO  server.Server (Server.java:doStart(419)) - Started @37699ms
2019-11-07 17:30:43,390 [main] WARN  impl.MetricsSystemImpl (MetricsSystemImpl.java:register(276)) - Sink prometheus already exists!
2019-11-07 17:30:43,391 [main] INFO  server.BaseHttpServer (BaseHttpServer.java:updateConnectorAddress(215)) - HTTP server of HDDSDATANODE is listening at http://0.0.0.0:45234
2019-11-07 17:30:43,391 [main] INFO  impl.MetricsSystemImpl (MetricsSystemImpl.java:init(158)) - HddsDatanode metrics system started (again)
2019-11-07 17:30:43,394 [org.apache.hadoop.util.JvmPauseMonitor$Monitor@29c79559] INFO  util.JvmPauseMonitor (JvmPauseMonitor.java:run(188)) - Starting JVM pause monitor
2019-11-07 17:30:43,394 [main] INFO  ozone.HddsDatanodeService (HddsDatanodeService.java:start(184)) - HddsDatanodeService host:pr-hdds-2329-pipelines-wl5p8-3511966945 ip:192.168.69.106
2019-11-07 17:30:43,402 [main] INFO  volume.HddsVolume (HddsVolume.java:<init>(176)) - Creating Volume: /workdir/hadoop-ozone/ozonefs/target/test-dir/MiniOzoneClusterImpl-b77e69ac-8790-49d6-a70a-8834af103527/datanode-2/data/containers/hdds of  storage type : DISK and capacity : 1482555576320
2019-11-07 17:30:43,402 [main] INFO  volume.VolumeSet (VolumeSet.java:initializeVolumeSet(170)) - Added Volume : /workdir/hadoop-ozone/ozonefs/target/test-dir/MiniOzoneClusterImpl-b77e69ac-8790-49d6-a70a-8834af103527/datanode-2/data/containers/hdds to VolumeSet
2019-11-07 17:30:43,403 [main] INFO  volume.ThrottledAsyncChecker (ThrottledAsyncChecker.java:schedule(141)) - Scheduling a check for /workdir/hadoop-ozone/ozonefs/target/test-dir/MiniOzoneClusterImpl-b77e69ac-8790-49d6-a70a-8834af103527/datanode-2/data/containers/hdds
2019-11-07 17:30:43,403 [main] INFO  volume.HddsVolumeChecker (HddsVolumeChecker.java:checkAllVolumes(204)) - Scheduled health check for volume /workdir/hadoop-ozone/ozonefs/target/test-dir/MiniOzoneClusterImpl-b77e69ac-8790-49d6-a70a-8834af103527/datanode-2/data/containers/hdds
2019-11-07 17:30:43,423 [main] INFO  impl.RaftServerProxy (ConfUtils.java:logGet(43)) - raft.rpc.type = GRPC (default)
2019-11-07 17:30:43,423 [main] INFO  grpc.GrpcFactory (GrpcFactory.java:checkPooledByteBufAllocatorUseCacheForAllThreads(45)) - PERFORMANCE WARNING: useCacheForAllThreads is true that may cause Netty to create a lot garbage objects and, as a result, trigger GC.
	It is recommended to disable useCacheForAllThreads by setting -Dorg.apache.ratis.thirdparty.io.netty.allocator.useCacheForAllThreads=false in command line.
2019-11-07 17:30:43,423 [main] INFO  grpc.GrpcConfigKeys$Server (ConfUtils.java:logGet(43)) - raft.grpc.server.port = 0 (default)
2019-11-07 17:30:43,424 [main] INFO  server.GrpcService (ConfUtils.java:logGet(43)) - raft.grpc.message.size.max = 33570816 (custom)
2019-11-07 17:30:43,424 [main] INFO  server.RaftServerConfigKeys (ConfUtils.java:logGet(43)) - raft.server.log.appender.buffer.byte-limit = 33554432 (custom)
2019-11-07 17:30:43,424 [main] INFO  server.GrpcService (ConfUtils.java:logGet(43)) - raft.grpc.flow.control.window = 1MB (=1048576) (default)
2019-11-07 17:30:43,424 [main] INFO  server.RaftServerConfigKeys (ConfUtils.java:logGet(43)) - raft.server.rpc.request.timeout = 3000ms (default)
2019-11-07 17:30:43,425 [main] INFO  server.RaftServerConfigKeys (ConfUtils.java:logGet(43)) - raft.server.storage.dir = [/workdir/hadoop-ozone/ozonefs/target/test-dir/MiniOzoneClusterImpl-b77e69ac-8790-49d6-a70a-8834af103527/datanode-2/data/ratis] (custom)
2019-11-07 17:30:43,427 [main] INFO  hdfs.DFSUtil (DFSUtil.java:httpServerTemplateForNNAndJN(1641)) - Starting Web-server for hddsDatanode at: http://0.0.0.0:0
2019-11-07 17:30:43,430 [main] INFO  server.AuthenticationFilter (AuthenticationFilter.java:constructSecretProvider(240)) - Unable to initialize FileSignerSecretProvider, falling back to use random secrets.
2019-11-07 17:30:43,431 [main] WARN  http.HttpRequestLog (HttpRequestLog.java:getRequestLog(97)) - Jetty request log can only be enabled using Log4j
2019-11-07 17:30:43,434 [main] INFO  http.HttpServer2 (HttpServer2.java:addGlobalFilter(975)) - Added global filter 'safety' (class=org.apache.hadoop.http.HttpServer2$QuotingInputFilter)
2019-11-07 17:30:43,436 [main] INFO  http.HttpServer2 (HttpServer2.java:addFilter(948)) - Added filter static_user_filter (class=org.apache.hadoop.http.lib.StaticUserWebFilter$StaticUserFilter) to context hddsDatanode
2019-11-07 17:30:43,436 [main] INFO  http.HttpServer2 (HttpServer2.java:addFilter(958)) - Added filter static_user_filter (class=org.apache.hadoop.http.lib.StaticUserWebFilter$StaticUserFilter) to context logs
2019-11-07 17:30:43,436 [main] INFO  http.HttpServer2 (HttpServer2.java:addFilter(958)) - Added filter static_user_filter (class=org.apache.hadoop.http.lib.StaticUserWebFilter$StaticUserFilter) to context static
2019-11-07 17:30:43,437 [main] INFO  http.HttpServer2 (HttpServer2.java:bindListener(1191)) - Jetty bound to port 33058
2019-11-07 17:30:43,438 [main] INFO  server.Server (Server.java:doStart(351)) - jetty-9.3.25.v20180904, build timestamp: 2018-09-04T21:11:46Z, git hash: 3ce520221d0240229c862b122d2b06c12a625732
2019-11-07 17:30:43,442 [main] INFO  handler.ContextHandler (ContextHandler.java:doStart(781)) - Started o.e.j.s.ServletContextHandler@411c6d44{/logs,file:///workdir/hadoop-ozone/ozonefs/target/log,AVAILABLE}
2019-11-07 17:30:43,443 [main] INFO  handler.ContextHandler (ContextHandler.java:doStart(781)) - Started o.e.j.s.ServletContextHandler@748d2277{/static,jar:file:/home/user/.m2/repository/org/apache/hadoop/hadoop-hdds-container-service/0.5.0-SNAPSHOT/hadoop-hdds-container-service-0.5.0-SNAPSHOT.jar!/webapps/static,AVAILABLE}
2019-11-07 17:30:43,451 [Datanode State Machine Thread - 0] INFO  datanode.InitDatanodeState (InitDatanodeState.java:persistContainerDatanodeDetails(140)) - DatanodeDetails is persisted to /workdir/hadoop-ozone/ozonefs/target/test-dir/MiniOzoneClusterImpl-b77e69ac-8790-49d6-a70a-8834af103527/datanode-0/meta/datanode.id
2019-11-07 17:30:43,456 [Datanode State Machine Thread - 0] INFO  datanode.InitDatanodeState (InitDatanodeState.java:persistContainerDatanodeDetails(140)) - DatanodeDetails is persisted to /workdir/hadoop-ozone/ozonefs/target/test-dir/MiniOzoneClusterImpl-b77e69ac-8790-49d6-a70a-8834af103527/datanode-1/meta/datanode.id
2019-11-07 17:30:43,490 [main] INFO  handler.ContextHandler (ContextHandler.java:doStart(781)) - Started o.e.j.w.WebAppContext@671d1157{/,file:///tmp/jetty-0.0.0.0-33058-hddsDatanode-_-any-134781254969948999.dir/webapp/,AVAILABLE}{/hddsDatanode}
2019-11-07 17:30:43,491 [main] INFO  server.AbstractConnector (AbstractConnector.java:doStart(278)) - Started ServerConnector@60c8a093{HTTP/1.1,[http/1.1]}{0.0.0.0:33058}
2019-11-07 17:30:43,492 [main] INFO  server.Server (Server.java:doStart(419)) - Started @37801ms
2019-11-07 17:30:43,492 [main] WARN  impl.MetricsSystemImpl (MetricsSystemImpl.java:register(276)) - Sink prometheus already exists!
2019-11-07 17:30:43,493 [main] INFO  server.BaseHttpServer (BaseHttpServer.java:updateConnectorAddress(215)) - HTTP server of HDDSDATANODE is listening at http://0.0.0.0:33058
2019-11-07 17:30:43,494 [main] INFO  impl.MetricsSystemImpl (MetricsSystemImpl.java:init(158)) - HddsDatanode metrics system started (again)
2019-11-07 17:30:43,497 [org.apache.hadoop.util.JvmPauseMonitor$Monitor@24b4c666] INFO  util.JvmPauseMonitor (JvmPauseMonitor.java:run(188)) - Starting JVM pause monitor
2019-11-07 17:30:43,497 [main] INFO  ozone.HddsDatanodeService (HddsDatanodeService.java:start(184)) - HddsDatanodeService host:pr-hdds-2329-pipelines-wl5p8-3511966945 ip:192.168.69.106
2019-11-07 17:30:43,499 [Datanode State Machine Thread - 0] INFO  datanode.InitDatanodeState (InitDatanodeState.java:persistContainerDatanodeDetails(140)) - DatanodeDetails is persisted to /workdir/hadoop-ozone/ozonefs/target/test-dir/MiniOzoneClusterImpl-b77e69ac-8790-49d6-a70a-8834af103527/datanode-2/meta/datanode.id
2019-11-07 17:30:43,506 [main] INFO  volume.HddsVolume (HddsVolume.java:<init>(176)) - Creating Volume: /workdir/hadoop-ozone/ozonefs/target/test-dir/MiniOzoneClusterImpl-b77e69ac-8790-49d6-a70a-8834af103527/datanode-3/data/containers/hdds of  storage type : DISK and capacity : 1482555576320
2019-11-07 17:30:43,506 [main] INFO  volume.VolumeSet (VolumeSet.java:initializeVolumeSet(170)) - Added Volume : /workdir/hadoop-ozone/ozonefs/target/test-dir/MiniOzoneClusterImpl-b77e69ac-8790-49d6-a70a-8834af103527/datanode-3/data/containers/hdds to VolumeSet
2019-11-07 17:30:43,506 [main] INFO  volume.ThrottledAsyncChecker (ThrottledAsyncChecker.java:schedule(141)) - Scheduling a check for /workdir/hadoop-ozone/ozonefs/target/test-dir/MiniOzoneClusterImpl-b77e69ac-8790-49d6-a70a-8834af103527/datanode-3/data/containers/hdds
2019-11-07 17:30:43,507 [main] INFO  volume.HddsVolumeChecker (HddsVolumeChecker.java:checkAllVolumes(204)) - Scheduled health check for volume /workdir/hadoop-ozone/ozonefs/target/test-dir/MiniOzoneClusterImpl-b77e69ac-8790-49d6-a70a-8834af103527/datanode-3/data/containers/hdds
2019-11-07 17:30:43,532 [main] INFO  impl.RaftServerProxy (ConfUtils.java:logGet(43)) - raft.rpc.type = GRPC (default)
2019-11-07 17:30:43,532 [main] INFO  grpc.GrpcFactory (GrpcFactory.java:checkPooledByteBufAllocatorUseCacheForAllThreads(45)) - PERFORMANCE WARNING: useCacheForAllThreads is true that may cause Netty to create a lot garbage objects and, as a result, trigger GC.
	It is recommended to disable useCacheForAllThreads by setting -Dorg.apache.ratis.thirdparty.io.netty.allocator.useCacheForAllThreads=false in command line.
2019-11-07 17:30:43,533 [main] INFO  grpc.GrpcConfigKeys$Server (ConfUtils.java:logGet(43)) - raft.grpc.server.port = 0 (default)
2019-11-07 17:30:43,533 [main] INFO  server.GrpcService (ConfUtils.java:logGet(43)) - raft.grpc.message.size.max = 33570816 (custom)
2019-11-07 17:30:43,533 [main] INFO  server.RaftServerConfigKeys (ConfUtils.java:logGet(43)) - raft.server.log.appender.buffer.byte-limit = 33554432 (custom)
2019-11-07 17:30:43,533 [main] INFO  server.GrpcService (ConfUtils.java:logGet(43)) - raft.grpc.flow.control.window = 1MB (=1048576) (default)
2019-11-07 17:30:43,534 [main] INFO  server.RaftServerConfigKeys (ConfUtils.java:logGet(43)) - raft.server.rpc.request.timeout = 3000ms (default)
2019-11-07 17:30:43,534 [main] INFO  server.RaftServerConfigKeys (ConfUtils.java:logGet(43)) - raft.server.storage.dir = [/workdir/hadoop-ozone/ozonefs/target/test-dir/MiniOzoneClusterImpl-b77e69ac-8790-49d6-a70a-8834af103527/datanode-3/data/ratis] (custom)
2019-11-07 17:30:43,536 [main] INFO  hdfs.DFSUtil (DFSUtil.java:httpServerTemplateForNNAndJN(1641)) - Starting Web-server for hddsDatanode at: http://0.0.0.0:0
2019-11-07 17:30:43,540 [main] INFO  server.AuthenticationFilter (AuthenticationFilter.java:constructSecretProvider(240)) - Unable to initialize FileSignerSecretProvider, falling back to use random secrets.
2019-11-07 17:30:43,541 [main] WARN  http.HttpRequestLog (HttpRequestLog.java:getRequestLog(97)) - Jetty request log can only be enabled using Log4j
2019-11-07 17:30:43,544 [main] INFO  http.HttpServer2 (HttpServer2.java:addGlobalFilter(975)) - Added global filter 'safety' (class=org.apache.hadoop.http.HttpServer2$QuotingInputFilter)
2019-11-07 17:30:43,546 [main] INFO  http.HttpServer2 (HttpServer2.java:addFilter(948)) - Added filter static_user_filter (class=org.apache.hadoop.http.lib.StaticUserWebFilter$StaticUserFilter) to context hddsDatanode
2019-11-07 17:30:43,546 [main] INFO  http.HttpServer2 (HttpServer2.java:addFilter(958)) - Added filter static_user_filter (class=org.apache.hadoop.http.lib.StaticUserWebFilter$StaticUserFilter) to context logs
2019-11-07 17:30:43,546 [main] INFO  http.HttpServer2 (HttpServer2.java:addFilter(958)) - Added filter static_user_filter (class=org.apache.hadoop.http.lib.StaticUserWebFilter$StaticUserFilter) to context static
2019-11-07 17:30:43,548 [main] INFO  http.HttpServer2 (HttpServer2.java:bindListener(1191)) - Jetty bound to port 35356
2019-11-07 17:30:43,548 [main] INFO  server.Server (Server.java:doStart(351)) - jetty-9.3.25.v20180904, build timestamp: 2018-09-04T21:11:46Z, git hash: 3ce520221d0240229c862b122d2b06c12a625732
2019-11-07 17:30:43,551 [main] INFO  handler.ContextHandler (ContextHandler.java:doStart(781)) - Started o.e.j.s.ServletContextHandler@2f5b8250{/logs,file:///workdir/hadoop-ozone/ozonefs/target/log,AVAILABLE}
2019-11-07 17:30:43,552 [main] INFO  handler.ContextHandler (ContextHandler.java:doStart(781)) - Started o.e.j.s.ServletContextHandler@5f481b73{/static,jar:file:/home/user/.m2/repository/org/apache/hadoop/hadoop-hdds-container-service/0.5.0-SNAPSHOT/hadoop-hdds-container-service-0.5.0-SNAPSHOT.jar!/webapps/static,AVAILABLE}
2019-11-07 17:30:43,588 [main] INFO  handler.ContextHandler (ContextHandler.java:doStart(781)) - Started o.e.j.w.WebAppContext@181d8899{/,file:///tmp/jetty-0.0.0.0-35356-hddsDatanode-_-any-2261883439642782463.dir/webapp/,AVAILABLE}{/hddsDatanode}
2019-11-07 17:30:43,590 [main] INFO  server.AbstractConnector (AbstractConnector.java:doStart(278)) - Started ServerConnector@12d5c30e{HTTP/1.1,[http/1.1]}{0.0.0.0:35356}
2019-11-07 17:30:43,590 [main] INFO  server.Server (Server.java:doStart(419)) - Started @37899ms
2019-11-07 17:30:43,590 [main] WARN  impl.MetricsSystemImpl (MetricsSystemImpl.java:register(276)) - Sink prometheus already exists!
2019-11-07 17:30:43,592 [main] INFO  server.BaseHttpServer (BaseHttpServer.java:updateConnectorAddress(215)) - HTTP server of HDDSDATANODE is listening at http://0.0.0.0:35356
2019-11-07 17:30:43,592 [main] INFO  impl.MetricsSystemImpl (MetricsSystemImpl.java:init(158)) - HddsDatanode metrics system started (again)
2019-11-07 17:30:43,595 [main] INFO  ozone.HddsDatanodeService (HddsDatanodeService.java:start(184)) - HddsDatanodeService host:pr-hdds-2329-pipelines-wl5p8-3511966945 ip:192.168.69.106
2019-11-07 17:30:43,595 [org.apache.hadoop.util.JvmPauseMonitor$Monitor@1c5a070d] INFO  util.JvmPauseMonitor (JvmPauseMonitor.java:run(188)) - Starting JVM pause monitor
2019-11-07 17:30:43,599 [Datanode State Machine Thread - 0] INFO  datanode.InitDatanodeState (InitDatanodeState.java:persistContainerDatanodeDetails(140)) - DatanodeDetails is persisted to /workdir/hadoop-ozone/ozonefs/target/test-dir/MiniOzoneClusterImpl-b77e69ac-8790-49d6-a70a-8834af103527/datanode-3/meta/datanode.id
2019-11-07 17:30:43,604 [main] INFO  volume.HddsVolume (HddsVolume.java:<init>(176)) - Creating Volume: /workdir/hadoop-ozone/ozonefs/target/test-dir/MiniOzoneClusterImpl-b77e69ac-8790-49d6-a70a-8834af103527/datanode-4/data/containers/hdds of  storage type : DISK and capacity : 1482555576320
2019-11-07 17:30:43,604 [main] INFO  volume.VolumeSet (VolumeSet.java:initializeVolumeSet(170)) - Added Volume : /workdir/hadoop-ozone/ozonefs/target/test-dir/MiniOzoneClusterImpl-b77e69ac-8790-49d6-a70a-8834af103527/datanode-4/data/containers/hdds to VolumeSet
2019-11-07 17:30:43,604 [main] INFO  volume.ThrottledAsyncChecker (ThrottledAsyncChecker.java:schedule(141)) - Scheduling a check for /workdir/hadoop-ozone/ozonefs/target/test-dir/MiniOzoneClusterImpl-b77e69ac-8790-49d6-a70a-8834af103527/datanode-4/data/containers/hdds
2019-11-07 17:30:43,605 [main] INFO  volume.HddsVolumeChecker (HddsVolumeChecker.java:checkAllVolumes(204)) - Scheduled health check for volume /workdir/hadoop-ozone/ozonefs/target/test-dir/MiniOzoneClusterImpl-b77e69ac-8790-49d6-a70a-8834af103527/datanode-4/data/containers/hdds
2019-11-07 17:30:43,625 [main] INFO  impl.RaftServerProxy (ConfUtils.java:logGet(43)) - raft.rpc.type = GRPC (default)
2019-11-07 17:30:43,625 [main] INFO  grpc.GrpcFactory (GrpcFactory.java:checkPooledByteBufAllocatorUseCacheForAllThreads(45)) - PERFORMANCE WARNING: useCacheForAllThreads is true that may cause Netty to create a lot garbage objects and, as a result, trigger GC.
	It is recommended to disable useCacheForAllThreads by setting -Dorg.apache.ratis.thirdparty.io.netty.allocator.useCacheForAllThreads=false in command line.
2019-11-07 17:30:43,625 [main] INFO  grpc.GrpcConfigKeys$Server (ConfUtils.java:logGet(43)) - raft.grpc.server.port = 0 (default)
2019-11-07 17:30:43,626 [main] INFO  server.GrpcService (ConfUtils.java:logGet(43)) - raft.grpc.message.size.max = 33570816 (custom)
2019-11-07 17:30:43,626 [main] INFO  server.RaftServerConfigKeys (ConfUtils.java:logGet(43)) - raft.server.log.appender.buffer.byte-limit = 33554432 (custom)
2019-11-07 17:30:43,626 [main] INFO  server.GrpcService (ConfUtils.java:logGet(43)) - raft.grpc.flow.control.window = 1MB (=1048576) (default)
2019-11-07 17:30:43,626 [main] INFO  server.RaftServerConfigKeys (ConfUtils.java:logGet(43)) - raft.server.rpc.request.timeout = 3000ms (default)
2019-11-07 17:30:43,627 [main] INFO  server.RaftServerConfigKeys (ConfUtils.java:logGet(43)) - raft.server.storage.dir = [/workdir/hadoop-ozone/ozonefs/target/test-dir/MiniOzoneClusterImpl-b77e69ac-8790-49d6-a70a-8834af103527/datanode-4/data/ratis] (custom)
2019-11-07 17:30:43,628 [main] INFO  hdfs.DFSUtil (DFSUtil.java:httpServerTemplateForNNAndJN(1641)) - Starting Web-server for hddsDatanode at: http://0.0.0.0:0
2019-11-07 17:30:43,630 [main] INFO  server.AuthenticationFilter (AuthenticationFilter.java:constructSecretProvider(240)) - Unable to initialize FileSignerSecretProvider, falling back to use random secrets.
2019-11-07 17:30:43,631 [main] WARN  http.HttpRequestLog (HttpRequestLog.java:getRequestLog(97)) - Jetty request log can only be enabled using Log4j
2019-11-07 17:30:43,633 [main] INFO  http.HttpServer2 (HttpServer2.java:addGlobalFilter(975)) - Added global filter 'safety' (class=org.apache.hadoop.http.HttpServer2$QuotingInputFilter)
2019-11-07 17:30:43,634 [main] INFO  http.HttpServer2 (HttpServer2.java:addFilter(948)) - Added filter static_user_filter (class=org.apache.hadoop.http.lib.StaticUserWebFilter$StaticUserFilter) to context hddsDatanode
2019-11-07 17:30:43,634 [main] INFO  http.HttpServer2 (HttpServer2.java:addFilter(958)) - Added filter static_user_filter (class=org.apache.hadoop.http.lib.StaticUserWebFilter$StaticUserFilter) to context static
2019-11-07 17:30:43,634 [main] INFO  http.HttpServer2 (HttpServer2.java:addFilter(958)) - Added filter static_user_filter (class=org.apache.hadoop.http.lib.StaticUserWebFilter$StaticUserFilter) to context logs
2019-11-07 17:30:43,635 [main] INFO  http.HttpServer2 (HttpServer2.java:bindListener(1191)) - Jetty bound to port 33873
2019-11-07 17:30:43,635 [main] INFO  server.Server (Server.java:doStart(351)) - jetty-9.3.25.v20180904, build timestamp: 2018-09-04T21:11:46Z, git hash: 3ce520221d0240229c862b122d2b06c12a625732
2019-11-07 17:30:43,637 [main] INFO  handler.ContextHandler (ContextHandler.java:doStart(781)) - Started o.e.j.s.ServletContextHandler@38b8b6c0{/logs,file:///workdir/hadoop-ozone/ozonefs/target/log,AVAILABLE}
2019-11-07 17:30:43,637 [main] INFO  handler.ContextHandler (ContextHandler.java:doStart(781)) - Started o.e.j.s.ServletContextHandler@173a6728{/static,jar:file:/home/user/.m2/repository/org/apache/hadoop/hadoop-hdds-container-service/0.5.0-SNAPSHOT/hadoop-hdds-container-service-0.5.0-SNAPSHOT.jar!/webapps/static,AVAILABLE}
2019-11-07 17:30:43,665 [main] INFO  handler.ContextHandler (ContextHandler.java:doStart(781)) - Started o.e.j.w.WebAppContext@4fa9ab6{/,file:///tmp/jetty-0.0.0.0-33873-hddsDatanode-_-any-4709524350916300207.dir/webapp/,AVAILABLE}{/hddsDatanode}
2019-11-07 17:30:43,665 [main] INFO  server.AbstractConnector (AbstractConnector.java:doStart(278)) - Started ServerConnector@2d3ef181{HTTP/1.1,[http/1.1]}{0.0.0.0:33873}
2019-11-07 17:30:43,666 [main] INFO  server.Server (Server.java:doStart(419)) - Started @37975ms
2019-11-07 17:30:43,666 [main] WARN  impl.MetricsSystemImpl (MetricsSystemImpl.java:register(276)) - Sink prometheus already exists!
2019-11-07 17:30:43,667 [main] INFO  server.BaseHttpServer (BaseHttpServer.java:updateConnectorAddress(215)) - HTTP server of HDDSDATANODE is listening at http://0.0.0.0:33873
2019-11-07 17:30:43,667 [main] INFO  impl.MetricsSystemImpl (MetricsSystemImpl.java:init(158)) - HddsDatanode metrics system started (again)
2019-11-07 17:30:43,670 [main] INFO  ozone.HddsDatanodeService (HddsDatanodeService.java:start(184)) - HddsDatanodeService host:pr-hdds-2329-pipelines-wl5p8-3511966945 ip:192.168.69.106
2019-11-07 17:30:43,671 [org.apache.hadoop.util.JvmPauseMonitor$Monitor@46b9323c] INFO  util.JvmPauseMonitor (JvmPauseMonitor.java:run(188)) - Starting JVM pause monitor
2019-11-07 17:30:43,674 [Datanode State Machine Thread - 0] INFO  datanode.InitDatanodeState (InitDatanodeState.java:persistContainerDatanodeDetails(140)) - DatanodeDetails is persisted to /workdir/hadoop-ozone/ozonefs/target/test-dir/MiniOzoneClusterImpl-b77e69ac-8790-49d6-a70a-8834af103527/datanode-4/meta/datanode.id
2019-11-07 17:30:43,688 [main] INFO  volume.HddsVolume (HddsVolume.java:<init>(176)) - Creating Volume: /workdir/hadoop-ozone/ozonefs/target/test-dir/MiniOzoneClusterImpl-b77e69ac-8790-49d6-a70a-8834af103527/datanode-5/data/containers/hdds of  storage type : DISK and capacity : 1482555576320
2019-11-07 17:30:43,689 [main] INFO  volume.VolumeSet (VolumeSet.java:initializeVolumeSet(170)) - Added Volume : /workdir/hadoop-ozone/ozonefs/target/test-dir/MiniOzoneClusterImpl-b77e69ac-8790-49d6-a70a-8834af103527/datanode-5/data/containers/hdds to VolumeSet
2019-11-07 17:30:43,689 [main] INFO  volume.ThrottledAsyncChecker (ThrottledAsyncChecker.java:schedule(141)) - Scheduling a check for /workdir/hadoop-ozone/ozonefs/target/test-dir/MiniOzoneClusterImpl-b77e69ac-8790-49d6-a70a-8834af103527/datanode-5/data/containers/hdds
2019-11-07 17:30:43,690 [main] INFO  volume.HddsVolumeChecker (HddsVolumeChecker.java:checkAllVolumes(204)) - Scheduled health check for volume /workdir/hadoop-ozone/ozonefs/target/test-dir/MiniOzoneClusterImpl-b77e69ac-8790-49d6-a70a-8834af103527/datanode-5/data/containers/hdds
2019-11-07 17:30:43,720 [main] INFO  impl.RaftServerProxy (ConfUtils.java:logGet(43)) - raft.rpc.type = GRPC (default)
2019-11-07 17:30:43,720 [main] INFO  grpc.GrpcFactory (GrpcFactory.java:checkPooledByteBufAllocatorUseCacheForAllThreads(45)) - PERFORMANCE WARNING: useCacheForAllThreads is true that may cause Netty to create a lot garbage objects and, as a result, trigger GC.
	It is recommended to disable useCacheForAllThreads by setting -Dorg.apache.ratis.thirdparty.io.netty.allocator.useCacheForAllThreads=false in command line.
2019-11-07 17:30:43,720 [main] INFO  grpc.GrpcConfigKeys$Server (ConfUtils.java:logGet(43)) - raft.grpc.server.port = 0 (default)
2019-11-07 17:30:43,720 [main] INFO  server.GrpcService (ConfUtils.java:logGet(43)) - raft.grpc.message.size.max = 33570816 (custom)
2019-11-07 17:30:43,721 [main] INFO  server.RaftServerConfigKeys (ConfUtils.java:logGet(43)) - raft.server.log.appender.buffer.byte-limit = 33554432 (custom)
2019-11-07 17:30:43,721 [main] INFO  server.GrpcService (ConfUtils.java:logGet(43)) - raft.grpc.flow.control.window = 1MB (=1048576) (default)
2019-11-07 17:30:43,721 [main] INFO  server.RaftServerConfigKeys (ConfUtils.java:logGet(43)) - raft.server.rpc.request.timeout = 3000ms (default)
2019-11-07 17:30:43,722 [main] INFO  server.RaftServerConfigKeys (ConfUtils.java:logGet(43)) - raft.server.storage.dir = [/workdir/hadoop-ozone/ozonefs/target/test-dir/MiniOzoneClusterImpl-b77e69ac-8790-49d6-a70a-8834af103527/datanode-5/data/ratis] (custom)
2019-11-07 17:30:43,724 [main] INFO  hdfs.DFSUtil (DFSUtil.java:httpServerTemplateForNNAndJN(1641)) - Starting Web-server for hddsDatanode at: http://0.0.0.0:0
2019-11-07 17:30:43,726 [main] INFO  server.AuthenticationFilter (AuthenticationFilter.java:constructSecretProvider(240)) - Unable to initialize FileSignerSecretProvider, falling back to use random secrets.
2019-11-07 17:30:43,726 [main] WARN  http.HttpRequestLog (HttpRequestLog.java:getRequestLog(97)) - Jetty request log can only be enabled using Log4j
2019-11-07 17:30:43,728 [main] INFO  http.HttpServer2 (HttpServer2.java:addGlobalFilter(975)) - Added global filter 'safety' (class=org.apache.hadoop.http.HttpServer2$QuotingInputFilter)
2019-11-07 17:30:43,728 [main] INFO  http.HttpServer2 (HttpServer2.java:addFilter(948)) - Added filter static_user_filter (class=org.apache.hadoop.http.lib.StaticUserWebFilter$StaticUserFilter) to context hddsDatanode
2019-11-07 17:30:43,729 [main] INFO  http.HttpServer2 (HttpServer2.java:addFilter(958)) - Added filter static_user_filter (class=org.apache.hadoop.http.lib.StaticUserWebFilter$StaticUserFilter) to context logs
2019-11-07 17:30:43,729 [main] INFO  http.HttpServer2 (HttpServer2.java:addFilter(958)) - Added filter static_user_filter (class=org.apache.hadoop.http.lib.StaticUserWebFilter$StaticUserFilter) to context static
2019-11-07 17:30:43,729 [main] INFO  http.HttpServer2 (HttpServer2.java:bindListener(1191)) - Jetty bound to port 43376
2019-11-07 17:30:43,730 [main] INFO  server.Server (Server.java:doStart(351)) - jetty-9.3.25.v20180904, build timestamp: 2018-09-04T21:11:46Z, git hash: 3ce520221d0240229c862b122d2b06c12a625732
2019-11-07 17:30:43,731 [main] INFO  handler.ContextHandler (ContextHandler.java:doStart(781)) - Started o.e.j.s.ServletContextHandler@75181b50{/logs,file:///workdir/hadoop-ozone/ozonefs/target/log,AVAILABLE}
2019-11-07 17:30:43,732 [main] INFO  handler.ContextHandler (ContextHandler.java:doStart(781)) - Started o.e.j.s.ServletContextHandler@5f254608{/static,jar:file:/home/user/.m2/repository/org/apache/hadoop/hadoop-hdds-container-service/0.5.0-SNAPSHOT/hadoop-hdds-container-service-0.5.0-SNAPSHOT.jar!/webapps/static,AVAILABLE}
2019-11-07 17:30:43,756 [main] INFO  handler.ContextHandler (ContextHandler.java:doStart(781)) - Started o.e.j.w.WebAppContext@459f703f{/,file:///tmp/jetty-0.0.0.0-43376-hddsDatanode-_-any-2956938602683233341.dir/webapp/,AVAILABLE}{/hddsDatanode}
2019-11-07 17:30:43,758 [main] INFO  server.AbstractConnector (AbstractConnector.java:doStart(278)) - Started ServerConnector@188ac8a3{HTTP/1.1,[http/1.1]}{0.0.0.0:43376}
2019-11-07 17:30:43,758 [main] INFO  server.Server (Server.java:doStart(419)) - Started @38067ms
2019-11-07 17:30:43,758 [main] WARN  impl.MetricsSystemImpl (MetricsSystemImpl.java:register(276)) - Sink prometheus already exists!
2019-11-07 17:30:43,759 [main] INFO  server.BaseHttpServer (BaseHttpServer.java:updateConnectorAddress(215)) - HTTP server of HDDSDATANODE is listening at http://0.0.0.0:43376
2019-11-07 17:30:43,759 [main] INFO  impl.MetricsSystemImpl (MetricsSystemImpl.java:init(158)) - HddsDatanode metrics system started (again)
2019-11-07 17:30:43,762 [main] INFO  ozone.HddsDatanodeService (HddsDatanodeService.java:start(184)) - HddsDatanodeService host:pr-hdds-2329-pipelines-wl5p8-3511966945 ip:192.168.69.106
2019-11-07 17:30:43,763 [org.apache.hadoop.util.JvmPauseMonitor$Monitor@2e3a4dd2] INFO  util.JvmPauseMonitor (JvmPauseMonitor.java:run(188)) - Starting JVM pause monitor
2019-11-07 17:30:43,766 [Datanode State Machine Thread - 0] INFO  datanode.InitDatanodeState (InitDatanodeState.java:persistContainerDatanodeDetails(140)) - DatanodeDetails is persisted to /workdir/hadoop-ozone/ozonefs/target/test-dir/MiniOzoneClusterImpl-b77e69ac-8790-49d6-a70a-8834af103527/datanode-5/meta/datanode.id
2019-11-07 17:30:43,769 [main] INFO  volume.HddsVolume (HddsVolume.java:<init>(176)) - Creating Volume: /workdir/hadoop-ozone/ozonefs/target/test-dir/MiniOzoneClusterImpl-b77e69ac-8790-49d6-a70a-8834af103527/datanode-6/data/containers/hdds of  storage type : DISK and capacity : 1482555576320
2019-11-07 17:30:43,770 [main] INFO  volume.VolumeSet (VolumeSet.java:initializeVolumeSet(170)) - Added Volume : /workdir/hadoop-ozone/ozonefs/target/test-dir/MiniOzoneClusterImpl-b77e69ac-8790-49d6-a70a-8834af103527/datanode-6/data/containers/hdds to VolumeSet
2019-11-07 17:30:43,770 [main] INFO  volume.ThrottledAsyncChecker (ThrottledAsyncChecker.java:schedule(141)) - Scheduling a check for /workdir/hadoop-ozone/ozonefs/target/test-dir/MiniOzoneClusterImpl-b77e69ac-8790-49d6-a70a-8834af103527/datanode-6/data/containers/hdds
2019-11-07 17:30:43,770 [main] INFO  volume.HddsVolumeChecker (HddsVolumeChecker.java:checkAllVolumes(204)) - Scheduled health check for volume /workdir/hadoop-ozone/ozonefs/target/test-dir/MiniOzoneClusterImpl-b77e69ac-8790-49d6-a70a-8834af103527/datanode-6/data/containers/hdds
2019-11-07 17:30:43,787 [main] INFO  impl.RaftServerProxy (ConfUtils.java:logGet(43)) - raft.rpc.type = GRPC (default)
2019-11-07 17:30:43,787 [main] INFO  grpc.GrpcFactory (GrpcFactory.java:checkPooledByteBufAllocatorUseCacheForAllThreads(45)) - PERFORMANCE WARNING: useCacheForAllThreads is true that may cause Netty to create a lot garbage objects and, as a result, trigger GC.
	It is recommended to disable useCacheForAllThreads by setting -Dorg.apache.ratis.thirdparty.io.netty.allocator.useCacheForAllThreads=false in command line.
2019-11-07 17:30:43,787 [main] INFO  grpc.GrpcConfigKeys$Server (ConfUtils.java:logGet(43)) - raft.grpc.server.port = 0 (default)
2019-11-07 17:30:43,787 [main] INFO  server.GrpcService (ConfUtils.java:logGet(43)) - raft.grpc.message.size.max = 33570816 (custom)
2019-11-07 17:30:43,787 [main] INFO  server.RaftServerConfigKeys (ConfUtils.java:logGet(43)) - raft.server.log.appender.buffer.byte-limit = 33554432 (custom)
2019-11-07 17:30:43,787 [main] INFO  server.GrpcService (ConfUtils.java:logGet(43)) - raft.grpc.flow.control.window = 1MB (=1048576) (default)
2019-11-07 17:30:43,788 [main] INFO  server.RaftServerConfigKeys (ConfUtils.java:logGet(43)) - raft.server.rpc.request.timeout = 3000ms (default)
2019-11-07 17:30:43,788 [main] INFO  server.RaftServerConfigKeys (ConfUtils.java:logGet(43)) - raft.server.storage.dir = [/workdir/hadoop-ozone/ozonefs/target/test-dir/MiniOzoneClusterImpl-b77e69ac-8790-49d6-a70a-8834af103527/datanode-6/data/ratis] (custom)
2019-11-07 17:30:43,789 [main] INFO  hdfs.DFSUtil (DFSUtil.java:httpServerTemplateForNNAndJN(1641)) - Starting Web-server for hddsDatanode at: http://0.0.0.0:0
2019-11-07 17:30:43,791 [main] INFO  server.AuthenticationFilter (AuthenticationFilter.java:constructSecretProvider(240)) - Unable to initialize FileSignerSecretProvider, falling back to use random secrets.
2019-11-07 17:30:43,791 [main] WARN  http.HttpRequestLog (HttpRequestLog.java:getRequestLog(97)) - Jetty request log can only be enabled using Log4j
2019-11-07 17:30:43,793 [main] INFO  http.HttpServer2 (HttpServer2.java:addGlobalFilter(975)) - Added global filter 'safety' (class=org.apache.hadoop.http.HttpServer2$QuotingInputFilter)
2019-11-07 17:30:43,793 [main] INFO  http.HttpServer2 (HttpServer2.java:addFilter(948)) - Added filter static_user_filter (class=org.apache.hadoop.http.lib.StaticUserWebFilter$StaticUserFilter) to context hddsDatanode
2019-11-07 17:30:43,794 [main] INFO  http.HttpServer2 (HttpServer2.java:addFilter(958)) - Added filter static_user_filter (class=org.apache.hadoop.http.lib.StaticUserWebFilter$StaticUserFilter) to context static
2019-11-07 17:30:43,794 [main] INFO  http.HttpServer2 (HttpServer2.java:addFilter(958)) - Added filter static_user_filter (class=org.apache.hadoop.http.lib.StaticUserWebFilter$StaticUserFilter) to context logs
2019-11-07 17:30:43,794 [main] INFO  http.HttpServer2 (HttpServer2.java:bindListener(1191)) - Jetty bound to port 34677
2019-11-07 17:30:43,795 [main] INFO  server.Server (Server.java:doStart(351)) - jetty-9.3.25.v20180904, build timestamp: 2018-09-04T21:11:46Z, git hash: 3ce520221d0240229c862b122d2b06c12a625732
2019-11-07 17:30:43,796 [main] INFO  handler.ContextHandler (ContextHandler.java:doStart(781)) - Started o.e.j.s.ServletContextHandler@4cb2918c{/logs,file:///workdir/hadoop-ozone/ozonefs/target/log,AVAILABLE}
2019-11-07 17:30:43,797 [main] INFO  handler.ContextHandler (ContextHandler.java:doStart(781)) - Started o.e.j.s.ServletContextHandler@c2584d3{/static,jar:file:/home/user/.m2/repository/org/apache/hadoop/hadoop-hdds-container-service/0.5.0-SNAPSHOT/hadoop-hdds-container-service-0.5.0-SNAPSHOT.jar!/webapps/static,AVAILABLE}
2019-11-07 17:30:43,821 [main] INFO  handler.ContextHandler (ContextHandler.java:doStart(781)) - Started o.e.j.w.WebAppContext@33634f04{/,file:///tmp/jetty-0.0.0.0-34677-hddsDatanode-_-any-7326260247067553170.dir/webapp/,AVAILABLE}{/hddsDatanode}
2019-11-07 17:30:43,822 [main] INFO  server.AbstractConnector (AbstractConnector.java:doStart(278)) - Started ServerConnector@4993febc{HTTP/1.1,[http/1.1]}{0.0.0.0:34677}
2019-11-07 17:30:43,822 [main] INFO  server.Server (Server.java:doStart(419)) - Started @38132ms
2019-11-07 17:30:43,823 [main] WARN  impl.MetricsSystemImpl (MetricsSystemImpl.java:register(276)) - Sink prometheus already exists!
2019-11-07 17:30:43,823 [main] INFO  server.BaseHttpServer (BaseHttpServer.java:updateConnectorAddress(215)) - HTTP server of HDDSDATANODE is listening at http://0.0.0.0:34677
2019-11-07 17:30:43,824 [main] INFO  impl.MetricsSystemImpl (MetricsSystemImpl.java:init(158)) - HddsDatanode metrics system started (again)
2019-11-07 17:30:43,827 [org.apache.hadoop.util.JvmPauseMonitor$Monitor@6ad21ed] INFO  util.JvmPauseMonitor (JvmPauseMonitor.java:run(188)) - Starting JVM pause monitor
2019-11-07 17:30:43,827 [main] INFO  ozone.HddsDatanodeService (HddsDatanodeService.java:start(184)) - HddsDatanodeService host:pr-hdds-2329-pipelines-wl5p8-3511966945 ip:192.168.69.106
2019-11-07 17:30:43,830 [Datanode State Machine Thread - 0] INFO  datanode.InitDatanodeState (InitDatanodeState.java:persistContainerDatanodeDetails(140)) - DatanodeDetails is persisted to /workdir/hadoop-ozone/ozonefs/target/test-dir/MiniOzoneClusterImpl-b77e69ac-8790-49d6-a70a-8834af103527/datanode-6/meta/datanode.id
2019-11-07 17:30:43,833 [main] INFO  volume.HddsVolume (HddsVolume.java:<init>(176)) - Creating Volume: /workdir/hadoop-ozone/ozonefs/target/test-dir/MiniOzoneClusterImpl-b77e69ac-8790-49d6-a70a-8834af103527/datanode-7/data/containers/hdds of  storage type : DISK and capacity : 1482555576320
2019-11-07 17:30:43,833 [main] INFO  volume.VolumeSet (VolumeSet.java:initializeVolumeSet(170)) - Added Volume : /workdir/hadoop-ozone/ozonefs/target/test-dir/MiniOzoneClusterImpl-b77e69ac-8790-49d6-a70a-8834af103527/datanode-7/data/containers/hdds to VolumeSet
2019-11-07 17:30:43,833 [main] INFO  volume.ThrottledAsyncChecker (ThrottledAsyncChecker.java:schedule(141)) - Scheduling a check for /workdir/hadoop-ozone/ozonefs/target/test-dir/MiniOzoneClusterImpl-b77e69ac-8790-49d6-a70a-8834af103527/datanode-7/data/containers/hdds
2019-11-07 17:30:43,834 [main] INFO  volume.HddsVolumeChecker (HddsVolumeChecker.java:checkAllVolumes(204)) - Scheduled health check for volume /workdir/hadoop-ozone/ozonefs/target/test-dir/MiniOzoneClusterImpl-b77e69ac-8790-49d6-a70a-8834af103527/datanode-7/data/containers/hdds
2019-11-07 17:30:43,848 [main] INFO  impl.RaftServerProxy (ConfUtils.java:logGet(43)) - raft.rpc.type = GRPC (default)
2019-11-07 17:30:43,848 [main] INFO  grpc.GrpcFactory (GrpcFactory.java:checkPooledByteBufAllocatorUseCacheForAllThreads(45)) - PERFORMANCE WARNING: useCacheForAllThreads is true that may cause Netty to create a lot garbage objects and, as a result, trigger GC.
	It is recommended to disable useCacheForAllThreads by setting -Dorg.apache.ratis.thirdparty.io.netty.allocator.useCacheForAllThreads=false in command line.
2019-11-07 17:30:43,848 [main] INFO  grpc.GrpcConfigKeys$Server (ConfUtils.java:logGet(43)) - raft.grpc.server.port = 0 (default)
2019-11-07 17:30:43,849 [main] INFO  server.GrpcService (ConfUtils.java:logGet(43)) - raft.grpc.message.size.max = 33570816 (custom)
2019-11-07 17:30:43,849 [main] INFO  server.RaftServerConfigKeys (ConfUtils.java:logGet(43)) - raft.server.log.appender.buffer.byte-limit = 33554432 (custom)
2019-11-07 17:30:43,849 [main] INFO  server.GrpcService (ConfUtils.java:logGet(43)) - raft.grpc.flow.control.window = 1MB (=1048576) (default)
2019-11-07 17:30:43,849 [main] INFO  server.RaftServerConfigKeys (ConfUtils.java:logGet(43)) - raft.server.rpc.request.timeout = 3000ms (default)
2019-11-07 17:30:43,849 [main] INFO  server.RaftServerConfigKeys (ConfUtils.java:logGet(43)) - raft.server.storage.dir = [/workdir/hadoop-ozone/ozonefs/target/test-dir/MiniOzoneClusterImpl-b77e69ac-8790-49d6-a70a-8834af103527/datanode-7/data/ratis] (custom)
2019-11-07 17:30:43,851 [main] INFO  hdfs.DFSUtil (DFSUtil.java:httpServerTemplateForNNAndJN(1641)) - Starting Web-server for hddsDatanode at: http://0.0.0.0:0
2019-11-07 17:30:43,852 [main] INFO  server.AuthenticationFilter (AuthenticationFilter.java:constructSecretProvider(240)) - Unable to initialize FileSignerSecretProvider, falling back to use random secrets.
2019-11-07 17:30:43,852 [main] WARN  http.HttpRequestLog (HttpRequestLog.java:getRequestLog(97)) - Jetty request log can only be enabled using Log4j
2019-11-07 17:30:43,854 [main] INFO  http.HttpServer2 (HttpServer2.java:addGlobalFilter(975)) - Added global filter 'safety' (class=org.apache.hadoop.http.HttpServer2$QuotingInputFilter)
2019-11-07 17:30:43,854 [main] INFO  http.HttpServer2 (HttpServer2.java:addFilter(948)) - Added filter static_user_filter (class=org.apache.hadoop.http.lib.StaticUserWebFilter$StaticUserFilter) to context hddsDatanode
2019-11-07 17:30:43,854 [main] INFO  http.HttpServer2 (HttpServer2.java:addFilter(958)) - Added filter static_user_filter (class=org.apache.hadoop.http.lib.StaticUserWebFilter$StaticUserFilter) to context logs
2019-11-07 17:30:43,855 [main] INFO  http.HttpServer2 (HttpServer2.java:addFilter(958)) - Added filter static_user_filter (class=org.apache.hadoop.http.lib.StaticUserWebFilter$StaticUserFilter) to context static
2019-11-07 17:30:43,855 [main] INFO  http.HttpServer2 (HttpServer2.java:bindListener(1191)) - Jetty bound to port 41919
2019-11-07 17:30:43,855 [main] INFO  server.Server (Server.java:doStart(351)) - jetty-9.3.25.v20180904, build timestamp: 2018-09-04T21:11:46Z, git hash: 3ce520221d0240229c862b122d2b06c12a625732
2019-11-07 17:30:43,857 [main] INFO  handler.ContextHandler (ContextHandler.java:doStart(781)) - Started o.e.j.s.ServletContextHandler@77049094{/logs,file:///workdir/hadoop-ozone/ozonefs/target/log,AVAILABLE}
2019-11-07 17:30:43,858 [main] INFO  handler.ContextHandler (ContextHandler.java:doStart(781)) - Started o.e.j.s.ServletContextHandler@59bbe88a{/static,jar:file:/home/user/.m2/repository/org/apache/hadoop/hadoop-hdds-container-service/0.5.0-SNAPSHOT/hadoop-hdds-container-service-0.5.0-SNAPSHOT.jar!/webapps/static,AVAILABLE}
2019-11-07 17:30:43,883 [main] INFO  handler.ContextHandler (ContextHandler.java:doStart(781)) - Started o.e.j.w.WebAppContext@640ab13c{/,file:///tmp/jetty-0.0.0.0-41919-hddsDatanode-_-any-7904459684784812568.dir/webapp/,AVAILABLE}{/hddsDatanode}
2019-11-07 17:30:43,884 [main] INFO  server.AbstractConnector (AbstractConnector.java:doStart(278)) - Started ServerConnector@1e0a864d{HTTP/1.1,[http/1.1]}{0.0.0.0:41919}
2019-11-07 17:30:43,885 [main] INFO  server.Server (Server.java:doStart(419)) - Started @38194ms
2019-11-07 17:30:43,885 [main] WARN  impl.MetricsSystemImpl (MetricsSystemImpl.java:register(276)) - Sink prometheus already exists!
2019-11-07 17:30:43,886 [main] INFO  server.BaseHttpServer (BaseHttpServer.java:updateConnectorAddress(215)) - HTTP server of HDDSDATANODE is listening at http://0.0.0.0:41919
2019-11-07 17:30:43,886 [main] INFO  impl.MetricsSystemImpl (MetricsSystemImpl.java:init(158)) - HddsDatanode metrics system started (again)
2019-11-07 17:30:43,890 [main] INFO  ozone.HddsDatanodeService (HddsDatanodeService.java:start(184)) - HddsDatanodeService host:pr-hdds-2329-pipelines-wl5p8-3511966945 ip:192.168.69.106
2019-11-07 17:30:43,890 [org.apache.hadoop.util.JvmPauseMonitor$Monitor@377555b6] INFO  util.JvmPauseMonitor (JvmPauseMonitor.java:run(188)) - Starting JVM pause monitor
2019-11-07 17:30:43,893 [Datanode State Machine Thread - 0] INFO  datanode.InitDatanodeState (InitDatanodeState.java:persistContainerDatanodeDetails(140)) - DatanodeDetails is persisted to /workdir/hadoop-ozone/ozonefs/target/test-dir/MiniOzoneClusterImpl-b77e69ac-8790-49d6-a70a-8834af103527/datanode-7/meta/datanode.id
2019-11-07 17:30:43,897 [main] INFO  volume.HddsVolume (HddsVolume.java:<init>(176)) - Creating Volume: /workdir/hadoop-ozone/ozonefs/target/test-dir/MiniOzoneClusterImpl-b77e69ac-8790-49d6-a70a-8834af103527/datanode-8/data/containers/hdds of  storage type : DISK and capacity : 1482555576320
2019-11-07 17:30:43,898 [main] INFO  volume.VolumeSet (VolumeSet.java:initializeVolumeSet(170)) - Added Volume : /workdir/hadoop-ozone/ozonefs/target/test-dir/MiniOzoneClusterImpl-b77e69ac-8790-49d6-a70a-8834af103527/datanode-8/data/containers/hdds to VolumeSet
2019-11-07 17:30:43,898 [main] INFO  volume.ThrottledAsyncChecker (ThrottledAsyncChecker.java:schedule(141)) - Scheduling a check for /workdir/hadoop-ozone/ozonefs/target/test-dir/MiniOzoneClusterImpl-b77e69ac-8790-49d6-a70a-8834af103527/datanode-8/data/containers/hdds
2019-11-07 17:30:43,898 [main] INFO  volume.HddsVolumeChecker (HddsVolumeChecker.java:checkAllVolumes(204)) - Scheduled health check for volume /workdir/hadoop-ozone/ozonefs/target/test-dir/MiniOzoneClusterImpl-b77e69ac-8790-49d6-a70a-8834af103527/datanode-8/data/containers/hdds
2019-11-07 17:30:43,914 [main] INFO  impl.RaftServerProxy (ConfUtils.java:logGet(43)) - raft.rpc.type = GRPC (default)
2019-11-07 17:30:43,914 [main] INFO  grpc.GrpcFactory (GrpcFactory.java:checkPooledByteBufAllocatorUseCacheForAllThreads(45)) - PERFORMANCE WARNING: useCacheForAllThreads is true that may cause Netty to create a lot garbage objects and, as a result, trigger GC.
	It is recommended to disable useCacheForAllThreads by setting -Dorg.apache.ratis.thirdparty.io.netty.allocator.useCacheForAllThreads=false in command line.
2019-11-07 17:30:43,914 [main] INFO  grpc.GrpcConfigKeys$Server (ConfUtils.java:logGet(43)) - raft.grpc.server.port = 0 (default)
2019-11-07 17:30:43,915 [main] INFO  server.GrpcService (ConfUtils.java:logGet(43)) - raft.grpc.message.size.max = 33570816 (custom)
2019-11-07 17:30:43,915 [main] INFO  server.RaftServerConfigKeys (ConfUtils.java:logGet(43)) - raft.server.log.appender.buffer.byte-limit = 33554432 (custom)
2019-11-07 17:30:43,915 [main] INFO  server.GrpcService (ConfUtils.java:logGet(43)) - raft.grpc.flow.control.window = 1MB (=1048576) (default)
2019-11-07 17:30:43,915 [main] INFO  server.RaftServerConfigKeys (ConfUtils.java:logGet(43)) - raft.server.rpc.request.timeout = 3000ms (default)
2019-11-07 17:30:43,916 [main] INFO  server.RaftServerConfigKeys (ConfUtils.java:logGet(43)) - raft.server.storage.dir = [/workdir/hadoop-ozone/ozonefs/target/test-dir/MiniOzoneClusterImpl-b77e69ac-8790-49d6-a70a-8834af103527/datanode-8/data/ratis] (custom)
2019-11-07 17:30:43,918 [main] INFO  hdfs.DFSUtil (DFSUtil.java:httpServerTemplateForNNAndJN(1641)) - Starting Web-server for hddsDatanode at: http://0.0.0.0:0
2019-11-07 17:30:43,920 [main] INFO  server.AuthenticationFilter (AuthenticationFilter.java:constructSecretProvider(240)) - Unable to initialize FileSignerSecretProvider, falling back to use random secrets.
2019-11-07 17:30:43,921 [main] WARN  http.HttpRequestLog (HttpRequestLog.java:getRequestLog(97)) - Jetty request log can only be enabled using Log4j
2019-11-07 17:30:43,924 [main] INFO  http.HttpServer2 (HttpServer2.java:addGlobalFilter(975)) - Added global filter 'safety' (class=org.apache.hadoop.http.HttpServer2$QuotingInputFilter)
2019-11-07 17:30:43,925 [main] INFO  http.HttpServer2 (HttpServer2.java:addFilter(948)) - Added filter static_user_filter (class=org.apache.hadoop.http.lib.StaticUserWebFilter$StaticUserFilter) to context hddsDatanode
2019-11-07 17:30:43,925 [main] INFO  http.HttpServer2 (HttpServer2.java:addFilter(958)) - Added filter static_user_filter (class=org.apache.hadoop.http.lib.StaticUserWebFilter$StaticUserFilter) to context logs
2019-11-07 17:30:43,925 [main] INFO  http.HttpServer2 (HttpServer2.java:addFilter(958)) - Added filter static_user_filter (class=org.apache.hadoop.http.lib.StaticUserWebFilter$StaticUserFilter) to context static
2019-11-07 17:30:43,926 [main] INFO  http.HttpServer2 (HttpServer2.java:bindListener(1191)) - Jetty bound to port 43994
2019-11-07 17:30:43,926 [main] INFO  server.Server (Server.java:doStart(351)) - jetty-9.3.25.v20180904, build timestamp: 2018-09-04T21:11:46Z, git hash: 3ce520221d0240229c862b122d2b06c12a625732
2019-11-07 17:30:43,929 [main] INFO  handler.ContextHandler (ContextHandler.java:doStart(781)) - Started o.e.j.s.ServletContextHandler@73d60e76{/logs,file:///workdir/hadoop-ozone/ozonefs/target/log,AVAILABLE}
2019-11-07 17:30:43,929 [main] INFO  handler.ContextHandler (ContextHandler.java:doStart(781)) - Started o.e.j.s.ServletContextHandler@5c441290{/static,jar:file:/home/user/.m2/repository/org/apache/hadoop/hadoop-hdds-container-service/0.5.0-SNAPSHOT/hadoop-hdds-container-service-0.5.0-SNAPSHOT.jar!/webapps/static,AVAILABLE}
2019-11-07 17:30:43,972 [main] INFO  handler.ContextHandler (ContextHandler.java:doStart(781)) - Started o.e.j.w.WebAppContext@3bd6ba24{/,file:///tmp/jetty-0.0.0.0-43994-hddsDatanode-_-any-7495917796002734988.dir/webapp/,AVAILABLE}{/hddsDatanode}
2019-11-07 17:30:43,974 [main] INFO  server.AbstractConnector (AbstractConnector.java:doStart(278)) - Started ServerConnector@58f437b0{HTTP/1.1,[http/1.1]}{0.0.0.0:43994}
2019-11-07 17:30:43,974 [main] INFO  server.Server (Server.java:doStart(419)) - Started @38284ms
2019-11-07 17:30:43,975 [main] WARN  impl.MetricsSystemImpl (MetricsSystemImpl.java:register(276)) - Sink prometheus already exists!
2019-11-07 17:30:43,976 [main] INFO  server.BaseHttpServer (BaseHttpServer.java:updateConnectorAddress(215)) - HTTP server of HDDSDATANODE is listening at http://0.0.0.0:43994
2019-11-07 17:30:43,976 [main] INFO  impl.MetricsSystemImpl (MetricsSystemImpl.java:init(158)) - HddsDatanode metrics system started (again)
2019-11-07 17:30:43,982 [main] INFO  ozone.HddsDatanodeService (HddsDatanodeService.java:start(184)) - HddsDatanodeService host:pr-hdds-2329-pipelines-wl5p8-3511966945 ip:192.168.69.106
2019-11-07 17:30:43,983 [org.apache.hadoop.util.JvmPauseMonitor$Monitor@431ebf94] INFO  util.JvmPauseMonitor (JvmPauseMonitor.java:run(188)) - Starting JVM pause monitor
2019-11-07 17:30:43,986 [Datanode State Machine Thread - 0] INFO  datanode.InitDatanodeState (InitDatanodeState.java:persistContainerDatanodeDetails(140)) - DatanodeDetails is persisted to /workdir/hadoop-ozone/ozonefs/target/test-dir/MiniOzoneClusterImpl-b77e69ac-8790-49d6-a70a-8834af103527/datanode-8/meta/datanode.id
2019-11-07 17:30:43,991 [main] INFO  volume.HddsVolume (HddsVolume.java:<init>(176)) - Creating Volume: /workdir/hadoop-ozone/ozonefs/target/test-dir/MiniOzoneClusterImpl-b77e69ac-8790-49d6-a70a-8834af103527/datanode-9/data/containers/hdds of  storage type : DISK and capacity : 1482555576320
2019-11-07 17:30:43,991 [main] INFO  volume.VolumeSet (VolumeSet.java:initializeVolumeSet(170)) - Added Volume : /workdir/hadoop-ozone/ozonefs/target/test-dir/MiniOzoneClusterImpl-b77e69ac-8790-49d6-a70a-8834af103527/datanode-9/data/containers/hdds to VolumeSet
2019-11-07 17:30:43,992 [main] INFO  volume.ThrottledAsyncChecker (ThrottledAsyncChecker.java:schedule(141)) - Scheduling a check for /workdir/hadoop-ozone/ozonefs/target/test-dir/MiniOzoneClusterImpl-b77e69ac-8790-49d6-a70a-8834af103527/datanode-9/data/containers/hdds
2019-11-07 17:30:43,992 [main] INFO  volume.HddsVolumeChecker (HddsVolumeChecker.java:checkAllVolumes(204)) - Scheduled health check for volume /workdir/hadoop-ozone/ozonefs/target/test-dir/MiniOzoneClusterImpl-b77e69ac-8790-49d6-a70a-8834af103527/datanode-9/data/containers/hdds
2019-11-07 17:30:44,009 [main] INFO  impl.RaftServerProxy (ConfUtils.java:logGet(43)) - raft.rpc.type = GRPC (default)
2019-11-07 17:30:44,009 [main] INFO  grpc.GrpcFactory (GrpcFactory.java:checkPooledByteBufAllocatorUseCacheForAllThreads(45)) - PERFORMANCE WARNING: useCacheForAllThreads is true that may cause Netty to create a lot garbage objects and, as a result, trigger GC.
	It is recommended to disable useCacheForAllThreads by setting -Dorg.apache.ratis.thirdparty.io.netty.allocator.useCacheForAllThreads=false in command line.
2019-11-07 17:30:44,010 [main] INFO  grpc.GrpcConfigKeys$Server (ConfUtils.java:logGet(43)) - raft.grpc.server.port = 0 (default)
2019-11-07 17:30:44,010 [main] INFO  server.GrpcService (ConfUtils.java:logGet(43)) - raft.grpc.message.size.max = 33570816 (custom)
2019-11-07 17:30:44,010 [main] INFO  server.RaftServerConfigKeys (ConfUtils.java:logGet(43)) - raft.server.log.appender.buffer.byte-limit = 33554432 (custom)
2019-11-07 17:30:44,010 [main] INFO  server.GrpcService (ConfUtils.java:logGet(43)) - raft.grpc.flow.control.window = 1MB (=1048576) (default)
2019-11-07 17:30:44,010 [main] INFO  server.RaftServerConfigKeys (ConfUtils.java:logGet(43)) - raft.server.rpc.request.timeout = 3000ms (default)
2019-11-07 17:30:44,011 [main] INFO  server.RaftServerConfigKeys (ConfUtils.java:logGet(43)) - raft.server.storage.dir = [/workdir/hadoop-ozone/ozonefs/target/test-dir/MiniOzoneClusterImpl-b77e69ac-8790-49d6-a70a-8834af103527/datanode-9/data/ratis] (custom)
2019-11-07 17:30:44,012 [main] INFO  hdfs.DFSUtil (DFSUtil.java:httpServerTemplateForNNAndJN(1641)) - Starting Web-server for hddsDatanode at: http://0.0.0.0:0
2019-11-07 17:30:44,015 [main] INFO  server.AuthenticationFilter (AuthenticationFilter.java:constructSecretProvider(240)) - Unable to initialize FileSignerSecretProvider, falling back to use random secrets.
2019-11-07 17:30:44,016 [main] WARN  http.HttpRequestLog (HttpRequestLog.java:getRequestLog(97)) - Jetty request log can only be enabled using Log4j
2019-11-07 17:30:44,019 [main] INFO  http.HttpServer2 (HttpServer2.java:addGlobalFilter(975)) - Added global filter 'safety' (class=org.apache.hadoop.http.HttpServer2$QuotingInputFilter)
2019-11-07 17:30:44,020 [main] INFO  http.HttpServer2 (HttpServer2.java:addFilter(948)) - Added filter static_user_filter (class=org.apache.hadoop.http.lib.StaticUserWebFilter$StaticUserFilter) to context hddsDatanode
2019-11-07 17:30:44,020 [main] INFO  http.HttpServer2 (HttpServer2.java:addFilter(958)) - Added filter static_user_filter (class=org.apache.hadoop.http.lib.StaticUserWebFilter$StaticUserFilter) to context logs
2019-11-07 17:30:44,020 [main] INFO  http.HttpServer2 (HttpServer2.java:addFilter(958)) - Added filter static_user_filter (class=org.apache.hadoop.http.lib.StaticUserWebFilter$StaticUserFilter) to context static
2019-11-07 17:30:44,022 [main] INFO  http.HttpServer2 (HttpServer2.java:bindListener(1191)) - Jetty bound to port 37381
2019-11-07 17:30:44,022 [main] INFO  server.Server (Server.java:doStart(351)) - jetty-9.3.25.v20180904, build timestamp: 2018-09-04T21:11:46Z, git hash: 3ce520221d0240229c862b122d2b06c12a625732
2019-11-07 17:30:44,024 [main] INFO  handler.ContextHandler (ContextHandler.java:doStart(781)) - Started o.e.j.s.ServletContextHandler@257e0827{/logs,file:///workdir/hadoop-ozone/ozonefs/target/log,AVAILABLE}
2019-11-07 17:30:44,025 [main] INFO  handler.ContextHandler (ContextHandler.java:doStart(781)) - Started o.e.j.s.ServletContextHandler@21ba2445{/static,jar:file:/home/user/.m2/repository/org/apache/hadoop/hadoop-hdds-container-service/0.5.0-SNAPSHOT/hadoop-hdds-container-service-0.5.0-SNAPSHOT.jar!/webapps/static,AVAILABLE}
2019-11-07 17:30:44,054 [main] INFO  handler.ContextHandler (ContextHandler.java:doStart(781)) - Started o.e.j.w.WebAppContext@7d0d91a1{/,file:///tmp/jetty-0.0.0.0-37381-hddsDatanode-_-any-4423871492454791394.dir/webapp/,AVAILABLE}{/hddsDatanode}
2019-11-07 17:30:44,056 [main] INFO  server.AbstractConnector (AbstractConnector.java:doStart(278)) - Started ServerConnector@7fb48179{HTTP/1.1,[http/1.1]}{0.0.0.0:37381}
2019-11-07 17:30:44,056 [main] INFO  server.Server (Server.java:doStart(419)) - Started @38365ms
2019-11-07 17:30:44,056 [main] WARN  impl.MetricsSystemImpl (MetricsSystemImpl.java:register(276)) - Sink prometheus already exists!
2019-11-07 17:30:44,057 [main] INFO  server.BaseHttpServer (BaseHttpServer.java:updateConnectorAddress(215)) - HTTP server of HDDSDATANODE is listening at http://0.0.0.0:37381
2019-11-07 17:30:44,059 [main] INFO  ozone.MiniOzoneClusterImpl (MiniOzoneClusterImpl.java:lambda$waitForClusterToBeReady$0(147)) - Waiting for cluster to be ready. Got 0 of 10 DN Heartbeats.
2019-11-07 17:30:44,059 [org.apache.hadoop.util.JvmPauseMonitor$Monitor@19807d61] INFO  util.JvmPauseMonitor (JvmPauseMonitor.java:run(188)) - Starting JVM pause monitor
2019-11-07 17:30:44,062 [Datanode State Machine Thread - 0] INFO  datanode.InitDatanodeState (InitDatanodeState.java:persistContainerDatanodeDetails(140)) - DatanodeDetails is persisted to /workdir/hadoop-ozone/ozonefs/target/test-dir/MiniOzoneClusterImpl-b77e69ac-8790-49d6-a70a-8834af103527/datanode-9/meta/datanode.id
2019-11-07 17:30:45,059 [main] INFO  ozone.MiniOzoneClusterImpl (MiniOzoneClusterImpl.java:lambda$waitForClusterToBeReady$0(147)) - Waiting for cluster to be ready. Got 0 of 10 DN Heartbeats.
2019-11-07 17:30:46,060 [main] INFO  ozone.MiniOzoneClusterImpl (MiniOzoneClusterImpl.java:lambda$waitForClusterToBeReady$0(147)) - Waiting for cluster to be ready. Got 0 of 10 DN Heartbeats.
2019-11-07 17:30:47,060 [main] INFO  ozone.MiniOzoneClusterImpl (MiniOzoneClusterImpl.java:lambda$waitForClusterToBeReady$0(147)) - Waiting for cluster to be ready. Got 0 of 10 DN Heartbeats.
2019-11-07 17:30:48,061 [main] INFO  ozone.MiniOzoneClusterImpl (MiniOzoneClusterImpl.java:lambda$waitForClusterToBeReady$0(147)) - Waiting for cluster to be ready. Got 0 of 10 DN Heartbeats.
2019-11-07 17:30:49,062 [main] INFO  ozone.MiniOzoneClusterImpl (MiniOzoneClusterImpl.java:lambda$waitForClusterToBeReady$0(147)) - Waiting for cluster to be ready. Got 0 of 10 DN Heartbeats.
2019-11-07 17:30:50,062 [main] INFO  ozone.MiniOzoneClusterImpl (MiniOzoneClusterImpl.java:lambda$waitForClusterToBeReady$0(147)) - Waiting for cluster to be ready. Got 0 of 10 DN Heartbeats.
2019-11-07 17:30:51,063 [main] INFO  ozone.MiniOzoneClusterImpl (MiniOzoneClusterImpl.java:lambda$waitForClusterToBeReady$0(147)) - Waiting for cluster to be ready. Got 0 of 10 DN Heartbeats.
2019-11-07 17:30:52,064 [main] INFO  ozone.MiniOzoneClusterImpl (MiniOzoneClusterImpl.java:lambda$waitForClusterToBeReady$0(147)) - Waiting for cluster to be ready. Got 0 of 10 DN Heartbeats.
2019-11-07 17:30:53,064 [main] INFO  ozone.MiniOzoneClusterImpl (MiniOzoneClusterImpl.java:lambda$waitForClusterToBeReady$0(147)) - Waiting for cluster to be ready. Got 0 of 10 DN Heartbeats.
2019-11-07 17:30:54,065 [main] INFO  ozone.MiniOzoneClusterImpl (MiniOzoneClusterImpl.java:lambda$waitForClusterToBeReady$0(147)) - Waiting for cluster to be ready. Got 0 of 10 DN Heartbeats.
2019-11-07 17:30:54,688 [Datanode State Machine Thread - 0] INFO  ozoneimpl.OzoneContainer (OzoneContainer.java:start(213)) - Attempting to start container services.
2019-11-07 17:30:54,688 [Datanode State Machine Thread - 0] INFO  ozoneimpl.OzoneContainer (OzoneContainer.java:start(213)) - Attempting to start container services.
2019-11-07 17:30:54,693 [Datanode State Machine Thread - 0] INFO  ozoneimpl.OzoneContainer (OzoneContainer.java:startContainerScrub(177)) - Background container scanner has been disabled.
2019-11-07 17:30:54,693 [Datanode State Machine Thread - 0] INFO  ozoneimpl.OzoneContainer (OzoneContainer.java:startContainerScrub(177)) - Background container scanner has been disabled.
2019-11-07 17:30:54,693 [Datanode State Machine Thread - 0] INFO  ratis.XceiverServerRatis (XceiverServerRatis.java:start(418)) - Starting XceiverServerRatis 0fd77a9b-72d8-4821-b20f-db546d0e4c68 at port 0
2019-11-07 17:30:54,693 [Datanode State Machine Thread - 0] INFO  ratis.XceiverServerRatis (XceiverServerRatis.java:start(418)) - Starting XceiverServerRatis f59fc3e3-ffcf-4f90-a29e-3f57c4c8798e at port 0
2019-11-07 17:30:54,732 [Datanode State Machine Thread - 0] INFO  impl.RaftServerProxy (RaftServerProxy.java:lambda$start$3(299)) - 0fd77a9b-72d8-4821-b20f-db546d0e4c68: start RPC server
2019-11-07 17:30:54,732 [Datanode State Machine Thread - 0] INFO  impl.RaftServerProxy (RaftServerProxy.java:lambda$start$3(299)) - f59fc3e3-ffcf-4f90-a29e-3f57c4c8798e: start RPC server
2019-11-07 17:30:54,939 [Datanode State Machine Thread - 0] INFO  server.GrpcService (GrpcService.java:startImpl(158)) - 0fd77a9b-72d8-4821-b20f-db546d0e4c68: GrpcService started, listening on 0.0.0.0/0.0.0.0:38398
2019-11-07 17:30:54,939 [Datanode State Machine Thread - 0] INFO  server.GrpcService (GrpcService.java:startImpl(158)) - f59fc3e3-ffcf-4f90-a29e-3f57c4c8798e: GrpcService started, listening on 0.0.0.0/0.0.0.0:39084
2019-11-07 17:30:54,941 [Datanode State Machine Thread - 0] INFO  ratis.XceiverServerRatis (XceiverServerRatis.java:start(428)) - XceiverServerRatis 0fd77a9b-72d8-4821-b20f-db546d0e4c68 is started using port 38398
2019-11-07 17:30:54,941 [Datanode State Machine Thread - 0] INFO  ratis.XceiverServerRatis (XceiverServerRatis.java:start(428)) - XceiverServerRatis f59fc3e3-ffcf-4f90-a29e-3f57c4c8798e is started using port 39084
2019-11-07 17:30:54,947 [Datanode State Machine Thread - 0] INFO  server.XceiverServerGrpc (XceiverServerGrpc.java:start(149)) - XceiverServerGrpc f59fc3e3-ffcf-4f90-a29e-3f57c4c8798e is started using port 46716
2019-11-07 17:30:54,947 [Datanode State Machine Thread - 0] INFO  server.XceiverServerGrpc (XceiverServerGrpc.java:start(149)) - XceiverServerGrpc 0fd77a9b-72d8-4821-b20f-db546d0e4c68 is started using port 44444
2019-11-07 17:30:55,066 [main] INFO  ozone.MiniOzoneClusterImpl (MiniOzoneClusterImpl.java:lambda$waitForClusterToBeReady$0(147)) - Waiting for cluster to be ready. Got 0 of 10 DN Heartbeats.
2019-11-07 17:30:55,172 [Datanode State Machine Thread - 0] INFO  ozoneimpl.OzoneContainer (OzoneContainer.java:start(213)) - Attempting to start container services.
2019-11-07 17:30:55,172 [Datanode State Machine Thread - 0] INFO  ozoneimpl.OzoneContainer (OzoneContainer.java:start(213)) - Attempting to start container services.
2019-11-07 17:30:55,172 [Datanode State Machine Thread - 0] INFO  ozoneimpl.OzoneContainer (OzoneContainer.java:start(213)) - Attempting to start container services.
2019-11-07 17:30:55,172 [Datanode State Machine Thread - 0] INFO  ozoneimpl.OzoneContainer (OzoneContainer.java:start(213)) - Attempting to start container services.
2019-11-07 17:30:55,180 [Datanode State Machine Thread - 0] INFO  ozoneimpl.OzoneContainer (OzoneContainer.java:startContainerScrub(177)) - Background container scanner has been disabled.
2019-11-07 17:30:55,172 [Datanode State Machine Thread - 0] INFO  ozoneimpl.OzoneContainer (OzoneContainer.java:start(213)) - Attempting to start container services.
2019-11-07 17:30:55,172 [Datanode State Machine Thread - 0] INFO  ozoneimpl.OzoneContainer (OzoneContainer.java:start(213)) - Attempting to start container services.
2019-11-07 17:30:55,181 [Datanode State Machine Thread - 0] INFO  ozoneimpl.OzoneContainer (OzoneContainer.java:startContainerScrub(177)) - Background container scanner has been disabled.
2019-11-07 17:30:55,172 [Datanode State Machine Thread - 0] INFO  ozoneimpl.OzoneContainer (OzoneContainer.java:start(213)) - Attempting to start container services.
2019-11-07 17:30:55,181 [Datanode State Machine Thread - 0] INFO  ratis.XceiverServerRatis (XceiverServerRatis.java:start(418)) - Starting XceiverServerRatis 756e93ac-e5d0-4f55-84a8-ff11521db264 at port 0
2019-11-07 17:30:55,181 [Datanode State Machine Thread - 0] INFO  ozoneimpl.OzoneContainer (OzoneContainer.java:startContainerScrub(177)) - Background container scanner has been disabled.
2019-11-07 17:30:55,181 [Datanode State Machine Thread - 0] INFO  ozoneimpl.OzoneContainer (OzoneContainer.java:startContainerScrub(177)) - Background container scanner has been disabled.
2019-11-07 17:30:55,181 [Datanode State Machine Thread - 0] INFO  ratis.XceiverServerRatis (XceiverServerRatis.java:start(418)) - Starting XceiverServerRatis f48da1f1-c66e-4724-bcad-208202df163d at port 0
2019-11-07 17:30:55,181 [Datanode State Machine Thread - 0] INFO  ozoneimpl.OzoneContainer (OzoneContainer.java:startContainerScrub(177)) - Background container scanner has been disabled.
2019-11-07 17:30:55,179 [Datanode State Machine Thread - 0] INFO  ozoneimpl.OzoneContainer (OzoneContainer.java:startContainerScrub(177)) - Background container scanner has been disabled.
2019-11-07 17:30:55,178 [Datanode State Machine Thread - 0] INFO  ozoneimpl.OzoneContainer (OzoneContainer.java:startContainerScrub(177)) - Background container scanner has been disabled.
2019-11-07 17:30:55,172 [Datanode State Machine Thread - 0] INFO  ozoneimpl.OzoneContainer (OzoneContainer.java:start(213)) - Attempting to start container services.
2019-11-07 17:30:55,182 [Datanode State Machine Thread - 0] INFO  ratis.XceiverServerRatis (XceiverServerRatis.java:start(418)) - Starting XceiverServerRatis 9ff4eedc-7f18-41aa-b959-bed1611f05ce at port 0
2019-11-07 17:30:55,182 [Datanode State Machine Thread - 0] INFO  ratis.XceiverServerRatis (XceiverServerRatis.java:start(418)) - Starting XceiverServerRatis 99ce3c13-320b-4021-9cf6-199dd0bed684 at port 0
2019-11-07 17:30:55,182 [Datanode State Machine Thread - 0] INFO  ratis.XceiverServerRatis (XceiverServerRatis.java:start(418)) - Starting XceiverServerRatis be1eab1f-e55b-4a66-815d-696df07f94d4 at port 0
2019-11-07 17:30:55,182 [Datanode State Machine Thread - 0] INFO  ratis.XceiverServerRatis (XceiverServerRatis.java:start(418)) - Starting XceiverServerRatis 251ce408-7486-40e0-a616-e1c7db097d86 at port 0
2019-11-07 17:30:55,181 [Datanode State Machine Thread - 0] INFO  ratis.XceiverServerRatis (XceiverServerRatis.java:start(418)) - Starting XceiverServerRatis cdd73ee1-0650-4948-a59d-6a4aac960b6a at port 0
2019-11-07 17:30:55,183 [Datanode State Machine Thread - 0] INFO  ozoneimpl.OzoneContainer (OzoneContainer.java:startContainerScrub(177)) - Background container scanner has been disabled.
2019-11-07 17:30:55,183 [Datanode State Machine Thread - 0] INFO  ratis.XceiverServerRatis (XceiverServerRatis.java:start(418)) - Starting XceiverServerRatis 200b5f44-7f38-4444-853c-266b1b48f105 at port 0
2019-11-07 17:30:55,272 [Datanode State Machine Thread - 0] INFO  impl.RaftServerProxy (RaftServerProxy.java:lambda$start$3(299)) - 756e93ac-e5d0-4f55-84a8-ff11521db264: start RPC server
2019-11-07 17:30:55,279 [Datanode State Machine Thread - 0] INFO  server.GrpcService (GrpcService.java:startImpl(158)) - 756e93ac-e5d0-4f55-84a8-ff11521db264: GrpcService started, listening on 0.0.0.0/0.0.0.0:43728
2019-11-07 17:30:55,279 [Datanode State Machine Thread - 0] INFO  ratis.XceiverServerRatis (XceiverServerRatis.java:start(428)) - XceiverServerRatis 756e93ac-e5d0-4f55-84a8-ff11521db264 is started using port 43728
2019-11-07 17:30:55,285 [Datanode State Machine Thread - 0] INFO  server.XceiverServerGrpc (XceiverServerGrpc.java:start(149)) - XceiverServerGrpc 756e93ac-e5d0-4f55-84a8-ff11521db264 is started using port 38918
2019-11-07 17:30:55,285 [Datanode State Machine Thread - 0] INFO  impl.RaftServerProxy (RaftServerProxy.java:lambda$start$3(299)) - 99ce3c13-320b-4021-9cf6-199dd0bed684: start RPC server
2019-11-07 17:30:55,286 [Datanode State Machine Thread - 0] INFO  impl.RaftServerProxy (RaftServerProxy.java:lambda$start$3(299)) - be1eab1f-e55b-4a66-815d-696df07f94d4: start RPC server
2019-11-07 17:30:55,302 [Datanode State Machine Thread - 0] INFO  impl.RaftServerProxy (RaftServerProxy.java:lambda$start$3(299)) - 251ce408-7486-40e0-a616-e1c7db097d86: start RPC server
2019-11-07 17:30:55,308 [Datanode State Machine Thread - 0] INFO  server.GrpcService (GrpcService.java:startImpl(158)) - 99ce3c13-320b-4021-9cf6-199dd0bed684: GrpcService started, listening on 0.0.0.0/0.0.0.0:34308
2019-11-07 17:30:55,308 [Datanode State Machine Thread - 0] INFO  server.GrpcService (GrpcService.java:startImpl(158)) - be1eab1f-e55b-4a66-815d-696df07f94d4: GrpcService started, listening on 0.0.0.0/0.0.0.0:35508
2019-11-07 17:30:55,308 [Datanode State Machine Thread - 0] INFO  ratis.XceiverServerRatis (XceiverServerRatis.java:start(428)) - XceiverServerRatis 99ce3c13-320b-4021-9cf6-199dd0bed684 is started using port 34308
2019-11-07 17:30:55,308 [Datanode State Machine Thread - 0] INFO  ratis.XceiverServerRatis (XceiverServerRatis.java:start(428)) - XceiverServerRatis be1eab1f-e55b-4a66-815d-696df07f94d4 is started using port 35508
2019-11-07 17:30:55,311 [Datanode State Machine Thread - 0] INFO  impl.RaftServerProxy (RaftServerProxy.java:lambda$start$3(299)) - 9ff4eedc-7f18-41aa-b959-bed1611f05ce: start RPC server
2019-11-07 17:30:55,319 [Datanode State Machine Thread - 0] INFO  impl.RaftServerProxy (RaftServerProxy.java:lambda$start$3(299)) - 200b5f44-7f38-4444-853c-266b1b48f105: start RPC server
2019-11-07 17:30:55,323 [Datanode State Machine Thread - 0] INFO  impl.RaftServerProxy (RaftServerProxy.java:lambda$start$3(299)) - f48da1f1-c66e-4724-bcad-208202df163d: start RPC server
2019-11-07 17:30:55,326 [Datanode State Machine Thread - 0] INFO  server.GrpcService (GrpcService.java:startImpl(158)) - 251ce408-7486-40e0-a616-e1c7db097d86: GrpcService started, listening on 0.0.0.0/0.0.0.0:36047
2019-11-07 17:30:55,326 [Datanode State Machine Thread - 0] INFO  server.XceiverServerGrpc (XceiverServerGrpc.java:start(149)) - XceiverServerGrpc be1eab1f-e55b-4a66-815d-696df07f94d4 is started using port 46348
2019-11-07 17:30:55,326 [Datanode State Machine Thread - 0] INFO  server.XceiverServerGrpc (XceiverServerGrpc.java:start(149)) - XceiverServerGrpc 99ce3c13-320b-4021-9cf6-199dd0bed684 is started using port 44368
2019-11-07 17:30:55,326 [Datanode State Machine Thread - 0] INFO  server.GrpcService (GrpcService.java:startImpl(158)) - 200b5f44-7f38-4444-853c-266b1b48f105: GrpcService started, listening on 0.0.0.0/0.0.0.0:42374
2019-11-07 17:30:55,331 [Datanode State Machine Thread - 0] INFO  ratis.XceiverServerRatis (XceiverServerRatis.java:start(428)) - XceiverServerRatis 200b5f44-7f38-4444-853c-266b1b48f105 is started using port 42374
2019-11-07 17:30:55,326 [Datanode State Machine Thread - 0] INFO  server.GrpcService (GrpcService.java:startImpl(158)) - 9ff4eedc-7f18-41aa-b959-bed1611f05ce: GrpcService started, listening on 0.0.0.0/0.0.0.0:37715
2019-11-07 17:30:55,326 [Datanode State Machine Thread - 0] INFO  ratis.XceiverServerRatis (XceiverServerRatis.java:start(428)) - XceiverServerRatis 251ce408-7486-40e0-a616-e1c7db097d86 is started using port 36047
2019-11-07 17:30:55,332 [Datanode State Machine Thread - 0] INFO  ratis.XceiverServerRatis (XceiverServerRatis.java:start(428)) - XceiverServerRatis 9ff4eedc-7f18-41aa-b959-bed1611f05ce is started using port 37715
2019-11-07 17:30:55,330 [Datanode State Machine Thread - 0] INFO  server.GrpcService (GrpcService.java:startImpl(158)) - f48da1f1-c66e-4724-bcad-208202df163d: GrpcService started, listening on 0.0.0.0/0.0.0.0:39876
2019-11-07 17:30:55,334 [Datanode State Machine Thread - 0] INFO  impl.RaftServerProxy (RaftServerProxy.java:lambda$start$3(299)) - cdd73ee1-0650-4948-a59d-6a4aac960b6a: start RPC server
2019-11-07 17:30:55,339 [Datanode State Machine Thread - 0] INFO  server.XceiverServerGrpc (XceiverServerGrpc.java:start(149)) - XceiverServerGrpc 200b5f44-7f38-4444-853c-266b1b48f105 is started using port 39017
2019-11-07 17:30:55,339 [Datanode State Machine Thread - 0] INFO  ratis.XceiverServerRatis (XceiverServerRatis.java:start(428)) - XceiverServerRatis f48da1f1-c66e-4724-bcad-208202df163d is started using port 39876
2019-11-07 17:30:55,340 [Datanode State Machine Thread - 0] INFO  server.XceiverServerGrpc (XceiverServerGrpc.java:start(149)) - XceiverServerGrpc 251ce408-7486-40e0-a616-e1c7db097d86 is started using port 35275
2019-11-07 17:30:55,347 [Datanode State Machine Thread - 0] INFO  server.XceiverServerGrpc (XceiverServerGrpc.java:start(149)) - XceiverServerGrpc 9ff4eedc-7f18-41aa-b959-bed1611f05ce is started using port 36425
2019-11-07 17:30:55,353 [Datanode State Machine Thread - 0] INFO  server.XceiverServerGrpc (XceiverServerGrpc.java:start(149)) - XceiverServerGrpc f48da1f1-c66e-4724-bcad-208202df163d is started using port 33931
2019-11-07 17:30:55,355 [Datanode State Machine Thread - 0] INFO  server.GrpcService (GrpcService.java:startImpl(158)) - cdd73ee1-0650-4948-a59d-6a4aac960b6a: GrpcService started, listening on 0.0.0.0/0.0.0.0:35716
2019-11-07 17:30:55,355 [Datanode State Machine Thread - 0] INFO  ratis.XceiverServerRatis (XceiverServerRatis.java:start(428)) - XceiverServerRatis cdd73ee1-0650-4948-a59d-6a4aac960b6a is started using port 35716
2019-11-07 17:30:55,391 [Datanode State Machine Thread - 0] INFO  server.XceiverServerGrpc (XceiverServerGrpc.java:start(149)) - XceiverServerGrpc cdd73ee1-0650-4948-a59d-6a4aac960b6a is started using port 41459
2019-11-07 17:30:55,434 [IPC Server handler 17 on 35327] INFO  net.NetworkTopology (NetworkTopologyImpl.java:add(111)) - Added a new node: /default-rack/f59fc3e3-ffcf-4f90-a29e-3f57c4c8798e
2019-11-07 17:30:55,436 [IPC Server handler 17 on 35327] INFO  node.SCMNodeManager (SCMNodeManager.java:register(313)) - Registered Data node : f59fc3e3-ffcf-4f90-a29e-3f57c4c8798e{ip: 192.168.69.106, host: pr-hdds-2329-pipelines-wl5p8-3511966945, networkLocation: /default-rack, certSerialId: null}
2019-11-07 17:30:55,437 [IPC Server handler 4 on 35327] INFO  net.NetworkTopology (NetworkTopologyImpl.java:add(111)) - Added a new node: /default-rack/0fd77a9b-72d8-4821-b20f-db546d0e4c68
2019-11-07 17:30:55,439 [IPC Server handler 4 on 35327] INFO  node.SCMNodeManager (SCMNodeManager.java:register(313)) - Registered Data node : 0fd77a9b-72d8-4821-b20f-db546d0e4c68{ip: 192.168.69.106, host: pr-hdds-2329-pipelines-wl5p8-3511966945, networkLocation: /default-rack, certSerialId: null}
2019-11-07 17:30:55,442 [EventQueue-NodeRegistrationContainerReportForDataNodeSafeModeRule] INFO  safemode.SCMSafeModeManager (DataNodeSafeModeRule.java:process(71)) - SCM in safe mode. 1 DataNodes registered, 1 required.
2019-11-07 17:30:55,445 [EventQueue-NodeRegistrationContainerReportForDataNodeSafeModeRule] INFO  safemode.SCMSafeModeManager (SCMSafeModeManager.java:validateSafeModeExitRules(177)) - ScmSafeModeManager, all rules are successfully validated
2019-11-07 17:30:55,445 [EventQueue-NodeRegistrationContainerReportForDataNodeSafeModeRule] INFO  safemode.SCMSafeModeManager (SCMSafeModeManager.java:exitSafeMode(193)) - SCM exiting safe mode.
2019-11-07 17:30:55,503 [IPC Server handler 16 on 35327] INFO  net.NetworkTopology (NetworkTopologyImpl.java:add(111)) - Added a new node: /default-rack/cdd73ee1-0650-4948-a59d-6a4aac960b6a
2019-11-07 17:30:55,503 [IPC Server handler 16 on 35327] INFO  node.SCMNodeManager (SCMNodeManager.java:register(313)) - Registered Data node : cdd73ee1-0650-4948-a59d-6a4aac960b6a{ip: 192.168.69.106, host: pr-hdds-2329-pipelines-wl5p8-3511966945, networkLocation: /default-rack, certSerialId: null}
2019-11-07 17:30:55,610 [IPC Server handler 10 on 35327] INFO  net.NetworkTopology (NetworkTopologyImpl.java:add(111)) - Added a new node: /default-rack/756e93ac-e5d0-4f55-84a8-ff11521db264
2019-11-07 17:30:55,611 [IPC Server handler 10 on 35327] INFO  node.SCMNodeManager (SCMNodeManager.java:register(313)) - Registered Data node : 756e93ac-e5d0-4f55-84a8-ff11521db264{ip: 192.168.69.106, host: pr-hdds-2329-pipelines-wl5p8-3511966945, networkLocation: /default-rack, certSerialId: null}
2019-11-07 17:30:55,680 [IPC Server handler 12 on 35327] INFO  net.NetworkTopology (NetworkTopologyImpl.java:add(111)) - Added a new node: /default-rack/9ff4eedc-7f18-41aa-b959-bed1611f05ce
2019-11-07 17:30:55,680 [IPC Server handler 12 on 35327] INFO  node.SCMNodeManager (SCMNodeManager.java:register(313)) - Registered Data node : 9ff4eedc-7f18-41aa-b959-bed1611f05ce{ip: 192.168.69.106, host: pr-hdds-2329-pipelines-wl5p8-3511966945, networkLocation: /default-rack, certSerialId: null}
2019-11-07 17:30:55,772 [IPC Server handler 2 on 35327] INFO  net.NetworkTopology (NetworkTopologyImpl.java:add(111)) - Added a new node: /default-rack/be1eab1f-e55b-4a66-815d-696df07f94d4
2019-11-07 17:30:55,772 [IPC Server handler 2 on 35327] INFO  node.SCMNodeManager (SCMNodeManager.java:register(313)) - Registered Data node : be1eab1f-e55b-4a66-815d-696df07f94d4{ip: 192.168.69.106, host: pr-hdds-2329-pipelines-wl5p8-3511966945, networkLocation: /default-rack, certSerialId: null}
2019-11-07 17:30:55,837 [IPC Server handler 1 on 35327] INFO  net.NetworkTopology (NetworkTopologyImpl.java:add(111)) - Added a new node: /default-rack/200b5f44-7f38-4444-853c-266b1b48f105
2019-11-07 17:30:55,837 [IPC Server handler 1 on 35327] INFO  node.SCMNodeManager (SCMNodeManager.java:register(313)) - Registered Data node : 200b5f44-7f38-4444-853c-266b1b48f105{ip: 192.168.69.106, host: pr-hdds-2329-pipelines-wl5p8-3511966945, networkLocation: /default-rack, certSerialId: null}
2019-11-07 17:30:55,949 [IPC Server handler 6 on 35327] INFO  net.NetworkTopology (NetworkTopologyImpl.java:add(111)) - Added a new node: /default-rack/99ce3c13-320b-4021-9cf6-199dd0bed684
2019-11-07 17:30:55,949 [IPC Server handler 6 on 35327] INFO  node.SCMNodeManager (SCMNodeManager.java:register(313)) - Registered Data node : 99ce3c13-320b-4021-9cf6-199dd0bed684{ip: 192.168.69.106, host: pr-hdds-2329-pipelines-wl5p8-3511966945, networkLocation: /default-rack, certSerialId: null}
2019-11-07 17:30:56,009 [IPC Server handler 5 on 35327] INFO  net.NetworkTopology (NetworkTopologyImpl.java:add(111)) - Added a new node: /default-rack/251ce408-7486-40e0-a616-e1c7db097d86
2019-11-07 17:30:56,010 [IPC Server handler 5 on 35327] INFO  node.SCMNodeManager (SCMNodeManager.java:register(313)) - Registered Data node : 251ce408-7486-40e0-a616-e1c7db097d86{ip: 192.168.69.106, host: pr-hdds-2329-pipelines-wl5p8-3511966945, networkLocation: /default-rack, certSerialId: null}
2019-11-07 17:30:56,066 [main] INFO  ozone.MiniOzoneClusterImpl (MiniOzoneClusterImpl.java:lambda$waitForClusterToBeReady$0(147)) - Waiting for cluster to be ready. Got 9 of 10 DN Heartbeats.
2019-11-07 17:30:56,069 [IPC Server handler 17 on 35327] INFO  net.NetworkTopology (NetworkTopologyImpl.java:add(111)) - Added a new node: /default-rack/f48da1f1-c66e-4724-bcad-208202df163d
2019-11-07 17:30:56,069 [IPC Server handler 17 on 35327] INFO  node.SCMNodeManager (SCMNodeManager.java:register(313)) - Registered Data node : f48da1f1-c66e-4724-bcad-208202df163d{ip: 192.168.69.106, host: pr-hdds-2329-pipelines-wl5p8-3511966945, networkLocation: /default-rack, certSerialId: null}
2019-11-07 17:30:56,192 [grpc-default-executor-0] INFO  impl.RaftServerProxy (RaftServerProxy.java:addNew(89)) - 0fd77a9b-72d8-4821-b20f-db546d0e4c68: addNew group-D5631FD86E68:[0fd77a9b-72d8-4821-b20f-db546d0e4c68:192.168.69.106:38398] returns group-D5631FD86E68:java.util.concurrent.CompletableFuture@27c202bf[Not completed]
2019-11-07 17:30:56,215 [pool-28-thread-1] INFO  impl.RaftServerImpl (RaftServerImpl.java:<init>(98)) - 0fd77a9b-72d8-4821-b20f-db546d0e4c68: new RaftServerImpl for group-D5631FD86E68:[0fd77a9b-72d8-4821-b20f-db546d0e4c68:192.168.69.106:38398] with ContainerStateMachine:uninitialized
2019-11-07 17:30:56,217 [pool-28-thread-1] INFO  server.RaftServerConfigKeys (ConfUtils.java:logGet(43)) - raft.server.rpc.timeout.min = 5s (custom)
2019-11-07 17:30:56,219 [pool-28-thread-1] INFO  server.RaftServerConfigKeys (ConfUtils.java:logGet(43)) - raft.server.rpc.timeout.max = 5200ms (custom)
2019-11-07 17:30:56,219 [pool-28-thread-1] INFO  server.RaftServerConfigKeys (ConfUtils.java:logGet(43)) - raft.server.rpcslowness.timeout = 120s (custom)
2019-11-07 17:30:56,220 [pool-28-thread-1] INFO  server.RaftServerConfigKeys (ConfUtils.java:logGet(43)) - raft.server.sleep.deviation.threshold = 300 (default)
2019-11-07 17:30:56,221 [pool-28-thread-1] INFO  server.RaftServerConfigKeys (ConfUtils.java:logGet(43)) - raft.server.log.appender.install.snapshot.enabled = false (custom)
2019-11-07 17:30:56,233 [pool-28-thread-1] INFO  impl.RaftServerImpl (ServerState.java:<init>(103)) - 0fd77a9b-72d8-4821-b20f-db546d0e4c68@group-D5631FD86E68: ConfigurationManager, init=-1: [0fd77a9b-72d8-4821-b20f-db546d0e4c68:192.168.69.106:38398], old=null, confs=<EMPTY_MAP>
2019-11-07 17:30:56,234 [pool-28-thread-1] INFO  server.RaftServerConfigKeys (ConfUtils.java:logGet(43)) - raft.server.storage.dir = [/workdir/hadoop-ozone/ozonefs/target/test-dir/MiniOzoneClusterImpl-b77e69ac-8790-49d6-a70a-8834af103527/datanode-0/data/ratis] (custom)
2019-11-07 17:30:56,242 [pool-28-thread-1] INFO  server.RaftServerConfigKeys (ConfUtils.java:logGet(43)) - raft.server.log.corruption.policy = EXCEPTION (default)
2019-11-07 17:30:56,244 [pool-28-thread-1] INFO  storage.RaftStorageDirectory (RaftStorageDirectory.java:analyzeStorage(246)) - The storage directory /workdir/hadoop-ozone/ozonefs/target/test-dir/MiniOzoneClusterImpl-b77e69ac-8790-49d6-a70a-8834af103527/datanode-0/data/ratis/8b079bfd-c798-4533-8c4d-d5631fd86e68 does not exist. Creating ...
2019-11-07 17:30:57,069 [main] INFO  ozone.MiniOzoneClusterImpl (MiniOzoneClusterImpl.java:lambda$waitForClusterToBeReady$0(147)) - Cluster is ready. Got 10 of 10 DN Heartbeats.
2019-11-07 17:30:57,717 [main] INFO  rpc.RpcClient (RpcClient.java:createVolume(291)) - Creating Volume: volume60034, with user52877 as owner.
2019-11-07 17:30:57,835 [IPC Server handler 14 on 45235] INFO  volume.OMVolumeCreateRequest (OMVolumeCreateRequest.java:validateAndUpdateCache(193)) - created volume:volume60034 for user:user52877
2019-11-07 17:30:58,457 [Thread-283] INFO  container.ReplicationManager (ReplicationManager.java:start(162)) - Starting Replication Monitor Thread.
2019-11-07 17:30:58,464 [ReplicationMonitor] INFO  container.ReplicationManager (ReplicationManager.java:run(225)) - Replication Monitor Thread took 0 milliseconds for processing 0 containers.
2019-11-07 17:30:58,688 [RATISCREATEPIPELINE1] ERROR pipeline.RatisPipelineProvider (RatisPipelineProvider.java:lambda$null$5(237)) - Failed invoke Ratis rpc org.apache.hadoop.hdds.scm.pipeline.RatisPipelineProvider$$Lambda$196/1129820820@551b5c50 for 0fd77a9b-72d8-4821-b20f-db546d0e4c68
org.apache.ratis.protocol.TimeoutIOException: deadline exceeded after 2949888252ns
	at org.apache.ratis.grpc.GrpcUtil.tryUnwrapException(GrpcUtil.java:82)
	at org.apache.ratis.grpc.GrpcUtil.unwrapException(GrpcUtil.java:75)
	at org.apache.ratis.grpc.client.GrpcClientProtocolClient.blockingCall(GrpcClientProtocolClient.java:184)
	at org.apache.ratis.grpc.client.GrpcClientProtocolClient.groupAdd(GrpcClientProtocolClient.java:153)
	at org.apache.ratis.grpc.client.GrpcClientRpc.sendRequest(GrpcClientRpc.java:94)
	at org.apache.ratis.client.impl.RaftClientImpl.sendRequest(RaftClientImpl.java:278)
	at org.apache.ratis.client.impl.RaftClientImpl.groupAdd(RaftClientImpl.java:205)
	at org.apache.hadoop.hdds.scm.pipeline.RatisPipelineProvider.lambda$initializePipeline$4(RatisPipelineProvider.java:198)
	at org.apache.hadoop.hdds.scm.pipeline.RatisPipelineProvider.lambda$null$5(RatisPipelineProvider.java:233)
	at java.util.stream.ForEachOps$ForEachOp$OfRef.accept(ForEachOps.java:183)
	at java.util.ArrayList$ArrayListSpliterator.forEachRemaining(ArrayList.java:1382)
	at java.util.stream.AbstractPipeline.copyInto(AbstractPipeline.java:482)
	at java.util.stream.ForEachOps$ForEachTask.compute(ForEachOps.java:290)
	at java.util.concurrent.CountedCompleter.exec(CountedCompleter.java:731)
	at java.util.concurrent.ForkJoinTask.doExec(ForkJoinTask.java:289)
	at java.util.concurrent.ForkJoinTask.doInvoke(ForkJoinTask.java:401)
	at java.util.concurrent.ForkJoinTask.invoke(ForkJoinTask.java:734)
	at java.util.stream.ForEachOps$ForEachOp.evaluateParallel(ForEachOps.java:159)
	at java.util.stream.ForEachOps$ForEachOp$OfRef.evaluateParallel(ForEachOps.java:173)
	at java.util.stream.AbstractPipeline.evaluate(AbstractPipeline.java:233)
	at java.util.stream.ReferencePipeline.forEach(ReferencePipeline.java:485)
	at java.util.stream.ReferencePipeline$Head.forEach(ReferencePipeline.java:650)
	at org.apache.hadoop.hdds.scm.pipeline.RatisPipelineProvider.lambda$callRatisRpc$6(RatisPipelineProvider.java:227)
	at java.util.concurrent.ForkJoinTask$AdaptedRunnableAction.exec(ForkJoinTask.java:1386)
	at java.util.concurrent.ForkJoinTask.doExec(ForkJoinTask.java:289)
	at java.util.concurrent.ForkJoinPool$WorkQueue.runTask(ForkJoinPool.java:1056)
	at java.util.concurrent.ForkJoinPool.runWorker(ForkJoinPool.java:1692)
	at java.util.concurrent.ForkJoinWorkerThread.run(ForkJoinWorkerThread.java:157)
Caused by: org.apache.ratis.thirdparty.io.grpc.StatusRuntimeException: DEADLINE_EXCEEDED: deadline exceeded after 2949888252ns
	at org.apache.ratis.thirdparty.io.grpc.stub.ClientCalls.toStatusRuntimeException(ClientCalls.java:233)
	at org.apache.ratis.thirdparty.io.grpc.stub.ClientCalls.getUnchecked(ClientCalls.java:214)
	at org.apache.ratis.thirdparty.io.grpc.stub.ClientCalls.blockingUnaryCall(ClientCalls.java:139)
	at org.apache.ratis.proto.grpc.AdminProtocolServiceGrpc$AdminProtocolServiceBlockingStub.groupManagement(AdminProtocolServiceGrpc.java:274)
	at org.apache.ratis.grpc.client.GrpcClientProtocolClient.lambda$groupAdd$3(GrpcClientProtocolClient.java:155)
	at org.apache.ratis.grpc.client.GrpcClientProtocolClient.blockingCall(GrpcClientProtocolClient.java:182)
	... 25 more
2019-11-07 17:30:58,737 [grpc-default-executor-1] INFO  impl.RaftServerProxy (RaftServerProxy.java:addNew(89)) - 9ff4eedc-7f18-41aa-b959-bed1611f05ce: addNew group-0E1B11F8B29B:[99ce3c13-320b-4021-9cf6-199dd0bed684:192.168.69.106:34308, cdd73ee1-0650-4948-a59d-6a4aac960b6a:192.168.69.106:35716, 9ff4eedc-7f18-41aa-b959-bed1611f05ce:192.168.69.106:37715] returns group-0E1B11F8B29B:java.util.concurrent.CompletableFuture@12a5628e[Not completed]
2019-11-07 17:30:58,742 [grpc-default-executor-2] INFO  impl.RaftServerProxy (RaftServerProxy.java:addNew(89)) - 99ce3c13-320b-4021-9cf6-199dd0bed684: addNew group-0E1B11F8B29B:[99ce3c13-320b-4021-9cf6-199dd0bed684:192.168.69.106:34308, cdd73ee1-0650-4948-a59d-6a4aac960b6a:192.168.69.106:35716, 9ff4eedc-7f18-41aa-b959-bed1611f05ce:192.168.69.106:37715] returns group-0E1B11F8B29B:java.util.concurrent.CompletableFuture@79e6b04f[Not completed]
2019-11-07 17:30:58,776 [grpc-default-executor-1] INFO  impl.RaftServerProxy (RaftServerProxy.java:addNew(89)) - cdd73ee1-0650-4948-a59d-6a4aac960b6a: addNew group-0E1B11F8B29B:[99ce3c13-320b-4021-9cf6-199dd0bed684:192.168.69.106:34308, cdd73ee1-0650-4948-a59d-6a4aac960b6a:192.168.69.106:35716, 9ff4eedc-7f18-41aa-b959-bed1611f05ce:192.168.69.106:37715] returns group-0E1B11F8B29B:java.util.concurrent.CompletableFuture@237d325a[Not completed]
2019-11-07 17:30:58,779 [pool-68-thread-1] INFO  impl.RaftServerImpl (RaftServerImpl.java:<init>(98)) - 9ff4eedc-7f18-41aa-b959-bed1611f05ce: new RaftServerImpl for group-0E1B11F8B29B:[99ce3c13-320b-4021-9cf6-199dd0bed684:192.168.69.106:34308, cdd73ee1-0650-4948-a59d-6a4aac960b6a:192.168.69.106:35716, 9ff4eedc-7f18-41aa-b959-bed1611f05ce:192.168.69.106:37715] with ContainerStateMachine:uninitialized
2019-11-07 17:30:58,782 [pool-68-thread-1] INFO  server.RaftServerConfigKeys (ConfUtils.java:logGet(43)) - raft.server.rpc.timeout.min = 5s (custom)
2019-11-07 17:30:58,788 [pool-68-thread-1] INFO  server.RaftServerConfigKeys (ConfUtils.java:logGet(43)) - raft.server.rpc.timeout.max = 5200ms (custom)
2019-11-07 17:30:58,808 [pool-68-thread-1] INFO  server.RaftServerConfigKeys (ConfUtils.java:logGet(43)) - raft.server.rpcslowness.timeout = 120s (custom)
2019-11-07 17:30:58,808 [pool-68-thread-1] INFO  server.RaftServerConfigKeys (ConfUtils.java:logGet(43)) - raft.server.sleep.deviation.threshold = 300 (default)
2019-11-07 17:30:58,808 [pool-68-thread-1] INFO  server.RaftServerConfigKeys (ConfUtils.java:logGet(43)) - raft.server.log.appender.install.snapshot.enabled = false (custom)
2019-11-07 17:30:58,808 [pool-68-thread-1] INFO  impl.RaftServerImpl (ServerState.java:<init>(103)) - 9ff4eedc-7f18-41aa-b959-bed1611f05ce@group-0E1B11F8B29B: ConfigurationManager, init=-1: [99ce3c13-320b-4021-9cf6-199dd0bed684:192.168.69.106:34308, cdd73ee1-0650-4948-a59d-6a4aac960b6a:192.168.69.106:35716, 9ff4eedc-7f18-41aa-b959-bed1611f05ce:192.168.69.106:37715], old=null, confs=<EMPTY_MAP>
2019-11-07 17:30:58,809 [pool-68-thread-1] INFO  server.RaftServerConfigKeys (ConfUtils.java:logGet(43)) - raft.server.storage.dir = [/workdir/hadoop-ozone/ozonefs/target/test-dir/MiniOzoneClusterImpl-b77e69ac-8790-49d6-a70a-8834af103527/datanode-4/data/ratis] (custom)
2019-11-07 17:30:58,811 [pool-48-thread-1] INFO  impl.RaftServerImpl (RaftServerImpl.java:<init>(98)) - cdd73ee1-0650-4948-a59d-6a4aac960b6a: new RaftServerImpl for group-0E1B11F8B29B:[99ce3c13-320b-4021-9cf6-199dd0bed684:192.168.69.106:34308, cdd73ee1-0650-4948-a59d-6a4aac960b6a:192.168.69.106:35716, 9ff4eedc-7f18-41aa-b959-bed1611f05ce:192.168.69.106:37715] with ContainerStateMachine:uninitialized
2019-11-07 17:30:58,811 [pool-48-thread-1] INFO  server.RaftServerConfigKeys (ConfUtils.java:logGet(43)) - raft.server.rpc.timeout.min = 5s (custom)
2019-11-07 17:30:58,811 [pool-68-thread-1] INFO  server.RaftServerConfigKeys (ConfUtils.java:logGet(43)) - raft.server.log.corruption.policy = EXCEPTION (default)
2019-11-07 17:30:58,811 [pool-48-thread-1] INFO  server.RaftServerConfigKeys (ConfUtils.java:logGet(43)) - raft.server.rpc.timeout.max = 5200ms (custom)
2019-11-07 17:30:58,812 [pool-48-thread-1] INFO  server.RaftServerConfigKeys (ConfUtils.java:logGet(43)) - raft.server.rpcslowness.timeout = 120s (custom)
2019-11-07 17:30:58,812 [pool-68-thread-1] INFO  storage.RaftStorageDirectory (RaftStorageDirectory.java:analyzeStorage(246)) - The storage directory /workdir/hadoop-ozone/ozonefs/target/test-dir/MiniOzoneClusterImpl-b77e69ac-8790-49d6-a70a-8834af103527/datanode-4/data/ratis/e354f321-896e-4c03-9ac0-0e1b11f8b29b does not exist. Creating ...
2019-11-07 17:30:58,813 [pool-48-thread-1] INFO  server.RaftServerConfigKeys (ConfUtils.java:logGet(43)) - raft.server.sleep.deviation.threshold = 300 (default)
2019-11-07 17:30:58,815 [pool-48-thread-1] INFO  server.RaftServerConfigKeys (ConfUtils.java:logGet(43)) - raft.server.log.appender.install.snapshot.enabled = false (custom)
2019-11-07 17:30:58,815 [pool-98-thread-1] INFO  impl.RaftServerImpl (RaftServerImpl.java:<init>(98)) - 99ce3c13-320b-4021-9cf6-199dd0bed684: new RaftServerImpl for group-0E1B11F8B29B:[99ce3c13-320b-4021-9cf6-199dd0bed684:192.168.69.106:34308, cdd73ee1-0650-4948-a59d-6a4aac960b6a:192.168.69.106:35716, 9ff4eedc-7f18-41aa-b959-bed1611f05ce:192.168.69.106:37715] with ContainerStateMachine:uninitialized
2019-11-07 17:30:58,815 [pool-48-thread-1] INFO  impl.RaftServerImpl (ServerState.java:<init>(103)) - cdd73ee1-0650-4948-a59d-6a4aac960b6a@group-0E1B11F8B29B: ConfigurationManager, init=-1: [99ce3c13-320b-4021-9cf6-199dd0bed684:192.168.69.106:34308, cdd73ee1-0650-4948-a59d-6a4aac960b6a:192.168.69.106:35716, 9ff4eedc-7f18-41aa-b959-bed1611f05ce:192.168.69.106:37715], old=null, confs=<EMPTY_MAP>
2019-11-07 17:30:58,815 [pool-98-thread-1] INFO  server.RaftServerConfigKeys (ConfUtils.java:logGet(43)) - raft.server.rpc.timeout.min = 5s (custom)
2019-11-07 17:30:58,815 [pool-48-thread-1] INFO  server.RaftServerConfigKeys (ConfUtils.java:logGet(43)) - raft.server.storage.dir = [/workdir/hadoop-ozone/ozonefs/target/test-dir/MiniOzoneClusterImpl-b77e69ac-8790-49d6-a70a-8834af103527/datanode-2/data/ratis] (custom)
2019-11-07 17:30:58,815 [pool-98-thread-1] INFO  server.RaftServerConfigKeys (ConfUtils.java:logGet(43)) - raft.server.rpc.timeout.max = 5200ms (custom)
2019-11-07 17:30:58,816 [pool-98-thread-1] INFO  server.RaftServerConfigKeys (ConfUtils.java:logGet(43)) - raft.server.rpcslowness.timeout = 120s (custom)
2019-11-07 17:30:58,816 [pool-48-thread-1] INFO  server.RaftServerConfigKeys (ConfUtils.java:logGet(43)) - raft.server.log.corruption.policy = EXCEPTION (default)
2019-11-07 17:30:58,816 [pool-98-thread-1] INFO  server.RaftServerConfigKeys (ConfUtils.java:logGet(43)) - raft.server.sleep.deviation.threshold = 300 (default)
2019-11-07 17:30:58,816 [pool-48-thread-1] INFO  storage.RaftStorageDirectory (RaftStorageDirectory.java:analyzeStorage(246)) - The storage directory /workdir/hadoop-ozone/ozonefs/target/test-dir/MiniOzoneClusterImpl-b77e69ac-8790-49d6-a70a-8834af103527/datanode-2/data/ratis/e354f321-896e-4c03-9ac0-0e1b11f8b29b does not exist. Creating ...
2019-11-07 17:30:58,816 [pool-98-thread-1] INFO  server.RaftServerConfigKeys (ConfUtils.java:logGet(43)) - raft.server.log.appender.install.snapshot.enabled = false (custom)
2019-11-07 17:30:58,816 [pool-98-thread-1] INFO  impl.RaftServerImpl (ServerState.java:<init>(103)) - 99ce3c13-320b-4021-9cf6-199dd0bed684@group-0E1B11F8B29B: ConfigurationManager, init=-1: [99ce3c13-320b-4021-9cf6-199dd0bed684:192.168.69.106:34308, cdd73ee1-0650-4948-a59d-6a4aac960b6a:192.168.69.106:35716, 9ff4eedc-7f18-41aa-b959-bed1611f05ce:192.168.69.106:37715], old=null, confs=<EMPTY_MAP>
2019-11-07 17:30:58,816 [pool-98-thread-1] INFO  server.RaftServerConfigKeys (ConfUtils.java:logGet(43)) - raft.server.storage.dir = [/workdir/hadoop-ozone/ozonefs/target/test-dir/MiniOzoneClusterImpl-b77e69ac-8790-49d6-a70a-8834af103527/datanode-7/data/ratis] (custom)
2019-11-07 17:30:58,817 [pool-98-thread-1] INFO  server.RaftServerConfigKeys (ConfUtils.java:logGet(43)) - raft.server.log.corruption.policy = EXCEPTION (default)
2019-11-07 17:30:58,817 [pool-98-thread-1] INFO  storage.RaftStorageDirectory (RaftStorageDirectory.java:analyzeStorage(246)) - The storage directory /workdir/hadoop-ozone/ozonefs/target/test-dir/MiniOzoneClusterImpl-b77e69ac-8790-49d6-a70a-8834af103527/datanode-7/data/ratis/e354f321-896e-4c03-9ac0-0e1b11f8b29b does not exist. Creating ...
2019-11-07 17:30:59,808 [pool-28-thread-1] INFO  storage.RaftStorageDirectory (RaftStorageDirectory.java:tryLock(328)) - Lock on /workdir/hadoop-ozone/ozonefs/target/test-dir/MiniOzoneClusterImpl-b77e69ac-8790-49d6-a70a-8834af103527/datanode-0/data/ratis/8b079bfd-c798-4533-8c4d-d5631fd86e68/in_use.lock acquired by nodename 596@pr-hdds-2329-pipelines-wl5p8-3511966945
2019-11-07 17:31:01,716 [RATISCREATEPIPELINE1] ERROR pipeline.RatisPipelineProvider (RatisPipelineProvider.java:lambda$null$5(237)) - Failed invoke Ratis rpc org.apache.hadoop.hdds.scm.pipeline.RatisPipelineProvider$$Lambda$196/1129820820@103cc765 for cdd73ee1-0650-4948-a59d-6a4aac960b6a
org.apache.ratis.protocol.TimeoutIOException: deadline exceeded after 2999709457ns
	at org.apache.ratis.grpc.GrpcUtil.tryUnwrapException(GrpcUtil.java:82)
	at org.apache.ratis.grpc.GrpcUtil.unwrapException(GrpcUtil.java:75)
	at org.apache.ratis.grpc.client.GrpcClientProtocolClient.blockingCall(GrpcClientProtocolClient.java:184)
	at org.apache.ratis.grpc.client.GrpcClientProtocolClient.groupAdd(GrpcClientProtocolClient.java:153)
	at org.apache.ratis.grpc.client.GrpcClientRpc.sendRequest(GrpcClientRpc.java:94)
	at org.apache.ratis.client.impl.RaftClientImpl.sendRequest(RaftClientImpl.java:278)
	at org.apache.ratis.client.impl.RaftClientImpl.groupAdd(RaftClientImpl.java:205)
	at org.apache.hadoop.hdds.scm.pipeline.RatisPipelineProvider.lambda$initializePipeline$4(RatisPipelineProvider.java:198)
	at org.apache.hadoop.hdds.scm.pipeline.RatisPipelineProvider.lambda$null$5(RatisPipelineProvider.java:233)
	at java.util.stream.ForEachOps$ForEachOp$OfRef.accept(ForEachOps.java:183)
	at java.util.ArrayList$ArrayListSpliterator.forEachRemaining(ArrayList.java:1382)
	at java.util.stream.AbstractPipeline.copyInto(AbstractPipeline.java:482)
	at java.util.stream.ForEachOps$ForEachTask.compute(ForEachOps.java:290)
	at java.util.concurrent.CountedCompleter.exec(CountedCompleter.java:731)
	at java.util.concurrent.ForkJoinTask.doExec(ForkJoinTask.java:289)
	at java.util.concurrent.ForkJoinTask.doInvoke(ForkJoinTask.java:401)
	at java.util.concurrent.ForkJoinTask.invoke(ForkJoinTask.java:734)
	at java.util.stream.ForEachOps$ForEachOp.evaluateParallel(ForEachOps.java:159)
	at java.util.stream.ForEachOps$ForEachOp$OfRef.evaluateParallel(ForEachOps.java:173)
	at java.util.stream.AbstractPipeline.evaluate(AbstractPipeline.java:233)
	at java.util.stream.ReferencePipeline.forEach(ReferencePipeline.java:485)
	at java.util.stream.ReferencePipeline$Head.forEach(ReferencePipeline.java:650)
	at org.apache.hadoop.hdds.scm.pipeline.RatisPipelineProvider.lambda$callRatisRpc$6(RatisPipelineProvider.java:227)
	at java.util.concurrent.ForkJoinTask$AdaptedRunnableAction.exec(ForkJoinTask.java:1386)
	at java.util.concurrent.ForkJoinTask.doExec(ForkJoinTask.java:289)
	at java.util.concurrent.ForkJoinPool$WorkQueue.runTask(ForkJoinPool.java:1056)
	at java.util.concurrent.ForkJoinPool.runWorker(ForkJoinPool.java:1692)
	at java.util.concurrent.ForkJoinWorkerThread.run(ForkJoinWorkerThread.java:157)
Caused by: org.apache.ratis.thirdparty.io.grpc.StatusRuntimeException: DEADLINE_EXCEEDED: deadline exceeded after 2999709457ns
	at org.apache.ratis.thirdparty.io.grpc.stub.ClientCalls.toStatusRuntimeException(ClientCalls.java:233)
	at org.apache.ratis.thirdparty.io.grpc.stub.ClientCalls.getUnchecked(ClientCalls.java:214)
	at org.apache.ratis.thirdparty.io.grpc.stub.ClientCalls.blockingUnaryCall(ClientCalls.java:139)
	at org.apache.ratis.proto.grpc.AdminProtocolServiceGrpc$AdminProtocolServiceBlockingStub.groupManagement(AdminProtocolServiceGrpc.java:274)
	at org.apache.ratis.grpc.client.GrpcClientProtocolClient.lambda$groupAdd$3(GrpcClientProtocolClient.java:155)
	at org.apache.ratis.grpc.client.GrpcClientProtocolClient.blockingCall(GrpcClientProtocolClient.java:182)
	... 25 more
2019-11-07 17:31:01,728 [RATISCREATEPIPELINE3] ERROR pipeline.RatisPipelineProvider (RatisPipelineProvider.java:lambda$null$5(237)) - Failed invoke Ratis rpc org.apache.hadoop.hdds.scm.pipeline.RatisPipelineProvider$$Lambda$196/1129820820@103cc765 for 99ce3c13-320b-4021-9cf6-199dd0bed684
org.apache.ratis.protocol.TimeoutIOException: deadline exceeded after 2997831654ns
	at org.apache.ratis.grpc.GrpcUtil.tryUnwrapException(GrpcUtil.java:82)
	at org.apache.ratis.grpc.GrpcUtil.unwrapException(GrpcUtil.java:75)
	at org.apache.ratis.grpc.client.GrpcClientProtocolClient.blockingCall(GrpcClientProtocolClient.java:184)
	at org.apache.ratis.grpc.client.GrpcClientProtocolClient.groupAdd(GrpcClientProtocolClient.java:153)
	at org.apache.ratis.grpc.client.GrpcClientRpc.sendRequest(GrpcClientRpc.java:94)
	at org.apache.ratis.client.impl.RaftClientImpl.sendRequest(RaftClientImpl.java:278)
	at org.apache.ratis.client.impl.RaftClientImpl.groupAdd(RaftClientImpl.java:205)
	at org.apache.hadoop.hdds.scm.pipeline.RatisPipelineProvider.lambda$initializePipeline$4(RatisPipelineProvider.java:198)
	at org.apache.hadoop.hdds.scm.pipeline.RatisPipelineProvider.lambda$null$5(RatisPipelineProvider.java:233)
	at java.util.stream.ForEachOps$ForEachOp$OfRef.accept(ForEachOps.java:183)
	at java.util.ArrayList$ArrayListSpliterator.forEachRemaining(ArrayList.java:1382)
	at java.util.stream.AbstractPipeline.copyInto(AbstractPipeline.java:482)
	at java.util.stream.ForEachOps$ForEachTask.compute(ForEachOps.java:290)
	at java.util.concurrent.CountedCompleter.exec(CountedCompleter.java:731)
	at java.util.concurrent.ForkJoinTask.doExec(ForkJoinTask.java:289)
	at java.util.concurrent.ForkJoinPool$WorkQueue.runTask(ForkJoinPool.java:1056)
	at java.util.concurrent.ForkJoinPool.runWorker(ForkJoinPool.java:1692)
	at java.util.concurrent.ForkJoinWorkerThread.run(ForkJoinWorkerThread.java:157)
Caused by: org.apache.ratis.thirdparty.io.grpc.StatusRuntimeException: DEADLINE_EXCEEDED: deadline exceeded after 2997831654ns
	at org.apache.ratis.thirdparty.io.grpc.stub.ClientCalls.toStatusRuntimeException(ClientCalls.java:233)
	at org.apache.ratis.thirdparty.io.grpc.stub.ClientCalls.getUnchecked(ClientCalls.java:214)
	at org.apache.ratis.thirdparty.io.grpc.stub.ClientCalls.blockingUnaryCall(ClientCalls.java:139)
	at org.apache.ratis.proto.grpc.AdminProtocolServiceGrpc$AdminProtocolServiceBlockingStub.groupManagement(AdminProtocolServiceGrpc.java:274)
	at org.apache.ratis.grpc.client.GrpcClientProtocolClient.lambda$groupAdd$3(GrpcClientProtocolClient.java:155)
	at org.apache.ratis.grpc.client.GrpcClientProtocolClient.blockingCall(GrpcClientProtocolClient.java:182)
	... 15 more
2019-11-07 17:31:01,721 [RATISCREATEPIPELINE2] ERROR pipeline.RatisPipelineProvider (RatisPipelineProvider.java:lambda$null$5(237)) - Failed invoke Ratis rpc org.apache.hadoop.hdds.scm.pipeline.RatisPipelineProvider$$Lambda$196/1129820820@103cc765 for 9ff4eedc-7f18-41aa-b959-bed1611f05ce
org.apache.ratis.protocol.TimeoutIOException: deadline exceeded after 2999720464ns
	at org.apache.ratis.grpc.GrpcUtil.tryUnwrapException(GrpcUtil.java:82)
	at org.apache.ratis.grpc.GrpcUtil.unwrapException(GrpcUtil.java:75)
	at org.apache.ratis.grpc.client.GrpcClientProtocolClient.blockingCall(GrpcClientProtocolClient.java:184)
	at org.apache.ratis.grpc.client.GrpcClientProtocolClient.groupAdd(GrpcClientProtocolClient.java:153)
	at org.apache.ratis.grpc.client.GrpcClientRpc.sendRequest(GrpcClientRpc.java:94)
	at org.apache.ratis.client.impl.RaftClientImpl.sendRequest(RaftClientImpl.java:278)
	at org.apache.ratis.client.impl.RaftClientImpl.groupAdd(RaftClientImpl.java:205)
	at org.apache.hadoop.hdds.scm.pipeline.RatisPipelineProvider.lambda$initializePipeline$4(RatisPipelineProvider.java:198)
	at org.apache.hadoop.hdds.scm.pipeline.RatisPipelineProvider.lambda$null$5(RatisPipelineProvider.java:233)
	at java.util.stream.ForEachOps$ForEachOp$OfRef.accept(ForEachOps.java:183)
	at java.util.ArrayList$ArrayListSpliterator.forEachRemaining(ArrayList.java:1382)
	at java.util.stream.AbstractPipeline.copyInto(AbstractPipeline.java:482)
	at java.util.stream.ForEachOps$ForEachTask.compute(ForEachOps.java:290)
	at java.util.concurrent.CountedCompleter.exec(CountedCompleter.java:731)
	at java.util.concurrent.ForkJoinTask.doExec(ForkJoinTask.java:289)
	at java.util.concurrent.ForkJoinPool$WorkQueue.runTask(ForkJoinPool.java:1056)
	at java.util.concurrent.ForkJoinPool.runWorker(ForkJoinPool.java:1692)
	at java.util.concurrent.ForkJoinWorkerThread.run(ForkJoinWorkerThread.java:157)
Caused by: org.apache.ratis.thirdparty.io.grpc.StatusRuntimeException: DEADLINE_EXCEEDED: deadline exceeded after 2999720464ns
	at org.apache.ratis.thirdparty.io.grpc.stub.ClientCalls.toStatusRuntimeException(ClientCalls.java:233)
	at org.apache.ratis.thirdparty.io.grpc.stub.ClientCalls.getUnchecked(ClientCalls.java:214)
	at org.apache.ratis.thirdparty.io.grpc.stub.ClientCalls.blockingUnaryCall(ClientCalls.java:139)
	at org.apache.ratis.proto.grpc.AdminProtocolServiceGrpc$AdminProtocolServiceBlockingStub.groupManagement(AdminProtocolServiceGrpc.java:274)
	at org.apache.ratis.grpc.client.GrpcClientProtocolClient.lambda$groupAdd$3(GrpcClientProtocolClient.java:155)
	at org.apache.ratis.grpc.client.GrpcClientProtocolClient.blockingCall(GrpcClientProtocolClient.java:182)
	... 15 more
2019-11-07 17:31:01,760 [grpc-default-executor-4] INFO  impl.RaftServerProxy (RaftServerProxy.java:addNew(89)) - 9ff4eedc-7f18-41aa-b959-bed1611f05ce: addNew group-B6284FCF1727:[9ff4eedc-7f18-41aa-b959-bed1611f05ce:192.168.69.106:37715] returns group-B6284FCF1727:java.util.concurrent.CompletableFuture@1974fa79[Not completed]
2019-11-07 17:31:02,416 [pool-98-thread-1] INFO  storage.RaftStorageDirectory (RaftStorageDirectory.java:tryLock(328)) - Lock on /workdir/hadoop-ozone/ozonefs/target/test-dir/MiniOzoneClusterImpl-b77e69ac-8790-49d6-a70a-8834af103527/datanode-7/data/ratis/e354f321-896e-4c03-9ac0-0e1b11f8b29b/in_use.lock acquired by nodename 596@pr-hdds-2329-pipelines-wl5p8-3511966945
2019-11-07 17:31:02,416 [pool-68-thread-1] INFO  storage.RaftStorageDirectory (RaftStorageDirectory.java:tryLock(328)) - Lock on /workdir/hadoop-ozone/ozonefs/target/test-dir/MiniOzoneClusterImpl-b77e69ac-8790-49d6-a70a-8834af103527/datanode-4/data/ratis/e354f321-896e-4c03-9ac0-0e1b11f8b29b/in_use.lock acquired by nodename 596@pr-hdds-2329-pipelines-wl5p8-3511966945
2019-11-07 17:31:02,416 [pool-48-thread-1] INFO  storage.RaftStorageDirectory (RaftStorageDirectory.java:tryLock(328)) - Lock on /workdir/hadoop-ozone/ozonefs/target/test-dir/MiniOzoneClusterImpl-b77e69ac-8790-49d6-a70a-8834af103527/datanode-2/data/ratis/e354f321-896e-4c03-9ac0-0e1b11f8b29b/in_use.lock acquired by nodename 596@pr-hdds-2329-pipelines-wl5p8-3511966945
2019-11-07 17:31:04,746 [RATISCREATEPIPELINE1] ERROR pipeline.RatisPipelineProvider (RatisPipelineProvider.java:lambda$null$5(237)) - Failed invoke Ratis rpc org.apache.hadoop.hdds.scm.pipeline.RatisPipelineProvider$$Lambda$196/1129820820@550ff3d4 for 9ff4eedc-7f18-41aa-b959-bed1611f05ce
org.apache.ratis.protocol.TimeoutIOException: deadline exceeded after 2999761784ns
	at org.apache.ratis.grpc.GrpcUtil.tryUnwrapException(GrpcUtil.java:82)
	at org.apache.ratis.grpc.GrpcUtil.unwrapException(GrpcUtil.java:75)
	at org.apache.ratis.grpc.client.GrpcClientProtocolClient.blockingCall(GrpcClientProtocolClient.java:184)
	at org.apache.ratis.grpc.client.GrpcClientProtocolClient.groupAdd(GrpcClientProtocolClient.java:153)
	at org.apache.ratis.grpc.client.GrpcClientRpc.sendRequest(GrpcClientRpc.java:94)
	at org.apache.ratis.client.impl.RaftClientImpl.sendRequest(RaftClientImpl.java:278)
	at org.apache.ratis.client.impl.RaftClientImpl.groupAdd(RaftClientImpl.java:205)
	at org.apache.hadoop.hdds.scm.pipeline.RatisPipelineProvider.lambda$initializePipeline$4(RatisPipelineProvider.java:198)
	at org.apache.hadoop.hdds.scm.pipeline.RatisPipelineProvider.lambda$null$5(RatisPipelineProvider.java:233)
	at java.util.stream.ForEachOps$ForEachOp$OfRef.accept(ForEachOps.java:183)
	at java.util.ArrayList$ArrayListSpliterator.forEachRemaining(ArrayList.java:1382)
	at java.util.stream.AbstractPipeline.copyInto(AbstractPipeline.java:482)
	at java.util.stream.ForEachOps$ForEachTask.compute(ForEachOps.java:290)
	at java.util.concurrent.CountedCompleter.exec(CountedCompleter.java:731)
	at java.util.concurrent.ForkJoinTask.doExec(ForkJoinTask.java:289)
	at java.util.concurrent.ForkJoinTask.doInvoke(ForkJoinTask.java:401)
	at java.util.concurrent.ForkJoinTask.invoke(ForkJoinTask.java:734)
	at java.util.stream.ForEachOps$ForEachOp.evaluateParallel(ForEachOps.java:159)
	at java.util.stream.ForEachOps$ForEachOp$OfRef.evaluateParallel(ForEachOps.java:173)
	at java.util.stream.AbstractPipeline.evaluate(AbstractPipeline.java:233)
	at java.util.stream.ReferencePipeline.forEach(ReferencePipeline.java:485)
	at java.util.stream.ReferencePipeline$Head.forEach(ReferencePipeline.java:650)
	at org.apache.hadoop.hdds.scm.pipeline.RatisPipelineProvider.lambda$callRatisRpc$6(RatisPipelineProvider.java:227)
	at java.util.concurrent.ForkJoinTask$AdaptedRunnableAction.exec(ForkJoinTask.java:1386)
	at java.util.concurrent.ForkJoinTask.doExec(ForkJoinTask.java:289)
	at java.util.concurrent.ForkJoinPool$WorkQueue.runTask(ForkJoinPool.java:1056)
	at java.util.concurrent.ForkJoinPool.runWorker(ForkJoinPool.java:1692)
	at java.util.concurrent.ForkJoinWorkerThread.run(ForkJoinWorkerThread.java:157)
Caused by: org.apache.ratis.thirdparty.io.grpc.StatusRuntimeException: DEADLINE_EXCEEDED: deadline exceeded after 2999761784ns
	at org.apache.ratis.thirdparty.io.grpc.stub.ClientCalls.toStatusRuntimeException(ClientCalls.java:233)
	at org.apache.ratis.thirdparty.io.grpc.stub.ClientCalls.getUnchecked(ClientCalls.java:214)
	at org.apache.ratis.thirdparty.io.grpc.stub.ClientCalls.blockingUnaryCall(ClientCalls.java:139)
	at org.apache.ratis.proto.grpc.AdminProtocolServiceGrpc$AdminProtocolServiceBlockingStub.groupManagement(AdminProtocolServiceGrpc.java:274)
	at org.apache.ratis.grpc.client.GrpcClientProtocolClient.lambda$groupAdd$3(GrpcClientProtocolClient.java:155)
	at org.apache.ratis.grpc.client.GrpcClientProtocolClient.blockingCall(GrpcClientProtocolClient.java:182)
	... 25 more
2019-11-07 17:31:04,784 [grpc-default-executor-3] INFO  impl.RaftServerProxy (RaftServerProxy.java:addNew(89)) - 99ce3c13-320b-4021-9cf6-199dd0bed684: addNew group-C919B7E91E8E:[99ce3c13-320b-4021-9cf6-199dd0bed684:192.168.69.106:34308, cdd73ee1-0650-4948-a59d-6a4aac960b6a:192.168.69.106:35716, 9ff4eedc-7f18-41aa-b959-bed1611f05ce:192.168.69.106:37715] returns group-C919B7E91E8E:java.util.concurrent.CompletableFuture@6d551be9[Not completed]
2019-11-07 17:31:04,785 [grpc-default-executor-4] INFO  impl.RaftServerProxy (RaftServerProxy.java:addNew(89)) - 9ff4eedc-7f18-41aa-b959-bed1611f05ce: addNew group-C919B7E91E8E:[99ce3c13-320b-4021-9cf6-199dd0bed684:192.168.69.106:34308, cdd73ee1-0650-4948-a59d-6a4aac960b6a:192.168.69.106:35716, 9ff4eedc-7f18-41aa-b959-bed1611f05ce:192.168.69.106:37715] returns group-C919B7E91E8E:java.util.concurrent.CompletableFuture@5849f042[Not completed]
2019-11-07 17:31:04,789 [grpc-default-executor-4] INFO  impl.RaftServerProxy (RaftServerProxy.java:addNew(89)) - cdd73ee1-0650-4948-a59d-6a4aac960b6a: addNew group-C919B7E91E8E:[99ce3c13-320b-4021-9cf6-199dd0bed684:192.168.69.106:34308, cdd73ee1-0650-4948-a59d-6a4aac960b6a:192.168.69.106:35716, 9ff4eedc-7f18-41aa-b959-bed1611f05ce:192.168.69.106:37715] returns group-C919B7E91E8E:java.util.concurrent.CompletableFuture@5742914a[Not completed]
2019-11-07 17:31:05,390 [main] INFO  rpc.RpcClient (RpcClient.java:createBucket(430)) - Creating Bucket: volume60034/bucket31938, with Versioning false and Storage Type set to DISK and Encryption set to false 
2019-11-07 17:31:07,770 [RATISCREATEPIPELINE2] ERROR pipeline.RatisPipelineProvider (RatisPipelineProvider.java:lambda$null$5(237)) - Failed invoke Ratis rpc org.apache.hadoop.hdds.scm.pipeline.RatisPipelineProvider$$Lambda$196/1129820820@45fd2a5c for 9ff4eedc-7f18-41aa-b959-bed1611f05ce
org.apache.ratis.protocol.TimeoutIOException: deadline exceeded after 2990458259ns
	at org.apache.ratis.grpc.GrpcUtil.tryUnwrapException(GrpcUtil.java:82)
	at org.apache.ratis.grpc.GrpcUtil.unwrapException(GrpcUtil.java:75)
	at org.apache.ratis.grpc.client.GrpcClientProtocolClient.blockingCall(GrpcClientProtocolClient.java:184)
	at org.apache.ratis.grpc.client.GrpcClientProtocolClient.groupAdd(GrpcClientProtocolClient.java:153)
	at org.apache.ratis.grpc.client.GrpcClientRpc.sendRequest(GrpcClientRpc.java:94)
	at org.apache.ratis.client.impl.RaftClientImpl.sendRequest(RaftClientImpl.java:278)
	at org.apache.ratis.client.impl.RaftClientImpl.groupAdd(RaftClientImpl.java:205)
	at org.apache.hadoop.hdds.scm.pipeline.RatisPipelineProvider.lambda$initializePipeline$4(RatisPipelineProvider.java:198)
	at org.apache.hadoop.hdds.scm.pipeline.RatisPipelineProvider.lambda$null$5(RatisPipelineProvider.java:233)
	at java.util.stream.ForEachOps$ForEachOp$OfRef.accept(ForEachOps.java:183)
	at java.util.ArrayList$ArrayListSpliterator.forEachRemaining(ArrayList.java:1382)
	at java.util.stream.AbstractPipeline.copyInto(AbstractPipeline.java:482)
	at java.util.stream.ForEachOps$ForEachTask.compute(ForEachOps.java:290)
	at java.util.concurrent.CountedCompleter.exec(CountedCompleter.java:731)
	at java.util.concurrent.ForkJoinTask.doExec(ForkJoinTask.java:289)
	at java.util.concurrent.ForkJoinPool$WorkQueue.runTask(ForkJoinPool.java:1056)
	at java.util.concurrent.ForkJoinPool.runWorker(ForkJoinPool.java:1692)
	at java.util.concurrent.ForkJoinWorkerThread.run(ForkJoinWorkerThread.java:157)
Caused by: org.apache.ratis.thirdparty.io.grpc.StatusRuntimeException: DEADLINE_EXCEEDED: deadline exceeded after 2990458259ns
	at org.apache.ratis.thirdparty.io.grpc.stub.ClientCalls.toStatusRuntimeException(ClientCalls.java:233)
	at org.apache.ratis.thirdparty.io.grpc.stub.ClientCalls.getUnchecked(ClientCalls.java:214)
	at org.apache.ratis.thirdparty.io.grpc.stub.ClientCalls.blockingUnaryCall(ClientCalls.java:139)
	at org.apache.ratis.proto.grpc.AdminProtocolServiceGrpc$AdminProtocolServiceBlockingStub.groupManagement(AdminProtocolServiceGrpc.java:274)
	at org.apache.ratis.grpc.client.GrpcClientProtocolClient.lambda$groupAdd$3(GrpcClientProtocolClient.java:155)
	at org.apache.ratis.grpc.client.GrpcClientProtocolClient.blockingCall(GrpcClientProtocolClient.java:182)
	... 15 more
2019-11-07 17:31:07,770 [RATISCREATEPIPELINE1] ERROR pipeline.RatisPipelineProvider (RatisPipelineProvider.java:lambda$null$5(237)) - Failed invoke Ratis rpc org.apache.hadoop.hdds.scm.pipeline.RatisPipelineProvider$$Lambda$196/1129820820@45fd2a5c for cdd73ee1-0650-4948-a59d-6a4aac960b6a
org.apache.ratis.protocol.TimeoutIOException: deadline exceeded after 2994793805ns
	at org.apache.ratis.grpc.GrpcUtil.tryUnwrapException(GrpcUtil.java:82)
	at org.apache.ratis.grpc.GrpcUtil.unwrapException(GrpcUtil.java:75)
	at org.apache.ratis.grpc.client.GrpcClientProtocolClient.blockingCall(GrpcClientProtocolClient.java:184)
	at org.apache.ratis.grpc.client.GrpcClientProtocolClient.groupAdd(GrpcClientProtocolClient.java:153)
	at org.apache.ratis.grpc.client.GrpcClientRpc.sendRequest(GrpcClientRpc.java:94)
	at org.apache.ratis.client.impl.RaftClientImpl.sendRequest(RaftClientImpl.java:278)
	at org.apache.ratis.client.impl.RaftClientImpl.groupAdd(RaftClientImpl.java:205)
	at org.apache.hadoop.hdds.scm.pipeline.RatisPipelineProvider.lambda$initializePipeline$4(RatisPipelineProvider.java:198)
	at org.apache.hadoop.hdds.scm.pipeline.RatisPipelineProvider.lambda$null$5(RatisPipelineProvider.java:233)
	at java.util.stream.ForEachOps$ForEachOp$OfRef.accept(ForEachOps.java:183)
	at java.util.ArrayList$ArrayListSpliterator.forEachRemaining(ArrayList.java:1382)
	at java.util.stream.AbstractPipeline.copyInto(AbstractPipeline.java:482)
	at java.util.stream.ForEachOps$ForEachTask.compute(ForEachOps.java:290)
	at java.util.concurrent.CountedCompleter.exec(CountedCompleter.java:731)
	at java.util.concurrent.ForkJoinTask.doExec(ForkJoinTask.java:289)
	at java.util.concurrent.ForkJoinTask.doInvoke(ForkJoinTask.java:401)
	at java.util.concurrent.ForkJoinTask.invoke(ForkJoinTask.java:734)
	at java.util.stream.ForEachOps$ForEachOp.evaluateParallel(ForEachOps.java:159)
	at java.util.stream.ForEachOps$ForEachOp$OfRef.evaluateParallel(ForEachOps.java:173)
	at java.util.stream.AbstractPipeline.evaluate(AbstractPipeline.java:233)
	at java.util.stream.ReferencePipeline.forEach(ReferencePipeline.java:485)
	at java.util.stream.ReferencePipeline$Head.forEach(ReferencePipeline.java:650)
	at org.apache.hadoop.hdds.scm.pipeline.RatisPipelineProvider.lambda$callRatisRpc$6(RatisPipelineProvider.java:227)
	at java.util.concurrent.ForkJoinTask$AdaptedRunnableAction.exec(ForkJoinTask.java:1386)
	at java.util.concurrent.ForkJoinTask.doExec(ForkJoinTask.java:289)
	at java.util.concurrent.ForkJoinPool$WorkQueue.runTask(ForkJoinPool.java:1056)
	at java.util.concurrent.ForkJoinPool.runWorker(ForkJoinPool.java:1692)
	at java.util.concurrent.ForkJoinWorkerThread.run(ForkJoinWorkerThread.java:157)
Caused by: org.apache.ratis.thirdparty.io.grpc.StatusRuntimeException: DEADLINE_EXCEEDED: deadline exceeded after 2994793805ns
	at org.apache.ratis.thirdparty.io.grpc.stub.ClientCalls.toStatusRuntimeException(ClientCalls.java:233)
	at org.apache.ratis.thirdparty.io.grpc.stub.ClientCalls.getUnchecked(ClientCalls.java:214)
	at org.apache.ratis.thirdparty.io.grpc.stub.ClientCalls.blockingUnaryCall(ClientCalls.java:139)
	at org.apache.ratis.proto.grpc.AdminProtocolServiceGrpc$AdminProtocolServiceBlockingStub.groupManagement(AdminProtocolServiceGrpc.java:274)
	at org.apache.ratis.grpc.client.GrpcClientProtocolClient.lambda$groupAdd$3(GrpcClientProtocolClient.java:155)
	at org.apache.ratis.grpc.client.GrpcClientProtocolClient.blockingCall(GrpcClientProtocolClient.java:182)
	... 25 more
2019-11-07 17:31:07,775 [RATISCREATEPIPELINE3] ERROR pipeline.RatisPipelineProvider (RatisPipelineProvider.java:lambda$null$5(237)) - Failed invoke Ratis rpc org.apache.hadoop.hdds.scm.pipeline.RatisPipelineProvider$$Lambda$196/1129820820@45fd2a5c for 99ce3c13-320b-4021-9cf6-199dd0bed684
org.apache.ratis.protocol.TimeoutIOException: deadline exceeded after 2999668815ns
	at org.apache.ratis.grpc.GrpcUtil.tryUnwrapException(GrpcUtil.java:82)
	at org.apache.ratis.grpc.GrpcUtil.unwrapException(GrpcUtil.java:75)
	at org.apache.ratis.grpc.client.GrpcClientProtocolClient.blockingCall(GrpcClientProtocolClient.java:184)
	at org.apache.ratis.grpc.client.GrpcClientProtocolClient.groupAdd(GrpcClientProtocolClient.java:153)
	at org.apache.ratis.grpc.client.GrpcClientRpc.sendRequest(GrpcClientRpc.java:94)
	at org.apache.ratis.client.impl.RaftClientImpl.sendRequest(RaftClientImpl.java:278)
	at org.apache.ratis.client.impl.RaftClientImpl.groupAdd(RaftClientImpl.java:205)
	at org.apache.hadoop.hdds.scm.pipeline.RatisPipelineProvider.lambda$initializePipeline$4(RatisPipelineProvider.java:198)
	at org.apache.hadoop.hdds.scm.pipeline.RatisPipelineProvider.lambda$null$5(RatisPipelineProvider.java:233)
	at java.util.stream.ForEachOps$ForEachOp$OfRef.accept(ForEachOps.java:183)
	at java.util.ArrayList$ArrayListSpliterator.forEachRemaining(ArrayList.java:1382)
	at java.util.stream.AbstractPipeline.copyInto(AbstractPipeline.java:482)
	at java.util.stream.ForEachOps$ForEachTask.compute(ForEachOps.java:290)
	at java.util.concurrent.CountedCompleter.exec(CountedCompleter.java:731)
	at java.util.concurrent.ForkJoinTask.doExec(ForkJoinTask.java:289)
	at java.util.concurrent.ForkJoinPool$WorkQueue.runTask(ForkJoinPool.java:1056)
	at java.util.concurrent.ForkJoinPool.runWorker(ForkJoinPool.java:1692)
	at java.util.concurrent.ForkJoinWorkerThread.run(ForkJoinWorkerThread.java:157)
Caused by: org.apache.ratis.thirdparty.io.grpc.StatusRuntimeException: DEADLINE_EXCEEDED: deadline exceeded after 2999668815ns
	at org.apache.ratis.thirdparty.io.grpc.stub.ClientCalls.toStatusRuntimeException(ClientCalls.java:233)
	at org.apache.ratis.thirdparty.io.grpc.stub.ClientCalls.getUnchecked(ClientCalls.java:214)
	at org.apache.ratis.thirdparty.io.grpc.stub.ClientCalls.blockingUnaryCall(ClientCalls.java:139)
	at org.apache.ratis.proto.grpc.AdminProtocolServiceGrpc$AdminProtocolServiceBlockingStub.groupManagement(AdminProtocolServiceGrpc.java:274)
	at org.apache.ratis.grpc.client.GrpcClientProtocolClient.lambda$groupAdd$3(GrpcClientProtocolClient.java:155)
	at org.apache.ratis.grpc.client.GrpcClientProtocolClient.blockingCall(GrpcClientProtocolClient.java:182)
	... 15 more
2019-11-07 17:31:07,992 [pool-28-thread-1] INFO  storage.RaftStorage (RaftStorage.java:format(84)) - Storage directory /workdir/hadoop-ozone/ozonefs/target/test-dir/MiniOzoneClusterImpl-b77e69ac-8790-49d6-a70a-8834af103527/datanode-0/data/ratis/8b079bfd-c798-4533-8c4d-d5631fd86e68 has been successfully formatted.
2019-11-07 17:31:07,995 [pool-28-thread-1] INFO  ratis.ContainerStateMachine (ContainerStateMachine.java:loadSnapshot(231)) - group-D5631FD86E68: The snapshot info is null. Setting the last applied indexto:(t:0, i:~)
2019-11-07 17:31:07,995 [pool-28-thread-1] INFO  server.RaftServerConfigKeys (ConfUtils.java:logGet(43)) - raft.server.notification.no-leader.timeout = 120s (custom)
2019-11-07 17:31:07,997 [pool-28-thread-1] INFO  server.RaftServerConfigKeys (ConfUtils.java:logGet(43)) - raft.server.log.use.memory = false (default)
2019-11-07 17:31:08,002 [pool-28-thread-1] INFO  server.RaftServerConfigKeys (ConfUtils.java:logGet(43)) - raft.server.log.purge.gap = 1000000 (custom)
2019-11-07 17:31:08,002 [pool-28-thread-1] INFO  server.RaftServerConfigKeys (ConfUtils.java:logGet(43)) - raft.server.log.appender.buffer.byte-limit = 33554432 (custom)
2019-11-07 17:31:08,005 [pool-28-thread-1] INFO  server.RaftServerConfigKeys (ConfUtils.java:logGet(43)) - raft.server.log.segment.size.max = 1048576 (custom)
2019-11-07 17:31:08,010 [pool-28-thread-1] INFO  metrics.MetricRegistries (MetricRegistriesLoader.java:load(64)) - Loaded MetricRegistries class org.apache.ratis.metrics.impl.MetricRegistriesImpl
2019-11-07 17:31:08,013 [pool-28-thread-1] WARN  impl.MetricRegistriesImpl (MetricRegistriesImpl.java:lambda$create$1(61)) - First MetricRegistry has been created without registering reporters. You may need to call MetricRegistries.global().addReportRegistration(...) before.
2019-11-07 17:31:08,019 [pool-28-thread-1] INFO  server.RaftServerConfigKeys (ConfUtils.java:logGet(43)) - raft.server.log.segment.cache.num.max = 2 (custom)
2019-11-07 17:31:08,335 [pool-28-thread-1] INFO  segmented.SegmentedRaftLogWorker (SegmentedRaftLogWorker.java:<init>(173)) - new 0fd77a9b-72d8-4821-b20f-db546d0e4c68@group-D5631FD86E68-SegmentedRaftLogWorker for RaftStorage:Storage Directory /workdir/hadoop-ozone/ozonefs/target/test-dir/MiniOzoneClusterImpl-b77e69ac-8790-49d6-a70a-8834af103527/datanode-0/data/ratis/8b079bfd-c798-4533-8c4d-d5631fd86e68
2019-11-07 17:31:08,336 [pool-28-thread-1] INFO  server.RaftServerConfigKeys (ConfUtils.java:logGet(43)) - raft.server.log.queue.byte-limit = 2147483647 (custom)
2019-11-07 17:31:08,337 [pool-28-thread-1] INFO  server.RaftServerConfigKeys (ConfUtils.java:logGet(43)) - raft.server.log.queue.element-limit = 1024 (custom)
2019-11-07 17:31:08,339 [pool-28-thread-1] INFO  server.RaftServerConfigKeys (ConfUtils.java:logGet(43)) - raft.server.log.segment.size.max = 1048576 (custom)
2019-11-07 17:31:08,339 [pool-28-thread-1] INFO  server.RaftServerConfigKeys (ConfUtils.java:logGet(43)) - raft.server.log.preallocated.size = 16384 (custom)
2019-11-07 17:31:08,340 [pool-28-thread-1] INFO  server.RaftServerConfigKeys (ConfUtils.java:logGet(43)) - raft.server.log.write.buffer.size = 33554432 (custom)
2019-11-07 17:31:08,341 [pool-28-thread-1] INFO  server.RaftServerConfigKeys (ConfUtils.java:logGet(43)) - raft.server.log.force.sync.num = 128 (default)
2019-11-07 17:31:08,342 [pool-28-thread-1] INFO  server.RaftServerConfigKeys (ConfUtils.java:logGet(43)) - raft.server.log.statemachine.data.sync = true (default)
2019-11-07 17:31:08,342 [pool-28-thread-1] INFO  server.RaftServerConfigKeys (ConfUtils.java:logGet(43)) - raft.server.log.statemachine.data.sync.timeout = 10s (default)
2019-11-07 17:31:08,343 [pool-28-thread-1] INFO  server.RaftServerConfigKeys (ConfUtils.java:logGet(43)) - raft.server.log.statemachine.data.sync.timeout.retry = -1 (default)
2019-11-07 17:31:08,358 [pool-28-thread-1] INFO  server.RaftServerConfigKeys (ConfUtils.java:logGet(43)) - raft.server.log.statemachine.data.caching.enabled = true (custom)
2019-11-07 17:31:08,364 [pool-28-thread-1] INFO  segmented.SegmentedRaftLogWorker (SegmentedRaftLogWorker.java:lambda$new$0(128)) - 0fd77a9b-72d8-4821-b20f-db546d0e4c68@group-D5631FD86E68-SegmentedRaftLogWorker: flushIndex: setUnconditionally 0 -> -1
2019-11-07 17:31:08,370 [pool-28-thread-1] INFO  server.RaftServerConfigKeys (ConfUtils.java:logGet(43)) - raft.server.snapshot.auto.trigger.enabled = true (custom)
2019-11-07 17:31:08,372 [pool-28-thread-1] INFO  server.RaftServerConfigKeys (ConfUtils.java:logGet(43)) - raft.server.snapshot.auto.trigger.threshold = 10000 (custom)
2019-11-07 17:31:08,372 [pool-28-thread-1] INFO  server.RaftServerConfigKeys (ConfUtils.java:logGet(43)) - raft.server.snapshot.retention.file.num = 5 (custom)
2019-11-07 17:31:08,373 [pool-28-thread-1] INFO  server.RaftServerConfigKeys (ConfUtils.java:logGet(43)) - raft.server.retrycache.expirytime = 600000ms (custom)
2019-11-07 17:31:08,402 [pool-28-thread-1] WARN  impl.MetricRegistriesImpl (MetricRegistriesImpl.java:lambda$create$1(61)) - First MetricRegistry has been created without registering reporters. You may need to call MetricRegistries.global().addReportRegistration(...) before.
2019-11-07 17:31:08,405 [pool-28-thread-1] WARN  impl.MetricRegistriesImpl (MetricRegistriesImpl.java:lambda$create$1(61)) - First MetricRegistry has been created without registering reporters. You may need to call MetricRegistries.global().addReportRegistration(...) before.
2019-11-07 17:31:08,407 [pool-28-thread-1] INFO  impl.RaftServerImpl (RaftServerImpl.java:start(184)) - 0fd77a9b-72d8-4821-b20f-db546d0e4c68@group-D5631FD86E68: start as a follower, conf=-1: [0fd77a9b-72d8-4821-b20f-db546d0e4c68:192.168.69.106:38398], old=null
2019-11-07 17:31:08,407 [pool-28-thread-1] INFO  impl.RaftServerImpl (RaftServerImpl.java:setRole(173)) - 0fd77a9b-72d8-4821-b20f-db546d0e4c68@group-D5631FD86E68: changes role from      null to FOLLOWER at term 0 for startAsFollower
2019-11-07 17:31:08,409 [pool-28-thread-1] INFO  impl.RoleInfo (RoleInfo.java:updateAndGet(143)) - 0fd77a9b-72d8-4821-b20f-db546d0e4c68: start FollowerState
2019-11-07 17:31:08,428 [pool-28-thread-1] INFO  util.JmxRegister (JmxRegister.java:tryRegister(44)) - Successfully registered JMX Bean with object name Ratis:service=RaftServer,group=group-D5631FD86E68,id=0fd77a9b-72d8-4821-b20f-db546d0e4c68
2019-11-07 17:31:08,430 [pool-28-thread-1] WARN  impl.MetricRegistriesImpl (MetricRegistriesImpl.java:lambda$create$1(61)) - First MetricRegistry has been created without registering reporters. You may need to call MetricRegistries.global().addReportRegistration(...) before.
2019-11-07 17:31:10,729 [pool-98-thread-1] INFO  storage.RaftStorage (RaftStorage.java:format(84)) - Storage directory /workdir/hadoop-ozone/ozonefs/target/test-dir/MiniOzoneClusterImpl-b77e69ac-8790-49d6-a70a-8834af103527/datanode-7/data/ratis/e354f321-896e-4c03-9ac0-0e1b11f8b29b has been successfully formatted.
2019-11-07 17:31:10,729 [pool-48-thread-1] INFO  storage.RaftStorage (RaftStorage.java:format(84)) - Storage directory /workdir/hadoop-ozone/ozonefs/target/test-dir/MiniOzoneClusterImpl-b77e69ac-8790-49d6-a70a-8834af103527/datanode-2/data/ratis/e354f321-896e-4c03-9ac0-0e1b11f8b29b has been successfully formatted.
2019-11-07 17:31:10,729 [pool-68-thread-1] INFO  storage.RaftStorage (RaftStorage.java:format(84)) - Storage directory /workdir/hadoop-ozone/ozonefs/target/test-dir/MiniOzoneClusterImpl-b77e69ac-8790-49d6-a70a-8834af103527/datanode-4/data/ratis/e354f321-896e-4c03-9ac0-0e1b11f8b29b has been successfully formatted.
2019-11-07 17:31:10,740 [pool-98-thread-1] INFO  ratis.ContainerStateMachine (ContainerStateMachine.java:loadSnapshot(231)) - group-0E1B11F8B29B: The snapshot info is null. Setting the last applied indexto:(t:0, i:~)
2019-11-07 17:31:10,740 [pool-98-thread-1] INFO  server.RaftServerConfigKeys (ConfUtils.java:logGet(43)) - raft.server.notification.no-leader.timeout = 120s (custom)
2019-11-07 17:31:10,740 [pool-48-thread-1] INFO  ratis.ContainerStateMachine (ContainerStateMachine.java:loadSnapshot(231)) - group-0E1B11F8B29B: The snapshot info is null. Setting the last applied indexto:(t:0, i:~)
2019-11-07 17:31:10,740 [pool-68-thread-1] INFO  ratis.ContainerStateMachine (ContainerStateMachine.java:loadSnapshot(231)) - group-0E1B11F8B29B: The snapshot info is null. Setting the last applied indexto:(t:0, i:~)
2019-11-07 17:31:10,742 [pool-48-thread-1] INFO  server.RaftServerConfigKeys (ConfUtils.java:logGet(43)) - raft.server.notification.no-leader.timeout = 120s (custom)
2019-11-07 17:31:10,742 [pool-98-thread-1] INFO  server.RaftServerConfigKeys (ConfUtils.java:logGet(43)) - raft.server.log.use.memory = false (default)
2019-11-07 17:31:10,743 [pool-48-thread-1] INFO  server.RaftServerConfigKeys (ConfUtils.java:logGet(43)) - raft.server.log.use.memory = false (default)
2019-11-07 17:31:10,742 [pool-68-thread-1] INFO  server.RaftServerConfigKeys (ConfUtils.java:logGet(43)) - raft.server.notification.no-leader.timeout = 120s (custom)
2019-11-07 17:31:10,743 [pool-48-thread-1] INFO  server.RaftServerConfigKeys (ConfUtils.java:logGet(43)) - raft.server.log.purge.gap = 1000000 (custom)
2019-11-07 17:31:10,743 [pool-98-thread-1] INFO  server.RaftServerConfigKeys (ConfUtils.java:logGet(43)) - raft.server.log.purge.gap = 1000000 (custom)
2019-11-07 17:31:10,743 [pool-48-thread-1] INFO  server.RaftServerConfigKeys (ConfUtils.java:logGet(43)) - raft.server.log.appender.buffer.byte-limit = 33554432 (custom)
2019-11-07 17:31:10,743 [pool-68-thread-1] INFO  server.RaftServerConfigKeys (ConfUtils.java:logGet(43)) - raft.server.log.use.memory = false (default)
2019-11-07 17:31:10,743 [pool-48-thread-1] INFO  server.RaftServerConfigKeys (ConfUtils.java:logGet(43)) - raft.server.log.segment.size.max = 1048576 (custom)
2019-11-07 17:31:10,743 [pool-98-thread-1] INFO  server.RaftServerConfigKeys (ConfUtils.java:logGet(43)) - raft.server.log.appender.buffer.byte-limit = 33554432 (custom)
2019-11-07 17:31:10,744 [pool-48-thread-1] WARN  impl.MetricRegistriesImpl (MetricRegistriesImpl.java:lambda$create$1(61)) - First MetricRegistry has been created without registering reporters. You may need to call MetricRegistries.global().addReportRegistration(...) before.
2019-11-07 17:31:10,743 [pool-68-thread-1] INFO  server.RaftServerConfigKeys (ConfUtils.java:logGet(43)) - raft.server.log.purge.gap = 1000000 (custom)
2019-11-07 17:31:10,744 [pool-48-thread-1] INFO  server.RaftServerConfigKeys (ConfUtils.java:logGet(43)) - raft.server.log.segment.cache.num.max = 2 (custom)
2019-11-07 17:31:10,744 [pool-98-thread-1] INFO  server.RaftServerConfigKeys (ConfUtils.java:logGet(43)) - raft.server.log.segment.size.max = 1048576 (custom)
2019-11-07 17:31:10,744 [pool-48-thread-1] INFO  segmented.SegmentedRaftLogWorker (SegmentedRaftLogWorker.java:<init>(173)) - new cdd73ee1-0650-4948-a59d-6a4aac960b6a@group-0E1B11F8B29B-SegmentedRaftLogWorker for RaftStorage:Storage Directory /workdir/hadoop-ozone/ozonefs/target/test-dir/MiniOzoneClusterImpl-b77e69ac-8790-49d6-a70a-8834af103527/datanode-2/data/ratis/e354f321-896e-4c03-9ac0-0e1b11f8b29b
2019-11-07 17:31:10,744 [pool-68-thread-1] INFO  server.RaftServerConfigKeys (ConfUtils.java:logGet(43)) - raft.server.log.appender.buffer.byte-limit = 33554432 (custom)
2019-11-07 17:31:10,746 [pool-48-thread-1] INFO  server.RaftServerConfigKeys (ConfUtils.java:logGet(43)) - raft.server.log.queue.byte-limit = 2147483647 (custom)
2019-11-07 17:31:10,744 [pool-98-thread-1] WARN  impl.MetricRegistriesImpl (MetricRegistriesImpl.java:lambda$create$1(61)) - First MetricRegistry has been created without registering reporters. You may need to call MetricRegistries.global().addReportRegistration(...) before.
2019-11-07 17:31:10,746 [pool-48-thread-1] INFO  server.RaftServerConfigKeys (ConfUtils.java:logGet(43)) - raft.server.log.queue.element-limit = 1024 (custom)
2019-11-07 17:31:10,746 [pool-68-thread-1] INFO  server.RaftServerConfigKeys (ConfUtils.java:logGet(43)) - raft.server.log.segment.size.max = 1048576 (custom)
2019-11-07 17:31:10,747 [pool-68-thread-1] WARN  impl.MetricRegistriesImpl (MetricRegistriesImpl.java:lambda$create$1(61)) - First MetricRegistry has been created without registering reporters. You may need to call MetricRegistries.global().addReportRegistration(...) before.
2019-11-07 17:31:10,747 [pool-48-thread-1] INFO  server.RaftServerConfigKeys (ConfUtils.java:logGet(43)) - raft.server.log.segment.size.max = 1048576 (custom)
2019-11-07 17:31:10,747 [pool-98-thread-1] INFO  server.RaftServerConfigKeys (ConfUtils.java:logGet(43)) - raft.server.log.segment.cache.num.max = 2 (custom)
2019-11-07 17:31:10,747 [pool-48-thread-1] INFO  server.RaftServerConfigKeys (ConfUtils.java:logGet(43)) - raft.server.log.preallocated.size = 16384 (custom)
2019-11-07 17:31:10,747 [pool-68-thread-1] INFO  server.RaftServerConfigKeys (ConfUtils.java:logGet(43)) - raft.server.log.segment.cache.num.max = 2 (custom)
2019-11-07 17:31:10,749 [pool-48-thread-1] INFO  server.RaftServerConfigKeys (ConfUtils.java:logGet(43)) - raft.server.log.write.buffer.size = 33554432 (custom)
2019-11-07 17:31:10,747 [pool-98-thread-1] INFO  segmented.SegmentedRaftLogWorker (SegmentedRaftLogWorker.java:<init>(173)) - new 99ce3c13-320b-4021-9cf6-199dd0bed684@group-0E1B11F8B29B-SegmentedRaftLogWorker for RaftStorage:Storage Directory /workdir/hadoop-ozone/ozonefs/target/test-dir/MiniOzoneClusterImpl-b77e69ac-8790-49d6-a70a-8834af103527/datanode-7/data/ratis/e354f321-896e-4c03-9ac0-0e1b11f8b29b
2019-11-07 17:31:10,749 [pool-48-thread-1] INFO  server.RaftServerConfigKeys (ConfUtils.java:logGet(43)) - raft.server.log.force.sync.num = 128 (default)
2019-11-07 17:31:10,749 [pool-68-thread-1] INFO  segmented.SegmentedRaftLogWorker (SegmentedRaftLogWorker.java:<init>(173)) - new 9ff4eedc-7f18-41aa-b959-bed1611f05ce@group-0E1B11F8B29B-SegmentedRaftLogWorker for RaftStorage:Storage Directory /workdir/hadoop-ozone/ozonefs/target/test-dir/MiniOzoneClusterImpl-b77e69ac-8790-49d6-a70a-8834af103527/datanode-4/data/ratis/e354f321-896e-4c03-9ac0-0e1b11f8b29b
2019-11-07 17:31:10,750 [pool-48-thread-1] INFO  server.RaftServerConfigKeys (ConfUtils.java:logGet(43)) - raft.server.log.statemachine.data.sync = true (default)
2019-11-07 17:31:10,750 [pool-98-thread-1] INFO  server.RaftServerConfigKeys (ConfUtils.java:logGet(43)) - raft.server.log.queue.byte-limit = 2147483647 (custom)
2019-11-07 17:31:10,750 [pool-48-thread-1] INFO  server.RaftServerConfigKeys (ConfUtils.java:logGet(43)) - raft.server.log.statemachine.data.sync.timeout = 10s (default)
2019-11-07 17:31:10,750 [pool-68-thread-1] INFO  server.RaftServerConfigKeys (ConfUtils.java:logGet(43)) - raft.server.log.queue.byte-limit = 2147483647 (custom)
2019-11-07 17:31:10,750 [pool-48-thread-1] INFO  server.RaftServerConfigKeys (ConfUtils.java:logGet(43)) - raft.server.log.statemachine.data.sync.timeout.retry = -1 (default)
2019-11-07 17:31:10,750 [pool-98-thread-1] INFO  server.RaftServerConfigKeys (ConfUtils.java:logGet(43)) - raft.server.log.queue.element-limit = 1024 (custom)
2019-11-07 17:31:10,750 [pool-68-thread-1] INFO  server.RaftServerConfigKeys (ConfUtils.java:logGet(43)) - raft.server.log.queue.element-limit = 1024 (custom)
2019-11-07 17:31:10,751 [pool-98-thread-1] INFO  server.RaftServerConfigKeys (ConfUtils.java:logGet(43)) - raft.server.log.segment.size.max = 1048576 (custom)
2019-11-07 17:31:10,751 [pool-68-thread-1] INFO  server.RaftServerConfigKeys (ConfUtils.java:logGet(43)) - raft.server.log.segment.size.max = 1048576 (custom)
2019-11-07 17:31:10,751 [pool-48-thread-1] INFO  server.RaftServerConfigKeys (ConfUtils.java:logGet(43)) - raft.server.log.statemachine.data.caching.enabled = true (custom)
2019-11-07 17:31:10,751 [pool-68-thread-1] INFO  server.RaftServerConfigKeys (ConfUtils.java:logGet(43)) - raft.server.log.preallocated.size = 16384 (custom)
2019-11-07 17:31:10,751 [pool-98-thread-1] INFO  server.RaftServerConfigKeys (ConfUtils.java:logGet(43)) - raft.server.log.preallocated.size = 16384 (custom)
2019-11-07 17:31:10,751 [pool-68-thread-1] INFO  server.RaftServerConfigKeys (ConfUtils.java:logGet(43)) - raft.server.log.write.buffer.size = 33554432 (custom)
2019-11-07 17:31:10,751 [pool-98-thread-1] INFO  server.RaftServerConfigKeys (ConfUtils.java:logGet(43)) - raft.server.log.write.buffer.size = 33554432 (custom)
2019-11-07 17:31:10,751 [pool-48-thread-1] INFO  segmented.SegmentedRaftLogWorker (SegmentedRaftLogWorker.java:lambda$new$0(128)) - cdd73ee1-0650-4948-a59d-6a4aac960b6a@group-0E1B11F8B29B-SegmentedRaftLogWorker: flushIndex: setUnconditionally 0 -> -1
2019-11-07 17:31:10,752 [pool-98-thread-1] INFO  server.RaftServerConfigKeys (ConfUtils.java:logGet(43)) - raft.server.log.force.sync.num = 128 (default)
2019-11-07 17:31:10,752 [pool-68-thread-1] INFO  server.RaftServerConfigKeys (ConfUtils.java:logGet(43)) - raft.server.log.force.sync.num = 128 (default)
2019-11-07 17:31:10,752 [pool-48-thread-1] INFO  server.RaftServerConfigKeys (ConfUtils.java:logGet(43)) - raft.server.snapshot.auto.trigger.enabled = true (custom)
2019-11-07 17:31:10,752 [pool-98-thread-1] INFO  server.RaftServerConfigKeys (ConfUtils.java:logGet(43)) - raft.server.log.statemachine.data.sync = true (default)
2019-11-07 17:31:10,752 [pool-48-thread-1] INFO  server.RaftServerConfigKeys (ConfUtils.java:logGet(43)) - raft.server.snapshot.auto.trigger.threshold = 10000 (custom)
2019-11-07 17:31:10,752 [pool-68-thread-1] INFO  server.RaftServerConfigKeys (ConfUtils.java:logGet(43)) - raft.server.log.statemachine.data.sync = true (default)
2019-11-07 17:31:10,753 [pool-48-thread-1] INFO  server.RaftServerConfigKeys (ConfUtils.java:logGet(43)) - raft.server.snapshot.retention.file.num = 5 (custom)
2019-11-07 17:31:10,752 [pool-98-thread-1] INFO  server.RaftServerConfigKeys (ConfUtils.java:logGet(43)) - raft.server.log.statemachine.data.sync.timeout = 10s (default)
2019-11-07 17:31:10,753 [pool-48-thread-1] INFO  server.RaftServerConfigKeys (ConfUtils.java:logGet(43)) - raft.server.retrycache.expirytime = 600000ms (custom)
2019-11-07 17:31:10,753 [pool-68-thread-1] INFO  server.RaftServerConfigKeys (ConfUtils.java:logGet(43)) - raft.server.log.statemachine.data.sync.timeout = 10s (default)
2019-11-07 17:31:10,753 [pool-98-thread-1] INFO  server.RaftServerConfigKeys (ConfUtils.java:logGet(43)) - raft.server.log.statemachine.data.sync.timeout.retry = -1 (default)
2019-11-07 17:31:10,753 [pool-68-thread-1] INFO  server.RaftServerConfigKeys (ConfUtils.java:logGet(43)) - raft.server.log.statemachine.data.sync.timeout.retry = -1 (default)
2019-11-07 17:31:10,753 [pool-48-thread-1] WARN  impl.MetricRegistriesImpl (MetricRegistriesImpl.java:lambda$create$1(61)) - First MetricRegistry has been created without registering reporters. You may need to call MetricRegistries.global().addReportRegistration(...) before.
2019-11-07 17:31:10,753 [pool-98-thread-1] INFO  server.RaftServerConfigKeys (ConfUtils.java:logGet(43)) - raft.server.log.statemachine.data.caching.enabled = true (custom)
2019-11-07 17:31:10,754 [pool-48-thread-1] WARN  impl.MetricRegistriesImpl (MetricRegistriesImpl.java:lambda$create$1(61)) - First MetricRegistry has been created without registering reporters. You may need to call MetricRegistries.global().addReportRegistration(...) before.
2019-11-07 17:31:10,754 [pool-68-thread-1] INFO  server.RaftServerConfigKeys (ConfUtils.java:logGet(43)) - raft.server.log.statemachine.data.caching.enabled = true (custom)
2019-11-07 17:31:10,754 [pool-98-thread-1] INFO  segmented.SegmentedRaftLogWorker (SegmentedRaftLogWorker.java:lambda$new$0(128)) - 99ce3c13-320b-4021-9cf6-199dd0bed684@group-0E1B11F8B29B-SegmentedRaftLogWorker: flushIndex: setUnconditionally 0 -> -1
2019-11-07 17:31:10,754 [pool-68-thread-1] INFO  segmented.SegmentedRaftLogWorker (SegmentedRaftLogWorker.java:lambda$new$0(128)) - 9ff4eedc-7f18-41aa-b959-bed1611f05ce@group-0E1B11F8B29B-SegmentedRaftLogWorker: flushIndex: setUnconditionally 0 -> -1
2019-11-07 17:31:10,754 [pool-98-thread-1] INFO  server.RaftServerConfigKeys (ConfUtils.java:logGet(43)) - raft.server.snapshot.auto.trigger.enabled = true (custom)
2019-11-07 17:31:10,754 [pool-98-thread-1] INFO  server.RaftServerConfigKeys (ConfUtils.java:logGet(43)) - raft.server.snapshot.auto.trigger.threshold = 10000 (custom)
2019-11-07 17:31:10,755 [pool-98-thread-1] INFO  server.RaftServerConfigKeys (ConfUtils.java:logGet(43)) - raft.server.snapshot.retention.file.num = 5 (custom)
2019-11-07 17:31:10,755 [pool-68-thread-1] INFO  server.RaftServerConfigKeys (ConfUtils.java:logGet(43)) - raft.server.snapshot.auto.trigger.enabled = true (custom)
2019-11-07 17:31:10,755 [pool-98-thread-1] INFO  server.RaftServerConfigKeys (ConfUtils.java:logGet(43)) - raft.server.retrycache.expirytime = 600000ms (custom)
2019-11-07 17:31:10,755 [pool-68-thread-1] INFO  server.RaftServerConfigKeys (ConfUtils.java:logGet(43)) - raft.server.snapshot.auto.trigger.threshold = 10000 (custom)
2019-11-07 17:31:10,755 [pool-98-thread-1] WARN  impl.MetricRegistriesImpl (MetricRegistriesImpl.java:lambda$create$1(61)) - First MetricRegistry has been created without registering reporters. You may need to call MetricRegistries.global().addReportRegistration(...) before.
2019-11-07 17:31:10,755 [pool-68-thread-1] INFO  server.RaftServerConfigKeys (ConfUtils.java:logGet(43)) - raft.server.snapshot.retention.file.num = 5 (custom)
2019-11-07 17:31:10,755 [pool-98-thread-1] WARN  impl.MetricRegistriesImpl (MetricRegistriesImpl.java:lambda$create$1(61)) - First MetricRegistry has been created without registering reporters. You may need to call MetricRegistries.global().addReportRegistration(...) before.
2019-11-07 17:31:10,755 [pool-68-thread-1] INFO  server.RaftServerConfigKeys (ConfUtils.java:logGet(43)) - raft.server.retrycache.expirytime = 600000ms (custom)
2019-11-07 17:31:10,755 [pool-68-thread-1] WARN  impl.MetricRegistriesImpl (MetricRegistriesImpl.java:lambda$create$1(61)) - First MetricRegistry has been created without registering reporters. You may need to call MetricRegistries.global().addReportRegistration(...) before.
2019-11-07 17:31:10,756 [pool-68-thread-1] WARN  impl.MetricRegistriesImpl (MetricRegistriesImpl.java:lambda$create$1(61)) - First MetricRegistry has been created without registering reporters. You may need to call MetricRegistries.global().addReportRegistration(...) before.
2019-11-07 17:31:10,757 [pool-48-thread-1] INFO  impl.RaftServerImpl (RaftServerImpl.java:<init>(98)) - cdd73ee1-0650-4948-a59d-6a4aac960b6a: new RaftServerImpl for group-C919B7E91E8E:[99ce3c13-320b-4021-9cf6-199dd0bed684:192.168.69.106:34308, cdd73ee1-0650-4948-a59d-6a4aac960b6a:192.168.69.106:35716, 9ff4eedc-7f18-41aa-b959-bed1611f05ce:192.168.69.106:37715] with ContainerStateMachine:uninitialized
2019-11-07 17:31:10,757 [pool-48-thread-1] INFO  server.RaftServerConfigKeys (ConfUtils.java:logGet(43)) - raft.server.rpc.timeout.min = 5s (custom)
2019-11-07 17:31:10,757 [pool-48-thread-1] INFO  server.RaftServerConfigKeys (ConfUtils.java:logGet(43)) - raft.server.rpc.timeout.max = 5200ms (custom)
2019-11-07 17:31:10,757 [pool-48-thread-1] INFO  server.RaftServerConfigKeys (ConfUtils.java:logGet(43)) - raft.server.rpcslowness.timeout = 120s (custom)
2019-11-07 17:31:10,757 [pool-48-thread-1] INFO  server.RaftServerConfigKeys (ConfUtils.java:logGet(43)) - raft.server.sleep.deviation.threshold = 300 (default)
2019-11-07 17:31:10,758 [pool-48-thread-1] INFO  server.RaftServerConfigKeys (ConfUtils.java:logGet(43)) - raft.server.log.appender.install.snapshot.enabled = false (custom)
2019-11-07 17:31:10,758 [pool-48-thread-1] INFO  impl.RaftServerImpl (ServerState.java:<init>(103)) - cdd73ee1-0650-4948-a59d-6a4aac960b6a@group-C919B7E91E8E: ConfigurationManager, init=-1: [99ce3c13-320b-4021-9cf6-199dd0bed684:192.168.69.106:34308, cdd73ee1-0650-4948-a59d-6a4aac960b6a:192.168.69.106:35716, 9ff4eedc-7f18-41aa-b959-bed1611f05ce:192.168.69.106:37715], old=null, confs=<EMPTY_MAP>
2019-11-07 17:31:10,758 [pool-68-thread-1] INFO  impl.RaftServerImpl (RaftServerImpl.java:<init>(98)) - 9ff4eedc-7f18-41aa-b959-bed1611f05ce: new RaftServerImpl for group-B6284FCF1727:[9ff4eedc-7f18-41aa-b959-bed1611f05ce:192.168.69.106:37715] with ContainerStateMachine:uninitialized
2019-11-07 17:31:10,758 [pool-48-thread-1] INFO  server.RaftServerConfigKeys (ConfUtils.java:logGet(43)) - raft.server.storage.dir = [/workdir/hadoop-ozone/ozonefs/target/test-dir/MiniOzoneClusterImpl-b77e69ac-8790-49d6-a70a-8834af103527/datanode-2/data/ratis] (custom)
2019-11-07 17:31:10,758 [pool-68-thread-1] INFO  server.RaftServerConfigKeys (ConfUtils.java:logGet(43)) - raft.server.rpc.timeout.min = 5s (custom)
2019-11-07 17:31:10,758 [pool-68-thread-1] INFO  server.RaftServerConfigKeys (ConfUtils.java:logGet(43)) - raft.server.rpc.timeout.max = 5200ms (custom)
2019-11-07 17:31:10,759 [pool-48-thread-1] INFO  server.RaftServerConfigKeys (ConfUtils.java:logGet(43)) - raft.server.log.corruption.policy = EXCEPTION (default)
2019-11-07 17:31:10,759 [pool-98-thread-1] INFO  impl.RaftServerImpl (RaftServerImpl.java:<init>(98)) - 99ce3c13-320b-4021-9cf6-199dd0bed684: new RaftServerImpl for group-C919B7E91E8E:[99ce3c13-320b-4021-9cf6-199dd0bed684:192.168.69.106:34308, cdd73ee1-0650-4948-a59d-6a4aac960b6a:192.168.69.106:35716, 9ff4eedc-7f18-41aa-b959-bed1611f05ce:192.168.69.106:37715] with ContainerStateMachine:uninitialized
2019-11-07 17:31:10,759 [pool-68-thread-1] INFO  server.RaftServerConfigKeys (ConfUtils.java:logGet(43)) - raft.server.rpcslowness.timeout = 120s (custom)
2019-11-07 17:31:10,759 [pool-48-thread-1] INFO  storage.RaftStorageDirectory (RaftStorageDirectory.java:analyzeStorage(246)) - The storage directory /workdir/hadoop-ozone/ozonefs/target/test-dir/MiniOzoneClusterImpl-b77e69ac-8790-49d6-a70a-8834af103527/datanode-2/data/ratis/86e518b9-371e-44aa-a44b-c919b7e91e8e does not exist. Creating ...
2019-11-07 17:31:10,759 [pool-98-thread-1] INFO  server.RaftServerConfigKeys (ConfUtils.java:logGet(43)) - raft.server.rpc.timeout.min = 5s (custom)
2019-11-07 17:31:10,759 [pool-68-thread-1] INFO  server.RaftServerConfigKeys (ConfUtils.java:logGet(43)) - raft.server.sleep.deviation.threshold = 300 (default)
2019-11-07 17:31:10,759 [pool-98-thread-1] INFO  server.RaftServerConfigKeys (ConfUtils.java:logGet(43)) - raft.server.rpc.timeout.max = 5200ms (custom)
2019-11-07 17:31:10,759 [pool-68-thread-1] INFO  server.RaftServerConfigKeys (ConfUtils.java:logGet(43)) - raft.server.log.appender.install.snapshot.enabled = false (custom)
2019-11-07 17:31:10,759 [pool-98-thread-1] INFO  server.RaftServerConfigKeys (ConfUtils.java:logGet(43)) - raft.server.rpcslowness.timeout = 120s (custom)
2019-11-07 17:31:10,760 [pool-68-thread-1] INFO  impl.RaftServerImpl (ServerState.java:<init>(103)) - 9ff4eedc-7f18-41aa-b959-bed1611f05ce@group-B6284FCF1727: ConfigurationManager, init=-1: [9ff4eedc-7f18-41aa-b959-bed1611f05ce:192.168.69.106:37715], old=null, confs=<EMPTY_MAP>
2019-11-07 17:31:10,760 [pool-98-thread-1] INFO  server.RaftServerConfigKeys (ConfUtils.java:logGet(43)) - raft.server.sleep.deviation.threshold = 300 (default)
2019-11-07 17:31:10,760 [pool-98-thread-1] INFO  server.RaftServerConfigKeys (ConfUtils.java:logGet(43)) - raft.server.log.appender.install.snapshot.enabled = false (custom)
2019-11-07 17:31:10,760 [pool-68-thread-1] INFO  server.RaftServerConfigKeys (ConfUtils.java:logGet(43)) - raft.server.storage.dir = [/workdir/hadoop-ozone/ozonefs/target/test-dir/MiniOzoneClusterImpl-b77e69ac-8790-49d6-a70a-8834af103527/datanode-4/data/ratis] (custom)
2019-11-07 17:31:10,760 [pool-98-thread-1] INFO  impl.RaftServerImpl (ServerState.java:<init>(103)) - 99ce3c13-320b-4021-9cf6-199dd0bed684@group-C919B7E91E8E: ConfigurationManager, init=-1: [99ce3c13-320b-4021-9cf6-199dd0bed684:192.168.69.106:34308, cdd73ee1-0650-4948-a59d-6a4aac960b6a:192.168.69.106:35716, 9ff4eedc-7f18-41aa-b959-bed1611f05ce:192.168.69.106:37715], old=null, confs=<EMPTY_MAP>
2019-11-07 17:31:10,760 [pool-98-thread-1] INFO  server.RaftServerConfigKeys (ConfUtils.java:logGet(43)) - raft.server.storage.dir = [/workdir/hadoop-ozone/ozonefs/target/test-dir/MiniOzoneClusterImpl-b77e69ac-8790-49d6-a70a-8834af103527/datanode-7/data/ratis] (custom)
2019-11-07 17:31:10,760 [pool-68-thread-1] INFO  server.RaftServerConfigKeys (ConfUtils.java:logGet(43)) - raft.server.log.corruption.policy = EXCEPTION (default)
2019-11-07 17:31:10,760 [pool-98-thread-1] INFO  server.RaftServerConfigKeys (ConfUtils.java:logGet(43)) - raft.server.log.corruption.policy = EXCEPTION (default)
2019-11-07 17:31:10,760 [pool-68-thread-1] INFO  storage.RaftStorageDirectory (RaftStorageDirectory.java:analyzeStorage(246)) - The storage directory /workdir/hadoop-ozone/ozonefs/target/test-dir/MiniOzoneClusterImpl-b77e69ac-8790-49d6-a70a-8834af103527/datanode-4/data/ratis/702cff41-135d-454e-9a0c-b6284fcf1727 does not exist. Creating ...
2019-11-07 17:31:10,760 [pool-98-thread-1] INFO  storage.RaftStorageDirectory (RaftStorageDirectory.java:analyzeStorage(246)) - The storage directory /workdir/hadoop-ozone/ozonefs/target/test-dir/MiniOzoneClusterImpl-b77e69ac-8790-49d6-a70a-8834af103527/datanode-7/data/ratis/86e518b9-371e-44aa-a44b-c919b7e91e8e does not exist. Creating ...
2019-11-07 17:31:13,569 [Thread-290] INFO  impl.FollowerState (FollowerState.java:run(111)) - 0fd77a9b-72d8-4821-b20f-db546d0e4c68@group-D5631FD86E68-FollowerState: change to CANDIDATE, lastRpcTime:5160ms, electionTimeout:5159ms
2019-11-07 17:31:13,571 [Thread-290] INFO  impl.RoleInfo (RoleInfo.java:shutdownFollowerState(121)) - 0fd77a9b-72d8-4821-b20f-db546d0e4c68: shutdown FollowerState
2019-11-07 17:31:13,571 [Thread-290] INFO  impl.RaftServerImpl (RaftServerImpl.java:setRole(173)) - 0fd77a9b-72d8-4821-b20f-db546d0e4c68@group-D5631FD86E68: changes role from  FOLLOWER to CANDIDATE at term 0 for changeToCandidate
2019-11-07 17:31:13,582 [Thread-290] INFO  impl.RoleInfo (RoleInfo.java:updateAndGet(143)) - 0fd77a9b-72d8-4821-b20f-db546d0e4c68: start LeaderElection
2019-11-07 17:31:14,918 [pool-98-thread-1] INFO  storage.RaftStorageDirectory (RaftStorageDirectory.java:tryLock(328)) - Lock on /workdir/hadoop-ozone/ozonefs/target/test-dir/MiniOzoneClusterImpl-b77e69ac-8790-49d6-a70a-8834af103527/datanode-7/data/ratis/86e518b9-371e-44aa-a44b-c919b7e91e8e/in_use.lock acquired by nodename 596@pr-hdds-2329-pipelines-wl5p8-3511966945
2019-11-07 17:31:14,918 [pool-68-thread-1] INFO  storage.RaftStorageDirectory (RaftStorageDirectory.java:tryLock(328)) - Lock on /workdir/hadoop-ozone/ozonefs/target/test-dir/MiniOzoneClusterImpl-b77e69ac-8790-49d6-a70a-8834af103527/datanode-4/data/ratis/702cff41-135d-454e-9a0c-b6284fcf1727/in_use.lock acquired by nodename 596@pr-hdds-2329-pipelines-wl5p8-3511966945
2019-11-07 17:31:14,918 [pool-48-thread-1] INFO  storage.RaftStorageDirectory (RaftStorageDirectory.java:tryLock(328)) - Lock on /workdir/hadoop-ozone/ozonefs/target/test-dir/MiniOzoneClusterImpl-b77e69ac-8790-49d6-a70a-8834af103527/datanode-2/data/ratis/86e518b9-371e-44aa-a44b-c919b7e91e8e/in_use.lock acquired by nodename 596@pr-hdds-2329-pipelines-wl5p8-3511966945
2019-11-07 17:31:17,508 [0fd77a9b-72d8-4821-b20f-db546d0e4c68@group-D5631FD86E68-LeaderElection1] INFO  impl.LeaderElection (LeaderElection.java:askForVotes(178)) - 0fd77a9b-72d8-4821-b20f-db546d0e4c68@group-D5631FD86E68-LeaderElection1: begin an election at term 1 for -1: [0fd77a9b-72d8-4821-b20f-db546d0e4c68:192.168.69.106:38398], old=null
2019-11-07 17:31:17,514 [0fd77a9b-72d8-4821-b20f-db546d0e4c68@group-D5631FD86E68-LeaderElection1] INFO  impl.RoleInfo (RoleInfo.java:shutdownLeaderElection(134)) - 0fd77a9b-72d8-4821-b20f-db546d0e4c68: shutdown LeaderElection
2019-11-07 17:31:17,519 [0fd77a9b-72d8-4821-b20f-db546d0e4c68@group-D5631FD86E68-LeaderElection1] INFO  impl.RaftServerImpl (RaftServerImpl.java:setRole(173)) - 0fd77a9b-72d8-4821-b20f-db546d0e4c68@group-D5631FD86E68: changes role from CANDIDATE to LEADER at term 1 for changeToLeader
2019-11-07 17:31:17,519 [0fd77a9b-72d8-4821-b20f-db546d0e4c68@group-D5631FD86E68-LeaderElection1] INFO  impl.RaftServerImpl (ServerState.java:setLeader(255)) - 0fd77a9b-72d8-4821-b20f-db546d0e4c68@group-D5631FD86E68: change Leader from null to 0fd77a9b-72d8-4821-b20f-db546d0e4c68 at term 1 for becomeLeader, leader elected after 9524ms
2019-11-07 17:31:17,532 [0fd77a9b-72d8-4821-b20f-db546d0e4c68@group-D5631FD86E68-LeaderElection1] INFO  server.RaftServerConfigKeys (ConfUtils.java:logGet(43)) - raft.server.staging.catchup.gap = 1000 (default)
2019-11-07 17:31:17,532 [0fd77a9b-72d8-4821-b20f-db546d0e4c68@group-D5631FD86E68-LeaderElection1] INFO  server.RaftServerConfigKeys (ConfUtils.java:logGet(43)) - raft.server.rpc.sleep.time = 25ms (default)
2019-11-07 17:31:17,539 [0fd77a9b-72d8-4821-b20f-db546d0e4c68@group-D5631FD86E68-LeaderElection1] INFO  server.RaftServerConfigKeys (ConfUtils.java:logGet(43)) - raft.server.write.element-limit = 4096 (default)
2019-11-07 17:31:17,547 [0fd77a9b-72d8-4821-b20f-db546d0e4c68@group-D5631FD86E68-LeaderElection1] INFO  server.RaftServerConfigKeys (ConfUtils.java:logGet(43)) - raft.server.watch.timeout = 10s (default)
2019-11-07 17:31:17,547 [0fd77a9b-72d8-4821-b20f-db546d0e4c68@group-D5631FD86E68-LeaderElection1] INFO  server.RaftServerConfigKeys (ConfUtils.java:logGet(43)) - raft.server.watch.timeout.denomination = 1s (default)
2019-11-07 17:31:17,549 [0fd77a9b-72d8-4821-b20f-db546d0e4c68@group-D5631FD86E68-LeaderElection1] INFO  server.RaftServerConfigKeys (ConfUtils.java:logGet(43)) - raft.server.watch.element-limit = 65536 (default)
2019-11-07 17:31:17,559 [0fd77a9b-72d8-4821-b20f-db546d0e4c68@group-D5631FD86E68-LeaderElection1] INFO  impl.RoleInfo (RoleInfo.java:updateAndGet(143)) - 0fd77a9b-72d8-4821-b20f-db546d0e4c68: start LeaderState
2019-11-07 17:31:17,592 [0fd77a9b-72d8-4821-b20f-db546d0e4c68@group-D5631FD86E68-LeaderElection1] INFO  segmented.SegmentedRaftLogWorker (SegmentedRaftLogWorker.java:startLogSegment(385)) - 0fd77a9b-72d8-4821-b20f-db546d0e4c68@group-D5631FD86E68-SegmentedRaftLogWorker: Starting segment from index:0
2019-11-07 17:31:17,605 [0fd77a9b-72d8-4821-b20f-db546d0e4c68@group-D5631FD86E68-LeaderElection1] INFO  impl.RaftServerImpl (ServerState.java:setRaftConf(356)) - 0fd77a9b-72d8-4821-b20f-db546d0e4c68@group-D5631FD86E68: set configuration 0: [0fd77a9b-72d8-4821-b20f-db546d0e4c68:192.168.69.106:38398], old=null at 0
2019-11-07 17:31:17,722 [pool-98-thread-1] INFO  storage.RaftStorage (RaftStorage.java:format(84)) - Storage directory /workdir/hadoop-ozone/ozonefs/target/test-dir/MiniOzoneClusterImpl-b77e69ac-8790-49d6-a70a-8834af103527/datanode-7/data/ratis/86e518b9-371e-44aa-a44b-c919b7e91e8e has been successfully formatted.
2019-11-07 17:31:17,722 [pool-48-thread-1] INFO  storage.RaftStorage (RaftStorage.java:format(84)) - Storage directory /workdir/hadoop-ozone/ozonefs/target/test-dir/MiniOzoneClusterImpl-b77e69ac-8790-49d6-a70a-8834af103527/datanode-2/data/ratis/86e518b9-371e-44aa-a44b-c919b7e91e8e has been successfully formatted.
2019-11-07 17:31:17,722 [pool-68-thread-1] INFO  storage.RaftStorage (RaftStorage.java:format(84)) - Storage directory /workdir/hadoop-ozone/ozonefs/target/test-dir/MiniOzoneClusterImpl-b77e69ac-8790-49d6-a70a-8834af103527/datanode-4/data/ratis/702cff41-135d-454e-9a0c-b6284fcf1727 has been successfully formatted.
2019-11-07 17:31:17,723 [pool-98-thread-1] INFO  ratis.ContainerStateMachine (ContainerStateMachine.java:loadSnapshot(231)) - group-C919B7E91E8E: The snapshot info is null. Setting the last applied indexto:(t:0, i:~)
2019-11-07 17:31:17,723 [pool-48-thread-1] INFO  ratis.ContainerStateMachine (ContainerStateMachine.java:loadSnapshot(231)) - group-C919B7E91E8E: The snapshot info is null. Setting the last applied indexto:(t:0, i:~)
2019-11-07 17:31:17,723 [pool-98-thread-1] INFO  server.RaftServerConfigKeys (ConfUtils.java:logGet(43)) - raft.server.notification.no-leader.timeout = 120s (custom)
2019-11-07 17:31:17,723 [pool-68-thread-1] INFO  ratis.ContainerStateMachine (ContainerStateMachine.java:loadSnapshot(231)) - group-B6284FCF1727: The snapshot info is null. Setting the last applied indexto:(t:0, i:~)
2019-11-07 17:31:17,723 [pool-98-thread-1] INFO  server.RaftServerConfigKeys (ConfUtils.java:logGet(43)) - raft.server.log.use.memory = false (default)
2019-11-07 17:31:17,723 [pool-48-thread-1] INFO  server.RaftServerConfigKeys (ConfUtils.java:logGet(43)) - raft.server.notification.no-leader.timeout = 120s (custom)
2019-11-07 17:31:17,723 [pool-98-thread-1] INFO  server.RaftServerConfigKeys (ConfUtils.java:logGet(43)) - raft.server.log.purge.gap = 1000000 (custom)
2019-11-07 17:31:17,723 [pool-68-thread-1] INFO  server.RaftServerConfigKeys (ConfUtils.java:logGet(43)) - raft.server.notification.no-leader.timeout = 120s (custom)
2019-11-07 17:31:17,724 [pool-98-thread-1] INFO  server.RaftServerConfigKeys (ConfUtils.java:logGet(43)) - raft.server.log.appender.buffer.byte-limit = 33554432 (custom)
2019-11-07 17:31:17,723 [pool-48-thread-1] INFO  server.RaftServerConfigKeys (ConfUtils.java:logGet(43)) - raft.server.log.use.memory = false (default)
2019-11-07 17:31:17,724 [pool-98-thread-1] INFO  server.RaftServerConfigKeys (ConfUtils.java:logGet(43)) - raft.server.log.segment.size.max = 1048576 (custom)
2019-11-07 17:31:17,724 [pool-68-thread-1] INFO  server.RaftServerConfigKeys (ConfUtils.java:logGet(43)) - raft.server.log.use.memory = false (default)
2019-11-07 17:31:17,724 [pool-48-thread-1] INFO  server.RaftServerConfigKeys (ConfUtils.java:logGet(43)) - raft.server.log.purge.gap = 1000000 (custom)
2019-11-07 17:31:17,724 [pool-68-thread-1] INFO  server.RaftServerConfigKeys (ConfUtils.java:logGet(43)) - raft.server.log.purge.gap = 1000000 (custom)
2019-11-07 17:31:17,724 [pool-98-thread-1] INFO  server.RaftServerConfigKeys (ConfUtils.java:logGet(43)) - raft.server.log.segment.cache.num.max = 2 (custom)
2019-11-07 17:31:17,724 [pool-68-thread-1] INFO  server.RaftServerConfigKeys (ConfUtils.java:logGet(43)) - raft.server.log.appender.buffer.byte-limit = 33554432 (custom)
2019-11-07 17:31:17,724 [pool-48-thread-1] INFO  server.RaftServerConfigKeys (ConfUtils.java:logGet(43)) - raft.server.log.appender.buffer.byte-limit = 33554432 (custom)
2019-11-07 17:31:17,725 [pool-68-thread-1] INFO  server.RaftServerConfigKeys (ConfUtils.java:logGet(43)) - raft.server.log.segment.size.max = 1048576 (custom)
2019-11-07 17:31:17,724 [pool-98-thread-1] INFO  segmented.SegmentedRaftLogWorker (SegmentedRaftLogWorker.java:<init>(173)) - new 99ce3c13-320b-4021-9cf6-199dd0bed684@group-C919B7E91E8E-SegmentedRaftLogWorker for RaftStorage:Storage Directory /workdir/hadoop-ozone/ozonefs/target/test-dir/MiniOzoneClusterImpl-b77e69ac-8790-49d6-a70a-8834af103527/datanode-7/data/ratis/86e518b9-371e-44aa-a44b-c919b7e91e8e
2019-11-07 17:31:17,725 [pool-68-thread-1] INFO  server.RaftServerConfigKeys (ConfUtils.java:logGet(43)) - raft.server.log.segment.cache.num.max = 2 (custom)
2019-11-07 17:31:17,725 [pool-48-thread-1] INFO  server.RaftServerConfigKeys (ConfUtils.java:logGet(43)) - raft.server.log.segment.size.max = 1048576 (custom)
2019-11-07 17:31:17,725 [pool-68-thread-1] INFO  segmented.SegmentedRaftLogWorker (SegmentedRaftLogWorker.java:<init>(173)) - new 9ff4eedc-7f18-41aa-b959-bed1611f05ce@group-B6284FCF1727-SegmentedRaftLogWorker for RaftStorage:Storage Directory /workdir/hadoop-ozone/ozonefs/target/test-dir/MiniOzoneClusterImpl-b77e69ac-8790-49d6-a70a-8834af103527/datanode-4/data/ratis/702cff41-135d-454e-9a0c-b6284fcf1727
2019-11-07 17:31:17,725 [pool-98-thread-1] INFO  server.RaftServerConfigKeys (ConfUtils.java:logGet(43)) - raft.server.log.queue.byte-limit = 2147483647 (custom)
2019-11-07 17:31:17,725 [pool-68-thread-1] INFO  server.RaftServerConfigKeys (ConfUtils.java:logGet(43)) - raft.server.log.queue.byte-limit = 2147483647 (custom)
2019-11-07 17:31:17,726 [pool-98-thread-1] INFO  server.RaftServerConfigKeys (ConfUtils.java:logGet(43)) - raft.server.log.queue.element-limit = 1024 (custom)
2019-11-07 17:31:17,725 [pool-48-thread-1] INFO  server.RaftServerConfigKeys (ConfUtils.java:logGet(43)) - raft.server.log.segment.cache.num.max = 2 (custom)
2019-11-07 17:31:17,726 [pool-68-thread-1] INFO  server.RaftServerConfigKeys (ConfUtils.java:logGet(43)) - raft.server.log.queue.element-limit = 1024 (custom)
2019-11-07 17:31:17,726 [pool-48-thread-1] INFO  segmented.SegmentedRaftLogWorker (SegmentedRaftLogWorker.java:<init>(173)) - new cdd73ee1-0650-4948-a59d-6a4aac960b6a@group-C919B7E91E8E-SegmentedRaftLogWorker for RaftStorage:Storage Directory /workdir/hadoop-ozone/ozonefs/target/test-dir/MiniOzoneClusterImpl-b77e69ac-8790-49d6-a70a-8834af103527/datanode-2/data/ratis/86e518b9-371e-44aa-a44b-c919b7e91e8e
2019-11-07 17:31:17,726 [pool-98-thread-1] INFO  server.RaftServerConfigKeys (ConfUtils.java:logGet(43)) - raft.server.log.segment.size.max = 1048576 (custom)
2019-11-07 17:31:17,726 [pool-48-thread-1] INFO  server.RaftServerConfigKeys (ConfUtils.java:logGet(43)) - raft.server.log.queue.byte-limit = 2147483647 (custom)
2019-11-07 17:31:17,726 [pool-68-thread-1] INFO  server.RaftServerConfigKeys (ConfUtils.java:logGet(43)) - raft.server.log.segment.size.max = 1048576 (custom)
2019-11-07 17:31:17,726 [pool-48-thread-1] INFO  server.RaftServerConfigKeys (ConfUtils.java:logGet(43)) - raft.server.log.queue.element-limit = 1024 (custom)
2019-11-07 17:31:17,726 [pool-98-thread-1] INFO  server.RaftServerConfigKeys (ConfUtils.java:logGet(43)) - raft.server.log.preallocated.size = 16384 (custom)
2019-11-07 17:31:17,727 [pool-48-thread-1] INFO  server.RaftServerConfigKeys (ConfUtils.java:logGet(43)) - raft.server.log.segment.size.max = 1048576 (custom)
2019-11-07 17:31:17,727 [pool-68-thread-1] INFO  server.RaftServerConfigKeys (ConfUtils.java:logGet(43)) - raft.server.log.preallocated.size = 16384 (custom)
2019-11-07 17:31:17,727 [pool-48-thread-1] INFO  server.RaftServerConfigKeys (ConfUtils.java:logGet(43)) - raft.server.log.preallocated.size = 16384 (custom)
2019-11-07 17:31:17,727 [pool-98-thread-1] INFO  server.RaftServerConfigKeys (ConfUtils.java:logGet(43)) - raft.server.log.write.buffer.size = 33554432 (custom)
2019-11-07 17:31:17,727 [pool-48-thread-1] INFO  server.RaftServerConfigKeys (ConfUtils.java:logGet(43)) - raft.server.log.write.buffer.size = 33554432 (custom)
2019-11-07 17:31:17,727 [pool-68-thread-1] INFO  server.RaftServerConfigKeys (ConfUtils.java:logGet(43)) - raft.server.log.write.buffer.size = 33554432 (custom)
2019-11-07 17:31:17,728 [pool-48-thread-1] INFO  server.RaftServerConfigKeys (ConfUtils.java:logGet(43)) - raft.server.log.force.sync.num = 128 (default)
2019-11-07 17:31:17,727 [pool-98-thread-1] INFO  server.RaftServerConfigKeys (ConfUtils.java:logGet(43)) - raft.server.log.force.sync.num = 128 (default)
2019-11-07 17:31:17,728 [pool-48-thread-1] INFO  server.RaftServerConfigKeys (ConfUtils.java:logGet(43)) - raft.server.log.statemachine.data.sync = true (default)
2019-11-07 17:31:17,728 [pool-68-thread-1] INFO  server.RaftServerConfigKeys (ConfUtils.java:logGet(43)) - raft.server.log.force.sync.num = 128 (default)
2019-11-07 17:31:17,728 [pool-48-thread-1] INFO  server.RaftServerConfigKeys (ConfUtils.java:logGet(43)) - raft.server.log.statemachine.data.sync.timeout = 10s (default)
2019-11-07 17:31:17,728 [pool-98-thread-1] INFO  server.RaftServerConfigKeys (ConfUtils.java:logGet(43)) - raft.server.log.statemachine.data.sync = true (default)
2019-11-07 17:31:17,728 [pool-48-thread-1] INFO  server.RaftServerConfigKeys (ConfUtils.java:logGet(43)) - raft.server.log.statemachine.data.sync.timeout.retry = -1 (default)
2019-11-07 17:31:17,728 [pool-68-thread-1] INFO  server.RaftServerConfigKeys (ConfUtils.java:logGet(43)) - raft.server.log.statemachine.data.sync = true (default)
2019-11-07 17:31:17,729 [pool-48-thread-1] INFO  server.RaftServerConfigKeys (ConfUtils.java:logGet(43)) - raft.server.log.statemachine.data.caching.enabled = true (custom)
2019-11-07 17:31:17,729 [pool-98-thread-1] INFO  server.RaftServerConfigKeys (ConfUtils.java:logGet(43)) - raft.server.log.statemachine.data.sync.timeout = 10s (default)
2019-11-07 17:31:17,729 [pool-68-thread-1] INFO  server.RaftServerConfigKeys (ConfUtils.java:logGet(43)) - raft.server.log.statemachine.data.sync.timeout = 10s (default)
2019-11-07 17:31:17,729 [pool-48-thread-1] INFO  segmented.SegmentedRaftLogWorker (SegmentedRaftLogWorker.java:lambda$new$0(128)) - cdd73ee1-0650-4948-a59d-6a4aac960b6a@group-C919B7E91E8E-SegmentedRaftLogWorker: flushIndex: setUnconditionally 0 -> -1
2019-11-07 17:31:17,729 [pool-98-thread-1] INFO  server.RaftServerConfigKeys (ConfUtils.java:logGet(43)) - raft.server.log.statemachine.data.sync.timeout.retry = -1 (default)
2019-11-07 17:31:17,729 [pool-68-thread-1] INFO  server.RaftServerConfigKeys (ConfUtils.java:logGet(43)) - raft.server.log.statemachine.data.sync.timeout.retry = -1 (default)
2019-11-07 17:31:17,730 [pool-48-thread-1] INFO  server.RaftServerConfigKeys (ConfUtils.java:logGet(43)) - raft.server.snapshot.auto.trigger.enabled = true (custom)
2019-11-07 17:31:17,730 [pool-68-thread-1] INFO  server.RaftServerConfigKeys (ConfUtils.java:logGet(43)) - raft.server.log.statemachine.data.caching.enabled = true (custom)
2019-11-07 17:31:17,730 [pool-48-thread-1] INFO  server.RaftServerConfigKeys (ConfUtils.java:logGet(43)) - raft.server.snapshot.auto.trigger.threshold = 10000 (custom)
2019-11-07 17:31:17,730 [pool-98-thread-1] INFO  server.RaftServerConfigKeys (ConfUtils.java:logGet(43)) - raft.server.log.statemachine.data.caching.enabled = true (custom)
2019-11-07 17:31:17,730 [pool-68-thread-1] INFO  segmented.SegmentedRaftLogWorker (SegmentedRaftLogWorker.java:lambda$new$0(128)) - 9ff4eedc-7f18-41aa-b959-bed1611f05ce@group-B6284FCF1727-SegmentedRaftLogWorker: flushIndex: setUnconditionally 0 -> -1
2019-11-07 17:31:17,730 [pool-48-thread-1] INFO  server.RaftServerConfigKeys (ConfUtils.java:logGet(43)) - raft.server.snapshot.retention.file.num = 5 (custom)
2019-11-07 17:31:17,731 [pool-98-thread-1] INFO  segmented.SegmentedRaftLogWorker (SegmentedRaftLogWorker.java:lambda$new$0(128)) - 99ce3c13-320b-4021-9cf6-199dd0bed684@group-C919B7E91E8E-SegmentedRaftLogWorker: flushIndex: setUnconditionally 0 -> -1
2019-11-07 17:31:17,731 [pool-68-thread-1] INFO  server.RaftServerConfigKeys (ConfUtils.java:logGet(43)) - raft.server.snapshot.auto.trigger.enabled = true (custom)
2019-11-07 17:31:17,731 [pool-48-thread-1] INFO  server.RaftServerConfigKeys (ConfUtils.java:logGet(43)) - raft.server.retrycache.expirytime = 600000ms (custom)
2019-11-07 17:31:17,731 [pool-68-thread-1] INFO  server.RaftServerConfigKeys (ConfUtils.java:logGet(43)) - raft.server.snapshot.auto.trigger.threshold = 10000 (custom)
2019-11-07 17:31:17,731 [pool-98-thread-1] INFO  server.RaftServerConfigKeys (ConfUtils.java:logGet(43)) - raft.server.snapshot.auto.trigger.enabled = true (custom)
2019-11-07 17:31:17,731 [pool-68-thread-1] INFO  server.RaftServerConfigKeys (ConfUtils.java:logGet(43)) - raft.server.snapshot.retention.file.num = 5 (custom)
2019-11-07 17:31:17,731 [pool-48-thread-1] WARN  impl.MetricRegistriesImpl (MetricRegistriesImpl.java:lambda$create$1(61)) - First MetricRegistry has been created without registering reporters. You may need to call MetricRegistries.global().addReportRegistration(...) before.
2019-11-07 17:31:17,732 [pool-68-thread-1] INFO  server.RaftServerConfigKeys (ConfUtils.java:logGet(43)) - raft.server.retrycache.expirytime = 600000ms (custom)
2019-11-07 17:31:17,731 [pool-98-thread-1] INFO  server.RaftServerConfigKeys (ConfUtils.java:logGet(43)) - raft.server.snapshot.auto.trigger.threshold = 10000 (custom)
2019-11-07 17:31:17,732 [pool-68-thread-1] WARN  impl.MetricRegistriesImpl (MetricRegistriesImpl.java:lambda$create$1(61)) - First MetricRegistry has been created without registering reporters. You may need to call MetricRegistries.global().addReportRegistration(...) before.
2019-11-07 17:31:17,732 [pool-48-thread-1] WARN  impl.MetricRegistriesImpl (MetricRegistriesImpl.java:lambda$create$1(61)) - First MetricRegistry has been created without registering reporters. You may need to call MetricRegistries.global().addReportRegistration(...) before.
2019-11-07 17:31:17,732 [pool-68-thread-1] WARN  impl.MetricRegistriesImpl (MetricRegistriesImpl.java:lambda$create$1(61)) - First MetricRegistry has been created without registering reporters. You may need to call MetricRegistries.global().addReportRegistration(...) before.
2019-11-07 17:31:17,732 [pool-98-thread-1] INFO  server.RaftServerConfigKeys (ConfUtils.java:logGet(43)) - raft.server.snapshot.retention.file.num = 5 (custom)
2019-11-07 17:31:17,732 [pool-48-thread-1] INFO  impl.RaftServerImpl (RaftServerImpl.java:start(184)) - cdd73ee1-0650-4948-a59d-6a4aac960b6a@group-0E1B11F8B29B: start as a follower, conf=-1: [99ce3c13-320b-4021-9cf6-199dd0bed684:192.168.69.106:34308, cdd73ee1-0650-4948-a59d-6a4aac960b6a:192.168.69.106:35716, 9ff4eedc-7f18-41aa-b959-bed1611f05ce:192.168.69.106:37715], old=null
2019-11-07 17:31:17,733 [pool-48-thread-1] INFO  impl.RaftServerImpl (RaftServerImpl.java:setRole(173)) - cdd73ee1-0650-4948-a59d-6a4aac960b6a@group-0E1B11F8B29B: changes role from      null to FOLLOWER at term 0 for startAsFollower
2019-11-07 17:31:17,733 [pool-98-thread-1] INFO  server.RaftServerConfigKeys (ConfUtils.java:logGet(43)) - raft.server.retrycache.expirytime = 600000ms (custom)
2019-11-07 17:31:17,733 [pool-48-thread-1] INFO  impl.RoleInfo (RoleInfo.java:updateAndGet(143)) - cdd73ee1-0650-4948-a59d-6a4aac960b6a: start FollowerState
2019-11-07 17:31:17,733 [pool-98-thread-1] WARN  impl.MetricRegistriesImpl (MetricRegistriesImpl.java:lambda$create$1(61)) - First MetricRegistry has been created without registering reporters. You may need to call MetricRegistries.global().addReportRegistration(...) before.
2019-11-07 17:31:17,733 [pool-98-thread-1] WARN  impl.MetricRegistriesImpl (MetricRegistriesImpl.java:lambda$create$1(61)) - First MetricRegistry has been created without registering reporters. You may need to call MetricRegistries.global().addReportRegistration(...) before.
2019-11-07 17:31:17,733 [pool-98-thread-1] INFO  impl.RaftServerImpl (RaftServerImpl.java:start(184)) - 99ce3c13-320b-4021-9cf6-199dd0bed684@group-0E1B11F8B29B: start as a follower, conf=-1: [99ce3c13-320b-4021-9cf6-199dd0bed684:192.168.69.106:34308, cdd73ee1-0650-4948-a59d-6a4aac960b6a:192.168.69.106:35716, 9ff4eedc-7f18-41aa-b959-bed1611f05ce:192.168.69.106:37715], old=null
2019-11-07 17:31:17,734 [pool-48-thread-1] INFO  util.JmxRegister (JmxRegister.java:tryRegister(44)) - Successfully registered JMX Bean with object name Ratis:service=RaftServer,group=group-0E1B11F8B29B,id=cdd73ee1-0650-4948-a59d-6a4aac960b6a
2019-11-07 17:31:17,734 [pool-98-thread-1] INFO  impl.RaftServerImpl (RaftServerImpl.java:setRole(173)) - 99ce3c13-320b-4021-9cf6-199dd0bed684@group-0E1B11F8B29B: changes role from      null to FOLLOWER at term 0 for startAsFollower
2019-11-07 17:31:17,734 [pool-48-thread-1] WARN  impl.MetricRegistriesImpl (MetricRegistriesImpl.java:lambda$create$1(61)) - First MetricRegistry has been created without registering reporters. You may need to call MetricRegistries.global().addReportRegistration(...) before.
2019-11-07 17:31:17,734 [pool-98-thread-1] INFO  impl.RoleInfo (RoleInfo.java:updateAndGet(143)) - 99ce3c13-320b-4021-9cf6-199dd0bed684: start FollowerState
2019-11-07 17:31:17,735 [pool-48-thread-1] INFO  impl.RaftServerImpl (RaftServerImpl.java:start(184)) - cdd73ee1-0650-4948-a59d-6a4aac960b6a@group-C919B7E91E8E: start as a follower, conf=-1: [99ce3c13-320b-4021-9cf6-199dd0bed684:192.168.69.106:34308, cdd73ee1-0650-4948-a59d-6a4aac960b6a:192.168.69.106:35716, 9ff4eedc-7f18-41aa-b959-bed1611f05ce:192.168.69.106:37715], old=null
2019-11-07 17:31:17,735 [pool-98-thread-1] INFO  util.JmxRegister (JmxRegister.java:tryRegister(44)) - Successfully registered JMX Bean with object name Ratis:service=RaftServer,group=group-0E1B11F8B29B,id=99ce3c13-320b-4021-9cf6-199dd0bed684
2019-11-07 17:31:17,738 [pool-48-thread-1] INFO  impl.RaftServerImpl (RaftServerImpl.java:setRole(173)) - cdd73ee1-0650-4948-a59d-6a4aac960b6a@group-C919B7E91E8E: changes role from      null to FOLLOWER at term 0 for startAsFollower
2019-11-07 17:31:17,738 [pool-98-thread-1] WARN  impl.MetricRegistriesImpl (MetricRegistriesImpl.java:lambda$create$1(61)) - First MetricRegistry has been created without registering reporters. You may need to call MetricRegistries.global().addReportRegistration(...) before.
2019-11-07 17:31:17,738 [pool-48-thread-1] INFO  impl.RoleInfo (RoleInfo.java:updateAndGet(143)) - cdd73ee1-0650-4948-a59d-6a4aac960b6a: start FollowerState
2019-11-07 17:31:17,739 [pool-48-thread-1] INFO  util.JmxRegister (JmxRegister.java:tryRegister(44)) - Successfully registered JMX Bean with object name Ratis:service=RaftServer,group=group-C919B7E91E8E,id=cdd73ee1-0650-4948-a59d-6a4aac960b6a
2019-11-07 17:31:17,739 [pool-98-thread-1] INFO  impl.RaftServerImpl (RaftServerImpl.java:start(184)) - 99ce3c13-320b-4021-9cf6-199dd0bed684@group-C919B7E91E8E: start as a follower, conf=-1: [99ce3c13-320b-4021-9cf6-199dd0bed684:192.168.69.106:34308, cdd73ee1-0650-4948-a59d-6a4aac960b6a:192.168.69.106:35716, 9ff4eedc-7f18-41aa-b959-bed1611f05ce:192.168.69.106:37715], old=null
2019-11-07 17:31:17,739 [pool-48-thread-1] WARN  impl.MetricRegistriesImpl (MetricRegistriesImpl.java:lambda$create$1(61)) - First MetricRegistry has been created without registering reporters. You may need to call MetricRegistries.global().addReportRegistration(...) before.
2019-11-07 17:31:17,739 [pool-68-thread-1] INFO  impl.RaftServerImpl (RaftServerImpl.java:<init>(98)) - 9ff4eedc-7f18-41aa-b959-bed1611f05ce: new RaftServerImpl for group-C919B7E91E8E:[99ce3c13-320b-4021-9cf6-199dd0bed684:192.168.69.106:34308, cdd73ee1-0650-4948-a59d-6a4aac960b6a:192.168.69.106:35716, 9ff4eedc-7f18-41aa-b959-bed1611f05ce:192.168.69.106:37715] with ContainerStateMachine:uninitialized
2019-11-07 17:31:17,739 [pool-98-thread-1] INFO  impl.RaftServerImpl (RaftServerImpl.java:setRole(173)) - 99ce3c13-320b-4021-9cf6-199dd0bed684@group-C919B7E91E8E: changes role from      null to FOLLOWER at term 0 for startAsFollower
2019-11-07 17:31:17,739 [pool-68-thread-1] INFO  server.RaftServerConfigKeys (ConfUtils.java:logGet(43)) - raft.server.rpc.timeout.min = 5s (custom)
2019-11-07 17:31:17,739 [pool-98-thread-1] INFO  impl.RoleInfo (RoleInfo.java:updateAndGet(143)) - 99ce3c13-320b-4021-9cf6-199dd0bed684: start FollowerState
2019-11-07 17:31:17,739 [pool-68-thread-1] INFO  server.RaftServerConfigKeys (ConfUtils.java:logGet(43)) - raft.server.rpc.timeout.max = 5200ms (custom)
2019-11-07 17:31:17,740 [pool-68-thread-1] INFO  server.RaftServerConfigKeys (ConfUtils.java:logGet(43)) - raft.server.rpcslowness.timeout = 120s (custom)
2019-11-07 17:31:17,740 [pool-68-thread-1] INFO  server.RaftServerConfigKeys (ConfUtils.java:logGet(43)) - raft.server.sleep.deviation.threshold = 300 (default)
2019-11-07 17:31:17,740 [pool-98-thread-1] INFO  util.JmxRegister (JmxRegister.java:tryRegister(44)) - Successfully registered JMX Bean with object name Ratis:service=RaftServer,group=group-C919B7E91E8E,id=99ce3c13-320b-4021-9cf6-199dd0bed684
2019-11-07 17:31:17,740 [pool-68-thread-1] INFO  server.RaftServerConfigKeys (ConfUtils.java:logGet(43)) - raft.server.log.appender.install.snapshot.enabled = false (custom)
2019-11-07 17:31:17,740 [pool-98-thread-1] WARN  impl.MetricRegistriesImpl (MetricRegistriesImpl.java:lambda$create$1(61)) - First MetricRegistry has been created without registering reporters. You may need to call MetricRegistries.global().addReportRegistration(...) before.
2019-11-07 17:31:17,740 [pool-68-thread-1] INFO  impl.RaftServerImpl (ServerState.java:<init>(103)) - 9ff4eedc-7f18-41aa-b959-bed1611f05ce@group-C919B7E91E8E: ConfigurationManager, init=-1: [99ce3c13-320b-4021-9cf6-199dd0bed684:192.168.69.106:34308, cdd73ee1-0650-4948-a59d-6a4aac960b6a:192.168.69.106:35716, 9ff4eedc-7f18-41aa-b959-bed1611f05ce:192.168.69.106:37715], old=null, confs=<EMPTY_MAP>
2019-11-07 17:31:17,741 [pool-68-thread-1] INFO  server.RaftServerConfigKeys (ConfUtils.java:logGet(43)) - raft.server.storage.dir = [/workdir/hadoop-ozone/ozonefs/target/test-dir/MiniOzoneClusterImpl-b77e69ac-8790-49d6-a70a-8834af103527/datanode-4/data/ratis] (custom)
2019-11-07 17:31:17,741 [pool-68-thread-1] INFO  server.RaftServerConfigKeys (ConfUtils.java:logGet(43)) - raft.server.log.corruption.policy = EXCEPTION (default)
2019-11-07 17:31:17,741 [pool-68-thread-1] INFO  storage.RaftStorageDirectory (RaftStorageDirectory.java:analyzeStorage(246)) - The storage directory /workdir/hadoop-ozone/ozonefs/target/test-dir/MiniOzoneClusterImpl-b77e69ac-8790-49d6-a70a-8834af103527/datanode-4/data/ratis/86e518b9-371e-44aa-a44b-c919b7e91e8e does not exist. Creating ...
2019-11-07 17:31:17,782 [pool-68-thread-1] INFO  storage.RaftStorageDirectory (RaftStorageDirectory.java:tryLock(328)) - Lock on /workdir/hadoop-ozone/ozonefs/target/test-dir/MiniOzoneClusterImpl-b77e69ac-8790-49d6-a70a-8834af103527/datanode-4/data/ratis/86e518b9-371e-44aa-a44b-c919b7e91e8e/in_use.lock acquired by nodename 596@pr-hdds-2329-pipelines-wl5p8-3511966945
2019-11-07 17:31:19,249 [0fd77a9b-72d8-4821-b20f-db546d0e4c68@group-D5631FD86E68-SegmentedRaftLogWorker] INFO  segmented.SegmentedRaftLogWorker (SegmentedRaftLogWorker.java:execute(576)) - 0fd77a9b-72d8-4821-b20f-db546d0e4c68@group-D5631FD86E68-SegmentedRaftLogWorker: created new log segment /workdir/hadoop-ozone/ozonefs/target/test-dir/MiniOzoneClusterImpl-b77e69ac-8790-49d6-a70a-8834af103527/datanode-0/data/ratis/8b079bfd-c798-4533-8c4d-d5631fd86e68/current/log_inprogress_0
2019-11-07 17:31:19,249 [pool-68-thread-1] INFO  storage.RaftStorage (RaftStorage.java:format(84)) - Storage directory /workdir/hadoop-ozone/ozonefs/target/test-dir/MiniOzoneClusterImpl-b77e69ac-8790-49d6-a70a-8834af103527/datanode-4/data/ratis/86e518b9-371e-44aa-a44b-c919b7e91e8e has been successfully formatted.
2019-11-07 17:31:19,254 [pool-68-thread-1] INFO  ratis.ContainerStateMachine (ContainerStateMachine.java:loadSnapshot(231)) - group-C919B7E91E8E: The snapshot info is null. Setting the last applied indexto:(t:0, i:~)
2019-11-07 17:31:19,254 [pool-68-thread-1] INFO  server.RaftServerConfigKeys (ConfUtils.java:logGet(43)) - raft.server.notification.no-leader.timeout = 120s (custom)
2019-11-07 17:31:19,255 [pool-68-thread-1] INFO  server.RaftServerConfigKeys (ConfUtils.java:logGet(43)) - raft.server.log.use.memory = false (default)
2019-11-07 17:31:19,255 [pool-68-thread-1] INFO  server.RaftServerConfigKeys (ConfUtils.java:logGet(43)) - raft.server.log.purge.gap = 1000000 (custom)
2019-11-07 17:31:19,255 [pool-68-thread-1] INFO  server.RaftServerConfigKeys (ConfUtils.java:logGet(43)) - raft.server.log.appender.buffer.byte-limit = 33554432 (custom)
2019-11-07 17:31:19,255 [pool-68-thread-1] INFO  server.RaftServerConfigKeys (ConfUtils.java:logGet(43)) - raft.server.log.segment.size.max = 1048576 (custom)
2019-11-07 17:31:19,255 [pool-68-thread-1] INFO  server.RaftServerConfigKeys (ConfUtils.java:logGet(43)) - raft.server.log.segment.cache.num.max = 2 (custom)
2019-11-07 17:31:19,256 [pool-68-thread-1] INFO  segmented.SegmentedRaftLogWorker (SegmentedRaftLogWorker.java:<init>(173)) - new 9ff4eedc-7f18-41aa-b959-bed1611f05ce@group-C919B7E91E8E-SegmentedRaftLogWorker for RaftStorage:Storage Directory /workdir/hadoop-ozone/ozonefs/target/test-dir/MiniOzoneClusterImpl-b77e69ac-8790-49d6-a70a-8834af103527/datanode-4/data/ratis/86e518b9-371e-44aa-a44b-c919b7e91e8e
2019-11-07 17:31:19,256 [pool-68-thread-1] INFO  server.RaftServerConfigKeys (ConfUtils.java:logGet(43)) - raft.server.log.queue.byte-limit = 2147483647 (custom)
2019-11-07 17:31:19,256 [pool-68-thread-1] INFO  server.RaftServerConfigKeys (ConfUtils.java:logGet(43)) - raft.server.log.queue.element-limit = 1024 (custom)
2019-11-07 17:31:19,256 [pool-68-thread-1] INFO  server.RaftServerConfigKeys (ConfUtils.java:logGet(43)) - raft.server.log.segment.size.max = 1048576 (custom)
2019-11-07 17:31:19,256 [pool-68-thread-1] INFO  server.RaftServerConfigKeys (ConfUtils.java:logGet(43)) - raft.server.log.preallocated.size = 16384 (custom)
2019-11-07 17:31:19,256 [pool-68-thread-1] INFO  server.RaftServerConfigKeys (ConfUtils.java:logGet(43)) - raft.server.log.write.buffer.size = 33554432 (custom)
2019-11-07 17:31:19,257 [pool-68-thread-1] INFO  server.RaftServerConfigKeys (ConfUtils.java:logGet(43)) - raft.server.log.force.sync.num = 128 (default)
2019-11-07 17:31:19,257 [pool-68-thread-1] INFO  server.RaftServerConfigKeys (ConfUtils.java:logGet(43)) - raft.server.log.statemachine.data.sync = true (default)
2019-11-07 17:31:19,257 [pool-68-thread-1] INFO  server.RaftServerConfigKeys (ConfUtils.java:logGet(43)) - raft.server.log.statemachine.data.sync.timeout = 10s (default)
2019-11-07 17:31:19,257 [pool-68-thread-1] INFO  server.RaftServerConfigKeys (ConfUtils.java:logGet(43)) - raft.server.log.statemachine.data.sync.timeout.retry = -1 (default)
2019-11-07 17:31:19,257 [pool-68-thread-1] INFO  server.RaftServerConfigKeys (ConfUtils.java:logGet(43)) - raft.server.log.statemachine.data.caching.enabled = true (custom)
2019-11-07 17:31:19,258 [pool-68-thread-1] INFO  segmented.SegmentedRaftLogWorker (SegmentedRaftLogWorker.java:lambda$new$0(128)) - 9ff4eedc-7f18-41aa-b959-bed1611f05ce@group-C919B7E91E8E-SegmentedRaftLogWorker: flushIndex: setUnconditionally 0 -> -1
2019-11-07 17:31:19,258 [pool-68-thread-1] INFO  server.RaftServerConfigKeys (ConfUtils.java:logGet(43)) - raft.server.snapshot.auto.trigger.enabled = true (custom)
2019-11-07 17:31:19,258 [pool-68-thread-1] INFO  server.RaftServerConfigKeys (ConfUtils.java:logGet(43)) - raft.server.snapshot.auto.trigger.threshold = 10000 (custom)
2019-11-07 17:31:19,259 [pool-68-thread-1] INFO  server.RaftServerConfigKeys (ConfUtils.java:logGet(43)) - raft.server.snapshot.retention.file.num = 5 (custom)
2019-11-07 17:31:19,259 [pool-68-thread-1] INFO  server.RaftServerConfigKeys (ConfUtils.java:logGet(43)) - raft.server.retrycache.expirytime = 600000ms (custom)
2019-11-07 17:31:19,259 [pool-68-thread-1] WARN  impl.MetricRegistriesImpl (MetricRegistriesImpl.java:lambda$create$1(61)) - First MetricRegistry has been created without registering reporters. You may need to call MetricRegistries.global().addReportRegistration(...) before.
2019-11-07 17:31:19,259 [pool-68-thread-1] WARN  impl.MetricRegistriesImpl (MetricRegistriesImpl.java:lambda$create$1(61)) - First MetricRegistry has been created without registering reporters. You may need to call MetricRegistries.global().addReportRegistration(...) before.
2019-11-07 17:31:19,260 [pool-68-thread-1] INFO  impl.RaftServerImpl (RaftServerImpl.java:start(184)) - 9ff4eedc-7f18-41aa-b959-bed1611f05ce@group-0E1B11F8B29B: start as a follower, conf=-1: [99ce3c13-320b-4021-9cf6-199dd0bed684:192.168.69.106:34308, cdd73ee1-0650-4948-a59d-6a4aac960b6a:192.168.69.106:35716, 9ff4eedc-7f18-41aa-b959-bed1611f05ce:192.168.69.106:37715], old=null
2019-11-07 17:31:19,260 [pool-68-thread-1] INFO  impl.RaftServerImpl (RaftServerImpl.java:setRole(173)) - 9ff4eedc-7f18-41aa-b959-bed1611f05ce@group-0E1B11F8B29B: changes role from      null to FOLLOWER at term 0 for startAsFollower
2019-11-07 17:31:19,260 [pool-68-thread-1] INFO  impl.RoleInfo (RoleInfo.java:updateAndGet(143)) - 9ff4eedc-7f18-41aa-b959-bed1611f05ce: start FollowerState
2019-11-07 17:31:19,261 [pool-68-thread-1] INFO  util.JmxRegister (JmxRegister.java:tryRegister(44)) - Successfully registered JMX Bean with object name Ratis:service=RaftServer,group=group-0E1B11F8B29B,id=9ff4eedc-7f18-41aa-b959-bed1611f05ce
2019-11-07 17:31:19,261 [pool-68-thread-1] WARN  impl.MetricRegistriesImpl (MetricRegistriesImpl.java:lambda$create$1(61)) - First MetricRegistry has been created without registering reporters. You may need to call MetricRegistries.global().addReportRegistration(...) before.
2019-11-07 17:31:19,261 [pool-68-thread-1] INFO  impl.RaftServerImpl (RaftServerImpl.java:start(184)) - 9ff4eedc-7f18-41aa-b959-bed1611f05ce@group-B6284FCF1727: start as a follower, conf=-1: [9ff4eedc-7f18-41aa-b959-bed1611f05ce:192.168.69.106:37715], old=null
2019-11-07 17:31:19,262 [pool-68-thread-1] INFO  impl.RaftServerImpl (RaftServerImpl.java:setRole(173)) - 9ff4eedc-7f18-41aa-b959-bed1611f05ce@group-B6284FCF1727: changes role from      null to FOLLOWER at term 0 for startAsFollower
2019-11-07 17:31:19,262 [pool-68-thread-1] INFO  impl.RoleInfo (RoleInfo.java:updateAndGet(143)) - 9ff4eedc-7f18-41aa-b959-bed1611f05ce: start FollowerState
2019-11-07 17:31:19,262 [pool-68-thread-1] INFO  util.JmxRegister (JmxRegister.java:tryRegister(44)) - Successfully registered JMX Bean with object name Ratis:service=RaftServer,group=group-B6284FCF1727,id=9ff4eedc-7f18-41aa-b959-bed1611f05ce
2019-11-07 17:31:19,262 [pool-68-thread-1] WARN  impl.MetricRegistriesImpl (MetricRegistriesImpl.java:lambda$create$1(61)) - First MetricRegistry has been created without registering reporters. You may need to call MetricRegistries.global().addReportRegistration(...) before.
2019-11-07 17:31:19,263 [pool-68-thread-1] INFO  impl.RaftServerImpl (RaftServerImpl.java:start(184)) - 9ff4eedc-7f18-41aa-b959-bed1611f05ce@group-C919B7E91E8E: start as a follower, conf=-1: [99ce3c13-320b-4021-9cf6-199dd0bed684:192.168.69.106:34308, cdd73ee1-0650-4948-a59d-6a4aac960b6a:192.168.69.106:35716, 9ff4eedc-7f18-41aa-b959-bed1611f05ce:192.168.69.106:37715], old=null
2019-11-07 17:31:19,263 [pool-68-thread-1] INFO  impl.RaftServerImpl (RaftServerImpl.java:setRole(173)) - 9ff4eedc-7f18-41aa-b959-bed1611f05ce@group-C919B7E91E8E: changes role from      null to FOLLOWER at term 0 for startAsFollower
2019-11-07 17:31:19,264 [pool-68-thread-1] INFO  impl.RoleInfo (RoleInfo.java:updateAndGet(143)) - 9ff4eedc-7f18-41aa-b959-bed1611f05ce: start FollowerState
2019-11-07 17:31:19,264 [pool-68-thread-1] INFO  util.JmxRegister (JmxRegister.java:tryRegister(44)) - Successfully registered JMX Bean with object name Ratis:service=RaftServer,group=group-C919B7E91E8E,id=9ff4eedc-7f18-41aa-b959-bed1611f05ce
2019-11-07 17:31:19,264 [pool-68-thread-1] WARN  impl.MetricRegistriesImpl (MetricRegistriesImpl.java:lambda$create$1(61)) - First MetricRegistry has been created without registering reporters. You may need to call MetricRegistries.global().addReportRegistration(...) before.
2019-11-07 17:31:19,383 [IPC Server handler 18 on 37702] INFO  server.SCMBlockProtocolServer (SCMBlockProtocolServer.java:allocateBlock(179)) - Allocating 1 blocks of size 4194304, with ExcludeList {datanodes = [], containerIds = [], pipelineIds = []}
2019-11-07 17:31:19,437 [grpc-default-executor-0] INFO  impl.RaftServerProxy (RaftServerProxy.java:addNew(89)) - 9ff4eedc-7f18-41aa-b959-bed1611f05ce: addNew group-BE641617BA9C:[99ce3c13-320b-4021-9cf6-199dd0bed684:192.168.69.106:34308, cdd73ee1-0650-4948-a59d-6a4aac960b6a:192.168.69.106:35716, 9ff4eedc-7f18-41aa-b959-bed1611f05ce:192.168.69.106:37715] returns group-BE641617BA9C:java.util.concurrent.CompletableFuture@491b7b32[Not completed]
2019-11-07 17:31:19,437 [grpc-default-executor-3] INFO  impl.RaftServerProxy (RaftServerProxy.java:addNew(89)) - 99ce3c13-320b-4021-9cf6-199dd0bed684: addNew group-BE641617BA9C:[99ce3c13-320b-4021-9cf6-199dd0bed684:192.168.69.106:34308, cdd73ee1-0650-4948-a59d-6a4aac960b6a:192.168.69.106:35716, 9ff4eedc-7f18-41aa-b959-bed1611f05ce:192.168.69.106:37715] returns group-BE641617BA9C:java.util.concurrent.CompletableFuture@2c6811d2[Not completed]
2019-11-07 17:31:19,438 [grpc-default-executor-1] INFO  impl.RaftServerProxy (RaftServerProxy.java:addNew(89)) - cdd73ee1-0650-4948-a59d-6a4aac960b6a: addNew group-BE641617BA9C:[99ce3c13-320b-4021-9cf6-199dd0bed684:192.168.69.106:34308, cdd73ee1-0650-4948-a59d-6a4aac960b6a:192.168.69.106:35716, 9ff4eedc-7f18-41aa-b959-bed1611f05ce:192.168.69.106:37715] returns group-BE641617BA9C:java.util.concurrent.CompletableFuture@728a9dc1[Not completed]
2019-11-07 17:31:19,440 [pool-68-thread-1] INFO  impl.RaftServerImpl (RaftServerImpl.java:<init>(98)) - 9ff4eedc-7f18-41aa-b959-bed1611f05ce: new RaftServerImpl for group-BE641617BA9C:[99ce3c13-320b-4021-9cf6-199dd0bed684:192.168.69.106:34308, cdd73ee1-0650-4948-a59d-6a4aac960b6a:192.168.69.106:35716, 9ff4eedc-7f18-41aa-b959-bed1611f05ce:192.168.69.106:37715] with ContainerStateMachine:uninitialized
2019-11-07 17:31:19,440 [pool-68-thread-1] INFO  server.RaftServerConfigKeys (ConfUtils.java:logGet(43)) - raft.server.rpc.timeout.min = 5s (custom)
2019-11-07 17:31:19,440 [pool-68-thread-1] INFO  server.RaftServerConfigKeys (ConfUtils.java:logGet(43)) - raft.server.rpc.timeout.max = 5200ms (custom)
2019-11-07 17:31:19,441 [pool-68-thread-1] INFO  server.RaftServerConfigKeys (ConfUtils.java:logGet(43)) - raft.server.rpcslowness.timeout = 120s (custom)
2019-11-07 17:31:19,441 [pool-68-thread-1] INFO  server.RaftServerConfigKeys (ConfUtils.java:logGet(43)) - raft.server.sleep.deviation.threshold = 300 (default)
2019-11-07 17:31:19,441 [pool-48-thread-1] INFO  impl.RaftServerImpl (RaftServerImpl.java:<init>(98)) - cdd73ee1-0650-4948-a59d-6a4aac960b6a: new RaftServerImpl for group-BE641617BA9C:[99ce3c13-320b-4021-9cf6-199dd0bed684:192.168.69.106:34308, cdd73ee1-0650-4948-a59d-6a4aac960b6a:192.168.69.106:35716, 9ff4eedc-7f18-41aa-b959-bed1611f05ce:192.168.69.106:37715] with ContainerStateMachine:uninitialized
2019-11-07 17:31:19,441 [pool-68-thread-1] INFO  server.RaftServerConfigKeys (ConfUtils.java:logGet(43)) - raft.server.log.appender.install.snapshot.enabled = false (custom)
2019-11-07 17:31:19,441 [pool-48-thread-1] INFO  server.RaftServerConfigKeys (ConfUtils.java:logGet(43)) - raft.server.rpc.timeout.min = 5s (custom)
2019-11-07 17:31:19,441 [pool-68-thread-1] INFO  impl.RaftServerImpl (ServerState.java:<init>(103)) - 9ff4eedc-7f18-41aa-b959-bed1611f05ce@group-BE641617BA9C: ConfigurationManager, init=-1: [99ce3c13-320b-4021-9cf6-199dd0bed684:192.168.69.106:34308, cdd73ee1-0650-4948-a59d-6a4aac960b6a:192.168.69.106:35716, 9ff4eedc-7f18-41aa-b959-bed1611f05ce:192.168.69.106:37715], old=null, confs=<EMPTY_MAP>
2019-11-07 17:31:19,441 [pool-48-thread-1] INFO  server.RaftServerConfigKeys (ConfUtils.java:logGet(43)) - raft.server.rpc.timeout.max = 5200ms (custom)
2019-11-07 17:31:19,442 [pool-68-thread-1] INFO  server.RaftServerConfigKeys (ConfUtils.java:logGet(43)) - raft.server.storage.dir = [/workdir/hadoop-ozone/ozonefs/target/test-dir/MiniOzoneClusterImpl-b77e69ac-8790-49d6-a70a-8834af103527/datanode-4/data/ratis] (custom)
2019-11-07 17:31:19,442 [pool-48-thread-1] INFO  server.RaftServerConfigKeys (ConfUtils.java:logGet(43)) - raft.server.rpcslowness.timeout = 120s (custom)
2019-11-07 17:31:19,442 [pool-98-thread-1] INFO  impl.RaftServerImpl (RaftServerImpl.java:<init>(98)) - 99ce3c13-320b-4021-9cf6-199dd0bed684: new RaftServerImpl for group-BE641617BA9C:[99ce3c13-320b-4021-9cf6-199dd0bed684:192.168.69.106:34308, cdd73ee1-0650-4948-a59d-6a4aac960b6a:192.168.69.106:35716, 9ff4eedc-7f18-41aa-b959-bed1611f05ce:192.168.69.106:37715] with ContainerStateMachine:uninitialized
2019-11-07 17:31:19,442 [pool-48-thread-1] INFO  server.RaftServerConfigKeys (ConfUtils.java:logGet(43)) - raft.server.sleep.deviation.threshold = 300 (default)
2019-11-07 17:31:19,442 [pool-98-thread-1] INFO  server.RaftServerConfigKeys (ConfUtils.java:logGet(43)) - raft.server.rpc.timeout.min = 5s (custom)
2019-11-07 17:31:19,442 [pool-68-thread-1] INFO  server.RaftServerConfigKeys (ConfUtils.java:logGet(43)) - raft.server.log.corruption.policy = EXCEPTION (default)
2019-11-07 17:31:19,442 [pool-98-thread-1] INFO  server.RaftServerConfigKeys (ConfUtils.java:logGet(43)) - raft.server.rpc.timeout.max = 5200ms (custom)
2019-11-07 17:31:19,442 [pool-48-thread-1] INFO  server.RaftServerConfigKeys (ConfUtils.java:logGet(43)) - raft.server.log.appender.install.snapshot.enabled = false (custom)
2019-11-07 17:31:19,443 [pool-98-thread-1] INFO  server.RaftServerConfigKeys (ConfUtils.java:logGet(43)) - raft.server.rpcslowness.timeout = 120s (custom)
2019-11-07 17:31:19,443 [pool-68-thread-1] INFO  storage.RaftStorageDirectory (RaftStorageDirectory.java:analyzeStorage(246)) - The storage directory /workdir/hadoop-ozone/ozonefs/target/test-dir/MiniOzoneClusterImpl-b77e69ac-8790-49d6-a70a-8834af103527/datanode-4/data/ratis/d1de10fa-f027-4149-b775-be641617ba9c does not exist. Creating ...
2019-11-07 17:31:19,443 [pool-98-thread-1] INFO  server.RaftServerConfigKeys (ConfUtils.java:logGet(43)) - raft.server.sleep.deviation.threshold = 300 (default)
2019-11-07 17:31:19,443 [pool-48-thread-1] INFO  impl.RaftServerImpl (ServerState.java:<init>(103)) - cdd73ee1-0650-4948-a59d-6a4aac960b6a@group-BE641617BA9C: ConfigurationManager, init=-1: [99ce3c13-320b-4021-9cf6-199dd0bed684:192.168.69.106:34308, cdd73ee1-0650-4948-a59d-6a4aac960b6a:192.168.69.106:35716, 9ff4eedc-7f18-41aa-b959-bed1611f05ce:192.168.69.106:37715], old=null, confs=<EMPTY_MAP>
2019-11-07 17:31:19,443 [pool-98-thread-1] INFO  server.RaftServerConfigKeys (ConfUtils.java:logGet(43)) - raft.server.log.appender.install.snapshot.enabled = false (custom)
2019-11-07 17:31:19,443 [pool-48-thread-1] INFO  server.RaftServerConfigKeys (ConfUtils.java:logGet(43)) - raft.server.storage.dir = [/workdir/hadoop-ozone/ozonefs/target/test-dir/MiniOzoneClusterImpl-b77e69ac-8790-49d6-a70a-8834af103527/datanode-2/data/ratis] (custom)
2019-11-07 17:31:19,443 [pool-98-thread-1] INFO  impl.RaftServerImpl (ServerState.java:<init>(103)) - 99ce3c13-320b-4021-9cf6-199dd0bed684@group-BE641617BA9C: ConfigurationManager, init=-1: [99ce3c13-320b-4021-9cf6-199dd0bed684:192.168.69.106:34308, cdd73ee1-0650-4948-a59d-6a4aac960b6a:192.168.69.106:35716, 9ff4eedc-7f18-41aa-b959-bed1611f05ce:192.168.69.106:37715], old=null, confs=<EMPTY_MAP>
2019-11-07 17:31:19,444 [pool-98-thread-1] INFO  server.RaftServerConfigKeys (ConfUtils.java:logGet(43)) - raft.server.storage.dir = [/workdir/hadoop-ozone/ozonefs/target/test-dir/MiniOzoneClusterImpl-b77e69ac-8790-49d6-a70a-8834af103527/datanode-7/data/ratis] (custom)
2019-11-07 17:31:19,444 [pool-48-thread-1] INFO  server.RaftServerConfigKeys (ConfUtils.java:logGet(43)) - raft.server.log.corruption.policy = EXCEPTION (default)
2019-11-07 17:31:19,444 [pool-98-thread-1] INFO  server.RaftServerConfigKeys (ConfUtils.java:logGet(43)) - raft.server.log.corruption.policy = EXCEPTION (default)
2019-11-07 17:31:19,444 [pool-48-thread-1] INFO  storage.RaftStorageDirectory (RaftStorageDirectory.java:analyzeStorage(246)) - The storage directory /workdir/hadoop-ozone/ozonefs/target/test-dir/MiniOzoneClusterImpl-b77e69ac-8790-49d6-a70a-8834af103527/datanode-2/data/ratis/d1de10fa-f027-4149-b775-be641617ba9c does not exist. Creating ...
2019-11-07 17:31:19,444 [pool-98-thread-1] INFO  storage.RaftStorageDirectory (RaftStorageDirectory.java:analyzeStorage(246)) - The storage directory /workdir/hadoop-ozone/ozonefs/target/test-dir/MiniOzoneClusterImpl-b77e69ac-8790-49d6-a70a-8834af103527/datanode-7/data/ratis/d1de10fa-f027-4149-b775-be641617ba9c does not exist. Creating ...
2019-11-07 17:31:22,412 [RATISCREATEPIPELINE1] ERROR pipeline.RatisPipelineProvider (RatisPipelineProvider.java:lambda$null$5(237)) - Failed invoke Ratis rpc org.apache.hadoop.hdds.scm.pipeline.RatisPipelineProvider$$Lambda$196/1129820820@1f17e947 for 99ce3c13-320b-4021-9cf6-199dd0bed684
org.apache.ratis.protocol.TimeoutIOException: deadline exceeded after 2999701363ns
	at org.apache.ratis.grpc.GrpcUtil.tryUnwrapException(GrpcUtil.java:82)
	at org.apache.ratis.grpc.GrpcUtil.unwrapException(GrpcUtil.java:75)
	at org.apache.ratis.grpc.client.GrpcClientProtocolClient.blockingCall(GrpcClientProtocolClient.java:184)
	at org.apache.ratis.grpc.client.GrpcClientProtocolClient.groupAdd(GrpcClientProtocolClient.java:153)
	at org.apache.ratis.grpc.client.GrpcClientRpc.sendRequest(GrpcClientRpc.java:94)
	at org.apache.ratis.client.impl.RaftClientImpl.sendRequest(RaftClientImpl.java:278)
	at org.apache.ratis.client.impl.RaftClientImpl.groupAdd(RaftClientImpl.java:205)
	at org.apache.hadoop.hdds.scm.pipeline.RatisPipelineProvider.lambda$initializePipeline$4(RatisPipelineProvider.java:198)
	at org.apache.hadoop.hdds.scm.pipeline.RatisPipelineProvider.lambda$null$5(RatisPipelineProvider.java:233)
	at java.util.stream.ForEachOps$ForEachOp$OfRef.accept(ForEachOps.java:183)
	at java.util.ArrayList$ArrayListSpliterator.forEachRemaining(ArrayList.java:1382)
	at java.util.stream.AbstractPipeline.copyInto(AbstractPipeline.java:482)
	at java.util.stream.ForEachOps$ForEachTask.compute(ForEachOps.java:290)
	at java.util.concurrent.CountedCompleter.exec(CountedCompleter.java:731)
	at java.util.concurrent.ForkJoinTask.doExec(ForkJoinTask.java:289)
	at java.util.concurrent.ForkJoinPool$WorkQueue.runTask(ForkJoinPool.java:1056)
	at java.util.concurrent.ForkJoinPool.runWorker(ForkJoinPool.java:1692)
	at java.util.concurrent.ForkJoinWorkerThread.run(ForkJoinWorkerThread.java:157)
Caused by: org.apache.ratis.thirdparty.io.grpc.StatusRuntimeException: DEADLINE_EXCEEDED: deadline exceeded after 2999701363ns
	at org.apache.ratis.thirdparty.io.grpc.stub.ClientCalls.toStatusRuntimeException(ClientCalls.java:233)
	at org.apache.ratis.thirdparty.io.grpc.stub.ClientCalls.getUnchecked(ClientCalls.java:214)
	at org.apache.ratis.thirdparty.io.grpc.stub.ClientCalls.blockingUnaryCall(ClientCalls.java:139)
	at org.apache.ratis.proto.grpc.AdminProtocolServiceGrpc$AdminProtocolServiceBlockingStub.groupManagement(AdminProtocolServiceGrpc.java:274)
	at org.apache.ratis.grpc.client.GrpcClientProtocolClient.lambda$groupAdd$3(GrpcClientProtocolClient.java:155)
	at org.apache.ratis.grpc.client.GrpcClientProtocolClient.blockingCall(GrpcClientProtocolClient.java:182)
	... 15 more
2019-11-07 17:31:22,412 [RATISCREATEPIPELINE0] ERROR pipeline.RatisPipelineProvider (RatisPipelineProvider.java:lambda$null$5(237)) - Failed invoke Ratis rpc org.apache.hadoop.hdds.scm.pipeline.RatisPipelineProvider$$Lambda$196/1129820820@1f17e947 for 9ff4eedc-7f18-41aa-b959-bed1611f05ce
org.apache.ratis.protocol.TimeoutIOException: deadline exceeded after 2999664470ns
	at org.apache.ratis.grpc.GrpcUtil.tryUnwrapException(GrpcUtil.java:82)
	at org.apache.ratis.grpc.GrpcUtil.unwrapException(GrpcUtil.java:75)
	at org.apache.ratis.grpc.client.GrpcClientProtocolClient.blockingCall(GrpcClientProtocolClient.java:184)
	at org.apache.ratis.grpc.client.GrpcClientProtocolClient.groupAdd(GrpcClientProtocolClient.java:153)
	at org.apache.ratis.grpc.client.GrpcClientRpc.sendRequest(GrpcClientRpc.java:94)
	at org.apache.ratis.client.impl.RaftClientImpl.sendRequest(RaftClientImpl.java:278)
	at org.apache.ratis.client.impl.RaftClientImpl.groupAdd(RaftClientImpl.java:205)
	at org.apache.hadoop.hdds.scm.pipeline.RatisPipelineProvider.lambda$initializePipeline$4(RatisPipelineProvider.java:198)
	at org.apache.hadoop.hdds.scm.pipeline.RatisPipelineProvider.lambda$null$5(RatisPipelineProvider.java:233)
	at java.util.stream.ForEachOps$ForEachOp$OfRef.accept(ForEachOps.java:183)
	at java.util.ArrayList$ArrayListSpliterator.forEachRemaining(ArrayList.java:1382)
	at java.util.stream.AbstractPipeline.copyInto(AbstractPipeline.java:482)
	at java.util.stream.ForEachOps$ForEachTask.compute(ForEachOps.java:290)
	at java.util.concurrent.CountedCompleter.exec(CountedCompleter.java:731)
	at java.util.concurrent.ForkJoinTask.doExec(ForkJoinTask.java:289)
	at java.util.concurrent.ForkJoinPool$WorkQueue.runTask(ForkJoinPool.java:1056)
	at java.util.concurrent.ForkJoinPool.runWorker(ForkJoinPool.java:1692)
	at java.util.concurrent.ForkJoinWorkerThread.run(ForkJoinWorkerThread.java:157)
Caused by: org.apache.ratis.thirdparty.io.grpc.StatusRuntimeException: DEADLINE_EXCEEDED: deadline exceeded after 2999664470ns
	at org.apache.ratis.thirdparty.io.grpc.stub.ClientCalls.toStatusRuntimeException(ClientCalls.java:233)
	at org.apache.ratis.thirdparty.io.grpc.stub.ClientCalls.getUnchecked(ClientCalls.java:214)
	at org.apache.ratis.thirdparty.io.grpc.stub.ClientCalls.blockingUnaryCall(ClientCalls.java:139)
	at org.apache.ratis.proto.grpc.AdminProtocolServiceGrpc$AdminProtocolServiceBlockingStub.groupManagement(AdminProtocolServiceGrpc.java:274)
	at org.apache.ratis.grpc.client.GrpcClientProtocolClient.lambda$groupAdd$3(GrpcClientProtocolClient.java:155)
	at org.apache.ratis.grpc.client.GrpcClientProtocolClient.blockingCall(GrpcClientProtocolClient.java:182)
	... 15 more
2019-11-07 17:31:22,412 [RATISCREATEPIPELINE2] ERROR pipeline.RatisPipelineProvider (RatisPipelineProvider.java:lambda$null$5(237)) - Failed invoke Ratis rpc org.apache.hadoop.hdds.scm.pipeline.RatisPipelineProvider$$Lambda$196/1129820820@1f17e947 for cdd73ee1-0650-4948-a59d-6a4aac960b6a
org.apache.ratis.protocol.TimeoutIOException: deadline exceeded after 2998293317ns
	at org.apache.ratis.grpc.GrpcUtil.tryUnwrapException(GrpcUtil.java:82)
	at org.apache.ratis.grpc.GrpcUtil.unwrapException(GrpcUtil.java:75)
	at org.apache.ratis.grpc.client.GrpcClientProtocolClient.blockingCall(GrpcClientProtocolClient.java:184)
	at org.apache.ratis.grpc.client.GrpcClientProtocolClient.groupAdd(GrpcClientProtocolClient.java:153)
	at org.apache.ratis.grpc.client.GrpcClientRpc.sendRequest(GrpcClientRpc.java:94)
	at org.apache.ratis.client.impl.RaftClientImpl.sendRequest(RaftClientImpl.java:278)
	at org.apache.ratis.client.impl.RaftClientImpl.groupAdd(RaftClientImpl.java:205)
	at org.apache.hadoop.hdds.scm.pipeline.RatisPipelineProvider.lambda$initializePipeline$4(RatisPipelineProvider.java:198)
	at org.apache.hadoop.hdds.scm.pipeline.RatisPipelineProvider.lambda$null$5(RatisPipelineProvider.java:233)
	at java.util.stream.ForEachOps$ForEachOp$OfRef.accept(ForEachOps.java:183)
	at java.util.ArrayList$ArrayListSpliterator.forEachRemaining(ArrayList.java:1382)
	at java.util.stream.AbstractPipeline.copyInto(AbstractPipeline.java:482)
	at java.util.stream.ForEachOps$ForEachTask.compute(ForEachOps.java:290)
	at java.util.concurrent.CountedCompleter.exec(CountedCompleter.java:731)
	at java.util.concurrent.ForkJoinTask.doExec(ForkJoinTask.java:289)
	at java.util.concurrent.ForkJoinTask.doInvoke(ForkJoinTask.java:401)
	at java.util.concurrent.ForkJoinTask.invoke(ForkJoinTask.java:734)
	at java.util.stream.ForEachOps$ForEachOp.evaluateParallel(ForEachOps.java:159)
	at java.util.stream.ForEachOps$ForEachOp$OfRef.evaluateParallel(ForEachOps.java:173)
	at java.util.stream.AbstractPipeline.evaluate(AbstractPipeline.java:233)
	at java.util.stream.ReferencePipeline.forEach(ReferencePipeline.java:485)
	at java.util.stream.ReferencePipeline$Head.forEach(ReferencePipeline.java:650)
	at org.apache.hadoop.hdds.scm.pipeline.RatisPipelineProvider.lambda$callRatisRpc$6(RatisPipelineProvider.java:227)
	at java.util.concurrent.ForkJoinTask$AdaptedRunnableAction.exec(ForkJoinTask.java:1386)
	at java.util.concurrent.ForkJoinTask.doExec(ForkJoinTask.java:289)
	at java.util.concurrent.ForkJoinPool$WorkQueue.runTask(ForkJoinPool.java:1056)
	at java.util.concurrent.ForkJoinPool.runWorker(ForkJoinPool.java:1692)
	at java.util.concurrent.ForkJoinWorkerThread.run(ForkJoinWorkerThread.java:157)
Caused by: org.apache.ratis.thirdparty.io.grpc.StatusRuntimeException: DEADLINE_EXCEEDED: deadline exceeded after 2998293317ns
	at org.apache.ratis.thirdparty.io.grpc.stub.ClientCalls.toStatusRuntimeException(ClientCalls.java:233)
	at org.apache.ratis.thirdparty.io.grpc.stub.ClientCalls.getUnchecked(ClientCalls.java:214)
	at org.apache.ratis.thirdparty.io.grpc.stub.ClientCalls.blockingUnaryCall(ClientCalls.java:139)
	at org.apache.ratis.proto.grpc.AdminProtocolServiceGrpc$AdminProtocolServiceBlockingStub.groupManagement(AdminProtocolServiceGrpc.java:274)
	at org.apache.ratis.grpc.client.GrpcClientProtocolClient.lambda$groupAdd$3(GrpcClientProtocolClient.java:155)
	at org.apache.ratis.grpc.client.GrpcClientProtocolClient.blockingCall(GrpcClientProtocolClient.java:182)
	... 25 more
2019-11-07 17:31:22,429 [IPC Server handler 18 on 37702] WARN  block.BlockManagerImpl (BlockManagerImpl.java:allocateBlock(200)) - Pipeline creation failed for type:RATIS factor:THREE. Retrying get pipelines call once.
org.apache.hadoop.io.MultipleIOException: 3 exceptions [java.io.IOException: Failed invoke Ratis rpc org.apache.hadoop.hdds.scm.pipeline.RatisPipelineProvider$$Lambda$196/1129820820@1f17e947 for 99ce3c13-320b-4021-9cf6-199dd0bed684, java.io.IOException: Failed invoke Ratis rpc org.apache.hadoop.hdds.scm.pipeline.RatisPipelineProvider$$Lambda$196/1129820820@1f17e947 for 9ff4eedc-7f18-41aa-b959-bed1611f05ce, java.io.IOException: Failed invoke Ratis rpc org.apache.hadoop.hdds.scm.pipeline.RatisPipelineProvider$$Lambda$196/1129820820@1f17e947 for cdd73ee1-0650-4948-a59d-6a4aac960b6a]
	at org.apache.hadoop.io.MultipleIOException.createIOException(MultipleIOException.java:53)
	at org.apache.hadoop.hdds.scm.pipeline.RatisPipelineProvider.callRatisRpc(RatisPipelineProvider.java:253)
	at org.apache.hadoop.hdds.scm.pipeline.RatisPipelineProvider.initializePipeline(RatisPipelineProvider.java:196)
	at org.apache.hadoop.hdds.scm.pipeline.RatisPipelineProvider.create(RatisPipelineProvider.java:163)
	at org.apache.hadoop.hdds.scm.pipeline.PipelineFactory.create(PipelineFactory.java:58)
	at org.apache.hadoop.hdds.scm.pipeline.SCMPipelineManager.createPipeline(SCMPipelineManager.java:155)
	at org.apache.hadoop.hdds.scm.block.BlockManagerImpl.allocateBlock(BlockManagerImpl.java:198)
	at org.apache.hadoop.hdds.scm.server.SCMBlockProtocolServer.allocateBlock(SCMBlockProtocolServer.java:184)
	at org.apache.hadoop.hdds.scm.protocol.ScmBlockLocationProtocolServerSideTranslatorPB.allocateScmBlock(ScmBlockLocationProtocolServerSideTranslatorPB.java:159)
	at org.apache.hadoop.hdds.scm.protocol.ScmBlockLocationProtocolServerSideTranslatorPB.processMessage(ScmBlockLocationProtocolServerSideTranslatorPB.java:117)
	at org.apache.hadoop.hdds.server.OzoneProtocolMessageDispatcher.processRequest(OzoneProtocolMessageDispatcher.java:72)
	at org.apache.hadoop.hdds.scm.protocol.ScmBlockLocationProtocolServerSideTranslatorPB.send(ScmBlockLocationProtocolServerSideTranslatorPB.java:98)
	at org.apache.hadoop.hdds.protocol.proto.ScmBlockLocationProtocolProtos$ScmBlockLocationProtocolService$2.callBlockingMethod(ScmBlockLocationProtocolProtos.java:13157)
	at org.apache.hadoop.ipc.ProtobufRpcEngine$Server$ProtoBufRpcInvoker.call(ProtobufRpcEngine.java:524)
	at org.apache.hadoop.ipc.RPC$Server.call(RPC.java:1025)
	at org.apache.hadoop.ipc.Server$RpcCall.run(Server.java:876)
	at org.apache.hadoop.ipc.Server$RpcCall.run(Server.java:822)
	at java.security.AccessController.doPrivileged(Native Method)
	at javax.security.auth.Subject.doAs(Subject.java:422)
	at org.apache.hadoop.security.UserGroupInformation.doAs(UserGroupInformation.java:1730)
	at org.apache.hadoop.ipc.Server$Handler.run(Server.java:2682)
2019-11-07 17:31:22,430 [IPC Server handler 18 on 37702] INFO  block.BlockManagerImpl (BlockManagerImpl.java:allocateBlock(212)) - Could not find available pipeline of type:RATIS and factor:THREE even after retrying
2019-11-07 17:31:22,430 [IPC Server handler 18 on 37702] ERROR block.BlockManagerImpl (BlockManagerImpl.java:allocateBlock(236)) - Unable to allocate a block for the size: 4194304, type: RATIS, factor: THREE
2019-11-07 17:31:22,439 [main] INFO  ozone.MiniOzoneClusterImpl (MiniOzoneClusterImpl.java:shutdown(314)) - Shutting down the Mini Ozone Cluster
2019-11-07 17:31:22,439 [main] INFO  ozone.MiniOzoneClusterImpl (MiniOzoneClusterImpl.java:stop(330)) - Stopping the Mini Ozone Cluster
2019-11-07 17:31:22,439 [main] INFO  ozone.MiniOzoneClusterImpl (MiniOzoneClusterImpl.java:stopOM(400)) - Stopping the OzoneManager
2019-11-07 17:31:22,439 [main] INFO  ipc.Server (Server.java:stop(3082)) - Stopping server on 45235
2019-11-07 17:31:22,456 [main] INFO  ratis.OzoneManagerDoubleBuffer (OzoneManagerDoubleBuffer.java:stop(255)) - Stopping OMDoubleBuffer flush thread
2019-11-07 17:31:22,458 [IPC Server listener on 45235] INFO  ipc.Server (Server.java:run(1185)) - Stopping IPC Server listener on 45235
2019-11-07 17:31:22,458 [IPC Server Responder] INFO  ipc.Server (Server.java:run(1319)) - Stopping IPC Server Responder
2019-11-07 17:31:22,458 [OMDoubleBufferFlushThread] INFO  ratis.OzoneManagerDoubleBuffer (OzoneManagerDoubleBuffer.java:flushTransactions(198)) - OMDoubleBuffer flush thread OMDoubleBufferFlushThread is interrupted and will exit. OMDoubleBufferFlushThread
2019-11-07 17:31:22,470 [main] INFO  utils.BackgroundService (BackgroundService.java:shutdown(151)) - Shutting down service KeyDeletingService
2019-11-07 17:31:22,482 [main] INFO  handler.ContextHandler (ContextHandler.java:doStop(910)) - Stopped o.e.j.w.WebAppContext@281f23f2{/,null,UNAVAILABLE}{/ozoneManager}
2019-11-07 17:31:22,488 [main] INFO  server.AbstractConnector (AbstractConnector.java:doStop(318)) - Stopped ServerConnector@87abc48{HTTP/1.1,[http/1.1]}{0.0.0.0:0}
2019-11-07 17:31:22,489 [main] INFO  handler.ContextHandler (ContextHandler.java:doStop(910)) - Stopped o.e.j.s.ServletContextHandler@78faea5f{/static,jar:file:/home/user/.m2/repository/org/apache/hadoop/hadoop-ozone-ozone-manager/0.5.0-SNAPSHOT/hadoop-ozone-ozone-manager-0.5.0-SNAPSHOT.jar!/webapps/static,UNAVAILABLE}
2019-11-07 17:31:22,489 [main] INFO  handler.ContextHandler (ContextHandler.java:doStop(910)) - Stopped o.e.j.s.ServletContextHandler@c27d163{/logs,file:///workdir/hadoop-ozone/ozonefs/target/log,UNAVAILABLE}
2019-11-07 17:31:22,494 [main] INFO  ozone.MiniOzoneClusterImpl (MiniOzoneClusterImpl.java:stopDatanodes(377)) - Stopping the HddsDatanodes
2019-11-07 17:31:22,749 [Thread-308] INFO  impl.FollowerState (FollowerState.java:run(111)) - 99ce3c13-320b-4021-9cf6-199dd0bed684@group-C919B7E91E8E-FollowerState: change to CANDIDATE, lastRpcTime:5009ms, electionTimeout:5009ms
2019-11-07 17:31:22,753 [Thread-308] INFO  impl.RoleInfo (RoleInfo.java:shutdownFollowerState(121)) - 99ce3c13-320b-4021-9cf6-199dd0bed684: shutdown FollowerState
2019-11-07 17:31:22,753 [Thread-308] INFO  impl.RaftServerImpl (RaftServerImpl.java:setRole(173)) - 99ce3c13-320b-4021-9cf6-199dd0bed684@group-C919B7E91E8E: changes role from  FOLLOWER to CANDIDATE at term 0 for changeToCandidate
2019-11-07 17:31:22,753 [Thread-308] INFO  impl.RoleInfo (RoleInfo.java:updateAndGet(143)) - 99ce3c13-320b-4021-9cf6-199dd0bed684: start LeaderElection
2019-11-07 17:31:22,818 [Thread-302] INFO  impl.FollowerState (FollowerState.java:run(111)) - cdd73ee1-0650-4948-a59d-6a4aac960b6a@group-0E1B11F8B29B-FollowerState: change to CANDIDATE, lastRpcTime:5085ms, electionTimeout:5085ms
2019-11-07 17:31:22,819 [Thread-302] INFO  impl.RoleInfo (RoleInfo.java:shutdownFollowerState(121)) - cdd73ee1-0650-4948-a59d-6a4aac960b6a: shutdown FollowerState
2019-11-07 17:31:22,819 [Thread-302] INFO  impl.RaftServerImpl (RaftServerImpl.java:setRole(173)) - cdd73ee1-0650-4948-a59d-6a4aac960b6a@group-0E1B11F8B29B: changes role from  FOLLOWER to CANDIDATE at term 0 for changeToCandidate
2019-11-07 17:31:22,819 [Thread-302] INFO  impl.RoleInfo (RoleInfo.java:updateAndGet(143)) - cdd73ee1-0650-4948-a59d-6a4aac960b6a: start LeaderElection
2019-11-07 17:31:22,877 [Thread-305] INFO  impl.FollowerState (FollowerState.java:run(111)) - cdd73ee1-0650-4948-a59d-6a4aac960b6a@group-C919B7E91E8E-FollowerState: change to CANDIDATE, lastRpcTime:5138ms, electionTimeout:5138ms
2019-11-07 17:31:22,877 [Thread-305] INFO  impl.RoleInfo (RoleInfo.java:shutdownFollowerState(121)) - cdd73ee1-0650-4948-a59d-6a4aac960b6a: shutdown FollowerState
2019-11-07 17:31:22,877 [Thread-305] INFO  impl.RaftServerImpl (RaftServerImpl.java:setRole(173)) - cdd73ee1-0650-4948-a59d-6a4aac960b6a@group-C919B7E91E8E: changes role from  FOLLOWER to CANDIDATE at term 0 for changeToCandidate
2019-11-07 17:31:22,877 [Thread-305] INFO  impl.RoleInfo (RoleInfo.java:updateAndGet(143)) - cdd73ee1-0650-4948-a59d-6a4aac960b6a: start LeaderElection
2019-11-07 17:31:22,900 [Thread-303] INFO  impl.FollowerState (FollowerState.java:run(111)) - 99ce3c13-320b-4021-9cf6-199dd0bed684@group-0E1B11F8B29B-FollowerState: change to CANDIDATE, lastRpcTime:5165ms, electionTimeout:5165ms
2019-11-07 17:31:22,900 [Thread-303] INFO  impl.RoleInfo (RoleInfo.java:shutdownFollowerState(121)) - 99ce3c13-320b-4021-9cf6-199dd0bed684: shutdown FollowerState
2019-11-07 17:31:22,900 [Thread-303] INFO  impl.RaftServerImpl (RaftServerImpl.java:setRole(173)) - 99ce3c13-320b-4021-9cf6-199dd0bed684@group-0E1B11F8B29B: changes role from  FOLLOWER to CANDIDATE at term 0 for changeToCandidate
2019-11-07 17:31:22,900 [Thread-303] INFO  impl.RoleInfo (RoleInfo.java:updateAndGet(143)) - 99ce3c13-320b-4021-9cf6-199dd0bed684: start LeaderElection
2019-11-07 17:31:23,250 [Datanode State Machine Thread - 0] INFO  statemachine.DatanodeStateMachine (DatanodeStateMachine.java:lambda$startDaemon$0(350)) - Ozone container server started.
2019-11-07 17:31:23,252 [Datanode State Machine Thread - 0] INFO  statemachine.DatanodeStateMachine (DatanodeStateMachine.java:lambda$startDaemon$0(350)) - Ozone container server started.
2019-11-07 17:31:23,273 [pool-48-thread-1] INFO  storage.RaftStorageDirectory (RaftStorageDirectory.java:tryLock(328)) - Lock on /workdir/hadoop-ozone/ozonefs/target/test-dir/MiniOzoneClusterImpl-b77e69ac-8790-49d6-a70a-8834af103527/datanode-2/data/ratis/d1de10fa-f027-4149-b775-be641617ba9c/in_use.lock acquired by nodename 596@pr-hdds-2329-pipelines-wl5p8-3511966945
2019-11-07 17:31:23,273 [pool-98-thread-1] INFO  storage.RaftStorageDirectory (RaftStorageDirectory.java:tryLock(328)) - Lock on /workdir/hadoop-ozone/ozonefs/target/test-dir/MiniOzoneClusterImpl-b77e69ac-8790-49d6-a70a-8834af103527/datanode-7/data/ratis/d1de10fa-f027-4149-b775-be641617ba9c/in_use.lock acquired by nodename 596@pr-hdds-2329-pipelines-wl5p8-3511966945
2019-11-07 17:31:23,273 [pool-68-thread-1] INFO  storage.RaftStorageDirectory (RaftStorageDirectory.java:tryLock(328)) - Lock on /workdir/hadoop-ozone/ozonefs/target/test-dir/MiniOzoneClusterImpl-b77e69ac-8790-49d6-a70a-8834af103527/datanode-4/data/ratis/d1de10fa-f027-4149-b775-be641617ba9c/in_use.lock acquired by nodename 596@pr-hdds-2329-pipelines-wl5p8-3511966945
2019-11-07 17:31:23,290 [99ce3c13-320b-4021-9cf6-199dd0bed684@group-C919B7E91E8E-LeaderElection2] INFO  impl.LeaderElection (LeaderElection.java:askForVotes(178)) - 99ce3c13-320b-4021-9cf6-199dd0bed684@group-C919B7E91E8E-LeaderElection2: begin an election at term 1 for -1: [99ce3c13-320b-4021-9cf6-199dd0bed684:192.168.69.106:34308, cdd73ee1-0650-4948-a59d-6a4aac960b6a:192.168.69.106:35716, 9ff4eedc-7f18-41aa-b959-bed1611f05ce:192.168.69.106:37715], old=null
2019-11-07 17:31:23,292 [99ce3c13-320b-4021-9cf6-199dd0bed684@group-0E1B11F8B29B-LeaderElection5] INFO  impl.LeaderElection (LeaderElection.java:askForVotes(178)) - 99ce3c13-320b-4021-9cf6-199dd0bed684@group-0E1B11F8B29B-LeaderElection5: begin an election at term 1 for -1: [99ce3c13-320b-4021-9cf6-199dd0bed684:192.168.69.106:34308, cdd73ee1-0650-4948-a59d-6a4aac960b6a:192.168.69.106:35716, 9ff4eedc-7f18-41aa-b959-bed1611f05ce:192.168.69.106:37715], old=null
2019-11-07 17:31:23,292 [cdd73ee1-0650-4948-a59d-6a4aac960b6a@group-0E1B11F8B29B-LeaderElection3] INFO  impl.LeaderElection (LeaderElection.java:askForVotes(178)) - cdd73ee1-0650-4948-a59d-6a4aac960b6a@group-0E1B11F8B29B-LeaderElection3: begin an election at term 1 for -1: [99ce3c13-320b-4021-9cf6-199dd0bed684:192.168.69.106:34308, cdd73ee1-0650-4948-a59d-6a4aac960b6a:192.168.69.106:35716, 9ff4eedc-7f18-41aa-b959-bed1611f05ce:192.168.69.106:37715], old=null
2019-11-07 17:31:23,290 [cdd73ee1-0650-4948-a59d-6a4aac960b6a@group-C919B7E91E8E-LeaderElection4] INFO  impl.LeaderElection (LeaderElection.java:askForVotes(178)) - cdd73ee1-0650-4948-a59d-6a4aac960b6a@group-C919B7E91E8E-LeaderElection4: begin an election at term 1 for -1: [99ce3c13-320b-4021-9cf6-199dd0bed684:192.168.69.106:34308, cdd73ee1-0650-4948-a59d-6a4aac960b6a:192.168.69.106:35716, 9ff4eedc-7f18-41aa-b959-bed1611f05ce:192.168.69.106:37715], old=null
2019-11-07 17:31:23,326 [pool-48-thread-1] INFO  storage.RaftStorage (RaftStorage.java:format(84)) - Storage directory /workdir/hadoop-ozone/ozonefs/target/test-dir/MiniOzoneClusterImpl-b77e69ac-8790-49d6-a70a-8834af103527/datanode-2/data/ratis/d1de10fa-f027-4149-b775-be641617ba9c has been successfully formatted.
2019-11-07 17:31:23,326 [pool-68-thread-1] INFO  storage.RaftStorage (RaftStorage.java:format(84)) - Storage directory /workdir/hadoop-ozone/ozonefs/target/test-dir/MiniOzoneClusterImpl-b77e69ac-8790-49d6-a70a-8834af103527/datanode-4/data/ratis/d1de10fa-f027-4149-b775-be641617ba9c has been successfully formatted.
2019-11-07 17:31:23,326 [pool-98-thread-1] INFO  storage.RaftStorage (RaftStorage.java:format(84)) - Storage directory /workdir/hadoop-ozone/ozonefs/target/test-dir/MiniOzoneClusterImpl-b77e69ac-8790-49d6-a70a-8834af103527/datanode-7/data/ratis/d1de10fa-f027-4149-b775-be641617ba9c has been successfully formatted.
2019-11-07 17:31:23,329 [pool-48-thread-1] INFO  ratis.ContainerStateMachine (ContainerStateMachine.java:loadSnapshot(231)) - group-BE641617BA9C: The snapshot info is null. Setting the last applied indexto:(t:0, i:~)
2019-11-07 17:31:23,329 [pool-68-thread-1] INFO  ratis.ContainerStateMachine (ContainerStateMachine.java:loadSnapshot(231)) - group-BE641617BA9C: The snapshot info is null. Setting the last applied indexto:(t:0, i:~)
2019-11-07 17:31:23,331 [pool-48-thread-1] INFO  server.RaftServerConfigKeys (ConfUtils.java:logGet(43)) - raft.server.notification.no-leader.timeout = 120s (custom)
2019-11-07 17:31:23,331 [pool-98-thread-1] INFO  ratis.ContainerStateMachine (ContainerStateMachine.java:loadSnapshot(231)) - group-BE641617BA9C: The snapshot info is null. Setting the last applied indexto:(t:0, i:~)
2019-11-07 17:31:23,331 [pool-48-thread-1] INFO  server.RaftServerConfigKeys (ConfUtils.java:logGet(43)) - raft.server.log.use.memory = false (default)
2019-11-07 17:31:23,331 [pool-68-thread-1] INFO  server.RaftServerConfigKeys (ConfUtils.java:logGet(43)) - raft.server.notification.no-leader.timeout = 120s (custom)
2019-11-07 17:31:23,332 [pool-48-thread-1] INFO  server.RaftServerConfigKeys (ConfUtils.java:logGet(43)) - raft.server.log.purge.gap = 1000000 (custom)
2019-11-07 17:31:23,332 [pool-98-thread-1] INFO  server.RaftServerConfigKeys (ConfUtils.java:logGet(43)) - raft.server.notification.no-leader.timeout = 120s (custom)
2019-11-07 17:31:23,333 [pool-48-thread-1] INFO  server.RaftServerConfigKeys (ConfUtils.java:logGet(43)) - raft.server.log.appender.buffer.byte-limit = 33554432 (custom)
2019-11-07 17:31:23,333 [pool-68-thread-1] INFO  server.RaftServerConfigKeys (ConfUtils.java:logGet(43)) - raft.server.log.use.memory = false (default)
2019-11-07 17:31:23,335 [pool-48-thread-1] INFO  server.RaftServerConfigKeys (ConfUtils.java:logGet(43)) - raft.server.log.segment.size.max = 1048576 (custom)
2019-11-07 17:31:23,335 [pool-98-thread-1] INFO  server.RaftServerConfigKeys (ConfUtils.java:logGet(43)) - raft.server.log.use.memory = false (default)
2019-11-07 17:31:23,335 [pool-48-thread-1] INFO  server.RaftServerConfigKeys (ConfUtils.java:logGet(43)) - raft.server.log.segment.cache.num.max = 2 (custom)
2019-11-07 17:31:23,335 [pool-68-thread-1] INFO  server.RaftServerConfigKeys (ConfUtils.java:logGet(43)) - raft.server.log.purge.gap = 1000000 (custom)
2019-11-07 17:31:23,336 [pool-48-thread-1] INFO  segmented.SegmentedRaftLogWorker (SegmentedRaftLogWorker.java:<init>(173)) - new cdd73ee1-0650-4948-a59d-6a4aac960b6a@group-BE641617BA9C-SegmentedRaftLogWorker for RaftStorage:Storage Directory /workdir/hadoop-ozone/ozonefs/target/test-dir/MiniOzoneClusterImpl-b77e69ac-8790-49d6-a70a-8834af103527/datanode-2/data/ratis/d1de10fa-f027-4149-b775-be641617ba9c
2019-11-07 17:31:23,335 [pool-98-thread-1] INFO  server.RaftServerConfigKeys (ConfUtils.java:logGet(43)) - raft.server.log.purge.gap = 1000000 (custom)
2019-11-07 17:31:23,336 [pool-48-thread-1] INFO  server.RaftServerConfigKeys (ConfUtils.java:logGet(43)) - raft.server.log.queue.byte-limit = 2147483647 (custom)
2019-11-07 17:31:23,336 [pool-68-thread-1] INFO  server.RaftServerConfigKeys (ConfUtils.java:logGet(43)) - raft.server.log.appender.buffer.byte-limit = 33554432 (custom)
2019-11-07 17:31:23,336 [pool-48-thread-1] INFO  server.RaftServerConfigKeys (ConfUtils.java:logGet(43)) - raft.server.log.queue.element-limit = 1024 (custom)
2019-11-07 17:31:23,336 [pool-98-thread-1] INFO  server.RaftServerConfigKeys (ConfUtils.java:logGet(43)) - raft.server.log.appender.buffer.byte-limit = 33554432 (custom)
2019-11-07 17:31:23,336 [pool-48-thread-1] INFO  server.RaftServerConfigKeys (ConfUtils.java:logGet(43)) - raft.server.log.segment.size.max = 1048576 (custom)
2019-11-07 17:31:23,336 [pool-68-thread-1] INFO  server.RaftServerConfigKeys (ConfUtils.java:logGet(43)) - raft.server.log.segment.size.max = 1048576 (custom)
2019-11-07 17:31:23,336 [pool-48-thread-1] INFO  server.RaftServerConfigKeys (ConfUtils.java:logGet(43)) - raft.server.log.preallocated.size = 16384 (custom)
2019-11-07 17:31:23,336 [pool-98-thread-1] INFO  server.RaftServerConfigKeys (ConfUtils.java:logGet(43)) - raft.server.log.segment.size.max = 1048576 (custom)
2019-11-07 17:31:23,337 [pool-48-thread-1] INFO  server.RaftServerConfigKeys (ConfUtils.java:logGet(43)) - raft.server.log.write.buffer.size = 33554432 (custom)
2019-11-07 17:31:23,337 [pool-68-thread-1] INFO  server.RaftServerConfigKeys (ConfUtils.java:logGet(43)) - raft.server.log.segment.cache.num.max = 2 (custom)
2019-11-07 17:31:23,337 [pool-48-thread-1] INFO  server.RaftServerConfigKeys (ConfUtils.java:logGet(43)) - raft.server.log.force.sync.num = 128 (default)
2019-11-07 17:31:23,337 [pool-98-thread-1] INFO  server.RaftServerConfigKeys (ConfUtils.java:logGet(43)) - raft.server.log.segment.cache.num.max = 2 (custom)
2019-11-07 17:31:23,342 [pool-48-thread-1] INFO  server.RaftServerConfigKeys (ConfUtils.java:logGet(43)) - raft.server.log.statemachine.data.sync = true (default)
2019-11-07 17:31:23,337 [pool-68-thread-1] INFO  segmented.SegmentedRaftLogWorker (SegmentedRaftLogWorker.java:<init>(173)) - new 9ff4eedc-7f18-41aa-b959-bed1611f05ce@group-BE641617BA9C-SegmentedRaftLogWorker for RaftStorage:Storage Directory /workdir/hadoop-ozone/ozonefs/target/test-dir/MiniOzoneClusterImpl-b77e69ac-8790-49d6-a70a-8834af103527/datanode-4/data/ratis/d1de10fa-f027-4149-b775-be641617ba9c
2019-11-07 17:31:23,342 [pool-48-thread-1] INFO  server.RaftServerConfigKeys (ConfUtils.java:logGet(43)) - raft.server.log.statemachine.data.sync.timeout = 10s (default)
2019-11-07 17:31:23,342 [pool-98-thread-1] INFO  segmented.SegmentedRaftLogWorker (SegmentedRaftLogWorker.java:<init>(173)) - new 99ce3c13-320b-4021-9cf6-199dd0bed684@group-BE641617BA9C-SegmentedRaftLogWorker for RaftStorage:Storage Directory /workdir/hadoop-ozone/ozonefs/target/test-dir/MiniOzoneClusterImpl-b77e69ac-8790-49d6-a70a-8834af103527/datanode-7/data/ratis/d1de10fa-f027-4149-b775-be641617ba9c
2019-11-07 17:31:23,343 [pool-48-thread-1] INFO  server.RaftServerConfigKeys (ConfUtils.java:logGet(43)) - raft.server.log.statemachine.data.sync.timeout.retry = -1 (default)
2019-11-07 17:31:23,343 [grpc-default-executor-4] INFO  impl.RaftServerImpl (RaftServerImpl.java:setRole(173)) - 9ff4eedc-7f18-41aa-b959-bed1611f05ce@group-C919B7E91E8E: changes role from  FOLLOWER to FOLLOWER at term 1 for recognizeCandidate:cdd73ee1-0650-4948-a59d-6a4aac960b6a
2019-11-07 17:31:23,343 [grpc-default-executor-4] INFO  impl.RoleInfo (RoleInfo.java:shutdownFollowerState(121)) - 9ff4eedc-7f18-41aa-b959-bed1611f05ce: shutdown FollowerState
2019-11-07 17:31:23,343 [grpc-default-executor-2] INFO  impl.RaftServerImpl (RaftServerImpl.java:setRole(173)) - 9ff4eedc-7f18-41aa-b959-bed1611f05ce@group-0E1B11F8B29B: changes role from  FOLLOWER to FOLLOWER at term 1 for recognizeCandidate:cdd73ee1-0650-4948-a59d-6a4aac960b6a
2019-11-07 17:31:23,343 [grpc-default-executor-4] INFO  impl.RoleInfo (RoleInfo.java:updateAndGet(143)) - 9ff4eedc-7f18-41aa-b959-bed1611f05ce: start FollowerState
2019-11-07 17:31:23,342 [pool-68-thread-1] INFO  server.RaftServerConfigKeys (ConfUtils.java:logGet(43)) - raft.server.log.queue.byte-limit = 2147483647 (custom)
2019-11-07 17:31:23,343 [grpc-default-executor-2] INFO  impl.RoleInfo (RoleInfo.java:shutdownFollowerState(121)) - 9ff4eedc-7f18-41aa-b959-bed1611f05ce: shutdown FollowerState
2019-11-07 17:31:23,343 [Thread-315] INFO  impl.FollowerState (FollowerState.java:run(120)) - 9ff4eedc-7f18-41aa-b959-bed1611f05ce@group-C919B7E91E8E-FollowerState was interrupted: java.lang.InterruptedException: sleep interrupted
2019-11-07 17:31:23,343 [pool-48-thread-1] INFO  server.RaftServerConfigKeys (ConfUtils.java:logGet(43)) - raft.server.log.statemachine.data.caching.enabled = true (custom)
2019-11-07 17:31:23,343 [pool-98-thread-1] INFO  server.RaftServerConfigKeys (ConfUtils.java:logGet(43)) - raft.server.log.queue.byte-limit = 2147483647 (custom)
2019-11-07 17:31:23,344 [grpc-default-executor-2] INFO  impl.RoleInfo (RoleInfo.java:updateAndGet(143)) - 9ff4eedc-7f18-41aa-b959-bed1611f05ce: start FollowerState
2019-11-07 17:31:23,344 [Thread-311] INFO  impl.FollowerState (FollowerState.java:run(120)) - 9ff4eedc-7f18-41aa-b959-bed1611f05ce@group-0E1B11F8B29B-FollowerState was interrupted: java.lang.InterruptedException: sleep interrupted
2019-11-07 17:31:23,344 [pool-68-thread-1] INFO  server.RaftServerConfigKeys (ConfUtils.java:logGet(43)) - raft.server.log.queue.element-limit = 1024 (custom)
2019-11-07 17:31:23,346 [pool-98-thread-1] INFO  server.RaftServerConfigKeys (ConfUtils.java:logGet(43)) - raft.server.log.queue.element-limit = 1024 (custom)
2019-11-07 17:31:23,346 [pool-48-thread-1] INFO  segmented.SegmentedRaftLogWorker (SegmentedRaftLogWorker.java:lambda$new$0(128)) - cdd73ee1-0650-4948-a59d-6a4aac960b6a@group-BE641617BA9C-SegmentedRaftLogWorker: flushIndex: setUnconditionally 0 -> -1
2019-11-07 17:31:23,349 [pool-98-thread-1] INFO  server.RaftServerConfigKeys (ConfUtils.java:logGet(43)) - raft.server.log.segment.size.max = 1048576 (custom)
2019-11-07 17:31:23,348 [pool-68-thread-1] INFO  server.RaftServerConfigKeys (ConfUtils.java:logGet(43)) - raft.server.log.segment.size.max = 1048576 (custom)
2019-11-07 17:31:23,349 [pool-48-thread-1] INFO  server.RaftServerConfigKeys (ConfUtils.java:logGet(43)) - raft.server.snapshot.auto.trigger.enabled = true (custom)
2019-11-07 17:31:23,349 [pool-98-thread-1] INFO  server.RaftServerConfigKeys (ConfUtils.java:logGet(43)) - raft.server.log.preallocated.size = 16384 (custom)
2019-11-07 17:31:23,349 [pool-48-thread-1] INFO  server.RaftServerConfigKeys (ConfUtils.java:logGet(43)) - raft.server.snapshot.auto.trigger.threshold = 10000 (custom)
2019-11-07 17:31:23,349 [pool-68-thread-1] INFO  server.RaftServerConfigKeys (ConfUtils.java:logGet(43)) - raft.server.log.preallocated.size = 16384 (custom)
2019-11-07 17:31:23,349 [pool-48-thread-1] INFO  server.RaftServerConfigKeys (ConfUtils.java:logGet(43)) - raft.server.snapshot.retention.file.num = 5 (custom)
2019-11-07 17:31:23,349 [pool-98-thread-1] INFO  server.RaftServerConfigKeys (ConfUtils.java:logGet(43)) - raft.server.log.write.buffer.size = 33554432 (custom)
2019-11-07 17:31:23,349 [pool-48-thread-1] INFO  server.RaftServerConfigKeys (ConfUtils.java:logGet(43)) - raft.server.retrycache.expirytime = 600000ms (custom)
2019-11-07 17:31:23,349 [pool-68-thread-1] INFO  server.RaftServerConfigKeys (ConfUtils.java:logGet(43)) - raft.server.log.write.buffer.size = 33554432 (custom)
2019-11-07 17:31:23,350 [pool-48-thread-1] WARN  impl.MetricRegistriesImpl (MetricRegistriesImpl.java:lambda$create$1(61)) - First MetricRegistry has been created without registering reporters. You may need to call MetricRegistries.global().addReportRegistration(...) before.
2019-11-07 17:31:23,349 [pool-98-thread-1] INFO  server.RaftServerConfigKeys (ConfUtils.java:logGet(43)) - raft.server.log.force.sync.num = 128 (default)
2019-11-07 17:31:23,350 [pool-48-thread-1] WARN  impl.MetricRegistriesImpl (MetricRegistriesImpl.java:lambda$create$1(61)) - First MetricRegistry has been created without registering reporters. You may need to call MetricRegistries.global().addReportRegistration(...) before.
2019-11-07 17:31:23,350 [pool-68-thread-1] INFO  server.RaftServerConfigKeys (ConfUtils.java:logGet(43)) - raft.server.log.force.sync.num = 128 (default)
2019-11-07 17:31:23,350 [pool-48-thread-1] INFO  impl.RaftServerImpl (RaftServerImpl.java:start(184)) - cdd73ee1-0650-4948-a59d-6a4aac960b6a@group-BE641617BA9C: start as a follower, conf=-1: [99ce3c13-320b-4021-9cf6-199dd0bed684:192.168.69.106:34308, cdd73ee1-0650-4948-a59d-6a4aac960b6a:192.168.69.106:35716, 9ff4eedc-7f18-41aa-b959-bed1611f05ce:192.168.69.106:37715], old=null
2019-11-07 17:31:23,350 [pool-98-thread-1] INFO  server.RaftServerConfigKeys (ConfUtils.java:logGet(43)) - raft.server.log.statemachine.data.sync = true (default)
2019-11-07 17:31:23,350 [pool-48-thread-1] INFO  impl.RaftServerImpl (RaftServerImpl.java:setRole(173)) - cdd73ee1-0650-4948-a59d-6a4aac960b6a@group-BE641617BA9C: changes role from      null to FOLLOWER at term 0 for startAsFollower
2019-11-07 17:31:23,350 [pool-68-thread-1] INFO  server.RaftServerConfigKeys (ConfUtils.java:logGet(43)) - raft.server.log.statemachine.data.sync = true (default)
2019-11-07 17:31:23,350 [pool-48-thread-1] INFO  impl.RoleInfo (RoleInfo.java:updateAndGet(143)) - cdd73ee1-0650-4948-a59d-6a4aac960b6a: start FollowerState
2019-11-07 17:31:23,350 [pool-98-thread-1] INFO  server.RaftServerConfigKeys (ConfUtils.java:logGet(43)) - raft.server.log.statemachine.data.sync.timeout = 10s (default)
2019-11-07 17:31:23,351 [pool-68-thread-1] INFO  server.RaftServerConfigKeys (ConfUtils.java:logGet(43)) - raft.server.log.statemachine.data.sync.timeout = 10s (default)
2019-11-07 17:31:23,351 [pool-48-thread-1] INFO  util.JmxRegister (JmxRegister.java:tryRegister(44)) - Successfully registered JMX Bean with object name Ratis:service=RaftServer,group=group-BE641617BA9C,id=cdd73ee1-0650-4948-a59d-6a4aac960b6a
2019-11-07 17:31:23,351 [pool-98-thread-1] INFO  server.RaftServerConfigKeys (ConfUtils.java:logGet(43)) - raft.server.log.statemachine.data.sync.timeout.retry = -1 (default)
2019-11-07 17:31:23,351 [pool-48-thread-1] WARN  impl.MetricRegistriesImpl (MetricRegistriesImpl.java:lambda$create$1(61)) - First MetricRegistry has been created without registering reporters. You may need to call MetricRegistries.global().addReportRegistration(...) before.
2019-11-07 17:31:23,351 [pool-68-thread-1] INFO  server.RaftServerConfigKeys (ConfUtils.java:logGet(43)) - raft.server.log.statemachine.data.sync.timeout.retry = -1 (default)
2019-11-07 17:31:23,351 [pool-98-thread-1] INFO  server.RaftServerConfigKeys (ConfUtils.java:logGet(43)) - raft.server.log.statemachine.data.caching.enabled = true (custom)
2019-11-07 17:31:23,351 [pool-68-thread-1] INFO  server.RaftServerConfigKeys (ConfUtils.java:logGet(43)) - raft.server.log.statemachine.data.caching.enabled = true (custom)
2019-11-07 17:31:23,352 [pool-98-thread-1] INFO  segmented.SegmentedRaftLogWorker (SegmentedRaftLogWorker.java:lambda$new$0(128)) - 99ce3c13-320b-4021-9cf6-199dd0bed684@group-BE641617BA9C-SegmentedRaftLogWorker: flushIndex: setUnconditionally 0 -> -1
2019-11-07 17:31:23,352 [pool-68-thread-1] INFO  segmented.SegmentedRaftLogWorker (SegmentedRaftLogWorker.java:lambda$new$0(128)) - 9ff4eedc-7f18-41aa-b959-bed1611f05ce@group-BE641617BA9C-SegmentedRaftLogWorker: flushIndex: setUnconditionally 0 -> -1
2019-11-07 17:31:23,352 [pool-98-thread-1] INFO  server.RaftServerConfigKeys (ConfUtils.java:logGet(43)) - raft.server.snapshot.auto.trigger.enabled = true (custom)
2019-11-07 17:31:23,352 [pool-98-thread-1] INFO  server.RaftServerConfigKeys (ConfUtils.java:logGet(43)) - raft.server.snapshot.auto.trigger.threshold = 10000 (custom)
2019-11-07 17:31:23,352 [pool-68-thread-1] INFO  server.RaftServerConfigKeys (ConfUtils.java:logGet(43)) - raft.server.snapshot.auto.trigger.enabled = true (custom)
2019-11-07 17:31:23,352 [pool-98-thread-1] INFO  server.RaftServerConfigKeys (ConfUtils.java:logGet(43)) - raft.server.snapshot.retention.file.num = 5 (custom)
2019-11-07 17:31:23,353 [pool-68-thread-1] INFO  server.RaftServerConfigKeys (ConfUtils.java:logGet(43)) - raft.server.snapshot.auto.trigger.threshold = 10000 (custom)
2019-11-07 17:31:23,353 [pool-68-thread-1] INFO  server.RaftServerConfigKeys (ConfUtils.java:logGet(43)) - raft.server.snapshot.retention.file.num = 5 (custom)
2019-11-07 17:31:23,353 [pool-98-thread-1] INFO  server.RaftServerConfigKeys (ConfUtils.java:logGet(43)) - raft.server.retrycache.expirytime = 600000ms (custom)
2019-11-07 17:31:23,353 [pool-68-thread-1] INFO  server.RaftServerConfigKeys (ConfUtils.java:logGet(43)) - raft.server.retrycache.expirytime = 600000ms (custom)
2019-11-07 17:31:23,353 [pool-98-thread-1] WARN  impl.MetricRegistriesImpl (MetricRegistriesImpl.java:lambda$create$1(61)) - First MetricRegistry has been created without registering reporters. You may need to call MetricRegistries.global().addReportRegistration(...) before.
2019-11-07 17:31:23,353 [pool-68-thread-1] WARN  impl.MetricRegistriesImpl (MetricRegistriesImpl.java:lambda$create$1(61)) - First MetricRegistry has been created without registering reporters. You may need to call MetricRegistries.global().addReportRegistration(...) before.
2019-11-07 17:31:23,353 [pool-98-thread-1] WARN  impl.MetricRegistriesImpl (MetricRegistriesImpl.java:lambda$create$1(61)) - First MetricRegistry has been created without registering reporters. You may need to call MetricRegistries.global().addReportRegistration(...) before.
2019-11-07 17:31:23,353 [pool-68-thread-1] WARN  impl.MetricRegistriesImpl (MetricRegistriesImpl.java:lambda$create$1(61)) - First MetricRegistry has been created without registering reporters. You may need to call MetricRegistries.global().addReportRegistration(...) before.
2019-11-07 17:31:23,354 [pool-98-thread-1] INFO  impl.RaftServerImpl (RaftServerImpl.java:start(184)) - 99ce3c13-320b-4021-9cf6-199dd0bed684@group-BE641617BA9C: start as a follower, conf=-1: [99ce3c13-320b-4021-9cf6-199dd0bed684:192.168.69.106:34308, cdd73ee1-0650-4948-a59d-6a4aac960b6a:192.168.69.106:35716, 9ff4eedc-7f18-41aa-b959-bed1611f05ce:192.168.69.106:37715], old=null
2019-11-07 17:31:23,354 [pool-68-thread-1] INFO  impl.RaftServerImpl (RaftServerImpl.java:start(184)) - 9ff4eedc-7f18-41aa-b959-bed1611f05ce@group-BE641617BA9C: start as a follower, conf=-1: [99ce3c13-320b-4021-9cf6-199dd0bed684:192.168.69.106:34308, cdd73ee1-0650-4948-a59d-6a4aac960b6a:192.168.69.106:35716, 9ff4eedc-7f18-41aa-b959-bed1611f05ce:192.168.69.106:37715], old=null
2019-11-07 17:31:23,354 [pool-98-thread-1] INFO  impl.RaftServerImpl (RaftServerImpl.java:setRole(173)) - 99ce3c13-320b-4021-9cf6-199dd0bed684@group-BE641617BA9C: changes role from      null to FOLLOWER at term 0 for startAsFollower
2019-11-07 17:31:23,354 [pool-68-thread-1] INFO  impl.RaftServerImpl (RaftServerImpl.java:setRole(173)) - 9ff4eedc-7f18-41aa-b959-bed1611f05ce@group-BE641617BA9C: changes role from      null to FOLLOWER at term 0 for startAsFollower
2019-11-07 17:31:23,354 [pool-98-thread-1] INFO  impl.RoleInfo (RoleInfo.java:updateAndGet(143)) - 99ce3c13-320b-4021-9cf6-199dd0bed684: start FollowerState
2019-11-07 17:31:23,354 [pool-68-thread-1] INFO  impl.RoleInfo (RoleInfo.java:updateAndGet(143)) - 9ff4eedc-7f18-41aa-b959-bed1611f05ce: start FollowerState
2019-11-07 17:31:23,355 [pool-98-thread-1] INFO  util.JmxRegister (JmxRegister.java:tryRegister(44)) - Successfully registered JMX Bean with object name Ratis:service=RaftServer,group=group-BE641617BA9C,id=99ce3c13-320b-4021-9cf6-199dd0bed684
2019-11-07 17:31:23,355 [pool-68-thread-1] INFO  util.JmxRegister (JmxRegister.java:tryRegister(44)) - Successfully registered JMX Bean with object name Ratis:service=RaftServer,group=group-BE641617BA9C,id=9ff4eedc-7f18-41aa-b959-bed1611f05ce
2019-11-07 17:31:23,355 [pool-98-thread-1] WARN  impl.MetricRegistriesImpl (MetricRegistriesImpl.java:lambda$create$1(61)) - First MetricRegistry has been created without registering reporters. You may need to call MetricRegistries.global().addReportRegistration(...) before.
2019-11-07 17:31:23,359 [pool-68-thread-1] WARN  impl.MetricRegistriesImpl (MetricRegistriesImpl.java:lambda$create$1(61)) - First MetricRegistry has been created without registering reporters. You may need to call MetricRegistries.global().addReportRegistration(...) before.
2019-11-07 17:31:23,705 [cdd73ee1-0650-4948-a59d-6a4aac960b6a@group-C919B7E91E8E-LeaderElection4] INFO  impl.LeaderElection (LeaderElection.java:logAndReturn(56)) - cdd73ee1-0650-4948-a59d-6a4aac960b6a@group-C919B7E91E8E-LeaderElection4: Election PASSED; received 2 response(s) [cdd73ee1-0650-4948-a59d-6a4aac960b6a<-99ce3c13-320b-4021-9cf6-199dd0bed684#0:FAIL-t1, cdd73ee1-0650-4948-a59d-6a4aac960b6a<-9ff4eedc-7f18-41aa-b959-bed1611f05ce#0:OK-t1] and 0 exception(s); cdd73ee1-0650-4948-a59d-6a4aac960b6a@group-C919B7E91E8E:t1, leader=null, voted=cdd73ee1-0650-4948-a59d-6a4aac960b6a, raftlog=cdd73ee1-0650-4948-a59d-6a4aac960b6a@group-C919B7E91E8E-SegmentedRaftLog:OPENED:c-1,f-1,i0, conf=-1: [99ce3c13-320b-4021-9cf6-199dd0bed684:192.168.69.106:34308, cdd73ee1-0650-4948-a59d-6a4aac960b6a:192.168.69.106:35716, 9ff4eedc-7f18-41aa-b959-bed1611f05ce:192.168.69.106:37715], old=null
2019-11-07 17:31:23,705 [99ce3c13-320b-4021-9cf6-199dd0bed684@group-0E1B11F8B29B-LeaderElection5] INFO  impl.LeaderElection (LeaderElection.java:logAndReturn(56)) - 99ce3c13-320b-4021-9cf6-199dd0bed684@group-0E1B11F8B29B-LeaderElection5: Election REJECTED; received 2 response(s) [99ce3c13-320b-4021-9cf6-199dd0bed684<-cdd73ee1-0650-4948-a59d-6a4aac960b6a#0:FAIL-t1, 99ce3c13-320b-4021-9cf6-199dd0bed684<-9ff4eedc-7f18-41aa-b959-bed1611f05ce#0:FAIL-t1] and 0 exception(s); 99ce3c13-320b-4021-9cf6-199dd0bed684@group-0E1B11F8B29B:t1, leader=null, voted=99ce3c13-320b-4021-9cf6-199dd0bed684, raftlog=99ce3c13-320b-4021-9cf6-199dd0bed684@group-0E1B11F8B29B-SegmentedRaftLog:OPENED:c-1,f-1,i0, conf=-1: [99ce3c13-320b-4021-9cf6-199dd0bed684:192.168.69.106:34308, cdd73ee1-0650-4948-a59d-6a4aac960b6a:192.168.69.106:35716, 9ff4eedc-7f18-41aa-b959-bed1611f05ce:192.168.69.106:37715], old=null
2019-11-07 17:31:23,706 [cdd73ee1-0650-4948-a59d-6a4aac960b6a@group-C919B7E91E8E-LeaderElection4] INFO  impl.RoleInfo (RoleInfo.java:shutdownLeaderElection(134)) - cdd73ee1-0650-4948-a59d-6a4aac960b6a: shutdown LeaderElection
2019-11-07 17:31:23,705 [cdd73ee1-0650-4948-a59d-6a4aac960b6a@group-0E1B11F8B29B-LeaderElection3] INFO  impl.LeaderElection (LeaderElection.java:logAndReturn(56)) - cdd73ee1-0650-4948-a59d-6a4aac960b6a@group-0E1B11F8B29B-LeaderElection3: Election PASSED; received 2 response(s) [cdd73ee1-0650-4948-a59d-6a4aac960b6a<-99ce3c13-320b-4021-9cf6-199dd0bed684#0:FAIL-t1, cdd73ee1-0650-4948-a59d-6a4aac960b6a<-9ff4eedc-7f18-41aa-b959-bed1611f05ce#0:OK-t1] and 0 exception(s); cdd73ee1-0650-4948-a59d-6a4aac960b6a@group-0E1B11F8B29B:t1, leader=null, voted=cdd73ee1-0650-4948-a59d-6a4aac960b6a, raftlog=cdd73ee1-0650-4948-a59d-6a4aac960b6a@group-0E1B11F8B29B-SegmentedRaftLog:OPENED:c-1,f-1,i0, conf=-1: [99ce3c13-320b-4021-9cf6-199dd0bed684:192.168.69.106:34308, cdd73ee1-0650-4948-a59d-6a4aac960b6a:192.168.69.106:35716, 9ff4eedc-7f18-41aa-b959-bed1611f05ce:192.168.69.106:37715], old=null
2019-11-07 17:31:23,705 [99ce3c13-320b-4021-9cf6-199dd0bed684@group-C919B7E91E8E-LeaderElection2] INFO  impl.LeaderElection (LeaderElection.java:logAndReturn(56)) - 99ce3c13-320b-4021-9cf6-199dd0bed684@group-C919B7E91E8E-LeaderElection2: Election REJECTED; received 2 response(s) [99ce3c13-320b-4021-9cf6-199dd0bed684<-cdd73ee1-0650-4948-a59d-6a4aac960b6a#0:FAIL-t1, 99ce3c13-320b-4021-9cf6-199dd0bed684<-9ff4eedc-7f18-41aa-b959-bed1611f05ce#0:FAIL-t1] and 0 exception(s); 99ce3c13-320b-4021-9cf6-199dd0bed684@group-C919B7E91E8E:t1, leader=null, voted=99ce3c13-320b-4021-9cf6-199dd0bed684, raftlog=99ce3c13-320b-4021-9cf6-199dd0bed684@group-C919B7E91E8E-SegmentedRaftLog:OPENED:c-1,f-1,i0, conf=-1: [99ce3c13-320b-4021-9cf6-199dd0bed684:192.168.69.106:34308, cdd73ee1-0650-4948-a59d-6a4aac960b6a:192.168.69.106:35716, 9ff4eedc-7f18-41aa-b959-bed1611f05ce:192.168.69.106:37715], old=null
2019-11-07 17:31:23,712 [cdd73ee1-0650-4948-a59d-6a4aac960b6a@group-0E1B11F8B29B-LeaderElection3] INFO  impl.RoleInfo (RoleInfo.java:shutdownLeaderElection(134)) - cdd73ee1-0650-4948-a59d-6a4aac960b6a: shutdown LeaderElection
2019-11-07 17:31:23,710 [cdd73ee1-0650-4948-a59d-6a4aac960b6a@group-C919B7E91E8E-LeaderElection4] INFO  impl.RaftServerImpl (RaftServerImpl.java:setRole(173)) - cdd73ee1-0650-4948-a59d-6a4aac960b6a@group-C919B7E91E8E: changes role from CANDIDATE to LEADER at term 1 for changeToLeader
2019-11-07 17:31:23,708 [99ce3c13-320b-4021-9cf6-199dd0bed684@group-0E1B11F8B29B-LeaderElection5] INFO  impl.RaftServerImpl (RaftServerImpl.java:setRole(173)) - 99ce3c13-320b-4021-9cf6-199dd0bed684@group-0E1B11F8B29B: changes role from CANDIDATE to FOLLOWER at term 1 for DISCOVERED_A_NEW_TERM
2019-11-07 17:31:23,719 [cdd73ee1-0650-4948-a59d-6a4aac960b6a@group-C919B7E91E8E-LeaderElection4] INFO  impl.RaftServerImpl (ServerState.java:setLeader(255)) - cdd73ee1-0650-4948-a59d-6a4aac960b6a@group-C919B7E91E8E: change Leader from null to cdd73ee1-0650-4948-a59d-6a4aac960b6a at term 1 for becomeLeader, leader elected after 5996ms
2019-11-07 17:31:23,719 [cdd73ee1-0650-4948-a59d-6a4aac960b6a@group-0E1B11F8B29B-LeaderElection3] INFO  impl.RaftServerImpl (RaftServerImpl.java:setRole(173)) - cdd73ee1-0650-4948-a59d-6a4aac960b6a@group-0E1B11F8B29B: changes role from CANDIDATE to LEADER at term 1 for changeToLeader
2019-11-07 17:31:23,721 [cdd73ee1-0650-4948-a59d-6a4aac960b6a@group-C919B7E91E8E-LeaderElection4] INFO  server.RaftServerConfigKeys (ConfUtils.java:logGet(43)) - raft.server.staging.catchup.gap = 1000 (default)
2019-11-07 17:31:23,716 [99ce3c13-320b-4021-9cf6-199dd0bed684@group-C919B7E91E8E-LeaderElection2] INFO  impl.RaftServerImpl (RaftServerImpl.java:setRole(173)) - 99ce3c13-320b-4021-9cf6-199dd0bed684@group-C919B7E91E8E: changes role from CANDIDATE to FOLLOWER at term 1 for DISCOVERED_A_NEW_TERM
2019-11-07 17:31:23,721 [cdd73ee1-0650-4948-a59d-6a4aac960b6a@group-C919B7E91E8E-LeaderElection4] INFO  server.RaftServerConfigKeys (ConfUtils.java:logGet(43)) - raft.server.rpc.sleep.time = 25ms (default)
2019-11-07 17:31:23,721 [cdd73ee1-0650-4948-a59d-6a4aac960b6a@group-0E1B11F8B29B-LeaderElection3] INFO  impl.RaftServerImpl (ServerState.java:setLeader(255)) - cdd73ee1-0650-4948-a59d-6a4aac960b6a@group-0E1B11F8B29B: change Leader from null to cdd73ee1-0650-4948-a59d-6a4aac960b6a at term 1 for becomeLeader, leader elected after 12978ms
2019-11-07 17:31:23,721 [cdd73ee1-0650-4948-a59d-6a4aac960b6a@group-C919B7E91E8E-LeaderElection4] INFO  server.RaftServerConfigKeys (ConfUtils.java:logGet(43)) - raft.server.write.element-limit = 4096 (default)
2019-11-07 17:31:23,719 [99ce3c13-320b-4021-9cf6-199dd0bed684@group-0E1B11F8B29B-LeaderElection5] INFO  impl.RoleInfo (RoleInfo.java:shutdownLeaderElection(134)) - 99ce3c13-320b-4021-9cf6-199dd0bed684: shutdown LeaderElection
2019-11-07 17:31:23,721 [cdd73ee1-0650-4948-a59d-6a4aac960b6a@group-0E1B11F8B29B-LeaderElection3] INFO  server.RaftServerConfigKeys (ConfUtils.java:logGet(43)) - raft.server.staging.catchup.gap = 1000 (default)
2019-11-07 17:31:23,721 [99ce3c13-320b-4021-9cf6-199dd0bed684@group-C919B7E91E8E-LeaderElection2] INFO  impl.RoleInfo (RoleInfo.java:shutdownLeaderElection(134)) - 99ce3c13-320b-4021-9cf6-199dd0bed684: shutdown LeaderElection
2019-11-07 17:31:23,722 [cdd73ee1-0650-4948-a59d-6a4aac960b6a@group-0E1B11F8B29B-LeaderElection3] INFO  server.RaftServerConfigKeys (ConfUtils.java:logGet(43)) - raft.server.rpc.sleep.time = 25ms (default)
2019-11-07 17:31:23,722 [99ce3c13-320b-4021-9cf6-199dd0bed684@group-0E1B11F8B29B-LeaderElection5] INFO  impl.RoleInfo (RoleInfo.java:updateAndGet(143)) - 99ce3c13-320b-4021-9cf6-199dd0bed684: start FollowerState
2019-11-07 17:31:23,722 [cdd73ee1-0650-4948-a59d-6a4aac960b6a@group-C919B7E91E8E-LeaderElection4] INFO  server.RaftServerConfigKeys (ConfUtils.java:logGet(43)) - raft.server.watch.timeout = 10s (default)
2019-11-07 17:31:23,722 [cdd73ee1-0650-4948-a59d-6a4aac960b6a@group-0E1B11F8B29B-LeaderElection3] INFO  server.RaftServerConfigKeys (ConfUtils.java:logGet(43)) - raft.server.write.element-limit = 4096 (default)
2019-11-07 17:31:23,722 [99ce3c13-320b-4021-9cf6-199dd0bed684@group-C919B7E91E8E-LeaderElection2] INFO  impl.RoleInfo (RoleInfo.java:updateAndGet(143)) - 99ce3c13-320b-4021-9cf6-199dd0bed684: start FollowerState
2019-11-07 17:31:23,724 [cdd73ee1-0650-4948-a59d-6a4aac960b6a@group-0E1B11F8B29B-LeaderElection3] INFO  server.RaftServerConfigKeys (ConfUtils.java:logGet(43)) - raft.server.watch.timeout = 10s (default)
2019-11-07 17:31:23,722 [cdd73ee1-0650-4948-a59d-6a4aac960b6a@group-C919B7E91E8E-LeaderElection4] INFO  server.RaftServerConfigKeys (ConfUtils.java:logGet(43)) - raft.server.watch.timeout.denomination = 1s (default)
2019-11-07 17:31:23,724 [cdd73ee1-0650-4948-a59d-6a4aac960b6a@group-0E1B11F8B29B-LeaderElection3] INFO  server.RaftServerConfigKeys (ConfUtils.java:logGet(43)) - raft.server.watch.timeout.denomination = 1s (default)
2019-11-07 17:31:23,726 [cdd73ee1-0650-4948-a59d-6a4aac960b6a@group-C919B7E91E8E-LeaderElection4] INFO  server.RaftServerConfigKeys (ConfUtils.java:logGet(43)) - raft.server.watch.element-limit = 65536 (default)
2019-11-07 17:31:23,726 [cdd73ee1-0650-4948-a59d-6a4aac960b6a@group-0E1B11F8B29B-LeaderElection3] INFO  server.RaftServerConfigKeys (ConfUtils.java:logGet(43)) - raft.server.watch.element-limit = 65536 (default)
2019-11-07 17:31:23,730 [cdd73ee1-0650-4948-a59d-6a4aac960b6a@group-0E1B11F8B29B-LeaderElection3] INFO  server.RaftServerConfigKeys (ConfUtils.java:logGet(43)) - raft.server.log.appender.snapshot.chunk.size.max = 16MB (=16777216) (default)
2019-11-07 17:31:23,730 [cdd73ee1-0650-4948-a59d-6a4aac960b6a@group-C919B7E91E8E-LeaderElection4] INFO  server.RaftServerConfigKeys (ConfUtils.java:logGet(43)) - raft.server.log.appender.snapshot.chunk.size.max = 16MB (=16777216) (default)
2019-11-07 17:31:23,730 [cdd73ee1-0650-4948-a59d-6a4aac960b6a@group-0E1B11F8B29B-LeaderElection3] INFO  server.RaftServerConfigKeys (ConfUtils.java:logGet(43)) - raft.server.log.appender.buffer.byte-limit = 33554432 (custom)
2019-11-07 17:31:23,730 [cdd73ee1-0650-4948-a59d-6a4aac960b6a@group-C919B7E91E8E-LeaderElection4] INFO  server.RaftServerConfigKeys (ConfUtils.java:logGet(43)) - raft.server.log.appender.buffer.byte-limit = 33554432 (custom)
2019-11-07 17:31:23,731 [cdd73ee1-0650-4948-a59d-6a4aac960b6a@group-0E1B11F8B29B-LeaderElection3] INFO  server.RaftServerConfigKeys (ConfUtils.java:logGet(43)) - raft.server.log.appender.buffer.element-limit = 1 (custom)
2019-11-07 17:31:23,731 [cdd73ee1-0650-4948-a59d-6a4aac960b6a@group-C919B7E91E8E-LeaderElection4] INFO  server.RaftServerConfigKeys (ConfUtils.java:logGet(43)) - raft.server.log.appender.buffer.element-limit = 1 (custom)
2019-11-07 17:31:23,735 [cdd73ee1-0650-4948-a59d-6a4aac960b6a@group-0E1B11F8B29B-LeaderElection3] INFO  grpc.GrpcConfigKeys$Server (ConfUtils.java:logGet(43)) - raft.grpc.server.leader.outstanding.appends.max = 128 (default)
2019-11-07 17:31:23,735 [cdd73ee1-0650-4948-a59d-6a4aac960b6a@group-C919B7E91E8E-LeaderElection4] INFO  grpc.GrpcConfigKeys$Server (ConfUtils.java:logGet(43)) - raft.grpc.server.leader.outstanding.appends.max = 128 (default)
2019-11-07 17:31:23,737 [cdd73ee1-0650-4948-a59d-6a4aac960b6a@group-0E1B11F8B29B-LeaderElection3] INFO  server.RaftServerConfigKeys (ConfUtils.java:logGet(43)) - raft.server.rpc.request.timeout = 3000ms (default)
2019-11-07 17:31:23,737 [cdd73ee1-0650-4948-a59d-6a4aac960b6a@group-C919B7E91E8E-LeaderElection4] INFO  server.RaftServerConfigKeys (ConfUtils.java:logGet(43)) - raft.server.rpc.request.timeout = 3000ms (default)
2019-11-07 17:31:23,737 [cdd73ee1-0650-4948-a59d-6a4aac960b6a@group-0E1B11F8B29B-LeaderElection3] INFO  server.RaftServerConfigKeys (ConfUtils.java:logGet(43)) - raft.server.log.appender.install.snapshot.enabled = false (custom)
2019-11-07 17:31:23,738 [cdd73ee1-0650-4948-a59d-6a4aac960b6a@group-C919B7E91E8E-LeaderElection4] INFO  server.RaftServerConfigKeys (ConfUtils.java:logGet(43)) - raft.server.log.appender.install.snapshot.enabled = false (custom)
2019-11-07 17:31:23,739 [cdd73ee1-0650-4948-a59d-6a4aac960b6a@group-0E1B11F8B29B-LeaderElection3] WARN  impl.MetricRegistriesImpl (MetricRegistriesImpl.java:lambda$create$1(61)) - First MetricRegistry has been created without registering reporters. You may need to call MetricRegistries.global().addReportRegistration(...) before.
2019-11-07 17:31:23,739 [cdd73ee1-0650-4948-a59d-6a4aac960b6a@group-C919B7E91E8E-LeaderElection4] WARN  impl.MetricRegistriesImpl (MetricRegistriesImpl.java:lambda$create$1(61)) - First MetricRegistry has been created without registering reporters. You may need to call MetricRegistries.global().addReportRegistration(...) before.
2019-11-07 17:31:23,740 [cdd73ee1-0650-4948-a59d-6a4aac960b6a@group-0E1B11F8B29B-LeaderElection3] INFO  server.RaftServerConfigKeys (ConfUtils.java:logGet(43)) - raft.server.log.appender.snapshot.chunk.size.max = 16MB (=16777216) (default)
2019-11-07 17:31:23,740 [cdd73ee1-0650-4948-a59d-6a4aac960b6a@group-C919B7E91E8E-LeaderElection4] INFO  server.RaftServerConfigKeys (ConfUtils.java:logGet(43)) - raft.server.log.appender.snapshot.chunk.size.max = 16MB (=16777216) (default)
2019-11-07 17:31:23,740 [cdd73ee1-0650-4948-a59d-6a4aac960b6a@group-0E1B11F8B29B-LeaderElection3] INFO  server.RaftServerConfigKeys (ConfUtils.java:logGet(43)) - raft.server.log.appender.buffer.byte-limit = 33554432 (custom)
2019-11-07 17:31:23,740 [cdd73ee1-0650-4948-a59d-6a4aac960b6a@group-C919B7E91E8E-LeaderElection4] INFO  server.RaftServerConfigKeys (ConfUtils.java:logGet(43)) - raft.server.log.appender.buffer.byte-limit = 33554432 (custom)
2019-11-07 17:31:23,740 [cdd73ee1-0650-4948-a59d-6a4aac960b6a@group-0E1B11F8B29B-LeaderElection3] INFO  server.RaftServerConfigKeys (ConfUtils.java:logGet(43)) - raft.server.log.appender.buffer.element-limit = 1 (custom)
2019-11-07 17:31:23,741 [cdd73ee1-0650-4948-a59d-6a4aac960b6a@group-C919B7E91E8E-LeaderElection4] INFO  server.RaftServerConfigKeys (ConfUtils.java:logGet(43)) - raft.server.log.appender.buffer.element-limit = 1 (custom)
2019-11-07 17:31:23,741 [cdd73ee1-0650-4948-a59d-6a4aac960b6a@group-0E1B11F8B29B-LeaderElection3] INFO  grpc.GrpcConfigKeys$Server (ConfUtils.java:logGet(43)) - raft.grpc.server.leader.outstanding.appends.max = 128 (default)
2019-11-07 17:31:23,741 [cdd73ee1-0650-4948-a59d-6a4aac960b6a@group-C919B7E91E8E-LeaderElection4] INFO  grpc.GrpcConfigKeys$Server (ConfUtils.java:logGet(43)) - raft.grpc.server.leader.outstanding.appends.max = 128 (default)
2019-11-07 17:31:23,741 [cdd73ee1-0650-4948-a59d-6a4aac960b6a@group-0E1B11F8B29B-LeaderElection3] INFO  server.RaftServerConfigKeys (ConfUtils.java:logGet(43)) - raft.server.rpc.request.timeout = 3000ms (default)
2019-11-07 17:31:23,741 [cdd73ee1-0650-4948-a59d-6a4aac960b6a@group-C919B7E91E8E-LeaderElection4] INFO  server.RaftServerConfigKeys (ConfUtils.java:logGet(43)) - raft.server.rpc.request.timeout = 3000ms (default)
2019-11-07 17:31:23,741 [cdd73ee1-0650-4948-a59d-6a4aac960b6a@group-0E1B11F8B29B-LeaderElection3] INFO  server.RaftServerConfigKeys (ConfUtils.java:logGet(43)) - raft.server.log.appender.install.snapshot.enabled = false (custom)
2019-11-07 17:31:23,741 [cdd73ee1-0650-4948-a59d-6a4aac960b6a@group-C919B7E91E8E-LeaderElection4] INFO  server.RaftServerConfigKeys (ConfUtils.java:logGet(43)) - raft.server.log.appender.install.snapshot.enabled = false (custom)
2019-11-07 17:31:23,743 [cdd73ee1-0650-4948-a59d-6a4aac960b6a@group-C919B7E91E8E-LeaderElection4] INFO  impl.RoleInfo (RoleInfo.java:updateAndGet(143)) - cdd73ee1-0650-4948-a59d-6a4aac960b6a: start LeaderState
2019-11-07 17:31:23,743 [cdd73ee1-0650-4948-a59d-6a4aac960b6a@group-0E1B11F8B29B-LeaderElection3] INFO  impl.RoleInfo (RoleInfo.java:updateAndGet(143)) - cdd73ee1-0650-4948-a59d-6a4aac960b6a: start LeaderState
2019-11-07 17:31:23,743 [cdd73ee1-0650-4948-a59d-6a4aac960b6a@group-C919B7E91E8E-LeaderElection4] INFO  segmented.SegmentedRaftLogWorker (SegmentedRaftLogWorker.java:startLogSegment(385)) - cdd73ee1-0650-4948-a59d-6a4aac960b6a@group-C919B7E91E8E-SegmentedRaftLogWorker: Starting segment from index:0
2019-11-07 17:31:23,743 [cdd73ee1-0650-4948-a59d-6a4aac960b6a@group-0E1B11F8B29B-LeaderElection3] INFO  segmented.SegmentedRaftLogWorker (SegmentedRaftLogWorker.java:startLogSegment(385)) - cdd73ee1-0650-4948-a59d-6a4aac960b6a@group-0E1B11F8B29B-SegmentedRaftLogWorker: Starting segment from index:0
2019-11-07 17:31:23,744 [cdd73ee1-0650-4948-a59d-6a4aac960b6a@group-C919B7E91E8E-LeaderElection4] INFO  impl.RaftServerImpl (ServerState.java:setRaftConf(356)) - cdd73ee1-0650-4948-a59d-6a4aac960b6a@group-C919B7E91E8E: set configuration 0: [99ce3c13-320b-4021-9cf6-199dd0bed684:192.168.69.106:34308, cdd73ee1-0650-4948-a59d-6a4aac960b6a:192.168.69.106:35716, 9ff4eedc-7f18-41aa-b959-bed1611f05ce:192.168.69.106:37715], old=null at 0
2019-11-07 17:31:23,744 [cdd73ee1-0650-4948-a59d-6a4aac960b6a@group-0E1B11F8B29B-LeaderElection3] INFO  impl.RaftServerImpl (ServerState.java:setRaftConf(356)) - cdd73ee1-0650-4948-a59d-6a4aac960b6a@group-0E1B11F8B29B: set configuration 0: [99ce3c13-320b-4021-9cf6-199dd0bed684:192.168.69.106:34308, cdd73ee1-0650-4948-a59d-6a4aac960b6a:192.168.69.106:35716, 9ff4eedc-7f18-41aa-b959-bed1611f05ce:192.168.69.106:37715], old=null at 0
2019-11-07 17:31:23,800 [grpc-default-executor-1] INFO  impl.RaftServerImpl (ServerState.java:setLeader(255)) - 99ce3c13-320b-4021-9cf6-199dd0bed684@group-C919B7E91E8E: change Leader from null to cdd73ee1-0650-4948-a59d-6a4aac960b6a at term 1 for appendEntries, leader elected after 6076ms
2019-11-07 17:31:23,800 [grpc-default-executor-2] INFO  impl.RaftServerImpl (ServerState.java:setLeader(255)) - 9ff4eedc-7f18-41aa-b959-bed1611f05ce@group-0E1B11F8B29B: change Leader from null to cdd73ee1-0650-4948-a59d-6a4aac960b6a at term 1 for appendEntries, leader elected after 13057ms
2019-11-07 17:31:23,800 [grpc-default-executor-3] INFO  impl.RaftServerImpl (ServerState.java:setLeader(255)) - 9ff4eedc-7f18-41aa-b959-bed1611f05ce@group-C919B7E91E8E: change Leader from null to cdd73ee1-0650-4948-a59d-6a4aac960b6a at term 1 for appendEntries, leader elected after 4545ms
2019-11-07 17:31:23,800 [grpc-default-executor-4] INFO  impl.RaftServerImpl (ServerState.java:setLeader(255)) - 99ce3c13-320b-4021-9cf6-199dd0bed684@group-0E1B11F8B29B: change Leader from null to cdd73ee1-0650-4948-a59d-6a4aac960b6a at term 1 for appendEntries, leader elected after 13059ms
2019-11-07 17:31:23,816 [cdd73ee1-0650-4948-a59d-6a4aac960b6a@group-0E1B11F8B29B-SegmentedRaftLogWorker] INFO  segmented.SegmentedRaftLogWorker (SegmentedRaftLogWorker.java:execute(576)) - cdd73ee1-0650-4948-a59d-6a4aac960b6a@group-0E1B11F8B29B-SegmentedRaftLogWorker: created new log segment /workdir/hadoop-ozone/ozonefs/target/test-dir/MiniOzoneClusterImpl-b77e69ac-8790-49d6-a70a-8834af103527/datanode-2/data/ratis/e354f321-896e-4c03-9ac0-0e1b11f8b29b/current/log_inprogress_0
2019-11-07 17:31:23,816 [cdd73ee1-0650-4948-a59d-6a4aac960b6a@group-C919B7E91E8E-SegmentedRaftLogWorker] INFO  segmented.SegmentedRaftLogWorker (SegmentedRaftLogWorker.java:execute(576)) - cdd73ee1-0650-4948-a59d-6a4aac960b6a@group-C919B7E91E8E-SegmentedRaftLogWorker: created new log segment /workdir/hadoop-ozone/ozonefs/target/test-dir/MiniOzoneClusterImpl-b77e69ac-8790-49d6-a70a-8834af103527/datanode-2/data/ratis/86e518b9-371e-44aa-a44b-c919b7e91e8e/current/log_inprogress_0
2019-11-07 17:31:23,836 [grpc-default-executor-4] INFO  impl.RaftServerImpl (ServerState.java:setRaftConf(356)) - 99ce3c13-320b-4021-9cf6-199dd0bed684@group-C919B7E91E8E: set configuration 0: [99ce3c13-320b-4021-9cf6-199dd0bed684:192.168.69.106:34308, cdd73ee1-0650-4948-a59d-6a4aac960b6a:192.168.69.106:35716, 9ff4eedc-7f18-41aa-b959-bed1611f05ce:192.168.69.106:37715], old=null at 0
2019-11-07 17:31:23,836 [grpc-default-executor-2] INFO  impl.RaftServerImpl (ServerState.java:setRaftConf(356)) - 9ff4eedc-7f18-41aa-b959-bed1611f05ce@group-0E1B11F8B29B: set configuration 0: [99ce3c13-320b-4021-9cf6-199dd0bed684:192.168.69.106:34308, cdd73ee1-0650-4948-a59d-6a4aac960b6a:192.168.69.106:35716, 9ff4eedc-7f18-41aa-b959-bed1611f05ce:192.168.69.106:37715], old=null at 0
2019-11-07 17:31:23,836 [grpc-default-executor-3] INFO  impl.RaftServerImpl (ServerState.java:setRaftConf(356)) - 9ff4eedc-7f18-41aa-b959-bed1611f05ce@group-C919B7E91E8E: set configuration 0: [99ce3c13-320b-4021-9cf6-199dd0bed684:192.168.69.106:34308, cdd73ee1-0650-4948-a59d-6a4aac960b6a:192.168.69.106:35716, 9ff4eedc-7f18-41aa-b959-bed1611f05ce:192.168.69.106:37715], old=null at 0
2019-11-07 17:31:23,836 [grpc-default-executor-1] INFO  impl.RaftServerImpl (ServerState.java:setRaftConf(356)) - 99ce3c13-320b-4021-9cf6-199dd0bed684@group-0E1B11F8B29B: set configuration 0: [99ce3c13-320b-4021-9cf6-199dd0bed684:192.168.69.106:34308, cdd73ee1-0650-4948-a59d-6a4aac960b6a:192.168.69.106:35716, 9ff4eedc-7f18-41aa-b959-bed1611f05ce:192.168.69.106:37715], old=null at 0
2019-11-07 17:31:23,837 [grpc-default-executor-3] INFO  segmented.SegmentedRaftLogWorker (SegmentedRaftLogWorker.java:startLogSegment(385)) - 9ff4eedc-7f18-41aa-b959-bed1611f05ce@group-C919B7E91E8E-SegmentedRaftLogWorker: Starting segment from index:0
2019-11-07 17:31:23,836 [grpc-default-executor-2] INFO  segmented.SegmentedRaftLogWorker (SegmentedRaftLogWorker.java:startLogSegment(385)) - 9ff4eedc-7f18-41aa-b959-bed1611f05ce@group-0E1B11F8B29B-SegmentedRaftLogWorker: Starting segment from index:0
2019-11-07 17:31:23,836 [grpc-default-executor-4] INFO  segmented.SegmentedRaftLogWorker (SegmentedRaftLogWorker.java:startLogSegment(385)) - 99ce3c13-320b-4021-9cf6-199dd0bed684@group-C919B7E91E8E-SegmentedRaftLogWorker: Starting segment from index:0
2019-11-07 17:31:23,837 [grpc-default-executor-1] INFO  segmented.SegmentedRaftLogWorker (SegmentedRaftLogWorker.java:startLogSegment(385)) - 99ce3c13-320b-4021-9cf6-199dd0bed684@group-0E1B11F8B29B-SegmentedRaftLogWorker: Starting segment from index:0
2019-11-07 17:31:23,879 [99ce3c13-320b-4021-9cf6-199dd0bed684@group-0E1B11F8B29B-SegmentedRaftLogWorker] INFO  segmented.SegmentedRaftLogWorker (SegmentedRaftLogWorker.java:execute(576)) - 99ce3c13-320b-4021-9cf6-199dd0bed684@group-0E1B11F8B29B-SegmentedRaftLogWorker: created new log segment /workdir/hadoop-ozone/ozonefs/target/test-dir/MiniOzoneClusterImpl-b77e69ac-8790-49d6-a70a-8834af103527/datanode-7/data/ratis/e354f321-896e-4c03-9ac0-0e1b11f8b29b/current/log_inprogress_0
2019-11-07 17:31:23,879 [9ff4eedc-7f18-41aa-b959-bed1611f05ce@group-0E1B11F8B29B-SegmentedRaftLogWorker] INFO  segmented.SegmentedRaftLogWorker (SegmentedRaftLogWorker.java:execute(576)) - 9ff4eedc-7f18-41aa-b959-bed1611f05ce@group-0E1B11F8B29B-SegmentedRaftLogWorker: created new log segment /workdir/hadoop-ozone/ozonefs/target/test-dir/MiniOzoneClusterImpl-b77e69ac-8790-49d6-a70a-8834af103527/datanode-4/data/ratis/e354f321-896e-4c03-9ac0-0e1b11f8b29b/current/log_inprogress_0
2019-11-07 17:31:23,898 [99ce3c13-320b-4021-9cf6-199dd0bed684@group-C919B7E91E8E-SegmentedRaftLogWorker] INFO  segmented.SegmentedRaftLogWorker (SegmentedRaftLogWorker.java:execute(576)) - 99ce3c13-320b-4021-9cf6-199dd0bed684@group-C919B7E91E8E-SegmentedRaftLogWorker: created new log segment /workdir/hadoop-ozone/ozonefs/target/test-dir/MiniOzoneClusterImpl-b77e69ac-8790-49d6-a70a-8834af103527/datanode-7/data/ratis/86e518b9-371e-44aa-a44b-c919b7e91e8e/current/log_inprogress_0
2019-11-07 17:31:23,899 [9ff4eedc-7f18-41aa-b959-bed1611f05ce@group-C919B7E91E8E-SegmentedRaftLogWorker] INFO  segmented.SegmentedRaftLogWorker (SegmentedRaftLogWorker.java:execute(576)) - 9ff4eedc-7f18-41aa-b959-bed1611f05ce@group-C919B7E91E8E-SegmentedRaftLogWorker: created new log segment /workdir/hadoop-ozone/ozonefs/target/test-dir/MiniOzoneClusterImpl-b77e69ac-8790-49d6-a70a-8834af103527/datanode-4/data/ratis/86e518b9-371e-44aa-a44b-c919b7e91e8e/current/log_inprogress_0
2019-11-07 17:31:24,346 [Thread-313] INFO  impl.FollowerState (FollowerState.java:run(111)) - 9ff4eedc-7f18-41aa-b959-bed1611f05ce@group-B6284FCF1727-FollowerState: change to CANDIDATE, lastRpcTime:5084ms, electionTimeout:5084ms
2019-11-07 17:31:24,347 [Thread-313] INFO  impl.RoleInfo (RoleInfo.java:shutdownFollowerState(121)) - 9ff4eedc-7f18-41aa-b959-bed1611f05ce: shutdown FollowerState
2019-11-07 17:31:24,347 [Thread-313] INFO  impl.RaftServerImpl (RaftServerImpl.java:setRole(173)) - 9ff4eedc-7f18-41aa-b959-bed1611f05ce@group-B6284FCF1727: changes role from  FOLLOWER to CANDIDATE at term 0 for changeToCandidate
2019-11-07 17:31:24,347 [Thread-313] INFO  impl.RoleInfo (RoleInfo.java:updateAndGet(143)) - 9ff4eedc-7f18-41aa-b959-bed1611f05ce: start LeaderElection
2019-11-07 17:31:24,375 [9ff4eedc-7f18-41aa-b959-bed1611f05ce@group-B6284FCF1727-LeaderElection6] INFO  impl.LeaderElection (LeaderElection.java:askForVotes(178)) - 9ff4eedc-7f18-41aa-b959-bed1611f05ce@group-B6284FCF1727-LeaderElection6: begin an election at term 1 for -1: [9ff4eedc-7f18-41aa-b959-bed1611f05ce:192.168.69.106:37715], old=null
2019-11-07 17:31:24,376 [9ff4eedc-7f18-41aa-b959-bed1611f05ce@group-B6284FCF1727-LeaderElection6] INFO  impl.RoleInfo (RoleInfo.java:shutdownLeaderElection(134)) - 9ff4eedc-7f18-41aa-b959-bed1611f05ce: shutdown LeaderElection
2019-11-07 17:31:24,376 [9ff4eedc-7f18-41aa-b959-bed1611f05ce@group-B6284FCF1727-LeaderElection6] INFO  impl.RaftServerImpl (RaftServerImpl.java:setRole(173)) - 9ff4eedc-7f18-41aa-b959-bed1611f05ce@group-B6284FCF1727: changes role from CANDIDATE to LEADER at term 1 for changeToLeader
2019-11-07 17:31:24,376 [9ff4eedc-7f18-41aa-b959-bed1611f05ce@group-B6284FCF1727-LeaderElection6] INFO  impl.RaftServerImpl (ServerState.java:setLeader(255)) - 9ff4eedc-7f18-41aa-b959-bed1611f05ce@group-B6284FCF1727: change Leader from null to 9ff4eedc-7f18-41aa-b959-bed1611f05ce at term 1 for becomeLeader, leader elected after 6652ms
2019-11-07 17:31:24,378 [9ff4eedc-7f18-41aa-b959-bed1611f05ce@group-B6284FCF1727-LeaderElection6] INFO  server.RaftServerConfigKeys (ConfUtils.java:logGet(43)) - raft.server.staging.catchup.gap = 1000 (default)
2019-11-07 17:31:24,379 [9ff4eedc-7f18-41aa-b959-bed1611f05ce@group-B6284FCF1727-LeaderElection6] INFO  server.RaftServerConfigKeys (ConfUtils.java:logGet(43)) - raft.server.rpc.sleep.time = 25ms (default)
2019-11-07 17:31:24,379 [9ff4eedc-7f18-41aa-b959-bed1611f05ce@group-B6284FCF1727-LeaderElection6] INFO  server.RaftServerConfigKeys (ConfUtils.java:logGet(43)) - raft.server.write.element-limit = 4096 (default)
2019-11-07 17:31:24,379 [9ff4eedc-7f18-41aa-b959-bed1611f05ce@group-B6284FCF1727-LeaderElection6] INFO  server.RaftServerConfigKeys (ConfUtils.java:logGet(43)) - raft.server.watch.timeout = 10s (default)
2019-11-07 17:31:24,379 [9ff4eedc-7f18-41aa-b959-bed1611f05ce@group-B6284FCF1727-LeaderElection6] INFO  server.RaftServerConfigKeys (ConfUtils.java:logGet(43)) - raft.server.watch.timeout.denomination = 1s (default)
2019-11-07 17:31:24,379 [9ff4eedc-7f18-41aa-b959-bed1611f05ce@group-B6284FCF1727-LeaderElection6] INFO  server.RaftServerConfigKeys (ConfUtils.java:logGet(43)) - raft.server.watch.element-limit = 65536 (default)
2019-11-07 17:31:24,379 [9ff4eedc-7f18-41aa-b959-bed1611f05ce@group-B6284FCF1727-LeaderElection6] INFO  impl.RoleInfo (RoleInfo.java:updateAndGet(143)) - 9ff4eedc-7f18-41aa-b959-bed1611f05ce: start LeaderState
2019-11-07 17:31:24,379 [9ff4eedc-7f18-41aa-b959-bed1611f05ce@group-B6284FCF1727-LeaderElection6] INFO  segmented.SegmentedRaftLogWorker (SegmentedRaftLogWorker.java:startLogSegment(385)) - 9ff4eedc-7f18-41aa-b959-bed1611f05ce@group-B6284FCF1727-SegmentedRaftLogWorker: Starting segment from index:0
2019-11-07 17:31:24,380 [9ff4eedc-7f18-41aa-b959-bed1611f05ce@group-B6284FCF1727-LeaderElection6] INFO  impl.RaftServerImpl (ServerState.java:setRaftConf(356)) - 9ff4eedc-7f18-41aa-b959-bed1611f05ce@group-B6284FCF1727: set configuration 0: [9ff4eedc-7f18-41aa-b959-bed1611f05ce:192.168.69.106:37715], old=null at 0
2019-11-07 17:31:24,420 [9ff4eedc-7f18-41aa-b959-bed1611f05ce@group-B6284FCF1727-SegmentedRaftLogWorker] INFO  segmented.SegmentedRaftLogWorker (SegmentedRaftLogWorker.java:execute(576)) - 9ff4eedc-7f18-41aa-b959-bed1611f05ce@group-B6284FCF1727-SegmentedRaftLogWorker: created new log segment /workdir/hadoop-ozone/ozonefs/target/test-dir/MiniOzoneClusterImpl-b77e69ac-8790-49d6-a70a-8834af103527/datanode-4/data/ratis/702cff41-135d-454e-9a0c-b6284fcf1727/current/log_inprogress_0
2019-11-07 17:31:27,500 [ForkJoinPool.commonPool-worker-0] INFO  ozoneimpl.OzoneContainer (OzoneContainer.java:stop(227)) - Attempting to stop container services.
2019-11-07 17:31:27,501 [main] INFO  ozoneimpl.OzoneContainer (OzoneContainer.java:stop(227)) - Attempting to stop container services.
2019-11-07 17:31:27,501 [main] INFO  impl.RaftServerProxy (RaftServerProxy.java:lambda$close$4(314)) - be1eab1f-e55b-4a66-815d-696df07f94d4: close
2019-11-07 17:31:27,501 [ForkJoinPool.commonPool-worker-0] INFO  impl.RaftServerProxy (RaftServerProxy.java:lambda$close$4(314)) - cdd73ee1-0650-4948-a59d-6a4aac960b6a: close
2019-11-07 17:31:27,503 [main] INFO  server.GrpcService (GrpcService.java:closeImpl(164)) - be1eab1f-e55b-4a66-815d-696df07f94d4: shutdown server with port 35508 now
2019-11-07 17:31:27,503 [ForkJoinPool.commonPool-worker-0] INFO  impl.RaftServerImpl (RaftServerImpl.java:lambda$shutdown$3(250)) - cdd73ee1-0650-4948-a59d-6a4aac960b6a@group-0E1B11F8B29B: shutdown
2019-11-07 17:31:27,504 [ForkJoinPool.commonPool-worker-0] INFO  util.JmxRegister (JmxRegister.java:unregister(73)) - Successfully un-registered JMX Bean with object name Ratis:service=RaftServer,group=group-0E1B11F8B29B,id=cdd73ee1-0650-4948-a59d-6a4aac960b6a
2019-11-07 17:31:27,504 [ForkJoinPool.commonPool-worker-0] INFO  impl.RoleInfo (RoleInfo.java:shutdownLeaderState(104)) - cdd73ee1-0650-4948-a59d-6a4aac960b6a: shutdown LeaderState
2019-11-07 17:31:27,510 [org.apache.ratis.server.impl.LogAppender$AppenderDaemon$$Lambda$486/548432394@79878bdf] WARN  server.GrpcLogAppender (GrpcLogAppender.java:mayWait(149)) - cdd73ee1-0650-4948-a59d-6a4aac960b6a@group-0E1B11F8B29B->9ff4eedc-7f18-41aa-b959-bed1611f05ce-GrpcLogAppender: Wait interrupted by java.lang.InterruptedException
2019-11-07 17:31:27,510 [org.apache.ratis.server.impl.LogAppender$AppenderDaemon$$Lambda$486/548432394@1a53f0a] WARN  server.GrpcLogAppender (GrpcLogAppender.java:mayWait(149)) - cdd73ee1-0650-4948-a59d-6a4aac960b6a@group-0E1B11F8B29B->99ce3c13-320b-4021-9cf6-199dd0bed684-GrpcLogAppender: Wait interrupted by java.lang.InterruptedException
2019-11-07 17:31:27,512 [ForkJoinPool.commonPool-worker-0] INFO  impl.PendingRequests (PendingRequests.java:sendNotLeaderResponses(206)) - cdd73ee1-0650-4948-a59d-6a4aac960b6a@group-0E1B11F8B29B-PendingRequests: sendNotLeaderResponses
2019-11-07 17:31:27,513 [main] INFO  server.GrpcService (GrpcService.java:closeImpl(172)) - be1eab1f-e55b-4a66-815d-696df07f94d4: shutdown server with port 35508 successfully
2019-11-07 17:31:27,517 [grpc-default-executor-1] INFO  server.GrpcServerProtocolService (GrpcServerProtocolService.java:onCompleted(113)) - 99ce3c13-320b-4021-9cf6-199dd0bed684: Completed APPEND_ENTRIES, lastRequest: cdd73ee1-0650-4948-a59d-6a4aac960b6a->99ce3c13-320b-4021-9cf6-199dd0bed684#2-t1, previous=(t:1, i:0), leaderCommit=0, initializing? false, entries: <empty>
2019-11-07 17:31:27,517 [grpc-default-executor-2] INFO  server.GrpcServerProtocolService (GrpcServerProtocolService.java:onCompleted(113)) - 9ff4eedc-7f18-41aa-b959-bed1611f05ce: Completed APPEND_ENTRIES, lastRequest: cdd73ee1-0650-4948-a59d-6a4aac960b6a->9ff4eedc-7f18-41aa-b959-bed1611f05ce#2-t1, previous=(t:1, i:0), leaderCommit=0, initializing? false, entries: <empty>
2019-11-07 17:31:27,520 [ForkJoinPool.commonPool-worker-0] INFO  impl.StateMachineUpdater (StateMachineUpdater.java:stopAndJoin(136)) - cdd73ee1-0650-4948-a59d-6a4aac960b6a@group-0E1B11F8B29B-StateMachineUpdater: set stopIndex = 0
2019-11-07 17:31:27,522 [refreshUsed-/workdir/hadoop-ozone/ozonefs/target/test-dir/MiniOzoneClusterImpl-b77e69ac-8790-49d6-a70a-8834af103527/datanode-5/data/containers] WARN  fs.CachingGetSpaceUsed (CachingGetSpaceUsed.java:run(183)) - Thread Interrupted waiting to refresh disk information: sleep interrupted
2019-11-07 17:31:27,522 [ForkJoinPool.commonPool-worker-0] INFO  impl.RaftServerImpl (ServerState.java:close(387)) - cdd73ee1-0650-4948-a59d-6a4aac960b6a@group-0E1B11F8B29B: closes. applyIndex: 0
2019-11-07 17:31:27,531 [grpc-default-executor-1] INFO  server.GrpcLogAppender (GrpcLogAppender.java:onCompleted(308)) - cdd73ee1-0650-4948-a59d-6a4aac960b6a@group-0E1B11F8B29B->9ff4eedc-7f18-41aa-b959-bed1611f05ce-AppendLogResponseHandler: follower responses appendEntries COMPLETED
2019-11-07 17:31:27,531 [grpc-default-executor-2] INFO  server.GrpcLogAppender (GrpcLogAppender.java:onCompleted(308)) - cdd73ee1-0650-4948-a59d-6a4aac960b6a@group-0E1B11F8B29B->99ce3c13-320b-4021-9cf6-199dd0bed684-AppendLogResponseHandler: follower responses appendEntries COMPLETED
2019-11-07 17:31:27,536 [cdd73ee1-0650-4948-a59d-6a4aac960b6a@group-0E1B11F8B29B-SegmentedRaftLogWorker] INFO  segmented.SegmentedRaftLogWorker (SegmentedRaftLogWorker.java:run(316)) - cdd73ee1-0650-4948-a59d-6a4aac960b6a@group-0E1B11F8B29B-SegmentedRaftLogWorker was interrupted, exiting. There are 0 tasks remaining in the queue.
2019-11-07 17:31:27,538 [ForkJoinPool.commonPool-worker-0] INFO  segmented.SegmentedRaftLogWorker (SegmentedRaftLogWorker.java:close(224)) - cdd73ee1-0650-4948-a59d-6a4aac960b6a@group-0E1B11F8B29B-SegmentedRaftLogWorker close()
2019-11-07 17:31:27,541 [ForkJoinPool.commonPool-worker-0] INFO  impl.RaftServerImpl (RaftServerImpl.java:lambda$shutdown$3(250)) - cdd73ee1-0650-4948-a59d-6a4aac960b6a@group-BE641617BA9C: shutdown
2019-11-07 17:31:27,541 [ForkJoinPool.commonPool-worker-0] INFO  util.JmxRegister (JmxRegister.java:unregister(73)) - Successfully un-registered JMX Bean with object name Ratis:service=RaftServer,group=group-BE641617BA9C,id=cdd73ee1-0650-4948-a59d-6a4aac960b6a
2019-11-07 17:31:27,542 [ForkJoinPool.commonPool-worker-0] INFO  impl.RoleInfo (RoleInfo.java:shutdownFollowerState(121)) - cdd73ee1-0650-4948-a59d-6a4aac960b6a: shutdown FollowerState
2019-11-07 17:31:27,542 [ForkJoinPool.commonPool-worker-0] INFO  impl.StateMachineUpdater (StateMachineUpdater.java:stopAndJoin(136)) - cdd73ee1-0650-4948-a59d-6a4aac960b6a@group-BE641617BA9C-StateMachineUpdater: set stopIndex = -1
2019-11-07 17:31:27,542 [Thread-333] INFO  impl.FollowerState (FollowerState.java:run(120)) - cdd73ee1-0650-4948-a59d-6a4aac960b6a@group-BE641617BA9C-FollowerState was interrupted: java.lang.InterruptedException: sleep interrupted
2019-11-07 17:31:27,543 [ForkJoinPool.commonPool-worker-0] INFO  impl.RaftServerImpl (ServerState.java:close(387)) - cdd73ee1-0650-4948-a59d-6a4aac960b6a@group-BE641617BA9C: closes. applyIndex: -1
2019-11-07 17:31:27,545 [cdd73ee1-0650-4948-a59d-6a4aac960b6a@group-BE641617BA9C-SegmentedRaftLogWorker] INFO  segmented.SegmentedRaftLogWorker (SegmentedRaftLogWorker.java:run(316)) - cdd73ee1-0650-4948-a59d-6a4aac960b6a@group-BE641617BA9C-SegmentedRaftLogWorker was interrupted, exiting. There are 0 tasks remaining in the queue.
2019-11-07 17:31:27,545 [ForkJoinPool.commonPool-worker-0] INFO  segmented.SegmentedRaftLogWorker (SegmentedRaftLogWorker.java:close(224)) - cdd73ee1-0650-4948-a59d-6a4aac960b6a@group-BE641617BA9C-SegmentedRaftLogWorker close()
2019-11-07 17:31:27,548 [ForkJoinPool.commonPool-worker-0] INFO  impl.RaftServerImpl (RaftServerImpl.java:lambda$shutdown$3(250)) - cdd73ee1-0650-4948-a59d-6a4aac960b6a@group-C919B7E91E8E: shutdown
2019-11-07 17:31:27,548 [ForkJoinPool.commonPool-worker-0] INFO  util.JmxRegister (JmxRegister.java:unregister(73)) - Successfully un-registered JMX Bean with object name Ratis:service=RaftServer,group=group-C919B7E91E8E,id=cdd73ee1-0650-4948-a59d-6a4aac960b6a
2019-11-07 17:31:27,548 [ForkJoinPool.commonPool-worker-0] INFO  impl.RoleInfo (RoleInfo.java:shutdownLeaderState(104)) - cdd73ee1-0650-4948-a59d-6a4aac960b6a: shutdown LeaderState
2019-11-07 17:31:27,551 [ForkJoinPool.commonPool-worker-0] INFO  impl.PendingRequests (PendingRequests.java:sendNotLeaderResponses(206)) - cdd73ee1-0650-4948-a59d-6a4aac960b6a@group-C919B7E91E8E-PendingRequests: sendNotLeaderResponses
2019-11-07 17:31:27,551 [org.apache.ratis.server.impl.LogAppender$AppenderDaemon$$Lambda$486/548432394@7e99e88b] WARN  server.GrpcLogAppender (GrpcLogAppender.java:mayWait(149)) - cdd73ee1-0650-4948-a59d-6a4aac960b6a@group-C919B7E91E8E->9ff4eedc-7f18-41aa-b959-bed1611f05ce-GrpcLogAppender: Wait interrupted by java.lang.InterruptedException
2019-11-07 17:31:27,551 [org.apache.ratis.server.impl.LogAppender$AppenderDaemon$$Lambda$486/548432394@54173751] WARN  server.GrpcLogAppender (GrpcLogAppender.java:mayWait(149)) - cdd73ee1-0650-4948-a59d-6a4aac960b6a@group-C919B7E91E8E->99ce3c13-320b-4021-9cf6-199dd0bed684-GrpcLogAppender: Wait interrupted by java.lang.InterruptedException
2019-11-07 17:31:27,551 [ForkJoinPool.commonPool-worker-0] INFO  impl.StateMachineUpdater (StateMachineUpdater.java:stopAndJoin(136)) - cdd73ee1-0650-4948-a59d-6a4aac960b6a@group-C919B7E91E8E-StateMachineUpdater: set stopIndex = 0
2019-11-07 17:31:27,557 [ForkJoinPool.commonPool-worker-0] INFO  impl.RaftServerImpl (ServerState.java:close(387)) - cdd73ee1-0650-4948-a59d-6a4aac960b6a@group-C919B7E91E8E: closes. applyIndex: 0
2019-11-07 17:31:27,557 [cdd73ee1-0650-4948-a59d-6a4aac960b6a@group-C919B7E91E8E-SegmentedRaftLogWorker] INFO  segmented.SegmentedRaftLogWorker (SegmentedRaftLogWorker.java:run(316)) - cdd73ee1-0650-4948-a59d-6a4aac960b6a@group-C919B7E91E8E-SegmentedRaftLogWorker was interrupted, exiting. There are 0 tasks remaining in the queue.
2019-11-07 17:31:27,559 [ForkJoinPool.commonPool-worker-0] INFO  segmented.SegmentedRaftLogWorker (SegmentedRaftLogWorker.java:close(224)) - cdd73ee1-0650-4948-a59d-6a4aac960b6a@group-C919B7E91E8E-SegmentedRaftLogWorker close()
2019-11-07 17:31:27,559 [grpc-default-executor-3] INFO  server.GrpcServerProtocolService (GrpcServerProtocolService.java:onCompleted(113)) - 99ce3c13-320b-4021-9cf6-199dd0bed684: Completed APPEND_ENTRIES, lastRequest: cdd73ee1-0650-4948-a59d-6a4aac960b6a->99ce3c13-320b-4021-9cf6-199dd0bed684#2-t1, previous=(t:1, i:0), leaderCommit=0, initializing? false, entries: <empty>
2019-11-07 17:31:27,559 [grpc-default-executor-4] INFO  server.GrpcServerProtocolService (GrpcServerProtocolService.java:onCompleted(113)) - 9ff4eedc-7f18-41aa-b959-bed1611f05ce: Completed APPEND_ENTRIES, lastRequest: cdd73ee1-0650-4948-a59d-6a4aac960b6a->9ff4eedc-7f18-41aa-b959-bed1611f05ce#2-t1, previous=(t:1, i:0), leaderCommit=0, initializing? false, entries: <empty>
2019-11-07 17:31:27,561 [ForkJoinPool.commonPool-worker-0] INFO  server.GrpcService (GrpcService.java:closeImpl(164)) - cdd73ee1-0650-4948-a59d-6a4aac960b6a: shutdown server with port 35716 now
2019-11-07 17:31:27,561 [grpc-default-executor-4] INFO  server.GrpcLogAppender (GrpcLogAppender.java:onCompleted(308)) - cdd73ee1-0650-4948-a59d-6a4aac960b6a@group-C919B7E91E8E->9ff4eedc-7f18-41aa-b959-bed1611f05ce-AppendLogResponseHandler: follower responses appendEntries COMPLETED
2019-11-07 17:31:27,561 [grpc-default-executor-3] INFO  server.GrpcLogAppender (GrpcLogAppender.java:onCompleted(308)) - cdd73ee1-0650-4948-a59d-6a4aac960b6a@group-C919B7E91E8E->99ce3c13-320b-4021-9cf6-199dd0bed684-AppendLogResponseHandler: follower responses appendEntries COMPLETED
2019-11-07 17:31:27,562 [ForkJoinPool.commonPool-worker-0] INFO  server.GrpcService (GrpcService.java:closeImpl(172)) - cdd73ee1-0650-4948-a59d-6a4aac960b6a: shutdown server with port 35716 successfully
2019-11-07 17:31:27,564 [grpc-default-executor-2] INFO  impl.FollowerInfo (FollowerInfo.java:lambda$new$0(51)) - cdd73ee1-0650-4948-a59d-6a4aac960b6a@group-0E1B11F8B29B->99ce3c13-320b-4021-9cf6-199dd0bed684: nextIndex: updateUnconditionally 1 -> 0
2019-11-07 17:31:27,565 [grpc-default-executor-4] INFO  impl.FollowerInfo (FollowerInfo.java:lambda$new$0(51)) - cdd73ee1-0650-4948-a59d-6a4aac960b6a@group-C919B7E91E8E->9ff4eedc-7f18-41aa-b959-bed1611f05ce: nextIndex: updateUnconditionally 1 -> 0
2019-11-07 17:31:27,565 [grpc-default-executor-3] INFO  impl.FollowerInfo (FollowerInfo.java:lambda$new$0(51)) - cdd73ee1-0650-4948-a59d-6a4aac960b6a@group-C919B7E91E8E->99ce3c13-320b-4021-9cf6-199dd0bed684: nextIndex: updateUnconditionally 1 -> 0
2019-11-07 17:31:27,566 [grpc-default-executor-1] INFO  impl.FollowerInfo (FollowerInfo.java:lambda$new$0(51)) - cdd73ee1-0650-4948-a59d-6a4aac960b6a@group-0E1B11F8B29B->9ff4eedc-7f18-41aa-b959-bed1611f05ce: nextIndex: updateUnconditionally 1 -> 0
2019-11-07 17:31:27,567 [refreshUsed-/workdir/hadoop-ozone/ozonefs/target/test-dir/MiniOzoneClusterImpl-b77e69ac-8790-49d6-a70a-8834af103527/datanode-2/data/containers] WARN  fs.CachingGetSpaceUsed (CachingGetSpaceUsed.java:run(183)) - Thread Interrupted waiting to refresh disk information: sleep interrupted
2019-11-07 17:31:27,578 [main] INFO  utils.BackgroundService (BackgroundService.java:shutdown(151)) - Shutting down service BlockDeletingService
2019-11-07 17:31:27,582 [main] INFO  statemachine.DatanodeStateMachine (DatanodeStateMachine.java:stopDaemon(395)) - Ozone container server stopped.
2019-11-07 17:31:27,583 [main] INFO  handler.ContextHandler (ContextHandler.java:doStop(910)) - Stopped o.e.j.w.WebAppContext@459f703f{/,null,UNAVAILABLE}{/hddsDatanode}
2019-11-07 17:31:27,584 [main] INFO  server.AbstractConnector (AbstractConnector.java:doStop(318)) - Stopped ServerConnector@188ac8a3{HTTP/1.1,[http/1.1]}{0.0.0.0:0}
2019-11-07 17:31:27,584 [main] INFO  handler.ContextHandler (ContextHandler.java:doStop(910)) - Stopped o.e.j.s.ServletContextHandler@5f254608{/static,jar:file:/home/user/.m2/repository/org/apache/hadoop/hadoop-hdds-container-service/0.5.0-SNAPSHOT/hadoop-hdds-container-service-0.5.0-SNAPSHOT.jar!/webapps/static,UNAVAILABLE}
2019-11-07 17:31:27,584 [main] INFO  handler.ContextHandler (ContextHandler.java:doStop(910)) - Stopped o.e.j.s.ServletContextHandler@75181b50{/logs,file:///workdir/hadoop-ozone/ozonefs/target/log,UNAVAILABLE}
2019-11-07 17:31:27,589 [ForkJoinPool.commonPool-worker-0] INFO  utils.BackgroundService (BackgroundService.java:shutdown(151)) - Shutting down service BlockDeletingService
2019-11-07 17:31:27,593 [ForkJoinPool.commonPool-worker-0] INFO  statemachine.DatanodeStateMachine (DatanodeStateMachine.java:stopDaemon(395)) - Ozone container server stopped.
2019-11-07 17:31:27,596 [ForkJoinPool.commonPool-worker-0] INFO  handler.ContextHandler (ContextHandler.java:doStop(910)) - Stopped o.e.j.w.WebAppContext@671d1157{/,null,UNAVAILABLE}{/hddsDatanode}
2019-11-07 17:31:27,597 [ForkJoinPool.commonPool-worker-0] INFO  server.AbstractConnector (AbstractConnector.java:doStop(318)) - Stopped ServerConnector@60c8a093{HTTP/1.1,[http/1.1]}{0.0.0.0:0}
2019-11-07 17:31:27,603 [ForkJoinPool.commonPool-worker-0] INFO  handler.ContextHandler (ContextHandler.java:doStop(910)) - Stopped o.e.j.s.ServletContextHandler@748d2277{/static,jar:file:/home/user/.m2/repository/org/apache/hadoop/hadoop-hdds-container-service/0.5.0-SNAPSHOT/hadoop-hdds-container-service-0.5.0-SNAPSHOT.jar!/webapps/static,UNAVAILABLE}
2019-11-07 17:31:27,605 [ForkJoinPool.commonPool-worker-0] INFO  handler.ContextHandler (ContextHandler.java:doStop(910)) - Stopped o.e.j.s.ServletContextHandler@411c6d44{/logs,file:///workdir/hadoop-ozone/ozonefs/target/log,UNAVAILABLE}
2019-11-07 17:31:28,248 [Datanode State Machine Thread - 0] INFO  statemachine.DatanodeStateMachine (DatanodeStateMachine.java:lambda$startDaemon$0(350)) - Ozone container server started.
2019-11-07 17:31:28,252 [Datanode State Machine Thread - 0] INFO  statemachine.DatanodeStateMachine (DatanodeStateMachine.java:lambda$startDaemon$0(350)) - Ozone container server started.
2019-11-07 17:31:28,502 [Thread-337] INFO  impl.FollowerState (FollowerState.java:run(111)) - 99ce3c13-320b-4021-9cf6-199dd0bed684@group-BE641617BA9C-FollowerState: change to CANDIDATE, lastRpcTime:5147ms, electionTimeout:5147ms
2019-11-07 17:31:28,502 [Thread-337] INFO  impl.RoleInfo (RoleInfo.java:shutdownFollowerState(121)) - 99ce3c13-320b-4021-9cf6-199dd0bed684: shutdown FollowerState
2019-11-07 17:31:28,502 [Thread-337] INFO  impl.RaftServerImpl (RaftServerImpl.java:setRole(173)) - 99ce3c13-320b-4021-9cf6-199dd0bed684@group-BE641617BA9C: changes role from  FOLLOWER to CANDIDATE at term 0 for changeToCandidate
2019-11-07 17:31:28,502 [Thread-337] INFO  impl.RoleInfo (RoleInfo.java:updateAndGet(143)) - 99ce3c13-320b-4021-9cf6-199dd0bed684: start LeaderElection
2019-11-07 17:31:28,540 [Thread-338] INFO  impl.FollowerState (FollowerState.java:run(111)) - 9ff4eedc-7f18-41aa-b959-bed1611f05ce@group-BE641617BA9C-FollowerState: change to CANDIDATE, lastRpcTime:5185ms, electionTimeout:5185ms
2019-11-07 17:31:28,540 [Thread-338] INFO  impl.RoleInfo (RoleInfo.java:shutdownFollowerState(121)) - 9ff4eedc-7f18-41aa-b959-bed1611f05ce: shutdown FollowerState
2019-11-07 17:31:28,540 [Thread-338] INFO  impl.RaftServerImpl (RaftServerImpl.java:setRole(173)) - 9ff4eedc-7f18-41aa-b959-bed1611f05ce@group-BE641617BA9C: changes role from  FOLLOWER to CANDIDATE at term 0 for changeToCandidate
2019-11-07 17:31:28,540 [Thread-338] INFO  impl.RoleInfo (RoleInfo.java:updateAndGet(143)) - 9ff4eedc-7f18-41aa-b959-bed1611f05ce: start LeaderElection
2019-11-07 17:31:28,590 [99ce3c13-320b-4021-9cf6-199dd0bed684@group-BE641617BA9C-LeaderElection7] INFO  impl.LeaderElection (LeaderElection.java:askForVotes(178)) - 99ce3c13-320b-4021-9cf6-199dd0bed684@group-BE641617BA9C-LeaderElection7: begin an election at term 1 for -1: [99ce3c13-320b-4021-9cf6-199dd0bed684:192.168.69.106:34308, cdd73ee1-0650-4948-a59d-6a4aac960b6a:192.168.69.106:35716, 9ff4eedc-7f18-41aa-b959-bed1611f05ce:192.168.69.106:37715], old=null
2019-11-07 17:31:28,590 [9ff4eedc-7f18-41aa-b959-bed1611f05ce@group-BE641617BA9C-LeaderElection8] INFO  impl.LeaderElection (LeaderElection.java:askForVotes(178)) - 9ff4eedc-7f18-41aa-b959-bed1611f05ce@group-BE641617BA9C-LeaderElection8: begin an election at term 1 for -1: [99ce3c13-320b-4021-9cf6-199dd0bed684:192.168.69.106:34308, cdd73ee1-0650-4948-a59d-6a4aac960b6a:192.168.69.106:35716, 9ff4eedc-7f18-41aa-b959-bed1611f05ce:192.168.69.106:37715], old=null
2019-11-07 17:31:28,619 [99ce3c13-320b-4021-9cf6-199dd0bed684@group-BE641617BA9C-LeaderElection7] INFO  impl.LeaderElection (LogUtils.java:infoOrTrace(149)) - 99ce3c13-320b-4021-9cf6-199dd0bed684@group-BE641617BA9C-LeaderElection7 got exception when requesting votes: {}
java.util.concurrent.ExecutionException: org.apache.ratis.thirdparty.io.grpc.StatusRuntimeException: UNAVAILABLE: io exception
	at java.util.concurrent.FutureTask.report(FutureTask.java:122)
	at java.util.concurrent.FutureTask.get(FutureTask.java:192)
	at org.apache.ratis.server.impl.LeaderElection.waitForResults(LeaderElection.java:259)
	at org.apache.ratis.server.impl.LeaderElection.askForVotes(LeaderElection.java:197)
	at org.apache.ratis.server.impl.LeaderElection.run(LeaderElection.java:133)
	at java.lang.Thread.run(Thread.java:748)
Caused by: org.apache.ratis.thirdparty.io.grpc.StatusRuntimeException: UNAVAILABLE: io exception
	at org.apache.ratis.thirdparty.io.grpc.stub.ClientCalls.toStatusRuntimeException(ClientCalls.java:233)
	at org.apache.ratis.thirdparty.io.grpc.stub.ClientCalls.getUnchecked(ClientCalls.java:214)
	at org.apache.ratis.thirdparty.io.grpc.stub.ClientCalls.blockingUnaryCall(ClientCalls.java:139)
	at org.apache.ratis.proto.grpc.RaftServerProtocolServiceGrpc$RaftServerProtocolServiceBlockingStub.requestVote(RaftServerProtocolServiceGrpc.java:265)
	at org.apache.ratis.grpc.server.GrpcServerProtocolClient.requestVote(GrpcServerProtocolClient.java:99)
	at org.apache.ratis.grpc.server.GrpcService.requestVote(GrpcService.java:204)
	at org.apache.ratis.server.impl.LeaderElection.lambda$submitRequests$1(LeaderElection.java:234)
	at java.util.concurrent.FutureTask.run(FutureTask.java:266)
	at java.util.concurrent.Executors$RunnableAdapter.call(Executors.java:511)
	at java.util.concurrent.FutureTask.run(FutureTask.java:266)
	at java.util.concurrent.ThreadPoolExecutor.runWorker(ThreadPoolExecutor.java:1149)
	at java.util.concurrent.ThreadPoolExecutor$Worker.run(ThreadPoolExecutor.java:624)
	... 1 more
Caused by: org.apache.ratis.thirdparty.io.netty.channel.AbstractChannel$AnnotatedConnectException: Connection refused: /192.168.69.106:35716
	at sun.nio.ch.SocketChannelImpl.checkConnect(Native Method)
	at sun.nio.ch.SocketChannelImpl.finishConnect(SocketChannelImpl.java:717)
	at org.apache.ratis.thirdparty.io.netty.channel.socket.nio.NioSocketChannel.doFinishConnect(NioSocketChannel.java:327)
	at org.apache.ratis.thirdparty.io.netty.channel.nio.AbstractNioChannel$AbstractNioUnsafe.finishConnect(AbstractNioChannel.java:340)
	at org.apache.ratis.thirdparty.io.netty.channel.nio.NioEventLoop.processSelectedKey(NioEventLoop.java:632)
	at org.apache.ratis.thirdparty.io.netty.channel.nio.NioEventLoop.processSelectedKeysOptimized(NioEventLoop.java:579)
	at org.apache.ratis.thirdparty.io.netty.channel.nio.NioEventLoop.processSelectedKeys(NioEventLoop.java:496)
	at org.apache.ratis.thirdparty.io.netty.channel.nio.NioEventLoop.run(NioEventLoop.java:458)
	at org.apache.ratis.thirdparty.io.netty.util.concurrent.SingleThreadEventExecutor$5.run(SingleThreadEventExecutor.java:897)
	at org.apache.ratis.thirdparty.io.netty.util.concurrent.FastThreadLocalRunnable.run(FastThreadLocalRunnable.java:30)
	... 1 more
Caused by: java.net.ConnectException: Connection refused
	... 11 more
2019-11-07 17:31:28,619 [9ff4eedc-7f18-41aa-b959-bed1611f05ce@group-BE641617BA9C-LeaderElection8] INFO  impl.LeaderElection (LogUtils.java:infoOrTrace(149)) - 9ff4eedc-7f18-41aa-b959-bed1611f05ce@group-BE641617BA9C-LeaderElection8 got exception when requesting votes: {}
java.util.concurrent.ExecutionException: org.apache.ratis.thirdparty.io.grpc.StatusRuntimeException: UNAVAILABLE: io exception
	at java.util.concurrent.FutureTask.report(FutureTask.java:122)
	at java.util.concurrent.FutureTask.get(FutureTask.java:192)
	at org.apache.ratis.server.impl.LeaderElection.waitForResults(LeaderElection.java:259)
	at org.apache.ratis.server.impl.LeaderElection.askForVotes(LeaderElection.java:197)
	at org.apache.ratis.server.impl.LeaderElection.run(LeaderElection.java:133)
	at java.lang.Thread.run(Thread.java:748)
Caused by: org.apache.ratis.thirdparty.io.grpc.StatusRuntimeException: UNAVAILABLE: io exception
	at org.apache.ratis.thirdparty.io.grpc.stub.ClientCalls.toStatusRuntimeException(ClientCalls.java:233)
	at org.apache.ratis.thirdparty.io.grpc.stub.ClientCalls.getUnchecked(ClientCalls.java:214)
	at org.apache.ratis.thirdparty.io.grpc.stub.ClientCalls.blockingUnaryCall(ClientCalls.java:139)
	at org.apache.ratis.proto.grpc.RaftServerProtocolServiceGrpc$RaftServerProtocolServiceBlockingStub.requestVote(RaftServerProtocolServiceGrpc.java:265)
	at org.apache.ratis.grpc.server.GrpcServerProtocolClient.requestVote(GrpcServerProtocolClient.java:99)
	at org.apache.ratis.grpc.server.GrpcService.requestVote(GrpcService.java:204)
	at org.apache.ratis.server.impl.LeaderElection.lambda$submitRequests$1(LeaderElection.java:234)
	at java.util.concurrent.FutureTask.run(FutureTask.java:266)
	at java.util.concurrent.Executors$RunnableAdapter.call(Executors.java:511)
	at java.util.concurrent.FutureTask.run(FutureTask.java:266)
	at java.util.concurrent.ThreadPoolExecutor.runWorker(ThreadPoolExecutor.java:1149)
	at java.util.concurrent.ThreadPoolExecutor$Worker.run(ThreadPoolExecutor.java:624)
	... 1 more
Caused by: org.apache.ratis.thirdparty.io.netty.channel.AbstractChannel$AnnotatedConnectException: Connection refused: /192.168.69.106:35716
	at sun.nio.ch.SocketChannelImpl.checkConnect(Native Method)
	at sun.nio.ch.SocketChannelImpl.finishConnect(SocketChannelImpl.java:717)
	at org.apache.ratis.thirdparty.io.netty.channel.socket.nio.NioSocketChannel.doFinishConnect(NioSocketChannel.java:327)
	at org.apache.ratis.thirdparty.io.netty.channel.nio.AbstractNioChannel$AbstractNioUnsafe.finishConnect(AbstractNioChannel.java:340)
	at org.apache.ratis.thirdparty.io.netty.channel.nio.NioEventLoop.processSelectedKey(NioEventLoop.java:632)
	at org.apache.ratis.thirdparty.io.netty.channel.nio.NioEventLoop.processSelectedKeysOptimized(NioEventLoop.java:579)
	at org.apache.ratis.thirdparty.io.netty.channel.nio.NioEventLoop.processSelectedKeys(NioEventLoop.java:496)
	at org.apache.ratis.thirdparty.io.netty.channel.nio.NioEventLoop.run(NioEventLoop.java:458)
	at org.apache.ratis.thirdparty.io.netty.util.concurrent.SingleThreadEventExecutor$5.run(SingleThreadEventExecutor.java:897)
	at org.apache.ratis.thirdparty.io.netty.util.concurrent.FastThreadLocalRunnable.run(FastThreadLocalRunnable.java:30)
	... 1 more
Caused by: java.net.ConnectException: Connection refused
	... 11 more
2019-11-07 17:31:28,621 [99ce3c13-320b-4021-9cf6-199dd0bed684@group-BE641617BA9C-LeaderElection7] INFO  impl.LeaderElection (LeaderElection.java:logAndReturn(56)) - 99ce3c13-320b-4021-9cf6-199dd0bed684@group-BE641617BA9C-LeaderElection7: Election REJECTED; received 1 response(s) [99ce3c13-320b-4021-9cf6-199dd0bed684<-9ff4eedc-7f18-41aa-b959-bed1611f05ce#0:FAIL-t1] and 1 exception(s); 99ce3c13-320b-4021-9cf6-199dd0bed684@group-BE641617BA9C:t1, leader=null, voted=99ce3c13-320b-4021-9cf6-199dd0bed684, raftlog=99ce3c13-320b-4021-9cf6-199dd0bed684@group-BE641617BA9C-SegmentedRaftLog:OPENED:c-1,f-1,i0, conf=-1: [99ce3c13-320b-4021-9cf6-199dd0bed684:192.168.69.106:34308, cdd73ee1-0650-4948-a59d-6a4aac960b6a:192.168.69.106:35716, 9ff4eedc-7f18-41aa-b959-bed1611f05ce:192.168.69.106:37715], old=null
2019-11-07 17:31:28,625 [99ce3c13-320b-4021-9cf6-199dd0bed684@group-BE641617BA9C-LeaderElection7] INFO  impl.LeaderElection (LogUtils.java:infoOrTrace(149)) -   Exception 0: {}
java.util.concurrent.ExecutionException: org.apache.ratis.thirdparty.io.grpc.StatusRuntimeException: UNAVAILABLE: io exception
	at java.util.concurrent.FutureTask.report(FutureTask.java:122)
	at java.util.concurrent.FutureTask.get(FutureTask.java:192)
	at org.apache.ratis.server.impl.LeaderElection.waitForResults(LeaderElection.java:259)
	at org.apache.ratis.server.impl.LeaderElection.askForVotes(LeaderElection.java:197)
	at org.apache.ratis.server.impl.LeaderElection.run(LeaderElection.java:133)
	at java.lang.Thread.run(Thread.java:748)
Caused by: org.apache.ratis.thirdparty.io.grpc.StatusRuntimeException: UNAVAILABLE: io exception
	at org.apache.ratis.thirdparty.io.grpc.stub.ClientCalls.toStatusRuntimeException(ClientCalls.java:233)
	at org.apache.ratis.thirdparty.io.grpc.stub.ClientCalls.getUnchecked(ClientCalls.java:214)
	at org.apache.ratis.thirdparty.io.grpc.stub.ClientCalls.blockingUnaryCall(ClientCalls.java:139)
	at org.apache.ratis.proto.grpc.RaftServerProtocolServiceGrpc$RaftServerProtocolServiceBlockingStub.requestVote(RaftServerProtocolServiceGrpc.java:265)
	at org.apache.ratis.grpc.server.GrpcServerProtocolClient.requestVote(GrpcServerProtocolClient.java:99)
	at org.apache.ratis.grpc.server.GrpcService.requestVote(GrpcService.java:204)
	at org.apache.ratis.server.impl.LeaderElection.lambda$submitRequests$1(LeaderElection.java:234)
	at java.util.concurrent.FutureTask.run(FutureTask.java:266)
	at java.util.concurrent.Executors$RunnableAdapter.call(Executors.java:511)
	at java.util.concurrent.FutureTask.run(FutureTask.java:266)
	at java.util.concurrent.ThreadPoolExecutor.runWorker(ThreadPoolExecutor.java:1149)
	at java.util.concurrent.ThreadPoolExecutor$Worker.run(ThreadPoolExecutor.java:624)
	... 1 more
Caused by: org.apache.ratis.thirdparty.io.netty.channel.AbstractChannel$AnnotatedConnectException: Connection refused: /192.168.69.106:35716
	at sun.nio.ch.SocketChannelImpl.checkConnect(Native Method)
	at sun.nio.ch.SocketChannelImpl.finishConnect(SocketChannelImpl.java:717)
	at org.apache.ratis.thirdparty.io.netty.channel.socket.nio.NioSocketChannel.doFinishConnect(NioSocketChannel.java:327)
	at org.apache.ratis.thirdparty.io.netty.channel.nio.AbstractNioChannel$AbstractNioUnsafe.finishConnect(AbstractNioChannel.java:340)
	at org.apache.ratis.thirdparty.io.netty.channel.nio.NioEventLoop.processSelectedKey(NioEventLoop.java:632)
	at org.apache.ratis.thirdparty.io.netty.channel.nio.NioEventLoop.processSelectedKeysOptimized(NioEventLoop.java:579)
	at org.apache.ratis.thirdparty.io.netty.channel.nio.NioEventLoop.processSelectedKeys(NioEventLoop.java:496)
	at org.apache.ratis.thirdparty.io.netty.channel.nio.NioEventLoop.run(NioEventLoop.java:458)
	at org.apache.ratis.thirdparty.io.netty.util.concurrent.SingleThreadEventExecutor$5.run(SingleThreadEventExecutor.java:897)
	at org.apache.ratis.thirdparty.io.netty.util.concurrent.FastThreadLocalRunnable.run(FastThreadLocalRunnable.java:30)
	... 1 more
Caused by: java.net.ConnectException: Connection refused
	... 11 more
2019-11-07 17:31:28,626 [99ce3c13-320b-4021-9cf6-199dd0bed684@group-BE641617BA9C-LeaderElection7] INFO  impl.RaftServerImpl (RaftServerImpl.java:setRole(173)) - 99ce3c13-320b-4021-9cf6-199dd0bed684@group-BE641617BA9C: changes role from CANDIDATE to FOLLOWER at term 1 for DISCOVERED_A_NEW_TERM
2019-11-07 17:31:28,627 [99ce3c13-320b-4021-9cf6-199dd0bed684@group-BE641617BA9C-LeaderElection7] INFO  impl.RoleInfo (RoleInfo.java:shutdownLeaderElection(134)) - 99ce3c13-320b-4021-9cf6-199dd0bed684: shutdown LeaderElection
2019-11-07 17:31:28,627 [99ce3c13-320b-4021-9cf6-199dd0bed684@group-BE641617BA9C-LeaderElection7] INFO  impl.RoleInfo (RoleInfo.java:updateAndGet(143)) - 99ce3c13-320b-4021-9cf6-199dd0bed684: start FollowerState
2019-11-07 17:31:28,635 [9ff4eedc-7f18-41aa-b959-bed1611f05ce@group-BE641617BA9C-LeaderElection8] INFO  impl.LeaderElection (LeaderElection.java:logAndReturn(56)) - 9ff4eedc-7f18-41aa-b959-bed1611f05ce@group-BE641617BA9C-LeaderElection8: Election REJECTED; received 1 response(s) [9ff4eedc-7f18-41aa-b959-bed1611f05ce<-99ce3c13-320b-4021-9cf6-199dd0bed684#0:FAIL-t1] and 1 exception(s); 9ff4eedc-7f18-41aa-b959-bed1611f05ce@group-BE641617BA9C:t1, leader=null, voted=9ff4eedc-7f18-41aa-b959-bed1611f05ce, raftlog=9ff4eedc-7f18-41aa-b959-bed1611f05ce@group-BE641617BA9C-SegmentedRaftLog:OPENED:c-1,f-1,i0, conf=-1: [99ce3c13-320b-4021-9cf6-199dd0bed684:192.168.69.106:34308, cdd73ee1-0650-4948-a59d-6a4aac960b6a:192.168.69.106:35716, 9ff4eedc-7f18-41aa-b959-bed1611f05ce:192.168.69.106:37715], old=null
2019-11-07 17:31:28,636 [9ff4eedc-7f18-41aa-b959-bed1611f05ce@group-BE641617BA9C-LeaderElection8] INFO  impl.LeaderElection (LogUtils.java:infoOrTrace(149)) -   Exception 0: {}
java.util.concurrent.ExecutionException: org.apache.ratis.thirdparty.io.grpc.StatusRuntimeException: UNAVAILABLE: io exception
	at java.util.concurrent.FutureTask.report(FutureTask.java:122)
	at java.util.concurrent.FutureTask.get(FutureTask.java:192)
	at org.apache.ratis.server.impl.LeaderElection.waitForResults(LeaderElection.java:259)
	at org.apache.ratis.server.impl.LeaderElection.askForVotes(LeaderElection.java:197)
	at org.apache.ratis.server.impl.LeaderElection.run(LeaderElection.java:133)
	at java.lang.Thread.run(Thread.java:748)
Caused by: org.apache.ratis.thirdparty.io.grpc.StatusRuntimeException: UNAVAILABLE: io exception
	at org.apache.ratis.thirdparty.io.grpc.stub.ClientCalls.toStatusRuntimeException(ClientCalls.java:233)
	at org.apache.ratis.thirdparty.io.grpc.stub.ClientCalls.getUnchecked(ClientCalls.java:214)
	at org.apache.ratis.thirdparty.io.grpc.stub.ClientCalls.blockingUnaryCall(ClientCalls.java:139)
	at org.apache.ratis.proto.grpc.RaftServerProtocolServiceGrpc$RaftServerProtocolServiceBlockingStub.requestVote(RaftServerProtocolServiceGrpc.java:265)
	at org.apache.ratis.grpc.server.GrpcServerProtocolClient.requestVote(GrpcServerProtocolClient.java:99)
	at org.apache.ratis.grpc.server.GrpcService.requestVote(GrpcService.java:204)
	at org.apache.ratis.server.impl.LeaderElection.lambda$submitRequests$1(LeaderElection.java:234)
	at java.util.concurrent.FutureTask.run(FutureTask.java:266)
	at java.util.concurrent.Executors$RunnableAdapter.call(Executors.java:511)
	at java.util.concurrent.FutureTask.run(FutureTask.java:266)
	at java.util.concurrent.ThreadPoolExecutor.runWorker(ThreadPoolExecutor.java:1149)
	at java.util.concurrent.ThreadPoolExecutor$Worker.run(ThreadPoolExecutor.java:624)
	... 1 more
Caused by: org.apache.ratis.thirdparty.io.netty.channel.AbstractChannel$AnnotatedConnectException: Connection refused: /192.168.69.106:35716
	at sun.nio.ch.SocketChannelImpl.checkConnect(Native Method)
	at sun.nio.ch.SocketChannelImpl.finishConnect(SocketChannelImpl.java:717)
	at org.apache.ratis.thirdparty.io.netty.channel.socket.nio.NioSocketChannel.doFinishConnect(NioSocketChannel.java:327)
	at org.apache.ratis.thirdparty.io.netty.channel.nio.AbstractNioChannel$AbstractNioUnsafe.finishConnect(AbstractNioChannel.java:340)
	at org.apache.ratis.thirdparty.io.netty.channel.nio.NioEventLoop.processSelectedKey(NioEventLoop.java:632)
	at org.apache.ratis.thirdparty.io.netty.channel.nio.NioEventLoop.processSelectedKeysOptimized(NioEventLoop.java:579)
	at org.apache.ratis.thirdparty.io.netty.channel.nio.NioEventLoop.processSelectedKeys(NioEventLoop.java:496)
	at org.apache.ratis.thirdparty.io.netty.channel.nio.NioEventLoop.run(NioEventLoop.java:458)
	at org.apache.ratis.thirdparty.io.netty.util.concurrent.SingleThreadEventExecutor$5.run(SingleThreadEventExecutor.java:897)
	at org.apache.ratis.thirdparty.io.netty.util.concurrent.FastThreadLocalRunnable.run(FastThreadLocalRunnable.java:30)
	... 1 more
Caused by: java.net.ConnectException: Connection refused
	... 11 more
2019-11-07 17:31:28,636 [9ff4eedc-7f18-41aa-b959-bed1611f05ce@group-BE641617BA9C-LeaderElection8] INFO  impl.RaftServerImpl (RaftServerImpl.java:setRole(173)) - 9ff4eedc-7f18-41aa-b959-bed1611f05ce@group-BE641617BA9C: changes role from CANDIDATE to FOLLOWER at term 1 for DISCOVERED_A_NEW_TERM
2019-11-07 17:31:28,639 [9ff4eedc-7f18-41aa-b959-bed1611f05ce@group-BE641617BA9C-LeaderElection8] INFO  impl.RoleInfo (RoleInfo.java:shutdownLeaderElection(134)) - 9ff4eedc-7f18-41aa-b959-bed1611f05ce: shutdown LeaderElection
2019-11-07 17:31:28,639 [9ff4eedc-7f18-41aa-b959-bed1611f05ce@group-BE641617BA9C-LeaderElection8] INFO  impl.RoleInfo (RoleInfo.java:updateAndGet(143)) - 9ff4eedc-7f18-41aa-b959-bed1611f05ce: start FollowerState
2019-11-07 17:31:32,587 [main] INFO  ozoneimpl.OzoneContainer (OzoneContainer.java:stop(227)) - Attempting to stop container services.
2019-11-07 17:31:32,590 [main] INFO  impl.RaftServerProxy (RaftServerProxy.java:lambda$close$4(314)) - 200b5f44-7f38-4444-853c-266b1b48f105: close
2019-11-07 17:31:32,591 [main] INFO  server.GrpcService (GrpcService.java:closeImpl(164)) - 200b5f44-7f38-4444-853c-266b1b48f105: shutdown server with port 42374 now
2019-11-07 17:31:32,591 [main] INFO  server.GrpcService (GrpcService.java:closeImpl(172)) - 200b5f44-7f38-4444-853c-266b1b48f105: shutdown server with port 42374 successfully
2019-11-07 17:31:32,593 [refreshUsed-/workdir/hadoop-ozone/ozonefs/target/test-dir/MiniOzoneClusterImpl-b77e69ac-8790-49d6-a70a-8834af103527/datanode-6/data/containers] WARN  fs.CachingGetSpaceUsed (CachingGetSpaceUsed.java:run(183)) - Thread Interrupted waiting to refresh disk information: sleep interrupted
2019-11-07 17:31:32,608 [ForkJoinPool.commonPool-worker-0] INFO  ozoneimpl.OzoneContainer (OzoneContainer.java:stop(227)) - Attempting to stop container services.
2019-11-07 17:31:32,608 [ForkJoinPool.commonPool-worker-0] INFO  impl.RaftServerProxy (RaftServerProxy.java:lambda$close$4(314)) - 756e93ac-e5d0-4f55-84a8-ff11521db264: close
2019-11-07 17:31:32,608 [ForkJoinPool.commonPool-worker-0] INFO  server.GrpcService (GrpcService.java:closeImpl(164)) - 756e93ac-e5d0-4f55-84a8-ff11521db264: shutdown server with port 43728 now
2019-11-07 17:31:32,609 [ForkJoinPool.commonPool-worker-0] INFO  server.GrpcService (GrpcService.java:closeImpl(172)) - 756e93ac-e5d0-4f55-84a8-ff11521db264: shutdown server with port 43728 successfully
2019-11-07 17:31:32,611 [refreshUsed-/workdir/hadoop-ozone/ozonefs/target/test-dir/MiniOzoneClusterImpl-b77e69ac-8790-49d6-a70a-8834af103527/datanode-3/data/containers] WARN  fs.CachingGetSpaceUsed (CachingGetSpaceUsed.java:run(183)) - Thread Interrupted waiting to refresh disk information: sleep interrupted
2019-11-07 17:31:32,618 [main] INFO  utils.BackgroundService (BackgroundService.java:shutdown(151)) - Shutting down service BlockDeletingService
2019-11-07 17:31:32,625 [main] INFO  statemachine.DatanodeStateMachine (DatanodeStateMachine.java:stopDaemon(395)) - Ozone container server stopped.
2019-11-07 17:31:32,626 [main] INFO  handler.ContextHandler (ContextHandler.java:doStop(910)) - Stopped o.e.j.w.WebAppContext@33634f04{/,null,UNAVAILABLE}{/hddsDatanode}
2019-11-07 17:31:32,627 [main] INFO  server.AbstractConnector (AbstractConnector.java:doStop(318)) - Stopped ServerConnector@4993febc{HTTP/1.1,[http/1.1]}{0.0.0.0:0}
2019-11-07 17:31:32,627 [main] INFO  handler.ContextHandler (ContextHandler.java:doStop(910)) - Stopped o.e.j.s.ServletContextHandler@c2584d3{/static,jar:file:/home/user/.m2/repository/org/apache/hadoop/hadoop-hdds-container-service/0.5.0-SNAPSHOT/hadoop-hdds-container-service-0.5.0-SNAPSHOT.jar!/webapps/static,UNAVAILABLE}
2019-11-07 17:31:32,628 [main] INFO  handler.ContextHandler (ContextHandler.java:doStop(910)) - Stopped o.e.j.s.ServletContextHandler@4cb2918c{/logs,file:///workdir/hadoop-ozone/ozonefs/target/log,UNAVAILABLE}
2019-11-07 17:31:32,639 [ForkJoinPool.commonPool-worker-0] INFO  utils.BackgroundService (BackgroundService.java:shutdown(151)) - Shutting down service BlockDeletingService
2019-11-07 17:31:32,644 [ForkJoinPool.commonPool-worker-0] INFO  statemachine.DatanodeStateMachine (DatanodeStateMachine.java:stopDaemon(395)) - Ozone container server stopped.
2019-11-07 17:31:32,649 [ForkJoinPool.commonPool-worker-0] INFO  handler.ContextHandler (ContextHandler.java:doStop(910)) - Stopped o.e.j.w.WebAppContext@181d8899{/,null,UNAVAILABLE}{/hddsDatanode}
2019-11-07 17:31:32,649 [ForkJoinPool.commonPool-worker-0] INFO  server.AbstractConnector (AbstractConnector.java:doStop(318)) - Stopped ServerConnector@12d5c30e{HTTP/1.1,[http/1.1]}{0.0.0.0:0}
2019-11-07 17:31:32,651 [ForkJoinPool.commonPool-worker-0] INFO  handler.ContextHandler (ContextHandler.java:doStop(910)) - Stopped o.e.j.s.ServletContextHandler@5f481b73{/static,jar:file:/home/user/.m2/repository/org/apache/hadoop/hadoop-hdds-container-service/0.5.0-SNAPSHOT/hadoop-hdds-container-service-0.5.0-SNAPSHOT.jar!/webapps/static,UNAVAILABLE}
2019-11-07 17:31:32,652 [ForkJoinPool.commonPool-worker-0] INFO  handler.ContextHandler (ContextHandler.java:doStop(910)) - Stopped o.e.j.s.ServletContextHandler@2f5b8250{/logs,file:///workdir/hadoop-ozone/ozonefs/target/log,UNAVAILABLE}
2019-11-07 17:31:33,248 [Datanode State Machine Thread - 0] INFO  statemachine.DatanodeStateMachine (DatanodeStateMachine.java:lambda$startDaemon$0(350)) - Ozone container server started.
2019-11-07 17:31:33,256 [Datanode State Machine Thread - 0] INFO  statemachine.DatanodeStateMachine (DatanodeStateMachine.java:lambda$startDaemon$0(350)) - Ozone container server started.
2019-11-07 17:31:33,527 [Thread-331] INFO  impl.FollowerState (FollowerState.java:run(111)) - 9ff4eedc-7f18-41aa-b959-bed1611f05ce@group-0E1B11F8B29B-FollowerState: change to CANDIDATE, lastRpcTime:7129ms, electionTimeout:5096ms
2019-11-07 17:31:33,528 [Thread-331] INFO  impl.RoleInfo (RoleInfo.java:shutdownFollowerState(121)) - 9ff4eedc-7f18-41aa-b959-bed1611f05ce: shutdown FollowerState
2019-11-07 17:31:33,528 [Thread-331] INFO  impl.RaftServerImpl (RaftServerImpl.java:setRole(173)) - 9ff4eedc-7f18-41aa-b959-bed1611f05ce@group-0E1B11F8B29B: changes role from  FOLLOWER to CANDIDATE at term 1 for changeToCandidate
2019-11-07 17:31:33,528 [Thread-331] INFO  impl.RoleInfo (RoleInfo.java:updateAndGet(143)) - 9ff4eedc-7f18-41aa-b959-bed1611f05ce: start LeaderElection
2019-11-07 17:31:33,531 [9ff4eedc-7f18-41aa-b959-bed1611f05ce@group-0E1B11F8B29B-LeaderElection9] INFO  impl.RaftServerImpl (ServerState.java:setLeader(255)) - 9ff4eedc-7f18-41aa-b959-bed1611f05ce@group-0E1B11F8B29B: change Leader from cdd73ee1-0650-4948-a59d-6a4aac960b6a to null at term 1 for initElection
2019-11-07 17:31:33,544 [Thread-330] INFO  impl.FollowerState (FollowerState.java:run(111)) - 9ff4eedc-7f18-41aa-b959-bed1611f05ce@group-C919B7E91E8E-FollowerState: change to CANDIDATE, lastRpcTime:7129ms, electionTimeout:5117ms
2019-11-07 17:31:33,544 [Thread-330] INFO  impl.RoleInfo (RoleInfo.java:shutdownFollowerState(121)) - 9ff4eedc-7f18-41aa-b959-bed1611f05ce: shutdown FollowerState
2019-11-07 17:31:33,544 [Thread-330] INFO  impl.RaftServerImpl (RaftServerImpl.java:setRole(173)) - 9ff4eedc-7f18-41aa-b959-bed1611f05ce@group-C919B7E91E8E: changes role from  FOLLOWER to CANDIDATE at term 1 for changeToCandidate
2019-11-07 17:31:33,544 [Thread-330] INFO  impl.RoleInfo (RoleInfo.java:updateAndGet(143)) - 9ff4eedc-7f18-41aa-b959-bed1611f05ce: start LeaderElection
2019-11-07 17:31:33,547 [9ff4eedc-7f18-41aa-b959-bed1611f05ce@group-C919B7E91E8E-LeaderElection10] INFO  impl.RaftServerImpl (ServerState.java:setLeader(255)) - 9ff4eedc-7f18-41aa-b959-bed1611f05ce@group-C919B7E91E8E: change Leader from cdd73ee1-0650-4948-a59d-6a4aac960b6a to null at term 1 for initElection
2019-11-07 17:31:33,582 [9ff4eedc-7f18-41aa-b959-bed1611f05ce@group-0E1B11F8B29B-LeaderElection9] INFO  impl.LeaderElection (LeaderElection.java:askForVotes(178)) - 9ff4eedc-7f18-41aa-b959-bed1611f05ce@group-0E1B11F8B29B-LeaderElection9: begin an election at term 2 for 0: [99ce3c13-320b-4021-9cf6-199dd0bed684:192.168.69.106:34308, cdd73ee1-0650-4948-a59d-6a4aac960b6a:192.168.69.106:35716, 9ff4eedc-7f18-41aa-b959-bed1611f05ce:192.168.69.106:37715], old=null
2019-11-07 17:31:33,583 [9ff4eedc-7f18-41aa-b959-bed1611f05ce@group-C919B7E91E8E-LeaderElection10] INFO  impl.LeaderElection (LeaderElection.java:askForVotes(178)) - 9ff4eedc-7f18-41aa-b959-bed1611f05ce@group-C919B7E91E8E-LeaderElection10: begin an election at term 2 for 0: [99ce3c13-320b-4021-9cf6-199dd0bed684:192.168.69.106:34308, cdd73ee1-0650-4948-a59d-6a4aac960b6a:192.168.69.106:35716, 9ff4eedc-7f18-41aa-b959-bed1611f05ce:192.168.69.106:37715], old=null
2019-11-07 17:31:33,584 [9ff4eedc-7f18-41aa-b959-bed1611f05ce@group-0E1B11F8B29B-LeaderElection9] INFO  impl.LeaderElection (LogUtils.java:infoOrTrace(149)) - 9ff4eedc-7f18-41aa-b959-bed1611f05ce@group-0E1B11F8B29B-LeaderElection9 got exception when requesting votes: {}
java.util.concurrent.ExecutionException: org.apache.ratis.thirdparty.io.grpc.StatusRuntimeException: UNAVAILABLE: io exception
	at java.util.concurrent.FutureTask.report(FutureTask.java:122)
	at java.util.concurrent.FutureTask.get(FutureTask.java:192)
	at org.apache.ratis.server.impl.LeaderElection.waitForResults(LeaderElection.java:259)
	at org.apache.ratis.server.impl.LeaderElection.askForVotes(LeaderElection.java:197)
	at org.apache.ratis.server.impl.LeaderElection.run(LeaderElection.java:133)
	at java.lang.Thread.run(Thread.java:748)
Caused by: org.apache.ratis.thirdparty.io.grpc.StatusRuntimeException: UNAVAILABLE: io exception
	at org.apache.ratis.thirdparty.io.grpc.stub.ClientCalls.toStatusRuntimeException(ClientCalls.java:233)
	at org.apache.ratis.thirdparty.io.grpc.stub.ClientCalls.getUnchecked(ClientCalls.java:214)
	at org.apache.ratis.thirdparty.io.grpc.stub.ClientCalls.blockingUnaryCall(ClientCalls.java:139)
	at org.apache.ratis.proto.grpc.RaftServerProtocolServiceGrpc$RaftServerProtocolServiceBlockingStub.requestVote(RaftServerProtocolServiceGrpc.java:265)
	at org.apache.ratis.grpc.server.GrpcServerProtocolClient.requestVote(GrpcServerProtocolClient.java:99)
	at org.apache.ratis.grpc.server.GrpcService.requestVote(GrpcService.java:204)
	at org.apache.ratis.server.impl.LeaderElection.lambda$submitRequests$1(LeaderElection.java:234)
	at java.util.concurrent.FutureTask.run(FutureTask.java:266)
	at java.util.concurrent.Executors$RunnableAdapter.call(Executors.java:511)
	at java.util.concurrent.FutureTask.run(FutureTask.java:266)
	at java.util.concurrent.ThreadPoolExecutor.runWorker(ThreadPoolExecutor.java:1149)
	at java.util.concurrent.ThreadPoolExecutor$Worker.run(ThreadPoolExecutor.java:624)
	... 1 more
Caused by: org.apache.ratis.thirdparty.io.netty.channel.AbstractChannel$AnnotatedConnectException: Connection refused: /192.168.69.106:35716
	at sun.nio.ch.SocketChannelImpl.checkConnect(Native Method)
	at sun.nio.ch.SocketChannelImpl.finishConnect(SocketChannelImpl.java:717)
	at org.apache.ratis.thirdparty.io.netty.channel.socket.nio.NioSocketChannel.doFinishConnect(NioSocketChannel.java:327)
	at org.apache.ratis.thirdparty.io.netty.channel.nio.AbstractNioChannel$AbstractNioUnsafe.finishConnect(AbstractNioChannel.java:340)
	at org.apache.ratis.thirdparty.io.netty.channel.nio.NioEventLoop.processSelectedKey(NioEventLoop.java:632)
	at org.apache.ratis.thirdparty.io.netty.channel.nio.NioEventLoop.processSelectedKeysOptimized(NioEventLoop.java:579)
	at org.apache.ratis.thirdparty.io.netty.channel.nio.NioEventLoop.processSelectedKeys(NioEventLoop.java:496)
	at org.apache.ratis.thirdparty.io.netty.channel.nio.NioEventLoop.run(NioEventLoop.java:458)
	at org.apache.ratis.thirdparty.io.netty.util.concurrent.SingleThreadEventExecutor$5.run(SingleThreadEventExecutor.java:897)
	at org.apache.ratis.thirdparty.io.netty.util.concurrent.FastThreadLocalRunnable.run(FastThreadLocalRunnable.java:30)
	... 1 more
Caused by: java.net.ConnectException: Connection refused
	... 11 more
2019-11-07 17:31:33,587 [9ff4eedc-7f18-41aa-b959-bed1611f05ce@group-C919B7E91E8E-LeaderElection10] INFO  impl.LeaderElection (LogUtils.java:infoOrTrace(149)) - 9ff4eedc-7f18-41aa-b959-bed1611f05ce@group-C919B7E91E8E-LeaderElection10 got exception when requesting votes: {}
java.util.concurrent.ExecutionException: org.apache.ratis.thirdparty.io.grpc.StatusRuntimeException: UNAVAILABLE: io exception
	at java.util.concurrent.FutureTask.report(FutureTask.java:122)
	at java.util.concurrent.FutureTask.get(FutureTask.java:192)
	at org.apache.ratis.server.impl.LeaderElection.waitForResults(LeaderElection.java:259)
	at org.apache.ratis.server.impl.LeaderElection.askForVotes(LeaderElection.java:197)
	at org.apache.ratis.server.impl.LeaderElection.run(LeaderElection.java:133)
	at java.lang.Thread.run(Thread.java:748)
Caused by: org.apache.ratis.thirdparty.io.grpc.StatusRuntimeException: UNAVAILABLE: io exception
	at org.apache.ratis.thirdparty.io.grpc.stub.ClientCalls.toStatusRuntimeException(ClientCalls.java:233)
	at org.apache.ratis.thirdparty.io.grpc.stub.ClientCalls.getUnchecked(ClientCalls.java:214)
	at org.apache.ratis.thirdparty.io.grpc.stub.ClientCalls.blockingUnaryCall(ClientCalls.java:139)
	at org.apache.ratis.proto.grpc.RaftServerProtocolServiceGrpc$RaftServerProtocolServiceBlockingStub.requestVote(RaftServerProtocolServiceGrpc.java:265)
	at org.apache.ratis.grpc.server.GrpcServerProtocolClient.requestVote(GrpcServerProtocolClient.java:99)
	at org.apache.ratis.grpc.server.GrpcService.requestVote(GrpcService.java:204)
	at org.apache.ratis.server.impl.LeaderElection.lambda$submitRequests$1(LeaderElection.java:234)
	at java.util.concurrent.FutureTask.run(FutureTask.java:266)
	at java.util.concurrent.Executors$RunnableAdapter.call(Executors.java:511)
	at java.util.concurrent.FutureTask.run(FutureTask.java:266)
	at java.util.concurrent.ThreadPoolExecutor.runWorker(ThreadPoolExecutor.java:1149)
	at java.util.concurrent.ThreadPoolExecutor$Worker.run(ThreadPoolExecutor.java:624)
	... 1 more
Caused by: org.apache.ratis.thirdparty.io.netty.channel.AbstractChannel$AnnotatedConnectException: Connection refused: /192.168.69.106:35716
	at sun.nio.ch.SocketChannelImpl.checkConnect(Native Method)
	at sun.nio.ch.SocketChannelImpl.finishConnect(SocketChannelImpl.java:717)
	at org.apache.ratis.thirdparty.io.netty.channel.socket.nio.NioSocketChannel.doFinishConnect(NioSocketChannel.java:327)
	at org.apache.ratis.thirdparty.io.netty.channel.nio.AbstractNioChannel$AbstractNioUnsafe.finishConnect(AbstractNioChannel.java:340)
	at org.apache.ratis.thirdparty.io.netty.channel.nio.NioEventLoop.processSelectedKey(NioEventLoop.java:632)
	at org.apache.ratis.thirdparty.io.netty.channel.nio.NioEventLoop.processSelectedKeysOptimized(NioEventLoop.java:579)
	at org.apache.ratis.thirdparty.io.netty.channel.nio.NioEventLoop.processSelectedKeys(NioEventLoop.java:496)
	at org.apache.ratis.thirdparty.io.netty.channel.nio.NioEventLoop.run(NioEventLoop.java:458)
	at org.apache.ratis.thirdparty.io.netty.util.concurrent.SingleThreadEventExecutor$5.run(SingleThreadEventExecutor.java:897)
	at org.apache.ratis.thirdparty.io.netty.util.concurrent.FastThreadLocalRunnable.run(FastThreadLocalRunnable.java:30)
	... 1 more
Caused by: java.net.ConnectException: Connection refused
	... 11 more
2019-11-07 17:31:33,594 [grpc-default-executor-3] INFO  impl.RaftServerImpl (ServerState.java:setLeader(255)) - 99ce3c13-320b-4021-9cf6-199dd0bed684@group-0E1B11F8B29B: change Leader from cdd73ee1-0650-4948-a59d-6a4aac960b6a to null at term 2 for updateCurrentTerm
2019-11-07 17:31:33,594 [grpc-default-executor-1] INFO  impl.RaftServerImpl (ServerState.java:setLeader(255)) - 99ce3c13-320b-4021-9cf6-199dd0bed684@group-C919B7E91E8E: change Leader from cdd73ee1-0650-4948-a59d-6a4aac960b6a to null at term 2 for updateCurrentTerm
2019-11-07 17:31:33,594 [grpc-default-executor-3] INFO  impl.RaftServerImpl (RaftServerImpl.java:setRole(173)) - 99ce3c13-320b-4021-9cf6-199dd0bed684@group-0E1B11F8B29B: changes role from  FOLLOWER to FOLLOWER at term 2 for recognizeCandidate:9ff4eedc-7f18-41aa-b959-bed1611f05ce
2019-11-07 17:31:33,594 [grpc-default-executor-1] INFO  impl.RaftServerImpl (RaftServerImpl.java:setRole(173)) - 99ce3c13-320b-4021-9cf6-199dd0bed684@group-C919B7E91E8E: changes role from  FOLLOWER to FOLLOWER at term 2 for recognizeCandidate:9ff4eedc-7f18-41aa-b959-bed1611f05ce
2019-11-07 17:31:33,594 [grpc-default-executor-3] INFO  impl.RoleInfo (RoleInfo.java:shutdownFollowerState(121)) - 99ce3c13-320b-4021-9cf6-199dd0bed684: shutdown FollowerState
2019-11-07 17:31:33,595 [grpc-default-executor-1] INFO  impl.RoleInfo (RoleInfo.java:shutdownFollowerState(121)) - 99ce3c13-320b-4021-9cf6-199dd0bed684: shutdown FollowerState
2019-11-07 17:31:33,595 [grpc-default-executor-3] INFO  impl.RoleInfo (RoleInfo.java:updateAndGet(143)) - 99ce3c13-320b-4021-9cf6-199dd0bed684: start FollowerState
2019-11-07 17:31:33,595 [Thread-342] INFO  impl.FollowerState (FollowerState.java:run(120)) - 99ce3c13-320b-4021-9cf6-199dd0bed684@group-0E1B11F8B29B-FollowerState was interrupted: java.lang.InterruptedException: sleep interrupted
2019-11-07 17:31:33,595 [Thread-343] INFO  impl.FollowerState (FollowerState.java:run(120)) - 99ce3c13-320b-4021-9cf6-199dd0bed684@group-C919B7E91E8E-FollowerState was interrupted: java.lang.InterruptedException: sleep interrupted
2019-11-07 17:31:33,595 [grpc-default-executor-1] INFO  impl.RoleInfo (RoleInfo.java:updateAndGet(143)) - 99ce3c13-320b-4021-9cf6-199dd0bed684: start FollowerState
2019-11-07 17:31:33,633 [9ff4eedc-7f18-41aa-b959-bed1611f05ce@group-C919B7E91E8E-LeaderElection10] INFO  impl.LeaderElection (LeaderElection.java:logAndReturn(56)) - 9ff4eedc-7f18-41aa-b959-bed1611f05ce@group-C919B7E91E8E-LeaderElection10: Election PASSED; received 1 response(s) [9ff4eedc-7f18-41aa-b959-bed1611f05ce<-99ce3c13-320b-4021-9cf6-199dd0bed684#0:OK-t2] and 1 exception(s); 9ff4eedc-7f18-41aa-b959-bed1611f05ce@group-C919B7E91E8E:t2, leader=null, voted=9ff4eedc-7f18-41aa-b959-bed1611f05ce, raftlog=9ff4eedc-7f18-41aa-b959-bed1611f05ce@group-C919B7E91E8E-SegmentedRaftLog:OPENED:c0,f0,i0, conf=0: [99ce3c13-320b-4021-9cf6-199dd0bed684:192.168.69.106:34308, cdd73ee1-0650-4948-a59d-6a4aac960b6a:192.168.69.106:35716, 9ff4eedc-7f18-41aa-b959-bed1611f05ce:192.168.69.106:37715], old=null
2019-11-07 17:31:33,633 [9ff4eedc-7f18-41aa-b959-bed1611f05ce@group-C919B7E91E8E-LeaderElection10] INFO  impl.LeaderElection (LogUtils.java:infoOrTrace(149)) -   Exception 0: {}
java.util.concurrent.ExecutionException: org.apache.ratis.thirdparty.io.grpc.StatusRuntimeException: UNAVAILABLE: io exception
	at java.util.concurrent.FutureTask.report(FutureTask.java:122)
	at java.util.concurrent.FutureTask.get(FutureTask.java:192)
	at org.apache.ratis.server.impl.LeaderElection.waitForResults(LeaderElection.java:259)
	at org.apache.ratis.server.impl.LeaderElection.askForVotes(LeaderElection.java:197)
	at org.apache.ratis.server.impl.LeaderElection.run(LeaderElection.java:133)
	at java.lang.Thread.run(Thread.java:748)
Caused by: org.apache.ratis.thirdparty.io.grpc.StatusRuntimeException: UNAVAILABLE: io exception
	at org.apache.ratis.thirdparty.io.grpc.stub.ClientCalls.toStatusRuntimeException(ClientCalls.java:233)
	at org.apache.ratis.thirdparty.io.grpc.stub.ClientCalls.getUnchecked(ClientCalls.java:214)
	at org.apache.ratis.thirdparty.io.grpc.stub.ClientCalls.blockingUnaryCall(ClientCalls.java:139)
	at org.apache.ratis.proto.grpc.RaftServerProtocolServiceGrpc$RaftServerProtocolServiceBlockingStub.requestVote(RaftServerProtocolServiceGrpc.java:265)
	at org.apache.ratis.grpc.server.GrpcServerProtocolClient.requestVote(GrpcServerProtocolClient.java:99)
	at org.apache.ratis.grpc.server.GrpcService.requestVote(GrpcService.java:204)
	at org.apache.ratis.server.impl.LeaderElection.lambda$submitRequests$1(LeaderElection.java:234)
	at java.util.concurrent.FutureTask.run(FutureTask.java:266)
	at java.util.concurrent.Executors$RunnableAdapter.call(Executors.java:511)
	at java.util.concurrent.FutureTask.run(FutureTask.java:266)
	at java.util.concurrent.ThreadPoolExecutor.runWorker(ThreadPoolExecutor.java:1149)
	at java.util.concurrent.ThreadPoolExecutor$Worker.run(ThreadPoolExecutor.java:624)
	... 1 more
Caused by: org.apache.ratis.thirdparty.io.netty.channel.AbstractChannel$AnnotatedConnectException: Connection refused: /192.168.69.106:35716
	at sun.nio.ch.SocketChannelImpl.checkConnect(Native Method)
	at sun.nio.ch.SocketChannelImpl.finishConnect(SocketChannelImpl.java:717)
	at org.apache.ratis.thirdparty.io.netty.channel.socket.nio.NioSocketChannel.doFinishConnect(NioSocketChannel.java:327)
	at org.apache.ratis.thirdparty.io.netty.channel.nio.AbstractNioChannel$AbstractNioUnsafe.finishConnect(AbstractNioChannel.java:340)
	at org.apache.ratis.thirdparty.io.netty.channel.nio.NioEventLoop.processSelectedKey(NioEventLoop.java:632)
	at org.apache.ratis.thirdparty.io.netty.channel.nio.NioEventLoop.processSelectedKeysOptimized(NioEventLoop.java:579)
	at org.apache.ratis.thirdparty.io.netty.channel.nio.NioEventLoop.processSelectedKeys(NioEventLoop.java:496)
	at org.apache.ratis.thirdparty.io.netty.channel.nio.NioEventLoop.run(NioEventLoop.java:458)
	at org.apache.ratis.thirdparty.io.netty.util.concurrent.SingleThreadEventExecutor$5.run(SingleThreadEventExecutor.java:897)
	at org.apache.ratis.thirdparty.io.netty.util.concurrent.FastThreadLocalRunnable.run(FastThreadLocalRunnable.java:30)
	... 1 more
Caused by: java.net.ConnectException: Connection refused
	... 11 more
2019-11-07 17:31:33,633 [9ff4eedc-7f18-41aa-b959-bed1611f05ce@group-0E1B11F8B29B-LeaderElection9] INFO  impl.LeaderElection (LeaderElection.java:logAndReturn(56)) - 9ff4eedc-7f18-41aa-b959-bed1611f05ce@group-0E1B11F8B29B-LeaderElection9: Election PASSED; received 1 response(s) [9ff4eedc-7f18-41aa-b959-bed1611f05ce<-99ce3c13-320b-4021-9cf6-199dd0bed684#0:OK-t2] and 1 exception(s); 9ff4eedc-7f18-41aa-b959-bed1611f05ce@group-0E1B11F8B29B:t2, leader=null, voted=9ff4eedc-7f18-41aa-b959-bed1611f05ce, raftlog=9ff4eedc-7f18-41aa-b959-bed1611f05ce@group-0E1B11F8B29B-SegmentedRaftLog:OPENED:c0,f0,i0, conf=0: [99ce3c13-320b-4021-9cf6-199dd0bed684:192.168.69.106:34308, cdd73ee1-0650-4948-a59d-6a4aac960b6a:192.168.69.106:35716, 9ff4eedc-7f18-41aa-b959-bed1611f05ce:192.168.69.106:37715], old=null
2019-11-07 17:31:33,637 [9ff4eedc-7f18-41aa-b959-bed1611f05ce@group-0E1B11F8B29B-LeaderElection9] INFO  impl.LeaderElection (LogUtils.java:infoOrTrace(149)) -   Exception 0: {}
java.util.concurrent.ExecutionException: org.apache.ratis.thirdparty.io.grpc.StatusRuntimeException: UNAVAILABLE: io exception
	at java.util.concurrent.FutureTask.report(FutureTask.java:122)
	at java.util.concurrent.FutureTask.get(FutureTask.java:192)
	at org.apache.ratis.server.impl.LeaderElection.waitForResults(LeaderElection.java:259)
	at org.apache.ratis.server.impl.LeaderElection.askForVotes(LeaderElection.java:197)
	at org.apache.ratis.server.impl.LeaderElection.run(LeaderElection.java:133)
	at java.lang.Thread.run(Thread.java:748)
Caused by: org.apache.ratis.thirdparty.io.grpc.StatusRuntimeException: UNAVAILABLE: io exception
	at org.apache.ratis.thirdparty.io.grpc.stub.ClientCalls.toStatusRuntimeException(ClientCalls.java:233)
	at org.apache.ratis.thirdparty.io.grpc.stub.ClientCalls.getUnchecked(ClientCalls.java:214)
	at org.apache.ratis.thirdparty.io.grpc.stub.ClientCalls.blockingUnaryCall(ClientCalls.java:139)
	at org.apache.ratis.proto.grpc.RaftServerProtocolServiceGrpc$RaftServerProtocolServiceBlockingStub.requestVote(RaftServerProtocolServiceGrpc.java:265)
	at org.apache.ratis.grpc.server.GrpcServerProtocolClient.requestVote(GrpcServerProtocolClient.java:99)
	at org.apache.ratis.grpc.server.GrpcService.requestVote(GrpcService.java:204)
	at org.apache.ratis.server.impl.LeaderElection.lambda$submitRequests$1(LeaderElection.java:234)
	at java.util.concurrent.FutureTask.run(FutureTask.java:266)
	at java.util.concurrent.Executors$RunnableAdapter.call(Executors.java:511)
	at java.util.concurrent.FutureTask.run(FutureTask.java:266)
	at java.util.concurrent.ThreadPoolExecutor.runWorker(ThreadPoolExecutor.java:1149)
	at java.util.concurrent.ThreadPoolExecutor$Worker.run(ThreadPoolExecutor.java:624)
	... 1 more
Caused by: org.apache.ratis.thirdparty.io.netty.channel.AbstractChannel$AnnotatedConnectException: Connection refused: /192.168.69.106:35716
	at sun.nio.ch.SocketChannelImpl.checkConnect(Native Method)
	at sun.nio.ch.SocketChannelImpl.finishConnect(SocketChannelImpl.java:717)
	at org.apache.ratis.thirdparty.io.netty.channel.socket.nio.NioSocketChannel.doFinishConnect(NioSocketChannel.java:327)
	at org.apache.ratis.thirdparty.io.netty.channel.nio.AbstractNioChannel$AbstractNioUnsafe.finishConnect(AbstractNioChannel.java:340)
	at org.apache.ratis.thirdparty.io.netty.channel.nio.NioEventLoop.processSelectedKey(NioEventLoop.java:632)
	at org.apache.ratis.thirdparty.io.netty.channel.nio.NioEventLoop.processSelectedKeysOptimized(NioEventLoop.java:579)
	at org.apache.ratis.thirdparty.io.netty.channel.nio.NioEventLoop.processSelectedKeys(NioEventLoop.java:496)
	at org.apache.ratis.thirdparty.io.netty.channel.nio.NioEventLoop.run(NioEventLoop.java:458)
	at org.apache.ratis.thirdparty.io.netty.util.concurrent.SingleThreadEventExecutor$5.run(SingleThreadEventExecutor.java:897)
	at org.apache.ratis.thirdparty.io.netty.util.concurrent.FastThreadLocalRunnable.run(FastThreadLocalRunnable.java:30)
	... 1 more
Caused by: java.net.ConnectException: Connection refused
	... 11 more
2019-11-07 17:31:33,634 [9ff4eedc-7f18-41aa-b959-bed1611f05ce@group-C919B7E91E8E-LeaderElection10] INFO  impl.RoleInfo (RoleInfo.java:shutdownLeaderElection(134)) - 9ff4eedc-7f18-41aa-b959-bed1611f05ce: shutdown LeaderElection
2019-11-07 17:31:33,637 [9ff4eedc-7f18-41aa-b959-bed1611f05ce@group-0E1B11F8B29B-LeaderElection9] INFO  impl.RoleInfo (RoleInfo.java:shutdownLeaderElection(134)) - 9ff4eedc-7f18-41aa-b959-bed1611f05ce: shutdown LeaderElection
2019-11-07 17:31:33,639 [9ff4eedc-7f18-41aa-b959-bed1611f05ce@group-C919B7E91E8E-LeaderElection10] INFO  impl.RaftServerImpl (RaftServerImpl.java:setRole(173)) - 9ff4eedc-7f18-41aa-b959-bed1611f05ce@group-C919B7E91E8E: changes role from CANDIDATE to LEADER at term 2 for changeToLeader
2019-11-07 17:31:33,641 [9ff4eedc-7f18-41aa-b959-bed1611f05ce@group-0E1B11F8B29B-LeaderElection9] INFO  impl.RaftServerImpl (RaftServerImpl.java:setRole(173)) - 9ff4eedc-7f18-41aa-b959-bed1611f05ce@group-0E1B11F8B29B: changes role from CANDIDATE to LEADER at term 2 for changeToLeader
2019-11-07 17:31:33,641 [9ff4eedc-7f18-41aa-b959-bed1611f05ce@group-C919B7E91E8E-LeaderElection10] INFO  impl.RaftServerImpl (ServerState.java:setLeader(255)) - 9ff4eedc-7f18-41aa-b959-bed1611f05ce@group-C919B7E91E8E: change Leader from null to 9ff4eedc-7f18-41aa-b959-bed1611f05ce at term 2 for becomeLeader, leader elected after 94ms
2019-11-07 17:31:33,641 [9ff4eedc-7f18-41aa-b959-bed1611f05ce@group-0E1B11F8B29B-LeaderElection9] INFO  impl.RaftServerImpl (ServerState.java:setLeader(255)) - 9ff4eedc-7f18-41aa-b959-bed1611f05ce@group-0E1B11F8B29B: change Leader from null to 9ff4eedc-7f18-41aa-b959-bed1611f05ce at term 2 for becomeLeader, leader elected after 109ms
2019-11-07 17:31:33,641 [9ff4eedc-7f18-41aa-b959-bed1611f05ce@group-C919B7E91E8E-LeaderElection10] INFO  server.RaftServerConfigKeys (ConfUtils.java:logGet(43)) - raft.server.staging.catchup.gap = 1000 (default)
2019-11-07 17:31:33,641 [9ff4eedc-7f18-41aa-b959-bed1611f05ce@group-0E1B11F8B29B-LeaderElection9] INFO  server.RaftServerConfigKeys (ConfUtils.java:logGet(43)) - raft.server.staging.catchup.gap = 1000 (default)
2019-11-07 17:31:33,641 [9ff4eedc-7f18-41aa-b959-bed1611f05ce@group-C919B7E91E8E-LeaderElection10] INFO  server.RaftServerConfigKeys (ConfUtils.java:logGet(43)) - raft.server.rpc.sleep.time = 25ms (default)
2019-11-07 17:31:33,641 [9ff4eedc-7f18-41aa-b959-bed1611f05ce@group-0E1B11F8B29B-LeaderElection9] INFO  server.RaftServerConfigKeys (ConfUtils.java:logGet(43)) - raft.server.rpc.sleep.time = 25ms (default)
2019-11-07 17:31:33,642 [9ff4eedc-7f18-41aa-b959-bed1611f05ce@group-C919B7E91E8E-LeaderElection10] INFO  server.RaftServerConfigKeys (ConfUtils.java:logGet(43)) - raft.server.write.element-limit = 4096 (default)
2019-11-07 17:31:33,642 [9ff4eedc-7f18-41aa-b959-bed1611f05ce@group-0E1B11F8B29B-LeaderElection9] INFO  server.RaftServerConfigKeys (ConfUtils.java:logGet(43)) - raft.server.write.element-limit = 4096 (default)
2019-11-07 17:31:33,642 [9ff4eedc-7f18-41aa-b959-bed1611f05ce@group-C919B7E91E8E-LeaderElection10] INFO  server.RaftServerConfigKeys (ConfUtils.java:logGet(43)) - raft.server.watch.timeout = 10s (default)
2019-11-07 17:31:33,642 [9ff4eedc-7f18-41aa-b959-bed1611f05ce@group-0E1B11F8B29B-LeaderElection9] INFO  server.RaftServerConfigKeys (ConfUtils.java:logGet(43)) - raft.server.watch.timeout = 10s (default)
2019-11-07 17:31:33,642 [9ff4eedc-7f18-41aa-b959-bed1611f05ce@group-C919B7E91E8E-LeaderElection10] INFO  server.RaftServerConfigKeys (ConfUtils.java:logGet(43)) - raft.server.watch.timeout.denomination = 1s (default)
2019-11-07 17:31:33,642 [9ff4eedc-7f18-41aa-b959-bed1611f05ce@group-0E1B11F8B29B-LeaderElection9] INFO  server.RaftServerConfigKeys (ConfUtils.java:logGet(43)) - raft.server.watch.timeout.denomination = 1s (default)
2019-11-07 17:31:33,642 [9ff4eedc-7f18-41aa-b959-bed1611f05ce@group-C919B7E91E8E-LeaderElection10] INFO  server.RaftServerConfigKeys (ConfUtils.java:logGet(43)) - raft.server.watch.element-limit = 65536 (default)
2019-11-07 17:31:33,642 [9ff4eedc-7f18-41aa-b959-bed1611f05ce@group-0E1B11F8B29B-LeaderElection9] INFO  server.RaftServerConfigKeys (ConfUtils.java:logGet(43)) - raft.server.watch.element-limit = 65536 (default)
2019-11-07 17:31:33,643 [9ff4eedc-7f18-41aa-b959-bed1611f05ce@group-0E1B11F8B29B-LeaderElection9] INFO  server.RaftServerConfigKeys (ConfUtils.java:logGet(43)) - raft.server.log.appender.snapshot.chunk.size.max = 16MB (=16777216) (default)
2019-11-07 17:31:33,643 [9ff4eedc-7f18-41aa-b959-bed1611f05ce@group-C919B7E91E8E-LeaderElection10] INFO  server.RaftServerConfigKeys (ConfUtils.java:logGet(43)) - raft.server.log.appender.snapshot.chunk.size.max = 16MB (=16777216) (default)
2019-11-07 17:31:33,643 [9ff4eedc-7f18-41aa-b959-bed1611f05ce@group-0E1B11F8B29B-LeaderElection9] INFO  server.RaftServerConfigKeys (ConfUtils.java:logGet(43)) - raft.server.log.appender.buffer.byte-limit = 33554432 (custom)
2019-11-07 17:31:33,643 [9ff4eedc-7f18-41aa-b959-bed1611f05ce@group-C919B7E91E8E-LeaderElection10] INFO  server.RaftServerConfigKeys (ConfUtils.java:logGet(43)) - raft.server.log.appender.buffer.byte-limit = 33554432 (custom)
2019-11-07 17:31:33,643 [9ff4eedc-7f18-41aa-b959-bed1611f05ce@group-0E1B11F8B29B-LeaderElection9] INFO  server.RaftServerConfigKeys (ConfUtils.java:logGet(43)) - raft.server.log.appender.buffer.element-limit = 1 (custom)
2019-11-07 17:31:33,643 [9ff4eedc-7f18-41aa-b959-bed1611f05ce@group-C919B7E91E8E-LeaderElection10] INFO  server.RaftServerConfigKeys (ConfUtils.java:logGet(43)) - raft.server.log.appender.buffer.element-limit = 1 (custom)
2019-11-07 17:31:33,643 [9ff4eedc-7f18-41aa-b959-bed1611f05ce@group-0E1B11F8B29B-LeaderElection9] INFO  grpc.GrpcConfigKeys$Server (ConfUtils.java:logGet(43)) - raft.grpc.server.leader.outstanding.appends.max = 128 (default)
2019-11-07 17:31:33,644 [9ff4eedc-7f18-41aa-b959-bed1611f05ce@group-C919B7E91E8E-LeaderElection10] INFO  grpc.GrpcConfigKeys$Server (ConfUtils.java:logGet(43)) - raft.grpc.server.leader.outstanding.appends.max = 128 (default)
2019-11-07 17:31:33,644 [9ff4eedc-7f18-41aa-b959-bed1611f05ce@group-0E1B11F8B29B-LeaderElection9] INFO  server.RaftServerConfigKeys (ConfUtils.java:logGet(43)) - raft.server.rpc.request.timeout = 3000ms (default)
2019-11-07 17:31:33,644 [9ff4eedc-7f18-41aa-b959-bed1611f05ce@group-C919B7E91E8E-LeaderElection10] INFO  server.RaftServerConfigKeys (ConfUtils.java:logGet(43)) - raft.server.rpc.request.timeout = 3000ms (default)
2019-11-07 17:31:33,644 [9ff4eedc-7f18-41aa-b959-bed1611f05ce@group-0E1B11F8B29B-LeaderElection9] INFO  server.RaftServerConfigKeys (ConfUtils.java:logGet(43)) - raft.server.log.appender.install.snapshot.enabled = false (custom)
2019-11-07 17:31:33,644 [9ff4eedc-7f18-41aa-b959-bed1611f05ce@group-C919B7E91E8E-LeaderElection10] INFO  server.RaftServerConfigKeys (ConfUtils.java:logGet(43)) - raft.server.log.appender.install.snapshot.enabled = false (custom)
2019-11-07 17:31:33,644 [9ff4eedc-7f18-41aa-b959-bed1611f05ce@group-0E1B11F8B29B-LeaderElection9] WARN  impl.MetricRegistriesImpl (MetricRegistriesImpl.java:lambda$create$1(61)) - First MetricRegistry has been created without registering reporters. You may need to call MetricRegistries.global().addReportRegistration(...) before.
2019-11-07 17:31:33,644 [9ff4eedc-7f18-41aa-b959-bed1611f05ce@group-C919B7E91E8E-LeaderElection10] WARN  impl.MetricRegistriesImpl (MetricRegistriesImpl.java:lambda$create$1(61)) - First MetricRegistry has been created without registering reporters. You may need to call MetricRegistries.global().addReportRegistration(...) before.
2019-11-07 17:31:33,644 [9ff4eedc-7f18-41aa-b959-bed1611f05ce@group-0E1B11F8B29B-LeaderElection9] INFO  server.RaftServerConfigKeys (ConfUtils.java:logGet(43)) - raft.server.log.appender.snapshot.chunk.size.max = 16MB (=16777216) (default)
2019-11-07 17:31:33,645 [9ff4eedc-7f18-41aa-b959-bed1611f05ce@group-C919B7E91E8E-LeaderElection10] INFO  server.RaftServerConfigKeys (ConfUtils.java:logGet(43)) - raft.server.log.appender.snapshot.chunk.size.max = 16MB (=16777216) (default)
2019-11-07 17:31:33,645 [9ff4eedc-7f18-41aa-b959-bed1611f05ce@group-0E1B11F8B29B-LeaderElection9] INFO  server.RaftServerConfigKeys (ConfUtils.java:logGet(43)) - raft.server.log.appender.buffer.byte-limit = 33554432 (custom)
2019-11-07 17:31:33,645 [9ff4eedc-7f18-41aa-b959-bed1611f05ce@group-C919B7E91E8E-LeaderElection10] INFO  server.RaftServerConfigKeys (ConfUtils.java:logGet(43)) - raft.server.log.appender.buffer.byte-limit = 33554432 (custom)
2019-11-07 17:31:33,645 [9ff4eedc-7f18-41aa-b959-bed1611f05ce@group-0E1B11F8B29B-LeaderElection9] INFO  server.RaftServerConfigKeys (ConfUtils.java:logGet(43)) - raft.server.log.appender.buffer.element-limit = 1 (custom)
2019-11-07 17:31:33,645 [9ff4eedc-7f18-41aa-b959-bed1611f05ce@group-C919B7E91E8E-LeaderElection10] INFO  server.RaftServerConfigKeys (ConfUtils.java:logGet(43)) - raft.server.log.appender.buffer.element-limit = 1 (custom)
2019-11-07 17:31:33,645 [9ff4eedc-7f18-41aa-b959-bed1611f05ce@group-0E1B11F8B29B-LeaderElection9] INFO  grpc.GrpcConfigKeys$Server (ConfUtils.java:logGet(43)) - raft.grpc.server.leader.outstanding.appends.max = 128 (default)
2019-11-07 17:31:33,645 [9ff4eedc-7f18-41aa-b959-bed1611f05ce@group-C919B7E91E8E-LeaderElection10] INFO  grpc.GrpcConfigKeys$Server (ConfUtils.java:logGet(43)) - raft.grpc.server.leader.outstanding.appends.max = 128 (default)
2019-11-07 17:31:33,645 [9ff4eedc-7f18-41aa-b959-bed1611f05ce@group-0E1B11F8B29B-LeaderElection9] INFO  server.RaftServerConfigKeys (ConfUtils.java:logGet(43)) - raft.server.rpc.request.timeout = 3000ms (default)
2019-11-07 17:31:33,646 [9ff4eedc-7f18-41aa-b959-bed1611f05ce@group-C919B7E91E8E-LeaderElection10] INFO  server.RaftServerConfigKeys (ConfUtils.java:logGet(43)) - raft.server.rpc.request.timeout = 3000ms (default)
2019-11-07 17:31:33,646 [9ff4eedc-7f18-41aa-b959-bed1611f05ce@group-0E1B11F8B29B-LeaderElection9] INFO  server.RaftServerConfigKeys (ConfUtils.java:logGet(43)) - raft.server.log.appender.install.snapshot.enabled = false (custom)
2019-11-07 17:31:33,646 [9ff4eedc-7f18-41aa-b959-bed1611f05ce@group-C919B7E91E8E-LeaderElection10] INFO  server.RaftServerConfigKeys (ConfUtils.java:logGet(43)) - raft.server.log.appender.install.snapshot.enabled = false (custom)
2019-11-07 17:31:33,646 [9ff4eedc-7f18-41aa-b959-bed1611f05ce@group-0E1B11F8B29B-LeaderElection9] INFO  impl.RoleInfo (RoleInfo.java:updateAndGet(143)) - 9ff4eedc-7f18-41aa-b959-bed1611f05ce: start LeaderState
2019-11-07 17:31:33,646 [9ff4eedc-7f18-41aa-b959-bed1611f05ce@group-C919B7E91E8E-LeaderElection10] INFO  impl.RoleInfo (RoleInfo.java:updateAndGet(143)) - 9ff4eedc-7f18-41aa-b959-bed1611f05ce: start LeaderState
2019-11-07 17:31:33,647 [9ff4eedc-7f18-41aa-b959-bed1611f05ce@group-0E1B11F8B29B-LeaderElection9] INFO  segmented.SegmentedRaftLogWorker (SegmentedRaftLogWorker.java:rollLogSegment(390)) - 9ff4eedc-7f18-41aa-b959-bed1611f05ce@group-0E1B11F8B29B-SegmentedRaftLogWorker: Rolling segment log-0_0 to index:0
2019-11-07 17:31:33,647 [9ff4eedc-7f18-41aa-b959-bed1611f05ce@group-C919B7E91E8E-LeaderElection10] INFO  segmented.SegmentedRaftLogWorker (SegmentedRaftLogWorker.java:rollLogSegment(390)) - 9ff4eedc-7f18-41aa-b959-bed1611f05ce@group-C919B7E91E8E-SegmentedRaftLogWorker: Rolling segment log-0_0 to index:0
2019-11-07 17:31:33,649 [9ff4eedc-7f18-41aa-b959-bed1611f05ce@group-C919B7E91E8E-SegmentedRaftLogWorker] INFO  segmented.SegmentedRaftLogWorker (SegmentedRaftLogWorker.java:execute(533)) - 9ff4eedc-7f18-41aa-b959-bed1611f05ce@group-C919B7E91E8E-SegmentedRaftLogWorker: Rolled log segment from /workdir/hadoop-ozone/ozonefs/target/test-dir/MiniOzoneClusterImpl-b77e69ac-8790-49d6-a70a-8834af103527/datanode-4/data/ratis/86e518b9-371e-44aa-a44b-c919b7e91e8e/current/log_inprogress_0 to /workdir/hadoop-ozone/ozonefs/target/test-dir/MiniOzoneClusterImpl-b77e69ac-8790-49d6-a70a-8834af103527/datanode-4/data/ratis/86e518b9-371e-44aa-a44b-c919b7e91e8e/current/log_0-0
2019-11-07 17:31:33,649 [9ff4eedc-7f18-41aa-b959-bed1611f05ce@group-0E1B11F8B29B-SegmentedRaftLogWorker] INFO  segmented.SegmentedRaftLogWorker (SegmentedRaftLogWorker.java:execute(533)) - 9ff4eedc-7f18-41aa-b959-bed1611f05ce@group-0E1B11F8B29B-SegmentedRaftLogWorker: Rolled log segment from /workdir/hadoop-ozone/ozonefs/target/test-dir/MiniOzoneClusterImpl-b77e69ac-8790-49d6-a70a-8834af103527/datanode-4/data/ratis/e354f321-896e-4c03-9ac0-0e1b11f8b29b/current/log_inprogress_0 to /workdir/hadoop-ozone/ozonefs/target/test-dir/MiniOzoneClusterImpl-b77e69ac-8790-49d6-a70a-8834af103527/datanode-4/data/ratis/e354f321-896e-4c03-9ac0-0e1b11f8b29b/current/log_0-0
2019-11-07 17:31:33,652 [9ff4eedc-7f18-41aa-b959-bed1611f05ce@group-C919B7E91E8E-LeaderElection10] INFO  impl.RaftServerImpl (ServerState.java:setRaftConf(356)) - 9ff4eedc-7f18-41aa-b959-bed1611f05ce@group-C919B7E91E8E: set configuration 1: [99ce3c13-320b-4021-9cf6-199dd0bed684:192.168.69.106:34308, cdd73ee1-0650-4948-a59d-6a4aac960b6a:192.168.69.106:35716, 9ff4eedc-7f18-41aa-b959-bed1611f05ce:192.168.69.106:37715], old=null at 1
2019-11-07 17:31:33,687 [9ff4eedc-7f18-41aa-b959-bed1611f05ce@group-0E1B11F8B29B-LeaderElection9] INFO  impl.RaftServerImpl (ServerState.java:setRaftConf(356)) - 9ff4eedc-7f18-41aa-b959-bed1611f05ce@group-0E1B11F8B29B: set configuration 1: [99ce3c13-320b-4021-9cf6-199dd0bed684:192.168.69.106:34308, cdd73ee1-0650-4948-a59d-6a4aac960b6a:192.168.69.106:35716, 9ff4eedc-7f18-41aa-b959-bed1611f05ce:192.168.69.106:37715], old=null at 1
2019-11-07 17:31:33,687 [Thread-373] INFO  impl.FollowerState (FollowerState.java:run(111)) - 99ce3c13-320b-4021-9cf6-199dd0bed684@group-BE641617BA9C-FollowerState: change to CANDIDATE, lastRpcTime:5059ms, electionTimeout:5032ms
2019-11-07 17:31:33,691 [Thread-373] INFO  impl.RoleInfo (RoleInfo.java:shutdownFollowerState(121)) - 99ce3c13-320b-4021-9cf6-199dd0bed684: shutdown FollowerState
2019-11-07 17:31:33,691 [Thread-373] INFO  impl.RaftServerImpl (RaftServerImpl.java:setRole(173)) - 99ce3c13-320b-4021-9cf6-199dd0bed684@group-BE641617BA9C: changes role from  FOLLOWER to CANDIDATE at term 1 for changeToCandidate
2019-11-07 17:31:33,692 [Thread-373] INFO  impl.RoleInfo (RoleInfo.java:updateAndGet(143)) - 99ce3c13-320b-4021-9cf6-199dd0bed684: start LeaderElection
2019-11-07 17:31:33,694 [grpc-default-executor-1] WARN  server.GrpcLogAppender (LogUtils.java:warn(134)) - 9ff4eedc-7f18-41aa-b959-bed1611f05ce@group-0E1B11F8B29B->cdd73ee1-0650-4948-a59d-6a4aac960b6a-AppendLogResponseHandler: Failed appendEntries: org.apache.ratis.thirdparty.io.grpc.StatusRuntimeException: UNAVAILABLE: io exception
2019-11-07 17:31:33,694 [grpc-default-executor-3] WARN  server.GrpcLogAppender (LogUtils.java:warn(134)) - 9ff4eedc-7f18-41aa-b959-bed1611f05ce@group-C919B7E91E8E->cdd73ee1-0650-4948-a59d-6a4aac960b6a-AppendLogResponseHandler: Failed appendEntries: org.apache.ratis.thirdparty.io.grpc.StatusRuntimeException: UNAVAILABLE: io exception
2019-11-07 17:31:33,700 [grpc-default-executor-4] INFO  impl.RaftServerImpl (ServerState.java:setLeader(255)) - 99ce3c13-320b-4021-9cf6-199dd0bed684@group-C919B7E91E8E: change Leader from null to 9ff4eedc-7f18-41aa-b959-bed1611f05ce at term 2 for appendEntries, leader elected after 105ms
2019-11-07 17:31:33,700 [grpc-default-executor-2] INFO  impl.RaftServerImpl (ServerState.java:setLeader(255)) - 99ce3c13-320b-4021-9cf6-199dd0bed684@group-0E1B11F8B29B: change Leader from null to 9ff4eedc-7f18-41aa-b959-bed1611f05ce at term 2 for appendEntries, leader elected after 105ms
2019-11-07 17:31:33,711 [grpc-default-executor-1] INFO  impl.RaftServerImpl (ServerState.java:setRaftConf(356)) - 99ce3c13-320b-4021-9cf6-199dd0bed684@group-0E1B11F8B29B: set configuration 1: [99ce3c13-320b-4021-9cf6-199dd0bed684:192.168.69.106:34308, cdd73ee1-0650-4948-a59d-6a4aac960b6a:192.168.69.106:35716, 9ff4eedc-7f18-41aa-b959-bed1611f05ce:192.168.69.106:37715], old=null at 1
2019-11-07 17:31:33,711 [grpc-default-executor-3] INFO  impl.RaftServerImpl (ServerState.java:setRaftConf(356)) - 99ce3c13-320b-4021-9cf6-199dd0bed684@group-C919B7E91E8E: set configuration 1: [99ce3c13-320b-4021-9cf6-199dd0bed684:192.168.69.106:34308, cdd73ee1-0650-4948-a59d-6a4aac960b6a:192.168.69.106:35716, 9ff4eedc-7f18-41aa-b959-bed1611f05ce:192.168.69.106:37715], old=null at 1
2019-11-07 17:31:33,711 [grpc-default-executor-1] INFO  segmented.SegmentedRaftLogWorker (SegmentedRaftLogWorker.java:rollLogSegment(390)) - 99ce3c13-320b-4021-9cf6-199dd0bed684@group-0E1B11F8B29B-SegmentedRaftLogWorker: Rolling segment log-0_0 to index:0
2019-11-07 17:31:33,712 [grpc-default-executor-3] INFO  segmented.SegmentedRaftLogWorker (SegmentedRaftLogWorker.java:rollLogSegment(390)) - 99ce3c13-320b-4021-9cf6-199dd0bed684@group-C919B7E91E8E-SegmentedRaftLogWorker: Rolling segment log-0_0 to index:0
2019-11-07 17:31:33,712 [99ce3c13-320b-4021-9cf6-199dd0bed684@group-0E1B11F8B29B-SegmentedRaftLogWorker] INFO  segmented.SegmentedRaftLogWorker (SegmentedRaftLogWorker.java:execute(533)) - 99ce3c13-320b-4021-9cf6-199dd0bed684@group-0E1B11F8B29B-SegmentedRaftLogWorker: Rolled log segment from /workdir/hadoop-ozone/ozonefs/target/test-dir/MiniOzoneClusterImpl-b77e69ac-8790-49d6-a70a-8834af103527/datanode-7/data/ratis/e354f321-896e-4c03-9ac0-0e1b11f8b29b/current/log_inprogress_0 to /workdir/hadoop-ozone/ozonefs/target/test-dir/MiniOzoneClusterImpl-b77e69ac-8790-49d6-a70a-8834af103527/datanode-7/data/ratis/e354f321-896e-4c03-9ac0-0e1b11f8b29b/current/log_0-0
2019-11-07 17:31:33,712 [99ce3c13-320b-4021-9cf6-199dd0bed684@group-C919B7E91E8E-SegmentedRaftLogWorker] INFO  segmented.SegmentedRaftLogWorker (SegmentedRaftLogWorker.java:execute(533)) - 99ce3c13-320b-4021-9cf6-199dd0bed684@group-C919B7E91E8E-SegmentedRaftLogWorker: Rolled log segment from /workdir/hadoop-ozone/ozonefs/target/test-dir/MiniOzoneClusterImpl-b77e69ac-8790-49d6-a70a-8834af103527/datanode-7/data/ratis/86e518b9-371e-44aa-a44b-c919b7e91e8e/current/log_inprogress_0 to /workdir/hadoop-ozone/ozonefs/target/test-dir/MiniOzoneClusterImpl-b77e69ac-8790-49d6-a70a-8834af103527/datanode-7/data/ratis/86e518b9-371e-44aa-a44b-c919b7e91e8e/current/log_0-0
2019-11-07 17:31:33,714 [9ff4eedc-7f18-41aa-b959-bed1611f05ce@group-C919B7E91E8E-SegmentedRaftLogWorker] INFO  segmented.SegmentedRaftLogWorker (SegmentedRaftLogWorker.java:execute(576)) - 9ff4eedc-7f18-41aa-b959-bed1611f05ce@group-C919B7E91E8E-SegmentedRaftLogWorker: created new log segment /workdir/hadoop-ozone/ozonefs/target/test-dir/MiniOzoneClusterImpl-b77e69ac-8790-49d6-a70a-8834af103527/datanode-4/data/ratis/86e518b9-371e-44aa-a44b-c919b7e91e8e/current/log_inprogress_1
2019-11-07 17:31:33,750 [99ce3c13-320b-4021-9cf6-199dd0bed684@group-BE641617BA9C-LeaderElection11] INFO  impl.LeaderElection (LeaderElection.java:askForVotes(178)) - 99ce3c13-320b-4021-9cf6-199dd0bed684@group-BE641617BA9C-LeaderElection11: begin an election at term 2 for -1: [99ce3c13-320b-4021-9cf6-199dd0bed684:192.168.69.106:34308, cdd73ee1-0650-4948-a59d-6a4aac960b6a:192.168.69.106:35716, 9ff4eedc-7f18-41aa-b959-bed1611f05ce:192.168.69.106:37715], old=null
2019-11-07 17:31:33,750 [Thread-374] INFO  impl.FollowerState (FollowerState.java:run(111)) - 9ff4eedc-7f18-41aa-b959-bed1611f05ce@group-BE641617BA9C-FollowerState: change to CANDIDATE, lastRpcTime:5111ms, electionTimeout:5081ms
2019-11-07 17:31:33,714 [9ff4eedc-7f18-41aa-b959-bed1611f05ce@group-0E1B11F8B29B-SegmentedRaftLogWorker] INFO  segmented.SegmentedRaftLogWorker (SegmentedRaftLogWorker.java:execute(576)) - 9ff4eedc-7f18-41aa-b959-bed1611f05ce@group-0E1B11F8B29B-SegmentedRaftLogWorker: created new log segment /workdir/hadoop-ozone/ozonefs/target/test-dir/MiniOzoneClusterImpl-b77e69ac-8790-49d6-a70a-8834af103527/datanode-4/data/ratis/e354f321-896e-4c03-9ac0-0e1b11f8b29b/current/log_inprogress_1
2019-11-07 17:31:33,752 [Thread-374] INFO  impl.RoleInfo (RoleInfo.java:shutdownFollowerState(121)) - 9ff4eedc-7f18-41aa-b959-bed1611f05ce: shutdown FollowerState
2019-11-07 17:31:33,752 [Thread-374] INFO  impl.RaftServerImpl (RaftServerImpl.java:setRole(173)) - 9ff4eedc-7f18-41aa-b959-bed1611f05ce@group-BE641617BA9C: changes role from  FOLLOWER to CANDIDATE at term 1 for changeToCandidate
2019-11-07 17:31:33,753 [Thread-374] INFO  impl.RoleInfo (RoleInfo.java:updateAndGet(143)) - 9ff4eedc-7f18-41aa-b959-bed1611f05ce: start LeaderElection
2019-11-07 17:31:33,755 [99ce3c13-320b-4021-9cf6-199dd0bed684@group-BE641617BA9C-LeaderElection11] INFO  impl.LeaderElection (LogUtils.java:infoOrTrace(149)) - 99ce3c13-320b-4021-9cf6-199dd0bed684@group-BE641617BA9C-LeaderElection11 got exception when requesting votes: {}
java.util.concurrent.ExecutionException: org.apache.ratis.thirdparty.io.grpc.StatusRuntimeException: UNAVAILABLE: io exception
	at java.util.concurrent.FutureTask.report(FutureTask.java:122)
	at java.util.concurrent.FutureTask.get(FutureTask.java:192)
	at org.apache.ratis.server.impl.LeaderElection.waitForResults(LeaderElection.java:259)
	at org.apache.ratis.server.impl.LeaderElection.askForVotes(LeaderElection.java:197)
	at org.apache.ratis.server.impl.LeaderElection.run(LeaderElection.java:133)
	at java.lang.Thread.run(Thread.java:748)
Caused by: org.apache.ratis.thirdparty.io.grpc.StatusRuntimeException: UNAVAILABLE: io exception
	at org.apache.ratis.thirdparty.io.grpc.stub.ClientCalls.toStatusRuntimeException(ClientCalls.java:233)
	at org.apache.ratis.thirdparty.io.grpc.stub.ClientCalls.getUnchecked(ClientCalls.java:214)
	at org.apache.ratis.thirdparty.io.grpc.stub.ClientCalls.blockingUnaryCall(ClientCalls.java:139)
	at org.apache.ratis.proto.grpc.RaftServerProtocolServiceGrpc$RaftServerProtocolServiceBlockingStub.requestVote(RaftServerProtocolServiceGrpc.java:265)
	at org.apache.ratis.grpc.server.GrpcServerProtocolClient.requestVote(GrpcServerProtocolClient.java:99)
	at org.apache.ratis.grpc.server.GrpcService.requestVote(GrpcService.java:204)
	at org.apache.ratis.server.impl.LeaderElection.lambda$submitRequests$1(LeaderElection.java:234)
	at java.util.concurrent.FutureTask.run(FutureTask.java:266)
	at java.util.concurrent.Executors$RunnableAdapter.call(Executors.java:511)
	at java.util.concurrent.FutureTask.run(FutureTask.java:266)
	at java.util.concurrent.ThreadPoolExecutor.runWorker(ThreadPoolExecutor.java:1149)
	at java.util.concurrent.ThreadPoolExecutor$Worker.run(ThreadPoolExecutor.java:624)
	... 1 more
Caused by: org.apache.ratis.thirdparty.io.netty.channel.AbstractChannel$AnnotatedConnectException: Connection refused: /192.168.69.106:35716
	at sun.nio.ch.SocketChannelImpl.checkConnect(Native Method)
	at sun.nio.ch.SocketChannelImpl.finishConnect(SocketChannelImpl.java:717)
	at org.apache.ratis.thirdparty.io.netty.channel.socket.nio.NioSocketChannel.doFinishConnect(NioSocketChannel.java:327)
	at org.apache.ratis.thirdparty.io.netty.channel.nio.AbstractNioChannel$AbstractNioUnsafe.finishConnect(AbstractNioChannel.java:340)
	at org.apache.ratis.thirdparty.io.netty.channel.nio.NioEventLoop.processSelectedKey(NioEventLoop.java:632)
	at org.apache.ratis.thirdparty.io.netty.channel.nio.NioEventLoop.processSelectedKeysOptimized(NioEventLoop.java:579)
	at org.apache.ratis.thirdparty.io.netty.channel.nio.NioEventLoop.processSelectedKeys(NioEventLoop.java:496)
	at org.apache.ratis.thirdparty.io.netty.channel.nio.NioEventLoop.run(NioEventLoop.java:458)
	at org.apache.ratis.thirdparty.io.netty.util.concurrent.SingleThreadEventExecutor$5.run(SingleThreadEventExecutor.java:897)
	at org.apache.ratis.thirdparty.io.netty.util.concurrent.FastThreadLocalRunnable.run(FastThreadLocalRunnable.java:30)
	... 1 more
Caused by: java.net.ConnectException: Connection refused
	... 11 more
2019-11-07 17:31:33,823 [99ce3c13-320b-4021-9cf6-199dd0bed684@group-0E1B11F8B29B-SegmentedRaftLogWorker] INFO  segmented.SegmentedRaftLogWorker (SegmentedRaftLogWorker.java:execute(576)) - 99ce3c13-320b-4021-9cf6-199dd0bed684@group-0E1B11F8B29B-SegmentedRaftLogWorker: created new log segment /workdir/hadoop-ozone/ozonefs/target/test-dir/MiniOzoneClusterImpl-b77e69ac-8790-49d6-a70a-8834af103527/datanode-7/data/ratis/e354f321-896e-4c03-9ac0-0e1b11f8b29b/current/log_inprogress_1
2019-11-07 17:31:33,823 [9ff4eedc-7f18-41aa-b959-bed1611f05ce@group-BE641617BA9C-LeaderElection12] INFO  impl.LeaderElection (LeaderElection.java:askForVotes(178)) - 9ff4eedc-7f18-41aa-b959-bed1611f05ce@group-BE641617BA9C-LeaderElection12: begin an election at term 2 for -1: [99ce3c13-320b-4021-9cf6-199dd0bed684:192.168.69.106:34308, cdd73ee1-0650-4948-a59d-6a4aac960b6a:192.168.69.106:35716, 9ff4eedc-7f18-41aa-b959-bed1611f05ce:192.168.69.106:37715], old=null
2019-11-07 17:31:33,823 [99ce3c13-320b-4021-9cf6-199dd0bed684@group-C919B7E91E8E-SegmentedRaftLogWorker] INFO  segmented.SegmentedRaftLogWorker (SegmentedRaftLogWorker.java:execute(576)) - 99ce3c13-320b-4021-9cf6-199dd0bed684@group-C919B7E91E8E-SegmentedRaftLogWorker: created new log segment /workdir/hadoop-ozone/ozonefs/target/test-dir/MiniOzoneClusterImpl-b77e69ac-8790-49d6-a70a-8834af103527/datanode-7/data/ratis/86e518b9-371e-44aa-a44b-c919b7e91e8e/current/log_inprogress_1
2019-11-07 17:31:33,825 [9ff4eedc-7f18-41aa-b959-bed1611f05ce@group-BE641617BA9C-LeaderElection12] INFO  impl.LeaderElection (LogUtils.java:infoOrTrace(149)) - 9ff4eedc-7f18-41aa-b959-bed1611f05ce@group-BE641617BA9C-LeaderElection12 got exception when requesting votes: {}
java.util.concurrent.ExecutionException: org.apache.ratis.thirdparty.io.grpc.StatusRuntimeException: UNAVAILABLE: io exception
	at java.util.concurrent.FutureTask.report(FutureTask.java:122)
	at java.util.concurrent.FutureTask.get(FutureTask.java:192)
	at org.apache.ratis.server.impl.LeaderElection.waitForResults(LeaderElection.java:259)
	at org.apache.ratis.server.impl.LeaderElection.askForVotes(LeaderElection.java:197)
	at org.apache.ratis.server.impl.LeaderElection.run(LeaderElection.java:133)
	at java.lang.Thread.run(Thread.java:748)
Caused by: org.apache.ratis.thirdparty.io.grpc.StatusRuntimeException: UNAVAILABLE: io exception
	at org.apache.ratis.thirdparty.io.grpc.stub.ClientCalls.toStatusRuntimeException(ClientCalls.java:233)
	at org.apache.ratis.thirdparty.io.grpc.stub.ClientCalls.getUnchecked(ClientCalls.java:214)
	at org.apache.ratis.thirdparty.io.grpc.stub.ClientCalls.blockingUnaryCall(ClientCalls.java:139)
	at org.apache.ratis.proto.grpc.RaftServerProtocolServiceGrpc$RaftServerProtocolServiceBlockingStub.requestVote(RaftServerProtocolServiceGrpc.java:265)
	at org.apache.ratis.grpc.server.GrpcServerProtocolClient.requestVote(GrpcServerProtocolClient.java:99)
	at org.apache.ratis.grpc.server.GrpcService.requestVote(GrpcService.java:204)
	at org.apache.ratis.server.impl.LeaderElection.lambda$submitRequests$1(LeaderElection.java:234)
	at java.util.concurrent.FutureTask.run(FutureTask.java:266)
	at java.util.concurrent.Executors$RunnableAdapter.call(Executors.java:511)
	at java.util.concurrent.FutureTask.run(FutureTask.java:266)
	at java.util.concurrent.ThreadPoolExecutor.runWorker(ThreadPoolExecutor.java:1149)
	at java.util.concurrent.ThreadPoolExecutor$Worker.run(ThreadPoolExecutor.java:624)
	... 1 more
Caused by: org.apache.ratis.thirdparty.io.netty.channel.AbstractChannel$AnnotatedConnectException: Connection refused: /192.168.69.106:35716
	at sun.nio.ch.SocketChannelImpl.checkConnect(Native Method)
	at sun.nio.ch.SocketChannelImpl.finishConnect(SocketChannelImpl.java:717)
	at org.apache.ratis.thirdparty.io.netty.channel.socket.nio.NioSocketChannel.doFinishConnect(NioSocketChannel.java:327)
	at org.apache.ratis.thirdparty.io.netty.channel.nio.AbstractNioChannel$AbstractNioUnsafe.finishConnect(AbstractNioChannel.java:340)
	at org.apache.ratis.thirdparty.io.netty.channel.nio.NioEventLoop.processSelectedKey(NioEventLoop.java:632)
	at org.apache.ratis.thirdparty.io.netty.channel.nio.NioEventLoop.processSelectedKeysOptimized(NioEventLoop.java:579)
	at org.apache.ratis.thirdparty.io.netty.channel.nio.NioEventLoop.processSelectedKeys(NioEventLoop.java:496)
	at org.apache.ratis.thirdparty.io.netty.channel.nio.NioEventLoop.run(NioEventLoop.java:458)
	at org.apache.ratis.thirdparty.io.netty.util.concurrent.SingleThreadEventExecutor$5.run(SingleThreadEventExecutor.java:897)
	at org.apache.ratis.thirdparty.io.netty.util.concurrent.FastThreadLocalRunnable.run(FastThreadLocalRunnable.java:30)
	... 1 more
Caused by: java.net.ConnectException: Connection refused
	... 11 more
2019-11-07 17:31:33,828 [99ce3c13-320b-4021-9cf6-199dd0bed684@group-BE641617BA9C-LeaderElection11] INFO  impl.LeaderElection (LeaderElection.java:logAndReturn(56)) - 99ce3c13-320b-4021-9cf6-199dd0bed684@group-BE641617BA9C-LeaderElection11: Election REJECTED; received 1 response(s) [99ce3c13-320b-4021-9cf6-199dd0bed684<-9ff4eedc-7f18-41aa-b959-bed1611f05ce#0:FAIL-t2] and 1 exception(s); 99ce3c13-320b-4021-9cf6-199dd0bed684@group-BE641617BA9C:t2, leader=null, voted=99ce3c13-320b-4021-9cf6-199dd0bed684, raftlog=99ce3c13-320b-4021-9cf6-199dd0bed684@group-BE641617BA9C-SegmentedRaftLog:OPENED:c-1,f-1,i0, conf=-1: [99ce3c13-320b-4021-9cf6-199dd0bed684:192.168.69.106:34308, cdd73ee1-0650-4948-a59d-6a4aac960b6a:192.168.69.106:35716, 9ff4eedc-7f18-41aa-b959-bed1611f05ce:192.168.69.106:37715], old=null
2019-11-07 17:31:33,828 [99ce3c13-320b-4021-9cf6-199dd0bed684@group-BE641617BA9C-LeaderElection11] INFO  impl.LeaderElection (LogUtils.java:infoOrTrace(149)) -   Exception 0: {}
java.util.concurrent.ExecutionException: org.apache.ratis.thirdparty.io.grpc.StatusRuntimeException: UNAVAILABLE: io exception
	at java.util.concurrent.FutureTask.report(FutureTask.java:122)
	at java.util.concurrent.FutureTask.get(FutureTask.java:192)
	at org.apache.ratis.server.impl.LeaderElection.waitForResults(LeaderElection.java:259)
	at org.apache.ratis.server.impl.LeaderElection.askForVotes(LeaderElection.java:197)
	at org.apache.ratis.server.impl.LeaderElection.run(LeaderElection.java:133)
	at java.lang.Thread.run(Thread.java:748)
Caused by: org.apache.ratis.thirdparty.io.grpc.StatusRuntimeException: UNAVAILABLE: io exception
	at org.apache.ratis.thirdparty.io.grpc.stub.ClientCalls.toStatusRuntimeException(ClientCalls.java:233)
	at org.apache.ratis.thirdparty.io.grpc.stub.ClientCalls.getUnchecked(ClientCalls.java:214)
	at org.apache.ratis.thirdparty.io.grpc.stub.ClientCalls.blockingUnaryCall(ClientCalls.java:139)
	at org.apache.ratis.proto.grpc.RaftServerProtocolServiceGrpc$RaftServerProtocolServiceBlockingStub.requestVote(RaftServerProtocolServiceGrpc.java:265)
	at org.apache.ratis.grpc.server.GrpcServerProtocolClient.requestVote(GrpcServerProtocolClient.java:99)
	at org.apache.ratis.grpc.server.GrpcService.requestVote(GrpcService.java:204)
	at org.apache.ratis.server.impl.LeaderElection.lambda$submitRequests$1(LeaderElection.java:234)
	at java.util.concurrent.FutureTask.run(FutureTask.java:266)
	at java.util.concurrent.Executors$RunnableAdapter.call(Executors.java:511)
	at java.util.concurrent.FutureTask.run(FutureTask.java:266)
	at java.util.concurrent.ThreadPoolExecutor.runWorker(ThreadPoolExecutor.java:1149)
	at java.util.concurrent.ThreadPoolExecutor$Worker.run(ThreadPoolExecutor.java:624)
	... 1 more
Caused by: org.apache.ratis.thirdparty.io.netty.channel.AbstractChannel$AnnotatedConnectException: Connection refused: /192.168.69.106:35716
	at sun.nio.ch.SocketChannelImpl.checkConnect(Native Method)
	at sun.nio.ch.SocketChannelImpl.finishConnect(SocketChannelImpl.java:717)
	at org.apache.ratis.thirdparty.io.netty.channel.socket.nio.NioSocketChannel.doFinishConnect(NioSocketChannel.java:327)
	at org.apache.ratis.thirdparty.io.netty.channel.nio.AbstractNioChannel$AbstractNioUnsafe.finishConnect(AbstractNioChannel.java:340)
	at org.apache.ratis.thirdparty.io.netty.channel.nio.NioEventLoop.processSelectedKey(NioEventLoop.java:632)
	at org.apache.ratis.thirdparty.io.netty.channel.nio.NioEventLoop.processSelectedKeysOptimized(NioEventLoop.java:579)
	at org.apache.ratis.thirdparty.io.netty.channel.nio.NioEventLoop.processSelectedKeys(NioEventLoop.java:496)
	at org.apache.ratis.thirdparty.io.netty.channel.nio.NioEventLoop.run(NioEventLoop.java:458)
	at org.apache.ratis.thirdparty.io.netty.util.concurrent.SingleThreadEventExecutor$5.run(SingleThreadEventExecutor.java:897)
	at org.apache.ratis.thirdparty.io.netty.util.concurrent.FastThreadLocalRunnable.run(FastThreadLocalRunnable.java:30)
	... 1 more
Caused by: java.net.ConnectException: Connection refused
	... 11 more
2019-11-07 17:31:33,830 [99ce3c13-320b-4021-9cf6-199dd0bed684@group-BE641617BA9C-LeaderElection11] INFO  impl.RaftServerImpl (RaftServerImpl.java:setRole(173)) - 99ce3c13-320b-4021-9cf6-199dd0bed684@group-BE641617BA9C: changes role from CANDIDATE to FOLLOWER at term 2 for DISCOVERED_A_NEW_TERM
2019-11-07 17:31:33,833 [99ce3c13-320b-4021-9cf6-199dd0bed684@group-BE641617BA9C-LeaderElection11] INFO  impl.RoleInfo (RoleInfo.java:shutdownLeaderElection(134)) - 99ce3c13-320b-4021-9cf6-199dd0bed684: shutdown LeaderElection
2019-11-07 17:31:33,833 [99ce3c13-320b-4021-9cf6-199dd0bed684@group-BE641617BA9C-LeaderElection11] INFO  impl.RoleInfo (RoleInfo.java:updateAndGet(143)) - 99ce3c13-320b-4021-9cf6-199dd0bed684: start FollowerState
2019-11-07 17:31:33,837 [9ff4eedc-7f18-41aa-b959-bed1611f05ce@group-BE641617BA9C-LeaderElection12] INFO  impl.LeaderElection (LeaderElection.java:logAndReturn(56)) - 9ff4eedc-7f18-41aa-b959-bed1611f05ce@group-BE641617BA9C-LeaderElection12: Election REJECTED; received 1 response(s) [9ff4eedc-7f18-41aa-b959-bed1611f05ce<-99ce3c13-320b-4021-9cf6-199dd0bed684#0:FAIL-t2] and 1 exception(s); 9ff4eedc-7f18-41aa-b959-bed1611f05ce@group-BE641617BA9C:t2, leader=null, voted=9ff4eedc-7f18-41aa-b959-bed1611f05ce, raftlog=9ff4eedc-7f18-41aa-b959-bed1611f05ce@group-BE641617BA9C-SegmentedRaftLog:OPENED:c-1,f-1,i0, conf=-1: [99ce3c13-320b-4021-9cf6-199dd0bed684:192.168.69.106:34308, cdd73ee1-0650-4948-a59d-6a4aac960b6a:192.168.69.106:35716, 9ff4eedc-7f18-41aa-b959-bed1611f05ce:192.168.69.106:37715], old=null
2019-11-07 17:31:33,838 [9ff4eedc-7f18-41aa-b959-bed1611f05ce@group-BE641617BA9C-LeaderElection12] INFO  impl.LeaderElection (LogUtils.java:infoOrTrace(149)) -   Exception 0: {}
java.util.concurrent.ExecutionException: org.apache.ratis.thirdparty.io.grpc.StatusRuntimeException: UNAVAILABLE: io exception
	at java.util.concurrent.FutureTask.report(FutureTask.java:122)
	at java.util.concurrent.FutureTask.get(FutureTask.java:192)
	at org.apache.ratis.server.impl.LeaderElection.waitForResults(LeaderElection.java:259)
	at org.apache.ratis.server.impl.LeaderElection.askForVotes(LeaderElection.java:197)
	at org.apache.ratis.server.impl.LeaderElection.run(LeaderElection.java:133)
	at java.lang.Thread.run(Thread.java:748)
Caused by: org.apache.ratis.thirdparty.io.grpc.StatusRuntimeException: UNAVAILABLE: io exception
	at org.apache.ratis.thirdparty.io.grpc.stub.ClientCalls.toStatusRuntimeException(ClientCalls.java:233)
	at org.apache.ratis.thirdparty.io.grpc.stub.ClientCalls.getUnchecked(ClientCalls.java:214)
	at org.apache.ratis.thirdparty.io.grpc.stub.ClientCalls.blockingUnaryCall(ClientCalls.java:139)
	at org.apache.ratis.proto.grpc.RaftServerProtocolServiceGrpc$RaftServerProtocolServiceBlockingStub.requestVote(RaftServerProtocolServiceGrpc.java:265)
	at org.apache.ratis.grpc.server.GrpcServerProtocolClient.requestVote(GrpcServerProtocolClient.java:99)
	at org.apache.ratis.grpc.server.GrpcService.requestVote(GrpcService.java:204)
	at org.apache.ratis.server.impl.LeaderElection.lambda$submitRequests$1(LeaderElection.java:234)
	at java.util.concurrent.FutureTask.run(FutureTask.java:266)
	at java.util.concurrent.Executors$RunnableAdapter.call(Executors.java:511)
	at java.util.concurrent.FutureTask.run(FutureTask.java:266)
	at java.util.concurrent.ThreadPoolExecutor.runWorker(ThreadPoolExecutor.java:1149)
	at java.util.concurrent.ThreadPoolExecutor$Worker.run(ThreadPoolExecutor.java:624)
	... 1 more
Caused by: org.apache.ratis.thirdparty.io.netty.channel.AbstractChannel$AnnotatedConnectException: Connection refused: /192.168.69.106:35716
	at sun.nio.ch.SocketChannelImpl.checkConnect(Native Method)
	at sun.nio.ch.SocketChannelImpl.finishConnect(SocketChannelImpl.java:717)
	at org.apache.ratis.thirdparty.io.netty.channel.socket.nio.NioSocketChannel.doFinishConnect(NioSocketChannel.java:327)
	at org.apache.ratis.thirdparty.io.netty.channel.nio.AbstractNioChannel$AbstractNioUnsafe.finishConnect(AbstractNioChannel.java:340)
	at org.apache.ratis.thirdparty.io.netty.channel.nio.NioEventLoop.processSelectedKey(NioEventLoop.java:632)
	at org.apache.ratis.thirdparty.io.netty.channel.nio.NioEventLoop.processSelectedKeysOptimized(NioEventLoop.java:579)
	at org.apache.ratis.thirdparty.io.netty.channel.nio.NioEventLoop.processSelectedKeys(NioEventLoop.java:496)
	at org.apache.ratis.thirdparty.io.netty.channel.nio.NioEventLoop.run(NioEventLoop.java:458)
	at org.apache.ratis.thirdparty.io.netty.util.concurrent.SingleThreadEventExecutor$5.run(SingleThreadEventExecutor.java:897)
	at org.apache.ratis.thirdparty.io.netty.util.concurrent.FastThreadLocalRunnable.run(FastThreadLocalRunnable.java:30)
	... 1 more
Caused by: java.net.ConnectException: Connection refused
	... 11 more
2019-11-07 17:31:33,838 [9ff4eedc-7f18-41aa-b959-bed1611f05ce@group-BE641617BA9C-LeaderElection12] INFO  impl.RaftServerImpl (RaftServerImpl.java:setRole(173)) - 9ff4eedc-7f18-41aa-b959-bed1611f05ce@group-BE641617BA9C: changes role from CANDIDATE to FOLLOWER at term 2 for DISCOVERED_A_NEW_TERM
2019-11-07 17:31:33,840 [9ff4eedc-7f18-41aa-b959-bed1611f05ce@group-BE641617BA9C-LeaderElection12] INFO  impl.RoleInfo (RoleInfo.java:shutdownLeaderElection(134)) - 9ff4eedc-7f18-41aa-b959-bed1611f05ce: shutdown LeaderElection
2019-11-07 17:31:33,840 [9ff4eedc-7f18-41aa-b959-bed1611f05ce@group-BE641617BA9C-LeaderElection12] INFO  impl.RoleInfo (RoleInfo.java:updateAndGet(143)) - 9ff4eedc-7f18-41aa-b959-bed1611f05ce: start FollowerState
2019-11-07 17:31:36,692 [java.util.concurrent.ThreadPoolExecutor$Worker@56c9116a[State = -1, empty queue]] WARN  server.GrpcLogAppender (GrpcLogAppender.java:timeoutAppendRequest(209)) - 9ff4eedc-7f18-41aa-b959-bed1611f05ce@group-0E1B11F8B29B->cdd73ee1-0650-4948-a59d-6a4aac960b6a-GrpcLogAppender: appendEntries Timeout, request=9ff4eedc-7f18-41aa-b959-bed1611f05ce->cdd73ee1-0650-4948-a59d-6a4aac960b6a#0-t2, previous=(t:1, i:0), leaderCommit=0, initializing? false, entries: <empty>
2019-11-07 17:31:36,692 [java.util.concurrent.ThreadPoolExecutor$Worker@12fd5a53[State = -1, empty queue]] WARN  server.GrpcLogAppender (GrpcLogAppender.java:timeoutAppendRequest(209)) - 9ff4eedc-7f18-41aa-b959-bed1611f05ce@group-C919B7E91E8E->cdd73ee1-0650-4948-a59d-6a4aac960b6a-GrpcLogAppender: appendEntries Timeout, request=9ff4eedc-7f18-41aa-b959-bed1611f05ce->cdd73ee1-0650-4948-a59d-6a4aac960b6a#0-t2, previous=(t:1, i:0), leaderCommit=0, initializing? false, entries: <empty>
2019-11-07 17:31:37,629 [main] INFO  ozoneimpl.OzoneContainer (OzoneContainer.java:stop(227)) - Attempting to stop container services.
2019-11-07 17:31:37,630 [main] INFO  impl.RaftServerProxy (RaftServerProxy.java:lambda$close$4(314)) - 251ce408-7486-40e0-a616-e1c7db097d86: close
2019-11-07 17:31:37,630 [main] INFO  server.GrpcService (GrpcService.java:closeImpl(164)) - 251ce408-7486-40e0-a616-e1c7db097d86: shutdown server with port 36047 now
2019-11-07 17:31:37,631 [main] INFO  server.GrpcService (GrpcService.java:closeImpl(172)) - 251ce408-7486-40e0-a616-e1c7db097d86: shutdown server with port 36047 successfully
2019-11-07 17:31:37,635 [refreshUsed-/workdir/hadoop-ozone/ozonefs/target/test-dir/MiniOzoneClusterImpl-b77e69ac-8790-49d6-a70a-8834af103527/datanode-8/data/containers] WARN  fs.CachingGetSpaceUsed (CachingGetSpaceUsed.java:run(183)) - Thread Interrupted waiting to refresh disk information: sleep interrupted
2019-11-07 17:31:37,655 [ForkJoinPool.commonPool-worker-0] INFO  ozoneimpl.OzoneContainer (OzoneContainer.java:stop(227)) - Attempting to stop container services.
2019-11-07 17:31:37,655 [ForkJoinPool.commonPool-worker-0] INFO  impl.RaftServerProxy (RaftServerProxy.java:lambda$close$4(314)) - 9ff4eedc-7f18-41aa-b959-bed1611f05ce: close
2019-11-07 17:31:37,655 [ForkJoinPool.commonPool-worker-0] INFO  impl.RaftServerImpl (RaftServerImpl.java:lambda$shutdown$3(250)) - 9ff4eedc-7f18-41aa-b959-bed1611f05ce@group-0E1B11F8B29B: shutdown
2019-11-07 17:31:37,656 [ForkJoinPool.commonPool-worker-0] INFO  util.JmxRegister (JmxRegister.java:unregister(73)) - Successfully un-registered JMX Bean with object name Ratis:service=RaftServer,group=group-0E1B11F8B29B,id=9ff4eedc-7f18-41aa-b959-bed1611f05ce
2019-11-07 17:31:37,656 [ForkJoinPool.commonPool-worker-0] INFO  impl.RoleInfo (RoleInfo.java:shutdownLeaderState(104)) - 9ff4eedc-7f18-41aa-b959-bed1611f05ce: shutdown LeaderState
2019-11-07 17:31:37,659 [org.apache.ratis.server.impl.LogAppender$AppenderDaemon$$Lambda$486/548432394@712bdcab] WARN  server.GrpcLogAppender (GrpcLogAppender.java:mayWait(149)) - 9ff4eedc-7f18-41aa-b959-bed1611f05ce@group-0E1B11F8B29B->99ce3c13-320b-4021-9cf6-199dd0bed684-GrpcLogAppender: Wait interrupted by java.lang.InterruptedException
2019-11-07 17:31:37,659 [org.apache.ratis.server.impl.LogAppender$AppenderDaemon$$Lambda$486/548432394@2f697524] WARN  server.GrpcLogAppender (GrpcLogAppender.java:mayWait(149)) - 9ff4eedc-7f18-41aa-b959-bed1611f05ce@group-0E1B11F8B29B->cdd73ee1-0650-4948-a59d-6a4aac960b6a-GrpcLogAppender: Wait interrupted by java.lang.InterruptedException
2019-11-07 17:31:37,659 [ForkJoinPool.commonPool-worker-0] INFO  impl.PendingRequests (PendingRequests.java:sendNotLeaderResponses(206)) - 9ff4eedc-7f18-41aa-b959-bed1611f05ce@group-0E1B11F8B29B-PendingRequests: sendNotLeaderResponses
2019-11-07 17:31:37,661 [ForkJoinPool.commonPool-worker-0] INFO  impl.StateMachineUpdater (StateMachineUpdater.java:stopAndJoin(136)) - 9ff4eedc-7f18-41aa-b959-bed1611f05ce@group-0E1B11F8B29B-StateMachineUpdater: set stopIndex = 2
2019-11-07 17:31:37,661 [ForkJoinPool.commonPool-worker-0] INFO  impl.RaftServerImpl (ServerState.java:close(387)) - 9ff4eedc-7f18-41aa-b959-bed1611f05ce@group-0E1B11F8B29B: closes. applyIndex: 2
2019-11-07 17:31:37,661 [grpc-default-executor-3] INFO  server.GrpcServerProtocolService (GrpcServerProtocolService.java:onCompleted(113)) - 99ce3c13-320b-4021-9cf6-199dd0bed684: Completed APPEND_ENTRIES, lastRequest: 9ff4eedc-7f18-41aa-b959-bed1611f05ce->99ce3c13-320b-4021-9cf6-199dd0bed684#3-t2, previous=(t:2, i:2), leaderCommit=2, initializing? false, entries: <empty>
2019-11-07 17:31:37,662 [9ff4eedc-7f18-41aa-b959-bed1611f05ce@group-0E1B11F8B29B-SegmentedRaftLogWorker] INFO  segmented.SegmentedRaftLogWorker (SegmentedRaftLogWorker.java:run(316)) - 9ff4eedc-7f18-41aa-b959-bed1611f05ce@group-0E1B11F8B29B-SegmentedRaftLogWorker was interrupted, exiting. There are 0 tasks remaining in the queue.
2019-11-07 17:31:37,663 [ForkJoinPool.commonPool-worker-0] INFO  segmented.SegmentedRaftLogWorker (SegmentedRaftLogWorker.java:close(224)) - 9ff4eedc-7f18-41aa-b959-bed1611f05ce@group-0E1B11F8B29B-SegmentedRaftLogWorker close()
2019-11-07 17:31:37,664 [grpc-default-executor-3] INFO  server.GrpcLogAppender (GrpcLogAppender.java:onCompleted(308)) - 9ff4eedc-7f18-41aa-b959-bed1611f05ce@group-0E1B11F8B29B->99ce3c13-320b-4021-9cf6-199dd0bed684-AppendLogResponseHandler: follower responses appendEntries COMPLETED
2019-11-07 17:31:37,666 [ForkJoinPool.commonPool-worker-0] INFO  impl.RaftServerImpl (RaftServerImpl.java:lambda$shutdown$3(250)) - 9ff4eedc-7f18-41aa-b959-bed1611f05ce@group-BE641617BA9C: shutdown
2019-11-07 17:31:37,667 [ForkJoinPool.commonPool-worker-0] INFO  util.JmxRegister (JmxRegister.java:unregister(73)) - Successfully un-registered JMX Bean with object name Ratis:service=RaftServer,group=group-BE641617BA9C,id=9ff4eedc-7f18-41aa-b959-bed1611f05ce
2019-11-07 17:31:37,667 [ForkJoinPool.commonPool-worker-0] INFO  impl.RoleInfo (RoleInfo.java:shutdownFollowerState(121)) - 9ff4eedc-7f18-41aa-b959-bed1611f05ce: shutdown FollowerState
2019-11-07 17:31:37,667 [main] INFO  utils.BackgroundService (BackgroundService.java:shutdown(151)) - Shutting down service BlockDeletingService
2019-11-07 17:31:37,667 [Thread-402] INFO  impl.FollowerState (FollowerState.java:run(120)) - 9ff4eedc-7f18-41aa-b959-bed1611f05ce@group-BE641617BA9C-FollowerState was interrupted: java.lang.InterruptedException: sleep interrupted
2019-11-07 17:31:37,667 [ForkJoinPool.commonPool-worker-0] INFO  impl.StateMachineUpdater (StateMachineUpdater.java:stopAndJoin(136)) - 9ff4eedc-7f18-41aa-b959-bed1611f05ce@group-BE641617BA9C-StateMachineUpdater: set stopIndex = -1
2019-11-07 17:31:37,669 [ForkJoinPool.commonPool-worker-0] INFO  impl.RaftServerImpl (ServerState.java:close(387)) - 9ff4eedc-7f18-41aa-b959-bed1611f05ce@group-BE641617BA9C: closes. applyIndex: -1
2019-11-07 17:31:37,671 [9ff4eedc-7f18-41aa-b959-bed1611f05ce@group-BE641617BA9C-SegmentedRaftLogWorker] INFO  segmented.SegmentedRaftLogWorker (SegmentedRaftLogWorker.java:run(316)) - 9ff4eedc-7f18-41aa-b959-bed1611f05ce@group-BE641617BA9C-SegmentedRaftLogWorker was interrupted, exiting. There are 0 tasks remaining in the queue.
2019-11-07 17:31:37,671 [ForkJoinPool.commonPool-worker-0] INFO  segmented.SegmentedRaftLogWorker (SegmentedRaftLogWorker.java:close(224)) - 9ff4eedc-7f18-41aa-b959-bed1611f05ce@group-BE641617BA9C-SegmentedRaftLogWorker close()
2019-11-07 17:31:37,672 [main] INFO  statemachine.DatanodeStateMachine (DatanodeStateMachine.java:stopDaemon(395)) - Ozone container server stopped.
2019-11-07 17:31:37,673 [ForkJoinPool.commonPool-worker-0] INFO  impl.RaftServerImpl (RaftServerImpl.java:lambda$shutdown$3(250)) - 9ff4eedc-7f18-41aa-b959-bed1611f05ce@group-B6284FCF1727: shutdown
2019-11-07 17:31:37,674 [ForkJoinPool.commonPool-worker-0] INFO  util.JmxRegister (JmxRegister.java:unregister(73)) - Successfully un-registered JMX Bean with object name Ratis:service=RaftServer,group=group-B6284FCF1727,id=9ff4eedc-7f18-41aa-b959-bed1611f05ce
2019-11-07 17:31:37,674 [ForkJoinPool.commonPool-worker-0] INFO  impl.RoleInfo (RoleInfo.java:shutdownLeaderState(104)) - 9ff4eedc-7f18-41aa-b959-bed1611f05ce: shutdown LeaderState
2019-11-07 17:31:37,674 [ForkJoinPool.commonPool-worker-0] INFO  impl.PendingRequests (PendingRequests.java:sendNotLeaderResponses(206)) - 9ff4eedc-7f18-41aa-b959-bed1611f05ce@group-B6284FCF1727-PendingRequests: sendNotLeaderResponses
2019-11-07 17:31:37,674 [main] INFO  handler.ContextHandler (ContextHandler.java:doStop(910)) - Stopped o.e.j.w.WebAppContext@3bd6ba24{/,null,UNAVAILABLE}{/hddsDatanode}
2019-11-07 17:31:37,675 [ForkJoinPool.commonPool-worker-0] INFO  impl.StateMachineUpdater (StateMachineUpdater.java:stopAndJoin(136)) - 9ff4eedc-7f18-41aa-b959-bed1611f05ce@group-B6284FCF1727-StateMachineUpdater: set stopIndex = 0
2019-11-07 17:31:37,675 [ForkJoinPool.commonPool-worker-0] INFO  impl.RaftServerImpl (ServerState.java:close(387)) - 9ff4eedc-7f18-41aa-b959-bed1611f05ce@group-B6284FCF1727: closes. applyIndex: 0
2019-11-07 17:31:37,675 [main] INFO  server.AbstractConnector (AbstractConnector.java:doStop(318)) - Stopped ServerConnector@58f437b0{HTTP/1.1,[http/1.1]}{0.0.0.0:0}
2019-11-07 17:31:37,675 [9ff4eedc-7f18-41aa-b959-bed1611f05ce@group-B6284FCF1727-SegmentedRaftLogWorker] INFO  segmented.SegmentedRaftLogWorker (SegmentedRaftLogWorker.java:run(316)) - 9ff4eedc-7f18-41aa-b959-bed1611f05ce@group-B6284FCF1727-SegmentedRaftLogWorker was interrupted, exiting. There are 0 tasks remaining in the queue.
2019-11-07 17:31:37,676 [ForkJoinPool.commonPool-worker-0] INFO  segmented.SegmentedRaftLogWorker (SegmentedRaftLogWorker.java:close(224)) - 9ff4eedc-7f18-41aa-b959-bed1611f05ce@group-B6284FCF1727-SegmentedRaftLogWorker close()
2019-11-07 17:31:37,677 [main] INFO  handler.ContextHandler (ContextHandler.java:doStop(910)) - Stopped o.e.j.s.ServletContextHandler@5c441290{/static,jar:file:/home/user/.m2/repository/org/apache/hadoop/hadoop-hdds-container-service/0.5.0-SNAPSHOT/hadoop-hdds-container-service-0.5.0-SNAPSHOT.jar!/webapps/static,UNAVAILABLE}
2019-11-07 17:31:37,678 [ForkJoinPool.commonPool-worker-0] INFO  impl.RaftServerImpl (RaftServerImpl.java:lambda$shutdown$3(250)) - 9ff4eedc-7f18-41aa-b959-bed1611f05ce@group-C919B7E91E8E: shutdown
2019-11-07 17:31:37,679 [ForkJoinPool.commonPool-worker-0] INFO  util.JmxRegister (JmxRegister.java:unregister(73)) - Successfully un-registered JMX Bean with object name Ratis:service=RaftServer,group=group-C919B7E91E8E,id=9ff4eedc-7f18-41aa-b959-bed1611f05ce
2019-11-07 17:31:37,679 [main] INFO  handler.ContextHandler (ContextHandler.java:doStop(910)) - Stopped o.e.j.s.ServletContextHandler@73d60e76{/logs,file:///workdir/hadoop-ozone/ozonefs/target/log,UNAVAILABLE}
2019-11-07 17:31:37,679 [ForkJoinPool.commonPool-worker-0] INFO  impl.RoleInfo (RoleInfo.java:shutdownLeaderState(104)) - 9ff4eedc-7f18-41aa-b959-bed1611f05ce: shutdown LeaderState
2019-11-07 17:31:37,681 [ForkJoinPool.commonPool-worker-0] INFO  impl.PendingRequests (PendingRequests.java:sendNotLeaderResponses(206)) - 9ff4eedc-7f18-41aa-b959-bed1611f05ce@group-C919B7E91E8E-PendingRequests: sendNotLeaderResponses
2019-11-07 17:31:37,681 [org.apache.ratis.server.impl.LogAppender$AppenderDaemon$$Lambda$486/548432394@6420d2bb] WARN  server.GrpcLogAppender (GrpcLogAppender.java:mayWait(149)) - 9ff4eedc-7f18-41aa-b959-bed1611f05ce@group-C919B7E91E8E->99ce3c13-320b-4021-9cf6-199dd0bed684-GrpcLogAppender: Wait interrupted by java.lang.InterruptedException
2019-11-07 17:31:37,681 [org.apache.ratis.server.impl.LogAppender$AppenderDaemon$$Lambda$486/548432394@75d16e27] WARN  server.GrpcLogAppender (GrpcLogAppender.java:mayWait(149)) - 9ff4eedc-7f18-41aa-b959-bed1611f05ce@group-C919B7E91E8E->cdd73ee1-0650-4948-a59d-6a4aac960b6a-GrpcLogAppender: Wait interrupted by java.lang.InterruptedException
2019-11-07 17:31:37,682 [ForkJoinPool.commonPool-worker-0] INFO  impl.StateMachineUpdater (StateMachineUpdater.java:stopAndJoin(136)) - 9ff4eedc-7f18-41aa-b959-bed1611f05ce@group-C919B7E91E8E-StateMachineUpdater: set stopIndex = 2
2019-11-07 17:31:37,682 [ForkJoinPool.commonPool-worker-0] INFO  impl.RaftServerImpl (ServerState.java:close(387)) - 9ff4eedc-7f18-41aa-b959-bed1611f05ce@group-C919B7E91E8E: closes. applyIndex: 2
2019-11-07 17:31:37,682 [9ff4eedc-7f18-41aa-b959-bed1611f05ce@group-C919B7E91E8E-SegmentedRaftLogWorker] INFO  segmented.SegmentedRaftLogWorker (SegmentedRaftLogWorker.java:run(316)) - 9ff4eedc-7f18-41aa-b959-bed1611f05ce@group-C919B7E91E8E-SegmentedRaftLogWorker was interrupted, exiting. There are 0 tasks remaining in the queue.
2019-11-07 17:31:37,683 [grpc-default-executor-2] INFO  server.GrpcServerProtocolService (GrpcServerProtocolService.java:onCompleted(113)) - 99ce3c13-320b-4021-9cf6-199dd0bed684: Completed APPEND_ENTRIES, lastRequest: 9ff4eedc-7f18-41aa-b959-bed1611f05ce->99ce3c13-320b-4021-9cf6-199dd0bed684#3-t2, previous=(t:2, i:2), leaderCommit=2, initializing? false, entries: <empty>
2019-11-07 17:31:37,684 [ForkJoinPool.commonPool-worker-0] INFO  segmented.SegmentedRaftLogWorker (SegmentedRaftLogWorker.java:close(224)) - 9ff4eedc-7f18-41aa-b959-bed1611f05ce@group-C919B7E91E8E-SegmentedRaftLogWorker close()
2019-11-07 17:31:37,686 [ForkJoinPool.commonPool-worker-0] INFO  server.GrpcService (GrpcService.java:closeImpl(164)) - 9ff4eedc-7f18-41aa-b959-bed1611f05ce: shutdown server with port 37715 now
2019-11-07 17:31:37,687 [grpc-default-executor-2] INFO  server.GrpcLogAppender (GrpcLogAppender.java:onCompleted(308)) - 9ff4eedc-7f18-41aa-b959-bed1611f05ce@group-C919B7E91E8E->99ce3c13-320b-4021-9cf6-199dd0bed684-AppendLogResponseHandler: follower responses appendEntries COMPLETED
2019-11-07 17:31:37,688 [grpc-default-executor-2] INFO  impl.FollowerInfo (FollowerInfo.java:lambda$new$0(51)) - 9ff4eedc-7f18-41aa-b959-bed1611f05ce@group-C919B7E91E8E->99ce3c13-320b-4021-9cf6-199dd0bed684: nextIndex: updateUnconditionally 3 -> 2
2019-11-07 17:31:37,688 [ForkJoinPool.commonPool-worker-0] INFO  server.GrpcService (GrpcService.java:closeImpl(172)) - 9ff4eedc-7f18-41aa-b959-bed1611f05ce: shutdown server with port 37715 successfully
2019-11-07 17:31:37,688 [grpc-default-executor-3] INFO  impl.FollowerInfo (FollowerInfo.java:lambda$new$0(51)) - 9ff4eedc-7f18-41aa-b959-bed1611f05ce@group-0E1B11F8B29B->99ce3c13-320b-4021-9cf6-199dd0bed684: nextIndex: updateUnconditionally 3 -> 2
2019-11-07 17:31:37,689 [refreshUsed-/workdir/hadoop-ozone/ozonefs/target/test-dir/MiniOzoneClusterImpl-b77e69ac-8790-49d6-a70a-8834af103527/datanode-4/data/containers] WARN  fs.CachingGetSpaceUsed (CachingGetSpaceUsed.java:run(183)) - Thread Interrupted waiting to refresh disk information: sleep interrupted
2019-11-07 17:31:37,705 [ForkJoinPool.commonPool-worker-0] INFO  utils.BackgroundService (BackgroundService.java:shutdown(151)) - Shutting down service BlockDeletingService
2019-11-07 17:31:37,708 [ForkJoinPool.commonPool-worker-0] INFO  statemachine.DatanodeStateMachine (DatanodeStateMachine.java:stopDaemon(395)) - Ozone container server stopped.
2019-11-07 17:31:37,710 [ForkJoinPool.commonPool-worker-0] INFO  handler.ContextHandler (ContextHandler.java:doStop(910)) - Stopped o.e.j.w.WebAppContext@4fa9ab6{/,null,UNAVAILABLE}{/hddsDatanode}
2019-11-07 17:31:37,710 [ForkJoinPool.commonPool-worker-0] INFO  server.AbstractConnector (AbstractConnector.java:doStop(318)) - Stopped ServerConnector@2d3ef181{HTTP/1.1,[http/1.1]}{0.0.0.0:0}
2019-11-07 17:31:37,711 [ForkJoinPool.commonPool-worker-0] INFO  handler.ContextHandler (ContextHandler.java:doStop(910)) - Stopped o.e.j.s.ServletContextHandler@173a6728{/static,jar:file:/home/user/.m2/repository/org/apache/hadoop/hadoop-hdds-container-service/0.5.0-SNAPSHOT/hadoop-hdds-container-service-0.5.0-SNAPSHOT.jar!/webapps/static,UNAVAILABLE}
2019-11-07 17:31:37,712 [ForkJoinPool.commonPool-worker-0] INFO  handler.ContextHandler (ContextHandler.java:doStop(910)) - Stopped o.e.j.s.ServletContextHandler@38b8b6c0{/logs,file:///workdir/hadoop-ozone/ozonefs/target/log,UNAVAILABLE}
2019-11-07 17:31:38,327 [Datanode State Machine Thread - 0] INFO  statemachine.DatanodeStateMachine (DatanodeStateMachine.java:lambda$startDaemon$0(350)) - Ozone container server started.
2019-11-07 17:31:38,341 [Datanode State Machine Thread - 0] INFO  statemachine.DatanodeStateMachine (DatanodeStateMachine.java:lambda$startDaemon$0(350)) - Ozone container server started.
2019-11-07 17:31:38,978 [Thread-401] INFO  impl.FollowerState (FollowerState.java:run(111)) - 99ce3c13-320b-4021-9cf6-199dd0bed684@group-BE641617BA9C-FollowerState: change to CANDIDATE, lastRpcTime:5144ms, electionTimeout:5143ms
2019-11-07 17:31:38,978 [Thread-401] INFO  impl.RoleInfo (RoleInfo.java:shutdownFollowerState(121)) - 99ce3c13-320b-4021-9cf6-199dd0bed684: shutdown FollowerState
2019-11-07 17:31:38,979 [Thread-401] INFO  impl.RaftServerImpl (RaftServerImpl.java:setRole(173)) - 99ce3c13-320b-4021-9cf6-199dd0bed684@group-BE641617BA9C: changes role from  FOLLOWER to CANDIDATE at term 2 for changeToCandidate
2019-11-07 17:31:38,979 [Thread-401] INFO  impl.RoleInfo (RoleInfo.java:updateAndGet(143)) - 99ce3c13-320b-4021-9cf6-199dd0bed684: start LeaderElection
2019-11-07 17:31:39,006 [99ce3c13-320b-4021-9cf6-199dd0bed684@group-BE641617BA9C-LeaderElection13] INFO  impl.LeaderElection (LeaderElection.java:askForVotes(178)) - 99ce3c13-320b-4021-9cf6-199dd0bed684@group-BE641617BA9C-LeaderElection13: begin an election at term 3 for -1: [99ce3c13-320b-4021-9cf6-199dd0bed684:192.168.69.106:34308, cdd73ee1-0650-4948-a59d-6a4aac960b6a:192.168.69.106:35716, 9ff4eedc-7f18-41aa-b959-bed1611f05ce:192.168.69.106:37715], old=null
2019-11-07 17:31:39,007 [99ce3c13-320b-4021-9cf6-199dd0bed684@group-BE641617BA9C-LeaderElection13] INFO  impl.LeaderElection (LogUtils.java:infoOrTrace(149)) - 99ce3c13-320b-4021-9cf6-199dd0bed684@group-BE641617BA9C-LeaderElection13 got exception when requesting votes: {}
java.util.concurrent.ExecutionException: org.apache.ratis.thirdparty.io.grpc.StatusRuntimeException: UNAVAILABLE: io exception
	at java.util.concurrent.FutureTask.report(FutureTask.java:122)
	at java.util.concurrent.FutureTask.get(FutureTask.java:192)
	at org.apache.ratis.server.impl.LeaderElection.waitForResults(LeaderElection.java:259)
	at org.apache.ratis.server.impl.LeaderElection.askForVotes(LeaderElection.java:197)
	at org.apache.ratis.server.impl.LeaderElection.run(LeaderElection.java:133)
	at java.lang.Thread.run(Thread.java:748)
Caused by: org.apache.ratis.thirdparty.io.grpc.StatusRuntimeException: UNAVAILABLE: io exception
	at org.apache.ratis.thirdparty.io.grpc.stub.ClientCalls.toStatusRuntimeException(ClientCalls.java:233)
	at org.apache.ratis.thirdparty.io.grpc.stub.ClientCalls.getUnchecked(ClientCalls.java:214)
	at org.apache.ratis.thirdparty.io.grpc.stub.ClientCalls.blockingUnaryCall(ClientCalls.java:139)
	at org.apache.ratis.proto.grpc.RaftServerProtocolServiceGrpc$RaftServerProtocolServiceBlockingStub.requestVote(RaftServerProtocolServiceGrpc.java:265)
	at org.apache.ratis.grpc.server.GrpcServerProtocolClient.requestVote(GrpcServerProtocolClient.java:99)
	at org.apache.ratis.grpc.server.GrpcService.requestVote(GrpcService.java:204)
	at org.apache.ratis.server.impl.LeaderElection.lambda$submitRequests$1(LeaderElection.java:234)
	at java.util.concurrent.FutureTask.run(FutureTask.java:266)
	at java.util.concurrent.Executors$RunnableAdapter.call(Executors.java:511)
	at java.util.concurrent.FutureTask.run(FutureTask.java:266)
	at java.util.concurrent.ThreadPoolExecutor.runWorker(ThreadPoolExecutor.java:1149)
	at java.util.concurrent.ThreadPoolExecutor$Worker.run(ThreadPoolExecutor.java:624)
	... 1 more
Caused by: org.apache.ratis.thirdparty.io.netty.channel.AbstractChannel$AnnotatedConnectException: Connection refused: /192.168.69.106:35716
	at sun.nio.ch.SocketChannelImpl.checkConnect(Native Method)
	at sun.nio.ch.SocketChannelImpl.finishConnect(SocketChannelImpl.java:717)
	at org.apache.ratis.thirdparty.io.netty.channel.socket.nio.NioSocketChannel.doFinishConnect(NioSocketChannel.java:327)
	at org.apache.ratis.thirdparty.io.netty.channel.nio.AbstractNioChannel$AbstractNioUnsafe.finishConnect(AbstractNioChannel.java:340)
	at org.apache.ratis.thirdparty.io.netty.channel.nio.NioEventLoop.processSelectedKey(NioEventLoop.java:632)
	at org.apache.ratis.thirdparty.io.netty.channel.nio.NioEventLoop.processSelectedKeysOptimized(NioEventLoop.java:579)
	at org.apache.ratis.thirdparty.io.netty.channel.nio.NioEventLoop.processSelectedKeys(NioEventLoop.java:496)
	at org.apache.ratis.thirdparty.io.netty.channel.nio.NioEventLoop.run(NioEventLoop.java:458)
	at org.apache.ratis.thirdparty.io.netty.util.concurrent.SingleThreadEventExecutor$5.run(SingleThreadEventExecutor.java:897)
	at org.apache.ratis.thirdparty.io.netty.util.concurrent.FastThreadLocalRunnable.run(FastThreadLocalRunnable.java:30)
	... 1 more
Caused by: java.net.ConnectException: Connection refused
	... 11 more
2019-11-07 17:31:39,011 [99ce3c13-320b-4021-9cf6-199dd0bed684@group-BE641617BA9C-LeaderElection13] INFO  impl.LeaderElection (LogUtils.java:infoOrTrace(149)) - 99ce3c13-320b-4021-9cf6-199dd0bed684@group-BE641617BA9C-LeaderElection13 got exception when requesting votes: {}
java.util.concurrent.ExecutionException: org.apache.ratis.thirdparty.io.grpc.StatusRuntimeException: UNAVAILABLE: io exception
	at java.util.concurrent.FutureTask.report(FutureTask.java:122)
	at java.util.concurrent.FutureTask.get(FutureTask.java:192)
	at org.apache.ratis.server.impl.LeaderElection.waitForResults(LeaderElection.java:259)
	at org.apache.ratis.server.impl.LeaderElection.askForVotes(LeaderElection.java:197)
	at org.apache.ratis.server.impl.LeaderElection.run(LeaderElection.java:133)
	at java.lang.Thread.run(Thread.java:748)
Caused by: org.apache.ratis.thirdparty.io.grpc.StatusRuntimeException: UNAVAILABLE: io exception
	at org.apache.ratis.thirdparty.io.grpc.stub.ClientCalls.toStatusRuntimeException(ClientCalls.java:233)
	at org.apache.ratis.thirdparty.io.grpc.stub.ClientCalls.getUnchecked(ClientCalls.java:214)
	at org.apache.ratis.thirdparty.io.grpc.stub.ClientCalls.blockingUnaryCall(ClientCalls.java:139)
	at org.apache.ratis.proto.grpc.RaftServerProtocolServiceGrpc$RaftServerProtocolServiceBlockingStub.requestVote(RaftServerProtocolServiceGrpc.java:265)
	at org.apache.ratis.grpc.server.GrpcServerProtocolClient.requestVote(GrpcServerProtocolClient.java:99)
	at org.apache.ratis.grpc.server.GrpcService.requestVote(GrpcService.java:204)
	at org.apache.ratis.server.impl.LeaderElection.lambda$submitRequests$1(LeaderElection.java:234)
	at java.util.concurrent.FutureTask.run(FutureTask.java:266)
	at java.util.concurrent.Executors$RunnableAdapter.call(Executors.java:511)
	at java.util.concurrent.FutureTask.run(FutureTask.java:266)
	at java.util.concurrent.ThreadPoolExecutor.runWorker(ThreadPoolExecutor.java:1149)
	at java.util.concurrent.ThreadPoolExecutor$Worker.run(ThreadPoolExecutor.java:624)
	... 1 more
Caused by: org.apache.ratis.thirdparty.io.netty.channel.AbstractChannel$AnnotatedConnectException: Connection refused: /192.168.69.106:37715
	at sun.nio.ch.SocketChannelImpl.checkConnect(Native Method)
	at sun.nio.ch.SocketChannelImpl.finishConnect(SocketChannelImpl.java:717)
	at org.apache.ratis.thirdparty.io.netty.channel.socket.nio.NioSocketChannel.doFinishConnect(NioSocketChannel.java:327)
	at org.apache.ratis.thirdparty.io.netty.channel.nio.AbstractNioChannel$AbstractNioUnsafe.finishConnect(AbstractNioChannel.java:340)
	at org.apache.ratis.thirdparty.io.netty.channel.nio.NioEventLoop.processSelectedKey(NioEventLoop.java:632)
	at org.apache.ratis.thirdparty.io.netty.channel.nio.NioEventLoop.processSelectedKeysOptimized(NioEventLoop.java:579)
	at org.apache.ratis.thirdparty.io.netty.channel.nio.NioEventLoop.processSelectedKeys(NioEventLoop.java:496)
	at org.apache.ratis.thirdparty.io.netty.channel.nio.NioEventLoop.run(NioEventLoop.java:458)
	at org.apache.ratis.thirdparty.io.netty.util.concurrent.SingleThreadEventExecutor$5.run(SingleThreadEventExecutor.java:897)
	at org.apache.ratis.thirdparty.io.netty.util.concurrent.FastThreadLocalRunnable.run(FastThreadLocalRunnable.java:30)
	... 1 more
Caused by: java.net.ConnectException: Connection refused
	... 11 more
2019-11-07 17:31:39,012 [99ce3c13-320b-4021-9cf6-199dd0bed684@group-BE641617BA9C-LeaderElection13] INFO  impl.LeaderElection (LeaderElection.java:logAndReturn(56)) - 99ce3c13-320b-4021-9cf6-199dd0bed684@group-BE641617BA9C-LeaderElection13: Election REJECTED; received 0 response(s) [] and 2 exception(s); 99ce3c13-320b-4021-9cf6-199dd0bed684@group-BE641617BA9C:t3, leader=null, voted=99ce3c13-320b-4021-9cf6-199dd0bed684, raftlog=99ce3c13-320b-4021-9cf6-199dd0bed684@group-BE641617BA9C-SegmentedRaftLog:OPENED:c-1,f-1,i0, conf=-1: [99ce3c13-320b-4021-9cf6-199dd0bed684:192.168.69.106:34308, cdd73ee1-0650-4948-a59d-6a4aac960b6a:192.168.69.106:35716, 9ff4eedc-7f18-41aa-b959-bed1611f05ce:192.168.69.106:37715], old=null
2019-11-07 17:31:39,012 [99ce3c13-320b-4021-9cf6-199dd0bed684@group-BE641617BA9C-LeaderElection13] INFO  impl.LeaderElection (LogUtils.java:infoOrTrace(149)) -   Exception 0: {}
java.util.concurrent.ExecutionException: org.apache.ratis.thirdparty.io.grpc.StatusRuntimeException: UNAVAILABLE: io exception
	at java.util.concurrent.FutureTask.report(FutureTask.java:122)
	at java.util.concurrent.FutureTask.get(FutureTask.java:192)
	at org.apache.ratis.server.impl.LeaderElection.waitForResults(LeaderElection.java:259)
	at org.apache.ratis.server.impl.LeaderElection.askForVotes(LeaderElection.java:197)
	at org.apache.ratis.server.impl.LeaderElection.run(LeaderElection.java:133)
	at java.lang.Thread.run(Thread.java:748)
Caused by: org.apache.ratis.thirdparty.io.grpc.StatusRuntimeException: UNAVAILABLE: io exception
	at org.apache.ratis.thirdparty.io.grpc.stub.ClientCalls.toStatusRuntimeException(ClientCalls.java:233)
	at org.apache.ratis.thirdparty.io.grpc.stub.ClientCalls.getUnchecked(ClientCalls.java:214)
	at org.apache.ratis.thirdparty.io.grpc.stub.ClientCalls.blockingUnaryCall(ClientCalls.java:139)
	at org.apache.ratis.proto.grpc.RaftServerProtocolServiceGrpc$RaftServerProtocolServiceBlockingStub.requestVote(RaftServerProtocolServiceGrpc.java:265)
	at org.apache.ratis.grpc.server.GrpcServerProtocolClient.requestVote(GrpcServerProtocolClient.java:99)
	at org.apache.ratis.grpc.server.GrpcService.requestVote(GrpcService.java:204)
	at org.apache.ratis.server.impl.LeaderElection.lambda$submitRequests$1(LeaderElection.java:234)
	at java.util.concurrent.FutureTask.run(FutureTask.java:266)
	at java.util.concurrent.Executors$RunnableAdapter.call(Executors.java:511)
	at java.util.concurrent.FutureTask.run(FutureTask.java:266)
	at java.util.concurrent.ThreadPoolExecutor.runWorker(ThreadPoolExecutor.java:1149)
	at java.util.concurrent.ThreadPoolExecutor$Worker.run(ThreadPoolExecutor.java:624)
	... 1 more
Caused by: org.apache.ratis.thirdparty.io.netty.channel.AbstractChannel$AnnotatedConnectException: Connection refused: /192.168.69.106:35716
	at sun.nio.ch.SocketChannelImpl.checkConnect(Native Method)
	at sun.nio.ch.SocketChannelImpl.finishConnect(SocketChannelImpl.java:717)
	at org.apache.ratis.thirdparty.io.netty.channel.socket.nio.NioSocketChannel.doFinishConnect(NioSocketChannel.java:327)
	at org.apache.ratis.thirdparty.io.netty.channel.nio.AbstractNioChannel$AbstractNioUnsafe.finishConnect(AbstractNioChannel.java:340)
	at org.apache.ratis.thirdparty.io.netty.channel.nio.NioEventLoop.processSelectedKey(NioEventLoop.java:632)
	at org.apache.ratis.thirdparty.io.netty.channel.nio.NioEventLoop.processSelectedKeysOptimized(NioEventLoop.java:579)
	at org.apache.ratis.thirdparty.io.netty.channel.nio.NioEventLoop.processSelectedKeys(NioEventLoop.java:496)
	at org.apache.ratis.thirdparty.io.netty.channel.nio.NioEventLoop.run(NioEventLoop.java:458)
	at org.apache.ratis.thirdparty.io.netty.util.concurrent.SingleThreadEventExecutor$5.run(SingleThreadEventExecutor.java:897)
	at org.apache.ratis.thirdparty.io.netty.util.concurrent.FastThreadLocalRunnable.run(FastThreadLocalRunnable.java:30)
	... 1 more
Caused by: java.net.ConnectException: Connection refused
	... 11 more
2019-11-07 17:31:39,013 [99ce3c13-320b-4021-9cf6-199dd0bed684@group-BE641617BA9C-LeaderElection13] INFO  impl.LeaderElection (LogUtils.java:infoOrTrace(149)) -   Exception 1: {}
java.util.concurrent.ExecutionException: org.apache.ratis.thirdparty.io.grpc.StatusRuntimeException: UNAVAILABLE: io exception
	at java.util.concurrent.FutureTask.report(FutureTask.java:122)
	at java.util.concurrent.FutureTask.get(FutureTask.java:192)
	at org.apache.ratis.server.impl.LeaderElection.waitForResults(LeaderElection.java:259)
	at org.apache.ratis.server.impl.LeaderElection.askForVotes(LeaderElection.java:197)
	at org.apache.ratis.server.impl.LeaderElection.run(LeaderElection.java:133)
	at java.lang.Thread.run(Thread.java:748)
Caused by: org.apache.ratis.thirdparty.io.grpc.StatusRuntimeException: UNAVAILABLE: io exception
	at org.apache.ratis.thirdparty.io.grpc.stub.ClientCalls.toStatusRuntimeException(ClientCalls.java:233)
	at org.apache.ratis.thirdparty.io.grpc.stub.ClientCalls.getUnchecked(ClientCalls.java:214)
	at org.apache.ratis.thirdparty.io.grpc.stub.ClientCalls.blockingUnaryCall(ClientCalls.java:139)
	at org.apache.ratis.proto.grpc.RaftServerProtocolServiceGrpc$RaftServerProtocolServiceBlockingStub.requestVote(RaftServerProtocolServiceGrpc.java:265)
	at org.apache.ratis.grpc.server.GrpcServerProtocolClient.requestVote(GrpcServerProtocolClient.java:99)
	at org.apache.ratis.grpc.server.GrpcService.requestVote(GrpcService.java:204)
	at org.apache.ratis.server.impl.LeaderElection.lambda$submitRequests$1(LeaderElection.java:234)
	at java.util.concurrent.FutureTask.run(FutureTask.java:266)
	at java.util.concurrent.Executors$RunnableAdapter.call(Executors.java:511)
	at java.util.concurrent.FutureTask.run(FutureTask.java:266)
	at java.util.concurrent.ThreadPoolExecutor.runWorker(ThreadPoolExecutor.java:1149)
	at java.util.concurrent.ThreadPoolExecutor$Worker.run(ThreadPoolExecutor.java:624)
	... 1 more
Caused by: org.apache.ratis.thirdparty.io.netty.channel.AbstractChannel$AnnotatedConnectException: Connection refused: /192.168.69.106:37715
	at sun.nio.ch.SocketChannelImpl.checkConnect(Native Method)
	at sun.nio.ch.SocketChannelImpl.finishConnect(SocketChannelImpl.java:717)
	at org.apache.ratis.thirdparty.io.netty.channel.socket.nio.NioSocketChannel.doFinishConnect(NioSocketChannel.java:327)
	at org.apache.ratis.thirdparty.io.netty.channel.nio.AbstractNioChannel$AbstractNioUnsafe.finishConnect(AbstractNioChannel.java:340)
	at org.apache.ratis.thirdparty.io.netty.channel.nio.NioEventLoop.processSelectedKey(NioEventLoop.java:632)
	at org.apache.ratis.thirdparty.io.netty.channel.nio.NioEventLoop.processSelectedKeysOptimized(NioEventLoop.java:579)
	at org.apache.ratis.thirdparty.io.netty.channel.nio.NioEventLoop.processSelectedKeys(NioEventLoop.java:496)
	at org.apache.ratis.thirdparty.io.netty.channel.nio.NioEventLoop.run(NioEventLoop.java:458)
	at org.apache.ratis.thirdparty.io.netty.util.concurrent.SingleThreadEventExecutor$5.run(SingleThreadEventExecutor.java:897)
	at org.apache.ratis.thirdparty.io.netty.util.concurrent.FastThreadLocalRunnable.run(FastThreadLocalRunnable.java:30)
	... 1 more
Caused by: java.net.ConnectException: Connection refused
	... 11 more
2019-11-07 17:31:39,013 [99ce3c13-320b-4021-9cf6-199dd0bed684@group-BE641617BA9C-LeaderElection13] INFO  impl.RaftServerImpl (RaftServerImpl.java:setRole(173)) - 99ce3c13-320b-4021-9cf6-199dd0bed684@group-BE641617BA9C: changes role from CANDIDATE to FOLLOWER at term 3 for DISCOVERED_A_NEW_TERM
2019-11-07 17:31:39,013 [99ce3c13-320b-4021-9cf6-199dd0bed684@group-BE641617BA9C-LeaderElection13] INFO  impl.RoleInfo (RoleInfo.java:shutdownLeaderElection(134)) - 99ce3c13-320b-4021-9cf6-199dd0bed684: shutdown LeaderElection
2019-11-07 17:31:39,014 [99ce3c13-320b-4021-9cf6-199dd0bed684@group-BE641617BA9C-LeaderElection13] INFO  impl.RoleInfo (RoleInfo.java:updateAndGet(143)) - 99ce3c13-320b-4021-9cf6-199dd0bed684: start FollowerState
2019-11-07 17:31:42,684 [main] INFO  ozoneimpl.OzoneContainer (OzoneContainer.java:stop(227)) - Attempting to stop container services.
2019-11-07 17:31:42,686 [main] INFO  impl.RaftServerProxy (RaftServerProxy.java:lambda$close$4(314)) - f48da1f1-c66e-4724-bcad-208202df163d: close
2019-11-07 17:31:42,686 [main] INFO  server.GrpcService (GrpcService.java:closeImpl(164)) - f48da1f1-c66e-4724-bcad-208202df163d: shutdown server with port 39876 now
2019-11-07 17:31:42,687 [main] INFO  server.GrpcService (GrpcService.java:closeImpl(172)) - f48da1f1-c66e-4724-bcad-208202df163d: shutdown server with port 39876 successfully
2019-11-07 17:31:42,689 [refreshUsed-/workdir/hadoop-ozone/ozonefs/target/test-dir/MiniOzoneClusterImpl-b77e69ac-8790-49d6-a70a-8834af103527/datanode-9/data/containers] WARN  fs.CachingGetSpaceUsed (CachingGetSpaceUsed.java:run(183)) - Thread Interrupted waiting to refresh disk information: sleep interrupted
2019-11-07 17:31:42,711 [main] INFO  utils.BackgroundService (BackgroundService.java:shutdown(151)) - Shutting down service BlockDeletingService
2019-11-07 17:31:42,716 [main] INFO  statemachine.DatanodeStateMachine (DatanodeStateMachine.java:stopDaemon(395)) - Ozone container server stopped.
2019-11-07 17:31:42,717 [ForkJoinPool.commonPool-worker-0] INFO  ozoneimpl.OzoneContainer (OzoneContainer.java:stop(227)) - Attempting to stop container services.
2019-11-07 17:31:42,717 [ForkJoinPool.commonPool-worker-0] INFO  impl.RaftServerProxy (RaftServerProxy.java:lambda$close$4(314)) - 0fd77a9b-72d8-4821-b20f-db546d0e4c68: close
2019-11-07 17:31:42,717 [main] INFO  handler.ContextHandler (ContextHandler.java:doStop(910)) - Stopped o.e.j.w.WebAppContext@7d0d91a1{/,null,UNAVAILABLE}{/hddsDatanode}
2019-11-07 17:31:42,717 [ForkJoinPool.commonPool-worker-0] INFO  impl.RaftServerImpl (RaftServerImpl.java:lambda$shutdown$3(250)) - 0fd77a9b-72d8-4821-b20f-db546d0e4c68@group-D5631FD86E68: shutdown
2019-11-07 17:31:42,718 [ForkJoinPool.commonPool-worker-0] INFO  util.JmxRegister (JmxRegister.java:unregister(73)) - Successfully un-registered JMX Bean with object name Ratis:service=RaftServer,group=group-D5631FD86E68,id=0fd77a9b-72d8-4821-b20f-db546d0e4c68
2019-11-07 17:31:42,718 [ForkJoinPool.commonPool-worker-0] INFO  impl.RoleInfo (RoleInfo.java:shutdownLeaderState(104)) - 0fd77a9b-72d8-4821-b20f-db546d0e4c68: shutdown LeaderState
2019-11-07 17:31:42,718 [main] INFO  server.AbstractConnector (AbstractConnector.java:doStop(318)) - Stopped ServerConnector@7fb48179{HTTP/1.1,[http/1.1]}{0.0.0.0:0}
2019-11-07 17:31:42,718 [ForkJoinPool.commonPool-worker-0] INFO  impl.PendingRequests (PendingRequests.java:sendNotLeaderResponses(206)) - 0fd77a9b-72d8-4821-b20f-db546d0e4c68@group-D5631FD86E68-PendingRequests: sendNotLeaderResponses
2019-11-07 17:31:42,719 [main] INFO  handler.ContextHandler (ContextHandler.java:doStop(910)) - Stopped o.e.j.s.ServletContextHandler@21ba2445{/static,jar:file:/home/user/.m2/repository/org/apache/hadoop/hadoop-hdds-container-service/0.5.0-SNAPSHOT/hadoop-hdds-container-service-0.5.0-SNAPSHOT.jar!/webapps/static,UNAVAILABLE}
2019-11-07 17:31:42,719 [ForkJoinPool.commonPool-worker-0] INFO  impl.StateMachineUpdater (StateMachineUpdater.java:stopAndJoin(136)) - 0fd77a9b-72d8-4821-b20f-db546d0e4c68@group-D5631FD86E68-StateMachineUpdater: set stopIndex = 0
2019-11-07 17:31:42,719 [main] INFO  handler.ContextHandler (ContextHandler.java:doStop(910)) - Stopped o.e.j.s.ServletContextHandler@257e0827{/logs,file:///workdir/hadoop-ozone/ozonefs/target/log,UNAVAILABLE}
2019-11-07 17:31:42,719 [ForkJoinPool.commonPool-worker-0] INFO  impl.RaftServerImpl (ServerState.java:close(387)) - 0fd77a9b-72d8-4821-b20f-db546d0e4c68@group-D5631FD86E68: closes. applyIndex: 0
2019-11-07 17:31:42,720 [0fd77a9b-72d8-4821-b20f-db546d0e4c68@group-D5631FD86E68-SegmentedRaftLogWorker] INFO  segmented.SegmentedRaftLogWorker (SegmentedRaftLogWorker.java:run(316)) - 0fd77a9b-72d8-4821-b20f-db546d0e4c68@group-D5631FD86E68-SegmentedRaftLogWorker was interrupted, exiting. There are 0 tasks remaining in the queue.
2019-11-07 17:31:42,722 [ForkJoinPool.commonPool-worker-0] INFO  segmented.SegmentedRaftLogWorker (SegmentedRaftLogWorker.java:close(224)) - 0fd77a9b-72d8-4821-b20f-db546d0e4c68@group-D5631FD86E68-SegmentedRaftLogWorker close()
2019-11-07 17:31:42,724 [ForkJoinPool.commonPool-worker-0] INFO  server.GrpcService (GrpcService.java:closeImpl(164)) - 0fd77a9b-72d8-4821-b20f-db546d0e4c68: shutdown server with port 38398 now
2019-11-07 17:31:42,725 [ForkJoinPool.commonPool-worker-0] INFO  server.GrpcService (GrpcService.java:closeImpl(172)) - 0fd77a9b-72d8-4821-b20f-db546d0e4c68: shutdown server with port 38398 successfully
2019-11-07 17:31:42,727 [refreshUsed-/workdir/hadoop-ozone/ozonefs/target/test-dir/MiniOzoneClusterImpl-b77e69ac-8790-49d6-a70a-8834af103527/datanode-0/data/containers] WARN  fs.CachingGetSpaceUsed (CachingGetSpaceUsed.java:run(183)) - Thread Interrupted waiting to refresh disk information: sleep interrupted
2019-11-07 17:31:42,751 [ForkJoinPool.commonPool-worker-0] INFO  utils.BackgroundService (BackgroundService.java:shutdown(151)) - Shutting down service BlockDeletingService
2019-11-07 17:31:42,755 [ForkJoinPool.commonPool-worker-0] INFO  statemachine.DatanodeStateMachine (DatanodeStateMachine.java:stopDaemon(395)) - Ozone container server stopped.
2019-11-07 17:31:42,758 [ForkJoinPool.commonPool-worker-0] INFO  handler.ContextHandler (ContextHandler.java:doStop(910)) - Stopped o.e.j.w.WebAppContext@54d8c20d{/,null,UNAVAILABLE}{/hddsDatanode}
2019-11-07 17:31:42,758 [ForkJoinPool.commonPool-worker-0] INFO  server.AbstractConnector (AbstractConnector.java:doStop(318)) - Stopped ServerConnector@4b65d9f4{HTTP/1.1,[http/1.1]}{0.0.0.0:0}
2019-11-07 17:31:42,759 [ForkJoinPool.commonPool-worker-0] INFO  handler.ContextHandler (ContextHandler.java:doStop(910)) - Stopped o.e.j.s.ServletContextHandler@59072e9d{/static,jar:file:/home/user/.m2/repository/org/apache/hadoop/hadoop-hdds-container-service/0.5.0-SNAPSHOT/hadoop-hdds-container-service-0.5.0-SNAPSHOT.jar!/webapps/static,UNAVAILABLE}
2019-11-07 17:31:42,760 [ForkJoinPool.commonPool-worker-0] INFO  handler.ContextHandler (ContextHandler.java:doStop(910)) - Stopped o.e.j.s.ServletContextHandler@5e519ad3{/logs,file:///workdir/hadoop-ozone/ozonefs/target/log,UNAVAILABLE}
2019-11-07 17:31:43,251 [Datanode State Machine Thread - 0] INFO  statemachine.DatanodeStateMachine (DatanodeStateMachine.java:lambda$startDaemon$0(350)) - Ozone container server started.
2019-11-07 17:31:43,255 [Datanode State Machine Thread - 0] INFO  statemachine.DatanodeStateMachine (DatanodeStateMachine.java:lambda$startDaemon$0(350)) - Ozone container server started.
2019-11-07 17:31:43,846 [Thread-381] INFO  impl.FollowerState (FollowerState.java:run(111)) - 99ce3c13-320b-4021-9cf6-199dd0bed684@group-0E1B11F8B29B-FollowerState: change to CANDIDATE, lastRpcTime:7478ms, electionTimeout:5065ms
2019-11-07 17:31:43,846 [Thread-381] INFO  impl.RoleInfo (RoleInfo.java:shutdownFollowerState(121)) - 99ce3c13-320b-4021-9cf6-199dd0bed684: shutdown FollowerState
2019-11-07 17:31:43,847 [Thread-381] INFO  impl.RaftServerImpl (RaftServerImpl.java:setRole(173)) - 99ce3c13-320b-4021-9cf6-199dd0bed684@group-0E1B11F8B29B: changes role from  FOLLOWER to CANDIDATE at term 2 for changeToCandidate
2019-11-07 17:31:43,847 [Thread-381] INFO  impl.RoleInfo (RoleInfo.java:updateAndGet(143)) - 99ce3c13-320b-4021-9cf6-199dd0bed684: start LeaderElection
2019-11-07 17:31:43,851 [99ce3c13-320b-4021-9cf6-199dd0bed684@group-0E1B11F8B29B-LeaderElection14] INFO  impl.RaftServerImpl (ServerState.java:setLeader(255)) - 99ce3c13-320b-4021-9cf6-199dd0bed684@group-0E1B11F8B29B: change Leader from 9ff4eedc-7f18-41aa-b959-bed1611f05ce to null at term 2 for initElection
2019-11-07 17:31:43,857 [Thread-382] INFO  impl.FollowerState (FollowerState.java:run(111)) - 99ce3c13-320b-4021-9cf6-199dd0bed684@group-C919B7E91E8E-FollowerState: change to CANDIDATE, lastRpcTime:7489ms, electionTimeout:5073ms
2019-11-07 17:31:43,857 [Thread-382] INFO  impl.RoleInfo (RoleInfo.java:shutdownFollowerState(121)) - 99ce3c13-320b-4021-9cf6-199dd0bed684: shutdown FollowerState
2019-11-07 17:31:43,858 [Thread-382] INFO  impl.RaftServerImpl (RaftServerImpl.java:setRole(173)) - 99ce3c13-320b-4021-9cf6-199dd0bed684@group-C919B7E91E8E: changes role from  FOLLOWER to CANDIDATE at term 2 for changeToCandidate
2019-11-07 17:31:43,858 [Thread-382] INFO  impl.RoleInfo (RoleInfo.java:updateAndGet(143)) - 99ce3c13-320b-4021-9cf6-199dd0bed684: start LeaderElection
2019-11-07 17:31:43,858 [99ce3c13-320b-4021-9cf6-199dd0bed684@group-C919B7E91E8E-LeaderElection15] INFO  impl.RaftServerImpl (ServerState.java:setLeader(255)) - 99ce3c13-320b-4021-9cf6-199dd0bed684@group-C919B7E91E8E: change Leader from 9ff4eedc-7f18-41aa-b959-bed1611f05ce to null at term 2 for initElection
2019-11-07 17:31:43,903 [99ce3c13-320b-4021-9cf6-199dd0bed684@group-C919B7E91E8E-LeaderElection15] INFO  impl.LeaderElection (LeaderElection.java:askForVotes(178)) - 99ce3c13-320b-4021-9cf6-199dd0bed684@group-C919B7E91E8E-LeaderElection15: begin an election at term 3 for 1: [99ce3c13-320b-4021-9cf6-199dd0bed684:192.168.69.106:34308, cdd73ee1-0650-4948-a59d-6a4aac960b6a:192.168.69.106:35716, 9ff4eedc-7f18-41aa-b959-bed1611f05ce:192.168.69.106:37715], old=null
2019-11-07 17:31:43,903 [99ce3c13-320b-4021-9cf6-199dd0bed684@group-0E1B11F8B29B-LeaderElection14] INFO  impl.LeaderElection (LeaderElection.java:askForVotes(178)) - 99ce3c13-320b-4021-9cf6-199dd0bed684@group-0E1B11F8B29B-LeaderElection14: begin an election at term 3 for 1: [99ce3c13-320b-4021-9cf6-199dd0bed684:192.168.69.106:34308, cdd73ee1-0650-4948-a59d-6a4aac960b6a:192.168.69.106:35716, 9ff4eedc-7f18-41aa-b959-bed1611f05ce:192.168.69.106:37715], old=null
2019-11-07 17:31:43,904 [99ce3c13-320b-4021-9cf6-199dd0bed684@group-C919B7E91E8E-LeaderElection15] INFO  impl.LeaderElection (LogUtils.java:infoOrTrace(149)) - 99ce3c13-320b-4021-9cf6-199dd0bed684@group-C919B7E91E8E-LeaderElection15 got exception when requesting votes: {}
java.util.concurrent.ExecutionException: org.apache.ratis.thirdparty.io.grpc.StatusRuntimeException: UNAVAILABLE: io exception
	at java.util.concurrent.FutureTask.report(FutureTask.java:122)
	at java.util.concurrent.FutureTask.get(FutureTask.java:192)
	at org.apache.ratis.server.impl.LeaderElection.waitForResults(LeaderElection.java:259)
	at org.apache.ratis.server.impl.LeaderElection.askForVotes(LeaderElection.java:197)
	at org.apache.ratis.server.impl.LeaderElection.run(LeaderElection.java:133)
	at java.lang.Thread.run(Thread.java:748)
Caused by: org.apache.ratis.thirdparty.io.grpc.StatusRuntimeException: UNAVAILABLE: io exception
	at org.apache.ratis.thirdparty.io.grpc.stub.ClientCalls.toStatusRuntimeException(ClientCalls.java:233)
	at org.apache.ratis.thirdparty.io.grpc.stub.ClientCalls.getUnchecked(ClientCalls.java:214)
	at org.apache.ratis.thirdparty.io.grpc.stub.ClientCalls.blockingUnaryCall(ClientCalls.java:139)
	at org.apache.ratis.proto.grpc.RaftServerProtocolServiceGrpc$RaftServerProtocolServiceBlockingStub.requestVote(RaftServerProtocolServiceGrpc.java:265)
	at org.apache.ratis.grpc.server.GrpcServerProtocolClient.requestVote(GrpcServerProtocolClient.java:99)
	at org.apache.ratis.grpc.server.GrpcService.requestVote(GrpcService.java:204)
	at org.apache.ratis.server.impl.LeaderElection.lambda$submitRequests$1(LeaderElection.java:234)
	at java.util.concurrent.FutureTask.run(FutureTask.java:266)
	at java.util.concurrent.Executors$RunnableAdapter.call(Executors.java:511)
	at java.util.concurrent.FutureTask.run(FutureTask.java:266)
	at java.util.concurrent.ThreadPoolExecutor.runWorker(ThreadPoolExecutor.java:1149)
	at java.util.concurrent.ThreadPoolExecutor$Worker.run(ThreadPoolExecutor.java:624)
	... 1 more
Caused by: org.apache.ratis.thirdparty.io.netty.channel.AbstractChannel$AnnotatedConnectException: Connection refused: /192.168.69.106:37715
	at sun.nio.ch.SocketChannelImpl.checkConnect(Native Method)
	at sun.nio.ch.SocketChannelImpl.finishConnect(SocketChannelImpl.java:717)
	at org.apache.ratis.thirdparty.io.netty.channel.socket.nio.NioSocketChannel.doFinishConnect(NioSocketChannel.java:327)
	at org.apache.ratis.thirdparty.io.netty.channel.nio.AbstractNioChannel$AbstractNioUnsafe.finishConnect(AbstractNioChannel.java:340)
	at org.apache.ratis.thirdparty.io.netty.channel.nio.NioEventLoop.processSelectedKey(NioEventLoop.java:632)
	at org.apache.ratis.thirdparty.io.netty.channel.nio.NioEventLoop.processSelectedKeysOptimized(NioEventLoop.java:579)
	at org.apache.ratis.thirdparty.io.netty.channel.nio.NioEventLoop.processSelectedKeys(NioEventLoop.java:496)
	at org.apache.ratis.thirdparty.io.netty.channel.nio.NioEventLoop.run(NioEventLoop.java:458)
	at org.apache.ratis.thirdparty.io.netty.util.concurrent.SingleThreadEventExecutor$5.run(SingleThreadEventExecutor.java:897)
	at org.apache.ratis.thirdparty.io.netty.util.concurrent.FastThreadLocalRunnable.run(FastThreadLocalRunnable.java:30)
	... 1 more
Caused by: java.net.ConnectException: Connection refused
	... 11 more
2019-11-07 17:31:43,904 [99ce3c13-320b-4021-9cf6-199dd0bed684@group-0E1B11F8B29B-LeaderElection14] INFO  impl.LeaderElection (LogUtils.java:infoOrTrace(149)) - 99ce3c13-320b-4021-9cf6-199dd0bed684@group-0E1B11F8B29B-LeaderElection14 got exception when requesting votes: {}
java.util.concurrent.ExecutionException: org.apache.ratis.thirdparty.io.grpc.StatusRuntimeException: UNAVAILABLE: io exception
	at java.util.concurrent.FutureTask.report(FutureTask.java:122)
	at java.util.concurrent.FutureTask.get(FutureTask.java:192)
	at org.apache.ratis.server.impl.LeaderElection.waitForResults(LeaderElection.java:259)
	at org.apache.ratis.server.impl.LeaderElection.askForVotes(LeaderElection.java:197)
	at org.apache.ratis.server.impl.LeaderElection.run(LeaderElection.java:133)
	at java.lang.Thread.run(Thread.java:748)
Caused by: org.apache.ratis.thirdparty.io.grpc.StatusRuntimeException: UNAVAILABLE: io exception
	at org.apache.ratis.thirdparty.io.grpc.stub.ClientCalls.toStatusRuntimeException(ClientCalls.java:233)
	at org.apache.ratis.thirdparty.io.grpc.stub.ClientCalls.getUnchecked(ClientCalls.java:214)
	at org.apache.ratis.thirdparty.io.grpc.stub.ClientCalls.blockingUnaryCall(ClientCalls.java:139)
	at org.apache.ratis.proto.grpc.RaftServerProtocolServiceGrpc$RaftServerProtocolServiceBlockingStub.requestVote(RaftServerProtocolServiceGrpc.java:265)
	at org.apache.ratis.grpc.server.GrpcServerProtocolClient.requestVote(GrpcServerProtocolClient.java:99)
	at org.apache.ratis.grpc.server.GrpcService.requestVote(GrpcService.java:204)
	at org.apache.ratis.server.impl.LeaderElection.lambda$submitRequests$1(LeaderElection.java:234)
	at java.util.concurrent.FutureTask.run(FutureTask.java:266)
	at java.util.concurrent.Executors$RunnableAdapter.call(Executors.java:511)
	at java.util.concurrent.FutureTask.run(FutureTask.java:266)
	at java.util.concurrent.ThreadPoolExecutor.runWorker(ThreadPoolExecutor.java:1149)
	at java.util.concurrent.ThreadPoolExecutor$Worker.run(ThreadPoolExecutor.java:624)
	... 1 more
Caused by: org.apache.ratis.thirdparty.io.netty.channel.AbstractChannel$AnnotatedConnectException: Connection refused: /192.168.69.106:35716
	at sun.nio.ch.SocketChannelImpl.checkConnect(Native Method)
	at sun.nio.ch.SocketChannelImpl.finishConnect(SocketChannelImpl.java:717)
	at org.apache.ratis.thirdparty.io.netty.channel.socket.nio.NioSocketChannel.doFinishConnect(NioSocketChannel.java:327)
	at org.apache.ratis.thirdparty.io.netty.channel.nio.AbstractNioChannel$AbstractNioUnsafe.finishConnect(AbstractNioChannel.java:340)
	at org.apache.ratis.thirdparty.io.netty.channel.nio.NioEventLoop.processSelectedKey(NioEventLoop.java:632)
	at org.apache.ratis.thirdparty.io.netty.channel.nio.NioEventLoop.processSelectedKeysOptimized(NioEventLoop.java:579)
	at org.apache.ratis.thirdparty.io.netty.channel.nio.NioEventLoop.processSelectedKeys(NioEventLoop.java:496)
	at org.apache.ratis.thirdparty.io.netty.channel.nio.NioEventLoop.run(NioEventLoop.java:458)
	at org.apache.ratis.thirdparty.io.netty.util.concurrent.SingleThreadEventExecutor$5.run(SingleThreadEventExecutor.java:897)
	at org.apache.ratis.thirdparty.io.netty.util.concurrent.FastThreadLocalRunnable.run(FastThreadLocalRunnable.java:30)
	... 1 more
Caused by: java.net.ConnectException: Connection refused
	... 11 more
2019-11-07 17:31:43,907 [99ce3c13-320b-4021-9cf6-199dd0bed684@group-C919B7E91E8E-LeaderElection15] INFO  impl.LeaderElection (LogUtils.java:infoOrTrace(149)) - 99ce3c13-320b-4021-9cf6-199dd0bed684@group-C919B7E91E8E-LeaderElection15 got exception when requesting votes: {}
java.util.concurrent.ExecutionException: org.apache.ratis.thirdparty.io.grpc.StatusRuntimeException: UNAVAILABLE: io exception
	at java.util.concurrent.FutureTask.report(FutureTask.java:122)
	at java.util.concurrent.FutureTask.get(FutureTask.java:192)
	at org.apache.ratis.server.impl.LeaderElection.waitForResults(LeaderElection.java:259)
	at org.apache.ratis.server.impl.LeaderElection.askForVotes(LeaderElection.java:197)
	at org.apache.ratis.server.impl.LeaderElection.run(LeaderElection.java:133)
	at java.lang.Thread.run(Thread.java:748)
Caused by: org.apache.ratis.thirdparty.io.grpc.StatusRuntimeException: UNAVAILABLE: io exception
	at org.apache.ratis.thirdparty.io.grpc.stub.ClientCalls.toStatusRuntimeException(ClientCalls.java:233)
	at org.apache.ratis.thirdparty.io.grpc.stub.ClientCalls.getUnchecked(ClientCalls.java:214)
	at org.apache.ratis.thirdparty.io.grpc.stub.ClientCalls.blockingUnaryCall(ClientCalls.java:139)
	at org.apache.ratis.proto.grpc.RaftServerProtocolServiceGrpc$RaftServerProtocolServiceBlockingStub.requestVote(RaftServerProtocolServiceGrpc.java:265)
	at org.apache.ratis.grpc.server.GrpcServerProtocolClient.requestVote(GrpcServerProtocolClient.java:99)
	at org.apache.ratis.grpc.server.GrpcService.requestVote(GrpcService.java:204)
	at org.apache.ratis.server.impl.LeaderElection.lambda$submitRequests$1(LeaderElection.java:234)
	at java.util.concurrent.FutureTask.run(FutureTask.java:266)
	at java.util.concurrent.Executors$RunnableAdapter.call(Executors.java:511)
	at java.util.concurrent.FutureTask.run(FutureTask.java:266)
	at java.util.concurrent.ThreadPoolExecutor.runWorker(ThreadPoolExecutor.java:1149)
	at java.util.concurrent.ThreadPoolExecutor$Worker.run(ThreadPoolExecutor.java:624)
	... 1 more
Caused by: org.apache.ratis.thirdparty.io.netty.channel.AbstractChannel$AnnotatedConnectException: Connection refused: /192.168.69.106:35716
	at sun.nio.ch.SocketChannelImpl.checkConnect(Native Method)
	at sun.nio.ch.SocketChannelImpl.finishConnect(SocketChannelImpl.java:717)
	at org.apache.ratis.thirdparty.io.netty.channel.socket.nio.NioSocketChannel.doFinishConnect(NioSocketChannel.java:327)
	at org.apache.ratis.thirdparty.io.netty.channel.nio.AbstractNioChannel$AbstractNioUnsafe.finishConnect(AbstractNioChannel.java:340)
	at org.apache.ratis.thirdparty.io.netty.channel.nio.NioEventLoop.processSelectedKey(NioEventLoop.java:632)
	at org.apache.ratis.thirdparty.io.netty.channel.nio.NioEventLoop.processSelectedKeysOptimized(NioEventLoop.java:579)
	at org.apache.ratis.thirdparty.io.netty.channel.nio.NioEventLoop.processSelectedKeys(NioEventLoop.java:496)
	at org.apache.ratis.thirdparty.io.netty.channel.nio.NioEventLoop.run(NioEventLoop.java:458)
	at org.apache.ratis.thirdparty.io.netty.util.concurrent.SingleThreadEventExecutor$5.run(SingleThreadEventExecutor.java:897)
	at org.apache.ratis.thirdparty.io.netty.util.concurrent.FastThreadLocalRunnable.run(FastThreadLocalRunnable.java:30)
	... 1 more
Caused by: java.net.ConnectException: Connection refused
	... 11 more
2019-11-07 17:31:43,908 [99ce3c13-320b-4021-9cf6-199dd0bed684@group-0E1B11F8B29B-LeaderElection14] INFO  impl.LeaderElection (LogUtils.java:infoOrTrace(149)) - 99ce3c13-320b-4021-9cf6-199dd0bed684@group-0E1B11F8B29B-LeaderElection14 got exception when requesting votes: {}
java.util.concurrent.ExecutionException: org.apache.ratis.thirdparty.io.grpc.StatusRuntimeException: UNAVAILABLE: io exception
	at java.util.concurrent.FutureTask.report(FutureTask.java:122)
	at java.util.concurrent.FutureTask.get(FutureTask.java:192)
	at org.apache.ratis.server.impl.LeaderElection.waitForResults(LeaderElection.java:259)
	at org.apache.ratis.server.impl.LeaderElection.askForVotes(LeaderElection.java:197)
	at org.apache.ratis.server.impl.LeaderElection.run(LeaderElection.java:133)
	at java.lang.Thread.run(Thread.java:748)
Caused by: org.apache.ratis.thirdparty.io.grpc.StatusRuntimeException: UNAVAILABLE: io exception
	at org.apache.ratis.thirdparty.io.grpc.stub.ClientCalls.toStatusRuntimeException(ClientCalls.java:233)
	at org.apache.ratis.thirdparty.io.grpc.stub.ClientCalls.getUnchecked(ClientCalls.java:214)
	at org.apache.ratis.thirdparty.io.grpc.stub.ClientCalls.blockingUnaryCall(ClientCalls.java:139)
	at org.apache.ratis.proto.grpc.RaftServerProtocolServiceGrpc$RaftServerProtocolServiceBlockingStub.requestVote(RaftServerProtocolServiceGrpc.java:265)
	at org.apache.ratis.grpc.server.GrpcServerProtocolClient.requestVote(GrpcServerProtocolClient.java:99)
	at org.apache.ratis.grpc.server.GrpcService.requestVote(GrpcService.java:204)
	at org.apache.ratis.server.impl.LeaderElection.lambda$submitRequests$1(LeaderElection.java:234)
	at java.util.concurrent.FutureTask.run(FutureTask.java:266)
	at java.util.concurrent.Executors$RunnableAdapter.call(Executors.java:511)
	at java.util.concurrent.FutureTask.run(FutureTask.java:266)
	at java.util.concurrent.ThreadPoolExecutor.runWorker(ThreadPoolExecutor.java:1149)
	at java.util.concurrent.ThreadPoolExecutor$Worker.run(ThreadPoolExecutor.java:624)
	... 1 more
Caused by: org.apache.ratis.thirdparty.io.netty.channel.AbstractChannel$AnnotatedConnectException: Connection refused: /192.168.69.106:37715
	at sun.nio.ch.SocketChannelImpl.checkConnect(Native Method)
	at sun.nio.ch.SocketChannelImpl.finishConnect(SocketChannelImpl.java:717)
	at org.apache.ratis.thirdparty.io.netty.channel.socket.nio.NioSocketChannel.doFinishConnect(NioSocketChannel.java:327)
	at org.apache.ratis.thirdparty.io.netty.channel.nio.AbstractNioChannel$AbstractNioUnsafe.finishConnect(AbstractNioChannel.java:340)
	at org.apache.ratis.thirdparty.io.netty.channel.nio.NioEventLoop.processSelectedKey(NioEventLoop.java:632)
	at org.apache.ratis.thirdparty.io.netty.channel.nio.NioEventLoop.processSelectedKeysOptimized(NioEventLoop.java:579)
	at org.apache.ratis.thirdparty.io.netty.channel.nio.NioEventLoop.processSelectedKeys(NioEventLoop.java:496)
	at org.apache.ratis.thirdparty.io.netty.channel.nio.NioEventLoop.run(NioEventLoop.java:458)
	at org.apache.ratis.thirdparty.io.netty.util.concurrent.SingleThreadEventExecutor$5.run(SingleThreadEventExecutor.java:897)
	at org.apache.ratis.thirdparty.io.netty.util.concurrent.FastThreadLocalRunnable.run(FastThreadLocalRunnable.java:30)
	... 1 more
Caused by: java.net.ConnectException: Connection refused
	... 11 more
2019-11-07 17:31:43,908 [99ce3c13-320b-4021-9cf6-199dd0bed684@group-C919B7E91E8E-LeaderElection15] INFO  impl.LeaderElection (LeaderElection.java:logAndReturn(56)) - 99ce3c13-320b-4021-9cf6-199dd0bed684@group-C919B7E91E8E-LeaderElection15: Election REJECTED; received 0 response(s) [] and 2 exception(s); 99ce3c13-320b-4021-9cf6-199dd0bed684@group-C919B7E91E8E:t3, leader=null, voted=99ce3c13-320b-4021-9cf6-199dd0bed684, raftlog=99ce3c13-320b-4021-9cf6-199dd0bed684@group-C919B7E91E8E-SegmentedRaftLog:OPENED:c2,f2,i2, conf=1: [99ce3c13-320b-4021-9cf6-199dd0bed684:192.168.69.106:34308, cdd73ee1-0650-4948-a59d-6a4aac960b6a:192.168.69.106:35716, 9ff4eedc-7f18-41aa-b959-bed1611f05ce:192.168.69.106:37715], old=null
2019-11-07 17:31:43,909 [99ce3c13-320b-4021-9cf6-199dd0bed684@group-0E1B11F8B29B-LeaderElection14] INFO  impl.LeaderElection (LeaderElection.java:logAndReturn(56)) - 99ce3c13-320b-4021-9cf6-199dd0bed684@group-0E1B11F8B29B-LeaderElection14: Election REJECTED; received 0 response(s) [] and 2 exception(s); 99ce3c13-320b-4021-9cf6-199dd0bed684@group-0E1B11F8B29B:t3, leader=null, voted=99ce3c13-320b-4021-9cf6-199dd0bed684, raftlog=99ce3c13-320b-4021-9cf6-199dd0bed684@group-0E1B11F8B29B-SegmentedRaftLog:OPENED:c2,f2,i2, conf=1: [99ce3c13-320b-4021-9cf6-199dd0bed684:192.168.69.106:34308, cdd73ee1-0650-4948-a59d-6a4aac960b6a:192.168.69.106:35716, 9ff4eedc-7f18-41aa-b959-bed1611f05ce:192.168.69.106:37715], old=null
2019-11-07 17:31:43,909 [99ce3c13-320b-4021-9cf6-199dd0bed684@group-C919B7E91E8E-LeaderElection15] INFO  impl.LeaderElection (LogUtils.java:infoOrTrace(149)) -   Exception 0: {}
java.util.concurrent.ExecutionException: org.apache.ratis.thirdparty.io.grpc.StatusRuntimeException: UNAVAILABLE: io exception
	at java.util.concurrent.FutureTask.report(FutureTask.java:122)
	at java.util.concurrent.FutureTask.get(FutureTask.java:192)
	at org.apache.ratis.server.impl.LeaderElection.waitForResults(LeaderElection.java:259)
	at org.apache.ratis.server.impl.LeaderElection.askForVotes(LeaderElection.java:197)
	at org.apache.ratis.server.impl.LeaderElection.run(LeaderElection.java:133)
	at java.lang.Thread.run(Thread.java:748)
Caused by: org.apache.ratis.thirdparty.io.grpc.StatusRuntimeException: UNAVAILABLE: io exception
	at org.apache.ratis.thirdparty.io.grpc.stub.ClientCalls.toStatusRuntimeException(ClientCalls.java:233)
	at org.apache.ratis.thirdparty.io.grpc.stub.ClientCalls.getUnchecked(ClientCalls.java:214)
	at org.apache.ratis.thirdparty.io.grpc.stub.ClientCalls.blockingUnaryCall(ClientCalls.java:139)
	at org.apache.ratis.proto.grpc.RaftServerProtocolServiceGrpc$RaftServerProtocolServiceBlockingStub.requestVote(RaftServerProtocolServiceGrpc.java:265)
	at org.apache.ratis.grpc.server.GrpcServerProtocolClient.requestVote(GrpcServerProtocolClient.java:99)
	at org.apache.ratis.grpc.server.GrpcService.requestVote(GrpcService.java:204)
	at org.apache.ratis.server.impl.LeaderElection.lambda$submitRequests$1(LeaderElection.java:234)
	at java.util.concurrent.FutureTask.run(FutureTask.java:266)
	at java.util.concurrent.Executors$RunnableAdapter.call(Executors.java:511)
	at java.util.concurrent.FutureTask.run(FutureTask.java:266)
	at java.util.concurrent.ThreadPoolExecutor.runWorker(ThreadPoolExecutor.java:1149)
	at java.util.concurrent.ThreadPoolExecutor$Worker.run(ThreadPoolExecutor.java:624)
	... 1 more
Caused by: org.apache.ratis.thirdparty.io.netty.channel.AbstractChannel$AnnotatedConnectException: Connection refused: /192.168.69.106:37715
	at sun.nio.ch.SocketChannelImpl.checkConnect(Native Method)
	at sun.nio.ch.SocketChannelImpl.finishConnect(SocketChannelImpl.java:717)
	at org.apache.ratis.thirdparty.io.netty.channel.socket.nio.NioSocketChannel.doFinishConnect(NioSocketChannel.java:327)
	at org.apache.ratis.thirdparty.io.netty.channel.nio.AbstractNioChannel$AbstractNioUnsafe.finishConnect(AbstractNioChannel.java:340)
	at org.apache.ratis.thirdparty.io.netty.channel.nio.NioEventLoop.processSelectedKey(NioEventLoop.java:632)
	at org.apache.ratis.thirdparty.io.netty.channel.nio.NioEventLoop.processSelectedKeysOptimized(NioEventLoop.java:579)
	at org.apache.ratis.thirdparty.io.netty.channel.nio.NioEventLoop.processSelectedKeys(NioEventLoop.java:496)
	at org.apache.ratis.thirdparty.io.netty.channel.nio.NioEventLoop.run(NioEventLoop.java:458)
	at org.apache.ratis.thirdparty.io.netty.util.concurrent.SingleThreadEventExecutor$5.run(SingleThreadEventExecutor.java:897)
	at org.apache.ratis.thirdparty.io.netty.util.concurrent.FastThreadLocalRunnable.run(FastThreadLocalRunnable.java:30)
	... 1 more
Caused by: java.net.ConnectException: Connection refused
	... 11 more
2019-11-07 17:31:43,909 [99ce3c13-320b-4021-9cf6-199dd0bed684@group-0E1B11F8B29B-LeaderElection14] INFO  impl.LeaderElection (LogUtils.java:infoOrTrace(149)) -   Exception 0: {}
java.util.concurrent.ExecutionException: org.apache.ratis.thirdparty.io.grpc.StatusRuntimeException: UNAVAILABLE: io exception
	at java.util.concurrent.FutureTask.report(FutureTask.java:122)
	at java.util.concurrent.FutureTask.get(FutureTask.java:192)
	at org.apache.ratis.server.impl.LeaderElection.waitForResults(LeaderElection.java:259)
	at org.apache.ratis.server.impl.LeaderElection.askForVotes(LeaderElection.java:197)
	at org.apache.ratis.server.impl.LeaderElection.run(LeaderElection.java:133)
	at java.lang.Thread.run(Thread.java:748)
Caused by: org.apache.ratis.thirdparty.io.grpc.StatusRuntimeException: UNAVAILABLE: io exception
	at org.apache.ratis.thirdparty.io.grpc.stub.ClientCalls.toStatusRuntimeException(ClientCalls.java:233)
	at org.apache.ratis.thirdparty.io.grpc.stub.ClientCalls.getUnchecked(ClientCalls.java:214)
	at org.apache.ratis.thirdparty.io.grpc.stub.ClientCalls.blockingUnaryCall(ClientCalls.java:139)
	at org.apache.ratis.proto.grpc.RaftServerProtocolServiceGrpc$RaftServerProtocolServiceBlockingStub.requestVote(RaftServerProtocolServiceGrpc.java:265)
	at org.apache.ratis.grpc.server.GrpcServerProtocolClient.requestVote(GrpcServerProtocolClient.java:99)
	at org.apache.ratis.grpc.server.GrpcService.requestVote(GrpcService.java:204)
	at org.apache.ratis.server.impl.LeaderElection.lambda$submitRequests$1(LeaderElection.java:234)
	at java.util.concurrent.FutureTask.run(FutureTask.java:266)
	at java.util.concurrent.Executors$RunnableAdapter.call(Executors.java:511)
	at java.util.concurrent.FutureTask.run(FutureTask.java:266)
	at java.util.concurrent.ThreadPoolExecutor.runWorker(ThreadPoolExecutor.java:1149)
	at java.util.concurrent.ThreadPoolExecutor$Worker.run(ThreadPoolExecutor.java:624)
	... 1 more
Caused by: org.apache.ratis.thirdparty.io.netty.channel.AbstractChannel$AnnotatedConnectException: Connection refused: /192.168.69.106:35716
	at sun.nio.ch.SocketChannelImpl.checkConnect(Native Method)
	at sun.nio.ch.SocketChannelImpl.finishConnect(SocketChannelImpl.java:717)
	at org.apache.ratis.thirdparty.io.netty.channel.socket.nio.NioSocketChannel.doFinishConnect(NioSocketChannel.java:327)
	at org.apache.ratis.thirdparty.io.netty.channel.nio.AbstractNioChannel$AbstractNioUnsafe.finishConnect(AbstractNioChannel.java:340)
	at org.apache.ratis.thirdparty.io.netty.channel.nio.NioEventLoop.processSelectedKey(NioEventLoop.java:632)
	at org.apache.ratis.thirdparty.io.netty.channel.nio.NioEventLoop.processSelectedKeysOptimized(NioEventLoop.java:579)
	at org.apache.ratis.thirdparty.io.netty.channel.nio.NioEventLoop.processSelectedKeys(NioEventLoop.java:496)
	at org.apache.ratis.thirdparty.io.netty.channel.nio.NioEventLoop.run(NioEventLoop.java:458)
	at org.apache.ratis.thirdparty.io.netty.util.concurrent.SingleThreadEventExecutor$5.run(SingleThreadEventExecutor.java:897)
	at org.apache.ratis.thirdparty.io.netty.util.concurrent.FastThreadLocalRunnable.run(FastThreadLocalRunnable.java:30)
	... 1 more
Caused by: java.net.ConnectException: Connection refused
	... 11 more
2019-11-07 17:31:43,910 [99ce3c13-320b-4021-9cf6-199dd0bed684@group-C919B7E91E8E-LeaderElection15] INFO  impl.LeaderElection (LogUtils.java:infoOrTrace(149)) -   Exception 1: {}
java.util.concurrent.ExecutionException: org.apache.ratis.thirdparty.io.grpc.StatusRuntimeException: UNAVAILABLE: io exception
	at java.util.concurrent.FutureTask.report(FutureTask.java:122)
	at java.util.concurrent.FutureTask.get(FutureTask.java:192)
	at org.apache.ratis.server.impl.LeaderElection.waitForResults(LeaderElection.java:259)
	at org.apache.ratis.server.impl.LeaderElection.askForVotes(LeaderElection.java:197)
	at org.apache.ratis.server.impl.LeaderElection.run(LeaderElection.java:133)
	at java.lang.Thread.run(Thread.java:748)
Caused by: org.apache.ratis.thirdparty.io.grpc.StatusRuntimeException: UNAVAILABLE: io exception
	at org.apache.ratis.thirdparty.io.grpc.stub.ClientCalls.toStatusRuntimeException(ClientCalls.java:233)
	at org.apache.ratis.thirdparty.io.grpc.stub.ClientCalls.getUnchecked(ClientCalls.java:214)
	at org.apache.ratis.thirdparty.io.grpc.stub.ClientCalls.blockingUnaryCall(ClientCalls.java:139)
	at org.apache.ratis.proto.grpc.RaftServerProtocolServiceGrpc$RaftServerProtocolServiceBlockingStub.requestVote(RaftServerProtocolServiceGrpc.java:265)
	at org.apache.ratis.grpc.server.GrpcServerProtocolClient.requestVote(GrpcServerProtocolClient.java:99)
	at org.apache.ratis.grpc.server.GrpcService.requestVote(GrpcService.java:204)
	at org.apache.ratis.server.impl.LeaderElection.lambda$submitRequests$1(LeaderElection.java:234)
	at java.util.concurrent.FutureTask.run(FutureTask.java:266)
	at java.util.concurrent.Executors$RunnableAdapter.call(Executors.java:511)
	at java.util.concurrent.FutureTask.run(FutureTask.java:266)
	at java.util.concurrent.ThreadPoolExecutor.runWorker(ThreadPoolExecutor.java:1149)
	at java.util.concurrent.ThreadPoolExecutor$Worker.run(ThreadPoolExecutor.java:624)
	... 1 more
Caused by: org.apache.ratis.thirdparty.io.netty.channel.AbstractChannel$AnnotatedConnectException: Connection refused: /192.168.69.106:35716
	at sun.nio.ch.SocketChannelImpl.checkConnect(Native Method)
	at sun.nio.ch.SocketChannelImpl.finishConnect(SocketChannelImpl.java:717)
	at org.apache.ratis.thirdparty.io.netty.channel.socket.nio.NioSocketChannel.doFinishConnect(NioSocketChannel.java:327)
	at org.apache.ratis.thirdparty.io.netty.channel.nio.AbstractNioChannel$AbstractNioUnsafe.finishConnect(AbstractNioChannel.java:340)
	at org.apache.ratis.thirdparty.io.netty.channel.nio.NioEventLoop.processSelectedKey(NioEventLoop.java:632)
	at org.apache.ratis.thirdparty.io.netty.channel.nio.NioEventLoop.processSelectedKeysOptimized(NioEventLoop.java:579)
	at org.apache.ratis.thirdparty.io.netty.channel.nio.NioEventLoop.processSelectedKeys(NioEventLoop.java:496)
	at org.apache.ratis.thirdparty.io.netty.channel.nio.NioEventLoop.run(NioEventLoop.java:458)
	at org.apache.ratis.thirdparty.io.netty.util.concurrent.SingleThreadEventExecutor$5.run(SingleThreadEventExecutor.java:897)
	at org.apache.ratis.thirdparty.io.netty.util.concurrent.FastThreadLocalRunnable.run(FastThreadLocalRunnable.java:30)
	... 1 more
Caused by: java.net.ConnectException: Connection refused
	... 11 more
2019-11-07 17:31:43,911 [99ce3c13-320b-4021-9cf6-199dd0bed684@group-0E1B11F8B29B-LeaderElection14] INFO  impl.LeaderElection (LogUtils.java:infoOrTrace(149)) -   Exception 1: {}
java.util.concurrent.ExecutionException: org.apache.ratis.thirdparty.io.grpc.StatusRuntimeException: UNAVAILABLE: io exception
	at java.util.concurrent.FutureTask.report(FutureTask.java:122)
	at java.util.concurrent.FutureTask.get(FutureTask.java:192)
	at org.apache.ratis.server.impl.LeaderElection.waitForResults(LeaderElection.java:259)
	at org.apache.ratis.server.impl.LeaderElection.askForVotes(LeaderElection.java:197)
	at org.apache.ratis.server.impl.LeaderElection.run(LeaderElection.java:133)
	at java.lang.Thread.run(Thread.java:748)
Caused by: org.apache.ratis.thirdparty.io.grpc.StatusRuntimeException: UNAVAILABLE: io exception
	at org.apache.ratis.thirdparty.io.grpc.stub.ClientCalls.toStatusRuntimeException(ClientCalls.java:233)
	at org.apache.ratis.thirdparty.io.grpc.stub.ClientCalls.getUnchecked(ClientCalls.java:214)
	at org.apache.ratis.thirdparty.io.grpc.stub.ClientCalls.blockingUnaryCall(ClientCalls.java:139)
	at org.apache.ratis.proto.grpc.RaftServerProtocolServiceGrpc$RaftServerProtocolServiceBlockingStub.requestVote(RaftServerProtocolServiceGrpc.java:265)
	at org.apache.ratis.grpc.server.GrpcServerProtocolClient.requestVote(GrpcServerProtocolClient.java:99)
	at org.apache.ratis.grpc.server.GrpcService.requestVote(GrpcService.java:204)
	at org.apache.ratis.server.impl.LeaderElection.lambda$submitRequests$1(LeaderElection.java:234)
	at java.util.concurrent.FutureTask.run(FutureTask.java:266)
	at java.util.concurrent.Executors$RunnableAdapter.call(Executors.java:511)
	at java.util.concurrent.FutureTask.run(FutureTask.java:266)
	at java.util.concurrent.ThreadPoolExecutor.runWorker(ThreadPoolExecutor.java:1149)
	at java.util.concurrent.ThreadPoolExecutor$Worker.run(ThreadPoolExecutor.java:624)
	... 1 more
Caused by: org.apache.ratis.thirdparty.io.netty.channel.AbstractChannel$AnnotatedConnectException: Connection refused: /192.168.69.106:37715
	at sun.nio.ch.SocketChannelImpl.checkConnect(Native Method)
	at sun.nio.ch.SocketChannelImpl.finishConnect(SocketChannelImpl.java:717)
	at org.apache.ratis.thirdparty.io.netty.channel.socket.nio.NioSocketChannel.doFinishConnect(NioSocketChannel.java:327)
	at org.apache.ratis.thirdparty.io.netty.channel.nio.AbstractNioChannel$AbstractNioUnsafe.finishConnect(AbstractNioChannel.java:340)
	at org.apache.ratis.thirdparty.io.netty.channel.nio.NioEventLoop.processSelectedKey(NioEventLoop.java:632)
	at org.apache.ratis.thirdparty.io.netty.channel.nio.NioEventLoop.processSelectedKeysOptimized(NioEventLoop.java:579)
	at org.apache.ratis.thirdparty.io.netty.channel.nio.NioEventLoop.processSelectedKeys(NioEventLoop.java:496)
	at org.apache.ratis.thirdparty.io.netty.channel.nio.NioEventLoop.run(NioEventLoop.java:458)
	at org.apache.ratis.thirdparty.io.netty.util.concurrent.SingleThreadEventExecutor$5.run(SingleThreadEventExecutor.java:897)
	at org.apache.ratis.thirdparty.io.netty.util.concurrent.FastThreadLocalRunnable.run(FastThreadLocalRunnable.java:30)
	... 1 more
Caused by: java.net.ConnectException: Connection refused
	... 11 more
2019-11-07 17:31:43,911 [99ce3c13-320b-4021-9cf6-199dd0bed684@group-C919B7E91E8E-LeaderElection15] INFO  impl.RaftServerImpl (RaftServerImpl.java:setRole(173)) - 99ce3c13-320b-4021-9cf6-199dd0bed684@group-C919B7E91E8E: changes role from CANDIDATE to FOLLOWER at term 3 for DISCOVERED_A_NEW_TERM
2019-11-07 17:31:43,912 [99ce3c13-320b-4021-9cf6-199dd0bed684@group-0E1B11F8B29B-LeaderElection14] INFO  impl.RaftServerImpl (RaftServerImpl.java:setRole(173)) - 99ce3c13-320b-4021-9cf6-199dd0bed684@group-0E1B11F8B29B: changes role from CANDIDATE to FOLLOWER at term 3 for DISCOVERED_A_NEW_TERM
2019-11-07 17:31:43,912 [99ce3c13-320b-4021-9cf6-199dd0bed684@group-C919B7E91E8E-LeaderElection15] INFO  impl.RoleInfo (RoleInfo.java:shutdownLeaderElection(134)) - 99ce3c13-320b-4021-9cf6-199dd0bed684: shutdown LeaderElection
2019-11-07 17:31:43,912 [99ce3c13-320b-4021-9cf6-199dd0bed684@group-0E1B11F8B29B-LeaderElection14] INFO  impl.RoleInfo (RoleInfo.java:shutdownLeaderElection(134)) - 99ce3c13-320b-4021-9cf6-199dd0bed684: shutdown LeaderElection
2019-11-07 17:31:43,912 [99ce3c13-320b-4021-9cf6-199dd0bed684@group-C919B7E91E8E-LeaderElection15] INFO  impl.RoleInfo (RoleInfo.java:updateAndGet(143)) - 99ce3c13-320b-4021-9cf6-199dd0bed684: start FollowerState
2019-11-07 17:31:43,912 [99ce3c13-320b-4021-9cf6-199dd0bed684@group-0E1B11F8B29B-LeaderElection14] INFO  impl.RoleInfo (RoleInfo.java:updateAndGet(143)) - 99ce3c13-320b-4021-9cf6-199dd0bed684: start FollowerState
2019-11-07 17:31:44,138 [Thread-412] INFO  impl.FollowerState (FollowerState.java:run(111)) - 99ce3c13-320b-4021-9cf6-199dd0bed684@group-BE641617BA9C-FollowerState: change to CANDIDATE, lastRpcTime:5124ms, electionTimeout:5124ms
2019-11-07 17:31:44,138 [Thread-412] INFO  impl.RoleInfo (RoleInfo.java:shutdownFollowerState(121)) - 99ce3c13-320b-4021-9cf6-199dd0bed684: shutdown FollowerState
2019-11-07 17:31:44,138 [Thread-412] INFO  impl.RaftServerImpl (RaftServerImpl.java:setRole(173)) - 99ce3c13-320b-4021-9cf6-199dd0bed684@group-BE641617BA9C: changes role from  FOLLOWER to CANDIDATE at term 3 for changeToCandidate
2019-11-07 17:31:44,139 [Thread-412] INFO  impl.RoleInfo (RoleInfo.java:updateAndGet(143)) - 99ce3c13-320b-4021-9cf6-199dd0bed684: start LeaderElection
2019-11-07 17:31:44,163 [99ce3c13-320b-4021-9cf6-199dd0bed684@group-BE641617BA9C-LeaderElection16] INFO  impl.LeaderElection (LeaderElection.java:askForVotes(178)) - 99ce3c13-320b-4021-9cf6-199dd0bed684@group-BE641617BA9C-LeaderElection16: begin an election at term 4 for -1: [99ce3c13-320b-4021-9cf6-199dd0bed684:192.168.69.106:34308, cdd73ee1-0650-4948-a59d-6a4aac960b6a:192.168.69.106:35716, 9ff4eedc-7f18-41aa-b959-bed1611f05ce:192.168.69.106:37715], old=null
2019-11-07 17:31:44,165 [99ce3c13-320b-4021-9cf6-199dd0bed684@group-BE641617BA9C-LeaderElection16] INFO  impl.LeaderElection (LogUtils.java:infoOrTrace(149)) - 99ce3c13-320b-4021-9cf6-199dd0bed684@group-BE641617BA9C-LeaderElection16 got exception when requesting votes: {}
java.util.concurrent.ExecutionException: org.apache.ratis.thirdparty.io.grpc.StatusRuntimeException: UNAVAILABLE: io exception
	at java.util.concurrent.FutureTask.report(FutureTask.java:122)
	at java.util.concurrent.FutureTask.get(FutureTask.java:192)
	at org.apache.ratis.server.impl.LeaderElection.waitForResults(LeaderElection.java:259)
	at org.apache.ratis.server.impl.LeaderElection.askForVotes(LeaderElection.java:197)
	at org.apache.ratis.server.impl.LeaderElection.run(LeaderElection.java:133)
	at java.lang.Thread.run(Thread.java:748)
Caused by: org.apache.ratis.thirdparty.io.grpc.StatusRuntimeException: UNAVAILABLE: io exception
	at org.apache.ratis.thirdparty.io.grpc.stub.ClientCalls.toStatusRuntimeException(ClientCalls.java:233)
	at org.apache.ratis.thirdparty.io.grpc.stub.ClientCalls.getUnchecked(ClientCalls.java:214)
	at org.apache.ratis.thirdparty.io.grpc.stub.ClientCalls.blockingUnaryCall(ClientCalls.java:139)
	at org.apache.ratis.proto.grpc.RaftServerProtocolServiceGrpc$RaftServerProtocolServiceBlockingStub.requestVote(RaftServerProtocolServiceGrpc.java:265)
	at org.apache.ratis.grpc.server.GrpcServerProtocolClient.requestVote(GrpcServerProtocolClient.java:99)
	at org.apache.ratis.grpc.server.GrpcService.requestVote(GrpcService.java:204)
	at org.apache.ratis.server.impl.LeaderElection.lambda$submitRequests$1(LeaderElection.java:234)
	at java.util.concurrent.FutureTask.run(FutureTask.java:266)
	at java.util.concurrent.Executors$RunnableAdapter.call(Executors.java:511)
	at java.util.concurrent.FutureTask.run(FutureTask.java:266)
	at java.util.concurrent.ThreadPoolExecutor.runWorker(ThreadPoolExecutor.java:1149)
	at java.util.concurrent.ThreadPoolExecutor$Worker.run(ThreadPoolExecutor.java:624)
	... 1 more
Caused by: org.apache.ratis.thirdparty.io.netty.channel.AbstractChannel$AnnotatedConnectException: Connection refused: /192.168.69.106:35716
	at sun.nio.ch.SocketChannelImpl.checkConnect(Native Method)
	at sun.nio.ch.SocketChannelImpl.finishConnect(SocketChannelImpl.java:717)
	at org.apache.ratis.thirdparty.io.netty.channel.socket.nio.NioSocketChannel.doFinishConnect(NioSocketChannel.java:327)
	at org.apache.ratis.thirdparty.io.netty.channel.nio.AbstractNioChannel$AbstractNioUnsafe.finishConnect(AbstractNioChannel.java:340)
	at org.apache.ratis.thirdparty.io.netty.channel.nio.NioEventLoop.processSelectedKey(NioEventLoop.java:632)
	at org.apache.ratis.thirdparty.io.netty.channel.nio.NioEventLoop.processSelectedKeysOptimized(NioEventLoop.java:579)
	at org.apache.ratis.thirdparty.io.netty.channel.nio.NioEventLoop.processSelectedKeys(NioEventLoop.java:496)
	at org.apache.ratis.thirdparty.io.netty.channel.nio.NioEventLoop.run(NioEventLoop.java:458)
	at org.apache.ratis.thirdparty.io.netty.util.concurrent.SingleThreadEventExecutor$5.run(SingleThreadEventExecutor.java:897)
	at org.apache.ratis.thirdparty.io.netty.util.concurrent.FastThreadLocalRunnable.run(FastThreadLocalRunnable.java:30)
	... 1 more
Caused by: java.net.ConnectException: Connection refused
	... 11 more
2019-11-07 17:31:44,167 [99ce3c13-320b-4021-9cf6-199dd0bed684@group-BE641617BA9C-LeaderElection16] INFO  impl.LeaderElection (LogUtils.java:infoOrTrace(149)) - 99ce3c13-320b-4021-9cf6-199dd0bed684@group-BE641617BA9C-LeaderElection16 got exception when requesting votes: {}
java.util.concurrent.ExecutionException: org.apache.ratis.thirdparty.io.grpc.StatusRuntimeException: UNAVAILABLE: io exception
	at java.util.concurrent.FutureTask.report(FutureTask.java:122)
	at java.util.concurrent.FutureTask.get(FutureTask.java:192)
	at org.apache.ratis.server.impl.LeaderElection.waitForResults(LeaderElection.java:259)
	at org.apache.ratis.server.impl.LeaderElection.askForVotes(LeaderElection.java:197)
	at org.apache.ratis.server.impl.LeaderElection.run(LeaderElection.java:133)
	at java.lang.Thread.run(Thread.java:748)
Caused by: org.apache.ratis.thirdparty.io.grpc.StatusRuntimeException: UNAVAILABLE: io exception
	at org.apache.ratis.thirdparty.io.grpc.stub.ClientCalls.toStatusRuntimeException(ClientCalls.java:233)
	at org.apache.ratis.thirdparty.io.grpc.stub.ClientCalls.getUnchecked(ClientCalls.java:214)
	at org.apache.ratis.thirdparty.io.grpc.stub.ClientCalls.blockingUnaryCall(ClientCalls.java:139)
	at org.apache.ratis.proto.grpc.RaftServerProtocolServiceGrpc$RaftServerProtocolServiceBlockingStub.requestVote(RaftServerProtocolServiceGrpc.java:265)
	at org.apache.ratis.grpc.server.GrpcServerProtocolClient.requestVote(GrpcServerProtocolClient.java:99)
	at org.apache.ratis.grpc.server.GrpcService.requestVote(GrpcService.java:204)
	at org.apache.ratis.server.impl.LeaderElection.lambda$submitRequests$1(LeaderElection.java:234)
	at java.util.concurrent.FutureTask.run(FutureTask.java:266)
	at java.util.concurrent.Executors$RunnableAdapter.call(Executors.java:511)
	at java.util.concurrent.FutureTask.run(FutureTask.java:266)
	at java.util.concurrent.ThreadPoolExecutor.runWorker(ThreadPoolExecutor.java:1149)
	at java.util.concurrent.ThreadPoolExecutor$Worker.run(ThreadPoolExecutor.java:624)
	... 1 more
Caused by: org.apache.ratis.thirdparty.io.netty.channel.AbstractChannel$AnnotatedConnectException: Connection refused: /192.168.69.106:37715
	at sun.nio.ch.SocketChannelImpl.checkConnect(Native Method)
	at sun.nio.ch.SocketChannelImpl.finishConnect(SocketChannelImpl.java:717)
	at org.apache.ratis.thirdparty.io.netty.channel.socket.nio.NioSocketChannel.doFinishConnect(NioSocketChannel.java:327)
	at org.apache.ratis.thirdparty.io.netty.channel.nio.AbstractNioChannel$AbstractNioUnsafe.finishConnect(AbstractNioChannel.java:340)
	at org.apache.ratis.thirdparty.io.netty.channel.nio.NioEventLoop.processSelectedKey(NioEventLoop.java:632)
	at org.apache.ratis.thirdparty.io.netty.channel.nio.NioEventLoop.processSelectedKeysOptimized(NioEventLoop.java:579)
	at org.apache.ratis.thirdparty.io.netty.channel.nio.NioEventLoop.processSelectedKeys(NioEventLoop.java:496)
	at org.apache.ratis.thirdparty.io.netty.channel.nio.NioEventLoop.run(NioEventLoop.java:458)
	at org.apache.ratis.thirdparty.io.netty.util.concurrent.SingleThreadEventExecutor$5.run(SingleThreadEventExecutor.java:897)
	at org.apache.ratis.thirdparty.io.netty.util.concurrent.FastThreadLocalRunnable.run(FastThreadLocalRunnable.java:30)
	... 1 more
Caused by: java.net.ConnectException: Connection refused
	... 11 more
2019-11-07 17:31:44,168 [99ce3c13-320b-4021-9cf6-199dd0bed684@group-BE641617BA9C-LeaderElection16] INFO  impl.LeaderElection (LeaderElection.java:logAndReturn(56)) - 99ce3c13-320b-4021-9cf6-199dd0bed684@group-BE641617BA9C-LeaderElection16: Election REJECTED; received 0 response(s) [] and 2 exception(s); 99ce3c13-320b-4021-9cf6-199dd0bed684@group-BE641617BA9C:t4, leader=null, voted=99ce3c13-320b-4021-9cf6-199dd0bed684, raftlog=99ce3c13-320b-4021-9cf6-199dd0bed684@group-BE641617BA9C-SegmentedRaftLog:OPENED:c-1,f-1,i0, conf=-1: [99ce3c13-320b-4021-9cf6-199dd0bed684:192.168.69.106:34308, cdd73ee1-0650-4948-a59d-6a4aac960b6a:192.168.69.106:35716, 9ff4eedc-7f18-41aa-b959-bed1611f05ce:192.168.69.106:37715], old=null
2019-11-07 17:31:44,168 [99ce3c13-320b-4021-9cf6-199dd0bed684@group-BE641617BA9C-LeaderElection16] INFO  impl.LeaderElection (LogUtils.java:infoOrTrace(149)) -   Exception 0: {}
java.util.concurrent.ExecutionException: org.apache.ratis.thirdparty.io.grpc.StatusRuntimeException: UNAVAILABLE: io exception
	at java.util.concurrent.FutureTask.report(FutureTask.java:122)
	at java.util.concurrent.FutureTask.get(FutureTask.java:192)
	at org.apache.ratis.server.impl.LeaderElection.waitForResults(LeaderElection.java:259)
	at org.apache.ratis.server.impl.LeaderElection.askForVotes(LeaderElection.java:197)
	at org.apache.ratis.server.impl.LeaderElection.run(LeaderElection.java:133)
	at java.lang.Thread.run(Thread.java:748)
Caused by: org.apache.ratis.thirdparty.io.grpc.StatusRuntimeException: UNAVAILABLE: io exception
	at org.apache.ratis.thirdparty.io.grpc.stub.ClientCalls.toStatusRuntimeException(ClientCalls.java:233)
	at org.apache.ratis.thirdparty.io.grpc.stub.ClientCalls.getUnchecked(ClientCalls.java:214)
	at org.apache.ratis.thirdparty.io.grpc.stub.ClientCalls.blockingUnaryCall(ClientCalls.java:139)
	at org.apache.ratis.proto.grpc.RaftServerProtocolServiceGrpc$RaftServerProtocolServiceBlockingStub.requestVote(RaftServerProtocolServiceGrpc.java:265)
	at org.apache.ratis.grpc.server.GrpcServerProtocolClient.requestVote(GrpcServerProtocolClient.java:99)
	at org.apache.ratis.grpc.server.GrpcService.requestVote(GrpcService.java:204)
	at org.apache.ratis.server.impl.LeaderElection.lambda$submitRequests$1(LeaderElection.java:234)
	at java.util.concurrent.FutureTask.run(FutureTask.java:266)
	at java.util.concurrent.Executors$RunnableAdapter.call(Executors.java:511)
	at java.util.concurrent.FutureTask.run(FutureTask.java:266)
	at java.util.concurrent.ThreadPoolExecutor.runWorker(ThreadPoolExecutor.java:1149)
	at java.util.concurrent.ThreadPoolExecutor$Worker.run(ThreadPoolExecutor.java:624)
	... 1 more
Caused by: org.apache.ratis.thirdparty.io.netty.channel.AbstractChannel$AnnotatedConnectException: Connection refused: /192.168.69.106:35716
	at sun.nio.ch.SocketChannelImpl.checkConnect(Native Method)
	at sun.nio.ch.SocketChannelImpl.finishConnect(SocketChannelImpl.java:717)
	at org.apache.ratis.thirdparty.io.netty.channel.socket.nio.NioSocketChannel.doFinishConnect(NioSocketChannel.java:327)
	at org.apache.ratis.thirdparty.io.netty.channel.nio.AbstractNioChannel$AbstractNioUnsafe.finishConnect(AbstractNioChannel.java:340)
	at org.apache.ratis.thirdparty.io.netty.channel.nio.NioEventLoop.processSelectedKey(NioEventLoop.java:632)
	at org.apache.ratis.thirdparty.io.netty.channel.nio.NioEventLoop.processSelectedKeysOptimized(NioEventLoop.java:579)
	at org.apache.ratis.thirdparty.io.netty.channel.nio.NioEventLoop.processSelectedKeys(NioEventLoop.java:496)
	at org.apache.ratis.thirdparty.io.netty.channel.nio.NioEventLoop.run(NioEventLoop.java:458)
	at org.apache.ratis.thirdparty.io.netty.util.concurrent.SingleThreadEventExecutor$5.run(SingleThreadEventExecutor.java:897)
	at org.apache.ratis.thirdparty.io.netty.util.concurrent.FastThreadLocalRunnable.run(FastThreadLocalRunnable.java:30)
	... 1 more
Caused by: java.net.ConnectException: Connection refused
	... 11 more
2019-11-07 17:31:44,168 [99ce3c13-320b-4021-9cf6-199dd0bed684@group-BE641617BA9C-LeaderElection16] INFO  impl.LeaderElection (LogUtils.java:infoOrTrace(149)) -   Exception 1: {}
java.util.concurrent.ExecutionException: org.apache.ratis.thirdparty.io.grpc.StatusRuntimeException: UNAVAILABLE: io exception
	at java.util.concurrent.FutureTask.report(FutureTask.java:122)
	at java.util.concurrent.FutureTask.get(FutureTask.java:192)
	at org.apache.ratis.server.impl.LeaderElection.waitForResults(LeaderElection.java:259)
	at org.apache.ratis.server.impl.LeaderElection.askForVotes(LeaderElection.java:197)
	at org.apache.ratis.server.impl.LeaderElection.run(LeaderElection.java:133)
	at java.lang.Thread.run(Thread.java:748)
Caused by: org.apache.ratis.thirdparty.io.grpc.StatusRuntimeException: UNAVAILABLE: io exception
	at org.apache.ratis.thirdparty.io.grpc.stub.ClientCalls.toStatusRuntimeException(ClientCalls.java:233)
	at org.apache.ratis.thirdparty.io.grpc.stub.ClientCalls.getUnchecked(ClientCalls.java:214)
	at org.apache.ratis.thirdparty.io.grpc.stub.ClientCalls.blockingUnaryCall(ClientCalls.java:139)
	at org.apache.ratis.proto.grpc.RaftServerProtocolServiceGrpc$RaftServerProtocolServiceBlockingStub.requestVote(RaftServerProtocolServiceGrpc.java:265)
	at org.apache.ratis.grpc.server.GrpcServerProtocolClient.requestVote(GrpcServerProtocolClient.java:99)
	at org.apache.ratis.grpc.server.GrpcService.requestVote(GrpcService.java:204)
	at org.apache.ratis.server.impl.LeaderElection.lambda$submitRequests$1(LeaderElection.java:234)
	at java.util.concurrent.FutureTask.run(FutureTask.java:266)
	at java.util.concurrent.Executors$RunnableAdapter.call(Executors.java:511)
	at java.util.concurrent.FutureTask.run(FutureTask.java:266)
	at java.util.concurrent.ThreadPoolExecutor.runWorker(ThreadPoolExecutor.java:1149)
	at java.util.concurrent.ThreadPoolExecutor$Worker.run(ThreadPoolExecutor.java:624)
	... 1 more
Caused by: org.apache.ratis.thirdparty.io.netty.channel.AbstractChannel$AnnotatedConnectException: Connection refused: /192.168.69.106:37715
	at sun.nio.ch.SocketChannelImpl.checkConnect(Native Method)
	at sun.nio.ch.SocketChannelImpl.finishConnect(SocketChannelImpl.java:717)
	at org.apache.ratis.thirdparty.io.netty.channel.socket.nio.NioSocketChannel.doFinishConnect(NioSocketChannel.java:327)
	at org.apache.ratis.thirdparty.io.netty.channel.nio.AbstractNioChannel$AbstractNioUnsafe.finishConnect(AbstractNioChannel.java:340)
	at org.apache.ratis.thirdparty.io.netty.channel.nio.NioEventLoop.processSelectedKey(NioEventLoop.java:632)
	at org.apache.ratis.thirdparty.io.netty.channel.nio.NioEventLoop.processSelectedKeysOptimized(NioEventLoop.java:579)
	at org.apache.ratis.thirdparty.io.netty.channel.nio.NioEventLoop.processSelectedKeys(NioEventLoop.java:496)
	at org.apache.ratis.thirdparty.io.netty.channel.nio.NioEventLoop.run(NioEventLoop.java:458)
	at org.apache.ratis.thirdparty.io.netty.util.concurrent.SingleThreadEventExecutor$5.run(SingleThreadEventExecutor.java:897)
	at org.apache.ratis.thirdparty.io.netty.util.concurrent.FastThreadLocalRunnable.run(FastThreadLocalRunnable.java:30)
	... 1 more
Caused by: java.net.ConnectException: Connection refused
	... 11 more
2019-11-07 17:31:44,169 [99ce3c13-320b-4021-9cf6-199dd0bed684@group-BE641617BA9C-LeaderElection16] INFO  impl.RaftServerImpl (RaftServerImpl.java:setRole(173)) - 99ce3c13-320b-4021-9cf6-199dd0bed684@group-BE641617BA9C: changes role from CANDIDATE to FOLLOWER at term 4 for DISCOVERED_A_NEW_TERM
2019-11-07 17:31:44,169 [99ce3c13-320b-4021-9cf6-199dd0bed684@group-BE641617BA9C-LeaderElection16] INFO  impl.RoleInfo (RoleInfo.java:shutdownLeaderElection(134)) - 99ce3c13-320b-4021-9cf6-199dd0bed684: shutdown LeaderElection
2019-11-07 17:31:44,169 [99ce3c13-320b-4021-9cf6-199dd0bed684@group-BE641617BA9C-LeaderElection16] INFO  impl.RoleInfo (RoleInfo.java:updateAndGet(143)) - 99ce3c13-320b-4021-9cf6-199dd0bed684: start FollowerState
2019-11-07 17:31:47,724 [main] INFO  ozoneimpl.OzoneContainer (OzoneContainer.java:stop(227)) - Attempting to stop container services.
2019-11-07 17:31:47,726 [main] INFO  impl.RaftServerProxy (RaftServerProxy.java:lambda$close$4(314)) - 99ce3c13-320b-4021-9cf6-199dd0bed684: close
2019-11-07 17:31:47,726 [main] INFO  impl.RaftServerImpl (RaftServerImpl.java:lambda$shutdown$3(250)) - 99ce3c13-320b-4021-9cf6-199dd0bed684@group-0E1B11F8B29B: shutdown
2019-11-07 17:31:47,727 [main] INFO  util.JmxRegister (JmxRegister.java:unregister(73)) - Successfully un-registered JMX Bean with object name Ratis:service=RaftServer,group=group-0E1B11F8B29B,id=99ce3c13-320b-4021-9cf6-199dd0bed684
2019-11-07 17:31:47,727 [main] INFO  impl.RoleInfo (RoleInfo.java:shutdownFollowerState(121)) - 99ce3c13-320b-4021-9cf6-199dd0bed684: shutdown FollowerState
2019-11-07 17:31:47,727 [main] INFO  impl.StateMachineUpdater (StateMachineUpdater.java:stopAndJoin(136)) - 99ce3c13-320b-4021-9cf6-199dd0bed684@group-0E1B11F8B29B-StateMachineUpdater: set stopIndex = 2
2019-11-07 17:31:47,727 [Thread-420] INFO  impl.FollowerState (FollowerState.java:run(120)) - 99ce3c13-320b-4021-9cf6-199dd0bed684@group-0E1B11F8B29B-FollowerState was interrupted: java.lang.InterruptedException: sleep interrupted
2019-11-07 17:31:47,729 [main] INFO  impl.RaftServerImpl (ServerState.java:close(387)) - 99ce3c13-320b-4021-9cf6-199dd0bed684@group-0E1B11F8B29B: closes. applyIndex: 2
2019-11-07 17:31:47,729 [99ce3c13-320b-4021-9cf6-199dd0bed684@group-0E1B11F8B29B-SegmentedRaftLogWorker] INFO  segmented.SegmentedRaftLogWorker (SegmentedRaftLogWorker.java:run(316)) - 99ce3c13-320b-4021-9cf6-199dd0bed684@group-0E1B11F8B29B-SegmentedRaftLogWorker was interrupted, exiting. There are 0 tasks remaining in the queue.
2019-11-07 17:31:47,730 [main] INFO  segmented.SegmentedRaftLogWorker (SegmentedRaftLogWorker.java:close(224)) - 99ce3c13-320b-4021-9cf6-199dd0bed684@group-0E1B11F8B29B-SegmentedRaftLogWorker close()
2019-11-07 17:31:47,731 [main] INFO  impl.RaftServerImpl (RaftServerImpl.java:lambda$shutdown$3(250)) - 99ce3c13-320b-4021-9cf6-199dd0bed684@group-BE641617BA9C: shutdown
2019-11-07 17:31:47,732 [main] INFO  util.JmxRegister (JmxRegister.java:unregister(73)) - Successfully un-registered JMX Bean with object name Ratis:service=RaftServer,group=group-BE641617BA9C,id=99ce3c13-320b-4021-9cf6-199dd0bed684
2019-11-07 17:31:47,732 [main] INFO  impl.RoleInfo (RoleInfo.java:shutdownFollowerState(121)) - 99ce3c13-320b-4021-9cf6-199dd0bed684: shutdown FollowerState
2019-11-07 17:31:47,732 [main] INFO  impl.StateMachineUpdater (StateMachineUpdater.java:stopAndJoin(136)) - 99ce3c13-320b-4021-9cf6-199dd0bed684@group-BE641617BA9C-StateMachineUpdater: set stopIndex = -1
2019-11-07 17:31:47,733 [Thread-424] INFO  impl.FollowerState (FollowerState.java:run(120)) - 99ce3c13-320b-4021-9cf6-199dd0bed684@group-BE641617BA9C-FollowerState was interrupted: java.lang.InterruptedException: sleep interrupted
2019-11-07 17:31:47,733 [main] INFO  impl.RaftServerImpl (ServerState.java:close(387)) - 99ce3c13-320b-4021-9cf6-199dd0bed684@group-BE641617BA9C: closes. applyIndex: -1
2019-11-07 17:31:47,734 [99ce3c13-320b-4021-9cf6-199dd0bed684@group-BE641617BA9C-SegmentedRaftLogWorker] INFO  segmented.SegmentedRaftLogWorker (SegmentedRaftLogWorker.java:run(316)) - 99ce3c13-320b-4021-9cf6-199dd0bed684@group-BE641617BA9C-SegmentedRaftLogWorker was interrupted, exiting. There are 0 tasks remaining in the queue.
2019-11-07 17:31:47,734 [main] INFO  segmented.SegmentedRaftLogWorker (SegmentedRaftLogWorker.java:close(224)) - 99ce3c13-320b-4021-9cf6-199dd0bed684@group-BE641617BA9C-SegmentedRaftLogWorker close()
2019-11-07 17:31:47,736 [main] INFO  impl.RaftServerImpl (RaftServerImpl.java:lambda$shutdown$3(250)) - 99ce3c13-320b-4021-9cf6-199dd0bed684@group-C919B7E91E8E: shutdown
2019-11-07 17:31:47,736 [main] INFO  util.JmxRegister (JmxRegister.java:unregister(73)) - Successfully un-registered JMX Bean with object name Ratis:service=RaftServer,group=group-C919B7E91E8E,id=99ce3c13-320b-4021-9cf6-199dd0bed684
2019-11-07 17:31:47,736 [main] INFO  impl.RoleInfo (RoleInfo.java:shutdownFollowerState(121)) - 99ce3c13-320b-4021-9cf6-199dd0bed684: shutdown FollowerState
2019-11-07 17:31:47,737 [main] INFO  impl.StateMachineUpdater (StateMachineUpdater.java:stopAndJoin(136)) - 99ce3c13-320b-4021-9cf6-199dd0bed684@group-C919B7E91E8E-StateMachineUpdater: set stopIndex = 2
2019-11-07 17:31:47,737 [Thread-419] INFO  impl.FollowerState (FollowerState.java:run(120)) - 99ce3c13-320b-4021-9cf6-199dd0bed684@group-C919B7E91E8E-FollowerState was interrupted: java.lang.InterruptedException: sleep interrupted
2019-11-07 17:31:47,737 [main] INFO  impl.RaftServerImpl (ServerState.java:close(387)) - 99ce3c13-320b-4021-9cf6-199dd0bed684@group-C919B7E91E8E: closes. applyIndex: 2
2019-11-07 17:31:47,738 [99ce3c13-320b-4021-9cf6-199dd0bed684@group-C919B7E91E8E-SegmentedRaftLogWorker] INFO  segmented.SegmentedRaftLogWorker (SegmentedRaftLogWorker.java:run(316)) - 99ce3c13-320b-4021-9cf6-199dd0bed684@group-C919B7E91E8E-SegmentedRaftLogWorker was interrupted, exiting. There are 0 tasks remaining in the queue.
2019-11-07 17:31:47,739 [main] INFO  segmented.SegmentedRaftLogWorker (SegmentedRaftLogWorker.java:close(224)) - 99ce3c13-320b-4021-9cf6-199dd0bed684@group-C919B7E91E8E-SegmentedRaftLogWorker close()
2019-11-07 17:31:47,740 [main] INFO  server.GrpcService (GrpcService.java:closeImpl(164)) - 99ce3c13-320b-4021-9cf6-199dd0bed684: shutdown server with port 34308 now
2019-11-07 17:31:47,741 [main] INFO  server.GrpcService (GrpcService.java:closeImpl(172)) - 99ce3c13-320b-4021-9cf6-199dd0bed684: shutdown server with port 34308 successfully
2019-11-07 17:31:47,742 [refreshUsed-/workdir/hadoop-ozone/ozonefs/target/test-dir/MiniOzoneClusterImpl-b77e69ac-8790-49d6-a70a-8834af103527/datanode-7/data/containers] WARN  fs.CachingGetSpaceUsed (CachingGetSpaceUsed.java:run(183)) - Thread Interrupted waiting to refresh disk information: sleep interrupted
2019-11-07 17:31:47,757 [main] INFO  utils.BackgroundService (BackgroundService.java:shutdown(151)) - Shutting down service BlockDeletingService
2019-11-07 17:31:47,760 [main] INFO  statemachine.DatanodeStateMachine (DatanodeStateMachine.java:stopDaemon(395)) - Ozone container server stopped.
2019-11-07 17:31:47,761 [main] INFO  handler.ContextHandler (ContextHandler.java:doStop(910)) - Stopped o.e.j.w.WebAppContext@640ab13c{/,null,UNAVAILABLE}{/hddsDatanode}
2019-11-07 17:31:47,761 [main] INFO  server.AbstractConnector (AbstractConnector.java:doStop(318)) - Stopped ServerConnector@1e0a864d{HTTP/1.1,[http/1.1]}{0.0.0.0:0}
2019-11-07 17:31:47,762 [main] INFO  handler.ContextHandler (ContextHandler.java:doStop(910)) - Stopped o.e.j.s.ServletContextHandler@59bbe88a{/static,jar:file:/home/user/.m2/repository/org/apache/hadoop/hadoop-hdds-container-service/0.5.0-SNAPSHOT/hadoop-hdds-container-service-0.5.0-SNAPSHOT.jar!/webapps/static,UNAVAILABLE}
2019-11-07 17:31:47,762 [main] INFO  handler.ContextHandler (ContextHandler.java:doStop(910)) - Stopped o.e.j.s.ServletContextHandler@77049094{/logs,file:///workdir/hadoop-ozone/ozonefs/target/log,UNAVAILABLE}
2019-11-07 17:31:47,763 [ForkJoinPool.commonPool-worker-0] INFO  ozoneimpl.OzoneContainer (OzoneContainer.java:stop(227)) - Attempting to stop container services.
2019-11-07 17:31:47,763 [ForkJoinPool.commonPool-worker-0] INFO  impl.RaftServerProxy (RaftServerProxy.java:lambda$close$4(314)) - f59fc3e3-ffcf-4f90-a29e-3f57c4c8798e: close
2019-11-07 17:31:47,763 [ForkJoinPool.commonPool-worker-0] INFO  server.GrpcService (GrpcService.java:closeImpl(164)) - f59fc3e3-ffcf-4f90-a29e-3f57c4c8798e: shutdown server with port 39084 now
2019-11-07 17:31:47,764 [ForkJoinPool.commonPool-worker-0] INFO  server.GrpcService (GrpcService.java:closeImpl(172)) - f59fc3e3-ffcf-4f90-a29e-3f57c4c8798e: shutdown server with port 39084 successfully
2019-11-07 17:31:47,766 [refreshUsed-/workdir/hadoop-ozone/ozonefs/target/test-dir/MiniOzoneClusterImpl-b77e69ac-8790-49d6-a70a-8834af103527/datanode-1/data/containers] WARN  fs.CachingGetSpaceUsed (CachingGetSpaceUsed.java:run(183)) - Thread Interrupted waiting to refresh disk information: sleep interrupted
2019-11-07 17:31:47,785 [ForkJoinPool.commonPool-worker-0] INFO  utils.BackgroundService (BackgroundService.java:shutdown(151)) - Shutting down service BlockDeletingService
2019-11-07 17:31:47,788 [ForkJoinPool.commonPool-worker-0] INFO  statemachine.DatanodeStateMachine (DatanodeStateMachine.java:stopDaemon(395)) - Ozone container server stopped.
2019-11-07 17:31:47,790 [ForkJoinPool.commonPool-worker-0] INFO  handler.ContextHandler (ContextHandler.java:doStop(910)) - Stopped o.e.j.w.WebAppContext@5e7c141d{/,null,UNAVAILABLE}{/hddsDatanode}
2019-11-07 17:31:47,790 [ForkJoinPool.commonPool-worker-0] INFO  server.AbstractConnector (AbstractConnector.java:doStop(318)) - Stopped ServerConnector@43af351a{HTTP/1.1,[http/1.1]}{0.0.0.0:0}
2019-11-07 17:31:47,791 [ForkJoinPool.commonPool-worker-0] INFO  handler.ContextHandler (ContextHandler.java:doStop(910)) - Stopped o.e.j.s.ServletContextHandler@74174a23{/static,jar:file:/home/user/.m2/repository/org/apache/hadoop/hadoop-hdds-container-service/0.5.0-SNAPSHOT/hadoop-hdds-container-service-0.5.0-SNAPSHOT.jar!/webapps/static,UNAVAILABLE}
2019-11-07 17:31:47,791 [ForkJoinPool.commonPool-worker-0] INFO  handler.ContextHandler (ContextHandler.java:doStop(910)) - Stopped o.e.j.s.ServletContextHandler@118ffcfd{/logs,file:///workdir/hadoop-ozone/ozonefs/target/log,UNAVAILABLE}
2019-11-07 17:31:47,792 [main] INFO  ozone.MiniOzoneClusterImpl (MiniOzoneClusterImpl.java:stopSCM(392)) - Stopping the StorageContainerManager
2019-11-07 17:31:47,792 [main] INFO  server.StorageContainerManager (StorageContainerManager.java:stop(820)) - Stopping Replication Manager Service.
2019-11-07 17:31:47,792 [main] INFO  container.ReplicationManager (ReplicationManager.java:stop(203)) - Stopping Replication Monitor Thread.
2019-11-07 17:31:47,792 [main] INFO  server.StorageContainerManager (StorageContainerManager.java:stop(827)) - Stopping Lease Manager of the command watchers
2019-11-07 17:31:47,792 [main] INFO  server.StorageContainerManager (StorageContainerManager.java:stop(834)) - Stopping datanode service RPC server
2019-11-07 17:31:47,792 [main] INFO  server.SCMDatanodeProtocolServer (SCMDatanodeProtocolServer.java:stop(346)) - Stopping the RPC server for DataNodes
2019-11-07 17:31:47,793 [main] INFO  ipc.Server (Server.java:stop(3082)) - Stopping server on 35327
2019-11-07 17:31:47,794 [IPC Server listener on 35327] INFO  ipc.Server (Server.java:run(1185)) - Stopping IPC Server listener on 35327
2019-11-07 17:31:47,795 [IPC Server Responder] INFO  ipc.Server (Server.java:run(1319)) - Stopping IPC Server Responder
2019-11-07 17:31:47,816 [SCM Heartbeat Processing Thread - 0] WARN  node.NodeStateManager (NodeStateManager.java:scheduleNextHealthCheck(668)) - Current Thread is interrupted, shutting down HB processing thread for Node Manager.
2019-11-07 17:31:47,816 [main] INFO  server.StorageContainerManager (StorageContainerManager.java:stop(842)) - Stopping block service RPC server
2019-11-07 17:31:47,817 [main] INFO  server.SCMBlockProtocolServer (SCMBlockProtocolServer.java:stop(155)) - Stopping the RPC server for Block Protocol
2019-11-07 17:31:47,817 [main] INFO  ipc.Server (Server.java:stop(3082)) - Stopping server on 37702
2019-11-07 17:31:47,818 [IPC Server listener on 37702] INFO  ipc.Server (Server.java:run(1185)) - Stopping IPC Server listener on 37702
2019-11-07 17:31:47,818 [main] INFO  server.StorageContainerManager (StorageContainerManager.java:stop(849)) - Stopping the StorageContainerLocationProtocol RPC server
2019-11-07 17:31:47,819 [IPC Server Responder] INFO  ipc.Server (Server.java:run(1319)) - Stopping IPC Server Responder
2019-11-07 17:31:47,819 [main] INFO  server.SCMClientProtocolServer (SCMClientProtocolServer.java:stop(168)) - Stopping the RPC server for Client Protocol
2019-11-07 17:31:47,819 [main] INFO  ipc.Server (Server.java:stop(3082)) - Stopping server on 41853
2019-11-07 17:31:47,821 [IPC Server listener on 41853] INFO  ipc.Server (Server.java:run(1185)) - Stopping IPC Server listener on 41853
2019-11-07 17:31:47,821 [main] INFO  server.StorageContainerManager (StorageContainerManager.java:stop(856)) - Stopping Storage Container Manager HTTP server.
2019-11-07 17:31:47,823 [IPC Server Responder] INFO  ipc.Server (Server.java:run(1319)) - Stopping IPC Server Responder
2019-11-07 17:31:47,823 [main] INFO  handler.ContextHandler (ContextHandler.java:doStop(910)) - Stopped o.e.j.w.WebAppContext@6c4f9535{/,null,UNAVAILABLE}{/scm}
2019-11-07 17:31:47,824 [main] INFO  server.AbstractConnector (AbstractConnector.java:doStop(318)) - Stopped ServerConnector@48e64352{HTTP/1.1,[http/1.1]}{0.0.0.0:0}
2019-11-07 17:31:47,824 [main] INFO  handler.ContextHandler (ContextHandler.java:doStop(910)) - Stopped o.e.j.s.ServletContextHandler@56c698e3{/static,jar:file:/home/user/.m2/repository/org/apache/hadoop/hadoop-hdds-server-scm/0.5.0-SNAPSHOT/hadoop-hdds-server-scm-0.5.0-SNAPSHOT.jar!/webapps/static,UNAVAILABLE}
2019-11-07 17:31:47,825 [main] INFO  handler.ContextHandler (ContextHandler.java:doStop(910)) - Stopped o.e.j.s.ServletContextHandler@b7838a9{/logs,file:///workdir/hadoop-ozone/ozonefs/target/log,UNAVAILABLE}
2019-11-07 17:31:47,825 [main] INFO  server.StorageContainerManager (StorageContainerManager.java:stop(867)) - Stopping Block Manager Service.
2019-11-07 17:31:47,825 [main] INFO  utils.BackgroundService (BackgroundService.java:shutdown(151)) - Shutting down service SCMBlockDeletingService
2019-11-07 17:31:47,826 [main] INFO  utils.BackgroundService (BackgroundService.java:shutdown(151)) - Shutting down service SCMBlockDeletingService
2019-11-07 17:31:47,826 [main] INFO  server.StorageContainerManager (StorageContainerManager.java:stop(889)) - Stopping SCM Event Queue.
2019-11-07 17:31:47,832 [main] INFO  impl.MetricsSystemImpl (MetricsSystemImpl.java:stop(210)) - Stopping HddsDatanode metrics system...
2019-11-07 17:31:47,837 [prometheus] INFO  impl.MetricsSinkAdapter (MetricsSinkAdapter.java:publishMetricsFromQueue(141)) - prometheus thread interrupted.
2019-11-07 17:31:47,837 [main] INFO  impl.MetricsSystemImpl (MetricsSystemImpl.java:stop(216)) - HddsDatanode metrics system stopped.
]]></system-out>
    <system-err><![CDATA[ERROR StatusLogger No Log4j 2 configuration file found. Using default configuration (logging only errors to the console), or user programmatically provided configurations. Set system property 'log4j2.debug' to show Log4j 2 internal initialization logging. See https://logging.apache.org/log4j/2.x/manual/configuration.html for instructions on how to configure Log4j 2
Nov 07, 2019 5:31:33 PM org.apache.ratis.thirdparty.io.grpc.internal.SerializingExecutor run
SEVERE: Exception while executing runnable org.apache.ratis.thirdparty.io.grpc.internal.ClientCallImpl$ClientStreamListenerImpl$1StreamClosed@2beaa49f
java.lang.NullPointerException
	at org.apache.ratis.grpc.server.GrpcLogAppender$AppendLogResponseHandler.onError(GrpcLogAppender.java:303)
	at org.apache.ratis.thirdparty.io.grpc.stub.ClientCalls$StreamObserverToCallListenerAdapter.onClose(ClientCalls.java:434)
	at org.apache.ratis.thirdparty.io.grpc.PartialForwardingClientCallListener.onClose(PartialForwardingClientCallListener.java:39)
	at org.apache.ratis.thirdparty.io.grpc.ForwardingClientCallListener.onClose(ForwardingClientCallListener.java:23)
	at org.apache.ratis.thirdparty.io.grpc.ForwardingClientCallListener$SimpleForwardingClientCallListener.onClose(ForwardingClientCallListener.java:40)
	at org.apache.ratis.thirdparty.io.grpc.internal.CensusStatsModule$StatsClientInterceptor$1$1.onClose(CensusStatsModule.java:678)
	at org.apache.ratis.thirdparty.io.grpc.PartialForwardingClientCallListener.onClose(PartialForwardingClientCallListener.java:39)
	at org.apache.ratis.thirdparty.io.grpc.ForwardingClientCallListener.onClose(ForwardingClientCallListener.java:23)
	at org.apache.ratis.thirdparty.io.grpc.ForwardingClientCallListener$SimpleForwardingClientCallListener.onClose(ForwardingClientCallListener.java:40)
	at org.apache.ratis.thirdparty.io.grpc.internal.CensusTracingModule$TracingClientInterceptor$1$1.onClose(CensusTracingModule.java:397)
	at org.apache.ratis.thirdparty.io.grpc.internal.ClientCallImpl.closeObserver(ClientCallImpl.java:459)
	at org.apache.ratis.thirdparty.io.grpc.internal.ClientCallImpl.access$300(ClientCallImpl.java:63)
	at org.apache.ratis.thirdparty.io.grpc.internal.ClientCallImpl$ClientStreamListenerImpl.close(ClientCallImpl.java:546)
	at org.apache.ratis.thirdparty.io.grpc.internal.ClientCallImpl$ClientStreamListenerImpl.access$600(ClientCallImpl.java:467)
	at org.apache.ratis.thirdparty.io.grpc.internal.ClientCallImpl$ClientStreamListenerImpl$1StreamClosed.runInContext(ClientCallImpl.java:584)
	at org.apache.ratis.thirdparty.io.grpc.internal.ContextRunnable.run(ContextRunnable.java:37)
	at org.apache.ratis.thirdparty.io.grpc.internal.SerializingExecutor.run(SerializingExecutor.java:123)
	at java.util.concurrent.ThreadPoolExecutor.runWorker(ThreadPoolExecutor.java:1149)
	at java.util.concurrent.ThreadPoolExecutor$Worker.run(ThreadPoolExecutor.java:624)
	at java.lang.Thread.run(Thread.java:748)

Nov 07, 2019 5:31:33 PM org.apache.ratis.thirdparty.io.grpc.internal.SerializingExecutor run
SEVERE: Exception while executing runnable org.apache.ratis.thirdparty.io.grpc.internal.ClientCallImpl$ClientStreamListenerImpl$1StreamClosed@62ed47f7
java.lang.NullPointerException
	at org.apache.ratis.grpc.server.GrpcLogAppender$AppendLogResponseHandler.onError(GrpcLogAppender.java:303)
	at org.apache.ratis.thirdparty.io.grpc.stub.ClientCalls$StreamObserverToCallListenerAdapter.onClose(ClientCalls.java:434)
	at org.apache.ratis.thirdparty.io.grpc.PartialForwardingClientCallListener.onClose(PartialForwardingClientCallListener.java:39)
	at org.apache.ratis.thirdparty.io.grpc.ForwardingClientCallListener.onClose(ForwardingClientCallListener.java:23)
	at org.apache.ratis.thirdparty.io.grpc.ForwardingClientCallListener$SimpleForwardingClientCallListener.onClose(ForwardingClientCallListener.java:40)
	at org.apache.ratis.thirdparty.io.grpc.internal.CensusStatsModule$StatsClientInterceptor$1$1.onClose(CensusStatsModule.java:678)
	at org.apache.ratis.thirdparty.io.grpc.PartialForwardingClientCallListener.onClose(PartialForwardingClientCallListener.java:39)
	at org.apache.ratis.thirdparty.io.grpc.ForwardingClientCallListener.onClose(ForwardingClientCallListener.java:23)
	at org.apache.ratis.thirdparty.io.grpc.ForwardingClientCallListener$SimpleForwardingClientCallListener.onClose(ForwardingClientCallListener.java:40)
	at org.apache.ratis.thirdparty.io.grpc.internal.CensusTracingModule$TracingClientInterceptor$1$1.onClose(CensusTracingModule.java:397)
	at org.apache.ratis.thirdparty.io.grpc.internal.ClientCallImpl.closeObserver(ClientCallImpl.java:459)
	at org.apache.ratis.thirdparty.io.grpc.internal.ClientCallImpl.access$300(ClientCallImpl.java:63)
	at org.apache.ratis.thirdparty.io.grpc.internal.ClientCallImpl$ClientStreamListenerImpl.close(ClientCallImpl.java:546)
	at org.apache.ratis.thirdparty.io.grpc.internal.ClientCallImpl$ClientStreamListenerImpl.access$600(ClientCallImpl.java:467)
	at org.apache.ratis.thirdparty.io.grpc.internal.ClientCallImpl$ClientStreamListenerImpl$1StreamClosed.runInContext(ClientCallImpl.java:584)
	at org.apache.ratis.thirdparty.io.grpc.internal.ContextRunnable.run(ContextRunnable.java:37)
	at org.apache.ratis.thirdparty.io.grpc.internal.SerializingExecutor.run(SerializingExecutor.java:123)
	at java.util.concurrent.ThreadPoolExecutor.runWorker(ThreadPoolExecutor.java:1149)
	at java.util.concurrent.ThreadPoolExecutor$Worker.run(ThreadPoolExecutor.java:624)
	at java.lang.Thread.run(Thread.java:748)

]]></system-err>
  </testcase>
</testsuite>