<?xml version="1.0" encoding="UTF-8"?>
<testsuite xmlns:xsi="http://www.w3.org/2001/XMLSchema-instance" xsi:noNamespaceSchemaLocation="https://maven.apache.org/surefire/maven-surefire-plugin/xsd/surefire-test-report.xsd" name="org.apache.hadoop.fs.ozone.contract.ITestOzoneContractDistCp" time="60.163" tests="6" errors="3" skipped="0" failures="0">
  <properties>
    <property name="awt.toolkit" value="sun.awt.X11.XToolkit"/>
    <property name="file.encoding.pkg" value="sun.io"/>
    <property name="java.specification.version" value="1.8"/>
    <property name="sun.cpu.isalist" value=""/>
    <property name="sun.jnu.encoding" value="ANSI_X3.4-1968"/>
    <property name="java.class.path" value="/workdir/hadoop-ozone/ozonefs/target/test-classes:/workdir/hadoop-ozone/ozonefs/target/classes:/home/user/.m2/repository/org/apache/hadoop/hadoop-common/3.2.0/hadoop-common-3.2.0.jar:/home/user/.m2/repository/org/apache/hadoop/hadoop-annotations/3.2.0/hadoop-annotations-3.2.0.jar:/usr/lib/jvm/java-1.8.0-openjdk-1.8.0.222.b10-1.el7_7.x86_64/jre/../lib/tools.jar:/home/user/.m2/repository/com/google/guava/guava/11.0.2/guava-11.0.2.jar:/home/user/.m2/repository/commons-cli/commons-cli/1.2/commons-cli-1.2.jar:/home/user/.m2/repository/org/apache/commons/commons-math3/3.1.1/commons-math3-3.1.1.jar:/home/user/.m2/repository/commons-codec/commons-codec/1.11/commons-codec-1.11.jar:/home/user/.m2/repository/commons-io/commons-io/2.5/commons-io-2.5.jar:/home/user/.m2/repository/commons-net/commons-net/3.6/commons-net-3.6.jar:/home/user/.m2/repository/commons-collections/commons-collections/3.2.2/commons-collections-3.2.2.jar:/home/user/.m2/repository/javax/servlet/javax.servlet-api/3.1.0/javax.servlet-api-3.1.0.jar:/home/user/.m2/repository/org/eclipse/jetty/jetty-server/9.3.25.v20180904/jetty-server-9.3.25.v20180904.jar:/home/user/.m2/repository/org/eclipse/jetty/jetty-http/9.3.25.v20180904/jetty-http-9.3.25.v20180904.jar:/home/user/.m2/repository/org/eclipse/jetty/jetty-io/9.3.25.v20180904/jetty-io-9.3.25.v20180904.jar:/home/user/.m2/repository/org/eclipse/jetty/jetty-util/9.3.25.v20180904/jetty-util-9.3.25.v20180904.jar:/home/user/.m2/repository/org/eclipse/jetty/jetty-servlet/9.3.25.v20180904/jetty-servlet-9.3.25.v20180904.jar:/home/user/.m2/repository/org/eclipse/jetty/jetty-security/9.3.25.v20180904/jetty-security-9.3.25.v20180904.jar:/home/user/.m2/repository/org/eclipse/jetty/jetty-webapp/9.3.25.v20180904/jetty-webapp-9.3.25.v20180904.jar:/home/user/.m2/repository/org/eclipse/jetty/jetty-xml/9.3.25.v20180904/jetty-xml-9.3.25.v20180904.jar:/home/user/.m2/repository/javax/servlet/jsp/jsp-api/2.1/jsp-api-2.1.jar:/home/user/.m2/repository/com/sun/jersey/jersey-core/1.19/jersey-core-1.19.jar:/home/user/.m2/repository/javax/ws/rs/jsr311-api/1.1.1/jsr311-api-1.1.1.jar:/home/user/.m2/repository/com/sun/jersey/jersey-servlet/1.19/jersey-servlet-1.19.jar:/home/user/.m2/repository/com/sun/jersey/jersey-json/1.19/jersey-json-1.19.jar:/home/user/.m2/repository/org/codehaus/jettison/jettison/1.1/jettison-1.1.jar:/home/user/.m2/repository/com/sun/xml/bind/jaxb-impl/2.3.0.1/jaxb-impl-2.3.0.1.jar:/home/user/.m2/repository/org/codehaus/jackson/jackson-core-asl/1.9.13/jackson-core-asl-1.9.13.jar:/home/user/.m2/repository/org/codehaus/jackson/jackson-mapper-asl/1.9.13/jackson-mapper-asl-1.9.13.jar:/home/user/.m2/repository/org/codehaus/jackson/jackson-jaxrs/1.9.13/jackson-jaxrs-1.9.13.jar:/home/user/.m2/repository/org/codehaus/jackson/jackson-xc/1.9.13/jackson-xc-1.9.13.jar:/home/user/.m2/repository/com/sun/jersey/jersey-server/1.19/jersey-server-1.19.jar:/home/user/.m2/repository/commons-logging/commons-logging/1.1.3/commons-logging-1.1.3.jar:/home/user/.m2/repository/log4j/log4j/1.2.17/log4j-1.2.17.jar:/home/user/.m2/repository/commons-beanutils/commons-beanutils/1.9.4/commons-beanutils-1.9.4.jar:/home/user/.m2/repository/org/apache/commons/commons-configuration2/2.1.1/commons-configuration2-2.1.1.jar:/home/user/.m2/repository/org/apache/commons/commons-lang3/3.7/commons-lang3-3.7.jar:/home/user/.m2/repository/org/apache/commons/commons-text/1.4/commons-text-1.4.jar:/home/user/.m2/repository/org/slf4j/slf4j-api/1.7.25/slf4j-api-1.7.25.jar:/home/user/.m2/repository/org/slf4j/slf4j-log4j12/1.7.25/slf4j-log4j12-1.7.25.jar:/home/user/.m2/repository/org/apache/avro/avro/1.7.7/avro-1.7.7.jar:/home/user/.m2/repository/com/thoughtworks/paranamer/paranamer/2.3/paranamer-2.3.jar:/home/user/.m2/repository/org/xerial/snappy/snappy-java/1.0.5/snappy-java-1.0.5.jar:/home/user/.m2/repository/com/google/re2j/re2j/1.1/re2j-1.1.jar:/home/user/.m2/repository/com/google/protobuf/protobuf-java/2.5.0/protobuf-java-2.5.0.jar:/home/user/.m2/repository/com/google/code/gson/gson/2.2.4/gson-2.2.4.jar:/home/user/.m2/repository/org/apache/hadoop/hadoop-auth/3.2.0/hadoop-auth-3.2.0.jar:/home/user/.m2/repository/com/nimbusds/nimbus-jose-jwt/4.41.1/nimbus-jose-jwt-4.41.1.jar:/home/user/.m2/repository/com/github/stephenc/jcip/jcip-annotations/1.0-1/jcip-annotations-1.0-1.jar:/home/user/.m2/repository/net/minidev/json-smart/2.3/json-smart-2.3.jar:/home/user/.m2/repository/net/minidev/accessors-smart/1.2/accessors-smart-1.2.jar:/home/user/.m2/repository/org/apache/curator/curator-framework/2.12.0/curator-framework-2.12.0.jar:/home/user/.m2/repository/com/jcraft/jsch/0.1.54/jsch-0.1.54.jar:/home/user/.m2/repository/org/apache/curator/curator-client/2.12.0/curator-client-2.12.0.jar:/home/user/.m2/repository/org/apache/curator/curator-recipes/2.12.0/curator-recipes-2.12.0.jar:/home/user/.m2/repository/com/google/code/findbugs/jsr305/3.0.0/jsr305-3.0.0.jar:/home/user/.m2/repository/org/apache/htrace/htrace-core4/4.1.0-incubating/htrace-core4-4.1.0-incubating.jar:/home/user/.m2/repository/org/apache/zookeeper/zookeeper/3.4.13/zookeeper-3.4.13.jar:/home/user/.m2/repository/jline/jline/0.9.94/jline-0.9.94.jar:/home/user/.m2/repository/org/apache/yetus/audience-annotations/0.5.0/audience-annotations-0.5.0.jar:/home/user/.m2/repository/org/apache/commons/commons-compress/1.4.1/commons-compress-1.4.1.jar:/home/user/.m2/repository/org/tukaani/xz/1.0/xz-1.0.jar:/home/user/.m2/repository/org/apache/kerby/kerb-simplekdc/1.0.1/kerb-simplekdc-1.0.1.jar:/home/user/.m2/repository/org/apache/kerby/kerb-client/1.0.1/kerb-client-1.0.1.jar:/home/user/.m2/repository/org/apache/kerby/kerby-config/1.0.1/kerby-config-1.0.1.jar:/home/user/.m2/repository/org/apache/kerby/kerb-core/1.0.1/kerb-core-1.0.1.jar:/home/user/.m2/repository/org/apache/kerby/kerby-pkix/1.0.1/kerby-pkix-1.0.1.jar:/home/user/.m2/repository/org/apache/kerby/kerby-asn1/1.0.1/kerby-asn1-1.0.1.jar:/home/user/.m2/repository/org/apache/kerby/kerby-util/1.0.1/kerby-util-1.0.1.jar:/home/user/.m2/repository/org/apache/kerby/kerb-common/1.0.1/kerb-common-1.0.1.jar:/home/user/.m2/repository/org/apache/kerby/kerb-crypto/1.0.1/kerb-crypto-1.0.1.jar:/home/user/.m2/repository/org/apache/kerby/kerb-util/1.0.1/kerb-util-1.0.1.jar:/home/user/.m2/repository/org/apache/kerby/token-provider/1.0.1/token-provider-1.0.1.jar:/home/user/.m2/repository/org/apache/kerby/kerb-admin/1.0.1/kerb-admin-1.0.1.jar:/home/user/.m2/repository/org/apache/kerby/kerb-server/1.0.1/kerb-server-1.0.1.jar:/home/user/.m2/repository/org/apache/kerby/kerb-identity/1.0.1/kerb-identity-1.0.1.jar:/home/user/.m2/repository/org/apache/kerby/kerby-xdr/1.0.1/kerby-xdr-1.0.1.jar:/home/user/.m2/repository/com/fasterxml/jackson/core/jackson-databind/2.9.9/jackson-databind-2.9.9.jar:/home/user/.m2/repository/com/fasterxml/jackson/core/jackson-annotations/2.9.9/jackson-annotations-2.9.9.jar:/home/user/.m2/repository/com/fasterxml/jackson/core/jackson-core/2.9.9/jackson-core-2.9.9.jar:/home/user/.m2/repository/org/codehaus/woodstox/stax2-api/3.1.4/stax2-api-3.1.4.jar:/home/user/.m2/repository/com/fasterxml/woodstox/woodstox-core/5.0.3/woodstox-core-5.0.3.jar:/home/user/.m2/repository/dnsjava/dnsjava/2.1.7/dnsjava-2.1.7.jar:/home/user/.m2/repository/org/apache/hadoop/hadoop-hdfs/3.2.0/hadoop-hdfs-3.2.0.jar:/home/user/.m2/repository/org/eclipse/jetty/jetty-util-ajax/9.3.25.v20180904/jetty-util-ajax-9.3.25.v20180904.jar:/home/user/.m2/repository/commons-daemon/commons-daemon/1.0.13/commons-daemon-1.0.13.jar:/home/user/.m2/repository/io/netty/netty/3.10.5.Final/netty-3.10.5.Final.jar:/home/user/.m2/repository/io/netty/netty-all/4.0.52.Final/netty-all-4.0.52.Final.jar:/home/user/.m2/repository/org/fusesource/leveldbjni/leveldbjni-all/1.8/leveldbjni-all-1.8.jar:/home/user/.m2/repository/org/apache/hadoop/hadoop-hdds-common/0.5.0-SNAPSHOT/hadoop-hdds-common-0.5.0-SNAPSHOT.jar:/home/user/.m2/repository/org/apache/hadoop/hadoop-hdds-config/0.5.0-SNAPSHOT/hadoop-hdds-config-0.5.0-SNAPSHOT.jar:/home/user/.m2/repository/javax/annotation/javax.annotation-api/1.2/javax.annotation-api-1.2.jar:/home/user/.m2/repository/org/apache/ratis/ratis-server/0.5.0-d6d58d0-SNAPSHOT/ratis-server-0.5.0-d6d58d0-SNAPSHOT.jar:/home/user/.m2/repository/org/apache/ratis/ratis-thirdparty-misc/0.2.0/ratis-thirdparty-misc-0.2.0.jar:/home/user/.m2/repository/org/apache/ratis/ratis-proto/0.5.0-d6d58d0-SNAPSHOT/ratis-proto-0.5.0-d6d58d0-SNAPSHOT.jar:/home/user/.m2/repository/org/apache/ratis/ratis-common/0.5.0-d6d58d0-SNAPSHOT/ratis-common-0.5.0-d6d58d0-SNAPSHOT.jar:/home/user/.m2/repository/org/apache/ratis/ratis-client/0.5.0-d6d58d0-SNAPSHOT/ratis-client-0.5.0-d6d58d0-SNAPSHOT.jar:/home/user/.m2/repository/org/apache/ratis/ratis-metrics/0.5.0-d6d58d0-SNAPSHOT/ratis-metrics-0.5.0-d6d58d0-SNAPSHOT.jar:/home/user/.m2/repository/org/apache/ratis/ratis-netty/0.5.0-d6d58d0-SNAPSHOT/ratis-netty-0.5.0-d6d58d0-SNAPSHOT.jar:/home/user/.m2/repository/org/apache/ratis/ratis-grpc/0.5.0-d6d58d0-SNAPSHOT/ratis-grpc-0.5.0-d6d58d0-SNAPSHOT.jar:/home/user/.m2/repository/org/rocksdb/rocksdbjni/6.0.1/rocksdbjni-6.0.1.jar:/home/user/.m2/repository/org/apache/logging/log4j/log4j-api/2.11.0/log4j-api-2.11.0.jar:/home/user/.m2/repository/org/apache/logging/log4j/log4j-core/2.11.0/log4j-core-2.11.0.jar:/home/user/.m2/repository/com/lmax/disruptor/3.4.2/disruptor-3.4.2.jar:/home/user/.m2/repository/org/apache/commons/commons-pool2/2.6.0/commons-pool2-2.6.0.jar:/home/user/.m2/repository/org/bouncycastle/bcpkix-jdk15on/1.60/bcpkix-jdk15on-1.60.jar:/home/user/.m2/repository/commons-validator/commons-validator/1.6/commons-validator-1.6.jar:/home/user/.m2/repository/commons-digester/commons-digester/1.8.1/commons-digester-1.8.1.jar:/home/user/.m2/repository/io/jaegertracing/jaeger-client/0.34.0/jaeger-client-0.34.0.jar:/home/user/.m2/repository/io/jaegertracing/jaeger-thrift/0.34.0/jaeger-thrift-0.34.0.jar:/home/user/.m2/repository/org/apache/thrift/libthrift/0.12.0/libthrift-0.12.0.jar:/home/user/.m2/repository/com/squareup/okhttp3/okhttp/3.9.0/okhttp-3.9.0.jar:/home/user/.m2/repository/com/squareup/okio/okio/1.13.0/okio-1.13.0.jar:/home/user/.m2/repository/io/jaegertracing/jaeger-core/0.34.0/jaeger-core-0.34.0.jar:/home/user/.m2/repository/io/jaegertracing/jaeger-tracerresolver/0.34.0/jaeger-tracerresolver-0.34.0.jar:/home/user/.m2/repository/io/opentracing/contrib/opentracing-tracerresolver/0.1.5/opentracing-tracerresolver-0.1.5.jar:/home/user/.m2/repository/io/opentracing/opentracing-util/0.31.0/opentracing-util-0.31.0.jar:/home/user/.m2/repository/io/opentracing/opentracing-api/0.31.0/opentracing-api-0.31.0.jar:/home/user/.m2/repository/io/opentracing/opentracing-noop/0.31.0/opentracing-noop-0.31.0.jar:/home/user/.m2/repository/org/yaml/snakeyaml/1.16/snakeyaml-1.16.jar:/home/user/.m2/repository/org/apache/hadoop/hadoop-hdfs-client/3.2.0/hadoop-hdfs-client-3.2.0.jar:/home/user/.m2/repository/info/picocli/picocli/3.9.6/picocli-3.9.6.jar:/home/user/.m2/repository/org/apache/hadoop/hadoop-hdds-server-scm/0.5.0-SNAPSHOT/hadoop-hdds-server-scm-0.5.0-SNAPSHOT.jar:/home/user/.m2/repository/org/apache/hadoop/hadoop-hdds-docs/0.5.0-SNAPSHOT/hadoop-hdds-docs-0.5.0-SNAPSHOT.jar:/home/user/.m2/repository/io/dropwizard/metrics/metrics-core/3.2.4/metrics-core-3.2.4.jar:/home/user/.m2/repository/org/hamcrest/hamcrest-all/1.3/hamcrest-all-1.3.jar:/home/user/.m2/repository/org/bouncycastle/bcprov-jdk15on/1.60/bcprov-jdk15on-1.60.jar:/home/user/.m2/repository/org/apache/hadoop/hadoop-hdds-server-framework/0.5.0-SNAPSHOT/hadoop-hdds-server-framework-0.5.0-SNAPSHOT.jar:/home/user/.m2/repository/org/apache/hadoop/hadoop-ozone-ozone-manager/0.5.0-SNAPSHOT/hadoop-ozone-ozone-manager-0.5.0-SNAPSHOT.jar:/home/user/.m2/repository/org/apache/hadoop/hadoop-hdds-container-service/0.5.0-SNAPSHOT/hadoop-hdds-container-service-0.5.0-SNAPSHOT.jar:/home/user/.m2/repository/org/apache/hadoop/hadoop-hdds-client/0.5.0-SNAPSHOT/hadoop-hdds-client-0.5.0-SNAPSHOT.jar:/home/user/.m2/repository/org/apache/hadoop/hadoop-ozone-common/0.5.0-SNAPSHOT/hadoop-ozone-common-0.5.0-SNAPSHOT.jar:/home/user/.m2/repository/org/apache/hadoop/hadoop-hdds-tools/0.5.0-SNAPSHOT/hadoop-hdds-tools-0.5.0-SNAPSHOT.jar:/home/user/.m2/repository/org/xerial/sqlite-jdbc/3.25.2/sqlite-jdbc-3.25.2.jar:/home/user/.m2/repository/org/apache/httpcomponents/httpclient/4.5.2/httpclient-4.5.2.jar:/home/user/.m2/repository/org/apache/httpcomponents/httpcore/4.4.4/httpcore-4.4.4.jar:/home/user/.m2/repository/com/github/spotbugs/spotbugs/3.1.12/spotbugs-3.1.12.jar:/home/user/.m2/repository/org/ow2/asm/asm/5.0.4/asm-5.0.4.jar:/home/user/.m2/repository/org/ow2/asm/asm-analysis/7.0/asm-analysis-7.0.jar:/home/user/.m2/repository/org/ow2/asm/asm-commons/7.0/asm-commons-7.0.jar:/home/user/.m2/repository/org/ow2/asm/asm-tree/7.0/asm-tree-7.0.jar:/home/user/.m2/repository/org/ow2/asm/asm-util/7.0/asm-util-7.0.jar:/home/user/.m2/repository/org/apache/bcel/bcel/6.3/bcel-6.3.jar:/home/user/.m2/repository/net/jcip/jcip-annotations/1.0/jcip-annotations-1.0.jar:/home/user/.m2/repository/org/dom4j/dom4j/2.1.1/dom4j-2.1.1.jar:/home/user/.m2/repository/jaxen/jaxen/1.1.6/jaxen-1.1.6.jar:/home/user/.m2/repository/commons-lang/commons-lang/2.6/commons-lang-2.6.jar:/home/user/.m2/repository/com/github/spotbugs/spotbugs-annotations/3.1.12/spotbugs-annotations-3.1.12.jar:/home/user/.m2/repository/org/apache/hadoop/hadoop-common/3.2.0/hadoop-common-3.2.0-tests.jar:/home/user/.m2/repository/org/apache/hadoop/hadoop-ozone-client/0.5.0-SNAPSHOT/hadoop-ozone-client-0.5.0-SNAPSHOT.jar:/home/user/.m2/repository/org/apache/hadoop/hadoop-hdfs/3.2.0/hadoop-hdfs-3.2.0-tests.jar:/workdir/hadoop-ozone/integration-test/target/test-classes:/home/user/.m2/repository/org/apache/hadoop/hadoop-ozone-s3gateway/0.5.0-SNAPSHOT/hadoop-ozone-s3gateway-0.5.0-SNAPSHOT.jar:/home/user/.m2/repository/org/jboss/weld/servlet/weld-servlet/2.4.7.Final/weld-servlet-2.4.7.Final.jar:/home/user/.m2/repository/org/glassfish/jersey/containers/jersey-container-servlet-core/2.27/jersey-container-servlet-core-2.27.jar:/home/user/.m2/repository/org/glassfish/hk2/external/javax.inject/2.5.0-b42/javax.inject-2.5.0-b42.jar:/home/user/.m2/repository/org/glassfish/jersey/core/jersey-common/2.27/jersey-common-2.27.jar:/home/user/.m2/repository/org/glassfish/hk2/osgi-resource-locator/1.0.1/osgi-resource-locator-1.0.1.jar:/home/user/.m2/repository/javax/ws/rs/javax.ws.rs-api/2.1/javax.ws.rs-api-2.1.jar:/home/user/.m2/repository/org/glassfish/jersey/ext/cdi/jersey-cdi1x/2.27/jersey-cdi1x-2.27.jar:/home/user/.m2/repository/org/glassfish/jersey/inject/jersey-hk2/2.27/jersey-hk2-2.27.jar:/home/user/.m2/repository/org/glassfish/hk2/hk2-locator/2.5.0-b42/hk2-locator-2.5.0-b42.jar:/home/user/.m2/repository/org/javassist/javassist/3.22.0-CR2/javassist-3.22.0-CR2.jar:/home/user/.m2/repository/org/glassfish/hk2/hk2-api/2.5.0/hk2-api-2.5.0.jar:/home/user/.m2/repository/org/glassfish/hk2/external/jakarta.inject/2.5.0/jakarta.inject-2.5.0.jar:/home/user/.m2/repository/org/glassfish/hk2/hk2-utils/2.5.0/hk2-utils-2.5.0.jar:/home/user/.m2/repository/jakarta/annotation/jakarta.annotation-api/1.3.4/jakarta.annotation-api-1.3.4.jar:/home/user/.m2/repository/org/glassfish/hk2/external/aopalliance-repackaged/2.5.0/aopalliance-repackaged-2.5.0.jar:/home/user/.m2/repository/com/fasterxml/jackson/dataformat/jackson-dataformat-xml/2.9.0/jackson-dataformat-xml-2.9.0.jar:/home/user/.m2/repository/com/fasterxml/jackson/module/jackson-module-jaxb-annotations/2.9.9/jackson-module-jaxb-annotations-2.9.9.jar:/home/user/.m2/repository/javax/enterprise/cdi-api/1.2/cdi-api-1.2.jar:/home/user/.m2/repository/javax/el/javax.el-api/3.0.0/javax.el-api-3.0.0.jar:/home/user/.m2/repository/javax/interceptor/javax.interceptor-api/1.2/javax.interceptor-api-1.2.jar:/home/user/.m2/repository/javax/inject/javax.inject/1/javax.inject-1.jar:/home/user/.m2/repository/com/sun/xml/bind/jaxb-core/2.3.0.1/jaxb-core-2.3.0.1.jar:/home/user/.m2/repository/javax/xml/bind/jaxb-api/2.3.0/jaxb-api-2.3.0.jar:/home/user/.m2/repository/javax/activation/activation/1.1.1/activation-1.1.1.jar:/home/user/.m2/repository/org/apache/hadoop/hadoop-ozone-csi/0.5.0-SNAPSHOT/hadoop-ozone-csi-0.5.0-SNAPSHOT.jar:/home/user/.m2/repository/com/google/protobuf/protobuf-java-util/3.5.1/protobuf-java-util-3.5.1.jar:/home/user/.m2/repository/io/grpc/grpc-netty/1.17.1/grpc-netty-1.17.1.jar:/home/user/.m2/repository/io/grpc/grpc-core/1.17.1/grpc-core-1.17.1.jar:/home/user/.m2/repository/io/grpc/grpc-context/1.17.1/grpc-context-1.17.1.jar:/home/user/.m2/repository/com/google/errorprone/error_prone_annotations/2.2.0/error_prone_annotations-2.2.0.jar:/home/user/.m2/repository/org/codehaus/mojo/animal-sniffer-annotations/1.17/animal-sniffer-annotations-1.17.jar:/home/user/.m2/repository/io/opencensus/opencensus-api/0.17.0/opencensus-api-0.17.0.jar:/home/user/.m2/repository/io/opencensus/opencensus-contrib-grpc-metrics/0.17.0/opencensus-contrib-grpc-metrics-0.17.0.jar:/home/user/.m2/repository/io/netty/netty-codec-http2/4.1.30.Final/netty-codec-http2-4.1.30.Final.jar:/home/user/.m2/repository/io/netty/netty-codec-http/4.1.30.Final/netty-codec-http-4.1.30.Final.jar:/home/user/.m2/repository/io/netty/netty-codec/4.1.30.Final/netty-codec-4.1.30.Final.jar:/home/user/.m2/repository/io/netty/netty-handler/4.1.30.Final/netty-handler-4.1.30.Final.jar:/home/user/.m2/repository/io/netty/netty-handler-proxy/4.1.30.Final/netty-handler-proxy-4.1.30.Final.jar:/home/user/.m2/repository/io/netty/netty-codec-socks/4.1.30.Final/netty-codec-socks-4.1.30.Final.jar:/home/user/.m2/repository/io/netty/netty-transport-native-epoll/4.1.30.Final/netty-transport-native-epoll-4.1.30.Final.jar:/home/user/.m2/repository/io/netty/netty-common/4.1.30.Final/netty-common-4.1.30.Final.jar:/home/user/.m2/repository/io/netty/netty-buffer/4.1.30.Final/netty-buffer-4.1.30.Final.jar:/home/user/.m2/repository/io/netty/netty-transport/4.1.30.Final/netty-transport-4.1.30.Final.jar:/home/user/.m2/repository/io/netty/netty-resolver/4.1.30.Final/netty-resolver-4.1.30.Final.jar:/home/user/.m2/repository/io/netty/netty-transport-native-unix-common/4.1.30.Final/netty-transport-native-unix-common-4.1.30.Final.jar:/home/user/.m2/repository/io/grpc/grpc-protobuf/1.17.1/grpc-protobuf-1.17.1.jar:/home/user/.m2/repository/com/google/api/grpc/proto-google-common-protos/1.0.0/proto-google-common-protos-1.0.0.jar:/home/user/.m2/repository/io/grpc/grpc-protobuf-lite/1.17.1/grpc-protobuf-lite-1.17.1.jar:/home/user/.m2/repository/io/grpc/grpc-stub/1.17.1/grpc-stub-1.17.1.jar:/home/user/.m2/repository/org/apache/hadoop/hadoop-ozone-recon/0.5.0-SNAPSHOT/hadoop-ozone-recon-0.5.0-SNAPSHOT.jar:/home/user/.m2/repository/org/apache/hadoop/hadoop-ozone-reconcodegen/0.5.0-SNAPSHOT/hadoop-ozone-reconcodegen-0.5.0-SNAPSHOT.jar:/home/user/.m2/repository/com/google/inject/extensions/guice-multibindings/4.0/guice-multibindings-4.0.jar:/home/user/.m2/repository/com/google/inject/guice/4.0/guice-4.0.jar:/home/user/.m2/repository/aopalliance/aopalliance/1.0/aopalliance-1.0.jar:/home/user/.m2/repository/org/glassfish/jersey/containers/jersey-container-servlet/2.27/jersey-container-servlet-2.27.jar:/home/user/.m2/repository/org/glassfish/hk2/guice-bridge/2.5.0/guice-bridge-2.5.0.jar:/home/user/.m2/repository/org/glassfish/jersey/core/jersey-server/2.27/jersey-server-2.27.jar:/home/user/.m2/repository/org/glassfish/jersey/core/jersey-client/2.27/jersey-client-2.27.jar:/home/user/.m2/repository/org/glassfish/jersey/media/jersey-media-jaxb/2.27/jersey-media-jaxb-2.27.jar:/home/user/.m2/repository/javax/validation/validation-api/1.1.0.Final/validation-api-1.1.0.Final.jar:/home/user/.m2/repository/org/glassfish/jersey/media/jersey-media-json-jackson/2.27/jersey-media-json-jackson-2.27.jar:/home/user/.m2/repository/org/glassfish/jersey/ext/jersey-entity-filtering/2.27/jersey-entity-filtering-2.27.jar:/home/user/.m2/repository/com/google/inject/extensions/guice-assistedinject/4.0/guice-assistedinject-4.0.jar:/home/user/.m2/repository/org/jooq/jooq/3.11.10/jooq-3.11.10.jar:/home/user/.m2/repository/org/jooq/jooq-meta/3.11.10/jooq-meta-3.11.10.jar:/home/user/.m2/repository/org/jooq/jooq-codegen/3.11.10/jooq-codegen-3.11.10.jar:/home/user/.m2/repository/com/jolbox/bonecp/0.8.0.RELEASE/bonecp-0.8.0.RELEASE.jar:/home/user/.m2/repository/org/springframework/spring-jdbc/5.1.3.RELEASE/spring-jdbc-5.1.3.RELEASE.jar:/home/user/.m2/repository/org/springframework/spring-beans/5.1.3.RELEASE/spring-beans-5.1.3.RELEASE.jar:/home/user/.m2/repository/org/springframework/spring-core/5.1.3.RELEASE/spring-core-5.1.3.RELEASE.jar:/home/user/.m2/repository/org/springframework/spring-jcl/5.1.3.RELEASE/spring-jcl-5.1.3.RELEASE.jar:/home/user/.m2/repository/org/springframework/spring-tx/5.1.3.RELEASE/spring-tx-5.1.3.RELEASE.jar:/home/user/.m2/repository/org/mockito/mockito-all/1.10.19/mockito-all-1.10.19.jar:/home/user/.m2/repository/junit/junit/4.11/junit-4.11.jar:/home/user/.m2/repository/org/hamcrest/hamcrest-core/1.3/hamcrest-core-1.3.jar:/home/user/.m2/repository/org/apache/hadoop/hadoop-distcp/3.2.0/hadoop-distcp-3.2.0.jar:/home/user/.m2/repository/org/apache/hadoop/hadoop-distcp/3.2.0/hadoop-distcp-3.2.0-tests.jar:/home/user/.m2/repository/org/apache/hadoop/hadoop-mapreduce-client-jobclient/3.2.0/hadoop-mapreduce-client-jobclient-3.2.0.jar:/home/user/.m2/repository/org/apache/hadoop/hadoop-mapreduce-client-common/3.2.0/hadoop-mapreduce-client-common-3.2.0.jar:/home/user/.m2/repository/org/apache/hadoop/hadoop-yarn-common/3.2.0/hadoop-yarn-common-3.2.0.jar:/home/user/.m2/repository/org/apache/hadoop/hadoop-yarn-api/3.2.0/hadoop-yarn-api-3.2.0.jar:/home/user/.m2/repository/com/sun/jersey/jersey-client/1.19/jersey-client-1.19.jar:/home/user/.m2/repository/com/sun/jersey/contribs/jersey-guice/1.19/jersey-guice-1.19.jar:/home/user/.m2/repository/com/fasterxml/jackson/jaxrs/jackson-jaxrs-json-provider/2.9.9/jackson-jaxrs-json-provider-2.9.9.jar:/home/user/.m2/repository/com/fasterxml/jackson/jaxrs/jackson-jaxrs-base/2.9.9/jackson-jaxrs-base-2.9.9.jar:/home/user/.m2/repository/org/apache/hadoop/hadoop-yarn-client/3.2.0/hadoop-yarn-client-3.2.0.jar:/home/user/.m2/repository/org/apache/hadoop/hadoop-mapreduce-client-core/3.2.0/hadoop-mapreduce-client-core-3.2.0.jar:/home/user/.m2/repository/com/google/inject/extensions/guice-servlet/4.0/guice-servlet-4.0.jar:/home/user/.m2/repository/org/powermock/powermock-module-junit4/1.6.5/powermock-module-junit4-1.6.5.jar:/home/user/.m2/repository/org/powermock/powermock-module-junit4-common/1.6.5/powermock-module-junit4-common-1.6.5.jar:/home/user/.m2/repository/org/powermock/powermock-core/1.6.5/powermock-core-1.6.5.jar:/home/user/.m2/repository/org/powermock/powermock-reflect/1.6.5/powermock-reflect-1.6.5.jar:/home/user/.m2/repository/org/powermock/powermock-api-mockito/1.6.5/powermock-api-mockito-1.6.5.jar:/home/user/.m2/repository/org/mockito/mockito-core/1.10.19/mockito-core-1.10.19.jar:/home/user/.m2/repository/org/objenesis/objenesis/1.0/objenesis-1.0.jar:/home/user/.m2/repository/org/powermock/powermock-api-mockito-common/1.6.5/powermock-api-mockito-common-1.6.5.jar:/home/user/.m2/repository/org/powermock/powermock-api-support/1.6.5/powermock-api-support-1.6.5.jar:"/>
    <property name="java.vm.vendor" value="Oracle Corporation"/>
    <property name="sun.arch.data.model" value="64"/>
    <property name="test.build.dir" value="/workdir/hadoop-ozone/ozonefs/target/test-dir"/>
    <property name="test.cache.data" value=""/>
    <property name="java.vendor.url" value="http://java.oracle.com/"/>
    <property name="user.timezone" value=""/>
    <property name="java.vm.specification.version" value="1.8"/>
    <property name="os.name" value="Linux"/>
    <property name="test.build.data" value="/workdir/hadoop-ozone/ozonefs/target/test-dir"/>
    <property name="user.country" value="US"/>
    <property name="sun.java.launcher" value="SUN_STANDARD"/>
    <property name="sun.boot.library.path" value="/usr/lib/jvm/java-1.8.0-openjdk-1.8.0.222.b10-1.el7_7.x86_64/jre/lib/amd64"/>
    <property name="sun.java.command" value="/workdir/hadoop-ozone/ozonefs/target/surefire/surefirebooter5979334901202292140.jar /workdir/hadoop-ozone/ozonefs/target/surefire 2019-11-07T13-47-57_115-jvmRun1 surefire2545728634569062157tmp surefire_926522884557679346182tmp"/>
    <property name="surefire.test.class.path" value="/workdir/hadoop-ozone/ozonefs/target/test-classes:/workdir/hadoop-ozone/ozonefs/target/classes:/home/user/.m2/repository/org/apache/hadoop/hadoop-common/3.2.0/hadoop-common-3.2.0.jar:/home/user/.m2/repository/org/apache/hadoop/hadoop-annotations/3.2.0/hadoop-annotations-3.2.0.jar:/usr/lib/jvm/java-1.8.0-openjdk-1.8.0.222.b10-1.el7_7.x86_64/jre/../lib/tools.jar:/home/user/.m2/repository/com/google/guava/guava/11.0.2/guava-11.0.2.jar:/home/user/.m2/repository/commons-cli/commons-cli/1.2/commons-cli-1.2.jar:/home/user/.m2/repository/org/apache/commons/commons-math3/3.1.1/commons-math3-3.1.1.jar:/home/user/.m2/repository/commons-codec/commons-codec/1.11/commons-codec-1.11.jar:/home/user/.m2/repository/commons-io/commons-io/2.5/commons-io-2.5.jar:/home/user/.m2/repository/commons-net/commons-net/3.6/commons-net-3.6.jar:/home/user/.m2/repository/commons-collections/commons-collections/3.2.2/commons-collections-3.2.2.jar:/home/user/.m2/repository/javax/servlet/javax.servlet-api/3.1.0/javax.servlet-api-3.1.0.jar:/home/user/.m2/repository/org/eclipse/jetty/jetty-server/9.3.25.v20180904/jetty-server-9.3.25.v20180904.jar:/home/user/.m2/repository/org/eclipse/jetty/jetty-http/9.3.25.v20180904/jetty-http-9.3.25.v20180904.jar:/home/user/.m2/repository/org/eclipse/jetty/jetty-io/9.3.25.v20180904/jetty-io-9.3.25.v20180904.jar:/home/user/.m2/repository/org/eclipse/jetty/jetty-util/9.3.25.v20180904/jetty-util-9.3.25.v20180904.jar:/home/user/.m2/repository/org/eclipse/jetty/jetty-servlet/9.3.25.v20180904/jetty-servlet-9.3.25.v20180904.jar:/home/user/.m2/repository/org/eclipse/jetty/jetty-security/9.3.25.v20180904/jetty-security-9.3.25.v20180904.jar:/home/user/.m2/repository/org/eclipse/jetty/jetty-webapp/9.3.25.v20180904/jetty-webapp-9.3.25.v20180904.jar:/home/user/.m2/repository/org/eclipse/jetty/jetty-xml/9.3.25.v20180904/jetty-xml-9.3.25.v20180904.jar:/home/user/.m2/repository/javax/servlet/jsp/jsp-api/2.1/jsp-api-2.1.jar:/home/user/.m2/repository/com/sun/jersey/jersey-core/1.19/jersey-core-1.19.jar:/home/user/.m2/repository/javax/ws/rs/jsr311-api/1.1.1/jsr311-api-1.1.1.jar:/home/user/.m2/repository/com/sun/jersey/jersey-servlet/1.19/jersey-servlet-1.19.jar:/home/user/.m2/repository/com/sun/jersey/jersey-json/1.19/jersey-json-1.19.jar:/home/user/.m2/repository/org/codehaus/jettison/jettison/1.1/jettison-1.1.jar:/home/user/.m2/repository/com/sun/xml/bind/jaxb-impl/2.3.0.1/jaxb-impl-2.3.0.1.jar:/home/user/.m2/repository/org/codehaus/jackson/jackson-core-asl/1.9.13/jackson-core-asl-1.9.13.jar:/home/user/.m2/repository/org/codehaus/jackson/jackson-mapper-asl/1.9.13/jackson-mapper-asl-1.9.13.jar:/home/user/.m2/repository/org/codehaus/jackson/jackson-jaxrs/1.9.13/jackson-jaxrs-1.9.13.jar:/home/user/.m2/repository/org/codehaus/jackson/jackson-xc/1.9.13/jackson-xc-1.9.13.jar:/home/user/.m2/repository/com/sun/jersey/jersey-server/1.19/jersey-server-1.19.jar:/home/user/.m2/repository/commons-logging/commons-logging/1.1.3/commons-logging-1.1.3.jar:/home/user/.m2/repository/log4j/log4j/1.2.17/log4j-1.2.17.jar:/home/user/.m2/repository/commons-beanutils/commons-beanutils/1.9.4/commons-beanutils-1.9.4.jar:/home/user/.m2/repository/org/apache/commons/commons-configuration2/2.1.1/commons-configuration2-2.1.1.jar:/home/user/.m2/repository/org/apache/commons/commons-lang3/3.7/commons-lang3-3.7.jar:/home/user/.m2/repository/org/apache/commons/commons-text/1.4/commons-text-1.4.jar:/home/user/.m2/repository/org/slf4j/slf4j-api/1.7.25/slf4j-api-1.7.25.jar:/home/user/.m2/repository/org/slf4j/slf4j-log4j12/1.7.25/slf4j-log4j12-1.7.25.jar:/home/user/.m2/repository/org/apache/avro/avro/1.7.7/avro-1.7.7.jar:/home/user/.m2/repository/com/thoughtworks/paranamer/paranamer/2.3/paranamer-2.3.jar:/home/user/.m2/repository/org/xerial/snappy/snappy-java/1.0.5/snappy-java-1.0.5.jar:/home/user/.m2/repository/com/google/re2j/re2j/1.1/re2j-1.1.jar:/home/user/.m2/repository/com/google/protobuf/protobuf-java/2.5.0/protobuf-java-2.5.0.jar:/home/user/.m2/repository/com/google/code/gson/gson/2.2.4/gson-2.2.4.jar:/home/user/.m2/repository/org/apache/hadoop/hadoop-auth/3.2.0/hadoop-auth-3.2.0.jar:/home/user/.m2/repository/com/nimbusds/nimbus-jose-jwt/4.41.1/nimbus-jose-jwt-4.41.1.jar:/home/user/.m2/repository/com/github/stephenc/jcip/jcip-annotations/1.0-1/jcip-annotations-1.0-1.jar:/home/user/.m2/repository/net/minidev/json-smart/2.3/json-smart-2.3.jar:/home/user/.m2/repository/net/minidev/accessors-smart/1.2/accessors-smart-1.2.jar:/home/user/.m2/repository/org/apache/curator/curator-framework/2.12.0/curator-framework-2.12.0.jar:/home/user/.m2/repository/com/jcraft/jsch/0.1.54/jsch-0.1.54.jar:/home/user/.m2/repository/org/apache/curator/curator-client/2.12.0/curator-client-2.12.0.jar:/home/user/.m2/repository/org/apache/curator/curator-recipes/2.12.0/curator-recipes-2.12.0.jar:/home/user/.m2/repository/com/google/code/findbugs/jsr305/3.0.0/jsr305-3.0.0.jar:/home/user/.m2/repository/org/apache/htrace/htrace-core4/4.1.0-incubating/htrace-core4-4.1.0-incubating.jar:/home/user/.m2/repository/org/apache/zookeeper/zookeeper/3.4.13/zookeeper-3.4.13.jar:/home/user/.m2/repository/jline/jline/0.9.94/jline-0.9.94.jar:/home/user/.m2/repository/org/apache/yetus/audience-annotations/0.5.0/audience-annotations-0.5.0.jar:/home/user/.m2/repository/org/apache/commons/commons-compress/1.4.1/commons-compress-1.4.1.jar:/home/user/.m2/repository/org/tukaani/xz/1.0/xz-1.0.jar:/home/user/.m2/repository/org/apache/kerby/kerb-simplekdc/1.0.1/kerb-simplekdc-1.0.1.jar:/home/user/.m2/repository/org/apache/kerby/kerb-client/1.0.1/kerb-client-1.0.1.jar:/home/user/.m2/repository/org/apache/kerby/kerby-config/1.0.1/kerby-config-1.0.1.jar:/home/user/.m2/repository/org/apache/kerby/kerb-core/1.0.1/kerb-core-1.0.1.jar:/home/user/.m2/repository/org/apache/kerby/kerby-pkix/1.0.1/kerby-pkix-1.0.1.jar:/home/user/.m2/repository/org/apache/kerby/kerby-asn1/1.0.1/kerby-asn1-1.0.1.jar:/home/user/.m2/repository/org/apache/kerby/kerby-util/1.0.1/kerby-util-1.0.1.jar:/home/user/.m2/repository/org/apache/kerby/kerb-common/1.0.1/kerb-common-1.0.1.jar:/home/user/.m2/repository/org/apache/kerby/kerb-crypto/1.0.1/kerb-crypto-1.0.1.jar:/home/user/.m2/repository/org/apache/kerby/kerb-util/1.0.1/kerb-util-1.0.1.jar:/home/user/.m2/repository/org/apache/kerby/token-provider/1.0.1/token-provider-1.0.1.jar:/home/user/.m2/repository/org/apache/kerby/kerb-admin/1.0.1/kerb-admin-1.0.1.jar:/home/user/.m2/repository/org/apache/kerby/kerb-server/1.0.1/kerb-server-1.0.1.jar:/home/user/.m2/repository/org/apache/kerby/kerb-identity/1.0.1/kerb-identity-1.0.1.jar:/home/user/.m2/repository/org/apache/kerby/kerby-xdr/1.0.1/kerby-xdr-1.0.1.jar:/home/user/.m2/repository/com/fasterxml/jackson/core/jackson-databind/2.9.9/jackson-databind-2.9.9.jar:/home/user/.m2/repository/com/fasterxml/jackson/core/jackson-annotations/2.9.9/jackson-annotations-2.9.9.jar:/home/user/.m2/repository/com/fasterxml/jackson/core/jackson-core/2.9.9/jackson-core-2.9.9.jar:/home/user/.m2/repository/org/codehaus/woodstox/stax2-api/3.1.4/stax2-api-3.1.4.jar:/home/user/.m2/repository/com/fasterxml/woodstox/woodstox-core/5.0.3/woodstox-core-5.0.3.jar:/home/user/.m2/repository/dnsjava/dnsjava/2.1.7/dnsjava-2.1.7.jar:/home/user/.m2/repository/org/apache/hadoop/hadoop-hdfs/3.2.0/hadoop-hdfs-3.2.0.jar:/home/user/.m2/repository/org/eclipse/jetty/jetty-util-ajax/9.3.25.v20180904/jetty-util-ajax-9.3.25.v20180904.jar:/home/user/.m2/repository/commons-daemon/commons-daemon/1.0.13/commons-daemon-1.0.13.jar:/home/user/.m2/repository/io/netty/netty/3.10.5.Final/netty-3.10.5.Final.jar:/home/user/.m2/repository/io/netty/netty-all/4.0.52.Final/netty-all-4.0.52.Final.jar:/home/user/.m2/repository/org/fusesource/leveldbjni/leveldbjni-all/1.8/leveldbjni-all-1.8.jar:/home/user/.m2/repository/org/apache/hadoop/hadoop-hdds-common/0.5.0-SNAPSHOT/hadoop-hdds-common-0.5.0-SNAPSHOT.jar:/home/user/.m2/repository/org/apache/hadoop/hadoop-hdds-config/0.5.0-SNAPSHOT/hadoop-hdds-config-0.5.0-SNAPSHOT.jar:/home/user/.m2/repository/javax/annotation/javax.annotation-api/1.2/javax.annotation-api-1.2.jar:/home/user/.m2/repository/org/apache/ratis/ratis-server/0.5.0-d6d58d0-SNAPSHOT/ratis-server-0.5.0-d6d58d0-SNAPSHOT.jar:/home/user/.m2/repository/org/apache/ratis/ratis-thirdparty-misc/0.2.0/ratis-thirdparty-misc-0.2.0.jar:/home/user/.m2/repository/org/apache/ratis/ratis-proto/0.5.0-d6d58d0-SNAPSHOT/ratis-proto-0.5.0-d6d58d0-SNAPSHOT.jar:/home/user/.m2/repository/org/apache/ratis/ratis-common/0.5.0-d6d58d0-SNAPSHOT/ratis-common-0.5.0-d6d58d0-SNAPSHOT.jar:/home/user/.m2/repository/org/apache/ratis/ratis-client/0.5.0-d6d58d0-SNAPSHOT/ratis-client-0.5.0-d6d58d0-SNAPSHOT.jar:/home/user/.m2/repository/org/apache/ratis/ratis-metrics/0.5.0-d6d58d0-SNAPSHOT/ratis-metrics-0.5.0-d6d58d0-SNAPSHOT.jar:/home/user/.m2/repository/org/apache/ratis/ratis-netty/0.5.0-d6d58d0-SNAPSHOT/ratis-netty-0.5.0-d6d58d0-SNAPSHOT.jar:/home/user/.m2/repository/org/apache/ratis/ratis-grpc/0.5.0-d6d58d0-SNAPSHOT/ratis-grpc-0.5.0-d6d58d0-SNAPSHOT.jar:/home/user/.m2/repository/org/rocksdb/rocksdbjni/6.0.1/rocksdbjni-6.0.1.jar:/home/user/.m2/repository/org/apache/logging/log4j/log4j-api/2.11.0/log4j-api-2.11.0.jar:/home/user/.m2/repository/org/apache/logging/log4j/log4j-core/2.11.0/log4j-core-2.11.0.jar:/home/user/.m2/repository/com/lmax/disruptor/3.4.2/disruptor-3.4.2.jar:/home/user/.m2/repository/org/apache/commons/commons-pool2/2.6.0/commons-pool2-2.6.0.jar:/home/user/.m2/repository/org/bouncycastle/bcpkix-jdk15on/1.60/bcpkix-jdk15on-1.60.jar:/home/user/.m2/repository/commons-validator/commons-validator/1.6/commons-validator-1.6.jar:/home/user/.m2/repository/commons-digester/commons-digester/1.8.1/commons-digester-1.8.1.jar:/home/user/.m2/repository/io/jaegertracing/jaeger-client/0.34.0/jaeger-client-0.34.0.jar:/home/user/.m2/repository/io/jaegertracing/jaeger-thrift/0.34.0/jaeger-thrift-0.34.0.jar:/home/user/.m2/repository/org/apache/thrift/libthrift/0.12.0/libthrift-0.12.0.jar:/home/user/.m2/repository/com/squareup/okhttp3/okhttp/3.9.0/okhttp-3.9.0.jar:/home/user/.m2/repository/com/squareup/okio/okio/1.13.0/okio-1.13.0.jar:/home/user/.m2/repository/io/jaegertracing/jaeger-core/0.34.0/jaeger-core-0.34.0.jar:/home/user/.m2/repository/io/jaegertracing/jaeger-tracerresolver/0.34.0/jaeger-tracerresolver-0.34.0.jar:/home/user/.m2/repository/io/opentracing/contrib/opentracing-tracerresolver/0.1.5/opentracing-tracerresolver-0.1.5.jar:/home/user/.m2/repository/io/opentracing/opentracing-util/0.31.0/opentracing-util-0.31.0.jar:/home/user/.m2/repository/io/opentracing/opentracing-api/0.31.0/opentracing-api-0.31.0.jar:/home/user/.m2/repository/io/opentracing/opentracing-noop/0.31.0/opentracing-noop-0.31.0.jar:/home/user/.m2/repository/org/yaml/snakeyaml/1.16/snakeyaml-1.16.jar:/home/user/.m2/repository/org/apache/hadoop/hadoop-hdfs-client/3.2.0/hadoop-hdfs-client-3.2.0.jar:/home/user/.m2/repository/info/picocli/picocli/3.9.6/picocli-3.9.6.jar:/home/user/.m2/repository/org/apache/hadoop/hadoop-hdds-server-scm/0.5.0-SNAPSHOT/hadoop-hdds-server-scm-0.5.0-SNAPSHOT.jar:/home/user/.m2/repository/org/apache/hadoop/hadoop-hdds-docs/0.5.0-SNAPSHOT/hadoop-hdds-docs-0.5.0-SNAPSHOT.jar:/home/user/.m2/repository/io/dropwizard/metrics/metrics-core/3.2.4/metrics-core-3.2.4.jar:/home/user/.m2/repository/org/hamcrest/hamcrest-all/1.3/hamcrest-all-1.3.jar:/home/user/.m2/repository/org/bouncycastle/bcprov-jdk15on/1.60/bcprov-jdk15on-1.60.jar:/home/user/.m2/repository/org/apache/hadoop/hadoop-hdds-server-framework/0.5.0-SNAPSHOT/hadoop-hdds-server-framework-0.5.0-SNAPSHOT.jar:/home/user/.m2/repository/org/apache/hadoop/hadoop-ozone-ozone-manager/0.5.0-SNAPSHOT/hadoop-ozone-ozone-manager-0.5.0-SNAPSHOT.jar:/home/user/.m2/repository/org/apache/hadoop/hadoop-hdds-container-service/0.5.0-SNAPSHOT/hadoop-hdds-container-service-0.5.0-SNAPSHOT.jar:/home/user/.m2/repository/org/apache/hadoop/hadoop-hdds-client/0.5.0-SNAPSHOT/hadoop-hdds-client-0.5.0-SNAPSHOT.jar:/home/user/.m2/repository/org/apache/hadoop/hadoop-ozone-common/0.5.0-SNAPSHOT/hadoop-ozone-common-0.5.0-SNAPSHOT.jar:/home/user/.m2/repository/org/apache/hadoop/hadoop-hdds-tools/0.5.0-SNAPSHOT/hadoop-hdds-tools-0.5.0-SNAPSHOT.jar:/home/user/.m2/repository/org/xerial/sqlite-jdbc/3.25.2/sqlite-jdbc-3.25.2.jar:/home/user/.m2/repository/org/apache/httpcomponents/httpclient/4.5.2/httpclient-4.5.2.jar:/home/user/.m2/repository/org/apache/httpcomponents/httpcore/4.4.4/httpcore-4.4.4.jar:/home/user/.m2/repository/com/github/spotbugs/spotbugs/3.1.12/spotbugs-3.1.12.jar:/home/user/.m2/repository/org/ow2/asm/asm/5.0.4/asm-5.0.4.jar:/home/user/.m2/repository/org/ow2/asm/asm-analysis/7.0/asm-analysis-7.0.jar:/home/user/.m2/repository/org/ow2/asm/asm-commons/7.0/asm-commons-7.0.jar:/home/user/.m2/repository/org/ow2/asm/asm-tree/7.0/asm-tree-7.0.jar:/home/user/.m2/repository/org/ow2/asm/asm-util/7.0/asm-util-7.0.jar:/home/user/.m2/repository/org/apache/bcel/bcel/6.3/bcel-6.3.jar:/home/user/.m2/repository/net/jcip/jcip-annotations/1.0/jcip-annotations-1.0.jar:/home/user/.m2/repository/org/dom4j/dom4j/2.1.1/dom4j-2.1.1.jar:/home/user/.m2/repository/jaxen/jaxen/1.1.6/jaxen-1.1.6.jar:/home/user/.m2/repository/commons-lang/commons-lang/2.6/commons-lang-2.6.jar:/home/user/.m2/repository/com/github/spotbugs/spotbugs-annotations/3.1.12/spotbugs-annotations-3.1.12.jar:/home/user/.m2/repository/org/apache/hadoop/hadoop-common/3.2.0/hadoop-common-3.2.0-tests.jar:/home/user/.m2/repository/org/apache/hadoop/hadoop-ozone-client/0.5.0-SNAPSHOT/hadoop-ozone-client-0.5.0-SNAPSHOT.jar:/home/user/.m2/repository/org/apache/hadoop/hadoop-hdfs/3.2.0/hadoop-hdfs-3.2.0-tests.jar:/workdir/hadoop-ozone/integration-test/target/test-classes:/home/user/.m2/repository/org/apache/hadoop/hadoop-ozone-s3gateway/0.5.0-SNAPSHOT/hadoop-ozone-s3gateway-0.5.0-SNAPSHOT.jar:/home/user/.m2/repository/org/jboss/weld/servlet/weld-servlet/2.4.7.Final/weld-servlet-2.4.7.Final.jar:/home/user/.m2/repository/org/glassfish/jersey/containers/jersey-container-servlet-core/2.27/jersey-container-servlet-core-2.27.jar:/home/user/.m2/repository/org/glassfish/hk2/external/javax.inject/2.5.0-b42/javax.inject-2.5.0-b42.jar:/home/user/.m2/repository/org/glassfish/jersey/core/jersey-common/2.27/jersey-common-2.27.jar:/home/user/.m2/repository/org/glassfish/hk2/osgi-resource-locator/1.0.1/osgi-resource-locator-1.0.1.jar:/home/user/.m2/repository/javax/ws/rs/javax.ws.rs-api/2.1/javax.ws.rs-api-2.1.jar:/home/user/.m2/repository/org/glassfish/jersey/ext/cdi/jersey-cdi1x/2.27/jersey-cdi1x-2.27.jar:/home/user/.m2/repository/org/glassfish/jersey/inject/jersey-hk2/2.27/jersey-hk2-2.27.jar:/home/user/.m2/repository/org/glassfish/hk2/hk2-locator/2.5.0-b42/hk2-locator-2.5.0-b42.jar:/home/user/.m2/repository/org/javassist/javassist/3.22.0-CR2/javassist-3.22.0-CR2.jar:/home/user/.m2/repository/org/glassfish/hk2/hk2-api/2.5.0/hk2-api-2.5.0.jar:/home/user/.m2/repository/org/glassfish/hk2/external/jakarta.inject/2.5.0/jakarta.inject-2.5.0.jar:/home/user/.m2/repository/org/glassfish/hk2/hk2-utils/2.5.0/hk2-utils-2.5.0.jar:/home/user/.m2/repository/jakarta/annotation/jakarta.annotation-api/1.3.4/jakarta.annotation-api-1.3.4.jar:/home/user/.m2/repository/org/glassfish/hk2/external/aopalliance-repackaged/2.5.0/aopalliance-repackaged-2.5.0.jar:/home/user/.m2/repository/com/fasterxml/jackson/dataformat/jackson-dataformat-xml/2.9.0/jackson-dataformat-xml-2.9.0.jar:/home/user/.m2/repository/com/fasterxml/jackson/module/jackson-module-jaxb-annotations/2.9.9/jackson-module-jaxb-annotations-2.9.9.jar:/home/user/.m2/repository/javax/enterprise/cdi-api/1.2/cdi-api-1.2.jar:/home/user/.m2/repository/javax/el/javax.el-api/3.0.0/javax.el-api-3.0.0.jar:/home/user/.m2/repository/javax/interceptor/javax.interceptor-api/1.2/javax.interceptor-api-1.2.jar:/home/user/.m2/repository/javax/inject/javax.inject/1/javax.inject-1.jar:/home/user/.m2/repository/com/sun/xml/bind/jaxb-core/2.3.0.1/jaxb-core-2.3.0.1.jar:/home/user/.m2/repository/javax/xml/bind/jaxb-api/2.3.0/jaxb-api-2.3.0.jar:/home/user/.m2/repository/javax/activation/activation/1.1.1/activation-1.1.1.jar:/home/user/.m2/repository/org/apache/hadoop/hadoop-ozone-csi/0.5.0-SNAPSHOT/hadoop-ozone-csi-0.5.0-SNAPSHOT.jar:/home/user/.m2/repository/com/google/protobuf/protobuf-java-util/3.5.1/protobuf-java-util-3.5.1.jar:/home/user/.m2/repository/io/grpc/grpc-netty/1.17.1/grpc-netty-1.17.1.jar:/home/user/.m2/repository/io/grpc/grpc-core/1.17.1/grpc-core-1.17.1.jar:/home/user/.m2/repository/io/grpc/grpc-context/1.17.1/grpc-context-1.17.1.jar:/home/user/.m2/repository/com/google/errorprone/error_prone_annotations/2.2.0/error_prone_annotations-2.2.0.jar:/home/user/.m2/repository/org/codehaus/mojo/animal-sniffer-annotations/1.17/animal-sniffer-annotations-1.17.jar:/home/user/.m2/repository/io/opencensus/opencensus-api/0.17.0/opencensus-api-0.17.0.jar:/home/user/.m2/repository/io/opencensus/opencensus-contrib-grpc-metrics/0.17.0/opencensus-contrib-grpc-metrics-0.17.0.jar:/home/user/.m2/repository/io/netty/netty-codec-http2/4.1.30.Final/netty-codec-http2-4.1.30.Final.jar:/home/user/.m2/repository/io/netty/netty-codec-http/4.1.30.Final/netty-codec-http-4.1.30.Final.jar:/home/user/.m2/repository/io/netty/netty-codec/4.1.30.Final/netty-codec-4.1.30.Final.jar:/home/user/.m2/repository/io/netty/netty-handler/4.1.30.Final/netty-handler-4.1.30.Final.jar:/home/user/.m2/repository/io/netty/netty-handler-proxy/4.1.30.Final/netty-handler-proxy-4.1.30.Final.jar:/home/user/.m2/repository/io/netty/netty-codec-socks/4.1.30.Final/netty-codec-socks-4.1.30.Final.jar:/home/user/.m2/repository/io/netty/netty-transport-native-epoll/4.1.30.Final/netty-transport-native-epoll-4.1.30.Final.jar:/home/user/.m2/repository/io/netty/netty-common/4.1.30.Final/netty-common-4.1.30.Final.jar:/home/user/.m2/repository/io/netty/netty-buffer/4.1.30.Final/netty-buffer-4.1.30.Final.jar:/home/user/.m2/repository/io/netty/netty-transport/4.1.30.Final/netty-transport-4.1.30.Final.jar:/home/user/.m2/repository/io/netty/netty-resolver/4.1.30.Final/netty-resolver-4.1.30.Final.jar:/home/user/.m2/repository/io/netty/netty-transport-native-unix-common/4.1.30.Final/netty-transport-native-unix-common-4.1.30.Final.jar:/home/user/.m2/repository/io/grpc/grpc-protobuf/1.17.1/grpc-protobuf-1.17.1.jar:/home/user/.m2/repository/com/google/api/grpc/proto-google-common-protos/1.0.0/proto-google-common-protos-1.0.0.jar:/home/user/.m2/repository/io/grpc/grpc-protobuf-lite/1.17.1/grpc-protobuf-lite-1.17.1.jar:/home/user/.m2/repository/io/grpc/grpc-stub/1.17.1/grpc-stub-1.17.1.jar:/home/user/.m2/repository/org/apache/hadoop/hadoop-ozone-recon/0.5.0-SNAPSHOT/hadoop-ozone-recon-0.5.0-SNAPSHOT.jar:/home/user/.m2/repository/org/apache/hadoop/hadoop-ozone-reconcodegen/0.5.0-SNAPSHOT/hadoop-ozone-reconcodegen-0.5.0-SNAPSHOT.jar:/home/user/.m2/repository/com/google/inject/extensions/guice-multibindings/4.0/guice-multibindings-4.0.jar:/home/user/.m2/repository/com/google/inject/guice/4.0/guice-4.0.jar:/home/user/.m2/repository/aopalliance/aopalliance/1.0/aopalliance-1.0.jar:/home/user/.m2/repository/org/glassfish/jersey/containers/jersey-container-servlet/2.27/jersey-container-servlet-2.27.jar:/home/user/.m2/repository/org/glassfish/hk2/guice-bridge/2.5.0/guice-bridge-2.5.0.jar:/home/user/.m2/repository/org/glassfish/jersey/core/jersey-server/2.27/jersey-server-2.27.jar:/home/user/.m2/repository/org/glassfish/jersey/core/jersey-client/2.27/jersey-client-2.27.jar:/home/user/.m2/repository/org/glassfish/jersey/media/jersey-media-jaxb/2.27/jersey-media-jaxb-2.27.jar:/home/user/.m2/repository/javax/validation/validation-api/1.1.0.Final/validation-api-1.1.0.Final.jar:/home/user/.m2/repository/org/glassfish/jersey/media/jersey-media-json-jackson/2.27/jersey-media-json-jackson-2.27.jar:/home/user/.m2/repository/org/glassfish/jersey/ext/jersey-entity-filtering/2.27/jersey-entity-filtering-2.27.jar:/home/user/.m2/repository/com/google/inject/extensions/guice-assistedinject/4.0/guice-assistedinject-4.0.jar:/home/user/.m2/repository/org/jooq/jooq/3.11.10/jooq-3.11.10.jar:/home/user/.m2/repository/org/jooq/jooq-meta/3.11.10/jooq-meta-3.11.10.jar:/home/user/.m2/repository/org/jooq/jooq-codegen/3.11.10/jooq-codegen-3.11.10.jar:/home/user/.m2/repository/com/jolbox/bonecp/0.8.0.RELEASE/bonecp-0.8.0.RELEASE.jar:/home/user/.m2/repository/org/springframework/spring-jdbc/5.1.3.RELEASE/spring-jdbc-5.1.3.RELEASE.jar:/home/user/.m2/repository/org/springframework/spring-beans/5.1.3.RELEASE/spring-beans-5.1.3.RELEASE.jar:/home/user/.m2/repository/org/springframework/spring-core/5.1.3.RELEASE/spring-core-5.1.3.RELEASE.jar:/home/user/.m2/repository/org/springframework/spring-jcl/5.1.3.RELEASE/spring-jcl-5.1.3.RELEASE.jar:/home/user/.m2/repository/org/springframework/spring-tx/5.1.3.RELEASE/spring-tx-5.1.3.RELEASE.jar:/home/user/.m2/repository/org/mockito/mockito-all/1.10.19/mockito-all-1.10.19.jar:/home/user/.m2/repository/junit/junit/4.11/junit-4.11.jar:/home/user/.m2/repository/org/hamcrest/hamcrest-core/1.3/hamcrest-core-1.3.jar:/home/user/.m2/repository/org/apache/hadoop/hadoop-distcp/3.2.0/hadoop-distcp-3.2.0.jar:/home/user/.m2/repository/org/apache/hadoop/hadoop-distcp/3.2.0/hadoop-distcp-3.2.0-tests.jar:/home/user/.m2/repository/org/apache/hadoop/hadoop-mapreduce-client-jobclient/3.2.0/hadoop-mapreduce-client-jobclient-3.2.0.jar:/home/user/.m2/repository/org/apache/hadoop/hadoop-mapreduce-client-common/3.2.0/hadoop-mapreduce-client-common-3.2.0.jar:/home/user/.m2/repository/org/apache/hadoop/hadoop-yarn-common/3.2.0/hadoop-yarn-common-3.2.0.jar:/home/user/.m2/repository/org/apache/hadoop/hadoop-yarn-api/3.2.0/hadoop-yarn-api-3.2.0.jar:/home/user/.m2/repository/com/sun/jersey/jersey-client/1.19/jersey-client-1.19.jar:/home/user/.m2/repository/com/sun/jersey/contribs/jersey-guice/1.19/jersey-guice-1.19.jar:/home/user/.m2/repository/com/fasterxml/jackson/jaxrs/jackson-jaxrs-json-provider/2.9.9/jackson-jaxrs-json-provider-2.9.9.jar:/home/user/.m2/repository/com/fasterxml/jackson/jaxrs/jackson-jaxrs-base/2.9.9/jackson-jaxrs-base-2.9.9.jar:/home/user/.m2/repository/org/apache/hadoop/hadoop-yarn-client/3.2.0/hadoop-yarn-client-3.2.0.jar:/home/user/.m2/repository/org/apache/hadoop/hadoop-mapreduce-client-core/3.2.0/hadoop-mapreduce-client-core-3.2.0.jar:/home/user/.m2/repository/com/google/inject/extensions/guice-servlet/4.0/guice-servlet-4.0.jar:/home/user/.m2/repository/org/powermock/powermock-module-junit4/1.6.5/powermock-module-junit4-1.6.5.jar:/home/user/.m2/repository/org/powermock/powermock-module-junit4-common/1.6.5/powermock-module-junit4-common-1.6.5.jar:/home/user/.m2/repository/org/powermock/powermock-core/1.6.5/powermock-core-1.6.5.jar:/home/user/.m2/repository/org/powermock/powermock-reflect/1.6.5/powermock-reflect-1.6.5.jar:/home/user/.m2/repository/org/powermock/powermock-api-mockito/1.6.5/powermock-api-mockito-1.6.5.jar:/home/user/.m2/repository/org/mockito/mockito-core/1.10.19/mockito-core-1.10.19.jar:/home/user/.m2/repository/org/objenesis/objenesis/1.0/objenesis-1.0.jar:/home/user/.m2/repository/org/powermock/powermock-api-mockito-common/1.6.5/powermock-api-mockito-common-1.6.5.jar:/home/user/.m2/repository/org/powermock/powermock-api-support/1.6.5/powermock-api-support-1.6.5.jar:"/>
    <property name="sun.cpu.endian" value="little"/>
    <property name="user.home" value="/home/user"/>
    <property name="user.language" value="en"/>
    <property name="java.specification.vendor" value="Oracle Corporation"/>
    <property name="java.home" value="/usr/lib/jvm/java-1.8.0-openjdk-1.8.0.222.b10-1.el7_7.x86_64/jre"/>
    <property name="surefire.excludesFile" value="/tools/ozone-bad-unit-tests"/>
    <property name="java.security.krb5.conf" value="/workdir/hadoop-ozone/ozonefs/target/test-classes/krb5.conf"/>
    <property name="basedir" value="/workdir/hadoop-ozone/ozonefs"/>
    <property name="file.separator" value="/"/>
    <property name="line.separator" value="&#10;"/>
    <property name="java.vm.specification.vendor" value="Oracle Corporation"/>
    <property name="java.specification.name" value="Java Platform API Specification"/>
    <property name="java.awt.graphicsenv" value="sun.awt.X11GraphicsEnvironment"/>
    <property name="surefire.real.class.path" value="/workdir/hadoop-ozone/ozonefs/target/surefire/surefirebooter5979334901202292140.jar"/>
    <property name="hadoop.log.dir" value="/workdir/hadoop-ozone/ozonefs/target/log"/>
    <property name="sun.boot.class.path" value="/usr/lib/jvm/java-1.8.0-openjdk-1.8.0.222.b10-1.el7_7.x86_64/jre/lib/resources.jar:/usr/lib/jvm/java-1.8.0-openjdk-1.8.0.222.b10-1.el7_7.x86_64/jre/lib/rt.jar:/usr/lib/jvm/java-1.8.0-openjdk-1.8.0.222.b10-1.el7_7.x86_64/jre/lib/sunrsasign.jar:/usr/lib/jvm/java-1.8.0-openjdk-1.8.0.222.b10-1.el7_7.x86_64/jre/lib/jsse.jar:/usr/lib/jvm/java-1.8.0-openjdk-1.8.0.222.b10-1.el7_7.x86_64/jre/lib/jce.jar:/usr/lib/jvm/java-1.8.0-openjdk-1.8.0.222.b10-1.el7_7.x86_64/jre/lib/charsets.jar:/usr/lib/jvm/java-1.8.0-openjdk-1.8.0.222.b10-1.el7_7.x86_64/jre/lib/jfr.jar:/usr/lib/jvm/java-1.8.0-openjdk-1.8.0.222.b10-1.el7_7.x86_64/jre/classes"/>
    <property name="sun.management.compiler" value="HotSpot 64-Bit Tiered Compilers"/>
    <property name="java.runtime.version" value="1.8.0_222-b10"/>
    <property name="java.net.preferIPv4Stack" value="true"/>
    <property name="user.name" value="jenkins1000"/>
    <property name="path.separator" value=":"/>
    <property name="java.security.egd" value="file:///dev/urandom"/>
    <property name="os.version" value="3.10.0-957.12.2.el7.x86_64"/>
    <property name="java.endorsed.dirs" value="/usr/lib/jvm/java-1.8.0-openjdk-1.8.0.222.b10-1.el7_7.x86_64/jre/lib/endorsed"/>
    <property name="java.runtime.name" value="OpenJDK Runtime Environment"/>
    <property name="file.encoding" value="ANSI_X3.4-1968"/>
    <property name="java.vm.name" value="OpenJDK 64-Bit Server VM"/>
    <property name="test.build.webapps" value=""/>
    <property name="localRepository" value="/home/user/.m2/repository"/>
    <property name="java.vendor.url.bug" value="http://bugreport.sun.com/bugreport/"/>
    <property name="java.io.tmpdir" value="/tmp"/>
    <property name="require.test.libhadoop" value=""/>
    <property name="java.version" value="1.8.0_222"/>
    <property name="user.dir" value="/workdir/hadoop-ozone/ozonefs"/>
    <property name="os.arch" value="amd64"/>
    <property name="java.vm.specification.name" value="Java Virtual Machine Specification"/>
    <property name="test.build.classes" value="/workdir/hadoop-ozone/ozonefs/target/test-classes"/>
    <property name="java.awt.printerjob" value="sun.print.PSPrinterJob"/>
    <property name="sun.os.patch.level" value="unknown"/>
    <property name="hadoop.tmp.dir" value="/workdir/hadoop-ozone/ozonefs/target/tmp"/>
    <property name="java.library.path" value="/usr/lib:/workdir/hadoop-ozone/ozonefs/target/native/target/usr/local/lib:/workdir/hadoop-ozone/ozonefs/../../hadoop-common-project/hadoop-common/target/native/target/usr/local/lib:/usr/java/packages/lib/amd64:/usr/lib64:/lib64:/lib:/usr/lib"/>
    <property name="java.vm.info" value="mixed mode"/>
    <property name="java.vendor" value="Oracle Corporation"/>
    <property name="java.vm.version" value="25.222-b10"/>
    <property name="java.ext.dirs" value="/usr/lib/jvm/java-1.8.0-openjdk-1.8.0.222.b10-1.el7_7.x86_64/jre/lib/ext:/usr/java/packages/lib/ext"/>
    <property name="sun.io.unicode.encoding" value="UnicodeLittle"/>
    <property name="java.class.version" value="52.0"/>
  </properties>
  <testcase name="testUpdateDeepDirectoryStructureNoChange" classname="org.apache.hadoop.fs.ozone.contract.ITestOzoneContractDistCp" time="17.877">
    <error message="DistCp failure: Job job_local654553226_0002 has failed: NA" type="java.io.IOException">java.io.IOException: DistCp failure: Job job_local654553226_0002 has failed: NA
	at org.apache.hadoop.tools.DistCp.waitForJobCompletion(DistCp.java:230)
	at org.apache.hadoop.tools.DistCp.execute(DistCp.java:185)
	at org.apache.hadoop.tools.contract.AbstractContractDistCpTest.runDistCp(AbstractContractDistCpTest.java:560)
	at org.apache.hadoop.tools.contract.AbstractContractDistCpTest.distCpUpdate(AbstractContractDistCpTest.java:316)
	at org.apache.hadoop.tools.contract.AbstractContractDistCpTest.testUpdateDeepDirectoryStructureNoChange(AbstractContractDistCpTest.java:234)
	at sun.reflect.NativeMethodAccessorImpl.invoke0(Native Method)
	at sun.reflect.NativeMethodAccessorImpl.invoke(NativeMethodAccessorImpl.java:62)
	at sun.reflect.DelegatingMethodAccessorImpl.invoke(DelegatingMethodAccessorImpl.java:43)
	at java.lang.reflect.Method.invoke(Method.java:498)
	at org.junit.runners.model.FrameworkMethod$1.runReflectiveCall(FrameworkMethod.java:47)
	at org.junit.internal.runners.model.ReflectiveCallable.run(ReflectiveCallable.java:12)
	at org.junit.runners.model.FrameworkMethod.invokeExplosively(FrameworkMethod.java:44)
	at org.junit.internal.runners.statements.InvokeMethod.evaluate(InvokeMethod.java:17)
	at org.junit.internal.runners.statements.RunBefores.evaluate(RunBefores.java:26)
	at org.junit.internal.runners.statements.RunAfters.evaluate(RunAfters.java:27)
	at org.junit.rules.TestWatcher$1.evaluate(TestWatcher.java:55)
	at org.junit.rules.TestWatcher$1.evaluate(TestWatcher.java:55)
	at org.junit.internal.runners.statements.FailOnTimeout$StatementThread.run(FailOnTimeout.java:74)
</error>
    <system-out><![CDATA[2019-11-07 15:45:24,770 [JUnit] WARN  server.ServerUtils (ServerUtils.java:getScmDbDir(145)) - ozone.scm.db.dirs is not configured. We recommend adding this setting. Falling back to ozone.metadata.dirs instead.
2019-11-07 15:45:24,896 [JUnit] WARN  server.ServerUtils (ServerUtils.java:getScmDbDir(145)) - ozone.scm.db.dirs is not configured. We recommend adding this setting. Falling back to ozone.metadata.dirs instead.
2019-11-07 15:45:24,902 [JUnit] WARN  server.ServerUtils (ServerUtils.java:getScmDbDir(145)) - ozone.scm.db.dirs is not configured. We recommend adding this setting. Falling back to ozone.metadata.dirs instead.
2019-11-07 15:45:24,942 [JUnit] INFO  util.log (Log.java:initialized(192)) - Logging initialized @954ms
2019-11-07 15:45:25,055 [JUnit] INFO  db.DBStoreBuilder (DBStoreBuilder.java:addTable(127)) - using custom profile for table: deletedBlocks
2019-11-07 15:45:25,056 [JUnit] INFO  db.DBStoreBuilder (DBStoreBuilder.java:processTables(183)) - Using default column profile:DBProfile.DISK for Table:deletedBlocks
2019-11-07 15:45:25,057 [JUnit] INFO  db.DBStoreBuilder (DBStoreBuilder.java:addTable(127)) - using custom profile for table: validCerts
2019-11-07 15:45:25,058 [JUnit] INFO  db.DBStoreBuilder (DBStoreBuilder.java:processTables(183)) - Using default column profile:DBProfile.DISK for Table:validCerts
2019-11-07 15:45:25,058 [JUnit] INFO  db.DBStoreBuilder (DBStoreBuilder.java:addTable(127)) - using custom profile for table: revokedCerts
2019-11-07 15:45:25,059 [JUnit] INFO  db.DBStoreBuilder (DBStoreBuilder.java:processTables(183)) - Using default column profile:DBProfile.DISK for Table:revokedCerts
2019-11-07 15:45:25,080 [JUnit] INFO  db.DBStoreBuilder (DBStoreBuilder.java:addTable(127)) - using custom profile for table: default
2019-11-07 15:45:25,080 [JUnit] INFO  db.DBStoreBuilder (DBStoreBuilder.java:processTables(189)) - Using default column profile:DBProfile.DISK for Table:default
2019-11-07 15:45:25,083 [JUnit] INFO  db.DBStoreBuilder (DBStoreBuilder.java:getDbProfile(220)) - Using default options. DBProfile.DISK
2019-11-07 15:45:25,397 [JUnit] INFO  net.NodeSchemaLoader (NodeSchemaLoader.java:loadSchemaFromFile(125)) - Loading file from sun.misc.CompoundEnumeration@31190526
2019-11-07 15:45:25,399 [JUnit] INFO  net.NodeSchemaLoader (NodeSchemaLoader.java:loadSchema(171)) - Loading network topology layer schema file
2019-11-07 15:45:25,459 [JUnit] WARN  server.ServerUtils (ServerUtils.java:sanitizeUserArgs(70)) - ozone.scm.stale.node.interval value = 300000 is larger than max = 100000 based on the key value of ozone.scm.heartbeat.thread.interval, reset to the max value 100000.
2019-11-07 15:45:25,461 [JUnit] WARN  server.ServerUtils (ServerUtils.java:sanitizeUserArgs(70)) - ozone.scm.stale.node.interval value = 300000 is larger than max = 100000 based on the key value of ozone.scm.heartbeat.thread.interval, reset to the max value 100000.
2019-11-07 15:45:25,463 [JUnit] INFO  node.SCMNodeManager (SCMNodeManager.java:<init>(116)) - Entering startup safe mode.
2019-11-07 15:45:25,580 [JUnit] INFO  algorithms.ContainerPlacementPolicyFactory (ContainerPlacementPolicyFactory.java:getPolicy(57)) - Create container placement policy of type org.apache.hadoop.hdds.scm.container.placement.algorithms.SCMContainerPlacementRandom
2019-11-07 15:45:25,595 [JUnit] WARN  server.ServerUtils (ServerUtils.java:getScmDbDir(145)) - ozone.scm.db.dirs is not configured. We recommend adding this setting. Falling back to ozone.metadata.dirs instead.
2019-11-07 15:45:25,708 [JUnit] INFO  pipeline.SCMPipelineManager (SCMPipelineManager.java:initializePipelineState(132)) - No pipeline exists in current db
2019-11-07 15:45:25,712 [JUnit] WARN  server.ServerUtils (ServerUtils.java:getScmDbDir(145)) - ozone.scm.db.dirs is not configured. We recommend adding this setting. Falling back to ozone.metadata.dirs instead.
2019-11-07 15:45:25,856 [JUnit] WARN  events.EventQueue (EventQueue.java:fireEvent(183)) - No event handler registered for event TypedEvent{payloadType=SafeModeStatus, name='SafeModeStatus'}
2019-11-07 15:45:26,271 [JUnit] INFO  ipc.CallQueueManager (CallQueueManager.java:<init>(84)) - Using callQueue: class java.util.concurrent.LinkedBlockingQueue, queueCapacity: 2000, scheduler: class org.apache.hadoop.ipc.DefaultRpcScheduler, ipcBackoff: false.
2019-11-07 15:45:26,422 [Socket Reader #1 for port 39580] INFO  ipc.Server (Server.java:run(1074)) - Starting Socket Reader #1 for port 39580
2019-11-07 15:45:26,448 [JUnit] INFO  ipc.CallQueueManager (CallQueueManager.java:<init>(84)) - Using callQueue: class java.util.concurrent.LinkedBlockingQueue, queueCapacity: 2000, scheduler: class org.apache.hadoop.ipc.DefaultRpcScheduler, ipcBackoff: false.
2019-11-07 15:45:26,448 [Socket Reader #1 for port 36692] INFO  ipc.Server (Server.java:run(1074)) - Starting Socket Reader #1 for port 36692
2019-11-07 15:45:26,457 [JUnit] INFO  ipc.CallQueueManager (CallQueueManager.java:<init>(84)) - Using callQueue: class java.util.concurrent.LinkedBlockingQueue, queueCapacity: 2000, scheduler: class org.apache.hadoop.ipc.DefaultRpcScheduler, ipcBackoff: false.
2019-11-07 15:45:26,458 [Socket Reader #1 for port 32935] INFO  ipc.Server (Server.java:run(1074)) - Starting Socket Reader #1 for port 32935
2019-11-07 15:45:26,481 [JUnit] INFO  hdfs.DFSUtil (DFSUtil.java:httpServerTemplateForNNAndJN(1641)) - Starting Web-server for scm at: http://0.0.0.0:0
2019-11-07 15:45:26,608 [JUnit] INFO  server.AuthenticationFilter (AuthenticationFilter.java:constructSecretProvider(240)) - Unable to initialize FileSignerSecretProvider, falling back to use random secrets.
2019-11-07 15:45:26,623 [JUnit] WARN  http.HttpRequestLog (HttpRequestLog.java:getRequestLog(97)) - Jetty request log can only be enabled using Log4j
2019-11-07 15:45:26,631 [JUnit] INFO  http.HttpServer2 (HttpServer2.java:addGlobalFilter(975)) - Added global filter 'safety' (class=org.apache.hadoop.http.HttpServer2$QuotingInputFilter)
2019-11-07 15:45:26,634 [JUnit] INFO  http.HttpServer2 (HttpServer2.java:addFilter(948)) - Added filter static_user_filter (class=org.apache.hadoop.http.lib.StaticUserWebFilter$StaticUserFilter) to context scm
2019-11-07 15:45:26,634 [JUnit] INFO  http.HttpServer2 (HttpServer2.java:addFilter(958)) - Added filter static_user_filter (class=org.apache.hadoop.http.lib.StaticUserWebFilter$StaticUserFilter) to context logs
2019-11-07 15:45:26,634 [JUnit] INFO  http.HttpServer2 (HttpServer2.java:addFilter(958)) - Added filter static_user_filter (class=org.apache.hadoop.http.lib.StaticUserWebFilter$StaticUserFilter) to context static
2019-11-07 15:45:26,660 [JUnit] INFO  server.StorageContainerManager (StorageContainerManager.java:start(764)) - StorageContainerLocationProtocol RPC server is listening at /0.0.0.0:32935
2019-11-07 15:45:26,707 [JUnit] WARN  impl.MetricsConfig (MetricsConfig.java:loadFirst(134)) - Cannot locate configuration: tried hadoop-metrics2-storagecontainermanager.properties,hadoop-metrics2.properties
2019-11-07 15:45:26,719 [JUnit] INFO  impl.MetricsSystemImpl (MetricsSystemImpl.java:startTimer(374)) - Scheduled Metric snapshot period at 10 second(s).
2019-11-07 15:45:26,719 [JUnit] INFO  impl.MetricsSystemImpl (MetricsSystemImpl.java:start(191)) - StorageContainerManager metrics system started
2019-11-07 15:45:26,939 [JUnit] INFO  server.SCMClientProtocolServer (SCMClientProtocolServer.java:start(159)) - RPC server for Client  is listening at /0.0.0.0:32935
2019-11-07 15:45:26,940 [IPC Server Responder] INFO  ipc.Server (Server.java:run(1314)) - IPC Server Responder: starting
2019-11-07 15:45:26,940 [IPC Server listener on 32935] INFO  ipc.Server (Server.java:run(1153)) - IPC Server listener on 32935: starting
2019-11-07 15:45:26,943 [JUnit] INFO  server.StorageContainerManager (StorageContainerManager.java:start(774)) - ScmBlockLocationProtocol RPC server is listening at /0.0.0.0:36692
2019-11-07 15:45:26,944 [JUnit] INFO  server.SCMBlockProtocolServer (SCMBlockProtocolServer.java:start(146)) - RPC server for Block Protocol is listening at /0.0.0.0:36692
2019-11-07 15:45:26,944 [IPC Server Responder] INFO  ipc.Server (Server.java:run(1314)) - IPC Server Responder: starting
2019-11-07 15:45:26,944 [IPC Server listener on 36692] INFO  ipc.Server (Server.java:run(1153)) - IPC Server listener on 36692: starting
2019-11-07 15:45:26,947 [JUnit] INFO  server.StorageContainerManager (StorageContainerManager.java:start(778)) - ScmDatanodeProtocl RPC server is listening at /0.0.0.0:39580
2019-11-07 15:45:26,947 [JUnit] INFO  server.SCMDatanodeProtocolServer (SCMDatanodeProtocolServer.java:start(169)) - RPC server for DataNodes is listening at /0.0.0.0:39580
2019-11-07 15:45:26,948 [IPC Server Responder] INFO  ipc.Server (Server.java:run(1314)) - IPC Server Responder: starting
2019-11-07 15:45:26,948 [IPC Server listener on 39580] INFO  ipc.Server (Server.java:run(1153)) - IPC Server listener on 39580: starting
2019-11-07 15:45:26,952 [JUnit] INFO  http.HttpServer2 (HttpServer2.java:bindListener(1191)) - Jetty bound to port 42255
2019-11-07 15:45:26,953 [JUnit] INFO  server.Server (Server.java:doStart(351)) - jetty-9.3.25.v20180904, build timestamp: 2018-09-04T21:11:46Z, git hash: 3ce520221d0240229c862b122d2b06c12a625732
2019-11-07 15:45:26,986 [JUnit] INFO  handler.ContextHandler (ContextHandler.java:doStart(781)) - Started o.e.j.s.ServletContextHandler@7096b474{/logs,file:///workdir/hadoop-ozone/ozonefs/target/log,AVAILABLE}
2019-11-07 15:45:26,987 [JUnit] INFO  handler.ContextHandler (ContextHandler.java:doStart(781)) - Started o.e.j.s.ServletContextHandler@3d3ba765{/static,jar:file:/home/user/.m2/repository/org/apache/hadoop/hadoop-hdds-server-scm/0.5.0-SNAPSHOT/hadoop-hdds-server-scm-0.5.0-SNAPSHOT.jar!/webapps/static,AVAILABLE}
2019-11-07 15:45:27,058 [JUnit] INFO  handler.ContextHandler (ContextHandler.java:doStart(781)) - Started o.e.j.w.WebAppContext@797501a{/,file:///tmp/jetty-0.0.0.0-42255-scm-_-any-3968917616529280670.dir/webapp/,AVAILABLE}{/scm}
2019-11-07 15:45:27,063 [JUnit] INFO  server.AbstractConnector (AbstractConnector.java:doStart(278)) - Started ServerConnector@285f09de{HTTP/1.1,[http/1.1]}{0.0.0.0:42255}
2019-11-07 15:45:27,064 [JUnit] INFO  server.Server (Server.java:doStart(419)) - Started @3076ms
2019-11-07 15:45:27,066 [JUnit] INFO  impl.MetricsSinkAdapter (MetricsSinkAdapter.java:start(204)) - Sink prometheus started
2019-11-07 15:45:27,066 [JUnit] INFO  impl.MetricsSystemImpl (MetricsSystemImpl.java:registerSink(301)) - Registered sink prometheus
2019-11-07 15:45:27,067 [JUnit] INFO  server.BaseHttpServer (BaseHttpServer.java:updateConnectorAddress(215)) - HTTP server of SCM is listening at http://0.0.0.0:42255
2019-11-07 15:45:27,073 [org.apache.hadoop.util.JvmPauseMonitor$Monitor@345e5a17] INFO  util.JvmPauseMonitor (JvmPauseMonitor.java:run(188)) - Starting JVM pause monitor
2019-11-07 15:45:27,075 [JUnit] WARN  server.ServerUtils (ServerUtils.java:getDBPath(222)) - ozone.om.db.dirs is not configured. We recommend adding this setting. Falling back to ozone.metadata.dirs instead.
2019-11-07 15:45:27,169 [JUnit] INFO  ha.OMHANodeDetails (OMHANodeDetails.java:loadOMHAConfig(190)) - Configuration either no ozone.om.address set. Falling back to the default OM address /127.0.0.1:0
2019-11-07 15:45:27,169 [JUnit] INFO  ha.OMHANodeDetails (OMHANodeDetails.java:getOMNodeDetails(220)) - OM Service ID is not set. Setting it to the default ID: omServiceIdDefault
2019-11-07 15:45:27,171 [JUnit] WARN  server.ServerUtils (ServerUtils.java:getDBPath(222)) - ozone.om.db.dirs is not configured. We recommend adding this setting. Falling back to ozone.metadata.dirs instead.
2019-11-07 15:45:27,172 [JUnit] WARN  server.ServerUtils (ServerUtils.java:getDBPath(222)) - ozone.om.db.dirs is not configured. We recommend adding this setting. Falling back to ozone.metadata.dirs instead.
2019-11-07 15:45:27,780 [JUnit] WARN  server.ServerUtils (ServerUtils.java:getDBPath(222)) - ozone.om.db.dirs is not configured. We recommend adding this setting. Falling back to ozone.metadata.dirs instead.
2019-11-07 15:45:27,790 [JUnit] INFO  db.DBStoreBuilder (DBStoreBuilder.java:addTable(127)) - using custom profile for table: userTable
2019-11-07 15:45:27,790 [JUnit] INFO  db.DBStoreBuilder (DBStoreBuilder.java:processTables(183)) - Using default column profile:DBProfile.DISK for Table:userTable
2019-11-07 15:45:27,790 [JUnit] INFO  db.DBStoreBuilder (DBStoreBuilder.java:addTable(127)) - using custom profile for table: volumeTable
2019-11-07 15:45:27,790 [JUnit] INFO  db.DBStoreBuilder (DBStoreBuilder.java:processTables(183)) - Using default column profile:DBProfile.DISK for Table:volumeTable
2019-11-07 15:45:27,791 [JUnit] INFO  db.DBStoreBuilder (DBStoreBuilder.java:addTable(127)) - using custom profile for table: bucketTable
2019-11-07 15:45:27,791 [JUnit] INFO  db.DBStoreBuilder (DBStoreBuilder.java:processTables(183)) - Using default column profile:DBProfile.DISK for Table:bucketTable
2019-11-07 15:45:27,791 [JUnit] INFO  db.DBStoreBuilder (DBStoreBuilder.java:addTable(127)) - using custom profile for table: keyTable
2019-11-07 15:45:27,791 [JUnit] INFO  db.DBStoreBuilder (DBStoreBuilder.java:processTables(183)) - Using default column profile:DBProfile.DISK for Table:keyTable
2019-11-07 15:45:27,792 [JUnit] INFO  db.DBStoreBuilder (DBStoreBuilder.java:addTable(127)) - using custom profile for table: deletedTable
2019-11-07 15:45:27,792 [JUnit] INFO  db.DBStoreBuilder (DBStoreBuilder.java:processTables(183)) - Using default column profile:DBProfile.DISK for Table:deletedTable
2019-11-07 15:45:27,792 [JUnit] INFO  db.DBStoreBuilder (DBStoreBuilder.java:addTable(127)) - using custom profile for table: openKeyTable
2019-11-07 15:45:27,792 [JUnit] INFO  db.DBStoreBuilder (DBStoreBuilder.java:processTables(183)) - Using default column profile:DBProfile.DISK for Table:openKeyTable
2019-11-07 15:45:27,792 [JUnit] INFO  db.DBStoreBuilder (DBStoreBuilder.java:addTable(127)) - using custom profile for table: s3Table
2019-11-07 15:45:27,792 [JUnit] INFO  db.DBStoreBuilder (DBStoreBuilder.java:processTables(183)) - Using default column profile:DBProfile.DISK for Table:s3Table
2019-11-07 15:45:27,793 [JUnit] INFO  db.DBStoreBuilder (DBStoreBuilder.java:addTable(127)) - using custom profile for table: multipartInfoTable
2019-11-07 15:45:27,793 [JUnit] INFO  db.DBStoreBuilder (DBStoreBuilder.java:processTables(183)) - Using default column profile:DBProfile.DISK for Table:multipartInfoTable
2019-11-07 15:45:27,793 [JUnit] INFO  db.DBStoreBuilder (DBStoreBuilder.java:addTable(127)) - using custom profile for table: dTokenTable
2019-11-07 15:45:27,793 [JUnit] INFO  db.DBStoreBuilder (DBStoreBuilder.java:processTables(183)) - Using default column profile:DBProfile.DISK for Table:dTokenTable
2019-11-07 15:45:27,794 [JUnit] INFO  db.DBStoreBuilder (DBStoreBuilder.java:addTable(127)) - using custom profile for table: s3SecretTable
2019-11-07 15:45:27,794 [JUnit] INFO  db.DBStoreBuilder (DBStoreBuilder.java:processTables(183)) - Using default column profile:DBProfile.DISK for Table:s3SecretTable
2019-11-07 15:45:27,794 [JUnit] INFO  db.DBStoreBuilder (DBStoreBuilder.java:addTable(127)) - using custom profile for table: prefixTable
2019-11-07 15:45:27,794 [JUnit] INFO  db.DBStoreBuilder (DBStoreBuilder.java:processTables(183)) - Using default column profile:DBProfile.DISK for Table:prefixTable
2019-11-07 15:45:27,794 [JUnit] INFO  db.DBStoreBuilder (DBStoreBuilder.java:addTable(127)) - using custom profile for table: default
2019-11-07 15:45:27,795 [JUnit] INFO  db.DBStoreBuilder (DBStoreBuilder.java:processTables(189)) - Using default column profile:DBProfile.DISK for Table:default
2019-11-07 15:45:27,795 [JUnit] INFO  db.DBStoreBuilder (DBStoreBuilder.java:getDbProfile(220)) - Using default options. DBProfile.DISK
2019-11-07 15:45:28,472 [JUnit] INFO  ipc.CallQueueManager (CallQueueManager.java:<init>(84)) - Using callQueue: class java.util.concurrent.LinkedBlockingQueue, queueCapacity: 2000, scheduler: class org.apache.hadoop.ipc.DefaultRpcScheduler, ipcBackoff: false.
2019-11-07 15:45:28,473 [Socket Reader #1 for port 35423] INFO  ipc.Server (Server.java:run(1074)) - Starting Socket Reader #1 for port 35423
2019-11-07 15:45:28,505 [JUnit] INFO  om.OzoneManager (OzoneManager.java:start(1076)) - OzoneManager RPC server is listening at localhost/127.0.0.1:35423
2019-11-07 15:45:28,505 [JUnit] INFO  impl.MetricsSystemImpl (MetricsSystemImpl.java:init(158)) - OzoneManager metrics system started (again)
2019-11-07 15:45:28,514 [IPC Server Responder] INFO  ipc.Server (Server.java:run(1314)) - IPC Server Responder: starting
2019-11-07 15:45:28,514 [IPC Server listener on 35423] INFO  ipc.Server (Server.java:run(1153)) - IPC Server listener on 35423: starting
2019-11-07 15:45:28,523 [JUnit] INFO  hdfs.DFSUtil (DFSUtil.java:httpServerTemplateForNNAndJN(1641)) - Starting Web-server for ozoneManager at: http://0.0.0.0:0
2019-11-07 15:45:28,526 [JUnit] INFO  server.AuthenticationFilter (AuthenticationFilter.java:constructSecretProvider(240)) - Unable to initialize FileSignerSecretProvider, falling back to use random secrets.
2019-11-07 15:45:28,527 [JUnit] WARN  http.HttpRequestLog (HttpRequestLog.java:getRequestLog(97)) - Jetty request log can only be enabled using Log4j
2019-11-07 15:45:28,531 [JUnit] INFO  http.HttpServer2 (HttpServer2.java:addGlobalFilter(975)) - Added global filter 'safety' (class=org.apache.hadoop.http.HttpServer2$QuotingInputFilter)
2019-11-07 15:45:28,533 [JUnit] INFO  http.HttpServer2 (HttpServer2.java:addFilter(948)) - Added filter static_user_filter (class=org.apache.hadoop.http.lib.StaticUserWebFilter$StaticUserFilter) to context ozoneManager
2019-11-07 15:45:28,533 [JUnit] INFO  http.HttpServer2 (HttpServer2.java:addFilter(958)) - Added filter static_user_filter (class=org.apache.hadoop.http.lib.StaticUserWebFilter$StaticUserFilter) to context static
2019-11-07 15:45:28,533 [JUnit] INFO  http.HttpServer2 (HttpServer2.java:addFilter(958)) - Added filter static_user_filter (class=org.apache.hadoop.http.lib.StaticUserWebFilter$StaticUserFilter) to context logs
2019-11-07 15:45:28,537 [JUnit] INFO  http.HttpServer2 (HttpServer2.java:bindListener(1191)) - Jetty bound to port 42453
2019-11-07 15:45:28,537 [JUnit] INFO  server.Server (Server.java:doStart(351)) - jetty-9.3.25.v20180904, build timestamp: 2018-09-04T21:11:46Z, git hash: 3ce520221d0240229c862b122d2b06c12a625732
2019-11-07 15:45:28,540 [JUnit] INFO  handler.ContextHandler (ContextHandler.java:doStart(781)) - Started o.e.j.s.ServletContextHandler@4a55a6e8{/logs,file:///workdir/hadoop-ozone/ozonefs/target/log,AVAILABLE}
2019-11-07 15:45:28,540 [JUnit] INFO  handler.ContextHandler (ContextHandler.java:doStart(781)) - Started o.e.j.s.ServletContextHandler@226b143b{/static,jar:file:/home/user/.m2/repository/org/apache/hadoop/hadoop-ozone-ozone-manager/0.5.0-SNAPSHOT/hadoop-ozone-ozone-manager-0.5.0-SNAPSHOT.jar!/webapps/static,AVAILABLE}
2019-11-07 15:45:28,604 [JUnit] INFO  handler.ContextHandler (ContextHandler.java:doStart(781)) - Started o.e.j.w.WebAppContext@476ec9d0{/,file:///tmp/jetty-0.0.0.0-42453-ozoneManager-_-any-3721017499073227299.dir/webapp/,AVAILABLE}{/ozoneManager}
2019-11-07 15:45:28,605 [JUnit] INFO  server.AbstractConnector (AbstractConnector.java:doStart(278)) - Started ServerConnector@325bb9a6{HTTP/1.1,[http/1.1]}{0.0.0.0:42453}
2019-11-07 15:45:28,606 [JUnit] INFO  server.Server (Server.java:doStart(419)) - Started @4618ms
2019-11-07 15:45:28,606 [JUnit] WARN  impl.MetricsSystemImpl (MetricsSystemImpl.java:register(276)) - Sink prometheus already exists!
2019-11-07 15:45:28,608 [JUnit] INFO  server.BaseHttpServer (BaseHttpServer.java:updateConnectorAddress(215)) - HTTP server of OZONEMANAGER is listening at http://0.0.0.0:42453
2019-11-07 15:45:28,943 [JUnit] INFO  impl.MetricsSystemImpl (MetricsSystemImpl.java:init(158)) - HddsDatanode metrics system started (again)
2019-11-07 15:45:28,997 [JUnit] INFO  ozone.HddsDatanodeService (HddsDatanodeService.java:start(183)) - HddsDatanodeService host:pr-hdds-1987-mzbkn-2610147090 ip:192.168.157.213
2019-11-07 15:45:29,035 [JUnit] INFO  volume.HddsVolume (HddsVolume.java:<init>(176)) - Creating Volume: /workdir/hadoop-ozone/ozonefs/target/test-dir/MiniOzoneClusterImpl-60a16074-8321-4247-8f3f-e8d2795f07f5/datanode-0/data/containers/hdds of  storage type : DISK and capacity : 1482555576320
2019-11-07 15:45:29,038 [JUnit] INFO  volume.VolumeSet (VolumeSet.java:initializeVolumeSet(170)) - Added Volume : /workdir/hadoop-ozone/ozonefs/target/test-dir/MiniOzoneClusterImpl-60a16074-8321-4247-8f3f-e8d2795f07f5/datanode-0/data/containers/hdds to VolumeSet
2019-11-07 15:45:29,042 [JUnit] INFO  volume.ThrottledAsyncChecker (ThrottledAsyncChecker.java:schedule(141)) - Scheduling a check for /workdir/hadoop-ozone/ozonefs/target/test-dir/MiniOzoneClusterImpl-60a16074-8321-4247-8f3f-e8d2795f07f5/datanode-0/data/containers/hdds
2019-11-07 15:45:29,069 [JUnit] INFO  volume.HddsVolumeChecker (HddsVolumeChecker.java:checkAllVolumes(204)) - Scheduled health check for volume /workdir/hadoop-ozone/ozonefs/target/test-dir/MiniOzoneClusterImpl-60a16074-8321-4247-8f3f-e8d2795f07f5/datanode-0/data/containers/hdds
2019-11-07 15:45:29,211 [JUnit] INFO  impl.RaftServerProxy (ConfUtils.java:logGet(43)) - raft.rpc.type = GRPC (default)
2019-11-07 15:45:29,280 [JUnit] INFO  grpc.GrpcFactory (GrpcFactory.java:checkPooledByteBufAllocatorUseCacheForAllThreads(45)) - PERFORMANCE WARNING: useCacheForAllThreads is true that may cause Netty to create a lot garbage objects and, as a result, trigger GC.
	It is recommended to disable useCacheForAllThreads by setting -Dorg.apache.ratis.thirdparty.io.netty.allocator.useCacheForAllThreads=false in command line.
2019-11-07 15:45:29,286 [JUnit] INFO  grpc.GrpcConfigKeys$Server (ConfUtils.java:logGet(43)) - raft.grpc.server.port = 0 (default)
2019-11-07 15:45:29,287 [JUnit] INFO  server.GrpcService (ConfUtils.java:logGet(43)) - raft.grpc.message.size.max = 33570816 (custom)
2019-11-07 15:45:29,289 [JUnit] INFO  server.RaftServerConfigKeys (ConfUtils.java:logGet(43)) - raft.server.log.appender.buffer.byte-limit = 33554432 (custom)
2019-11-07 15:45:29,289 [JUnit] INFO  server.GrpcService (ConfUtils.java:logGet(43)) - raft.grpc.flow.control.window = 1MB (=1048576) (default)
2019-11-07 15:45:29,290 [JUnit] INFO  server.RaftServerConfigKeys (ConfUtils.java:logGet(43)) - raft.server.rpc.request.timeout = 3000ms (default)
2019-11-07 15:45:29,463 [JUnit] INFO  server.RaftServerConfigKeys (ConfUtils.java:logGet(43)) - raft.server.storage.dir = [/workdir/hadoop-ozone/ozonefs/target/test-dir/MiniOzoneClusterImpl-60a16074-8321-4247-8f3f-e8d2795f07f5/datanode-0/data/ratis] (custom)
2019-11-07 15:45:29,523 [JUnit] INFO  hdfs.DFSUtil (DFSUtil.java:httpServerTemplateForNNAndJN(1641)) - Starting Web-server for hddsDatanode at: http://0.0.0.0:0
2019-11-07 15:45:29,526 [JUnit] INFO  server.AuthenticationFilter (AuthenticationFilter.java:constructSecretProvider(240)) - Unable to initialize FileSignerSecretProvider, falling back to use random secrets.
2019-11-07 15:45:29,527 [JUnit] WARN  http.HttpRequestLog (HttpRequestLog.java:getRequestLog(97)) - Jetty request log can only be enabled using Log4j
2019-11-07 15:45:29,530 [JUnit] INFO  http.HttpServer2 (HttpServer2.java:addGlobalFilter(975)) - Added global filter 'safety' (class=org.apache.hadoop.http.HttpServer2$QuotingInputFilter)
2019-11-07 15:45:29,532 [JUnit] INFO  http.HttpServer2 (HttpServer2.java:addFilter(948)) - Added filter static_user_filter (class=org.apache.hadoop.http.lib.StaticUserWebFilter$StaticUserFilter) to context hddsDatanode
2019-11-07 15:45:29,532 [JUnit] INFO  http.HttpServer2 (HttpServer2.java:addFilter(958)) - Added filter static_user_filter (class=org.apache.hadoop.http.lib.StaticUserWebFilter$StaticUserFilter) to context logs
2019-11-07 15:45:29,532 [JUnit] INFO  http.HttpServer2 (HttpServer2.java:addFilter(958)) - Added filter static_user_filter (class=org.apache.hadoop.http.lib.StaticUserWebFilter$StaticUserFilter) to context static
2019-11-07 15:45:29,534 [JUnit] INFO  http.HttpServer2 (HttpServer2.java:bindListener(1191)) - Jetty bound to port 38487
2019-11-07 15:45:29,534 [JUnit] INFO  server.Server (Server.java:doStart(351)) - jetty-9.3.25.v20180904, build timestamp: 2018-09-04T21:11:46Z, git hash: 3ce520221d0240229c862b122d2b06c12a625732
2019-11-07 15:45:29,537 [JUnit] INFO  handler.ContextHandler (ContextHandler.java:doStart(781)) - Started o.e.j.s.ServletContextHandler@77774571{/logs,file:///workdir/hadoop-ozone/ozonefs/target/log,AVAILABLE}
2019-11-07 15:45:29,538 [JUnit] INFO  handler.ContextHandler (ContextHandler.java:doStart(781)) - Started o.e.j.s.ServletContextHandler@6cd64ee8{/static,jar:file:/home/user/.m2/repository/org/apache/hadoop/hadoop-hdds-container-service/0.5.0-SNAPSHOT/hadoop-hdds-container-service-0.5.0-SNAPSHOT.jar!/webapps/static,AVAILABLE}
2019-11-07 15:45:29,578 [JUnit] INFO  handler.ContextHandler (ContextHandler.java:doStart(781)) - Started o.e.j.w.WebAppContext@59072e9d{/,file:///tmp/jetty-0.0.0.0-38487-hddsDatanode-_-any-5224356376623944874.dir/webapp/,AVAILABLE}{/hddsDatanode}
2019-11-07 15:45:29,580 [JUnit] INFO  server.AbstractConnector (AbstractConnector.java:doStart(278)) - Started ServerConnector@58472096{HTTP/1.1,[http/1.1]}{0.0.0.0:38487}
2019-11-07 15:45:29,580 [JUnit] INFO  server.Server (Server.java:doStart(419)) - Started @5592ms
2019-11-07 15:45:29,581 [JUnit] WARN  impl.MetricsSystemImpl (MetricsSystemImpl.java:register(276)) - Sink prometheus already exists!
2019-11-07 15:45:29,582 [JUnit] INFO  server.BaseHttpServer (BaseHttpServer.java:updateConnectorAddress(215)) - HTTP server of HDDSDATANODE is listening at http://0.0.0.0:38487
2019-11-07 15:45:29,584 [JUnit] INFO  impl.MetricsSystemImpl (MetricsSystemImpl.java:init(158)) - HddsDatanode metrics system started (again)
2019-11-07 15:45:29,587 [JUnit] INFO  ozone.HddsDatanodeService (HddsDatanodeService.java:start(183)) - HddsDatanodeService host:pr-hdds-1987-mzbkn-2610147090 ip:192.168.157.213
2019-11-07 15:45:29,590 [org.apache.hadoop.util.JvmPauseMonitor$Monitor@1aedad3a] INFO  util.JvmPauseMonitor (JvmPauseMonitor.java:run(188)) - Starting JVM pause monitor
2019-11-07 15:45:29,599 [JUnit] INFO  volume.HddsVolume (HddsVolume.java:<init>(176)) - Creating Volume: /workdir/hadoop-ozone/ozonefs/target/test-dir/MiniOzoneClusterImpl-60a16074-8321-4247-8f3f-e8d2795f07f5/datanode-1/data/containers/hdds of  storage type : DISK and capacity : 1482555576320
2019-11-07 15:45:29,599 [JUnit] INFO  volume.VolumeSet (VolumeSet.java:initializeVolumeSet(170)) - Added Volume : /workdir/hadoop-ozone/ozonefs/target/test-dir/MiniOzoneClusterImpl-60a16074-8321-4247-8f3f-e8d2795f07f5/datanode-1/data/containers/hdds to VolumeSet
2019-11-07 15:45:29,599 [JUnit] INFO  volume.ThrottledAsyncChecker (ThrottledAsyncChecker.java:schedule(141)) - Scheduling a check for /workdir/hadoop-ozone/ozonefs/target/test-dir/MiniOzoneClusterImpl-60a16074-8321-4247-8f3f-e8d2795f07f5/datanode-1/data/containers/hdds
2019-11-07 15:45:29,600 [JUnit] INFO  volume.HddsVolumeChecker (HddsVolumeChecker.java:checkAllVolumes(204)) - Scheduled health check for volume /workdir/hadoop-ozone/ozonefs/target/test-dir/MiniOzoneClusterImpl-60a16074-8321-4247-8f3f-e8d2795f07f5/datanode-1/data/containers/hdds
2019-11-07 15:45:29,627 [JUnit] INFO  impl.RaftServerProxy (ConfUtils.java:logGet(43)) - raft.rpc.type = GRPC (default)
2019-11-07 15:45:29,628 [JUnit] INFO  grpc.GrpcFactory (GrpcFactory.java:checkPooledByteBufAllocatorUseCacheForAllThreads(45)) - PERFORMANCE WARNING: useCacheForAllThreads is true that may cause Netty to create a lot garbage objects and, as a result, trigger GC.
	It is recommended to disable useCacheForAllThreads by setting -Dorg.apache.ratis.thirdparty.io.netty.allocator.useCacheForAllThreads=false in command line.
2019-11-07 15:45:29,628 [JUnit] INFO  grpc.GrpcConfigKeys$Server (ConfUtils.java:logGet(43)) - raft.grpc.server.port = 0 (default)
2019-11-07 15:45:29,628 [JUnit] INFO  server.GrpcService (ConfUtils.java:logGet(43)) - raft.grpc.message.size.max = 33570816 (custom)
2019-11-07 15:45:29,628 [JUnit] INFO  server.RaftServerConfigKeys (ConfUtils.java:logGet(43)) - raft.server.log.appender.buffer.byte-limit = 33554432 (custom)
2019-11-07 15:45:29,629 [JUnit] INFO  server.GrpcService (ConfUtils.java:logGet(43)) - raft.grpc.flow.control.window = 1MB (=1048576) (default)
2019-11-07 15:45:29,629 [JUnit] INFO  server.RaftServerConfigKeys (ConfUtils.java:logGet(43)) - raft.server.rpc.request.timeout = 3000ms (default)
2019-11-07 15:45:29,630 [JUnit] INFO  server.RaftServerConfigKeys (ConfUtils.java:logGet(43)) - raft.server.storage.dir = [/workdir/hadoop-ozone/ozonefs/target/test-dir/MiniOzoneClusterImpl-60a16074-8321-4247-8f3f-e8d2795f07f5/datanode-1/data/ratis] (custom)
2019-11-07 15:45:29,632 [JUnit] INFO  hdfs.DFSUtil (DFSUtil.java:httpServerTemplateForNNAndJN(1641)) - Starting Web-server for hddsDatanode at: http://0.0.0.0:0
2019-11-07 15:45:29,634 [JUnit] INFO  server.AuthenticationFilter (AuthenticationFilter.java:constructSecretProvider(240)) - Unable to initialize FileSignerSecretProvider, falling back to use random secrets.
2019-11-07 15:45:29,635 [JUnit] WARN  http.HttpRequestLog (HttpRequestLog.java:getRequestLog(97)) - Jetty request log can only be enabled using Log4j
2019-11-07 15:45:29,637 [JUnit] INFO  http.HttpServer2 (HttpServer2.java:addGlobalFilter(975)) - Added global filter 'safety' (class=org.apache.hadoop.http.HttpServer2$QuotingInputFilter)
2019-11-07 15:45:29,638 [JUnit] INFO  http.HttpServer2 (HttpServer2.java:addFilter(948)) - Added filter static_user_filter (class=org.apache.hadoop.http.lib.StaticUserWebFilter$StaticUserFilter) to context hddsDatanode
2019-11-07 15:45:29,638 [JUnit] INFO  http.HttpServer2 (HttpServer2.java:addFilter(958)) - Added filter static_user_filter (class=org.apache.hadoop.http.lib.StaticUserWebFilter$StaticUserFilter) to context logs
2019-11-07 15:45:29,638 [JUnit] INFO  http.HttpServer2 (HttpServer2.java:addFilter(958)) - Added filter static_user_filter (class=org.apache.hadoop.http.lib.StaticUserWebFilter$StaticUserFilter) to context static
2019-11-07 15:45:29,639 [JUnit] INFO  http.HttpServer2 (HttpServer2.java:bindListener(1191)) - Jetty bound to port 44297
2019-11-07 15:45:29,639 [JUnit] INFO  server.Server (Server.java:doStart(351)) - jetty-9.3.25.v20180904, build timestamp: 2018-09-04T21:11:46Z, git hash: 3ce520221d0240229c862b122d2b06c12a625732
2019-11-07 15:45:29,643 [JUnit] INFO  handler.ContextHandler (ContextHandler.java:doStart(781)) - Started o.e.j.s.ServletContextHandler@121bb45b{/logs,file:///workdir/hadoop-ozone/ozonefs/target/log,AVAILABLE}
2019-11-07 15:45:29,644 [JUnit] INFO  handler.ContextHandler (ContextHandler.java:doStart(781)) - Started o.e.j.s.ServletContextHandler@1cd3b138{/static,jar:file:/home/user/.m2/repository/org/apache/hadoop/hadoop-hdds-container-service/0.5.0-SNAPSHOT/hadoop-hdds-container-service-0.5.0-SNAPSHOT.jar!/webapps/static,AVAILABLE}
2019-11-07 15:45:29,677 [JUnit] INFO  handler.ContextHandler (ContextHandler.java:doStart(781)) - Started o.e.j.w.WebAppContext@53f4c1e6{/,file:///tmp/jetty-0.0.0.0-44297-hddsDatanode-_-any-1492588718671134344.dir/webapp/,AVAILABLE}{/hddsDatanode}
2019-11-07 15:45:29,678 [JUnit] INFO  server.AbstractConnector (AbstractConnector.java:doStart(278)) - Started ServerConnector@74174a23{HTTP/1.1,[http/1.1]}{0.0.0.0:44297}
2019-11-07 15:45:29,679 [JUnit] INFO  server.Server (Server.java:doStart(419)) - Started @5691ms
2019-11-07 15:45:29,679 [JUnit] WARN  impl.MetricsSystemImpl (MetricsSystemImpl.java:register(276)) - Sink prometheus already exists!
2019-11-07 15:45:29,681 [JUnit] INFO  server.BaseHttpServer (BaseHttpServer.java:updateConnectorAddress(215)) - HTTP server of HDDSDATANODE is listening at http://0.0.0.0:44297
2019-11-07 15:45:29,681 [JUnit] INFO  impl.MetricsSystemImpl (MetricsSystemImpl.java:init(158)) - HddsDatanode metrics system started (again)
2019-11-07 15:45:29,684 [org.apache.hadoop.util.JvmPauseMonitor$Monitor@1cd05eca] INFO  util.JvmPauseMonitor (JvmPauseMonitor.java:run(188)) - Starting JVM pause monitor
2019-11-07 15:45:29,684 [JUnit] INFO  ozone.HddsDatanodeService (HddsDatanodeService.java:start(183)) - HddsDatanodeService host:pr-hdds-1987-mzbkn-2610147090 ip:192.168.157.213
2019-11-07 15:45:29,694 [JUnit] INFO  volume.HddsVolume (HddsVolume.java:<init>(176)) - Creating Volume: /workdir/hadoop-ozone/ozonefs/target/test-dir/MiniOzoneClusterImpl-60a16074-8321-4247-8f3f-e8d2795f07f5/datanode-2/data/containers/hdds of  storage type : DISK and capacity : 1482555576320
2019-11-07 15:45:29,694 [JUnit] INFO  volume.VolumeSet (VolumeSet.java:initializeVolumeSet(170)) - Added Volume : /workdir/hadoop-ozone/ozonefs/target/test-dir/MiniOzoneClusterImpl-60a16074-8321-4247-8f3f-e8d2795f07f5/datanode-2/data/containers/hdds to VolumeSet
2019-11-07 15:45:29,695 [JUnit] INFO  volume.ThrottledAsyncChecker (ThrottledAsyncChecker.java:schedule(141)) - Scheduling a check for /workdir/hadoop-ozone/ozonefs/target/test-dir/MiniOzoneClusterImpl-60a16074-8321-4247-8f3f-e8d2795f07f5/datanode-2/data/containers/hdds
2019-11-07 15:45:29,695 [JUnit] INFO  volume.HddsVolumeChecker (HddsVolumeChecker.java:checkAllVolumes(204)) - Scheduled health check for volume /workdir/hadoop-ozone/ozonefs/target/test-dir/MiniOzoneClusterImpl-60a16074-8321-4247-8f3f-e8d2795f07f5/datanode-2/data/containers/hdds
2019-11-07 15:45:29,696 [Datanode State Machine Thread - 0] INFO  datanode.InitDatanodeState (InitDatanodeState.java:persistContainerDatanodeDetails(140)) - DatanodeDetails is persisted to /workdir/hadoop-ozone/ozonefs/target/test-dir/MiniOzoneClusterImpl-60a16074-8321-4247-8f3f-e8d2795f07f5/datanode-0/meta/datanode.id
2019-11-07 15:45:29,701 [Datanode State Machine Thread - 0] INFO  datanode.InitDatanodeState (InitDatanodeState.java:persistContainerDatanodeDetails(140)) - DatanodeDetails is persisted to /workdir/hadoop-ozone/ozonefs/target/test-dir/MiniOzoneClusterImpl-60a16074-8321-4247-8f3f-e8d2795f07f5/datanode-1/meta/datanode.id
2019-11-07 15:45:29,719 [JUnit] INFO  impl.RaftServerProxy (ConfUtils.java:logGet(43)) - raft.rpc.type = GRPC (default)
2019-11-07 15:45:29,719 [JUnit] INFO  grpc.GrpcFactory (GrpcFactory.java:checkPooledByteBufAllocatorUseCacheForAllThreads(45)) - PERFORMANCE WARNING: useCacheForAllThreads is true that may cause Netty to create a lot garbage objects and, as a result, trigger GC.
	It is recommended to disable useCacheForAllThreads by setting -Dorg.apache.ratis.thirdparty.io.netty.allocator.useCacheForAllThreads=false in command line.
2019-11-07 15:45:29,719 [JUnit] INFO  grpc.GrpcConfigKeys$Server (ConfUtils.java:logGet(43)) - raft.grpc.server.port = 0 (default)
2019-11-07 15:45:29,719 [JUnit] INFO  server.GrpcService (ConfUtils.java:logGet(43)) - raft.grpc.message.size.max = 33570816 (custom)
2019-11-07 15:45:29,720 [JUnit] INFO  server.RaftServerConfigKeys (ConfUtils.java:logGet(43)) - raft.server.log.appender.buffer.byte-limit = 33554432 (custom)
2019-11-07 15:45:29,720 [JUnit] INFO  server.GrpcService (ConfUtils.java:logGet(43)) - raft.grpc.flow.control.window = 1MB (=1048576) (default)
2019-11-07 15:45:29,720 [JUnit] INFO  server.RaftServerConfigKeys (ConfUtils.java:logGet(43)) - raft.server.rpc.request.timeout = 3000ms (default)
2019-11-07 15:45:29,721 [JUnit] INFO  server.RaftServerConfigKeys (ConfUtils.java:logGet(43)) - raft.server.storage.dir = [/workdir/hadoop-ozone/ozonefs/target/test-dir/MiniOzoneClusterImpl-60a16074-8321-4247-8f3f-e8d2795f07f5/datanode-2/data/ratis] (custom)
2019-11-07 15:45:29,723 [JUnit] INFO  hdfs.DFSUtil (DFSUtil.java:httpServerTemplateForNNAndJN(1641)) - Starting Web-server for hddsDatanode at: http://0.0.0.0:0
2019-11-07 15:45:29,725 [JUnit] INFO  server.AuthenticationFilter (AuthenticationFilter.java:constructSecretProvider(240)) - Unable to initialize FileSignerSecretProvider, falling back to use random secrets.
2019-11-07 15:45:29,725 [JUnit] WARN  http.HttpRequestLog (HttpRequestLog.java:getRequestLog(97)) - Jetty request log can only be enabled using Log4j
2019-11-07 15:45:29,727 [JUnit] INFO  http.HttpServer2 (HttpServer2.java:addGlobalFilter(975)) - Added global filter 'safety' (class=org.apache.hadoop.http.HttpServer2$QuotingInputFilter)
2019-11-07 15:45:29,728 [JUnit] INFO  http.HttpServer2 (HttpServer2.java:addFilter(948)) - Added filter static_user_filter (class=org.apache.hadoop.http.lib.StaticUserWebFilter$StaticUserFilter) to context hddsDatanode
2019-11-07 15:45:29,728 [JUnit] INFO  http.HttpServer2 (HttpServer2.java:addFilter(958)) - Added filter static_user_filter (class=org.apache.hadoop.http.lib.StaticUserWebFilter$StaticUserFilter) to context logs
2019-11-07 15:45:29,728 [JUnit] INFO  http.HttpServer2 (HttpServer2.java:addFilter(958)) - Added filter static_user_filter (class=org.apache.hadoop.http.lib.StaticUserWebFilter$StaticUserFilter) to context static
2019-11-07 15:45:29,729 [JUnit] INFO  http.HttpServer2 (HttpServer2.java:bindListener(1191)) - Jetty bound to port 39040
2019-11-07 15:45:29,729 [JUnit] INFO  server.Server (Server.java:doStart(351)) - jetty-9.3.25.v20180904, build timestamp: 2018-09-04T21:11:46Z, git hash: 3ce520221d0240229c862b122d2b06c12a625732
2019-11-07 15:45:29,731 [JUnit] INFO  handler.ContextHandler (ContextHandler.java:doStart(781)) - Started o.e.j.s.ServletContextHandler@54e2fe{/logs,file:///workdir/hadoop-ozone/ozonefs/target/log,AVAILABLE}
2019-11-07 15:45:29,732 [JUnit] INFO  handler.ContextHandler (ContextHandler.java:doStart(781)) - Started o.e.j.s.ServletContextHandler@119aa36{/static,jar:file:/home/user/.m2/repository/org/apache/hadoop/hadoop-hdds-container-service/0.5.0-SNAPSHOT/hadoop-hdds-container-service-0.5.0-SNAPSHOT.jar!/webapps/static,AVAILABLE}
2019-11-07 15:45:29,762 [JUnit] INFO  handler.ContextHandler (ContextHandler.java:doStart(781)) - Started o.e.j.w.WebAppContext@411c6d44{/,file:///tmp/jetty-0.0.0.0-39040-hddsDatanode-_-any-1383164377661566747.dir/webapp/,AVAILABLE}{/hddsDatanode}
2019-11-07 15:45:29,762 [JUnit] INFO  server.AbstractConnector (AbstractConnector.java:doStart(278)) - Started ServerConnector@1687eb01{HTTP/1.1,[http/1.1]}{0.0.0.0:39040}
2019-11-07 15:45:29,763 [JUnit] INFO  server.Server (Server.java:doStart(419)) - Started @5776ms
2019-11-07 15:45:29,764 [JUnit] WARN  impl.MetricsSystemImpl (MetricsSystemImpl.java:register(276)) - Sink prometheus already exists!
2019-11-07 15:45:29,765 [JUnit] INFO  server.BaseHttpServer (BaseHttpServer.java:updateConnectorAddress(215)) - HTTP server of HDDSDATANODE is listening at http://0.0.0.0:39040
2019-11-07 15:45:29,766 [JUnit] INFO  impl.MetricsSystemImpl (MetricsSystemImpl.java:init(158)) - HddsDatanode metrics system started (again)
2019-11-07 15:45:29,769 [org.apache.hadoop.util.JvmPauseMonitor$Monitor@123fe8bb] INFO  util.JvmPauseMonitor (JvmPauseMonitor.java:run(188)) - Starting JVM pause monitor
2019-11-07 15:45:29,769 [JUnit] INFO  ozone.HddsDatanodeService (HddsDatanodeService.java:start(183)) - HddsDatanodeService host:pr-hdds-1987-mzbkn-2610147090 ip:192.168.157.213
2019-11-07 15:45:29,773 [Datanode State Machine Thread - 0] INFO  datanode.InitDatanodeState (InitDatanodeState.java:persistContainerDatanodeDetails(140)) - DatanodeDetails is persisted to /workdir/hadoop-ozone/ozonefs/target/test-dir/MiniOzoneClusterImpl-60a16074-8321-4247-8f3f-e8d2795f07f5/datanode-2/meta/datanode.id
2019-11-07 15:45:29,778 [JUnit] INFO  volume.HddsVolume (HddsVolume.java:<init>(176)) - Creating Volume: /workdir/hadoop-ozone/ozonefs/target/test-dir/MiniOzoneClusterImpl-60a16074-8321-4247-8f3f-e8d2795f07f5/datanode-3/data/containers/hdds of  storage type : DISK and capacity : 1482555576320
2019-11-07 15:45:29,779 [JUnit] INFO  volume.VolumeSet (VolumeSet.java:initializeVolumeSet(170)) - Added Volume : /workdir/hadoop-ozone/ozonefs/target/test-dir/MiniOzoneClusterImpl-60a16074-8321-4247-8f3f-e8d2795f07f5/datanode-3/data/containers/hdds to VolumeSet
2019-11-07 15:45:29,779 [JUnit] INFO  volume.ThrottledAsyncChecker (ThrottledAsyncChecker.java:schedule(141)) - Scheduling a check for /workdir/hadoop-ozone/ozonefs/target/test-dir/MiniOzoneClusterImpl-60a16074-8321-4247-8f3f-e8d2795f07f5/datanode-3/data/containers/hdds
2019-11-07 15:45:29,779 [JUnit] INFO  volume.HddsVolumeChecker (HddsVolumeChecker.java:checkAllVolumes(204)) - Scheduled health check for volume /workdir/hadoop-ozone/ozonefs/target/test-dir/MiniOzoneClusterImpl-60a16074-8321-4247-8f3f-e8d2795f07f5/datanode-3/data/containers/hdds
2019-11-07 15:45:29,800 [JUnit] INFO  impl.RaftServerProxy (ConfUtils.java:logGet(43)) - raft.rpc.type = GRPC (default)
2019-11-07 15:45:29,800 [JUnit] INFO  grpc.GrpcFactory (GrpcFactory.java:checkPooledByteBufAllocatorUseCacheForAllThreads(45)) - PERFORMANCE WARNING: useCacheForAllThreads is true that may cause Netty to create a lot garbage objects and, as a result, trigger GC.
	It is recommended to disable useCacheForAllThreads by setting -Dorg.apache.ratis.thirdparty.io.netty.allocator.useCacheForAllThreads=false in command line.
2019-11-07 15:45:29,801 [JUnit] INFO  grpc.GrpcConfigKeys$Server (ConfUtils.java:logGet(43)) - raft.grpc.server.port = 0 (default)
2019-11-07 15:45:29,801 [JUnit] INFO  server.GrpcService (ConfUtils.java:logGet(43)) - raft.grpc.message.size.max = 33570816 (custom)
2019-11-07 15:45:29,801 [JUnit] INFO  server.RaftServerConfigKeys (ConfUtils.java:logGet(43)) - raft.server.log.appender.buffer.byte-limit = 33554432 (custom)
2019-11-07 15:45:29,801 [JUnit] INFO  server.GrpcService (ConfUtils.java:logGet(43)) - raft.grpc.flow.control.window = 1MB (=1048576) (default)
2019-11-07 15:45:29,802 [JUnit] INFO  server.RaftServerConfigKeys (ConfUtils.java:logGet(43)) - raft.server.rpc.request.timeout = 3000ms (default)
2019-11-07 15:45:29,802 [JUnit] INFO  server.RaftServerConfigKeys (ConfUtils.java:logGet(43)) - raft.server.storage.dir = [/workdir/hadoop-ozone/ozonefs/target/test-dir/MiniOzoneClusterImpl-60a16074-8321-4247-8f3f-e8d2795f07f5/datanode-3/data/ratis] (custom)
2019-11-07 15:45:29,804 [JUnit] INFO  hdfs.DFSUtil (DFSUtil.java:httpServerTemplateForNNAndJN(1641)) - Starting Web-server for hddsDatanode at: http://0.0.0.0:0
2019-11-07 15:45:29,806 [JUnit] INFO  server.AuthenticationFilter (AuthenticationFilter.java:constructSecretProvider(240)) - Unable to initialize FileSignerSecretProvider, falling back to use random secrets.
2019-11-07 15:45:29,806 [JUnit] WARN  http.HttpRequestLog (HttpRequestLog.java:getRequestLog(97)) - Jetty request log can only be enabled using Log4j
2019-11-07 15:45:29,808 [JUnit] INFO  http.HttpServer2 (HttpServer2.java:addGlobalFilter(975)) - Added global filter 'safety' (class=org.apache.hadoop.http.HttpServer2$QuotingInputFilter)
2019-11-07 15:45:29,809 [JUnit] INFO  http.HttpServer2 (HttpServer2.java:addFilter(948)) - Added filter static_user_filter (class=org.apache.hadoop.http.lib.StaticUserWebFilter$StaticUserFilter) to context hddsDatanode
2019-11-07 15:45:29,809 [JUnit] INFO  http.HttpServer2 (HttpServer2.java:addFilter(958)) - Added filter static_user_filter (class=org.apache.hadoop.http.lib.StaticUserWebFilter$StaticUserFilter) to context logs
2019-11-07 15:45:29,809 [JUnit] INFO  http.HttpServer2 (HttpServer2.java:addFilter(958)) - Added filter static_user_filter (class=org.apache.hadoop.http.lib.StaticUserWebFilter$StaticUserFilter) to context static
2019-11-07 15:45:29,810 [JUnit] INFO  http.HttpServer2 (HttpServer2.java:bindListener(1191)) - Jetty bound to port 46484
2019-11-07 15:45:29,810 [JUnit] INFO  server.Server (Server.java:doStart(351)) - jetty-9.3.25.v20180904, build timestamp: 2018-09-04T21:11:46Z, git hash: 3ce520221d0240229c862b122d2b06c12a625732
2019-11-07 15:45:29,814 [JUnit] INFO  handler.ContextHandler (ContextHandler.java:doStart(781)) - Started o.e.j.s.ServletContextHandler@2f84acf7{/logs,file:///workdir/hadoop-ozone/ozonefs/target/log,AVAILABLE}
2019-11-07 15:45:29,815 [JUnit] INFO  handler.ContextHandler (ContextHandler.java:doStart(781)) - Started o.e.j.s.ServletContextHandler@372ca2d6{/static,jar:file:/home/user/.m2/repository/org/apache/hadoop/hadoop-hdds-container-service/0.5.0-SNAPSHOT/hadoop-hdds-container-service-0.5.0-SNAPSHOT.jar!/webapps/static,AVAILABLE}
2019-11-07 15:45:29,844 [JUnit] INFO  handler.ContextHandler (ContextHandler.java:doStart(781)) - Started o.e.j.w.WebAppContext@2f5b8250{/,file:///tmp/jetty-0.0.0.0-46484-hddsDatanode-_-any-8640736345755678328.dir/webapp/,AVAILABLE}{/hddsDatanode}
2019-11-07 15:45:29,845 [JUnit] INFO  server.AbstractConnector (AbstractConnector.java:doStart(278)) - Started ServerConnector@4821aa9f{HTTP/1.1,[http/1.1]}{0.0.0.0:46484}
2019-11-07 15:45:29,845 [JUnit] INFO  server.Server (Server.java:doStart(419)) - Started @5858ms
2019-11-07 15:45:29,845 [JUnit] WARN  impl.MetricsSystemImpl (MetricsSystemImpl.java:register(276)) - Sink prometheus already exists!
2019-11-07 15:45:29,846 [JUnit] INFO  server.BaseHttpServer (BaseHttpServer.java:updateConnectorAddress(215)) - HTTP server of HDDSDATANODE is listening at http://0.0.0.0:46484
2019-11-07 15:45:29,847 [JUnit] INFO  impl.MetricsSystemImpl (MetricsSystemImpl.java:init(158)) - HddsDatanode metrics system started (again)
2019-11-07 15:45:29,850 [org.apache.hadoop.util.JvmPauseMonitor$Monitor@af63b25] INFO  util.JvmPauseMonitor (JvmPauseMonitor.java:run(188)) - Starting JVM pause monitor
2019-11-07 15:45:29,850 [JUnit] INFO  ozone.HddsDatanodeService (HddsDatanodeService.java:start(183)) - HddsDatanodeService host:pr-hdds-1987-mzbkn-2610147090 ip:192.168.157.213
2019-11-07 15:45:29,853 [Datanode State Machine Thread - 0] INFO  datanode.InitDatanodeState (InitDatanodeState.java:persistContainerDatanodeDetails(140)) - DatanodeDetails is persisted to /workdir/hadoop-ozone/ozonefs/target/test-dir/MiniOzoneClusterImpl-60a16074-8321-4247-8f3f-e8d2795f07f5/datanode-3/meta/datanode.id
2019-11-07 15:45:29,859 [JUnit] INFO  volume.HddsVolume (HddsVolume.java:<init>(176)) - Creating Volume: /workdir/hadoop-ozone/ozonefs/target/test-dir/MiniOzoneClusterImpl-60a16074-8321-4247-8f3f-e8d2795f07f5/datanode-4/data/containers/hdds of  storage type : DISK and capacity : 1482555576320
2019-11-07 15:45:29,860 [JUnit] INFO  volume.VolumeSet (VolumeSet.java:initializeVolumeSet(170)) - Added Volume : /workdir/hadoop-ozone/ozonefs/target/test-dir/MiniOzoneClusterImpl-60a16074-8321-4247-8f3f-e8d2795f07f5/datanode-4/data/containers/hdds to VolumeSet
2019-11-07 15:45:29,860 [JUnit] INFO  volume.ThrottledAsyncChecker (ThrottledAsyncChecker.java:schedule(141)) - Scheduling a check for /workdir/hadoop-ozone/ozonefs/target/test-dir/MiniOzoneClusterImpl-60a16074-8321-4247-8f3f-e8d2795f07f5/datanode-4/data/containers/hdds
2019-11-07 15:45:29,861 [JUnit] INFO  volume.HddsVolumeChecker (HddsVolumeChecker.java:checkAllVolumes(204)) - Scheduled health check for volume /workdir/hadoop-ozone/ozonefs/target/test-dir/MiniOzoneClusterImpl-60a16074-8321-4247-8f3f-e8d2795f07f5/datanode-4/data/containers/hdds
2019-11-07 15:45:29,880 [JUnit] INFO  impl.RaftServerProxy (ConfUtils.java:logGet(43)) - raft.rpc.type = GRPC (default)
2019-11-07 15:45:29,880 [JUnit] INFO  grpc.GrpcFactory (GrpcFactory.java:checkPooledByteBufAllocatorUseCacheForAllThreads(45)) - PERFORMANCE WARNING: useCacheForAllThreads is true that may cause Netty to create a lot garbage objects and, as a result, trigger GC.
	It is recommended to disable useCacheForAllThreads by setting -Dorg.apache.ratis.thirdparty.io.netty.allocator.useCacheForAllThreads=false in command line.
2019-11-07 15:45:29,880 [JUnit] INFO  grpc.GrpcConfigKeys$Server (ConfUtils.java:logGet(43)) - raft.grpc.server.port = 0 (default)
2019-11-07 15:45:29,881 [JUnit] INFO  server.GrpcService (ConfUtils.java:logGet(43)) - raft.grpc.message.size.max = 33570816 (custom)
2019-11-07 15:45:29,881 [JUnit] INFO  server.RaftServerConfigKeys (ConfUtils.java:logGet(43)) - raft.server.log.appender.buffer.byte-limit = 33554432 (custom)
2019-11-07 15:45:29,881 [JUnit] INFO  server.GrpcService (ConfUtils.java:logGet(43)) - raft.grpc.flow.control.window = 1MB (=1048576) (default)
2019-11-07 15:45:29,881 [JUnit] INFO  server.RaftServerConfigKeys (ConfUtils.java:logGet(43)) - raft.server.rpc.request.timeout = 3000ms (default)
2019-11-07 15:45:29,882 [JUnit] INFO  server.RaftServerConfigKeys (ConfUtils.java:logGet(43)) - raft.server.storage.dir = [/workdir/hadoop-ozone/ozonefs/target/test-dir/MiniOzoneClusterImpl-60a16074-8321-4247-8f3f-e8d2795f07f5/datanode-4/data/ratis] (custom)
2019-11-07 15:45:29,883 [JUnit] INFO  hdfs.DFSUtil (DFSUtil.java:httpServerTemplateForNNAndJN(1641)) - Starting Web-server for hddsDatanode at: http://0.0.0.0:0
2019-11-07 15:45:29,885 [JUnit] INFO  server.AuthenticationFilter (AuthenticationFilter.java:constructSecretProvider(240)) - Unable to initialize FileSignerSecretProvider, falling back to use random secrets.
2019-11-07 15:45:29,886 [JUnit] WARN  http.HttpRequestLog (HttpRequestLog.java:getRequestLog(97)) - Jetty request log can only be enabled using Log4j
2019-11-07 15:45:29,888 [JUnit] INFO  http.HttpServer2 (HttpServer2.java:addGlobalFilter(975)) - Added global filter 'safety' (class=org.apache.hadoop.http.HttpServer2$QuotingInputFilter)
2019-11-07 15:45:29,889 [JUnit] INFO  http.HttpServer2 (HttpServer2.java:addFilter(948)) - Added filter static_user_filter (class=org.apache.hadoop.http.lib.StaticUserWebFilter$StaticUserFilter) to context hddsDatanode
2019-11-07 15:45:29,890 [JUnit] INFO  http.HttpServer2 (HttpServer2.java:addFilter(958)) - Added filter static_user_filter (class=org.apache.hadoop.http.lib.StaticUserWebFilter$StaticUserFilter) to context static
2019-11-07 15:45:29,890 [JUnit] INFO  http.HttpServer2 (HttpServer2.java:addFilter(958)) - Added filter static_user_filter (class=org.apache.hadoop.http.lib.StaticUserWebFilter$StaticUserFilter) to context logs
2019-11-07 15:45:29,891 [JUnit] INFO  http.HttpServer2 (HttpServer2.java:bindListener(1191)) - Jetty bound to port 45345
2019-11-07 15:45:29,891 [JUnit] INFO  server.Server (Server.java:doStart(351)) - jetty-9.3.25.v20180904, build timestamp: 2018-09-04T21:11:46Z, git hash: 3ce520221d0240229c862b122d2b06c12a625732
2019-11-07 15:45:29,893 [JUnit] INFO  handler.ContextHandler (ContextHandler.java:doStart(781)) - Started o.e.j.s.ServletContextHandler@3d7fb838{/logs,file:///workdir/hadoop-ozone/ozonefs/target/log,AVAILABLE}
2019-11-07 15:45:29,893 [JUnit] INFO  handler.ContextHandler (ContextHandler.java:doStart(781)) - Started o.e.j.s.ServletContextHandler@3a37a501{/static,jar:file:/home/user/.m2/repository/org/apache/hadoop/hadoop-hdds-container-service/0.5.0-SNAPSHOT/hadoop-hdds-container-service-0.5.0-SNAPSHOT.jar!/webapps/static,AVAILABLE}
2019-11-07 15:45:29,924 [JUnit] INFO  handler.ContextHandler (ContextHandler.java:doStart(781)) - Started o.e.j.w.WebAppContext@38b8b6c0{/,file:///tmp/jetty-0.0.0.0-45345-hddsDatanode-_-any-7893571318344505554.dir/webapp/,AVAILABLE}{/hddsDatanode}
2019-11-07 15:45:29,926 [JUnit] INFO  server.AbstractConnector (AbstractConnector.java:doStart(278)) - Started ServerConnector@68868328{HTTP/1.1,[http/1.1]}{0.0.0.0:45345}
2019-11-07 15:45:29,926 [JUnit] INFO  server.Server (Server.java:doStart(419)) - Started @5938ms
2019-11-07 15:45:29,926 [JUnit] WARN  impl.MetricsSystemImpl (MetricsSystemImpl.java:register(276)) - Sink prometheus already exists!
2019-11-07 15:45:29,927 [JUnit] INFO  server.BaseHttpServer (BaseHttpServer.java:updateConnectorAddress(215)) - HTTP server of HDDSDATANODE is listening at http://0.0.0.0:45345
2019-11-07 15:45:29,929 [JUnit] INFO  ozone.MiniOzoneClusterImpl (MiniOzoneClusterImpl.java:lambda$waitForClusterToBeReady$0(147)) - Waiting for cluster to be ready. Got 0 of 5 DN Heartbeats.
2019-11-07 15:45:29,930 [org.apache.hadoop.util.JvmPauseMonitor$Monitor@3edfda83] INFO  util.JvmPauseMonitor (JvmPauseMonitor.java:run(188)) - Starting JVM pause monitor
2019-11-07 15:45:29,933 [Datanode State Machine Thread - 0] INFO  datanode.InitDatanodeState (InitDatanodeState.java:persistContainerDatanodeDetails(140)) - DatanodeDetails is persisted to /workdir/hadoop-ozone/ozonefs/target/test-dir/MiniOzoneClusterImpl-60a16074-8321-4247-8f3f-e8d2795f07f5/datanode-4/meta/datanode.id
2019-11-07 15:45:30,929 [JUnit] INFO  ozone.MiniOzoneClusterImpl (MiniOzoneClusterImpl.java:lambda$waitForClusterToBeReady$0(147)) - Waiting for cluster to be ready. Got 0 of 5 DN Heartbeats.
2019-11-07 15:45:31,691 [Datanode State Machine Thread - 0] INFO  ozoneimpl.OzoneContainer (OzoneContainer.java:start(213)) - Attempting to start container services.
2019-11-07 15:45:31,694 [Datanode State Machine Thread - 0] INFO  ozoneimpl.OzoneContainer (OzoneContainer.java:startContainerScrub(177)) - Background container scanner has been disabled.
2019-11-07 15:45:31,694 [Datanode State Machine Thread - 0] INFO  ratis.XceiverServerRatis (XceiverServerRatis.java:start(418)) - Starting XceiverServerRatis 3460842f-6799-42e6-977c-19ee6a54bb14 at port 0
2019-11-07 15:45:31,713 [Datanode State Machine Thread - 0] INFO  ozoneimpl.OzoneContainer (OzoneContainer.java:start(213)) - Attempting to start container services.
2019-11-07 15:45:31,719 [Datanode State Machine Thread - 0] INFO  ozoneimpl.OzoneContainer (OzoneContainer.java:startContainerScrub(177)) - Background container scanner has been disabled.
2019-11-07 15:45:31,720 [Datanode State Machine Thread - 0] INFO  ratis.XceiverServerRatis (XceiverServerRatis.java:start(418)) - Starting XceiverServerRatis 3581d420-ee34-4463-b1cb-1c13b1b72182 at port 0
2019-11-07 15:45:31,723 [Datanode State Machine Thread - 0] INFO  impl.RaftServerProxy (RaftServerProxy.java:lambda$start$3(299)) - 3460842f-6799-42e6-977c-19ee6a54bb14: start RPC server
2019-11-07 15:45:31,730 [Datanode State Machine Thread - 0] INFO  impl.RaftServerProxy (RaftServerProxy.java:lambda$start$3(299)) - 3581d420-ee34-4463-b1cb-1c13b1b72182: start RPC server
2019-11-07 15:45:31,795 [Datanode State Machine Thread - 0] INFO  ozoneimpl.OzoneContainer (OzoneContainer.java:start(213)) - Attempting to start container services.
2019-11-07 15:45:31,797 [Datanode State Machine Thread - 0] INFO  ozoneimpl.OzoneContainer (OzoneContainer.java:startContainerScrub(177)) - Background container scanner has been disabled.
2019-11-07 15:45:31,797 [Datanode State Machine Thread - 0] INFO  ratis.XceiverServerRatis (XceiverServerRatis.java:start(418)) - Starting XceiverServerRatis d9bd29a5-fa37-48cf-b614-76320e0dbb35 at port 0
2019-11-07 15:45:31,808 [Datanode State Machine Thread - 0] INFO  impl.RaftServerProxy (RaftServerProxy.java:lambda$start$3(299)) - d9bd29a5-fa37-48cf-b614-76320e0dbb35: start RPC server
2019-11-07 15:45:31,878 [Datanode State Machine Thread - 0] INFO  ozoneimpl.OzoneContainer (OzoneContainer.java:start(213)) - Attempting to start container services.
2019-11-07 15:45:31,880 [Datanode State Machine Thread - 0] INFO  ozoneimpl.OzoneContainer (OzoneContainer.java:startContainerScrub(177)) - Background container scanner has been disabled.
2019-11-07 15:45:31,880 [Datanode State Machine Thread - 0] INFO  ratis.XceiverServerRatis (XceiverServerRatis.java:start(418)) - Starting XceiverServerRatis 23009ee2-9021-4988-ae90-668230c647fc at port 0
2019-11-07 15:45:31,896 [Datanode State Machine Thread - 0] INFO  impl.RaftServerProxy (RaftServerProxy.java:lambda$start$3(299)) - 23009ee2-9021-4988-ae90-668230c647fc: start RPC server
2019-11-07 15:45:31,900 [Datanode State Machine Thread - 0] INFO  server.GrpcService (GrpcService.java:startImpl(158)) - 23009ee2-9021-4988-ae90-668230c647fc: GrpcService started, listening on 0.0.0.0/0.0.0.0:34050
2019-11-07 15:45:31,900 [Datanode State Machine Thread - 0] INFO  server.GrpcService (GrpcService.java:startImpl(158)) - d9bd29a5-fa37-48cf-b614-76320e0dbb35: GrpcService started, listening on 0.0.0.0/0.0.0.0:38088
2019-11-07 15:45:31,900 [Datanode State Machine Thread - 0] INFO  server.GrpcService (GrpcService.java:startImpl(158)) - 3581d420-ee34-4463-b1cb-1c13b1b72182: GrpcService started, listening on 0.0.0.0/0.0.0.0:38578
2019-11-07 15:45:31,900 [Datanode State Machine Thread - 0] INFO  server.GrpcService (GrpcService.java:startImpl(158)) - 3460842f-6799-42e6-977c-19ee6a54bb14: GrpcService started, listening on 0.0.0.0/0.0.0.0:36473
2019-11-07 15:45:31,902 [Datanode State Machine Thread - 0] INFO  ratis.XceiverServerRatis (XceiverServerRatis.java:start(428)) - XceiverServerRatis 3581d420-ee34-4463-b1cb-1c13b1b72182 is started using port 38578
2019-11-07 15:45:31,901 [Datanode State Machine Thread - 0] INFO  ratis.XceiverServerRatis (XceiverServerRatis.java:start(428)) - XceiverServerRatis d9bd29a5-fa37-48cf-b614-76320e0dbb35 is started using port 38088
2019-11-07 15:45:31,901 [Datanode State Machine Thread - 0] INFO  ratis.XceiverServerRatis (XceiverServerRatis.java:start(428)) - XceiverServerRatis 23009ee2-9021-4988-ae90-668230c647fc is started using port 34050
2019-11-07 15:45:31,902 [Datanode State Machine Thread - 0] INFO  ratis.XceiverServerRatis (XceiverServerRatis.java:start(428)) - XceiverServerRatis 3460842f-6799-42e6-977c-19ee6a54bb14 is started using port 36473
2019-11-07 15:45:31,913 [Datanode State Machine Thread - 0] INFO  server.XceiverServerGrpc (XceiverServerGrpc.java:start(149)) - XceiverServerGrpc 3460842f-6799-42e6-977c-19ee6a54bb14 is started using port 36335
2019-11-07 15:45:31,914 [Datanode State Machine Thread - 0] INFO  server.XceiverServerGrpc (XceiverServerGrpc.java:start(149)) - XceiverServerGrpc d9bd29a5-fa37-48cf-b614-76320e0dbb35 is started using port 36419
2019-11-07 15:45:31,914 [Datanode State Machine Thread - 0] INFO  server.XceiverServerGrpc (XceiverServerGrpc.java:start(149)) - XceiverServerGrpc 23009ee2-9021-4988-ae90-668230c647fc is started using port 42543
2019-11-07 15:45:31,913 [Datanode State Machine Thread - 0] INFO  server.XceiverServerGrpc (XceiverServerGrpc.java:start(149)) - XceiverServerGrpc 3581d420-ee34-4463-b1cb-1c13b1b72182 is started using port 33773
2019-11-07 15:45:31,930 [JUnit] INFO  ozone.MiniOzoneClusterImpl (MiniOzoneClusterImpl.java:lambda$waitForClusterToBeReady$0(147)) - Waiting for cluster to be ready. Got 0 of 5 DN Heartbeats.
2019-11-07 15:45:31,946 [Datanode State Machine Thread - 0] INFO  ozoneimpl.OzoneContainer (OzoneContainer.java:start(213)) - Attempting to start container services.
2019-11-07 15:45:31,949 [Datanode State Machine Thread - 0] INFO  ozoneimpl.OzoneContainer (OzoneContainer.java:startContainerScrub(177)) - Background container scanner has been disabled.
2019-11-07 15:45:31,949 [Datanode State Machine Thread - 0] INFO  ratis.XceiverServerRatis (XceiverServerRatis.java:start(418)) - Starting XceiverServerRatis 67d3b5a8-a443-4ceb-9f15-0e42c4e44235 at port 0
2019-11-07 15:45:31,959 [Datanode State Machine Thread - 0] INFO  impl.RaftServerProxy (RaftServerProxy.java:lambda$start$3(299)) - 67d3b5a8-a443-4ceb-9f15-0e42c4e44235: start RPC server
2019-11-07 15:45:31,962 [Datanode State Machine Thread - 0] INFO  server.GrpcService (GrpcService.java:startImpl(158)) - 67d3b5a8-a443-4ceb-9f15-0e42c4e44235: GrpcService started, listening on 0.0.0.0/0.0.0.0:39307
2019-11-07 15:45:31,962 [Datanode State Machine Thread - 0] INFO  ratis.XceiverServerRatis (XceiverServerRatis.java:start(428)) - XceiverServerRatis 67d3b5a8-a443-4ceb-9f15-0e42c4e44235 is started using port 39307
2019-11-07 15:45:31,964 [Datanode State Machine Thread - 0] INFO  server.XceiverServerGrpc (XceiverServerGrpc.java:start(149)) - XceiverServerGrpc 67d3b5a8-a443-4ceb-9f15-0e42c4e44235 is started using port 40174
2019-11-07 15:45:32,930 [JUnit] INFO  ozone.MiniOzoneClusterImpl (MiniOzoneClusterImpl.java:lambda$waitForClusterToBeReady$0(147)) - Waiting for cluster to be ready. Got 0 of 5 DN Heartbeats.
2019-11-07 15:45:33,632 [IPC Server handler 0 on 39580] INFO  net.NetworkTopology (NetworkTopologyImpl.java:add(111)) - Added a new node: /default-rack/3460842f-6799-42e6-977c-19ee6a54bb14
2019-11-07 15:45:33,632 [IPC Server handler 0 on 39580] INFO  node.SCMNodeManager (SCMNodeManager.java:register(267)) - Registered Data node : 3460842f-6799-42e6-977c-19ee6a54bb14{ip: 192.168.157.213, host: pr-hdds-1987-mzbkn-2610147090, networkLocation: /default-rack, certSerialId: null}
2019-11-07 15:45:33,636 [EventQueue-NodeRegistrationContainerReportForDataNodeSafeModeRule] INFO  safemode.SCMSafeModeManager (DataNodeSafeModeRule.java:process(71)) - SCM in safe mode. 1 DataNodes registered, 1 required.
2019-11-07 15:45:33,636 [EventQueue-NodeRegistrationContainerReportForDataNodeSafeModeRule] INFO  safemode.SCMSafeModeManager (SCMSafeModeManager.java:validateSafeModeExitRules(177)) - ScmSafeModeManager, all rules are successfully validated
2019-11-07 15:45:33,636 [EventQueue-NodeRegistrationContainerReportForDataNodeSafeModeRule] INFO  safemode.SCMSafeModeManager (SCMSafeModeManager.java:exitSafeMode(193)) - SCM exiting safe mode.
2019-11-07 15:45:33,687 [IPC Server handler 1 on 39580] INFO  net.NetworkTopology (NetworkTopologyImpl.java:add(111)) - Added a new node: /default-rack/3581d420-ee34-4463-b1cb-1c13b1b72182
2019-11-07 15:45:33,687 [IPC Server handler 1 on 39580] INFO  node.SCMNodeManager (SCMNodeManager.java:register(267)) - Registered Data node : 3581d420-ee34-4463-b1cb-1c13b1b72182{ip: 192.168.157.213, host: pr-hdds-1987-mzbkn-2610147090, networkLocation: /default-rack, certSerialId: null}
2019-11-07 15:45:33,771 [IPC Server handler 2 on 39580] INFO  net.NetworkTopology (NetworkTopologyImpl.java:add(111)) - Added a new node: /default-rack/d9bd29a5-fa37-48cf-b614-76320e0dbb35
2019-11-07 15:45:33,772 [IPC Server handler 2 on 39580] INFO  node.SCMNodeManager (SCMNodeManager.java:register(267)) - Registered Data node : d9bd29a5-fa37-48cf-b614-76320e0dbb35{ip: 192.168.157.213, host: pr-hdds-1987-mzbkn-2610147090, networkLocation: /default-rack, certSerialId: null}
2019-11-07 15:45:33,854 [IPC Server handler 4 on 39580] INFO  net.NetworkTopology (NetworkTopologyImpl.java:add(111)) - Added a new node: /default-rack/23009ee2-9021-4988-ae90-668230c647fc
2019-11-07 15:45:33,854 [IPC Server handler 4 on 39580] INFO  node.SCMNodeManager (SCMNodeManager.java:register(267)) - Registered Data node : 23009ee2-9021-4988-ae90-668230c647fc{ip: 192.168.157.213, host: pr-hdds-1987-mzbkn-2610147090, networkLocation: /default-rack, certSerialId: null}
2019-11-07 15:45:33,931 [JUnit] INFO  ozone.MiniOzoneClusterImpl (MiniOzoneClusterImpl.java:lambda$waitForClusterToBeReady$0(147)) - Waiting for cluster to be ready. Got 4 of 5 DN Heartbeats.
2019-11-07 15:45:33,941 [IPC Server handler 5 on 39580] INFO  net.NetworkTopology (NetworkTopologyImpl.java:add(111)) - Added a new node: /default-rack/67d3b5a8-a443-4ceb-9f15-0e42c4e44235
2019-11-07 15:45:33,942 [IPC Server handler 5 on 39580] INFO  node.SCMNodeManager (SCMNodeManager.java:register(267)) - Registered Data node : 67d3b5a8-a443-4ceb-9f15-0e42c4e44235{ip: 192.168.157.213, host: pr-hdds-1987-mzbkn-2610147090, networkLocation: /default-rack, certSerialId: null}
2019-11-07 15:45:34,239 [grpc-default-executor-0] INFO  impl.RaftServerProxy (RaftServerProxy.java:addNew(89)) - 3460842f-6799-42e6-977c-19ee6a54bb14: addNew group-3CC2E4E5AD7E:[3460842f-6799-42e6-977c-19ee6a54bb14:192.168.157.213:36473] returns group-3CC2E4E5AD7E:java.util.concurrent.CompletableFuture@4ea773eb[Not completed]
2019-11-07 15:45:34,260 [pool-27-thread-1] INFO  impl.RaftServerImpl (RaftServerImpl.java:<init>(98)) - 3460842f-6799-42e6-977c-19ee6a54bb14: new RaftServerImpl for group-3CC2E4E5AD7E:[3460842f-6799-42e6-977c-19ee6a54bb14:192.168.157.213:36473] with ContainerStateMachine:uninitialized
2019-11-07 15:45:34,263 [pool-27-thread-1] INFO  server.RaftServerConfigKeys (ConfUtils.java:logGet(43)) - raft.server.rpc.timeout.min = 5s (custom)
2019-11-07 15:45:34,264 [pool-27-thread-1] INFO  server.RaftServerConfigKeys (ConfUtils.java:logGet(43)) - raft.server.rpc.timeout.max = 5200ms (custom)
2019-11-07 15:45:34,264 [pool-27-thread-1] INFO  server.RaftServerConfigKeys (ConfUtils.java:logGet(43)) - raft.server.rpcslowness.timeout = 120s (custom)
2019-11-07 15:45:34,265 [pool-27-thread-1] INFO  server.RaftServerConfigKeys (ConfUtils.java:logGet(43)) - raft.server.sleep.deviation.threshold = 300 (default)
2019-11-07 15:45:34,266 [pool-27-thread-1] INFO  server.RaftServerConfigKeys (ConfUtils.java:logGet(43)) - raft.server.log.appender.install.snapshot.enabled = false (custom)
2019-11-07 15:45:34,277 [pool-27-thread-1] INFO  impl.RaftServerImpl (ServerState.java:<init>(103)) - 3460842f-6799-42e6-977c-19ee6a54bb14@group-3CC2E4E5AD7E: ConfigurationManager, init=-1: [3460842f-6799-42e6-977c-19ee6a54bb14:192.168.157.213:36473], old=null, confs=<EMPTY_MAP>
2019-11-07 15:45:34,277 [pool-27-thread-1] INFO  server.RaftServerConfigKeys (ConfUtils.java:logGet(43)) - raft.server.storage.dir = [/workdir/hadoop-ozone/ozonefs/target/test-dir/MiniOzoneClusterImpl-60a16074-8321-4247-8f3f-e8d2795f07f5/datanode-0/data/ratis] (custom)
2019-11-07 15:45:34,285 [pool-27-thread-1] INFO  server.RaftServerConfigKeys (ConfUtils.java:logGet(43)) - raft.server.log.corruption.policy = EXCEPTION (default)
2019-11-07 15:45:34,287 [pool-27-thread-1] INFO  storage.RaftStorageDirectory (RaftStorageDirectory.java:analyzeStorage(246)) - The storage directory /workdir/hadoop-ozone/ozonefs/target/test-dir/MiniOzoneClusterImpl-60a16074-8321-4247-8f3f-e8d2795f07f5/datanode-0/data/ratis/ee4857f7-dc49-413b-b705-3cc2e4e5ad7e does not exist. Creating ...
2019-11-07 15:45:34,306 [pool-27-thread-1] INFO  storage.RaftStorageDirectory (RaftStorageDirectory.java:tryLock(328)) - Lock on /workdir/hadoop-ozone/ozonefs/target/test-dir/MiniOzoneClusterImpl-60a16074-8321-4247-8f3f-e8d2795f07f5/datanode-0/data/ratis/ee4857f7-dc49-413b-b705-3cc2e4e5ad7e/in_use.lock acquired by nodename 9615@pr-hdds-1987-mzbkn-2610147090
2019-11-07 15:45:34,321 [pool-27-thread-1] INFO  storage.RaftStorage (RaftStorage.java:format(84)) - Storage directory /workdir/hadoop-ozone/ozonefs/target/test-dir/MiniOzoneClusterImpl-60a16074-8321-4247-8f3f-e8d2795f07f5/datanode-0/data/ratis/ee4857f7-dc49-413b-b705-3cc2e4e5ad7e has been successfully formatted.
2019-11-07 15:45:34,323 [pool-27-thread-1] INFO  ratis.ContainerStateMachine (ContainerStateMachine.java:loadSnapshot(231)) - group-3CC2E4E5AD7E: The snapshot info is null. Setting the last applied indexto:(t:0, i:~)
2019-11-07 15:45:34,324 [pool-27-thread-1] INFO  server.RaftServerConfigKeys (ConfUtils.java:logGet(43)) - raft.server.notification.no-leader.timeout = 120s (custom)
2019-11-07 15:45:34,326 [pool-27-thread-1] INFO  server.RaftServerConfigKeys (ConfUtils.java:logGet(43)) - raft.server.log.use.memory = false (default)
2019-11-07 15:45:34,333 [pool-27-thread-1] INFO  server.RaftServerConfigKeys (ConfUtils.java:logGet(43)) - raft.server.log.purge.gap = 1000000 (custom)
2019-11-07 15:45:34,333 [pool-27-thread-1] INFO  server.RaftServerConfigKeys (ConfUtils.java:logGet(43)) - raft.server.log.appender.buffer.byte-limit = 33554432 (custom)
2019-11-07 15:45:34,336 [pool-27-thread-1] INFO  server.RaftServerConfigKeys (ConfUtils.java:logGet(43)) - raft.server.log.segment.size.max = 1048576 (custom)
2019-11-07 15:45:34,342 [pool-27-thread-1] INFO  metrics.MetricRegistries (MetricRegistriesLoader.java:load(64)) - Loaded MetricRegistries class org.apache.ratis.metrics.impl.MetricRegistriesImpl
2019-11-07 15:45:34,347 [pool-27-thread-1] WARN  impl.MetricRegistriesImpl (MetricRegistriesImpl.java:lambda$create$1(61)) - First MetricRegistry has been created without registering reporters. You may need to call MetricRegistries.global().addReportRegistration(...) before.
2019-11-07 15:45:34,355 [pool-27-thread-1] INFO  server.RaftServerConfigKeys (ConfUtils.java:logGet(43)) - raft.server.log.segment.cache.num.max = 2 (custom)
2019-11-07 15:45:34,362 [pool-27-thread-1] INFO  segmented.SegmentedRaftLogWorker (SegmentedRaftLogWorker.java:<init>(173)) - new 3460842f-6799-42e6-977c-19ee6a54bb14@group-3CC2E4E5AD7E-SegmentedRaftLogWorker for RaftStorage:Storage Directory /workdir/hadoop-ozone/ozonefs/target/test-dir/MiniOzoneClusterImpl-60a16074-8321-4247-8f3f-e8d2795f07f5/datanode-0/data/ratis/ee4857f7-dc49-413b-b705-3cc2e4e5ad7e
2019-11-07 15:45:34,363 [pool-27-thread-1] INFO  server.RaftServerConfigKeys (ConfUtils.java:logGet(43)) - raft.server.log.queue.byte-limit = 2147483647 (custom)
2019-11-07 15:45:34,363 [pool-27-thread-1] INFO  server.RaftServerConfigKeys (ConfUtils.java:logGet(43)) - raft.server.log.queue.element-limit = 1024 (custom)
2019-11-07 15:45:34,364 [pool-27-thread-1] INFO  server.RaftServerConfigKeys (ConfUtils.java:logGet(43)) - raft.server.log.segment.size.max = 1048576 (custom)
2019-11-07 15:45:34,365 [pool-27-thread-1] INFO  server.RaftServerConfigKeys (ConfUtils.java:logGet(43)) - raft.server.log.preallocated.size = 16384 (custom)
2019-11-07 15:45:34,365 [pool-27-thread-1] INFO  server.RaftServerConfigKeys (ConfUtils.java:logGet(43)) - raft.server.log.write.buffer.size = 33554432 (custom)
2019-11-07 15:45:34,366 [pool-27-thread-1] INFO  server.RaftServerConfigKeys (ConfUtils.java:logGet(43)) - raft.server.log.force.sync.num = 128 (default)
2019-11-07 15:45:34,368 [pool-27-thread-1] INFO  server.RaftServerConfigKeys (ConfUtils.java:logGet(43)) - raft.server.log.statemachine.data.sync = true (default)
2019-11-07 15:45:34,368 [pool-27-thread-1] INFO  server.RaftServerConfigKeys (ConfUtils.java:logGet(43)) - raft.server.log.statemachine.data.sync.timeout = 10s (default)
2019-11-07 15:45:34,368 [pool-27-thread-1] INFO  server.RaftServerConfigKeys (ConfUtils.java:logGet(43)) - raft.server.log.statemachine.data.sync.timeout.retry = -1 (default)
2019-11-07 15:45:34,381 [pool-27-thread-1] INFO  server.RaftServerConfigKeys (ConfUtils.java:logGet(43)) - raft.server.log.statemachine.data.caching.enabled = true (custom)
2019-11-07 15:45:34,386 [pool-27-thread-1] INFO  segmented.SegmentedRaftLogWorker (SegmentedRaftLogWorker.java:lambda$new$0(128)) - 3460842f-6799-42e6-977c-19ee6a54bb14@group-3CC2E4E5AD7E-SegmentedRaftLogWorker: flushIndex: setUnconditionally 0 -> -1
2019-11-07 15:45:34,391 [pool-27-thread-1] INFO  server.RaftServerConfigKeys (ConfUtils.java:logGet(43)) - raft.server.snapshot.auto.trigger.enabled = true (custom)
2019-11-07 15:45:34,392 [pool-27-thread-1] INFO  server.RaftServerConfigKeys (ConfUtils.java:logGet(43)) - raft.server.snapshot.auto.trigger.threshold = 10000 (custom)
2019-11-07 15:45:34,392 [pool-27-thread-1] INFO  server.RaftServerConfigKeys (ConfUtils.java:logGet(43)) - raft.server.snapshot.retention.file.num = 5 (custom)
2019-11-07 15:45:34,393 [pool-27-thread-1] INFO  server.RaftServerConfigKeys (ConfUtils.java:logGet(43)) - raft.server.retrycache.expirytime = 600000ms (custom)
2019-11-07 15:45:34,416 [pool-27-thread-1] WARN  impl.MetricRegistriesImpl (MetricRegistriesImpl.java:lambda$create$1(61)) - First MetricRegistry has been created without registering reporters. You may need to call MetricRegistries.global().addReportRegistration(...) before.
2019-11-07 15:45:34,418 [pool-27-thread-1] WARN  impl.MetricRegistriesImpl (MetricRegistriesImpl.java:lambda$create$1(61)) - First MetricRegistry has been created without registering reporters. You may need to call MetricRegistries.global().addReportRegistration(...) before.
2019-11-07 15:45:34,419 [pool-27-thread-1] INFO  impl.RaftServerImpl (RaftServerImpl.java:start(184)) - 3460842f-6799-42e6-977c-19ee6a54bb14@group-3CC2E4E5AD7E: start as a follower, conf=-1: [3460842f-6799-42e6-977c-19ee6a54bb14:192.168.157.213:36473], old=null
2019-11-07 15:45:34,420 [pool-27-thread-1] INFO  impl.RaftServerImpl (RaftServerImpl.java:setRole(173)) - 3460842f-6799-42e6-977c-19ee6a54bb14@group-3CC2E4E5AD7E: changes role from      null to FOLLOWER at term 0 for startAsFollower
2019-11-07 15:45:34,422 [pool-27-thread-1] INFO  impl.RoleInfo (RoleInfo.java:updateAndGet(143)) - 3460842f-6799-42e6-977c-19ee6a54bb14: start FollowerState
2019-11-07 15:45:34,423 [pool-27-thread-1] INFO  util.JmxRegister (JmxRegister.java:tryRegister(44)) - Successfully registered JMX Bean with object name Ratis:service=RaftServer,group=group-3CC2E4E5AD7E,id=3460842f-6799-42e6-977c-19ee6a54bb14
2019-11-07 15:45:34,425 [pool-27-thread-1] WARN  impl.MetricRegistriesImpl (MetricRegistriesImpl.java:lambda$create$1(61)) - First MetricRegistry has been created without registering reporters. You may need to call MetricRegistries.global().addReportRegistration(...) before.
2019-11-07 15:45:34,506 [RatisPipelineUtilsThread] INFO  pipeline.PipelineStateManager (PipelineStateManager.java:addPipeline(56)) - Created pipeline Pipeline[ Id: ee4857f7-dc49-413b-b705-3cc2e4e5ad7e, Nodes: 3460842f-6799-42e6-977c-19ee6a54bb14{ip: 192.168.157.213, host: pr-hdds-1987-mzbkn-2610147090, networkLocation: /default-rack, certSerialId: null}, Type:RATIS, Factor:ONE, State:OPEN]
2019-11-07 15:45:34,527 [grpc-default-executor-0] INFO  impl.RaftServerProxy (RaftServerProxy.java:addNew(89)) - 23009ee2-9021-4988-ae90-668230c647fc: addNew group-0DFC761D5F8C:[23009ee2-9021-4988-ae90-668230c647fc:192.168.157.213:34050] returns group-0DFC761D5F8C:java.util.concurrent.CompletableFuture@1dfd227c[Not completed]
2019-11-07 15:45:34,570 [pool-57-thread-1] INFO  impl.RaftServerImpl (RaftServerImpl.java:<init>(98)) - 23009ee2-9021-4988-ae90-668230c647fc: new RaftServerImpl for group-0DFC761D5F8C:[23009ee2-9021-4988-ae90-668230c647fc:192.168.157.213:34050] with ContainerStateMachine:uninitialized
2019-11-07 15:45:34,571 [pool-57-thread-1] INFO  server.RaftServerConfigKeys (ConfUtils.java:logGet(43)) - raft.server.rpc.timeout.min = 5s (custom)
2019-11-07 15:45:34,572 [pool-57-thread-1] INFO  server.RaftServerConfigKeys (ConfUtils.java:logGet(43)) - raft.server.rpc.timeout.max = 5200ms (custom)
2019-11-07 15:45:34,572 [pool-57-thread-1] INFO  server.RaftServerConfigKeys (ConfUtils.java:logGet(43)) - raft.server.rpcslowness.timeout = 120s (custom)
2019-11-07 15:45:34,572 [pool-57-thread-1] INFO  server.RaftServerConfigKeys (ConfUtils.java:logGet(43)) - raft.server.sleep.deviation.threshold = 300 (default)
2019-11-07 15:45:34,572 [pool-57-thread-1] INFO  server.RaftServerConfigKeys (ConfUtils.java:logGet(43)) - raft.server.log.appender.install.snapshot.enabled = false (custom)
2019-11-07 15:45:34,572 [pool-57-thread-1] INFO  impl.RaftServerImpl (ServerState.java:<init>(103)) - 23009ee2-9021-4988-ae90-668230c647fc@group-0DFC761D5F8C: ConfigurationManager, init=-1: [23009ee2-9021-4988-ae90-668230c647fc:192.168.157.213:34050], old=null, confs=<EMPTY_MAP>
2019-11-07 15:45:34,573 [pool-57-thread-1] INFO  server.RaftServerConfigKeys (ConfUtils.java:logGet(43)) - raft.server.storage.dir = [/workdir/hadoop-ozone/ozonefs/target/test-dir/MiniOzoneClusterImpl-60a16074-8321-4247-8f3f-e8d2795f07f5/datanode-3/data/ratis] (custom)
2019-11-07 15:45:34,573 [pool-57-thread-1] INFO  server.RaftServerConfigKeys (ConfUtils.java:logGet(43)) - raft.server.log.corruption.policy = EXCEPTION (default)
2019-11-07 15:45:34,573 [pool-57-thread-1] INFO  storage.RaftStorageDirectory (RaftStorageDirectory.java:analyzeStorage(246)) - The storage directory /workdir/hadoop-ozone/ozonefs/target/test-dir/MiniOzoneClusterImpl-60a16074-8321-4247-8f3f-e8d2795f07f5/datanode-3/data/ratis/cbc00e3f-d955-42ca-b2e4-0dfc761d5f8c does not exist. Creating ...
2019-11-07 15:45:34,591 [pool-57-thread-1] INFO  storage.RaftStorageDirectory (RaftStorageDirectory.java:tryLock(328)) - Lock on /workdir/hadoop-ozone/ozonefs/target/test-dir/MiniOzoneClusterImpl-60a16074-8321-4247-8f3f-e8d2795f07f5/datanode-3/data/ratis/cbc00e3f-d955-42ca-b2e4-0dfc761d5f8c/in_use.lock acquired by nodename 9615@pr-hdds-1987-mzbkn-2610147090
2019-11-07 15:45:34,603 [pool-57-thread-1] INFO  storage.RaftStorage (RaftStorage.java:format(84)) - Storage directory /workdir/hadoop-ozone/ozonefs/target/test-dir/MiniOzoneClusterImpl-60a16074-8321-4247-8f3f-e8d2795f07f5/datanode-3/data/ratis/cbc00e3f-d955-42ca-b2e4-0dfc761d5f8c has been successfully formatted.
2019-11-07 15:45:34,605 [pool-57-thread-1] INFO  ratis.ContainerStateMachine (ContainerStateMachine.java:loadSnapshot(231)) - group-0DFC761D5F8C: The snapshot info is null. Setting the last applied indexto:(t:0, i:~)
2019-11-07 15:45:34,605 [pool-57-thread-1] INFO  server.RaftServerConfigKeys (ConfUtils.java:logGet(43)) - raft.server.notification.no-leader.timeout = 120s (custom)
2019-11-07 15:45:34,606 [pool-57-thread-1] INFO  server.RaftServerConfigKeys (ConfUtils.java:logGet(43)) - raft.server.log.use.memory = false (default)
2019-11-07 15:45:34,606 [pool-57-thread-1] INFO  server.RaftServerConfigKeys (ConfUtils.java:logGet(43)) - raft.server.log.purge.gap = 1000000 (custom)
2019-11-07 15:45:34,606 [pool-57-thread-1] INFO  server.RaftServerConfigKeys (ConfUtils.java:logGet(43)) - raft.server.log.appender.buffer.byte-limit = 33554432 (custom)
2019-11-07 15:45:34,606 [pool-57-thread-1] INFO  server.RaftServerConfigKeys (ConfUtils.java:logGet(43)) - raft.server.log.segment.size.max = 1048576 (custom)
2019-11-07 15:45:34,606 [pool-57-thread-1] WARN  impl.MetricRegistriesImpl (MetricRegistriesImpl.java:lambda$create$1(61)) - First MetricRegistry has been created without registering reporters. You may need to call MetricRegistries.global().addReportRegistration(...) before.
2019-11-07 15:45:34,607 [pool-57-thread-1] INFO  server.RaftServerConfigKeys (ConfUtils.java:logGet(43)) - raft.server.log.segment.cache.num.max = 2 (custom)
2019-11-07 15:45:34,607 [pool-57-thread-1] INFO  segmented.SegmentedRaftLogWorker (SegmentedRaftLogWorker.java:<init>(173)) - new 23009ee2-9021-4988-ae90-668230c647fc@group-0DFC761D5F8C-SegmentedRaftLogWorker for RaftStorage:Storage Directory /workdir/hadoop-ozone/ozonefs/target/test-dir/MiniOzoneClusterImpl-60a16074-8321-4247-8f3f-e8d2795f07f5/datanode-3/data/ratis/cbc00e3f-d955-42ca-b2e4-0dfc761d5f8c
2019-11-07 15:45:34,608 [pool-57-thread-1] INFO  server.RaftServerConfigKeys (ConfUtils.java:logGet(43)) - raft.server.log.queue.byte-limit = 2147483647 (custom)
2019-11-07 15:45:34,608 [pool-57-thread-1] INFO  server.RaftServerConfigKeys (ConfUtils.java:logGet(43)) - raft.server.log.queue.element-limit = 1024 (custom)
2019-11-07 15:45:34,609 [pool-57-thread-1] INFO  server.RaftServerConfigKeys (ConfUtils.java:logGet(43)) - raft.server.log.segment.size.max = 1048576 (custom)
2019-11-07 15:45:34,609 [pool-57-thread-1] INFO  server.RaftServerConfigKeys (ConfUtils.java:logGet(43)) - raft.server.log.preallocated.size = 16384 (custom)
2019-11-07 15:45:34,609 [pool-57-thread-1] INFO  server.RaftServerConfigKeys (ConfUtils.java:logGet(43)) - raft.server.log.write.buffer.size = 33554432 (custom)
2019-11-07 15:45:34,609 [pool-57-thread-1] INFO  server.RaftServerConfigKeys (ConfUtils.java:logGet(43)) - raft.server.log.force.sync.num = 128 (default)
2019-11-07 15:45:34,609 [pool-57-thread-1] INFO  server.RaftServerConfigKeys (ConfUtils.java:logGet(43)) - raft.server.log.statemachine.data.sync = true (default)
2019-11-07 15:45:34,610 [pool-57-thread-1] INFO  server.RaftServerConfigKeys (ConfUtils.java:logGet(43)) - raft.server.log.statemachine.data.sync.timeout = 10s (default)
2019-11-07 15:45:34,610 [pool-57-thread-1] INFO  server.RaftServerConfigKeys (ConfUtils.java:logGet(43)) - raft.server.log.statemachine.data.sync.timeout.retry = -1 (default)
2019-11-07 15:45:34,610 [pool-57-thread-1] INFO  server.RaftServerConfigKeys (ConfUtils.java:logGet(43)) - raft.server.log.statemachine.data.caching.enabled = true (custom)
2019-11-07 15:45:34,611 [pool-57-thread-1] INFO  segmented.SegmentedRaftLogWorker (SegmentedRaftLogWorker.java:lambda$new$0(128)) - 23009ee2-9021-4988-ae90-668230c647fc@group-0DFC761D5F8C-SegmentedRaftLogWorker: flushIndex: setUnconditionally 0 -> -1
2019-11-07 15:45:34,611 [pool-57-thread-1] INFO  server.RaftServerConfigKeys (ConfUtils.java:logGet(43)) - raft.server.snapshot.auto.trigger.enabled = true (custom)
2019-11-07 15:45:34,611 [pool-57-thread-1] INFO  server.RaftServerConfigKeys (ConfUtils.java:logGet(43)) - raft.server.snapshot.auto.trigger.threshold = 10000 (custom)
2019-11-07 15:45:34,612 [pool-57-thread-1] INFO  server.RaftServerConfigKeys (ConfUtils.java:logGet(43)) - raft.server.snapshot.retention.file.num = 5 (custom)
2019-11-07 15:45:34,612 [pool-57-thread-1] INFO  server.RaftServerConfigKeys (ConfUtils.java:logGet(43)) - raft.server.retrycache.expirytime = 600000ms (custom)
2019-11-07 15:45:34,612 [pool-57-thread-1] WARN  impl.MetricRegistriesImpl (MetricRegistriesImpl.java:lambda$create$1(61)) - First MetricRegistry has been created without registering reporters. You may need to call MetricRegistries.global().addReportRegistration(...) before.
2019-11-07 15:45:34,612 [pool-57-thread-1] WARN  impl.MetricRegistriesImpl (MetricRegistriesImpl.java:lambda$create$1(61)) - First MetricRegistry has been created without registering reporters. You may need to call MetricRegistries.global().addReportRegistration(...) before.
2019-11-07 15:45:34,612 [pool-57-thread-1] INFO  impl.RaftServerImpl (RaftServerImpl.java:start(184)) - 23009ee2-9021-4988-ae90-668230c647fc@group-0DFC761D5F8C: start as a follower, conf=-1: [23009ee2-9021-4988-ae90-668230c647fc:192.168.157.213:34050], old=null
2019-11-07 15:45:34,613 [pool-57-thread-1] INFO  impl.RaftServerImpl (RaftServerImpl.java:setRole(173)) - 23009ee2-9021-4988-ae90-668230c647fc@group-0DFC761D5F8C: changes role from      null to FOLLOWER at term 0 for startAsFollower
2019-11-07 15:45:34,613 [pool-57-thread-1] INFO  impl.RoleInfo (RoleInfo.java:updateAndGet(143)) - 23009ee2-9021-4988-ae90-668230c647fc: start FollowerState
2019-11-07 15:45:34,614 [pool-57-thread-1] INFO  util.JmxRegister (JmxRegister.java:tryRegister(44)) - Successfully registered JMX Bean with object name Ratis:service=RaftServer,group=group-0DFC761D5F8C,id=23009ee2-9021-4988-ae90-668230c647fc
2019-11-07 15:45:34,615 [pool-57-thread-1] WARN  impl.MetricRegistriesImpl (MetricRegistriesImpl.java:lambda$create$1(61)) - First MetricRegistry has been created without registering reporters. You may need to call MetricRegistries.global().addReportRegistration(...) before.
2019-11-07 15:45:34,629 [RatisPipelineUtilsThread] INFO  pipeline.PipelineStateManager (PipelineStateManager.java:addPipeline(56)) - Created pipeline Pipeline[ Id: cbc00e3f-d955-42ca-b2e4-0dfc761d5f8c, Nodes: 23009ee2-9021-4988-ae90-668230c647fc{ip: 192.168.157.213, host: pr-hdds-1987-mzbkn-2610147090, networkLocation: /default-rack, certSerialId: null}, Type:RATIS, Factor:ONE, State:OPEN]
2019-11-07 15:45:34,645 [grpc-default-executor-0] INFO  impl.RaftServerProxy (RaftServerProxy.java:addNew(89)) - 67d3b5a8-a443-4ceb-9f15-0e42c4e44235: addNew group-80391AE3280D:[67d3b5a8-a443-4ceb-9f15-0e42c4e44235:192.168.157.213:39307] returns group-80391AE3280D:java.util.concurrent.CompletableFuture@55de84ad[Not completed]
2019-11-07 15:45:34,665 [pool-67-thread-1] INFO  impl.RaftServerImpl (RaftServerImpl.java:<init>(98)) - 67d3b5a8-a443-4ceb-9f15-0e42c4e44235: new RaftServerImpl for group-80391AE3280D:[67d3b5a8-a443-4ceb-9f15-0e42c4e44235:192.168.157.213:39307] with ContainerStateMachine:uninitialized
2019-11-07 15:45:34,665 [pool-67-thread-1] INFO  server.RaftServerConfigKeys (ConfUtils.java:logGet(43)) - raft.server.rpc.timeout.min = 5s (custom)
2019-11-07 15:45:34,665 [pool-67-thread-1] INFO  server.RaftServerConfigKeys (ConfUtils.java:logGet(43)) - raft.server.rpc.timeout.max = 5200ms (custom)
2019-11-07 15:45:34,665 [pool-67-thread-1] INFO  server.RaftServerConfigKeys (ConfUtils.java:logGet(43)) - raft.server.rpcslowness.timeout = 120s (custom)
2019-11-07 15:45:34,666 [pool-67-thread-1] INFO  server.RaftServerConfigKeys (ConfUtils.java:logGet(43)) - raft.server.sleep.deviation.threshold = 300 (default)
2019-11-07 15:45:34,666 [pool-67-thread-1] INFO  server.RaftServerConfigKeys (ConfUtils.java:logGet(43)) - raft.server.log.appender.install.snapshot.enabled = false (custom)
2019-11-07 15:45:34,666 [pool-67-thread-1] INFO  impl.RaftServerImpl (ServerState.java:<init>(103)) - 67d3b5a8-a443-4ceb-9f15-0e42c4e44235@group-80391AE3280D: ConfigurationManager, init=-1: [67d3b5a8-a443-4ceb-9f15-0e42c4e44235:192.168.157.213:39307], old=null, confs=<EMPTY_MAP>
2019-11-07 15:45:34,666 [pool-67-thread-1] INFO  server.RaftServerConfigKeys (ConfUtils.java:logGet(43)) - raft.server.storage.dir = [/workdir/hadoop-ozone/ozonefs/target/test-dir/MiniOzoneClusterImpl-60a16074-8321-4247-8f3f-e8d2795f07f5/datanode-4/data/ratis] (custom)
2019-11-07 15:45:34,667 [pool-67-thread-1] INFO  server.RaftServerConfigKeys (ConfUtils.java:logGet(43)) - raft.server.log.corruption.policy = EXCEPTION (default)
2019-11-07 15:45:34,667 [pool-67-thread-1] INFO  storage.RaftStorageDirectory (RaftStorageDirectory.java:analyzeStorage(246)) - The storage directory /workdir/hadoop-ozone/ozonefs/target/test-dir/MiniOzoneClusterImpl-60a16074-8321-4247-8f3f-e8d2795f07f5/datanode-4/data/ratis/d6b37603-86dd-4f4b-9f00-80391ae3280d does not exist. Creating ...
2019-11-07 15:45:34,680 [pool-67-thread-1] INFO  storage.RaftStorageDirectory (RaftStorageDirectory.java:tryLock(328)) - Lock on /workdir/hadoop-ozone/ozonefs/target/test-dir/MiniOzoneClusterImpl-60a16074-8321-4247-8f3f-e8d2795f07f5/datanode-4/data/ratis/d6b37603-86dd-4f4b-9f00-80391ae3280d/in_use.lock acquired by nodename 9615@pr-hdds-1987-mzbkn-2610147090
2019-11-07 15:45:34,694 [pool-67-thread-1] INFO  storage.RaftStorage (RaftStorage.java:format(84)) - Storage directory /workdir/hadoop-ozone/ozonefs/target/test-dir/MiniOzoneClusterImpl-60a16074-8321-4247-8f3f-e8d2795f07f5/datanode-4/data/ratis/d6b37603-86dd-4f4b-9f00-80391ae3280d has been successfully formatted.
2019-11-07 15:45:34,694 [pool-67-thread-1] INFO  ratis.ContainerStateMachine (ContainerStateMachine.java:loadSnapshot(231)) - group-80391AE3280D: The snapshot info is null. Setting the last applied indexto:(t:0, i:~)
2019-11-07 15:45:34,694 [pool-67-thread-1] INFO  server.RaftServerConfigKeys (ConfUtils.java:logGet(43)) - raft.server.notification.no-leader.timeout = 120s (custom)
2019-11-07 15:45:34,695 [pool-67-thread-1] INFO  server.RaftServerConfigKeys (ConfUtils.java:logGet(43)) - raft.server.log.use.memory = false (default)
2019-11-07 15:45:34,695 [pool-67-thread-1] INFO  server.RaftServerConfigKeys (ConfUtils.java:logGet(43)) - raft.server.log.purge.gap = 1000000 (custom)
2019-11-07 15:45:34,695 [pool-67-thread-1] INFO  server.RaftServerConfigKeys (ConfUtils.java:logGet(43)) - raft.server.log.appender.buffer.byte-limit = 33554432 (custom)
2019-11-07 15:45:34,695 [pool-67-thread-1] INFO  server.RaftServerConfigKeys (ConfUtils.java:logGet(43)) - raft.server.log.segment.size.max = 1048576 (custom)
2019-11-07 15:45:34,695 [pool-67-thread-1] WARN  impl.MetricRegistriesImpl (MetricRegistriesImpl.java:lambda$create$1(61)) - First MetricRegistry has been created without registering reporters. You may need to call MetricRegistries.global().addReportRegistration(...) before.
2019-11-07 15:45:34,695 [pool-67-thread-1] INFO  server.RaftServerConfigKeys (ConfUtils.java:logGet(43)) - raft.server.log.segment.cache.num.max = 2 (custom)
2019-11-07 15:45:34,696 [pool-67-thread-1] INFO  segmented.SegmentedRaftLogWorker (SegmentedRaftLogWorker.java:<init>(173)) - new 67d3b5a8-a443-4ceb-9f15-0e42c4e44235@group-80391AE3280D-SegmentedRaftLogWorker for RaftStorage:Storage Directory /workdir/hadoop-ozone/ozonefs/target/test-dir/MiniOzoneClusterImpl-60a16074-8321-4247-8f3f-e8d2795f07f5/datanode-4/data/ratis/d6b37603-86dd-4f4b-9f00-80391ae3280d
2019-11-07 15:45:34,696 [pool-67-thread-1] INFO  server.RaftServerConfigKeys (ConfUtils.java:logGet(43)) - raft.server.log.queue.byte-limit = 2147483647 (custom)
2019-11-07 15:45:34,696 [pool-67-thread-1] INFO  server.RaftServerConfigKeys (ConfUtils.java:logGet(43)) - raft.server.log.queue.element-limit = 1024 (custom)
2019-11-07 15:45:34,696 [pool-67-thread-1] INFO  server.RaftServerConfigKeys (ConfUtils.java:logGet(43)) - raft.server.log.segment.size.max = 1048576 (custom)
2019-11-07 15:45:34,696 [pool-67-thread-1] INFO  server.RaftServerConfigKeys (ConfUtils.java:logGet(43)) - raft.server.log.preallocated.size = 16384 (custom)
2019-11-07 15:45:34,696 [pool-67-thread-1] INFO  server.RaftServerConfigKeys (ConfUtils.java:logGet(43)) - raft.server.log.write.buffer.size = 33554432 (custom)
2019-11-07 15:45:34,697 [pool-67-thread-1] INFO  server.RaftServerConfigKeys (ConfUtils.java:logGet(43)) - raft.server.log.force.sync.num = 128 (default)
2019-11-07 15:45:34,697 [pool-67-thread-1] INFO  server.RaftServerConfigKeys (ConfUtils.java:logGet(43)) - raft.server.log.statemachine.data.sync = true (default)
2019-11-07 15:45:34,697 [pool-67-thread-1] INFO  server.RaftServerConfigKeys (ConfUtils.java:logGet(43)) - raft.server.log.statemachine.data.sync.timeout = 10s (default)
2019-11-07 15:45:34,697 [pool-67-thread-1] INFO  server.RaftServerConfigKeys (ConfUtils.java:logGet(43)) - raft.server.log.statemachine.data.sync.timeout.retry = -1 (default)
2019-11-07 15:45:34,698 [pool-67-thread-1] INFO  server.RaftServerConfigKeys (ConfUtils.java:logGet(43)) - raft.server.log.statemachine.data.caching.enabled = true (custom)
2019-11-07 15:45:34,698 [pool-67-thread-1] INFO  segmented.SegmentedRaftLogWorker (SegmentedRaftLogWorker.java:lambda$new$0(128)) - 67d3b5a8-a443-4ceb-9f15-0e42c4e44235@group-80391AE3280D-SegmentedRaftLogWorker: flushIndex: setUnconditionally 0 -> -1
2019-11-07 15:45:34,698 [pool-67-thread-1] INFO  server.RaftServerConfigKeys (ConfUtils.java:logGet(43)) - raft.server.snapshot.auto.trigger.enabled = true (custom)
2019-11-07 15:45:34,699 [pool-67-thread-1] INFO  server.RaftServerConfigKeys (ConfUtils.java:logGet(43)) - raft.server.snapshot.auto.trigger.threshold = 10000 (custom)
2019-11-07 15:45:34,699 [pool-67-thread-1] INFO  server.RaftServerConfigKeys (ConfUtils.java:logGet(43)) - raft.server.snapshot.retention.file.num = 5 (custom)
2019-11-07 15:45:34,699 [pool-67-thread-1] INFO  server.RaftServerConfigKeys (ConfUtils.java:logGet(43)) - raft.server.retrycache.expirytime = 600000ms (custom)
2019-11-07 15:45:34,699 [pool-67-thread-1] WARN  impl.MetricRegistriesImpl (MetricRegistriesImpl.java:lambda$create$1(61)) - First MetricRegistry has been created without registering reporters. You may need to call MetricRegistries.global().addReportRegistration(...) before.
2019-11-07 15:45:34,699 [pool-67-thread-1] WARN  impl.MetricRegistriesImpl (MetricRegistriesImpl.java:lambda$create$1(61)) - First MetricRegistry has been created without registering reporters. You may need to call MetricRegistries.global().addReportRegistration(...) before.
2019-11-07 15:45:34,700 [pool-67-thread-1] INFO  impl.RaftServerImpl (RaftServerImpl.java:start(184)) - 67d3b5a8-a443-4ceb-9f15-0e42c4e44235@group-80391AE3280D: start as a follower, conf=-1: [67d3b5a8-a443-4ceb-9f15-0e42c4e44235:192.168.157.213:39307], old=null
2019-11-07 15:45:34,700 [pool-67-thread-1] INFO  impl.RaftServerImpl (RaftServerImpl.java:setRole(173)) - 67d3b5a8-a443-4ceb-9f15-0e42c4e44235@group-80391AE3280D: changes role from      null to FOLLOWER at term 0 for startAsFollower
2019-11-07 15:45:34,700 [pool-67-thread-1] INFO  impl.RoleInfo (RoleInfo.java:updateAndGet(143)) - 67d3b5a8-a443-4ceb-9f15-0e42c4e44235: start FollowerState
2019-11-07 15:45:34,701 [pool-67-thread-1] INFO  util.JmxRegister (JmxRegister.java:tryRegister(44)) - Successfully registered JMX Bean with object name Ratis:service=RaftServer,group=group-80391AE3280D,id=67d3b5a8-a443-4ceb-9f15-0e42c4e44235
2019-11-07 15:45:34,701 [pool-67-thread-1] WARN  impl.MetricRegistriesImpl (MetricRegistriesImpl.java:lambda$create$1(61)) - First MetricRegistry has been created without registering reporters. You may need to call MetricRegistries.global().addReportRegistration(...) before.
2019-11-07 15:45:34,712 [RatisPipelineUtilsThread] INFO  pipeline.PipelineStateManager (PipelineStateManager.java:addPipeline(56)) - Created pipeline Pipeline[ Id: d6b37603-86dd-4f4b-9f00-80391ae3280d, Nodes: 67d3b5a8-a443-4ceb-9f15-0e42c4e44235{ip: 192.168.157.213, host: pr-hdds-1987-mzbkn-2610147090, networkLocation: /default-rack, certSerialId: null}, Type:RATIS, Factor:ONE, State:OPEN]
2019-11-07 15:45:34,728 [grpc-default-executor-0] INFO  impl.RaftServerProxy (RaftServerProxy.java:addNew(89)) - 3581d420-ee34-4463-b1cb-1c13b1b72182: addNew group-0910ADA20298:[3581d420-ee34-4463-b1cb-1c13b1b72182:192.168.157.213:38578] returns group-0910ADA20298:java.util.concurrent.CompletableFuture@614d76a3[Not completed]
2019-11-07 15:45:34,731 [pool-37-thread-1] INFO  impl.RaftServerImpl (RaftServerImpl.java:<init>(98)) - 3581d420-ee34-4463-b1cb-1c13b1b72182: new RaftServerImpl for group-0910ADA20298:[3581d420-ee34-4463-b1cb-1c13b1b72182:192.168.157.213:38578] with ContainerStateMachine:uninitialized
2019-11-07 15:45:34,731 [pool-37-thread-1] INFO  server.RaftServerConfigKeys (ConfUtils.java:logGet(43)) - raft.server.rpc.timeout.min = 5s (custom)
2019-11-07 15:45:34,731 [pool-37-thread-1] INFO  server.RaftServerConfigKeys (ConfUtils.java:logGet(43)) - raft.server.rpc.timeout.max = 5200ms (custom)
2019-11-07 15:45:34,732 [pool-37-thread-1] INFO  server.RaftServerConfigKeys (ConfUtils.java:logGet(43)) - raft.server.rpcslowness.timeout = 120s (custom)
2019-11-07 15:45:34,732 [pool-37-thread-1] INFO  server.RaftServerConfigKeys (ConfUtils.java:logGet(43)) - raft.server.sleep.deviation.threshold = 300 (default)
2019-11-07 15:45:34,732 [pool-37-thread-1] INFO  server.RaftServerConfigKeys (ConfUtils.java:logGet(43)) - raft.server.log.appender.install.snapshot.enabled = false (custom)
2019-11-07 15:45:34,732 [pool-37-thread-1] INFO  impl.RaftServerImpl (ServerState.java:<init>(103)) - 3581d420-ee34-4463-b1cb-1c13b1b72182@group-0910ADA20298: ConfigurationManager, init=-1: [3581d420-ee34-4463-b1cb-1c13b1b72182:192.168.157.213:38578], old=null, confs=<EMPTY_MAP>
2019-11-07 15:45:34,733 [pool-37-thread-1] INFO  server.RaftServerConfigKeys (ConfUtils.java:logGet(43)) - raft.server.storage.dir = [/workdir/hadoop-ozone/ozonefs/target/test-dir/MiniOzoneClusterImpl-60a16074-8321-4247-8f3f-e8d2795f07f5/datanode-1/data/ratis] (custom)
2019-11-07 15:45:34,733 [pool-37-thread-1] INFO  server.RaftServerConfigKeys (ConfUtils.java:logGet(43)) - raft.server.log.corruption.policy = EXCEPTION (default)
2019-11-07 15:45:34,733 [pool-37-thread-1] INFO  storage.RaftStorageDirectory (RaftStorageDirectory.java:analyzeStorage(246)) - The storage directory /workdir/hadoop-ozone/ozonefs/target/test-dir/MiniOzoneClusterImpl-60a16074-8321-4247-8f3f-e8d2795f07f5/datanode-1/data/ratis/5f8dfbe1-7b1b-4434-820d-0910ada20298 does not exist. Creating ...
2019-11-07 15:45:34,746 [pool-37-thread-1] INFO  storage.RaftStorageDirectory (RaftStorageDirectory.java:tryLock(328)) - Lock on /workdir/hadoop-ozone/ozonefs/target/test-dir/MiniOzoneClusterImpl-60a16074-8321-4247-8f3f-e8d2795f07f5/datanode-1/data/ratis/5f8dfbe1-7b1b-4434-820d-0910ada20298/in_use.lock acquired by nodename 9615@pr-hdds-1987-mzbkn-2610147090
2019-11-07 15:45:34,759 [pool-37-thread-1] INFO  storage.RaftStorage (RaftStorage.java:format(84)) - Storage directory /workdir/hadoop-ozone/ozonefs/target/test-dir/MiniOzoneClusterImpl-60a16074-8321-4247-8f3f-e8d2795f07f5/datanode-1/data/ratis/5f8dfbe1-7b1b-4434-820d-0910ada20298 has been successfully formatted.
2019-11-07 15:45:34,760 [pool-37-thread-1] INFO  ratis.ContainerStateMachine (ContainerStateMachine.java:loadSnapshot(231)) - group-0910ADA20298: The snapshot info is null. Setting the last applied indexto:(t:0, i:~)
2019-11-07 15:45:34,760 [pool-37-thread-1] INFO  server.RaftServerConfigKeys (ConfUtils.java:logGet(43)) - raft.server.notification.no-leader.timeout = 120s (custom)
2019-11-07 15:45:34,760 [pool-37-thread-1] INFO  server.RaftServerConfigKeys (ConfUtils.java:logGet(43)) - raft.server.log.use.memory = false (default)
2019-11-07 15:45:34,760 [pool-37-thread-1] INFO  server.RaftServerConfigKeys (ConfUtils.java:logGet(43)) - raft.server.log.purge.gap = 1000000 (custom)
2019-11-07 15:45:34,761 [pool-37-thread-1] INFO  server.RaftServerConfigKeys (ConfUtils.java:logGet(43)) - raft.server.log.appender.buffer.byte-limit = 33554432 (custom)
2019-11-07 15:45:34,761 [pool-37-thread-1] INFO  server.RaftServerConfigKeys (ConfUtils.java:logGet(43)) - raft.server.log.segment.size.max = 1048576 (custom)
2019-11-07 15:45:34,761 [pool-37-thread-1] WARN  impl.MetricRegistriesImpl (MetricRegistriesImpl.java:lambda$create$1(61)) - First MetricRegistry has been created without registering reporters. You may need to call MetricRegistries.global().addReportRegistration(...) before.
2019-11-07 15:45:34,761 [pool-37-thread-1] INFO  server.RaftServerConfigKeys (ConfUtils.java:logGet(43)) - raft.server.log.segment.cache.num.max = 2 (custom)
2019-11-07 15:45:34,761 [pool-37-thread-1] INFO  segmented.SegmentedRaftLogWorker (SegmentedRaftLogWorker.java:<init>(173)) - new 3581d420-ee34-4463-b1cb-1c13b1b72182@group-0910ADA20298-SegmentedRaftLogWorker for RaftStorage:Storage Directory /workdir/hadoop-ozone/ozonefs/target/test-dir/MiniOzoneClusterImpl-60a16074-8321-4247-8f3f-e8d2795f07f5/datanode-1/data/ratis/5f8dfbe1-7b1b-4434-820d-0910ada20298
2019-11-07 15:45:34,761 [pool-37-thread-1] INFO  server.RaftServerConfigKeys (ConfUtils.java:logGet(43)) - raft.server.log.queue.byte-limit = 2147483647 (custom)
2019-11-07 15:45:34,762 [pool-37-thread-1] INFO  server.RaftServerConfigKeys (ConfUtils.java:logGet(43)) - raft.server.log.queue.element-limit = 1024 (custom)
2019-11-07 15:45:34,762 [pool-37-thread-1] INFO  server.RaftServerConfigKeys (ConfUtils.java:logGet(43)) - raft.server.log.segment.size.max = 1048576 (custom)
2019-11-07 15:45:34,762 [pool-37-thread-1] INFO  server.RaftServerConfigKeys (ConfUtils.java:logGet(43)) - raft.server.log.preallocated.size = 16384 (custom)
2019-11-07 15:45:34,762 [pool-37-thread-1] INFO  server.RaftServerConfigKeys (ConfUtils.java:logGet(43)) - raft.server.log.write.buffer.size = 33554432 (custom)
2019-11-07 15:45:34,762 [pool-37-thread-1] INFO  server.RaftServerConfigKeys (ConfUtils.java:logGet(43)) - raft.server.log.force.sync.num = 128 (default)
2019-11-07 15:45:34,763 [pool-37-thread-1] INFO  server.RaftServerConfigKeys (ConfUtils.java:logGet(43)) - raft.server.log.statemachine.data.sync = true (default)
2019-11-07 15:45:34,763 [pool-37-thread-1] INFO  server.RaftServerConfigKeys (ConfUtils.java:logGet(43)) - raft.server.log.statemachine.data.sync.timeout = 10s (default)
2019-11-07 15:45:34,763 [pool-37-thread-1] INFO  server.RaftServerConfigKeys (ConfUtils.java:logGet(43)) - raft.server.log.statemachine.data.sync.timeout.retry = -1 (default)
2019-11-07 15:45:34,763 [pool-37-thread-1] INFO  server.RaftServerConfigKeys (ConfUtils.java:logGet(43)) - raft.server.log.statemachine.data.caching.enabled = true (custom)
2019-11-07 15:45:34,764 [pool-37-thread-1] INFO  segmented.SegmentedRaftLogWorker (SegmentedRaftLogWorker.java:lambda$new$0(128)) - 3581d420-ee34-4463-b1cb-1c13b1b72182@group-0910ADA20298-SegmentedRaftLogWorker: flushIndex: setUnconditionally 0 -> -1
2019-11-07 15:45:34,764 [pool-37-thread-1] INFO  server.RaftServerConfigKeys (ConfUtils.java:logGet(43)) - raft.server.snapshot.auto.trigger.enabled = true (custom)
2019-11-07 15:45:34,764 [pool-37-thread-1] INFO  server.RaftServerConfigKeys (ConfUtils.java:logGet(43)) - raft.server.snapshot.auto.trigger.threshold = 10000 (custom)
2019-11-07 15:45:34,764 [pool-37-thread-1] INFO  server.RaftServerConfigKeys (ConfUtils.java:logGet(43)) - raft.server.snapshot.retention.file.num = 5 (custom)
2019-11-07 15:45:34,765 [pool-37-thread-1] INFO  server.RaftServerConfigKeys (ConfUtils.java:logGet(43)) - raft.server.retrycache.expirytime = 600000ms (custom)
2019-11-07 15:45:34,765 [pool-37-thread-1] WARN  impl.MetricRegistriesImpl (MetricRegistriesImpl.java:lambda$create$1(61)) - First MetricRegistry has been created without registering reporters. You may need to call MetricRegistries.global().addReportRegistration(...) before.
2019-11-07 15:45:34,765 [pool-37-thread-1] WARN  impl.MetricRegistriesImpl (MetricRegistriesImpl.java:lambda$create$1(61)) - First MetricRegistry has been created without registering reporters. You may need to call MetricRegistries.global().addReportRegistration(...) before.
2019-11-07 15:45:34,765 [pool-37-thread-1] INFO  impl.RaftServerImpl (RaftServerImpl.java:start(184)) - 3581d420-ee34-4463-b1cb-1c13b1b72182@group-0910ADA20298: start as a follower, conf=-1: [3581d420-ee34-4463-b1cb-1c13b1b72182:192.168.157.213:38578], old=null
2019-11-07 15:45:34,766 [pool-37-thread-1] INFO  impl.RaftServerImpl (RaftServerImpl.java:setRole(173)) - 3581d420-ee34-4463-b1cb-1c13b1b72182@group-0910ADA20298: changes role from      null to FOLLOWER at term 0 for startAsFollower
2019-11-07 15:45:34,766 [pool-37-thread-1] INFO  impl.RoleInfo (RoleInfo.java:updateAndGet(143)) - 3581d420-ee34-4463-b1cb-1c13b1b72182: start FollowerState
2019-11-07 15:45:34,766 [pool-37-thread-1] INFO  util.JmxRegister (JmxRegister.java:tryRegister(44)) - Successfully registered JMX Bean with object name Ratis:service=RaftServer,group=group-0910ADA20298,id=3581d420-ee34-4463-b1cb-1c13b1b72182
2019-11-07 15:45:34,767 [pool-37-thread-1] WARN  impl.MetricRegistriesImpl (MetricRegistriesImpl.java:lambda$create$1(61)) - First MetricRegistry has been created without registering reporters. You may need to call MetricRegistries.global().addReportRegistration(...) before.
2019-11-07 15:45:34,779 [RatisPipelineUtilsThread] INFO  pipeline.PipelineStateManager (PipelineStateManager.java:addPipeline(56)) - Created pipeline Pipeline[ Id: 5f8dfbe1-7b1b-4434-820d-0910ada20298, Nodes: 3581d420-ee34-4463-b1cb-1c13b1b72182{ip: 192.168.157.213, host: pr-hdds-1987-mzbkn-2610147090, networkLocation: /default-rack, certSerialId: null}, Type:RATIS, Factor:ONE, State:OPEN]
2019-11-07 15:45:34,799 [grpc-default-executor-0] INFO  impl.RaftServerProxy (RaftServerProxy.java:addNew(89)) - d9bd29a5-fa37-48cf-b614-76320e0dbb35: addNew group-A10DB1703F46:[d9bd29a5-fa37-48cf-b614-76320e0dbb35:192.168.157.213:38088] returns group-A10DB1703F46:java.util.concurrent.CompletableFuture@1d3f65c2[Not completed]
2019-11-07 15:45:34,801 [pool-47-thread-1] INFO  impl.RaftServerImpl (RaftServerImpl.java:<init>(98)) - d9bd29a5-fa37-48cf-b614-76320e0dbb35: new RaftServerImpl for group-A10DB1703F46:[d9bd29a5-fa37-48cf-b614-76320e0dbb35:192.168.157.213:38088] with ContainerStateMachine:uninitialized
2019-11-07 15:45:34,801 [pool-47-thread-1] INFO  server.RaftServerConfigKeys (ConfUtils.java:logGet(43)) - raft.server.rpc.timeout.min = 5s (custom)
2019-11-07 15:45:34,801 [pool-47-thread-1] INFO  server.RaftServerConfigKeys (ConfUtils.java:logGet(43)) - raft.server.rpc.timeout.max = 5200ms (custom)
2019-11-07 15:45:34,801 [pool-47-thread-1] INFO  server.RaftServerConfigKeys (ConfUtils.java:logGet(43)) - raft.server.rpcslowness.timeout = 120s (custom)
2019-11-07 15:45:34,802 [pool-47-thread-1] INFO  server.RaftServerConfigKeys (ConfUtils.java:logGet(43)) - raft.server.sleep.deviation.threshold = 300 (default)
2019-11-07 15:45:34,802 [pool-47-thread-1] INFO  server.RaftServerConfigKeys (ConfUtils.java:logGet(43)) - raft.server.log.appender.install.snapshot.enabled = false (custom)
2019-11-07 15:45:34,802 [pool-47-thread-1] INFO  impl.RaftServerImpl (ServerState.java:<init>(103)) - d9bd29a5-fa37-48cf-b614-76320e0dbb35@group-A10DB1703F46: ConfigurationManager, init=-1: [d9bd29a5-fa37-48cf-b614-76320e0dbb35:192.168.157.213:38088], old=null, confs=<EMPTY_MAP>
2019-11-07 15:45:34,802 [pool-47-thread-1] INFO  server.RaftServerConfigKeys (ConfUtils.java:logGet(43)) - raft.server.storage.dir = [/workdir/hadoop-ozone/ozonefs/target/test-dir/MiniOzoneClusterImpl-60a16074-8321-4247-8f3f-e8d2795f07f5/datanode-2/data/ratis] (custom)
2019-11-07 15:45:34,802 [pool-47-thread-1] INFO  server.RaftServerConfigKeys (ConfUtils.java:logGet(43)) - raft.server.log.corruption.policy = EXCEPTION (default)
2019-11-07 15:45:34,803 [pool-47-thread-1] INFO  storage.RaftStorageDirectory (RaftStorageDirectory.java:analyzeStorage(246)) - The storage directory /workdir/hadoop-ozone/ozonefs/target/test-dir/MiniOzoneClusterImpl-60a16074-8321-4247-8f3f-e8d2795f07f5/datanode-2/data/ratis/4c2b3341-f11c-49aa-bcda-a10db1703f46 does not exist. Creating ...
2019-11-07 15:45:34,815 [pool-47-thread-1] INFO  storage.RaftStorageDirectory (RaftStorageDirectory.java:tryLock(328)) - Lock on /workdir/hadoop-ozone/ozonefs/target/test-dir/MiniOzoneClusterImpl-60a16074-8321-4247-8f3f-e8d2795f07f5/datanode-2/data/ratis/4c2b3341-f11c-49aa-bcda-a10db1703f46/in_use.lock acquired by nodename 9615@pr-hdds-1987-mzbkn-2610147090
2019-11-07 15:45:34,828 [pool-47-thread-1] INFO  storage.RaftStorage (RaftStorage.java:format(84)) - Storage directory /workdir/hadoop-ozone/ozonefs/target/test-dir/MiniOzoneClusterImpl-60a16074-8321-4247-8f3f-e8d2795f07f5/datanode-2/data/ratis/4c2b3341-f11c-49aa-bcda-a10db1703f46 has been successfully formatted.
2019-11-07 15:45:34,828 [pool-47-thread-1] INFO  ratis.ContainerStateMachine (ContainerStateMachine.java:loadSnapshot(231)) - group-A10DB1703F46: The snapshot info is null. Setting the last applied indexto:(t:0, i:~)
2019-11-07 15:45:34,829 [pool-47-thread-1] INFO  server.RaftServerConfigKeys (ConfUtils.java:logGet(43)) - raft.server.notification.no-leader.timeout = 120s (custom)
2019-11-07 15:45:34,829 [pool-47-thread-1] INFO  server.RaftServerConfigKeys (ConfUtils.java:logGet(43)) - raft.server.log.use.memory = false (default)
2019-11-07 15:45:34,829 [pool-47-thread-1] INFO  server.RaftServerConfigKeys (ConfUtils.java:logGet(43)) - raft.server.log.purge.gap = 1000000 (custom)
2019-11-07 15:45:34,829 [pool-47-thread-1] INFO  server.RaftServerConfigKeys (ConfUtils.java:logGet(43)) - raft.server.log.appender.buffer.byte-limit = 33554432 (custom)
2019-11-07 15:45:34,829 [pool-47-thread-1] INFO  server.RaftServerConfigKeys (ConfUtils.java:logGet(43)) - raft.server.log.segment.size.max = 1048576 (custom)
2019-11-07 15:45:34,829 [pool-47-thread-1] WARN  impl.MetricRegistriesImpl (MetricRegistriesImpl.java:lambda$create$1(61)) - First MetricRegistry has been created without registering reporters. You may need to call MetricRegistries.global().addReportRegistration(...) before.
2019-11-07 15:45:34,829 [pool-47-thread-1] INFO  server.RaftServerConfigKeys (ConfUtils.java:logGet(43)) - raft.server.log.segment.cache.num.max = 2 (custom)
2019-11-07 15:45:34,830 [pool-47-thread-1] INFO  segmented.SegmentedRaftLogWorker (SegmentedRaftLogWorker.java:<init>(173)) - new d9bd29a5-fa37-48cf-b614-76320e0dbb35@group-A10DB1703F46-SegmentedRaftLogWorker for RaftStorage:Storage Directory /workdir/hadoop-ozone/ozonefs/target/test-dir/MiniOzoneClusterImpl-60a16074-8321-4247-8f3f-e8d2795f07f5/datanode-2/data/ratis/4c2b3341-f11c-49aa-bcda-a10db1703f46
2019-11-07 15:45:34,830 [pool-47-thread-1] INFO  server.RaftServerConfigKeys (ConfUtils.java:logGet(43)) - raft.server.log.queue.byte-limit = 2147483647 (custom)
2019-11-07 15:45:34,830 [pool-47-thread-1] INFO  server.RaftServerConfigKeys (ConfUtils.java:logGet(43)) - raft.server.log.queue.element-limit = 1024 (custom)
2019-11-07 15:45:34,830 [pool-47-thread-1] INFO  server.RaftServerConfigKeys (ConfUtils.java:logGet(43)) - raft.server.log.segment.size.max = 1048576 (custom)
2019-11-07 15:45:34,830 [pool-47-thread-1] INFO  server.RaftServerConfigKeys (ConfUtils.java:logGet(43)) - raft.server.log.preallocated.size = 16384 (custom)
2019-11-07 15:45:34,830 [pool-47-thread-1] INFO  server.RaftServerConfigKeys (ConfUtils.java:logGet(43)) - raft.server.log.write.buffer.size = 33554432 (custom)
2019-11-07 15:45:34,830 [pool-47-thread-1] INFO  server.RaftServerConfigKeys (ConfUtils.java:logGet(43)) - raft.server.log.force.sync.num = 128 (default)
2019-11-07 15:45:34,831 [pool-47-thread-1] INFO  server.RaftServerConfigKeys (ConfUtils.java:logGet(43)) - raft.server.log.statemachine.data.sync = true (default)
2019-11-07 15:45:34,831 [pool-47-thread-1] INFO  server.RaftServerConfigKeys (ConfUtils.java:logGet(43)) - raft.server.log.statemachine.data.sync.timeout = 10s (default)
2019-11-07 15:45:34,831 [pool-47-thread-1] INFO  server.RaftServerConfigKeys (ConfUtils.java:logGet(43)) - raft.server.log.statemachine.data.sync.timeout.retry = -1 (default)
2019-11-07 15:45:34,831 [pool-47-thread-1] INFO  server.RaftServerConfigKeys (ConfUtils.java:logGet(43)) - raft.server.log.statemachine.data.caching.enabled = true (custom)
2019-11-07 15:45:34,832 [pool-47-thread-1] INFO  segmented.SegmentedRaftLogWorker (SegmentedRaftLogWorker.java:lambda$new$0(128)) - d9bd29a5-fa37-48cf-b614-76320e0dbb35@group-A10DB1703F46-SegmentedRaftLogWorker: flushIndex: setUnconditionally 0 -> -1
2019-11-07 15:45:34,832 [pool-47-thread-1] INFO  server.RaftServerConfigKeys (ConfUtils.java:logGet(43)) - raft.server.snapshot.auto.trigger.enabled = true (custom)
2019-11-07 15:45:34,832 [pool-47-thread-1] INFO  server.RaftServerConfigKeys (ConfUtils.java:logGet(43)) - raft.server.snapshot.auto.trigger.threshold = 10000 (custom)
2019-11-07 15:45:34,832 [pool-47-thread-1] INFO  server.RaftServerConfigKeys (ConfUtils.java:logGet(43)) - raft.server.snapshot.retention.file.num = 5 (custom)
2019-11-07 15:45:34,832 [pool-47-thread-1] INFO  server.RaftServerConfigKeys (ConfUtils.java:logGet(43)) - raft.server.retrycache.expirytime = 600000ms (custom)
2019-11-07 15:45:34,833 [pool-47-thread-1] WARN  impl.MetricRegistriesImpl (MetricRegistriesImpl.java:lambda$create$1(61)) - First MetricRegistry has been created without registering reporters. You may need to call MetricRegistries.global().addReportRegistration(...) before.
2019-11-07 15:45:34,833 [pool-47-thread-1] WARN  impl.MetricRegistriesImpl (MetricRegistriesImpl.java:lambda$create$1(61)) - First MetricRegistry has been created without registering reporters. You may need to call MetricRegistries.global().addReportRegistration(...) before.
2019-11-07 15:45:34,833 [pool-47-thread-1] INFO  impl.RaftServerImpl (RaftServerImpl.java:start(184)) - d9bd29a5-fa37-48cf-b614-76320e0dbb35@group-A10DB1703F46: start as a follower, conf=-1: [d9bd29a5-fa37-48cf-b614-76320e0dbb35:192.168.157.213:38088], old=null
2019-11-07 15:45:34,833 [pool-47-thread-1] INFO  impl.RaftServerImpl (RaftServerImpl.java:setRole(173)) - d9bd29a5-fa37-48cf-b614-76320e0dbb35@group-A10DB1703F46: changes role from      null to FOLLOWER at term 0 for startAsFollower
2019-11-07 15:45:34,833 [pool-47-thread-1] INFO  impl.RoleInfo (RoleInfo.java:updateAndGet(143)) - d9bd29a5-fa37-48cf-b614-76320e0dbb35: start FollowerState
2019-11-07 15:45:34,834 [pool-47-thread-1] INFO  util.JmxRegister (JmxRegister.java:tryRegister(44)) - Successfully registered JMX Bean with object name Ratis:service=RaftServer,group=group-A10DB1703F46,id=d9bd29a5-fa37-48cf-b614-76320e0dbb35
2019-11-07 15:45:34,834 [pool-47-thread-1] WARN  impl.MetricRegistriesImpl (MetricRegistriesImpl.java:lambda$create$1(61)) - First MetricRegistry has been created without registering reporters. You may need to call MetricRegistries.global().addReportRegistration(...) before.
2019-11-07 15:45:34,844 [RatisPipelineUtilsThread] INFO  pipeline.PipelineStateManager (PipelineStateManager.java:addPipeline(56)) - Created pipeline Pipeline[ Id: 4c2b3341-f11c-49aa-bcda-a10db1703f46, Nodes: d9bd29a5-fa37-48cf-b614-76320e0dbb35{ip: 192.168.157.213, host: pr-hdds-1987-mzbkn-2610147090, networkLocation: /default-rack, certSerialId: null}, Type:RATIS, Factor:ONE, State:OPEN]
2019-11-07 15:45:34,881 [grpc-default-executor-1] INFO  impl.RaftServerProxy (RaftServerProxy.java:addNew(89)) - 3460842f-6799-42e6-977c-19ee6a54bb14: addNew group-388FE325BACB:[3460842f-6799-42e6-977c-19ee6a54bb14:192.168.157.213:36473, 67d3b5a8-a443-4ceb-9f15-0e42c4e44235:192.168.157.213:39307, 23009ee2-9021-4988-ae90-668230c647fc:192.168.157.213:34050] returns group-388FE325BACB:java.util.concurrent.CompletableFuture@48146cf1[Not completed]
2019-11-07 15:45:34,886 [grpc-default-executor-2] INFO  impl.RaftServerProxy (RaftServerProxy.java:addNew(89)) - 23009ee2-9021-4988-ae90-668230c647fc: addNew group-388FE325BACB:[3460842f-6799-42e6-977c-19ee6a54bb14:192.168.157.213:36473, 67d3b5a8-a443-4ceb-9f15-0e42c4e44235:192.168.157.213:39307, 23009ee2-9021-4988-ae90-668230c647fc:192.168.157.213:34050] returns group-388FE325BACB:java.util.concurrent.CompletableFuture@4b5e65c6[Not completed]
2019-11-07 15:45:34,886 [grpc-default-executor-1] INFO  impl.RaftServerProxy (RaftServerProxy.java:addNew(89)) - 67d3b5a8-a443-4ceb-9f15-0e42c4e44235: addNew group-388FE325BACB:[3460842f-6799-42e6-977c-19ee6a54bb14:192.168.157.213:36473, 67d3b5a8-a443-4ceb-9f15-0e42c4e44235:192.168.157.213:39307, 23009ee2-9021-4988-ae90-668230c647fc:192.168.157.213:34050] returns group-388FE325BACB:java.util.concurrent.CompletableFuture@d16eb97[Not completed]
2019-11-07 15:45:34,887 [pool-27-thread-1] INFO  impl.RaftServerImpl (RaftServerImpl.java:<init>(98)) - 3460842f-6799-42e6-977c-19ee6a54bb14: new RaftServerImpl for group-388FE325BACB:[3460842f-6799-42e6-977c-19ee6a54bb14:192.168.157.213:36473, 67d3b5a8-a443-4ceb-9f15-0e42c4e44235:192.168.157.213:39307, 23009ee2-9021-4988-ae90-668230c647fc:192.168.157.213:34050] with ContainerStateMachine:uninitialized
2019-11-07 15:45:34,888 [pool-27-thread-1] INFO  server.RaftServerConfigKeys (ConfUtils.java:logGet(43)) - raft.server.rpc.timeout.min = 5s (custom)
2019-11-07 15:45:34,888 [pool-27-thread-1] INFO  server.RaftServerConfigKeys (ConfUtils.java:logGet(43)) - raft.server.rpc.timeout.max = 5200ms (custom)
2019-11-07 15:45:34,888 [pool-27-thread-1] INFO  server.RaftServerConfigKeys (ConfUtils.java:logGet(43)) - raft.server.rpcslowness.timeout = 120s (custom)
2019-11-07 15:45:34,888 [pool-27-thread-1] INFO  server.RaftServerConfigKeys (ConfUtils.java:logGet(43)) - raft.server.sleep.deviation.threshold = 300 (default)
2019-11-07 15:45:34,889 [pool-27-thread-1] INFO  server.RaftServerConfigKeys (ConfUtils.java:logGet(43)) - raft.server.log.appender.install.snapshot.enabled = false (custom)
2019-11-07 15:45:34,889 [pool-67-thread-1] INFO  impl.RaftServerImpl (RaftServerImpl.java:<init>(98)) - 67d3b5a8-a443-4ceb-9f15-0e42c4e44235: new RaftServerImpl for group-388FE325BACB:[3460842f-6799-42e6-977c-19ee6a54bb14:192.168.157.213:36473, 67d3b5a8-a443-4ceb-9f15-0e42c4e44235:192.168.157.213:39307, 23009ee2-9021-4988-ae90-668230c647fc:192.168.157.213:34050] with ContainerStateMachine:uninitialized
2019-11-07 15:45:34,889 [pool-27-thread-1] INFO  impl.RaftServerImpl (ServerState.java:<init>(103)) - 3460842f-6799-42e6-977c-19ee6a54bb14@group-388FE325BACB: ConfigurationManager, init=-1: [3460842f-6799-42e6-977c-19ee6a54bb14:192.168.157.213:36473, 67d3b5a8-a443-4ceb-9f15-0e42c4e44235:192.168.157.213:39307, 23009ee2-9021-4988-ae90-668230c647fc:192.168.157.213:34050], old=null, confs=<EMPTY_MAP>
2019-11-07 15:45:34,889 [pool-67-thread-1] INFO  server.RaftServerConfigKeys (ConfUtils.java:logGet(43)) - raft.server.rpc.timeout.min = 5s (custom)
2019-11-07 15:45:34,890 [pool-67-thread-1] INFO  server.RaftServerConfigKeys (ConfUtils.java:logGet(43)) - raft.server.rpc.timeout.max = 5200ms (custom)
2019-11-07 15:45:34,890 [pool-27-thread-1] INFO  server.RaftServerConfigKeys (ConfUtils.java:logGet(43)) - raft.server.storage.dir = [/workdir/hadoop-ozone/ozonefs/target/test-dir/MiniOzoneClusterImpl-60a16074-8321-4247-8f3f-e8d2795f07f5/datanode-0/data/ratis] (custom)
2019-11-07 15:45:34,890 [pool-67-thread-1] INFO  server.RaftServerConfigKeys (ConfUtils.java:logGet(43)) - raft.server.rpcslowness.timeout = 120s (custom)
2019-11-07 15:45:34,890 [pool-67-thread-1] INFO  server.RaftServerConfigKeys (ConfUtils.java:logGet(43)) - raft.server.sleep.deviation.threshold = 300 (default)
2019-11-07 15:45:34,890 [pool-27-thread-1] INFO  server.RaftServerConfigKeys (ConfUtils.java:logGet(43)) - raft.server.log.corruption.policy = EXCEPTION (default)
2019-11-07 15:45:34,890 [pool-57-thread-1] INFO  impl.RaftServerImpl (RaftServerImpl.java:<init>(98)) - 23009ee2-9021-4988-ae90-668230c647fc: new RaftServerImpl for group-388FE325BACB:[3460842f-6799-42e6-977c-19ee6a54bb14:192.168.157.213:36473, 67d3b5a8-a443-4ceb-9f15-0e42c4e44235:192.168.157.213:39307, 23009ee2-9021-4988-ae90-668230c647fc:192.168.157.213:34050] with ContainerStateMachine:uninitialized
2019-11-07 15:45:34,890 [pool-67-thread-1] INFO  server.RaftServerConfigKeys (ConfUtils.java:logGet(43)) - raft.server.log.appender.install.snapshot.enabled = false (custom)
2019-11-07 15:45:34,891 [pool-57-thread-1] INFO  server.RaftServerConfigKeys (ConfUtils.java:logGet(43)) - raft.server.rpc.timeout.min = 5s (custom)
2019-11-07 15:45:34,891 [pool-27-thread-1] INFO  storage.RaftStorageDirectory (RaftStorageDirectory.java:analyzeStorage(246)) - The storage directory /workdir/hadoop-ozone/ozonefs/target/test-dir/MiniOzoneClusterImpl-60a16074-8321-4247-8f3f-e8d2795f07f5/datanode-0/data/ratis/3784862a-a651-4574-9ab4-388fe325bacb does not exist. Creating ...
2019-11-07 15:45:34,891 [pool-57-thread-1] INFO  server.RaftServerConfigKeys (ConfUtils.java:logGet(43)) - raft.server.rpc.timeout.max = 5200ms (custom)
2019-11-07 15:45:34,891 [pool-67-thread-1] INFO  impl.RaftServerImpl (ServerState.java:<init>(103)) - 67d3b5a8-a443-4ceb-9f15-0e42c4e44235@group-388FE325BACB: ConfigurationManager, init=-1: [3460842f-6799-42e6-977c-19ee6a54bb14:192.168.157.213:36473, 67d3b5a8-a443-4ceb-9f15-0e42c4e44235:192.168.157.213:39307, 23009ee2-9021-4988-ae90-668230c647fc:192.168.157.213:34050], old=null, confs=<EMPTY_MAP>
2019-11-07 15:45:34,891 [pool-57-thread-1] INFO  server.RaftServerConfigKeys (ConfUtils.java:logGet(43)) - raft.server.rpcslowness.timeout = 120s (custom)
2019-11-07 15:45:34,892 [pool-67-thread-1] INFO  server.RaftServerConfigKeys (ConfUtils.java:logGet(43)) - raft.server.storage.dir = [/workdir/hadoop-ozone/ozonefs/target/test-dir/MiniOzoneClusterImpl-60a16074-8321-4247-8f3f-e8d2795f07f5/datanode-4/data/ratis] (custom)
2019-11-07 15:45:34,892 [pool-57-thread-1] INFO  server.RaftServerConfigKeys (ConfUtils.java:logGet(43)) - raft.server.sleep.deviation.threshold = 300 (default)
2019-11-07 15:45:34,892 [pool-57-thread-1] INFO  server.RaftServerConfigKeys (ConfUtils.java:logGet(43)) - raft.server.log.appender.install.snapshot.enabled = false (custom)
2019-11-07 15:45:34,892 [pool-67-thread-1] INFO  server.RaftServerConfigKeys (ConfUtils.java:logGet(43)) - raft.server.log.corruption.policy = EXCEPTION (default)
2019-11-07 15:45:34,892 [pool-57-thread-1] INFO  impl.RaftServerImpl (ServerState.java:<init>(103)) - 23009ee2-9021-4988-ae90-668230c647fc@group-388FE325BACB: ConfigurationManager, init=-1: [3460842f-6799-42e6-977c-19ee6a54bb14:192.168.157.213:36473, 67d3b5a8-a443-4ceb-9f15-0e42c4e44235:192.168.157.213:39307, 23009ee2-9021-4988-ae90-668230c647fc:192.168.157.213:34050], old=null, confs=<EMPTY_MAP>
2019-11-07 15:45:34,892 [pool-67-thread-1] INFO  storage.RaftStorageDirectory (RaftStorageDirectory.java:analyzeStorage(246)) - The storage directory /workdir/hadoop-ozone/ozonefs/target/test-dir/MiniOzoneClusterImpl-60a16074-8321-4247-8f3f-e8d2795f07f5/datanode-4/data/ratis/3784862a-a651-4574-9ab4-388fe325bacb does not exist. Creating ...
2019-11-07 15:45:34,892 [pool-57-thread-1] INFO  server.RaftServerConfigKeys (ConfUtils.java:logGet(43)) - raft.server.storage.dir = [/workdir/hadoop-ozone/ozonefs/target/test-dir/MiniOzoneClusterImpl-60a16074-8321-4247-8f3f-e8d2795f07f5/datanode-3/data/ratis] (custom)
2019-11-07 15:45:34,893 [pool-57-thread-1] INFO  server.RaftServerConfigKeys (ConfUtils.java:logGet(43)) - raft.server.log.corruption.policy = EXCEPTION (default)
2019-11-07 15:45:34,893 [pool-57-thread-1] INFO  storage.RaftStorageDirectory (RaftStorageDirectory.java:analyzeStorage(246)) - The storage directory /workdir/hadoop-ozone/ozonefs/target/test-dir/MiniOzoneClusterImpl-60a16074-8321-4247-8f3f-e8d2795f07f5/datanode-3/data/ratis/3784862a-a651-4574-9ab4-388fe325bacb does not exist. Creating ...
2019-11-07 15:45:34,904 [pool-27-thread-1] INFO  storage.RaftStorageDirectory (RaftStorageDirectory.java:tryLock(328)) - Lock on /workdir/hadoop-ozone/ozonefs/target/test-dir/MiniOzoneClusterImpl-60a16074-8321-4247-8f3f-e8d2795f07f5/datanode-0/data/ratis/3784862a-a651-4574-9ab4-388fe325bacb/in_use.lock acquired by nodename 9615@pr-hdds-1987-mzbkn-2610147090
2019-11-07 15:45:34,904 [pool-67-thread-1] INFO  storage.RaftStorageDirectory (RaftStorageDirectory.java:tryLock(328)) - Lock on /workdir/hadoop-ozone/ozonefs/target/test-dir/MiniOzoneClusterImpl-60a16074-8321-4247-8f3f-e8d2795f07f5/datanode-4/data/ratis/3784862a-a651-4574-9ab4-388fe325bacb/in_use.lock acquired by nodename 9615@pr-hdds-1987-mzbkn-2610147090
2019-11-07 15:45:34,904 [pool-57-thread-1] INFO  storage.RaftStorageDirectory (RaftStorageDirectory.java:tryLock(328)) - Lock on /workdir/hadoop-ozone/ozonefs/target/test-dir/MiniOzoneClusterImpl-60a16074-8321-4247-8f3f-e8d2795f07f5/datanode-3/data/ratis/3784862a-a651-4574-9ab4-388fe325bacb/in_use.lock acquired by nodename 9615@pr-hdds-1987-mzbkn-2610147090
2019-11-07 15:45:34,918 [pool-27-thread-1] INFO  storage.RaftStorage (RaftStorage.java:format(84)) - Storage directory /workdir/hadoop-ozone/ozonefs/target/test-dir/MiniOzoneClusterImpl-60a16074-8321-4247-8f3f-e8d2795f07f5/datanode-0/data/ratis/3784862a-a651-4574-9ab4-388fe325bacb has been successfully formatted.
2019-11-07 15:45:34,918 [pool-67-thread-1] INFO  storage.RaftStorage (RaftStorage.java:format(84)) - Storage directory /workdir/hadoop-ozone/ozonefs/target/test-dir/MiniOzoneClusterImpl-60a16074-8321-4247-8f3f-e8d2795f07f5/datanode-4/data/ratis/3784862a-a651-4574-9ab4-388fe325bacb has been successfully formatted.
2019-11-07 15:45:34,919 [pool-27-thread-1] INFO  ratis.ContainerStateMachine (ContainerStateMachine.java:loadSnapshot(231)) - group-388FE325BACB: The snapshot info is null. Setting the last applied indexto:(t:0, i:~)
2019-11-07 15:45:34,918 [pool-57-thread-1] INFO  storage.RaftStorage (RaftStorage.java:format(84)) - Storage directory /workdir/hadoop-ozone/ozonefs/target/test-dir/MiniOzoneClusterImpl-60a16074-8321-4247-8f3f-e8d2795f07f5/datanode-3/data/ratis/3784862a-a651-4574-9ab4-388fe325bacb has been successfully formatted.
2019-11-07 15:45:34,919 [pool-67-thread-1] INFO  ratis.ContainerStateMachine (ContainerStateMachine.java:loadSnapshot(231)) - group-388FE325BACB: The snapshot info is null. Setting the last applied indexto:(t:0, i:~)
2019-11-07 15:45:34,919 [pool-27-thread-1] INFO  server.RaftServerConfigKeys (ConfUtils.java:logGet(43)) - raft.server.notification.no-leader.timeout = 120s (custom)
2019-11-07 15:45:34,919 [pool-67-thread-1] INFO  server.RaftServerConfigKeys (ConfUtils.java:logGet(43)) - raft.server.notification.no-leader.timeout = 120s (custom)
2019-11-07 15:45:34,919 [pool-57-thread-1] INFO  ratis.ContainerStateMachine (ContainerStateMachine.java:loadSnapshot(231)) - group-388FE325BACB: The snapshot info is null. Setting the last applied indexto:(t:0, i:~)
2019-11-07 15:45:34,919 [pool-67-thread-1] INFO  server.RaftServerConfigKeys (ConfUtils.java:logGet(43)) - raft.server.log.use.memory = false (default)
2019-11-07 15:45:34,919 [pool-27-thread-1] INFO  server.RaftServerConfigKeys (ConfUtils.java:logGet(43)) - raft.server.log.use.memory = false (default)
2019-11-07 15:45:34,920 [pool-67-thread-1] INFO  server.RaftServerConfigKeys (ConfUtils.java:logGet(43)) - raft.server.log.purge.gap = 1000000 (custom)
2019-11-07 15:45:34,920 [pool-57-thread-1] INFO  server.RaftServerConfigKeys (ConfUtils.java:logGet(43)) - raft.server.notification.no-leader.timeout = 120s (custom)
2019-11-07 15:45:34,920 [pool-67-thread-1] INFO  server.RaftServerConfigKeys (ConfUtils.java:logGet(43)) - raft.server.log.appender.buffer.byte-limit = 33554432 (custom)
2019-11-07 15:45:34,920 [pool-27-thread-1] INFO  server.RaftServerConfigKeys (ConfUtils.java:logGet(43)) - raft.server.log.purge.gap = 1000000 (custom)
2019-11-07 15:45:34,921 [pool-67-thread-1] INFO  server.RaftServerConfigKeys (ConfUtils.java:logGet(43)) - raft.server.log.segment.size.max = 1048576 (custom)
2019-11-07 15:45:34,920 [pool-57-thread-1] INFO  server.RaftServerConfigKeys (ConfUtils.java:logGet(43)) - raft.server.log.use.memory = false (default)
2019-11-07 15:45:34,921 [pool-67-thread-1] INFO  server.RaftServerConfigKeys (ConfUtils.java:logGet(43)) - raft.server.log.segment.cache.num.max = 2 (custom)
2019-11-07 15:45:34,921 [pool-27-thread-1] INFO  server.RaftServerConfigKeys (ConfUtils.java:logGet(43)) - raft.server.log.appender.buffer.byte-limit = 33554432 (custom)
2019-11-07 15:45:34,921 [pool-67-thread-1] INFO  segmented.SegmentedRaftLogWorker (SegmentedRaftLogWorker.java:<init>(173)) - new 67d3b5a8-a443-4ceb-9f15-0e42c4e44235@group-388FE325BACB-SegmentedRaftLogWorker for RaftStorage:Storage Directory /workdir/hadoop-ozone/ozonefs/target/test-dir/MiniOzoneClusterImpl-60a16074-8321-4247-8f3f-e8d2795f07f5/datanode-4/data/ratis/3784862a-a651-4574-9ab4-388fe325bacb
2019-11-07 15:45:34,921 [pool-57-thread-1] INFO  server.RaftServerConfigKeys (ConfUtils.java:logGet(43)) - raft.server.log.purge.gap = 1000000 (custom)
2019-11-07 15:45:34,922 [pool-67-thread-1] INFO  server.RaftServerConfigKeys (ConfUtils.java:logGet(43)) - raft.server.log.queue.byte-limit = 2147483647 (custom)
2019-11-07 15:45:34,922 [pool-27-thread-1] INFO  server.RaftServerConfigKeys (ConfUtils.java:logGet(43)) - raft.server.log.segment.size.max = 1048576 (custom)
2019-11-07 15:45:34,922 [pool-67-thread-1] INFO  server.RaftServerConfigKeys (ConfUtils.java:logGet(43)) - raft.server.log.queue.element-limit = 1024 (custom)
2019-11-07 15:45:34,922 [pool-57-thread-1] INFO  server.RaftServerConfigKeys (ConfUtils.java:logGet(43)) - raft.server.log.appender.buffer.byte-limit = 33554432 (custom)
2019-11-07 15:45:34,922 [pool-67-thread-1] INFO  server.RaftServerConfigKeys (ConfUtils.java:logGet(43)) - raft.server.log.segment.size.max = 1048576 (custom)
2019-11-07 15:45:34,922 [pool-27-thread-1] INFO  server.RaftServerConfigKeys (ConfUtils.java:logGet(43)) - raft.server.log.segment.cache.num.max = 2 (custom)
2019-11-07 15:45:34,923 [pool-67-thread-1] INFO  server.RaftServerConfigKeys (ConfUtils.java:logGet(43)) - raft.server.log.preallocated.size = 16384 (custom)
2019-11-07 15:45:34,923 [pool-57-thread-1] INFO  server.RaftServerConfigKeys (ConfUtils.java:logGet(43)) - raft.server.log.segment.size.max = 1048576 (custom)
2019-11-07 15:45:34,923 [pool-67-thread-1] INFO  server.RaftServerConfigKeys (ConfUtils.java:logGet(43)) - raft.server.log.write.buffer.size = 33554432 (custom)
2019-11-07 15:45:34,923 [pool-27-thread-1] INFO  segmented.SegmentedRaftLogWorker (SegmentedRaftLogWorker.java:<init>(173)) - new 3460842f-6799-42e6-977c-19ee6a54bb14@group-388FE325BACB-SegmentedRaftLogWorker for RaftStorage:Storage Directory /workdir/hadoop-ozone/ozonefs/target/test-dir/MiniOzoneClusterImpl-60a16074-8321-4247-8f3f-e8d2795f07f5/datanode-0/data/ratis/3784862a-a651-4574-9ab4-388fe325bacb
2019-11-07 15:45:34,923 [pool-67-thread-1] INFO  server.RaftServerConfigKeys (ConfUtils.java:logGet(43)) - raft.server.log.force.sync.num = 128 (default)
2019-11-07 15:45:34,923 [pool-57-thread-1] INFO  server.RaftServerConfigKeys (ConfUtils.java:logGet(43)) - raft.server.log.segment.cache.num.max = 2 (custom)
2019-11-07 15:45:34,924 [pool-67-thread-1] INFO  server.RaftServerConfigKeys (ConfUtils.java:logGet(43)) - raft.server.log.statemachine.data.sync = true (default)
2019-11-07 15:45:34,924 [pool-27-thread-1] INFO  server.RaftServerConfigKeys (ConfUtils.java:logGet(43)) - raft.server.log.queue.byte-limit = 2147483647 (custom)
2019-11-07 15:45:34,924 [pool-67-thread-1] INFO  server.RaftServerConfigKeys (ConfUtils.java:logGet(43)) - raft.server.log.statemachine.data.sync.timeout = 10s (default)
2019-11-07 15:45:34,924 [pool-57-thread-1] INFO  segmented.SegmentedRaftLogWorker (SegmentedRaftLogWorker.java:<init>(173)) - new 23009ee2-9021-4988-ae90-668230c647fc@group-388FE325BACB-SegmentedRaftLogWorker for RaftStorage:Storage Directory /workdir/hadoop-ozone/ozonefs/target/test-dir/MiniOzoneClusterImpl-60a16074-8321-4247-8f3f-e8d2795f07f5/datanode-3/data/ratis/3784862a-a651-4574-9ab4-388fe325bacb
2019-11-07 15:45:34,925 [pool-67-thread-1] INFO  server.RaftServerConfigKeys (ConfUtils.java:logGet(43)) - raft.server.log.statemachine.data.sync.timeout.retry = -1 (default)
2019-11-07 15:45:34,925 [pool-27-thread-1] INFO  server.RaftServerConfigKeys (ConfUtils.java:logGet(43)) - raft.server.log.queue.element-limit = 1024 (custom)
2019-11-07 15:45:34,925 [pool-57-thread-1] INFO  server.RaftServerConfigKeys (ConfUtils.java:logGet(43)) - raft.server.log.queue.byte-limit = 2147483647 (custom)
2019-11-07 15:45:34,925 [pool-27-thread-1] INFO  server.RaftServerConfigKeys (ConfUtils.java:logGet(43)) - raft.server.log.segment.size.max = 1048576 (custom)
2019-11-07 15:45:34,925 [pool-67-thread-1] INFO  server.RaftServerConfigKeys (ConfUtils.java:logGet(43)) - raft.server.log.statemachine.data.caching.enabled = true (custom)
2019-11-07 15:45:34,925 [pool-27-thread-1] INFO  server.RaftServerConfigKeys (ConfUtils.java:logGet(43)) - raft.server.log.preallocated.size = 16384 (custom)
2019-11-07 15:45:34,925 [pool-57-thread-1] INFO  server.RaftServerConfigKeys (ConfUtils.java:logGet(43)) - raft.server.log.queue.element-limit = 1024 (custom)
2019-11-07 15:45:34,926 [pool-67-thread-1] INFO  segmented.SegmentedRaftLogWorker (SegmentedRaftLogWorker.java:lambda$new$0(128)) - 67d3b5a8-a443-4ceb-9f15-0e42c4e44235@group-388FE325BACB-SegmentedRaftLogWorker: flushIndex: setUnconditionally 0 -> -1
2019-11-07 15:45:34,926 [pool-27-thread-1] INFO  server.RaftServerConfigKeys (ConfUtils.java:logGet(43)) - raft.server.log.write.buffer.size = 33554432 (custom)
2019-11-07 15:45:34,926 [pool-57-thread-1] INFO  server.RaftServerConfigKeys (ConfUtils.java:logGet(43)) - raft.server.log.segment.size.max = 1048576 (custom)
2019-11-07 15:45:34,926 [pool-27-thread-1] INFO  server.RaftServerConfigKeys (ConfUtils.java:logGet(43)) - raft.server.log.force.sync.num = 128 (default)
2019-11-07 15:45:34,926 [pool-67-thread-1] INFO  server.RaftServerConfigKeys (ConfUtils.java:logGet(43)) - raft.server.snapshot.auto.trigger.enabled = true (custom)
2019-11-07 15:45:34,927 [pool-27-thread-1] INFO  server.RaftServerConfigKeys (ConfUtils.java:logGet(43)) - raft.server.log.statemachine.data.sync = true (default)
2019-11-07 15:45:34,926 [pool-57-thread-1] INFO  server.RaftServerConfigKeys (ConfUtils.java:logGet(43)) - raft.server.log.preallocated.size = 16384 (custom)
2019-11-07 15:45:34,927 [pool-27-thread-1] INFO  server.RaftServerConfigKeys (ConfUtils.java:logGet(43)) - raft.server.log.statemachine.data.sync.timeout = 10s (default)
2019-11-07 15:45:34,927 [pool-67-thread-1] INFO  server.RaftServerConfigKeys (ConfUtils.java:logGet(43)) - raft.server.snapshot.auto.trigger.threshold = 10000 (custom)
2019-11-07 15:45:34,927 [pool-27-thread-1] INFO  server.RaftServerConfigKeys (ConfUtils.java:logGet(43)) - raft.server.log.statemachine.data.sync.timeout.retry = -1 (default)
2019-11-07 15:45:34,927 [pool-57-thread-1] INFO  server.RaftServerConfigKeys (ConfUtils.java:logGet(43)) - raft.server.log.write.buffer.size = 33554432 (custom)
2019-11-07 15:45:34,928 [pool-67-thread-1] INFO  server.RaftServerConfigKeys (ConfUtils.java:logGet(43)) - raft.server.snapshot.retention.file.num = 5 (custom)
2019-11-07 15:45:34,928 [pool-57-thread-1] INFO  server.RaftServerConfigKeys (ConfUtils.java:logGet(43)) - raft.server.log.force.sync.num = 128 (default)
2019-11-07 15:45:34,928 [pool-67-thread-1] INFO  server.RaftServerConfigKeys (ConfUtils.java:logGet(43)) - raft.server.retrycache.expirytime = 600000ms (custom)
2019-11-07 15:45:34,928 [pool-27-thread-1] INFO  server.RaftServerConfigKeys (ConfUtils.java:logGet(43)) - raft.server.log.statemachine.data.caching.enabled = true (custom)
2019-11-07 15:45:34,929 [pool-67-thread-1] WARN  impl.MetricRegistriesImpl (MetricRegistriesImpl.java:lambda$create$1(61)) - First MetricRegistry has been created without registering reporters. You may need to call MetricRegistries.global().addReportRegistration(...) before.
2019-11-07 15:45:34,928 [pool-57-thread-1] INFO  server.RaftServerConfigKeys (ConfUtils.java:logGet(43)) - raft.server.log.statemachine.data.sync = true (default)
2019-11-07 15:45:34,929 [pool-67-thread-1] WARN  impl.MetricRegistriesImpl (MetricRegistriesImpl.java:lambda$create$1(61)) - First MetricRegistry has been created without registering reporters. You may need to call MetricRegistries.global().addReportRegistration(...) before.
2019-11-07 15:45:34,929 [pool-57-thread-1] INFO  server.RaftServerConfigKeys (ConfUtils.java:logGet(43)) - raft.server.log.statemachine.data.sync.timeout = 10s (default)
2019-11-07 15:45:34,929 [pool-67-thread-1] INFO  impl.RaftServerImpl (RaftServerImpl.java:start(184)) - 67d3b5a8-a443-4ceb-9f15-0e42c4e44235@group-388FE325BACB: start as a follower, conf=-1: [3460842f-6799-42e6-977c-19ee6a54bb14:192.168.157.213:36473, 67d3b5a8-a443-4ceb-9f15-0e42c4e44235:192.168.157.213:39307, 23009ee2-9021-4988-ae90-668230c647fc:192.168.157.213:34050], old=null
2019-11-07 15:45:34,929 [pool-27-thread-1] INFO  segmented.SegmentedRaftLogWorker (SegmentedRaftLogWorker.java:lambda$new$0(128)) - 3460842f-6799-42e6-977c-19ee6a54bb14@group-388FE325BACB-SegmentedRaftLogWorker: flushIndex: setUnconditionally 0 -> -1
2019-11-07 15:45:34,929 [pool-67-thread-1] INFO  impl.RaftServerImpl (RaftServerImpl.java:setRole(173)) - 67d3b5a8-a443-4ceb-9f15-0e42c4e44235@group-388FE325BACB: changes role from      null to FOLLOWER at term 0 for startAsFollower
2019-11-07 15:45:34,929 [pool-57-thread-1] INFO  server.RaftServerConfigKeys (ConfUtils.java:logGet(43)) - raft.server.log.statemachine.data.sync.timeout.retry = -1 (default)
2019-11-07 15:45:34,930 [pool-27-thread-1] INFO  server.RaftServerConfigKeys (ConfUtils.java:logGet(43)) - raft.server.snapshot.auto.trigger.enabled = true (custom)
2019-11-07 15:45:34,930 [pool-67-thread-1] INFO  impl.RoleInfo (RoleInfo.java:updateAndGet(143)) - 67d3b5a8-a443-4ceb-9f15-0e42c4e44235: start FollowerState
2019-11-07 15:45:34,930 [pool-27-thread-1] INFO  server.RaftServerConfigKeys (ConfUtils.java:logGet(43)) - raft.server.snapshot.auto.trigger.threshold = 10000 (custom)
2019-11-07 15:45:34,930 [pool-57-thread-1] INFO  server.RaftServerConfigKeys (ConfUtils.java:logGet(43)) - raft.server.log.statemachine.data.caching.enabled = true (custom)
2019-11-07 15:45:34,931 [pool-67-thread-1] INFO  util.JmxRegister (JmxRegister.java:tryRegister(44)) - Successfully registered JMX Bean with object name Ratis:service=RaftServer,group=group-388FE325BACB,id=67d3b5a8-a443-4ceb-9f15-0e42c4e44235
2019-11-07 15:45:34,931 [pool-27-thread-1] INFO  server.RaftServerConfigKeys (ConfUtils.java:logGet(43)) - raft.server.snapshot.retention.file.num = 5 (custom)
2019-11-07 15:45:34,931 [pool-57-thread-1] INFO  segmented.SegmentedRaftLogWorker (SegmentedRaftLogWorker.java:lambda$new$0(128)) - 23009ee2-9021-4988-ae90-668230c647fc@group-388FE325BACB-SegmentedRaftLogWorker: flushIndex: setUnconditionally 0 -> -1
2019-11-07 15:45:34,931 [pool-67-thread-1] WARN  impl.MetricRegistriesImpl (MetricRegistriesImpl.java:lambda$create$1(61)) - First MetricRegistry has been created without registering reporters. You may need to call MetricRegistries.global().addReportRegistration(...) before.
2019-11-07 15:45:34,932 [pool-27-thread-1] INFO  server.RaftServerConfigKeys (ConfUtils.java:logGet(43)) - raft.server.retrycache.expirytime = 600000ms (custom)
2019-11-07 15:45:34,932 [pool-57-thread-1] INFO  server.RaftServerConfigKeys (ConfUtils.java:logGet(43)) - raft.server.snapshot.auto.trigger.enabled = true (custom)
2019-11-07 15:45:34,932 [pool-27-thread-1] WARN  impl.MetricRegistriesImpl (MetricRegistriesImpl.java:lambda$create$1(61)) - First MetricRegistry has been created without registering reporters. You may need to call MetricRegistries.global().addReportRegistration(...) before.
2019-11-07 15:45:34,932 [pool-57-thread-1] INFO  server.RaftServerConfigKeys (ConfUtils.java:logGet(43)) - raft.server.snapshot.auto.trigger.threshold = 10000 (custom)
2019-11-07 15:45:34,932 [pool-27-thread-1] WARN  impl.MetricRegistriesImpl (MetricRegistriesImpl.java:lambda$create$1(61)) - First MetricRegistry has been created without registering reporters. You may need to call MetricRegistries.global().addReportRegistration(...) before.
2019-11-07 15:45:34,932 [pool-57-thread-1] INFO  server.RaftServerConfigKeys (ConfUtils.java:logGet(43)) - raft.server.snapshot.retention.file.num = 5 (custom)
2019-11-07 15:45:34,933 [JUnit] INFO  ozone.MiniOzoneClusterImpl (MiniOzoneClusterImpl.java:lambda$waitForClusterToBeReady$0(147)) - Cluster is ready. Got 5 of 5 DN Heartbeats.
2019-11-07 15:45:34,933 [pool-57-thread-1] INFO  server.RaftServerConfigKeys (ConfUtils.java:logGet(43)) - raft.server.retrycache.expirytime = 600000ms (custom)
2019-11-07 15:45:34,933 [pool-27-thread-1] INFO  impl.RaftServerImpl (RaftServerImpl.java:start(184)) - 3460842f-6799-42e6-977c-19ee6a54bb14@group-388FE325BACB: start as a follower, conf=-1: [3460842f-6799-42e6-977c-19ee6a54bb14:192.168.157.213:36473, 67d3b5a8-a443-4ceb-9f15-0e42c4e44235:192.168.157.213:39307, 23009ee2-9021-4988-ae90-668230c647fc:192.168.157.213:34050], old=null
2019-11-07 15:45:34,934 [pool-57-thread-1] WARN  impl.MetricRegistriesImpl (MetricRegistriesImpl.java:lambda$create$1(61)) - First MetricRegistry has been created without registering reporters. You may need to call MetricRegistries.global().addReportRegistration(...) before.
2019-11-07 15:45:34,935 [pool-27-thread-1] INFO  impl.RaftServerImpl (RaftServerImpl.java:setRole(173)) - 3460842f-6799-42e6-977c-19ee6a54bb14@group-388FE325BACB: changes role from      null to FOLLOWER at term 0 for startAsFollower
2019-11-07 15:45:34,935 [pool-57-thread-1] WARN  impl.MetricRegistriesImpl (MetricRegistriesImpl.java:lambda$create$1(61)) - First MetricRegistry has been created without registering reporters. You may need to call MetricRegistries.global().addReportRegistration(...) before.
2019-11-07 15:45:34,935 [pool-27-thread-1] INFO  impl.RoleInfo (RoleInfo.java:updateAndGet(143)) - 3460842f-6799-42e6-977c-19ee6a54bb14: start FollowerState
2019-11-07 15:45:34,935 [pool-57-thread-1] INFO  impl.RaftServerImpl (RaftServerImpl.java:start(184)) - 23009ee2-9021-4988-ae90-668230c647fc@group-388FE325BACB: start as a follower, conf=-1: [3460842f-6799-42e6-977c-19ee6a54bb14:192.168.157.213:36473, 67d3b5a8-a443-4ceb-9f15-0e42c4e44235:192.168.157.213:39307, 23009ee2-9021-4988-ae90-668230c647fc:192.168.157.213:34050], old=null
2019-11-07 15:45:34,935 [pool-57-thread-1] INFO  impl.RaftServerImpl (RaftServerImpl.java:setRole(173)) - 23009ee2-9021-4988-ae90-668230c647fc@group-388FE325BACB: changes role from      null to FOLLOWER at term 0 for startAsFollower
2019-11-07 15:45:34,936 [pool-57-thread-1] INFO  impl.RoleInfo (RoleInfo.java:updateAndGet(143)) - 23009ee2-9021-4988-ae90-668230c647fc: start FollowerState
2019-11-07 15:45:34,936 [pool-27-thread-1] INFO  util.JmxRegister (JmxRegister.java:tryRegister(44)) - Successfully registered JMX Bean with object name Ratis:service=RaftServer,group=group-388FE325BACB,id=3460842f-6799-42e6-977c-19ee6a54bb14
2019-11-07 15:45:34,936 [pool-27-thread-1] WARN  impl.MetricRegistriesImpl (MetricRegistriesImpl.java:lambda$create$1(61)) - First MetricRegistry has been created without registering reporters. You may need to call MetricRegistries.global().addReportRegistration(...) before.
2019-11-07 15:45:34,937 [pool-57-thread-1] INFO  util.JmxRegister (JmxRegister.java:tryRegister(44)) - Successfully registered JMX Bean with object name Ratis:service=RaftServer,group=group-388FE325BACB,id=23009ee2-9021-4988-ae90-668230c647fc
2019-11-07 15:45:34,938 [pool-57-thread-1] WARN  impl.MetricRegistriesImpl (MetricRegistriesImpl.java:lambda$create$1(61)) - First MetricRegistry has been created without registering reporters. You may need to call MetricRegistries.global().addReportRegistration(...) before.
2019-11-07 15:45:34,962 [RatisPipelineUtilsThread] INFO  pipeline.PipelineStateManager (PipelineStateManager.java:addPipeline(56)) - Created pipeline Pipeline[ Id: 3784862a-a651-4574-9ab4-388fe325bacb, Nodes: 3460842f-6799-42e6-977c-19ee6a54bb14{ip: 192.168.157.213, host: pr-hdds-1987-mzbkn-2610147090, networkLocation: /default-rack, certSerialId: null}23009ee2-9021-4988-ae90-668230c647fc{ip: 192.168.157.213, host: pr-hdds-1987-mzbkn-2610147090, networkLocation: /default-rack, certSerialId: null}67d3b5a8-a443-4ceb-9f15-0e42c4e44235{ip: 192.168.157.213, host: pr-hdds-1987-mzbkn-2610147090, networkLocation: /default-rack, certSerialId: null}, Type:RATIS, Factor:THREE, State:OPEN]
2019-11-07 15:45:34,991 [Thread-233] INFO  Configuration.deprecation (Configuration.java:logDeprecation(1394)) - mapred.job.tracker is deprecated. Instead, use mapreduce.jobtracker.address
2019-11-07 15:45:35,696 [Thread-233] INFO  rpc.RpcClient (RpcClient.java:createVolume(291)) - Creating Volume: volume20997, with user04947 as owner.
2019-11-07 15:45:36,073 [IPC Server handler 4 on 35423] INFO  volume.OMVolumeCreateRequest (OMVolumeCreateRequest.java:validateAndUpdateCache(193)) - created volume:volume20997 for user:user04947
2019-11-07 15:45:36,150 [Thread-233] INFO  rpc.RpcClient (RpcClient.java:createBucket(430)) - Creating Bucket: volume20997/bucket01598, with Versioning false and Storage Type set to DISK and Encryption set to false 
2019-11-07 15:45:36,339 [Thread-233] INFO  contract.AbstractFSContractTestBase (AbstractFSContractTestBase.java:setup(184)) - Test filesystem = o3fs://bucket01598.volume20997 implemented by OzoneFileSystem{URI=o3fs://bucket01598.volume20997, workingDir=o3fs://bucket01598.volume20997/user/jenkins1000, userName=jenkins1000, statistics=0 bytes read, 0 bytes written, 0 read ops, 0 large read ops, 0 write ops}
15:45:36.535 [IPC Server handler 4 on 35423] ERROR OMAudit - user=jenkins1000 | ip=127.0.0.1 | op=GET_FILE_STATUS {volume=volume20997, bucket=bucket01598, key=test/ITestOzoneContractDistCp/testUpdateDeepDirectoryStructureNoChange, dataSize=0, replicationType=null, replicationFactor=null, keyLocationInfo=null} | ret=FAILURE
org.apache.hadoop.ozone.om.exceptions.OMException: Unable to get file status: volume: volume20997 bucket: bucket01598 key: test/ITestOzoneContractDistCp/testUpdateDeepDirectoryStructureNoChange
	at org.apache.hadoop.ozone.om.KeyManagerImpl.getFileStatus(KeyManagerImpl.java:1784) ~[hadoop-ozone-ozone-manager-0.5.0-SNAPSHOT.jar:?]
	at org.apache.hadoop.ozone.om.OzoneManager.getFileStatus(OzoneManager.java:2762) ~[hadoop-ozone-ozone-manager-0.5.0-SNAPSHOT.jar:?]
	at org.apache.hadoop.ozone.protocolPB.OzoneManagerRequestHandler.getOzoneFileStatus(OzoneManagerRequestHandler.java:1053) ~[hadoop-ozone-ozone-manager-0.5.0-SNAPSHOT.jar:?]
	at org.apache.hadoop.ozone.protocolPB.OzoneManagerRequestHandler.handle(OzoneManagerRequestHandler.java:340) ~[hadoop-ozone-ozone-manager-0.5.0-SNAPSHOT.jar:?]
	at org.apache.hadoop.ozone.protocolPB.OzoneManagerProtocolServerSideTranslatorPB.submitRequestDirectlyToOM(OzoneManagerProtocolServerSideTranslatorPB.java:208) ~[hadoop-ozone-ozone-manager-0.5.0-SNAPSHOT.jar:?]
	at org.apache.hadoop.ozone.protocolPB.OzoneManagerProtocolServerSideTranslatorPB.processRequest(OzoneManagerProtocolServerSideTranslatorPB.java:132) ~[hadoop-ozone-ozone-manager-0.5.0-SNAPSHOT.jar:?]
	at org.apache.hadoop.hdds.server.OzoneProtocolMessageDispatcher.processRequest(OzoneProtocolMessageDispatcher.java:72) [hadoop-hdds-server-framework-0.5.0-SNAPSHOT.jar:?]
	at org.apache.hadoop.ozone.protocolPB.OzoneManagerProtocolServerSideTranslatorPB.submitRequest(OzoneManagerProtocolServerSideTranslatorPB.java:100) [hadoop-ozone-ozone-manager-0.5.0-SNAPSHOT.jar:?]
	at org.apache.hadoop.ozone.protocol.proto.OzoneManagerProtocolProtos$OzoneManagerService$2.callBlockingMethod(OzoneManagerProtocolProtos.java) [hadoop-ozone-common-0.5.0-SNAPSHOT.jar:?]
	at org.apache.hadoop.ipc.ProtobufRpcEngine$Server$ProtoBufRpcInvoker.call(ProtobufRpcEngine.java:524) [hadoop-common-3.2.0.jar:?]
	at org.apache.hadoop.ipc.RPC$Server.call(RPC.java:1025) [hadoop-common-3.2.0.jar:?]
	at org.apache.hadoop.ipc.Server$RpcCall.run(Server.java:876) [hadoop-common-3.2.0.jar:?]
	at org.apache.hadoop.ipc.Server$RpcCall.run(Server.java:822) [hadoop-common-3.2.0.jar:?]
	at java.security.AccessController.doPrivileged(Native Method) [?:1.8.0_222]
	at javax.security.auth.Subject.doAs(Subject.java:422) [?:1.8.0_222]
	at org.apache.hadoop.security.UserGroupInformation.doAs(UserGroupInformation.java:1730) [hadoop-common-3.2.0.jar:?]
	at org.apache.hadoop.ipc.Server$Handler.run(Server.java:2682) [hadoop-common-3.2.0.jar:?]
2019-11-07 15:45:36,580 [Thread-233] INFO  contract.AbstractFSContractTestBase (AbstractFSContractTestBase.java:describe(255)) - update an unchanged directory structure from local to remote; expect no copy
2019-11-07 15:45:36,645 [Thread-208] INFO  container.ReplicationManager (ReplicationManager.java:start(162)) - Starting Replication Monitor Thread.
2019-11-07 15:45:36,647 [ReplicationMonitor] INFO  container.ReplicationManager (ReplicationManager.java:run(225)) - Replication Monitor Thread took 0 milliseconds for processing 0 containers.
2019-11-07 15:45:36,818 [Thread-233] INFO  impl.MetricsSystemImpl (MetricsSystemImpl.java:init(158)) - JobTracker metrics system started (again)
2019-11-07 15:45:36,858 [Thread-233] INFO  impl.MetricsSystemImpl (MetricsSystemImpl.java:init(158)) - JobTracker metrics system started (again)
15:45:36.948 [IPC Server handler 7 on 35423] ERROR OMAudit - user=jenkins1000 | ip=127.0.0.1 | op=GET_FILE_STATUS {volume=volume20997, bucket=bucket01598, key=test/ITestOzoneContractDistCp/testUpdateDeepDirectoryStructureNoChange/remote/outputDir, dataSize=0, replicationType=null, replicationFactor=null, keyLocationInfo=null} | ret=FAILURE
org.apache.hadoop.ozone.om.exceptions.OMException: Unable to get file status: volume: volume20997 bucket: bucket01598 key: test/ITestOzoneContractDistCp/testUpdateDeepDirectoryStructureNoChange/remote/outputDir
	at org.apache.hadoop.ozone.om.KeyManagerImpl.getFileStatus(KeyManagerImpl.java:1784) ~[hadoop-ozone-ozone-manager-0.5.0-SNAPSHOT.jar:?]
	at org.apache.hadoop.ozone.om.OzoneManager.getFileStatus(OzoneManager.java:2762) ~[hadoop-ozone-ozone-manager-0.5.0-SNAPSHOT.jar:?]
	at org.apache.hadoop.ozone.protocolPB.OzoneManagerRequestHandler.getOzoneFileStatus(OzoneManagerRequestHandler.java:1053) ~[hadoop-ozone-ozone-manager-0.5.0-SNAPSHOT.jar:?]
	at org.apache.hadoop.ozone.protocolPB.OzoneManagerRequestHandler.handle(OzoneManagerRequestHandler.java:340) ~[hadoop-ozone-ozone-manager-0.5.0-SNAPSHOT.jar:?]
	at org.apache.hadoop.ozone.protocolPB.OzoneManagerProtocolServerSideTranslatorPB.submitRequestDirectlyToOM(OzoneManagerProtocolServerSideTranslatorPB.java:208) ~[hadoop-ozone-ozone-manager-0.5.0-SNAPSHOT.jar:?]
	at org.apache.hadoop.ozone.protocolPB.OzoneManagerProtocolServerSideTranslatorPB.processRequest(OzoneManagerProtocolServerSideTranslatorPB.java:132) ~[hadoop-ozone-ozone-manager-0.5.0-SNAPSHOT.jar:?]
	at org.apache.hadoop.hdds.server.OzoneProtocolMessageDispatcher.processRequest(OzoneProtocolMessageDispatcher.java:72) [hadoop-hdds-server-framework-0.5.0-SNAPSHOT.jar:?]
	at org.apache.hadoop.ozone.protocolPB.OzoneManagerProtocolServerSideTranslatorPB.submitRequest(OzoneManagerProtocolServerSideTranslatorPB.java:100) [hadoop-ozone-ozone-manager-0.5.0-SNAPSHOT.jar:?]
	at org.apache.hadoop.ozone.protocol.proto.OzoneManagerProtocolProtos$OzoneManagerService$2.callBlockingMethod(OzoneManagerProtocolProtos.java) [hadoop-ozone-common-0.5.0-SNAPSHOT.jar:?]
	at org.apache.hadoop.ipc.ProtobufRpcEngine$Server$ProtoBufRpcInvoker.call(ProtobufRpcEngine.java:524) [hadoop-common-3.2.0.jar:?]
	at org.apache.hadoop.ipc.RPC$Server.call(RPC.java:1025) [hadoop-common-3.2.0.jar:?]
	at org.apache.hadoop.ipc.Server$RpcCall.run(Server.java:876) [hadoop-common-3.2.0.jar:?]
	at org.apache.hadoop.ipc.Server$RpcCall.run(Server.java:822) [hadoop-common-3.2.0.jar:?]
	at java.security.AccessController.doPrivileged(Native Method) [?:1.8.0_222]
	at javax.security.auth.Subject.doAs(Subject.java:422) [?:1.8.0_222]
	at org.apache.hadoop.security.UserGroupInformation.doAs(UserGroupInformation.java:1730) [hadoop-common-3.2.0.jar:?]
	at org.apache.hadoop.ipc.Server$Handler.run(Server.java:2682) [hadoop-common-3.2.0.jar:?]
2019-11-07 15:45:37,122 [Thread-233] INFO  tools.SimpleCopyListing (SimpleCopyListing.java:printStats(608)) - Paths (files+dirs) cnt = 11; dirCnt = 6
2019-11-07 15:45:37,122 [Thread-233] INFO  tools.SimpleCopyListing (SimpleCopyListing.java:doBuildListing(402)) - Build file listing completed.
2019-11-07 15:45:37,125 [Thread-233] INFO  Configuration.deprecation (Configuration.java:logDeprecation(1394)) - io.sort.mb is deprecated. Instead, use mapreduce.task.io.sort.mb
2019-11-07 15:45:37,126 [Thread-233] INFO  Configuration.deprecation (Configuration.java:logDeprecation(1394)) - io.sort.factor is deprecated. Instead, use mapreduce.task.io.sort.factor
2019-11-07 15:45:37,166 [Thread-233] INFO  tools.DistCp (CopyListing.java:buildListing(94)) - Number of paths in the copy list: 11
2019-11-07 15:45:37,182 [Thread-233] INFO  tools.DistCp (CopyListing.java:buildListing(94)) - Number of paths in the copy list: 11
2019-11-07 15:45:37,187 [Thread-233] INFO  impl.MetricsSystemImpl (MetricsSystemImpl.java:init(158)) - JobTracker metrics system started (again)
2019-11-07 15:45:37,215 [Thread-233] WARN  mapreduce.JobResourceUploader (JobResourceUploader.java:uploadResourcesInternal(147)) - Hadoop command-line option parsing not performed. Implement the Tool interface and execute your application with ToolRunner to remedy this.
2019-11-07 15:45:37,300 [Thread-233] INFO  mapreduce.JobSubmitter (JobSubmitter.java:submitJobInternal(202)) - number of splits:9
2019-11-07 15:45:37,441 [Thread-233] INFO  mapreduce.JobSubmitter (JobSubmitter.java:printTokens(298)) - Submitting tokens for job: job_local511469519_0001
2019-11-07 15:45:37,441 [Thread-233] INFO  mapreduce.JobSubmitter (JobSubmitter.java:printTokens(299)) - Executing with tokens: []
2019-11-07 15:45:37,650 [Thread-233] INFO  mapreduce.Job (Job.java:submit(1574)) - The url to track the job: http://localhost:8080/
2019-11-07 15:45:37,651 [Thread-233] INFO  tools.DistCp (DistCp.java:createAndSubmitJob(217)) - DistCp job-id: job_local511469519_0001
2019-11-07 15:45:37,652 [Thread-233] INFO  mapreduce.Job (Job.java:monitorAndPrintJob(1619)) - Running job: job_local511469519_0001
2019-11-07 15:45:37,657 [Thread-305] INFO  mapred.LocalJobRunner (LocalJobRunner.java:createOutputCommitter(501)) - OutputCommitter set in config null
2019-11-07 15:45:37,670 [Thread-305] INFO  output.FileOutputCommitter (FileOutputCommitter.java:<init>(140)) - File Output Committer Algorithm version is 2
2019-11-07 15:45:37,670 [Thread-305] INFO  output.FileOutputCommitter (FileOutputCommitter.java:<init>(155)) - FileOutputCommitter skip cleanup _temporary folders under output directory:false, ignore cleanup failures: false
2019-11-07 15:45:37,673 [Thread-305] INFO  mapred.LocalJobRunner (LocalJobRunner.java:createOutputCommitter(519)) - OutputCommitter is org.apache.hadoop.tools.mapred.CopyCommitter
2019-11-07 15:45:37,744 [Thread-305] INFO  mapred.LocalJobRunner (LocalJobRunner.java:runTasks(478)) - Waiting for map tasks
2019-11-07 15:45:37,746 [LocalJobRunner Map Task Executor #0] INFO  mapred.LocalJobRunner (LocalJobRunner.java:run(252)) - Starting task: attempt_local511469519_0001_m_000000_0
2019-11-07 15:45:37,794 [LocalJobRunner Map Task Executor #0] INFO  output.FileOutputCommitter (FileOutputCommitter.java:<init>(140)) - File Output Committer Algorithm version is 2
2019-11-07 15:45:37,798 [LocalJobRunner Map Task Executor #0] INFO  output.FileOutputCommitter (FileOutputCommitter.java:<init>(155)) - FileOutputCommitter skip cleanup _temporary folders under output directory:false, ignore cleanup failures: false
2019-11-07 15:45:37,824 [LocalJobRunner Map Task Executor #0] INFO  mapred.Task (Task.java:initialize(626)) -  Using ResourceCalculatorProcessTree : [ ]
2019-11-07 15:45:37,828 [LocalJobRunner Map Task Executor #0] INFO  mapred.MapTask (MapTask.java:runNewMapper(768)) - Processing split: file:/tmp/hadoop/mapred/staging/jenkins10001849494917/.staging/_distcp1555763523/fileList.seq:2515+586
2019-11-07 15:45:37,839 [LocalJobRunner Map Task Executor #0] INFO  output.FileOutputCommitter (FileOutputCommitter.java:<init>(140)) - File Output Committer Algorithm version is 2
2019-11-07 15:45:37,839 [LocalJobRunner Map Task Executor #0] INFO  output.FileOutputCommitter (FileOutputCommitter.java:<init>(155)) - FileOutputCommitter skip cleanup _temporary folders under output directory:false, ignore cleanup failures: false
15:45:37.867 [IPC Server handler 7 on 35423] ERROR OMAudit - user=jenkins1000 | ip=127.0.0.1 | op=GET_FILE_STATUS {volume=volume20997, bucket=bucket01598, key=test/ITestOzoneContractDistCp/testUpdateDeepDirectoryStructureNoChange/remote/outputDir, dataSize=0, replicationType=null, replicationFactor=null, keyLocationInfo=null} | ret=FAILURE
org.apache.hadoop.ozone.om.exceptions.OMException: Unable to get file status: volume: volume20997 bucket: bucket01598 key: test/ITestOzoneContractDistCp/testUpdateDeepDirectoryStructureNoChange/remote/outputDir
	at org.apache.hadoop.ozone.om.KeyManagerImpl.getFileStatus(KeyManagerImpl.java:1784) ~[hadoop-ozone-ozone-manager-0.5.0-SNAPSHOT.jar:?]
	at org.apache.hadoop.ozone.om.OzoneManager.getFileStatus(OzoneManager.java:2762) ~[hadoop-ozone-ozone-manager-0.5.0-SNAPSHOT.jar:?]
	at org.apache.hadoop.ozone.protocolPB.OzoneManagerRequestHandler.getOzoneFileStatus(OzoneManagerRequestHandler.java:1053) ~[hadoop-ozone-ozone-manager-0.5.0-SNAPSHOT.jar:?]
	at org.apache.hadoop.ozone.protocolPB.OzoneManagerRequestHandler.handle(OzoneManagerRequestHandler.java:340) ~[hadoop-ozone-ozone-manager-0.5.0-SNAPSHOT.jar:?]
	at org.apache.hadoop.ozone.protocolPB.OzoneManagerProtocolServerSideTranslatorPB.submitRequestDirectlyToOM(OzoneManagerProtocolServerSideTranslatorPB.java:208) ~[hadoop-ozone-ozone-manager-0.5.0-SNAPSHOT.jar:?]
	at org.apache.hadoop.ozone.protocolPB.OzoneManagerProtocolServerSideTranslatorPB.processRequest(OzoneManagerProtocolServerSideTranslatorPB.java:132) ~[hadoop-ozone-ozone-manager-0.5.0-SNAPSHOT.jar:?]
	at org.apache.hadoop.hdds.server.OzoneProtocolMessageDispatcher.processRequest(OzoneProtocolMessageDispatcher.java:72) [hadoop-hdds-server-framework-0.5.0-SNAPSHOT.jar:?]
	at org.apache.hadoop.ozone.protocolPB.OzoneManagerProtocolServerSideTranslatorPB.submitRequest(OzoneManagerProtocolServerSideTranslatorPB.java:100) [hadoop-ozone-ozone-manager-0.5.0-SNAPSHOT.jar:?]
	at org.apache.hadoop.ozone.protocol.proto.OzoneManagerProtocolProtos$OzoneManagerService$2.callBlockingMethod(OzoneManagerProtocolProtos.java) [hadoop-ozone-common-0.5.0-SNAPSHOT.jar:?]
	at org.apache.hadoop.ipc.ProtobufRpcEngine$Server$ProtoBufRpcInvoker.call(ProtobufRpcEngine.java:524) [hadoop-common-3.2.0.jar:?]
	at org.apache.hadoop.ipc.RPC$Server.call(RPC.java:1025) [hadoop-common-3.2.0.jar:?]
	at org.apache.hadoop.ipc.Server$RpcCall.run(Server.java:876) [hadoop-common-3.2.0.jar:?]
	at org.apache.hadoop.ipc.Server$RpcCall.run(Server.java:822) [hadoop-common-3.2.0.jar:?]
	at java.security.AccessController.doPrivileged(Native Method) [?:1.8.0_222]
	at javax.security.auth.Subject.doAs(Subject.java:422) [?:1.8.0_222]
	at org.apache.hadoop.security.UserGroupInformation.doAs(UserGroupInformation.java:1730) [hadoop-common-3.2.0.jar:?]
	at org.apache.hadoop.ipc.Server$Handler.run(Server.java:2682) [hadoop-common-3.2.0.jar:?]
2019-11-07 15:45:37,870 [LocalJobRunner Map Task Executor #0] INFO  mapred.CopyMapper (CopyMapper.java:map(154)) - Copying file:/workdir/hadoop-ozone/ozonefs/target/test-dir/ITestOzoneContractDistCp/testUpdateDeepDirectoryStructureNoChange/local/inputDir/subDir4/subDir4/file5 to o3fs://bucket01598.volume20997/test/ITestOzoneContractDistCp/testUpdateDeepDirectoryStructureNoChange/remote/outputDir/inputDir/subDir4/subDir4/file5
15:45:37.879 [IPC Server handler 5 on 35423] ERROR OMAudit - user=jenkins1000 | ip=127.0.0.1 | op=GET_FILE_STATUS {volume=volume20997, bucket=bucket01598, key=test/ITestOzoneContractDistCp/testUpdateDeepDirectoryStructureNoChange/remote/outputDir/inputDir/subDir4/subDir4/file5, dataSize=0, replicationType=null, replicationFactor=null, keyLocationInfo=null} | ret=FAILURE
org.apache.hadoop.ozone.om.exceptions.OMException: Unable to get file status: volume: volume20997 bucket: bucket01598 key: test/ITestOzoneContractDistCp/testUpdateDeepDirectoryStructureNoChange/remote/outputDir/inputDir/subDir4/subDir4/file5
	at org.apache.hadoop.ozone.om.KeyManagerImpl.getFileStatus(KeyManagerImpl.java:1784) ~[hadoop-ozone-ozone-manager-0.5.0-SNAPSHOT.jar:?]
	at org.apache.hadoop.ozone.om.OzoneManager.getFileStatus(OzoneManager.java:2762) ~[hadoop-ozone-ozone-manager-0.5.0-SNAPSHOT.jar:?]
	at org.apache.hadoop.ozone.protocolPB.OzoneManagerRequestHandler.getOzoneFileStatus(OzoneManagerRequestHandler.java:1053) ~[hadoop-ozone-ozone-manager-0.5.0-SNAPSHOT.jar:?]
	at org.apache.hadoop.ozone.protocolPB.OzoneManagerRequestHandler.handle(OzoneManagerRequestHandler.java:340) ~[hadoop-ozone-ozone-manager-0.5.0-SNAPSHOT.jar:?]
	at org.apache.hadoop.ozone.protocolPB.OzoneManagerProtocolServerSideTranslatorPB.submitRequestDirectlyToOM(OzoneManagerProtocolServerSideTranslatorPB.java:208) ~[hadoop-ozone-ozone-manager-0.5.0-SNAPSHOT.jar:?]
	at org.apache.hadoop.ozone.protocolPB.OzoneManagerProtocolServerSideTranslatorPB.processRequest(OzoneManagerProtocolServerSideTranslatorPB.java:132) ~[hadoop-ozone-ozone-manager-0.5.0-SNAPSHOT.jar:?]
	at org.apache.hadoop.hdds.server.OzoneProtocolMessageDispatcher.processRequest(OzoneProtocolMessageDispatcher.java:72) [hadoop-hdds-server-framework-0.5.0-SNAPSHOT.jar:?]
	at org.apache.hadoop.ozone.protocolPB.OzoneManagerProtocolServerSideTranslatorPB.submitRequest(OzoneManagerProtocolServerSideTranslatorPB.java:100) [hadoop-ozone-ozone-manager-0.5.0-SNAPSHOT.jar:?]
	at org.apache.hadoop.ozone.protocol.proto.OzoneManagerProtocolProtos$OzoneManagerService$2.callBlockingMethod(OzoneManagerProtocolProtos.java) [hadoop-ozone-common-0.5.0-SNAPSHOT.jar:?]
	at org.apache.hadoop.ipc.ProtobufRpcEngine$Server$ProtoBufRpcInvoker.call(ProtobufRpcEngine.java:524) [hadoop-common-3.2.0.jar:?]
	at org.apache.hadoop.ipc.RPC$Server.call(RPC.java:1025) [hadoop-common-3.2.0.jar:?]
	at org.apache.hadoop.ipc.Server$RpcCall.run(Server.java:876) [hadoop-common-3.2.0.jar:?]
	at org.apache.hadoop.ipc.Server$RpcCall.run(Server.java:822) [hadoop-common-3.2.0.jar:?]
	at java.security.AccessController.doPrivileged(Native Method) [?:1.8.0_222]
	at javax.security.auth.Subject.doAs(Subject.java:422) [?:1.8.0_222]
	at org.apache.hadoop.security.UserGroupInformation.doAs(UserGroupInformation.java:1730) [hadoop-common-3.2.0.jar:?]
	at org.apache.hadoop.ipc.Server$Handler.run(Server.java:2682) [hadoop-common-3.2.0.jar:?]
2019-11-07 15:45:37,887 [LocalJobRunner Map Task Executor #0] INFO  mapred.RetriableFileCopyCommand (RetriableFileCopyCommand.java:getTmpFile(260)) - Creating temp file: o3fs://bucket01598.volume20997/test/ITestOzoneContractDistCp/testUpdateDeepDirectoryStructureNoChange/remote/outputDir/.distcp.tmp.attempt_local511469519_0001_m_000000_0
2019-11-07 15:45:38,031 [LocalJobRunner Map Task Executor #0] INFO  impl.MetricsSystemImpl (MetricsSystemImpl.java:init(158)) - XceiverClientMetrics metrics system started (again)
2019-11-07 15:45:38,659 [Thread-233] INFO  mapreduce.Job (Job.java:monitorAndPrintJob(1640)) - Job job_local511469519_0001 running in uber mode : false
2019-11-07 15:45:38,661 [Thread-233] INFO  mapreduce.Job (Job.java:monitorAndPrintJob(1647)) -  map 0% reduce 0%
2019-11-07 15:45:39,425 [Thread-210] INFO  impl.FollowerState (FollowerState.java:run(111)) - 3460842f-6799-42e6-977c-19ee6a54bb14@group-3CC2E4E5AD7E-FollowerState: change to CANDIDATE, lastRpcTime:5004ms, electionTimeout:5003ms
2019-11-07 15:45:39,429 [Thread-210] INFO  impl.RoleInfo (RoleInfo.java:shutdownFollowerState(121)) - 3460842f-6799-42e6-977c-19ee6a54bb14: shutdown FollowerState
2019-11-07 15:45:39,429 [Thread-210] INFO  impl.RaftServerImpl (RaftServerImpl.java:setRole(173)) - 3460842f-6799-42e6-977c-19ee6a54bb14@group-3CC2E4E5AD7E: changes role from  FOLLOWER to CANDIDATE at term 0 for changeToCandidate
2019-11-07 15:45:39,435 [Thread-210] INFO  impl.RoleInfo (RoleInfo.java:updateAndGet(143)) - 3460842f-6799-42e6-977c-19ee6a54bb14: start LeaderElection
2019-11-07 15:45:39,452 [3460842f-6799-42e6-977c-19ee6a54bb14@group-3CC2E4E5AD7E-LeaderElection1] INFO  impl.LeaderElection (LeaderElection.java:askForVotes(178)) - 3460842f-6799-42e6-977c-19ee6a54bb14@group-3CC2E4E5AD7E-LeaderElection1: begin an election at term 1 for -1: [3460842f-6799-42e6-977c-19ee6a54bb14:192.168.157.213:36473], old=null
2019-11-07 15:45:39,454 [3460842f-6799-42e6-977c-19ee6a54bb14@group-3CC2E4E5AD7E-LeaderElection1] INFO  impl.RoleInfo (RoleInfo.java:shutdownLeaderElection(134)) - 3460842f-6799-42e6-977c-19ee6a54bb14: shutdown LeaderElection
2019-11-07 15:45:39,454 [3460842f-6799-42e6-977c-19ee6a54bb14@group-3CC2E4E5AD7E-LeaderElection1] INFO  impl.RaftServerImpl (RaftServerImpl.java:setRole(173)) - 3460842f-6799-42e6-977c-19ee6a54bb14@group-3CC2E4E5AD7E: changes role from CANDIDATE to LEADER at term 1 for changeToLeader
2019-11-07 15:45:39,455 [3460842f-6799-42e6-977c-19ee6a54bb14@group-3CC2E4E5AD7E-LeaderElection1] INFO  impl.RaftServerImpl (ServerState.java:setLeader(255)) - 3460842f-6799-42e6-977c-19ee6a54bb14@group-3CC2E4E5AD7E: change Leader from null to 3460842f-6799-42e6-977c-19ee6a54bb14 at term 1 for becomeLeader, leader elected after 5130ms
2019-11-07 15:45:39,462 [3460842f-6799-42e6-977c-19ee6a54bb14@group-3CC2E4E5AD7E-LeaderElection1] INFO  server.RaftServerConfigKeys (ConfUtils.java:logGet(43)) - raft.server.staging.catchup.gap = 1000 (default)
2019-11-07 15:45:39,462 [3460842f-6799-42e6-977c-19ee6a54bb14@group-3CC2E4E5AD7E-LeaderElection1] INFO  server.RaftServerConfigKeys (ConfUtils.java:logGet(43)) - raft.server.rpc.sleep.time = 25ms (default)
2019-11-07 15:45:39,467 [3460842f-6799-42e6-977c-19ee6a54bb14@group-3CC2E4E5AD7E-LeaderElection1] INFO  server.RaftServerConfigKeys (ConfUtils.java:logGet(43)) - raft.server.write.element-limit = 4096 (default)
2019-11-07 15:45:39,472 [3460842f-6799-42e6-977c-19ee6a54bb14@group-3CC2E4E5AD7E-LeaderElection1] INFO  server.RaftServerConfigKeys (ConfUtils.java:logGet(43)) - raft.server.watch.timeout = 10s (default)
2019-11-07 15:45:39,473 [3460842f-6799-42e6-977c-19ee6a54bb14@group-3CC2E4E5AD7E-LeaderElection1] INFO  server.RaftServerConfigKeys (ConfUtils.java:logGet(43)) - raft.server.watch.timeout.denomination = 1s (default)
2019-11-07 15:45:39,474 [3460842f-6799-42e6-977c-19ee6a54bb14@group-3CC2E4E5AD7E-LeaderElection1] INFO  server.RaftServerConfigKeys (ConfUtils.java:logGet(43)) - raft.server.watch.element-limit = 65536 (default)
2019-11-07 15:45:39,482 [3460842f-6799-42e6-977c-19ee6a54bb14@group-3CC2E4E5AD7E-LeaderElection1] INFO  impl.RoleInfo (RoleInfo.java:updateAndGet(143)) - 3460842f-6799-42e6-977c-19ee6a54bb14: start LeaderState
2019-11-07 15:45:39,502 [3460842f-6799-42e6-977c-19ee6a54bb14@group-3CC2E4E5AD7E-LeaderElection1] INFO  segmented.SegmentedRaftLogWorker (SegmentedRaftLogWorker.java:startLogSegment(385)) - 3460842f-6799-42e6-977c-19ee6a54bb14@group-3CC2E4E5AD7E-SegmentedRaftLogWorker: Starting segment from index:0
2019-11-07 15:45:39,511 [3460842f-6799-42e6-977c-19ee6a54bb14@group-3CC2E4E5AD7E-LeaderElection1] INFO  impl.RaftServerImpl (ServerState.java:setRaftConf(356)) - 3460842f-6799-42e6-977c-19ee6a54bb14@group-3CC2E4E5AD7E: set configuration 0: [3460842f-6799-42e6-977c-19ee6a54bb14:192.168.157.213:36473], old=null at 0
2019-11-07 15:45:39,650 [3460842f-6799-42e6-977c-19ee6a54bb14@group-3CC2E4E5AD7E-SegmentedRaftLogWorker] INFO  segmented.SegmentedRaftLogWorker (SegmentedRaftLogWorker.java:execute(576)) - 3460842f-6799-42e6-977c-19ee6a54bb14@group-3CC2E4E5AD7E-SegmentedRaftLogWorker: created new log segment /workdir/hadoop-ozone/ozonefs/target/test-dir/MiniOzoneClusterImpl-60a16074-8321-4247-8f3f-e8d2795f07f5/datanode-0/data/ratis/ee4857f7-dc49-413b-b705-3cc2e4e5ad7e/current/log_inprogress_0
2019-11-07 15:45:39,656 [Thread-213] INFO  impl.FollowerState (FollowerState.java:run(111)) - 23009ee2-9021-4988-ae90-668230c647fc@group-0DFC761D5F8C-FollowerState: change to CANDIDATE, lastRpcTime:5043ms, electionTimeout:5042ms
2019-11-07 15:45:39,658 [Thread-213] INFO  impl.RoleInfo (RoleInfo.java:shutdownFollowerState(121)) - 23009ee2-9021-4988-ae90-668230c647fc: shutdown FollowerState
2019-11-07 15:45:39,658 [Thread-213] INFO  impl.RaftServerImpl (RaftServerImpl.java:setRole(173)) - 23009ee2-9021-4988-ae90-668230c647fc@group-0DFC761D5F8C: changes role from  FOLLOWER to CANDIDATE at term 0 for changeToCandidate
2019-11-07 15:45:39,658 [Thread-213] INFO  impl.RoleInfo (RoleInfo.java:updateAndGet(143)) - 23009ee2-9021-4988-ae90-668230c647fc: start LeaderElection
2019-11-07 15:45:39,666 [23009ee2-9021-4988-ae90-668230c647fc@group-0DFC761D5F8C-LeaderElection2] INFO  impl.LeaderElection (LeaderElection.java:askForVotes(178)) - 23009ee2-9021-4988-ae90-668230c647fc@group-0DFC761D5F8C-LeaderElection2: begin an election at term 1 for -1: [23009ee2-9021-4988-ae90-668230c647fc:192.168.157.213:34050], old=null
2019-11-07 15:45:39,667 [23009ee2-9021-4988-ae90-668230c647fc@group-0DFC761D5F8C-LeaderElection2] INFO  impl.RoleInfo (RoleInfo.java:shutdownLeaderElection(134)) - 23009ee2-9021-4988-ae90-668230c647fc: shutdown LeaderElection
2019-11-07 15:45:39,667 [23009ee2-9021-4988-ae90-668230c647fc@group-0DFC761D5F8C-LeaderElection2] INFO  impl.RaftServerImpl (RaftServerImpl.java:setRole(173)) - 23009ee2-9021-4988-ae90-668230c647fc@group-0DFC761D5F8C: changes role from CANDIDATE to LEADER at term 1 for changeToLeader
2019-11-07 15:45:39,667 [23009ee2-9021-4988-ae90-668230c647fc@group-0DFC761D5F8C-LeaderElection2] INFO  impl.RaftServerImpl (ServerState.java:setLeader(255)) - 23009ee2-9021-4988-ae90-668230c647fc@group-0DFC761D5F8C: change Leader from null to 23009ee2-9021-4988-ae90-668230c647fc at term 1 for becomeLeader, leader elected after 5061ms
2019-11-07 15:45:39,668 [23009ee2-9021-4988-ae90-668230c647fc@group-0DFC761D5F8C-LeaderElection2] INFO  server.RaftServerConfigKeys (ConfUtils.java:logGet(43)) - raft.server.staging.catchup.gap = 1000 (default)
2019-11-07 15:45:39,668 [23009ee2-9021-4988-ae90-668230c647fc@group-0DFC761D5F8C-LeaderElection2] INFO  server.RaftServerConfigKeys (ConfUtils.java:logGet(43)) - raft.server.rpc.sleep.time = 25ms (default)
2019-11-07 15:45:39,668 [23009ee2-9021-4988-ae90-668230c647fc@group-0DFC761D5F8C-LeaderElection2] INFO  server.RaftServerConfigKeys (ConfUtils.java:logGet(43)) - raft.server.write.element-limit = 4096 (default)
2019-11-07 15:45:39,668 [23009ee2-9021-4988-ae90-668230c647fc@group-0DFC761D5F8C-LeaderElection2] INFO  server.RaftServerConfigKeys (ConfUtils.java:logGet(43)) - raft.server.watch.timeout = 10s (default)
2019-11-07 15:45:39,669 [23009ee2-9021-4988-ae90-668230c647fc@group-0DFC761D5F8C-LeaderElection2] INFO  server.RaftServerConfigKeys (ConfUtils.java:logGet(43)) - raft.server.watch.timeout.denomination = 1s (default)
2019-11-07 15:45:39,669 [23009ee2-9021-4988-ae90-668230c647fc@group-0DFC761D5F8C-LeaderElection2] INFO  server.RaftServerConfigKeys (ConfUtils.java:logGet(43)) - raft.server.watch.element-limit = 65536 (default)
2019-11-07 15:45:39,669 [23009ee2-9021-4988-ae90-668230c647fc@group-0DFC761D5F8C-LeaderElection2] INFO  impl.RoleInfo (RoleInfo.java:updateAndGet(143)) - 23009ee2-9021-4988-ae90-668230c647fc: start LeaderState
2019-11-07 15:45:39,669 [23009ee2-9021-4988-ae90-668230c647fc@group-0DFC761D5F8C-LeaderElection2] INFO  segmented.SegmentedRaftLogWorker (SegmentedRaftLogWorker.java:startLogSegment(385)) - 23009ee2-9021-4988-ae90-668230c647fc@group-0DFC761D5F8C-SegmentedRaftLogWorker: Starting segment from index:0
2019-11-07 15:45:39,670 [23009ee2-9021-4988-ae90-668230c647fc@group-0DFC761D5F8C-LeaderElection2] INFO  impl.RaftServerImpl (ServerState.java:setRaftConf(356)) - 23009ee2-9021-4988-ae90-668230c647fc@group-0DFC761D5F8C: set configuration 0: [23009ee2-9021-4988-ae90-668230c647fc:192.168.157.213:34050], old=null at 0
2019-11-07 15:45:39,721 [23009ee2-9021-4988-ae90-668230c647fc@group-0DFC761D5F8C-SegmentedRaftLogWorker] INFO  segmented.SegmentedRaftLogWorker (SegmentedRaftLogWorker.java:execute(576)) - 23009ee2-9021-4988-ae90-668230c647fc@group-0DFC761D5F8C-SegmentedRaftLogWorker: created new log segment /workdir/hadoop-ozone/ozonefs/target/test-dir/MiniOzoneClusterImpl-60a16074-8321-4247-8f3f-e8d2795f07f5/datanode-3/data/ratis/cbc00e3f-d955-42ca-b2e4-0dfc761d5f8c/current/log_inprogress_0
2019-11-07 15:45:39,849 [Thread-216] INFO  impl.FollowerState (FollowerState.java:run(111)) - 67d3b5a8-a443-4ceb-9f15-0e42c4e44235@group-80391AE3280D-FollowerState: change to CANDIDATE, lastRpcTime:5148ms, electionTimeout:5148ms
2019-11-07 15:45:39,849 [Thread-216] INFO  impl.RoleInfo (RoleInfo.java:shutdownFollowerState(121)) - 67d3b5a8-a443-4ceb-9f15-0e42c4e44235: shutdown FollowerState
2019-11-07 15:45:39,849 [Thread-216] INFO  impl.RaftServerImpl (RaftServerImpl.java:setRole(173)) - 67d3b5a8-a443-4ceb-9f15-0e42c4e44235@group-80391AE3280D: changes role from  FOLLOWER to CANDIDATE at term 0 for changeToCandidate
2019-11-07 15:45:39,849 [Thread-216] INFO  impl.RoleInfo (RoleInfo.java:updateAndGet(143)) - 67d3b5a8-a443-4ceb-9f15-0e42c4e44235: start LeaderElection
2019-11-07 15:45:39,865 [67d3b5a8-a443-4ceb-9f15-0e42c4e44235@group-80391AE3280D-LeaderElection3] INFO  impl.LeaderElection (LeaderElection.java:askForVotes(178)) - 67d3b5a8-a443-4ceb-9f15-0e42c4e44235@group-80391AE3280D-LeaderElection3: begin an election at term 1 for -1: [67d3b5a8-a443-4ceb-9f15-0e42c4e44235:192.168.157.213:39307], old=null
2019-11-07 15:45:39,866 [67d3b5a8-a443-4ceb-9f15-0e42c4e44235@group-80391AE3280D-LeaderElection3] INFO  impl.RoleInfo (RoleInfo.java:shutdownLeaderElection(134)) - 67d3b5a8-a443-4ceb-9f15-0e42c4e44235: shutdown LeaderElection
2019-11-07 15:45:39,866 [67d3b5a8-a443-4ceb-9f15-0e42c4e44235@group-80391AE3280D-LeaderElection3] INFO  impl.RaftServerImpl (RaftServerImpl.java:setRole(173)) - 67d3b5a8-a443-4ceb-9f15-0e42c4e44235@group-80391AE3280D: changes role from CANDIDATE to LEADER at term 1 for changeToLeader
2019-11-07 15:45:39,866 [67d3b5a8-a443-4ceb-9f15-0e42c4e44235@group-80391AE3280D-LeaderElection3] INFO  impl.RaftServerImpl (ServerState.java:setLeader(255)) - 67d3b5a8-a443-4ceb-9f15-0e42c4e44235@group-80391AE3280D: change Leader from null to 67d3b5a8-a443-4ceb-9f15-0e42c4e44235 at term 1 for becomeLeader, leader elected after 5171ms
2019-11-07 15:45:39,867 [67d3b5a8-a443-4ceb-9f15-0e42c4e44235@group-80391AE3280D-LeaderElection3] INFO  server.RaftServerConfigKeys (ConfUtils.java:logGet(43)) - raft.server.staging.catchup.gap = 1000 (default)
2019-11-07 15:45:39,867 [67d3b5a8-a443-4ceb-9f15-0e42c4e44235@group-80391AE3280D-LeaderElection3] INFO  server.RaftServerConfigKeys (ConfUtils.java:logGet(43)) - raft.server.rpc.sleep.time = 25ms (default)
2019-11-07 15:45:39,867 [67d3b5a8-a443-4ceb-9f15-0e42c4e44235@group-80391AE3280D-LeaderElection3] INFO  server.RaftServerConfigKeys (ConfUtils.java:logGet(43)) - raft.server.write.element-limit = 4096 (default)
2019-11-07 15:45:39,867 [67d3b5a8-a443-4ceb-9f15-0e42c4e44235@group-80391AE3280D-LeaderElection3] INFO  server.RaftServerConfigKeys (ConfUtils.java:logGet(43)) - raft.server.watch.timeout = 10s (default)
2019-11-07 15:45:39,867 [67d3b5a8-a443-4ceb-9f15-0e42c4e44235@group-80391AE3280D-LeaderElection3] INFO  server.RaftServerConfigKeys (ConfUtils.java:logGet(43)) - raft.server.watch.timeout.denomination = 1s (default)
2019-11-07 15:45:39,867 [67d3b5a8-a443-4ceb-9f15-0e42c4e44235@group-80391AE3280D-LeaderElection3] INFO  server.RaftServerConfigKeys (ConfUtils.java:logGet(43)) - raft.server.watch.element-limit = 65536 (default)
2019-11-07 15:45:39,868 [67d3b5a8-a443-4ceb-9f15-0e42c4e44235@group-80391AE3280D-LeaderElection3] INFO  impl.RoleInfo (RoleInfo.java:updateAndGet(143)) - 67d3b5a8-a443-4ceb-9f15-0e42c4e44235: start LeaderState
2019-11-07 15:45:39,868 [67d3b5a8-a443-4ceb-9f15-0e42c4e44235@group-80391AE3280D-LeaderElection3] INFO  segmented.SegmentedRaftLogWorker (SegmentedRaftLogWorker.java:startLogSegment(385)) - 67d3b5a8-a443-4ceb-9f15-0e42c4e44235@group-80391AE3280D-SegmentedRaftLogWorker: Starting segment from index:0
2019-11-07 15:45:39,868 [67d3b5a8-a443-4ceb-9f15-0e42c4e44235@group-80391AE3280D-LeaderElection3] INFO  impl.RaftServerImpl (ServerState.java:setRaftConf(356)) - 67d3b5a8-a443-4ceb-9f15-0e42c4e44235@group-80391AE3280D: set configuration 0: [67d3b5a8-a443-4ceb-9f15-0e42c4e44235:192.168.157.213:39307], old=null at 0
2019-11-07 15:45:39,894 [Thread-219] INFO  impl.FollowerState (FollowerState.java:run(111)) - 3581d420-ee34-4463-b1cb-1c13b1b72182@group-0910ADA20298-FollowerState: change to CANDIDATE, lastRpcTime:5127ms, electionTimeout:5105ms
2019-11-07 15:45:39,894 [Thread-219] INFO  impl.RoleInfo (RoleInfo.java:shutdownFollowerState(121)) - 3581d420-ee34-4463-b1cb-1c13b1b72182: shutdown FollowerState
2019-11-07 15:45:39,894 [Thread-219] INFO  impl.RaftServerImpl (RaftServerImpl.java:setRole(173)) - 3581d420-ee34-4463-b1cb-1c13b1b72182@group-0910ADA20298: changes role from  FOLLOWER to CANDIDATE at term 0 for changeToCandidate
2019-11-07 15:45:39,894 [Thread-219] INFO  impl.RoleInfo (RoleInfo.java:updateAndGet(143)) - 3581d420-ee34-4463-b1cb-1c13b1b72182: start LeaderElection
2019-11-07 15:45:39,919 [67d3b5a8-a443-4ceb-9f15-0e42c4e44235@group-80391AE3280D-SegmentedRaftLogWorker] INFO  segmented.SegmentedRaftLogWorker (SegmentedRaftLogWorker.java:execute(576)) - 67d3b5a8-a443-4ceb-9f15-0e42c4e44235@group-80391AE3280D-SegmentedRaftLogWorker: created new log segment /workdir/hadoop-ozone/ozonefs/target/test-dir/MiniOzoneClusterImpl-60a16074-8321-4247-8f3f-e8d2795f07f5/datanode-4/data/ratis/d6b37603-86dd-4f4b-9f00-80391ae3280d/current/log_inprogress_0
2019-11-07 15:45:39,919 [3581d420-ee34-4463-b1cb-1c13b1b72182@group-0910ADA20298-LeaderElection4] INFO  impl.LeaderElection (LeaderElection.java:askForVotes(178)) - 3581d420-ee34-4463-b1cb-1c13b1b72182@group-0910ADA20298-LeaderElection4: begin an election at term 1 for -1: [3581d420-ee34-4463-b1cb-1c13b1b72182:192.168.157.213:38578], old=null
2019-11-07 15:45:39,919 [3581d420-ee34-4463-b1cb-1c13b1b72182@group-0910ADA20298-LeaderElection4] INFO  impl.RoleInfo (RoleInfo.java:shutdownLeaderElection(134)) - 3581d420-ee34-4463-b1cb-1c13b1b72182: shutdown LeaderElection
2019-11-07 15:45:39,919 [3581d420-ee34-4463-b1cb-1c13b1b72182@group-0910ADA20298-LeaderElection4] INFO  impl.RaftServerImpl (RaftServerImpl.java:setRole(173)) - 3581d420-ee34-4463-b1cb-1c13b1b72182@group-0910ADA20298: changes role from CANDIDATE to LEADER at term 1 for changeToLeader
2019-11-07 15:45:39,920 [3581d420-ee34-4463-b1cb-1c13b1b72182@group-0910ADA20298-LeaderElection4] INFO  impl.RaftServerImpl (ServerState.java:setLeader(255)) - 3581d420-ee34-4463-b1cb-1c13b1b72182@group-0910ADA20298: change Leader from null to 3581d420-ee34-4463-b1cb-1c13b1b72182 at term 1 for becomeLeader, leader elected after 5159ms
2019-11-07 15:45:39,920 [3581d420-ee34-4463-b1cb-1c13b1b72182@group-0910ADA20298-LeaderElection4] INFO  server.RaftServerConfigKeys (ConfUtils.java:logGet(43)) - raft.server.staging.catchup.gap = 1000 (default)
2019-11-07 15:45:39,920 [3581d420-ee34-4463-b1cb-1c13b1b72182@group-0910ADA20298-LeaderElection4] INFO  server.RaftServerConfigKeys (ConfUtils.java:logGet(43)) - raft.server.rpc.sleep.time = 25ms (default)
2019-11-07 15:45:39,921 [3581d420-ee34-4463-b1cb-1c13b1b72182@group-0910ADA20298-LeaderElection4] INFO  server.RaftServerConfigKeys (ConfUtils.java:logGet(43)) - raft.server.write.element-limit = 4096 (default)
2019-11-07 15:45:39,921 [3581d420-ee34-4463-b1cb-1c13b1b72182@group-0910ADA20298-LeaderElection4] INFO  server.RaftServerConfigKeys (ConfUtils.java:logGet(43)) - raft.server.watch.timeout = 10s (default)
2019-11-07 15:45:39,921 [3581d420-ee34-4463-b1cb-1c13b1b72182@group-0910ADA20298-LeaderElection4] INFO  server.RaftServerConfigKeys (ConfUtils.java:logGet(43)) - raft.server.watch.timeout.denomination = 1s (default)
2019-11-07 15:45:39,921 [3581d420-ee34-4463-b1cb-1c13b1b72182@group-0910ADA20298-LeaderElection4] INFO  server.RaftServerConfigKeys (ConfUtils.java:logGet(43)) - raft.server.watch.element-limit = 65536 (default)
2019-11-07 15:45:39,922 [3581d420-ee34-4463-b1cb-1c13b1b72182@group-0910ADA20298-LeaderElection4] INFO  impl.RoleInfo (RoleInfo.java:updateAndGet(143)) - 3581d420-ee34-4463-b1cb-1c13b1b72182: start LeaderState
2019-11-07 15:45:39,922 [3581d420-ee34-4463-b1cb-1c13b1b72182@group-0910ADA20298-LeaderElection4] INFO  segmented.SegmentedRaftLogWorker (SegmentedRaftLogWorker.java:startLogSegment(385)) - 3581d420-ee34-4463-b1cb-1c13b1b72182@group-0910ADA20298-SegmentedRaftLogWorker: Starting segment from index:0
2019-11-07 15:45:39,923 [3581d420-ee34-4463-b1cb-1c13b1b72182@group-0910ADA20298-LeaderElection4] INFO  impl.RaftServerImpl (ServerState.java:setRaftConf(356)) - 3581d420-ee34-4463-b1cb-1c13b1b72182@group-0910ADA20298: set configuration 0: [3581d420-ee34-4463-b1cb-1c13b1b72182:192.168.157.213:38578], old=null at 0
2019-11-07 15:45:39,961 [Thread-222] INFO  impl.FollowerState (FollowerState.java:run(111)) - d9bd29a5-fa37-48cf-b614-76320e0dbb35@group-A10DB1703F46-FollowerState: change to CANDIDATE, lastRpcTime:5127ms, electionTimeout:5127ms
2019-11-07 15:45:39,961 [Thread-222] INFO  impl.RoleInfo (RoleInfo.java:shutdownFollowerState(121)) - d9bd29a5-fa37-48cf-b614-76320e0dbb35: shutdown FollowerState
2019-11-07 15:45:39,961 [Thread-222] INFO  impl.RaftServerImpl (RaftServerImpl.java:setRole(173)) - d9bd29a5-fa37-48cf-b614-76320e0dbb35@group-A10DB1703F46: changes role from  FOLLOWER to CANDIDATE at term 0 for changeToCandidate
2019-11-07 15:45:39,961 [Thread-222] INFO  impl.RoleInfo (RoleInfo.java:updateAndGet(143)) - d9bd29a5-fa37-48cf-b614-76320e0dbb35: start LeaderElection
2019-11-07 15:45:39,961 [3581d420-ee34-4463-b1cb-1c13b1b72182@group-0910ADA20298-SegmentedRaftLogWorker] INFO  segmented.SegmentedRaftLogWorker (SegmentedRaftLogWorker.java:execute(576)) - 3581d420-ee34-4463-b1cb-1c13b1b72182@group-0910ADA20298-SegmentedRaftLogWorker: created new log segment /workdir/hadoop-ozone/ozonefs/target/test-dir/MiniOzoneClusterImpl-60a16074-8321-4247-8f3f-e8d2795f07f5/datanode-1/data/ratis/5f8dfbe1-7b1b-4434-820d-0910ada20298/current/log_inprogress_0
2019-11-07 15:45:39,979 [d9bd29a5-fa37-48cf-b614-76320e0dbb35@group-A10DB1703F46-LeaderElection5] INFO  impl.LeaderElection (LeaderElection.java:askForVotes(178)) - d9bd29a5-fa37-48cf-b614-76320e0dbb35@group-A10DB1703F46-LeaderElection5: begin an election at term 1 for -1: [d9bd29a5-fa37-48cf-b614-76320e0dbb35:192.168.157.213:38088], old=null
2019-11-07 15:45:39,979 [d9bd29a5-fa37-48cf-b614-76320e0dbb35@group-A10DB1703F46-LeaderElection5] INFO  impl.RoleInfo (RoleInfo.java:shutdownLeaderElection(134)) - d9bd29a5-fa37-48cf-b614-76320e0dbb35: shutdown LeaderElection
2019-11-07 15:45:39,979 [d9bd29a5-fa37-48cf-b614-76320e0dbb35@group-A10DB1703F46-LeaderElection5] INFO  impl.RaftServerImpl (RaftServerImpl.java:setRole(173)) - d9bd29a5-fa37-48cf-b614-76320e0dbb35@group-A10DB1703F46: changes role from CANDIDATE to LEADER at term 1 for changeToLeader
2019-11-07 15:45:39,979 [d9bd29a5-fa37-48cf-b614-76320e0dbb35@group-A10DB1703F46-LeaderElection5] INFO  impl.RaftServerImpl (ServerState.java:setLeader(255)) - d9bd29a5-fa37-48cf-b614-76320e0dbb35@group-A10DB1703F46: change Leader from null to d9bd29a5-fa37-48cf-b614-76320e0dbb35 at term 1 for becomeLeader, leader elected after 5150ms
2019-11-07 15:45:39,980 [d9bd29a5-fa37-48cf-b614-76320e0dbb35@group-A10DB1703F46-LeaderElection5] INFO  server.RaftServerConfigKeys (ConfUtils.java:logGet(43)) - raft.server.staging.catchup.gap = 1000 (default)
2019-11-07 15:45:39,980 [d9bd29a5-fa37-48cf-b614-76320e0dbb35@group-A10DB1703F46-LeaderElection5] INFO  server.RaftServerConfigKeys (ConfUtils.java:logGet(43)) - raft.server.rpc.sleep.time = 25ms (default)
2019-11-07 15:45:39,980 [d9bd29a5-fa37-48cf-b614-76320e0dbb35@group-A10DB1703F46-LeaderElection5] INFO  server.RaftServerConfigKeys (ConfUtils.java:logGet(43)) - raft.server.write.element-limit = 4096 (default)
2019-11-07 15:45:39,980 [d9bd29a5-fa37-48cf-b614-76320e0dbb35@group-A10DB1703F46-LeaderElection5] INFO  server.RaftServerConfigKeys (ConfUtils.java:logGet(43)) - raft.server.watch.timeout = 10s (default)
2019-11-07 15:45:39,980 [d9bd29a5-fa37-48cf-b614-76320e0dbb35@group-A10DB1703F46-LeaderElection5] INFO  server.RaftServerConfigKeys (ConfUtils.java:logGet(43)) - raft.server.watch.timeout.denomination = 1s (default)
2019-11-07 15:45:39,980 [d9bd29a5-fa37-48cf-b614-76320e0dbb35@group-A10DB1703F46-LeaderElection5] INFO  server.RaftServerConfigKeys (ConfUtils.java:logGet(43)) - raft.server.watch.element-limit = 65536 (default)
2019-11-07 15:45:39,980 [d9bd29a5-fa37-48cf-b614-76320e0dbb35@group-A10DB1703F46-LeaderElection5] INFO  impl.RoleInfo (RoleInfo.java:updateAndGet(143)) - d9bd29a5-fa37-48cf-b614-76320e0dbb35: start LeaderState
2019-11-07 15:45:39,981 [d9bd29a5-fa37-48cf-b614-76320e0dbb35@group-A10DB1703F46-LeaderElection5] INFO  segmented.SegmentedRaftLogWorker (SegmentedRaftLogWorker.java:startLogSegment(385)) - d9bd29a5-fa37-48cf-b614-76320e0dbb35@group-A10DB1703F46-SegmentedRaftLogWorker: Starting segment from index:0
2019-11-07 15:45:39,981 [d9bd29a5-fa37-48cf-b614-76320e0dbb35@group-A10DB1703F46-LeaderElection5] INFO  impl.RaftServerImpl (ServerState.java:setRaftConf(356)) - d9bd29a5-fa37-48cf-b614-76320e0dbb35@group-A10DB1703F46: set configuration 0: [d9bd29a5-fa37-48cf-b614-76320e0dbb35:192.168.157.213:38088], old=null at 0
2019-11-07 15:45:40,013 [Thread-230] INFO  impl.FollowerState (FollowerState.java:run(111)) - 23009ee2-9021-4988-ae90-668230c647fc@group-388FE325BACB-FollowerState: change to CANDIDATE, lastRpcTime:5077ms, electionTimeout:5076ms
2019-11-07 15:45:40,014 [Thread-230] INFO  impl.RoleInfo (RoleInfo.java:shutdownFollowerState(121)) - 23009ee2-9021-4988-ae90-668230c647fc: shutdown FollowerState
2019-11-07 15:45:40,014 [Thread-230] INFO  impl.RaftServerImpl (RaftServerImpl.java:setRole(173)) - 23009ee2-9021-4988-ae90-668230c647fc@group-388FE325BACB: changes role from  FOLLOWER to CANDIDATE at term 0 for changeToCandidate
2019-11-07 15:45:40,014 [Thread-230] INFO  impl.RoleInfo (RoleInfo.java:updateAndGet(143)) - 23009ee2-9021-4988-ae90-668230c647fc: start LeaderElection
2019-11-07 15:45:40,017 [Thread-225] INFO  impl.FollowerState (FollowerState.java:run(111)) - 67d3b5a8-a443-4ceb-9f15-0e42c4e44235@group-388FE325BACB-FollowerState: change to CANDIDATE, lastRpcTime:5087ms, electionTimeout:5086ms
2019-11-07 15:45:40,017 [Thread-225] INFO  impl.RoleInfo (RoleInfo.java:shutdownFollowerState(121)) - 67d3b5a8-a443-4ceb-9f15-0e42c4e44235: shutdown FollowerState
2019-11-07 15:45:40,017 [Thread-225] INFO  impl.RaftServerImpl (RaftServerImpl.java:setRole(173)) - 67d3b5a8-a443-4ceb-9f15-0e42c4e44235@group-388FE325BACB: changes role from  FOLLOWER to CANDIDATE at term 0 for changeToCandidate
2019-11-07 15:45:40,018 [Thread-225] INFO  impl.RoleInfo (RoleInfo.java:updateAndGet(143)) - 67d3b5a8-a443-4ceb-9f15-0e42c4e44235: start LeaderElection
2019-11-07 15:45:40,020 [d9bd29a5-fa37-48cf-b614-76320e0dbb35@group-A10DB1703F46-SegmentedRaftLogWorker] INFO  segmented.SegmentedRaftLogWorker (SegmentedRaftLogWorker.java:execute(576)) - d9bd29a5-fa37-48cf-b614-76320e0dbb35@group-A10DB1703F46-SegmentedRaftLogWorker: created new log segment /workdir/hadoop-ozone/ozonefs/target/test-dir/MiniOzoneClusterImpl-60a16074-8321-4247-8f3f-e8d2795f07f5/datanode-2/data/ratis/4c2b3341-f11c-49aa-bcda-a10db1703f46/current/log_inprogress_0
2019-11-07 15:45:40,020 [23009ee2-9021-4988-ae90-668230c647fc@group-388FE325BACB-LeaderElection6] INFO  impl.LeaderElection (LeaderElection.java:askForVotes(178)) - 23009ee2-9021-4988-ae90-668230c647fc@group-388FE325BACB-LeaderElection6: begin an election at term 1 for -1: [3460842f-6799-42e6-977c-19ee6a54bb14:192.168.157.213:36473, 67d3b5a8-a443-4ceb-9f15-0e42c4e44235:192.168.157.213:39307, 23009ee2-9021-4988-ae90-668230c647fc:192.168.157.213:34050], old=null
2019-11-07 15:45:40,026 [Thread-229] INFO  impl.FollowerState (FollowerState.java:run(111)) - 3460842f-6799-42e6-977c-19ee6a54bb14@group-388FE325BACB-FollowerState: change to CANDIDATE, lastRpcTime:5090ms, electionTimeout:5090ms
2019-11-07 15:45:40,026 [Thread-229] INFO  impl.RoleInfo (RoleInfo.java:shutdownFollowerState(121)) - 3460842f-6799-42e6-977c-19ee6a54bb14: shutdown FollowerState
2019-11-07 15:45:40,026 [Thread-229] INFO  impl.RaftServerImpl (RaftServerImpl.java:setRole(173)) - 3460842f-6799-42e6-977c-19ee6a54bb14@group-388FE325BACB: changes role from  FOLLOWER to CANDIDATE at term 0 for changeToCandidate
2019-11-07 15:45:40,026 [Thread-229] INFO  impl.RoleInfo (RoleInfo.java:updateAndGet(143)) - 3460842f-6799-42e6-977c-19ee6a54bb14: start LeaderElection
2019-11-07 15:45:40,035 [3460842f-6799-42e6-977c-19ee6a54bb14@group-388FE325BACB-LeaderElection8] INFO  impl.LeaderElection (LeaderElection.java:askForVotes(178)) - 3460842f-6799-42e6-977c-19ee6a54bb14@group-388FE325BACB-LeaderElection8: begin an election at term 1 for -1: [3460842f-6799-42e6-977c-19ee6a54bb14:192.168.157.213:36473, 67d3b5a8-a443-4ceb-9f15-0e42c4e44235:192.168.157.213:39307, 23009ee2-9021-4988-ae90-668230c647fc:192.168.157.213:34050], old=null
2019-11-07 15:45:40,035 [67d3b5a8-a443-4ceb-9f15-0e42c4e44235@group-388FE325BACB-LeaderElection7] INFO  impl.LeaderElection (LeaderElection.java:askForVotes(178)) - 67d3b5a8-a443-4ceb-9f15-0e42c4e44235@group-388FE325BACB-LeaderElection7: begin an election at term 1 for -1: [3460842f-6799-42e6-977c-19ee6a54bb14:192.168.157.213:36473, 67d3b5a8-a443-4ceb-9f15-0e42c4e44235:192.168.157.213:39307, 23009ee2-9021-4988-ae90-668230c647fc:192.168.157.213:34050], old=null
2019-11-07 15:45:40,076 [23009ee2-9021-4988-ae90-668230c647fc@group-388FE325BACB-LeaderElection6] INFO  impl.LeaderElection (LeaderElection.java:logAndReturn(56)) - 23009ee2-9021-4988-ae90-668230c647fc@group-388FE325BACB-LeaderElection6: Election REJECTED; received 2 response(s) [23009ee2-9021-4988-ae90-668230c647fc<-3460842f-6799-42e6-977c-19ee6a54bb14#0:FAIL-t1, 23009ee2-9021-4988-ae90-668230c647fc<-67d3b5a8-a443-4ceb-9f15-0e42c4e44235#0:FAIL-t1] and 0 exception(s); 23009ee2-9021-4988-ae90-668230c647fc@group-388FE325BACB:t1, leader=null, voted=23009ee2-9021-4988-ae90-668230c647fc, raftlog=23009ee2-9021-4988-ae90-668230c647fc@group-388FE325BACB-SegmentedRaftLog:OPENED:c-1,f-1,i0, conf=-1: [3460842f-6799-42e6-977c-19ee6a54bb14:192.168.157.213:36473, 67d3b5a8-a443-4ceb-9f15-0e42c4e44235:192.168.157.213:39307, 23009ee2-9021-4988-ae90-668230c647fc:192.168.157.213:34050], old=null
2019-11-07 15:45:40,077 [67d3b5a8-a443-4ceb-9f15-0e42c4e44235@group-388FE325BACB-LeaderElection7] INFO  impl.LeaderElection (LeaderElection.java:logAndReturn(56)) - 67d3b5a8-a443-4ceb-9f15-0e42c4e44235@group-388FE325BACB-LeaderElection7: Election REJECTED; received 2 response(s) [67d3b5a8-a443-4ceb-9f15-0e42c4e44235<-3460842f-6799-42e6-977c-19ee6a54bb14#0:FAIL-t1, 67d3b5a8-a443-4ceb-9f15-0e42c4e44235<-23009ee2-9021-4988-ae90-668230c647fc#0:FAIL-t1] and 0 exception(s); 67d3b5a8-a443-4ceb-9f15-0e42c4e44235@group-388FE325BACB:t1, leader=null, voted=67d3b5a8-a443-4ceb-9f15-0e42c4e44235, raftlog=67d3b5a8-a443-4ceb-9f15-0e42c4e44235@group-388FE325BACB-SegmentedRaftLog:OPENED:c-1,f-1,i0, conf=-1: [3460842f-6799-42e6-977c-19ee6a54bb14:192.168.157.213:36473, 67d3b5a8-a443-4ceb-9f15-0e42c4e44235:192.168.157.213:39307, 23009ee2-9021-4988-ae90-668230c647fc:192.168.157.213:34050], old=null
2019-11-07 15:45:40,080 [23009ee2-9021-4988-ae90-668230c647fc@group-388FE325BACB-LeaderElection6] INFO  impl.RaftServerImpl (RaftServerImpl.java:setRole(173)) - 23009ee2-9021-4988-ae90-668230c647fc@group-388FE325BACB: changes role from CANDIDATE to FOLLOWER at term 1 for DISCOVERED_A_NEW_TERM
2019-11-07 15:45:40,081 [3460842f-6799-42e6-977c-19ee6a54bb14@group-388FE325BACB-LeaderElection8] INFO  impl.LeaderElection (LeaderElection.java:logAndReturn(56)) - 3460842f-6799-42e6-977c-19ee6a54bb14@group-388FE325BACB-LeaderElection8: Election REJECTED; received 2 response(s) [3460842f-6799-42e6-977c-19ee6a54bb14<-67d3b5a8-a443-4ceb-9f15-0e42c4e44235#0:FAIL-t1, 3460842f-6799-42e6-977c-19ee6a54bb14<-23009ee2-9021-4988-ae90-668230c647fc#0:FAIL-t1] and 0 exception(s); 3460842f-6799-42e6-977c-19ee6a54bb14@group-388FE325BACB:t1, leader=null, voted=3460842f-6799-42e6-977c-19ee6a54bb14, raftlog=3460842f-6799-42e6-977c-19ee6a54bb14@group-388FE325BACB-SegmentedRaftLog:OPENED:c-1,f-1,i0, conf=-1: [3460842f-6799-42e6-977c-19ee6a54bb14:192.168.157.213:36473, 67d3b5a8-a443-4ceb-9f15-0e42c4e44235:192.168.157.213:39307, 23009ee2-9021-4988-ae90-668230c647fc:192.168.157.213:34050], old=null
2019-11-07 15:45:40,081 [23009ee2-9021-4988-ae90-668230c647fc@group-388FE325BACB-LeaderElection6] INFO  impl.RoleInfo (RoleInfo.java:shutdownLeaderElection(134)) - 23009ee2-9021-4988-ae90-668230c647fc: shutdown LeaderElection
2019-11-07 15:45:40,081 [67d3b5a8-a443-4ceb-9f15-0e42c4e44235@group-388FE325BACB-LeaderElection7] INFO  impl.RaftServerImpl (RaftServerImpl.java:setRole(173)) - 67d3b5a8-a443-4ceb-9f15-0e42c4e44235@group-388FE325BACB: changes role from CANDIDATE to FOLLOWER at term 1 for DISCOVERED_A_NEW_TERM
2019-11-07 15:45:40,084 [23009ee2-9021-4988-ae90-668230c647fc@group-388FE325BACB-LeaderElection6] INFO  impl.RoleInfo (RoleInfo.java:updateAndGet(143)) - 23009ee2-9021-4988-ae90-668230c647fc: start FollowerState
2019-11-07 15:45:40,081 [3460842f-6799-42e6-977c-19ee6a54bb14@group-388FE325BACB-LeaderElection8] INFO  impl.RaftServerImpl (RaftServerImpl.java:setRole(173)) - 3460842f-6799-42e6-977c-19ee6a54bb14@group-388FE325BACB: changes role from CANDIDATE to FOLLOWER at term 1 for DISCOVERED_A_NEW_TERM
2019-11-07 15:45:40,084 [67d3b5a8-a443-4ceb-9f15-0e42c4e44235@group-388FE325BACB-LeaderElection7] INFO  impl.RoleInfo (RoleInfo.java:shutdownLeaderElection(134)) - 67d3b5a8-a443-4ceb-9f15-0e42c4e44235: shutdown LeaderElection
2019-11-07 15:45:40,085 [3460842f-6799-42e6-977c-19ee6a54bb14@group-388FE325BACB-LeaderElection8] INFO  impl.RoleInfo (RoleInfo.java:shutdownLeaderElection(134)) - 3460842f-6799-42e6-977c-19ee6a54bb14: shutdown LeaderElection
2019-11-07 15:45:40,085 [67d3b5a8-a443-4ceb-9f15-0e42c4e44235@group-388FE325BACB-LeaderElection7] INFO  impl.RoleInfo (RoleInfo.java:updateAndGet(143)) - 67d3b5a8-a443-4ceb-9f15-0e42c4e44235: start FollowerState
2019-11-07 15:45:40,085 [3460842f-6799-42e6-977c-19ee6a54bb14@group-388FE325BACB-LeaderElection8] INFO  impl.RoleInfo (RoleInfo.java:updateAndGet(143)) - 3460842f-6799-42e6-977c-19ee6a54bb14: start FollowerState
2019-11-07 15:45:45,126 [Thread-351] INFO  impl.FollowerState (FollowerState.java:run(111)) - 3460842f-6799-42e6-977c-19ee6a54bb14@group-388FE325BACB-FollowerState: change to CANDIDATE, lastRpcTime:5040ms, electionTimeout:5039ms
2019-11-07 15:45:45,126 [Thread-351] INFO  impl.RoleInfo (RoleInfo.java:shutdownFollowerState(121)) - 3460842f-6799-42e6-977c-19ee6a54bb14: shutdown FollowerState
2019-11-07 15:45:45,126 [Thread-351] INFO  impl.RaftServerImpl (RaftServerImpl.java:setRole(173)) - 3460842f-6799-42e6-977c-19ee6a54bb14@group-388FE325BACB: changes role from  FOLLOWER to CANDIDATE at term 1 for changeToCandidate
2019-11-07 15:45:45,127 [Thread-351] INFO  impl.RoleInfo (RoleInfo.java:updateAndGet(143)) - 3460842f-6799-42e6-977c-19ee6a54bb14: start LeaderElection
2019-11-07 15:45:45,155 [Thread-350] INFO  impl.FollowerState (FollowerState.java:run(111)) - 67d3b5a8-a443-4ceb-9f15-0e42c4e44235@group-388FE325BACB-FollowerState: change to CANDIDATE, lastRpcTime:5070ms, electionTimeout:5069ms
2019-11-07 15:45:45,155 [Thread-350] INFO  impl.RoleInfo (RoleInfo.java:shutdownFollowerState(121)) - 67d3b5a8-a443-4ceb-9f15-0e42c4e44235: shutdown FollowerState
2019-11-07 15:45:45,155 [Thread-350] INFO  impl.RaftServerImpl (RaftServerImpl.java:setRole(173)) - 67d3b5a8-a443-4ceb-9f15-0e42c4e44235@group-388FE325BACB: changes role from  FOLLOWER to CANDIDATE at term 1 for changeToCandidate
2019-11-07 15:45:45,156 [Thread-350] INFO  impl.RoleInfo (RoleInfo.java:updateAndGet(143)) - 67d3b5a8-a443-4ceb-9f15-0e42c4e44235: start LeaderElection
2019-11-07 15:45:45,164 [3460842f-6799-42e6-977c-19ee6a54bb14@group-388FE325BACB-LeaderElection9] INFO  impl.LeaderElection (LeaderElection.java:askForVotes(178)) - 3460842f-6799-42e6-977c-19ee6a54bb14@group-388FE325BACB-LeaderElection9: begin an election at term 2 for -1: [3460842f-6799-42e6-977c-19ee6a54bb14:192.168.157.213:36473, 67d3b5a8-a443-4ceb-9f15-0e42c4e44235:192.168.157.213:39307, 23009ee2-9021-4988-ae90-668230c647fc:192.168.157.213:34050], old=null
2019-11-07 15:45:45,171 [grpc-default-executor-0] INFO  impl.RaftServerImpl (RaftServerImpl.java:setRole(173)) - 23009ee2-9021-4988-ae90-668230c647fc@group-388FE325BACB: changes role from  FOLLOWER to FOLLOWER at term 2 for recognizeCandidate:3460842f-6799-42e6-977c-19ee6a54bb14
2019-11-07 15:45:45,172 [grpc-default-executor-0] INFO  impl.RoleInfo (RoleInfo.java:shutdownFollowerState(121)) - 23009ee2-9021-4988-ae90-668230c647fc: shutdown FollowerState
2019-11-07 15:45:45,172 [grpc-default-executor-0] INFO  impl.RoleInfo (RoleInfo.java:updateAndGet(143)) - 23009ee2-9021-4988-ae90-668230c647fc: start FollowerState
2019-11-07 15:45:45,172 [Thread-349] INFO  impl.FollowerState (FollowerState.java:run(120)) - 23009ee2-9021-4988-ae90-668230c647fc@group-388FE325BACB-FollowerState was interrupted: java.lang.InterruptedException: sleep interrupted
2019-11-07 15:45:45,188 [67d3b5a8-a443-4ceb-9f15-0e42c4e44235@group-388FE325BACB-LeaderElection10] INFO  impl.LeaderElection (LeaderElection.java:askForVotes(178)) - 67d3b5a8-a443-4ceb-9f15-0e42c4e44235@group-388FE325BACB-LeaderElection10: begin an election at term 2 for -1: [3460842f-6799-42e6-977c-19ee6a54bb14:192.168.157.213:36473, 67d3b5a8-a443-4ceb-9f15-0e42c4e44235:192.168.157.213:39307, 23009ee2-9021-4988-ae90-668230c647fc:192.168.157.213:34050], old=null
2019-11-07 15:45:45,196 [3460842f-6799-42e6-977c-19ee6a54bb14@group-388FE325BACB-LeaderElection9] INFO  impl.LeaderElection (LeaderElection.java:logAndReturn(56)) - 3460842f-6799-42e6-977c-19ee6a54bb14@group-388FE325BACB-LeaderElection9: Election PASSED; received 2 response(s) [3460842f-6799-42e6-977c-19ee6a54bb14<-67d3b5a8-a443-4ceb-9f15-0e42c4e44235#0:FAIL-t2, 3460842f-6799-42e6-977c-19ee6a54bb14<-23009ee2-9021-4988-ae90-668230c647fc#0:OK-t2] and 0 exception(s); 3460842f-6799-42e6-977c-19ee6a54bb14@group-388FE325BACB:t2, leader=null, voted=3460842f-6799-42e6-977c-19ee6a54bb14, raftlog=3460842f-6799-42e6-977c-19ee6a54bb14@group-388FE325BACB-SegmentedRaftLog:OPENED:c-1,f-1,i0, conf=-1: [3460842f-6799-42e6-977c-19ee6a54bb14:192.168.157.213:36473, 67d3b5a8-a443-4ceb-9f15-0e42c4e44235:192.168.157.213:39307, 23009ee2-9021-4988-ae90-668230c647fc:192.168.157.213:34050], old=null
2019-11-07 15:45:45,196 [3460842f-6799-42e6-977c-19ee6a54bb14@group-388FE325BACB-LeaderElection9] INFO  impl.RoleInfo (RoleInfo.java:shutdownLeaderElection(134)) - 3460842f-6799-42e6-977c-19ee6a54bb14: shutdown LeaderElection
2019-11-07 15:45:45,200 [3460842f-6799-42e6-977c-19ee6a54bb14@group-388FE325BACB-LeaderElection9] INFO  impl.RaftServerImpl (RaftServerImpl.java:setRole(173)) - 3460842f-6799-42e6-977c-19ee6a54bb14@group-388FE325BACB: changes role from CANDIDATE to LEADER at term 2 for changeToLeader
2019-11-07 15:45:45,201 [3460842f-6799-42e6-977c-19ee6a54bb14@group-388FE325BACB-LeaderElection9] INFO  impl.RaftServerImpl (ServerState.java:setLeader(255)) - 3460842f-6799-42e6-977c-19ee6a54bb14@group-388FE325BACB: change Leader from null to 3460842f-6799-42e6-977c-19ee6a54bb14 at term 2 for becomeLeader, leader elected after 10281ms
2019-11-07 15:45:45,201 [3460842f-6799-42e6-977c-19ee6a54bb14@group-388FE325BACB-LeaderElection9] INFO  server.RaftServerConfigKeys (ConfUtils.java:logGet(43)) - raft.server.staging.catchup.gap = 1000 (default)
2019-11-07 15:45:45,201 [3460842f-6799-42e6-977c-19ee6a54bb14@group-388FE325BACB-LeaderElection9] INFO  server.RaftServerConfigKeys (ConfUtils.java:logGet(43)) - raft.server.rpc.sleep.time = 25ms (default)
2019-11-07 15:45:45,201 [3460842f-6799-42e6-977c-19ee6a54bb14@group-388FE325BACB-LeaderElection9] INFO  server.RaftServerConfigKeys (ConfUtils.java:logGet(43)) - raft.server.write.element-limit = 4096 (default)
2019-11-07 15:45:45,201 [3460842f-6799-42e6-977c-19ee6a54bb14@group-388FE325BACB-LeaderElection9] INFO  server.RaftServerConfigKeys (ConfUtils.java:logGet(43)) - raft.server.watch.timeout = 10s (default)
2019-11-07 15:45:45,202 [67d3b5a8-a443-4ceb-9f15-0e42c4e44235@group-388FE325BACB-LeaderElection10] INFO  impl.LeaderElection (LeaderElection.java:logAndReturn(56)) - 67d3b5a8-a443-4ceb-9f15-0e42c4e44235@group-388FE325BACB-LeaderElection10: Election REJECTED; received 2 response(s) [67d3b5a8-a443-4ceb-9f15-0e42c4e44235<-3460842f-6799-42e6-977c-19ee6a54bb14#0:FAIL-t2, 67d3b5a8-a443-4ceb-9f15-0e42c4e44235<-23009ee2-9021-4988-ae90-668230c647fc#0:FAIL-t2] and 0 exception(s); 67d3b5a8-a443-4ceb-9f15-0e42c4e44235@group-388FE325BACB:t2, leader=null, voted=67d3b5a8-a443-4ceb-9f15-0e42c4e44235, raftlog=67d3b5a8-a443-4ceb-9f15-0e42c4e44235@group-388FE325BACB-SegmentedRaftLog:OPENED:c-1,f-1,i0, conf=-1: [3460842f-6799-42e6-977c-19ee6a54bb14:192.168.157.213:36473, 67d3b5a8-a443-4ceb-9f15-0e42c4e44235:192.168.157.213:39307, 23009ee2-9021-4988-ae90-668230c647fc:192.168.157.213:34050], old=null
2019-11-07 15:45:45,202 [3460842f-6799-42e6-977c-19ee6a54bb14@group-388FE325BACB-LeaderElection9] INFO  server.RaftServerConfigKeys (ConfUtils.java:logGet(43)) - raft.server.watch.timeout.denomination = 1s (default)
2019-11-07 15:45:45,203 [67d3b5a8-a443-4ceb-9f15-0e42c4e44235@group-388FE325BACB-LeaderElection10] INFO  impl.RaftServerImpl (RaftServerImpl.java:setRole(173)) - 67d3b5a8-a443-4ceb-9f15-0e42c4e44235@group-388FE325BACB: changes role from CANDIDATE to FOLLOWER at term 2 for DISCOVERED_A_NEW_TERM
2019-11-07 15:45:45,204 [3460842f-6799-42e6-977c-19ee6a54bb14@group-388FE325BACB-LeaderElection9] INFO  server.RaftServerConfigKeys (ConfUtils.java:logGet(43)) - raft.server.watch.element-limit = 65536 (default)
2019-11-07 15:45:45,204 [67d3b5a8-a443-4ceb-9f15-0e42c4e44235@group-388FE325BACB-LeaderElection10] INFO  impl.RoleInfo (RoleInfo.java:shutdownLeaderElection(134)) - 67d3b5a8-a443-4ceb-9f15-0e42c4e44235: shutdown LeaderElection
2019-11-07 15:45:45,204 [67d3b5a8-a443-4ceb-9f15-0e42c4e44235@group-388FE325BACB-LeaderElection10] INFO  impl.RoleInfo (RoleInfo.java:updateAndGet(143)) - 67d3b5a8-a443-4ceb-9f15-0e42c4e44235: start FollowerState
2019-11-07 15:45:45,207 [3460842f-6799-42e6-977c-19ee6a54bb14@group-388FE325BACB-LeaderElection9] INFO  server.RaftServerConfigKeys (ConfUtils.java:logGet(43)) - raft.server.log.appender.snapshot.chunk.size.max = 16MB (=16777216) (default)
2019-11-07 15:45:45,207 [3460842f-6799-42e6-977c-19ee6a54bb14@group-388FE325BACB-LeaderElection9] INFO  server.RaftServerConfigKeys (ConfUtils.java:logGet(43)) - raft.server.log.appender.buffer.byte-limit = 33554432 (custom)
2019-11-07 15:45:45,207 [3460842f-6799-42e6-977c-19ee6a54bb14@group-388FE325BACB-LeaderElection9] INFO  server.RaftServerConfigKeys (ConfUtils.java:logGet(43)) - raft.server.log.appender.buffer.element-limit = 1 (custom)
2019-11-07 15:45:45,210 [3460842f-6799-42e6-977c-19ee6a54bb14@group-388FE325BACB-LeaderElection9] INFO  grpc.GrpcConfigKeys$Server (ConfUtils.java:logGet(43)) - raft.grpc.server.leader.outstanding.appends.max = 128 (default)
2019-11-07 15:45:45,210 [3460842f-6799-42e6-977c-19ee6a54bb14@group-388FE325BACB-LeaderElection9] INFO  server.RaftServerConfigKeys (ConfUtils.java:logGet(43)) - raft.server.rpc.request.timeout = 3000ms (default)
2019-11-07 15:45:45,210 [3460842f-6799-42e6-977c-19ee6a54bb14@group-388FE325BACB-LeaderElection9] INFO  server.RaftServerConfigKeys (ConfUtils.java:logGet(43)) - raft.server.log.appender.install.snapshot.enabled = false (custom)
2019-11-07 15:45:45,211 [3460842f-6799-42e6-977c-19ee6a54bb14@group-388FE325BACB-LeaderElection9] WARN  impl.MetricRegistriesImpl (MetricRegistriesImpl.java:lambda$create$1(61)) - First MetricRegistry has been created without registering reporters. You may need to call MetricRegistries.global().addReportRegistration(...) before.
2019-11-07 15:45:45,212 [3460842f-6799-42e6-977c-19ee6a54bb14@group-388FE325BACB-LeaderElection9] INFO  server.RaftServerConfigKeys (ConfUtils.java:logGet(43)) - raft.server.log.appender.snapshot.chunk.size.max = 16MB (=16777216) (default)
2019-11-07 15:45:45,212 [3460842f-6799-42e6-977c-19ee6a54bb14@group-388FE325BACB-LeaderElection9] INFO  server.RaftServerConfigKeys (ConfUtils.java:logGet(43)) - raft.server.log.appender.buffer.byte-limit = 33554432 (custom)
2019-11-07 15:45:45,212 [3460842f-6799-42e6-977c-19ee6a54bb14@group-388FE325BACB-LeaderElection9] INFO  server.RaftServerConfigKeys (ConfUtils.java:logGet(43)) - raft.server.log.appender.buffer.element-limit = 1 (custom)
2019-11-07 15:45:45,213 [3460842f-6799-42e6-977c-19ee6a54bb14@group-388FE325BACB-LeaderElection9] INFO  grpc.GrpcConfigKeys$Server (ConfUtils.java:logGet(43)) - raft.grpc.server.leader.outstanding.appends.max = 128 (default)
2019-11-07 15:45:45,213 [3460842f-6799-42e6-977c-19ee6a54bb14@group-388FE325BACB-LeaderElection9] INFO  server.RaftServerConfigKeys (ConfUtils.java:logGet(43)) - raft.server.rpc.request.timeout = 3000ms (default)
2019-11-07 15:45:45,213 [3460842f-6799-42e6-977c-19ee6a54bb14@group-388FE325BACB-LeaderElection9] INFO  server.RaftServerConfigKeys (ConfUtils.java:logGet(43)) - raft.server.log.appender.install.snapshot.enabled = false (custom)
2019-11-07 15:45:45,214 [3460842f-6799-42e6-977c-19ee6a54bb14@group-388FE325BACB-LeaderElection9] INFO  impl.RoleInfo (RoleInfo.java:updateAndGet(143)) - 3460842f-6799-42e6-977c-19ee6a54bb14: start LeaderState
2019-11-07 15:45:45,214 [3460842f-6799-42e6-977c-19ee6a54bb14@group-388FE325BACB-LeaderElection9] INFO  segmented.SegmentedRaftLogWorker (SegmentedRaftLogWorker.java:startLogSegment(385)) - 3460842f-6799-42e6-977c-19ee6a54bb14@group-388FE325BACB-SegmentedRaftLogWorker: Starting segment from index:0
2019-11-07 15:45:45,215 [3460842f-6799-42e6-977c-19ee6a54bb14@group-388FE325BACB-LeaderElection9] INFO  impl.RaftServerImpl (ServerState.java:setRaftConf(356)) - 3460842f-6799-42e6-977c-19ee6a54bb14@group-388FE325BACB: set configuration 0: [3460842f-6799-42e6-977c-19ee6a54bb14:192.168.157.213:36473, 67d3b5a8-a443-4ceb-9f15-0e42c4e44235:192.168.157.213:39307, 23009ee2-9021-4988-ae90-668230c647fc:192.168.157.213:34050], old=null at 0
2019-11-07 15:45:45,245 [grpc-default-executor-0] INFO  impl.RaftServerImpl (ServerState.java:setLeader(255)) - 67d3b5a8-a443-4ceb-9f15-0e42c4e44235@group-388FE325BACB: change Leader from null to 3460842f-6799-42e6-977c-19ee6a54bb14 at term 2 for appendEntries, leader elected after 10325ms
2019-11-07 15:45:45,245 [grpc-default-executor-4] INFO  impl.RaftServerImpl (ServerState.java:setLeader(255)) - 23009ee2-9021-4988-ae90-668230c647fc@group-388FE325BACB: change Leader from null to 3460842f-6799-42e6-977c-19ee6a54bb14 at term 2 for appendEntries, leader elected after 10325ms
2019-11-07 15:45:45,263 [3460842f-6799-42e6-977c-19ee6a54bb14@group-388FE325BACB-SegmentedRaftLogWorker] INFO  segmented.SegmentedRaftLogWorker (SegmentedRaftLogWorker.java:execute(576)) - 3460842f-6799-42e6-977c-19ee6a54bb14@group-388FE325BACB-SegmentedRaftLogWorker: created new log segment /workdir/hadoop-ozone/ozonefs/target/test-dir/MiniOzoneClusterImpl-60a16074-8321-4247-8f3f-e8d2795f07f5/datanode-0/data/ratis/3784862a-a651-4574-9ab4-388fe325bacb/current/log_inprogress_0
2019-11-07 15:45:45,270 [grpc-default-executor-0] INFO  impl.RaftServerImpl (ServerState.java:setRaftConf(356)) - 67d3b5a8-a443-4ceb-9f15-0e42c4e44235@group-388FE325BACB: set configuration 0: [3460842f-6799-42e6-977c-19ee6a54bb14:192.168.157.213:36473, 67d3b5a8-a443-4ceb-9f15-0e42c4e44235:192.168.157.213:39307, 23009ee2-9021-4988-ae90-668230c647fc:192.168.157.213:34050], old=null at 0
2019-11-07 15:45:45,270 [grpc-default-executor-4] INFO  impl.RaftServerImpl (ServerState.java:setRaftConf(356)) - 23009ee2-9021-4988-ae90-668230c647fc@group-388FE325BACB: set configuration 0: [3460842f-6799-42e6-977c-19ee6a54bb14:192.168.157.213:36473, 67d3b5a8-a443-4ceb-9f15-0e42c4e44235:192.168.157.213:39307, 23009ee2-9021-4988-ae90-668230c647fc:192.168.157.213:34050], old=null at 0
2019-11-07 15:45:45,270 [grpc-default-executor-0] INFO  segmented.SegmentedRaftLogWorker (SegmentedRaftLogWorker.java:startLogSegment(385)) - 67d3b5a8-a443-4ceb-9f15-0e42c4e44235@group-388FE325BACB-SegmentedRaftLogWorker: Starting segment from index:0
2019-11-07 15:45:45,270 [grpc-default-executor-4] INFO  segmented.SegmentedRaftLogWorker (SegmentedRaftLogWorker.java:startLogSegment(385)) - 23009ee2-9021-4988-ae90-668230c647fc@group-388FE325BACB-SegmentedRaftLogWorker: Starting segment from index:0
2019-11-07 15:45:45,315 [67d3b5a8-a443-4ceb-9f15-0e42c4e44235@group-388FE325BACB-SegmentedRaftLogWorker] INFO  segmented.SegmentedRaftLogWorker (SegmentedRaftLogWorker.java:execute(576)) - 67d3b5a8-a443-4ceb-9f15-0e42c4e44235@group-388FE325BACB-SegmentedRaftLogWorker: created new log segment /workdir/hadoop-ozone/ozonefs/target/test-dir/MiniOzoneClusterImpl-60a16074-8321-4247-8f3f-e8d2795f07f5/datanode-4/data/ratis/3784862a-a651-4574-9ab4-388fe325bacb/current/log_inprogress_0
2019-11-07 15:45:45,315 [23009ee2-9021-4988-ae90-668230c647fc@group-388FE325BACB-SegmentedRaftLogWorker] INFO  segmented.SegmentedRaftLogWorker (SegmentedRaftLogWorker.java:execute(576)) - 23009ee2-9021-4988-ae90-668230c647fc@group-388FE325BACB-SegmentedRaftLogWorker: created new log segment /workdir/hadoop-ozone/ozonefs/target/test-dir/MiniOzoneClusterImpl-60a16074-8321-4247-8f3f-e8d2795f07f5/datanode-3/data/ratis/3784862a-a651-4574-9ab4-388fe325bacb/current/log_inprogress_0
15:45:45.935 [IPC Server handler 6 on 35423] ERROR OMAudit - user=jenkins1000 | ip=127.0.0.1 | op=GET_FILE_STATUS {volume=volume20997, bucket=bucket01598, key=test/ITestOzoneContractDistCp/testUpdateDeepDirectoryStructureNoChange/remote/outputDir/inputDir/subDir4/subDir4/file5, dataSize=0, replicationType=null, replicationFactor=null, keyLocationInfo=null} | ret=FAILURE
org.apache.hadoop.ozone.om.exceptions.OMException: Unable to get file status: volume: volume20997 bucket: bucket01598 key: test/ITestOzoneContractDistCp/testUpdateDeepDirectoryStructureNoChange/remote/outputDir/inputDir/subDir4/subDir4/file5
	at org.apache.hadoop.ozone.om.KeyManagerImpl.getFileStatus(KeyManagerImpl.java:1784) ~[hadoop-ozone-ozone-manager-0.5.0-SNAPSHOT.jar:?]
	at org.apache.hadoop.ozone.om.OzoneManager.getFileStatus(OzoneManager.java:2762) ~[hadoop-ozone-ozone-manager-0.5.0-SNAPSHOT.jar:?]
	at org.apache.hadoop.ozone.protocolPB.OzoneManagerRequestHandler.getOzoneFileStatus(OzoneManagerRequestHandler.java:1053) ~[hadoop-ozone-ozone-manager-0.5.0-SNAPSHOT.jar:?]
	at org.apache.hadoop.ozone.protocolPB.OzoneManagerRequestHandler.handle(OzoneManagerRequestHandler.java:340) ~[hadoop-ozone-ozone-manager-0.5.0-SNAPSHOT.jar:?]
	at org.apache.hadoop.ozone.protocolPB.OzoneManagerProtocolServerSideTranslatorPB.submitRequestDirectlyToOM(OzoneManagerProtocolServerSideTranslatorPB.java:208) ~[hadoop-ozone-ozone-manager-0.5.0-SNAPSHOT.jar:?]
	at org.apache.hadoop.ozone.protocolPB.OzoneManagerProtocolServerSideTranslatorPB.processRequest(OzoneManagerProtocolServerSideTranslatorPB.java:132) ~[hadoop-ozone-ozone-manager-0.5.0-SNAPSHOT.jar:?]
	at org.apache.hadoop.hdds.server.OzoneProtocolMessageDispatcher.processRequest(OzoneProtocolMessageDispatcher.java:72) [hadoop-hdds-server-framework-0.5.0-SNAPSHOT.jar:?]
	at org.apache.hadoop.ozone.protocolPB.OzoneManagerProtocolServerSideTranslatorPB.submitRequest(OzoneManagerProtocolServerSideTranslatorPB.java:100) [hadoop-ozone-ozone-manager-0.5.0-SNAPSHOT.jar:?]
	at org.apache.hadoop.ozone.protocol.proto.OzoneManagerProtocolProtos$OzoneManagerService$2.callBlockingMethod(OzoneManagerProtocolProtos.java) [hadoop-ozone-common-0.5.0-SNAPSHOT.jar:?]
	at org.apache.hadoop.ipc.ProtobufRpcEngine$Server$ProtoBufRpcInvoker.call(ProtobufRpcEngine.java:524) [hadoop-common-3.2.0.jar:?]
	at org.apache.hadoop.ipc.RPC$Server.call(RPC.java:1025) [hadoop-common-3.2.0.jar:?]
	at org.apache.hadoop.ipc.Server$RpcCall.run(Server.java:876) [hadoop-common-3.2.0.jar:?]
	at org.apache.hadoop.ipc.Server$RpcCall.run(Server.java:822) [hadoop-common-3.2.0.jar:?]
	at java.security.AccessController.doPrivileged(Native Method) [?:1.8.0_222]
	at javax.security.auth.Subject.doAs(Subject.java:422) [?:1.8.0_222]
	at org.apache.hadoop.security.UserGroupInformation.doAs(UserGroupInformation.java:1730) [hadoop-common-3.2.0.jar:?]
	at org.apache.hadoop.ipc.Server$Handler.run(Server.java:2682) [hadoop-common-3.2.0.jar:?]
15:45:45.938 [IPC Server handler 2 on 35423] ERROR OMAudit - user=jenkins1000 | ip=127.0.0.1 | op=GET_FILE_STATUS {volume=volume20997, bucket=bucket01598, key=test/ITestOzoneContractDistCp/testUpdateDeepDirectoryStructureNoChange/remote/outputDir/inputDir/subDir4/subDir4, dataSize=0, replicationType=null, replicationFactor=null, keyLocationInfo=null} | ret=FAILURE
org.apache.hadoop.ozone.om.exceptions.OMException: Unable to get file status: volume: volume20997 bucket: bucket01598 key: test/ITestOzoneContractDistCp/testUpdateDeepDirectoryStructureNoChange/remote/outputDir/inputDir/subDir4/subDir4
	at org.apache.hadoop.ozone.om.KeyManagerImpl.getFileStatus(KeyManagerImpl.java:1784) ~[hadoop-ozone-ozone-manager-0.5.0-SNAPSHOT.jar:?]
	at org.apache.hadoop.ozone.om.OzoneManager.getFileStatus(OzoneManager.java:2762) ~[hadoop-ozone-ozone-manager-0.5.0-SNAPSHOT.jar:?]
	at org.apache.hadoop.ozone.protocolPB.OzoneManagerRequestHandler.getOzoneFileStatus(OzoneManagerRequestHandler.java:1053) ~[hadoop-ozone-ozone-manager-0.5.0-SNAPSHOT.jar:?]
	at org.apache.hadoop.ozone.protocolPB.OzoneManagerRequestHandler.handle(OzoneManagerRequestHandler.java:340) ~[hadoop-ozone-ozone-manager-0.5.0-SNAPSHOT.jar:?]
	at org.apache.hadoop.ozone.protocolPB.OzoneManagerProtocolServerSideTranslatorPB.submitRequestDirectlyToOM(OzoneManagerProtocolServerSideTranslatorPB.java:208) ~[hadoop-ozone-ozone-manager-0.5.0-SNAPSHOT.jar:?]
	at org.apache.hadoop.ozone.protocolPB.OzoneManagerProtocolServerSideTranslatorPB.processRequest(OzoneManagerProtocolServerSideTranslatorPB.java:132) ~[hadoop-ozone-ozone-manager-0.5.0-SNAPSHOT.jar:?]
	at org.apache.hadoop.hdds.server.OzoneProtocolMessageDispatcher.processRequest(OzoneProtocolMessageDispatcher.java:72) [hadoop-hdds-server-framework-0.5.0-SNAPSHOT.jar:?]
	at org.apache.hadoop.ozone.protocolPB.OzoneManagerProtocolServerSideTranslatorPB.submitRequest(OzoneManagerProtocolServerSideTranslatorPB.java:100) [hadoop-ozone-ozone-manager-0.5.0-SNAPSHOT.jar:?]
	at org.apache.hadoop.ozone.protocol.proto.OzoneManagerProtocolProtos$OzoneManagerService$2.callBlockingMethod(OzoneManagerProtocolProtos.java) [hadoop-ozone-common-0.5.0-SNAPSHOT.jar:?]
	at org.apache.hadoop.ipc.ProtobufRpcEngine$Server$ProtoBufRpcInvoker.call(ProtobufRpcEngine.java:524) [hadoop-common-3.2.0.jar:?]
	at org.apache.hadoop.ipc.RPC$Server.call(RPC.java:1025) [hadoop-common-3.2.0.jar:?]
	at org.apache.hadoop.ipc.Server$RpcCall.run(Server.java:876) [hadoop-common-3.2.0.jar:?]
	at org.apache.hadoop.ipc.Server$RpcCall.run(Server.java:822) [hadoop-common-3.2.0.jar:?]
	at java.security.AccessController.doPrivileged(Native Method) [?:1.8.0_222]
	at javax.security.auth.Subject.doAs(Subject.java:422) [?:1.8.0_222]
	at org.apache.hadoop.security.UserGroupInformation.doAs(UserGroupInformation.java:1730) [hadoop-common-3.2.0.jar:?]
	at org.apache.hadoop.ipc.Server$Handler.run(Server.java:2682) [hadoop-common-3.2.0.jar:?]
15:45:45.969 [IPC Server handler 9 on 35423] ERROR OMAudit - user=jenkins1000 | ip=127.0.0.1 | op=GET_FILE_STATUS {volume=volume20997, bucket=bucket01598, key=test/ITestOzoneContractDistCp/testUpdateDeepDirectoryStructureNoChange/remote/outputDir/inputDir/subDir4/subDir4/file5, dataSize=0, replicationType=null, replicationFactor=null, keyLocationInfo=null} | ret=FAILURE
org.apache.hadoop.ozone.om.exceptions.OMException: Unable to get file status: volume: volume20997 bucket: bucket01598 key: test/ITestOzoneContractDistCp/testUpdateDeepDirectoryStructureNoChange/remote/outputDir/inputDir/subDir4/subDir4/file5
	at org.apache.hadoop.ozone.om.KeyManagerImpl.getFileStatus(KeyManagerImpl.java:1784) ~[hadoop-ozone-ozone-manager-0.5.0-SNAPSHOT.jar:?]
	at org.apache.hadoop.ozone.om.OzoneManager.getFileStatus(OzoneManager.java:2762) ~[hadoop-ozone-ozone-manager-0.5.0-SNAPSHOT.jar:?]
	at org.apache.hadoop.ozone.protocolPB.OzoneManagerRequestHandler.getOzoneFileStatus(OzoneManagerRequestHandler.java:1053) ~[hadoop-ozone-ozone-manager-0.5.0-SNAPSHOT.jar:?]
	at org.apache.hadoop.ozone.protocolPB.OzoneManagerRequestHandler.handle(OzoneManagerRequestHandler.java:340) ~[hadoop-ozone-ozone-manager-0.5.0-SNAPSHOT.jar:?]
	at org.apache.hadoop.ozone.protocolPB.OzoneManagerProtocolServerSideTranslatorPB.submitRequestDirectlyToOM(OzoneManagerProtocolServerSideTranslatorPB.java:208) ~[hadoop-ozone-ozone-manager-0.5.0-SNAPSHOT.jar:?]
	at org.apache.hadoop.ozone.protocolPB.OzoneManagerProtocolServerSideTranslatorPB.processRequest(OzoneManagerProtocolServerSideTranslatorPB.java:132) ~[hadoop-ozone-ozone-manager-0.5.0-SNAPSHOT.jar:?]
	at org.apache.hadoop.hdds.server.OzoneProtocolMessageDispatcher.processRequest(OzoneProtocolMessageDispatcher.java:72) [hadoop-hdds-server-framework-0.5.0-SNAPSHOT.jar:?]
	at org.apache.hadoop.ozone.protocolPB.OzoneManagerProtocolServerSideTranslatorPB.submitRequest(OzoneManagerProtocolServerSideTranslatorPB.java:100) [hadoop-ozone-ozone-manager-0.5.0-SNAPSHOT.jar:?]
	at org.apache.hadoop.ozone.protocol.proto.OzoneManagerProtocolProtos$OzoneManagerService$2.callBlockingMethod(OzoneManagerProtocolProtos.java) [hadoop-ozone-common-0.5.0-SNAPSHOT.jar:?]
	at org.apache.hadoop.ipc.ProtobufRpcEngine$Server$ProtoBufRpcInvoker.call(ProtobufRpcEngine.java:524) [hadoop-common-3.2.0.jar:?]
	at org.apache.hadoop.ipc.RPC$Server.call(RPC.java:1025) [hadoop-common-3.2.0.jar:?]
	at org.apache.hadoop.ipc.Server$RpcCall.run(Server.java:876) [hadoop-common-3.2.0.jar:?]
	at org.apache.hadoop.ipc.Server$RpcCall.run(Server.java:822) [hadoop-common-3.2.0.jar:?]
	at java.security.AccessController.doPrivileged(Native Method) [?:1.8.0_222]
	at javax.security.auth.Subject.doAs(Subject.java:422) [?:1.8.0_222]
	at org.apache.hadoop.security.UserGroupInformation.doAs(UserGroupInformation.java:1730) [hadoop-common-3.2.0.jar:?]
	at org.apache.hadoop.ipc.Server$Handler.run(Server.java:2682) [hadoop-common-3.2.0.jar:?]
15:45:46.023 [IPC Server handler 15 on 35423] ERROR OMAudit - user=jenkins1000 | ip=127.0.0.1 | op=GET_FILE_STATUS {volume=volume20997, bucket=bucket01598, key=test/ITestOzoneContractDistCp/testUpdateDeepDirectoryStructureNoChange/remote/outputDir/.distcp.tmp.attempt_local511469519_0001_m_000000_0, dataSize=0, replicationType=null, replicationFactor=null, keyLocationInfo=null} | ret=FAILURE
org.apache.hadoop.ozone.om.exceptions.OMException: Unable to get file status: volume: volume20997 bucket: bucket01598 key: test/ITestOzoneContractDistCp/testUpdateDeepDirectoryStructureNoChange/remote/outputDir/.distcp.tmp.attempt_local511469519_0001_m_000000_0
	at org.apache.hadoop.ozone.om.KeyManagerImpl.getFileStatus(KeyManagerImpl.java:1784) ~[hadoop-ozone-ozone-manager-0.5.0-SNAPSHOT.jar:?]
	at org.apache.hadoop.ozone.om.OzoneManager.getFileStatus(OzoneManager.java:2762) ~[hadoop-ozone-ozone-manager-0.5.0-SNAPSHOT.jar:?]
	at org.apache.hadoop.ozone.protocolPB.OzoneManagerRequestHandler.getOzoneFileStatus(OzoneManagerRequestHandler.java:1053) ~[hadoop-ozone-ozone-manager-0.5.0-SNAPSHOT.jar:?]
	at org.apache.hadoop.ozone.protocolPB.OzoneManagerRequestHandler.handle(OzoneManagerRequestHandler.java:340) ~[hadoop-ozone-ozone-manager-0.5.0-SNAPSHOT.jar:?]
	at org.apache.hadoop.ozone.protocolPB.OzoneManagerProtocolServerSideTranslatorPB.submitRequestDirectlyToOM(OzoneManagerProtocolServerSideTranslatorPB.java:208) ~[hadoop-ozone-ozone-manager-0.5.0-SNAPSHOT.jar:?]
	at org.apache.hadoop.ozone.protocolPB.OzoneManagerProtocolServerSideTranslatorPB.processRequest(OzoneManagerProtocolServerSideTranslatorPB.java:132) ~[hadoop-ozone-ozone-manager-0.5.0-SNAPSHOT.jar:?]
	at org.apache.hadoop.hdds.server.OzoneProtocolMessageDispatcher.processRequest(OzoneProtocolMessageDispatcher.java:72) [hadoop-hdds-server-framework-0.5.0-SNAPSHOT.jar:?]
	at org.apache.hadoop.ozone.protocolPB.OzoneManagerProtocolServerSideTranslatorPB.submitRequest(OzoneManagerProtocolServerSideTranslatorPB.java:100) [hadoop-ozone-ozone-manager-0.5.0-SNAPSHOT.jar:?]
	at org.apache.hadoop.ozone.protocol.proto.OzoneManagerProtocolProtos$OzoneManagerService$2.callBlockingMethod(OzoneManagerProtocolProtos.java) [hadoop-ozone-common-0.5.0-SNAPSHOT.jar:?]
	at org.apache.hadoop.ipc.ProtobufRpcEngine$Server$ProtoBufRpcInvoker.call(ProtobufRpcEngine.java:524) [hadoop-common-3.2.0.jar:?]
	at org.apache.hadoop.ipc.RPC$Server.call(RPC.java:1025) [hadoop-common-3.2.0.jar:?]
	at org.apache.hadoop.ipc.Server$RpcCall.run(Server.java:876) [hadoop-common-3.2.0.jar:?]
	at org.apache.hadoop.ipc.Server$RpcCall.run(Server.java:822) [hadoop-common-3.2.0.jar:?]
	at java.security.AccessController.doPrivileged(Native Method) [?:1.8.0_222]
	at javax.security.auth.Subject.doAs(Subject.java:422) [?:1.8.0_222]
	at org.apache.hadoop.security.UserGroupInformation.doAs(UserGroupInformation.java:1730) [hadoop-common-3.2.0.jar:?]
	at org.apache.hadoop.ipc.Server$Handler.run(Server.java:2682) [hadoop-common-3.2.0.jar:?]
2019-11-07 15:45:46,025 [LocalJobRunner Map Task Executor #0] WARN  ozone.BasicOzoneFileSystem (BasicOzoneFileSystem.java:delete(444)) - delete: Path does not exist: o3fs://bucket01598.volume20997/test/ITestOzoneContractDistCp/testUpdateDeepDirectoryStructureNoChange/remote/outputDir/.distcp.tmp.attempt_local511469519_0001_m_000000_0
2019-11-07 15:45:46,031 [LocalJobRunner Map Task Executor #0] INFO  mapred.CopyMapper (CopyMapper.java:map(154)) - Copying file:/workdir/hadoop-ozone/ozonefs/target/test-dir/ITestOzoneContractDistCp/testUpdateDeepDirectoryStructureNoChange/local/inputDir/subDir2/subDir2/file3 to o3fs://bucket01598.volume20997/test/ITestOzoneContractDistCp/testUpdateDeepDirectoryStructureNoChange/remote/outputDir/inputDir/subDir2/subDir2/file3
15:45:46.039 [IPC Server handler 16 on 35423] ERROR OMAudit - user=jenkins1000 | ip=127.0.0.1 | op=GET_FILE_STATUS {volume=volume20997, bucket=bucket01598, key=test/ITestOzoneContractDistCp/testUpdateDeepDirectoryStructureNoChange/remote/outputDir/inputDir/subDir2/subDir2/file3, dataSize=0, replicationType=null, replicationFactor=null, keyLocationInfo=null} | ret=FAILURE
org.apache.hadoop.ozone.om.exceptions.OMException: Unable to get file status: volume: volume20997 bucket: bucket01598 key: test/ITestOzoneContractDistCp/testUpdateDeepDirectoryStructureNoChange/remote/outputDir/inputDir/subDir2/subDir2/file3
	at org.apache.hadoop.ozone.om.KeyManagerImpl.getFileStatus(KeyManagerImpl.java:1784) ~[hadoop-ozone-ozone-manager-0.5.0-SNAPSHOT.jar:?]
	at org.apache.hadoop.ozone.om.OzoneManager.getFileStatus(OzoneManager.java:2762) ~[hadoop-ozone-ozone-manager-0.5.0-SNAPSHOT.jar:?]
	at org.apache.hadoop.ozone.protocolPB.OzoneManagerRequestHandler.getOzoneFileStatus(OzoneManagerRequestHandler.java:1053) ~[hadoop-ozone-ozone-manager-0.5.0-SNAPSHOT.jar:?]
	at org.apache.hadoop.ozone.protocolPB.OzoneManagerRequestHandler.handle(OzoneManagerRequestHandler.java:340) ~[hadoop-ozone-ozone-manager-0.5.0-SNAPSHOT.jar:?]
	at org.apache.hadoop.ozone.protocolPB.OzoneManagerProtocolServerSideTranslatorPB.submitRequestDirectlyToOM(OzoneManagerProtocolServerSideTranslatorPB.java:208) ~[hadoop-ozone-ozone-manager-0.5.0-SNAPSHOT.jar:?]
	at org.apache.hadoop.ozone.protocolPB.OzoneManagerProtocolServerSideTranslatorPB.processRequest(OzoneManagerProtocolServerSideTranslatorPB.java:132) ~[hadoop-ozone-ozone-manager-0.5.0-SNAPSHOT.jar:?]
	at org.apache.hadoop.hdds.server.OzoneProtocolMessageDispatcher.processRequest(OzoneProtocolMessageDispatcher.java:72) [hadoop-hdds-server-framework-0.5.0-SNAPSHOT.jar:?]
	at org.apache.hadoop.ozone.protocolPB.OzoneManagerProtocolServerSideTranslatorPB.submitRequest(OzoneManagerProtocolServerSideTranslatorPB.java:100) [hadoop-ozone-ozone-manager-0.5.0-SNAPSHOT.jar:?]
	at org.apache.hadoop.ozone.protocol.proto.OzoneManagerProtocolProtos$OzoneManagerService$2.callBlockingMethod(OzoneManagerProtocolProtos.java) [hadoop-ozone-common-0.5.0-SNAPSHOT.jar:?]
	at org.apache.hadoop.ipc.ProtobufRpcEngine$Server$ProtoBufRpcInvoker.call(ProtobufRpcEngine.java:524) [hadoop-common-3.2.0.jar:?]
	at org.apache.hadoop.ipc.RPC$Server.call(RPC.java:1025) [hadoop-common-3.2.0.jar:?]
	at org.apache.hadoop.ipc.Server$RpcCall.run(Server.java:876) [hadoop-common-3.2.0.jar:?]
	at org.apache.hadoop.ipc.Server$RpcCall.run(Server.java:822) [hadoop-common-3.2.0.jar:?]
	at java.security.AccessController.doPrivileged(Native Method) [?:1.8.0_222]
	at javax.security.auth.Subject.doAs(Subject.java:422) [?:1.8.0_222]
	at org.apache.hadoop.security.UserGroupInformation.doAs(UserGroupInformation.java:1730) [hadoop-common-3.2.0.jar:?]
	at org.apache.hadoop.ipc.Server$Handler.run(Server.java:2682) [hadoop-common-3.2.0.jar:?]
2019-11-07 15:45:46,041 [LocalJobRunner Map Task Executor #0] INFO  mapred.RetriableFileCopyCommand (RetriableFileCopyCommand.java:getTmpFile(260)) - Creating temp file: o3fs://bucket01598.volume20997/test/ITestOzoneContractDistCp/testUpdateDeepDirectoryStructureNoChange/remote/outputDir/.distcp.tmp.attempt_local511469519_0001_m_000000_0
15:45:46.356 [IPC Server handler 10 on 35423] ERROR OMAudit - user=jenkins1000 | ip=127.0.0.1 | op=GET_FILE_STATUS {volume=volume20997, bucket=bucket01598, key=test/ITestOzoneContractDistCp/testUpdateDeepDirectoryStructureNoChange/remote/outputDir/inputDir/subDir2/subDir2/file3, dataSize=0, replicationType=null, replicationFactor=null, keyLocationInfo=null} | ret=FAILURE
org.apache.hadoop.ozone.om.exceptions.OMException: Unable to get file status: volume: volume20997 bucket: bucket01598 key: test/ITestOzoneContractDistCp/testUpdateDeepDirectoryStructureNoChange/remote/outputDir/inputDir/subDir2/subDir2/file3
	at org.apache.hadoop.ozone.om.KeyManagerImpl.getFileStatus(KeyManagerImpl.java:1784) ~[hadoop-ozone-ozone-manager-0.5.0-SNAPSHOT.jar:?]
	at org.apache.hadoop.ozone.om.OzoneManager.getFileStatus(OzoneManager.java:2762) ~[hadoop-ozone-ozone-manager-0.5.0-SNAPSHOT.jar:?]
	at org.apache.hadoop.ozone.protocolPB.OzoneManagerRequestHandler.getOzoneFileStatus(OzoneManagerRequestHandler.java:1053) ~[hadoop-ozone-ozone-manager-0.5.0-SNAPSHOT.jar:?]
	at org.apache.hadoop.ozone.protocolPB.OzoneManagerRequestHandler.handle(OzoneManagerRequestHandler.java:340) ~[hadoop-ozone-ozone-manager-0.5.0-SNAPSHOT.jar:?]
	at org.apache.hadoop.ozone.protocolPB.OzoneManagerProtocolServerSideTranslatorPB.submitRequestDirectlyToOM(OzoneManagerProtocolServerSideTranslatorPB.java:208) ~[hadoop-ozone-ozone-manager-0.5.0-SNAPSHOT.jar:?]
	at org.apache.hadoop.ozone.protocolPB.OzoneManagerProtocolServerSideTranslatorPB.processRequest(OzoneManagerProtocolServerSideTranslatorPB.java:132) ~[hadoop-ozone-ozone-manager-0.5.0-SNAPSHOT.jar:?]
	at org.apache.hadoop.hdds.server.OzoneProtocolMessageDispatcher.processRequest(OzoneProtocolMessageDispatcher.java:72) [hadoop-hdds-server-framework-0.5.0-SNAPSHOT.jar:?]
	at org.apache.hadoop.ozone.protocolPB.OzoneManagerProtocolServerSideTranslatorPB.submitRequest(OzoneManagerProtocolServerSideTranslatorPB.java:100) [hadoop-ozone-ozone-manager-0.5.0-SNAPSHOT.jar:?]
	at org.apache.hadoop.ozone.protocol.proto.OzoneManagerProtocolProtos$OzoneManagerService$2.callBlockingMethod(OzoneManagerProtocolProtos.java) [hadoop-ozone-common-0.5.0-SNAPSHOT.jar:?]
	at org.apache.hadoop.ipc.ProtobufRpcEngine$Server$ProtoBufRpcInvoker.call(ProtobufRpcEngine.java:524) [hadoop-common-3.2.0.jar:?]
	at org.apache.hadoop.ipc.RPC$Server.call(RPC.java:1025) [hadoop-common-3.2.0.jar:?]
	at org.apache.hadoop.ipc.Server$RpcCall.run(Server.java:876) [hadoop-common-3.2.0.jar:?]
	at org.apache.hadoop.ipc.Server$RpcCall.run(Server.java:822) [hadoop-common-3.2.0.jar:?]
	at java.security.AccessController.doPrivileged(Native Method) [?:1.8.0_222]
	at javax.security.auth.Subject.doAs(Subject.java:422) [?:1.8.0_222]
	at org.apache.hadoop.security.UserGroupInformation.doAs(UserGroupInformation.java:1730) [hadoop-common-3.2.0.jar:?]
	at org.apache.hadoop.ipc.Server$Handler.run(Server.java:2682) [hadoop-common-3.2.0.jar:?]
15:45:46.360 [IPC Server handler 0 on 35423] ERROR OMAudit - user=jenkins1000 | ip=127.0.0.1 | op=GET_FILE_STATUS {volume=volume20997, bucket=bucket01598, key=test/ITestOzoneContractDistCp/testUpdateDeepDirectoryStructureNoChange/remote/outputDir/inputDir/subDir2/subDir2, dataSize=0, replicationType=null, replicationFactor=null, keyLocationInfo=null} | ret=FAILURE
org.apache.hadoop.ozone.om.exceptions.OMException: Unable to get file status: volume: volume20997 bucket: bucket01598 key: test/ITestOzoneContractDistCp/testUpdateDeepDirectoryStructureNoChange/remote/outputDir/inputDir/subDir2/subDir2
	at org.apache.hadoop.ozone.om.KeyManagerImpl.getFileStatus(KeyManagerImpl.java:1784) ~[hadoop-ozone-ozone-manager-0.5.0-SNAPSHOT.jar:?]
	at org.apache.hadoop.ozone.om.OzoneManager.getFileStatus(OzoneManager.java:2762) ~[hadoop-ozone-ozone-manager-0.5.0-SNAPSHOT.jar:?]
	at org.apache.hadoop.ozone.protocolPB.OzoneManagerRequestHandler.getOzoneFileStatus(OzoneManagerRequestHandler.java:1053) ~[hadoop-ozone-ozone-manager-0.5.0-SNAPSHOT.jar:?]
	at org.apache.hadoop.ozone.protocolPB.OzoneManagerRequestHandler.handle(OzoneManagerRequestHandler.java:340) ~[hadoop-ozone-ozone-manager-0.5.0-SNAPSHOT.jar:?]
	at org.apache.hadoop.ozone.protocolPB.OzoneManagerProtocolServerSideTranslatorPB.submitRequestDirectlyToOM(OzoneManagerProtocolServerSideTranslatorPB.java:208) ~[hadoop-ozone-ozone-manager-0.5.0-SNAPSHOT.jar:?]
	at org.apache.hadoop.ozone.protocolPB.OzoneManagerProtocolServerSideTranslatorPB.processRequest(OzoneManagerProtocolServerSideTranslatorPB.java:132) ~[hadoop-ozone-ozone-manager-0.5.0-SNAPSHOT.jar:?]
	at org.apache.hadoop.hdds.server.OzoneProtocolMessageDispatcher.processRequest(OzoneProtocolMessageDispatcher.java:72) [hadoop-hdds-server-framework-0.5.0-SNAPSHOT.jar:?]
	at org.apache.hadoop.ozone.protocolPB.OzoneManagerProtocolServerSideTranslatorPB.submitRequest(OzoneManagerProtocolServerSideTranslatorPB.java:100) [hadoop-ozone-ozone-manager-0.5.0-SNAPSHOT.jar:?]
	at org.apache.hadoop.ozone.protocol.proto.OzoneManagerProtocolProtos$OzoneManagerService$2.callBlockingMethod(OzoneManagerProtocolProtos.java) [hadoop-ozone-common-0.5.0-SNAPSHOT.jar:?]
	at org.apache.hadoop.ipc.ProtobufRpcEngine$Server$ProtoBufRpcInvoker.call(ProtobufRpcEngine.java:524) [hadoop-common-3.2.0.jar:?]
	at org.apache.hadoop.ipc.RPC$Server.call(RPC.java:1025) [hadoop-common-3.2.0.jar:?]
	at org.apache.hadoop.ipc.Server$RpcCall.run(Server.java:876) [hadoop-common-3.2.0.jar:?]
	at org.apache.hadoop.ipc.Server$RpcCall.run(Server.java:822) [hadoop-common-3.2.0.jar:?]
	at java.security.AccessController.doPrivileged(Native Method) [?:1.8.0_222]
	at javax.security.auth.Subject.doAs(Subject.java:422) [?:1.8.0_222]
	at org.apache.hadoop.security.UserGroupInformation.doAs(UserGroupInformation.java:1730) [hadoop-common-3.2.0.jar:?]
	at org.apache.hadoop.ipc.Server$Handler.run(Server.java:2682) [hadoop-common-3.2.0.jar:?]
15:45:46.392 [IPC Server handler 7 on 35423] ERROR OMAudit - user=jenkins1000 | ip=127.0.0.1 | op=GET_FILE_STATUS {volume=volume20997, bucket=bucket01598, key=test/ITestOzoneContractDistCp/testUpdateDeepDirectoryStructureNoChange/remote/outputDir/inputDir/subDir2/subDir2/file3, dataSize=0, replicationType=null, replicationFactor=null, keyLocationInfo=null} | ret=FAILURE
org.apache.hadoop.ozone.om.exceptions.OMException: Unable to get file status: volume: volume20997 bucket: bucket01598 key: test/ITestOzoneContractDistCp/testUpdateDeepDirectoryStructureNoChange/remote/outputDir/inputDir/subDir2/subDir2/file3
	at org.apache.hadoop.ozone.om.KeyManagerImpl.getFileStatus(KeyManagerImpl.java:1784) ~[hadoop-ozone-ozone-manager-0.5.0-SNAPSHOT.jar:?]
	at org.apache.hadoop.ozone.om.OzoneManager.getFileStatus(OzoneManager.java:2762) ~[hadoop-ozone-ozone-manager-0.5.0-SNAPSHOT.jar:?]
	at org.apache.hadoop.ozone.protocolPB.OzoneManagerRequestHandler.getOzoneFileStatus(OzoneManagerRequestHandler.java:1053) ~[hadoop-ozone-ozone-manager-0.5.0-SNAPSHOT.jar:?]
	at org.apache.hadoop.ozone.protocolPB.OzoneManagerRequestHandler.handle(OzoneManagerRequestHandler.java:340) ~[hadoop-ozone-ozone-manager-0.5.0-SNAPSHOT.jar:?]
	at org.apache.hadoop.ozone.protocolPB.OzoneManagerProtocolServerSideTranslatorPB.submitRequestDirectlyToOM(OzoneManagerProtocolServerSideTranslatorPB.java:208) ~[hadoop-ozone-ozone-manager-0.5.0-SNAPSHOT.jar:?]
	at org.apache.hadoop.ozone.protocolPB.OzoneManagerProtocolServerSideTranslatorPB.processRequest(OzoneManagerProtocolServerSideTranslatorPB.java:132) ~[hadoop-ozone-ozone-manager-0.5.0-SNAPSHOT.jar:?]
	at org.apache.hadoop.hdds.server.OzoneProtocolMessageDispatcher.processRequest(OzoneProtocolMessageDispatcher.java:72) [hadoop-hdds-server-framework-0.5.0-SNAPSHOT.jar:?]
	at org.apache.hadoop.ozone.protocolPB.OzoneManagerProtocolServerSideTranslatorPB.submitRequest(OzoneManagerProtocolServerSideTranslatorPB.java:100) [hadoop-ozone-ozone-manager-0.5.0-SNAPSHOT.jar:?]
	at org.apache.hadoop.ozone.protocol.proto.OzoneManagerProtocolProtos$OzoneManagerService$2.callBlockingMethod(OzoneManagerProtocolProtos.java) [hadoop-ozone-common-0.5.0-SNAPSHOT.jar:?]
	at org.apache.hadoop.ipc.ProtobufRpcEngine$Server$ProtoBufRpcInvoker.call(ProtobufRpcEngine.java:524) [hadoop-common-3.2.0.jar:?]
	at org.apache.hadoop.ipc.RPC$Server.call(RPC.java:1025) [hadoop-common-3.2.0.jar:?]
	at org.apache.hadoop.ipc.Server$RpcCall.run(Server.java:876) [hadoop-common-3.2.0.jar:?]
	at org.apache.hadoop.ipc.Server$RpcCall.run(Server.java:822) [hadoop-common-3.2.0.jar:?]
	at java.security.AccessController.doPrivileged(Native Method) [?:1.8.0_222]
	at javax.security.auth.Subject.doAs(Subject.java:422) [?:1.8.0_222]
	at org.apache.hadoop.security.UserGroupInformation.doAs(UserGroupInformation.java:1730) [hadoop-common-3.2.0.jar:?]
	at org.apache.hadoop.ipc.Server$Handler.run(Server.java:2682) [hadoop-common-3.2.0.jar:?]
15:45:46.428 [IPC Server handler 9 on 35423] ERROR OMAudit - user=jenkins1000 | ip=127.0.0.1 | op=GET_FILE_STATUS {volume=volume20997, bucket=bucket01598, key=test/ITestOzoneContractDistCp/testUpdateDeepDirectoryStructureNoChange/remote/outputDir/.distcp.tmp.attempt_local511469519_0001_m_000000_0, dataSize=0, replicationType=null, replicationFactor=null, keyLocationInfo=null} | ret=FAILURE
org.apache.hadoop.ozone.om.exceptions.OMException: Unable to get file status: volume: volume20997 bucket: bucket01598 key: test/ITestOzoneContractDistCp/testUpdateDeepDirectoryStructureNoChange/remote/outputDir/.distcp.tmp.attempt_local511469519_0001_m_000000_0
	at org.apache.hadoop.ozone.om.KeyManagerImpl.getFileStatus(KeyManagerImpl.java:1784) ~[hadoop-ozone-ozone-manager-0.5.0-SNAPSHOT.jar:?]
	at org.apache.hadoop.ozone.om.OzoneManager.getFileStatus(OzoneManager.java:2762) ~[hadoop-ozone-ozone-manager-0.5.0-SNAPSHOT.jar:?]
	at org.apache.hadoop.ozone.protocolPB.OzoneManagerRequestHandler.getOzoneFileStatus(OzoneManagerRequestHandler.java:1053) ~[hadoop-ozone-ozone-manager-0.5.0-SNAPSHOT.jar:?]
	at org.apache.hadoop.ozone.protocolPB.OzoneManagerRequestHandler.handle(OzoneManagerRequestHandler.java:340) ~[hadoop-ozone-ozone-manager-0.5.0-SNAPSHOT.jar:?]
	at org.apache.hadoop.ozone.protocolPB.OzoneManagerProtocolServerSideTranslatorPB.submitRequestDirectlyToOM(OzoneManagerProtocolServerSideTranslatorPB.java:208) ~[hadoop-ozone-ozone-manager-0.5.0-SNAPSHOT.jar:?]
	at org.apache.hadoop.ozone.protocolPB.OzoneManagerProtocolServerSideTranslatorPB.processRequest(OzoneManagerProtocolServerSideTranslatorPB.java:132) ~[hadoop-ozone-ozone-manager-0.5.0-SNAPSHOT.jar:?]
	at org.apache.hadoop.hdds.server.OzoneProtocolMessageDispatcher.processRequest(OzoneProtocolMessageDispatcher.java:72) [hadoop-hdds-server-framework-0.5.0-SNAPSHOT.jar:?]
	at org.apache.hadoop.ozone.protocolPB.OzoneManagerProtocolServerSideTranslatorPB.submitRequest(OzoneManagerProtocolServerSideTranslatorPB.java:100) [hadoop-ozone-ozone-manager-0.5.0-SNAPSHOT.jar:?]
	at org.apache.hadoop.ozone.protocol.proto.OzoneManagerProtocolProtos$OzoneManagerService$2.callBlockingMethod(OzoneManagerProtocolProtos.java) [hadoop-ozone-common-0.5.0-SNAPSHOT.jar:?]
	at org.apache.hadoop.ipc.ProtobufRpcEngine$Server$ProtoBufRpcInvoker.call(ProtobufRpcEngine.java:524) [hadoop-common-3.2.0.jar:?]
	at org.apache.hadoop.ipc.RPC$Server.call(RPC.java:1025) [hadoop-common-3.2.0.jar:?]
	at org.apache.hadoop.ipc.Server$RpcCall.run(Server.java:876) [hadoop-common-3.2.0.jar:?]
	at org.apache.hadoop.ipc.Server$RpcCall.run(Server.java:822) [hadoop-common-3.2.0.jar:?]
	at java.security.AccessController.doPrivileged(Native Method) [?:1.8.0_222]
	at javax.security.auth.Subject.doAs(Subject.java:422) [?:1.8.0_222]
	at org.apache.hadoop.security.UserGroupInformation.doAs(UserGroupInformation.java:1730) [hadoop-common-3.2.0.jar:?]
	at org.apache.hadoop.ipc.Server$Handler.run(Server.java:2682) [hadoop-common-3.2.0.jar:?]
2019-11-07 15:45:46,430 [LocalJobRunner Map Task Executor #0] WARN  ozone.BasicOzoneFileSystem (BasicOzoneFileSystem.java:delete(444)) - delete: Path does not exist: o3fs://bucket01598.volume20997/test/ITestOzoneContractDistCp/testUpdateDeepDirectoryStructureNoChange/remote/outputDir/.distcp.tmp.attempt_local511469519_0001_m_000000_0
2019-11-07 15:45:46,434 [LocalJobRunner Map Task Executor #0] INFO  mapred.LocalJobRunner (LocalJobRunner.java:statusUpdate(634)) - 
2019-11-07 15:45:46,445 [LocalJobRunner Map Task Executor #0] INFO  mapred.Task (Task.java:done(1244)) - Task:attempt_local511469519_0001_m_000000_0 is done. And is in the process of committing
2019-11-07 15:45:46,447 [LocalJobRunner Map Task Executor #0] INFO  mapred.LocalJobRunner (LocalJobRunner.java:statusUpdate(634)) - 
2019-11-07 15:45:46,447 [LocalJobRunner Map Task Executor #0] INFO  mapred.Task (Task.java:commit(1421)) - Task attempt_local511469519_0001_m_000000_0 is allowed to commit now
2019-11-07 15:45:46,449 [LocalJobRunner Map Task Executor #0] INFO  output.FileOutputCommitter (FileOutputCommitter.java:commitTask(598)) - Saved output of task 'attempt_local511469519_0001_m_000000_0' to file:/tmp/hadoop/mapred/staging/jenkins10001849494917/.staging/_distcp1555763523/_logs
2019-11-07 15:45:46,450 [LocalJobRunner Map Task Executor #0] INFO  mapred.LocalJobRunner (LocalJobRunner.java:statusUpdate(634)) - 100.0% Copying file:/workdir/hadoop-ozone/ozonefs/target/test-dir/ITestOzoneContractDistCp/testUpdateDeepDirectoryStructureNoChange/local/inputDir/subDir2/subDir2/file3 to o3fs://bucket01598.volume20997/test/ITestOzoneContractDistCp/testUpdateDeepDirectoryStructureNoChange/remote/outputDir/inputDir/subDir2/subDir2/file3 [300.0B/300.0B]
2019-11-07 15:45:46,450 [LocalJobRunner Map Task Executor #0] INFO  mapred.Task (Task.java:sendDone(1380)) - Task 'attempt_local511469519_0001_m_000000_0' done.
2019-11-07 15:45:46,454 [LocalJobRunner Map Task Executor #0] INFO  mapred.Task (Task.java:done(1276)) - Final Counters for attempt_local511469519_0001_m_000000_0: Counters: 24
	File System Counters
		FILE: Number of bytes read=204961
		FILE: Number of bytes written=819515
		FILE: Number of read operations=0
		FILE: Number of large read operations=0
		FILE: Number of write operations=0
		O3FS: Number of bytes read=0
		O3FS: Number of bytes written=800
		O3FS: Number of read operations=23
		O3FS: Number of large read operations=0
		O3FS: Number of write operations=7
	Map-Reduce Framework
		Map input records=2
		Map output records=0
		Input split bytes=158
		Spilled Records=0
		Failed Shuffles=0
		Merged Map outputs=0
		GC time elapsed (ms)=0
		Total committed heap usage (bytes)=2058354688
	File Input Format Counters 
		Bytes Read=3157
	File Output Format Counters 
		Bytes Written=8
	DistCp Counters
		Bandwidth in Btyes=100
		Bytes Copied=800
		Bytes Expected=800
		Files Copied=2
2019-11-07 15:45:46,454 [LocalJobRunner Map Task Executor #0] INFO  mapred.LocalJobRunner (LocalJobRunner.java:run(277)) - Finishing task: attempt_local511469519_0001_m_000000_0
2019-11-07 15:45:46,454 [LocalJobRunner Map Task Executor #0] INFO  mapred.LocalJobRunner (LocalJobRunner.java:run(252)) - Starting task: attempt_local511469519_0001_m_000001_0
2019-11-07 15:45:46,462 [LocalJobRunner Map Task Executor #0] INFO  output.FileOutputCommitter (FileOutputCommitter.java:<init>(140)) - File Output Committer Algorithm version is 2
2019-11-07 15:45:46,462 [LocalJobRunner Map Task Executor #0] INFO  output.FileOutputCommitter (FileOutputCommitter.java:<init>(155)) - FileOutputCommitter skip cleanup _temporary folders under output directory:false, ignore cleanup failures: false
2019-11-07 15:45:46,463 [LocalJobRunner Map Task Executor #0] INFO  mapred.Task (Task.java:initialize(626)) -  Using ResourceCalculatorProcessTree : [ ]
2019-11-07 15:45:46,464 [LocalJobRunner Map Task Executor #0] INFO  mapred.MapTask (MapTask.java:runNewMapper(768)) - Processing split: file:/tmp/hadoop/mapred/staging/jenkins10001849494917/.staging/_distcp1555763523/fileList.seq:1664+570
2019-11-07 15:45:46,465 [LocalJobRunner Map Task Executor #0] INFO  output.FileOutputCommitter (FileOutputCommitter.java:<init>(140)) - File Output Committer Algorithm version is 2
2019-11-07 15:45:46,465 [LocalJobRunner Map Task Executor #0] INFO  output.FileOutputCommitter (FileOutputCommitter.java:<init>(155)) - FileOutputCommitter skip cleanup _temporary folders under output directory:false, ignore cleanup failures: false
2019-11-07 15:45:46,484 [LocalJobRunner Map Task Executor #0] INFO  mapred.CopyMapper (CopyMapper.java:map(154)) - Copying file:/workdir/hadoop-ozone/ozonefs/target/test-dir/ITestOzoneContractDistCp/testUpdateDeepDirectoryStructureNoChange/local/inputDir/subDir1/file2 to o3fs://bucket01598.volume20997/test/ITestOzoneContractDistCp/testUpdateDeepDirectoryStructureNoChange/remote/outputDir/inputDir/subDir1/file2
15:45:46.492 [IPC Server handler 12 on 35423] ERROR OMAudit - user=jenkins1000 | ip=127.0.0.1 | op=GET_FILE_STATUS {volume=volume20997, bucket=bucket01598, key=test/ITestOzoneContractDistCp/testUpdateDeepDirectoryStructureNoChange/remote/outputDir/inputDir/subDir1/file2, dataSize=0, replicationType=null, replicationFactor=null, keyLocationInfo=null} | ret=FAILURE
org.apache.hadoop.ozone.om.exceptions.OMException: Unable to get file status: volume: volume20997 bucket: bucket01598 key: test/ITestOzoneContractDistCp/testUpdateDeepDirectoryStructureNoChange/remote/outputDir/inputDir/subDir1/file2
	at org.apache.hadoop.ozone.om.KeyManagerImpl.getFileStatus(KeyManagerImpl.java:1784) ~[hadoop-ozone-ozone-manager-0.5.0-SNAPSHOT.jar:?]
	at org.apache.hadoop.ozone.om.OzoneManager.getFileStatus(OzoneManager.java:2762) ~[hadoop-ozone-ozone-manager-0.5.0-SNAPSHOT.jar:?]
	at org.apache.hadoop.ozone.protocolPB.OzoneManagerRequestHandler.getOzoneFileStatus(OzoneManagerRequestHandler.java:1053) ~[hadoop-ozone-ozone-manager-0.5.0-SNAPSHOT.jar:?]
	at org.apache.hadoop.ozone.protocolPB.OzoneManagerRequestHandler.handle(OzoneManagerRequestHandler.java:340) ~[hadoop-ozone-ozone-manager-0.5.0-SNAPSHOT.jar:?]
	at org.apache.hadoop.ozone.protocolPB.OzoneManagerProtocolServerSideTranslatorPB.submitRequestDirectlyToOM(OzoneManagerProtocolServerSideTranslatorPB.java:208) ~[hadoop-ozone-ozone-manager-0.5.0-SNAPSHOT.jar:?]
	at org.apache.hadoop.ozone.protocolPB.OzoneManagerProtocolServerSideTranslatorPB.processRequest(OzoneManagerProtocolServerSideTranslatorPB.java:132) ~[hadoop-ozone-ozone-manager-0.5.0-SNAPSHOT.jar:?]
	at org.apache.hadoop.hdds.server.OzoneProtocolMessageDispatcher.processRequest(OzoneProtocolMessageDispatcher.java:72) [hadoop-hdds-server-framework-0.5.0-SNAPSHOT.jar:?]
	at org.apache.hadoop.ozone.protocolPB.OzoneManagerProtocolServerSideTranslatorPB.submitRequest(OzoneManagerProtocolServerSideTranslatorPB.java:100) [hadoop-ozone-ozone-manager-0.5.0-SNAPSHOT.jar:?]
	at org.apache.hadoop.ozone.protocol.proto.OzoneManagerProtocolProtos$OzoneManagerService$2.callBlockingMethod(OzoneManagerProtocolProtos.java) [hadoop-ozone-common-0.5.0-SNAPSHOT.jar:?]
	at org.apache.hadoop.ipc.ProtobufRpcEngine$Server$ProtoBufRpcInvoker.call(ProtobufRpcEngine.java:524) [hadoop-common-3.2.0.jar:?]
	at org.apache.hadoop.ipc.RPC$Server.call(RPC.java:1025) [hadoop-common-3.2.0.jar:?]
	at org.apache.hadoop.ipc.Server$RpcCall.run(Server.java:876) [hadoop-common-3.2.0.jar:?]
	at org.apache.hadoop.ipc.Server$RpcCall.run(Server.java:822) [hadoop-common-3.2.0.jar:?]
	at java.security.AccessController.doPrivileged(Native Method) [?:1.8.0_222]
	at javax.security.auth.Subject.doAs(Subject.java:422) [?:1.8.0_222]
	at org.apache.hadoop.security.UserGroupInformation.doAs(UserGroupInformation.java:1730) [hadoop-common-3.2.0.jar:?]
	at org.apache.hadoop.ipc.Server$Handler.run(Server.java:2682) [hadoop-common-3.2.0.jar:?]
2019-11-07 15:45:46,494 [LocalJobRunner Map Task Executor #0] INFO  mapred.RetriableFileCopyCommand (RetriableFileCopyCommand.java:getTmpFile(260)) - Creating temp file: o3fs://bucket01598.volume20997/test/ITestOzoneContractDistCp/testUpdateDeepDirectoryStructureNoChange/remote/outputDir/.distcp.tmp.attempt_local511469519_0001_m_000001_0
2019-11-07 15:45:46,670 [Thread-233] INFO  mapreduce.Job (Job.java:monitorAndPrintJob(1647)) -  map 100% reduce 0%
15:45:46.835 [IPC Server handler 17 on 35423] ERROR OMAudit - user=jenkins1000 | ip=127.0.0.1 | op=GET_FILE_STATUS {volume=volume20997, bucket=bucket01598, key=test/ITestOzoneContractDistCp/testUpdateDeepDirectoryStructureNoChange/remote/outputDir/inputDir/subDir1/file2, dataSize=0, replicationType=null, replicationFactor=null, keyLocationInfo=null} | ret=FAILURE
org.apache.hadoop.ozone.om.exceptions.OMException: Unable to get file status: volume: volume20997 bucket: bucket01598 key: test/ITestOzoneContractDistCp/testUpdateDeepDirectoryStructureNoChange/remote/outputDir/inputDir/subDir1/file2
	at org.apache.hadoop.ozone.om.KeyManagerImpl.getFileStatus(KeyManagerImpl.java:1784) ~[hadoop-ozone-ozone-manager-0.5.0-SNAPSHOT.jar:?]
	at org.apache.hadoop.ozone.om.OzoneManager.getFileStatus(OzoneManager.java:2762) ~[hadoop-ozone-ozone-manager-0.5.0-SNAPSHOT.jar:?]
	at org.apache.hadoop.ozone.protocolPB.OzoneManagerRequestHandler.getOzoneFileStatus(OzoneManagerRequestHandler.java:1053) ~[hadoop-ozone-ozone-manager-0.5.0-SNAPSHOT.jar:?]
	at org.apache.hadoop.ozone.protocolPB.OzoneManagerRequestHandler.handle(OzoneManagerRequestHandler.java:340) ~[hadoop-ozone-ozone-manager-0.5.0-SNAPSHOT.jar:?]
	at org.apache.hadoop.ozone.protocolPB.OzoneManagerProtocolServerSideTranslatorPB.submitRequestDirectlyToOM(OzoneManagerProtocolServerSideTranslatorPB.java:208) ~[hadoop-ozone-ozone-manager-0.5.0-SNAPSHOT.jar:?]
	at org.apache.hadoop.ozone.protocolPB.OzoneManagerProtocolServerSideTranslatorPB.processRequest(OzoneManagerProtocolServerSideTranslatorPB.java:132) ~[hadoop-ozone-ozone-manager-0.5.0-SNAPSHOT.jar:?]
	at org.apache.hadoop.hdds.server.OzoneProtocolMessageDispatcher.processRequest(OzoneProtocolMessageDispatcher.java:72) [hadoop-hdds-server-framework-0.5.0-SNAPSHOT.jar:?]
	at org.apache.hadoop.ozone.protocolPB.OzoneManagerProtocolServerSideTranslatorPB.submitRequest(OzoneManagerProtocolServerSideTranslatorPB.java:100) [hadoop-ozone-ozone-manager-0.5.0-SNAPSHOT.jar:?]
	at org.apache.hadoop.ozone.protocol.proto.OzoneManagerProtocolProtos$OzoneManagerService$2.callBlockingMethod(OzoneManagerProtocolProtos.java) [hadoop-ozone-common-0.5.0-SNAPSHOT.jar:?]
	at org.apache.hadoop.ipc.ProtobufRpcEngine$Server$ProtoBufRpcInvoker.call(ProtobufRpcEngine.java:524) [hadoop-common-3.2.0.jar:?]
	at org.apache.hadoop.ipc.RPC$Server.call(RPC.java:1025) [hadoop-common-3.2.0.jar:?]
	at org.apache.hadoop.ipc.Server$RpcCall.run(Server.java:876) [hadoop-common-3.2.0.jar:?]
	at org.apache.hadoop.ipc.Server$RpcCall.run(Server.java:822) [hadoop-common-3.2.0.jar:?]
	at java.security.AccessController.doPrivileged(Native Method) [?:1.8.0_222]
	at javax.security.auth.Subject.doAs(Subject.java:422) [?:1.8.0_222]
	at org.apache.hadoop.security.UserGroupInformation.doAs(UserGroupInformation.java:1730) [hadoop-common-3.2.0.jar:?]
	at org.apache.hadoop.ipc.Server$Handler.run(Server.java:2682) [hadoop-common-3.2.0.jar:?]
15:45:46.838 [IPC Server handler 15 on 35423] ERROR OMAudit - user=jenkins1000 | ip=127.0.0.1 | op=GET_FILE_STATUS {volume=volume20997, bucket=bucket01598, key=test/ITestOzoneContractDistCp/testUpdateDeepDirectoryStructureNoChange/remote/outputDir/inputDir/subDir1, dataSize=0, replicationType=null, replicationFactor=null, keyLocationInfo=null} | ret=FAILURE
org.apache.hadoop.ozone.om.exceptions.OMException: Unable to get file status: volume: volume20997 bucket: bucket01598 key: test/ITestOzoneContractDistCp/testUpdateDeepDirectoryStructureNoChange/remote/outputDir/inputDir/subDir1
	at org.apache.hadoop.ozone.om.KeyManagerImpl.getFileStatus(KeyManagerImpl.java:1784) ~[hadoop-ozone-ozone-manager-0.5.0-SNAPSHOT.jar:?]
	at org.apache.hadoop.ozone.om.OzoneManager.getFileStatus(OzoneManager.java:2762) ~[hadoop-ozone-ozone-manager-0.5.0-SNAPSHOT.jar:?]
	at org.apache.hadoop.ozone.protocolPB.OzoneManagerRequestHandler.getOzoneFileStatus(OzoneManagerRequestHandler.java:1053) ~[hadoop-ozone-ozone-manager-0.5.0-SNAPSHOT.jar:?]
	at org.apache.hadoop.ozone.protocolPB.OzoneManagerRequestHandler.handle(OzoneManagerRequestHandler.java:340) ~[hadoop-ozone-ozone-manager-0.5.0-SNAPSHOT.jar:?]
	at org.apache.hadoop.ozone.protocolPB.OzoneManagerProtocolServerSideTranslatorPB.submitRequestDirectlyToOM(OzoneManagerProtocolServerSideTranslatorPB.java:208) ~[hadoop-ozone-ozone-manager-0.5.0-SNAPSHOT.jar:?]
	at org.apache.hadoop.ozone.protocolPB.OzoneManagerProtocolServerSideTranslatorPB.processRequest(OzoneManagerProtocolServerSideTranslatorPB.java:132) ~[hadoop-ozone-ozone-manager-0.5.0-SNAPSHOT.jar:?]
	at org.apache.hadoop.hdds.server.OzoneProtocolMessageDispatcher.processRequest(OzoneProtocolMessageDispatcher.java:72) [hadoop-hdds-server-framework-0.5.0-SNAPSHOT.jar:?]
	at org.apache.hadoop.ozone.protocolPB.OzoneManagerProtocolServerSideTranslatorPB.submitRequest(OzoneManagerProtocolServerSideTranslatorPB.java:100) [hadoop-ozone-ozone-manager-0.5.0-SNAPSHOT.jar:?]
	at org.apache.hadoop.ozone.protocol.proto.OzoneManagerProtocolProtos$OzoneManagerService$2.callBlockingMethod(OzoneManagerProtocolProtos.java) [hadoop-ozone-common-0.5.0-SNAPSHOT.jar:?]
	at org.apache.hadoop.ipc.ProtobufRpcEngine$Server$ProtoBufRpcInvoker.call(ProtobufRpcEngine.java:524) [hadoop-common-3.2.0.jar:?]
	at org.apache.hadoop.ipc.RPC$Server.call(RPC.java:1025) [hadoop-common-3.2.0.jar:?]
	at org.apache.hadoop.ipc.Server$RpcCall.run(Server.java:876) [hadoop-common-3.2.0.jar:?]
	at org.apache.hadoop.ipc.Server$RpcCall.run(Server.java:822) [hadoop-common-3.2.0.jar:?]
	at java.security.AccessController.doPrivileged(Native Method) [?:1.8.0_222]
	at javax.security.auth.Subject.doAs(Subject.java:422) [?:1.8.0_222]
	at org.apache.hadoop.security.UserGroupInformation.doAs(UserGroupInformation.java:1730) [hadoop-common-3.2.0.jar:?]
	at org.apache.hadoop.ipc.Server$Handler.run(Server.java:2682) [hadoop-common-3.2.0.jar:?]
15:45:46.862 [IPC Server handler 19 on 35423] ERROR OMAudit - user=jenkins1000 | ip=127.0.0.1 | op=GET_FILE_STATUS {volume=volume20997, bucket=bucket01598, key=test/ITestOzoneContractDistCp/testUpdateDeepDirectoryStructureNoChange/remote/outputDir/inputDir/subDir1/file2, dataSize=0, replicationType=null, replicationFactor=null, keyLocationInfo=null} | ret=FAILURE
org.apache.hadoop.ozone.om.exceptions.OMException: Unable to get file status: volume: volume20997 bucket: bucket01598 key: test/ITestOzoneContractDistCp/testUpdateDeepDirectoryStructureNoChange/remote/outputDir/inputDir/subDir1/file2
	at org.apache.hadoop.ozone.om.KeyManagerImpl.getFileStatus(KeyManagerImpl.java:1784) ~[hadoop-ozone-ozone-manager-0.5.0-SNAPSHOT.jar:?]
	at org.apache.hadoop.ozone.om.OzoneManager.getFileStatus(OzoneManager.java:2762) ~[hadoop-ozone-ozone-manager-0.5.0-SNAPSHOT.jar:?]
	at org.apache.hadoop.ozone.protocolPB.OzoneManagerRequestHandler.getOzoneFileStatus(OzoneManagerRequestHandler.java:1053) ~[hadoop-ozone-ozone-manager-0.5.0-SNAPSHOT.jar:?]
	at org.apache.hadoop.ozone.protocolPB.OzoneManagerRequestHandler.handle(OzoneManagerRequestHandler.java:340) ~[hadoop-ozone-ozone-manager-0.5.0-SNAPSHOT.jar:?]
	at org.apache.hadoop.ozone.protocolPB.OzoneManagerProtocolServerSideTranslatorPB.submitRequestDirectlyToOM(OzoneManagerProtocolServerSideTranslatorPB.java:208) ~[hadoop-ozone-ozone-manager-0.5.0-SNAPSHOT.jar:?]
	at org.apache.hadoop.ozone.protocolPB.OzoneManagerProtocolServerSideTranslatorPB.processRequest(OzoneManagerProtocolServerSideTranslatorPB.java:132) ~[hadoop-ozone-ozone-manager-0.5.0-SNAPSHOT.jar:?]
	at org.apache.hadoop.hdds.server.OzoneProtocolMessageDispatcher.processRequest(OzoneProtocolMessageDispatcher.java:72) [hadoop-hdds-server-framework-0.5.0-SNAPSHOT.jar:?]
	at org.apache.hadoop.ozone.protocolPB.OzoneManagerProtocolServerSideTranslatorPB.submitRequest(OzoneManagerProtocolServerSideTranslatorPB.java:100) [hadoop-ozone-ozone-manager-0.5.0-SNAPSHOT.jar:?]
	at org.apache.hadoop.ozone.protocol.proto.OzoneManagerProtocolProtos$OzoneManagerService$2.callBlockingMethod(OzoneManagerProtocolProtos.java) [hadoop-ozone-common-0.5.0-SNAPSHOT.jar:?]
	at org.apache.hadoop.ipc.ProtobufRpcEngine$Server$ProtoBufRpcInvoker.call(ProtobufRpcEngine.java:524) [hadoop-common-3.2.0.jar:?]
	at org.apache.hadoop.ipc.RPC$Server.call(RPC.java:1025) [hadoop-common-3.2.0.jar:?]
	at org.apache.hadoop.ipc.Server$RpcCall.run(Server.java:876) [hadoop-common-3.2.0.jar:?]
	at org.apache.hadoop.ipc.Server$RpcCall.run(Server.java:822) [hadoop-common-3.2.0.jar:?]
	at java.security.AccessController.doPrivileged(Native Method) [?:1.8.0_222]
	at javax.security.auth.Subject.doAs(Subject.java:422) [?:1.8.0_222]
	at org.apache.hadoop.security.UserGroupInformation.doAs(UserGroupInformation.java:1730) [hadoop-common-3.2.0.jar:?]
	at org.apache.hadoop.ipc.Server$Handler.run(Server.java:2682) [hadoop-common-3.2.0.jar:?]
15:45:46.902 [IPC Server handler 5 on 35423] ERROR OMAudit - user=jenkins1000 | ip=127.0.0.1 | op=GET_FILE_STATUS {volume=volume20997, bucket=bucket01598, key=test/ITestOzoneContractDistCp/testUpdateDeepDirectoryStructureNoChange/remote/outputDir/.distcp.tmp.attempt_local511469519_0001_m_000001_0, dataSize=0, replicationType=null, replicationFactor=null, keyLocationInfo=null} | ret=FAILURE
org.apache.hadoop.ozone.om.exceptions.OMException: Unable to get file status: volume: volume20997 bucket: bucket01598 key: test/ITestOzoneContractDistCp/testUpdateDeepDirectoryStructureNoChange/remote/outputDir/.distcp.tmp.attempt_local511469519_0001_m_000001_0
	at org.apache.hadoop.ozone.om.KeyManagerImpl.getFileStatus(KeyManagerImpl.java:1784) ~[hadoop-ozone-ozone-manager-0.5.0-SNAPSHOT.jar:?]
	at org.apache.hadoop.ozone.om.OzoneManager.getFileStatus(OzoneManager.java:2762) ~[hadoop-ozone-ozone-manager-0.5.0-SNAPSHOT.jar:?]
	at org.apache.hadoop.ozone.protocolPB.OzoneManagerRequestHandler.getOzoneFileStatus(OzoneManagerRequestHandler.java:1053) ~[hadoop-ozone-ozone-manager-0.5.0-SNAPSHOT.jar:?]
	at org.apache.hadoop.ozone.protocolPB.OzoneManagerRequestHandler.handle(OzoneManagerRequestHandler.java:340) ~[hadoop-ozone-ozone-manager-0.5.0-SNAPSHOT.jar:?]
	at org.apache.hadoop.ozone.protocolPB.OzoneManagerProtocolServerSideTranslatorPB.submitRequestDirectlyToOM(OzoneManagerProtocolServerSideTranslatorPB.java:208) ~[hadoop-ozone-ozone-manager-0.5.0-SNAPSHOT.jar:?]
	at org.apache.hadoop.ozone.protocolPB.OzoneManagerProtocolServerSideTranslatorPB.processRequest(OzoneManagerProtocolServerSideTranslatorPB.java:132) ~[hadoop-ozone-ozone-manager-0.5.0-SNAPSHOT.jar:?]
	at org.apache.hadoop.hdds.server.OzoneProtocolMessageDispatcher.processRequest(OzoneProtocolMessageDispatcher.java:72) [hadoop-hdds-server-framework-0.5.0-SNAPSHOT.jar:?]
	at org.apache.hadoop.ozone.protocolPB.OzoneManagerProtocolServerSideTranslatorPB.submitRequest(OzoneManagerProtocolServerSideTranslatorPB.java:100) [hadoop-ozone-ozone-manager-0.5.0-SNAPSHOT.jar:?]
	at org.apache.hadoop.ozone.protocol.proto.OzoneManagerProtocolProtos$OzoneManagerService$2.callBlockingMethod(OzoneManagerProtocolProtos.java) [hadoop-ozone-common-0.5.0-SNAPSHOT.jar:?]
	at org.apache.hadoop.ipc.ProtobufRpcEngine$Server$ProtoBufRpcInvoker.call(ProtobufRpcEngine.java:524) [hadoop-common-3.2.0.jar:?]
	at org.apache.hadoop.ipc.RPC$Server.call(RPC.java:1025) [hadoop-common-3.2.0.jar:?]
	at org.apache.hadoop.ipc.Server$RpcCall.run(Server.java:876) [hadoop-common-3.2.0.jar:?]
	at org.apache.hadoop.ipc.Server$RpcCall.run(Server.java:822) [hadoop-common-3.2.0.jar:?]
	at java.security.AccessController.doPrivileged(Native Method) [?:1.8.0_222]
	at javax.security.auth.Subject.doAs(Subject.java:422) [?:1.8.0_222]
	at org.apache.hadoop.security.UserGroupInformation.doAs(UserGroupInformation.java:1730) [hadoop-common-3.2.0.jar:?]
	at org.apache.hadoop.ipc.Server$Handler.run(Server.java:2682) [hadoop-common-3.2.0.jar:?]
2019-11-07 15:45:46,904 [LocalJobRunner Map Task Executor #0] WARN  ozone.BasicOzoneFileSystem (BasicOzoneFileSystem.java:delete(444)) - delete: Path does not exist: o3fs://bucket01598.volume20997/test/ITestOzoneContractDistCp/testUpdateDeepDirectoryStructureNoChange/remote/outputDir/.distcp.tmp.attempt_local511469519_0001_m_000001_0
2019-11-07 15:45:46,905 [LocalJobRunner Map Task Executor #0] INFO  mapred.CopyMapper (CopyMapper.java:map(154)) - Copying file:/workdir/hadoop-ozone/ozonefs/target/test-dir/ITestOzoneContractDistCp/testUpdateDeepDirectoryStructureNoChange/local/inputDir/subDir4/subDir4/file4 to o3fs://bucket01598.volume20997/test/ITestOzoneContractDistCp/testUpdateDeepDirectoryStructureNoChange/remote/outputDir/inputDir/subDir4/subDir4/file4
15:45:46.913 [IPC Server handler 6 on 35423] ERROR OMAudit - user=jenkins1000 | ip=127.0.0.1 | op=GET_FILE_STATUS {volume=volume20997, bucket=bucket01598, key=test/ITestOzoneContractDistCp/testUpdateDeepDirectoryStructureNoChange/remote/outputDir/inputDir/subDir4/subDir4/file4, dataSize=0, replicationType=null, replicationFactor=null, keyLocationInfo=null} | ret=FAILURE
org.apache.hadoop.ozone.om.exceptions.OMException: Unable to get file status: volume: volume20997 bucket: bucket01598 key: test/ITestOzoneContractDistCp/testUpdateDeepDirectoryStructureNoChange/remote/outputDir/inputDir/subDir4/subDir4/file4
	at org.apache.hadoop.ozone.om.KeyManagerImpl.getFileStatus(KeyManagerImpl.java:1784) ~[hadoop-ozone-ozone-manager-0.5.0-SNAPSHOT.jar:?]
	at org.apache.hadoop.ozone.om.OzoneManager.getFileStatus(OzoneManager.java:2762) ~[hadoop-ozone-ozone-manager-0.5.0-SNAPSHOT.jar:?]
	at org.apache.hadoop.ozone.protocolPB.OzoneManagerRequestHandler.getOzoneFileStatus(OzoneManagerRequestHandler.java:1053) ~[hadoop-ozone-ozone-manager-0.5.0-SNAPSHOT.jar:?]
	at org.apache.hadoop.ozone.protocolPB.OzoneManagerRequestHandler.handle(OzoneManagerRequestHandler.java:340) ~[hadoop-ozone-ozone-manager-0.5.0-SNAPSHOT.jar:?]
	at org.apache.hadoop.ozone.protocolPB.OzoneManagerProtocolServerSideTranslatorPB.submitRequestDirectlyToOM(OzoneManagerProtocolServerSideTranslatorPB.java:208) ~[hadoop-ozone-ozone-manager-0.5.0-SNAPSHOT.jar:?]
	at org.apache.hadoop.ozone.protocolPB.OzoneManagerProtocolServerSideTranslatorPB.processRequest(OzoneManagerProtocolServerSideTranslatorPB.java:132) ~[hadoop-ozone-ozone-manager-0.5.0-SNAPSHOT.jar:?]
	at org.apache.hadoop.hdds.server.OzoneProtocolMessageDispatcher.processRequest(OzoneProtocolMessageDispatcher.java:72) [hadoop-hdds-server-framework-0.5.0-SNAPSHOT.jar:?]
	at org.apache.hadoop.ozone.protocolPB.OzoneManagerProtocolServerSideTranslatorPB.submitRequest(OzoneManagerProtocolServerSideTranslatorPB.java:100) [hadoop-ozone-ozone-manager-0.5.0-SNAPSHOT.jar:?]
	at org.apache.hadoop.ozone.protocol.proto.OzoneManagerProtocolProtos$OzoneManagerService$2.callBlockingMethod(OzoneManagerProtocolProtos.java) [hadoop-ozone-common-0.5.0-SNAPSHOT.jar:?]
	at org.apache.hadoop.ipc.ProtobufRpcEngine$Server$ProtoBufRpcInvoker.call(ProtobufRpcEngine.java:524) [hadoop-common-3.2.0.jar:?]
	at org.apache.hadoop.ipc.RPC$Server.call(RPC.java:1025) [hadoop-common-3.2.0.jar:?]
	at org.apache.hadoop.ipc.Server$RpcCall.run(Server.java:876) [hadoop-common-3.2.0.jar:?]
	at org.apache.hadoop.ipc.Server$RpcCall.run(Server.java:822) [hadoop-common-3.2.0.jar:?]
	at java.security.AccessController.doPrivileged(Native Method) [?:1.8.0_222]
	at javax.security.auth.Subject.doAs(Subject.java:422) [?:1.8.0_222]
	at org.apache.hadoop.security.UserGroupInformation.doAs(UserGroupInformation.java:1730) [hadoop-common-3.2.0.jar:?]
	at org.apache.hadoop.ipc.Server$Handler.run(Server.java:2682) [hadoop-common-3.2.0.jar:?]
2019-11-07 15:45:46,914 [LocalJobRunner Map Task Executor #0] INFO  mapred.RetriableFileCopyCommand (RetriableFileCopyCommand.java:getTmpFile(260)) - Creating temp file: o3fs://bucket01598.volume20997/test/ITestOzoneContractDistCp/testUpdateDeepDirectoryStructureNoChange/remote/outputDir/.distcp.tmp.attempt_local511469519_0001_m_000001_0
15:45:47.026 [IPC Server handler 3 on 35423] ERROR OMAudit - user=jenkins1000 | ip=127.0.0.1 | op=GET_FILE_STATUS {volume=volume20997, bucket=bucket01598, key=test/ITestOzoneContractDistCp/testUpdateDeepDirectoryStructureNoChange/remote/outputDir/inputDir/subDir4/subDir4/file4, dataSize=0, replicationType=null, replicationFactor=null, keyLocationInfo=null} | ret=FAILURE
org.apache.hadoop.ozone.om.exceptions.OMException: Unable to get file status: volume: volume20997 bucket: bucket01598 key: test/ITestOzoneContractDistCp/testUpdateDeepDirectoryStructureNoChange/remote/outputDir/inputDir/subDir4/subDir4/file4
	at org.apache.hadoop.ozone.om.KeyManagerImpl.getFileStatus(KeyManagerImpl.java:1784) ~[hadoop-ozone-ozone-manager-0.5.0-SNAPSHOT.jar:?]
	at org.apache.hadoop.ozone.om.OzoneManager.getFileStatus(OzoneManager.java:2762) ~[hadoop-ozone-ozone-manager-0.5.0-SNAPSHOT.jar:?]
	at org.apache.hadoop.ozone.protocolPB.OzoneManagerRequestHandler.getOzoneFileStatus(OzoneManagerRequestHandler.java:1053) ~[hadoop-ozone-ozone-manager-0.5.0-SNAPSHOT.jar:?]
	at org.apache.hadoop.ozone.protocolPB.OzoneManagerRequestHandler.handle(OzoneManagerRequestHandler.java:340) ~[hadoop-ozone-ozone-manager-0.5.0-SNAPSHOT.jar:?]
	at org.apache.hadoop.ozone.protocolPB.OzoneManagerProtocolServerSideTranslatorPB.submitRequestDirectlyToOM(OzoneManagerProtocolServerSideTranslatorPB.java:208) ~[hadoop-ozone-ozone-manager-0.5.0-SNAPSHOT.jar:?]
	at org.apache.hadoop.ozone.protocolPB.OzoneManagerProtocolServerSideTranslatorPB.processRequest(OzoneManagerProtocolServerSideTranslatorPB.java:132) ~[hadoop-ozone-ozone-manager-0.5.0-SNAPSHOT.jar:?]
	at org.apache.hadoop.hdds.server.OzoneProtocolMessageDispatcher.processRequest(OzoneProtocolMessageDispatcher.java:72) [hadoop-hdds-server-framework-0.5.0-SNAPSHOT.jar:?]
	at org.apache.hadoop.ozone.protocolPB.OzoneManagerProtocolServerSideTranslatorPB.submitRequest(OzoneManagerProtocolServerSideTranslatorPB.java:100) [hadoop-ozone-ozone-manager-0.5.0-SNAPSHOT.jar:?]
	at org.apache.hadoop.ozone.protocol.proto.OzoneManagerProtocolProtos$OzoneManagerService$2.callBlockingMethod(OzoneManagerProtocolProtos.java) [hadoop-ozone-common-0.5.0-SNAPSHOT.jar:?]
	at org.apache.hadoop.ipc.ProtobufRpcEngine$Server$ProtoBufRpcInvoker.call(ProtobufRpcEngine.java:524) [hadoop-common-3.2.0.jar:?]
	at org.apache.hadoop.ipc.RPC$Server.call(RPC.java:1025) [hadoop-common-3.2.0.jar:?]
	at org.apache.hadoop.ipc.Server$RpcCall.run(Server.java:876) [hadoop-common-3.2.0.jar:?]
	at org.apache.hadoop.ipc.Server$RpcCall.run(Server.java:822) [hadoop-common-3.2.0.jar:?]
	at java.security.AccessController.doPrivileged(Native Method) [?:1.8.0_222]
	at javax.security.auth.Subject.doAs(Subject.java:422) [?:1.8.0_222]
	at org.apache.hadoop.security.UserGroupInformation.doAs(UserGroupInformation.java:1730) [hadoop-common-3.2.0.jar:?]
	at org.apache.hadoop.ipc.Server$Handler.run(Server.java:2682) [hadoop-common-3.2.0.jar:?]
15:45:47.032 [IPC Server handler 12 on 35423] ERROR OMAudit - user=jenkins1000 | ip=127.0.0.1 | op=GET_FILE_STATUS {volume=volume20997, bucket=bucket01598, key=test/ITestOzoneContractDistCp/testUpdateDeepDirectoryStructureNoChange/remote/outputDir/inputDir/subDir4/subDir4/file4, dataSize=0, replicationType=null, replicationFactor=null, keyLocationInfo=null} | ret=FAILURE
org.apache.hadoop.ozone.om.exceptions.OMException: Unable to get file status: volume: volume20997 bucket: bucket01598 key: test/ITestOzoneContractDistCp/testUpdateDeepDirectoryStructureNoChange/remote/outputDir/inputDir/subDir4/subDir4/file4
	at org.apache.hadoop.ozone.om.KeyManagerImpl.getFileStatus(KeyManagerImpl.java:1784) ~[hadoop-ozone-ozone-manager-0.5.0-SNAPSHOT.jar:?]
	at org.apache.hadoop.ozone.om.OzoneManager.getFileStatus(OzoneManager.java:2762) ~[hadoop-ozone-ozone-manager-0.5.0-SNAPSHOT.jar:?]
	at org.apache.hadoop.ozone.protocolPB.OzoneManagerRequestHandler.getOzoneFileStatus(OzoneManagerRequestHandler.java:1053) ~[hadoop-ozone-ozone-manager-0.5.0-SNAPSHOT.jar:?]
	at org.apache.hadoop.ozone.protocolPB.OzoneManagerRequestHandler.handle(OzoneManagerRequestHandler.java:340) ~[hadoop-ozone-ozone-manager-0.5.0-SNAPSHOT.jar:?]
	at org.apache.hadoop.ozone.protocolPB.OzoneManagerProtocolServerSideTranslatorPB.submitRequestDirectlyToOM(OzoneManagerProtocolServerSideTranslatorPB.java:208) ~[hadoop-ozone-ozone-manager-0.5.0-SNAPSHOT.jar:?]
	at org.apache.hadoop.ozone.protocolPB.OzoneManagerProtocolServerSideTranslatorPB.processRequest(OzoneManagerProtocolServerSideTranslatorPB.java:132) ~[hadoop-ozone-ozone-manager-0.5.0-SNAPSHOT.jar:?]
	at org.apache.hadoop.hdds.server.OzoneProtocolMessageDispatcher.processRequest(OzoneProtocolMessageDispatcher.java:72) [hadoop-hdds-server-framework-0.5.0-SNAPSHOT.jar:?]
	at org.apache.hadoop.ozone.protocolPB.OzoneManagerProtocolServerSideTranslatorPB.submitRequest(OzoneManagerProtocolServerSideTranslatorPB.java:100) [hadoop-ozone-ozone-manager-0.5.0-SNAPSHOT.jar:?]
	at org.apache.hadoop.ozone.protocol.proto.OzoneManagerProtocolProtos$OzoneManagerService$2.callBlockingMethod(OzoneManagerProtocolProtos.java) [hadoop-ozone-common-0.5.0-SNAPSHOT.jar:?]
	at org.apache.hadoop.ipc.ProtobufRpcEngine$Server$ProtoBufRpcInvoker.call(ProtobufRpcEngine.java:524) [hadoop-common-3.2.0.jar:?]
	at org.apache.hadoop.ipc.RPC$Server.call(RPC.java:1025) [hadoop-common-3.2.0.jar:?]
	at org.apache.hadoop.ipc.Server$RpcCall.run(Server.java:876) [hadoop-common-3.2.0.jar:?]
	at org.apache.hadoop.ipc.Server$RpcCall.run(Server.java:822) [hadoop-common-3.2.0.jar:?]
	at java.security.AccessController.doPrivileged(Native Method) [?:1.8.0_222]
	at javax.security.auth.Subject.doAs(Subject.java:422) [?:1.8.0_222]
	at org.apache.hadoop.security.UserGroupInformation.doAs(UserGroupInformation.java:1730) [hadoop-common-3.2.0.jar:?]
	at org.apache.hadoop.ipc.Server$Handler.run(Server.java:2682) [hadoop-common-3.2.0.jar:?]
15:45:47.071 [IPC Server handler 18 on 35423] ERROR OMAudit - user=jenkins1000 | ip=127.0.0.1 | op=GET_FILE_STATUS {volume=volume20997, bucket=bucket01598, key=test/ITestOzoneContractDistCp/testUpdateDeepDirectoryStructureNoChange/remote/outputDir/.distcp.tmp.attempt_local511469519_0001_m_000001_0, dataSize=0, replicationType=null, replicationFactor=null, keyLocationInfo=null} | ret=FAILURE
org.apache.hadoop.ozone.om.exceptions.OMException: Unable to get file status: volume: volume20997 bucket: bucket01598 key: test/ITestOzoneContractDistCp/testUpdateDeepDirectoryStructureNoChange/remote/outputDir/.distcp.tmp.attempt_local511469519_0001_m_000001_0
	at org.apache.hadoop.ozone.om.KeyManagerImpl.getFileStatus(KeyManagerImpl.java:1784) ~[hadoop-ozone-ozone-manager-0.5.0-SNAPSHOT.jar:?]
	at org.apache.hadoop.ozone.om.OzoneManager.getFileStatus(OzoneManager.java:2762) ~[hadoop-ozone-ozone-manager-0.5.0-SNAPSHOT.jar:?]
	at org.apache.hadoop.ozone.protocolPB.OzoneManagerRequestHandler.getOzoneFileStatus(OzoneManagerRequestHandler.java:1053) ~[hadoop-ozone-ozone-manager-0.5.0-SNAPSHOT.jar:?]
	at org.apache.hadoop.ozone.protocolPB.OzoneManagerRequestHandler.handle(OzoneManagerRequestHandler.java:340) ~[hadoop-ozone-ozone-manager-0.5.0-SNAPSHOT.jar:?]
	at org.apache.hadoop.ozone.protocolPB.OzoneManagerProtocolServerSideTranslatorPB.submitRequestDirectlyToOM(OzoneManagerProtocolServerSideTranslatorPB.java:208) ~[hadoop-ozone-ozone-manager-0.5.0-SNAPSHOT.jar:?]
	at org.apache.hadoop.ozone.protocolPB.OzoneManagerProtocolServerSideTranslatorPB.processRequest(OzoneManagerProtocolServerSideTranslatorPB.java:132) ~[hadoop-ozone-ozone-manager-0.5.0-SNAPSHOT.jar:?]
	at org.apache.hadoop.hdds.server.OzoneProtocolMessageDispatcher.processRequest(OzoneProtocolMessageDispatcher.java:72) [hadoop-hdds-server-framework-0.5.0-SNAPSHOT.jar:?]
	at org.apache.hadoop.ozone.protocolPB.OzoneManagerProtocolServerSideTranslatorPB.submitRequest(OzoneManagerProtocolServerSideTranslatorPB.java:100) [hadoop-ozone-ozone-manager-0.5.0-SNAPSHOT.jar:?]
	at org.apache.hadoop.ozone.protocol.proto.OzoneManagerProtocolProtos$OzoneManagerService$2.callBlockingMethod(OzoneManagerProtocolProtos.java) [hadoop-ozone-common-0.5.0-SNAPSHOT.jar:?]
	at org.apache.hadoop.ipc.ProtobufRpcEngine$Server$ProtoBufRpcInvoker.call(ProtobufRpcEngine.java:524) [hadoop-common-3.2.0.jar:?]
	at org.apache.hadoop.ipc.RPC$Server.call(RPC.java:1025) [hadoop-common-3.2.0.jar:?]
	at org.apache.hadoop.ipc.Server$RpcCall.run(Server.java:876) [hadoop-common-3.2.0.jar:?]
	at org.apache.hadoop.ipc.Server$RpcCall.run(Server.java:822) [hadoop-common-3.2.0.jar:?]
	at java.security.AccessController.doPrivileged(Native Method) [?:1.8.0_222]
	at javax.security.auth.Subject.doAs(Subject.java:422) [?:1.8.0_222]
	at org.apache.hadoop.security.UserGroupInformation.doAs(UserGroupInformation.java:1730) [hadoop-common-3.2.0.jar:?]
	at org.apache.hadoop.ipc.Server$Handler.run(Server.java:2682) [hadoop-common-3.2.0.jar:?]
2019-11-07 15:45:47,072 [LocalJobRunner Map Task Executor #0] WARN  ozone.BasicOzoneFileSystem (BasicOzoneFileSystem.java:delete(444)) - delete: Path does not exist: o3fs://bucket01598.volume20997/test/ITestOzoneContractDistCp/testUpdateDeepDirectoryStructureNoChange/remote/outputDir/.distcp.tmp.attempt_local511469519_0001_m_000001_0
2019-11-07 15:45:47,074 [LocalJobRunner Map Task Executor #0] INFO  mapred.LocalJobRunner (LocalJobRunner.java:statusUpdate(634)) - 
2019-11-07 15:45:47,074 [LocalJobRunner Map Task Executor #0] INFO  mapred.Task (Task.java:done(1244)) - Task:attempt_local511469519_0001_m_000001_0 is done. And is in the process of committing
2019-11-07 15:45:47,075 [LocalJobRunner Map Task Executor #0] INFO  mapred.LocalJobRunner (LocalJobRunner.java:statusUpdate(634)) - 
2019-11-07 15:45:47,075 [LocalJobRunner Map Task Executor #0] INFO  mapred.Task (Task.java:commit(1421)) - Task attempt_local511469519_0001_m_000001_0 is allowed to commit now
2019-11-07 15:45:47,077 [LocalJobRunner Map Task Executor #0] INFO  output.FileOutputCommitter (FileOutputCommitter.java:commitTask(598)) - Saved output of task 'attempt_local511469519_0001_m_000001_0' to file:/tmp/hadoop/mapred/staging/jenkins10001849494917/.staging/_distcp1555763523/_logs
2019-11-07 15:45:47,078 [LocalJobRunner Map Task Executor #0] INFO  mapred.LocalJobRunner (LocalJobRunner.java:statusUpdate(634)) - 100.0% Copying file:/workdir/hadoop-ozone/ozonefs/target/test-dir/ITestOzoneContractDistCp/testUpdateDeepDirectoryStructureNoChange/local/inputDir/subDir4/subDir4/file4 to o3fs://bucket01598.volume20997/test/ITestOzoneContractDistCp/testUpdateDeepDirectoryStructureNoChange/remote/outputDir/inputDir/subDir4/subDir4/file4 [400.0B/400.0B]
2019-11-07 15:45:47,078 [LocalJobRunner Map Task Executor #0] INFO  mapred.Task (Task.java:sendDone(1380)) - Task 'attempt_local511469519_0001_m_000001_0' done.
2019-11-07 15:45:47,078 [LocalJobRunner Map Task Executor #0] INFO  mapred.Task (Task.java:done(1276)) - Final Counters for attempt_local511469519_0001_m_000001_0: Counters: 24
	File System Counters
		FILE: Number of bytes read=210199
		FILE: Number of bytes written=819523
		FILE: Number of read operations=0
		FILE: Number of large read operations=0
		FILE: Number of write operations=0
		O3FS: Number of bytes read=0
		O3FS: Number of bytes written=1400
		O3FS: Number of read operations=42
		O3FS: Number of large read operations=0
		O3FS: Number of write operations=13
	Map-Reduce Framework
		Map input records=2
		Map output records=0
		Input split bytes=158
		Spilled Records=0
		Failed Shuffles=0
		Merged Map outputs=0
		GC time elapsed (ms)=0
		Total committed heap usage (bytes)=2058354688
	File Input Format Counters 
		Bytes Read=3157
	File Output Format Counters 
		Bytes Written=8
	DistCp Counters
		Bandwidth in Btyes=600
		Bytes Copied=600
		Bytes Expected=600
		Files Copied=2
2019-11-07 15:45:47,079 [LocalJobRunner Map Task Executor #0] INFO  mapred.LocalJobRunner (LocalJobRunner.java:run(277)) - Finishing task: attempt_local511469519_0001_m_000001_0
2019-11-07 15:45:47,079 [LocalJobRunner Map Task Executor #0] INFO  mapred.LocalJobRunner (LocalJobRunner.java:run(252)) - Starting task: attempt_local511469519_0001_m_000002_0
2019-11-07 15:45:47,080 [LocalJobRunner Map Task Executor #0] INFO  output.FileOutputCommitter (FileOutputCommitter.java:<init>(140)) - File Output Committer Algorithm version is 2
2019-11-07 15:45:47,080 [LocalJobRunner Map Task Executor #0] INFO  output.FileOutputCommitter (FileOutputCommitter.java:<init>(155)) - FileOutputCommitter skip cleanup _temporary folders under output directory:false, ignore cleanup failures: false
2019-11-07 15:45:47,080 [LocalJobRunner Map Task Executor #0] INFO  mapred.Task (Task.java:initialize(626)) -  Using ResourceCalculatorProcessTree : [ ]
2019-11-07 15:45:47,081 [LocalJobRunner Map Task Executor #0] INFO  mapred.MapTask (MapTask.java:runNewMapper(768)) - Processing split: file:/tmp/hadoop/mapred/staging/jenkins10001849494917/.staging/_distcp1555763523/fileList.seq:0+327
2019-11-07 15:45:47,082 [LocalJobRunner Map Task Executor #0] INFO  output.FileOutputCommitter (FileOutputCommitter.java:<init>(140)) - File Output Committer Algorithm version is 2
2019-11-07 15:45:47,082 [LocalJobRunner Map Task Executor #0] INFO  output.FileOutputCommitter (FileOutputCommitter.java:<init>(155)) - FileOutputCommitter skip cleanup _temporary folders under output directory:false, ignore cleanup failures: false
2019-11-07 15:45:47,098 [LocalJobRunner Map Task Executor #0] INFO  mapred.CopyMapper (CopyMapper.java:map(154)) - Copying file:/workdir/hadoop-ozone/ozonefs/target/test-dir/ITestOzoneContractDistCp/testUpdateDeepDirectoryStructureNoChange/local/inputDir to o3fs://bucket01598.volume20997/test/ITestOzoneContractDistCp/testUpdateDeepDirectoryStructureNoChange/remote/outputDir/inputDir
2019-11-07 15:45:47,132 [LocalJobRunner Map Task Executor #0] INFO  mapred.LocalJobRunner (LocalJobRunner.java:statusUpdate(634)) - 
2019-11-07 15:45:47,133 [LocalJobRunner Map Task Executor #0] INFO  mapred.Task (Task.java:done(1244)) - Task:attempt_local511469519_0001_m_000002_0 is done. And is in the process of committing
2019-11-07 15:45:47,133 [LocalJobRunner Map Task Executor #0] INFO  mapred.LocalJobRunner (LocalJobRunner.java:statusUpdate(634)) - 
2019-11-07 15:45:47,133 [LocalJobRunner Map Task Executor #0] INFO  mapred.Task (Task.java:commit(1421)) - Task attempt_local511469519_0001_m_000002_0 is allowed to commit now
2019-11-07 15:45:47,134 [LocalJobRunner Map Task Executor #0] INFO  output.FileOutputCommitter (FileOutputCommitter.java:commitTask(598)) - Saved output of task 'attempt_local511469519_0001_m_000002_0' to file:/tmp/hadoop/mapred/staging/jenkins10001849494917/.staging/_distcp1555763523/_logs
2019-11-07 15:45:47,135 [LocalJobRunner Map Task Executor #0] INFO  mapred.LocalJobRunner (LocalJobRunner.java:statusUpdate(634)) - Copying file:/workdir/hadoop-ozone/ozonefs/target/test-dir/ITestOzoneContractDistCp/testUpdateDeepDirectoryStructureNoChange/local/inputDir to o3fs://bucket01598.volume20997/test/ITestOzoneContractDistCp/testUpdateDeepDirectoryStructureNoChange/remote/outputDir/inputDir
2019-11-07 15:45:47,135 [LocalJobRunner Map Task Executor #0] INFO  mapred.Task (Task.java:sendDone(1380)) - Task 'attempt_local511469519_0001_m_000002_0' done.
2019-11-07 15:45:47,136 [LocalJobRunner Map Task Executor #0] INFO  mapred.Task (Task.java:done(1276)) - Final Counters for attempt_local511469519_0001_m_000002_0: Counters: 22
	File System Counters
		FILE: Number of bytes read=214805
		FILE: Number of bytes written=819531
		FILE: Number of read operations=0
		FILE: Number of large read operations=0
		FILE: Number of write operations=0
		O3FS: Number of bytes read=0
		O3FS: Number of bytes written=1400
		O3FS: Number of read operations=44
		O3FS: Number of large read operations=0
		O3FS: Number of write operations=13
	Map-Reduce Framework
		Map input records=1
		Map output records=0
		Input split bytes=158
		Spilled Records=0
		Failed Shuffles=0
		Merged Map outputs=0
		GC time elapsed (ms)=0
		Total committed heap usage (bytes)=2058354688
	File Input Format Counters 
		Bytes Read=3157
	File Output Format Counters 
		Bytes Written=8
	DistCp Counters
		Bandwidth in Btyes=0
		DIR_COPY=1
2019-11-07 15:45:47,136 [LocalJobRunner Map Task Executor #0] INFO  mapred.LocalJobRunner (LocalJobRunner.java:run(277)) - Finishing task: attempt_local511469519_0001_m_000002_0
2019-11-07 15:45:47,136 [LocalJobRunner Map Task Executor #0] INFO  mapred.LocalJobRunner (LocalJobRunner.java:run(252)) - Starting task: attempt_local511469519_0001_m_000003_0
2019-11-07 15:45:47,137 [LocalJobRunner Map Task Executor #0] INFO  output.FileOutputCommitter (FileOutputCommitter.java:<init>(140)) - File Output Committer Algorithm version is 2
2019-11-07 15:45:47,137 [LocalJobRunner Map Task Executor #0] INFO  output.FileOutputCommitter (FileOutputCommitter.java:<init>(155)) - FileOutputCommitter skip cleanup _temporary folders under output directory:false, ignore cleanup failures: false
2019-11-07 15:45:47,137 [LocalJobRunner Map Task Executor #0] INFO  mapred.Task (Task.java:initialize(626)) -  Using ResourceCalculatorProcessTree : [ ]
2019-11-07 15:45:47,138 [LocalJobRunner Map Task Executor #0] INFO  mapred.MapTask (MapTask.java:runNewMapper(768)) - Processing split: file:/tmp/hadoop/mapred/staging/jenkins10001849494917/.staging/_distcp1555763523/fileList.seq:327+281
2019-11-07 15:45:47,139 [LocalJobRunner Map Task Executor #0] INFO  output.FileOutputCommitter (FileOutputCommitter.java:<init>(140)) - File Output Committer Algorithm version is 2
2019-11-07 15:45:47,139 [LocalJobRunner Map Task Executor #0] INFO  output.FileOutputCommitter (FileOutputCommitter.java:<init>(155)) - FileOutputCommitter skip cleanup _temporary folders under output directory:false, ignore cleanup failures: false
2019-11-07 15:45:47,155 [LocalJobRunner Map Task Executor #0] INFO  mapred.CopyMapper (CopyMapper.java:map(154)) - Copying file:/workdir/hadoop-ozone/ozonefs/target/test-dir/ITestOzoneContractDistCp/testUpdateDeepDirectoryStructureNoChange/local/inputDir/subDir4/subDir4 to o3fs://bucket01598.volume20997/test/ITestOzoneContractDistCp/testUpdateDeepDirectoryStructureNoChange/remote/outputDir/inputDir/subDir4/subDir4
2019-11-07 15:45:47,188 [LocalJobRunner Map Task Executor #0] INFO  mapred.LocalJobRunner (LocalJobRunner.java:statusUpdate(634)) - 
2019-11-07 15:45:47,189 [LocalJobRunner Map Task Executor #0] INFO  mapred.Task (Task.java:done(1244)) - Task:attempt_local511469519_0001_m_000003_0 is done. And is in the process of committing
2019-11-07 15:45:47,189 [LocalJobRunner Map Task Executor #0] INFO  mapred.LocalJobRunner (LocalJobRunner.java:statusUpdate(634)) - 
2019-11-07 15:45:47,190 [LocalJobRunner Map Task Executor #0] INFO  mapred.Task (Task.java:commit(1421)) - Task attempt_local511469519_0001_m_000003_0 is allowed to commit now
2019-11-07 15:45:47,191 [LocalJobRunner Map Task Executor #0] INFO  output.FileOutputCommitter (FileOutputCommitter.java:commitTask(598)) - Saved output of task 'attempt_local511469519_0001_m_000003_0' to file:/tmp/hadoop/mapred/staging/jenkins10001849494917/.staging/_distcp1555763523/_logs
2019-11-07 15:45:47,192 [LocalJobRunner Map Task Executor #0] INFO  mapred.LocalJobRunner (LocalJobRunner.java:statusUpdate(634)) - Copying file:/workdir/hadoop-ozone/ozonefs/target/test-dir/ITestOzoneContractDistCp/testUpdateDeepDirectoryStructureNoChange/local/inputDir/subDir4/subDir4 to o3fs://bucket01598.volume20997/test/ITestOzoneContractDistCp/testUpdateDeepDirectoryStructureNoChange/remote/outputDir/inputDir/subDir4/subDir4
2019-11-07 15:45:47,192 [LocalJobRunner Map Task Executor #0] INFO  mapred.Task (Task.java:sendDone(1380)) - Task 'attempt_local511469519_0001_m_000003_0' done.
2019-11-07 15:45:47,192 [LocalJobRunner Map Task Executor #0] INFO  mapred.Task (Task.java:done(1276)) - Final Counters for attempt_local511469519_0001_m_000003_0: Counters: 22
	File System Counters
		FILE: Number of bytes read=219411
		FILE: Number of bytes written=819539
		FILE: Number of read operations=0
		FILE: Number of large read operations=0
		FILE: Number of write operations=0
		O3FS: Number of bytes read=0
		O3FS: Number of bytes written=1400
		O3FS: Number of read operations=46
		O3FS: Number of large read operations=0
		O3FS: Number of write operations=13
	Map-Reduce Framework
		Map input records=1
		Map output records=0
		Input split bytes=158
		Spilled Records=0
		Failed Shuffles=0
		Merged Map outputs=0
		GC time elapsed (ms)=0
		Total committed heap usage (bytes)=2058354688
	File Input Format Counters 
		Bytes Read=3157
	File Output Format Counters 
		Bytes Written=8
	DistCp Counters
		Bandwidth in Btyes=0
		DIR_COPY=1
2019-11-07 15:45:47,193 [LocalJobRunner Map Task Executor #0] INFO  mapred.LocalJobRunner (LocalJobRunner.java:run(277)) - Finishing task: attempt_local511469519_0001_m_000003_0
2019-11-07 15:45:47,193 [LocalJobRunner Map Task Executor #0] INFO  mapred.LocalJobRunner (LocalJobRunner.java:run(252)) - Starting task: attempt_local511469519_0001_m_000004_0
2019-11-07 15:45:47,194 [LocalJobRunner Map Task Executor #0] INFO  output.FileOutputCommitter (FileOutputCommitter.java:<init>(140)) - File Output Committer Algorithm version is 2
2019-11-07 15:45:47,194 [LocalJobRunner Map Task Executor #0] INFO  output.FileOutputCommitter (FileOutputCommitter.java:<init>(155)) - FileOutputCommitter skip cleanup _temporary folders under output directory:false, ignore cleanup failures: false
2019-11-07 15:45:47,194 [LocalJobRunner Map Task Executor #0] INFO  mapred.Task (Task.java:initialize(626)) -  Using ResourceCalculatorProcessTree : [ ]
2019-11-07 15:45:47,195 [LocalJobRunner Map Task Executor #0] INFO  mapred.MapTask (MapTask.java:runNewMapper(768)) - Processing split: file:/tmp/hadoop/mapred/staging/jenkins10001849494917/.staging/_distcp1555763523/fileList.seq:2234+281
2019-11-07 15:45:47,196 [LocalJobRunner Map Task Executor #0] INFO  output.FileOutputCommitter (FileOutputCommitter.java:<init>(140)) - File Output Committer Algorithm version is 2
2019-11-07 15:45:47,196 [LocalJobRunner Map Task Executor #0] INFO  output.FileOutputCommitter (FileOutputCommitter.java:<init>(155)) - FileOutputCommitter skip cleanup _temporary folders under output directory:false, ignore cleanup failures: false
2019-11-07 15:45:47,215 [LocalJobRunner Map Task Executor #0] INFO  mapred.CopyMapper (CopyMapper.java:map(154)) - Copying file:/workdir/hadoop-ozone/ozonefs/target/test-dir/ITestOzoneContractDistCp/testUpdateDeepDirectoryStructureNoChange/local/inputDir/subDir2/subDir2 to o3fs://bucket01598.volume20997/test/ITestOzoneContractDistCp/testUpdateDeepDirectoryStructureNoChange/remote/outputDir/inputDir/subDir2/subDir2
2019-11-07 15:45:47,259 [LocalJobRunner Map Task Executor #0] INFO  mapred.LocalJobRunner (LocalJobRunner.java:statusUpdate(634)) - 
2019-11-07 15:45:47,259 [LocalJobRunner Map Task Executor #0] INFO  mapred.Task (Task.java:done(1244)) - Task:attempt_local511469519_0001_m_000004_0 is done. And is in the process of committing
2019-11-07 15:45:47,260 [LocalJobRunner Map Task Executor #0] INFO  mapred.LocalJobRunner (LocalJobRunner.java:statusUpdate(634)) - 
2019-11-07 15:45:47,261 [LocalJobRunner Map Task Executor #0] INFO  mapred.Task (Task.java:commit(1421)) - Task attempt_local511469519_0001_m_000004_0 is allowed to commit now
2019-11-07 15:45:47,262 [LocalJobRunner Map Task Executor #0] INFO  output.FileOutputCommitter (FileOutputCommitter.java:commitTask(598)) - Saved output of task 'attempt_local511469519_0001_m_000004_0' to file:/tmp/hadoop/mapred/staging/jenkins10001849494917/.staging/_distcp1555763523/_logs
2019-11-07 15:45:47,262 [LocalJobRunner Map Task Executor #0] INFO  mapred.LocalJobRunner (LocalJobRunner.java:statusUpdate(634)) - Copying file:/workdir/hadoop-ozone/ozonefs/target/test-dir/ITestOzoneContractDistCp/testUpdateDeepDirectoryStructureNoChange/local/inputDir/subDir2/subDir2 to o3fs://bucket01598.volume20997/test/ITestOzoneContractDistCp/testUpdateDeepDirectoryStructureNoChange/remote/outputDir/inputDir/subDir2/subDir2
2019-11-07 15:45:47,262 [LocalJobRunner Map Task Executor #0] INFO  mapred.Task (Task.java:sendDone(1380)) - Task 'attempt_local511469519_0001_m_000004_0' done.
2019-11-07 15:45:47,262 [LocalJobRunner Map Task Executor #0] INFO  mapred.Task (Task.java:done(1276)) - Final Counters for attempt_local511469519_0001_m_000004_0: Counters: 22
	File System Counters
		FILE: Number of bytes read=223505
		FILE: Number of bytes written=819547
		FILE: Number of read operations=0
		FILE: Number of large read operations=0
		FILE: Number of write operations=0
		O3FS: Number of bytes read=0
		O3FS: Number of bytes written=1400
		O3FS: Number of read operations=48
		O3FS: Number of large read operations=0
		O3FS: Number of write operations=13
	Map-Reduce Framework
		Map input records=1
		Map output records=0
		Input split bytes=158
		Spilled Records=0
		Failed Shuffles=0
		Merged Map outputs=0
		GC time elapsed (ms)=0
		Total committed heap usage (bytes)=2058354688
	File Input Format Counters 
		Bytes Read=3157
	File Output Format Counters 
		Bytes Written=8
	DistCp Counters
		Bandwidth in Btyes=0
		DIR_COPY=1
2019-11-07 15:45:47,263 [LocalJobRunner Map Task Executor #0] INFO  mapred.LocalJobRunner (LocalJobRunner.java:run(277)) - Finishing task: attempt_local511469519_0001_m_000004_0
2019-11-07 15:45:47,263 [LocalJobRunner Map Task Executor #0] INFO  mapred.LocalJobRunner (LocalJobRunner.java:run(252)) - Starting task: attempt_local511469519_0001_m_000005_0
2019-11-07 15:45:47,263 [LocalJobRunner Map Task Executor #0] INFO  output.FileOutputCommitter (FileOutputCommitter.java:<init>(140)) - File Output Committer Algorithm version is 2
2019-11-07 15:45:47,263 [LocalJobRunner Map Task Executor #0] INFO  output.FileOutputCommitter (FileOutputCommitter.java:<init>(155)) - FileOutputCommitter skip cleanup _temporary folders under output directory:false, ignore cleanup failures: false
2019-11-07 15:45:47,264 [LocalJobRunner Map Task Executor #0] INFO  mapred.Task (Task.java:initialize(626)) -  Using ResourceCalculatorProcessTree : [ ]
2019-11-07 15:45:47,264 [LocalJobRunner Map Task Executor #0] INFO  mapred.MapTask (MapTask.java:runNewMapper(768)) - Processing split: file:/tmp/hadoop/mapred/staging/jenkins10001849494917/.staging/_distcp1555763523/fileList.seq:608+265
2019-11-07 15:45:47,265 [LocalJobRunner Map Task Executor #0] INFO  output.FileOutputCommitter (FileOutputCommitter.java:<init>(140)) - File Output Committer Algorithm version is 2
2019-11-07 15:45:47,265 [LocalJobRunner Map Task Executor #0] INFO  output.FileOutputCommitter (FileOutputCommitter.java:<init>(155)) - FileOutputCommitter skip cleanup _temporary folders under output directory:false, ignore cleanup failures: false
2019-11-07 15:45:47,278 [LocalJobRunner Map Task Executor #0] INFO  mapred.CopyMapper (CopyMapper.java:map(154)) - Copying file:/workdir/hadoop-ozone/ozonefs/target/test-dir/ITestOzoneContractDistCp/testUpdateDeepDirectoryStructureNoChange/local/inputDir/subDir1 to o3fs://bucket01598.volume20997/test/ITestOzoneContractDistCp/testUpdateDeepDirectoryStructureNoChange/remote/outputDir/inputDir/subDir1
2019-11-07 15:45:47,308 [LocalJobRunner Map Task Executor #0] INFO  mapred.LocalJobRunner (LocalJobRunner.java:statusUpdate(634)) - 
2019-11-07 15:45:47,308 [LocalJobRunner Map Task Executor #0] INFO  mapred.Task (Task.java:done(1244)) - Task:attempt_local511469519_0001_m_000005_0 is done. And is in the process of committing
2019-11-07 15:45:47,309 [LocalJobRunner Map Task Executor #0] INFO  mapred.LocalJobRunner (LocalJobRunner.java:statusUpdate(634)) - 
2019-11-07 15:45:47,309 [LocalJobRunner Map Task Executor #0] INFO  mapred.Task (Task.java:commit(1421)) - Task attempt_local511469519_0001_m_000005_0 is allowed to commit now
2019-11-07 15:45:47,310 [LocalJobRunner Map Task Executor #0] INFO  output.FileOutputCommitter (FileOutputCommitter.java:commitTask(598)) - Saved output of task 'attempt_local511469519_0001_m_000005_0' to file:/tmp/hadoop/mapred/staging/jenkins10001849494917/.staging/_distcp1555763523/_logs
2019-11-07 15:45:47,310 [LocalJobRunner Map Task Executor #0] INFO  mapred.LocalJobRunner (LocalJobRunner.java:statusUpdate(634)) - Copying file:/workdir/hadoop-ozone/ozonefs/target/test-dir/ITestOzoneContractDistCp/testUpdateDeepDirectoryStructureNoChange/local/inputDir/subDir1 to o3fs://bucket01598.volume20997/test/ITestOzoneContractDistCp/testUpdateDeepDirectoryStructureNoChange/remote/outputDir/inputDir/subDir1
2019-11-07 15:45:47,310 [LocalJobRunner Map Task Executor #0] INFO  mapred.Task (Task.java:sendDone(1380)) - Task 'attempt_local511469519_0001_m_000005_0' done.
2019-11-07 15:45:47,310 [LocalJobRunner Map Task Executor #0] INFO  mapred.Task (Task.java:done(1276)) - Final Counters for attempt_local511469519_0001_m_000005_0: Counters: 22
	File System Counters
		FILE: Number of bytes read=227599
		FILE: Number of bytes written=819555
		FILE: Number of read operations=0
		FILE: Number of large read operations=0
		FILE: Number of write operations=0
		O3FS: Number of bytes read=0
		O3FS: Number of bytes written=1400
		O3FS: Number of read operations=50
		O3FS: Number of large read operations=0
		O3FS: Number of write operations=13
	Map-Reduce Framework
		Map input records=1
		Map output records=0
		Input split bytes=158
		Spilled Records=0
		Failed Shuffles=0
		Merged Map outputs=0
		GC time elapsed (ms)=0
		Total committed heap usage (bytes)=2058354688
	File Input Format Counters 
		Bytes Read=3157
	File Output Format Counters 
		Bytes Written=8
	DistCp Counters
		Bandwidth in Btyes=0
		DIR_COPY=1
2019-11-07 15:45:47,310 [LocalJobRunner Map Task Executor #0] INFO  mapred.LocalJobRunner (LocalJobRunner.java:run(277)) - Finishing task: attempt_local511469519_0001_m_000005_0
2019-11-07 15:45:47,311 [LocalJobRunner Map Task Executor #0] INFO  mapred.LocalJobRunner (LocalJobRunner.java:run(252)) - Starting task: attempt_local511469519_0001_m_000006_0
2019-11-07 15:45:47,311 [LocalJobRunner Map Task Executor #0] INFO  output.FileOutputCommitter (FileOutputCommitter.java:<init>(140)) - File Output Committer Algorithm version is 2
2019-11-07 15:45:47,311 [LocalJobRunner Map Task Executor #0] INFO  output.FileOutputCommitter (FileOutputCommitter.java:<init>(155)) - FileOutputCommitter skip cleanup _temporary folders under output directory:false, ignore cleanup failures: false
2019-11-07 15:45:47,311 [LocalJobRunner Map Task Executor #0] INFO  mapred.Task (Task.java:initialize(626)) -  Using ResourceCalculatorProcessTree : [ ]
2019-11-07 15:45:47,312 [LocalJobRunner Map Task Executor #0] INFO  mapred.MapTask (MapTask.java:runNewMapper(768)) - Processing split: file:/tmp/hadoop/mapred/staging/jenkins10001849494917/.staging/_distcp1555763523/fileList.seq:1134+265
2019-11-07 15:45:47,312 [LocalJobRunner Map Task Executor #0] INFO  output.FileOutputCommitter (FileOutputCommitter.java:<init>(140)) - File Output Committer Algorithm version is 2
2019-11-07 15:45:47,312 [LocalJobRunner Map Task Executor #0] INFO  output.FileOutputCommitter (FileOutputCommitter.java:<init>(155)) - FileOutputCommitter skip cleanup _temporary folders under output directory:false, ignore cleanup failures: false
2019-11-07 15:45:47,324 [LocalJobRunner Map Task Executor #0] INFO  mapred.CopyMapper (CopyMapper.java:map(154)) - Copying file:/workdir/hadoop-ozone/ozonefs/target/test-dir/ITestOzoneContractDistCp/testUpdateDeepDirectoryStructureNoChange/local/inputDir/subDir2 to o3fs://bucket01598.volume20997/test/ITestOzoneContractDistCp/testUpdateDeepDirectoryStructureNoChange/remote/outputDir/inputDir/subDir2
2019-11-07 15:45:47,356 [LocalJobRunner Map Task Executor #0] INFO  mapred.LocalJobRunner (LocalJobRunner.java:statusUpdate(634)) - 
2019-11-07 15:45:47,356 [LocalJobRunner Map Task Executor #0] INFO  mapred.Task (Task.java:done(1244)) - Task:attempt_local511469519_0001_m_000006_0 is done. And is in the process of committing
2019-11-07 15:45:47,356 [LocalJobRunner Map Task Executor #0] INFO  mapred.LocalJobRunner (LocalJobRunner.java:statusUpdate(634)) - 
2019-11-07 15:45:47,356 [LocalJobRunner Map Task Executor #0] INFO  mapred.Task (Task.java:commit(1421)) - Task attempt_local511469519_0001_m_000006_0 is allowed to commit now
2019-11-07 15:45:47,357 [LocalJobRunner Map Task Executor #0] INFO  output.FileOutputCommitter (FileOutputCommitter.java:commitTask(598)) - Saved output of task 'attempt_local511469519_0001_m_000006_0' to file:/tmp/hadoop/mapred/staging/jenkins10001849494917/.staging/_distcp1555763523/_logs
2019-11-07 15:45:47,358 [LocalJobRunner Map Task Executor #0] INFO  mapred.LocalJobRunner (LocalJobRunner.java:statusUpdate(634)) - Copying file:/workdir/hadoop-ozone/ozonefs/target/test-dir/ITestOzoneContractDistCp/testUpdateDeepDirectoryStructureNoChange/local/inputDir/subDir2 to o3fs://bucket01598.volume20997/test/ITestOzoneContractDistCp/testUpdateDeepDirectoryStructureNoChange/remote/outputDir/inputDir/subDir2
2019-11-07 15:45:47,358 [LocalJobRunner Map Task Executor #0] INFO  mapred.Task (Task.java:sendDone(1380)) - Task 'attempt_local511469519_0001_m_000006_0' done.
2019-11-07 15:45:47,358 [LocalJobRunner Map Task Executor #0] INFO  mapred.Task (Task.java:done(1276)) - Final Counters for attempt_local511469519_0001_m_000006_0: Counters: 22
	File System Counters
		FILE: Number of bytes read=231693
		FILE: Number of bytes written=819563
		FILE: Number of read operations=0
		FILE: Number of large read operations=0
		FILE: Number of write operations=0
		O3FS: Number of bytes read=0
		O3FS: Number of bytes written=1400
		O3FS: Number of read operations=52
		O3FS: Number of large read operations=0
		O3FS: Number of write operations=13
	Map-Reduce Framework
		Map input records=1
		Map output records=0
		Input split bytes=158
		Spilled Records=0
		Failed Shuffles=0
		Merged Map outputs=0
		GC time elapsed (ms)=0
		Total committed heap usage (bytes)=2058354688
	File Input Format Counters 
		Bytes Read=3157
	File Output Format Counters 
		Bytes Written=8
	DistCp Counters
		Bandwidth in Btyes=0
		DIR_COPY=1
2019-11-07 15:45:47,358 [LocalJobRunner Map Task Executor #0] INFO  mapred.LocalJobRunner (LocalJobRunner.java:run(277)) - Finishing task: attempt_local511469519_0001_m_000006_0
2019-11-07 15:45:47,358 [LocalJobRunner Map Task Executor #0] INFO  mapred.LocalJobRunner (LocalJobRunner.java:run(252)) - Starting task: attempt_local511469519_0001_m_000007_0
2019-11-07 15:45:47,359 [LocalJobRunner Map Task Executor #0] INFO  output.FileOutputCommitter (FileOutputCommitter.java:<init>(140)) - File Output Committer Algorithm version is 2
2019-11-07 15:45:47,359 [LocalJobRunner Map Task Executor #0] INFO  output.FileOutputCommitter (FileOutputCommitter.java:<init>(155)) - FileOutputCommitter skip cleanup _temporary folders under output directory:false, ignore cleanup failures: false
2019-11-07 15:45:47,359 [LocalJobRunner Map Task Executor #0] INFO  mapred.Task (Task.java:initialize(626)) -  Using ResourceCalculatorProcessTree : [ ]
2019-11-07 15:45:47,360 [LocalJobRunner Map Task Executor #0] INFO  mapred.MapTask (MapTask.java:runNewMapper(768)) - Processing split: file:/tmp/hadoop/mapred/staging/jenkins10001849494917/.staging/_distcp1555763523/fileList.seq:1399+265
2019-11-07 15:45:47,360 [LocalJobRunner Map Task Executor #0] INFO  output.FileOutputCommitter (FileOutputCommitter.java:<init>(140)) - File Output Committer Algorithm version is 2
2019-11-07 15:45:47,360 [LocalJobRunner Map Task Executor #0] INFO  output.FileOutputCommitter (FileOutputCommitter.java:<init>(155)) - FileOutputCommitter skip cleanup _temporary folders under output directory:false, ignore cleanup failures: false
2019-11-07 15:45:47,374 [LocalJobRunner Map Task Executor #0] INFO  mapred.CopyMapper (CopyMapper.java:map(154)) - Copying file:/workdir/hadoop-ozone/ozonefs/target/test-dir/ITestOzoneContractDistCp/testUpdateDeepDirectoryStructureNoChange/local/inputDir/subDir4 to o3fs://bucket01598.volume20997/test/ITestOzoneContractDistCp/testUpdateDeepDirectoryStructureNoChange/remote/outputDir/inputDir/subDir4
2019-11-07 15:45:47,405 [LocalJobRunner Map Task Executor #0] INFO  mapred.LocalJobRunner (LocalJobRunner.java:statusUpdate(634)) - 
2019-11-07 15:45:47,405 [LocalJobRunner Map Task Executor #0] INFO  mapred.Task (Task.java:done(1244)) - Task:attempt_local511469519_0001_m_000007_0 is done. And is in the process of committing
2019-11-07 15:45:47,405 [LocalJobRunner Map Task Executor #0] INFO  mapred.LocalJobRunner (LocalJobRunner.java:statusUpdate(634)) - 
2019-11-07 15:45:47,405 [LocalJobRunner Map Task Executor #0] INFO  mapred.Task (Task.java:commit(1421)) - Task attempt_local511469519_0001_m_000007_0 is allowed to commit now
2019-11-07 15:45:47,406 [LocalJobRunner Map Task Executor #0] INFO  output.FileOutputCommitter (FileOutputCommitter.java:commitTask(598)) - Saved output of task 'attempt_local511469519_0001_m_000007_0' to file:/tmp/hadoop/mapred/staging/jenkins10001849494917/.staging/_distcp1555763523/_logs
2019-11-07 15:45:47,407 [LocalJobRunner Map Task Executor #0] INFO  mapred.LocalJobRunner (LocalJobRunner.java:statusUpdate(634)) - Copying file:/workdir/hadoop-ozone/ozonefs/target/test-dir/ITestOzoneContractDistCp/testUpdateDeepDirectoryStructureNoChange/local/inputDir/subDir4 to o3fs://bucket01598.volume20997/test/ITestOzoneContractDistCp/testUpdateDeepDirectoryStructureNoChange/remote/outputDir/inputDir/subDir4
2019-11-07 15:45:47,407 [LocalJobRunner Map Task Executor #0] INFO  mapred.Task (Task.java:sendDone(1380)) - Task 'attempt_local511469519_0001_m_000007_0' done.
2019-11-07 15:45:47,407 [LocalJobRunner Map Task Executor #0] INFO  mapred.Task (Task.java:done(1276)) - Final Counters for attempt_local511469519_0001_m_000007_0: Counters: 22
	File System Counters
		FILE: Number of bytes read=235275
		FILE: Number of bytes written=819571
		FILE: Number of read operations=0
		FILE: Number of large read operations=0
		FILE: Number of write operations=0
		O3FS: Number of bytes read=0
		O3FS: Number of bytes written=1400
		O3FS: Number of read operations=54
		O3FS: Number of large read operations=0
		O3FS: Number of write operations=13
	Map-Reduce Framework
		Map input records=1
		Map output records=0
		Input split bytes=158
		Spilled Records=0
		Failed Shuffles=0
		Merged Map outputs=0
		GC time elapsed (ms)=0
		Total committed heap usage (bytes)=2058354688
	File Input Format Counters 
		Bytes Read=3157
	File Output Format Counters 
		Bytes Written=8
	DistCp Counters
		Bandwidth in Btyes=0
		DIR_COPY=1
2019-11-07 15:45:47,407 [LocalJobRunner Map Task Executor #0] INFO  mapred.LocalJobRunner (LocalJobRunner.java:run(277)) - Finishing task: attempt_local511469519_0001_m_000007_0
2019-11-07 15:45:47,407 [LocalJobRunner Map Task Executor #0] INFO  mapred.LocalJobRunner (LocalJobRunner.java:run(252)) - Starting task: attempt_local511469519_0001_m_000008_0
2019-11-07 15:45:47,408 [LocalJobRunner Map Task Executor #0] INFO  output.FileOutputCommitter (FileOutputCommitter.java:<init>(140)) - File Output Committer Algorithm version is 2
2019-11-07 15:45:47,408 [LocalJobRunner Map Task Executor #0] INFO  output.FileOutputCommitter (FileOutputCommitter.java:<init>(155)) - FileOutputCommitter skip cleanup _temporary folders under output directory:false, ignore cleanup failures: false
2019-11-07 15:45:47,408 [LocalJobRunner Map Task Executor #0] INFO  mapred.Task (Task.java:initialize(626)) -  Using ResourceCalculatorProcessTree : [ ]
2019-11-07 15:45:47,408 [LocalJobRunner Map Task Executor #0] INFO  mapred.MapTask (MapTask.java:runNewMapper(768)) - Processing split: file:/tmp/hadoop/mapred/staging/jenkins10001849494917/.staging/_distcp1555763523/fileList.seq:873+261
2019-11-07 15:45:47,409 [LocalJobRunner Map Task Executor #0] INFO  output.FileOutputCommitter (FileOutputCommitter.java:<init>(140)) - File Output Committer Algorithm version is 2
2019-11-07 15:45:47,409 [LocalJobRunner Map Task Executor #0] INFO  output.FileOutputCommitter (FileOutputCommitter.java:<init>(155)) - FileOutputCommitter skip cleanup _temporary folders under output directory:false, ignore cleanup failures: false
2019-11-07 15:45:47,421 [LocalJobRunner Map Task Executor #0] INFO  mapred.CopyMapper (CopyMapper.java:map(154)) - Copying file:/workdir/hadoop-ozone/ozonefs/target/test-dir/ITestOzoneContractDistCp/testUpdateDeepDirectoryStructureNoChange/local/inputDir/file1 to o3fs://bucket01598.volume20997/test/ITestOzoneContractDistCp/testUpdateDeepDirectoryStructureNoChange/remote/outputDir/inputDir/file1
15:45:47.430 [IPC Server handler 18 on 35423] ERROR OMAudit - user=jenkins1000 | ip=127.0.0.1 | op=GET_FILE_STATUS {volume=volume20997, bucket=bucket01598, key=test/ITestOzoneContractDistCp/testUpdateDeepDirectoryStructureNoChange/remote/outputDir/inputDir/file1, dataSize=0, replicationType=null, replicationFactor=null, keyLocationInfo=null} | ret=FAILURE
org.apache.hadoop.ozone.om.exceptions.OMException: Unable to get file status: volume: volume20997 bucket: bucket01598 key: test/ITestOzoneContractDistCp/testUpdateDeepDirectoryStructureNoChange/remote/outputDir/inputDir/file1
	at org.apache.hadoop.ozone.om.KeyManagerImpl.getFileStatus(KeyManagerImpl.java:1784) ~[hadoop-ozone-ozone-manager-0.5.0-SNAPSHOT.jar:?]
	at org.apache.hadoop.ozone.om.OzoneManager.getFileStatus(OzoneManager.java:2762) ~[hadoop-ozone-ozone-manager-0.5.0-SNAPSHOT.jar:?]
	at org.apache.hadoop.ozone.protocolPB.OzoneManagerRequestHandler.getOzoneFileStatus(OzoneManagerRequestHandler.java:1053) ~[hadoop-ozone-ozone-manager-0.5.0-SNAPSHOT.jar:?]
	at org.apache.hadoop.ozone.protocolPB.OzoneManagerRequestHandler.handle(OzoneManagerRequestHandler.java:340) ~[hadoop-ozone-ozone-manager-0.5.0-SNAPSHOT.jar:?]
	at org.apache.hadoop.ozone.protocolPB.OzoneManagerProtocolServerSideTranslatorPB.submitRequestDirectlyToOM(OzoneManagerProtocolServerSideTranslatorPB.java:208) ~[hadoop-ozone-ozone-manager-0.5.0-SNAPSHOT.jar:?]
	at org.apache.hadoop.ozone.protocolPB.OzoneManagerProtocolServerSideTranslatorPB.processRequest(OzoneManagerProtocolServerSideTranslatorPB.java:132) ~[hadoop-ozone-ozone-manager-0.5.0-SNAPSHOT.jar:?]
	at org.apache.hadoop.hdds.server.OzoneProtocolMessageDispatcher.processRequest(OzoneProtocolMessageDispatcher.java:72) [hadoop-hdds-server-framework-0.5.0-SNAPSHOT.jar:?]
	at org.apache.hadoop.ozone.protocolPB.OzoneManagerProtocolServerSideTranslatorPB.submitRequest(OzoneManagerProtocolServerSideTranslatorPB.java:100) [hadoop-ozone-ozone-manager-0.5.0-SNAPSHOT.jar:?]
	at org.apache.hadoop.ozone.protocol.proto.OzoneManagerProtocolProtos$OzoneManagerService$2.callBlockingMethod(OzoneManagerProtocolProtos.java) [hadoop-ozone-common-0.5.0-SNAPSHOT.jar:?]
	at org.apache.hadoop.ipc.ProtobufRpcEngine$Server$ProtoBufRpcInvoker.call(ProtobufRpcEngine.java:524) [hadoop-common-3.2.0.jar:?]
	at org.apache.hadoop.ipc.RPC$Server.call(RPC.java:1025) [hadoop-common-3.2.0.jar:?]
	at org.apache.hadoop.ipc.Server$RpcCall.run(Server.java:876) [hadoop-common-3.2.0.jar:?]
	at org.apache.hadoop.ipc.Server$RpcCall.run(Server.java:822) [hadoop-common-3.2.0.jar:?]
	at java.security.AccessController.doPrivileged(Native Method) [?:1.8.0_222]
	at javax.security.auth.Subject.doAs(Subject.java:422) [?:1.8.0_222]
	at org.apache.hadoop.security.UserGroupInformation.doAs(UserGroupInformation.java:1730) [hadoop-common-3.2.0.jar:?]
	at org.apache.hadoop.ipc.Server$Handler.run(Server.java:2682) [hadoop-common-3.2.0.jar:?]
2019-11-07 15:45:47,431 [LocalJobRunner Map Task Executor #0] INFO  mapred.RetriableFileCopyCommand (RetriableFileCopyCommand.java:getTmpFile(260)) - Creating temp file: o3fs://bucket01598.volume20997/test/ITestOzoneContractDistCp/testUpdateDeepDirectoryStructureNoChange/remote/outputDir/.distcp.tmp.attempt_local511469519_0001_m_000008_0
15:45:50.064 [IPC Server handler 0 on 35423] ERROR OMAudit - user=jenkins1000 | ip=127.0.0.1 | op=GET_FILE_STATUS {volume=volume20997, bucket=bucket01598, key=test/ITestOzoneContractDistCp/testUpdateDeepDirectoryStructureNoChange/remote/outputDir/inputDir/file1, dataSize=0, replicationType=null, replicationFactor=null, keyLocationInfo=null} | ret=FAILURE
org.apache.hadoop.ozone.om.exceptions.OMException: Unable to get file status: volume: volume20997 bucket: bucket01598 key: test/ITestOzoneContractDistCp/testUpdateDeepDirectoryStructureNoChange/remote/outputDir/inputDir/file1
	at org.apache.hadoop.ozone.om.KeyManagerImpl.getFileStatus(KeyManagerImpl.java:1784) ~[hadoop-ozone-ozone-manager-0.5.0-SNAPSHOT.jar:?]
	at org.apache.hadoop.ozone.om.OzoneManager.getFileStatus(OzoneManager.java:2762) ~[hadoop-ozone-ozone-manager-0.5.0-SNAPSHOT.jar:?]
	at org.apache.hadoop.ozone.protocolPB.OzoneManagerRequestHandler.getOzoneFileStatus(OzoneManagerRequestHandler.java:1053) ~[hadoop-ozone-ozone-manager-0.5.0-SNAPSHOT.jar:?]
	at org.apache.hadoop.ozone.protocolPB.OzoneManagerRequestHandler.handle(OzoneManagerRequestHandler.java:340) ~[hadoop-ozone-ozone-manager-0.5.0-SNAPSHOT.jar:?]
	at org.apache.hadoop.ozone.protocolPB.OzoneManagerProtocolServerSideTranslatorPB.submitRequestDirectlyToOM(OzoneManagerProtocolServerSideTranslatorPB.java:208) ~[hadoop-ozone-ozone-manager-0.5.0-SNAPSHOT.jar:?]
	at org.apache.hadoop.ozone.protocolPB.OzoneManagerProtocolServerSideTranslatorPB.processRequest(OzoneManagerProtocolServerSideTranslatorPB.java:132) ~[hadoop-ozone-ozone-manager-0.5.0-SNAPSHOT.jar:?]
	at org.apache.hadoop.hdds.server.OzoneProtocolMessageDispatcher.processRequest(OzoneProtocolMessageDispatcher.java:72) [hadoop-hdds-server-framework-0.5.0-SNAPSHOT.jar:?]
	at org.apache.hadoop.ozone.protocolPB.OzoneManagerProtocolServerSideTranslatorPB.submitRequest(OzoneManagerProtocolServerSideTranslatorPB.java:100) [hadoop-ozone-ozone-manager-0.5.0-SNAPSHOT.jar:?]
	at org.apache.hadoop.ozone.protocol.proto.OzoneManagerProtocolProtos$OzoneManagerService$2.callBlockingMethod(OzoneManagerProtocolProtos.java) [hadoop-ozone-common-0.5.0-SNAPSHOT.jar:?]
	at org.apache.hadoop.ipc.ProtobufRpcEngine$Server$ProtoBufRpcInvoker.call(ProtobufRpcEngine.java:524) [hadoop-common-3.2.0.jar:?]
	at org.apache.hadoop.ipc.RPC$Server.call(RPC.java:1025) [hadoop-common-3.2.0.jar:?]
	at org.apache.hadoop.ipc.Server$RpcCall.run(Server.java:876) [hadoop-common-3.2.0.jar:?]
	at org.apache.hadoop.ipc.Server$RpcCall.run(Server.java:822) [hadoop-common-3.2.0.jar:?]
	at java.security.AccessController.doPrivileged(Native Method) [?:1.8.0_222]
	at javax.security.auth.Subject.doAs(Subject.java:422) [?:1.8.0_222]
	at org.apache.hadoop.security.UserGroupInformation.doAs(UserGroupInformation.java:1730) [hadoop-common-3.2.0.jar:?]
	at org.apache.hadoop.ipc.Server$Handler.run(Server.java:2682) [hadoop-common-3.2.0.jar:?]
15:45:50.073 [IPC Server handler 7 on 35423] ERROR OMAudit - user=jenkins1000 | ip=127.0.0.1 | op=GET_FILE_STATUS {volume=volume20997, bucket=bucket01598, key=test/ITestOzoneContractDistCp/testUpdateDeepDirectoryStructureNoChange/remote/outputDir/inputDir/file1, dataSize=0, replicationType=null, replicationFactor=null, keyLocationInfo=null} | ret=FAILURE
org.apache.hadoop.ozone.om.exceptions.OMException: Unable to get file status: volume: volume20997 bucket: bucket01598 key: test/ITestOzoneContractDistCp/testUpdateDeepDirectoryStructureNoChange/remote/outputDir/inputDir/file1
	at org.apache.hadoop.ozone.om.KeyManagerImpl.getFileStatus(KeyManagerImpl.java:1784) ~[hadoop-ozone-ozone-manager-0.5.0-SNAPSHOT.jar:?]
	at org.apache.hadoop.ozone.om.OzoneManager.getFileStatus(OzoneManager.java:2762) ~[hadoop-ozone-ozone-manager-0.5.0-SNAPSHOT.jar:?]
	at org.apache.hadoop.ozone.protocolPB.OzoneManagerRequestHandler.getOzoneFileStatus(OzoneManagerRequestHandler.java:1053) ~[hadoop-ozone-ozone-manager-0.5.0-SNAPSHOT.jar:?]
	at org.apache.hadoop.ozone.protocolPB.OzoneManagerRequestHandler.handle(OzoneManagerRequestHandler.java:340) ~[hadoop-ozone-ozone-manager-0.5.0-SNAPSHOT.jar:?]
	at org.apache.hadoop.ozone.protocolPB.OzoneManagerProtocolServerSideTranslatorPB.submitRequestDirectlyToOM(OzoneManagerProtocolServerSideTranslatorPB.java:208) ~[hadoop-ozone-ozone-manager-0.5.0-SNAPSHOT.jar:?]
	at org.apache.hadoop.ozone.protocolPB.OzoneManagerProtocolServerSideTranslatorPB.processRequest(OzoneManagerProtocolServerSideTranslatorPB.java:132) ~[hadoop-ozone-ozone-manager-0.5.0-SNAPSHOT.jar:?]
	at org.apache.hadoop.hdds.server.OzoneProtocolMessageDispatcher.processRequest(OzoneProtocolMessageDispatcher.java:72) [hadoop-hdds-server-framework-0.5.0-SNAPSHOT.jar:?]
	at org.apache.hadoop.ozone.protocolPB.OzoneManagerProtocolServerSideTranslatorPB.submitRequest(OzoneManagerProtocolServerSideTranslatorPB.java:100) [hadoop-ozone-ozone-manager-0.5.0-SNAPSHOT.jar:?]
	at org.apache.hadoop.ozone.protocol.proto.OzoneManagerProtocolProtos$OzoneManagerService$2.callBlockingMethod(OzoneManagerProtocolProtos.java) [hadoop-ozone-common-0.5.0-SNAPSHOT.jar:?]
	at org.apache.hadoop.ipc.ProtobufRpcEngine$Server$ProtoBufRpcInvoker.call(ProtobufRpcEngine.java:524) [hadoop-common-3.2.0.jar:?]
	at org.apache.hadoop.ipc.RPC$Server.call(RPC.java:1025) [hadoop-common-3.2.0.jar:?]
	at org.apache.hadoop.ipc.Server$RpcCall.run(Server.java:876) [hadoop-common-3.2.0.jar:?]
	at org.apache.hadoop.ipc.Server$RpcCall.run(Server.java:822) [hadoop-common-3.2.0.jar:?]
	at java.security.AccessController.doPrivileged(Native Method) [?:1.8.0_222]
	at javax.security.auth.Subject.doAs(Subject.java:422) [?:1.8.0_222]
	at org.apache.hadoop.security.UserGroupInformation.doAs(UserGroupInformation.java:1730) [hadoop-common-3.2.0.jar:?]
	at org.apache.hadoop.ipc.Server$Handler.run(Server.java:2682) [hadoop-common-3.2.0.jar:?]
15:45:50.112 [IPC Server handler 9 on 35423] ERROR OMAudit - user=jenkins1000 | ip=127.0.0.1 | op=GET_FILE_STATUS {volume=volume20997, bucket=bucket01598, key=test/ITestOzoneContractDistCp/testUpdateDeepDirectoryStructureNoChange/remote/outputDir/.distcp.tmp.attempt_local511469519_0001_m_000008_0, dataSize=0, replicationType=null, replicationFactor=null, keyLocationInfo=null} | ret=FAILURE
org.apache.hadoop.ozone.om.exceptions.OMException: Unable to get file status: volume: volume20997 bucket: bucket01598 key: test/ITestOzoneContractDistCp/testUpdateDeepDirectoryStructureNoChange/remote/outputDir/.distcp.tmp.attempt_local511469519_0001_m_000008_0
	at org.apache.hadoop.ozone.om.KeyManagerImpl.getFileStatus(KeyManagerImpl.java:1784) ~[hadoop-ozone-ozone-manager-0.5.0-SNAPSHOT.jar:?]
	at org.apache.hadoop.ozone.om.OzoneManager.getFileStatus(OzoneManager.java:2762) ~[hadoop-ozone-ozone-manager-0.5.0-SNAPSHOT.jar:?]
	at org.apache.hadoop.ozone.protocolPB.OzoneManagerRequestHandler.getOzoneFileStatus(OzoneManagerRequestHandler.java:1053) ~[hadoop-ozone-ozone-manager-0.5.0-SNAPSHOT.jar:?]
	at org.apache.hadoop.ozone.protocolPB.OzoneManagerRequestHandler.handle(OzoneManagerRequestHandler.java:340) ~[hadoop-ozone-ozone-manager-0.5.0-SNAPSHOT.jar:?]
	at org.apache.hadoop.ozone.protocolPB.OzoneManagerProtocolServerSideTranslatorPB.submitRequestDirectlyToOM(OzoneManagerProtocolServerSideTranslatorPB.java:208) ~[hadoop-ozone-ozone-manager-0.5.0-SNAPSHOT.jar:?]
	at org.apache.hadoop.ozone.protocolPB.OzoneManagerProtocolServerSideTranslatorPB.processRequest(OzoneManagerProtocolServerSideTranslatorPB.java:132) ~[hadoop-ozone-ozone-manager-0.5.0-SNAPSHOT.jar:?]
	at org.apache.hadoop.hdds.server.OzoneProtocolMessageDispatcher.processRequest(OzoneProtocolMessageDispatcher.java:72) [hadoop-hdds-server-framework-0.5.0-SNAPSHOT.jar:?]
	at org.apache.hadoop.ozone.protocolPB.OzoneManagerProtocolServerSideTranslatorPB.submitRequest(OzoneManagerProtocolServerSideTranslatorPB.java:100) [hadoop-ozone-ozone-manager-0.5.0-SNAPSHOT.jar:?]
	at org.apache.hadoop.ozone.protocol.proto.OzoneManagerProtocolProtos$OzoneManagerService$2.callBlockingMethod(OzoneManagerProtocolProtos.java) [hadoop-ozone-common-0.5.0-SNAPSHOT.jar:?]
	at org.apache.hadoop.ipc.ProtobufRpcEngine$Server$ProtoBufRpcInvoker.call(ProtobufRpcEngine.java:524) [hadoop-common-3.2.0.jar:?]
	at org.apache.hadoop.ipc.RPC$Server.call(RPC.java:1025) [hadoop-common-3.2.0.jar:?]
	at org.apache.hadoop.ipc.Server$RpcCall.run(Server.java:876) [hadoop-common-3.2.0.jar:?]
	at org.apache.hadoop.ipc.Server$RpcCall.run(Server.java:822) [hadoop-common-3.2.0.jar:?]
	at java.security.AccessController.doPrivileged(Native Method) [?:1.8.0_222]
	at javax.security.auth.Subject.doAs(Subject.java:422) [?:1.8.0_222]
	at org.apache.hadoop.security.UserGroupInformation.doAs(UserGroupInformation.java:1730) [hadoop-common-3.2.0.jar:?]
	at org.apache.hadoop.ipc.Server$Handler.run(Server.java:2682) [hadoop-common-3.2.0.jar:?]
2019-11-07 15:45:50,113 [LocalJobRunner Map Task Executor #0] WARN  ozone.BasicOzoneFileSystem (BasicOzoneFileSystem.java:delete(444)) - delete: Path does not exist: o3fs://bucket01598.volume20997/test/ITestOzoneContractDistCp/testUpdateDeepDirectoryStructureNoChange/remote/outputDir/.distcp.tmp.attempt_local511469519_0001_m_000008_0
2019-11-07 15:45:50,115 [LocalJobRunner Map Task Executor #0] INFO  mapred.LocalJobRunner (LocalJobRunner.java:statusUpdate(634)) - 
2019-11-07 15:45:50,116 [LocalJobRunner Map Task Executor #0] INFO  mapred.Task (Task.java:done(1244)) - Task:attempt_local511469519_0001_m_000008_0 is done. And is in the process of committing
2019-11-07 15:45:50,117 [LocalJobRunner Map Task Executor #0] INFO  mapred.LocalJobRunner (LocalJobRunner.java:statusUpdate(634)) - 
2019-11-07 15:45:50,118 [LocalJobRunner Map Task Executor #0] INFO  mapred.Task (Task.java:commit(1421)) - Task attempt_local511469519_0001_m_000008_0 is allowed to commit now
2019-11-07 15:45:50,120 [LocalJobRunner Map Task Executor #0] INFO  output.FileOutputCommitter (FileOutputCommitter.java:commitTask(598)) - Saved output of task 'attempt_local511469519_0001_m_000008_0' to file:/tmp/hadoop/mapred/staging/jenkins10001849494917/.staging/_distcp1555763523/_logs
2019-11-07 15:45:50,121 [LocalJobRunner Map Task Executor #0] INFO  mapred.LocalJobRunner (LocalJobRunner.java:statusUpdate(634)) - 100.0% Copying file:/workdir/hadoop-ozone/ozonefs/target/test-dir/ITestOzoneContractDistCp/testUpdateDeepDirectoryStructureNoChange/local/inputDir/file1 to o3fs://bucket01598.volume20997/test/ITestOzoneContractDistCp/testUpdateDeepDirectoryStructureNoChange/remote/outputDir/inputDir/file1 [100.0B/100.0B]
2019-11-07 15:45:50,121 [LocalJobRunner Map Task Executor #0] INFO  mapred.Task (Task.java:sendDone(1380)) - Task 'attempt_local511469519_0001_m_000008_0' done.
2019-11-07 15:45:50,122 [LocalJobRunner Map Task Executor #0] INFO  mapred.Task (Task.java:done(1276)) - Final Counters for attempt_local511469519_0001_m_000008_0: Counters: 24
	File System Counters
		FILE: Number of bytes read=238973
		FILE: Number of bytes written=819579
		FILE: Number of read operations=0
		FILE: Number of large read operations=0
		FILE: Number of write operations=0
		O3FS: Number of bytes read=0
		O3FS: Number of bytes written=1500
		O3FS: Number of read operations=64
		O3FS: Number of large read operations=0
		O3FS: Number of write operations=16
	Map-Reduce Framework
		Map input records=1
		Map output records=0
		Input split bytes=158
		Spilled Records=0
		Failed Shuffles=0
		Merged Map outputs=0
		GC time elapsed (ms)=0
		Total committed heap usage (bytes)=2058354688
	File Input Format Counters 
		Bytes Read=3157
	File Output Format Counters 
		Bytes Written=8
	DistCp Counters
		Bandwidth in Btyes=50
		Bytes Copied=100
		Bytes Expected=100
		Files Copied=1
2019-11-07 15:45:50,122 [LocalJobRunner Map Task Executor #0] INFO  mapred.LocalJobRunner (LocalJobRunner.java:run(277)) - Finishing task: attempt_local511469519_0001_m_000008_0
2019-11-07 15:45:50,122 [Thread-305] INFO  mapred.LocalJobRunner (LocalJobRunner.java:runTasks(486)) - map task executor complete.
2019-11-07 15:45:50,168 [Thread-305] INFO  mapred.CopyCommitter (CopyCommitter.java:cleanup(189)) - Cleaning up temporary work folder: file:/tmp/hadoop/mapred/staging/jenkins10001849494917/.staging/_distcp1555763523
2019-11-07 15:45:50,676 [Thread-233] INFO  mapreduce.Job (Job.java:monitorAndPrintJob(1658)) - Job job_local511469519_0001 completed successfully
2019-11-07 15:45:50,751 [Thread-233] INFO  mapreduce.Job (Job.java:monitorAndPrintJob(1665)) - Counters: 25
	File System Counters
		FILE: Number of bytes read=2006421
		FILE: Number of bytes written=7375923
		FILE: Number of read operations=0
		FILE: Number of large read operations=0
		FILE: Number of write operations=0
		O3FS: Number of bytes read=0
		O3FS: Number of bytes written=12100
		O3FS: Number of read operations=423
		O3FS: Number of large read operations=0
		O3FS: Number of write operations=114
	Map-Reduce Framework
		Map input records=11
		Map output records=0
		Input split bytes=1422
		Spilled Records=0
		Failed Shuffles=0
		Merged Map outputs=0
		GC time elapsed (ms)=0
		Total committed heap usage (bytes)=18525192192
	File Input Format Counters 
		Bytes Read=28413
	File Output Format Counters 
		Bytes Written=72
	DistCp Counters
		Bandwidth in Btyes=750
		Bytes Copied=1500
		Bytes Expected=1500
		Files Copied=5
		DIR_COPY=6
2019-11-07 15:45:50,760 [Thread-233] INFO  contract.AbstractContractDistCpTest (AbstractContractDistCpTest.java:lsR(437)) - Destination tree after distcp: o3fs://bucket01598.volume20997/test/ITestOzoneContractDistCp/testUpdateDeepDirectoryStructureNoChange/remote/outputDir:
2019-11-07 15:45:50,779 [Thread-233] INFO  contract.AbstractContractDistCpTest (AbstractContractDistCpTest.java:lsR(446)) -   o3fs://bucket01598.volume20997/test/ITestOzoneContractDistCp/testUpdateDeepDirectoryStructureNoChange/remote/outputDir/inputDir/file1; type=file; length=100  o3fs://bucket01598.volume20997/test/ITestOzoneContractDistCp/testUpdateDeepDirectoryStructureNoChange/remote/outputDir/inputDir/subDir1/file2; type=file; length=200  o3fs://bucket01598.volume20997/test/ITestOzoneContractDistCp/testUpdateDeepDirectoryStructureNoChange/remote/outputDir/inputDir/subDir1/file2; type=file; length=200  o3fs://bucket01598.volume20997/test/ITestOzoneContractDistCp/testUpdateDeepDirectoryStructureNoChange/remote/outputDir/inputDir/subDir2/subDir2/file3; type=file; length=300  o3fs://bucket01598.volume20997/test/ITestOzoneContractDistCp/testUpdateDeepDirectoryStructureNoChange/remote/outputDir/inputDir/subDir2/subDir2/file3; type=file; length=300  o3fs://bucket01598.volume20997/test/ITestOzoneContractDistCp/testUpdateDeepDirectoryStructureNoChange/remote/outputDir/inputDir/subDir2/subDir2/file3; type=file; length=300  o3fs://bucket01598.volume20997/test/ITestOzoneContractDistCp/testUpdateDeepDirectoryStructureNoChange/remote/outputDir/inputDir/subDir4/subDir4/file4; type=file; length=400  o3fs://bucket01598.volume20997/test/ITestOzoneContractDistCp/testUpdateDeepDirectoryStructureNoChange/remote/outputDir/inputDir/subDir4/subDir4/file5; type=file; length=500  o3fs://bucket01598.volume20997/test/ITestOzoneContractDistCp/testUpdateDeepDirectoryStructureNoChange/remote/outputDir/inputDir/subDir4/subDir4/file4; type=file; length=400  o3fs://bucket01598.volume20997/test/ITestOzoneContractDistCp/testUpdateDeepDirectoryStructureNoChange/remote/outputDir/inputDir/subDir4/subDir4/file5; type=file; length=500  o3fs://bucket01598.volume20997/test/ITestOzoneContractDistCp/testUpdateDeepDirectoryStructureNoChange/remote/outputDir/inputDir/subDir4/subDir4/file4; type=file; length=400  o3fs://bucket01598.volume20997/test/ITestOzoneContractDistCp/testUpdateDeepDirectoryStructureNoChange/remote/outputDir/inputDir/subDir4/subDir4/file5; type=file; length=500  o3fs://bucket01598.volume20997/test/ITestOzoneContractDistCp/testUpdateDeepDirectoryStructureNoChange/remote/outputDir/inputDir/file1; type=file; length=100  o3fs://bucket01598.volume20997/test/ITestOzoneContractDistCp/testUpdateDeepDirectoryStructureNoChange/remote/outputDir/inputDir/subDir1/file2; type=file; length=200  o3fs://bucket01598.volume20997/test/ITestOzoneContractDistCp/testUpdateDeepDirectoryStructureNoChange/remote/outputDir/inputDir/subDir2/subDir2/file3; type=file; length=300  o3fs://bucket01598.volume20997/test/ITestOzoneContractDistCp/testUpdateDeepDirectoryStructureNoChange/remote/outputDir/inputDir/subDir4/subDir4/file4; type=file; length=400  o3fs://bucket01598.volume20997/test/ITestOzoneContractDistCp/testUpdateDeepDirectoryStructureNoChange/remote/outputDir/inputDir/subDir4/subDir4/file5; type=file; length=500
2019-11-07 15:45:50,984 [Thread-233] INFO  contract.AbstractFSContractTestBase (AbstractFSContractTestBase.java:describe(255)) - 
Executing Update

2019-11-07 15:45:50,985 [Thread-233] INFO  contract.AbstractFSContractTestBase (AbstractFSContractTestBase.java:describe(255)) - 
Distcp -update from file:/workdir/hadoop-ozone/ozonefs/target/test-dir/ITestOzoneContractDistCp/testUpdateDeepDirectoryStructureNoChange/local to o3fs://bucket01598.volume20997/test/ITestOzoneContractDistCp/testUpdateDeepDirectoryStructureNoChange/remote/outputDir
2019-11-07 15:45:50,986 [Thread-233] INFO  contract.AbstractContractDistCpTest (AbstractContractDistCpTest.java:lsR(437)) - Local to update: file:/workdir/hadoop-ozone/ozonefs/target/test-dir/ITestOzoneContractDistCp/testUpdateDeepDirectoryStructureNoChange/local:
2019-11-07 15:45:51,051 [Thread-233] INFO  contract.AbstractContractDistCpTest (AbstractContractDistCpTest.java:lsR(446)) -   file:/workdir/hadoop-ozone/ozonefs/target/test-dir/ITestOzoneContractDistCp/testUpdateDeepDirectoryStructureNoChange/local/inputDir/subDir2/subDir2/file3; type=file; length=300  file:/workdir/hadoop-ozone/ozonefs/target/test-dir/ITestOzoneContractDistCp/testUpdateDeepDirectoryStructureNoChange/local/inputDir/file1; type=file; length=100  file:/workdir/hadoop-ozone/ozonefs/target/test-dir/ITestOzoneContractDistCp/testUpdateDeepDirectoryStructureNoChange/local/inputDir/subDir1/file2; type=file; length=200  file:/workdir/hadoop-ozone/ozonefs/target/test-dir/ITestOzoneContractDistCp/testUpdateDeepDirectoryStructureNoChange/local/inputDir/subDir4/subDir4/file5; type=file; length=500  file:/workdir/hadoop-ozone/ozonefs/target/test-dir/ITestOzoneContractDistCp/testUpdateDeepDirectoryStructureNoChange/local/inputDir/subDir4/subDir4/file4; type=file; length=400
2019-11-07 15:45:51,055 [Thread-233] INFO  contract.AbstractContractDistCpTest (AbstractContractDistCpTest.java:lsR(437)) - Remote before update: o3fs://bucket01598.volume20997/test/ITestOzoneContractDistCp/testUpdateDeepDirectoryStructureNoChange/remote/outputDir:
2019-11-07 15:45:51,075 [Thread-233] INFO  contract.AbstractContractDistCpTest (AbstractContractDistCpTest.java:lsR(446)) -   o3fs://bucket01598.volume20997/test/ITestOzoneContractDistCp/testUpdateDeepDirectoryStructureNoChange/remote/outputDir/inputDir/file1; type=file; length=100  o3fs://bucket01598.volume20997/test/ITestOzoneContractDistCp/testUpdateDeepDirectoryStructureNoChange/remote/outputDir/inputDir/subDir1/file2; type=file; length=200  o3fs://bucket01598.volume20997/test/ITestOzoneContractDistCp/testUpdateDeepDirectoryStructureNoChange/remote/outputDir/inputDir/subDir1/file2; type=file; length=200  o3fs://bucket01598.volume20997/test/ITestOzoneContractDistCp/testUpdateDeepDirectoryStructureNoChange/remote/outputDir/inputDir/subDir2/subDir2/file3; type=file; length=300  o3fs://bucket01598.volume20997/test/ITestOzoneContractDistCp/testUpdateDeepDirectoryStructureNoChange/remote/outputDir/inputDir/subDir2/subDir2/file3; type=file; length=300  o3fs://bucket01598.volume20997/test/ITestOzoneContractDistCp/testUpdateDeepDirectoryStructureNoChange/remote/outputDir/inputDir/subDir2/subDir2/file3; type=file; length=300  o3fs://bucket01598.volume20997/test/ITestOzoneContractDistCp/testUpdateDeepDirectoryStructureNoChange/remote/outputDir/inputDir/subDir4/subDir4/file4; type=file; length=400  o3fs://bucket01598.volume20997/test/ITestOzoneContractDistCp/testUpdateDeepDirectoryStructureNoChange/remote/outputDir/inputDir/subDir4/subDir4/file5; type=file; length=500  o3fs://bucket01598.volume20997/test/ITestOzoneContractDistCp/testUpdateDeepDirectoryStructureNoChange/remote/outputDir/inputDir/subDir4/subDir4/file4; type=file; length=400  o3fs://bucket01598.volume20997/test/ITestOzoneContractDistCp/testUpdateDeepDirectoryStructureNoChange/remote/outputDir/inputDir/subDir4/subDir4/file5; type=file; length=500  o3fs://bucket01598.volume20997/test/ITestOzoneContractDistCp/testUpdateDeepDirectoryStructureNoChange/remote/outputDir/inputDir/subDir4/subDir4/file4; type=file; length=400  o3fs://bucket01598.volume20997/test/ITestOzoneContractDistCp/testUpdateDeepDirectoryStructureNoChange/remote/outputDir/inputDir/subDir4/subDir4/file5; type=file; length=500  o3fs://bucket01598.volume20997/test/ITestOzoneContractDistCp/testUpdateDeepDirectoryStructureNoChange/remote/outputDir/inputDir/file1; type=file; length=100  o3fs://bucket01598.volume20997/test/ITestOzoneContractDistCp/testUpdateDeepDirectoryStructureNoChange/remote/outputDir/inputDir/subDir1/file2; type=file; length=200  o3fs://bucket01598.volume20997/test/ITestOzoneContractDistCp/testUpdateDeepDirectoryStructureNoChange/remote/outputDir/inputDir/subDir2/subDir2/file3; type=file; length=300  o3fs://bucket01598.volume20997/test/ITestOzoneContractDistCp/testUpdateDeepDirectoryStructureNoChange/remote/outputDir/inputDir/subDir4/subDir4/file4; type=file; length=400  o3fs://bucket01598.volume20997/test/ITestOzoneContractDistCp/testUpdateDeepDirectoryStructureNoChange/remote/outputDir/inputDir/subDir4/subDir4/file5; type=file; length=500
2019-11-07 15:45:51,099 [Thread-233] INFO  impl.MetricsSystemImpl (MetricsSystemImpl.java:init(158)) - JobTracker metrics system started (again)
2019-11-07 15:45:51,112 [Thread-233] INFO  impl.MetricsSystemImpl (MetricsSystemImpl.java:init(158)) - JobTracker metrics system started (again)
2019-11-07 15:45:51,212 [Thread-233] INFO  tools.SimpleCopyListing (SimpleCopyListing.java:printStats(608)) - Paths (files+dirs) cnt = 11; dirCnt = 6
2019-11-07 15:45:51,212 [Thread-233] INFO  tools.SimpleCopyListing (SimpleCopyListing.java:doBuildListing(402)) - Build file listing completed.
2019-11-07 15:45:51,225 [Thread-233] INFO  tools.DistCp (CopyListing.java:buildListing(94)) - Number of paths in the copy list: 11
2019-11-07 15:45:51,237 [Thread-233] INFO  tools.DistCp (CopyListing.java:buildListing(94)) - Number of paths in the copy list: 11
2019-11-07 15:45:51,239 [Thread-233] INFO  impl.MetricsSystemImpl (MetricsSystemImpl.java:init(158)) - JobTracker metrics system started (again)
2019-11-07 15:45:51,251 [Thread-233] WARN  mapreduce.JobResourceUploader (JobResourceUploader.java:uploadResourcesInternal(147)) - Hadoop command-line option parsing not performed. Implement the Tool interface and execute your application with ToolRunner to remedy this.
2019-11-07 15:45:51,305 [Thread-233] INFO  mapreduce.JobSubmitter (JobSubmitter.java:submitJobInternal(202)) - number of splits:9
2019-11-07 15:45:51,320 [Thread-233] INFO  Configuration.deprecation (Configuration.java:logDeprecation(1394)) - mapred.job.tracker is deprecated. Instead, use mapreduce.jobtracker.address
2019-11-07 15:45:51,336 [Thread-233] INFO  mapreduce.JobSubmitter (JobSubmitter.java:printTokens(298)) - Submitting tokens for job: job_local654553226_0002
2019-11-07 15:45:51,336 [Thread-233] INFO  mapreduce.JobSubmitter (JobSubmitter.java:printTokens(299)) - Executing with tokens: []
2019-11-07 15:45:51,433 [Thread-233] INFO  mapreduce.Job (Job.java:submit(1574)) - The url to track the job: http://localhost:8080/
2019-11-07 15:45:51,434 [Thread-233] INFO  tools.DistCp (DistCp.java:createAndSubmitJob(217)) - DistCp job-id: job_local654553226_0002
2019-11-07 15:45:51,436 [Thread-536] INFO  mapred.LocalJobRunner (LocalJobRunner.java:createOutputCommitter(501)) - OutputCommitter set in config null
2019-11-07 15:45:51,437 [Thread-233] INFO  mapreduce.Job (Job.java:monitorAndPrintJob(1619)) - Running job: job_local654553226_0002
2019-11-07 15:45:51,437 [Thread-536] INFO  output.FileOutputCommitter (FileOutputCommitter.java:<init>(140)) - File Output Committer Algorithm version is 2
2019-11-07 15:45:51,439 [Thread-536] INFO  output.FileOutputCommitter (FileOutputCommitter.java:<init>(155)) - FileOutputCommitter skip cleanup _temporary folders under output directory:false, ignore cleanup failures: false
2019-11-07 15:45:51,439 [Thread-536] INFO  mapred.LocalJobRunner (LocalJobRunner.java:createOutputCommitter(519)) - OutputCommitter is org.apache.hadoop.tools.mapred.CopyCommitter
2019-11-07 15:45:51,465 [Thread-536] INFO  mapred.LocalJobRunner (LocalJobRunner.java:runTasks(478)) - Waiting for map tasks
2019-11-07 15:45:51,465 [LocalJobRunner Map Task Executor #0] INFO  mapred.LocalJobRunner (LocalJobRunner.java:run(252)) - Starting task: attempt_local654553226_0002_m_000000_0
2019-11-07 15:45:51,466 [LocalJobRunner Map Task Executor #0] INFO  output.FileOutputCommitter (FileOutputCommitter.java:<init>(140)) - File Output Committer Algorithm version is 2
2019-11-07 15:45:51,467 [LocalJobRunner Map Task Executor #0] INFO  output.FileOutputCommitter (FileOutputCommitter.java:<init>(155)) - FileOutputCommitter skip cleanup _temporary folders under output directory:false, ignore cleanup failures: false
2019-11-07 15:45:51,467 [LocalJobRunner Map Task Executor #0] INFO  mapred.Task (Task.java:initialize(626)) -  Using ResourceCalculatorProcessTree : [ ]
2019-11-07 15:45:51,469 [LocalJobRunner Map Task Executor #0] INFO  mapred.MapTask (MapTask.java:runNewMapper(768)) - Processing split: file:/tmp/hadoop/mapred/staging/jenkins1000875889146/.staging/_distcp801278333/fileList.seq:2254+847
2019-11-07 15:45:51,471 [LocalJobRunner Map Task Executor #0] INFO  output.FileOutputCommitter (FileOutputCommitter.java:<init>(140)) - File Output Committer Algorithm version is 2
2019-11-07 15:45:51,471 [LocalJobRunner Map Task Executor #0] INFO  output.FileOutputCommitter (FileOutputCommitter.java:<init>(155)) - FileOutputCommitter skip cleanup _temporary folders under output directory:false, ignore cleanup failures: false
2019-11-07 15:45:51,494 [LocalJobRunner Map Task Executor #0] INFO  mapred.CopyMapper (CopyMapper.java:map(154)) - Copying file:/workdir/hadoop-ozone/ozonefs/target/test-dir/ITestOzoneContractDistCp/testUpdateDeepDirectoryStructureNoChange/local/inputDir/file1 to o3fs://bucket01598.volume20997/test/ITestOzoneContractDistCp/testUpdateDeepDirectoryStructureNoChange/remote/outputDir/inputDir/file1
2019-11-07 15:45:51,504 [LocalJobRunner Map Task Executor #0] INFO  mapred.CopyMapper (CopyMapper.java:map(198)) - Skipping copy of file:/workdir/hadoop-ozone/ozonefs/target/test-dir/ITestOzoneContractDistCp/testUpdateDeepDirectoryStructureNoChange/local/inputDir/file1 to o3fs://bucket01598.volume20997/test/ITestOzoneContractDistCp/testUpdateDeepDirectoryStructureNoChange/remote/outputDir/inputDir/file1
2019-11-07 15:45:51,505 [LocalJobRunner Map Task Executor #0] INFO  mapred.CopyMapper (CopyMapper.java:map(154)) - Copying file:/workdir/hadoop-ozone/ozonefs/target/test-dir/ITestOzoneContractDistCp/testUpdateDeepDirectoryStructureNoChange/local/inputDir/subDir4/subDir4/file5 to o3fs://bucket01598.volume20997/test/ITestOzoneContractDistCp/testUpdateDeepDirectoryStructureNoChange/remote/outputDir/inputDir/subDir4/subDir4/file5
2019-11-07 15:45:51,512 [LocalJobRunner Map Task Executor #0] INFO  mapred.CopyMapper (CopyMapper.java:map(198)) - Skipping copy of file:/workdir/hadoop-ozone/ozonefs/target/test-dir/ITestOzoneContractDistCp/testUpdateDeepDirectoryStructureNoChange/local/inputDir/subDir4/subDir4/file5 to o3fs://bucket01598.volume20997/test/ITestOzoneContractDistCp/testUpdateDeepDirectoryStructureNoChange/remote/outputDir/inputDir/subDir4/subDir4/file5
2019-11-07 15:45:51,512 [LocalJobRunner Map Task Executor #0] INFO  mapred.CopyMapper (CopyMapper.java:map(154)) - Copying file:/workdir/hadoop-ozone/ozonefs/target/test-dir/ITestOzoneContractDistCp/testUpdateDeepDirectoryStructureNoChange/local/inputDir/subDir4/subDir4/file4 to o3fs://bucket01598.volume20997/test/ITestOzoneContractDistCp/testUpdateDeepDirectoryStructureNoChange/remote/outputDir/inputDir/subDir4/subDir4/file4
2019-11-07 15:45:51,519 [LocalJobRunner Map Task Executor #0] INFO  mapred.CopyMapper (CopyMapper.java:map(198)) - Skipping copy of file:/workdir/hadoop-ozone/ozonefs/target/test-dir/ITestOzoneContractDistCp/testUpdateDeepDirectoryStructureNoChange/local/inputDir/subDir4/subDir4/file4 to o3fs://bucket01598.volume20997/test/ITestOzoneContractDistCp/testUpdateDeepDirectoryStructureNoChange/remote/outputDir/inputDir/subDir4/subDir4/file4
2019-11-07 15:45:51,520 [LocalJobRunner Map Task Executor #0] INFO  mapred.LocalJobRunner (LocalJobRunner.java:statusUpdate(634)) - 
2019-11-07 15:45:51,521 [LocalJobRunner Map Task Executor #0] INFO  mapred.Task (Task.java:done(1244)) - Task:attempt_local654553226_0002_m_000000_0 is done. And is in the process of committing
2019-11-07 15:45:51,521 [LocalJobRunner Map Task Executor #0] INFO  mapred.LocalJobRunner (LocalJobRunner.java:statusUpdate(634)) - 
2019-11-07 15:45:51,522 [LocalJobRunner Map Task Executor #0] INFO  mapred.Task (Task.java:commit(1421)) - Task attempt_local654553226_0002_m_000000_0 is allowed to commit now
2019-11-07 15:45:51,523 [LocalJobRunner Map Task Executor #0] INFO  output.FileOutputCommitter (FileOutputCommitter.java:commitTask(598)) - Saved output of task 'attempt_local654553226_0002_m_000000_0' to file:/tmp/hadoop/mapred/staging/jenkins1000875889146/.staging/_distcp801278333/_logs
2019-11-07 15:45:51,524 [LocalJobRunner Map Task Executor #0] INFO  mapred.LocalJobRunner (LocalJobRunner.java:statusUpdate(634)) - Copying file:/workdir/hadoop-ozone/ozonefs/target/test-dir/ITestOzoneContractDistCp/testUpdateDeepDirectoryStructureNoChange/local/inputDir/subDir4/subDir4/file4 to o3fs://bucket01598.volume20997/test/ITestOzoneContractDistCp/testUpdateDeepDirectoryStructureNoChange/remote/outputDir/inputDir/subDir4/subDir4/file4
2019-11-07 15:45:51,524 [LocalJobRunner Map Task Executor #0] INFO  mapred.Task (Task.java:sendDone(1380)) - Task 'attempt_local654553226_0002_m_000000_0' done.
2019-11-07 15:45:51,524 [LocalJobRunner Map Task Executor #0] INFO  mapred.Task (Task.java:done(1276)) - Final Counters for attempt_local654553226_0002_m_000000_0: Counters: 23
	File System Counters
		FILE: Number of bytes read=443083
		FILE: Number of bytes written=1637973
		FILE: Number of read operations=0
		FILE: Number of large read operations=0
		FILE: Number of write operations=0
		O3FS: Number of bytes read=0
		O3FS: Number of bytes written=1500
		O3FS: Number of read operations=95
		O3FS: Number of large read operations=0
		O3FS: Number of write operations=19
	Map-Reduce Framework
		Map input records=3
		Map output records=3
		Input split bytes=156
		Spilled Records=0
		Failed Shuffles=0
		Merged Map outputs=0
		GC time elapsed (ms)=0
		Total committed heap usage (bytes)=2058354688
	File Input Format Counters 
		Bytes Read=3157
	File Output Format Counters 
		Bytes Written=476
	DistCp Counters
		Bandwidth in Btyes=0
		Bytes Skipped=1000
		Files Skipped=3
2019-11-07 15:45:51,524 [LocalJobRunner Map Task Executor #0] INFO  mapred.LocalJobRunner (LocalJobRunner.java:run(277)) - Finishing task: attempt_local654553226_0002_m_000000_0
2019-11-07 15:45:51,525 [LocalJobRunner Map Task Executor #0] INFO  mapred.LocalJobRunner (LocalJobRunner.java:run(252)) - Starting task: attempt_local654553226_0002_m_000001_0
2019-11-07 15:45:51,525 [LocalJobRunner Map Task Executor #0] INFO  output.FileOutputCommitter (FileOutputCommitter.java:<init>(140)) - File Output Committer Algorithm version is 2
2019-11-07 15:45:51,526 [LocalJobRunner Map Task Executor #0] INFO  output.FileOutputCommitter (FileOutputCommitter.java:<init>(155)) - FileOutputCommitter skip cleanup _temporary folders under output directory:false, ignore cleanup failures: false
2019-11-07 15:45:51,526 [LocalJobRunner Map Task Executor #0] INFO  mapred.Task (Task.java:initialize(626)) -  Using ResourceCalculatorProcessTree : [ ]
2019-11-07 15:45:51,527 [LocalJobRunner Map Task Executor #0] INFO  mapred.MapTask (MapTask.java:runNewMapper(768)) - Processing split: file:/tmp/hadoop/mapred/staging/jenkins1000875889146/.staging/_distcp801278333/fileList.seq:0+371
2019-11-07 15:45:51,527 [LocalJobRunner Map Task Executor #0] INFO  output.FileOutputCommitter (FileOutputCommitter.java:<init>(140)) - File Output Committer Algorithm version is 2
2019-11-07 15:45:51,528 [LocalJobRunner Map Task Executor #0] INFO  output.FileOutputCommitter (FileOutputCommitter.java:<init>(155)) - FileOutputCommitter skip cleanup _temporary folders under output directory:false, ignore cleanup failures: false
2019-11-07 15:45:51,544 [LocalJobRunner Map Task Executor #0] INFO  mapred.CopyMapper (CopyMapper.java:map(154)) - Copying file:/workdir/hadoop-ozone/ozonefs/target/test-dir/ITestOzoneContractDistCp/testUpdateDeepDirectoryStructureNoChange/local/inputDir/subDir2/subDir2/file3 to o3fs://bucket01598.volume20997/test/ITestOzoneContractDistCp/testUpdateDeepDirectoryStructureNoChange/remote/outputDir/inputDir/subDir2/subDir2/file3
2019-11-07 15:45:51,552 [LocalJobRunner Map Task Executor #0] INFO  mapred.CopyMapper (CopyMapper.java:map(198)) - Skipping copy of file:/workdir/hadoop-ozone/ozonefs/target/test-dir/ITestOzoneContractDistCp/testUpdateDeepDirectoryStructureNoChange/local/inputDir/subDir2/subDir2/file3 to o3fs://bucket01598.volume20997/test/ITestOzoneContractDistCp/testUpdateDeepDirectoryStructureNoChange/remote/outputDir/inputDir/subDir2/subDir2/file3
2019-11-07 15:45:51,552 [LocalJobRunner Map Task Executor #0] INFO  mapred.LocalJobRunner (LocalJobRunner.java:statusUpdate(634)) - 
2019-11-07 15:45:51,553 [LocalJobRunner Map Task Executor #0] INFO  mapred.Task (Task.java:done(1244)) - Task:attempt_local654553226_0002_m_000001_0 is done. And is in the process of committing
2019-11-07 15:45:51,554 [LocalJobRunner Map Task Executor #0] INFO  mapred.LocalJobRunner (LocalJobRunner.java:statusUpdate(634)) - 
2019-11-07 15:45:51,554 [LocalJobRunner Map Task Executor #0] INFO  mapred.Task (Task.java:commit(1421)) - Task attempt_local654553226_0002_m_000001_0 is allowed to commit now
2019-11-07 15:45:51,555 [LocalJobRunner Map Task Executor #0] INFO  output.FileOutputCommitter (FileOutputCommitter.java:commitTask(598)) - Saved output of task 'attempt_local654553226_0002_m_000001_0' to file:/tmp/hadoop/mapred/staging/jenkins1000875889146/.staging/_distcp801278333/_logs
2019-11-07 15:45:51,556 [LocalJobRunner Map Task Executor #0] INFO  mapred.LocalJobRunner (LocalJobRunner.java:statusUpdate(634)) - Copying file:/workdir/hadoop-ozone/ozonefs/target/test-dir/ITestOzoneContractDistCp/testUpdateDeepDirectoryStructureNoChange/local/inputDir/subDir2/subDir2/file3 to o3fs://bucket01598.volume20997/test/ITestOzoneContractDistCp/testUpdateDeepDirectoryStructureNoChange/remote/outputDir/inputDir/subDir2/subDir2/file3
2019-11-07 15:45:51,556 [LocalJobRunner Map Task Executor #0] INFO  mapred.Task (Task.java:sendDone(1380)) - Task 'attempt_local654553226_0002_m_000001_0' done.
2019-11-07 15:45:51,556 [LocalJobRunner Map Task Executor #0] INFO  mapred.Task (Task.java:done(1276)) - Final Counters for attempt_local654553226_0002_m_000001_0: Counters: 23
	File System Counters
		FILE: Number of bytes read=447671
		FILE: Number of bytes written=1638145
		FILE: Number of read operations=0
		FILE: Number of large read operations=0
		FILE: Number of write operations=0
		O3FS: Number of bytes read=0
		O3FS: Number of bytes written=1500
		O3FS: Number of read operations=97
		O3FS: Number of large read operations=0
		O3FS: Number of write operations=19
	Map-Reduce Framework
		Map input records=1
		Map output records=1
		Input split bytes=156
		Spilled Records=0
		Failed Shuffles=0
		Merged Map outputs=0
		GC time elapsed (ms)=0
		Total committed heap usage (bytes)=2058354688
	File Input Format Counters 
		Bytes Read=3157
	File Output Format Counters 
		Bytes Written=172
	DistCp Counters
		Bandwidth in Btyes=0
		Bytes Skipped=300
		Files Skipped=1
2019-11-07 15:45:51,557 [LocalJobRunner Map Task Executor #0] INFO  mapred.LocalJobRunner (LocalJobRunner.java:run(277)) - Finishing task: attempt_local654553226_0002_m_000001_0
2019-11-07 15:45:51,557 [LocalJobRunner Map Task Executor #0] INFO  mapred.LocalJobRunner (LocalJobRunner.java:run(252)) - Starting task: attempt_local654553226_0002_m_000002_0
2019-11-07 15:45:51,558 [LocalJobRunner Map Task Executor #0] INFO  output.FileOutputCommitter (FileOutputCommitter.java:<init>(140)) - File Output Committer Algorithm version is 2
2019-11-07 15:45:51,558 [LocalJobRunner Map Task Executor #0] INFO  output.FileOutputCommitter (FileOutputCommitter.java:<init>(155)) - FileOutputCommitter skip cleanup _temporary folders under output directory:false, ignore cleanup failures: false
2019-11-07 15:45:51,559 [LocalJobRunner Map Task Executor #0] INFO  mapred.Task (Task.java:initialize(626)) -  Using ResourceCalculatorProcessTree : [ ]
2019-11-07 15:45:51,559 [LocalJobRunner Map Task Executor #0] INFO  mapred.MapTask (MapTask.java:runNewMapper(768)) - Processing split: file:/tmp/hadoop/mapred/staging/jenkins1000875889146/.staging/_distcp801278333/fileList.seq:1178+281
2019-11-07 15:45:51,560 [LocalJobRunner Map Task Executor #0] INFO  output.FileOutputCommitter (FileOutputCommitter.java:<init>(140)) - File Output Committer Algorithm version is 2
2019-11-07 15:45:51,560 [LocalJobRunner Map Task Executor #0] INFO  output.FileOutputCommitter (FileOutputCommitter.java:<init>(155)) - FileOutputCommitter skip cleanup _temporary folders under output directory:false, ignore cleanup failures: false
2019-11-07 15:45:51,576 [LocalJobRunner Map Task Executor #0] INFO  mapred.CopyMapper (CopyMapper.java:map(154)) - Copying file:/workdir/hadoop-ozone/ozonefs/target/test-dir/ITestOzoneContractDistCp/testUpdateDeepDirectoryStructureNoChange/local/inputDir/subDir2/subDir2 to o3fs://bucket01598.volume20997/test/ITestOzoneContractDistCp/testUpdateDeepDirectoryStructureNoChange/remote/outputDir/inputDir/subDir2/subDir2
2019-11-07 15:45:51,611 [LocalJobRunner Map Task Executor #0] INFO  mapred.LocalJobRunner (LocalJobRunner.java:statusUpdate(634)) - 
2019-11-07 15:45:51,612 [LocalJobRunner Map Task Executor #0] INFO  mapred.Task (Task.java:done(1244)) - Task:attempt_local654553226_0002_m_000002_0 is done. And is in the process of committing
2019-11-07 15:45:51,613 [LocalJobRunner Map Task Executor #0] INFO  mapred.LocalJobRunner (LocalJobRunner.java:statusUpdate(634)) - 
2019-11-07 15:45:51,613 [LocalJobRunner Map Task Executor #0] INFO  mapred.Task (Task.java:commit(1421)) - Task attempt_local654553226_0002_m_000002_0 is allowed to commit now
2019-11-07 15:45:51,614 [LocalJobRunner Map Task Executor #0] INFO  output.FileOutputCommitter (FileOutputCommitter.java:commitTask(598)) - Saved output of task 'attempt_local654553226_0002_m_000002_0' to file:/tmp/hadoop/mapred/staging/jenkins1000875889146/.staging/_distcp801278333/_logs
2019-11-07 15:45:51,615 [LocalJobRunner Map Task Executor #0] INFO  mapred.LocalJobRunner (LocalJobRunner.java:statusUpdate(634)) - Copying file:/workdir/hadoop-ozone/ozonefs/target/test-dir/ITestOzoneContractDistCp/testUpdateDeepDirectoryStructureNoChange/local/inputDir/subDir2/subDir2 to o3fs://bucket01598.volume20997/test/ITestOzoneContractDistCp/testUpdateDeepDirectoryStructureNoChange/remote/outputDir/inputDir/subDir2/subDir2
2019-11-07 15:45:51,615 [LocalJobRunner Map Task Executor #0] INFO  mapred.Task (Task.java:sendDone(1380)) - Task 'attempt_local654553226_0002_m_000002_0' done.
2019-11-07 15:45:51,616 [LocalJobRunner Map Task Executor #0] INFO  mapred.Task (Task.java:done(1276)) - Final Counters for attempt_local654553226_0002_m_000002_0: Counters: 22
	File System Counters
		FILE: Number of bytes read=452259
		FILE: Number of bytes written=1638153
		FILE: Number of read operations=0
		FILE: Number of large read operations=0
		FILE: Number of write operations=0
		O3FS: Number of bytes read=0
		O3FS: Number of bytes written=1500
		O3FS: Number of read operations=99
		O3FS: Number of large read operations=0
		O3FS: Number of write operations=19
	Map-Reduce Framework
		Map input records=1
		Map output records=0
		Input split bytes=156
		Spilled Records=0
		Failed Shuffles=0
		Merged Map outputs=0
		GC time elapsed (ms)=0
		Total committed heap usage (bytes)=2058354688
	File Input Format Counters 
		Bytes Read=3157
	File Output Format Counters 
		Bytes Written=8
	DistCp Counters
		Bandwidth in Btyes=0
		DIR_COPY=1
2019-11-07 15:45:51,616 [LocalJobRunner Map Task Executor #0] INFO  mapred.LocalJobRunner (LocalJobRunner.java:run(277)) - Finishing task: attempt_local654553226_0002_m_000002_0
2019-11-07 15:45:51,616 [LocalJobRunner Map Task Executor #0] INFO  mapred.LocalJobRunner (LocalJobRunner.java:run(252)) - Starting task: attempt_local654553226_0002_m_000003_0
2019-11-07 15:45:51,617 [LocalJobRunner Map Task Executor #0] INFO  output.FileOutputCommitter (FileOutputCommitter.java:<init>(140)) - File Output Committer Algorithm version is 2
2019-11-07 15:45:51,617 [LocalJobRunner Map Task Executor #0] INFO  output.FileOutputCommitter (FileOutputCommitter.java:<init>(155)) - FileOutputCommitter skip cleanup _temporary folders under output directory:false, ignore cleanup failures: false
2019-11-07 15:45:51,617 [LocalJobRunner Map Task Executor #0] INFO  mapred.Task (Task.java:initialize(626)) -  Using ResourceCalculatorProcessTree : [ ]
2019-11-07 15:45:51,618 [LocalJobRunner Map Task Executor #0] INFO  mapred.MapTask (MapTask.java:runNewMapper(768)) - Processing split: file:/tmp/hadoop/mapred/staging/jenkins1000875889146/.staging/_distcp801278333/fileList.seq:1724+281
2019-11-07 15:45:51,619 [LocalJobRunner Map Task Executor #0] INFO  output.FileOutputCommitter (FileOutputCommitter.java:<init>(140)) - File Output Committer Algorithm version is 2
2019-11-07 15:45:51,619 [LocalJobRunner Map Task Executor #0] INFO  output.FileOutputCommitter (FileOutputCommitter.java:<init>(155)) - FileOutputCommitter skip cleanup _temporary folders under output directory:false, ignore cleanup failures: false
2019-11-07 15:45:51,638 [LocalJobRunner Map Task Executor #0] INFO  mapred.CopyMapper (CopyMapper.java:map(154)) - Copying file:/workdir/hadoop-ozone/ozonefs/target/test-dir/ITestOzoneContractDistCp/testUpdateDeepDirectoryStructureNoChange/local/inputDir/subDir4/subDir4 to o3fs://bucket01598.volume20997/test/ITestOzoneContractDistCp/testUpdateDeepDirectoryStructureNoChange/remote/outputDir/inputDir/subDir4/subDir4
2019-11-07 15:45:51,672 [LocalJobRunner Map Task Executor #0] INFO  mapred.LocalJobRunner (LocalJobRunner.java:statusUpdate(634)) - 
2019-11-07 15:45:51,672 [LocalJobRunner Map Task Executor #0] INFO  mapred.Task (Task.java:done(1244)) - Task:attempt_local654553226_0002_m_000003_0 is done. And is in the process of committing
2019-11-07 15:45:51,673 [LocalJobRunner Map Task Executor #0] INFO  mapred.LocalJobRunner (LocalJobRunner.java:statusUpdate(634)) - 
2019-11-07 15:45:51,673 [LocalJobRunner Map Task Executor #0] INFO  mapred.Task (Task.java:commit(1421)) - Task attempt_local654553226_0002_m_000003_0 is allowed to commit now
2019-11-07 15:45:51,675 [LocalJobRunner Map Task Executor #0] INFO  output.FileOutputCommitter (FileOutputCommitter.java:commitTask(598)) - Saved output of task 'attempt_local654553226_0002_m_000003_0' to file:/tmp/hadoop/mapred/staging/jenkins1000875889146/.staging/_distcp801278333/_logs
2019-11-07 15:45:51,675 [LocalJobRunner Map Task Executor #0] INFO  mapred.LocalJobRunner (LocalJobRunner.java:statusUpdate(634)) - Copying file:/workdir/hadoop-ozone/ozonefs/target/test-dir/ITestOzoneContractDistCp/testUpdateDeepDirectoryStructureNoChange/local/inputDir/subDir4/subDir4 to o3fs://bucket01598.volume20997/test/ITestOzoneContractDistCp/testUpdateDeepDirectoryStructureNoChange/remote/outputDir/inputDir/subDir4/subDir4
2019-11-07 15:45:51,675 [LocalJobRunner Map Task Executor #0] INFO  mapred.Task (Task.java:sendDone(1380)) - Task 'attempt_local654553226_0002_m_000003_0' done.
2019-11-07 15:45:51,676 [LocalJobRunner Map Task Executor #0] INFO  mapred.Task (Task.java:done(1276)) - Final Counters for attempt_local654553226_0002_m_000003_0: Counters: 22
	File System Counters
		FILE: Number of bytes read=456847
		FILE: Number of bytes written=1638161
		FILE: Number of read operations=0
		FILE: Number of large read operations=0
		FILE: Number of write operations=0
		O3FS: Number of bytes read=0
		O3FS: Number of bytes written=1500
		O3FS: Number of read operations=101
		O3FS: Number of large read operations=0
		O3FS: Number of write operations=19
	Map-Reduce Framework
		Map input records=1
		Map output records=0
		Input split bytes=156
		Spilled Records=0
		Failed Shuffles=0
		Merged Map outputs=0
		GC time elapsed (ms)=0
		Total committed heap usage (bytes)=2058354688
	File Input Format Counters 
		Bytes Read=3157
	File Output Format Counters 
		Bytes Written=8
	DistCp Counters
		Bandwidth in Btyes=0
		DIR_COPY=1
2019-11-07 15:45:51,676 [LocalJobRunner Map Task Executor #0] INFO  mapred.LocalJobRunner (LocalJobRunner.java:run(277)) - Finishing task: attempt_local654553226_0002_m_000003_0
2019-11-07 15:45:51,676 [LocalJobRunner Map Task Executor #0] INFO  mapred.LocalJobRunner (LocalJobRunner.java:run(252)) - Starting task: attempt_local654553226_0002_m_000004_0
2019-11-07 15:45:51,677 [LocalJobRunner Map Task Executor #0] INFO  output.FileOutputCommitter (FileOutputCommitter.java:<init>(140)) - File Output Committer Algorithm version is 2
2019-11-07 15:45:51,677 [LocalJobRunner Map Task Executor #0] INFO  output.FileOutputCommitter (FileOutputCommitter.java:<init>(155)) - FileOutputCommitter skip cleanup _temporary folders under output directory:false, ignore cleanup failures: false
2019-11-07 15:45:51,678 [LocalJobRunner Map Task Executor #0] INFO  mapred.Task (Task.java:initialize(626)) -  Using ResourceCalculatorProcessTree : [ ]
2019-11-07 15:45:51,679 [LocalJobRunner Map Task Executor #0] INFO  mapred.MapTask (MapTask.java:runNewMapper(768)) - Processing split: file:/tmp/hadoop/mapred/staging/jenkins1000875889146/.staging/_distcp801278333/fileList.seq:901+277
2019-11-07 15:45:51,680 [LocalJobRunner Map Task Executor #0] INFO  output.FileOutputCommitter (FileOutputCommitter.java:<init>(140)) - File Output Committer Algorithm version is 2
2019-11-07 15:45:51,680 [LocalJobRunner Map Task Executor #0] INFO  output.FileOutputCommitter (FileOutputCommitter.java:<init>(155)) - FileOutputCommitter skip cleanup _temporary folders under output directory:false, ignore cleanup failures: false
2019-11-07 15:45:51,697 [LocalJobRunner Map Task Executor #0] INFO  mapred.CopyMapper (CopyMapper.java:map(154)) - Copying file:/workdir/hadoop-ozone/ozonefs/target/test-dir/ITestOzoneContractDistCp/testUpdateDeepDirectoryStructureNoChange/local/inputDir/subDir1/file2 to o3fs://bucket01598.volume20997/test/ITestOzoneContractDistCp/testUpdateDeepDirectoryStructureNoChange/remote/outputDir/inputDir/subDir1/file2
2019-11-07 15:45:51,705 [LocalJobRunner Map Task Executor #0] INFO  mapred.CopyMapper (CopyMapper.java:map(198)) - Skipping copy of file:/workdir/hadoop-ozone/ozonefs/target/test-dir/ITestOzoneContractDistCp/testUpdateDeepDirectoryStructureNoChange/local/inputDir/subDir1/file2 to o3fs://bucket01598.volume20997/test/ITestOzoneContractDistCp/testUpdateDeepDirectoryStructureNoChange/remote/outputDir/inputDir/subDir1/file2
2019-11-07 15:45:51,706 [LocalJobRunner Map Task Executor #0] INFO  mapred.LocalJobRunner (LocalJobRunner.java:statusUpdate(634)) - 
2019-11-07 15:45:51,707 [LocalJobRunner Map Task Executor #0] INFO  mapred.Task (Task.java:done(1244)) - Task:attempt_local654553226_0002_m_000004_0 is done. And is in the process of committing
2019-11-07 15:45:51,708 [LocalJobRunner Map Task Executor #0] INFO  mapred.LocalJobRunner (LocalJobRunner.java:statusUpdate(634)) - 
2019-11-07 15:45:51,708 [LocalJobRunner Map Task Executor #0] INFO  mapred.Task (Task.java:commit(1421)) - Task attempt_local654553226_0002_m_000004_0 is allowed to commit now
2019-11-07 15:45:51,710 [LocalJobRunner Map Task Executor #0] INFO  output.FileOutputCommitter (FileOutputCommitter.java:commitTask(598)) - Saved output of task 'attempt_local654553226_0002_m_000004_0' to file:/tmp/hadoop/mapred/staging/jenkins1000875889146/.staging/_distcp801278333/_logs
2019-11-07 15:45:51,710 [LocalJobRunner Map Task Executor #0] INFO  mapred.LocalJobRunner (LocalJobRunner.java:statusUpdate(634)) - Copying file:/workdir/hadoop-ozone/ozonefs/target/test-dir/ITestOzoneContractDistCp/testUpdateDeepDirectoryStructureNoChange/local/inputDir/subDir1/file2 to o3fs://bucket01598.volume20997/test/ITestOzoneContractDistCp/testUpdateDeepDirectoryStructureNoChange/remote/outputDir/inputDir/subDir1/file2
2019-11-07 15:45:51,711 [LocalJobRunner Map Task Executor #0] INFO  mapred.Task (Task.java:sendDone(1380)) - Task 'attempt_local654553226_0002_m_000004_0' done.
2019-11-07 15:45:51,711 [LocalJobRunner Map Task Executor #0] INFO  mapred.Task (Task.java:done(1276)) - Final Counters for attempt_local654553226_0002_m_000004_0: Counters: 23
	File System Counters
		FILE: Number of bytes read=460923
		FILE: Number of bytes written=1638325
		FILE: Number of read operations=0
		FILE: Number of large read operations=0
		FILE: Number of write operations=0
		O3FS: Number of bytes read=0
		O3FS: Number of bytes written=1500
		O3FS: Number of read operations=103
		O3FS: Number of large read operations=0
		O3FS: Number of write operations=19
	Map-Reduce Framework
		Map input records=1
		Map output records=1
		Input split bytes=156
		Spilled Records=0
		Failed Shuffles=0
		Merged Map outputs=0
		GC time elapsed (ms)=0
		Total committed heap usage (bytes)=2058354688
	File Input Format Counters 
		Bytes Read=3157
	File Output Format Counters 
		Bytes Written=164
	DistCp Counters
		Bandwidth in Btyes=0
		Bytes Skipped=200
		Files Skipped=1
2019-11-07 15:45:51,711 [LocalJobRunner Map Task Executor #0] INFO  mapred.LocalJobRunner (LocalJobRunner.java:run(277)) - Finishing task: attempt_local654553226_0002_m_000004_0
2019-11-07 15:45:51,712 [LocalJobRunner Map Task Executor #0] INFO  mapred.LocalJobRunner (LocalJobRunner.java:run(252)) - Starting task: attempt_local654553226_0002_m_000005_0
2019-11-07 15:45:51,713 [LocalJobRunner Map Task Executor #0] INFO  output.FileOutputCommitter (FileOutputCommitter.java:<init>(140)) - File Output Committer Algorithm version is 2
2019-11-07 15:45:51,713 [LocalJobRunner Map Task Executor #0] INFO  output.FileOutputCommitter (FileOutputCommitter.java:<init>(155)) - FileOutputCommitter skip cleanup _temporary folders under output directory:false, ignore cleanup failures: false
2019-11-07 15:45:51,713 [LocalJobRunner Map Task Executor #0] INFO  mapred.Task (Task.java:initialize(626)) -  Using ResourceCalculatorProcessTree : [ ]
2019-11-07 15:45:51,714 [LocalJobRunner Map Task Executor #0] INFO  mapred.MapTask (MapTask.java:runNewMapper(768)) - Processing split: file:/tmp/hadoop/mapred/staging/jenkins1000875889146/.staging/_distcp801278333/fileList.seq:371+265
2019-11-07 15:45:51,715 [LocalJobRunner Map Task Executor #0] INFO  output.FileOutputCommitter (FileOutputCommitter.java:<init>(140)) - File Output Committer Algorithm version is 2
2019-11-07 15:45:51,715 [LocalJobRunner Map Task Executor #0] INFO  output.FileOutputCommitter (FileOutputCommitter.java:<init>(155)) - FileOutputCommitter skip cleanup _temporary folders under output directory:false, ignore cleanup failures: false
2019-11-07 15:45:51,732 [LocalJobRunner Map Task Executor #0] INFO  mapred.CopyMapper (CopyMapper.java:map(154)) - Copying file:/workdir/hadoop-ozone/ozonefs/target/test-dir/ITestOzoneContractDistCp/testUpdateDeepDirectoryStructureNoChange/local/inputDir/subDir1 to o3fs://bucket01598.volume20997/test/ITestOzoneContractDistCp/testUpdateDeepDirectoryStructureNoChange/remote/outputDir/inputDir/subDir1
2019-11-07 15:45:51,765 [LocalJobRunner Map Task Executor #0] INFO  mapred.LocalJobRunner (LocalJobRunner.java:statusUpdate(634)) - 
2019-11-07 15:45:51,765 [LocalJobRunner Map Task Executor #0] INFO  mapred.Task (Task.java:done(1244)) - Task:attempt_local654553226_0002_m_000005_0 is done. And is in the process of committing
2019-11-07 15:45:51,766 [LocalJobRunner Map Task Executor #0] INFO  mapred.LocalJobRunner (LocalJobRunner.java:statusUpdate(634)) - 
2019-11-07 15:45:51,766 [LocalJobRunner Map Task Executor #0] INFO  mapred.Task (Task.java:commit(1421)) - Task attempt_local654553226_0002_m_000005_0 is allowed to commit now
2019-11-07 15:45:51,768 [LocalJobRunner Map Task Executor #0] INFO  output.FileOutputCommitter (FileOutputCommitter.java:commitTask(598)) - Saved output of task 'attempt_local654553226_0002_m_000005_0' to file:/tmp/hadoop/mapred/staging/jenkins1000875889146/.staging/_distcp801278333/_logs
2019-11-07 15:45:51,768 [LocalJobRunner Map Task Executor #0] INFO  mapred.LocalJobRunner (LocalJobRunner.java:statusUpdate(634)) - Copying file:/workdir/hadoop-ozone/ozonefs/target/test-dir/ITestOzoneContractDistCp/testUpdateDeepDirectoryStructureNoChange/local/inputDir/subDir1 to o3fs://bucket01598.volume20997/test/ITestOzoneContractDistCp/testUpdateDeepDirectoryStructureNoChange/remote/outputDir/inputDir/subDir1
2019-11-07 15:45:51,768 [LocalJobRunner Map Task Executor #0] INFO  mapred.Task (Task.java:sendDone(1380)) - Task 'attempt_local654553226_0002_m_000005_0' done.
2019-11-07 15:45:51,769 [LocalJobRunner Map Task Executor #0] INFO  mapred.Task (Task.java:done(1276)) - Final Counters for attempt_local654553226_0002_m_000005_0: Counters: 22
	File System Counters
		FILE: Number of bytes read=464999
		FILE: Number of bytes written=1638333
		FILE: Number of read operations=0
		FILE: Number of large read operations=0
		FILE: Number of write operations=0
		O3FS: Number of bytes read=0
		O3FS: Number of bytes written=1500
		O3FS: Number of read operations=105
		O3FS: Number of large read operations=0
		O3FS: Number of write operations=19
	Map-Reduce Framework
		Map input records=1
		Map output records=0
		Input split bytes=156
		Spilled Records=0
		Failed Shuffles=0
		Merged Map outputs=0
		GC time elapsed (ms)=0
		Total committed heap usage (bytes)=2058354688
	File Input Format Counters 
		Bytes Read=3157
	File Output Format Counters 
		Bytes Written=8
	DistCp Counters
		Bandwidth in Btyes=0
		DIR_COPY=1
2019-11-07 15:45:51,769 [LocalJobRunner Map Task Executor #0] INFO  mapred.LocalJobRunner (LocalJobRunner.java:run(277)) - Finishing task: attempt_local654553226_0002_m_000005_0
2019-11-07 15:45:51,769 [LocalJobRunner Map Task Executor #0] INFO  mapred.LocalJobRunner (LocalJobRunner.java:run(252)) - Starting task: attempt_local654553226_0002_m_000006_0
2019-11-07 15:45:51,770 [LocalJobRunner Map Task Executor #0] INFO  output.FileOutputCommitter (FileOutputCommitter.java:<init>(140)) - File Output Committer Algorithm version is 2
2019-11-07 15:45:51,770 [LocalJobRunner Map Task Executor #0] INFO  output.FileOutputCommitter (FileOutputCommitter.java:<init>(155)) - FileOutputCommitter skip cleanup _temporary folders under output directory:false, ignore cleanup failures: false
2019-11-07 15:45:51,771 [LocalJobRunner Map Task Executor #0] INFO  mapred.Task (Task.java:initialize(626)) -  Using ResourceCalculatorProcessTree : [ ]
2019-11-07 15:45:51,772 [LocalJobRunner Map Task Executor #0] INFO  mapred.MapTask (MapTask.java:runNewMapper(768)) - Processing split: file:/tmp/hadoop/mapred/staging/jenkins1000875889146/.staging/_distcp801278333/fileList.seq:636+265
2019-11-07 15:45:51,773 [LocalJobRunner Map Task Executor #0] INFO  output.FileOutputCommitter (FileOutputCommitter.java:<init>(140)) - File Output Committer Algorithm version is 2
2019-11-07 15:45:51,773 [LocalJobRunner Map Task Executor #0] INFO  output.FileOutputCommitter (FileOutputCommitter.java:<init>(155)) - FileOutputCommitter skip cleanup _temporary folders under output directory:false, ignore cleanup failures: false
2019-11-07 15:45:51,790 [LocalJobRunner Map Task Executor #0] INFO  mapred.CopyMapper (CopyMapper.java:map(154)) - Copying file:/workdir/hadoop-ozone/ozonefs/target/test-dir/ITestOzoneContractDistCp/testUpdateDeepDirectoryStructureNoChange/local/inputDir/subDir2 to o3fs://bucket01598.volume20997/test/ITestOzoneContractDistCp/testUpdateDeepDirectoryStructureNoChange/remote/outputDir/inputDir/subDir2
2019-11-07 15:45:51,823 [LocalJobRunner Map Task Executor #0] INFO  mapred.LocalJobRunner (LocalJobRunner.java:statusUpdate(634)) - 
2019-11-07 15:45:51,824 [LocalJobRunner Map Task Executor #0] INFO  mapred.Task (Task.java:done(1244)) - Task:attempt_local654553226_0002_m_000006_0 is done. And is in the process of committing
2019-11-07 15:45:51,825 [LocalJobRunner Map Task Executor #0] INFO  mapred.LocalJobRunner (LocalJobRunner.java:statusUpdate(634)) - 
2019-11-07 15:45:51,825 [LocalJobRunner Map Task Executor #0] INFO  mapred.Task (Task.java:commit(1421)) - Task attempt_local654553226_0002_m_000006_0 is allowed to commit now
2019-11-07 15:45:51,827 [LocalJobRunner Map Task Executor #0] INFO  output.FileOutputCommitter (FileOutputCommitter.java:commitTask(598)) - Saved output of task 'attempt_local654553226_0002_m_000006_0' to file:/tmp/hadoop/mapred/staging/jenkins1000875889146/.staging/_distcp801278333/_logs
2019-11-07 15:45:51,827 [LocalJobRunner Map Task Executor #0] INFO  mapred.LocalJobRunner (LocalJobRunner.java:statusUpdate(634)) - Copying file:/workdir/hadoop-ozone/ozonefs/target/test-dir/ITestOzoneContractDistCp/testUpdateDeepDirectoryStructureNoChange/local/inputDir/subDir2 to o3fs://bucket01598.volume20997/test/ITestOzoneContractDistCp/testUpdateDeepDirectoryStructureNoChange/remote/outputDir/inputDir/subDir2
2019-11-07 15:45:51,827 [LocalJobRunner Map Task Executor #0] INFO  mapred.Task (Task.java:sendDone(1380)) - Task 'attempt_local654553226_0002_m_000006_0' done.
2019-11-07 15:45:51,828 [LocalJobRunner Map Task Executor #0] INFO  mapred.Task (Task.java:done(1276)) - Final Counters for attempt_local654553226_0002_m_000006_0: Counters: 22
	File System Counters
		FILE: Number of bytes read=469075
		FILE: Number of bytes written=1638341
		FILE: Number of read operations=0
		FILE: Number of large read operations=0
		FILE: Number of write operations=0
		O3FS: Number of bytes read=0
		O3FS: Number of bytes written=1500
		O3FS: Number of read operations=107
		O3FS: Number of large read operations=0
		O3FS: Number of write operations=19
	Map-Reduce Framework
		Map input records=1
		Map output records=0
		Input split bytes=156
		Spilled Records=0
		Failed Shuffles=0
		Merged Map outputs=0
		GC time elapsed (ms)=0
		Total committed heap usage (bytes)=2058354688
	File Input Format Counters 
		Bytes Read=3157
	File Output Format Counters 
		Bytes Written=8
	DistCp Counters
		Bandwidth in Btyes=0
		DIR_COPY=1
2019-11-07 15:45:51,828 [LocalJobRunner Map Task Executor #0] INFO  mapred.LocalJobRunner (LocalJobRunner.java:run(277)) - Finishing task: attempt_local654553226_0002_m_000006_0
2019-11-07 15:45:51,828 [LocalJobRunner Map Task Executor #0] INFO  mapred.LocalJobRunner (LocalJobRunner.java:run(252)) - Starting task: attempt_local654553226_0002_m_000007_0
2019-11-07 15:45:51,829 [LocalJobRunner Map Task Executor #0] INFO  output.FileOutputCommitter (FileOutputCommitter.java:<init>(140)) - File Output Committer Algorithm version is 2
2019-11-07 15:45:51,829 [LocalJobRunner Map Task Executor #0] INFO  output.FileOutputCommitter (FileOutputCommitter.java:<init>(155)) - FileOutputCommitter skip cleanup _temporary folders under output directory:false, ignore cleanup failures: false
2019-11-07 15:45:51,830 [LocalJobRunner Map Task Executor #0] INFO  mapred.Task (Task.java:initialize(626)) -  Using ResourceCalculatorProcessTree : [ ]
2019-11-07 15:45:51,831 [LocalJobRunner Map Task Executor #0] INFO  mapred.MapTask (MapTask.java:runNewMapper(768)) - Processing split: file:/tmp/hadoop/mapred/staging/jenkins1000875889146/.staging/_distcp801278333/fileList.seq:1459+265
2019-11-07 15:45:51,831 [LocalJobRunner Map Task Executor #0] INFO  output.FileOutputCommitter (FileOutputCommitter.java:<init>(140)) - File Output Committer Algorithm version is 2
2019-11-07 15:45:51,831 [LocalJobRunner Map Task Executor #0] INFO  output.FileOutputCommitter (FileOutputCommitter.java:<init>(155)) - FileOutputCommitter skip cleanup _temporary folders under output directory:false, ignore cleanup failures: false
2019-11-07 15:45:51,850 [LocalJobRunner Map Task Executor #0] INFO  mapred.CopyMapper (CopyMapper.java:map(154)) - Copying file:/workdir/hadoop-ozone/ozonefs/target/test-dir/ITestOzoneContractDistCp/testUpdateDeepDirectoryStructureNoChange/local/inputDir/subDir4 to o3fs://bucket01598.volume20997/test/ITestOzoneContractDistCp/testUpdateDeepDirectoryStructureNoChange/remote/outputDir/inputDir/subDir4
2019-11-07 15:45:51,883 [LocalJobRunner Map Task Executor #0] INFO  mapred.LocalJobRunner (LocalJobRunner.java:statusUpdate(634)) - 
2019-11-07 15:45:51,883 [LocalJobRunner Map Task Executor #0] INFO  mapred.Task (Task.java:done(1244)) - Task:attempt_local654553226_0002_m_000007_0 is done. And is in the process of committing
2019-11-07 15:45:51,884 [LocalJobRunner Map Task Executor #0] INFO  mapred.LocalJobRunner (LocalJobRunner.java:statusUpdate(634)) - 
2019-11-07 15:45:51,884 [LocalJobRunner Map Task Executor #0] INFO  mapred.Task (Task.java:commit(1421)) - Task attempt_local654553226_0002_m_000007_0 is allowed to commit now
2019-11-07 15:45:51,885 [LocalJobRunner Map Task Executor #0] INFO  output.FileOutputCommitter (FileOutputCommitter.java:commitTask(598)) - Saved output of task 'attempt_local654553226_0002_m_000007_0' to file:/tmp/hadoop/mapred/staging/jenkins1000875889146/.staging/_distcp801278333/_logs
2019-11-07 15:45:51,886 [LocalJobRunner Map Task Executor #0] INFO  mapred.LocalJobRunner (LocalJobRunner.java:statusUpdate(634)) - Copying file:/workdir/hadoop-ozone/ozonefs/target/test-dir/ITestOzoneContractDistCp/testUpdateDeepDirectoryStructureNoChange/local/inputDir/subDir4 to o3fs://bucket01598.volume20997/test/ITestOzoneContractDistCp/testUpdateDeepDirectoryStructureNoChange/remote/outputDir/inputDir/subDir4
2019-11-07 15:45:51,886 [LocalJobRunner Map Task Executor #0] INFO  mapred.Task (Task.java:sendDone(1380)) - Task 'attempt_local654553226_0002_m_000007_0' done.
2019-11-07 15:45:51,886 [LocalJobRunner Map Task Executor #0] INFO  mapred.Task (Task.java:done(1276)) - Final Counters for attempt_local654553226_0002_m_000007_0: Counters: 22
	File System Counters
		FILE: Number of bytes read=472639
		FILE: Number of bytes written=1638349
		FILE: Number of read operations=0
		FILE: Number of large read operations=0
		FILE: Number of write operations=0
		O3FS: Number of bytes read=0
		O3FS: Number of bytes written=1500
		O3FS: Number of read operations=109
		O3FS: Number of large read operations=0
		O3FS: Number of write operations=19
	Map-Reduce Framework
		Map input records=1
		Map output records=0
		Input split bytes=156
		Spilled Records=0
		Failed Shuffles=0
		Merged Map outputs=0
		GC time elapsed (ms)=0
		Total committed heap usage (bytes)=2058354688
	File Input Format Counters 
		Bytes Read=3157
	File Output Format Counters 
		Bytes Written=8
	DistCp Counters
		Bandwidth in Btyes=0
		DIR_COPY=1
2019-11-07 15:45:51,887 [LocalJobRunner Map Task Executor #0] INFO  mapred.LocalJobRunner (LocalJobRunner.java:run(277)) - Finishing task: attempt_local654553226_0002_m_000007_0
2019-11-07 15:45:51,887 [LocalJobRunner Map Task Executor #0] INFO  mapred.LocalJobRunner (LocalJobRunner.java:run(252)) - Starting task: attempt_local654553226_0002_m_000008_0
2019-11-07 15:45:51,887 [LocalJobRunner Map Task Executor #0] INFO  output.FileOutputCommitter (FileOutputCommitter.java:<init>(140)) - File Output Committer Algorithm version is 2
2019-11-07 15:45:51,887 [LocalJobRunner Map Task Executor #0] INFO  output.FileOutputCommitter (FileOutputCommitter.java:<init>(155)) - FileOutputCommitter skip cleanup _temporary folders under output directory:false, ignore cleanup failures: false
2019-11-07 15:45:51,888 [LocalJobRunner Map Task Executor #0] INFO  mapred.Task (Task.java:initialize(626)) -  Using ResourceCalculatorProcessTree : [ ]
2019-11-07 15:45:51,889 [LocalJobRunner Map Task Executor #0] INFO  mapred.MapTask (MapTask.java:runNewMapper(768)) - Processing split: file:/tmp/hadoop/mapred/staging/jenkins1000875889146/.staging/_distcp801278333/fileList.seq:2005+249
2019-11-07 15:45:51,889 [LocalJobRunner Map Task Executor #0] INFO  output.FileOutputCommitter (FileOutputCommitter.java:<init>(140)) - File Output Committer Algorithm version is 2
2019-11-07 15:45:51,889 [LocalJobRunner Map Task Executor #0] INFO  output.FileOutputCommitter (FileOutputCommitter.java:<init>(155)) - FileOutputCommitter skip cleanup _temporary folders under output directory:false, ignore cleanup failures: false
2019-11-07 15:45:51,907 [LocalJobRunner Map Task Executor #0] INFO  mapred.CopyMapper (CopyMapper.java:map(154)) - Copying file:/workdir/hadoop-ozone/ozonefs/target/test-dir/ITestOzoneContractDistCp/testUpdateDeepDirectoryStructureNoChange/local/inputDir to o3fs://bucket01598.volume20997/test/ITestOzoneContractDistCp/testUpdateDeepDirectoryStructureNoChange/remote/outputDir/inputDir
2019-11-07 15:45:51,940 [LocalJobRunner Map Task Executor #0] INFO  mapred.LocalJobRunner (LocalJobRunner.java:statusUpdate(634)) - 
2019-11-07 15:45:51,940 [LocalJobRunner Map Task Executor #0] INFO  mapred.Task (Task.java:done(1244)) - Task:attempt_local654553226_0002_m_000008_0 is done. And is in the process of committing
2019-11-07 15:45:51,941 [LocalJobRunner Map Task Executor #0] INFO  mapred.LocalJobRunner (LocalJobRunner.java:statusUpdate(634)) - 
2019-11-07 15:45:51,941 [LocalJobRunner Map Task Executor #0] INFO  mapred.Task (Task.java:commit(1421)) - Task attempt_local654553226_0002_m_000008_0 is allowed to commit now
2019-11-07 15:45:51,943 [LocalJobRunner Map Task Executor #0] INFO  output.FileOutputCommitter (FileOutputCommitter.java:commitTask(598)) - Saved output of task 'attempt_local654553226_0002_m_000008_0' to file:/tmp/hadoop/mapred/staging/jenkins1000875889146/.staging/_distcp801278333/_logs
2019-11-07 15:45:51,943 [LocalJobRunner Map Task Executor #0] INFO  mapred.LocalJobRunner (LocalJobRunner.java:statusUpdate(634)) - Copying file:/workdir/hadoop-ozone/ozonefs/target/test-dir/ITestOzoneContractDistCp/testUpdateDeepDirectoryStructureNoChange/local/inputDir to o3fs://bucket01598.volume20997/test/ITestOzoneContractDistCp/testUpdateDeepDirectoryStructureNoChange/remote/outputDir/inputDir
2019-11-07 15:45:51,943 [LocalJobRunner Map Task Executor #0] INFO  mapred.Task (Task.java:sendDone(1380)) - Task 'attempt_local654553226_0002_m_000008_0' done.
2019-11-07 15:45:51,944 [LocalJobRunner Map Task Executor #0] INFO  mapred.Task (Task.java:done(1276)) - Final Counters for attempt_local654553226_0002_m_000008_0: Counters: 22
	File System Counters
		FILE: Number of bytes read=476203
		FILE: Number of bytes written=1638357
		FILE: Number of read operations=0
		FILE: Number of large read operations=0
		FILE: Number of write operations=0
		O3FS: Number of bytes read=0
		O3FS: Number of bytes written=1500
		O3FS: Number of read operations=111
		O3FS: Number of large read operations=0
		O3FS: Number of write operations=19
	Map-Reduce Framework
		Map input records=1
		Map output records=0
		Input split bytes=156
		Spilled Records=0
		Failed Shuffles=0
		Merged Map outputs=0
		GC time elapsed (ms)=0
		Total committed heap usage (bytes)=2058354688
	File Input Format Counters 
		Bytes Read=3157
	File Output Format Counters 
		Bytes Written=8
	DistCp Counters
		Bandwidth in Btyes=0
		DIR_COPY=1
2019-11-07 15:45:51,944 [LocalJobRunner Map Task Executor #0] INFO  mapred.LocalJobRunner (LocalJobRunner.java:run(277)) - Finishing task: attempt_local654553226_0002_m_000008_0
2019-11-07 15:45:51,944 [Thread-536] INFO  mapred.LocalJobRunner (LocalJobRunner.java:runTasks(486)) - map task executor complete.
2019-11-07 15:45:51,970 [Thread-536] INFO  mapred.CopyCommitter (CopyCommitter.java:deleteMissing(393)) - -delete option is enabled. About to remove entries from target that are missing in source
2019-11-07 15:45:51,982 [Thread-536] INFO  mapred.CopyCommitter (CopyCommitter.java:deleteMissing(402)) - Source listing completed in 0:00:00.011
2019-11-07 15:45:51,986 [Thread-536] INFO  mapred.CopyCommitter (CopyCommitter.java:listTargetFiles(560)) - Scanning destination directory o3fs://bucket01598.volume20997/test/ITestOzoneContractDistCp/testUpdateDeepDirectoryStructureNoChange/remote/outputDir with thread count: 40
15:45:51.990 [IPC Server handler 16 on 35423] ERROR OMAudit - user=jenkins1000 | ip=127.0.0.1 | op=GET_FILE_STATUS {volume=volume20997, bucket=bucket01598, key=NONE, dataSize=0, replicationType=null, replicationFactor=null, keyLocationInfo=null} | ret=FAILURE
org.apache.hadoop.ozone.om.exceptions.OMException: Unable to get file status: volume: volume20997 bucket: bucket01598 key: NONE
	at org.apache.hadoop.ozone.om.KeyManagerImpl.getFileStatus(KeyManagerImpl.java:1784) ~[hadoop-ozone-ozone-manager-0.5.0-SNAPSHOT.jar:?]
	at org.apache.hadoop.ozone.om.OzoneManager.getFileStatus(OzoneManager.java:2762) ~[hadoop-ozone-ozone-manager-0.5.0-SNAPSHOT.jar:?]
	at org.apache.hadoop.ozone.protocolPB.OzoneManagerRequestHandler.getOzoneFileStatus(OzoneManagerRequestHandler.java:1053) ~[hadoop-ozone-ozone-manager-0.5.0-SNAPSHOT.jar:?]
	at org.apache.hadoop.ozone.protocolPB.OzoneManagerRequestHandler.handle(OzoneManagerRequestHandler.java:340) ~[hadoop-ozone-ozone-manager-0.5.0-SNAPSHOT.jar:?]
	at org.apache.hadoop.ozone.protocolPB.OzoneManagerProtocolServerSideTranslatorPB.submitRequestDirectlyToOM(OzoneManagerProtocolServerSideTranslatorPB.java:208) ~[hadoop-ozone-ozone-manager-0.5.0-SNAPSHOT.jar:?]
	at org.apache.hadoop.ozone.protocolPB.OzoneManagerProtocolServerSideTranslatorPB.processRequest(OzoneManagerProtocolServerSideTranslatorPB.java:132) ~[hadoop-ozone-ozone-manager-0.5.0-SNAPSHOT.jar:?]
	at org.apache.hadoop.hdds.server.OzoneProtocolMessageDispatcher.processRequest(OzoneProtocolMessageDispatcher.java:72) [hadoop-hdds-server-framework-0.5.0-SNAPSHOT.jar:?]
	at org.apache.hadoop.ozone.protocolPB.OzoneManagerProtocolServerSideTranslatorPB.submitRequest(OzoneManagerProtocolServerSideTranslatorPB.java:100) [hadoop-ozone-ozone-manager-0.5.0-SNAPSHOT.jar:?]
	at org.apache.hadoop.ozone.protocol.proto.OzoneManagerProtocolProtos$OzoneManagerService$2.callBlockingMethod(OzoneManagerProtocolProtos.java) [hadoop-ozone-common-0.5.0-SNAPSHOT.jar:?]
	at org.apache.hadoop.ipc.ProtobufRpcEngine$Server$ProtoBufRpcInvoker.call(ProtobufRpcEngine.java:524) [hadoop-common-3.2.0.jar:?]
	at org.apache.hadoop.ipc.RPC$Server.call(RPC.java:1025) [hadoop-common-3.2.0.jar:?]
	at org.apache.hadoop.ipc.Server$RpcCall.run(Server.java:876) [hadoop-common-3.2.0.jar:?]
	at org.apache.hadoop.ipc.Server$RpcCall.run(Server.java:822) [hadoop-common-3.2.0.jar:?]
	at java.security.AccessController.doPrivileged(Native Method) [?:1.8.0_222]
	at javax.security.auth.Subject.doAs(Subject.java:422) [?:1.8.0_222]
	at org.apache.hadoop.security.UserGroupInformation.doAs(UserGroupInformation.java:1730) [hadoop-common-3.2.0.jar:?]
	at org.apache.hadoop.ipc.Server$Handler.run(Server.java:2682) [hadoop-common-3.2.0.jar:?]
2019-11-07 15:45:52,024 [Thread-536] INFO  tools.SimpleCopyListing (SimpleCopyListing.java:printStats(608)) - Paths (files+dirs) cnt = 23; dirCnt = 6
2019-11-07 15:45:52,026 [Thread-536] INFO  tools.SimpleCopyListing (SimpleCopyListing.java:doBuildListing(402)) - Build file listing completed.
2019-11-07 15:45:52,038 [Thread-536] INFO  mapred.CopyCommitter (CopyCommitter.java:cleanup(189)) - Cleaning up temporary work folder: file:/tmp/hadoop/mapred/staging/jenkins1000875889146/.staging/_distcp801278333
2019-11-07 15:45:52,047 [Thread-536] INFO  mapred.CopyCommitter (CopyCommitter.java:cleanup(189)) - Cleaning up temporary work folder: file:/tmp/hadoop/mapred/staging/jenkins1000875889146/.staging/_distcp801278333
2019-11-07 15:45:52,048 [Thread-536] WARN  mapred.LocalJobRunner (LocalJobRunner.java:run(590)) - job_local654553226_0002
org.apache.hadoop.tools.CopyListing$DuplicateFileException: File o3fs://bucket01598.volume20997/test/ITestOzoneContractDistCp/testUpdateDeepDirectoryStructureNoChange/remote/outputDir/inputDir/file1 and o3fs://bucket01598.volume20997/test/ITestOzoneContractDistCp/testUpdateDeepDirectoryStructureNoChange/remote/outputDir/inputDir/file1 would cause duplicates. Aborting
	at org.apache.hadoop.tools.CopyListing.validateFinalListing(CopyListing.java:175)
	at org.apache.hadoop.tools.CopyListing.buildListing(CopyListing.java:93)
	at org.apache.hadoop.tools.GlobbedCopyListing.doBuildListing(GlobbedCopyListing.java:89)
	at org.apache.hadoop.tools.CopyListing.buildListing(CopyListing.java:86)
	at org.apache.hadoop.tools.mapred.CopyCommitter.listTargetFiles(CopyCommitter.java:570)
	at org.apache.hadoop.tools.mapred.CopyCommitter.deleteMissing(CopyCommitter.java:409)
	at org.apache.hadoop.tools.mapred.CopyCommitter.commitJob(CopyCommitter.java:121)
	at org.apache.hadoop.mapred.LocalJobRunner$Job.run(LocalJobRunner.java:567)
2019-11-07 15:45:52,439 [Thread-233] INFO  mapreduce.Job (Job.java:monitorAndPrintJob(1640)) - Job job_local654553226_0002 running in uber mode : false
2019-11-07 15:45:52,439 [Thread-233] INFO  mapreduce.Job (Job.java:monitorAndPrintJob(1647)) -  map 100% reduce 0%
2019-11-07 15:45:52,440 [Thread-233] INFO  mapreduce.Job (Job.java:monitorAndPrintJob(1660)) - Job job_local654553226_0002 failed with state FAILED due to: NA
2019-11-07 15:45:52,489 [Thread-233] INFO  mapreduce.Job (Job.java:monitorAndPrintJob(1665)) - Counters: 24
	File System Counters
		FILE: Number of bytes read=4143699
		FILE: Number of bytes written=14744137
		FILE: Number of read operations=0
		FILE: Number of large read operations=0
		FILE: Number of write operations=0
		O3FS: Number of bytes read=0
		O3FS: Number of bytes written=13500
		O3FS: Number of read operations=927
		O3FS: Number of large read operations=0
		O3FS: Number of write operations=171
	Map-Reduce Framework
		Map input records=11
		Map output records=5
		Input split bytes=1404
		Spilled Records=0
		Failed Shuffles=0
		Merged Map outputs=0
		GC time elapsed (ms)=0
		Total committed heap usage (bytes)=18525192192
	File Input Format Counters 
		Bytes Read=28413
	File Output Format Counters 
		Bytes Written=860
	DistCp Counters
		Bandwidth in Btyes=0
		Bytes Skipped=1500
		DIR_COPY=6
		Files Skipped=5
]]></system-out>
    <system-err><![CDATA[ERROR StatusLogger No Log4j 2 configuration file found. Using default configuration (logging only errors to the console), or user programmatically provided configurations. Set system property 'log4j2.debug' to show Log4j 2 internal initialization logging. See https://logging.apache.org/log4j/2.x/manual/configuration.html for instructions on how to configure Log4j 2
]]></system-err>
  </testcase>
  <testcase name="testTrackDeepDirectoryStructureToRemote" classname="org.apache.hadoop.fs.ozone.contract.ITestOzoneContractDistCp" time="4.66">
    <error message="DistCp failure: Job job_local778622519_0004 has failed: NA" type="java.io.IOException">java.io.IOException: DistCp failure: Job job_local778622519_0004 has failed: NA
	at org.apache.hadoop.tools.DistCp.waitForJobCompletion(DistCp.java:230)
	at org.apache.hadoop.tools.DistCp.execute(DistCp.java:185)
	at org.apache.hadoop.tools.contract.AbstractContractDistCpTest.runDistCp(AbstractContractDistCpTest.java:560)
	at org.apache.hadoop.tools.contract.AbstractContractDistCpTest.testTrackDeepDirectoryStructureToRemote(AbstractContractDistCpTest.java:369)
	at sun.reflect.NativeMethodAccessorImpl.invoke0(Native Method)
	at sun.reflect.NativeMethodAccessorImpl.invoke(NativeMethodAccessorImpl.java:62)
	at sun.reflect.DelegatingMethodAccessorImpl.invoke(DelegatingMethodAccessorImpl.java:43)
	at java.lang.reflect.Method.invoke(Method.java:498)
	at org.junit.runners.model.FrameworkMethod$1.runReflectiveCall(FrameworkMethod.java:47)
	at org.junit.internal.runners.model.ReflectiveCallable.run(ReflectiveCallable.java:12)
	at org.junit.runners.model.FrameworkMethod.invokeExplosively(FrameworkMethod.java:44)
	at org.junit.internal.runners.statements.InvokeMethod.evaluate(InvokeMethod.java:17)
	at org.junit.internal.runners.statements.RunBefores.evaluate(RunBefores.java:26)
	at org.junit.internal.runners.statements.RunAfters.evaluate(RunAfters.java:27)
	at org.junit.rules.TestWatcher$1.evaluate(TestWatcher.java:55)
	at org.junit.rules.TestWatcher$1.evaluate(TestWatcher.java:55)
	at org.junit.internal.runners.statements.FailOnTimeout$StatementThread.run(FailOnTimeout.java:74)
</error>
    <system-out><![CDATA[2019-11-07 15:45:52,961 [Thread-592] INFO  Configuration.deprecation (Configuration.java:logDeprecation(1394)) - mapred.job.tracker is deprecated. Instead, use mapreduce.jobtracker.address
2019-11-07 15:45:52,999 [Thread-592] INFO  rpc.RpcClient (RpcClient.java:createVolume(291)) - Creating Volume: volume89802, with user04205 as owner.
2019-11-07 15:45:53,002 [IPC Server handler 1 on 35423] INFO  volume.OMVolumeCreateRequest (OMVolumeCreateRequest.java:validateAndUpdateCache(193)) - created volume:volume89802 for user:user04205
2019-11-07 15:45:53,028 [Thread-592] INFO  rpc.RpcClient (RpcClient.java:createBucket(430)) - Creating Bucket: volume89802/bucket23590, with Versioning false and Storage Type set to DISK and Encryption set to false 
2019-11-07 15:45:53,117 [Thread-592] INFO  contract.AbstractFSContractTestBase (AbstractFSContractTestBase.java:setup(184)) - Test filesystem = o3fs://bucket23590.volume89802 implemented by OzoneFileSystem{URI=o3fs://bucket23590.volume89802, workingDir=o3fs://bucket23590.volume89802/user/jenkins1000, userName=jenkins1000, statistics=0 bytes read, 1500 bytes written, 129 read ops, 0 large read ops, 20 write ops}
15:45:53.209 [IPC Server handler 4 on 35423] ERROR OMAudit - user=jenkins1000 | ip=127.0.0.1 | op=GET_FILE_STATUS {volume=volume89802, bucket=bucket23590, key=test/ITestOzoneContractDistCp/testTrackDeepDirectoryStructureToRemote, dataSize=0, replicationType=null, replicationFactor=null, keyLocationInfo=null} | ret=FAILURE
org.apache.hadoop.ozone.om.exceptions.OMException: Unable to get file status: volume: volume89802 bucket: bucket23590 key: test/ITestOzoneContractDistCp/testTrackDeepDirectoryStructureToRemote
	at org.apache.hadoop.ozone.om.KeyManagerImpl.getFileStatus(KeyManagerImpl.java:1784) ~[hadoop-ozone-ozone-manager-0.5.0-SNAPSHOT.jar:?]
	at org.apache.hadoop.ozone.om.OzoneManager.getFileStatus(OzoneManager.java:2762) ~[hadoop-ozone-ozone-manager-0.5.0-SNAPSHOT.jar:?]
	at org.apache.hadoop.ozone.protocolPB.OzoneManagerRequestHandler.getOzoneFileStatus(OzoneManagerRequestHandler.java:1053) ~[hadoop-ozone-ozone-manager-0.5.0-SNAPSHOT.jar:?]
	at org.apache.hadoop.ozone.protocolPB.OzoneManagerRequestHandler.handle(OzoneManagerRequestHandler.java:340) ~[hadoop-ozone-ozone-manager-0.5.0-SNAPSHOT.jar:?]
	at org.apache.hadoop.ozone.protocolPB.OzoneManagerProtocolServerSideTranslatorPB.submitRequestDirectlyToOM(OzoneManagerProtocolServerSideTranslatorPB.java:208) ~[hadoop-ozone-ozone-manager-0.5.0-SNAPSHOT.jar:?]
	at org.apache.hadoop.ozone.protocolPB.OzoneManagerProtocolServerSideTranslatorPB.processRequest(OzoneManagerProtocolServerSideTranslatorPB.java:132) ~[hadoop-ozone-ozone-manager-0.5.0-SNAPSHOT.jar:?]
	at org.apache.hadoop.hdds.server.OzoneProtocolMessageDispatcher.processRequest(OzoneProtocolMessageDispatcher.java:72) [hadoop-hdds-server-framework-0.5.0-SNAPSHOT.jar:?]
	at org.apache.hadoop.ozone.protocolPB.OzoneManagerProtocolServerSideTranslatorPB.submitRequest(OzoneManagerProtocolServerSideTranslatorPB.java:100) [hadoop-ozone-ozone-manager-0.5.0-SNAPSHOT.jar:?]
	at org.apache.hadoop.ozone.protocol.proto.OzoneManagerProtocolProtos$OzoneManagerService$2.callBlockingMethod(OzoneManagerProtocolProtos.java) [hadoop-ozone-common-0.5.0-SNAPSHOT.jar:?]
	at org.apache.hadoop.ipc.ProtobufRpcEngine$Server$ProtoBufRpcInvoker.call(ProtobufRpcEngine.java:524) [hadoop-common-3.2.0.jar:?]
	at org.apache.hadoop.ipc.RPC$Server.call(RPC.java:1025) [hadoop-common-3.2.0.jar:?]
	at org.apache.hadoop.ipc.Server$RpcCall.run(Server.java:876) [hadoop-common-3.2.0.jar:?]
	at org.apache.hadoop.ipc.Server$RpcCall.run(Server.java:822) [hadoop-common-3.2.0.jar:?]
	at java.security.AccessController.doPrivileged(Native Method) [?:1.8.0_222]
	at javax.security.auth.Subject.doAs(Subject.java:422) [?:1.8.0_222]
	at org.apache.hadoop.security.UserGroupInformation.doAs(UserGroupInformation.java:1730) [hadoop-common-3.2.0.jar:?]
	at org.apache.hadoop.ipc.Server$Handler.run(Server.java:2682) [hadoop-common-3.2.0.jar:?]
2019-11-07 15:45:53,235 [Thread-592] INFO  contract.AbstractFSContractTestBase (AbstractFSContractTestBase.java:describe(255)) - copy a deep directory structure from local to remote
2019-11-07 15:45:53,331 [Thread-592] INFO  impl.MetricsSystemImpl (MetricsSystemImpl.java:init(158)) - JobTracker metrics system started (again)
2019-11-07 15:45:53,342 [Thread-592] INFO  impl.MetricsSystemImpl (MetricsSystemImpl.java:init(158)) - JobTracker metrics system started (again)
15:45:53.353 [IPC Server handler 8 on 35423] ERROR OMAudit - user=jenkins1000 | ip=127.0.0.1 | op=GET_FILE_STATUS {volume=volume89802, bucket=bucket23590, key=test/ITestOzoneContractDistCp/testTrackDeepDirectoryStructureToRemote/remote/outputDir, dataSize=0, replicationType=null, replicationFactor=null, keyLocationInfo=null} | ret=FAILURE
org.apache.hadoop.ozone.om.exceptions.OMException: Unable to get file status: volume: volume89802 bucket: bucket23590 key: test/ITestOzoneContractDistCp/testTrackDeepDirectoryStructureToRemote/remote/outputDir
	at org.apache.hadoop.ozone.om.KeyManagerImpl.getFileStatus(KeyManagerImpl.java:1784) ~[hadoop-ozone-ozone-manager-0.5.0-SNAPSHOT.jar:?]
	at org.apache.hadoop.ozone.om.OzoneManager.getFileStatus(OzoneManager.java:2762) ~[hadoop-ozone-ozone-manager-0.5.0-SNAPSHOT.jar:?]
	at org.apache.hadoop.ozone.protocolPB.OzoneManagerRequestHandler.getOzoneFileStatus(OzoneManagerRequestHandler.java:1053) ~[hadoop-ozone-ozone-manager-0.5.0-SNAPSHOT.jar:?]
	at org.apache.hadoop.ozone.protocolPB.OzoneManagerRequestHandler.handle(OzoneManagerRequestHandler.java:340) ~[hadoop-ozone-ozone-manager-0.5.0-SNAPSHOT.jar:?]
	at org.apache.hadoop.ozone.protocolPB.OzoneManagerProtocolServerSideTranslatorPB.submitRequestDirectlyToOM(OzoneManagerProtocolServerSideTranslatorPB.java:208) ~[hadoop-ozone-ozone-manager-0.5.0-SNAPSHOT.jar:?]
	at org.apache.hadoop.ozone.protocolPB.OzoneManagerProtocolServerSideTranslatorPB.processRequest(OzoneManagerProtocolServerSideTranslatorPB.java:132) ~[hadoop-ozone-ozone-manager-0.5.0-SNAPSHOT.jar:?]
	at org.apache.hadoop.hdds.server.OzoneProtocolMessageDispatcher.processRequest(OzoneProtocolMessageDispatcher.java:72) [hadoop-hdds-server-framework-0.5.0-SNAPSHOT.jar:?]
	at org.apache.hadoop.ozone.protocolPB.OzoneManagerProtocolServerSideTranslatorPB.submitRequest(OzoneManagerProtocolServerSideTranslatorPB.java:100) [hadoop-ozone-ozone-manager-0.5.0-SNAPSHOT.jar:?]
	at org.apache.hadoop.ozone.protocol.proto.OzoneManagerProtocolProtos$OzoneManagerService$2.callBlockingMethod(OzoneManagerProtocolProtos.java) [hadoop-ozone-common-0.5.0-SNAPSHOT.jar:?]
	at org.apache.hadoop.ipc.ProtobufRpcEngine$Server$ProtoBufRpcInvoker.call(ProtobufRpcEngine.java:524) [hadoop-common-3.2.0.jar:?]
	at org.apache.hadoop.ipc.RPC$Server.call(RPC.java:1025) [hadoop-common-3.2.0.jar:?]
	at org.apache.hadoop.ipc.Server$RpcCall.run(Server.java:876) [hadoop-common-3.2.0.jar:?]
	at org.apache.hadoop.ipc.Server$RpcCall.run(Server.java:822) [hadoop-common-3.2.0.jar:?]
	at java.security.AccessController.doPrivileged(Native Method) [?:1.8.0_222]
	at javax.security.auth.Subject.doAs(Subject.java:422) [?:1.8.0_222]
	at org.apache.hadoop.security.UserGroupInformation.doAs(UserGroupInformation.java:1730) [hadoop-common-3.2.0.jar:?]
	at org.apache.hadoop.ipc.Server$Handler.run(Server.java:2682) [hadoop-common-3.2.0.jar:?]
2019-11-07 15:45:53,426 [Thread-592] INFO  tools.SimpleCopyListing (SimpleCopyListing.java:printStats(608)) - Paths (files+dirs) cnt = 11; dirCnt = 6
2019-11-07 15:45:53,426 [Thread-592] INFO  tools.SimpleCopyListing (SimpleCopyListing.java:doBuildListing(402)) - Build file listing completed.
2019-11-07 15:45:53,440 [Thread-592] INFO  tools.DistCp (CopyListing.java:buildListing(94)) - Number of paths in the copy list: 11
2019-11-07 15:45:53,458 [Thread-592] INFO  tools.DistCp (CopyListing.java:buildListing(94)) - Number of paths in the copy list: 11
2019-11-07 15:45:53,459 [Thread-592] INFO  impl.MetricsSystemImpl (MetricsSystemImpl.java:init(158)) - JobTracker metrics system started (again)
2019-11-07 15:45:53,470 [Thread-592] WARN  mapreduce.JobResourceUploader (JobResourceUploader.java:uploadResourcesInternal(147)) - Hadoop command-line option parsing not performed. Implement the Tool interface and execute your application with ToolRunner to remedy this.
2019-11-07 15:45:53,522 [Thread-592] INFO  mapreduce.JobSubmitter (JobSubmitter.java:submitJobInternal(202)) - number of splits:9
2019-11-07 15:45:53,571 [Thread-592] INFO  mapreduce.JobSubmitter (JobSubmitter.java:printTokens(298)) - Submitting tokens for job: job_local1177181672_0003
2019-11-07 15:45:53,571 [Thread-592] INFO  mapreduce.JobSubmitter (JobSubmitter.java:printTokens(299)) - Executing with tokens: []
2019-11-07 15:45:53,665 [Thread-592] INFO  mapreduce.Job (Job.java:submit(1574)) - The url to track the job: http://localhost:8080/
2019-11-07 15:45:53,668 [Thread-656] INFO  mapred.LocalJobRunner (LocalJobRunner.java:createOutputCommitter(501)) - OutputCommitter set in config null
2019-11-07 15:45:53,668 [Thread-592] INFO  tools.DistCp (DistCp.java:createAndSubmitJob(217)) - DistCp job-id: job_local1177181672_0003
2019-11-07 15:45:53,668 [Thread-656] INFO  output.FileOutputCommitter (FileOutputCommitter.java:<init>(140)) - File Output Committer Algorithm version is 2
2019-11-07 15:45:53,668 [Thread-592] INFO  mapreduce.Job (Job.java:monitorAndPrintJob(1619)) - Running job: job_local1177181672_0003
2019-11-07 15:45:53,668 [Thread-656] INFO  output.FileOutputCommitter (FileOutputCommitter.java:<init>(155)) - FileOutputCommitter skip cleanup _temporary folders under output directory:false, ignore cleanup failures: false
2019-11-07 15:45:53,669 [Thread-656] INFO  mapred.LocalJobRunner (LocalJobRunner.java:createOutputCommitter(519)) - OutputCommitter is org.apache.hadoop.tools.mapred.CopyCommitter
2019-11-07 15:45:53,691 [Thread-656] INFO  mapred.LocalJobRunner (LocalJobRunner.java:runTasks(478)) - Waiting for map tasks
2019-11-07 15:45:53,691 [LocalJobRunner Map Task Executor #0] INFO  mapred.LocalJobRunner (LocalJobRunner.java:run(252)) - Starting task: attempt_local1177181672_0003_m_000000_0
2019-11-07 15:45:53,692 [LocalJobRunner Map Task Executor #0] INFO  output.FileOutputCommitter (FileOutputCommitter.java:<init>(140)) - File Output Committer Algorithm version is 2
2019-11-07 15:45:53,692 [LocalJobRunner Map Task Executor #0] INFO  output.FileOutputCommitter (FileOutputCommitter.java:<init>(155)) - FileOutputCommitter skip cleanup _temporary folders under output directory:false, ignore cleanup failures: false
2019-11-07 15:45:53,693 [LocalJobRunner Map Task Executor #0] INFO  mapred.Task (Task.java:initialize(626)) -  Using ResourceCalculatorProcessTree : [ ]
2019-11-07 15:45:53,694 [LocalJobRunner Map Task Executor #0] INFO  mapred.MapTask (MapTask.java:runNewMapper(768)) - Processing split: file:/tmp/hadoop/mapred/staging/jenkins1000121721120/.staging/_distcp-1801277097/fileList.seq:606+860
2019-11-07 15:45:53,694 [LocalJobRunner Map Task Executor #0] INFO  output.FileOutputCommitter (FileOutputCommitter.java:<init>(140)) - File Output Committer Algorithm version is 2
2019-11-07 15:45:53,694 [LocalJobRunner Map Task Executor #0] INFO  output.FileOutputCommitter (FileOutputCommitter.java:<init>(155)) - FileOutputCommitter skip cleanup _temporary folders under output directory:false, ignore cleanup failures: false
15:45:53.715 [IPC Server handler 6 on 35423] ERROR OMAudit - user=jenkins1000 | ip=127.0.0.1 | op=GET_FILE_STATUS {volume=volume89802, bucket=bucket23590, key=test/ITestOzoneContractDistCp/testTrackDeepDirectoryStructureToRemote/remote/outputDir, dataSize=0, replicationType=null, replicationFactor=null, keyLocationInfo=null} | ret=FAILURE
org.apache.hadoop.ozone.om.exceptions.OMException: Unable to get file status: volume: volume89802 bucket: bucket23590 key: test/ITestOzoneContractDistCp/testTrackDeepDirectoryStructureToRemote/remote/outputDir
	at org.apache.hadoop.ozone.om.KeyManagerImpl.getFileStatus(KeyManagerImpl.java:1784) ~[hadoop-ozone-ozone-manager-0.5.0-SNAPSHOT.jar:?]
	at org.apache.hadoop.ozone.om.OzoneManager.getFileStatus(OzoneManager.java:2762) ~[hadoop-ozone-ozone-manager-0.5.0-SNAPSHOT.jar:?]
	at org.apache.hadoop.ozone.protocolPB.OzoneManagerRequestHandler.getOzoneFileStatus(OzoneManagerRequestHandler.java:1053) ~[hadoop-ozone-ozone-manager-0.5.0-SNAPSHOT.jar:?]
	at org.apache.hadoop.ozone.protocolPB.OzoneManagerRequestHandler.handle(OzoneManagerRequestHandler.java:340) ~[hadoop-ozone-ozone-manager-0.5.0-SNAPSHOT.jar:?]
	at org.apache.hadoop.ozone.protocolPB.OzoneManagerProtocolServerSideTranslatorPB.submitRequestDirectlyToOM(OzoneManagerProtocolServerSideTranslatorPB.java:208) ~[hadoop-ozone-ozone-manager-0.5.0-SNAPSHOT.jar:?]
	at org.apache.hadoop.ozone.protocolPB.OzoneManagerProtocolServerSideTranslatorPB.processRequest(OzoneManagerProtocolServerSideTranslatorPB.java:132) ~[hadoop-ozone-ozone-manager-0.5.0-SNAPSHOT.jar:?]
	at org.apache.hadoop.hdds.server.OzoneProtocolMessageDispatcher.processRequest(OzoneProtocolMessageDispatcher.java:72) [hadoop-hdds-server-framework-0.5.0-SNAPSHOT.jar:?]
	at org.apache.hadoop.ozone.protocolPB.OzoneManagerProtocolServerSideTranslatorPB.submitRequest(OzoneManagerProtocolServerSideTranslatorPB.java:100) [hadoop-ozone-ozone-manager-0.5.0-SNAPSHOT.jar:?]
	at org.apache.hadoop.ozone.protocol.proto.OzoneManagerProtocolProtos$OzoneManagerService$2.callBlockingMethod(OzoneManagerProtocolProtos.java) [hadoop-ozone-common-0.5.0-SNAPSHOT.jar:?]
	at org.apache.hadoop.ipc.ProtobufRpcEngine$Server$ProtoBufRpcInvoker.call(ProtobufRpcEngine.java:524) [hadoop-common-3.2.0.jar:?]
	at org.apache.hadoop.ipc.RPC$Server.call(RPC.java:1025) [hadoop-common-3.2.0.jar:?]
	at org.apache.hadoop.ipc.Server$RpcCall.run(Server.java:876) [hadoop-common-3.2.0.jar:?]
	at org.apache.hadoop.ipc.Server$RpcCall.run(Server.java:822) [hadoop-common-3.2.0.jar:?]
	at java.security.AccessController.doPrivileged(Native Method) [?:1.8.0_222]
	at javax.security.auth.Subject.doAs(Subject.java:422) [?:1.8.0_222]
	at org.apache.hadoop.security.UserGroupInformation.doAs(UserGroupInformation.java:1730) [hadoop-common-3.2.0.jar:?]
	at org.apache.hadoop.ipc.Server$Handler.run(Server.java:2682) [hadoop-common-3.2.0.jar:?]
2019-11-07 15:45:53,717 [LocalJobRunner Map Task Executor #0] INFO  mapred.CopyMapper (CopyMapper.java:map(154)) - Copying file:/workdir/hadoop-ozone/ozonefs/target/test-dir/ITestOzoneContractDistCp/testTrackDeepDirectoryStructureToRemote/local/inputDir/subDir2/subDir2/file3 to o3fs://bucket23590.volume89802/test/ITestOzoneContractDistCp/testTrackDeepDirectoryStructureToRemote/remote/outputDir/inputDir/subDir2/subDir2/file3
15:45:53.724 [IPC Server handler 5 on 35423] ERROR OMAudit - user=jenkins1000 | ip=127.0.0.1 | op=GET_FILE_STATUS {volume=volume89802, bucket=bucket23590, key=test/ITestOzoneContractDistCp/testTrackDeepDirectoryStructureToRemote/remote/outputDir/inputDir/subDir2/subDir2/file3, dataSize=0, replicationType=null, replicationFactor=null, keyLocationInfo=null} | ret=FAILURE
org.apache.hadoop.ozone.om.exceptions.OMException: Unable to get file status: volume: volume89802 bucket: bucket23590 key: test/ITestOzoneContractDistCp/testTrackDeepDirectoryStructureToRemote/remote/outputDir/inputDir/subDir2/subDir2/file3
	at org.apache.hadoop.ozone.om.KeyManagerImpl.getFileStatus(KeyManagerImpl.java:1784) ~[hadoop-ozone-ozone-manager-0.5.0-SNAPSHOT.jar:?]
	at org.apache.hadoop.ozone.om.OzoneManager.getFileStatus(OzoneManager.java:2762) ~[hadoop-ozone-ozone-manager-0.5.0-SNAPSHOT.jar:?]
	at org.apache.hadoop.ozone.protocolPB.OzoneManagerRequestHandler.getOzoneFileStatus(OzoneManagerRequestHandler.java:1053) ~[hadoop-ozone-ozone-manager-0.5.0-SNAPSHOT.jar:?]
	at org.apache.hadoop.ozone.protocolPB.OzoneManagerRequestHandler.handle(OzoneManagerRequestHandler.java:340) ~[hadoop-ozone-ozone-manager-0.5.0-SNAPSHOT.jar:?]
	at org.apache.hadoop.ozone.protocolPB.OzoneManagerProtocolServerSideTranslatorPB.submitRequestDirectlyToOM(OzoneManagerProtocolServerSideTranslatorPB.java:208) ~[hadoop-ozone-ozone-manager-0.5.0-SNAPSHOT.jar:?]
	at org.apache.hadoop.ozone.protocolPB.OzoneManagerProtocolServerSideTranslatorPB.processRequest(OzoneManagerProtocolServerSideTranslatorPB.java:132) ~[hadoop-ozone-ozone-manager-0.5.0-SNAPSHOT.jar:?]
	at org.apache.hadoop.hdds.server.OzoneProtocolMessageDispatcher.processRequest(OzoneProtocolMessageDispatcher.java:72) [hadoop-hdds-server-framework-0.5.0-SNAPSHOT.jar:?]
	at org.apache.hadoop.ozone.protocolPB.OzoneManagerProtocolServerSideTranslatorPB.submitRequest(OzoneManagerProtocolServerSideTranslatorPB.java:100) [hadoop-ozone-ozone-manager-0.5.0-SNAPSHOT.jar:?]
	at org.apache.hadoop.ozone.protocol.proto.OzoneManagerProtocolProtos$OzoneManagerService$2.callBlockingMethod(OzoneManagerProtocolProtos.java) [hadoop-ozone-common-0.5.0-SNAPSHOT.jar:?]
	at org.apache.hadoop.ipc.ProtobufRpcEngine$Server$ProtoBufRpcInvoker.call(ProtobufRpcEngine.java:524) [hadoop-common-3.2.0.jar:?]
	at org.apache.hadoop.ipc.RPC$Server.call(RPC.java:1025) [hadoop-common-3.2.0.jar:?]
	at org.apache.hadoop.ipc.Server$RpcCall.run(Server.java:876) [hadoop-common-3.2.0.jar:?]
	at org.apache.hadoop.ipc.Server$RpcCall.run(Server.java:822) [hadoop-common-3.2.0.jar:?]
	at java.security.AccessController.doPrivileged(Native Method) [?:1.8.0_222]
	at javax.security.auth.Subject.doAs(Subject.java:422) [?:1.8.0_222]
	at org.apache.hadoop.security.UserGroupInformation.doAs(UserGroupInformation.java:1730) [hadoop-common-3.2.0.jar:?]
	at org.apache.hadoop.ipc.Server$Handler.run(Server.java:2682) [hadoop-common-3.2.0.jar:?]
2019-11-07 15:45:53,726 [LocalJobRunner Map Task Executor #0] INFO  mapred.RetriableFileCopyCommand (RetriableFileCopyCommand.java:getTmpFile(260)) - Creating temp file: o3fs://bucket23590.volume89802/test/ITestOzoneContractDistCp/testTrackDeepDirectoryStructureToRemote/remote/outputDir/.distcp.tmp.attempt_local1177181672_0003_m_000000_0
15:45:53.876 [IPC Server handler 3 on 35423] ERROR OMAudit - user=jenkins1000 | ip=127.0.0.1 | op=GET_FILE_STATUS {volume=volume89802, bucket=bucket23590, key=test/ITestOzoneContractDistCp/testTrackDeepDirectoryStructureToRemote/remote/outputDir/inputDir/subDir2/subDir2/file3, dataSize=0, replicationType=null, replicationFactor=null, keyLocationInfo=null} | ret=FAILURE
org.apache.hadoop.ozone.om.exceptions.OMException: Unable to get file status: volume: volume89802 bucket: bucket23590 key: test/ITestOzoneContractDistCp/testTrackDeepDirectoryStructureToRemote/remote/outputDir/inputDir/subDir2/subDir2/file3
	at org.apache.hadoop.ozone.om.KeyManagerImpl.getFileStatus(KeyManagerImpl.java:1784) ~[hadoop-ozone-ozone-manager-0.5.0-SNAPSHOT.jar:?]
	at org.apache.hadoop.ozone.om.OzoneManager.getFileStatus(OzoneManager.java:2762) ~[hadoop-ozone-ozone-manager-0.5.0-SNAPSHOT.jar:?]
	at org.apache.hadoop.ozone.protocolPB.OzoneManagerRequestHandler.getOzoneFileStatus(OzoneManagerRequestHandler.java:1053) ~[hadoop-ozone-ozone-manager-0.5.0-SNAPSHOT.jar:?]
	at org.apache.hadoop.ozone.protocolPB.OzoneManagerRequestHandler.handle(OzoneManagerRequestHandler.java:340) ~[hadoop-ozone-ozone-manager-0.5.0-SNAPSHOT.jar:?]
	at org.apache.hadoop.ozone.protocolPB.OzoneManagerProtocolServerSideTranslatorPB.submitRequestDirectlyToOM(OzoneManagerProtocolServerSideTranslatorPB.java:208) ~[hadoop-ozone-ozone-manager-0.5.0-SNAPSHOT.jar:?]
	at org.apache.hadoop.ozone.protocolPB.OzoneManagerProtocolServerSideTranslatorPB.processRequest(OzoneManagerProtocolServerSideTranslatorPB.java:132) ~[hadoop-ozone-ozone-manager-0.5.0-SNAPSHOT.jar:?]
	at org.apache.hadoop.hdds.server.OzoneProtocolMessageDispatcher.processRequest(OzoneProtocolMessageDispatcher.java:72) [hadoop-hdds-server-framework-0.5.0-SNAPSHOT.jar:?]
	at org.apache.hadoop.ozone.protocolPB.OzoneManagerProtocolServerSideTranslatorPB.submitRequest(OzoneManagerProtocolServerSideTranslatorPB.java:100) [hadoop-ozone-ozone-manager-0.5.0-SNAPSHOT.jar:?]
	at org.apache.hadoop.ozone.protocol.proto.OzoneManagerProtocolProtos$OzoneManagerService$2.callBlockingMethod(OzoneManagerProtocolProtos.java) [hadoop-ozone-common-0.5.0-SNAPSHOT.jar:?]
	at org.apache.hadoop.ipc.ProtobufRpcEngine$Server$ProtoBufRpcInvoker.call(ProtobufRpcEngine.java:524) [hadoop-common-3.2.0.jar:?]
	at org.apache.hadoop.ipc.RPC$Server.call(RPC.java:1025) [hadoop-common-3.2.0.jar:?]
	at org.apache.hadoop.ipc.Server$RpcCall.run(Server.java:876) [hadoop-common-3.2.0.jar:?]
	at org.apache.hadoop.ipc.Server$RpcCall.run(Server.java:822) [hadoop-common-3.2.0.jar:?]
	at java.security.AccessController.doPrivileged(Native Method) [?:1.8.0_222]
	at javax.security.auth.Subject.doAs(Subject.java:422) [?:1.8.0_222]
	at org.apache.hadoop.security.UserGroupInformation.doAs(UserGroupInformation.java:1730) [hadoop-common-3.2.0.jar:?]
	at org.apache.hadoop.ipc.Server$Handler.run(Server.java:2682) [hadoop-common-3.2.0.jar:?]
15:45:53.878 [IPC Server handler 9 on 35423] ERROR OMAudit - user=jenkins1000 | ip=127.0.0.1 | op=GET_FILE_STATUS {volume=volume89802, bucket=bucket23590, key=test/ITestOzoneContractDistCp/testTrackDeepDirectoryStructureToRemote/remote/outputDir/inputDir/subDir2/subDir2, dataSize=0, replicationType=null, replicationFactor=null, keyLocationInfo=null} | ret=FAILURE
org.apache.hadoop.ozone.om.exceptions.OMException: Unable to get file status: volume: volume89802 bucket: bucket23590 key: test/ITestOzoneContractDistCp/testTrackDeepDirectoryStructureToRemote/remote/outputDir/inputDir/subDir2/subDir2
	at org.apache.hadoop.ozone.om.KeyManagerImpl.getFileStatus(KeyManagerImpl.java:1784) ~[hadoop-ozone-ozone-manager-0.5.0-SNAPSHOT.jar:?]
	at org.apache.hadoop.ozone.om.OzoneManager.getFileStatus(OzoneManager.java:2762) ~[hadoop-ozone-ozone-manager-0.5.0-SNAPSHOT.jar:?]
	at org.apache.hadoop.ozone.protocolPB.OzoneManagerRequestHandler.getOzoneFileStatus(OzoneManagerRequestHandler.java:1053) ~[hadoop-ozone-ozone-manager-0.5.0-SNAPSHOT.jar:?]
	at org.apache.hadoop.ozone.protocolPB.OzoneManagerRequestHandler.handle(OzoneManagerRequestHandler.java:340) ~[hadoop-ozone-ozone-manager-0.5.0-SNAPSHOT.jar:?]
	at org.apache.hadoop.ozone.protocolPB.OzoneManagerProtocolServerSideTranslatorPB.submitRequestDirectlyToOM(OzoneManagerProtocolServerSideTranslatorPB.java:208) ~[hadoop-ozone-ozone-manager-0.5.0-SNAPSHOT.jar:?]
	at org.apache.hadoop.ozone.protocolPB.OzoneManagerProtocolServerSideTranslatorPB.processRequest(OzoneManagerProtocolServerSideTranslatorPB.java:132) ~[hadoop-ozone-ozone-manager-0.5.0-SNAPSHOT.jar:?]
	at org.apache.hadoop.hdds.server.OzoneProtocolMessageDispatcher.processRequest(OzoneProtocolMessageDispatcher.java:72) [hadoop-hdds-server-framework-0.5.0-SNAPSHOT.jar:?]
	at org.apache.hadoop.ozone.protocolPB.OzoneManagerProtocolServerSideTranslatorPB.submitRequest(OzoneManagerProtocolServerSideTranslatorPB.java:100) [hadoop-ozone-ozone-manager-0.5.0-SNAPSHOT.jar:?]
	at org.apache.hadoop.ozone.protocol.proto.OzoneManagerProtocolProtos$OzoneManagerService$2.callBlockingMethod(OzoneManagerProtocolProtos.java) [hadoop-ozone-common-0.5.0-SNAPSHOT.jar:?]
	at org.apache.hadoop.ipc.ProtobufRpcEngine$Server$ProtoBufRpcInvoker.call(ProtobufRpcEngine.java:524) [hadoop-common-3.2.0.jar:?]
	at org.apache.hadoop.ipc.RPC$Server.call(RPC.java:1025) [hadoop-common-3.2.0.jar:?]
	at org.apache.hadoop.ipc.Server$RpcCall.run(Server.java:876) [hadoop-common-3.2.0.jar:?]
	at org.apache.hadoop.ipc.Server$RpcCall.run(Server.java:822) [hadoop-common-3.2.0.jar:?]
	at java.security.AccessController.doPrivileged(Native Method) [?:1.8.0_222]
	at javax.security.auth.Subject.doAs(Subject.java:422) [?:1.8.0_222]
	at org.apache.hadoop.security.UserGroupInformation.doAs(UserGroupInformation.java:1730) [hadoop-common-3.2.0.jar:?]
	at org.apache.hadoop.ipc.Server$Handler.run(Server.java:2682) [hadoop-common-3.2.0.jar:?]
15:45:53.908 [IPC Server handler 13 on 35423] ERROR OMAudit - user=jenkins1000 | ip=127.0.0.1 | op=GET_FILE_STATUS {volume=volume89802, bucket=bucket23590, key=test/ITestOzoneContractDistCp/testTrackDeepDirectoryStructureToRemote/remote/outputDir/inputDir/subDir2/subDir2/file3, dataSize=0, replicationType=null, replicationFactor=null, keyLocationInfo=null} | ret=FAILURE
org.apache.hadoop.ozone.om.exceptions.OMException: Unable to get file status: volume: volume89802 bucket: bucket23590 key: test/ITestOzoneContractDistCp/testTrackDeepDirectoryStructureToRemote/remote/outputDir/inputDir/subDir2/subDir2/file3
	at org.apache.hadoop.ozone.om.KeyManagerImpl.getFileStatus(KeyManagerImpl.java:1784) ~[hadoop-ozone-ozone-manager-0.5.0-SNAPSHOT.jar:?]
	at org.apache.hadoop.ozone.om.OzoneManager.getFileStatus(OzoneManager.java:2762) ~[hadoop-ozone-ozone-manager-0.5.0-SNAPSHOT.jar:?]
	at org.apache.hadoop.ozone.protocolPB.OzoneManagerRequestHandler.getOzoneFileStatus(OzoneManagerRequestHandler.java:1053) ~[hadoop-ozone-ozone-manager-0.5.0-SNAPSHOT.jar:?]
	at org.apache.hadoop.ozone.protocolPB.OzoneManagerRequestHandler.handle(OzoneManagerRequestHandler.java:340) ~[hadoop-ozone-ozone-manager-0.5.0-SNAPSHOT.jar:?]
	at org.apache.hadoop.ozone.protocolPB.OzoneManagerProtocolServerSideTranslatorPB.submitRequestDirectlyToOM(OzoneManagerProtocolServerSideTranslatorPB.java:208) ~[hadoop-ozone-ozone-manager-0.5.0-SNAPSHOT.jar:?]
	at org.apache.hadoop.ozone.protocolPB.OzoneManagerProtocolServerSideTranslatorPB.processRequest(OzoneManagerProtocolServerSideTranslatorPB.java:132) ~[hadoop-ozone-ozone-manager-0.5.0-SNAPSHOT.jar:?]
	at org.apache.hadoop.hdds.server.OzoneProtocolMessageDispatcher.processRequest(OzoneProtocolMessageDispatcher.java:72) [hadoop-hdds-server-framework-0.5.0-SNAPSHOT.jar:?]
	at org.apache.hadoop.ozone.protocolPB.OzoneManagerProtocolServerSideTranslatorPB.submitRequest(OzoneManagerProtocolServerSideTranslatorPB.java:100) [hadoop-ozone-ozone-manager-0.5.0-SNAPSHOT.jar:?]
	at org.apache.hadoop.ozone.protocol.proto.OzoneManagerProtocolProtos$OzoneManagerService$2.callBlockingMethod(OzoneManagerProtocolProtos.java) [hadoop-ozone-common-0.5.0-SNAPSHOT.jar:?]
	at org.apache.hadoop.ipc.ProtobufRpcEngine$Server$ProtoBufRpcInvoker.call(ProtobufRpcEngine.java:524) [hadoop-common-3.2.0.jar:?]
	at org.apache.hadoop.ipc.RPC$Server.call(RPC.java:1025) [hadoop-common-3.2.0.jar:?]
	at org.apache.hadoop.ipc.Server$RpcCall.run(Server.java:876) [hadoop-common-3.2.0.jar:?]
	at org.apache.hadoop.ipc.Server$RpcCall.run(Server.java:822) [hadoop-common-3.2.0.jar:?]
	at java.security.AccessController.doPrivileged(Native Method) [?:1.8.0_222]
	at javax.security.auth.Subject.doAs(Subject.java:422) [?:1.8.0_222]
	at org.apache.hadoop.security.UserGroupInformation.doAs(UserGroupInformation.java:1730) [hadoop-common-3.2.0.jar:?]
	at org.apache.hadoop.ipc.Server$Handler.run(Server.java:2682) [hadoop-common-3.2.0.jar:?]
15:45:53.944 [IPC Server handler 19 on 35423] ERROR OMAudit - user=jenkins1000 | ip=127.0.0.1 | op=GET_FILE_STATUS {volume=volume89802, bucket=bucket23590, key=test/ITestOzoneContractDistCp/testTrackDeepDirectoryStructureToRemote/remote/outputDir/.distcp.tmp.attempt_local1177181672_0003_m_000000_0, dataSize=0, replicationType=null, replicationFactor=null, keyLocationInfo=null} | ret=FAILURE
org.apache.hadoop.ozone.om.exceptions.OMException: Unable to get file status: volume: volume89802 bucket: bucket23590 key: test/ITestOzoneContractDistCp/testTrackDeepDirectoryStructureToRemote/remote/outputDir/.distcp.tmp.attempt_local1177181672_0003_m_000000_0
	at org.apache.hadoop.ozone.om.KeyManagerImpl.getFileStatus(KeyManagerImpl.java:1784) ~[hadoop-ozone-ozone-manager-0.5.0-SNAPSHOT.jar:?]
	at org.apache.hadoop.ozone.om.OzoneManager.getFileStatus(OzoneManager.java:2762) ~[hadoop-ozone-ozone-manager-0.5.0-SNAPSHOT.jar:?]
	at org.apache.hadoop.ozone.protocolPB.OzoneManagerRequestHandler.getOzoneFileStatus(OzoneManagerRequestHandler.java:1053) ~[hadoop-ozone-ozone-manager-0.5.0-SNAPSHOT.jar:?]
	at org.apache.hadoop.ozone.protocolPB.OzoneManagerRequestHandler.handle(OzoneManagerRequestHandler.java:340) ~[hadoop-ozone-ozone-manager-0.5.0-SNAPSHOT.jar:?]
	at org.apache.hadoop.ozone.protocolPB.OzoneManagerProtocolServerSideTranslatorPB.submitRequestDirectlyToOM(OzoneManagerProtocolServerSideTranslatorPB.java:208) ~[hadoop-ozone-ozone-manager-0.5.0-SNAPSHOT.jar:?]
	at org.apache.hadoop.ozone.protocolPB.OzoneManagerProtocolServerSideTranslatorPB.processRequest(OzoneManagerProtocolServerSideTranslatorPB.java:132) ~[hadoop-ozone-ozone-manager-0.5.0-SNAPSHOT.jar:?]
	at org.apache.hadoop.hdds.server.OzoneProtocolMessageDispatcher.processRequest(OzoneProtocolMessageDispatcher.java:72) [hadoop-hdds-server-framework-0.5.0-SNAPSHOT.jar:?]
	at org.apache.hadoop.ozone.protocolPB.OzoneManagerProtocolServerSideTranslatorPB.submitRequest(OzoneManagerProtocolServerSideTranslatorPB.java:100) [hadoop-ozone-ozone-manager-0.5.0-SNAPSHOT.jar:?]
	at org.apache.hadoop.ozone.protocol.proto.OzoneManagerProtocolProtos$OzoneManagerService$2.callBlockingMethod(OzoneManagerProtocolProtos.java) [hadoop-ozone-common-0.5.0-SNAPSHOT.jar:?]
	at org.apache.hadoop.ipc.ProtobufRpcEngine$Server$ProtoBufRpcInvoker.call(ProtobufRpcEngine.java:524) [hadoop-common-3.2.0.jar:?]
	at org.apache.hadoop.ipc.RPC$Server.call(RPC.java:1025) [hadoop-common-3.2.0.jar:?]
	at org.apache.hadoop.ipc.Server$RpcCall.run(Server.java:876) [hadoop-common-3.2.0.jar:?]
	at org.apache.hadoop.ipc.Server$RpcCall.run(Server.java:822) [hadoop-common-3.2.0.jar:?]
	at java.security.AccessController.doPrivileged(Native Method) [?:1.8.0_222]
	at javax.security.auth.Subject.doAs(Subject.java:422) [?:1.8.0_222]
	at org.apache.hadoop.security.UserGroupInformation.doAs(UserGroupInformation.java:1730) [hadoop-common-3.2.0.jar:?]
	at org.apache.hadoop.ipc.Server$Handler.run(Server.java:2682) [hadoop-common-3.2.0.jar:?]
2019-11-07 15:45:53,945 [LocalJobRunner Map Task Executor #0] WARN  ozone.BasicOzoneFileSystem (BasicOzoneFileSystem.java:delete(444)) - delete: Path does not exist: o3fs://bucket23590.volume89802/test/ITestOzoneContractDistCp/testTrackDeepDirectoryStructureToRemote/remote/outputDir/.distcp.tmp.attempt_local1177181672_0003_m_000000_0
2019-11-07 15:45:53,947 [LocalJobRunner Map Task Executor #0] INFO  mapred.CopyMapper (CopyMapper.java:map(154)) - Copying file:/workdir/hadoop-ozone/ozonefs/target/test-dir/ITestOzoneContractDistCp/testTrackDeepDirectoryStructureToRemote/local/inputDir/subDir1/file2 to o3fs://bucket23590.volume89802/test/ITestOzoneContractDistCp/testTrackDeepDirectoryStructureToRemote/remote/outputDir/inputDir/subDir1/file2
15:45:53.956 [IPC Server handler 10 on 35423] ERROR OMAudit - user=jenkins1000 | ip=127.0.0.1 | op=GET_FILE_STATUS {volume=volume89802, bucket=bucket23590, key=test/ITestOzoneContractDistCp/testTrackDeepDirectoryStructureToRemote/remote/outputDir/inputDir/subDir1/file2, dataSize=0, replicationType=null, replicationFactor=null, keyLocationInfo=null} | ret=FAILURE
org.apache.hadoop.ozone.om.exceptions.OMException: Unable to get file status: volume: volume89802 bucket: bucket23590 key: test/ITestOzoneContractDistCp/testTrackDeepDirectoryStructureToRemote/remote/outputDir/inputDir/subDir1/file2
	at org.apache.hadoop.ozone.om.KeyManagerImpl.getFileStatus(KeyManagerImpl.java:1784) ~[hadoop-ozone-ozone-manager-0.5.0-SNAPSHOT.jar:?]
	at org.apache.hadoop.ozone.om.OzoneManager.getFileStatus(OzoneManager.java:2762) ~[hadoop-ozone-ozone-manager-0.5.0-SNAPSHOT.jar:?]
	at org.apache.hadoop.ozone.protocolPB.OzoneManagerRequestHandler.getOzoneFileStatus(OzoneManagerRequestHandler.java:1053) ~[hadoop-ozone-ozone-manager-0.5.0-SNAPSHOT.jar:?]
	at org.apache.hadoop.ozone.protocolPB.OzoneManagerRequestHandler.handle(OzoneManagerRequestHandler.java:340) ~[hadoop-ozone-ozone-manager-0.5.0-SNAPSHOT.jar:?]
	at org.apache.hadoop.ozone.protocolPB.OzoneManagerProtocolServerSideTranslatorPB.submitRequestDirectlyToOM(OzoneManagerProtocolServerSideTranslatorPB.java:208) ~[hadoop-ozone-ozone-manager-0.5.0-SNAPSHOT.jar:?]
	at org.apache.hadoop.ozone.protocolPB.OzoneManagerProtocolServerSideTranslatorPB.processRequest(OzoneManagerProtocolServerSideTranslatorPB.java:132) ~[hadoop-ozone-ozone-manager-0.5.0-SNAPSHOT.jar:?]
	at org.apache.hadoop.hdds.server.OzoneProtocolMessageDispatcher.processRequest(OzoneProtocolMessageDispatcher.java:72) [hadoop-hdds-server-framework-0.5.0-SNAPSHOT.jar:?]
	at org.apache.hadoop.ozone.protocolPB.OzoneManagerProtocolServerSideTranslatorPB.submitRequest(OzoneManagerProtocolServerSideTranslatorPB.java:100) [hadoop-ozone-ozone-manager-0.5.0-SNAPSHOT.jar:?]
	at org.apache.hadoop.ozone.protocol.proto.OzoneManagerProtocolProtos$OzoneManagerService$2.callBlockingMethod(OzoneManagerProtocolProtos.java) [hadoop-ozone-common-0.5.0-SNAPSHOT.jar:?]
	at org.apache.hadoop.ipc.ProtobufRpcEngine$Server$ProtoBufRpcInvoker.call(ProtobufRpcEngine.java:524) [hadoop-common-3.2.0.jar:?]
	at org.apache.hadoop.ipc.RPC$Server.call(RPC.java:1025) [hadoop-common-3.2.0.jar:?]
	at org.apache.hadoop.ipc.Server$RpcCall.run(Server.java:876) [hadoop-common-3.2.0.jar:?]
	at org.apache.hadoop.ipc.Server$RpcCall.run(Server.java:822) [hadoop-common-3.2.0.jar:?]
	at java.security.AccessController.doPrivileged(Native Method) [?:1.8.0_222]
	at javax.security.auth.Subject.doAs(Subject.java:422) [?:1.8.0_222]
	at org.apache.hadoop.security.UserGroupInformation.doAs(UserGroupInformation.java:1730) [hadoop-common-3.2.0.jar:?]
	at org.apache.hadoop.ipc.Server$Handler.run(Server.java:2682) [hadoop-common-3.2.0.jar:?]
2019-11-07 15:45:53,957 [LocalJobRunner Map Task Executor #0] INFO  mapred.RetriableFileCopyCommand (RetriableFileCopyCommand.java:getTmpFile(260)) - Creating temp file: o3fs://bucket23590.volume89802/test/ITestOzoneContractDistCp/testTrackDeepDirectoryStructureToRemote/remote/outputDir/.distcp.tmp.attempt_local1177181672_0003_m_000000_0
15:45:54.064 [IPC Server handler 7 on 35423] ERROR OMAudit - user=jenkins1000 | ip=127.0.0.1 | op=GET_FILE_STATUS {volume=volume89802, bucket=bucket23590, key=test/ITestOzoneContractDistCp/testTrackDeepDirectoryStructureToRemote/remote/outputDir/inputDir/subDir1/file2, dataSize=0, replicationType=null, replicationFactor=null, keyLocationInfo=null} | ret=FAILURE
org.apache.hadoop.ozone.om.exceptions.OMException: Unable to get file status: volume: volume89802 bucket: bucket23590 key: test/ITestOzoneContractDistCp/testTrackDeepDirectoryStructureToRemote/remote/outputDir/inputDir/subDir1/file2
	at org.apache.hadoop.ozone.om.KeyManagerImpl.getFileStatus(KeyManagerImpl.java:1784) ~[hadoop-ozone-ozone-manager-0.5.0-SNAPSHOT.jar:?]
	at org.apache.hadoop.ozone.om.OzoneManager.getFileStatus(OzoneManager.java:2762) ~[hadoop-ozone-ozone-manager-0.5.0-SNAPSHOT.jar:?]
	at org.apache.hadoop.ozone.protocolPB.OzoneManagerRequestHandler.getOzoneFileStatus(OzoneManagerRequestHandler.java:1053) ~[hadoop-ozone-ozone-manager-0.5.0-SNAPSHOT.jar:?]
	at org.apache.hadoop.ozone.protocolPB.OzoneManagerRequestHandler.handle(OzoneManagerRequestHandler.java:340) ~[hadoop-ozone-ozone-manager-0.5.0-SNAPSHOT.jar:?]
	at org.apache.hadoop.ozone.protocolPB.OzoneManagerProtocolServerSideTranslatorPB.submitRequestDirectlyToOM(OzoneManagerProtocolServerSideTranslatorPB.java:208) ~[hadoop-ozone-ozone-manager-0.5.0-SNAPSHOT.jar:?]
	at org.apache.hadoop.ozone.protocolPB.OzoneManagerProtocolServerSideTranslatorPB.processRequest(OzoneManagerProtocolServerSideTranslatorPB.java:132) ~[hadoop-ozone-ozone-manager-0.5.0-SNAPSHOT.jar:?]
	at org.apache.hadoop.hdds.server.OzoneProtocolMessageDispatcher.processRequest(OzoneProtocolMessageDispatcher.java:72) [hadoop-hdds-server-framework-0.5.0-SNAPSHOT.jar:?]
	at org.apache.hadoop.ozone.protocolPB.OzoneManagerProtocolServerSideTranslatorPB.submitRequest(OzoneManagerProtocolServerSideTranslatorPB.java:100) [hadoop-ozone-ozone-manager-0.5.0-SNAPSHOT.jar:?]
	at org.apache.hadoop.ozone.protocol.proto.OzoneManagerProtocolProtos$OzoneManagerService$2.callBlockingMethod(OzoneManagerProtocolProtos.java) [hadoop-ozone-common-0.5.0-SNAPSHOT.jar:?]
	at org.apache.hadoop.ipc.ProtobufRpcEngine$Server$ProtoBufRpcInvoker.call(ProtobufRpcEngine.java:524) [hadoop-common-3.2.0.jar:?]
	at org.apache.hadoop.ipc.RPC$Server.call(RPC.java:1025) [hadoop-common-3.2.0.jar:?]
	at org.apache.hadoop.ipc.Server$RpcCall.run(Server.java:876) [hadoop-common-3.2.0.jar:?]
	at org.apache.hadoop.ipc.Server$RpcCall.run(Server.java:822) [hadoop-common-3.2.0.jar:?]
	at java.security.AccessController.doPrivileged(Native Method) [?:1.8.0_222]
	at javax.security.auth.Subject.doAs(Subject.java:422) [?:1.8.0_222]
	at org.apache.hadoop.security.UserGroupInformation.doAs(UserGroupInformation.java:1730) [hadoop-common-3.2.0.jar:?]
	at org.apache.hadoop.ipc.Server$Handler.run(Server.java:2682) [hadoop-common-3.2.0.jar:?]
15:45:54.066 [IPC Server handler 8 on 35423] ERROR OMAudit - user=jenkins1000 | ip=127.0.0.1 | op=GET_FILE_STATUS {volume=volume89802, bucket=bucket23590, key=test/ITestOzoneContractDistCp/testTrackDeepDirectoryStructureToRemote/remote/outputDir/inputDir/subDir1, dataSize=0, replicationType=null, replicationFactor=null, keyLocationInfo=null} | ret=FAILURE
org.apache.hadoop.ozone.om.exceptions.OMException: Unable to get file status: volume: volume89802 bucket: bucket23590 key: test/ITestOzoneContractDistCp/testTrackDeepDirectoryStructureToRemote/remote/outputDir/inputDir/subDir1
	at org.apache.hadoop.ozone.om.KeyManagerImpl.getFileStatus(KeyManagerImpl.java:1784) ~[hadoop-ozone-ozone-manager-0.5.0-SNAPSHOT.jar:?]
	at org.apache.hadoop.ozone.om.OzoneManager.getFileStatus(OzoneManager.java:2762) ~[hadoop-ozone-ozone-manager-0.5.0-SNAPSHOT.jar:?]
	at org.apache.hadoop.ozone.protocolPB.OzoneManagerRequestHandler.getOzoneFileStatus(OzoneManagerRequestHandler.java:1053) ~[hadoop-ozone-ozone-manager-0.5.0-SNAPSHOT.jar:?]
	at org.apache.hadoop.ozone.protocolPB.OzoneManagerRequestHandler.handle(OzoneManagerRequestHandler.java:340) ~[hadoop-ozone-ozone-manager-0.5.0-SNAPSHOT.jar:?]
	at org.apache.hadoop.ozone.protocolPB.OzoneManagerProtocolServerSideTranslatorPB.submitRequestDirectlyToOM(OzoneManagerProtocolServerSideTranslatorPB.java:208) ~[hadoop-ozone-ozone-manager-0.5.0-SNAPSHOT.jar:?]
	at org.apache.hadoop.ozone.protocolPB.OzoneManagerProtocolServerSideTranslatorPB.processRequest(OzoneManagerProtocolServerSideTranslatorPB.java:132) ~[hadoop-ozone-ozone-manager-0.5.0-SNAPSHOT.jar:?]
	at org.apache.hadoop.hdds.server.OzoneProtocolMessageDispatcher.processRequest(OzoneProtocolMessageDispatcher.java:72) [hadoop-hdds-server-framework-0.5.0-SNAPSHOT.jar:?]
	at org.apache.hadoop.ozone.protocolPB.OzoneManagerProtocolServerSideTranslatorPB.submitRequest(OzoneManagerProtocolServerSideTranslatorPB.java:100) [hadoop-ozone-ozone-manager-0.5.0-SNAPSHOT.jar:?]
	at org.apache.hadoop.ozone.protocol.proto.OzoneManagerProtocolProtos$OzoneManagerService$2.callBlockingMethod(OzoneManagerProtocolProtos.java) [hadoop-ozone-common-0.5.0-SNAPSHOT.jar:?]
	at org.apache.hadoop.ipc.ProtobufRpcEngine$Server$ProtoBufRpcInvoker.call(ProtobufRpcEngine.java:524) [hadoop-common-3.2.0.jar:?]
	at org.apache.hadoop.ipc.RPC$Server.call(RPC.java:1025) [hadoop-common-3.2.0.jar:?]
	at org.apache.hadoop.ipc.Server$RpcCall.run(Server.java:876) [hadoop-common-3.2.0.jar:?]
	at org.apache.hadoop.ipc.Server$RpcCall.run(Server.java:822) [hadoop-common-3.2.0.jar:?]
	at java.security.AccessController.doPrivileged(Native Method) [?:1.8.0_222]
	at javax.security.auth.Subject.doAs(Subject.java:422) [?:1.8.0_222]
	at org.apache.hadoop.security.UserGroupInformation.doAs(UserGroupInformation.java:1730) [hadoop-common-3.2.0.jar:?]
	at org.apache.hadoop.ipc.Server$Handler.run(Server.java:2682) [hadoop-common-3.2.0.jar:?]
15:45:54.096 [IPC Server handler 2 on 35423] ERROR OMAudit - user=jenkins1000 | ip=127.0.0.1 | op=GET_FILE_STATUS {volume=volume89802, bucket=bucket23590, key=test/ITestOzoneContractDistCp/testTrackDeepDirectoryStructureToRemote/remote/outputDir/inputDir/subDir1/file2, dataSize=0, replicationType=null, replicationFactor=null, keyLocationInfo=null} | ret=FAILURE
org.apache.hadoop.ozone.om.exceptions.OMException: Unable to get file status: volume: volume89802 bucket: bucket23590 key: test/ITestOzoneContractDistCp/testTrackDeepDirectoryStructureToRemote/remote/outputDir/inputDir/subDir1/file2
	at org.apache.hadoop.ozone.om.KeyManagerImpl.getFileStatus(KeyManagerImpl.java:1784) ~[hadoop-ozone-ozone-manager-0.5.0-SNAPSHOT.jar:?]
	at org.apache.hadoop.ozone.om.OzoneManager.getFileStatus(OzoneManager.java:2762) ~[hadoop-ozone-ozone-manager-0.5.0-SNAPSHOT.jar:?]
	at org.apache.hadoop.ozone.protocolPB.OzoneManagerRequestHandler.getOzoneFileStatus(OzoneManagerRequestHandler.java:1053) ~[hadoop-ozone-ozone-manager-0.5.0-SNAPSHOT.jar:?]
	at org.apache.hadoop.ozone.protocolPB.OzoneManagerRequestHandler.handle(OzoneManagerRequestHandler.java:340) ~[hadoop-ozone-ozone-manager-0.5.0-SNAPSHOT.jar:?]
	at org.apache.hadoop.ozone.protocolPB.OzoneManagerProtocolServerSideTranslatorPB.submitRequestDirectlyToOM(OzoneManagerProtocolServerSideTranslatorPB.java:208) ~[hadoop-ozone-ozone-manager-0.5.0-SNAPSHOT.jar:?]
	at org.apache.hadoop.ozone.protocolPB.OzoneManagerProtocolServerSideTranslatorPB.processRequest(OzoneManagerProtocolServerSideTranslatorPB.java:132) ~[hadoop-ozone-ozone-manager-0.5.0-SNAPSHOT.jar:?]
	at org.apache.hadoop.hdds.server.OzoneProtocolMessageDispatcher.processRequest(OzoneProtocolMessageDispatcher.java:72) [hadoop-hdds-server-framework-0.5.0-SNAPSHOT.jar:?]
	at org.apache.hadoop.ozone.protocolPB.OzoneManagerProtocolServerSideTranslatorPB.submitRequest(OzoneManagerProtocolServerSideTranslatorPB.java:100) [hadoop-ozone-ozone-manager-0.5.0-SNAPSHOT.jar:?]
	at org.apache.hadoop.ozone.protocol.proto.OzoneManagerProtocolProtos$OzoneManagerService$2.callBlockingMethod(OzoneManagerProtocolProtos.java) [hadoop-ozone-common-0.5.0-SNAPSHOT.jar:?]
	at org.apache.hadoop.ipc.ProtobufRpcEngine$Server$ProtoBufRpcInvoker.call(ProtobufRpcEngine.java:524) [hadoop-common-3.2.0.jar:?]
	at org.apache.hadoop.ipc.RPC$Server.call(RPC.java:1025) [hadoop-common-3.2.0.jar:?]
	at org.apache.hadoop.ipc.Server$RpcCall.run(Server.java:876) [hadoop-common-3.2.0.jar:?]
	at org.apache.hadoop.ipc.Server$RpcCall.run(Server.java:822) [hadoop-common-3.2.0.jar:?]
	at java.security.AccessController.doPrivileged(Native Method) [?:1.8.0_222]
	at javax.security.auth.Subject.doAs(Subject.java:422) [?:1.8.0_222]
	at org.apache.hadoop.security.UserGroupInformation.doAs(UserGroupInformation.java:1730) [hadoop-common-3.2.0.jar:?]
	at org.apache.hadoop.ipc.Server$Handler.run(Server.java:2682) [hadoop-common-3.2.0.jar:?]
15:45:54.129 [IPC Server handler 13 on 35423] ERROR OMAudit - user=jenkins1000 | ip=127.0.0.1 | op=GET_FILE_STATUS {volume=volume89802, bucket=bucket23590, key=test/ITestOzoneContractDistCp/testTrackDeepDirectoryStructureToRemote/remote/outputDir/.distcp.tmp.attempt_local1177181672_0003_m_000000_0, dataSize=0, replicationType=null, replicationFactor=null, keyLocationInfo=null} | ret=FAILURE
org.apache.hadoop.ozone.om.exceptions.OMException: Unable to get file status: volume: volume89802 bucket: bucket23590 key: test/ITestOzoneContractDistCp/testTrackDeepDirectoryStructureToRemote/remote/outputDir/.distcp.tmp.attempt_local1177181672_0003_m_000000_0
	at org.apache.hadoop.ozone.om.KeyManagerImpl.getFileStatus(KeyManagerImpl.java:1784) ~[hadoop-ozone-ozone-manager-0.5.0-SNAPSHOT.jar:?]
	at org.apache.hadoop.ozone.om.OzoneManager.getFileStatus(OzoneManager.java:2762) ~[hadoop-ozone-ozone-manager-0.5.0-SNAPSHOT.jar:?]
	at org.apache.hadoop.ozone.protocolPB.OzoneManagerRequestHandler.getOzoneFileStatus(OzoneManagerRequestHandler.java:1053) ~[hadoop-ozone-ozone-manager-0.5.0-SNAPSHOT.jar:?]
	at org.apache.hadoop.ozone.protocolPB.OzoneManagerRequestHandler.handle(OzoneManagerRequestHandler.java:340) ~[hadoop-ozone-ozone-manager-0.5.0-SNAPSHOT.jar:?]
	at org.apache.hadoop.ozone.protocolPB.OzoneManagerProtocolServerSideTranslatorPB.submitRequestDirectlyToOM(OzoneManagerProtocolServerSideTranslatorPB.java:208) ~[hadoop-ozone-ozone-manager-0.5.0-SNAPSHOT.jar:?]
	at org.apache.hadoop.ozone.protocolPB.OzoneManagerProtocolServerSideTranslatorPB.processRequest(OzoneManagerProtocolServerSideTranslatorPB.java:132) ~[hadoop-ozone-ozone-manager-0.5.0-SNAPSHOT.jar:?]
	at org.apache.hadoop.hdds.server.OzoneProtocolMessageDispatcher.processRequest(OzoneProtocolMessageDispatcher.java:72) [hadoop-hdds-server-framework-0.5.0-SNAPSHOT.jar:?]
	at org.apache.hadoop.ozone.protocolPB.OzoneManagerProtocolServerSideTranslatorPB.submitRequest(OzoneManagerProtocolServerSideTranslatorPB.java:100) [hadoop-ozone-ozone-manager-0.5.0-SNAPSHOT.jar:?]
	at org.apache.hadoop.ozone.protocol.proto.OzoneManagerProtocolProtos$OzoneManagerService$2.callBlockingMethod(OzoneManagerProtocolProtos.java) [hadoop-ozone-common-0.5.0-SNAPSHOT.jar:?]
	at org.apache.hadoop.ipc.ProtobufRpcEngine$Server$ProtoBufRpcInvoker.call(ProtobufRpcEngine.java:524) [hadoop-common-3.2.0.jar:?]
	at org.apache.hadoop.ipc.RPC$Server.call(RPC.java:1025) [hadoop-common-3.2.0.jar:?]
	at org.apache.hadoop.ipc.Server$RpcCall.run(Server.java:876) [hadoop-common-3.2.0.jar:?]
	at org.apache.hadoop.ipc.Server$RpcCall.run(Server.java:822) [hadoop-common-3.2.0.jar:?]
	at java.security.AccessController.doPrivileged(Native Method) [?:1.8.0_222]
	at javax.security.auth.Subject.doAs(Subject.java:422) [?:1.8.0_222]
	at org.apache.hadoop.security.UserGroupInformation.doAs(UserGroupInformation.java:1730) [hadoop-common-3.2.0.jar:?]
	at org.apache.hadoop.ipc.Server$Handler.run(Server.java:2682) [hadoop-common-3.2.0.jar:?]
2019-11-07 15:45:54,130 [LocalJobRunner Map Task Executor #0] WARN  ozone.BasicOzoneFileSystem (BasicOzoneFileSystem.java:delete(444)) - delete: Path does not exist: o3fs://bucket23590.volume89802/test/ITestOzoneContractDistCp/testTrackDeepDirectoryStructureToRemote/remote/outputDir/.distcp.tmp.attempt_local1177181672_0003_m_000000_0
2019-11-07 15:45:54,131 [LocalJobRunner Map Task Executor #0] INFO  mapred.CopyMapper (CopyMapper.java:map(154)) - Copying file:/workdir/hadoop-ozone/ozonefs/target/test-dir/ITestOzoneContractDistCp/testTrackDeepDirectoryStructureToRemote/local/inputDir/subDir4/subDir4/file4 to o3fs://bucket23590.volume89802/test/ITestOzoneContractDistCp/testTrackDeepDirectoryStructureToRemote/remote/outputDir/inputDir/subDir4/subDir4/file4
15:45:54.139 [IPC Server handler 14 on 35423] ERROR OMAudit - user=jenkins1000 | ip=127.0.0.1 | op=GET_FILE_STATUS {volume=volume89802, bucket=bucket23590, key=test/ITestOzoneContractDistCp/testTrackDeepDirectoryStructureToRemote/remote/outputDir/inputDir/subDir4/subDir4/file4, dataSize=0, replicationType=null, replicationFactor=null, keyLocationInfo=null} | ret=FAILURE
org.apache.hadoop.ozone.om.exceptions.OMException: Unable to get file status: volume: volume89802 bucket: bucket23590 key: test/ITestOzoneContractDistCp/testTrackDeepDirectoryStructureToRemote/remote/outputDir/inputDir/subDir4/subDir4/file4
	at org.apache.hadoop.ozone.om.KeyManagerImpl.getFileStatus(KeyManagerImpl.java:1784) ~[hadoop-ozone-ozone-manager-0.5.0-SNAPSHOT.jar:?]
	at org.apache.hadoop.ozone.om.OzoneManager.getFileStatus(OzoneManager.java:2762) ~[hadoop-ozone-ozone-manager-0.5.0-SNAPSHOT.jar:?]
	at org.apache.hadoop.ozone.protocolPB.OzoneManagerRequestHandler.getOzoneFileStatus(OzoneManagerRequestHandler.java:1053) ~[hadoop-ozone-ozone-manager-0.5.0-SNAPSHOT.jar:?]
	at org.apache.hadoop.ozone.protocolPB.OzoneManagerRequestHandler.handle(OzoneManagerRequestHandler.java:340) ~[hadoop-ozone-ozone-manager-0.5.0-SNAPSHOT.jar:?]
	at org.apache.hadoop.ozone.protocolPB.OzoneManagerProtocolServerSideTranslatorPB.submitRequestDirectlyToOM(OzoneManagerProtocolServerSideTranslatorPB.java:208) ~[hadoop-ozone-ozone-manager-0.5.0-SNAPSHOT.jar:?]
	at org.apache.hadoop.ozone.protocolPB.OzoneManagerProtocolServerSideTranslatorPB.processRequest(OzoneManagerProtocolServerSideTranslatorPB.java:132) ~[hadoop-ozone-ozone-manager-0.5.0-SNAPSHOT.jar:?]
	at org.apache.hadoop.hdds.server.OzoneProtocolMessageDispatcher.processRequest(OzoneProtocolMessageDispatcher.java:72) [hadoop-hdds-server-framework-0.5.0-SNAPSHOT.jar:?]
	at org.apache.hadoop.ozone.protocolPB.OzoneManagerProtocolServerSideTranslatorPB.submitRequest(OzoneManagerProtocolServerSideTranslatorPB.java:100) [hadoop-ozone-ozone-manager-0.5.0-SNAPSHOT.jar:?]
	at org.apache.hadoop.ozone.protocol.proto.OzoneManagerProtocolProtos$OzoneManagerService$2.callBlockingMethod(OzoneManagerProtocolProtos.java) [hadoop-ozone-common-0.5.0-SNAPSHOT.jar:?]
	at org.apache.hadoop.ipc.ProtobufRpcEngine$Server$ProtoBufRpcInvoker.call(ProtobufRpcEngine.java:524) [hadoop-common-3.2.0.jar:?]
	at org.apache.hadoop.ipc.RPC$Server.call(RPC.java:1025) [hadoop-common-3.2.0.jar:?]
	at org.apache.hadoop.ipc.Server$RpcCall.run(Server.java:876) [hadoop-common-3.2.0.jar:?]
	at org.apache.hadoop.ipc.Server$RpcCall.run(Server.java:822) [hadoop-common-3.2.0.jar:?]
	at java.security.AccessController.doPrivileged(Native Method) [?:1.8.0_222]
	at javax.security.auth.Subject.doAs(Subject.java:422) [?:1.8.0_222]
	at org.apache.hadoop.security.UserGroupInformation.doAs(UserGroupInformation.java:1730) [hadoop-common-3.2.0.jar:?]
	at org.apache.hadoop.ipc.Server$Handler.run(Server.java:2682) [hadoop-common-3.2.0.jar:?]
2019-11-07 15:45:54,140 [LocalJobRunner Map Task Executor #0] INFO  mapred.RetriableFileCopyCommand (RetriableFileCopyCommand.java:getTmpFile(260)) - Creating temp file: o3fs://bucket23590.volume89802/test/ITestOzoneContractDistCp/testTrackDeepDirectoryStructureToRemote/remote/outputDir/.distcp.tmp.attempt_local1177181672_0003_m_000000_0
15:45:54.246 [IPC Server handler 16 on 35423] ERROR OMAudit - user=jenkins1000 | ip=127.0.0.1 | op=GET_FILE_STATUS {volume=volume89802, bucket=bucket23590, key=test/ITestOzoneContractDistCp/testTrackDeepDirectoryStructureToRemote/remote/outputDir/inputDir/subDir4/subDir4/file4, dataSize=0, replicationType=null, replicationFactor=null, keyLocationInfo=null} | ret=FAILURE
org.apache.hadoop.ozone.om.exceptions.OMException: Unable to get file status: volume: volume89802 bucket: bucket23590 key: test/ITestOzoneContractDistCp/testTrackDeepDirectoryStructureToRemote/remote/outputDir/inputDir/subDir4/subDir4/file4
	at org.apache.hadoop.ozone.om.KeyManagerImpl.getFileStatus(KeyManagerImpl.java:1784) ~[hadoop-ozone-ozone-manager-0.5.0-SNAPSHOT.jar:?]
	at org.apache.hadoop.ozone.om.OzoneManager.getFileStatus(OzoneManager.java:2762) ~[hadoop-ozone-ozone-manager-0.5.0-SNAPSHOT.jar:?]
	at org.apache.hadoop.ozone.protocolPB.OzoneManagerRequestHandler.getOzoneFileStatus(OzoneManagerRequestHandler.java:1053) ~[hadoop-ozone-ozone-manager-0.5.0-SNAPSHOT.jar:?]
	at org.apache.hadoop.ozone.protocolPB.OzoneManagerRequestHandler.handle(OzoneManagerRequestHandler.java:340) ~[hadoop-ozone-ozone-manager-0.5.0-SNAPSHOT.jar:?]
	at org.apache.hadoop.ozone.protocolPB.OzoneManagerProtocolServerSideTranslatorPB.submitRequestDirectlyToOM(OzoneManagerProtocolServerSideTranslatorPB.java:208) ~[hadoop-ozone-ozone-manager-0.5.0-SNAPSHOT.jar:?]
	at org.apache.hadoop.ozone.protocolPB.OzoneManagerProtocolServerSideTranslatorPB.processRequest(OzoneManagerProtocolServerSideTranslatorPB.java:132) ~[hadoop-ozone-ozone-manager-0.5.0-SNAPSHOT.jar:?]
	at org.apache.hadoop.hdds.server.OzoneProtocolMessageDispatcher.processRequest(OzoneProtocolMessageDispatcher.java:72) [hadoop-hdds-server-framework-0.5.0-SNAPSHOT.jar:?]
	at org.apache.hadoop.ozone.protocolPB.OzoneManagerProtocolServerSideTranslatorPB.submitRequest(OzoneManagerProtocolServerSideTranslatorPB.java:100) [hadoop-ozone-ozone-manager-0.5.0-SNAPSHOT.jar:?]
	at org.apache.hadoop.ozone.protocol.proto.OzoneManagerProtocolProtos$OzoneManagerService$2.callBlockingMethod(OzoneManagerProtocolProtos.java) [hadoop-ozone-common-0.5.0-SNAPSHOT.jar:?]
	at org.apache.hadoop.ipc.ProtobufRpcEngine$Server$ProtoBufRpcInvoker.call(ProtobufRpcEngine.java:524) [hadoop-common-3.2.0.jar:?]
	at org.apache.hadoop.ipc.RPC$Server.call(RPC.java:1025) [hadoop-common-3.2.0.jar:?]
	at org.apache.hadoop.ipc.Server$RpcCall.run(Server.java:876) [hadoop-common-3.2.0.jar:?]
	at org.apache.hadoop.ipc.Server$RpcCall.run(Server.java:822) [hadoop-common-3.2.0.jar:?]
	at java.security.AccessController.doPrivileged(Native Method) [?:1.8.0_222]
	at javax.security.auth.Subject.doAs(Subject.java:422) [?:1.8.0_222]
	at org.apache.hadoop.security.UserGroupInformation.doAs(UserGroupInformation.java:1730) [hadoop-common-3.2.0.jar:?]
	at org.apache.hadoop.ipc.Server$Handler.run(Server.java:2682) [hadoop-common-3.2.0.jar:?]
15:45:54.248 [IPC Server handler 18 on 35423] ERROR OMAudit - user=jenkins1000 | ip=127.0.0.1 | op=GET_FILE_STATUS {volume=volume89802, bucket=bucket23590, key=test/ITestOzoneContractDistCp/testTrackDeepDirectoryStructureToRemote/remote/outputDir/inputDir/subDir4/subDir4, dataSize=0, replicationType=null, replicationFactor=null, keyLocationInfo=null} | ret=FAILURE
org.apache.hadoop.ozone.om.exceptions.OMException: Unable to get file status: volume: volume89802 bucket: bucket23590 key: test/ITestOzoneContractDistCp/testTrackDeepDirectoryStructureToRemote/remote/outputDir/inputDir/subDir4/subDir4
	at org.apache.hadoop.ozone.om.KeyManagerImpl.getFileStatus(KeyManagerImpl.java:1784) ~[hadoop-ozone-ozone-manager-0.5.0-SNAPSHOT.jar:?]
	at org.apache.hadoop.ozone.om.OzoneManager.getFileStatus(OzoneManager.java:2762) ~[hadoop-ozone-ozone-manager-0.5.0-SNAPSHOT.jar:?]
	at org.apache.hadoop.ozone.protocolPB.OzoneManagerRequestHandler.getOzoneFileStatus(OzoneManagerRequestHandler.java:1053) ~[hadoop-ozone-ozone-manager-0.5.0-SNAPSHOT.jar:?]
	at org.apache.hadoop.ozone.protocolPB.OzoneManagerRequestHandler.handle(OzoneManagerRequestHandler.java:340) ~[hadoop-ozone-ozone-manager-0.5.0-SNAPSHOT.jar:?]
	at org.apache.hadoop.ozone.protocolPB.OzoneManagerProtocolServerSideTranslatorPB.submitRequestDirectlyToOM(OzoneManagerProtocolServerSideTranslatorPB.java:208) ~[hadoop-ozone-ozone-manager-0.5.0-SNAPSHOT.jar:?]
	at org.apache.hadoop.ozone.protocolPB.OzoneManagerProtocolServerSideTranslatorPB.processRequest(OzoneManagerProtocolServerSideTranslatorPB.java:132) ~[hadoop-ozone-ozone-manager-0.5.0-SNAPSHOT.jar:?]
	at org.apache.hadoop.hdds.server.OzoneProtocolMessageDispatcher.processRequest(OzoneProtocolMessageDispatcher.java:72) [hadoop-hdds-server-framework-0.5.0-SNAPSHOT.jar:?]
	at org.apache.hadoop.ozone.protocolPB.OzoneManagerProtocolServerSideTranslatorPB.submitRequest(OzoneManagerProtocolServerSideTranslatorPB.java:100) [hadoop-ozone-ozone-manager-0.5.0-SNAPSHOT.jar:?]
	at org.apache.hadoop.ozone.protocol.proto.OzoneManagerProtocolProtos$OzoneManagerService$2.callBlockingMethod(OzoneManagerProtocolProtos.java) [hadoop-ozone-common-0.5.0-SNAPSHOT.jar:?]
	at org.apache.hadoop.ipc.ProtobufRpcEngine$Server$ProtoBufRpcInvoker.call(ProtobufRpcEngine.java:524) [hadoop-common-3.2.0.jar:?]
	at org.apache.hadoop.ipc.RPC$Server.call(RPC.java:1025) [hadoop-common-3.2.0.jar:?]
	at org.apache.hadoop.ipc.Server$RpcCall.run(Server.java:876) [hadoop-common-3.2.0.jar:?]
	at org.apache.hadoop.ipc.Server$RpcCall.run(Server.java:822) [hadoop-common-3.2.0.jar:?]
	at java.security.AccessController.doPrivileged(Native Method) [?:1.8.0_222]
	at javax.security.auth.Subject.doAs(Subject.java:422) [?:1.8.0_222]
	at org.apache.hadoop.security.UserGroupInformation.doAs(UserGroupInformation.java:1730) [hadoop-common-3.2.0.jar:?]
	at org.apache.hadoop.ipc.Server$Handler.run(Server.java:2682) [hadoop-common-3.2.0.jar:?]
15:45:54.276 [IPC Server handler 0 on 35423] ERROR OMAudit - user=jenkins1000 | ip=127.0.0.1 | op=GET_FILE_STATUS {volume=volume89802, bucket=bucket23590, key=test/ITestOzoneContractDistCp/testTrackDeepDirectoryStructureToRemote/remote/outputDir/inputDir/subDir4/subDir4/file4, dataSize=0, replicationType=null, replicationFactor=null, keyLocationInfo=null} | ret=FAILURE
org.apache.hadoop.ozone.om.exceptions.OMException: Unable to get file status: volume: volume89802 bucket: bucket23590 key: test/ITestOzoneContractDistCp/testTrackDeepDirectoryStructureToRemote/remote/outputDir/inputDir/subDir4/subDir4/file4
	at org.apache.hadoop.ozone.om.KeyManagerImpl.getFileStatus(KeyManagerImpl.java:1784) ~[hadoop-ozone-ozone-manager-0.5.0-SNAPSHOT.jar:?]
	at org.apache.hadoop.ozone.om.OzoneManager.getFileStatus(OzoneManager.java:2762) ~[hadoop-ozone-ozone-manager-0.5.0-SNAPSHOT.jar:?]
	at org.apache.hadoop.ozone.protocolPB.OzoneManagerRequestHandler.getOzoneFileStatus(OzoneManagerRequestHandler.java:1053) ~[hadoop-ozone-ozone-manager-0.5.0-SNAPSHOT.jar:?]
	at org.apache.hadoop.ozone.protocolPB.OzoneManagerRequestHandler.handle(OzoneManagerRequestHandler.java:340) ~[hadoop-ozone-ozone-manager-0.5.0-SNAPSHOT.jar:?]
	at org.apache.hadoop.ozone.protocolPB.OzoneManagerProtocolServerSideTranslatorPB.submitRequestDirectlyToOM(OzoneManagerProtocolServerSideTranslatorPB.java:208) ~[hadoop-ozone-ozone-manager-0.5.0-SNAPSHOT.jar:?]
	at org.apache.hadoop.ozone.protocolPB.OzoneManagerProtocolServerSideTranslatorPB.processRequest(OzoneManagerProtocolServerSideTranslatorPB.java:132) ~[hadoop-ozone-ozone-manager-0.5.0-SNAPSHOT.jar:?]
	at org.apache.hadoop.hdds.server.OzoneProtocolMessageDispatcher.processRequest(OzoneProtocolMessageDispatcher.java:72) [hadoop-hdds-server-framework-0.5.0-SNAPSHOT.jar:?]
	at org.apache.hadoop.ozone.protocolPB.OzoneManagerProtocolServerSideTranslatorPB.submitRequest(OzoneManagerProtocolServerSideTranslatorPB.java:100) [hadoop-ozone-ozone-manager-0.5.0-SNAPSHOT.jar:?]
	at org.apache.hadoop.ozone.protocol.proto.OzoneManagerProtocolProtos$OzoneManagerService$2.callBlockingMethod(OzoneManagerProtocolProtos.java) [hadoop-ozone-common-0.5.0-SNAPSHOT.jar:?]
	at org.apache.hadoop.ipc.ProtobufRpcEngine$Server$ProtoBufRpcInvoker.call(ProtobufRpcEngine.java:524) [hadoop-common-3.2.0.jar:?]
	at org.apache.hadoop.ipc.RPC$Server.call(RPC.java:1025) [hadoop-common-3.2.0.jar:?]
	at org.apache.hadoop.ipc.Server$RpcCall.run(Server.java:876) [hadoop-common-3.2.0.jar:?]
	at org.apache.hadoop.ipc.Server$RpcCall.run(Server.java:822) [hadoop-common-3.2.0.jar:?]
	at java.security.AccessController.doPrivileged(Native Method) [?:1.8.0_222]
	at javax.security.auth.Subject.doAs(Subject.java:422) [?:1.8.0_222]
	at org.apache.hadoop.security.UserGroupInformation.doAs(UserGroupInformation.java:1730) [hadoop-common-3.2.0.jar:?]
	at org.apache.hadoop.ipc.Server$Handler.run(Server.java:2682) [hadoop-common-3.2.0.jar:?]
15:45:54.304 [IPC Server handler 2 on 35423] ERROR OMAudit - user=jenkins1000 | ip=127.0.0.1 | op=GET_FILE_STATUS {volume=volume89802, bucket=bucket23590, key=test/ITestOzoneContractDistCp/testTrackDeepDirectoryStructureToRemote/remote/outputDir/.distcp.tmp.attempt_local1177181672_0003_m_000000_0, dataSize=0, replicationType=null, replicationFactor=null, keyLocationInfo=null} | ret=FAILURE
org.apache.hadoop.ozone.om.exceptions.OMException: Unable to get file status: volume: volume89802 bucket: bucket23590 key: test/ITestOzoneContractDistCp/testTrackDeepDirectoryStructureToRemote/remote/outputDir/.distcp.tmp.attempt_local1177181672_0003_m_000000_0
	at org.apache.hadoop.ozone.om.KeyManagerImpl.getFileStatus(KeyManagerImpl.java:1784) ~[hadoop-ozone-ozone-manager-0.5.0-SNAPSHOT.jar:?]
	at org.apache.hadoop.ozone.om.OzoneManager.getFileStatus(OzoneManager.java:2762) ~[hadoop-ozone-ozone-manager-0.5.0-SNAPSHOT.jar:?]
	at org.apache.hadoop.ozone.protocolPB.OzoneManagerRequestHandler.getOzoneFileStatus(OzoneManagerRequestHandler.java:1053) ~[hadoop-ozone-ozone-manager-0.5.0-SNAPSHOT.jar:?]
	at org.apache.hadoop.ozone.protocolPB.OzoneManagerRequestHandler.handle(OzoneManagerRequestHandler.java:340) ~[hadoop-ozone-ozone-manager-0.5.0-SNAPSHOT.jar:?]
	at org.apache.hadoop.ozone.protocolPB.OzoneManagerProtocolServerSideTranslatorPB.submitRequestDirectlyToOM(OzoneManagerProtocolServerSideTranslatorPB.java:208) ~[hadoop-ozone-ozone-manager-0.5.0-SNAPSHOT.jar:?]
	at org.apache.hadoop.ozone.protocolPB.OzoneManagerProtocolServerSideTranslatorPB.processRequest(OzoneManagerProtocolServerSideTranslatorPB.java:132) ~[hadoop-ozone-ozone-manager-0.5.0-SNAPSHOT.jar:?]
	at org.apache.hadoop.hdds.server.OzoneProtocolMessageDispatcher.processRequest(OzoneProtocolMessageDispatcher.java:72) [hadoop-hdds-server-framework-0.5.0-SNAPSHOT.jar:?]
	at org.apache.hadoop.ozone.protocolPB.OzoneManagerProtocolServerSideTranslatorPB.submitRequest(OzoneManagerProtocolServerSideTranslatorPB.java:100) [hadoop-ozone-ozone-manager-0.5.0-SNAPSHOT.jar:?]
	at org.apache.hadoop.ozone.protocol.proto.OzoneManagerProtocolProtos$OzoneManagerService$2.callBlockingMethod(OzoneManagerProtocolProtos.java) [hadoop-ozone-common-0.5.0-SNAPSHOT.jar:?]
	at org.apache.hadoop.ipc.ProtobufRpcEngine$Server$ProtoBufRpcInvoker.call(ProtobufRpcEngine.java:524) [hadoop-common-3.2.0.jar:?]
	at org.apache.hadoop.ipc.RPC$Server.call(RPC.java:1025) [hadoop-common-3.2.0.jar:?]
	at org.apache.hadoop.ipc.Server$RpcCall.run(Server.java:876) [hadoop-common-3.2.0.jar:?]
	at org.apache.hadoop.ipc.Server$RpcCall.run(Server.java:822) [hadoop-common-3.2.0.jar:?]
	at java.security.AccessController.doPrivileged(Native Method) [?:1.8.0_222]
	at javax.security.auth.Subject.doAs(Subject.java:422) [?:1.8.0_222]
	at org.apache.hadoop.security.UserGroupInformation.doAs(UserGroupInformation.java:1730) [hadoop-common-3.2.0.jar:?]
	at org.apache.hadoop.ipc.Server$Handler.run(Server.java:2682) [hadoop-common-3.2.0.jar:?]
2019-11-07 15:45:54,305 [LocalJobRunner Map Task Executor #0] WARN  ozone.BasicOzoneFileSystem (BasicOzoneFileSystem.java:delete(444)) - delete: Path does not exist: o3fs://bucket23590.volume89802/test/ITestOzoneContractDistCp/testTrackDeepDirectoryStructureToRemote/remote/outputDir/.distcp.tmp.attempt_local1177181672_0003_m_000000_0
2019-11-07 15:45:54,305 [LocalJobRunner Map Task Executor #0] INFO  mapred.LocalJobRunner (LocalJobRunner.java:statusUpdate(634)) - 
2019-11-07 15:45:54,306 [LocalJobRunner Map Task Executor #0] INFO  mapred.Task (Task.java:done(1244)) - Task:attempt_local1177181672_0003_m_000000_0 is done. And is in the process of committing
2019-11-07 15:45:54,307 [LocalJobRunner Map Task Executor #0] INFO  mapred.LocalJobRunner (LocalJobRunner.java:statusUpdate(634)) - 
2019-11-07 15:45:54,307 [LocalJobRunner Map Task Executor #0] INFO  mapred.Task (Task.java:commit(1421)) - Task attempt_local1177181672_0003_m_000000_0 is allowed to commit now
2019-11-07 15:45:54,308 [LocalJobRunner Map Task Executor #0] INFO  output.FileOutputCommitter (FileOutputCommitter.java:commitTask(598)) - Saved output of task 'attempt_local1177181672_0003_m_000000_0' to file:/tmp/hadoop/mapred/staging/jenkins1000121721120/.staging/_distcp-1801277097/_logs
2019-11-07 15:45:54,309 [LocalJobRunner Map Task Executor #0] INFO  mapred.LocalJobRunner (LocalJobRunner.java:statusUpdate(634)) - 100.0% Copying file:/workdir/hadoop-ozone/ozonefs/target/test-dir/ITestOzoneContractDistCp/testTrackDeepDirectoryStructureToRemote/local/inputDir/subDir4/subDir4/file4 to o3fs://bucket23590.volume89802/test/ITestOzoneContractDistCp/testTrackDeepDirectoryStructureToRemote/remote/outputDir/inputDir/subDir4/subDir4/file4 [400.0B/400.0B]
2019-11-07 15:45:54,309 [LocalJobRunner Map Task Executor #0] INFO  mapred.Task (Task.java:sendDone(1380)) - Task 'attempt_local1177181672_0003_m_000000_0' done.
2019-11-07 15:45:54,309 [LocalJobRunner Map Task Executor #0] INFO  mapred.Task (Task.java:done(1276)) - Final Counters for attempt_local1177181672_0003_m_000000_0: Counters: 24
	File System Counters
		FILE: Number of bytes read=695155
		FILE: Number of bytes written=2476588
		FILE: Number of read operations=0
		FILE: Number of large read operations=0
		FILE: Number of write operations=0
		O3FS: Number of bytes read=0
		O3FS: Number of bytes written=2400
		O3FS: Number of read operations=161
		O3FS: Number of large read operations=0
		O3FS: Number of write operations=30
	Map-Reduce Framework
		Map input records=3
		Map output records=0
		Input split bytes=158
		Spilled Records=0
		Failed Shuffles=0
		Merged Map outputs=0
		GC time elapsed (ms)=0
		Total committed heap usage (bytes)=1999110144
	File Input Format Counters 
		Bytes Read=3146
	File Output Format Counters 
		Bytes Written=8
	DistCp Counters
		Bandwidth in Btyes=900
		Bytes Copied=900
		Bytes Expected=900
		Files Copied=3
2019-11-07 15:45:54,309 [LocalJobRunner Map Task Executor #0] INFO  mapred.LocalJobRunner (LocalJobRunner.java:run(277)) - Finishing task: attempt_local1177181672_0003_m_000000_0
2019-11-07 15:45:54,310 [LocalJobRunner Map Task Executor #0] INFO  mapred.LocalJobRunner (LocalJobRunner.java:run(252)) - Starting task: attempt_local1177181672_0003_m_000001_0
2019-11-07 15:45:54,310 [LocalJobRunner Map Task Executor #0] INFO  output.FileOutputCommitter (FileOutputCommitter.java:<init>(140)) - File Output Committer Algorithm version is 2
2019-11-07 15:45:54,310 [LocalJobRunner Map Task Executor #0] INFO  output.FileOutputCommitter (FileOutputCommitter.java:<init>(155)) - FileOutputCommitter skip cleanup _temporary folders under output directory:false, ignore cleanup failures: false
2019-11-07 15:45:54,311 [LocalJobRunner Map Task Executor #0] INFO  mapred.Task (Task.java:initialize(626)) -  Using ResourceCalculatorProcessTree : [ ]
2019-11-07 15:45:54,312 [LocalJobRunner Map Task Executor #0] INFO  mapred.MapTask (MapTask.java:runNewMapper(768)) - Processing split: file:/tmp/hadoop/mapred/staging/jenkins1000121721120/.staging/_distcp-1801277097/fileList.seq:0+326
2019-11-07 15:45:54,312 [LocalJobRunner Map Task Executor #0] INFO  output.FileOutputCommitter (FileOutputCommitter.java:<init>(140)) - File Output Committer Algorithm version is 2
2019-11-07 15:45:54,312 [LocalJobRunner Map Task Executor #0] INFO  output.FileOutputCommitter (FileOutputCommitter.java:<init>(155)) - FileOutputCommitter skip cleanup _temporary folders under output directory:false, ignore cleanup failures: false
2019-11-07 15:45:54,331 [LocalJobRunner Map Task Executor #0] INFO  mapred.CopyMapper (CopyMapper.java:map(154)) - Copying file:/workdir/hadoop-ozone/ozonefs/target/test-dir/ITestOzoneContractDistCp/testTrackDeepDirectoryStructureToRemote/local/inputDir to o3fs://bucket23590.volume89802/test/ITestOzoneContractDistCp/testTrackDeepDirectoryStructureToRemote/remote/outputDir/inputDir
2019-11-07 15:45:54,393 [LocalJobRunner Map Task Executor #0] INFO  mapred.LocalJobRunner (LocalJobRunner.java:statusUpdate(634)) - 
2019-11-07 15:45:54,394 [LocalJobRunner Map Task Executor #0] INFO  mapred.Task (Task.java:done(1244)) - Task:attempt_local1177181672_0003_m_000001_0 is done. And is in the process of committing
2019-11-07 15:45:54,395 [LocalJobRunner Map Task Executor #0] INFO  mapred.LocalJobRunner (LocalJobRunner.java:statusUpdate(634)) - 
2019-11-07 15:45:54,395 [LocalJobRunner Map Task Executor #0] INFO  mapred.Task (Task.java:commit(1421)) - Task attempt_local1177181672_0003_m_000001_0 is allowed to commit now
2019-11-07 15:45:54,396 [LocalJobRunner Map Task Executor #0] INFO  output.FileOutputCommitter (FileOutputCommitter.java:commitTask(598)) - Saved output of task 'attempt_local1177181672_0003_m_000001_0' to file:/tmp/hadoop/mapred/staging/jenkins1000121721120/.staging/_distcp-1801277097/_logs
2019-11-07 15:45:54,397 [LocalJobRunner Map Task Executor #0] INFO  mapred.LocalJobRunner (LocalJobRunner.java:statusUpdate(634)) - Copying file:/workdir/hadoop-ozone/ozonefs/target/test-dir/ITestOzoneContractDistCp/testTrackDeepDirectoryStructureToRemote/local/inputDir to o3fs://bucket23590.volume89802/test/ITestOzoneContractDistCp/testTrackDeepDirectoryStructureToRemote/remote/outputDir/inputDir
2019-11-07 15:45:54,397 [LocalJobRunner Map Task Executor #0] INFO  mapred.Task (Task.java:sendDone(1380)) - Task 'attempt_local1177181672_0003_m_000001_0' done.
2019-11-07 15:45:54,397 [LocalJobRunner Map Task Executor #0] INFO  mapred.Task (Task.java:done(1276)) - Final Counters for attempt_local1177181672_0003_m_000001_0: Counters: 22
	File System Counters
		FILE: Number of bytes read=699750
		FILE: Number of bytes written=2476596
		FILE: Number of read operations=0
		FILE: Number of large read operations=0
		FILE: Number of write operations=0
		O3FS: Number of bytes read=0
		O3FS: Number of bytes written=2400
		O3FS: Number of read operations=163
		O3FS: Number of large read operations=0
		O3FS: Number of write operations=30
	Map-Reduce Framework
		Map input records=1
		Map output records=0
		Input split bytes=158
		Spilled Records=0
		Failed Shuffles=0
		Merged Map outputs=0
		GC time elapsed (ms)=0
		Total committed heap usage (bytes)=1999110144
	File Input Format Counters 
		Bytes Read=3146
	File Output Format Counters 
		Bytes Written=8
	DistCp Counters
		Bandwidth in Btyes=0
		DIR_COPY=1
2019-11-07 15:45:54,398 [LocalJobRunner Map Task Executor #0] INFO  mapred.LocalJobRunner (LocalJobRunner.java:run(277)) - Finishing task: attempt_local1177181672_0003_m_000001_0
2019-11-07 15:45:54,398 [LocalJobRunner Map Task Executor #0] INFO  mapred.LocalJobRunner (LocalJobRunner.java:run(252)) - Starting task: attempt_local1177181672_0003_m_000002_0
2019-11-07 15:45:54,398 [LocalJobRunner Map Task Executor #0] INFO  output.FileOutputCommitter (FileOutputCommitter.java:<init>(140)) - File Output Committer Algorithm version is 2
2019-11-07 15:45:54,399 [LocalJobRunner Map Task Executor #0] INFO  output.FileOutputCommitter (FileOutputCommitter.java:<init>(155)) - FileOutputCommitter skip cleanup _temporary folders under output directory:false, ignore cleanup failures: false
2019-11-07 15:45:54,399 [LocalJobRunner Map Task Executor #0] INFO  mapred.Task (Task.java:initialize(626)) -  Using ResourceCalculatorProcessTree : [ ]
2019-11-07 15:45:54,400 [LocalJobRunner Map Task Executor #0] INFO  mapred.MapTask (MapTask.java:runNewMapper(768)) - Processing split: file:/tmp/hadoop/mapred/staging/jenkins1000121721120/.staging/_distcp-1801277097/fileList.seq:2254+292
2019-11-07 15:45:54,400 [LocalJobRunner Map Task Executor #0] INFO  output.FileOutputCommitter (FileOutputCommitter.java:<init>(140)) - File Output Committer Algorithm version is 2
2019-11-07 15:45:54,400 [LocalJobRunner Map Task Executor #0] INFO  output.FileOutputCommitter (FileOutputCommitter.java:<init>(155)) - FileOutputCommitter skip cleanup _temporary folders under output directory:false, ignore cleanup failures: false
2019-11-07 15:45:54,419 [LocalJobRunner Map Task Executor #0] INFO  mapred.CopyMapper (CopyMapper.java:map(154)) - Copying file:/workdir/hadoop-ozone/ozonefs/target/test-dir/ITestOzoneContractDistCp/testTrackDeepDirectoryStructureToRemote/local/inputDir/subDir4/subDir4/file5 to o3fs://bucket23590.volume89802/test/ITestOzoneContractDistCp/testTrackDeepDirectoryStructureToRemote/remote/outputDir/inputDir/subDir4/subDir4/file5
15:45:54.426 [IPC Server handler 12 on 35423] ERROR OMAudit - user=jenkins1000 | ip=127.0.0.1 | op=GET_FILE_STATUS {volume=volume89802, bucket=bucket23590, key=test/ITestOzoneContractDistCp/testTrackDeepDirectoryStructureToRemote/remote/outputDir/inputDir/subDir4/subDir4/file5, dataSize=0, replicationType=null, replicationFactor=null, keyLocationInfo=null} | ret=FAILURE
org.apache.hadoop.ozone.om.exceptions.OMException: Unable to get file status: volume: volume89802 bucket: bucket23590 key: test/ITestOzoneContractDistCp/testTrackDeepDirectoryStructureToRemote/remote/outputDir/inputDir/subDir4/subDir4/file5
	at org.apache.hadoop.ozone.om.KeyManagerImpl.getFileStatus(KeyManagerImpl.java:1784) ~[hadoop-ozone-ozone-manager-0.5.0-SNAPSHOT.jar:?]
	at org.apache.hadoop.ozone.om.OzoneManager.getFileStatus(OzoneManager.java:2762) ~[hadoop-ozone-ozone-manager-0.5.0-SNAPSHOT.jar:?]
	at org.apache.hadoop.ozone.protocolPB.OzoneManagerRequestHandler.getOzoneFileStatus(OzoneManagerRequestHandler.java:1053) ~[hadoop-ozone-ozone-manager-0.5.0-SNAPSHOT.jar:?]
	at org.apache.hadoop.ozone.protocolPB.OzoneManagerRequestHandler.handle(OzoneManagerRequestHandler.java:340) ~[hadoop-ozone-ozone-manager-0.5.0-SNAPSHOT.jar:?]
	at org.apache.hadoop.ozone.protocolPB.OzoneManagerProtocolServerSideTranslatorPB.submitRequestDirectlyToOM(OzoneManagerProtocolServerSideTranslatorPB.java:208) ~[hadoop-ozone-ozone-manager-0.5.0-SNAPSHOT.jar:?]
	at org.apache.hadoop.ozone.protocolPB.OzoneManagerProtocolServerSideTranslatorPB.processRequest(OzoneManagerProtocolServerSideTranslatorPB.java:132) ~[hadoop-ozone-ozone-manager-0.5.0-SNAPSHOT.jar:?]
	at org.apache.hadoop.hdds.server.OzoneProtocolMessageDispatcher.processRequest(OzoneProtocolMessageDispatcher.java:72) [hadoop-hdds-server-framework-0.5.0-SNAPSHOT.jar:?]
	at org.apache.hadoop.ozone.protocolPB.OzoneManagerProtocolServerSideTranslatorPB.submitRequest(OzoneManagerProtocolServerSideTranslatorPB.java:100) [hadoop-ozone-ozone-manager-0.5.0-SNAPSHOT.jar:?]
	at org.apache.hadoop.ozone.protocol.proto.OzoneManagerProtocolProtos$OzoneManagerService$2.callBlockingMethod(OzoneManagerProtocolProtos.java) [hadoop-ozone-common-0.5.0-SNAPSHOT.jar:?]
	at org.apache.hadoop.ipc.ProtobufRpcEngine$Server$ProtoBufRpcInvoker.call(ProtobufRpcEngine.java:524) [hadoop-common-3.2.0.jar:?]
	at org.apache.hadoop.ipc.RPC$Server.call(RPC.java:1025) [hadoop-common-3.2.0.jar:?]
	at org.apache.hadoop.ipc.Server$RpcCall.run(Server.java:876) [hadoop-common-3.2.0.jar:?]
	at org.apache.hadoop.ipc.Server$RpcCall.run(Server.java:822) [hadoop-common-3.2.0.jar:?]
	at java.security.AccessController.doPrivileged(Native Method) [?:1.8.0_222]
	at javax.security.auth.Subject.doAs(Subject.java:422) [?:1.8.0_222]
	at org.apache.hadoop.security.UserGroupInformation.doAs(UserGroupInformation.java:1730) [hadoop-common-3.2.0.jar:?]
	at org.apache.hadoop.ipc.Server$Handler.run(Server.java:2682) [hadoop-common-3.2.0.jar:?]
2019-11-07 15:45:54,427 [LocalJobRunner Map Task Executor #0] INFO  mapred.RetriableFileCopyCommand (RetriableFileCopyCommand.java:getTmpFile(260)) - Creating temp file: o3fs://bucket23590.volume89802/test/ITestOzoneContractDistCp/testTrackDeepDirectoryStructureToRemote/remote/outputDir/.distcp.tmp.attempt_local1177181672_0003_m_000002_0
15:45:54.544 [IPC Server handler 17 on 35423] ERROR OMAudit - user=jenkins1000 | ip=127.0.0.1 | op=GET_FILE_STATUS {volume=volume89802, bucket=bucket23590, key=test/ITestOzoneContractDistCp/testTrackDeepDirectoryStructureToRemote/remote/outputDir/inputDir/subDir4/subDir4/file5, dataSize=0, replicationType=null, replicationFactor=null, keyLocationInfo=null} | ret=FAILURE
org.apache.hadoop.ozone.om.exceptions.OMException: Unable to get file status: volume: volume89802 bucket: bucket23590 key: test/ITestOzoneContractDistCp/testTrackDeepDirectoryStructureToRemote/remote/outputDir/inputDir/subDir4/subDir4/file5
	at org.apache.hadoop.ozone.om.KeyManagerImpl.getFileStatus(KeyManagerImpl.java:1784) ~[hadoop-ozone-ozone-manager-0.5.0-SNAPSHOT.jar:?]
	at org.apache.hadoop.ozone.om.OzoneManager.getFileStatus(OzoneManager.java:2762) ~[hadoop-ozone-ozone-manager-0.5.0-SNAPSHOT.jar:?]
	at org.apache.hadoop.ozone.protocolPB.OzoneManagerRequestHandler.getOzoneFileStatus(OzoneManagerRequestHandler.java:1053) ~[hadoop-ozone-ozone-manager-0.5.0-SNAPSHOT.jar:?]
	at org.apache.hadoop.ozone.protocolPB.OzoneManagerRequestHandler.handle(OzoneManagerRequestHandler.java:340) ~[hadoop-ozone-ozone-manager-0.5.0-SNAPSHOT.jar:?]
	at org.apache.hadoop.ozone.protocolPB.OzoneManagerProtocolServerSideTranslatorPB.submitRequestDirectlyToOM(OzoneManagerProtocolServerSideTranslatorPB.java:208) ~[hadoop-ozone-ozone-manager-0.5.0-SNAPSHOT.jar:?]
	at org.apache.hadoop.ozone.protocolPB.OzoneManagerProtocolServerSideTranslatorPB.processRequest(OzoneManagerProtocolServerSideTranslatorPB.java:132) ~[hadoop-ozone-ozone-manager-0.5.0-SNAPSHOT.jar:?]
	at org.apache.hadoop.hdds.server.OzoneProtocolMessageDispatcher.processRequest(OzoneProtocolMessageDispatcher.java:72) [hadoop-hdds-server-framework-0.5.0-SNAPSHOT.jar:?]
	at org.apache.hadoop.ozone.protocolPB.OzoneManagerProtocolServerSideTranslatorPB.submitRequest(OzoneManagerProtocolServerSideTranslatorPB.java:100) [hadoop-ozone-ozone-manager-0.5.0-SNAPSHOT.jar:?]
	at org.apache.hadoop.ozone.protocol.proto.OzoneManagerProtocolProtos$OzoneManagerService$2.callBlockingMethod(OzoneManagerProtocolProtos.java) [hadoop-ozone-common-0.5.0-SNAPSHOT.jar:?]
	at org.apache.hadoop.ipc.ProtobufRpcEngine$Server$ProtoBufRpcInvoker.call(ProtobufRpcEngine.java:524) [hadoop-common-3.2.0.jar:?]
	at org.apache.hadoop.ipc.RPC$Server.call(RPC.java:1025) [hadoop-common-3.2.0.jar:?]
	at org.apache.hadoop.ipc.Server$RpcCall.run(Server.java:876) [hadoop-common-3.2.0.jar:?]
	at org.apache.hadoop.ipc.Server$RpcCall.run(Server.java:822) [hadoop-common-3.2.0.jar:?]
	at java.security.AccessController.doPrivileged(Native Method) [?:1.8.0_222]
	at javax.security.auth.Subject.doAs(Subject.java:422) [?:1.8.0_222]
	at org.apache.hadoop.security.UserGroupInformation.doAs(UserGroupInformation.java:1730) [hadoop-common-3.2.0.jar:?]
	at org.apache.hadoop.ipc.Server$Handler.run(Server.java:2682) [hadoop-common-3.2.0.jar:?]
15:45:54.549 [IPC Server handler 18 on 35423] ERROR OMAudit - user=jenkins1000 | ip=127.0.0.1 | op=GET_FILE_STATUS {volume=volume89802, bucket=bucket23590, key=test/ITestOzoneContractDistCp/testTrackDeepDirectoryStructureToRemote/remote/outputDir/inputDir/subDir4/subDir4/file5, dataSize=0, replicationType=null, replicationFactor=null, keyLocationInfo=null} | ret=FAILURE
org.apache.hadoop.ozone.om.exceptions.OMException: Unable to get file status: volume: volume89802 bucket: bucket23590 key: test/ITestOzoneContractDistCp/testTrackDeepDirectoryStructureToRemote/remote/outputDir/inputDir/subDir4/subDir4/file5
	at org.apache.hadoop.ozone.om.KeyManagerImpl.getFileStatus(KeyManagerImpl.java:1784) ~[hadoop-ozone-ozone-manager-0.5.0-SNAPSHOT.jar:?]
	at org.apache.hadoop.ozone.om.OzoneManager.getFileStatus(OzoneManager.java:2762) ~[hadoop-ozone-ozone-manager-0.5.0-SNAPSHOT.jar:?]
	at org.apache.hadoop.ozone.protocolPB.OzoneManagerRequestHandler.getOzoneFileStatus(OzoneManagerRequestHandler.java:1053) ~[hadoop-ozone-ozone-manager-0.5.0-SNAPSHOT.jar:?]
	at org.apache.hadoop.ozone.protocolPB.OzoneManagerRequestHandler.handle(OzoneManagerRequestHandler.java:340) ~[hadoop-ozone-ozone-manager-0.5.0-SNAPSHOT.jar:?]
	at org.apache.hadoop.ozone.protocolPB.OzoneManagerProtocolServerSideTranslatorPB.submitRequestDirectlyToOM(OzoneManagerProtocolServerSideTranslatorPB.java:208) ~[hadoop-ozone-ozone-manager-0.5.0-SNAPSHOT.jar:?]
	at org.apache.hadoop.ozone.protocolPB.OzoneManagerProtocolServerSideTranslatorPB.processRequest(OzoneManagerProtocolServerSideTranslatorPB.java:132) ~[hadoop-ozone-ozone-manager-0.5.0-SNAPSHOT.jar:?]
	at org.apache.hadoop.hdds.server.OzoneProtocolMessageDispatcher.processRequest(OzoneProtocolMessageDispatcher.java:72) [hadoop-hdds-server-framework-0.5.0-SNAPSHOT.jar:?]
	at org.apache.hadoop.ozone.protocolPB.OzoneManagerProtocolServerSideTranslatorPB.submitRequest(OzoneManagerProtocolServerSideTranslatorPB.java:100) [hadoop-ozone-ozone-manager-0.5.0-SNAPSHOT.jar:?]
	at org.apache.hadoop.ozone.protocol.proto.OzoneManagerProtocolProtos$OzoneManagerService$2.callBlockingMethod(OzoneManagerProtocolProtos.java) [hadoop-ozone-common-0.5.0-SNAPSHOT.jar:?]
	at org.apache.hadoop.ipc.ProtobufRpcEngine$Server$ProtoBufRpcInvoker.call(ProtobufRpcEngine.java:524) [hadoop-common-3.2.0.jar:?]
	at org.apache.hadoop.ipc.RPC$Server.call(RPC.java:1025) [hadoop-common-3.2.0.jar:?]
	at org.apache.hadoop.ipc.Server$RpcCall.run(Server.java:876) [hadoop-common-3.2.0.jar:?]
	at org.apache.hadoop.ipc.Server$RpcCall.run(Server.java:822) [hadoop-common-3.2.0.jar:?]
	at java.security.AccessController.doPrivileged(Native Method) [?:1.8.0_222]
	at javax.security.auth.Subject.doAs(Subject.java:422) [?:1.8.0_222]
	at org.apache.hadoop.security.UserGroupInformation.doAs(UserGroupInformation.java:1730) [hadoop-common-3.2.0.jar:?]
	at org.apache.hadoop.ipc.Server$Handler.run(Server.java:2682) [hadoop-common-3.2.0.jar:?]
15:45:54.585 [IPC Server handler 8 on 35423] ERROR OMAudit - user=jenkins1000 | ip=127.0.0.1 | op=GET_FILE_STATUS {volume=volume89802, bucket=bucket23590, key=test/ITestOzoneContractDistCp/testTrackDeepDirectoryStructureToRemote/remote/outputDir/.distcp.tmp.attempt_local1177181672_0003_m_000002_0, dataSize=0, replicationType=null, replicationFactor=null, keyLocationInfo=null} | ret=FAILURE
org.apache.hadoop.ozone.om.exceptions.OMException: Unable to get file status: volume: volume89802 bucket: bucket23590 key: test/ITestOzoneContractDistCp/testTrackDeepDirectoryStructureToRemote/remote/outputDir/.distcp.tmp.attempt_local1177181672_0003_m_000002_0
	at org.apache.hadoop.ozone.om.KeyManagerImpl.getFileStatus(KeyManagerImpl.java:1784) ~[hadoop-ozone-ozone-manager-0.5.0-SNAPSHOT.jar:?]
	at org.apache.hadoop.ozone.om.OzoneManager.getFileStatus(OzoneManager.java:2762) ~[hadoop-ozone-ozone-manager-0.5.0-SNAPSHOT.jar:?]
	at org.apache.hadoop.ozone.protocolPB.OzoneManagerRequestHandler.getOzoneFileStatus(OzoneManagerRequestHandler.java:1053) ~[hadoop-ozone-ozone-manager-0.5.0-SNAPSHOT.jar:?]
	at org.apache.hadoop.ozone.protocolPB.OzoneManagerRequestHandler.handle(OzoneManagerRequestHandler.java:340) ~[hadoop-ozone-ozone-manager-0.5.0-SNAPSHOT.jar:?]
	at org.apache.hadoop.ozone.protocolPB.OzoneManagerProtocolServerSideTranslatorPB.submitRequestDirectlyToOM(OzoneManagerProtocolServerSideTranslatorPB.java:208) ~[hadoop-ozone-ozone-manager-0.5.0-SNAPSHOT.jar:?]
	at org.apache.hadoop.ozone.protocolPB.OzoneManagerProtocolServerSideTranslatorPB.processRequest(OzoneManagerProtocolServerSideTranslatorPB.java:132) ~[hadoop-ozone-ozone-manager-0.5.0-SNAPSHOT.jar:?]
	at org.apache.hadoop.hdds.server.OzoneProtocolMessageDispatcher.processRequest(OzoneProtocolMessageDispatcher.java:72) [hadoop-hdds-server-framework-0.5.0-SNAPSHOT.jar:?]
	at org.apache.hadoop.ozone.protocolPB.OzoneManagerProtocolServerSideTranslatorPB.submitRequest(OzoneManagerProtocolServerSideTranslatorPB.java:100) [hadoop-ozone-ozone-manager-0.5.0-SNAPSHOT.jar:?]
	at org.apache.hadoop.ozone.protocol.proto.OzoneManagerProtocolProtos$OzoneManagerService$2.callBlockingMethod(OzoneManagerProtocolProtos.java) [hadoop-ozone-common-0.5.0-SNAPSHOT.jar:?]
	at org.apache.hadoop.ipc.ProtobufRpcEngine$Server$ProtoBufRpcInvoker.call(ProtobufRpcEngine.java:524) [hadoop-common-3.2.0.jar:?]
	at org.apache.hadoop.ipc.RPC$Server.call(RPC.java:1025) [hadoop-common-3.2.0.jar:?]
	at org.apache.hadoop.ipc.Server$RpcCall.run(Server.java:876) [hadoop-common-3.2.0.jar:?]
	at org.apache.hadoop.ipc.Server$RpcCall.run(Server.java:822) [hadoop-common-3.2.0.jar:?]
	at java.security.AccessController.doPrivileged(Native Method) [?:1.8.0_222]
	at javax.security.auth.Subject.doAs(Subject.java:422) [?:1.8.0_222]
	at org.apache.hadoop.security.UserGroupInformation.doAs(UserGroupInformation.java:1730) [hadoop-common-3.2.0.jar:?]
	at org.apache.hadoop.ipc.Server$Handler.run(Server.java:2682) [hadoop-common-3.2.0.jar:?]
2019-11-07 15:45:54,586 [LocalJobRunner Map Task Executor #0] WARN  ozone.BasicOzoneFileSystem (BasicOzoneFileSystem.java:delete(444)) - delete: Path does not exist: o3fs://bucket23590.volume89802/test/ITestOzoneContractDistCp/testTrackDeepDirectoryStructureToRemote/remote/outputDir/.distcp.tmp.attempt_local1177181672_0003_m_000002_0
2019-11-07 15:45:54,587 [LocalJobRunner Map Task Executor #0] INFO  mapred.LocalJobRunner (LocalJobRunner.java:statusUpdate(634)) - 
2019-11-07 15:45:54,587 [LocalJobRunner Map Task Executor #0] INFO  mapred.Task (Task.java:done(1244)) - Task:attempt_local1177181672_0003_m_000002_0 is done. And is in the process of committing
2019-11-07 15:45:54,588 [LocalJobRunner Map Task Executor #0] INFO  mapred.LocalJobRunner (LocalJobRunner.java:statusUpdate(634)) - 
2019-11-07 15:45:54,588 [LocalJobRunner Map Task Executor #0] INFO  mapred.Task (Task.java:commit(1421)) - Task attempt_local1177181672_0003_m_000002_0 is allowed to commit now
2019-11-07 15:45:54,590 [LocalJobRunner Map Task Executor #0] INFO  output.FileOutputCommitter (FileOutputCommitter.java:commitTask(598)) - Saved output of task 'attempt_local1177181672_0003_m_000002_0' to file:/tmp/hadoop/mapred/staging/jenkins1000121721120/.staging/_distcp-1801277097/_logs
2019-11-07 15:45:54,591 [LocalJobRunner Map Task Executor #0] INFO  mapred.LocalJobRunner (LocalJobRunner.java:statusUpdate(634)) - 100.0% Copying file:/workdir/hadoop-ozone/ozonefs/target/test-dir/ITestOzoneContractDistCp/testTrackDeepDirectoryStructureToRemote/local/inputDir/subDir4/subDir4/file5 to o3fs://bucket23590.volume89802/test/ITestOzoneContractDistCp/testTrackDeepDirectoryStructureToRemote/remote/outputDir/inputDir/subDir4/subDir4/file5 [500.0B/500.0B]
2019-11-07 15:45:54,591 [LocalJobRunner Map Task Executor #0] INFO  mapred.Task (Task.java:sendDone(1380)) - Task 'attempt_local1177181672_0003_m_000002_0' done.
2019-11-07 15:45:54,591 [LocalJobRunner Map Task Executor #0] INFO  mapred.Task (Task.java:done(1276)) - Final Counters for attempt_local1177181672_0003_m_000002_0: Counters: 24
	File System Counters
		FILE: Number of bytes read=704861
		FILE: Number of bytes written=2476604
		FILE: Number of read operations=0
		FILE: Number of large read operations=0
		FILE: Number of write operations=0
		O3FS: Number of bytes read=0
		O3FS: Number of bytes written=2900
		O3FS: Number of read operations=173
		O3FS: Number of large read operations=0
		O3FS: Number of write operations=33
	Map-Reduce Framework
		Map input records=1
		Map output records=0
		Input split bytes=158
		Spilled Records=0
		Failed Shuffles=0
		Merged Map outputs=0
		GC time elapsed (ms)=0
		Total committed heap usage (bytes)=1999110144
	File Input Format Counters 
		Bytes Read=3146
	File Output Format Counters 
		Bytes Written=8
	DistCp Counters
		Bandwidth in Btyes=500
		Bytes Copied=500
		Bytes Expected=500
		Files Copied=1
2019-11-07 15:45:54,592 [LocalJobRunner Map Task Executor #0] INFO  mapred.LocalJobRunner (LocalJobRunner.java:run(277)) - Finishing task: attempt_local1177181672_0003_m_000002_0
2019-11-07 15:45:54,592 [LocalJobRunner Map Task Executor #0] INFO  mapred.LocalJobRunner (LocalJobRunner.java:run(252)) - Starting task: attempt_local1177181672_0003_m_000003_0
2019-11-07 15:45:54,592 [LocalJobRunner Map Task Executor #0] INFO  output.FileOutputCommitter (FileOutputCommitter.java:<init>(140)) - File Output Committer Algorithm version is 2
2019-11-07 15:45:54,593 [LocalJobRunner Map Task Executor #0] INFO  output.FileOutputCommitter (FileOutputCommitter.java:<init>(155)) - FileOutputCommitter skip cleanup _temporary folders under output directory:false, ignore cleanup failures: false
2019-11-07 15:45:54,593 [LocalJobRunner Map Task Executor #0] INFO  mapred.Task (Task.java:initialize(626)) -  Using ResourceCalculatorProcessTree : [ ]
2019-11-07 15:45:54,594 [LocalJobRunner Map Task Executor #0] INFO  mapred.MapTask (MapTask.java:runNewMapper(768)) - Processing split: file:/tmp/hadoop/mapred/staging/jenkins1000121721120/.staging/_distcp-1801277097/fileList.seq:326+280
2019-11-07 15:45:54,594 [LocalJobRunner Map Task Executor #0] INFO  output.FileOutputCommitter (FileOutputCommitter.java:<init>(140)) - File Output Committer Algorithm version is 2
2019-11-07 15:45:54,595 [LocalJobRunner Map Task Executor #0] INFO  output.FileOutputCommitter (FileOutputCommitter.java:<init>(155)) - FileOutputCommitter skip cleanup _temporary folders under output directory:false, ignore cleanup failures: false
2019-11-07 15:45:54,614 [LocalJobRunner Map Task Executor #0] INFO  mapred.CopyMapper (CopyMapper.java:map(154)) - Copying file:/workdir/hadoop-ozone/ozonefs/target/test-dir/ITestOzoneContractDistCp/testTrackDeepDirectoryStructureToRemote/local/inputDir/subDir2/subDir2 to o3fs://bucket23590.volume89802/test/ITestOzoneContractDistCp/testTrackDeepDirectoryStructureToRemote/remote/outputDir/inputDir/subDir2/subDir2
2019-11-07 15:45:54,647 [LocalJobRunner Map Task Executor #0] INFO  mapred.LocalJobRunner (LocalJobRunner.java:statusUpdate(634)) - 
2019-11-07 15:45:54,647 [LocalJobRunner Map Task Executor #0] INFO  mapred.Task (Task.java:done(1244)) - Task:attempt_local1177181672_0003_m_000003_0 is done. And is in the process of committing
2019-11-07 15:45:54,648 [LocalJobRunner Map Task Executor #0] INFO  mapred.LocalJobRunner (LocalJobRunner.java:statusUpdate(634)) - 
2019-11-07 15:45:54,649 [LocalJobRunner Map Task Executor #0] INFO  mapred.Task (Task.java:commit(1421)) - Task attempt_local1177181672_0003_m_000003_0 is allowed to commit now
2019-11-07 15:45:54,650 [LocalJobRunner Map Task Executor #0] INFO  output.FileOutputCommitter (FileOutputCommitter.java:commitTask(598)) - Saved output of task 'attempt_local1177181672_0003_m_000003_0' to file:/tmp/hadoop/mapred/staging/jenkins1000121721120/.staging/_distcp-1801277097/_logs
2019-11-07 15:45:54,651 [LocalJobRunner Map Task Executor #0] INFO  mapred.LocalJobRunner (LocalJobRunner.java:statusUpdate(634)) - Copying file:/workdir/hadoop-ozone/ozonefs/target/test-dir/ITestOzoneContractDistCp/testTrackDeepDirectoryStructureToRemote/local/inputDir/subDir2/subDir2 to o3fs://bucket23590.volume89802/test/ITestOzoneContractDistCp/testTrackDeepDirectoryStructureToRemote/remote/outputDir/inputDir/subDir2/subDir2
2019-11-07 15:45:54,651 [LocalJobRunner Map Task Executor #0] INFO  mapred.Task (Task.java:sendDone(1380)) - Task 'attempt_local1177181672_0003_m_000003_0' done.
2019-11-07 15:45:54,651 [LocalJobRunner Map Task Executor #0] INFO  mapred.Task (Task.java:done(1276)) - Final Counters for attempt_local1177181672_0003_m_000003_0: Counters: 22
	File System Counters
		FILE: Number of bytes read=709456
		FILE: Number of bytes written=2476612
		FILE: Number of read operations=0
		FILE: Number of large read operations=0
		FILE: Number of write operations=0
		O3FS: Number of bytes read=0
		O3FS: Number of bytes written=2900
		O3FS: Number of read operations=175
		O3FS: Number of large read operations=0
		O3FS: Number of write operations=33
	Map-Reduce Framework
		Map input records=1
		Map output records=0
		Input split bytes=158
		Spilled Records=0
		Failed Shuffles=0
		Merged Map outputs=0
		GC time elapsed (ms)=0
		Total committed heap usage (bytes)=1999110144
	File Input Format Counters 
		Bytes Read=3146
	File Output Format Counters 
		Bytes Written=8
	DistCp Counters
		Bandwidth in Btyes=0
		DIR_COPY=1
2019-11-07 15:45:54,652 [LocalJobRunner Map Task Executor #0] INFO  mapred.LocalJobRunner (LocalJobRunner.java:run(277)) - Finishing task: attempt_local1177181672_0003_m_000003_0
2019-11-07 15:45:54,652 [LocalJobRunner Map Task Executor #0] INFO  mapred.LocalJobRunner (LocalJobRunner.java:run(252)) - Starting task: attempt_local1177181672_0003_m_000004_0
2019-11-07 15:45:54,652 [LocalJobRunner Map Task Executor #0] INFO  output.FileOutputCommitter (FileOutputCommitter.java:<init>(140)) - File Output Committer Algorithm version is 2
2019-11-07 15:45:54,653 [LocalJobRunner Map Task Executor #0] INFO  output.FileOutputCommitter (FileOutputCommitter.java:<init>(155)) - FileOutputCommitter skip cleanup _temporary folders under output directory:false, ignore cleanup failures: false
2019-11-07 15:45:54,653 [LocalJobRunner Map Task Executor #0] INFO  mapred.Task (Task.java:initialize(626)) -  Using ResourceCalculatorProcessTree : [ ]
2019-11-07 15:45:54,654 [LocalJobRunner Map Task Executor #0] INFO  mapred.MapTask (MapTask.java:runNewMapper(768)) - Processing split: file:/tmp/hadoop/mapred/staging/jenkins1000121721120/.staging/_distcp-1801277097/fileList.seq:2546+280
2019-11-07 15:45:54,655 [LocalJobRunner Map Task Executor #0] INFO  output.FileOutputCommitter (FileOutputCommitter.java:<init>(140)) - File Output Committer Algorithm version is 2
2019-11-07 15:45:54,655 [LocalJobRunner Map Task Executor #0] INFO  output.FileOutputCommitter (FileOutputCommitter.java:<init>(155)) - FileOutputCommitter skip cleanup _temporary folders under output directory:false, ignore cleanup failures: false
2019-11-07 15:45:54,669 [Thread-592] INFO  mapreduce.Job (Job.java:monitorAndPrintJob(1640)) - Job job_local1177181672_0003 running in uber mode : false
2019-11-07 15:45:54,671 [Thread-592] INFO  mapreduce.Job (Job.java:monitorAndPrintJob(1647)) -  map 100% reduce 0%
2019-11-07 15:45:54,673 [LocalJobRunner Map Task Executor #0] INFO  mapred.CopyMapper (CopyMapper.java:map(154)) - Copying file:/workdir/hadoop-ozone/ozonefs/target/test-dir/ITestOzoneContractDistCp/testTrackDeepDirectoryStructureToRemote/local/inputDir/subDir4/subDir4 to o3fs://bucket23590.volume89802/test/ITestOzoneContractDistCp/testTrackDeepDirectoryStructureToRemote/remote/outputDir/inputDir/subDir4/subDir4
2019-11-07 15:45:54,706 [LocalJobRunner Map Task Executor #0] INFO  mapred.LocalJobRunner (LocalJobRunner.java:statusUpdate(634)) - 
2019-11-07 15:45:54,706 [LocalJobRunner Map Task Executor #0] INFO  mapred.Task (Task.java:done(1244)) - Task:attempt_local1177181672_0003_m_000004_0 is done. And is in the process of committing
2019-11-07 15:45:54,707 [LocalJobRunner Map Task Executor #0] INFO  mapred.LocalJobRunner (LocalJobRunner.java:statusUpdate(634)) - 
2019-11-07 15:45:54,707 [LocalJobRunner Map Task Executor #0] INFO  mapred.Task (Task.java:commit(1421)) - Task attempt_local1177181672_0003_m_000004_0 is allowed to commit now
2019-11-07 15:45:54,709 [LocalJobRunner Map Task Executor #0] INFO  output.FileOutputCommitter (FileOutputCommitter.java:commitTask(598)) - Saved output of task 'attempt_local1177181672_0003_m_000004_0' to file:/tmp/hadoop/mapred/staging/jenkins1000121721120/.staging/_distcp-1801277097/_logs
2019-11-07 15:45:54,709 [LocalJobRunner Map Task Executor #0] INFO  mapred.LocalJobRunner (LocalJobRunner.java:statusUpdate(634)) - Copying file:/workdir/hadoop-ozone/ozonefs/target/test-dir/ITestOzoneContractDistCp/testTrackDeepDirectoryStructureToRemote/local/inputDir/subDir4/subDir4 to o3fs://bucket23590.volume89802/test/ITestOzoneContractDistCp/testTrackDeepDirectoryStructureToRemote/remote/outputDir/inputDir/subDir4/subDir4
2019-11-07 15:45:54,709 [LocalJobRunner Map Task Executor #0] INFO  mapred.Task (Task.java:sendDone(1380)) - Task 'attempt_local1177181672_0003_m_000004_0' done.
2019-11-07 15:45:54,710 [LocalJobRunner Map Task Executor #0] INFO  mapred.Task (Task.java:done(1276)) - Final Counters for attempt_local1177181672_0003_m_000004_0: Counters: 22
	File System Counters
		FILE: Number of bytes read=713539
		FILE: Number of bytes written=2476620
		FILE: Number of read operations=0
		FILE: Number of large read operations=0
		FILE: Number of write operations=0
		O3FS: Number of bytes read=0
		O3FS: Number of bytes written=2900
		O3FS: Number of read operations=177
		O3FS: Number of large read operations=0
		O3FS: Number of write operations=33
	Map-Reduce Framework
		Map input records=1
		Map output records=0
		Input split bytes=158
		Spilled Records=0
		Failed Shuffles=0
		Merged Map outputs=0
		GC time elapsed (ms)=0
		Total committed heap usage (bytes)=1999110144
	File Input Format Counters 
		Bytes Read=3146
	File Output Format Counters 
		Bytes Written=8
	DistCp Counters
		Bandwidth in Btyes=0
		DIR_COPY=1
2019-11-07 15:45:54,710 [LocalJobRunner Map Task Executor #0] INFO  mapred.LocalJobRunner (LocalJobRunner.java:run(277)) - Finishing task: attempt_local1177181672_0003_m_000004_0
2019-11-07 15:45:54,710 [LocalJobRunner Map Task Executor #0] INFO  mapred.LocalJobRunner (LocalJobRunner.java:run(252)) - Starting task: attempt_local1177181672_0003_m_000005_0
2019-11-07 15:45:54,711 [LocalJobRunner Map Task Executor #0] INFO  output.FileOutputCommitter (FileOutputCommitter.java:<init>(140)) - File Output Committer Algorithm version is 2
2019-11-07 15:45:54,711 [LocalJobRunner Map Task Executor #0] INFO  output.FileOutputCommitter (FileOutputCommitter.java:<init>(155)) - FileOutputCommitter skip cleanup _temporary folders under output directory:false, ignore cleanup failures: false
2019-11-07 15:45:54,711 [LocalJobRunner Map Task Executor #0] INFO  mapred.Task (Task.java:initialize(626)) -  Using ResourceCalculatorProcessTree : [ ]
2019-11-07 15:45:54,712 [LocalJobRunner Map Task Executor #0] INFO  mapred.MapTask (MapTask.java:runNewMapper(768)) - Processing split: file:/tmp/hadoop/mapred/staging/jenkins1000121721120/.staging/_distcp-1801277097/fileList.seq:1466+264
2019-11-07 15:45:54,712 [LocalJobRunner Map Task Executor #0] INFO  output.FileOutputCommitter (FileOutputCommitter.java:<init>(140)) - File Output Committer Algorithm version is 2
2019-11-07 15:45:54,713 [LocalJobRunner Map Task Executor #0] INFO  output.FileOutputCommitter (FileOutputCommitter.java:<init>(155)) - FileOutputCommitter skip cleanup _temporary folders under output directory:false, ignore cleanup failures: false
2019-11-07 15:45:54,728 [LocalJobRunner Map Task Executor #0] INFO  mapred.CopyMapper (CopyMapper.java:map(154)) - Copying file:/workdir/hadoop-ozone/ozonefs/target/test-dir/ITestOzoneContractDistCp/testTrackDeepDirectoryStructureToRemote/local/inputDir/subDir2 to o3fs://bucket23590.volume89802/test/ITestOzoneContractDistCp/testTrackDeepDirectoryStructureToRemote/remote/outputDir/inputDir/subDir2
2019-11-07 15:45:54,759 [LocalJobRunner Map Task Executor #0] INFO  mapred.LocalJobRunner (LocalJobRunner.java:statusUpdate(634)) - 
2019-11-07 15:45:54,759 [LocalJobRunner Map Task Executor #0] INFO  mapred.Task (Task.java:done(1244)) - Task:attempt_local1177181672_0003_m_000005_0 is done. And is in the process of committing
2019-11-07 15:45:54,760 [LocalJobRunner Map Task Executor #0] INFO  mapred.LocalJobRunner (LocalJobRunner.java:statusUpdate(634)) - 
2019-11-07 15:45:54,760 [LocalJobRunner Map Task Executor #0] INFO  mapred.Task (Task.java:commit(1421)) - Task attempt_local1177181672_0003_m_000005_0 is allowed to commit now
2019-11-07 15:45:54,761 [LocalJobRunner Map Task Executor #0] INFO  output.FileOutputCommitter (FileOutputCommitter.java:commitTask(598)) - Saved output of task 'attempt_local1177181672_0003_m_000005_0' to file:/tmp/hadoop/mapred/staging/jenkins1000121721120/.staging/_distcp-1801277097/_logs
2019-11-07 15:45:54,762 [LocalJobRunner Map Task Executor #0] INFO  mapred.LocalJobRunner (LocalJobRunner.java:statusUpdate(634)) - Copying file:/workdir/hadoop-ozone/ozonefs/target/test-dir/ITestOzoneContractDistCp/testTrackDeepDirectoryStructureToRemote/local/inputDir/subDir2 to o3fs://bucket23590.volume89802/test/ITestOzoneContractDistCp/testTrackDeepDirectoryStructureToRemote/remote/outputDir/inputDir/subDir2
2019-11-07 15:45:54,762 [LocalJobRunner Map Task Executor #0] INFO  mapred.Task (Task.java:sendDone(1380)) - Task 'attempt_local1177181672_0003_m_000005_0' done.
2019-11-07 15:45:54,762 [LocalJobRunner Map Task Executor #0] INFO  mapred.Task (Task.java:done(1276)) - Final Counters for attempt_local1177181672_0003_m_000005_0: Counters: 22
	File System Counters
		FILE: Number of bytes read=717622
		FILE: Number of bytes written=2476628
		FILE: Number of read operations=0
		FILE: Number of large read operations=0
		FILE: Number of write operations=0
		O3FS: Number of bytes read=0
		O3FS: Number of bytes written=2900
		O3FS: Number of read operations=179
		O3FS: Number of large read operations=0
		O3FS: Number of write operations=33
	Map-Reduce Framework
		Map input records=1
		Map output records=0
		Input split bytes=158
		Spilled Records=0
		Failed Shuffles=0
		Merged Map outputs=0
		GC time elapsed (ms)=0
		Total committed heap usage (bytes)=1999110144
	File Input Format Counters 
		Bytes Read=3146
	File Output Format Counters 
		Bytes Written=8
	DistCp Counters
		Bandwidth in Btyes=0
		DIR_COPY=1
2019-11-07 15:45:54,762 [LocalJobRunner Map Task Executor #0] INFO  mapred.LocalJobRunner (LocalJobRunner.java:run(277)) - Finishing task: attempt_local1177181672_0003_m_000005_0
2019-11-07 15:45:54,763 [LocalJobRunner Map Task Executor #0] INFO  mapred.LocalJobRunner (LocalJobRunner.java:run(252)) - Starting task: attempt_local1177181672_0003_m_000006_0
2019-11-07 15:45:54,763 [LocalJobRunner Map Task Executor #0] INFO  output.FileOutputCommitter (FileOutputCommitter.java:<init>(140)) - File Output Committer Algorithm version is 2
2019-11-07 15:45:54,763 [LocalJobRunner Map Task Executor #0] INFO  output.FileOutputCommitter (FileOutputCommitter.java:<init>(155)) - FileOutputCommitter skip cleanup _temporary folders under output directory:false, ignore cleanup failures: false
2019-11-07 15:45:54,764 [LocalJobRunner Map Task Executor #0] INFO  mapred.Task (Task.java:initialize(626)) -  Using ResourceCalculatorProcessTree : [ ]
2019-11-07 15:45:54,765 [LocalJobRunner Map Task Executor #0] INFO  mapred.MapTask (MapTask.java:runNewMapper(768)) - Processing split: file:/tmp/hadoop/mapred/staging/jenkins1000121721120/.staging/_distcp-1801277097/fileList.seq:1990+264
2019-11-07 15:45:54,765 [LocalJobRunner Map Task Executor #0] INFO  output.FileOutputCommitter (FileOutputCommitter.java:<init>(140)) - File Output Committer Algorithm version is 2
2019-11-07 15:45:54,765 [LocalJobRunner Map Task Executor #0] INFO  output.FileOutputCommitter (FileOutputCommitter.java:<init>(155)) - FileOutputCommitter skip cleanup _temporary folders under output directory:false, ignore cleanup failures: false
2019-11-07 15:45:54,779 [LocalJobRunner Map Task Executor #0] INFO  mapred.CopyMapper (CopyMapper.java:map(154)) - Copying file:/workdir/hadoop-ozone/ozonefs/target/test-dir/ITestOzoneContractDistCp/testTrackDeepDirectoryStructureToRemote/local/inputDir/subDir1 to o3fs://bucket23590.volume89802/test/ITestOzoneContractDistCp/testTrackDeepDirectoryStructureToRemote/remote/outputDir/inputDir/subDir1
2019-11-07 15:45:54,811 [LocalJobRunner Map Task Executor #0] INFO  mapred.LocalJobRunner (LocalJobRunner.java:statusUpdate(634)) - 
2019-11-07 15:45:54,811 [LocalJobRunner Map Task Executor #0] INFO  mapred.Task (Task.java:done(1244)) - Task:attempt_local1177181672_0003_m_000006_0 is done. And is in the process of committing
2019-11-07 15:45:54,812 [LocalJobRunner Map Task Executor #0] INFO  mapred.LocalJobRunner (LocalJobRunner.java:statusUpdate(634)) - 
2019-11-07 15:45:54,812 [LocalJobRunner Map Task Executor #0] INFO  mapred.Task (Task.java:commit(1421)) - Task attempt_local1177181672_0003_m_000006_0 is allowed to commit now
2019-11-07 15:45:54,814 [LocalJobRunner Map Task Executor #0] INFO  output.FileOutputCommitter (FileOutputCommitter.java:commitTask(598)) - Saved output of task 'attempt_local1177181672_0003_m_000006_0' to file:/tmp/hadoop/mapred/staging/jenkins1000121721120/.staging/_distcp-1801277097/_logs
2019-11-07 15:45:54,814 [LocalJobRunner Map Task Executor #0] INFO  mapred.LocalJobRunner (LocalJobRunner.java:statusUpdate(634)) - Copying file:/workdir/hadoop-ozone/ozonefs/target/test-dir/ITestOzoneContractDistCp/testTrackDeepDirectoryStructureToRemote/local/inputDir/subDir1 to o3fs://bucket23590.volume89802/test/ITestOzoneContractDistCp/testTrackDeepDirectoryStructureToRemote/remote/outputDir/inputDir/subDir1
2019-11-07 15:45:54,814 [LocalJobRunner Map Task Executor #0] INFO  mapred.Task (Task.java:sendDone(1380)) - Task 'attempt_local1177181672_0003_m_000006_0' done.
2019-11-07 15:45:54,815 [LocalJobRunner Map Task Executor #0] INFO  mapred.Task (Task.java:done(1276)) - Final Counters for attempt_local1177181672_0003_m_000006_0: Counters: 22
	File System Counters
		FILE: Number of bytes read=721705
		FILE: Number of bytes written=2476636
		FILE: Number of read operations=0
		FILE: Number of large read operations=0
		FILE: Number of write operations=0
		O3FS: Number of bytes read=0
		O3FS: Number of bytes written=2900
		O3FS: Number of read operations=181
		O3FS: Number of large read operations=0
		O3FS: Number of write operations=33
	Map-Reduce Framework
		Map input records=1
		Map output records=0
		Input split bytes=158
		Spilled Records=0
		Failed Shuffles=0
		Merged Map outputs=0
		GC time elapsed (ms)=0
		Total committed heap usage (bytes)=1999110144
	File Input Format Counters 
		Bytes Read=3146
	File Output Format Counters 
		Bytes Written=8
	DistCp Counters
		Bandwidth in Btyes=0
		DIR_COPY=1
2019-11-07 15:45:54,815 [LocalJobRunner Map Task Executor #0] INFO  mapred.LocalJobRunner (LocalJobRunner.java:run(277)) - Finishing task: attempt_local1177181672_0003_m_000006_0
2019-11-07 15:45:54,815 [LocalJobRunner Map Task Executor #0] INFO  mapred.LocalJobRunner (LocalJobRunner.java:run(252)) - Starting task: attempt_local1177181672_0003_m_000007_0
2019-11-07 15:45:54,815 [LocalJobRunner Map Task Executor #0] INFO  output.FileOutputCommitter (FileOutputCommitter.java:<init>(140)) - File Output Committer Algorithm version is 2
2019-11-07 15:45:54,816 [LocalJobRunner Map Task Executor #0] INFO  output.FileOutputCommitter (FileOutputCommitter.java:<init>(155)) - FileOutputCommitter skip cleanup _temporary folders under output directory:false, ignore cleanup failures: false
2019-11-07 15:45:54,816 [LocalJobRunner Map Task Executor #0] INFO  mapred.Task (Task.java:initialize(626)) -  Using ResourceCalculatorProcessTree : [ ]
2019-11-07 15:45:54,817 [LocalJobRunner Map Task Executor #0] INFO  mapred.MapTask (MapTask.java:runNewMapper(768)) - Processing split: file:/tmp/hadoop/mapred/staging/jenkins1000121721120/.staging/_distcp-1801277097/fileList.seq:2826+264
2019-11-07 15:45:54,817 [LocalJobRunner Map Task Executor #0] INFO  output.FileOutputCommitter (FileOutputCommitter.java:<init>(140)) - File Output Committer Algorithm version is 2
2019-11-07 15:45:54,817 [LocalJobRunner Map Task Executor #0] INFO  output.FileOutputCommitter (FileOutputCommitter.java:<init>(155)) - FileOutputCommitter skip cleanup _temporary folders under output directory:false, ignore cleanup failures: false
2019-11-07 15:45:54,832 [LocalJobRunner Map Task Executor #0] INFO  mapred.CopyMapper (CopyMapper.java:map(154)) - Copying file:/workdir/hadoop-ozone/ozonefs/target/test-dir/ITestOzoneContractDistCp/testTrackDeepDirectoryStructureToRemote/local/inputDir/subDir4 to o3fs://bucket23590.volume89802/test/ITestOzoneContractDistCp/testTrackDeepDirectoryStructureToRemote/remote/outputDir/inputDir/subDir4
2019-11-07 15:45:54,863 [LocalJobRunner Map Task Executor #0] INFO  mapred.LocalJobRunner (LocalJobRunner.java:statusUpdate(634)) - 
2019-11-07 15:45:54,863 [LocalJobRunner Map Task Executor #0] INFO  mapred.Task (Task.java:done(1244)) - Task:attempt_local1177181672_0003_m_000007_0 is done. And is in the process of committing
2019-11-07 15:45:54,864 [LocalJobRunner Map Task Executor #0] INFO  mapred.LocalJobRunner (LocalJobRunner.java:statusUpdate(634)) - 
2019-11-07 15:45:54,864 [LocalJobRunner Map Task Executor #0] INFO  mapred.Task (Task.java:commit(1421)) - Task attempt_local1177181672_0003_m_000007_0 is allowed to commit now
2019-11-07 15:45:54,866 [LocalJobRunner Map Task Executor #0] INFO  output.FileOutputCommitter (FileOutputCommitter.java:commitTask(598)) - Saved output of task 'attempt_local1177181672_0003_m_000007_0' to file:/tmp/hadoop/mapred/staging/jenkins1000121721120/.staging/_distcp-1801277097/_logs
2019-11-07 15:45:54,866 [LocalJobRunner Map Task Executor #0] INFO  mapred.LocalJobRunner (LocalJobRunner.java:statusUpdate(634)) - Copying file:/workdir/hadoop-ozone/ozonefs/target/test-dir/ITestOzoneContractDistCp/testTrackDeepDirectoryStructureToRemote/local/inputDir/subDir4 to o3fs://bucket23590.volume89802/test/ITestOzoneContractDistCp/testTrackDeepDirectoryStructureToRemote/remote/outputDir/inputDir/subDir4
2019-11-07 15:45:54,867 [LocalJobRunner Map Task Executor #0] INFO  mapred.Task (Task.java:sendDone(1380)) - Task 'attempt_local1177181672_0003_m_000007_0' done.
2019-11-07 15:45:54,867 [LocalJobRunner Map Task Executor #0] INFO  mapred.Task (Task.java:done(1276)) - Final Counters for attempt_local1177181672_0003_m_000007_0: Counters: 22
	File System Counters
		FILE: Number of bytes read=725276
		FILE: Number of bytes written=2476644
		FILE: Number of read operations=0
		FILE: Number of large read operations=0
		FILE: Number of write operations=0
		O3FS: Number of bytes read=0
		O3FS: Number of bytes written=2900
		O3FS: Number of read operations=183
		O3FS: Number of large read operations=0
		O3FS: Number of write operations=33
	Map-Reduce Framework
		Map input records=1
		Map output records=0
		Input split bytes=158
		Spilled Records=0
		Failed Shuffles=0
		Merged Map outputs=0
		GC time elapsed (ms)=0
		Total committed heap usage (bytes)=1999110144
	File Input Format Counters 
		Bytes Read=3146
	File Output Format Counters 
		Bytes Written=8
	DistCp Counters
		Bandwidth in Btyes=0
		DIR_COPY=1
2019-11-07 15:45:54,867 [LocalJobRunner Map Task Executor #0] INFO  mapred.LocalJobRunner (LocalJobRunner.java:run(277)) - Finishing task: attempt_local1177181672_0003_m_000007_0
2019-11-07 15:45:54,867 [LocalJobRunner Map Task Executor #0] INFO  mapred.LocalJobRunner (LocalJobRunner.java:run(252)) - Starting task: attempt_local1177181672_0003_m_000008_0
2019-11-07 15:45:54,868 [LocalJobRunner Map Task Executor #0] INFO  output.FileOutputCommitter (FileOutputCommitter.java:<init>(140)) - File Output Committer Algorithm version is 2
2019-11-07 15:45:54,868 [LocalJobRunner Map Task Executor #0] INFO  output.FileOutputCommitter (FileOutputCommitter.java:<init>(155)) - FileOutputCommitter skip cleanup _temporary folders under output directory:false, ignore cleanup failures: false
2019-11-07 15:45:54,868 [LocalJobRunner Map Task Executor #0] INFO  mapred.Task (Task.java:initialize(626)) -  Using ResourceCalculatorProcessTree : [ ]
2019-11-07 15:45:54,869 [LocalJobRunner Map Task Executor #0] INFO  mapred.MapTask (MapTask.java:runNewMapper(768)) - Processing split: file:/tmp/hadoop/mapred/staging/jenkins1000121721120/.staging/_distcp-1801277097/fileList.seq:1730+260
2019-11-07 15:45:54,870 [LocalJobRunner Map Task Executor #0] INFO  output.FileOutputCommitter (FileOutputCommitter.java:<init>(140)) - File Output Committer Algorithm version is 2
2019-11-07 15:45:54,870 [LocalJobRunner Map Task Executor #0] INFO  output.FileOutputCommitter (FileOutputCommitter.java:<init>(155)) - FileOutputCommitter skip cleanup _temporary folders under output directory:false, ignore cleanup failures: false
2019-11-07 15:45:54,887 [LocalJobRunner Map Task Executor #0] INFO  mapred.CopyMapper (CopyMapper.java:map(154)) - Copying file:/workdir/hadoop-ozone/ozonefs/target/test-dir/ITestOzoneContractDistCp/testTrackDeepDirectoryStructureToRemote/local/inputDir/file1 to o3fs://bucket23590.volume89802/test/ITestOzoneContractDistCp/testTrackDeepDirectoryStructureToRemote/remote/outputDir/inputDir/file1
15:45:54.893 [IPC Server handler 0 on 35423] ERROR OMAudit - user=jenkins1000 | ip=127.0.0.1 | op=GET_FILE_STATUS {volume=volume89802, bucket=bucket23590, key=test/ITestOzoneContractDistCp/testTrackDeepDirectoryStructureToRemote/remote/outputDir/inputDir/file1, dataSize=0, replicationType=null, replicationFactor=null, keyLocationInfo=null} | ret=FAILURE
org.apache.hadoop.ozone.om.exceptions.OMException: Unable to get file status: volume: volume89802 bucket: bucket23590 key: test/ITestOzoneContractDistCp/testTrackDeepDirectoryStructureToRemote/remote/outputDir/inputDir/file1
	at org.apache.hadoop.ozone.om.KeyManagerImpl.getFileStatus(KeyManagerImpl.java:1784) ~[hadoop-ozone-ozone-manager-0.5.0-SNAPSHOT.jar:?]
	at org.apache.hadoop.ozone.om.OzoneManager.getFileStatus(OzoneManager.java:2762) ~[hadoop-ozone-ozone-manager-0.5.0-SNAPSHOT.jar:?]
	at org.apache.hadoop.ozone.protocolPB.OzoneManagerRequestHandler.getOzoneFileStatus(OzoneManagerRequestHandler.java:1053) ~[hadoop-ozone-ozone-manager-0.5.0-SNAPSHOT.jar:?]
	at org.apache.hadoop.ozone.protocolPB.OzoneManagerRequestHandler.handle(OzoneManagerRequestHandler.java:340) ~[hadoop-ozone-ozone-manager-0.5.0-SNAPSHOT.jar:?]
	at org.apache.hadoop.ozone.protocolPB.OzoneManagerProtocolServerSideTranslatorPB.submitRequestDirectlyToOM(OzoneManagerProtocolServerSideTranslatorPB.java:208) ~[hadoop-ozone-ozone-manager-0.5.0-SNAPSHOT.jar:?]
	at org.apache.hadoop.ozone.protocolPB.OzoneManagerProtocolServerSideTranslatorPB.processRequest(OzoneManagerProtocolServerSideTranslatorPB.java:132) ~[hadoop-ozone-ozone-manager-0.5.0-SNAPSHOT.jar:?]
	at org.apache.hadoop.hdds.server.OzoneProtocolMessageDispatcher.processRequest(OzoneProtocolMessageDispatcher.java:72) [hadoop-hdds-server-framework-0.5.0-SNAPSHOT.jar:?]
	at org.apache.hadoop.ozone.protocolPB.OzoneManagerProtocolServerSideTranslatorPB.submitRequest(OzoneManagerProtocolServerSideTranslatorPB.java:100) [hadoop-ozone-ozone-manager-0.5.0-SNAPSHOT.jar:?]
	at org.apache.hadoop.ozone.protocol.proto.OzoneManagerProtocolProtos$OzoneManagerService$2.callBlockingMethod(OzoneManagerProtocolProtos.java) [hadoop-ozone-common-0.5.0-SNAPSHOT.jar:?]
	at org.apache.hadoop.ipc.ProtobufRpcEngine$Server$ProtoBufRpcInvoker.call(ProtobufRpcEngine.java:524) [hadoop-common-3.2.0.jar:?]
	at org.apache.hadoop.ipc.RPC$Server.call(RPC.java:1025) [hadoop-common-3.2.0.jar:?]
	at org.apache.hadoop.ipc.Server$RpcCall.run(Server.java:876) [hadoop-common-3.2.0.jar:?]
	at org.apache.hadoop.ipc.Server$RpcCall.run(Server.java:822) [hadoop-common-3.2.0.jar:?]
	at java.security.AccessController.doPrivileged(Native Method) [?:1.8.0_222]
	at javax.security.auth.Subject.doAs(Subject.java:422) [?:1.8.0_222]
	at org.apache.hadoop.security.UserGroupInformation.doAs(UserGroupInformation.java:1730) [hadoop-common-3.2.0.jar:?]
	at org.apache.hadoop.ipc.Server$Handler.run(Server.java:2682) [hadoop-common-3.2.0.jar:?]
2019-11-07 15:45:54,895 [LocalJobRunner Map Task Executor #0] INFO  mapred.RetriableFileCopyCommand (RetriableFileCopyCommand.java:getTmpFile(260)) - Creating temp file: o3fs://bucket23590.volume89802/test/ITestOzoneContractDistCp/testTrackDeepDirectoryStructureToRemote/remote/outputDir/.distcp.tmp.attempt_local1177181672_0003_m_000008_0
15:45:55.000 [IPC Server handler 8 on 35423] ERROR OMAudit - user=jenkins1000 | ip=127.0.0.1 | op=GET_FILE_STATUS {volume=volume89802, bucket=bucket23590, key=test/ITestOzoneContractDistCp/testTrackDeepDirectoryStructureToRemote/remote/outputDir/inputDir/file1, dataSize=0, replicationType=null, replicationFactor=null, keyLocationInfo=null} | ret=FAILURE
org.apache.hadoop.ozone.om.exceptions.OMException: Unable to get file status: volume: volume89802 bucket: bucket23590 key: test/ITestOzoneContractDistCp/testTrackDeepDirectoryStructureToRemote/remote/outputDir/inputDir/file1
	at org.apache.hadoop.ozone.om.KeyManagerImpl.getFileStatus(KeyManagerImpl.java:1784) ~[hadoop-ozone-ozone-manager-0.5.0-SNAPSHOT.jar:?]
	at org.apache.hadoop.ozone.om.OzoneManager.getFileStatus(OzoneManager.java:2762) ~[hadoop-ozone-ozone-manager-0.5.0-SNAPSHOT.jar:?]
	at org.apache.hadoop.ozone.protocolPB.OzoneManagerRequestHandler.getOzoneFileStatus(OzoneManagerRequestHandler.java:1053) ~[hadoop-ozone-ozone-manager-0.5.0-SNAPSHOT.jar:?]
	at org.apache.hadoop.ozone.protocolPB.OzoneManagerRequestHandler.handle(OzoneManagerRequestHandler.java:340) ~[hadoop-ozone-ozone-manager-0.5.0-SNAPSHOT.jar:?]
	at org.apache.hadoop.ozone.protocolPB.OzoneManagerProtocolServerSideTranslatorPB.submitRequestDirectlyToOM(OzoneManagerProtocolServerSideTranslatorPB.java:208) ~[hadoop-ozone-ozone-manager-0.5.0-SNAPSHOT.jar:?]
	at org.apache.hadoop.ozone.protocolPB.OzoneManagerProtocolServerSideTranslatorPB.processRequest(OzoneManagerProtocolServerSideTranslatorPB.java:132) ~[hadoop-ozone-ozone-manager-0.5.0-SNAPSHOT.jar:?]
	at org.apache.hadoop.hdds.server.OzoneProtocolMessageDispatcher.processRequest(OzoneProtocolMessageDispatcher.java:72) [hadoop-hdds-server-framework-0.5.0-SNAPSHOT.jar:?]
	at org.apache.hadoop.ozone.protocolPB.OzoneManagerProtocolServerSideTranslatorPB.submitRequest(OzoneManagerProtocolServerSideTranslatorPB.java:100) [hadoop-ozone-ozone-manager-0.5.0-SNAPSHOT.jar:?]
	at org.apache.hadoop.ozone.protocol.proto.OzoneManagerProtocolProtos$OzoneManagerService$2.callBlockingMethod(OzoneManagerProtocolProtos.java) [hadoop-ozone-common-0.5.0-SNAPSHOT.jar:?]
	at org.apache.hadoop.ipc.ProtobufRpcEngine$Server$ProtoBufRpcInvoker.call(ProtobufRpcEngine.java:524) [hadoop-common-3.2.0.jar:?]
	at org.apache.hadoop.ipc.RPC$Server.call(RPC.java:1025) [hadoop-common-3.2.0.jar:?]
	at org.apache.hadoop.ipc.Server$RpcCall.run(Server.java:876) [hadoop-common-3.2.0.jar:?]
	at org.apache.hadoop.ipc.Server$RpcCall.run(Server.java:822) [hadoop-common-3.2.0.jar:?]
	at java.security.AccessController.doPrivileged(Native Method) [?:1.8.0_222]
	at javax.security.auth.Subject.doAs(Subject.java:422) [?:1.8.0_222]
	at org.apache.hadoop.security.UserGroupInformation.doAs(UserGroupInformation.java:1730) [hadoop-common-3.2.0.jar:?]
	at org.apache.hadoop.ipc.Server$Handler.run(Server.java:2682) [hadoop-common-3.2.0.jar:?]
15:45:55.005 [IPC Server handler 2 on 35423] ERROR OMAudit - user=jenkins1000 | ip=127.0.0.1 | op=GET_FILE_STATUS {volume=volume89802, bucket=bucket23590, key=test/ITestOzoneContractDistCp/testTrackDeepDirectoryStructureToRemote/remote/outputDir/inputDir/file1, dataSize=0, replicationType=null, replicationFactor=null, keyLocationInfo=null} | ret=FAILURE
org.apache.hadoop.ozone.om.exceptions.OMException: Unable to get file status: volume: volume89802 bucket: bucket23590 key: test/ITestOzoneContractDistCp/testTrackDeepDirectoryStructureToRemote/remote/outputDir/inputDir/file1
	at org.apache.hadoop.ozone.om.KeyManagerImpl.getFileStatus(KeyManagerImpl.java:1784) ~[hadoop-ozone-ozone-manager-0.5.0-SNAPSHOT.jar:?]
	at org.apache.hadoop.ozone.om.OzoneManager.getFileStatus(OzoneManager.java:2762) ~[hadoop-ozone-ozone-manager-0.5.0-SNAPSHOT.jar:?]
	at org.apache.hadoop.ozone.protocolPB.OzoneManagerRequestHandler.getOzoneFileStatus(OzoneManagerRequestHandler.java:1053) ~[hadoop-ozone-ozone-manager-0.5.0-SNAPSHOT.jar:?]
	at org.apache.hadoop.ozone.protocolPB.OzoneManagerRequestHandler.handle(OzoneManagerRequestHandler.java:340) ~[hadoop-ozone-ozone-manager-0.5.0-SNAPSHOT.jar:?]
	at org.apache.hadoop.ozone.protocolPB.OzoneManagerProtocolServerSideTranslatorPB.submitRequestDirectlyToOM(OzoneManagerProtocolServerSideTranslatorPB.java:208) ~[hadoop-ozone-ozone-manager-0.5.0-SNAPSHOT.jar:?]
	at org.apache.hadoop.ozone.protocolPB.OzoneManagerProtocolServerSideTranslatorPB.processRequest(OzoneManagerProtocolServerSideTranslatorPB.java:132) ~[hadoop-ozone-ozone-manager-0.5.0-SNAPSHOT.jar:?]
	at org.apache.hadoop.hdds.server.OzoneProtocolMessageDispatcher.processRequest(OzoneProtocolMessageDispatcher.java:72) [hadoop-hdds-server-framework-0.5.0-SNAPSHOT.jar:?]
	at org.apache.hadoop.ozone.protocolPB.OzoneManagerProtocolServerSideTranslatorPB.submitRequest(OzoneManagerProtocolServerSideTranslatorPB.java:100) [hadoop-ozone-ozone-manager-0.5.0-SNAPSHOT.jar:?]
	at org.apache.hadoop.ozone.protocol.proto.OzoneManagerProtocolProtos$OzoneManagerService$2.callBlockingMethod(OzoneManagerProtocolProtos.java) [hadoop-ozone-common-0.5.0-SNAPSHOT.jar:?]
	at org.apache.hadoop.ipc.ProtobufRpcEngine$Server$ProtoBufRpcInvoker.call(ProtobufRpcEngine.java:524) [hadoop-common-3.2.0.jar:?]
	at org.apache.hadoop.ipc.RPC$Server.call(RPC.java:1025) [hadoop-common-3.2.0.jar:?]
	at org.apache.hadoop.ipc.Server$RpcCall.run(Server.java:876) [hadoop-common-3.2.0.jar:?]
	at org.apache.hadoop.ipc.Server$RpcCall.run(Server.java:822) [hadoop-common-3.2.0.jar:?]
	at java.security.AccessController.doPrivileged(Native Method) [?:1.8.0_222]
	at javax.security.auth.Subject.doAs(Subject.java:422) [?:1.8.0_222]
	at org.apache.hadoop.security.UserGroupInformation.doAs(UserGroupInformation.java:1730) [hadoop-common-3.2.0.jar:?]
	at org.apache.hadoop.ipc.Server$Handler.run(Server.java:2682) [hadoop-common-3.2.0.jar:?]
15:45:55.040 [IPC Server handler 13 on 35423] ERROR OMAudit - user=jenkins1000 | ip=127.0.0.1 | op=GET_FILE_STATUS {volume=volume89802, bucket=bucket23590, key=test/ITestOzoneContractDistCp/testTrackDeepDirectoryStructureToRemote/remote/outputDir/.distcp.tmp.attempt_local1177181672_0003_m_000008_0, dataSize=0, replicationType=null, replicationFactor=null, keyLocationInfo=null} | ret=FAILURE
org.apache.hadoop.ozone.om.exceptions.OMException: Unable to get file status: volume: volume89802 bucket: bucket23590 key: test/ITestOzoneContractDistCp/testTrackDeepDirectoryStructureToRemote/remote/outputDir/.distcp.tmp.attempt_local1177181672_0003_m_000008_0
	at org.apache.hadoop.ozone.om.KeyManagerImpl.getFileStatus(KeyManagerImpl.java:1784) ~[hadoop-ozone-ozone-manager-0.5.0-SNAPSHOT.jar:?]
	at org.apache.hadoop.ozone.om.OzoneManager.getFileStatus(OzoneManager.java:2762) ~[hadoop-ozone-ozone-manager-0.5.0-SNAPSHOT.jar:?]
	at org.apache.hadoop.ozone.protocolPB.OzoneManagerRequestHandler.getOzoneFileStatus(OzoneManagerRequestHandler.java:1053) ~[hadoop-ozone-ozone-manager-0.5.0-SNAPSHOT.jar:?]
	at org.apache.hadoop.ozone.protocolPB.OzoneManagerRequestHandler.handle(OzoneManagerRequestHandler.java:340) ~[hadoop-ozone-ozone-manager-0.5.0-SNAPSHOT.jar:?]
	at org.apache.hadoop.ozone.protocolPB.OzoneManagerProtocolServerSideTranslatorPB.submitRequestDirectlyToOM(OzoneManagerProtocolServerSideTranslatorPB.java:208) ~[hadoop-ozone-ozone-manager-0.5.0-SNAPSHOT.jar:?]
	at org.apache.hadoop.ozone.protocolPB.OzoneManagerProtocolServerSideTranslatorPB.processRequest(OzoneManagerProtocolServerSideTranslatorPB.java:132) ~[hadoop-ozone-ozone-manager-0.5.0-SNAPSHOT.jar:?]
	at org.apache.hadoop.hdds.server.OzoneProtocolMessageDispatcher.processRequest(OzoneProtocolMessageDispatcher.java:72) [hadoop-hdds-server-framework-0.5.0-SNAPSHOT.jar:?]
	at org.apache.hadoop.ozone.protocolPB.OzoneManagerProtocolServerSideTranslatorPB.submitRequest(OzoneManagerProtocolServerSideTranslatorPB.java:100) [hadoop-ozone-ozone-manager-0.5.0-SNAPSHOT.jar:?]
	at org.apache.hadoop.ozone.protocol.proto.OzoneManagerProtocolProtos$OzoneManagerService$2.callBlockingMethod(OzoneManagerProtocolProtos.java) [hadoop-ozone-common-0.5.0-SNAPSHOT.jar:?]
	at org.apache.hadoop.ipc.ProtobufRpcEngine$Server$ProtoBufRpcInvoker.call(ProtobufRpcEngine.java:524) [hadoop-common-3.2.0.jar:?]
	at org.apache.hadoop.ipc.RPC$Server.call(RPC.java:1025) [hadoop-common-3.2.0.jar:?]
	at org.apache.hadoop.ipc.Server$RpcCall.run(Server.java:876) [hadoop-common-3.2.0.jar:?]
	at org.apache.hadoop.ipc.Server$RpcCall.run(Server.java:822) [hadoop-common-3.2.0.jar:?]
	at java.security.AccessController.doPrivileged(Native Method) [?:1.8.0_222]
	at javax.security.auth.Subject.doAs(Subject.java:422) [?:1.8.0_222]
	at org.apache.hadoop.security.UserGroupInformation.doAs(UserGroupInformation.java:1730) [hadoop-common-3.2.0.jar:?]
	at org.apache.hadoop.ipc.Server$Handler.run(Server.java:2682) [hadoop-common-3.2.0.jar:?]
2019-11-07 15:45:55,041 [LocalJobRunner Map Task Executor #0] WARN  ozone.BasicOzoneFileSystem (BasicOzoneFileSystem.java:delete(444)) - delete: Path does not exist: o3fs://bucket23590.volume89802/test/ITestOzoneContractDistCp/testTrackDeepDirectoryStructureToRemote/remote/outputDir/.distcp.tmp.attempt_local1177181672_0003_m_000008_0
2019-11-07 15:45:55,042 [LocalJobRunner Map Task Executor #0] INFO  mapred.LocalJobRunner (LocalJobRunner.java:statusUpdate(634)) - 
2019-11-07 15:45:55,042 [LocalJobRunner Map Task Executor #0] INFO  mapred.Task (Task.java:done(1244)) - Task:attempt_local1177181672_0003_m_000008_0 is done. And is in the process of committing
2019-11-07 15:45:55,043 [LocalJobRunner Map Task Executor #0] INFO  mapred.LocalJobRunner (LocalJobRunner.java:statusUpdate(634)) - 
2019-11-07 15:45:55,043 [LocalJobRunner Map Task Executor #0] INFO  mapred.Task (Task.java:commit(1421)) - Task attempt_local1177181672_0003_m_000008_0 is allowed to commit now
2019-11-07 15:45:55,044 [LocalJobRunner Map Task Executor #0] INFO  output.FileOutputCommitter (FileOutputCommitter.java:commitTask(598)) - Saved output of task 'attempt_local1177181672_0003_m_000008_0' to file:/tmp/hadoop/mapred/staging/jenkins1000121721120/.staging/_distcp-1801277097/_logs
2019-11-07 15:45:55,045 [LocalJobRunner Map Task Executor #0] INFO  mapred.LocalJobRunner (LocalJobRunner.java:statusUpdate(634)) - 100.0% Copying file:/workdir/hadoop-ozone/ozonefs/target/test-dir/ITestOzoneContractDistCp/testTrackDeepDirectoryStructureToRemote/local/inputDir/file1 to o3fs://bucket23590.volume89802/test/ITestOzoneContractDistCp/testTrackDeepDirectoryStructureToRemote/remote/outputDir/inputDir/file1 [100.0B/100.0B]
2019-11-07 15:45:55,045 [LocalJobRunner Map Task Executor #0] INFO  mapred.Task (Task.java:sendDone(1380)) - Task 'attempt_local1177181672_0003_m_000008_0' done.
2019-11-07 15:45:55,045 [LocalJobRunner Map Task Executor #0] INFO  mapred.Task (Task.java:done(1276)) - Final Counters for attempt_local1177181672_0003_m_000008_0: Counters: 24
	File System Counters
		FILE: Number of bytes read=728963
		FILE: Number of bytes written=2476652
		FILE: Number of read operations=0
		FILE: Number of large read operations=0
		FILE: Number of write operations=0
		O3FS: Number of bytes read=0
		O3FS: Number of bytes written=3000
		O3FS: Number of read operations=193
		O3FS: Number of large read operations=0
		O3FS: Number of write operations=36
	Map-Reduce Framework
		Map input records=1
		Map output records=0
		Input split bytes=158
		Spilled Records=0
		Failed Shuffles=0
		Merged Map outputs=0
		GC time elapsed (ms)=0
		Total committed heap usage (bytes)=1999110144
	File Input Format Counters 
		Bytes Read=3146
	File Output Format Counters 
		Bytes Written=8
	DistCp Counters
		Bandwidth in Btyes=100
		Bytes Copied=100
		Bytes Expected=100
		Files Copied=1
2019-11-07 15:45:55,045 [LocalJobRunner Map Task Executor #0] INFO  mapred.LocalJobRunner (LocalJobRunner.java:run(277)) - Finishing task: attempt_local1177181672_0003_m_000008_0
2019-11-07 15:45:55,046 [Thread-656] INFO  mapred.LocalJobRunner (LocalJobRunner.java:runTasks(486)) - map task executor complete.
2019-11-07 15:45:55,063 [Thread-656] INFO  mapred.CopyCommitter (CopyCommitter.java:cleanup(189)) - Cleaning up temporary work folder: file:/tmp/hadoop/mapred/staging/jenkins1000121721120/.staging/_distcp-1801277097
2019-11-07 15:45:55,672 [Thread-592] INFO  mapreduce.Job (Job.java:monitorAndPrintJob(1658)) - Job job_local1177181672_0003 completed successfully
2019-11-07 15:45:55,676 [Thread-592] INFO  mapreduce.Job (Job.java:monitorAndPrintJob(1665)) - Counters: 25
	File System Counters
		FILE: Number of bytes read=6416327
		FILE: Number of bytes written=22289580
		FILE: Number of read operations=0
		FILE: Number of large read operations=0
		FILE: Number of write operations=0
		O3FS: Number of bytes read=0
		O3FS: Number of bytes written=25200
		O3FS: Number of read operations=1585
		O3FS: Number of large read operations=0
		O3FS: Number of write operations=294
	Map-Reduce Framework
		Map input records=11
		Map output records=0
		Input split bytes=1422
		Spilled Records=0
		Failed Shuffles=0
		Merged Map outputs=0
		GC time elapsed (ms)=0
		Total committed heap usage (bytes)=17991991296
	File Input Format Counters 
		Bytes Read=28314
	File Output Format Counters 
		Bytes Written=72
	DistCp Counters
		Bandwidth in Btyes=1500
		Bytes Copied=1500
		Bytes Expected=1500
		Files Copied=5
		DIR_COPY=6
2019-11-07 15:45:55,681 [Thread-592] INFO  contract.AbstractContractDistCpTest (AbstractContractDistCpTest.java:lsR(437)) - Destination tree after distcp: o3fs://bucket23590.volume89802/test/ITestOzoneContractDistCp/testTrackDeepDirectoryStructureToRemote/remote/outputDir:
2019-11-07 15:45:55,695 [Thread-592] INFO  contract.AbstractContractDistCpTest (AbstractContractDistCpTest.java:lsR(446)) -   o3fs://bucket23590.volume89802/test/ITestOzoneContractDistCp/testTrackDeepDirectoryStructureToRemote/remote/outputDir/inputDir/file1; type=file; length=100  o3fs://bucket23590.volume89802/test/ITestOzoneContractDistCp/testTrackDeepDirectoryStructureToRemote/remote/outputDir/inputDir/subDir1/file2; type=file; length=200  o3fs://bucket23590.volume89802/test/ITestOzoneContractDistCp/testTrackDeepDirectoryStructureToRemote/remote/outputDir/inputDir/subDir1/file2; type=file; length=200  o3fs://bucket23590.volume89802/test/ITestOzoneContractDistCp/testTrackDeepDirectoryStructureToRemote/remote/outputDir/inputDir/subDir2/subDir2/file3; type=file; length=300  o3fs://bucket23590.volume89802/test/ITestOzoneContractDistCp/testTrackDeepDirectoryStructureToRemote/remote/outputDir/inputDir/subDir2/subDir2/file3; type=file; length=300  o3fs://bucket23590.volume89802/test/ITestOzoneContractDistCp/testTrackDeepDirectoryStructureToRemote/remote/outputDir/inputDir/subDir2/subDir2/file3; type=file; length=300  o3fs://bucket23590.volume89802/test/ITestOzoneContractDistCp/testTrackDeepDirectoryStructureToRemote/remote/outputDir/inputDir/subDir4/subDir4/file4; type=file; length=400  o3fs://bucket23590.volume89802/test/ITestOzoneContractDistCp/testTrackDeepDirectoryStructureToRemote/remote/outputDir/inputDir/subDir4/subDir4/file5; type=file; length=500  o3fs://bucket23590.volume89802/test/ITestOzoneContractDistCp/testTrackDeepDirectoryStructureToRemote/remote/outputDir/inputDir/subDir4/subDir4/file4; type=file; length=400  o3fs://bucket23590.volume89802/test/ITestOzoneContractDistCp/testTrackDeepDirectoryStructureToRemote/remote/outputDir/inputDir/subDir4/subDir4/file5; type=file; length=500  o3fs://bucket23590.volume89802/test/ITestOzoneContractDistCp/testTrackDeepDirectoryStructureToRemote/remote/outputDir/inputDir/subDir4/subDir4/file4; type=file; length=400  o3fs://bucket23590.volume89802/test/ITestOzoneContractDistCp/testTrackDeepDirectoryStructureToRemote/remote/outputDir/inputDir/subDir4/subDir4/file5; type=file; length=500  o3fs://bucket23590.volume89802/test/ITestOzoneContractDistCp/testTrackDeepDirectoryStructureToRemote/remote/outputDir/inputDir/file1; type=file; length=100  o3fs://bucket23590.volume89802/test/ITestOzoneContractDistCp/testTrackDeepDirectoryStructureToRemote/remote/outputDir/inputDir/subDir1/file2; type=file; length=200  o3fs://bucket23590.volume89802/test/ITestOzoneContractDistCp/testTrackDeepDirectoryStructureToRemote/remote/outputDir/inputDir/subDir2/subDir2/file3; type=file; length=300  o3fs://bucket23590.volume89802/test/ITestOzoneContractDistCp/testTrackDeepDirectoryStructureToRemote/remote/outputDir/inputDir/subDir4/subDir4/file4; type=file; length=400  o3fs://bucket23590.volume89802/test/ITestOzoneContractDistCp/testTrackDeepDirectoryStructureToRemote/remote/outputDir/inputDir/subDir4/subDir4/file5; type=file; length=500
2019-11-07 15:45:55,750 [Thread-592] INFO  contract.AbstractFSContractTestBase (AbstractFSContractTestBase.java:describe(255)) - Now do an incremental update and save of missing files
2019-11-07 15:45:55,750 [Thread-592] INFO  contract.AbstractFSContractTestBase (AbstractFSContractTestBase.java:describe(255)) - 
Directories

2019-11-07 15:45:55,751 [Thread-592] INFO  contract.AbstractContractDistCpTest (AbstractContractDistCpTest.java:lsR(437)) - Local to update: file:/workdir/hadoop-ozone/ozonefs/target/test-dir/ITestOzoneContractDistCp/testTrackDeepDirectoryStructureToRemote/local/inputDir:
2019-11-07 15:45:55,815 [Thread-592] INFO  contract.AbstractContractDistCpTest (AbstractContractDistCpTest.java:lsR(446)) -   file:/workdir/hadoop-ozone/ozonefs/target/test-dir/ITestOzoneContractDistCp/testTrackDeepDirectoryStructureToRemote/local/inputDir/subDir2/subDir2/file3; type=file; length=300  file:/workdir/hadoop-ozone/ozonefs/target/test-dir/ITestOzoneContractDistCp/testTrackDeepDirectoryStructureToRemote/local/inputDir/file1; type=file; length=100  file:/workdir/hadoop-ozone/ozonefs/target/test-dir/ITestOzoneContractDistCp/testTrackDeepDirectoryStructureToRemote/local/inputDir/subDir1/file2; type=file; length=200  file:/workdir/hadoop-ozone/ozonefs/target/test-dir/ITestOzoneContractDistCp/testTrackDeepDirectoryStructureToRemote/local/inputDir/subDir4/subDir4/file5; type=file; length=500  file:/workdir/hadoop-ozone/ozonefs/target/test-dir/ITestOzoneContractDistCp/testTrackDeepDirectoryStructureToRemote/local/inputDir/subDir4/subDir4/file4; type=file; length=400
2019-11-07 15:45:55,818 [Thread-592] INFO  contract.AbstractContractDistCpTest (AbstractContractDistCpTest.java:lsR(437)) - Remote before update: o3fs://bucket23590.volume89802/test/ITestOzoneContractDistCp/testTrackDeepDirectoryStructureToRemote/remote/outputDir:
2019-11-07 15:45:55,831 [Thread-592] INFO  contract.AbstractContractDistCpTest (AbstractContractDistCpTest.java:lsR(446)) -   o3fs://bucket23590.volume89802/test/ITestOzoneContractDistCp/testTrackDeepDirectoryStructureToRemote/remote/outputDir/inputDir/file1; type=file; length=100  o3fs://bucket23590.volume89802/test/ITestOzoneContractDistCp/testTrackDeepDirectoryStructureToRemote/remote/outputDir/inputDir/subDir1/file2; type=file; length=200  o3fs://bucket23590.volume89802/test/ITestOzoneContractDistCp/testTrackDeepDirectoryStructureToRemote/remote/outputDir/inputDir/subDir1/file2; type=file; length=200  o3fs://bucket23590.volume89802/test/ITestOzoneContractDistCp/testTrackDeepDirectoryStructureToRemote/remote/outputDir/inputDir/subDir2/subDir2/file3; type=file; length=300  o3fs://bucket23590.volume89802/test/ITestOzoneContractDistCp/testTrackDeepDirectoryStructureToRemote/remote/outputDir/inputDir/subDir2/subDir2/file3; type=file; length=300  o3fs://bucket23590.volume89802/test/ITestOzoneContractDistCp/testTrackDeepDirectoryStructureToRemote/remote/outputDir/inputDir/subDir2/subDir2/file3; type=file; length=300  o3fs://bucket23590.volume89802/test/ITestOzoneContractDistCp/testTrackDeepDirectoryStructureToRemote/remote/outputDir/inputDir/subDir4/subDir4/file4; type=file; length=400  o3fs://bucket23590.volume89802/test/ITestOzoneContractDistCp/testTrackDeepDirectoryStructureToRemote/remote/outputDir/inputDir/subDir4/subDir4/file5; type=file; length=500  o3fs://bucket23590.volume89802/test/ITestOzoneContractDistCp/testTrackDeepDirectoryStructureToRemote/remote/outputDir/inputDir/subDir4/subDir4/file4; type=file; length=400  o3fs://bucket23590.volume89802/test/ITestOzoneContractDistCp/testTrackDeepDirectoryStructureToRemote/remote/outputDir/inputDir/subDir4/subDir4/file5; type=file; length=500  o3fs://bucket23590.volume89802/test/ITestOzoneContractDistCp/testTrackDeepDirectoryStructureToRemote/remote/outputDir/inputDir/subDir4/subDir4/file4; type=file; length=400  o3fs://bucket23590.volume89802/test/ITestOzoneContractDistCp/testTrackDeepDirectoryStructureToRemote/remote/outputDir/inputDir/subDir4/subDir4/file5; type=file; length=500  o3fs://bucket23590.volume89802/test/ITestOzoneContractDistCp/testTrackDeepDirectoryStructureToRemote/remote/outputDir/inputDir/file1; type=file; length=100  o3fs://bucket23590.volume89802/test/ITestOzoneContractDistCp/testTrackDeepDirectoryStructureToRemote/remote/outputDir/inputDir/subDir1/file2; type=file; length=200  o3fs://bucket23590.volume89802/test/ITestOzoneContractDistCp/testTrackDeepDirectoryStructureToRemote/remote/outputDir/inputDir/subDir2/subDir2/file3; type=file; length=300  o3fs://bucket23590.volume89802/test/ITestOzoneContractDistCp/testTrackDeepDirectoryStructureToRemote/remote/outputDir/inputDir/subDir4/subDir4/file4; type=file; length=400  o3fs://bucket23590.volume89802/test/ITestOzoneContractDistCp/testTrackDeepDirectoryStructureToRemote/remote/outputDir/inputDir/subDir4/subDir4/file5; type=file; length=500
2019-11-07 15:45:55,867 [Thread-592] INFO  impl.MetricsSystemImpl (MetricsSystemImpl.java:init(158)) - JobTracker metrics system started (again)
2019-11-07 15:45:55,876 [Thread-592] INFO  impl.MetricsSystemImpl (MetricsSystemImpl.java:init(158)) - JobTracker metrics system started (again)
2019-11-07 15:45:55,942 [Thread-592] INFO  tools.SimpleCopyListing (SimpleCopyListing.java:printStats(608)) - Paths (files+dirs) cnt = 6; dirCnt = 4
2019-11-07 15:45:55,942 [Thread-592] INFO  tools.SimpleCopyListing (SimpleCopyListing.java:doBuildListing(402)) - Build file listing completed.
2019-11-07 15:45:55,953 [Thread-592] INFO  tools.DistCp (CopyListing.java:buildListing(94)) - Number of paths in the copy list: 6
2019-11-07 15:45:55,962 [Thread-592] INFO  tools.DistCp (CopyListing.java:buildListing(94)) - Number of paths in the copy list: 6
2019-11-07 15:45:55,963 [Thread-592] INFO  impl.MetricsSystemImpl (MetricsSystemImpl.java:init(158)) - JobTracker metrics system started (again)
2019-11-07 15:45:55,972 [Thread-592] WARN  mapreduce.JobResourceUploader (JobResourceUploader.java:uploadResourcesInternal(147)) - Hadoop command-line option parsing not performed. Implement the Tool interface and execute your application with ToolRunner to remedy this.
2019-11-07 15:45:56,020 [Thread-592] INFO  mapreduce.JobSubmitter (JobSubmitter.java:submitJobInternal(202)) - number of splits:6
2019-11-07 15:45:56,035 [Thread-592] INFO  Configuration.deprecation (Configuration.java:logDeprecation(1394)) - mapred.job.tracker is deprecated. Instead, use mapreduce.jobtracker.address
2019-11-07 15:45:56,053 [Thread-592] INFO  mapreduce.JobSubmitter (JobSubmitter.java:printTokens(298)) - Submitting tokens for job: job_local778622519_0004
2019-11-07 15:45:56,054 [Thread-592] INFO  mapreduce.JobSubmitter (JobSubmitter.java:printTokens(299)) - Executing with tokens: []
2019-11-07 15:45:56,149 [Thread-592] INFO  mapreduce.Job (Job.java:submit(1574)) - The url to track the job: http://localhost:8080/
2019-11-07 15:45:56,151 [Thread-592] INFO  tools.DistCp (DistCp.java:createAndSubmitJob(217)) - DistCp job-id: job_local778622519_0004
2019-11-07 15:45:56,151 [Thread-815] INFO  mapred.LocalJobRunner (LocalJobRunner.java:createOutputCommitter(501)) - OutputCommitter set in config null
2019-11-07 15:45:56,151 [Thread-592] INFO  mapreduce.Job (Job.java:monitorAndPrintJob(1619)) - Running job: job_local778622519_0004
2019-11-07 15:45:56,152 [Thread-815] INFO  output.FileOutputCommitter (FileOutputCommitter.java:<init>(140)) - File Output Committer Algorithm version is 2
2019-11-07 15:45:56,152 [Thread-815] INFO  output.FileOutputCommitter (FileOutputCommitter.java:<init>(155)) - FileOutputCommitter skip cleanup _temporary folders under output directory:false, ignore cleanup failures: false
2019-11-07 15:45:56,152 [Thread-815] INFO  mapred.LocalJobRunner (LocalJobRunner.java:createOutputCommitter(519)) - OutputCommitter is org.apache.hadoop.tools.mapred.CopyCommitter
2019-11-07 15:45:56,169 [Thread-815] INFO  mapred.LocalJobRunner (LocalJobRunner.java:runTasks(478)) - Waiting for map tasks
2019-11-07 15:45:56,169 [LocalJobRunner Map Task Executor #0] INFO  mapred.LocalJobRunner (LocalJobRunner.java:run(252)) - Starting task: attempt_local778622519_0004_m_000000_0
2019-11-07 15:45:56,170 [LocalJobRunner Map Task Executor #0] INFO  output.FileOutputCommitter (FileOutputCommitter.java:<init>(140)) - File Output Committer Algorithm version is 2
2019-11-07 15:45:56,170 [LocalJobRunner Map Task Executor #0] INFO  output.FileOutputCommitter (FileOutputCommitter.java:<init>(155)) - FileOutputCommitter skip cleanup _temporary folders under output directory:false, ignore cleanup failures: false
2019-11-07 15:45:56,170 [LocalJobRunner Map Task Executor #0] INFO  mapred.Task (Task.java:initialize(626)) -  Using ResourceCalculatorProcessTree : [ ]
2019-11-07 15:45:56,171 [LocalJobRunner Map Task Executor #0] INFO  mapred.MapTask (MapTask.java:runNewMapper(768)) - Processing split: file:/tmp/hadoop/mapred/staging/jenkins1000809198948/.staging/_distcp504566982/fileList.seq:0+367
2019-11-07 15:45:56,172 [LocalJobRunner Map Task Executor #0] INFO  output.FileOutputCommitter (FileOutputCommitter.java:<init>(140)) - File Output Committer Algorithm version is 2
2019-11-07 15:45:56,172 [LocalJobRunner Map Task Executor #0] INFO  output.FileOutputCommitter (FileOutputCommitter.java:<init>(155)) - FileOutputCommitter skip cleanup _temporary folders under output directory:false, ignore cleanup failures: false
2019-11-07 15:45:56,190 [LocalJobRunner Map Task Executor #0] INFO  mapred.CopyMapper (CopyMapper.java:map(154)) - Copying file:/workdir/hadoop-ozone/ozonefs/target/test-dir/ITestOzoneContractDistCp/testTrackDeepDirectoryStructureToRemote/local/inputDir/subDir2/subDir2/newfile1 to o3fs://bucket23590.volume89802/test/ITestOzoneContractDistCp/testTrackDeepDirectoryStructureToRemote/remote/outputDir/inputDir/subDir2/subDir2/newfile1
15:45:56.196 [IPC Server handler 5 on 35423] ERROR OMAudit - user=jenkins1000 | ip=127.0.0.1 | op=GET_FILE_STATUS {volume=volume89802, bucket=bucket23590, key=test/ITestOzoneContractDistCp/testTrackDeepDirectoryStructureToRemote/remote/outputDir/inputDir/subDir2/subDir2/newfile1, dataSize=0, replicationType=null, replicationFactor=null, keyLocationInfo=null} | ret=FAILURE
org.apache.hadoop.ozone.om.exceptions.OMException: Unable to get file status: volume: volume89802 bucket: bucket23590 key: test/ITestOzoneContractDistCp/testTrackDeepDirectoryStructureToRemote/remote/outputDir/inputDir/subDir2/subDir2/newfile1
	at org.apache.hadoop.ozone.om.KeyManagerImpl.getFileStatus(KeyManagerImpl.java:1784) ~[hadoop-ozone-ozone-manager-0.5.0-SNAPSHOT.jar:?]
	at org.apache.hadoop.ozone.om.OzoneManager.getFileStatus(OzoneManager.java:2762) ~[hadoop-ozone-ozone-manager-0.5.0-SNAPSHOT.jar:?]
	at org.apache.hadoop.ozone.protocolPB.OzoneManagerRequestHandler.getOzoneFileStatus(OzoneManagerRequestHandler.java:1053) ~[hadoop-ozone-ozone-manager-0.5.0-SNAPSHOT.jar:?]
	at org.apache.hadoop.ozone.protocolPB.OzoneManagerRequestHandler.handle(OzoneManagerRequestHandler.java:340) ~[hadoop-ozone-ozone-manager-0.5.0-SNAPSHOT.jar:?]
	at org.apache.hadoop.ozone.protocolPB.OzoneManagerProtocolServerSideTranslatorPB.submitRequestDirectlyToOM(OzoneManagerProtocolServerSideTranslatorPB.java:208) ~[hadoop-ozone-ozone-manager-0.5.0-SNAPSHOT.jar:?]
	at org.apache.hadoop.ozone.protocolPB.OzoneManagerProtocolServerSideTranslatorPB.processRequest(OzoneManagerProtocolServerSideTranslatorPB.java:132) ~[hadoop-ozone-ozone-manager-0.5.0-SNAPSHOT.jar:?]
	at org.apache.hadoop.hdds.server.OzoneProtocolMessageDispatcher.processRequest(OzoneProtocolMessageDispatcher.java:72) [hadoop-hdds-server-framework-0.5.0-SNAPSHOT.jar:?]
	at org.apache.hadoop.ozone.protocolPB.OzoneManagerProtocolServerSideTranslatorPB.submitRequest(OzoneManagerProtocolServerSideTranslatorPB.java:100) [hadoop-ozone-ozone-manager-0.5.0-SNAPSHOT.jar:?]
	at org.apache.hadoop.ozone.protocol.proto.OzoneManagerProtocolProtos$OzoneManagerService$2.callBlockingMethod(OzoneManagerProtocolProtos.java) [hadoop-ozone-common-0.5.0-SNAPSHOT.jar:?]
	at org.apache.hadoop.ipc.ProtobufRpcEngine$Server$ProtoBufRpcInvoker.call(ProtobufRpcEngine.java:524) [hadoop-common-3.2.0.jar:?]
	at org.apache.hadoop.ipc.RPC$Server.call(RPC.java:1025) [hadoop-common-3.2.0.jar:?]
	at org.apache.hadoop.ipc.Server$RpcCall.run(Server.java:876) [hadoop-common-3.2.0.jar:?]
	at org.apache.hadoop.ipc.Server$RpcCall.run(Server.java:822) [hadoop-common-3.2.0.jar:?]
	at java.security.AccessController.doPrivileged(Native Method) [?:1.8.0_222]
	at javax.security.auth.Subject.doAs(Subject.java:422) [?:1.8.0_222]
	at org.apache.hadoop.security.UserGroupInformation.doAs(UserGroupInformation.java:1730) [hadoop-common-3.2.0.jar:?]
	at org.apache.hadoop.ipc.Server$Handler.run(Server.java:2682) [hadoop-common-3.2.0.jar:?]
2019-11-07 15:45:56,197 [LocalJobRunner Map Task Executor #0] INFO  mapred.RetriableFileCopyCommand (RetriableFileCopyCommand.java:getTmpFile(260)) - Creating temp file: o3fs://bucket23590.volume89802/test/ITestOzoneContractDistCp/testTrackDeepDirectoryStructureToRemote/remote/outputDir/inputDir/.distcp.tmp.attempt_local778622519_0004_m_000000_0
15:45:56.249 [IPC Server handler 3 on 35423] ERROR OMAudit - user=jenkins1000 | ip=127.0.0.1 | op=GET_FILE_STATUS {volume=volume89802, bucket=bucket23590, key=test/ITestOzoneContractDistCp/testTrackDeepDirectoryStructureToRemote/remote/outputDir/inputDir/subDir2/subDir2/newfile1, dataSize=0, replicationType=null, replicationFactor=null, keyLocationInfo=null} | ret=FAILURE
org.apache.hadoop.ozone.om.exceptions.OMException: Unable to get file status: volume: volume89802 bucket: bucket23590 key: test/ITestOzoneContractDistCp/testTrackDeepDirectoryStructureToRemote/remote/outputDir/inputDir/subDir2/subDir2/newfile1
	at org.apache.hadoop.ozone.om.KeyManagerImpl.getFileStatus(KeyManagerImpl.java:1784) ~[hadoop-ozone-ozone-manager-0.5.0-SNAPSHOT.jar:?]
	at org.apache.hadoop.ozone.om.OzoneManager.getFileStatus(OzoneManager.java:2762) ~[hadoop-ozone-ozone-manager-0.5.0-SNAPSHOT.jar:?]
	at org.apache.hadoop.ozone.protocolPB.OzoneManagerRequestHandler.getOzoneFileStatus(OzoneManagerRequestHandler.java:1053) ~[hadoop-ozone-ozone-manager-0.5.0-SNAPSHOT.jar:?]
	at org.apache.hadoop.ozone.protocolPB.OzoneManagerRequestHandler.handle(OzoneManagerRequestHandler.java:340) ~[hadoop-ozone-ozone-manager-0.5.0-SNAPSHOT.jar:?]
	at org.apache.hadoop.ozone.protocolPB.OzoneManagerProtocolServerSideTranslatorPB.submitRequestDirectlyToOM(OzoneManagerProtocolServerSideTranslatorPB.java:208) ~[hadoop-ozone-ozone-manager-0.5.0-SNAPSHOT.jar:?]
	at org.apache.hadoop.ozone.protocolPB.OzoneManagerProtocolServerSideTranslatorPB.processRequest(OzoneManagerProtocolServerSideTranslatorPB.java:132) ~[hadoop-ozone-ozone-manager-0.5.0-SNAPSHOT.jar:?]
	at org.apache.hadoop.hdds.server.OzoneProtocolMessageDispatcher.processRequest(OzoneProtocolMessageDispatcher.java:72) [hadoop-hdds-server-framework-0.5.0-SNAPSHOT.jar:?]
	at org.apache.hadoop.ozone.protocolPB.OzoneManagerProtocolServerSideTranslatorPB.submitRequest(OzoneManagerProtocolServerSideTranslatorPB.java:100) [hadoop-ozone-ozone-manager-0.5.0-SNAPSHOT.jar:?]
	at org.apache.hadoop.ozone.protocol.proto.OzoneManagerProtocolProtos$OzoneManagerService$2.callBlockingMethod(OzoneManagerProtocolProtos.java) [hadoop-ozone-common-0.5.0-SNAPSHOT.jar:?]
	at org.apache.hadoop.ipc.ProtobufRpcEngine$Server$ProtoBufRpcInvoker.call(ProtobufRpcEngine.java:524) [hadoop-common-3.2.0.jar:?]
	at org.apache.hadoop.ipc.RPC$Server.call(RPC.java:1025) [hadoop-common-3.2.0.jar:?]
	at org.apache.hadoop.ipc.Server$RpcCall.run(Server.java:876) [hadoop-common-3.2.0.jar:?]
	at org.apache.hadoop.ipc.Server$RpcCall.run(Server.java:822) [hadoop-common-3.2.0.jar:?]
	at java.security.AccessController.doPrivileged(Native Method) [?:1.8.0_222]
	at javax.security.auth.Subject.doAs(Subject.java:422) [?:1.8.0_222]
	at org.apache.hadoop.security.UserGroupInformation.doAs(UserGroupInformation.java:1730) [hadoop-common-3.2.0.jar:?]
	at org.apache.hadoop.ipc.Server$Handler.run(Server.java:2682) [hadoop-common-3.2.0.jar:?]
15:45:56.254 [IPC Server handler 12 on 35423] ERROR OMAudit - user=jenkins1000 | ip=127.0.0.1 | op=GET_FILE_STATUS {volume=volume89802, bucket=bucket23590, key=test/ITestOzoneContractDistCp/testTrackDeepDirectoryStructureToRemote/remote/outputDir/inputDir/subDir2/subDir2/newfile1, dataSize=0, replicationType=null, replicationFactor=null, keyLocationInfo=null} | ret=FAILURE
org.apache.hadoop.ozone.om.exceptions.OMException: Unable to get file status: volume: volume89802 bucket: bucket23590 key: test/ITestOzoneContractDistCp/testTrackDeepDirectoryStructureToRemote/remote/outputDir/inputDir/subDir2/subDir2/newfile1
	at org.apache.hadoop.ozone.om.KeyManagerImpl.getFileStatus(KeyManagerImpl.java:1784) ~[hadoop-ozone-ozone-manager-0.5.0-SNAPSHOT.jar:?]
	at org.apache.hadoop.ozone.om.OzoneManager.getFileStatus(OzoneManager.java:2762) ~[hadoop-ozone-ozone-manager-0.5.0-SNAPSHOT.jar:?]
	at org.apache.hadoop.ozone.protocolPB.OzoneManagerRequestHandler.getOzoneFileStatus(OzoneManagerRequestHandler.java:1053) ~[hadoop-ozone-ozone-manager-0.5.0-SNAPSHOT.jar:?]
	at org.apache.hadoop.ozone.protocolPB.OzoneManagerRequestHandler.handle(OzoneManagerRequestHandler.java:340) ~[hadoop-ozone-ozone-manager-0.5.0-SNAPSHOT.jar:?]
	at org.apache.hadoop.ozone.protocolPB.OzoneManagerProtocolServerSideTranslatorPB.submitRequestDirectlyToOM(OzoneManagerProtocolServerSideTranslatorPB.java:208) ~[hadoop-ozone-ozone-manager-0.5.0-SNAPSHOT.jar:?]
	at org.apache.hadoop.ozone.protocolPB.OzoneManagerProtocolServerSideTranslatorPB.processRequest(OzoneManagerProtocolServerSideTranslatorPB.java:132) ~[hadoop-ozone-ozone-manager-0.5.0-SNAPSHOT.jar:?]
	at org.apache.hadoop.hdds.server.OzoneProtocolMessageDispatcher.processRequest(OzoneProtocolMessageDispatcher.java:72) [hadoop-hdds-server-framework-0.5.0-SNAPSHOT.jar:?]
	at org.apache.hadoop.ozone.protocolPB.OzoneManagerProtocolServerSideTranslatorPB.submitRequest(OzoneManagerProtocolServerSideTranslatorPB.java:100) [hadoop-ozone-ozone-manager-0.5.0-SNAPSHOT.jar:?]
	at org.apache.hadoop.ozone.protocol.proto.OzoneManagerProtocolProtos$OzoneManagerService$2.callBlockingMethod(OzoneManagerProtocolProtos.java) [hadoop-ozone-common-0.5.0-SNAPSHOT.jar:?]
	at org.apache.hadoop.ipc.ProtobufRpcEngine$Server$ProtoBufRpcInvoker.call(ProtobufRpcEngine.java:524) [hadoop-common-3.2.0.jar:?]
	at org.apache.hadoop.ipc.RPC$Server.call(RPC.java:1025) [hadoop-common-3.2.0.jar:?]
	at org.apache.hadoop.ipc.Server$RpcCall.run(Server.java:876) [hadoop-common-3.2.0.jar:?]
	at org.apache.hadoop.ipc.Server$RpcCall.run(Server.java:822) [hadoop-common-3.2.0.jar:?]
	at java.security.AccessController.doPrivileged(Native Method) [?:1.8.0_222]
	at javax.security.auth.Subject.doAs(Subject.java:422) [?:1.8.0_222]
	at org.apache.hadoop.security.UserGroupInformation.doAs(UserGroupInformation.java:1730) [hadoop-common-3.2.0.jar:?]
	at org.apache.hadoop.ipc.Server$Handler.run(Server.java:2682) [hadoop-common-3.2.0.jar:?]
15:45:56.285 [IPC Server handler 18 on 35423] ERROR OMAudit - user=jenkins1000 | ip=127.0.0.1 | op=GET_FILE_STATUS {volume=volume89802, bucket=bucket23590, key=test/ITestOzoneContractDistCp/testTrackDeepDirectoryStructureToRemote/remote/outputDir/inputDir/.distcp.tmp.attempt_local778622519_0004_m_000000_0, dataSize=0, replicationType=null, replicationFactor=null, keyLocationInfo=null} | ret=FAILURE
org.apache.hadoop.ozone.om.exceptions.OMException: Unable to get file status: volume: volume89802 bucket: bucket23590 key: test/ITestOzoneContractDistCp/testTrackDeepDirectoryStructureToRemote/remote/outputDir/inputDir/.distcp.tmp.attempt_local778622519_0004_m_000000_0
	at org.apache.hadoop.ozone.om.KeyManagerImpl.getFileStatus(KeyManagerImpl.java:1784) ~[hadoop-ozone-ozone-manager-0.5.0-SNAPSHOT.jar:?]
	at org.apache.hadoop.ozone.om.OzoneManager.getFileStatus(OzoneManager.java:2762) ~[hadoop-ozone-ozone-manager-0.5.0-SNAPSHOT.jar:?]
	at org.apache.hadoop.ozone.protocolPB.OzoneManagerRequestHandler.getOzoneFileStatus(OzoneManagerRequestHandler.java:1053) ~[hadoop-ozone-ozone-manager-0.5.0-SNAPSHOT.jar:?]
	at org.apache.hadoop.ozone.protocolPB.OzoneManagerRequestHandler.handle(OzoneManagerRequestHandler.java:340) ~[hadoop-ozone-ozone-manager-0.5.0-SNAPSHOT.jar:?]
	at org.apache.hadoop.ozone.protocolPB.OzoneManagerProtocolServerSideTranslatorPB.submitRequestDirectlyToOM(OzoneManagerProtocolServerSideTranslatorPB.java:208) ~[hadoop-ozone-ozone-manager-0.5.0-SNAPSHOT.jar:?]
	at org.apache.hadoop.ozone.protocolPB.OzoneManagerProtocolServerSideTranslatorPB.processRequest(OzoneManagerProtocolServerSideTranslatorPB.java:132) ~[hadoop-ozone-ozone-manager-0.5.0-SNAPSHOT.jar:?]
	at org.apache.hadoop.hdds.server.OzoneProtocolMessageDispatcher.processRequest(OzoneProtocolMessageDispatcher.java:72) [hadoop-hdds-server-framework-0.5.0-SNAPSHOT.jar:?]
	at org.apache.hadoop.ozone.protocolPB.OzoneManagerProtocolServerSideTranslatorPB.submitRequest(OzoneManagerProtocolServerSideTranslatorPB.java:100) [hadoop-ozone-ozone-manager-0.5.0-SNAPSHOT.jar:?]
	at org.apache.hadoop.ozone.protocol.proto.OzoneManagerProtocolProtos$OzoneManagerService$2.callBlockingMethod(OzoneManagerProtocolProtos.java) [hadoop-ozone-common-0.5.0-SNAPSHOT.jar:?]
	at org.apache.hadoop.ipc.ProtobufRpcEngine$Server$ProtoBufRpcInvoker.call(ProtobufRpcEngine.java:524) [hadoop-common-3.2.0.jar:?]
	at org.apache.hadoop.ipc.RPC$Server.call(RPC.java:1025) [hadoop-common-3.2.0.jar:?]
	at org.apache.hadoop.ipc.Server$RpcCall.run(Server.java:876) [hadoop-common-3.2.0.jar:?]
	at org.apache.hadoop.ipc.Server$RpcCall.run(Server.java:822) [hadoop-common-3.2.0.jar:?]
	at java.security.AccessController.doPrivileged(Native Method) [?:1.8.0_222]
	at javax.security.auth.Subject.doAs(Subject.java:422) [?:1.8.0_222]
	at org.apache.hadoop.security.UserGroupInformation.doAs(UserGroupInformation.java:1730) [hadoop-common-3.2.0.jar:?]
	at org.apache.hadoop.ipc.Server$Handler.run(Server.java:2682) [hadoop-common-3.2.0.jar:?]
2019-11-07 15:45:56,286 [LocalJobRunner Map Task Executor #0] WARN  ozone.BasicOzoneFileSystem (BasicOzoneFileSystem.java:delete(444)) - delete: Path does not exist: o3fs://bucket23590.volume89802/test/ITestOzoneContractDistCp/testTrackDeepDirectoryStructureToRemote/remote/outputDir/inputDir/.distcp.tmp.attempt_local778622519_0004_m_000000_0
2019-11-07 15:45:56,286 [LocalJobRunner Map Task Executor #0] INFO  mapred.LocalJobRunner (LocalJobRunner.java:statusUpdate(634)) - 
2019-11-07 15:45:56,287 [LocalJobRunner Map Task Executor #0] INFO  mapred.Task (Task.java:done(1244)) - Task:attempt_local778622519_0004_m_000000_0 is done. And is in the process of committing
2019-11-07 15:45:56,287 [LocalJobRunner Map Task Executor #0] INFO  mapred.LocalJobRunner (LocalJobRunner.java:statusUpdate(634)) - 
2019-11-07 15:45:56,288 [LocalJobRunner Map Task Executor #0] INFO  mapred.Task (Task.java:commit(1421)) - Task attempt_local778622519_0004_m_000000_0 is allowed to commit now
2019-11-07 15:45:56,289 [LocalJobRunner Map Task Executor #0] INFO  output.FileOutputCommitter (FileOutputCommitter.java:commitTask(598)) - Saved output of task 'attempt_local778622519_0004_m_000000_0' to file:/tmp/hadoop/mapred/staging/jenkins1000809198948/.staging/_distcp504566982/_logs
2019-11-07 15:45:56,289 [LocalJobRunner Map Task Executor #0] INFO  mapred.LocalJobRunner (LocalJobRunner.java:statusUpdate(634)) - Copying file:/workdir/hadoop-ozone/ozonefs/target/test-dir/ITestOzoneContractDistCp/testTrackDeepDirectoryStructureToRemote/local/inputDir/subDir2/subDir2/newfile1 to o3fs://bucket23590.volume89802/test/ITestOzoneContractDistCp/testTrackDeepDirectoryStructureToRemote/remote/outputDir/inputDir/subDir2/subDir2/newfile1
2019-11-07 15:45:56,289 [LocalJobRunner Map Task Executor #0] INFO  mapred.Task (Task.java:sendDone(1380)) - Task 'attempt_local778622519_0004_m_000000_0' done.
2019-11-07 15:45:56,290 [LocalJobRunner Map Task Executor #0] INFO  mapred.Task (Task.java:done(1276)) - Final Counters for attempt_local778622519_0004_m_000000_0: Counters: 24
	File System Counters
		FILE: Number of bytes read=924136
		FILE: Number of bytes written=3290640
		FILE: Number of read operations=0
		FILE: Number of large read operations=0
		FILE: Number of write operations=0
		O3FS: Number of bytes read=0
		O3FS: Number of bytes written=3000
		O3FS: Number of read operations=231
		O3FS: Number of large read operations=0
		O3FS: Number of write operations=42
	Map-Reduce Framework
		Map input records=1
		Map output records=0
		Input split bytes=156
		Spilled Records=0
		Failed Shuffles=0
		Merged Map outputs=0
		GC time elapsed (ms)=0
		Total committed heap usage (bytes)=1999110144
	File Input Format Counters 
		Bytes Read=1714
	File Output Format Counters 
		Bytes Written=8
	DistCp Counters
		Bandwidth in Btyes=0
		Bytes Copied=0
		Bytes Expected=0
		Files Copied=1
2019-11-07 15:45:56,290 [LocalJobRunner Map Task Executor #0] INFO  mapred.LocalJobRunner (LocalJobRunner.java:run(277)) - Finishing task: attempt_local778622519_0004_m_000000_0
2019-11-07 15:45:56,290 [LocalJobRunner Map Task Executor #0] INFO  mapred.LocalJobRunner (LocalJobRunner.java:run(252)) - Starting task: attempt_local778622519_0004_m_000001_0
2019-11-07 15:45:56,290 [LocalJobRunner Map Task Executor #0] INFO  output.FileOutputCommitter (FileOutputCommitter.java:<init>(140)) - File Output Committer Algorithm version is 2
2019-11-07 15:45:56,291 [LocalJobRunner Map Task Executor #0] INFO  output.FileOutputCommitter (FileOutputCommitter.java:<init>(155)) - FileOutputCommitter skip cleanup _temporary folders under output directory:false, ignore cleanup failures: false
2019-11-07 15:45:56,291 [LocalJobRunner Map Task Executor #0] INFO  mapred.Task (Task.java:initialize(626)) -  Using ResourceCalculatorProcessTree : [ ]
2019-11-07 15:45:56,292 [LocalJobRunner Map Task Executor #0] INFO  mapred.MapTask (MapTask.java:runNewMapper(768)) - Processing split: file:/tmp/hadoop/mapred/staging/jenkins1000809198948/.staging/_distcp504566982/fileList.seq:1144+271
2019-11-07 15:45:56,292 [LocalJobRunner Map Task Executor #0] INFO  output.FileOutputCommitter (FileOutputCommitter.java:<init>(140)) - File Output Committer Algorithm version is 2
2019-11-07 15:45:56,292 [LocalJobRunner Map Task Executor #0] INFO  output.FileOutputCommitter (FileOutputCommitter.java:<init>(155)) - FileOutputCommitter skip cleanup _temporary folders under output directory:false, ignore cleanup failures: false
2019-11-07 15:45:56,306 [LocalJobRunner Map Task Executor #0] INFO  mapred.CopyMapper (CopyMapper.java:map(154)) - Copying file:/workdir/hadoop-ozone/ozonefs/target/test-dir/ITestOzoneContractDistCp/testTrackDeepDirectoryStructureToRemote/local/inputDir/subDir2/subDir2 to o3fs://bucket23590.volume89802/test/ITestOzoneContractDistCp/testTrackDeepDirectoryStructureToRemote/remote/outputDir/inputDir/subDir2/subDir2
2019-11-07 15:45:56,338 [LocalJobRunner Map Task Executor #0] INFO  mapred.LocalJobRunner (LocalJobRunner.java:statusUpdate(634)) - 
2019-11-07 15:45:56,339 [LocalJobRunner Map Task Executor #0] INFO  mapred.Task (Task.java:done(1244)) - Task:attempt_local778622519_0004_m_000001_0 is done. And is in the process of committing
2019-11-07 15:45:56,339 [LocalJobRunner Map Task Executor #0] INFO  mapred.LocalJobRunner (LocalJobRunner.java:statusUpdate(634)) - 
2019-11-07 15:45:56,339 [LocalJobRunner Map Task Executor #0] INFO  mapred.Task (Task.java:commit(1421)) - Task attempt_local778622519_0004_m_000001_0 is allowed to commit now
2019-11-07 15:45:56,340 [LocalJobRunner Map Task Executor #0] INFO  output.FileOutputCommitter (FileOutputCommitter.java:commitTask(598)) - Saved output of task 'attempt_local778622519_0004_m_000001_0' to file:/tmp/hadoop/mapred/staging/jenkins1000809198948/.staging/_distcp504566982/_logs
2019-11-07 15:45:56,341 [LocalJobRunner Map Task Executor #0] INFO  mapred.LocalJobRunner (LocalJobRunner.java:statusUpdate(634)) - Copying file:/workdir/hadoop-ozone/ozonefs/target/test-dir/ITestOzoneContractDistCp/testTrackDeepDirectoryStructureToRemote/local/inputDir/subDir2/subDir2 to o3fs://bucket23590.volume89802/test/ITestOzoneContractDistCp/testTrackDeepDirectoryStructureToRemote/remote/outputDir/inputDir/subDir2/subDir2
2019-11-07 15:45:56,341 [LocalJobRunner Map Task Executor #0] INFO  mapred.Task (Task.java:sendDone(1380)) - Task 'attempt_local778622519_0004_m_000001_0' done.
2019-11-07 15:45:56,341 [LocalJobRunner Map Task Executor #0] INFO  mapred.Task (Task.java:done(1276)) - Final Counters for attempt_local778622519_0004_m_000001_0: Counters: 22
	File System Counters
		FILE: Number of bytes read=926809
		FILE: Number of bytes written=3290648
		FILE: Number of read operations=0
		FILE: Number of large read operations=0
		FILE: Number of write operations=0
		O3FS: Number of bytes read=0
		O3FS: Number of bytes written=3000
		O3FS: Number of read operations=233
		O3FS: Number of large read operations=0
		O3FS: Number of write operations=42
	Map-Reduce Framework
		Map input records=1
		Map output records=0
		Input split bytes=156
		Spilled Records=0
		Failed Shuffles=0
		Merged Map outputs=0
		GC time elapsed (ms)=0
		Total committed heap usage (bytes)=1999110144
	File Input Format Counters 
		Bytes Read=1714
	File Output Format Counters 
		Bytes Written=8
	DistCp Counters
		Bandwidth in Btyes=0
		DIR_COPY=1
2019-11-07 15:45:56,341 [LocalJobRunner Map Task Executor #0] INFO  mapred.LocalJobRunner (LocalJobRunner.java:run(277)) - Finishing task: attempt_local778622519_0004_m_000001_0
2019-11-07 15:45:56,341 [LocalJobRunner Map Task Executor #0] INFO  mapred.LocalJobRunner (LocalJobRunner.java:run(252)) - Starting task: attempt_local778622519_0004_m_000002_0
2019-11-07 15:45:56,342 [LocalJobRunner Map Task Executor #0] INFO  output.FileOutputCommitter (FileOutputCommitter.java:<init>(140)) - File Output Committer Algorithm version is 2
2019-11-07 15:45:56,342 [LocalJobRunner Map Task Executor #0] INFO  output.FileOutputCommitter (FileOutputCommitter.java:<init>(155)) - FileOutputCommitter skip cleanup _temporary folders under output directory:false, ignore cleanup failures: false
2019-11-07 15:45:56,342 [LocalJobRunner Map Task Executor #0] INFO  mapred.Task (Task.java:initialize(626)) -  Using ResourceCalculatorProcessTree : [ ]
2019-11-07 15:45:56,343 [LocalJobRunner Map Task Executor #0] INFO  mapred.MapTask (MapTask.java:runNewMapper(768)) - Processing split: file:/tmp/hadoop/mapred/staging/jenkins1000809198948/.staging/_distcp504566982/fileList.seq:877+267
2019-11-07 15:45:56,343 [LocalJobRunner Map Task Executor #0] INFO  output.FileOutputCommitter (FileOutputCommitter.java:<init>(140)) - File Output Committer Algorithm version is 2
2019-11-07 15:45:56,343 [LocalJobRunner Map Task Executor #0] INFO  output.FileOutputCommitter (FileOutputCommitter.java:<init>(155)) - FileOutputCommitter skip cleanup _temporary folders under output directory:false, ignore cleanup failures: false
2019-11-07 15:45:56,357 [LocalJobRunner Map Task Executor #0] INFO  mapred.CopyMapper (CopyMapper.java:map(154)) - Copying file:/workdir/hadoop-ozone/ozonefs/target/test-dir/ITestOzoneContractDistCp/testTrackDeepDirectoryStructureToRemote/local/inputDir/subDir1/file2 to o3fs://bucket23590.volume89802/test/ITestOzoneContractDistCp/testTrackDeepDirectoryStructureToRemote/remote/outputDir/inputDir/subDir1/file2
2019-11-07 15:45:56,364 [LocalJobRunner Map Task Executor #0] INFO  mapred.CopyMapper (CopyMapper.java:map(198)) - Skipping copy of file:/workdir/hadoop-ozone/ozonefs/target/test-dir/ITestOzoneContractDistCp/testTrackDeepDirectoryStructureToRemote/local/inputDir/subDir1/file2 to o3fs://bucket23590.volume89802/test/ITestOzoneContractDistCp/testTrackDeepDirectoryStructureToRemote/remote/outputDir/inputDir/subDir1/file2
2019-11-07 15:45:56,365 [LocalJobRunner Map Task Executor #0] INFO  mapred.LocalJobRunner (LocalJobRunner.java:statusUpdate(634)) - 
2019-11-07 15:45:56,365 [LocalJobRunner Map Task Executor #0] INFO  mapred.Task (Task.java:done(1244)) - Task:attempt_local778622519_0004_m_000002_0 is done. And is in the process of committing
2019-11-07 15:45:56,365 [LocalJobRunner Map Task Executor #0] INFO  mapred.LocalJobRunner (LocalJobRunner.java:statusUpdate(634)) - 
2019-11-07 15:45:56,365 [LocalJobRunner Map Task Executor #0] INFO  mapred.Task (Task.java:commit(1421)) - Task attempt_local778622519_0004_m_000002_0 is allowed to commit now
2019-11-07 15:45:56,366 [LocalJobRunner Map Task Executor #0] INFO  output.FileOutputCommitter (FileOutputCommitter.java:commitTask(598)) - Saved output of task 'attempt_local778622519_0004_m_000002_0' to file:/tmp/hadoop/mapred/staging/jenkins1000809198948/.staging/_distcp504566982/_logs
2019-11-07 15:45:56,367 [LocalJobRunner Map Task Executor #0] INFO  mapred.LocalJobRunner (LocalJobRunner.java:statusUpdate(634)) - Copying file:/workdir/hadoop-ozone/ozonefs/target/test-dir/ITestOzoneContractDistCp/testTrackDeepDirectoryStructureToRemote/local/inputDir/subDir1/file2 to o3fs://bucket23590.volume89802/test/ITestOzoneContractDistCp/testTrackDeepDirectoryStructureToRemote/remote/outputDir/inputDir/subDir1/file2
2019-11-07 15:45:56,367 [LocalJobRunner Map Task Executor #0] INFO  mapred.Task (Task.java:sendDone(1380)) - Task 'attempt_local778622519_0004_m_000002_0' done.
2019-11-07 15:45:56,367 [LocalJobRunner Map Task Executor #0] INFO  mapred.Task (Task.java:done(1276)) - Final Counters for attempt_local778622519_0004_m_000002_0: Counters: 23
	File System Counters
		FILE: Number of bytes read=929482
		FILE: Number of bytes written=3290811
		FILE: Number of read operations=0
		FILE: Number of large read operations=0
		FILE: Number of write operations=0
		O3FS: Number of bytes read=0
		O3FS: Number of bytes written=3000
		O3FS: Number of read operations=235
		O3FS: Number of large read operations=0
		O3FS: Number of write operations=42
	Map-Reduce Framework
		Map input records=1
		Map output records=1
		Input split bytes=156
		Spilled Records=0
		Failed Shuffles=0
		Merged Map outputs=0
		GC time elapsed (ms)=0
		Total committed heap usage (bytes)=1999110144
	File Input Format Counters 
		Bytes Read=1714
	File Output Format Counters 
		Bytes Written=163
	DistCp Counters
		Bandwidth in Btyes=0
		Bytes Skipped=200
		Files Skipped=1
2019-11-07 15:45:56,367 [LocalJobRunner Map Task Executor #0] INFO  mapred.LocalJobRunner (LocalJobRunner.java:run(277)) - Finishing task: attempt_local778622519_0004_m_000002_0
2019-11-07 15:45:56,367 [LocalJobRunner Map Task Executor #0] INFO  mapred.LocalJobRunner (LocalJobRunner.java:run(252)) - Starting task: attempt_local778622519_0004_m_000003_0
2019-11-07 15:45:56,368 [LocalJobRunner Map Task Executor #0] INFO  output.FileOutputCommitter (FileOutputCommitter.java:<init>(140)) - File Output Committer Algorithm version is 2
2019-11-07 15:45:56,368 [LocalJobRunner Map Task Executor #0] INFO  output.FileOutputCommitter (FileOutputCommitter.java:<init>(155)) - FileOutputCommitter skip cleanup _temporary folders under output directory:false, ignore cleanup failures: false
2019-11-07 15:45:56,368 [LocalJobRunner Map Task Executor #0] INFO  mapred.Task (Task.java:initialize(626)) -  Using ResourceCalculatorProcessTree : [ ]
2019-11-07 15:45:56,368 [LocalJobRunner Map Task Executor #0] INFO  mapred.MapTask (MapTask.java:runNewMapper(768)) - Processing split: file:/tmp/hadoop/mapred/staging/jenkins1000809198948/.staging/_distcp504566982/fileList.seq:367+255
2019-11-07 15:45:56,369 [LocalJobRunner Map Task Executor #0] INFO  output.FileOutputCommitter (FileOutputCommitter.java:<init>(140)) - File Output Committer Algorithm version is 2
2019-11-07 15:45:56,369 [LocalJobRunner Map Task Executor #0] INFO  output.FileOutputCommitter (FileOutputCommitter.java:<init>(155)) - FileOutputCommitter skip cleanup _temporary folders under output directory:false, ignore cleanup failures: false
2019-11-07 15:45:56,382 [LocalJobRunner Map Task Executor #0] INFO  mapred.CopyMapper (CopyMapper.java:map(154)) - Copying file:/workdir/hadoop-ozone/ozonefs/target/test-dir/ITestOzoneContractDistCp/testTrackDeepDirectoryStructureToRemote/local/inputDir/subDir1 to o3fs://bucket23590.volume89802/test/ITestOzoneContractDistCp/testTrackDeepDirectoryStructureToRemote/remote/outputDir/inputDir/subDir1
2019-11-07 15:45:56,413 [LocalJobRunner Map Task Executor #0] INFO  mapred.LocalJobRunner (LocalJobRunner.java:statusUpdate(634)) - 
2019-11-07 15:45:56,414 [LocalJobRunner Map Task Executor #0] INFO  mapred.Task (Task.java:done(1244)) - Task:attempt_local778622519_0004_m_000003_0 is done. And is in the process of committing
2019-11-07 15:45:56,415 [LocalJobRunner Map Task Executor #0] INFO  mapred.LocalJobRunner (LocalJobRunner.java:statusUpdate(634)) - 
2019-11-07 15:45:56,415 [LocalJobRunner Map Task Executor #0] INFO  mapred.Task (Task.java:commit(1421)) - Task attempt_local778622519_0004_m_000003_0 is allowed to commit now
2019-11-07 15:45:56,416 [LocalJobRunner Map Task Executor #0] INFO  output.FileOutputCommitter (FileOutputCommitter.java:commitTask(598)) - Saved output of task 'attempt_local778622519_0004_m_000003_0' to file:/tmp/hadoop/mapred/staging/jenkins1000809198948/.staging/_distcp504566982/_logs
2019-11-07 15:45:56,417 [LocalJobRunner Map Task Executor #0] INFO  mapred.LocalJobRunner (LocalJobRunner.java:statusUpdate(634)) - Copying file:/workdir/hadoop-ozone/ozonefs/target/test-dir/ITestOzoneContractDistCp/testTrackDeepDirectoryStructureToRemote/local/inputDir/subDir1 to o3fs://bucket23590.volume89802/test/ITestOzoneContractDistCp/testTrackDeepDirectoryStructureToRemote/remote/outputDir/inputDir/subDir1
2019-11-07 15:45:56,417 [LocalJobRunner Map Task Executor #0] INFO  mapred.Task (Task.java:sendDone(1380)) - Task 'attempt_local778622519_0004_m_000003_0' done.
2019-11-07 15:45:56,417 [LocalJobRunner Map Task Executor #0] INFO  mapred.Task (Task.java:done(1276)) - Final Counters for attempt_local778622519_0004_m_000003_0: Counters: 22
	File System Counters
		FILE: Number of bytes read=932155
		FILE: Number of bytes written=3290819
		FILE: Number of read operations=0
		FILE: Number of large read operations=0
		FILE: Number of write operations=0
		O3FS: Number of bytes read=0
		O3FS: Number of bytes written=3000
		O3FS: Number of read operations=237
		O3FS: Number of large read operations=0
		O3FS: Number of write operations=42
	Map-Reduce Framework
		Map input records=1
		Map output records=0
		Input split bytes=156
		Spilled Records=0
		Failed Shuffles=0
		Merged Map outputs=0
		GC time elapsed (ms)=0
		Total committed heap usage (bytes)=1999110144
	File Input Format Counters 
		Bytes Read=1714
	File Output Format Counters 
		Bytes Written=8
	DistCp Counters
		Bandwidth in Btyes=0
		DIR_COPY=1
2019-11-07 15:45:56,417 [LocalJobRunner Map Task Executor #0] INFO  mapred.LocalJobRunner (LocalJobRunner.java:run(277)) - Finishing task: attempt_local778622519_0004_m_000003_0
2019-11-07 15:45:56,417 [LocalJobRunner Map Task Executor #0] INFO  mapred.LocalJobRunner (LocalJobRunner.java:run(252)) - Starting task: attempt_local778622519_0004_m_000004_0
2019-11-07 15:45:56,418 [LocalJobRunner Map Task Executor #0] INFO  output.FileOutputCommitter (FileOutputCommitter.java:<init>(140)) - File Output Committer Algorithm version is 2
2019-11-07 15:45:56,418 [LocalJobRunner Map Task Executor #0] INFO  output.FileOutputCommitter (FileOutputCommitter.java:<init>(155)) - FileOutputCommitter skip cleanup _temporary folders under output directory:false, ignore cleanup failures: false
2019-11-07 15:45:56,418 [LocalJobRunner Map Task Executor #0] INFO  mapred.Task (Task.java:initialize(626)) -  Using ResourceCalculatorProcessTree : [ ]
2019-11-07 15:45:56,419 [LocalJobRunner Map Task Executor #0] INFO  mapred.MapTask (MapTask.java:runNewMapper(768)) - Processing split: file:/tmp/hadoop/mapred/staging/jenkins1000809198948/.staging/_distcp504566982/fileList.seq:622+255
2019-11-07 15:45:56,419 [LocalJobRunner Map Task Executor #0] INFO  output.FileOutputCommitter (FileOutputCommitter.java:<init>(140)) - File Output Committer Algorithm version is 2
2019-11-07 15:45:56,420 [LocalJobRunner Map Task Executor #0] INFO  output.FileOutputCommitter (FileOutputCommitter.java:<init>(155)) - FileOutputCommitter skip cleanup _temporary folders under output directory:false, ignore cleanup failures: false
2019-11-07 15:45:56,435 [LocalJobRunner Map Task Executor #0] INFO  mapred.CopyMapper (CopyMapper.java:map(154)) - Copying file:/workdir/hadoop-ozone/ozonefs/target/test-dir/ITestOzoneContractDistCp/testTrackDeepDirectoryStructureToRemote/local/inputDir/subDir2 to o3fs://bucket23590.volume89802/test/ITestOzoneContractDistCp/testTrackDeepDirectoryStructureToRemote/remote/outputDir/inputDir/subDir2
2019-11-07 15:45:56,467 [LocalJobRunner Map Task Executor #0] INFO  mapred.LocalJobRunner (LocalJobRunner.java:statusUpdate(634)) - 
2019-11-07 15:45:56,468 [LocalJobRunner Map Task Executor #0] INFO  mapred.Task (Task.java:done(1244)) - Task:attempt_local778622519_0004_m_000004_0 is done. And is in the process of committing
2019-11-07 15:45:56,468 [LocalJobRunner Map Task Executor #0] INFO  mapred.LocalJobRunner (LocalJobRunner.java:statusUpdate(634)) - 
2019-11-07 15:45:56,468 [LocalJobRunner Map Task Executor #0] INFO  mapred.Task (Task.java:commit(1421)) - Task attempt_local778622519_0004_m_000004_0 is allowed to commit now
2019-11-07 15:45:56,470 [LocalJobRunner Map Task Executor #0] INFO  output.FileOutputCommitter (FileOutputCommitter.java:commitTask(598)) - Saved output of task 'attempt_local778622519_0004_m_000004_0' to file:/tmp/hadoop/mapred/staging/jenkins1000809198948/.staging/_distcp504566982/_logs
2019-11-07 15:45:56,470 [LocalJobRunner Map Task Executor #0] INFO  mapred.LocalJobRunner (LocalJobRunner.java:statusUpdate(634)) - Copying file:/workdir/hadoop-ozone/ozonefs/target/test-dir/ITestOzoneContractDistCp/testTrackDeepDirectoryStructureToRemote/local/inputDir/subDir2 to o3fs://bucket23590.volume89802/test/ITestOzoneContractDistCp/testTrackDeepDirectoryStructureToRemote/remote/outputDir/inputDir/subDir2
2019-11-07 15:45:56,471 [LocalJobRunner Map Task Executor #0] INFO  mapred.Task (Task.java:sendDone(1380)) - Task 'attempt_local778622519_0004_m_000004_0' done.
2019-11-07 15:45:56,471 [LocalJobRunner Map Task Executor #0] INFO  mapred.Task (Task.java:done(1276)) - Final Counters for attempt_local778622519_0004_m_000004_0: Counters: 22
	File System Counters
		FILE: Number of bytes read=934316
		FILE: Number of bytes written=3290827
		FILE: Number of read operations=0
		FILE: Number of large read operations=0
		FILE: Number of write operations=0
		O3FS: Number of bytes read=0
		O3FS: Number of bytes written=3000
		O3FS: Number of read operations=239
		O3FS: Number of large read operations=0
		O3FS: Number of write operations=42
	Map-Reduce Framework
		Map input records=1
		Map output records=0
		Input split bytes=156
		Spilled Records=0
		Failed Shuffles=0
		Merged Map outputs=0
		GC time elapsed (ms)=0
		Total committed heap usage (bytes)=1999110144
	File Input Format Counters 
		Bytes Read=1714
	File Output Format Counters 
		Bytes Written=8
	DistCp Counters
		Bandwidth in Btyes=0
		DIR_COPY=1
2019-11-07 15:45:56,471 [LocalJobRunner Map Task Executor #0] INFO  mapred.LocalJobRunner (LocalJobRunner.java:run(277)) - Finishing task: attempt_local778622519_0004_m_000004_0
2019-11-07 15:45:56,471 [LocalJobRunner Map Task Executor #0] INFO  mapred.LocalJobRunner (LocalJobRunner.java:run(252)) - Starting task: attempt_local778622519_0004_m_000005_0
2019-11-07 15:45:56,472 [LocalJobRunner Map Task Executor #0] INFO  output.FileOutputCommitter (FileOutputCommitter.java:<init>(140)) - File Output Committer Algorithm version is 2
2019-11-07 15:45:56,472 [LocalJobRunner Map Task Executor #0] INFO  output.FileOutputCommitter (FileOutputCommitter.java:<init>(155)) - FileOutputCommitter skip cleanup _temporary folders under output directory:false, ignore cleanup failures: false
2019-11-07 15:45:56,472 [LocalJobRunner Map Task Executor #0] INFO  mapred.Task (Task.java:initialize(626)) -  Using ResourceCalculatorProcessTree : [ ]
2019-11-07 15:45:56,473 [LocalJobRunner Map Task Executor #0] INFO  mapred.MapTask (MapTask.java:runNewMapper(768)) - Processing split: file:/tmp/hadoop/mapred/staging/jenkins1000809198948/.staging/_distcp504566982/fileList.seq:1415+255
2019-11-07 15:45:56,474 [LocalJobRunner Map Task Executor #0] INFO  output.FileOutputCommitter (FileOutputCommitter.java:<init>(140)) - File Output Committer Algorithm version is 2
2019-11-07 15:45:56,474 [LocalJobRunner Map Task Executor #0] INFO  output.FileOutputCommitter (FileOutputCommitter.java:<init>(155)) - FileOutputCommitter skip cleanup _temporary folders under output directory:false, ignore cleanup failures: false
2019-11-07 15:45:56,491 [LocalJobRunner Map Task Executor #0] INFO  mapred.CopyMapper (CopyMapper.java:map(154)) - Copying file:/workdir/hadoop-ozone/ozonefs/target/test-dir/ITestOzoneContractDistCp/testTrackDeepDirectoryStructureToRemote/local/inputDir/subDir4 to o3fs://bucket23590.volume89802/test/ITestOzoneContractDistCp/testTrackDeepDirectoryStructureToRemote/remote/outputDir/inputDir/subDir4
2019-11-07 15:45:56,523 [LocalJobRunner Map Task Executor #0] INFO  mapred.LocalJobRunner (LocalJobRunner.java:statusUpdate(634)) - 
2019-11-07 15:45:56,524 [LocalJobRunner Map Task Executor #0] INFO  mapred.Task (Task.java:done(1244)) - Task:attempt_local778622519_0004_m_000005_0 is done. And is in the process of committing
2019-11-07 15:45:56,525 [LocalJobRunner Map Task Executor #0] INFO  mapred.LocalJobRunner (LocalJobRunner.java:statusUpdate(634)) - 
2019-11-07 15:45:56,525 [LocalJobRunner Map Task Executor #0] INFO  mapred.Task (Task.java:commit(1421)) - Task attempt_local778622519_0004_m_000005_0 is allowed to commit now
2019-11-07 15:45:56,526 [LocalJobRunner Map Task Executor #0] INFO  output.FileOutputCommitter (FileOutputCommitter.java:commitTask(598)) - Saved output of task 'attempt_local778622519_0004_m_000005_0' to file:/tmp/hadoop/mapred/staging/jenkins1000809198948/.staging/_distcp504566982/_logs
2019-11-07 15:45:56,527 [LocalJobRunner Map Task Executor #0] INFO  mapred.LocalJobRunner (LocalJobRunner.java:statusUpdate(634)) - Copying file:/workdir/hadoop-ozone/ozonefs/target/test-dir/ITestOzoneContractDistCp/testTrackDeepDirectoryStructureToRemote/local/inputDir/subDir4 to o3fs://bucket23590.volume89802/test/ITestOzoneContractDistCp/testTrackDeepDirectoryStructureToRemote/remote/outputDir/inputDir/subDir4
2019-11-07 15:45:56,527 [LocalJobRunner Map Task Executor #0] INFO  mapred.Task (Task.java:sendDone(1380)) - Task 'attempt_local778622519_0004_m_000005_0' done.
2019-11-07 15:45:56,527 [LocalJobRunner Map Task Executor #0] INFO  mapred.Task (Task.java:done(1276)) - Final Counters for attempt_local778622519_0004_m_000005_0: Counters: 22
	File System Counters
		FILE: Number of bytes read=936477
		FILE: Number of bytes written=3290835
		FILE: Number of read operations=0
		FILE: Number of large read operations=0
		FILE: Number of write operations=0
		O3FS: Number of bytes read=0
		O3FS: Number of bytes written=3000
		O3FS: Number of read operations=241
		O3FS: Number of large read operations=0
		O3FS: Number of write operations=42
	Map-Reduce Framework
		Map input records=1
		Map output records=0
		Input split bytes=156
		Spilled Records=0
		Failed Shuffles=0
		Merged Map outputs=0
		GC time elapsed (ms)=0
		Total committed heap usage (bytes)=1999110144
	File Input Format Counters 
		Bytes Read=1714
	File Output Format Counters 
		Bytes Written=8
	DistCp Counters
		Bandwidth in Btyes=0
		DIR_COPY=1
2019-11-07 15:45:56,527 [LocalJobRunner Map Task Executor #0] INFO  mapred.LocalJobRunner (LocalJobRunner.java:run(277)) - Finishing task: attempt_local778622519_0004_m_000005_0
2019-11-07 15:45:56,528 [Thread-815] INFO  mapred.LocalJobRunner (LocalJobRunner.java:runTasks(486)) - map task executor complete.
2019-11-07 15:45:56,550 [Thread-815] INFO  mapred.CopyCommitter (CopyCommitter.java:trackMissing(366)) - Tracking file changes to directory file:/workdir/hadoop-ozone/ozonefs/target/test-dir/ITestOzoneContractDistCp/testTrackDeepDirectoryStructureToRemote/local/trackDir
2019-11-07 15:45:56,550 [Thread-815] INFO  mapred.CopyCommitter (CopyCommitter.java:trackMissing(371)) - Source listing file:/workdir/hadoop-ozone/ozonefs/target/test-dir/ITestOzoneContractDistCp/testTrackDeepDirectoryStructureToRemote/local/trackDir/source_sorted.seq
2019-11-07 15:45:56,566 [Thread-815] INFO  mapred.CopyCommitter (CopyCommitter.java:listTargetFiles(560)) - Scanning destination directory o3fs://bucket23590.volume89802/test/ITestOzoneContractDistCp/testTrackDeepDirectoryStructureToRemote/remote/outputDir/inputDir with thread count: 40
15:45:56.569 [IPC Server handler 15 on 35423] ERROR OMAudit - user=jenkins1000 | ip=127.0.0.1 | op=GET_FILE_STATUS {volume=volume89802, bucket=bucket23590, key=NONE, dataSize=0, replicationType=null, replicationFactor=null, keyLocationInfo=null} | ret=FAILURE
org.apache.hadoop.ozone.om.exceptions.OMException: Unable to get file status: volume: volume89802 bucket: bucket23590 key: NONE
	at org.apache.hadoop.ozone.om.KeyManagerImpl.getFileStatus(KeyManagerImpl.java:1784) ~[hadoop-ozone-ozone-manager-0.5.0-SNAPSHOT.jar:?]
	at org.apache.hadoop.ozone.om.OzoneManager.getFileStatus(OzoneManager.java:2762) ~[hadoop-ozone-ozone-manager-0.5.0-SNAPSHOT.jar:?]
	at org.apache.hadoop.ozone.protocolPB.OzoneManagerRequestHandler.getOzoneFileStatus(OzoneManagerRequestHandler.java:1053) ~[hadoop-ozone-ozone-manager-0.5.0-SNAPSHOT.jar:?]
	at org.apache.hadoop.ozone.protocolPB.OzoneManagerRequestHandler.handle(OzoneManagerRequestHandler.java:340) ~[hadoop-ozone-ozone-manager-0.5.0-SNAPSHOT.jar:?]
	at org.apache.hadoop.ozone.protocolPB.OzoneManagerProtocolServerSideTranslatorPB.submitRequestDirectlyToOM(OzoneManagerProtocolServerSideTranslatorPB.java:208) ~[hadoop-ozone-ozone-manager-0.5.0-SNAPSHOT.jar:?]
	at org.apache.hadoop.ozone.protocolPB.OzoneManagerProtocolServerSideTranslatorPB.processRequest(OzoneManagerProtocolServerSideTranslatorPB.java:132) ~[hadoop-ozone-ozone-manager-0.5.0-SNAPSHOT.jar:?]
	at org.apache.hadoop.hdds.server.OzoneProtocolMessageDispatcher.processRequest(OzoneProtocolMessageDispatcher.java:72) [hadoop-hdds-server-framework-0.5.0-SNAPSHOT.jar:?]
	at org.apache.hadoop.ozone.protocolPB.OzoneManagerProtocolServerSideTranslatorPB.submitRequest(OzoneManagerProtocolServerSideTranslatorPB.java:100) [hadoop-ozone-ozone-manager-0.5.0-SNAPSHOT.jar:?]
	at org.apache.hadoop.ozone.protocol.proto.OzoneManagerProtocolProtos$OzoneManagerService$2.callBlockingMethod(OzoneManagerProtocolProtos.java) [hadoop-ozone-common-0.5.0-SNAPSHOT.jar:?]
	at org.apache.hadoop.ipc.ProtobufRpcEngine$Server$ProtoBufRpcInvoker.call(ProtobufRpcEngine.java:524) [hadoop-common-3.2.0.jar:?]
	at org.apache.hadoop.ipc.RPC$Server.call(RPC.java:1025) [hadoop-common-3.2.0.jar:?]
	at org.apache.hadoop.ipc.Server$RpcCall.run(Server.java:876) [hadoop-common-3.2.0.jar:?]
	at org.apache.hadoop.ipc.Server$RpcCall.run(Server.java:822) [hadoop-common-3.2.0.jar:?]
	at java.security.AccessController.doPrivileged(Native Method) [?:1.8.0_222]
	at javax.security.auth.Subject.doAs(Subject.java:422) [?:1.8.0_222]
	at org.apache.hadoop.security.UserGroupInformation.doAs(UserGroupInformation.java:1730) [hadoop-common-3.2.0.jar:?]
	at org.apache.hadoop.ipc.Server$Handler.run(Server.java:2682) [hadoop-common-3.2.0.jar:?]
2019-11-07 15:45:56,595 [Thread-815] INFO  tools.SimpleCopyListing (SimpleCopyListing.java:printStats(608)) - Paths (files+dirs) cnt = 20; dirCnt = 5
2019-11-07 15:45:56,595 [Thread-815] INFO  tools.SimpleCopyListing (SimpleCopyListing.java:doBuildListing(402)) - Build file listing completed.
2019-11-07 15:45:56,605 [Thread-815] INFO  mapred.CopyCommitter (CopyCommitter.java:cleanup(189)) - Cleaning up temporary work folder: file:/tmp/hadoop/mapred/staging/jenkins1000809198948/.staging/_distcp504566982
2019-11-07 15:45:56,614 [Thread-815] INFO  mapred.CopyCommitter (CopyCommitter.java:cleanup(189)) - Cleaning up temporary work folder: file:/tmp/hadoop/mapred/staging/jenkins1000809198948/.staging/_distcp504566982
2019-11-07 15:45:56,614 [Thread-815] WARN  mapred.LocalJobRunner (LocalJobRunner.java:run(590)) - job_local778622519_0004
org.apache.hadoop.tools.CopyListing$DuplicateFileException: File o3fs://bucket23590.volume89802/test/ITestOzoneContractDistCp/testTrackDeepDirectoryStructureToRemote/remote/outputDir/inputDir/subDir1/file2 and o3fs://bucket23590.volume89802/test/ITestOzoneContractDistCp/testTrackDeepDirectoryStructureToRemote/remote/outputDir/inputDir/subDir1/file2 would cause duplicates. Aborting
	at org.apache.hadoop.tools.CopyListing.validateFinalListing(CopyListing.java:175)
	at org.apache.hadoop.tools.CopyListing.buildListing(CopyListing.java:93)
	at org.apache.hadoop.tools.GlobbedCopyListing.doBuildListing(GlobbedCopyListing.java:89)
	at org.apache.hadoop.tools.CopyListing.buildListing(CopyListing.java:86)
	at org.apache.hadoop.tools.mapred.CopyCommitter.listTargetFiles(CopyCommitter.java:570)
	at org.apache.hadoop.tools.mapred.CopyCommitter.trackMissing(CopyCommitter.java:380)
	at org.apache.hadoop.tools.mapred.CopyCommitter.commitJob(CopyCommitter.java:126)
	at org.apache.hadoop.mapred.LocalJobRunner$Job.run(LocalJobRunner.java:567)
2019-11-07 15:45:57,152 [Thread-592] INFO  mapreduce.Job (Job.java:monitorAndPrintJob(1640)) - Job job_local778622519_0004 running in uber mode : false
2019-11-07 15:45:57,153 [Thread-592] INFO  mapreduce.Job (Job.java:monitorAndPrintJob(1647)) -  map 100% reduce 0%
2019-11-07 15:45:57,153 [Thread-592] INFO  mapreduce.Job (Job.java:monitorAndPrintJob(1660)) - Job job_local778622519_0004 failed with state FAILED due to: NA
2019-11-07 15:45:57,156 [Thread-592] INFO  mapreduce.Job (Job.java:monitorAndPrintJob(1665)) - Counters: 27
	File System Counters
		FILE: Number of bytes read=5583375
		FILE: Number of bytes written=19744580
		FILE: Number of read operations=0
		FILE: Number of large read operations=0
		FILE: Number of write operations=0
		O3FS: Number of bytes read=0
		O3FS: Number of bytes written=18000
		O3FS: Number of read operations=1416
		O3FS: Number of large read operations=0
		O3FS: Number of write operations=252
	Map-Reduce Framework
		Map input records=6
		Map output records=1
		Input split bytes=936
		Spilled Records=0
		Failed Shuffles=0
		Merged Map outputs=0
		GC time elapsed (ms)=0
		Total committed heap usage (bytes)=11994660864
	File Input Format Counters 
		Bytes Read=10284
	File Output Format Counters 
		Bytes Written=203
	DistCp Counters
		Bandwidth in Btyes=0
		Bytes Copied=0
		Bytes Expected=0
		Bytes Skipped=200
		Files Copied=1
		DIR_COPY=4
		Files Skipped=1
]]></system-out>
  </testcase>
  <testcase name="largeFilesToRemote" classname="org.apache.hadoop.fs.ozone.contract.ITestOzoneContractDistCp" time="2.302"/>
  <testcase name="testLargeFilesFromRemote" classname="org.apache.hadoop.fs.ozone.contract.ITestOzoneContractDistCp" time="2.174"/>
  <testcase name="testUpdateDeepDirectoryStructureToRemote" classname="org.apache.hadoop.fs.ozone.contract.ITestOzoneContractDistCp" time="4.512">
    <error message="DistCp failure: Job job_local975419743_0008 has failed: NA" type="java.io.IOException">java.io.IOException: DistCp failure: Job job_local975419743_0008 has failed: NA
	at org.apache.hadoop.tools.DistCp.waitForJobCompletion(DistCp.java:230)
	at org.apache.hadoop.tools.DistCp.execute(DistCp.java:185)
	at org.apache.hadoop.tools.contract.AbstractContractDistCpTest.runDistCp(AbstractContractDistCpTest.java:560)
	at org.apache.hadoop.tools.contract.AbstractContractDistCpTest.distCpUpdate(AbstractContractDistCpTest.java:316)
	at org.apache.hadoop.tools.contract.AbstractContractDistCpTest.distCpUpdateDeepDirectoryStructure(AbstractContractDistCpTest.java:287)
	at org.apache.hadoop.tools.contract.AbstractContractDistCpTest.testUpdateDeepDirectoryStructureToRemote(AbstractContractDistCpTest.java:224)
	at sun.reflect.NativeMethodAccessorImpl.invoke0(Native Method)
	at sun.reflect.NativeMethodAccessorImpl.invoke(NativeMethodAccessorImpl.java:62)
	at sun.reflect.DelegatingMethodAccessorImpl.invoke(DelegatingMethodAccessorImpl.java:43)
	at java.lang.reflect.Method.invoke(Method.java:498)
	at org.junit.runners.model.FrameworkMethod$1.runReflectiveCall(FrameworkMethod.java:47)
	at org.junit.internal.runners.model.ReflectiveCallable.run(ReflectiveCallable.java:12)
	at org.junit.runners.model.FrameworkMethod.invokeExplosively(FrameworkMethod.java:44)
	at org.junit.internal.runners.statements.InvokeMethod.evaluate(InvokeMethod.java:17)
	at org.junit.internal.runners.statements.RunBefores.evaluate(RunBefores.java:26)
	at org.junit.internal.runners.statements.RunAfters.evaluate(RunAfters.java:27)
	at org.junit.rules.TestWatcher$1.evaluate(TestWatcher.java:55)
	at org.junit.rules.TestWatcher$1.evaluate(TestWatcher.java:55)
	at org.junit.internal.runners.statements.FailOnTimeout$StatementThread.run(FailOnTimeout.java:74)
</error>
    <system-out><![CDATA[2019-11-07 15:46:01,999 [Thread-1053] INFO  Configuration.deprecation (Configuration.java:logDeprecation(1394)) - mapred.job.tracker is deprecated. Instead, use mapreduce.jobtracker.address
2019-11-07 15:46:02,026 [Thread-1053] INFO  rpc.RpcClient (RpcClient.java:createVolume(291)) - Creating Volume: volume97672, with user81202 as owner.
2019-11-07 15:46:02,028 [IPC Server handler 13 on 35423] INFO  volume.OMVolumeCreateRequest (OMVolumeCreateRequest.java:validateAndUpdateCache(193)) - created volume:volume97672 for user:user81202
2019-11-07 15:46:02,051 [Thread-1053] INFO  rpc.RpcClient (RpcClient.java:createBucket(430)) - Creating Bucket: volume97672/bucket46774, with Versioning false and Storage Type set to DISK and Encryption set to false 
2019-11-07 15:46:02,119 [Thread-1053] INFO  contract.AbstractFSContractTestBase (AbstractFSContractTestBase.java:setup(184)) - Test filesystem = o3fs://bucket46774.volume97672 implemented by OzoneFileSystem{URI=o3fs://bucket46774.volume97672, workingDir=o3fs://bucket46774.volume97672/user/jenkins1000, userName=jenkins1000, statistics=0 bytes read, 18877368 bytes written, 324 read ops, 0 large read ops, 65 write ops}
15:46:02.221 [IPC Server handler 2 on 35423] ERROR OMAudit - user=jenkins1000 | ip=127.0.0.1 | op=GET_FILE_STATUS {volume=volume97672, bucket=bucket46774, key=test/ITestOzoneContractDistCp/testUpdateDeepDirectoryStructureToRemote, dataSize=0, replicationType=null, replicationFactor=null, keyLocationInfo=null} | ret=FAILURE
org.apache.hadoop.ozone.om.exceptions.OMException: Unable to get file status: volume: volume97672 bucket: bucket46774 key: test/ITestOzoneContractDistCp/testUpdateDeepDirectoryStructureToRemote
	at org.apache.hadoop.ozone.om.KeyManagerImpl.getFileStatus(KeyManagerImpl.java:1784) ~[hadoop-ozone-ozone-manager-0.5.0-SNAPSHOT.jar:?]
	at org.apache.hadoop.ozone.om.OzoneManager.getFileStatus(OzoneManager.java:2762) ~[hadoop-ozone-ozone-manager-0.5.0-SNAPSHOT.jar:?]
	at org.apache.hadoop.ozone.protocolPB.OzoneManagerRequestHandler.getOzoneFileStatus(OzoneManagerRequestHandler.java:1053) ~[hadoop-ozone-ozone-manager-0.5.0-SNAPSHOT.jar:?]
	at org.apache.hadoop.ozone.protocolPB.OzoneManagerRequestHandler.handle(OzoneManagerRequestHandler.java:340) ~[hadoop-ozone-ozone-manager-0.5.0-SNAPSHOT.jar:?]
	at org.apache.hadoop.ozone.protocolPB.OzoneManagerProtocolServerSideTranslatorPB.submitRequestDirectlyToOM(OzoneManagerProtocolServerSideTranslatorPB.java:208) ~[hadoop-ozone-ozone-manager-0.5.0-SNAPSHOT.jar:?]
	at org.apache.hadoop.ozone.protocolPB.OzoneManagerProtocolServerSideTranslatorPB.processRequest(OzoneManagerProtocolServerSideTranslatorPB.java:132) ~[hadoop-ozone-ozone-manager-0.5.0-SNAPSHOT.jar:?]
	at org.apache.hadoop.hdds.server.OzoneProtocolMessageDispatcher.processRequest(OzoneProtocolMessageDispatcher.java:72) [hadoop-hdds-server-framework-0.5.0-SNAPSHOT.jar:?]
	at org.apache.hadoop.ozone.protocolPB.OzoneManagerProtocolServerSideTranslatorPB.submitRequest(OzoneManagerProtocolServerSideTranslatorPB.java:100) [hadoop-ozone-ozone-manager-0.5.0-SNAPSHOT.jar:?]
	at org.apache.hadoop.ozone.protocol.proto.OzoneManagerProtocolProtos$OzoneManagerService$2.callBlockingMethod(OzoneManagerProtocolProtos.java) [hadoop-ozone-common-0.5.0-SNAPSHOT.jar:?]
	at org.apache.hadoop.ipc.ProtobufRpcEngine$Server$ProtoBufRpcInvoker.call(ProtobufRpcEngine.java:524) [hadoop-common-3.2.0.jar:?]
	at org.apache.hadoop.ipc.RPC$Server.call(RPC.java:1025) [hadoop-common-3.2.0.jar:?]
	at org.apache.hadoop.ipc.Server$RpcCall.run(Server.java:876) [hadoop-common-3.2.0.jar:?]
	at org.apache.hadoop.ipc.Server$RpcCall.run(Server.java:822) [hadoop-common-3.2.0.jar:?]
	at java.security.AccessController.doPrivileged(Native Method) [?:1.8.0_222]
	at javax.security.auth.Subject.doAs(Subject.java:422) [?:1.8.0_222]
	at org.apache.hadoop.security.UserGroupInformation.doAs(UserGroupInformation.java:1730) [hadoop-common-3.2.0.jar:?]
	at org.apache.hadoop.ipc.Server$Handler.run(Server.java:2682) [hadoop-common-3.2.0.jar:?]
2019-11-07 15:46:02,245 [Thread-1053] INFO  contract.AbstractFSContractTestBase (AbstractFSContractTestBase.java:describe(255)) - update a deep directory structure from local to remote
2019-11-07 15:46:02,329 [Thread-1053] INFO  impl.MetricsSystemImpl (MetricsSystemImpl.java:init(158)) - JobTracker metrics system started (again)
2019-11-07 15:46:02,347 [Thread-1053] INFO  impl.MetricsSystemImpl (MetricsSystemImpl.java:init(158)) - JobTracker metrics system started (again)
15:46:02.358 [IPC Server handler 3 on 35423] ERROR OMAudit - user=jenkins1000 | ip=127.0.0.1 | op=GET_FILE_STATUS {volume=volume97672, bucket=bucket46774, key=test/ITestOzoneContractDistCp/testUpdateDeepDirectoryStructureToRemote/remote/outputDir, dataSize=0, replicationType=null, replicationFactor=null, keyLocationInfo=null} | ret=FAILURE
org.apache.hadoop.ozone.om.exceptions.OMException: Unable to get file status: volume: volume97672 bucket: bucket46774 key: test/ITestOzoneContractDistCp/testUpdateDeepDirectoryStructureToRemote/remote/outputDir
	at org.apache.hadoop.ozone.om.KeyManagerImpl.getFileStatus(KeyManagerImpl.java:1784) ~[hadoop-ozone-ozone-manager-0.5.0-SNAPSHOT.jar:?]
	at org.apache.hadoop.ozone.om.OzoneManager.getFileStatus(OzoneManager.java:2762) ~[hadoop-ozone-ozone-manager-0.5.0-SNAPSHOT.jar:?]
	at org.apache.hadoop.ozone.protocolPB.OzoneManagerRequestHandler.getOzoneFileStatus(OzoneManagerRequestHandler.java:1053) ~[hadoop-ozone-ozone-manager-0.5.0-SNAPSHOT.jar:?]
	at org.apache.hadoop.ozone.protocolPB.OzoneManagerRequestHandler.handle(OzoneManagerRequestHandler.java:340) ~[hadoop-ozone-ozone-manager-0.5.0-SNAPSHOT.jar:?]
	at org.apache.hadoop.ozone.protocolPB.OzoneManagerProtocolServerSideTranslatorPB.submitRequestDirectlyToOM(OzoneManagerProtocolServerSideTranslatorPB.java:208) ~[hadoop-ozone-ozone-manager-0.5.0-SNAPSHOT.jar:?]
	at org.apache.hadoop.ozone.protocolPB.OzoneManagerProtocolServerSideTranslatorPB.processRequest(OzoneManagerProtocolServerSideTranslatorPB.java:132) ~[hadoop-ozone-ozone-manager-0.5.0-SNAPSHOT.jar:?]
	at org.apache.hadoop.hdds.server.OzoneProtocolMessageDispatcher.processRequest(OzoneProtocolMessageDispatcher.java:72) [hadoop-hdds-server-framework-0.5.0-SNAPSHOT.jar:?]
	at org.apache.hadoop.ozone.protocolPB.OzoneManagerProtocolServerSideTranslatorPB.submitRequest(OzoneManagerProtocolServerSideTranslatorPB.java:100) [hadoop-ozone-ozone-manager-0.5.0-SNAPSHOT.jar:?]
	at org.apache.hadoop.ozone.protocol.proto.OzoneManagerProtocolProtos$OzoneManagerService$2.callBlockingMethod(OzoneManagerProtocolProtos.java) [hadoop-ozone-common-0.5.0-SNAPSHOT.jar:?]
	at org.apache.hadoop.ipc.ProtobufRpcEngine$Server$ProtoBufRpcInvoker.call(ProtobufRpcEngine.java:524) [hadoop-common-3.2.0.jar:?]
	at org.apache.hadoop.ipc.RPC$Server.call(RPC.java:1025) [hadoop-common-3.2.0.jar:?]
	at org.apache.hadoop.ipc.Server$RpcCall.run(Server.java:876) [hadoop-common-3.2.0.jar:?]
	at org.apache.hadoop.ipc.Server$RpcCall.run(Server.java:822) [hadoop-common-3.2.0.jar:?]
	at java.security.AccessController.doPrivileged(Native Method) [?:1.8.0_222]
	at javax.security.auth.Subject.doAs(Subject.java:422) [?:1.8.0_222]
	at org.apache.hadoop.security.UserGroupInformation.doAs(UserGroupInformation.java:1730) [hadoop-common-3.2.0.jar:?]
	at org.apache.hadoop.ipc.Server$Handler.run(Server.java:2682) [hadoop-common-3.2.0.jar:?]
2019-11-07 15:46:02,440 [Thread-1053] INFO  tools.SimpleCopyListing (SimpleCopyListing.java:printStats(608)) - Paths (files+dirs) cnt = 11; dirCnt = 6
2019-11-07 15:46:02,441 [Thread-1053] INFO  tools.SimpleCopyListing (SimpleCopyListing.java:doBuildListing(402)) - Build file listing completed.
2019-11-07 15:46:02,452 [Thread-1053] INFO  tools.DistCp (CopyListing.java:buildListing(94)) - Number of paths in the copy list: 11
2019-11-07 15:46:02,460 [Thread-1053] INFO  tools.DistCp (CopyListing.java:buildListing(94)) - Number of paths in the copy list: 11
2019-11-07 15:46:02,461 [Thread-1053] INFO  impl.MetricsSystemImpl (MetricsSystemImpl.java:init(158)) - JobTracker metrics system started (again)
2019-11-07 15:46:02,470 [Thread-1053] WARN  mapreduce.JobResourceUploader (JobResourceUploader.java:uploadResourcesInternal(147)) - Hadoop command-line option parsing not performed. Implement the Tool interface and execute your application with ToolRunner to remedy this.
2019-11-07 15:46:02,524 [Thread-1053] INFO  mapreduce.JobSubmitter (JobSubmitter.java:submitJobInternal(202)) - number of splits:9
2019-11-07 15:46:02,551 [Thread-1053] INFO  mapreduce.JobSubmitter (JobSubmitter.java:printTokens(298)) - Submitting tokens for job: job_local331500791_0007
2019-11-07 15:46:02,551 [Thread-1053] INFO  mapreduce.JobSubmitter (JobSubmitter.java:printTokens(299)) - Executing with tokens: []
2019-11-07 15:46:02,644 [Thread-1053] INFO  mapreduce.Job (Job.java:submit(1574)) - The url to track the job: http://localhost:8080/
2019-11-07 15:46:02,645 [Thread-1053] INFO  tools.DistCp (DistCp.java:createAndSubmitJob(217)) - DistCp job-id: job_local331500791_0007
2019-11-07 15:46:02,645 [Thread-1116] INFO  mapred.LocalJobRunner (LocalJobRunner.java:createOutputCommitter(501)) - OutputCommitter set in config null
2019-11-07 15:46:02,645 [Thread-1053] INFO  mapreduce.Job (Job.java:monitorAndPrintJob(1619)) - Running job: job_local331500791_0007
2019-11-07 15:46:02,646 [Thread-1116] INFO  output.FileOutputCommitter (FileOutputCommitter.java:<init>(140)) - File Output Committer Algorithm version is 2
2019-11-07 15:46:02,646 [Thread-1116] INFO  output.FileOutputCommitter (FileOutputCommitter.java:<init>(155)) - FileOutputCommitter skip cleanup _temporary folders under output directory:false, ignore cleanup failures: false
2019-11-07 15:46:02,646 [Thread-1116] INFO  mapred.LocalJobRunner (LocalJobRunner.java:createOutputCommitter(519)) - OutputCommitter is org.apache.hadoop.tools.mapred.CopyCommitter
2019-11-07 15:46:02,667 [Thread-1116] INFO  mapred.LocalJobRunner (LocalJobRunner.java:runTasks(478)) - Waiting for map tasks
2019-11-07 15:46:02,668 [LocalJobRunner Map Task Executor #0] INFO  mapred.LocalJobRunner (LocalJobRunner.java:run(252)) - Starting task: attempt_local331500791_0007_m_000000_0
2019-11-07 15:46:02,668 [LocalJobRunner Map Task Executor #0] INFO  output.FileOutputCommitter (FileOutputCommitter.java:<init>(140)) - File Output Committer Algorithm version is 2
2019-11-07 15:46:02,668 [LocalJobRunner Map Task Executor #0] INFO  output.FileOutputCommitter (FileOutputCommitter.java:<init>(155)) - FileOutputCommitter skip cleanup _temporary folders under output directory:false, ignore cleanup failures: false
2019-11-07 15:46:02,669 [LocalJobRunner Map Task Executor #0] INFO  mapred.Task (Task.java:initialize(626)) -  Using ResourceCalculatorProcessTree : [ ]
2019-11-07 15:46:02,670 [LocalJobRunner Map Task Executor #0] INFO  mapred.MapTask (MapTask.java:runNewMapper(768)) - Processing split: file:/tmp/hadoop/mapred/staging/jenkins10001546768080/.staging/_distcp-1161446647/fileList.seq:327+586
2019-11-07 15:46:02,670 [LocalJobRunner Map Task Executor #0] INFO  output.FileOutputCommitter (FileOutputCommitter.java:<init>(140)) - File Output Committer Algorithm version is 2
2019-11-07 15:46:02,670 [LocalJobRunner Map Task Executor #0] INFO  output.FileOutputCommitter (FileOutputCommitter.java:<init>(155)) - FileOutputCommitter skip cleanup _temporary folders under output directory:false, ignore cleanup failures: false
15:46:02.691 [IPC Server handler 9 on 35423] ERROR OMAudit - user=jenkins1000 | ip=127.0.0.1 | op=GET_FILE_STATUS {volume=volume97672, bucket=bucket46774, key=test/ITestOzoneContractDistCp/testUpdateDeepDirectoryStructureToRemote/remote/outputDir, dataSize=0, replicationType=null, replicationFactor=null, keyLocationInfo=null} | ret=FAILURE
org.apache.hadoop.ozone.om.exceptions.OMException: Unable to get file status: volume: volume97672 bucket: bucket46774 key: test/ITestOzoneContractDistCp/testUpdateDeepDirectoryStructureToRemote/remote/outputDir
	at org.apache.hadoop.ozone.om.KeyManagerImpl.getFileStatus(KeyManagerImpl.java:1784) ~[hadoop-ozone-ozone-manager-0.5.0-SNAPSHOT.jar:?]
	at org.apache.hadoop.ozone.om.OzoneManager.getFileStatus(OzoneManager.java:2762) ~[hadoop-ozone-ozone-manager-0.5.0-SNAPSHOT.jar:?]
	at org.apache.hadoop.ozone.protocolPB.OzoneManagerRequestHandler.getOzoneFileStatus(OzoneManagerRequestHandler.java:1053) ~[hadoop-ozone-ozone-manager-0.5.0-SNAPSHOT.jar:?]
	at org.apache.hadoop.ozone.protocolPB.OzoneManagerRequestHandler.handle(OzoneManagerRequestHandler.java:340) ~[hadoop-ozone-ozone-manager-0.5.0-SNAPSHOT.jar:?]
	at org.apache.hadoop.ozone.protocolPB.OzoneManagerProtocolServerSideTranslatorPB.submitRequestDirectlyToOM(OzoneManagerProtocolServerSideTranslatorPB.java:208) ~[hadoop-ozone-ozone-manager-0.5.0-SNAPSHOT.jar:?]
	at org.apache.hadoop.ozone.protocolPB.OzoneManagerProtocolServerSideTranslatorPB.processRequest(OzoneManagerProtocolServerSideTranslatorPB.java:132) ~[hadoop-ozone-ozone-manager-0.5.0-SNAPSHOT.jar:?]
	at org.apache.hadoop.hdds.server.OzoneProtocolMessageDispatcher.processRequest(OzoneProtocolMessageDispatcher.java:72) [hadoop-hdds-server-framework-0.5.0-SNAPSHOT.jar:?]
	at org.apache.hadoop.ozone.protocolPB.OzoneManagerProtocolServerSideTranslatorPB.submitRequest(OzoneManagerProtocolServerSideTranslatorPB.java:100) [hadoop-ozone-ozone-manager-0.5.0-SNAPSHOT.jar:?]
	at org.apache.hadoop.ozone.protocol.proto.OzoneManagerProtocolProtos$OzoneManagerService$2.callBlockingMethod(OzoneManagerProtocolProtos.java) [hadoop-ozone-common-0.5.0-SNAPSHOT.jar:?]
	at org.apache.hadoop.ipc.ProtobufRpcEngine$Server$ProtoBufRpcInvoker.call(ProtobufRpcEngine.java:524) [hadoop-common-3.2.0.jar:?]
	at org.apache.hadoop.ipc.RPC$Server.call(RPC.java:1025) [hadoop-common-3.2.0.jar:?]
	at org.apache.hadoop.ipc.Server$RpcCall.run(Server.java:876) [hadoop-common-3.2.0.jar:?]
	at org.apache.hadoop.ipc.Server$RpcCall.run(Server.java:822) [hadoop-common-3.2.0.jar:?]
	at java.security.AccessController.doPrivileged(Native Method) [?:1.8.0_222]
	at javax.security.auth.Subject.doAs(Subject.java:422) [?:1.8.0_222]
	at org.apache.hadoop.security.UserGroupInformation.doAs(UserGroupInformation.java:1730) [hadoop-common-3.2.0.jar:?]
	at org.apache.hadoop.ipc.Server$Handler.run(Server.java:2682) [hadoop-common-3.2.0.jar:?]
2019-11-07 15:46:02,693 [LocalJobRunner Map Task Executor #0] INFO  mapred.CopyMapper (CopyMapper.java:map(154)) - Copying file:/workdir/hadoop-ozone/ozonefs/target/test-dir/ITestOzoneContractDistCp/testUpdateDeepDirectoryStructureToRemote/local/inputDir/subDir4/subDir4/file5 to o3fs://bucket46774.volume97672/test/ITestOzoneContractDistCp/testUpdateDeepDirectoryStructureToRemote/remote/outputDir/inputDir/subDir4/subDir4/file5
15:46:02.700 [IPC Server handler 11 on 35423] ERROR OMAudit - user=jenkins1000 | ip=127.0.0.1 | op=GET_FILE_STATUS {volume=volume97672, bucket=bucket46774, key=test/ITestOzoneContractDistCp/testUpdateDeepDirectoryStructureToRemote/remote/outputDir/inputDir/subDir4/subDir4/file5, dataSize=0, replicationType=null, replicationFactor=null, keyLocationInfo=null} | ret=FAILURE
org.apache.hadoop.ozone.om.exceptions.OMException: Unable to get file status: volume: volume97672 bucket: bucket46774 key: test/ITestOzoneContractDistCp/testUpdateDeepDirectoryStructureToRemote/remote/outputDir/inputDir/subDir4/subDir4/file5
	at org.apache.hadoop.ozone.om.KeyManagerImpl.getFileStatus(KeyManagerImpl.java:1784) ~[hadoop-ozone-ozone-manager-0.5.0-SNAPSHOT.jar:?]
	at org.apache.hadoop.ozone.om.OzoneManager.getFileStatus(OzoneManager.java:2762) ~[hadoop-ozone-ozone-manager-0.5.0-SNAPSHOT.jar:?]
	at org.apache.hadoop.ozone.protocolPB.OzoneManagerRequestHandler.getOzoneFileStatus(OzoneManagerRequestHandler.java:1053) ~[hadoop-ozone-ozone-manager-0.5.0-SNAPSHOT.jar:?]
	at org.apache.hadoop.ozone.protocolPB.OzoneManagerRequestHandler.handle(OzoneManagerRequestHandler.java:340) ~[hadoop-ozone-ozone-manager-0.5.0-SNAPSHOT.jar:?]
	at org.apache.hadoop.ozone.protocolPB.OzoneManagerProtocolServerSideTranslatorPB.submitRequestDirectlyToOM(OzoneManagerProtocolServerSideTranslatorPB.java:208) ~[hadoop-ozone-ozone-manager-0.5.0-SNAPSHOT.jar:?]
	at org.apache.hadoop.ozone.protocolPB.OzoneManagerProtocolServerSideTranslatorPB.processRequest(OzoneManagerProtocolServerSideTranslatorPB.java:132) ~[hadoop-ozone-ozone-manager-0.5.0-SNAPSHOT.jar:?]
	at org.apache.hadoop.hdds.server.OzoneProtocolMessageDispatcher.processRequest(OzoneProtocolMessageDispatcher.java:72) [hadoop-hdds-server-framework-0.5.0-SNAPSHOT.jar:?]
	at org.apache.hadoop.ozone.protocolPB.OzoneManagerProtocolServerSideTranslatorPB.submitRequest(OzoneManagerProtocolServerSideTranslatorPB.java:100) [hadoop-ozone-ozone-manager-0.5.0-SNAPSHOT.jar:?]
	at org.apache.hadoop.ozone.protocol.proto.OzoneManagerProtocolProtos$OzoneManagerService$2.callBlockingMethod(OzoneManagerProtocolProtos.java) [hadoop-ozone-common-0.5.0-SNAPSHOT.jar:?]
	at org.apache.hadoop.ipc.ProtobufRpcEngine$Server$ProtoBufRpcInvoker.call(ProtobufRpcEngine.java:524) [hadoop-common-3.2.0.jar:?]
	at org.apache.hadoop.ipc.RPC$Server.call(RPC.java:1025) [hadoop-common-3.2.0.jar:?]
	at org.apache.hadoop.ipc.Server$RpcCall.run(Server.java:876) [hadoop-common-3.2.0.jar:?]
	at org.apache.hadoop.ipc.Server$RpcCall.run(Server.java:822) [hadoop-common-3.2.0.jar:?]
	at java.security.AccessController.doPrivileged(Native Method) [?:1.8.0_222]
	at javax.security.auth.Subject.doAs(Subject.java:422) [?:1.8.0_222]
	at org.apache.hadoop.security.UserGroupInformation.doAs(UserGroupInformation.java:1730) [hadoop-common-3.2.0.jar:?]
	at org.apache.hadoop.ipc.Server$Handler.run(Server.java:2682) [hadoop-common-3.2.0.jar:?]
2019-11-07 15:46:02,701 [LocalJobRunner Map Task Executor #0] INFO  mapred.RetriableFileCopyCommand (RetriableFileCopyCommand.java:getTmpFile(260)) - Creating temp file: o3fs://bucket46774.volume97672/test/ITestOzoneContractDistCp/testUpdateDeepDirectoryStructureToRemote/remote/outputDir/.distcp.tmp.attempt_local331500791_0007_m_000000_0
15:46:02.805 [IPC Server handler 14 on 35423] ERROR OMAudit - user=jenkins1000 | ip=127.0.0.1 | op=GET_FILE_STATUS {volume=volume97672, bucket=bucket46774, key=test/ITestOzoneContractDistCp/testUpdateDeepDirectoryStructureToRemote/remote/outputDir/inputDir/subDir4/subDir4/file5, dataSize=0, replicationType=null, replicationFactor=null, keyLocationInfo=null} | ret=FAILURE
org.apache.hadoop.ozone.om.exceptions.OMException: Unable to get file status: volume: volume97672 bucket: bucket46774 key: test/ITestOzoneContractDistCp/testUpdateDeepDirectoryStructureToRemote/remote/outputDir/inputDir/subDir4/subDir4/file5
	at org.apache.hadoop.ozone.om.KeyManagerImpl.getFileStatus(KeyManagerImpl.java:1784) ~[hadoop-ozone-ozone-manager-0.5.0-SNAPSHOT.jar:?]
	at org.apache.hadoop.ozone.om.OzoneManager.getFileStatus(OzoneManager.java:2762) ~[hadoop-ozone-ozone-manager-0.5.0-SNAPSHOT.jar:?]
	at org.apache.hadoop.ozone.protocolPB.OzoneManagerRequestHandler.getOzoneFileStatus(OzoneManagerRequestHandler.java:1053) ~[hadoop-ozone-ozone-manager-0.5.0-SNAPSHOT.jar:?]
	at org.apache.hadoop.ozone.protocolPB.OzoneManagerRequestHandler.handle(OzoneManagerRequestHandler.java:340) ~[hadoop-ozone-ozone-manager-0.5.0-SNAPSHOT.jar:?]
	at org.apache.hadoop.ozone.protocolPB.OzoneManagerProtocolServerSideTranslatorPB.submitRequestDirectlyToOM(OzoneManagerProtocolServerSideTranslatorPB.java:208) ~[hadoop-ozone-ozone-manager-0.5.0-SNAPSHOT.jar:?]
	at org.apache.hadoop.ozone.protocolPB.OzoneManagerProtocolServerSideTranslatorPB.processRequest(OzoneManagerProtocolServerSideTranslatorPB.java:132) ~[hadoop-ozone-ozone-manager-0.5.0-SNAPSHOT.jar:?]
	at org.apache.hadoop.hdds.server.OzoneProtocolMessageDispatcher.processRequest(OzoneProtocolMessageDispatcher.java:72) [hadoop-hdds-server-framework-0.5.0-SNAPSHOT.jar:?]
	at org.apache.hadoop.ozone.protocolPB.OzoneManagerProtocolServerSideTranslatorPB.submitRequest(OzoneManagerProtocolServerSideTranslatorPB.java:100) [hadoop-ozone-ozone-manager-0.5.0-SNAPSHOT.jar:?]
	at org.apache.hadoop.ozone.protocol.proto.OzoneManagerProtocolProtos$OzoneManagerService$2.callBlockingMethod(OzoneManagerProtocolProtos.java) [hadoop-ozone-common-0.5.0-SNAPSHOT.jar:?]
	at org.apache.hadoop.ipc.ProtobufRpcEngine$Server$ProtoBufRpcInvoker.call(ProtobufRpcEngine.java:524) [hadoop-common-3.2.0.jar:?]
	at org.apache.hadoop.ipc.RPC$Server.call(RPC.java:1025) [hadoop-common-3.2.0.jar:?]
	at org.apache.hadoop.ipc.Server$RpcCall.run(Server.java:876) [hadoop-common-3.2.0.jar:?]
	at org.apache.hadoop.ipc.Server$RpcCall.run(Server.java:822) [hadoop-common-3.2.0.jar:?]
	at java.security.AccessController.doPrivileged(Native Method) [?:1.8.0_222]
	at javax.security.auth.Subject.doAs(Subject.java:422) [?:1.8.0_222]
	at org.apache.hadoop.security.UserGroupInformation.doAs(UserGroupInformation.java:1730) [hadoop-common-3.2.0.jar:?]
	at org.apache.hadoop.ipc.Server$Handler.run(Server.java:2682) [hadoop-common-3.2.0.jar:?]
15:46:02.807 [IPC Server handler 17 on 35423] ERROR OMAudit - user=jenkins1000 | ip=127.0.0.1 | op=GET_FILE_STATUS {volume=volume97672, bucket=bucket46774, key=test/ITestOzoneContractDistCp/testUpdateDeepDirectoryStructureToRemote/remote/outputDir/inputDir/subDir4/subDir4, dataSize=0, replicationType=null, replicationFactor=null, keyLocationInfo=null} | ret=FAILURE
org.apache.hadoop.ozone.om.exceptions.OMException: Unable to get file status: volume: volume97672 bucket: bucket46774 key: test/ITestOzoneContractDistCp/testUpdateDeepDirectoryStructureToRemote/remote/outputDir/inputDir/subDir4/subDir4
	at org.apache.hadoop.ozone.om.KeyManagerImpl.getFileStatus(KeyManagerImpl.java:1784) ~[hadoop-ozone-ozone-manager-0.5.0-SNAPSHOT.jar:?]
	at org.apache.hadoop.ozone.om.OzoneManager.getFileStatus(OzoneManager.java:2762) ~[hadoop-ozone-ozone-manager-0.5.0-SNAPSHOT.jar:?]
	at org.apache.hadoop.ozone.protocolPB.OzoneManagerRequestHandler.getOzoneFileStatus(OzoneManagerRequestHandler.java:1053) ~[hadoop-ozone-ozone-manager-0.5.0-SNAPSHOT.jar:?]
	at org.apache.hadoop.ozone.protocolPB.OzoneManagerRequestHandler.handle(OzoneManagerRequestHandler.java:340) ~[hadoop-ozone-ozone-manager-0.5.0-SNAPSHOT.jar:?]
	at org.apache.hadoop.ozone.protocolPB.OzoneManagerProtocolServerSideTranslatorPB.submitRequestDirectlyToOM(OzoneManagerProtocolServerSideTranslatorPB.java:208) ~[hadoop-ozone-ozone-manager-0.5.0-SNAPSHOT.jar:?]
	at org.apache.hadoop.ozone.protocolPB.OzoneManagerProtocolServerSideTranslatorPB.processRequest(OzoneManagerProtocolServerSideTranslatorPB.java:132) ~[hadoop-ozone-ozone-manager-0.5.0-SNAPSHOT.jar:?]
	at org.apache.hadoop.hdds.server.OzoneProtocolMessageDispatcher.processRequest(OzoneProtocolMessageDispatcher.java:72) [hadoop-hdds-server-framework-0.5.0-SNAPSHOT.jar:?]
	at org.apache.hadoop.ozone.protocolPB.OzoneManagerProtocolServerSideTranslatorPB.submitRequest(OzoneManagerProtocolServerSideTranslatorPB.java:100) [hadoop-ozone-ozone-manager-0.5.0-SNAPSHOT.jar:?]
	at org.apache.hadoop.ozone.protocol.proto.OzoneManagerProtocolProtos$OzoneManagerService$2.callBlockingMethod(OzoneManagerProtocolProtos.java) [hadoop-ozone-common-0.5.0-SNAPSHOT.jar:?]
	at org.apache.hadoop.ipc.ProtobufRpcEngine$Server$ProtoBufRpcInvoker.call(ProtobufRpcEngine.java:524) [hadoop-common-3.2.0.jar:?]
	at org.apache.hadoop.ipc.RPC$Server.call(RPC.java:1025) [hadoop-common-3.2.0.jar:?]
	at org.apache.hadoop.ipc.Server$RpcCall.run(Server.java:876) [hadoop-common-3.2.0.jar:?]
	at org.apache.hadoop.ipc.Server$RpcCall.run(Server.java:822) [hadoop-common-3.2.0.jar:?]
	at java.security.AccessController.doPrivileged(Native Method) [?:1.8.0_222]
	at javax.security.auth.Subject.doAs(Subject.java:422) [?:1.8.0_222]
	at org.apache.hadoop.security.UserGroupInformation.doAs(UserGroupInformation.java:1730) [hadoop-common-3.2.0.jar:?]
	at org.apache.hadoop.ipc.Server$Handler.run(Server.java:2682) [hadoop-common-3.2.0.jar:?]
15:46:02.835 [IPC Server handler 18 on 35423] ERROR OMAudit - user=jenkins1000 | ip=127.0.0.1 | op=GET_FILE_STATUS {volume=volume97672, bucket=bucket46774, key=test/ITestOzoneContractDistCp/testUpdateDeepDirectoryStructureToRemote/remote/outputDir/inputDir/subDir4/subDir4/file5, dataSize=0, replicationType=null, replicationFactor=null, keyLocationInfo=null} | ret=FAILURE
org.apache.hadoop.ozone.om.exceptions.OMException: Unable to get file status: volume: volume97672 bucket: bucket46774 key: test/ITestOzoneContractDistCp/testUpdateDeepDirectoryStructureToRemote/remote/outputDir/inputDir/subDir4/subDir4/file5
	at org.apache.hadoop.ozone.om.KeyManagerImpl.getFileStatus(KeyManagerImpl.java:1784) ~[hadoop-ozone-ozone-manager-0.5.0-SNAPSHOT.jar:?]
	at org.apache.hadoop.ozone.om.OzoneManager.getFileStatus(OzoneManager.java:2762) ~[hadoop-ozone-ozone-manager-0.5.0-SNAPSHOT.jar:?]
	at org.apache.hadoop.ozone.protocolPB.OzoneManagerRequestHandler.getOzoneFileStatus(OzoneManagerRequestHandler.java:1053) ~[hadoop-ozone-ozone-manager-0.5.0-SNAPSHOT.jar:?]
	at org.apache.hadoop.ozone.protocolPB.OzoneManagerRequestHandler.handle(OzoneManagerRequestHandler.java:340) ~[hadoop-ozone-ozone-manager-0.5.0-SNAPSHOT.jar:?]
	at org.apache.hadoop.ozone.protocolPB.OzoneManagerProtocolServerSideTranslatorPB.submitRequestDirectlyToOM(OzoneManagerProtocolServerSideTranslatorPB.java:208) ~[hadoop-ozone-ozone-manager-0.5.0-SNAPSHOT.jar:?]
	at org.apache.hadoop.ozone.protocolPB.OzoneManagerProtocolServerSideTranslatorPB.processRequest(OzoneManagerProtocolServerSideTranslatorPB.java:132) ~[hadoop-ozone-ozone-manager-0.5.0-SNAPSHOT.jar:?]
	at org.apache.hadoop.hdds.server.OzoneProtocolMessageDispatcher.processRequest(OzoneProtocolMessageDispatcher.java:72) [hadoop-hdds-server-framework-0.5.0-SNAPSHOT.jar:?]
	at org.apache.hadoop.ozone.protocolPB.OzoneManagerProtocolServerSideTranslatorPB.submitRequest(OzoneManagerProtocolServerSideTranslatorPB.java:100) [hadoop-ozone-ozone-manager-0.5.0-SNAPSHOT.jar:?]
	at org.apache.hadoop.ozone.protocol.proto.OzoneManagerProtocolProtos$OzoneManagerService$2.callBlockingMethod(OzoneManagerProtocolProtos.java) [hadoop-ozone-common-0.5.0-SNAPSHOT.jar:?]
	at org.apache.hadoop.ipc.ProtobufRpcEngine$Server$ProtoBufRpcInvoker.call(ProtobufRpcEngine.java:524) [hadoop-common-3.2.0.jar:?]
	at org.apache.hadoop.ipc.RPC$Server.call(RPC.java:1025) [hadoop-common-3.2.0.jar:?]
	at org.apache.hadoop.ipc.Server$RpcCall.run(Server.java:876) [hadoop-common-3.2.0.jar:?]
	at org.apache.hadoop.ipc.Server$RpcCall.run(Server.java:822) [hadoop-common-3.2.0.jar:?]
	at java.security.AccessController.doPrivileged(Native Method) [?:1.8.0_222]
	at javax.security.auth.Subject.doAs(Subject.java:422) [?:1.8.0_222]
	at org.apache.hadoop.security.UserGroupInformation.doAs(UserGroupInformation.java:1730) [hadoop-common-3.2.0.jar:?]
	at org.apache.hadoop.ipc.Server$Handler.run(Server.java:2682) [hadoop-common-3.2.0.jar:?]
15:46:02.867 [IPC Server handler 8 on 35423] ERROR OMAudit - user=jenkins1000 | ip=127.0.0.1 | op=GET_FILE_STATUS {volume=volume97672, bucket=bucket46774, key=test/ITestOzoneContractDistCp/testUpdateDeepDirectoryStructureToRemote/remote/outputDir/.distcp.tmp.attempt_local331500791_0007_m_000000_0, dataSize=0, replicationType=null, replicationFactor=null, keyLocationInfo=null} | ret=FAILURE
org.apache.hadoop.ozone.om.exceptions.OMException: Unable to get file status: volume: volume97672 bucket: bucket46774 key: test/ITestOzoneContractDistCp/testUpdateDeepDirectoryStructureToRemote/remote/outputDir/.distcp.tmp.attempt_local331500791_0007_m_000000_0
	at org.apache.hadoop.ozone.om.KeyManagerImpl.getFileStatus(KeyManagerImpl.java:1784) ~[hadoop-ozone-ozone-manager-0.5.0-SNAPSHOT.jar:?]
	at org.apache.hadoop.ozone.om.OzoneManager.getFileStatus(OzoneManager.java:2762) ~[hadoop-ozone-ozone-manager-0.5.0-SNAPSHOT.jar:?]
	at org.apache.hadoop.ozone.protocolPB.OzoneManagerRequestHandler.getOzoneFileStatus(OzoneManagerRequestHandler.java:1053) ~[hadoop-ozone-ozone-manager-0.5.0-SNAPSHOT.jar:?]
	at org.apache.hadoop.ozone.protocolPB.OzoneManagerRequestHandler.handle(OzoneManagerRequestHandler.java:340) ~[hadoop-ozone-ozone-manager-0.5.0-SNAPSHOT.jar:?]
	at org.apache.hadoop.ozone.protocolPB.OzoneManagerProtocolServerSideTranslatorPB.submitRequestDirectlyToOM(OzoneManagerProtocolServerSideTranslatorPB.java:208) ~[hadoop-ozone-ozone-manager-0.5.0-SNAPSHOT.jar:?]
	at org.apache.hadoop.ozone.protocolPB.OzoneManagerProtocolServerSideTranslatorPB.processRequest(OzoneManagerProtocolServerSideTranslatorPB.java:132) ~[hadoop-ozone-ozone-manager-0.5.0-SNAPSHOT.jar:?]
	at org.apache.hadoop.hdds.server.OzoneProtocolMessageDispatcher.processRequest(OzoneProtocolMessageDispatcher.java:72) [hadoop-hdds-server-framework-0.5.0-SNAPSHOT.jar:?]
	at org.apache.hadoop.ozone.protocolPB.OzoneManagerProtocolServerSideTranslatorPB.submitRequest(OzoneManagerProtocolServerSideTranslatorPB.java:100) [hadoop-ozone-ozone-manager-0.5.0-SNAPSHOT.jar:?]
	at org.apache.hadoop.ozone.protocol.proto.OzoneManagerProtocolProtos$OzoneManagerService$2.callBlockingMethod(OzoneManagerProtocolProtos.java) [hadoop-ozone-common-0.5.0-SNAPSHOT.jar:?]
	at org.apache.hadoop.ipc.ProtobufRpcEngine$Server$ProtoBufRpcInvoker.call(ProtobufRpcEngine.java:524) [hadoop-common-3.2.0.jar:?]
	at org.apache.hadoop.ipc.RPC$Server.call(RPC.java:1025) [hadoop-common-3.2.0.jar:?]
	at org.apache.hadoop.ipc.Server$RpcCall.run(Server.java:876) [hadoop-common-3.2.0.jar:?]
	at org.apache.hadoop.ipc.Server$RpcCall.run(Server.java:822) [hadoop-common-3.2.0.jar:?]
	at java.security.AccessController.doPrivileged(Native Method) [?:1.8.0_222]
	at javax.security.auth.Subject.doAs(Subject.java:422) [?:1.8.0_222]
	at org.apache.hadoop.security.UserGroupInformation.doAs(UserGroupInformation.java:1730) [hadoop-common-3.2.0.jar:?]
	at org.apache.hadoop.ipc.Server$Handler.run(Server.java:2682) [hadoop-common-3.2.0.jar:?]
2019-11-07 15:46:02,868 [LocalJobRunner Map Task Executor #0] WARN  ozone.BasicOzoneFileSystem (BasicOzoneFileSystem.java:delete(444)) - delete: Path does not exist: o3fs://bucket46774.volume97672/test/ITestOzoneContractDistCp/testUpdateDeepDirectoryStructureToRemote/remote/outputDir/.distcp.tmp.attempt_local331500791_0007_m_000000_0
2019-11-07 15:46:02,869 [LocalJobRunner Map Task Executor #0] INFO  mapred.CopyMapper (CopyMapper.java:map(154)) - Copying file:/workdir/hadoop-ozone/ozonefs/target/test-dir/ITestOzoneContractDistCp/testUpdateDeepDirectoryStructureToRemote/local/inputDir/subDir2/subDir2/file3 to o3fs://bucket46774.volume97672/test/ITestOzoneContractDistCp/testUpdateDeepDirectoryStructureToRemote/remote/outputDir/inputDir/subDir2/subDir2/file3
15:46:02.877 [IPC Server handler 6 on 35423] ERROR OMAudit - user=jenkins1000 | ip=127.0.0.1 | op=GET_FILE_STATUS {volume=volume97672, bucket=bucket46774, key=test/ITestOzoneContractDistCp/testUpdateDeepDirectoryStructureToRemote/remote/outputDir/inputDir/subDir2/subDir2/file3, dataSize=0, replicationType=null, replicationFactor=null, keyLocationInfo=null} | ret=FAILURE
org.apache.hadoop.ozone.om.exceptions.OMException: Unable to get file status: volume: volume97672 bucket: bucket46774 key: test/ITestOzoneContractDistCp/testUpdateDeepDirectoryStructureToRemote/remote/outputDir/inputDir/subDir2/subDir2/file3
	at org.apache.hadoop.ozone.om.KeyManagerImpl.getFileStatus(KeyManagerImpl.java:1784) ~[hadoop-ozone-ozone-manager-0.5.0-SNAPSHOT.jar:?]
	at org.apache.hadoop.ozone.om.OzoneManager.getFileStatus(OzoneManager.java:2762) ~[hadoop-ozone-ozone-manager-0.5.0-SNAPSHOT.jar:?]
	at org.apache.hadoop.ozone.protocolPB.OzoneManagerRequestHandler.getOzoneFileStatus(OzoneManagerRequestHandler.java:1053) ~[hadoop-ozone-ozone-manager-0.5.0-SNAPSHOT.jar:?]
	at org.apache.hadoop.ozone.protocolPB.OzoneManagerRequestHandler.handle(OzoneManagerRequestHandler.java:340) ~[hadoop-ozone-ozone-manager-0.5.0-SNAPSHOT.jar:?]
	at org.apache.hadoop.ozone.protocolPB.OzoneManagerProtocolServerSideTranslatorPB.submitRequestDirectlyToOM(OzoneManagerProtocolServerSideTranslatorPB.java:208) ~[hadoop-ozone-ozone-manager-0.5.0-SNAPSHOT.jar:?]
	at org.apache.hadoop.ozone.protocolPB.OzoneManagerProtocolServerSideTranslatorPB.processRequest(OzoneManagerProtocolServerSideTranslatorPB.java:132) ~[hadoop-ozone-ozone-manager-0.5.0-SNAPSHOT.jar:?]
	at org.apache.hadoop.hdds.server.OzoneProtocolMessageDispatcher.processRequest(OzoneProtocolMessageDispatcher.java:72) [hadoop-hdds-server-framework-0.5.0-SNAPSHOT.jar:?]
	at org.apache.hadoop.ozone.protocolPB.OzoneManagerProtocolServerSideTranslatorPB.submitRequest(OzoneManagerProtocolServerSideTranslatorPB.java:100) [hadoop-ozone-ozone-manager-0.5.0-SNAPSHOT.jar:?]
	at org.apache.hadoop.ozone.protocol.proto.OzoneManagerProtocolProtos$OzoneManagerService$2.callBlockingMethod(OzoneManagerProtocolProtos.java) [hadoop-ozone-common-0.5.0-SNAPSHOT.jar:?]
	at org.apache.hadoop.ipc.ProtobufRpcEngine$Server$ProtoBufRpcInvoker.call(ProtobufRpcEngine.java:524) [hadoop-common-3.2.0.jar:?]
	at org.apache.hadoop.ipc.RPC$Server.call(RPC.java:1025) [hadoop-common-3.2.0.jar:?]
	at org.apache.hadoop.ipc.Server$RpcCall.run(Server.java:876) [hadoop-common-3.2.0.jar:?]
	at org.apache.hadoop.ipc.Server$RpcCall.run(Server.java:822) [hadoop-common-3.2.0.jar:?]
	at java.security.AccessController.doPrivileged(Native Method) [?:1.8.0_222]
	at javax.security.auth.Subject.doAs(Subject.java:422) [?:1.8.0_222]
	at org.apache.hadoop.security.UserGroupInformation.doAs(UserGroupInformation.java:1730) [hadoop-common-3.2.0.jar:?]
	at org.apache.hadoop.ipc.Server$Handler.run(Server.java:2682) [hadoop-common-3.2.0.jar:?]
2019-11-07 15:46:02,878 [LocalJobRunner Map Task Executor #0] INFO  mapred.RetriableFileCopyCommand (RetriableFileCopyCommand.java:getTmpFile(260)) - Creating temp file: o3fs://bucket46774.volume97672/test/ITestOzoneContractDistCp/testUpdateDeepDirectoryStructureToRemote/remote/outputDir/.distcp.tmp.attempt_local331500791_0007_m_000000_0
15:46:02.973 [IPC Server handler 1 on 35423] ERROR OMAudit - user=jenkins1000 | ip=127.0.0.1 | op=GET_FILE_STATUS {volume=volume97672, bucket=bucket46774, key=test/ITestOzoneContractDistCp/testUpdateDeepDirectoryStructureToRemote/remote/outputDir/inputDir/subDir2/subDir2/file3, dataSize=0, replicationType=null, replicationFactor=null, keyLocationInfo=null} | ret=FAILURE
org.apache.hadoop.ozone.om.exceptions.OMException: Unable to get file status: volume: volume97672 bucket: bucket46774 key: test/ITestOzoneContractDistCp/testUpdateDeepDirectoryStructureToRemote/remote/outputDir/inputDir/subDir2/subDir2/file3
	at org.apache.hadoop.ozone.om.KeyManagerImpl.getFileStatus(KeyManagerImpl.java:1784) ~[hadoop-ozone-ozone-manager-0.5.0-SNAPSHOT.jar:?]
	at org.apache.hadoop.ozone.om.OzoneManager.getFileStatus(OzoneManager.java:2762) ~[hadoop-ozone-ozone-manager-0.5.0-SNAPSHOT.jar:?]
	at org.apache.hadoop.ozone.protocolPB.OzoneManagerRequestHandler.getOzoneFileStatus(OzoneManagerRequestHandler.java:1053) ~[hadoop-ozone-ozone-manager-0.5.0-SNAPSHOT.jar:?]
	at org.apache.hadoop.ozone.protocolPB.OzoneManagerRequestHandler.handle(OzoneManagerRequestHandler.java:340) ~[hadoop-ozone-ozone-manager-0.5.0-SNAPSHOT.jar:?]
	at org.apache.hadoop.ozone.protocolPB.OzoneManagerProtocolServerSideTranslatorPB.submitRequestDirectlyToOM(OzoneManagerProtocolServerSideTranslatorPB.java:208) ~[hadoop-ozone-ozone-manager-0.5.0-SNAPSHOT.jar:?]
	at org.apache.hadoop.ozone.protocolPB.OzoneManagerProtocolServerSideTranslatorPB.processRequest(OzoneManagerProtocolServerSideTranslatorPB.java:132) ~[hadoop-ozone-ozone-manager-0.5.0-SNAPSHOT.jar:?]
	at org.apache.hadoop.hdds.server.OzoneProtocolMessageDispatcher.processRequest(OzoneProtocolMessageDispatcher.java:72) [hadoop-hdds-server-framework-0.5.0-SNAPSHOT.jar:?]
	at org.apache.hadoop.ozone.protocolPB.OzoneManagerProtocolServerSideTranslatorPB.submitRequest(OzoneManagerProtocolServerSideTranslatorPB.java:100) [hadoop-ozone-ozone-manager-0.5.0-SNAPSHOT.jar:?]
	at org.apache.hadoop.ozone.protocol.proto.OzoneManagerProtocolProtos$OzoneManagerService$2.callBlockingMethod(OzoneManagerProtocolProtos.java) [hadoop-ozone-common-0.5.0-SNAPSHOT.jar:?]
	at org.apache.hadoop.ipc.ProtobufRpcEngine$Server$ProtoBufRpcInvoker.call(ProtobufRpcEngine.java:524) [hadoop-common-3.2.0.jar:?]
	at org.apache.hadoop.ipc.RPC$Server.call(RPC.java:1025) [hadoop-common-3.2.0.jar:?]
	at org.apache.hadoop.ipc.Server$RpcCall.run(Server.java:876) [hadoop-common-3.2.0.jar:?]
	at org.apache.hadoop.ipc.Server$RpcCall.run(Server.java:822) [hadoop-common-3.2.0.jar:?]
	at java.security.AccessController.doPrivileged(Native Method) [?:1.8.0_222]
	at javax.security.auth.Subject.doAs(Subject.java:422) [?:1.8.0_222]
	at org.apache.hadoop.security.UserGroupInformation.doAs(UserGroupInformation.java:1730) [hadoop-common-3.2.0.jar:?]
	at org.apache.hadoop.ipc.Server$Handler.run(Server.java:2682) [hadoop-common-3.2.0.jar:?]
15:46:02.975 [IPC Server handler 3 on 35423] ERROR OMAudit - user=jenkins1000 | ip=127.0.0.1 | op=GET_FILE_STATUS {volume=volume97672, bucket=bucket46774, key=test/ITestOzoneContractDistCp/testUpdateDeepDirectoryStructureToRemote/remote/outputDir/inputDir/subDir2/subDir2, dataSize=0, replicationType=null, replicationFactor=null, keyLocationInfo=null} | ret=FAILURE
org.apache.hadoop.ozone.om.exceptions.OMException: Unable to get file status: volume: volume97672 bucket: bucket46774 key: test/ITestOzoneContractDistCp/testUpdateDeepDirectoryStructureToRemote/remote/outputDir/inputDir/subDir2/subDir2
	at org.apache.hadoop.ozone.om.KeyManagerImpl.getFileStatus(KeyManagerImpl.java:1784) ~[hadoop-ozone-ozone-manager-0.5.0-SNAPSHOT.jar:?]
	at org.apache.hadoop.ozone.om.OzoneManager.getFileStatus(OzoneManager.java:2762) ~[hadoop-ozone-ozone-manager-0.5.0-SNAPSHOT.jar:?]
	at org.apache.hadoop.ozone.protocolPB.OzoneManagerRequestHandler.getOzoneFileStatus(OzoneManagerRequestHandler.java:1053) ~[hadoop-ozone-ozone-manager-0.5.0-SNAPSHOT.jar:?]
	at org.apache.hadoop.ozone.protocolPB.OzoneManagerRequestHandler.handle(OzoneManagerRequestHandler.java:340) ~[hadoop-ozone-ozone-manager-0.5.0-SNAPSHOT.jar:?]
	at org.apache.hadoop.ozone.protocolPB.OzoneManagerProtocolServerSideTranslatorPB.submitRequestDirectlyToOM(OzoneManagerProtocolServerSideTranslatorPB.java:208) ~[hadoop-ozone-ozone-manager-0.5.0-SNAPSHOT.jar:?]
	at org.apache.hadoop.ozone.protocolPB.OzoneManagerProtocolServerSideTranslatorPB.processRequest(OzoneManagerProtocolServerSideTranslatorPB.java:132) ~[hadoop-ozone-ozone-manager-0.5.0-SNAPSHOT.jar:?]
	at org.apache.hadoop.hdds.server.OzoneProtocolMessageDispatcher.processRequest(OzoneProtocolMessageDispatcher.java:72) [hadoop-hdds-server-framework-0.5.0-SNAPSHOT.jar:?]
	at org.apache.hadoop.ozone.protocolPB.OzoneManagerProtocolServerSideTranslatorPB.submitRequest(OzoneManagerProtocolServerSideTranslatorPB.java:100) [hadoop-ozone-ozone-manager-0.5.0-SNAPSHOT.jar:?]
	at org.apache.hadoop.ozone.protocol.proto.OzoneManagerProtocolProtos$OzoneManagerService$2.callBlockingMethod(OzoneManagerProtocolProtos.java) [hadoop-ozone-common-0.5.0-SNAPSHOT.jar:?]
	at org.apache.hadoop.ipc.ProtobufRpcEngine$Server$ProtoBufRpcInvoker.call(ProtobufRpcEngine.java:524) [hadoop-common-3.2.0.jar:?]
	at org.apache.hadoop.ipc.RPC$Server.call(RPC.java:1025) [hadoop-common-3.2.0.jar:?]
	at org.apache.hadoop.ipc.Server$RpcCall.run(Server.java:876) [hadoop-common-3.2.0.jar:?]
	at org.apache.hadoop.ipc.Server$RpcCall.run(Server.java:822) [hadoop-common-3.2.0.jar:?]
	at java.security.AccessController.doPrivileged(Native Method) [?:1.8.0_222]
	at javax.security.auth.Subject.doAs(Subject.java:422) [?:1.8.0_222]
	at org.apache.hadoop.security.UserGroupInformation.doAs(UserGroupInformation.java:1730) [hadoop-common-3.2.0.jar:?]
	at org.apache.hadoop.ipc.Server$Handler.run(Server.java:2682) [hadoop-common-3.2.0.jar:?]
15:46:02.992 [IPC Server handler 12 on 35423] ERROR OMAudit - user=jenkins1000 | ip=127.0.0.1 | op=GET_FILE_STATUS {volume=volume97672, bucket=bucket46774, key=test/ITestOzoneContractDistCp/testUpdateDeepDirectoryStructureToRemote/remote/outputDir/inputDir/subDir2/subDir2/file3, dataSize=0, replicationType=null, replicationFactor=null, keyLocationInfo=null} | ret=FAILURE
org.apache.hadoop.ozone.om.exceptions.OMException: Unable to get file status: volume: volume97672 bucket: bucket46774 key: test/ITestOzoneContractDistCp/testUpdateDeepDirectoryStructureToRemote/remote/outputDir/inputDir/subDir2/subDir2/file3
	at org.apache.hadoop.ozone.om.KeyManagerImpl.getFileStatus(KeyManagerImpl.java:1784) ~[hadoop-ozone-ozone-manager-0.5.0-SNAPSHOT.jar:?]
	at org.apache.hadoop.ozone.om.OzoneManager.getFileStatus(OzoneManager.java:2762) ~[hadoop-ozone-ozone-manager-0.5.0-SNAPSHOT.jar:?]
	at org.apache.hadoop.ozone.protocolPB.OzoneManagerRequestHandler.getOzoneFileStatus(OzoneManagerRequestHandler.java:1053) ~[hadoop-ozone-ozone-manager-0.5.0-SNAPSHOT.jar:?]
	at org.apache.hadoop.ozone.protocolPB.OzoneManagerRequestHandler.handle(OzoneManagerRequestHandler.java:340) ~[hadoop-ozone-ozone-manager-0.5.0-SNAPSHOT.jar:?]
	at org.apache.hadoop.ozone.protocolPB.OzoneManagerProtocolServerSideTranslatorPB.submitRequestDirectlyToOM(OzoneManagerProtocolServerSideTranslatorPB.java:208) ~[hadoop-ozone-ozone-manager-0.5.0-SNAPSHOT.jar:?]
	at org.apache.hadoop.ozone.protocolPB.OzoneManagerProtocolServerSideTranslatorPB.processRequest(OzoneManagerProtocolServerSideTranslatorPB.java:132) ~[hadoop-ozone-ozone-manager-0.5.0-SNAPSHOT.jar:?]
	at org.apache.hadoop.hdds.server.OzoneProtocolMessageDispatcher.processRequest(OzoneProtocolMessageDispatcher.java:72) [hadoop-hdds-server-framework-0.5.0-SNAPSHOT.jar:?]
	at org.apache.hadoop.ozone.protocolPB.OzoneManagerProtocolServerSideTranslatorPB.submitRequest(OzoneManagerProtocolServerSideTranslatorPB.java:100) [hadoop-ozone-ozone-manager-0.5.0-SNAPSHOT.jar:?]
	at org.apache.hadoop.ozone.protocol.proto.OzoneManagerProtocolProtos$OzoneManagerService$2.callBlockingMethod(OzoneManagerProtocolProtos.java) [hadoop-ozone-common-0.5.0-SNAPSHOT.jar:?]
	at org.apache.hadoop.ipc.ProtobufRpcEngine$Server$ProtoBufRpcInvoker.call(ProtobufRpcEngine.java:524) [hadoop-common-3.2.0.jar:?]
	at org.apache.hadoop.ipc.RPC$Server.call(RPC.java:1025) [hadoop-common-3.2.0.jar:?]
	at org.apache.hadoop.ipc.Server$RpcCall.run(Server.java:876) [hadoop-common-3.2.0.jar:?]
	at org.apache.hadoop.ipc.Server$RpcCall.run(Server.java:822) [hadoop-common-3.2.0.jar:?]
	at java.security.AccessController.doPrivileged(Native Method) [?:1.8.0_222]
	at javax.security.auth.Subject.doAs(Subject.java:422) [?:1.8.0_222]
	at org.apache.hadoop.security.UserGroupInformation.doAs(UserGroupInformation.java:1730) [hadoop-common-3.2.0.jar:?]
	at org.apache.hadoop.ipc.Server$Handler.run(Server.java:2682) [hadoop-common-3.2.0.jar:?]
15:46:03.021 [IPC Server handler 18 on 35423] ERROR OMAudit - user=jenkins1000 | ip=127.0.0.1 | op=GET_FILE_STATUS {volume=volume97672, bucket=bucket46774, key=test/ITestOzoneContractDistCp/testUpdateDeepDirectoryStructureToRemote/remote/outputDir/.distcp.tmp.attempt_local331500791_0007_m_000000_0, dataSize=0, replicationType=null, replicationFactor=null, keyLocationInfo=null} | ret=FAILURE
org.apache.hadoop.ozone.om.exceptions.OMException: Unable to get file status: volume: volume97672 bucket: bucket46774 key: test/ITestOzoneContractDistCp/testUpdateDeepDirectoryStructureToRemote/remote/outputDir/.distcp.tmp.attempt_local331500791_0007_m_000000_0
	at org.apache.hadoop.ozone.om.KeyManagerImpl.getFileStatus(KeyManagerImpl.java:1784) ~[hadoop-ozone-ozone-manager-0.5.0-SNAPSHOT.jar:?]
	at org.apache.hadoop.ozone.om.OzoneManager.getFileStatus(OzoneManager.java:2762) ~[hadoop-ozone-ozone-manager-0.5.0-SNAPSHOT.jar:?]
	at org.apache.hadoop.ozone.protocolPB.OzoneManagerRequestHandler.getOzoneFileStatus(OzoneManagerRequestHandler.java:1053) ~[hadoop-ozone-ozone-manager-0.5.0-SNAPSHOT.jar:?]
	at org.apache.hadoop.ozone.protocolPB.OzoneManagerRequestHandler.handle(OzoneManagerRequestHandler.java:340) ~[hadoop-ozone-ozone-manager-0.5.0-SNAPSHOT.jar:?]
	at org.apache.hadoop.ozone.protocolPB.OzoneManagerProtocolServerSideTranslatorPB.submitRequestDirectlyToOM(OzoneManagerProtocolServerSideTranslatorPB.java:208) ~[hadoop-ozone-ozone-manager-0.5.0-SNAPSHOT.jar:?]
	at org.apache.hadoop.ozone.protocolPB.OzoneManagerProtocolServerSideTranslatorPB.processRequest(OzoneManagerProtocolServerSideTranslatorPB.java:132) ~[hadoop-ozone-ozone-manager-0.5.0-SNAPSHOT.jar:?]
	at org.apache.hadoop.hdds.server.OzoneProtocolMessageDispatcher.processRequest(OzoneProtocolMessageDispatcher.java:72) [hadoop-hdds-server-framework-0.5.0-SNAPSHOT.jar:?]
	at org.apache.hadoop.ozone.protocolPB.OzoneManagerProtocolServerSideTranslatorPB.submitRequest(OzoneManagerProtocolServerSideTranslatorPB.java:100) [hadoop-ozone-ozone-manager-0.5.0-SNAPSHOT.jar:?]
	at org.apache.hadoop.ozone.protocol.proto.OzoneManagerProtocolProtos$OzoneManagerService$2.callBlockingMethod(OzoneManagerProtocolProtos.java) [hadoop-ozone-common-0.5.0-SNAPSHOT.jar:?]
	at org.apache.hadoop.ipc.ProtobufRpcEngine$Server$ProtoBufRpcInvoker.call(ProtobufRpcEngine.java:524) [hadoop-common-3.2.0.jar:?]
	at org.apache.hadoop.ipc.RPC$Server.call(RPC.java:1025) [hadoop-common-3.2.0.jar:?]
	at org.apache.hadoop.ipc.Server$RpcCall.run(Server.java:876) [hadoop-common-3.2.0.jar:?]
	at org.apache.hadoop.ipc.Server$RpcCall.run(Server.java:822) [hadoop-common-3.2.0.jar:?]
	at java.security.AccessController.doPrivileged(Native Method) [?:1.8.0_222]
	at javax.security.auth.Subject.doAs(Subject.java:422) [?:1.8.0_222]
	at org.apache.hadoop.security.UserGroupInformation.doAs(UserGroupInformation.java:1730) [hadoop-common-3.2.0.jar:?]
	at org.apache.hadoop.ipc.Server$Handler.run(Server.java:2682) [hadoop-common-3.2.0.jar:?]
2019-11-07 15:46:03,022 [LocalJobRunner Map Task Executor #0] WARN  ozone.BasicOzoneFileSystem (BasicOzoneFileSystem.java:delete(444)) - delete: Path does not exist: o3fs://bucket46774.volume97672/test/ITestOzoneContractDistCp/testUpdateDeepDirectoryStructureToRemote/remote/outputDir/.distcp.tmp.attempt_local331500791_0007_m_000000_0
2019-11-07 15:46:03,023 [LocalJobRunner Map Task Executor #0] INFO  mapred.LocalJobRunner (LocalJobRunner.java:statusUpdate(634)) - 
2019-11-07 15:46:03,023 [LocalJobRunner Map Task Executor #0] INFO  mapred.Task (Task.java:done(1244)) - Task:attempt_local331500791_0007_m_000000_0 is done. And is in the process of committing
2019-11-07 15:46:03,024 [LocalJobRunner Map Task Executor #0] INFO  mapred.LocalJobRunner (LocalJobRunner.java:statusUpdate(634)) - 
2019-11-07 15:46:03,024 [LocalJobRunner Map Task Executor #0] INFO  mapred.Task (Task.java:commit(1421)) - Task attempt_local331500791_0007_m_000000_0 is allowed to commit now
2019-11-07 15:46:03,025 [LocalJobRunner Map Task Executor #0] INFO  output.FileOutputCommitter (FileOutputCommitter.java:commitTask(598)) - Saved output of task 'attempt_local331500791_0007_m_000000_0' to file:/tmp/hadoop/mapred/staging/jenkins10001546768080/.staging/_distcp-1161446647/_logs
2019-11-07 15:46:03,026 [LocalJobRunner Map Task Executor #0] INFO  mapred.LocalJobRunner (LocalJobRunner.java:statusUpdate(634)) - 100.0% Copying file:/workdir/hadoop-ozone/ozonefs/target/test-dir/ITestOzoneContractDistCp/testUpdateDeepDirectoryStructureToRemote/local/inputDir/subDir2/subDir2/file3 to o3fs://bucket46774.volume97672/test/ITestOzoneContractDistCp/testUpdateDeepDirectoryStructureToRemote/remote/outputDir/inputDir/subDir2/subDir2/file3 [300.0B/300.0B]
2019-11-07 15:46:03,026 [LocalJobRunner Map Task Executor #0] INFO  mapred.Task (Task.java:sendDone(1380)) - Task 'attempt_local331500791_0007_m_000000_0' done.
2019-11-07 15:46:03,026 [LocalJobRunner Map Task Executor #0] INFO  mapred.Task (Task.java:done(1276)) - Final Counters for attempt_local331500791_0007_m_000000_0: Counters: 24
	File System Counters
		FILE: Number of bytes read=20483497
		FILE: Number of bytes written=24695264
		FILE: Number of read operations=0
		FILE: Number of large read operations=0
		FILE: Number of write operations=0
		O3FS: Number of bytes read=0
		O3FS: Number of bytes written=18878168
		O3FS: Number of read operations=347
		O3FS: Number of large read operations=0
		O3FS: Number of write operations=72
	Map-Reduce Framework
		Map input records=2
		Map output records=0
		Input split bytes=159
		Spilled Records=0
		Failed Shuffles=0
		Merged Map outputs=0
		GC time elapsed (ms)=0
		Total committed heap usage (bytes)=1996488704
	File Input Format Counters 
		Bytes Read=3157
	File Output Format Counters 
		Bytes Written=8
	DistCp Counters
		Bandwidth in Btyes=800
		Bytes Copied=800
		Bytes Expected=800
		Files Copied=2
2019-11-07 15:46:03,027 [LocalJobRunner Map Task Executor #0] INFO  mapred.LocalJobRunner (LocalJobRunner.java:run(277)) - Finishing task: attempt_local331500791_0007_m_000000_0
2019-11-07 15:46:03,027 [LocalJobRunner Map Task Executor #0] INFO  mapred.LocalJobRunner (LocalJobRunner.java:run(252)) - Starting task: attempt_local331500791_0007_m_000001_0
2019-11-07 15:46:03,027 [LocalJobRunner Map Task Executor #0] INFO  output.FileOutputCommitter (FileOutputCommitter.java:<init>(140)) - File Output Committer Algorithm version is 2
2019-11-07 15:46:03,027 [LocalJobRunner Map Task Executor #0] INFO  output.FileOutputCommitter (FileOutputCommitter.java:<init>(155)) - FileOutputCommitter skip cleanup _temporary folders under output directory:false, ignore cleanup failures: false
2019-11-07 15:46:03,028 [LocalJobRunner Map Task Executor #0] INFO  mapred.Task (Task.java:initialize(626)) -  Using ResourceCalculatorProcessTree : [ ]
2019-11-07 15:46:03,028 [LocalJobRunner Map Task Executor #0] INFO  mapred.MapTask (MapTask.java:runNewMapper(768)) - Processing split: file:/tmp/hadoop/mapred/staging/jenkins10001546768080/.staging/_distcp-1161446647/fileList.seq:2250+570
2019-11-07 15:46:03,029 [LocalJobRunner Map Task Executor #0] INFO  output.FileOutputCommitter (FileOutputCommitter.java:<init>(140)) - File Output Committer Algorithm version is 2
2019-11-07 15:46:03,029 [LocalJobRunner Map Task Executor #0] INFO  output.FileOutputCommitter (FileOutputCommitter.java:<init>(155)) - FileOutputCommitter skip cleanup _temporary folders under output directory:false, ignore cleanup failures: false
2019-11-07 15:46:03,047 [LocalJobRunner Map Task Executor #0] INFO  mapred.CopyMapper (CopyMapper.java:map(154)) - Copying file:/workdir/hadoop-ozone/ozonefs/target/test-dir/ITestOzoneContractDistCp/testUpdateDeepDirectoryStructureToRemote/local/inputDir/subDir4/subDir4/file4 to o3fs://bucket46774.volume97672/test/ITestOzoneContractDistCp/testUpdateDeepDirectoryStructureToRemote/remote/outputDir/inputDir/subDir4/subDir4/file4
15:46:03.054 [IPC Server handler 10 on 35423] ERROR OMAudit - user=jenkins1000 | ip=127.0.0.1 | op=GET_FILE_STATUS {volume=volume97672, bucket=bucket46774, key=test/ITestOzoneContractDistCp/testUpdateDeepDirectoryStructureToRemote/remote/outputDir/inputDir/subDir4/subDir4/file4, dataSize=0, replicationType=null, replicationFactor=null, keyLocationInfo=null} | ret=FAILURE
org.apache.hadoop.ozone.om.exceptions.OMException: Unable to get file status: volume: volume97672 bucket: bucket46774 key: test/ITestOzoneContractDistCp/testUpdateDeepDirectoryStructureToRemote/remote/outputDir/inputDir/subDir4/subDir4/file4
	at org.apache.hadoop.ozone.om.KeyManagerImpl.getFileStatus(KeyManagerImpl.java:1784) ~[hadoop-ozone-ozone-manager-0.5.0-SNAPSHOT.jar:?]
	at org.apache.hadoop.ozone.om.OzoneManager.getFileStatus(OzoneManager.java:2762) ~[hadoop-ozone-ozone-manager-0.5.0-SNAPSHOT.jar:?]
	at org.apache.hadoop.ozone.protocolPB.OzoneManagerRequestHandler.getOzoneFileStatus(OzoneManagerRequestHandler.java:1053) ~[hadoop-ozone-ozone-manager-0.5.0-SNAPSHOT.jar:?]
	at org.apache.hadoop.ozone.protocolPB.OzoneManagerRequestHandler.handle(OzoneManagerRequestHandler.java:340) ~[hadoop-ozone-ozone-manager-0.5.0-SNAPSHOT.jar:?]
	at org.apache.hadoop.ozone.protocolPB.OzoneManagerProtocolServerSideTranslatorPB.submitRequestDirectlyToOM(OzoneManagerProtocolServerSideTranslatorPB.java:208) ~[hadoop-ozone-ozone-manager-0.5.0-SNAPSHOT.jar:?]
	at org.apache.hadoop.ozone.protocolPB.OzoneManagerProtocolServerSideTranslatorPB.processRequest(OzoneManagerProtocolServerSideTranslatorPB.java:132) ~[hadoop-ozone-ozone-manager-0.5.0-SNAPSHOT.jar:?]
	at org.apache.hadoop.hdds.server.OzoneProtocolMessageDispatcher.processRequest(OzoneProtocolMessageDispatcher.java:72) [hadoop-hdds-server-framework-0.5.0-SNAPSHOT.jar:?]
	at org.apache.hadoop.ozone.protocolPB.OzoneManagerProtocolServerSideTranslatorPB.submitRequest(OzoneManagerProtocolServerSideTranslatorPB.java:100) [hadoop-ozone-ozone-manager-0.5.0-SNAPSHOT.jar:?]
	at org.apache.hadoop.ozone.protocol.proto.OzoneManagerProtocolProtos$OzoneManagerService$2.callBlockingMethod(OzoneManagerProtocolProtos.java) [hadoop-ozone-common-0.5.0-SNAPSHOT.jar:?]
	at org.apache.hadoop.ipc.ProtobufRpcEngine$Server$ProtoBufRpcInvoker.call(ProtobufRpcEngine.java:524) [hadoop-common-3.2.0.jar:?]
	at org.apache.hadoop.ipc.RPC$Server.call(RPC.java:1025) [hadoop-common-3.2.0.jar:?]
	at org.apache.hadoop.ipc.Server$RpcCall.run(Server.java:876) [hadoop-common-3.2.0.jar:?]
	at org.apache.hadoop.ipc.Server$RpcCall.run(Server.java:822) [hadoop-common-3.2.0.jar:?]
	at java.security.AccessController.doPrivileged(Native Method) [?:1.8.0_222]
	at javax.security.auth.Subject.doAs(Subject.java:422) [?:1.8.0_222]
	at org.apache.hadoop.security.UserGroupInformation.doAs(UserGroupInformation.java:1730) [hadoop-common-3.2.0.jar:?]
	at org.apache.hadoop.ipc.Server$Handler.run(Server.java:2682) [hadoop-common-3.2.0.jar:?]
2019-11-07 15:46:03,055 [LocalJobRunner Map Task Executor #0] INFO  mapred.RetriableFileCopyCommand (RetriableFileCopyCommand.java:getTmpFile(260)) - Creating temp file: o3fs://bucket46774.volume97672/test/ITestOzoneContractDistCp/testUpdateDeepDirectoryStructureToRemote/remote/outputDir/.distcp.tmp.attempt_local331500791_0007_m_000001_0
15:46:03.149 [IPC Server handler 7 on 35423] ERROR OMAudit - user=jenkins1000 | ip=127.0.0.1 | op=GET_FILE_STATUS {volume=volume97672, bucket=bucket46774, key=test/ITestOzoneContractDistCp/testUpdateDeepDirectoryStructureToRemote/remote/outputDir/inputDir/subDir4/subDir4/file4, dataSize=0, replicationType=null, replicationFactor=null, keyLocationInfo=null} | ret=FAILURE
org.apache.hadoop.ozone.om.exceptions.OMException: Unable to get file status: volume: volume97672 bucket: bucket46774 key: test/ITestOzoneContractDistCp/testUpdateDeepDirectoryStructureToRemote/remote/outputDir/inputDir/subDir4/subDir4/file4
	at org.apache.hadoop.ozone.om.KeyManagerImpl.getFileStatus(KeyManagerImpl.java:1784) ~[hadoop-ozone-ozone-manager-0.5.0-SNAPSHOT.jar:?]
	at org.apache.hadoop.ozone.om.OzoneManager.getFileStatus(OzoneManager.java:2762) ~[hadoop-ozone-ozone-manager-0.5.0-SNAPSHOT.jar:?]
	at org.apache.hadoop.ozone.protocolPB.OzoneManagerRequestHandler.getOzoneFileStatus(OzoneManagerRequestHandler.java:1053) ~[hadoop-ozone-ozone-manager-0.5.0-SNAPSHOT.jar:?]
	at org.apache.hadoop.ozone.protocolPB.OzoneManagerRequestHandler.handle(OzoneManagerRequestHandler.java:340) ~[hadoop-ozone-ozone-manager-0.5.0-SNAPSHOT.jar:?]
	at org.apache.hadoop.ozone.protocolPB.OzoneManagerProtocolServerSideTranslatorPB.submitRequestDirectlyToOM(OzoneManagerProtocolServerSideTranslatorPB.java:208) ~[hadoop-ozone-ozone-manager-0.5.0-SNAPSHOT.jar:?]
	at org.apache.hadoop.ozone.protocolPB.OzoneManagerProtocolServerSideTranslatorPB.processRequest(OzoneManagerProtocolServerSideTranslatorPB.java:132) ~[hadoop-ozone-ozone-manager-0.5.0-SNAPSHOT.jar:?]
	at org.apache.hadoop.hdds.server.OzoneProtocolMessageDispatcher.processRequest(OzoneProtocolMessageDispatcher.java:72) [hadoop-hdds-server-framework-0.5.0-SNAPSHOT.jar:?]
	at org.apache.hadoop.ozone.protocolPB.OzoneManagerProtocolServerSideTranslatorPB.submitRequest(OzoneManagerProtocolServerSideTranslatorPB.java:100) [hadoop-ozone-ozone-manager-0.5.0-SNAPSHOT.jar:?]
	at org.apache.hadoop.ozone.protocol.proto.OzoneManagerProtocolProtos$OzoneManagerService$2.callBlockingMethod(OzoneManagerProtocolProtos.java) [hadoop-ozone-common-0.5.0-SNAPSHOT.jar:?]
	at org.apache.hadoop.ipc.ProtobufRpcEngine$Server$ProtoBufRpcInvoker.call(ProtobufRpcEngine.java:524) [hadoop-common-3.2.0.jar:?]
	at org.apache.hadoop.ipc.RPC$Server.call(RPC.java:1025) [hadoop-common-3.2.0.jar:?]
	at org.apache.hadoop.ipc.Server$RpcCall.run(Server.java:876) [hadoop-common-3.2.0.jar:?]
	at org.apache.hadoop.ipc.Server$RpcCall.run(Server.java:822) [hadoop-common-3.2.0.jar:?]
	at java.security.AccessController.doPrivileged(Native Method) [?:1.8.0_222]
	at javax.security.auth.Subject.doAs(Subject.java:422) [?:1.8.0_222]
	at org.apache.hadoop.security.UserGroupInformation.doAs(UserGroupInformation.java:1730) [hadoop-common-3.2.0.jar:?]
	at org.apache.hadoop.ipc.Server$Handler.run(Server.java:2682) [hadoop-common-3.2.0.jar:?]
15:46:03.153 [IPC Server handler 5 on 35423] ERROR OMAudit - user=jenkins1000 | ip=127.0.0.1 | op=GET_FILE_STATUS {volume=volume97672, bucket=bucket46774, key=test/ITestOzoneContractDistCp/testUpdateDeepDirectoryStructureToRemote/remote/outputDir/inputDir/subDir4/subDir4/file4, dataSize=0, replicationType=null, replicationFactor=null, keyLocationInfo=null} | ret=FAILURE
org.apache.hadoop.ozone.om.exceptions.OMException: Unable to get file status: volume: volume97672 bucket: bucket46774 key: test/ITestOzoneContractDistCp/testUpdateDeepDirectoryStructureToRemote/remote/outputDir/inputDir/subDir4/subDir4/file4
	at org.apache.hadoop.ozone.om.KeyManagerImpl.getFileStatus(KeyManagerImpl.java:1784) ~[hadoop-ozone-ozone-manager-0.5.0-SNAPSHOT.jar:?]
	at org.apache.hadoop.ozone.om.OzoneManager.getFileStatus(OzoneManager.java:2762) ~[hadoop-ozone-ozone-manager-0.5.0-SNAPSHOT.jar:?]
	at org.apache.hadoop.ozone.protocolPB.OzoneManagerRequestHandler.getOzoneFileStatus(OzoneManagerRequestHandler.java:1053) ~[hadoop-ozone-ozone-manager-0.5.0-SNAPSHOT.jar:?]
	at org.apache.hadoop.ozone.protocolPB.OzoneManagerRequestHandler.handle(OzoneManagerRequestHandler.java:340) ~[hadoop-ozone-ozone-manager-0.5.0-SNAPSHOT.jar:?]
	at org.apache.hadoop.ozone.protocolPB.OzoneManagerProtocolServerSideTranslatorPB.submitRequestDirectlyToOM(OzoneManagerProtocolServerSideTranslatorPB.java:208) ~[hadoop-ozone-ozone-manager-0.5.0-SNAPSHOT.jar:?]
	at org.apache.hadoop.ozone.protocolPB.OzoneManagerProtocolServerSideTranslatorPB.processRequest(OzoneManagerProtocolServerSideTranslatorPB.java:132) ~[hadoop-ozone-ozone-manager-0.5.0-SNAPSHOT.jar:?]
	at org.apache.hadoop.hdds.server.OzoneProtocolMessageDispatcher.processRequest(OzoneProtocolMessageDispatcher.java:72) [hadoop-hdds-server-framework-0.5.0-SNAPSHOT.jar:?]
	at org.apache.hadoop.ozone.protocolPB.OzoneManagerProtocolServerSideTranslatorPB.submitRequest(OzoneManagerProtocolServerSideTranslatorPB.java:100) [hadoop-ozone-ozone-manager-0.5.0-SNAPSHOT.jar:?]
	at org.apache.hadoop.ozone.protocol.proto.OzoneManagerProtocolProtos$OzoneManagerService$2.callBlockingMethod(OzoneManagerProtocolProtos.java) [hadoop-ozone-common-0.5.0-SNAPSHOT.jar:?]
	at org.apache.hadoop.ipc.ProtobufRpcEngine$Server$ProtoBufRpcInvoker.call(ProtobufRpcEngine.java:524) [hadoop-common-3.2.0.jar:?]
	at org.apache.hadoop.ipc.RPC$Server.call(RPC.java:1025) [hadoop-common-3.2.0.jar:?]
	at org.apache.hadoop.ipc.Server$RpcCall.run(Server.java:876) [hadoop-common-3.2.0.jar:?]
	at org.apache.hadoop.ipc.Server$RpcCall.run(Server.java:822) [hadoop-common-3.2.0.jar:?]
	at java.security.AccessController.doPrivileged(Native Method) [?:1.8.0_222]
	at javax.security.auth.Subject.doAs(Subject.java:422) [?:1.8.0_222]
	at org.apache.hadoop.security.UserGroupInformation.doAs(UserGroupInformation.java:1730) [hadoop-common-3.2.0.jar:?]
	at org.apache.hadoop.ipc.Server$Handler.run(Server.java:2682) [hadoop-common-3.2.0.jar:?]
15:46:03.183 [IPC Server handler 12 on 35423] ERROR OMAudit - user=jenkins1000 | ip=127.0.0.1 | op=GET_FILE_STATUS {volume=volume97672, bucket=bucket46774, key=test/ITestOzoneContractDistCp/testUpdateDeepDirectoryStructureToRemote/remote/outputDir/.distcp.tmp.attempt_local331500791_0007_m_000001_0, dataSize=0, replicationType=null, replicationFactor=null, keyLocationInfo=null} | ret=FAILURE
org.apache.hadoop.ozone.om.exceptions.OMException: Unable to get file status: volume: volume97672 bucket: bucket46774 key: test/ITestOzoneContractDistCp/testUpdateDeepDirectoryStructureToRemote/remote/outputDir/.distcp.tmp.attempt_local331500791_0007_m_000001_0
	at org.apache.hadoop.ozone.om.KeyManagerImpl.getFileStatus(KeyManagerImpl.java:1784) ~[hadoop-ozone-ozone-manager-0.5.0-SNAPSHOT.jar:?]
	at org.apache.hadoop.ozone.om.OzoneManager.getFileStatus(OzoneManager.java:2762) ~[hadoop-ozone-ozone-manager-0.5.0-SNAPSHOT.jar:?]
	at org.apache.hadoop.ozone.protocolPB.OzoneManagerRequestHandler.getOzoneFileStatus(OzoneManagerRequestHandler.java:1053) ~[hadoop-ozone-ozone-manager-0.5.0-SNAPSHOT.jar:?]
	at org.apache.hadoop.ozone.protocolPB.OzoneManagerRequestHandler.handle(OzoneManagerRequestHandler.java:340) ~[hadoop-ozone-ozone-manager-0.5.0-SNAPSHOT.jar:?]
	at org.apache.hadoop.ozone.protocolPB.OzoneManagerProtocolServerSideTranslatorPB.submitRequestDirectlyToOM(OzoneManagerProtocolServerSideTranslatorPB.java:208) ~[hadoop-ozone-ozone-manager-0.5.0-SNAPSHOT.jar:?]
	at org.apache.hadoop.ozone.protocolPB.OzoneManagerProtocolServerSideTranslatorPB.processRequest(OzoneManagerProtocolServerSideTranslatorPB.java:132) ~[hadoop-ozone-ozone-manager-0.5.0-SNAPSHOT.jar:?]
	at org.apache.hadoop.hdds.server.OzoneProtocolMessageDispatcher.processRequest(OzoneProtocolMessageDispatcher.java:72) [hadoop-hdds-server-framework-0.5.0-SNAPSHOT.jar:?]
	at org.apache.hadoop.ozone.protocolPB.OzoneManagerProtocolServerSideTranslatorPB.submitRequest(OzoneManagerProtocolServerSideTranslatorPB.java:100) [hadoop-ozone-ozone-manager-0.5.0-SNAPSHOT.jar:?]
	at org.apache.hadoop.ozone.protocol.proto.OzoneManagerProtocolProtos$OzoneManagerService$2.callBlockingMethod(OzoneManagerProtocolProtos.java) [hadoop-ozone-common-0.5.0-SNAPSHOT.jar:?]
	at org.apache.hadoop.ipc.ProtobufRpcEngine$Server$ProtoBufRpcInvoker.call(ProtobufRpcEngine.java:524) [hadoop-common-3.2.0.jar:?]
	at org.apache.hadoop.ipc.RPC$Server.call(RPC.java:1025) [hadoop-common-3.2.0.jar:?]
	at org.apache.hadoop.ipc.Server$RpcCall.run(Server.java:876) [hadoop-common-3.2.0.jar:?]
	at org.apache.hadoop.ipc.Server$RpcCall.run(Server.java:822) [hadoop-common-3.2.0.jar:?]
	at java.security.AccessController.doPrivileged(Native Method) [?:1.8.0_222]
	at javax.security.auth.Subject.doAs(Subject.java:422) [?:1.8.0_222]
	at org.apache.hadoop.security.UserGroupInformation.doAs(UserGroupInformation.java:1730) [hadoop-common-3.2.0.jar:?]
	at org.apache.hadoop.ipc.Server$Handler.run(Server.java:2682) [hadoop-common-3.2.0.jar:?]
2019-11-07 15:46:03,184 [LocalJobRunner Map Task Executor #0] WARN  ozone.BasicOzoneFileSystem (BasicOzoneFileSystem.java:delete(444)) - delete: Path does not exist: o3fs://bucket46774.volume97672/test/ITestOzoneContractDistCp/testUpdateDeepDirectoryStructureToRemote/remote/outputDir/.distcp.tmp.attempt_local331500791_0007_m_000001_0
2019-11-07 15:46:03,185 [LocalJobRunner Map Task Executor #0] INFO  mapred.CopyMapper (CopyMapper.java:map(154)) - Copying file:/workdir/hadoop-ozone/ozonefs/target/test-dir/ITestOzoneContractDistCp/testUpdateDeepDirectoryStructureToRemote/local/inputDir/subDir1/file2 to o3fs://bucket46774.volume97672/test/ITestOzoneContractDistCp/testUpdateDeepDirectoryStructureToRemote/remote/outputDir/inputDir/subDir1/file2
15:46:03.193 [IPC Server handler 13 on 35423] ERROR OMAudit - user=jenkins1000 | ip=127.0.0.1 | op=GET_FILE_STATUS {volume=volume97672, bucket=bucket46774, key=test/ITestOzoneContractDistCp/testUpdateDeepDirectoryStructureToRemote/remote/outputDir/inputDir/subDir1/file2, dataSize=0, replicationType=null, replicationFactor=null, keyLocationInfo=null} | ret=FAILURE
org.apache.hadoop.ozone.om.exceptions.OMException: Unable to get file status: volume: volume97672 bucket: bucket46774 key: test/ITestOzoneContractDistCp/testUpdateDeepDirectoryStructureToRemote/remote/outputDir/inputDir/subDir1/file2
	at org.apache.hadoop.ozone.om.KeyManagerImpl.getFileStatus(KeyManagerImpl.java:1784) ~[hadoop-ozone-ozone-manager-0.5.0-SNAPSHOT.jar:?]
	at org.apache.hadoop.ozone.om.OzoneManager.getFileStatus(OzoneManager.java:2762) ~[hadoop-ozone-ozone-manager-0.5.0-SNAPSHOT.jar:?]
	at org.apache.hadoop.ozone.protocolPB.OzoneManagerRequestHandler.getOzoneFileStatus(OzoneManagerRequestHandler.java:1053) ~[hadoop-ozone-ozone-manager-0.5.0-SNAPSHOT.jar:?]
	at org.apache.hadoop.ozone.protocolPB.OzoneManagerRequestHandler.handle(OzoneManagerRequestHandler.java:340) ~[hadoop-ozone-ozone-manager-0.5.0-SNAPSHOT.jar:?]
	at org.apache.hadoop.ozone.protocolPB.OzoneManagerProtocolServerSideTranslatorPB.submitRequestDirectlyToOM(OzoneManagerProtocolServerSideTranslatorPB.java:208) ~[hadoop-ozone-ozone-manager-0.5.0-SNAPSHOT.jar:?]
	at org.apache.hadoop.ozone.protocolPB.OzoneManagerProtocolServerSideTranslatorPB.processRequest(OzoneManagerProtocolServerSideTranslatorPB.java:132) ~[hadoop-ozone-ozone-manager-0.5.0-SNAPSHOT.jar:?]
	at org.apache.hadoop.hdds.server.OzoneProtocolMessageDispatcher.processRequest(OzoneProtocolMessageDispatcher.java:72) [hadoop-hdds-server-framework-0.5.0-SNAPSHOT.jar:?]
	at org.apache.hadoop.ozone.protocolPB.OzoneManagerProtocolServerSideTranslatorPB.submitRequest(OzoneManagerProtocolServerSideTranslatorPB.java:100) [hadoop-ozone-ozone-manager-0.5.0-SNAPSHOT.jar:?]
	at org.apache.hadoop.ozone.protocol.proto.OzoneManagerProtocolProtos$OzoneManagerService$2.callBlockingMethod(OzoneManagerProtocolProtos.java) [hadoop-ozone-common-0.5.0-SNAPSHOT.jar:?]
	at org.apache.hadoop.ipc.ProtobufRpcEngine$Server$ProtoBufRpcInvoker.call(ProtobufRpcEngine.java:524) [hadoop-common-3.2.0.jar:?]
	at org.apache.hadoop.ipc.RPC$Server.call(RPC.java:1025) [hadoop-common-3.2.0.jar:?]
	at org.apache.hadoop.ipc.Server$RpcCall.run(Server.java:876) [hadoop-common-3.2.0.jar:?]
	at org.apache.hadoop.ipc.Server$RpcCall.run(Server.java:822) [hadoop-common-3.2.0.jar:?]
	at java.security.AccessController.doPrivileged(Native Method) [?:1.8.0_222]
	at javax.security.auth.Subject.doAs(Subject.java:422) [?:1.8.0_222]
	at org.apache.hadoop.security.UserGroupInformation.doAs(UserGroupInformation.java:1730) [hadoop-common-3.2.0.jar:?]
	at org.apache.hadoop.ipc.Server$Handler.run(Server.java:2682) [hadoop-common-3.2.0.jar:?]
2019-11-07 15:46:03,194 [LocalJobRunner Map Task Executor #0] INFO  mapred.RetriableFileCopyCommand (RetriableFileCopyCommand.java:getTmpFile(260)) - Creating temp file: o3fs://bucket46774.volume97672/test/ITestOzoneContractDistCp/testUpdateDeepDirectoryStructureToRemote/remote/outputDir/.distcp.tmp.attempt_local331500791_0007_m_000001_0
15:46:03.282 [IPC Server handler 15 on 35423] ERROR OMAudit - user=jenkins1000 | ip=127.0.0.1 | op=GET_FILE_STATUS {volume=volume97672, bucket=bucket46774, key=test/ITestOzoneContractDistCp/testUpdateDeepDirectoryStructureToRemote/remote/outputDir/inputDir/subDir1/file2, dataSize=0, replicationType=null, replicationFactor=null, keyLocationInfo=null} | ret=FAILURE
org.apache.hadoop.ozone.om.exceptions.OMException: Unable to get file status: volume: volume97672 bucket: bucket46774 key: test/ITestOzoneContractDistCp/testUpdateDeepDirectoryStructureToRemote/remote/outputDir/inputDir/subDir1/file2
	at org.apache.hadoop.ozone.om.KeyManagerImpl.getFileStatus(KeyManagerImpl.java:1784) ~[hadoop-ozone-ozone-manager-0.5.0-SNAPSHOT.jar:?]
	at org.apache.hadoop.ozone.om.OzoneManager.getFileStatus(OzoneManager.java:2762) ~[hadoop-ozone-ozone-manager-0.5.0-SNAPSHOT.jar:?]
	at org.apache.hadoop.ozone.protocolPB.OzoneManagerRequestHandler.getOzoneFileStatus(OzoneManagerRequestHandler.java:1053) ~[hadoop-ozone-ozone-manager-0.5.0-SNAPSHOT.jar:?]
	at org.apache.hadoop.ozone.protocolPB.OzoneManagerRequestHandler.handle(OzoneManagerRequestHandler.java:340) ~[hadoop-ozone-ozone-manager-0.5.0-SNAPSHOT.jar:?]
	at org.apache.hadoop.ozone.protocolPB.OzoneManagerProtocolServerSideTranslatorPB.submitRequestDirectlyToOM(OzoneManagerProtocolServerSideTranslatorPB.java:208) ~[hadoop-ozone-ozone-manager-0.5.0-SNAPSHOT.jar:?]
	at org.apache.hadoop.ozone.protocolPB.OzoneManagerProtocolServerSideTranslatorPB.processRequest(OzoneManagerProtocolServerSideTranslatorPB.java:132) ~[hadoop-ozone-ozone-manager-0.5.0-SNAPSHOT.jar:?]
	at org.apache.hadoop.hdds.server.OzoneProtocolMessageDispatcher.processRequest(OzoneProtocolMessageDispatcher.java:72) [hadoop-hdds-server-framework-0.5.0-SNAPSHOT.jar:?]
	at org.apache.hadoop.ozone.protocolPB.OzoneManagerProtocolServerSideTranslatorPB.submitRequest(OzoneManagerProtocolServerSideTranslatorPB.java:100) [hadoop-ozone-ozone-manager-0.5.0-SNAPSHOT.jar:?]
	at org.apache.hadoop.ozone.protocol.proto.OzoneManagerProtocolProtos$OzoneManagerService$2.callBlockingMethod(OzoneManagerProtocolProtos.java) [hadoop-ozone-common-0.5.0-SNAPSHOT.jar:?]
	at org.apache.hadoop.ipc.ProtobufRpcEngine$Server$ProtoBufRpcInvoker.call(ProtobufRpcEngine.java:524) [hadoop-common-3.2.0.jar:?]
	at org.apache.hadoop.ipc.RPC$Server.call(RPC.java:1025) [hadoop-common-3.2.0.jar:?]
	at org.apache.hadoop.ipc.Server$RpcCall.run(Server.java:876) [hadoop-common-3.2.0.jar:?]
	at org.apache.hadoop.ipc.Server$RpcCall.run(Server.java:822) [hadoop-common-3.2.0.jar:?]
	at java.security.AccessController.doPrivileged(Native Method) [?:1.8.0_222]
	at javax.security.auth.Subject.doAs(Subject.java:422) [?:1.8.0_222]
	at org.apache.hadoop.security.UserGroupInformation.doAs(UserGroupInformation.java:1730) [hadoop-common-3.2.0.jar:?]
	at org.apache.hadoop.ipc.Server$Handler.run(Server.java:2682) [hadoop-common-3.2.0.jar:?]
15:46:03.283 [IPC Server handler 16 on 35423] ERROR OMAudit - user=jenkins1000 | ip=127.0.0.1 | op=GET_FILE_STATUS {volume=volume97672, bucket=bucket46774, key=test/ITestOzoneContractDistCp/testUpdateDeepDirectoryStructureToRemote/remote/outputDir/inputDir/subDir1, dataSize=0, replicationType=null, replicationFactor=null, keyLocationInfo=null} | ret=FAILURE
org.apache.hadoop.ozone.om.exceptions.OMException: Unable to get file status: volume: volume97672 bucket: bucket46774 key: test/ITestOzoneContractDistCp/testUpdateDeepDirectoryStructureToRemote/remote/outputDir/inputDir/subDir1
	at org.apache.hadoop.ozone.om.KeyManagerImpl.getFileStatus(KeyManagerImpl.java:1784) ~[hadoop-ozone-ozone-manager-0.5.0-SNAPSHOT.jar:?]
	at org.apache.hadoop.ozone.om.OzoneManager.getFileStatus(OzoneManager.java:2762) ~[hadoop-ozone-ozone-manager-0.5.0-SNAPSHOT.jar:?]
	at org.apache.hadoop.ozone.protocolPB.OzoneManagerRequestHandler.getOzoneFileStatus(OzoneManagerRequestHandler.java:1053) ~[hadoop-ozone-ozone-manager-0.5.0-SNAPSHOT.jar:?]
	at org.apache.hadoop.ozone.protocolPB.OzoneManagerRequestHandler.handle(OzoneManagerRequestHandler.java:340) ~[hadoop-ozone-ozone-manager-0.5.0-SNAPSHOT.jar:?]
	at org.apache.hadoop.ozone.protocolPB.OzoneManagerProtocolServerSideTranslatorPB.submitRequestDirectlyToOM(OzoneManagerProtocolServerSideTranslatorPB.java:208) ~[hadoop-ozone-ozone-manager-0.5.0-SNAPSHOT.jar:?]
	at org.apache.hadoop.ozone.protocolPB.OzoneManagerProtocolServerSideTranslatorPB.processRequest(OzoneManagerProtocolServerSideTranslatorPB.java:132) ~[hadoop-ozone-ozone-manager-0.5.0-SNAPSHOT.jar:?]
	at org.apache.hadoop.hdds.server.OzoneProtocolMessageDispatcher.processRequest(OzoneProtocolMessageDispatcher.java:72) [hadoop-hdds-server-framework-0.5.0-SNAPSHOT.jar:?]
	at org.apache.hadoop.ozone.protocolPB.OzoneManagerProtocolServerSideTranslatorPB.submitRequest(OzoneManagerProtocolServerSideTranslatorPB.java:100) [hadoop-ozone-ozone-manager-0.5.0-SNAPSHOT.jar:?]
	at org.apache.hadoop.ozone.protocol.proto.OzoneManagerProtocolProtos$OzoneManagerService$2.callBlockingMethod(OzoneManagerProtocolProtos.java) [hadoop-ozone-common-0.5.0-SNAPSHOT.jar:?]
	at org.apache.hadoop.ipc.ProtobufRpcEngine$Server$ProtoBufRpcInvoker.call(ProtobufRpcEngine.java:524) [hadoop-common-3.2.0.jar:?]
	at org.apache.hadoop.ipc.RPC$Server.call(RPC.java:1025) [hadoop-common-3.2.0.jar:?]
	at org.apache.hadoop.ipc.Server$RpcCall.run(Server.java:876) [hadoop-common-3.2.0.jar:?]
	at org.apache.hadoop.ipc.Server$RpcCall.run(Server.java:822) [hadoop-common-3.2.0.jar:?]
	at java.security.AccessController.doPrivileged(Native Method) [?:1.8.0_222]
	at javax.security.auth.Subject.doAs(Subject.java:422) [?:1.8.0_222]
	at org.apache.hadoop.security.UserGroupInformation.doAs(UserGroupInformation.java:1730) [hadoop-common-3.2.0.jar:?]
	at org.apache.hadoop.ipc.Server$Handler.run(Server.java:2682) [hadoop-common-3.2.0.jar:?]
15:46:03.310 [IPC Server handler 10 on 35423] ERROR OMAudit - user=jenkins1000 | ip=127.0.0.1 | op=GET_FILE_STATUS {volume=volume97672, bucket=bucket46774, key=test/ITestOzoneContractDistCp/testUpdateDeepDirectoryStructureToRemote/remote/outputDir/inputDir/subDir1/file2, dataSize=0, replicationType=null, replicationFactor=null, keyLocationInfo=null} | ret=FAILURE
org.apache.hadoop.ozone.om.exceptions.OMException: Unable to get file status: volume: volume97672 bucket: bucket46774 key: test/ITestOzoneContractDistCp/testUpdateDeepDirectoryStructureToRemote/remote/outputDir/inputDir/subDir1/file2
	at org.apache.hadoop.ozone.om.KeyManagerImpl.getFileStatus(KeyManagerImpl.java:1784) ~[hadoop-ozone-ozone-manager-0.5.0-SNAPSHOT.jar:?]
	at org.apache.hadoop.ozone.om.OzoneManager.getFileStatus(OzoneManager.java:2762) ~[hadoop-ozone-ozone-manager-0.5.0-SNAPSHOT.jar:?]
	at org.apache.hadoop.ozone.protocolPB.OzoneManagerRequestHandler.getOzoneFileStatus(OzoneManagerRequestHandler.java:1053) ~[hadoop-ozone-ozone-manager-0.5.0-SNAPSHOT.jar:?]
	at org.apache.hadoop.ozone.protocolPB.OzoneManagerRequestHandler.handle(OzoneManagerRequestHandler.java:340) ~[hadoop-ozone-ozone-manager-0.5.0-SNAPSHOT.jar:?]
	at org.apache.hadoop.ozone.protocolPB.OzoneManagerProtocolServerSideTranslatorPB.submitRequestDirectlyToOM(OzoneManagerProtocolServerSideTranslatorPB.java:208) ~[hadoop-ozone-ozone-manager-0.5.0-SNAPSHOT.jar:?]
	at org.apache.hadoop.ozone.protocolPB.OzoneManagerProtocolServerSideTranslatorPB.processRequest(OzoneManagerProtocolServerSideTranslatorPB.java:132) ~[hadoop-ozone-ozone-manager-0.5.0-SNAPSHOT.jar:?]
	at org.apache.hadoop.hdds.server.OzoneProtocolMessageDispatcher.processRequest(OzoneProtocolMessageDispatcher.java:72) [hadoop-hdds-server-framework-0.5.0-SNAPSHOT.jar:?]
	at org.apache.hadoop.ozone.protocolPB.OzoneManagerProtocolServerSideTranslatorPB.submitRequest(OzoneManagerProtocolServerSideTranslatorPB.java:100) [hadoop-ozone-ozone-manager-0.5.0-SNAPSHOT.jar:?]
	at org.apache.hadoop.ozone.protocol.proto.OzoneManagerProtocolProtos$OzoneManagerService$2.callBlockingMethod(OzoneManagerProtocolProtos.java) [hadoop-ozone-common-0.5.0-SNAPSHOT.jar:?]
	at org.apache.hadoop.ipc.ProtobufRpcEngine$Server$ProtoBufRpcInvoker.call(ProtobufRpcEngine.java:524) [hadoop-common-3.2.0.jar:?]
	at org.apache.hadoop.ipc.RPC$Server.call(RPC.java:1025) [hadoop-common-3.2.0.jar:?]
	at org.apache.hadoop.ipc.Server$RpcCall.run(Server.java:876) [hadoop-common-3.2.0.jar:?]
	at org.apache.hadoop.ipc.Server$RpcCall.run(Server.java:822) [hadoop-common-3.2.0.jar:?]
	at java.security.AccessController.doPrivileged(Native Method) [?:1.8.0_222]
	at javax.security.auth.Subject.doAs(Subject.java:422) [?:1.8.0_222]
	at org.apache.hadoop.security.UserGroupInformation.doAs(UserGroupInformation.java:1730) [hadoop-common-3.2.0.jar:?]
	at org.apache.hadoop.ipc.Server$Handler.run(Server.java:2682) [hadoop-common-3.2.0.jar:?]
15:46:03.342 [IPC Server handler 5 on 35423] ERROR OMAudit - user=jenkins1000 | ip=127.0.0.1 | op=GET_FILE_STATUS {volume=volume97672, bucket=bucket46774, key=test/ITestOzoneContractDistCp/testUpdateDeepDirectoryStructureToRemote/remote/outputDir/.distcp.tmp.attempt_local331500791_0007_m_000001_0, dataSize=0, replicationType=null, replicationFactor=null, keyLocationInfo=null} | ret=FAILURE
org.apache.hadoop.ozone.om.exceptions.OMException: Unable to get file status: volume: volume97672 bucket: bucket46774 key: test/ITestOzoneContractDistCp/testUpdateDeepDirectoryStructureToRemote/remote/outputDir/.distcp.tmp.attempt_local331500791_0007_m_000001_0
	at org.apache.hadoop.ozone.om.KeyManagerImpl.getFileStatus(KeyManagerImpl.java:1784) ~[hadoop-ozone-ozone-manager-0.5.0-SNAPSHOT.jar:?]
	at org.apache.hadoop.ozone.om.OzoneManager.getFileStatus(OzoneManager.java:2762) ~[hadoop-ozone-ozone-manager-0.5.0-SNAPSHOT.jar:?]
	at org.apache.hadoop.ozone.protocolPB.OzoneManagerRequestHandler.getOzoneFileStatus(OzoneManagerRequestHandler.java:1053) ~[hadoop-ozone-ozone-manager-0.5.0-SNAPSHOT.jar:?]
	at org.apache.hadoop.ozone.protocolPB.OzoneManagerRequestHandler.handle(OzoneManagerRequestHandler.java:340) ~[hadoop-ozone-ozone-manager-0.5.0-SNAPSHOT.jar:?]
	at org.apache.hadoop.ozone.protocolPB.OzoneManagerProtocolServerSideTranslatorPB.submitRequestDirectlyToOM(OzoneManagerProtocolServerSideTranslatorPB.java:208) ~[hadoop-ozone-ozone-manager-0.5.0-SNAPSHOT.jar:?]
	at org.apache.hadoop.ozone.protocolPB.OzoneManagerProtocolServerSideTranslatorPB.processRequest(OzoneManagerProtocolServerSideTranslatorPB.java:132) ~[hadoop-ozone-ozone-manager-0.5.0-SNAPSHOT.jar:?]
	at org.apache.hadoop.hdds.server.OzoneProtocolMessageDispatcher.processRequest(OzoneProtocolMessageDispatcher.java:72) [hadoop-hdds-server-framework-0.5.0-SNAPSHOT.jar:?]
	at org.apache.hadoop.ozone.protocolPB.OzoneManagerProtocolServerSideTranslatorPB.submitRequest(OzoneManagerProtocolServerSideTranslatorPB.java:100) [hadoop-ozone-ozone-manager-0.5.0-SNAPSHOT.jar:?]
	at org.apache.hadoop.ozone.protocol.proto.OzoneManagerProtocolProtos$OzoneManagerService$2.callBlockingMethod(OzoneManagerProtocolProtos.java) [hadoop-ozone-common-0.5.0-SNAPSHOT.jar:?]
	at org.apache.hadoop.ipc.ProtobufRpcEngine$Server$ProtoBufRpcInvoker.call(ProtobufRpcEngine.java:524) [hadoop-common-3.2.0.jar:?]
	at org.apache.hadoop.ipc.RPC$Server.call(RPC.java:1025) [hadoop-common-3.2.0.jar:?]
	at org.apache.hadoop.ipc.Server$RpcCall.run(Server.java:876) [hadoop-common-3.2.0.jar:?]
	at org.apache.hadoop.ipc.Server$RpcCall.run(Server.java:822) [hadoop-common-3.2.0.jar:?]
	at java.security.AccessController.doPrivileged(Native Method) [?:1.8.0_222]
	at javax.security.auth.Subject.doAs(Subject.java:422) [?:1.8.0_222]
	at org.apache.hadoop.security.UserGroupInformation.doAs(UserGroupInformation.java:1730) [hadoop-common-3.2.0.jar:?]
	at org.apache.hadoop.ipc.Server$Handler.run(Server.java:2682) [hadoop-common-3.2.0.jar:?]
2019-11-07 15:46:03,343 [LocalJobRunner Map Task Executor #0] WARN  ozone.BasicOzoneFileSystem (BasicOzoneFileSystem.java:delete(444)) - delete: Path does not exist: o3fs://bucket46774.volume97672/test/ITestOzoneContractDistCp/testUpdateDeepDirectoryStructureToRemote/remote/outputDir/.distcp.tmp.attempt_local331500791_0007_m_000001_0
2019-11-07 15:46:03,343 [LocalJobRunner Map Task Executor #0] INFO  mapred.LocalJobRunner (LocalJobRunner.java:statusUpdate(634)) - 
2019-11-07 15:46:03,344 [LocalJobRunner Map Task Executor #0] INFO  mapred.Task (Task.java:done(1244)) - Task:attempt_local331500791_0007_m_000001_0 is done. And is in the process of committing
2019-11-07 15:46:03,345 [LocalJobRunner Map Task Executor #0] INFO  mapred.LocalJobRunner (LocalJobRunner.java:statusUpdate(634)) - 
2019-11-07 15:46:03,345 [LocalJobRunner Map Task Executor #0] INFO  mapred.Task (Task.java:commit(1421)) - Task attempt_local331500791_0007_m_000001_0 is allowed to commit now
2019-11-07 15:46:03,346 [LocalJobRunner Map Task Executor #0] INFO  output.FileOutputCommitter (FileOutputCommitter.java:commitTask(598)) - Saved output of task 'attempt_local331500791_0007_m_000001_0' to file:/tmp/hadoop/mapred/staging/jenkins10001546768080/.staging/_distcp-1161446647/_logs
2019-11-07 15:46:03,347 [LocalJobRunner Map Task Executor #0] INFO  mapred.LocalJobRunner (LocalJobRunner.java:statusUpdate(634)) - 100.0% Copying file:/workdir/hadoop-ozone/ozonefs/target/test-dir/ITestOzoneContractDistCp/testUpdateDeepDirectoryStructureToRemote/local/inputDir/subDir1/file2 to o3fs://bucket46774.volume97672/test/ITestOzoneContractDistCp/testUpdateDeepDirectoryStructureToRemote/remote/outputDir/inputDir/subDir1/file2 [200.0B/200.0B]
2019-11-07 15:46:03,347 [LocalJobRunner Map Task Executor #0] INFO  mapred.Task (Task.java:sendDone(1380)) - Task 'attempt_local331500791_0007_m_000001_0' done.
2019-11-07 15:46:03,347 [LocalJobRunner Map Task Executor #0] INFO  mapred.Task (Task.java:done(1276)) - Final Counters for attempt_local331500791_0007_m_000001_0: Counters: 24
	File System Counters
		FILE: Number of bytes read=20488744
		FILE: Number of bytes written=24695272
		FILE: Number of read operations=0
		FILE: Number of large read operations=0
		FILE: Number of write operations=0
		O3FS: Number of bytes read=0
		O3FS: Number of bytes written=18878768
		O3FS: Number of read operations=366
		O3FS: Number of large read operations=0
		O3FS: Number of write operations=78
	Map-Reduce Framework
		Map input records=2
		Map output records=0
		Input split bytes=159
		Spilled Records=0
		Failed Shuffles=0
		Merged Map outputs=0
		GC time elapsed (ms)=0
		Total committed heap usage (bytes)=1996488704
	File Input Format Counters 
		Bytes Read=3157
	File Output Format Counters 
		Bytes Written=8
	DistCp Counters
		Bandwidth in Btyes=600
		Bytes Copied=600
		Bytes Expected=600
		Files Copied=2
2019-11-07 15:46:03,347 [LocalJobRunner Map Task Executor #0] INFO  mapred.LocalJobRunner (LocalJobRunner.java:run(277)) - Finishing task: attempt_local331500791_0007_m_000001_0
2019-11-07 15:46:03,347 [LocalJobRunner Map Task Executor #0] INFO  mapred.LocalJobRunner (LocalJobRunner.java:run(252)) - Starting task: attempt_local331500791_0007_m_000002_0
2019-11-07 15:46:03,348 [LocalJobRunner Map Task Executor #0] INFO  output.FileOutputCommitter (FileOutputCommitter.java:<init>(140)) - File Output Committer Algorithm version is 2
2019-11-07 15:46:03,348 [LocalJobRunner Map Task Executor #0] INFO  output.FileOutputCommitter (FileOutputCommitter.java:<init>(155)) - FileOutputCommitter skip cleanup _temporary folders under output directory:false, ignore cleanup failures: false
2019-11-07 15:46:03,349 [LocalJobRunner Map Task Executor #0] INFO  mapred.Task (Task.java:initialize(626)) -  Using ResourceCalculatorProcessTree : [ ]
2019-11-07 15:46:03,349 [LocalJobRunner Map Task Executor #0] INFO  mapred.MapTask (MapTask.java:runNewMapper(768)) - Processing split: file:/tmp/hadoop/mapred/staging/jenkins10001546768080/.staging/_distcp-1161446647/fileList.seq:0+327
2019-11-07 15:46:03,350 [LocalJobRunner Map Task Executor #0] INFO  output.FileOutputCommitter (FileOutputCommitter.java:<init>(140)) - File Output Committer Algorithm version is 2
2019-11-07 15:46:03,350 [LocalJobRunner Map Task Executor #0] INFO  output.FileOutputCommitter (FileOutputCommitter.java:<init>(155)) - FileOutputCommitter skip cleanup _temporary folders under output directory:false, ignore cleanup failures: false
2019-11-07 15:46:03,365 [LocalJobRunner Map Task Executor #0] INFO  mapred.CopyMapper (CopyMapper.java:map(154)) - Copying file:/workdir/hadoop-ozone/ozonefs/target/test-dir/ITestOzoneContractDistCp/testUpdateDeepDirectoryStructureToRemote/local/inputDir to o3fs://bucket46774.volume97672/test/ITestOzoneContractDistCp/testUpdateDeepDirectoryStructureToRemote/remote/outputDir/inputDir
2019-11-07 15:46:03,398 [LocalJobRunner Map Task Executor #0] INFO  mapred.LocalJobRunner (LocalJobRunner.java:statusUpdate(634)) - 
2019-11-07 15:46:03,398 [LocalJobRunner Map Task Executor #0] INFO  mapred.Task (Task.java:done(1244)) - Task:attempt_local331500791_0007_m_000002_0 is done. And is in the process of committing
2019-11-07 15:46:03,399 [LocalJobRunner Map Task Executor #0] INFO  mapred.LocalJobRunner (LocalJobRunner.java:statusUpdate(634)) - 
2019-11-07 15:46:03,399 [LocalJobRunner Map Task Executor #0] INFO  mapred.Task (Task.java:commit(1421)) - Task attempt_local331500791_0007_m_000002_0 is allowed to commit now
2019-11-07 15:46:03,399 [LocalJobRunner Map Task Executor #0] INFO  output.FileOutputCommitter (FileOutputCommitter.java:commitTask(598)) - Saved output of task 'attempt_local331500791_0007_m_000002_0' to file:/tmp/hadoop/mapred/staging/jenkins10001546768080/.staging/_distcp-1161446647/_logs
2019-11-07 15:46:03,400 [LocalJobRunner Map Task Executor #0] INFO  mapred.LocalJobRunner (LocalJobRunner.java:statusUpdate(634)) - Copying file:/workdir/hadoop-ozone/ozonefs/target/test-dir/ITestOzoneContractDistCp/testUpdateDeepDirectoryStructureToRemote/local/inputDir to o3fs://bucket46774.volume97672/test/ITestOzoneContractDistCp/testUpdateDeepDirectoryStructureToRemote/remote/outputDir/inputDir
2019-11-07 15:46:03,400 [LocalJobRunner Map Task Executor #0] INFO  mapred.Task (Task.java:sendDone(1380)) - Task 'attempt_local331500791_0007_m_000002_0' done.
2019-11-07 15:46:03,400 [LocalJobRunner Map Task Executor #0] INFO  mapred.Task (Task.java:done(1276)) - Final Counters for attempt_local331500791_0007_m_000002_0: Counters: 22
	File System Counters
		FILE: Number of bytes read=20493359
		FILE: Number of bytes written=24695280
		FILE: Number of read operations=0
		FILE: Number of large read operations=0
		FILE: Number of write operations=0
		O3FS: Number of bytes read=0
		O3FS: Number of bytes written=18878768
		O3FS: Number of read operations=368
		O3FS: Number of large read operations=0
		O3FS: Number of write operations=78
	Map-Reduce Framework
		Map input records=1
		Map output records=0
		Input split bytes=159
		Spilled Records=0
		Failed Shuffles=0
		Merged Map outputs=0
		GC time elapsed (ms)=0
		Total committed heap usage (bytes)=1996488704
	File Input Format Counters 
		Bytes Read=3157
	File Output Format Counters 
		Bytes Written=8
	DistCp Counters
		Bandwidth in Btyes=0
		DIR_COPY=1
2019-11-07 15:46:03,400 [LocalJobRunner Map Task Executor #0] INFO  mapred.LocalJobRunner (LocalJobRunner.java:run(277)) - Finishing task: attempt_local331500791_0007_m_000002_0
2019-11-07 15:46:03,400 [LocalJobRunner Map Task Executor #0] INFO  mapred.LocalJobRunner (LocalJobRunner.java:run(252)) - Starting task: attempt_local331500791_0007_m_000003_0
2019-11-07 15:46:03,401 [LocalJobRunner Map Task Executor #0] INFO  output.FileOutputCommitter (FileOutputCommitter.java:<init>(140)) - File Output Committer Algorithm version is 2
2019-11-07 15:46:03,401 [LocalJobRunner Map Task Executor #0] INFO  output.FileOutputCommitter (FileOutputCommitter.java:<init>(155)) - FileOutputCommitter skip cleanup _temporary folders under output directory:false, ignore cleanup failures: false
2019-11-07 15:46:03,401 [LocalJobRunner Map Task Executor #0] INFO  mapred.Task (Task.java:initialize(626)) -  Using ResourceCalculatorProcessTree : [ ]
2019-11-07 15:46:03,401 [LocalJobRunner Map Task Executor #0] INFO  mapred.MapTask (MapTask.java:runNewMapper(768)) - Processing split: file:/tmp/hadoop/mapred/staging/jenkins10001546768080/.staging/_distcp-1161446647/fileList.seq:1704+281
2019-11-07 15:46:03,401 [LocalJobRunner Map Task Executor #0] INFO  output.FileOutputCommitter (FileOutputCommitter.java:<init>(140)) - File Output Committer Algorithm version is 2
2019-11-07 15:46:03,402 [LocalJobRunner Map Task Executor #0] INFO  output.FileOutputCommitter (FileOutputCommitter.java:<init>(155)) - FileOutputCommitter skip cleanup _temporary folders under output directory:false, ignore cleanup failures: false
2019-11-07 15:46:03,414 [LocalJobRunner Map Task Executor #0] INFO  mapred.CopyMapper (CopyMapper.java:map(154)) - Copying file:/workdir/hadoop-ozone/ozonefs/target/test-dir/ITestOzoneContractDistCp/testUpdateDeepDirectoryStructureToRemote/local/inputDir/subDir4/subDir4 to o3fs://bucket46774.volume97672/test/ITestOzoneContractDistCp/testUpdateDeepDirectoryStructureToRemote/remote/outputDir/inputDir/subDir4/subDir4
2019-11-07 15:46:03,442 [LocalJobRunner Map Task Executor #0] INFO  mapred.LocalJobRunner (LocalJobRunner.java:statusUpdate(634)) - 
2019-11-07 15:46:03,443 [LocalJobRunner Map Task Executor #0] INFO  mapred.Task (Task.java:done(1244)) - Task:attempt_local331500791_0007_m_000003_0 is done. And is in the process of committing
2019-11-07 15:46:03,443 [LocalJobRunner Map Task Executor #0] INFO  mapred.LocalJobRunner (LocalJobRunner.java:statusUpdate(634)) - 
2019-11-07 15:46:03,443 [LocalJobRunner Map Task Executor #0] INFO  mapred.Task (Task.java:commit(1421)) - Task attempt_local331500791_0007_m_000003_0 is allowed to commit now
2019-11-07 15:46:03,444 [LocalJobRunner Map Task Executor #0] INFO  output.FileOutputCommitter (FileOutputCommitter.java:commitTask(598)) - Saved output of task 'attempt_local331500791_0007_m_000003_0' to file:/tmp/hadoop/mapred/staging/jenkins10001546768080/.staging/_distcp-1161446647/_logs
2019-11-07 15:46:03,444 [LocalJobRunner Map Task Executor #0] INFO  mapred.LocalJobRunner (LocalJobRunner.java:statusUpdate(634)) - Copying file:/workdir/hadoop-ozone/ozonefs/target/test-dir/ITestOzoneContractDistCp/testUpdateDeepDirectoryStructureToRemote/local/inputDir/subDir4/subDir4 to o3fs://bucket46774.volume97672/test/ITestOzoneContractDistCp/testUpdateDeepDirectoryStructureToRemote/remote/outputDir/inputDir/subDir4/subDir4
2019-11-07 15:46:03,444 [LocalJobRunner Map Task Executor #0] INFO  mapred.Task (Task.java:sendDone(1380)) - Task 'attempt_local331500791_0007_m_000003_0' done.
2019-11-07 15:46:03,444 [LocalJobRunner Map Task Executor #0] INFO  mapred.Task (Task.java:done(1276)) - Final Counters for attempt_local331500791_0007_m_000003_0: Counters: 22
	File System Counters
		FILE: Number of bytes read=20497974
		FILE: Number of bytes written=24695288
		FILE: Number of read operations=0
		FILE: Number of large read operations=0
		FILE: Number of write operations=0
		O3FS: Number of bytes read=0
		O3FS: Number of bytes written=18878768
		O3FS: Number of read operations=370
		O3FS: Number of large read operations=0
		O3FS: Number of write operations=78
	Map-Reduce Framework
		Map input records=1
		Map output records=0
		Input split bytes=159
		Spilled Records=0
		Failed Shuffles=0
		Merged Map outputs=0
		GC time elapsed (ms)=0
		Total committed heap usage (bytes)=1996488704
	File Input Format Counters 
		Bytes Read=3157
	File Output Format Counters 
		Bytes Written=8
	DistCp Counters
		Bandwidth in Btyes=0
		DIR_COPY=1
2019-11-07 15:46:03,444 [LocalJobRunner Map Task Executor #0] INFO  mapred.LocalJobRunner (LocalJobRunner.java:run(277)) - Finishing task: attempt_local331500791_0007_m_000003_0
2019-11-07 15:46:03,444 [LocalJobRunner Map Task Executor #0] INFO  mapred.LocalJobRunner (LocalJobRunner.java:run(252)) - Starting task: attempt_local331500791_0007_m_000004_0
2019-11-07 15:46:03,445 [LocalJobRunner Map Task Executor #0] INFO  output.FileOutputCommitter (FileOutputCommitter.java:<init>(140)) - File Output Committer Algorithm version is 2
2019-11-07 15:46:03,445 [LocalJobRunner Map Task Executor #0] INFO  output.FileOutputCommitter (FileOutputCommitter.java:<init>(155)) - FileOutputCommitter skip cleanup _temporary folders under output directory:false, ignore cleanup failures: false
2019-11-07 15:46:03,445 [LocalJobRunner Map Task Executor #0] INFO  mapred.Task (Task.java:initialize(626)) -  Using ResourceCalculatorProcessTree : [ ]
2019-11-07 15:46:03,446 [LocalJobRunner Map Task Executor #0] INFO  mapred.MapTask (MapTask.java:runNewMapper(768)) - Processing split: file:/tmp/hadoop/mapred/staging/jenkins10001546768080/.staging/_distcp-1161446647/fileList.seq:2820+281
2019-11-07 15:46:03,446 [LocalJobRunner Map Task Executor #0] INFO  output.FileOutputCommitter (FileOutputCommitter.java:<init>(140)) - File Output Committer Algorithm version is 2
2019-11-07 15:46:03,446 [LocalJobRunner Map Task Executor #0] INFO  output.FileOutputCommitter (FileOutputCommitter.java:<init>(155)) - FileOutputCommitter skip cleanup _temporary folders under output directory:false, ignore cleanup failures: false
2019-11-07 15:46:03,458 [LocalJobRunner Map Task Executor #0] INFO  mapred.CopyMapper (CopyMapper.java:map(154)) - Copying file:/workdir/hadoop-ozone/ozonefs/target/test-dir/ITestOzoneContractDistCp/testUpdateDeepDirectoryStructureToRemote/local/inputDir/subDir2/subDir2 to o3fs://bucket46774.volume97672/test/ITestOzoneContractDistCp/testUpdateDeepDirectoryStructureToRemote/remote/outputDir/inputDir/subDir2/subDir2
2019-11-07 15:46:03,505 [LocalJobRunner Map Task Executor #0] INFO  mapred.LocalJobRunner (LocalJobRunner.java:statusUpdate(634)) - 
2019-11-07 15:46:03,505 [LocalJobRunner Map Task Executor #0] INFO  mapred.Task (Task.java:done(1244)) - Task:attempt_local331500791_0007_m_000004_0 is done. And is in the process of committing
2019-11-07 15:46:03,506 [LocalJobRunner Map Task Executor #0] INFO  mapred.LocalJobRunner (LocalJobRunner.java:statusUpdate(634)) - 
2019-11-07 15:46:03,506 [LocalJobRunner Map Task Executor #0] INFO  mapred.Task (Task.java:commit(1421)) - Task attempt_local331500791_0007_m_000004_0 is allowed to commit now
2019-11-07 15:46:03,507 [LocalJobRunner Map Task Executor #0] INFO  output.FileOutputCommitter (FileOutputCommitter.java:commitTask(598)) - Saved output of task 'attempt_local331500791_0007_m_000004_0' to file:/tmp/hadoop/mapred/staging/jenkins10001546768080/.staging/_distcp-1161446647/_logs
2019-11-07 15:46:03,507 [LocalJobRunner Map Task Executor #0] INFO  mapred.LocalJobRunner (LocalJobRunner.java:statusUpdate(634)) - Copying file:/workdir/hadoop-ozone/ozonefs/target/test-dir/ITestOzoneContractDistCp/testUpdateDeepDirectoryStructureToRemote/local/inputDir/subDir2/subDir2 to o3fs://bucket46774.volume97672/test/ITestOzoneContractDistCp/testUpdateDeepDirectoryStructureToRemote/remote/outputDir/inputDir/subDir2/subDir2
2019-11-07 15:46:03,507 [LocalJobRunner Map Task Executor #0] INFO  mapred.Task (Task.java:sendDone(1380)) - Task 'attempt_local331500791_0007_m_000004_0' done.
2019-11-07 15:46:03,507 [LocalJobRunner Map Task Executor #0] INFO  mapred.Task (Task.java:done(1276)) - Final Counters for attempt_local331500791_0007_m_000004_0: Counters: 22
	File System Counters
		FILE: Number of bytes read=20502077
		FILE: Number of bytes written=24695296
		FILE: Number of read operations=0
		FILE: Number of large read operations=0
		FILE: Number of write operations=0
		O3FS: Number of bytes read=0
		O3FS: Number of bytes written=18878768
		O3FS: Number of read operations=372
		O3FS: Number of large read operations=0
		O3FS: Number of write operations=78
	Map-Reduce Framework
		Map input records=1
		Map output records=0
		Input split bytes=159
		Spilled Records=0
		Failed Shuffles=0
		Merged Map outputs=0
		GC time elapsed (ms)=0
		Total committed heap usage (bytes)=1996488704
	File Input Format Counters 
		Bytes Read=3157
	File Output Format Counters 
		Bytes Written=8
	DistCp Counters
		Bandwidth in Btyes=0
		DIR_COPY=1
2019-11-07 15:46:03,507 [LocalJobRunner Map Task Executor #0] INFO  mapred.LocalJobRunner (LocalJobRunner.java:run(277)) - Finishing task: attempt_local331500791_0007_m_000004_0
2019-11-07 15:46:03,507 [LocalJobRunner Map Task Executor #0] INFO  mapred.LocalJobRunner (LocalJobRunner.java:run(252)) - Starting task: attempt_local331500791_0007_m_000005_0
2019-11-07 15:46:03,508 [LocalJobRunner Map Task Executor #0] INFO  output.FileOutputCommitter (FileOutputCommitter.java:<init>(140)) - File Output Committer Algorithm version is 2
2019-11-07 15:46:03,508 [LocalJobRunner Map Task Executor #0] INFO  output.FileOutputCommitter (FileOutputCommitter.java:<init>(155)) - FileOutputCommitter skip cleanup _temporary folders under output directory:false, ignore cleanup failures: false
2019-11-07 15:46:03,508 [LocalJobRunner Map Task Executor #0] INFO  mapred.Task (Task.java:initialize(626)) -  Using ResourceCalculatorProcessTree : [ ]
2019-11-07 15:46:03,508 [LocalJobRunner Map Task Executor #0] INFO  mapred.MapTask (MapTask.java:runNewMapper(768)) - Processing split: file:/tmp/hadoop/mapred/staging/jenkins10001546768080/.staging/_distcp-1161446647/fileList.seq:913+265
2019-11-07 15:46:03,509 [LocalJobRunner Map Task Executor #0] INFO  output.FileOutputCommitter (FileOutputCommitter.java:<init>(140)) - File Output Committer Algorithm version is 2
2019-11-07 15:46:03,509 [LocalJobRunner Map Task Executor #0] INFO  output.FileOutputCommitter (FileOutputCommitter.java:<init>(155)) - FileOutputCommitter skip cleanup _temporary folders under output directory:false, ignore cleanup failures: false
2019-11-07 15:46:03,521 [LocalJobRunner Map Task Executor #0] INFO  mapred.CopyMapper (CopyMapper.java:map(154)) - Copying file:/workdir/hadoop-ozone/ozonefs/target/test-dir/ITestOzoneContractDistCp/testUpdateDeepDirectoryStructureToRemote/local/inputDir/subDir4 to o3fs://bucket46774.volume97672/test/ITestOzoneContractDistCp/testUpdateDeepDirectoryStructureToRemote/remote/outputDir/inputDir/subDir4
2019-11-07 15:46:03,552 [LocalJobRunner Map Task Executor #0] INFO  mapred.LocalJobRunner (LocalJobRunner.java:statusUpdate(634)) - 
2019-11-07 15:46:03,553 [LocalJobRunner Map Task Executor #0] INFO  mapred.Task (Task.java:done(1244)) - Task:attempt_local331500791_0007_m_000005_0 is done. And is in the process of committing
2019-11-07 15:46:03,553 [LocalJobRunner Map Task Executor #0] INFO  mapred.LocalJobRunner (LocalJobRunner.java:statusUpdate(634)) - 
2019-11-07 15:46:03,553 [LocalJobRunner Map Task Executor #0] INFO  mapred.Task (Task.java:commit(1421)) - Task attempt_local331500791_0007_m_000005_0 is allowed to commit now
2019-11-07 15:46:03,554 [LocalJobRunner Map Task Executor #0] INFO  output.FileOutputCommitter (FileOutputCommitter.java:commitTask(598)) - Saved output of task 'attempt_local331500791_0007_m_000005_0' to file:/tmp/hadoop/mapred/staging/jenkins10001546768080/.staging/_distcp-1161446647/_logs
2019-11-07 15:46:03,554 [LocalJobRunner Map Task Executor #0] INFO  mapred.LocalJobRunner (LocalJobRunner.java:statusUpdate(634)) - Copying file:/workdir/hadoop-ozone/ozonefs/target/test-dir/ITestOzoneContractDistCp/testUpdateDeepDirectoryStructureToRemote/local/inputDir/subDir4 to o3fs://bucket46774.volume97672/test/ITestOzoneContractDistCp/testUpdateDeepDirectoryStructureToRemote/remote/outputDir/inputDir/subDir4
2019-11-07 15:46:03,554 [LocalJobRunner Map Task Executor #0] INFO  mapred.Task (Task.java:sendDone(1380)) - Task 'attempt_local331500791_0007_m_000005_0' done.
2019-11-07 15:46:03,555 [LocalJobRunner Map Task Executor #0] INFO  mapred.Task (Task.java:done(1276)) - Final Counters for attempt_local331500791_0007_m_000005_0: Counters: 22
	File System Counters
		FILE: Number of bytes read=20506180
		FILE: Number of bytes written=24695304
		FILE: Number of read operations=0
		FILE: Number of large read operations=0
		FILE: Number of write operations=0
		O3FS: Number of bytes read=0
		O3FS: Number of bytes written=18878768
		O3FS: Number of read operations=374
		O3FS: Number of large read operations=0
		O3FS: Number of write operations=78
	Map-Reduce Framework
		Map input records=1
		Map output records=0
		Input split bytes=159
		Spilled Records=0
		Failed Shuffles=0
		Merged Map outputs=0
		GC time elapsed (ms)=0
		Total committed heap usage (bytes)=1996488704
	File Input Format Counters 
		Bytes Read=3157
	File Output Format Counters 
		Bytes Written=8
	DistCp Counters
		Bandwidth in Btyes=0
		DIR_COPY=1
2019-11-07 15:46:03,555 [LocalJobRunner Map Task Executor #0] INFO  mapred.LocalJobRunner (LocalJobRunner.java:run(277)) - Finishing task: attempt_local331500791_0007_m_000005_0
2019-11-07 15:46:03,555 [LocalJobRunner Map Task Executor #0] INFO  mapred.LocalJobRunner (LocalJobRunner.java:run(252)) - Starting task: attempt_local331500791_0007_m_000006_0
2019-11-07 15:46:03,555 [LocalJobRunner Map Task Executor #0] INFO  output.FileOutputCommitter (FileOutputCommitter.java:<init>(140)) - File Output Committer Algorithm version is 2
2019-11-07 15:46:03,555 [LocalJobRunner Map Task Executor #0] INFO  output.FileOutputCommitter (FileOutputCommitter.java:<init>(155)) - FileOutputCommitter skip cleanup _temporary folders under output directory:false, ignore cleanup failures: false
2019-11-07 15:46:03,556 [LocalJobRunner Map Task Executor #0] INFO  mapred.Task (Task.java:initialize(626)) -  Using ResourceCalculatorProcessTree : [ ]
2019-11-07 15:46:03,556 [LocalJobRunner Map Task Executor #0] INFO  mapred.MapTask (MapTask.java:runNewMapper(768)) - Processing split: file:/tmp/hadoop/mapred/staging/jenkins10001546768080/.staging/_distcp-1161446647/fileList.seq:1439+265
2019-11-07 15:46:03,557 [LocalJobRunner Map Task Executor #0] INFO  output.FileOutputCommitter (FileOutputCommitter.java:<init>(140)) - File Output Committer Algorithm version is 2
2019-11-07 15:46:03,557 [LocalJobRunner Map Task Executor #0] INFO  output.FileOutputCommitter (FileOutputCommitter.java:<init>(155)) - FileOutputCommitter skip cleanup _temporary folders under output directory:false, ignore cleanup failures: false
2019-11-07 15:46:03,571 [LocalJobRunner Map Task Executor #0] INFO  mapred.CopyMapper (CopyMapper.java:map(154)) - Copying file:/workdir/hadoop-ozone/ozonefs/target/test-dir/ITestOzoneContractDistCp/testUpdateDeepDirectoryStructureToRemote/local/inputDir/subDir1 to o3fs://bucket46774.volume97672/test/ITestOzoneContractDistCp/testUpdateDeepDirectoryStructureToRemote/remote/outputDir/inputDir/subDir1
2019-11-07 15:46:03,602 [LocalJobRunner Map Task Executor #0] INFO  mapred.LocalJobRunner (LocalJobRunner.java:statusUpdate(634)) - 
2019-11-07 15:46:03,602 [LocalJobRunner Map Task Executor #0] INFO  mapred.Task (Task.java:done(1244)) - Task:attempt_local331500791_0007_m_000006_0 is done. And is in the process of committing
2019-11-07 15:46:03,604 [LocalJobRunner Map Task Executor #0] INFO  mapred.LocalJobRunner (LocalJobRunner.java:statusUpdate(634)) - 
2019-11-07 15:46:03,604 [LocalJobRunner Map Task Executor #0] INFO  mapred.Task (Task.java:commit(1421)) - Task attempt_local331500791_0007_m_000006_0 is allowed to commit now
2019-11-07 15:46:03,605 [LocalJobRunner Map Task Executor #0] INFO  output.FileOutputCommitter (FileOutputCommitter.java:commitTask(598)) - Saved output of task 'attempt_local331500791_0007_m_000006_0' to file:/tmp/hadoop/mapred/staging/jenkins10001546768080/.staging/_distcp-1161446647/_logs
2019-11-07 15:46:03,605 [LocalJobRunner Map Task Executor #0] INFO  mapred.LocalJobRunner (LocalJobRunner.java:statusUpdate(634)) - Copying file:/workdir/hadoop-ozone/ozonefs/target/test-dir/ITestOzoneContractDistCp/testUpdateDeepDirectoryStructureToRemote/local/inputDir/subDir1 to o3fs://bucket46774.volume97672/test/ITestOzoneContractDistCp/testUpdateDeepDirectoryStructureToRemote/remote/outputDir/inputDir/subDir1
2019-11-07 15:46:03,606 [LocalJobRunner Map Task Executor #0] INFO  mapred.Task (Task.java:sendDone(1380)) - Task 'attempt_local331500791_0007_m_000006_0' done.
2019-11-07 15:46:03,606 [LocalJobRunner Map Task Executor #0] INFO  mapred.Task (Task.java:done(1276)) - Final Counters for attempt_local331500791_0007_m_000006_0: Counters: 22
	File System Counters
		FILE: Number of bytes read=20510283
		FILE: Number of bytes written=24695312
		FILE: Number of read operations=0
		FILE: Number of large read operations=0
		FILE: Number of write operations=0
		O3FS: Number of bytes read=0
		O3FS: Number of bytes written=18878768
		O3FS: Number of read operations=376
		O3FS: Number of large read operations=0
		O3FS: Number of write operations=78
	Map-Reduce Framework
		Map input records=1
		Map output records=0
		Input split bytes=159
		Spilled Records=0
		Failed Shuffles=0
		Merged Map outputs=0
		GC time elapsed (ms)=0
		Total committed heap usage (bytes)=1996488704
	File Input Format Counters 
		Bytes Read=3157
	File Output Format Counters 
		Bytes Written=8
	DistCp Counters
		Bandwidth in Btyes=0
		DIR_COPY=1
2019-11-07 15:46:03,606 [LocalJobRunner Map Task Executor #0] INFO  mapred.LocalJobRunner (LocalJobRunner.java:run(277)) - Finishing task: attempt_local331500791_0007_m_000006_0
2019-11-07 15:46:03,606 [LocalJobRunner Map Task Executor #0] INFO  mapred.LocalJobRunner (LocalJobRunner.java:run(252)) - Starting task: attempt_local331500791_0007_m_000007_0
2019-11-07 15:46:03,607 [LocalJobRunner Map Task Executor #0] INFO  output.FileOutputCommitter (FileOutputCommitter.java:<init>(140)) - File Output Committer Algorithm version is 2
2019-11-07 15:46:03,607 [LocalJobRunner Map Task Executor #0] INFO  output.FileOutputCommitter (FileOutputCommitter.java:<init>(155)) - FileOutputCommitter skip cleanup _temporary folders under output directory:false, ignore cleanup failures: false
2019-11-07 15:46:03,607 [LocalJobRunner Map Task Executor #0] INFO  mapred.Task (Task.java:initialize(626)) -  Using ResourceCalculatorProcessTree : [ ]
2019-11-07 15:46:03,608 [LocalJobRunner Map Task Executor #0] INFO  mapred.MapTask (MapTask.java:runNewMapper(768)) - Processing split: file:/tmp/hadoop/mapred/staging/jenkins10001546768080/.staging/_distcp-1161446647/fileList.seq:1985+265
2019-11-07 15:46:03,608 [LocalJobRunner Map Task Executor #0] INFO  output.FileOutputCommitter (FileOutputCommitter.java:<init>(140)) - File Output Committer Algorithm version is 2
2019-11-07 15:46:03,608 [LocalJobRunner Map Task Executor #0] INFO  output.FileOutputCommitter (FileOutputCommitter.java:<init>(155)) - FileOutputCommitter skip cleanup _temporary folders under output directory:false, ignore cleanup failures: false
2019-11-07 15:46:03,621 [LocalJobRunner Map Task Executor #0] INFO  mapred.CopyMapper (CopyMapper.java:map(154)) - Copying file:/workdir/hadoop-ozone/ozonefs/target/test-dir/ITestOzoneContractDistCp/testUpdateDeepDirectoryStructureToRemote/local/inputDir/subDir2 to o3fs://bucket46774.volume97672/test/ITestOzoneContractDistCp/testUpdateDeepDirectoryStructureToRemote/remote/outputDir/inputDir/subDir2
2019-11-07 15:46:03,646 [Thread-1053] INFO  mapreduce.Job (Job.java:monitorAndPrintJob(1640)) - Job job_local331500791_0007 running in uber mode : false
2019-11-07 15:46:03,648 [Thread-1053] INFO  mapreduce.Job (Job.java:monitorAndPrintJob(1647)) -  map 100% reduce 0%
2019-11-07 15:46:03,653 [LocalJobRunner Map Task Executor #0] INFO  mapred.LocalJobRunner (LocalJobRunner.java:statusUpdate(634)) - 
2019-11-07 15:46:03,654 [LocalJobRunner Map Task Executor #0] INFO  mapred.Task (Task.java:done(1244)) - Task:attempt_local331500791_0007_m_000007_0 is done. And is in the process of committing
2019-11-07 15:46:03,654 [LocalJobRunner Map Task Executor #0] INFO  mapred.LocalJobRunner (LocalJobRunner.java:statusUpdate(634)) - 
2019-11-07 15:46:03,654 [LocalJobRunner Map Task Executor #0] INFO  mapred.Task (Task.java:commit(1421)) - Task attempt_local331500791_0007_m_000007_0 is allowed to commit now
2019-11-07 15:46:03,655 [LocalJobRunner Map Task Executor #0] INFO  output.FileOutputCommitter (FileOutputCommitter.java:commitTask(598)) - Saved output of task 'attempt_local331500791_0007_m_000007_0' to file:/tmp/hadoop/mapred/staging/jenkins10001546768080/.staging/_distcp-1161446647/_logs
2019-11-07 15:46:03,655 [LocalJobRunner Map Task Executor #0] INFO  mapred.LocalJobRunner (LocalJobRunner.java:statusUpdate(634)) - Copying file:/workdir/hadoop-ozone/ozonefs/target/test-dir/ITestOzoneContractDistCp/testUpdateDeepDirectoryStructureToRemote/local/inputDir/subDir2 to o3fs://bucket46774.volume97672/test/ITestOzoneContractDistCp/testUpdateDeepDirectoryStructureToRemote/remote/outputDir/inputDir/subDir2
2019-11-07 15:46:03,655 [LocalJobRunner Map Task Executor #0] INFO  mapred.Task (Task.java:sendDone(1380)) - Task 'attempt_local331500791_0007_m_000007_0' done.
2019-11-07 15:46:03,655 [LocalJobRunner Map Task Executor #0] INFO  mapred.Task (Task.java:done(1276)) - Final Counters for attempt_local331500791_0007_m_000007_0: Counters: 22
	File System Counters
		FILE: Number of bytes read=20513874
		FILE: Number of bytes written=24695320
		FILE: Number of read operations=0
		FILE: Number of large read operations=0
		FILE: Number of write operations=0
		O3FS: Number of bytes read=0
		O3FS: Number of bytes written=18878768
		O3FS: Number of read operations=378
		O3FS: Number of large read operations=0
		O3FS: Number of write operations=78
	Map-Reduce Framework
		Map input records=1
		Map output records=0
		Input split bytes=159
		Spilled Records=0
		Failed Shuffles=0
		Merged Map outputs=0
		GC time elapsed (ms)=0
		Total committed heap usage (bytes)=1996488704
	File Input Format Counters 
		Bytes Read=3157
	File Output Format Counters 
		Bytes Written=8
	DistCp Counters
		Bandwidth in Btyes=0
		DIR_COPY=1
2019-11-07 15:46:03,655 [LocalJobRunner Map Task Executor #0] INFO  mapred.LocalJobRunner (LocalJobRunner.java:run(277)) - Finishing task: attempt_local331500791_0007_m_000007_0
2019-11-07 15:46:03,655 [LocalJobRunner Map Task Executor #0] INFO  mapred.LocalJobRunner (LocalJobRunner.java:run(252)) - Starting task: attempt_local331500791_0007_m_000008_0
2019-11-07 15:46:03,656 [LocalJobRunner Map Task Executor #0] INFO  output.FileOutputCommitter (FileOutputCommitter.java:<init>(140)) - File Output Committer Algorithm version is 2
2019-11-07 15:46:03,656 [LocalJobRunner Map Task Executor #0] INFO  output.FileOutputCommitter (FileOutputCommitter.java:<init>(155)) - FileOutputCommitter skip cleanup _temporary folders under output directory:false, ignore cleanup failures: false
2019-11-07 15:46:03,656 [LocalJobRunner Map Task Executor #0] INFO  mapred.Task (Task.java:initialize(626)) -  Using ResourceCalculatorProcessTree : [ ]
2019-11-07 15:46:03,657 [LocalJobRunner Map Task Executor #0] INFO  mapred.MapTask (MapTask.java:runNewMapper(768)) - Processing split: file:/tmp/hadoop/mapred/staging/jenkins10001546768080/.staging/_distcp-1161446647/fileList.seq:1178+261
2019-11-07 15:46:03,657 [LocalJobRunner Map Task Executor #0] INFO  output.FileOutputCommitter (FileOutputCommitter.java:<init>(140)) - File Output Committer Algorithm version is 2
2019-11-07 15:46:03,657 [LocalJobRunner Map Task Executor #0] INFO  output.FileOutputCommitter (FileOutputCommitter.java:<init>(155)) - FileOutputCommitter skip cleanup _temporary folders under output directory:false, ignore cleanup failures: false
2019-11-07 15:46:03,670 [LocalJobRunner Map Task Executor #0] INFO  mapred.CopyMapper (CopyMapper.java:map(154)) - Copying file:/workdir/hadoop-ozone/ozonefs/target/test-dir/ITestOzoneContractDistCp/testUpdateDeepDirectoryStructureToRemote/local/inputDir/file1 to o3fs://bucket46774.volume97672/test/ITestOzoneContractDistCp/testUpdateDeepDirectoryStructureToRemote/remote/outputDir/inputDir/file1
15:46:03.677 [IPC Server handler 5 on 35423] ERROR OMAudit - user=jenkins1000 | ip=127.0.0.1 | op=GET_FILE_STATUS {volume=volume97672, bucket=bucket46774, key=test/ITestOzoneContractDistCp/testUpdateDeepDirectoryStructureToRemote/remote/outputDir/inputDir/file1, dataSize=0, replicationType=null, replicationFactor=null, keyLocationInfo=null} | ret=FAILURE
org.apache.hadoop.ozone.om.exceptions.OMException: Unable to get file status: volume: volume97672 bucket: bucket46774 key: test/ITestOzoneContractDistCp/testUpdateDeepDirectoryStructureToRemote/remote/outputDir/inputDir/file1
	at org.apache.hadoop.ozone.om.KeyManagerImpl.getFileStatus(KeyManagerImpl.java:1784) ~[hadoop-ozone-ozone-manager-0.5.0-SNAPSHOT.jar:?]
	at org.apache.hadoop.ozone.om.OzoneManager.getFileStatus(OzoneManager.java:2762) ~[hadoop-ozone-ozone-manager-0.5.0-SNAPSHOT.jar:?]
	at org.apache.hadoop.ozone.protocolPB.OzoneManagerRequestHandler.getOzoneFileStatus(OzoneManagerRequestHandler.java:1053) ~[hadoop-ozone-ozone-manager-0.5.0-SNAPSHOT.jar:?]
	at org.apache.hadoop.ozone.protocolPB.OzoneManagerRequestHandler.handle(OzoneManagerRequestHandler.java:340) ~[hadoop-ozone-ozone-manager-0.5.0-SNAPSHOT.jar:?]
	at org.apache.hadoop.ozone.protocolPB.OzoneManagerProtocolServerSideTranslatorPB.submitRequestDirectlyToOM(OzoneManagerProtocolServerSideTranslatorPB.java:208) ~[hadoop-ozone-ozone-manager-0.5.0-SNAPSHOT.jar:?]
	at org.apache.hadoop.ozone.protocolPB.OzoneManagerProtocolServerSideTranslatorPB.processRequest(OzoneManagerProtocolServerSideTranslatorPB.java:132) ~[hadoop-ozone-ozone-manager-0.5.0-SNAPSHOT.jar:?]
	at org.apache.hadoop.hdds.server.OzoneProtocolMessageDispatcher.processRequest(OzoneProtocolMessageDispatcher.java:72) [hadoop-hdds-server-framework-0.5.0-SNAPSHOT.jar:?]
	at org.apache.hadoop.ozone.protocolPB.OzoneManagerProtocolServerSideTranslatorPB.submitRequest(OzoneManagerProtocolServerSideTranslatorPB.java:100) [hadoop-ozone-ozone-manager-0.5.0-SNAPSHOT.jar:?]
	at org.apache.hadoop.ozone.protocol.proto.OzoneManagerProtocolProtos$OzoneManagerService$2.callBlockingMethod(OzoneManagerProtocolProtos.java) [hadoop-ozone-common-0.5.0-SNAPSHOT.jar:?]
	at org.apache.hadoop.ipc.ProtobufRpcEngine$Server$ProtoBufRpcInvoker.call(ProtobufRpcEngine.java:524) [hadoop-common-3.2.0.jar:?]
	at org.apache.hadoop.ipc.RPC$Server.call(RPC.java:1025) [hadoop-common-3.2.0.jar:?]
	at org.apache.hadoop.ipc.Server$RpcCall.run(Server.java:876) [hadoop-common-3.2.0.jar:?]
	at org.apache.hadoop.ipc.Server$RpcCall.run(Server.java:822) [hadoop-common-3.2.0.jar:?]
	at java.security.AccessController.doPrivileged(Native Method) [?:1.8.0_222]
	at javax.security.auth.Subject.doAs(Subject.java:422) [?:1.8.0_222]
	at org.apache.hadoop.security.UserGroupInformation.doAs(UserGroupInformation.java:1730) [hadoop-common-3.2.0.jar:?]
	at org.apache.hadoop.ipc.Server$Handler.run(Server.java:2682) [hadoop-common-3.2.0.jar:?]
2019-11-07 15:46:03,678 [LocalJobRunner Map Task Executor #0] INFO  mapred.RetriableFileCopyCommand (RetriableFileCopyCommand.java:getTmpFile(260)) - Creating temp file: o3fs://bucket46774.volume97672/test/ITestOzoneContractDistCp/testUpdateDeepDirectoryStructureToRemote/remote/outputDir/.distcp.tmp.attempt_local331500791_0007_m_000008_0
15:46:03.764 [IPC Server handler 3 on 35423] ERROR OMAudit - user=jenkins1000 | ip=127.0.0.1 | op=GET_FILE_STATUS {volume=volume97672, bucket=bucket46774, key=test/ITestOzoneContractDistCp/testUpdateDeepDirectoryStructureToRemote/remote/outputDir/inputDir/file1, dataSize=0, replicationType=null, replicationFactor=null, keyLocationInfo=null} | ret=FAILURE
org.apache.hadoop.ozone.om.exceptions.OMException: Unable to get file status: volume: volume97672 bucket: bucket46774 key: test/ITestOzoneContractDistCp/testUpdateDeepDirectoryStructureToRemote/remote/outputDir/inputDir/file1
	at org.apache.hadoop.ozone.om.KeyManagerImpl.getFileStatus(KeyManagerImpl.java:1784) ~[hadoop-ozone-ozone-manager-0.5.0-SNAPSHOT.jar:?]
	at org.apache.hadoop.ozone.om.OzoneManager.getFileStatus(OzoneManager.java:2762) ~[hadoop-ozone-ozone-manager-0.5.0-SNAPSHOT.jar:?]
	at org.apache.hadoop.ozone.protocolPB.OzoneManagerRequestHandler.getOzoneFileStatus(OzoneManagerRequestHandler.java:1053) ~[hadoop-ozone-ozone-manager-0.5.0-SNAPSHOT.jar:?]
	at org.apache.hadoop.ozone.protocolPB.OzoneManagerRequestHandler.handle(OzoneManagerRequestHandler.java:340) ~[hadoop-ozone-ozone-manager-0.5.0-SNAPSHOT.jar:?]
	at org.apache.hadoop.ozone.protocolPB.OzoneManagerProtocolServerSideTranslatorPB.submitRequestDirectlyToOM(OzoneManagerProtocolServerSideTranslatorPB.java:208) ~[hadoop-ozone-ozone-manager-0.5.0-SNAPSHOT.jar:?]
	at org.apache.hadoop.ozone.protocolPB.OzoneManagerProtocolServerSideTranslatorPB.processRequest(OzoneManagerProtocolServerSideTranslatorPB.java:132) ~[hadoop-ozone-ozone-manager-0.5.0-SNAPSHOT.jar:?]
	at org.apache.hadoop.hdds.server.OzoneProtocolMessageDispatcher.processRequest(OzoneProtocolMessageDispatcher.java:72) [hadoop-hdds-server-framework-0.5.0-SNAPSHOT.jar:?]
	at org.apache.hadoop.ozone.protocolPB.OzoneManagerProtocolServerSideTranslatorPB.submitRequest(OzoneManagerProtocolServerSideTranslatorPB.java:100) [hadoop-ozone-ozone-manager-0.5.0-SNAPSHOT.jar:?]
	at org.apache.hadoop.ozone.protocol.proto.OzoneManagerProtocolProtos$OzoneManagerService$2.callBlockingMethod(OzoneManagerProtocolProtos.java) [hadoop-ozone-common-0.5.0-SNAPSHOT.jar:?]
	at org.apache.hadoop.ipc.ProtobufRpcEngine$Server$ProtoBufRpcInvoker.call(ProtobufRpcEngine.java:524) [hadoop-common-3.2.0.jar:?]
	at org.apache.hadoop.ipc.RPC$Server.call(RPC.java:1025) [hadoop-common-3.2.0.jar:?]
	at org.apache.hadoop.ipc.Server$RpcCall.run(Server.java:876) [hadoop-common-3.2.0.jar:?]
	at org.apache.hadoop.ipc.Server$RpcCall.run(Server.java:822) [hadoop-common-3.2.0.jar:?]
	at java.security.AccessController.doPrivileged(Native Method) [?:1.8.0_222]
	at javax.security.auth.Subject.doAs(Subject.java:422) [?:1.8.0_222]
	at org.apache.hadoop.security.UserGroupInformation.doAs(UserGroupInformation.java:1730) [hadoop-common-3.2.0.jar:?]
	at org.apache.hadoop.ipc.Server$Handler.run(Server.java:2682) [hadoop-common-3.2.0.jar:?]
15:46:03.767 [IPC Server handler 12 on 35423] ERROR OMAudit - user=jenkins1000 | ip=127.0.0.1 | op=GET_FILE_STATUS {volume=volume97672, bucket=bucket46774, key=test/ITestOzoneContractDistCp/testUpdateDeepDirectoryStructureToRemote/remote/outputDir/inputDir/file1, dataSize=0, replicationType=null, replicationFactor=null, keyLocationInfo=null} | ret=FAILURE
org.apache.hadoop.ozone.om.exceptions.OMException: Unable to get file status: volume: volume97672 bucket: bucket46774 key: test/ITestOzoneContractDistCp/testUpdateDeepDirectoryStructureToRemote/remote/outputDir/inputDir/file1
	at org.apache.hadoop.ozone.om.KeyManagerImpl.getFileStatus(KeyManagerImpl.java:1784) ~[hadoop-ozone-ozone-manager-0.5.0-SNAPSHOT.jar:?]
	at org.apache.hadoop.ozone.om.OzoneManager.getFileStatus(OzoneManager.java:2762) ~[hadoop-ozone-ozone-manager-0.5.0-SNAPSHOT.jar:?]
	at org.apache.hadoop.ozone.protocolPB.OzoneManagerRequestHandler.getOzoneFileStatus(OzoneManagerRequestHandler.java:1053) ~[hadoop-ozone-ozone-manager-0.5.0-SNAPSHOT.jar:?]
	at org.apache.hadoop.ozone.protocolPB.OzoneManagerRequestHandler.handle(OzoneManagerRequestHandler.java:340) ~[hadoop-ozone-ozone-manager-0.5.0-SNAPSHOT.jar:?]
	at org.apache.hadoop.ozone.protocolPB.OzoneManagerProtocolServerSideTranslatorPB.submitRequestDirectlyToOM(OzoneManagerProtocolServerSideTranslatorPB.java:208) ~[hadoop-ozone-ozone-manager-0.5.0-SNAPSHOT.jar:?]
	at org.apache.hadoop.ozone.protocolPB.OzoneManagerProtocolServerSideTranslatorPB.processRequest(OzoneManagerProtocolServerSideTranslatorPB.java:132) ~[hadoop-ozone-ozone-manager-0.5.0-SNAPSHOT.jar:?]
	at org.apache.hadoop.hdds.server.OzoneProtocolMessageDispatcher.processRequest(OzoneProtocolMessageDispatcher.java:72) [hadoop-hdds-server-framework-0.5.0-SNAPSHOT.jar:?]
	at org.apache.hadoop.ozone.protocolPB.OzoneManagerProtocolServerSideTranslatorPB.submitRequest(OzoneManagerProtocolServerSideTranslatorPB.java:100) [hadoop-ozone-ozone-manager-0.5.0-SNAPSHOT.jar:?]
	at org.apache.hadoop.ozone.protocol.proto.OzoneManagerProtocolProtos$OzoneManagerService$2.callBlockingMethod(OzoneManagerProtocolProtos.java) [hadoop-ozone-common-0.5.0-SNAPSHOT.jar:?]
	at org.apache.hadoop.ipc.ProtobufRpcEngine$Server$ProtoBufRpcInvoker.call(ProtobufRpcEngine.java:524) [hadoop-common-3.2.0.jar:?]
	at org.apache.hadoop.ipc.RPC$Server.call(RPC.java:1025) [hadoop-common-3.2.0.jar:?]
	at org.apache.hadoop.ipc.Server$RpcCall.run(Server.java:876) [hadoop-common-3.2.0.jar:?]
	at org.apache.hadoop.ipc.Server$RpcCall.run(Server.java:822) [hadoop-common-3.2.0.jar:?]
	at java.security.AccessController.doPrivileged(Native Method) [?:1.8.0_222]
	at javax.security.auth.Subject.doAs(Subject.java:422) [?:1.8.0_222]
	at org.apache.hadoop.security.UserGroupInformation.doAs(UserGroupInformation.java:1730) [hadoop-common-3.2.0.jar:?]
	at org.apache.hadoop.ipc.Server$Handler.run(Server.java:2682) [hadoop-common-3.2.0.jar:?]
15:46:03.796 [IPC Server handler 18 on 35423] ERROR OMAudit - user=jenkins1000 | ip=127.0.0.1 | op=GET_FILE_STATUS {volume=volume97672, bucket=bucket46774, key=test/ITestOzoneContractDistCp/testUpdateDeepDirectoryStructureToRemote/remote/outputDir/.distcp.tmp.attempt_local331500791_0007_m_000008_0, dataSize=0, replicationType=null, replicationFactor=null, keyLocationInfo=null} | ret=FAILURE
org.apache.hadoop.ozone.om.exceptions.OMException: Unable to get file status: volume: volume97672 bucket: bucket46774 key: test/ITestOzoneContractDistCp/testUpdateDeepDirectoryStructureToRemote/remote/outputDir/.distcp.tmp.attempt_local331500791_0007_m_000008_0
	at org.apache.hadoop.ozone.om.KeyManagerImpl.getFileStatus(KeyManagerImpl.java:1784) ~[hadoop-ozone-ozone-manager-0.5.0-SNAPSHOT.jar:?]
	at org.apache.hadoop.ozone.om.OzoneManager.getFileStatus(OzoneManager.java:2762) ~[hadoop-ozone-ozone-manager-0.5.0-SNAPSHOT.jar:?]
	at org.apache.hadoop.ozone.protocolPB.OzoneManagerRequestHandler.getOzoneFileStatus(OzoneManagerRequestHandler.java:1053) ~[hadoop-ozone-ozone-manager-0.5.0-SNAPSHOT.jar:?]
	at org.apache.hadoop.ozone.protocolPB.OzoneManagerRequestHandler.handle(OzoneManagerRequestHandler.java:340) ~[hadoop-ozone-ozone-manager-0.5.0-SNAPSHOT.jar:?]
	at org.apache.hadoop.ozone.protocolPB.OzoneManagerProtocolServerSideTranslatorPB.submitRequestDirectlyToOM(OzoneManagerProtocolServerSideTranslatorPB.java:208) ~[hadoop-ozone-ozone-manager-0.5.0-SNAPSHOT.jar:?]
	at org.apache.hadoop.ozone.protocolPB.OzoneManagerProtocolServerSideTranslatorPB.processRequest(OzoneManagerProtocolServerSideTranslatorPB.java:132) ~[hadoop-ozone-ozone-manager-0.5.0-SNAPSHOT.jar:?]
	at org.apache.hadoop.hdds.server.OzoneProtocolMessageDispatcher.processRequest(OzoneProtocolMessageDispatcher.java:72) [hadoop-hdds-server-framework-0.5.0-SNAPSHOT.jar:?]
	at org.apache.hadoop.ozone.protocolPB.OzoneManagerProtocolServerSideTranslatorPB.submitRequest(OzoneManagerProtocolServerSideTranslatorPB.java:100) [hadoop-ozone-ozone-manager-0.5.0-SNAPSHOT.jar:?]
	at org.apache.hadoop.ozone.protocol.proto.OzoneManagerProtocolProtos$OzoneManagerService$2.callBlockingMethod(OzoneManagerProtocolProtos.java) [hadoop-ozone-common-0.5.0-SNAPSHOT.jar:?]
	at org.apache.hadoop.ipc.ProtobufRpcEngine$Server$ProtoBufRpcInvoker.call(ProtobufRpcEngine.java:524) [hadoop-common-3.2.0.jar:?]
	at org.apache.hadoop.ipc.RPC$Server.call(RPC.java:1025) [hadoop-common-3.2.0.jar:?]
	at org.apache.hadoop.ipc.Server$RpcCall.run(Server.java:876) [hadoop-common-3.2.0.jar:?]
	at org.apache.hadoop.ipc.Server$RpcCall.run(Server.java:822) [hadoop-common-3.2.0.jar:?]
	at java.security.AccessController.doPrivileged(Native Method) [?:1.8.0_222]
	at javax.security.auth.Subject.doAs(Subject.java:422) [?:1.8.0_222]
	at org.apache.hadoop.security.UserGroupInformation.doAs(UserGroupInformation.java:1730) [hadoop-common-3.2.0.jar:?]
	at org.apache.hadoop.ipc.Server$Handler.run(Server.java:2682) [hadoop-common-3.2.0.jar:?]
2019-11-07 15:46:03,797 [LocalJobRunner Map Task Executor #0] WARN  ozone.BasicOzoneFileSystem (BasicOzoneFileSystem.java:delete(444)) - delete: Path does not exist: o3fs://bucket46774.volume97672/test/ITestOzoneContractDistCp/testUpdateDeepDirectoryStructureToRemote/remote/outputDir/.distcp.tmp.attempt_local331500791_0007_m_000008_0
2019-11-07 15:46:03,798 [LocalJobRunner Map Task Executor #0] INFO  mapred.LocalJobRunner (LocalJobRunner.java:statusUpdate(634)) - 
2019-11-07 15:46:03,798 [LocalJobRunner Map Task Executor #0] INFO  mapred.Task (Task.java:done(1244)) - Task:attempt_local331500791_0007_m_000008_0 is done. And is in the process of committing
2019-11-07 15:46:03,798 [LocalJobRunner Map Task Executor #0] INFO  mapred.LocalJobRunner (LocalJobRunner.java:statusUpdate(634)) - 
2019-11-07 15:46:03,798 [LocalJobRunner Map Task Executor #0] INFO  mapred.Task (Task.java:commit(1421)) - Task attempt_local331500791_0007_m_000008_0 is allowed to commit now
2019-11-07 15:46:03,799 [LocalJobRunner Map Task Executor #0] INFO  output.FileOutputCommitter (FileOutputCommitter.java:commitTask(598)) - Saved output of task 'attempt_local331500791_0007_m_000008_0' to file:/tmp/hadoop/mapred/staging/jenkins10001546768080/.staging/_distcp-1161446647/_logs
2019-11-07 15:46:03,799 [LocalJobRunner Map Task Executor #0] INFO  mapred.LocalJobRunner (LocalJobRunner.java:statusUpdate(634)) - 100.0% Copying file:/workdir/hadoop-ozone/ozonefs/target/test-dir/ITestOzoneContractDistCp/testUpdateDeepDirectoryStructureToRemote/local/inputDir/file1 to o3fs://bucket46774.volume97672/test/ITestOzoneContractDistCp/testUpdateDeepDirectoryStructureToRemote/remote/outputDir/inputDir/file1 [100.0B/100.0B]
2019-11-07 15:46:03,800 [LocalJobRunner Map Task Executor #0] INFO  mapred.Task (Task.java:sendDone(1380)) - Task 'attempt_local331500791_0007_m_000008_0' done.
2019-11-07 15:46:03,800 [LocalJobRunner Map Task Executor #0] INFO  mapred.Task (Task.java:done(1276)) - Final Counters for attempt_local331500791_0007_m_000008_0: Counters: 24
	File System Counters
		FILE: Number of bytes read=20517581
		FILE: Number of bytes written=24695328
		FILE: Number of read operations=0
		FILE: Number of large read operations=0
		FILE: Number of write operations=0
		O3FS: Number of bytes read=0
		O3FS: Number of bytes written=18878868
		O3FS: Number of read operations=388
		O3FS: Number of large read operations=0
		O3FS: Number of write operations=81
	Map-Reduce Framework
		Map input records=1
		Map output records=0
		Input split bytes=159
		Spilled Records=0
		Failed Shuffles=0
		Merged Map outputs=0
		GC time elapsed (ms)=0
		Total committed heap usage (bytes)=1996488704
	File Input Format Counters 
		Bytes Read=3157
	File Output Format Counters 
		Bytes Written=8
	DistCp Counters
		Bandwidth in Btyes=100
		Bytes Copied=100
		Bytes Expected=100
		Files Copied=1
2019-11-07 15:46:03,800 [LocalJobRunner Map Task Executor #0] INFO  mapred.LocalJobRunner (LocalJobRunner.java:run(277)) - Finishing task: attempt_local331500791_0007_m_000008_0
2019-11-07 15:46:03,800 [Thread-1116] INFO  mapred.LocalJobRunner (LocalJobRunner.java:runTasks(486)) - map task executor complete.
2019-11-07 15:46:03,819 [Thread-1116] INFO  mapred.CopyCommitter (CopyCommitter.java:cleanup(189)) - Cleaning up temporary work folder: file:/tmp/hadoop/mapred/staging/jenkins10001546768080/.staging/_distcp-1161446647
2019-11-07 15:46:04,649 [Thread-1053] INFO  mapreduce.Job (Job.java:monitorAndPrintJob(1658)) - Job job_local331500791_0007 completed successfully
2019-11-07 15:46:04,652 [Thread-1053] INFO  mapreduce.Job (Job.java:monitorAndPrintJob(1665)) - Counters: 25
	File System Counters
		FILE: Number of bytes read=184513569
		FILE: Number of bytes written=222257664
		FILE: Number of read operations=0
		FILE: Number of large read operations=0
		FILE: Number of write operations=0
		O3FS: Number of bytes read=0
		O3FS: Number of bytes written=169908412
		O3FS: Number of read operations=3339
		O3FS: Number of large read operations=0
		O3FS: Number of write operations=699
	Map-Reduce Framework
		Map input records=11
		Map output records=0
		Input split bytes=1431
		Spilled Records=0
		Failed Shuffles=0
		Merged Map outputs=0
		GC time elapsed (ms)=0
		Total committed heap usage (bytes)=17968398336
	File Input Format Counters 
		Bytes Read=28413
	File Output Format Counters 
		Bytes Written=72
	DistCp Counters
		Bandwidth in Btyes=1500
		Bytes Copied=1500
		Bytes Expected=1500
		Files Copied=5
		DIR_COPY=6
2019-11-07 15:46:04,657 [Thread-1053] INFO  contract.AbstractContractDistCpTest (AbstractContractDistCpTest.java:lsR(437)) - Destination tree after distcp: o3fs://bucket46774.volume97672/test/ITestOzoneContractDistCp/testUpdateDeepDirectoryStructureToRemote/remote/outputDir:
2019-11-07 15:46:04,668 [Thread-1053] INFO  contract.AbstractContractDistCpTest (AbstractContractDistCpTest.java:lsR(446)) -   o3fs://bucket46774.volume97672/test/ITestOzoneContractDistCp/testUpdateDeepDirectoryStructureToRemote/remote/outputDir/inputDir/file1; type=file; length=100  o3fs://bucket46774.volume97672/test/ITestOzoneContractDistCp/testUpdateDeepDirectoryStructureToRemote/remote/outputDir/inputDir/subDir1/file2; type=file; length=200  o3fs://bucket46774.volume97672/test/ITestOzoneContractDistCp/testUpdateDeepDirectoryStructureToRemote/remote/outputDir/inputDir/subDir1/file2; type=file; length=200  o3fs://bucket46774.volume97672/test/ITestOzoneContractDistCp/testUpdateDeepDirectoryStructureToRemote/remote/outputDir/inputDir/subDir2/subDir2/file3; type=file; length=300  o3fs://bucket46774.volume97672/test/ITestOzoneContractDistCp/testUpdateDeepDirectoryStructureToRemote/remote/outputDir/inputDir/subDir2/subDir2/file3; type=file; length=300  o3fs://bucket46774.volume97672/test/ITestOzoneContractDistCp/testUpdateDeepDirectoryStructureToRemote/remote/outputDir/inputDir/subDir2/subDir2/file3; type=file; length=300  o3fs://bucket46774.volume97672/test/ITestOzoneContractDistCp/testUpdateDeepDirectoryStructureToRemote/remote/outputDir/inputDir/subDir4/subDir4/file4; type=file; length=400  o3fs://bucket46774.volume97672/test/ITestOzoneContractDistCp/testUpdateDeepDirectoryStructureToRemote/remote/outputDir/inputDir/subDir4/subDir4/file5; type=file; length=500  o3fs://bucket46774.volume97672/test/ITestOzoneContractDistCp/testUpdateDeepDirectoryStructureToRemote/remote/outputDir/inputDir/subDir4/subDir4/file4; type=file; length=400  o3fs://bucket46774.volume97672/test/ITestOzoneContractDistCp/testUpdateDeepDirectoryStructureToRemote/remote/outputDir/inputDir/subDir4/subDir4/file5; type=file; length=500  o3fs://bucket46774.volume97672/test/ITestOzoneContractDistCp/testUpdateDeepDirectoryStructureToRemote/remote/outputDir/inputDir/subDir4/subDir4/file4; type=file; length=400  o3fs://bucket46774.volume97672/test/ITestOzoneContractDistCp/testUpdateDeepDirectoryStructureToRemote/remote/outputDir/inputDir/subDir4/subDir4/file5; type=file; length=500  o3fs://bucket46774.volume97672/test/ITestOzoneContractDistCp/testUpdateDeepDirectoryStructureToRemote/remote/outputDir/inputDir/file1; type=file; length=100  o3fs://bucket46774.volume97672/test/ITestOzoneContractDistCp/testUpdateDeepDirectoryStructureToRemote/remote/outputDir/inputDir/subDir1/file2; type=file; length=200  o3fs://bucket46774.volume97672/test/ITestOzoneContractDistCp/testUpdateDeepDirectoryStructureToRemote/remote/outputDir/inputDir/subDir2/subDir2/file3; type=file; length=300  o3fs://bucket46774.volume97672/test/ITestOzoneContractDistCp/testUpdateDeepDirectoryStructureToRemote/remote/outputDir/inputDir/subDir4/subDir4/file4; type=file; length=400  o3fs://bucket46774.volume97672/test/ITestOzoneContractDistCp/testUpdateDeepDirectoryStructureToRemote/remote/outputDir/inputDir/subDir4/subDir4/file5; type=file; length=500
2019-11-07 15:46:04,714 [Thread-1053] INFO  contract.AbstractFSContractTestBase (AbstractFSContractTestBase.java:describe(255)) - Now do an incremental update with deletion of missing files
2019-11-07 15:46:04,714 [Thread-1053] INFO  contract.AbstractContractDistCpTest (AbstractContractDistCpTest.java:distCpUpdateDeepDirectoryStructure(279)) - Source directory = file:/workdir/hadoop-ozone/ozonefs/target/test-dir/ITestOzoneContractDistCp/testUpdateDeepDirectoryStructureToRemote/local/inputDir, dest=o3fs://bucket46774.volume97672/test/ITestOzoneContractDistCp/testUpdateDeepDirectoryStructureToRemote/remote/outputDir/inputDir
2019-11-07 15:46:04,726 [Thread-1053] INFO  contract.AbstractFSContractTestBase (AbstractFSContractTestBase.java:describe(255)) - 
Distcp -update from file:/workdir/hadoop-ozone/ozonefs/target/test-dir/ITestOzoneContractDistCp/testUpdateDeepDirectoryStructureToRemote/local/inputDir to o3fs://bucket46774.volume97672/test/ITestOzoneContractDistCp/testUpdateDeepDirectoryStructureToRemote/remote/outputDir/inputDir
2019-11-07 15:46:04,727 [Thread-1053] INFO  contract.AbstractContractDistCpTest (AbstractContractDistCpTest.java:lsR(437)) - Local to update: file:/workdir/hadoop-ozone/ozonefs/target/test-dir/ITestOzoneContractDistCp/testUpdateDeepDirectoryStructureToRemote/local/inputDir:
2019-11-07 15:46:04,764 [Thread-1053] INFO  contract.AbstractContractDistCpTest (AbstractContractDistCpTest.java:lsR(446)) -   file:/workdir/hadoop-ozone/ozonefs/target/test-dir/ITestOzoneContractDistCp/testUpdateDeepDirectoryStructureToRemote/local/inputDir/subDir2/subDir2/newfile1; type=file; length=0  file:/workdir/hadoop-ozone/ozonefs/target/test-dir/ITestOzoneContractDistCp/testUpdateDeepDirectoryStructureToRemote/local/inputDir/subDir1/file2; type=file; length=200
2019-11-07 15:46:04,766 [Thread-1053] INFO  contract.AbstractContractDistCpTest (AbstractContractDistCpTest.java:lsR(437)) - Remote before update: o3fs://bucket46774.volume97672/test/ITestOzoneContractDistCp/testUpdateDeepDirectoryStructureToRemote/remote/outputDir/inputDir:
2019-11-07 15:46:04,775 [Thread-1053] INFO  contract.AbstractContractDistCpTest (AbstractContractDistCpTest.java:lsR(446)) -   o3fs://bucket46774.volume97672/test/ITestOzoneContractDistCp/testUpdateDeepDirectoryStructureToRemote/remote/outputDir/inputDir/file1; type=file; length=100  o3fs://bucket46774.volume97672/test/ITestOzoneContractDistCp/testUpdateDeepDirectoryStructureToRemote/remote/outputDir/inputDir/subDir1/file2; type=file; length=200  o3fs://bucket46774.volume97672/test/ITestOzoneContractDistCp/testUpdateDeepDirectoryStructureToRemote/remote/outputDir/inputDir/subDir1/file2; type=file; length=200  o3fs://bucket46774.volume97672/test/ITestOzoneContractDistCp/testUpdateDeepDirectoryStructureToRemote/remote/outputDir/inputDir/subDir2/subDir2/file3; type=file; length=300  o3fs://bucket46774.volume97672/test/ITestOzoneContractDistCp/testUpdateDeepDirectoryStructureToRemote/remote/outputDir/inputDir/subDir2/subDir2/file3; type=file; length=300  o3fs://bucket46774.volume97672/test/ITestOzoneContractDistCp/testUpdateDeepDirectoryStructureToRemote/remote/outputDir/inputDir/subDir2/subDir2/file3; type=file; length=300  o3fs://bucket46774.volume97672/test/ITestOzoneContractDistCp/testUpdateDeepDirectoryStructureToRemote/remote/outputDir/inputDir/subDir4/subDir4/file4; type=file; length=400  o3fs://bucket46774.volume97672/test/ITestOzoneContractDistCp/testUpdateDeepDirectoryStructureToRemote/remote/outputDir/inputDir/subDir4/subDir4/file5; type=file; length=500  o3fs://bucket46774.volume97672/test/ITestOzoneContractDistCp/testUpdateDeepDirectoryStructureToRemote/remote/outputDir/inputDir/subDir4/subDir4/file4; type=file; length=400  o3fs://bucket46774.volume97672/test/ITestOzoneContractDistCp/testUpdateDeepDirectoryStructureToRemote/remote/outputDir/inputDir/subDir4/subDir4/file5; type=file; length=500  o3fs://bucket46774.volume97672/test/ITestOzoneContractDistCp/testUpdateDeepDirectoryStructureToRemote/remote/outputDir/inputDir/subDir4/subDir4/file4; type=file; length=400  o3fs://bucket46774.volume97672/test/ITestOzoneContractDistCp/testUpdateDeepDirectoryStructureToRemote/remote/outputDir/inputDir/subDir4/subDir4/file5; type=file; length=500
2019-11-07 15:46:04,799 [Thread-1053] INFO  impl.MetricsSystemImpl (MetricsSystemImpl.java:init(158)) - JobTracker metrics system started (again)
2019-11-07 15:46:04,810 [Thread-1053] INFO  impl.MetricsSystemImpl (MetricsSystemImpl.java:init(158)) - JobTracker metrics system started (again)
2019-11-07 15:46:04,878 [Thread-1053] INFO  tools.SimpleCopyListing (SimpleCopyListing.java:printStats(608)) - Paths (files+dirs) cnt = 6; dirCnt = 4
2019-11-07 15:46:04,878 [Thread-1053] INFO  tools.SimpleCopyListing (SimpleCopyListing.java:doBuildListing(402)) - Build file listing completed.
2019-11-07 15:46:04,888 [Thread-1053] INFO  tools.DistCp (CopyListing.java:buildListing(94)) - Number of paths in the copy list: 6
2019-11-07 15:46:04,896 [Thread-1053] INFO  tools.DistCp (CopyListing.java:buildListing(94)) - Number of paths in the copy list: 6
2019-11-07 15:46:04,897 [Thread-1053] INFO  impl.MetricsSystemImpl (MetricsSystemImpl.java:init(158)) - JobTracker metrics system started (again)
2019-11-07 15:46:04,905 [Thread-1053] WARN  mapreduce.JobResourceUploader (JobResourceUploader.java:uploadResourcesInternal(147)) - Hadoop command-line option parsing not performed. Implement the Tool interface and execute your application with ToolRunner to remedy this.
2019-11-07 15:46:04,949 [Thread-1053] INFO  mapreduce.JobSubmitter (JobSubmitter.java:submitJobInternal(202)) - number of splits:6
2019-11-07 15:46:04,963 [Thread-1053] INFO  Configuration.deprecation (Configuration.java:logDeprecation(1394)) - mapred.job.tracker is deprecated. Instead, use mapreduce.jobtracker.address
2019-11-07 15:46:04,972 [Thread-1053] INFO  mapreduce.JobSubmitter (JobSubmitter.java:printTokens(298)) - Submitting tokens for job: job_local975419743_0008
2019-11-07 15:46:04,972 [Thread-1053] INFO  mapreduce.JobSubmitter (JobSubmitter.java:printTokens(299)) - Executing with tokens: []
2019-11-07 15:46:05,131 [Thread-1053] INFO  mapreduce.Job (Job.java:submit(1574)) - The url to track the job: http://localhost:8080/
2019-11-07 15:46:05,132 [Thread-1053] INFO  tools.DistCp (DistCp.java:createAndSubmitJob(217)) - DistCp job-id: job_local975419743_0008
2019-11-07 15:46:05,132 [Thread-1271] INFO  mapred.LocalJobRunner (LocalJobRunner.java:createOutputCommitter(501)) - OutputCommitter set in config null
2019-11-07 15:46:05,132 [Thread-1053] INFO  mapreduce.Job (Job.java:monitorAndPrintJob(1619)) - Running job: job_local975419743_0008
2019-11-07 15:46:05,134 [Thread-1271] INFO  output.FileOutputCommitter (FileOutputCommitter.java:<init>(140)) - File Output Committer Algorithm version is 2
2019-11-07 15:46:05,134 [Thread-1271] INFO  output.FileOutputCommitter (FileOutputCommitter.java:<init>(155)) - FileOutputCommitter skip cleanup _temporary folders under output directory:false, ignore cleanup failures: false
2019-11-07 15:46:05,134 [Thread-1271] INFO  mapred.LocalJobRunner (LocalJobRunner.java:createOutputCommitter(519)) - OutputCommitter is org.apache.hadoop.tools.mapred.CopyCommitter
2019-11-07 15:46:05,165 [Thread-1271] INFO  mapred.LocalJobRunner (LocalJobRunner.java:runTasks(478)) - Waiting for map tasks
2019-11-07 15:46:05,165 [LocalJobRunner Map Task Executor #0] INFO  mapred.LocalJobRunner (LocalJobRunner.java:run(252)) - Starting task: attempt_local975419743_0008_m_000000_0
2019-11-07 15:46:05,167 [LocalJobRunner Map Task Executor #0] INFO  output.FileOutputCommitter (FileOutputCommitter.java:<init>(140)) - File Output Committer Algorithm version is 2
2019-11-07 15:46:05,167 [LocalJobRunner Map Task Executor #0] INFO  output.FileOutputCommitter (FileOutputCommitter.java:<init>(155)) - FileOutputCommitter skip cleanup _temporary folders under output directory:false, ignore cleanup failures: false
2019-11-07 15:46:05,167 [LocalJobRunner Map Task Executor #0] INFO  mapred.Task (Task.java:initialize(626)) -  Using ResourceCalculatorProcessTree : [ ]
2019-11-07 15:46:05,169 [LocalJobRunner Map Task Executor #0] INFO  mapred.MapTask (MapTask.java:runNewMapper(768)) - Processing split: file:/tmp/hadoop/mapred/staging/jenkins10001143769569/.staging/_distcp882282459/fileList.seq:0+334
2019-11-07 15:46:05,169 [LocalJobRunner Map Task Executor #0] INFO  output.FileOutputCommitter (FileOutputCommitter.java:<init>(140)) - File Output Committer Algorithm version is 2
2019-11-07 15:46:05,169 [LocalJobRunner Map Task Executor #0] INFO  output.FileOutputCommitter (FileOutputCommitter.java:<init>(155)) - FileOutputCommitter skip cleanup _temporary folders under output directory:false, ignore cleanup failures: false
2019-11-07 15:46:05,190 [LocalJobRunner Map Task Executor #0] INFO  mapred.CopyMapper (CopyMapper.java:map(154)) - Copying file:/workdir/hadoop-ozone/ozonefs/target/test-dir/ITestOzoneContractDistCp/testUpdateDeepDirectoryStructureToRemote/local/inputDir/subDir4 to o3fs://bucket46774.volume97672/test/ITestOzoneContractDistCp/testUpdateDeepDirectoryStructureToRemote/remote/outputDir/inputDir/subDir4
2019-11-07 15:46:05,224 [LocalJobRunner Map Task Executor #0] INFO  mapred.LocalJobRunner (LocalJobRunner.java:statusUpdate(634)) - 
2019-11-07 15:46:05,224 [LocalJobRunner Map Task Executor #0] INFO  mapred.Task (Task.java:done(1244)) - Task:attempt_local975419743_0008_m_000000_0 is done. And is in the process of committing
2019-11-07 15:46:05,225 [LocalJobRunner Map Task Executor #0] INFO  mapred.LocalJobRunner (LocalJobRunner.java:statusUpdate(634)) - 
2019-11-07 15:46:05,225 [LocalJobRunner Map Task Executor #0] INFO  mapred.Task (Task.java:commit(1421)) - Task attempt_local975419743_0008_m_000000_0 is allowed to commit now
2019-11-07 15:46:05,226 [LocalJobRunner Map Task Executor #0] INFO  output.FileOutputCommitter (FileOutputCommitter.java:commitTask(598)) - Saved output of task 'attempt_local975419743_0008_m_000000_0' to file:/tmp/hadoop/mapred/staging/jenkins10001143769569/.staging/_distcp882282459/_logs
2019-11-07 15:46:05,227 [LocalJobRunner Map Task Executor #0] INFO  mapred.LocalJobRunner (LocalJobRunner.java:statusUpdate(634)) - Copying file:/workdir/hadoop-ozone/ozonefs/target/test-dir/ITestOzoneContractDistCp/testUpdateDeepDirectoryStructureToRemote/local/inputDir/subDir4 to o3fs://bucket46774.volume97672/test/ITestOzoneContractDistCp/testUpdateDeepDirectoryStructureToRemote/remote/outputDir/inputDir/subDir4
2019-11-07 15:46:05,227 [LocalJobRunner Map Task Executor #0] INFO  mapred.Task (Task.java:sendDone(1380)) - Task 'attempt_local975419743_0008_m_000000_0' done.
2019-11-07 15:46:05,227 [LocalJobRunner Map Task Executor #0] INFO  mapred.Task (Task.java:done(1276)) - Final Counters for attempt_local975419743_0008_m_000000_0: Counters: 22
	File System Counters
		FILE: Number of bytes read=20712791
		FILE: Number of bytes written=25508711
		FILE: Number of read operations=0
		FILE: Number of large read operations=0
		FILE: Number of write operations=0
		O3FS: Number of bytes read=0
		O3FS: Number of bytes written=18878868
		O3FS: Number of read operations=416
		O3FS: Number of large read operations=0
		O3FS: Number of write operations=84
	Map-Reduce Framework
		Map input records=1
		Map output records=0
		Input split bytes=157
		Spilled Records=0
		Failed Shuffles=0
		Merged Map outputs=0
		GC time elapsed (ms)=0
		Total committed heap usage (bytes)=2024800256
	File Input Format Counters 
		Bytes Read=1720
	File Output Format Counters 
		Bytes Written=8
	DistCp Counters
		Bandwidth in Btyes=0
		DIR_COPY=1
2019-11-07 15:46:05,227 [LocalJobRunner Map Task Executor #0] INFO  mapred.LocalJobRunner (LocalJobRunner.java:run(277)) - Finishing task: attempt_local975419743_0008_m_000000_0
2019-11-07 15:46:05,227 [LocalJobRunner Map Task Executor #0] INFO  mapred.LocalJobRunner (LocalJobRunner.java:run(252)) - Starting task: attempt_local975419743_0008_m_000001_0
2019-11-07 15:46:05,228 [LocalJobRunner Map Task Executor #0] INFO  output.FileOutputCommitter (FileOutputCommitter.java:<init>(140)) - File Output Committer Algorithm version is 2
2019-11-07 15:46:05,228 [LocalJobRunner Map Task Executor #0] INFO  output.FileOutputCommitter (FileOutputCommitter.java:<init>(155)) - FileOutputCommitter skip cleanup _temporary folders under output directory:false, ignore cleanup failures: false
2019-11-07 15:46:05,228 [LocalJobRunner Map Task Executor #0] INFO  mapred.Task (Task.java:initialize(626)) -  Using ResourceCalculatorProcessTree : [ ]
2019-11-07 15:46:05,229 [LocalJobRunner Map Task Executor #0] INFO  mapred.MapTask (MapTask.java:runNewMapper(768)) - Processing split: file:/tmp/hadoop/mapred/staging/jenkins10001143769569/.staging/_distcp882282459/fileList.seq:606+290
2019-11-07 15:46:05,229 [LocalJobRunner Map Task Executor #0] INFO  output.FileOutputCommitter (FileOutputCommitter.java:<init>(140)) - File Output Committer Algorithm version is 2
2019-11-07 15:46:05,229 [LocalJobRunner Map Task Executor #0] INFO  output.FileOutputCommitter (FileOutputCommitter.java:<init>(155)) - FileOutputCommitter skip cleanup _temporary folders under output directory:false, ignore cleanup failures: false
2019-11-07 15:46:05,246 [LocalJobRunner Map Task Executor #0] INFO  mapred.CopyMapper (CopyMapper.java:map(154)) - Copying file:/workdir/hadoop-ozone/ozonefs/target/test-dir/ITestOzoneContractDistCp/testUpdateDeepDirectoryStructureToRemote/local/inputDir/subDir2/subDir2/newfile1 to o3fs://bucket46774.volume97672/test/ITestOzoneContractDistCp/testUpdateDeepDirectoryStructureToRemote/remote/outputDir/inputDir/subDir2/subDir2/newfile1
15:46:05.253 [IPC Server handler 17 on 35423] ERROR OMAudit - user=jenkins1000 | ip=127.0.0.1 | op=GET_FILE_STATUS {volume=volume97672, bucket=bucket46774, key=test/ITestOzoneContractDistCp/testUpdateDeepDirectoryStructureToRemote/remote/outputDir/inputDir/subDir2/subDir2/newfile1, dataSize=0, replicationType=null, replicationFactor=null, keyLocationInfo=null} | ret=FAILURE
org.apache.hadoop.ozone.om.exceptions.OMException: Unable to get file status: volume: volume97672 bucket: bucket46774 key: test/ITestOzoneContractDistCp/testUpdateDeepDirectoryStructureToRemote/remote/outputDir/inputDir/subDir2/subDir2/newfile1
	at org.apache.hadoop.ozone.om.KeyManagerImpl.getFileStatus(KeyManagerImpl.java:1784) ~[hadoop-ozone-ozone-manager-0.5.0-SNAPSHOT.jar:?]
	at org.apache.hadoop.ozone.om.OzoneManager.getFileStatus(OzoneManager.java:2762) ~[hadoop-ozone-ozone-manager-0.5.0-SNAPSHOT.jar:?]
	at org.apache.hadoop.ozone.protocolPB.OzoneManagerRequestHandler.getOzoneFileStatus(OzoneManagerRequestHandler.java:1053) ~[hadoop-ozone-ozone-manager-0.5.0-SNAPSHOT.jar:?]
	at org.apache.hadoop.ozone.protocolPB.OzoneManagerRequestHandler.handle(OzoneManagerRequestHandler.java:340) ~[hadoop-ozone-ozone-manager-0.5.0-SNAPSHOT.jar:?]
	at org.apache.hadoop.ozone.protocolPB.OzoneManagerProtocolServerSideTranslatorPB.submitRequestDirectlyToOM(OzoneManagerProtocolServerSideTranslatorPB.java:208) ~[hadoop-ozone-ozone-manager-0.5.0-SNAPSHOT.jar:?]
	at org.apache.hadoop.ozone.protocolPB.OzoneManagerProtocolServerSideTranslatorPB.processRequest(OzoneManagerProtocolServerSideTranslatorPB.java:132) ~[hadoop-ozone-ozone-manager-0.5.0-SNAPSHOT.jar:?]
	at org.apache.hadoop.hdds.server.OzoneProtocolMessageDispatcher.processRequest(OzoneProtocolMessageDispatcher.java:72) [hadoop-hdds-server-framework-0.5.0-SNAPSHOT.jar:?]
	at org.apache.hadoop.ozone.protocolPB.OzoneManagerProtocolServerSideTranslatorPB.submitRequest(OzoneManagerProtocolServerSideTranslatorPB.java:100) [hadoop-ozone-ozone-manager-0.5.0-SNAPSHOT.jar:?]
	at org.apache.hadoop.ozone.protocol.proto.OzoneManagerProtocolProtos$OzoneManagerService$2.callBlockingMethod(OzoneManagerProtocolProtos.java) [hadoop-ozone-common-0.5.0-SNAPSHOT.jar:?]
	at org.apache.hadoop.ipc.ProtobufRpcEngine$Server$ProtoBufRpcInvoker.call(ProtobufRpcEngine.java:524) [hadoop-common-3.2.0.jar:?]
	at org.apache.hadoop.ipc.RPC$Server.call(RPC.java:1025) [hadoop-common-3.2.0.jar:?]
	at org.apache.hadoop.ipc.Server$RpcCall.run(Server.java:876) [hadoop-common-3.2.0.jar:?]
	at org.apache.hadoop.ipc.Server$RpcCall.run(Server.java:822) [hadoop-common-3.2.0.jar:?]
	at java.security.AccessController.doPrivileged(Native Method) [?:1.8.0_222]
	at javax.security.auth.Subject.doAs(Subject.java:422) [?:1.8.0_222]
	at org.apache.hadoop.security.UserGroupInformation.doAs(UserGroupInformation.java:1730) [hadoop-common-3.2.0.jar:?]
	at org.apache.hadoop.ipc.Server$Handler.run(Server.java:2682) [hadoop-common-3.2.0.jar:?]
2019-11-07 15:46:05,254 [LocalJobRunner Map Task Executor #0] INFO  mapred.RetriableFileCopyCommand (RetriableFileCopyCommand.java:getTmpFile(260)) - Creating temp file: o3fs://bucket46774.volume97672/test/ITestOzoneContractDistCp/testUpdateDeepDirectoryStructureToRemote/remote/outputDir/inputDir/.distcp.tmp.attempt_local975419743_0008_m_000001_0
15:46:05.307 [IPC Server handler 18 on 35423] ERROR OMAudit - user=jenkins1000 | ip=127.0.0.1 | op=GET_FILE_STATUS {volume=volume97672, bucket=bucket46774, key=test/ITestOzoneContractDistCp/testUpdateDeepDirectoryStructureToRemote/remote/outputDir/inputDir/subDir2/subDir2/newfile1, dataSize=0, replicationType=null, replicationFactor=null, keyLocationInfo=null} | ret=FAILURE
org.apache.hadoop.ozone.om.exceptions.OMException: Unable to get file status: volume: volume97672 bucket: bucket46774 key: test/ITestOzoneContractDistCp/testUpdateDeepDirectoryStructureToRemote/remote/outputDir/inputDir/subDir2/subDir2/newfile1
	at org.apache.hadoop.ozone.om.KeyManagerImpl.getFileStatus(KeyManagerImpl.java:1784) ~[hadoop-ozone-ozone-manager-0.5.0-SNAPSHOT.jar:?]
	at org.apache.hadoop.ozone.om.OzoneManager.getFileStatus(OzoneManager.java:2762) ~[hadoop-ozone-ozone-manager-0.5.0-SNAPSHOT.jar:?]
	at org.apache.hadoop.ozone.protocolPB.OzoneManagerRequestHandler.getOzoneFileStatus(OzoneManagerRequestHandler.java:1053) ~[hadoop-ozone-ozone-manager-0.5.0-SNAPSHOT.jar:?]
	at org.apache.hadoop.ozone.protocolPB.OzoneManagerRequestHandler.handle(OzoneManagerRequestHandler.java:340) ~[hadoop-ozone-ozone-manager-0.5.0-SNAPSHOT.jar:?]
	at org.apache.hadoop.ozone.protocolPB.OzoneManagerProtocolServerSideTranslatorPB.submitRequestDirectlyToOM(OzoneManagerProtocolServerSideTranslatorPB.java:208) ~[hadoop-ozone-ozone-manager-0.5.0-SNAPSHOT.jar:?]
	at org.apache.hadoop.ozone.protocolPB.OzoneManagerProtocolServerSideTranslatorPB.processRequest(OzoneManagerProtocolServerSideTranslatorPB.java:132) ~[hadoop-ozone-ozone-manager-0.5.0-SNAPSHOT.jar:?]
	at org.apache.hadoop.hdds.server.OzoneProtocolMessageDispatcher.processRequest(OzoneProtocolMessageDispatcher.java:72) [hadoop-hdds-server-framework-0.5.0-SNAPSHOT.jar:?]
	at org.apache.hadoop.ozone.protocolPB.OzoneManagerProtocolServerSideTranslatorPB.submitRequest(OzoneManagerProtocolServerSideTranslatorPB.java:100) [hadoop-ozone-ozone-manager-0.5.0-SNAPSHOT.jar:?]
	at org.apache.hadoop.ozone.protocol.proto.OzoneManagerProtocolProtos$OzoneManagerService$2.callBlockingMethod(OzoneManagerProtocolProtos.java) [hadoop-ozone-common-0.5.0-SNAPSHOT.jar:?]
	at org.apache.hadoop.ipc.ProtobufRpcEngine$Server$ProtoBufRpcInvoker.call(ProtobufRpcEngine.java:524) [hadoop-common-3.2.0.jar:?]
	at org.apache.hadoop.ipc.RPC$Server.call(RPC.java:1025) [hadoop-common-3.2.0.jar:?]
	at org.apache.hadoop.ipc.Server$RpcCall.run(Server.java:876) [hadoop-common-3.2.0.jar:?]
	at org.apache.hadoop.ipc.Server$RpcCall.run(Server.java:822) [hadoop-common-3.2.0.jar:?]
	at java.security.AccessController.doPrivileged(Native Method) [?:1.8.0_222]
	at javax.security.auth.Subject.doAs(Subject.java:422) [?:1.8.0_222]
	at org.apache.hadoop.security.UserGroupInformation.doAs(UserGroupInformation.java:1730) [hadoop-common-3.2.0.jar:?]
	at org.apache.hadoop.ipc.Server$Handler.run(Server.java:2682) [hadoop-common-3.2.0.jar:?]
15:46:05.312 [IPC Server handler 4 on 35423] ERROR OMAudit - user=jenkins1000 | ip=127.0.0.1 | op=GET_FILE_STATUS {volume=volume97672, bucket=bucket46774, key=test/ITestOzoneContractDistCp/testUpdateDeepDirectoryStructureToRemote/remote/outputDir/inputDir/subDir2/subDir2/newfile1, dataSize=0, replicationType=null, replicationFactor=null, keyLocationInfo=null} | ret=FAILURE
org.apache.hadoop.ozone.om.exceptions.OMException: Unable to get file status: volume: volume97672 bucket: bucket46774 key: test/ITestOzoneContractDistCp/testUpdateDeepDirectoryStructureToRemote/remote/outputDir/inputDir/subDir2/subDir2/newfile1
	at org.apache.hadoop.ozone.om.KeyManagerImpl.getFileStatus(KeyManagerImpl.java:1784) ~[hadoop-ozone-ozone-manager-0.5.0-SNAPSHOT.jar:?]
	at org.apache.hadoop.ozone.om.OzoneManager.getFileStatus(OzoneManager.java:2762) ~[hadoop-ozone-ozone-manager-0.5.0-SNAPSHOT.jar:?]
	at org.apache.hadoop.ozone.protocolPB.OzoneManagerRequestHandler.getOzoneFileStatus(OzoneManagerRequestHandler.java:1053) ~[hadoop-ozone-ozone-manager-0.5.0-SNAPSHOT.jar:?]
	at org.apache.hadoop.ozone.protocolPB.OzoneManagerRequestHandler.handle(OzoneManagerRequestHandler.java:340) ~[hadoop-ozone-ozone-manager-0.5.0-SNAPSHOT.jar:?]
	at org.apache.hadoop.ozone.protocolPB.OzoneManagerProtocolServerSideTranslatorPB.submitRequestDirectlyToOM(OzoneManagerProtocolServerSideTranslatorPB.java:208) ~[hadoop-ozone-ozone-manager-0.5.0-SNAPSHOT.jar:?]
	at org.apache.hadoop.ozone.protocolPB.OzoneManagerProtocolServerSideTranslatorPB.processRequest(OzoneManagerProtocolServerSideTranslatorPB.java:132) ~[hadoop-ozone-ozone-manager-0.5.0-SNAPSHOT.jar:?]
	at org.apache.hadoop.hdds.server.OzoneProtocolMessageDispatcher.processRequest(OzoneProtocolMessageDispatcher.java:72) [hadoop-hdds-server-framework-0.5.0-SNAPSHOT.jar:?]
	at org.apache.hadoop.ozone.protocolPB.OzoneManagerProtocolServerSideTranslatorPB.submitRequest(OzoneManagerProtocolServerSideTranslatorPB.java:100) [hadoop-ozone-ozone-manager-0.5.0-SNAPSHOT.jar:?]
	at org.apache.hadoop.ozone.protocol.proto.OzoneManagerProtocolProtos$OzoneManagerService$2.callBlockingMethod(OzoneManagerProtocolProtos.java) [hadoop-ozone-common-0.5.0-SNAPSHOT.jar:?]
	at org.apache.hadoop.ipc.ProtobufRpcEngine$Server$ProtoBufRpcInvoker.call(ProtobufRpcEngine.java:524) [hadoop-common-3.2.0.jar:?]
	at org.apache.hadoop.ipc.RPC$Server.call(RPC.java:1025) [hadoop-common-3.2.0.jar:?]
	at org.apache.hadoop.ipc.Server$RpcCall.run(Server.java:876) [hadoop-common-3.2.0.jar:?]
	at org.apache.hadoop.ipc.Server$RpcCall.run(Server.java:822) [hadoop-common-3.2.0.jar:?]
	at java.security.AccessController.doPrivileged(Native Method) [?:1.8.0_222]
	at javax.security.auth.Subject.doAs(Subject.java:422) [?:1.8.0_222]
	at org.apache.hadoop.security.UserGroupInformation.doAs(UserGroupInformation.java:1730) [hadoop-common-3.2.0.jar:?]
	at org.apache.hadoop.ipc.Server$Handler.run(Server.java:2682) [hadoop-common-3.2.0.jar:?]
15:46:05.344 [IPC Server handler 2 on 35423] ERROR OMAudit - user=jenkins1000 | ip=127.0.0.1 | op=GET_FILE_STATUS {volume=volume97672, bucket=bucket46774, key=test/ITestOzoneContractDistCp/testUpdateDeepDirectoryStructureToRemote/remote/outputDir/inputDir/.distcp.tmp.attempt_local975419743_0008_m_000001_0, dataSize=0, replicationType=null, replicationFactor=null, keyLocationInfo=null} | ret=FAILURE
org.apache.hadoop.ozone.om.exceptions.OMException: Unable to get file status: volume: volume97672 bucket: bucket46774 key: test/ITestOzoneContractDistCp/testUpdateDeepDirectoryStructureToRemote/remote/outputDir/inputDir/.distcp.tmp.attempt_local975419743_0008_m_000001_0
	at org.apache.hadoop.ozone.om.KeyManagerImpl.getFileStatus(KeyManagerImpl.java:1784) ~[hadoop-ozone-ozone-manager-0.5.0-SNAPSHOT.jar:?]
	at org.apache.hadoop.ozone.om.OzoneManager.getFileStatus(OzoneManager.java:2762) ~[hadoop-ozone-ozone-manager-0.5.0-SNAPSHOT.jar:?]
	at org.apache.hadoop.ozone.protocolPB.OzoneManagerRequestHandler.getOzoneFileStatus(OzoneManagerRequestHandler.java:1053) ~[hadoop-ozone-ozone-manager-0.5.0-SNAPSHOT.jar:?]
	at org.apache.hadoop.ozone.protocolPB.OzoneManagerRequestHandler.handle(OzoneManagerRequestHandler.java:340) ~[hadoop-ozone-ozone-manager-0.5.0-SNAPSHOT.jar:?]
	at org.apache.hadoop.ozone.protocolPB.OzoneManagerProtocolServerSideTranslatorPB.submitRequestDirectlyToOM(OzoneManagerProtocolServerSideTranslatorPB.java:208) ~[hadoop-ozone-ozone-manager-0.5.0-SNAPSHOT.jar:?]
	at org.apache.hadoop.ozone.protocolPB.OzoneManagerProtocolServerSideTranslatorPB.processRequest(OzoneManagerProtocolServerSideTranslatorPB.java:132) ~[hadoop-ozone-ozone-manager-0.5.0-SNAPSHOT.jar:?]
	at org.apache.hadoop.hdds.server.OzoneProtocolMessageDispatcher.processRequest(OzoneProtocolMessageDispatcher.java:72) [hadoop-hdds-server-framework-0.5.0-SNAPSHOT.jar:?]
	at org.apache.hadoop.ozone.protocolPB.OzoneManagerProtocolServerSideTranslatorPB.submitRequest(OzoneManagerProtocolServerSideTranslatorPB.java:100) [hadoop-ozone-ozone-manager-0.5.0-SNAPSHOT.jar:?]
	at org.apache.hadoop.ozone.protocol.proto.OzoneManagerProtocolProtos$OzoneManagerService$2.callBlockingMethod(OzoneManagerProtocolProtos.java) [hadoop-ozone-common-0.5.0-SNAPSHOT.jar:?]
	at org.apache.hadoop.ipc.ProtobufRpcEngine$Server$ProtoBufRpcInvoker.call(ProtobufRpcEngine.java:524) [hadoop-common-3.2.0.jar:?]
	at org.apache.hadoop.ipc.RPC$Server.call(RPC.java:1025) [hadoop-common-3.2.0.jar:?]
	at org.apache.hadoop.ipc.Server$RpcCall.run(Server.java:876) [hadoop-common-3.2.0.jar:?]
	at org.apache.hadoop.ipc.Server$RpcCall.run(Server.java:822) [hadoop-common-3.2.0.jar:?]
	at java.security.AccessController.doPrivileged(Native Method) [?:1.8.0_222]
	at javax.security.auth.Subject.doAs(Subject.java:422) [?:1.8.0_222]
	at org.apache.hadoop.security.UserGroupInformation.doAs(UserGroupInformation.java:1730) [hadoop-common-3.2.0.jar:?]
	at org.apache.hadoop.ipc.Server$Handler.run(Server.java:2682) [hadoop-common-3.2.0.jar:?]
2019-11-07 15:46:05,345 [LocalJobRunner Map Task Executor #0] WARN  ozone.BasicOzoneFileSystem (BasicOzoneFileSystem.java:delete(444)) - delete: Path does not exist: o3fs://bucket46774.volume97672/test/ITestOzoneContractDistCp/testUpdateDeepDirectoryStructureToRemote/remote/outputDir/inputDir/.distcp.tmp.attempt_local975419743_0008_m_000001_0
2019-11-07 15:46:05,346 [LocalJobRunner Map Task Executor #0] INFO  mapred.LocalJobRunner (LocalJobRunner.java:statusUpdate(634)) - 
2019-11-07 15:46:05,346 [LocalJobRunner Map Task Executor #0] INFO  mapred.Task (Task.java:done(1244)) - Task:attempt_local975419743_0008_m_000001_0 is done. And is in the process of committing
2019-11-07 15:46:05,347 [LocalJobRunner Map Task Executor #0] INFO  mapred.LocalJobRunner (LocalJobRunner.java:statusUpdate(634)) - 
2019-11-07 15:46:05,347 [LocalJobRunner Map Task Executor #0] INFO  mapred.Task (Task.java:commit(1421)) - Task attempt_local975419743_0008_m_000001_0 is allowed to commit now
2019-11-07 15:46:05,347 [LocalJobRunner Map Task Executor #0] INFO  output.FileOutputCommitter (FileOutputCommitter.java:commitTask(598)) - Saved output of task 'attempt_local975419743_0008_m_000001_0' to file:/tmp/hadoop/mapred/staging/jenkins10001143769569/.staging/_distcp882282459/_logs
2019-11-07 15:46:05,348 [LocalJobRunner Map Task Executor #0] INFO  mapred.LocalJobRunner (LocalJobRunner.java:statusUpdate(634)) - Copying file:/workdir/hadoop-ozone/ozonefs/target/test-dir/ITestOzoneContractDistCp/testUpdateDeepDirectoryStructureToRemote/local/inputDir/subDir2/subDir2/newfile1 to o3fs://bucket46774.volume97672/test/ITestOzoneContractDistCp/testUpdateDeepDirectoryStructureToRemote/remote/outputDir/inputDir/subDir2/subDir2/newfile1
2019-11-07 15:46:05,348 [LocalJobRunner Map Task Executor #0] INFO  mapred.Task (Task.java:sendDone(1380)) - Task 'attempt_local975419743_0008_m_000001_0' done.
2019-11-07 15:46:05,348 [LocalJobRunner Map Task Executor #0] INFO  mapred.Task (Task.java:done(1276)) - Final Counters for attempt_local975419743_0008_m_000001_0: Counters: 24
	File System Counters
		FILE: Number of bytes read=20715484
		FILE: Number of bytes written=25508719
		FILE: Number of read operations=0
		FILE: Number of large read operations=0
		FILE: Number of write operations=0
		O3FS: Number of bytes read=0
		O3FS: Number of bytes written=18878868
		O3FS: Number of read operations=426
		O3FS: Number of large read operations=0
		O3FS: Number of write operations=87
	Map-Reduce Framework
		Map input records=1
		Map output records=0
		Input split bytes=157
		Spilled Records=0
		Failed Shuffles=0
		Merged Map outputs=0
		GC time elapsed (ms)=0
		Total committed heap usage (bytes)=2024800256
	File Input Format Counters 
		Bytes Read=1720
	File Output Format Counters 
		Bytes Written=8
	DistCp Counters
		Bandwidth in Btyes=0
		Bytes Copied=0
		Bytes Expected=0
		Files Copied=1
2019-11-07 15:46:05,348 [LocalJobRunner Map Task Executor #0] INFO  mapred.LocalJobRunner (LocalJobRunner.java:run(277)) - Finishing task: attempt_local975419743_0008_m_000001_0
2019-11-07 15:46:05,348 [LocalJobRunner Map Task Executor #0] INFO  mapred.LocalJobRunner (LocalJobRunner.java:run(252)) - Starting task: attempt_local975419743_0008_m_000002_0
2019-11-07 15:46:05,349 [LocalJobRunner Map Task Executor #0] INFO  output.FileOutputCommitter (FileOutputCommitter.java:<init>(140)) - File Output Committer Algorithm version is 2
2019-11-07 15:46:05,349 [LocalJobRunner Map Task Executor #0] INFO  output.FileOutputCommitter (FileOutputCommitter.java:<init>(155)) - FileOutputCommitter skip cleanup _temporary folders under output directory:false, ignore cleanup failures: false
2019-11-07 15:46:05,349 [LocalJobRunner Map Task Executor #0] INFO  mapred.Task (Task.java:initialize(626)) -  Using ResourceCalculatorProcessTree : [ ]
2019-11-07 15:46:05,350 [LocalJobRunner Map Task Executor #0] INFO  mapred.MapTask (MapTask.java:runNewMapper(768)) - Processing split: file:/tmp/hadoop/mapred/staging/jenkins10001143769569/.staging/_distcp882282459/fileList.seq:334+272
2019-11-07 15:46:05,350 [LocalJobRunner Map Task Executor #0] INFO  output.FileOutputCommitter (FileOutputCommitter.java:<init>(140)) - File Output Committer Algorithm version is 2
2019-11-07 15:46:05,350 [LocalJobRunner Map Task Executor #0] INFO  output.FileOutputCommitter (FileOutputCommitter.java:<init>(155)) - FileOutputCommitter skip cleanup _temporary folders under output directory:false, ignore cleanup failures: false
2019-11-07 15:46:05,366 [LocalJobRunner Map Task Executor #0] INFO  mapred.CopyMapper (CopyMapper.java:map(154)) - Copying file:/workdir/hadoop-ozone/ozonefs/target/test-dir/ITestOzoneContractDistCp/testUpdateDeepDirectoryStructureToRemote/local/inputDir/subDir2/subDir2 to o3fs://bucket46774.volume97672/test/ITestOzoneContractDistCp/testUpdateDeepDirectoryStructureToRemote/remote/outputDir/inputDir/subDir2/subDir2
2019-11-07 15:46:05,397 [LocalJobRunner Map Task Executor #0] INFO  mapred.LocalJobRunner (LocalJobRunner.java:statusUpdate(634)) - 
2019-11-07 15:46:05,398 [LocalJobRunner Map Task Executor #0] INFO  mapred.Task (Task.java:done(1244)) - Task:attempt_local975419743_0008_m_000002_0 is done. And is in the process of committing
2019-11-07 15:46:05,398 [LocalJobRunner Map Task Executor #0] INFO  mapred.LocalJobRunner (LocalJobRunner.java:statusUpdate(634)) - 
2019-11-07 15:46:05,399 [LocalJobRunner Map Task Executor #0] INFO  mapred.Task (Task.java:commit(1421)) - Task attempt_local975419743_0008_m_000002_0 is allowed to commit now
2019-11-07 15:46:05,400 [LocalJobRunner Map Task Executor #0] INFO  output.FileOutputCommitter (FileOutputCommitter.java:commitTask(598)) - Saved output of task 'attempt_local975419743_0008_m_000002_0' to file:/tmp/hadoop/mapred/staging/jenkins10001143769569/.staging/_distcp882282459/_logs
2019-11-07 15:46:05,400 [LocalJobRunner Map Task Executor #0] INFO  mapred.LocalJobRunner (LocalJobRunner.java:statusUpdate(634)) - Copying file:/workdir/hadoop-ozone/ozonefs/target/test-dir/ITestOzoneContractDistCp/testUpdateDeepDirectoryStructureToRemote/local/inputDir/subDir2/subDir2 to o3fs://bucket46774.volume97672/test/ITestOzoneContractDistCp/testUpdateDeepDirectoryStructureToRemote/remote/outputDir/inputDir/subDir2/subDir2
2019-11-07 15:46:05,401 [LocalJobRunner Map Task Executor #0] INFO  mapred.Task (Task.java:sendDone(1380)) - Task 'attempt_local975419743_0008_m_000002_0' done.
2019-11-07 15:46:05,401 [LocalJobRunner Map Task Executor #0] INFO  mapred.Task (Task.java:done(1276)) - Final Counters for attempt_local975419743_0008_m_000002_0: Counters: 22
	File System Counters
		FILE: Number of bytes read=20718169
		FILE: Number of bytes written=25508727
		FILE: Number of read operations=0
		FILE: Number of large read operations=0
		FILE: Number of write operations=0
		O3FS: Number of bytes read=0
		O3FS: Number of bytes written=18878868
		O3FS: Number of read operations=428
		O3FS: Number of large read operations=0
		O3FS: Number of write operations=87
	Map-Reduce Framework
		Map input records=1
		Map output records=0
		Input split bytes=157
		Spilled Records=0
		Failed Shuffles=0
		Merged Map outputs=0
		GC time elapsed (ms)=0
		Total committed heap usage (bytes)=2024800256
	File Input Format Counters 
		Bytes Read=1720
	File Output Format Counters 
		Bytes Written=8
	DistCp Counters
		Bandwidth in Btyes=0
		DIR_COPY=1
2019-11-07 15:46:05,401 [LocalJobRunner Map Task Executor #0] INFO  mapred.LocalJobRunner (LocalJobRunner.java:run(277)) - Finishing task: attempt_local975419743_0008_m_000002_0
2019-11-07 15:46:05,401 [LocalJobRunner Map Task Executor #0] INFO  mapred.LocalJobRunner (LocalJobRunner.java:run(252)) - Starting task: attempt_local975419743_0008_m_000003_0
2019-11-07 15:46:05,401 [LocalJobRunner Map Task Executor #0] INFO  output.FileOutputCommitter (FileOutputCommitter.java:<init>(140)) - File Output Committer Algorithm version is 2
2019-11-07 15:46:05,402 [LocalJobRunner Map Task Executor #0] INFO  output.FileOutputCommitter (FileOutputCommitter.java:<init>(155)) - FileOutputCommitter skip cleanup _temporary folders under output directory:false, ignore cleanup failures: false
2019-11-07 15:46:05,402 [LocalJobRunner Map Task Executor #0] INFO  mapred.Task (Task.java:initialize(626)) -  Using ResourceCalculatorProcessTree : [ ]
2019-11-07 15:46:05,403 [LocalJobRunner Map Task Executor #0] INFO  mapred.MapTask (MapTask.java:runNewMapper(768)) - Processing split: file:/tmp/hadoop/mapred/staging/jenkins10001143769569/.staging/_distcp882282459/fileList.seq:1152+268
2019-11-07 15:46:05,403 [LocalJobRunner Map Task Executor #0] INFO  output.FileOutputCommitter (FileOutputCommitter.java:<init>(140)) - File Output Committer Algorithm version is 2
2019-11-07 15:46:05,403 [LocalJobRunner Map Task Executor #0] INFO  output.FileOutputCommitter (FileOutputCommitter.java:<init>(155)) - FileOutputCommitter skip cleanup _temporary folders under output directory:false, ignore cleanup failures: false
2019-11-07 15:46:05,419 [LocalJobRunner Map Task Executor #0] INFO  mapred.CopyMapper (CopyMapper.java:map(154)) - Copying file:/workdir/hadoop-ozone/ozonefs/target/test-dir/ITestOzoneContractDistCp/testUpdateDeepDirectoryStructureToRemote/local/inputDir/subDir1/file2 to o3fs://bucket46774.volume97672/test/ITestOzoneContractDistCp/testUpdateDeepDirectoryStructureToRemote/remote/outputDir/inputDir/subDir1/file2
2019-11-07 15:46:05,426 [LocalJobRunner Map Task Executor #0] INFO  mapred.CopyMapper (CopyMapper.java:map(198)) - Skipping copy of file:/workdir/hadoop-ozone/ozonefs/target/test-dir/ITestOzoneContractDistCp/testUpdateDeepDirectoryStructureToRemote/local/inputDir/subDir1/file2 to o3fs://bucket46774.volume97672/test/ITestOzoneContractDistCp/testUpdateDeepDirectoryStructureToRemote/remote/outputDir/inputDir/subDir1/file2
2019-11-07 15:46:05,426 [LocalJobRunner Map Task Executor #0] INFO  mapred.LocalJobRunner (LocalJobRunner.java:statusUpdate(634)) - 
2019-11-07 15:46:05,426 [LocalJobRunner Map Task Executor #0] INFO  mapred.Task (Task.java:done(1244)) - Task:attempt_local975419743_0008_m_000003_0 is done. And is in the process of committing
2019-11-07 15:46:05,427 [LocalJobRunner Map Task Executor #0] INFO  mapred.LocalJobRunner (LocalJobRunner.java:statusUpdate(634)) - 
2019-11-07 15:46:05,427 [LocalJobRunner Map Task Executor #0] INFO  mapred.Task (Task.java:commit(1421)) - Task attempt_local975419743_0008_m_000003_0 is allowed to commit now
2019-11-07 15:46:05,428 [LocalJobRunner Map Task Executor #0] INFO  output.FileOutputCommitter (FileOutputCommitter.java:commitTask(598)) - Saved output of task 'attempt_local975419743_0008_m_000003_0' to file:/tmp/hadoop/mapred/staging/jenkins10001143769569/.staging/_distcp882282459/_logs
2019-11-07 15:46:05,429 [LocalJobRunner Map Task Executor #0] INFO  mapred.LocalJobRunner (LocalJobRunner.java:statusUpdate(634)) - Copying file:/workdir/hadoop-ozone/ozonefs/target/test-dir/ITestOzoneContractDistCp/testUpdateDeepDirectoryStructureToRemote/local/inputDir/subDir1/file2 to o3fs://bucket46774.volume97672/test/ITestOzoneContractDistCp/testUpdateDeepDirectoryStructureToRemote/remote/outputDir/inputDir/subDir1/file2
2019-11-07 15:46:05,429 [LocalJobRunner Map Task Executor #0] INFO  mapred.Task (Task.java:sendDone(1380)) - Task 'attempt_local975419743_0008_m_000003_0' done.
2019-11-07 15:46:05,429 [LocalJobRunner Map Task Executor #0] INFO  mapred.Task (Task.java:done(1276)) - Final Counters for attempt_local975419743_0008_m_000003_0: Counters: 23
	File System Counters
		FILE: Number of bytes read=20720854
		FILE: Number of bytes written=25508891
		FILE: Number of read operations=0
		FILE: Number of large read operations=0
		FILE: Number of write operations=0
		O3FS: Number of bytes read=0
		O3FS: Number of bytes written=18878868
		O3FS: Number of read operations=430
		O3FS: Number of large read operations=0
		O3FS: Number of write operations=87
	Map-Reduce Framework
		Map input records=1
		Map output records=1
		Input split bytes=157
		Spilled Records=0
		Failed Shuffles=0
		Merged Map outputs=0
		GC time elapsed (ms)=0
		Total committed heap usage (bytes)=2024800256
	File Input Format Counters 
		Bytes Read=1720
	File Output Format Counters 
		Bytes Written=164
	DistCp Counters
		Bandwidth in Btyes=0
		Bytes Skipped=200
		Files Skipped=1
2019-11-07 15:46:05,429 [LocalJobRunner Map Task Executor #0] INFO  mapred.LocalJobRunner (LocalJobRunner.java:run(277)) - Finishing task: attempt_local975419743_0008_m_000003_0
2019-11-07 15:46:05,429 [LocalJobRunner Map Task Executor #0] INFO  mapred.LocalJobRunner (LocalJobRunner.java:run(252)) - Starting task: attempt_local975419743_0008_m_000004_0
2019-11-07 15:46:05,430 [LocalJobRunner Map Task Executor #0] INFO  output.FileOutputCommitter (FileOutputCommitter.java:<init>(140)) - File Output Committer Algorithm version is 2
2019-11-07 15:46:05,430 [LocalJobRunner Map Task Executor #0] INFO  output.FileOutputCommitter (FileOutputCommitter.java:<init>(155)) - FileOutputCommitter skip cleanup _temporary folders under output directory:false, ignore cleanup failures: false
2019-11-07 15:46:05,430 [LocalJobRunner Map Task Executor #0] INFO  mapred.Task (Task.java:initialize(626)) -  Using ResourceCalculatorProcessTree : [ ]
2019-11-07 15:46:05,431 [LocalJobRunner Map Task Executor #0] INFO  mapred.MapTask (MapTask.java:runNewMapper(768)) - Processing split: file:/tmp/hadoop/mapred/staging/jenkins10001143769569/.staging/_distcp882282459/fileList.seq:896+256
2019-11-07 15:46:05,431 [LocalJobRunner Map Task Executor #0] INFO  output.FileOutputCommitter (FileOutputCommitter.java:<init>(140)) - File Output Committer Algorithm version is 2
2019-11-07 15:46:05,431 [LocalJobRunner Map Task Executor #0] INFO  output.FileOutputCommitter (FileOutputCommitter.java:<init>(155)) - FileOutputCommitter skip cleanup _temporary folders under output directory:false, ignore cleanup failures: false
2019-11-07 15:46:05,447 [LocalJobRunner Map Task Executor #0] INFO  mapred.CopyMapper (CopyMapper.java:map(154)) - Copying file:/workdir/hadoop-ozone/ozonefs/target/test-dir/ITestOzoneContractDistCp/testUpdateDeepDirectoryStructureToRemote/local/inputDir/subDir1 to o3fs://bucket46774.volume97672/test/ITestOzoneContractDistCp/testUpdateDeepDirectoryStructureToRemote/remote/outputDir/inputDir/subDir1
2019-11-07 15:46:05,478 [LocalJobRunner Map Task Executor #0] INFO  mapred.LocalJobRunner (LocalJobRunner.java:statusUpdate(634)) - 
2019-11-07 15:46:05,478 [LocalJobRunner Map Task Executor #0] INFO  mapred.Task (Task.java:done(1244)) - Task:attempt_local975419743_0008_m_000004_0 is done. And is in the process of committing
2019-11-07 15:46:05,479 [LocalJobRunner Map Task Executor #0] INFO  mapred.LocalJobRunner (LocalJobRunner.java:statusUpdate(634)) - 
2019-11-07 15:46:05,479 [LocalJobRunner Map Task Executor #0] INFO  mapred.Task (Task.java:commit(1421)) - Task attempt_local975419743_0008_m_000004_0 is allowed to commit now
2019-11-07 15:46:05,480 [LocalJobRunner Map Task Executor #0] INFO  output.FileOutputCommitter (FileOutputCommitter.java:commitTask(598)) - Saved output of task 'attempt_local975419743_0008_m_000004_0' to file:/tmp/hadoop/mapred/staging/jenkins10001143769569/.staging/_distcp882282459/_logs
2019-11-07 15:46:05,480 [LocalJobRunner Map Task Executor #0] INFO  mapred.LocalJobRunner (LocalJobRunner.java:statusUpdate(634)) - Copying file:/workdir/hadoop-ozone/ozonefs/target/test-dir/ITestOzoneContractDistCp/testUpdateDeepDirectoryStructureToRemote/local/inputDir/subDir1 to o3fs://bucket46774.volume97672/test/ITestOzoneContractDistCp/testUpdateDeepDirectoryStructureToRemote/remote/outputDir/inputDir/subDir1
2019-11-07 15:46:05,481 [LocalJobRunner Map Task Executor #0] INFO  mapred.Task (Task.java:sendDone(1380)) - Task 'attempt_local975419743_0008_m_000004_0' done.
2019-11-07 15:46:05,481 [LocalJobRunner Map Task Executor #0] INFO  mapred.Task (Task.java:done(1276)) - Final Counters for attempt_local975419743_0008_m_000004_0: Counters: 22
	File System Counters
		FILE: Number of bytes read=20723027
		FILE: Number of bytes written=25508899
		FILE: Number of read operations=0
		FILE: Number of large read operations=0
		FILE: Number of write operations=0
		O3FS: Number of bytes read=0
		O3FS: Number of bytes written=18878868
		O3FS: Number of read operations=432
		O3FS: Number of large read operations=0
		O3FS: Number of write operations=87
	Map-Reduce Framework
		Map input records=1
		Map output records=0
		Input split bytes=157
		Spilled Records=0
		Failed Shuffles=0
		Merged Map outputs=0
		GC time elapsed (ms)=0
		Total committed heap usage (bytes)=2024800256
	File Input Format Counters 
		Bytes Read=1720
	File Output Format Counters 
		Bytes Written=8
	DistCp Counters
		Bandwidth in Btyes=0
		DIR_COPY=1
2019-11-07 15:46:05,481 [LocalJobRunner Map Task Executor #0] INFO  mapred.LocalJobRunner (LocalJobRunner.java:run(277)) - Finishing task: attempt_local975419743_0008_m_000004_0
2019-11-07 15:46:05,481 [LocalJobRunner Map Task Executor #0] INFO  mapred.LocalJobRunner (LocalJobRunner.java:run(252)) - Starting task: attempt_local975419743_0008_m_000005_0
2019-11-07 15:46:05,481 [LocalJobRunner Map Task Executor #0] INFO  output.FileOutputCommitter (FileOutputCommitter.java:<init>(140)) - File Output Committer Algorithm version is 2
2019-11-07 15:46:05,482 [LocalJobRunner Map Task Executor #0] INFO  output.FileOutputCommitter (FileOutputCommitter.java:<init>(155)) - FileOutputCommitter skip cleanup _temporary folders under output directory:false, ignore cleanup failures: false
2019-11-07 15:46:05,482 [LocalJobRunner Map Task Executor #0] INFO  mapred.Task (Task.java:initialize(626)) -  Using ResourceCalculatorProcessTree : [ ]
2019-11-07 15:46:05,483 [LocalJobRunner Map Task Executor #0] INFO  mapred.MapTask (MapTask.java:runNewMapper(768)) - Processing split: file:/tmp/hadoop/mapred/staging/jenkins10001143769569/.staging/_distcp882282459/fileList.seq:1420+256
2019-11-07 15:46:05,483 [LocalJobRunner Map Task Executor #0] INFO  output.FileOutputCommitter (FileOutputCommitter.java:<init>(140)) - File Output Committer Algorithm version is 2
2019-11-07 15:46:05,483 [LocalJobRunner Map Task Executor #0] INFO  output.FileOutputCommitter (FileOutputCommitter.java:<init>(155)) - FileOutputCommitter skip cleanup _temporary folders under output directory:false, ignore cleanup failures: false
2019-11-07 15:46:05,506 [LocalJobRunner Map Task Executor #0] INFO  mapred.CopyMapper (CopyMapper.java:map(154)) - Copying file:/workdir/hadoop-ozone/ozonefs/target/test-dir/ITestOzoneContractDistCp/testUpdateDeepDirectoryStructureToRemote/local/inputDir/subDir2 to o3fs://bucket46774.volume97672/test/ITestOzoneContractDistCp/testUpdateDeepDirectoryStructureToRemote/remote/outputDir/inputDir/subDir2
2019-11-07 15:46:05,538 [LocalJobRunner Map Task Executor #0] INFO  mapred.LocalJobRunner (LocalJobRunner.java:statusUpdate(634)) - 
2019-11-07 15:46:05,539 [LocalJobRunner Map Task Executor #0] INFO  mapred.Task (Task.java:done(1244)) - Task:attempt_local975419743_0008_m_000005_0 is done. And is in the process of committing
2019-11-07 15:46:05,539 [LocalJobRunner Map Task Executor #0] INFO  mapred.LocalJobRunner (LocalJobRunner.java:statusUpdate(634)) - 
2019-11-07 15:46:05,540 [LocalJobRunner Map Task Executor #0] INFO  mapred.Task (Task.java:commit(1421)) - Task attempt_local975419743_0008_m_000005_0 is allowed to commit now
2019-11-07 15:46:05,541 [LocalJobRunner Map Task Executor #0] INFO  output.FileOutputCommitter (FileOutputCommitter.java:commitTask(598)) - Saved output of task 'attempt_local975419743_0008_m_000005_0' to file:/tmp/hadoop/mapred/staging/jenkins10001143769569/.staging/_distcp882282459/_logs
2019-11-07 15:46:05,542 [LocalJobRunner Map Task Executor #0] INFO  mapred.LocalJobRunner (LocalJobRunner.java:statusUpdate(634)) - Copying file:/workdir/hadoop-ozone/ozonefs/target/test-dir/ITestOzoneContractDistCp/testUpdateDeepDirectoryStructureToRemote/local/inputDir/subDir2 to o3fs://bucket46774.volume97672/test/ITestOzoneContractDistCp/testUpdateDeepDirectoryStructureToRemote/remote/outputDir/inputDir/subDir2
2019-11-07 15:46:05,542 [LocalJobRunner Map Task Executor #0] INFO  mapred.Task (Task.java:sendDone(1380)) - Task 'attempt_local975419743_0008_m_000005_0' done.
2019-11-07 15:46:05,542 [LocalJobRunner Map Task Executor #0] INFO  mapred.Task (Task.java:done(1276)) - Final Counters for attempt_local975419743_0008_m_000005_0: Counters: 22
	File System Counters
		FILE: Number of bytes read=20725200
		FILE: Number of bytes written=25508907
		FILE: Number of read operations=0
		FILE: Number of large read operations=0
		FILE: Number of write operations=0
		O3FS: Number of bytes read=0
		O3FS: Number of bytes written=18878868
		O3FS: Number of read operations=434
		O3FS: Number of large read operations=0
		O3FS: Number of write operations=87
	Map-Reduce Framework
		Map input records=1
		Map output records=0
		Input split bytes=157
		Spilled Records=0
		Failed Shuffles=0
		Merged Map outputs=0
		GC time elapsed (ms)=0
		Total committed heap usage (bytes)=2024800256
	File Input Format Counters 
		Bytes Read=1720
	File Output Format Counters 
		Bytes Written=8
	DistCp Counters
		Bandwidth in Btyes=0
		DIR_COPY=1
2019-11-07 15:46:05,542 [LocalJobRunner Map Task Executor #0] INFO  mapred.LocalJobRunner (LocalJobRunner.java:run(277)) - Finishing task: attempt_local975419743_0008_m_000005_0
2019-11-07 15:46:05,542 [Thread-1271] INFO  mapred.LocalJobRunner (LocalJobRunner.java:runTasks(486)) - map task executor complete.
2019-11-07 15:46:05,562 [Thread-1271] INFO  mapred.CopyCommitter (CopyCommitter.java:deleteMissing(393)) - -delete option is enabled. About to remove entries from target that are missing in source
2019-11-07 15:46:05,571 [Thread-1271] INFO  mapred.CopyCommitter (CopyCommitter.java:deleteMissing(402)) - Source listing completed in 0:00:00.009
2019-11-07 15:46:05,572 [Thread-1271] INFO  mapred.CopyCommitter (CopyCommitter.java:listTargetFiles(560)) - Scanning destination directory o3fs://bucket46774.volume97672/test/ITestOzoneContractDistCp/testUpdateDeepDirectoryStructureToRemote/remote/outputDir/inputDir with thread count: 40
15:46:05.574 [IPC Server handler 0 on 35423] ERROR OMAudit - user=jenkins1000 | ip=127.0.0.1 | op=GET_FILE_STATUS {volume=volume97672, bucket=bucket46774, key=NONE, dataSize=0, replicationType=null, replicationFactor=null, keyLocationInfo=null} | ret=FAILURE
org.apache.hadoop.ozone.om.exceptions.OMException: Unable to get file status: volume: volume97672 bucket: bucket46774 key: NONE
	at org.apache.hadoop.ozone.om.KeyManagerImpl.getFileStatus(KeyManagerImpl.java:1784) ~[hadoop-ozone-ozone-manager-0.5.0-SNAPSHOT.jar:?]
	at org.apache.hadoop.ozone.om.OzoneManager.getFileStatus(OzoneManager.java:2762) ~[hadoop-ozone-ozone-manager-0.5.0-SNAPSHOT.jar:?]
	at org.apache.hadoop.ozone.protocolPB.OzoneManagerRequestHandler.getOzoneFileStatus(OzoneManagerRequestHandler.java:1053) ~[hadoop-ozone-ozone-manager-0.5.0-SNAPSHOT.jar:?]
	at org.apache.hadoop.ozone.protocolPB.OzoneManagerRequestHandler.handle(OzoneManagerRequestHandler.java:340) ~[hadoop-ozone-ozone-manager-0.5.0-SNAPSHOT.jar:?]
	at org.apache.hadoop.ozone.protocolPB.OzoneManagerProtocolServerSideTranslatorPB.submitRequestDirectlyToOM(OzoneManagerProtocolServerSideTranslatorPB.java:208) ~[hadoop-ozone-ozone-manager-0.5.0-SNAPSHOT.jar:?]
	at org.apache.hadoop.ozone.protocolPB.OzoneManagerProtocolServerSideTranslatorPB.processRequest(OzoneManagerProtocolServerSideTranslatorPB.java:132) ~[hadoop-ozone-ozone-manager-0.5.0-SNAPSHOT.jar:?]
	at org.apache.hadoop.hdds.server.OzoneProtocolMessageDispatcher.processRequest(OzoneProtocolMessageDispatcher.java:72) [hadoop-hdds-server-framework-0.5.0-SNAPSHOT.jar:?]
	at org.apache.hadoop.ozone.protocolPB.OzoneManagerProtocolServerSideTranslatorPB.submitRequest(OzoneManagerProtocolServerSideTranslatorPB.java:100) [hadoop-ozone-ozone-manager-0.5.0-SNAPSHOT.jar:?]
	at org.apache.hadoop.ozone.protocol.proto.OzoneManagerProtocolProtos$OzoneManagerService$2.callBlockingMethod(OzoneManagerProtocolProtos.java) [hadoop-ozone-common-0.5.0-SNAPSHOT.jar:?]
	at org.apache.hadoop.ipc.ProtobufRpcEngine$Server$ProtoBufRpcInvoker.call(ProtobufRpcEngine.java:524) [hadoop-common-3.2.0.jar:?]
	at org.apache.hadoop.ipc.RPC$Server.call(RPC.java:1025) [hadoop-common-3.2.0.jar:?]
	at org.apache.hadoop.ipc.Server$RpcCall.run(Server.java:876) [hadoop-common-3.2.0.jar:?]
	at org.apache.hadoop.ipc.Server$RpcCall.run(Server.java:822) [hadoop-common-3.2.0.jar:?]
	at java.security.AccessController.doPrivileged(Native Method) [?:1.8.0_222]
	at javax.security.auth.Subject.doAs(Subject.java:422) [?:1.8.0_222]
	at org.apache.hadoop.security.UserGroupInformation.doAs(UserGroupInformation.java:1730) [hadoop-common-3.2.0.jar:?]
	at org.apache.hadoop.ipc.Server$Handler.run(Server.java:2682) [hadoop-common-3.2.0.jar:?]
2019-11-07 15:46:05,595 [Thread-1271] INFO  tools.SimpleCopyListing (SimpleCopyListing.java:printStats(608)) - Paths (files+dirs) cnt = 20; dirCnt = 5
2019-11-07 15:46:05,595 [Thread-1271] INFO  tools.SimpleCopyListing (SimpleCopyListing.java:doBuildListing(402)) - Build file listing completed.
2019-11-07 15:46:05,604 [Thread-1271] INFO  mapred.CopyCommitter (CopyCommitter.java:cleanup(189)) - Cleaning up temporary work folder: file:/tmp/hadoop/mapred/staging/jenkins10001143769569/.staging/_distcp882282459
2019-11-07 15:46:05,611 [Thread-1271] INFO  mapred.CopyCommitter (CopyCommitter.java:cleanup(189)) - Cleaning up temporary work folder: file:/tmp/hadoop/mapred/staging/jenkins10001143769569/.staging/_distcp882282459
2019-11-07 15:46:05,611 [Thread-1271] WARN  mapred.LocalJobRunner (LocalJobRunner.java:run(590)) - job_local975419743_0008
org.apache.hadoop.tools.CopyListing$DuplicateFileException: File o3fs://bucket46774.volume97672/test/ITestOzoneContractDistCp/testUpdateDeepDirectoryStructureToRemote/remote/outputDir/inputDir/subDir1/file2 and o3fs://bucket46774.volume97672/test/ITestOzoneContractDistCp/testUpdateDeepDirectoryStructureToRemote/remote/outputDir/inputDir/subDir1/file2 would cause duplicates. Aborting
	at org.apache.hadoop.tools.CopyListing.validateFinalListing(CopyListing.java:175)
	at org.apache.hadoop.tools.CopyListing.buildListing(CopyListing.java:93)
	at org.apache.hadoop.tools.GlobbedCopyListing.doBuildListing(GlobbedCopyListing.java:89)
	at org.apache.hadoop.tools.CopyListing.buildListing(CopyListing.java:86)
	at org.apache.hadoop.tools.mapred.CopyCommitter.listTargetFiles(CopyCommitter.java:570)
	at org.apache.hadoop.tools.mapred.CopyCommitter.deleteMissing(CopyCommitter.java:409)
	at org.apache.hadoop.tools.mapred.CopyCommitter.commitJob(CopyCommitter.java:121)
	at org.apache.hadoop.mapred.LocalJobRunner$Job.run(LocalJobRunner.java:567)
2019-11-07 15:46:06,134 [Thread-1053] INFO  mapreduce.Job (Job.java:monitorAndPrintJob(1640)) - Job job_local975419743_0008 running in uber mode : false
2019-11-07 15:46:06,135 [Thread-1053] INFO  mapreduce.Job (Job.java:monitorAndPrintJob(1647)) -  map 100% reduce 0%
2019-11-07 15:46:06,135 [Thread-1053] INFO  mapreduce.Job (Job.java:monitorAndPrintJob(1660)) - Job job_local975419743_0008 failed with state FAILED due to: NA
2019-11-07 15:46:06,139 [Thread-1053] INFO  mapreduce.Job (Job.java:monitorAndPrintJob(1665)) - Counters: 27
	File System Counters
		FILE: Number of bytes read=124315525
		FILE: Number of bytes written=153052854
		FILE: Number of read operations=0
		FILE: Number of large read operations=0
		FILE: Number of write operations=0
		O3FS: Number of bytes read=0
		O3FS: Number of bytes written=113273208
		O3FS: Number of read operations=2566
		O3FS: Number of large read operations=0
		O3FS: Number of write operations=519
	Map-Reduce Framework
		Map input records=6
		Map output records=1
		Input split bytes=942
		Spilled Records=0
		Failed Shuffles=0
		Merged Map outputs=0
		GC time elapsed (ms)=0
		Total committed heap usage (bytes)=12148801536
	File Input Format Counters 
		Bytes Read=10320
	File Output Format Counters 
		Bytes Written=204
	DistCp Counters
		Bandwidth in Btyes=0
		Bytes Copied=0
		Bytes Expected=0
		Bytes Skipped=200
		Files Copied=1
		DIR_COPY=4
		Files Skipped=1
]]></system-out>
  </testcase>
  <testcase name="testDeepDirectoryStructureFromRemote" classname="org.apache.hadoop.fs.ozone.contract.ITestOzoneContractDistCp" time="2.446"/>
</testsuite>