<?xml version="1.0" encoding="UTF-8"?>
<testsuite xmlns:xsi="http://www.w3.org/2001/XMLSchema-instance" xsi:noNamespaceSchemaLocation="https://maven.apache.org/surefire/maven-surefire-plugin/xsd/surefire-test-report.xsd" name="org.apache.hadoop.ozone.scm.TestSCMContainerPlacementPolicyMetrics" time="82.192" tests="1" errors="1" skipped="0" failures="0">
  <properties>
    <property name="awt.toolkit" value="sun.awt.X11.XToolkit"/>
    <property name="file.encoding.pkg" value="sun.io"/>
    <property name="java.specification.version" value="1.8"/>
    <property name="sun.cpu.isalist" value=""/>
    <property name="sun.jnu.encoding" value="ANSI_X3.4-1968"/>
    <property name="java.class.path" value="/workdir/hadoop-ozone/integration-test/target/test-classes:/workdir/hadoop-ozone/integration-test/target/classes:/home/user/.m2/repository/org/apache/hadoop/hadoop-ozone-common/0.5.0-SNAPSHOT/hadoop-ozone-common-0.5.0-SNAPSHOT.jar:/home/user/.m2/repository/org/apache/commons/commons-compress/1.4.1/commons-compress-1.4.1.jar:/home/user/.m2/repository/org/tukaani/xz/1.0/xz-1.0.jar:/home/user/.m2/repository/org/apache/hadoop/hadoop-common/3.2.0/hadoop-common-3.2.0.jar:/home/user/.m2/repository/org/apache/hadoop/hadoop-hdfs/3.2.0/hadoop-hdfs-3.2.0.jar:/home/user/.m2/repository/org/apache/hadoop/hadoop-hdfs-client/3.2.0/hadoop-hdfs-client-3.2.0.jar:/home/user/.m2/repository/com/fasterxml/jackson/core/jackson-annotations/2.9.9/jackson-annotations-2.9.9.jar:/home/user/.m2/repository/org/apache/hadoop/hadoop-hdds-common/0.5.0-SNAPSHOT/hadoop-hdds-common-0.5.0-SNAPSHOT.jar:/home/user/.m2/repository/javax/annotation/javax.annotation-api/1.2/javax.annotation-api-1.2.jar:/home/user/.m2/repository/org/apache/ratis/ratis-server/0.5.0-d6d58d0-SNAPSHOT/ratis-server-0.5.0-d6d58d0-SNAPSHOT.jar:/home/user/.m2/repository/org/apache/ratis/ratis-thirdparty-misc/0.2.0/ratis-thirdparty-misc-0.2.0.jar:/home/user/.m2/repository/org/apache/ratis/ratis-proto/0.5.0-d6d58d0-SNAPSHOT/ratis-proto-0.5.0-d6d58d0-SNAPSHOT.jar:/home/user/.m2/repository/org/apache/ratis/ratis-common/0.5.0-d6d58d0-SNAPSHOT/ratis-common-0.5.0-d6d58d0-SNAPSHOT.jar:/home/user/.m2/repository/org/apache/ratis/ratis-client/0.5.0-d6d58d0-SNAPSHOT/ratis-client-0.5.0-d6d58d0-SNAPSHOT.jar:/home/user/.m2/repository/org/apache/ratis/ratis-metrics/0.5.0-d6d58d0-SNAPSHOT/ratis-metrics-0.5.0-d6d58d0-SNAPSHOT.jar:/home/user/.m2/repository/org/apache/ratis/ratis-netty/0.5.0-d6d58d0-SNAPSHOT/ratis-netty-0.5.0-d6d58d0-SNAPSHOT.jar:/home/user/.m2/repository/org/apache/ratis/ratis-grpc/0.5.0-d6d58d0-SNAPSHOT/ratis-grpc-0.5.0-d6d58d0-SNAPSHOT.jar:/home/user/.m2/repository/org/rocksdb/rocksdbjni/6.0.1/rocksdbjni-6.0.1.jar:/home/user/.m2/repository/org/apache/logging/log4j/log4j-api/2.11.0/log4j-api-2.11.0.jar:/home/user/.m2/repository/org/apache/logging/log4j/log4j-core/2.11.0/log4j-core-2.11.0.jar:/home/user/.m2/repository/com/lmax/disruptor/3.4.2/disruptor-3.4.2.jar:/home/user/.m2/repository/org/apache/commons/commons-pool2/2.6.0/commons-pool2-2.6.0.jar:/home/user/.m2/repository/org/bouncycastle/bcpkix-jdk15on/1.60/bcpkix-jdk15on-1.60.jar:/home/user/.m2/repository/commons-validator/commons-validator/1.6/commons-validator-1.6.jar:/home/user/.m2/repository/commons-digester/commons-digester/1.8.1/commons-digester-1.8.1.jar:/home/user/.m2/repository/io/jaegertracing/jaeger-client/0.34.0/jaeger-client-0.34.0.jar:/home/user/.m2/repository/io/jaegertracing/jaeger-thrift/0.34.0/jaeger-thrift-0.34.0.jar:/home/user/.m2/repository/org/apache/thrift/libthrift/0.12.0/libthrift-0.12.0.jar:/home/user/.m2/repository/com/squareup/okhttp3/okhttp/3.9.0/okhttp-3.9.0.jar:/home/user/.m2/repository/com/squareup/okio/okio/1.13.0/okio-1.13.0.jar:/home/user/.m2/repository/io/jaegertracing/jaeger-core/0.34.0/jaeger-core-0.34.0.jar:/home/user/.m2/repository/io/jaegertracing/jaeger-tracerresolver/0.34.0/jaeger-tracerresolver-0.34.0.jar:/home/user/.m2/repository/io/opentracing/contrib/opentracing-tracerresolver/0.1.5/opentracing-tracerresolver-0.1.5.jar:/home/user/.m2/repository/io/opentracing/opentracing-util/0.31.0/opentracing-util-0.31.0.jar:/home/user/.m2/repository/io/opentracing/opentracing-api/0.31.0/opentracing-api-0.31.0.jar:/home/user/.m2/repository/io/opentracing/opentracing-noop/0.31.0/opentracing-noop-0.31.0.jar:/home/user/.m2/repository/org/apache/hadoop/hadoop-hdds-server-framework/0.5.0-SNAPSHOT/hadoop-hdds-server-framework-0.5.0-SNAPSHOT.jar:/home/user/.m2/repository/org/apache/hadoop/hadoop-hdds-container-service/0.5.0-SNAPSHOT/hadoop-hdds-container-service-0.5.0-SNAPSHOT.jar:/home/user/.m2/repository/org/apache/hadoop/hadoop-hdds-client/0.5.0-SNAPSHOT/hadoop-hdds-client-0.5.0-SNAPSHOT.jar:/home/user/.m2/repository/org/apache/hadoop/hadoop-hdds-tools/0.5.0-SNAPSHOT/hadoop-hdds-tools-0.5.0-SNAPSHOT.jar:/home/user/.m2/repository/org/apache/hadoop/hadoop-hdds-server-scm/0.5.0-SNAPSHOT/hadoop-hdds-server-scm-0.5.0-SNAPSHOT.jar:/home/user/.m2/repository/org/apache/hadoop/hadoop-hdds-docs/0.5.0-SNAPSHOT/hadoop-hdds-docs-0.5.0-SNAPSHOT.jar:/home/user/.m2/repository/io/dropwizard/metrics/metrics-core/3.2.4/metrics-core-3.2.4.jar:/home/user/.m2/repository/org/hamcrest/hamcrest-all/1.3/hamcrest-all-1.3.jar:/home/user/.m2/repository/org/bouncycastle/bcprov-jdk15on/1.60/bcprov-jdk15on-1.60.jar:/home/user/.m2/repository/info/picocli/picocli/3.9.6/picocli-3.9.6.jar:/home/user/.m2/repository/com/google/protobuf/protobuf-java/2.5.0/protobuf-java-2.5.0.jar:/home/user/.m2/repository/com/google/guava/guava/11.0.2/guava-11.0.2.jar:/home/user/.m2/repository/org/apache/hadoop/hadoop-ozone-ozone-manager/0.5.0-SNAPSHOT/hadoop-ozone-ozone-manager-0.5.0-SNAPSHOT.jar:/home/user/.m2/repository/org/apache/hadoop/hadoop-minikdc/3.2.0/hadoop-minikdc-3.2.0.jar:/home/user/.m2/repository/commons-io/commons-io/2.5/commons-io-2.5.jar:/home/user/.m2/repository/org/apache/kerby/kerb-simplekdc/1.0.1/kerb-simplekdc-1.0.1.jar:/home/user/.m2/repository/org/apache/kerby/kerb-client/1.0.1/kerb-client-1.0.1.jar:/home/user/.m2/repository/org/apache/kerby/kerby-config/1.0.1/kerby-config-1.0.1.jar:/home/user/.m2/repository/org/apache/kerby/kerb-core/1.0.1/kerb-core-1.0.1.jar:/home/user/.m2/repository/org/apache/kerby/kerby-pkix/1.0.1/kerby-pkix-1.0.1.jar:/home/user/.m2/repository/org/apache/kerby/kerby-asn1/1.0.1/kerby-asn1-1.0.1.jar:/home/user/.m2/repository/org/apache/kerby/kerby-util/1.0.1/kerby-util-1.0.1.jar:/home/user/.m2/repository/org/apache/kerby/kerb-common/1.0.1/kerb-common-1.0.1.jar:/home/user/.m2/repository/org/apache/kerby/kerb-crypto/1.0.1/kerb-crypto-1.0.1.jar:/home/user/.m2/repository/org/apache/kerby/kerb-util/1.0.1/kerb-util-1.0.1.jar:/home/user/.m2/repository/org/apache/kerby/token-provider/1.0.1/token-provider-1.0.1.jar:/home/user/.m2/repository/org/apache/kerby/kerb-admin/1.0.1/kerb-admin-1.0.1.jar:/home/user/.m2/repository/org/apache/kerby/kerb-server/1.0.1/kerb-server-1.0.1.jar:/home/user/.m2/repository/org/apache/kerby/kerb-identity/1.0.1/kerb-identity-1.0.1.jar:/home/user/.m2/repository/org/apache/kerby/kerby-xdr/1.0.1/kerby-xdr-1.0.1.jar:/home/user/.m2/repository/org/slf4j/slf4j-log4j12/1.7.25/slf4j-log4j12-1.7.25.jar:/home/user/.m2/repository/org/apache/hadoop/hadoop-ozone-s3gateway/0.5.0-SNAPSHOT/hadoop-ozone-s3gateway-0.5.0-SNAPSHOT.jar:/home/user/.m2/repository/org/jboss/weld/servlet/weld-servlet/2.4.7.Final/weld-servlet-2.4.7.Final.jar:/home/user/.m2/repository/org/glassfish/jersey/containers/jersey-container-servlet-core/2.27/jersey-container-servlet-core-2.27.jar:/home/user/.m2/repository/org/glassfish/hk2/external/javax.inject/2.5.0-b42/javax.inject-2.5.0-b42.jar:/home/user/.m2/repository/org/glassfish/jersey/core/jersey-common/2.27/jersey-common-2.27.jar:/home/user/.m2/repository/org/glassfish/hk2/osgi-resource-locator/1.0.1/osgi-resource-locator-1.0.1.jar:/home/user/.m2/repository/javax/ws/rs/javax.ws.rs-api/2.1/javax.ws.rs-api-2.1.jar:/home/user/.m2/repository/org/glassfish/jersey/ext/cdi/jersey-cdi1x/2.27/jersey-cdi1x-2.27.jar:/home/user/.m2/repository/org/glassfish/jersey/inject/jersey-hk2/2.27/jersey-hk2-2.27.jar:/home/user/.m2/repository/org/glassfish/hk2/hk2-locator/2.5.0-b42/hk2-locator-2.5.0-b42.jar:/home/user/.m2/repository/org/javassist/javassist/3.22.0-CR2/javassist-3.22.0-CR2.jar:/home/user/.m2/repository/org/glassfish/hk2/hk2-api/2.5.0/hk2-api-2.5.0.jar:/home/user/.m2/repository/org/glassfish/hk2/external/jakarta.inject/2.5.0/jakarta.inject-2.5.0.jar:/home/user/.m2/repository/org/glassfish/hk2/hk2-utils/2.5.0/hk2-utils-2.5.0.jar:/home/user/.m2/repository/jakarta/annotation/jakarta.annotation-api/1.3.4/jakarta.annotation-api-1.3.4.jar:/home/user/.m2/repository/org/glassfish/hk2/external/aopalliance-repackaged/2.5.0/aopalliance-repackaged-2.5.0.jar:/home/user/.m2/repository/com/fasterxml/jackson/dataformat/jackson-dataformat-xml/2.9.0/jackson-dataformat-xml-2.9.0.jar:/home/user/.m2/repository/com/fasterxml/jackson/core/jackson-core/2.9.9/jackson-core-2.9.9.jar:/home/user/.m2/repository/com/fasterxml/jackson/module/jackson-module-jaxb-annotations/2.9.9/jackson-module-jaxb-annotations-2.9.9.jar:/home/user/.m2/repository/javax/enterprise/cdi-api/1.2/cdi-api-1.2.jar:/home/user/.m2/repository/javax/el/javax.el-api/3.0.0/javax.el-api-3.0.0.jar:/home/user/.m2/repository/javax/interceptor/javax.interceptor-api/1.2/javax.interceptor-api-1.2.jar:/home/user/.m2/repository/javax/inject/javax.inject/1/javax.inject-1.jar:/home/user/.m2/repository/com/sun/xml/bind/jaxb-impl/2.3.0.1/jaxb-impl-2.3.0.1.jar:/home/user/.m2/repository/com/sun/xml/bind/jaxb-core/2.3.0.1/jaxb-core-2.3.0.1.jar:/home/user/.m2/repository/javax/xml/bind/jaxb-api/2.3.0/jaxb-api-2.3.0.jar:/home/user/.m2/repository/javax/activation/activation/1.1.1/activation-1.1.1.jar:/home/user/.m2/repository/org/apache/hadoop/hadoop-ozone-csi/0.5.0-SNAPSHOT/hadoop-ozone-csi-0.5.0-SNAPSHOT.jar:/home/user/.m2/repository/com/google/protobuf/protobuf-java-util/3.5.1/protobuf-java-util-3.5.1.jar:/home/user/.m2/repository/org/apache/hadoop/hadoop-hdds-config/0.5.0-SNAPSHOT/hadoop-hdds-config-0.5.0-SNAPSHOT.jar:/home/user/.m2/repository/io/grpc/grpc-netty/1.17.1/grpc-netty-1.17.1.jar:/home/user/.m2/repository/io/grpc/grpc-core/1.17.1/grpc-core-1.17.1.jar:/home/user/.m2/repository/io/grpc/grpc-context/1.17.1/grpc-context-1.17.1.jar:/home/user/.m2/repository/com/google/errorprone/error_prone_annotations/2.2.0/error_prone_annotations-2.2.0.jar:/home/user/.m2/repository/org/codehaus/mojo/animal-sniffer-annotations/1.17/animal-sniffer-annotations-1.17.jar:/home/user/.m2/repository/io/opencensus/opencensus-api/0.17.0/opencensus-api-0.17.0.jar:/home/user/.m2/repository/io/opencensus/opencensus-contrib-grpc-metrics/0.17.0/opencensus-contrib-grpc-metrics-0.17.0.jar:/home/user/.m2/repository/io/netty/netty-codec-http2/4.1.30.Final/netty-codec-http2-4.1.30.Final.jar:/home/user/.m2/repository/io/netty/netty-codec-http/4.1.30.Final/netty-codec-http-4.1.30.Final.jar:/home/user/.m2/repository/io/netty/netty-codec/4.1.30.Final/netty-codec-4.1.30.Final.jar:/home/user/.m2/repository/io/netty/netty-handler/4.1.30.Final/netty-handler-4.1.30.Final.jar:/home/user/.m2/repository/io/netty/netty-handler-proxy/4.1.30.Final/netty-handler-proxy-4.1.30.Final.jar:/home/user/.m2/repository/io/netty/netty-codec-socks/4.1.30.Final/netty-codec-socks-4.1.30.Final.jar:/home/user/.m2/repository/io/netty/netty-transport-native-epoll/4.1.30.Final/netty-transport-native-epoll-4.1.30.Final.jar:/home/user/.m2/repository/io/netty/netty-common/4.1.30.Final/netty-common-4.1.30.Final.jar:/home/user/.m2/repository/io/netty/netty-buffer/4.1.30.Final/netty-buffer-4.1.30.Final.jar:/home/user/.m2/repository/io/netty/netty-transport/4.1.30.Final/netty-transport-4.1.30.Final.jar:/home/user/.m2/repository/io/netty/netty-resolver/4.1.30.Final/netty-resolver-4.1.30.Final.jar:/home/user/.m2/repository/io/netty/netty-transport-native-unix-common/4.1.30.Final/netty-transport-native-unix-common-4.1.30.Final.jar:/home/user/.m2/repository/io/grpc/grpc-protobuf/1.17.1/grpc-protobuf-1.17.1.jar:/home/user/.m2/repository/com/google/api/grpc/proto-google-common-protos/1.0.0/proto-google-common-protos-1.0.0.jar:/home/user/.m2/repository/io/grpc/grpc-protobuf-lite/1.17.1/grpc-protobuf-lite-1.17.1.jar:/home/user/.m2/repository/io/grpc/grpc-stub/1.17.1/grpc-stub-1.17.1.jar:/home/user/.m2/repository/org/apache/hadoop/hadoop-ozone-recon/0.5.0-SNAPSHOT/hadoop-ozone-recon-0.5.0-SNAPSHOT.jar:/home/user/.m2/repository/org/apache/hadoop/hadoop-ozone-reconcodegen/0.5.0-SNAPSHOT/hadoop-ozone-reconcodegen-0.5.0-SNAPSHOT.jar:/home/user/.m2/repository/com/google/inject/extensions/guice-multibindings/4.0/guice-multibindings-4.0.jar:/home/user/.m2/repository/com/google/inject/guice/4.0/guice-4.0.jar:/home/user/.m2/repository/aopalliance/aopalliance/1.0/aopalliance-1.0.jar:/home/user/.m2/repository/com/google/inject/extensions/guice-servlet/4.0/guice-servlet-4.0.jar:/home/user/.m2/repository/org/glassfish/jersey/containers/jersey-container-servlet/2.27/jersey-container-servlet-2.27.jar:/home/user/.m2/repository/org/glassfish/hk2/guice-bridge/2.5.0/guice-bridge-2.5.0.jar:/home/user/.m2/repository/org/glassfish/jersey/core/jersey-server/2.27/jersey-server-2.27.jar:/home/user/.m2/repository/org/glassfish/jersey/core/jersey-client/2.27/jersey-client-2.27.jar:/home/user/.m2/repository/org/glassfish/jersey/media/jersey-media-jaxb/2.27/jersey-media-jaxb-2.27.jar:/home/user/.m2/repository/javax/validation/validation-api/1.1.0.Final/validation-api-1.1.0.Final.jar:/home/user/.m2/repository/org/glassfish/jersey/media/jersey-media-json-jackson/2.27/jersey-media-json-jackson-2.27.jar:/home/user/.m2/repository/org/glassfish/jersey/ext/jersey-entity-filtering/2.27/jersey-entity-filtering-2.27.jar:/home/user/.m2/repository/com/google/inject/extensions/guice-assistedinject/4.0/guice-assistedinject-4.0.jar:/home/user/.m2/repository/org/jooq/jooq/3.11.10/jooq-3.11.10.jar:/home/user/.m2/repository/org/jooq/jooq-meta/3.11.10/jooq-meta-3.11.10.jar:/home/user/.m2/repository/org/jooq/jooq-codegen/3.11.10/jooq-codegen-3.11.10.jar:/home/user/.m2/repository/com/jolbox/bonecp/0.8.0.RELEASE/bonecp-0.8.0.RELEASE.jar:/home/user/.m2/repository/org/xerial/sqlite-jdbc/3.25.2/sqlite-jdbc-3.25.2.jar:/home/user/.m2/repository/org/springframework/spring-jdbc/5.1.3.RELEASE/spring-jdbc-5.1.3.RELEASE.jar:/home/user/.m2/repository/org/springframework/spring-beans/5.1.3.RELEASE/spring-beans-5.1.3.RELEASE.jar:/home/user/.m2/repository/org/springframework/spring-core/5.1.3.RELEASE/spring-core-5.1.3.RELEASE.jar:/home/user/.m2/repository/org/springframework/spring-jcl/5.1.3.RELEASE/spring-jcl-5.1.3.RELEASE.jar:/home/user/.m2/repository/org/springframework/spring-tx/5.1.3.RELEASE/spring-tx-5.1.3.RELEASE.jar:/home/user/.m2/repository/org/apache/hadoop/hadoop-ozone-client/0.5.0-SNAPSHOT/hadoop-ozone-client-0.5.0-SNAPSHOT.jar:/home/user/.m2/repository/commons-lang/commons-lang/2.6/commons-lang-2.6.jar:/home/user/.m2/repository/org/apache/hadoop/hadoop-ozone-ozone-manager/0.5.0-SNAPSHOT/hadoop-ozone-ozone-manager-0.5.0-SNAPSHOT-tests.jar:/home/user/.m2/repository/junit/junit/4.11/junit-4.11.jar:/home/user/.m2/repository/org/hamcrest/hamcrest-core/1.3/hamcrest-core-1.3.jar:/home/user/.m2/repository/org/openjdk/jmh/jmh-core/1.19/jmh-core-1.19.jar:/home/user/.m2/repository/net/sf/jopt-simple/jopt-simple/4.6/jopt-simple-4.6.jar:/home/user/.m2/repository/org/apache/commons/commons-math3/3.1.1/commons-math3-3.1.1.jar:/home/user/.m2/repository/org/openjdk/jmh/jmh-generator-annprocess/1.19/jmh-generator-annprocess-1.19.jar:/home/user/.m2/repository/org/mockito/mockito-all/1.8.5/mockito-all-1.8.5.jar:/home/user/.m2/repository/org/apache/hadoop/hadoop-kms/3.2.0/hadoop-kms-3.2.0.jar:/home/user/.m2/repository/org/apache/hadoop/hadoop-auth/3.2.0/hadoop-auth-3.2.0.jar:/home/user/.m2/repository/com/nimbusds/nimbus-jose-jwt/4.41.1/nimbus-jose-jwt-4.41.1.jar:/home/user/.m2/repository/com/github/stephenc/jcip/jcip-annotations/1.0-1/jcip-annotations-1.0-1.jar:/home/user/.m2/repository/net/minidev/json-smart/2.3/json-smart-2.3.jar:/home/user/.m2/repository/net/minidev/accessors-smart/1.2/accessors-smart-1.2.jar:/home/user/.m2/repository/org/ow2/asm/asm/5.0.4/asm-5.0.4.jar:/home/user/.m2/repository/org/apache/curator/curator-framework/2.12.0/curator-framework-2.12.0.jar:/home/user/.m2/repository/com/sun/jersey/jersey-core/1.19/jersey-core-1.19.jar:/home/user/.m2/repository/javax/ws/rs/jsr311-api/1.1.1/jsr311-api-1.1.1.jar:/home/user/.m2/repository/com/sun/jersey/jersey-server/1.19/jersey-server-1.19.jar:/home/user/.m2/repository/javax/servlet/javax.servlet-api/3.1.0/javax.servlet-api-3.1.0.jar:/home/user/.m2/repository/org/eclipse/jetty/jetty-server/9.3.25.v20180904/jetty-server-9.3.25.v20180904.jar:/home/user/.m2/repository/org/eclipse/jetty/jetty-http/9.3.25.v20180904/jetty-http-9.3.25.v20180904.jar:/home/user/.m2/repository/org/eclipse/jetty/jetty-io/9.3.25.v20180904/jetty-io-9.3.25.v20180904.jar:/home/user/.m2/repository/org/eclipse/jetty/jetty-webapp/9.3.25.v20180904/jetty-webapp-9.3.25.v20180904.jar:/home/user/.m2/repository/org/eclipse/jetty/jetty-xml/9.3.25.v20180904/jetty-xml-9.3.25.v20180904.jar:/home/user/.m2/repository/log4j/log4j/1.2.17/log4j-1.2.17.jar:/home/user/.m2/repository/org/slf4j/slf4j-api/1.7.25/slf4j-api-1.7.25.jar:/home/user/.m2/repository/org/slf4j/jul-to-slf4j/1.7.25/jul-to-slf4j-1.7.25.jar:/home/user/.m2/repository/org/eclipse/jetty/jetty-util/9.3.25.v20180904/jetty-util-9.3.25.v20180904.jar:/home/user/.m2/repository/com/fasterxml/jackson/core/jackson-databind/2.9.9/jackson-databind-2.9.9.jar:/home/user/.m2/repository/org/apache/hadoop/hadoop-kms/3.2.0/hadoop-kms-3.2.0-tests.jar:/home/user/.m2/repository/org/apache/hadoop/hadoop-hdds-server-scm/0.5.0-SNAPSHOT/hadoop-hdds-server-scm-0.5.0-SNAPSHOT-tests.jar:/home/user/.m2/repository/org/apache/hadoop/hadoop-hdds-container-service/0.5.0-SNAPSHOT/hadoop-hdds-container-service-0.5.0-SNAPSHOT-tests.jar:/home/user/.m2/repository/org/yaml/snakeyaml/1.16/snakeyaml-1.16.jar:/home/user/.m2/repository/org/apache/hadoop/hadoop-common/3.2.0/hadoop-common-3.2.0-tests.jar:/home/user/.m2/repository/org/apache/hadoop/hadoop-annotations/3.2.0/hadoop-annotations-3.2.0.jar:/usr/lib/jvm/java-1.8.0-openjdk-1.8.0.222.b10-1.el7_7.x86_64/jre/../lib/tools.jar:/home/user/.m2/repository/commons-cli/commons-cli/1.2/commons-cli-1.2.jar:/home/user/.m2/repository/org/apache/httpcomponents/httpclient/4.5.2/httpclient-4.5.2.jar:/home/user/.m2/repository/org/apache/httpcomponents/httpcore/4.4.4/httpcore-4.4.4.jar:/home/user/.m2/repository/commons-codec/commons-codec/1.11/commons-codec-1.11.jar:/home/user/.m2/repository/commons-net/commons-net/3.6/commons-net-3.6.jar:/home/user/.m2/repository/commons-collections/commons-collections/3.2.2/commons-collections-3.2.2.jar:/home/user/.m2/repository/org/eclipse/jetty/jetty-servlet/9.3.25.v20180904/jetty-servlet-9.3.25.v20180904.jar:/home/user/.m2/repository/org/eclipse/jetty/jetty-security/9.3.25.v20180904/jetty-security-9.3.25.v20180904.jar:/home/user/.m2/repository/javax/servlet/jsp/jsp-api/2.1/jsp-api-2.1.jar:/home/user/.m2/repository/com/sun/jersey/jersey-servlet/1.19/jersey-servlet-1.19.jar:/home/user/.m2/repository/com/sun/jersey/jersey-json/1.19/jersey-json-1.19.jar:/home/user/.m2/repository/org/codehaus/jettison/jettison/1.1/jettison-1.1.jar:/home/user/.m2/repository/org/codehaus/jackson/jackson-core-asl/1.9.13/jackson-core-asl-1.9.13.jar:/home/user/.m2/repository/org/codehaus/jackson/jackson-mapper-asl/1.9.13/jackson-mapper-asl-1.9.13.jar:/home/user/.m2/repository/org/codehaus/jackson/jackson-jaxrs/1.9.13/jackson-jaxrs-1.9.13.jar:/home/user/.m2/repository/org/codehaus/jackson/jackson-xc/1.9.13/jackson-xc-1.9.13.jar:/home/user/.m2/repository/commons-logging/commons-logging/1.1.3/commons-logging-1.1.3.jar:/home/user/.m2/repository/commons-beanutils/commons-beanutils/1.9.4/commons-beanutils-1.9.4.jar:/home/user/.m2/repository/org/apache/commons/commons-configuration2/2.1.1/commons-configuration2-2.1.1.jar:/home/user/.m2/repository/org/apache/commons/commons-lang3/3.7/commons-lang3-3.7.jar:/home/user/.m2/repository/org/apache/commons/commons-text/1.4/commons-text-1.4.jar:/home/user/.m2/repository/org/apache/avro/avro/1.7.7/avro-1.7.7.jar:/home/user/.m2/repository/com/thoughtworks/paranamer/paranamer/2.3/paranamer-2.3.jar:/home/user/.m2/repository/org/xerial/snappy/snappy-java/1.0.5/snappy-java-1.0.5.jar:/home/user/.m2/repository/com/google/re2j/re2j/1.1/re2j-1.1.jar:/home/user/.m2/repository/com/google/code/gson/gson/2.2.4/gson-2.2.4.jar:/home/user/.m2/repository/com/jcraft/jsch/0.1.54/jsch-0.1.54.jar:/home/user/.m2/repository/org/apache/curator/curator-client/2.12.0/curator-client-2.12.0.jar:/home/user/.m2/repository/org/apache/curator/curator-recipes/2.12.0/curator-recipes-2.12.0.jar:/home/user/.m2/repository/com/google/code/findbugs/jsr305/3.0.0/jsr305-3.0.0.jar:/home/user/.m2/repository/org/apache/htrace/htrace-core4/4.1.0-incubating/htrace-core4-4.1.0-incubating.jar:/home/user/.m2/repository/org/apache/zookeeper/zookeeper/3.4.13/zookeeper-3.4.13.jar:/home/user/.m2/repository/jline/jline/0.9.94/jline-0.9.94.jar:/home/user/.m2/repository/org/apache/yetus/audience-annotations/0.5.0/audience-annotations-0.5.0.jar:/home/user/.m2/repository/org/codehaus/woodstox/stax2-api/3.1.4/stax2-api-3.1.4.jar:/home/user/.m2/repository/com/fasterxml/woodstox/woodstox-core/5.0.3/woodstox-core-5.0.3.jar:/home/user/.m2/repository/dnsjava/dnsjava/2.1.7/dnsjava-2.1.7.jar:/home/user/.m2/repository/org/apache/hadoop/hadoop-hdfs/3.2.0/hadoop-hdfs-3.2.0-tests.jar:/home/user/.m2/repository/org/eclipse/jetty/jetty-util-ajax/9.3.25.v20180904/jetty-util-ajax-9.3.25.v20180904.jar:/home/user/.m2/repository/commons-daemon/commons-daemon/1.0.13/commons-daemon-1.0.13.jar:/home/user/.m2/repository/io/netty/netty/3.10.5.Final/netty-3.10.5.Final.jar:/home/user/.m2/repository/io/netty/netty-all/4.0.52.Final/netty-all-4.0.52.Final.jar:/home/user/.m2/repository/org/fusesource/leveldbjni/leveldbjni-all/1.8/leveldbjni-all-1.8.jar:"/>
    <property name="java.vm.vendor" value="Oracle Corporation"/>
    <property name="sun.arch.data.model" value="64"/>
    <property name="test.build.dir" value="/workdir/hadoop-ozone/integration-test/target/test-dir"/>
    <property name="test.cache.data" value=""/>
    <property name="java.vendor.url" value="http://java.oracle.com/"/>
    <property name="user.timezone" value=""/>
    <property name="java.vm.specification.version" value="1.8"/>
    <property name="os.name" value="Linux"/>
    <property name="test.build.data" value="/workdir/hadoop-ozone/integration-test/target/test-dir"/>
    <property name="user.country" value="US"/>
    <property name="sun.java.launcher" value="SUN_STANDARD"/>
    <property name="sun.boot.library.path" value="/usr/lib/jvm/java-1.8.0-openjdk-1.8.0.222.b10-1.el7_7.x86_64/jre/lib/amd64"/>
    <property name="sun.java.command" value="/workdir/hadoop-ozone/integration-test/target/surefire/surefirebooter4487344024263207865.jar /workdir/hadoop-ozone/integration-test/target/surefire 2019-11-08T13-48-52_535-jvmRun1 surefire8157226317457869524tmp surefire_363042768248471312751tmp"/>
    <property name="surefire.test.class.path" value="/workdir/hadoop-ozone/integration-test/target/test-classes:/workdir/hadoop-ozone/integration-test/target/classes:/home/user/.m2/repository/org/apache/hadoop/hadoop-ozone-common/0.5.0-SNAPSHOT/hadoop-ozone-common-0.5.0-SNAPSHOT.jar:/home/user/.m2/repository/org/apache/commons/commons-compress/1.4.1/commons-compress-1.4.1.jar:/home/user/.m2/repository/org/tukaani/xz/1.0/xz-1.0.jar:/home/user/.m2/repository/org/apache/hadoop/hadoop-common/3.2.0/hadoop-common-3.2.0.jar:/home/user/.m2/repository/org/apache/hadoop/hadoop-hdfs/3.2.0/hadoop-hdfs-3.2.0.jar:/home/user/.m2/repository/org/apache/hadoop/hadoop-hdfs-client/3.2.0/hadoop-hdfs-client-3.2.0.jar:/home/user/.m2/repository/com/fasterxml/jackson/core/jackson-annotations/2.9.9/jackson-annotations-2.9.9.jar:/home/user/.m2/repository/org/apache/hadoop/hadoop-hdds-common/0.5.0-SNAPSHOT/hadoop-hdds-common-0.5.0-SNAPSHOT.jar:/home/user/.m2/repository/javax/annotation/javax.annotation-api/1.2/javax.annotation-api-1.2.jar:/home/user/.m2/repository/org/apache/ratis/ratis-server/0.5.0-d6d58d0-SNAPSHOT/ratis-server-0.5.0-d6d58d0-SNAPSHOT.jar:/home/user/.m2/repository/org/apache/ratis/ratis-thirdparty-misc/0.2.0/ratis-thirdparty-misc-0.2.0.jar:/home/user/.m2/repository/org/apache/ratis/ratis-proto/0.5.0-d6d58d0-SNAPSHOT/ratis-proto-0.5.0-d6d58d0-SNAPSHOT.jar:/home/user/.m2/repository/org/apache/ratis/ratis-common/0.5.0-d6d58d0-SNAPSHOT/ratis-common-0.5.0-d6d58d0-SNAPSHOT.jar:/home/user/.m2/repository/org/apache/ratis/ratis-client/0.5.0-d6d58d0-SNAPSHOT/ratis-client-0.5.0-d6d58d0-SNAPSHOT.jar:/home/user/.m2/repository/org/apache/ratis/ratis-metrics/0.5.0-d6d58d0-SNAPSHOT/ratis-metrics-0.5.0-d6d58d0-SNAPSHOT.jar:/home/user/.m2/repository/org/apache/ratis/ratis-netty/0.5.0-d6d58d0-SNAPSHOT/ratis-netty-0.5.0-d6d58d0-SNAPSHOT.jar:/home/user/.m2/repository/org/apache/ratis/ratis-grpc/0.5.0-d6d58d0-SNAPSHOT/ratis-grpc-0.5.0-d6d58d0-SNAPSHOT.jar:/home/user/.m2/repository/org/rocksdb/rocksdbjni/6.0.1/rocksdbjni-6.0.1.jar:/home/user/.m2/repository/org/apache/logging/log4j/log4j-api/2.11.0/log4j-api-2.11.0.jar:/home/user/.m2/repository/org/apache/logging/log4j/log4j-core/2.11.0/log4j-core-2.11.0.jar:/home/user/.m2/repository/com/lmax/disruptor/3.4.2/disruptor-3.4.2.jar:/home/user/.m2/repository/org/apache/commons/commons-pool2/2.6.0/commons-pool2-2.6.0.jar:/home/user/.m2/repository/org/bouncycastle/bcpkix-jdk15on/1.60/bcpkix-jdk15on-1.60.jar:/home/user/.m2/repository/commons-validator/commons-validator/1.6/commons-validator-1.6.jar:/home/user/.m2/repository/commons-digester/commons-digester/1.8.1/commons-digester-1.8.1.jar:/home/user/.m2/repository/io/jaegertracing/jaeger-client/0.34.0/jaeger-client-0.34.0.jar:/home/user/.m2/repository/io/jaegertracing/jaeger-thrift/0.34.0/jaeger-thrift-0.34.0.jar:/home/user/.m2/repository/org/apache/thrift/libthrift/0.12.0/libthrift-0.12.0.jar:/home/user/.m2/repository/com/squareup/okhttp3/okhttp/3.9.0/okhttp-3.9.0.jar:/home/user/.m2/repository/com/squareup/okio/okio/1.13.0/okio-1.13.0.jar:/home/user/.m2/repository/io/jaegertracing/jaeger-core/0.34.0/jaeger-core-0.34.0.jar:/home/user/.m2/repository/io/jaegertracing/jaeger-tracerresolver/0.34.0/jaeger-tracerresolver-0.34.0.jar:/home/user/.m2/repository/io/opentracing/contrib/opentracing-tracerresolver/0.1.5/opentracing-tracerresolver-0.1.5.jar:/home/user/.m2/repository/io/opentracing/opentracing-util/0.31.0/opentracing-util-0.31.0.jar:/home/user/.m2/repository/io/opentracing/opentracing-api/0.31.0/opentracing-api-0.31.0.jar:/home/user/.m2/repository/io/opentracing/opentracing-noop/0.31.0/opentracing-noop-0.31.0.jar:/home/user/.m2/repository/org/apache/hadoop/hadoop-hdds-server-framework/0.5.0-SNAPSHOT/hadoop-hdds-server-framework-0.5.0-SNAPSHOT.jar:/home/user/.m2/repository/org/apache/hadoop/hadoop-hdds-container-service/0.5.0-SNAPSHOT/hadoop-hdds-container-service-0.5.0-SNAPSHOT.jar:/home/user/.m2/repository/org/apache/hadoop/hadoop-hdds-client/0.5.0-SNAPSHOT/hadoop-hdds-client-0.5.0-SNAPSHOT.jar:/home/user/.m2/repository/org/apache/hadoop/hadoop-hdds-tools/0.5.0-SNAPSHOT/hadoop-hdds-tools-0.5.0-SNAPSHOT.jar:/home/user/.m2/repository/org/apache/hadoop/hadoop-hdds-server-scm/0.5.0-SNAPSHOT/hadoop-hdds-server-scm-0.5.0-SNAPSHOT.jar:/home/user/.m2/repository/org/apache/hadoop/hadoop-hdds-docs/0.5.0-SNAPSHOT/hadoop-hdds-docs-0.5.0-SNAPSHOT.jar:/home/user/.m2/repository/io/dropwizard/metrics/metrics-core/3.2.4/metrics-core-3.2.4.jar:/home/user/.m2/repository/org/hamcrest/hamcrest-all/1.3/hamcrest-all-1.3.jar:/home/user/.m2/repository/org/bouncycastle/bcprov-jdk15on/1.60/bcprov-jdk15on-1.60.jar:/home/user/.m2/repository/info/picocli/picocli/3.9.6/picocli-3.9.6.jar:/home/user/.m2/repository/com/google/protobuf/protobuf-java/2.5.0/protobuf-java-2.5.0.jar:/home/user/.m2/repository/com/google/guava/guava/11.0.2/guava-11.0.2.jar:/home/user/.m2/repository/org/apache/hadoop/hadoop-ozone-ozone-manager/0.5.0-SNAPSHOT/hadoop-ozone-ozone-manager-0.5.0-SNAPSHOT.jar:/home/user/.m2/repository/org/apache/hadoop/hadoop-minikdc/3.2.0/hadoop-minikdc-3.2.0.jar:/home/user/.m2/repository/commons-io/commons-io/2.5/commons-io-2.5.jar:/home/user/.m2/repository/org/apache/kerby/kerb-simplekdc/1.0.1/kerb-simplekdc-1.0.1.jar:/home/user/.m2/repository/org/apache/kerby/kerb-client/1.0.1/kerb-client-1.0.1.jar:/home/user/.m2/repository/org/apache/kerby/kerby-config/1.0.1/kerby-config-1.0.1.jar:/home/user/.m2/repository/org/apache/kerby/kerb-core/1.0.1/kerb-core-1.0.1.jar:/home/user/.m2/repository/org/apache/kerby/kerby-pkix/1.0.1/kerby-pkix-1.0.1.jar:/home/user/.m2/repository/org/apache/kerby/kerby-asn1/1.0.1/kerby-asn1-1.0.1.jar:/home/user/.m2/repository/org/apache/kerby/kerby-util/1.0.1/kerby-util-1.0.1.jar:/home/user/.m2/repository/org/apache/kerby/kerb-common/1.0.1/kerb-common-1.0.1.jar:/home/user/.m2/repository/org/apache/kerby/kerb-crypto/1.0.1/kerb-crypto-1.0.1.jar:/home/user/.m2/repository/org/apache/kerby/kerb-util/1.0.1/kerb-util-1.0.1.jar:/home/user/.m2/repository/org/apache/kerby/token-provider/1.0.1/token-provider-1.0.1.jar:/home/user/.m2/repository/org/apache/kerby/kerb-admin/1.0.1/kerb-admin-1.0.1.jar:/home/user/.m2/repository/org/apache/kerby/kerb-server/1.0.1/kerb-server-1.0.1.jar:/home/user/.m2/repository/org/apache/kerby/kerb-identity/1.0.1/kerb-identity-1.0.1.jar:/home/user/.m2/repository/org/apache/kerby/kerby-xdr/1.0.1/kerby-xdr-1.0.1.jar:/home/user/.m2/repository/org/slf4j/slf4j-log4j12/1.7.25/slf4j-log4j12-1.7.25.jar:/home/user/.m2/repository/org/apache/hadoop/hadoop-ozone-s3gateway/0.5.0-SNAPSHOT/hadoop-ozone-s3gateway-0.5.0-SNAPSHOT.jar:/home/user/.m2/repository/org/jboss/weld/servlet/weld-servlet/2.4.7.Final/weld-servlet-2.4.7.Final.jar:/home/user/.m2/repository/org/glassfish/jersey/containers/jersey-container-servlet-core/2.27/jersey-container-servlet-core-2.27.jar:/home/user/.m2/repository/org/glassfish/hk2/external/javax.inject/2.5.0-b42/javax.inject-2.5.0-b42.jar:/home/user/.m2/repository/org/glassfish/jersey/core/jersey-common/2.27/jersey-common-2.27.jar:/home/user/.m2/repository/org/glassfish/hk2/osgi-resource-locator/1.0.1/osgi-resource-locator-1.0.1.jar:/home/user/.m2/repository/javax/ws/rs/javax.ws.rs-api/2.1/javax.ws.rs-api-2.1.jar:/home/user/.m2/repository/org/glassfish/jersey/ext/cdi/jersey-cdi1x/2.27/jersey-cdi1x-2.27.jar:/home/user/.m2/repository/org/glassfish/jersey/inject/jersey-hk2/2.27/jersey-hk2-2.27.jar:/home/user/.m2/repository/org/glassfish/hk2/hk2-locator/2.5.0-b42/hk2-locator-2.5.0-b42.jar:/home/user/.m2/repository/org/javassist/javassist/3.22.0-CR2/javassist-3.22.0-CR2.jar:/home/user/.m2/repository/org/glassfish/hk2/hk2-api/2.5.0/hk2-api-2.5.0.jar:/home/user/.m2/repository/org/glassfish/hk2/external/jakarta.inject/2.5.0/jakarta.inject-2.5.0.jar:/home/user/.m2/repository/org/glassfish/hk2/hk2-utils/2.5.0/hk2-utils-2.5.0.jar:/home/user/.m2/repository/jakarta/annotation/jakarta.annotation-api/1.3.4/jakarta.annotation-api-1.3.4.jar:/home/user/.m2/repository/org/glassfish/hk2/external/aopalliance-repackaged/2.5.0/aopalliance-repackaged-2.5.0.jar:/home/user/.m2/repository/com/fasterxml/jackson/dataformat/jackson-dataformat-xml/2.9.0/jackson-dataformat-xml-2.9.0.jar:/home/user/.m2/repository/com/fasterxml/jackson/core/jackson-core/2.9.9/jackson-core-2.9.9.jar:/home/user/.m2/repository/com/fasterxml/jackson/module/jackson-module-jaxb-annotations/2.9.9/jackson-module-jaxb-annotations-2.9.9.jar:/home/user/.m2/repository/javax/enterprise/cdi-api/1.2/cdi-api-1.2.jar:/home/user/.m2/repository/javax/el/javax.el-api/3.0.0/javax.el-api-3.0.0.jar:/home/user/.m2/repository/javax/interceptor/javax.interceptor-api/1.2/javax.interceptor-api-1.2.jar:/home/user/.m2/repository/javax/inject/javax.inject/1/javax.inject-1.jar:/home/user/.m2/repository/com/sun/xml/bind/jaxb-impl/2.3.0.1/jaxb-impl-2.3.0.1.jar:/home/user/.m2/repository/com/sun/xml/bind/jaxb-core/2.3.0.1/jaxb-core-2.3.0.1.jar:/home/user/.m2/repository/javax/xml/bind/jaxb-api/2.3.0/jaxb-api-2.3.0.jar:/home/user/.m2/repository/javax/activation/activation/1.1.1/activation-1.1.1.jar:/home/user/.m2/repository/org/apache/hadoop/hadoop-ozone-csi/0.5.0-SNAPSHOT/hadoop-ozone-csi-0.5.0-SNAPSHOT.jar:/home/user/.m2/repository/com/google/protobuf/protobuf-java-util/3.5.1/protobuf-java-util-3.5.1.jar:/home/user/.m2/repository/org/apache/hadoop/hadoop-hdds-config/0.5.0-SNAPSHOT/hadoop-hdds-config-0.5.0-SNAPSHOT.jar:/home/user/.m2/repository/io/grpc/grpc-netty/1.17.1/grpc-netty-1.17.1.jar:/home/user/.m2/repository/io/grpc/grpc-core/1.17.1/grpc-core-1.17.1.jar:/home/user/.m2/repository/io/grpc/grpc-context/1.17.1/grpc-context-1.17.1.jar:/home/user/.m2/repository/com/google/errorprone/error_prone_annotations/2.2.0/error_prone_annotations-2.2.0.jar:/home/user/.m2/repository/org/codehaus/mojo/animal-sniffer-annotations/1.17/animal-sniffer-annotations-1.17.jar:/home/user/.m2/repository/io/opencensus/opencensus-api/0.17.0/opencensus-api-0.17.0.jar:/home/user/.m2/repository/io/opencensus/opencensus-contrib-grpc-metrics/0.17.0/opencensus-contrib-grpc-metrics-0.17.0.jar:/home/user/.m2/repository/io/netty/netty-codec-http2/4.1.30.Final/netty-codec-http2-4.1.30.Final.jar:/home/user/.m2/repository/io/netty/netty-codec-http/4.1.30.Final/netty-codec-http-4.1.30.Final.jar:/home/user/.m2/repository/io/netty/netty-codec/4.1.30.Final/netty-codec-4.1.30.Final.jar:/home/user/.m2/repository/io/netty/netty-handler/4.1.30.Final/netty-handler-4.1.30.Final.jar:/home/user/.m2/repository/io/netty/netty-handler-proxy/4.1.30.Final/netty-handler-proxy-4.1.30.Final.jar:/home/user/.m2/repository/io/netty/netty-codec-socks/4.1.30.Final/netty-codec-socks-4.1.30.Final.jar:/home/user/.m2/repository/io/netty/netty-transport-native-epoll/4.1.30.Final/netty-transport-native-epoll-4.1.30.Final.jar:/home/user/.m2/repository/io/netty/netty-common/4.1.30.Final/netty-common-4.1.30.Final.jar:/home/user/.m2/repository/io/netty/netty-buffer/4.1.30.Final/netty-buffer-4.1.30.Final.jar:/home/user/.m2/repository/io/netty/netty-transport/4.1.30.Final/netty-transport-4.1.30.Final.jar:/home/user/.m2/repository/io/netty/netty-resolver/4.1.30.Final/netty-resolver-4.1.30.Final.jar:/home/user/.m2/repository/io/netty/netty-transport-native-unix-common/4.1.30.Final/netty-transport-native-unix-common-4.1.30.Final.jar:/home/user/.m2/repository/io/grpc/grpc-protobuf/1.17.1/grpc-protobuf-1.17.1.jar:/home/user/.m2/repository/com/google/api/grpc/proto-google-common-protos/1.0.0/proto-google-common-protos-1.0.0.jar:/home/user/.m2/repository/io/grpc/grpc-protobuf-lite/1.17.1/grpc-protobuf-lite-1.17.1.jar:/home/user/.m2/repository/io/grpc/grpc-stub/1.17.1/grpc-stub-1.17.1.jar:/home/user/.m2/repository/org/apache/hadoop/hadoop-ozone-recon/0.5.0-SNAPSHOT/hadoop-ozone-recon-0.5.0-SNAPSHOT.jar:/home/user/.m2/repository/org/apache/hadoop/hadoop-ozone-reconcodegen/0.5.0-SNAPSHOT/hadoop-ozone-reconcodegen-0.5.0-SNAPSHOT.jar:/home/user/.m2/repository/com/google/inject/extensions/guice-multibindings/4.0/guice-multibindings-4.0.jar:/home/user/.m2/repository/com/google/inject/guice/4.0/guice-4.0.jar:/home/user/.m2/repository/aopalliance/aopalliance/1.0/aopalliance-1.0.jar:/home/user/.m2/repository/com/google/inject/extensions/guice-servlet/4.0/guice-servlet-4.0.jar:/home/user/.m2/repository/org/glassfish/jersey/containers/jersey-container-servlet/2.27/jersey-container-servlet-2.27.jar:/home/user/.m2/repository/org/glassfish/hk2/guice-bridge/2.5.0/guice-bridge-2.5.0.jar:/home/user/.m2/repository/org/glassfish/jersey/core/jersey-server/2.27/jersey-server-2.27.jar:/home/user/.m2/repository/org/glassfish/jersey/core/jersey-client/2.27/jersey-client-2.27.jar:/home/user/.m2/repository/org/glassfish/jersey/media/jersey-media-jaxb/2.27/jersey-media-jaxb-2.27.jar:/home/user/.m2/repository/javax/validation/validation-api/1.1.0.Final/validation-api-1.1.0.Final.jar:/home/user/.m2/repository/org/glassfish/jersey/media/jersey-media-json-jackson/2.27/jersey-media-json-jackson-2.27.jar:/home/user/.m2/repository/org/glassfish/jersey/ext/jersey-entity-filtering/2.27/jersey-entity-filtering-2.27.jar:/home/user/.m2/repository/com/google/inject/extensions/guice-assistedinject/4.0/guice-assistedinject-4.0.jar:/home/user/.m2/repository/org/jooq/jooq/3.11.10/jooq-3.11.10.jar:/home/user/.m2/repository/org/jooq/jooq-meta/3.11.10/jooq-meta-3.11.10.jar:/home/user/.m2/repository/org/jooq/jooq-codegen/3.11.10/jooq-codegen-3.11.10.jar:/home/user/.m2/repository/com/jolbox/bonecp/0.8.0.RELEASE/bonecp-0.8.0.RELEASE.jar:/home/user/.m2/repository/org/xerial/sqlite-jdbc/3.25.2/sqlite-jdbc-3.25.2.jar:/home/user/.m2/repository/org/springframework/spring-jdbc/5.1.3.RELEASE/spring-jdbc-5.1.3.RELEASE.jar:/home/user/.m2/repository/org/springframework/spring-beans/5.1.3.RELEASE/spring-beans-5.1.3.RELEASE.jar:/home/user/.m2/repository/org/springframework/spring-core/5.1.3.RELEASE/spring-core-5.1.3.RELEASE.jar:/home/user/.m2/repository/org/springframework/spring-jcl/5.1.3.RELEASE/spring-jcl-5.1.3.RELEASE.jar:/home/user/.m2/repository/org/springframework/spring-tx/5.1.3.RELEASE/spring-tx-5.1.3.RELEASE.jar:/home/user/.m2/repository/org/apache/hadoop/hadoop-ozone-client/0.5.0-SNAPSHOT/hadoop-ozone-client-0.5.0-SNAPSHOT.jar:/home/user/.m2/repository/commons-lang/commons-lang/2.6/commons-lang-2.6.jar:/home/user/.m2/repository/org/apache/hadoop/hadoop-ozone-ozone-manager/0.5.0-SNAPSHOT/hadoop-ozone-ozone-manager-0.5.0-SNAPSHOT-tests.jar:/home/user/.m2/repository/junit/junit/4.11/junit-4.11.jar:/home/user/.m2/repository/org/hamcrest/hamcrest-core/1.3/hamcrest-core-1.3.jar:/home/user/.m2/repository/org/openjdk/jmh/jmh-core/1.19/jmh-core-1.19.jar:/home/user/.m2/repository/net/sf/jopt-simple/jopt-simple/4.6/jopt-simple-4.6.jar:/home/user/.m2/repository/org/apache/commons/commons-math3/3.1.1/commons-math3-3.1.1.jar:/home/user/.m2/repository/org/openjdk/jmh/jmh-generator-annprocess/1.19/jmh-generator-annprocess-1.19.jar:/home/user/.m2/repository/org/mockito/mockito-all/1.8.5/mockito-all-1.8.5.jar:/home/user/.m2/repository/org/apache/hadoop/hadoop-kms/3.2.0/hadoop-kms-3.2.0.jar:/home/user/.m2/repository/org/apache/hadoop/hadoop-auth/3.2.0/hadoop-auth-3.2.0.jar:/home/user/.m2/repository/com/nimbusds/nimbus-jose-jwt/4.41.1/nimbus-jose-jwt-4.41.1.jar:/home/user/.m2/repository/com/github/stephenc/jcip/jcip-annotations/1.0-1/jcip-annotations-1.0-1.jar:/home/user/.m2/repository/net/minidev/json-smart/2.3/json-smart-2.3.jar:/home/user/.m2/repository/net/minidev/accessors-smart/1.2/accessors-smart-1.2.jar:/home/user/.m2/repository/org/ow2/asm/asm/5.0.4/asm-5.0.4.jar:/home/user/.m2/repository/org/apache/curator/curator-framework/2.12.0/curator-framework-2.12.0.jar:/home/user/.m2/repository/com/sun/jersey/jersey-core/1.19/jersey-core-1.19.jar:/home/user/.m2/repository/javax/ws/rs/jsr311-api/1.1.1/jsr311-api-1.1.1.jar:/home/user/.m2/repository/com/sun/jersey/jersey-server/1.19/jersey-server-1.19.jar:/home/user/.m2/repository/javax/servlet/javax.servlet-api/3.1.0/javax.servlet-api-3.1.0.jar:/home/user/.m2/repository/org/eclipse/jetty/jetty-server/9.3.25.v20180904/jetty-server-9.3.25.v20180904.jar:/home/user/.m2/repository/org/eclipse/jetty/jetty-http/9.3.25.v20180904/jetty-http-9.3.25.v20180904.jar:/home/user/.m2/repository/org/eclipse/jetty/jetty-io/9.3.25.v20180904/jetty-io-9.3.25.v20180904.jar:/home/user/.m2/repository/org/eclipse/jetty/jetty-webapp/9.3.25.v20180904/jetty-webapp-9.3.25.v20180904.jar:/home/user/.m2/repository/org/eclipse/jetty/jetty-xml/9.3.25.v20180904/jetty-xml-9.3.25.v20180904.jar:/home/user/.m2/repository/log4j/log4j/1.2.17/log4j-1.2.17.jar:/home/user/.m2/repository/org/slf4j/slf4j-api/1.7.25/slf4j-api-1.7.25.jar:/home/user/.m2/repository/org/slf4j/jul-to-slf4j/1.7.25/jul-to-slf4j-1.7.25.jar:/home/user/.m2/repository/org/eclipse/jetty/jetty-util/9.3.25.v20180904/jetty-util-9.3.25.v20180904.jar:/home/user/.m2/repository/com/fasterxml/jackson/core/jackson-databind/2.9.9/jackson-databind-2.9.9.jar:/home/user/.m2/repository/org/apache/hadoop/hadoop-kms/3.2.0/hadoop-kms-3.2.0-tests.jar:/home/user/.m2/repository/org/apache/hadoop/hadoop-hdds-server-scm/0.5.0-SNAPSHOT/hadoop-hdds-server-scm-0.5.0-SNAPSHOT-tests.jar:/home/user/.m2/repository/org/apache/hadoop/hadoop-hdds-container-service/0.5.0-SNAPSHOT/hadoop-hdds-container-service-0.5.0-SNAPSHOT-tests.jar:/home/user/.m2/repository/org/yaml/snakeyaml/1.16/snakeyaml-1.16.jar:/home/user/.m2/repository/org/apache/hadoop/hadoop-common/3.2.0/hadoop-common-3.2.0-tests.jar:/home/user/.m2/repository/org/apache/hadoop/hadoop-annotations/3.2.0/hadoop-annotations-3.2.0.jar:/usr/lib/jvm/java-1.8.0-openjdk-1.8.0.222.b10-1.el7_7.x86_64/jre/../lib/tools.jar:/home/user/.m2/repository/commons-cli/commons-cli/1.2/commons-cli-1.2.jar:/home/user/.m2/repository/org/apache/httpcomponents/httpclient/4.5.2/httpclient-4.5.2.jar:/home/user/.m2/repository/org/apache/httpcomponents/httpcore/4.4.4/httpcore-4.4.4.jar:/home/user/.m2/repository/commons-codec/commons-codec/1.11/commons-codec-1.11.jar:/home/user/.m2/repository/commons-net/commons-net/3.6/commons-net-3.6.jar:/home/user/.m2/repository/commons-collections/commons-collections/3.2.2/commons-collections-3.2.2.jar:/home/user/.m2/repository/org/eclipse/jetty/jetty-servlet/9.3.25.v20180904/jetty-servlet-9.3.25.v20180904.jar:/home/user/.m2/repository/org/eclipse/jetty/jetty-security/9.3.25.v20180904/jetty-security-9.3.25.v20180904.jar:/home/user/.m2/repository/javax/servlet/jsp/jsp-api/2.1/jsp-api-2.1.jar:/home/user/.m2/repository/com/sun/jersey/jersey-servlet/1.19/jersey-servlet-1.19.jar:/home/user/.m2/repository/com/sun/jersey/jersey-json/1.19/jersey-json-1.19.jar:/home/user/.m2/repository/org/codehaus/jettison/jettison/1.1/jettison-1.1.jar:/home/user/.m2/repository/org/codehaus/jackson/jackson-core-asl/1.9.13/jackson-core-asl-1.9.13.jar:/home/user/.m2/repository/org/codehaus/jackson/jackson-mapper-asl/1.9.13/jackson-mapper-asl-1.9.13.jar:/home/user/.m2/repository/org/codehaus/jackson/jackson-jaxrs/1.9.13/jackson-jaxrs-1.9.13.jar:/home/user/.m2/repository/org/codehaus/jackson/jackson-xc/1.9.13/jackson-xc-1.9.13.jar:/home/user/.m2/repository/commons-logging/commons-logging/1.1.3/commons-logging-1.1.3.jar:/home/user/.m2/repository/commons-beanutils/commons-beanutils/1.9.4/commons-beanutils-1.9.4.jar:/home/user/.m2/repository/org/apache/commons/commons-configuration2/2.1.1/commons-configuration2-2.1.1.jar:/home/user/.m2/repository/org/apache/commons/commons-lang3/3.7/commons-lang3-3.7.jar:/home/user/.m2/repository/org/apache/commons/commons-text/1.4/commons-text-1.4.jar:/home/user/.m2/repository/org/apache/avro/avro/1.7.7/avro-1.7.7.jar:/home/user/.m2/repository/com/thoughtworks/paranamer/paranamer/2.3/paranamer-2.3.jar:/home/user/.m2/repository/org/xerial/snappy/snappy-java/1.0.5/snappy-java-1.0.5.jar:/home/user/.m2/repository/com/google/re2j/re2j/1.1/re2j-1.1.jar:/home/user/.m2/repository/com/google/code/gson/gson/2.2.4/gson-2.2.4.jar:/home/user/.m2/repository/com/jcraft/jsch/0.1.54/jsch-0.1.54.jar:/home/user/.m2/repository/org/apache/curator/curator-client/2.12.0/curator-client-2.12.0.jar:/home/user/.m2/repository/org/apache/curator/curator-recipes/2.12.0/curator-recipes-2.12.0.jar:/home/user/.m2/repository/com/google/code/findbugs/jsr305/3.0.0/jsr305-3.0.0.jar:/home/user/.m2/repository/org/apache/htrace/htrace-core4/4.1.0-incubating/htrace-core4-4.1.0-incubating.jar:/home/user/.m2/repository/org/apache/zookeeper/zookeeper/3.4.13/zookeeper-3.4.13.jar:/home/user/.m2/repository/jline/jline/0.9.94/jline-0.9.94.jar:/home/user/.m2/repository/org/apache/yetus/audience-annotations/0.5.0/audience-annotations-0.5.0.jar:/home/user/.m2/repository/org/codehaus/woodstox/stax2-api/3.1.4/stax2-api-3.1.4.jar:/home/user/.m2/repository/com/fasterxml/woodstox/woodstox-core/5.0.3/woodstox-core-5.0.3.jar:/home/user/.m2/repository/dnsjava/dnsjava/2.1.7/dnsjava-2.1.7.jar:/home/user/.m2/repository/org/apache/hadoop/hadoop-hdfs/3.2.0/hadoop-hdfs-3.2.0-tests.jar:/home/user/.m2/repository/org/eclipse/jetty/jetty-util-ajax/9.3.25.v20180904/jetty-util-ajax-9.3.25.v20180904.jar:/home/user/.m2/repository/commons-daemon/commons-daemon/1.0.13/commons-daemon-1.0.13.jar:/home/user/.m2/repository/io/netty/netty/3.10.5.Final/netty-3.10.5.Final.jar:/home/user/.m2/repository/io/netty/netty-all/4.0.52.Final/netty-all-4.0.52.Final.jar:/home/user/.m2/repository/org/fusesource/leveldbjni/leveldbjni-all/1.8/leveldbjni-all-1.8.jar:"/>
    <property name="sun.cpu.endian" value="little"/>
    <property name="user.home" value="/home/user"/>
    <property name="user.language" value="en"/>
    <property name="java.specification.vendor" value="Oracle Corporation"/>
    <property name="java.home" value="/usr/lib/jvm/java-1.8.0-openjdk-1.8.0.222.b10-1.el7_7.x86_64/jre"/>
    <property name="surefire.excludesFile" value="/tools/ozone-bad-unit-tests"/>
    <property name="java.security.krb5.conf" value="/workdir/hadoop-ozone/integration-test/target/test-classes/krb5.conf"/>
    <property name="basedir" value="/workdir/hadoop-ozone/integration-test"/>
    <property name="file.separator" value="/"/>
    <property name="line.separator" value="&#10;"/>
    <property name="java.vm.specification.vendor" value="Oracle Corporation"/>
    <property name="java.specification.name" value="Java Platform API Specification"/>
    <property name="java.awt.graphicsenv" value="sun.awt.X11GraphicsEnvironment"/>
    <property name="surefire.real.class.path" value="/workdir/hadoop-ozone/integration-test/target/surefire/surefirebooter4487344024263207865.jar"/>
    <property name="hadoop.log.dir" value="/workdir/hadoop-ozone/integration-test/target/log"/>
    <property name="sun.boot.class.path" value="/usr/lib/jvm/java-1.8.0-openjdk-1.8.0.222.b10-1.el7_7.x86_64/jre/lib/resources.jar:/usr/lib/jvm/java-1.8.0-openjdk-1.8.0.222.b10-1.el7_7.x86_64/jre/lib/rt.jar:/usr/lib/jvm/java-1.8.0-openjdk-1.8.0.222.b10-1.el7_7.x86_64/jre/lib/sunrsasign.jar:/usr/lib/jvm/java-1.8.0-openjdk-1.8.0.222.b10-1.el7_7.x86_64/jre/lib/jsse.jar:/usr/lib/jvm/java-1.8.0-openjdk-1.8.0.222.b10-1.el7_7.x86_64/jre/lib/jce.jar:/usr/lib/jvm/java-1.8.0-openjdk-1.8.0.222.b10-1.el7_7.x86_64/jre/lib/charsets.jar:/usr/lib/jvm/java-1.8.0-openjdk-1.8.0.222.b10-1.el7_7.x86_64/jre/lib/jfr.jar:/usr/lib/jvm/java-1.8.0-openjdk-1.8.0.222.b10-1.el7_7.x86_64/jre/classes"/>
    <property name="sun.management.compiler" value="HotSpot 64-Bit Tiered Compilers"/>
    <property name="java.runtime.version" value="1.8.0_222-b10"/>
    <property name="java.net.preferIPv4Stack" value="true"/>
    <property name="user.name" value="jenkins1000"/>
    <property name="path.separator" value=":"/>
    <property name="java.security.egd" value="file:///dev/urandom"/>
    <property name="os.version" value="3.10.0-957.12.2.el7.x86_64"/>
    <property name="java.endorsed.dirs" value="/usr/lib/jvm/java-1.8.0-openjdk-1.8.0.222.b10-1.el7_7.x86_64/jre/lib/endorsed"/>
    <property name="java.runtime.name" value="OpenJDK Runtime Environment"/>
    <property name="file.encoding" value="ANSI_X3.4-1968"/>
    <property name="java.vm.name" value="OpenJDK 64-Bit Server VM"/>
    <property name="test.build.webapps" value=""/>
    <property name="localRepository" value="/home/user/.m2/repository"/>
    <property name="java.vendor.url.bug" value="http://bugreport.sun.com/bugreport/"/>
    <property name="java.io.tmpdir" value="/tmp"/>
    <property name="require.test.libhadoop" value=""/>
    <property name="java.version" value="1.8.0_222"/>
    <property name="user.dir" value="/workdir/hadoop-ozone/integration-test"/>
    <property name="os.arch" value="amd64"/>
    <property name="java.vm.specification.name" value="Java Virtual Machine Specification"/>
    <property name="test.build.classes" value="/workdir/hadoop-ozone/integration-test/target/test-classes"/>
    <property name="java.awt.printerjob" value="sun.print.PSPrinterJob"/>
    <property name="sun.os.patch.level" value="unknown"/>
    <property name="hadoop.tmp.dir" value="/workdir/hadoop-ozone/integration-test/target/tmp"/>
    <property name="java.library.path" value="/usr/lib:/workdir/hadoop-ozone/integration-test/target/native/target/usr/local/lib:/workdir/hadoop-ozone/integration-test/../../hadoop-common-project/hadoop-common/target/native/target/usr/local/lib:/usr/java/packages/lib/amd64:/usr/lib64:/lib64:/lib:/usr/lib"/>
    <property name="java.vm.info" value="mixed mode"/>
    <property name="java.vendor" value="Oracle Corporation"/>
    <property name="java.vm.version" value="25.222-b10"/>
    <property name="java.ext.dirs" value="/usr/lib/jvm/java-1.8.0-openjdk-1.8.0.222.b10-1.el7_7.x86_64/jre/lib/ext:/usr/java/packages/lib/ext"/>
    <property name="sun.io.unicode.encoding" value="UnicodeLittle"/>
    <property name="java.class.version" value="52.0"/>
  </properties>
  <testcase name="test" classname="org.apache.hadoop.ozone.scm.TestSCMContainerPlacementPolicyMetrics" time="82.136">
    <error message="test timed out after 60000 milliseconds" type="java.lang.Exception">java.lang.Exception: test timed out after 60000 milliseconds
	at java.lang.Thread.sleep(Native Method)
	at org.apache.hadoop.ozone.scm.TestSCMContainerPlacementPolicyMetrics.test(TestSCMContainerPlacementPolicyMetrics.java:134)
	at sun.reflect.NativeMethodAccessorImpl.invoke0(Native Method)
	at sun.reflect.NativeMethodAccessorImpl.invoke(NativeMethodAccessorImpl.java:62)
	at sun.reflect.DelegatingMethodAccessorImpl.invoke(DelegatingMethodAccessorImpl.java:43)
	at java.lang.reflect.Method.invoke(Method.java:498)
	at org.junit.runners.model.FrameworkMethod$1.runReflectiveCall(FrameworkMethod.java:47)
	at org.junit.internal.runners.model.ReflectiveCallable.run(ReflectiveCallable.java:12)
	at org.junit.runners.model.FrameworkMethod.invokeExplosively(FrameworkMethod.java:44)
	at org.junit.internal.runners.statements.InvokeMethod.evaluate(InvokeMethod.java:17)
	at org.junit.internal.runners.statements.FailOnTimeout$StatementThread.run(FailOnTimeout.java:74)
</error>
    <system-out><![CDATA[2019-11-08 14:36:15,202 [main] WARN  server.ServerUtils (ServerUtils.java:getScmDbDir(145)) - ozone.scm.db.dirs is not configured. We recommend adding this setting. Falling back to ozone.metadata.dirs instead.
2019-11-08 14:36:15,345 [main] WARN  server.ServerUtils (ServerUtils.java:getScmDbDir(145)) - ozone.scm.db.dirs is not configured. We recommend adding this setting. Falling back to ozone.metadata.dirs instead.
2019-11-08 14:36:15,349 [main] WARN  server.ServerUtils (ServerUtils.java:getScmDbDir(145)) - ozone.scm.db.dirs is not configured. We recommend adding this setting. Falling back to ozone.metadata.dirs instead.
2019-11-08 14:36:15,378 [main] INFO  util.log (Log.java:initialized(192)) - Logging initialized @828ms
2019-11-08 14:36:15,470 [main] INFO  db.DBStoreBuilder (DBStoreBuilder.java:addTable(127)) - using custom profile for table: deletedBlocks
2019-11-08 14:36:15,471 [main] INFO  db.DBStoreBuilder (DBStoreBuilder.java:processTables(183)) - Using default column profile:DBProfile.DISK for Table:deletedBlocks
2019-11-08 14:36:15,471 [main] INFO  db.DBStoreBuilder (DBStoreBuilder.java:addTable(127)) - using custom profile for table: validCerts
2019-11-08 14:36:15,471 [main] INFO  db.DBStoreBuilder (DBStoreBuilder.java:processTables(183)) - Using default column profile:DBProfile.DISK for Table:validCerts
2019-11-08 14:36:15,472 [main] INFO  db.DBStoreBuilder (DBStoreBuilder.java:addTable(127)) - using custom profile for table: revokedCerts
2019-11-08 14:36:15,472 [main] INFO  db.DBStoreBuilder (DBStoreBuilder.java:processTables(183)) - Using default column profile:DBProfile.DISK for Table:revokedCerts
2019-11-08 14:36:15,483 [main] INFO  db.DBStoreBuilder (DBStoreBuilder.java:addTable(127)) - using custom profile for table: default
2019-11-08 14:36:15,483 [main] INFO  db.DBStoreBuilder (DBStoreBuilder.java:processTables(189)) - Using default column profile:DBProfile.DISK for Table:default
2019-11-08 14:36:15,484 [main] INFO  db.DBStoreBuilder (DBStoreBuilder.java:getDbProfile(220)) - Using default options. DBProfile.DISK
2019-11-08 14:36:15,970 [main] INFO  net.NodeSchemaLoader (NodeSchemaLoader.java:loadSchemaFromFile(125)) - Loading file from sun.misc.CompoundEnumeration@13c9d689
2019-11-08 14:36:15,972 [main] INFO  net.NodeSchemaLoader (NodeSchemaLoader.java:loadSchema(171)) - Loading network topology layer schema file
2019-11-08 14:36:16,022 [main] WARN  server.ServerUtils (ServerUtils.java:sanitizeUserArgs(70)) - ozone.scm.stale.node.interval value = 300000 is larger than max = 100000 based on the key value of ozone.scm.heartbeat.thread.interval, reset to the max value 100000.
2019-11-08 14:36:16,024 [main] WARN  server.ServerUtils (ServerUtils.java:sanitizeUserArgs(70)) - ozone.scm.stale.node.interval value = 300000 is larger than max = 100000 based on the key value of ozone.scm.heartbeat.thread.interval, reset to the max value 100000.
2019-11-08 14:36:16,026 [main] INFO  node.SCMNodeManager (SCMNodeManager.java:<init>(116)) - Entering startup safe mode.
2019-11-08 14:36:16,077 [main] INFO  Configuration.deprecation (Configuration.java:logDeprecation(1394)) - hadoop.configured.node.mapping is deprecated. Instead, use net.topology.configured.node.mapping
2019-11-08 14:36:16,082 [main] INFO  algorithms.ContainerPlacementPolicyFactory (ContainerPlacementPolicyFactory.java:getPolicy(57)) - Create container placement policy of type org.apache.hadoop.hdds.scm.container.placement.algorithms.SCMContainerPlacementRackAware
2019-11-08 14:36:16,093 [main] WARN  server.ServerUtils (ServerUtils.java:getScmDbDir(145)) - ozone.scm.db.dirs is not configured. We recommend adding this setting. Falling back to ozone.metadata.dirs instead.
2019-11-08 14:36:16,268 [main] INFO  pipeline.SCMPipelineManager (SCMPipelineManager.java:initializePipelineState(132)) - No pipeline exists in current db
2019-11-08 14:36:16,272 [main] WARN  server.ServerUtils (ServerUtils.java:getScmDbDir(145)) - ozone.scm.db.dirs is not configured. We recommend adding this setting. Falling back to ozone.metadata.dirs instead.
2019-11-08 14:36:16,516 [main] WARN  events.EventQueue (EventQueue.java:fireEvent(183)) - No event handler registered for event TypedEvent{payloadType=SafeModeStatus, name='SafeModeStatus'}
2019-11-08 14:36:16,869 [main] INFO  ipc.CallQueueManager (CallQueueManager.java:<init>(84)) - Using callQueue: class java.util.concurrent.LinkedBlockingQueue, queueCapacity: 2000, scheduler: class org.apache.hadoop.ipc.DefaultRpcScheduler, ipcBackoff: false.
2019-11-08 14:36:16,893 [Socket Reader #1 for port 41574] INFO  ipc.Server (Server.java:run(1074)) - Starting Socket Reader #1 for port 41574
2019-11-08 14:36:16,998 [main] INFO  ipc.CallQueueManager (CallQueueManager.java:<init>(84)) - Using callQueue: class java.util.concurrent.LinkedBlockingQueue, queueCapacity: 2000, scheduler: class org.apache.hadoop.ipc.DefaultRpcScheduler, ipcBackoff: false.
2019-11-08 14:36:16,999 [Socket Reader #1 for port 44195] INFO  ipc.Server (Server.java:run(1074)) - Starting Socket Reader #1 for port 44195
2019-11-08 14:36:17,006 [main] INFO  ipc.CallQueueManager (CallQueueManager.java:<init>(84)) - Using callQueue: class java.util.concurrent.LinkedBlockingQueue, queueCapacity: 2000, scheduler: class org.apache.hadoop.ipc.DefaultRpcScheduler, ipcBackoff: false.
2019-11-08 14:36:17,007 [Socket Reader #1 for port 34380] INFO  ipc.Server (Server.java:run(1074)) - Starting Socket Reader #1 for port 34380
2019-11-08 14:36:17,027 [main] INFO  hdfs.DFSUtil (DFSUtil.java:httpServerTemplateForNNAndJN(1641)) - Starting Web-server for scm at: http://0.0.0.0:0
2019-11-08 14:36:17,170 [main] INFO  server.AuthenticationFilter (AuthenticationFilter.java:constructSecretProvider(240)) - Unable to initialize FileSignerSecretProvider, falling back to use random secrets.
2019-11-08 14:36:17,177 [main] WARN  http.HttpRequestLog (HttpRequestLog.java:getRequestLog(97)) - Jetty request log can only be enabled using Log4j
2019-11-08 14:36:17,186 [main] INFO  http.HttpServer2 (HttpServer2.java:addGlobalFilter(975)) - Added global filter 'safety' (class=org.apache.hadoop.http.HttpServer2$QuotingInputFilter)
2019-11-08 14:36:17,189 [main] INFO  http.HttpServer2 (HttpServer2.java:addFilter(948)) - Added filter static_user_filter (class=org.apache.hadoop.http.lib.StaticUserWebFilter$StaticUserFilter) to context scm
2019-11-08 14:36:17,189 [main] INFO  http.HttpServer2 (HttpServer2.java:addFilter(958)) - Added filter static_user_filter (class=org.apache.hadoop.http.lib.StaticUserWebFilter$StaticUserFilter) to context logs
2019-11-08 14:36:17,189 [main] INFO  http.HttpServer2 (HttpServer2.java:addFilter(958)) - Added filter static_user_filter (class=org.apache.hadoop.http.lib.StaticUserWebFilter$StaticUserFilter) to context static
2019-11-08 14:36:17,218 [main] INFO  server.StorageContainerManager (StorageContainerManager.java:start(764)) - StorageContainerLocationProtocol RPC server is listening at /0.0.0.0:34380
2019-11-08 14:36:17,271 [main] WARN  impl.MetricsConfig (MetricsConfig.java:loadFirst(134)) - Cannot locate configuration: tried hadoop-metrics2-storagecontainermanager.properties,hadoop-metrics2.properties
2019-11-08 14:36:17,284 [main] INFO  impl.MetricsSystemImpl (MetricsSystemImpl.java:startTimer(374)) - Scheduled Metric snapshot period at 10 second(s).
2019-11-08 14:36:17,284 [main] INFO  impl.MetricsSystemImpl (MetricsSystemImpl.java:start(191)) - StorageContainerManager metrics system started
2019-11-08 14:36:17,494 [main] INFO  server.SCMClientProtocolServer (SCMClientProtocolServer.java:start(159)) - RPC server for Client  is listening at /0.0.0.0:34380
2019-11-08 14:36:17,495 [IPC Server Responder] INFO  ipc.Server (Server.java:run(1314)) - IPC Server Responder: starting
2019-11-08 14:36:17,495 [IPC Server listener on 34380] INFO  ipc.Server (Server.java:run(1153)) - IPC Server listener on 34380: starting
2019-11-08 14:36:17,497 [main] INFO  server.StorageContainerManager (StorageContainerManager.java:start(774)) - ScmBlockLocationProtocol RPC server is listening at /0.0.0.0:44195
2019-11-08 14:36:17,499 [main] INFO  server.SCMBlockProtocolServer (SCMBlockProtocolServer.java:start(146)) - RPC server for Block Protocol is listening at /0.0.0.0:44195
2019-11-08 14:36:17,499 [IPC Server Responder] INFO  ipc.Server (Server.java:run(1314)) - IPC Server Responder: starting
2019-11-08 14:36:17,499 [IPC Server listener on 44195] INFO  ipc.Server (Server.java:run(1153)) - IPC Server listener on 44195: starting
2019-11-08 14:36:17,501 [main] INFO  server.StorageContainerManager (StorageContainerManager.java:start(778)) - ScmDatanodeProtocl RPC server is listening at /0.0.0.0:41574
2019-11-08 14:36:17,501 [main] INFO  server.SCMDatanodeProtocolServer (SCMDatanodeProtocolServer.java:start(169)) - RPC server for DataNodes is listening at /0.0.0.0:41574
2019-11-08 14:36:17,502 [IPC Server Responder] INFO  ipc.Server (Server.java:run(1314)) - IPC Server Responder: starting
2019-11-08 14:36:17,503 [IPC Server listener on 41574] INFO  ipc.Server (Server.java:run(1153)) - IPC Server listener on 41574: starting
2019-11-08 14:36:17,507 [main] INFO  http.HttpServer2 (HttpServer2.java:bindListener(1191)) - Jetty bound to port 37569
2019-11-08 14:36:17,510 [main] INFO  server.Server (Server.java:doStart(351)) - jetty-9.3.25.v20180904, build timestamp: 2018-09-04T21:11:46Z, git hash: 3ce520221d0240229c862b122d2b06c12a625732
2019-11-08 14:36:17,557 [main] INFO  handler.ContextHandler (ContextHandler.java:doStart(781)) - Started o.e.j.s.ServletContextHandler@101639ae{/logs,file:///workdir/hadoop-ozone/integration-test/target/log,AVAILABLE}
2019-11-08 14:36:17,558 [main] INFO  handler.ContextHandler (ContextHandler.java:doStart(781)) - Started o.e.j.s.ServletContextHandler@1d2bd371{/static,file:///workdir/hadoop-ozone/integration-test/target/test-classes/webapps/static,AVAILABLE}
2019-11-08 14:36:17,589 [main] INFO  handler.ContextHandler (ContextHandler.java:doStart(781)) - Started o.e.j.w.WebAppContext@544630b7{/,file:///workdir/hadoop-ozone/integration-test/target/test-classes/webapps/scm/,AVAILABLE}{/scm}
2019-11-08 14:36:17,593 [main] INFO  server.AbstractConnector (AbstractConnector.java:doStart(278)) - Started ServerConnector@514eedd8{HTTP/1.1,[http/1.1]}{0.0.0.0:37569}
2019-11-08 14:36:17,594 [main] INFO  server.Server (Server.java:doStart(419)) - Started @3044ms
2019-11-08 14:36:17,596 [main] INFO  impl.MetricsSinkAdapter (MetricsSinkAdapter.java:start(204)) - Sink prometheus started
2019-11-08 14:36:17,596 [main] INFO  impl.MetricsSystemImpl (MetricsSystemImpl.java:registerSink(301)) - Registered sink prometheus
2019-11-08 14:36:17,597 [main] INFO  server.BaseHttpServer (BaseHttpServer.java:updateConnectorAddress(215)) - HTTP server of SCM is listening at http://0.0.0.0:37569
2019-11-08 14:36:17,603 [org.apache.hadoop.util.JvmPauseMonitor$Monitor@790174f2] INFO  util.JvmPauseMonitor (JvmPauseMonitor.java:run(188)) - Starting JVM pause monitor
2019-11-08 14:36:17,607 [main] WARN  server.ServerUtils (ServerUtils.java:getDBPath(222)) - ozone.om.db.dirs is not configured. We recommend adding this setting. Falling back to ozone.metadata.dirs instead.
2019-11-08 14:36:17,742 [main] INFO  ha.OMHANodeDetails (OMHANodeDetails.java:loadOMHAConfig(190)) - Configuration either no ozone.om.address set. Falling back to the default OM address /127.0.0.1:0
2019-11-08 14:36:17,742 [main] INFO  ha.OMHANodeDetails (OMHANodeDetails.java:getOMNodeDetails(220)) - OM Service ID is not set. Setting it to the default ID: omServiceIdDefault
2019-11-08 14:36:17,745 [main] WARN  server.ServerUtils (ServerUtils.java:getDBPath(222)) - ozone.om.db.dirs is not configured. We recommend adding this setting. Falling back to ozone.metadata.dirs instead.
2019-11-08 14:36:17,746 [main] WARN  server.ServerUtils (ServerUtils.java:getDBPath(222)) - ozone.om.db.dirs is not configured. We recommend adding this setting. Falling back to ozone.metadata.dirs instead.
2019-11-08 14:36:18,354 [main] WARN  server.ServerUtils (ServerUtils.java:getDBPath(222)) - ozone.om.db.dirs is not configured. We recommend adding this setting. Falling back to ozone.metadata.dirs instead.
2019-11-08 14:36:18,362 [main] INFO  db.DBStoreBuilder (DBStoreBuilder.java:addTable(127)) - using custom profile for table: userTable
2019-11-08 14:36:18,362 [main] INFO  db.DBStoreBuilder (DBStoreBuilder.java:processTables(183)) - Using default column profile:DBProfile.DISK for Table:userTable
2019-11-08 14:36:18,362 [main] INFO  db.DBStoreBuilder (DBStoreBuilder.java:addTable(127)) - using custom profile for table: volumeTable
2019-11-08 14:36:18,363 [main] INFO  db.DBStoreBuilder (DBStoreBuilder.java:processTables(183)) - Using default column profile:DBProfile.DISK for Table:volumeTable
2019-11-08 14:36:18,363 [main] INFO  db.DBStoreBuilder (DBStoreBuilder.java:addTable(127)) - using custom profile for table: bucketTable
2019-11-08 14:36:18,363 [main] INFO  db.DBStoreBuilder (DBStoreBuilder.java:processTables(183)) - Using default column profile:DBProfile.DISK for Table:bucketTable
2019-11-08 14:36:18,363 [main] INFO  db.DBStoreBuilder (DBStoreBuilder.java:addTable(127)) - using custom profile for table: keyTable
2019-11-08 14:36:18,363 [main] INFO  db.DBStoreBuilder (DBStoreBuilder.java:processTables(183)) - Using default column profile:DBProfile.DISK for Table:keyTable
2019-11-08 14:36:18,364 [main] INFO  db.DBStoreBuilder (DBStoreBuilder.java:addTable(127)) - using custom profile for table: deletedTable
2019-11-08 14:36:18,364 [main] INFO  db.DBStoreBuilder (DBStoreBuilder.java:processTables(183)) - Using default column profile:DBProfile.DISK for Table:deletedTable
2019-11-08 14:36:18,364 [main] INFO  db.DBStoreBuilder (DBStoreBuilder.java:addTable(127)) - using custom profile for table: openKeyTable
2019-11-08 14:36:18,364 [main] INFO  db.DBStoreBuilder (DBStoreBuilder.java:processTables(183)) - Using default column profile:DBProfile.DISK for Table:openKeyTable
2019-11-08 14:36:18,365 [main] INFO  db.DBStoreBuilder (DBStoreBuilder.java:addTable(127)) - using custom profile for table: s3Table
2019-11-08 14:36:18,365 [main] INFO  db.DBStoreBuilder (DBStoreBuilder.java:processTables(183)) - Using default column profile:DBProfile.DISK for Table:s3Table
2019-11-08 14:36:18,365 [main] INFO  db.DBStoreBuilder (DBStoreBuilder.java:addTable(127)) - using custom profile for table: multipartInfoTable
2019-11-08 14:36:18,365 [main] INFO  db.DBStoreBuilder (DBStoreBuilder.java:processTables(183)) - Using default column profile:DBProfile.DISK for Table:multipartInfoTable
2019-11-08 14:36:18,365 [main] INFO  db.DBStoreBuilder (DBStoreBuilder.java:addTable(127)) - using custom profile for table: dTokenTable
2019-11-08 14:36:18,366 [main] INFO  db.DBStoreBuilder (DBStoreBuilder.java:processTables(183)) - Using default column profile:DBProfile.DISK for Table:dTokenTable
2019-11-08 14:36:18,366 [main] INFO  db.DBStoreBuilder (DBStoreBuilder.java:addTable(127)) - using custom profile for table: s3SecretTable
2019-11-08 14:36:18,366 [main] INFO  db.DBStoreBuilder (DBStoreBuilder.java:processTables(183)) - Using default column profile:DBProfile.DISK for Table:s3SecretTable
2019-11-08 14:36:18,366 [main] INFO  db.DBStoreBuilder (DBStoreBuilder.java:addTable(127)) - using custom profile for table: prefixTable
2019-11-08 14:36:18,366 [main] INFO  db.DBStoreBuilder (DBStoreBuilder.java:processTables(183)) - Using default column profile:DBProfile.DISK for Table:prefixTable
2019-11-08 14:36:18,367 [main] INFO  db.DBStoreBuilder (DBStoreBuilder.java:addTable(127)) - using custom profile for table: default
2019-11-08 14:36:18,367 [main] INFO  db.DBStoreBuilder (DBStoreBuilder.java:processTables(189)) - Using default column profile:DBProfile.DISK for Table:default
2019-11-08 14:36:18,367 [main] INFO  db.DBStoreBuilder (DBStoreBuilder.java:getDbProfile(220)) - Using default options. DBProfile.DISK
2019-11-08 14:36:19,441 [main] WARN  scm.HddsServerUtil (HddsServerUtil.java:getDefaultRatisDirectory(354)) - Storage directory for Ratis is not configured. It is a good idea to map this to an SSD disk. Falling back to ozone.metadata.dirs
2019-11-08 14:36:19,464 [main] INFO  ratis.OzoneManagerRatisServer (OzoneManagerRatisServer.java:<init>(243)) - Instantiating OM Ratis server with GroupID: omServiceIdDefault and Raft Peers: localhost:9872
2019-11-08 14:36:19,489 [main] INFO  impl.RaftServerProxy (ConfUtils.java:logGet(43)) - raft.rpc.type = GRPC (default)
2019-11-08 14:36:19,649 [main] INFO  grpc.GrpcFactory (GrpcFactory.java:checkPooledByteBufAllocatorUseCacheForAllThreads(45)) - PERFORMANCE WARNING: useCacheForAllThreads is true that may cause Netty to create a lot garbage objects and, as a result, trigger GC.
	It is recommended to disable useCacheForAllThreads by setting -Dorg.apache.ratis.thirdparty.io.netty.allocator.useCacheForAllThreads=false in command line.
2019-11-08 14:36:19,654 [main] INFO  grpc.GrpcConfigKeys$Server (ConfUtils.java:logGet(43)) - raft.grpc.server.port = 9872 (custom)
2019-11-08 14:36:19,655 [main] INFO  server.GrpcService (ConfUtils.java:logGet(43)) - raft.grpc.message.size.max = 33554432 (custom)
2019-11-08 14:36:19,657 [main] INFO  server.RaftServerConfigKeys (ConfUtils.java:logGet(43)) - raft.server.log.appender.buffer.byte-limit = 33554432 (custom)
2019-11-08 14:36:19,657 [main] INFO  server.GrpcService (ConfUtils.java:logGet(43)) - raft.grpc.flow.control.window = 1MB (=1048576) (default)
2019-11-08 14:36:19,658 [main] INFO  server.RaftServerConfigKeys (ConfUtils.java:logGet(43)) - raft.server.rpc.request.timeout = 3000ms (default)
2019-11-08 14:36:19,820 [main] INFO  server.RaftServerConfigKeys (ConfUtils.java:logGet(43)) - raft.server.storage.dir = [/workdir/hadoop-ozone/integration-test/target/test-dir/MiniOzoneClusterImpl-31815b3f-f013-4d0f-ba9b-748432fd68af/ozone-meta/ratis] (custom)
2019-11-08 14:36:19,826 [main] INFO  impl.RaftServerProxy (RaftServerProxy.java:addNew(89)) - 28c51103-6801-44d9-a8d6-169ea14be1a9: addNew group-C5BA1605619E:[28c51103-6801-44d9-a8d6-169ea14be1a9:localhost:9872] returns group-C5BA1605619E:java.util.concurrent.CompletableFuture@6ff415ad[Not completed]
2019-11-08 14:36:19,827 [main] INFO  om.OzoneManager (OzoneManager.java:initializeRatisServer(1222)) - OzoneManager Ratis server initialized at port 9872
2019-11-08 14:36:19,829 [main] WARN  scm.HddsServerUtil (HddsServerUtil.java:getDefaultRatisDirectory(354)) - Storage directory for Ratis is not configured. It is a good idea to map this to an SSD disk. Falling back to ozone.metadata.dirs
2019-11-08 14:36:19,830 [main] WARN  scm.HddsServerUtil (HddsServerUtil.java:getDefaultRatisDirectory(354)) - Storage directory for Ratis is not configured. It is a good idea to map this to an SSD disk. Falling back to ozone.metadata.dirs
2019-11-08 14:36:19,840 [pool-22-thread-1] INFO  impl.RaftServerImpl (RaftServerImpl.java:<init>(98)) - 28c51103-6801-44d9-a8d6-169ea14be1a9: new RaftServerImpl for group-C5BA1605619E:[28c51103-6801-44d9-a8d6-169ea14be1a9:localhost:9872] with OzoneManagerStateMachine:uninitialized
2019-11-08 14:36:19,842 [pool-22-thread-1] INFO  server.RaftServerConfigKeys (ConfUtils.java:logGet(43)) - raft.server.rpc.timeout.min = 1s (custom)
2019-11-08 14:36:19,842 [pool-22-thread-1] INFO  server.RaftServerConfigKeys (ConfUtils.java:logGet(43)) - raft.server.rpc.timeout.max = 1200ms (custom)
2019-11-08 14:36:19,842 [pool-22-thread-1] INFO  server.RaftServerConfigKeys (ConfUtils.java:logGet(43)) - raft.server.rpcslowness.timeout = 120s (custom)
2019-11-08 14:36:19,843 [pool-22-thread-1] INFO  server.RaftServerConfigKeys (ConfUtils.java:logGet(43)) - raft.server.sleep.deviation.threshold = 300 (default)
2019-11-08 14:36:19,843 [main] INFO  ipc.CallQueueManager (CallQueueManager.java:<init>(84)) - Using callQueue: class java.util.concurrent.LinkedBlockingQueue, queueCapacity: 2000, scheduler: class org.apache.hadoop.ipc.DefaultRpcScheduler, ipcBackoff: false.
2019-11-08 14:36:19,844 [pool-22-thread-1] INFO  server.RaftServerConfigKeys (ConfUtils.java:logGet(43)) - raft.server.log.appender.install.snapshot.enabled = false (custom)
2019-11-08 14:36:19,844 [Socket Reader #1 for port 33428] INFO  ipc.Server (Server.java:run(1074)) - Starting Socket Reader #1 for port 33428
2019-11-08 14:36:19,852 [pool-22-thread-1] INFO  impl.RaftServerImpl (ServerState.java:<init>(103)) - 28c51103-6801-44d9-a8d6-169ea14be1a9@group-C5BA1605619E: ConfigurationManager, init=-1: [28c51103-6801-44d9-a8d6-169ea14be1a9:localhost:9872], old=null, confs=<EMPTY_MAP>
2019-11-08 14:36:19,852 [pool-22-thread-1] INFO  server.RaftServerConfigKeys (ConfUtils.java:logGet(43)) - raft.server.storage.dir = [/workdir/hadoop-ozone/integration-test/target/test-dir/MiniOzoneClusterImpl-31815b3f-f013-4d0f-ba9b-748432fd68af/ozone-meta/ratis] (custom)
2019-11-08 14:36:19,861 [main] INFO  om.OzoneManager (OzoneManager.java:start(1076)) - OzoneManager RPC server is listening at localhost/127.0.0.1:33428
2019-11-08 14:36:19,861 [pool-22-thread-1] INFO  server.RaftServerConfigKeys (ConfUtils.java:logGet(43)) - raft.server.log.corruption.policy = EXCEPTION (default)
2019-11-08 14:36:19,861 [main] INFO  impl.MetricsSystemImpl (MetricsSystemImpl.java:init(158)) - OzoneManager metrics system started (again)
2019-11-08 14:36:19,862 [main] INFO  ratis.OzoneManagerRatisServer (OzoneManagerRatisServer.java:start(333)) - Starting OzoneManagerRatisServer 28c51103-6801-44d9-a8d6-169ea14be1a9 at port 9872
2019-11-08 14:36:19,863 [pool-22-thread-1] INFO  storage.RaftStorageDirectory (RaftStorageDirectory.java:analyzeStorage(246)) - The storage directory /workdir/hadoop-ozone/integration-test/target/test-dir/MiniOzoneClusterImpl-31815b3f-f013-4d0f-ba9b-748432fd68af/ozone-meta/ratis/bf265839-605b-3f16-9796-c5ba1605619e does not exist. Creating ...
2019-11-08 14:36:19,924 [pool-22-thread-1] INFO  storage.RaftStorageDirectory (RaftStorageDirectory.java:tryLock(328)) - Lock on /workdir/hadoop-ozone/integration-test/target/test-dir/MiniOzoneClusterImpl-31815b3f-f013-4d0f-ba9b-748432fd68af/ozone-meta/ratis/bf265839-605b-3f16-9796-c5ba1605619e/in_use.lock acquired by nodename 4066@pr-hdds-2325-sfxkw-296739260
2019-11-08 14:36:19,958 [pool-22-thread-1] INFO  storage.RaftStorage (RaftStorage.java:format(84)) - Storage directory /workdir/hadoop-ozone/integration-test/target/test-dir/MiniOzoneClusterImpl-31815b3f-f013-4d0f-ba9b-748432fd68af/ozone-meta/ratis/bf265839-605b-3f16-9796-c5ba1605619e has been successfully formatted.
2019-11-08 14:36:19,962 [pool-22-thread-1] INFO  server.RaftServerConfigKeys (ConfUtils.java:logGet(43)) - raft.server.notification.no-leader.timeout = 120s (custom)
2019-11-08 14:36:19,965 [pool-22-thread-1] INFO  server.RaftServerConfigKeys (ConfUtils.java:logGet(43)) - raft.server.log.use.memory = false (default)
2019-11-08 14:36:19,970 [pool-22-thread-1] INFO  server.RaftServerConfigKeys (ConfUtils.java:logGet(43)) - raft.server.log.purge.gap = 1000000 (custom)
2019-11-08 14:36:19,970 [pool-22-thread-1] INFO  server.RaftServerConfigKeys (ConfUtils.java:logGet(43)) - raft.server.log.appender.buffer.byte-limit = 33554432 (custom)
2019-11-08 14:36:19,972 [pool-22-thread-1] INFO  server.RaftServerConfigKeys (ConfUtils.java:logGet(43)) - raft.server.log.segment.size.max = 16384 (custom)
2019-11-08 14:36:19,976 [pool-22-thread-1] INFO  metrics.MetricRegistries (MetricRegistriesLoader.java:load(64)) - Loaded MetricRegistries class org.apache.ratis.metrics.impl.MetricRegistriesImpl
2019-11-08 14:36:19,979 [pool-22-thread-1] WARN  impl.MetricRegistriesImpl (MetricRegistriesImpl.java:lambda$create$1(61)) - First MetricRegistry has been created without registering reporters. You may need to call MetricRegistries.global().addReportRegistration(...) before.
2019-11-08 14:36:19,984 [pool-22-thread-1] INFO  server.RaftServerConfigKeys (ConfUtils.java:logGet(43)) - raft.server.log.segment.cache.num.max = 2 (custom)
2019-11-08 14:36:19,989 [pool-22-thread-1] INFO  segmented.SegmentedRaftLogWorker (SegmentedRaftLogWorker.java:<init>(173)) - new 28c51103-6801-44d9-a8d6-169ea14be1a9@group-C5BA1605619E-SegmentedRaftLogWorker for RaftStorage:Storage Directory /workdir/hadoop-ozone/integration-test/target/test-dir/MiniOzoneClusterImpl-31815b3f-f013-4d0f-ba9b-748432fd68af/ozone-meta/ratis/bf265839-605b-3f16-9796-c5ba1605619e
2019-11-08 14:36:19,990 [pool-22-thread-1] INFO  server.RaftServerConfigKeys (ConfUtils.java:logGet(43)) - raft.server.log.queue.byte-limit = 64MB (=67108864) (default)
2019-11-08 14:36:19,991 [pool-22-thread-1] INFO  server.RaftServerConfigKeys (ConfUtils.java:logGet(43)) - raft.server.log.queue.element-limit = 4096 (default)
2019-11-08 14:36:19,992 [pool-22-thread-1] INFO  server.RaftServerConfigKeys (ConfUtils.java:logGet(43)) - raft.server.log.segment.size.max = 16384 (custom)
2019-11-08 14:36:19,993 [pool-22-thread-1] INFO  server.RaftServerConfigKeys (ConfUtils.java:logGet(43)) - raft.server.log.preallocated.size = 16384 (custom)
2019-11-08 14:36:19,993 [pool-22-thread-1] INFO  server.RaftServerConfigKeys (ConfUtils.java:logGet(43)) - raft.server.log.write.buffer.size = 64KB (=65536) (default)
2019-11-08 14:36:19,994 [pool-22-thread-1] INFO  server.RaftServerConfigKeys (ConfUtils.java:logGet(43)) - raft.server.log.force.sync.num = 128 (default)
2019-11-08 14:36:19,995 [pool-22-thread-1] INFO  server.RaftServerConfigKeys (ConfUtils.java:logGet(43)) - raft.server.log.statemachine.data.sync = true (default)
2019-11-08 14:36:19,996 [pool-22-thread-1] INFO  server.RaftServerConfigKeys (ConfUtils.java:logGet(43)) - raft.server.log.statemachine.data.sync.timeout = 10s (default)
2019-11-08 14:36:19,996 [pool-22-thread-1] INFO  server.RaftServerConfigKeys (ConfUtils.java:logGet(43)) - raft.server.log.statemachine.data.sync.timeout.retry = -1 (default)
2019-11-08 14:36:20,006 [pool-22-thread-1] INFO  server.RaftServerConfigKeys (ConfUtils.java:logGet(43)) - raft.server.log.statemachine.data.caching.enabled = false (default)
2019-11-08 14:36:20,011 [pool-22-thread-1] INFO  segmented.SegmentedRaftLogWorker (SegmentedRaftLogWorker.java:lambda$new$0(128)) - 28c51103-6801-44d9-a8d6-169ea14be1a9@group-C5BA1605619E-SegmentedRaftLogWorker: flushIndex: setUnconditionally 0 -> -1
2019-11-08 14:36:20,017 [pool-22-thread-1] INFO  server.RaftServerConfigKeys (ConfUtils.java:logGet(43)) - raft.server.snapshot.auto.trigger.enabled = true (custom)
2019-11-08 14:36:20,018 [pool-22-thread-1] INFO  server.RaftServerConfigKeys (ConfUtils.java:logGet(43)) - raft.server.snapshot.auto.trigger.threshold = 400000 (default)
2019-11-08 14:36:20,019 [pool-22-thread-1] INFO  server.RaftServerConfigKeys (ConfUtils.java:logGet(43)) - raft.server.snapshot.retention.file.num = -1 (default)
2019-11-08 14:36:20,019 [pool-22-thread-1] INFO  server.RaftServerConfigKeys (ConfUtils.java:logGet(43)) - raft.server.retrycache.expirytime = 600000ms (custom)
2019-11-08 14:36:20,037 [pool-22-thread-1] WARN  impl.MetricRegistriesImpl (MetricRegistriesImpl.java:lambda$create$1(61)) - First MetricRegistry has been created without registering reporters. You may need to call MetricRegistries.global().addReportRegistration(...) before.
2019-11-08 14:36:20,039 [pool-22-thread-1] WARN  impl.MetricRegistriesImpl (MetricRegistriesImpl.java:lambda$create$1(61)) - First MetricRegistry has been created without registering reporters. You may need to call MetricRegistries.global().addReportRegistration(...) before.
2019-11-08 14:36:20,040 [main] INFO  impl.RaftServerImpl (RaftServerImpl.java:start(184)) - 28c51103-6801-44d9-a8d6-169ea14be1a9@group-C5BA1605619E: start as a follower, conf=-1: [28c51103-6801-44d9-a8d6-169ea14be1a9:localhost:9872], old=null
2019-11-08 14:36:20,042 [main] INFO  impl.RaftServerImpl (RaftServerImpl.java:setRole(173)) - 28c51103-6801-44d9-a8d6-169ea14be1a9@group-C5BA1605619E: changes role from      null to FOLLOWER at term 0 for startAsFollower
2019-11-08 14:36:20,043 [main] INFO  impl.RoleInfo (RoleInfo.java:updateAndGet(143)) - 28c51103-6801-44d9-a8d6-169ea14be1a9: start FollowerState
2019-11-08 14:36:20,044 [main] INFO  util.JmxRegister (JmxRegister.java:tryRegister(44)) - Successfully registered JMX Bean with object name Ratis:service=RaftServer,group=group-C5BA1605619E,id=28c51103-6801-44d9-a8d6-169ea14be1a9
2019-11-08 14:36:20,046 [main] WARN  impl.MetricRegistriesImpl (MetricRegistriesImpl.java:lambda$create$1(61)) - First MetricRegistry has been created without registering reporters. You may need to call MetricRegistries.global().addReportRegistration(...) before.
2019-11-08 14:36:20,048 [main] INFO  impl.RaftServerProxy (RaftServerProxy.java:lambda$start$3(299)) - 28c51103-6801-44d9-a8d6-169ea14be1a9: start RPC server
2019-11-08 14:36:20,134 [main] INFO  server.GrpcService (GrpcService.java:startImpl(158)) - 28c51103-6801-44d9-a8d6-169ea14be1a9: GrpcService started, listening on 0.0.0.0/0.0.0.0:9872
2019-11-08 14:36:20,147 [IPC Server listener on 33428] INFO  ipc.Server (Server.java:run(1153)) - IPC Server listener on 33428: starting
2019-11-08 14:36:20,147 [IPC Server Responder] INFO  ipc.Server (Server.java:run(1314)) - IPC Server Responder: starting
2019-11-08 14:36:20,152 [main] INFO  hdfs.DFSUtil (DFSUtil.java:httpServerTemplateForNNAndJN(1641)) - Starting Web-server for ozoneManager at: http://0.0.0.0:0
2019-11-08 14:36:20,154 [main] INFO  server.AuthenticationFilter (AuthenticationFilter.java:constructSecretProvider(240)) - Unable to initialize FileSignerSecretProvider, falling back to use random secrets.
2019-11-08 14:36:20,155 [main] WARN  http.HttpRequestLog (HttpRequestLog.java:getRequestLog(97)) - Jetty request log can only be enabled using Log4j
2019-11-08 14:36:20,157 [main] INFO  http.HttpServer2 (HttpServer2.java:addGlobalFilter(975)) - Added global filter 'safety' (class=org.apache.hadoop.http.HttpServer2$QuotingInputFilter)
2019-11-08 14:36:20,158 [main] INFO  http.HttpServer2 (HttpServer2.java:addFilter(948)) - Added filter static_user_filter (class=org.apache.hadoop.http.lib.StaticUserWebFilter$StaticUserFilter) to context ozoneManager
2019-11-08 14:36:20,158 [main] INFO  http.HttpServer2 (HttpServer2.java:addFilter(958)) - Added filter static_user_filter (class=org.apache.hadoop.http.lib.StaticUserWebFilter$StaticUserFilter) to context logs
2019-11-08 14:36:20,158 [main] INFO  http.HttpServer2 (HttpServer2.java:addFilter(958)) - Added filter static_user_filter (class=org.apache.hadoop.http.lib.StaticUserWebFilter$StaticUserFilter) to context static
2019-11-08 14:36:20,161 [main] INFO  http.HttpServer2 (HttpServer2.java:bindListener(1191)) - Jetty bound to port 45595
2019-11-08 14:36:20,161 [main] INFO  server.Server (Server.java:doStart(351)) - jetty-9.3.25.v20180904, build timestamp: 2018-09-04T21:11:46Z, git hash: 3ce520221d0240229c862b122d2b06c12a625732
2019-11-08 14:36:20,163 [main] INFO  handler.ContextHandler (ContextHandler.java:doStart(781)) - Started o.e.j.s.ServletContextHandler@6c42f2a1{/logs,file:///workdir/hadoop-ozone/integration-test/target/log,AVAILABLE}
2019-11-08 14:36:20,163 [main] INFO  handler.ContextHandler (ContextHandler.java:doStart(781)) - Started o.e.j.s.ServletContextHandler@5ff2b8ca{/static,file:///workdir/hadoop-ozone/integration-test/target/test-classes/webapps/static,AVAILABLE}
2019-11-08 14:36:20,169 [main] INFO  handler.ContextHandler (ContextHandler.java:doStart(781)) - Started o.e.j.w.WebAppContext@42c28305{/,file:///workdir/hadoop-ozone/integration-test/target/test-classes/webapps/ozoneManager/,AVAILABLE}{/ozoneManager}
2019-11-08 14:36:20,169 [main] INFO  server.AbstractConnector (AbstractConnector.java:doStart(278)) - Started ServerConnector@2184b4f4{HTTP/1.1,[http/1.1]}{0.0.0.0:45595}
2019-11-08 14:36:20,171 [main] INFO  server.Server (Server.java:doStart(419)) - Started @5620ms
2019-11-08 14:36:20,171 [main] WARN  impl.MetricsSystemImpl (MetricsSystemImpl.java:register(276)) - Sink prometheus already exists!
2019-11-08 14:36:20,172 [main] INFO  server.BaseHttpServer (BaseHttpServer.java:updateConnectorAddress(215)) - HTTP server of OZONEMANAGER is listening at http://0.0.0.0:45595
2019-11-08 14:36:20,310 [main] INFO  impl.MetricsSystemImpl (MetricsSystemImpl.java:init(158)) - HddsDatanode metrics system started (again)
2019-11-08 14:36:20,352 [main] INFO  ozone.HddsDatanodeService (HddsDatanodeService.java:start(186)) - HddsDatanodeService host:pr-hdds-2325-sfxkw-296739260 ip:192.168.69.114
2019-11-08 14:36:20,381 [main] INFO  volume.HddsVolume (HddsVolume.java:<init>(176)) - Creating Volume: /workdir/hadoop-ozone/integration-test/target/test-dir/MiniOzoneClusterImpl-31815b3f-f013-4d0f-ba9b-748432fd68af/datanode-0/data/containers/hdds of  storage type : DISK and capacity : 1482555576320
2019-11-08 14:36:20,383 [main] INFO  volume.VolumeSet (VolumeSet.java:initializeVolumeSet(170)) - Added Volume : /workdir/hadoop-ozone/integration-test/target/test-dir/MiniOzoneClusterImpl-31815b3f-f013-4d0f-ba9b-748432fd68af/datanode-0/data/containers/hdds to VolumeSet
2019-11-08 14:36:20,385 [main] INFO  volume.ThrottledAsyncChecker (ThrottledAsyncChecker.java:schedule(141)) - Scheduling a check for /workdir/hadoop-ozone/integration-test/target/test-dir/MiniOzoneClusterImpl-31815b3f-f013-4d0f-ba9b-748432fd68af/datanode-0/data/containers/hdds
2019-11-08 14:36:20,400 [main] INFO  volume.HddsVolumeChecker (HddsVolumeChecker.java:checkAllVolumes(204)) - Scheduled health check for volume /workdir/hadoop-ozone/integration-test/target/test-dir/MiniOzoneClusterImpl-31815b3f-f013-4d0f-ba9b-748432fd68af/datanode-0/data/containers/hdds
2019-11-08 14:36:20,458 [main] INFO  impl.RaftServerProxy (ConfUtils.java:logGet(43)) - raft.rpc.type = GRPC (default)
2019-11-08 14:36:20,459 [main] INFO  grpc.GrpcFactory (GrpcFactory.java:checkPooledByteBufAllocatorUseCacheForAllThreads(45)) - PERFORMANCE WARNING: useCacheForAllThreads is true that may cause Netty to create a lot garbage objects and, as a result, trigger GC.
	It is recommended to disable useCacheForAllThreads by setting -Dorg.apache.ratis.thirdparty.io.netty.allocator.useCacheForAllThreads=false in command line.
2019-11-08 14:36:20,459 [main] INFO  grpc.GrpcConfigKeys$Server (ConfUtils.java:logGet(43)) - raft.grpc.server.port = 0 (default)
2019-11-08 14:36:20,459 [main] INFO  server.GrpcService (ConfUtils.java:logGet(43)) - raft.grpc.message.size.max = 33570816 (custom)
2019-11-08 14:36:20,459 [main] INFO  server.RaftServerConfigKeys (ConfUtils.java:logGet(43)) - raft.server.log.appender.buffer.byte-limit = 33554432 (custom)
2019-11-08 14:36:20,460 [main] INFO  server.GrpcService (ConfUtils.java:logGet(43)) - raft.grpc.flow.control.window = 1MB (=1048576) (default)
2019-11-08 14:36:20,460 [main] INFO  server.RaftServerConfigKeys (ConfUtils.java:logGet(43)) - raft.server.rpc.request.timeout = 3000ms (default)
2019-11-08 14:36:20,460 [main] INFO  server.RaftServerConfigKeys (ConfUtils.java:logGet(43)) - raft.server.storage.dir = [/workdir/hadoop-ozone/integration-test/target/test-dir/MiniOzoneClusterImpl-31815b3f-f013-4d0f-ba9b-748432fd68af/datanode-0/data/ratis] (custom)
2019-11-08 14:36:20,505 [main] INFO  hdfs.DFSUtil (DFSUtil.java:httpServerTemplateForNNAndJN(1641)) - Starting Web-server for hddsDatanode at: http://0.0.0.0:0
2019-11-08 14:36:20,508 [main] INFO  server.AuthenticationFilter (AuthenticationFilter.java:constructSecretProvider(240)) - Unable to initialize FileSignerSecretProvider, falling back to use random secrets.
2019-11-08 14:36:20,508 [main] WARN  http.HttpRequestLog (HttpRequestLog.java:getRequestLog(97)) - Jetty request log can only be enabled using Log4j
2019-11-08 14:36:20,511 [main] INFO  http.HttpServer2 (HttpServer2.java:addGlobalFilter(975)) - Added global filter 'safety' (class=org.apache.hadoop.http.HttpServer2$QuotingInputFilter)
2019-11-08 14:36:20,513 [main] INFO  http.HttpServer2 (HttpServer2.java:addFilter(948)) - Added filter static_user_filter (class=org.apache.hadoop.http.lib.StaticUserWebFilter$StaticUserFilter) to context hddsDatanode
2019-11-08 14:36:20,513 [main] INFO  http.HttpServer2 (HttpServer2.java:addFilter(958)) - Added filter static_user_filter (class=org.apache.hadoop.http.lib.StaticUserWebFilter$StaticUserFilter) to context logs
2019-11-08 14:36:20,513 [main] INFO  http.HttpServer2 (HttpServer2.java:addFilter(958)) - Added filter static_user_filter (class=org.apache.hadoop.http.lib.StaticUserWebFilter$StaticUserFilter) to context static
2019-11-08 14:36:20,514 [main] INFO  http.HttpServer2 (HttpServer2.java:bindListener(1191)) - Jetty bound to port 39170
2019-11-08 14:36:20,515 [main] INFO  server.Server (Server.java:doStart(351)) - jetty-9.3.25.v20180904, build timestamp: 2018-09-04T21:11:46Z, git hash: 3ce520221d0240229c862b122d2b06c12a625732
2019-11-08 14:36:20,517 [main] INFO  handler.ContextHandler (ContextHandler.java:doStart(781)) - Started o.e.j.s.ServletContextHandler@1a22e0ef{/logs,file:///workdir/hadoop-ozone/integration-test/target/log,AVAILABLE}
2019-11-08 14:36:20,518 [main] INFO  handler.ContextHandler (ContextHandler.java:doStart(781)) - Started o.e.j.s.ServletContextHandler@3b920bdc{/static,jar:file:/home/user/.m2/repository/org/apache/hadoop/hadoop-hdds-container-service/0.5.0-SNAPSHOT/hadoop-hdds-container-service-0.5.0-SNAPSHOT.jar!/webapps/static,AVAILABLE}
2019-11-08 14:36:20,555 [main] INFO  handler.ContextHandler (ContextHandler.java:doStart(781)) - Started o.e.j.w.WebAppContext@64db4967{/,file:///tmp/jetty-0.0.0.0-39170-hddsDatanode-_-any-5442888358242623585.dir/webapp/,AVAILABLE}{/hddsDatanode}
2019-11-08 14:36:20,556 [main] INFO  server.AbstractConnector (AbstractConnector.java:doStart(278)) - Started ServerConnector@74e6094b{HTTP/1.1,[http/1.1]}{0.0.0.0:39170}
2019-11-08 14:36:20,556 [main] INFO  server.Server (Server.java:doStart(419)) - Started @6006ms
2019-11-08 14:36:20,557 [main] WARN  impl.MetricsSystemImpl (MetricsSystemImpl.java:register(276)) - Sink prometheus already exists!
2019-11-08 14:36:20,558 [main] INFO  server.BaseHttpServer (BaseHttpServer.java:updateConnectorAddress(215)) - HTTP server of HDDSDATANODE is listening at http://0.0.0.0:39170
2019-11-08 14:36:20,559 [main] INFO  impl.MetricsSystemImpl (MetricsSystemImpl.java:init(158)) - HddsDatanode metrics system started (again)
2019-11-08 14:36:20,561 [main] INFO  ozone.HddsDatanodeService (HddsDatanodeService.java:start(186)) - HddsDatanodeService host:pr-hdds-2325-sfxkw-296739260 ip:192.168.69.114
2019-11-08 14:36:20,563 [org.apache.hadoop.util.JvmPauseMonitor$Monitor@206ef34a] INFO  util.JvmPauseMonitor (JvmPauseMonitor.java:run(188)) - Starting JVM pause monitor
2019-11-08 14:36:20,570 [main] INFO  volume.HddsVolume (HddsVolume.java:<init>(176)) - Creating Volume: /workdir/hadoop-ozone/integration-test/target/test-dir/MiniOzoneClusterImpl-31815b3f-f013-4d0f-ba9b-748432fd68af/datanode-1/data/containers/hdds of  storage type : DISK and capacity : 1482555576320
2019-11-08 14:36:20,570 [main] INFO  volume.VolumeSet (VolumeSet.java:initializeVolumeSet(170)) - Added Volume : /workdir/hadoop-ozone/integration-test/target/test-dir/MiniOzoneClusterImpl-31815b3f-f013-4d0f-ba9b-748432fd68af/datanode-1/data/containers/hdds to VolumeSet
2019-11-08 14:36:20,570 [main] INFO  volume.ThrottledAsyncChecker (ThrottledAsyncChecker.java:schedule(141)) - Scheduling a check for /workdir/hadoop-ozone/integration-test/target/test-dir/MiniOzoneClusterImpl-31815b3f-f013-4d0f-ba9b-748432fd68af/datanode-1/data/containers/hdds
2019-11-08 14:36:20,571 [main] INFO  volume.HddsVolumeChecker (HddsVolumeChecker.java:checkAllVolumes(204)) - Scheduled health check for volume /workdir/hadoop-ozone/integration-test/target/test-dir/MiniOzoneClusterImpl-31815b3f-f013-4d0f-ba9b-748432fd68af/datanode-1/data/containers/hdds
2019-11-08 14:36:20,589 [main] INFO  impl.RaftServerProxy (ConfUtils.java:logGet(43)) - raft.rpc.type = GRPC (default)
2019-11-08 14:36:20,589 [main] INFO  grpc.GrpcFactory (GrpcFactory.java:checkPooledByteBufAllocatorUseCacheForAllThreads(45)) - PERFORMANCE WARNING: useCacheForAllThreads is true that may cause Netty to create a lot garbage objects and, as a result, trigger GC.
	It is recommended to disable useCacheForAllThreads by setting -Dorg.apache.ratis.thirdparty.io.netty.allocator.useCacheForAllThreads=false in command line.
2019-11-08 14:36:20,589 [main] INFO  grpc.GrpcConfigKeys$Server (ConfUtils.java:logGet(43)) - raft.grpc.server.port = 0 (default)
2019-11-08 14:36:20,590 [main] INFO  server.GrpcService (ConfUtils.java:logGet(43)) - raft.grpc.message.size.max = 33570816 (custom)
2019-11-08 14:36:20,590 [main] INFO  server.RaftServerConfigKeys (ConfUtils.java:logGet(43)) - raft.server.log.appender.buffer.byte-limit = 33554432 (custom)
2019-11-08 14:36:20,590 [main] INFO  server.GrpcService (ConfUtils.java:logGet(43)) - raft.grpc.flow.control.window = 1MB (=1048576) (default)
2019-11-08 14:36:20,590 [main] INFO  server.RaftServerConfigKeys (ConfUtils.java:logGet(43)) - raft.server.rpc.request.timeout = 3000ms (default)
2019-11-08 14:36:20,592 [main] INFO  server.RaftServerConfigKeys (ConfUtils.java:logGet(43)) - raft.server.storage.dir = [/workdir/hadoop-ozone/integration-test/target/test-dir/MiniOzoneClusterImpl-31815b3f-f013-4d0f-ba9b-748432fd68af/datanode-1/data/ratis] (custom)
2019-11-08 14:36:20,594 [main] INFO  hdfs.DFSUtil (DFSUtil.java:httpServerTemplateForNNAndJN(1641)) - Starting Web-server for hddsDatanode at: http://0.0.0.0:0
2019-11-08 14:36:20,595 [main] INFO  server.AuthenticationFilter (AuthenticationFilter.java:constructSecretProvider(240)) - Unable to initialize FileSignerSecretProvider, falling back to use random secrets.
2019-11-08 14:36:20,596 [main] WARN  http.HttpRequestLog (HttpRequestLog.java:getRequestLog(97)) - Jetty request log can only be enabled using Log4j
2019-11-08 14:36:20,597 [main] INFO  http.HttpServer2 (HttpServer2.java:addGlobalFilter(975)) - Added global filter 'safety' (class=org.apache.hadoop.http.HttpServer2$QuotingInputFilter)
2019-11-08 14:36:20,598 [main] INFO  http.HttpServer2 (HttpServer2.java:addFilter(948)) - Added filter static_user_filter (class=org.apache.hadoop.http.lib.StaticUserWebFilter$StaticUserFilter) to context hddsDatanode
2019-11-08 14:36:20,598 [main] INFO  http.HttpServer2 (HttpServer2.java:addFilter(958)) - Added filter static_user_filter (class=org.apache.hadoop.http.lib.StaticUserWebFilter$StaticUserFilter) to context static
2019-11-08 14:36:20,598 [main] INFO  http.HttpServer2 (HttpServer2.java:addFilter(958)) - Added filter static_user_filter (class=org.apache.hadoop.http.lib.StaticUserWebFilter$StaticUserFilter) to context logs
2019-11-08 14:36:20,599 [main] INFO  http.HttpServer2 (HttpServer2.java:bindListener(1191)) - Jetty bound to port 37486
2019-11-08 14:36:20,600 [main] INFO  server.Server (Server.java:doStart(351)) - jetty-9.3.25.v20180904, build timestamp: 2018-09-04T21:11:46Z, git hash: 3ce520221d0240229c862b122d2b06c12a625732
2019-11-08 14:36:20,602 [main] INFO  handler.ContextHandler (ContextHandler.java:doStart(781)) - Started o.e.j.s.ServletContextHandler@5f254608{/logs,file:///workdir/hadoop-ozone/integration-test/target/log,AVAILABLE}
2019-11-08 14:36:20,603 [main] INFO  handler.ContextHandler (ContextHandler.java:doStart(781)) - Started o.e.j.s.ServletContextHandler@1b1c538d{/static,jar:file:/home/user/.m2/repository/org/apache/hadoop/hadoop-hdds-container-service/0.5.0-SNAPSHOT/hadoop-hdds-container-service-0.5.0-SNAPSHOT.jar!/webapps/static,AVAILABLE}
2019-11-08 14:36:20,632 [main] INFO  handler.ContextHandler (ContextHandler.java:doStart(781)) - Started o.e.j.w.WebAppContext@188ac8a3{/,file:///tmp/jetty-0.0.0.0-37486-hddsDatanode-_-any-939214882401209371.dir/webapp/,AVAILABLE}{/hddsDatanode}
2019-11-08 14:36:20,632 [main] INFO  server.AbstractConnector (AbstractConnector.java:doStart(278)) - Started ServerConnector@3650d4fc{HTTP/1.1,[http/1.1]}{0.0.0.0:37486}
2019-11-08 14:36:20,633 [main] INFO  server.Server (Server.java:doStart(419)) - Started @6084ms
2019-11-08 14:36:20,634 [main] WARN  impl.MetricsSystemImpl (MetricsSystemImpl.java:register(276)) - Sink prometheus already exists!
2019-11-08 14:36:20,635 [main] INFO  server.BaseHttpServer (BaseHttpServer.java:updateConnectorAddress(215)) - HTTP server of HDDSDATANODE is listening at http://0.0.0.0:37486
2019-11-08 14:36:20,635 [main] INFO  impl.MetricsSystemImpl (MetricsSystemImpl.java:init(158)) - HddsDatanode metrics system started (again)
2019-11-08 14:36:20,637 [org.apache.hadoop.util.JvmPauseMonitor$Monitor@5bc47473] INFO  util.JvmPauseMonitor (JvmPauseMonitor.java:run(188)) - Starting JVM pause monitor
2019-11-08 14:36:20,638 [main] INFO  ozone.HddsDatanodeService (HddsDatanodeService.java:start(186)) - HddsDatanodeService host:pr-hdds-2325-sfxkw-296739260 ip:192.168.69.114
2019-11-08 14:36:20,645 [main] INFO  volume.HddsVolume (HddsVolume.java:<init>(176)) - Creating Volume: /workdir/hadoop-ozone/integration-test/target/test-dir/MiniOzoneClusterImpl-31815b3f-f013-4d0f-ba9b-748432fd68af/datanode-2/data/containers/hdds of  storage type : DISK and capacity : 1482555576320
2019-11-08 14:36:20,649 [main] INFO  volume.VolumeSet (VolumeSet.java:initializeVolumeSet(170)) - Added Volume : /workdir/hadoop-ozone/integration-test/target/test-dir/MiniOzoneClusterImpl-31815b3f-f013-4d0f-ba9b-748432fd68af/datanode-2/data/containers/hdds to VolumeSet
2019-11-08 14:36:20,650 [main] INFO  volume.ThrottledAsyncChecker (ThrottledAsyncChecker.java:schedule(141)) - Scheduling a check for /workdir/hadoop-ozone/integration-test/target/test-dir/MiniOzoneClusterImpl-31815b3f-f013-4d0f-ba9b-748432fd68af/datanode-2/data/containers/hdds
2019-11-08 14:36:20,651 [main] INFO  volume.HddsVolumeChecker (HddsVolumeChecker.java:checkAllVolumes(204)) - Scheduled health check for volume /workdir/hadoop-ozone/integration-test/target/test-dir/MiniOzoneClusterImpl-31815b3f-f013-4d0f-ba9b-748432fd68af/datanode-2/data/containers/hdds
2019-11-08 14:36:20,662 [Datanode State Machine Thread - 0] INFO  datanode.InitDatanodeState (InitDatanodeState.java:persistContainerDatanodeDetails(140)) - DatanodeDetails is persisted to /workdir/hadoop-ozone/integration-test/target/test-dir/MiniOzoneClusterImpl-31815b3f-f013-4d0f-ba9b-748432fd68af/datanode-0/meta/datanode.id
2019-11-08 14:36:20,665 [Datanode State Machine Thread - 0] INFO  datanode.InitDatanodeState (InitDatanodeState.java:persistContainerDatanodeDetails(140)) - DatanodeDetails is persisted to /workdir/hadoop-ozone/integration-test/target/test-dir/MiniOzoneClusterImpl-31815b3f-f013-4d0f-ba9b-748432fd68af/datanode-1/meta/datanode.id
2019-11-08 14:36:20,667 [main] INFO  impl.RaftServerProxy (ConfUtils.java:logGet(43)) - raft.rpc.type = GRPC (default)
2019-11-08 14:36:20,668 [main] INFO  grpc.GrpcFactory (GrpcFactory.java:checkPooledByteBufAllocatorUseCacheForAllThreads(45)) - PERFORMANCE WARNING: useCacheForAllThreads is true that may cause Netty to create a lot garbage objects and, as a result, trigger GC.
	It is recommended to disable useCacheForAllThreads by setting -Dorg.apache.ratis.thirdparty.io.netty.allocator.useCacheForAllThreads=false in command line.
2019-11-08 14:36:20,668 [main] INFO  grpc.GrpcConfigKeys$Server (ConfUtils.java:logGet(43)) - raft.grpc.server.port = 0 (default)
2019-11-08 14:36:20,668 [main] INFO  server.GrpcService (ConfUtils.java:logGet(43)) - raft.grpc.message.size.max = 33570816 (custom)
2019-11-08 14:36:20,668 [main] INFO  server.RaftServerConfigKeys (ConfUtils.java:logGet(43)) - raft.server.log.appender.buffer.byte-limit = 33554432 (custom)
2019-11-08 14:36:20,669 [main] INFO  server.GrpcService (ConfUtils.java:logGet(43)) - raft.grpc.flow.control.window = 1MB (=1048576) (default)
2019-11-08 14:36:20,669 [main] INFO  server.RaftServerConfigKeys (ConfUtils.java:logGet(43)) - raft.server.rpc.request.timeout = 3000ms (default)
2019-11-08 14:36:20,670 [main] INFO  server.RaftServerConfigKeys (ConfUtils.java:logGet(43)) - raft.server.storage.dir = [/workdir/hadoop-ozone/integration-test/target/test-dir/MiniOzoneClusterImpl-31815b3f-f013-4d0f-ba9b-748432fd68af/datanode-2/data/ratis] (custom)
2019-11-08 14:36:20,672 [main] INFO  hdfs.DFSUtil (DFSUtil.java:httpServerTemplateForNNAndJN(1641)) - Starting Web-server for hddsDatanode at: http://0.0.0.0:0
2019-11-08 14:36:20,673 [main] INFO  server.AuthenticationFilter (AuthenticationFilter.java:constructSecretProvider(240)) - Unable to initialize FileSignerSecretProvider, falling back to use random secrets.
2019-11-08 14:36:20,674 [main] WARN  http.HttpRequestLog (HttpRequestLog.java:getRequestLog(97)) - Jetty request log can only be enabled using Log4j
2019-11-08 14:36:20,676 [main] INFO  http.HttpServer2 (HttpServer2.java:addGlobalFilter(975)) - Added global filter 'safety' (class=org.apache.hadoop.http.HttpServer2$QuotingInputFilter)
2019-11-08 14:36:20,677 [main] INFO  http.HttpServer2 (HttpServer2.java:addFilter(948)) - Added filter static_user_filter (class=org.apache.hadoop.http.lib.StaticUserWebFilter$StaticUserFilter) to context hddsDatanode
2019-11-08 14:36:20,677 [main] INFO  http.HttpServer2 (HttpServer2.java:addFilter(958)) - Added filter static_user_filter (class=org.apache.hadoop.http.lib.StaticUserWebFilter$StaticUserFilter) to context logs
2019-11-08 14:36:20,677 [main] INFO  http.HttpServer2 (HttpServer2.java:addFilter(958)) - Added filter static_user_filter (class=org.apache.hadoop.http.lib.StaticUserWebFilter$StaticUserFilter) to context static
2019-11-08 14:36:20,678 [main] INFO  http.HttpServer2 (HttpServer2.java:bindListener(1191)) - Jetty bound to port 41748
2019-11-08 14:36:20,678 [main] INFO  server.Server (Server.java:doStart(351)) - jetty-9.3.25.v20180904, build timestamp: 2018-09-04T21:11:46Z, git hash: 3ce520221d0240229c862b122d2b06c12a625732
2019-11-08 14:36:20,680 [main] INFO  handler.ContextHandler (ContextHandler.java:doStart(781)) - Started o.e.j.s.ServletContextHandler@4b74b35{/logs,file:///workdir/hadoop-ozone/integration-test/target/log,AVAILABLE}
2019-11-08 14:36:20,681 [main] INFO  handler.ContextHandler (ContextHandler.java:doStart(781)) - Started o.e.j.s.ServletContextHandler@6d11ceef{/static,jar:file:/home/user/.m2/repository/org/apache/hadoop/hadoop-hdds-container-service/0.5.0-SNAPSHOT/hadoop-hdds-container-service-0.5.0-SNAPSHOT.jar!/webapps/static,AVAILABLE}
2019-11-08 14:36:20,728 [main] INFO  handler.ContextHandler (ContextHandler.java:doStart(781)) - Started o.e.j.w.WebAppContext@512575e9{/,file:///tmp/jetty-0.0.0.0-41748-hddsDatanode-_-any-5873296846121255229.dir/webapp/,AVAILABLE}{/hddsDatanode}
2019-11-08 14:36:20,730 [main] INFO  server.AbstractConnector (AbstractConnector.java:doStart(278)) - Started ServerConnector@6f1a16fe{HTTP/1.1,[http/1.1]}{0.0.0.0:41748}
2019-11-08 14:36:20,730 [main] INFO  server.Server (Server.java:doStart(419)) - Started @6181ms
2019-11-08 14:36:20,731 [main] WARN  impl.MetricsSystemImpl (MetricsSystemImpl.java:register(276)) - Sink prometheus already exists!
2019-11-08 14:36:20,732 [main] INFO  server.BaseHttpServer (BaseHttpServer.java:updateConnectorAddress(215)) - HTTP server of HDDSDATANODE is listening at http://0.0.0.0:41748
2019-11-08 14:36:20,733 [main] INFO  impl.MetricsSystemImpl (MetricsSystemImpl.java:init(158)) - HddsDatanode metrics system started (again)
2019-11-08 14:36:20,735 [org.apache.hadoop.util.JvmPauseMonitor$Monitor@627415b7] INFO  util.JvmPauseMonitor (JvmPauseMonitor.java:run(188)) - Starting JVM pause monitor
2019-11-08 14:36:20,736 [main] INFO  ozone.HddsDatanodeService (HddsDatanodeService.java:start(186)) - HddsDatanodeService host:pr-hdds-2325-sfxkw-296739260 ip:192.168.69.114
2019-11-08 14:36:20,738 [Datanode State Machine Thread - 0] INFO  datanode.InitDatanodeState (InitDatanodeState.java:persistContainerDatanodeDetails(140)) - DatanodeDetails is persisted to /workdir/hadoop-ozone/integration-test/target/test-dir/MiniOzoneClusterImpl-31815b3f-f013-4d0f-ba9b-748432fd68af/datanode-2/meta/datanode.id
2019-11-08 14:36:20,743 [main] INFO  volume.HddsVolume (HddsVolume.java:<init>(176)) - Creating Volume: /workdir/hadoop-ozone/integration-test/target/test-dir/MiniOzoneClusterImpl-31815b3f-f013-4d0f-ba9b-748432fd68af/datanode-3/data/containers/hdds of  storage type : DISK and capacity : 1482555576320
2019-11-08 14:36:20,744 [main] INFO  volume.VolumeSet (VolumeSet.java:initializeVolumeSet(170)) - Added Volume : /workdir/hadoop-ozone/integration-test/target/test-dir/MiniOzoneClusterImpl-31815b3f-f013-4d0f-ba9b-748432fd68af/datanode-3/data/containers/hdds to VolumeSet
2019-11-08 14:36:20,744 [main] INFO  volume.ThrottledAsyncChecker (ThrottledAsyncChecker.java:schedule(141)) - Scheduling a check for /workdir/hadoop-ozone/integration-test/target/test-dir/MiniOzoneClusterImpl-31815b3f-f013-4d0f-ba9b-748432fd68af/datanode-3/data/containers/hdds
2019-11-08 14:36:20,744 [main] INFO  volume.HddsVolumeChecker (HddsVolumeChecker.java:checkAllVolumes(204)) - Scheduled health check for volume /workdir/hadoop-ozone/integration-test/target/test-dir/MiniOzoneClusterImpl-31815b3f-f013-4d0f-ba9b-748432fd68af/datanode-3/data/containers/hdds
2019-11-08 14:36:20,762 [main] INFO  impl.RaftServerProxy (ConfUtils.java:logGet(43)) - raft.rpc.type = GRPC (default)
2019-11-08 14:36:20,762 [main] INFO  grpc.GrpcFactory (GrpcFactory.java:checkPooledByteBufAllocatorUseCacheForAllThreads(45)) - PERFORMANCE WARNING: useCacheForAllThreads is true that may cause Netty to create a lot garbage objects and, as a result, trigger GC.
	It is recommended to disable useCacheForAllThreads by setting -Dorg.apache.ratis.thirdparty.io.netty.allocator.useCacheForAllThreads=false in command line.
2019-11-08 14:36:20,763 [main] INFO  grpc.GrpcConfigKeys$Server (ConfUtils.java:logGet(43)) - raft.grpc.server.port = 0 (default)
2019-11-08 14:36:20,763 [main] INFO  server.GrpcService (ConfUtils.java:logGet(43)) - raft.grpc.message.size.max = 33570816 (custom)
2019-11-08 14:36:20,763 [main] INFO  server.RaftServerConfigKeys (ConfUtils.java:logGet(43)) - raft.server.log.appender.buffer.byte-limit = 33554432 (custom)
2019-11-08 14:36:20,763 [main] INFO  server.GrpcService (ConfUtils.java:logGet(43)) - raft.grpc.flow.control.window = 1MB (=1048576) (default)
2019-11-08 14:36:20,764 [main] INFO  server.RaftServerConfigKeys (ConfUtils.java:logGet(43)) - raft.server.rpc.request.timeout = 3000ms (default)
2019-11-08 14:36:20,764 [main] INFO  server.RaftServerConfigKeys (ConfUtils.java:logGet(43)) - raft.server.storage.dir = [/workdir/hadoop-ozone/integration-test/target/test-dir/MiniOzoneClusterImpl-31815b3f-f013-4d0f-ba9b-748432fd68af/datanode-3/data/ratis] (custom)
2019-11-08 14:36:20,779 [main] INFO  hdfs.DFSUtil (DFSUtil.java:httpServerTemplateForNNAndJN(1641)) - Starting Web-server for hddsDatanode at: http://0.0.0.0:0
2019-11-08 14:36:20,780 [main] INFO  server.AuthenticationFilter (AuthenticationFilter.java:constructSecretProvider(240)) - Unable to initialize FileSignerSecretProvider, falling back to use random secrets.
2019-11-08 14:36:20,781 [main] WARN  http.HttpRequestLog (HttpRequestLog.java:getRequestLog(97)) - Jetty request log can only be enabled using Log4j
2019-11-08 14:36:20,782 [main] INFO  http.HttpServer2 (HttpServer2.java:addGlobalFilter(975)) - Added global filter 'safety' (class=org.apache.hadoop.http.HttpServer2$QuotingInputFilter)
2019-11-08 14:36:20,783 [main] INFO  http.HttpServer2 (HttpServer2.java:addFilter(948)) - Added filter static_user_filter (class=org.apache.hadoop.http.lib.StaticUserWebFilter$StaticUserFilter) to context hddsDatanode
2019-11-08 14:36:20,783 [main] INFO  http.HttpServer2 (HttpServer2.java:addFilter(958)) - Added filter static_user_filter (class=org.apache.hadoop.http.lib.StaticUserWebFilter$StaticUserFilter) to context logs
2019-11-08 14:36:20,783 [main] INFO  http.HttpServer2 (HttpServer2.java:addFilter(958)) - Added filter static_user_filter (class=org.apache.hadoop.http.lib.StaticUserWebFilter$StaticUserFilter) to context static
2019-11-08 14:36:20,784 [main] INFO  http.HttpServer2 (HttpServer2.java:bindListener(1191)) - Jetty bound to port 33443
2019-11-08 14:36:20,784 [main] INFO  server.Server (Server.java:doStart(351)) - jetty-9.3.25.v20180904, build timestamp: 2018-09-04T21:11:46Z, git hash: 3ce520221d0240229c862b122d2b06c12a625732
2019-11-08 14:36:20,787 [main] INFO  handler.ContextHandler (ContextHandler.java:doStart(781)) - Started o.e.j.s.ServletContextHandler@7f93dd4e{/logs,file:///workdir/hadoop-ozone/integration-test/target/log,AVAILABLE}
2019-11-08 14:36:20,787 [main] INFO  handler.ContextHandler (ContextHandler.java:doStart(781)) - Started o.e.j.s.ServletContextHandler@3ad85136{/static,jar:file:/home/user/.m2/repository/org/apache/hadoop/hadoop-hdds-container-service/0.5.0-SNAPSHOT/hadoop-hdds-container-service-0.5.0-SNAPSHOT.jar!/webapps/static,AVAILABLE}
2019-11-08 14:36:20,817 [main] INFO  handler.ContextHandler (ContextHandler.java:doStart(781)) - Started o.e.j.w.WebAppContext@80bfa9d{/,file:///tmp/jetty-0.0.0.0-33443-hddsDatanode-_-any-8728784958405341630.dir/webapp/,AVAILABLE}{/hddsDatanode}
2019-11-08 14:36:20,818 [main] INFO  server.AbstractConnector (AbstractConnector.java:doStart(278)) - Started ServerConnector@47c40b56{HTTP/1.1,[http/1.1]}{0.0.0.0:33443}
2019-11-08 14:36:20,819 [main] INFO  server.Server (Server.java:doStart(419)) - Started @6270ms
2019-11-08 14:36:20,819 [main] WARN  impl.MetricsSystemImpl (MetricsSystemImpl.java:register(276)) - Sink prometheus already exists!
2019-11-08 14:36:20,820 [main] INFO  server.BaseHttpServer (BaseHttpServer.java:updateConnectorAddress(215)) - HTTP server of HDDSDATANODE is listening at http://0.0.0.0:33443
2019-11-08 14:36:20,822 [main] INFO  ozone.MiniOzoneClusterImpl (MiniOzoneClusterImpl.java:lambda$waitForClusterToBeReady$0(147)) - Waiting for cluster to be ready. Got 0 of 4 DN Heartbeats.
2019-11-08 14:36:20,822 [org.apache.hadoop.util.JvmPauseMonitor$Monitor@3408a68a] INFO  util.JvmPauseMonitor (JvmPauseMonitor.java:run(188)) - Starting JVM pause monitor
2019-11-08 14:36:20,824 [Datanode State Machine Thread - 0] INFO  datanode.InitDatanodeState (InitDatanodeState.java:persistContainerDatanodeDetails(140)) - DatanodeDetails is persisted to /workdir/hadoop-ozone/integration-test/target/test-dir/MiniOzoneClusterImpl-31815b3f-f013-4d0f-ba9b-748432fd68af/datanode-3/meta/datanode.id
2019-11-08 14:36:21,215 [Thread-93] INFO  impl.FollowerState (FollowerState.java:run(111)) - 28c51103-6801-44d9-a8d6-169ea14be1a9@group-C5BA1605619E-FollowerState: change to CANDIDATE, lastRpcTime:1173ms, electionTimeout:1172ms
2019-11-08 14:36:21,217 [Thread-93] INFO  impl.RoleInfo (RoleInfo.java:shutdownFollowerState(121)) - 28c51103-6801-44d9-a8d6-169ea14be1a9: shutdown FollowerState
2019-11-08 14:36:21,218 [Thread-93] INFO  impl.RaftServerImpl (RaftServerImpl.java:setRole(173)) - 28c51103-6801-44d9-a8d6-169ea14be1a9@group-C5BA1605619E: changes role from  FOLLOWER to CANDIDATE at term 0 for changeToCandidate
2019-11-08 14:36:21,221 [Thread-93] INFO  impl.RoleInfo (RoleInfo.java:updateAndGet(143)) - 28c51103-6801-44d9-a8d6-169ea14be1a9: start LeaderElection
2019-11-08 14:36:21,254 [28c51103-6801-44d9-a8d6-169ea14be1a9@group-C5BA1605619E-LeaderElection1] INFO  impl.LeaderElection (LeaderElection.java:askForVotes(178)) - 28c51103-6801-44d9-a8d6-169ea14be1a9@group-C5BA1605619E-LeaderElection1: begin an election at term 1 for -1: [28c51103-6801-44d9-a8d6-169ea14be1a9:localhost:9872], old=null
2019-11-08 14:36:21,256 [28c51103-6801-44d9-a8d6-169ea14be1a9@group-C5BA1605619E-LeaderElection1] INFO  impl.RoleInfo (RoleInfo.java:shutdownLeaderElection(134)) - 28c51103-6801-44d9-a8d6-169ea14be1a9: shutdown LeaderElection
2019-11-08 14:36:21,256 [28c51103-6801-44d9-a8d6-169ea14be1a9@group-C5BA1605619E-LeaderElection1] INFO  impl.RaftServerImpl (RaftServerImpl.java:setRole(173)) - 28c51103-6801-44d9-a8d6-169ea14be1a9@group-C5BA1605619E: changes role from CANDIDATE to LEADER at term 1 for changeToLeader
2019-11-08 14:36:21,257 [28c51103-6801-44d9-a8d6-169ea14be1a9@group-C5BA1605619E-LeaderElection1] INFO  impl.RaftServerImpl (ServerState.java:setLeader(255)) - 28c51103-6801-44d9-a8d6-169ea14be1a9@group-C5BA1605619E: change Leader from null to 28c51103-6801-44d9-a8d6-169ea14be1a9 at term 1 for becomeLeader, leader elected after 1294ms
2019-11-08 14:36:21,261 [28c51103-6801-44d9-a8d6-169ea14be1a9@group-C5BA1605619E-LeaderElection1] INFO  server.RaftServerConfigKeys (ConfUtils.java:logGet(43)) - raft.server.staging.catchup.gap = 1000 (default)
2019-11-08 14:36:21,261 [28c51103-6801-44d9-a8d6-169ea14be1a9@group-C5BA1605619E-LeaderElection1] INFO  server.RaftServerConfigKeys (ConfUtils.java:logGet(43)) - raft.server.rpc.sleep.time = 25ms (default)
2019-11-08 14:36:21,264 [28c51103-6801-44d9-a8d6-169ea14be1a9@group-C5BA1605619E-LeaderElection1] INFO  server.RaftServerConfigKeys (ConfUtils.java:logGet(43)) - raft.server.write.element-limit = 4096 (default)
2019-11-08 14:36:21,267 [28c51103-6801-44d9-a8d6-169ea14be1a9@group-C5BA1605619E-LeaderElection1] INFO  server.RaftServerConfigKeys (ConfUtils.java:logGet(43)) - raft.server.watch.timeout = 10s (default)
2019-11-08 14:36:21,268 [28c51103-6801-44d9-a8d6-169ea14be1a9@group-C5BA1605619E-LeaderElection1] INFO  server.RaftServerConfigKeys (ConfUtils.java:logGet(43)) - raft.server.watch.timeout.denomination = 1s (default)
2019-11-08 14:36:21,268 [28c51103-6801-44d9-a8d6-169ea14be1a9@group-C5BA1605619E-LeaderElection1] INFO  server.RaftServerConfigKeys (ConfUtils.java:logGet(43)) - raft.server.watch.element-limit = 65536 (default)
2019-11-08 14:36:21,277 [28c51103-6801-44d9-a8d6-169ea14be1a9@group-C5BA1605619E-LeaderElection1] INFO  impl.RoleInfo (RoleInfo.java:updateAndGet(143)) - 28c51103-6801-44d9-a8d6-169ea14be1a9: start LeaderState
2019-11-08 14:36:21,294 [28c51103-6801-44d9-a8d6-169ea14be1a9@group-C5BA1605619E-LeaderElection1] INFO  segmented.SegmentedRaftLogWorker (SegmentedRaftLogWorker.java:startLogSegment(385)) - 28c51103-6801-44d9-a8d6-169ea14be1a9@group-C5BA1605619E-SegmentedRaftLogWorker: Starting segment from index:0
2019-11-08 14:36:21,310 [28c51103-6801-44d9-a8d6-169ea14be1a9@group-C5BA1605619E-LeaderElection1] INFO  impl.RaftServerImpl (ServerState.java:setRaftConf(356)) - 28c51103-6801-44d9-a8d6-169ea14be1a9@group-C5BA1605619E: set configuration 0: [28c51103-6801-44d9-a8d6-169ea14be1a9:localhost:9872], old=null at 0
2019-11-08 14:36:21,416 [28c51103-6801-44d9-a8d6-169ea14be1a9@group-C5BA1605619E-SegmentedRaftLogWorker] INFO  segmented.SegmentedRaftLogWorker (SegmentedRaftLogWorker.java:execute(576)) - 28c51103-6801-44d9-a8d6-169ea14be1a9@group-C5BA1605619E-SegmentedRaftLogWorker: created new log segment /workdir/hadoop-ozone/integration-test/target/test-dir/MiniOzoneClusterImpl-31815b3f-f013-4d0f-ba9b-748432fd68af/ozone-meta/ratis/bf265839-605b-3f16-9796-c5ba1605619e/current/log_inprogress_0
2019-11-08 14:36:21,822 [main] INFO  ozone.MiniOzoneClusterImpl (MiniOzoneClusterImpl.java:lambda$waitForClusterToBeReady$0(147)) - Waiting for cluster to be ready. Got 0 of 4 DN Heartbeats.
2019-11-08 14:36:22,644 [Datanode State Machine Thread - 0] INFO  ozoneimpl.OzoneContainer (OzoneContainer.java:start(230)) - Attempting to start container services.
2019-11-08 14:36:22,647 [Datanode State Machine Thread - 0] INFO  ozoneimpl.OzoneContainer (OzoneContainer.java:startContainerScrub(194)) - Background container scanner has been disabled.
2019-11-08 14:36:22,647 [Datanode State Machine Thread - 0] INFO  ratis.XceiverServerRatis (XceiverServerRatis.java:start(414)) - Starting XceiverServerRatis 1c9196d7-26f1-44ae-a12b-13f4355dd0c1 at port 0
2019-11-08 14:36:22,653 [Datanode State Machine Thread - 0] INFO  impl.RaftServerProxy (RaftServerProxy.java:lambda$start$3(299)) - 1c9196d7-26f1-44ae-a12b-13f4355dd0c1: start RPC server
2019-11-08 14:36:22,656 [Datanode State Machine Thread - 0] INFO  server.GrpcService (GrpcService.java:startImpl(158)) - 1c9196d7-26f1-44ae-a12b-13f4355dd0c1: GrpcService started, listening on 0.0.0.0/0.0.0.0:41036
2019-11-08 14:36:22,656 [Datanode State Machine Thread - 0] INFO  ratis.XceiverServerRatis (XceiverServerRatis.java:start(424)) - XceiverServerRatis 1c9196d7-26f1-44ae-a12b-13f4355dd0c1 is started using port 41036
2019-11-08 14:36:22,658 [Datanode State Machine Thread - 0] INFO  server.XceiverServerGrpc (XceiverServerGrpc.java:start(145)) - XceiverServerGrpc 1c9196d7-26f1-44ae-a12b-13f4355dd0c1 is started using port 39780
2019-11-08 14:36:22,668 [Datanode State Machine Thread - 0] INFO  ozoneimpl.OzoneContainer (OzoneContainer.java:start(230)) - Attempting to start container services.
2019-11-08 14:36:22,673 [Datanode State Machine Thread - 0] INFO  ozoneimpl.OzoneContainer (OzoneContainer.java:startContainerScrub(194)) - Background container scanner has been disabled.
2019-11-08 14:36:22,673 [Datanode State Machine Thread - 0] INFO  ratis.XceiverServerRatis (XceiverServerRatis.java:start(414)) - Starting XceiverServerRatis bc1b5d93-f3a8-4a29-93bf-fea7f0515f10 at port 0
2019-11-08 14:36:22,681 [Datanode State Machine Thread - 0] INFO  impl.RaftServerProxy (RaftServerProxy.java:lambda$start$3(299)) - bc1b5d93-f3a8-4a29-93bf-fea7f0515f10: start RPC server
2019-11-08 14:36:22,684 [Datanode State Machine Thread - 0] INFO  server.GrpcService (GrpcService.java:startImpl(158)) - bc1b5d93-f3a8-4a29-93bf-fea7f0515f10: GrpcService started, listening on 0.0.0.0/0.0.0.0:39036
2019-11-08 14:36:22,684 [Datanode State Machine Thread - 0] INFO  ratis.XceiverServerRatis (XceiverServerRatis.java:start(424)) - XceiverServerRatis bc1b5d93-f3a8-4a29-93bf-fea7f0515f10 is started using port 39036
2019-11-08 14:36:22,686 [Datanode State Machine Thread - 0] INFO  server.XceiverServerGrpc (XceiverServerGrpc.java:start(145)) - XceiverServerGrpc bc1b5d93-f3a8-4a29-93bf-fea7f0515f10 is started using port 40299
2019-11-08 14:36:22,761 [Datanode State Machine Thread - 0] INFO  ozoneimpl.OzoneContainer (OzoneContainer.java:start(230)) - Attempting to start container services.
2019-11-08 14:36:22,763 [Datanode State Machine Thread - 0] INFO  ozoneimpl.OzoneContainer (OzoneContainer.java:startContainerScrub(194)) - Background container scanner has been disabled.
2019-11-08 14:36:22,763 [Datanode State Machine Thread - 0] INFO  ratis.XceiverServerRatis (XceiverServerRatis.java:start(414)) - Starting XceiverServerRatis 0d8fc9ca-b055-4034-862b-c0c94a4c6b5d at port 0
2019-11-08 14:36:22,772 [Datanode State Machine Thread - 0] INFO  impl.RaftServerProxy (RaftServerProxy.java:lambda$start$3(299)) - 0d8fc9ca-b055-4034-862b-c0c94a4c6b5d: start RPC server
2019-11-08 14:36:22,775 [Datanode State Machine Thread - 0] INFO  server.GrpcService (GrpcService.java:startImpl(158)) - 0d8fc9ca-b055-4034-862b-c0c94a4c6b5d: GrpcService started, listening on 0.0.0.0/0.0.0.0:40941
2019-11-08 14:36:22,775 [Datanode State Machine Thread - 0] INFO  ratis.XceiverServerRatis (XceiverServerRatis.java:start(424)) - XceiverServerRatis 0d8fc9ca-b055-4034-862b-c0c94a4c6b5d is started using port 40941
2019-11-08 14:36:22,777 [Datanode State Machine Thread - 0] INFO  server.XceiverServerGrpc (XceiverServerGrpc.java:start(145)) - XceiverServerGrpc 0d8fc9ca-b055-4034-862b-c0c94a4c6b5d is started using port 40588
2019-11-08 14:36:22,823 [main] INFO  ozone.MiniOzoneClusterImpl (MiniOzoneClusterImpl.java:lambda$waitForClusterToBeReady$0(147)) - Waiting for cluster to be ready. Got 0 of 4 DN Heartbeats.
2019-11-08 14:36:22,840 [Datanode State Machine Thread - 0] INFO  ozoneimpl.OzoneContainer (OzoneContainer.java:start(230)) - Attempting to start container services.
2019-11-08 14:36:22,841 [Datanode State Machine Thread - 0] INFO  ozoneimpl.OzoneContainer (OzoneContainer.java:startContainerScrub(194)) - Background container scanner has been disabled.
2019-11-08 14:36:22,842 [Datanode State Machine Thread - 0] INFO  ratis.XceiverServerRatis (XceiverServerRatis.java:start(414)) - Starting XceiverServerRatis 03fa6bf2-5e8d-4fe9-8f2b-bd81bbf2c134 at port 0
2019-11-08 14:36:22,849 [Datanode State Machine Thread - 0] INFO  impl.RaftServerProxy (RaftServerProxy.java:lambda$start$3(299)) - 03fa6bf2-5e8d-4fe9-8f2b-bd81bbf2c134: start RPC server
2019-11-08 14:36:22,851 [Datanode State Machine Thread - 0] INFO  server.GrpcService (GrpcService.java:startImpl(158)) - 03fa6bf2-5e8d-4fe9-8f2b-bd81bbf2c134: GrpcService started, listening on 0.0.0.0/0.0.0.0:33035
2019-11-08 14:36:22,852 [Datanode State Machine Thread - 0] INFO  ratis.XceiverServerRatis (XceiverServerRatis.java:start(424)) - XceiverServerRatis 03fa6bf2-5e8d-4fe9-8f2b-bd81bbf2c134 is started using port 33035
2019-11-08 14:36:22,853 [Datanode State Machine Thread - 0] INFO  server.XceiverServerGrpc (XceiverServerGrpc.java:start(145)) - XceiverServerGrpc 03fa6bf2-5e8d-4fe9-8f2b-bd81bbf2c134 is started using port 37142
2019-11-08 14:36:23,823 [main] INFO  ozone.MiniOzoneClusterImpl (MiniOzoneClusterImpl.java:lambda$waitForClusterToBeReady$0(147)) - Waiting for cluster to be ready. Got 0 of 4 DN Heartbeats.
2019-11-08 14:36:24,595 [IPC Server handler 14 on 41574] INFO  net.NetworkTopology (NetworkTopologyImpl.java:add(111)) - Added a new node: /rack1/1c9196d7-26f1-44ae-a12b-13f4355dd0c1
2019-11-08 14:36:24,596 [IPC Server handler 14 on 41574] INFO  node.SCMNodeManager (SCMNodeManager.java:register(267)) - Registered Data node : 1c9196d7-26f1-44ae-a12b-13f4355dd0c1{ip: 192.168.69.114, host: pr-hdds-2325-sfxkw-296739260, networkLocation: /rack1, certSerialId: null}
2019-11-08 14:36:24,599 [EventQueue-NodeRegistrationContainerReportForDataNodeSafeModeRule] INFO  safemode.SCMSafeModeManager (DataNodeSafeModeRule.java:process(71)) - SCM in safe mode. 1 DataNodes registered, 1 required.
2019-11-08 14:36:24,600 [EventQueue-NodeRegistrationContainerReportForDataNodeSafeModeRule] INFO  safemode.SCMSafeModeManager (SCMSafeModeManager.java:validateSafeModeExitRules(177)) - ScmSafeModeManager, all rules are successfully validated
2019-11-08 14:36:24,600 [EventQueue-NodeRegistrationContainerReportForDataNodeSafeModeRule] INFO  safemode.SCMSafeModeManager (SCMSafeModeManager.java:exitSafeMode(193)) - SCM exiting safe mode.
2019-11-08 14:36:24,640 [IPC Server handler 17 on 41574] INFO  net.NetworkTopology (NetworkTopologyImpl.java:add(111)) - Added a new node: /rack1/bc1b5d93-f3a8-4a29-93bf-fea7f0515f10
2019-11-08 14:36:24,640 [IPC Server handler 17 on 41574] INFO  node.SCMNodeManager (SCMNodeManager.java:register(267)) - Registered Data node : bc1b5d93-f3a8-4a29-93bf-fea7f0515f10{ip: 192.168.69.114, host: pr-hdds-2325-sfxkw-296739260, networkLocation: /rack1, certSerialId: null}
2019-11-08 14:36:24,738 [IPC Server handler 19 on 41574] INFO  net.NetworkTopology (NetworkTopologyImpl.java:add(111)) - Added a new node: /rack1/0d8fc9ca-b055-4034-862b-c0c94a4c6b5d
2019-11-08 14:36:24,739 [IPC Server handler 19 on 41574] INFO  node.SCMNodeManager (SCMNodeManager.java:register(267)) - Registered Data node : 0d8fc9ca-b055-4034-862b-c0c94a4c6b5d{ip: 192.168.69.114, host: pr-hdds-2325-sfxkw-296739260, networkLocation: /rack1, certSerialId: null}
2019-11-08 14:36:24,824 [main] INFO  ozone.MiniOzoneClusterImpl (MiniOzoneClusterImpl.java:lambda$waitForClusterToBeReady$0(147)) - Waiting for cluster to be ready. Got 3 of 4 DN Heartbeats.
2019-11-08 14:36:24,825 [IPC Server handler 16 on 41574] INFO  net.NetworkTopology (NetworkTopologyImpl.java:add(111)) - Added a new node: /rack1/03fa6bf2-5e8d-4fe9-8f2b-bd81bbf2c134
2019-11-08 14:36:24,825 [IPC Server handler 16 on 41574] INFO  node.SCMNodeManager (SCMNodeManager.java:register(267)) - Registered Data node : 03fa6bf2-5e8d-4fe9-8f2b-bd81bbf2c134{ip: 192.168.69.114, host: pr-hdds-2325-sfxkw-296739260, networkLocation: /rack1, certSerialId: null}
2019-11-08 14:36:24,984 [grpc-default-executor-0] INFO  impl.RaftServerProxy (RaftServerProxy.java:addNew(89)) - 1c9196d7-26f1-44ae-a12b-13f4355dd0c1: addNew group-CFE23055E784:[1c9196d7-26f1-44ae-a12b-13f4355dd0c1:192.168.69.114:41036] returns group-CFE23055E784:java.util.concurrent.CompletableFuture@104bbd9e[Not completed]
2019-11-08 14:36:24,995 [pool-32-thread-1] INFO  impl.RaftServerImpl (RaftServerImpl.java:<init>(98)) - 1c9196d7-26f1-44ae-a12b-13f4355dd0c1: new RaftServerImpl for group-CFE23055E784:[1c9196d7-26f1-44ae-a12b-13f4355dd0c1:192.168.69.114:41036] with ContainerStateMachine:uninitialized
2019-11-08 14:36:24,996 [pool-32-thread-1] INFO  server.RaftServerConfigKeys (ConfUtils.java:logGet(43)) - raft.server.rpc.timeout.min = 5s (custom)
2019-11-08 14:36:24,996 [pool-32-thread-1] INFO  server.RaftServerConfigKeys (ConfUtils.java:logGet(43)) - raft.server.rpc.timeout.max = 5200ms (custom)
2019-11-08 14:36:24,996 [pool-32-thread-1] INFO  server.RaftServerConfigKeys (ConfUtils.java:logGet(43)) - raft.server.rpcslowness.timeout = 120s (custom)
2019-11-08 14:36:24,996 [pool-32-thread-1] INFO  server.RaftServerConfigKeys (ConfUtils.java:logGet(43)) - raft.server.sleep.deviation.threshold = 300 (default)
2019-11-08 14:36:24,997 [pool-32-thread-1] INFO  server.RaftServerConfigKeys (ConfUtils.java:logGet(43)) - raft.server.log.appender.install.snapshot.enabled = false (custom)
2019-11-08 14:36:24,997 [pool-32-thread-1] INFO  impl.RaftServerImpl (ServerState.java:<init>(103)) - 1c9196d7-26f1-44ae-a12b-13f4355dd0c1@group-CFE23055E784: ConfigurationManager, init=-1: [1c9196d7-26f1-44ae-a12b-13f4355dd0c1:192.168.69.114:41036], old=null, confs=<EMPTY_MAP>
2019-11-08 14:36:24,997 [pool-32-thread-1] INFO  server.RaftServerConfigKeys (ConfUtils.java:logGet(43)) - raft.server.storage.dir = [/workdir/hadoop-ozone/integration-test/target/test-dir/MiniOzoneClusterImpl-31815b3f-f013-4d0f-ba9b-748432fd68af/datanode-0/data/ratis] (custom)
2019-11-08 14:36:24,998 [pool-32-thread-1] INFO  server.RaftServerConfigKeys (ConfUtils.java:logGet(43)) - raft.server.log.corruption.policy = EXCEPTION (default)
2019-11-08 14:36:24,998 [pool-32-thread-1] INFO  storage.RaftStorageDirectory (RaftStorageDirectory.java:analyzeStorage(246)) - The storage directory /workdir/hadoop-ozone/integration-test/target/test-dir/MiniOzoneClusterImpl-31815b3f-f013-4d0f-ba9b-748432fd68af/datanode-0/data/ratis/afabb239-a7fe-422a-a53f-cfe23055e784 does not exist. Creating ...
2019-11-08 14:36:25,025 [pool-32-thread-1] INFO  storage.RaftStorageDirectory (RaftStorageDirectory.java:tryLock(328)) - Lock on /workdir/hadoop-ozone/integration-test/target/test-dir/MiniOzoneClusterImpl-31815b3f-f013-4d0f-ba9b-748432fd68af/datanode-0/data/ratis/afabb239-a7fe-422a-a53f-cfe23055e784/in_use.lock acquired by nodename 4066@pr-hdds-2325-sfxkw-296739260
2019-11-08 14:36:25,059 [pool-32-thread-1] INFO  storage.RaftStorage (RaftStorage.java:format(84)) - Storage directory /workdir/hadoop-ozone/integration-test/target/test-dir/MiniOzoneClusterImpl-31815b3f-f013-4d0f-ba9b-748432fd68af/datanode-0/data/ratis/afabb239-a7fe-422a-a53f-cfe23055e784 has been successfully formatted.
2019-11-08 14:36:25,061 [pool-32-thread-1] INFO  ratis.ContainerStateMachine (ContainerStateMachine.java:loadSnapshot(221)) - group-CFE23055E784: The snapshot info is null. Setting the last applied indexto:(t:0, i:~)
2019-11-08 14:36:25,061 [pool-32-thread-1] INFO  server.RaftServerConfigKeys (ConfUtils.java:logGet(43)) - raft.server.notification.no-leader.timeout = 120s (custom)
2019-11-08 14:36:25,061 [pool-32-thread-1] INFO  server.RaftServerConfigKeys (ConfUtils.java:logGet(43)) - raft.server.log.use.memory = false (default)
2019-11-08 14:36:25,062 [pool-32-thread-1] INFO  server.RaftServerConfigKeys (ConfUtils.java:logGet(43)) - raft.server.log.purge.gap = 1000000 (custom)
2019-11-08 14:36:25,062 [pool-32-thread-1] INFO  server.RaftServerConfigKeys (ConfUtils.java:logGet(43)) - raft.server.log.appender.buffer.byte-limit = 33554432 (custom)
2019-11-08 14:36:25,062 [pool-32-thread-1] INFO  server.RaftServerConfigKeys (ConfUtils.java:logGet(43)) - raft.server.log.segment.size.max = 1048576 (custom)
2019-11-08 14:36:25,063 [pool-32-thread-1] WARN  impl.MetricRegistriesImpl (MetricRegistriesImpl.java:lambda$create$1(61)) - First MetricRegistry has been created without registering reporters. You may need to call MetricRegistries.global().addReportRegistration(...) before.
2019-11-08 14:36:25,063 [pool-32-thread-1] INFO  server.RaftServerConfigKeys (ConfUtils.java:logGet(43)) - raft.server.log.segment.cache.num.max = 2 (custom)
2019-11-08 14:36:25,063 [pool-32-thread-1] INFO  segmented.SegmentedRaftLogWorker (SegmentedRaftLogWorker.java:<init>(173)) - new 1c9196d7-26f1-44ae-a12b-13f4355dd0c1@group-CFE23055E784-SegmentedRaftLogWorker for RaftStorage:Storage Directory /workdir/hadoop-ozone/integration-test/target/test-dir/MiniOzoneClusterImpl-31815b3f-f013-4d0f-ba9b-748432fd68af/datanode-0/data/ratis/afabb239-a7fe-422a-a53f-cfe23055e784
2019-11-08 14:36:25,063 [pool-32-thread-1] INFO  server.RaftServerConfigKeys (ConfUtils.java:logGet(43)) - raft.server.log.queue.byte-limit = 2147483647 (custom)
2019-11-08 14:36:25,064 [pool-32-thread-1] INFO  server.RaftServerConfigKeys (ConfUtils.java:logGet(43)) - raft.server.log.queue.element-limit = 1024 (custom)
2019-11-08 14:36:25,064 [pool-32-thread-1] INFO  server.RaftServerConfigKeys (ConfUtils.java:logGet(43)) - raft.server.log.segment.size.max = 1048576 (custom)
2019-11-08 14:36:25,064 [pool-32-thread-1] INFO  server.RaftServerConfigKeys (ConfUtils.java:logGet(43)) - raft.server.log.preallocated.size = 16384 (custom)
2019-11-08 14:36:25,064 [pool-32-thread-1] INFO  server.RaftServerConfigKeys (ConfUtils.java:logGet(43)) - raft.server.log.write.buffer.size = 33554432 (custom)
2019-11-08 14:36:25,065 [pool-32-thread-1] INFO  server.RaftServerConfigKeys (ConfUtils.java:logGet(43)) - raft.server.log.force.sync.num = 128 (default)
2019-11-08 14:36:25,065 [pool-32-thread-1] INFO  server.RaftServerConfigKeys (ConfUtils.java:logGet(43)) - raft.server.log.statemachine.data.sync = true (default)
2019-11-08 14:36:25,065 [pool-32-thread-1] INFO  server.RaftServerConfigKeys (ConfUtils.java:logGet(43)) - raft.server.log.statemachine.data.sync.timeout = 10s (default)
2019-11-08 14:36:25,066 [pool-32-thread-1] INFO  server.RaftServerConfigKeys (ConfUtils.java:logGet(43)) - raft.server.log.statemachine.data.sync.timeout.retry = -1 (default)
2019-11-08 14:36:25,067 [pool-32-thread-1] INFO  server.RaftServerConfigKeys (ConfUtils.java:logGet(43)) - raft.server.log.statemachine.data.caching.enabled = true (custom)
2019-11-08 14:36:25,067 [pool-32-thread-1] INFO  segmented.SegmentedRaftLogWorker (SegmentedRaftLogWorker.java:lambda$new$0(128)) - 1c9196d7-26f1-44ae-a12b-13f4355dd0c1@group-CFE23055E784-SegmentedRaftLogWorker: flushIndex: setUnconditionally 0 -> -1
2019-11-08 14:36:25,068 [pool-32-thread-1] INFO  server.RaftServerConfigKeys (ConfUtils.java:logGet(43)) - raft.server.snapshot.auto.trigger.enabled = true (custom)
2019-11-08 14:36:25,068 [pool-32-thread-1] INFO  server.RaftServerConfigKeys (ConfUtils.java:logGet(43)) - raft.server.snapshot.auto.trigger.threshold = 10000 (custom)
2019-11-08 14:36:25,068 [pool-32-thread-1] INFO  server.RaftServerConfigKeys (ConfUtils.java:logGet(43)) - raft.server.snapshot.retention.file.num = 5 (custom)
2019-11-08 14:36:25,069 [pool-32-thread-1] INFO  server.RaftServerConfigKeys (ConfUtils.java:logGet(43)) - raft.server.retrycache.expirytime = 600000ms (custom)
2019-11-08 14:36:25,069 [pool-32-thread-1] WARN  impl.MetricRegistriesImpl (MetricRegistriesImpl.java:lambda$create$1(61)) - First MetricRegistry has been created without registering reporters. You may need to call MetricRegistries.global().addReportRegistration(...) before.
2019-11-08 14:36:25,069 [pool-32-thread-1] WARN  impl.MetricRegistriesImpl (MetricRegistriesImpl.java:lambda$create$1(61)) - First MetricRegistry has been created without registering reporters. You may need to call MetricRegistries.global().addReportRegistration(...) before.
2019-11-08 14:36:25,070 [pool-32-thread-1] INFO  impl.RaftServerImpl (RaftServerImpl.java:start(184)) - 1c9196d7-26f1-44ae-a12b-13f4355dd0c1@group-CFE23055E784: start as a follower, conf=-1: [1c9196d7-26f1-44ae-a12b-13f4355dd0c1:192.168.69.114:41036], old=null
2019-11-08 14:36:25,070 [pool-32-thread-1] INFO  impl.RaftServerImpl (RaftServerImpl.java:setRole(173)) - 1c9196d7-26f1-44ae-a12b-13f4355dd0c1@group-CFE23055E784: changes role from      null to FOLLOWER at term 0 for startAsFollower
2019-11-08 14:36:25,070 [pool-32-thread-1] INFO  impl.RoleInfo (RoleInfo.java:updateAndGet(143)) - 1c9196d7-26f1-44ae-a12b-13f4355dd0c1: start FollowerState
2019-11-08 14:36:25,071 [pool-32-thread-1] INFO  util.JmxRegister (JmxRegister.java:tryRegister(44)) - Successfully registered JMX Bean with object name Ratis:service=RaftServer,group=group-CFE23055E784,id=1c9196d7-26f1-44ae-a12b-13f4355dd0c1
2019-11-08 14:36:25,072 [pool-32-thread-1] WARN  impl.MetricRegistriesImpl (MetricRegistriesImpl.java:lambda$create$1(61)) - First MetricRegistry has been created without registering reporters. You may need to call MetricRegistries.global().addReportRegistration(...) before.
2019-11-08 14:36:25,129 [RatisPipelineUtilsThread] INFO  pipeline.PipelineStateManager (PipelineStateManager.java:addPipeline(56)) - Created pipeline Pipeline[ Id: afabb239-a7fe-422a-a53f-cfe23055e784, Nodes: 1c9196d7-26f1-44ae-a12b-13f4355dd0c1{ip: 192.168.69.114, host: pr-hdds-2325-sfxkw-296739260, networkLocation: /rack1, certSerialId: null}, Type:RATIS, Factor:ONE, State:OPEN]
2019-11-08 14:36:25,147 [grpc-default-executor-0] INFO  impl.RaftServerProxy (RaftServerProxy.java:addNew(89)) - bc1b5d93-f3a8-4a29-93bf-fea7f0515f10: addNew group-482143FF61D9:[bc1b5d93-f3a8-4a29-93bf-fea7f0515f10:192.168.69.114:39036] returns group-482143FF61D9:java.util.concurrent.CompletableFuture@39892e6d[Not completed]
2019-11-08 14:36:25,176 [pool-42-thread-1] INFO  impl.RaftServerImpl (RaftServerImpl.java:<init>(98)) - bc1b5d93-f3a8-4a29-93bf-fea7f0515f10: new RaftServerImpl for group-482143FF61D9:[bc1b5d93-f3a8-4a29-93bf-fea7f0515f10:192.168.69.114:39036] with ContainerStateMachine:uninitialized
2019-11-08 14:36:25,178 [pool-42-thread-1] INFO  server.RaftServerConfigKeys (ConfUtils.java:logGet(43)) - raft.server.rpc.timeout.min = 5s (custom)
2019-11-08 14:36:25,179 [pool-42-thread-1] INFO  server.RaftServerConfigKeys (ConfUtils.java:logGet(43)) - raft.server.rpc.timeout.max = 5200ms (custom)
2019-11-08 14:36:25,179 [pool-42-thread-1] INFO  server.RaftServerConfigKeys (ConfUtils.java:logGet(43)) - raft.server.rpcslowness.timeout = 120s (custom)
2019-11-08 14:36:25,179 [pool-42-thread-1] INFO  server.RaftServerConfigKeys (ConfUtils.java:logGet(43)) - raft.server.sleep.deviation.threshold = 300 (default)
2019-11-08 14:36:25,179 [pool-42-thread-1] INFO  server.RaftServerConfigKeys (ConfUtils.java:logGet(43)) - raft.server.log.appender.install.snapshot.enabled = false (custom)
2019-11-08 14:36:25,179 [pool-42-thread-1] INFO  impl.RaftServerImpl (ServerState.java:<init>(103)) - bc1b5d93-f3a8-4a29-93bf-fea7f0515f10@group-482143FF61D9: ConfigurationManager, init=-1: [bc1b5d93-f3a8-4a29-93bf-fea7f0515f10:192.168.69.114:39036], old=null, confs=<EMPTY_MAP>
2019-11-08 14:36:25,180 [pool-42-thread-1] INFO  server.RaftServerConfigKeys (ConfUtils.java:logGet(43)) - raft.server.storage.dir = [/workdir/hadoop-ozone/integration-test/target/test-dir/MiniOzoneClusterImpl-31815b3f-f013-4d0f-ba9b-748432fd68af/datanode-1/data/ratis] (custom)
2019-11-08 14:36:25,180 [pool-42-thread-1] INFO  server.RaftServerConfigKeys (ConfUtils.java:logGet(43)) - raft.server.log.corruption.policy = EXCEPTION (default)
2019-11-08 14:36:25,180 [pool-42-thread-1] INFO  storage.RaftStorageDirectory (RaftStorageDirectory.java:analyzeStorage(246)) - The storage directory /workdir/hadoop-ozone/integration-test/target/test-dir/MiniOzoneClusterImpl-31815b3f-f013-4d0f-ba9b-748432fd68af/datanode-1/data/ratis/a239c8f8-94a3-4045-8bcc-482143ff61d9 does not exist. Creating ...
2019-11-08 14:36:25,229 [pool-42-thread-1] INFO  storage.RaftStorageDirectory (RaftStorageDirectory.java:tryLock(328)) - Lock on /workdir/hadoop-ozone/integration-test/target/test-dir/MiniOzoneClusterImpl-31815b3f-f013-4d0f-ba9b-748432fd68af/datanode-1/data/ratis/a239c8f8-94a3-4045-8bcc-482143ff61d9/in_use.lock acquired by nodename 4066@pr-hdds-2325-sfxkw-296739260
2019-11-08 14:36:25,264 [pool-42-thread-1] INFO  storage.RaftStorage (RaftStorage.java:format(84)) - Storage directory /workdir/hadoop-ozone/integration-test/target/test-dir/MiniOzoneClusterImpl-31815b3f-f013-4d0f-ba9b-748432fd68af/datanode-1/data/ratis/a239c8f8-94a3-4045-8bcc-482143ff61d9 has been successfully formatted.
2019-11-08 14:36:25,264 [pool-42-thread-1] INFO  ratis.ContainerStateMachine (ContainerStateMachine.java:loadSnapshot(221)) - group-482143FF61D9: The snapshot info is null. Setting the last applied indexto:(t:0, i:~)
2019-11-08 14:36:25,265 [pool-42-thread-1] INFO  server.RaftServerConfigKeys (ConfUtils.java:logGet(43)) - raft.server.notification.no-leader.timeout = 120s (custom)
2019-11-08 14:36:25,266 [pool-42-thread-1] INFO  server.RaftServerConfigKeys (ConfUtils.java:logGet(43)) - raft.server.log.use.memory = false (default)
2019-11-08 14:36:25,266 [pool-42-thread-1] INFO  server.RaftServerConfigKeys (ConfUtils.java:logGet(43)) - raft.server.log.purge.gap = 1000000 (custom)
2019-11-08 14:36:25,266 [pool-42-thread-1] INFO  server.RaftServerConfigKeys (ConfUtils.java:logGet(43)) - raft.server.log.appender.buffer.byte-limit = 33554432 (custom)
2019-11-08 14:36:25,266 [pool-42-thread-1] INFO  server.RaftServerConfigKeys (ConfUtils.java:logGet(43)) - raft.server.log.segment.size.max = 1048576 (custom)
2019-11-08 14:36:25,266 [pool-42-thread-1] WARN  impl.MetricRegistriesImpl (MetricRegistriesImpl.java:lambda$create$1(61)) - First MetricRegistry has been created without registering reporters. You may need to call MetricRegistries.global().addReportRegistration(...) before.
2019-11-08 14:36:25,267 [pool-42-thread-1] INFO  server.RaftServerConfigKeys (ConfUtils.java:logGet(43)) - raft.server.log.segment.cache.num.max = 2 (custom)
2019-11-08 14:36:25,267 [pool-42-thread-1] INFO  segmented.SegmentedRaftLogWorker (SegmentedRaftLogWorker.java:<init>(173)) - new bc1b5d93-f3a8-4a29-93bf-fea7f0515f10@group-482143FF61D9-SegmentedRaftLogWorker for RaftStorage:Storage Directory /workdir/hadoop-ozone/integration-test/target/test-dir/MiniOzoneClusterImpl-31815b3f-f013-4d0f-ba9b-748432fd68af/datanode-1/data/ratis/a239c8f8-94a3-4045-8bcc-482143ff61d9
2019-11-08 14:36:25,267 [pool-42-thread-1] INFO  server.RaftServerConfigKeys (ConfUtils.java:logGet(43)) - raft.server.log.queue.byte-limit = 2147483647 (custom)
2019-11-08 14:36:25,267 [pool-42-thread-1] INFO  server.RaftServerConfigKeys (ConfUtils.java:logGet(43)) - raft.server.log.queue.element-limit = 1024 (custom)
2019-11-08 14:36:25,267 [pool-42-thread-1] INFO  server.RaftServerConfigKeys (ConfUtils.java:logGet(43)) - raft.server.log.segment.size.max = 1048576 (custom)
2019-11-08 14:36:25,267 [pool-42-thread-1] INFO  server.RaftServerConfigKeys (ConfUtils.java:logGet(43)) - raft.server.log.preallocated.size = 16384 (custom)
2019-11-08 14:36:25,268 [pool-42-thread-1] INFO  server.RaftServerConfigKeys (ConfUtils.java:logGet(43)) - raft.server.log.write.buffer.size = 33554432 (custom)
2019-11-08 14:36:25,268 [pool-42-thread-1] INFO  server.RaftServerConfigKeys (ConfUtils.java:logGet(43)) - raft.server.log.force.sync.num = 128 (default)
2019-11-08 14:36:25,268 [pool-42-thread-1] INFO  server.RaftServerConfigKeys (ConfUtils.java:logGet(43)) - raft.server.log.statemachine.data.sync = true (default)
2019-11-08 14:36:25,268 [pool-42-thread-1] INFO  server.RaftServerConfigKeys (ConfUtils.java:logGet(43)) - raft.server.log.statemachine.data.sync.timeout = 10s (default)
2019-11-08 14:36:25,268 [pool-42-thread-1] INFO  server.RaftServerConfigKeys (ConfUtils.java:logGet(43)) - raft.server.log.statemachine.data.sync.timeout.retry = -1 (default)
2019-11-08 14:36:25,269 [pool-42-thread-1] INFO  server.RaftServerConfigKeys (ConfUtils.java:logGet(43)) - raft.server.log.statemachine.data.caching.enabled = true (custom)
2019-11-08 14:36:25,269 [pool-42-thread-1] INFO  segmented.SegmentedRaftLogWorker (SegmentedRaftLogWorker.java:lambda$new$0(128)) - bc1b5d93-f3a8-4a29-93bf-fea7f0515f10@group-482143FF61D9-SegmentedRaftLogWorker: flushIndex: setUnconditionally 0 -> -1
2019-11-08 14:36:25,269 [pool-42-thread-1] INFO  server.RaftServerConfigKeys (ConfUtils.java:logGet(43)) - raft.server.snapshot.auto.trigger.enabled = true (custom)
2019-11-08 14:36:25,270 [pool-42-thread-1] INFO  server.RaftServerConfigKeys (ConfUtils.java:logGet(43)) - raft.server.snapshot.auto.trigger.threshold = 10000 (custom)
2019-11-08 14:36:25,270 [pool-42-thread-1] INFO  server.RaftServerConfigKeys (ConfUtils.java:logGet(43)) - raft.server.snapshot.retention.file.num = 5 (custom)
2019-11-08 14:36:25,270 [pool-42-thread-1] INFO  server.RaftServerConfigKeys (ConfUtils.java:logGet(43)) - raft.server.retrycache.expirytime = 600000ms (custom)
2019-11-08 14:36:25,270 [pool-42-thread-1] WARN  impl.MetricRegistriesImpl (MetricRegistriesImpl.java:lambda$create$1(61)) - First MetricRegistry has been created without registering reporters. You may need to call MetricRegistries.global().addReportRegistration(...) before.
2019-11-08 14:36:25,270 [pool-42-thread-1] WARN  impl.MetricRegistriesImpl (MetricRegistriesImpl.java:lambda$create$1(61)) - First MetricRegistry has been created without registering reporters. You may need to call MetricRegistries.global().addReportRegistration(...) before.
2019-11-08 14:36:25,271 [pool-42-thread-1] INFO  impl.RaftServerImpl (RaftServerImpl.java:start(184)) - bc1b5d93-f3a8-4a29-93bf-fea7f0515f10@group-482143FF61D9: start as a follower, conf=-1: [bc1b5d93-f3a8-4a29-93bf-fea7f0515f10:192.168.69.114:39036], old=null
2019-11-08 14:36:25,271 [pool-42-thread-1] INFO  impl.RaftServerImpl (RaftServerImpl.java:setRole(173)) - bc1b5d93-f3a8-4a29-93bf-fea7f0515f10@group-482143FF61D9: changes role from      null to FOLLOWER at term 0 for startAsFollower
2019-11-08 14:36:25,271 [pool-42-thread-1] INFO  impl.RoleInfo (RoleInfo.java:updateAndGet(143)) - bc1b5d93-f3a8-4a29-93bf-fea7f0515f10: start FollowerState
2019-11-08 14:36:25,272 [pool-42-thread-1] INFO  util.JmxRegister (JmxRegister.java:tryRegister(44)) - Successfully registered JMX Bean with object name Ratis:service=RaftServer,group=group-482143FF61D9,id=bc1b5d93-f3a8-4a29-93bf-fea7f0515f10
2019-11-08 14:36:25,272 [pool-42-thread-1] WARN  impl.MetricRegistriesImpl (MetricRegistriesImpl.java:lambda$create$1(61)) - First MetricRegistry has been created without registering reporters. You may need to call MetricRegistries.global().addReportRegistration(...) before.
2019-11-08 14:36:25,282 [RatisPipelineUtilsThread] INFO  pipeline.PipelineStateManager (PipelineStateManager.java:addPipeline(56)) - Created pipeline Pipeline[ Id: a239c8f8-94a3-4045-8bcc-482143ff61d9, Nodes: bc1b5d93-f3a8-4a29-93bf-fea7f0515f10{ip: 192.168.69.114, host: pr-hdds-2325-sfxkw-296739260, networkLocation: /rack1, certSerialId: null}, Type:RATIS, Factor:ONE, State:OPEN]
2019-11-08 14:36:25,298 [grpc-default-executor-0] INFO  impl.RaftServerProxy (RaftServerProxy.java:addNew(89)) - 03fa6bf2-5e8d-4fe9-8f2b-bd81bbf2c134: addNew group-281A400E001E:[03fa6bf2-5e8d-4fe9-8f2b-bd81bbf2c134:192.168.69.114:33035] returns group-281A400E001E:java.util.concurrent.CompletableFuture@127879ac[Not completed]
2019-11-08 14:36:25,315 [pool-62-thread-1] INFO  impl.RaftServerImpl (RaftServerImpl.java:<init>(98)) - 03fa6bf2-5e8d-4fe9-8f2b-bd81bbf2c134: new RaftServerImpl for group-281A400E001E:[03fa6bf2-5e8d-4fe9-8f2b-bd81bbf2c134:192.168.69.114:33035] with ContainerStateMachine:uninitialized
2019-11-08 14:36:25,316 [pool-62-thread-1] INFO  server.RaftServerConfigKeys (ConfUtils.java:logGet(43)) - raft.server.rpc.timeout.min = 5s (custom)
2019-11-08 14:36:25,316 [pool-62-thread-1] INFO  server.RaftServerConfigKeys (ConfUtils.java:logGet(43)) - raft.server.rpc.timeout.max = 5200ms (custom)
2019-11-08 14:36:25,316 [pool-62-thread-1] INFO  server.RaftServerConfigKeys (ConfUtils.java:logGet(43)) - raft.server.rpcslowness.timeout = 120s (custom)
2019-11-08 14:36:25,316 [pool-62-thread-1] INFO  server.RaftServerConfigKeys (ConfUtils.java:logGet(43)) - raft.server.sleep.deviation.threshold = 300 (default)
2019-11-08 14:36:25,316 [pool-62-thread-1] INFO  server.RaftServerConfigKeys (ConfUtils.java:logGet(43)) - raft.server.log.appender.install.snapshot.enabled = false (custom)
2019-11-08 14:36:25,317 [pool-62-thread-1] INFO  impl.RaftServerImpl (ServerState.java:<init>(103)) - 03fa6bf2-5e8d-4fe9-8f2b-bd81bbf2c134@group-281A400E001E: ConfigurationManager, init=-1: [03fa6bf2-5e8d-4fe9-8f2b-bd81bbf2c134:192.168.69.114:33035], old=null, confs=<EMPTY_MAP>
2019-11-08 14:36:25,317 [pool-62-thread-1] INFO  server.RaftServerConfigKeys (ConfUtils.java:logGet(43)) - raft.server.storage.dir = [/workdir/hadoop-ozone/integration-test/target/test-dir/MiniOzoneClusterImpl-31815b3f-f013-4d0f-ba9b-748432fd68af/datanode-3/data/ratis] (custom)
2019-11-08 14:36:25,317 [pool-62-thread-1] INFO  server.RaftServerConfigKeys (ConfUtils.java:logGet(43)) - raft.server.log.corruption.policy = EXCEPTION (default)
2019-11-08 14:36:25,317 [pool-62-thread-1] INFO  storage.RaftStorageDirectory (RaftStorageDirectory.java:analyzeStorage(246)) - The storage directory /workdir/hadoop-ozone/integration-test/target/test-dir/MiniOzoneClusterImpl-31815b3f-f013-4d0f-ba9b-748432fd68af/datanode-3/data/ratis/13f982c1-f947-46d7-bd9c-281a400e001e does not exist. Creating ...
2019-11-08 14:36:25,333 [pool-62-thread-1] INFO  storage.RaftStorageDirectory (RaftStorageDirectory.java:tryLock(328)) - Lock on /workdir/hadoop-ozone/integration-test/target/test-dir/MiniOzoneClusterImpl-31815b3f-f013-4d0f-ba9b-748432fd68af/datanode-3/data/ratis/13f982c1-f947-46d7-bd9c-281a400e001e/in_use.lock acquired by nodename 4066@pr-hdds-2325-sfxkw-296739260
2019-11-08 14:36:25,359 [pool-62-thread-1] INFO  storage.RaftStorage (RaftStorage.java:format(84)) - Storage directory /workdir/hadoop-ozone/integration-test/target/test-dir/MiniOzoneClusterImpl-31815b3f-f013-4d0f-ba9b-748432fd68af/datanode-3/data/ratis/13f982c1-f947-46d7-bd9c-281a400e001e has been successfully formatted.
2019-11-08 14:36:25,368 [pool-62-thread-1] INFO  ratis.ContainerStateMachine (ContainerStateMachine.java:loadSnapshot(221)) - group-281A400E001E: The snapshot info is null. Setting the last applied indexto:(t:0, i:~)
2019-11-08 14:36:25,368 [pool-62-thread-1] INFO  server.RaftServerConfigKeys (ConfUtils.java:logGet(43)) - raft.server.notification.no-leader.timeout = 120s (custom)
2019-11-08 14:36:25,368 [pool-62-thread-1] INFO  server.RaftServerConfigKeys (ConfUtils.java:logGet(43)) - raft.server.log.use.memory = false (default)
2019-11-08 14:36:25,368 [pool-62-thread-1] INFO  server.RaftServerConfigKeys (ConfUtils.java:logGet(43)) - raft.server.log.purge.gap = 1000000 (custom)
2019-11-08 14:36:25,369 [pool-62-thread-1] INFO  server.RaftServerConfigKeys (ConfUtils.java:logGet(43)) - raft.server.log.appender.buffer.byte-limit = 33554432 (custom)
2019-11-08 14:36:25,369 [pool-62-thread-1] INFO  server.RaftServerConfigKeys (ConfUtils.java:logGet(43)) - raft.server.log.segment.size.max = 1048576 (custom)
2019-11-08 14:36:25,369 [pool-62-thread-1] WARN  impl.MetricRegistriesImpl (MetricRegistriesImpl.java:lambda$create$1(61)) - First MetricRegistry has been created without registering reporters. You may need to call MetricRegistries.global().addReportRegistration(...) before.
2019-11-08 14:36:25,369 [pool-62-thread-1] INFO  server.RaftServerConfigKeys (ConfUtils.java:logGet(43)) - raft.server.log.segment.cache.num.max = 2 (custom)
2019-11-08 14:36:25,369 [pool-62-thread-1] INFO  segmented.SegmentedRaftLogWorker (SegmentedRaftLogWorker.java:<init>(173)) - new 03fa6bf2-5e8d-4fe9-8f2b-bd81bbf2c134@group-281A400E001E-SegmentedRaftLogWorker for RaftStorage:Storage Directory /workdir/hadoop-ozone/integration-test/target/test-dir/MiniOzoneClusterImpl-31815b3f-f013-4d0f-ba9b-748432fd68af/datanode-3/data/ratis/13f982c1-f947-46d7-bd9c-281a400e001e
2019-11-08 14:36:25,369 [pool-62-thread-1] INFO  server.RaftServerConfigKeys (ConfUtils.java:logGet(43)) - raft.server.log.queue.byte-limit = 2147483647 (custom)
2019-11-08 14:36:25,370 [pool-62-thread-1] INFO  server.RaftServerConfigKeys (ConfUtils.java:logGet(43)) - raft.server.log.queue.element-limit = 1024 (custom)
2019-11-08 14:36:25,370 [pool-62-thread-1] INFO  server.RaftServerConfigKeys (ConfUtils.java:logGet(43)) - raft.server.log.segment.size.max = 1048576 (custom)
2019-11-08 14:36:25,370 [pool-62-thread-1] INFO  server.RaftServerConfigKeys (ConfUtils.java:logGet(43)) - raft.server.log.preallocated.size = 16384 (custom)
2019-11-08 14:36:25,370 [pool-62-thread-1] INFO  server.RaftServerConfigKeys (ConfUtils.java:logGet(43)) - raft.server.log.write.buffer.size = 33554432 (custom)
2019-11-08 14:36:25,370 [pool-62-thread-1] INFO  server.RaftServerConfigKeys (ConfUtils.java:logGet(43)) - raft.server.log.force.sync.num = 128 (default)
2019-11-08 14:36:25,370 [pool-62-thread-1] INFO  server.RaftServerConfigKeys (ConfUtils.java:logGet(43)) - raft.server.log.statemachine.data.sync = true (default)
2019-11-08 14:36:25,370 [pool-62-thread-1] INFO  server.RaftServerConfigKeys (ConfUtils.java:logGet(43)) - raft.server.log.statemachine.data.sync.timeout = 10s (default)
2019-11-08 14:36:25,371 [pool-62-thread-1] INFO  server.RaftServerConfigKeys (ConfUtils.java:logGet(43)) - raft.server.log.statemachine.data.sync.timeout.retry = -1 (default)
2019-11-08 14:36:25,371 [pool-62-thread-1] INFO  server.RaftServerConfigKeys (ConfUtils.java:logGet(43)) - raft.server.log.statemachine.data.caching.enabled = true (custom)
2019-11-08 14:36:25,371 [pool-62-thread-1] INFO  segmented.SegmentedRaftLogWorker (SegmentedRaftLogWorker.java:lambda$new$0(128)) - 03fa6bf2-5e8d-4fe9-8f2b-bd81bbf2c134@group-281A400E001E-SegmentedRaftLogWorker: flushIndex: setUnconditionally 0 -> -1
2019-11-08 14:36:25,372 [pool-62-thread-1] INFO  server.RaftServerConfigKeys (ConfUtils.java:logGet(43)) - raft.server.snapshot.auto.trigger.enabled = true (custom)
2019-11-08 14:36:25,372 [pool-62-thread-1] INFO  server.RaftServerConfigKeys (ConfUtils.java:logGet(43)) - raft.server.snapshot.auto.trigger.threshold = 10000 (custom)
2019-11-08 14:36:25,372 [pool-62-thread-1] INFO  server.RaftServerConfigKeys (ConfUtils.java:logGet(43)) - raft.server.snapshot.retention.file.num = 5 (custom)
2019-11-08 14:36:25,372 [pool-62-thread-1] INFO  server.RaftServerConfigKeys (ConfUtils.java:logGet(43)) - raft.server.retrycache.expirytime = 600000ms (custom)
2019-11-08 14:36:25,372 [pool-62-thread-1] WARN  impl.MetricRegistriesImpl (MetricRegistriesImpl.java:lambda$create$1(61)) - First MetricRegistry has been created without registering reporters. You may need to call MetricRegistries.global().addReportRegistration(...) before.
2019-11-08 14:36:25,373 [pool-62-thread-1] WARN  impl.MetricRegistriesImpl (MetricRegistriesImpl.java:lambda$create$1(61)) - First MetricRegistry has been created without registering reporters. You may need to call MetricRegistries.global().addReportRegistration(...) before.
2019-11-08 14:36:25,373 [pool-62-thread-1] INFO  impl.RaftServerImpl (RaftServerImpl.java:start(184)) - 03fa6bf2-5e8d-4fe9-8f2b-bd81bbf2c134@group-281A400E001E: start as a follower, conf=-1: [03fa6bf2-5e8d-4fe9-8f2b-bd81bbf2c134:192.168.69.114:33035], old=null
2019-11-08 14:36:25,373 [pool-62-thread-1] INFO  impl.RaftServerImpl (RaftServerImpl.java:setRole(173)) - 03fa6bf2-5e8d-4fe9-8f2b-bd81bbf2c134@group-281A400E001E: changes role from      null to FOLLOWER at term 0 for startAsFollower
2019-11-08 14:36:25,373 [pool-62-thread-1] INFO  impl.RoleInfo (RoleInfo.java:updateAndGet(143)) - 03fa6bf2-5e8d-4fe9-8f2b-bd81bbf2c134: start FollowerState
2019-11-08 14:36:25,374 [pool-62-thread-1] INFO  util.JmxRegister (JmxRegister.java:tryRegister(44)) - Successfully registered JMX Bean with object name Ratis:service=RaftServer,group=group-281A400E001E,id=03fa6bf2-5e8d-4fe9-8f2b-bd81bbf2c134
2019-11-08 14:36:25,374 [pool-62-thread-1] WARN  impl.MetricRegistriesImpl (MetricRegistriesImpl.java:lambda$create$1(61)) - First MetricRegistry has been created without registering reporters. You may need to call MetricRegistries.global().addReportRegistration(...) before.
2019-11-08 14:36:25,384 [RatisPipelineUtilsThread] INFO  pipeline.PipelineStateManager (PipelineStateManager.java:addPipeline(56)) - Created pipeline Pipeline[ Id: 13f982c1-f947-46d7-bd9c-281a400e001e, Nodes: 03fa6bf2-5e8d-4fe9-8f2b-bd81bbf2c134{ip: 192.168.69.114, host: pr-hdds-2325-sfxkw-296739260, networkLocation: /rack1, certSerialId: null}, Type:RATIS, Factor:ONE, State:OPEN]
2019-11-08 14:36:25,397 [grpc-default-executor-0] INFO  impl.RaftServerProxy (RaftServerProxy.java:addNew(89)) - 0d8fc9ca-b055-4034-862b-c0c94a4c6b5d: addNew group-26AB0C4822FC:[0d8fc9ca-b055-4034-862b-c0c94a4c6b5d:192.168.69.114:40941] returns group-26AB0C4822FC:java.util.concurrent.CompletableFuture@506aaea0[Not completed]
2019-11-08 14:36:25,400 [pool-52-thread-1] INFO  impl.RaftServerImpl (RaftServerImpl.java:<init>(98)) - 0d8fc9ca-b055-4034-862b-c0c94a4c6b5d: new RaftServerImpl for group-26AB0C4822FC:[0d8fc9ca-b055-4034-862b-c0c94a4c6b5d:192.168.69.114:40941] with ContainerStateMachine:uninitialized
2019-11-08 14:36:25,400 [pool-52-thread-1] INFO  server.RaftServerConfigKeys (ConfUtils.java:logGet(43)) - raft.server.rpc.timeout.min = 5s (custom)
2019-11-08 14:36:25,400 [pool-52-thread-1] INFO  server.RaftServerConfigKeys (ConfUtils.java:logGet(43)) - raft.server.rpc.timeout.max = 5200ms (custom)
2019-11-08 14:36:25,400 [pool-52-thread-1] INFO  server.RaftServerConfigKeys (ConfUtils.java:logGet(43)) - raft.server.rpcslowness.timeout = 120s (custom)
2019-11-08 14:36:25,401 [pool-52-thread-1] INFO  server.RaftServerConfigKeys (ConfUtils.java:logGet(43)) - raft.server.sleep.deviation.threshold = 300 (default)
2019-11-08 14:36:25,401 [pool-52-thread-1] INFO  server.RaftServerConfigKeys (ConfUtils.java:logGet(43)) - raft.server.log.appender.install.snapshot.enabled = false (custom)
2019-11-08 14:36:25,401 [pool-52-thread-1] INFO  impl.RaftServerImpl (ServerState.java:<init>(103)) - 0d8fc9ca-b055-4034-862b-c0c94a4c6b5d@group-26AB0C4822FC: ConfigurationManager, init=-1: [0d8fc9ca-b055-4034-862b-c0c94a4c6b5d:192.168.69.114:40941], old=null, confs=<EMPTY_MAP>
2019-11-08 14:36:25,401 [pool-52-thread-1] INFO  server.RaftServerConfigKeys (ConfUtils.java:logGet(43)) - raft.server.storage.dir = [/workdir/hadoop-ozone/integration-test/target/test-dir/MiniOzoneClusterImpl-31815b3f-f013-4d0f-ba9b-748432fd68af/datanode-2/data/ratis] (custom)
2019-11-08 14:36:25,402 [pool-52-thread-1] INFO  server.RaftServerConfigKeys (ConfUtils.java:logGet(43)) - raft.server.log.corruption.policy = EXCEPTION (default)
2019-11-08 14:36:25,402 [pool-52-thread-1] INFO  storage.RaftStorageDirectory (RaftStorageDirectory.java:analyzeStorage(246)) - The storage directory /workdir/hadoop-ozone/integration-test/target/test-dir/MiniOzoneClusterImpl-31815b3f-f013-4d0f-ba9b-748432fd68af/datanode-2/data/ratis/df615afd-d7fa-49e1-b3bd-26ab0c4822fc does not exist. Creating ...
2019-11-08 14:36:25,427 [pool-52-thread-1] INFO  storage.RaftStorageDirectory (RaftStorageDirectory.java:tryLock(328)) - Lock on /workdir/hadoop-ozone/integration-test/target/test-dir/MiniOzoneClusterImpl-31815b3f-f013-4d0f-ba9b-748432fd68af/datanode-2/data/ratis/df615afd-d7fa-49e1-b3bd-26ab0c4822fc/in_use.lock acquired by nodename 4066@pr-hdds-2325-sfxkw-296739260
2019-11-08 14:36:25,496 [pool-52-thread-1] INFO  storage.RaftStorage (RaftStorage.java:format(84)) - Storage directory /workdir/hadoop-ozone/integration-test/target/test-dir/MiniOzoneClusterImpl-31815b3f-f013-4d0f-ba9b-748432fd68af/datanode-2/data/ratis/df615afd-d7fa-49e1-b3bd-26ab0c4822fc has been successfully formatted.
2019-11-08 14:36:25,497 [pool-52-thread-1] INFO  ratis.ContainerStateMachine (ContainerStateMachine.java:loadSnapshot(221)) - group-26AB0C4822FC: The snapshot info is null. Setting the last applied indexto:(t:0, i:~)
2019-11-08 14:36:25,497 [pool-52-thread-1] INFO  server.RaftServerConfigKeys (ConfUtils.java:logGet(43)) - raft.server.notification.no-leader.timeout = 120s (custom)
2019-11-08 14:36:25,497 [pool-52-thread-1] INFO  server.RaftServerConfigKeys (ConfUtils.java:logGet(43)) - raft.server.log.use.memory = false (default)
2019-11-08 14:36:25,497 [pool-52-thread-1] INFO  server.RaftServerConfigKeys (ConfUtils.java:logGet(43)) - raft.server.log.purge.gap = 1000000 (custom)
2019-11-08 14:36:25,498 [pool-52-thread-1] INFO  server.RaftServerConfigKeys (ConfUtils.java:logGet(43)) - raft.server.log.appender.buffer.byte-limit = 33554432 (custom)
2019-11-08 14:36:25,498 [pool-52-thread-1] INFO  server.RaftServerConfigKeys (ConfUtils.java:logGet(43)) - raft.server.log.segment.size.max = 1048576 (custom)
2019-11-08 14:36:25,498 [pool-52-thread-1] WARN  impl.MetricRegistriesImpl (MetricRegistriesImpl.java:lambda$create$1(61)) - First MetricRegistry has been created without registering reporters. You may need to call MetricRegistries.global().addReportRegistration(...) before.
2019-11-08 14:36:25,498 [pool-52-thread-1] INFO  server.RaftServerConfigKeys (ConfUtils.java:logGet(43)) - raft.server.log.segment.cache.num.max = 2 (custom)
2019-11-08 14:36:25,498 [pool-52-thread-1] INFO  segmented.SegmentedRaftLogWorker (SegmentedRaftLogWorker.java:<init>(173)) - new 0d8fc9ca-b055-4034-862b-c0c94a4c6b5d@group-26AB0C4822FC-SegmentedRaftLogWorker for RaftStorage:Storage Directory /workdir/hadoop-ozone/integration-test/target/test-dir/MiniOzoneClusterImpl-31815b3f-f013-4d0f-ba9b-748432fd68af/datanode-2/data/ratis/df615afd-d7fa-49e1-b3bd-26ab0c4822fc
2019-11-08 14:36:25,498 [pool-52-thread-1] INFO  server.RaftServerConfigKeys (ConfUtils.java:logGet(43)) - raft.server.log.queue.byte-limit = 2147483647 (custom)
2019-11-08 14:36:25,498 [pool-52-thread-1] INFO  server.RaftServerConfigKeys (ConfUtils.java:logGet(43)) - raft.server.log.queue.element-limit = 1024 (custom)
2019-11-08 14:36:25,498 [pool-52-thread-1] INFO  server.RaftServerConfigKeys (ConfUtils.java:logGet(43)) - raft.server.log.segment.size.max = 1048576 (custom)
2019-11-08 14:36:25,499 [pool-52-thread-1] INFO  server.RaftServerConfigKeys (ConfUtils.java:logGet(43)) - raft.server.log.preallocated.size = 16384 (custom)
2019-11-08 14:36:25,499 [pool-52-thread-1] INFO  server.RaftServerConfigKeys (ConfUtils.java:logGet(43)) - raft.server.log.write.buffer.size = 33554432 (custom)
2019-11-08 14:36:25,499 [pool-52-thread-1] INFO  server.RaftServerConfigKeys (ConfUtils.java:logGet(43)) - raft.server.log.force.sync.num = 128 (default)
2019-11-08 14:36:25,499 [pool-52-thread-1] INFO  server.RaftServerConfigKeys (ConfUtils.java:logGet(43)) - raft.server.log.statemachine.data.sync = true (default)
2019-11-08 14:36:25,499 [pool-52-thread-1] INFO  server.RaftServerConfigKeys (ConfUtils.java:logGet(43)) - raft.server.log.statemachine.data.sync.timeout = 10s (default)
2019-11-08 14:36:25,499 [pool-52-thread-1] INFO  server.RaftServerConfigKeys (ConfUtils.java:logGet(43)) - raft.server.log.statemachine.data.sync.timeout.retry = -1 (default)
2019-11-08 14:36:25,500 [pool-52-thread-1] INFO  server.RaftServerConfigKeys (ConfUtils.java:logGet(43)) - raft.server.log.statemachine.data.caching.enabled = true (custom)
2019-11-08 14:36:25,500 [pool-52-thread-1] INFO  segmented.SegmentedRaftLogWorker (SegmentedRaftLogWorker.java:lambda$new$0(128)) - 0d8fc9ca-b055-4034-862b-c0c94a4c6b5d@group-26AB0C4822FC-SegmentedRaftLogWorker: flushIndex: setUnconditionally 0 -> -1
2019-11-08 14:36:25,500 [pool-52-thread-1] INFO  server.RaftServerConfigKeys (ConfUtils.java:logGet(43)) - raft.server.snapshot.auto.trigger.enabled = true (custom)
2019-11-08 14:36:25,500 [pool-52-thread-1] INFO  server.RaftServerConfigKeys (ConfUtils.java:logGet(43)) - raft.server.snapshot.auto.trigger.threshold = 10000 (custom)
2019-11-08 14:36:25,500 [pool-52-thread-1] INFO  server.RaftServerConfigKeys (ConfUtils.java:logGet(43)) - raft.server.snapshot.retention.file.num = 5 (custom)
2019-11-08 14:36:25,501 [pool-52-thread-1] INFO  server.RaftServerConfigKeys (ConfUtils.java:logGet(43)) - raft.server.retrycache.expirytime = 600000ms (custom)
2019-11-08 14:36:25,501 [pool-52-thread-1] WARN  impl.MetricRegistriesImpl (MetricRegistriesImpl.java:lambda$create$1(61)) - First MetricRegistry has been created without registering reporters. You may need to call MetricRegistries.global().addReportRegistration(...) before.
2019-11-08 14:36:25,501 [pool-52-thread-1] WARN  impl.MetricRegistriesImpl (MetricRegistriesImpl.java:lambda$create$1(61)) - First MetricRegistry has been created without registering reporters. You may need to call MetricRegistries.global().addReportRegistration(...) before.
2019-11-08 14:36:25,501 [pool-52-thread-1] INFO  impl.RaftServerImpl (RaftServerImpl.java:start(184)) - 0d8fc9ca-b055-4034-862b-c0c94a4c6b5d@group-26AB0C4822FC: start as a follower, conf=-1: [0d8fc9ca-b055-4034-862b-c0c94a4c6b5d:192.168.69.114:40941], old=null
2019-11-08 14:36:25,501 [pool-52-thread-1] INFO  impl.RaftServerImpl (RaftServerImpl.java:setRole(173)) - 0d8fc9ca-b055-4034-862b-c0c94a4c6b5d@group-26AB0C4822FC: changes role from      null to FOLLOWER at term 0 for startAsFollower
2019-11-08 14:36:25,501 [pool-52-thread-1] INFO  impl.RoleInfo (RoleInfo.java:updateAndGet(143)) - 0d8fc9ca-b055-4034-862b-c0c94a4c6b5d: start FollowerState
2019-11-08 14:36:25,502 [pool-52-thread-1] INFO  util.JmxRegister (JmxRegister.java:tryRegister(44)) - Successfully registered JMX Bean with object name Ratis:service=RaftServer,group=group-26AB0C4822FC,id=0d8fc9ca-b055-4034-862b-c0c94a4c6b5d
2019-11-08 14:36:25,502 [pool-52-thread-1] WARN  impl.MetricRegistriesImpl (MetricRegistriesImpl.java:lambda$create$1(61)) - First MetricRegistry has been created without registering reporters. You may need to call MetricRegistries.global().addReportRegistration(...) before.
2019-11-08 14:36:25,512 [RatisPipelineUtilsThread] INFO  pipeline.PipelineStateManager (PipelineStateManager.java:addPipeline(56)) - Created pipeline Pipeline[ Id: df615afd-d7fa-49e1-b3bd-26ab0c4822fc, Nodes: 0d8fc9ca-b055-4034-862b-c0c94a4c6b5d{ip: 192.168.69.114, host: pr-hdds-2325-sfxkw-296739260, networkLocation: /rack1, certSerialId: null}, Type:RATIS, Factor:ONE, State:OPEN]
2019-11-08 14:36:25,543 [grpc-default-executor-1] INFO  impl.RaftServerProxy (RaftServerProxy.java:addNew(89)) - 03fa6bf2-5e8d-4fe9-8f2b-bd81bbf2c134: addNew group-EE4BEC78DEDB:[bc1b5d93-f3a8-4a29-93bf-fea7f0515f10:192.168.69.114:39036, 0d8fc9ca-b055-4034-862b-c0c94a4c6b5d:192.168.69.114:40941, 03fa6bf2-5e8d-4fe9-8f2b-bd81bbf2c134:192.168.69.114:33035] returns group-EE4BEC78DEDB:java.util.concurrent.CompletableFuture@7a6e02ca[Not completed]
2019-11-08 14:36:25,545 [grpc-default-executor-0] INFO  impl.RaftServerProxy (RaftServerProxy.java:addNew(89)) - 0d8fc9ca-b055-4034-862b-c0c94a4c6b5d: addNew group-EE4BEC78DEDB:[bc1b5d93-f3a8-4a29-93bf-fea7f0515f10:192.168.69.114:39036, 0d8fc9ca-b055-4034-862b-c0c94a4c6b5d:192.168.69.114:40941, 03fa6bf2-5e8d-4fe9-8f2b-bd81bbf2c134:192.168.69.114:33035] returns group-EE4BEC78DEDB:java.util.concurrent.CompletableFuture@74bdc9e1[Not completed]
2019-11-08 14:36:25,545 [grpc-default-executor-2] INFO  impl.RaftServerProxy (RaftServerProxy.java:addNew(89)) - bc1b5d93-f3a8-4a29-93bf-fea7f0515f10: addNew group-EE4BEC78DEDB:[bc1b5d93-f3a8-4a29-93bf-fea7f0515f10:192.168.69.114:39036, 0d8fc9ca-b055-4034-862b-c0c94a4c6b5d:192.168.69.114:40941, 03fa6bf2-5e8d-4fe9-8f2b-bd81bbf2c134:192.168.69.114:33035] returns group-EE4BEC78DEDB:java.util.concurrent.CompletableFuture@4c760e52[Not completed]
2019-11-08 14:36:25,545 [pool-62-thread-1] INFO  impl.RaftServerImpl (RaftServerImpl.java:<init>(98)) - 03fa6bf2-5e8d-4fe9-8f2b-bd81bbf2c134: new RaftServerImpl for group-EE4BEC78DEDB:[bc1b5d93-f3a8-4a29-93bf-fea7f0515f10:192.168.69.114:39036, 0d8fc9ca-b055-4034-862b-c0c94a4c6b5d:192.168.69.114:40941, 03fa6bf2-5e8d-4fe9-8f2b-bd81bbf2c134:192.168.69.114:33035] with ContainerStateMachine:uninitialized
2019-11-08 14:36:25,546 [pool-62-thread-1] INFO  server.RaftServerConfigKeys (ConfUtils.java:logGet(43)) - raft.server.rpc.timeout.min = 5s (custom)
2019-11-08 14:36:25,546 [pool-62-thread-1] INFO  server.RaftServerConfigKeys (ConfUtils.java:logGet(43)) - raft.server.rpc.timeout.max = 5200ms (custom)
2019-11-08 14:36:25,546 [pool-62-thread-1] INFO  server.RaftServerConfigKeys (ConfUtils.java:logGet(43)) - raft.server.rpcslowness.timeout = 120s (custom)
2019-11-08 14:36:25,546 [pool-62-thread-1] INFO  server.RaftServerConfigKeys (ConfUtils.java:logGet(43)) - raft.server.sleep.deviation.threshold = 300 (default)
2019-11-08 14:36:25,546 [pool-62-thread-1] INFO  server.RaftServerConfigKeys (ConfUtils.java:logGet(43)) - raft.server.log.appender.install.snapshot.enabled = false (custom)
2019-11-08 14:36:25,546 [pool-62-thread-1] INFO  impl.RaftServerImpl (ServerState.java:<init>(103)) - 03fa6bf2-5e8d-4fe9-8f2b-bd81bbf2c134@group-EE4BEC78DEDB: ConfigurationManager, init=-1: [bc1b5d93-f3a8-4a29-93bf-fea7f0515f10:192.168.69.114:39036, 0d8fc9ca-b055-4034-862b-c0c94a4c6b5d:192.168.69.114:40941, 03fa6bf2-5e8d-4fe9-8f2b-bd81bbf2c134:192.168.69.114:33035], old=null, confs=<EMPTY_MAP>
2019-11-08 14:36:25,546 [pool-42-thread-1] INFO  impl.RaftServerImpl (RaftServerImpl.java:<init>(98)) - bc1b5d93-f3a8-4a29-93bf-fea7f0515f10: new RaftServerImpl for group-EE4BEC78DEDB:[bc1b5d93-f3a8-4a29-93bf-fea7f0515f10:192.168.69.114:39036, 0d8fc9ca-b055-4034-862b-c0c94a4c6b5d:192.168.69.114:40941, 03fa6bf2-5e8d-4fe9-8f2b-bd81bbf2c134:192.168.69.114:33035] with ContainerStateMachine:uninitialized
2019-11-08 14:36:25,546 [pool-62-thread-1] INFO  server.RaftServerConfigKeys (ConfUtils.java:logGet(43)) - raft.server.storage.dir = [/workdir/hadoop-ozone/integration-test/target/test-dir/MiniOzoneClusterImpl-31815b3f-f013-4d0f-ba9b-748432fd68af/datanode-3/data/ratis] (custom)
2019-11-08 14:36:25,546 [pool-42-thread-1] INFO  server.RaftServerConfigKeys (ConfUtils.java:logGet(43)) - raft.server.rpc.timeout.min = 5s (custom)
2019-11-08 14:36:25,547 [pool-42-thread-1] INFO  server.RaftServerConfigKeys (ConfUtils.java:logGet(43)) - raft.server.rpc.timeout.max = 5200ms (custom)
2019-11-08 14:36:25,547 [pool-62-thread-1] INFO  server.RaftServerConfigKeys (ConfUtils.java:logGet(43)) - raft.server.log.corruption.policy = EXCEPTION (default)
2019-11-08 14:36:25,547 [pool-42-thread-1] INFO  server.RaftServerConfigKeys (ConfUtils.java:logGet(43)) - raft.server.rpcslowness.timeout = 120s (custom)
2019-11-08 14:36:25,547 [pool-62-thread-1] INFO  storage.RaftStorageDirectory (RaftStorageDirectory.java:analyzeStorage(246)) - The storage directory /workdir/hadoop-ozone/integration-test/target/test-dir/MiniOzoneClusterImpl-31815b3f-f013-4d0f-ba9b-748432fd68af/datanode-3/data/ratis/818aa614-a326-4ca9-819d-ee4bec78dedb does not exist. Creating ...
2019-11-08 14:36:25,547 [pool-42-thread-1] INFO  server.RaftServerConfigKeys (ConfUtils.java:logGet(43)) - raft.server.sleep.deviation.threshold = 300 (default)
2019-11-08 14:36:25,547 [pool-42-thread-1] INFO  server.RaftServerConfigKeys (ConfUtils.java:logGet(43)) - raft.server.log.appender.install.snapshot.enabled = false (custom)
2019-11-08 14:36:25,547 [pool-42-thread-1] INFO  impl.RaftServerImpl (ServerState.java:<init>(103)) - bc1b5d93-f3a8-4a29-93bf-fea7f0515f10@group-EE4BEC78DEDB: ConfigurationManager, init=-1: [bc1b5d93-f3a8-4a29-93bf-fea7f0515f10:192.168.69.114:39036, 0d8fc9ca-b055-4034-862b-c0c94a4c6b5d:192.168.69.114:40941, 03fa6bf2-5e8d-4fe9-8f2b-bd81bbf2c134:192.168.69.114:33035], old=null, confs=<EMPTY_MAP>
2019-11-08 14:36:25,547 [pool-52-thread-1] INFO  impl.RaftServerImpl (RaftServerImpl.java:<init>(98)) - 0d8fc9ca-b055-4034-862b-c0c94a4c6b5d: new RaftServerImpl for group-EE4BEC78DEDB:[bc1b5d93-f3a8-4a29-93bf-fea7f0515f10:192.168.69.114:39036, 0d8fc9ca-b055-4034-862b-c0c94a4c6b5d:192.168.69.114:40941, 03fa6bf2-5e8d-4fe9-8f2b-bd81bbf2c134:192.168.69.114:33035] with ContainerStateMachine:uninitialized
2019-11-08 14:36:25,547 [pool-42-thread-1] INFO  server.RaftServerConfigKeys (ConfUtils.java:logGet(43)) - raft.server.storage.dir = [/workdir/hadoop-ozone/integration-test/target/test-dir/MiniOzoneClusterImpl-31815b3f-f013-4d0f-ba9b-748432fd68af/datanode-1/data/ratis] (custom)
2019-11-08 14:36:25,548 [pool-52-thread-1] INFO  server.RaftServerConfigKeys (ConfUtils.java:logGet(43)) - raft.server.rpc.timeout.min = 5s (custom)
2019-11-08 14:36:25,548 [pool-52-thread-1] INFO  server.RaftServerConfigKeys (ConfUtils.java:logGet(43)) - raft.server.rpc.timeout.max = 5200ms (custom)
2019-11-08 14:36:25,548 [pool-42-thread-1] INFO  server.RaftServerConfigKeys (ConfUtils.java:logGet(43)) - raft.server.log.corruption.policy = EXCEPTION (default)
2019-11-08 14:36:25,548 [pool-52-thread-1] INFO  server.RaftServerConfigKeys (ConfUtils.java:logGet(43)) - raft.server.rpcslowness.timeout = 120s (custom)
2019-11-08 14:36:25,548 [pool-42-thread-1] INFO  storage.RaftStorageDirectory (RaftStorageDirectory.java:analyzeStorage(246)) - The storage directory /workdir/hadoop-ozone/integration-test/target/test-dir/MiniOzoneClusterImpl-31815b3f-f013-4d0f-ba9b-748432fd68af/datanode-1/data/ratis/818aa614-a326-4ca9-819d-ee4bec78dedb does not exist. Creating ...
2019-11-08 14:36:25,548 [pool-52-thread-1] INFO  server.RaftServerConfigKeys (ConfUtils.java:logGet(43)) - raft.server.sleep.deviation.threshold = 300 (default)
2019-11-08 14:36:25,548 [pool-52-thread-1] INFO  server.RaftServerConfigKeys (ConfUtils.java:logGet(43)) - raft.server.log.appender.install.snapshot.enabled = false (custom)
2019-11-08 14:36:25,548 [pool-52-thread-1] INFO  impl.RaftServerImpl (ServerState.java:<init>(103)) - 0d8fc9ca-b055-4034-862b-c0c94a4c6b5d@group-EE4BEC78DEDB: ConfigurationManager, init=-1: [bc1b5d93-f3a8-4a29-93bf-fea7f0515f10:192.168.69.114:39036, 0d8fc9ca-b055-4034-862b-c0c94a4c6b5d:192.168.69.114:40941, 03fa6bf2-5e8d-4fe9-8f2b-bd81bbf2c134:192.168.69.114:33035], old=null, confs=<EMPTY_MAP>
2019-11-08 14:36:25,549 [pool-52-thread-1] INFO  server.RaftServerConfigKeys (ConfUtils.java:logGet(43)) - raft.server.storage.dir = [/workdir/hadoop-ozone/integration-test/target/test-dir/MiniOzoneClusterImpl-31815b3f-f013-4d0f-ba9b-748432fd68af/datanode-2/data/ratis] (custom)
2019-11-08 14:36:25,549 [pool-52-thread-1] INFO  server.RaftServerConfigKeys (ConfUtils.java:logGet(43)) - raft.server.log.corruption.policy = EXCEPTION (default)
2019-11-08 14:36:25,549 [pool-52-thread-1] INFO  storage.RaftStorageDirectory (RaftStorageDirectory.java:analyzeStorage(246)) - The storage directory /workdir/hadoop-ozone/integration-test/target/test-dir/MiniOzoneClusterImpl-31815b3f-f013-4d0f-ba9b-748432fd68af/datanode-2/data/ratis/818aa614-a326-4ca9-819d-ee4bec78dedb does not exist. Creating ...
2019-11-08 14:36:25,567 [pool-62-thread-1] INFO  storage.RaftStorageDirectory (RaftStorageDirectory.java:tryLock(328)) - Lock on /workdir/hadoop-ozone/integration-test/target/test-dir/MiniOzoneClusterImpl-31815b3f-f013-4d0f-ba9b-748432fd68af/datanode-3/data/ratis/818aa614-a326-4ca9-819d-ee4bec78dedb/in_use.lock acquired by nodename 4066@pr-hdds-2325-sfxkw-296739260
2019-11-08 14:36:25,567 [pool-42-thread-1] INFO  storage.RaftStorageDirectory (RaftStorageDirectory.java:tryLock(328)) - Lock on /workdir/hadoop-ozone/integration-test/target/test-dir/MiniOzoneClusterImpl-31815b3f-f013-4d0f-ba9b-748432fd68af/datanode-1/data/ratis/818aa614-a326-4ca9-819d-ee4bec78dedb/in_use.lock acquired by nodename 4066@pr-hdds-2325-sfxkw-296739260
2019-11-08 14:36:25,580 [pool-52-thread-1] INFO  storage.RaftStorageDirectory (RaftStorageDirectory.java:tryLock(328)) - Lock on /workdir/hadoop-ozone/integration-test/target/test-dir/MiniOzoneClusterImpl-31815b3f-f013-4d0f-ba9b-748432fd68af/datanode-2/data/ratis/818aa614-a326-4ca9-819d-ee4bec78dedb/in_use.lock acquired by nodename 4066@pr-hdds-2325-sfxkw-296739260
2019-11-08 14:36:25,603 [pool-52-thread-1] INFO  storage.RaftStorage (RaftStorage.java:format(84)) - Storage directory /workdir/hadoop-ozone/integration-test/target/test-dir/MiniOzoneClusterImpl-31815b3f-f013-4d0f-ba9b-748432fd68af/datanode-2/data/ratis/818aa614-a326-4ca9-819d-ee4bec78dedb has been successfully formatted.
2019-11-08 14:36:25,603 [pool-42-thread-1] INFO  storage.RaftStorage (RaftStorage.java:format(84)) - Storage directory /workdir/hadoop-ozone/integration-test/target/test-dir/MiniOzoneClusterImpl-31815b3f-f013-4d0f-ba9b-748432fd68af/datanode-1/data/ratis/818aa614-a326-4ca9-819d-ee4bec78dedb has been successfully formatted.
2019-11-08 14:36:25,603 [pool-62-thread-1] INFO  storage.RaftStorage (RaftStorage.java:format(84)) - Storage directory /workdir/hadoop-ozone/integration-test/target/test-dir/MiniOzoneClusterImpl-31815b3f-f013-4d0f-ba9b-748432fd68af/datanode-3/data/ratis/818aa614-a326-4ca9-819d-ee4bec78dedb has been successfully formatted.
2019-11-08 14:36:25,603 [pool-42-thread-1] INFO  ratis.ContainerStateMachine (ContainerStateMachine.java:loadSnapshot(221)) - group-EE4BEC78DEDB: The snapshot info is null. Setting the last applied indexto:(t:0, i:~)
2019-11-08 14:36:25,603 [pool-62-thread-1] INFO  ratis.ContainerStateMachine (ContainerStateMachine.java:loadSnapshot(221)) - group-EE4BEC78DEDB: The snapshot info is null. Setting the last applied indexto:(t:0, i:~)
2019-11-08 14:36:25,603 [pool-42-thread-1] INFO  server.RaftServerConfigKeys (ConfUtils.java:logGet(43)) - raft.server.notification.no-leader.timeout = 120s (custom)
2019-11-08 14:36:25,603 [pool-52-thread-1] INFO  ratis.ContainerStateMachine (ContainerStateMachine.java:loadSnapshot(221)) - group-EE4BEC78DEDB: The snapshot info is null. Setting the last applied indexto:(t:0, i:~)
2019-11-08 14:36:25,604 [pool-42-thread-1] INFO  server.RaftServerConfigKeys (ConfUtils.java:logGet(43)) - raft.server.log.use.memory = false (default)
2019-11-08 14:36:25,604 [pool-62-thread-1] INFO  server.RaftServerConfigKeys (ConfUtils.java:logGet(43)) - raft.server.notification.no-leader.timeout = 120s (custom)
2019-11-08 14:36:25,604 [pool-42-thread-1] INFO  server.RaftServerConfigKeys (ConfUtils.java:logGet(43)) - raft.server.log.purge.gap = 1000000 (custom)
2019-11-08 14:36:25,604 [pool-52-thread-1] INFO  server.RaftServerConfigKeys (ConfUtils.java:logGet(43)) - raft.server.notification.no-leader.timeout = 120s (custom)
2019-11-08 14:36:25,604 [pool-42-thread-1] INFO  server.RaftServerConfigKeys (ConfUtils.java:logGet(43)) - raft.server.log.appender.buffer.byte-limit = 33554432 (custom)
2019-11-08 14:36:25,604 [pool-62-thread-1] INFO  server.RaftServerConfigKeys (ConfUtils.java:logGet(43)) - raft.server.log.use.memory = false (default)
2019-11-08 14:36:25,604 [pool-42-thread-1] INFO  server.RaftServerConfigKeys (ConfUtils.java:logGet(43)) - raft.server.log.segment.size.max = 1048576 (custom)
2019-11-08 14:36:25,604 [pool-52-thread-1] INFO  server.RaftServerConfigKeys (ConfUtils.java:logGet(43)) - raft.server.log.use.memory = false (default)
2019-11-08 14:36:25,604 [pool-42-thread-1] INFO  server.RaftServerConfigKeys (ConfUtils.java:logGet(43)) - raft.server.log.segment.cache.num.max = 2 (custom)
2019-11-08 14:36:25,604 [pool-52-thread-1] INFO  server.RaftServerConfigKeys (ConfUtils.java:logGet(43)) - raft.server.log.purge.gap = 1000000 (custom)
2019-11-08 14:36:25,604 [pool-62-thread-1] INFO  server.RaftServerConfigKeys (ConfUtils.java:logGet(43)) - raft.server.log.purge.gap = 1000000 (custom)
2019-11-08 14:36:25,604 [pool-52-thread-1] INFO  server.RaftServerConfigKeys (ConfUtils.java:logGet(43)) - raft.server.log.appender.buffer.byte-limit = 33554432 (custom)
2019-11-08 14:36:25,604 [pool-42-thread-1] INFO  segmented.SegmentedRaftLogWorker (SegmentedRaftLogWorker.java:<init>(173)) - new bc1b5d93-f3a8-4a29-93bf-fea7f0515f10@group-EE4BEC78DEDB-SegmentedRaftLogWorker for RaftStorage:Storage Directory /workdir/hadoop-ozone/integration-test/target/test-dir/MiniOzoneClusterImpl-31815b3f-f013-4d0f-ba9b-748432fd68af/datanode-1/data/ratis/818aa614-a326-4ca9-819d-ee4bec78dedb
2019-11-08 14:36:25,605 [pool-52-thread-1] INFO  server.RaftServerConfigKeys (ConfUtils.java:logGet(43)) - raft.server.log.segment.size.max = 1048576 (custom)
2019-11-08 14:36:25,605 [pool-62-thread-1] INFO  server.RaftServerConfigKeys (ConfUtils.java:logGet(43)) - raft.server.log.appender.buffer.byte-limit = 33554432 (custom)
2019-11-08 14:36:25,605 [pool-52-thread-1] INFO  server.RaftServerConfigKeys (ConfUtils.java:logGet(43)) - raft.server.log.segment.cache.num.max = 2 (custom)
2019-11-08 14:36:25,605 [pool-42-thread-1] INFO  server.RaftServerConfigKeys (ConfUtils.java:logGet(43)) - raft.server.log.queue.byte-limit = 2147483647 (custom)
2019-11-08 14:36:25,605 [pool-52-thread-1] INFO  segmented.SegmentedRaftLogWorker (SegmentedRaftLogWorker.java:<init>(173)) - new 0d8fc9ca-b055-4034-862b-c0c94a4c6b5d@group-EE4BEC78DEDB-SegmentedRaftLogWorker for RaftStorage:Storage Directory /workdir/hadoop-ozone/integration-test/target/test-dir/MiniOzoneClusterImpl-31815b3f-f013-4d0f-ba9b-748432fd68af/datanode-2/data/ratis/818aa614-a326-4ca9-819d-ee4bec78dedb
2019-11-08 14:36:25,605 [pool-62-thread-1] INFO  server.RaftServerConfigKeys (ConfUtils.java:logGet(43)) - raft.server.log.segment.size.max = 1048576 (custom)
2019-11-08 14:36:25,605 [pool-52-thread-1] INFO  server.RaftServerConfigKeys (ConfUtils.java:logGet(43)) - raft.server.log.queue.byte-limit = 2147483647 (custom)
2019-11-08 14:36:25,605 [pool-42-thread-1] INFO  server.RaftServerConfigKeys (ConfUtils.java:logGet(43)) - raft.server.log.queue.element-limit = 1024 (custom)
2019-11-08 14:36:25,605 [pool-52-thread-1] INFO  server.RaftServerConfigKeys (ConfUtils.java:logGet(43)) - raft.server.log.queue.element-limit = 1024 (custom)
2019-11-08 14:36:25,605 [pool-62-thread-1] INFO  server.RaftServerConfigKeys (ConfUtils.java:logGet(43)) - raft.server.log.segment.cache.num.max = 2 (custom)
2019-11-08 14:36:25,605 [pool-52-thread-1] INFO  server.RaftServerConfigKeys (ConfUtils.java:logGet(43)) - raft.server.log.segment.size.max = 1048576 (custom)
2019-11-08 14:36:25,605 [pool-42-thread-1] INFO  server.RaftServerConfigKeys (ConfUtils.java:logGet(43)) - raft.server.log.segment.size.max = 1048576 (custom)
2019-11-08 14:36:25,606 [pool-52-thread-1] INFO  server.RaftServerConfigKeys (ConfUtils.java:logGet(43)) - raft.server.log.preallocated.size = 16384 (custom)
2019-11-08 14:36:25,605 [pool-62-thread-1] INFO  segmented.SegmentedRaftLogWorker (SegmentedRaftLogWorker.java:<init>(173)) - new 03fa6bf2-5e8d-4fe9-8f2b-bd81bbf2c134@group-EE4BEC78DEDB-SegmentedRaftLogWorker for RaftStorage:Storage Directory /workdir/hadoop-ozone/integration-test/target/test-dir/MiniOzoneClusterImpl-31815b3f-f013-4d0f-ba9b-748432fd68af/datanode-3/data/ratis/818aa614-a326-4ca9-819d-ee4bec78dedb
2019-11-08 14:36:25,606 [pool-52-thread-1] INFO  server.RaftServerConfigKeys (ConfUtils.java:logGet(43)) - raft.server.log.write.buffer.size = 33554432 (custom)
2019-11-08 14:36:25,606 [pool-42-thread-1] INFO  server.RaftServerConfigKeys (ConfUtils.java:logGet(43)) - raft.server.log.preallocated.size = 16384 (custom)
2019-11-08 14:36:25,606 [pool-52-thread-1] INFO  server.RaftServerConfigKeys (ConfUtils.java:logGet(43)) - raft.server.log.force.sync.num = 128 (default)
2019-11-08 14:36:25,606 [pool-62-thread-1] INFO  server.RaftServerConfigKeys (ConfUtils.java:logGet(43)) - raft.server.log.queue.byte-limit = 2147483647 (custom)
2019-11-08 14:36:25,606 [pool-52-thread-1] INFO  server.RaftServerConfigKeys (ConfUtils.java:logGet(43)) - raft.server.log.statemachine.data.sync = true (default)
2019-11-08 14:36:25,606 [pool-42-thread-1] INFO  server.RaftServerConfigKeys (ConfUtils.java:logGet(43)) - raft.server.log.write.buffer.size = 33554432 (custom)
2019-11-08 14:36:25,606 [pool-52-thread-1] INFO  server.RaftServerConfigKeys (ConfUtils.java:logGet(43)) - raft.server.log.statemachine.data.sync.timeout = 10s (default)
2019-11-08 14:36:25,606 [pool-62-thread-1] INFO  server.RaftServerConfigKeys (ConfUtils.java:logGet(43)) - raft.server.log.queue.element-limit = 1024 (custom)
2019-11-08 14:36:25,606 [pool-52-thread-1] INFO  server.RaftServerConfigKeys (ConfUtils.java:logGet(43)) - raft.server.log.statemachine.data.sync.timeout.retry = -1 (default)
2019-11-08 14:36:25,606 [pool-42-thread-1] INFO  server.RaftServerConfigKeys (ConfUtils.java:logGet(43)) - raft.server.log.force.sync.num = 128 (default)
2019-11-08 14:36:25,607 [pool-62-thread-1] INFO  server.RaftServerConfigKeys (ConfUtils.java:logGet(43)) - raft.server.log.segment.size.max = 1048576 (custom)
2019-11-08 14:36:25,607 [pool-42-thread-1] INFO  server.RaftServerConfigKeys (ConfUtils.java:logGet(43)) - raft.server.log.statemachine.data.sync = true (default)
2019-11-08 14:36:25,607 [pool-62-thread-1] INFO  server.RaftServerConfigKeys (ConfUtils.java:logGet(43)) - raft.server.log.preallocated.size = 16384 (custom)
2019-11-08 14:36:25,607 [pool-52-thread-1] INFO  server.RaftServerConfigKeys (ConfUtils.java:logGet(43)) - raft.server.log.statemachine.data.caching.enabled = true (custom)
2019-11-08 14:36:25,607 [pool-62-thread-1] INFO  server.RaftServerConfigKeys (ConfUtils.java:logGet(43)) - raft.server.log.write.buffer.size = 33554432 (custom)
2019-11-08 14:36:25,607 [pool-42-thread-1] INFO  server.RaftServerConfigKeys (ConfUtils.java:logGet(43)) - raft.server.log.statemachine.data.sync.timeout = 10s (default)
2019-11-08 14:36:25,607 [pool-62-thread-1] INFO  server.RaftServerConfigKeys (ConfUtils.java:logGet(43)) - raft.server.log.force.sync.num = 128 (default)
2019-11-08 14:36:25,607 [pool-42-thread-1] INFO  server.RaftServerConfigKeys (ConfUtils.java:logGet(43)) - raft.server.log.statemachine.data.sync.timeout.retry = -1 (default)
2019-11-08 14:36:25,607 [pool-62-thread-1] INFO  server.RaftServerConfigKeys (ConfUtils.java:logGet(43)) - raft.server.log.statemachine.data.sync = true (default)
2019-11-08 14:36:25,607 [pool-42-thread-1] INFO  server.RaftServerConfigKeys (ConfUtils.java:logGet(43)) - raft.server.log.statemachine.data.caching.enabled = true (custom)
2019-11-08 14:36:25,607 [pool-62-thread-1] INFO  server.RaftServerConfigKeys (ConfUtils.java:logGet(43)) - raft.server.log.statemachine.data.sync.timeout = 10s (default)
2019-11-08 14:36:25,608 [pool-62-thread-1] INFO  server.RaftServerConfigKeys (ConfUtils.java:logGet(43)) - raft.server.log.statemachine.data.sync.timeout.retry = -1 (default)
2019-11-08 14:36:25,608 [pool-62-thread-1] INFO  server.RaftServerConfigKeys (ConfUtils.java:logGet(43)) - raft.server.log.statemachine.data.caching.enabled = true (custom)
2019-11-08 14:36:25,615 [pool-52-thread-1] INFO  segmented.SegmentedRaftLogWorker (SegmentedRaftLogWorker.java:lambda$new$0(128)) - 0d8fc9ca-b055-4034-862b-c0c94a4c6b5d@group-EE4BEC78DEDB-SegmentedRaftLogWorker: flushIndex: setUnconditionally 0 -> -1
2019-11-08 14:36:25,615 [pool-62-thread-1] INFO  segmented.SegmentedRaftLogWorker (SegmentedRaftLogWorker.java:lambda$new$0(128)) - 03fa6bf2-5e8d-4fe9-8f2b-bd81bbf2c134@group-EE4BEC78DEDB-SegmentedRaftLogWorker: flushIndex: setUnconditionally 0 -> -1
2019-11-08 14:36:25,615 [pool-42-thread-1] INFO  segmented.SegmentedRaftLogWorker (SegmentedRaftLogWorker.java:lambda$new$0(128)) - bc1b5d93-f3a8-4a29-93bf-fea7f0515f10@group-EE4BEC78DEDB-SegmentedRaftLogWorker: flushIndex: setUnconditionally 0 -> -1
2019-11-08 14:36:25,615 [pool-52-thread-1] INFO  server.RaftServerConfigKeys (ConfUtils.java:logGet(43)) - raft.server.snapshot.auto.trigger.enabled = true (custom)
2019-11-08 14:36:25,615 [pool-52-thread-1] INFO  server.RaftServerConfigKeys (ConfUtils.java:logGet(43)) - raft.server.snapshot.auto.trigger.threshold = 10000 (custom)
2019-11-08 14:36:25,615 [pool-42-thread-1] INFO  server.RaftServerConfigKeys (ConfUtils.java:logGet(43)) - raft.server.snapshot.auto.trigger.enabled = true (custom)
2019-11-08 14:36:25,615 [pool-62-thread-1] INFO  server.RaftServerConfigKeys (ConfUtils.java:logGet(43)) - raft.server.snapshot.auto.trigger.enabled = true (custom)
2019-11-08 14:36:25,616 [pool-42-thread-1] INFO  server.RaftServerConfigKeys (ConfUtils.java:logGet(43)) - raft.server.snapshot.auto.trigger.threshold = 10000 (custom)
2019-11-08 14:36:25,616 [pool-42-thread-1] INFO  server.RaftServerConfigKeys (ConfUtils.java:logGet(43)) - raft.server.snapshot.retention.file.num = 5 (custom)
2019-11-08 14:36:25,616 [pool-52-thread-1] INFO  server.RaftServerConfigKeys (ConfUtils.java:logGet(43)) - raft.server.snapshot.retention.file.num = 5 (custom)
2019-11-08 14:36:25,616 [pool-62-thread-1] INFO  server.RaftServerConfigKeys (ConfUtils.java:logGet(43)) - raft.server.snapshot.auto.trigger.threshold = 10000 (custom)
2019-11-08 14:36:25,616 [pool-52-thread-1] INFO  server.RaftServerConfigKeys (ConfUtils.java:logGet(43)) - raft.server.retrycache.expirytime = 600000ms (custom)
2019-11-08 14:36:25,616 [pool-42-thread-1] INFO  server.RaftServerConfigKeys (ConfUtils.java:logGet(43)) - raft.server.retrycache.expirytime = 600000ms (custom)
2019-11-08 14:36:25,616 [pool-62-thread-1] INFO  server.RaftServerConfigKeys (ConfUtils.java:logGet(43)) - raft.server.snapshot.retention.file.num = 5 (custom)
2019-11-08 14:36:25,616 [pool-52-thread-1] WARN  impl.MetricRegistriesImpl (MetricRegistriesImpl.java:lambda$create$1(61)) - First MetricRegistry has been created without registering reporters. You may need to call MetricRegistries.global().addReportRegistration(...) before.
2019-11-08 14:36:25,617 [pool-42-thread-1] WARN  impl.MetricRegistriesImpl (MetricRegistriesImpl.java:lambda$create$1(61)) - First MetricRegistry has been created without registering reporters. You may need to call MetricRegistries.global().addReportRegistration(...) before.
2019-11-08 14:36:25,617 [pool-52-thread-1] WARN  impl.MetricRegistriesImpl (MetricRegistriesImpl.java:lambda$create$1(61)) - First MetricRegistry has been created without registering reporters. You may need to call MetricRegistries.global().addReportRegistration(...) before.
2019-11-08 14:36:25,617 [pool-62-thread-1] INFO  server.RaftServerConfigKeys (ConfUtils.java:logGet(43)) - raft.server.retrycache.expirytime = 600000ms (custom)
2019-11-08 14:36:25,617 [pool-42-thread-1] WARN  impl.MetricRegistriesImpl (MetricRegistriesImpl.java:lambda$create$1(61)) - First MetricRegistry has been created without registering reporters. You may need to call MetricRegistries.global().addReportRegistration(...) before.
2019-11-08 14:36:25,617 [pool-62-thread-1] WARN  impl.MetricRegistriesImpl (MetricRegistriesImpl.java:lambda$create$1(61)) - First MetricRegistry has been created without registering reporters. You may need to call MetricRegistries.global().addReportRegistration(...) before.
2019-11-08 14:36:25,617 [pool-52-thread-1] INFO  impl.RaftServerImpl (RaftServerImpl.java:start(184)) - 0d8fc9ca-b055-4034-862b-c0c94a4c6b5d@group-EE4BEC78DEDB: start as a follower, conf=-1: [bc1b5d93-f3a8-4a29-93bf-fea7f0515f10:192.168.69.114:39036, 0d8fc9ca-b055-4034-862b-c0c94a4c6b5d:192.168.69.114:40941, 03fa6bf2-5e8d-4fe9-8f2b-bd81bbf2c134:192.168.69.114:33035], old=null
2019-11-08 14:36:25,618 [pool-62-thread-1] WARN  impl.MetricRegistriesImpl (MetricRegistriesImpl.java:lambda$create$1(61)) - First MetricRegistry has been created without registering reporters. You may need to call MetricRegistries.global().addReportRegistration(...) before.
2019-11-08 14:36:25,618 [pool-42-thread-1] INFO  impl.RaftServerImpl (RaftServerImpl.java:start(184)) - bc1b5d93-f3a8-4a29-93bf-fea7f0515f10@group-EE4BEC78DEDB: start as a follower, conf=-1: [bc1b5d93-f3a8-4a29-93bf-fea7f0515f10:192.168.69.114:39036, 0d8fc9ca-b055-4034-862b-c0c94a4c6b5d:192.168.69.114:40941, 03fa6bf2-5e8d-4fe9-8f2b-bd81bbf2c134:192.168.69.114:33035], old=null
2019-11-08 14:36:25,618 [pool-52-thread-1] INFO  impl.RaftServerImpl (RaftServerImpl.java:setRole(173)) - 0d8fc9ca-b055-4034-862b-c0c94a4c6b5d@group-EE4BEC78DEDB: changes role from      null to FOLLOWER at term 0 for startAsFollower
2019-11-08 14:36:25,618 [pool-62-thread-1] INFO  impl.RaftServerImpl (RaftServerImpl.java:start(184)) - 03fa6bf2-5e8d-4fe9-8f2b-bd81bbf2c134@group-EE4BEC78DEDB: start as a follower, conf=-1: [bc1b5d93-f3a8-4a29-93bf-fea7f0515f10:192.168.69.114:39036, 0d8fc9ca-b055-4034-862b-c0c94a4c6b5d:192.168.69.114:40941, 03fa6bf2-5e8d-4fe9-8f2b-bd81bbf2c134:192.168.69.114:33035], old=null
2019-11-08 14:36:25,618 [pool-42-thread-1] INFO  impl.RaftServerImpl (RaftServerImpl.java:setRole(173)) - bc1b5d93-f3a8-4a29-93bf-fea7f0515f10@group-EE4BEC78DEDB: changes role from      null to FOLLOWER at term 0 for startAsFollower
2019-11-08 14:36:25,619 [pool-62-thread-1] INFO  impl.RaftServerImpl (RaftServerImpl.java:setRole(173)) - 03fa6bf2-5e8d-4fe9-8f2b-bd81bbf2c134@group-EE4BEC78DEDB: changes role from      null to FOLLOWER at term 0 for startAsFollower
2019-11-08 14:36:25,619 [pool-52-thread-1] INFO  impl.RoleInfo (RoleInfo.java:updateAndGet(143)) - 0d8fc9ca-b055-4034-862b-c0c94a4c6b5d: start FollowerState
2019-11-08 14:36:25,619 [pool-42-thread-1] INFO  impl.RoleInfo (RoleInfo.java:updateAndGet(143)) - bc1b5d93-f3a8-4a29-93bf-fea7f0515f10: start FollowerState
2019-11-08 14:36:25,619 [pool-62-thread-1] INFO  impl.RoleInfo (RoleInfo.java:updateAndGet(143)) - 03fa6bf2-5e8d-4fe9-8f2b-bd81bbf2c134: start FollowerState
2019-11-08 14:36:25,619 [pool-52-thread-1] INFO  util.JmxRegister (JmxRegister.java:tryRegister(44)) - Successfully registered JMX Bean with object name Ratis:service=RaftServer,group=group-EE4BEC78DEDB,id=0d8fc9ca-b055-4034-862b-c0c94a4c6b5d
2019-11-08 14:36:25,619 [pool-42-thread-1] INFO  util.JmxRegister (JmxRegister.java:tryRegister(44)) - Successfully registered JMX Bean with object name Ratis:service=RaftServer,group=group-EE4BEC78DEDB,id=bc1b5d93-f3a8-4a29-93bf-fea7f0515f10
2019-11-08 14:36:25,619 [pool-52-thread-1] WARN  impl.MetricRegistriesImpl (MetricRegistriesImpl.java:lambda$create$1(61)) - First MetricRegistry has been created without registering reporters. You may need to call MetricRegistries.global().addReportRegistration(...) before.
2019-11-08 14:36:25,619 [pool-62-thread-1] INFO  util.JmxRegister (JmxRegister.java:tryRegister(44)) - Successfully registered JMX Bean with object name Ratis:service=RaftServer,group=group-EE4BEC78DEDB,id=03fa6bf2-5e8d-4fe9-8f2b-bd81bbf2c134
2019-11-08 14:36:25,619 [pool-42-thread-1] WARN  impl.MetricRegistriesImpl (MetricRegistriesImpl.java:lambda$create$1(61)) - First MetricRegistry has been created without registering reporters. You may need to call MetricRegistries.global().addReportRegistration(...) before.
2019-11-08 14:36:25,620 [pool-62-thread-1] WARN  impl.MetricRegistriesImpl (MetricRegistriesImpl.java:lambda$create$1(61)) - First MetricRegistry has been created without registering reporters. You may need to call MetricRegistries.global().addReportRegistration(...) before.
2019-11-08 14:36:25,642 [RatisPipelineUtilsThread] INFO  pipeline.PipelineStateManager (PipelineStateManager.java:addPipeline(56)) - Created pipeline Pipeline[ Id: 818aa614-a326-4ca9-819d-ee4bec78dedb, Nodes: bc1b5d93-f3a8-4a29-93bf-fea7f0515f10{ip: 192.168.69.114, host: pr-hdds-2325-sfxkw-296739260, networkLocation: /rack1, certSerialId: null}03fa6bf2-5e8d-4fe9-8f2b-bd81bbf2c134{ip: 192.168.69.114, host: pr-hdds-2325-sfxkw-296739260, networkLocation: /rack1, certSerialId: null}0d8fc9ca-b055-4034-862b-c0c94a4c6b5d{ip: 192.168.69.114, host: pr-hdds-2325-sfxkw-296739260, networkLocation: /rack1, certSerialId: null}, Type:RATIS, Factor:THREE, State:OPEN]
2019-11-08 14:36:25,824 [main] INFO  ozone.MiniOzoneClusterImpl (MiniOzoneClusterImpl.java:lambda$waitForClusterToBeReady$0(147)) - Cluster is ready. Got 4 of 4 DN Heartbeats.
2019-11-08 14:36:26,688 [Thread-224] INFO  rpc.RpcClient (RpcClient.java:createVolume(291)) - Creating Volume: fcf5291e-f0a8-48c0-a134-664f176f5468, with jenkins1000 as owner.
2019-11-08 14:36:26,776 [OM StateMachine ApplyTransaction Thread - 0] INFO  volume.OMVolumeCreateRequest (OMVolumeCreateRequest.java:validateAndUpdateCache(193)) - created volume:fcf5291e-f0a8-48c0-a134-664f176f5468 for user:jenkins1000
2019-11-08 14:36:26,797 [Thread-224] INFO  rpc.RpcClient (RpcClient.java:createBucket(430)) - Creating Bucket: fcf5291e-f0a8-48c0-a134-664f176f5468/57bd563b-968e-41b9-8ea0-49640fc506e4, with Versioning false and Storage Type set to DISK and Encryption set to false 
2019-11-08 14:36:26,943 [Thread-224] INFO  impl.MetricsSystemImpl (MetricsSystemImpl.java:init(158)) - XceiverClientMetrics metrics system started (again)
2019-11-08 14:36:27,607 [Thread-199] INFO  container.ReplicationManager (ReplicationManager.java:start(162)) - Starting Replication Monitor Thread.
2019-11-08 14:36:27,612 [ReplicationMonitor] INFO  container.ReplicationManager (ReplicationManager.java:run(225)) - Replication Monitor Thread took 3 milliseconds for processing 1 containers.
2019-11-08 14:36:30,146 [Thread-201] INFO  impl.FollowerState (FollowerState.java:run(111)) - 1c9196d7-26f1-44ae-a12b-13f4355dd0c1@group-CFE23055E784-FollowerState: change to CANDIDATE, lastRpcTime:5075ms, electionTimeout:5075ms
2019-11-08 14:36:30,148 [Thread-201] INFO  impl.RoleInfo (RoleInfo.java:shutdownFollowerState(121)) - 1c9196d7-26f1-44ae-a12b-13f4355dd0c1: shutdown FollowerState
2019-11-08 14:36:30,148 [Thread-201] INFO  impl.RaftServerImpl (RaftServerImpl.java:setRole(173)) - 1c9196d7-26f1-44ae-a12b-13f4355dd0c1@group-CFE23055E784: changes role from  FOLLOWER to CANDIDATE at term 0 for changeToCandidate
2019-11-08 14:36:30,148 [Thread-201] INFO  impl.RoleInfo (RoleInfo.java:updateAndGet(143)) - 1c9196d7-26f1-44ae-a12b-13f4355dd0c1: start LeaderElection
2019-11-08 14:36:30,304 [Thread-204] INFO  impl.FollowerState (FollowerState.java:run(111)) - bc1b5d93-f3a8-4a29-93bf-fea7f0515f10@group-482143FF61D9-FollowerState: change to CANDIDATE, lastRpcTime:5032ms, electionTimeout:5032ms
2019-11-08 14:36:30,304 [Thread-204] INFO  impl.RoleInfo (RoleInfo.java:shutdownFollowerState(121)) - bc1b5d93-f3a8-4a29-93bf-fea7f0515f10: shutdown FollowerState
2019-11-08 14:36:30,304 [Thread-204] INFO  impl.RaftServerImpl (RaftServerImpl.java:setRole(173)) - bc1b5d93-f3a8-4a29-93bf-fea7f0515f10@group-482143FF61D9: changes role from  FOLLOWER to CANDIDATE at term 0 for changeToCandidate
2019-11-08 14:36:30,304 [Thread-204] INFO  impl.RoleInfo (RoleInfo.java:updateAndGet(143)) - bc1b5d93-f3a8-4a29-93bf-fea7f0515f10: start LeaderElection
2019-11-08 14:36:30,400 [Thread-207] INFO  impl.FollowerState (FollowerState.java:run(111)) - 03fa6bf2-5e8d-4fe9-8f2b-bd81bbf2c134@group-281A400E001E-FollowerState: change to CANDIDATE, lastRpcTime:5026ms, electionTimeout:5026ms
2019-11-08 14:36:30,400 [Thread-207] INFO  impl.RoleInfo (RoleInfo.java:shutdownFollowerState(121)) - 03fa6bf2-5e8d-4fe9-8f2b-bd81bbf2c134: shutdown FollowerState
2019-11-08 14:36:30,400 [Thread-207] INFO  impl.RaftServerImpl (RaftServerImpl.java:setRole(173)) - 03fa6bf2-5e8d-4fe9-8f2b-bd81bbf2c134@group-281A400E001E: changes role from  FOLLOWER to CANDIDATE at term 0 for changeToCandidate
2019-11-08 14:36:30,400 [Thread-207] INFO  impl.RoleInfo (RoleInfo.java:updateAndGet(143)) - 03fa6bf2-5e8d-4fe9-8f2b-bd81bbf2c134: start LeaderElection
2019-11-08 14:36:30,517 [Thread-210] INFO  impl.FollowerState (FollowerState.java:run(111)) - 0d8fc9ca-b055-4034-862b-c0c94a4c6b5d@group-26AB0C4822FC-FollowerState: change to CANDIDATE, lastRpcTime:5015ms, electionTimeout:5015ms
2019-11-08 14:36:30,517 [Thread-210] INFO  impl.RoleInfo (RoleInfo.java:shutdownFollowerState(121)) - 0d8fc9ca-b055-4034-862b-c0c94a4c6b5d: shutdown FollowerState
2019-11-08 14:36:30,517 [Thread-210] INFO  impl.RaftServerImpl (RaftServerImpl.java:setRole(173)) - 0d8fc9ca-b055-4034-862b-c0c94a4c6b5d@group-26AB0C4822FC: changes role from  FOLLOWER to CANDIDATE at term 0 for changeToCandidate
2019-11-08 14:36:30,517 [Thread-210] INFO  impl.RoleInfo (RoleInfo.java:updateAndGet(143)) - 0d8fc9ca-b055-4034-862b-c0c94a4c6b5d: start LeaderElection
2019-11-08 14:36:30,630 [Thread-215] INFO  impl.FollowerState (FollowerState.java:run(111)) - 0d8fc9ca-b055-4034-862b-c0c94a4c6b5d@group-EE4BEC78DEDB-FollowerState: change to CANDIDATE, lastRpcTime:5011ms, electionTimeout:5011ms
2019-11-08 14:36:30,630 [Thread-215] INFO  impl.RoleInfo (RoleInfo.java:shutdownFollowerState(121)) - 0d8fc9ca-b055-4034-862b-c0c94a4c6b5d: shutdown FollowerState
2019-11-08 14:36:30,630 [Thread-215] INFO  impl.RaftServerImpl (RaftServerImpl.java:setRole(173)) - 0d8fc9ca-b055-4034-862b-c0c94a4c6b5d@group-EE4BEC78DEDB: changes role from  FOLLOWER to CANDIDATE at term 0 for changeToCandidate
2019-11-08 14:36:30,631 [Thread-215] INFO  impl.RoleInfo (RoleInfo.java:updateAndGet(143)) - 0d8fc9ca-b055-4034-862b-c0c94a4c6b5d: start LeaderElection
2019-11-08 14:36:30,661 [Thread-217] INFO  impl.FollowerState (FollowerState.java:run(111)) - 03fa6bf2-5e8d-4fe9-8f2b-bd81bbf2c134@group-EE4BEC78DEDB-FollowerState: change to CANDIDATE, lastRpcTime:5042ms, electionTimeout:5042ms
2019-11-08 14:36:30,662 [Thread-217] INFO  impl.RoleInfo (RoleInfo.java:shutdownFollowerState(121)) - 03fa6bf2-5e8d-4fe9-8f2b-bd81bbf2c134: shutdown FollowerState
2019-11-08 14:36:30,662 [Thread-217] INFO  impl.RaftServerImpl (RaftServerImpl.java:setRole(173)) - 03fa6bf2-5e8d-4fe9-8f2b-bd81bbf2c134@group-EE4BEC78DEDB: changes role from  FOLLOWER to CANDIDATE at term 0 for changeToCandidate
2019-11-08 14:36:30,662 [Thread-217] INFO  impl.RoleInfo (RoleInfo.java:updateAndGet(143)) - 03fa6bf2-5e8d-4fe9-8f2b-bd81bbf2c134: start LeaderElection
2019-11-08 14:36:30,802 [Thread-216] INFO  impl.FollowerState (FollowerState.java:run(111)) - bc1b5d93-f3a8-4a29-93bf-fea7f0515f10@group-EE4BEC78DEDB-FollowerState: change to CANDIDATE, lastRpcTime:5183ms, electionTimeout:5183ms
2019-11-08 14:36:30,803 [Thread-216] INFO  impl.RoleInfo (RoleInfo.java:shutdownFollowerState(121)) - bc1b5d93-f3a8-4a29-93bf-fea7f0515f10: shutdown FollowerState
2019-11-08 14:36:30,803 [Thread-216] INFO  impl.RaftServerImpl (RaftServerImpl.java:setRole(173)) - bc1b5d93-f3a8-4a29-93bf-fea7f0515f10@group-EE4BEC78DEDB: changes role from  FOLLOWER to CANDIDATE at term 0 for changeToCandidate
2019-11-08 14:36:30,803 [Thread-216] INFO  impl.RoleInfo (RoleInfo.java:updateAndGet(143)) - bc1b5d93-f3a8-4a29-93bf-fea7f0515f10: start LeaderElection
2019-11-08 14:36:35,846 [03fa6bf2-5e8d-4fe9-8f2b-bd81bbf2c134@group-281A400E001E-LeaderElection4] INFO  impl.LeaderElection (LeaderElection.java:askForVotes(178)) - 03fa6bf2-5e8d-4fe9-8f2b-bd81bbf2c134@group-281A400E001E-LeaderElection4: begin an election at term 1 for -1: [03fa6bf2-5e8d-4fe9-8f2b-bd81bbf2c134:192.168.69.114:33035], old=null
2019-11-08 14:36:35,846 [0d8fc9ca-b055-4034-862b-c0c94a4c6b5d@group-EE4BEC78DEDB-LeaderElection6] INFO  impl.LeaderElection (LeaderElection.java:askForVotes(178)) - 0d8fc9ca-b055-4034-862b-c0c94a4c6b5d@group-EE4BEC78DEDB-LeaderElection6: begin an election at term 1 for -1: [bc1b5d93-f3a8-4a29-93bf-fea7f0515f10:192.168.69.114:39036, 0d8fc9ca-b055-4034-862b-c0c94a4c6b5d:192.168.69.114:40941, 03fa6bf2-5e8d-4fe9-8f2b-bd81bbf2c134:192.168.69.114:33035], old=null
2019-11-08 14:36:35,850 [bc1b5d93-f3a8-4a29-93bf-fea7f0515f10@group-EE4BEC78DEDB-LeaderElection8] INFO  impl.LeaderElection (LeaderElection.java:askForVotes(178)) - bc1b5d93-f3a8-4a29-93bf-fea7f0515f10@group-EE4BEC78DEDB-LeaderElection8: begin an election at term 1 for -1: [bc1b5d93-f3a8-4a29-93bf-fea7f0515f10:192.168.69.114:39036, 0d8fc9ca-b055-4034-862b-c0c94a4c6b5d:192.168.69.114:40941, 03fa6bf2-5e8d-4fe9-8f2b-bd81bbf2c134:192.168.69.114:33035], old=null
2019-11-08 14:36:35,846 [03fa6bf2-5e8d-4fe9-8f2b-bd81bbf2c134@group-EE4BEC78DEDB-LeaderElection7] INFO  impl.LeaderElection (LeaderElection.java:askForVotes(178)) - 03fa6bf2-5e8d-4fe9-8f2b-bd81bbf2c134@group-EE4BEC78DEDB-LeaderElection7: begin an election at term 1 for -1: [bc1b5d93-f3a8-4a29-93bf-fea7f0515f10:192.168.69.114:39036, 0d8fc9ca-b055-4034-862b-c0c94a4c6b5d:192.168.69.114:40941, 03fa6bf2-5e8d-4fe9-8f2b-bd81bbf2c134:192.168.69.114:33035], old=null
2019-11-08 14:36:35,850 [bc1b5d93-f3a8-4a29-93bf-fea7f0515f10@group-482143FF61D9-LeaderElection3] INFO  impl.LeaderElection (LeaderElection.java:askForVotes(178)) - bc1b5d93-f3a8-4a29-93bf-fea7f0515f10@group-482143FF61D9-LeaderElection3: begin an election at term 1 for -1: [bc1b5d93-f3a8-4a29-93bf-fea7f0515f10:192.168.69.114:39036], old=null
2019-11-08 14:36:35,846 [1c9196d7-26f1-44ae-a12b-13f4355dd0c1@group-CFE23055E784-LeaderElection2] INFO  impl.LeaderElection (LeaderElection.java:askForVotes(178)) - 1c9196d7-26f1-44ae-a12b-13f4355dd0c1@group-CFE23055E784-LeaderElection2: begin an election at term 1 for -1: [1c9196d7-26f1-44ae-a12b-13f4355dd0c1:192.168.69.114:41036], old=null
2019-11-08 14:36:35,846 [0d8fc9ca-b055-4034-862b-c0c94a4c6b5d@group-26AB0C4822FC-LeaderElection5] INFO  impl.LeaderElection (LeaderElection.java:askForVotes(178)) - 0d8fc9ca-b055-4034-862b-c0c94a4c6b5d@group-26AB0C4822FC-LeaderElection5: begin an election at term 1 for -1: [0d8fc9ca-b055-4034-862b-c0c94a4c6b5d:192.168.69.114:40941], old=null
2019-11-08 14:36:35,852 [1c9196d7-26f1-44ae-a12b-13f4355dd0c1@group-CFE23055E784-LeaderElection2] INFO  impl.RoleInfo (RoleInfo.java:shutdownLeaderElection(134)) - 1c9196d7-26f1-44ae-a12b-13f4355dd0c1: shutdown LeaderElection
2019-11-08 14:36:35,851 [bc1b5d93-f3a8-4a29-93bf-fea7f0515f10@group-482143FF61D9-LeaderElection3] INFO  impl.RoleInfo (RoleInfo.java:shutdownLeaderElection(134)) - bc1b5d93-f3a8-4a29-93bf-fea7f0515f10: shutdown LeaderElection
2019-11-08 14:36:35,851 [03fa6bf2-5e8d-4fe9-8f2b-bd81bbf2c134@group-281A400E001E-LeaderElection4] INFO  impl.RoleInfo (RoleInfo.java:shutdownLeaderElection(134)) - 03fa6bf2-5e8d-4fe9-8f2b-bd81bbf2c134: shutdown LeaderElection
2019-11-08 14:36:35,852 [0d8fc9ca-b055-4034-862b-c0c94a4c6b5d@group-26AB0C4822FC-LeaderElection5] INFO  impl.RoleInfo (RoleInfo.java:shutdownLeaderElection(134)) - 0d8fc9ca-b055-4034-862b-c0c94a4c6b5d: shutdown LeaderElection
2019-11-08 14:36:35,852 [1c9196d7-26f1-44ae-a12b-13f4355dd0c1@group-CFE23055E784-LeaderElection2] INFO  impl.RaftServerImpl (RaftServerImpl.java:setRole(173)) - 1c9196d7-26f1-44ae-a12b-13f4355dd0c1@group-CFE23055E784: changes role from CANDIDATE to LEADER at term 1 for changeToLeader
2019-11-08 14:36:35,852 [03fa6bf2-5e8d-4fe9-8f2b-bd81bbf2c134@group-281A400E001E-LeaderElection4] INFO  impl.RaftServerImpl (RaftServerImpl.java:setRole(173)) - 03fa6bf2-5e8d-4fe9-8f2b-bd81bbf2c134@group-281A400E001E: changes role from CANDIDATE to LEADER at term 1 for changeToLeader
2019-11-08 14:36:35,852 [bc1b5d93-f3a8-4a29-93bf-fea7f0515f10@group-482143FF61D9-LeaderElection3] INFO  impl.RaftServerImpl (RaftServerImpl.java:setRole(173)) - bc1b5d93-f3a8-4a29-93bf-fea7f0515f10@group-482143FF61D9: changes role from CANDIDATE to LEADER at term 1 for changeToLeader
2019-11-08 14:36:35,852 [03fa6bf2-5e8d-4fe9-8f2b-bd81bbf2c134@group-281A400E001E-LeaderElection4] INFO  impl.RaftServerImpl (ServerState.java:setLeader(255)) - 03fa6bf2-5e8d-4fe9-8f2b-bd81bbf2c134@group-281A400E001E: change Leader from null to 03fa6bf2-5e8d-4fe9-8f2b-bd81bbf2c134 at term 1 for becomeLeader, leader elected after 10484ms
2019-11-08 14:36:35,852 [1c9196d7-26f1-44ae-a12b-13f4355dd0c1@group-CFE23055E784-LeaderElection2] INFO  impl.RaftServerImpl (ServerState.java:setLeader(255)) - 1c9196d7-26f1-44ae-a12b-13f4355dd0c1@group-CFE23055E784: change Leader from null to 1c9196d7-26f1-44ae-a12b-13f4355dd0c1 at term 1 for becomeLeader, leader elected after 10791ms
2019-11-08 14:36:35,852 [0d8fc9ca-b055-4034-862b-c0c94a4c6b5d@group-26AB0C4822FC-LeaderElection5] INFO  impl.RaftServerImpl (RaftServerImpl.java:setRole(173)) - 0d8fc9ca-b055-4034-862b-c0c94a4c6b5d@group-26AB0C4822FC: changes role from CANDIDATE to LEADER at term 1 for changeToLeader
2019-11-08 14:36:35,853 [1c9196d7-26f1-44ae-a12b-13f4355dd0c1@group-CFE23055E784-LeaderElection2] INFO  server.RaftServerConfigKeys (ConfUtils.java:logGet(43)) - raft.server.staging.catchup.gap = 1000 (default)
2019-11-08 14:36:35,853 [03fa6bf2-5e8d-4fe9-8f2b-bd81bbf2c134@group-281A400E001E-LeaderElection4] INFO  server.RaftServerConfigKeys (ConfUtils.java:logGet(43)) - raft.server.staging.catchup.gap = 1000 (default)
2019-11-08 14:36:35,852 [bc1b5d93-f3a8-4a29-93bf-fea7f0515f10@group-482143FF61D9-LeaderElection3] INFO  impl.RaftServerImpl (ServerState.java:setLeader(255)) - bc1b5d93-f3a8-4a29-93bf-fea7f0515f10@group-482143FF61D9: change Leader from null to bc1b5d93-f3a8-4a29-93bf-fea7f0515f10 at term 1 for becomeLeader, leader elected after 10586ms
2019-11-08 14:36:35,854 [03fa6bf2-5e8d-4fe9-8f2b-bd81bbf2c134@group-281A400E001E-LeaderElection4] INFO  server.RaftServerConfigKeys (ConfUtils.java:logGet(43)) - raft.server.rpc.sleep.time = 25ms (default)
2019-11-08 14:36:35,854 [bc1b5d93-f3a8-4a29-93bf-fea7f0515f10@group-482143FF61D9-LeaderElection3] INFO  server.RaftServerConfigKeys (ConfUtils.java:logGet(43)) - raft.server.staging.catchup.gap = 1000 (default)
2019-11-08 14:36:35,854 [1c9196d7-26f1-44ae-a12b-13f4355dd0c1@group-CFE23055E784-LeaderElection2] INFO  server.RaftServerConfigKeys (ConfUtils.java:logGet(43)) - raft.server.rpc.sleep.time = 25ms (default)
2019-11-08 14:36:35,853 [0d8fc9ca-b055-4034-862b-c0c94a4c6b5d@group-26AB0C4822FC-LeaderElection5] INFO  impl.RaftServerImpl (ServerState.java:setLeader(255)) - 0d8fc9ca-b055-4034-862b-c0c94a4c6b5d@group-26AB0C4822FC: change Leader from null to 0d8fc9ca-b055-4034-862b-c0c94a4c6b5d at term 1 for becomeLeader, leader elected after 10356ms
2019-11-08 14:36:35,855 [03fa6bf2-5e8d-4fe9-8f2b-bd81bbf2c134@group-281A400E001E-LeaderElection4] INFO  server.RaftServerConfigKeys (ConfUtils.java:logGet(43)) - raft.server.write.element-limit = 4096 (default)
2019-11-08 14:36:35,855 [bc1b5d93-f3a8-4a29-93bf-fea7f0515f10@group-482143FF61D9-LeaderElection3] INFO  server.RaftServerConfigKeys (ConfUtils.java:logGet(43)) - raft.server.rpc.sleep.time = 25ms (default)
2019-11-08 14:36:35,855 [1c9196d7-26f1-44ae-a12b-13f4355dd0c1@group-CFE23055E784-LeaderElection2] INFO  server.RaftServerConfigKeys (ConfUtils.java:logGet(43)) - raft.server.write.element-limit = 4096 (default)
2019-11-08 14:36:35,856 [bc1b5d93-f3a8-4a29-93bf-fea7f0515f10@group-482143FF61D9-LeaderElection3] INFO  server.RaftServerConfigKeys (ConfUtils.java:logGet(43)) - raft.server.write.element-limit = 4096 (default)
2019-11-08 14:36:35,856 [1c9196d7-26f1-44ae-a12b-13f4355dd0c1@group-CFE23055E784-LeaderElection2] INFO  server.RaftServerConfigKeys (ConfUtils.java:logGet(43)) - raft.server.watch.timeout = 10s (default)
2019-11-08 14:36:35,856 [0d8fc9ca-b055-4034-862b-c0c94a4c6b5d@group-26AB0C4822FC-LeaderElection5] INFO  server.RaftServerConfigKeys (ConfUtils.java:logGet(43)) - raft.server.staging.catchup.gap = 1000 (default)
2019-11-08 14:36:35,855 [03fa6bf2-5e8d-4fe9-8f2b-bd81bbf2c134@group-281A400E001E-LeaderElection4] INFO  server.RaftServerConfigKeys (ConfUtils.java:logGet(43)) - raft.server.watch.timeout = 10s (default)
2019-11-08 14:36:35,856 [0d8fc9ca-b055-4034-862b-c0c94a4c6b5d@group-26AB0C4822FC-LeaderElection5] INFO  server.RaftServerConfigKeys (ConfUtils.java:logGet(43)) - raft.server.rpc.sleep.time = 25ms (default)
2019-11-08 14:36:35,856 [1c9196d7-26f1-44ae-a12b-13f4355dd0c1@group-CFE23055E784-LeaderElection2] INFO  server.RaftServerConfigKeys (ConfUtils.java:logGet(43)) - raft.server.watch.timeout.denomination = 1s (default)
2019-11-08 14:36:35,856 [bc1b5d93-f3a8-4a29-93bf-fea7f0515f10@group-482143FF61D9-LeaderElection3] INFO  server.RaftServerConfigKeys (ConfUtils.java:logGet(43)) - raft.server.watch.timeout = 10s (default)
2019-11-08 14:36:35,857 [1c9196d7-26f1-44ae-a12b-13f4355dd0c1@group-CFE23055E784-LeaderElection2] INFO  server.RaftServerConfigKeys (ConfUtils.java:logGet(43)) - raft.server.watch.element-limit = 65536 (default)
2019-11-08 14:36:35,857 [0d8fc9ca-b055-4034-862b-c0c94a4c6b5d@group-26AB0C4822FC-LeaderElection5] INFO  server.RaftServerConfigKeys (ConfUtils.java:logGet(43)) - raft.server.write.element-limit = 4096 (default)
2019-11-08 14:36:35,856 [03fa6bf2-5e8d-4fe9-8f2b-bd81bbf2c134@group-281A400E001E-LeaderElection4] INFO  server.RaftServerConfigKeys (ConfUtils.java:logGet(43)) - raft.server.watch.timeout.denomination = 1s (default)
2019-11-08 14:36:35,857 [0d8fc9ca-b055-4034-862b-c0c94a4c6b5d@group-26AB0C4822FC-LeaderElection5] INFO  server.RaftServerConfigKeys (ConfUtils.java:logGet(43)) - raft.server.watch.timeout = 10s (default)
2019-11-08 14:36:35,857 [bc1b5d93-f3a8-4a29-93bf-fea7f0515f10@group-482143FF61D9-LeaderElection3] INFO  server.RaftServerConfigKeys (ConfUtils.java:logGet(43)) - raft.server.watch.timeout.denomination = 1s (default)
2019-11-08 14:36:35,857 [1c9196d7-26f1-44ae-a12b-13f4355dd0c1@group-CFE23055E784-LeaderElection2] INFO  impl.RoleInfo (RoleInfo.java:updateAndGet(143)) - 1c9196d7-26f1-44ae-a12b-13f4355dd0c1: start LeaderState
2019-11-08 14:36:35,857 [0d8fc9ca-b055-4034-862b-c0c94a4c6b5d@group-26AB0C4822FC-LeaderElection5] INFO  server.RaftServerConfigKeys (ConfUtils.java:logGet(43)) - raft.server.watch.timeout.denomination = 1s (default)
2019-11-08 14:36:35,857 [03fa6bf2-5e8d-4fe9-8f2b-bd81bbf2c134@group-281A400E001E-LeaderElection4] INFO  server.RaftServerConfigKeys (ConfUtils.java:logGet(43)) - raft.server.watch.element-limit = 65536 (default)
2019-11-08 14:36:35,857 [0d8fc9ca-b055-4034-862b-c0c94a4c6b5d@group-26AB0C4822FC-LeaderElection5] INFO  server.RaftServerConfigKeys (ConfUtils.java:logGet(43)) - raft.server.watch.element-limit = 65536 (default)
2019-11-08 14:36:35,857 [bc1b5d93-f3a8-4a29-93bf-fea7f0515f10@group-482143FF61D9-LeaderElection3] INFO  server.RaftServerConfigKeys (ConfUtils.java:logGet(43)) - raft.server.watch.element-limit = 65536 (default)
2019-11-08 14:36:35,858 [03fa6bf2-5e8d-4fe9-8f2b-bd81bbf2c134@group-281A400E001E-LeaderElection4] INFO  impl.RoleInfo (RoleInfo.java:updateAndGet(143)) - 03fa6bf2-5e8d-4fe9-8f2b-bd81bbf2c134: start LeaderState
2019-11-08 14:36:35,858 [0d8fc9ca-b055-4034-862b-c0c94a4c6b5d@group-26AB0C4822FC-LeaderElection5] INFO  impl.RoleInfo (RoleInfo.java:updateAndGet(143)) - 0d8fc9ca-b055-4034-862b-c0c94a4c6b5d: start LeaderState
2019-11-08 14:36:35,858 [bc1b5d93-f3a8-4a29-93bf-fea7f0515f10@group-482143FF61D9-LeaderElection3] INFO  impl.RoleInfo (RoleInfo.java:updateAndGet(143)) - bc1b5d93-f3a8-4a29-93bf-fea7f0515f10: start LeaderState
2019-11-08 14:36:35,858 [bc1b5d93-f3a8-4a29-93bf-fea7f0515f10@group-482143FF61D9-LeaderElection3] INFO  segmented.SegmentedRaftLogWorker (SegmentedRaftLogWorker.java:startLogSegment(385)) - bc1b5d93-f3a8-4a29-93bf-fea7f0515f10@group-482143FF61D9-SegmentedRaftLogWorker: Starting segment from index:0
2019-11-08 14:36:35,858 [03fa6bf2-5e8d-4fe9-8f2b-bd81bbf2c134@group-281A400E001E-LeaderElection4] INFO  segmented.SegmentedRaftLogWorker (SegmentedRaftLogWorker.java:startLogSegment(385)) - 03fa6bf2-5e8d-4fe9-8f2b-bd81bbf2c134@group-281A400E001E-SegmentedRaftLogWorker: Starting segment from index:0
2019-11-08 14:36:35,858 [0d8fc9ca-b055-4034-862b-c0c94a4c6b5d@group-26AB0C4822FC-LeaderElection5] INFO  segmented.SegmentedRaftLogWorker (SegmentedRaftLogWorker.java:startLogSegment(385)) - 0d8fc9ca-b055-4034-862b-c0c94a4c6b5d@group-26AB0C4822FC-SegmentedRaftLogWorker: Starting segment from index:0
2019-11-08 14:36:35,858 [1c9196d7-26f1-44ae-a12b-13f4355dd0c1@group-CFE23055E784-LeaderElection2] INFO  segmented.SegmentedRaftLogWorker (SegmentedRaftLogWorker.java:startLogSegment(385)) - 1c9196d7-26f1-44ae-a12b-13f4355dd0c1@group-CFE23055E784-SegmentedRaftLogWorker: Starting segment from index:0
2019-11-08 14:36:35,860 [0d8fc9ca-b055-4034-862b-c0c94a4c6b5d@group-26AB0C4822FC-LeaderElection5] INFO  impl.RaftServerImpl (ServerState.java:setRaftConf(356)) - 0d8fc9ca-b055-4034-862b-c0c94a4c6b5d@group-26AB0C4822FC: set configuration 0: [0d8fc9ca-b055-4034-862b-c0c94a4c6b5d:192.168.69.114:40941], old=null at 0
2019-11-08 14:36:35,860 [1c9196d7-26f1-44ae-a12b-13f4355dd0c1@group-CFE23055E784-LeaderElection2] INFO  impl.RaftServerImpl (ServerState.java:setRaftConf(356)) - 1c9196d7-26f1-44ae-a12b-13f4355dd0c1@group-CFE23055E784: set configuration 0: [1c9196d7-26f1-44ae-a12b-13f4355dd0c1:192.168.69.114:41036], old=null at 0
2019-11-08 14:36:35,860 [bc1b5d93-f3a8-4a29-93bf-fea7f0515f10@group-482143FF61D9-LeaderElection3] INFO  impl.RaftServerImpl (ServerState.java:setRaftConf(356)) - bc1b5d93-f3a8-4a29-93bf-fea7f0515f10@group-482143FF61D9: set configuration 0: [bc1b5d93-f3a8-4a29-93bf-fea7f0515f10:192.168.69.114:39036], old=null at 0
2019-11-08 14:36:35,862 [03fa6bf2-5e8d-4fe9-8f2b-bd81bbf2c134@group-281A400E001E-LeaderElection4] INFO  impl.RaftServerImpl (ServerState.java:setRaftConf(356)) - 03fa6bf2-5e8d-4fe9-8f2b-bd81bbf2c134@group-281A400E001E: set configuration 0: [03fa6bf2-5e8d-4fe9-8f2b-bd81bbf2c134:192.168.69.114:33035], old=null at 0
2019-11-08 14:36:35,936 [03fa6bf2-5e8d-4fe9-8f2b-bd81bbf2c134@group-281A400E001E-SegmentedRaftLogWorker] INFO  segmented.SegmentedRaftLogWorker (SegmentedRaftLogWorker.java:execute(576)) - 03fa6bf2-5e8d-4fe9-8f2b-bd81bbf2c134@group-281A400E001E-SegmentedRaftLogWorker: created new log segment /workdir/hadoop-ozone/integration-test/target/test-dir/MiniOzoneClusterImpl-31815b3f-f013-4d0f-ba9b-748432fd68af/datanode-3/data/ratis/13f982c1-f947-46d7-bd9c-281a400e001e/current/log_inprogress_0
2019-11-08 14:36:35,936 [0d8fc9ca-b055-4034-862b-c0c94a4c6b5d@group-26AB0C4822FC-SegmentedRaftLogWorker] INFO  segmented.SegmentedRaftLogWorker (SegmentedRaftLogWorker.java:execute(576)) - 0d8fc9ca-b055-4034-862b-c0c94a4c6b5d@group-26AB0C4822FC-SegmentedRaftLogWorker: created new log segment /workdir/hadoop-ozone/integration-test/target/test-dir/MiniOzoneClusterImpl-31815b3f-f013-4d0f-ba9b-748432fd68af/datanode-2/data/ratis/df615afd-d7fa-49e1-b3bd-26ab0c4822fc/current/log_inprogress_0
2019-11-08 14:36:35,936 [bc1b5d93-f3a8-4a29-93bf-fea7f0515f10@group-482143FF61D9-SegmentedRaftLogWorker] INFO  segmented.SegmentedRaftLogWorker (SegmentedRaftLogWorker.java:execute(576)) - bc1b5d93-f3a8-4a29-93bf-fea7f0515f10@group-482143FF61D9-SegmentedRaftLogWorker: created new log segment /workdir/hadoop-ozone/integration-test/target/test-dir/MiniOzoneClusterImpl-31815b3f-f013-4d0f-ba9b-748432fd68af/datanode-1/data/ratis/a239c8f8-94a3-4045-8bcc-482143ff61d9/current/log_inprogress_0
2019-11-08 14:36:35,954 [1c9196d7-26f1-44ae-a12b-13f4355dd0c1@group-CFE23055E784-SegmentedRaftLogWorker] INFO  segmented.SegmentedRaftLogWorker (SegmentedRaftLogWorker.java:execute(576)) - 1c9196d7-26f1-44ae-a12b-13f4355dd0c1@group-CFE23055E784-SegmentedRaftLogWorker: created new log segment /workdir/hadoop-ozone/integration-test/target/test-dir/MiniOzoneClusterImpl-31815b3f-f013-4d0f-ba9b-748432fd68af/datanode-0/data/ratis/afabb239-a7fe-422a-a53f-cfe23055e784/current/log_inprogress_0
2019-11-08 14:36:35,965 [0d8fc9ca-b055-4034-862b-c0c94a4c6b5d@group-EE4BEC78DEDB-LeaderElection6] INFO  impl.LeaderElection (LeaderElection.java:logAndReturn(56)) - 0d8fc9ca-b055-4034-862b-c0c94a4c6b5d@group-EE4BEC78DEDB-LeaderElection6: Election REJECTED; received 2 response(s) [0d8fc9ca-b055-4034-862b-c0c94a4c6b5d<-bc1b5d93-f3a8-4a29-93bf-fea7f0515f10#0:FAIL-t1, 0d8fc9ca-b055-4034-862b-c0c94a4c6b5d<-03fa6bf2-5e8d-4fe9-8f2b-bd81bbf2c134#0:FAIL-t1] and 0 exception(s); 0d8fc9ca-b055-4034-862b-c0c94a4c6b5d@group-EE4BEC78DEDB:t1, leader=null, voted=0d8fc9ca-b055-4034-862b-c0c94a4c6b5d, raftlog=0d8fc9ca-b055-4034-862b-c0c94a4c6b5d@group-EE4BEC78DEDB-SegmentedRaftLog:OPENED:c-1,f-1,i0, conf=-1: [bc1b5d93-f3a8-4a29-93bf-fea7f0515f10:192.168.69.114:39036, 0d8fc9ca-b055-4034-862b-c0c94a4c6b5d:192.168.69.114:40941, 03fa6bf2-5e8d-4fe9-8f2b-bd81bbf2c134:192.168.69.114:33035], old=null
2019-11-08 14:36:35,965 [03fa6bf2-5e8d-4fe9-8f2b-bd81bbf2c134@group-EE4BEC78DEDB-LeaderElection7] INFO  impl.LeaderElection (LeaderElection.java:logAndReturn(56)) - 03fa6bf2-5e8d-4fe9-8f2b-bd81bbf2c134@group-EE4BEC78DEDB-LeaderElection7: Election REJECTED; received 2 response(s) [03fa6bf2-5e8d-4fe9-8f2b-bd81bbf2c134<-bc1b5d93-f3a8-4a29-93bf-fea7f0515f10#0:FAIL-t1, 03fa6bf2-5e8d-4fe9-8f2b-bd81bbf2c134<-0d8fc9ca-b055-4034-862b-c0c94a4c6b5d#0:FAIL-t1] and 0 exception(s); 03fa6bf2-5e8d-4fe9-8f2b-bd81bbf2c134@group-EE4BEC78DEDB:t1, leader=null, voted=03fa6bf2-5e8d-4fe9-8f2b-bd81bbf2c134, raftlog=03fa6bf2-5e8d-4fe9-8f2b-bd81bbf2c134@group-EE4BEC78DEDB-SegmentedRaftLog:OPENED:c-1,f-1,i0, conf=-1: [bc1b5d93-f3a8-4a29-93bf-fea7f0515f10:192.168.69.114:39036, 0d8fc9ca-b055-4034-862b-c0c94a4c6b5d:192.168.69.114:40941, 03fa6bf2-5e8d-4fe9-8f2b-bd81bbf2c134:192.168.69.114:33035], old=null
2019-11-08 14:36:35,965 [bc1b5d93-f3a8-4a29-93bf-fea7f0515f10@group-EE4BEC78DEDB-LeaderElection8] INFO  impl.LeaderElection (LeaderElection.java:logAndReturn(56)) - bc1b5d93-f3a8-4a29-93bf-fea7f0515f10@group-EE4BEC78DEDB-LeaderElection8: Election REJECTED; received 2 response(s) [bc1b5d93-f3a8-4a29-93bf-fea7f0515f10<-0d8fc9ca-b055-4034-862b-c0c94a4c6b5d#0:FAIL-t1, bc1b5d93-f3a8-4a29-93bf-fea7f0515f10<-03fa6bf2-5e8d-4fe9-8f2b-bd81bbf2c134#0:FAIL-t1] and 0 exception(s); bc1b5d93-f3a8-4a29-93bf-fea7f0515f10@group-EE4BEC78DEDB:t1, leader=null, voted=bc1b5d93-f3a8-4a29-93bf-fea7f0515f10, raftlog=bc1b5d93-f3a8-4a29-93bf-fea7f0515f10@group-EE4BEC78DEDB-SegmentedRaftLog:OPENED:c-1,f-1,i0, conf=-1: [bc1b5d93-f3a8-4a29-93bf-fea7f0515f10:192.168.69.114:39036, 0d8fc9ca-b055-4034-862b-c0c94a4c6b5d:192.168.69.114:40941, 03fa6bf2-5e8d-4fe9-8f2b-bd81bbf2c134:192.168.69.114:33035], old=null
2019-11-08 14:36:35,969 [bc1b5d93-f3a8-4a29-93bf-fea7f0515f10@group-EE4BEC78DEDB-LeaderElection8] INFO  impl.RaftServerImpl (RaftServerImpl.java:setRole(173)) - bc1b5d93-f3a8-4a29-93bf-fea7f0515f10@group-EE4BEC78DEDB: changes role from CANDIDATE to FOLLOWER at term 1 for DISCOVERED_A_NEW_TERM
2019-11-08 14:36:35,970 [bc1b5d93-f3a8-4a29-93bf-fea7f0515f10@group-EE4BEC78DEDB-LeaderElection8] INFO  impl.RoleInfo (RoleInfo.java:shutdownLeaderElection(134)) - bc1b5d93-f3a8-4a29-93bf-fea7f0515f10: shutdown LeaderElection
2019-11-08 14:36:35,970 [03fa6bf2-5e8d-4fe9-8f2b-bd81bbf2c134@group-EE4BEC78DEDB-LeaderElection7] INFO  impl.RaftServerImpl (RaftServerImpl.java:setRole(173)) - 03fa6bf2-5e8d-4fe9-8f2b-bd81bbf2c134@group-EE4BEC78DEDB: changes role from CANDIDATE to FOLLOWER at term 1 for DISCOVERED_A_NEW_TERM
2019-11-08 14:36:35,970 [0d8fc9ca-b055-4034-862b-c0c94a4c6b5d@group-EE4BEC78DEDB-LeaderElection6] INFO  impl.RaftServerImpl (RaftServerImpl.java:setRole(173)) - 0d8fc9ca-b055-4034-862b-c0c94a4c6b5d@group-EE4BEC78DEDB: changes role from CANDIDATE to FOLLOWER at term 1 for DISCOVERED_A_NEW_TERM
2019-11-08 14:36:35,972 [03fa6bf2-5e8d-4fe9-8f2b-bd81bbf2c134@group-EE4BEC78DEDB-LeaderElection7] INFO  impl.RoleInfo (RoleInfo.java:shutdownLeaderElection(134)) - 03fa6bf2-5e8d-4fe9-8f2b-bd81bbf2c134: shutdown LeaderElection
2019-11-08 14:36:35,972 [bc1b5d93-f3a8-4a29-93bf-fea7f0515f10@group-EE4BEC78DEDB-LeaderElection8] INFO  impl.RoleInfo (RoleInfo.java:updateAndGet(143)) - bc1b5d93-f3a8-4a29-93bf-fea7f0515f10: start FollowerState
2019-11-08 14:36:35,972 [0d8fc9ca-b055-4034-862b-c0c94a4c6b5d@group-EE4BEC78DEDB-LeaderElection6] INFO  impl.RoleInfo (RoleInfo.java:shutdownLeaderElection(134)) - 0d8fc9ca-b055-4034-862b-c0c94a4c6b5d: shutdown LeaderElection
2019-11-08 14:36:35,972 [03fa6bf2-5e8d-4fe9-8f2b-bd81bbf2c134@group-EE4BEC78DEDB-LeaderElection7] INFO  impl.RoleInfo (RoleInfo.java:updateAndGet(143)) - 03fa6bf2-5e8d-4fe9-8f2b-bd81bbf2c134: start FollowerState
2019-11-08 14:36:35,973 [0d8fc9ca-b055-4034-862b-c0c94a4c6b5d@group-EE4BEC78DEDB-LeaderElection6] INFO  impl.RoleInfo (RoleInfo.java:updateAndGet(143)) - 0d8fc9ca-b055-4034-862b-c0c94a4c6b5d: start FollowerState
2019-11-08 14:36:41,010 [Thread-265] INFO  impl.FollowerState (FollowerState.java:run(111)) - 03fa6bf2-5e8d-4fe9-8f2b-bd81bbf2c134@group-EE4BEC78DEDB-FollowerState: change to CANDIDATE, lastRpcTime:5038ms, electionTimeout:5035ms
2019-11-08 14:36:41,011 [Thread-265] INFO  impl.RoleInfo (RoleInfo.java:shutdownFollowerState(121)) - 03fa6bf2-5e8d-4fe9-8f2b-bd81bbf2c134: shutdown FollowerState
2019-11-08 14:36:41,011 [Thread-265] INFO  impl.RaftServerImpl (RaftServerImpl.java:setRole(173)) - 03fa6bf2-5e8d-4fe9-8f2b-bd81bbf2c134@group-EE4BEC78DEDB: changes role from  FOLLOWER to CANDIDATE at term 1 for changeToCandidate
2019-11-08 14:36:41,011 [Thread-265] INFO  impl.RoleInfo (RoleInfo.java:updateAndGet(143)) - 03fa6bf2-5e8d-4fe9-8f2b-bd81bbf2c134: start LeaderElection
2019-11-08 14:36:41,047 [Thread-266] INFO  impl.FollowerState (FollowerState.java:run(111)) - 0d8fc9ca-b055-4034-862b-c0c94a4c6b5d@group-EE4BEC78DEDB-FollowerState: change to CANDIDATE, lastRpcTime:5074ms, electionTimeout:5072ms
2019-11-08 14:36:41,048 [Thread-266] INFO  impl.RoleInfo (RoleInfo.java:shutdownFollowerState(121)) - 0d8fc9ca-b055-4034-862b-c0c94a4c6b5d: shutdown FollowerState
2019-11-08 14:36:41,048 [Thread-266] INFO  impl.RaftServerImpl (RaftServerImpl.java:setRole(173)) - 0d8fc9ca-b055-4034-862b-c0c94a4c6b5d@group-EE4BEC78DEDB: changes role from  FOLLOWER to CANDIDATE at term 1 for changeToCandidate
2019-11-08 14:36:41,048 [Thread-266] INFO  impl.RoleInfo (RoleInfo.java:updateAndGet(143)) - 0d8fc9ca-b055-4034-862b-c0c94a4c6b5d: start LeaderElection
2019-11-08 14:36:41,058 [Thread-264] INFO  impl.FollowerState (FollowerState.java:run(111)) - bc1b5d93-f3a8-4a29-93bf-fea7f0515f10@group-EE4BEC78DEDB-FollowerState: change to CANDIDATE, lastRpcTime:5086ms, electionTimeout:5085ms
2019-11-08 14:36:41,058 [Thread-264] INFO  impl.RoleInfo (RoleInfo.java:shutdownFollowerState(121)) - bc1b5d93-f3a8-4a29-93bf-fea7f0515f10: shutdown FollowerState
2019-11-08 14:36:41,058 [Thread-264] INFO  impl.RaftServerImpl (RaftServerImpl.java:setRole(173)) - bc1b5d93-f3a8-4a29-93bf-fea7f0515f10@group-EE4BEC78DEDB: changes role from  FOLLOWER to CANDIDATE at term 1 for changeToCandidate
2019-11-08 14:36:41,058 [Thread-264] INFO  impl.RoleInfo (RoleInfo.java:updateAndGet(143)) - bc1b5d93-f3a8-4a29-93bf-fea7f0515f10: start LeaderElection
2019-11-08 14:36:41,548 [bc1b5d93-f3a8-4a29-93bf-fea7f0515f10@group-EE4BEC78DEDB-LeaderElection11] INFO  impl.LeaderElection (LeaderElection.java:askForVotes(178)) - bc1b5d93-f3a8-4a29-93bf-fea7f0515f10@group-EE4BEC78DEDB-LeaderElection11: begin an election at term 2 for -1: [bc1b5d93-f3a8-4a29-93bf-fea7f0515f10:192.168.69.114:39036, 0d8fc9ca-b055-4034-862b-c0c94a4c6b5d:192.168.69.114:40941, 03fa6bf2-5e8d-4fe9-8f2b-bd81bbf2c134:192.168.69.114:33035], old=null
2019-11-08 14:36:41,548 [0d8fc9ca-b055-4034-862b-c0c94a4c6b5d@group-EE4BEC78DEDB-LeaderElection10] INFO  impl.LeaderElection (LeaderElection.java:askForVotes(178)) - 0d8fc9ca-b055-4034-862b-c0c94a4c6b5d@group-EE4BEC78DEDB-LeaderElection10: begin an election at term 2 for -1: [bc1b5d93-f3a8-4a29-93bf-fea7f0515f10:192.168.69.114:39036, 0d8fc9ca-b055-4034-862b-c0c94a4c6b5d:192.168.69.114:40941, 03fa6bf2-5e8d-4fe9-8f2b-bd81bbf2c134:192.168.69.114:33035], old=null
2019-11-08 14:36:41,548 [03fa6bf2-5e8d-4fe9-8f2b-bd81bbf2c134@group-EE4BEC78DEDB-LeaderElection9] INFO  impl.LeaderElection (LeaderElection.java:askForVotes(178)) - 03fa6bf2-5e8d-4fe9-8f2b-bd81bbf2c134@group-EE4BEC78DEDB-LeaderElection9: begin an election at term 2 for -1: [bc1b5d93-f3a8-4a29-93bf-fea7f0515f10:192.168.69.114:39036, 0d8fc9ca-b055-4034-862b-c0c94a4c6b5d:192.168.69.114:40941, 03fa6bf2-5e8d-4fe9-8f2b-bd81bbf2c134:192.168.69.114:33035], old=null
2019-11-08 14:36:41,563 [bc1b5d93-f3a8-4a29-93bf-fea7f0515f10@group-EE4BEC78DEDB-LeaderElection11] INFO  impl.LeaderElection (LeaderElection.java:logAndReturn(56)) - bc1b5d93-f3a8-4a29-93bf-fea7f0515f10@group-EE4BEC78DEDB-LeaderElection11: Election REJECTED; received 2 response(s) [bc1b5d93-f3a8-4a29-93bf-fea7f0515f10<-0d8fc9ca-b055-4034-862b-c0c94a4c6b5d#0:FAIL-t2, bc1b5d93-f3a8-4a29-93bf-fea7f0515f10<-03fa6bf2-5e8d-4fe9-8f2b-bd81bbf2c134#0:FAIL-t2] and 0 exception(s); bc1b5d93-f3a8-4a29-93bf-fea7f0515f10@group-EE4BEC78DEDB:t2, leader=null, voted=bc1b5d93-f3a8-4a29-93bf-fea7f0515f10, raftlog=bc1b5d93-f3a8-4a29-93bf-fea7f0515f10@group-EE4BEC78DEDB-SegmentedRaftLog:OPENED:c-1,f-1,i0, conf=-1: [bc1b5d93-f3a8-4a29-93bf-fea7f0515f10:192.168.69.114:39036, 0d8fc9ca-b055-4034-862b-c0c94a4c6b5d:192.168.69.114:40941, 03fa6bf2-5e8d-4fe9-8f2b-bd81bbf2c134:192.168.69.114:33035], old=null
2019-11-08 14:36:41,563 [03fa6bf2-5e8d-4fe9-8f2b-bd81bbf2c134@group-EE4BEC78DEDB-LeaderElection9] INFO  impl.LeaderElection (LeaderElection.java:logAndReturn(56)) - 03fa6bf2-5e8d-4fe9-8f2b-bd81bbf2c134@group-EE4BEC78DEDB-LeaderElection9: Election REJECTED; received 2 response(s) [03fa6bf2-5e8d-4fe9-8f2b-bd81bbf2c134<-bc1b5d93-f3a8-4a29-93bf-fea7f0515f10#0:FAIL-t2, 03fa6bf2-5e8d-4fe9-8f2b-bd81bbf2c134<-0d8fc9ca-b055-4034-862b-c0c94a4c6b5d#0:FAIL-t2] and 0 exception(s); 03fa6bf2-5e8d-4fe9-8f2b-bd81bbf2c134@group-EE4BEC78DEDB:t2, leader=null, voted=03fa6bf2-5e8d-4fe9-8f2b-bd81bbf2c134, raftlog=03fa6bf2-5e8d-4fe9-8f2b-bd81bbf2c134@group-EE4BEC78DEDB-SegmentedRaftLog:OPENED:c-1,f-1,i0, conf=-1: [bc1b5d93-f3a8-4a29-93bf-fea7f0515f10:192.168.69.114:39036, 0d8fc9ca-b055-4034-862b-c0c94a4c6b5d:192.168.69.114:40941, 03fa6bf2-5e8d-4fe9-8f2b-bd81bbf2c134:192.168.69.114:33035], old=null
2019-11-08 14:36:41,563 [bc1b5d93-f3a8-4a29-93bf-fea7f0515f10@group-EE4BEC78DEDB-LeaderElection11] INFO  impl.RaftServerImpl (RaftServerImpl.java:setRole(173)) - bc1b5d93-f3a8-4a29-93bf-fea7f0515f10@group-EE4BEC78DEDB: changes role from CANDIDATE to FOLLOWER at term 2 for DISCOVERED_A_NEW_TERM
2019-11-08 14:36:41,564 [03fa6bf2-5e8d-4fe9-8f2b-bd81bbf2c134@group-EE4BEC78DEDB-LeaderElection9] INFO  impl.RaftServerImpl (RaftServerImpl.java:setRole(173)) - 03fa6bf2-5e8d-4fe9-8f2b-bd81bbf2c134@group-EE4BEC78DEDB: changes role from CANDIDATE to FOLLOWER at term 2 for DISCOVERED_A_NEW_TERM
2019-11-08 14:36:41,566 [bc1b5d93-f3a8-4a29-93bf-fea7f0515f10@group-EE4BEC78DEDB-LeaderElection11] INFO  impl.RoleInfo (RoleInfo.java:shutdownLeaderElection(134)) - bc1b5d93-f3a8-4a29-93bf-fea7f0515f10: shutdown LeaderElection
2019-11-08 14:36:41,567 [03fa6bf2-5e8d-4fe9-8f2b-bd81bbf2c134@group-EE4BEC78DEDB-LeaderElection9] INFO  impl.RoleInfo (RoleInfo.java:shutdownLeaderElection(134)) - 03fa6bf2-5e8d-4fe9-8f2b-bd81bbf2c134: shutdown LeaderElection
2019-11-08 14:36:41,567 [bc1b5d93-f3a8-4a29-93bf-fea7f0515f10@group-EE4BEC78DEDB-LeaderElection11] INFO  impl.RoleInfo (RoleInfo.java:updateAndGet(143)) - bc1b5d93-f3a8-4a29-93bf-fea7f0515f10: start FollowerState
2019-11-08 14:36:41,567 [03fa6bf2-5e8d-4fe9-8f2b-bd81bbf2c134@group-EE4BEC78DEDB-LeaderElection9] INFO  impl.RoleInfo (RoleInfo.java:updateAndGet(143)) - 03fa6bf2-5e8d-4fe9-8f2b-bd81bbf2c134: start FollowerState
2019-11-08 14:36:41,568 [0d8fc9ca-b055-4034-862b-c0c94a4c6b5d@group-EE4BEC78DEDB-LeaderElection10] INFO  impl.LeaderElection (LeaderElection.java:logAndReturn(56)) - 0d8fc9ca-b055-4034-862b-c0c94a4c6b5d@group-EE4BEC78DEDB-LeaderElection10: Election REJECTED; received 2 response(s) [0d8fc9ca-b055-4034-862b-c0c94a4c6b5d<-bc1b5d93-f3a8-4a29-93bf-fea7f0515f10#0:FAIL-t2, 0d8fc9ca-b055-4034-862b-c0c94a4c6b5d<-03fa6bf2-5e8d-4fe9-8f2b-bd81bbf2c134#0:FAIL-t2] and 0 exception(s); 0d8fc9ca-b055-4034-862b-c0c94a4c6b5d@group-EE4BEC78DEDB:t2, leader=null, voted=0d8fc9ca-b055-4034-862b-c0c94a4c6b5d, raftlog=0d8fc9ca-b055-4034-862b-c0c94a4c6b5d@group-EE4BEC78DEDB-SegmentedRaftLog:OPENED:c-1,f-1,i0, conf=-1: [bc1b5d93-f3a8-4a29-93bf-fea7f0515f10:192.168.69.114:39036, 0d8fc9ca-b055-4034-862b-c0c94a4c6b5d:192.168.69.114:40941, 03fa6bf2-5e8d-4fe9-8f2b-bd81bbf2c134:192.168.69.114:33035], old=null
2019-11-08 14:36:41,568 [0d8fc9ca-b055-4034-862b-c0c94a4c6b5d@group-EE4BEC78DEDB-LeaderElection10] INFO  impl.RaftServerImpl (RaftServerImpl.java:setRole(173)) - 0d8fc9ca-b055-4034-862b-c0c94a4c6b5d@group-EE4BEC78DEDB: changes role from CANDIDATE to FOLLOWER at term 2 for DISCOVERED_A_NEW_TERM
2019-11-08 14:36:41,568 [0d8fc9ca-b055-4034-862b-c0c94a4c6b5d@group-EE4BEC78DEDB-LeaderElection10] INFO  impl.RoleInfo (RoleInfo.java:shutdownLeaderElection(134)) - 0d8fc9ca-b055-4034-862b-c0c94a4c6b5d: shutdown LeaderElection
2019-11-08 14:36:41,570 [0d8fc9ca-b055-4034-862b-c0c94a4c6b5d@group-EE4BEC78DEDB-LeaderElection10] INFO  impl.RoleInfo (RoleInfo.java:updateAndGet(143)) - 0d8fc9ca-b055-4034-862b-c0c94a4c6b5d: start FollowerState
2019-11-08 14:36:46,577 [Thread-290] INFO  impl.FollowerState (FollowerState.java:run(111)) - 0d8fc9ca-b055-4034-862b-c0c94a4c6b5d@group-EE4BEC78DEDB-FollowerState: change to CANDIDATE, lastRpcTime:5007ms, electionTimeout:5006ms
2019-11-08 14:36:46,579 [Thread-290] INFO  impl.RoleInfo (RoleInfo.java:shutdownFollowerState(121)) - 0d8fc9ca-b055-4034-862b-c0c94a4c6b5d: shutdown FollowerState
2019-11-08 14:36:46,580 [Thread-290] INFO  impl.RaftServerImpl (RaftServerImpl.java:setRole(173)) - 0d8fc9ca-b055-4034-862b-c0c94a4c6b5d@group-EE4BEC78DEDB: changes role from  FOLLOWER to CANDIDATE at term 2 for changeToCandidate
2019-11-08 14:36:46,580 [Thread-290] INFO  impl.RoleInfo (RoleInfo.java:updateAndGet(143)) - 0d8fc9ca-b055-4034-862b-c0c94a4c6b5d: start LeaderElection
2019-11-08 14:36:46,604 [0d8fc9ca-b055-4034-862b-c0c94a4c6b5d@group-EE4BEC78DEDB-LeaderElection12] INFO  impl.LeaderElection (LeaderElection.java:askForVotes(178)) - 0d8fc9ca-b055-4034-862b-c0c94a4c6b5d@group-EE4BEC78DEDB-LeaderElection12: begin an election at term 3 for -1: [bc1b5d93-f3a8-4a29-93bf-fea7f0515f10:192.168.69.114:39036, 0d8fc9ca-b055-4034-862b-c0c94a4c6b5d:192.168.69.114:40941, 03fa6bf2-5e8d-4fe9-8f2b-bd81bbf2c134:192.168.69.114:33035], old=null
2019-11-08 14:36:46,612 [Thread-289] INFO  impl.FollowerState (FollowerState.java:run(111)) - 03fa6bf2-5e8d-4fe9-8f2b-bd81bbf2c134@group-EE4BEC78DEDB-FollowerState: change to CANDIDATE, lastRpcTime:5044ms, electionTimeout:5043ms
2019-11-08 14:36:46,612 [Thread-289] INFO  impl.RoleInfo (RoleInfo.java:shutdownFollowerState(121)) - 03fa6bf2-5e8d-4fe9-8f2b-bd81bbf2c134: shutdown FollowerState
2019-11-08 14:36:46,612 [Thread-289] INFO  impl.RaftServerImpl (RaftServerImpl.java:setRole(173)) - 03fa6bf2-5e8d-4fe9-8f2b-bd81bbf2c134@group-EE4BEC78DEDB: changes role from  FOLLOWER to CANDIDATE at term 2 for changeToCandidate
2019-11-08 14:36:46,612 [grpc-default-executor-5] INFO  impl.RaftServerImpl (RaftServerImpl.java:setRole(173)) - bc1b5d93-f3a8-4a29-93bf-fea7f0515f10@group-EE4BEC78DEDB: changes role from  FOLLOWER to FOLLOWER at term 3 for recognizeCandidate:0d8fc9ca-b055-4034-862b-c0c94a4c6b5d
2019-11-08 14:36:46,612 [Thread-289] INFO  impl.RoleInfo (RoleInfo.java:updateAndGet(143)) - 03fa6bf2-5e8d-4fe9-8f2b-bd81bbf2c134: start LeaderElection
2019-11-08 14:36:46,612 [grpc-default-executor-5] INFO  impl.RoleInfo (RoleInfo.java:shutdownFollowerState(121)) - bc1b5d93-f3a8-4a29-93bf-fea7f0515f10: shutdown FollowerState
2019-11-08 14:36:46,614 [grpc-default-executor-5] INFO  impl.RoleInfo (RoleInfo.java:updateAndGet(143)) - bc1b5d93-f3a8-4a29-93bf-fea7f0515f10: start FollowerState
2019-11-08 14:36:46,614 [Thread-288] INFO  impl.FollowerState (FollowerState.java:run(120)) - bc1b5d93-f3a8-4a29-93bf-fea7f0515f10@group-EE4BEC78DEDB-FollowerState was interrupted: java.lang.InterruptedException: sleep interrupted
2019-11-08 14:36:46,614 [grpc-default-executor-3] INFO  impl.RaftServerImpl (RaftServerImpl.java:setRole(173)) - 03fa6bf2-5e8d-4fe9-8f2b-bd81bbf2c134@group-EE4BEC78DEDB: changes role from CANDIDATE to FOLLOWER at term 3 for recognizeCandidate:0d8fc9ca-b055-4034-862b-c0c94a4c6b5d
2019-11-08 14:36:46,615 [grpc-default-executor-3] INFO  impl.RoleInfo (RoleInfo.java:shutdownLeaderElection(134)) - 03fa6bf2-5e8d-4fe9-8f2b-bd81bbf2c134: shutdown LeaderElection
2019-11-08 14:36:46,615 [grpc-default-executor-3] INFO  impl.RoleInfo (RoleInfo.java:updateAndGet(143)) - 03fa6bf2-5e8d-4fe9-8f2b-bd81bbf2c134: start FollowerState
2019-11-08 14:36:46,654 [03fa6bf2-5e8d-4fe9-8f2b-bd81bbf2c134@group-EE4BEC78DEDB-LeaderElection13] INFO  impl.LeaderElection (LeaderElection.java:askForVotes(178)) - 03fa6bf2-5e8d-4fe9-8f2b-bd81bbf2c134@group-EE4BEC78DEDB-LeaderElection13: begin an election at term 4 for -1: [bc1b5d93-f3a8-4a29-93bf-fea7f0515f10:192.168.69.114:39036, 0d8fc9ca-b055-4034-862b-c0c94a4c6b5d:192.168.69.114:40941, 03fa6bf2-5e8d-4fe9-8f2b-bd81bbf2c134:192.168.69.114:33035], old=null
2019-11-08 14:36:46,655 [0d8fc9ca-b055-4034-862b-c0c94a4c6b5d@group-EE4BEC78DEDB-LeaderElection12] INFO  impl.LeaderElection (LeaderElection.java:logAndReturn(56)) - 0d8fc9ca-b055-4034-862b-c0c94a4c6b5d@group-EE4BEC78DEDB-LeaderElection12: Election PASSED; received 2 response(s) [0d8fc9ca-b055-4034-862b-c0c94a4c6b5d<-bc1b5d93-f3a8-4a29-93bf-fea7f0515f10#0:OK-t3, 0d8fc9ca-b055-4034-862b-c0c94a4c6b5d<-03fa6bf2-5e8d-4fe9-8f2b-bd81bbf2c134#0:FAIL-t3] and 0 exception(s); 0d8fc9ca-b055-4034-862b-c0c94a4c6b5d@group-EE4BEC78DEDB:t3, leader=null, voted=0d8fc9ca-b055-4034-862b-c0c94a4c6b5d, raftlog=0d8fc9ca-b055-4034-862b-c0c94a4c6b5d@group-EE4BEC78DEDB-SegmentedRaftLog:OPENED:c-1,f-1,i0, conf=-1: [bc1b5d93-f3a8-4a29-93bf-fea7f0515f10:192.168.69.114:39036, 0d8fc9ca-b055-4034-862b-c0c94a4c6b5d:192.168.69.114:40941, 03fa6bf2-5e8d-4fe9-8f2b-bd81bbf2c134:192.168.69.114:33035], old=null
2019-11-08 14:36:46,655 [03fa6bf2-5e8d-4fe9-8f2b-bd81bbf2c134@group-EE4BEC78DEDB-LeaderElection13] INFO  impl.LeaderElection (LeaderElection.java:logAndReturn(56)) - 03fa6bf2-5e8d-4fe9-8f2b-bd81bbf2c134@group-EE4BEC78DEDB-LeaderElection13: Election REJECTED; received 0 response(s) [] and 0 exception(s); 03fa6bf2-5e8d-4fe9-8f2b-bd81bbf2c134@group-EE4BEC78DEDB:t4, leader=null, voted=03fa6bf2-5e8d-4fe9-8f2b-bd81bbf2c134, raftlog=03fa6bf2-5e8d-4fe9-8f2b-bd81bbf2c134@group-EE4BEC78DEDB-SegmentedRaftLog:OPENED:c-1,f-1,i0, conf=-1: [bc1b5d93-f3a8-4a29-93bf-fea7f0515f10:192.168.69.114:39036, 0d8fc9ca-b055-4034-862b-c0c94a4c6b5d:192.168.69.114:40941, 03fa6bf2-5e8d-4fe9-8f2b-bd81bbf2c134:192.168.69.114:33035], old=null
2019-11-08 14:36:46,655 [0d8fc9ca-b055-4034-862b-c0c94a4c6b5d@group-EE4BEC78DEDB-LeaderElection12] INFO  impl.RoleInfo (RoleInfo.java:shutdownLeaderElection(134)) - 0d8fc9ca-b055-4034-862b-c0c94a4c6b5d: shutdown LeaderElection
2019-11-08 14:36:46,659 [0d8fc9ca-b055-4034-862b-c0c94a4c6b5d@group-EE4BEC78DEDB-LeaderElection12] INFO  impl.RaftServerImpl (RaftServerImpl.java:setRole(173)) - 0d8fc9ca-b055-4034-862b-c0c94a4c6b5d@group-EE4BEC78DEDB: changes role from CANDIDATE to LEADER at term 3 for changeToLeader
2019-11-08 14:36:46,659 [0d8fc9ca-b055-4034-862b-c0c94a4c6b5d@group-EE4BEC78DEDB-LeaderElection12] INFO  impl.RaftServerImpl (ServerState.java:setLeader(255)) - 0d8fc9ca-b055-4034-862b-c0c94a4c6b5d@group-EE4BEC78DEDB: change Leader from null to 0d8fc9ca-b055-4034-862b-c0c94a4c6b5d at term 3 for becomeLeader, leader elected after 21055ms
2019-11-08 14:36:46,659 [0d8fc9ca-b055-4034-862b-c0c94a4c6b5d@group-EE4BEC78DEDB-LeaderElection12] INFO  server.RaftServerConfigKeys (ConfUtils.java:logGet(43)) - raft.server.staging.catchup.gap = 1000 (default)
2019-11-08 14:36:46,659 [0d8fc9ca-b055-4034-862b-c0c94a4c6b5d@group-EE4BEC78DEDB-LeaderElection12] INFO  server.RaftServerConfigKeys (ConfUtils.java:logGet(43)) - raft.server.rpc.sleep.time = 25ms (default)
2019-11-08 14:36:46,660 [0d8fc9ca-b055-4034-862b-c0c94a4c6b5d@group-EE4BEC78DEDB-LeaderElection12] INFO  server.RaftServerConfigKeys (ConfUtils.java:logGet(43)) - raft.server.write.element-limit = 4096 (default)
2019-11-08 14:36:46,660 [0d8fc9ca-b055-4034-862b-c0c94a4c6b5d@group-EE4BEC78DEDB-LeaderElection12] INFO  server.RaftServerConfigKeys (ConfUtils.java:logGet(43)) - raft.server.watch.timeout = 10s (default)
2019-11-08 14:36:46,660 [0d8fc9ca-b055-4034-862b-c0c94a4c6b5d@group-EE4BEC78DEDB-LeaderElection12] INFO  server.RaftServerConfigKeys (ConfUtils.java:logGet(43)) - raft.server.watch.timeout.denomination = 1s (default)
2019-11-08 14:36:46,660 [0d8fc9ca-b055-4034-862b-c0c94a4c6b5d@group-EE4BEC78DEDB-LeaderElection12] INFO  server.RaftServerConfigKeys (ConfUtils.java:logGet(43)) - raft.server.watch.element-limit = 65536 (default)
2019-11-08 14:36:46,661 [grpc-default-executor-5] INFO  impl.RaftServerImpl (RaftServerImpl.java:setRole(173)) - bc1b5d93-f3a8-4a29-93bf-fea7f0515f10@group-EE4BEC78DEDB: changes role from  FOLLOWER to FOLLOWER at term 4 for recognizeCandidate:03fa6bf2-5e8d-4fe9-8f2b-bd81bbf2c134
2019-11-08 14:36:46,662 [grpc-default-executor-5] INFO  impl.RoleInfo (RoleInfo.java:shutdownFollowerState(121)) - bc1b5d93-f3a8-4a29-93bf-fea7f0515f10: shutdown FollowerState
2019-11-08 14:36:46,662 [Thread-305] INFO  impl.FollowerState (FollowerState.java:run(120)) - bc1b5d93-f3a8-4a29-93bf-fea7f0515f10@group-EE4BEC78DEDB-FollowerState was interrupted: java.lang.InterruptedException: sleep interrupted
2019-11-08 14:36:46,662 [grpc-default-executor-5] INFO  impl.RoleInfo (RoleInfo.java:updateAndGet(143)) - bc1b5d93-f3a8-4a29-93bf-fea7f0515f10: start FollowerState
2019-11-08 14:36:46,664 [0d8fc9ca-b055-4034-862b-c0c94a4c6b5d@group-EE4BEC78DEDB-LeaderElection12] INFO  server.RaftServerConfigKeys (ConfUtils.java:logGet(43)) - raft.server.log.appender.snapshot.chunk.size.max = 16MB (=16777216) (default)
2019-11-08 14:36:46,665 [0d8fc9ca-b055-4034-862b-c0c94a4c6b5d@group-EE4BEC78DEDB-LeaderElection12] INFO  server.RaftServerConfigKeys (ConfUtils.java:logGet(43)) - raft.server.log.appender.buffer.byte-limit = 33554432 (custom)
2019-11-08 14:36:46,665 [0d8fc9ca-b055-4034-862b-c0c94a4c6b5d@group-EE4BEC78DEDB-LeaderElection12] INFO  server.RaftServerConfigKeys (ConfUtils.java:logGet(43)) - raft.server.log.appender.buffer.element-limit = 1 (custom)
2019-11-08 14:36:46,669 [0d8fc9ca-b055-4034-862b-c0c94a4c6b5d@group-EE4BEC78DEDB-LeaderElection12] INFO  grpc.GrpcConfigKeys$Server (ConfUtils.java:logGet(43)) - raft.grpc.server.leader.outstanding.appends.max = 128 (default)
2019-11-08 14:36:46,669 [0d8fc9ca-b055-4034-862b-c0c94a4c6b5d@group-EE4BEC78DEDB-LeaderElection12] INFO  server.RaftServerConfigKeys (ConfUtils.java:logGet(43)) - raft.server.rpc.request.timeout = 3000ms (default)
2019-11-08 14:36:46,669 [0d8fc9ca-b055-4034-862b-c0c94a4c6b5d@group-EE4BEC78DEDB-LeaderElection12] INFO  server.RaftServerConfigKeys (ConfUtils.java:logGet(43)) - raft.server.log.appender.install.snapshot.enabled = false (custom)
2019-11-08 14:36:46,670 [0d8fc9ca-b055-4034-862b-c0c94a4c6b5d@group-EE4BEC78DEDB-LeaderElection12] WARN  impl.MetricRegistriesImpl (MetricRegistriesImpl.java:lambda$create$1(61)) - First MetricRegistry has been created without registering reporters. You may need to call MetricRegistries.global().addReportRegistration(...) before.
2019-11-08 14:36:46,671 [0d8fc9ca-b055-4034-862b-c0c94a4c6b5d@group-EE4BEC78DEDB-LeaderElection12] INFO  server.RaftServerConfigKeys (ConfUtils.java:logGet(43)) - raft.server.log.appender.snapshot.chunk.size.max = 16MB (=16777216) (default)
2019-11-08 14:36:46,671 [0d8fc9ca-b055-4034-862b-c0c94a4c6b5d@group-EE4BEC78DEDB-LeaderElection12] INFO  server.RaftServerConfigKeys (ConfUtils.java:logGet(43)) - raft.server.log.appender.buffer.byte-limit = 33554432 (custom)
2019-11-08 14:36:46,672 [0d8fc9ca-b055-4034-862b-c0c94a4c6b5d@group-EE4BEC78DEDB-LeaderElection12] INFO  server.RaftServerConfigKeys (ConfUtils.java:logGet(43)) - raft.server.log.appender.buffer.element-limit = 1 (custom)
2019-11-08 14:36:46,672 [0d8fc9ca-b055-4034-862b-c0c94a4c6b5d@group-EE4BEC78DEDB-LeaderElection12] INFO  grpc.GrpcConfigKeys$Server (ConfUtils.java:logGet(43)) - raft.grpc.server.leader.outstanding.appends.max = 128 (default)
2019-11-08 14:36:46,672 [0d8fc9ca-b055-4034-862b-c0c94a4c6b5d@group-EE4BEC78DEDB-LeaderElection12] INFO  server.RaftServerConfigKeys (ConfUtils.java:logGet(43)) - raft.server.rpc.request.timeout = 3000ms (default)
2019-11-08 14:36:46,672 [0d8fc9ca-b055-4034-862b-c0c94a4c6b5d@group-EE4BEC78DEDB-LeaderElection12] INFO  server.RaftServerConfigKeys (ConfUtils.java:logGet(43)) - raft.server.log.appender.install.snapshot.enabled = false (custom)
2019-11-08 14:36:46,673 [0d8fc9ca-b055-4034-862b-c0c94a4c6b5d@group-EE4BEC78DEDB-LeaderElection12] INFO  impl.RoleInfo (RoleInfo.java:updateAndGet(143)) - 0d8fc9ca-b055-4034-862b-c0c94a4c6b5d: start LeaderState
2019-11-08 14:36:46,673 [0d8fc9ca-b055-4034-862b-c0c94a4c6b5d@group-EE4BEC78DEDB-LeaderElection12] INFO  segmented.SegmentedRaftLogWorker (SegmentedRaftLogWorker.java:startLogSegment(385)) - 0d8fc9ca-b055-4034-862b-c0c94a4c6b5d@group-EE4BEC78DEDB-SegmentedRaftLogWorker: Starting segment from index:0
2019-11-08 14:36:46,674 [0d8fc9ca-b055-4034-862b-c0c94a4c6b5d@group-EE4BEC78DEDB-LeaderElection12] INFO  impl.RaftServerImpl (ServerState.java:setRaftConf(356)) - 0d8fc9ca-b055-4034-862b-c0c94a4c6b5d@group-EE4BEC78DEDB: set configuration 0: [bc1b5d93-f3a8-4a29-93bf-fea7f0515f10:192.168.69.114:39036, 0d8fc9ca-b055-4034-862b-c0c94a4c6b5d:192.168.69.114:40941, 03fa6bf2-5e8d-4fe9-8f2b-bd81bbf2c134:192.168.69.114:33035], old=null at 0
2019-11-08 14:36:46,678 [grpc-default-executor-3] INFO  impl.RaftServerImpl (ServerState.java:setLeader(255)) - 0d8fc9ca-b055-4034-862b-c0c94a4c6b5d@group-EE4BEC78DEDB: change Leader from 0d8fc9ca-b055-4034-862b-c0c94a4c6b5d to null at term 4 for updateCurrentTerm
2019-11-08 14:36:46,701 [grpc-default-executor-3] INFO  impl.RaftServerImpl (RaftServerImpl.java:setRole(173)) - 0d8fc9ca-b055-4034-862b-c0c94a4c6b5d@group-EE4BEC78DEDB: changes role from    LEADER to FOLLOWER at term 4 for recognizeCandidate:03fa6bf2-5e8d-4fe9-8f2b-bd81bbf2c134
2019-11-08 14:36:46,701 [grpc-default-executor-3] INFO  impl.RoleInfo (RoleInfo.java:shutdownLeaderState(104)) - 0d8fc9ca-b055-4034-862b-c0c94a4c6b5d: shutdown LeaderState
2019-11-08 14:36:46,704 [grpc-default-executor-3] INFO  impl.PendingRequests (PendingRequests.java:sendNotLeaderResponses(206)) - 0d8fc9ca-b055-4034-862b-c0c94a4c6b5d@group-EE4BEC78DEDB-PendingRequests: sendNotLeaderResponses
2019-11-08 14:36:46,706 [grpc-default-executor-3] INFO  impl.RoleInfo (RoleInfo.java:updateAndGet(143)) - 0d8fc9ca-b055-4034-862b-c0c94a4c6b5d: start FollowerState
2019-11-08 14:36:46,707 [org.apache.ratis.server.impl.LogAppender$AppenderDaemon$$Lambda$571/1190968402@13ad752c] WARN  server.GrpcLogAppender (GrpcLogAppender.java:mayWait(151)) - 0d8fc9ca-b055-4034-862b-c0c94a4c6b5d@group-EE4BEC78DEDB->03fa6bf2-5e8d-4fe9-8f2b-bd81bbf2c134-GrpcLogAppender: Wait interrupted by java.lang.InterruptedException
2019-11-08 14:36:46,707 [org.apache.ratis.server.impl.LogAppender$AppenderDaemon$$Lambda$571/1190968402@37dcc620] WARN  server.GrpcLogAppender (GrpcLogAppender.java:mayWait(151)) - 0d8fc9ca-b055-4034-862b-c0c94a4c6b5d@group-EE4BEC78DEDB->bc1b5d93-f3a8-4a29-93bf-fea7f0515f10-GrpcLogAppender: Wait interrupted by java.lang.InterruptedException
2019-11-08 14:36:46,712 [grpc-default-executor-1] INFO  server.GrpcServerProtocolService (GrpcServerProtocolService.java:onCompleted(113)) - bc1b5d93-f3a8-4a29-93bf-fea7f0515f10: Completed APPEND_ENTRIES, lastRequest: null
2019-11-08 14:36:46,712 [grpc-default-executor-4] INFO  server.GrpcServerProtocolService (GrpcServerProtocolService.java:onCompleted(113)) - 03fa6bf2-5e8d-4fe9-8f2b-bd81bbf2c134: Completed APPEND_ENTRIES, lastRequest: null
2019-11-08 14:36:46,714 [grpc-default-executor-1] INFO  server.GrpcLogAppender (GrpcLogAppender.java:onCompleted(308)) - 0d8fc9ca-b055-4034-862b-c0c94a4c6b5d@group-EE4BEC78DEDB->bc1b5d93-f3a8-4a29-93bf-fea7f0515f10-AppendLogResponseHandler: follower responses appendEntries COMPLETED
2019-11-08 14:36:46,714 [grpc-default-executor-4] INFO  server.GrpcLogAppender (GrpcLogAppender.java:onCompleted(308)) - 0d8fc9ca-b055-4034-862b-c0c94a4c6b5d@group-EE4BEC78DEDB->03fa6bf2-5e8d-4fe9-8f2b-bd81bbf2c134-AppendLogResponseHandler: follower responses appendEntries COMPLETED
2019-11-08 14:36:46,718 [grpc-default-executor-1] INFO  impl.FollowerInfo (FollowerInfo.java:lambda$new$0(51)) - 0d8fc9ca-b055-4034-862b-c0c94a4c6b5d@group-EE4BEC78DEDB->bc1b5d93-f3a8-4a29-93bf-fea7f0515f10: nextIndex: updateUnconditionally 0 -> 0
2019-11-08 14:36:46,718 [grpc-default-executor-4] INFO  impl.FollowerInfo (FollowerInfo.java:lambda$new$0(51)) - 0d8fc9ca-b055-4034-862b-c0c94a4c6b5d@group-EE4BEC78DEDB->03fa6bf2-5e8d-4fe9-8f2b-bd81bbf2c134: nextIndex: updateUnconditionally 0 -> 0
2019-11-08 14:36:46,726 [0d8fc9ca-b055-4034-862b-c0c94a4c6b5d@group-EE4BEC78DEDB-SegmentedRaftLogWorker] INFO  segmented.SegmentedRaftLogWorker (SegmentedRaftLogWorker.java:execute(576)) - 0d8fc9ca-b055-4034-862b-c0c94a4c6b5d@group-EE4BEC78DEDB-SegmentedRaftLogWorker: created new log segment /workdir/hadoop-ozone/integration-test/target/test-dir/MiniOzoneClusterImpl-31815b3f-f013-4d0f-ba9b-748432fd68af/datanode-2/data/ratis/818aa614-a326-4ca9-819d-ee4bec78dedb/current/log_inprogress_0
2019-11-08 14:36:51,710 [Thread-306] INFO  impl.FollowerState (FollowerState.java:run(111)) - 03fa6bf2-5e8d-4fe9-8f2b-bd81bbf2c134@group-EE4BEC78DEDB-FollowerState: change to CANDIDATE, lastRpcTime:5095ms, electionTimeout:5094ms
2019-11-08 14:36:51,710 [Thread-306] INFO  impl.RoleInfo (RoleInfo.java:shutdownFollowerState(121)) - 03fa6bf2-5e8d-4fe9-8f2b-bd81bbf2c134: shutdown FollowerState
2019-11-08 14:36:51,710 [Thread-306] INFO  impl.RaftServerImpl (RaftServerImpl.java:setRole(173)) - 03fa6bf2-5e8d-4fe9-8f2b-bd81bbf2c134@group-EE4BEC78DEDB: changes role from  FOLLOWER to CANDIDATE at term 4 for changeToCandidate
2019-11-08 14:36:51,711 [Thread-306] INFO  impl.RoleInfo (RoleInfo.java:updateAndGet(143)) - 03fa6bf2-5e8d-4fe9-8f2b-bd81bbf2c134: start LeaderElection
2019-11-08 14:36:51,740 [03fa6bf2-5e8d-4fe9-8f2b-bd81bbf2c134@group-EE4BEC78DEDB-LeaderElection14] INFO  impl.LeaderElection (LeaderElection.java:askForVotes(178)) - 03fa6bf2-5e8d-4fe9-8f2b-bd81bbf2c134@group-EE4BEC78DEDB-LeaderElection14: begin an election at term 5 for -1: [bc1b5d93-f3a8-4a29-93bf-fea7f0515f10:192.168.69.114:39036, 0d8fc9ca-b055-4034-862b-c0c94a4c6b5d:192.168.69.114:40941, 03fa6bf2-5e8d-4fe9-8f2b-bd81bbf2c134:192.168.69.114:33035], old=null
2019-11-08 14:36:51,746 [grpc-default-executor-5] INFO  impl.RaftServerImpl (RaftServerImpl.java:setRole(173)) - bc1b5d93-f3a8-4a29-93bf-fea7f0515f10@group-EE4BEC78DEDB: changes role from  FOLLOWER to FOLLOWER at term 5 for recognizeCandidate:03fa6bf2-5e8d-4fe9-8f2b-bd81bbf2c134
2019-11-08 14:36:51,747 [grpc-default-executor-5] INFO  impl.RoleInfo (RoleInfo.java:shutdownFollowerState(121)) - bc1b5d93-f3a8-4a29-93bf-fea7f0515f10: shutdown FollowerState
2019-11-08 14:36:51,747 [grpc-default-executor-5] INFO  impl.RoleInfo (RoleInfo.java:updateAndGet(143)) - bc1b5d93-f3a8-4a29-93bf-fea7f0515f10: start FollowerState
2019-11-08 14:36:51,749 [Thread-310] INFO  impl.FollowerState (FollowerState.java:run(120)) - bc1b5d93-f3a8-4a29-93bf-fea7f0515f10@group-EE4BEC78DEDB-FollowerState was interrupted: java.lang.InterruptedException: sleep interrupted
2019-11-08 14:36:51,750 [grpc-default-executor-3] INFO  impl.RaftServerImpl (RaftServerImpl.java:setRole(173)) - 0d8fc9ca-b055-4034-862b-c0c94a4c6b5d@group-EE4BEC78DEDB: changes role from  FOLLOWER to FOLLOWER at term 5 for recognizeCandidate:03fa6bf2-5e8d-4fe9-8f2b-bd81bbf2c134
2019-11-08 14:36:51,750 [grpc-default-executor-3] INFO  impl.RoleInfo (RoleInfo.java:shutdownFollowerState(121)) - 0d8fc9ca-b055-4034-862b-c0c94a4c6b5d: shutdown FollowerState
2019-11-08 14:36:51,750 [grpc-default-executor-3] INFO  impl.RoleInfo (RoleInfo.java:updateAndGet(143)) - 0d8fc9ca-b055-4034-862b-c0c94a4c6b5d: start FollowerState
2019-11-08 14:36:51,752 [Thread-313] INFO  impl.FollowerState (FollowerState.java:run(120)) - 0d8fc9ca-b055-4034-862b-c0c94a4c6b5d@group-EE4BEC78DEDB-FollowerState was interrupted: java.lang.InterruptedException: sleep interrupted
2019-11-08 14:36:51,782 [03fa6bf2-5e8d-4fe9-8f2b-bd81bbf2c134@group-EE4BEC78DEDB-LeaderElection14] INFO  impl.LeaderElection (LeaderElection.java:logAndReturn(56)) - 03fa6bf2-5e8d-4fe9-8f2b-bd81bbf2c134@group-EE4BEC78DEDB-LeaderElection14: Election PASSED; received 1 response(s) [03fa6bf2-5e8d-4fe9-8f2b-bd81bbf2c134<-bc1b5d93-f3a8-4a29-93bf-fea7f0515f10#0:OK-t5] and 0 exception(s); 03fa6bf2-5e8d-4fe9-8f2b-bd81bbf2c134@group-EE4BEC78DEDB:t5, leader=null, voted=03fa6bf2-5e8d-4fe9-8f2b-bd81bbf2c134, raftlog=03fa6bf2-5e8d-4fe9-8f2b-bd81bbf2c134@group-EE4BEC78DEDB-SegmentedRaftLog:OPENED:c-1,f-1,i0, conf=-1: [bc1b5d93-f3a8-4a29-93bf-fea7f0515f10:192.168.69.114:39036, 0d8fc9ca-b055-4034-862b-c0c94a4c6b5d:192.168.69.114:40941, 03fa6bf2-5e8d-4fe9-8f2b-bd81bbf2c134:192.168.69.114:33035], old=null
2019-11-08 14:36:51,782 [03fa6bf2-5e8d-4fe9-8f2b-bd81bbf2c134@group-EE4BEC78DEDB-LeaderElection14] INFO  impl.RoleInfo (RoleInfo.java:shutdownLeaderElection(134)) - 03fa6bf2-5e8d-4fe9-8f2b-bd81bbf2c134: shutdown LeaderElection
2019-11-08 14:36:51,782 [03fa6bf2-5e8d-4fe9-8f2b-bd81bbf2c134@group-EE4BEC78DEDB-LeaderElection14] INFO  impl.RaftServerImpl (RaftServerImpl.java:setRole(173)) - 03fa6bf2-5e8d-4fe9-8f2b-bd81bbf2c134@group-EE4BEC78DEDB: changes role from CANDIDATE to LEADER at term 5 for changeToLeader
2019-11-08 14:36:51,783 [03fa6bf2-5e8d-4fe9-8f2b-bd81bbf2c134@group-EE4BEC78DEDB-LeaderElection14] INFO  impl.RaftServerImpl (ServerState.java:setLeader(255)) - 03fa6bf2-5e8d-4fe9-8f2b-bd81bbf2c134@group-EE4BEC78DEDB: change Leader from null to 03fa6bf2-5e8d-4fe9-8f2b-bd81bbf2c134 at term 5 for becomeLeader, leader elected after 26179ms
2019-11-08 14:36:51,783 [03fa6bf2-5e8d-4fe9-8f2b-bd81bbf2c134@group-EE4BEC78DEDB-LeaderElection14] INFO  server.RaftServerConfigKeys (ConfUtils.java:logGet(43)) - raft.server.staging.catchup.gap = 1000 (default)
2019-11-08 14:36:51,783 [03fa6bf2-5e8d-4fe9-8f2b-bd81bbf2c134@group-EE4BEC78DEDB-LeaderElection14] INFO  server.RaftServerConfigKeys (ConfUtils.java:logGet(43)) - raft.server.rpc.sleep.time = 25ms (default)
2019-11-08 14:36:51,783 [03fa6bf2-5e8d-4fe9-8f2b-bd81bbf2c134@group-EE4BEC78DEDB-LeaderElection14] INFO  server.RaftServerConfigKeys (ConfUtils.java:logGet(43)) - raft.server.write.element-limit = 4096 (default)
2019-11-08 14:36:51,783 [03fa6bf2-5e8d-4fe9-8f2b-bd81bbf2c134@group-EE4BEC78DEDB-LeaderElection14] INFO  server.RaftServerConfigKeys (ConfUtils.java:logGet(43)) - raft.server.watch.timeout = 10s (default)
2019-11-08 14:36:51,783 [03fa6bf2-5e8d-4fe9-8f2b-bd81bbf2c134@group-EE4BEC78DEDB-LeaderElection14] INFO  server.RaftServerConfigKeys (ConfUtils.java:logGet(43)) - raft.server.watch.timeout.denomination = 1s (default)
2019-11-08 14:36:51,783 [03fa6bf2-5e8d-4fe9-8f2b-bd81bbf2c134@group-EE4BEC78DEDB-LeaderElection14] INFO  server.RaftServerConfigKeys (ConfUtils.java:logGet(43)) - raft.server.watch.element-limit = 65536 (default)
2019-11-08 14:36:51,784 [03fa6bf2-5e8d-4fe9-8f2b-bd81bbf2c134@group-EE4BEC78DEDB-LeaderElection14] INFO  server.RaftServerConfigKeys (ConfUtils.java:logGet(43)) - raft.server.log.appender.snapshot.chunk.size.max = 16MB (=16777216) (default)
2019-11-08 14:36:51,784 [03fa6bf2-5e8d-4fe9-8f2b-bd81bbf2c134@group-EE4BEC78DEDB-LeaderElection14] INFO  server.RaftServerConfigKeys (ConfUtils.java:logGet(43)) - raft.server.log.appender.buffer.byte-limit = 33554432 (custom)
2019-11-08 14:36:51,784 [03fa6bf2-5e8d-4fe9-8f2b-bd81bbf2c134@group-EE4BEC78DEDB-LeaderElection14] INFO  server.RaftServerConfigKeys (ConfUtils.java:logGet(43)) - raft.server.log.appender.buffer.element-limit = 1 (custom)
2019-11-08 14:36:51,784 [03fa6bf2-5e8d-4fe9-8f2b-bd81bbf2c134@group-EE4BEC78DEDB-LeaderElection14] INFO  grpc.GrpcConfigKeys$Server (ConfUtils.java:logGet(43)) - raft.grpc.server.leader.outstanding.appends.max = 128 (default)
2019-11-08 14:36:51,790 [03fa6bf2-5e8d-4fe9-8f2b-bd81bbf2c134@group-EE4BEC78DEDB-LeaderElection14] INFO  server.RaftServerConfigKeys (ConfUtils.java:logGet(43)) - raft.server.rpc.request.timeout = 3000ms (default)
2019-11-08 14:36:51,791 [03fa6bf2-5e8d-4fe9-8f2b-bd81bbf2c134@group-EE4BEC78DEDB-LeaderElection14] INFO  server.RaftServerConfigKeys (ConfUtils.java:logGet(43)) - raft.server.log.appender.install.snapshot.enabled = false (custom)
2019-11-08 14:36:51,791 [03fa6bf2-5e8d-4fe9-8f2b-bd81bbf2c134@group-EE4BEC78DEDB-LeaderElection14] WARN  impl.MetricRegistriesImpl (MetricRegistriesImpl.java:lambda$create$1(61)) - First MetricRegistry has been created without registering reporters. You may need to call MetricRegistries.global().addReportRegistration(...) before.
2019-11-08 14:36:51,791 [03fa6bf2-5e8d-4fe9-8f2b-bd81bbf2c134@group-EE4BEC78DEDB-LeaderElection14] INFO  server.RaftServerConfigKeys (ConfUtils.java:logGet(43)) - raft.server.log.appender.snapshot.chunk.size.max = 16MB (=16777216) (default)
2019-11-08 14:36:51,791 [03fa6bf2-5e8d-4fe9-8f2b-bd81bbf2c134@group-EE4BEC78DEDB-LeaderElection14] INFO  server.RaftServerConfigKeys (ConfUtils.java:logGet(43)) - raft.server.log.appender.buffer.byte-limit = 33554432 (custom)
2019-11-08 14:36:51,791 [03fa6bf2-5e8d-4fe9-8f2b-bd81bbf2c134@group-EE4BEC78DEDB-LeaderElection14] INFO  server.RaftServerConfigKeys (ConfUtils.java:logGet(43)) - raft.server.log.appender.buffer.element-limit = 1 (custom)
2019-11-08 14:36:51,792 [03fa6bf2-5e8d-4fe9-8f2b-bd81bbf2c134@group-EE4BEC78DEDB-LeaderElection14] INFO  grpc.GrpcConfigKeys$Server (ConfUtils.java:logGet(43)) - raft.grpc.server.leader.outstanding.appends.max = 128 (default)
2019-11-08 14:36:51,792 [03fa6bf2-5e8d-4fe9-8f2b-bd81bbf2c134@group-EE4BEC78DEDB-LeaderElection14] INFO  server.RaftServerConfigKeys (ConfUtils.java:logGet(43)) - raft.server.rpc.request.timeout = 3000ms (default)
2019-11-08 14:36:51,792 [03fa6bf2-5e8d-4fe9-8f2b-bd81bbf2c134@group-EE4BEC78DEDB-LeaderElection14] INFO  server.RaftServerConfigKeys (ConfUtils.java:logGet(43)) - raft.server.log.appender.install.snapshot.enabled = false (custom)
2019-11-08 14:36:51,792 [03fa6bf2-5e8d-4fe9-8f2b-bd81bbf2c134@group-EE4BEC78DEDB-LeaderElection14] INFO  impl.RoleInfo (RoleInfo.java:updateAndGet(143)) - 03fa6bf2-5e8d-4fe9-8f2b-bd81bbf2c134: start LeaderState
2019-11-08 14:36:51,793 [03fa6bf2-5e8d-4fe9-8f2b-bd81bbf2c134@group-EE4BEC78DEDB-LeaderElection14] INFO  segmented.SegmentedRaftLogWorker (SegmentedRaftLogWorker.java:startLogSegment(385)) - 03fa6bf2-5e8d-4fe9-8f2b-bd81bbf2c134@group-EE4BEC78DEDB-SegmentedRaftLogWorker: Starting segment from index:0
2019-11-08 14:36:51,794 [03fa6bf2-5e8d-4fe9-8f2b-bd81bbf2c134@group-EE4BEC78DEDB-LeaderElection14] INFO  impl.RaftServerImpl (ServerState.java:setRaftConf(356)) - 03fa6bf2-5e8d-4fe9-8f2b-bd81bbf2c134@group-EE4BEC78DEDB: set configuration 0: [bc1b5d93-f3a8-4a29-93bf-fea7f0515f10:192.168.69.114:39036, 0d8fc9ca-b055-4034-862b-c0c94a4c6b5d:192.168.69.114:40941, 03fa6bf2-5e8d-4fe9-8f2b-bd81bbf2c134:192.168.69.114:33035], old=null at 0
2019-11-08 14:36:51,806 [grpc-default-executor-3] INFO  impl.RaftServerImpl (ServerState.java:setLeader(255)) - 0d8fc9ca-b055-4034-862b-c0c94a4c6b5d@group-EE4BEC78DEDB: change Leader from null to 03fa6bf2-5e8d-4fe9-8f2b-bd81bbf2c134 at term 5 for appendEntries, leader elected after 5127ms
2019-11-08 14:36:51,835 [grpc-default-executor-4] INFO  impl.RaftServerImpl (ServerState.java:setLeader(255)) - bc1b5d93-f3a8-4a29-93bf-fea7f0515f10@group-EE4BEC78DEDB: change Leader from null to 03fa6bf2-5e8d-4fe9-8f2b-bd81bbf2c134 at term 5 for appendEntries, leader elected after 26231ms
2019-11-08 14:36:51,854 [grpc-default-executor-3] INFO  impl.RaftServerImpl (ServerState.java:setRaftConf(356)) - 0d8fc9ca-b055-4034-862b-c0c94a4c6b5d@group-EE4BEC78DEDB: set configuration 0: [bc1b5d93-f3a8-4a29-93bf-fea7f0515f10:192.168.69.114:39036, 0d8fc9ca-b055-4034-862b-c0c94a4c6b5d:192.168.69.114:40941, 03fa6bf2-5e8d-4fe9-8f2b-bd81bbf2c134:192.168.69.114:33035], old=null at 0
2019-11-08 14:36:51,858 [grpc-default-executor-3] INFO  segmented.SegmentedRaftLogWorker (SegmentedRaftLogWorker.java:truncate(401)) - 0d8fc9ca-b055-4034-862b-c0c94a4c6b5d@group-EE4BEC78DEDB-SegmentedRaftLogWorker: Truncating segments toTruncate: null
  toDelete: [(0, 0) isOpen? true, length=0, newEndIndex=-1], start index 0
2019-11-08 14:36:51,893 [0d8fc9ca-b055-4034-862b-c0c94a4c6b5d@group-EE4BEC78DEDB-SegmentedRaftLogWorker] INFO  segmented.SegmentedRaftLogWorker (SegmentedRaftLogWorker.java:execute(640)) - 0d8fc9ca-b055-4034-862b-c0c94a4c6b5d@group-EE4BEC78DEDB-SegmentedRaftLogWorker: Deleted log file /workdir/hadoop-ozone/integration-test/target/test-dir/MiniOzoneClusterImpl-31815b3f-f013-4d0f-ba9b-748432fd68af/datanode-2/data/ratis/818aa614-a326-4ca9-819d-ee4bec78dedb/current/log_inprogress_0
2019-11-08 14:36:51,894 [0d8fc9ca-b055-4034-862b-c0c94a4c6b5d@group-EE4BEC78DEDB-SegmentedRaftLogWorker] INFO  segmented.SegmentedRaftLogWorker (SegmentedRaftLogWorker.java:lambda$new$0(128)) - 0d8fc9ca-b055-4034-862b-c0c94a4c6b5d@group-EE4BEC78DEDB-SegmentedRaftLogWorker: flushIndex: setUnconditionally 0 -> -1
2019-11-08 14:36:51,894 [grpc-default-executor-3] INFO  segmented.SegmentedRaftLogWorker (SegmentedRaftLogWorker.java:startLogSegment(385)) - 0d8fc9ca-b055-4034-862b-c0c94a4c6b5d@group-EE4BEC78DEDB-SegmentedRaftLogWorker: Starting segment from index:0
2019-11-08 14:36:51,899 [grpc-default-executor-4] INFO  impl.RaftServerImpl (ServerState.java:setRaftConf(356)) - bc1b5d93-f3a8-4a29-93bf-fea7f0515f10@group-EE4BEC78DEDB: set configuration 0: [bc1b5d93-f3a8-4a29-93bf-fea7f0515f10:192.168.69.114:39036, 0d8fc9ca-b055-4034-862b-c0c94a4c6b5d:192.168.69.114:40941, 03fa6bf2-5e8d-4fe9-8f2b-bd81bbf2c134:192.168.69.114:33035], old=null at 0
2019-11-08 14:36:51,899 [grpc-default-executor-4] INFO  segmented.SegmentedRaftLogWorker (SegmentedRaftLogWorker.java:startLogSegment(385)) - bc1b5d93-f3a8-4a29-93bf-fea7f0515f10@group-EE4BEC78DEDB-SegmentedRaftLogWorker: Starting segment from index:0
2019-11-08 14:36:51,908 [03fa6bf2-5e8d-4fe9-8f2b-bd81bbf2c134@group-EE4BEC78DEDB-SegmentedRaftLogWorker] INFO  segmented.SegmentedRaftLogWorker (SegmentedRaftLogWorker.java:execute(576)) - 03fa6bf2-5e8d-4fe9-8f2b-bd81bbf2c134@group-EE4BEC78DEDB-SegmentedRaftLogWorker: created new log segment /workdir/hadoop-ozone/integration-test/target/test-dir/MiniOzoneClusterImpl-31815b3f-f013-4d0f-ba9b-748432fd68af/datanode-3/data/ratis/818aa614-a326-4ca9-819d-ee4bec78dedb/current/log_inprogress_0
2019-11-08 14:36:51,976 [0d8fc9ca-b055-4034-862b-c0c94a4c6b5d@group-EE4BEC78DEDB-SegmentedRaftLogWorker] INFO  segmented.SegmentedRaftLogWorker (SegmentedRaftLogWorker.java:execute(576)) - 0d8fc9ca-b055-4034-862b-c0c94a4c6b5d@group-EE4BEC78DEDB-SegmentedRaftLogWorker: created new log segment /workdir/hadoop-ozone/integration-test/target/test-dir/MiniOzoneClusterImpl-31815b3f-f013-4d0f-ba9b-748432fd68af/datanode-2/data/ratis/818aa614-a326-4ca9-819d-ee4bec78dedb/current/log_inprogress_0
2019-11-08 14:36:51,976 [bc1b5d93-f3a8-4a29-93bf-fea7f0515f10@group-EE4BEC78DEDB-SegmentedRaftLogWorker] INFO  segmented.SegmentedRaftLogWorker (SegmentedRaftLogWorker.java:execute(576)) - bc1b5d93-f3a8-4a29-93bf-fea7f0515f10@group-EE4BEC78DEDB-SegmentedRaftLogWorker: created new log segment /workdir/hadoop-ozone/integration-test/target/test-dir/MiniOzoneClusterImpl-31815b3f-f013-4d0f-ba9b-748432fd68af/datanode-1/data/ratis/818aa614-a326-4ca9-819d-ee4bec78dedb/current/log_inprogress_0
2019-11-08 14:36:53,673 [Thread-224] INFO  pipeline.SCMPipelineManager (SCMPipelineManager.java:finalizeAndDestroyPipeline(315)) - destroying pipeline:Pipeline[ Id: 818aa614-a326-4ca9-819d-ee4bec78dedb, Nodes: bc1b5d93-f3a8-4a29-93bf-fea7f0515f10{ip: 192.168.69.114, host: pr-hdds-2325-sfxkw-296739260, networkLocation: /rack1, certSerialId: null}03fa6bf2-5e8d-4fe9-8f2b-bd81bbf2c134{ip: 192.168.69.114, host: pr-hdds-2325-sfxkw-296739260, networkLocation: /rack1, certSerialId: null}0d8fc9ca-b055-4034-862b-c0c94a4c6b5d{ip: 192.168.69.114, host: pr-hdds-2325-sfxkw-296739260, networkLocation: /rack1, certSerialId: null}, Type:RATIS, Factor:THREE, State:OPEN]
2019-11-08 14:36:53,674 [Thread-224] INFO  pipeline.PipelineStateManager (PipelineStateManager.java:finalizePipeline(123)) - Pipeline Pipeline[ Id: 818aa614-a326-4ca9-819d-ee4bec78dedb, Nodes: bc1b5d93-f3a8-4a29-93bf-fea7f0515f10{ip: 192.168.69.114, host: pr-hdds-2325-sfxkw-296739260, networkLocation: /rack1, certSerialId: null}03fa6bf2-5e8d-4fe9-8f2b-bd81bbf2c134{ip: 192.168.69.114, host: pr-hdds-2325-sfxkw-296739260, networkLocation: /rack1, certSerialId: null}0d8fc9ca-b055-4034-862b-c0c94a4c6b5d{ip: 192.168.69.114, host: pr-hdds-2325-sfxkw-296739260, networkLocation: /rack1, certSerialId: null}, Type:RATIS, Factor:THREE, State:CLOSED] moved to CLOSED state
2019-11-08 14:36:53,674 [EventQueue-CloseContainerForCloseContainerEventHandler] INFO  container.CloseContainerEventHandler (CloseContainerEventHandler.java:onMessage(61)) - Close container Event triggered for container : #1
2019-11-08 14:36:54,104 [Datanode State Machine Thread - 0] INFO  statemachine.DatanodeStateMachine (DatanodeStateMachine.java:lambda$startDaemon$0(350)) - Ozone container server started.
2019-11-08 14:36:55,217 [RatisApplyTransactionExecutor 1] INFO  interfaces.Container (KeyValueContainer.java:flushAndSyncDB(400)) - Container 1 is synced with bcsId 2.
2019-11-08 14:36:55,217 [RatisApplyTransactionExecutor 1] INFO  interfaces.Container (KeyValueContainer.java:flushAndSyncDB(400)) - Container 1 is synced with bcsId 2.
2019-11-08 14:36:55,218 [RatisApplyTransactionExecutor 1] INFO  interfaces.Container (KeyValueContainer.java:flushAndSyncDB(400)) - Container 1 is synced with bcsId 2.
2019-11-08 14:36:55,218 [RatisApplyTransactionExecutor 1] INFO  interfaces.Container (KeyValueContainer.java:flushAndSyncDB(400)) - Container 1 is synced with bcsId 2.
2019-11-08 14:36:55,268 [RatisApplyTransactionExecutor 1] INFO  interfaces.Container (KeyValueContainer.java:flushAndSyncDB(400)) - Container 1 is synced with bcsId 2.
2019-11-08 14:36:55,268 [RatisApplyTransactionExecutor 1] INFO  interfaces.Container (KeyValueContainer.java:flushAndSyncDB(400)) - Container 1 is synced with bcsId 2.
2019-11-08 14:36:55,277 [RatisApplyTransactionExecutor 1] INFO  interfaces.Container (KeyValueContainer.java:close(338)) - Container 1 is closed with bcsId 2.
2019-11-08 14:36:55,277 [RatisApplyTransactionExecutor 1] INFO  interfaces.Container (KeyValueContainer.java:close(338)) - Container 1 is closed with bcsId 2.
2019-11-08 14:36:55,283 [EventQueue-IncrementalContainerReportForIncrementalContainerReportHandler] INFO  container.IncrementalContainerReportHandler (AbstractContainerReportHandler.java:updateContainerState(178)) - Moving container #1 to CLOSED state, datanode 03fa6bf2-5e8d-4fe9-8f2b-bd81bbf2c134{ip: 192.168.69.114, host: pr-hdds-2325-sfxkw-296739260, networkLocation: /rack1, certSerialId: null} reported CLOSED replica.
2019-11-08 14:36:55,336 [RatisApplyTransactionExecutor 1] INFO  interfaces.Container (KeyValueContainer.java:close(338)) - Container 1 is closed with bcsId 2.
2019-11-08 14:36:58,681 [Thread-224] INFO  ozoneimpl.OzoneContainer (OzoneContainer.java:stop(244)) - Attempting to stop container services.
2019-11-08 14:36:58,682 [Thread-224] INFO  impl.RaftServerProxy (RaftServerProxy.java:lambda$close$4(314)) - bc1b5d93-f3a8-4a29-93bf-fea7f0515f10: close
2019-11-08 14:36:58,684 [Thread-224] INFO  impl.RaftServerImpl (RaftServerImpl.java:lambda$shutdown$3(250)) - bc1b5d93-f3a8-4a29-93bf-fea7f0515f10@group-EE4BEC78DEDB: shutdown
2019-11-08 14:36:58,685 [ForkJoinPool.commonPool-worker-1] INFO  impl.RaftServerImpl (RaftServerImpl.java:lambda$shutdown$3(250)) - bc1b5d93-f3a8-4a29-93bf-fea7f0515f10@group-482143FF61D9: shutdown
2019-11-08 14:36:58,685 [Thread-224] INFO  util.JmxRegister (JmxRegister.java:unregister(73)) - Successfully un-registered JMX Bean with object name Ratis:service=RaftServer,group=group-EE4BEC78DEDB,id=bc1b5d93-f3a8-4a29-93bf-fea7f0515f10
2019-11-08 14:36:58,685 [ForkJoinPool.commonPool-worker-1] INFO  util.JmxRegister (JmxRegister.java:unregister(73)) - Successfully un-registered JMX Bean with object name Ratis:service=RaftServer,group=group-482143FF61D9,id=bc1b5d93-f3a8-4a29-93bf-fea7f0515f10
2019-11-08 14:36:58,685 [Thread-224] INFO  impl.RoleInfo (RoleInfo.java:shutdownFollowerState(121)) - bc1b5d93-f3a8-4a29-93bf-fea7f0515f10: shutdown FollowerState
2019-11-08 14:36:58,685 [ForkJoinPool.commonPool-worker-1] INFO  impl.RoleInfo (RoleInfo.java:shutdownLeaderState(104)) - bc1b5d93-f3a8-4a29-93bf-fea7f0515f10: shutdown LeaderState
2019-11-08 14:36:58,685 [Thread-224] INFO  impl.StateMachineUpdater (StateMachineUpdater.java:stopAndJoin(136)) - bc1b5d93-f3a8-4a29-93bf-fea7f0515f10@group-EE4BEC78DEDB-StateMachineUpdater: set stopIndex = 6
2019-11-08 14:36:58,685 [Thread-328] INFO  impl.FollowerState (FollowerState.java:run(120)) - bc1b5d93-f3a8-4a29-93bf-fea7f0515f10@group-EE4BEC78DEDB-FollowerState was interrupted: java.lang.InterruptedException: sleep interrupted
2019-11-08 14:36:58,685 [ForkJoinPool.commonPool-worker-1] INFO  impl.PendingRequests (PendingRequests.java:sendNotLeaderResponses(206)) - bc1b5d93-f3a8-4a29-93bf-fea7f0515f10@group-482143FF61D9-PendingRequests: sendNotLeaderResponses
2019-11-08 14:36:58,687 [bc1b5d93-f3a8-4a29-93bf-fea7f0515f10@group-EE4BEC78DEDB-StateMachineUpdater] INFO  ratis.ContainerStateMachine (ContainerStateMachine.java:takeSnapshot(283)) - group-EE4BEC78DEDB: Taking a snapshot at:(t:5, i:5) file /workdir/hadoop-ozone/integration-test/target/test-dir/MiniOzoneClusterImpl-31815b3f-f013-4d0f-ba9b-748432fd68af/datanode-1/data/ratis/818aa614-a326-4ca9-819d-ee4bec78dedb/sm/snapshot.5_5
2019-11-08 14:36:58,688 [ForkJoinPool.commonPool-worker-1] INFO  impl.StateMachineUpdater (StateMachineUpdater.java:stopAndJoin(136)) - bc1b5d93-f3a8-4a29-93bf-fea7f0515f10@group-482143FF61D9-StateMachineUpdater: set stopIndex = 0
2019-11-08 14:36:58,689 [ForkJoinPool.commonPool-worker-1] INFO  impl.RaftServerImpl (ServerState.java:close(387)) - bc1b5d93-f3a8-4a29-93bf-fea7f0515f10@group-482143FF61D9: closes. applyIndex: 0
2019-11-08 14:36:58,691 [bc1b5d93-f3a8-4a29-93bf-fea7f0515f10@group-482143FF61D9-SegmentedRaftLogWorker] INFO  segmented.SegmentedRaftLogWorker (SegmentedRaftLogWorker.java:run(316)) - bc1b5d93-f3a8-4a29-93bf-fea7f0515f10@group-482143FF61D9-SegmentedRaftLogWorker was interrupted, exiting. There are 0 tasks remaining in the queue.
2019-11-08 14:36:58,693 [ForkJoinPool.commonPool-worker-1] INFO  segmented.SegmentedRaftLogWorker (SegmentedRaftLogWorker.java:close(224)) - bc1b5d93-f3a8-4a29-93bf-fea7f0515f10@group-482143FF61D9-SegmentedRaftLogWorker close()
2019-11-08 14:36:58,793 [bc1b5d93-f3a8-4a29-93bf-fea7f0515f10@group-EE4BEC78DEDB-StateMachineUpdater] INFO  ratis.ContainerStateMachine (ContainerStateMachine.java:takeSnapshot(294)) - group-EE4BEC78DEDB: Finished taking a snapshot at:(t:5, i:5) file:/workdir/hadoop-ozone/integration-test/target/test-dir/MiniOzoneClusterImpl-31815b3f-f013-4d0f-ba9b-748432fd68af/datanode-1/data/ratis/818aa614-a326-4ca9-819d-ee4bec78dedb/sm/snapshot.5_5 time:107
2019-11-08 14:36:58,794 [bc1b5d93-f3a8-4a29-93bf-fea7f0515f10@group-EE4BEC78DEDB-StateMachineUpdater] INFO  impl.StateMachineUpdater (StateMachineUpdater.java:takeSnapshot(269)) - bc1b5d93-f3a8-4a29-93bf-fea7f0515f10@group-EE4BEC78DEDB-StateMachineUpdater: Took a snapshot at index 5
2019-11-08 14:36:58,794 [bc1b5d93-f3a8-4a29-93bf-fea7f0515f10@group-EE4BEC78DEDB-StateMachineUpdater] INFO  impl.StateMachineUpdater (StateMachineUpdater.java:lambda$new$0(84)) - bc1b5d93-f3a8-4a29-93bf-fea7f0515f10@group-EE4BEC78DEDB-StateMachineUpdater: snapshotIndex: updateIncreasingly -1 -> 5
2019-11-08 14:36:58,797 [bc1b5d93-f3a8-4a29-93bf-fea7f0515f10@group-EE4BEC78DEDB-StateMachineUpdater] INFO  ratis.ContainerStateMachine (ContainerStateMachine.java:takeSnapshot(283)) - group-EE4BEC78DEDB: Taking a snapshot at:(t:5, i:5) file /workdir/hadoop-ozone/integration-test/target/test-dir/MiniOzoneClusterImpl-31815b3f-f013-4d0f-ba9b-748432fd68af/datanode-1/data/ratis/818aa614-a326-4ca9-819d-ee4bec78dedb/sm/snapshot.5_5
2019-11-08 14:36:58,818 [bc1b5d93-f3a8-4a29-93bf-fea7f0515f10@group-EE4BEC78DEDB-StateMachineUpdater] INFO  ratis.ContainerStateMachine (ContainerStateMachine.java:takeSnapshot(294)) - group-EE4BEC78DEDB: Finished taking a snapshot at:(t:5, i:5) file:/workdir/hadoop-ozone/integration-test/target/test-dir/MiniOzoneClusterImpl-31815b3f-f013-4d0f-ba9b-748432fd68af/datanode-1/data/ratis/818aa614-a326-4ca9-819d-ee4bec78dedb/sm/snapshot.5_5 time:21
2019-11-08 14:36:58,818 [bc1b5d93-f3a8-4a29-93bf-fea7f0515f10@group-EE4BEC78DEDB-StateMachineUpdater] INFO  impl.StateMachineUpdater (StateMachineUpdater.java:takeSnapshot(269)) - bc1b5d93-f3a8-4a29-93bf-fea7f0515f10@group-EE4BEC78DEDB-StateMachineUpdater: Took a snapshot at index 5
2019-11-08 14:36:58,818 [bc1b5d93-f3a8-4a29-93bf-fea7f0515f10@group-EE4BEC78DEDB-StateMachineUpdater] INFO  impl.StateMachineUpdater (StateMachineUpdater.java:lambda$new$0(84)) - bc1b5d93-f3a8-4a29-93bf-fea7f0515f10@group-EE4BEC78DEDB-StateMachineUpdater: snapshotIndex: updateIncreasingly 5 -> 5
2019-11-08 14:36:58,819 [Thread-224] INFO  impl.RaftServerImpl (ServerState.java:close(387)) - bc1b5d93-f3a8-4a29-93bf-fea7f0515f10@group-EE4BEC78DEDB: closes. applyIndex: 6
2019-11-08 14:36:58,819 [bc1b5d93-f3a8-4a29-93bf-fea7f0515f10@group-EE4BEC78DEDB-SegmentedRaftLogWorker] INFO  segmented.SegmentedRaftLogWorker (SegmentedRaftLogWorker.java:run(316)) - bc1b5d93-f3a8-4a29-93bf-fea7f0515f10@group-EE4BEC78DEDB-SegmentedRaftLogWorker was interrupted, exiting. There are 0 tasks remaining in the queue.
2019-11-08 14:36:58,827 [Thread-224] INFO  segmented.SegmentedRaftLogWorker (SegmentedRaftLogWorker.java:close(224)) - bc1b5d93-f3a8-4a29-93bf-fea7f0515f10@group-EE4BEC78DEDB-SegmentedRaftLogWorker close()
2019-11-08 14:36:58,829 [Thread-224] INFO  server.GrpcService (GrpcService.java:closeImpl(164)) - bc1b5d93-f3a8-4a29-93bf-fea7f0515f10: shutdown server with port 39036 now
2019-11-08 14:36:58,834 [grpc-default-executor-4] WARN  server.GrpcServerProtocolService (LogUtils.java:warn(134)) - bc1b5d93-f3a8-4a29-93bf-fea7f0515f10: installSnapshot onError, lastRequest: 03fa6bf2-5e8d-4fe9-8f2b-bd81bbf2c134->bc1b5d93-f3a8-4a29-93bf-fea7f0515f10#8-t5, previous=(t:5, i:6), leaderCommit=6, initializing? false, entries: <empty>: org.apache.ratis.thirdparty.io.grpc.StatusRuntimeException: CANCELLED: cancelled before receiving half close
2019-11-08 14:36:58,834 [Thread-224] INFO  server.GrpcService (GrpcService.java:closeImpl(172)) - bc1b5d93-f3a8-4a29-93bf-fea7f0515f10: shutdown server with port 39036 successfully
2019-11-08 14:36:58,835 [grpc-default-executor-5] WARN  server.GrpcLogAppender (LogUtils.java:warn(134)) - 03fa6bf2-5e8d-4fe9-8f2b-bd81bbf2c134@group-EE4BEC78DEDB->bc1b5d93-f3a8-4a29-93bf-fea7f0515f10-AppendLogResponseHandler: Failed appendEntries: org.apache.ratis.thirdparty.io.grpc.StatusRuntimeException: CANCELLED: HTTP/2 error code: CANCEL
Received Rst Stream
2019-11-08 14:36:58,835 [grpc-default-executor-5] INFO  impl.FollowerInfo (FollowerInfo.java:lambda$new$0(51)) - 03fa6bf2-5e8d-4fe9-8f2b-bd81bbf2c134@group-EE4BEC78DEDB->bc1b5d93-f3a8-4a29-93bf-fea7f0515f10: nextIndex: updateUnconditionally 7 -> 6
2019-11-08 14:36:58,838 [refreshUsed-/workdir/hadoop-ozone/integration-test/target/test-dir/MiniOzoneClusterImpl-31815b3f-f013-4d0f-ba9b-748432fd68af/datanode-1/data/containers] WARN  fs.CachingGetSpaceUsed (CachingGetSpaceUsed.java:run(183)) - Thread Interrupted waiting to refresh disk information: sleep interrupted
2019-11-08 14:36:58,860 [Thread-224] INFO  utils.BackgroundService (BackgroundService.java:shutdown(151)) - Shutting down service BlockDeletingService
2019-11-08 14:36:58,863 [Thread-224] INFO  statemachine.DatanodeStateMachine (DatanodeStateMachine.java:stopDaemon(395)) - Ozone container server stopped.
2019-11-08 14:36:58,870 [Thread-224] INFO  handler.ContextHandler (ContextHandler.java:doStop(910)) - Stopped o.e.j.w.WebAppContext@188ac8a3{/,null,UNAVAILABLE}{/hddsDatanode}
2019-11-08 14:36:58,876 [Thread-224] INFO  server.AbstractConnector (AbstractConnector.java:doStop(318)) - Stopped ServerConnector@3650d4fc{HTTP/1.1,[http/1.1]}{0.0.0.0:0}
2019-11-08 14:36:58,877 [Thread-224] INFO  handler.ContextHandler (ContextHandler.java:doStop(910)) - Stopped o.e.j.s.ServletContextHandler@1b1c538d{/static,jar:file:/home/user/.m2/repository/org/apache/hadoop/hadoop-hdds-container-service/0.5.0-SNAPSHOT/hadoop-hdds-container-service-0.5.0-SNAPSHOT.jar!/webapps/static,UNAVAILABLE}
2019-11-08 14:36:58,879 [Thread-224] INFO  handler.ContextHandler (ContextHandler.java:doStop(910)) - Stopped o.e.j.s.ServletContextHandler@5f254608{/logs,file:///workdir/hadoop-ozone/integration-test/target/log,UNAVAILABLE}
2019-11-08 14:37:00,220 [grpc-default-executor-5] WARN  server.GrpcLogAppender (LogUtils.java:warn(134)) - 03fa6bf2-5e8d-4fe9-8f2b-bd81bbf2c134@group-EE4BEC78DEDB->bc1b5d93-f3a8-4a29-93bf-fea7f0515f10-AppendLogResponseHandler: Failed appendEntries: org.apache.ratis.thirdparty.io.grpc.StatusRuntimeException: UNAVAILABLE: io exception
2019-11-08 14:37:00,222 [grpc-default-executor-5] INFO  impl.FollowerInfo (FollowerInfo.java:lambda$new$0(51)) - 03fa6bf2-5e8d-4fe9-8f2b-bd81bbf2c134@group-EE4BEC78DEDB->bc1b5d93-f3a8-4a29-93bf-fea7f0515f10: nextIndex: updateUnconditionally 6 -> 5
2019-11-08 14:37:02,720 [grpc-default-executor-5] WARN  server.GrpcLogAppender (LogUtils.java:warn(134)) - 03fa6bf2-5e8d-4fe9-8f2b-bd81bbf2c134@group-EE4BEC78DEDB->bc1b5d93-f3a8-4a29-93bf-fea7f0515f10-AppendLogResponseHandler: Failed appendEntries: org.apache.ratis.thirdparty.io.grpc.StatusRuntimeException: UNAVAILABLE: io exception
2019-11-08 14:37:02,723 [grpc-default-executor-5] INFO  impl.FollowerInfo (FollowerInfo.java:lambda$new$0(51)) - 03fa6bf2-5e8d-4fe9-8f2b-bd81bbf2c134@group-EE4BEC78DEDB->bc1b5d93-f3a8-4a29-93bf-fea7f0515f10: nextIndex: updateUnconditionally 5 -> 4
2019-11-08 14:37:03,890 [ReplicationMonitor] INFO  container.ReplicationManager (ReplicationManager.java:sendCloseCommand(659)) - Sending close container command for container #1 to datanode bc1b5d93-f3a8-4a29-93bf-fea7f0515f10{ip: 192.168.69.114, host: pr-hdds-2325-sfxkw-296739260, networkLocation: /rack1, certSerialId: null}.
2019-11-08 14:37:03,892 [ReplicationMonitor] INFO  container.ReplicationManager (ReplicationManager.java:run(225)) - Replication Monitor Thread took 11 milliseconds for processing 1 containers.
2019-11-08 14:37:05,217 [grpc-default-executor-3] WARN  server.GrpcLogAppender (LogUtils.java:warn(134)) - 03fa6bf2-5e8d-4fe9-8f2b-bd81bbf2c134@group-EE4BEC78DEDB->bc1b5d93-f3a8-4a29-93bf-fea7f0515f10-AppendLogResponseHandler: Failed appendEntries: org.apache.ratis.thirdparty.io.grpc.StatusRuntimeException: UNAVAILABLE: io exception
2019-11-08 14:37:05,219 [grpc-default-executor-3] INFO  impl.FollowerInfo (FollowerInfo.java:lambda$new$0(51)) - 03fa6bf2-5e8d-4fe9-8f2b-bd81bbf2c134@group-EE4BEC78DEDB->bc1b5d93-f3a8-4a29-93bf-fea7f0515f10: nextIndex: updateUnconditionally 4 -> 3
2019-11-08 14:37:07,722 [grpc-default-executor-3] WARN  server.GrpcLogAppender (LogUtils.java:warn(134)) - 03fa6bf2-5e8d-4fe9-8f2b-bd81bbf2c134@group-EE4BEC78DEDB->bc1b5d93-f3a8-4a29-93bf-fea7f0515f10-AppendLogResponseHandler: Failed appendEntries: org.apache.ratis.thirdparty.io.grpc.StatusRuntimeException: UNAVAILABLE: io exception
2019-11-08 14:37:07,724 [grpc-default-executor-3] INFO  impl.FollowerInfo (FollowerInfo.java:lambda$new$0(51)) - 03fa6bf2-5e8d-4fe9-8f2b-bd81bbf2c134@group-EE4BEC78DEDB->bc1b5d93-f3a8-4a29-93bf-fea7f0515f10: nextIndex: updateUnconditionally 3 -> 2
2019-11-08 14:37:10,224 [grpc-default-executor-3] WARN  server.GrpcLogAppender (LogUtils.java:warn(134)) - 03fa6bf2-5e8d-4fe9-8f2b-bd81bbf2c134@group-EE4BEC78DEDB->bc1b5d93-f3a8-4a29-93bf-fea7f0515f10-AppendLogResponseHandler: Failed appendEntries: org.apache.ratis.thirdparty.io.grpc.StatusRuntimeException: UNAVAILABLE: io exception
2019-11-08 14:37:10,227 [grpc-default-executor-3] INFO  impl.FollowerInfo (FollowerInfo.java:lambda$new$0(51)) - 03fa6bf2-5e8d-4fe9-8f2b-bd81bbf2c134@group-EE4BEC78DEDB->bc1b5d93-f3a8-4a29-93bf-fea7f0515f10: nextIndex: updateUnconditionally 2 -> 1
2019-11-08 14:37:12,733 [grpc-default-executor-3] WARN  server.GrpcLogAppender (LogUtils.java:warn(134)) - 03fa6bf2-5e8d-4fe9-8f2b-bd81bbf2c134@group-EE4BEC78DEDB->bc1b5d93-f3a8-4a29-93bf-fea7f0515f10-AppendLogResponseHandler: Failed appendEntries: org.apache.ratis.thirdparty.io.grpc.StatusRuntimeException: UNAVAILABLE: io exception
2019-11-08 14:37:12,737 [grpc-default-executor-3] INFO  impl.FollowerInfo (FollowerInfo.java:lambda$new$0(51)) - 03fa6bf2-5e8d-4fe9-8f2b-bd81bbf2c134@group-EE4BEC78DEDB->bc1b5d93-f3a8-4a29-93bf-fea7f0515f10: nextIndex: updateUnconditionally 1 -> 0
2019-11-08 14:37:15,230 [grpc-default-executor-4] WARN  server.GrpcLogAppender (LogUtils.java:warn(134)) - 03fa6bf2-5e8d-4fe9-8f2b-bd81bbf2c134@group-EE4BEC78DEDB->bc1b5d93-f3a8-4a29-93bf-fea7f0515f10-AppendLogResponseHandler: Failed appendEntries: org.apache.ratis.thirdparty.io.grpc.StatusRuntimeException: UNAVAILABLE: io exception
2019-11-08 14:37:15,231 [grpc-default-executor-4] INFO  impl.FollowerInfo (FollowerInfo.java:lambda$new$0(51)) - 03fa6bf2-5e8d-4fe9-8f2b-bd81bbf2c134@group-EE4BEC78DEDB->bc1b5d93-f3a8-4a29-93bf-fea7f0515f10: nextIndex: updateUnconditionally 0 -> 0
2019-11-08 14:37:17,731 [grpc-default-executor-5] WARN  server.GrpcLogAppender (LogUtils.java:warn(134)) - 03fa6bf2-5e8d-4fe9-8f2b-bd81bbf2c134@group-EE4BEC78DEDB->bc1b5d93-f3a8-4a29-93bf-fea7f0515f10-AppendLogResponseHandler: Failed appendEntries: org.apache.ratis.thirdparty.io.grpc.StatusRuntimeException: UNAVAILABLE: io exception
2019-11-08 14:37:17,733 [grpc-default-executor-5] INFO  impl.FollowerInfo (FollowerInfo.java:lambda$new$0(51)) - 03fa6bf2-5e8d-4fe9-8f2b-bd81bbf2c134@group-EE4BEC78DEDB->bc1b5d93-f3a8-4a29-93bf-fea7f0515f10: nextIndex: updateUnconditionally 0 -> 0
2019-11-08 14:37:20,232 [grpc-default-executor-3] WARN  server.GrpcLogAppender (LogUtils.java:warn(134)) - 03fa6bf2-5e8d-4fe9-8f2b-bd81bbf2c134@group-EE4BEC78DEDB->bc1b5d93-f3a8-4a29-93bf-fea7f0515f10-AppendLogResponseHandler: Failed appendEntries: org.apache.ratis.thirdparty.io.grpc.StatusRuntimeException: UNAVAILABLE: io exception
2019-11-08 14:37:20,233 [grpc-default-executor-3] INFO  impl.FollowerInfo (FollowerInfo.java:lambda$new$0(51)) - 03fa6bf2-5e8d-4fe9-8f2b-bd81bbf2c134@group-EE4BEC78DEDB->bc1b5d93-f3a8-4a29-93bf-fea7f0515f10: nextIndex: updateUnconditionally 0 -> 0
2019-11-08 14:37:22,734 [grpc-default-executor-3] WARN  server.GrpcLogAppender (LogUtils.java:warn(134)) - 03fa6bf2-5e8d-4fe9-8f2b-bd81bbf2c134@group-EE4BEC78DEDB->bc1b5d93-f3a8-4a29-93bf-fea7f0515f10-AppendLogResponseHandler: Failed appendEntries: org.apache.ratis.thirdparty.io.grpc.StatusRuntimeException: UNAVAILABLE: io exception
2019-11-08 14:37:22,736 [grpc-default-executor-3] INFO  impl.FollowerInfo (FollowerInfo.java:lambda$new$0(51)) - 03fa6bf2-5e8d-4fe9-8f2b-bd81bbf2c134@group-EE4BEC78DEDB->bc1b5d93-f3a8-4a29-93bf-fea7f0515f10: nextIndex: updateUnconditionally 0 -> 0
2019-11-08 14:37:25,235 [grpc-default-executor-3] WARN  server.GrpcLogAppender (LogUtils.java:warn(134)) - 03fa6bf2-5e8d-4fe9-8f2b-bd81bbf2c134@group-EE4BEC78DEDB->bc1b5d93-f3a8-4a29-93bf-fea7f0515f10-AppendLogResponseHandler: Failed appendEntries: org.apache.ratis.thirdparty.io.grpc.StatusRuntimeException: UNAVAILABLE: io exception
2019-11-08 14:37:25,236 [grpc-default-executor-3] INFO  impl.FollowerInfo (FollowerInfo.java:lambda$new$0(51)) - 03fa6bf2-5e8d-4fe9-8f2b-bd81bbf2c134@group-EE4BEC78DEDB->bc1b5d93-f3a8-4a29-93bf-fea7f0515f10: nextIndex: updateUnconditionally 0 -> 0
2019-11-08 14:37:26,664 [main] INFO  ozone.MiniOzoneClusterImpl (MiniOzoneClusterImpl.java:shutdown(314)) - Shutting down the Mini Ozone Cluster
2019-11-08 14:37:26,666 [main] INFO  ozone.MiniOzoneClusterImpl (MiniOzoneClusterImpl.java:stop(330)) - Stopping the Mini Ozone Cluster
2019-11-08 14:37:26,666 [main] INFO  ozone.MiniOzoneClusterImpl (MiniOzoneClusterImpl.java:stopOM(400)) - Stopping the OzoneManager
2019-11-08 14:37:26,667 [main] INFO  ipc.Server (Server.java:stop(3082)) - Stopping server on 33428
2019-11-08 14:37:26,677 [IPC Server listener on 33428] INFO  ipc.Server (Server.java:run(1185)) - Stopping IPC Server listener on 33428
2019-11-08 14:37:26,682 [IPC Server Responder] INFO  ipc.Server (Server.java:run(1319)) - Stopping IPC Server Responder
2019-11-08 14:37:26,691 [main] INFO  impl.RaftServerProxy (RaftServerProxy.java:lambda$close$4(314)) - 28c51103-6801-44d9-a8d6-169ea14be1a9: close
2019-11-08 14:37:26,691 [main] INFO  impl.RaftServerImpl (RaftServerImpl.java:lambda$shutdown$3(250)) - 28c51103-6801-44d9-a8d6-169ea14be1a9@group-C5BA1605619E: shutdown
2019-11-08 14:37:26,692 [main] INFO  util.JmxRegister (JmxRegister.java:unregister(73)) - Successfully un-registered JMX Bean with object name Ratis:service=RaftServer,group=group-C5BA1605619E,id=28c51103-6801-44d9-a8d6-169ea14be1a9
2019-11-08 14:37:26,693 [main] INFO  impl.RoleInfo (RoleInfo.java:shutdownLeaderState(104)) - 28c51103-6801-44d9-a8d6-169ea14be1a9: shutdown LeaderState
2019-11-08 14:37:26,693 [main] INFO  impl.PendingRequests (PendingRequests.java:sendNotLeaderResponses(206)) - 28c51103-6801-44d9-a8d6-169ea14be1a9@group-C5BA1605619E-PendingRequests: sendNotLeaderResponses
2019-11-08 14:37:26,698 [main] INFO  impl.StateMachineUpdater (StateMachineUpdater.java:stopAndJoin(136)) - 28c51103-6801-44d9-a8d6-169ea14be1a9@group-C5BA1605619E-StateMachineUpdater: set stopIndex = 8
2019-11-08 14:37:26,698 [28c51103-6801-44d9-a8d6-169ea14be1a9@group-C5BA1605619E-StateMachineUpdater] INFO  ratis.OzoneManagerStateMachine (OzoneManagerStateMachine.java:takeSnapshot(254)) - Saving Ratis snapshot on the OM.
2019-11-08 14:37:26,704 [28c51103-6801-44d9-a8d6-169ea14be1a9@group-C5BA1605619E-StateMachineUpdater] INFO  ratis.OMRatisSnapshotInfo (OMRatisSnapshotInfo.java:saveRatisSnapshotToDisk(107)) - Saved Ratis Snapshot on the OM with snapshotIndex 7
2019-11-08 14:37:26,706 [28c51103-6801-44d9-a8d6-169ea14be1a9@group-C5BA1605619E-StateMachineUpdater] INFO  impl.StateMachineUpdater (StateMachineUpdater.java:takeSnapshot(269)) - 28c51103-6801-44d9-a8d6-169ea14be1a9@group-C5BA1605619E-StateMachineUpdater: Took a snapshot at index 7
2019-11-08 14:37:26,706 [28c51103-6801-44d9-a8d6-169ea14be1a9@group-C5BA1605619E-StateMachineUpdater] INFO  impl.StateMachineUpdater (StateMachineUpdater.java:lambda$new$0(84)) - 28c51103-6801-44d9-a8d6-169ea14be1a9@group-C5BA1605619E-StateMachineUpdater: snapshotIndex: updateIncreasingly -1 -> 7
2019-11-08 14:37:26,706 [28c51103-6801-44d9-a8d6-169ea14be1a9@group-C5BA1605619E-StateMachineUpdater] INFO  ratis.OzoneManagerStateMachine (OzoneManagerStateMachine.java:takeSnapshot(254)) - Saving Ratis snapshot on the OM.
2019-11-08 14:37:26,707 [28c51103-6801-44d9-a8d6-169ea14be1a9@group-C5BA1605619E-StateMachineUpdater] INFO  ratis.OMRatisSnapshotInfo (OMRatisSnapshotInfo.java:saveRatisSnapshotToDisk(107)) - Saved Ratis Snapshot on the OM with snapshotIndex 7
2019-11-08 14:37:26,707 [28c51103-6801-44d9-a8d6-169ea14be1a9@group-C5BA1605619E-StateMachineUpdater] INFO  impl.StateMachineUpdater (StateMachineUpdater.java:takeSnapshot(269)) - 28c51103-6801-44d9-a8d6-169ea14be1a9@group-C5BA1605619E-StateMachineUpdater: Took a snapshot at index 7
2019-11-08 14:37:26,707 [28c51103-6801-44d9-a8d6-169ea14be1a9@group-C5BA1605619E-StateMachineUpdater] INFO  impl.StateMachineUpdater (StateMachineUpdater.java:lambda$new$0(84)) - 28c51103-6801-44d9-a8d6-169ea14be1a9@group-C5BA1605619E-StateMachineUpdater: snapshotIndex: updateIncreasingly 7 -> 7
2019-11-08 14:37:26,707 [main] INFO  impl.RaftServerImpl (ServerState.java:close(387)) - 28c51103-6801-44d9-a8d6-169ea14be1a9@group-C5BA1605619E: closes. applyIndex: 8
2019-11-08 14:37:26,708 [28c51103-6801-44d9-a8d6-169ea14be1a9@group-C5BA1605619E-SegmentedRaftLogWorker] INFO  segmented.SegmentedRaftLogWorker (SegmentedRaftLogWorker.java:run(316)) - 28c51103-6801-44d9-a8d6-169ea14be1a9@group-C5BA1605619E-SegmentedRaftLogWorker was interrupted, exiting. There are 0 tasks remaining in the queue.
2019-11-08 14:37:26,709 [main] INFO  segmented.SegmentedRaftLogWorker (SegmentedRaftLogWorker.java:close(224)) - 28c51103-6801-44d9-a8d6-169ea14be1a9@group-C5BA1605619E-SegmentedRaftLogWorker close()
2019-11-08 14:37:26,710 [main] INFO  server.GrpcService (GrpcService.java:closeImpl(164)) - 28c51103-6801-44d9-a8d6-169ea14be1a9: shutdown server with port 9872 now
2019-11-08 14:37:26,711 [main] INFO  server.GrpcService (GrpcService.java:closeImpl(172)) - 28c51103-6801-44d9-a8d6-169ea14be1a9: shutdown server with port 9872 successfully
2019-11-08 14:37:26,711 [main] INFO  ratis.OzoneManagerDoubleBuffer (OzoneManagerDoubleBuffer.java:stop(261)) - Stopping OMDoubleBuffer flush thread
2019-11-08 14:37:26,711 [OMDoubleBufferFlushThread] INFO  ratis.OzoneManagerDoubleBuffer (OzoneManagerDoubleBuffer.java:flushTransactions(199)) - OMDoubleBuffer flush thread OMDoubleBufferFlushThread is interrupted and will exit. OMDoubleBufferFlushThread
2019-11-08 14:37:26,713 [main] INFO  utils.BackgroundService (BackgroundService.java:shutdown(151)) - Shutting down service KeyDeletingService
2019-11-08 14:37:26,715 [main] INFO  handler.ContextHandler (ContextHandler.java:doStop(910)) - Stopped o.e.j.w.WebAppContext@42c28305{/,null,UNAVAILABLE}{/ozoneManager}
2019-11-08 14:37:26,716 [main] INFO  server.AbstractConnector (AbstractConnector.java:doStop(318)) - Stopped ServerConnector@2184b4f4{HTTP/1.1,[http/1.1]}{0.0.0.0:0}
2019-11-08 14:37:26,716 [main] INFO  handler.ContextHandler (ContextHandler.java:doStop(910)) - Stopped o.e.j.s.ServletContextHandler@5ff2b8ca{/static,file:///workdir/hadoop-ozone/integration-test/target/test-classes/webapps/static,UNAVAILABLE}
2019-11-08 14:37:26,717 [main] INFO  handler.ContextHandler (ContextHandler.java:doStop(910)) - Stopped o.e.j.s.ServletContextHandler@6c42f2a1{/logs,file:///workdir/hadoop-ozone/integration-test/target/log,UNAVAILABLE}
2019-11-08 14:37:26,723 [main] INFO  ozone.MiniOzoneClusterImpl (MiniOzoneClusterImpl.java:stopDatanodes(377)) - Stopping the HddsDatanodes
2019-11-08 14:37:27,283 [Datanode State Machine Thread - 0] INFO  statemachine.DatanodeStateMachine (DatanodeStateMachine.java:lambda$startDaemon$0(350)) - Ozone container server started.
2019-11-08 14:37:27,625 [Datanode State Machine Thread - 0] INFO  statemachine.DatanodeStateMachine (DatanodeStateMachine.java:lambda$startDaemon$0(350)) - Ozone container server started.
2019-11-08 14:37:27,737 [grpc-default-executor-3] WARN  server.GrpcLogAppender (LogUtils.java:warn(134)) - 03fa6bf2-5e8d-4fe9-8f2b-bd81bbf2c134@group-EE4BEC78DEDB->bc1b5d93-f3a8-4a29-93bf-fea7f0515f10-AppendLogResponseHandler: Failed appendEntries: org.apache.ratis.thirdparty.io.grpc.StatusRuntimeException: UNAVAILABLE: io exception
2019-11-08 14:37:27,739 [grpc-default-executor-3] INFO  impl.FollowerInfo (FollowerInfo.java:lambda$new$0(51)) - 03fa6bf2-5e8d-4fe9-8f2b-bd81bbf2c134@group-EE4BEC78DEDB->bc1b5d93-f3a8-4a29-93bf-fea7f0515f10: nextIndex: updateUnconditionally 0 -> 0
2019-11-08 14:37:30,243 [grpc-default-executor-3] WARN  server.GrpcLogAppender (LogUtils.java:warn(134)) - 03fa6bf2-5e8d-4fe9-8f2b-bd81bbf2c134@group-EE4BEC78DEDB->bc1b5d93-f3a8-4a29-93bf-fea7f0515f10-AppendLogResponseHandler: Failed appendEntries: org.apache.ratis.thirdparty.io.grpc.StatusRuntimeException: UNAVAILABLE: io exception
2019-11-08 14:37:30,246 [grpc-default-executor-3] INFO  impl.FollowerInfo (FollowerInfo.java:lambda$new$0(51)) - 03fa6bf2-5e8d-4fe9-8f2b-bd81bbf2c134@group-EE4BEC78DEDB->bc1b5d93-f3a8-4a29-93bf-fea7f0515f10: nextIndex: updateUnconditionally 0 -> 0
2019-11-08 14:37:31,726 [ForkJoinPool.commonPool-worker-0] INFO  ozoneimpl.OzoneContainer (OzoneContainer.java:stop(244)) - Attempting to stop container services.
2019-11-08 14:37:31,726 [main] INFO  ozoneimpl.OzoneContainer (OzoneContainer.java:stop(244)) - Attempting to stop container services.
2019-11-08 14:37:31,726 [ForkJoinPool.commonPool-worker-0] INFO  impl.RaftServerProxy (RaftServerProxy.java:lambda$close$4(314)) - 1c9196d7-26f1-44ae-a12b-13f4355dd0c1: close
2019-11-08 14:37:31,727 [ForkJoinPool.commonPool-worker-0] INFO  impl.RaftServerImpl (RaftServerImpl.java:lambda$shutdown$3(250)) - 1c9196d7-26f1-44ae-a12b-13f4355dd0c1@group-CFE23055E784: shutdown
2019-11-08 14:37:31,727 [main] INFO  impl.RaftServerProxy (RaftServerProxy.java:lambda$close$4(314)) - 0d8fc9ca-b055-4034-862b-c0c94a4c6b5d: close
2019-11-08 14:37:31,727 [ForkJoinPool.commonPool-worker-0] INFO  util.JmxRegister (JmxRegister.java:unregister(73)) - Successfully un-registered JMX Bean with object name Ratis:service=RaftServer,group=group-CFE23055E784,id=1c9196d7-26f1-44ae-a12b-13f4355dd0c1
2019-11-08 14:37:31,728 [main] INFO  impl.RaftServerImpl (RaftServerImpl.java:lambda$shutdown$3(250)) - 0d8fc9ca-b055-4034-862b-c0c94a4c6b5d@group-EE4BEC78DEDB: shutdown
2019-11-08 14:37:31,728 [ForkJoinPool.commonPool-worker-0] INFO  impl.RoleInfo (RoleInfo.java:shutdownLeaderState(104)) - 1c9196d7-26f1-44ae-a12b-13f4355dd0c1: shutdown LeaderState
2019-11-08 14:37:31,728 [main] INFO  util.JmxRegister (JmxRegister.java:unregister(73)) - Successfully un-registered JMX Bean with object name Ratis:service=RaftServer,group=group-EE4BEC78DEDB,id=0d8fc9ca-b055-4034-862b-c0c94a4c6b5d
2019-11-08 14:37:31,728 [ForkJoinPool.commonPool-worker-0] INFO  impl.PendingRequests (PendingRequests.java:sendNotLeaderResponses(206)) - 1c9196d7-26f1-44ae-a12b-13f4355dd0c1@group-CFE23055E784-PendingRequests: sendNotLeaderResponses
2019-11-08 14:37:31,728 [main] INFO  impl.RoleInfo (RoleInfo.java:shutdownFollowerState(121)) - 0d8fc9ca-b055-4034-862b-c0c94a4c6b5d: shutdown FollowerState
2019-11-08 14:37:31,729 [ForkJoinPool.commonPool-worker-0] INFO  impl.StateMachineUpdater (StateMachineUpdater.java:stopAndJoin(136)) - 1c9196d7-26f1-44ae-a12b-13f4355dd0c1@group-CFE23055E784-StateMachineUpdater: set stopIndex = 0
2019-11-08 14:37:31,729 [Thread-329] INFO  impl.FollowerState (FollowerState.java:run(120)) - 0d8fc9ca-b055-4034-862b-c0c94a4c6b5d@group-EE4BEC78DEDB-FollowerState was interrupted: java.lang.InterruptedException: sleep interrupted
2019-11-08 14:37:31,729 [main] INFO  impl.StateMachineUpdater (StateMachineUpdater.java:stopAndJoin(136)) - 0d8fc9ca-b055-4034-862b-c0c94a4c6b5d@group-EE4BEC78DEDB-StateMachineUpdater: set stopIndex = 6
2019-11-08 14:37:31,733 [ForkJoinPool.commonPool-worker-0] INFO  impl.RaftServerImpl (ServerState.java:close(387)) - 1c9196d7-26f1-44ae-a12b-13f4355dd0c1@group-CFE23055E784: closes. applyIndex: 0
2019-11-08 14:37:31,733 [0d8fc9ca-b055-4034-862b-c0c94a4c6b5d@group-EE4BEC78DEDB-StateMachineUpdater] INFO  ratis.ContainerStateMachine (ContainerStateMachine.java:takeSnapshot(283)) - group-EE4BEC78DEDB: Taking a snapshot at:(t:5, i:5) file /workdir/hadoop-ozone/integration-test/target/test-dir/MiniOzoneClusterImpl-31815b3f-f013-4d0f-ba9b-748432fd68af/datanode-2/data/ratis/818aa614-a326-4ca9-819d-ee4bec78dedb/sm/snapshot.5_5
2019-11-08 14:37:31,733 [1c9196d7-26f1-44ae-a12b-13f4355dd0c1@group-CFE23055E784-SegmentedRaftLogWorker] INFO  segmented.SegmentedRaftLogWorker (SegmentedRaftLogWorker.java:run(316)) - 1c9196d7-26f1-44ae-a12b-13f4355dd0c1@group-CFE23055E784-SegmentedRaftLogWorker was interrupted, exiting. There are 0 tasks remaining in the queue.
2019-11-08 14:37:31,734 [ForkJoinPool.commonPool-worker-0] INFO  segmented.SegmentedRaftLogWorker (SegmentedRaftLogWorker.java:close(224)) - 1c9196d7-26f1-44ae-a12b-13f4355dd0c1@group-CFE23055E784-SegmentedRaftLogWorker close()
2019-11-08 14:37:31,738 [ForkJoinPool.commonPool-worker-0] INFO  server.GrpcService (GrpcService.java:closeImpl(164)) - 1c9196d7-26f1-44ae-a12b-13f4355dd0c1: shutdown server with port 41036 now
2019-11-08 14:37:31,739 [ForkJoinPool.commonPool-worker-0] INFO  server.GrpcService (GrpcService.java:closeImpl(172)) - 1c9196d7-26f1-44ae-a12b-13f4355dd0c1: shutdown server with port 41036 successfully
2019-11-08 14:37:31,751 [refreshUsed-/workdir/hadoop-ozone/integration-test/target/test-dir/MiniOzoneClusterImpl-31815b3f-f013-4d0f-ba9b-748432fd68af/datanode-0/data/containers] WARN  fs.CachingGetSpaceUsed (CachingGetSpaceUsed.java:run(183)) - Thread Interrupted waiting to refresh disk information: sleep interrupted
2019-11-08 14:37:31,755 [0d8fc9ca-b055-4034-862b-c0c94a4c6b5d@group-EE4BEC78DEDB-StateMachineUpdater] INFO  ratis.ContainerStateMachine (ContainerStateMachine.java:takeSnapshot(294)) - group-EE4BEC78DEDB: Finished taking a snapshot at:(t:5, i:5) file:/workdir/hadoop-ozone/integration-test/target/test-dir/MiniOzoneClusterImpl-31815b3f-f013-4d0f-ba9b-748432fd68af/datanode-2/data/ratis/818aa614-a326-4ca9-819d-ee4bec78dedb/sm/snapshot.5_5 time:26
2019-11-08 14:37:31,755 [0d8fc9ca-b055-4034-862b-c0c94a4c6b5d@group-EE4BEC78DEDB-StateMachineUpdater] INFO  impl.StateMachineUpdater (StateMachineUpdater.java:takeSnapshot(269)) - 0d8fc9ca-b055-4034-862b-c0c94a4c6b5d@group-EE4BEC78DEDB-StateMachineUpdater: Took a snapshot at index 5
2019-11-08 14:37:31,756 [0d8fc9ca-b055-4034-862b-c0c94a4c6b5d@group-EE4BEC78DEDB-StateMachineUpdater] INFO  impl.StateMachineUpdater (StateMachineUpdater.java:lambda$new$0(84)) - 0d8fc9ca-b055-4034-862b-c0c94a4c6b5d@group-EE4BEC78DEDB-StateMachineUpdater: snapshotIndex: updateIncreasingly -1 -> 5
2019-11-08 14:37:31,756 [0d8fc9ca-b055-4034-862b-c0c94a4c6b5d@group-EE4BEC78DEDB-StateMachineUpdater] INFO  ratis.ContainerStateMachine (ContainerStateMachine.java:takeSnapshot(283)) - group-EE4BEC78DEDB: Taking a snapshot at:(t:5, i:5) file /workdir/hadoop-ozone/integration-test/target/test-dir/MiniOzoneClusterImpl-31815b3f-f013-4d0f-ba9b-748432fd68af/datanode-2/data/ratis/818aa614-a326-4ca9-819d-ee4bec78dedb/sm/snapshot.5_5
2019-11-08 14:37:31,772 [0d8fc9ca-b055-4034-862b-c0c94a4c6b5d@group-EE4BEC78DEDB-StateMachineUpdater] INFO  ratis.ContainerStateMachine (ContainerStateMachine.java:takeSnapshot(294)) - group-EE4BEC78DEDB: Finished taking a snapshot at:(t:5, i:5) file:/workdir/hadoop-ozone/integration-test/target/test-dir/MiniOzoneClusterImpl-31815b3f-f013-4d0f-ba9b-748432fd68af/datanode-2/data/ratis/818aa614-a326-4ca9-819d-ee4bec78dedb/sm/snapshot.5_5 time:16
2019-11-08 14:37:31,773 [0d8fc9ca-b055-4034-862b-c0c94a4c6b5d@group-EE4BEC78DEDB-StateMachineUpdater] INFO  impl.StateMachineUpdater (StateMachineUpdater.java:takeSnapshot(269)) - 0d8fc9ca-b055-4034-862b-c0c94a4c6b5d@group-EE4BEC78DEDB-StateMachineUpdater: Took a snapshot at index 5
2019-11-08 14:37:31,773 [0d8fc9ca-b055-4034-862b-c0c94a4c6b5d@group-EE4BEC78DEDB-StateMachineUpdater] INFO  impl.StateMachineUpdater (StateMachineUpdater.java:lambda$new$0(84)) - 0d8fc9ca-b055-4034-862b-c0c94a4c6b5d@group-EE4BEC78DEDB-StateMachineUpdater: snapshotIndex: updateIncreasingly 5 -> 5
2019-11-08 14:37:31,773 [main] INFO  impl.RaftServerImpl (ServerState.java:close(387)) - 0d8fc9ca-b055-4034-862b-c0c94a4c6b5d@group-EE4BEC78DEDB: closes. applyIndex: 6
2019-11-08 14:37:31,774 [0d8fc9ca-b055-4034-862b-c0c94a4c6b5d@group-EE4BEC78DEDB-SegmentedRaftLogWorker] INFO  segmented.SegmentedRaftLogWorker (SegmentedRaftLogWorker.java:run(316)) - 0d8fc9ca-b055-4034-862b-c0c94a4c6b5d@group-EE4BEC78DEDB-SegmentedRaftLogWorker was interrupted, exiting. There are 0 tasks remaining in the queue.
2019-11-08 14:37:31,775 [main] INFO  segmented.SegmentedRaftLogWorker (SegmentedRaftLogWorker.java:close(224)) - 0d8fc9ca-b055-4034-862b-c0c94a4c6b5d@group-EE4BEC78DEDB-SegmentedRaftLogWorker close()
2019-11-08 14:37:31,775 [ForkJoinPool.commonPool-worker-0] INFO  utils.BackgroundService (BackgroundService.java:shutdown(151)) - Shutting down service BlockDeletingService
2019-11-08 14:37:31,777 [main] INFO  impl.RaftServerImpl (RaftServerImpl.java:lambda$shutdown$3(250)) - 0d8fc9ca-b055-4034-862b-c0c94a4c6b5d@group-26AB0C4822FC: shutdown
2019-11-08 14:37:31,777 [main] INFO  util.JmxRegister (JmxRegister.java:unregister(73)) - Successfully un-registered JMX Bean with object name Ratis:service=RaftServer,group=group-26AB0C4822FC,id=0d8fc9ca-b055-4034-862b-c0c94a4c6b5d
2019-11-08 14:37:31,778 [main] INFO  impl.RoleInfo (RoleInfo.java:shutdownLeaderState(104)) - 0d8fc9ca-b055-4034-862b-c0c94a4c6b5d: shutdown LeaderState
2019-11-08 14:37:31,779 [main] INFO  impl.PendingRequests (PendingRequests.java:sendNotLeaderResponses(206)) - 0d8fc9ca-b055-4034-862b-c0c94a4c6b5d@group-26AB0C4822FC-PendingRequests: sendNotLeaderResponses
2019-11-08 14:37:31,781 [main] INFO  impl.StateMachineUpdater (StateMachineUpdater.java:stopAndJoin(136)) - 0d8fc9ca-b055-4034-862b-c0c94a4c6b5d@group-26AB0C4822FC-StateMachineUpdater: set stopIndex = 0
2019-11-08 14:37:31,781 [ForkJoinPool.commonPool-worker-0] INFO  statemachine.DatanodeStateMachine (DatanodeStateMachine.java:stopDaemon(395)) - Ozone container server stopped.
2019-11-08 14:37:31,781 [main] INFO  impl.RaftServerImpl (ServerState.java:close(387)) - 0d8fc9ca-b055-4034-862b-c0c94a4c6b5d@group-26AB0C4822FC: closes. applyIndex: 0
2019-11-08 14:37:31,783 [0d8fc9ca-b055-4034-862b-c0c94a4c6b5d@group-26AB0C4822FC-SegmentedRaftLogWorker] INFO  segmented.SegmentedRaftLogWorker (SegmentedRaftLogWorker.java:run(316)) - 0d8fc9ca-b055-4034-862b-c0c94a4c6b5d@group-26AB0C4822FC-SegmentedRaftLogWorker was interrupted, exiting. There are 0 tasks remaining in the queue.
2019-11-08 14:37:31,789 [main] INFO  segmented.SegmentedRaftLogWorker (SegmentedRaftLogWorker.java:close(224)) - 0d8fc9ca-b055-4034-862b-c0c94a4c6b5d@group-26AB0C4822FC-SegmentedRaftLogWorker close()
2019-11-08 14:37:31,790 [main] INFO  server.GrpcService (GrpcService.java:closeImpl(164)) - 0d8fc9ca-b055-4034-862b-c0c94a4c6b5d: shutdown server with port 40941 now
2019-11-08 14:37:31,791 [ForkJoinPool.commonPool-worker-0] INFO  handler.ContextHandler (ContextHandler.java:doStop(910)) - Stopped o.e.j.w.WebAppContext@64db4967{/,null,UNAVAILABLE}{/hddsDatanode}
2019-11-08 14:37:31,792 [ForkJoinPool.commonPool-worker-0] INFO  server.AbstractConnector (AbstractConnector.java:doStop(318)) - Stopped ServerConnector@74e6094b{HTTP/1.1,[http/1.1]}{0.0.0.0:0}
2019-11-08 14:37:31,793 [ForkJoinPool.commonPool-worker-0] INFO  handler.ContextHandler (ContextHandler.java:doStop(910)) - Stopped o.e.j.s.ServletContextHandler@3b920bdc{/static,jar:file:/home/user/.m2/repository/org/apache/hadoop/hadoop-hdds-container-service/0.5.0-SNAPSHOT/hadoop-hdds-container-service-0.5.0-SNAPSHOT.jar!/webapps/static,UNAVAILABLE}
2019-11-08 14:37:31,794 [ForkJoinPool.commonPool-worker-0] INFO  handler.ContextHandler (ContextHandler.java:doStop(910)) - Stopped o.e.j.s.ServletContextHandler@1a22e0ef{/logs,file:///workdir/hadoop-ozone/integration-test/target/log,UNAVAILABLE}
2019-11-08 14:37:31,794 [main] INFO  server.GrpcService (GrpcService.java:closeImpl(172)) - 0d8fc9ca-b055-4034-862b-c0c94a4c6b5d: shutdown server with port 40941 successfully
2019-11-08 14:37:31,794 [grpc-default-executor-5] WARN  server.GrpcServerProtocolService (LogUtils.java:warn(134)) - 0d8fc9ca-b055-4034-862b-c0c94a4c6b5d: installSnapshot onError, lastRequest: 03fa6bf2-5e8d-4fe9-8f2b-bd81bbf2c134->0d8fc9ca-b055-4034-862b-c0c94a4c6b5d#21-t5, previous=(t:5, i:6), leaderCommit=6, initializing? false, entries: <empty>: org.apache.ratis.thirdparty.io.grpc.StatusRuntimeException: CANCELLED: cancelled before receiving half close
2019-11-08 14:37:31,794 [grpc-default-executor-4] WARN  server.GrpcLogAppender (LogUtils.java:warn(134)) - 03fa6bf2-5e8d-4fe9-8f2b-bd81bbf2c134@group-EE4BEC78DEDB->0d8fc9ca-b055-4034-862b-c0c94a4c6b5d-AppendLogResponseHandler: Failed appendEntries: org.apache.ratis.thirdparty.io.grpc.StatusRuntimeException: CANCELLED: HTTP/2 error code: CANCEL
Received Rst Stream
2019-11-08 14:37:31,796 [grpc-default-executor-4] INFO  impl.FollowerInfo (FollowerInfo.java:lambda$new$0(51)) - 03fa6bf2-5e8d-4fe9-8f2b-bd81bbf2c134@group-EE4BEC78DEDB->0d8fc9ca-b055-4034-862b-c0c94a4c6b5d: nextIndex: updateUnconditionally 7 -> 6
2019-11-08 14:37:31,797 [refreshUsed-/workdir/hadoop-ozone/integration-test/target/test-dir/MiniOzoneClusterImpl-31815b3f-f013-4d0f-ba9b-748432fd68af/datanode-2/data/containers] WARN  fs.CachingGetSpaceUsed (CachingGetSpaceUsed.java:run(183)) - Thread Interrupted waiting to refresh disk information: sleep interrupted
2019-11-08 14:37:31,822 [main] INFO  utils.BackgroundService (BackgroundService.java:shutdown(151)) - Shutting down service BlockDeletingService
2019-11-08 14:37:31,825 [main] INFO  statemachine.DatanodeStateMachine (DatanodeStateMachine.java:stopDaemon(395)) - Ozone container server stopped.
2019-11-08 14:37:31,826 [main] INFO  handler.ContextHandler (ContextHandler.java:doStop(910)) - Stopped o.e.j.w.WebAppContext@512575e9{/,null,UNAVAILABLE}{/hddsDatanode}
2019-11-08 14:37:31,829 [main] INFO  server.AbstractConnector (AbstractConnector.java:doStop(318)) - Stopped ServerConnector@6f1a16fe{HTTP/1.1,[http/1.1]}{0.0.0.0:0}
2019-11-08 14:37:31,829 [main] INFO  handler.ContextHandler (ContextHandler.java:doStop(910)) - Stopped o.e.j.s.ServletContextHandler@6d11ceef{/static,jar:file:/home/user/.m2/repository/org/apache/hadoop/hadoop-hdds-container-service/0.5.0-SNAPSHOT/hadoop-hdds-container-service-0.5.0-SNAPSHOT.jar!/webapps/static,UNAVAILABLE}
2019-11-08 14:37:31,832 [main] INFO  handler.ContextHandler (ContextHandler.java:doStop(910)) - Stopped o.e.j.s.ServletContextHandler@4b74b35{/logs,file:///workdir/hadoop-ozone/integration-test/target/log,UNAVAILABLE}
2019-11-08 14:37:32,281 [Datanode State Machine Thread - 0] INFO  statemachine.DatanodeStateMachine (DatanodeStateMachine.java:lambda$startDaemon$0(350)) - Ozone container server started.
2019-11-08 14:37:32,742 [grpc-default-executor-3] WARN  server.GrpcLogAppender (LogUtils.java:warn(134)) - 03fa6bf2-5e8d-4fe9-8f2b-bd81bbf2c134@group-EE4BEC78DEDB->bc1b5d93-f3a8-4a29-93bf-fea7f0515f10-AppendLogResponseHandler: Failed appendEntries: org.apache.ratis.thirdparty.io.grpc.StatusRuntimeException: UNAVAILABLE: io exception
2019-11-08 14:37:32,743 [grpc-default-executor-3] INFO  impl.FollowerInfo (FollowerInfo.java:lambda$new$0(51)) - 03fa6bf2-5e8d-4fe9-8f2b-bd81bbf2c134@group-EE4BEC78DEDB->bc1b5d93-f3a8-4a29-93bf-fea7f0515f10: nextIndex: updateUnconditionally 0 -> 0
2019-11-08 14:37:32,777 [grpc-default-executor-4] WARN  server.GrpcLogAppender (LogUtils.java:warn(134)) - 03fa6bf2-5e8d-4fe9-8f2b-bd81bbf2c134@group-EE4BEC78DEDB->0d8fc9ca-b055-4034-862b-c0c94a4c6b5d-AppendLogResponseHandler: Failed appendEntries: org.apache.ratis.thirdparty.io.grpc.StatusRuntimeException: UNAVAILABLE: io exception
2019-11-08 14:37:32,778 [grpc-default-executor-4] INFO  impl.FollowerInfo (FollowerInfo.java:lambda$new$0(51)) - 03fa6bf2-5e8d-4fe9-8f2b-bd81bbf2c134@group-EE4BEC78DEDB->0d8fc9ca-b055-4034-862b-c0c94a4c6b5d: nextIndex: updateUnconditionally 6 -> 5
2019-11-08 14:37:35,244 [grpc-default-executor-4] WARN  server.GrpcLogAppender (LogUtils.java:warn(134)) - 03fa6bf2-5e8d-4fe9-8f2b-bd81bbf2c134@group-EE4BEC78DEDB->bc1b5d93-f3a8-4a29-93bf-fea7f0515f10-AppendLogResponseHandler: Failed appendEntries: org.apache.ratis.thirdparty.io.grpc.StatusRuntimeException: UNAVAILABLE: io exception
2019-11-08 14:37:35,246 [grpc-default-executor-4] INFO  impl.FollowerInfo (FollowerInfo.java:lambda$new$0(51)) - 03fa6bf2-5e8d-4fe9-8f2b-bd81bbf2c134@group-EE4BEC78DEDB->bc1b5d93-f3a8-4a29-93bf-fea7f0515f10: nextIndex: updateUnconditionally 0 -> 0
2019-11-08 14:37:35,278 [grpc-default-executor-5] WARN  server.GrpcLogAppender (LogUtils.java:warn(134)) - 03fa6bf2-5e8d-4fe9-8f2b-bd81bbf2c134@group-EE4BEC78DEDB->0d8fc9ca-b055-4034-862b-c0c94a4c6b5d-AppendLogResponseHandler: Failed appendEntries: org.apache.ratis.thirdparty.io.grpc.StatusRuntimeException: UNAVAILABLE: io exception
2019-11-08 14:37:35,279 [grpc-default-executor-5] INFO  impl.FollowerInfo (FollowerInfo.java:lambda$new$0(51)) - 03fa6bf2-5e8d-4fe9-8f2b-bd81bbf2c134@group-EE4BEC78DEDB->0d8fc9ca-b055-4034-862b-c0c94a4c6b5d: nextIndex: updateUnconditionally 5 -> 4
2019-11-08 14:37:36,805 [ForkJoinPool.commonPool-worker-0] INFO  ozoneimpl.OzoneContainer (OzoneContainer.java:stop(244)) - Attempting to stop container services.
2019-11-08 14:37:36,806 [ForkJoinPool.commonPool-worker-0] INFO  impl.RaftServerProxy (RaftServerProxy.java:lambda$close$4(314)) - 03fa6bf2-5e8d-4fe9-8f2b-bd81bbf2c134: close
2019-11-08 14:37:36,807 [ForkJoinPool.commonPool-worker-0] INFO  impl.RaftServerImpl (RaftServerImpl.java:lambda$shutdown$3(250)) - 03fa6bf2-5e8d-4fe9-8f2b-bd81bbf2c134@group-EE4BEC78DEDB: shutdown
2019-11-08 14:37:36,807 [ForkJoinPool.commonPool-worker-0] INFO  util.JmxRegister (JmxRegister.java:unregister(73)) - Successfully un-registered JMX Bean with object name Ratis:service=RaftServer,group=group-EE4BEC78DEDB,id=03fa6bf2-5e8d-4fe9-8f2b-bd81bbf2c134
2019-11-08 14:37:36,808 [ForkJoinPool.commonPool-worker-0] INFO  impl.RoleInfo (RoleInfo.java:shutdownLeaderState(104)) - 03fa6bf2-5e8d-4fe9-8f2b-bd81bbf2c134: shutdown LeaderState
2019-11-08 14:37:36,811 [ForkJoinPool.commonPool-worker-0] INFO  impl.PendingRequests (PendingRequests.java:sendNotLeaderResponses(206)) - 03fa6bf2-5e8d-4fe9-8f2b-bd81bbf2c134@group-EE4BEC78DEDB-PendingRequests: sendNotLeaderResponses
2019-11-08 14:37:36,811 [org.apache.ratis.server.impl.LogAppender$AppenderDaemon$$Lambda$571/1190968402@1eb2a67b] WARN  server.GrpcLogAppender (GrpcLogAppender.java:mayWait(151)) - 03fa6bf2-5e8d-4fe9-8f2b-bd81bbf2c134@group-EE4BEC78DEDB->bc1b5d93-f3a8-4a29-93bf-fea7f0515f10-GrpcLogAppender: Wait interrupted by java.lang.InterruptedException
2019-11-08 14:37:36,811 [org.apache.ratis.server.impl.LogAppender$AppenderDaemon$$Lambda$571/1190968402@5bb02bc9] WARN  server.GrpcLogAppender (GrpcLogAppender.java:mayWait(151)) - 03fa6bf2-5e8d-4fe9-8f2b-bd81bbf2c134@group-EE4BEC78DEDB->0d8fc9ca-b055-4034-862b-c0c94a4c6b5d-GrpcLogAppender: Wait interrupted by java.lang.InterruptedException
2019-11-08 14:37:36,818 [ForkJoinPool.commonPool-worker-0] INFO  impl.StateMachineUpdater (StateMachineUpdater.java:stopAndJoin(136)) - 03fa6bf2-5e8d-4fe9-8f2b-bd81bbf2c134@group-EE4BEC78DEDB-StateMachineUpdater: set stopIndex = 6
2019-11-08 14:37:36,818 [03fa6bf2-5e8d-4fe9-8f2b-bd81bbf2c134@group-EE4BEC78DEDB-StateMachineUpdater] INFO  ratis.ContainerStateMachine (ContainerStateMachine.java:takeSnapshot(283)) - group-EE4BEC78DEDB: Taking a snapshot at:(t:5, i:6) file /workdir/hadoop-ozone/integration-test/target/test-dir/MiniOzoneClusterImpl-31815b3f-f013-4d0f-ba9b-748432fd68af/datanode-3/data/ratis/818aa614-a326-4ca9-819d-ee4bec78dedb/sm/snapshot.5_6
2019-11-08 14:37:36,884 [03fa6bf2-5e8d-4fe9-8f2b-bd81bbf2c134@group-EE4BEC78DEDB-StateMachineUpdater] INFO  ratis.ContainerStateMachine (ContainerStateMachine.java:takeSnapshot(294)) - group-EE4BEC78DEDB: Finished taking a snapshot at:(t:5, i:6) file:/workdir/hadoop-ozone/integration-test/target/test-dir/MiniOzoneClusterImpl-31815b3f-f013-4d0f-ba9b-748432fd68af/datanode-3/data/ratis/818aa614-a326-4ca9-819d-ee4bec78dedb/sm/snapshot.5_6 time:66
2019-11-08 14:37:36,884 [03fa6bf2-5e8d-4fe9-8f2b-bd81bbf2c134@group-EE4BEC78DEDB-StateMachineUpdater] INFO  impl.StateMachineUpdater (StateMachineUpdater.java:takeSnapshot(269)) - 03fa6bf2-5e8d-4fe9-8f2b-bd81bbf2c134@group-EE4BEC78DEDB-StateMachineUpdater: Took a snapshot at index 6
2019-11-08 14:37:36,885 [03fa6bf2-5e8d-4fe9-8f2b-bd81bbf2c134@group-EE4BEC78DEDB-StateMachineUpdater] INFO  impl.StateMachineUpdater (StateMachineUpdater.java:lambda$new$0(84)) - 03fa6bf2-5e8d-4fe9-8f2b-bd81bbf2c134@group-EE4BEC78DEDB-StateMachineUpdater: snapshotIndex: updateIncreasingly -1 -> 6
2019-11-08 14:37:36,885 [ForkJoinPool.commonPool-worker-0] INFO  impl.RaftServerImpl (ServerState.java:close(387)) - 03fa6bf2-5e8d-4fe9-8f2b-bd81bbf2c134@group-EE4BEC78DEDB: closes. applyIndex: 6
2019-11-08 14:37:36,886 [03fa6bf2-5e8d-4fe9-8f2b-bd81bbf2c134@group-EE4BEC78DEDB-SegmentedRaftLogWorker] INFO  segmented.SegmentedRaftLogWorker (SegmentedRaftLogWorker.java:run(316)) - 03fa6bf2-5e8d-4fe9-8f2b-bd81bbf2c134@group-EE4BEC78DEDB-SegmentedRaftLogWorker was interrupted, exiting. There are 0 tasks remaining in the queue.
2019-11-08 14:37:36,893 [ForkJoinPool.commonPool-worker-0] INFO  segmented.SegmentedRaftLogWorker (SegmentedRaftLogWorker.java:close(224)) - 03fa6bf2-5e8d-4fe9-8f2b-bd81bbf2c134@group-EE4BEC78DEDB-SegmentedRaftLogWorker close()
2019-11-08 14:37:36,894 [ForkJoinPool.commonPool-worker-0] INFO  impl.RaftServerImpl (RaftServerImpl.java:lambda$shutdown$3(250)) - 03fa6bf2-5e8d-4fe9-8f2b-bd81bbf2c134@group-281A400E001E: shutdown
2019-11-08 14:37:36,894 [ForkJoinPool.commonPool-worker-0] INFO  util.JmxRegister (JmxRegister.java:unregister(73)) - Successfully un-registered JMX Bean with object name Ratis:service=RaftServer,group=group-281A400E001E,id=03fa6bf2-5e8d-4fe9-8f2b-bd81bbf2c134
2019-11-08 14:37:36,894 [ForkJoinPool.commonPool-worker-0] INFO  impl.RoleInfo (RoleInfo.java:shutdownLeaderState(104)) - 03fa6bf2-5e8d-4fe9-8f2b-bd81bbf2c134: shutdown LeaderState
2019-11-08 14:37:36,895 [ForkJoinPool.commonPool-worker-0] INFO  impl.PendingRequests (PendingRequests.java:sendNotLeaderResponses(206)) - 03fa6bf2-5e8d-4fe9-8f2b-bd81bbf2c134@group-281A400E001E-PendingRequests: sendNotLeaderResponses
2019-11-08 14:37:36,895 [ForkJoinPool.commonPool-worker-0] INFO  impl.StateMachineUpdater (StateMachineUpdater.java:stopAndJoin(136)) - 03fa6bf2-5e8d-4fe9-8f2b-bd81bbf2c134@group-281A400E001E-StateMachineUpdater: set stopIndex = 0
2019-11-08 14:37:36,896 [ForkJoinPool.commonPool-worker-0] INFO  impl.RaftServerImpl (ServerState.java:close(387)) - 03fa6bf2-5e8d-4fe9-8f2b-bd81bbf2c134@group-281A400E001E: closes. applyIndex: 0
2019-11-08 14:37:36,896 [03fa6bf2-5e8d-4fe9-8f2b-bd81bbf2c134@group-281A400E001E-SegmentedRaftLogWorker] INFO  segmented.SegmentedRaftLogWorker (SegmentedRaftLogWorker.java:run(316)) - 03fa6bf2-5e8d-4fe9-8f2b-bd81bbf2c134@group-281A400E001E-SegmentedRaftLogWorker was interrupted, exiting. There are 0 tasks remaining in the queue.
2019-11-08 14:37:36,897 [ForkJoinPool.commonPool-worker-0] INFO  segmented.SegmentedRaftLogWorker (SegmentedRaftLogWorker.java:close(224)) - 03fa6bf2-5e8d-4fe9-8f2b-bd81bbf2c134@group-281A400E001E-SegmentedRaftLogWorker close()
2019-11-08 14:37:36,898 [ForkJoinPool.commonPool-worker-0] INFO  server.GrpcService (GrpcService.java:closeImpl(164)) - 03fa6bf2-5e8d-4fe9-8f2b-bd81bbf2c134: shutdown server with port 33035 now
2019-11-08 14:37:36,899 [ForkJoinPool.commonPool-worker-0] INFO  server.GrpcService (GrpcService.java:closeImpl(172)) - 03fa6bf2-5e8d-4fe9-8f2b-bd81bbf2c134: shutdown server with port 33035 successfully
2019-11-08 14:37:36,910 [refreshUsed-/workdir/hadoop-ozone/integration-test/target/test-dir/MiniOzoneClusterImpl-31815b3f-f013-4d0f-ba9b-748432fd68af/datanode-3/data/containers] WARN  fs.CachingGetSpaceUsed (CachingGetSpaceUsed.java:run(183)) - Thread Interrupted waiting to refresh disk information: sleep interrupted
2019-11-08 14:37:36,926 [ForkJoinPool.commonPool-worker-0] INFO  utils.BackgroundService (BackgroundService.java:shutdown(151)) - Shutting down service BlockDeletingService
2019-11-08 14:37:36,928 [ForkJoinPool.commonPool-worker-0] INFO  statemachine.DatanodeStateMachine (DatanodeStateMachine.java:stopDaemon(395)) - Ozone container server stopped.
2019-11-08 14:37:36,931 [ForkJoinPool.commonPool-worker-0] INFO  handler.ContextHandler (ContextHandler.java:doStop(910)) - Stopped o.e.j.w.WebAppContext@80bfa9d{/,null,UNAVAILABLE}{/hddsDatanode}
2019-11-08 14:37:36,931 [ForkJoinPool.commonPool-worker-0] INFO  server.AbstractConnector (AbstractConnector.java:doStop(318)) - Stopped ServerConnector@47c40b56{HTTP/1.1,[http/1.1]}{0.0.0.0:0}
2019-11-08 14:37:36,932 [ForkJoinPool.commonPool-worker-0] INFO  handler.ContextHandler (ContextHandler.java:doStop(910)) - Stopped o.e.j.s.ServletContextHandler@3ad85136{/static,jar:file:/home/user/.m2/repository/org/apache/hadoop/hadoop-hdds-container-service/0.5.0-SNAPSHOT/hadoop-hdds-container-service-0.5.0-SNAPSHOT.jar!/webapps/static,UNAVAILABLE}
2019-11-08 14:37:36,933 [ForkJoinPool.commonPool-worker-0] INFO  handler.ContextHandler (ContextHandler.java:doStop(910)) - Stopped o.e.j.s.ServletContextHandler@7f93dd4e{/logs,file:///workdir/hadoop-ozone/integration-test/target/log,UNAVAILABLE}
2019-11-08 14:37:36,935 [main] INFO  ozone.MiniOzoneClusterImpl (MiniOzoneClusterImpl.java:stopSCM(392)) - Stopping the StorageContainerManager
2019-11-08 14:37:36,935 [main] INFO  server.StorageContainerManager (StorageContainerManager.java:stop(802)) - Stopping Replication Manager Service.
2019-11-08 14:37:36,935 [main] INFO  container.ReplicationManager (ReplicationManager.java:stop(203)) - Stopping Replication Monitor Thread.
2019-11-08 14:37:36,935 [main] INFO  server.StorageContainerManager (StorageContainerManager.java:stop(809)) - Stopping Lease Manager of the command watchers
2019-11-08 14:37:36,936 [main] INFO  server.StorageContainerManager (StorageContainerManager.java:stop(816)) - Stopping datanode service RPC server
2019-11-08 14:37:36,936 [main] INFO  server.SCMDatanodeProtocolServer (SCMDatanodeProtocolServer.java:stop(346)) - Stopping the RPC server for DataNodes
2019-11-08 14:37:36,936 [main] INFO  ipc.Server (Server.java:stop(3082)) - Stopping server on 41574
2019-11-08 14:37:36,937 [IPC Server listener on 41574] INFO  ipc.Server (Server.java:run(1185)) - Stopping IPC Server listener on 41574
2019-11-08 14:37:36,938 [IPC Server Responder] INFO  ipc.Server (Server.java:run(1319)) - Stopping IPC Server Responder
2019-11-08 14:37:36,960 [SCM Heartbeat Processing Thread - 0] WARN  node.NodeStateManager (NodeStateManager.java:scheduleNextHealthCheck(646)) - Current Thread is interrupted, shutting down HB processing thread for Node Manager.
2019-11-08 14:37:36,960 [main] INFO  server.StorageContainerManager (StorageContainerManager.java:stop(824)) - Stopping block service RPC server
2019-11-08 14:37:36,961 [main] INFO  server.SCMBlockProtocolServer (SCMBlockProtocolServer.java:stop(155)) - Stopping the RPC server for Block Protocol
2019-11-08 14:37:36,961 [main] INFO  ipc.Server (Server.java:stop(3082)) - Stopping server on 44195
2019-11-08 14:37:36,961 [IPC Server listener on 44195] INFO  ipc.Server (Server.java:run(1185)) - Stopping IPC Server listener on 44195
2019-11-08 14:37:36,961 [main] INFO  server.StorageContainerManager (StorageContainerManager.java:stop(831)) - Stopping the StorageContainerLocationProtocol RPC server
2019-11-08 14:37:36,962 [IPC Server Responder] INFO  ipc.Server (Server.java:run(1319)) - Stopping IPC Server Responder
2019-11-08 14:37:36,962 [main] INFO  server.SCMClientProtocolServer (SCMClientProtocolServer.java:stop(168)) - Stopping the RPC server for Client Protocol
2019-11-08 14:37:36,962 [main] INFO  ipc.Server (Server.java:stop(3082)) - Stopping server on 34380
2019-11-08 14:37:36,963 [IPC Server listener on 34380] INFO  ipc.Server (Server.java:run(1185)) - Stopping IPC Server listener on 34380
2019-11-08 14:37:36,963 [main] INFO  server.StorageContainerManager (StorageContainerManager.java:stop(838)) - Stopping Storage Container Manager HTTP server.
2019-11-08 14:37:36,964 [IPC Server Responder] INFO  ipc.Server (Server.java:run(1319)) - Stopping IPC Server Responder
2019-11-08 14:37:36,965 [main] INFO  handler.ContextHandler (ContextHandler.java:doStop(910)) - Stopped o.e.j.w.WebAppContext@544630b7{/,null,UNAVAILABLE}{/scm}
2019-11-08 14:37:36,966 [main] INFO  server.AbstractConnector (AbstractConnector.java:doStop(318)) - Stopped ServerConnector@514eedd8{HTTP/1.1,[http/1.1]}{0.0.0.0:0}
2019-11-08 14:37:36,966 [main] INFO  handler.ContextHandler (ContextHandler.java:doStop(910)) - Stopped o.e.j.s.ServletContextHandler@1d2bd371{/static,file:///workdir/hadoop-ozone/integration-test/target/test-classes/webapps/static,UNAVAILABLE}
2019-11-08 14:37:36,967 [main] INFO  handler.ContextHandler (ContextHandler.java:doStop(910)) - Stopped o.e.j.s.ServletContextHandler@101639ae{/logs,file:///workdir/hadoop-ozone/integration-test/target/log,UNAVAILABLE}
2019-11-08 14:37:36,967 [main] INFO  server.StorageContainerManager (StorageContainerManager.java:stop(849)) - Stopping Block Manager Service.
2019-11-08 14:37:36,968 [main] INFO  utils.BackgroundService (BackgroundService.java:shutdown(151)) - Shutting down service SCMBlockDeletingService
2019-11-08 14:37:36,968 [main] INFO  utils.BackgroundService (BackgroundService.java:shutdown(151)) - Shutting down service SCMBlockDeletingService
2019-11-08 14:37:36,968 [main] INFO  server.StorageContainerManager (StorageContainerManager.java:stop(871)) - Stopping SCM Event Queue.
2019-11-08 14:37:36,976 [main] INFO  impl.MetricsSystemImpl (MetricsSystemImpl.java:stop(210)) - Stopping XceiverClientMetrics metrics system...
2019-11-08 14:37:36,979 [prometheus] INFO  impl.MetricsSinkAdapter (MetricsSinkAdapter.java:publishMetricsFromQueue(141)) - prometheus thread interrupted.
2019-11-08 14:37:36,979 [main] INFO  impl.MetricsSystemImpl (MetricsSystemImpl.java:stop(216)) - XceiverClientMetrics metrics system stopped.
]]></system-out>
    <system-err><![CDATA[ERROR StatusLogger No Log4j 2 configuration file found. Using default configuration (logging only errors to the console), or user programmatically provided configurations. Set system property 'log4j2.debug' to show Log4j 2 internal initialization logging. See https://logging.apache.org/log4j/2.x/manual/configuration.html for instructions on how to configure Log4j 2
Nov 08, 2019 2:36:58 PM org.apache.ratis.thirdparty.io.grpc.internal.SerializingExecutor run
SEVERE: Exception while executing runnable org.apache.ratis.thirdparty.io.grpc.internal.ServerImpl$JumpToApplicationThreadServerStreamListener$1Closed@4dea8dc
org.apache.ratis.thirdparty.io.grpc.StatusRuntimeException: CANCELLED: call already cancelled
	at org.apache.ratis.thirdparty.io.grpc.Status.asRuntimeException(Status.java:517)
	at org.apache.ratis.thirdparty.io.grpc.stub.ServerCalls$ServerCallStreamObserverImpl.onCompleted(ServerCalls.java:356)
	at org.apache.ratis.grpc.server.GrpcServerProtocolService$ServerRequestStreamObserver.onError(GrpcServerProtocolService.java:121)
	at org.apache.ratis.thirdparty.io.grpc.stub.ServerCalls$StreamingServerCallHandler$StreamingServerCallListener.onCancel(ServerCalls.java:269)
	at org.apache.ratis.thirdparty.io.grpc.internal.ServerCallImpl$ServerStreamListenerImpl.closed(ServerCallImpl.java:293)
	at org.apache.ratis.thirdparty.io.grpc.internal.ServerImpl$JumpToApplicationThreadServerStreamListener$1Closed.runInContext(ServerImpl.java:741)
	at org.apache.ratis.thirdparty.io.grpc.internal.ContextRunnable.run(ContextRunnable.java:37)
	at org.apache.ratis.thirdparty.io.grpc.internal.SerializingExecutor.run(SerializingExecutor.java:123)
	at java.util.concurrent.ThreadPoolExecutor.runWorker(ThreadPoolExecutor.java:1149)
	at java.util.concurrent.ThreadPoolExecutor$Worker.run(ThreadPoolExecutor.java:624)
	at java.lang.Thread.run(Thread.java:748)

Nov 08, 2019 2:37:31 PM org.apache.ratis.thirdparty.io.grpc.internal.SerializingExecutor run
SEVERE: Exception while executing runnable org.apache.ratis.thirdparty.io.grpc.internal.ServerImpl$JumpToApplicationThreadServerStreamListener$1Closed@439b0a3f
org.apache.ratis.thirdparty.io.grpc.StatusRuntimeException: CANCELLED: call already cancelled
	at org.apache.ratis.thirdparty.io.grpc.Status.asRuntimeException(Status.java:517)
	at org.apache.ratis.thirdparty.io.grpc.stub.ServerCalls$ServerCallStreamObserverImpl.onCompleted(ServerCalls.java:356)
	at org.apache.ratis.grpc.server.GrpcServerProtocolService$ServerRequestStreamObserver.onError(GrpcServerProtocolService.java:121)
	at org.apache.ratis.thirdparty.io.grpc.stub.ServerCalls$StreamingServerCallHandler$StreamingServerCallListener.onCancel(ServerCalls.java:269)
	at org.apache.ratis.thirdparty.io.grpc.internal.ServerCallImpl$ServerStreamListenerImpl.closed(ServerCallImpl.java:293)
	at org.apache.ratis.thirdparty.io.grpc.internal.ServerImpl$JumpToApplicationThreadServerStreamListener$1Closed.runInContext(ServerImpl.java:741)
	at org.apache.ratis.thirdparty.io.grpc.internal.ContextRunnable.run(ContextRunnable.java:37)
	at org.apache.ratis.thirdparty.io.grpc.internal.SerializingExecutor.run(SerializingExecutor.java:123)
	at java.util.concurrent.ThreadPoolExecutor.runWorker(ThreadPoolExecutor.java:1149)
	at java.util.concurrent.ThreadPoolExecutor$Worker.run(ThreadPoolExecutor.java:624)
	at java.lang.Thread.run(Thread.java:748)

]]></system-err>
  </testcase>
</testsuite>