<?xml version="1.0" encoding="UTF-8"?>
<testsuite xmlns:xsi="http://www.w3.org/2001/XMLSchema-instance" xsi:noNamespaceSchemaLocation="https://maven.apache.org/surefire/maven-surefire-plugin/xsd/surefire-test-report.xsd" name="org.apache.hadoop.ozone.client.rpc.TestDeleteWithSlowFollower" time="138.752" tests="1" errors="0" skipped="0" failures="1">
  <properties>
    <property name="awt.toolkit" value="sun.awt.X11.XToolkit"/>
    <property name="file.encoding.pkg" value="sun.io"/>
    <property name="java.specification.version" value="1.8"/>
    <property name="sun.cpu.isalist" value=""/>
    <property name="sun.jnu.encoding" value="ANSI_X3.4-1968"/>
    <property name="java.class.path" value="/workdir/hadoop-ozone/integration-test/target/test-classes:/workdir/hadoop-ozone/integration-test/target/classes:/home/user/.m2/repository/org/apache/hadoop/hadoop-ozone-common/0.5.0-SNAPSHOT/hadoop-ozone-common-0.5.0-SNAPSHOT.jar:/home/user/.m2/repository/org/apache/commons/commons-compress/1.4.1/commons-compress-1.4.1.jar:/home/user/.m2/repository/org/tukaani/xz/1.0/xz-1.0.jar:/home/user/.m2/repository/org/apache/hadoop/hadoop-common/3.2.0/hadoop-common-3.2.0.jar:/home/user/.m2/repository/org/apache/hadoop/hadoop-hdfs/3.2.0/hadoop-hdfs-3.2.0.jar:/home/user/.m2/repository/org/apache/hadoop/hadoop-hdfs-client/3.2.0/hadoop-hdfs-client-3.2.0.jar:/home/user/.m2/repository/com/fasterxml/jackson/core/jackson-annotations/2.9.9/jackson-annotations-2.9.9.jar:/home/user/.m2/repository/org/apache/hadoop/hadoop-hdds-common/0.5.0-SNAPSHOT/hadoop-hdds-common-0.5.0-SNAPSHOT.jar:/home/user/.m2/repository/javax/annotation/javax.annotation-api/1.2/javax.annotation-api-1.2.jar:/home/user/.m2/repository/org/apache/ratis/ratis-server/0.5.0-ced7dbf-SNAPSHOT/ratis-server-0.5.0-ced7dbf-SNAPSHOT.jar:/home/user/.m2/repository/org/apache/ratis/ratis-thirdparty-misc/0.2.0/ratis-thirdparty-misc-0.2.0.jar:/home/user/.m2/repository/org/apache/ratis/ratis-proto/0.5.0-ced7dbf-SNAPSHOT/ratis-proto-0.5.0-ced7dbf-SNAPSHOT.jar:/home/user/.m2/repository/org/apache/ratis/ratis-common/0.5.0-ced7dbf-SNAPSHOT/ratis-common-0.5.0-ced7dbf-SNAPSHOT.jar:/home/user/.m2/repository/org/apache/ratis/ratis-client/0.5.0-ced7dbf-SNAPSHOT/ratis-client-0.5.0-ced7dbf-SNAPSHOT.jar:/home/user/.m2/repository/org/apache/ratis/ratis-metrics/0.5.0-ced7dbf-SNAPSHOT/ratis-metrics-0.5.0-ced7dbf-SNAPSHOT.jar:/home/user/.m2/repository/org/apache/ratis/ratis-netty/0.5.0-ced7dbf-SNAPSHOT/ratis-netty-0.5.0-ced7dbf-SNAPSHOT.jar:/home/user/.m2/repository/org/apache/ratis/ratis-grpc/0.5.0-ced7dbf-SNAPSHOT/ratis-grpc-0.5.0-ced7dbf-SNAPSHOT.jar:/home/user/.m2/repository/org/rocksdb/rocksdbjni/6.0.1/rocksdbjni-6.0.1.jar:/home/user/.m2/repository/org/apache/logging/log4j/log4j-api/2.11.0/log4j-api-2.11.0.jar:/home/user/.m2/repository/org/apache/logging/log4j/log4j-core/2.11.0/log4j-core-2.11.0.jar:/home/user/.m2/repository/com/lmax/disruptor/3.4.2/disruptor-3.4.2.jar:/home/user/.m2/repository/org/apache/commons/commons-pool2/2.6.0/commons-pool2-2.6.0.jar:/home/user/.m2/repository/org/bouncycastle/bcpkix-jdk15on/1.60/bcpkix-jdk15on-1.60.jar:/home/user/.m2/repository/commons-validator/commons-validator/1.6/commons-validator-1.6.jar:/home/user/.m2/repository/commons-digester/commons-digester/1.8.1/commons-digester-1.8.1.jar:/home/user/.m2/repository/io/jaegertracing/jaeger-client/0.34.0/jaeger-client-0.34.0.jar:/home/user/.m2/repository/io/jaegertracing/jaeger-thrift/0.34.0/jaeger-thrift-0.34.0.jar:/home/user/.m2/repository/org/apache/thrift/libthrift/0.12.0/libthrift-0.12.0.jar:/home/user/.m2/repository/com/squareup/okhttp3/okhttp/3.9.0/okhttp-3.9.0.jar:/home/user/.m2/repository/com/squareup/okio/okio/1.13.0/okio-1.13.0.jar:/home/user/.m2/repository/io/jaegertracing/jaeger-core/0.34.0/jaeger-core-0.34.0.jar:/home/user/.m2/repository/io/jaegertracing/jaeger-tracerresolver/0.34.0/jaeger-tracerresolver-0.34.0.jar:/home/user/.m2/repository/io/opentracing/contrib/opentracing-tracerresolver/0.1.5/opentracing-tracerresolver-0.1.5.jar:/home/user/.m2/repository/io/opentracing/opentracing-util/0.31.0/opentracing-util-0.31.0.jar:/home/user/.m2/repository/io/opentracing/opentracing-api/0.31.0/opentracing-api-0.31.0.jar:/home/user/.m2/repository/io/opentracing/opentracing-noop/0.31.0/opentracing-noop-0.31.0.jar:/home/user/.m2/repository/org/apache/hadoop/hadoop-hdds-server-framework/0.5.0-SNAPSHOT/hadoop-hdds-server-framework-0.5.0-SNAPSHOT.jar:/home/user/.m2/repository/org/apache/hadoop/hadoop-hdds-container-service/0.5.0-SNAPSHOT/hadoop-hdds-container-service-0.5.0-SNAPSHOT.jar:/home/user/.m2/repository/org/apache/hadoop/hadoop-hdds-client/0.5.0-SNAPSHOT/hadoop-hdds-client-0.5.0-SNAPSHOT.jar:/home/user/.m2/repository/org/apache/hadoop/hadoop-hdds-tools/0.5.0-SNAPSHOT/hadoop-hdds-tools-0.5.0-SNAPSHOT.jar:/home/user/.m2/repository/org/apache/hadoop/hadoop-hdds-server-scm/0.5.0-SNAPSHOT/hadoop-hdds-server-scm-0.5.0-SNAPSHOT.jar:/home/user/.m2/repository/org/apache/hadoop/hadoop-hdds-docs/0.5.0-SNAPSHOT/hadoop-hdds-docs-0.5.0-SNAPSHOT.jar:/home/user/.m2/repository/io/dropwizard/metrics/metrics-core/3.2.4/metrics-core-3.2.4.jar:/home/user/.m2/repository/org/hamcrest/hamcrest-all/1.3/hamcrest-all-1.3.jar:/home/user/.m2/repository/org/bouncycastle/bcprov-jdk15on/1.60/bcprov-jdk15on-1.60.jar:/home/user/.m2/repository/info/picocli/picocli/3.9.6/picocli-3.9.6.jar:/home/user/.m2/repository/com/google/protobuf/protobuf-java/2.5.0/protobuf-java-2.5.0.jar:/home/user/.m2/repository/com/google/guava/guava/11.0.2/guava-11.0.2.jar:/home/user/.m2/repository/org/apache/hadoop/hadoop-ozone-ozone-manager/0.5.0-SNAPSHOT/hadoop-ozone-ozone-manager-0.5.0-SNAPSHOT.jar:/home/user/.m2/repository/org/apache/hadoop/hadoop-minikdc/3.2.0/hadoop-minikdc-3.2.0.jar:/home/user/.m2/repository/commons-io/commons-io/2.5/commons-io-2.5.jar:/home/user/.m2/repository/org/apache/kerby/kerb-simplekdc/1.0.1/kerb-simplekdc-1.0.1.jar:/home/user/.m2/repository/org/apache/kerby/kerb-client/1.0.1/kerb-client-1.0.1.jar:/home/user/.m2/repository/org/apache/kerby/kerby-config/1.0.1/kerby-config-1.0.1.jar:/home/user/.m2/repository/org/apache/kerby/kerb-core/1.0.1/kerb-core-1.0.1.jar:/home/user/.m2/repository/org/apache/kerby/kerby-pkix/1.0.1/kerby-pkix-1.0.1.jar:/home/user/.m2/repository/org/apache/kerby/kerby-asn1/1.0.1/kerby-asn1-1.0.1.jar:/home/user/.m2/repository/org/apache/kerby/kerby-util/1.0.1/kerby-util-1.0.1.jar:/home/user/.m2/repository/org/apache/kerby/kerb-common/1.0.1/kerb-common-1.0.1.jar:/home/user/.m2/repository/org/apache/kerby/kerb-crypto/1.0.1/kerb-crypto-1.0.1.jar:/home/user/.m2/repository/org/apache/kerby/kerb-util/1.0.1/kerb-util-1.0.1.jar:/home/user/.m2/repository/org/apache/kerby/token-provider/1.0.1/token-provider-1.0.1.jar:/home/user/.m2/repository/org/apache/kerby/kerb-admin/1.0.1/kerb-admin-1.0.1.jar:/home/user/.m2/repository/org/apache/kerby/kerb-server/1.0.1/kerb-server-1.0.1.jar:/home/user/.m2/repository/org/apache/kerby/kerb-identity/1.0.1/kerb-identity-1.0.1.jar:/home/user/.m2/repository/org/apache/kerby/kerby-xdr/1.0.1/kerby-xdr-1.0.1.jar:/home/user/.m2/repository/org/slf4j/slf4j-log4j12/1.7.25/slf4j-log4j12-1.7.25.jar:/home/user/.m2/repository/org/apache/hadoop/hadoop-ozone-s3gateway/0.5.0-SNAPSHOT/hadoop-ozone-s3gateway-0.5.0-SNAPSHOT.jar:/home/user/.m2/repository/org/jboss/weld/servlet/weld-servlet/2.4.7.Final/weld-servlet-2.4.7.Final.jar:/home/user/.m2/repository/org/glassfish/jersey/containers/jersey-container-servlet-core/2.27/jersey-container-servlet-core-2.27.jar:/home/user/.m2/repository/org/glassfish/hk2/external/javax.inject/2.5.0-b42/javax.inject-2.5.0-b42.jar:/home/user/.m2/repository/org/glassfish/jersey/core/jersey-common/2.27/jersey-common-2.27.jar:/home/user/.m2/repository/org/glassfish/hk2/osgi-resource-locator/1.0.1/osgi-resource-locator-1.0.1.jar:/home/user/.m2/repository/javax/ws/rs/javax.ws.rs-api/2.1/javax.ws.rs-api-2.1.jar:/home/user/.m2/repository/org/glassfish/jersey/ext/cdi/jersey-cdi1x/2.27/jersey-cdi1x-2.27.jar:/home/user/.m2/repository/org/glassfish/jersey/inject/jersey-hk2/2.27/jersey-hk2-2.27.jar:/home/user/.m2/repository/org/glassfish/hk2/hk2-locator/2.5.0-b42/hk2-locator-2.5.0-b42.jar:/home/user/.m2/repository/org/javassist/javassist/3.22.0-CR2/javassist-3.22.0-CR2.jar:/home/user/.m2/repository/org/glassfish/hk2/hk2-api/2.5.0/hk2-api-2.5.0.jar:/home/user/.m2/repository/org/glassfish/hk2/external/jakarta.inject/2.5.0/jakarta.inject-2.5.0.jar:/home/user/.m2/repository/org/glassfish/hk2/hk2-utils/2.5.0/hk2-utils-2.5.0.jar:/home/user/.m2/repository/jakarta/annotation/jakarta.annotation-api/1.3.4/jakarta.annotation-api-1.3.4.jar:/home/user/.m2/repository/org/glassfish/hk2/external/aopalliance-repackaged/2.5.0/aopalliance-repackaged-2.5.0.jar:/home/user/.m2/repository/com/fasterxml/jackson/dataformat/jackson-dataformat-xml/2.9.0/jackson-dataformat-xml-2.9.0.jar:/home/user/.m2/repository/com/fasterxml/jackson/core/jackson-core/2.9.9/jackson-core-2.9.9.jar:/home/user/.m2/repository/com/fasterxml/jackson/module/jackson-module-jaxb-annotations/2.9.9/jackson-module-jaxb-annotations-2.9.9.jar:/home/user/.m2/repository/javax/enterprise/cdi-api/1.2/cdi-api-1.2.jar:/home/user/.m2/repository/javax/el/javax.el-api/3.0.0/javax.el-api-3.0.0.jar:/home/user/.m2/repository/javax/interceptor/javax.interceptor-api/1.2/javax.interceptor-api-1.2.jar:/home/user/.m2/repository/javax/inject/javax.inject/1/javax.inject-1.jar:/home/user/.m2/repository/com/sun/xml/bind/jaxb-impl/2.3.0.1/jaxb-impl-2.3.0.1.jar:/home/user/.m2/repository/com/sun/xml/bind/jaxb-core/2.3.0.1/jaxb-core-2.3.0.1.jar:/home/user/.m2/repository/javax/xml/bind/jaxb-api/2.3.0/jaxb-api-2.3.0.jar:/home/user/.m2/repository/javax/activation/activation/1.1.1/activation-1.1.1.jar:/home/user/.m2/repository/org/apache/hadoop/hadoop-ozone-csi/0.5.0-SNAPSHOT/hadoop-ozone-csi-0.5.0-SNAPSHOT.jar:/home/user/.m2/repository/com/google/protobuf/protobuf-java-util/3.5.1/protobuf-java-util-3.5.1.jar:/home/user/.m2/repository/org/apache/hadoop/hadoop-hdds-config/0.5.0-SNAPSHOT/hadoop-hdds-config-0.5.0-SNAPSHOT.jar:/home/user/.m2/repository/io/grpc/grpc-netty/1.17.1/grpc-netty-1.17.1.jar:/home/user/.m2/repository/io/grpc/grpc-core/1.17.1/grpc-core-1.17.1.jar:/home/user/.m2/repository/io/grpc/grpc-context/1.17.1/grpc-context-1.17.1.jar:/home/user/.m2/repository/com/google/errorprone/error_prone_annotations/2.2.0/error_prone_annotations-2.2.0.jar:/home/user/.m2/repository/org/codehaus/mojo/animal-sniffer-annotations/1.17/animal-sniffer-annotations-1.17.jar:/home/user/.m2/repository/io/opencensus/opencensus-api/0.17.0/opencensus-api-0.17.0.jar:/home/user/.m2/repository/io/opencensus/opencensus-contrib-grpc-metrics/0.17.0/opencensus-contrib-grpc-metrics-0.17.0.jar:/home/user/.m2/repository/io/netty/netty-codec-http2/4.1.30.Final/netty-codec-http2-4.1.30.Final.jar:/home/user/.m2/repository/io/netty/netty-codec-http/4.1.30.Final/netty-codec-http-4.1.30.Final.jar:/home/user/.m2/repository/io/netty/netty-codec/4.1.30.Final/netty-codec-4.1.30.Final.jar:/home/user/.m2/repository/io/netty/netty-handler/4.1.30.Final/netty-handler-4.1.30.Final.jar:/home/user/.m2/repository/io/netty/netty-handler-proxy/4.1.30.Final/netty-handler-proxy-4.1.30.Final.jar:/home/user/.m2/repository/io/netty/netty-codec-socks/4.1.30.Final/netty-codec-socks-4.1.30.Final.jar:/home/user/.m2/repository/io/netty/netty-transport-native-epoll/4.1.30.Final/netty-transport-native-epoll-4.1.30.Final.jar:/home/user/.m2/repository/io/netty/netty-common/4.1.30.Final/netty-common-4.1.30.Final.jar:/home/user/.m2/repository/io/netty/netty-buffer/4.1.30.Final/netty-buffer-4.1.30.Final.jar:/home/user/.m2/repository/io/netty/netty-transport/4.1.30.Final/netty-transport-4.1.30.Final.jar:/home/user/.m2/repository/io/netty/netty-resolver/4.1.30.Final/netty-resolver-4.1.30.Final.jar:/home/user/.m2/repository/io/netty/netty-transport-native-unix-common/4.1.30.Final/netty-transport-native-unix-common-4.1.30.Final.jar:/home/user/.m2/repository/io/grpc/grpc-protobuf/1.17.1/grpc-protobuf-1.17.1.jar:/home/user/.m2/repository/com/google/api/grpc/proto-google-common-protos/1.0.0/proto-google-common-protos-1.0.0.jar:/home/user/.m2/repository/io/grpc/grpc-protobuf-lite/1.17.1/grpc-protobuf-lite-1.17.1.jar:/home/user/.m2/repository/io/grpc/grpc-stub/1.17.1/grpc-stub-1.17.1.jar:/home/user/.m2/repository/org/apache/hadoop/hadoop-ozone-recon/0.5.0-SNAPSHOT/hadoop-ozone-recon-0.5.0-SNAPSHOT.jar:/home/user/.m2/repository/org/apache/hadoop/hadoop-ozone-reconcodegen/0.5.0-SNAPSHOT/hadoop-ozone-reconcodegen-0.5.0-SNAPSHOT.jar:/home/user/.m2/repository/com/google/inject/extensions/guice-multibindings/4.0/guice-multibindings-4.0.jar:/home/user/.m2/repository/com/google/inject/guice/4.0/guice-4.0.jar:/home/user/.m2/repository/aopalliance/aopalliance/1.0/aopalliance-1.0.jar:/home/user/.m2/repository/com/google/inject/extensions/guice-servlet/4.0/guice-servlet-4.0.jar:/home/user/.m2/repository/org/glassfish/jersey/containers/jersey-container-servlet/2.27/jersey-container-servlet-2.27.jar:/home/user/.m2/repository/org/glassfish/hk2/guice-bridge/2.5.0/guice-bridge-2.5.0.jar:/home/user/.m2/repository/org/glassfish/jersey/core/jersey-server/2.27/jersey-server-2.27.jar:/home/user/.m2/repository/org/glassfish/jersey/core/jersey-client/2.27/jersey-client-2.27.jar:/home/user/.m2/repository/org/glassfish/jersey/media/jersey-media-jaxb/2.27/jersey-media-jaxb-2.27.jar:/home/user/.m2/repository/javax/validation/validation-api/1.1.0.Final/validation-api-1.1.0.Final.jar:/home/user/.m2/repository/org/glassfish/jersey/media/jersey-media-json-jackson/2.27/jersey-media-json-jackson-2.27.jar:/home/user/.m2/repository/org/glassfish/jersey/ext/jersey-entity-filtering/2.27/jersey-entity-filtering-2.27.jar:/home/user/.m2/repository/com/google/inject/extensions/guice-assistedinject/4.0/guice-assistedinject-4.0.jar:/home/user/.m2/repository/org/jooq/jooq/3.11.10/jooq-3.11.10.jar:/home/user/.m2/repository/org/jooq/jooq-meta/3.11.10/jooq-meta-3.11.10.jar:/home/user/.m2/repository/org/jooq/jooq-codegen/3.11.10/jooq-codegen-3.11.10.jar:/home/user/.m2/repository/com/jolbox/bonecp/0.8.0.RELEASE/bonecp-0.8.0.RELEASE.jar:/home/user/.m2/repository/org/xerial/sqlite-jdbc/3.25.2/sqlite-jdbc-3.25.2.jar:/home/user/.m2/repository/org/springframework/spring-jdbc/5.1.3.RELEASE/spring-jdbc-5.1.3.RELEASE.jar:/home/user/.m2/repository/org/springframework/spring-beans/5.1.3.RELEASE/spring-beans-5.1.3.RELEASE.jar:/home/user/.m2/repository/org/springframework/spring-core/5.1.3.RELEASE/spring-core-5.1.3.RELEASE.jar:/home/user/.m2/repository/org/springframework/spring-jcl/5.1.3.RELEASE/spring-jcl-5.1.3.RELEASE.jar:/home/user/.m2/repository/org/springframework/spring-tx/5.1.3.RELEASE/spring-tx-5.1.3.RELEASE.jar:/home/user/.m2/repository/org/apache/hadoop/hadoop-ozone-client/0.5.0-SNAPSHOT/hadoop-ozone-client-0.5.0-SNAPSHOT.jar:/home/user/.m2/repository/commons-lang/commons-lang/2.6/commons-lang-2.6.jar:/home/user/.m2/repository/org/apache/hadoop/hadoop-ozone-ozone-manager/0.5.0-SNAPSHOT/hadoop-ozone-ozone-manager-0.5.0-SNAPSHOT-tests.jar:/home/user/.m2/repository/junit/junit/4.11/junit-4.11.jar:/home/user/.m2/repository/org/hamcrest/hamcrest-core/1.3/hamcrest-core-1.3.jar:/home/user/.m2/repository/org/openjdk/jmh/jmh-core/1.19/jmh-core-1.19.jar:/home/user/.m2/repository/net/sf/jopt-simple/jopt-simple/4.6/jopt-simple-4.6.jar:/home/user/.m2/repository/org/apache/commons/commons-math3/3.1.1/commons-math3-3.1.1.jar:/home/user/.m2/repository/org/openjdk/jmh/jmh-generator-annprocess/1.19/jmh-generator-annprocess-1.19.jar:/home/user/.m2/repository/org/mockito/mockito-all/1.8.5/mockito-all-1.8.5.jar:/home/user/.m2/repository/org/apache/hadoop/hadoop-kms/3.2.0/hadoop-kms-3.2.0.jar:/home/user/.m2/repository/org/apache/hadoop/hadoop-auth/3.2.0/hadoop-auth-3.2.0.jar:/home/user/.m2/repository/com/nimbusds/nimbus-jose-jwt/4.41.1/nimbus-jose-jwt-4.41.1.jar:/home/user/.m2/repository/com/github/stephenc/jcip/jcip-annotations/1.0-1/jcip-annotations-1.0-1.jar:/home/user/.m2/repository/net/minidev/json-smart/2.3/json-smart-2.3.jar:/home/user/.m2/repository/net/minidev/accessors-smart/1.2/accessors-smart-1.2.jar:/home/user/.m2/repository/org/ow2/asm/asm/5.0.4/asm-5.0.4.jar:/home/user/.m2/repository/org/apache/curator/curator-framework/2.12.0/curator-framework-2.12.0.jar:/home/user/.m2/repository/com/sun/jersey/jersey-core/1.19/jersey-core-1.19.jar:/home/user/.m2/repository/javax/ws/rs/jsr311-api/1.1.1/jsr311-api-1.1.1.jar:/home/user/.m2/repository/com/sun/jersey/jersey-server/1.19/jersey-server-1.19.jar:/home/user/.m2/repository/javax/servlet/javax.servlet-api/3.1.0/javax.servlet-api-3.1.0.jar:/home/user/.m2/repository/org/eclipse/jetty/jetty-server/9.3.25.v20180904/jetty-server-9.3.25.v20180904.jar:/home/user/.m2/repository/org/eclipse/jetty/jetty-http/9.3.25.v20180904/jetty-http-9.3.25.v20180904.jar:/home/user/.m2/repository/org/eclipse/jetty/jetty-io/9.3.25.v20180904/jetty-io-9.3.25.v20180904.jar:/home/user/.m2/repository/org/eclipse/jetty/jetty-webapp/9.3.25.v20180904/jetty-webapp-9.3.25.v20180904.jar:/home/user/.m2/repository/org/eclipse/jetty/jetty-xml/9.3.25.v20180904/jetty-xml-9.3.25.v20180904.jar:/home/user/.m2/repository/log4j/log4j/1.2.17/log4j-1.2.17.jar:/home/user/.m2/repository/org/slf4j/slf4j-api/1.7.25/slf4j-api-1.7.25.jar:/home/user/.m2/repository/org/slf4j/jul-to-slf4j/1.7.25/jul-to-slf4j-1.7.25.jar:/home/user/.m2/repository/org/eclipse/jetty/jetty-util/9.3.25.v20180904/jetty-util-9.3.25.v20180904.jar:/home/user/.m2/repository/com/fasterxml/jackson/core/jackson-databind/2.9.9/jackson-databind-2.9.9.jar:/home/user/.m2/repository/org/apache/hadoop/hadoop-kms/3.2.0/hadoop-kms-3.2.0-tests.jar:/home/user/.m2/repository/org/apache/hadoop/hadoop-hdds-server-scm/0.5.0-SNAPSHOT/hadoop-hdds-server-scm-0.5.0-SNAPSHOT-tests.jar:/home/user/.m2/repository/org/apache/hadoop/hadoop-hdds-container-service/0.5.0-SNAPSHOT/hadoop-hdds-container-service-0.5.0-SNAPSHOT-tests.jar:/home/user/.m2/repository/org/yaml/snakeyaml/1.16/snakeyaml-1.16.jar:/home/user/.m2/repository/org/apache/hadoop/hadoop-common/3.2.0/hadoop-common-3.2.0-tests.jar:/home/user/.m2/repository/org/apache/hadoop/hadoop-annotations/3.2.0/hadoop-annotations-3.2.0.jar:/usr/lib/jvm/java-1.8.0-openjdk-1.8.0.222.b10-1.el7_7.x86_64/jre/../lib/tools.jar:/home/user/.m2/repository/commons-cli/commons-cli/1.2/commons-cli-1.2.jar:/home/user/.m2/repository/org/apache/httpcomponents/httpclient/4.5.2/httpclient-4.5.2.jar:/home/user/.m2/repository/org/apache/httpcomponents/httpcore/4.4.4/httpcore-4.4.4.jar:/home/user/.m2/repository/commons-codec/commons-codec/1.11/commons-codec-1.11.jar:/home/user/.m2/repository/commons-net/commons-net/3.6/commons-net-3.6.jar:/home/user/.m2/repository/commons-collections/commons-collections/3.2.2/commons-collections-3.2.2.jar:/home/user/.m2/repository/org/eclipse/jetty/jetty-servlet/9.3.25.v20180904/jetty-servlet-9.3.25.v20180904.jar:/home/user/.m2/repository/org/eclipse/jetty/jetty-security/9.3.25.v20180904/jetty-security-9.3.25.v20180904.jar:/home/user/.m2/repository/javax/servlet/jsp/jsp-api/2.1/jsp-api-2.1.jar:/home/user/.m2/repository/com/sun/jersey/jersey-servlet/1.19/jersey-servlet-1.19.jar:/home/user/.m2/repository/com/sun/jersey/jersey-json/1.19/jersey-json-1.19.jar:/home/user/.m2/repository/org/codehaus/jettison/jettison/1.1/jettison-1.1.jar:/home/user/.m2/repository/org/codehaus/jackson/jackson-core-asl/1.9.13/jackson-core-asl-1.9.13.jar:/home/user/.m2/repository/org/codehaus/jackson/jackson-mapper-asl/1.9.13/jackson-mapper-asl-1.9.13.jar:/home/user/.m2/repository/org/codehaus/jackson/jackson-jaxrs/1.9.13/jackson-jaxrs-1.9.13.jar:/home/user/.m2/repository/org/codehaus/jackson/jackson-xc/1.9.13/jackson-xc-1.9.13.jar:/home/user/.m2/repository/commons-logging/commons-logging/1.1.3/commons-logging-1.1.3.jar:/home/user/.m2/repository/commons-beanutils/commons-beanutils/1.9.4/commons-beanutils-1.9.4.jar:/home/user/.m2/repository/org/apache/commons/commons-configuration2/2.1.1/commons-configuration2-2.1.1.jar:/home/user/.m2/repository/org/apache/commons/commons-lang3/3.7/commons-lang3-3.7.jar:/home/user/.m2/repository/org/apache/commons/commons-text/1.4/commons-text-1.4.jar:/home/user/.m2/repository/org/apache/avro/avro/1.7.7/avro-1.7.7.jar:/home/user/.m2/repository/com/thoughtworks/paranamer/paranamer/2.3/paranamer-2.3.jar:/home/user/.m2/repository/org/xerial/snappy/snappy-java/1.0.5/snappy-java-1.0.5.jar:/home/user/.m2/repository/com/google/re2j/re2j/1.1/re2j-1.1.jar:/home/user/.m2/repository/com/google/code/gson/gson/2.2.4/gson-2.2.4.jar:/home/user/.m2/repository/com/jcraft/jsch/0.1.54/jsch-0.1.54.jar:/home/user/.m2/repository/org/apache/curator/curator-client/2.12.0/curator-client-2.12.0.jar:/home/user/.m2/repository/org/apache/curator/curator-recipes/2.12.0/curator-recipes-2.12.0.jar:/home/user/.m2/repository/com/google/code/findbugs/jsr305/3.0.0/jsr305-3.0.0.jar:/home/user/.m2/repository/org/apache/htrace/htrace-core4/4.1.0-incubating/htrace-core4-4.1.0-incubating.jar:/home/user/.m2/repository/org/apache/zookeeper/zookeeper/3.4.13/zookeeper-3.4.13.jar:/home/user/.m2/repository/jline/jline/0.9.94/jline-0.9.94.jar:/home/user/.m2/repository/org/apache/yetus/audience-annotations/0.5.0/audience-annotations-0.5.0.jar:/home/user/.m2/repository/org/codehaus/woodstox/stax2-api/3.1.4/stax2-api-3.1.4.jar:/home/user/.m2/repository/com/fasterxml/woodstox/woodstox-core/5.0.3/woodstox-core-5.0.3.jar:/home/user/.m2/repository/dnsjava/dnsjava/2.1.7/dnsjava-2.1.7.jar:/home/user/.m2/repository/org/apache/hadoop/hadoop-hdfs/3.2.0/hadoop-hdfs-3.2.0-tests.jar:/home/user/.m2/repository/org/eclipse/jetty/jetty-util-ajax/9.3.25.v20180904/jetty-util-ajax-9.3.25.v20180904.jar:/home/user/.m2/repository/commons-daemon/commons-daemon/1.0.13/commons-daemon-1.0.13.jar:/home/user/.m2/repository/io/netty/netty/3.10.5.Final/netty-3.10.5.Final.jar:/home/user/.m2/repository/io/netty/netty-all/4.0.52.Final/netty-all-4.0.52.Final.jar:/home/user/.m2/repository/org/fusesource/leveldbjni/leveldbjni-all/1.8/leveldbjni-all-1.8.jar:"/>
    <property name="java.vm.vendor" value="Oracle Corporation"/>
    <property name="sun.arch.data.model" value="64"/>
    <property name="test.build.dir" value="/workdir/hadoop-ozone/integration-test/target/test-dir"/>
    <property name="test.cache.data" value=""/>
    <property name="java.vendor.url" value="http://java.oracle.com/"/>
    <property name="user.timezone" value=""/>
    <property name="java.vm.specification.version" value="1.8"/>
    <property name="os.name" value="Linux"/>
    <property name="test.build.data" value="/workdir/hadoop-ozone/integration-test/target/test-dir"/>
    <property name="user.country" value="US"/>
    <property name="sun.java.launcher" value="SUN_STANDARD"/>
    <property name="sun.boot.library.path" value="/usr/lib/jvm/java-1.8.0-openjdk-1.8.0.222.b10-1.el7_7.x86_64/jre/lib/amd64"/>
    <property name="sun.java.command" value="/workdir/hadoop-ozone/integration-test/target/surefire/surefirebooter8828236856493860782.jar /workdir/hadoop-ozone/integration-test/target/surefire 2019-10-24T11-19-14_552-jvmRun1 surefire4159833622947267519tmp surefire_482602456788753582670tmp"/>
    <property name="surefire.test.class.path" value="/workdir/hadoop-ozone/integration-test/target/test-classes:/workdir/hadoop-ozone/integration-test/target/classes:/home/user/.m2/repository/org/apache/hadoop/hadoop-ozone-common/0.5.0-SNAPSHOT/hadoop-ozone-common-0.5.0-SNAPSHOT.jar:/home/user/.m2/repository/org/apache/commons/commons-compress/1.4.1/commons-compress-1.4.1.jar:/home/user/.m2/repository/org/tukaani/xz/1.0/xz-1.0.jar:/home/user/.m2/repository/org/apache/hadoop/hadoop-common/3.2.0/hadoop-common-3.2.0.jar:/home/user/.m2/repository/org/apache/hadoop/hadoop-hdfs/3.2.0/hadoop-hdfs-3.2.0.jar:/home/user/.m2/repository/org/apache/hadoop/hadoop-hdfs-client/3.2.0/hadoop-hdfs-client-3.2.0.jar:/home/user/.m2/repository/com/fasterxml/jackson/core/jackson-annotations/2.9.9/jackson-annotations-2.9.9.jar:/home/user/.m2/repository/org/apache/hadoop/hadoop-hdds-common/0.5.0-SNAPSHOT/hadoop-hdds-common-0.5.0-SNAPSHOT.jar:/home/user/.m2/repository/javax/annotation/javax.annotation-api/1.2/javax.annotation-api-1.2.jar:/home/user/.m2/repository/org/apache/ratis/ratis-server/0.5.0-ced7dbf-SNAPSHOT/ratis-server-0.5.0-ced7dbf-SNAPSHOT.jar:/home/user/.m2/repository/org/apache/ratis/ratis-thirdparty-misc/0.2.0/ratis-thirdparty-misc-0.2.0.jar:/home/user/.m2/repository/org/apache/ratis/ratis-proto/0.5.0-ced7dbf-SNAPSHOT/ratis-proto-0.5.0-ced7dbf-SNAPSHOT.jar:/home/user/.m2/repository/org/apache/ratis/ratis-common/0.5.0-ced7dbf-SNAPSHOT/ratis-common-0.5.0-ced7dbf-SNAPSHOT.jar:/home/user/.m2/repository/org/apache/ratis/ratis-client/0.5.0-ced7dbf-SNAPSHOT/ratis-client-0.5.0-ced7dbf-SNAPSHOT.jar:/home/user/.m2/repository/org/apache/ratis/ratis-metrics/0.5.0-ced7dbf-SNAPSHOT/ratis-metrics-0.5.0-ced7dbf-SNAPSHOT.jar:/home/user/.m2/repository/org/apache/ratis/ratis-netty/0.5.0-ced7dbf-SNAPSHOT/ratis-netty-0.5.0-ced7dbf-SNAPSHOT.jar:/home/user/.m2/repository/org/apache/ratis/ratis-grpc/0.5.0-ced7dbf-SNAPSHOT/ratis-grpc-0.5.0-ced7dbf-SNAPSHOT.jar:/home/user/.m2/repository/org/rocksdb/rocksdbjni/6.0.1/rocksdbjni-6.0.1.jar:/home/user/.m2/repository/org/apache/logging/log4j/log4j-api/2.11.0/log4j-api-2.11.0.jar:/home/user/.m2/repository/org/apache/logging/log4j/log4j-core/2.11.0/log4j-core-2.11.0.jar:/home/user/.m2/repository/com/lmax/disruptor/3.4.2/disruptor-3.4.2.jar:/home/user/.m2/repository/org/apache/commons/commons-pool2/2.6.0/commons-pool2-2.6.0.jar:/home/user/.m2/repository/org/bouncycastle/bcpkix-jdk15on/1.60/bcpkix-jdk15on-1.60.jar:/home/user/.m2/repository/commons-validator/commons-validator/1.6/commons-validator-1.6.jar:/home/user/.m2/repository/commons-digester/commons-digester/1.8.1/commons-digester-1.8.1.jar:/home/user/.m2/repository/io/jaegertracing/jaeger-client/0.34.0/jaeger-client-0.34.0.jar:/home/user/.m2/repository/io/jaegertracing/jaeger-thrift/0.34.0/jaeger-thrift-0.34.0.jar:/home/user/.m2/repository/org/apache/thrift/libthrift/0.12.0/libthrift-0.12.0.jar:/home/user/.m2/repository/com/squareup/okhttp3/okhttp/3.9.0/okhttp-3.9.0.jar:/home/user/.m2/repository/com/squareup/okio/okio/1.13.0/okio-1.13.0.jar:/home/user/.m2/repository/io/jaegertracing/jaeger-core/0.34.0/jaeger-core-0.34.0.jar:/home/user/.m2/repository/io/jaegertracing/jaeger-tracerresolver/0.34.0/jaeger-tracerresolver-0.34.0.jar:/home/user/.m2/repository/io/opentracing/contrib/opentracing-tracerresolver/0.1.5/opentracing-tracerresolver-0.1.5.jar:/home/user/.m2/repository/io/opentracing/opentracing-util/0.31.0/opentracing-util-0.31.0.jar:/home/user/.m2/repository/io/opentracing/opentracing-api/0.31.0/opentracing-api-0.31.0.jar:/home/user/.m2/repository/io/opentracing/opentracing-noop/0.31.0/opentracing-noop-0.31.0.jar:/home/user/.m2/repository/org/apache/hadoop/hadoop-hdds-server-framework/0.5.0-SNAPSHOT/hadoop-hdds-server-framework-0.5.0-SNAPSHOT.jar:/home/user/.m2/repository/org/apache/hadoop/hadoop-hdds-container-service/0.5.0-SNAPSHOT/hadoop-hdds-container-service-0.5.0-SNAPSHOT.jar:/home/user/.m2/repository/org/apache/hadoop/hadoop-hdds-client/0.5.0-SNAPSHOT/hadoop-hdds-client-0.5.0-SNAPSHOT.jar:/home/user/.m2/repository/org/apache/hadoop/hadoop-hdds-tools/0.5.0-SNAPSHOT/hadoop-hdds-tools-0.5.0-SNAPSHOT.jar:/home/user/.m2/repository/org/apache/hadoop/hadoop-hdds-server-scm/0.5.0-SNAPSHOT/hadoop-hdds-server-scm-0.5.0-SNAPSHOT.jar:/home/user/.m2/repository/org/apache/hadoop/hadoop-hdds-docs/0.5.0-SNAPSHOT/hadoop-hdds-docs-0.5.0-SNAPSHOT.jar:/home/user/.m2/repository/io/dropwizard/metrics/metrics-core/3.2.4/metrics-core-3.2.4.jar:/home/user/.m2/repository/org/hamcrest/hamcrest-all/1.3/hamcrest-all-1.3.jar:/home/user/.m2/repository/org/bouncycastle/bcprov-jdk15on/1.60/bcprov-jdk15on-1.60.jar:/home/user/.m2/repository/info/picocli/picocli/3.9.6/picocli-3.9.6.jar:/home/user/.m2/repository/com/google/protobuf/protobuf-java/2.5.0/protobuf-java-2.5.0.jar:/home/user/.m2/repository/com/google/guava/guava/11.0.2/guava-11.0.2.jar:/home/user/.m2/repository/org/apache/hadoop/hadoop-ozone-ozone-manager/0.5.0-SNAPSHOT/hadoop-ozone-ozone-manager-0.5.0-SNAPSHOT.jar:/home/user/.m2/repository/org/apache/hadoop/hadoop-minikdc/3.2.0/hadoop-minikdc-3.2.0.jar:/home/user/.m2/repository/commons-io/commons-io/2.5/commons-io-2.5.jar:/home/user/.m2/repository/org/apache/kerby/kerb-simplekdc/1.0.1/kerb-simplekdc-1.0.1.jar:/home/user/.m2/repository/org/apache/kerby/kerb-client/1.0.1/kerb-client-1.0.1.jar:/home/user/.m2/repository/org/apache/kerby/kerby-config/1.0.1/kerby-config-1.0.1.jar:/home/user/.m2/repository/org/apache/kerby/kerb-core/1.0.1/kerb-core-1.0.1.jar:/home/user/.m2/repository/org/apache/kerby/kerby-pkix/1.0.1/kerby-pkix-1.0.1.jar:/home/user/.m2/repository/org/apache/kerby/kerby-asn1/1.0.1/kerby-asn1-1.0.1.jar:/home/user/.m2/repository/org/apache/kerby/kerby-util/1.0.1/kerby-util-1.0.1.jar:/home/user/.m2/repository/org/apache/kerby/kerb-common/1.0.1/kerb-common-1.0.1.jar:/home/user/.m2/repository/org/apache/kerby/kerb-crypto/1.0.1/kerb-crypto-1.0.1.jar:/home/user/.m2/repository/org/apache/kerby/kerb-util/1.0.1/kerb-util-1.0.1.jar:/home/user/.m2/repository/org/apache/kerby/token-provider/1.0.1/token-provider-1.0.1.jar:/home/user/.m2/repository/org/apache/kerby/kerb-admin/1.0.1/kerb-admin-1.0.1.jar:/home/user/.m2/repository/org/apache/kerby/kerb-server/1.0.1/kerb-server-1.0.1.jar:/home/user/.m2/repository/org/apache/kerby/kerb-identity/1.0.1/kerb-identity-1.0.1.jar:/home/user/.m2/repository/org/apache/kerby/kerby-xdr/1.0.1/kerby-xdr-1.0.1.jar:/home/user/.m2/repository/org/slf4j/slf4j-log4j12/1.7.25/slf4j-log4j12-1.7.25.jar:/home/user/.m2/repository/org/apache/hadoop/hadoop-ozone-s3gateway/0.5.0-SNAPSHOT/hadoop-ozone-s3gateway-0.5.0-SNAPSHOT.jar:/home/user/.m2/repository/org/jboss/weld/servlet/weld-servlet/2.4.7.Final/weld-servlet-2.4.7.Final.jar:/home/user/.m2/repository/org/glassfish/jersey/containers/jersey-container-servlet-core/2.27/jersey-container-servlet-core-2.27.jar:/home/user/.m2/repository/org/glassfish/hk2/external/javax.inject/2.5.0-b42/javax.inject-2.5.0-b42.jar:/home/user/.m2/repository/org/glassfish/jersey/core/jersey-common/2.27/jersey-common-2.27.jar:/home/user/.m2/repository/org/glassfish/hk2/osgi-resource-locator/1.0.1/osgi-resource-locator-1.0.1.jar:/home/user/.m2/repository/javax/ws/rs/javax.ws.rs-api/2.1/javax.ws.rs-api-2.1.jar:/home/user/.m2/repository/org/glassfish/jersey/ext/cdi/jersey-cdi1x/2.27/jersey-cdi1x-2.27.jar:/home/user/.m2/repository/org/glassfish/jersey/inject/jersey-hk2/2.27/jersey-hk2-2.27.jar:/home/user/.m2/repository/org/glassfish/hk2/hk2-locator/2.5.0-b42/hk2-locator-2.5.0-b42.jar:/home/user/.m2/repository/org/javassist/javassist/3.22.0-CR2/javassist-3.22.0-CR2.jar:/home/user/.m2/repository/org/glassfish/hk2/hk2-api/2.5.0/hk2-api-2.5.0.jar:/home/user/.m2/repository/org/glassfish/hk2/external/jakarta.inject/2.5.0/jakarta.inject-2.5.0.jar:/home/user/.m2/repository/org/glassfish/hk2/hk2-utils/2.5.0/hk2-utils-2.5.0.jar:/home/user/.m2/repository/jakarta/annotation/jakarta.annotation-api/1.3.4/jakarta.annotation-api-1.3.4.jar:/home/user/.m2/repository/org/glassfish/hk2/external/aopalliance-repackaged/2.5.0/aopalliance-repackaged-2.5.0.jar:/home/user/.m2/repository/com/fasterxml/jackson/dataformat/jackson-dataformat-xml/2.9.0/jackson-dataformat-xml-2.9.0.jar:/home/user/.m2/repository/com/fasterxml/jackson/core/jackson-core/2.9.9/jackson-core-2.9.9.jar:/home/user/.m2/repository/com/fasterxml/jackson/module/jackson-module-jaxb-annotations/2.9.9/jackson-module-jaxb-annotations-2.9.9.jar:/home/user/.m2/repository/javax/enterprise/cdi-api/1.2/cdi-api-1.2.jar:/home/user/.m2/repository/javax/el/javax.el-api/3.0.0/javax.el-api-3.0.0.jar:/home/user/.m2/repository/javax/interceptor/javax.interceptor-api/1.2/javax.interceptor-api-1.2.jar:/home/user/.m2/repository/javax/inject/javax.inject/1/javax.inject-1.jar:/home/user/.m2/repository/com/sun/xml/bind/jaxb-impl/2.3.0.1/jaxb-impl-2.3.0.1.jar:/home/user/.m2/repository/com/sun/xml/bind/jaxb-core/2.3.0.1/jaxb-core-2.3.0.1.jar:/home/user/.m2/repository/javax/xml/bind/jaxb-api/2.3.0/jaxb-api-2.3.0.jar:/home/user/.m2/repository/javax/activation/activation/1.1.1/activation-1.1.1.jar:/home/user/.m2/repository/org/apache/hadoop/hadoop-ozone-csi/0.5.0-SNAPSHOT/hadoop-ozone-csi-0.5.0-SNAPSHOT.jar:/home/user/.m2/repository/com/google/protobuf/protobuf-java-util/3.5.1/protobuf-java-util-3.5.1.jar:/home/user/.m2/repository/org/apache/hadoop/hadoop-hdds-config/0.5.0-SNAPSHOT/hadoop-hdds-config-0.5.0-SNAPSHOT.jar:/home/user/.m2/repository/io/grpc/grpc-netty/1.17.1/grpc-netty-1.17.1.jar:/home/user/.m2/repository/io/grpc/grpc-core/1.17.1/grpc-core-1.17.1.jar:/home/user/.m2/repository/io/grpc/grpc-context/1.17.1/grpc-context-1.17.1.jar:/home/user/.m2/repository/com/google/errorprone/error_prone_annotations/2.2.0/error_prone_annotations-2.2.0.jar:/home/user/.m2/repository/org/codehaus/mojo/animal-sniffer-annotations/1.17/animal-sniffer-annotations-1.17.jar:/home/user/.m2/repository/io/opencensus/opencensus-api/0.17.0/opencensus-api-0.17.0.jar:/home/user/.m2/repository/io/opencensus/opencensus-contrib-grpc-metrics/0.17.0/opencensus-contrib-grpc-metrics-0.17.0.jar:/home/user/.m2/repository/io/netty/netty-codec-http2/4.1.30.Final/netty-codec-http2-4.1.30.Final.jar:/home/user/.m2/repository/io/netty/netty-codec-http/4.1.30.Final/netty-codec-http-4.1.30.Final.jar:/home/user/.m2/repository/io/netty/netty-codec/4.1.30.Final/netty-codec-4.1.30.Final.jar:/home/user/.m2/repository/io/netty/netty-handler/4.1.30.Final/netty-handler-4.1.30.Final.jar:/home/user/.m2/repository/io/netty/netty-handler-proxy/4.1.30.Final/netty-handler-proxy-4.1.30.Final.jar:/home/user/.m2/repository/io/netty/netty-codec-socks/4.1.30.Final/netty-codec-socks-4.1.30.Final.jar:/home/user/.m2/repository/io/netty/netty-transport-native-epoll/4.1.30.Final/netty-transport-native-epoll-4.1.30.Final.jar:/home/user/.m2/repository/io/netty/netty-common/4.1.30.Final/netty-common-4.1.30.Final.jar:/home/user/.m2/repository/io/netty/netty-buffer/4.1.30.Final/netty-buffer-4.1.30.Final.jar:/home/user/.m2/repository/io/netty/netty-transport/4.1.30.Final/netty-transport-4.1.30.Final.jar:/home/user/.m2/repository/io/netty/netty-resolver/4.1.30.Final/netty-resolver-4.1.30.Final.jar:/home/user/.m2/repository/io/netty/netty-transport-native-unix-common/4.1.30.Final/netty-transport-native-unix-common-4.1.30.Final.jar:/home/user/.m2/repository/io/grpc/grpc-protobuf/1.17.1/grpc-protobuf-1.17.1.jar:/home/user/.m2/repository/com/google/api/grpc/proto-google-common-protos/1.0.0/proto-google-common-protos-1.0.0.jar:/home/user/.m2/repository/io/grpc/grpc-protobuf-lite/1.17.1/grpc-protobuf-lite-1.17.1.jar:/home/user/.m2/repository/io/grpc/grpc-stub/1.17.1/grpc-stub-1.17.1.jar:/home/user/.m2/repository/org/apache/hadoop/hadoop-ozone-recon/0.5.0-SNAPSHOT/hadoop-ozone-recon-0.5.0-SNAPSHOT.jar:/home/user/.m2/repository/org/apache/hadoop/hadoop-ozone-reconcodegen/0.5.0-SNAPSHOT/hadoop-ozone-reconcodegen-0.5.0-SNAPSHOT.jar:/home/user/.m2/repository/com/google/inject/extensions/guice-multibindings/4.0/guice-multibindings-4.0.jar:/home/user/.m2/repository/com/google/inject/guice/4.0/guice-4.0.jar:/home/user/.m2/repository/aopalliance/aopalliance/1.0/aopalliance-1.0.jar:/home/user/.m2/repository/com/google/inject/extensions/guice-servlet/4.0/guice-servlet-4.0.jar:/home/user/.m2/repository/org/glassfish/jersey/containers/jersey-container-servlet/2.27/jersey-container-servlet-2.27.jar:/home/user/.m2/repository/org/glassfish/hk2/guice-bridge/2.5.0/guice-bridge-2.5.0.jar:/home/user/.m2/repository/org/glassfish/jersey/core/jersey-server/2.27/jersey-server-2.27.jar:/home/user/.m2/repository/org/glassfish/jersey/core/jersey-client/2.27/jersey-client-2.27.jar:/home/user/.m2/repository/org/glassfish/jersey/media/jersey-media-jaxb/2.27/jersey-media-jaxb-2.27.jar:/home/user/.m2/repository/javax/validation/validation-api/1.1.0.Final/validation-api-1.1.0.Final.jar:/home/user/.m2/repository/org/glassfish/jersey/media/jersey-media-json-jackson/2.27/jersey-media-json-jackson-2.27.jar:/home/user/.m2/repository/org/glassfish/jersey/ext/jersey-entity-filtering/2.27/jersey-entity-filtering-2.27.jar:/home/user/.m2/repository/com/google/inject/extensions/guice-assistedinject/4.0/guice-assistedinject-4.0.jar:/home/user/.m2/repository/org/jooq/jooq/3.11.10/jooq-3.11.10.jar:/home/user/.m2/repository/org/jooq/jooq-meta/3.11.10/jooq-meta-3.11.10.jar:/home/user/.m2/repository/org/jooq/jooq-codegen/3.11.10/jooq-codegen-3.11.10.jar:/home/user/.m2/repository/com/jolbox/bonecp/0.8.0.RELEASE/bonecp-0.8.0.RELEASE.jar:/home/user/.m2/repository/org/xerial/sqlite-jdbc/3.25.2/sqlite-jdbc-3.25.2.jar:/home/user/.m2/repository/org/springframework/spring-jdbc/5.1.3.RELEASE/spring-jdbc-5.1.3.RELEASE.jar:/home/user/.m2/repository/org/springframework/spring-beans/5.1.3.RELEASE/spring-beans-5.1.3.RELEASE.jar:/home/user/.m2/repository/org/springframework/spring-core/5.1.3.RELEASE/spring-core-5.1.3.RELEASE.jar:/home/user/.m2/repository/org/springframework/spring-jcl/5.1.3.RELEASE/spring-jcl-5.1.3.RELEASE.jar:/home/user/.m2/repository/org/springframework/spring-tx/5.1.3.RELEASE/spring-tx-5.1.3.RELEASE.jar:/home/user/.m2/repository/org/apache/hadoop/hadoop-ozone-client/0.5.0-SNAPSHOT/hadoop-ozone-client-0.5.0-SNAPSHOT.jar:/home/user/.m2/repository/commons-lang/commons-lang/2.6/commons-lang-2.6.jar:/home/user/.m2/repository/org/apache/hadoop/hadoop-ozone-ozone-manager/0.5.0-SNAPSHOT/hadoop-ozone-ozone-manager-0.5.0-SNAPSHOT-tests.jar:/home/user/.m2/repository/junit/junit/4.11/junit-4.11.jar:/home/user/.m2/repository/org/hamcrest/hamcrest-core/1.3/hamcrest-core-1.3.jar:/home/user/.m2/repository/org/openjdk/jmh/jmh-core/1.19/jmh-core-1.19.jar:/home/user/.m2/repository/net/sf/jopt-simple/jopt-simple/4.6/jopt-simple-4.6.jar:/home/user/.m2/repository/org/apache/commons/commons-math3/3.1.1/commons-math3-3.1.1.jar:/home/user/.m2/repository/org/openjdk/jmh/jmh-generator-annprocess/1.19/jmh-generator-annprocess-1.19.jar:/home/user/.m2/repository/org/mockito/mockito-all/1.8.5/mockito-all-1.8.5.jar:/home/user/.m2/repository/org/apache/hadoop/hadoop-kms/3.2.0/hadoop-kms-3.2.0.jar:/home/user/.m2/repository/org/apache/hadoop/hadoop-auth/3.2.0/hadoop-auth-3.2.0.jar:/home/user/.m2/repository/com/nimbusds/nimbus-jose-jwt/4.41.1/nimbus-jose-jwt-4.41.1.jar:/home/user/.m2/repository/com/github/stephenc/jcip/jcip-annotations/1.0-1/jcip-annotations-1.0-1.jar:/home/user/.m2/repository/net/minidev/json-smart/2.3/json-smart-2.3.jar:/home/user/.m2/repository/net/minidev/accessors-smart/1.2/accessors-smart-1.2.jar:/home/user/.m2/repository/org/ow2/asm/asm/5.0.4/asm-5.0.4.jar:/home/user/.m2/repository/org/apache/curator/curator-framework/2.12.0/curator-framework-2.12.0.jar:/home/user/.m2/repository/com/sun/jersey/jersey-core/1.19/jersey-core-1.19.jar:/home/user/.m2/repository/javax/ws/rs/jsr311-api/1.1.1/jsr311-api-1.1.1.jar:/home/user/.m2/repository/com/sun/jersey/jersey-server/1.19/jersey-server-1.19.jar:/home/user/.m2/repository/javax/servlet/javax.servlet-api/3.1.0/javax.servlet-api-3.1.0.jar:/home/user/.m2/repository/org/eclipse/jetty/jetty-server/9.3.25.v20180904/jetty-server-9.3.25.v20180904.jar:/home/user/.m2/repository/org/eclipse/jetty/jetty-http/9.3.25.v20180904/jetty-http-9.3.25.v20180904.jar:/home/user/.m2/repository/org/eclipse/jetty/jetty-io/9.3.25.v20180904/jetty-io-9.3.25.v20180904.jar:/home/user/.m2/repository/org/eclipse/jetty/jetty-webapp/9.3.25.v20180904/jetty-webapp-9.3.25.v20180904.jar:/home/user/.m2/repository/org/eclipse/jetty/jetty-xml/9.3.25.v20180904/jetty-xml-9.3.25.v20180904.jar:/home/user/.m2/repository/log4j/log4j/1.2.17/log4j-1.2.17.jar:/home/user/.m2/repository/org/slf4j/slf4j-api/1.7.25/slf4j-api-1.7.25.jar:/home/user/.m2/repository/org/slf4j/jul-to-slf4j/1.7.25/jul-to-slf4j-1.7.25.jar:/home/user/.m2/repository/org/eclipse/jetty/jetty-util/9.3.25.v20180904/jetty-util-9.3.25.v20180904.jar:/home/user/.m2/repository/com/fasterxml/jackson/core/jackson-databind/2.9.9/jackson-databind-2.9.9.jar:/home/user/.m2/repository/org/apache/hadoop/hadoop-kms/3.2.0/hadoop-kms-3.2.0-tests.jar:/home/user/.m2/repository/org/apache/hadoop/hadoop-hdds-server-scm/0.5.0-SNAPSHOT/hadoop-hdds-server-scm-0.5.0-SNAPSHOT-tests.jar:/home/user/.m2/repository/org/apache/hadoop/hadoop-hdds-container-service/0.5.0-SNAPSHOT/hadoop-hdds-container-service-0.5.0-SNAPSHOT-tests.jar:/home/user/.m2/repository/org/yaml/snakeyaml/1.16/snakeyaml-1.16.jar:/home/user/.m2/repository/org/apache/hadoop/hadoop-common/3.2.0/hadoop-common-3.2.0-tests.jar:/home/user/.m2/repository/org/apache/hadoop/hadoop-annotations/3.2.0/hadoop-annotations-3.2.0.jar:/usr/lib/jvm/java-1.8.0-openjdk-1.8.0.222.b10-1.el7_7.x86_64/jre/../lib/tools.jar:/home/user/.m2/repository/commons-cli/commons-cli/1.2/commons-cli-1.2.jar:/home/user/.m2/repository/org/apache/httpcomponents/httpclient/4.5.2/httpclient-4.5.2.jar:/home/user/.m2/repository/org/apache/httpcomponents/httpcore/4.4.4/httpcore-4.4.4.jar:/home/user/.m2/repository/commons-codec/commons-codec/1.11/commons-codec-1.11.jar:/home/user/.m2/repository/commons-net/commons-net/3.6/commons-net-3.6.jar:/home/user/.m2/repository/commons-collections/commons-collections/3.2.2/commons-collections-3.2.2.jar:/home/user/.m2/repository/org/eclipse/jetty/jetty-servlet/9.3.25.v20180904/jetty-servlet-9.3.25.v20180904.jar:/home/user/.m2/repository/org/eclipse/jetty/jetty-security/9.3.25.v20180904/jetty-security-9.3.25.v20180904.jar:/home/user/.m2/repository/javax/servlet/jsp/jsp-api/2.1/jsp-api-2.1.jar:/home/user/.m2/repository/com/sun/jersey/jersey-servlet/1.19/jersey-servlet-1.19.jar:/home/user/.m2/repository/com/sun/jersey/jersey-json/1.19/jersey-json-1.19.jar:/home/user/.m2/repository/org/codehaus/jettison/jettison/1.1/jettison-1.1.jar:/home/user/.m2/repository/org/codehaus/jackson/jackson-core-asl/1.9.13/jackson-core-asl-1.9.13.jar:/home/user/.m2/repository/org/codehaus/jackson/jackson-mapper-asl/1.9.13/jackson-mapper-asl-1.9.13.jar:/home/user/.m2/repository/org/codehaus/jackson/jackson-jaxrs/1.9.13/jackson-jaxrs-1.9.13.jar:/home/user/.m2/repository/org/codehaus/jackson/jackson-xc/1.9.13/jackson-xc-1.9.13.jar:/home/user/.m2/repository/commons-logging/commons-logging/1.1.3/commons-logging-1.1.3.jar:/home/user/.m2/repository/commons-beanutils/commons-beanutils/1.9.4/commons-beanutils-1.9.4.jar:/home/user/.m2/repository/org/apache/commons/commons-configuration2/2.1.1/commons-configuration2-2.1.1.jar:/home/user/.m2/repository/org/apache/commons/commons-lang3/3.7/commons-lang3-3.7.jar:/home/user/.m2/repository/org/apache/commons/commons-text/1.4/commons-text-1.4.jar:/home/user/.m2/repository/org/apache/avro/avro/1.7.7/avro-1.7.7.jar:/home/user/.m2/repository/com/thoughtworks/paranamer/paranamer/2.3/paranamer-2.3.jar:/home/user/.m2/repository/org/xerial/snappy/snappy-java/1.0.5/snappy-java-1.0.5.jar:/home/user/.m2/repository/com/google/re2j/re2j/1.1/re2j-1.1.jar:/home/user/.m2/repository/com/google/code/gson/gson/2.2.4/gson-2.2.4.jar:/home/user/.m2/repository/com/jcraft/jsch/0.1.54/jsch-0.1.54.jar:/home/user/.m2/repository/org/apache/curator/curator-client/2.12.0/curator-client-2.12.0.jar:/home/user/.m2/repository/org/apache/curator/curator-recipes/2.12.0/curator-recipes-2.12.0.jar:/home/user/.m2/repository/com/google/code/findbugs/jsr305/3.0.0/jsr305-3.0.0.jar:/home/user/.m2/repository/org/apache/htrace/htrace-core4/4.1.0-incubating/htrace-core4-4.1.0-incubating.jar:/home/user/.m2/repository/org/apache/zookeeper/zookeeper/3.4.13/zookeeper-3.4.13.jar:/home/user/.m2/repository/jline/jline/0.9.94/jline-0.9.94.jar:/home/user/.m2/repository/org/apache/yetus/audience-annotations/0.5.0/audience-annotations-0.5.0.jar:/home/user/.m2/repository/org/codehaus/woodstox/stax2-api/3.1.4/stax2-api-3.1.4.jar:/home/user/.m2/repository/com/fasterxml/woodstox/woodstox-core/5.0.3/woodstox-core-5.0.3.jar:/home/user/.m2/repository/dnsjava/dnsjava/2.1.7/dnsjava-2.1.7.jar:/home/user/.m2/repository/org/apache/hadoop/hadoop-hdfs/3.2.0/hadoop-hdfs-3.2.0-tests.jar:/home/user/.m2/repository/org/eclipse/jetty/jetty-util-ajax/9.3.25.v20180904/jetty-util-ajax-9.3.25.v20180904.jar:/home/user/.m2/repository/commons-daemon/commons-daemon/1.0.13/commons-daemon-1.0.13.jar:/home/user/.m2/repository/io/netty/netty/3.10.5.Final/netty-3.10.5.Final.jar:/home/user/.m2/repository/io/netty/netty-all/4.0.52.Final/netty-all-4.0.52.Final.jar:/home/user/.m2/repository/org/fusesource/leveldbjni/leveldbjni-all/1.8/leveldbjni-all-1.8.jar:"/>
    <property name="sun.cpu.endian" value="little"/>
    <property name="user.home" value="/home/user"/>
    <property name="user.language" value="en"/>
    <property name="java.specification.vendor" value="Oracle Corporation"/>
    <property name="java.home" value="/usr/lib/jvm/java-1.8.0-openjdk-1.8.0.222.b10-1.el7_7.x86_64/jre"/>
    <property name="surefire.excludesFile" value="/tools/ozone-bad-unit-tests"/>
    <property name="java.security.krb5.conf" value="/workdir/hadoop-ozone/integration-test/target/test-classes/krb5.conf"/>
    <property name="basedir" value="/workdir/hadoop-ozone/integration-test"/>
    <property name="file.separator" value="/"/>
    <property name="line.separator" value="&#10;"/>
    <property name="java.vm.specification.vendor" value="Oracle Corporation"/>
    <property name="java.specification.name" value="Java Platform API Specification"/>
    <property name="java.awt.graphicsenv" value="sun.awt.X11GraphicsEnvironment"/>
    <property name="surefire.real.class.path" value="/workdir/hadoop-ozone/integration-test/target/surefire/surefirebooter8828236856493860782.jar"/>
    <property name="hadoop.log.dir" value="/workdir/hadoop-ozone/integration-test/target/log"/>
    <property name="sun.boot.class.path" value="/usr/lib/jvm/java-1.8.0-openjdk-1.8.0.222.b10-1.el7_7.x86_64/jre/lib/resources.jar:/usr/lib/jvm/java-1.8.0-openjdk-1.8.0.222.b10-1.el7_7.x86_64/jre/lib/rt.jar:/usr/lib/jvm/java-1.8.0-openjdk-1.8.0.222.b10-1.el7_7.x86_64/jre/lib/sunrsasign.jar:/usr/lib/jvm/java-1.8.0-openjdk-1.8.0.222.b10-1.el7_7.x86_64/jre/lib/jsse.jar:/usr/lib/jvm/java-1.8.0-openjdk-1.8.0.222.b10-1.el7_7.x86_64/jre/lib/jce.jar:/usr/lib/jvm/java-1.8.0-openjdk-1.8.0.222.b10-1.el7_7.x86_64/jre/lib/charsets.jar:/usr/lib/jvm/java-1.8.0-openjdk-1.8.0.222.b10-1.el7_7.x86_64/jre/lib/jfr.jar:/usr/lib/jvm/java-1.8.0-openjdk-1.8.0.222.b10-1.el7_7.x86_64/jre/classes"/>
    <property name="sun.management.compiler" value="HotSpot 64-Bit Tiered Compilers"/>
    <property name="java.runtime.version" value="1.8.0_222-b10"/>
    <property name="java.net.preferIPv4Stack" value="true"/>
    <property name="user.name" value="jenkins1000"/>
    <property name="path.separator" value=":"/>
    <property name="java.security.egd" value="file:///dev/urandom"/>
    <property name="os.version" value="3.10.0-957.12.2.el7.x86_64"/>
    <property name="java.endorsed.dirs" value="/usr/lib/jvm/java-1.8.0-openjdk-1.8.0.222.b10-1.el7_7.x86_64/jre/lib/endorsed"/>
    <property name="java.runtime.name" value="OpenJDK Runtime Environment"/>
    <property name="file.encoding" value="ANSI_X3.4-1968"/>
    <property name="java.vm.name" value="OpenJDK 64-Bit Server VM"/>
    <property name="test.build.webapps" value=""/>
    <property name="localRepository" value="/home/user/.m2/repository"/>
    <property name="java.vendor.url.bug" value="http://bugreport.sun.com/bugreport/"/>
    <property name="java.io.tmpdir" value="/tmp"/>
    <property name="require.test.libhadoop" value=""/>
    <property name="java.version" value="1.8.0_222"/>
    <property name="user.dir" value="/workdir/hadoop-ozone/integration-test"/>
    <property name="os.arch" value="amd64"/>
    <property name="java.vm.specification.name" value="Java Virtual Machine Specification"/>
    <property name="test.build.classes" value="/workdir/hadoop-ozone/integration-test/target/test-classes"/>
    <property name="java.awt.printerjob" value="sun.print.PSPrinterJob"/>
    <property name="sun.os.patch.level" value="unknown"/>
    <property name="hadoop.tmp.dir" value="/workdir/hadoop-ozone/integration-test/target/tmp"/>
    <property name="java.library.path" value="/usr/lib:/workdir/hadoop-ozone/integration-test/target/native/target/usr/local/lib:/workdir/hadoop-ozone/integration-test/../../hadoop-common-project/hadoop-common/target/native/target/usr/local/lib:/usr/java/packages/lib/amd64:/usr/lib64:/lib64:/lib:/usr/lib"/>
    <property name="java.vm.info" value="mixed mode"/>
    <property name="java.vendor" value="Oracle Corporation"/>
    <property name="java.vm.version" value="25.222-b10"/>
    <property name="java.ext.dirs" value="/usr/lib/jvm/java-1.8.0-openjdk-1.8.0.222.b10-1.el7_7.x86_64/jre/lib/ext:/usr/java/packages/lib/ext"/>
    <property name="sun.io.unicode.encoding" value="UnicodeLittle"/>
    <property name="java.class.version" value="52.0"/>
  </properties>
  <testcase name="testDeleteKeyWithSlowFollower" classname="org.apache.hadoop.ozone.client.rpc.TestDeleteWithSlowFollower" time="118.427">
    <failure type="java.lang.AssertionError">java.lang.AssertionError
	at org.junit.Assert.fail(Assert.java:86)
	at org.junit.Assert.assertTrue(Assert.java:41)
	at org.junit.Assert.assertTrue(Assert.java:52)
	at org.apache.hadoop.ozone.client.rpc.TestDeleteWithSlowFollower.testDeleteKeyWithSlowFollower(TestDeleteWithSlowFollower.java:265)
	at sun.reflect.NativeMethodAccessorImpl.invoke0(Native Method)
	at sun.reflect.NativeMethodAccessorImpl.invoke(NativeMethodAccessorImpl.java:62)
	at sun.reflect.DelegatingMethodAccessorImpl.invoke(DelegatingMethodAccessorImpl.java:43)
	at java.lang.reflect.Method.invoke(Method.java:498)
	at org.junit.runners.model.FrameworkMethod$1.runReflectiveCall(FrameworkMethod.java:47)
	at org.junit.internal.runners.model.ReflectiveCallable.run(ReflectiveCallable.java:12)
	at org.junit.runners.model.FrameworkMethod.invokeExplosively(FrameworkMethod.java:44)
	at org.junit.internal.runners.statements.InvokeMethod.evaluate(InvokeMethod.java:17)
	at org.junit.runners.ParentRunner.runLeaf(ParentRunner.java:271)
	at org.junit.runners.BlockJUnit4ClassRunner.runChild(BlockJUnit4ClassRunner.java:70)
	at org.junit.runners.BlockJUnit4ClassRunner.runChild(BlockJUnit4ClassRunner.java:50)
	at org.junit.runners.ParentRunner$3.run(ParentRunner.java:238)
	at org.junit.runners.ParentRunner$1.schedule(ParentRunner.java:63)
	at org.junit.runners.ParentRunner.runChildren(ParentRunner.java:236)
	at org.junit.runners.ParentRunner.access$000(ParentRunner.java:53)
	at org.junit.runners.ParentRunner$2.evaluate(ParentRunner.java:229)
	at org.junit.internal.runners.statements.RunBefores.evaluate(RunBefores.java:26)
	at org.junit.internal.runners.statements.RunAfters.evaluate(RunAfters.java:27)
	at org.junit.runners.ParentRunner.run(ParentRunner.java:309)
	at org.apache.maven.surefire.junit4.JUnit4Provider.execute(JUnit4Provider.java:365)
	at org.apache.maven.surefire.junit4.JUnit4Provider.executeWithRerun(JUnit4Provider.java:273)
	at org.apache.maven.surefire.junit4.JUnit4Provider.executeTestSet(JUnit4Provider.java:238)
	at org.apache.maven.surefire.junit4.JUnit4Provider.invoke(JUnit4Provider.java:159)
	at org.apache.maven.surefire.booter.ForkedBooter.invokeProviderInSameClassLoader(ForkedBooter.java:384)
	at org.apache.maven.surefire.booter.ForkedBooter.runSuitesInProcess(ForkedBooter.java:345)
	at org.apache.maven.surefire.booter.ForkedBooter.execute(ForkedBooter.java:126)
	at org.apache.maven.surefire.booter.ForkedBooter.main(ForkedBooter.java:418)
</failure>
    <system-out><![CDATA[2019-10-24 12:10:24,544 [main] WARN  server.ServerUtils (ServerUtils.java:getScmDbDir(145)) - ozone.scm.db.dirs is not configured. We recommend adding this setting. Falling back to ozone.metadata.dirs instead.
2019-10-24 12:10:24,689 [main] WARN  server.ServerUtils (ServerUtils.java:getScmDbDir(145)) - ozone.scm.db.dirs is not configured. We recommend adding this setting. Falling back to ozone.metadata.dirs instead.
2019-10-24 12:10:24,693 [main] WARN  server.ServerUtils (ServerUtils.java:getScmDbDir(145)) - ozone.scm.db.dirs is not configured. We recommend adding this setting. Falling back to ozone.metadata.dirs instead.
2019-10-24 12:10:24,723 [main] INFO  util.log (Log.java:initialized(192)) - Logging initialized @930ms
2019-10-24 12:10:24,821 [main] INFO  db.DBStoreBuilder (DBStoreBuilder.java:addTable(127)) - using custom profile for table: deletedBlocks
2019-10-24 12:10:24,821 [main] INFO  db.DBStoreBuilder (DBStoreBuilder.java:processTables(183)) - Using default column profile:DBProfile.DISK for Table:deletedBlocks
2019-10-24 12:10:24,822 [main] INFO  db.DBStoreBuilder (DBStoreBuilder.java:addTable(127)) - using custom profile for table: validCerts
2019-10-24 12:10:24,823 [main] INFO  db.DBStoreBuilder (DBStoreBuilder.java:processTables(183)) - Using default column profile:DBProfile.DISK for Table:validCerts
2019-10-24 12:10:24,823 [main] INFO  db.DBStoreBuilder (DBStoreBuilder.java:addTable(127)) - using custom profile for table: revokedCerts
2019-10-24 12:10:24,824 [main] INFO  db.DBStoreBuilder (DBStoreBuilder.java:processTables(183)) - Using default column profile:DBProfile.DISK for Table:revokedCerts
2019-10-24 12:10:24,844 [main] INFO  db.DBStoreBuilder (DBStoreBuilder.java:addTable(127)) - using custom profile for table: default
2019-10-24 12:10:24,844 [main] INFO  db.DBStoreBuilder (DBStoreBuilder.java:processTables(189)) - Using default column profile:DBProfile.DISK for Table:default
2019-10-24 12:10:24,847 [main] INFO  db.DBStoreBuilder (DBStoreBuilder.java:getDbProfile(220)) - Using default options. DBProfile.DISK
2019-10-24 12:10:25,174 [main] INFO  net.NodeSchemaLoader (NodeSchemaLoader.java:loadSchemaFromFile(125)) - Loading file from sun.misc.CompoundEnumeration@78691363
2019-10-24 12:10:25,176 [main] INFO  net.NodeSchemaLoader (NodeSchemaLoader.java:loadSchema(171)) - Loading network topology layer schema file
2019-10-24 12:10:25,234 [main] WARN  server.ServerUtils (ServerUtils.java:sanitizeUserArgs(70)) - ozone.scm.stale.node.interval value = 1000000 is larger than max = 100000 based on the key value of ozone.scm.heartbeat.thread.interval, reset to the max value 100000.
2019-10-24 12:10:25,235 [main] WARN  server.ServerUtils (ServerUtils.java:sanitizeUserArgs(70)) - ozone.scm.stale.node.interval value = 1000000 is larger than max = 100000 based on the key value of ozone.scm.heartbeat.thread.interval, reset to the max value 100000.
2019-10-24 12:10:25,238 [main] INFO  node.SCMNodeManager (SCMNodeManager.java:<init>(116)) - Entering startup safe mode.
2019-10-24 12:10:25,297 [main] INFO  algorithms.ContainerPlacementPolicyFactory (ContainerPlacementPolicyFactory.java:getPolicy(57)) - Create container placement policy of type org.apache.hadoop.hdds.scm.container.placement.algorithms.SCMContainerPlacementRandom
2019-10-24 12:10:25,311 [main] WARN  server.ServerUtils (ServerUtils.java:getScmDbDir(145)) - ozone.scm.db.dirs is not configured. We recommend adding this setting. Falling back to ozone.metadata.dirs instead.
2019-10-24 12:10:25,380 [main] INFO  pipeline.SCMPipelineManager (SCMPipelineManager.java:initializePipelineState(132)) - No pipeline exists in current db
2019-10-24 12:10:25,382 [main] WARN  server.ServerUtils (ServerUtils.java:getScmDbDir(145)) - ozone.scm.db.dirs is not configured. We recommend adding this setting. Falling back to ozone.metadata.dirs instead.
2019-10-24 12:10:25,521 [main] WARN  events.EventQueue (EventQueue.java:fireEvent(183)) - No event handler registered for event TypedEvent{payloadType=SafeModeStatus, name='SafeModeStatus'}
2019-10-24 12:10:25,862 [main] INFO  ipc.CallQueueManager (CallQueueManager.java:<init>(84)) - Using callQueue: class java.util.concurrent.LinkedBlockingQueue, queueCapacity: 2000, scheduler: class org.apache.hadoop.ipc.DefaultRpcScheduler, ipcBackoff: false.
2019-10-24 12:10:25,990 [Socket Reader #1 for port 40331] INFO  ipc.Server (Server.java:run(1074)) - Starting Socket Reader #1 for port 40331
2019-10-24 12:10:26,030 [main] INFO  ipc.CallQueueManager (CallQueueManager.java:<init>(84)) - Using callQueue: class java.util.concurrent.LinkedBlockingQueue, queueCapacity: 2000, scheduler: class org.apache.hadoop.ipc.DefaultRpcScheduler, ipcBackoff: false.
2019-10-24 12:10:26,032 [Socket Reader #1 for port 44607] INFO  ipc.Server (Server.java:run(1074)) - Starting Socket Reader #1 for port 44607
2019-10-24 12:10:26,047 [main] INFO  ipc.CallQueueManager (CallQueueManager.java:<init>(84)) - Using callQueue: class java.util.concurrent.LinkedBlockingQueue, queueCapacity: 2000, scheduler: class org.apache.hadoop.ipc.DefaultRpcScheduler, ipcBackoff: false.
2019-10-24 12:10:26,049 [Socket Reader #1 for port 38673] INFO  ipc.Server (Server.java:run(1074)) - Starting Socket Reader #1 for port 38673
2019-10-24 12:10:26,084 [main] INFO  hdfs.DFSUtil (DFSUtil.java:httpServerTemplateForNNAndJN(1641)) - Starting Web-server for scm at: http://0.0.0.0:0
2019-10-24 12:10:26,265 [main] INFO  server.AuthenticationFilter (AuthenticationFilter.java:constructSecretProvider(240)) - Unable to initialize FileSignerSecretProvider, falling back to use random secrets.
2019-10-24 12:10:26,273 [main] WARN  http.HttpRequestLog (HttpRequestLog.java:getRequestLog(97)) - Jetty request log can only be enabled using Log4j
2019-10-24 12:10:26,280 [main] INFO  http.HttpServer2 (HttpServer2.java:addGlobalFilter(975)) - Added global filter 'safety' (class=org.apache.hadoop.http.HttpServer2$QuotingInputFilter)
2019-10-24 12:10:26,283 [main] INFO  http.HttpServer2 (HttpServer2.java:addFilter(948)) - Added filter static_user_filter (class=org.apache.hadoop.http.lib.StaticUserWebFilter$StaticUserFilter) to context scm
2019-10-24 12:10:26,283 [main] INFO  http.HttpServer2 (HttpServer2.java:addFilter(958)) - Added filter static_user_filter (class=org.apache.hadoop.http.lib.StaticUserWebFilter$StaticUserFilter) to context static
2019-10-24 12:10:26,283 [main] INFO  http.HttpServer2 (HttpServer2.java:addFilter(958)) - Added filter static_user_filter (class=org.apache.hadoop.http.lib.StaticUserWebFilter$StaticUserFilter) to context logs
2019-10-24 12:10:26,312 [main] INFO  server.StorageContainerManager (StorageContainerManager.java:start(772)) - StorageContainerLocationProtocol RPC server is listening at /0.0.0.0:38673
2019-10-24 12:10:26,368 [main] WARN  impl.MetricsConfig (MetricsConfig.java:loadFirst(134)) - Cannot locate configuration: tried hadoop-metrics2-storagecontainermanager.properties,hadoop-metrics2.properties
2019-10-24 12:10:26,381 [main] INFO  impl.MetricsSystemImpl (MetricsSystemImpl.java:startTimer(374)) - Scheduled Metric snapshot period at 10 second(s).
2019-10-24 12:10:26,381 [main] INFO  impl.MetricsSystemImpl (MetricsSystemImpl.java:start(191)) - StorageContainerManager metrics system started
2019-10-24 12:10:26,606 [main] INFO  server.SCMClientProtocolServer (SCMClientProtocolServer.java:start(159)) - RPC server for Client  is listening at /0.0.0.0:38673
2019-10-24 12:10:26,607 [IPC Server Responder] INFO  ipc.Server (Server.java:run(1314)) - IPC Server Responder: starting
2019-10-24 12:10:26,607 [IPC Server listener on 38673] INFO  ipc.Server (Server.java:run(1153)) - IPC Server listener on 38673: starting
2019-10-24 12:10:26,610 [main] INFO  server.StorageContainerManager (StorageContainerManager.java:start(782)) - ScmBlockLocationProtocol RPC server is listening at /0.0.0.0:44607
2019-10-24 12:10:26,611 [main] INFO  server.SCMBlockProtocolServer (SCMBlockProtocolServer.java:start(146)) - RPC server for Block Protocol is listening at /0.0.0.0:44607
2019-10-24 12:10:26,611 [IPC Server Responder] INFO  ipc.Server (Server.java:run(1314)) - IPC Server Responder: starting
2019-10-24 12:10:26,612 [IPC Server listener on 44607] INFO  ipc.Server (Server.java:run(1153)) - IPC Server listener on 44607: starting
2019-10-24 12:10:26,614 [main] INFO  server.StorageContainerManager (StorageContainerManager.java:start(786)) - ScmDatanodeProtocl RPC server is listening at /0.0.0.0:40331
2019-10-24 12:10:26,614 [main] INFO  server.SCMDatanodeProtocolServer (SCMDatanodeProtocolServer.java:start(169)) - RPC server for DataNodes is listening at /0.0.0.0:40331
2019-10-24 12:10:26,615 [IPC Server Responder] INFO  ipc.Server (Server.java:run(1314)) - IPC Server Responder: starting
2019-10-24 12:10:26,615 [IPC Server listener on 40331] INFO  ipc.Server (Server.java:run(1153)) - IPC Server listener on 40331: starting
2019-10-24 12:10:26,619 [main] INFO  http.HttpServer2 (HttpServer2.java:bindListener(1191)) - Jetty bound to port 41662
2019-10-24 12:10:26,621 [main] INFO  server.Server (Server.java:doStart(351)) - jetty-9.3.25.v20180904, build timestamp: 2018-09-04T21:11:46Z, git hash: 3ce520221d0240229c862b122d2b06c12a625732
2019-10-24 12:10:26,657 [main] INFO  handler.ContextHandler (ContextHandler.java:doStart(781)) - Started o.e.j.s.ServletContextHandler@2f48b3d2{/logs,file:///workdir/hadoop-ozone/integration-test/target/log,AVAILABLE}
2019-10-24 12:10:26,658 [main] INFO  handler.ContextHandler (ContextHandler.java:doStart(781)) - Started o.e.j.s.ServletContextHandler@753432a2{/static,file:///workdir/hadoop-ozone/integration-test/target/test-classes/webapps/static,AVAILABLE}
2019-10-24 12:10:26,689 [main] INFO  handler.ContextHandler (ContextHandler.java:doStart(781)) - Started o.e.j.w.WebAppContext@23a9ba52{/,file:///workdir/hadoop-ozone/integration-test/target/test-classes/webapps/scm/,AVAILABLE}{/scm}
2019-10-24 12:10:26,695 [main] INFO  server.AbstractConnector (AbstractConnector.java:doStart(278)) - Started ServerConnector@7927bd9f{HTTP/1.1,[http/1.1]}{0.0.0.0:41662}
2019-10-24 12:10:26,695 [main] INFO  server.Server (Server.java:doStart(419)) - Started @2902ms
2019-10-24 12:10:26,697 [main] INFO  impl.MetricsSinkAdapter (MetricsSinkAdapter.java:start(204)) - Sink prometheus started
2019-10-24 12:10:26,697 [main] INFO  impl.MetricsSystemImpl (MetricsSystemImpl.java:registerSink(301)) - Registered sink prometheus
2019-10-24 12:10:26,699 [main] INFO  server.BaseHttpServer (BaseHttpServer.java:updateConnectorAddress(215)) - HTTP server of SCM is listening at http://0.0.0.0:41662
2019-10-24 12:10:26,708 [org.apache.hadoop.util.JvmPauseMonitor$Monitor@3d3f761a] INFO  util.JvmPauseMonitor (JvmPauseMonitor.java:run(188)) - Starting JVM pause monitor
2019-10-24 12:10:26,713 [main] WARN  server.ServerUtils (ServerUtils.java:getDBPath(222)) - ozone.om.db.dirs is not configured. We recommend adding this setting. Falling back to ozone.metadata.dirs instead.
2019-10-24 12:10:26,860 [main] INFO  ha.OMHANodeDetails (OMHANodeDetails.java:loadOMHAConfig(190)) - Configuration either no ozone.om.address set. Falling back to the default OM address /127.0.0.1:0
2019-10-24 12:10:26,860 [main] INFO  ha.OMHANodeDetails (OMHANodeDetails.java:getOMNodeDetails(220)) - OM Service ID is not set. Setting it to the default ID: omServiceIdDefault
2019-10-24 12:10:26,862 [main] WARN  server.ServerUtils (ServerUtils.java:getDBPath(222)) - ozone.om.db.dirs is not configured. We recommend adding this setting. Falling back to ozone.metadata.dirs instead.
2019-10-24 12:10:26,863 [main] WARN  server.ServerUtils (ServerUtils.java:getDBPath(222)) - ozone.om.db.dirs is not configured. We recommend adding this setting. Falling back to ozone.metadata.dirs instead.
2019-10-24 12:10:27,552 [main] WARN  server.ServerUtils (ServerUtils.java:getDBPath(222)) - ozone.om.db.dirs is not configured. We recommend adding this setting. Falling back to ozone.metadata.dirs instead.
2019-10-24 12:10:27,559 [main] INFO  db.DBStoreBuilder (DBStoreBuilder.java:addTable(127)) - using custom profile for table: userTable
2019-10-24 12:10:27,560 [main] INFO  db.DBStoreBuilder (DBStoreBuilder.java:processTables(183)) - Using default column profile:DBProfile.DISK for Table:userTable
2019-10-24 12:10:27,560 [main] INFO  db.DBStoreBuilder (DBStoreBuilder.java:addTable(127)) - using custom profile for table: volumeTable
2019-10-24 12:10:27,560 [main] INFO  db.DBStoreBuilder (DBStoreBuilder.java:processTables(183)) - Using default column profile:DBProfile.DISK for Table:volumeTable
2019-10-24 12:10:27,560 [main] INFO  db.DBStoreBuilder (DBStoreBuilder.java:addTable(127)) - using custom profile for table: bucketTable
2019-10-24 12:10:27,561 [main] INFO  db.DBStoreBuilder (DBStoreBuilder.java:processTables(183)) - Using default column profile:DBProfile.DISK for Table:bucketTable
2019-10-24 12:10:27,561 [main] INFO  db.DBStoreBuilder (DBStoreBuilder.java:addTable(127)) - using custom profile for table: keyTable
2019-10-24 12:10:27,561 [main] INFO  db.DBStoreBuilder (DBStoreBuilder.java:processTables(183)) - Using default column profile:DBProfile.DISK for Table:keyTable
2019-10-24 12:10:27,561 [main] INFO  db.DBStoreBuilder (DBStoreBuilder.java:addTable(127)) - using custom profile for table: deletedTable
2019-10-24 12:10:27,561 [main] INFO  db.DBStoreBuilder (DBStoreBuilder.java:processTables(183)) - Using default column profile:DBProfile.DISK for Table:deletedTable
2019-10-24 12:10:27,562 [main] INFO  db.DBStoreBuilder (DBStoreBuilder.java:addTable(127)) - using custom profile for table: openKeyTable
2019-10-24 12:10:27,562 [main] INFO  db.DBStoreBuilder (DBStoreBuilder.java:processTables(183)) - Using default column profile:DBProfile.DISK for Table:openKeyTable
2019-10-24 12:10:27,562 [main] INFO  db.DBStoreBuilder (DBStoreBuilder.java:addTable(127)) - using custom profile for table: s3Table
2019-10-24 12:10:27,562 [main] INFO  db.DBStoreBuilder (DBStoreBuilder.java:processTables(183)) - Using default column profile:DBProfile.DISK for Table:s3Table
2019-10-24 12:10:27,563 [main] INFO  db.DBStoreBuilder (DBStoreBuilder.java:addTable(127)) - using custom profile for table: multipartInfoTable
2019-10-24 12:10:27,563 [main] INFO  db.DBStoreBuilder (DBStoreBuilder.java:processTables(183)) - Using default column profile:DBProfile.DISK for Table:multipartInfoTable
2019-10-24 12:10:27,563 [main] INFO  db.DBStoreBuilder (DBStoreBuilder.java:addTable(127)) - using custom profile for table: dTokenTable
2019-10-24 12:10:27,563 [main] INFO  db.DBStoreBuilder (DBStoreBuilder.java:processTables(183)) - Using default column profile:DBProfile.DISK for Table:dTokenTable
2019-10-24 12:10:27,564 [main] INFO  db.DBStoreBuilder (DBStoreBuilder.java:addTable(127)) - using custom profile for table: s3SecretTable
2019-10-24 12:10:27,564 [main] INFO  db.DBStoreBuilder (DBStoreBuilder.java:processTables(183)) - Using default column profile:DBProfile.DISK for Table:s3SecretTable
2019-10-24 12:10:27,564 [main] INFO  db.DBStoreBuilder (DBStoreBuilder.java:addTable(127)) - using custom profile for table: prefixTable
2019-10-24 12:10:27,564 [main] INFO  db.DBStoreBuilder (DBStoreBuilder.java:processTables(183)) - Using default column profile:DBProfile.DISK for Table:prefixTable
2019-10-24 12:10:27,564 [main] INFO  db.DBStoreBuilder (DBStoreBuilder.java:addTable(127)) - using custom profile for table: default
2019-10-24 12:10:27,565 [main] INFO  db.DBStoreBuilder (DBStoreBuilder.java:processTables(189)) - Using default column profile:DBProfile.DISK for Table:default
2019-10-24 12:10:27,565 [main] INFO  db.DBStoreBuilder (DBStoreBuilder.java:getDbProfile(220)) - Using default options. DBProfile.DISK
2019-10-24 12:10:27,981 [main] INFO  ipc.CallQueueManager (CallQueueManager.java:<init>(84)) - Using callQueue: class java.util.concurrent.LinkedBlockingQueue, queueCapacity: 2000, scheduler: class org.apache.hadoop.ipc.DefaultRpcScheduler, ipcBackoff: false.
2019-10-24 12:10:27,982 [Socket Reader #1 for port 43892] INFO  ipc.Server (Server.java:run(1074)) - Starting Socket Reader #1 for port 43892
2019-10-24 12:10:28,005 [main] INFO  om.OzoneManager (OzoneManager.java:start(1074)) - OzoneManager RPC server is listening at localhost/127.0.0.1:43892
2019-10-24 12:10:28,005 [main] INFO  impl.MetricsSystemImpl (MetricsSystemImpl.java:init(158)) - OzoneManager metrics system started (again)
2019-10-24 12:10:28,013 [IPC Server Responder] INFO  ipc.Server (Server.java:run(1314)) - IPC Server Responder: starting
2019-10-24 12:10:28,014 [IPC Server listener on 43892] INFO  ipc.Server (Server.java:run(1153)) - IPC Server listener on 43892: starting
2019-10-24 12:10:28,021 [main] INFO  hdfs.DFSUtil (DFSUtil.java:httpServerTemplateForNNAndJN(1641)) - Starting Web-server for ozoneManager at: http://0.0.0.0:0
2019-10-24 12:10:28,024 [main] INFO  server.AuthenticationFilter (AuthenticationFilter.java:constructSecretProvider(240)) - Unable to initialize FileSignerSecretProvider, falling back to use random secrets.
2019-10-24 12:10:28,025 [main] WARN  http.HttpRequestLog (HttpRequestLog.java:getRequestLog(97)) - Jetty request log can only be enabled using Log4j
2019-10-24 12:10:28,028 [main] INFO  http.HttpServer2 (HttpServer2.java:addGlobalFilter(975)) - Added global filter 'safety' (class=org.apache.hadoop.http.HttpServer2$QuotingInputFilter)
2019-10-24 12:10:28,029 [main] INFO  http.HttpServer2 (HttpServer2.java:addFilter(948)) - Added filter static_user_filter (class=org.apache.hadoop.http.lib.StaticUserWebFilter$StaticUserFilter) to context ozoneManager
2019-10-24 12:10:28,029 [main] INFO  http.HttpServer2 (HttpServer2.java:addFilter(958)) - Added filter static_user_filter (class=org.apache.hadoop.http.lib.StaticUserWebFilter$StaticUserFilter) to context logs
2019-10-24 12:10:28,030 [main] INFO  http.HttpServer2 (HttpServer2.java:addFilter(958)) - Added filter static_user_filter (class=org.apache.hadoop.http.lib.StaticUserWebFilter$StaticUserFilter) to context static
2019-10-24 12:10:28,033 [main] INFO  http.HttpServer2 (HttpServer2.java:bindListener(1191)) - Jetty bound to port 37713
2019-10-24 12:10:28,033 [main] INFO  server.Server (Server.java:doStart(351)) - jetty-9.3.25.v20180904, build timestamp: 2018-09-04T21:11:46Z, git hash: 3ce520221d0240229c862b122d2b06c12a625732
2019-10-24 12:10:28,036 [main] INFO  handler.ContextHandler (ContextHandler.java:doStart(781)) - Started o.e.j.s.ServletContextHandler@40ab8a8{/logs,file:///workdir/hadoop-ozone/integration-test/target/log,AVAILABLE}
2019-10-24 12:10:28,037 [main] INFO  handler.ContextHandler (ContextHandler.java:doStart(781)) - Started o.e.j.s.ServletContextHandler@65cc8228{/static,file:///workdir/hadoop-ozone/integration-test/target/test-classes/webapps/static,AVAILABLE}
2019-10-24 12:10:28,057 [main] INFO  handler.ContextHandler (ContextHandler.java:doStart(781)) - Started o.e.j.w.WebAppContext@5d235104{/,file:///workdir/hadoop-ozone/integration-test/target/test-classes/webapps/ozoneManager/,AVAILABLE}{/ozoneManager}
2019-10-24 12:10:28,059 [main] INFO  server.AbstractConnector (AbstractConnector.java:doStart(278)) - Started ServerConnector@4e8e8621{HTTP/1.1,[http/1.1]}{0.0.0.0:37713}
2019-10-24 12:10:28,059 [main] INFO  server.Server (Server.java:doStart(419)) - Started @4266ms
2019-10-24 12:10:28,060 [main] WARN  impl.MetricsSystemImpl (MetricsSystemImpl.java:register(276)) - Sink prometheus already exists!
2019-10-24 12:10:28,061 [main] INFO  server.BaseHttpServer (BaseHttpServer.java:updateConnectorAddress(215)) - HTTP server of OZONEMANAGER is listening at http://0.0.0.0:37713
2019-10-24 12:10:28,358 [main] INFO  impl.MetricsSystemImpl (MetricsSystemImpl.java:init(158)) - HddsDatanode metrics system started (again)
2019-10-24 12:10:28,407 [main] INFO  ozone.HddsDatanodeService (HddsDatanodeService.java:start(184)) - HddsDatanodeService host:pr-hdds-2358-mdv8n-1797098514 ip:192.168.164.210
2019-10-24 12:10:28,440 [main] INFO  volume.HddsVolume (HddsVolume.java:<init>(176)) - Creating Volume: /workdir/hadoop-ozone/integration-test/target/test-dir/MiniOzoneClusterImpl-fed4bbd5-3e84-4b96-98af-185ceb771cd5/datanode-0/data/containers/hdds of  storage type : DISK and capacity : 1482555576320
2019-10-24 12:10:28,442 [main] INFO  volume.VolumeSet (VolumeSet.java:initializeVolumeSet(170)) - Added Volume : /workdir/hadoop-ozone/integration-test/target/test-dir/MiniOzoneClusterImpl-fed4bbd5-3e84-4b96-98af-185ceb771cd5/datanode-0/data/containers/hdds to VolumeSet
2019-10-24 12:10:28,445 [main] INFO  volume.ThrottledAsyncChecker (ThrottledAsyncChecker.java:schedule(141)) - Scheduling a check for /workdir/hadoop-ozone/integration-test/target/test-dir/MiniOzoneClusterImpl-fed4bbd5-3e84-4b96-98af-185ceb771cd5/datanode-0/data/containers/hdds
2019-10-24 12:10:28,462 [main] INFO  volume.HddsVolumeChecker (HddsVolumeChecker.java:checkAllVolumes(204)) - Scheduled health check for volume /workdir/hadoop-ozone/integration-test/target/test-dir/MiniOzoneClusterImpl-fed4bbd5-3e84-4b96-98af-185ceb771cd5/datanode-0/data/containers/hdds
2019-10-24 12:10:28,593 [main] INFO  impl.RaftServerProxy (ConfUtils.java:logGet(43)) - raft.rpc.type = GRPC (default)
2019-10-24 12:10:28,662 [main] INFO  grpc.GrpcFactory (GrpcFactory.java:checkPooledByteBufAllocatorUseCacheForAllThreads(45)) - PERFORMANCE WARNING: useCacheForAllThreads is true that may cause Netty to create a lot garbage objects and, as a result, trigger GC.
	It is recommended to disable useCacheForAllThreads by setting -Dorg.apache.ratis.thirdparty.io.netty.allocator.useCacheForAllThreads=false in command line.
2019-10-24 12:10:28,667 [main] INFO  grpc.GrpcConfigKeys$Server (ConfUtils.java:logGet(43)) - raft.grpc.server.port = 0 (default)
2019-10-24 12:10:28,668 [main] INFO  server.GrpcService (ConfUtils.java:logGet(43)) - raft.grpc.message.size.max = 33570816 (custom)
2019-10-24 12:10:28,670 [main] INFO  server.RaftServerConfigKeys (ConfUtils.java:logGet(43)) - raft.server.log.appender.buffer.byte-limit = 33554432 (custom)
2019-10-24 12:10:28,671 [main] INFO  server.GrpcService (ConfUtils.java:logGet(43)) - raft.grpc.flow.control.window = 1MB (=1048576) (default)
2019-10-24 12:10:28,671 [main] INFO  server.RaftServerConfigKeys (ConfUtils.java:logGet(43)) - raft.server.rpc.request.timeout = 3000ms (default)
2019-10-24 12:10:28,823 [main] INFO  server.RaftServerConfigKeys (ConfUtils.java:logGet(43)) - raft.server.storage.dir = [/workdir/hadoop-ozone/integration-test/target/test-dir/MiniOzoneClusterImpl-fed4bbd5-3e84-4b96-98af-185ceb771cd5/datanode-0/data/ratis] (custom)
2019-10-24 12:10:28,871 [main] INFO  hdfs.DFSUtil (DFSUtil.java:httpServerTemplateForNNAndJN(1641)) - Starting Web-server for hddsDatanode at: http://0.0.0.0:0
2019-10-24 12:10:28,874 [main] INFO  server.AuthenticationFilter (AuthenticationFilter.java:constructSecretProvider(240)) - Unable to initialize FileSignerSecretProvider, falling back to use random secrets.
2019-10-24 12:10:28,875 [main] WARN  http.HttpRequestLog (HttpRequestLog.java:getRequestLog(97)) - Jetty request log can only be enabled using Log4j
2019-10-24 12:10:28,877 [main] INFO  http.HttpServer2 (HttpServer2.java:addGlobalFilter(975)) - Added global filter 'safety' (class=org.apache.hadoop.http.HttpServer2$QuotingInputFilter)
2019-10-24 12:10:28,878 [main] INFO  http.HttpServer2 (HttpServer2.java:addFilter(948)) - Added filter static_user_filter (class=org.apache.hadoop.http.lib.StaticUserWebFilter$StaticUserFilter) to context hddsDatanode
2019-10-24 12:10:28,879 [main] INFO  http.HttpServer2 (HttpServer2.java:addFilter(958)) - Added filter static_user_filter (class=org.apache.hadoop.http.lib.StaticUserWebFilter$StaticUserFilter) to context logs
2019-10-24 12:10:28,879 [main] INFO  http.HttpServer2 (HttpServer2.java:addFilter(958)) - Added filter static_user_filter (class=org.apache.hadoop.http.lib.StaticUserWebFilter$StaticUserFilter) to context static
2019-10-24 12:10:28,881 [main] INFO  http.HttpServer2 (HttpServer2.java:bindListener(1191)) - Jetty bound to port 34992
2019-10-24 12:10:28,881 [main] INFO  server.Server (Server.java:doStart(351)) - jetty-9.3.25.v20180904, build timestamp: 2018-09-04T21:11:46Z, git hash: 3ce520221d0240229c862b122d2b06c12a625732
2019-10-24 12:10:28,885 [main] INFO  handler.ContextHandler (ContextHandler.java:doStart(781)) - Started o.e.j.s.ServletContextHandler@6c008c24{/logs,file:///workdir/hadoop-ozone/integration-test/target/log,AVAILABLE}
2019-10-24 12:10:28,886 [main] INFO  handler.ContextHandler (ContextHandler.java:doStart(781)) - Started o.e.j.s.ServletContextHandler@21079a12{/static,jar:file:/home/user/.m2/repository/org/apache/hadoop/hadoop-hdds-container-service/0.5.0-SNAPSHOT/hadoop-hdds-container-service-0.5.0-SNAPSHOT.jar!/webapps/static,AVAILABLE}
2019-10-24 12:10:28,933 [main] INFO  handler.ContextHandler (ContextHandler.java:doStart(781)) - Started o.e.j.w.WebAppContext@673919a7{/,file:///tmp/jetty-0.0.0.0-34992-hddsDatanode-_-any-1902429816480915209.dir/webapp/,AVAILABLE}{/hddsDatanode}
2019-10-24 12:10:28,934 [main] INFO  server.AbstractConnector (AbstractConnector.java:doStart(278)) - Started ServerConnector@25d93198{HTTP/1.1,[http/1.1]}{0.0.0.0:34992}
2019-10-24 12:10:28,934 [main] INFO  server.Server (Server.java:doStart(419)) - Started @5141ms
2019-10-24 12:10:28,935 [main] WARN  impl.MetricsSystemImpl (MetricsSystemImpl.java:register(276)) - Sink prometheus already exists!
2019-10-24 12:10:28,936 [main] INFO  server.BaseHttpServer (BaseHttpServer.java:updateConnectorAddress(215)) - HTTP server of HDDSDATANODE is listening at http://0.0.0.0:34992
2019-10-24 12:10:28,937 [main] INFO  impl.MetricsSystemImpl (MetricsSystemImpl.java:init(158)) - HddsDatanode metrics system started (again)
2019-10-24 12:10:28,940 [main] INFO  ozone.HddsDatanodeService (HddsDatanodeService.java:start(184)) - HddsDatanodeService host:pr-hdds-2358-mdv8n-1797098514 ip:192.168.164.210
2019-10-24 12:10:28,943 [org.apache.hadoop.util.JvmPauseMonitor$Monitor@1366dddb] INFO  util.JvmPauseMonitor (JvmPauseMonitor.java:run(188)) - Starting JVM pause monitor
2019-10-24 12:10:28,951 [main] INFO  volume.HddsVolume (HddsVolume.java:<init>(176)) - Creating Volume: /workdir/hadoop-ozone/integration-test/target/test-dir/MiniOzoneClusterImpl-fed4bbd5-3e84-4b96-98af-185ceb771cd5/datanode-1/data/containers/hdds of  storage type : DISK and capacity : 1482555576320
2019-10-24 12:10:28,952 [main] INFO  volume.VolumeSet (VolumeSet.java:initializeVolumeSet(170)) - Added Volume : /workdir/hadoop-ozone/integration-test/target/test-dir/MiniOzoneClusterImpl-fed4bbd5-3e84-4b96-98af-185ceb771cd5/datanode-1/data/containers/hdds to VolumeSet
2019-10-24 12:10:28,952 [main] INFO  volume.ThrottledAsyncChecker (ThrottledAsyncChecker.java:schedule(141)) - Scheduling a check for /workdir/hadoop-ozone/integration-test/target/test-dir/MiniOzoneClusterImpl-fed4bbd5-3e84-4b96-98af-185ceb771cd5/datanode-1/data/containers/hdds
2019-10-24 12:10:28,953 [main] INFO  volume.HddsVolumeChecker (HddsVolumeChecker.java:checkAllVolumes(204)) - Scheduled health check for volume /workdir/hadoop-ozone/integration-test/target/test-dir/MiniOzoneClusterImpl-fed4bbd5-3e84-4b96-98af-185ceb771cd5/datanode-1/data/containers/hdds
2019-10-24 12:10:28,967 [main] INFO  impl.RaftServerProxy (ConfUtils.java:logGet(43)) - raft.rpc.type = GRPC (default)
2019-10-24 12:10:28,968 [main] INFO  grpc.GrpcFactory (GrpcFactory.java:checkPooledByteBufAllocatorUseCacheForAllThreads(45)) - PERFORMANCE WARNING: useCacheForAllThreads is true that may cause Netty to create a lot garbage objects and, as a result, trigger GC.
	It is recommended to disable useCacheForAllThreads by setting -Dorg.apache.ratis.thirdparty.io.netty.allocator.useCacheForAllThreads=false in command line.
2019-10-24 12:10:28,968 [main] INFO  grpc.GrpcConfigKeys$Server (ConfUtils.java:logGet(43)) - raft.grpc.server.port = 0 (default)
2019-10-24 12:10:28,968 [main] INFO  server.GrpcService (ConfUtils.java:logGet(43)) - raft.grpc.message.size.max = 33570816 (custom)
2019-10-24 12:10:28,968 [main] INFO  server.RaftServerConfigKeys (ConfUtils.java:logGet(43)) - raft.server.log.appender.buffer.byte-limit = 33554432 (custom)
2019-10-24 12:10:28,969 [main] INFO  server.GrpcService (ConfUtils.java:logGet(43)) - raft.grpc.flow.control.window = 1MB (=1048576) (default)
2019-10-24 12:10:28,969 [main] INFO  server.RaftServerConfigKeys (ConfUtils.java:logGet(43)) - raft.server.rpc.request.timeout = 3000ms (default)
2019-10-24 12:10:28,969 [main] INFO  server.RaftServerConfigKeys (ConfUtils.java:logGet(43)) - raft.server.storage.dir = [/workdir/hadoop-ozone/integration-test/target/test-dir/MiniOzoneClusterImpl-fed4bbd5-3e84-4b96-98af-185ceb771cd5/datanode-1/data/ratis] (custom)
2019-10-24 12:10:28,971 [main] INFO  hdfs.DFSUtil (DFSUtil.java:httpServerTemplateForNNAndJN(1641)) - Starting Web-server for hddsDatanode at: http://0.0.0.0:0
2019-10-24 12:10:28,973 [main] INFO  server.AuthenticationFilter (AuthenticationFilter.java:constructSecretProvider(240)) - Unable to initialize FileSignerSecretProvider, falling back to use random secrets.
2019-10-24 12:10:28,973 [main] WARN  http.HttpRequestLog (HttpRequestLog.java:getRequestLog(97)) - Jetty request log can only be enabled using Log4j
2019-10-24 12:10:28,975 [main] INFO  http.HttpServer2 (HttpServer2.java:addGlobalFilter(975)) - Added global filter 'safety' (class=org.apache.hadoop.http.HttpServer2$QuotingInputFilter)
2019-10-24 12:10:28,975 [main] INFO  http.HttpServer2 (HttpServer2.java:addFilter(948)) - Added filter static_user_filter (class=org.apache.hadoop.http.lib.StaticUserWebFilter$StaticUserFilter) to context hddsDatanode
2019-10-24 12:10:28,976 [main] INFO  http.HttpServer2 (HttpServer2.java:addFilter(958)) - Added filter static_user_filter (class=org.apache.hadoop.http.lib.StaticUserWebFilter$StaticUserFilter) to context logs
2019-10-24 12:10:28,976 [main] INFO  http.HttpServer2 (HttpServer2.java:addFilter(958)) - Added filter static_user_filter (class=org.apache.hadoop.http.lib.StaticUserWebFilter$StaticUserFilter) to context static
2019-10-24 12:10:28,976 [main] INFO  http.HttpServer2 (HttpServer2.java:bindListener(1191)) - Jetty bound to port 45602
2019-10-24 12:10:28,977 [main] INFO  server.Server (Server.java:doStart(351)) - jetty-9.3.25.v20180904, build timestamp: 2018-09-04T21:11:46Z, git hash: 3ce520221d0240229c862b122d2b06c12a625732
2019-10-24 12:10:28,980 [main] INFO  handler.ContextHandler (ContextHandler.java:doStart(781)) - Started o.e.j.s.ServletContextHandler@30364216{/logs,file:///workdir/hadoop-ozone/integration-test/target/log,AVAILABLE}
2019-10-24 12:10:28,981 [main] INFO  handler.ContextHandler (ContextHandler.java:doStart(781)) - Started o.e.j.s.ServletContextHandler@1e8ab90f{/static,jar:file:/home/user/.m2/repository/org/apache/hadoop/hadoop-hdds-container-service/0.5.0-SNAPSHOT/hadoop-hdds-container-service-0.5.0-SNAPSHOT.jar!/webapps/static,AVAILABLE}
2019-10-24 12:10:29,013 [main] INFO  handler.ContextHandler (ContextHandler.java:doStart(781)) - Started o.e.j.w.WebAppContext@60325987{/,file:///tmp/jetty-0.0.0.0-45602-hddsDatanode-_-any-547088482751077932.dir/webapp/,AVAILABLE}{/hddsDatanode}
2019-10-24 12:10:29,013 [main] INFO  server.AbstractConnector (AbstractConnector.java:doStart(278)) - Started ServerConnector@2f37f1f9{HTTP/1.1,[http/1.1]}{0.0.0.0:45602}
2019-10-24 12:10:29,014 [main] INFO  server.Server (Server.java:doStart(419)) - Started @5221ms
2019-10-24 12:10:29,014 [main] WARN  impl.MetricsSystemImpl (MetricsSystemImpl.java:register(276)) - Sink prometheus already exists!
2019-10-24 12:10:29,016 [main] INFO  server.BaseHttpServer (BaseHttpServer.java:updateConnectorAddress(215)) - HTTP server of HDDSDATANODE is listening at http://0.0.0.0:45602
2019-10-24 12:10:29,016 [main] INFO  impl.MetricsSystemImpl (MetricsSystemImpl.java:init(158)) - HddsDatanode metrics system started (again)
2019-10-24 12:10:29,019 [main] INFO  ozone.HddsDatanodeService (HddsDatanodeService.java:start(184)) - HddsDatanodeService host:pr-hdds-2358-mdv8n-1797098514 ip:192.168.164.210
2019-10-24 12:10:29,019 [org.apache.hadoop.util.JvmPauseMonitor$Monitor@124421fd] INFO  util.JvmPauseMonitor (JvmPauseMonitor.java:run(188)) - Starting JVM pause monitor
2019-10-24 12:10:29,029 [main] INFO  volume.HddsVolume (HddsVolume.java:<init>(176)) - Creating Volume: /workdir/hadoop-ozone/integration-test/target/test-dir/MiniOzoneClusterImpl-fed4bbd5-3e84-4b96-98af-185ceb771cd5/datanode-2/data/containers/hdds of  storage type : DISK and capacity : 1482555576320
2019-10-24 12:10:29,030 [main] INFO  volume.VolumeSet (VolumeSet.java:initializeVolumeSet(170)) - Added Volume : /workdir/hadoop-ozone/integration-test/target/test-dir/MiniOzoneClusterImpl-fed4bbd5-3e84-4b96-98af-185ceb771cd5/datanode-2/data/containers/hdds to VolumeSet
2019-10-24 12:10:29,030 [main] INFO  volume.ThrottledAsyncChecker (ThrottledAsyncChecker.java:schedule(141)) - Scheduling a check for /workdir/hadoop-ozone/integration-test/target/test-dir/MiniOzoneClusterImpl-fed4bbd5-3e84-4b96-98af-185ceb771cd5/datanode-2/data/containers/hdds
2019-10-24 12:10:29,031 [main] INFO  volume.HddsVolumeChecker (HddsVolumeChecker.java:checkAllVolumes(204)) - Scheduled health check for volume /workdir/hadoop-ozone/integration-test/target/test-dir/MiniOzoneClusterImpl-fed4bbd5-3e84-4b96-98af-185ceb771cd5/datanode-2/data/containers/hdds
2019-10-24 12:10:29,044 [main] INFO  impl.RaftServerProxy (ConfUtils.java:logGet(43)) - raft.rpc.type = GRPC (default)
2019-10-24 12:10:29,045 [main] INFO  grpc.GrpcFactory (GrpcFactory.java:checkPooledByteBufAllocatorUseCacheForAllThreads(45)) - PERFORMANCE WARNING: useCacheForAllThreads is true that may cause Netty to create a lot garbage objects and, as a result, trigger GC.
	It is recommended to disable useCacheForAllThreads by setting -Dorg.apache.ratis.thirdparty.io.netty.allocator.useCacheForAllThreads=false in command line.
2019-10-24 12:10:29,045 [main] INFO  grpc.GrpcConfigKeys$Server (ConfUtils.java:logGet(43)) - raft.grpc.server.port = 0 (default)
2019-10-24 12:10:29,045 [main] INFO  server.GrpcService (ConfUtils.java:logGet(43)) - raft.grpc.message.size.max = 33570816 (custom)
2019-10-24 12:10:29,045 [main] INFO  server.RaftServerConfigKeys (ConfUtils.java:logGet(43)) - raft.server.log.appender.buffer.byte-limit = 33554432 (custom)
2019-10-24 12:10:29,046 [main] INFO  server.GrpcService (ConfUtils.java:logGet(43)) - raft.grpc.flow.control.window = 1MB (=1048576) (default)
2019-10-24 12:10:29,046 [main] INFO  server.RaftServerConfigKeys (ConfUtils.java:logGet(43)) - raft.server.rpc.request.timeout = 3000ms (default)
2019-10-24 12:10:29,046 [main] INFO  server.RaftServerConfigKeys (ConfUtils.java:logGet(43)) - raft.server.storage.dir = [/workdir/hadoop-ozone/integration-test/target/test-dir/MiniOzoneClusterImpl-fed4bbd5-3e84-4b96-98af-185ceb771cd5/datanode-2/data/ratis] (custom)
2019-10-24 12:10:29,049 [main] INFO  hdfs.DFSUtil (DFSUtil.java:httpServerTemplateForNNAndJN(1641)) - Starting Web-server for hddsDatanode at: http://0.0.0.0:0
2019-10-24 12:10:29,050 [main] INFO  server.AuthenticationFilter (AuthenticationFilter.java:constructSecretProvider(240)) - Unable to initialize FileSignerSecretProvider, falling back to use random secrets.
2019-10-24 12:10:29,051 [main] WARN  http.HttpRequestLog (HttpRequestLog.java:getRequestLog(97)) - Jetty request log can only be enabled using Log4j
2019-10-24 12:10:29,052 [main] INFO  http.HttpServer2 (HttpServer2.java:addGlobalFilter(975)) - Added global filter 'safety' (class=org.apache.hadoop.http.HttpServer2$QuotingInputFilter)
2019-10-24 12:10:29,053 [main] INFO  http.HttpServer2 (HttpServer2.java:addFilter(948)) - Added filter static_user_filter (class=org.apache.hadoop.http.lib.StaticUserWebFilter$StaticUserFilter) to context hddsDatanode
2019-10-24 12:10:29,053 [main] INFO  http.HttpServer2 (HttpServer2.java:addFilter(958)) - Added filter static_user_filter (class=org.apache.hadoop.http.lib.StaticUserWebFilter$StaticUserFilter) to context static
2019-10-24 12:10:29,053 [main] INFO  http.HttpServer2 (HttpServer2.java:addFilter(958)) - Added filter static_user_filter (class=org.apache.hadoop.http.lib.StaticUserWebFilter$StaticUserFilter) to context logs
2019-10-24 12:10:29,054 [main] INFO  http.HttpServer2 (HttpServer2.java:bindListener(1191)) - Jetty bound to port 38529
2019-10-24 12:10:29,054 [main] INFO  server.Server (Server.java:doStart(351)) - jetty-9.3.25.v20180904, build timestamp: 2018-09-04T21:11:46Z, git hash: 3ce520221d0240229c862b122d2b06c12a625732
2019-10-24 12:10:29,057 [main] INFO  handler.ContextHandler (ContextHandler.java:doStart(781)) - Started o.e.j.s.ServletContextHandler@1229a2b7{/logs,file:///workdir/hadoop-ozone/integration-test/target/log,AVAILABLE}
2019-10-24 12:10:29,058 [main] INFO  handler.ContextHandler (ContextHandler.java:doStart(781)) - Started o.e.j.s.ServletContextHandler@51c959a4{/static,jar:file:/home/user/.m2/repository/org/apache/hadoop/hadoop-hdds-container-service/0.5.0-SNAPSHOT/hadoop-hdds-container-service-0.5.0-SNAPSHOT.jar!/webapps/static,AVAILABLE}
2019-10-24 12:10:29,067 [Datanode State Machine Thread - 0] INFO  datanode.InitDatanodeState (InitDatanodeState.java:persistContainerDatanodeDetails(140)) - DatanodeDetails is persisted to /workdir/hadoop-ozone/integration-test/target/test-dir/MiniOzoneClusterImpl-fed4bbd5-3e84-4b96-98af-185ceb771cd5/datanode-0/meta/datanode.id
2019-10-24 12:10:29,071 [Datanode State Machine Thread - 0] INFO  datanode.InitDatanodeState (InitDatanodeState.java:persistContainerDatanodeDetails(140)) - DatanodeDetails is persisted to /workdir/hadoop-ozone/integration-test/target/test-dir/MiniOzoneClusterImpl-fed4bbd5-3e84-4b96-98af-185ceb771cd5/datanode-1/meta/datanode.id
2019-10-24 12:10:29,102 [main] INFO  handler.ContextHandler (ContextHandler.java:doStart(781)) - Started o.e.j.w.WebAppContext@75ae4a1f{/,file:///tmp/jetty-0.0.0.0-38529-hddsDatanode-_-any-6570831176729696077.dir/webapp/,AVAILABLE}{/hddsDatanode}
2019-10-24 12:10:29,106 [main] INFO  server.AbstractConnector (AbstractConnector.java:doStart(278)) - Started ServerConnector@70228253{HTTP/1.1,[http/1.1]}{0.0.0.0:38529}
2019-10-24 12:10:29,107 [main] INFO  server.Server (Server.java:doStart(419)) - Started @5314ms
2019-10-24 12:10:29,108 [main] WARN  impl.MetricsSystemImpl (MetricsSystemImpl.java:register(276)) - Sink prometheus already exists!
2019-10-24 12:10:29,110 [main] INFO  server.BaseHttpServer (BaseHttpServer.java:updateConnectorAddress(215)) - HTTP server of HDDSDATANODE is listening at http://0.0.0.0:38529
2019-10-24 12:10:29,116 [org.apache.hadoop.util.JvmPauseMonitor$Monitor@5293d375] INFO  util.JvmPauseMonitor (JvmPauseMonitor.java:run(188)) - Starting JVM pause monitor
2019-10-24 12:10:29,119 [main] INFO  ozone.MiniOzoneClusterImpl (MiniOzoneClusterImpl.java:lambda$waitForClusterToBeReady$0(147)) - Waiting for cluster to be ready. Got 0 of 3 DN Heartbeats.
2019-10-24 12:10:29,122 [Datanode State Machine Thread - 0] INFO  datanode.InitDatanodeState (InitDatanodeState.java:persistContainerDatanodeDetails(140)) - DatanodeDetails is persisted to /workdir/hadoop-ozone/integration-test/target/test-dir/MiniOzoneClusterImpl-fed4bbd5-3e84-4b96-98af-185ceb771cd5/datanode-2/meta/datanode.id
2019-10-24 12:10:30,119 [main] INFO  ozone.MiniOzoneClusterImpl (MiniOzoneClusterImpl.java:lambda$waitForClusterToBeReady$0(147)) - Waiting for cluster to be ready. Got 0 of 3 DN Heartbeats.
2019-10-24 12:10:31,044 [Datanode State Machine Thread - 0] INFO  ozoneimpl.OzoneContainer (OzoneContainer.java:start(213)) - Attempting to start container services.
2019-10-24 12:10:31,044 [Datanode State Machine Thread - 0] INFO  ozoneimpl.OzoneContainer (OzoneContainer.java:start(213)) - Attempting to start container services.
2019-10-24 12:10:31,048 [Datanode State Machine Thread - 0] INFO  ozoneimpl.OzoneContainer (OzoneContainer.java:startContainerScrub(177)) - Background container scanner has been disabled.
2019-10-24 12:10:31,048 [Datanode State Machine Thread - 0] INFO  ozoneimpl.OzoneContainer (OzoneContainer.java:startContainerScrub(177)) - Background container scanner has been disabled.
2019-10-24 12:10:31,048 [Datanode State Machine Thread - 0] INFO  ratis.XceiverServerRatis (XceiverServerRatis.java:start(418)) - Starting XceiverServerRatis b0079d05-68ff-4074-a89c-94d611ddbdcd at port 0
2019-10-24 12:10:31,049 [Datanode State Machine Thread - 0] INFO  ratis.XceiverServerRatis (XceiverServerRatis.java:start(418)) - Starting XceiverServerRatis 7f01d92b-bd13-46ba-b46f-c65517f7cb74 at port 0
2019-10-24 12:10:31,091 [Datanode State Machine Thread - 0] INFO  impl.RaftServerProxy (RaftServerProxy.java:lambda$start$3(299)) - 7f01d92b-bd13-46ba-b46f-c65517f7cb74: start RPC server
2019-10-24 12:10:31,091 [Datanode State Machine Thread - 0] INFO  impl.RaftServerProxy (RaftServerProxy.java:lambda$start$3(299)) - b0079d05-68ff-4074-a89c-94d611ddbdcd: start RPC server
2019-10-24 12:10:31,120 [main] INFO  ozone.MiniOzoneClusterImpl (MiniOzoneClusterImpl.java:lambda$waitForClusterToBeReady$0(147)) - Waiting for cluster to be ready. Got 0 of 3 DN Heartbeats.
2019-10-24 12:10:31,133 [Datanode State Machine Thread - 0] INFO  ozoneimpl.OzoneContainer (OzoneContainer.java:start(213)) - Attempting to start container services.
2019-10-24 12:10:31,139 [Datanode State Machine Thread - 0] INFO  ozoneimpl.OzoneContainer (OzoneContainer.java:startContainerScrub(177)) - Background container scanner has been disabled.
2019-10-24 12:10:31,139 [Datanode State Machine Thread - 0] INFO  ratis.XceiverServerRatis (XceiverServerRatis.java:start(418)) - Starting XceiverServerRatis c58683fb-6de7-4590-940d-14e09458c307 at port 0
2019-10-24 12:10:31,152 [Datanode State Machine Thread - 0] INFO  impl.RaftServerProxy (RaftServerProxy.java:lambda$start$3(299)) - c58683fb-6de7-4590-940d-14e09458c307: start RPC server
2019-10-24 12:10:31,266 [Datanode State Machine Thread - 0] INFO  server.GrpcService (GrpcService.java:startImpl(158)) - 7f01d92b-bd13-46ba-b46f-c65517f7cb74: GrpcService started, listening on 0.0.0.0/0.0.0.0:39920
2019-10-24 12:10:31,266 [Datanode State Machine Thread - 0] INFO  server.GrpcService (GrpcService.java:startImpl(158)) - b0079d05-68ff-4074-a89c-94d611ddbdcd: GrpcService started, listening on 0.0.0.0/0.0.0.0:43817
2019-10-24 12:10:31,266 [Datanode State Machine Thread - 0] INFO  server.GrpcService (GrpcService.java:startImpl(158)) - c58683fb-6de7-4590-940d-14e09458c307: GrpcService started, listening on 0.0.0.0/0.0.0.0:44335
2019-10-24 12:10:31,267 [Datanode State Machine Thread - 0] INFO  ratis.XceiverServerRatis (XceiverServerRatis.java:start(428)) - XceiverServerRatis b0079d05-68ff-4074-a89c-94d611ddbdcd is started using port 43817
2019-10-24 12:10:31,267 [Datanode State Machine Thread - 0] INFO  ratis.XceiverServerRatis (XceiverServerRatis.java:start(428)) - XceiverServerRatis 7f01d92b-bd13-46ba-b46f-c65517f7cb74 is started using port 39920
2019-10-24 12:10:31,267 [Datanode State Machine Thread - 0] INFO  ratis.XceiverServerRatis (XceiverServerRatis.java:start(428)) - XceiverServerRatis c58683fb-6de7-4590-940d-14e09458c307 is started using port 44335
2019-10-24 12:10:31,273 [Datanode State Machine Thread - 0] INFO  server.XceiverServerGrpc (XceiverServerGrpc.java:start(149)) - XceiverServerGrpc c58683fb-6de7-4590-940d-14e09458c307 is started using port 42673
2019-10-24 12:10:31,273 [Datanode State Machine Thread - 0] INFO  server.XceiverServerGrpc (XceiverServerGrpc.java:start(149)) - XceiverServerGrpc b0079d05-68ff-4074-a89c-94d611ddbdcd is started using port 46660
2019-10-24 12:10:31,273 [Datanode State Machine Thread - 0] INFO  server.XceiverServerGrpc (XceiverServerGrpc.java:start(149)) - XceiverServerGrpc 7f01d92b-bd13-46ba-b46f-c65517f7cb74 is started using port 33116
2019-10-24 12:10:32,121 [main] INFO  ozone.MiniOzoneClusterImpl (MiniOzoneClusterImpl.java:lambda$waitForClusterToBeReady$0(147)) - Waiting for cluster to be ready. Got 0 of 3 DN Heartbeats.
2019-10-24 12:10:32,982 [IPC Server handler 2 on 40331] INFO  net.NetworkTopology (NetworkTopologyImpl.java:add(111)) - Added a new node: /default-rack/7f01d92b-bd13-46ba-b46f-c65517f7cb74
2019-10-24 12:10:32,984 [IPC Server handler 2 on 40331] INFO  node.SCMNodeManager (SCMNodeManager.java:register(268)) - Registered Data node : 7f01d92b-bd13-46ba-b46f-c65517f7cb74{ip: 192.168.164.210, host: pr-hdds-2358-mdv8n-1797098514, networkLocation: /default-rack, certSerialId: null}
2019-10-24 12:10:32,988 [EventQueue-NodeRegistrationContainerReportForDataNodeSafeModeRule] INFO  safemode.SCMSafeModeManager (DataNodeSafeModeRule.java:process(71)) - SCM in safe mode. 1 DataNodes registered, 1 required.
2019-10-24 12:10:32,988 [EventQueue-NodeRegistrationContainerReportForDataNodeSafeModeRule] INFO  safemode.SCMSafeModeManager (SCMSafeModeManager.java:validateSafeModeExitRules(177)) - ScmSafeModeManager, all rules are successfully validated
2019-10-24 12:10:32,989 [EventQueue-NodeRegistrationContainerReportForDataNodeSafeModeRule] INFO  safemode.SCMSafeModeManager (SCMSafeModeManager.java:exitSafeMode(193)) - SCM exiting safe mode.
2019-10-24 12:10:33,021 [IPC Server handler 0 on 40331] INFO  net.NetworkTopology (NetworkTopologyImpl.java:add(111)) - Added a new node: /default-rack/b0079d05-68ff-4074-a89c-94d611ddbdcd
2019-10-24 12:10:33,022 [IPC Server handler 0 on 40331] INFO  node.SCMNodeManager (SCMNodeManager.java:register(268)) - Registered Data node : b0079d05-68ff-4074-a89c-94d611ddbdcd{ip: 192.168.164.210, host: pr-hdds-2358-mdv8n-1797098514, networkLocation: /default-rack, certSerialId: null}
2019-10-24 12:10:33,118 [IPC Server handler 1 on 40331] INFO  net.NetworkTopology (NetworkTopologyImpl.java:add(111)) - Added a new node: /default-rack/c58683fb-6de7-4590-940d-14e09458c307
2019-10-24 12:10:33,119 [IPC Server handler 1 on 40331] INFO  node.SCMNodeManager (SCMNodeManager.java:register(268)) - Registered Data node : c58683fb-6de7-4590-940d-14e09458c307{ip: 192.168.164.210, host: pr-hdds-2358-mdv8n-1797098514, networkLocation: /default-rack, certSerialId: null}
2019-10-24 12:10:33,122 [main] INFO  ozone.MiniOzoneClusterImpl (MiniOzoneClusterImpl.java:lambda$waitForClusterToBeReady$0(147)) - Cluster is ready. Got 3 of 3 DN Heartbeats.
2019-10-24 12:10:33,516 [grpc-default-executor-0] INFO  impl.RaftServerProxy (RaftServerProxy.java:addNew(89)) - 7f01d92b-bd13-46ba-b46f-c65517f7cb74: addNew group-A5FCD1ED4308:[7f01d92b-bd13-46ba-b46f-c65517f7cb74:192.168.164.210:39920] returns group-A5FCD1ED4308:java.util.concurrent.CompletableFuture@1f77628a[Not completed]
2019-10-24 12:10:33,531 [pool-27-thread-1] INFO  impl.RaftServerImpl (RaftServerImpl.java:<init>(98)) - 7f01d92b-bd13-46ba-b46f-c65517f7cb74: new RaftServerImpl for group-A5FCD1ED4308:[7f01d92b-bd13-46ba-b46f-c65517f7cb74:192.168.164.210:39920] with ContainerStateMachine:uninitialized
2019-10-24 12:10:33,534 [pool-27-thread-1] INFO  server.RaftServerConfigKeys (ConfUtils.java:logGet(43)) - raft.server.rpc.timeout.min = 5s (custom)
2019-10-24 12:10:33,535 [pool-27-thread-1] INFO  server.RaftServerConfigKeys (ConfUtils.java:logGet(43)) - raft.server.rpc.timeout.max = 5200ms (custom)
2019-10-24 12:10:33,536 [pool-27-thread-1] INFO  server.RaftServerConfigKeys (ConfUtils.java:logGet(43)) - raft.server.rpcslowness.timeout = 1000s (custom)
2019-10-24 12:10:33,537 [pool-27-thread-1] INFO  server.RaftServerConfigKeys (ConfUtils.java:logGet(43)) - raft.server.sleep.deviation.threshold = 300 (default)
2019-10-24 12:10:33,538 [pool-27-thread-1] INFO  server.RaftServerConfigKeys (ConfUtils.java:logGet(43)) - raft.server.log.appender.install.snapshot.enabled = false (custom)
2019-10-24 12:10:33,548 [pool-27-thread-1] INFO  impl.RaftServerImpl (ServerState.java:<init>(103)) - 7f01d92b-bd13-46ba-b46f-c65517f7cb74@group-A5FCD1ED4308: ConfigurationManager, init=-1: [7f01d92b-bd13-46ba-b46f-c65517f7cb74:192.168.164.210:39920], old=null, confs=<EMPTY_MAP>
2019-10-24 12:10:33,548 [pool-27-thread-1] INFO  server.RaftServerConfigKeys (ConfUtils.java:logGet(43)) - raft.server.storage.dir = [/workdir/hadoop-ozone/integration-test/target/test-dir/MiniOzoneClusterImpl-fed4bbd5-3e84-4b96-98af-185ceb771cd5/datanode-0/data/ratis] (custom)
2019-10-24 12:10:33,557 [pool-27-thread-1] INFO  server.RaftServerConfigKeys (ConfUtils.java:logGet(43)) - raft.server.log.corruption.policy = EXCEPTION (default)
2019-10-24 12:10:33,560 [pool-27-thread-1] INFO  storage.RaftStorageDirectory (RaftStorageDirectory.java:analyzeStorage(246)) - The storage directory /workdir/hadoop-ozone/integration-test/target/test-dir/MiniOzoneClusterImpl-fed4bbd5-3e84-4b96-98af-185ceb771cd5/datanode-0/data/ratis/39931af0-db49-47f5-8335-a5fcd1ed4308 does not exist. Creating ...
2019-10-24 12:10:33,579 [pool-27-thread-1] INFO  storage.RaftStorageDirectory (RaftStorageDirectory.java:tryLock(328)) - Lock on /workdir/hadoop-ozone/integration-test/target/test-dir/MiniOzoneClusterImpl-fed4bbd5-3e84-4b96-98af-185ceb771cd5/datanode-0/data/ratis/39931af0-db49-47f5-8335-a5fcd1ed4308/in_use.lock acquired by nodename 26071@pr-hdds-2358-mdv8n-1797098514
2019-10-24 12:10:33,586 [pool-27-thread-1] INFO  storage.RaftStorage (RaftStorage.java:format(84)) - Storage directory /workdir/hadoop-ozone/integration-test/target/test-dir/MiniOzoneClusterImpl-fed4bbd5-3e84-4b96-98af-185ceb771cd5/datanode-0/data/ratis/39931af0-db49-47f5-8335-a5fcd1ed4308 has been successfully formatted.
2019-10-24 12:10:33,589 [pool-27-thread-1] INFO  ratis.ContainerStateMachine (ContainerStateMachine.java:loadSnapshot(231)) - group-A5FCD1ED4308: The snapshot info is null. Setting the last applied indexto:(t:0, i:~)
2019-10-24 12:10:33,590 [pool-27-thread-1] INFO  server.RaftServerConfigKeys (ConfUtils.java:logGet(43)) - raft.server.notification.no-leader.timeout = 1000s (custom)
2019-10-24 12:10:33,592 [pool-27-thread-1] INFO  server.RaftServerConfigKeys (ConfUtils.java:logGet(43)) - raft.server.log.use.memory = false (default)
2019-10-24 12:10:33,600 [pool-27-thread-1] INFO  server.RaftServerConfigKeys (ConfUtils.java:logGet(43)) - raft.server.log.purge.gap = 1000000 (custom)
2019-10-24 12:10:33,601 [pool-27-thread-1] INFO  server.RaftServerConfigKeys (ConfUtils.java:logGet(43)) - raft.server.log.appender.buffer.byte-limit = 33554432 (custom)
2019-10-24 12:10:33,604 [pool-27-thread-1] INFO  server.RaftServerConfigKeys (ConfUtils.java:logGet(43)) - raft.server.log.segment.size.max = 1048576 (custom)
2019-10-24 12:10:33,611 [pool-27-thread-1] INFO  metrics.MetricRegistries (MetricRegistriesLoader.java:load(64)) - Loaded MetricRegistries class org.apache.ratis.metrics.impl.MetricRegistriesImpl
2019-10-24 12:10:33,622 [pool-27-thread-1] WARN  impl.MetricRegistriesImpl (MetricRegistriesImpl.java:lambda$create$1(61)) - First MetricRegistry has been created without registering reporters. You may need to call MetricRegistries.global().addReportRegistration(...) before.
2019-10-24 12:10:33,625 [main] INFO  rpc.RpcClient (RpcClient.java:createVolume(272)) - Creating Volume: testcontainerstatemachinefailures, with jenkins1000 as owner.
2019-10-24 12:10:33,630 [pool-27-thread-1] INFO  server.RaftServerConfigKeys (ConfUtils.java:logGet(43)) - raft.server.log.segment.cache.num.max = 2 (custom)
2019-10-24 12:10:33,638 [pool-27-thread-1] INFO  segmented.SegmentedRaftLogWorker (SegmentedRaftLogWorker.java:<init>(173)) - new 7f01d92b-bd13-46ba-b46f-c65517f7cb74@group-A5FCD1ED4308-SegmentedRaftLogWorker for RaftStorage:Storage Directory /workdir/hadoop-ozone/integration-test/target/test-dir/MiniOzoneClusterImpl-fed4bbd5-3e84-4b96-98af-185ceb771cd5/datanode-0/data/ratis/39931af0-db49-47f5-8335-a5fcd1ed4308
2019-10-24 12:10:33,639 [pool-27-thread-1] INFO  server.RaftServerConfigKeys (ConfUtils.java:logGet(43)) - raft.server.log.queue.byte-limit = 2147483647 (custom)
2019-10-24 12:10:33,640 [pool-27-thread-1] INFO  server.RaftServerConfigKeys (ConfUtils.java:logGet(43)) - raft.server.log.queue.element-limit = 1024 (custom)
2019-10-24 12:10:33,642 [pool-27-thread-1] INFO  server.RaftServerConfigKeys (ConfUtils.java:logGet(43)) - raft.server.log.segment.size.max = 1048576 (custom)
2019-10-24 12:10:33,642 [pool-27-thread-1] INFO  server.RaftServerConfigKeys (ConfUtils.java:logGet(43)) - raft.server.log.preallocated.size = 16384 (custom)
2019-10-24 12:10:33,643 [pool-27-thread-1] INFO  server.RaftServerConfigKeys (ConfUtils.java:logGet(43)) - raft.server.log.write.buffer.size = 33554432 (custom)
2019-10-24 12:10:33,643 [pool-27-thread-1] INFO  server.RaftServerConfigKeys (ConfUtils.java:logGet(43)) - raft.server.log.force.sync.num = 128 (default)
2019-10-24 12:10:33,645 [pool-27-thread-1] INFO  server.RaftServerConfigKeys (ConfUtils.java:logGet(43)) - raft.server.log.statemachine.data.sync = true (default)
2019-10-24 12:10:33,645 [pool-27-thread-1] INFO  server.RaftServerConfigKeys (ConfUtils.java:logGet(43)) - raft.server.log.statemachine.data.sync.timeout = 10s (default)
2019-10-24 12:10:33,646 [pool-27-thread-1] INFO  server.RaftServerConfigKeys (ConfUtils.java:logGet(43)) - raft.server.log.statemachine.data.sync.timeout.retry = -1 (default)
2019-10-24 12:10:33,658 [pool-27-thread-1] INFO  server.RaftServerConfigKeys (ConfUtils.java:logGet(43)) - raft.server.log.statemachine.data.caching.enabled = true (custom)
2019-10-24 12:10:33,664 [pool-27-thread-1] INFO  segmented.SegmentedRaftLogWorker (SegmentedRaftLogWorker.java:lambda$new$0(128)) - 7f01d92b-bd13-46ba-b46f-c65517f7cb74@group-A5FCD1ED4308-SegmentedRaftLogWorker: flushIndex: setUnconditionally 0 -> -1
2019-10-24 12:10:33,669 [pool-27-thread-1] INFO  server.RaftServerConfigKeys (ConfUtils.java:logGet(43)) - raft.server.snapshot.auto.trigger.enabled = true (custom)
2019-10-24 12:10:33,670 [pool-27-thread-1] INFO  server.RaftServerConfigKeys (ConfUtils.java:logGet(43)) - raft.server.snapshot.auto.trigger.threshold = 10000 (custom)
2019-10-24 12:10:33,670 [pool-27-thread-1] INFO  server.RaftServerConfigKeys (ConfUtils.java:logGet(43)) - raft.server.snapshot.retention.file.num = 5 (custom)
2019-10-24 12:10:33,671 [pool-27-thread-1] INFO  server.RaftServerConfigKeys (ConfUtils.java:logGet(43)) - raft.server.retrycache.expirytime = 600000ms (custom)
2019-10-24 12:10:33,693 [pool-27-thread-1] WARN  impl.MetricRegistriesImpl (MetricRegistriesImpl.java:lambda$create$1(61)) - First MetricRegistry has been created without registering reporters. You may need to call MetricRegistries.global().addReportRegistration(...) before.
2019-10-24 12:10:33,695 [pool-27-thread-1] WARN  impl.MetricRegistriesImpl (MetricRegistriesImpl.java:lambda$create$1(61)) - First MetricRegistry has been created without registering reporters. You may need to call MetricRegistries.global().addReportRegistration(...) before.
2019-10-24 12:10:33,696 [pool-27-thread-1] INFO  impl.RaftServerImpl (RaftServerImpl.java:start(184)) - 7f01d92b-bd13-46ba-b46f-c65517f7cb74@group-A5FCD1ED4308: start as a follower, conf=-1: [7f01d92b-bd13-46ba-b46f-c65517f7cb74:192.168.164.210:39920], old=null
2019-10-24 12:10:33,697 [pool-27-thread-1] INFO  impl.RaftServerImpl (RaftServerImpl.java:setRole(173)) - 7f01d92b-bd13-46ba-b46f-c65517f7cb74@group-A5FCD1ED4308: changes role from      null to FOLLOWER at term 0 for startAsFollower
2019-10-24 12:10:33,699 [pool-27-thread-1] INFO  impl.RoleInfo (RoleInfo.java:updateAndGet(143)) - 7f01d92b-bd13-46ba-b46f-c65517f7cb74: start FollowerState
2019-10-24 12:10:33,701 [pool-27-thread-1] INFO  util.JmxRegister (JmxRegister.java:tryRegister(44)) - Successfully registered JMX Bean with object name Ratis:service=RaftServer,group=group-A5FCD1ED4308,id=7f01d92b-bd13-46ba-b46f-c65517f7cb74
2019-10-24 12:10:33,702 [pool-27-thread-1] WARN  impl.MetricRegistriesImpl (MetricRegistriesImpl.java:lambda$create$1(61)) - First MetricRegistry has been created without registering reporters. You may need to call MetricRegistries.global().addReportRegistration(...) before.
2019-10-24 12:10:33,728 [IPC Server handler 0 on 43892] INFO  volume.OMVolumeCreateRequest (OMVolumeCreateRequest.java:validateAndUpdateCache(193)) - created volume:testcontainerstatemachinefailures for user:jenkins1000
2019-10-24 12:10:33,764 [main] INFO  rpc.RpcClient (RpcClient.java:createBucket(411)) - Creating Bucket: testcontainerstatemachinefailures/testcontainerstatemachinefailures, with Versioning false and Storage Type set to DISK and Encryption set to false 
2019-10-24 12:10:33,770 [RatisPipelineUtilsThread] INFO  pipeline.PipelineStateManager (PipelineStateManager.java:addPipeline(56)) - Created pipeline Pipeline[ Id: 39931af0-db49-47f5-8335-a5fcd1ed4308, Nodes: 7f01d92b-bd13-46ba-b46f-c65517f7cb74{ip: 192.168.164.210, host: pr-hdds-2358-mdv8n-1797098514, networkLocation: /default-rack, certSerialId: null}, Type:RATIS, Factor:ONE, State:OPEN]
2019-10-24 12:10:33,795 [grpc-default-executor-0] INFO  impl.RaftServerProxy (RaftServerProxy.java:addNew(89)) - b0079d05-68ff-4074-a89c-94d611ddbdcd: addNew group-F236FCC62A92:[b0079d05-68ff-4074-a89c-94d611ddbdcd:192.168.164.210:43817] returns group-F236FCC62A92:java.util.concurrent.CompletableFuture@3c28f676[Not completed]
2019-10-24 12:10:33,826 [pool-37-thread-1] INFO  impl.RaftServerImpl (RaftServerImpl.java:<init>(98)) - b0079d05-68ff-4074-a89c-94d611ddbdcd: new RaftServerImpl for group-F236FCC62A92:[b0079d05-68ff-4074-a89c-94d611ddbdcd:192.168.164.210:43817] with ContainerStateMachine:uninitialized
2019-10-24 12:10:33,828 [pool-37-thread-1] INFO  server.RaftServerConfigKeys (ConfUtils.java:logGet(43)) - raft.server.rpc.timeout.min = 5s (custom)
2019-10-24 12:10:33,828 [pool-37-thread-1] INFO  server.RaftServerConfigKeys (ConfUtils.java:logGet(43)) - raft.server.rpc.timeout.max = 5200ms (custom)
2019-10-24 12:10:33,829 [pool-37-thread-1] INFO  server.RaftServerConfigKeys (ConfUtils.java:logGet(43)) - raft.server.rpcslowness.timeout = 1000s (custom)
2019-10-24 12:10:33,829 [pool-37-thread-1] INFO  server.RaftServerConfigKeys (ConfUtils.java:logGet(43)) - raft.server.sleep.deviation.threshold = 300 (default)
2019-10-24 12:10:33,829 [pool-37-thread-1] INFO  server.RaftServerConfigKeys (ConfUtils.java:logGet(43)) - raft.server.log.appender.install.snapshot.enabled = false (custom)
2019-10-24 12:10:33,830 [pool-37-thread-1] INFO  impl.RaftServerImpl (ServerState.java:<init>(103)) - b0079d05-68ff-4074-a89c-94d611ddbdcd@group-F236FCC62A92: ConfigurationManager, init=-1: [b0079d05-68ff-4074-a89c-94d611ddbdcd:192.168.164.210:43817], old=null, confs=<EMPTY_MAP>
2019-10-24 12:10:33,830 [pool-37-thread-1] INFO  server.RaftServerConfigKeys (ConfUtils.java:logGet(43)) - raft.server.storage.dir = [/workdir/hadoop-ozone/integration-test/target/test-dir/MiniOzoneClusterImpl-fed4bbd5-3e84-4b96-98af-185ceb771cd5/datanode-1/data/ratis] (custom)
2019-10-24 12:10:33,830 [pool-37-thread-1] INFO  server.RaftServerConfigKeys (ConfUtils.java:logGet(43)) - raft.server.log.corruption.policy = EXCEPTION (default)
2019-10-24 12:10:33,831 [pool-37-thread-1] INFO  storage.RaftStorageDirectory (RaftStorageDirectory.java:analyzeStorage(246)) - The storage directory /workdir/hadoop-ozone/integration-test/target/test-dir/MiniOzoneClusterImpl-fed4bbd5-3e84-4b96-98af-185ceb771cd5/datanode-1/data/ratis/db1b107d-dd3a-4f4e-8d41-f236fcc62a92 does not exist. Creating ...
2019-10-24 12:10:33,845 [pool-37-thread-1] INFO  storage.RaftStorageDirectory (RaftStorageDirectory.java:tryLock(328)) - Lock on /workdir/hadoop-ozone/integration-test/target/test-dir/MiniOzoneClusterImpl-fed4bbd5-3e84-4b96-98af-185ceb771cd5/datanode-1/data/ratis/db1b107d-dd3a-4f4e-8d41-f236fcc62a92/in_use.lock acquired by nodename 26071@pr-hdds-2358-mdv8n-1797098514
2019-10-24 12:10:33,868 [pool-37-thread-1] INFO  storage.RaftStorage (RaftStorage.java:format(84)) - Storage directory /workdir/hadoop-ozone/integration-test/target/test-dir/MiniOzoneClusterImpl-fed4bbd5-3e84-4b96-98af-185ceb771cd5/datanode-1/data/ratis/db1b107d-dd3a-4f4e-8d41-f236fcc62a92 has been successfully formatted.
2019-10-24 12:10:33,869 [pool-37-thread-1] INFO  ratis.ContainerStateMachine (ContainerStateMachine.java:loadSnapshot(231)) - group-F236FCC62A92: The snapshot info is null. Setting the last applied indexto:(t:0, i:~)
2019-10-24 12:10:33,870 [pool-37-thread-1] INFO  server.RaftServerConfigKeys (ConfUtils.java:logGet(43)) - raft.server.notification.no-leader.timeout = 1000s (custom)
2019-10-24 12:10:33,870 [pool-37-thread-1] INFO  server.RaftServerConfigKeys (ConfUtils.java:logGet(43)) - raft.server.log.use.memory = false (default)
2019-10-24 12:10:33,870 [pool-37-thread-1] INFO  server.RaftServerConfigKeys (ConfUtils.java:logGet(43)) - raft.server.log.purge.gap = 1000000 (custom)
2019-10-24 12:10:33,871 [pool-37-thread-1] INFO  server.RaftServerConfigKeys (ConfUtils.java:logGet(43)) - raft.server.log.appender.buffer.byte-limit = 33554432 (custom)
2019-10-24 12:10:33,871 [pool-37-thread-1] INFO  server.RaftServerConfigKeys (ConfUtils.java:logGet(43)) - raft.server.log.segment.size.max = 1048576 (custom)
2019-10-24 12:10:33,871 [pool-37-thread-1] WARN  impl.MetricRegistriesImpl (MetricRegistriesImpl.java:lambda$create$1(61)) - First MetricRegistry has been created without registering reporters. You may need to call MetricRegistries.global().addReportRegistration(...) before.
2019-10-24 12:10:33,872 [pool-37-thread-1] INFO  server.RaftServerConfigKeys (ConfUtils.java:logGet(43)) - raft.server.log.segment.cache.num.max = 2 (custom)
2019-10-24 12:10:33,872 [pool-37-thread-1] INFO  segmented.SegmentedRaftLogWorker (SegmentedRaftLogWorker.java:<init>(173)) - new b0079d05-68ff-4074-a89c-94d611ddbdcd@group-F236FCC62A92-SegmentedRaftLogWorker for RaftStorage:Storage Directory /workdir/hadoop-ozone/integration-test/target/test-dir/MiniOzoneClusterImpl-fed4bbd5-3e84-4b96-98af-185ceb771cd5/datanode-1/data/ratis/db1b107d-dd3a-4f4e-8d41-f236fcc62a92
2019-10-24 12:10:33,873 [pool-37-thread-1] INFO  server.RaftServerConfigKeys (ConfUtils.java:logGet(43)) - raft.server.log.queue.byte-limit = 2147483647 (custom)
2019-10-24 12:10:33,873 [pool-37-thread-1] INFO  server.RaftServerConfigKeys (ConfUtils.java:logGet(43)) - raft.server.log.queue.element-limit = 1024 (custom)
2019-10-24 12:10:33,873 [pool-37-thread-1] INFO  server.RaftServerConfigKeys (ConfUtils.java:logGet(43)) - raft.server.log.segment.size.max = 1048576 (custom)
2019-10-24 12:10:33,874 [pool-37-thread-1] INFO  server.RaftServerConfigKeys (ConfUtils.java:logGet(43)) - raft.server.log.preallocated.size = 16384 (custom)
2019-10-24 12:10:33,874 [pool-37-thread-1] INFO  server.RaftServerConfigKeys (ConfUtils.java:logGet(43)) - raft.server.log.write.buffer.size = 33554432 (custom)
2019-10-24 12:10:33,874 [pool-37-thread-1] INFO  server.RaftServerConfigKeys (ConfUtils.java:logGet(43)) - raft.server.log.force.sync.num = 128 (default)
2019-10-24 12:10:33,874 [pool-37-thread-1] INFO  server.RaftServerConfigKeys (ConfUtils.java:logGet(43)) - raft.server.log.statemachine.data.sync = true (default)
2019-10-24 12:10:33,874 [pool-37-thread-1] INFO  server.RaftServerConfigKeys (ConfUtils.java:logGet(43)) - raft.server.log.statemachine.data.sync.timeout = 10s (default)
2019-10-24 12:10:33,874 [pool-37-thread-1] INFO  server.RaftServerConfigKeys (ConfUtils.java:logGet(43)) - raft.server.log.statemachine.data.sync.timeout.retry = -1 (default)
2019-10-24 12:10:33,875 [pool-37-thread-1] INFO  server.RaftServerConfigKeys (ConfUtils.java:logGet(43)) - raft.server.log.statemachine.data.caching.enabled = true (custom)
2019-10-24 12:10:33,875 [pool-37-thread-1] INFO  segmented.SegmentedRaftLogWorker (SegmentedRaftLogWorker.java:lambda$new$0(128)) - b0079d05-68ff-4074-a89c-94d611ddbdcd@group-F236FCC62A92-SegmentedRaftLogWorker: flushIndex: setUnconditionally 0 -> -1
2019-10-24 12:10:33,876 [pool-37-thread-1] INFO  server.RaftServerConfigKeys (ConfUtils.java:logGet(43)) - raft.server.snapshot.auto.trigger.enabled = true (custom)
2019-10-24 12:10:33,876 [pool-37-thread-1] INFO  server.RaftServerConfigKeys (ConfUtils.java:logGet(43)) - raft.server.snapshot.auto.trigger.threshold = 10000 (custom)
2019-10-24 12:10:33,876 [pool-37-thread-1] INFO  server.RaftServerConfigKeys (ConfUtils.java:logGet(43)) - raft.server.snapshot.retention.file.num = 5 (custom)
2019-10-24 12:10:33,876 [pool-37-thread-1] INFO  server.RaftServerConfigKeys (ConfUtils.java:logGet(43)) - raft.server.retrycache.expirytime = 600000ms (custom)
2019-10-24 12:10:33,876 [pool-37-thread-1] WARN  impl.MetricRegistriesImpl (MetricRegistriesImpl.java:lambda$create$1(61)) - First MetricRegistry has been created without registering reporters. You may need to call MetricRegistries.global().addReportRegistration(...) before.
2019-10-24 12:10:33,877 [pool-37-thread-1] WARN  impl.MetricRegistriesImpl (MetricRegistriesImpl.java:lambda$create$1(61)) - First MetricRegistry has been created without registering reporters. You may need to call MetricRegistries.global().addReportRegistration(...) before.
2019-10-24 12:10:33,877 [pool-37-thread-1] INFO  impl.RaftServerImpl (RaftServerImpl.java:start(184)) - b0079d05-68ff-4074-a89c-94d611ddbdcd@group-F236FCC62A92: start as a follower, conf=-1: [b0079d05-68ff-4074-a89c-94d611ddbdcd:192.168.164.210:43817], old=null
2019-10-24 12:10:33,877 [pool-37-thread-1] INFO  impl.RaftServerImpl (RaftServerImpl.java:setRole(173)) - b0079d05-68ff-4074-a89c-94d611ddbdcd@group-F236FCC62A92: changes role from      null to FOLLOWER at term 0 for startAsFollower
2019-10-24 12:10:33,877 [pool-37-thread-1] INFO  impl.RoleInfo (RoleInfo.java:updateAndGet(143)) - b0079d05-68ff-4074-a89c-94d611ddbdcd: start FollowerState
2019-10-24 12:10:33,878 [pool-37-thread-1] INFO  util.JmxRegister (JmxRegister.java:tryRegister(44)) - Successfully registered JMX Bean with object name Ratis:service=RaftServer,group=group-F236FCC62A92,id=b0079d05-68ff-4074-a89c-94d611ddbdcd
2019-10-24 12:10:33,879 [pool-37-thread-1] WARN  impl.MetricRegistriesImpl (MetricRegistriesImpl.java:lambda$create$1(61)) - First MetricRegistry has been created without registering reporters. You may need to call MetricRegistries.global().addReportRegistration(...) before.
2019-10-24 12:10:33,891 [RatisPipelineUtilsThread] INFO  pipeline.PipelineStateManager (PipelineStateManager.java:addPipeline(56)) - Created pipeline Pipeline[ Id: db1b107d-dd3a-4f4e-8d41-f236fcc62a92, Nodes: b0079d05-68ff-4074-a89c-94d611ddbdcd{ip: 192.168.164.210, host: pr-hdds-2358-mdv8n-1797098514, networkLocation: /default-rack, certSerialId: null}, Type:RATIS, Factor:ONE, State:OPEN]
2019-10-24 12:10:33,911 [grpc-default-executor-0] INFO  impl.RaftServerProxy (RaftServerProxy.java:addNew(89)) - c58683fb-6de7-4590-940d-14e09458c307: addNew group-81D9528BF7AE:[c58683fb-6de7-4590-940d-14e09458c307:192.168.164.210:44335] returns group-81D9528BF7AE:java.util.concurrent.CompletableFuture@1e45fb88[Not completed]
2019-10-24 12:10:33,924 [pool-47-thread-1] INFO  impl.RaftServerImpl (RaftServerImpl.java:<init>(98)) - c58683fb-6de7-4590-940d-14e09458c307: new RaftServerImpl for group-81D9528BF7AE:[c58683fb-6de7-4590-940d-14e09458c307:192.168.164.210:44335] with ContainerStateMachine:uninitialized
2019-10-24 12:10:33,925 [pool-47-thread-1] INFO  server.RaftServerConfigKeys (ConfUtils.java:logGet(43)) - raft.server.rpc.timeout.min = 5s (custom)
2019-10-24 12:10:33,925 [pool-47-thread-1] INFO  server.RaftServerConfigKeys (ConfUtils.java:logGet(43)) - raft.server.rpc.timeout.max = 5200ms (custom)
2019-10-24 12:10:33,925 [pool-47-thread-1] INFO  server.RaftServerConfigKeys (ConfUtils.java:logGet(43)) - raft.server.rpcslowness.timeout = 1000s (custom)
2019-10-24 12:10:33,925 [pool-47-thread-1] INFO  server.RaftServerConfigKeys (ConfUtils.java:logGet(43)) - raft.server.sleep.deviation.threshold = 300 (default)
2019-10-24 12:10:33,925 [pool-47-thread-1] INFO  server.RaftServerConfigKeys (ConfUtils.java:logGet(43)) - raft.server.log.appender.install.snapshot.enabled = false (custom)
2019-10-24 12:10:33,926 [pool-47-thread-1] INFO  impl.RaftServerImpl (ServerState.java:<init>(103)) - c58683fb-6de7-4590-940d-14e09458c307@group-81D9528BF7AE: ConfigurationManager, init=-1: [c58683fb-6de7-4590-940d-14e09458c307:192.168.164.210:44335], old=null, confs=<EMPTY_MAP>
2019-10-24 12:10:33,926 [pool-47-thread-1] INFO  server.RaftServerConfigKeys (ConfUtils.java:logGet(43)) - raft.server.storage.dir = [/workdir/hadoop-ozone/integration-test/target/test-dir/MiniOzoneClusterImpl-fed4bbd5-3e84-4b96-98af-185ceb771cd5/datanode-2/data/ratis] (custom)
2019-10-24 12:10:33,926 [pool-47-thread-1] INFO  server.RaftServerConfigKeys (ConfUtils.java:logGet(43)) - raft.server.log.corruption.policy = EXCEPTION (default)
2019-10-24 12:10:33,926 [pool-47-thread-1] INFO  storage.RaftStorageDirectory (RaftStorageDirectory.java:analyzeStorage(246)) - The storage directory /workdir/hadoop-ozone/integration-test/target/test-dir/MiniOzoneClusterImpl-fed4bbd5-3e84-4b96-98af-185ceb771cd5/datanode-2/data/ratis/57303203-912e-4029-97fc-81d9528bf7ae does not exist. Creating ...
2019-10-24 12:10:33,941 [pool-47-thread-1] INFO  storage.RaftStorageDirectory (RaftStorageDirectory.java:tryLock(328)) - Lock on /workdir/hadoop-ozone/integration-test/target/test-dir/MiniOzoneClusterImpl-fed4bbd5-3e84-4b96-98af-185ceb771cd5/datanode-2/data/ratis/57303203-912e-4029-97fc-81d9528bf7ae/in_use.lock acquired by nodename 26071@pr-hdds-2358-mdv8n-1797098514
2019-10-24 12:10:33,954 [pool-47-thread-1] INFO  storage.RaftStorage (RaftStorage.java:format(84)) - Storage directory /workdir/hadoop-ozone/integration-test/target/test-dir/MiniOzoneClusterImpl-fed4bbd5-3e84-4b96-98af-185ceb771cd5/datanode-2/data/ratis/57303203-912e-4029-97fc-81d9528bf7ae has been successfully formatted.
2019-10-24 12:10:33,954 [pool-47-thread-1] INFO  ratis.ContainerStateMachine (ContainerStateMachine.java:loadSnapshot(231)) - group-81D9528BF7AE: The snapshot info is null. Setting the last applied indexto:(t:0, i:~)
2019-10-24 12:10:33,955 [pool-47-thread-1] INFO  server.RaftServerConfigKeys (ConfUtils.java:logGet(43)) - raft.server.notification.no-leader.timeout = 1000s (custom)
2019-10-24 12:10:33,955 [pool-47-thread-1] INFO  server.RaftServerConfigKeys (ConfUtils.java:logGet(43)) - raft.server.log.use.memory = false (default)
2019-10-24 12:10:33,955 [pool-47-thread-1] INFO  server.RaftServerConfigKeys (ConfUtils.java:logGet(43)) - raft.server.log.purge.gap = 1000000 (custom)
2019-10-24 12:10:33,955 [pool-47-thread-1] INFO  server.RaftServerConfigKeys (ConfUtils.java:logGet(43)) - raft.server.log.appender.buffer.byte-limit = 33554432 (custom)
2019-10-24 12:10:33,955 [pool-47-thread-1] INFO  server.RaftServerConfigKeys (ConfUtils.java:logGet(43)) - raft.server.log.segment.size.max = 1048576 (custom)
2019-10-24 12:10:33,955 [pool-47-thread-1] WARN  impl.MetricRegistriesImpl (MetricRegistriesImpl.java:lambda$create$1(61)) - First MetricRegistry has been created without registering reporters. You may need to call MetricRegistries.global().addReportRegistration(...) before.
2019-10-24 12:10:33,956 [pool-47-thread-1] INFO  server.RaftServerConfigKeys (ConfUtils.java:logGet(43)) - raft.server.log.segment.cache.num.max = 2 (custom)
2019-10-24 12:10:33,956 [pool-47-thread-1] INFO  segmented.SegmentedRaftLogWorker (SegmentedRaftLogWorker.java:<init>(173)) - new c58683fb-6de7-4590-940d-14e09458c307@group-81D9528BF7AE-SegmentedRaftLogWorker for RaftStorage:Storage Directory /workdir/hadoop-ozone/integration-test/target/test-dir/MiniOzoneClusterImpl-fed4bbd5-3e84-4b96-98af-185ceb771cd5/datanode-2/data/ratis/57303203-912e-4029-97fc-81d9528bf7ae
2019-10-24 12:10:33,956 [pool-47-thread-1] INFO  server.RaftServerConfigKeys (ConfUtils.java:logGet(43)) - raft.server.log.queue.byte-limit = 2147483647 (custom)
2019-10-24 12:10:33,956 [pool-47-thread-1] INFO  server.RaftServerConfigKeys (ConfUtils.java:logGet(43)) - raft.server.log.queue.element-limit = 1024 (custom)
2019-10-24 12:10:33,956 [pool-47-thread-1] INFO  server.RaftServerConfigKeys (ConfUtils.java:logGet(43)) - raft.server.log.segment.size.max = 1048576 (custom)
2019-10-24 12:10:33,957 [pool-47-thread-1] INFO  server.RaftServerConfigKeys (ConfUtils.java:logGet(43)) - raft.server.log.preallocated.size = 16384 (custom)
2019-10-24 12:10:33,957 [pool-47-thread-1] INFO  server.RaftServerConfigKeys (ConfUtils.java:logGet(43)) - raft.server.log.write.buffer.size = 33554432 (custom)
2019-10-24 12:10:33,957 [pool-47-thread-1] INFO  server.RaftServerConfigKeys (ConfUtils.java:logGet(43)) - raft.server.log.force.sync.num = 128 (default)
2019-10-24 12:10:33,957 [pool-47-thread-1] INFO  server.RaftServerConfigKeys (ConfUtils.java:logGet(43)) - raft.server.log.statemachine.data.sync = true (default)
2019-10-24 12:10:33,957 [pool-47-thread-1] INFO  server.RaftServerConfigKeys (ConfUtils.java:logGet(43)) - raft.server.log.statemachine.data.sync.timeout = 10s (default)
2019-10-24 12:10:33,958 [pool-47-thread-1] INFO  server.RaftServerConfigKeys (ConfUtils.java:logGet(43)) - raft.server.log.statemachine.data.sync.timeout.retry = -1 (default)
2019-10-24 12:10:33,958 [pool-47-thread-1] INFO  server.RaftServerConfigKeys (ConfUtils.java:logGet(43)) - raft.server.log.statemachine.data.caching.enabled = true (custom)
2019-10-24 12:10:33,958 [pool-47-thread-1] INFO  segmented.SegmentedRaftLogWorker (SegmentedRaftLogWorker.java:lambda$new$0(128)) - c58683fb-6de7-4590-940d-14e09458c307@group-81D9528BF7AE-SegmentedRaftLogWorker: flushIndex: setUnconditionally 0 -> -1
2019-10-24 12:10:33,959 [pool-47-thread-1] INFO  server.RaftServerConfigKeys (ConfUtils.java:logGet(43)) - raft.server.snapshot.auto.trigger.enabled = true (custom)
2019-10-24 12:10:33,959 [pool-47-thread-1] INFO  server.RaftServerConfigKeys (ConfUtils.java:logGet(43)) - raft.server.snapshot.auto.trigger.threshold = 10000 (custom)
2019-10-24 12:10:33,959 [pool-47-thread-1] INFO  server.RaftServerConfigKeys (ConfUtils.java:logGet(43)) - raft.server.snapshot.retention.file.num = 5 (custom)
2019-10-24 12:10:33,959 [pool-47-thread-1] INFO  server.RaftServerConfigKeys (ConfUtils.java:logGet(43)) - raft.server.retrycache.expirytime = 600000ms (custom)
2019-10-24 12:10:33,960 [pool-47-thread-1] WARN  impl.MetricRegistriesImpl (MetricRegistriesImpl.java:lambda$create$1(61)) - First MetricRegistry has been created without registering reporters. You may need to call MetricRegistries.global().addReportRegistration(...) before.
2019-10-24 12:10:33,960 [pool-47-thread-1] WARN  impl.MetricRegistriesImpl (MetricRegistriesImpl.java:lambda$create$1(61)) - First MetricRegistry has been created without registering reporters. You may need to call MetricRegistries.global().addReportRegistration(...) before.
2019-10-24 12:10:33,960 [pool-47-thread-1] INFO  impl.RaftServerImpl (RaftServerImpl.java:start(184)) - c58683fb-6de7-4590-940d-14e09458c307@group-81D9528BF7AE: start as a follower, conf=-1: [c58683fb-6de7-4590-940d-14e09458c307:192.168.164.210:44335], old=null
2019-10-24 12:10:33,960 [pool-47-thread-1] INFO  impl.RaftServerImpl (RaftServerImpl.java:setRole(173)) - c58683fb-6de7-4590-940d-14e09458c307@group-81D9528BF7AE: changes role from      null to FOLLOWER at term 0 for startAsFollower
2019-10-24 12:10:33,961 [pool-47-thread-1] INFO  impl.RoleInfo (RoleInfo.java:updateAndGet(143)) - c58683fb-6de7-4590-940d-14e09458c307: start FollowerState
2019-10-24 12:10:33,961 [pool-47-thread-1] INFO  util.JmxRegister (JmxRegister.java:tryRegister(44)) - Successfully registered JMX Bean with object name Ratis:service=RaftServer,group=group-81D9528BF7AE,id=c58683fb-6de7-4590-940d-14e09458c307
2019-10-24 12:10:33,962 [pool-47-thread-1] WARN  impl.MetricRegistriesImpl (MetricRegistriesImpl.java:lambda$create$1(61)) - First MetricRegistry has been created without registering reporters. You may need to call MetricRegistries.global().addReportRegistration(...) before.
2019-10-24 12:10:33,972 [RatisPipelineUtilsThread] INFO  pipeline.PipelineStateManager (PipelineStateManager.java:addPipeline(56)) - Created pipeline Pipeline[ Id: 57303203-912e-4029-97fc-81d9528bf7ae, Nodes: c58683fb-6de7-4590-940d-14e09458c307{ip: 192.168.164.210, host: pr-hdds-2358-mdv8n-1797098514, networkLocation: /default-rack, certSerialId: null}, Type:RATIS, Factor:ONE, State:OPEN]
2019-10-24 12:10:34,005 [grpc-default-executor-2] INFO  impl.RaftServerProxy (RaftServerProxy.java:addNew(89)) - b0079d05-68ff-4074-a89c-94d611ddbdcd: addNew group-EED279B04BD8:[b0079d05-68ff-4074-a89c-94d611ddbdcd:192.168.164.210:43817, c58683fb-6de7-4590-940d-14e09458c307:192.168.164.210:44335, 7f01d92b-bd13-46ba-b46f-c65517f7cb74:192.168.164.210:39920] returns group-EED279B04BD8:java.util.concurrent.CompletableFuture@7b92a656[Not completed]
2019-10-24 12:10:34,006 [grpc-default-executor-1] INFO  impl.RaftServerProxy (RaftServerProxy.java:addNew(89)) - c58683fb-6de7-4590-940d-14e09458c307: addNew group-EED279B04BD8:[b0079d05-68ff-4074-a89c-94d611ddbdcd:192.168.164.210:43817, c58683fb-6de7-4590-940d-14e09458c307:192.168.164.210:44335, 7f01d92b-bd13-46ba-b46f-c65517f7cb74:192.168.164.210:39920] returns group-EED279B04BD8:java.util.concurrent.CompletableFuture@285bb55e[Not completed]
2019-10-24 12:10:34,007 [pool-37-thread-1] INFO  impl.RaftServerImpl (RaftServerImpl.java:<init>(98)) - b0079d05-68ff-4074-a89c-94d611ddbdcd: new RaftServerImpl for group-EED279B04BD8:[b0079d05-68ff-4074-a89c-94d611ddbdcd:192.168.164.210:43817, c58683fb-6de7-4590-940d-14e09458c307:192.168.164.210:44335, 7f01d92b-bd13-46ba-b46f-c65517f7cb74:192.168.164.210:39920] with ContainerStateMachine:uninitialized
2019-10-24 12:10:34,009 [pool-37-thread-1] INFO  server.RaftServerConfigKeys (ConfUtils.java:logGet(43)) - raft.server.rpc.timeout.min = 5s (custom)
2019-10-24 12:10:34,009 [pool-37-thread-1] INFO  server.RaftServerConfigKeys (ConfUtils.java:logGet(43)) - raft.server.rpc.timeout.max = 5200ms (custom)
2019-10-24 12:10:34,010 [pool-37-thread-1] INFO  server.RaftServerConfigKeys (ConfUtils.java:logGet(43)) - raft.server.rpcslowness.timeout = 1000s (custom)
2019-10-24 12:10:34,010 [pool-37-thread-1] INFO  server.RaftServerConfigKeys (ConfUtils.java:logGet(43)) - raft.server.sleep.deviation.threshold = 300 (default)
2019-10-24 12:10:34,010 [pool-37-thread-1] INFO  server.RaftServerConfigKeys (ConfUtils.java:logGet(43)) - raft.server.log.appender.install.snapshot.enabled = false (custom)
2019-10-24 12:10:34,010 [pool-47-thread-1] INFO  impl.RaftServerImpl (RaftServerImpl.java:<init>(98)) - c58683fb-6de7-4590-940d-14e09458c307: new RaftServerImpl for group-EED279B04BD8:[b0079d05-68ff-4074-a89c-94d611ddbdcd:192.168.164.210:43817, c58683fb-6de7-4590-940d-14e09458c307:192.168.164.210:44335, 7f01d92b-bd13-46ba-b46f-c65517f7cb74:192.168.164.210:39920] with ContainerStateMachine:uninitialized
2019-10-24 12:10:34,010 [pool-37-thread-1] INFO  impl.RaftServerImpl (ServerState.java:<init>(103)) - b0079d05-68ff-4074-a89c-94d611ddbdcd@group-EED279B04BD8: ConfigurationManager, init=-1: [b0079d05-68ff-4074-a89c-94d611ddbdcd:192.168.164.210:43817, c58683fb-6de7-4590-940d-14e09458c307:192.168.164.210:44335, 7f01d92b-bd13-46ba-b46f-c65517f7cb74:192.168.164.210:39920], old=null, confs=<EMPTY_MAP>
2019-10-24 12:10:34,011 [pool-47-thread-1] INFO  server.RaftServerConfigKeys (ConfUtils.java:logGet(43)) - raft.server.rpc.timeout.min = 5s (custom)
2019-10-24 12:10:34,011 [pool-37-thread-1] INFO  server.RaftServerConfigKeys (ConfUtils.java:logGet(43)) - raft.server.storage.dir = [/workdir/hadoop-ozone/integration-test/target/test-dir/MiniOzoneClusterImpl-fed4bbd5-3e84-4b96-98af-185ceb771cd5/datanode-1/data/ratis] (custom)
2019-10-24 12:10:34,011 [pool-47-thread-1] INFO  server.RaftServerConfigKeys (ConfUtils.java:logGet(43)) - raft.server.rpc.timeout.max = 5200ms (custom)
2019-10-24 12:10:34,012 [pool-47-thread-1] INFO  server.RaftServerConfigKeys (ConfUtils.java:logGet(43)) - raft.server.rpcslowness.timeout = 1000s (custom)
2019-10-24 12:10:34,012 [pool-37-thread-1] INFO  server.RaftServerConfigKeys (ConfUtils.java:logGet(43)) - raft.server.log.corruption.policy = EXCEPTION (default)
2019-10-24 12:10:34,012 [grpc-default-executor-1] INFO  impl.RaftServerProxy (RaftServerProxy.java:addNew(89)) - 7f01d92b-bd13-46ba-b46f-c65517f7cb74: addNew group-EED279B04BD8:[b0079d05-68ff-4074-a89c-94d611ddbdcd:192.168.164.210:43817, c58683fb-6de7-4590-940d-14e09458c307:192.168.164.210:44335, 7f01d92b-bd13-46ba-b46f-c65517f7cb74:192.168.164.210:39920] returns group-EED279B04BD8:java.util.concurrent.CompletableFuture@6d592e31[Not completed]
2019-10-24 12:10:34,012 [pool-37-thread-1] INFO  storage.RaftStorageDirectory (RaftStorageDirectory.java:analyzeStorage(246)) - The storage directory /workdir/hadoop-ozone/integration-test/target/test-dir/MiniOzoneClusterImpl-fed4bbd5-3e84-4b96-98af-185ceb771cd5/datanode-1/data/ratis/97cf7ea5-f2f0-44c7-b45b-eed279b04bd8 does not exist. Creating ...
2019-10-24 12:10:34,012 [pool-47-thread-1] INFO  server.RaftServerConfigKeys (ConfUtils.java:logGet(43)) - raft.server.sleep.deviation.threshold = 300 (default)
2019-10-24 12:10:34,013 [pool-47-thread-1] INFO  server.RaftServerConfigKeys (ConfUtils.java:logGet(43)) - raft.server.log.appender.install.snapshot.enabled = false (custom)
2019-10-24 12:10:34,013 [pool-47-thread-1] INFO  impl.RaftServerImpl (ServerState.java:<init>(103)) - c58683fb-6de7-4590-940d-14e09458c307@group-EED279B04BD8: ConfigurationManager, init=-1: [b0079d05-68ff-4074-a89c-94d611ddbdcd:192.168.164.210:43817, c58683fb-6de7-4590-940d-14e09458c307:192.168.164.210:44335, 7f01d92b-bd13-46ba-b46f-c65517f7cb74:192.168.164.210:39920], old=null, confs=<EMPTY_MAP>
2019-10-24 12:10:34,013 [pool-47-thread-1] INFO  server.RaftServerConfigKeys (ConfUtils.java:logGet(43)) - raft.server.storage.dir = [/workdir/hadoop-ozone/integration-test/target/test-dir/MiniOzoneClusterImpl-fed4bbd5-3e84-4b96-98af-185ceb771cd5/datanode-2/data/ratis] (custom)
2019-10-24 12:10:34,014 [pool-47-thread-1] INFO  server.RaftServerConfigKeys (ConfUtils.java:logGet(43)) - raft.server.log.corruption.policy = EXCEPTION (default)
2019-10-24 12:10:34,014 [pool-47-thread-1] INFO  storage.RaftStorageDirectory (RaftStorageDirectory.java:analyzeStorage(246)) - The storage directory /workdir/hadoop-ozone/integration-test/target/test-dir/MiniOzoneClusterImpl-fed4bbd5-3e84-4b96-98af-185ceb771cd5/datanode-2/data/ratis/97cf7ea5-f2f0-44c7-b45b-eed279b04bd8 does not exist. Creating ...
2019-10-24 12:10:34,014 [pool-27-thread-1] INFO  impl.RaftServerImpl (RaftServerImpl.java:<init>(98)) - 7f01d92b-bd13-46ba-b46f-c65517f7cb74: new RaftServerImpl for group-EED279B04BD8:[b0079d05-68ff-4074-a89c-94d611ddbdcd:192.168.164.210:43817, c58683fb-6de7-4590-940d-14e09458c307:192.168.164.210:44335, 7f01d92b-bd13-46ba-b46f-c65517f7cb74:192.168.164.210:39920] with ContainerStateMachine:uninitialized
2019-10-24 12:10:34,015 [pool-27-thread-1] INFO  server.RaftServerConfigKeys (ConfUtils.java:logGet(43)) - raft.server.rpc.timeout.min = 5s (custom)
2019-10-24 12:10:34,015 [pool-27-thread-1] INFO  server.RaftServerConfigKeys (ConfUtils.java:logGet(43)) - raft.server.rpc.timeout.max = 5200ms (custom)
2019-10-24 12:10:34,015 [pool-27-thread-1] INFO  server.RaftServerConfigKeys (ConfUtils.java:logGet(43)) - raft.server.rpcslowness.timeout = 1000s (custom)
2019-10-24 12:10:34,015 [pool-27-thread-1] INFO  server.RaftServerConfigKeys (ConfUtils.java:logGet(43)) - raft.server.sleep.deviation.threshold = 300 (default)
2019-10-24 12:10:34,015 [pool-27-thread-1] INFO  server.RaftServerConfigKeys (ConfUtils.java:logGet(43)) - raft.server.log.appender.install.snapshot.enabled = false (custom)
2019-10-24 12:10:34,016 [pool-27-thread-1] INFO  impl.RaftServerImpl (ServerState.java:<init>(103)) - 7f01d92b-bd13-46ba-b46f-c65517f7cb74@group-EED279B04BD8: ConfigurationManager, init=-1: [b0079d05-68ff-4074-a89c-94d611ddbdcd:192.168.164.210:43817, c58683fb-6de7-4590-940d-14e09458c307:192.168.164.210:44335, 7f01d92b-bd13-46ba-b46f-c65517f7cb74:192.168.164.210:39920], old=null, confs=<EMPTY_MAP>
2019-10-24 12:10:34,016 [pool-27-thread-1] INFO  server.RaftServerConfigKeys (ConfUtils.java:logGet(43)) - raft.server.storage.dir = [/workdir/hadoop-ozone/integration-test/target/test-dir/MiniOzoneClusterImpl-fed4bbd5-3e84-4b96-98af-185ceb771cd5/datanode-0/data/ratis] (custom)
2019-10-24 12:10:34,016 [pool-27-thread-1] INFO  server.RaftServerConfigKeys (ConfUtils.java:logGet(43)) - raft.server.log.corruption.policy = EXCEPTION (default)
2019-10-24 12:10:34,017 [pool-27-thread-1] INFO  storage.RaftStorageDirectory (RaftStorageDirectory.java:analyzeStorage(246)) - The storage directory /workdir/hadoop-ozone/integration-test/target/test-dir/MiniOzoneClusterImpl-fed4bbd5-3e84-4b96-98af-185ceb771cd5/datanode-0/data/ratis/97cf7ea5-f2f0-44c7-b45b-eed279b04bd8 does not exist. Creating ...
2019-10-24 12:10:34,026 [pool-27-thread-1] INFO  storage.RaftStorageDirectory (RaftStorageDirectory.java:tryLock(328)) - Lock on /workdir/hadoop-ozone/integration-test/target/test-dir/MiniOzoneClusterImpl-fed4bbd5-3e84-4b96-98af-185ceb771cd5/datanode-0/data/ratis/97cf7ea5-f2f0-44c7-b45b-eed279b04bd8/in_use.lock acquired by nodename 26071@pr-hdds-2358-mdv8n-1797098514
2019-10-24 12:10:34,026 [pool-47-thread-1] INFO  storage.RaftStorageDirectory (RaftStorageDirectory.java:tryLock(328)) - Lock on /workdir/hadoop-ozone/integration-test/target/test-dir/MiniOzoneClusterImpl-fed4bbd5-3e84-4b96-98af-185ceb771cd5/datanode-2/data/ratis/97cf7ea5-f2f0-44c7-b45b-eed279b04bd8/in_use.lock acquired by nodename 26071@pr-hdds-2358-mdv8n-1797098514
2019-10-24 12:10:34,026 [pool-37-thread-1] INFO  storage.RaftStorageDirectory (RaftStorageDirectory.java:tryLock(328)) - Lock on /workdir/hadoop-ozone/integration-test/target/test-dir/MiniOzoneClusterImpl-fed4bbd5-3e84-4b96-98af-185ceb771cd5/datanode-1/data/ratis/97cf7ea5-f2f0-44c7-b45b-eed279b04bd8/in_use.lock acquired by nodename 26071@pr-hdds-2358-mdv8n-1797098514
2019-10-24 12:10:34,052 [pool-37-thread-1] INFO  storage.RaftStorage (RaftStorage.java:format(84)) - Storage directory /workdir/hadoop-ozone/integration-test/target/test-dir/MiniOzoneClusterImpl-fed4bbd5-3e84-4b96-98af-185ceb771cd5/datanode-1/data/ratis/97cf7ea5-f2f0-44c7-b45b-eed279b04bd8 has been successfully formatted.
2019-10-24 12:10:34,052 [pool-27-thread-1] INFO  storage.RaftStorage (RaftStorage.java:format(84)) - Storage directory /workdir/hadoop-ozone/integration-test/target/test-dir/MiniOzoneClusterImpl-fed4bbd5-3e84-4b96-98af-185ceb771cd5/datanode-0/data/ratis/97cf7ea5-f2f0-44c7-b45b-eed279b04bd8 has been successfully formatted.
2019-10-24 12:10:34,052 [pool-37-thread-1] INFO  ratis.ContainerStateMachine (ContainerStateMachine.java:loadSnapshot(231)) - group-EED279B04BD8: The snapshot info is null. Setting the last applied indexto:(t:0, i:~)
2019-10-24 12:10:34,052 [pool-47-thread-1] INFO  storage.RaftStorage (RaftStorage.java:format(84)) - Storage directory /workdir/hadoop-ozone/integration-test/target/test-dir/MiniOzoneClusterImpl-fed4bbd5-3e84-4b96-98af-185ceb771cd5/datanode-2/data/ratis/97cf7ea5-f2f0-44c7-b45b-eed279b04bd8 has been successfully formatted.
2019-10-24 12:10:34,052 [pool-37-thread-1] INFO  server.RaftServerConfigKeys (ConfUtils.java:logGet(43)) - raft.server.notification.no-leader.timeout = 1000s (custom)
2019-10-24 12:10:34,052 [pool-27-thread-1] INFO  ratis.ContainerStateMachine (ContainerStateMachine.java:loadSnapshot(231)) - group-EED279B04BD8: The snapshot info is null. Setting the last applied indexto:(t:0, i:~)
2019-10-24 12:10:34,053 [pool-47-thread-1] INFO  ratis.ContainerStateMachine (ContainerStateMachine.java:loadSnapshot(231)) - group-EED279B04BD8: The snapshot info is null. Setting the last applied indexto:(t:0, i:~)
2019-10-24 12:10:34,052 [pool-37-thread-1] INFO  server.RaftServerConfigKeys (ConfUtils.java:logGet(43)) - raft.server.log.use.memory = false (default)
2019-10-24 12:10:34,053 [pool-47-thread-1] INFO  server.RaftServerConfigKeys (ConfUtils.java:logGet(43)) - raft.server.notification.no-leader.timeout = 1000s (custom)
2019-10-24 12:10:34,053 [pool-27-thread-1] INFO  server.RaftServerConfigKeys (ConfUtils.java:logGet(43)) - raft.server.notification.no-leader.timeout = 1000s (custom)
2019-10-24 12:10:34,053 [pool-47-thread-1] INFO  server.RaftServerConfigKeys (ConfUtils.java:logGet(43)) - raft.server.log.use.memory = false (default)
2019-10-24 12:10:34,053 [pool-37-thread-1] INFO  server.RaftServerConfigKeys (ConfUtils.java:logGet(43)) - raft.server.log.purge.gap = 1000000 (custom)
2019-10-24 12:10:34,053 [pool-47-thread-1] INFO  server.RaftServerConfigKeys (ConfUtils.java:logGet(43)) - raft.server.log.purge.gap = 1000000 (custom)
2019-10-24 12:10:34,053 [pool-27-thread-1] INFO  server.RaftServerConfigKeys (ConfUtils.java:logGet(43)) - raft.server.log.use.memory = false (default)
2019-10-24 12:10:34,054 [pool-47-thread-1] INFO  server.RaftServerConfigKeys (ConfUtils.java:logGet(43)) - raft.server.log.appender.buffer.byte-limit = 33554432 (custom)
2019-10-24 12:10:34,054 [pool-37-thread-1] INFO  server.RaftServerConfigKeys (ConfUtils.java:logGet(43)) - raft.server.log.appender.buffer.byte-limit = 33554432 (custom)
2019-10-24 12:10:34,054 [pool-47-thread-1] INFO  server.RaftServerConfigKeys (ConfUtils.java:logGet(43)) - raft.server.log.segment.size.max = 1048576 (custom)
2019-10-24 12:10:34,054 [pool-27-thread-1] INFO  server.RaftServerConfigKeys (ConfUtils.java:logGet(43)) - raft.server.log.purge.gap = 1000000 (custom)
2019-10-24 12:10:34,054 [pool-47-thread-1] INFO  server.RaftServerConfigKeys (ConfUtils.java:logGet(43)) - raft.server.log.segment.cache.num.max = 2 (custom)
2019-10-24 12:10:34,054 [pool-37-thread-1] INFO  server.RaftServerConfigKeys (ConfUtils.java:logGet(43)) - raft.server.log.segment.size.max = 1048576 (custom)
2019-10-24 12:10:34,055 [pool-47-thread-1] INFO  segmented.SegmentedRaftLogWorker (SegmentedRaftLogWorker.java:<init>(173)) - new c58683fb-6de7-4590-940d-14e09458c307@group-EED279B04BD8-SegmentedRaftLogWorker for RaftStorage:Storage Directory /workdir/hadoop-ozone/integration-test/target/test-dir/MiniOzoneClusterImpl-fed4bbd5-3e84-4b96-98af-185ceb771cd5/datanode-2/data/ratis/97cf7ea5-f2f0-44c7-b45b-eed279b04bd8
2019-10-24 12:10:34,055 [pool-27-thread-1] INFO  server.RaftServerConfigKeys (ConfUtils.java:logGet(43)) - raft.server.log.appender.buffer.byte-limit = 33554432 (custom)
2019-10-24 12:10:34,055 [pool-47-thread-1] INFO  server.RaftServerConfigKeys (ConfUtils.java:logGet(43)) - raft.server.log.queue.byte-limit = 2147483647 (custom)
2019-10-24 12:10:34,055 [pool-37-thread-1] INFO  server.RaftServerConfigKeys (ConfUtils.java:logGet(43)) - raft.server.log.segment.cache.num.max = 2 (custom)
2019-10-24 12:10:34,055 [pool-47-thread-1] INFO  server.RaftServerConfigKeys (ConfUtils.java:logGet(43)) - raft.server.log.queue.element-limit = 1024 (custom)
2019-10-24 12:10:34,055 [pool-27-thread-1] INFO  server.RaftServerConfigKeys (ConfUtils.java:logGet(43)) - raft.server.log.segment.size.max = 1048576 (custom)
2019-10-24 12:10:34,056 [pool-47-thread-1] INFO  server.RaftServerConfigKeys (ConfUtils.java:logGet(43)) - raft.server.log.segment.size.max = 1048576 (custom)
2019-10-24 12:10:34,055 [pool-37-thread-1] INFO  segmented.SegmentedRaftLogWorker (SegmentedRaftLogWorker.java:<init>(173)) - new b0079d05-68ff-4074-a89c-94d611ddbdcd@group-EED279B04BD8-SegmentedRaftLogWorker for RaftStorage:Storage Directory /workdir/hadoop-ozone/integration-test/target/test-dir/MiniOzoneClusterImpl-fed4bbd5-3e84-4b96-98af-185ceb771cd5/datanode-1/data/ratis/97cf7ea5-f2f0-44c7-b45b-eed279b04bd8
2019-10-24 12:10:34,056 [pool-47-thread-1] INFO  server.RaftServerConfigKeys (ConfUtils.java:logGet(43)) - raft.server.log.preallocated.size = 16384 (custom)
2019-10-24 12:10:34,056 [pool-27-thread-1] INFO  server.RaftServerConfigKeys (ConfUtils.java:logGet(43)) - raft.server.log.segment.cache.num.max = 2 (custom)
2019-10-24 12:10:34,056 [pool-47-thread-1] INFO  server.RaftServerConfigKeys (ConfUtils.java:logGet(43)) - raft.server.log.write.buffer.size = 33554432 (custom)
2019-10-24 12:10:34,056 [pool-37-thread-1] INFO  server.RaftServerConfigKeys (ConfUtils.java:logGet(43)) - raft.server.log.queue.byte-limit = 2147483647 (custom)
2019-10-24 12:10:34,056 [pool-47-thread-1] INFO  server.RaftServerConfigKeys (ConfUtils.java:logGet(43)) - raft.server.log.force.sync.num = 128 (default)
2019-10-24 12:10:34,056 [pool-27-thread-1] INFO  segmented.SegmentedRaftLogWorker (SegmentedRaftLogWorker.java:<init>(173)) - new 7f01d92b-bd13-46ba-b46f-c65517f7cb74@group-EED279B04BD8-SegmentedRaftLogWorker for RaftStorage:Storage Directory /workdir/hadoop-ozone/integration-test/target/test-dir/MiniOzoneClusterImpl-fed4bbd5-3e84-4b96-98af-185ceb771cd5/datanode-0/data/ratis/97cf7ea5-f2f0-44c7-b45b-eed279b04bd8
2019-10-24 12:10:34,057 [pool-47-thread-1] INFO  server.RaftServerConfigKeys (ConfUtils.java:logGet(43)) - raft.server.log.statemachine.data.sync = true (default)
2019-10-24 12:10:34,057 [pool-37-thread-1] INFO  server.RaftServerConfigKeys (ConfUtils.java:logGet(43)) - raft.server.log.queue.element-limit = 1024 (custom)
2019-10-24 12:10:34,057 [pool-47-thread-1] INFO  server.RaftServerConfigKeys (ConfUtils.java:logGet(43)) - raft.server.log.statemachine.data.sync.timeout = 10s (default)
2019-10-24 12:10:34,057 [pool-27-thread-1] INFO  server.RaftServerConfigKeys (ConfUtils.java:logGet(43)) - raft.server.log.queue.byte-limit = 2147483647 (custom)
2019-10-24 12:10:34,057 [pool-47-thread-1] INFO  server.RaftServerConfigKeys (ConfUtils.java:logGet(43)) - raft.server.log.statemachine.data.sync.timeout.retry = -1 (default)
2019-10-24 12:10:34,057 [pool-37-thread-1] INFO  server.RaftServerConfigKeys (ConfUtils.java:logGet(43)) - raft.server.log.segment.size.max = 1048576 (custom)
2019-10-24 12:10:34,058 [pool-27-thread-1] INFO  server.RaftServerConfigKeys (ConfUtils.java:logGet(43)) - raft.server.log.queue.element-limit = 1024 (custom)
2019-10-24 12:10:34,058 [pool-37-thread-1] INFO  server.RaftServerConfigKeys (ConfUtils.java:logGet(43)) - raft.server.log.preallocated.size = 16384 (custom)
2019-10-24 12:10:34,058 [pool-47-thread-1] INFO  server.RaftServerConfigKeys (ConfUtils.java:logGet(43)) - raft.server.log.statemachine.data.caching.enabled = true (custom)
2019-10-24 12:10:34,058 [pool-37-thread-1] INFO  server.RaftServerConfigKeys (ConfUtils.java:logGet(43)) - raft.server.log.write.buffer.size = 33554432 (custom)
2019-10-24 12:10:34,058 [pool-27-thread-1] INFO  server.RaftServerConfigKeys (ConfUtils.java:logGet(43)) - raft.server.log.segment.size.max = 1048576 (custom)
2019-10-24 12:10:34,059 [pool-47-thread-1] INFO  segmented.SegmentedRaftLogWorker (SegmentedRaftLogWorker.java:lambda$new$0(128)) - c58683fb-6de7-4590-940d-14e09458c307@group-EED279B04BD8-SegmentedRaftLogWorker: flushIndex: setUnconditionally 0 -> -1
2019-10-24 12:10:34,058 [pool-37-thread-1] INFO  server.RaftServerConfigKeys (ConfUtils.java:logGet(43)) - raft.server.log.force.sync.num = 128 (default)
2019-10-24 12:10:34,059 [pool-27-thread-1] INFO  server.RaftServerConfigKeys (ConfUtils.java:logGet(43)) - raft.server.log.preallocated.size = 16384 (custom)
2019-10-24 12:10:34,059 [pool-47-thread-1] INFO  server.RaftServerConfigKeys (ConfUtils.java:logGet(43)) - raft.server.snapshot.auto.trigger.enabled = true (custom)
2019-10-24 12:10:34,059 [pool-37-thread-1] INFO  server.RaftServerConfigKeys (ConfUtils.java:logGet(43)) - raft.server.log.statemachine.data.sync = true (default)
2019-10-24 12:10:34,059 [pool-47-thread-1] INFO  server.RaftServerConfigKeys (ConfUtils.java:logGet(43)) - raft.server.snapshot.auto.trigger.threshold = 10000 (custom)
2019-10-24 12:10:34,059 [pool-27-thread-1] INFO  server.RaftServerConfigKeys (ConfUtils.java:logGet(43)) - raft.server.log.write.buffer.size = 33554432 (custom)
2019-10-24 12:10:34,338 [pool-47-thread-1] INFO  server.RaftServerConfigKeys (ConfUtils.java:logGet(43)) - raft.server.snapshot.retention.file.num = 5 (custom)
2019-10-24 12:10:34,337 [pool-37-thread-1] INFO  server.RaftServerConfigKeys (ConfUtils.java:logGet(43)) - raft.server.log.statemachine.data.sync.timeout = 10s (default)
2019-10-24 12:10:34,338 [pool-47-thread-1] INFO  server.RaftServerConfigKeys (ConfUtils.java:logGet(43)) - raft.server.retrycache.expirytime = 600000ms (custom)
2019-10-24 12:10:34,338 [pool-27-thread-1] INFO  server.RaftServerConfigKeys (ConfUtils.java:logGet(43)) - raft.server.log.force.sync.num = 128 (default)
2019-10-24 12:10:34,338 [pool-37-thread-1] INFO  server.RaftServerConfigKeys (ConfUtils.java:logGet(43)) - raft.server.log.statemachine.data.sync.timeout.retry = -1 (default)
2019-10-24 12:10:34,339 [pool-27-thread-1] INFO  server.RaftServerConfigKeys (ConfUtils.java:logGet(43)) - raft.server.log.statemachine.data.sync = true (default)
2019-10-24 12:10:34,339 [pool-47-thread-1] WARN  impl.MetricRegistriesImpl (MetricRegistriesImpl.java:lambda$create$1(61)) - First MetricRegistry has been created without registering reporters. You may need to call MetricRegistries.global().addReportRegistration(...) before.
2019-10-24 12:10:34,340 [pool-27-thread-1] INFO  server.RaftServerConfigKeys (ConfUtils.java:logGet(43)) - raft.server.log.statemachine.data.sync.timeout = 10s (default)
2019-10-24 12:10:34,340 [pool-37-thread-1] INFO  server.RaftServerConfigKeys (ConfUtils.java:logGet(43)) - raft.server.log.statemachine.data.caching.enabled = true (custom)
2019-10-24 12:10:34,340 [pool-27-thread-1] INFO  server.RaftServerConfigKeys (ConfUtils.java:logGet(43)) - raft.server.log.statemachine.data.sync.timeout.retry = -1 (default)
2019-10-24 12:10:34,340 [pool-47-thread-1] WARN  impl.MetricRegistriesImpl (MetricRegistriesImpl.java:lambda$create$1(61)) - First MetricRegistry has been created without registering reporters. You may need to call MetricRegistries.global().addReportRegistration(...) before.
2019-10-24 12:10:34,341 [pool-37-thread-1] INFO  segmented.SegmentedRaftLogWorker (SegmentedRaftLogWorker.java:lambda$new$0(128)) - b0079d05-68ff-4074-a89c-94d611ddbdcd@group-EED279B04BD8-SegmentedRaftLogWorker: flushIndex: setUnconditionally 0 -> -1
2019-10-24 12:10:34,341 [pool-27-thread-1] INFO  server.RaftServerConfigKeys (ConfUtils.java:logGet(43)) - raft.server.log.statemachine.data.caching.enabled = true (custom)
2019-10-24 12:10:34,341 [pool-37-thread-1] INFO  server.RaftServerConfigKeys (ConfUtils.java:logGet(43)) - raft.server.snapshot.auto.trigger.enabled = true (custom)
2019-10-24 12:10:34,341 [pool-47-thread-1] INFO  impl.RaftServerImpl (RaftServerImpl.java:start(184)) - c58683fb-6de7-4590-940d-14e09458c307@group-EED279B04BD8: start as a follower, conf=-1: [b0079d05-68ff-4074-a89c-94d611ddbdcd:192.168.164.210:43817, c58683fb-6de7-4590-940d-14e09458c307:192.168.164.210:44335, 7f01d92b-bd13-46ba-b46f-c65517f7cb74:192.168.164.210:39920], old=null
2019-10-24 12:10:34,341 [pool-37-thread-1] INFO  server.RaftServerConfigKeys (ConfUtils.java:logGet(43)) - raft.server.snapshot.auto.trigger.threshold = 10000 (custom)
2019-10-24 12:10:34,341 [pool-47-thread-1] INFO  impl.RaftServerImpl (RaftServerImpl.java:setRole(173)) - c58683fb-6de7-4590-940d-14e09458c307@group-EED279B04BD8: changes role from      null to FOLLOWER at term 0 for startAsFollower
2019-10-24 12:10:34,342 [pool-37-thread-1] INFO  server.RaftServerConfigKeys (ConfUtils.java:logGet(43)) - raft.server.snapshot.retention.file.num = 5 (custom)
2019-10-24 12:10:34,342 [pool-27-thread-1] INFO  segmented.SegmentedRaftLogWorker (SegmentedRaftLogWorker.java:lambda$new$0(128)) - 7f01d92b-bd13-46ba-b46f-c65517f7cb74@group-EED279B04BD8-SegmentedRaftLogWorker: flushIndex: setUnconditionally 0 -> -1
2019-10-24 12:10:34,342 [pool-37-thread-1] INFO  server.RaftServerConfigKeys (ConfUtils.java:logGet(43)) - raft.server.retrycache.expirytime = 600000ms (custom)
2019-10-24 12:10:34,342 [pool-47-thread-1] INFO  impl.RoleInfo (RoleInfo.java:updateAndGet(143)) - c58683fb-6de7-4590-940d-14e09458c307: start FollowerState
2019-10-24 12:10:34,342 [pool-37-thread-1] WARN  impl.MetricRegistriesImpl (MetricRegistriesImpl.java:lambda$create$1(61)) - First MetricRegistry has been created without registering reporters. You may need to call MetricRegistries.global().addReportRegistration(...) before.
2019-10-24 12:10:34,342 [pool-27-thread-1] INFO  server.RaftServerConfigKeys (ConfUtils.java:logGet(43)) - raft.server.snapshot.auto.trigger.enabled = true (custom)
2019-10-24 12:10:34,342 [pool-37-thread-1] WARN  impl.MetricRegistriesImpl (MetricRegistriesImpl.java:lambda$create$1(61)) - First MetricRegistry has been created without registering reporters. You may need to call MetricRegistries.global().addReportRegistration(...) before.
2019-10-24 12:10:34,343 [pool-47-thread-1] INFO  util.JmxRegister (JmxRegister.java:tryRegister(44)) - Successfully registered JMX Bean with object name Ratis:service=RaftServer,group=group-EED279B04BD8,id=c58683fb-6de7-4590-940d-14e09458c307
2019-10-24 12:10:34,343 [pool-27-thread-1] INFO  server.RaftServerConfigKeys (ConfUtils.java:logGet(43)) - raft.server.snapshot.auto.trigger.threshold = 10000 (custom)
2019-10-24 12:10:34,343 [pool-47-thread-1] WARN  impl.MetricRegistriesImpl (MetricRegistriesImpl.java:lambda$create$1(61)) - First MetricRegistry has been created without registering reporters. You may need to call MetricRegistries.global().addReportRegistration(...) before.
2019-10-24 12:10:34,343 [pool-37-thread-1] INFO  impl.RaftServerImpl (RaftServerImpl.java:start(184)) - b0079d05-68ff-4074-a89c-94d611ddbdcd@group-EED279B04BD8: start as a follower, conf=-1: [b0079d05-68ff-4074-a89c-94d611ddbdcd:192.168.164.210:43817, c58683fb-6de7-4590-940d-14e09458c307:192.168.164.210:44335, 7f01d92b-bd13-46ba-b46f-c65517f7cb74:192.168.164.210:39920], old=null
2019-10-24 12:10:34,343 [pool-27-thread-1] INFO  server.RaftServerConfigKeys (ConfUtils.java:logGet(43)) - raft.server.snapshot.retention.file.num = 5 (custom)
2019-10-24 12:10:34,354 [pool-37-thread-1] INFO  impl.RaftServerImpl (RaftServerImpl.java:setRole(173)) - b0079d05-68ff-4074-a89c-94d611ddbdcd@group-EED279B04BD8: changes role from      null to FOLLOWER at term 0 for startAsFollower
2019-10-24 12:10:34,354 [pool-27-thread-1] INFO  server.RaftServerConfigKeys (ConfUtils.java:logGet(43)) - raft.server.retrycache.expirytime = 600000ms (custom)
2019-10-24 12:10:34,355 [pool-27-thread-1] WARN  impl.MetricRegistriesImpl (MetricRegistriesImpl.java:lambda$create$1(61)) - First MetricRegistry has been created without registering reporters. You may need to call MetricRegistries.global().addReportRegistration(...) before.
2019-10-24 12:10:34,355 [pool-37-thread-1] INFO  impl.RoleInfo (RoleInfo.java:updateAndGet(143)) - b0079d05-68ff-4074-a89c-94d611ddbdcd: start FollowerState
2019-10-24 12:10:34,355 [pool-27-thread-1] WARN  impl.MetricRegistriesImpl (MetricRegistriesImpl.java:lambda$create$1(61)) - First MetricRegistry has been created without registering reporters. You may need to call MetricRegistries.global().addReportRegistration(...) before.
2019-10-24 12:10:34,355 [pool-27-thread-1] INFO  impl.RaftServerImpl (RaftServerImpl.java:start(184)) - 7f01d92b-bd13-46ba-b46f-c65517f7cb74@group-EED279B04BD8: start as a follower, conf=-1: [b0079d05-68ff-4074-a89c-94d611ddbdcd:192.168.164.210:43817, c58683fb-6de7-4590-940d-14e09458c307:192.168.164.210:44335, 7f01d92b-bd13-46ba-b46f-c65517f7cb74:192.168.164.210:39920], old=null
2019-10-24 12:10:34,355 [pool-27-thread-1] INFO  impl.RaftServerImpl (RaftServerImpl.java:setRole(173)) - 7f01d92b-bd13-46ba-b46f-c65517f7cb74@group-EED279B04BD8: changes role from      null to FOLLOWER at term 0 for startAsFollower
2019-10-24 12:10:34,355 [pool-37-thread-1] INFO  util.JmxRegister (JmxRegister.java:tryRegister(44)) - Successfully registered JMX Bean with object name Ratis:service=RaftServer,group=group-EED279B04BD8,id=b0079d05-68ff-4074-a89c-94d611ddbdcd
2019-10-24 12:10:34,355 [pool-27-thread-1] INFO  impl.RoleInfo (RoleInfo.java:updateAndGet(143)) - 7f01d92b-bd13-46ba-b46f-c65517f7cb74: start FollowerState
2019-10-24 12:10:34,355 [pool-37-thread-1] WARN  impl.MetricRegistriesImpl (MetricRegistriesImpl.java:lambda$create$1(61)) - First MetricRegistry has been created without registering reporters. You may need to call MetricRegistries.global().addReportRegistration(...) before.
2019-10-24 12:10:34,357 [pool-27-thread-1] INFO  util.JmxRegister (JmxRegister.java:tryRegister(44)) - Successfully registered JMX Bean with object name Ratis:service=RaftServer,group=group-EED279B04BD8,id=7f01d92b-bd13-46ba-b46f-c65517f7cb74
2019-10-24 12:10:34,357 [pool-27-thread-1] WARN  impl.MetricRegistriesImpl (MetricRegistriesImpl.java:lambda$create$1(61)) - First MetricRegistry has been created without registering reporters. You may need to call MetricRegistries.global().addReportRegistration(...) before.
2019-10-24 12:10:34,378 [RatisPipelineUtilsThread] INFO  pipeline.PipelineStateManager (PipelineStateManager.java:addPipeline(56)) - Created pipeline Pipeline[ Id: 97cf7ea5-f2f0-44c7-b45b-eed279b04bd8, Nodes: b0079d05-68ff-4074-a89c-94d611ddbdcd{ip: 192.168.164.210, host: pr-hdds-2358-mdv8n-1797098514, networkLocation: /default-rack, certSerialId: null}c58683fb-6de7-4590-940d-14e09458c307{ip: 192.168.164.210, host: pr-hdds-2358-mdv8n-1797098514, networkLocation: /default-rack, certSerialId: null}7f01d92b-bd13-46ba-b46f-c65517f7cb74{ip: 192.168.164.210, host: pr-hdds-2358-mdv8n-1797098514, networkLocation: /default-rack, certSerialId: null}, Type:RATIS, Factor:THREE, State:OPEN]
2019-10-24 12:10:34,466 [main] INFO  impl.MetricsSystemImpl (MetricsSystemImpl.java:init(158)) - XceiverClientMetrics metrics system started (again)
2019-10-24 12:10:35,995 [Thread-181] INFO  container.ReplicationManager (ReplicationManager.java:start(162)) - Starting Replication Monitor Thread.
2019-10-24 12:10:36,000 [ReplicationMonitor] INFO  container.ReplicationManager (ReplicationManager.java:run(225)) - Replication Monitor Thread took 4 milliseconds for processing 1 containers.
2019-10-24 12:10:38,813 [Thread-189] INFO  impl.FollowerState (FollowerState.java:run(111)) - 7f01d92b-bd13-46ba-b46f-c65517f7cb74@group-A5FCD1ED4308-FollowerState: change to CANDIDATE, lastRpcTime:5115ms, electionTimeout:5114ms
2019-10-24 12:10:38,815 [Thread-189] INFO  impl.RoleInfo (RoleInfo.java:shutdownFollowerState(121)) - 7f01d92b-bd13-46ba-b46f-c65517f7cb74: shutdown FollowerState
2019-10-24 12:10:38,816 [Thread-189] INFO  impl.RaftServerImpl (RaftServerImpl.java:setRole(173)) - 7f01d92b-bd13-46ba-b46f-c65517f7cb74@group-A5FCD1ED4308: changes role from  FOLLOWER to CANDIDATE at term 0 for changeToCandidate
2019-10-24 12:10:38,821 [Thread-189] INFO  impl.RoleInfo (RoleInfo.java:updateAndGet(143)) - 7f01d92b-bd13-46ba-b46f-c65517f7cb74: start LeaderElection
2019-10-24 12:10:38,846 [7f01d92b-bd13-46ba-b46f-c65517f7cb74@group-A5FCD1ED4308-LeaderElection1] INFO  impl.LeaderElection (LeaderElection.java:askForVotes(178)) - 7f01d92b-bd13-46ba-b46f-c65517f7cb74@group-A5FCD1ED4308-LeaderElection1: begin an election at term 1 for -1: [7f01d92b-bd13-46ba-b46f-c65517f7cb74:192.168.164.210:39920], old=null
2019-10-24 12:10:38,847 [7f01d92b-bd13-46ba-b46f-c65517f7cb74@group-A5FCD1ED4308-LeaderElection1] INFO  impl.RoleInfo (RoleInfo.java:shutdownLeaderElection(134)) - 7f01d92b-bd13-46ba-b46f-c65517f7cb74: shutdown LeaderElection
2019-10-24 12:10:38,848 [7f01d92b-bd13-46ba-b46f-c65517f7cb74@group-A5FCD1ED4308-LeaderElection1] INFO  impl.RaftServerImpl (RaftServerImpl.java:setRole(173)) - 7f01d92b-bd13-46ba-b46f-c65517f7cb74@group-A5FCD1ED4308: changes role from CANDIDATE to LEADER at term 1 for changeToLeader
2019-10-24 12:10:38,848 [7f01d92b-bd13-46ba-b46f-c65517f7cb74@group-A5FCD1ED4308-LeaderElection1] INFO  impl.RaftServerImpl (ServerState.java:setLeader(255)) - 7f01d92b-bd13-46ba-b46f-c65517f7cb74@group-A5FCD1ED4308: change Leader from null to 7f01d92b-bd13-46ba-b46f-c65517f7cb74 at term 1 for becomeLeader, leader elected after 5258ms
2019-10-24 12:10:38,854 [7f01d92b-bd13-46ba-b46f-c65517f7cb74@group-A5FCD1ED4308-LeaderElection1] INFO  server.RaftServerConfigKeys (ConfUtils.java:logGet(43)) - raft.server.staging.catchup.gap = 1000 (default)
2019-10-24 12:10:38,854 [7f01d92b-bd13-46ba-b46f-c65517f7cb74@group-A5FCD1ED4308-LeaderElection1] INFO  server.RaftServerConfigKeys (ConfUtils.java:logGet(43)) - raft.server.rpc.sleep.time = 25ms (default)
2019-10-24 12:10:38,859 [7f01d92b-bd13-46ba-b46f-c65517f7cb74@group-A5FCD1ED4308-LeaderElection1] INFO  server.RaftServerConfigKeys (ConfUtils.java:logGet(43)) - raft.server.write.element-limit = 4096 (default)
2019-10-24 12:10:38,864 [7f01d92b-bd13-46ba-b46f-c65517f7cb74@group-A5FCD1ED4308-LeaderElection1] INFO  server.RaftServerConfigKeys (ConfUtils.java:logGet(43)) - raft.server.watch.timeout = 10s (default)
2019-10-24 12:10:38,864 [7f01d92b-bd13-46ba-b46f-c65517f7cb74@group-A5FCD1ED4308-LeaderElection1] INFO  server.RaftServerConfigKeys (ConfUtils.java:logGet(43)) - raft.server.watch.timeout.denomination = 1s (default)
2019-10-24 12:10:38,865 [7f01d92b-bd13-46ba-b46f-c65517f7cb74@group-A5FCD1ED4308-LeaderElection1] INFO  server.RaftServerConfigKeys (ConfUtils.java:logGet(43)) - raft.server.watch.element-limit = 65536 (default)
2019-10-24 12:10:38,873 [7f01d92b-bd13-46ba-b46f-c65517f7cb74@group-A5FCD1ED4308-LeaderElection1] INFO  impl.RoleInfo (RoleInfo.java:updateAndGet(143)) - 7f01d92b-bd13-46ba-b46f-c65517f7cb74: start LeaderState
2019-10-24 12:10:38,893 [7f01d92b-bd13-46ba-b46f-c65517f7cb74@group-A5FCD1ED4308-LeaderElection1] INFO  segmented.SegmentedRaftLogWorker (SegmentedRaftLogWorker.java:startLogSegment(385)) - 7f01d92b-bd13-46ba-b46f-c65517f7cb74@group-A5FCD1ED4308-SegmentedRaftLogWorker: Starting segment from index:0
2019-10-24 12:10:38,902 [7f01d92b-bd13-46ba-b46f-c65517f7cb74@group-A5FCD1ED4308-LeaderElection1] INFO  impl.RaftServerImpl (ServerState.java:setRaftConf(356)) - 7f01d92b-bd13-46ba-b46f-c65517f7cb74@group-A5FCD1ED4308: set configuration 0: [7f01d92b-bd13-46ba-b46f-c65517f7cb74:192.168.164.210:39920], old=null at 0
2019-10-24 12:10:38,973 [Thread-192] INFO  impl.FollowerState (FollowerState.java:run(111)) - b0079d05-68ff-4074-a89c-94d611ddbdcd@group-F236FCC62A92-FollowerState: change to CANDIDATE, lastRpcTime:5095ms, electionTimeout:5094ms
2019-10-24 12:10:38,976 [Thread-195] INFO  impl.FollowerState (FollowerState.java:run(111)) - c58683fb-6de7-4590-940d-14e09458c307@group-81D9528BF7AE-FollowerState: change to CANDIDATE, lastRpcTime:5015ms, electionTimeout:5013ms
2019-10-24 12:10:38,977 [Thread-192] INFO  impl.RoleInfo (RoleInfo.java:shutdownFollowerState(121)) - b0079d05-68ff-4074-a89c-94d611ddbdcd: shutdown FollowerState
2019-10-24 12:10:38,977 [Thread-195] INFO  impl.RoleInfo (RoleInfo.java:shutdownFollowerState(121)) - c58683fb-6de7-4590-940d-14e09458c307: shutdown FollowerState
2019-10-24 12:10:38,977 [Thread-192] INFO  impl.RaftServerImpl (RaftServerImpl.java:setRole(173)) - b0079d05-68ff-4074-a89c-94d611ddbdcd@group-F236FCC62A92: changes role from  FOLLOWER to CANDIDATE at term 0 for changeToCandidate
2019-10-24 12:10:38,977 [Thread-195] INFO  impl.RaftServerImpl (RaftServerImpl.java:setRole(173)) - c58683fb-6de7-4590-940d-14e09458c307@group-81D9528BF7AE: changes role from  FOLLOWER to CANDIDATE at term 0 for changeToCandidate
2019-10-24 12:10:38,978 [Thread-192] INFO  impl.RoleInfo (RoleInfo.java:updateAndGet(143)) - b0079d05-68ff-4074-a89c-94d611ddbdcd: start LeaderElection
2019-10-24 12:10:38,978 [Thread-195] INFO  impl.RoleInfo (RoleInfo.java:updateAndGet(143)) - c58683fb-6de7-4590-940d-14e09458c307: start LeaderElection
2019-10-24 12:10:38,997 [b0079d05-68ff-4074-a89c-94d611ddbdcd@group-F236FCC62A92-LeaderElection2] INFO  impl.LeaderElection (LeaderElection.java:askForVotes(178)) - b0079d05-68ff-4074-a89c-94d611ddbdcd@group-F236FCC62A92-LeaderElection2: begin an election at term 1 for -1: [b0079d05-68ff-4074-a89c-94d611ddbdcd:192.168.164.210:43817], old=null
2019-10-24 12:10:38,997 [c58683fb-6de7-4590-940d-14e09458c307@group-81D9528BF7AE-LeaderElection3] INFO  impl.LeaderElection (LeaderElection.java:askForVotes(178)) - c58683fb-6de7-4590-940d-14e09458c307@group-81D9528BF7AE-LeaderElection3: begin an election at term 1 for -1: [c58683fb-6de7-4590-940d-14e09458c307:192.168.164.210:44335], old=null
2019-10-24 12:10:38,998 [b0079d05-68ff-4074-a89c-94d611ddbdcd@group-F236FCC62A92-LeaderElection2] INFO  impl.RoleInfo (RoleInfo.java:shutdownLeaderElection(134)) - b0079d05-68ff-4074-a89c-94d611ddbdcd: shutdown LeaderElection
2019-10-24 12:10:38,998 [c58683fb-6de7-4590-940d-14e09458c307@group-81D9528BF7AE-LeaderElection3] INFO  impl.RoleInfo (RoleInfo.java:shutdownLeaderElection(134)) - c58683fb-6de7-4590-940d-14e09458c307: shutdown LeaderElection
2019-10-24 12:10:38,998 [b0079d05-68ff-4074-a89c-94d611ddbdcd@group-F236FCC62A92-LeaderElection2] INFO  impl.RaftServerImpl (RaftServerImpl.java:setRole(173)) - b0079d05-68ff-4074-a89c-94d611ddbdcd@group-F236FCC62A92: changes role from CANDIDATE to LEADER at term 1 for changeToLeader
2019-10-24 12:10:38,999 [c58683fb-6de7-4590-940d-14e09458c307@group-81D9528BF7AE-LeaderElection3] INFO  impl.RaftServerImpl (RaftServerImpl.java:setRole(173)) - c58683fb-6de7-4590-940d-14e09458c307@group-81D9528BF7AE: changes role from CANDIDATE to LEADER at term 1 for changeToLeader
2019-10-24 12:10:38,999 [b0079d05-68ff-4074-a89c-94d611ddbdcd@group-F236FCC62A92-LeaderElection2] INFO  impl.RaftServerImpl (ServerState.java:setLeader(255)) - b0079d05-68ff-4074-a89c-94d611ddbdcd@group-F236FCC62A92: change Leader from null to b0079d05-68ff-4074-a89c-94d611ddbdcd at term 1 for becomeLeader, leader elected after 5128ms
2019-10-24 12:10:38,999 [c58683fb-6de7-4590-940d-14e09458c307@group-81D9528BF7AE-LeaderElection3] INFO  impl.RaftServerImpl (ServerState.java:setLeader(255)) - c58683fb-6de7-4590-940d-14e09458c307@group-81D9528BF7AE: change Leader from null to c58683fb-6de7-4590-940d-14e09458c307 at term 1 for becomeLeader, leader elected after 5044ms
2019-10-24 12:10:38,999 [b0079d05-68ff-4074-a89c-94d611ddbdcd@group-F236FCC62A92-LeaderElection2] INFO  server.RaftServerConfigKeys (ConfUtils.java:logGet(43)) - raft.server.staging.catchup.gap = 1000 (default)
2019-10-24 12:10:38,999 [c58683fb-6de7-4590-940d-14e09458c307@group-81D9528BF7AE-LeaderElection3] INFO  server.RaftServerConfigKeys (ConfUtils.java:logGet(43)) - raft.server.staging.catchup.gap = 1000 (default)
2019-10-24 12:10:38,999 [b0079d05-68ff-4074-a89c-94d611ddbdcd@group-F236FCC62A92-LeaderElection2] INFO  server.RaftServerConfigKeys (ConfUtils.java:logGet(43)) - raft.server.rpc.sleep.time = 25ms (default)
2019-10-24 12:10:38,999 [c58683fb-6de7-4590-940d-14e09458c307@group-81D9528BF7AE-LeaderElection3] INFO  server.RaftServerConfigKeys (ConfUtils.java:logGet(43)) - raft.server.rpc.sleep.time = 25ms (default)
2019-10-24 12:10:39,000 [b0079d05-68ff-4074-a89c-94d611ddbdcd@group-F236FCC62A92-LeaderElection2] INFO  server.RaftServerConfigKeys (ConfUtils.java:logGet(43)) - raft.server.write.element-limit = 4096 (default)
2019-10-24 12:10:39,000 [c58683fb-6de7-4590-940d-14e09458c307@group-81D9528BF7AE-LeaderElection3] INFO  server.RaftServerConfigKeys (ConfUtils.java:logGet(43)) - raft.server.write.element-limit = 4096 (default)
2019-10-24 12:10:39,000 [b0079d05-68ff-4074-a89c-94d611ddbdcd@group-F236FCC62A92-LeaderElection2] INFO  server.RaftServerConfigKeys (ConfUtils.java:logGet(43)) - raft.server.watch.timeout = 10s (default)
2019-10-24 12:10:39,000 [c58683fb-6de7-4590-940d-14e09458c307@group-81D9528BF7AE-LeaderElection3] INFO  server.RaftServerConfigKeys (ConfUtils.java:logGet(43)) - raft.server.watch.timeout = 10s (default)
2019-10-24 12:10:39,000 [b0079d05-68ff-4074-a89c-94d611ddbdcd@group-F236FCC62A92-LeaderElection2] INFO  server.RaftServerConfigKeys (ConfUtils.java:logGet(43)) - raft.server.watch.timeout.denomination = 1s (default)
2019-10-24 12:10:39,000 [c58683fb-6de7-4590-940d-14e09458c307@group-81D9528BF7AE-LeaderElection3] INFO  server.RaftServerConfigKeys (ConfUtils.java:logGet(43)) - raft.server.watch.timeout.denomination = 1s (default)
2019-10-24 12:10:39,001 [b0079d05-68ff-4074-a89c-94d611ddbdcd@group-F236FCC62A92-LeaderElection2] INFO  server.RaftServerConfigKeys (ConfUtils.java:logGet(43)) - raft.server.watch.element-limit = 65536 (default)
2019-10-24 12:10:39,001 [c58683fb-6de7-4590-940d-14e09458c307@group-81D9528BF7AE-LeaderElection3] INFO  server.RaftServerConfigKeys (ConfUtils.java:logGet(43)) - raft.server.watch.element-limit = 65536 (default)
2019-10-24 12:10:39,001 [b0079d05-68ff-4074-a89c-94d611ddbdcd@group-F236FCC62A92-LeaderElection2] INFO  impl.RoleInfo (RoleInfo.java:updateAndGet(143)) - b0079d05-68ff-4074-a89c-94d611ddbdcd: start LeaderState
2019-10-24 12:10:39,001 [c58683fb-6de7-4590-940d-14e09458c307@group-81D9528BF7AE-LeaderElection3] INFO  impl.RoleInfo (RoleInfo.java:updateAndGet(143)) - c58683fb-6de7-4590-940d-14e09458c307: start LeaderState
2019-10-24 12:10:39,002 [b0079d05-68ff-4074-a89c-94d611ddbdcd@group-F236FCC62A92-LeaderElection2] INFO  segmented.SegmentedRaftLogWorker (SegmentedRaftLogWorker.java:startLogSegment(385)) - b0079d05-68ff-4074-a89c-94d611ddbdcd@group-F236FCC62A92-SegmentedRaftLogWorker: Starting segment from index:0
2019-10-24 12:10:39,002 [c58683fb-6de7-4590-940d-14e09458c307@group-81D9528BF7AE-LeaderElection3] INFO  segmented.SegmentedRaftLogWorker (SegmentedRaftLogWorker.java:startLogSegment(385)) - c58683fb-6de7-4590-940d-14e09458c307@group-81D9528BF7AE-SegmentedRaftLogWorker: Starting segment from index:0
2019-10-24 12:10:39,002 [b0079d05-68ff-4074-a89c-94d611ddbdcd@group-F236FCC62A92-LeaderElection2] INFO  impl.RaftServerImpl (ServerState.java:setRaftConf(356)) - b0079d05-68ff-4074-a89c-94d611ddbdcd@group-F236FCC62A92: set configuration 0: [b0079d05-68ff-4074-a89c-94d611ddbdcd:192.168.164.210:43817], old=null at 0
2019-10-24 12:10:39,002 [c58683fb-6de7-4590-940d-14e09458c307@group-81D9528BF7AE-LeaderElection3] INFO  impl.RaftServerImpl (ServerState.java:setRaftConf(356)) - c58683fb-6de7-4590-940d-14e09458c307@group-81D9528BF7AE: set configuration 0: [c58683fb-6de7-4590-940d-14e09458c307:192.168.164.210:44335], old=null at 0
2019-10-24 12:10:39,086 [7f01d92b-bd13-46ba-b46f-c65517f7cb74@group-A5FCD1ED4308-SegmentedRaftLogWorker] INFO  segmented.SegmentedRaftLogWorker (SegmentedRaftLogWorker.java:execute(576)) - 7f01d92b-bd13-46ba-b46f-c65517f7cb74@group-A5FCD1ED4308-SegmentedRaftLogWorker: created new log segment /workdir/hadoop-ozone/integration-test/target/test-dir/MiniOzoneClusterImpl-fed4bbd5-3e84-4b96-98af-185ceb771cd5/datanode-0/data/ratis/39931af0-db49-47f5-8335-a5fcd1ed4308/current/log_inprogress_0
2019-10-24 12:10:39,086 [c58683fb-6de7-4590-940d-14e09458c307@group-81D9528BF7AE-SegmentedRaftLogWorker] INFO  segmented.SegmentedRaftLogWorker (SegmentedRaftLogWorker.java:execute(576)) - c58683fb-6de7-4590-940d-14e09458c307@group-81D9528BF7AE-SegmentedRaftLogWorker: created new log segment /workdir/hadoop-ozone/integration-test/target/test-dir/MiniOzoneClusterImpl-fed4bbd5-3e84-4b96-98af-185ceb771cd5/datanode-2/data/ratis/57303203-912e-4029-97fc-81d9528bf7ae/current/log_inprogress_0
2019-10-24 12:10:39,086 [b0079d05-68ff-4074-a89c-94d611ddbdcd@group-F236FCC62A92-SegmentedRaftLogWorker] INFO  segmented.SegmentedRaftLogWorker (SegmentedRaftLogWorker.java:execute(576)) - b0079d05-68ff-4074-a89c-94d611ddbdcd@group-F236FCC62A92-SegmentedRaftLogWorker: created new log segment /workdir/hadoop-ozone/integration-test/target/test-dir/MiniOzoneClusterImpl-fed4bbd5-3e84-4b96-98af-185ceb771cd5/datanode-1/data/ratis/db1b107d-dd3a-4f4e-8d41-f236fcc62a92/current/log_inprogress_0
2019-10-24 12:10:39,364 [Thread-201] INFO  impl.FollowerState (FollowerState.java:run(111)) - c58683fb-6de7-4590-940d-14e09458c307@group-EED279B04BD8-FollowerState: change to CANDIDATE, lastRpcTime:5021ms, electionTimeout:5021ms
2019-10-24 12:10:39,364 [Thread-201] INFO  impl.RoleInfo (RoleInfo.java:shutdownFollowerState(121)) - c58683fb-6de7-4590-940d-14e09458c307: shutdown FollowerState
2019-10-24 12:10:39,364 [Thread-201] INFO  impl.RaftServerImpl (RaftServerImpl.java:setRole(173)) - c58683fb-6de7-4590-940d-14e09458c307@group-EED279B04BD8: changes role from  FOLLOWER to CANDIDATE at term 0 for changeToCandidate
2019-10-24 12:10:39,364 [Thread-201] INFO  impl.RoleInfo (RoleInfo.java:updateAndGet(143)) - c58683fb-6de7-4590-940d-14e09458c307: start LeaderElection
2019-10-24 12:10:39,382 [c58683fb-6de7-4590-940d-14e09458c307@group-EED279B04BD8-LeaderElection4] INFO  impl.LeaderElection (LeaderElection.java:askForVotes(178)) - c58683fb-6de7-4590-940d-14e09458c307@group-EED279B04BD8-LeaderElection4: begin an election at term 1 for -1: [b0079d05-68ff-4074-a89c-94d611ddbdcd:192.168.164.210:43817, c58683fb-6de7-4590-940d-14e09458c307:192.168.164.210:44335, 7f01d92b-bd13-46ba-b46f-c65517f7cb74:192.168.164.210:39920], old=null
2019-10-24 12:10:39,405 [grpc-default-executor-2] INFO  impl.RaftServerImpl (RaftServerImpl.java:setRole(173)) - 7f01d92b-bd13-46ba-b46f-c65517f7cb74@group-EED279B04BD8: changes role from  FOLLOWER to FOLLOWER at term 1 for recognizeCandidate:c58683fb-6de7-4590-940d-14e09458c307
2019-10-24 12:10:39,405 [grpc-default-executor-1] INFO  impl.RaftServerImpl (RaftServerImpl.java:setRole(173)) - b0079d05-68ff-4074-a89c-94d611ddbdcd@group-EED279B04BD8: changes role from  FOLLOWER to FOLLOWER at term 1 for recognizeCandidate:c58683fb-6de7-4590-940d-14e09458c307
2019-10-24 12:10:39,405 [grpc-default-executor-2] INFO  impl.RoleInfo (RoleInfo.java:shutdownFollowerState(121)) - 7f01d92b-bd13-46ba-b46f-c65517f7cb74: shutdown FollowerState
2019-10-24 12:10:39,405 [grpc-default-executor-1] INFO  impl.RoleInfo (RoleInfo.java:shutdownFollowerState(121)) - b0079d05-68ff-4074-a89c-94d611ddbdcd: shutdown FollowerState
2019-10-24 12:10:39,405 [Thread-206] INFO  impl.FollowerState (FollowerState.java:run(120)) - 7f01d92b-bd13-46ba-b46f-c65517f7cb74@group-EED279B04BD8-FollowerState was interrupted: java.lang.InterruptedException: sleep interrupted
2019-10-24 12:10:39,405 [Thread-205] INFO  impl.FollowerState (FollowerState.java:run(120)) - b0079d05-68ff-4074-a89c-94d611ddbdcd@group-EED279B04BD8-FollowerState was interrupted: java.lang.InterruptedException: sleep interrupted
2019-10-24 12:10:39,405 [grpc-default-executor-2] INFO  impl.RoleInfo (RoleInfo.java:updateAndGet(143)) - 7f01d92b-bd13-46ba-b46f-c65517f7cb74: start FollowerState
2019-10-24 12:10:39,405 [grpc-default-executor-1] INFO  impl.RoleInfo (RoleInfo.java:updateAndGet(143)) - b0079d05-68ff-4074-a89c-94d611ddbdcd: start FollowerState
2019-10-24 12:10:39,452 [c58683fb-6de7-4590-940d-14e09458c307@group-EED279B04BD8-LeaderElection4] INFO  impl.LeaderElection (LeaderElection.java:logAndReturn(56)) - c58683fb-6de7-4590-940d-14e09458c307@group-EED279B04BD8-LeaderElection4: Election PASSED; received 1 response(s) [c58683fb-6de7-4590-940d-14e09458c307<-b0079d05-68ff-4074-a89c-94d611ddbdcd#0:OK-t1] and 0 exception(s); c58683fb-6de7-4590-940d-14e09458c307@group-EED279B04BD8:t1, leader=null, voted=c58683fb-6de7-4590-940d-14e09458c307, raftlog=c58683fb-6de7-4590-940d-14e09458c307@group-EED279B04BD8-SegmentedRaftLog:OPENED:c-1,f-1,i0, conf=-1: [b0079d05-68ff-4074-a89c-94d611ddbdcd:192.168.164.210:43817, c58683fb-6de7-4590-940d-14e09458c307:192.168.164.210:44335, 7f01d92b-bd13-46ba-b46f-c65517f7cb74:192.168.164.210:39920], old=null
2019-10-24 12:10:39,452 [c58683fb-6de7-4590-940d-14e09458c307@group-EED279B04BD8-LeaderElection4] INFO  impl.RoleInfo (RoleInfo.java:shutdownLeaderElection(134)) - c58683fb-6de7-4590-940d-14e09458c307: shutdown LeaderElection
2019-10-24 12:10:39,452 [c58683fb-6de7-4590-940d-14e09458c307@group-EED279B04BD8-LeaderElection4] INFO  impl.RaftServerImpl (RaftServerImpl.java:setRole(173)) - c58683fb-6de7-4590-940d-14e09458c307@group-EED279B04BD8: changes role from CANDIDATE to LEADER at term 1 for changeToLeader
2019-10-24 12:10:39,454 [c58683fb-6de7-4590-940d-14e09458c307@group-EED279B04BD8-LeaderElection4] INFO  impl.RaftServerImpl (ServerState.java:setLeader(255)) - c58683fb-6de7-4590-940d-14e09458c307@group-EED279B04BD8: change Leader from null to c58683fb-6de7-4590-940d-14e09458c307 at term 1 for becomeLeader, leader elected after 5401ms
2019-10-24 12:10:39,454 [c58683fb-6de7-4590-940d-14e09458c307@group-EED279B04BD8-LeaderElection4] INFO  server.RaftServerConfigKeys (ConfUtils.java:logGet(43)) - raft.server.staging.catchup.gap = 1000 (default)
2019-10-24 12:10:39,455 [c58683fb-6de7-4590-940d-14e09458c307@group-EED279B04BD8-LeaderElection4] INFO  server.RaftServerConfigKeys (ConfUtils.java:logGet(43)) - raft.server.rpc.sleep.time = 25ms (default)
2019-10-24 12:10:39,455 [c58683fb-6de7-4590-940d-14e09458c307@group-EED279B04BD8-LeaderElection4] INFO  server.RaftServerConfigKeys (ConfUtils.java:logGet(43)) - raft.server.write.element-limit = 4096 (default)
2019-10-24 12:10:39,455 [c58683fb-6de7-4590-940d-14e09458c307@group-EED279B04BD8-LeaderElection4] INFO  server.RaftServerConfigKeys (ConfUtils.java:logGet(43)) - raft.server.watch.timeout = 10s (default)
2019-10-24 12:10:39,455 [c58683fb-6de7-4590-940d-14e09458c307@group-EED279B04BD8-LeaderElection4] INFO  server.RaftServerConfigKeys (ConfUtils.java:logGet(43)) - raft.server.watch.timeout.denomination = 1s (default)
2019-10-24 12:10:39,455 [c58683fb-6de7-4590-940d-14e09458c307@group-EED279B04BD8-LeaderElection4] INFO  server.RaftServerConfigKeys (ConfUtils.java:logGet(43)) - raft.server.watch.element-limit = 65536 (default)
2019-10-24 12:10:39,458 [c58683fb-6de7-4590-940d-14e09458c307@group-EED279B04BD8-LeaderElection4] INFO  server.RaftServerConfigKeys (ConfUtils.java:logGet(43)) - raft.server.log.appender.snapshot.chunk.size.max = 16MB (=16777216) (default)
2019-10-24 12:10:39,458 [c58683fb-6de7-4590-940d-14e09458c307@group-EED279B04BD8-LeaderElection4] INFO  server.RaftServerConfigKeys (ConfUtils.java:logGet(43)) - raft.server.log.appender.buffer.byte-limit = 33554432 (custom)
2019-10-24 12:10:39,459 [c58683fb-6de7-4590-940d-14e09458c307@group-EED279B04BD8-LeaderElection4] INFO  server.RaftServerConfigKeys (ConfUtils.java:logGet(43)) - raft.server.log.appender.buffer.element-limit = 1 (custom)
2019-10-24 12:10:39,462 [c58683fb-6de7-4590-940d-14e09458c307@group-EED279B04BD8-LeaderElection4] INFO  grpc.GrpcConfigKeys$Server (ConfUtils.java:logGet(43)) - raft.grpc.server.leader.outstanding.appends.max = 128 (default)
2019-10-24 12:10:39,462 [c58683fb-6de7-4590-940d-14e09458c307@group-EED279B04BD8-LeaderElection4] INFO  server.RaftServerConfigKeys (ConfUtils.java:logGet(43)) - raft.server.rpc.request.timeout = 3000ms (default)
2019-10-24 12:10:39,463 [c58683fb-6de7-4590-940d-14e09458c307@group-EED279B04BD8-LeaderElection4] INFO  server.RaftServerConfigKeys (ConfUtils.java:logGet(43)) - raft.server.log.appender.install.snapshot.enabled = false (custom)
2019-10-24 12:10:39,464 [c58683fb-6de7-4590-940d-14e09458c307@group-EED279B04BD8-LeaderElection4] WARN  impl.MetricRegistriesImpl (MetricRegistriesImpl.java:lambda$create$1(61)) - First MetricRegistry has been created without registering reporters. You may need to call MetricRegistries.global().addReportRegistration(...) before.
2019-10-24 12:10:39,465 [c58683fb-6de7-4590-940d-14e09458c307@group-EED279B04BD8-LeaderElection4] INFO  server.RaftServerConfigKeys (ConfUtils.java:logGet(43)) - raft.server.log.appender.snapshot.chunk.size.max = 16MB (=16777216) (default)
2019-10-24 12:10:39,465 [c58683fb-6de7-4590-940d-14e09458c307@group-EED279B04BD8-LeaderElection4] INFO  server.RaftServerConfigKeys (ConfUtils.java:logGet(43)) - raft.server.log.appender.buffer.byte-limit = 33554432 (custom)
2019-10-24 12:10:39,465 [c58683fb-6de7-4590-940d-14e09458c307@group-EED279B04BD8-LeaderElection4] INFO  server.RaftServerConfigKeys (ConfUtils.java:logGet(43)) - raft.server.log.appender.buffer.element-limit = 1 (custom)
2019-10-24 12:10:39,465 [c58683fb-6de7-4590-940d-14e09458c307@group-EED279B04BD8-LeaderElection4] INFO  grpc.GrpcConfigKeys$Server (ConfUtils.java:logGet(43)) - raft.grpc.server.leader.outstanding.appends.max = 128 (default)
2019-10-24 12:10:39,465 [c58683fb-6de7-4590-940d-14e09458c307@group-EED279B04BD8-LeaderElection4] INFO  server.RaftServerConfigKeys (ConfUtils.java:logGet(43)) - raft.server.rpc.request.timeout = 3000ms (default)
2019-10-24 12:10:39,466 [c58683fb-6de7-4590-940d-14e09458c307@group-EED279B04BD8-LeaderElection4] INFO  server.RaftServerConfigKeys (ConfUtils.java:logGet(43)) - raft.server.log.appender.install.snapshot.enabled = false (custom)
2019-10-24 12:10:39,467 [c58683fb-6de7-4590-940d-14e09458c307@group-EED279B04BD8-LeaderElection4] INFO  impl.RoleInfo (RoleInfo.java:updateAndGet(143)) - c58683fb-6de7-4590-940d-14e09458c307: start LeaderState
2019-10-24 12:10:39,467 [c58683fb-6de7-4590-940d-14e09458c307@group-EED279B04BD8-LeaderElection4] INFO  segmented.SegmentedRaftLogWorker (SegmentedRaftLogWorker.java:startLogSegment(385)) - c58683fb-6de7-4590-940d-14e09458c307@group-EED279B04BD8-SegmentedRaftLogWorker: Starting segment from index:0
2019-10-24 12:10:39,468 [c58683fb-6de7-4590-940d-14e09458c307@group-EED279B04BD8-LeaderElection4] INFO  impl.RaftServerImpl (ServerState.java:setRaftConf(356)) - c58683fb-6de7-4590-940d-14e09458c307@group-EED279B04BD8: set configuration 0: [b0079d05-68ff-4074-a89c-94d611ddbdcd:192.168.164.210:43817, c58683fb-6de7-4590-940d-14e09458c307:192.168.164.210:44335, 7f01d92b-bd13-46ba-b46f-c65517f7cb74:192.168.164.210:39920], old=null at 0
2019-10-24 12:10:39,514 [c58683fb-6de7-4590-940d-14e09458c307@group-EED279B04BD8-SegmentedRaftLogWorker] INFO  segmented.SegmentedRaftLogWorker (SegmentedRaftLogWorker.java:execute(576)) - c58683fb-6de7-4590-940d-14e09458c307@group-EED279B04BD8-SegmentedRaftLogWorker: created new log segment /workdir/hadoop-ozone/integration-test/target/test-dir/MiniOzoneClusterImpl-fed4bbd5-3e84-4b96-98af-185ceb771cd5/datanode-2/data/ratis/97cf7ea5-f2f0-44c7-b45b-eed279b04bd8/current/log_inprogress_0
2019-10-24 12:10:39,525 [grpc-default-executor-2] INFO  impl.RaftServerImpl (ServerState.java:setLeader(255)) - 7f01d92b-bd13-46ba-b46f-c65517f7cb74@group-EED279B04BD8: change Leader from null to c58683fb-6de7-4590-940d-14e09458c307 at term 1 for appendEntries, leader elected after 5472ms
2019-10-24 12:10:39,525 [grpc-default-executor-1] INFO  impl.RaftServerImpl (ServerState.java:setLeader(255)) - b0079d05-68ff-4074-a89c-94d611ddbdcd@group-EED279B04BD8: change Leader from null to c58683fb-6de7-4590-940d-14e09458c307 at term 1 for appendEntries, leader elected after 5472ms
2019-10-24 12:10:39,552 [grpc-default-executor-1] INFO  impl.RaftServerImpl (ServerState.java:setRaftConf(356)) - b0079d05-68ff-4074-a89c-94d611ddbdcd@group-EED279B04BD8: set configuration 0: [b0079d05-68ff-4074-a89c-94d611ddbdcd:192.168.164.210:43817, c58683fb-6de7-4590-940d-14e09458c307:192.168.164.210:44335, 7f01d92b-bd13-46ba-b46f-c65517f7cb74:192.168.164.210:39920], old=null at 0
2019-10-24 12:10:39,552 [grpc-default-executor-2] INFO  impl.RaftServerImpl (ServerState.java:setRaftConf(356)) - 7f01d92b-bd13-46ba-b46f-c65517f7cb74@group-EED279B04BD8: set configuration 0: [b0079d05-68ff-4074-a89c-94d611ddbdcd:192.168.164.210:43817, c58683fb-6de7-4590-940d-14e09458c307:192.168.164.210:44335, 7f01d92b-bd13-46ba-b46f-c65517f7cb74:192.168.164.210:39920], old=null at 0
2019-10-24 12:10:39,552 [grpc-default-executor-1] INFO  segmented.SegmentedRaftLogWorker (SegmentedRaftLogWorker.java:startLogSegment(385)) - b0079d05-68ff-4074-a89c-94d611ddbdcd@group-EED279B04BD8-SegmentedRaftLogWorker: Starting segment from index:0
2019-10-24 12:10:39,552 [grpc-default-executor-2] INFO  segmented.SegmentedRaftLogWorker (SegmentedRaftLogWorker.java:startLogSegment(385)) - 7f01d92b-bd13-46ba-b46f-c65517f7cb74@group-EED279B04BD8-SegmentedRaftLogWorker: Starting segment from index:0
2019-10-24 12:10:39,599 [b0079d05-68ff-4074-a89c-94d611ddbdcd@group-EED279B04BD8-SegmentedRaftLogWorker] INFO  segmented.SegmentedRaftLogWorker (SegmentedRaftLogWorker.java:execute(576)) - b0079d05-68ff-4074-a89c-94d611ddbdcd@group-EED279B04BD8-SegmentedRaftLogWorker: created new log segment /workdir/hadoop-ozone/integration-test/target/test-dir/MiniOzoneClusterImpl-fed4bbd5-3e84-4b96-98af-185ceb771cd5/datanode-1/data/ratis/97cf7ea5-f2f0-44c7-b45b-eed279b04bd8/current/log_inprogress_0
2019-10-24 12:10:39,599 [7f01d92b-bd13-46ba-b46f-c65517f7cb74@group-EED279B04BD8-SegmentedRaftLogWorker] INFO  segmented.SegmentedRaftLogWorker (SegmentedRaftLogWorker.java:execute(576)) - 7f01d92b-bd13-46ba-b46f-c65517f7cb74@group-EED279B04BD8-SegmentedRaftLogWorker: created new log segment /workdir/hadoop-ozone/integration-test/target/test-dir/MiniOzoneClusterImpl-fed4bbd5-3e84-4b96-98af-185ceb771cd5/datanode-0/data/ratis/97cf7ea5-f2f0-44c7-b45b-eed279b04bd8/current/log_inprogress_0
2019-10-24 12:10:40,161 [Datanode State Machine Thread - 0] INFO  statemachine.DatanodeStateMachine (DatanodeStateMachine.java:lambda$startDaemon$0(350)) - Ozone container server started.
2019-10-24 12:10:45,081 [main] INFO  ozoneimpl.OzoneContainer (OzoneContainer.java:stop(227)) - Attempting to stop container services.
2019-10-24 12:10:45,082 [main] INFO  impl.RaftServerProxy (RaftServerProxy.java:lambda$close$4(314)) - b0079d05-68ff-4074-a89c-94d611ddbdcd: close
2019-10-24 12:10:45,084 [main] INFO  impl.RaftServerImpl (RaftServerImpl.java:lambda$shutdown$3(250)) - b0079d05-68ff-4074-a89c-94d611ddbdcd@group-F236FCC62A92: shutdown
2019-10-24 12:10:45,084 [ForkJoinPool.commonPool-worker-1] INFO  impl.RaftServerImpl (RaftServerImpl.java:lambda$shutdown$3(250)) - b0079d05-68ff-4074-a89c-94d611ddbdcd@group-EED279B04BD8: shutdown
2019-10-24 12:10:45,085 [main] INFO  util.JmxRegister (JmxRegister.java:unregister(73)) - Successfully un-registered JMX Bean with object name Ratis:service=RaftServer,group=group-F236FCC62A92,id=b0079d05-68ff-4074-a89c-94d611ddbdcd
2019-10-24 12:10:45,085 [ForkJoinPool.commonPool-worker-1] INFO  util.JmxRegister (JmxRegister.java:unregister(73)) - Successfully un-registered JMX Bean with object name Ratis:service=RaftServer,group=group-EED279B04BD8,id=b0079d05-68ff-4074-a89c-94d611ddbdcd
2019-10-24 12:10:45,086 [main] INFO  impl.RoleInfo (RoleInfo.java:shutdownLeaderState(104)) - b0079d05-68ff-4074-a89c-94d611ddbdcd: shutdown LeaderState
2019-10-24 12:10:45,086 [ForkJoinPool.commonPool-worker-1] INFO  impl.RoleInfo (RoleInfo.java:shutdownFollowerState(121)) - b0079d05-68ff-4074-a89c-94d611ddbdcd: shutdown FollowerState
2019-10-24 12:10:45,086 [Thread-246] INFO  impl.FollowerState (FollowerState.java:run(120)) - b0079d05-68ff-4074-a89c-94d611ddbdcd@group-EED279B04BD8-FollowerState was interrupted: java.lang.InterruptedException: sleep interrupted
2019-10-24 12:10:45,086 [ForkJoinPool.commonPool-worker-1] INFO  impl.StateMachineUpdater (StateMachineUpdater.java:stopAndJoin(136)) - b0079d05-68ff-4074-a89c-94d611ddbdcd@group-EED279B04BD8-StateMachineUpdater: set stopIndex = 4
2019-10-24 12:10:45,088 [b0079d05-68ff-4074-a89c-94d611ddbdcd@group-EED279B04BD8-StateMachineUpdater] INFO  ratis.ContainerStateMachine (ContainerStateMachine.java:takeSnapshot(294)) - group-EED279B04BD8: Taking a snapshot at:(t:1, i:3) file /workdir/hadoop-ozone/integration-test/target/test-dir/MiniOzoneClusterImpl-fed4bbd5-3e84-4b96-98af-185ceb771cd5/datanode-1/data/ratis/97cf7ea5-f2f0-44c7-b45b-eed279b04bd8/sm/snapshot.1_3
2019-10-24 12:10:45,087 [main] INFO  impl.PendingRequests (PendingRequests.java:sendNotLeaderResponses(206)) - b0079d05-68ff-4074-a89c-94d611ddbdcd@group-F236FCC62A92-PendingRequests: sendNotLeaderResponses
2019-10-24 12:10:45,091 [main] INFO  impl.StateMachineUpdater (StateMachineUpdater.java:stopAndJoin(136)) - b0079d05-68ff-4074-a89c-94d611ddbdcd@group-F236FCC62A92-StateMachineUpdater: set stopIndex = 0
2019-10-24 12:10:45,093 [main] INFO  impl.RaftServerImpl (ServerState.java:close(387)) - b0079d05-68ff-4074-a89c-94d611ddbdcd@group-F236FCC62A92: closes. applyIndex: 0
2019-10-24 12:10:45,096 [b0079d05-68ff-4074-a89c-94d611ddbdcd@group-F236FCC62A92-SegmentedRaftLogWorker] INFO  segmented.SegmentedRaftLogWorker (SegmentedRaftLogWorker.java:run(316)) - b0079d05-68ff-4074-a89c-94d611ddbdcd@group-F236FCC62A92-SegmentedRaftLogWorker was interrupted, exiting. There are 0 tasks remaining in the queue.
2019-10-24 12:10:45,099 [main] INFO  segmented.SegmentedRaftLogWorker (SegmentedRaftLogWorker.java:close(224)) - b0079d05-68ff-4074-a89c-94d611ddbdcd@group-F236FCC62A92-SegmentedRaftLogWorker close()
2019-10-24 12:10:45,213 [b0079d05-68ff-4074-a89c-94d611ddbdcd@group-EED279B04BD8-StateMachineUpdater] INFO  ratis.ContainerStateMachine (ContainerStateMachine.java:takeSnapshot(305)) - group-EED279B04BD8: Finished taking a snapshot at:(t:1, i:3) file:/workdir/hadoop-ozone/integration-test/target/test-dir/MiniOzoneClusterImpl-fed4bbd5-3e84-4b96-98af-185ceb771cd5/datanode-1/data/ratis/97cf7ea5-f2f0-44c7-b45b-eed279b04bd8/sm/snapshot.1_3 time:126
2019-10-24 12:10:45,214 [b0079d05-68ff-4074-a89c-94d611ddbdcd@group-EED279B04BD8-StateMachineUpdater] INFO  impl.StateMachineUpdater (StateMachineUpdater.java:takeSnapshot(269)) - b0079d05-68ff-4074-a89c-94d611ddbdcd@group-EED279B04BD8-StateMachineUpdater: Took a snapshot at index 3
2019-10-24 12:10:45,215 [b0079d05-68ff-4074-a89c-94d611ddbdcd@group-EED279B04BD8-StateMachineUpdater] INFO  impl.StateMachineUpdater (StateMachineUpdater.java:lambda$new$0(84)) - b0079d05-68ff-4074-a89c-94d611ddbdcd@group-EED279B04BD8-StateMachineUpdater: snapshotIndex: updateIncreasingly -1 -> 3
2019-10-24 12:10:45,218 [b0079d05-68ff-4074-a89c-94d611ddbdcd@group-EED279B04BD8-StateMachineUpdater] INFO  ratis.ContainerStateMachine (ContainerStateMachine.java:takeSnapshot(294)) - group-EED279B04BD8: Taking a snapshot at:(t:1, i:3) file /workdir/hadoop-ozone/integration-test/target/test-dir/MiniOzoneClusterImpl-fed4bbd5-3e84-4b96-98af-185ceb771cd5/datanode-1/data/ratis/97cf7ea5-f2f0-44c7-b45b-eed279b04bd8/sm/snapshot.1_3
2019-10-24 12:10:45,230 [b0079d05-68ff-4074-a89c-94d611ddbdcd@group-EED279B04BD8-StateMachineUpdater] INFO  ratis.ContainerStateMachine (ContainerStateMachine.java:takeSnapshot(305)) - group-EED279B04BD8: Finished taking a snapshot at:(t:1, i:3) file:/workdir/hadoop-ozone/integration-test/target/test-dir/MiniOzoneClusterImpl-fed4bbd5-3e84-4b96-98af-185ceb771cd5/datanode-1/data/ratis/97cf7ea5-f2f0-44c7-b45b-eed279b04bd8/sm/snapshot.1_3 time:13
2019-10-24 12:10:45,231 [b0079d05-68ff-4074-a89c-94d611ddbdcd@group-EED279B04BD8-StateMachineUpdater] INFO  impl.StateMachineUpdater (StateMachineUpdater.java:takeSnapshot(269)) - b0079d05-68ff-4074-a89c-94d611ddbdcd@group-EED279B04BD8-StateMachineUpdater: Took a snapshot at index 3
2019-10-24 12:10:45,231 [b0079d05-68ff-4074-a89c-94d611ddbdcd@group-EED279B04BD8-StateMachineUpdater] INFO  impl.StateMachineUpdater (StateMachineUpdater.java:lambda$new$0(84)) - b0079d05-68ff-4074-a89c-94d611ddbdcd@group-EED279B04BD8-StateMachineUpdater: snapshotIndex: updateIncreasingly 3 -> 3
2019-10-24 12:10:45,231 [ForkJoinPool.commonPool-worker-1] INFO  impl.RaftServerImpl (ServerState.java:close(387)) - b0079d05-68ff-4074-a89c-94d611ddbdcd@group-EED279B04BD8: closes. applyIndex: 4
2019-10-24 12:10:45,232 [b0079d05-68ff-4074-a89c-94d611ddbdcd@group-EED279B04BD8-SegmentedRaftLogWorker] INFO  segmented.SegmentedRaftLogWorker (SegmentedRaftLogWorker.java:run(316)) - b0079d05-68ff-4074-a89c-94d611ddbdcd@group-EED279B04BD8-SegmentedRaftLogWorker was interrupted, exiting. There are 0 tasks remaining in the queue.
2019-10-24 12:10:45,234 [ForkJoinPool.commonPool-worker-1] INFO  segmented.SegmentedRaftLogWorker (SegmentedRaftLogWorker.java:close(224)) - b0079d05-68ff-4074-a89c-94d611ddbdcd@group-EED279B04BD8-SegmentedRaftLogWorker close()
2019-10-24 12:10:45,235 [main] INFO  server.GrpcService (GrpcService.java:closeImpl(164)) - b0079d05-68ff-4074-a89c-94d611ddbdcd: shutdown server with port 43817 now
2019-10-24 12:10:45,242 [grpc-default-executor-2] WARN  server.GrpcServerProtocolService (LogUtils.java:warn(134)) - b0079d05-68ff-4074-a89c-94d611ddbdcd: installSnapshot onError, lastRequest: c58683fb-6de7-4590-940d-14e09458c307->b0079d05-68ff-4074-a89c-94d611ddbdcd#7-t1, previous=(t:1, i:4), leaderCommit=4, initializing? false, entries: <empty>: org.apache.ratis.thirdparty.io.grpc.StatusRuntimeException: CANCELLED: cancelled before receiving half close
2019-10-24 12:10:45,243 [main] INFO  server.GrpcService (GrpcService.java:closeImpl(172)) - b0079d05-68ff-4074-a89c-94d611ddbdcd: shutdown server with port 43817 successfully
2019-10-24 12:10:45,245 [grpc-default-executor-1] WARN  server.GrpcLogAppender (LogUtils.java:warn(134)) - c58683fb-6de7-4590-940d-14e09458c307@group-EED279B04BD8->b0079d05-68ff-4074-a89c-94d611ddbdcd-AppendLogResponseHandler: Failed appendEntries: org.apache.ratis.thirdparty.io.grpc.StatusRuntimeException: CANCELLED: HTTP/2 error code: CANCEL
Received Rst Stream
2019-10-24 12:10:45,247 [refreshUsed-/workdir/hadoop-ozone/integration-test/target/test-dir/MiniOzoneClusterImpl-fed4bbd5-3e84-4b96-98af-185ceb771cd5/datanode-1/data/containers] WARN  fs.CachingGetSpaceUsed (CachingGetSpaceUsed.java:run(183)) - Thread Interrupted waiting to refresh disk information: sleep interrupted
2019-10-24 12:10:45,271 [main] INFO  utils.BackgroundService (BackgroundService.java:shutdown(151)) - Shutting down service BlockDeletingService
2019-10-24 12:10:45,275 [main] INFO  statemachine.DatanodeStateMachine (DatanodeStateMachine.java:stopDaemon(395)) - Ozone container server stopped.
2019-10-24 12:10:45,280 [main] INFO  handler.ContextHandler (ContextHandler.java:doStop(910)) - Stopped o.e.j.w.WebAppContext@60325987{/,null,UNAVAILABLE}{/hddsDatanode}
2019-10-24 12:10:45,287 [main] INFO  server.AbstractConnector (AbstractConnector.java:doStop(318)) - Stopped ServerConnector@2f37f1f9{HTTP/1.1,[http/1.1]}{0.0.0.0:0}
2019-10-24 12:10:45,287 [main] INFO  handler.ContextHandler (ContextHandler.java:doStop(910)) - Stopped o.e.j.s.ServletContextHandler@1e8ab90f{/static,jar:file:/home/user/.m2/repository/org/apache/hadoop/hadoop-hdds-container-service/0.5.0-SNAPSHOT/hadoop-hdds-container-service-0.5.0-SNAPSHOT.jar!/webapps/static,UNAVAILABLE}
2019-10-24 12:10:45,288 [main] INFO  handler.ContextHandler (ContextHandler.java:doStop(910)) - Stopped o.e.j.s.ServletContextHandler@30364216{/logs,file:///workdir/hadoop-ozone/integration-test/target/log,UNAVAILABLE}
2019-10-24 12:10:48,297 [java.util.concurrent.ThreadPoolExecutor$Worker@53c23726[State = -1, empty queue]] WARN  server.GrpcLogAppender (GrpcLogAppender.java:timeoutAppendRequest(209)) - c58683fb-6de7-4590-940d-14e09458c307@group-EED279B04BD8->b0079d05-68ff-4074-a89c-94d611ddbdcd-GrpcLogAppender: appendEntries Timeout, request=c58683fb-6de7-4590-940d-14e09458c307->b0079d05-68ff-4074-a89c-94d611ddbdcd#8-t1, previous=(t:1, i:4), leaderCommit=4, initializing? false, entries: size=1, first=(t:1, i:5), STATEMACHINELOGENTRY, client-A2BC9D366054, cid=8
2019-10-24 12:10:48,299 [java.util.concurrent.ThreadPoolExecutor$Worker@53c23726[State = -1, empty queue]] WARN  server.GrpcLogAppender (GrpcLogAppender.java:timeoutAppendRequest(209)) - c58683fb-6de7-4590-940d-14e09458c307@group-EED279B04BD8->b0079d05-68ff-4074-a89c-94d611ddbdcd-GrpcLogAppender: appendEntries Timeout, request=c58683fb-6de7-4590-940d-14e09458c307->b0079d05-68ff-4074-a89c-94d611ddbdcd#9-t1, previous=(t:1, i:5), leaderCommit=4, initializing? false, entries: size=1, first=(t:1, i:6), STATEMACHINELOGENTRY, client-A2BC9D366054, cid=9
2019-10-24 12:10:48,311 [java.util.concurrent.ThreadPoolExecutor$Worker@53c23726[State = -1, empty queue]] WARN  server.GrpcLogAppender (GrpcLogAppender.java:timeoutAppendRequest(209)) - c58683fb-6de7-4590-940d-14e09458c307@group-EED279B04BD8->b0079d05-68ff-4074-a89c-94d611ddbdcd-GrpcLogAppender: appendEntries Timeout, request=c58683fb-6de7-4590-940d-14e09458c307->b0079d05-68ff-4074-a89c-94d611ddbdcd#10-t1, previous=(t:1, i:6), leaderCommit=5, initializing? false, entries: size=1, first=(t:1, i:7), METADATAENTRY(c5)
2019-10-24 12:10:48,324 [java.util.concurrent.ThreadPoolExecutor$Worker@53c23726[State = -1, empty queue]] WARN  server.GrpcLogAppender (GrpcLogAppender.java:timeoutAppendRequest(209)) - c58683fb-6de7-4590-940d-14e09458c307@group-EED279B04BD8->b0079d05-68ff-4074-a89c-94d611ddbdcd-GrpcLogAppender: appendEntries Timeout, request=c58683fb-6de7-4590-940d-14e09458c307->b0079d05-68ff-4074-a89c-94d611ddbdcd#11-t1, previous=(t:1, i:7), leaderCommit=6, initializing? false, entries: size=1, first=(t:1, i:8), METADATAENTRY(c6)
2019-10-24 12:10:50,826 [java.util.concurrent.ThreadPoolExecutor$Worker@53c23726[State = -1, empty queue]] WARN  server.GrpcLogAppender (GrpcLogAppender.java:timeoutAppendRequest(209)) - c58683fb-6de7-4590-940d-14e09458c307@group-EED279B04BD8->b0079d05-68ff-4074-a89c-94d611ddbdcd-GrpcLogAppender: appendEntries Timeout, request=c58683fb-6de7-4590-940d-14e09458c307->b0079d05-68ff-4074-a89c-94d611ddbdcd#12-t1, previous=(t:1, i:8), leaderCommit=8, initializing? false, entries: <empty>
2019-10-24 12:10:53,327 [java.util.concurrent.ThreadPoolExecutor$Worker@53c23726[State = -1, empty queue]] WARN  server.GrpcLogAppender (GrpcLogAppender.java:timeoutAppendRequest(209)) - c58683fb-6de7-4590-940d-14e09458c307@group-EED279B04BD8->b0079d05-68ff-4074-a89c-94d611ddbdcd-GrpcLogAppender: appendEntries Timeout, request=c58683fb-6de7-4590-940d-14e09458c307->b0079d05-68ff-4074-a89c-94d611ddbdcd#13-t1, previous=(t:1, i:8), leaderCommit=8, initializing? false, entries: <empty>
2019-10-24 12:10:55,379 [Thread-290] INFO  client.GrpcClientProtocolService (GrpcClientProtocolService.java:lambda$processClientRequest$0(279)) - Failed RaftClientRequest:client-A2BC9D366054->7f01d92b-bd13-46ba-b46f-c65517f7cb74@group-EED279B04BD8, cid=10, seq=0, Watch-ALL_COMMITTED(6), Message:<EMPTY>, reply=RaftClientReply:client-A2BC9D366054->7f01d92b-bd13-46ba-b46f-c65517f7cb74@group-EED279B04BD8, cid=10, FAILED org.apache.ratis.protocol.NotLeaderException: Server 7f01d92b-bd13-46ba-b46f-c65517f7cb74@group-EED279B04BD8 is not the leader c58683fb-6de7-4590-940d-14e09458c307:192.168.164.210:44335, logIndex=0, commits[7f01d92b-bd13-46ba-b46f-c65517f7cb74:c8, b0079d05-68ff-4074-a89c-94d611ddbdcd:c4, c58683fb-6de7-4590-940d-14e09458c307:c8]
2019-10-24 12:10:55,687 [Thread-293] INFO  client.GrpcClientProtocolService (GrpcClientProtocolService.java:lambda$processClientRequest$0(279)) - Failed RaftClientRequest:client-A2BC9D366054->c58683fb-6de7-4590-940d-14e09458c307@group-EED279B04BD8, cid=10, seq=0, Watch-ALL_COMMITTED(6), Message:<EMPTY>, reply=RaftClientReply:client-A2BC9D366054->c58683fb-6de7-4590-940d-14e09458c307@group-EED279B04BD8, cid=10, FAILED org.apache.ratis.protocol.NotReplicatedException: Request with call Id 10 and log index 6 is not yet replicated to ALL_COMMITTED, logIndex=6, commits[c58683fb-6de7-4590-940d-14e09458c307:c8, b0079d05-68ff-4074-a89c-94d611ddbdcd:c4, 7f01d92b-bd13-46ba-b46f-c65517f7cb74:c8]
2019-10-24 12:10:55,833 [java.util.concurrent.ThreadPoolExecutor$Worker@53c23726[State = -1, empty queue]] WARN  server.GrpcLogAppender (GrpcLogAppender.java:timeoutAppendRequest(209)) - c58683fb-6de7-4590-940d-14e09458c307@group-EED279B04BD8->b0079d05-68ff-4074-a89c-94d611ddbdcd-GrpcLogAppender: appendEntries Timeout, request=c58683fb-6de7-4590-940d-14e09458c307->b0079d05-68ff-4074-a89c-94d611ddbdcd#14-t1, previous=(t:1, i:8), leaderCommit=8, initializing? false, entries: <empty>
2019-10-24 12:10:58,334 [java.util.concurrent.ThreadPoolExecutor$Worker@53c23726[State = -1, empty queue]] WARN  server.GrpcLogAppender (GrpcLogAppender.java:timeoutAppendRequest(209)) - c58683fb-6de7-4590-940d-14e09458c307@group-EED279B04BD8->b0079d05-68ff-4074-a89c-94d611ddbdcd-GrpcLogAppender: appendEntries Timeout, request=c58683fb-6de7-4590-940d-14e09458c307->b0079d05-68ff-4074-a89c-94d611ddbdcd#15-t1, previous=(t:1, i:8), leaderCommit=8, initializing? false, entries: <empty>
2019-10-24 12:11:00,835 [java.util.concurrent.ThreadPoolExecutor$Worker@53c23726[State = -1, empty queue]] WARN  server.GrpcLogAppender (GrpcLogAppender.java:timeoutAppendRequest(209)) - c58683fb-6de7-4590-940d-14e09458c307@group-EED279B04BD8->b0079d05-68ff-4074-a89c-94d611ddbdcd-GrpcLogAppender: appendEntries Timeout, request=c58683fb-6de7-4590-940d-14e09458c307->b0079d05-68ff-4074-a89c-94d611ddbdcd#16-t1, previous=(t:1, i:8), leaderCommit=8, initializing? false, entries: <empty>
2019-10-24 12:11:03,336 [java.util.concurrent.ThreadPoolExecutor$Worker@53c23726[State = -1, empty queue]] WARN  server.GrpcLogAppender (GrpcLogAppender.java:timeoutAppendRequest(209)) - c58683fb-6de7-4590-940d-14e09458c307@group-EED279B04BD8->b0079d05-68ff-4074-a89c-94d611ddbdcd-GrpcLogAppender: appendEntries Timeout, request=c58683fb-6de7-4590-940d-14e09458c307->b0079d05-68ff-4074-a89c-94d611ddbdcd#17-t1, previous=(t:1, i:8), leaderCommit=8, initializing? false, entries: <empty>
2019-10-24 12:11:04,415 [Thread-299] INFO  client.GrpcClientProtocolService (GrpcClientProtocolService.java:lambda$processClientRequest$0(279)) - Failed RaftClientRequest:client-A2BC9D366054->7f01d92b-bd13-46ba-b46f-c65517f7cb74@group-EED279B04BD8, cid=10, seq=0, Watch-ALL_COMMITTED(6), Message:<EMPTY>, reply=RaftClientReply:client-A2BC9D366054->7f01d92b-bd13-46ba-b46f-c65517f7cb74@group-EED279B04BD8, cid=10, FAILED org.apache.ratis.protocol.NotLeaderException: Server 7f01d92b-bd13-46ba-b46f-c65517f7cb74@group-EED279B04BD8 is not the leader c58683fb-6de7-4590-940d-14e09458c307:192.168.164.210:44335, logIndex=0, commits[7f01d92b-bd13-46ba-b46f-c65517f7cb74:c8, b0079d05-68ff-4074-a89c-94d611ddbdcd:c4, c58683fb-6de7-4590-940d-14e09458c307:c8]
2019-10-24 12:11:05,684 [Thread-303] INFO  client.GrpcClientProtocolService (GrpcClientProtocolService.java:lambda$processClientRequest$0(279)) - Failed RaftClientRequest:client-A2BC9D366054->c58683fb-6de7-4590-940d-14e09458c307@group-EED279B04BD8, cid=10, seq=0, Watch-ALL_COMMITTED(6), Message:<EMPTY>, reply=RaftClientReply:client-A2BC9D366054->c58683fb-6de7-4590-940d-14e09458c307@group-EED279B04BD8, cid=10, FAILED org.apache.ratis.protocol.NotReplicatedException: Request with call Id 10 and log index 6 is not yet replicated to ALL_COMMITTED, logIndex=6, commits[c58683fb-6de7-4590-940d-14e09458c307:c8, b0079d05-68ff-4074-a89c-94d611ddbdcd:c4, 7f01d92b-bd13-46ba-b46f-c65517f7cb74:c8]
2019-10-24 12:11:05,839 [java.util.concurrent.ThreadPoolExecutor$Worker@53c23726[State = -1, empty queue]] WARN  server.GrpcLogAppender (GrpcLogAppender.java:timeoutAppendRequest(209)) - c58683fb-6de7-4590-940d-14e09458c307@group-EED279B04BD8->b0079d05-68ff-4074-a89c-94d611ddbdcd-GrpcLogAppender: appendEntries Timeout, request=c58683fb-6de7-4590-940d-14e09458c307->b0079d05-68ff-4074-a89c-94d611ddbdcd#18-t1, previous=(t:1, i:8), leaderCommit=8, initializing? false, entries: <empty>
2019-10-24 12:11:08,340 [java.util.concurrent.ThreadPoolExecutor$Worker@53c23726[State = -1, empty queue]] WARN  server.GrpcLogAppender (GrpcLogAppender.java:timeoutAppendRequest(209)) - c58683fb-6de7-4590-940d-14e09458c307@group-EED279B04BD8->b0079d05-68ff-4074-a89c-94d611ddbdcd-GrpcLogAppender: appendEntries Timeout, request=c58683fb-6de7-4590-940d-14e09458c307->b0079d05-68ff-4074-a89c-94d611ddbdcd#19-t1, previous=(t:1, i:8), leaderCommit=8, initializing? false, entries: <empty>
2019-10-24 12:11:10,844 [java.util.concurrent.ThreadPoolExecutor$Worker@53c23726[State = -1, empty queue]] WARN  server.GrpcLogAppender (GrpcLogAppender.java:timeoutAppendRequest(209)) - c58683fb-6de7-4590-940d-14e09458c307@group-EED279B04BD8->b0079d05-68ff-4074-a89c-94d611ddbdcd-GrpcLogAppender: appendEntries Timeout, request=c58683fb-6de7-4590-940d-14e09458c307->b0079d05-68ff-4074-a89c-94d611ddbdcd#20-t1, previous=(t:1, i:8), leaderCommit=8, initializing? false, entries: <empty>
2019-10-24 12:11:13,347 [java.util.concurrent.ThreadPoolExecutor$Worker@53c23726[State = -1, empty queue]] WARN  server.GrpcLogAppender (GrpcLogAppender.java:timeoutAppendRequest(209)) - c58683fb-6de7-4590-940d-14e09458c307@group-EED279B04BD8->b0079d05-68ff-4074-a89c-94d611ddbdcd-GrpcLogAppender: appendEntries Timeout, request=c58683fb-6de7-4590-940d-14e09458c307->b0079d05-68ff-4074-a89c-94d611ddbdcd#21-t1, previous=(t:1, i:8), leaderCommit=8, initializing? false, entries: <empty>
2019-10-24 12:11:14,683 [Thread-311] INFO  client.GrpcClientProtocolService (GrpcClientProtocolService.java:lambda$processClientRequest$0(279)) - Failed RaftClientRequest:client-A2BC9D366054->c58683fb-6de7-4590-940d-14e09458c307@group-EED279B04BD8, cid=10, seq=0, Watch-ALL_COMMITTED(6), Message:<EMPTY>, reply=RaftClientReply:client-A2BC9D366054->c58683fb-6de7-4590-940d-14e09458c307@group-EED279B04BD8, cid=10, FAILED org.apache.ratis.protocol.NotReplicatedException: Request with call Id 10 and log index 6 is not yet replicated to ALL_COMMITTED, logIndex=6, commits[c58683fb-6de7-4590-940d-14e09458c307:c8, b0079d05-68ff-4074-a89c-94d611ddbdcd:c4, 7f01d92b-bd13-46ba-b46f-c65517f7cb74:c8]
2019-10-24 12:11:15,341 [main] WARN  scm.XceiverClientRatis (XceiverClientRatis.java:watchForCommit(277)) - 3 way commit failed on pipeline Pipeline[ Id: 97cf7ea5-f2f0-44c7-b45b-eed279b04bd8, Nodes: b0079d05-68ff-4074-a89c-94d611ddbdcd{ip: 192.168.164.210, host: pr-hdds-2358-mdv8n-1797098514, networkLocation: /default-rack, certSerialId: null}c58683fb-6de7-4590-940d-14e09458c307{ip: 192.168.164.210, host: pr-hdds-2358-mdv8n-1797098514, networkLocation: /default-rack, certSerialId: null}7f01d92b-bd13-46ba-b46f-c65517f7cb74{ip: 192.168.164.210, host: pr-hdds-2358-mdv8n-1797098514, networkLocation: /default-rack, certSerialId: null}, Type:RATIS, Factor:THREE, State:OPEN]
java.util.concurrent.TimeoutException
	at java.util.concurrent.CompletableFuture.timedGet(CompletableFuture.java:1771)
	at java.util.concurrent.CompletableFuture.get(CompletableFuture.java:1915)
	at org.apache.hadoop.hdds.scm.XceiverClientRatis.watchForCommit(XceiverClientRatis.java:274)
	at org.apache.hadoop.hdds.scm.storage.CommitWatcher.watchForCommit(CommitWatcher.java:198)
	at org.apache.hadoop.hdds.scm.storage.CommitWatcher.watchOnLastIndex(CommitWatcher.java:161)
	at org.apache.hadoop.hdds.scm.storage.BlockOutputStream.watchForCommit(BlockOutputStream.java:346)
	at org.apache.hadoop.hdds.scm.storage.BlockOutputStream.handleFlush(BlockOutputStream.java:482)
	at org.apache.hadoop.hdds.scm.storage.BlockOutputStream.close(BlockOutputStream.java:496)
	at org.apache.hadoop.ozone.client.io.BlockOutputStreamEntry.close(BlockOutputStreamEntry.java:143)
	at org.apache.hadoop.ozone.client.io.KeyOutputStream.handleFlushOrClose(KeyOutputStream.java:435)
	at org.apache.hadoop.ozone.client.io.KeyOutputStream.close(KeyOutputStream.java:473)
	at org.apache.hadoop.ozone.client.io.OzoneOutputStream.close(OzoneOutputStream.java:60)
	at org.apache.hadoop.ozone.client.rpc.TestDeleteWithSlowFollower.testDeleteKeyWithSlowFollower(TestDeleteWithSlowFollower.java:193)
	at sun.reflect.NativeMethodAccessorImpl.invoke0(Native Method)
	at sun.reflect.NativeMethodAccessorImpl.invoke(NativeMethodAccessorImpl.java:62)
	at sun.reflect.DelegatingMethodAccessorImpl.invoke(DelegatingMethodAccessorImpl.java:43)
	at java.lang.reflect.Method.invoke(Method.java:498)
	at org.junit.runners.model.FrameworkMethod$1.runReflectiveCall(FrameworkMethod.java:47)
	at org.junit.internal.runners.model.ReflectiveCallable.run(ReflectiveCallable.java:12)
	at org.junit.runners.model.FrameworkMethod.invokeExplosively(FrameworkMethod.java:44)
	at org.junit.internal.runners.statements.InvokeMethod.evaluate(InvokeMethod.java:17)
	at org.junit.runners.ParentRunner.runLeaf(ParentRunner.java:271)
	at org.junit.runners.BlockJUnit4ClassRunner.runChild(BlockJUnit4ClassRunner.java:70)
	at org.junit.runners.BlockJUnit4ClassRunner.runChild(BlockJUnit4ClassRunner.java:50)
	at org.junit.runners.ParentRunner$3.run(ParentRunner.java:238)
	at org.junit.runners.ParentRunner$1.schedule(ParentRunner.java:63)
	at org.junit.runners.ParentRunner.runChildren(ParentRunner.java:236)
	at org.junit.runners.ParentRunner.access$000(ParentRunner.java:53)
	at org.junit.runners.ParentRunner$2.evaluate(ParentRunner.java:229)
	at org.junit.internal.runners.statements.RunBefores.evaluate(RunBefores.java:26)
	at org.junit.internal.runners.statements.RunAfters.evaluate(RunAfters.java:27)
	at org.junit.runners.ParentRunner.run(ParentRunner.java:309)
	at org.apache.maven.surefire.junit4.JUnit4Provider.execute(JUnit4Provider.java:365)
	at org.apache.maven.surefire.junit4.JUnit4Provider.executeWithRerun(JUnit4Provider.java:273)
	at org.apache.maven.surefire.junit4.JUnit4Provider.executeTestSet(JUnit4Provider.java:238)
	at org.apache.maven.surefire.junit4.JUnit4Provider.invoke(JUnit4Provider.java:159)
	at org.apache.maven.surefire.booter.ForkedBooter.invokeProviderInSameClassLoader(ForkedBooter.java:384)
	at org.apache.maven.surefire.booter.ForkedBooter.runSuitesInProcess(ForkedBooter.java:345)
	at org.apache.maven.surefire.booter.ForkedBooter.execute(ForkedBooter.java:126)
	at org.apache.maven.surefire.booter.ForkedBooter.main(ForkedBooter.java:418)
2019-10-24 12:11:15,356 [main] INFO  scm.XceiverClientRatis (XceiverClientRatis.java:lambda$watchForCommit$5(295)) - Could not commit index 6 on pipeline Pipeline[ Id: 97cf7ea5-f2f0-44c7-b45b-eed279b04bd8, Nodes: b0079d05-68ff-4074-a89c-94d611ddbdcd{ip: 192.168.164.210, host: pr-hdds-2358-mdv8n-1797098514, networkLocation: /default-rack, certSerialId: null}c58683fb-6de7-4590-940d-14e09458c307{ip: 192.168.164.210, host: pr-hdds-2358-mdv8n-1797098514, networkLocation: /default-rack, certSerialId: null}7f01d92b-bd13-46ba-b46f-c65517f7cb74{ip: 192.168.164.210, host: pr-hdds-2358-mdv8n-1797098514, networkLocation: /default-rack, certSerialId: null}, Type:RATIS, Factor:THREE, State:OPEN] to all the nodes. Server b0079d05-68ff-4074-a89c-94d611ddbdcd has failed. Committed by majority.
2019-10-24 12:11:15,356 [main] WARN  storage.BlockOutputStream (BlockOutputStream.java:watchForCommit(352)) - Failed to commit BlockId conID: 1 locID: 103017285837914112 bcsId: 6 on Pipeline[ Id: 97cf7ea5-f2f0-44c7-b45b-eed279b04bd8, Nodes: b0079d05-68ff-4074-a89c-94d611ddbdcd{ip: 192.168.164.210, host: pr-hdds-2358-mdv8n-1797098514, networkLocation: /default-rack, certSerialId: null}c58683fb-6de7-4590-940d-14e09458c307{ip: 192.168.164.210, host: pr-hdds-2358-mdv8n-1797098514, networkLocation: /default-rack, certSerialId: null}7f01d92b-bd13-46ba-b46f-c65517f7cb74{ip: 192.168.164.210, host: pr-hdds-2358-mdv8n-1797098514, networkLocation: /default-rack, certSerialId: null}, Type:RATIS, Factor:THREE, State:OPEN]. Failed nodes: [b0079d05-68ff-4074-a89c-94d611ddbdcd{ip: null, host: null, networkLocation: /default-rack, certSerialId: null}]
2019-10-24 12:11:15,851 [java.util.concurrent.ThreadPoolExecutor$Worker@53c23726[State = -1, empty queue]] WARN  server.GrpcLogAppender (GrpcLogAppender.java:timeoutAppendRequest(209)) - c58683fb-6de7-4590-940d-14e09458c307@group-EED279B04BD8->b0079d05-68ff-4074-a89c-94d611ddbdcd-GrpcLogAppender: appendEntries Timeout, request=c58683fb-6de7-4590-940d-14e09458c307->b0079d05-68ff-4074-a89c-94d611ddbdcd#22-t1, previous=(t:1, i:8), leaderCommit=8, initializing? false, entries: <empty>
2019-10-24 12:11:16,446 [EventQueue-ContainerReportForContainerReportHandler] WARN  container.ContainerReportHandler (AbstractContainerReportHandler.java:updateContainerState(145)) - Container #1 is in OPEN state, but the datanode c58683fb-6de7-4590-940d-14e09458c307{ip: 192.168.164.210, host: pr-hdds-2358-mdv8n-1797098514, networkLocation: /default-rack, certSerialId: null} reports an CLOSING replica.
2019-10-24 12:11:16,447 [EventQueue-IncrementalContainerReportForIncrementalContainerReportHandler] WARN  container.IncrementalContainerReportHandler (AbstractContainerReportHandler.java:updateContainerState(145)) - Container #1 is in OPEN state, but the datanode c58683fb-6de7-4590-940d-14e09458c307{ip: 192.168.164.210, host: pr-hdds-2358-mdv8n-1797098514, networkLocation: /default-rack, certSerialId: null} reports an CLOSING replica.
2019-10-24 12:11:16,456 [RatisApplyTransactionExecutor 1] INFO  interfaces.Container (KeyValueContainer.java:flushAndSyncDB(386)) - Container 1 is synced with bcsId 6.
2019-10-24 12:11:16,456 [RatisApplyTransactionExecutor 1] INFO  interfaces.Container (KeyValueContainer.java:flushAndSyncDB(386)) - Container 1 is synced with bcsId 6.
2019-10-24 12:11:16,471 [RatisApplyTransactionExecutor 1] INFO  interfaces.Container (KeyValueContainer.java:close(335)) - Container 1 is closed with bcsId 6.
2019-10-24 12:11:16,473 [EventQueue-IncrementalContainerReportForIncrementalContainerReportHandler] WARN  container.IncrementalContainerReportHandler (AbstractContainerReportHandler.java:updateContainerState(145)) - Container #1 is in OPEN state, but the datanode 7f01d92b-bd13-46ba-b46f-c65517f7cb74{ip: 192.168.164.210, host: pr-hdds-2358-mdv8n-1797098514, networkLocation: /default-rack, certSerialId: null} reports an CLOSING replica.
2019-10-24 12:11:16,473 [EventQueue-IncrementalContainerReportForIncrementalContainerReportHandler] WARN  container.IncrementalContainerReportHandler (AbstractContainerReportHandler.java:updateContainerState(145)) - Container #1 is in OPEN state, but the datanode c58683fb-6de7-4590-940d-14e09458c307{ip: 192.168.164.210, host: pr-hdds-2358-mdv8n-1797098514, networkLocation: /default-rack, certSerialId: null} reports an CLOSED replica.
2019-10-24 12:11:16,482 [RatisApplyTransactionExecutor 1] INFO  interfaces.Container (KeyValueContainer.java:flushAndSyncDB(386)) - Container 1 is synced with bcsId 6.
2019-10-24 12:11:16,483 [RatisApplyTransactionExecutor 1] INFO  interfaces.Container (KeyValueContainer.java:flushAndSyncDB(386)) - Container 1 is synced with bcsId 6.
2019-10-24 12:11:16,500 [RatisApplyTransactionExecutor 1] INFO  interfaces.Container (KeyValueContainer.java:close(335)) - Container 1 is closed with bcsId 6.
2019-10-24 12:11:16,502 [EventQueue-IncrementalContainerReportForIncrementalContainerReportHandler] WARN  container.IncrementalContainerReportHandler (AbstractContainerReportHandler.java:updateContainerState(145)) - Container #1 is in OPEN state, but the datanode 7f01d92b-bd13-46ba-b46f-c65517f7cb74{ip: 192.168.164.210, host: pr-hdds-2358-mdv8n-1797098514, networkLocation: /default-rack, certSerialId: null} reports an CLOSED replica.
2019-10-24 12:11:16,771 [EventQueue-ContainerReportForContainerReportHandler] WARN  container.ContainerReportHandler (AbstractContainerReportHandler.java:updateContainerState(145)) - Container #1 is in OPEN state, but the datanode c58683fb-6de7-4590-940d-14e09458c307{ip: 192.168.164.210, host: pr-hdds-2358-mdv8n-1797098514, networkLocation: /default-rack, certSerialId: null} reports an CLOSED replica.
2019-10-24 12:11:16,802 [EventQueue-ContainerReportForContainerReportHandler] WARN  container.ContainerReportHandler (AbstractContainerReportHandler.java:updateContainerState(145)) - Container #1 is in OPEN state, but the datanode 7f01d92b-bd13-46ba-b46f-c65517f7cb74{ip: 192.168.164.210, host: pr-hdds-2358-mdv8n-1797098514, networkLocation: /default-rack, certSerialId: null} reports an CLOSED replica.
2019-10-24 12:11:16,972 [EventQueue-ContainerReportForContainerReportHandler] WARN  container.ContainerReportHandler (AbstractContainerReportHandler.java:updateContainerState(145)) - Container #1 is in OPEN state, but the datanode c58683fb-6de7-4590-940d-14e09458c307{ip: 192.168.164.210, host: pr-hdds-2358-mdv8n-1797098514, networkLocation: /default-rack, certSerialId: null} reports an CLOSED replica.
2019-10-24 12:11:17,004 [EventQueue-ContainerReportForContainerReportHandler] WARN  container.ContainerReportHandler (AbstractContainerReportHandler.java:updateContainerState(145)) - Container #1 is in OPEN state, but the datanode 7f01d92b-bd13-46ba-b46f-c65517f7cb74{ip: 192.168.164.210, host: pr-hdds-2358-mdv8n-1797098514, networkLocation: /default-rack, certSerialId: null} reports an CLOSED replica.
2019-10-24 12:11:17,063 [IPC Server handler 0 on 44607] INFO  server.SCMBlockProtocolServer (SCMBlockProtocolServer.java:deleteKeyBlocks(217)) - SCM is informed by OM to delete 1 blocks
2019-10-24 12:11:17,063 [IPC Server handler 0 on 44607] INFO  block.BlockManagerImpl (BlockManagerImpl.java:deleteBlocks(285)) - Deleting blocks conID: 1 locID: 103017285837914112 bcsId: 0
2019-10-24 12:11:17,373 [BlockDeletingService#2] WARN  background.BlockDeletingService (BlockDeletingService.java:isDeletionAllowed(187)) - Close Container log Index 6 is not replicated across allthe servers in the pipeline 97cf7ea5-f2f0-44c7-b45b-eed279b04bd8 as the min replicated index is 4. Deletion is not allowed in this container yet.
2019-10-24 12:11:17,373 [EventQueue-ContainerReportForContainerReportHandler] WARN  container.ContainerReportHandler (AbstractContainerReportHandler.java:updateContainerState(145)) - Container #1 is in OPEN state, but the datanode c58683fb-6de7-4590-940d-14e09458c307{ip: 192.168.164.210, host: pr-hdds-2358-mdv8n-1797098514, networkLocation: /default-rack, certSerialId: null} reports an CLOSED replica.
2019-10-24 12:11:17,376 [BlockDeletingService#2] WARN  background.BlockDeletingService (BlockDeletingService.java:isDeletionAllowed(187)) - Close Container log Index 6 is not replicated across allthe servers in the pipeline 97cf7ea5-f2f0-44c7-b45b-eed279b04bd8 as the min replicated index is 4. Deletion is not allowed in this container yet.
2019-10-24 12:11:17,404 [EventQueue-ContainerReportForContainerReportHandler] WARN  container.ContainerReportHandler (AbstractContainerReportHandler.java:updateContainerState(145)) - Container #1 is in OPEN state, but the datanode 7f01d92b-bd13-46ba-b46f-c65517f7cb74{ip: 192.168.164.210, host: pr-hdds-2358-mdv8n-1797098514, networkLocation: /default-rack, certSerialId: null} reports an CLOSED replica.
2019-10-24 12:11:17,573 [EventQueue-ContainerReportForContainerReportHandler] WARN  container.ContainerReportHandler (AbstractContainerReportHandler.java:updateContainerState(145)) - Container #1 is in OPEN state, but the datanode c58683fb-6de7-4590-940d-14e09458c307{ip: 192.168.164.210, host: pr-hdds-2358-mdv8n-1797098514, networkLocation: /default-rack, certSerialId: null} reports an CLOSED replica.
2019-10-24 12:11:17,705 [EventQueue-ContainerReportForContainerReportHandler] WARN  container.ContainerReportHandler (AbstractContainerReportHandler.java:updateContainerState(145)) - Container #1 is in OPEN state, but the datanode 7f01d92b-bd13-46ba-b46f-c65517f7cb74{ip: 192.168.164.210, host: pr-hdds-2358-mdv8n-1797098514, networkLocation: /default-rack, certSerialId: null} reports an CLOSED replica.
2019-10-24 12:11:17,905 [EventQueue-ContainerReportForContainerReportHandler] WARN  container.ContainerReportHandler (AbstractContainerReportHandler.java:updateContainerState(145)) - Container #1 is in OPEN state, but the datanode 7f01d92b-bd13-46ba-b46f-c65517f7cb74{ip: 192.168.164.210, host: pr-hdds-2358-mdv8n-1797098514, networkLocation: /default-rack, certSerialId: null} reports an CLOSED replica.
2019-10-24 12:11:17,973 [EventQueue-ContainerReportForContainerReportHandler] WARN  container.ContainerReportHandler (AbstractContainerReportHandler.java:updateContainerState(145)) - Container #1 is in OPEN state, but the datanode c58683fb-6de7-4590-940d-14e09458c307{ip: 192.168.164.210, host: pr-hdds-2358-mdv8n-1797098514, networkLocation: /default-rack, certSerialId: null} reports an CLOSED replica.
2019-10-24 12:11:18,205 [EventQueue-ContainerReportForContainerReportHandler] WARN  container.ContainerReportHandler (AbstractContainerReportHandler.java:updateContainerState(145)) - Container #1 is in OPEN state, but the datanode 7f01d92b-bd13-46ba-b46f-c65517f7cb74{ip: 192.168.164.210, host: pr-hdds-2358-mdv8n-1797098514, networkLocation: /default-rack, certSerialId: null} reports an CLOSED replica.
2019-10-24 12:11:18,274 [EventQueue-ContainerReportForContainerReportHandler] WARN  container.ContainerReportHandler (AbstractContainerReportHandler.java:updateContainerState(145)) - Container #1 is in OPEN state, but the datanode c58683fb-6de7-4590-940d-14e09458c307{ip: 192.168.164.210, host: pr-hdds-2358-mdv8n-1797098514, networkLocation: /default-rack, certSerialId: null} reports an CLOSED replica.
2019-10-24 12:11:18,351 [java.util.concurrent.ThreadPoolExecutor$Worker@53c23726[State = -1, empty queue]] WARN  server.GrpcLogAppender (GrpcLogAppender.java:timeoutAppendRequest(209)) - c58683fb-6de7-4590-940d-14e09458c307@group-EED279B04BD8->b0079d05-68ff-4074-a89c-94d611ddbdcd-GrpcLogAppender: appendEntries Timeout, request=c58683fb-6de7-4590-940d-14e09458c307->b0079d05-68ff-4074-a89c-94d611ddbdcd#23-t1, previous=(t:1, i:8), leaderCommit=8, initializing? false, entries: <empty>
2019-10-24 12:11:18,375 [BlockDeletingService#2] WARN  background.BlockDeletingService (BlockDeletingService.java:isDeletionAllowed(187)) - Close Container log Index 6 is not replicated across allthe servers in the pipeline 97cf7ea5-f2f0-44c7-b45b-eed279b04bd8 as the min replicated index is 4. Deletion is not allowed in this container yet.
2019-10-24 12:11:18,377 [BlockDeletingService#2] WARN  background.BlockDeletingService (BlockDeletingService.java:isDeletionAllowed(187)) - Close Container log Index 6 is not replicated across allthe servers in the pipeline 97cf7ea5-f2f0-44c7-b45b-eed279b04bd8 as the min replicated index is 4. Deletion is not allowed in this container yet.
2019-10-24 12:11:18,506 [EventQueue-ContainerReportForContainerReportHandler] WARN  container.ContainerReportHandler (AbstractContainerReportHandler.java:updateContainerState(145)) - Container #1 is in OPEN state, but the datanode 7f01d92b-bd13-46ba-b46f-c65517f7cb74{ip: 192.168.164.210, host: pr-hdds-2358-mdv8n-1797098514, networkLocation: /default-rack, certSerialId: null} reports an CLOSED replica.
2019-10-24 12:11:18,574 [EventQueue-ContainerReportForContainerReportHandler] WARN  container.ContainerReportHandler (AbstractContainerReportHandler.java:updateContainerState(145)) - Container #1 is in OPEN state, but the datanode c58683fb-6de7-4590-940d-14e09458c307{ip: 192.168.164.210, host: pr-hdds-2358-mdv8n-1797098514, networkLocation: /default-rack, certSerialId: null} reports an CLOSED replica.
2019-10-24 12:11:18,706 [EventQueue-ContainerReportForContainerReportHandler] WARN  container.ContainerReportHandler (AbstractContainerReportHandler.java:updateContainerState(145)) - Container #1 is in OPEN state, but the datanode 7f01d92b-bd13-46ba-b46f-c65517f7cb74{ip: 192.168.164.210, host: pr-hdds-2358-mdv8n-1797098514, networkLocation: /default-rack, certSerialId: null} reports an CLOSED replica.
2019-10-24 12:11:18,873 [EventQueue-ContainerReportForContainerReportHandler] WARN  container.ContainerReportHandler (AbstractContainerReportHandler.java:updateContainerState(145)) - Container #1 is in OPEN state, but the datanode c58683fb-6de7-4590-940d-14e09458c307{ip: 192.168.164.210, host: pr-hdds-2358-mdv8n-1797098514, networkLocation: /default-rack, certSerialId: null} reports an CLOSED replica.
2019-10-24 12:11:19,106 [EventQueue-ContainerReportForContainerReportHandler] WARN  container.ContainerReportHandler (AbstractContainerReportHandler.java:updateContainerState(145)) - Container #1 is in OPEN state, but the datanode 7f01d92b-bd13-46ba-b46f-c65517f7cb74{ip: 192.168.164.210, host: pr-hdds-2358-mdv8n-1797098514, networkLocation: /default-rack, certSerialId: null} reports an CLOSED replica.
2019-10-24 12:11:19,273 [EventQueue-ContainerReportForContainerReportHandler] WARN  container.ContainerReportHandler (AbstractContainerReportHandler.java:updateContainerState(145)) - Container #1 is in OPEN state, but the datanode c58683fb-6de7-4590-940d-14e09458c307{ip: 192.168.164.210, host: pr-hdds-2358-mdv8n-1797098514, networkLocation: /default-rack, certSerialId: null} reports an CLOSED replica.
2019-10-24 12:11:19,306 [EventQueue-ContainerReportForContainerReportHandler] WARN  container.ContainerReportHandler (AbstractContainerReportHandler.java:updateContainerState(145)) - Container #1 is in OPEN state, but the datanode 7f01d92b-bd13-46ba-b46f-c65517f7cb74{ip: 192.168.164.210, host: pr-hdds-2358-mdv8n-1797098514, networkLocation: /default-rack, certSerialId: null} reports an CLOSED replica.
2019-10-24 12:11:19,376 [BlockDeletingService#2] WARN  background.BlockDeletingService (BlockDeletingService.java:isDeletionAllowed(187)) - Close Container log Index 6 is not replicated across allthe servers in the pipeline 97cf7ea5-f2f0-44c7-b45b-eed279b04bd8 as the min replicated index is 4. Deletion is not allowed in this container yet.
2019-10-24 12:11:19,379 [BlockDeletingService#2] WARN  background.BlockDeletingService (BlockDeletingService.java:isDeletionAllowed(187)) - Close Container log Index 6 is not replicated across allthe servers in the pipeline 97cf7ea5-f2f0-44c7-b45b-eed279b04bd8 as the min replicated index is 4. Deletion is not allowed in this container yet.
2019-10-24 12:11:19,421 [java.util.concurrent.ThreadPoolExecutor$Worker@53c23726[State = -1, empty queue]] WARN  server.GrpcLogAppender (GrpcLogAppender.java:timeoutAppendRequest(209)) - c58683fb-6de7-4590-940d-14e09458c307@group-EED279B04BD8->b0079d05-68ff-4074-a89c-94d611ddbdcd-GrpcLogAppender: appendEntries Timeout, request=c58683fb-6de7-4590-940d-14e09458c307->b0079d05-68ff-4074-a89c-94d611ddbdcd#24-t1, previous=(t:1, i:8), leaderCommit=8, initializing? false, entries: size=1, first=(t:1, i:9), STATEMACHINELOGENTRY, client-C97E483624C8, cid=12
2019-10-24 12:11:19,435 [java.util.concurrent.ThreadPoolExecutor$Worker@53c23726[State = -1, empty queue]] WARN  server.GrpcLogAppender (GrpcLogAppender.java:timeoutAppendRequest(209)) - c58683fb-6de7-4590-940d-14e09458c307@group-EED279B04BD8->b0079d05-68ff-4074-a89c-94d611ddbdcd-GrpcLogAppender: appendEntries Timeout, request=c58683fb-6de7-4590-940d-14e09458c307->b0079d05-68ff-4074-a89c-94d611ddbdcd#25-t1, previous=(t:1, i:9), leaderCommit=9, initializing? false, entries: size=1, first=(t:1, i:10), METADATAENTRY(c9)
2019-10-24 12:11:19,474 [EventQueue-ContainerReportForContainerReportHandler] WARN  container.ContainerReportHandler (AbstractContainerReportHandler.java:updateContainerState(145)) - Container #1 is in OPEN state, but the datanode c58683fb-6de7-4590-940d-14e09458c307{ip: 192.168.164.210, host: pr-hdds-2358-mdv8n-1797098514, networkLocation: /default-rack, certSerialId: null} reports an CLOSED replica.
2019-10-24 12:11:19,606 [EventQueue-ContainerReportForContainerReportHandler] WARN  container.ContainerReportHandler (AbstractContainerReportHandler.java:updateContainerState(145)) - Container #1 is in OPEN state, but the datanode 7f01d92b-bd13-46ba-b46f-c65517f7cb74{ip: 192.168.164.210, host: pr-hdds-2358-mdv8n-1797098514, networkLocation: /default-rack, certSerialId: null} reports an CLOSED replica.
2019-10-24 12:11:19,807 [EventQueue-ContainerReportForContainerReportHandler] WARN  container.ContainerReportHandler (AbstractContainerReportHandler.java:updateContainerState(145)) - Container #1 is in OPEN state, but the datanode 7f01d92b-bd13-46ba-b46f-c65517f7cb74{ip: 192.168.164.210, host: pr-hdds-2358-mdv8n-1797098514, networkLocation: /default-rack, certSerialId: null} reports an CLOSED replica.
2019-10-24 12:11:19,873 [EventQueue-ContainerReportForContainerReportHandler] WARN  container.ContainerReportHandler (AbstractContainerReportHandler.java:updateContainerState(145)) - Container #1 is in OPEN state, but the datanode c58683fb-6de7-4590-940d-14e09458c307{ip: 192.168.164.210, host: pr-hdds-2358-mdv8n-1797098514, networkLocation: /default-rack, certSerialId: null} reports an CLOSED replica.
2019-10-24 12:11:20,075 [EventQueue-ContainerReportForContainerReportHandler] WARN  container.ContainerReportHandler (AbstractContainerReportHandler.java:updateContainerState(145)) - Container #1 is in OPEN state, but the datanode c58683fb-6de7-4590-940d-14e09458c307{ip: 192.168.164.210, host: pr-hdds-2358-mdv8n-1797098514, networkLocation: /default-rack, certSerialId: null} reports an CLOSED replica.
2019-10-24 12:11:20,106 [EventQueue-ContainerReportForContainerReportHandler] WARN  container.ContainerReportHandler (AbstractContainerReportHandler.java:updateContainerState(145)) - Container #1 is in OPEN state, but the datanode 7f01d92b-bd13-46ba-b46f-c65517f7cb74{ip: 192.168.164.210, host: pr-hdds-2358-mdv8n-1797098514, networkLocation: /default-rack, certSerialId: null} reports an CLOSED replica.
2019-10-24 12:11:20,374 [EventQueue-ContainerReportForContainerReportHandler] WARN  container.ContainerReportHandler (AbstractContainerReportHandler.java:updateContainerState(145)) - Container #1 is in OPEN state, but the datanode c58683fb-6de7-4590-940d-14e09458c307{ip: 192.168.164.210, host: pr-hdds-2358-mdv8n-1797098514, networkLocation: /default-rack, certSerialId: null} reports an CLOSED replica.
2019-10-24 12:11:20,379 [BlockDeletingService#2] WARN  background.BlockDeletingService (BlockDeletingService.java:isDeletionAllowed(187)) - Close Container log Index 6 is not replicated across allthe servers in the pipeline 97cf7ea5-f2f0-44c7-b45b-eed279b04bd8 as the min replicated index is 4. Deletion is not allowed in this container yet.
2019-10-24 12:11:20,383 [BlockDeletingService#2] WARN  background.BlockDeletingService (BlockDeletingService.java:isDeletionAllowed(187)) - Close Container log Index 6 is not replicated across allthe servers in the pipeline 97cf7ea5-f2f0-44c7-b45b-eed279b04bd8 as the min replicated index is 4. Deletion is not allowed in this container yet.
2019-10-24 12:11:20,507 [EventQueue-ContainerReportForContainerReportHandler] WARN  container.ContainerReportHandler (AbstractContainerReportHandler.java:updateContainerState(145)) - Container #1 is in OPEN state, but the datanode 7f01d92b-bd13-46ba-b46f-c65517f7cb74{ip: 192.168.164.210, host: pr-hdds-2358-mdv8n-1797098514, networkLocation: /default-rack, certSerialId: null} reports an CLOSED replica.
2019-10-24 12:11:20,674 [EventQueue-ContainerReportForContainerReportHandler] WARN  container.ContainerReportHandler (AbstractContainerReportHandler.java:updateContainerState(145)) - Container #1 is in OPEN state, but the datanode c58683fb-6de7-4590-940d-14e09458c307{ip: 192.168.164.210, host: pr-hdds-2358-mdv8n-1797098514, networkLocation: /default-rack, certSerialId: null} reports an CLOSED replica.
2019-10-24 12:11:20,807 [EventQueue-ContainerReportForContainerReportHandler] WARN  container.ContainerReportHandler (AbstractContainerReportHandler.java:updateContainerState(145)) - Container #1 is in OPEN state, but the datanode 7f01d92b-bd13-46ba-b46f-c65517f7cb74{ip: 192.168.164.210, host: pr-hdds-2358-mdv8n-1797098514, networkLocation: /default-rack, certSerialId: null} reports an CLOSED replica.
2019-10-24 12:11:21,074 [EventQueue-ContainerReportForContainerReportHandler] WARN  container.ContainerReportHandler (AbstractContainerReportHandler.java:updateContainerState(145)) - Container #1 is in OPEN state, but the datanode c58683fb-6de7-4590-940d-14e09458c307{ip: 192.168.164.210, host: pr-hdds-2358-mdv8n-1797098514, networkLocation: /default-rack, certSerialId: null} reports an CLOSED replica.
2019-10-24 12:11:21,107 [EventQueue-ContainerReportForContainerReportHandler] WARN  container.ContainerReportHandler (AbstractContainerReportHandler.java:updateContainerState(145)) - Container #1 is in OPEN state, but the datanode 7f01d92b-bd13-46ba-b46f-c65517f7cb74{ip: 192.168.164.210, host: pr-hdds-2358-mdv8n-1797098514, networkLocation: /default-rack, certSerialId: null} reports an CLOSED replica.
2019-10-24 12:11:21,307 [EventQueue-ContainerReportForContainerReportHandler] WARN  container.ContainerReportHandler (AbstractContainerReportHandler.java:updateContainerState(145)) - Container #1 is in OPEN state, but the datanode 7f01d92b-bd13-46ba-b46f-c65517f7cb74{ip: 192.168.164.210, host: pr-hdds-2358-mdv8n-1797098514, networkLocation: /default-rack, certSerialId: null} reports an CLOSED replica.
2019-10-24 12:11:21,373 [EventQueue-ContainerReportForContainerReportHandler] WARN  container.ContainerReportHandler (AbstractContainerReportHandler.java:updateContainerState(145)) - Container #1 is in OPEN state, but the datanode c58683fb-6de7-4590-940d-14e09458c307{ip: 192.168.164.210, host: pr-hdds-2358-mdv8n-1797098514, networkLocation: /default-rack, certSerialId: null} reports an CLOSED replica.
2019-10-24 12:11:21,386 [BlockDeletingService#2] WARN  background.BlockDeletingService (BlockDeletingService.java:isDeletionAllowed(187)) - Close Container log Index 6 is not replicated across allthe servers in the pipeline 97cf7ea5-f2f0-44c7-b45b-eed279b04bd8 as the min replicated index is 4. Deletion is not allowed in this container yet.
2019-10-24 12:11:21,386 [BlockDeletingService#2] WARN  background.BlockDeletingService (BlockDeletingService.java:isDeletionAllowed(187)) - Close Container log Index 6 is not replicated across allthe servers in the pipeline 97cf7ea5-f2f0-44c7-b45b-eed279b04bd8 as the min replicated index is 4. Deletion is not allowed in this container yet.
2019-10-24 12:11:21,607 [EventQueue-ContainerReportForContainerReportHandler] WARN  container.ContainerReportHandler (AbstractContainerReportHandler.java:updateContainerState(145)) - Container #1 is in OPEN state, but the datanode 7f01d92b-bd13-46ba-b46f-c65517f7cb74{ip: 192.168.164.210, host: pr-hdds-2358-mdv8n-1797098514, networkLocation: /default-rack, certSerialId: null} reports an CLOSED replica.
2019-10-24 12:11:21,674 [EventQueue-ContainerReportForContainerReportHandler] WARN  container.ContainerReportHandler (AbstractContainerReportHandler.java:updateContainerState(145)) - Container #1 is in OPEN state, but the datanode c58683fb-6de7-4590-940d-14e09458c307{ip: 192.168.164.210, host: pr-hdds-2358-mdv8n-1797098514, networkLocation: /default-rack, certSerialId: null} reports an CLOSED replica.
2019-10-24 12:11:21,807 [EventQueue-ContainerReportForContainerReportHandler] WARN  container.ContainerReportHandler (AbstractContainerReportHandler.java:updateContainerState(145)) - Container #1 is in OPEN state, but the datanode 7f01d92b-bd13-46ba-b46f-c65517f7cb74{ip: 192.168.164.210, host: pr-hdds-2358-mdv8n-1797098514, networkLocation: /default-rack, certSerialId: null} reports an CLOSED replica.
2019-10-24 12:11:21,875 [EventQueue-ContainerReportForContainerReportHandler] WARN  container.ContainerReportHandler (AbstractContainerReportHandler.java:updateContainerState(145)) - Container #1 is in OPEN state, but the datanode c58683fb-6de7-4590-940d-14e09458c307{ip: 192.168.164.210, host: pr-hdds-2358-mdv8n-1797098514, networkLocation: /default-rack, certSerialId: null} reports an CLOSED replica.
2019-10-24 12:11:21,936 [java.util.concurrent.ThreadPoolExecutor$Worker@53c23726[State = -1, empty queue]] WARN  server.GrpcLogAppender (GrpcLogAppender.java:timeoutAppendRequest(209)) - c58683fb-6de7-4590-940d-14e09458c307@group-EED279B04BD8->b0079d05-68ff-4074-a89c-94d611ddbdcd-GrpcLogAppender: appendEntries Timeout, request=c58683fb-6de7-4590-940d-14e09458c307->b0079d05-68ff-4074-a89c-94d611ddbdcd#26-t1, previous=(t:1, i:10), leaderCommit=10, initializing? false, entries: <empty>
2019-10-24 12:11:22,107 [EventQueue-ContainerReportForContainerReportHandler] WARN  container.ContainerReportHandler (AbstractContainerReportHandler.java:updateContainerState(145)) - Container #1 is in OPEN state, but the datanode 7f01d92b-bd13-46ba-b46f-c65517f7cb74{ip: 192.168.164.210, host: pr-hdds-2358-mdv8n-1797098514, networkLocation: /default-rack, certSerialId: null} reports an CLOSED replica.
2019-10-24 12:11:22,175 [EventQueue-ContainerReportForContainerReportHandler] WARN  container.ContainerReportHandler (AbstractContainerReportHandler.java:updateContainerState(145)) - Container #1 is in OPEN state, but the datanode c58683fb-6de7-4590-940d-14e09458c307{ip: 192.168.164.210, host: pr-hdds-2358-mdv8n-1797098514, networkLocation: /default-rack, certSerialId: null} reports an CLOSED replica.
2019-10-24 12:11:22,308 [EventQueue-ContainerReportForContainerReportHandler] WARN  container.ContainerReportHandler (AbstractContainerReportHandler.java:updateContainerState(145)) - Container #1 is in OPEN state, but the datanode 7f01d92b-bd13-46ba-b46f-c65517f7cb74{ip: 192.168.164.210, host: pr-hdds-2358-mdv8n-1797098514, networkLocation: /default-rack, certSerialId: null} reports an CLOSED replica.
2019-10-24 12:11:22,391 [BlockDeletingService#2] WARN  background.BlockDeletingService (BlockDeletingService.java:isDeletionAllowed(187)) - Close Container log Index 6 is not replicated across allthe servers in the pipeline 97cf7ea5-f2f0-44c7-b45b-eed279b04bd8 as the min replicated index is 4. Deletion is not allowed in this container yet.
2019-10-24 12:11:22,391 [BlockDeletingService#2] WARN  background.BlockDeletingService (BlockDeletingService.java:isDeletionAllowed(187)) - Close Container log Index 6 is not replicated across allthe servers in the pipeline 97cf7ea5-f2f0-44c7-b45b-eed279b04bd8 as the min replicated index is 4. Deletion is not allowed in this container yet.
2019-10-24 12:11:22,576 [EventQueue-ContainerReportForContainerReportHandler] WARN  container.ContainerReportHandler (AbstractContainerReportHandler.java:updateContainerState(145)) - Container #1 is in OPEN state, but the datanode c58683fb-6de7-4590-940d-14e09458c307{ip: 192.168.164.210, host: pr-hdds-2358-mdv8n-1797098514, networkLocation: /default-rack, certSerialId: null} reports an CLOSED replica.
2019-10-24 12:11:22,607 [EventQueue-ContainerReportForContainerReportHandler] WARN  container.ContainerReportHandler (AbstractContainerReportHandler.java:updateContainerState(145)) - Container #1 is in OPEN state, but the datanode 7f01d92b-bd13-46ba-b46f-c65517f7cb74{ip: 192.168.164.210, host: pr-hdds-2358-mdv8n-1797098514, networkLocation: /default-rack, certSerialId: null} reports an CLOSED replica.
2019-10-24 12:11:22,807 [EventQueue-ContainerReportForContainerReportHandler] WARN  container.ContainerReportHandler (AbstractContainerReportHandler.java:updateContainerState(145)) - Container #1 is in OPEN state, but the datanode 7f01d92b-bd13-46ba-b46f-c65517f7cb74{ip: 192.168.164.210, host: pr-hdds-2358-mdv8n-1797098514, networkLocation: /default-rack, certSerialId: null} reports an CLOSED replica.
2019-10-24 12:11:22,876 [EventQueue-ContainerReportForContainerReportHandler] WARN  container.ContainerReportHandler (AbstractContainerReportHandler.java:updateContainerState(145)) - Container #1 is in OPEN state, but the datanode c58683fb-6de7-4590-940d-14e09458c307{ip: 192.168.164.210, host: pr-hdds-2358-mdv8n-1797098514, networkLocation: /default-rack, certSerialId: null} reports an CLOSED replica.
2019-10-24 12:11:23,108 [EventQueue-ContainerReportForContainerReportHandler] WARN  container.ContainerReportHandler (AbstractContainerReportHandler.java:updateContainerState(145)) - Container #1 is in OPEN state, but the datanode 7f01d92b-bd13-46ba-b46f-c65517f7cb74{ip: 192.168.164.210, host: pr-hdds-2358-mdv8n-1797098514, networkLocation: /default-rack, certSerialId: null} reports an CLOSED replica.
2019-10-24 12:11:23,177 [EventQueue-ContainerReportForContainerReportHandler] WARN  container.ContainerReportHandler (AbstractContainerReportHandler.java:updateContainerState(145)) - Container #1 is in OPEN state, but the datanode c58683fb-6de7-4590-940d-14e09458c307{ip: 192.168.164.210, host: pr-hdds-2358-mdv8n-1797098514, networkLocation: /default-rack, certSerialId: null} reports an CLOSED replica.
2019-10-24 12:11:23,310 [EventQueue-ContainerReportForContainerReportHandler] WARN  container.ContainerReportHandler (AbstractContainerReportHandler.java:updateContainerState(145)) - Container #1 is in OPEN state, but the datanode 7f01d92b-bd13-46ba-b46f-c65517f7cb74{ip: 192.168.164.210, host: pr-hdds-2358-mdv8n-1797098514, networkLocation: /default-rack, certSerialId: null} reports an CLOSED replica.
2019-10-24 12:11:23,377 [EventQueue-ContainerReportForContainerReportHandler] WARN  container.ContainerReportHandler (AbstractContainerReportHandler.java:updateContainerState(145)) - Container #1 is in OPEN state, but the datanode c58683fb-6de7-4590-940d-14e09458c307{ip: 192.168.164.210, host: pr-hdds-2358-mdv8n-1797098514, networkLocation: /default-rack, certSerialId: null} reports an CLOSED replica.
2019-10-24 12:11:23,393 [BlockDeletingService#2] WARN  background.BlockDeletingService (BlockDeletingService.java:isDeletionAllowed(187)) - Close Container log Index 6 is not replicated across allthe servers in the pipeline 97cf7ea5-f2f0-44c7-b45b-eed279b04bd8 as the min replicated index is 4. Deletion is not allowed in this container yet.
2019-10-24 12:11:23,393 [BlockDeletingService#2] WARN  background.BlockDeletingService (BlockDeletingService.java:isDeletionAllowed(187)) - Close Container log Index 6 is not replicated across allthe servers in the pipeline 97cf7ea5-f2f0-44c7-b45b-eed279b04bd8 as the min replicated index is 4. Deletion is not allowed in this container yet.
2019-10-24 12:11:23,610 [EventQueue-ContainerReportForContainerReportHandler] WARN  container.ContainerReportHandler (AbstractContainerReportHandler.java:updateContainerState(145)) - Container #1 is in OPEN state, but the datanode 7f01d92b-bd13-46ba-b46f-c65517f7cb74{ip: 192.168.164.210, host: pr-hdds-2358-mdv8n-1797098514, networkLocation: /default-rack, certSerialId: null} reports an CLOSED replica.
2019-10-24 12:11:23,778 [EventQueue-ContainerReportForContainerReportHandler] WARN  container.ContainerReportHandler (AbstractContainerReportHandler.java:updateContainerState(145)) - Container #1 is in OPEN state, but the datanode c58683fb-6de7-4590-940d-14e09458c307{ip: 192.168.164.210, host: pr-hdds-2358-mdv8n-1797098514, networkLocation: /default-rack, certSerialId: null} reports an CLOSED replica.
2019-10-24 12:11:23,911 [EventQueue-ContainerReportForContainerReportHandler] WARN  container.ContainerReportHandler (AbstractContainerReportHandler.java:updateContainerState(145)) - Container #1 is in OPEN state, but the datanode 7f01d92b-bd13-46ba-b46f-c65517f7cb74{ip: 192.168.164.210, host: pr-hdds-2358-mdv8n-1797098514, networkLocation: /default-rack, certSerialId: null} reports an CLOSED replica.
2019-10-24 12:11:24,077 [EventQueue-ContainerReportForContainerReportHandler] WARN  container.ContainerReportHandler (AbstractContainerReportHandler.java:updateContainerState(145)) - Container #1 is in OPEN state, but the datanode c58683fb-6de7-4590-940d-14e09458c307{ip: 192.168.164.210, host: pr-hdds-2358-mdv8n-1797098514, networkLocation: /default-rack, certSerialId: null} reports an CLOSED replica.
2019-10-24 12:11:24,211 [EventQueue-ContainerReportForContainerReportHandler] WARN  container.ContainerReportHandler (AbstractContainerReportHandler.java:updateContainerState(145)) - Container #1 is in OPEN state, but the datanode 7f01d92b-bd13-46ba-b46f-c65517f7cb74{ip: 192.168.164.210, host: pr-hdds-2358-mdv8n-1797098514, networkLocation: /default-rack, certSerialId: null} reports an CLOSED replica.
2019-10-24 12:11:24,378 [EventQueue-ContainerReportForContainerReportHandler] WARN  container.ContainerReportHandler (AbstractContainerReportHandler.java:updateContainerState(145)) - Container #1 is in OPEN state, but the datanode c58683fb-6de7-4590-940d-14e09458c307{ip: 192.168.164.210, host: pr-hdds-2358-mdv8n-1797098514, networkLocation: /default-rack, certSerialId: null} reports an CLOSED replica.
2019-10-24 12:11:24,396 [BlockDeletingService#2] WARN  background.BlockDeletingService (BlockDeletingService.java:isDeletionAllowed(187)) - Close Container log Index 6 is not replicated across allthe servers in the pipeline 97cf7ea5-f2f0-44c7-b45b-eed279b04bd8 as the min replicated index is 4. Deletion is not allowed in this container yet.
2019-10-24 12:11:24,396 [BlockDeletingService#2] WARN  background.BlockDeletingService (BlockDeletingService.java:isDeletionAllowed(187)) - Close Container log Index 6 is not replicated across allthe servers in the pipeline 97cf7ea5-f2f0-44c7-b45b-eed279b04bd8 as the min replicated index is 4. Deletion is not allowed in this container yet.
2019-10-24 12:11:24,440 [java.util.concurrent.ThreadPoolExecutor$Worker@53c23726[State = -1, empty queue]] WARN  server.GrpcLogAppender (GrpcLogAppender.java:timeoutAppendRequest(209)) - c58683fb-6de7-4590-940d-14e09458c307@group-EED279B04BD8->b0079d05-68ff-4074-a89c-94d611ddbdcd-GrpcLogAppender: appendEntries Timeout, request=c58683fb-6de7-4590-940d-14e09458c307->b0079d05-68ff-4074-a89c-94d611ddbdcd#27-t1, previous=(t:1, i:10), leaderCommit=10, initializing? false, entries: <empty>
2019-10-24 12:11:24,498 [Thread-346] INFO  client.GrpcClientProtocolService (GrpcClientProtocolService.java:lambda$processClientRequest$0(279)) - Failed RaftClientRequest:client-A2BC9D366054->7f01d92b-bd13-46ba-b46f-c65517f7cb74@group-EED279B04BD8, cid=10, seq=0, Watch-ALL_COMMITTED(6), Message:<EMPTY>, reply=RaftClientReply:client-A2BC9D366054->7f01d92b-bd13-46ba-b46f-c65517f7cb74@group-EED279B04BD8, cid=10, FAILED org.apache.ratis.protocol.NotLeaderException: Server 7f01d92b-bd13-46ba-b46f-c65517f7cb74@group-EED279B04BD8 is not the leader c58683fb-6de7-4590-940d-14e09458c307:192.168.164.210:44335, logIndex=0, commits[7f01d92b-bd13-46ba-b46f-c65517f7cb74:c10, b0079d05-68ff-4074-a89c-94d611ddbdcd:c4, c58683fb-6de7-4590-940d-14e09458c307:c10]
2019-10-24 12:11:24,512 [EventQueue-ContainerReportForContainerReportHandler] WARN  container.ContainerReportHandler (AbstractContainerReportHandler.java:updateContainerState(145)) - Container #1 is in OPEN state, but the datanode 7f01d92b-bd13-46ba-b46f-c65517f7cb74{ip: 192.168.164.210, host: pr-hdds-2358-mdv8n-1797098514, networkLocation: /default-rack, certSerialId: null} reports an CLOSED replica.
2019-10-24 12:11:24,578 [EventQueue-ContainerReportForContainerReportHandler] WARN  container.ContainerReportHandler (AbstractContainerReportHandler.java:updateContainerState(145)) - Container #1 is in OPEN state, but the datanode c58683fb-6de7-4590-940d-14e09458c307{ip: 192.168.164.210, host: pr-hdds-2358-mdv8n-1797098514, networkLocation: /default-rack, certSerialId: null} reports an CLOSED replica.
2019-10-24 12:11:24,683 [Thread-349] INFO  client.GrpcClientProtocolService (GrpcClientProtocolService.java:lambda$processClientRequest$0(279)) - Failed RaftClientRequest:client-A2BC9D366054->c58683fb-6de7-4590-940d-14e09458c307@group-EED279B04BD8, cid=10, seq=0, Watch-ALL_COMMITTED(6), Message:<EMPTY>, reply=RaftClientReply:client-A2BC9D366054->c58683fb-6de7-4590-940d-14e09458c307@group-EED279B04BD8, cid=10, FAILED org.apache.ratis.protocol.NotReplicatedException: Request with call Id 10 and log index 6 is not yet replicated to ALL_COMMITTED, logIndex=6, commits[c58683fb-6de7-4590-940d-14e09458c307:c10, b0079d05-68ff-4074-a89c-94d611ddbdcd:c4, 7f01d92b-bd13-46ba-b46f-c65517f7cb74:c10]
2019-10-24 12:11:24,878 [EventQueue-ContainerReportForContainerReportHandler] WARN  container.ContainerReportHandler (AbstractContainerReportHandler.java:updateContainerState(145)) - Container #1 is in OPEN state, but the datanode c58683fb-6de7-4590-940d-14e09458c307{ip: 192.168.164.210, host: pr-hdds-2358-mdv8n-1797098514, networkLocation: /default-rack, certSerialId: null} reports an CLOSED replica.
2019-10-24 12:11:24,911 [EventQueue-ContainerReportForContainerReportHandler] WARN  container.ContainerReportHandler (AbstractContainerReportHandler.java:updateContainerState(145)) - Container #1 is in OPEN state, but the datanode 7f01d92b-bd13-46ba-b46f-c65517f7cb74{ip: 192.168.164.210, host: pr-hdds-2358-mdv8n-1797098514, networkLocation: /default-rack, certSerialId: null} reports an CLOSED replica.
2019-10-24 12:11:25,078 [EventQueue-ContainerReportForContainerReportHandler] WARN  container.ContainerReportHandler (AbstractContainerReportHandler.java:updateContainerState(145)) - Container #1 is in OPEN state, but the datanode c58683fb-6de7-4590-940d-14e09458c307{ip: 192.168.164.210, host: pr-hdds-2358-mdv8n-1797098514, networkLocation: /default-rack, certSerialId: null} reports an CLOSED replica.
2019-10-24 12:11:25,111 [EventQueue-ContainerReportForContainerReportHandler] WARN  container.ContainerReportHandler (AbstractContainerReportHandler.java:updateContainerState(145)) - Container #1 is in OPEN state, but the datanode 7f01d92b-bd13-46ba-b46f-c65517f7cb74{ip: 192.168.164.210, host: pr-hdds-2358-mdv8n-1797098514, networkLocation: /default-rack, certSerialId: null} reports an CLOSED replica.
2019-10-24 12:11:25,378 [EventQueue-ContainerReportForContainerReportHandler] WARN  container.ContainerReportHandler (AbstractContainerReportHandler.java:updateContainerState(145)) - Container #1 is in OPEN state, but the datanode c58683fb-6de7-4590-940d-14e09458c307{ip: 192.168.164.210, host: pr-hdds-2358-mdv8n-1797098514, networkLocation: /default-rack, certSerialId: null} reports an CLOSED replica.
2019-10-24 12:11:25,398 [BlockDeletingService#2] WARN  background.BlockDeletingService (BlockDeletingService.java:isDeletionAllowed(187)) - Close Container log Index 6 is not replicated across allthe servers in the pipeline 97cf7ea5-f2f0-44c7-b45b-eed279b04bd8 as the min replicated index is 4. Deletion is not allowed in this container yet.
2019-10-24 12:11:25,398 [BlockDeletingService#2] WARN  background.BlockDeletingService (BlockDeletingService.java:isDeletionAllowed(187)) - Close Container log Index 6 is not replicated across allthe servers in the pipeline 97cf7ea5-f2f0-44c7-b45b-eed279b04bd8 as the min replicated index is 4. Deletion is not allowed in this container yet.
2019-10-24 12:11:25,411 [EventQueue-ContainerReportForContainerReportHandler] WARN  container.ContainerReportHandler (AbstractContainerReportHandler.java:updateContainerState(145)) - Container #1 is in OPEN state, but the datanode 7f01d92b-bd13-46ba-b46f-c65517f7cb74{ip: 192.168.164.210, host: pr-hdds-2358-mdv8n-1797098514, networkLocation: /default-rack, certSerialId: null} reports an CLOSED replica.
2019-10-24 12:11:25,711 [EventQueue-ContainerReportForContainerReportHandler] WARN  container.ContainerReportHandler (AbstractContainerReportHandler.java:updateContainerState(145)) - Container #1 is in OPEN state, but the datanode 7f01d92b-bd13-46ba-b46f-c65517f7cb74{ip: 192.168.164.210, host: pr-hdds-2358-mdv8n-1797098514, networkLocation: /default-rack, certSerialId: null} reports an CLOSED replica.
2019-10-24 12:11:25,778 [EventQueue-ContainerReportForContainerReportHandler] WARN  container.ContainerReportHandler (AbstractContainerReportHandler.java:updateContainerState(145)) - Container #1 is in OPEN state, but the datanode c58683fb-6de7-4590-940d-14e09458c307{ip: 192.168.164.210, host: pr-hdds-2358-mdv8n-1797098514, networkLocation: /default-rack, certSerialId: null} reports an CLOSED replica.
2019-10-24 12:11:26,078 [EventQueue-ContainerReportForContainerReportHandler] WARN  container.ContainerReportHandler (AbstractContainerReportHandler.java:updateContainerState(145)) - Container #1 is in OPEN state, but the datanode c58683fb-6de7-4590-940d-14e09458c307{ip: 192.168.164.210, host: pr-hdds-2358-mdv8n-1797098514, networkLocation: /default-rack, certSerialId: null} reports an CLOSED replica.
2019-10-24 12:11:26,111 [EventQueue-ContainerReportForContainerReportHandler] WARN  container.ContainerReportHandler (AbstractContainerReportHandler.java:updateContainerState(145)) - Container #1 is in OPEN state, but the datanode 7f01d92b-bd13-46ba-b46f-c65517f7cb74{ip: 192.168.164.210, host: pr-hdds-2358-mdv8n-1797098514, networkLocation: /default-rack, certSerialId: null} reports an CLOSED replica.
2019-10-24 12:11:26,402 [BlockDeletingService#2] WARN  background.BlockDeletingService (BlockDeletingService.java:isDeletionAllowed(187)) - Close Container log Index 6 is not replicated across allthe servers in the pipeline 97cf7ea5-f2f0-44c7-b45b-eed279b04bd8 as the min replicated index is 4. Deletion is not allowed in this container yet.
2019-10-24 12:11:26,402 [BlockDeletingService#2] WARN  background.BlockDeletingService (BlockDeletingService.java:isDeletionAllowed(187)) - Close Container log Index 6 is not replicated across allthe servers in the pipeline 97cf7ea5-f2f0-44c7-b45b-eed279b04bd8 as the min replicated index is 4. Deletion is not allowed in this container yet.
2019-10-24 12:11:26,479 [EventQueue-ContainerReportForContainerReportHandler] WARN  container.ContainerReportHandler (AbstractContainerReportHandler.java:updateContainerState(145)) - Container #1 is in OPEN state, but the datanode c58683fb-6de7-4590-940d-14e09458c307{ip: 192.168.164.210, host: pr-hdds-2358-mdv8n-1797098514, networkLocation: /default-rack, certSerialId: null} reports an CLOSED replica.
2019-10-24 12:11:26,511 [EventQueue-ContainerReportForContainerReportHandler] WARN  container.ContainerReportHandler (AbstractContainerReportHandler.java:updateContainerState(145)) - Container #1 is in OPEN state, but the datanode 7f01d92b-bd13-46ba-b46f-c65517f7cb74{ip: 192.168.164.210, host: pr-hdds-2358-mdv8n-1797098514, networkLocation: /default-rack, certSerialId: null} reports an CLOSED replica.
2019-10-24 12:11:26,779 [EventQueue-ContainerReportForContainerReportHandler] WARN  container.ContainerReportHandler (AbstractContainerReportHandler.java:updateContainerState(145)) - Container #1 is in OPEN state, but the datanode c58683fb-6de7-4590-940d-14e09458c307{ip: 192.168.164.210, host: pr-hdds-2358-mdv8n-1797098514, networkLocation: /default-rack, certSerialId: null} reports an CLOSED replica.
2019-10-24 12:11:26,811 [EventQueue-ContainerReportForContainerReportHandler] WARN  container.ContainerReportHandler (AbstractContainerReportHandler.java:updateContainerState(145)) - Container #1 is in OPEN state, but the datanode 7f01d92b-bd13-46ba-b46f-c65517f7cb74{ip: 192.168.164.210, host: pr-hdds-2358-mdv8n-1797098514, networkLocation: /default-rack, certSerialId: null} reports an CLOSED replica.
2019-10-24 12:11:26,940 [java.util.concurrent.ThreadPoolExecutor$Worker@53c23726[State = -1, empty queue]] WARN  server.GrpcLogAppender (GrpcLogAppender.java:timeoutAppendRequest(209)) - c58683fb-6de7-4590-940d-14e09458c307@group-EED279B04BD8->b0079d05-68ff-4074-a89c-94d611ddbdcd-GrpcLogAppender: appendEntries Timeout, request=c58683fb-6de7-4590-940d-14e09458c307->b0079d05-68ff-4074-a89c-94d611ddbdcd#28-t1, previous=(t:1, i:10), leaderCommit=10, initializing? false, entries: <empty>
2019-10-24 12:11:27,079 [EventQueue-ContainerReportForContainerReportHandler] WARN  container.ContainerReportHandler (AbstractContainerReportHandler.java:updateContainerState(145)) - Container #1 is in OPEN state, but the datanode c58683fb-6de7-4590-940d-14e09458c307{ip: 192.168.164.210, host: pr-hdds-2358-mdv8n-1797098514, networkLocation: /default-rack, certSerialId: null} reports an CLOSED replica.
2019-10-24 12:11:27,111 [EventQueue-ContainerReportForContainerReportHandler] WARN  container.ContainerReportHandler (AbstractContainerReportHandler.java:updateContainerState(145)) - Container #1 is in OPEN state, but the datanode 7f01d92b-bd13-46ba-b46f-c65517f7cb74{ip: 192.168.164.210, host: pr-hdds-2358-mdv8n-1797098514, networkLocation: /default-rack, certSerialId: null} reports an CLOSED replica.
2019-10-24 12:11:27,379 [EventQueue-ContainerReportForContainerReportHandler] WARN  container.ContainerReportHandler (AbstractContainerReportHandler.java:updateContainerState(145)) - Container #1 is in OPEN state, but the datanode c58683fb-6de7-4590-940d-14e09458c307{ip: 192.168.164.210, host: pr-hdds-2358-mdv8n-1797098514, networkLocation: /default-rack, certSerialId: null} reports an CLOSED replica.
2019-10-24 12:11:27,404 [BlockDeletingService#2] WARN  background.BlockDeletingService (BlockDeletingService.java:isDeletionAllowed(187)) - Close Container log Index 6 is not replicated across allthe servers in the pipeline 97cf7ea5-f2f0-44c7-b45b-eed279b04bd8 as the min replicated index is 4. Deletion is not allowed in this container yet.
2019-10-24 12:11:27,404 [BlockDeletingService#2] WARN  background.BlockDeletingService (BlockDeletingService.java:isDeletionAllowed(187)) - Close Container log Index 6 is not replicated across allthe servers in the pipeline 97cf7ea5-f2f0-44c7-b45b-eed279b04bd8 as the min replicated index is 4. Deletion is not allowed in this container yet.
2019-10-24 12:11:27,413 [EventQueue-ContainerReportForContainerReportHandler] WARN  container.ContainerReportHandler (AbstractContainerReportHandler.java:updateContainerState(145)) - Container #1 is in OPEN state, but the datanode 7f01d92b-bd13-46ba-b46f-c65517f7cb74{ip: 192.168.164.210, host: pr-hdds-2358-mdv8n-1797098514, networkLocation: /default-rack, certSerialId: null} reports an CLOSED replica.
2019-10-24 12:11:27,579 [EventQueue-ContainerReportForContainerReportHandler] WARN  container.ContainerReportHandler (AbstractContainerReportHandler.java:updateContainerState(145)) - Container #1 is in OPEN state, but the datanode c58683fb-6de7-4590-940d-14e09458c307{ip: 192.168.164.210, host: pr-hdds-2358-mdv8n-1797098514, networkLocation: /default-rack, certSerialId: null} reports an CLOSED replica.
2019-10-24 12:11:27,715 [EventQueue-ContainerReportForContainerReportHandler] WARN  container.ContainerReportHandler (AbstractContainerReportHandler.java:updateContainerState(145)) - Container #1 is in OPEN state, but the datanode 7f01d92b-bd13-46ba-b46f-c65517f7cb74{ip: 192.168.164.210, host: pr-hdds-2358-mdv8n-1797098514, networkLocation: /default-rack, certSerialId: null} reports an CLOSED replica.
2019-10-24 12:11:27,978 [EventQueue-ContainerReportForContainerReportHandler] WARN  container.ContainerReportHandler (AbstractContainerReportHandler.java:updateContainerState(145)) - Container #1 is in OPEN state, but the datanode c58683fb-6de7-4590-940d-14e09458c307{ip: 192.168.164.210, host: pr-hdds-2358-mdv8n-1797098514, networkLocation: /default-rack, certSerialId: null} reports an CLOSED replica.
2019-10-24 12:11:28,115 [EventQueue-ContainerReportForContainerReportHandler] WARN  container.ContainerReportHandler (AbstractContainerReportHandler.java:updateContainerState(145)) - Container #1 is in OPEN state, but the datanode 7f01d92b-bd13-46ba-b46f-c65517f7cb74{ip: 192.168.164.210, host: pr-hdds-2358-mdv8n-1797098514, networkLocation: /default-rack, certSerialId: null} reports an CLOSED replica.
2019-10-24 12:11:28,178 [EventQueue-ContainerReportForContainerReportHandler] WARN  container.ContainerReportHandler (AbstractContainerReportHandler.java:updateContainerState(145)) - Container #1 is in OPEN state, but the datanode c58683fb-6de7-4590-940d-14e09458c307{ip: 192.168.164.210, host: pr-hdds-2358-mdv8n-1797098514, networkLocation: /default-rack, certSerialId: null} reports an CLOSED replica.
2019-10-24 12:11:28,405 [BlockDeletingService#2] WARN  background.BlockDeletingService (BlockDeletingService.java:isDeletionAllowed(187)) - Close Container log Index 6 is not replicated across allthe servers in the pipeline 97cf7ea5-f2f0-44c7-b45b-eed279b04bd8 as the min replicated index is 4. Deletion is not allowed in this container yet.
2019-10-24 12:11:28,406 [BlockDeletingService#2] WARN  background.BlockDeletingService (BlockDeletingService.java:isDeletionAllowed(187)) - Close Container log Index 6 is not replicated across allthe servers in the pipeline 97cf7ea5-f2f0-44c7-b45b-eed279b04bd8 as the min replicated index is 4. Deletion is not allowed in this container yet.
2019-10-24 12:11:28,415 [EventQueue-ContainerReportForContainerReportHandler] WARN  container.ContainerReportHandler (AbstractContainerReportHandler.java:updateContainerState(145)) - Container #1 is in OPEN state, but the datanode 7f01d92b-bd13-46ba-b46f-c65517f7cb74{ip: 192.168.164.210, host: pr-hdds-2358-mdv8n-1797098514, networkLocation: /default-rack, certSerialId: null} reports an CLOSED replica.
2019-10-24 12:11:28,478 [EventQueue-ContainerReportForContainerReportHandler] WARN  container.ContainerReportHandler (AbstractContainerReportHandler.java:updateContainerState(145)) - Container #1 is in OPEN state, but the datanode c58683fb-6de7-4590-940d-14e09458c307{ip: 192.168.164.210, host: pr-hdds-2358-mdv8n-1797098514, networkLocation: /default-rack, certSerialId: null} reports an CLOSED replica.
2019-10-24 12:11:28,616 [EventQueue-ContainerReportForContainerReportHandler] WARN  container.ContainerReportHandler (AbstractContainerReportHandler.java:updateContainerState(145)) - Container #1 is in OPEN state, but the datanode 7f01d92b-bd13-46ba-b46f-c65517f7cb74{ip: 192.168.164.210, host: pr-hdds-2358-mdv8n-1797098514, networkLocation: /default-rack, certSerialId: null} reports an CLOSED replica.
2019-10-24 12:11:28,778 [EventQueue-ContainerReportForContainerReportHandler] WARN  container.ContainerReportHandler (AbstractContainerReportHandler.java:updateContainerState(145)) - Container #1 is in OPEN state, but the datanode c58683fb-6de7-4590-940d-14e09458c307{ip: 192.168.164.210, host: pr-hdds-2358-mdv8n-1797098514, networkLocation: /default-rack, certSerialId: null} reports an CLOSED replica.
2019-10-24 12:11:28,917 [EventQueue-ContainerReportForContainerReportHandler] WARN  container.ContainerReportHandler (AbstractContainerReportHandler.java:updateContainerState(145)) - Container #1 is in OPEN state, but the datanode 7f01d92b-bd13-46ba-b46f-c65517f7cb74{ip: 192.168.164.210, host: pr-hdds-2358-mdv8n-1797098514, networkLocation: /default-rack, certSerialId: null} reports an CLOSED replica.
2019-10-24 12:11:29,117 [EventQueue-ContainerReportForContainerReportHandler] WARN  container.ContainerReportHandler (AbstractContainerReportHandler.java:updateContainerState(145)) - Container #1 is in OPEN state, but the datanode 7f01d92b-bd13-46ba-b46f-c65517f7cb74{ip: 192.168.164.210, host: pr-hdds-2358-mdv8n-1797098514, networkLocation: /default-rack, certSerialId: null} reports an CLOSED replica.
2019-10-24 12:11:29,180 [EventQueue-ContainerReportForContainerReportHandler] WARN  container.ContainerReportHandler (AbstractContainerReportHandler.java:updateContainerState(145)) - Container #1 is in OPEN state, but the datanode c58683fb-6de7-4590-940d-14e09458c307{ip: 192.168.164.210, host: pr-hdds-2358-mdv8n-1797098514, networkLocation: /default-rack, certSerialId: null} reports an CLOSED replica.
2019-10-24 12:11:29,380 [EventQueue-ContainerReportForContainerReportHandler] WARN  container.ContainerReportHandler (AbstractContainerReportHandler.java:updateContainerState(145)) - Container #1 is in OPEN state, but the datanode c58683fb-6de7-4590-940d-14e09458c307{ip: 192.168.164.210, host: pr-hdds-2358-mdv8n-1797098514, networkLocation: /default-rack, certSerialId: null} reports an CLOSED replica.
2019-10-24 12:11:29,407 [BlockDeletingService#2] WARN  background.BlockDeletingService (BlockDeletingService.java:isDeletionAllowed(187)) - Close Container log Index 6 is not replicated across allthe servers in the pipeline 97cf7ea5-f2f0-44c7-b45b-eed279b04bd8 as the min replicated index is 4. Deletion is not allowed in this container yet.
2019-10-24 12:11:29,407 [BlockDeletingService#2] WARN  background.BlockDeletingService (BlockDeletingService.java:isDeletionAllowed(187)) - Close Container log Index 6 is not replicated across allthe servers in the pipeline 97cf7ea5-f2f0-44c7-b45b-eed279b04bd8 as the min replicated index is 4. Deletion is not allowed in this container yet.
2019-10-24 12:11:29,417 [EventQueue-ContainerReportForContainerReportHandler] WARN  container.ContainerReportHandler (AbstractContainerReportHandler.java:updateContainerState(145)) - Container #1 is in OPEN state, but the datanode 7f01d92b-bd13-46ba-b46f-c65517f7cb74{ip: 192.168.164.210, host: pr-hdds-2358-mdv8n-1797098514, networkLocation: /default-rack, certSerialId: null} reports an CLOSED replica.
2019-10-24 12:11:29,441 [java.util.concurrent.ThreadPoolExecutor$Worker@53c23726[State = -1, empty queue]] WARN  server.GrpcLogAppender (GrpcLogAppender.java:timeoutAppendRequest(209)) - c58683fb-6de7-4590-940d-14e09458c307@group-EED279B04BD8->b0079d05-68ff-4074-a89c-94d611ddbdcd-GrpcLogAppender: appendEntries Timeout, request=c58683fb-6de7-4590-940d-14e09458c307->b0079d05-68ff-4074-a89c-94d611ddbdcd#29-t1, previous=(t:1, i:10), leaderCommit=10, initializing? false, entries: <empty>
2019-10-24 12:11:29,618 [EventQueue-ContainerReportForContainerReportHandler] WARN  container.ContainerReportHandler (AbstractContainerReportHandler.java:updateContainerState(145)) - Container #1 is in OPEN state, but the datanode 7f01d92b-bd13-46ba-b46f-c65517f7cb74{ip: 192.168.164.210, host: pr-hdds-2358-mdv8n-1797098514, networkLocation: /default-rack, certSerialId: null} reports an CLOSED replica.
2019-10-24 12:11:29,680 [EventQueue-ContainerReportForContainerReportHandler] WARN  container.ContainerReportHandler (AbstractContainerReportHandler.java:updateContainerState(145)) - Container #1 is in OPEN state, but the datanode c58683fb-6de7-4590-940d-14e09458c307{ip: 192.168.164.210, host: pr-hdds-2358-mdv8n-1797098514, networkLocation: /default-rack, certSerialId: null} reports an CLOSED replica.
2019-10-24 12:11:29,980 [EventQueue-ContainerReportForContainerReportHandler] WARN  container.ContainerReportHandler (AbstractContainerReportHandler.java:updateContainerState(145)) - Container #1 is in OPEN state, but the datanode c58683fb-6de7-4590-940d-14e09458c307{ip: 192.168.164.210, host: pr-hdds-2358-mdv8n-1797098514, networkLocation: /default-rack, certSerialId: null} reports an CLOSED replica.
2019-10-24 12:11:30,018 [EventQueue-ContainerReportForContainerReportHandler] WARN  container.ContainerReportHandler (AbstractContainerReportHandler.java:updateContainerState(145)) - Container #1 is in OPEN state, but the datanode 7f01d92b-bd13-46ba-b46f-c65517f7cb74{ip: 192.168.164.210, host: pr-hdds-2358-mdv8n-1797098514, networkLocation: /default-rack, certSerialId: null} reports an CLOSED replica.
2019-10-24 12:11:30,280 [EventQueue-ContainerReportForContainerReportHandler] WARN  container.ContainerReportHandler (AbstractContainerReportHandler.java:updateContainerState(145)) - Container #1 is in OPEN state, but the datanode c58683fb-6de7-4590-940d-14e09458c307{ip: 192.168.164.210, host: pr-hdds-2358-mdv8n-1797098514, networkLocation: /default-rack, certSerialId: null} reports an CLOSED replica.
2019-10-24 12:11:30,318 [EventQueue-ContainerReportForContainerReportHandler] WARN  container.ContainerReportHandler (AbstractContainerReportHandler.java:updateContainerState(145)) - Container #1 is in OPEN state, but the datanode 7f01d92b-bd13-46ba-b46f-c65517f7cb74{ip: 192.168.164.210, host: pr-hdds-2358-mdv8n-1797098514, networkLocation: /default-rack, certSerialId: null} reports an CLOSED replica.
2019-10-24 12:11:30,409 [BlockDeletingService#2] WARN  background.BlockDeletingService (BlockDeletingService.java:isDeletionAllowed(187)) - Close Container log Index 6 is not replicated across allthe servers in the pipeline 97cf7ea5-f2f0-44c7-b45b-eed279b04bd8 as the min replicated index is 4. Deletion is not allowed in this container yet.
2019-10-24 12:11:30,409 [BlockDeletingService#2] WARN  background.BlockDeletingService (BlockDeletingService.java:isDeletionAllowed(187)) - Close Container log Index 6 is not replicated across allthe servers in the pipeline 97cf7ea5-f2f0-44c7-b45b-eed279b04bd8 as the min replicated index is 4. Deletion is not allowed in this container yet.
2019-10-24 12:11:30,480 [EventQueue-ContainerReportForContainerReportHandler] WARN  container.ContainerReportHandler (AbstractContainerReportHandler.java:updateContainerState(145)) - Container #1 is in OPEN state, but the datanode c58683fb-6de7-4590-940d-14e09458c307{ip: 192.168.164.210, host: pr-hdds-2358-mdv8n-1797098514, networkLocation: /default-rack, certSerialId: null} reports an CLOSED replica.
2019-10-24 12:11:30,619 [EventQueue-ContainerReportForContainerReportHandler] WARN  container.ContainerReportHandler (AbstractContainerReportHandler.java:updateContainerState(145)) - Container #1 is in OPEN state, but the datanode 7f01d92b-bd13-46ba-b46f-c65517f7cb74{ip: 192.168.164.210, host: pr-hdds-2358-mdv8n-1797098514, networkLocation: /default-rack, certSerialId: null} reports an CLOSED replica.
2019-10-24 12:11:30,882 [EventQueue-ContainerReportForContainerReportHandler] WARN  container.ContainerReportHandler (AbstractContainerReportHandler.java:updateContainerState(145)) - Container #1 is in OPEN state, but the datanode c58683fb-6de7-4590-940d-14e09458c307{ip: 192.168.164.210, host: pr-hdds-2358-mdv8n-1797098514, networkLocation: /default-rack, certSerialId: null} reports an CLOSED replica.
2019-10-24 12:11:30,920 [EventQueue-ContainerReportForContainerReportHandler] WARN  container.ContainerReportHandler (AbstractContainerReportHandler.java:updateContainerState(145)) - Container #1 is in OPEN state, but the datanode 7f01d92b-bd13-46ba-b46f-c65517f7cb74{ip: 192.168.164.210, host: pr-hdds-2358-mdv8n-1797098514, networkLocation: /default-rack, certSerialId: null} reports an CLOSED replica.
2019-10-24 12:11:31,083 [EventQueue-ContainerReportForContainerReportHandler] WARN  container.ContainerReportHandler (AbstractContainerReportHandler.java:updateContainerState(145)) - Container #1 is in OPEN state, but the datanode c58683fb-6de7-4590-940d-14e09458c307{ip: 192.168.164.210, host: pr-hdds-2358-mdv8n-1797098514, networkLocation: /default-rack, certSerialId: null} reports an CLOSED replica.
2019-10-24 12:11:31,222 [EventQueue-ContainerReportForContainerReportHandler] WARN  container.ContainerReportHandler (AbstractContainerReportHandler.java:updateContainerState(145)) - Container #1 is in OPEN state, but the datanode 7f01d92b-bd13-46ba-b46f-c65517f7cb74{ip: 192.168.164.210, host: pr-hdds-2358-mdv8n-1797098514, networkLocation: /default-rack, certSerialId: null} reports an CLOSED replica.
2019-10-24 12:11:31,383 [EventQueue-ContainerReportForContainerReportHandler] WARN  container.ContainerReportHandler (AbstractContainerReportHandler.java:updateContainerState(145)) - Container #1 is in OPEN state, but the datanode c58683fb-6de7-4590-940d-14e09458c307{ip: 192.168.164.210, host: pr-hdds-2358-mdv8n-1797098514, networkLocation: /default-rack, certSerialId: null} reports an CLOSED replica.
2019-10-24 12:11:31,411 [BlockDeletingService#2] WARN  background.BlockDeletingService (BlockDeletingService.java:isDeletionAllowed(187)) - Close Container log Index 6 is not replicated across allthe servers in the pipeline 97cf7ea5-f2f0-44c7-b45b-eed279b04bd8 as the min replicated index is 4. Deletion is not allowed in this container yet.
2019-10-24 12:11:31,411 [BlockDeletingService#2] WARN  background.BlockDeletingService (BlockDeletingService.java:isDeletionAllowed(187)) - Close Container log Index 6 is not replicated across allthe servers in the pipeline 97cf7ea5-f2f0-44c7-b45b-eed279b04bd8 as the min replicated index is 4. Deletion is not allowed in this container yet.
2019-10-24 12:11:31,622 [EventQueue-ContainerReportForContainerReportHandler] WARN  container.ContainerReportHandler (AbstractContainerReportHandler.java:updateContainerState(145)) - Container #1 is in OPEN state, but the datanode 7f01d92b-bd13-46ba-b46f-c65517f7cb74{ip: 192.168.164.210, host: pr-hdds-2358-mdv8n-1797098514, networkLocation: /default-rack, certSerialId: null} reports an CLOSED replica.
2019-10-24 12:11:31,683 [EventQueue-ContainerReportForContainerReportHandler] WARN  container.ContainerReportHandler (AbstractContainerReportHandler.java:updateContainerState(145)) - Container #1 is in OPEN state, but the datanode c58683fb-6de7-4590-940d-14e09458c307{ip: 192.168.164.210, host: pr-hdds-2358-mdv8n-1797098514, networkLocation: /default-rack, certSerialId: null} reports an CLOSED replica.
2019-10-24 12:11:31,822 [EventQueue-ContainerReportForContainerReportHandler] WARN  container.ContainerReportHandler (AbstractContainerReportHandler.java:updateContainerState(145)) - Container #1 is in OPEN state, but the datanode 7f01d92b-bd13-46ba-b46f-c65517f7cb74{ip: 192.168.164.210, host: pr-hdds-2358-mdv8n-1797098514, networkLocation: /default-rack, certSerialId: null} reports an CLOSED replica.
2019-10-24 12:11:31,942 [java.util.concurrent.ThreadPoolExecutor$Worker@53c23726[State = -1, empty queue]] WARN  server.GrpcLogAppender (GrpcLogAppender.java:timeoutAppendRequest(209)) - c58683fb-6de7-4590-940d-14e09458c307@group-EED279B04BD8->b0079d05-68ff-4074-a89c-94d611ddbdcd-GrpcLogAppender: appendEntries Timeout, request=c58683fb-6de7-4590-940d-14e09458c307->b0079d05-68ff-4074-a89c-94d611ddbdcd#30-t1, previous=(t:1, i:10), leaderCommit=10, initializing? false, entries: <empty>
2019-10-24 12:11:31,984 [EventQueue-ContainerReportForContainerReportHandler] WARN  container.ContainerReportHandler (AbstractContainerReportHandler.java:updateContainerState(145)) - Container #1 is in OPEN state, but the datanode c58683fb-6de7-4590-940d-14e09458c307{ip: 192.168.164.210, host: pr-hdds-2358-mdv8n-1797098514, networkLocation: /default-rack, certSerialId: null} reports an CLOSED replica.
2019-10-24 12:11:32,122 [EventQueue-ContainerReportForContainerReportHandler] WARN  container.ContainerReportHandler (AbstractContainerReportHandler.java:updateContainerState(145)) - Container #1 is in OPEN state, but the datanode 7f01d92b-bd13-46ba-b46f-c65517f7cb74{ip: 192.168.164.210, host: pr-hdds-2358-mdv8n-1797098514, networkLocation: /default-rack, certSerialId: null} reports an CLOSED replica.
2019-10-24 12:11:32,285 [EventQueue-ContainerReportForContainerReportHandler] WARN  container.ContainerReportHandler (AbstractContainerReportHandler.java:updateContainerState(145)) - Container #1 is in OPEN state, but the datanode c58683fb-6de7-4590-940d-14e09458c307{ip: 192.168.164.210, host: pr-hdds-2358-mdv8n-1797098514, networkLocation: /default-rack, certSerialId: null} reports an CLOSED replica.
2019-10-24 12:11:32,415 [BlockDeletingService#2] WARN  background.BlockDeletingService (BlockDeletingService.java:isDeletionAllowed(187)) - Close Container log Index 6 is not replicated across allthe servers in the pipeline 97cf7ea5-f2f0-44c7-b45b-eed279b04bd8 as the min replicated index is 4. Deletion is not allowed in this container yet.
2019-10-24 12:11:32,415 [BlockDeletingService#2] WARN  background.BlockDeletingService (BlockDeletingService.java:isDeletionAllowed(187)) - Close Container log Index 6 is not replicated across allthe servers in the pipeline 97cf7ea5-f2f0-44c7-b45b-eed279b04bd8 as the min replicated index is 4. Deletion is not allowed in this container yet.
2019-10-24 12:11:32,487 [EventQueue-ContainerReportForContainerReportHandler] WARN  container.ContainerReportHandler (AbstractContainerReportHandler.java:updateContainerState(145)) - Container #1 is in OPEN state, but the datanode c58683fb-6de7-4590-940d-14e09458c307{ip: 192.168.164.210, host: pr-hdds-2358-mdv8n-1797098514, networkLocation: /default-rack, certSerialId: null} reports an CLOSED replica.
2019-10-24 12:11:32,523 [EventQueue-ContainerReportForContainerReportHandler] WARN  container.ContainerReportHandler (AbstractContainerReportHandler.java:updateContainerState(145)) - Container #1 is in OPEN state, but the datanode 7f01d92b-bd13-46ba-b46f-c65517f7cb74{ip: 192.168.164.210, host: pr-hdds-2358-mdv8n-1797098514, networkLocation: /default-rack, certSerialId: null} reports an CLOSED replica.
2019-10-24 12:11:32,790 [EventQueue-ContainerReportForContainerReportHandler] WARN  container.ContainerReportHandler (AbstractContainerReportHandler.java:updateContainerState(145)) - Container #1 is in OPEN state, but the datanode c58683fb-6de7-4590-940d-14e09458c307{ip: 192.168.164.210, host: pr-hdds-2358-mdv8n-1797098514, networkLocation: /default-rack, certSerialId: null} reports an CLOSED replica.
2019-10-24 12:11:32,824 [EventQueue-ContainerReportForContainerReportHandler] WARN  container.ContainerReportHandler (AbstractContainerReportHandler.java:updateContainerState(145)) - Container #1 is in OPEN state, but the datanode 7f01d92b-bd13-46ba-b46f-c65517f7cb74{ip: 192.168.164.210, host: pr-hdds-2358-mdv8n-1797098514, networkLocation: /default-rack, certSerialId: null} reports an CLOSED replica.
2019-10-24 12:11:33,124 [EventQueue-ContainerReportForContainerReportHandler] WARN  container.ContainerReportHandler (AbstractContainerReportHandler.java:updateContainerState(145)) - Container #1 is in OPEN state, but the datanode 7f01d92b-bd13-46ba-b46f-c65517f7cb74{ip: 192.168.164.210, host: pr-hdds-2358-mdv8n-1797098514, networkLocation: /default-rack, certSerialId: null} reports an CLOSED replica.
2019-10-24 12:11:33,189 [EventQueue-ContainerReportForContainerReportHandler] WARN  container.ContainerReportHandler (AbstractContainerReportHandler.java:updateContainerState(145)) - Container #1 is in OPEN state, but the datanode c58683fb-6de7-4590-940d-14e09458c307{ip: 192.168.164.210, host: pr-hdds-2358-mdv8n-1797098514, networkLocation: /default-rack, certSerialId: null} reports an CLOSED replica.
2019-10-24 12:11:33,417 [BlockDeletingService#2] WARN  background.BlockDeletingService (BlockDeletingService.java:isDeletionAllowed(187)) - Close Container log Index 6 is not replicated across allthe servers in the pipeline 97cf7ea5-f2f0-44c7-b45b-eed279b04bd8 as the min replicated index is 4. Deletion is not allowed in this container yet.
2019-10-24 12:11:33,417 [BlockDeletingService#2] WARN  background.BlockDeletingService (BlockDeletingService.java:isDeletionAllowed(187)) - Close Container log Index 6 is not replicated across allthe servers in the pipeline 97cf7ea5-f2f0-44c7-b45b-eed279b04bd8 as the min replicated index is 4. Deletion is not allowed in this container yet.
2019-10-24 12:11:33,424 [EventQueue-ContainerReportForContainerReportHandler] WARN  container.ContainerReportHandler (AbstractContainerReportHandler.java:updateContainerState(145)) - Container #1 is in OPEN state, but the datanode 7f01d92b-bd13-46ba-b46f-c65517f7cb74{ip: 192.168.164.210, host: pr-hdds-2358-mdv8n-1797098514, networkLocation: /default-rack, certSerialId: null} reports an CLOSED replica.
2019-10-24 12:11:33,589 [EventQueue-ContainerReportForContainerReportHandler] WARN  container.ContainerReportHandler (AbstractContainerReportHandler.java:updateContainerState(145)) - Container #1 is in OPEN state, but the datanode c58683fb-6de7-4590-940d-14e09458c307{ip: 192.168.164.210, host: pr-hdds-2358-mdv8n-1797098514, networkLocation: /default-rack, certSerialId: null} reports an CLOSED replica.
2019-10-24 12:11:33,725 [EventQueue-ContainerReportForContainerReportHandler] WARN  container.ContainerReportHandler (AbstractContainerReportHandler.java:updateContainerState(145)) - Container #1 is in OPEN state, but the datanode 7f01d92b-bd13-46ba-b46f-c65517f7cb74{ip: 192.168.164.210, host: pr-hdds-2358-mdv8n-1797098514, networkLocation: /default-rack, certSerialId: null} reports an CLOSED replica.
2019-10-24 12:11:33,890 [EventQueue-ContainerReportForContainerReportHandler] WARN  container.ContainerReportHandler (AbstractContainerReportHandler.java:updateContainerState(145)) - Container #1 is in OPEN state, but the datanode c58683fb-6de7-4590-940d-14e09458c307{ip: 192.168.164.210, host: pr-hdds-2358-mdv8n-1797098514, networkLocation: /default-rack, certSerialId: null} reports an CLOSED replica.
2019-10-24 12:11:34,125 [EventQueue-ContainerReportForContainerReportHandler] WARN  container.ContainerReportHandler (AbstractContainerReportHandler.java:updateContainerState(145)) - Container #1 is in OPEN state, but the datanode 7f01d92b-bd13-46ba-b46f-c65517f7cb74{ip: 192.168.164.210, host: pr-hdds-2358-mdv8n-1797098514, networkLocation: /default-rack, certSerialId: null} reports an CLOSED replica.
2019-10-24 12:11:34,190 [EventQueue-ContainerReportForContainerReportHandler] WARN  container.ContainerReportHandler (AbstractContainerReportHandler.java:updateContainerState(145)) - Container #1 is in OPEN state, but the datanode c58683fb-6de7-4590-940d-14e09458c307{ip: 192.168.164.210, host: pr-hdds-2358-mdv8n-1797098514, networkLocation: /default-rack, certSerialId: null} reports an CLOSED replica.
2019-10-24 12:11:34,419 [BlockDeletingService#2] WARN  background.BlockDeletingService (BlockDeletingService.java:isDeletionAllowed(187)) - Close Container log Index 6 is not replicated across allthe servers in the pipeline 97cf7ea5-f2f0-44c7-b45b-eed279b04bd8 as the min replicated index is 4. Deletion is not allowed in this container yet.
2019-10-24 12:11:34,419 [BlockDeletingService#2] WARN  background.BlockDeletingService (BlockDeletingService.java:isDeletionAllowed(187)) - Close Container log Index 6 is not replicated across allthe servers in the pipeline 97cf7ea5-f2f0-44c7-b45b-eed279b04bd8 as the min replicated index is 4. Deletion is not allowed in this container yet.
2019-10-24 12:11:34,426 [EventQueue-ContainerReportForContainerReportHandler] WARN  container.ContainerReportHandler (AbstractContainerReportHandler.java:updateContainerState(145)) - Container #1 is in OPEN state, but the datanode 7f01d92b-bd13-46ba-b46f-c65517f7cb74{ip: 192.168.164.210, host: pr-hdds-2358-mdv8n-1797098514, networkLocation: /default-rack, certSerialId: null} reports an CLOSED replica.
2019-10-24 12:11:34,443 [java.util.concurrent.ThreadPoolExecutor$Worker@53c23726[State = -1, empty queue]] WARN  server.GrpcLogAppender (GrpcLogAppender.java:timeoutAppendRequest(209)) - c58683fb-6de7-4590-940d-14e09458c307@group-EED279B04BD8->b0079d05-68ff-4074-a89c-94d611ddbdcd-GrpcLogAppender: appendEntries Timeout, request=c58683fb-6de7-4590-940d-14e09458c307->b0079d05-68ff-4074-a89c-94d611ddbdcd#31-t1, previous=(t:1, i:10), leaderCommit=10, initializing? false, entries: <empty>
2019-10-24 12:11:34,591 [EventQueue-ContainerReportForContainerReportHandler] WARN  container.ContainerReportHandler (AbstractContainerReportHandler.java:updateContainerState(145)) - Container #1 is in OPEN state, but the datanode c58683fb-6de7-4590-940d-14e09458c307{ip: 192.168.164.210, host: pr-hdds-2358-mdv8n-1797098514, networkLocation: /default-rack, certSerialId: null} reports an CLOSED replica.
2019-10-24 12:11:34,682 [Thread-379] INFO  client.GrpcClientProtocolService (GrpcClientProtocolService.java:lambda$processClientRequest$0(279)) - Failed RaftClientRequest:client-A2BC9D366054->c58683fb-6de7-4590-940d-14e09458c307@group-EED279B04BD8, cid=10, seq=0, Watch-ALL_COMMITTED(6), Message:<EMPTY>, reply=RaftClientReply:client-A2BC9D366054->c58683fb-6de7-4590-940d-14e09458c307@group-EED279B04BD8, cid=10, FAILED org.apache.ratis.protocol.NotReplicatedException: Request with call Id 10 and log index 6 is not yet replicated to ALL_COMMITTED, logIndex=6, commits[c58683fb-6de7-4590-940d-14e09458c307:c10, b0079d05-68ff-4074-a89c-94d611ddbdcd:c4, 7f01d92b-bd13-46ba-b46f-c65517f7cb74:c10]
2019-10-24 12:11:34,825 [EventQueue-ContainerReportForContainerReportHandler] WARN  container.ContainerReportHandler (AbstractContainerReportHandler.java:updateContainerState(145)) - Container #1 is in OPEN state, but the datanode 7f01d92b-bd13-46ba-b46f-c65517f7cb74{ip: 192.168.164.210, host: pr-hdds-2358-mdv8n-1797098514, networkLocation: /default-rack, certSerialId: null} reports an CLOSED replica.
2019-10-24 12:11:34,991 [EventQueue-ContainerReportForContainerReportHandler] WARN  container.ContainerReportHandler (AbstractContainerReportHandler.java:updateContainerState(145)) - Container #1 is in OPEN state, but the datanode c58683fb-6de7-4590-940d-14e09458c307{ip: 192.168.164.210, host: pr-hdds-2358-mdv8n-1797098514, networkLocation: /default-rack, certSerialId: null} reports an CLOSED replica.
2019-10-24 12:11:35,126 [EventQueue-ContainerReportForContainerReportHandler] WARN  container.ContainerReportHandler (AbstractContainerReportHandler.java:updateContainerState(145)) - Container #1 is in OPEN state, but the datanode 7f01d92b-bd13-46ba-b46f-c65517f7cb74{ip: 192.168.164.210, host: pr-hdds-2358-mdv8n-1797098514, networkLocation: /default-rack, certSerialId: null} reports an CLOSED replica.
2019-10-24 12:11:35,292 [EventQueue-ContainerReportForContainerReportHandler] WARN  container.ContainerReportHandler (AbstractContainerReportHandler.java:updateContainerState(145)) - Container #1 is in OPEN state, but the datanode c58683fb-6de7-4590-940d-14e09458c307{ip: 192.168.164.210, host: pr-hdds-2358-mdv8n-1797098514, networkLocation: /default-rack, certSerialId: null} reports an CLOSED replica.
2019-10-24 12:11:35,420 [BlockDeletingService#2] WARN  background.BlockDeletingService (BlockDeletingService.java:isDeletionAllowed(187)) - Close Container log Index 6 is not replicated across allthe servers in the pipeline 97cf7ea5-f2f0-44c7-b45b-eed279b04bd8 as the min replicated index is 4. Deletion is not allowed in this container yet.
2019-10-24 12:11:35,422 [BlockDeletingService#2] WARN  background.BlockDeletingService (BlockDeletingService.java:isDeletionAllowed(187)) - Close Container log Index 6 is not replicated across allthe servers in the pipeline 97cf7ea5-f2f0-44c7-b45b-eed279b04bd8 as the min replicated index is 4. Deletion is not allowed in this container yet.
2019-10-24 12:11:35,425 [EventQueue-ContainerReportForContainerReportHandler] WARN  container.ContainerReportHandler (AbstractContainerReportHandler.java:updateContainerState(145)) - Container #1 is in OPEN state, but the datanode 7f01d92b-bd13-46ba-b46f-c65517f7cb74{ip: 192.168.164.210, host: pr-hdds-2358-mdv8n-1797098514, networkLocation: /default-rack, certSerialId: null} reports an CLOSED replica.
2019-10-24 12:11:35,692 [EventQueue-ContainerReportForContainerReportHandler] WARN  container.ContainerReportHandler (AbstractContainerReportHandler.java:updateContainerState(145)) - Container #1 is in OPEN state, but the datanode c58683fb-6de7-4590-940d-14e09458c307{ip: 192.168.164.210, host: pr-hdds-2358-mdv8n-1797098514, networkLocation: /default-rack, certSerialId: null} reports an CLOSED replica.
2019-10-24 12:11:35,726 [EventQueue-ContainerReportForContainerReportHandler] WARN  container.ContainerReportHandler (AbstractContainerReportHandler.java:updateContainerState(145)) - Container #1 is in OPEN state, but the datanode 7f01d92b-bd13-46ba-b46f-c65517f7cb74{ip: 192.168.164.210, host: pr-hdds-2358-mdv8n-1797098514, networkLocation: /default-rack, certSerialId: null} reports an CLOSED replica.
2019-10-24 12:11:35,993 [EventQueue-ContainerReportForContainerReportHandler] WARN  container.ContainerReportHandler (AbstractContainerReportHandler.java:updateContainerState(145)) - Container #1 is in OPEN state, but the datanode c58683fb-6de7-4590-940d-14e09458c307{ip: 192.168.164.210, host: pr-hdds-2358-mdv8n-1797098514, networkLocation: /default-rack, certSerialId: null} reports an CLOSED replica.
2019-10-24 12:11:36,026 [EventQueue-ContainerReportForContainerReportHandler] WARN  container.ContainerReportHandler (AbstractContainerReportHandler.java:updateContainerState(145)) - Container #1 is in OPEN state, but the datanode 7f01d92b-bd13-46ba-b46f-c65517f7cb74{ip: 192.168.164.210, host: pr-hdds-2358-mdv8n-1797098514, networkLocation: /default-rack, certSerialId: null} reports an CLOSED replica.
2019-10-24 12:11:36,294 [EventQueue-ContainerReportForContainerReportHandler] WARN  container.ContainerReportHandler (AbstractContainerReportHandler.java:updateContainerState(145)) - Container #1 is in OPEN state, but the datanode c58683fb-6de7-4590-940d-14e09458c307{ip: 192.168.164.210, host: pr-hdds-2358-mdv8n-1797098514, networkLocation: /default-rack, certSerialId: null} reports an CLOSED replica.
2019-10-24 12:11:36,325 [EventQueue-ContainerReportForContainerReportHandler] WARN  container.ContainerReportHandler (AbstractContainerReportHandler.java:updateContainerState(145)) - Container #1 is in OPEN state, but the datanode 7f01d92b-bd13-46ba-b46f-c65517f7cb74{ip: 192.168.164.210, host: pr-hdds-2358-mdv8n-1797098514, networkLocation: /default-rack, certSerialId: null} reports an CLOSED replica.
2019-10-24 12:11:36,425 [BlockDeletingService#2] WARN  background.BlockDeletingService (BlockDeletingService.java:isDeletionAllowed(187)) - Close Container log Index 6 is not replicated across allthe servers in the pipeline 97cf7ea5-f2f0-44c7-b45b-eed279b04bd8 as the min replicated index is 4. Deletion is not allowed in this container yet.
2019-10-24 12:11:36,425 [BlockDeletingService#2] WARN  background.BlockDeletingService (BlockDeletingService.java:isDeletionAllowed(187)) - Close Container log Index 6 is not replicated across allthe servers in the pipeline 97cf7ea5-f2f0-44c7-b45b-eed279b04bd8 as the min replicated index is 4. Deletion is not allowed in this container yet.
2019-10-24 12:11:36,625 [EventQueue-ContainerReportForContainerReportHandler] WARN  container.ContainerReportHandler (AbstractContainerReportHandler.java:updateContainerState(145)) - Container #1 is in OPEN state, but the datanode 7f01d92b-bd13-46ba-b46f-c65517f7cb74{ip: 192.168.164.210, host: pr-hdds-2358-mdv8n-1797098514, networkLocation: /default-rack, certSerialId: null} reports an CLOSED replica.
2019-10-24 12:11:36,696 [EventQueue-ContainerReportForContainerReportHandler] WARN  container.ContainerReportHandler (AbstractContainerReportHandler.java:updateContainerState(145)) - Container #1 is in OPEN state, but the datanode c58683fb-6de7-4590-940d-14e09458c307{ip: 192.168.164.210, host: pr-hdds-2358-mdv8n-1797098514, networkLocation: /default-rack, certSerialId: null} reports an CLOSED replica.
2019-10-24 12:11:36,897 [EventQueue-ContainerReportForContainerReportHandler] WARN  container.ContainerReportHandler (AbstractContainerReportHandler.java:updateContainerState(145)) - Container #1 is in OPEN state, but the datanode c58683fb-6de7-4590-940d-14e09458c307{ip: 192.168.164.210, host: pr-hdds-2358-mdv8n-1797098514, networkLocation: /default-rack, certSerialId: null} reports an CLOSED replica.
2019-10-24 12:11:36,925 [EventQueue-ContainerReportForContainerReportHandler] WARN  container.ContainerReportHandler (AbstractContainerReportHandler.java:updateContainerState(145)) - Container #1 is in OPEN state, but the datanode 7f01d92b-bd13-46ba-b46f-c65517f7cb74{ip: 192.168.164.210, host: pr-hdds-2358-mdv8n-1797098514, networkLocation: /default-rack, certSerialId: null} reports an CLOSED replica.
2019-10-24 12:11:36,945 [java.util.concurrent.ThreadPoolExecutor$Worker@53c23726[State = -1, empty queue]] WARN  server.GrpcLogAppender (GrpcLogAppender.java:timeoutAppendRequest(209)) - c58683fb-6de7-4590-940d-14e09458c307@group-EED279B04BD8->b0079d05-68ff-4074-a89c-94d611ddbdcd-GrpcLogAppender: appendEntries Timeout, request=c58683fb-6de7-4590-940d-14e09458c307->b0079d05-68ff-4074-a89c-94d611ddbdcd#32-t1, previous=(t:1, i:10), leaderCommit=10, initializing? false, entries: <empty>
2019-10-24 12:11:37,097 [EventQueue-ContainerReportForContainerReportHandler] WARN  container.ContainerReportHandler (AbstractContainerReportHandler.java:updateContainerState(145)) - Container #1 is in OPEN state, but the datanode c58683fb-6de7-4590-940d-14e09458c307{ip: 192.168.164.210, host: pr-hdds-2358-mdv8n-1797098514, networkLocation: /default-rack, certSerialId: null} reports an CLOSED replica.
2019-10-24 12:11:37,125 [EventQueue-ContainerReportForContainerReportHandler] WARN  container.ContainerReportHandler (AbstractContainerReportHandler.java:updateContainerState(145)) - Container #1 is in OPEN state, but the datanode 7f01d92b-bd13-46ba-b46f-c65517f7cb74{ip: 192.168.164.210, host: pr-hdds-2358-mdv8n-1797098514, networkLocation: /default-rack, certSerialId: null} reports an CLOSED replica.
2019-10-24 12:11:37,397 [EventQueue-ContainerReportForContainerReportHandler] WARN  container.ContainerReportHandler (AbstractContainerReportHandler.java:updateContainerState(145)) - Container #1 is in OPEN state, but the datanode c58683fb-6de7-4590-940d-14e09458c307{ip: 192.168.164.210, host: pr-hdds-2358-mdv8n-1797098514, networkLocation: /default-rack, certSerialId: null} reports an CLOSED replica.
2019-10-24 12:11:37,426 [EventQueue-ContainerReportForContainerReportHandler] WARN  container.ContainerReportHandler (AbstractContainerReportHandler.java:updateContainerState(145)) - Container #1 is in OPEN state, but the datanode 7f01d92b-bd13-46ba-b46f-c65517f7cb74{ip: 192.168.164.210, host: pr-hdds-2358-mdv8n-1797098514, networkLocation: /default-rack, certSerialId: null} reports an CLOSED replica.
2019-10-24 12:11:37,427 [BlockDeletingService#2] WARN  background.BlockDeletingService (BlockDeletingService.java:isDeletionAllowed(187)) - Close Container log Index 6 is not replicated across allthe servers in the pipeline 97cf7ea5-f2f0-44c7-b45b-eed279b04bd8 as the min replicated index is 4. Deletion is not allowed in this container yet.
2019-10-24 12:11:37,427 [BlockDeletingService#2] WARN  background.BlockDeletingService (BlockDeletingService.java:isDeletionAllowed(187)) - Close Container log Index 6 is not replicated across allthe servers in the pipeline 97cf7ea5-f2f0-44c7-b45b-eed279b04bd8 as the min replicated index is 4. Deletion is not allowed in this container yet.
2019-10-24 12:11:37,626 [EventQueue-ContainerReportForContainerReportHandler] WARN  container.ContainerReportHandler (AbstractContainerReportHandler.java:updateContainerState(145)) - Container #1 is in OPEN state, but the datanode 7f01d92b-bd13-46ba-b46f-c65517f7cb74{ip: 192.168.164.210, host: pr-hdds-2358-mdv8n-1797098514, networkLocation: /default-rack, certSerialId: null} reports an CLOSED replica.
2019-10-24 12:11:37,697 [EventQueue-ContainerReportForContainerReportHandler] WARN  container.ContainerReportHandler (AbstractContainerReportHandler.java:updateContainerState(145)) - Container #1 is in OPEN state, but the datanode c58683fb-6de7-4590-940d-14e09458c307{ip: 192.168.164.210, host: pr-hdds-2358-mdv8n-1797098514, networkLocation: /default-rack, certSerialId: null} reports an CLOSED replica.
2019-10-24 12:11:37,997 [EventQueue-ContainerReportForContainerReportHandler] WARN  container.ContainerReportHandler (AbstractContainerReportHandler.java:updateContainerState(145)) - Container #1 is in OPEN state, but the datanode c58683fb-6de7-4590-940d-14e09458c307{ip: 192.168.164.210, host: pr-hdds-2358-mdv8n-1797098514, networkLocation: /default-rack, certSerialId: null} reports an CLOSED replica.
2019-10-24 12:11:38,026 [EventQueue-ContainerReportForContainerReportHandler] WARN  container.ContainerReportHandler (AbstractContainerReportHandler.java:updateContainerState(145)) - Container #1 is in OPEN state, but the datanode 7f01d92b-bd13-46ba-b46f-c65517f7cb74{ip: 192.168.164.210, host: pr-hdds-2358-mdv8n-1797098514, networkLocation: /default-rack, certSerialId: null} reports an CLOSED replica.
2019-10-24 12:11:38,326 [EventQueue-ContainerReportForContainerReportHandler] WARN  container.ContainerReportHandler (AbstractContainerReportHandler.java:updateContainerState(145)) - Container #1 is in OPEN state, but the datanode 7f01d92b-bd13-46ba-b46f-c65517f7cb74{ip: 192.168.164.210, host: pr-hdds-2358-mdv8n-1797098514, networkLocation: /default-rack, certSerialId: null} reports an CLOSED replica.
2019-10-24 12:11:38,398 [EventQueue-ContainerReportForContainerReportHandler] WARN  container.ContainerReportHandler (AbstractContainerReportHandler.java:updateContainerState(145)) - Container #1 is in OPEN state, but the datanode c58683fb-6de7-4590-940d-14e09458c307{ip: 192.168.164.210, host: pr-hdds-2358-mdv8n-1797098514, networkLocation: /default-rack, certSerialId: null} reports an CLOSED replica.
2019-10-24 12:11:38,431 [BlockDeletingService#2] WARN  background.BlockDeletingService (BlockDeletingService.java:isDeletionAllowed(187)) - Close Container log Index 6 is not replicated across allthe servers in the pipeline 97cf7ea5-f2f0-44c7-b45b-eed279b04bd8 as the min replicated index is 4. Deletion is not allowed in this container yet.
2019-10-24 12:11:38,431 [BlockDeletingService#2] WARN  background.BlockDeletingService (BlockDeletingService.java:isDeletionAllowed(187)) - Close Container log Index 6 is not replicated across allthe servers in the pipeline 97cf7ea5-f2f0-44c7-b45b-eed279b04bd8 as the min replicated index is 4. Deletion is not allowed in this container yet.
2019-10-24 12:11:38,598 [EventQueue-ContainerReportForContainerReportHandler] WARN  container.ContainerReportHandler (AbstractContainerReportHandler.java:updateContainerState(145)) - Container #1 is in OPEN state, but the datanode c58683fb-6de7-4590-940d-14e09458c307{ip: 192.168.164.210, host: pr-hdds-2358-mdv8n-1797098514, networkLocation: /default-rack, certSerialId: null} reports an CLOSED replica.
2019-10-24 12:11:38,625 [EventQueue-ContainerReportForContainerReportHandler] WARN  container.ContainerReportHandler (AbstractContainerReportHandler.java:updateContainerState(145)) - Container #1 is in OPEN state, but the datanode 7f01d92b-bd13-46ba-b46f-c65517f7cb74{ip: 192.168.164.210, host: pr-hdds-2358-mdv8n-1797098514, networkLocation: /default-rack, certSerialId: null} reports an CLOSED replica.
2019-10-24 12:11:38,798 [EventQueue-ContainerReportForContainerReportHandler] WARN  container.ContainerReportHandler (AbstractContainerReportHandler.java:updateContainerState(145)) - Container #1 is in OPEN state, but the datanode c58683fb-6de7-4590-940d-14e09458c307{ip: 192.168.164.210, host: pr-hdds-2358-mdv8n-1797098514, networkLocation: /default-rack, certSerialId: null} reports an CLOSED replica.
2019-10-24 12:11:38,998 [EventQueue-ContainerReportForContainerReportHandler] WARN  container.ContainerReportHandler (AbstractContainerReportHandler.java:updateContainerState(145)) - Container #1 is in OPEN state, but the datanode c58683fb-6de7-4590-940d-14e09458c307{ip: 192.168.164.210, host: pr-hdds-2358-mdv8n-1797098514, networkLocation: /default-rack, certSerialId: null} reports an CLOSED replica.
2019-10-24 12:11:39,026 [EventQueue-ContainerReportForContainerReportHandler] WARN  container.ContainerReportHandler (AbstractContainerReportHandler.java:updateContainerState(145)) - Container #1 is in OPEN state, but the datanode 7f01d92b-bd13-46ba-b46f-c65517f7cb74{ip: 192.168.164.210, host: pr-hdds-2358-mdv8n-1797098514, networkLocation: /default-rack, certSerialId: null} reports an CLOSED replica.
2019-10-24 12:11:39,326 [EventQueue-ContainerReportForContainerReportHandler] WARN  container.ContainerReportHandler (AbstractContainerReportHandler.java:updateContainerState(145)) - Container #1 is in OPEN state, but the datanode 7f01d92b-bd13-46ba-b46f-c65517f7cb74{ip: 192.168.164.210, host: pr-hdds-2358-mdv8n-1797098514, networkLocation: /default-rack, certSerialId: null} reports an CLOSED replica.
2019-10-24 12:11:39,399 [EventQueue-ContainerReportForContainerReportHandler] WARN  container.ContainerReportHandler (AbstractContainerReportHandler.java:updateContainerState(145)) - Container #1 is in OPEN state, but the datanode c58683fb-6de7-4590-940d-14e09458c307{ip: 192.168.164.210, host: pr-hdds-2358-mdv8n-1797098514, networkLocation: /default-rack, certSerialId: null} reports an CLOSED replica.
2019-10-24 12:11:39,433 [BlockDeletingService#2] WARN  background.BlockDeletingService (BlockDeletingService.java:isDeletionAllowed(187)) - Close Container log Index 6 is not replicated across allthe servers in the pipeline 97cf7ea5-f2f0-44c7-b45b-eed279b04bd8 as the min replicated index is 4. Deletion is not allowed in this container yet.
2019-10-24 12:11:39,433 [BlockDeletingService#2] WARN  background.BlockDeletingService (BlockDeletingService.java:isDeletionAllowed(187)) - Close Container log Index 6 is not replicated across allthe servers in the pipeline 97cf7ea5-f2f0-44c7-b45b-eed279b04bd8 as the min replicated index is 4. Deletion is not allowed in this container yet.
2019-10-24 12:11:39,447 [java.util.concurrent.ThreadPoolExecutor$Worker@53c23726[State = -1, empty queue]] WARN  server.GrpcLogAppender (GrpcLogAppender.java:timeoutAppendRequest(209)) - c58683fb-6de7-4590-940d-14e09458c307@group-EED279B04BD8->b0079d05-68ff-4074-a89c-94d611ddbdcd-GrpcLogAppender: appendEntries Timeout, request=c58683fb-6de7-4590-940d-14e09458c307->b0079d05-68ff-4074-a89c-94d611ddbdcd#33-t1, previous=(t:1, i:10), leaderCommit=10, initializing? false, entries: <empty>
2019-10-24 12:11:39,526 [EventQueue-ContainerReportForContainerReportHandler] WARN  container.ContainerReportHandler (AbstractContainerReportHandler.java:updateContainerState(145)) - Container #1 is in OPEN state, but the datanode 7f01d92b-bd13-46ba-b46f-c65517f7cb74{ip: 192.168.164.210, host: pr-hdds-2358-mdv8n-1797098514, networkLocation: /default-rack, certSerialId: null} reports an CLOSED replica.
2019-10-24 12:11:39,602 [EventQueue-ContainerReportForContainerReportHandler] WARN  container.ContainerReportHandler (AbstractContainerReportHandler.java:updateContainerState(145)) - Container #1 is in OPEN state, but the datanode c58683fb-6de7-4590-940d-14e09458c307{ip: 192.168.164.210, host: pr-hdds-2358-mdv8n-1797098514, networkLocation: /default-rack, certSerialId: null} reports an CLOSED replica.
2019-10-24 12:11:39,926 [EventQueue-ContainerReportForContainerReportHandler] WARN  container.ContainerReportHandler (AbstractContainerReportHandler.java:updateContainerState(145)) - Container #1 is in OPEN state, but the datanode 7f01d92b-bd13-46ba-b46f-c65517f7cb74{ip: 192.168.164.210, host: pr-hdds-2358-mdv8n-1797098514, networkLocation: /default-rack, certSerialId: null} reports an CLOSED replica.
2019-10-24 12:11:40,004 [EventQueue-ContainerReportForContainerReportHandler] WARN  container.ContainerReportHandler (AbstractContainerReportHandler.java:updateContainerState(145)) - Container #1 is in OPEN state, but the datanode c58683fb-6de7-4590-940d-14e09458c307{ip: 192.168.164.210, host: pr-hdds-2358-mdv8n-1797098514, networkLocation: /default-rack, certSerialId: null} reports an CLOSED replica.
2019-10-24 12:11:40,204 [EventQueue-ContainerReportForContainerReportHandler] WARN  container.ContainerReportHandler (AbstractContainerReportHandler.java:updateContainerState(145)) - Container #1 is in OPEN state, but the datanode c58683fb-6de7-4590-940d-14e09458c307{ip: 192.168.164.210, host: pr-hdds-2358-mdv8n-1797098514, networkLocation: /default-rack, certSerialId: null} reports an CLOSED replica.
2019-10-24 12:11:40,226 [EventQueue-ContainerReportForContainerReportHandler] WARN  container.ContainerReportHandler (AbstractContainerReportHandler.java:updateContainerState(145)) - Container #1 is in OPEN state, but the datanode 7f01d92b-bd13-46ba-b46f-c65517f7cb74{ip: 192.168.164.210, host: pr-hdds-2358-mdv8n-1797098514, networkLocation: /default-rack, certSerialId: null} reports an CLOSED replica.
2019-10-24 12:11:40,405 [EventQueue-ContainerReportForContainerReportHandler] WARN  container.ContainerReportHandler (AbstractContainerReportHandler.java:updateContainerState(145)) - Container #1 is in OPEN state, but the datanode c58683fb-6de7-4590-940d-14e09458c307{ip: 192.168.164.210, host: pr-hdds-2358-mdv8n-1797098514, networkLocation: /default-rack, certSerialId: null} reports an CLOSED replica.
2019-10-24 12:11:40,437 [BlockDeletingService#2] WARN  background.BlockDeletingService (BlockDeletingService.java:isDeletionAllowed(187)) - Close Container log Index 6 is not replicated across allthe servers in the pipeline 97cf7ea5-f2f0-44c7-b45b-eed279b04bd8 as the min replicated index is 4. Deletion is not allowed in this container yet.
2019-10-24 12:11:40,437 [BlockDeletingService#2] WARN  background.BlockDeletingService (BlockDeletingService.java:isDeletionAllowed(187)) - Close Container log Index 6 is not replicated across allthe servers in the pipeline 97cf7ea5-f2f0-44c7-b45b-eed279b04bd8 as the min replicated index is 4. Deletion is not allowed in this container yet.
2019-10-24 12:11:40,526 [EventQueue-ContainerReportForContainerReportHandler] WARN  container.ContainerReportHandler (AbstractContainerReportHandler.java:updateContainerState(145)) - Container #1 is in OPEN state, but the datanode 7f01d92b-bd13-46ba-b46f-c65517f7cb74{ip: 192.168.164.210, host: pr-hdds-2358-mdv8n-1797098514, networkLocation: /default-rack, certSerialId: null} reports an CLOSED replica.
2019-10-24 12:11:40,726 [EventQueue-ContainerReportForContainerReportHandler] WARN  container.ContainerReportHandler (AbstractContainerReportHandler.java:updateContainerState(145)) - Container #1 is in OPEN state, but the datanode 7f01d92b-bd13-46ba-b46f-c65517f7cb74{ip: 192.168.164.210, host: pr-hdds-2358-mdv8n-1797098514, networkLocation: /default-rack, certSerialId: null} reports an CLOSED replica.
2019-10-24 12:11:40,806 [EventQueue-ContainerReportForContainerReportHandler] WARN  container.ContainerReportHandler (AbstractContainerReportHandler.java:updateContainerState(145)) - Container #1 is in OPEN state, but the datanode c58683fb-6de7-4590-940d-14e09458c307{ip: 192.168.164.210, host: pr-hdds-2358-mdv8n-1797098514, networkLocation: /default-rack, certSerialId: null} reports an CLOSED replica.
2019-10-24 12:11:41,026 [EventQueue-ContainerReportForContainerReportHandler] WARN  container.ContainerReportHandler (AbstractContainerReportHandler.java:updateContainerState(145)) - Container #1 is in OPEN state, but the datanode 7f01d92b-bd13-46ba-b46f-c65517f7cb74{ip: 192.168.164.210, host: pr-hdds-2358-mdv8n-1797098514, networkLocation: /default-rack, certSerialId: null} reports an CLOSED replica.
2019-10-24 12:11:41,107 [EventQueue-ContainerReportForContainerReportHandler] WARN  container.ContainerReportHandler (AbstractContainerReportHandler.java:updateContainerState(145)) - Container #1 is in OPEN state, but the datanode c58683fb-6de7-4590-940d-14e09458c307{ip: 192.168.164.210, host: pr-hdds-2358-mdv8n-1797098514, networkLocation: /default-rack, certSerialId: null} reports an CLOSED replica.
2019-10-24 12:11:41,325 [EventQueue-ContainerReportForContainerReportHandler] WARN  container.ContainerReportHandler (AbstractContainerReportHandler.java:updateContainerState(145)) - Container #1 is in OPEN state, but the datanode 7f01d92b-bd13-46ba-b46f-c65517f7cb74{ip: 192.168.164.210, host: pr-hdds-2358-mdv8n-1797098514, networkLocation: /default-rack, certSerialId: null} reports an CLOSED replica.
2019-10-24 12:11:41,406 [EventQueue-ContainerReportForContainerReportHandler] WARN  container.ContainerReportHandler (AbstractContainerReportHandler.java:updateContainerState(145)) - Container #1 is in OPEN state, but the datanode c58683fb-6de7-4590-940d-14e09458c307{ip: 192.168.164.210, host: pr-hdds-2358-mdv8n-1797098514, networkLocation: /default-rack, certSerialId: null} reports an CLOSED replica.
2019-10-24 12:11:41,438 [BlockDeletingService#2] WARN  background.BlockDeletingService (BlockDeletingService.java:isDeletionAllowed(187)) - Close Container log Index 6 is not replicated across allthe servers in the pipeline 97cf7ea5-f2f0-44c7-b45b-eed279b04bd8 as the min replicated index is 4. Deletion is not allowed in this container yet.
2019-10-24 12:11:41,439 [BlockDeletingService#2] WARN  background.BlockDeletingService (BlockDeletingService.java:isDeletionAllowed(187)) - Close Container log Index 6 is not replicated across allthe servers in the pipeline 97cf7ea5-f2f0-44c7-b45b-eed279b04bd8 as the min replicated index is 4. Deletion is not allowed in this container yet.
2019-10-24 12:11:41,708 [EventQueue-ContainerReportForContainerReportHandler] WARN  container.ContainerReportHandler (AbstractContainerReportHandler.java:updateContainerState(145)) - Container #1 is in OPEN state, but the datanode c58683fb-6de7-4590-940d-14e09458c307{ip: 192.168.164.210, host: pr-hdds-2358-mdv8n-1797098514, networkLocation: /default-rack, certSerialId: null} reports an CLOSED replica.
2019-10-24 12:11:41,726 [EventQueue-ContainerReportForContainerReportHandler] WARN  container.ContainerReportHandler (AbstractContainerReportHandler.java:updateContainerState(145)) - Container #1 is in OPEN state, but the datanode 7f01d92b-bd13-46ba-b46f-c65517f7cb74{ip: 192.168.164.210, host: pr-hdds-2358-mdv8n-1797098514, networkLocation: /default-rack, certSerialId: null} reports an CLOSED replica.
2019-10-24 12:11:41,925 [EventQueue-ContainerReportForContainerReportHandler] WARN  container.ContainerReportHandler (AbstractContainerReportHandler.java:updateContainerState(145)) - Container #1 is in OPEN state, but the datanode 7f01d92b-bd13-46ba-b46f-c65517f7cb74{ip: 192.168.164.210, host: pr-hdds-2358-mdv8n-1797098514, networkLocation: /default-rack, certSerialId: null} reports an CLOSED replica.
2019-10-24 12:11:41,949 [java.util.concurrent.ThreadPoolExecutor$Worker@53c23726[State = -1, empty queue]] WARN  server.GrpcLogAppender (GrpcLogAppender.java:timeoutAppendRequest(209)) - c58683fb-6de7-4590-940d-14e09458c307@group-EED279B04BD8->b0079d05-68ff-4074-a89c-94d611ddbdcd-GrpcLogAppender: appendEntries Timeout, request=c58683fb-6de7-4590-940d-14e09458c307->b0079d05-68ff-4074-a89c-94d611ddbdcd#34-t1, previous=(t:1, i:10), leaderCommit=10, initializing? false, entries: <empty>
2019-10-24 12:11:42,007 [EventQueue-ContainerReportForContainerReportHandler] WARN  container.ContainerReportHandler (AbstractContainerReportHandler.java:updateContainerState(145)) - Container #1 is in OPEN state, but the datanode c58683fb-6de7-4590-940d-14e09458c307{ip: 192.168.164.210, host: pr-hdds-2358-mdv8n-1797098514, networkLocation: /default-rack, certSerialId: null} reports an CLOSED replica.
2019-10-24 12:11:42,225 [EventQueue-ContainerReportForContainerReportHandler] WARN  container.ContainerReportHandler (AbstractContainerReportHandler.java:updateContainerState(145)) - Container #1 is in OPEN state, but the datanode 7f01d92b-bd13-46ba-b46f-c65517f7cb74{ip: 192.168.164.210, host: pr-hdds-2358-mdv8n-1797098514, networkLocation: /default-rack, certSerialId: null} reports an CLOSED replica.
2019-10-24 12:11:42,308 [EventQueue-ContainerReportForContainerReportHandler] WARN  container.ContainerReportHandler (AbstractContainerReportHandler.java:updateContainerState(145)) - Container #1 is in OPEN state, but the datanode c58683fb-6de7-4590-940d-14e09458c307{ip: 192.168.164.210, host: pr-hdds-2358-mdv8n-1797098514, networkLocation: /default-rack, certSerialId: null} reports an CLOSED replica.
2019-10-24 12:11:42,425 [EventQueue-ContainerReportForContainerReportHandler] WARN  container.ContainerReportHandler (AbstractContainerReportHandler.java:updateContainerState(145)) - Container #1 is in OPEN state, but the datanode 7f01d92b-bd13-46ba-b46f-c65517f7cb74{ip: 192.168.164.210, host: pr-hdds-2358-mdv8n-1797098514, networkLocation: /default-rack, certSerialId: null} reports an CLOSED replica.
2019-10-24 12:11:42,441 [BlockDeletingService#2] WARN  background.BlockDeletingService (BlockDeletingService.java:isDeletionAllowed(187)) - Close Container log Index 6 is not replicated across allthe servers in the pipeline 97cf7ea5-f2f0-44c7-b45b-eed279b04bd8 as the min replicated index is 4. Deletion is not allowed in this container yet.
2019-10-24 12:11:42,441 [BlockDeletingService#2] WARN  background.BlockDeletingService (BlockDeletingService.java:isDeletionAllowed(187)) - Close Container log Index 6 is not replicated across allthe servers in the pipeline 97cf7ea5-f2f0-44c7-b45b-eed279b04bd8 as the min replicated index is 4. Deletion is not allowed in this container yet.
2019-10-24 12:11:42,611 [EventQueue-ContainerReportForContainerReportHandler] WARN  container.ContainerReportHandler (AbstractContainerReportHandler.java:updateContainerState(145)) - Container #1 is in OPEN state, but the datanode c58683fb-6de7-4590-940d-14e09458c307{ip: 192.168.164.210, host: pr-hdds-2358-mdv8n-1797098514, networkLocation: /default-rack, certSerialId: null} reports an CLOSED replica.
2019-10-24 12:11:42,726 [EventQueue-ContainerReportForContainerReportHandler] WARN  container.ContainerReportHandler (AbstractContainerReportHandler.java:updateContainerState(145)) - Container #1 is in OPEN state, but the datanode 7f01d92b-bd13-46ba-b46f-c65517f7cb74{ip: 192.168.164.210, host: pr-hdds-2358-mdv8n-1797098514, networkLocation: /default-rack, certSerialId: null} reports an CLOSED replica.
2019-10-24 12:11:42,909 [EventQueue-ContainerReportForContainerReportHandler] WARN  container.ContainerReportHandler (AbstractContainerReportHandler.java:updateContainerState(145)) - Container #1 is in OPEN state, but the datanode c58683fb-6de7-4590-940d-14e09458c307{ip: 192.168.164.210, host: pr-hdds-2358-mdv8n-1797098514, networkLocation: /default-rack, certSerialId: null} reports an CLOSED replica.
2019-10-24 12:11:43,026 [EventQueue-ContainerReportForContainerReportHandler] WARN  container.ContainerReportHandler (AbstractContainerReportHandler.java:updateContainerState(145)) - Container #1 is in OPEN state, but the datanode 7f01d92b-bd13-46ba-b46f-c65517f7cb74{ip: 192.168.164.210, host: pr-hdds-2358-mdv8n-1797098514, networkLocation: /default-rack, certSerialId: null} reports an CLOSED replica.
2019-10-24 12:11:43,110 [EventQueue-ContainerReportForContainerReportHandler] WARN  container.ContainerReportHandler (AbstractContainerReportHandler.java:updateContainerState(145)) - Container #1 is in OPEN state, but the datanode c58683fb-6de7-4590-940d-14e09458c307{ip: 192.168.164.210, host: pr-hdds-2358-mdv8n-1797098514, networkLocation: /default-rack, certSerialId: null} reports an CLOSED replica.
2019-10-24 12:11:43,410 [EventQueue-ContainerReportForContainerReportHandler] WARN  container.ContainerReportHandler (AbstractContainerReportHandler.java:updateContainerState(145)) - Container #1 is in OPEN state, but the datanode c58683fb-6de7-4590-940d-14e09458c307{ip: 192.168.164.210, host: pr-hdds-2358-mdv8n-1797098514, networkLocation: /default-rack, certSerialId: null} reports an CLOSED replica.
2019-10-24 12:11:43,425 [EventQueue-ContainerReportForContainerReportHandler] WARN  container.ContainerReportHandler (AbstractContainerReportHandler.java:updateContainerState(145)) - Container #1 is in OPEN state, but the datanode 7f01d92b-bd13-46ba-b46f-c65517f7cb74{ip: 192.168.164.210, host: pr-hdds-2358-mdv8n-1797098514, networkLocation: /default-rack, certSerialId: null} reports an CLOSED replica.
2019-10-24 12:11:43,444 [BlockDeletingService#2] WARN  background.BlockDeletingService (BlockDeletingService.java:isDeletionAllowed(187)) - Close Container log Index 6 is not replicated across allthe servers in the pipeline 97cf7ea5-f2f0-44c7-b45b-eed279b04bd8 as the min replicated index is 4. Deletion is not allowed in this container yet.
2019-10-24 12:11:43,444 [BlockDeletingService#2] WARN  background.BlockDeletingService (BlockDeletingService.java:isDeletionAllowed(187)) - Close Container log Index 6 is not replicated across allthe servers in the pipeline 97cf7ea5-f2f0-44c7-b45b-eed279b04bd8 as the min replicated index is 4. Deletion is not allowed in this container yet.
2019-10-24 12:11:43,626 [EventQueue-ContainerReportForContainerReportHandler] WARN  container.ContainerReportHandler (AbstractContainerReportHandler.java:updateContainerState(145)) - Container #1 is in OPEN state, but the datanode 7f01d92b-bd13-46ba-b46f-c65517f7cb74{ip: 192.168.164.210, host: pr-hdds-2358-mdv8n-1797098514, networkLocation: /default-rack, certSerialId: null} reports an CLOSED replica.
2019-10-24 12:11:43,710 [EventQueue-ContainerReportForContainerReportHandler] WARN  container.ContainerReportHandler (AbstractContainerReportHandler.java:updateContainerState(145)) - Container #1 is in OPEN state, but the datanode c58683fb-6de7-4590-940d-14e09458c307{ip: 192.168.164.210, host: pr-hdds-2358-mdv8n-1797098514, networkLocation: /default-rack, certSerialId: null} reports an CLOSED replica.
2019-10-24 12:11:43,926 [EventQueue-ContainerReportForContainerReportHandler] WARN  container.ContainerReportHandler (AbstractContainerReportHandler.java:updateContainerState(145)) - Container #1 is in OPEN state, but the datanode 7f01d92b-bd13-46ba-b46f-c65517f7cb74{ip: 192.168.164.210, host: pr-hdds-2358-mdv8n-1797098514, networkLocation: /default-rack, certSerialId: null} reports an CLOSED replica.
2019-10-24 12:11:44,011 [EventQueue-ContainerReportForContainerReportHandler] WARN  container.ContainerReportHandler (AbstractContainerReportHandler.java:updateContainerState(145)) - Container #1 is in OPEN state, but the datanode c58683fb-6de7-4590-940d-14e09458c307{ip: 192.168.164.210, host: pr-hdds-2358-mdv8n-1797098514, networkLocation: /default-rack, certSerialId: null} reports an CLOSED replica.
2019-10-24 12:11:44,225 [EventQueue-ContainerReportForContainerReportHandler] WARN  container.ContainerReportHandler (AbstractContainerReportHandler.java:updateContainerState(145)) - Container #1 is in OPEN state, but the datanode 7f01d92b-bd13-46ba-b46f-c65517f7cb74{ip: 192.168.164.210, host: pr-hdds-2358-mdv8n-1797098514, networkLocation: /default-rack, certSerialId: null} reports an CLOSED replica.
2019-10-24 12:11:44,411 [EventQueue-ContainerReportForContainerReportHandler] WARN  container.ContainerReportHandler (AbstractContainerReportHandler.java:updateContainerState(145)) - Container #1 is in OPEN state, but the datanode c58683fb-6de7-4590-940d-14e09458c307{ip: 192.168.164.210, host: pr-hdds-2358-mdv8n-1797098514, networkLocation: /default-rack, certSerialId: null} reports an CLOSED replica.
2019-10-24 12:11:44,445 [BlockDeletingService#2] WARN  background.BlockDeletingService (BlockDeletingService.java:isDeletionAllowed(187)) - Close Container log Index 6 is not replicated across allthe servers in the pipeline 97cf7ea5-f2f0-44c7-b45b-eed279b04bd8 as the min replicated index is 4. Deletion is not allowed in this container yet.
2019-10-24 12:11:44,445 [BlockDeletingService#2] WARN  background.BlockDeletingService (BlockDeletingService.java:isDeletionAllowed(187)) - Close Container log Index 6 is not replicated across allthe servers in the pipeline 97cf7ea5-f2f0-44c7-b45b-eed279b04bd8 as the min replicated index is 4. Deletion is not allowed in this container yet.
2019-10-24 12:11:44,453 [java.util.concurrent.ThreadPoolExecutor$Worker@53c23726[State = -1, empty queue]] WARN  server.GrpcLogAppender (GrpcLogAppender.java:timeoutAppendRequest(209)) - c58683fb-6de7-4590-940d-14e09458c307@group-EED279B04BD8->b0079d05-68ff-4074-a89c-94d611ddbdcd-GrpcLogAppender: appendEntries Timeout, request=c58683fb-6de7-4590-940d-14e09458c307->b0079d05-68ff-4074-a89c-94d611ddbdcd#35-t1, previous=(t:1, i:10), leaderCommit=10, initializing? false, entries: <empty>
2019-10-24 12:11:44,525 [EventQueue-ContainerReportForContainerReportHandler] WARN  container.ContainerReportHandler (AbstractContainerReportHandler.java:updateContainerState(145)) - Container #1 is in OPEN state, but the datanode 7f01d92b-bd13-46ba-b46f-c65517f7cb74{ip: 192.168.164.210, host: pr-hdds-2358-mdv8n-1797098514, networkLocation: /default-rack, certSerialId: null} reports an CLOSED replica.
2019-10-24 12:11:44,581 [Thread-408] INFO  client.GrpcClientProtocolService (GrpcClientProtocolService.java:lambda$processClientRequest$0(279)) - Failed RaftClientRequest:client-A2BC9D366054->7f01d92b-bd13-46ba-b46f-c65517f7cb74@group-EED279B04BD8, cid=10, seq=0, Watch-ALL_COMMITTED(6), Message:<EMPTY>, reply=RaftClientReply:client-A2BC9D366054->7f01d92b-bd13-46ba-b46f-c65517f7cb74@group-EED279B04BD8, cid=10, FAILED org.apache.ratis.protocol.NotLeaderException: Server 7f01d92b-bd13-46ba-b46f-c65517f7cb74@group-EED279B04BD8 is not the leader c58683fb-6de7-4590-940d-14e09458c307:192.168.164.210:44335, logIndex=0, commits[7f01d92b-bd13-46ba-b46f-c65517f7cb74:c10, b0079d05-68ff-4074-a89c-94d611ddbdcd:c4, c58683fb-6de7-4590-940d-14e09458c307:c10]
2019-10-24 12:11:44,611 [EventQueue-ContainerReportForContainerReportHandler] WARN  container.ContainerReportHandler (AbstractContainerReportHandler.java:updateContainerState(145)) - Container #1 is in OPEN state, but the datanode c58683fb-6de7-4590-940d-14e09458c307{ip: 192.168.164.210, host: pr-hdds-2358-mdv8n-1797098514, networkLocation: /default-rack, certSerialId: null} reports an CLOSED replica.
2019-10-24 12:11:44,682 [Thread-411] INFO  client.GrpcClientProtocolService (GrpcClientProtocolService.java:lambda$processClientRequest$0(279)) - Failed RaftClientRequest:client-A2BC9D366054->c58683fb-6de7-4590-940d-14e09458c307@group-EED279B04BD8, cid=10, seq=0, Watch-ALL_COMMITTED(6), Message:<EMPTY>, reply=RaftClientReply:client-A2BC9D366054->c58683fb-6de7-4590-940d-14e09458c307@group-EED279B04BD8, cid=10, FAILED org.apache.ratis.protocol.NotReplicatedException: Request with call Id 10 and log index 6 is not yet replicated to ALL_COMMITTED, logIndex=6, commits[c58683fb-6de7-4590-940d-14e09458c307:c10, b0079d05-68ff-4074-a89c-94d611ddbdcd:c4, 7f01d92b-bd13-46ba-b46f-c65517f7cb74:c10]
2019-10-24 12:11:44,825 [EventQueue-ContainerReportForContainerReportHandler] WARN  container.ContainerReportHandler (AbstractContainerReportHandler.java:updateContainerState(145)) - Container #1 is in OPEN state, but the datanode 7f01d92b-bd13-46ba-b46f-c65517f7cb74{ip: 192.168.164.210, host: pr-hdds-2358-mdv8n-1797098514, networkLocation: /default-rack, certSerialId: null} reports an CLOSED replica.
2019-10-24 12:11:45,011 [EventQueue-ContainerReportForContainerReportHandler] WARN  container.ContainerReportHandler (AbstractContainerReportHandler.java:updateContainerState(145)) - Container #1 is in OPEN state, but the datanode c58683fb-6de7-4590-940d-14e09458c307{ip: 192.168.164.210, host: pr-hdds-2358-mdv8n-1797098514, networkLocation: /default-rack, certSerialId: null} reports an CLOSED replica.
2019-10-24 12:11:45,025 [EventQueue-ContainerReportForContainerReportHandler] WARN  container.ContainerReportHandler (AbstractContainerReportHandler.java:updateContainerState(145)) - Container #1 is in OPEN state, but the datanode 7f01d92b-bd13-46ba-b46f-c65517f7cb74{ip: 192.168.164.210, host: pr-hdds-2358-mdv8n-1797098514, networkLocation: /default-rack, certSerialId: null} reports an CLOSED replica.
2019-10-24 12:11:45,312 [EventQueue-ContainerReportForContainerReportHandler] WARN  container.ContainerReportHandler (AbstractContainerReportHandler.java:updateContainerState(145)) - Container #1 is in OPEN state, but the datanode c58683fb-6de7-4590-940d-14e09458c307{ip: 192.168.164.210, host: pr-hdds-2358-mdv8n-1797098514, networkLocation: /default-rack, certSerialId: null} reports an CLOSED replica.
2019-10-24 12:11:45,325 [EventQueue-ContainerReportForContainerReportHandler] WARN  container.ContainerReportHandler (AbstractContainerReportHandler.java:updateContainerState(145)) - Container #1 is in OPEN state, but the datanode 7f01d92b-bd13-46ba-b46f-c65517f7cb74{ip: 192.168.164.210, host: pr-hdds-2358-mdv8n-1797098514, networkLocation: /default-rack, certSerialId: null} reports an CLOSED replica.
2019-10-24 12:11:45,447 [BlockDeletingService#2] WARN  background.BlockDeletingService (BlockDeletingService.java:isDeletionAllowed(187)) - Close Container log Index 6 is not replicated across allthe servers in the pipeline 97cf7ea5-f2f0-44c7-b45b-eed279b04bd8 as the min replicated index is 4. Deletion is not allowed in this container yet.
2019-10-24 12:11:45,448 [BlockDeletingService#2] WARN  background.BlockDeletingService (BlockDeletingService.java:isDeletionAllowed(187)) - Close Container log Index 6 is not replicated across allthe servers in the pipeline 97cf7ea5-f2f0-44c7-b45b-eed279b04bd8 as the min replicated index is 4. Deletion is not allowed in this container yet.
2019-10-24 12:11:45,513 [EventQueue-ContainerReportForContainerReportHandler] WARN  container.ContainerReportHandler (AbstractContainerReportHandler.java:updateContainerState(145)) - Container #1 is in OPEN state, but the datanode c58683fb-6de7-4590-940d-14e09458c307{ip: 192.168.164.210, host: pr-hdds-2358-mdv8n-1797098514, networkLocation: /default-rack, certSerialId: null} reports an CLOSED replica.
2019-10-24 12:11:45,625 [EventQueue-ContainerReportForContainerReportHandler] WARN  container.ContainerReportHandler (AbstractContainerReportHandler.java:updateContainerState(145)) - Container #1 is in OPEN state, but the datanode 7f01d92b-bd13-46ba-b46f-c65517f7cb74{ip: 192.168.164.210, host: pr-hdds-2358-mdv8n-1797098514, networkLocation: /default-rack, certSerialId: null} reports an CLOSED replica.
2019-10-24 12:11:45,813 [EventQueue-ContainerReportForContainerReportHandler] WARN  container.ContainerReportHandler (AbstractContainerReportHandler.java:updateContainerState(145)) - Container #1 is in OPEN state, but the datanode c58683fb-6de7-4590-940d-14e09458c307{ip: 192.168.164.210, host: pr-hdds-2358-mdv8n-1797098514, networkLocation: /default-rack, certSerialId: null} reports an CLOSED replica.
2019-10-24 12:11:45,925 [EventQueue-ContainerReportForContainerReportHandler] WARN  container.ContainerReportHandler (AbstractContainerReportHandler.java:updateContainerState(145)) - Container #1 is in OPEN state, but the datanode 7f01d92b-bd13-46ba-b46f-c65517f7cb74{ip: 192.168.164.210, host: pr-hdds-2358-mdv8n-1797098514, networkLocation: /default-rack, certSerialId: null} reports an CLOSED replica.
2019-10-24 12:11:46,213 [EventQueue-ContainerReportForContainerReportHandler] WARN  container.ContainerReportHandler (AbstractContainerReportHandler.java:updateContainerState(145)) - Container #1 is in OPEN state, but the datanode c58683fb-6de7-4590-940d-14e09458c307{ip: 192.168.164.210, host: pr-hdds-2358-mdv8n-1797098514, networkLocation: /default-rack, certSerialId: null} reports an CLOSED replica.
2019-10-24 12:11:46,226 [EventQueue-ContainerReportForContainerReportHandler] WARN  container.ContainerReportHandler (AbstractContainerReportHandler.java:updateContainerState(145)) - Container #1 is in OPEN state, but the datanode 7f01d92b-bd13-46ba-b46f-c65517f7cb74{ip: 192.168.164.210, host: pr-hdds-2358-mdv8n-1797098514, networkLocation: /default-rack, certSerialId: null} reports an CLOSED replica.
2019-10-24 12:11:46,414 [EventQueue-ContainerReportForContainerReportHandler] WARN  container.ContainerReportHandler (AbstractContainerReportHandler.java:updateContainerState(145)) - Container #1 is in OPEN state, but the datanode c58683fb-6de7-4590-940d-14e09458c307{ip: 192.168.164.210, host: pr-hdds-2358-mdv8n-1797098514, networkLocation: /default-rack, certSerialId: null} reports an CLOSED replica.
2019-10-24 12:11:46,451 [BlockDeletingService#2] WARN  background.BlockDeletingService (BlockDeletingService.java:isDeletionAllowed(187)) - Close Container log Index 6 is not replicated across allthe servers in the pipeline 97cf7ea5-f2f0-44c7-b45b-eed279b04bd8 as the min replicated index is 4. Deletion is not allowed in this container yet.
2019-10-24 12:11:46,451 [BlockDeletingService#2] WARN  background.BlockDeletingService (BlockDeletingService.java:isDeletionAllowed(187)) - Close Container log Index 6 is not replicated across allthe servers in the pipeline 97cf7ea5-f2f0-44c7-b45b-eed279b04bd8 as the min replicated index is 4. Deletion is not allowed in this container yet.
2019-10-24 12:11:46,528 [EventQueue-ContainerReportForContainerReportHandler] WARN  container.ContainerReportHandler (AbstractContainerReportHandler.java:updateContainerState(145)) - Container #1 is in OPEN state, but the datanode 7f01d92b-bd13-46ba-b46f-c65517f7cb74{ip: 192.168.164.210, host: pr-hdds-2358-mdv8n-1797098514, networkLocation: /default-rack, certSerialId: null} reports an CLOSED replica.
2019-10-24 12:11:46,715 [EventQueue-ContainerReportForContainerReportHandler] WARN  container.ContainerReportHandler (AbstractContainerReportHandler.java:updateContainerState(145)) - Container #1 is in OPEN state, but the datanode c58683fb-6de7-4590-940d-14e09458c307{ip: 192.168.164.210, host: pr-hdds-2358-mdv8n-1797098514, networkLocation: /default-rack, certSerialId: null} reports an CLOSED replica.
2019-10-24 12:11:46,829 [EventQueue-ContainerReportForContainerReportHandler] WARN  container.ContainerReportHandler (AbstractContainerReportHandler.java:updateContainerState(145)) - Container #1 is in OPEN state, but the datanode 7f01d92b-bd13-46ba-b46f-c65517f7cb74{ip: 192.168.164.210, host: pr-hdds-2358-mdv8n-1797098514, networkLocation: /default-rack, certSerialId: null} reports an CLOSED replica.
2019-10-24 12:11:46,954 [java.util.concurrent.ThreadPoolExecutor$Worker@53c23726[State = -1, empty queue]] WARN  server.GrpcLogAppender (GrpcLogAppender.java:timeoutAppendRequest(209)) - c58683fb-6de7-4590-940d-14e09458c307@group-EED279B04BD8->b0079d05-68ff-4074-a89c-94d611ddbdcd-GrpcLogAppender: appendEntries Timeout, request=c58683fb-6de7-4590-940d-14e09458c307->b0079d05-68ff-4074-a89c-94d611ddbdcd#36-t1, previous=(t:1, i:10), leaderCommit=10, initializing? false, entries: <empty>
2019-10-24 12:11:47,116 [EventQueue-ContainerReportForContainerReportHandler] WARN  container.ContainerReportHandler (AbstractContainerReportHandler.java:updateContainerState(145)) - Container #1 is in OPEN state, but the datanode c58683fb-6de7-4590-940d-14e09458c307{ip: 192.168.164.210, host: pr-hdds-2358-mdv8n-1797098514, networkLocation: /default-rack, certSerialId: null} reports an CLOSED replica.
2019-10-24 12:11:47,229 [EventQueue-ContainerReportForContainerReportHandler] WARN  container.ContainerReportHandler (AbstractContainerReportHandler.java:updateContainerState(145)) - Container #1 is in OPEN state, but the datanode 7f01d92b-bd13-46ba-b46f-c65517f7cb74{ip: 192.168.164.210, host: pr-hdds-2358-mdv8n-1797098514, networkLocation: /default-rack, certSerialId: null} reports an CLOSED replica.
2019-10-24 12:11:47,418 [EventQueue-ContainerReportForContainerReportHandler] WARN  container.ContainerReportHandler (AbstractContainerReportHandler.java:updateContainerState(145)) - Container #1 is in OPEN state, but the datanode c58683fb-6de7-4590-940d-14e09458c307{ip: 192.168.164.210, host: pr-hdds-2358-mdv8n-1797098514, networkLocation: /default-rack, certSerialId: null} reports an CLOSED replica.
2019-10-24 12:11:47,454 [BlockDeletingService#2] WARN  background.BlockDeletingService (BlockDeletingService.java:isDeletionAllowed(187)) - Close Container log Index 6 is not replicated across allthe servers in the pipeline 97cf7ea5-f2f0-44c7-b45b-eed279b04bd8 as the min replicated index is 4. Deletion is not allowed in this container yet.
2019-10-24 12:11:47,454 [BlockDeletingService#2] WARN  background.BlockDeletingService (BlockDeletingService.java:isDeletionAllowed(187)) - Close Container log Index 6 is not replicated across allthe servers in the pipeline 97cf7ea5-f2f0-44c7-b45b-eed279b04bd8 as the min replicated index is 4. Deletion is not allowed in this container yet.
2019-10-24 12:11:47,629 [EventQueue-ContainerReportForContainerReportHandler] WARN  container.ContainerReportHandler (AbstractContainerReportHandler.java:updateContainerState(145)) - Container #1 is in OPEN state, but the datanode 7f01d92b-bd13-46ba-b46f-c65517f7cb74{ip: 192.168.164.210, host: pr-hdds-2358-mdv8n-1797098514, networkLocation: /default-rack, certSerialId: null} reports an CLOSED replica.
2019-10-24 12:11:47,816 [EventQueue-ContainerReportForContainerReportHandler] WARN  container.ContainerReportHandler (AbstractContainerReportHandler.java:updateContainerState(145)) - Container #1 is in OPEN state, but the datanode c58683fb-6de7-4590-940d-14e09458c307{ip: 192.168.164.210, host: pr-hdds-2358-mdv8n-1797098514, networkLocation: /default-rack, certSerialId: null} reports an CLOSED replica.
2019-10-24 12:11:47,930 [EventQueue-ContainerReportForContainerReportHandler] WARN  container.ContainerReportHandler (AbstractContainerReportHandler.java:updateContainerState(145)) - Container #1 is in OPEN state, but the datanode 7f01d92b-bd13-46ba-b46f-c65517f7cb74{ip: 192.168.164.210, host: pr-hdds-2358-mdv8n-1797098514, networkLocation: /default-rack, certSerialId: null} reports an CLOSED replica.
2019-10-24 12:11:48,117 [EventQueue-ContainerReportForContainerReportHandler] WARN  container.ContainerReportHandler (AbstractContainerReportHandler.java:updateContainerState(145)) - Container #1 is in OPEN state, but the datanode c58683fb-6de7-4590-940d-14e09458c307{ip: 192.168.164.210, host: pr-hdds-2358-mdv8n-1797098514, networkLocation: /default-rack, certSerialId: null} reports an CLOSED replica.
2019-10-24 12:11:48,230 [EventQueue-ContainerReportForContainerReportHandler] WARN  container.ContainerReportHandler (AbstractContainerReportHandler.java:updateContainerState(145)) - Container #1 is in OPEN state, but the datanode 7f01d92b-bd13-46ba-b46f-c65517f7cb74{ip: 192.168.164.210, host: pr-hdds-2358-mdv8n-1797098514, networkLocation: /default-rack, certSerialId: null} reports an CLOSED replica.
2019-10-24 12:11:48,417 [EventQueue-ContainerReportForContainerReportHandler] WARN  container.ContainerReportHandler (AbstractContainerReportHandler.java:updateContainerState(145)) - Container #1 is in OPEN state, but the datanode c58683fb-6de7-4590-940d-14e09458c307{ip: 192.168.164.210, host: pr-hdds-2358-mdv8n-1797098514, networkLocation: /default-rack, certSerialId: null} reports an CLOSED replica.
2019-10-24 12:11:48,457 [BlockDeletingService#2] WARN  background.BlockDeletingService (BlockDeletingService.java:isDeletionAllowed(187)) - Close Container log Index 6 is not replicated across allthe servers in the pipeline 97cf7ea5-f2f0-44c7-b45b-eed279b04bd8 as the min replicated index is 4. Deletion is not allowed in this container yet.
2019-10-24 12:11:48,457 [BlockDeletingService#2] WARN  background.BlockDeletingService (BlockDeletingService.java:isDeletionAllowed(187)) - Close Container log Index 6 is not replicated across allthe servers in the pipeline 97cf7ea5-f2f0-44c7-b45b-eed279b04bd8 as the min replicated index is 4. Deletion is not allowed in this container yet.
2019-10-24 12:11:48,530 [EventQueue-ContainerReportForContainerReportHandler] WARN  container.ContainerReportHandler (AbstractContainerReportHandler.java:updateContainerState(145)) - Container #1 is in OPEN state, but the datanode 7f01d92b-bd13-46ba-b46f-c65517f7cb74{ip: 192.168.164.210, host: pr-hdds-2358-mdv8n-1797098514, networkLocation: /default-rack, certSerialId: null} reports an CLOSED replica.
2019-10-24 12:11:48,717 [EventQueue-ContainerReportForContainerReportHandler] WARN  container.ContainerReportHandler (AbstractContainerReportHandler.java:updateContainerState(145)) - Container #1 is in OPEN state, but the datanode c58683fb-6de7-4590-940d-14e09458c307{ip: 192.168.164.210, host: pr-hdds-2358-mdv8n-1797098514, networkLocation: /default-rack, certSerialId: null} reports an CLOSED replica.
2019-10-24 12:11:48,929 [EventQueue-ContainerReportForContainerReportHandler] WARN  container.ContainerReportHandler (AbstractContainerReportHandler.java:updateContainerState(145)) - Container #1 is in OPEN state, but the datanode 7f01d92b-bd13-46ba-b46f-c65517f7cb74{ip: 192.168.164.210, host: pr-hdds-2358-mdv8n-1797098514, networkLocation: /default-rack, certSerialId: null} reports an CLOSED replica.
2019-10-24 12:11:49,017 [EventQueue-ContainerReportForContainerReportHandler] WARN  container.ContainerReportHandler (AbstractContainerReportHandler.java:updateContainerState(145)) - Container #1 is in OPEN state, but the datanode c58683fb-6de7-4590-940d-14e09458c307{ip: 192.168.164.210, host: pr-hdds-2358-mdv8n-1797098514, networkLocation: /default-rack, certSerialId: null} reports an CLOSED replica.
2019-10-24 12:11:49,317 [EventQueue-ContainerReportForContainerReportHandler] WARN  container.ContainerReportHandler (AbstractContainerReportHandler.java:updateContainerState(145)) - Container #1 is in OPEN state, but the datanode c58683fb-6de7-4590-940d-14e09458c307{ip: 192.168.164.210, host: pr-hdds-2358-mdv8n-1797098514, networkLocation: /default-rack, certSerialId: null} reports an CLOSED replica.
2019-10-24 12:11:49,329 [EventQueue-ContainerReportForContainerReportHandler] WARN  container.ContainerReportHandler (AbstractContainerReportHandler.java:updateContainerState(145)) - Container #1 is in OPEN state, but the datanode 7f01d92b-bd13-46ba-b46f-c65517f7cb74{ip: 192.168.164.210, host: pr-hdds-2358-mdv8n-1797098514, networkLocation: /default-rack, certSerialId: null} reports an CLOSED replica.
2019-10-24 12:11:49,456 [java.util.concurrent.ThreadPoolExecutor$Worker@53c23726[State = -1, empty queue]] WARN  server.GrpcLogAppender (GrpcLogAppender.java:timeoutAppendRequest(209)) - c58683fb-6de7-4590-940d-14e09458c307@group-EED279B04BD8->b0079d05-68ff-4074-a89c-94d611ddbdcd-GrpcLogAppender: appendEntries Timeout, request=c58683fb-6de7-4590-940d-14e09458c307->b0079d05-68ff-4074-a89c-94d611ddbdcd#37-t1, previous=(t:1, i:10), leaderCommit=10, initializing? false, entries: <empty>
2019-10-24 12:11:49,459 [BlockDeletingService#2] WARN  background.BlockDeletingService (BlockDeletingService.java:isDeletionAllowed(187)) - Close Container log Index 6 is not replicated across allthe servers in the pipeline 97cf7ea5-f2f0-44c7-b45b-eed279b04bd8 as the min replicated index is 4. Deletion is not allowed in this container yet.
2019-10-24 12:11:49,459 [BlockDeletingService#2] WARN  background.BlockDeletingService (BlockDeletingService.java:isDeletionAllowed(187)) - Close Container log Index 6 is not replicated across allthe servers in the pipeline 97cf7ea5-f2f0-44c7-b45b-eed279b04bd8 as the min replicated index is 4. Deletion is not allowed in this container yet.
2019-10-24 12:11:49,529 [EventQueue-ContainerReportForContainerReportHandler] WARN  container.ContainerReportHandler (AbstractContainerReportHandler.java:updateContainerState(145)) - Container #1 is in OPEN state, but the datanode 7f01d92b-bd13-46ba-b46f-c65517f7cb74{ip: 192.168.164.210, host: pr-hdds-2358-mdv8n-1797098514, networkLocation: /default-rack, certSerialId: null} reports an CLOSED replica.
2019-10-24 12:11:49,717 [EventQueue-ContainerReportForContainerReportHandler] WARN  container.ContainerReportHandler (AbstractContainerReportHandler.java:updateContainerState(145)) - Container #1 is in OPEN state, but the datanode c58683fb-6de7-4590-940d-14e09458c307{ip: 192.168.164.210, host: pr-hdds-2358-mdv8n-1797098514, networkLocation: /default-rack, certSerialId: null} reports an CLOSED replica.
2019-10-24 12:11:49,730 [EventQueue-ContainerReportForContainerReportHandler] WARN  container.ContainerReportHandler (AbstractContainerReportHandler.java:updateContainerState(145)) - Container #1 is in OPEN state, but the datanode 7f01d92b-bd13-46ba-b46f-c65517f7cb74{ip: 192.168.164.210, host: pr-hdds-2358-mdv8n-1797098514, networkLocation: /default-rack, certSerialId: null} reports an CLOSED replica.
2019-10-24 12:11:50,023 [EventQueue-ContainerReportForContainerReportHandler] WARN  container.ContainerReportHandler (AbstractContainerReportHandler.java:updateContainerState(145)) - Container #1 is in OPEN state, but the datanode c58683fb-6de7-4590-940d-14e09458c307{ip: 192.168.164.210, host: pr-hdds-2358-mdv8n-1797098514, networkLocation: /default-rack, certSerialId: null} reports an CLOSED replica.
2019-10-24 12:11:50,129 [EventQueue-ContainerReportForContainerReportHandler] WARN  container.ContainerReportHandler (AbstractContainerReportHandler.java:updateContainerState(145)) - Container #1 is in OPEN state, but the datanode 7f01d92b-bd13-46ba-b46f-c65517f7cb74{ip: 192.168.164.210, host: pr-hdds-2358-mdv8n-1797098514, networkLocation: /default-rack, certSerialId: null} reports an CLOSED replica.
2019-10-24 12:11:50,418 [EventQueue-ContainerReportForContainerReportHandler] WARN  container.ContainerReportHandler (AbstractContainerReportHandler.java:updateContainerState(145)) - Container #1 is in OPEN state, but the datanode c58683fb-6de7-4590-940d-14e09458c307{ip: 192.168.164.210, host: pr-hdds-2358-mdv8n-1797098514, networkLocation: /default-rack, certSerialId: null} reports an CLOSED replica.
2019-10-24 12:11:50,430 [EventQueue-ContainerReportForContainerReportHandler] WARN  container.ContainerReportHandler (AbstractContainerReportHandler.java:updateContainerState(145)) - Container #1 is in OPEN state, but the datanode 7f01d92b-bd13-46ba-b46f-c65517f7cb74{ip: 192.168.164.210, host: pr-hdds-2358-mdv8n-1797098514, networkLocation: /default-rack, certSerialId: null} reports an CLOSED replica.
2019-10-24 12:11:50,462 [BlockDeletingService#2] WARN  background.BlockDeletingService (BlockDeletingService.java:isDeletionAllowed(187)) - Close Container log Index 6 is not replicated across allthe servers in the pipeline 97cf7ea5-f2f0-44c7-b45b-eed279b04bd8 as the min replicated index is 4. Deletion is not allowed in this container yet.
2019-10-24 12:11:50,462 [BlockDeletingService#2] WARN  background.BlockDeletingService (BlockDeletingService.java:isDeletionAllowed(187)) - Close Container log Index 6 is not replicated across allthe servers in the pipeline 97cf7ea5-f2f0-44c7-b45b-eed279b04bd8 as the min replicated index is 4. Deletion is not allowed in this container yet.
2019-10-24 12:11:50,718 [EventQueue-ContainerReportForContainerReportHandler] WARN  container.ContainerReportHandler (AbstractContainerReportHandler.java:updateContainerState(145)) - Container #1 is in OPEN state, but the datanode c58683fb-6de7-4590-940d-14e09458c307{ip: 192.168.164.210, host: pr-hdds-2358-mdv8n-1797098514, networkLocation: /default-rack, certSerialId: null} reports an CLOSED replica.
2019-10-24 12:11:50,730 [EventQueue-ContainerReportForContainerReportHandler] WARN  container.ContainerReportHandler (AbstractContainerReportHandler.java:updateContainerState(145)) - Container #1 is in OPEN state, but the datanode 7f01d92b-bd13-46ba-b46f-c65517f7cb74{ip: 192.168.164.210, host: pr-hdds-2358-mdv8n-1797098514, networkLocation: /default-rack, certSerialId: null} reports an CLOSED replica.
2019-10-24 12:11:51,018 [EventQueue-ContainerReportForContainerReportHandler] WARN  container.ContainerReportHandler (AbstractContainerReportHandler.java:updateContainerState(145)) - Container #1 is in OPEN state, but the datanode c58683fb-6de7-4590-940d-14e09458c307{ip: 192.168.164.210, host: pr-hdds-2358-mdv8n-1797098514, networkLocation: /default-rack, certSerialId: null} reports an CLOSED replica.
2019-10-24 12:11:51,030 [EventQueue-ContainerReportForContainerReportHandler] WARN  container.ContainerReportHandler (AbstractContainerReportHandler.java:updateContainerState(145)) - Container #1 is in OPEN state, but the datanode 7f01d92b-bd13-46ba-b46f-c65517f7cb74{ip: 192.168.164.210, host: pr-hdds-2358-mdv8n-1797098514, networkLocation: /default-rack, certSerialId: null} reports an CLOSED replica.
2019-10-24 12:11:51,230 [EventQueue-ContainerReportForContainerReportHandler] WARN  container.ContainerReportHandler (AbstractContainerReportHandler.java:updateContainerState(145)) - Container #1 is in OPEN state, but the datanode 7f01d92b-bd13-46ba-b46f-c65517f7cb74{ip: 192.168.164.210, host: pr-hdds-2358-mdv8n-1797098514, networkLocation: /default-rack, certSerialId: null} reports an CLOSED replica.
2019-10-24 12:11:51,318 [EventQueue-ContainerReportForContainerReportHandler] WARN  container.ContainerReportHandler (AbstractContainerReportHandler.java:updateContainerState(145)) - Container #1 is in OPEN state, but the datanode c58683fb-6de7-4590-940d-14e09458c307{ip: 192.168.164.210, host: pr-hdds-2358-mdv8n-1797098514, networkLocation: /default-rack, certSerialId: null} reports an CLOSED replica.
2019-10-24 12:11:51,464 [BlockDeletingService#2] WARN  background.BlockDeletingService (BlockDeletingService.java:isDeletionAllowed(187)) - Close Container log Index 6 is not replicated across allthe servers in the pipeline 97cf7ea5-f2f0-44c7-b45b-eed279b04bd8 as the min replicated index is 4. Deletion is not allowed in this container yet.
2019-10-24 12:11:51,464 [BlockDeletingService#2] WARN  background.BlockDeletingService (BlockDeletingService.java:isDeletionAllowed(187)) - Close Container log Index 6 is not replicated across allthe servers in the pipeline 97cf7ea5-f2f0-44c7-b45b-eed279b04bd8 as the min replicated index is 4. Deletion is not allowed in this container yet.
2019-10-24 12:11:51,619 [EventQueue-ContainerReportForContainerReportHandler] WARN  container.ContainerReportHandler (AbstractContainerReportHandler.java:updateContainerState(145)) - Container #1 is in OPEN state, but the datanode c58683fb-6de7-4590-940d-14e09458c307{ip: 192.168.164.210, host: pr-hdds-2358-mdv8n-1797098514, networkLocation: /default-rack, certSerialId: null} reports an CLOSED replica.
2019-10-24 12:11:51,632 [EventQueue-ContainerReportForContainerReportHandler] WARN  container.ContainerReportHandler (AbstractContainerReportHandler.java:updateContainerState(145)) - Container #1 is in OPEN state, but the datanode 7f01d92b-bd13-46ba-b46f-c65517f7cb74{ip: 192.168.164.210, host: pr-hdds-2358-mdv8n-1797098514, networkLocation: /default-rack, certSerialId: null} reports an CLOSED replica.
2019-10-24 12:11:51,920 [EventQueue-ContainerReportForContainerReportHandler] WARN  container.ContainerReportHandler (AbstractContainerReportHandler.java:updateContainerState(145)) - Container #1 is in OPEN state, but the datanode c58683fb-6de7-4590-940d-14e09458c307{ip: 192.168.164.210, host: pr-hdds-2358-mdv8n-1797098514, networkLocation: /default-rack, certSerialId: null} reports an CLOSED replica.
2019-10-24 12:11:51,932 [EventQueue-ContainerReportForContainerReportHandler] WARN  container.ContainerReportHandler (AbstractContainerReportHandler.java:updateContainerState(145)) - Container #1 is in OPEN state, but the datanode 7f01d92b-bd13-46ba-b46f-c65517f7cb74{ip: 192.168.164.210, host: pr-hdds-2358-mdv8n-1797098514, networkLocation: /default-rack, certSerialId: null} reports an CLOSED replica.
2019-10-24 12:11:51,957 [java.util.concurrent.ThreadPoolExecutor$Worker@53c23726[State = -1, empty queue]] WARN  server.GrpcLogAppender (GrpcLogAppender.java:timeoutAppendRequest(209)) - c58683fb-6de7-4590-940d-14e09458c307@group-EED279B04BD8->b0079d05-68ff-4074-a89c-94d611ddbdcd-GrpcLogAppender: appendEntries Timeout, request=c58683fb-6de7-4590-940d-14e09458c307->b0079d05-68ff-4074-a89c-94d611ddbdcd#38-t1, previous=(t:1, i:10), leaderCommit=10, initializing? false, entries: <empty>
2019-10-24 12:11:52,131 [EventQueue-ContainerReportForContainerReportHandler] WARN  container.ContainerReportHandler (AbstractContainerReportHandler.java:updateContainerState(145)) - Container #1 is in OPEN state, but the datanode 7f01d92b-bd13-46ba-b46f-c65517f7cb74{ip: 192.168.164.210, host: pr-hdds-2358-mdv8n-1797098514, networkLocation: /default-rack, certSerialId: null} reports an CLOSED replica.
2019-10-24 12:11:52,320 [EventQueue-ContainerReportForContainerReportHandler] WARN  container.ContainerReportHandler (AbstractContainerReportHandler.java:updateContainerState(145)) - Container #1 is in OPEN state, but the datanode c58683fb-6de7-4590-940d-14e09458c307{ip: 192.168.164.210, host: pr-hdds-2358-mdv8n-1797098514, networkLocation: /default-rack, certSerialId: null} reports an CLOSED replica.
2019-10-24 12:11:52,466 [BlockDeletingService#2] WARN  background.BlockDeletingService (BlockDeletingService.java:isDeletionAllowed(187)) - Close Container log Index 6 is not replicated across allthe servers in the pipeline 97cf7ea5-f2f0-44c7-b45b-eed279b04bd8 as the min replicated index is 4. Deletion is not allowed in this container yet.
2019-10-24 12:11:52,466 [BlockDeletingService#2] WARN  background.BlockDeletingService (BlockDeletingService.java:isDeletionAllowed(187)) - Close Container log Index 6 is not replicated across allthe servers in the pipeline 97cf7ea5-f2f0-44c7-b45b-eed279b04bd8 as the min replicated index is 4. Deletion is not allowed in this container yet.
2019-10-24 12:11:52,521 [EventQueue-ContainerReportForContainerReportHandler] WARN  container.ContainerReportHandler (AbstractContainerReportHandler.java:updateContainerState(145)) - Container #1 is in OPEN state, but the datanode c58683fb-6de7-4590-940d-14e09458c307{ip: 192.168.164.210, host: pr-hdds-2358-mdv8n-1797098514, networkLocation: /default-rack, certSerialId: null} reports an CLOSED replica.
2019-10-24 12:11:52,532 [EventQueue-ContainerReportForContainerReportHandler] WARN  container.ContainerReportHandler (AbstractContainerReportHandler.java:updateContainerState(145)) - Container #1 is in OPEN state, but the datanode 7f01d92b-bd13-46ba-b46f-c65517f7cb74{ip: 192.168.164.210, host: pr-hdds-2358-mdv8n-1797098514, networkLocation: /default-rack, certSerialId: null} reports an CLOSED replica.
2019-10-24 12:11:52,721 [EventQueue-ContainerReportForContainerReportHandler] WARN  container.ContainerReportHandler (AbstractContainerReportHandler.java:updateContainerState(145)) - Container #1 is in OPEN state, but the datanode c58683fb-6de7-4590-940d-14e09458c307{ip: 192.168.164.210, host: pr-hdds-2358-mdv8n-1797098514, networkLocation: /default-rack, certSerialId: null} reports an CLOSED replica.
2019-10-24 12:11:52,931 [EventQueue-ContainerReportForContainerReportHandler] WARN  container.ContainerReportHandler (AbstractContainerReportHandler.java:updateContainerState(145)) - Container #1 is in OPEN state, but the datanode 7f01d92b-bd13-46ba-b46f-c65517f7cb74{ip: 192.168.164.210, host: pr-hdds-2358-mdv8n-1797098514, networkLocation: /default-rack, certSerialId: null} reports an CLOSED replica.
2019-10-24 12:11:53,122 [EventQueue-ContainerReportForContainerReportHandler] WARN  container.ContainerReportHandler (AbstractContainerReportHandler.java:updateContainerState(145)) - Container #1 is in OPEN state, but the datanode c58683fb-6de7-4590-940d-14e09458c307{ip: 192.168.164.210, host: pr-hdds-2358-mdv8n-1797098514, networkLocation: /default-rack, certSerialId: null} reports an CLOSED replica.
2019-10-24 12:11:53,131 [EventQueue-ContainerReportForContainerReportHandler] WARN  container.ContainerReportHandler (AbstractContainerReportHandler.java:updateContainerState(145)) - Container #1 is in OPEN state, but the datanode 7f01d92b-bd13-46ba-b46f-c65517f7cb74{ip: 192.168.164.210, host: pr-hdds-2358-mdv8n-1797098514, networkLocation: /default-rack, certSerialId: null} reports an CLOSED replica.
2019-10-24 12:11:53,422 [EventQueue-ContainerReportForContainerReportHandler] WARN  container.ContainerReportHandler (AbstractContainerReportHandler.java:updateContainerState(145)) - Container #1 is in OPEN state, but the datanode c58683fb-6de7-4590-940d-14e09458c307{ip: 192.168.164.210, host: pr-hdds-2358-mdv8n-1797098514, networkLocation: /default-rack, certSerialId: null} reports an CLOSED replica.
2019-10-24 12:11:53,433 [EventQueue-ContainerReportForContainerReportHandler] WARN  container.ContainerReportHandler (AbstractContainerReportHandler.java:updateContainerState(145)) - Container #1 is in OPEN state, but the datanode 7f01d92b-bd13-46ba-b46f-c65517f7cb74{ip: 192.168.164.210, host: pr-hdds-2358-mdv8n-1797098514, networkLocation: /default-rack, certSerialId: null} reports an CLOSED replica.
2019-10-24 12:11:53,469 [BlockDeletingService#2] WARN  background.BlockDeletingService (BlockDeletingService.java:isDeletionAllowed(187)) - Close Container log Index 6 is not replicated across allthe servers in the pipeline 97cf7ea5-f2f0-44c7-b45b-eed279b04bd8 as the min replicated index is 4. Deletion is not allowed in this container yet.
2019-10-24 12:11:53,469 [BlockDeletingService#2] WARN  background.BlockDeletingService (BlockDeletingService.java:isDeletionAllowed(187)) - Close Container log Index 6 is not replicated across allthe servers in the pipeline 97cf7ea5-f2f0-44c7-b45b-eed279b04bd8 as the min replicated index is 4. Deletion is not allowed in this container yet.
2019-10-24 12:11:53,734 [EventQueue-ContainerReportForContainerReportHandler] WARN  container.ContainerReportHandler (AbstractContainerReportHandler.java:updateContainerState(145)) - Container #1 is in OPEN state, but the datanode 7f01d92b-bd13-46ba-b46f-c65517f7cb74{ip: 192.168.164.210, host: pr-hdds-2358-mdv8n-1797098514, networkLocation: /default-rack, certSerialId: null} reports an CLOSED replica.
2019-10-24 12:11:53,824 [EventQueue-ContainerReportForContainerReportHandler] WARN  container.ContainerReportHandler (AbstractContainerReportHandler.java:updateContainerState(145)) - Container #1 is in OPEN state, but the datanode c58683fb-6de7-4590-940d-14e09458c307{ip: 192.168.164.210, host: pr-hdds-2358-mdv8n-1797098514, networkLocation: /default-rack, certSerialId: null} reports an CLOSED replica.
2019-10-24 12:11:53,934 [EventQueue-ContainerReportForContainerReportHandler] WARN  container.ContainerReportHandler (AbstractContainerReportHandler.java:updateContainerState(145)) - Container #1 is in OPEN state, but the datanode 7f01d92b-bd13-46ba-b46f-c65517f7cb74{ip: 192.168.164.210, host: pr-hdds-2358-mdv8n-1797098514, networkLocation: /default-rack, certSerialId: null} reports an CLOSED replica.
2019-10-24 12:11:54,224 [EventQueue-ContainerReportForContainerReportHandler] WARN  container.ContainerReportHandler (AbstractContainerReportHandler.java:updateContainerState(145)) - Container #1 is in OPEN state, but the datanode c58683fb-6de7-4590-940d-14e09458c307{ip: 192.168.164.210, host: pr-hdds-2358-mdv8n-1797098514, networkLocation: /default-rack, certSerialId: null} reports an CLOSED replica.
2019-10-24 12:11:54,234 [EventQueue-ContainerReportForContainerReportHandler] WARN  container.ContainerReportHandler (AbstractContainerReportHandler.java:updateContainerState(145)) - Container #1 is in OPEN state, but the datanode 7f01d92b-bd13-46ba-b46f-c65517f7cb74{ip: 192.168.164.210, host: pr-hdds-2358-mdv8n-1797098514, networkLocation: /default-rack, certSerialId: null} reports an CLOSED replica.
2019-10-24 12:11:54,435 [EventQueue-ContainerReportForContainerReportHandler] WARN  container.ContainerReportHandler (AbstractContainerReportHandler.java:updateContainerState(145)) - Container #1 is in OPEN state, but the datanode 7f01d92b-bd13-46ba-b46f-c65517f7cb74{ip: 192.168.164.210, host: pr-hdds-2358-mdv8n-1797098514, networkLocation: /default-rack, certSerialId: null} reports an CLOSED replica.
2019-10-24 12:11:54,460 [java.util.concurrent.ThreadPoolExecutor$Worker@53c23726[State = -1, empty queue]] WARN  server.GrpcLogAppender (GrpcLogAppender.java:timeoutAppendRequest(209)) - c58683fb-6de7-4590-940d-14e09458c307@group-EED279B04BD8->b0079d05-68ff-4074-a89c-94d611ddbdcd-GrpcLogAppender: appendEntries Timeout, request=c58683fb-6de7-4590-940d-14e09458c307->b0079d05-68ff-4074-a89c-94d611ddbdcd#39-t1, previous=(t:1, i:10), leaderCommit=10, initializing? false, entries: <empty>
2019-10-24 12:11:54,471 [BlockDeletingService#2] WARN  background.BlockDeletingService (BlockDeletingService.java:isDeletionAllowed(187)) - Close Container log Index 6 is not replicated across allthe servers in the pipeline 97cf7ea5-f2f0-44c7-b45b-eed279b04bd8 as the min replicated index is 4. Deletion is not allowed in this container yet.
2019-10-24 12:11:54,471 [BlockDeletingService#2] WARN  background.BlockDeletingService (BlockDeletingService.java:isDeletionAllowed(187)) - Close Container log Index 6 is not replicated across allthe servers in the pipeline 97cf7ea5-f2f0-44c7-b45b-eed279b04bd8 as the min replicated index is 4. Deletion is not allowed in this container yet.
2019-10-24 12:11:54,525 [EventQueue-ContainerReportForContainerReportHandler] WARN  container.ContainerReportHandler (AbstractContainerReportHandler.java:updateContainerState(145)) - Container #1 is in OPEN state, but the datanode c58683fb-6de7-4590-940d-14e09458c307{ip: 192.168.164.210, host: pr-hdds-2358-mdv8n-1797098514, networkLocation: /default-rack, certSerialId: null} reports an CLOSED replica.
2019-10-24 12:11:54,632 [Thread-440] INFO  client.GrpcClientProtocolService (GrpcClientProtocolService.java:lambda$processClientRequest$0(279)) - Failed RaftClientRequest:client-A2BC9D366054->7f01d92b-bd13-46ba-b46f-c65517f7cb74@group-EED279B04BD8, cid=10, seq=0, Watch-ALL_COMMITTED(6), Message:<EMPTY>, reply=RaftClientReply:client-A2BC9D366054->7f01d92b-bd13-46ba-b46f-c65517f7cb74@group-EED279B04BD8, cid=10, FAILED org.apache.ratis.protocol.NotLeaderException: Server 7f01d92b-bd13-46ba-b46f-c65517f7cb74@group-EED279B04BD8 is not the leader c58683fb-6de7-4590-940d-14e09458c307:192.168.164.210:44335, logIndex=0, commits[7f01d92b-bd13-46ba-b46f-c65517f7cb74:c10, b0079d05-68ff-4074-a89c-94d611ddbdcd:c4, c58683fb-6de7-4590-940d-14e09458c307:c10]
2019-10-24 12:11:54,636 [EventQueue-ContainerReportForContainerReportHandler] WARN  container.ContainerReportHandler (AbstractContainerReportHandler.java:updateContainerState(145)) - Container #1 is in OPEN state, but the datanode 7f01d92b-bd13-46ba-b46f-c65517f7cb74{ip: 192.168.164.210, host: pr-hdds-2358-mdv8n-1797098514, networkLocation: /default-rack, certSerialId: null} reports an CLOSED replica.
2019-10-24 12:11:54,682 [Thread-443] INFO  client.GrpcClientProtocolService (GrpcClientProtocolService.java:lambda$processClientRequest$0(279)) - Failed RaftClientRequest:client-A2BC9D366054->c58683fb-6de7-4590-940d-14e09458c307@group-EED279B04BD8, cid=10, seq=0, Watch-ALL_COMMITTED(6), Message:<EMPTY>, reply=RaftClientReply:client-A2BC9D366054->c58683fb-6de7-4590-940d-14e09458c307@group-EED279B04BD8, cid=10, FAILED org.apache.ratis.protocol.NotReplicatedException: Request with call Id 10 and log index 6 is not yet replicated to ALL_COMMITTED, logIndex=6, commits[c58683fb-6de7-4590-940d-14e09458c307:c10, b0079d05-68ff-4074-a89c-94d611ddbdcd:c4, 7f01d92b-bd13-46ba-b46f-c65517f7cb74:c10]
2019-10-24 12:11:54,925 [EventQueue-ContainerReportForContainerReportHandler] WARN  container.ContainerReportHandler (AbstractContainerReportHandler.java:updateContainerState(145)) - Container #1 is in OPEN state, but the datanode c58683fb-6de7-4590-940d-14e09458c307{ip: 192.168.164.210, host: pr-hdds-2358-mdv8n-1797098514, networkLocation: /default-rack, certSerialId: null} reports an CLOSED replica.
2019-10-24 12:11:55,037 [EventQueue-ContainerReportForContainerReportHandler] WARN  container.ContainerReportHandler (AbstractContainerReportHandler.java:updateContainerState(145)) - Container #1 is in OPEN state, but the datanode 7f01d92b-bd13-46ba-b46f-c65517f7cb74{ip: 192.168.164.210, host: pr-hdds-2358-mdv8n-1797098514, networkLocation: /default-rack, certSerialId: null} reports an CLOSED replica.
2019-10-24 12:11:55,225 [EventQueue-ContainerReportForContainerReportHandler] WARN  container.ContainerReportHandler (AbstractContainerReportHandler.java:updateContainerState(145)) - Container #1 is in OPEN state, but the datanode c58683fb-6de7-4590-940d-14e09458c307{ip: 192.168.164.210, host: pr-hdds-2358-mdv8n-1797098514, networkLocation: /default-rack, certSerialId: null} reports an CLOSED replica.
2019-10-24 12:11:55,337 [EventQueue-ContainerReportForContainerReportHandler] WARN  container.ContainerReportHandler (AbstractContainerReportHandler.java:updateContainerState(145)) - Container #1 is in OPEN state, but the datanode 7f01d92b-bd13-46ba-b46f-c65517f7cb74{ip: 192.168.164.210, host: pr-hdds-2358-mdv8n-1797098514, networkLocation: /default-rack, certSerialId: null} reports an CLOSED replica.
2019-10-24 12:11:55,474 [BlockDeletingService#2] WARN  background.BlockDeletingService (BlockDeletingService.java:isDeletionAllowed(187)) - Close Container log Index 6 is not replicated across allthe servers in the pipeline 97cf7ea5-f2f0-44c7-b45b-eed279b04bd8 as the min replicated index is 4. Deletion is not allowed in this container yet.
2019-10-24 12:11:55,474 [BlockDeletingService#2] WARN  background.BlockDeletingService (BlockDeletingService.java:isDeletionAllowed(187)) - Close Container log Index 6 is not replicated across allthe servers in the pipeline 97cf7ea5-f2f0-44c7-b45b-eed279b04bd8 as the min replicated index is 4. Deletion is not allowed in this container yet.
2019-10-24 12:11:55,524 [EventQueue-ContainerReportForContainerReportHandler] WARN  container.ContainerReportHandler (AbstractContainerReportHandler.java:updateContainerState(145)) - Container #1 is in OPEN state, but the datanode c58683fb-6de7-4590-940d-14e09458c307{ip: 192.168.164.210, host: pr-hdds-2358-mdv8n-1797098514, networkLocation: /default-rack, certSerialId: null} reports an CLOSED replica.
2019-10-24 12:11:55,729 [EventQueue-ContainerReportForContainerReportHandler] WARN  container.ContainerReportHandler (AbstractContainerReportHandler.java:updateContainerState(145)) - Container #1 is in OPEN state, but the datanode c58683fb-6de7-4590-940d-14e09458c307{ip: 192.168.164.210, host: pr-hdds-2358-mdv8n-1797098514, networkLocation: /default-rack, certSerialId: null} reports an CLOSED replica.
2019-10-24 12:11:55,737 [EventQueue-ContainerReportForContainerReportHandler] WARN  container.ContainerReportHandler (AbstractContainerReportHandler.java:updateContainerState(145)) - Container #1 is in OPEN state, but the datanode 7f01d92b-bd13-46ba-b46f-c65517f7cb74{ip: 192.168.164.210, host: pr-hdds-2358-mdv8n-1797098514, networkLocation: /default-rack, certSerialId: null} reports an CLOSED replica.
2019-10-24 12:11:56,025 [EventQueue-ContainerReportForContainerReportHandler] WARN  container.ContainerReportHandler (AbstractContainerReportHandler.java:updateContainerState(145)) - Container #1 is in OPEN state, but the datanode c58683fb-6de7-4590-940d-14e09458c307{ip: 192.168.164.210, host: pr-hdds-2358-mdv8n-1797098514, networkLocation: /default-rack, certSerialId: null} reports an CLOSED replica.
2019-10-24 12:11:56,137 [EventQueue-ContainerReportForContainerReportHandler] WARN  container.ContainerReportHandler (AbstractContainerReportHandler.java:updateContainerState(145)) - Container #1 is in OPEN state, but the datanode 7f01d92b-bd13-46ba-b46f-c65517f7cb74{ip: 192.168.164.210, host: pr-hdds-2358-mdv8n-1797098514, networkLocation: /default-rack, certSerialId: null} reports an CLOSED replica.
2019-10-24 12:11:56,425 [EventQueue-ContainerReportForContainerReportHandler] WARN  container.ContainerReportHandler (AbstractContainerReportHandler.java:updateContainerState(145)) - Container #1 is in OPEN state, but the datanode c58683fb-6de7-4590-940d-14e09458c307{ip: 192.168.164.210, host: pr-hdds-2358-mdv8n-1797098514, networkLocation: /default-rack, certSerialId: null} reports an CLOSED replica.
2019-10-24 12:11:56,437 [EventQueue-ContainerReportForContainerReportHandler] WARN  container.ContainerReportHandler (AbstractContainerReportHandler.java:updateContainerState(145)) - Container #1 is in OPEN state, but the datanode 7f01d92b-bd13-46ba-b46f-c65517f7cb74{ip: 192.168.164.210, host: pr-hdds-2358-mdv8n-1797098514, networkLocation: /default-rack, certSerialId: null} reports an CLOSED replica.
2019-10-24 12:11:56,480 [BlockDeletingService#2] WARN  background.BlockDeletingService (BlockDeletingService.java:isDeletionAllowed(187)) - Close Container log Index 6 is not replicated across allthe servers in the pipeline 97cf7ea5-f2f0-44c7-b45b-eed279b04bd8 as the min replicated index is 4. Deletion is not allowed in this container yet.
2019-10-24 12:11:56,480 [BlockDeletingService#2] WARN  background.BlockDeletingService (BlockDeletingService.java:isDeletionAllowed(187)) - Close Container log Index 6 is not replicated across allthe servers in the pipeline 97cf7ea5-f2f0-44c7-b45b-eed279b04bd8 as the min replicated index is 4. Deletion is not allowed in this container yet.
2019-10-24 12:11:56,725 [EventQueue-ContainerReportForContainerReportHandler] WARN  container.ContainerReportHandler (AbstractContainerReportHandler.java:updateContainerState(145)) - Container #1 is in OPEN state, but the datanode c58683fb-6de7-4590-940d-14e09458c307{ip: 192.168.164.210, host: pr-hdds-2358-mdv8n-1797098514, networkLocation: /default-rack, certSerialId: null} reports an CLOSED replica.
2019-10-24 12:11:56,737 [EventQueue-ContainerReportForContainerReportHandler] WARN  container.ContainerReportHandler (AbstractContainerReportHandler.java:updateContainerState(145)) - Container #1 is in OPEN state, but the datanode 7f01d92b-bd13-46ba-b46f-c65517f7cb74{ip: 192.168.164.210, host: pr-hdds-2358-mdv8n-1797098514, networkLocation: /default-rack, certSerialId: null} reports an CLOSED replica.
2019-10-24 12:11:56,937 [EventQueue-ContainerReportForContainerReportHandler] WARN  container.ContainerReportHandler (AbstractContainerReportHandler.java:updateContainerState(145)) - Container #1 is in OPEN state, but the datanode 7f01d92b-bd13-46ba-b46f-c65517f7cb74{ip: 192.168.164.210, host: pr-hdds-2358-mdv8n-1797098514, networkLocation: /default-rack, certSerialId: null} reports an CLOSED replica.
2019-10-24 12:11:56,962 [java.util.concurrent.ThreadPoolExecutor$Worker@53c23726[State = -1, empty queue]] WARN  server.GrpcLogAppender (GrpcLogAppender.java:timeoutAppendRequest(209)) - c58683fb-6de7-4590-940d-14e09458c307@group-EED279B04BD8->b0079d05-68ff-4074-a89c-94d611ddbdcd-GrpcLogAppender: appendEntries Timeout, request=c58683fb-6de7-4590-940d-14e09458c307->b0079d05-68ff-4074-a89c-94d611ddbdcd#40-t1, previous=(t:1, i:10), leaderCommit=10, initializing? false, entries: <empty>
2019-10-24 12:11:57,024 [EventQueue-ContainerReportForContainerReportHandler] WARN  container.ContainerReportHandler (AbstractContainerReportHandler.java:updateContainerState(145)) - Container #1 is in OPEN state, but the datanode c58683fb-6de7-4590-940d-14e09458c307{ip: 192.168.164.210, host: pr-hdds-2358-mdv8n-1797098514, networkLocation: /default-rack, certSerialId: null} reports an CLOSED replica.
2019-10-24 12:11:57,324 [EventQueue-ContainerReportForContainerReportHandler] WARN  container.ContainerReportHandler (AbstractContainerReportHandler.java:updateContainerState(145)) - Container #1 is in OPEN state, but the datanode c58683fb-6de7-4590-940d-14e09458c307{ip: 192.168.164.210, host: pr-hdds-2358-mdv8n-1797098514, networkLocation: /default-rack, certSerialId: null} reports an CLOSED replica.
2019-10-24 12:11:57,336 [EventQueue-ContainerReportForContainerReportHandler] WARN  container.ContainerReportHandler (AbstractContainerReportHandler.java:updateContainerState(145)) - Container #1 is in OPEN state, but the datanode 7f01d92b-bd13-46ba-b46f-c65517f7cb74{ip: 192.168.164.210, host: pr-hdds-2358-mdv8n-1797098514, networkLocation: /default-rack, certSerialId: null} reports an CLOSED replica.
2019-10-24 12:11:57,482 [BlockDeletingService#2] WARN  background.BlockDeletingService (BlockDeletingService.java:isDeletionAllowed(187)) - Close Container log Index 6 is not replicated across allthe servers in the pipeline 97cf7ea5-f2f0-44c7-b45b-eed279b04bd8 as the min replicated index is 4. Deletion is not allowed in this container yet.
2019-10-24 12:11:57,482 [BlockDeletingService#2] WARN  background.BlockDeletingService (BlockDeletingService.java:isDeletionAllowed(187)) - Close Container log Index 6 is not replicated across allthe servers in the pipeline 97cf7ea5-f2f0-44c7-b45b-eed279b04bd8 as the min replicated index is 4. Deletion is not allowed in this container yet.
2019-10-24 12:11:57,524 [EventQueue-ContainerReportForContainerReportHandler] WARN  container.ContainerReportHandler (AbstractContainerReportHandler.java:updateContainerState(145)) - Container #1 is in OPEN state, but the datanode c58683fb-6de7-4590-940d-14e09458c307{ip: 192.168.164.210, host: pr-hdds-2358-mdv8n-1797098514, networkLocation: /default-rack, certSerialId: null} reports an CLOSED replica.
2019-10-24 12:11:57,737 [EventQueue-ContainerReportForContainerReportHandler] WARN  container.ContainerReportHandler (AbstractContainerReportHandler.java:updateContainerState(145)) - Container #1 is in OPEN state, but the datanode 7f01d92b-bd13-46ba-b46f-c65517f7cb74{ip: 192.168.164.210, host: pr-hdds-2358-mdv8n-1797098514, networkLocation: /default-rack, certSerialId: null} reports an CLOSED replica.
2019-10-24 12:11:57,825 [EventQueue-ContainerReportForContainerReportHandler] WARN  container.ContainerReportHandler (AbstractContainerReportHandler.java:updateContainerState(145)) - Container #1 is in OPEN state, but the datanode c58683fb-6de7-4590-940d-14e09458c307{ip: 192.168.164.210, host: pr-hdds-2358-mdv8n-1797098514, networkLocation: /default-rack, certSerialId: null} reports an CLOSED replica.
2019-10-24 12:11:58,038 [EventQueue-ContainerReportForContainerReportHandler] WARN  container.ContainerReportHandler (AbstractContainerReportHandler.java:updateContainerState(145)) - Container #1 is in OPEN state, but the datanode 7f01d92b-bd13-46ba-b46f-c65517f7cb74{ip: 192.168.164.210, host: pr-hdds-2358-mdv8n-1797098514, networkLocation: /default-rack, certSerialId: null} reports an CLOSED replica.
2019-10-24 12:11:58,224 [EventQueue-ContainerReportForContainerReportHandler] WARN  container.ContainerReportHandler (AbstractContainerReportHandler.java:updateContainerState(145)) - Container #1 is in OPEN state, but the datanode c58683fb-6de7-4590-940d-14e09458c307{ip: 192.168.164.210, host: pr-hdds-2358-mdv8n-1797098514, networkLocation: /default-rack, certSerialId: null} reports an CLOSED replica.
2019-10-24 12:11:58,425 [EventQueue-ContainerReportForContainerReportHandler] WARN  container.ContainerReportHandler (AbstractContainerReportHandler.java:updateContainerState(145)) - Container #1 is in OPEN state, but the datanode c58683fb-6de7-4590-940d-14e09458c307{ip: 192.168.164.210, host: pr-hdds-2358-mdv8n-1797098514, networkLocation: /default-rack, certSerialId: null} reports an CLOSED replica.
2019-10-24 12:11:58,439 [EventQueue-ContainerReportForContainerReportHandler] WARN  container.ContainerReportHandler (AbstractContainerReportHandler.java:updateContainerState(145)) - Container #1 is in OPEN state, but the datanode 7f01d92b-bd13-46ba-b46f-c65517f7cb74{ip: 192.168.164.210, host: pr-hdds-2358-mdv8n-1797098514, networkLocation: /default-rack, certSerialId: null} reports an CLOSED replica.
2019-10-24 12:11:58,485 [BlockDeletingService#2] WARN  background.BlockDeletingService (BlockDeletingService.java:isDeletionAllowed(187)) - Close Container log Index 6 is not replicated across allthe servers in the pipeline 97cf7ea5-f2f0-44c7-b45b-eed279b04bd8 as the min replicated index is 4. Deletion is not allowed in this container yet.
2019-10-24 12:11:58,485 [BlockDeletingService#2] WARN  background.BlockDeletingService (BlockDeletingService.java:isDeletionAllowed(187)) - Close Container log Index 6 is not replicated across allthe servers in the pipeline 97cf7ea5-f2f0-44c7-b45b-eed279b04bd8 as the min replicated index is 4. Deletion is not allowed in this container yet.
2019-10-24 12:11:58,640 [EventQueue-ContainerReportForContainerReportHandler] WARN  container.ContainerReportHandler (AbstractContainerReportHandler.java:updateContainerState(145)) - Container #1 is in OPEN state, but the datanode 7f01d92b-bd13-46ba-b46f-c65517f7cb74{ip: 192.168.164.210, host: pr-hdds-2358-mdv8n-1797098514, networkLocation: /default-rack, certSerialId: null} reports an CLOSED replica.
2019-10-24 12:11:58,725 [EventQueue-ContainerReportForContainerReportHandler] WARN  container.ContainerReportHandler (AbstractContainerReportHandler.java:updateContainerState(145)) - Container #1 is in OPEN state, but the datanode c58683fb-6de7-4590-940d-14e09458c307{ip: 192.168.164.210, host: pr-hdds-2358-mdv8n-1797098514, networkLocation: /default-rack, certSerialId: null} reports an CLOSED replica.
2019-10-24 12:11:59,025 [EventQueue-ContainerReportForContainerReportHandler] WARN  container.ContainerReportHandler (AbstractContainerReportHandler.java:updateContainerState(145)) - Container #1 is in OPEN state, but the datanode c58683fb-6de7-4590-940d-14e09458c307{ip: 192.168.164.210, host: pr-hdds-2358-mdv8n-1797098514, networkLocation: /default-rack, certSerialId: null} reports an CLOSED replica.
2019-10-24 12:11:59,042 [EventQueue-ContainerReportForContainerReportHandler] WARN  container.ContainerReportHandler (AbstractContainerReportHandler.java:updateContainerState(145)) - Container #1 is in OPEN state, but the datanode 7f01d92b-bd13-46ba-b46f-c65517f7cb74{ip: 192.168.164.210, host: pr-hdds-2358-mdv8n-1797098514, networkLocation: /default-rack, certSerialId: null} reports an CLOSED replica.
2019-10-24 12:11:59,341 [EventQueue-ContainerReportForContainerReportHandler] WARN  container.ContainerReportHandler (AbstractContainerReportHandler.java:updateContainerState(145)) - Container #1 is in OPEN state, but the datanode 7f01d92b-bd13-46ba-b46f-c65517f7cb74{ip: 192.168.164.210, host: pr-hdds-2358-mdv8n-1797098514, networkLocation: /default-rack, certSerialId: null} reports an CLOSED replica.
2019-10-24 12:11:59,426 [EventQueue-ContainerReportForContainerReportHandler] WARN  container.ContainerReportHandler (AbstractContainerReportHandler.java:updateContainerState(145)) - Container #1 is in OPEN state, but the datanode c58683fb-6de7-4590-940d-14e09458c307{ip: 192.168.164.210, host: pr-hdds-2358-mdv8n-1797098514, networkLocation: /default-rack, certSerialId: null} reports an CLOSED replica.
2019-10-24 12:11:59,465 [java.util.concurrent.ThreadPoolExecutor$Worker@53c23726[State = -1, empty queue]] WARN  server.GrpcLogAppender (GrpcLogAppender.java:timeoutAppendRequest(209)) - c58683fb-6de7-4590-940d-14e09458c307@group-EED279B04BD8->b0079d05-68ff-4074-a89c-94d611ddbdcd-GrpcLogAppender: appendEntries Timeout, request=c58683fb-6de7-4590-940d-14e09458c307->b0079d05-68ff-4074-a89c-94d611ddbdcd#41-t1, previous=(t:1, i:10), leaderCommit=10, initializing? false, entries: <empty>
2019-10-24 12:11:59,487 [BlockDeletingService#2] WARN  background.BlockDeletingService (BlockDeletingService.java:isDeletionAllowed(187)) - Close Container log Index 6 is not replicated across allthe servers in the pipeline 97cf7ea5-f2f0-44c7-b45b-eed279b04bd8 as the min replicated index is 4. Deletion is not allowed in this container yet.
2019-10-24 12:11:59,487 [BlockDeletingService#2] WARN  background.BlockDeletingService (BlockDeletingService.java:isDeletionAllowed(187)) - Close Container log Index 6 is not replicated across allthe servers in the pipeline 97cf7ea5-f2f0-44c7-b45b-eed279b04bd8 as the min replicated index is 4. Deletion is not allowed in this container yet.
2019-10-24 12:11:59,642 [EventQueue-ContainerReportForContainerReportHandler] WARN  container.ContainerReportHandler (AbstractContainerReportHandler.java:updateContainerState(145)) - Container #1 is in OPEN state, but the datanode 7f01d92b-bd13-46ba-b46f-c65517f7cb74{ip: 192.168.164.210, host: pr-hdds-2358-mdv8n-1797098514, networkLocation: /default-rack, certSerialId: null} reports an CLOSED replica.
2019-10-24 12:11:59,826 [EventQueue-ContainerReportForContainerReportHandler] WARN  container.ContainerReportHandler (AbstractContainerReportHandler.java:updateContainerState(145)) - Container #1 is in OPEN state, but the datanode c58683fb-6de7-4590-940d-14e09458c307{ip: 192.168.164.210, host: pr-hdds-2358-mdv8n-1797098514, networkLocation: /default-rack, certSerialId: null} reports an CLOSED replica.
2019-10-24 12:11:59,842 [EventQueue-ContainerReportForContainerReportHandler] WARN  container.ContainerReportHandler (AbstractContainerReportHandler.java:updateContainerState(145)) - Container #1 is in OPEN state, but the datanode 7f01d92b-bd13-46ba-b46f-c65517f7cb74{ip: 192.168.164.210, host: pr-hdds-2358-mdv8n-1797098514, networkLocation: /default-rack, certSerialId: null} reports an CLOSED replica.
2019-10-24 12:12:00,225 [EventQueue-ContainerReportForContainerReportHandler] WARN  container.ContainerReportHandler (AbstractContainerReportHandler.java:updateContainerState(145)) - Container #1 is in OPEN state, but the datanode c58683fb-6de7-4590-940d-14e09458c307{ip: 192.168.164.210, host: pr-hdds-2358-mdv8n-1797098514, networkLocation: /default-rack, certSerialId: null} reports an CLOSED replica.
2019-10-24 12:12:00,241 [EventQueue-ContainerReportForContainerReportHandler] WARN  container.ContainerReportHandler (AbstractContainerReportHandler.java:updateContainerState(145)) - Container #1 is in OPEN state, but the datanode 7f01d92b-bd13-46ba-b46f-c65517f7cb74{ip: 192.168.164.210, host: pr-hdds-2358-mdv8n-1797098514, networkLocation: /default-rack, certSerialId: null} reports an CLOSED replica.
2019-10-24 12:12:00,492 [BlockDeletingService#2] WARN  background.BlockDeletingService (BlockDeletingService.java:isDeletionAllowed(187)) - Close Container log Index 6 is not replicated across allthe servers in the pipeline 97cf7ea5-f2f0-44c7-b45b-eed279b04bd8 as the min replicated index is 4. Deletion is not allowed in this container yet.
2019-10-24 12:12:00,492 [BlockDeletingService#2] WARN  background.BlockDeletingService (BlockDeletingService.java:isDeletionAllowed(187)) - Close Container log Index 6 is not replicated across allthe servers in the pipeline 97cf7ea5-f2f0-44c7-b45b-eed279b04bd8 as the min replicated index is 4. Deletion is not allowed in this container yet.
2019-10-24 12:12:00,526 [EventQueue-ContainerReportForContainerReportHandler] WARN  container.ContainerReportHandler (AbstractContainerReportHandler.java:updateContainerState(145)) - Container #1 is in OPEN state, but the datanode c58683fb-6de7-4590-940d-14e09458c307{ip: 192.168.164.210, host: pr-hdds-2358-mdv8n-1797098514, networkLocation: /default-rack, certSerialId: null} reports an CLOSED replica.
2019-10-24 12:12:00,642 [EventQueue-ContainerReportForContainerReportHandler] WARN  container.ContainerReportHandler (AbstractContainerReportHandler.java:updateContainerState(145)) - Container #1 is in OPEN state, but the datanode 7f01d92b-bd13-46ba-b46f-c65517f7cb74{ip: 192.168.164.210, host: pr-hdds-2358-mdv8n-1797098514, networkLocation: /default-rack, certSerialId: null} reports an CLOSED replica.
2019-10-24 12:12:00,726 [EventQueue-ContainerReportForContainerReportHandler] WARN  container.ContainerReportHandler (AbstractContainerReportHandler.java:updateContainerState(145)) - Container #1 is in OPEN state, but the datanode c58683fb-6de7-4590-940d-14e09458c307{ip: 192.168.164.210, host: pr-hdds-2358-mdv8n-1797098514, networkLocation: /default-rack, certSerialId: null} reports an CLOSED replica.
2019-10-24 12:12:00,942 [EventQueue-ContainerReportForContainerReportHandler] WARN  container.ContainerReportHandler (AbstractContainerReportHandler.java:updateContainerState(145)) - Container #1 is in OPEN state, but the datanode 7f01d92b-bd13-46ba-b46f-c65517f7cb74{ip: 192.168.164.210, host: pr-hdds-2358-mdv8n-1797098514, networkLocation: /default-rack, certSerialId: null} reports an CLOSED replica.
2019-10-24 12:12:01,126 [EventQueue-ContainerReportForContainerReportHandler] WARN  container.ContainerReportHandler (AbstractContainerReportHandler.java:updateContainerState(145)) - Container #1 is in OPEN state, but the datanode c58683fb-6de7-4590-940d-14e09458c307{ip: 192.168.164.210, host: pr-hdds-2358-mdv8n-1797098514, networkLocation: /default-rack, certSerialId: null} reports an CLOSED replica.
2019-10-24 12:12:01,242 [EventQueue-ContainerReportForContainerReportHandler] WARN  container.ContainerReportHandler (AbstractContainerReportHandler.java:updateContainerState(145)) - Container #1 is in OPEN state, but the datanode 7f01d92b-bd13-46ba-b46f-c65517f7cb74{ip: 192.168.164.210, host: pr-hdds-2358-mdv8n-1797098514, networkLocation: /default-rack, certSerialId: null} reports an CLOSED replica.
2019-10-24 12:12:01,326 [EventQueue-ContainerReportForContainerReportHandler] WARN  container.ContainerReportHandler (AbstractContainerReportHandler.java:updateContainerState(145)) - Container #1 is in OPEN state, but the datanode c58683fb-6de7-4590-940d-14e09458c307{ip: 192.168.164.210, host: pr-hdds-2358-mdv8n-1797098514, networkLocation: /default-rack, certSerialId: null} reports an CLOSED replica.
2019-10-24 12:12:01,495 [BlockDeletingService#2] WARN  background.BlockDeletingService (BlockDeletingService.java:isDeletionAllowed(187)) - Close Container log Index 6 is not replicated across allthe servers in the pipeline 97cf7ea5-f2f0-44c7-b45b-eed279b04bd8 as the min replicated index is 4. Deletion is not allowed in this container yet.
2019-10-24 12:12:01,495 [BlockDeletingService#2] WARN  background.BlockDeletingService (BlockDeletingService.java:isDeletionAllowed(187)) - Close Container log Index 6 is not replicated across allthe servers in the pipeline 97cf7ea5-f2f0-44c7-b45b-eed279b04bd8 as the min replicated index is 4. Deletion is not allowed in this container yet.
2019-10-24 12:12:01,543 [EventQueue-ContainerReportForContainerReportHandler] WARN  container.ContainerReportHandler (AbstractContainerReportHandler.java:updateContainerState(145)) - Container #1 is in OPEN state, but the datanode 7f01d92b-bd13-46ba-b46f-c65517f7cb74{ip: 192.168.164.210, host: pr-hdds-2358-mdv8n-1797098514, networkLocation: /default-rack, certSerialId: null} reports an CLOSED replica.
2019-10-24 12:12:01,727 [EventQueue-ContainerReportForContainerReportHandler] WARN  container.ContainerReportHandler (AbstractContainerReportHandler.java:updateContainerState(145)) - Container #1 is in OPEN state, but the datanode c58683fb-6de7-4590-940d-14e09458c307{ip: 192.168.164.210, host: pr-hdds-2358-mdv8n-1797098514, networkLocation: /default-rack, certSerialId: null} reports an CLOSED replica.
2019-10-24 12:12:01,844 [EventQueue-ContainerReportForContainerReportHandler] WARN  container.ContainerReportHandler (AbstractContainerReportHandler.java:updateContainerState(145)) - Container #1 is in OPEN state, but the datanode 7f01d92b-bd13-46ba-b46f-c65517f7cb74{ip: 192.168.164.210, host: pr-hdds-2358-mdv8n-1797098514, networkLocation: /default-rack, certSerialId: null} reports an CLOSED replica.
2019-10-24 12:12:01,968 [java.util.concurrent.ThreadPoolExecutor$Worker@53c23726[State = -1, empty queue]] WARN  server.GrpcLogAppender (GrpcLogAppender.java:timeoutAppendRequest(209)) - c58683fb-6de7-4590-940d-14e09458c307@group-EED279B04BD8->b0079d05-68ff-4074-a89c-94d611ddbdcd-GrpcLogAppender: appendEntries Timeout, request=c58683fb-6de7-4590-940d-14e09458c307->b0079d05-68ff-4074-a89c-94d611ddbdcd#42-t1, previous=(t:1, i:10), leaderCommit=10, initializing? false, entries: <empty>
2019-10-24 12:12:02,026 [EventQueue-ContainerReportForContainerReportHandler] WARN  container.ContainerReportHandler (AbstractContainerReportHandler.java:updateContainerState(145)) - Container #1 is in OPEN state, but the datanode c58683fb-6de7-4590-940d-14e09458c307{ip: 192.168.164.210, host: pr-hdds-2358-mdv8n-1797098514, networkLocation: /default-rack, certSerialId: null} reports an CLOSED replica.
2019-10-24 12:12:02,143 [EventQueue-ContainerReportForContainerReportHandler] WARN  container.ContainerReportHandler (AbstractContainerReportHandler.java:updateContainerState(145)) - Container #1 is in OPEN state, but the datanode 7f01d92b-bd13-46ba-b46f-c65517f7cb74{ip: 192.168.164.210, host: pr-hdds-2358-mdv8n-1797098514, networkLocation: /default-rack, certSerialId: null} reports an CLOSED replica.
2019-10-24 12:12:02,326 [EventQueue-ContainerReportForContainerReportHandler] WARN  container.ContainerReportHandler (AbstractContainerReportHandler.java:updateContainerState(145)) - Container #1 is in OPEN state, but the datanode c58683fb-6de7-4590-940d-14e09458c307{ip: 192.168.164.210, host: pr-hdds-2358-mdv8n-1797098514, networkLocation: /default-rack, certSerialId: null} reports an CLOSED replica.
2019-10-24 12:12:02,443 [EventQueue-ContainerReportForContainerReportHandler] WARN  container.ContainerReportHandler (AbstractContainerReportHandler.java:updateContainerState(145)) - Container #1 is in OPEN state, but the datanode 7f01d92b-bd13-46ba-b46f-c65517f7cb74{ip: 192.168.164.210, host: pr-hdds-2358-mdv8n-1797098514, networkLocation: /default-rack, certSerialId: null} reports an CLOSED replica.
2019-10-24 12:12:02,499 [BlockDeletingService#2] WARN  background.BlockDeletingService (BlockDeletingService.java:isDeletionAllowed(187)) - Close Container log Index 6 is not replicated across allthe servers in the pipeline 97cf7ea5-f2f0-44c7-b45b-eed279b04bd8 as the min replicated index is 4. Deletion is not allowed in this container yet.
2019-10-24 12:12:02,499 [BlockDeletingService#2] WARN  background.BlockDeletingService (BlockDeletingService.java:isDeletionAllowed(187)) - Close Container log Index 6 is not replicated across allthe servers in the pipeline 97cf7ea5-f2f0-44c7-b45b-eed279b04bd8 as the min replicated index is 4. Deletion is not allowed in this container yet.
2019-10-24 12:12:02,530 [EventQueue-ContainerReportForContainerReportHandler] WARN  container.ContainerReportHandler (AbstractContainerReportHandler.java:updateContainerState(145)) - Container #1 is in OPEN state, but the datanode c58683fb-6de7-4590-940d-14e09458c307{ip: 192.168.164.210, host: pr-hdds-2358-mdv8n-1797098514, networkLocation: /default-rack, certSerialId: null} reports an CLOSED replica.
2019-10-24 12:12:02,727 [EventQueue-ContainerReportForContainerReportHandler] WARN  container.ContainerReportHandler (AbstractContainerReportHandler.java:updateContainerState(145)) - Container #1 is in OPEN state, but the datanode c58683fb-6de7-4590-940d-14e09458c307{ip: 192.168.164.210, host: pr-hdds-2358-mdv8n-1797098514, networkLocation: /default-rack, certSerialId: null} reports an CLOSED replica.
2019-10-24 12:12:02,743 [EventQueue-ContainerReportForContainerReportHandler] WARN  container.ContainerReportHandler (AbstractContainerReportHandler.java:updateContainerState(145)) - Container #1 is in OPEN state, but the datanode 7f01d92b-bd13-46ba-b46f-c65517f7cb74{ip: 192.168.164.210, host: pr-hdds-2358-mdv8n-1797098514, networkLocation: /default-rack, certSerialId: null} reports an CLOSED replica.
2019-10-24 12:12:02,927 [EventQueue-ContainerReportForContainerReportHandler] WARN  container.ContainerReportHandler (AbstractContainerReportHandler.java:updateContainerState(145)) - Container #1 is in OPEN state, but the datanode c58683fb-6de7-4590-940d-14e09458c307{ip: 192.168.164.210, host: pr-hdds-2358-mdv8n-1797098514, networkLocation: /default-rack, certSerialId: null} reports an CLOSED replica.
2019-10-24 12:12:03,043 [EventQueue-ContainerReportForContainerReportHandler] WARN  container.ContainerReportHandler (AbstractContainerReportHandler.java:updateContainerState(145)) - Container #1 is in OPEN state, but the datanode 7f01d92b-bd13-46ba-b46f-c65517f7cb74{ip: 192.168.164.210, host: pr-hdds-2358-mdv8n-1797098514, networkLocation: /default-rack, certSerialId: null} reports an CLOSED replica.
2019-10-24 12:12:03,227 [EventQueue-ContainerReportForContainerReportHandler] WARN  container.ContainerReportHandler (AbstractContainerReportHandler.java:updateContainerState(145)) - Container #1 is in OPEN state, but the datanode c58683fb-6de7-4590-940d-14e09458c307{ip: 192.168.164.210, host: pr-hdds-2358-mdv8n-1797098514, networkLocation: /default-rack, certSerialId: null} reports an CLOSED replica.
2019-10-24 12:12:03,345 [EventQueue-ContainerReportForContainerReportHandler] WARN  container.ContainerReportHandler (AbstractContainerReportHandler.java:updateContainerState(145)) - Container #1 is in OPEN state, but the datanode 7f01d92b-bd13-46ba-b46f-c65517f7cb74{ip: 192.168.164.210, host: pr-hdds-2358-mdv8n-1797098514, networkLocation: /default-rack, certSerialId: null} reports an CLOSED replica.
2019-10-24 12:12:03,427 [EventQueue-ContainerReportForContainerReportHandler] WARN  container.ContainerReportHandler (AbstractContainerReportHandler.java:updateContainerState(145)) - Container #1 is in OPEN state, but the datanode c58683fb-6de7-4590-940d-14e09458c307{ip: 192.168.164.210, host: pr-hdds-2358-mdv8n-1797098514, networkLocation: /default-rack, certSerialId: null} reports an CLOSED replica.
2019-10-24 12:12:03,502 [BlockDeletingService#2] WARN  background.BlockDeletingService (BlockDeletingService.java:isDeletionAllowed(187)) - Close Container log Index 6 is not replicated across allthe servers in the pipeline 97cf7ea5-f2f0-44c7-b45b-eed279b04bd8 as the min replicated index is 4. Deletion is not allowed in this container yet.
2019-10-24 12:12:03,502 [BlockDeletingService#2] WARN  background.BlockDeletingService (BlockDeletingService.java:isDeletionAllowed(187)) - Close Container log Index 6 is not replicated across allthe servers in the pipeline 97cf7ea5-f2f0-44c7-b45b-eed279b04bd8 as the min replicated index is 4. Deletion is not allowed in this container yet.
2019-10-24 12:12:03,545 [EventQueue-ContainerReportForContainerReportHandler] WARN  container.ContainerReportHandler (AbstractContainerReportHandler.java:updateContainerState(145)) - Container #1 is in OPEN state, but the datanode 7f01d92b-bd13-46ba-b46f-c65517f7cb74{ip: 192.168.164.210, host: pr-hdds-2358-mdv8n-1797098514, networkLocation: /default-rack, certSerialId: null} reports an CLOSED replica.
2019-10-24 12:12:03,667 [Thread-467] INFO  client.GrpcClientProtocolService (GrpcClientProtocolService.java:lambda$processClientRequest$0(279)) - Failed RaftClientRequest:client-A2BC9D366054->7f01d92b-bd13-46ba-b46f-c65517f7cb74@group-EED279B04BD8, cid=10, seq=0, Watch-ALL_COMMITTED(6), Message:<EMPTY>, reply=RaftClientReply:client-A2BC9D366054->7f01d92b-bd13-46ba-b46f-c65517f7cb74@group-EED279B04BD8, cid=10, FAILED org.apache.ratis.protocol.NotLeaderException: Server 7f01d92b-bd13-46ba-b46f-c65517f7cb74@group-EED279B04BD8 is not the leader c58683fb-6de7-4590-940d-14e09458c307:192.168.164.210:44335, logIndex=0, commits[7f01d92b-bd13-46ba-b46f-c65517f7cb74:c10, b0079d05-68ff-4074-a89c-94d611ddbdcd:c4, c58683fb-6de7-4590-940d-14e09458c307:c10]
2019-10-24 12:12:03,728 [EventQueue-ContainerReportForContainerReportHandler] WARN  container.ContainerReportHandler (AbstractContainerReportHandler.java:updateContainerState(145)) - Container #1 is in OPEN state, but the datanode c58683fb-6de7-4590-940d-14e09458c307{ip: 192.168.164.210, host: pr-hdds-2358-mdv8n-1797098514, networkLocation: /default-rack, certSerialId: null} reports an CLOSED replica.
2019-10-24 12:12:03,745 [EventQueue-ContainerReportForContainerReportHandler] WARN  container.ContainerReportHandler (AbstractContainerReportHandler.java:updateContainerState(145)) - Container #1 is in OPEN state, but the datanode 7f01d92b-bd13-46ba-b46f-c65517f7cb74{ip: 192.168.164.210, host: pr-hdds-2358-mdv8n-1797098514, networkLocation: /default-rack, certSerialId: null} reports an CLOSED replica.
2019-10-24 12:12:04,028 [EventQueue-ContainerReportForContainerReportHandler] WARN  container.ContainerReportHandler (AbstractContainerReportHandler.java:updateContainerState(145)) - Container #1 is in OPEN state, but the datanode c58683fb-6de7-4590-940d-14e09458c307{ip: 192.168.164.210, host: pr-hdds-2358-mdv8n-1797098514, networkLocation: /default-rack, certSerialId: null} reports an CLOSED replica.
2019-10-24 12:12:04,044 [EventQueue-ContainerReportForContainerReportHandler] WARN  container.ContainerReportHandler (AbstractContainerReportHandler.java:updateContainerState(145)) - Container #1 is in OPEN state, but the datanode 7f01d92b-bd13-46ba-b46f-c65517f7cb74{ip: 192.168.164.210, host: pr-hdds-2358-mdv8n-1797098514, networkLocation: /default-rack, certSerialId: null} reports an CLOSED replica.
2019-10-24 12:12:04,329 [EventQueue-ContainerReportForContainerReportHandler] WARN  container.ContainerReportHandler (AbstractContainerReportHandler.java:updateContainerState(145)) - Container #1 is in OPEN state, but the datanode c58683fb-6de7-4590-940d-14e09458c307{ip: 192.168.164.210, host: pr-hdds-2358-mdv8n-1797098514, networkLocation: /default-rack, certSerialId: null} reports an CLOSED replica.
2019-10-24 12:12:04,446 [EventQueue-ContainerReportForContainerReportHandler] WARN  container.ContainerReportHandler (AbstractContainerReportHandler.java:updateContainerState(145)) - Container #1 is in OPEN state, but the datanode 7f01d92b-bd13-46ba-b46f-c65517f7cb74{ip: 192.168.164.210, host: pr-hdds-2358-mdv8n-1797098514, networkLocation: /default-rack, certSerialId: null} reports an CLOSED replica.
2019-10-24 12:12:04,471 [java.util.concurrent.ThreadPoolExecutor$Worker@53c23726[State = -1, empty queue]] WARN  server.GrpcLogAppender (GrpcLogAppender.java:timeoutAppendRequest(209)) - c58683fb-6de7-4590-940d-14e09458c307@group-EED279B04BD8->b0079d05-68ff-4074-a89c-94d611ddbdcd-GrpcLogAppender: appendEntries Timeout, request=c58683fb-6de7-4590-940d-14e09458c307->b0079d05-68ff-4074-a89c-94d611ddbdcd#43-t1, previous=(t:1, i:10), leaderCommit=10, initializing? false, entries: <empty>
2019-10-24 12:12:04,505 [BlockDeletingService#2] WARN  background.BlockDeletingService (BlockDeletingService.java:isDeletionAllowed(187)) - Close Container log Index 6 is not replicated across allthe servers in the pipeline 97cf7ea5-f2f0-44c7-b45b-eed279b04bd8 as the min replicated index is 4. Deletion is not allowed in this container yet.
2019-10-24 12:12:04,505 [BlockDeletingService#2] WARN  background.BlockDeletingService (BlockDeletingService.java:isDeletionAllowed(187)) - Close Container log Index 6 is not replicated across allthe servers in the pipeline 97cf7ea5-f2f0-44c7-b45b-eed279b04bd8 as the min replicated index is 4. Deletion is not allowed in this container yet.
2019-10-24 12:12:04,683 [Thread-473] INFO  client.GrpcClientProtocolService (GrpcClientProtocolService.java:lambda$processClientRequest$0(279)) - Failed RaftClientRequest:client-A2BC9D366054->c58683fb-6de7-4590-940d-14e09458c307@group-EED279B04BD8, cid=10, seq=0, Watch-ALL_COMMITTED(6), Message:<EMPTY>, reply=RaftClientReply:client-A2BC9D366054->c58683fb-6de7-4590-940d-14e09458c307@group-EED279B04BD8, cid=10, FAILED org.apache.ratis.protocol.NotReplicatedException: Request with call Id 10 and log index 6 is not yet replicated to ALL_COMMITTED, logIndex=6, commits[c58683fb-6de7-4590-940d-14e09458c307:c10, b0079d05-68ff-4074-a89c-94d611ddbdcd:c4, 7f01d92b-bd13-46ba-b46f-c65517f7cb74:c10]
2019-10-24 12:12:04,729 [EventQueue-ContainerReportForContainerReportHandler] WARN  container.ContainerReportHandler (AbstractContainerReportHandler.java:updateContainerState(145)) - Container #1 is in OPEN state, but the datanode c58683fb-6de7-4590-940d-14e09458c307{ip: 192.168.164.210, host: pr-hdds-2358-mdv8n-1797098514, networkLocation: /default-rack, certSerialId: null} reports an CLOSED replica.
2019-10-24 12:12:04,845 [EventQueue-ContainerReportForContainerReportHandler] WARN  container.ContainerReportHandler (AbstractContainerReportHandler.java:updateContainerState(145)) - Container #1 is in OPEN state, but the datanode 7f01d92b-bd13-46ba-b46f-c65517f7cb74{ip: 192.168.164.210, host: pr-hdds-2358-mdv8n-1797098514, networkLocation: /default-rack, certSerialId: null} reports an CLOSED replica.
2019-10-24 12:12:05,029 [EventQueue-ContainerReportForContainerReportHandler] WARN  container.ContainerReportHandler (AbstractContainerReportHandler.java:updateContainerState(145)) - Container #1 is in OPEN state, but the datanode c58683fb-6de7-4590-940d-14e09458c307{ip: 192.168.164.210, host: pr-hdds-2358-mdv8n-1797098514, networkLocation: /default-rack, certSerialId: null} reports an CLOSED replica.
2019-10-24 12:12:05,145 [EventQueue-ContainerReportForContainerReportHandler] WARN  container.ContainerReportHandler (AbstractContainerReportHandler.java:updateContainerState(145)) - Container #1 is in OPEN state, but the datanode 7f01d92b-bd13-46ba-b46f-c65517f7cb74{ip: 192.168.164.210, host: pr-hdds-2358-mdv8n-1797098514, networkLocation: /default-rack, certSerialId: null} reports an CLOSED replica.
2019-10-24 12:12:05,329 [EventQueue-ContainerReportForContainerReportHandler] WARN  container.ContainerReportHandler (AbstractContainerReportHandler.java:updateContainerState(145)) - Container #1 is in OPEN state, but the datanode c58683fb-6de7-4590-940d-14e09458c307{ip: 192.168.164.210, host: pr-hdds-2358-mdv8n-1797098514, networkLocation: /default-rack, certSerialId: null} reports an CLOSED replica.
2019-10-24 12:12:05,346 [EventQueue-ContainerReportForContainerReportHandler] WARN  container.ContainerReportHandler (AbstractContainerReportHandler.java:updateContainerState(145)) - Container #1 is in OPEN state, but the datanode 7f01d92b-bd13-46ba-b46f-c65517f7cb74{ip: 192.168.164.210, host: pr-hdds-2358-mdv8n-1797098514, networkLocation: /default-rack, certSerialId: null} reports an CLOSED replica.
2019-10-24 12:12:05,507 [BlockDeletingService#2] WARN  background.BlockDeletingService (BlockDeletingService.java:isDeletionAllowed(187)) - Close Container log Index 6 is not replicated across allthe servers in the pipeline 97cf7ea5-f2f0-44c7-b45b-eed279b04bd8 as the min replicated index is 4. Deletion is not allowed in this container yet.
2019-10-24 12:12:05,507 [BlockDeletingService#2] WARN  background.BlockDeletingService (BlockDeletingService.java:isDeletionAllowed(187)) - Close Container log Index 6 is not replicated across allthe servers in the pipeline 97cf7ea5-f2f0-44c7-b45b-eed279b04bd8 as the min replicated index is 4. Deletion is not allowed in this container yet.
2019-10-24 12:12:05,546 [EventQueue-ContainerReportForContainerReportHandler] WARN  container.ContainerReportHandler (AbstractContainerReportHandler.java:updateContainerState(145)) - Container #1 is in OPEN state, but the datanode 7f01d92b-bd13-46ba-b46f-c65517f7cb74{ip: 192.168.164.210, host: pr-hdds-2358-mdv8n-1797098514, networkLocation: /default-rack, certSerialId: null} reports an CLOSED replica.
2019-10-24 12:12:05,729 [EventQueue-ContainerReportForContainerReportHandler] WARN  container.ContainerReportHandler (AbstractContainerReportHandler.java:updateContainerState(145)) - Container #1 is in OPEN state, but the datanode c58683fb-6de7-4590-940d-14e09458c307{ip: 192.168.164.210, host: pr-hdds-2358-mdv8n-1797098514, networkLocation: /default-rack, certSerialId: null} reports an CLOSED replica.
2019-10-24 12:12:05,930 [EventQueue-ContainerReportForContainerReportHandler] WARN  container.ContainerReportHandler (AbstractContainerReportHandler.java:updateContainerState(145)) - Container #1 is in OPEN state, but the datanode c58683fb-6de7-4590-940d-14e09458c307{ip: 192.168.164.210, host: pr-hdds-2358-mdv8n-1797098514, networkLocation: /default-rack, certSerialId: null} reports an CLOSED replica.
2019-10-24 12:12:05,946 [EventQueue-ContainerReportForContainerReportHandler] WARN  container.ContainerReportHandler (AbstractContainerReportHandler.java:updateContainerState(145)) - Container #1 is in OPEN state, but the datanode 7f01d92b-bd13-46ba-b46f-c65517f7cb74{ip: 192.168.164.210, host: pr-hdds-2358-mdv8n-1797098514, networkLocation: /default-rack, certSerialId: null} reports an CLOSED replica.
2019-10-24 12:12:06,130 [EventQueue-ContainerReportForContainerReportHandler] WARN  container.ContainerReportHandler (AbstractContainerReportHandler.java:updateContainerState(145)) - Container #1 is in OPEN state, but the datanode c58683fb-6de7-4590-940d-14e09458c307{ip: 192.168.164.210, host: pr-hdds-2358-mdv8n-1797098514, networkLocation: /default-rack, certSerialId: null} reports an CLOSED replica.
2019-10-24 12:12:06,245 [EventQueue-ContainerReportForContainerReportHandler] WARN  container.ContainerReportHandler (AbstractContainerReportHandler.java:updateContainerState(145)) - Container #1 is in OPEN state, but the datanode 7f01d92b-bd13-46ba-b46f-c65517f7cb74{ip: 192.168.164.210, host: pr-hdds-2358-mdv8n-1797098514, networkLocation: /default-rack, certSerialId: null} reports an CLOSED replica.
2019-10-24 12:12:06,430 [EventQueue-ContainerReportForContainerReportHandler] WARN  container.ContainerReportHandler (AbstractContainerReportHandler.java:updateContainerState(145)) - Container #1 is in OPEN state, but the datanode c58683fb-6de7-4590-940d-14e09458c307{ip: 192.168.164.210, host: pr-hdds-2358-mdv8n-1797098514, networkLocation: /default-rack, certSerialId: null} reports an CLOSED replica.
2019-10-24 12:12:06,516 [BlockDeletingService#2] WARN  background.BlockDeletingService (BlockDeletingService.java:isDeletionAllowed(187)) - Close Container log Index 6 is not replicated across allthe servers in the pipeline 97cf7ea5-f2f0-44c7-b45b-eed279b04bd8 as the min replicated index is 4. Deletion is not allowed in this container yet.
2019-10-24 12:12:06,517 [BlockDeletingService#2] WARN  background.BlockDeletingService (BlockDeletingService.java:isDeletionAllowed(187)) - Close Container log Index 6 is not replicated across allthe servers in the pipeline 97cf7ea5-f2f0-44c7-b45b-eed279b04bd8 as the min replicated index is 4. Deletion is not allowed in this container yet.
2019-10-24 12:12:06,545 [EventQueue-ContainerReportForContainerReportHandler] WARN  container.ContainerReportHandler (AbstractContainerReportHandler.java:updateContainerState(145)) - Container #1 is in OPEN state, but the datanode 7f01d92b-bd13-46ba-b46f-c65517f7cb74{ip: 192.168.164.210, host: pr-hdds-2358-mdv8n-1797098514, networkLocation: /default-rack, certSerialId: null} reports an CLOSED replica.
2019-10-24 12:12:06,731 [EventQueue-ContainerReportForContainerReportHandler] WARN  container.ContainerReportHandler (AbstractContainerReportHandler.java:updateContainerState(145)) - Container #1 is in OPEN state, but the datanode c58683fb-6de7-4590-940d-14e09458c307{ip: 192.168.164.210, host: pr-hdds-2358-mdv8n-1797098514, networkLocation: /default-rack, certSerialId: null} reports an CLOSED replica.
2019-10-24 12:12:06,745 [EventQueue-ContainerReportForContainerReportHandler] WARN  container.ContainerReportHandler (AbstractContainerReportHandler.java:updateContainerState(145)) - Container #1 is in OPEN state, but the datanode 7f01d92b-bd13-46ba-b46f-c65517f7cb74{ip: 192.168.164.210, host: pr-hdds-2358-mdv8n-1797098514, networkLocation: /default-rack, certSerialId: null} reports an CLOSED replica.
2019-10-24 12:12:06,931 [EventQueue-ContainerReportForContainerReportHandler] WARN  container.ContainerReportHandler (AbstractContainerReportHandler.java:updateContainerState(145)) - Container #1 is in OPEN state, but the datanode c58683fb-6de7-4590-940d-14e09458c307{ip: 192.168.164.210, host: pr-hdds-2358-mdv8n-1797098514, networkLocation: /default-rack, certSerialId: null} reports an CLOSED replica.
2019-10-24 12:12:06,973 [java.util.concurrent.ThreadPoolExecutor$Worker@53c23726[State = -1, empty queue]] WARN  server.GrpcLogAppender (GrpcLogAppender.java:timeoutAppendRequest(209)) - c58683fb-6de7-4590-940d-14e09458c307@group-EED279B04BD8->b0079d05-68ff-4074-a89c-94d611ddbdcd-GrpcLogAppender: appendEntries Timeout, request=c58683fb-6de7-4590-940d-14e09458c307->b0079d05-68ff-4074-a89c-94d611ddbdcd#44-t1, previous=(t:1, i:10), leaderCommit=10, initializing? false, entries: <empty>
2019-10-24 12:12:07,146 [EventQueue-ContainerReportForContainerReportHandler] WARN  container.ContainerReportHandler (AbstractContainerReportHandler.java:updateContainerState(145)) - Container #1 is in OPEN state, but the datanode 7f01d92b-bd13-46ba-b46f-c65517f7cb74{ip: 192.168.164.210, host: pr-hdds-2358-mdv8n-1797098514, networkLocation: /default-rack, certSerialId: null} reports an CLOSED replica.
2019-10-24 12:12:07,233 [EventQueue-ContainerReportForContainerReportHandler] WARN  container.ContainerReportHandler (AbstractContainerReportHandler.java:updateContainerState(145)) - Container #1 is in OPEN state, but the datanode c58683fb-6de7-4590-940d-14e09458c307{ip: 192.168.164.210, host: pr-hdds-2358-mdv8n-1797098514, networkLocation: /default-rack, certSerialId: null} reports an CLOSED replica.
2019-10-24 12:12:07,434 [EventQueue-ContainerReportForContainerReportHandler] WARN  container.ContainerReportHandler (AbstractContainerReportHandler.java:updateContainerState(145)) - Container #1 is in OPEN state, but the datanode c58683fb-6de7-4590-940d-14e09458c307{ip: 192.168.164.210, host: pr-hdds-2358-mdv8n-1797098514, networkLocation: /default-rack, certSerialId: null} reports an CLOSED replica.
2019-10-24 12:12:07,520 [BlockDeletingService#2] WARN  background.BlockDeletingService (BlockDeletingService.java:isDeletionAllowed(187)) - Close Container log Index 6 is not replicated across allthe servers in the pipeline 97cf7ea5-f2f0-44c7-b45b-eed279b04bd8 as the min replicated index is 4. Deletion is not allowed in this container yet.
2019-10-24 12:12:07,520 [BlockDeletingService#2] WARN  background.BlockDeletingService (BlockDeletingService.java:isDeletionAllowed(187)) - Close Container log Index 6 is not replicated across allthe servers in the pipeline 97cf7ea5-f2f0-44c7-b45b-eed279b04bd8 as the min replicated index is 4. Deletion is not allowed in this container yet.
2019-10-24 12:12:07,546 [EventQueue-ContainerReportForContainerReportHandler] WARN  container.ContainerReportHandler (AbstractContainerReportHandler.java:updateContainerState(145)) - Container #1 is in OPEN state, but the datanode 7f01d92b-bd13-46ba-b46f-c65517f7cb74{ip: 192.168.164.210, host: pr-hdds-2358-mdv8n-1797098514, networkLocation: /default-rack, certSerialId: null} reports an CLOSED replica.
2019-10-24 12:12:07,734 [EventQueue-ContainerReportForContainerReportHandler] WARN  container.ContainerReportHandler (AbstractContainerReportHandler.java:updateContainerState(145)) - Container #1 is in OPEN state, but the datanode c58683fb-6de7-4590-940d-14e09458c307{ip: 192.168.164.210, host: pr-hdds-2358-mdv8n-1797098514, networkLocation: /default-rack, certSerialId: null} reports an CLOSED replica.
2019-10-24 12:12:07,846 [EventQueue-ContainerReportForContainerReportHandler] WARN  container.ContainerReportHandler (AbstractContainerReportHandler.java:updateContainerState(145)) - Container #1 is in OPEN state, but the datanode 7f01d92b-bd13-46ba-b46f-c65517f7cb74{ip: 192.168.164.210, host: pr-hdds-2358-mdv8n-1797098514, networkLocation: /default-rack, certSerialId: null} reports an CLOSED replica.
2019-10-24 12:12:07,935 [EventQueue-ContainerReportForContainerReportHandler] WARN  container.ContainerReportHandler (AbstractContainerReportHandler.java:updateContainerState(145)) - Container #1 is in OPEN state, but the datanode c58683fb-6de7-4590-940d-14e09458c307{ip: 192.168.164.210, host: pr-hdds-2358-mdv8n-1797098514, networkLocation: /default-rack, certSerialId: null} reports an CLOSED replica.
2019-10-24 12:12:08,146 [EventQueue-ContainerReportForContainerReportHandler] WARN  container.ContainerReportHandler (AbstractContainerReportHandler.java:updateContainerState(145)) - Container #1 is in OPEN state, but the datanode 7f01d92b-bd13-46ba-b46f-c65517f7cb74{ip: 192.168.164.210, host: pr-hdds-2358-mdv8n-1797098514, networkLocation: /default-rack, certSerialId: null} reports an CLOSED replica.
2019-10-24 12:12:08,235 [EventQueue-ContainerReportForContainerReportHandler] WARN  container.ContainerReportHandler (AbstractContainerReportHandler.java:updateContainerState(145)) - Container #1 is in OPEN state, but the datanode c58683fb-6de7-4590-940d-14e09458c307{ip: 192.168.164.210, host: pr-hdds-2358-mdv8n-1797098514, networkLocation: /default-rack, certSerialId: null} reports an CLOSED replica.
2019-10-24 12:12:08,446 [EventQueue-ContainerReportForContainerReportHandler] WARN  container.ContainerReportHandler (AbstractContainerReportHandler.java:updateContainerState(145)) - Container #1 is in OPEN state, but the datanode 7f01d92b-bd13-46ba-b46f-c65517f7cb74{ip: 192.168.164.210, host: pr-hdds-2358-mdv8n-1797098514, networkLocation: /default-rack, certSerialId: null} reports an CLOSED replica.
2019-10-24 12:12:08,522 [BlockDeletingService#2] WARN  background.BlockDeletingService (BlockDeletingService.java:isDeletionAllowed(187)) - Close Container log Index 6 is not replicated across allthe servers in the pipeline 97cf7ea5-f2f0-44c7-b45b-eed279b04bd8 as the min replicated index is 4. Deletion is not allowed in this container yet.
2019-10-24 12:12:08,522 [BlockDeletingService#2] WARN  background.BlockDeletingService (BlockDeletingService.java:isDeletionAllowed(187)) - Close Container log Index 6 is not replicated across allthe servers in the pipeline 97cf7ea5-f2f0-44c7-b45b-eed279b04bd8 as the min replicated index is 4. Deletion is not allowed in this container yet.
2019-10-24 12:12:08,536 [EventQueue-ContainerReportForContainerReportHandler] WARN  container.ContainerReportHandler (AbstractContainerReportHandler.java:updateContainerState(145)) - Container #1 is in OPEN state, but the datanode c58683fb-6de7-4590-940d-14e09458c307{ip: 192.168.164.210, host: pr-hdds-2358-mdv8n-1797098514, networkLocation: /default-rack, certSerialId: null} reports an CLOSED replica.
2019-10-24 12:12:08,747 [EventQueue-ContainerReportForContainerReportHandler] WARN  container.ContainerReportHandler (AbstractContainerReportHandler.java:updateContainerState(145)) - Container #1 is in OPEN state, but the datanode 7f01d92b-bd13-46ba-b46f-c65517f7cb74{ip: 192.168.164.210, host: pr-hdds-2358-mdv8n-1797098514, networkLocation: /default-rack, certSerialId: null} reports an CLOSED replica.
2019-10-24 12:12:08,937 [EventQueue-ContainerReportForContainerReportHandler] WARN  container.ContainerReportHandler (AbstractContainerReportHandler.java:updateContainerState(145)) - Container #1 is in OPEN state, but the datanode c58683fb-6de7-4590-940d-14e09458c307{ip: 192.168.164.210, host: pr-hdds-2358-mdv8n-1797098514, networkLocation: /default-rack, certSerialId: null} reports an CLOSED replica.
2019-10-24 12:12:09,048 [EventQueue-ContainerReportForContainerReportHandler] WARN  container.ContainerReportHandler (AbstractContainerReportHandler.java:updateContainerState(145)) - Container #1 is in OPEN state, but the datanode 7f01d92b-bd13-46ba-b46f-c65517f7cb74{ip: 192.168.164.210, host: pr-hdds-2358-mdv8n-1797098514, networkLocation: /default-rack, certSerialId: null} reports an CLOSED replica.
2019-10-24 12:12:09,241 [EventQueue-ContainerReportForContainerReportHandler] WARN  container.ContainerReportHandler (AbstractContainerReportHandler.java:updateContainerState(145)) - Container #1 is in OPEN state, but the datanode c58683fb-6de7-4590-940d-14e09458c307{ip: 192.168.164.210, host: pr-hdds-2358-mdv8n-1797098514, networkLocation: /default-rack, certSerialId: null} reports an CLOSED replica.
2019-10-24 12:12:09,347 [EventQueue-ContainerReportForContainerReportHandler] WARN  container.ContainerReportHandler (AbstractContainerReportHandler.java:updateContainerState(145)) - Container #1 is in OPEN state, but the datanode 7f01d92b-bd13-46ba-b46f-c65517f7cb74{ip: 192.168.164.210, host: pr-hdds-2358-mdv8n-1797098514, networkLocation: /default-rack, certSerialId: null} reports an CLOSED replica.
2019-10-24 12:12:09,438 [EventQueue-ContainerReportForContainerReportHandler] WARN  container.ContainerReportHandler (AbstractContainerReportHandler.java:updateContainerState(145)) - Container #1 is in OPEN state, but the datanode c58683fb-6de7-4590-940d-14e09458c307{ip: 192.168.164.210, host: pr-hdds-2358-mdv8n-1797098514, networkLocation: /default-rack, certSerialId: null} reports an CLOSED replica.
2019-10-24 12:12:09,475 [java.util.concurrent.ThreadPoolExecutor$Worker@53c23726[State = -1, empty queue]] WARN  server.GrpcLogAppender (GrpcLogAppender.java:timeoutAppendRequest(209)) - c58683fb-6de7-4590-940d-14e09458c307@group-EED279B04BD8->b0079d05-68ff-4074-a89c-94d611ddbdcd-GrpcLogAppender: appendEntries Timeout, request=c58683fb-6de7-4590-940d-14e09458c307->b0079d05-68ff-4074-a89c-94d611ddbdcd#45-t1, previous=(t:1, i:10), leaderCommit=10, initializing? false, entries: <empty>
2019-10-24 12:12:09,527 [BlockDeletingService#2] WARN  background.BlockDeletingService (BlockDeletingService.java:isDeletionAllowed(187)) - Close Container log Index 6 is not replicated across allthe servers in the pipeline 97cf7ea5-f2f0-44c7-b45b-eed279b04bd8 as the min replicated index is 4. Deletion is not allowed in this container yet.
2019-10-24 12:12:09,527 [BlockDeletingService#2] WARN  background.BlockDeletingService (BlockDeletingService.java:isDeletionAllowed(187)) - Close Container log Index 6 is not replicated across allthe servers in the pipeline 97cf7ea5-f2f0-44c7-b45b-eed279b04bd8 as the min replicated index is 4. Deletion is not allowed in this container yet.
2019-10-24 12:12:09,647 [EventQueue-ContainerReportForContainerReportHandler] WARN  container.ContainerReportHandler (AbstractContainerReportHandler.java:updateContainerState(145)) - Container #1 is in OPEN state, but the datanode 7f01d92b-bd13-46ba-b46f-c65517f7cb74{ip: 192.168.164.210, host: pr-hdds-2358-mdv8n-1797098514, networkLocation: /default-rack, certSerialId: null} reports an CLOSED replica.
2019-10-24 12:12:09,838 [EventQueue-ContainerReportForContainerReportHandler] WARN  container.ContainerReportHandler (AbstractContainerReportHandler.java:updateContainerState(145)) - Container #1 is in OPEN state, but the datanode c58683fb-6de7-4590-940d-14e09458c307{ip: 192.168.164.210, host: pr-hdds-2358-mdv8n-1797098514, networkLocation: /default-rack, certSerialId: null} reports an CLOSED replica.
2019-10-24 12:12:09,947 [EventQueue-ContainerReportForContainerReportHandler] WARN  container.ContainerReportHandler (AbstractContainerReportHandler.java:updateContainerState(145)) - Container #1 is in OPEN state, but the datanode 7f01d92b-bd13-46ba-b46f-c65517f7cb74{ip: 192.168.164.210, host: pr-hdds-2358-mdv8n-1797098514, networkLocation: /default-rack, certSerialId: null} reports an CLOSED replica.
2019-10-24 12:12:10,039 [EventQueue-ContainerReportForContainerReportHandler] WARN  container.ContainerReportHandler (AbstractContainerReportHandler.java:updateContainerState(145)) - Container #1 is in OPEN state, but the datanode c58683fb-6de7-4590-940d-14e09458c307{ip: 192.168.164.210, host: pr-hdds-2358-mdv8n-1797098514, networkLocation: /default-rack, certSerialId: null} reports an CLOSED replica.
2019-10-24 12:12:10,248 [EventQueue-ContainerReportForContainerReportHandler] WARN  container.ContainerReportHandler (AbstractContainerReportHandler.java:updateContainerState(145)) - Container #1 is in OPEN state, but the datanode 7f01d92b-bd13-46ba-b46f-c65517f7cb74{ip: 192.168.164.210, host: pr-hdds-2358-mdv8n-1797098514, networkLocation: /default-rack, certSerialId: null} reports an CLOSED replica.
2019-10-24 12:12:10,440 [EventQueue-ContainerReportForContainerReportHandler] WARN  container.ContainerReportHandler (AbstractContainerReportHandler.java:updateContainerState(145)) - Container #1 is in OPEN state, but the datanode c58683fb-6de7-4590-940d-14e09458c307{ip: 192.168.164.210, host: pr-hdds-2358-mdv8n-1797098514, networkLocation: /default-rack, certSerialId: null} reports an CLOSED replica.
2019-10-24 12:12:10,447 [EventQueue-ContainerReportForContainerReportHandler] WARN  container.ContainerReportHandler (AbstractContainerReportHandler.java:updateContainerState(145)) - Container #1 is in OPEN state, but the datanode 7f01d92b-bd13-46ba-b46f-c65517f7cb74{ip: 192.168.164.210, host: pr-hdds-2358-mdv8n-1797098514, networkLocation: /default-rack, certSerialId: null} reports an CLOSED replica.
2019-10-24 12:12:10,530 [BlockDeletingService#2] WARN  background.BlockDeletingService (BlockDeletingService.java:isDeletionAllowed(187)) - Close Container log Index 6 is not replicated across allthe servers in the pipeline 97cf7ea5-f2f0-44c7-b45b-eed279b04bd8 as the min replicated index is 4. Deletion is not allowed in this container yet.
2019-10-24 12:12:10,530 [BlockDeletingService#2] WARN  background.BlockDeletingService (BlockDeletingService.java:isDeletionAllowed(187)) - Close Container log Index 6 is not replicated across allthe servers in the pipeline 97cf7ea5-f2f0-44c7-b45b-eed279b04bd8 as the min replicated index is 4. Deletion is not allowed in this container yet.
2019-10-24 12:12:10,741 [EventQueue-ContainerReportForContainerReportHandler] WARN  container.ContainerReportHandler (AbstractContainerReportHandler.java:updateContainerState(145)) - Container #1 is in OPEN state, but the datanode c58683fb-6de7-4590-940d-14e09458c307{ip: 192.168.164.210, host: pr-hdds-2358-mdv8n-1797098514, networkLocation: /default-rack, certSerialId: null} reports an CLOSED replica.
2019-10-24 12:12:10,847 [EventQueue-ContainerReportForContainerReportHandler] WARN  container.ContainerReportHandler (AbstractContainerReportHandler.java:updateContainerState(145)) - Container #1 is in OPEN state, but the datanode 7f01d92b-bd13-46ba-b46f-c65517f7cb74{ip: 192.168.164.210, host: pr-hdds-2358-mdv8n-1797098514, networkLocation: /default-rack, certSerialId: null} reports an CLOSED replica.
2019-10-24 12:12:10,940 [EventQueue-ContainerReportForContainerReportHandler] WARN  container.ContainerReportHandler (AbstractContainerReportHandler.java:updateContainerState(145)) - Container #1 is in OPEN state, but the datanode c58683fb-6de7-4590-940d-14e09458c307{ip: 192.168.164.210, host: pr-hdds-2358-mdv8n-1797098514, networkLocation: /default-rack, certSerialId: null} reports an CLOSED replica.
2019-10-24 12:12:11,147 [EventQueue-ContainerReportForContainerReportHandler] WARN  container.ContainerReportHandler (AbstractContainerReportHandler.java:updateContainerState(145)) - Container #1 is in OPEN state, but the datanode 7f01d92b-bd13-46ba-b46f-c65517f7cb74{ip: 192.168.164.210, host: pr-hdds-2358-mdv8n-1797098514, networkLocation: /default-rack, certSerialId: null} reports an CLOSED replica.
2019-10-24 12:12:11,243 [EventQueue-ContainerReportForContainerReportHandler] WARN  container.ContainerReportHandler (AbstractContainerReportHandler.java:updateContainerState(145)) - Container #1 is in OPEN state, but the datanode c58683fb-6de7-4590-940d-14e09458c307{ip: 192.168.164.210, host: pr-hdds-2358-mdv8n-1797098514, networkLocation: /default-rack, certSerialId: null} reports an CLOSED replica.
2019-10-24 12:12:11,447 [EventQueue-ContainerReportForContainerReportHandler] WARN  container.ContainerReportHandler (AbstractContainerReportHandler.java:updateContainerState(145)) - Container #1 is in OPEN state, but the datanode 7f01d92b-bd13-46ba-b46f-c65517f7cb74{ip: 192.168.164.210, host: pr-hdds-2358-mdv8n-1797098514, networkLocation: /default-rack, certSerialId: null} reports an CLOSED replica.
2019-10-24 12:12:11,532 [BlockDeletingService#2] WARN  background.BlockDeletingService (BlockDeletingService.java:isDeletionAllowed(187)) - Close Container log Index 6 is not replicated across allthe servers in the pipeline 97cf7ea5-f2f0-44c7-b45b-eed279b04bd8 as the min replicated index is 4. Deletion is not allowed in this container yet.
2019-10-24 12:12:11,532 [BlockDeletingService#2] WARN  background.BlockDeletingService (BlockDeletingService.java:isDeletionAllowed(187)) - Close Container log Index 6 is not replicated across allthe servers in the pipeline 97cf7ea5-f2f0-44c7-b45b-eed279b04bd8 as the min replicated index is 4. Deletion is not allowed in this container yet.
2019-10-24 12:12:11,544 [EventQueue-ContainerReportForContainerReportHandler] WARN  container.ContainerReportHandler (AbstractContainerReportHandler.java:updateContainerState(145)) - Container #1 is in OPEN state, but the datanode c58683fb-6de7-4590-940d-14e09458c307{ip: 192.168.164.210, host: pr-hdds-2358-mdv8n-1797098514, networkLocation: /default-rack, certSerialId: null} reports an CLOSED replica.
2019-10-24 12:12:11,845 [EventQueue-ContainerReportForContainerReportHandler] WARN  container.ContainerReportHandler (AbstractContainerReportHandler.java:updateContainerState(145)) - Container #1 is in OPEN state, but the datanode c58683fb-6de7-4590-940d-14e09458c307{ip: 192.168.164.210, host: pr-hdds-2358-mdv8n-1797098514, networkLocation: /default-rack, certSerialId: null} reports an CLOSED replica.
2019-10-24 12:12:11,848 [EventQueue-ContainerReportForContainerReportHandler] WARN  container.ContainerReportHandler (AbstractContainerReportHandler.java:updateContainerState(145)) - Container #1 is in OPEN state, but the datanode 7f01d92b-bd13-46ba-b46f-c65517f7cb74{ip: 192.168.164.210, host: pr-hdds-2358-mdv8n-1797098514, networkLocation: /default-rack, certSerialId: null} reports an CLOSED replica.
2019-10-24 12:12:11,978 [java.util.concurrent.ThreadPoolExecutor$Worker@53c23726[State = -1, empty queue]] WARN  server.GrpcLogAppender (GrpcLogAppender.java:timeoutAppendRequest(209)) - c58683fb-6de7-4590-940d-14e09458c307@group-EED279B04BD8->b0079d05-68ff-4074-a89c-94d611ddbdcd-GrpcLogAppender: appendEntries Timeout, request=c58683fb-6de7-4590-940d-14e09458c307->b0079d05-68ff-4074-a89c-94d611ddbdcd#46-t1, previous=(t:1, i:10), leaderCommit=10, initializing? false, entries: <empty>
2019-10-24 12:12:12,145 [EventQueue-ContainerReportForContainerReportHandler] WARN  container.ContainerReportHandler (AbstractContainerReportHandler.java:updateContainerState(145)) - Container #1 is in OPEN state, but the datanode c58683fb-6de7-4590-940d-14e09458c307{ip: 192.168.164.210, host: pr-hdds-2358-mdv8n-1797098514, networkLocation: /default-rack, certSerialId: null} reports an CLOSED replica.
2019-10-24 12:12:12,147 [EventQueue-ContainerReportForContainerReportHandler] WARN  container.ContainerReportHandler (AbstractContainerReportHandler.java:updateContainerState(145)) - Container #1 is in OPEN state, but the datanode 7f01d92b-bd13-46ba-b46f-c65517f7cb74{ip: 192.168.164.210, host: pr-hdds-2358-mdv8n-1797098514, networkLocation: /default-rack, certSerialId: null} reports an CLOSED replica.
2019-10-24 12:12:12,345 [EventQueue-ContainerReportForContainerReportHandler] WARN  container.ContainerReportHandler (AbstractContainerReportHandler.java:updateContainerState(145)) - Container #1 is in OPEN state, but the datanode c58683fb-6de7-4590-940d-14e09458c307{ip: 192.168.164.210, host: pr-hdds-2358-mdv8n-1797098514, networkLocation: /default-rack, certSerialId: null} reports an CLOSED replica.
2019-10-24 12:12:12,535 [BlockDeletingService#2] WARN  background.BlockDeletingService (BlockDeletingService.java:isDeletionAllowed(187)) - Close Container log Index 6 is not replicated across allthe servers in the pipeline 97cf7ea5-f2f0-44c7-b45b-eed279b04bd8 as the min replicated index is 4. Deletion is not allowed in this container yet.
2019-10-24 12:12:12,535 [BlockDeletingService#2] WARN  background.BlockDeletingService (BlockDeletingService.java:isDeletionAllowed(187)) - Close Container log Index 6 is not replicated across allthe servers in the pipeline 97cf7ea5-f2f0-44c7-b45b-eed279b04bd8 as the min replicated index is 4. Deletion is not allowed in this container yet.
2019-10-24 12:12:12,548 [EventQueue-ContainerReportForContainerReportHandler] WARN  container.ContainerReportHandler (AbstractContainerReportHandler.java:updateContainerState(145)) - Container #1 is in OPEN state, but the datanode 7f01d92b-bd13-46ba-b46f-c65517f7cb74{ip: 192.168.164.210, host: pr-hdds-2358-mdv8n-1797098514, networkLocation: /default-rack, certSerialId: null} reports an CLOSED replica.
2019-10-24 12:12:12,645 [EventQueue-ContainerReportForContainerReportHandler] WARN  container.ContainerReportHandler (AbstractContainerReportHandler.java:updateContainerState(145)) - Container #1 is in OPEN state, but the datanode c58683fb-6de7-4590-940d-14e09458c307{ip: 192.168.164.210, host: pr-hdds-2358-mdv8n-1797098514, networkLocation: /default-rack, certSerialId: null} reports an CLOSED replica.
2019-10-24 12:12:12,851 [EventQueue-ContainerReportForContainerReportHandler] WARN  container.ContainerReportHandler (AbstractContainerReportHandler.java:updateContainerState(145)) - Container #1 is in OPEN state, but the datanode 7f01d92b-bd13-46ba-b46f-c65517f7cb74{ip: 192.168.164.210, host: pr-hdds-2358-mdv8n-1797098514, networkLocation: /default-rack, certSerialId: null} reports an CLOSED replica.
2019-10-24 12:12:13,045 [EventQueue-ContainerReportForContainerReportHandler] WARN  container.ContainerReportHandler (AbstractContainerReportHandler.java:updateContainerState(145)) - Container #1 is in OPEN state, but the datanode c58683fb-6de7-4590-940d-14e09458c307{ip: 192.168.164.210, host: pr-hdds-2358-mdv8n-1797098514, networkLocation: /default-rack, certSerialId: null} reports an CLOSED replica.
2019-10-24 12:12:13,246 [EventQueue-ContainerReportForContainerReportHandler] WARN  container.ContainerReportHandler (AbstractContainerReportHandler.java:updateContainerState(145)) - Container #1 is in OPEN state, but the datanode c58683fb-6de7-4590-940d-14e09458c307{ip: 192.168.164.210, host: pr-hdds-2358-mdv8n-1797098514, networkLocation: /default-rack, certSerialId: null} reports an CLOSED replica.
2019-10-24 12:12:13,252 [EventQueue-ContainerReportForContainerReportHandler] WARN  container.ContainerReportHandler (AbstractContainerReportHandler.java:updateContainerState(145)) - Container #1 is in OPEN state, but the datanode 7f01d92b-bd13-46ba-b46f-c65517f7cb74{ip: 192.168.164.210, host: pr-hdds-2358-mdv8n-1797098514, networkLocation: /default-rack, certSerialId: null} reports an CLOSED replica.
2019-10-24 12:12:13,537 [BlockDeletingService#2] WARN  background.BlockDeletingService (BlockDeletingService.java:isDeletionAllowed(187)) - Close Container log Index 6 is not replicated across allthe servers in the pipeline 97cf7ea5-f2f0-44c7-b45b-eed279b04bd8 as the min replicated index is 4. Deletion is not allowed in this container yet.
2019-10-24 12:12:13,537 [BlockDeletingService#2] WARN  background.BlockDeletingService (BlockDeletingService.java:isDeletionAllowed(187)) - Close Container log Index 6 is not replicated across allthe servers in the pipeline 97cf7ea5-f2f0-44c7-b45b-eed279b04bd8 as the min replicated index is 4. Deletion is not allowed in this container yet.
2019-10-24 12:12:13,552 [EventQueue-ContainerReportForContainerReportHandler] WARN  container.ContainerReportHandler (AbstractContainerReportHandler.java:updateContainerState(145)) - Container #1 is in OPEN state, but the datanode 7f01d92b-bd13-46ba-b46f-c65517f7cb74{ip: 192.168.164.210, host: pr-hdds-2358-mdv8n-1797098514, networkLocation: /default-rack, certSerialId: null} reports an CLOSED replica.
2019-10-24 12:12:13,647 [EventQueue-ContainerReportForContainerReportHandler] WARN  container.ContainerReportHandler (AbstractContainerReportHandler.java:updateContainerState(145)) - Container #1 is in OPEN state, but the datanode c58683fb-6de7-4590-940d-14e09458c307{ip: 192.168.164.210, host: pr-hdds-2358-mdv8n-1797098514, networkLocation: /default-rack, certSerialId: null} reports an CLOSED replica.
2019-10-24 12:12:13,854 [EventQueue-ContainerReportForContainerReportHandler] WARN  container.ContainerReportHandler (AbstractContainerReportHandler.java:updateContainerState(145)) - Container #1 is in OPEN state, but the datanode 7f01d92b-bd13-46ba-b46f-c65517f7cb74{ip: 192.168.164.210, host: pr-hdds-2358-mdv8n-1797098514, networkLocation: /default-rack, certSerialId: null} reports an CLOSED replica.
2019-10-24 12:12:14,047 [EventQueue-ContainerReportForContainerReportHandler] WARN  container.ContainerReportHandler (AbstractContainerReportHandler.java:updateContainerState(145)) - Container #1 is in OPEN state, but the datanode c58683fb-6de7-4590-940d-14e09458c307{ip: 192.168.164.210, host: pr-hdds-2358-mdv8n-1797098514, networkLocation: /default-rack, certSerialId: null} reports an CLOSED replica.
2019-10-24 12:12:14,054 [EventQueue-ContainerReportForContainerReportHandler] WARN  container.ContainerReportHandler (AbstractContainerReportHandler.java:updateContainerState(145)) - Container #1 is in OPEN state, but the datanode 7f01d92b-bd13-46ba-b46f-c65517f7cb74{ip: 192.168.164.210, host: pr-hdds-2358-mdv8n-1797098514, networkLocation: /default-rack, certSerialId: null} reports an CLOSED replica.
2019-10-24 12:12:14,247 [EventQueue-ContainerReportForContainerReportHandler] WARN  container.ContainerReportHandler (AbstractContainerReportHandler.java:updateContainerState(145)) - Container #1 is in OPEN state, but the datanode c58683fb-6de7-4590-940d-14e09458c307{ip: 192.168.164.210, host: pr-hdds-2358-mdv8n-1797098514, networkLocation: /default-rack, certSerialId: null} reports an CLOSED replica.
2019-10-24 12:12:14,353 [EventQueue-ContainerReportForContainerReportHandler] WARN  container.ContainerReportHandler (AbstractContainerReportHandler.java:updateContainerState(145)) - Container #1 is in OPEN state, but the datanode 7f01d92b-bd13-46ba-b46f-c65517f7cb74{ip: 192.168.164.210, host: pr-hdds-2358-mdv8n-1797098514, networkLocation: /default-rack, certSerialId: null} reports an CLOSED replica.
2019-10-24 12:12:14,481 [java.util.concurrent.ThreadPoolExecutor$Worker@53c23726[State = -1, empty queue]] WARN  server.GrpcLogAppender (GrpcLogAppender.java:timeoutAppendRequest(209)) - c58683fb-6de7-4590-940d-14e09458c307@group-EED279B04BD8->b0079d05-68ff-4074-a89c-94d611ddbdcd-GrpcLogAppender: appendEntries Timeout, request=c58683fb-6de7-4590-940d-14e09458c307->b0079d05-68ff-4074-a89c-94d611ddbdcd#47-t1, previous=(t:1, i:10), leaderCommit=10, initializing? false, entries: <empty>
2019-10-24 12:12:14,538 [BlockDeletingService#2] WARN  background.BlockDeletingService (BlockDeletingService.java:isDeletionAllowed(187)) - Close Container log Index 6 is not replicated across allthe servers in the pipeline 97cf7ea5-f2f0-44c7-b45b-eed279b04bd8 as the min replicated index is 4. Deletion is not allowed in this container yet.
2019-10-24 12:12:14,539 [BlockDeletingService#2] WARN  background.BlockDeletingService (BlockDeletingService.java:isDeletionAllowed(187)) - Close Container log Index 6 is not replicated across allthe servers in the pipeline 97cf7ea5-f2f0-44c7-b45b-eed279b04bd8 as the min replicated index is 4. Deletion is not allowed in this container yet.
2019-10-24 12:12:14,547 [EventQueue-ContainerReportForContainerReportHandler] WARN  container.ContainerReportHandler (AbstractContainerReportHandler.java:updateContainerState(145)) - Container #1 is in OPEN state, but the datanode c58683fb-6de7-4590-940d-14e09458c307{ip: 192.168.164.210, host: pr-hdds-2358-mdv8n-1797098514, networkLocation: /default-rack, certSerialId: null} reports an CLOSED replica.
2019-10-24 12:12:14,553 [EventQueue-ContainerReportForContainerReportHandler] WARN  container.ContainerReportHandler (AbstractContainerReportHandler.java:updateContainerState(145)) - Container #1 is in OPEN state, but the datanode 7f01d92b-bd13-46ba-b46f-c65517f7cb74{ip: 192.168.164.210, host: pr-hdds-2358-mdv8n-1797098514, networkLocation: /default-rack, certSerialId: null} reports an CLOSED replica.
2019-10-24 12:12:14,682 [Thread-502] INFO  client.GrpcClientProtocolService (GrpcClientProtocolService.java:lambda$processClientRequest$0(279)) - Failed RaftClientRequest:client-A2BC9D366054->c58683fb-6de7-4590-940d-14e09458c307@group-EED279B04BD8, cid=10, seq=0, Watch-ALL_COMMITTED(6), Message:<EMPTY>, reply=RaftClientReply:client-A2BC9D366054->c58683fb-6de7-4590-940d-14e09458c307@group-EED279B04BD8, cid=10, FAILED org.apache.ratis.protocol.NotReplicatedException: Request with call Id 10 and log index 6 is not yet replicated to ALL_COMMITTED, logIndex=6, commits[c58683fb-6de7-4590-940d-14e09458c307:c10, b0079d05-68ff-4074-a89c-94d611ddbdcd:c4, 7f01d92b-bd13-46ba-b46f-c65517f7cb74:c10]
2019-10-24 12:12:14,854 [EventQueue-ContainerReportForContainerReportHandler] WARN  container.ContainerReportHandler (AbstractContainerReportHandler.java:updateContainerState(145)) - Container #1 is in OPEN state, but the datanode 7f01d92b-bd13-46ba-b46f-c65517f7cb74{ip: 192.168.164.210, host: pr-hdds-2358-mdv8n-1797098514, networkLocation: /default-rack, certSerialId: null} reports an CLOSED replica.
2019-10-24 12:12:14,948 [EventQueue-ContainerReportForContainerReportHandler] WARN  container.ContainerReportHandler (AbstractContainerReportHandler.java:updateContainerState(145)) - Container #1 is in OPEN state, but the datanode c58683fb-6de7-4590-940d-14e09458c307{ip: 192.168.164.210, host: pr-hdds-2358-mdv8n-1797098514, networkLocation: /default-rack, certSerialId: null} reports an CLOSED replica.
2019-10-24 12:12:15,056 [EventQueue-ContainerReportForContainerReportHandler] WARN  container.ContainerReportHandler (AbstractContainerReportHandler.java:updateContainerState(145)) - Container #1 is in OPEN state, but the datanode 7f01d92b-bd13-46ba-b46f-c65517f7cb74{ip: 192.168.164.210, host: pr-hdds-2358-mdv8n-1797098514, networkLocation: /default-rack, certSerialId: null} reports an CLOSED replica.
2019-10-24 12:12:15,248 [EventQueue-ContainerReportForContainerReportHandler] WARN  container.ContainerReportHandler (AbstractContainerReportHandler.java:updateContainerState(145)) - Container #1 is in OPEN state, but the datanode c58683fb-6de7-4590-940d-14e09458c307{ip: 192.168.164.210, host: pr-hdds-2358-mdv8n-1797098514, networkLocation: /default-rack, certSerialId: null} reports an CLOSED replica.
2019-10-24 12:12:15,355 [EventQueue-ContainerReportForContainerReportHandler] WARN  container.ContainerReportHandler (AbstractContainerReportHandler.java:updateContainerState(145)) - Container #1 is in OPEN state, but the datanode 7f01d92b-bd13-46ba-b46f-c65517f7cb74{ip: 192.168.164.210, host: pr-hdds-2358-mdv8n-1797098514, networkLocation: /default-rack, certSerialId: null} reports an CLOSED replica.
2019-10-24 12:12:15,540 [BlockDeletingService#2] WARN  background.BlockDeletingService (BlockDeletingService.java:isDeletionAllowed(187)) - Close Container log Index 6 is not replicated across allthe servers in the pipeline 97cf7ea5-f2f0-44c7-b45b-eed279b04bd8 as the min replicated index is 4. Deletion is not allowed in this container yet.
2019-10-24 12:12:15,540 [BlockDeletingService#2] WARN  background.BlockDeletingService (BlockDeletingService.java:isDeletionAllowed(187)) - Close Container log Index 6 is not replicated across allthe servers in the pipeline 97cf7ea5-f2f0-44c7-b45b-eed279b04bd8 as the min replicated index is 4. Deletion is not allowed in this container yet.
2019-10-24 12:12:15,649 [EventQueue-ContainerReportForContainerReportHandler] WARN  container.ContainerReportHandler (AbstractContainerReportHandler.java:updateContainerState(145)) - Container #1 is in OPEN state, but the datanode c58683fb-6de7-4590-940d-14e09458c307{ip: 192.168.164.210, host: pr-hdds-2358-mdv8n-1797098514, networkLocation: /default-rack, certSerialId: null} reports an CLOSED replica.
2019-10-24 12:12:15,655 [EventQueue-ContainerReportForContainerReportHandler] WARN  container.ContainerReportHandler (AbstractContainerReportHandler.java:updateContainerState(145)) - Container #1 is in OPEN state, but the datanode 7f01d92b-bd13-46ba-b46f-c65517f7cb74{ip: 192.168.164.210, host: pr-hdds-2358-mdv8n-1797098514, networkLocation: /default-rack, certSerialId: null} reports an CLOSED replica.
2019-10-24 12:12:15,849 [EventQueue-ContainerReportForContainerReportHandler] WARN  container.ContainerReportHandler (AbstractContainerReportHandler.java:updateContainerState(145)) - Container #1 is in OPEN state, but the datanode c58683fb-6de7-4590-940d-14e09458c307{ip: 192.168.164.210, host: pr-hdds-2358-mdv8n-1797098514, networkLocation: /default-rack, certSerialId: null} reports an CLOSED replica.
2019-10-24 12:12:15,957 [EventQueue-ContainerReportForContainerReportHandler] WARN  container.ContainerReportHandler (AbstractContainerReportHandler.java:updateContainerState(145)) - Container #1 is in OPEN state, but the datanode 7f01d92b-bd13-46ba-b46f-c65517f7cb74{ip: 192.168.164.210, host: pr-hdds-2358-mdv8n-1797098514, networkLocation: /default-rack, certSerialId: null} reports an CLOSED replica.
2019-10-24 12:12:16,150 [EventQueue-ContainerReportForContainerReportHandler] WARN  container.ContainerReportHandler (AbstractContainerReportHandler.java:updateContainerState(145)) - Container #1 is in OPEN state, but the datanode c58683fb-6de7-4590-940d-14e09458c307{ip: 192.168.164.210, host: pr-hdds-2358-mdv8n-1797098514, networkLocation: /default-rack, certSerialId: null} reports an CLOSED replica.
2019-10-24 12:12:16,256 [EventQueue-ContainerReportForContainerReportHandler] WARN  container.ContainerReportHandler (AbstractContainerReportHandler.java:updateContainerState(145)) - Container #1 is in OPEN state, but the datanode 7f01d92b-bd13-46ba-b46f-c65517f7cb74{ip: 192.168.164.210, host: pr-hdds-2358-mdv8n-1797098514, networkLocation: /default-rack, certSerialId: null} reports an CLOSED replica.
2019-10-24 12:12:16,543 [BlockDeletingService#2] WARN  background.BlockDeletingService (BlockDeletingService.java:isDeletionAllowed(187)) - Close Container log Index 6 is not replicated across allthe servers in the pipeline 97cf7ea5-f2f0-44c7-b45b-eed279b04bd8 as the min replicated index is 4. Deletion is not allowed in this container yet.
2019-10-24 12:12:16,543 [BlockDeletingService#2] WARN  background.BlockDeletingService (BlockDeletingService.java:isDeletionAllowed(187)) - Close Container log Index 6 is not replicated across allthe servers in the pipeline 97cf7ea5-f2f0-44c7-b45b-eed279b04bd8 as the min replicated index is 4. Deletion is not allowed in this container yet.
2019-10-24 12:12:16,549 [EventQueue-ContainerReportForContainerReportHandler] WARN  container.ContainerReportHandler (AbstractContainerReportHandler.java:updateContainerState(145)) - Container #1 is in OPEN state, but the datanode c58683fb-6de7-4590-940d-14e09458c307{ip: 192.168.164.210, host: pr-hdds-2358-mdv8n-1797098514, networkLocation: /default-rack, certSerialId: null} reports an CLOSED replica.
2019-10-24 12:12:16,556 [EventQueue-ContainerReportForContainerReportHandler] WARN  container.ContainerReportHandler (AbstractContainerReportHandler.java:updateContainerState(145)) - Container #1 is in OPEN state, but the datanode 7f01d92b-bd13-46ba-b46f-c65517f7cb74{ip: 192.168.164.210, host: pr-hdds-2358-mdv8n-1797098514, networkLocation: /default-rack, certSerialId: null} reports an CLOSED replica.
2019-10-24 12:12:16,749 [EventQueue-ContainerReportForContainerReportHandler] WARN  container.ContainerReportHandler (AbstractContainerReportHandler.java:updateContainerState(145)) - Container #1 is in OPEN state, but the datanode c58683fb-6de7-4590-940d-14e09458c307{ip: 192.168.164.210, host: pr-hdds-2358-mdv8n-1797098514, networkLocation: /default-rack, certSerialId: null} reports an CLOSED replica.
2019-10-24 12:12:16,756 [EventQueue-ContainerReportForContainerReportHandler] WARN  container.ContainerReportHandler (AbstractContainerReportHandler.java:updateContainerState(145)) - Container #1 is in OPEN state, but the datanode 7f01d92b-bd13-46ba-b46f-c65517f7cb74{ip: 192.168.164.210, host: pr-hdds-2358-mdv8n-1797098514, networkLocation: /default-rack, certSerialId: null} reports an CLOSED replica.
2019-10-24 12:12:16,982 [java.util.concurrent.ThreadPoolExecutor$Worker@53c23726[State = -1, empty queue]] WARN  server.GrpcLogAppender (GrpcLogAppender.java:timeoutAppendRequest(209)) - c58683fb-6de7-4590-940d-14e09458c307@group-EED279B04BD8->b0079d05-68ff-4074-a89c-94d611ddbdcd-GrpcLogAppender: appendEntries Timeout, request=c58683fb-6de7-4590-940d-14e09458c307->b0079d05-68ff-4074-a89c-94d611ddbdcd#48-t1, previous=(t:1, i:10), leaderCommit=10, initializing? false, entries: <empty>
2019-10-24 12:12:17,050 [EventQueue-ContainerReportForContainerReportHandler] WARN  container.ContainerReportHandler (AbstractContainerReportHandler.java:updateContainerState(145)) - Container #1 is in OPEN state, but the datanode c58683fb-6de7-4590-940d-14e09458c307{ip: 192.168.164.210, host: pr-hdds-2358-mdv8n-1797098514, networkLocation: /default-rack, certSerialId: null} reports an CLOSED replica.
2019-10-24 12:12:17,058 [EventQueue-ContainerReportForContainerReportHandler] WARN  container.ContainerReportHandler (AbstractContainerReportHandler.java:updateContainerState(145)) - Container #1 is in OPEN state, but the datanode 7f01d92b-bd13-46ba-b46f-c65517f7cb74{ip: 192.168.164.210, host: pr-hdds-2358-mdv8n-1797098514, networkLocation: /default-rack, certSerialId: null} reports an CLOSED replica.
2019-10-24 12:12:17,349 [EventQueue-ContainerReportForContainerReportHandler] WARN  container.ContainerReportHandler (AbstractContainerReportHandler.java:updateContainerState(145)) - Container #1 is in OPEN state, but the datanode c58683fb-6de7-4590-940d-14e09458c307{ip: 192.168.164.210, host: pr-hdds-2358-mdv8n-1797098514, networkLocation: /default-rack, certSerialId: null} reports an CLOSED replica.
2019-10-24 12:12:17,358 [EventQueue-ContainerReportForContainerReportHandler] WARN  container.ContainerReportHandler (AbstractContainerReportHandler.java:updateContainerState(145)) - Container #1 is in OPEN state, but the datanode 7f01d92b-bd13-46ba-b46f-c65517f7cb74{ip: 192.168.164.210, host: pr-hdds-2358-mdv8n-1797098514, networkLocation: /default-rack, certSerialId: null} reports an CLOSED replica.
2019-10-24 12:12:17,545 [BlockDeletingService#2] WARN  background.BlockDeletingService (BlockDeletingService.java:isDeletionAllowed(187)) - Close Container log Index 6 is not replicated across allthe servers in the pipeline 97cf7ea5-f2f0-44c7-b45b-eed279b04bd8 as the min replicated index is 4. Deletion is not allowed in this container yet.
2019-10-24 12:12:17,545 [BlockDeletingService#2] WARN  background.BlockDeletingService (BlockDeletingService.java:isDeletionAllowed(187)) - Close Container log Index 6 is not replicated across allthe servers in the pipeline 97cf7ea5-f2f0-44c7-b45b-eed279b04bd8 as the min replicated index is 4. Deletion is not allowed in this container yet.
2019-10-24 12:12:17,550 [EventQueue-ContainerReportForContainerReportHandler] WARN  container.ContainerReportHandler (AbstractContainerReportHandler.java:updateContainerState(145)) - Container #1 is in OPEN state, but the datanode c58683fb-6de7-4590-940d-14e09458c307{ip: 192.168.164.210, host: pr-hdds-2358-mdv8n-1797098514, networkLocation: /default-rack, certSerialId: null} reports an CLOSED replica.
2019-10-24 12:12:17,759 [EventQueue-ContainerReportForContainerReportHandler] WARN  container.ContainerReportHandler (AbstractContainerReportHandler.java:updateContainerState(145)) - Container #1 is in OPEN state, but the datanode 7f01d92b-bd13-46ba-b46f-c65517f7cb74{ip: 192.168.164.210, host: pr-hdds-2358-mdv8n-1797098514, networkLocation: /default-rack, certSerialId: null} reports an CLOSED replica.
2019-10-24 12:12:17,950 [EventQueue-ContainerReportForContainerReportHandler] WARN  container.ContainerReportHandler (AbstractContainerReportHandler.java:updateContainerState(145)) - Container #1 is in OPEN state, but the datanode c58683fb-6de7-4590-940d-14e09458c307{ip: 192.168.164.210, host: pr-hdds-2358-mdv8n-1797098514, networkLocation: /default-rack, certSerialId: null} reports an CLOSED replica.
2019-10-24 12:12:18,059 [EventQueue-ContainerReportForContainerReportHandler] WARN  container.ContainerReportHandler (AbstractContainerReportHandler.java:updateContainerState(145)) - Container #1 is in OPEN state, but the datanode 7f01d92b-bd13-46ba-b46f-c65517f7cb74{ip: 192.168.164.210, host: pr-hdds-2358-mdv8n-1797098514, networkLocation: /default-rack, certSerialId: null} reports an CLOSED replica.
2019-10-24 12:12:18,250 [EventQueue-ContainerReportForContainerReportHandler] WARN  container.ContainerReportHandler (AbstractContainerReportHandler.java:updateContainerState(145)) - Container #1 is in OPEN state, but the datanode c58683fb-6de7-4590-940d-14e09458c307{ip: 192.168.164.210, host: pr-hdds-2358-mdv8n-1797098514, networkLocation: /default-rack, certSerialId: null} reports an CLOSED replica.
2019-10-24 12:12:18,359 [EventQueue-ContainerReportForContainerReportHandler] WARN  container.ContainerReportHandler (AbstractContainerReportHandler.java:updateContainerState(145)) - Container #1 is in OPEN state, but the datanode 7f01d92b-bd13-46ba-b46f-c65517f7cb74{ip: 192.168.164.210, host: pr-hdds-2358-mdv8n-1797098514, networkLocation: /default-rack, certSerialId: null} reports an CLOSED replica.
2019-10-24 12:12:18,550 [BlockDeletingService#2] WARN  background.BlockDeletingService (BlockDeletingService.java:isDeletionAllowed(187)) - Close Container log Index 6 is not replicated across allthe servers in the pipeline 97cf7ea5-f2f0-44c7-b45b-eed279b04bd8 as the min replicated index is 4. Deletion is not allowed in this container yet.
2019-10-24 12:12:18,550 [BlockDeletingService#2] WARN  background.BlockDeletingService (BlockDeletingService.java:isDeletionAllowed(187)) - Close Container log Index 6 is not replicated across allthe servers in the pipeline 97cf7ea5-f2f0-44c7-b45b-eed279b04bd8 as the min replicated index is 4. Deletion is not allowed in this container yet.
2019-10-24 12:12:18,650 [EventQueue-ContainerReportForContainerReportHandler] WARN  container.ContainerReportHandler (AbstractContainerReportHandler.java:updateContainerState(145)) - Container #1 is in OPEN state, but the datanode c58683fb-6de7-4590-940d-14e09458c307{ip: 192.168.164.210, host: pr-hdds-2358-mdv8n-1797098514, networkLocation: /default-rack, certSerialId: null} reports an CLOSED replica.
2019-10-24 12:12:18,758 [EventQueue-ContainerReportForContainerReportHandler] WARN  container.ContainerReportHandler (AbstractContainerReportHandler.java:updateContainerState(145)) - Container #1 is in OPEN state, but the datanode 7f01d92b-bd13-46ba-b46f-c65517f7cb74{ip: 192.168.164.210, host: pr-hdds-2358-mdv8n-1797098514, networkLocation: /default-rack, certSerialId: null} reports an CLOSED replica.
2019-10-24 12:12:18,850 [EventQueue-ContainerReportForContainerReportHandler] WARN  container.ContainerReportHandler (AbstractContainerReportHandler.java:updateContainerState(145)) - Container #1 is in OPEN state, but the datanode c58683fb-6de7-4590-940d-14e09458c307{ip: 192.168.164.210, host: pr-hdds-2358-mdv8n-1797098514, networkLocation: /default-rack, certSerialId: null} reports an CLOSED replica.
2019-10-24 12:12:19,059 [EventQueue-ContainerReportForContainerReportHandler] WARN  container.ContainerReportHandler (AbstractContainerReportHandler.java:updateContainerState(145)) - Container #1 is in OPEN state, but the datanode 7f01d92b-bd13-46ba-b46f-c65517f7cb74{ip: 192.168.164.210, host: pr-hdds-2358-mdv8n-1797098514, networkLocation: /default-rack, certSerialId: null} reports an CLOSED replica.
2019-10-24 12:12:19,150 [EventQueue-ContainerReportForContainerReportHandler] WARN  container.ContainerReportHandler (AbstractContainerReportHandler.java:updateContainerState(145)) - Container #1 is in OPEN state, but the datanode c58683fb-6de7-4590-940d-14e09458c307{ip: 192.168.164.210, host: pr-hdds-2358-mdv8n-1797098514, networkLocation: /default-rack, certSerialId: null} reports an CLOSED replica.
2019-10-24 12:12:19,358 [EventQueue-ContainerReportForContainerReportHandler] WARN  container.ContainerReportHandler (AbstractContainerReportHandler.java:updateContainerState(145)) - Container #1 is in OPEN state, but the datanode 7f01d92b-bd13-46ba-b46f-c65517f7cb74{ip: 192.168.164.210, host: pr-hdds-2358-mdv8n-1797098514, networkLocation: /default-rack, certSerialId: null} reports an CLOSED replica.
2019-10-24 12:12:19,450 [EventQueue-ContainerReportForContainerReportHandler] WARN  container.ContainerReportHandler (AbstractContainerReportHandler.java:updateContainerState(145)) - Container #1 is in OPEN state, but the datanode c58683fb-6de7-4590-940d-14e09458c307{ip: 192.168.164.210, host: pr-hdds-2358-mdv8n-1797098514, networkLocation: /default-rack, certSerialId: null} reports an CLOSED replica.
2019-10-24 12:12:19,483 [java.util.concurrent.ThreadPoolExecutor$Worker@53c23726[State = -1, empty queue]] WARN  server.GrpcLogAppender (GrpcLogAppender.java:timeoutAppendRequest(209)) - c58683fb-6de7-4590-940d-14e09458c307@group-EED279B04BD8->b0079d05-68ff-4074-a89c-94d611ddbdcd-GrpcLogAppender: appendEntries Timeout, request=c58683fb-6de7-4590-940d-14e09458c307->b0079d05-68ff-4074-a89c-94d611ddbdcd#49-t1, previous=(t:1, i:10), leaderCommit=10, initializing? false, entries: <empty>
2019-10-24 12:12:19,552 [BlockDeletingService#2] WARN  background.BlockDeletingService (BlockDeletingService.java:isDeletionAllowed(187)) - Close Container log Index 6 is not replicated across allthe servers in the pipeline 97cf7ea5-f2f0-44c7-b45b-eed279b04bd8 as the min replicated index is 4. Deletion is not allowed in this container yet.
2019-10-24 12:12:19,552 [BlockDeletingService#2] WARN  background.BlockDeletingService (BlockDeletingService.java:isDeletionAllowed(187)) - Close Container log Index 6 is not replicated across allthe servers in the pipeline 97cf7ea5-f2f0-44c7-b45b-eed279b04bd8 as the min replicated index is 4. Deletion is not allowed in this container yet.
2019-10-24 12:12:19,661 [EventQueue-ContainerReportForContainerReportHandler] WARN  container.ContainerReportHandler (AbstractContainerReportHandler.java:updateContainerState(145)) - Container #1 is in OPEN state, but the datanode 7f01d92b-bd13-46ba-b46f-c65517f7cb74{ip: 192.168.164.210, host: pr-hdds-2358-mdv8n-1797098514, networkLocation: /default-rack, certSerialId: null} reports an CLOSED replica.
2019-10-24 12:12:19,751 [EventQueue-ContainerReportForContainerReportHandler] WARN  container.ContainerReportHandler (AbstractContainerReportHandler.java:updateContainerState(145)) - Container #1 is in OPEN state, but the datanode c58683fb-6de7-4590-940d-14e09458c307{ip: 192.168.164.210, host: pr-hdds-2358-mdv8n-1797098514, networkLocation: /default-rack, certSerialId: null} reports an CLOSED replica.
2019-10-24 12:12:20,053 [EventQueue-ContainerReportForContainerReportHandler] WARN  container.ContainerReportHandler (AbstractContainerReportHandler.java:updateContainerState(145)) - Container #1 is in OPEN state, but the datanode c58683fb-6de7-4590-940d-14e09458c307{ip: 192.168.164.210, host: pr-hdds-2358-mdv8n-1797098514, networkLocation: /default-rack, certSerialId: null} reports an CLOSED replica.
2019-10-24 12:12:20,064 [EventQueue-ContainerReportForContainerReportHandler] WARN  container.ContainerReportHandler (AbstractContainerReportHandler.java:updateContainerState(145)) - Container #1 is in OPEN state, but the datanode 7f01d92b-bd13-46ba-b46f-c65517f7cb74{ip: 192.168.164.210, host: pr-hdds-2358-mdv8n-1797098514, networkLocation: /default-rack, certSerialId: null} reports an CLOSED replica.
2019-10-24 12:12:20,092 [EventQueue-StaleNodeForStaleNodeHandler] INFO  node.StaleNodeHandler (StaleNodeHandler.java:onMessage(58)) - Datanode b0079d05-68ff-4074-a89c-94d611ddbdcd{ip: 192.168.164.210, host: pr-hdds-2358-mdv8n-1797098514, networkLocation: /default-rack, certSerialId: null} moved to stale state. Finalizing its pipelines [PipelineID=db1b107d-dd3a-4f4e-8d41-f236fcc62a92, PipelineID=97cf7ea5-f2f0-44c7-b45b-eed279b04bd8]
2019-10-24 12:12:20,093 [EventQueue-StaleNodeForStaleNodeHandler] INFO  pipeline.SCMPipelineManager (SCMPipelineManager.java:finalizeAndDestroyPipeline(315)) - destroying pipeline:Pipeline[ Id: db1b107d-dd3a-4f4e-8d41-f236fcc62a92, Nodes: b0079d05-68ff-4074-a89c-94d611ddbdcd{ip: 192.168.164.210, host: pr-hdds-2358-mdv8n-1797098514, networkLocation: /default-rack, certSerialId: null}, Type:RATIS, Factor:ONE, State:OPEN]
2019-10-24 12:12:20,097 [EventQueue-StaleNodeForStaleNodeHandler] INFO  pipeline.PipelineStateManager (PipelineStateManager.java:finalizePipeline(123)) - Pipeline Pipeline[ Id: db1b107d-dd3a-4f4e-8d41-f236fcc62a92, Nodes: b0079d05-68ff-4074-a89c-94d611ddbdcd{ip: 192.168.164.210, host: pr-hdds-2358-mdv8n-1797098514, networkLocation: /default-rack, certSerialId: null}, Type:RATIS, Factor:ONE, State:CLOSED] moved to CLOSED state
2019-10-24 12:12:20,100 [EventQueue-StaleNodeForStaleNodeHandler] INFO  pipeline.SCMPipelineManager (SCMPipelineManager.java:finalizeAndDestroyPipeline(315)) - destroying pipeline:Pipeline[ Id: 97cf7ea5-f2f0-44c7-b45b-eed279b04bd8, Nodes: b0079d05-68ff-4074-a89c-94d611ddbdcd{ip: 192.168.164.210, host: pr-hdds-2358-mdv8n-1797098514, networkLocation: /default-rack, certSerialId: null}c58683fb-6de7-4590-940d-14e09458c307{ip: 192.168.164.210, host: pr-hdds-2358-mdv8n-1797098514, networkLocation: /default-rack, certSerialId: null}7f01d92b-bd13-46ba-b46f-c65517f7cb74{ip: 192.168.164.210, host: pr-hdds-2358-mdv8n-1797098514, networkLocation: /default-rack, certSerialId: null}, Type:RATIS, Factor:THREE, State:OPEN]
2019-10-24 12:12:20,100 [EventQueue-StaleNodeForStaleNodeHandler] INFO  pipeline.PipelineStateManager (PipelineStateManager.java:finalizePipeline(123)) - Pipeline Pipeline[ Id: 97cf7ea5-f2f0-44c7-b45b-eed279b04bd8, Nodes: b0079d05-68ff-4074-a89c-94d611ddbdcd{ip: 192.168.164.210, host: pr-hdds-2358-mdv8n-1797098514, networkLocation: /default-rack, certSerialId: null}c58683fb-6de7-4590-940d-14e09458c307{ip: 192.168.164.210, host: pr-hdds-2358-mdv8n-1797098514, networkLocation: /default-rack, certSerialId: null}7f01d92b-bd13-46ba-b46f-c65517f7cb74{ip: 192.168.164.210, host: pr-hdds-2358-mdv8n-1797098514, networkLocation: /default-rack, certSerialId: null}, Type:RATIS, Factor:THREE, State:CLOSED] moved to CLOSED state
2019-10-24 12:12:20,101 [EventQueue-CloseContainerForCloseContainerEventHandler] INFO  container.CloseContainerEventHandler (CloseContainerEventHandler.java:onMessage(61)) - Close container Event triggered for container : #1
2019-10-24 12:12:20,350 [EventQueue-ContainerReportForContainerReportHandler] INFO  container.ContainerReportHandler (AbstractContainerReportHandler.java:updateContainerState(178)) - Moving container #1 to CLOSED state, datanode c58683fb-6de7-4590-940d-14e09458c307{ip: 192.168.164.210, host: pr-hdds-2358-mdv8n-1797098514, networkLocation: /default-rack, certSerialId: null} reported CLOSED replica.
2019-10-24 12:12:20,556 [BlockDeletingService#2] WARN  background.BlockDeletingService (BlockDeletingService.java:isDeletionAllowed(187)) - Close Container log Index 6 is not replicated across allthe servers in the pipeline 97cf7ea5-f2f0-44c7-b45b-eed279b04bd8 as the min replicated index is 4. Deletion is not allowed in this container yet.
2019-10-24 12:12:20,556 [BlockDeletingService#2] WARN  background.BlockDeletingService (BlockDeletingService.java:isDeletionAllowed(187)) - Close Container log Index 6 is not replicated across allthe servers in the pipeline 97cf7ea5-f2f0-44c7-b45b-eed279b04bd8 as the min replicated index is 4. Deletion is not allowed in this container yet.
2019-10-24 12:12:20,799 [SCMBlockDeletingService#0] INFO  block.SCMBlockDeletingService (SCMBlockDeletingService.java:call(184)) - Totally added 3 delete blocks command for 3 datanodes, task elapsed time: 7ms
2019-10-24 12:12:20,867 [EventQueue-PendingDeleteStatusForPendingDeleteHandler] INFO  block.SCMBlockDeletingService (SCMBlockDeletingService.java:handlePendingDeletes(115)) - Block deletion txnID mismatch in datanode 7f01d92b-bd13-46ba-b46f-c65517f7cb74 for containerID 1. Datanode delete txnID: 0, SCM txnID: 1
2019-10-24 12:12:21,053 [EventQueue-PendingDeleteStatusForPendingDeleteHandler] INFO  block.SCMBlockDeletingService (SCMBlockDeletingService.java:handlePendingDeletes(115)) - Block deletion txnID mismatch in datanode c58683fb-6de7-4590-940d-14e09458c307 for containerID 1. Datanode delete txnID: 0, SCM txnID: 1
2019-10-24 12:12:21,166 [EventQueue-PendingDeleteStatusForPendingDeleteHandler] INFO  block.SCMBlockDeletingService (SCMBlockDeletingService.java:handlePendingDeletes(115)) - Block deletion txnID mismatch in datanode 7f01d92b-bd13-46ba-b46f-c65517f7cb74 for containerID 1. Datanode delete txnID: 0, SCM txnID: 1
2019-10-24 12:12:21,453 [EventQueue-PendingDeleteStatusForPendingDeleteHandler] INFO  block.SCMBlockDeletingService (SCMBlockDeletingService.java:handlePendingDeletes(115)) - Block deletion txnID mismatch in datanode c58683fb-6de7-4590-940d-14e09458c307 for containerID 1. Datanode delete txnID: 0, SCM txnID: 1
2019-10-24 12:12:21,465 [EventQueue-PendingDeleteStatusForPendingDeleteHandler] INFO  block.SCMBlockDeletingService (SCMBlockDeletingService.java:handlePendingDeletes(115)) - Block deletion txnID mismatch in datanode 7f01d92b-bd13-46ba-b46f-c65517f7cb74 for containerID 1. Datanode delete txnID: 0, SCM txnID: 1
2019-10-24 12:12:21,553 [Command processor thread] INFO  commandhandler.DeleteBlocksCommandHandler (DeleteBlocksCommandHandler.java:handle(106)) - Start to delete container blocks, TXIDs=[1(0)], numOfContainers=1, numOfBlocks=1
2019-10-24 12:12:21,558 [BlockDeletingService#2] WARN  background.BlockDeletingService (BlockDeletingService.java:isDeletionAllowed(187)) - Close Container log Index 6 is not replicated across allthe servers in the pipeline 97cf7ea5-f2f0-44c7-b45b-eed279b04bd8 as the min replicated index is 4. Deletion is not allowed in this container yet.
2019-10-24 12:12:21,558 [BlockDeletingService#2] WARN  background.BlockDeletingService (BlockDeletingService.java:isDeletionAllowed(187)) - Close Container log Index 6 is not replicated across allthe servers in the pipeline 97cf7ea5-f2f0-44c7-b45b-eed279b04bd8 as the min replicated index is 4. Deletion is not allowed in this container yet.
2019-10-24 12:12:21,565 [Command processor thread] INFO  commandhandler.DeleteBlocksCommandHandler (DeleteBlocksCommandHandler.java:handle(106)) - Start to delete container blocks, TXIDs=[1(0)], numOfContainers=1, numOfBlocks=1
2019-10-24 12:12:21,801 [SCMBlockDeletingService#0] INFO  block.SCMBlockDeletingService (SCMBlockDeletingService.java:call(184)) - Totally added 1 delete blocks command for 1 datanodes, task elapsed time: 1ms
2019-10-24 12:12:21,801 [pool-7-thread-1] INFO  commands.RetriableDatanodeEventWatcher (RetriableDatanodeEventWatcher.java:onTimeout(47)) - RetriableDatanodeCommand type=deleteBlocksCommand with id=1571919140798 timed out. Retrying.
2019-10-24 12:12:21,985 [java.util.concurrent.ThreadPoolExecutor$Worker@53c23726[State = -1, empty queue]] WARN  server.GrpcLogAppender (GrpcLogAppender.java:timeoutAppendRequest(209)) - c58683fb-6de7-4590-940d-14e09458c307@group-EED279B04BD8->b0079d05-68ff-4074-a89c-94d611ddbdcd-GrpcLogAppender: appendEntries Timeout, request=c58683fb-6de7-4590-940d-14e09458c307->b0079d05-68ff-4074-a89c-94d611ddbdcd#50-t1, previous=(t:1, i:10), leaderCommit=10, initializing? false, entries: <empty>
2019-10-24 12:12:22,033 [main] INFO  impl.MetricsSystemImpl (MetricsSystemImpl.java:init(158)) - HddsDatanode metrics system started (again)
2019-10-24 12:12:22,083 [main] INFO  ozone.HddsDatanodeService (HddsDatanodeService.java:start(184)) - HddsDatanodeService host:pr-hdds-2358-mdv8n-1797098514 ip:192.168.164.210
2019-10-24 12:12:22,088 [main] INFO  volume.VolumeUsage (VolumeUsage.java:loadScmUsed(144)) - Cached ScmUsed found for /workdir/hadoop-ozone/integration-test/target/test-dir/MiniOzoneClusterImpl-fed4bbd5-3e84-4b96-98af-185ceb771cd5/datanode-1/data/containers : 4096 
2019-10-24 12:12:22,088 [main] INFO  volume.HddsVolume (HddsVolume.java:<init>(176)) - Creating Volume: /workdir/hadoop-ozone/integration-test/target/test-dir/MiniOzoneClusterImpl-fed4bbd5-3e84-4b96-98af-185ceb771cd5/datanode-1/data/containers/hdds of  storage type : DISK and capacity : 1482555576320
2019-10-24 12:12:22,089 [main] INFO  volume.VolumeSet (VolumeSet.java:initializeVolumeSet(170)) - Added Volume : /workdir/hadoop-ozone/integration-test/target/test-dir/MiniOzoneClusterImpl-fed4bbd5-3e84-4b96-98af-185ceb771cd5/datanode-1/data/containers/hdds to VolumeSet
2019-10-24 12:12:22,089 [main] INFO  volume.ThrottledAsyncChecker (ThrottledAsyncChecker.java:schedule(141)) - Scheduling a check for /workdir/hadoop-ozone/integration-test/target/test-dir/MiniOzoneClusterImpl-fed4bbd5-3e84-4b96-98af-185ceb771cd5/datanode-1/data/containers/hdds
2019-10-24 12:12:22,090 [main] INFO  volume.HddsVolumeChecker (HddsVolumeChecker.java:checkAllVolumes(204)) - Scheduled health check for volume /workdir/hadoop-ozone/integration-test/target/test-dir/MiniOzoneClusterImpl-fed4bbd5-3e84-4b96-98af-185ceb771cd5/datanode-1/data/containers/hdds
2019-10-24 12:12:22,139 [main] INFO  impl.RaftServerProxy (ConfUtils.java:logGet(43)) - raft.rpc.type = GRPC (default)
2019-10-24 12:12:22,139 [main] INFO  grpc.GrpcFactory (GrpcFactory.java:checkPooledByteBufAllocatorUseCacheForAllThreads(45)) - PERFORMANCE WARNING: useCacheForAllThreads is true that may cause Netty to create a lot garbage objects and, as a result, trigger GC.
	It is recommended to disable useCacheForAllThreads by setting -Dorg.apache.ratis.thirdparty.io.netty.allocator.useCacheForAllThreads=false in command line.
2019-10-24 12:12:22,140 [main] INFO  grpc.GrpcConfigKeys$Server (ConfUtils.java:logGet(43)) - raft.grpc.server.port = 43817 (custom)
2019-10-24 12:12:22,141 [main] INFO  server.GrpcService (ConfUtils.java:logGet(43)) - raft.grpc.message.size.max = 33570816 (custom)
2019-10-24 12:12:22,141 [main] INFO  server.RaftServerConfigKeys (ConfUtils.java:logGet(43)) - raft.server.log.appender.buffer.byte-limit = 33554432 (custom)
2019-10-24 12:12:22,141 [main] INFO  server.GrpcService (ConfUtils.java:logGet(43)) - raft.grpc.flow.control.window = 1MB (=1048576) (default)
2019-10-24 12:12:22,142 [main] INFO  server.RaftServerConfigKeys (ConfUtils.java:logGet(43)) - raft.server.rpc.request.timeout = 3000ms (default)
2019-10-24 12:12:22,142 [main] INFO  server.RaftServerConfigKeys (ConfUtils.java:logGet(43)) - raft.server.storage.dir = [/workdir/hadoop-ozone/integration-test/target/test-dir/MiniOzoneClusterImpl-fed4bbd5-3e84-4b96-98af-185ceb771cd5/datanode-1/data/ratis] (custom)
2019-10-24 12:12:22,143 [main] INFO  impl.RaftServerProxy (RaftServerProxy.java:lambda$null$0(191)) - b0079d05-68ff-4074-a89c-94d611ddbdcd: found a subdirectory /workdir/hadoop-ozone/integration-test/target/test-dir/MiniOzoneClusterImpl-fed4bbd5-3e84-4b96-98af-185ceb771cd5/datanode-1/data/ratis/97cf7ea5-f2f0-44c7-b45b-eed279b04bd8
2019-10-24 12:12:22,144 [main] INFO  impl.RaftServerProxy (RaftServerProxy.java:addNew(89)) - b0079d05-68ff-4074-a89c-94d611ddbdcd: addNew group-EED279B04BD8:[] returns group-EED279B04BD8:java.util.concurrent.CompletableFuture@4a901445[Not completed]
2019-10-24 12:12:22,144 [main] INFO  impl.RaftServerProxy (RaftServerProxy.java:lambda$null$0(191)) - b0079d05-68ff-4074-a89c-94d611ddbdcd: found a subdirectory /workdir/hadoop-ozone/integration-test/target/test-dir/MiniOzoneClusterImpl-fed4bbd5-3e84-4b96-98af-185ceb771cd5/datanode-1/data/ratis/db1b107d-dd3a-4f4e-8d41-f236fcc62a92
2019-10-24 12:12:22,145 [main] INFO  impl.RaftServerProxy (RaftServerProxy.java:addNew(89)) - b0079d05-68ff-4074-a89c-94d611ddbdcd: addNew group-F236FCC62A92:[] returns group-F236FCC62A92:java.util.concurrent.CompletableFuture@67f77f6e[Not completed]
2019-10-24 12:12:22,151 [main] INFO  hdfs.DFSUtil (DFSUtil.java:httpServerTemplateForNNAndJN(1641)) - Starting Web-server for hddsDatanode at: http://0.0.0.0:45602
2019-10-24 12:12:22,151 [pool-59-thread-1] INFO  impl.RaftServerImpl (RaftServerImpl.java:<init>(98)) - b0079d05-68ff-4074-a89c-94d611ddbdcd: new RaftServerImpl for group-EED279B04BD8:[] with ContainerStateMachine:uninitialized
2019-10-24 12:12:22,152 [pool-59-thread-1] INFO  server.RaftServerConfigKeys (ConfUtils.java:logGet(43)) - raft.server.rpc.timeout.min = 5s (custom)
2019-10-24 12:12:22,152 [pool-59-thread-1] INFO  server.RaftServerConfigKeys (ConfUtils.java:logGet(43)) - raft.server.rpc.timeout.max = 5200ms (custom)
2019-10-24 12:12:22,152 [pool-59-thread-1] INFO  server.RaftServerConfigKeys (ConfUtils.java:logGet(43)) - raft.server.rpcslowness.timeout = 1000s (custom)
2019-10-24 12:12:22,152 [pool-59-thread-1] INFO  server.RaftServerConfigKeys (ConfUtils.java:logGet(43)) - raft.server.sleep.deviation.threshold = 300 (default)
2019-10-24 12:12:22,152 [pool-59-thread-1] INFO  server.RaftServerConfigKeys (ConfUtils.java:logGet(43)) - raft.server.log.appender.install.snapshot.enabled = false (custom)
2019-10-24 12:12:22,153 [pool-59-thread-1] INFO  impl.RaftServerImpl (ServerState.java:<init>(103)) - b0079d05-68ff-4074-a89c-94d611ddbdcd@group-EED279B04BD8: ConfigurationManager, init=-1: [], old=null, confs=<EMPTY_MAP>
2019-10-24 12:12:22,153 [pool-59-thread-1] INFO  server.RaftServerConfigKeys (ConfUtils.java:logGet(43)) - raft.server.storage.dir = [/workdir/hadoop-ozone/integration-test/target/test-dir/MiniOzoneClusterImpl-fed4bbd5-3e84-4b96-98af-185ceb771cd5/datanode-1/data/ratis] (custom)
2019-10-24 12:12:22,153 [pool-59-thread-1] INFO  server.RaftServerConfigKeys (ConfUtils.java:logGet(43)) - raft.server.log.corruption.policy = EXCEPTION (default)
2019-10-24 12:12:22,154 [main] INFO  server.AuthenticationFilter (AuthenticationFilter.java:constructSecretProvider(240)) - Unable to initialize FileSignerSecretProvider, falling back to use random secrets.
2019-10-24 12:12:22,155 [main] WARN  http.HttpRequestLog (HttpRequestLog.java:getRequestLog(97)) - Jetty request log can only be enabled using Log4j
2019-10-24 12:12:22,158 [main] INFO  http.HttpServer2 (HttpServer2.java:addGlobalFilter(975)) - Added global filter 'safety' (class=org.apache.hadoop.http.HttpServer2$QuotingInputFilter)
2019-10-24 12:12:22,158 [main] INFO  http.HttpServer2 (HttpServer2.java:addFilter(948)) - Added filter static_user_filter (class=org.apache.hadoop.http.lib.StaticUserWebFilter$StaticUserFilter) to context hddsDatanode
2019-10-24 12:12:22,159 [main] INFO  http.HttpServer2 (HttpServer2.java:addFilter(958)) - Added filter static_user_filter (class=org.apache.hadoop.http.lib.StaticUserWebFilter$StaticUserFilter) to context static
2019-10-24 12:12:22,159 [main] INFO  http.HttpServer2 (HttpServer2.java:addFilter(958)) - Added filter static_user_filter (class=org.apache.hadoop.http.lib.StaticUserWebFilter$StaticUserFilter) to context logs
2019-10-24 12:12:22,160 [main] INFO  http.HttpServer2 (HttpServer2.java:bindListener(1191)) - Jetty bound to port 45602
2019-10-24 12:12:22,161 [main] INFO  server.Server (Server.java:doStart(351)) - jetty-9.3.25.v20180904, build timestamp: 2018-09-04T21:11:46Z, git hash: 3ce520221d0240229c862b122d2b06c12a625732
2019-10-24 12:12:22,163 [main] INFO  handler.ContextHandler (ContextHandler.java:doStart(781)) - Started o.e.j.s.ServletContextHandler@68a78f3c{/logs,file:///workdir/hadoop-ozone/integration-test/target/log,AVAILABLE}
2019-10-24 12:12:22,164 [main] INFO  handler.ContextHandler (ContextHandler.java:doStart(781)) - Started o.e.j.s.ServletContextHandler@3481ff98{/static,jar:file:/home/user/.m2/repository/org/apache/hadoop/hadoop-hdds-container-service/0.5.0-SNAPSHOT/hadoop-hdds-container-service-0.5.0-SNAPSHOT.jar!/webapps/static,AVAILABLE}
2019-10-24 12:12:22,166 [pool-59-thread-1] INFO  storage.RaftStorageDirectory (RaftStorageDirectory.java:tryLock(328)) - Lock on /workdir/hadoop-ozone/integration-test/target/test-dir/MiniOzoneClusterImpl-fed4bbd5-3e84-4b96-98af-185ceb771cd5/datanode-1/data/ratis/97cf7ea5-f2f0-44c7-b45b-eed279b04bd8/in_use.lock acquired by nodename 26071@pr-hdds-2358-mdv8n-1797098514
2019-10-24 12:12:22,170 [pool-59-thread-1] INFO  ratis.ContainerStateMachine (ContainerStateMachine.java:loadSnapshot(240)) - group-EED279B04BD8: Setting the last applied index to (t:1, i:3)
2019-10-24 12:12:22,177 [pool-59-thread-1] INFO  impl.RaftServerImpl (ServerState.java:setRaftConf(356)) - b0079d05-68ff-4074-a89c-94d611ddbdcd@group-EED279B04BD8: set configuration 0: [b0079d05-68ff-4074-a89c-94d611ddbdcd:192.168.164.210:43817, c58683fb-6de7-4590-940d-14e09458c307:192.168.164.210:44335, 7f01d92b-bd13-46ba-b46f-c65517f7cb74:192.168.164.210:39920], old=null at 0
2019-10-24 12:12:22,177 [pool-59-thread-1] INFO  server.RaftServerConfigKeys (ConfUtils.java:logGet(43)) - raft.server.notification.no-leader.timeout = 1000s (custom)
2019-10-24 12:12:22,177 [pool-59-thread-1] INFO  server.RaftServerConfigKeys (ConfUtils.java:logGet(43)) - raft.server.log.use.memory = false (default)
2019-10-24 12:12:22,178 [pool-59-thread-1] INFO  server.RaftServerConfigKeys (ConfUtils.java:logGet(43)) - raft.server.log.purge.gap = 1000000 (custom)
2019-10-24 12:12:22,178 [pool-59-thread-1] INFO  server.RaftServerConfigKeys (ConfUtils.java:logGet(43)) - raft.server.log.appender.buffer.byte-limit = 33554432 (custom)
2019-10-24 12:12:22,178 [pool-59-thread-1] INFO  server.RaftServerConfigKeys (ConfUtils.java:logGet(43)) - raft.server.log.segment.size.max = 1048576 (custom)
2019-10-24 12:12:22,178 [pool-59-thread-1] INFO  server.RaftServerConfigKeys (ConfUtils.java:logGet(43)) - raft.server.log.segment.cache.num.max = 2 (custom)
2019-10-24 12:12:22,178 [pool-59-thread-1] INFO  segmented.SegmentedRaftLogWorker (SegmentedRaftLogWorker.java:<init>(173)) - new b0079d05-68ff-4074-a89c-94d611ddbdcd@group-EED279B04BD8-SegmentedRaftLogWorker for RaftStorage:Storage Directory /workdir/hadoop-ozone/integration-test/target/test-dir/MiniOzoneClusterImpl-fed4bbd5-3e84-4b96-98af-185ceb771cd5/datanode-1/data/ratis/97cf7ea5-f2f0-44c7-b45b-eed279b04bd8
2019-10-24 12:12:22,179 [pool-59-thread-1] INFO  server.RaftServerConfigKeys (ConfUtils.java:logGet(43)) - raft.server.log.queue.byte-limit = 2147483647 (custom)
2019-10-24 12:12:22,179 [pool-59-thread-1] INFO  server.RaftServerConfigKeys (ConfUtils.java:logGet(43)) - raft.server.log.queue.element-limit = 1024 (custom)
2019-10-24 12:12:22,179 [pool-59-thread-1] INFO  server.RaftServerConfigKeys (ConfUtils.java:logGet(43)) - raft.server.log.segment.size.max = 1048576 (custom)
2019-10-24 12:12:22,179 [pool-59-thread-1] INFO  server.RaftServerConfigKeys (ConfUtils.java:logGet(43)) - raft.server.log.preallocated.size = 16384 (custom)
2019-10-24 12:12:22,179 [pool-59-thread-1] INFO  server.RaftServerConfigKeys (ConfUtils.java:logGet(43)) - raft.server.log.write.buffer.size = 33554432 (custom)
2019-10-24 12:12:22,180 [pool-59-thread-1] INFO  server.RaftServerConfigKeys (ConfUtils.java:logGet(43)) - raft.server.log.force.sync.num = 128 (default)
2019-10-24 12:12:22,180 [pool-59-thread-1] INFO  server.RaftServerConfigKeys (ConfUtils.java:logGet(43)) - raft.server.log.statemachine.data.sync = true (default)
2019-10-24 12:12:22,180 [pool-59-thread-1] INFO  server.RaftServerConfigKeys (ConfUtils.java:logGet(43)) - raft.server.log.statemachine.data.sync.timeout = 10s (default)
2019-10-24 12:12:22,180 [pool-59-thread-1] INFO  server.RaftServerConfigKeys (ConfUtils.java:logGet(43)) - raft.server.log.statemachine.data.sync.timeout.retry = -1 (default)
2019-10-24 12:12:22,180 [pool-59-thread-1] INFO  server.RaftServerConfigKeys (ConfUtils.java:logGet(43)) - raft.server.log.statemachine.data.caching.enabled = true (custom)
2019-10-24 12:12:22,188 [pool-59-thread-1] INFO  impl.RaftServerImpl (ServerState.java:setRaftConf(356)) - b0079d05-68ff-4074-a89c-94d611ddbdcd@group-EED279B04BD8: set configuration 0: [b0079d05-68ff-4074-a89c-94d611ddbdcd:192.168.164.210:43817, c58683fb-6de7-4590-940d-14e09458c307:192.168.164.210:44335, 7f01d92b-bd13-46ba-b46f-c65517f7cb74:192.168.164.210:39920], old=null at 0
2019-10-24 12:12:22,189 [pool-59-thread-1] INFO  segmented.LogSegment (LogSegment.java:loadSegment(140)) - Successfully read 5 entries from segment file /workdir/hadoop-ozone/integration-test/target/test-dir/MiniOzoneClusterImpl-fed4bbd5-3e84-4b96-98af-185ceb771cd5/datanode-1/data/ratis/97cf7ea5-f2f0-44c7-b45b-eed279b04bd8/current/log_inprogress_0
2019-10-24 12:12:22,190 [pool-59-thread-1] INFO  segmented.SegmentedRaftLogWorker (SegmentedRaftLogWorker.java:lambda$new$0(128)) - b0079d05-68ff-4074-a89c-94d611ddbdcd@group-EED279B04BD8-SegmentedRaftLogWorker: flushIndex: setUnconditionally 0 -> 4
2019-10-24 12:12:22,220 [pool-59-thread-1] INFO  raftlog.RaftLog (RaftLog.java:lambda$new$0(61)) - b0079d05-68ff-4074-a89c-94d611ddbdcd@group-EED279B04BD8-SegmentedRaftLog: commitIndex: updateToMax old=3, new=3, updated? false
2019-10-24 12:12:22,220 [main] INFO  handler.ContextHandler (ContextHandler.java:doStart(781)) - Started o.e.j.w.WebAppContext@7a4d582c{/,file:///tmp/jetty-0.0.0.0-45602-hddsDatanode-_-any-1808183007948659197.dir/webapp/,AVAILABLE}{/hddsDatanode}
2019-10-24 12:12:22,221 [pool-59-thread-1] INFO  server.RaftServerConfigKeys (ConfUtils.java:logGet(43)) - raft.server.snapshot.auto.trigger.enabled = true (custom)
2019-10-24 12:12:22,221 [pool-59-thread-1] INFO  server.RaftServerConfigKeys (ConfUtils.java:logGet(43)) - raft.server.snapshot.auto.trigger.threshold = 10000 (custom)
2019-10-24 12:12:22,221 [pool-59-thread-1] INFO  server.RaftServerConfigKeys (ConfUtils.java:logGet(43)) - raft.server.snapshot.retention.file.num = 5 (custom)
2019-10-24 12:12:22,221 [main] INFO  server.AbstractConnector (AbstractConnector.java:doStart(278)) - Started ServerConnector@5626d18c{HTTP/1.1,[http/1.1]}{0.0.0.0:45602}
2019-10-24 12:12:22,222 [pool-59-thread-1] INFO  server.RaftServerConfigKeys (ConfUtils.java:logGet(43)) - raft.server.retrycache.expirytime = 600000ms (custom)
2019-10-24 12:12:22,222 [main] INFO  server.Server (Server.java:doStart(419)) - Started @118429ms
2019-10-24 12:12:22,223 [main] WARN  impl.MetricsSystemImpl (MetricsSystemImpl.java:register(276)) - Sink prometheus already exists!
2019-10-24 12:12:22,224 [main] INFO  server.BaseHttpServer (BaseHttpServer.java:updateConnectorAddress(215)) - HTTP server of HDDSDATANODE is listening at http://0.0.0.0:45602
2019-10-24 12:12:22,225 [pool-59-thread-1] INFO  impl.RaftServerImpl (RaftServerImpl.java:<init>(98)) - b0079d05-68ff-4074-a89c-94d611ddbdcd: new RaftServerImpl for group-F236FCC62A92:[] with ContainerStateMachine:uninitialized
2019-10-24 12:12:22,225 [pool-59-thread-1] INFO  server.RaftServerConfigKeys (ConfUtils.java:logGet(43)) - raft.server.rpc.timeout.min = 5s (custom)
2019-10-24 12:12:22,225 [pool-59-thread-1] INFO  server.RaftServerConfigKeys (ConfUtils.java:logGet(43)) - raft.server.rpc.timeout.max = 5200ms (custom)
2019-10-24 12:12:22,225 [pool-59-thread-1] INFO  server.RaftServerConfigKeys (ConfUtils.java:logGet(43)) - raft.server.rpcslowness.timeout = 1000s (custom)
2019-10-24 12:12:22,225 [pool-59-thread-1] INFO  server.RaftServerConfigKeys (ConfUtils.java:logGet(43)) - raft.server.sleep.deviation.threshold = 300 (default)
2019-10-24 12:12:22,226 [pool-59-thread-1] INFO  server.RaftServerConfigKeys (ConfUtils.java:logGet(43)) - raft.server.log.appender.install.snapshot.enabled = false (custom)
2019-10-24 12:12:22,226 [pool-59-thread-1] INFO  impl.RaftServerImpl (ServerState.java:<init>(103)) - b0079d05-68ff-4074-a89c-94d611ddbdcd@group-F236FCC62A92: ConfigurationManager, init=-1: [], old=null, confs=<EMPTY_MAP>
2019-10-24 12:12:22,226 [pool-59-thread-1] INFO  server.RaftServerConfigKeys (ConfUtils.java:logGet(43)) - raft.server.storage.dir = [/workdir/hadoop-ozone/integration-test/target/test-dir/MiniOzoneClusterImpl-fed4bbd5-3e84-4b96-98af-185ceb771cd5/datanode-1/data/ratis] (custom)
2019-10-24 12:12:22,226 [org.apache.hadoop.util.JvmPauseMonitor$Monitor@6fccf3d5] INFO  util.JvmPauseMonitor (JvmPauseMonitor.java:run(188)) - Starting JVM pause monitor
2019-10-24 12:12:22,226 [pool-59-thread-1] INFO  server.RaftServerConfigKeys (ConfUtils.java:logGet(43)) - raft.server.log.corruption.policy = EXCEPTION (default)
2019-10-24 12:12:22,238 [pool-59-thread-1] INFO  storage.RaftStorageDirectory (RaftStorageDirectory.java:tryLock(328)) - Lock on /workdir/hadoop-ozone/integration-test/target/test-dir/MiniOzoneClusterImpl-fed4bbd5-3e84-4b96-98af-185ceb771cd5/datanode-1/data/ratis/db1b107d-dd3a-4f4e-8d41-f236fcc62a92/in_use.lock acquired by nodename 26071@pr-hdds-2358-mdv8n-1797098514
2019-10-24 12:12:22,239 [pool-59-thread-1] INFO  ratis.ContainerStateMachine (ContainerStateMachine.java:loadSnapshot(231)) - group-F236FCC62A92: The snapshot info is null. Setting the last applied indexto:(t:0, i:~)
2019-10-24 12:12:22,239 [pool-59-thread-1] INFO  server.RaftServerConfigKeys (ConfUtils.java:logGet(43)) - raft.server.notification.no-leader.timeout = 1000s (custom)
2019-10-24 12:12:22,239 [pool-59-thread-1] INFO  server.RaftServerConfigKeys (ConfUtils.java:logGet(43)) - raft.server.log.use.memory = false (default)
2019-10-24 12:12:22,239 [pool-59-thread-1] INFO  server.RaftServerConfigKeys (ConfUtils.java:logGet(43)) - raft.server.log.purge.gap = 1000000 (custom)
2019-10-24 12:12:22,239 [pool-59-thread-1] INFO  server.RaftServerConfigKeys (ConfUtils.java:logGet(43)) - raft.server.log.appender.buffer.byte-limit = 33554432 (custom)
2019-10-24 12:12:22,240 [pool-59-thread-1] INFO  server.RaftServerConfigKeys (ConfUtils.java:logGet(43)) - raft.server.log.segment.size.max = 1048576 (custom)
2019-10-24 12:12:22,240 [pool-59-thread-1] INFO  server.RaftServerConfigKeys (ConfUtils.java:logGet(43)) - raft.server.log.segment.cache.num.max = 2 (custom)
2019-10-24 12:12:22,240 [pool-59-thread-1] INFO  segmented.SegmentedRaftLogWorker (SegmentedRaftLogWorker.java:<init>(173)) - new b0079d05-68ff-4074-a89c-94d611ddbdcd@group-F236FCC62A92-SegmentedRaftLogWorker for RaftStorage:Storage Directory /workdir/hadoop-ozone/integration-test/target/test-dir/MiniOzoneClusterImpl-fed4bbd5-3e84-4b96-98af-185ceb771cd5/datanode-1/data/ratis/db1b107d-dd3a-4f4e-8d41-f236fcc62a92
2019-10-24 12:12:22,240 [pool-59-thread-1] INFO  server.RaftServerConfigKeys (ConfUtils.java:logGet(43)) - raft.server.log.queue.byte-limit = 2147483647 (custom)
2019-10-24 12:12:22,240 [pool-59-thread-1] INFO  server.RaftServerConfigKeys (ConfUtils.java:logGet(43)) - raft.server.log.queue.element-limit = 1024 (custom)
2019-10-24 12:12:22,240 [pool-59-thread-1] INFO  server.RaftServerConfigKeys (ConfUtils.java:logGet(43)) - raft.server.log.segment.size.max = 1048576 (custom)
2019-10-24 12:12:22,240 [pool-59-thread-1] INFO  server.RaftServerConfigKeys (ConfUtils.java:logGet(43)) - raft.server.log.preallocated.size = 16384 (custom)
2019-10-24 12:12:22,240 [pool-59-thread-1] INFO  server.RaftServerConfigKeys (ConfUtils.java:logGet(43)) - raft.server.log.write.buffer.size = 33554432 (custom)
2019-10-24 12:12:22,241 [pool-59-thread-1] INFO  server.RaftServerConfigKeys (ConfUtils.java:logGet(43)) - raft.server.log.force.sync.num = 128 (default)
2019-10-24 12:12:22,241 [pool-59-thread-1] INFO  server.RaftServerConfigKeys (ConfUtils.java:logGet(43)) - raft.server.log.statemachine.data.sync = true (default)
2019-10-24 12:12:22,241 [pool-59-thread-1] INFO  server.RaftServerConfigKeys (ConfUtils.java:logGet(43)) - raft.server.log.statemachine.data.sync.timeout = 10s (default)
2019-10-24 12:12:22,241 [pool-59-thread-1] INFO  server.RaftServerConfigKeys (ConfUtils.java:logGet(43)) - raft.server.log.statemachine.data.sync.timeout.retry = -1 (default)
2019-10-24 12:12:22,241 [pool-59-thread-1] INFO  server.RaftServerConfigKeys (ConfUtils.java:logGet(43)) - raft.server.log.statemachine.data.caching.enabled = true (custom)
2019-10-24 12:12:22,242 [pool-59-thread-1] INFO  impl.RaftServerImpl (ServerState.java:setRaftConf(356)) - b0079d05-68ff-4074-a89c-94d611ddbdcd@group-F236FCC62A92: set configuration 0: [b0079d05-68ff-4074-a89c-94d611ddbdcd:192.168.164.210:43817], old=null at 0
2019-10-24 12:12:22,242 [pool-59-thread-1] INFO  segmented.LogSegment (LogSegment.java:loadSegment(140)) - Successfully read 1 entries from segment file /workdir/hadoop-ozone/integration-test/target/test-dir/MiniOzoneClusterImpl-fed4bbd5-3e84-4b96-98af-185ceb771cd5/datanode-1/data/ratis/db1b107d-dd3a-4f4e-8d41-f236fcc62a92/current/log_inprogress_0
2019-10-24 12:12:22,242 [pool-59-thread-1] INFO  segmented.SegmentedRaftLogWorker (SegmentedRaftLogWorker.java:lambda$new$0(128)) - b0079d05-68ff-4074-a89c-94d611ddbdcd@group-F236FCC62A92-SegmentedRaftLogWorker: flushIndex: setUnconditionally 0 -> 0
2019-10-24 12:12:22,270 [pool-59-thread-1] INFO  server.RaftServerConfigKeys (ConfUtils.java:logGet(43)) - raft.server.snapshot.auto.trigger.enabled = true (custom)
2019-10-24 12:12:22,271 [pool-59-thread-1] INFO  server.RaftServerConfigKeys (ConfUtils.java:logGet(43)) - raft.server.snapshot.auto.trigger.threshold = 10000 (custom)
2019-10-24 12:12:22,271 [pool-59-thread-1] INFO  server.RaftServerConfigKeys (ConfUtils.java:logGet(43)) - raft.server.snapshot.retention.file.num = 5 (custom)
2019-10-24 12:12:22,271 [pool-59-thread-1] INFO  server.RaftServerConfigKeys (ConfUtils.java:logGet(43)) - raft.server.retrycache.expirytime = 600000ms (custom)
2019-10-24 12:12:22,559 [BlockDeletingService#2] WARN  background.BlockDeletingService (BlockDeletingService.java:isDeletionAllowed(187)) - Close Container log Index 6 is not replicated across allthe servers in the pipeline 97cf7ea5-f2f0-44c7-b45b-eed279b04bd8 as the min replicated index is 4. Deletion is not allowed in this container yet.
2019-10-24 12:12:22,560 [BlockDeletingService#2] WARN  background.BlockDeletingService (BlockDeletingService.java:isDeletionAllowed(187)) - Close Container log Index 6 is not replicated across allthe servers in the pipeline 97cf7ea5-f2f0-44c7-b45b-eed279b04bd8 as the min replicated index is 4. Deletion is not allowed in this container yet.
2019-10-24 12:12:22,725 [Thread-547] INFO  client.GrpcClientProtocolService (GrpcClientProtocolService.java:lambda$processClientRequest$0(279)) - Failed RaftClientRequest:client-A2BC9D366054->7f01d92b-bd13-46ba-b46f-c65517f7cb74@group-EED279B04BD8, cid=10, seq=0, Watch-ALL_COMMITTED(6), Message:<EMPTY>, reply=RaftClientReply:client-A2BC9D366054->7f01d92b-bd13-46ba-b46f-c65517f7cb74@group-EED279B04BD8, cid=10, FAILED org.apache.ratis.protocol.NotLeaderException: Server 7f01d92b-bd13-46ba-b46f-c65517f7cb74@group-EED279B04BD8 is not the leader c58683fb-6de7-4590-940d-14e09458c307:192.168.164.210:44335, logIndex=0, commits[7f01d92b-bd13-46ba-b46f-c65517f7cb74:c10, b0079d05-68ff-4074-a89c-94d611ddbdcd:c4, c58683fb-6de7-4590-940d-14e09458c307:c10]
2019-10-24 12:12:22,801 [pool-7-thread-1] INFO  commands.RetriableDatanodeEventWatcher (RetriableDatanodeEventWatcher.java:onTimeout(47)) - RetriableDatanodeCommand type=deleteBlocksCommand with id=1571919140801 timed out. Retrying.
2019-10-24 12:12:22,802 [pool-7-thread-1] INFO  commands.RetriableDatanodeEventWatcher (RetriableDatanodeEventWatcher.java:onTimeout(47)) - RetriableDatanodeCommand type=deleteBlocksCommand with id=1571919140798 timed out. Retrying.
2019-10-24 12:12:22,802 [SCMBlockDeletingService#0] INFO  block.SCMBlockDeletingService (SCMBlockDeletingService.java:call(184)) - Totally added 1 delete blocks command for 1 datanodes, task elapsed time: 1ms
2019-10-24 12:12:23,561 [BlockDeletingService#2] WARN  background.BlockDeletingService (BlockDeletingService.java:isDeletionAllowed(187)) - Close Container log Index 6 is not replicated across allthe servers in the pipeline 97cf7ea5-f2f0-44c7-b45b-eed279b04bd8 as the min replicated index is 4. Deletion is not allowed in this container yet.
2019-10-24 12:12:23,562 [BlockDeletingService#2] WARN  background.BlockDeletingService (BlockDeletingService.java:isDeletionAllowed(187)) - Close Container log Index 6 is not replicated across allthe servers in the pipeline 97cf7ea5-f2f0-44c7-b45b-eed279b04bd8 as the min replicated index is 4. Deletion is not allowed in this container yet.
2019-10-24 12:12:23,801 [pool-7-thread-1] INFO  commands.RetriableDatanodeEventWatcher (RetriableDatanodeEventWatcher.java:onTimeout(47)) - RetriableDatanodeCommand type=deleteBlocksCommand with id=1571919140801 timed out. Retrying.
2019-10-24 12:12:23,802 [pool-7-thread-1] INFO  commands.RetriableDatanodeEventWatcher (RetriableDatanodeEventWatcher.java:onTimeout(47)) - RetriableDatanodeCommand type=deleteBlocksCommand with id=1571919140802 timed out. Retrying.
2019-10-24 12:12:23,803 [pool-7-thread-1] INFO  commands.RetriableDatanodeEventWatcher (RetriableDatanodeEventWatcher.java:onTimeout(47)) - RetriableDatanodeCommand type=deleteBlocksCommand with id=1571919140798 timed out. Retrying.
2019-10-24 12:12:23,804 [SCMBlockDeletingService#0] INFO  block.SCMBlockDeletingService (SCMBlockDeletingService.java:call(184)) - Totally added 1 delete blocks command for 1 datanodes, task elapsed time: 1ms
2019-10-24 12:12:24,228 [Datanode State Machine Thread - 0] INFO  ozoneimpl.OzoneContainer (OzoneContainer.java:start(213)) - Attempting to start container services.
2019-10-24 12:12:24,230 [Datanode State Machine Thread - 0] INFO  ozoneimpl.OzoneContainer (OzoneContainer.java:startContainerScrub(177)) - Background container scanner has been disabled.
2019-10-24 12:12:24,231 [Datanode State Machine Thread - 0] INFO  ratis.XceiverServerRatis (XceiverServerRatis.java:start(418)) - Starting XceiverServerRatis b0079d05-68ff-4074-a89c-94d611ddbdcd at port 43817
2019-10-24 12:12:24,242 [Datanode State Machine Thread - 0] INFO  impl.RaftServerImpl (RaftServerImpl.java:start(184)) - b0079d05-68ff-4074-a89c-94d611ddbdcd@group-EED279B04BD8: start as a follower, conf=0: [b0079d05-68ff-4074-a89c-94d611ddbdcd:192.168.164.210:43817, c58683fb-6de7-4590-940d-14e09458c307:192.168.164.210:44335, 7f01d92b-bd13-46ba-b46f-c65517f7cb74:192.168.164.210:39920], old=null
2019-10-24 12:12:24,243 [ForkJoinPool.commonPool-worker-1] INFO  impl.RaftServerImpl (RaftServerImpl.java:start(184)) - b0079d05-68ff-4074-a89c-94d611ddbdcd@group-F236FCC62A92: start as a follower, conf=0: [b0079d05-68ff-4074-a89c-94d611ddbdcd:192.168.164.210:43817], old=null
2019-10-24 12:12:24,243 [Datanode State Machine Thread - 0] INFO  impl.RaftServerImpl (RaftServerImpl.java:setRole(173)) - b0079d05-68ff-4074-a89c-94d611ddbdcd@group-EED279B04BD8: changes role from      null to FOLLOWER at term 1 for startAsFollower
2019-10-24 12:12:24,243 [ForkJoinPool.commonPool-worker-1] INFO  impl.RaftServerImpl (RaftServerImpl.java:setRole(173)) - b0079d05-68ff-4074-a89c-94d611ddbdcd@group-F236FCC62A92: changes role from      null to FOLLOWER at term 1 for startAsFollower
2019-10-24 12:12:24,243 [Datanode State Machine Thread - 0] INFO  impl.RoleInfo (RoleInfo.java:updateAndGet(143)) - b0079d05-68ff-4074-a89c-94d611ddbdcd: start FollowerState
2019-10-24 12:12:24,243 [ForkJoinPool.commonPool-worker-1] INFO  impl.RoleInfo (RoleInfo.java:updateAndGet(143)) - b0079d05-68ff-4074-a89c-94d611ddbdcd: start FollowerState
2019-10-24 12:12:24,244 [Datanode State Machine Thread - 0] INFO  util.JmxRegister (JmxRegister.java:tryRegister(44)) - Successfully registered JMX Bean with object name Ratis:service=RaftServer,group=group-EED279B04BD8,id=b0079d05-68ff-4074-a89c-94d611ddbdcd
2019-10-24 12:12:24,244 [ForkJoinPool.commonPool-worker-1] INFO  util.JmxRegister (JmxRegister.java:tryRegister(44)) - Successfully registered JMX Bean with object name Ratis:service=RaftServer,group=group-F236FCC62A92,id=b0079d05-68ff-4074-a89c-94d611ddbdcd
2019-10-24 12:12:24,246 [Datanode State Machine Thread - 0] INFO  impl.RaftServerProxy (RaftServerProxy.java:lambda$start$3(299)) - b0079d05-68ff-4074-a89c-94d611ddbdcd: start RPC server
2019-10-24 12:12:24,248 [Datanode State Machine Thread - 0] INFO  server.GrpcService (GrpcService.java:startImpl(158)) - b0079d05-68ff-4074-a89c-94d611ddbdcd: GrpcService started, listening on 0.0.0.0/0.0.0.0:43817
2019-10-24 12:12:24,488 [java.util.concurrent.ThreadPoolExecutor$Worker@53c23726[State = -1, empty queue]] WARN  server.GrpcLogAppender (GrpcLogAppender.java:timeoutAppendRequest(209)) - c58683fb-6de7-4590-940d-14e09458c307@group-EED279B04BD8->b0079d05-68ff-4074-a89c-94d611ddbdcd-GrpcLogAppender: appendEntries Timeout, request=c58683fb-6de7-4590-940d-14e09458c307->b0079d05-68ff-4074-a89c-94d611ddbdcd#51-t1, previous=(t:1, i:10), leaderCommit=10, initializing? false, entries: <empty>
2019-10-24 12:12:24,562 [BlockDeletingService#2] WARN  background.BlockDeletingService (BlockDeletingService.java:isDeletionAllowed(187)) - Close Container log Index 6 is not replicated across allthe servers in the pipeline 97cf7ea5-f2f0-44c7-b45b-eed279b04bd8 as the min replicated index is 4. Deletion is not allowed in this container yet.
2019-10-24 12:12:24,563 [BlockDeletingService#2] WARN  background.BlockDeletingService (BlockDeletingService.java:isDeletionAllowed(187)) - Close Container log Index 6 is not replicated across allthe servers in the pipeline 97cf7ea5-f2f0-44c7-b45b-eed279b04bd8 as the min replicated index is 4. Deletion is not allowed in this container yet.
2019-10-24 12:12:24,683 [Thread-559] INFO  client.GrpcClientProtocolService (GrpcClientProtocolService.java:lambda$processClientRequest$0(279)) - Failed RaftClientRequest:client-A2BC9D366054->c58683fb-6de7-4590-940d-14e09458c307@group-EED279B04BD8, cid=10, seq=0, Watch-ALL_COMMITTED(6), Message:<EMPTY>, reply=RaftClientReply:client-A2BC9D366054->c58683fb-6de7-4590-940d-14e09458c307@group-EED279B04BD8, cid=10, FAILED org.apache.ratis.protocol.NotReplicatedException: Request with call Id 10 and log index 6 is not yet replicated to ALL_COMMITTED, logIndex=6, commits[c58683fb-6de7-4590-940d-14e09458c307:c10, b0079d05-68ff-4074-a89c-94d611ddbdcd:c4, 7f01d92b-bd13-46ba-b46f-c65517f7cb74:c10]
2019-10-24 12:12:24,802 [pool-7-thread-1] INFO  commands.RetriableDatanodeEventWatcher (RetriableDatanodeEventWatcher.java:onTimeout(47)) - RetriableDatanodeCommand type=deleteBlocksCommand with id=1571919140802 timed out. Retrying.
2019-10-24 12:12:24,802 [pool-7-thread-2] INFO  commands.RetriableDatanodeEventWatcher (RetriableDatanodeEventWatcher.java:onTimeout(47)) - RetriableDatanodeCommand type=deleteBlocksCommand with id=1571919140801 timed out. Retrying.
2019-10-24 12:12:24,804 [pool-7-thread-1] INFO  commands.RetriableDatanodeEventWatcher (RetriableDatanodeEventWatcher.java:onTimeout(47)) - RetriableDatanodeCommand type=deleteBlocksCommand with id=1571919140803 timed out. Retrying.
2019-10-24 12:12:24,804 [pool-7-thread-3] INFO  commands.RetriableDatanodeEventWatcher (RetriableDatanodeEventWatcher.java:onTimeout(47)) - RetriableDatanodeCommand type=deleteBlocksCommand with id=1571919140798 timed out. Retrying.
2019-10-24 12:12:24,805 [SCMBlockDeletingService#0] INFO  block.SCMBlockDeletingService (SCMBlockDeletingService.java:call(184)) - Totally added 1 delete blocks command for 1 datanodes, task elapsed time: 0ms
2019-10-24 12:12:25,565 [BlockDeletingService#2] WARN  background.BlockDeletingService (BlockDeletingService.java:isDeletionAllowed(187)) - Close Container log Index 6 is not replicated across allthe servers in the pipeline 97cf7ea5-f2f0-44c7-b45b-eed279b04bd8 as the min replicated index is 4. Deletion is not allowed in this container yet.
2019-10-24 12:12:25,565 [BlockDeletingService#2] WARN  background.BlockDeletingService (BlockDeletingService.java:isDeletionAllowed(187)) - Close Container log Index 6 is not replicated across allthe servers in the pipeline 97cf7ea5-f2f0-44c7-b45b-eed279b04bd8 as the min replicated index is 4. Deletion is not allowed in this container yet.
2019-10-24 12:12:25,803 [pool-7-thread-3] INFO  commands.RetriableDatanodeEventWatcher (RetriableDatanodeEventWatcher.java:onTimeout(47)) - RetriableDatanodeCommand type=deleteBlocksCommand with id=1571919140802 timed out. Retrying.
2019-10-24 12:12:25,803 [pool-7-thread-3] INFO  commands.RetriableDatanodeEventWatcher (RetriableDatanodeEventWatcher.java:onTimeout(47)) - RetriableDatanodeCommand type=deleteBlocksCommand with id=1571919140803 timed out. Retrying.
2019-10-24 12:12:25,804 [pool-7-thread-2] INFO  commands.RetriableDatanodeEventWatcher (RetriableDatanodeEventWatcher.java:onTimeout(47)) - RetriableDatanodeCommand type=deleteBlocksCommand with id=1571919140798 timed out. Retrying.
2019-10-24 12:12:25,804 [pool-7-thread-1] INFO  commands.RetriableDatanodeEventWatcher (RetriableDatanodeEventWatcher.java:onTimeout(47)) - RetriableDatanodeCommand type=deleteBlocksCommand with id=1571919140801 timed out. Retrying.
2019-10-24 12:12:25,804 [pool-7-thread-1] INFO  commands.RetriableDatanodeEventWatcher (RetriableDatanodeEventWatcher.java:onTimeout(47)) - RetriableDatanodeCommand type=deleteBlocksCommand with id=1571919140804 timed out. Retrying.
2019-10-24 12:12:25,807 [SCMBlockDeletingService#0] INFO  block.SCMBlockDeletingService (SCMBlockDeletingService.java:call(184)) - Totally added 1 delete blocks command for 1 datanodes, task elapsed time: 1ms
2019-10-24 12:12:26,230 [EventQueue-PendingDeleteStatusForPendingDeleteHandler] INFO  block.SCMBlockDeletingService (SCMBlockDeletingService.java:handlePendingDeletes(115)) - Block deletion txnID mismatch in datanode b0079d05-68ff-4074-a89c-94d611ddbdcd for containerID 1. Datanode delete txnID: 0, SCM txnID: 1
2019-10-24 12:12:26,568 [BlockDeletingService#2] WARN  background.BlockDeletingService (BlockDeletingService.java:isDeletionAllowed(187)) - Close Container log Index 6 is not replicated across allthe servers in the pipeline 97cf7ea5-f2f0-44c7-b45b-eed279b04bd8 as the min replicated index is 4. Deletion is not allowed in this container yet.
2019-10-24 12:12:26,568 [BlockDeletingService#2] WARN  background.BlockDeletingService (BlockDeletingService.java:isDeletionAllowed(187)) - Close Container log Index 6 is not replicated across allthe servers in the pipeline 97cf7ea5-f2f0-44c7-b45b-eed279b04bd8 as the min replicated index is 4. Deletion is not allowed in this container yet.
2019-10-24 12:12:26,803 [pool-7-thread-1] INFO  commands.RetriableDatanodeEventWatcher (RetriableDatanodeEventWatcher.java:onTimeout(47)) - RetriableDatanodeCommand type=deleteBlocksCommand with id=1571919140802 timed out. Retrying.
2019-10-24 12:12:26,804 [pool-7-thread-2] INFO  commands.RetriableDatanodeEventWatcher (RetriableDatanodeEventWatcher.java:onTimeout(47)) - RetriableDatanodeCommand type=deleteBlocksCommand with id=1571919140801 timed out. Retrying.
2019-10-24 12:12:26,805 [pool-7-thread-4] INFO  commands.RetriableDatanodeEventWatcher (RetriableDatanodeEventWatcher.java:onTimeout(47)) - RetriableDatanodeCommand type=deleteBlocksCommand with id=1571919140798 timed out. Retrying.
2019-10-24 12:12:26,805 [pool-7-thread-3] INFO  commands.RetriableDatanodeEventWatcher (RetriableDatanodeEventWatcher.java:onTimeout(47)) - RetriableDatanodeCommand type=deleteBlocksCommand with id=1571919140804 timed out. Retrying.
2019-10-24 12:12:26,805 [pool-7-thread-1] INFO  commands.RetriableDatanodeEventWatcher (RetriableDatanodeEventWatcher.java:onTimeout(47)) - RetriableDatanodeCommand type=deleteBlocksCommand with id=1571919140803 timed out. Retrying.
2019-10-24 12:12:26,807 [pool-7-thread-1] INFO  commands.RetriableDatanodeEventWatcher (RetriableDatanodeEventWatcher.java:onTimeout(47)) - RetriableDatanodeCommand type=deleteBlocksCommand with id=1571919140805 timed out. Retrying.
2019-10-24 12:12:26,808 [SCMBlockDeletingService#0] INFO  block.SCMBlockDeletingService (SCMBlockDeletingService.java:call(184)) - Totally added 1 delete blocks command for 1 datanodes, task elapsed time: 0ms
2019-10-24 12:12:26,988 [java.util.concurrent.ThreadPoolExecutor$Worker@53c23726[State = -1, empty queue]] WARN  server.GrpcLogAppender (GrpcLogAppender.java:timeoutAppendRequest(209)) - c58683fb-6de7-4590-940d-14e09458c307@group-EED279B04BD8->b0079d05-68ff-4074-a89c-94d611ddbdcd-GrpcLogAppender: appendEntries Timeout, request=c58683fb-6de7-4590-940d-14e09458c307->b0079d05-68ff-4074-a89c-94d611ddbdcd#52-t1, previous=(t:1, i:10), leaderCommit=10, initializing? false, entries: <empty>
2019-10-24 12:12:27,570 [BlockDeletingService#2] WARN  background.BlockDeletingService (BlockDeletingService.java:isDeletionAllowed(187)) - Close Container log Index 6 is not replicated across allthe servers in the pipeline 97cf7ea5-f2f0-44c7-b45b-eed279b04bd8 as the min replicated index is 4. Deletion is not allowed in this container yet.
2019-10-24 12:12:27,570 [BlockDeletingService#2] WARN  background.BlockDeletingService (BlockDeletingService.java:isDeletionAllowed(187)) - Close Container log Index 6 is not replicated across allthe servers in the pipeline 97cf7ea5-f2f0-44c7-b45b-eed279b04bd8 as the min replicated index is 4. Deletion is not allowed in this container yet.
2019-10-24 12:12:27,803 [pool-7-thread-1] INFO  commands.RetriableDatanodeEventWatcher (RetriableDatanodeEventWatcher.java:onTimeout(47)) - RetriableDatanodeCommand type=deleteBlocksCommand with id=1571919140802 timed out. Retrying.
2019-10-24 12:12:27,805 [pool-7-thread-1] INFO  commands.RetriableDatanodeEventWatcher (RetriableDatanodeEventWatcher.java:onTimeout(47)) - RetriableDatanodeCommand type=deleteBlocksCommand with id=1571919140801 timed out. Retrying.
2019-10-24 12:12:27,805 [pool-7-thread-3] INFO  commands.RetriableDatanodeEventWatcher (RetriableDatanodeEventWatcher.java:onTimeout(47)) - RetriableDatanodeCommand type=deleteBlocksCommand with id=1571919140804 timed out. Retrying.
2019-10-24 12:12:27,806 [pool-7-thread-4] INFO  commands.RetriableDatanodeEventWatcher (RetriableDatanodeEventWatcher.java:onTimeout(47)) - RetriableDatanodeCommand type=deleteBlocksCommand with id=1571919140798 timed out. Retrying.
2019-10-24 12:12:27,806 [pool-7-thread-3] INFO  commands.RetriableDatanodeEventWatcher (RetriableDatanodeEventWatcher.java:onTimeout(47)) - RetriableDatanodeCommand type=deleteBlocksCommand with id=1571919140803 timed out. Retrying.
2019-10-24 12:12:27,806 [pool-7-thread-3] INFO  commands.RetriableDatanodeEventWatcher (RetriableDatanodeEventWatcher.java:onTimeout(47)) - RetriableDatanodeCommand type=deleteBlocksCommand with id=1571919140805 timed out. Retrying.
2019-10-24 12:12:27,808 [pool-7-thread-3] INFO  commands.RetriableDatanodeEventWatcher (RetriableDatanodeEventWatcher.java:onTimeout(47)) - RetriableDatanodeCommand type=deleteBlocksCommand with id=1571919140806 timed out. Retrying.
2019-10-24 12:12:27,810 [SCMBlockDeletingService#0] INFO  block.SCMBlockDeletingService (SCMBlockDeletingService.java:call(184)) - Totally added 1 delete blocks command for 1 datanodes, task elapsed time: 1ms
2019-10-24 12:12:28,228 [EventQueue-PendingDeleteStatusForPendingDeleteHandler] INFO  block.SCMBlockDeletingService (SCMBlockDeletingService.java:handlePendingDeletes(115)) - Block deletion txnID mismatch in datanode b0079d05-68ff-4074-a89c-94d611ddbdcd for containerID 1. Datanode delete txnID: 0, SCM txnID: 1
2019-10-24 12:12:28,319 [grpc-default-executor-1] INFO  impl.RaftServerProxy (RaftServerProxy.java:addNew(89)) - b0079d05-68ff-4074-a89c-94d611ddbdcd: addNew group-0EF4109EDED5:[b0079d05-68ff-4074-a89c-94d611ddbdcd:192.168.164.210:43817] returns group-0EF4109EDED5:java.util.concurrent.CompletableFuture@6a8fc8c2[Not completed]
2019-10-24 12:12:28,323 [pool-59-thread-1] INFO  impl.RaftServerImpl (RaftServerImpl.java:<init>(98)) - b0079d05-68ff-4074-a89c-94d611ddbdcd: new RaftServerImpl for group-0EF4109EDED5:[b0079d05-68ff-4074-a89c-94d611ddbdcd:192.168.164.210:43817] with ContainerStateMachine:uninitialized
2019-10-24 12:12:28,323 [pool-59-thread-1] INFO  server.RaftServerConfigKeys (ConfUtils.java:logGet(43)) - raft.server.rpc.timeout.min = 5s (custom)
2019-10-24 12:12:28,323 [pool-59-thread-1] INFO  server.RaftServerConfigKeys (ConfUtils.java:logGet(43)) - raft.server.rpc.timeout.max = 5200ms (custom)
2019-10-24 12:12:28,324 [pool-59-thread-1] INFO  server.RaftServerConfigKeys (ConfUtils.java:logGet(43)) - raft.server.rpcslowness.timeout = 1000s (custom)
2019-10-24 12:12:28,324 [pool-59-thread-1] INFO  server.RaftServerConfigKeys (ConfUtils.java:logGet(43)) - raft.server.sleep.deviation.threshold = 300 (default)
2019-10-24 12:12:28,324 [pool-59-thread-1] INFO  server.RaftServerConfigKeys (ConfUtils.java:logGet(43)) - raft.server.log.appender.install.snapshot.enabled = false (custom)
2019-10-24 12:12:28,324 [pool-59-thread-1] INFO  impl.RaftServerImpl (ServerState.java:<init>(103)) - b0079d05-68ff-4074-a89c-94d611ddbdcd@group-0EF4109EDED5: ConfigurationManager, init=-1: [b0079d05-68ff-4074-a89c-94d611ddbdcd:192.168.164.210:43817], old=null, confs=<EMPTY_MAP>
2019-10-24 12:12:28,325 [pool-59-thread-1] INFO  server.RaftServerConfigKeys (ConfUtils.java:logGet(43)) - raft.server.storage.dir = [/workdir/hadoop-ozone/integration-test/target/test-dir/MiniOzoneClusterImpl-fed4bbd5-3e84-4b96-98af-185ceb771cd5/datanode-1/data/ratis] (custom)
2019-10-24 12:12:28,325 [pool-59-thread-1] INFO  server.RaftServerConfigKeys (ConfUtils.java:logGet(43)) - raft.server.log.corruption.policy = EXCEPTION (default)
2019-10-24 12:12:28,325 [pool-59-thread-1] INFO  storage.RaftStorageDirectory (RaftStorageDirectory.java:analyzeStorage(246)) - The storage directory /workdir/hadoop-ozone/integration-test/target/test-dir/MiniOzoneClusterImpl-fed4bbd5-3e84-4b96-98af-185ceb771cd5/datanode-1/data/ratis/48ab6026-865d-47a4-9ad4-0ef4109eded5 does not exist. Creating ...
2019-10-24 12:12:28,339 [pool-59-thread-1] INFO  storage.RaftStorageDirectory (RaftStorageDirectory.java:tryLock(328)) - Lock on /workdir/hadoop-ozone/integration-test/target/test-dir/MiniOzoneClusterImpl-fed4bbd5-3e84-4b96-98af-185ceb771cd5/datanode-1/data/ratis/48ab6026-865d-47a4-9ad4-0ef4109eded5/in_use.lock acquired by nodename 26071@pr-hdds-2358-mdv8n-1797098514
2019-10-24 12:12:28,352 [pool-59-thread-1] INFO  storage.RaftStorage (RaftStorage.java:format(84)) - Storage directory /workdir/hadoop-ozone/integration-test/target/test-dir/MiniOzoneClusterImpl-fed4bbd5-3e84-4b96-98af-185ceb771cd5/datanode-1/data/ratis/48ab6026-865d-47a4-9ad4-0ef4109eded5 has been successfully formatted.
2019-10-24 12:12:28,353 [pool-59-thread-1] INFO  ratis.ContainerStateMachine (ContainerStateMachine.java:loadSnapshot(231)) - group-0EF4109EDED5: The snapshot info is null. Setting the last applied indexto:(t:0, i:~)
2019-10-24 12:12:28,353 [pool-59-thread-1] INFO  server.RaftServerConfigKeys (ConfUtils.java:logGet(43)) - raft.server.notification.no-leader.timeout = 1000s (custom)
2019-10-24 12:12:28,353 [pool-59-thread-1] INFO  server.RaftServerConfigKeys (ConfUtils.java:logGet(43)) - raft.server.log.use.memory = false (default)
2019-10-24 12:12:28,354 [pool-59-thread-1] INFO  server.RaftServerConfigKeys (ConfUtils.java:logGet(43)) - raft.server.log.purge.gap = 1000000 (custom)
2019-10-24 12:12:28,354 [pool-59-thread-1] INFO  server.RaftServerConfigKeys (ConfUtils.java:logGet(43)) - raft.server.log.appender.buffer.byte-limit = 33554432 (custom)
2019-10-24 12:12:28,354 [pool-59-thread-1] INFO  server.RaftServerConfigKeys (ConfUtils.java:logGet(43)) - raft.server.log.segment.size.max = 1048576 (custom)
2019-10-24 12:12:28,354 [pool-59-thread-1] INFO  server.RaftServerConfigKeys (ConfUtils.java:logGet(43)) - raft.server.log.segment.cache.num.max = 2 (custom)
2019-10-24 12:12:28,355 [pool-59-thread-1] INFO  segmented.SegmentedRaftLogWorker (SegmentedRaftLogWorker.java:<init>(173)) - new b0079d05-68ff-4074-a89c-94d611ddbdcd@group-0EF4109EDED5-SegmentedRaftLogWorker for RaftStorage:Storage Directory /workdir/hadoop-ozone/integration-test/target/test-dir/MiniOzoneClusterImpl-fed4bbd5-3e84-4b96-98af-185ceb771cd5/datanode-1/data/ratis/48ab6026-865d-47a4-9ad4-0ef4109eded5
2019-10-24 12:12:28,355 [pool-59-thread-1] INFO  server.RaftServerConfigKeys (ConfUtils.java:logGet(43)) - raft.server.log.queue.byte-limit = 2147483647 (custom)
2019-10-24 12:12:28,355 [pool-59-thread-1] INFO  server.RaftServerConfigKeys (ConfUtils.java:logGet(43)) - raft.server.log.queue.element-limit = 1024 (custom)
2019-10-24 12:12:28,355 [pool-59-thread-1] INFO  server.RaftServerConfigKeys (ConfUtils.java:logGet(43)) - raft.server.log.segment.size.max = 1048576 (custom)
2019-10-24 12:12:28,355 [pool-59-thread-1] INFO  server.RaftServerConfigKeys (ConfUtils.java:logGet(43)) - raft.server.log.preallocated.size = 16384 (custom)
2019-10-24 12:12:28,356 [pool-59-thread-1] INFO  server.RaftServerConfigKeys (ConfUtils.java:logGet(43)) - raft.server.log.write.buffer.size = 33554432 (custom)
2019-10-24 12:12:28,356 [pool-59-thread-1] INFO  server.RaftServerConfigKeys (ConfUtils.java:logGet(43)) - raft.server.log.force.sync.num = 128 (default)
2019-10-24 12:12:28,356 [pool-59-thread-1] INFO  server.RaftServerConfigKeys (ConfUtils.java:logGet(43)) - raft.server.log.statemachine.data.sync = true (default)
2019-10-24 12:12:28,356 [pool-59-thread-1] INFO  server.RaftServerConfigKeys (ConfUtils.java:logGet(43)) - raft.server.log.statemachine.data.sync.timeout = 10s (default)
2019-10-24 12:12:28,356 [pool-59-thread-1] INFO  server.RaftServerConfigKeys (ConfUtils.java:logGet(43)) - raft.server.log.statemachine.data.sync.timeout.retry = -1 (default)
2019-10-24 12:12:28,357 [pool-59-thread-1] INFO  server.RaftServerConfigKeys (ConfUtils.java:logGet(43)) - raft.server.log.statemachine.data.caching.enabled = true (custom)
2019-10-24 12:12:28,357 [pool-59-thread-1] INFO  segmented.SegmentedRaftLogWorker (SegmentedRaftLogWorker.java:lambda$new$0(128)) - b0079d05-68ff-4074-a89c-94d611ddbdcd@group-0EF4109EDED5-SegmentedRaftLogWorker: flushIndex: setUnconditionally 0 -> -1
2019-10-24 12:12:28,358 [pool-59-thread-1] INFO  server.RaftServerConfigKeys (ConfUtils.java:logGet(43)) - raft.server.snapshot.auto.trigger.enabled = true (custom)
2019-10-24 12:12:28,358 [pool-59-thread-1] INFO  server.RaftServerConfigKeys (ConfUtils.java:logGet(43)) - raft.server.snapshot.auto.trigger.threshold = 10000 (custom)
2019-10-24 12:12:28,358 [pool-59-thread-1] INFO  server.RaftServerConfigKeys (ConfUtils.java:logGet(43)) - raft.server.snapshot.retention.file.num = 5 (custom)
2019-10-24 12:12:28,358 [pool-59-thread-1] INFO  server.RaftServerConfigKeys (ConfUtils.java:logGet(43)) - raft.server.retrycache.expirytime = 600000ms (custom)
2019-10-24 12:12:28,359 [pool-59-thread-1] WARN  impl.MetricRegistriesImpl (MetricRegistriesImpl.java:lambda$create$1(61)) - First MetricRegistry has been created without registering reporters. You may need to call MetricRegistries.global().addReportRegistration(...) before.
2019-10-24 12:12:28,359 [pool-59-thread-1] WARN  impl.MetricRegistriesImpl (MetricRegistriesImpl.java:lambda$create$1(61)) - First MetricRegistry has been created without registering reporters. You may need to call MetricRegistries.global().addReportRegistration(...) before.
2019-10-24 12:12:28,360 [pool-59-thread-1] INFO  impl.RaftServerImpl (RaftServerImpl.java:start(184)) - b0079d05-68ff-4074-a89c-94d611ddbdcd@group-0EF4109EDED5: start as a follower, conf=-1: [b0079d05-68ff-4074-a89c-94d611ddbdcd:192.168.164.210:43817], old=null
2019-10-24 12:12:28,360 [pool-59-thread-1] INFO  impl.RaftServerImpl (RaftServerImpl.java:setRole(173)) - b0079d05-68ff-4074-a89c-94d611ddbdcd@group-0EF4109EDED5: changes role from      null to FOLLOWER at term 0 for startAsFollower
2019-10-24 12:12:28,360 [pool-59-thread-1] INFO  impl.RoleInfo (RoleInfo.java:updateAndGet(143)) - b0079d05-68ff-4074-a89c-94d611ddbdcd: start FollowerState
2019-10-24 12:12:28,361 [pool-59-thread-1] INFO  util.JmxRegister (JmxRegister.java:tryRegister(44)) - Successfully registered JMX Bean with object name Ratis:service=RaftServer,group=group-0EF4109EDED5,id=b0079d05-68ff-4074-a89c-94d611ddbdcd
2019-10-24 12:12:28,361 [pool-59-thread-1] WARN  impl.MetricRegistriesImpl (MetricRegistriesImpl.java:lambda$create$1(61)) - First MetricRegistry has been created without registering reporters. You may need to call MetricRegistries.global().addReportRegistration(...) before.
2019-10-24 12:12:28,368 [RatisPipelineUtilsThread] INFO  pipeline.PipelineStateManager (PipelineStateManager.java:addPipeline(56)) - Created pipeline Pipeline[ Id: 48ab6026-865d-47a4-9ad4-0ef4109eded5, Nodes: b0079d05-68ff-4074-a89c-94d611ddbdcd{ip: 192.168.164.210, host: pr-hdds-2358-mdv8n-1797098514, networkLocation: /default-rack, certSerialId: null}, Type:RATIS, Factor:ONE, State:OPEN]
2019-10-24 12:12:28,383 [grpc-default-executor-0] INFO  impl.RaftServerProxy (RaftServerProxy.java:addNew(89)) - c58683fb-6de7-4590-940d-14e09458c307: addNew group-9CB0FD3570C0:[b0079d05-68ff-4074-a89c-94d611ddbdcd:192.168.164.210:43817, c58683fb-6de7-4590-940d-14e09458c307:192.168.164.210:44335, 7f01d92b-bd13-46ba-b46f-c65517f7cb74:192.168.164.210:39920] returns group-9CB0FD3570C0:java.util.concurrent.CompletableFuture@6203a826[Not completed]
2019-10-24 12:12:28,387 [grpc-default-executor-0] INFO  impl.RaftServerProxy (RaftServerProxy.java:addNew(89)) - b0079d05-68ff-4074-a89c-94d611ddbdcd: addNew group-9CB0FD3570C0:[b0079d05-68ff-4074-a89c-94d611ddbdcd:192.168.164.210:43817, c58683fb-6de7-4590-940d-14e09458c307:192.168.164.210:44335, 7f01d92b-bd13-46ba-b46f-c65517f7cb74:192.168.164.210:39920] returns group-9CB0FD3570C0:java.util.concurrent.CompletableFuture@78c6f684[Not completed]
2019-10-24 12:12:28,389 [grpc-default-executor-0] INFO  impl.RaftServerProxy (RaftServerProxy.java:addNew(89)) - 7f01d92b-bd13-46ba-b46f-c65517f7cb74: addNew group-9CB0FD3570C0:[b0079d05-68ff-4074-a89c-94d611ddbdcd:192.168.164.210:43817, c58683fb-6de7-4590-940d-14e09458c307:192.168.164.210:44335, 7f01d92b-bd13-46ba-b46f-c65517f7cb74:192.168.164.210:39920] returns group-9CB0FD3570C0:java.util.concurrent.CompletableFuture@7fb986af[Not completed]
2019-10-24 12:12:28,389 [pool-47-thread-1] INFO  impl.RaftServerImpl (RaftServerImpl.java:<init>(98)) - c58683fb-6de7-4590-940d-14e09458c307: new RaftServerImpl for group-9CB0FD3570C0:[b0079d05-68ff-4074-a89c-94d611ddbdcd:192.168.164.210:43817, c58683fb-6de7-4590-940d-14e09458c307:192.168.164.210:44335, 7f01d92b-bd13-46ba-b46f-c65517f7cb74:192.168.164.210:39920] with ContainerStateMachine:uninitialized
2019-10-24 12:12:28,389 [pool-47-thread-1] INFO  server.RaftServerConfigKeys (ConfUtils.java:logGet(43)) - raft.server.rpc.timeout.min = 5s (custom)
2019-10-24 12:12:28,389 [pool-47-thread-1] INFO  server.RaftServerConfigKeys (ConfUtils.java:logGet(43)) - raft.server.rpc.timeout.max = 5200ms (custom)
2019-10-24 12:12:28,389 [pool-47-thread-1] INFO  server.RaftServerConfigKeys (ConfUtils.java:logGet(43)) - raft.server.rpcslowness.timeout = 1000s (custom)
2019-10-24 12:12:28,390 [pool-47-thread-1] INFO  server.RaftServerConfigKeys (ConfUtils.java:logGet(43)) - raft.server.sleep.deviation.threshold = 300 (default)
2019-10-24 12:12:28,390 [pool-47-thread-1] INFO  server.RaftServerConfigKeys (ConfUtils.java:logGet(43)) - raft.server.log.appender.install.snapshot.enabled = false (custom)
2019-10-24 12:12:28,390 [pool-47-thread-1] INFO  impl.RaftServerImpl (ServerState.java:<init>(103)) - c58683fb-6de7-4590-940d-14e09458c307@group-9CB0FD3570C0: ConfigurationManager, init=-1: [b0079d05-68ff-4074-a89c-94d611ddbdcd:192.168.164.210:43817, c58683fb-6de7-4590-940d-14e09458c307:192.168.164.210:44335, 7f01d92b-bd13-46ba-b46f-c65517f7cb74:192.168.164.210:39920], old=null, confs=<EMPTY_MAP>
2019-10-24 12:12:28,390 [pool-47-thread-1] INFO  server.RaftServerConfigKeys (ConfUtils.java:logGet(43)) - raft.server.storage.dir = [/workdir/hadoop-ozone/integration-test/target/test-dir/MiniOzoneClusterImpl-fed4bbd5-3e84-4b96-98af-185ceb771cd5/datanode-2/data/ratis] (custom)
2019-10-24 12:12:28,390 [pool-47-thread-1] INFO  server.RaftServerConfigKeys (ConfUtils.java:logGet(43)) - raft.server.log.corruption.policy = EXCEPTION (default)
2019-10-24 12:12:28,390 [pool-47-thread-1] INFO  storage.RaftStorageDirectory (RaftStorageDirectory.java:analyzeStorage(246)) - The storage directory /workdir/hadoop-ozone/integration-test/target/test-dir/MiniOzoneClusterImpl-fed4bbd5-3e84-4b96-98af-185ceb771cd5/datanode-2/data/ratis/6cca0d9e-ad59-4803-a1ff-9cb0fd3570c0 does not exist. Creating ...
2019-10-24 12:12:28,391 [pool-59-thread-1] INFO  impl.RaftServerImpl (RaftServerImpl.java:<init>(98)) - b0079d05-68ff-4074-a89c-94d611ddbdcd: new RaftServerImpl for group-9CB0FD3570C0:[b0079d05-68ff-4074-a89c-94d611ddbdcd:192.168.164.210:43817, c58683fb-6de7-4590-940d-14e09458c307:192.168.164.210:44335, 7f01d92b-bd13-46ba-b46f-c65517f7cb74:192.168.164.210:39920] with ContainerStateMachine:uninitialized
2019-10-24 12:12:28,391 [pool-59-thread-1] INFO  server.RaftServerConfigKeys (ConfUtils.java:logGet(43)) - raft.server.rpc.timeout.min = 5s (custom)
2019-10-24 12:12:28,391 [pool-59-thread-1] INFO  server.RaftServerConfigKeys (ConfUtils.java:logGet(43)) - raft.server.rpc.timeout.max = 5200ms (custom)
2019-10-24 12:12:28,391 [pool-59-thread-1] INFO  server.RaftServerConfigKeys (ConfUtils.java:logGet(43)) - raft.server.rpcslowness.timeout = 1000s (custom)
2019-10-24 12:12:28,391 [pool-27-thread-1] INFO  impl.RaftServerImpl (RaftServerImpl.java:<init>(98)) - 7f01d92b-bd13-46ba-b46f-c65517f7cb74: new RaftServerImpl for group-9CB0FD3570C0:[b0079d05-68ff-4074-a89c-94d611ddbdcd:192.168.164.210:43817, c58683fb-6de7-4590-940d-14e09458c307:192.168.164.210:44335, 7f01d92b-bd13-46ba-b46f-c65517f7cb74:192.168.164.210:39920] with ContainerStateMachine:uninitialized
2019-10-24 12:12:28,391 [pool-59-thread-1] INFO  server.RaftServerConfigKeys (ConfUtils.java:logGet(43)) - raft.server.sleep.deviation.threshold = 300 (default)
2019-10-24 12:12:28,391 [pool-27-thread-1] INFO  server.RaftServerConfigKeys (ConfUtils.java:logGet(43)) - raft.server.rpc.timeout.min = 5s (custom)
2019-10-24 12:12:28,392 [pool-59-thread-1] INFO  server.RaftServerConfigKeys (ConfUtils.java:logGet(43)) - raft.server.log.appender.install.snapshot.enabled = false (custom)
2019-10-24 12:12:28,392 [pool-27-thread-1] INFO  server.RaftServerConfigKeys (ConfUtils.java:logGet(43)) - raft.server.rpc.timeout.max = 5200ms (custom)
2019-10-24 12:12:28,392 [pool-59-thread-1] INFO  impl.RaftServerImpl (ServerState.java:<init>(103)) - b0079d05-68ff-4074-a89c-94d611ddbdcd@group-9CB0FD3570C0: ConfigurationManager, init=-1: [b0079d05-68ff-4074-a89c-94d611ddbdcd:192.168.164.210:43817, c58683fb-6de7-4590-940d-14e09458c307:192.168.164.210:44335, 7f01d92b-bd13-46ba-b46f-c65517f7cb74:192.168.164.210:39920], old=null, confs=<EMPTY_MAP>
2019-10-24 12:12:28,392 [pool-27-thread-1] INFO  server.RaftServerConfigKeys (ConfUtils.java:logGet(43)) - raft.server.rpcslowness.timeout = 1000s (custom)
2019-10-24 12:12:28,392 [pool-59-thread-1] INFO  server.RaftServerConfigKeys (ConfUtils.java:logGet(43)) - raft.server.storage.dir = [/workdir/hadoop-ozone/integration-test/target/test-dir/MiniOzoneClusterImpl-fed4bbd5-3e84-4b96-98af-185ceb771cd5/datanode-1/data/ratis] (custom)
2019-10-24 12:12:28,392 [pool-27-thread-1] INFO  server.RaftServerConfigKeys (ConfUtils.java:logGet(43)) - raft.server.sleep.deviation.threshold = 300 (default)
2019-10-24 12:12:28,392 [pool-27-thread-1] INFO  server.RaftServerConfigKeys (ConfUtils.java:logGet(43)) - raft.server.log.appender.install.snapshot.enabled = false (custom)
2019-10-24 12:12:28,393 [pool-27-thread-1] INFO  impl.RaftServerImpl (ServerState.java:<init>(103)) - 7f01d92b-bd13-46ba-b46f-c65517f7cb74@group-9CB0FD3570C0: ConfigurationManager, init=-1: [b0079d05-68ff-4074-a89c-94d611ddbdcd:192.168.164.210:43817, c58683fb-6de7-4590-940d-14e09458c307:192.168.164.210:44335, 7f01d92b-bd13-46ba-b46f-c65517f7cb74:192.168.164.210:39920], old=null, confs=<EMPTY_MAP>
2019-10-24 12:12:28,393 [pool-59-thread-1] INFO  server.RaftServerConfigKeys (ConfUtils.java:logGet(43)) - raft.server.log.corruption.policy = EXCEPTION (default)
2019-10-24 12:12:28,393 [pool-27-thread-1] INFO  server.RaftServerConfigKeys (ConfUtils.java:logGet(43)) - raft.server.storage.dir = [/workdir/hadoop-ozone/integration-test/target/test-dir/MiniOzoneClusterImpl-fed4bbd5-3e84-4b96-98af-185ceb771cd5/datanode-0/data/ratis] (custom)
2019-10-24 12:12:28,393 [pool-59-thread-1] INFO  storage.RaftStorageDirectory (RaftStorageDirectory.java:analyzeStorage(246)) - The storage directory /workdir/hadoop-ozone/integration-test/target/test-dir/MiniOzoneClusterImpl-fed4bbd5-3e84-4b96-98af-185ceb771cd5/datanode-1/data/ratis/6cca0d9e-ad59-4803-a1ff-9cb0fd3570c0 does not exist. Creating ...
2019-10-24 12:12:28,393 [pool-27-thread-1] INFO  server.RaftServerConfigKeys (ConfUtils.java:logGet(43)) - raft.server.log.corruption.policy = EXCEPTION (default)
2019-10-24 12:12:28,393 [pool-27-thread-1] INFO  storage.RaftStorageDirectory (RaftStorageDirectory.java:analyzeStorage(246)) - The storage directory /workdir/hadoop-ozone/integration-test/target/test-dir/MiniOzoneClusterImpl-fed4bbd5-3e84-4b96-98af-185ceb771cd5/datanode-0/data/ratis/6cca0d9e-ad59-4803-a1ff-9cb0fd3570c0 does not exist. Creating ...
2019-10-24 12:12:28,415 [pool-59-thread-1] INFO  storage.RaftStorageDirectory (RaftStorageDirectory.java:tryLock(328)) - Lock on /workdir/hadoop-ozone/integration-test/target/test-dir/MiniOzoneClusterImpl-fed4bbd5-3e84-4b96-98af-185ceb771cd5/datanode-1/data/ratis/6cca0d9e-ad59-4803-a1ff-9cb0fd3570c0/in_use.lock acquired by nodename 26071@pr-hdds-2358-mdv8n-1797098514
2019-10-24 12:12:28,415 [pool-47-thread-1] INFO  storage.RaftStorageDirectory (RaftStorageDirectory.java:tryLock(328)) - Lock on /workdir/hadoop-ozone/integration-test/target/test-dir/MiniOzoneClusterImpl-fed4bbd5-3e84-4b96-98af-185ceb771cd5/datanode-2/data/ratis/6cca0d9e-ad59-4803-a1ff-9cb0fd3570c0/in_use.lock acquired by nodename 26071@pr-hdds-2358-mdv8n-1797098514
2019-10-24 12:12:28,415 [pool-27-thread-1] INFO  storage.RaftStorageDirectory (RaftStorageDirectory.java:tryLock(328)) - Lock on /workdir/hadoop-ozone/integration-test/target/test-dir/MiniOzoneClusterImpl-fed4bbd5-3e84-4b96-98af-185ceb771cd5/datanode-0/data/ratis/6cca0d9e-ad59-4803-a1ff-9cb0fd3570c0/in_use.lock acquired by nodename 26071@pr-hdds-2358-mdv8n-1797098514
2019-10-24 12:12:28,428 [EventQueue-PendingDeleteStatusForPendingDeleteHandler] INFO  block.SCMBlockDeletingService (SCMBlockDeletingService.java:handlePendingDeletes(115)) - Block deletion txnID mismatch in datanode b0079d05-68ff-4074-a89c-94d611ddbdcd for containerID 1. Datanode delete txnID: 0, SCM txnID: 1
2019-10-24 12:12:28,441 [pool-59-thread-1] INFO  storage.RaftStorage (RaftStorage.java:format(84)) - Storage directory /workdir/hadoop-ozone/integration-test/target/test-dir/MiniOzoneClusterImpl-fed4bbd5-3e84-4b96-98af-185ceb771cd5/datanode-1/data/ratis/6cca0d9e-ad59-4803-a1ff-9cb0fd3570c0 has been successfully formatted.
2019-10-24 12:12:28,441 [pool-27-thread-1] INFO  storage.RaftStorage (RaftStorage.java:format(84)) - Storage directory /workdir/hadoop-ozone/integration-test/target/test-dir/MiniOzoneClusterImpl-fed4bbd5-3e84-4b96-98af-185ceb771cd5/datanode-0/data/ratis/6cca0d9e-ad59-4803-a1ff-9cb0fd3570c0 has been successfully formatted.
2019-10-24 12:12:28,441 [pool-47-thread-1] INFO  storage.RaftStorage (RaftStorage.java:format(84)) - Storage directory /workdir/hadoop-ozone/integration-test/target/test-dir/MiniOzoneClusterImpl-fed4bbd5-3e84-4b96-98af-185ceb771cd5/datanode-2/data/ratis/6cca0d9e-ad59-4803-a1ff-9cb0fd3570c0 has been successfully formatted.
2019-10-24 12:12:28,441 [pool-59-thread-1] INFO  ratis.ContainerStateMachine (ContainerStateMachine.java:loadSnapshot(231)) - group-9CB0FD3570C0: The snapshot info is null. Setting the last applied indexto:(t:0, i:~)
2019-10-24 12:12:28,441 [pool-27-thread-1] INFO  ratis.ContainerStateMachine (ContainerStateMachine.java:loadSnapshot(231)) - group-9CB0FD3570C0: The snapshot info is null. Setting the last applied indexto:(t:0, i:~)
2019-10-24 12:12:28,441 [pool-59-thread-1] INFO  server.RaftServerConfigKeys (ConfUtils.java:logGet(43)) - raft.server.notification.no-leader.timeout = 1000s (custom)
2019-10-24 12:12:28,441 [pool-47-thread-1] INFO  ratis.ContainerStateMachine (ContainerStateMachine.java:loadSnapshot(231)) - group-9CB0FD3570C0: The snapshot info is null. Setting the last applied indexto:(t:0, i:~)
2019-10-24 12:12:28,442 [pool-59-thread-1] INFO  server.RaftServerConfigKeys (ConfUtils.java:logGet(43)) - raft.server.log.use.memory = false (default)
2019-10-24 12:12:28,442 [pool-27-thread-1] INFO  server.RaftServerConfigKeys (ConfUtils.java:logGet(43)) - raft.server.notification.no-leader.timeout = 1000s (custom)
2019-10-24 12:12:28,442 [pool-59-thread-1] INFO  server.RaftServerConfigKeys (ConfUtils.java:logGet(43)) - raft.server.log.purge.gap = 1000000 (custom)
2019-10-24 12:12:28,442 [pool-47-thread-1] INFO  server.RaftServerConfigKeys (ConfUtils.java:logGet(43)) - raft.server.notification.no-leader.timeout = 1000s (custom)
2019-10-24 12:12:28,442 [pool-59-thread-1] INFO  server.RaftServerConfigKeys (ConfUtils.java:logGet(43)) - raft.server.log.appender.buffer.byte-limit = 33554432 (custom)
2019-10-24 12:12:28,442 [pool-27-thread-1] INFO  server.RaftServerConfigKeys (ConfUtils.java:logGet(43)) - raft.server.log.use.memory = false (default)
2019-10-24 12:12:28,443 [pool-59-thread-1] INFO  server.RaftServerConfigKeys (ConfUtils.java:logGet(43)) - raft.server.log.segment.size.max = 1048576 (custom)
2019-10-24 12:12:28,442 [pool-47-thread-1] INFO  server.RaftServerConfigKeys (ConfUtils.java:logGet(43)) - raft.server.log.use.memory = false (default)
2019-10-24 12:12:28,443 [pool-59-thread-1] INFO  server.RaftServerConfigKeys (ConfUtils.java:logGet(43)) - raft.server.log.segment.cache.num.max = 2 (custom)
2019-10-24 12:12:28,443 [pool-27-thread-1] INFO  server.RaftServerConfigKeys (ConfUtils.java:logGet(43)) - raft.server.log.purge.gap = 1000000 (custom)
2019-10-24 12:12:28,443 [pool-59-thread-1] INFO  segmented.SegmentedRaftLogWorker (SegmentedRaftLogWorker.java:<init>(173)) - new b0079d05-68ff-4074-a89c-94d611ddbdcd@group-9CB0FD3570C0-SegmentedRaftLogWorker for RaftStorage:Storage Directory /workdir/hadoop-ozone/integration-test/target/test-dir/MiniOzoneClusterImpl-fed4bbd5-3e84-4b96-98af-185ceb771cd5/datanode-1/data/ratis/6cca0d9e-ad59-4803-a1ff-9cb0fd3570c0
2019-10-24 12:12:28,443 [pool-47-thread-1] INFO  server.RaftServerConfigKeys (ConfUtils.java:logGet(43)) - raft.server.log.purge.gap = 1000000 (custom)
2019-10-24 12:12:28,443 [pool-59-thread-1] INFO  server.RaftServerConfigKeys (ConfUtils.java:logGet(43)) - raft.server.log.queue.byte-limit = 2147483647 (custom)
2019-10-24 12:12:28,443 [pool-27-thread-1] INFO  server.RaftServerConfigKeys (ConfUtils.java:logGet(43)) - raft.server.log.appender.buffer.byte-limit = 33554432 (custom)
2019-10-24 12:12:28,444 [pool-59-thread-1] INFO  server.RaftServerConfigKeys (ConfUtils.java:logGet(43)) - raft.server.log.queue.element-limit = 1024 (custom)
2019-10-24 12:12:28,444 [pool-59-thread-1] INFO  server.RaftServerConfigKeys (ConfUtils.java:logGet(43)) - raft.server.log.segment.size.max = 1048576 (custom)
2019-10-24 12:12:28,444 [pool-47-thread-1] INFO  server.RaftServerConfigKeys (ConfUtils.java:logGet(43)) - raft.server.log.appender.buffer.byte-limit = 33554432 (custom)
2019-10-24 12:12:28,444 [pool-59-thread-1] INFO  server.RaftServerConfigKeys (ConfUtils.java:logGet(43)) - raft.server.log.preallocated.size = 16384 (custom)
2019-10-24 12:12:28,444 [pool-27-thread-1] INFO  server.RaftServerConfigKeys (ConfUtils.java:logGet(43)) - raft.server.log.segment.size.max = 1048576 (custom)
2019-10-24 12:12:28,444 [pool-59-thread-1] INFO  server.RaftServerConfigKeys (ConfUtils.java:logGet(43)) - raft.server.log.write.buffer.size = 33554432 (custom)
2019-10-24 12:12:28,444 [pool-47-thread-1] INFO  server.RaftServerConfigKeys (ConfUtils.java:logGet(43)) - raft.server.log.segment.size.max = 1048576 (custom)
2019-10-24 12:12:28,445 [pool-59-thread-1] INFO  server.RaftServerConfigKeys (ConfUtils.java:logGet(43)) - raft.server.log.force.sync.num = 128 (default)
2019-10-24 12:12:28,445 [pool-27-thread-1] INFO  server.RaftServerConfigKeys (ConfUtils.java:logGet(43)) - raft.server.log.segment.cache.num.max = 2 (custom)
2019-10-24 12:12:28,445 [pool-59-thread-1] INFO  server.RaftServerConfigKeys (ConfUtils.java:logGet(43)) - raft.server.log.statemachine.data.sync = true (default)
2019-10-24 12:12:28,445 [pool-47-thread-1] INFO  server.RaftServerConfigKeys (ConfUtils.java:logGet(43)) - raft.server.log.segment.cache.num.max = 2 (custom)
2019-10-24 12:12:28,445 [pool-59-thread-1] INFO  server.RaftServerConfigKeys (ConfUtils.java:logGet(43)) - raft.server.log.statemachine.data.sync.timeout = 10s (default)
2019-10-24 12:12:28,445 [pool-27-thread-1] INFO  segmented.SegmentedRaftLogWorker (SegmentedRaftLogWorker.java:<init>(173)) - new 7f01d92b-bd13-46ba-b46f-c65517f7cb74@group-9CB0FD3570C0-SegmentedRaftLogWorker for RaftStorage:Storage Directory /workdir/hadoop-ozone/integration-test/target/test-dir/MiniOzoneClusterImpl-fed4bbd5-3e84-4b96-98af-185ceb771cd5/datanode-0/data/ratis/6cca0d9e-ad59-4803-a1ff-9cb0fd3570c0
2019-10-24 12:12:28,446 [pool-59-thread-1] INFO  server.RaftServerConfigKeys (ConfUtils.java:logGet(43)) - raft.server.log.statemachine.data.sync.timeout.retry = -1 (default)
2019-10-24 12:12:28,445 [pool-47-thread-1] INFO  segmented.SegmentedRaftLogWorker (SegmentedRaftLogWorker.java:<init>(173)) - new c58683fb-6de7-4590-940d-14e09458c307@group-9CB0FD3570C0-SegmentedRaftLogWorker for RaftStorage:Storage Directory /workdir/hadoop-ozone/integration-test/target/test-dir/MiniOzoneClusterImpl-fed4bbd5-3e84-4b96-98af-185ceb771cd5/datanode-2/data/ratis/6cca0d9e-ad59-4803-a1ff-9cb0fd3570c0
2019-10-24 12:12:28,446 [pool-59-thread-1] INFO  server.RaftServerConfigKeys (ConfUtils.java:logGet(43)) - raft.server.log.statemachine.data.caching.enabled = true (custom)
2019-10-24 12:12:28,446 [pool-27-thread-1] INFO  server.RaftServerConfigKeys (ConfUtils.java:logGet(43)) - raft.server.log.queue.byte-limit = 2147483647 (custom)
2019-10-24 12:12:28,446 [pool-47-thread-1] INFO  server.RaftServerConfigKeys (ConfUtils.java:logGet(43)) - raft.server.log.queue.byte-limit = 2147483647 (custom)
2019-10-24 12:12:28,446 [pool-59-thread-1] INFO  segmented.SegmentedRaftLogWorker (SegmentedRaftLogWorker.java:lambda$new$0(128)) - b0079d05-68ff-4074-a89c-94d611ddbdcd@group-9CB0FD3570C0-SegmentedRaftLogWorker: flushIndex: setUnconditionally 0 -> -1
2019-10-24 12:12:28,446 [pool-27-thread-1] INFO  server.RaftServerConfigKeys (ConfUtils.java:logGet(43)) - raft.server.log.queue.element-limit = 1024 (custom)
2019-10-24 12:12:28,446 [pool-47-thread-1] INFO  server.RaftServerConfigKeys (ConfUtils.java:logGet(43)) - raft.server.log.queue.element-limit = 1024 (custom)
2019-10-24 12:12:28,447 [pool-59-thread-1] INFO  server.RaftServerConfigKeys (ConfUtils.java:logGet(43)) - raft.server.snapshot.auto.trigger.enabled = true (custom)
2019-10-24 12:12:28,447 [pool-27-thread-1] INFO  server.RaftServerConfigKeys (ConfUtils.java:logGet(43)) - raft.server.log.segment.size.max = 1048576 (custom)
2019-10-24 12:12:28,447 [pool-59-thread-1] INFO  server.RaftServerConfigKeys (ConfUtils.java:logGet(43)) - raft.server.snapshot.auto.trigger.threshold = 10000 (custom)
2019-10-24 12:12:28,447 [pool-47-thread-1] INFO  server.RaftServerConfigKeys (ConfUtils.java:logGet(43)) - raft.server.log.segment.size.max = 1048576 (custom)
2019-10-24 12:12:28,447 [pool-59-thread-1] INFO  server.RaftServerConfigKeys (ConfUtils.java:logGet(43)) - raft.server.snapshot.retention.file.num = 5 (custom)
2019-10-24 12:12:28,447 [pool-27-thread-1] INFO  server.RaftServerConfigKeys (ConfUtils.java:logGet(43)) - raft.server.log.preallocated.size = 16384 (custom)
2019-10-24 12:12:28,448 [pool-59-thread-1] INFO  server.RaftServerConfigKeys (ConfUtils.java:logGet(43)) - raft.server.retrycache.expirytime = 600000ms (custom)
2019-10-24 12:12:28,448 [pool-47-thread-1] INFO  server.RaftServerConfigKeys (ConfUtils.java:logGet(43)) - raft.server.log.preallocated.size = 16384 (custom)
2019-10-24 12:12:28,448 [pool-59-thread-1] WARN  impl.MetricRegistriesImpl (MetricRegistriesImpl.java:lambda$create$1(61)) - First MetricRegistry has been created without registering reporters. You may need to call MetricRegistries.global().addReportRegistration(...) before.
2019-10-24 12:12:28,448 [pool-27-thread-1] INFO  server.RaftServerConfigKeys (ConfUtils.java:logGet(43)) - raft.server.log.write.buffer.size = 33554432 (custom)
2019-10-24 12:12:28,448 [pool-59-thread-1] WARN  impl.MetricRegistriesImpl (MetricRegistriesImpl.java:lambda$create$1(61)) - First MetricRegistry has been created without registering reporters. You may need to call MetricRegistries.global().addReportRegistration(...) before.
2019-10-24 12:12:28,448 [pool-47-thread-1] INFO  server.RaftServerConfigKeys (ConfUtils.java:logGet(43)) - raft.server.log.write.buffer.size = 33554432 (custom)
2019-10-24 12:12:28,448 [pool-59-thread-1] INFO  impl.RaftServerImpl (RaftServerImpl.java:start(184)) - b0079d05-68ff-4074-a89c-94d611ddbdcd@group-9CB0FD3570C0: start as a follower, conf=-1: [b0079d05-68ff-4074-a89c-94d611ddbdcd:192.168.164.210:43817, c58683fb-6de7-4590-940d-14e09458c307:192.168.164.210:44335, 7f01d92b-bd13-46ba-b46f-c65517f7cb74:192.168.164.210:39920], old=null
2019-10-24 12:12:28,449 [pool-59-thread-1] INFO  impl.RaftServerImpl (RaftServerImpl.java:setRole(173)) - b0079d05-68ff-4074-a89c-94d611ddbdcd@group-9CB0FD3570C0: changes role from      null to FOLLOWER at term 0 for startAsFollower
2019-10-24 12:12:28,448 [pool-27-thread-1] INFO  server.RaftServerConfigKeys (ConfUtils.java:logGet(43)) - raft.server.log.force.sync.num = 128 (default)
2019-10-24 12:12:28,449 [pool-59-thread-1] INFO  impl.RoleInfo (RoleInfo.java:updateAndGet(143)) - b0079d05-68ff-4074-a89c-94d611ddbdcd: start FollowerState
2019-10-24 12:12:28,449 [pool-47-thread-1] INFO  server.RaftServerConfigKeys (ConfUtils.java:logGet(43)) - raft.server.log.force.sync.num = 128 (default)
2019-10-24 12:12:28,449 [pool-27-thread-1] INFO  server.RaftServerConfigKeys (ConfUtils.java:logGet(43)) - raft.server.log.statemachine.data.sync = true (default)
2019-10-24 12:12:28,449 [pool-47-thread-1] INFO  server.RaftServerConfigKeys (ConfUtils.java:logGet(43)) - raft.server.log.statemachine.data.sync = true (default)
2019-10-24 12:12:28,450 [pool-59-thread-1] INFO  util.JmxRegister (JmxRegister.java:tryRegister(44)) - Successfully registered JMX Bean with object name Ratis:service=RaftServer,group=group-9CB0FD3570C0,id=b0079d05-68ff-4074-a89c-94d611ddbdcd
2019-10-24 12:12:28,449 [pool-27-thread-1] INFO  server.RaftServerConfigKeys (ConfUtils.java:logGet(43)) - raft.server.log.statemachine.data.sync.timeout = 10s (default)
2019-10-24 12:12:28,450 [pool-59-thread-1] WARN  impl.MetricRegistriesImpl (MetricRegistriesImpl.java:lambda$create$1(61)) - First MetricRegistry has been created without registering reporters. You may need to call MetricRegistries.global().addReportRegistration(...) before.
2019-10-24 12:12:28,450 [pool-47-thread-1] INFO  server.RaftServerConfigKeys (ConfUtils.java:logGet(43)) - raft.server.log.statemachine.data.sync.timeout = 10s (default)
2019-10-24 12:12:28,450 [pool-27-thread-1] INFO  server.RaftServerConfigKeys (ConfUtils.java:logGet(43)) - raft.server.log.statemachine.data.sync.timeout.retry = -1 (default)
2019-10-24 12:12:28,450 [pool-47-thread-1] INFO  server.RaftServerConfigKeys (ConfUtils.java:logGet(43)) - raft.server.log.statemachine.data.sync.timeout.retry = -1 (default)
2019-10-24 12:12:28,450 [pool-27-thread-1] INFO  server.RaftServerConfigKeys (ConfUtils.java:logGet(43)) - raft.server.log.statemachine.data.caching.enabled = true (custom)
2019-10-24 12:12:28,451 [pool-47-thread-1] INFO  server.RaftServerConfigKeys (ConfUtils.java:logGet(43)) - raft.server.log.statemachine.data.caching.enabled = true (custom)
2019-10-24 12:12:28,451 [pool-27-thread-1] INFO  segmented.SegmentedRaftLogWorker (SegmentedRaftLogWorker.java:lambda$new$0(128)) - 7f01d92b-bd13-46ba-b46f-c65517f7cb74@group-9CB0FD3570C0-SegmentedRaftLogWorker: flushIndex: setUnconditionally 0 -> -1
2019-10-24 12:12:28,451 [pool-47-thread-1] INFO  segmented.SegmentedRaftLogWorker (SegmentedRaftLogWorker.java:lambda$new$0(128)) - c58683fb-6de7-4590-940d-14e09458c307@group-9CB0FD3570C0-SegmentedRaftLogWorker: flushIndex: setUnconditionally 0 -> -1
2019-10-24 12:12:28,451 [pool-27-thread-1] INFO  server.RaftServerConfigKeys (ConfUtils.java:logGet(43)) - raft.server.snapshot.auto.trigger.enabled = true (custom)
2019-10-24 12:12:28,452 [pool-27-thread-1] INFO  server.RaftServerConfigKeys (ConfUtils.java:logGet(43)) - raft.server.snapshot.auto.trigger.threshold = 10000 (custom)
2019-10-24 12:12:28,453 [pool-27-thread-1] INFO  server.RaftServerConfigKeys (ConfUtils.java:logGet(43)) - raft.server.snapshot.retention.file.num = 5 (custom)
2019-10-24 12:12:28,453 [pool-47-thread-1] INFO  server.RaftServerConfigKeys (ConfUtils.java:logGet(43)) - raft.server.snapshot.auto.trigger.enabled = true (custom)
2019-10-24 12:12:28,453 [pool-27-thread-1] INFO  server.RaftServerConfigKeys (ConfUtils.java:logGet(43)) - raft.server.retrycache.expirytime = 600000ms (custom)
2019-10-24 12:12:28,453 [pool-47-thread-1] INFO  server.RaftServerConfigKeys (ConfUtils.java:logGet(43)) - raft.server.snapshot.auto.trigger.threshold = 10000 (custom)
2019-10-24 12:12:28,454 [pool-27-thread-1] WARN  impl.MetricRegistriesImpl (MetricRegistriesImpl.java:lambda$create$1(61)) - First MetricRegistry has been created without registering reporters. You may need to call MetricRegistries.global().addReportRegistration(...) before.
2019-10-24 12:12:28,454 [pool-47-thread-1] INFO  server.RaftServerConfigKeys (ConfUtils.java:logGet(43)) - raft.server.snapshot.retention.file.num = 5 (custom)
2019-10-24 12:12:28,455 [pool-27-thread-1] WARN  impl.MetricRegistriesImpl (MetricRegistriesImpl.java:lambda$create$1(61)) - First MetricRegistry has been created without registering reporters. You may need to call MetricRegistries.global().addReportRegistration(...) before.
2019-10-24 12:12:28,457 [pool-47-thread-1] INFO  server.RaftServerConfigKeys (ConfUtils.java:logGet(43)) - raft.server.retrycache.expirytime = 600000ms (custom)
2019-10-24 12:12:28,457 [pool-27-thread-1] INFO  impl.RaftServerImpl (RaftServerImpl.java:start(184)) - 7f01d92b-bd13-46ba-b46f-c65517f7cb74@group-9CB0FD3570C0: start as a follower, conf=-1: [b0079d05-68ff-4074-a89c-94d611ddbdcd:192.168.164.210:43817, c58683fb-6de7-4590-940d-14e09458c307:192.168.164.210:44335, 7f01d92b-bd13-46ba-b46f-c65517f7cb74:192.168.164.210:39920], old=null
2019-10-24 12:12:28,457 [pool-47-thread-1] WARN  impl.MetricRegistriesImpl (MetricRegistriesImpl.java:lambda$create$1(61)) - First MetricRegistry has been created without registering reporters. You may need to call MetricRegistries.global().addReportRegistration(...) before.
2019-10-24 12:12:28,457 [pool-27-thread-1] INFO  impl.RaftServerImpl (RaftServerImpl.java:setRole(173)) - 7f01d92b-bd13-46ba-b46f-c65517f7cb74@group-9CB0FD3570C0: changes role from      null to FOLLOWER at term 0 for startAsFollower
2019-10-24 12:12:28,457 [pool-47-thread-1] WARN  impl.MetricRegistriesImpl (MetricRegistriesImpl.java:lambda$create$1(61)) - First MetricRegistry has been created without registering reporters. You may need to call MetricRegistries.global().addReportRegistration(...) before.
2019-10-24 12:12:28,457 [pool-27-thread-1] INFO  impl.RoleInfo (RoleInfo.java:updateAndGet(143)) - 7f01d92b-bd13-46ba-b46f-c65517f7cb74: start FollowerState
2019-10-24 12:12:28,457 [pool-47-thread-1] INFO  impl.RaftServerImpl (RaftServerImpl.java:start(184)) - c58683fb-6de7-4590-940d-14e09458c307@group-9CB0FD3570C0: start as a follower, conf=-1: [b0079d05-68ff-4074-a89c-94d611ddbdcd:192.168.164.210:43817, c58683fb-6de7-4590-940d-14e09458c307:192.168.164.210:44335, 7f01d92b-bd13-46ba-b46f-c65517f7cb74:192.168.164.210:39920], old=null
2019-10-24 12:12:28,458 [pool-47-thread-1] INFO  impl.RaftServerImpl (RaftServerImpl.java:setRole(173)) - c58683fb-6de7-4590-940d-14e09458c307@group-9CB0FD3570C0: changes role from      null to FOLLOWER at term 0 for startAsFollower
2019-10-24 12:12:28,458 [pool-27-thread-1] INFO  util.JmxRegister (JmxRegister.java:tryRegister(44)) - Successfully registered JMX Bean with object name Ratis:service=RaftServer,group=group-9CB0FD3570C0,id=7f01d92b-bd13-46ba-b46f-c65517f7cb74
2019-10-24 12:12:28,458 [pool-47-thread-1] INFO  impl.RoleInfo (RoleInfo.java:updateAndGet(143)) - c58683fb-6de7-4590-940d-14e09458c307: start FollowerState
2019-10-24 12:12:28,458 [pool-27-thread-1] WARN  impl.MetricRegistriesImpl (MetricRegistriesImpl.java:lambda$create$1(61)) - First MetricRegistry has been created without registering reporters. You may need to call MetricRegistries.global().addReportRegistration(...) before.
2019-10-24 12:12:28,458 [pool-47-thread-1] INFO  util.JmxRegister (JmxRegister.java:tryRegister(44)) - Successfully registered JMX Bean with object name Ratis:service=RaftServer,group=group-9CB0FD3570C0,id=c58683fb-6de7-4590-940d-14e09458c307
2019-10-24 12:12:28,459 [pool-47-thread-1] WARN  impl.MetricRegistriesImpl (MetricRegistriesImpl.java:lambda$create$1(61)) - First MetricRegistry has been created without registering reporters. You may need to call MetricRegistries.global().addReportRegistration(...) before.
2019-10-24 12:12:28,469 [RatisPipelineUtilsThread] INFO  pipeline.PipelineStateManager (PipelineStateManager.java:addPipeline(56)) - Created pipeline Pipeline[ Id: 6cca0d9e-ad59-4803-a1ff-9cb0fd3570c0, Nodes: b0079d05-68ff-4074-a89c-94d611ddbdcd{ip: 192.168.164.210, host: pr-hdds-2358-mdv8n-1797098514, networkLocation: /default-rack, certSerialId: null}c58683fb-6de7-4590-940d-14e09458c307{ip: 192.168.164.210, host: pr-hdds-2358-mdv8n-1797098514, networkLocation: /default-rack, certSerialId: null}7f01d92b-bd13-46ba-b46f-c65517f7cb74{ip: 192.168.164.210, host: pr-hdds-2358-mdv8n-1797098514, networkLocation: /default-rack, certSerialId: null}, Type:RATIS, Factor:THREE, State:OPEN]
2019-10-24 12:12:28,571 [BlockDeletingService#2] WARN  background.BlockDeletingService (BlockDeletingService.java:isDeletionAllowed(187)) - Close Container log Index 6 is not replicated across allthe servers in the pipeline 97cf7ea5-f2f0-44c7-b45b-eed279b04bd8 as the min replicated index is 4. Deletion is not allowed in this container yet.
2019-10-24 12:12:28,572 [BlockDeletingService#2] WARN  background.BlockDeletingService (BlockDeletingService.java:isDeletionAllowed(187)) - Close Container log Index 6 is not replicated across allthe servers in the pipeline 97cf7ea5-f2f0-44c7-b45b-eed279b04bd8 as the min replicated index is 4. Deletion is not allowed in this container yet.
2019-10-24 12:12:28,804 [pool-7-thread-3] INFO  commands.RetriableDatanodeEventWatcher (RetriableDatanodeEventWatcher.java:onTimeout(47)) - RetriableDatanodeCommand type=deleteBlocksCommand with id=1571919140802 timed out. Retrying.
2019-10-24 12:12:28,806 [pool-7-thread-3] INFO  commands.RetriableDatanodeEventWatcher (RetriableDatanodeEventWatcher.java:onTimeout(47)) - RetriableDatanodeCommand type=deleteBlocksCommand with id=1571919140803 timed out. Retrying.
2019-10-24 12:12:28,806 [pool-7-thread-2] INFO  commands.RetriableDatanodeEventWatcher (RetriableDatanodeEventWatcher.java:onTimeout(47)) - RetriableDatanodeCommand type=deleteBlocksCommand with id=1571919140798 timed out. Retrying.
2019-10-24 12:12:28,806 [pool-7-thread-1] INFO  commands.RetriableDatanodeEventWatcher (RetriableDatanodeEventWatcher.java:onTimeout(47)) - RetriableDatanodeCommand type=deleteBlocksCommand with id=1571919140804 timed out. Retrying.
2019-10-24 12:12:28,807 [pool-7-thread-4] INFO  commands.RetriableDatanodeEventWatcher (RetriableDatanodeEventWatcher.java:onTimeout(47)) - RetriableDatanodeCommand type=deleteBlocksCommand with id=1571919140801 timed out. Retrying.
2019-10-24 12:12:28,807 [pool-7-thread-2] INFO  commands.RetriableDatanodeEventWatcher (RetriableDatanodeEventWatcher.java:onTimeout(47)) - RetriableDatanodeCommand type=deleteBlocksCommand with id=1571919140805 timed out. Retrying.
2019-10-24 12:12:28,808 [pool-7-thread-2] INFO  commands.RetriableDatanodeEventWatcher (RetriableDatanodeEventWatcher.java:onTimeout(47)) - RetriableDatanodeCommand type=deleteBlocksCommand with id=1571919140806 timed out. Retrying.
2019-10-24 12:12:28,809 [pool-7-thread-2] INFO  commands.RetriableDatanodeEventWatcher (RetriableDatanodeEventWatcher.java:onTimeout(47)) - RetriableDatanodeCommand type=deleteBlocksCommand with id=1571919140807 timed out. Retrying.
2019-10-24 12:12:28,811 [SCMBlockDeletingService#0] INFO  block.SCMBlockDeletingService (SCMBlockDeletingService.java:call(184)) - Totally added 1 delete blocks command for 1 datanodes, task elapsed time: 0ms
2019-10-24 12:12:28,827 [EventQueue-PendingDeleteStatusForPendingDeleteHandler] INFO  block.SCMBlockDeletingService (SCMBlockDeletingService.java:handlePendingDeletes(115)) - Block deletion txnID mismatch in datanode b0079d05-68ff-4074-a89c-94d611ddbdcd for containerID 1. Datanode delete txnID: 0, SCM txnID: 1
2019-10-24 12:12:29,129 [EventQueue-PendingDeleteStatusForPendingDeleteHandler] INFO  block.SCMBlockDeletingService (SCMBlockDeletingService.java:handlePendingDeletes(115)) - Block deletion txnID mismatch in datanode b0079d05-68ff-4074-a89c-94d611ddbdcd for containerID 1. Datanode delete txnID: 0, SCM txnID: 1
2019-10-24 12:12:29,247 [Command processor thread] INFO  commandhandler.DeleteBlocksCommandHandler (DeleteBlocksCommandHandler.java:handle(106)) - Start to delete container blocks, TXIDs=[1(0)], numOfContainers=1, numOfBlocks=1
2019-10-24 12:12:29,248 [Command processor thread] INFO  commandhandler.DeleteBlocksCommandHandler (DeleteBlocksCommandHandler.java:handle(106)) - Start to delete container blocks, TXIDs=[1(2)], numOfContainers=1, numOfBlocks=1
2019-10-24 12:12:29,248 [Command processor thread] INFO  commandhandler.DeleteBlocksCommandHandler (DeleteBlocksCommandHandler.java:handle(106)) - Start to delete container blocks, TXIDs=[1(0)], numOfContainers=1, numOfBlocks=1
2019-10-24 12:12:29,248 [Command processor thread] INFO  commandhandler.DeleteBlocksCommandHandler (DeleteBlocksCommandHandler.java:handle(106)) - Start to delete container blocks, TXIDs=[1(2)], numOfContainers=1, numOfBlocks=1
2019-10-24 12:12:29,249 [Command processor thread] INFO  commandhandler.DeleteBlocksCommandHandler (DeleteBlocksCommandHandler.java:handle(106)) - Start to delete container blocks, TXIDs=[1(2)], numOfContainers=1, numOfBlocks=1
2019-10-24 12:12:29,249 [Command processor thread] INFO  commandhandler.DeleteBlocksCommandHandler (DeleteBlocksCommandHandler.java:handle(106)) - Start to delete container blocks, TXIDs=[1(0)], numOfContainers=1, numOfBlocks=1
2019-10-24 12:12:29,249 [Command processor thread] INFO  commandhandler.DeleteBlocksCommandHandler (DeleteBlocksCommandHandler.java:handle(106)) - Start to delete container blocks, TXIDs=[1(2)], numOfContainers=1, numOfBlocks=1
2019-10-24 12:12:29,249 [Command processor thread] INFO  commandhandler.DeleteBlocksCommandHandler (DeleteBlocksCommandHandler.java:handle(106)) - Start to delete container blocks, TXIDs=[1(2)], numOfContainers=1, numOfBlocks=1
2019-10-24 12:12:29,250 [Command processor thread] INFO  commandhandler.DeleteBlocksCommandHandler (DeleteBlocksCommandHandler.java:handle(106)) - Start to delete container blocks, TXIDs=[1(2)], numOfContainers=1, numOfBlocks=1
2019-10-24 12:12:29,250 [Command processor thread] INFO  commandhandler.DeleteBlocksCommandHandler (DeleteBlocksCommandHandler.java:handle(106)) - Start to delete container blocks, TXIDs=[1(0)], numOfContainers=1, numOfBlocks=1
2019-10-24 12:12:29,250 [Command processor thread] INFO  commandhandler.DeleteBlocksCommandHandler (DeleteBlocksCommandHandler.java:handle(106)) - Start to delete container blocks, TXIDs=[1(2)], numOfContainers=1, numOfBlocks=1
2019-10-24 12:12:29,250 [Command processor thread] INFO  commandhandler.DeleteBlocksCommandHandler (DeleteBlocksCommandHandler.java:handle(106)) - Start to delete container blocks, TXIDs=[1(2)], numOfContainers=1, numOfBlocks=1
2019-10-24 12:12:29,251 [Command processor thread] INFO  commandhandler.DeleteBlocksCommandHandler (DeleteBlocksCommandHandler.java:handle(106)) - Start to delete container blocks, TXIDs=[1(2)], numOfContainers=1, numOfBlocks=1
2019-10-24 12:12:29,251 [Command processor thread] INFO  commandhandler.DeleteBlocksCommandHandler (DeleteBlocksCommandHandler.java:handle(106)) - Start to delete container blocks, TXIDs=[1(0)], numOfContainers=1, numOfBlocks=1
2019-10-24 12:12:29,251 [Command processor thread] INFO  commandhandler.DeleteBlocksCommandHandler (DeleteBlocksCommandHandler.java:handle(106)) - Start to delete container blocks, TXIDs=[1(2)], numOfContainers=1, numOfBlocks=1
2019-10-24 12:12:29,251 [Command processor thread] INFO  commandhandler.DeleteBlocksCommandHandler (DeleteBlocksCommandHandler.java:handle(106)) - Start to delete container blocks, TXIDs=[1(2)], numOfContainers=1, numOfBlocks=1
2019-10-24 12:12:29,251 [Command processor thread] INFO  commandhandler.DeleteBlocksCommandHandler (DeleteBlocksCommandHandler.java:handle(106)) - Start to delete container blocks, TXIDs=[1(2)], numOfContainers=1, numOfBlocks=1
2019-10-24 12:12:29,252 [Command processor thread] INFO  commandhandler.DeleteBlocksCommandHandler (DeleteBlocksCommandHandler.java:handle(106)) - Start to delete container blocks, TXIDs=[1(0)], numOfContainers=1, numOfBlocks=1
2019-10-24 12:12:29,252 [Command processor thread] INFO  commandhandler.DeleteBlocksCommandHandler (DeleteBlocksCommandHandler.java:handle(106)) - Start to delete container blocks, TXIDs=[1(2)], numOfContainers=1, numOfBlocks=1
2019-10-24 12:12:29,252 [Command processor thread] INFO  commandhandler.DeleteBlocksCommandHandler (DeleteBlocksCommandHandler.java:handle(106)) - Start to delete container blocks, TXIDs=[1(2)], numOfContainers=1, numOfBlocks=1
2019-10-24 12:12:29,252 [Command processor thread] INFO  commandhandler.DeleteBlocksCommandHandler (DeleteBlocksCommandHandler.java:handle(106)) - Start to delete container blocks, TXIDs=[1(2)], numOfContainers=1, numOfBlocks=1
2019-10-24 12:12:29,253 [Command processor thread] INFO  commandhandler.DeleteBlocksCommandHandler (DeleteBlocksCommandHandler.java:handle(106)) - Start to delete container blocks, TXIDs=[1(2)], numOfContainers=1, numOfBlocks=1
2019-10-24 12:12:29,253 [Command processor thread] INFO  commandhandler.DeleteBlocksCommandHandler (DeleteBlocksCommandHandler.java:handle(106)) - Start to delete container blocks, TXIDs=[1(2)], numOfContainers=1, numOfBlocks=1
2019-10-24 12:12:29,253 [Command processor thread] INFO  commandhandler.DeleteBlocksCommandHandler (DeleteBlocksCommandHandler.java:handle(106)) - Start to delete container blocks, TXIDs=[1(0)], numOfContainers=1, numOfBlocks=1
2019-10-24 12:12:29,253 [Command processor thread] INFO  commandhandler.DeleteBlocksCommandHandler (DeleteBlocksCommandHandler.java:handle(106)) - Start to delete container blocks, TXIDs=[1(2)], numOfContainers=1, numOfBlocks=1
2019-10-24 12:12:29,254 [Command processor thread] INFO  commandhandler.DeleteBlocksCommandHandler (DeleteBlocksCommandHandler.java:handle(106)) - Start to delete container blocks, TXIDs=[1(2)], numOfContainers=1, numOfBlocks=1
2019-10-24 12:12:29,254 [Command processor thread] INFO  commandhandler.DeleteBlocksCommandHandler (DeleteBlocksCommandHandler.java:handle(106)) - Start to delete container blocks, TXIDs=[1(2)], numOfContainers=1, numOfBlocks=1
2019-10-24 12:12:29,254 [Command processor thread] INFO  commandhandler.DeleteBlocksCommandHandler (DeleteBlocksCommandHandler.java:handle(106)) - Start to delete container blocks, TXIDs=[1(2)], numOfContainers=1, numOfBlocks=1
2019-10-24 12:12:29,254 [Command processor thread] INFO  commandhandler.DeleteBlocksCommandHandler (DeleteBlocksCommandHandler.java:handle(106)) - Start to delete container blocks, TXIDs=[1(2)], numOfContainers=1, numOfBlocks=1
2019-10-24 12:12:29,255 [Command processor thread] INFO  commandhandler.DeleteBlocksCommandHandler (DeleteBlocksCommandHandler.java:handle(106)) - Start to delete container blocks, TXIDs=[1(2)], numOfContainers=1, numOfBlocks=1
2019-10-24 12:12:29,255 [Command processor thread] INFO  commandhandler.DeleteBlocksCommandHandler (DeleteBlocksCommandHandler.java:handle(106)) - Start to delete container blocks, TXIDs=[1(2)], numOfContainers=1, numOfBlocks=1
2019-10-24 12:12:29,255 [Command processor thread] INFO  commandhandler.DeleteBlocksCommandHandler (DeleteBlocksCommandHandler.java:handle(106)) - Start to delete container blocks, TXIDs=[1(0)], numOfContainers=1, numOfBlocks=1
2019-10-24 12:12:29,255 [Command processor thread] INFO  commandhandler.DeleteBlocksCommandHandler (DeleteBlocksCommandHandler.java:handle(106)) - Start to delete container blocks, TXIDs=[1(2)], numOfContainers=1, numOfBlocks=1
2019-10-24 12:12:29,256 [Command processor thread] INFO  commandhandler.DeleteBlocksCommandHandler (DeleteBlocksCommandHandler.java:handle(106)) - Start to delete container blocks, TXIDs=[1(2)], numOfContainers=1, numOfBlocks=1
2019-10-24 12:12:29,256 [Command processor thread] INFO  commandhandler.DeleteBlocksCommandHandler (DeleteBlocksCommandHandler.java:handle(106)) - Start to delete container blocks, TXIDs=[1(2)], numOfContainers=1, numOfBlocks=1
2019-10-24 12:12:29,256 [Command processor thread] INFO  commandhandler.DeleteBlocksCommandHandler (DeleteBlocksCommandHandler.java:handle(106)) - Start to delete container blocks, TXIDs=[1(2)], numOfContainers=1, numOfBlocks=1
2019-10-24 12:12:29,256 [Command processor thread] INFO  commandhandler.DeleteBlocksCommandHandler (DeleteBlocksCommandHandler.java:handle(106)) - Start to delete container blocks, TXIDs=[1(2)], numOfContainers=1, numOfBlocks=1
2019-10-24 12:12:29,257 [Command processor thread] INFO  commandhandler.DeleteBlocksCommandHandler (DeleteBlocksCommandHandler.java:handle(106)) - Start to delete container blocks, TXIDs=[1(2)], numOfContainers=1, numOfBlocks=1
2019-10-24 12:12:29,257 [Command processor thread] INFO  commandhandler.DeleteBlocksCommandHandler (DeleteBlocksCommandHandler.java:handle(106)) - Start to delete container blocks, TXIDs=[1(0)], numOfContainers=1, numOfBlocks=1
2019-10-24 12:12:29,257 [Command processor thread] INFO  commandhandler.DeleteBlocksCommandHandler (DeleteBlocksCommandHandler.java:handle(106)) - Start to delete container blocks, TXIDs=[1(2)], numOfContainers=1, numOfBlocks=1
2019-10-24 12:12:29,257 [Command processor thread] INFO  commandhandler.DeleteBlocksCommandHandler (DeleteBlocksCommandHandler.java:handle(106)) - Start to delete container blocks, TXIDs=[1(2)], numOfContainers=1, numOfBlocks=1
2019-10-24 12:12:29,257 [Command processor thread] INFO  commandhandler.DeleteBlocksCommandHandler (DeleteBlocksCommandHandler.java:handle(106)) - Start to delete container blocks, TXIDs=[1(2)], numOfContainers=1, numOfBlocks=1
2019-10-24 12:12:29,258 [Command processor thread] INFO  commandhandler.DeleteBlocksCommandHandler (DeleteBlocksCommandHandler.java:handle(106)) - Start to delete container blocks, TXIDs=[1(2)], numOfContainers=1, numOfBlocks=1
2019-10-24 12:12:29,258 [Command processor thread] INFO  commandhandler.DeleteBlocksCommandHandler (DeleteBlocksCommandHandler.java:handle(106)) - Start to delete container blocks, TXIDs=[1(2)], numOfContainers=1, numOfBlocks=1
2019-10-24 12:12:29,258 [Command processor thread] INFO  commandhandler.DeleteBlocksCommandHandler (DeleteBlocksCommandHandler.java:handle(106)) - Start to delete container blocks, TXIDs=[1(38)], numOfContainers=1, numOfBlocks=1
2019-10-24 12:12:29,306 [Thread-553] INFO  impl.FollowerState (FollowerState.java:run(111)) - b0079d05-68ff-4074-a89c-94d611ddbdcd@group-EED279B04BD8-FollowerState: change to CANDIDATE, lastRpcTime:5062ms, electionTimeout:5062ms
2019-10-24 12:12:29,306 [Thread-553] INFO  impl.RoleInfo (RoleInfo.java:shutdownFollowerState(121)) - b0079d05-68ff-4074-a89c-94d611ddbdcd: shutdown FollowerState
2019-10-24 12:12:29,306 [Thread-553] INFO  impl.RaftServerImpl (RaftServerImpl.java:setRole(173)) - b0079d05-68ff-4074-a89c-94d611ddbdcd@group-EED279B04BD8: changes role from  FOLLOWER to CANDIDATE at term 1 for changeToCandidate
2019-10-24 12:12:29,306 [Thread-553] INFO  impl.RoleInfo (RoleInfo.java:updateAndGet(143)) - b0079d05-68ff-4074-a89c-94d611ddbdcd: start LeaderElection
2019-10-24 12:12:29,309 [Thread-554] INFO  impl.FollowerState (FollowerState.java:run(111)) - b0079d05-68ff-4074-a89c-94d611ddbdcd@group-F236FCC62A92-FollowerState: change to CANDIDATE, lastRpcTime:5066ms, electionTimeout:5064ms
2019-10-24 12:12:29,310 [Thread-554] INFO  impl.RoleInfo (RoleInfo.java:shutdownFollowerState(121)) - b0079d05-68ff-4074-a89c-94d611ddbdcd: shutdown FollowerState
2019-10-24 12:12:29,310 [Thread-554] INFO  impl.RaftServerImpl (RaftServerImpl.java:setRole(173)) - b0079d05-68ff-4074-a89c-94d611ddbdcd@group-F236FCC62A92: changes role from  FOLLOWER to CANDIDATE at term 1 for changeToCandidate
2019-10-24 12:12:29,310 [Thread-554] INFO  impl.RoleInfo (RoleInfo.java:updateAndGet(143)) - b0079d05-68ff-4074-a89c-94d611ddbdcd: start LeaderElection
2019-10-24 12:12:29,325 [b0079d05-68ff-4074-a89c-94d611ddbdcd@group-F236FCC62A92-LeaderElection6] INFO  impl.LeaderElection (LeaderElection.java:askForVotes(178)) - b0079d05-68ff-4074-a89c-94d611ddbdcd@group-F236FCC62A92-LeaderElection6: begin an election at term 2 for 0: [b0079d05-68ff-4074-a89c-94d611ddbdcd:192.168.164.210:43817], old=null
2019-10-24 12:12:29,325 [b0079d05-68ff-4074-a89c-94d611ddbdcd@group-EED279B04BD8-LeaderElection5] INFO  impl.LeaderElection (LeaderElection.java:askForVotes(178)) - b0079d05-68ff-4074-a89c-94d611ddbdcd@group-EED279B04BD8-LeaderElection5: begin an election at term 2 for 0: [b0079d05-68ff-4074-a89c-94d611ddbdcd:192.168.164.210:43817, c58683fb-6de7-4590-940d-14e09458c307:192.168.164.210:44335, 7f01d92b-bd13-46ba-b46f-c65517f7cb74:192.168.164.210:39920], old=null
2019-10-24 12:12:29,326 [b0079d05-68ff-4074-a89c-94d611ddbdcd@group-F236FCC62A92-LeaderElection6] INFO  impl.RoleInfo (RoleInfo.java:shutdownLeaderElection(134)) - b0079d05-68ff-4074-a89c-94d611ddbdcd: shutdown LeaderElection
2019-10-24 12:12:29,326 [b0079d05-68ff-4074-a89c-94d611ddbdcd@group-F236FCC62A92-LeaderElection6] INFO  impl.RaftServerImpl (RaftServerImpl.java:setRole(173)) - b0079d05-68ff-4074-a89c-94d611ddbdcd@group-F236FCC62A92: changes role from CANDIDATE to LEADER at term 2 for changeToLeader
2019-10-24 12:12:29,326 [b0079d05-68ff-4074-a89c-94d611ddbdcd@group-F236FCC62A92-LeaderElection6] INFO  impl.RaftServerImpl (ServerState.java:setLeader(255)) - b0079d05-68ff-4074-a89c-94d611ddbdcd@group-F236FCC62A92: change Leader from null to b0079d05-68ff-4074-a89c-94d611ddbdcd at term 2 for becomeLeader, leader elected after 7087ms
2019-10-24 12:12:29,327 [b0079d05-68ff-4074-a89c-94d611ddbdcd@group-F236FCC62A92-LeaderElection6] INFO  server.RaftServerConfigKeys (ConfUtils.java:logGet(43)) - raft.server.staging.catchup.gap = 1000 (default)
2019-10-24 12:12:29,328 [b0079d05-68ff-4074-a89c-94d611ddbdcd@group-F236FCC62A92-LeaderElection6] INFO  server.RaftServerConfigKeys (ConfUtils.java:logGet(43)) - raft.server.rpc.sleep.time = 25ms (default)
2019-10-24 12:12:29,328 [b0079d05-68ff-4074-a89c-94d611ddbdcd@group-F236FCC62A92-LeaderElection6] INFO  server.RaftServerConfigKeys (ConfUtils.java:logGet(43)) - raft.server.write.element-limit = 4096 (default)
2019-10-24 12:12:29,329 [b0079d05-68ff-4074-a89c-94d611ddbdcd@group-F236FCC62A92-LeaderElection6] INFO  server.RaftServerConfigKeys (ConfUtils.java:logGet(43)) - raft.server.watch.timeout = 10s (default)
2019-10-24 12:12:29,329 [b0079d05-68ff-4074-a89c-94d611ddbdcd@group-F236FCC62A92-LeaderElection6] INFO  server.RaftServerConfigKeys (ConfUtils.java:logGet(43)) - raft.server.watch.timeout.denomination = 1s (default)
2019-10-24 12:12:29,329 [b0079d05-68ff-4074-a89c-94d611ddbdcd@group-F236FCC62A92-LeaderElection6] INFO  server.RaftServerConfigKeys (ConfUtils.java:logGet(43)) - raft.server.watch.element-limit = 65536 (default)
2019-10-24 12:12:29,330 [b0079d05-68ff-4074-a89c-94d611ddbdcd@group-F236FCC62A92-LeaderElection6] INFO  impl.RoleInfo (RoleInfo.java:updateAndGet(143)) - b0079d05-68ff-4074-a89c-94d611ddbdcd: start LeaderState
2019-10-24 12:12:29,337 [b0079d05-68ff-4074-a89c-94d611ddbdcd@group-F236FCC62A92-LeaderElection6] INFO  segmented.SegmentedRaftLogWorker (SegmentedRaftLogWorker.java:rollLogSegment(390)) - b0079d05-68ff-4074-a89c-94d611ddbdcd@group-F236FCC62A92-SegmentedRaftLogWorker: Rolling segment log-0_0 to index:0
2019-10-24 12:12:29,342 [grpc-default-executor-1] INFO  impl.RaftServerImpl (ServerState.java:setLeader(255)) - 7f01d92b-bd13-46ba-b46f-c65517f7cb74@group-EED279B04BD8: change Leader from c58683fb-6de7-4590-940d-14e09458c307 to null at term 2 for updateCurrentTerm
2019-10-24 12:12:29,342 [grpc-default-executor-0] INFO  impl.RaftServerImpl (ServerState.java:setLeader(255)) - c58683fb-6de7-4590-940d-14e09458c307@group-EED279B04BD8: change Leader from c58683fb-6de7-4590-940d-14e09458c307 to null at term 2 for updateCurrentTerm
2019-10-24 12:12:29,342 [grpc-default-executor-1] INFO  impl.RaftServerImpl (RaftServerImpl.java:setRole(173)) - 7f01d92b-bd13-46ba-b46f-c65517f7cb74@group-EED279B04BD8: changes role from  FOLLOWER to FOLLOWER at term 2 for recognizeCandidate:b0079d05-68ff-4074-a89c-94d611ddbdcd
2019-10-24 12:12:29,343 [b0079d05-68ff-4074-a89c-94d611ddbdcd@group-F236FCC62A92-LeaderElection6] INFO  impl.RaftServerImpl (ServerState.java:setRaftConf(356)) - b0079d05-68ff-4074-a89c-94d611ddbdcd@group-F236FCC62A92: set configuration 1: [b0079d05-68ff-4074-a89c-94d611ddbdcd:192.168.164.210:43817], old=null at 1
2019-10-24 12:12:29,343 [grpc-default-executor-0] INFO  impl.RaftServerImpl (RaftServerImpl.java:setRole(173)) - c58683fb-6de7-4590-940d-14e09458c307@group-EED279B04BD8: changes role from    LEADER to FOLLOWER at term 2 for recognizeCandidate:b0079d05-68ff-4074-a89c-94d611ddbdcd
2019-10-24 12:12:29,344 [grpc-default-executor-0] INFO  impl.RoleInfo (RoleInfo.java:shutdownLeaderState(104)) - c58683fb-6de7-4590-940d-14e09458c307: shutdown LeaderState
2019-10-24 12:12:29,343 [grpc-default-executor-1] INFO  impl.RoleInfo (RoleInfo.java:shutdownFollowerState(121)) - 7f01d92b-bd13-46ba-b46f-c65517f7cb74: shutdown FollowerState
2019-10-24 12:12:29,344 [b0079d05-68ff-4074-a89c-94d611ddbdcd@group-F236FCC62A92-SegmentedRaftLogWorker] INFO  segmented.SegmentedRaftLogWorker (SegmentedRaftLogWorker.java:execute(533)) - b0079d05-68ff-4074-a89c-94d611ddbdcd@group-F236FCC62A92-SegmentedRaftLogWorker: Rolled log segment from /workdir/hadoop-ozone/integration-test/target/test-dir/MiniOzoneClusterImpl-fed4bbd5-3e84-4b96-98af-185ceb771cd5/datanode-1/data/ratis/db1b107d-dd3a-4f4e-8d41-f236fcc62a92/current/log_inprogress_0 to /workdir/hadoop-ozone/integration-test/target/test-dir/MiniOzoneClusterImpl-fed4bbd5-3e84-4b96-98af-185ceb771cd5/datanode-1/data/ratis/db1b107d-dd3a-4f4e-8d41-f236fcc62a92/current/log_0-0
2019-10-24 12:12:29,346 [org.apache.ratis.server.impl.LogAppender$AppenderDaemon$$Lambda$564/602645648@6f1804bb] WARN  server.GrpcLogAppender (GrpcLogAppender.java:mayWait(149)) - c58683fb-6de7-4590-940d-14e09458c307@group-EED279B04BD8->b0079d05-68ff-4074-a89c-94d611ddbdcd-GrpcLogAppender: Wait interrupted by java.lang.InterruptedException
2019-10-24 12:12:29,345 [grpc-default-executor-0] INFO  impl.PendingRequests (PendingRequests.java:sendNotLeaderResponses(206)) - c58683fb-6de7-4590-940d-14e09458c307@group-EED279B04BD8-PendingRequests: sendNotLeaderResponses
2019-10-24 12:12:29,348 [grpc-default-executor-1] INFO  impl.RoleInfo (RoleInfo.java:updateAndGet(143)) - 7f01d92b-bd13-46ba-b46f-c65517f7cb74: start FollowerState
2019-10-24 12:12:29,347 [Thread-245] INFO  impl.FollowerState (FollowerState.java:run(120)) - 7f01d92b-bd13-46ba-b46f-c65517f7cb74@group-EED279B04BD8-FollowerState was interrupted: java.lang.InterruptedException: sleep interrupted
2019-10-24 12:12:29,346 [org.apache.ratis.server.impl.LogAppender$AppenderDaemon$$Lambda$564/602645648@5ef55675] WARN  server.GrpcLogAppender (GrpcLogAppender.java:mayWait(149)) - c58683fb-6de7-4590-940d-14e09458c307@group-EED279B04BD8->7f01d92b-bd13-46ba-b46f-c65517f7cb74-GrpcLogAppender: Wait interrupted by java.lang.InterruptedException
2019-10-24 12:12:29,382 [grpc-default-executor-0] INFO  impl.RoleInfo (RoleInfo.java:updateAndGet(143)) - c58683fb-6de7-4590-940d-14e09458c307: start FollowerState
2019-10-24 12:12:29,382 [Thread-595] INFO  client.GrpcClientProtocolService (GrpcClientProtocolService.java:lambda$processClientRequest$0(279)) - Failed RaftClientRequest:client-A2BC9D366054->c58683fb-6de7-4590-940d-14e09458c307@group-EED279B04BD8, cid=10, seq=0, Watch-ALL_COMMITTED(6), Message:<EMPTY>, reply=RaftClientReply:client-A2BC9D366054->c58683fb-6de7-4590-940d-14e09458c307@group-EED279B04BD8, cid=10, FAILED org.apache.ratis.protocol.NotLeaderException: Server c58683fb-6de7-4590-940d-14e09458c307@group-EED279B04BD8 is not the leader, logIndex=0, commits[c58683fb-6de7-4590-940d-14e09458c307:c10, b0079d05-68ff-4074-a89c-94d611ddbdcd:c4, 7f01d92b-bd13-46ba-b46f-c65517f7cb74:c10]
2019-10-24 12:12:29,383 [grpc-default-executor-1] INFO  server.GrpcServerProtocolService (GrpcServerProtocolService.java:onCompleted(113)) - 7f01d92b-bd13-46ba-b46f-c65517f7cb74: Completed APPEND_ENTRIES, lastRequest: c58683fb-6de7-4590-940d-14e09458c307->7f01d92b-bd13-46ba-b46f-c65517f7cb74#54-t1, previous=(t:1, i:10), leaderCommit=10, initializing? false, entries: <empty>
2019-10-24 12:12:29,388 [grpc-default-executor-2] INFO  server.GrpcLogAppender (GrpcLogAppender.java:onCompleted(308)) - c58683fb-6de7-4590-940d-14e09458c307@group-EED279B04BD8->7f01d92b-bd13-46ba-b46f-c65517f7cb74-AppendLogResponseHandler: follower responses appendEntries COMPLETED
2019-10-24 12:12:29,395 [grpc-default-executor-2] INFO  impl.FollowerInfo (FollowerInfo.java:lambda$new$0(51)) - c58683fb-6de7-4590-940d-14e09458c307@group-EED279B04BD8->7f01d92b-bd13-46ba-b46f-c65517f7cb74: nextIndex: updateUnconditionally 11 -> 10
2019-10-24 12:12:29,406 [b0079d05-68ff-4074-a89c-94d611ddbdcd@group-F236FCC62A92-SegmentedRaftLogWorker] INFO  segmented.SegmentedRaftLogWorker (SegmentedRaftLogWorker.java:execute(576)) - b0079d05-68ff-4074-a89c-94d611ddbdcd@group-F236FCC62A92-SegmentedRaftLogWorker: created new log segment /workdir/hadoop-ozone/integration-test/target/test-dir/MiniOzoneClusterImpl-fed4bbd5-3e84-4b96-98af-185ceb771cd5/datanode-1/data/ratis/db1b107d-dd3a-4f4e-8d41-f236fcc62a92/current/log_inprogress_1
2019-10-24 12:12:29,411 [b0079d05-68ff-4074-a89c-94d611ddbdcd@group-EED279B04BD8-LeaderElection5] INFO  impl.LeaderElection (LeaderElection.java:logAndReturn(56)) - b0079d05-68ff-4074-a89c-94d611ddbdcd@group-EED279B04BD8-LeaderElection5: Election REJECTED; received 2 response(s) [b0079d05-68ff-4074-a89c-94d611ddbdcd<-c58683fb-6de7-4590-940d-14e09458c307#0:FAIL-t2, b0079d05-68ff-4074-a89c-94d611ddbdcd<-7f01d92b-bd13-46ba-b46f-c65517f7cb74#0:FAIL-t2] and 0 exception(s); b0079d05-68ff-4074-a89c-94d611ddbdcd@group-EED279B04BD8:t2, leader=null, voted=b0079d05-68ff-4074-a89c-94d611ddbdcd, raftlog=b0079d05-68ff-4074-a89c-94d611ddbdcd@group-EED279B04BD8-SegmentedRaftLog:OPENED:c3,f4,i4, conf=0: [b0079d05-68ff-4074-a89c-94d611ddbdcd:192.168.164.210:43817, c58683fb-6de7-4590-940d-14e09458c307:192.168.164.210:44335, 7f01d92b-bd13-46ba-b46f-c65517f7cb74:192.168.164.210:39920], old=null
2019-10-24 12:12:29,411 [b0079d05-68ff-4074-a89c-94d611ddbdcd@group-EED279B04BD8-LeaderElection5] INFO  impl.RaftServerImpl (RaftServerImpl.java:setRole(173)) - b0079d05-68ff-4074-a89c-94d611ddbdcd@group-EED279B04BD8: changes role from CANDIDATE to FOLLOWER at term 2 for DISCOVERED_A_NEW_TERM
2019-10-24 12:12:29,416 [b0079d05-68ff-4074-a89c-94d611ddbdcd@group-EED279B04BD8-LeaderElection5] INFO  impl.RoleInfo (RoleInfo.java:shutdownLeaderElection(134)) - b0079d05-68ff-4074-a89c-94d611ddbdcd: shutdown LeaderElection
2019-10-24 12:12:29,416 [b0079d05-68ff-4074-a89c-94d611ddbdcd@group-EED279B04BD8-LeaderElection5] INFO  impl.RoleInfo (RoleInfo.java:updateAndGet(143)) - b0079d05-68ff-4074-a89c-94d611ddbdcd: start FollowerState
2019-10-24 12:12:29,450 [EventQueue-DeleteBlockStatusForDeletedBlockLogImpl] WARN  block.DeletedBlockLogImpl (DeletedBlockLogImpl.java:commitTransactions(205)) - Transaction txId=1 commit by dnId=b0079d05-68ff-4074-a89c-94d611ddbdcd for containerID=#1 failed. Corresponding entry not found.
2019-10-24 12:12:29,451 [EventQueue-DeleteBlockStatusForDeletedBlockLogImpl] WARN  block.DeletedBlockLogImpl (DeletedBlockLogImpl.java:commitTransactions(205)) - Transaction txId=1 commit by dnId=b0079d05-68ff-4074-a89c-94d611ddbdcd for containerID=#1 failed. Corresponding entry not found.
2019-10-24 12:12:29,452 [EventQueue-DeleteBlockStatusForDeletedBlockLogImpl] WARN  block.DeletedBlockLogImpl (DeletedBlockLogImpl.java:commitTransactions(205)) - Transaction txId=1 commit by dnId=b0079d05-68ff-4074-a89c-94d611ddbdcd for containerID=#1 failed. Corresponding entry not found.
2019-10-24 12:12:29,452 [EventQueue-DeleteBlockStatusForDeletedBlockLogImpl] WARN  block.DeletedBlockLogImpl (DeletedBlockLogImpl.java:commitTransactions(205)) - Transaction txId=1 commit by dnId=b0079d05-68ff-4074-a89c-94d611ddbdcd for containerID=#1 failed. Corresponding entry not found.
2019-10-24 12:12:29,452 [EventQueue-DeleteBlockStatusForDeletedBlockLogImpl] WARN  block.DeletedBlockLogImpl (DeletedBlockLogImpl.java:commitTransactions(205)) - Transaction txId=1 commit by dnId=b0079d05-68ff-4074-a89c-94d611ddbdcd for containerID=#1 failed. Corresponding entry not found.
2019-10-24 12:12:29,452 [EventQueue-DeleteBlockStatusForDeletedBlockLogImpl] WARN  block.DeletedBlockLogImpl (DeletedBlockLogImpl.java:commitTransactions(205)) - Transaction txId=1 commit by dnId=b0079d05-68ff-4074-a89c-94d611ddbdcd for containerID=#1 failed. Corresponding entry not found.
2019-10-24 12:12:29,452 [EventQueue-DeleteBlockStatusForDeletedBlockLogImpl] WARN  block.DeletedBlockLogImpl (DeletedBlockLogImpl.java:commitTransactions(205)) - Transaction txId=1 commit by dnId=b0079d05-68ff-4074-a89c-94d611ddbdcd for containerID=#1 failed. Corresponding entry not found.
2019-10-24 12:12:29,452 [EventQueue-DeleteBlockStatusForDeletedBlockLogImpl] WARN  block.DeletedBlockLogImpl (DeletedBlockLogImpl.java:commitTransactions(205)) - Transaction txId=1 commit by dnId=b0079d05-68ff-4074-a89c-94d611ddbdcd for containerID=#1 failed. Corresponding entry not found.
2019-10-24 12:12:29,490 [java.util.concurrent.ThreadPoolExecutor$Worker@53c23726[State = -1, empty queue]] WARN  server.GrpcLogAppender (GrpcLogAppender.java:timeoutAppendRequest(209)) - c58683fb-6de7-4590-940d-14e09458c307@group-EED279B04BD8->b0079d05-68ff-4074-a89c-94d611ddbdcd-GrpcLogAppender: appendEntries Timeout, request=c58683fb-6de7-4590-940d-14e09458c307->b0079d05-68ff-4074-a89c-94d611ddbdcd#53-t1, previous=(t:1, i:10), leaderCommit=10, initializing? false, entries: <empty>
2019-10-24 12:12:29,573 [BlockDeletingService#2] WARN  background.BlockDeletingService (BlockDeletingService.java:isDeletionAllowed(187)) - Close Container log Index 6 is not replicated across allthe servers in the pipeline 97cf7ea5-f2f0-44c7-b45b-eed279b04bd8 as the min replicated index is 4. Deletion is not allowed in this container yet.
2019-10-24 12:12:29,574 [BlockDeletingService#2] WARN  background.BlockDeletingService (BlockDeletingService.java:isDeletionAllowed(187)) - Close Container log Index 6 is not replicated across allthe servers in the pipeline 97cf7ea5-f2f0-44c7-b45b-eed279b04bd8 as the min replicated index is 4. Deletion is not allowed in this container yet.
2019-10-24 12:12:30,402 [Thread-602] INFO  client.GrpcClientProtocolService (GrpcClientProtocolService.java:lambda$processClientRequest$0(279)) - Failed RaftClientRequest:client-A2BC9D366054->7f01d92b-bd13-46ba-b46f-c65517f7cb74@group-EED279B04BD8, cid=10, seq=0, Watch-ALL_COMMITTED(6), Message:<EMPTY>, reply=RaftClientReply:client-A2BC9D366054->7f01d92b-bd13-46ba-b46f-c65517f7cb74@group-EED279B04BD8, cid=10, FAILED org.apache.ratis.protocol.NotLeaderException: Server 7f01d92b-bd13-46ba-b46f-c65517f7cb74@group-EED279B04BD8 is not the leader, logIndex=0, commits[7f01d92b-bd13-46ba-b46f-c65517f7cb74:c10, b0079d05-68ff-4074-a89c-94d611ddbdcd:c4, c58683fb-6de7-4590-940d-14e09458c307:c10]
2019-10-24 12:12:30,574 [BlockDeletingService#2] WARN  background.BlockDeletingService (BlockDeletingService.java:isDeletionAllowed(187)) - Close Container log Index 6 is not replicated across allthe servers in the pipeline 97cf7ea5-f2f0-44c7-b45b-eed279b04bd8 as the min replicated index is 4. Deletion is not allowed in this container yet.
2019-10-24 12:12:30,575 [BlockDeletingService#2] WARN  background.BlockDeletingService (BlockDeletingService.java:isDeletionAllowed(187)) - Close Container log Index 6 is not replicated across allthe servers in the pipeline 97cf7ea5-f2f0-44c7-b45b-eed279b04bd8 as the min replicated index is 4. Deletion is not allowed in this container yet.
2019-10-24 12:12:31,432 [Thread-608] INFO  client.GrpcClientProtocolService (GrpcClientProtocolService.java:lambda$processClientRequest$0(279)) - Failed RaftClientRequest:client-A2BC9D366054->c58683fb-6de7-4590-940d-14e09458c307@group-EED279B04BD8, cid=10, seq=0, Watch-ALL_COMMITTED(6), Message:<EMPTY>, reply=RaftClientReply:client-A2BC9D366054->c58683fb-6de7-4590-940d-14e09458c307@group-EED279B04BD8, cid=10, FAILED org.apache.ratis.protocol.NotLeaderException: Server c58683fb-6de7-4590-940d-14e09458c307@group-EED279B04BD8 is not the leader, logIndex=0, commits[c58683fb-6de7-4590-940d-14e09458c307:c10, b0079d05-68ff-4074-a89c-94d611ddbdcd:c4, 7f01d92b-bd13-46ba-b46f-c65517f7cb74:c10]
2019-10-24 12:12:31,576 [BlockDeletingService#2] WARN  background.BlockDeletingService (BlockDeletingService.java:isDeletionAllowed(187)) - Close Container log Index 6 is not replicated across allthe servers in the pipeline 97cf7ea5-f2f0-44c7-b45b-eed279b04bd8 as the min replicated index is 4. Deletion is not allowed in this container yet.
2019-10-24 12:12:31,577 [BlockDeletingService#2] WARN  background.BlockDeletingService (BlockDeletingService.java:isDeletionAllowed(187)) - Close Container log Index 6 is not replicated across allthe servers in the pipeline 97cf7ea5-f2f0-44c7-b45b-eed279b04bd8 as the min replicated index is 4. Deletion is not allowed in this container yet.
2019-10-24 12:12:31,991 [java.util.concurrent.ThreadPoolExecutor$Worker@53c23726[State = -1, empty queue]] WARN  server.GrpcLogAppender (GrpcLogAppender.java:timeoutAppendRequest(209)) - c58683fb-6de7-4590-940d-14e09458c307@group-EED279B04BD8->b0079d05-68ff-4074-a89c-94d611ddbdcd-GrpcLogAppender: appendEntries Timeout, request=c58683fb-6de7-4590-940d-14e09458c307->b0079d05-68ff-4074-a89c-94d611ddbdcd#54-t1, previous=(t:1, i:10), leaderCommit=10, initializing? false, entries: <empty>
]]></system-out>
    <system-err><![CDATA[ERROR StatusLogger No Log4j 2 configuration file found. Using default configuration (logging only errors to the console), or user programmatically provided configurations. Set system property 'log4j2.debug' to show Log4j 2 internal initialization logging. See https://logging.apache.org/log4j/2.x/manual/configuration.html for instructions on how to configure Log4j 2
Oct 24, 2019 12:10:45 PM org.apache.ratis.thirdparty.io.grpc.internal.SerializingExecutor run
SEVERE: Exception while executing runnable org.apache.ratis.thirdparty.io.grpc.internal.ServerImpl$JumpToApplicationThreadServerStreamListener$1Closed@1e7778cc
org.apache.ratis.thirdparty.io.grpc.StatusRuntimeException: CANCELLED: call already cancelled
	at org.apache.ratis.thirdparty.io.grpc.Status.asRuntimeException(Status.java:517)
	at org.apache.ratis.thirdparty.io.grpc.stub.ServerCalls$ServerCallStreamObserverImpl.onCompleted(ServerCalls.java:356)
	at org.apache.ratis.grpc.server.GrpcServerProtocolService$ServerRequestStreamObserver.onError(GrpcServerProtocolService.java:121)
	at org.apache.ratis.thirdparty.io.grpc.stub.ServerCalls$StreamingServerCallHandler$StreamingServerCallListener.onCancel(ServerCalls.java:269)
	at org.apache.ratis.thirdparty.io.grpc.internal.ServerCallImpl$ServerStreamListenerImpl.closed(ServerCallImpl.java:293)
	at org.apache.ratis.thirdparty.io.grpc.internal.ServerImpl$JumpToApplicationThreadServerStreamListener$1Closed.runInContext(ServerImpl.java:741)
	at org.apache.ratis.thirdparty.io.grpc.internal.ContextRunnable.run(ContextRunnable.java:37)
	at org.apache.ratis.thirdparty.io.grpc.internal.SerializingExecutor.run(SerializingExecutor.java:123)
	at java.util.concurrent.ThreadPoolExecutor.runWorker(ThreadPoolExecutor.java:1149)
	at java.util.concurrent.ThreadPoolExecutor$Worker.run(ThreadPoolExecutor.java:624)
	at java.lang.Thread.run(Thread.java:748)

Oct 24, 2019 12:10:45 PM org.apache.ratis.thirdparty.io.grpc.internal.SerializingExecutor run
SEVERE: Exception while executing runnable org.apache.ratis.thirdparty.io.grpc.internal.ClientCallImpl$ClientStreamListenerImpl$1StreamClosed@39d2a0f5
java.lang.NullPointerException
	at org.apache.ratis.grpc.server.GrpcLogAppender$AppendLogResponseHandler.onError(GrpcLogAppender.java:303)
	at org.apache.ratis.thirdparty.io.grpc.stub.ClientCalls$StreamObserverToCallListenerAdapter.onClose(ClientCalls.java:434)
	at org.apache.ratis.thirdparty.io.grpc.PartialForwardingClientCallListener.onClose(PartialForwardingClientCallListener.java:39)
	at org.apache.ratis.thirdparty.io.grpc.ForwardingClientCallListener.onClose(ForwardingClientCallListener.java:23)
	at org.apache.ratis.thirdparty.io.grpc.ForwardingClientCallListener$SimpleForwardingClientCallListener.onClose(ForwardingClientCallListener.java:40)
	at org.apache.ratis.thirdparty.io.grpc.internal.CensusStatsModule$StatsClientInterceptor$1$1.onClose(CensusStatsModule.java:678)
	at org.apache.ratis.thirdparty.io.grpc.PartialForwardingClientCallListener.onClose(PartialForwardingClientCallListener.java:39)
	at org.apache.ratis.thirdparty.io.grpc.ForwardingClientCallListener.onClose(ForwardingClientCallListener.java:23)
	at org.apache.ratis.thirdparty.io.grpc.ForwardingClientCallListener$SimpleForwardingClientCallListener.onClose(ForwardingClientCallListener.java:40)
	at org.apache.ratis.thirdparty.io.grpc.internal.CensusTracingModule$TracingClientInterceptor$1$1.onClose(CensusTracingModule.java:397)
	at org.apache.ratis.thirdparty.io.grpc.internal.ClientCallImpl.closeObserver(ClientCallImpl.java:459)
	at org.apache.ratis.thirdparty.io.grpc.internal.ClientCallImpl.access$300(ClientCallImpl.java:63)
	at org.apache.ratis.thirdparty.io.grpc.internal.ClientCallImpl$ClientStreamListenerImpl.close(ClientCallImpl.java:546)
	at org.apache.ratis.thirdparty.io.grpc.internal.ClientCallImpl$ClientStreamListenerImpl.access$600(ClientCallImpl.java:467)
	at org.apache.ratis.thirdparty.io.grpc.internal.ClientCallImpl$ClientStreamListenerImpl$1StreamClosed.runInContext(ClientCallImpl.java:584)
	at org.apache.ratis.thirdparty.io.grpc.internal.ContextRunnable.run(ContextRunnable.java:37)
	at org.apache.ratis.thirdparty.io.grpc.internal.SerializingExecutor.run(SerializingExecutor.java:123)
	at java.util.concurrent.ThreadPoolExecutor.runWorker(ThreadPoolExecutor.java:1149)
	at java.util.concurrent.ThreadPoolExecutor$Worker.run(ThreadPoolExecutor.java:624)
	at java.lang.Thread.run(Thread.java:748)

]]></system-err>
  </testcase>
</testsuite>