<?xml version="1.0" encoding="UTF-8"?>
<testsuite xmlns:xsi="http://www.w3.org/2001/XMLSchema-instance" xsi:noNamespaceSchemaLocation="https://maven.apache.org/surefire/maven-surefire-plugin/xsd/surefire-test-report.xsd" name="org.apache.hadoop.ozone.freon.TestFreonWithPipelineDestroy" time="52.162" tests="1" errors="1" skipped="0" failures="0">
  <properties>
    <property name="awt.toolkit" value="sun.awt.X11.XToolkit"/>
    <property name="file.encoding.pkg" value="sun.io"/>
    <property name="java.specification.version" value="1.8"/>
    <property name="sun.cpu.isalist" value=""/>
    <property name="sun.jnu.encoding" value="ANSI_X3.4-1968"/>
    <property name="java.class.path" value="/workdir/hadoop-ozone/tools/target/test-classes:/workdir/hadoop-ozone/tools/target/classes:/home/user/.m2/repository/org/apache/hadoop/hadoop-ozone-ozone-manager/0.5.0-SNAPSHOT/hadoop-ozone-ozone-manager-0.5.0-SNAPSHOT.jar:/home/user/.m2/repository/org/apache/hadoop/hadoop-hdds-docs/0.5.0-SNAPSHOT/hadoop-hdds-docs-0.5.0-SNAPSHOT.jar:/home/user/.m2/repository/org/bouncycastle/bcprov-jdk15on/1.60/bcprov-jdk15on-1.60.jar:/home/user/.m2/repository/org/apache/hadoop/hadoop-ozone-common/0.5.0-SNAPSHOT/hadoop-ozone-common-0.5.0-SNAPSHOT.jar:/home/user/.m2/repository/org/apache/commons/commons-compress/1.4.1/commons-compress-1.4.1.jar:/home/user/.m2/repository/org/tukaani/xz/1.0/xz-1.0.jar:/home/user/.m2/repository/org/apache/hadoop/hadoop-hdfs-client/3.2.0/hadoop-hdfs-client-3.2.0.jar:/home/user/.m2/repository/com/fasterxml/jackson/core/jackson-annotations/2.9.9/jackson-annotations-2.9.9.jar:/home/user/.m2/repository/org/apache/hadoop/hadoop-hdds-common/0.5.0-SNAPSHOT/hadoop-hdds-common-0.5.0-SNAPSHOT.jar:/home/user/.m2/repository/org/apache/hadoop/hadoop-hdds-config/0.5.0-SNAPSHOT/hadoop-hdds-config-0.5.0-SNAPSHOT.jar:/home/user/.m2/repository/javax/annotation/javax.annotation-api/1.2/javax.annotation-api-1.2.jar:/home/user/.m2/repository/org/apache/ratis/ratis-server/0.5.0-d6d58d0-SNAPSHOT/ratis-server-0.5.0-d6d58d0-SNAPSHOT.jar:/home/user/.m2/repository/org/apache/ratis/ratis-thirdparty-misc/0.2.0/ratis-thirdparty-misc-0.2.0.jar:/home/user/.m2/repository/org/apache/ratis/ratis-proto/0.5.0-d6d58d0-SNAPSHOT/ratis-proto-0.5.0-d6d58d0-SNAPSHOT.jar:/home/user/.m2/repository/org/apache/ratis/ratis-common/0.5.0-d6d58d0-SNAPSHOT/ratis-common-0.5.0-d6d58d0-SNAPSHOT.jar:/home/user/.m2/repository/org/apache/ratis/ratis-client/0.5.0-d6d58d0-SNAPSHOT/ratis-client-0.5.0-d6d58d0-SNAPSHOT.jar:/home/user/.m2/repository/org/apache/ratis/ratis-metrics/0.5.0-d6d58d0-SNAPSHOT/ratis-metrics-0.5.0-d6d58d0-SNAPSHOT.jar:/home/user/.m2/repository/org/apache/ratis/ratis-netty/0.5.0-d6d58d0-SNAPSHOT/ratis-netty-0.5.0-d6d58d0-SNAPSHOT.jar:/home/user/.m2/repository/org/apache/ratis/ratis-grpc/0.5.0-d6d58d0-SNAPSHOT/ratis-grpc-0.5.0-d6d58d0-SNAPSHOT.jar:/home/user/.m2/repository/org/rocksdb/rocksdbjni/6.0.1/rocksdbjni-6.0.1.jar:/home/user/.m2/repository/org/apache/logging/log4j/log4j-api/2.11.0/log4j-api-2.11.0.jar:/home/user/.m2/repository/org/apache/logging/log4j/log4j-core/2.11.0/log4j-core-2.11.0.jar:/home/user/.m2/repository/com/lmax/disruptor/3.4.2/disruptor-3.4.2.jar:/home/user/.m2/repository/org/apache/commons/commons-pool2/2.6.0/commons-pool2-2.6.0.jar:/home/user/.m2/repository/org/bouncycastle/bcpkix-jdk15on/1.60/bcpkix-jdk15on-1.60.jar:/home/user/.m2/repository/commons-validator/commons-validator/1.6/commons-validator-1.6.jar:/home/user/.m2/repository/commons-digester/commons-digester/1.8.1/commons-digester-1.8.1.jar:/home/user/.m2/repository/io/jaegertracing/jaeger-client/0.34.0/jaeger-client-0.34.0.jar:/home/user/.m2/repository/io/jaegertracing/jaeger-thrift/0.34.0/jaeger-thrift-0.34.0.jar:/home/user/.m2/repository/org/apache/thrift/libthrift/0.12.0/libthrift-0.12.0.jar:/home/user/.m2/repository/com/squareup/okhttp3/okhttp/3.9.0/okhttp-3.9.0.jar:/home/user/.m2/repository/com/squareup/okio/okio/1.13.0/okio-1.13.0.jar:/home/user/.m2/repository/io/jaegertracing/jaeger-core/0.34.0/jaeger-core-0.34.0.jar:/home/user/.m2/repository/io/jaegertracing/jaeger-tracerresolver/0.34.0/jaeger-tracerresolver-0.34.0.jar:/home/user/.m2/repository/io/opentracing/contrib/opentracing-tracerresolver/0.1.5/opentracing-tracerresolver-0.1.5.jar:/home/user/.m2/repository/io/opentracing/opentracing-util/0.31.0/opentracing-util-0.31.0.jar:/home/user/.m2/repository/io/opentracing/opentracing-api/0.31.0/opentracing-api-0.31.0.jar:/home/user/.m2/repository/io/opentracing/opentracing-noop/0.31.0/opentracing-noop-0.31.0.jar:/home/user/.m2/repository/org/yaml/snakeyaml/1.16/snakeyaml-1.16.jar:/home/user/.m2/repository/org/apache/hadoop/hadoop-hdds-container-service/0.5.0-SNAPSHOT/hadoop-hdds-container-service-0.5.0-SNAPSHOT.jar:/home/user/.m2/repository/org/apache/hadoop/hadoop-hdds-client/0.5.0-SNAPSHOT/hadoop-hdds-client-0.5.0-SNAPSHOT.jar:/home/user/.m2/repository/org/apache/hadoop/hadoop-hdds-tools/0.5.0-SNAPSHOT/hadoop-hdds-tools-0.5.0-SNAPSHOT.jar:/home/user/.m2/repository/org/xerial/sqlite-jdbc/3.25.2/sqlite-jdbc-3.25.2.jar:/home/user/.m2/repository/org/apache/hadoop/hadoop-hdds-server-scm/0.5.0-SNAPSHOT/hadoop-hdds-server-scm-0.5.0-SNAPSHOT.jar:/home/user/.m2/repository/org/hamcrest/hamcrest-all/1.3/hamcrest-all-1.3.jar:/home/user/.m2/repository/info/picocli/picocli/3.9.6/picocli-3.9.6.jar:/home/user/.m2/repository/com/google/protobuf/protobuf-java/2.5.0/protobuf-java-2.5.0.jar:/home/user/.m2/repository/com/google/guava/guava/11.0.2/guava-11.0.2.jar:/home/user/.m2/repository/org/apache/hadoop/hadoop-ozone-client/0.5.0-SNAPSHOT/hadoop-ozone-client-0.5.0-SNAPSHOT.jar:/workdir/hadoop-ozone/ozonefs/target/classes:/home/user/.m2/repository/org/apache/httpcomponents/httpclient/4.5.2/httpclient-4.5.2.jar:/home/user/.m2/repository/org/apache/httpcomponents/httpcore/4.4.4/httpcore-4.4.4.jar:/home/user/.m2/repository/org/apache/hadoop/hadoop-hdds-server-framework/0.5.0-SNAPSHOT/hadoop-hdds-server-framework-0.5.0-SNAPSHOT.jar:/home/user/.m2/repository/org/apache/hadoop/hadoop-common/3.2.0/hadoop-common-3.2.0.jar:/home/user/.m2/repository/org/apache/hadoop/hadoop-annotations/3.2.0/hadoop-annotations-3.2.0.jar:/usr/lib/jvm/java-1.8.0-openjdk-1.8.0.222.b10-1.el7_7.x86_64/jre/../lib/tools.jar:/home/user/.m2/repository/commons-cli/commons-cli/1.2/commons-cli-1.2.jar:/home/user/.m2/repository/org/apache/commons/commons-math3/3.1.1/commons-math3-3.1.1.jar:/home/user/.m2/repository/commons-codec/commons-codec/1.11/commons-codec-1.11.jar:/home/user/.m2/repository/commons-io/commons-io/2.5/commons-io-2.5.jar:/home/user/.m2/repository/commons-net/commons-net/3.6/commons-net-3.6.jar:/home/user/.m2/repository/commons-collections/commons-collections/3.2.2/commons-collections-3.2.2.jar:/home/user/.m2/repository/javax/servlet/javax.servlet-api/3.1.0/javax.servlet-api-3.1.0.jar:/home/user/.m2/repository/org/eclipse/jetty/jetty-server/9.3.25.v20180904/jetty-server-9.3.25.v20180904.jar:/home/user/.m2/repository/org/eclipse/jetty/jetty-http/9.3.25.v20180904/jetty-http-9.3.25.v20180904.jar:/home/user/.m2/repository/org/eclipse/jetty/jetty-io/9.3.25.v20180904/jetty-io-9.3.25.v20180904.jar:/home/user/.m2/repository/org/eclipse/jetty/jetty-util/9.3.25.v20180904/jetty-util-9.3.25.v20180904.jar:/home/user/.m2/repository/org/eclipse/jetty/jetty-servlet/9.3.25.v20180904/jetty-servlet-9.3.25.v20180904.jar:/home/user/.m2/repository/org/eclipse/jetty/jetty-security/9.3.25.v20180904/jetty-security-9.3.25.v20180904.jar:/home/user/.m2/repository/org/eclipse/jetty/jetty-webapp/9.3.25.v20180904/jetty-webapp-9.3.25.v20180904.jar:/home/user/.m2/repository/org/eclipse/jetty/jetty-xml/9.3.25.v20180904/jetty-xml-9.3.25.v20180904.jar:/home/user/.m2/repository/javax/servlet/jsp/jsp-api/2.1/jsp-api-2.1.jar:/home/user/.m2/repository/com/sun/jersey/jersey-core/1.19/jersey-core-1.19.jar:/home/user/.m2/repository/javax/ws/rs/jsr311-api/1.1.1/jsr311-api-1.1.1.jar:/home/user/.m2/repository/com/sun/jersey/jersey-servlet/1.19/jersey-servlet-1.19.jar:/home/user/.m2/repository/com/sun/jersey/jersey-json/1.19/jersey-json-1.19.jar:/home/user/.m2/repository/org/codehaus/jettison/jettison/1.1/jettison-1.1.jar:/home/user/.m2/repository/com/sun/xml/bind/jaxb-impl/2.3.0.1/jaxb-impl-2.3.0.1.jar:/home/user/.m2/repository/org/codehaus/jackson/jackson-core-asl/1.9.13/jackson-core-asl-1.9.13.jar:/home/user/.m2/repository/org/codehaus/jackson/jackson-mapper-asl/1.9.13/jackson-mapper-asl-1.9.13.jar:/home/user/.m2/repository/org/codehaus/jackson/jackson-jaxrs/1.9.13/jackson-jaxrs-1.9.13.jar:/home/user/.m2/repository/org/codehaus/jackson/jackson-xc/1.9.13/jackson-xc-1.9.13.jar:/home/user/.m2/repository/com/sun/jersey/jersey-server/1.19/jersey-server-1.19.jar:/home/user/.m2/repository/commons-logging/commons-logging/1.1.3/commons-logging-1.1.3.jar:/home/user/.m2/repository/log4j/log4j/1.2.17/log4j-1.2.17.jar:/home/user/.m2/repository/commons-beanutils/commons-beanutils/1.9.4/commons-beanutils-1.9.4.jar:/home/user/.m2/repository/org/apache/commons/commons-configuration2/2.1.1/commons-configuration2-2.1.1.jar:/home/user/.m2/repository/org/apache/commons/commons-lang3/3.7/commons-lang3-3.7.jar:/home/user/.m2/repository/org/apache/commons/commons-text/1.4/commons-text-1.4.jar:/home/user/.m2/repository/org/slf4j/slf4j-api/1.7.25/slf4j-api-1.7.25.jar:/home/user/.m2/repository/org/slf4j/slf4j-log4j12/1.7.25/slf4j-log4j12-1.7.25.jar:/home/user/.m2/repository/org/apache/avro/avro/1.7.7/avro-1.7.7.jar:/home/user/.m2/repository/com/thoughtworks/paranamer/paranamer/2.3/paranamer-2.3.jar:/home/user/.m2/repository/org/xerial/snappy/snappy-java/1.0.5/snappy-java-1.0.5.jar:/home/user/.m2/repository/com/google/re2j/re2j/1.1/re2j-1.1.jar:/home/user/.m2/repository/com/google/code/gson/gson/2.2.4/gson-2.2.4.jar:/home/user/.m2/repository/org/apache/hadoop/hadoop-auth/3.2.0/hadoop-auth-3.2.0.jar:/home/user/.m2/repository/com/nimbusds/nimbus-jose-jwt/4.41.1/nimbus-jose-jwt-4.41.1.jar:/home/user/.m2/repository/com/github/stephenc/jcip/jcip-annotations/1.0-1/jcip-annotations-1.0-1.jar:/home/user/.m2/repository/net/minidev/json-smart/2.3/json-smart-2.3.jar:/home/user/.m2/repository/net/minidev/accessors-smart/1.2/accessors-smart-1.2.jar:/home/user/.m2/repository/org/apache/curator/curator-framework/2.12.0/curator-framework-2.12.0.jar:/home/user/.m2/repository/com/jcraft/jsch/0.1.54/jsch-0.1.54.jar:/home/user/.m2/repository/org/apache/curator/curator-client/2.12.0/curator-client-2.12.0.jar:/home/user/.m2/repository/org/apache/curator/curator-recipes/2.12.0/curator-recipes-2.12.0.jar:/home/user/.m2/repository/com/google/code/findbugs/jsr305/3.0.0/jsr305-3.0.0.jar:/home/user/.m2/repository/org/apache/htrace/htrace-core4/4.1.0-incubating/htrace-core4-4.1.0-incubating.jar:/home/user/.m2/repository/org/apache/zookeeper/zookeeper/3.4.13/zookeeper-3.4.13.jar:/home/user/.m2/repository/jline/jline/0.9.94/jline-0.9.94.jar:/home/user/.m2/repository/org/apache/yetus/audience-annotations/0.5.0/audience-annotations-0.5.0.jar:/home/user/.m2/repository/org/apache/kerby/kerb-simplekdc/1.0.1/kerb-simplekdc-1.0.1.jar:/home/user/.m2/repository/org/apache/kerby/kerb-client/1.0.1/kerb-client-1.0.1.jar:/home/user/.m2/repository/org/apache/kerby/kerby-config/1.0.1/kerby-config-1.0.1.jar:/home/user/.m2/repository/org/apache/kerby/kerb-core/1.0.1/kerb-core-1.0.1.jar:/home/user/.m2/repository/org/apache/kerby/kerby-pkix/1.0.1/kerby-pkix-1.0.1.jar:/home/user/.m2/repository/org/apache/kerby/kerby-asn1/1.0.1/kerby-asn1-1.0.1.jar:/home/user/.m2/repository/org/apache/kerby/kerby-util/1.0.1/kerby-util-1.0.1.jar:/home/user/.m2/repository/org/apache/kerby/kerb-common/1.0.1/kerb-common-1.0.1.jar:/home/user/.m2/repository/org/apache/kerby/kerb-crypto/1.0.1/kerb-crypto-1.0.1.jar:/home/user/.m2/repository/org/apache/kerby/kerb-util/1.0.1/kerb-util-1.0.1.jar:/home/user/.m2/repository/org/apache/kerby/token-provider/1.0.1/token-provider-1.0.1.jar:/home/user/.m2/repository/org/apache/kerby/kerb-admin/1.0.1/kerb-admin-1.0.1.jar:/home/user/.m2/repository/org/apache/kerby/kerb-server/1.0.1/kerb-server-1.0.1.jar:/home/user/.m2/repository/org/apache/kerby/kerb-identity/1.0.1/kerb-identity-1.0.1.jar:/home/user/.m2/repository/org/apache/kerby/kerby-xdr/1.0.1/kerby-xdr-1.0.1.jar:/home/user/.m2/repository/com/fasterxml/jackson/core/jackson-databind/2.9.9/jackson-databind-2.9.9.jar:/home/user/.m2/repository/com/fasterxml/jackson/core/jackson-core/2.9.9/jackson-core-2.9.9.jar:/home/user/.m2/repository/org/codehaus/woodstox/stax2-api/3.1.4/stax2-api-3.1.4.jar:/home/user/.m2/repository/com/fasterxml/woodstox/woodstox-core/5.0.3/woodstox-core-5.0.3.jar:/home/user/.m2/repository/dnsjava/dnsjava/2.1.7/dnsjava-2.1.7.jar:/home/user/.m2/repository/org/apache/hadoop/hadoop-hdfs/3.2.0/hadoop-hdfs-3.2.0.jar:/home/user/.m2/repository/org/eclipse/jetty/jetty-util-ajax/9.3.25.v20180904/jetty-util-ajax-9.3.25.v20180904.jar:/home/user/.m2/repository/commons-daemon/commons-daemon/1.0.13/commons-daemon-1.0.13.jar:/home/user/.m2/repository/io/netty/netty/3.10.5.Final/netty-3.10.5.Final.jar:/home/user/.m2/repository/io/netty/netty-all/4.0.52.Final/netty-all-4.0.52.Final.jar:/home/user/.m2/repository/org/fusesource/leveldbjni/leveldbjni-all/1.8/leveldbjni-all-1.8.jar:/home/user/.m2/repository/com/sun/xml/bind/jaxb-core/2.3.0.1/jaxb-core-2.3.0.1.jar:/home/user/.m2/repository/javax/xml/bind/jaxb-api/2.3.0/jaxb-api-2.3.0.jar:/home/user/.m2/repository/javax/activation/activation/1.1.1/activation-1.1.1.jar:/home/user/.m2/repository/org/openjdk/jmh/jmh-core/1.19/jmh-core-1.19.jar:/home/user/.m2/repository/net/sf/jopt-simple/jopt-simple/4.6/jopt-simple-4.6.jar:/home/user/.m2/repository/org/openjdk/jmh/jmh-generator-annprocess/1.19/jmh-generator-annprocess-1.19.jar:/home/user/.m2/repository/io/dropwizard/metrics/metrics-core/3.2.4/metrics-core-3.2.4.jar:/home/user/.m2/repository/com/amazonaws/aws-java-sdk-s3/1.11.615/aws-java-sdk-s3-1.11.615.jar:/home/user/.m2/repository/com/amazonaws/aws-java-sdk-kms/1.11.615/aws-java-sdk-kms-1.11.615.jar:/home/user/.m2/repository/com/amazonaws/aws-java-sdk-core/1.11.615/aws-java-sdk-core-1.11.615.jar:/home/user/.m2/repository/software/amazon/ion/ion-java/1.0.2/ion-java-1.0.2.jar:/home/user/.m2/repository/com/fasterxml/jackson/dataformat/jackson-dataformat-cbor/2.9.9/jackson-dataformat-cbor-2.9.9.jar:/home/user/.m2/repository/joda-time/joda-time/2.9.9/joda-time-2.9.9.jar:/home/user/.m2/repository/com/amazonaws/jmespath-java/1.11.615/jmespath-java-1.11.615.jar:/home/user/.m2/repository/com/github/spotbugs/spotbugs/3.1.12/spotbugs-3.1.12.jar:/home/user/.m2/repository/org/ow2/asm/asm/5.0.4/asm-5.0.4.jar:/home/user/.m2/repository/org/ow2/asm/asm-analysis/7.0/asm-analysis-7.0.jar:/home/user/.m2/repository/org/ow2/asm/asm-commons/7.0/asm-commons-7.0.jar:/home/user/.m2/repository/org/ow2/asm/asm-tree/7.0/asm-tree-7.0.jar:/home/user/.m2/repository/org/ow2/asm/asm-util/7.0/asm-util-7.0.jar:/home/user/.m2/repository/org/apache/bcel/bcel/6.3/bcel-6.3.jar:/home/user/.m2/repository/net/jcip/jcip-annotations/1.0/jcip-annotations-1.0.jar:/home/user/.m2/repository/org/dom4j/dom4j/2.1.1/dom4j-2.1.1.jar:/home/user/.m2/repository/jaxen/jaxen/1.1.6/jaxen-1.1.6.jar:/home/user/.m2/repository/commons-lang/commons-lang/2.6/commons-lang-2.6.jar:/home/user/.m2/repository/com/github/spotbugs/spotbugs-annotations/3.1.12/spotbugs-annotations-3.1.12.jar:/home/user/.m2/repository/junit/junit/4.11/junit-4.11.jar:/home/user/.m2/repository/org/hamcrest/hamcrest-core/1.3/hamcrest-core-1.3.jar:/home/user/.m2/repository/org/apache/hadoop/hadoop-common/3.2.0/hadoop-common-3.2.0-tests.jar:/workdir/hadoop-ozone/integration-test/target/test-classes:/home/user/.m2/repository/org/apache/hadoop/hadoop-ozone-s3gateway/0.5.0-SNAPSHOT/hadoop-ozone-s3gateway-0.5.0-SNAPSHOT.jar:/home/user/.m2/repository/org/jboss/weld/servlet/weld-servlet/2.4.7.Final/weld-servlet-2.4.7.Final.jar:/home/user/.m2/repository/org/glassfish/jersey/containers/jersey-container-servlet-core/2.27/jersey-container-servlet-core-2.27.jar:/home/user/.m2/repository/org/glassfish/hk2/external/javax.inject/2.5.0-b42/javax.inject-2.5.0-b42.jar:/home/user/.m2/repository/org/glassfish/jersey/core/jersey-common/2.27/jersey-common-2.27.jar:/home/user/.m2/repository/org/glassfish/hk2/osgi-resource-locator/1.0.1/osgi-resource-locator-1.0.1.jar:/home/user/.m2/repository/javax/ws/rs/javax.ws.rs-api/2.1/javax.ws.rs-api-2.1.jar:/home/user/.m2/repository/org/glassfish/jersey/ext/cdi/jersey-cdi1x/2.27/jersey-cdi1x-2.27.jar:/home/user/.m2/repository/org/glassfish/jersey/inject/jersey-hk2/2.27/jersey-hk2-2.27.jar:/home/user/.m2/repository/org/glassfish/hk2/hk2-locator/2.5.0-b42/hk2-locator-2.5.0-b42.jar:/home/user/.m2/repository/org/javassist/javassist/3.22.0-CR2/javassist-3.22.0-CR2.jar:/home/user/.m2/repository/org/glassfish/hk2/hk2-api/2.5.0/hk2-api-2.5.0.jar:/home/user/.m2/repository/org/glassfish/hk2/external/jakarta.inject/2.5.0/jakarta.inject-2.5.0.jar:/home/user/.m2/repository/org/glassfish/hk2/hk2-utils/2.5.0/hk2-utils-2.5.0.jar:/home/user/.m2/repository/jakarta/annotation/jakarta.annotation-api/1.3.4/jakarta.annotation-api-1.3.4.jar:/home/user/.m2/repository/org/glassfish/hk2/external/aopalliance-repackaged/2.5.0/aopalliance-repackaged-2.5.0.jar:/home/user/.m2/repository/com/fasterxml/jackson/dataformat/jackson-dataformat-xml/2.9.0/jackson-dataformat-xml-2.9.0.jar:/home/user/.m2/repository/com/fasterxml/jackson/module/jackson-module-jaxb-annotations/2.9.9/jackson-module-jaxb-annotations-2.9.9.jar:/home/user/.m2/repository/javax/enterprise/cdi-api/1.2/cdi-api-1.2.jar:/home/user/.m2/repository/javax/el/javax.el-api/3.0.0/javax.el-api-3.0.0.jar:/home/user/.m2/repository/javax/interceptor/javax.interceptor-api/1.2/javax.interceptor-api-1.2.jar:/home/user/.m2/repository/javax/inject/javax.inject/1/javax.inject-1.jar:/home/user/.m2/repository/org/apache/hadoop/hadoop-ozone-csi/0.5.0-SNAPSHOT/hadoop-ozone-csi-0.5.0-SNAPSHOT.jar:/home/user/.m2/repository/com/google/protobuf/protobuf-java-util/3.5.1/protobuf-java-util-3.5.1.jar:/home/user/.m2/repository/io/grpc/grpc-netty/1.17.1/grpc-netty-1.17.1.jar:/home/user/.m2/repository/io/grpc/grpc-core/1.17.1/grpc-core-1.17.1.jar:/home/user/.m2/repository/io/grpc/grpc-context/1.17.1/grpc-context-1.17.1.jar:/home/user/.m2/repository/com/google/errorprone/error_prone_annotations/2.2.0/error_prone_annotations-2.2.0.jar:/home/user/.m2/repository/org/codehaus/mojo/animal-sniffer-annotations/1.17/animal-sniffer-annotations-1.17.jar:/home/user/.m2/repository/io/opencensus/opencensus-api/0.17.0/opencensus-api-0.17.0.jar:/home/user/.m2/repository/io/opencensus/opencensus-contrib-grpc-metrics/0.17.0/opencensus-contrib-grpc-metrics-0.17.0.jar:/home/user/.m2/repository/io/netty/netty-codec-http2/4.1.30.Final/netty-codec-http2-4.1.30.Final.jar:/home/user/.m2/repository/io/netty/netty-codec-http/4.1.30.Final/netty-codec-http-4.1.30.Final.jar:/home/user/.m2/repository/io/netty/netty-codec/4.1.30.Final/netty-codec-4.1.30.Final.jar:/home/user/.m2/repository/io/netty/netty-handler/4.1.30.Final/netty-handler-4.1.30.Final.jar:/home/user/.m2/repository/io/netty/netty-handler-proxy/4.1.30.Final/netty-handler-proxy-4.1.30.Final.jar:/home/user/.m2/repository/io/netty/netty-codec-socks/4.1.30.Final/netty-codec-socks-4.1.30.Final.jar:/home/user/.m2/repository/io/netty/netty-transport-native-epoll/4.1.30.Final/netty-transport-native-epoll-4.1.30.Final.jar:/home/user/.m2/repository/io/netty/netty-common/4.1.30.Final/netty-common-4.1.30.Final.jar:/home/user/.m2/repository/io/netty/netty-buffer/4.1.30.Final/netty-buffer-4.1.30.Final.jar:/home/user/.m2/repository/io/netty/netty-transport/4.1.30.Final/netty-transport-4.1.30.Final.jar:/home/user/.m2/repository/io/netty/netty-resolver/4.1.30.Final/netty-resolver-4.1.30.Final.jar:/home/user/.m2/repository/io/netty/netty-transport-native-unix-common/4.1.30.Final/netty-transport-native-unix-common-4.1.30.Final.jar:/home/user/.m2/repository/io/grpc/grpc-protobuf/1.17.1/grpc-protobuf-1.17.1.jar:/home/user/.m2/repository/com/google/api/grpc/proto-google-common-protos/1.0.0/proto-google-common-protos-1.0.0.jar:/home/user/.m2/repository/io/grpc/grpc-protobuf-lite/1.17.1/grpc-protobuf-lite-1.17.1.jar:/home/user/.m2/repository/io/grpc/grpc-stub/1.17.1/grpc-stub-1.17.1.jar:/home/user/.m2/repository/org/apache/hadoop/hadoop-ozone-recon/0.5.0-SNAPSHOT/hadoop-ozone-recon-0.5.0-SNAPSHOT.jar:/home/user/.m2/repository/org/apache/hadoop/hadoop-ozone-reconcodegen/0.5.0-SNAPSHOT/hadoop-ozone-reconcodegen-0.5.0-SNAPSHOT.jar:/home/user/.m2/repository/com/google/inject/extensions/guice-multibindings/4.0/guice-multibindings-4.0.jar:/home/user/.m2/repository/com/google/inject/guice/4.0/guice-4.0.jar:/home/user/.m2/repository/aopalliance/aopalliance/1.0/aopalliance-1.0.jar:/home/user/.m2/repository/com/google/inject/extensions/guice-servlet/4.0/guice-servlet-4.0.jar:/home/user/.m2/repository/org/glassfish/jersey/containers/jersey-container-servlet/2.27/jersey-container-servlet-2.27.jar:/home/user/.m2/repository/org/glassfish/hk2/guice-bridge/2.5.0/guice-bridge-2.5.0.jar:/home/user/.m2/repository/org/glassfish/jersey/core/jersey-server/2.27/jersey-server-2.27.jar:/home/user/.m2/repository/org/glassfish/jersey/core/jersey-client/2.27/jersey-client-2.27.jar:/home/user/.m2/repository/org/glassfish/jersey/media/jersey-media-jaxb/2.27/jersey-media-jaxb-2.27.jar:/home/user/.m2/repository/javax/validation/validation-api/1.1.0.Final/validation-api-1.1.0.Final.jar:/home/user/.m2/repository/org/glassfish/jersey/media/jersey-media-json-jackson/2.27/jersey-media-json-jackson-2.27.jar:/home/user/.m2/repository/org/glassfish/jersey/ext/jersey-entity-filtering/2.27/jersey-entity-filtering-2.27.jar:/home/user/.m2/repository/com/google/inject/extensions/guice-assistedinject/4.0/guice-assistedinject-4.0.jar:/home/user/.m2/repository/org/jooq/jooq/3.11.10/jooq-3.11.10.jar:/home/user/.m2/repository/org/jooq/jooq-meta/3.11.10/jooq-meta-3.11.10.jar:/home/user/.m2/repository/org/jooq/jooq-codegen/3.11.10/jooq-codegen-3.11.10.jar:/home/user/.m2/repository/com/jolbox/bonecp/0.8.0.RELEASE/bonecp-0.8.0.RELEASE.jar:/home/user/.m2/repository/org/springframework/spring-jdbc/5.1.3.RELEASE/spring-jdbc-5.1.3.RELEASE.jar:/home/user/.m2/repository/org/springframework/spring-beans/5.1.3.RELEASE/spring-beans-5.1.3.RELEASE.jar:/home/user/.m2/repository/org/springframework/spring-core/5.1.3.RELEASE/spring-core-5.1.3.RELEASE.jar:/home/user/.m2/repository/org/springframework/spring-jcl/5.1.3.RELEASE/spring-jcl-5.1.3.RELEASE.jar:/home/user/.m2/repository/org/springframework/spring-tx/5.1.3.RELEASE/spring-tx-5.1.3.RELEASE.jar:/home/user/.m2/repository/org/mockito/mockito-core/2.15.0/mockito-core-2.15.0.jar:/home/user/.m2/repository/net/bytebuddy/byte-buddy/1.7.9/byte-buddy-1.7.9.jar:/home/user/.m2/repository/net/bytebuddy/byte-buddy-agent/1.7.9/byte-buddy-agent-1.7.9.jar:/home/user/.m2/repository/org/objenesis/objenesis/1.0/objenesis-1.0.jar:"/>
    <property name="java.vm.vendor" value="Oracle Corporation"/>
    <property name="sun.arch.data.model" value="64"/>
    <property name="test.build.dir" value="/workdir/hadoop-ozone/tools/target/test-dir"/>
    <property name="test.cache.data" value=""/>
    <property name="java.vendor.url" value="http://java.oracle.com/"/>
    <property name="user.timezone" value=""/>
    <property name="java.vm.specification.version" value="1.8"/>
    <property name="os.name" value="Linux"/>
    <property name="test.build.data" value="/workdir/hadoop-ozone/tools/target/test-dir"/>
    <property name="user.country" value="US"/>
    <property name="sun.java.launcher" value="SUN_STANDARD"/>
    <property name="sun.boot.library.path" value="/usr/lib/jvm/java-1.8.0-openjdk-1.8.0.222.b10-1.el7_7.x86_64/jre/lib/amd64"/>
    <property name="sun.java.command" value="/workdir/hadoop-ozone/tools/target/surefire/surefirebooter4841670596116789420.jar /workdir/hadoop-ozone/tools/target/surefire 2019-11-14T11-46-56_598-jvmRun1 surefire2985475390822052527tmp surefire_993481643119520265166tmp"/>
    <property name="surefire.test.class.path" value="/workdir/hadoop-ozone/tools/target/test-classes:/workdir/hadoop-ozone/tools/target/classes:/home/user/.m2/repository/org/apache/hadoop/hadoop-ozone-ozone-manager/0.5.0-SNAPSHOT/hadoop-ozone-ozone-manager-0.5.0-SNAPSHOT.jar:/home/user/.m2/repository/org/apache/hadoop/hadoop-hdds-docs/0.5.0-SNAPSHOT/hadoop-hdds-docs-0.5.0-SNAPSHOT.jar:/home/user/.m2/repository/org/bouncycastle/bcprov-jdk15on/1.60/bcprov-jdk15on-1.60.jar:/home/user/.m2/repository/org/apache/hadoop/hadoop-ozone-common/0.5.0-SNAPSHOT/hadoop-ozone-common-0.5.0-SNAPSHOT.jar:/home/user/.m2/repository/org/apache/commons/commons-compress/1.4.1/commons-compress-1.4.1.jar:/home/user/.m2/repository/org/tukaani/xz/1.0/xz-1.0.jar:/home/user/.m2/repository/org/apache/hadoop/hadoop-hdfs-client/3.2.0/hadoop-hdfs-client-3.2.0.jar:/home/user/.m2/repository/com/fasterxml/jackson/core/jackson-annotations/2.9.9/jackson-annotations-2.9.9.jar:/home/user/.m2/repository/org/apache/hadoop/hadoop-hdds-common/0.5.0-SNAPSHOT/hadoop-hdds-common-0.5.0-SNAPSHOT.jar:/home/user/.m2/repository/org/apache/hadoop/hadoop-hdds-config/0.5.0-SNAPSHOT/hadoop-hdds-config-0.5.0-SNAPSHOT.jar:/home/user/.m2/repository/javax/annotation/javax.annotation-api/1.2/javax.annotation-api-1.2.jar:/home/user/.m2/repository/org/apache/ratis/ratis-server/0.5.0-d6d58d0-SNAPSHOT/ratis-server-0.5.0-d6d58d0-SNAPSHOT.jar:/home/user/.m2/repository/org/apache/ratis/ratis-thirdparty-misc/0.2.0/ratis-thirdparty-misc-0.2.0.jar:/home/user/.m2/repository/org/apache/ratis/ratis-proto/0.5.0-d6d58d0-SNAPSHOT/ratis-proto-0.5.0-d6d58d0-SNAPSHOT.jar:/home/user/.m2/repository/org/apache/ratis/ratis-common/0.5.0-d6d58d0-SNAPSHOT/ratis-common-0.5.0-d6d58d0-SNAPSHOT.jar:/home/user/.m2/repository/org/apache/ratis/ratis-client/0.5.0-d6d58d0-SNAPSHOT/ratis-client-0.5.0-d6d58d0-SNAPSHOT.jar:/home/user/.m2/repository/org/apache/ratis/ratis-metrics/0.5.0-d6d58d0-SNAPSHOT/ratis-metrics-0.5.0-d6d58d0-SNAPSHOT.jar:/home/user/.m2/repository/org/apache/ratis/ratis-netty/0.5.0-d6d58d0-SNAPSHOT/ratis-netty-0.5.0-d6d58d0-SNAPSHOT.jar:/home/user/.m2/repository/org/apache/ratis/ratis-grpc/0.5.0-d6d58d0-SNAPSHOT/ratis-grpc-0.5.0-d6d58d0-SNAPSHOT.jar:/home/user/.m2/repository/org/rocksdb/rocksdbjni/6.0.1/rocksdbjni-6.0.1.jar:/home/user/.m2/repository/org/apache/logging/log4j/log4j-api/2.11.0/log4j-api-2.11.0.jar:/home/user/.m2/repository/org/apache/logging/log4j/log4j-core/2.11.0/log4j-core-2.11.0.jar:/home/user/.m2/repository/com/lmax/disruptor/3.4.2/disruptor-3.4.2.jar:/home/user/.m2/repository/org/apache/commons/commons-pool2/2.6.0/commons-pool2-2.6.0.jar:/home/user/.m2/repository/org/bouncycastle/bcpkix-jdk15on/1.60/bcpkix-jdk15on-1.60.jar:/home/user/.m2/repository/commons-validator/commons-validator/1.6/commons-validator-1.6.jar:/home/user/.m2/repository/commons-digester/commons-digester/1.8.1/commons-digester-1.8.1.jar:/home/user/.m2/repository/io/jaegertracing/jaeger-client/0.34.0/jaeger-client-0.34.0.jar:/home/user/.m2/repository/io/jaegertracing/jaeger-thrift/0.34.0/jaeger-thrift-0.34.0.jar:/home/user/.m2/repository/org/apache/thrift/libthrift/0.12.0/libthrift-0.12.0.jar:/home/user/.m2/repository/com/squareup/okhttp3/okhttp/3.9.0/okhttp-3.9.0.jar:/home/user/.m2/repository/com/squareup/okio/okio/1.13.0/okio-1.13.0.jar:/home/user/.m2/repository/io/jaegertracing/jaeger-core/0.34.0/jaeger-core-0.34.0.jar:/home/user/.m2/repository/io/jaegertracing/jaeger-tracerresolver/0.34.0/jaeger-tracerresolver-0.34.0.jar:/home/user/.m2/repository/io/opentracing/contrib/opentracing-tracerresolver/0.1.5/opentracing-tracerresolver-0.1.5.jar:/home/user/.m2/repository/io/opentracing/opentracing-util/0.31.0/opentracing-util-0.31.0.jar:/home/user/.m2/repository/io/opentracing/opentracing-api/0.31.0/opentracing-api-0.31.0.jar:/home/user/.m2/repository/io/opentracing/opentracing-noop/0.31.0/opentracing-noop-0.31.0.jar:/home/user/.m2/repository/org/yaml/snakeyaml/1.16/snakeyaml-1.16.jar:/home/user/.m2/repository/org/apache/hadoop/hadoop-hdds-container-service/0.5.0-SNAPSHOT/hadoop-hdds-container-service-0.5.0-SNAPSHOT.jar:/home/user/.m2/repository/org/apache/hadoop/hadoop-hdds-client/0.5.0-SNAPSHOT/hadoop-hdds-client-0.5.0-SNAPSHOT.jar:/home/user/.m2/repository/org/apache/hadoop/hadoop-hdds-tools/0.5.0-SNAPSHOT/hadoop-hdds-tools-0.5.0-SNAPSHOT.jar:/home/user/.m2/repository/org/xerial/sqlite-jdbc/3.25.2/sqlite-jdbc-3.25.2.jar:/home/user/.m2/repository/org/apache/hadoop/hadoop-hdds-server-scm/0.5.0-SNAPSHOT/hadoop-hdds-server-scm-0.5.0-SNAPSHOT.jar:/home/user/.m2/repository/org/hamcrest/hamcrest-all/1.3/hamcrest-all-1.3.jar:/home/user/.m2/repository/info/picocli/picocli/3.9.6/picocli-3.9.6.jar:/home/user/.m2/repository/com/google/protobuf/protobuf-java/2.5.0/protobuf-java-2.5.0.jar:/home/user/.m2/repository/com/google/guava/guava/11.0.2/guava-11.0.2.jar:/home/user/.m2/repository/org/apache/hadoop/hadoop-ozone-client/0.5.0-SNAPSHOT/hadoop-ozone-client-0.5.0-SNAPSHOT.jar:/workdir/hadoop-ozone/ozonefs/target/classes:/home/user/.m2/repository/org/apache/httpcomponents/httpclient/4.5.2/httpclient-4.5.2.jar:/home/user/.m2/repository/org/apache/httpcomponents/httpcore/4.4.4/httpcore-4.4.4.jar:/home/user/.m2/repository/org/apache/hadoop/hadoop-hdds-server-framework/0.5.0-SNAPSHOT/hadoop-hdds-server-framework-0.5.0-SNAPSHOT.jar:/home/user/.m2/repository/org/apache/hadoop/hadoop-common/3.2.0/hadoop-common-3.2.0.jar:/home/user/.m2/repository/org/apache/hadoop/hadoop-annotations/3.2.0/hadoop-annotations-3.2.0.jar:/usr/lib/jvm/java-1.8.0-openjdk-1.8.0.222.b10-1.el7_7.x86_64/jre/../lib/tools.jar:/home/user/.m2/repository/commons-cli/commons-cli/1.2/commons-cli-1.2.jar:/home/user/.m2/repository/org/apache/commons/commons-math3/3.1.1/commons-math3-3.1.1.jar:/home/user/.m2/repository/commons-codec/commons-codec/1.11/commons-codec-1.11.jar:/home/user/.m2/repository/commons-io/commons-io/2.5/commons-io-2.5.jar:/home/user/.m2/repository/commons-net/commons-net/3.6/commons-net-3.6.jar:/home/user/.m2/repository/commons-collections/commons-collections/3.2.2/commons-collections-3.2.2.jar:/home/user/.m2/repository/javax/servlet/javax.servlet-api/3.1.0/javax.servlet-api-3.1.0.jar:/home/user/.m2/repository/org/eclipse/jetty/jetty-server/9.3.25.v20180904/jetty-server-9.3.25.v20180904.jar:/home/user/.m2/repository/org/eclipse/jetty/jetty-http/9.3.25.v20180904/jetty-http-9.3.25.v20180904.jar:/home/user/.m2/repository/org/eclipse/jetty/jetty-io/9.3.25.v20180904/jetty-io-9.3.25.v20180904.jar:/home/user/.m2/repository/org/eclipse/jetty/jetty-util/9.3.25.v20180904/jetty-util-9.3.25.v20180904.jar:/home/user/.m2/repository/org/eclipse/jetty/jetty-servlet/9.3.25.v20180904/jetty-servlet-9.3.25.v20180904.jar:/home/user/.m2/repository/org/eclipse/jetty/jetty-security/9.3.25.v20180904/jetty-security-9.3.25.v20180904.jar:/home/user/.m2/repository/org/eclipse/jetty/jetty-webapp/9.3.25.v20180904/jetty-webapp-9.3.25.v20180904.jar:/home/user/.m2/repository/org/eclipse/jetty/jetty-xml/9.3.25.v20180904/jetty-xml-9.3.25.v20180904.jar:/home/user/.m2/repository/javax/servlet/jsp/jsp-api/2.1/jsp-api-2.1.jar:/home/user/.m2/repository/com/sun/jersey/jersey-core/1.19/jersey-core-1.19.jar:/home/user/.m2/repository/javax/ws/rs/jsr311-api/1.1.1/jsr311-api-1.1.1.jar:/home/user/.m2/repository/com/sun/jersey/jersey-servlet/1.19/jersey-servlet-1.19.jar:/home/user/.m2/repository/com/sun/jersey/jersey-json/1.19/jersey-json-1.19.jar:/home/user/.m2/repository/org/codehaus/jettison/jettison/1.1/jettison-1.1.jar:/home/user/.m2/repository/com/sun/xml/bind/jaxb-impl/2.3.0.1/jaxb-impl-2.3.0.1.jar:/home/user/.m2/repository/org/codehaus/jackson/jackson-core-asl/1.9.13/jackson-core-asl-1.9.13.jar:/home/user/.m2/repository/org/codehaus/jackson/jackson-mapper-asl/1.9.13/jackson-mapper-asl-1.9.13.jar:/home/user/.m2/repository/org/codehaus/jackson/jackson-jaxrs/1.9.13/jackson-jaxrs-1.9.13.jar:/home/user/.m2/repository/org/codehaus/jackson/jackson-xc/1.9.13/jackson-xc-1.9.13.jar:/home/user/.m2/repository/com/sun/jersey/jersey-server/1.19/jersey-server-1.19.jar:/home/user/.m2/repository/commons-logging/commons-logging/1.1.3/commons-logging-1.1.3.jar:/home/user/.m2/repository/log4j/log4j/1.2.17/log4j-1.2.17.jar:/home/user/.m2/repository/commons-beanutils/commons-beanutils/1.9.4/commons-beanutils-1.9.4.jar:/home/user/.m2/repository/org/apache/commons/commons-configuration2/2.1.1/commons-configuration2-2.1.1.jar:/home/user/.m2/repository/org/apache/commons/commons-lang3/3.7/commons-lang3-3.7.jar:/home/user/.m2/repository/org/apache/commons/commons-text/1.4/commons-text-1.4.jar:/home/user/.m2/repository/org/slf4j/slf4j-api/1.7.25/slf4j-api-1.7.25.jar:/home/user/.m2/repository/org/slf4j/slf4j-log4j12/1.7.25/slf4j-log4j12-1.7.25.jar:/home/user/.m2/repository/org/apache/avro/avro/1.7.7/avro-1.7.7.jar:/home/user/.m2/repository/com/thoughtworks/paranamer/paranamer/2.3/paranamer-2.3.jar:/home/user/.m2/repository/org/xerial/snappy/snappy-java/1.0.5/snappy-java-1.0.5.jar:/home/user/.m2/repository/com/google/re2j/re2j/1.1/re2j-1.1.jar:/home/user/.m2/repository/com/google/code/gson/gson/2.2.4/gson-2.2.4.jar:/home/user/.m2/repository/org/apache/hadoop/hadoop-auth/3.2.0/hadoop-auth-3.2.0.jar:/home/user/.m2/repository/com/nimbusds/nimbus-jose-jwt/4.41.1/nimbus-jose-jwt-4.41.1.jar:/home/user/.m2/repository/com/github/stephenc/jcip/jcip-annotations/1.0-1/jcip-annotations-1.0-1.jar:/home/user/.m2/repository/net/minidev/json-smart/2.3/json-smart-2.3.jar:/home/user/.m2/repository/net/minidev/accessors-smart/1.2/accessors-smart-1.2.jar:/home/user/.m2/repository/org/apache/curator/curator-framework/2.12.0/curator-framework-2.12.0.jar:/home/user/.m2/repository/com/jcraft/jsch/0.1.54/jsch-0.1.54.jar:/home/user/.m2/repository/org/apache/curator/curator-client/2.12.0/curator-client-2.12.0.jar:/home/user/.m2/repository/org/apache/curator/curator-recipes/2.12.0/curator-recipes-2.12.0.jar:/home/user/.m2/repository/com/google/code/findbugs/jsr305/3.0.0/jsr305-3.0.0.jar:/home/user/.m2/repository/org/apache/htrace/htrace-core4/4.1.0-incubating/htrace-core4-4.1.0-incubating.jar:/home/user/.m2/repository/org/apache/zookeeper/zookeeper/3.4.13/zookeeper-3.4.13.jar:/home/user/.m2/repository/jline/jline/0.9.94/jline-0.9.94.jar:/home/user/.m2/repository/org/apache/yetus/audience-annotations/0.5.0/audience-annotations-0.5.0.jar:/home/user/.m2/repository/org/apache/kerby/kerb-simplekdc/1.0.1/kerb-simplekdc-1.0.1.jar:/home/user/.m2/repository/org/apache/kerby/kerb-client/1.0.1/kerb-client-1.0.1.jar:/home/user/.m2/repository/org/apache/kerby/kerby-config/1.0.1/kerby-config-1.0.1.jar:/home/user/.m2/repository/org/apache/kerby/kerb-core/1.0.1/kerb-core-1.0.1.jar:/home/user/.m2/repository/org/apache/kerby/kerby-pkix/1.0.1/kerby-pkix-1.0.1.jar:/home/user/.m2/repository/org/apache/kerby/kerby-asn1/1.0.1/kerby-asn1-1.0.1.jar:/home/user/.m2/repository/org/apache/kerby/kerby-util/1.0.1/kerby-util-1.0.1.jar:/home/user/.m2/repository/org/apache/kerby/kerb-common/1.0.1/kerb-common-1.0.1.jar:/home/user/.m2/repository/org/apache/kerby/kerb-crypto/1.0.1/kerb-crypto-1.0.1.jar:/home/user/.m2/repository/org/apache/kerby/kerb-util/1.0.1/kerb-util-1.0.1.jar:/home/user/.m2/repository/org/apache/kerby/token-provider/1.0.1/token-provider-1.0.1.jar:/home/user/.m2/repository/org/apache/kerby/kerb-admin/1.0.1/kerb-admin-1.0.1.jar:/home/user/.m2/repository/org/apache/kerby/kerb-server/1.0.1/kerb-server-1.0.1.jar:/home/user/.m2/repository/org/apache/kerby/kerb-identity/1.0.1/kerb-identity-1.0.1.jar:/home/user/.m2/repository/org/apache/kerby/kerby-xdr/1.0.1/kerby-xdr-1.0.1.jar:/home/user/.m2/repository/com/fasterxml/jackson/core/jackson-databind/2.9.9/jackson-databind-2.9.9.jar:/home/user/.m2/repository/com/fasterxml/jackson/core/jackson-core/2.9.9/jackson-core-2.9.9.jar:/home/user/.m2/repository/org/codehaus/woodstox/stax2-api/3.1.4/stax2-api-3.1.4.jar:/home/user/.m2/repository/com/fasterxml/woodstox/woodstox-core/5.0.3/woodstox-core-5.0.3.jar:/home/user/.m2/repository/dnsjava/dnsjava/2.1.7/dnsjava-2.1.7.jar:/home/user/.m2/repository/org/apache/hadoop/hadoop-hdfs/3.2.0/hadoop-hdfs-3.2.0.jar:/home/user/.m2/repository/org/eclipse/jetty/jetty-util-ajax/9.3.25.v20180904/jetty-util-ajax-9.3.25.v20180904.jar:/home/user/.m2/repository/commons-daemon/commons-daemon/1.0.13/commons-daemon-1.0.13.jar:/home/user/.m2/repository/io/netty/netty/3.10.5.Final/netty-3.10.5.Final.jar:/home/user/.m2/repository/io/netty/netty-all/4.0.52.Final/netty-all-4.0.52.Final.jar:/home/user/.m2/repository/org/fusesource/leveldbjni/leveldbjni-all/1.8/leveldbjni-all-1.8.jar:/home/user/.m2/repository/com/sun/xml/bind/jaxb-core/2.3.0.1/jaxb-core-2.3.0.1.jar:/home/user/.m2/repository/javax/xml/bind/jaxb-api/2.3.0/jaxb-api-2.3.0.jar:/home/user/.m2/repository/javax/activation/activation/1.1.1/activation-1.1.1.jar:/home/user/.m2/repository/org/openjdk/jmh/jmh-core/1.19/jmh-core-1.19.jar:/home/user/.m2/repository/net/sf/jopt-simple/jopt-simple/4.6/jopt-simple-4.6.jar:/home/user/.m2/repository/org/openjdk/jmh/jmh-generator-annprocess/1.19/jmh-generator-annprocess-1.19.jar:/home/user/.m2/repository/io/dropwizard/metrics/metrics-core/3.2.4/metrics-core-3.2.4.jar:/home/user/.m2/repository/com/amazonaws/aws-java-sdk-s3/1.11.615/aws-java-sdk-s3-1.11.615.jar:/home/user/.m2/repository/com/amazonaws/aws-java-sdk-kms/1.11.615/aws-java-sdk-kms-1.11.615.jar:/home/user/.m2/repository/com/amazonaws/aws-java-sdk-core/1.11.615/aws-java-sdk-core-1.11.615.jar:/home/user/.m2/repository/software/amazon/ion/ion-java/1.0.2/ion-java-1.0.2.jar:/home/user/.m2/repository/com/fasterxml/jackson/dataformat/jackson-dataformat-cbor/2.9.9/jackson-dataformat-cbor-2.9.9.jar:/home/user/.m2/repository/joda-time/joda-time/2.9.9/joda-time-2.9.9.jar:/home/user/.m2/repository/com/amazonaws/jmespath-java/1.11.615/jmespath-java-1.11.615.jar:/home/user/.m2/repository/com/github/spotbugs/spotbugs/3.1.12/spotbugs-3.1.12.jar:/home/user/.m2/repository/org/ow2/asm/asm/5.0.4/asm-5.0.4.jar:/home/user/.m2/repository/org/ow2/asm/asm-analysis/7.0/asm-analysis-7.0.jar:/home/user/.m2/repository/org/ow2/asm/asm-commons/7.0/asm-commons-7.0.jar:/home/user/.m2/repository/org/ow2/asm/asm-tree/7.0/asm-tree-7.0.jar:/home/user/.m2/repository/org/ow2/asm/asm-util/7.0/asm-util-7.0.jar:/home/user/.m2/repository/org/apache/bcel/bcel/6.3/bcel-6.3.jar:/home/user/.m2/repository/net/jcip/jcip-annotations/1.0/jcip-annotations-1.0.jar:/home/user/.m2/repository/org/dom4j/dom4j/2.1.1/dom4j-2.1.1.jar:/home/user/.m2/repository/jaxen/jaxen/1.1.6/jaxen-1.1.6.jar:/home/user/.m2/repository/commons-lang/commons-lang/2.6/commons-lang-2.6.jar:/home/user/.m2/repository/com/github/spotbugs/spotbugs-annotations/3.1.12/spotbugs-annotations-3.1.12.jar:/home/user/.m2/repository/junit/junit/4.11/junit-4.11.jar:/home/user/.m2/repository/org/hamcrest/hamcrest-core/1.3/hamcrest-core-1.3.jar:/home/user/.m2/repository/org/apache/hadoop/hadoop-common/3.2.0/hadoop-common-3.2.0-tests.jar:/workdir/hadoop-ozone/integration-test/target/test-classes:/home/user/.m2/repository/org/apache/hadoop/hadoop-ozone-s3gateway/0.5.0-SNAPSHOT/hadoop-ozone-s3gateway-0.5.0-SNAPSHOT.jar:/home/user/.m2/repository/org/jboss/weld/servlet/weld-servlet/2.4.7.Final/weld-servlet-2.4.7.Final.jar:/home/user/.m2/repository/org/glassfish/jersey/containers/jersey-container-servlet-core/2.27/jersey-container-servlet-core-2.27.jar:/home/user/.m2/repository/org/glassfish/hk2/external/javax.inject/2.5.0-b42/javax.inject-2.5.0-b42.jar:/home/user/.m2/repository/org/glassfish/jersey/core/jersey-common/2.27/jersey-common-2.27.jar:/home/user/.m2/repository/org/glassfish/hk2/osgi-resource-locator/1.0.1/osgi-resource-locator-1.0.1.jar:/home/user/.m2/repository/javax/ws/rs/javax.ws.rs-api/2.1/javax.ws.rs-api-2.1.jar:/home/user/.m2/repository/org/glassfish/jersey/ext/cdi/jersey-cdi1x/2.27/jersey-cdi1x-2.27.jar:/home/user/.m2/repository/org/glassfish/jersey/inject/jersey-hk2/2.27/jersey-hk2-2.27.jar:/home/user/.m2/repository/org/glassfish/hk2/hk2-locator/2.5.0-b42/hk2-locator-2.5.0-b42.jar:/home/user/.m2/repository/org/javassist/javassist/3.22.0-CR2/javassist-3.22.0-CR2.jar:/home/user/.m2/repository/org/glassfish/hk2/hk2-api/2.5.0/hk2-api-2.5.0.jar:/home/user/.m2/repository/org/glassfish/hk2/external/jakarta.inject/2.5.0/jakarta.inject-2.5.0.jar:/home/user/.m2/repository/org/glassfish/hk2/hk2-utils/2.5.0/hk2-utils-2.5.0.jar:/home/user/.m2/repository/jakarta/annotation/jakarta.annotation-api/1.3.4/jakarta.annotation-api-1.3.4.jar:/home/user/.m2/repository/org/glassfish/hk2/external/aopalliance-repackaged/2.5.0/aopalliance-repackaged-2.5.0.jar:/home/user/.m2/repository/com/fasterxml/jackson/dataformat/jackson-dataformat-xml/2.9.0/jackson-dataformat-xml-2.9.0.jar:/home/user/.m2/repository/com/fasterxml/jackson/module/jackson-module-jaxb-annotations/2.9.9/jackson-module-jaxb-annotations-2.9.9.jar:/home/user/.m2/repository/javax/enterprise/cdi-api/1.2/cdi-api-1.2.jar:/home/user/.m2/repository/javax/el/javax.el-api/3.0.0/javax.el-api-3.0.0.jar:/home/user/.m2/repository/javax/interceptor/javax.interceptor-api/1.2/javax.interceptor-api-1.2.jar:/home/user/.m2/repository/javax/inject/javax.inject/1/javax.inject-1.jar:/home/user/.m2/repository/org/apache/hadoop/hadoop-ozone-csi/0.5.0-SNAPSHOT/hadoop-ozone-csi-0.5.0-SNAPSHOT.jar:/home/user/.m2/repository/com/google/protobuf/protobuf-java-util/3.5.1/protobuf-java-util-3.5.1.jar:/home/user/.m2/repository/io/grpc/grpc-netty/1.17.1/grpc-netty-1.17.1.jar:/home/user/.m2/repository/io/grpc/grpc-core/1.17.1/grpc-core-1.17.1.jar:/home/user/.m2/repository/io/grpc/grpc-context/1.17.1/grpc-context-1.17.1.jar:/home/user/.m2/repository/com/google/errorprone/error_prone_annotations/2.2.0/error_prone_annotations-2.2.0.jar:/home/user/.m2/repository/org/codehaus/mojo/animal-sniffer-annotations/1.17/animal-sniffer-annotations-1.17.jar:/home/user/.m2/repository/io/opencensus/opencensus-api/0.17.0/opencensus-api-0.17.0.jar:/home/user/.m2/repository/io/opencensus/opencensus-contrib-grpc-metrics/0.17.0/opencensus-contrib-grpc-metrics-0.17.0.jar:/home/user/.m2/repository/io/netty/netty-codec-http2/4.1.30.Final/netty-codec-http2-4.1.30.Final.jar:/home/user/.m2/repository/io/netty/netty-codec-http/4.1.30.Final/netty-codec-http-4.1.30.Final.jar:/home/user/.m2/repository/io/netty/netty-codec/4.1.30.Final/netty-codec-4.1.30.Final.jar:/home/user/.m2/repository/io/netty/netty-handler/4.1.30.Final/netty-handler-4.1.30.Final.jar:/home/user/.m2/repository/io/netty/netty-handler-proxy/4.1.30.Final/netty-handler-proxy-4.1.30.Final.jar:/home/user/.m2/repository/io/netty/netty-codec-socks/4.1.30.Final/netty-codec-socks-4.1.30.Final.jar:/home/user/.m2/repository/io/netty/netty-transport-native-epoll/4.1.30.Final/netty-transport-native-epoll-4.1.30.Final.jar:/home/user/.m2/repository/io/netty/netty-common/4.1.30.Final/netty-common-4.1.30.Final.jar:/home/user/.m2/repository/io/netty/netty-buffer/4.1.30.Final/netty-buffer-4.1.30.Final.jar:/home/user/.m2/repository/io/netty/netty-transport/4.1.30.Final/netty-transport-4.1.30.Final.jar:/home/user/.m2/repository/io/netty/netty-resolver/4.1.30.Final/netty-resolver-4.1.30.Final.jar:/home/user/.m2/repository/io/netty/netty-transport-native-unix-common/4.1.30.Final/netty-transport-native-unix-common-4.1.30.Final.jar:/home/user/.m2/repository/io/grpc/grpc-protobuf/1.17.1/grpc-protobuf-1.17.1.jar:/home/user/.m2/repository/com/google/api/grpc/proto-google-common-protos/1.0.0/proto-google-common-protos-1.0.0.jar:/home/user/.m2/repository/io/grpc/grpc-protobuf-lite/1.17.1/grpc-protobuf-lite-1.17.1.jar:/home/user/.m2/repository/io/grpc/grpc-stub/1.17.1/grpc-stub-1.17.1.jar:/home/user/.m2/repository/org/apache/hadoop/hadoop-ozone-recon/0.5.0-SNAPSHOT/hadoop-ozone-recon-0.5.0-SNAPSHOT.jar:/home/user/.m2/repository/org/apache/hadoop/hadoop-ozone-reconcodegen/0.5.0-SNAPSHOT/hadoop-ozone-reconcodegen-0.5.0-SNAPSHOT.jar:/home/user/.m2/repository/com/google/inject/extensions/guice-multibindings/4.0/guice-multibindings-4.0.jar:/home/user/.m2/repository/com/google/inject/guice/4.0/guice-4.0.jar:/home/user/.m2/repository/aopalliance/aopalliance/1.0/aopalliance-1.0.jar:/home/user/.m2/repository/com/google/inject/extensions/guice-servlet/4.0/guice-servlet-4.0.jar:/home/user/.m2/repository/org/glassfish/jersey/containers/jersey-container-servlet/2.27/jersey-container-servlet-2.27.jar:/home/user/.m2/repository/org/glassfish/hk2/guice-bridge/2.5.0/guice-bridge-2.5.0.jar:/home/user/.m2/repository/org/glassfish/jersey/core/jersey-server/2.27/jersey-server-2.27.jar:/home/user/.m2/repository/org/glassfish/jersey/core/jersey-client/2.27/jersey-client-2.27.jar:/home/user/.m2/repository/org/glassfish/jersey/media/jersey-media-jaxb/2.27/jersey-media-jaxb-2.27.jar:/home/user/.m2/repository/javax/validation/validation-api/1.1.0.Final/validation-api-1.1.0.Final.jar:/home/user/.m2/repository/org/glassfish/jersey/media/jersey-media-json-jackson/2.27/jersey-media-json-jackson-2.27.jar:/home/user/.m2/repository/org/glassfish/jersey/ext/jersey-entity-filtering/2.27/jersey-entity-filtering-2.27.jar:/home/user/.m2/repository/com/google/inject/extensions/guice-assistedinject/4.0/guice-assistedinject-4.0.jar:/home/user/.m2/repository/org/jooq/jooq/3.11.10/jooq-3.11.10.jar:/home/user/.m2/repository/org/jooq/jooq-meta/3.11.10/jooq-meta-3.11.10.jar:/home/user/.m2/repository/org/jooq/jooq-codegen/3.11.10/jooq-codegen-3.11.10.jar:/home/user/.m2/repository/com/jolbox/bonecp/0.8.0.RELEASE/bonecp-0.8.0.RELEASE.jar:/home/user/.m2/repository/org/springframework/spring-jdbc/5.1.3.RELEASE/spring-jdbc-5.1.3.RELEASE.jar:/home/user/.m2/repository/org/springframework/spring-beans/5.1.3.RELEASE/spring-beans-5.1.3.RELEASE.jar:/home/user/.m2/repository/org/springframework/spring-core/5.1.3.RELEASE/spring-core-5.1.3.RELEASE.jar:/home/user/.m2/repository/org/springframework/spring-jcl/5.1.3.RELEASE/spring-jcl-5.1.3.RELEASE.jar:/home/user/.m2/repository/org/springframework/spring-tx/5.1.3.RELEASE/spring-tx-5.1.3.RELEASE.jar:/home/user/.m2/repository/org/mockito/mockito-core/2.15.0/mockito-core-2.15.0.jar:/home/user/.m2/repository/net/bytebuddy/byte-buddy/1.7.9/byte-buddy-1.7.9.jar:/home/user/.m2/repository/net/bytebuddy/byte-buddy-agent/1.7.9/byte-buddy-agent-1.7.9.jar:/home/user/.m2/repository/org/objenesis/objenesis/1.0/objenesis-1.0.jar:"/>
    <property name="sun.cpu.endian" value="little"/>
    <property name="user.home" value="/home/user"/>
    <property name="user.language" value="en"/>
    <property name="java.specification.vendor" value="Oracle Corporation"/>
    <property name="java.home" value="/usr/lib/jvm/java-1.8.0-openjdk-1.8.0.222.b10-1.el7_7.x86_64/jre"/>
    <property name="surefire.excludesFile" value="/tools/ozone-bad-unit-tests"/>
    <property name="java.security.krb5.conf" value="/workdir/hadoop-ozone/tools/target/test-classes/krb5.conf"/>
    <property name="basedir" value="/workdir/hadoop-ozone/tools"/>
    <property name="file.separator" value="/"/>
    <property name="line.separator" value="&#10;"/>
    <property name="java.vm.specification.vendor" value="Oracle Corporation"/>
    <property name="java.specification.name" value="Java Platform API Specification"/>
    <property name="java.awt.graphicsenv" value="sun.awt.X11GraphicsEnvironment"/>
    <property name="surefire.real.class.path" value="/workdir/hadoop-ozone/tools/target/surefire/surefirebooter4841670596116789420.jar"/>
    <property name="hadoop.log.dir" value="/workdir/hadoop-ozone/tools/target/log"/>
    <property name="sun.boot.class.path" value="/usr/lib/jvm/java-1.8.0-openjdk-1.8.0.222.b10-1.el7_7.x86_64/jre/lib/resources.jar:/usr/lib/jvm/java-1.8.0-openjdk-1.8.0.222.b10-1.el7_7.x86_64/jre/lib/rt.jar:/usr/lib/jvm/java-1.8.0-openjdk-1.8.0.222.b10-1.el7_7.x86_64/jre/lib/sunrsasign.jar:/usr/lib/jvm/java-1.8.0-openjdk-1.8.0.222.b10-1.el7_7.x86_64/jre/lib/jsse.jar:/usr/lib/jvm/java-1.8.0-openjdk-1.8.0.222.b10-1.el7_7.x86_64/jre/lib/jce.jar:/usr/lib/jvm/java-1.8.0-openjdk-1.8.0.222.b10-1.el7_7.x86_64/jre/lib/charsets.jar:/usr/lib/jvm/java-1.8.0-openjdk-1.8.0.222.b10-1.el7_7.x86_64/jre/lib/jfr.jar:/usr/lib/jvm/java-1.8.0-openjdk-1.8.0.222.b10-1.el7_7.x86_64/jre/classes"/>
    <property name="sun.management.compiler" value="HotSpot 64-Bit Tiered Compilers"/>
    <property name="java.runtime.version" value="1.8.0_222-b10"/>
    <property name="java.net.preferIPv4Stack" value="true"/>
    <property name="user.name" value="jenkins1000"/>
    <property name="path.separator" value=":"/>
    <property name="java.security.egd" value="file:///dev/urandom"/>
    <property name="os.version" value="3.10.0-957.12.2.el7.x86_64"/>
    <property name="java.endorsed.dirs" value="/usr/lib/jvm/java-1.8.0-openjdk-1.8.0.222.b10-1.el7_7.x86_64/jre/lib/endorsed"/>
    <property name="java.runtime.name" value="OpenJDK Runtime Environment"/>
    <property name="file.encoding" value="ANSI_X3.4-1968"/>
    <property name="java.vm.name" value="OpenJDK 64-Bit Server VM"/>
    <property name="test.build.webapps" value=""/>
    <property name="localRepository" value="/home/user/.m2/repository"/>
    <property name="java.vendor.url.bug" value="http://bugreport.sun.com/bugreport/"/>
    <property name="java.io.tmpdir" value="/tmp"/>
    <property name="require.test.libhadoop" value=""/>
    <property name="java.version" value="1.8.0_222"/>
    <property name="user.dir" value="/workdir/hadoop-ozone/tools"/>
    <property name="os.arch" value="amd64"/>
    <property name="java.vm.specification.name" value="Java Virtual Machine Specification"/>
    <property name="test.build.classes" value="/workdir/hadoop-ozone/tools/target/test-classes"/>
    <property name="java.awt.printerjob" value="sun.print.PSPrinterJob"/>
    <property name="sun.os.patch.level" value="unknown"/>
    <property name="hadoop.tmp.dir" value="/workdir/hadoop-ozone/tools/target/tmp"/>
    <property name="java.library.path" value="/usr/lib:/workdir/hadoop-ozone/tools/target/native/target/usr/local/lib:/workdir/hadoop-ozone/tools/../../hadoop-common-project/hadoop-common/target/native/target/usr/local/lib:/usr/java/packages/lib/amd64:/usr/lib64:/lib64:/lib:/usr/lib"/>
    <property name="java.vm.info" value="mixed mode"/>
    <property name="java.vendor" value="Oracle Corporation"/>
    <property name="java.vm.version" value="25.222-b10"/>
    <property name="java.ext.dirs" value="/usr/lib/jvm/java-1.8.0-openjdk-1.8.0.222.b10-1.el7_7.x86_64/jre/lib/ext:/usr/java/packages/lib/ext"/>
    <property name="sun.io.unicode.encoding" value="UnicodeLittle"/>
    <property name="java.class.version" value="52.0"/>
  </properties>
  <testcase name="testRestart" classname="org.apache.hadoop.ozone.freon.TestFreonWithPipelineDestroy" time="19.115">
    <error message="INTERNAL_ERROR org.apache.hadoop.ozone.om.exceptions.OMException: Allocated 0 blocks. Requested 5 blocks" type="java.lang.RuntimeException">java.lang.RuntimeException: INTERNAL_ERROR org.apache.hadoop.ozone.om.exceptions.OMException: Allocated 0 blocks. Requested 5 blocks
	at org.apache.hadoop.ozone.freon.RandomKeyGenerator.call(RandomKeyGenerator.java:341)
	at org.apache.hadoop.ozone.freon.TestFreonWithPipelineDestroy.startFreon(TestFreonWithPipelineDestroy.java:87)
	at org.apache.hadoop.ozone.freon.TestFreonWithPipelineDestroy.testRestart(TestFreonWithPipelineDestroy.java:74)
	at sun.reflect.NativeMethodAccessorImpl.invoke0(Native Method)
	at sun.reflect.NativeMethodAccessorImpl.invoke(NativeMethodAccessorImpl.java:62)
	at sun.reflect.DelegatingMethodAccessorImpl.invoke(DelegatingMethodAccessorImpl.java:43)
	at java.lang.reflect.Method.invoke(Method.java:498)
	at org.junit.runners.model.FrameworkMethod$1.runReflectiveCall(FrameworkMethod.java:47)
	at org.junit.internal.runners.model.ReflectiveCallable.run(ReflectiveCallable.java:12)
	at org.junit.runners.model.FrameworkMethod.invokeExplosively(FrameworkMethod.java:44)
	at org.junit.internal.runners.statements.InvokeMethod.evaluate(InvokeMethod.java:17)
	at org.junit.runners.ParentRunner.runLeaf(ParentRunner.java:271)
	at org.junit.runners.BlockJUnit4ClassRunner.runChild(BlockJUnit4ClassRunner.java:70)
	at org.junit.runners.BlockJUnit4ClassRunner.runChild(BlockJUnit4ClassRunner.java:50)
	at org.junit.runners.ParentRunner$3.run(ParentRunner.java:238)
	at org.junit.runners.ParentRunner$1.schedule(ParentRunner.java:63)
	at org.junit.runners.ParentRunner.runChildren(ParentRunner.java:236)
	at org.junit.runners.ParentRunner.access$000(ParentRunner.java:53)
	at org.junit.runners.ParentRunner$2.evaluate(ParentRunner.java:229)
	at org.junit.internal.runners.statements.RunBefores.evaluate(RunBefores.java:26)
	at org.junit.internal.runners.statements.RunAfters.evaluate(RunAfters.java:27)
	at org.junit.runners.ParentRunner.run(ParentRunner.java:309)
	at org.apache.maven.surefire.junit4.JUnit4Provider.execute(JUnit4Provider.java:365)
	at org.apache.maven.surefire.junit4.JUnit4Provider.executeWithRerun(JUnit4Provider.java:273)
	at org.apache.maven.surefire.junit4.JUnit4Provider.executeTestSet(JUnit4Provider.java:238)
	at org.apache.maven.surefire.junit4.JUnit4Provider.invoke(JUnit4Provider.java:159)
	at org.apache.maven.surefire.booter.ForkedBooter.invokeProviderInSameClassLoader(ForkedBooter.java:384)
	at org.apache.maven.surefire.booter.ForkedBooter.runSuitesInProcess(ForkedBooter.java:345)
	at org.apache.maven.surefire.booter.ForkedBooter.execute(ForkedBooter.java:126)
	at org.apache.maven.surefire.booter.ForkedBooter.main(ForkedBooter.java:418)
Caused by: INTERNAL_ERROR org.apache.hadoop.ozone.om.exceptions.OMException: Allocated 0 blocks. Requested 5 blocks
	at org.apache.hadoop.ozone.om.protocolPB.OzoneManagerProtocolClientSideTranslatorPB.handleError(OzoneManagerProtocolClientSideTranslatorPB.java:761)
	at org.apache.hadoop.ozone.om.protocolPB.OzoneManagerProtocolClientSideTranslatorPB.openKey(OzoneManagerProtocolClientSideTranslatorPB.java:752)
	at sun.reflect.NativeMethodAccessorImpl.invoke0(Native Method)
	at sun.reflect.NativeMethodAccessorImpl.invoke(NativeMethodAccessorImpl.java:62)
	at sun.reflect.DelegatingMethodAccessorImpl.invoke(DelegatingMethodAccessorImpl.java:43)
	at java.lang.reflect.Method.invoke(Method.java:498)
	at org.apache.hadoop.hdds.tracing.TraceAllMethod.invoke(TraceAllMethod.java:66)
	at com.sun.proxy.$Proxy37.openKey(Unknown Source)
	at org.apache.hadoop.ozone.client.rpc.RpcClient.createKey(RpcClient.java:633)
	at org.apache.hadoop.ozone.client.OzoneBucket.createKey(OzoneBucket.java:325)
	at org.apache.hadoop.ozone.freon.RandomKeyGenerator.createKey(RandomKeyGenerator.java:697)
	at org.apache.hadoop.ozone.freon.RandomKeyGenerator.access$1100(RandomKeyGenerator.java:88)
	at org.apache.hadoop.ozone.freon.RandomKeyGenerator$ObjectCreator.run(RandomKeyGenerator.java:615)
	at java.util.concurrent.Executors$RunnableAdapter.call(Executors.java:511)
	at java.util.concurrent.FutureTask.run(FutureTask.java:266)
	at java.util.concurrent.ThreadPoolExecutor.runWorker(ThreadPoolExecutor.java:1149)
	at java.util.concurrent.ThreadPoolExecutor$Worker.run(ThreadPoolExecutor.java:624)
	at java.lang.Thread.run(Thread.java:748)
</error>
    <system-out><![CDATA[2019-11-14 13:45:11,027 [main] WARN  server.ServerUtils (ServerUtils.java:getScmDbDir(145)) - ozone.scm.db.dirs is not configured. We recommend adding this setting. Falling back to ozone.metadata.dirs instead.
2019-11-14 13:45:11,206 [main] WARN  server.ServerUtils (ServerUtils.java:getScmDbDir(145)) - ozone.scm.db.dirs is not configured. We recommend adding this setting. Falling back to ozone.metadata.dirs instead.
2019-11-14 13:45:11,210 [main] WARN  server.ServerUtils (ServerUtils.java:getScmDbDir(145)) - ozone.scm.db.dirs is not configured. We recommend adding this setting. Falling back to ozone.metadata.dirs instead.
2019-11-14 13:45:11,239 [main] INFO  util.log (Log.java:initialized(192)) - Logging initialized @990ms
2019-11-14 13:45:11,336 [main] INFO  db.DBStoreBuilder (DBStoreBuilder.java:addTable(127)) - using custom profile for table: deletedBlocks
2019-11-14 13:45:11,337 [main] INFO  db.DBStoreBuilder (DBStoreBuilder.java:processTables(183)) - Using default column profile:DBProfile.DISK for Table:deletedBlocks
2019-11-14 13:45:11,337 [main] INFO  db.DBStoreBuilder (DBStoreBuilder.java:addTable(127)) - using custom profile for table: validCerts
2019-11-14 13:45:11,337 [main] INFO  db.DBStoreBuilder (DBStoreBuilder.java:processTables(183)) - Using default column profile:DBProfile.DISK for Table:validCerts
2019-11-14 13:45:11,338 [main] INFO  db.DBStoreBuilder (DBStoreBuilder.java:addTable(127)) - using custom profile for table: revokedCerts
2019-11-14 13:45:11,338 [main] INFO  db.DBStoreBuilder (DBStoreBuilder.java:processTables(183)) - Using default column profile:DBProfile.DISK for Table:revokedCerts
2019-11-14 13:45:11,353 [main] INFO  db.DBStoreBuilder (DBStoreBuilder.java:addTable(127)) - using custom profile for table: default
2019-11-14 13:45:11,353 [main] INFO  db.DBStoreBuilder (DBStoreBuilder.java:processTables(189)) - Using default column profile:DBProfile.DISK for Table:default
2019-11-14 13:45:11,355 [main] INFO  db.DBStoreBuilder (DBStoreBuilder.java:getDbProfile(220)) - Using default options. DBProfile.DISK
2019-11-14 13:45:11,564 [main] INFO  net.NodeSchemaLoader (NodeSchemaLoader.java:loadSchemaFromFile(125)) - Loading file from sun.misc.CompoundEnumeration@5e0e82ae
2019-11-14 13:45:11,565 [main] INFO  net.NodeSchemaLoader (NodeSchemaLoader.java:loadSchema(171)) - Loading network topology layer schema file
2019-11-14 13:45:11,630 [main] INFO  node.SCMNodeManager (SCMNodeManager.java:<init>(116)) - Entering startup safe mode.
2019-11-14 13:45:11,704 [main] INFO  algorithms.ContainerPlacementPolicyFactory (ContainerPlacementPolicyFactory.java:getPolicy(57)) - Create container placement policy of type org.apache.hadoop.hdds.scm.container.placement.algorithms.SCMContainerPlacementRandom
2019-11-14 13:45:11,725 [main] WARN  server.ServerUtils (ServerUtils.java:getScmDbDir(145)) - ozone.scm.db.dirs is not configured. We recommend adding this setting. Falling back to ozone.metadata.dirs instead.
2019-11-14 13:45:11,811 [main] INFO  pipeline.SCMPipelineManager (SCMPipelineManager.java:initializePipelineState(132)) - No pipeline exists in current db
2019-11-14 13:45:11,814 [main] WARN  server.ServerUtils (ServerUtils.java:getScmDbDir(145)) - ozone.scm.db.dirs is not configured. We recommend adding this setting. Falling back to ozone.metadata.dirs instead.
2019-11-14 13:45:11,950 [main] WARN  events.EventQueue (EventQueue.java:fireEvent(183)) - No event handler registered for event TypedEvent{payloadType=SafeModeStatus, name='SafeModeStatus'}
2019-11-14 13:45:12,326 [main] INFO  ipc.CallQueueManager (CallQueueManager.java:<init>(84)) - Using callQueue: class java.util.concurrent.LinkedBlockingQueue, queueCapacity: 2000, scheduler: class org.apache.hadoop.ipc.DefaultRpcScheduler, ipcBackoff: false.
2019-11-14 13:45:12,352 [Socket Reader #1 for port 36663] INFO  ipc.Server (Server.java:run(1074)) - Starting Socket Reader #1 for port 36663
2019-11-14 13:45:12,466 [main] INFO  ipc.CallQueueManager (CallQueueManager.java:<init>(84)) - Using callQueue: class java.util.concurrent.LinkedBlockingQueue, queueCapacity: 2000, scheduler: class org.apache.hadoop.ipc.DefaultRpcScheduler, ipcBackoff: false.
2019-11-14 13:45:12,467 [Socket Reader #1 for port 40731] INFO  ipc.Server (Server.java:run(1074)) - Starting Socket Reader #1 for port 40731
2019-11-14 13:45:12,476 [main] INFO  ipc.CallQueueManager (CallQueueManager.java:<init>(84)) - Using callQueue: class java.util.concurrent.LinkedBlockingQueue, queueCapacity: 2000, scheduler: class org.apache.hadoop.ipc.DefaultRpcScheduler, ipcBackoff: false.
2019-11-14 13:45:12,477 [Socket Reader #1 for port 43716] INFO  ipc.Server (Server.java:run(1074)) - Starting Socket Reader #1 for port 43716
2019-11-14 13:45:12,504 [main] INFO  hdfs.DFSUtil (DFSUtil.java:httpServerTemplateForNNAndJN(1641)) - Starting Web-server for scm at: http://0.0.0.0:0
2019-11-14 13:45:12,633 [main] INFO  server.AuthenticationFilter (AuthenticationFilter.java:constructSecretProvider(240)) - Unable to initialize FileSignerSecretProvider, falling back to use random secrets.
2019-11-14 13:45:12,649 [main] WARN  http.HttpRequestLog (HttpRequestLog.java:getRequestLog(97)) - Jetty request log can only be enabled using Log4j
2019-11-14 13:45:12,659 [main] INFO  http.HttpServer2 (HttpServer2.java:addGlobalFilter(975)) - Added global filter 'safety' (class=org.apache.hadoop.http.HttpServer2$QuotingInputFilter)
2019-11-14 13:45:12,662 [main] INFO  http.HttpServer2 (HttpServer2.java:addFilter(948)) - Added filter static_user_filter (class=org.apache.hadoop.http.lib.StaticUserWebFilter$StaticUserFilter) to context scm
2019-11-14 13:45:12,662 [main] INFO  http.HttpServer2 (HttpServer2.java:addFilter(958)) - Added filter static_user_filter (class=org.apache.hadoop.http.lib.StaticUserWebFilter$StaticUserFilter) to context static
2019-11-14 13:45:12,662 [main] INFO  http.HttpServer2 (HttpServer2.java:addFilter(958)) - Added filter static_user_filter (class=org.apache.hadoop.http.lib.StaticUserWebFilter$StaticUserFilter) to context logs
2019-11-14 13:45:12,689 [main] INFO  server.StorageContainerManager (StorageContainerManager.java:start(766)) - StorageContainerLocationProtocol RPC server is listening at /0.0.0.0:43716
2019-11-14 13:45:12,745 [main] WARN  impl.MetricsConfig (MetricsConfig.java:loadFirst(134)) - Cannot locate configuration: tried hadoop-metrics2-storagecontainermanager.properties,hadoop-metrics2.properties
2019-11-14 13:45:12,760 [main] INFO  impl.MetricsSystemImpl (MetricsSystemImpl.java:startTimer(374)) - Scheduled Metric snapshot period at 10 second(s).
2019-11-14 13:45:12,760 [main] INFO  impl.MetricsSystemImpl (MetricsSystemImpl.java:start(191)) - StorageContainerManager metrics system started
2019-11-14 13:45:12,980 [main] INFO  server.SCMClientProtocolServer (SCMClientProtocolServer.java:start(160)) - RPC server for Client  is listening at /0.0.0.0:43716
2019-11-14 13:45:12,980 [IPC Server Responder] INFO  ipc.Server (Server.java:run(1314)) - IPC Server Responder: starting
2019-11-14 13:45:12,980 [IPC Server listener on 43716] INFO  ipc.Server (Server.java:run(1153)) - IPC Server listener on 43716: starting
2019-11-14 13:45:12,983 [main] INFO  server.StorageContainerManager (StorageContainerManager.java:start(776)) - ScmBlockLocationProtocol RPC server is listening at /0.0.0.0:40731
2019-11-14 13:45:12,984 [main] INFO  server.SCMBlockProtocolServer (SCMBlockProtocolServer.java:start(146)) - RPC server for Block Protocol is listening at /0.0.0.0:40731
2019-11-14 13:45:12,984 [IPC Server Responder] INFO  ipc.Server (Server.java:run(1314)) - IPC Server Responder: starting
2019-11-14 13:45:12,984 [IPC Server listener on 40731] INFO  ipc.Server (Server.java:run(1153)) - IPC Server listener on 40731: starting
2019-11-14 13:45:12,987 [main] INFO  server.StorageContainerManager (StorageContainerManager.java:start(780)) - ScmDatanodeProtocl RPC server is listening at /0.0.0.0:36663
2019-11-14 13:45:12,987 [main] INFO  server.SCMDatanodeProtocolServer (SCMDatanodeProtocolServer.java:start(169)) - RPC server for DataNodes is listening at /0.0.0.0:36663
2019-11-14 13:45:12,988 [IPC Server Responder] INFO  ipc.Server (Server.java:run(1314)) - IPC Server Responder: starting
2019-11-14 13:45:12,988 [IPC Server listener on 36663] INFO  ipc.Server (Server.java:run(1153)) - IPC Server listener on 36663: starting
2019-11-14 13:45:12,991 [main] INFO  http.HttpServer2 (HttpServer2.java:bindListener(1191)) - Jetty bound to port 42477
2019-11-14 13:45:12,993 [main] INFO  server.Server (Server.java:doStart(351)) - jetty-9.3.25.v20180904, build timestamp: 2018-09-04T21:11:46Z, git hash: 3ce520221d0240229c862b122d2b06c12a625732
2019-11-14 13:45:13,024 [main] INFO  handler.ContextHandler (ContextHandler.java:doStart(781)) - Started o.e.j.s.ServletContextHandler@56e8b606{/logs,file:///workdir/hadoop-ozone/tools/target/log,AVAILABLE}
2019-11-14 13:45:13,025 [main] INFO  handler.ContextHandler (ContextHandler.java:doStart(781)) - Started o.e.j.s.ServletContextHandler@40dff0b7{/static,jar:file:/home/user/.m2/repository/org/apache/hadoop/hadoop-hdds-server-scm/0.5.0-SNAPSHOT/hadoop-hdds-server-scm-0.5.0-SNAPSHOT.jar!/webapps/static,AVAILABLE}
2019-11-14 13:45:13,104 [main] INFO  handler.ContextHandler (ContextHandler.java:doStart(781)) - Started o.e.j.w.WebAppContext@5aceec94{/,file:///tmp/jetty-0.0.0.0-42477-scm-_-any-7141627287571243493.dir/webapp/,AVAILABLE}{/scm}
2019-11-14 13:45:13,109 [main] INFO  server.AbstractConnector (AbstractConnector.java:doStart(278)) - Started ServerConnector@733c423e{HTTP/1.1,[http/1.1]}{0.0.0.0:42477}
2019-11-14 13:45:13,109 [main] INFO  server.Server (Server.java:doStart(419)) - Started @2861ms
2019-11-14 13:45:13,111 [main] INFO  impl.MetricsSinkAdapter (MetricsSinkAdapter.java:start(204)) - Sink prometheus started
2019-11-14 13:45:13,112 [main] INFO  impl.MetricsSystemImpl (MetricsSystemImpl.java:registerSink(301)) - Registered sink prometheus
2019-11-14 13:45:13,113 [main] INFO  server.BaseHttpServer (BaseHttpServer.java:updateConnectorAddress(215)) - HTTP server of SCM is listening at http://0.0.0.0:42477
2019-11-14 13:45:13,118 [org.apache.hadoop.util.JvmPauseMonitor$Monitor@1b5bc39d] INFO  util.JvmPauseMonitor (JvmPauseMonitor.java:run(188)) - Starting JVM pause monitor
2019-11-14 13:45:13,122 [main] WARN  server.ServerUtils (ServerUtils.java:getDBPath(222)) - ozone.om.db.dirs is not configured. We recommend adding this setting. Falling back to ozone.metadata.dirs instead.
2019-11-14 13:45:13,210 [main] INFO  ha.OMHANodeDetails (OMHANodeDetails.java:loadOMHAConfig(190)) - Configuration either no ozone.om.address set. Falling back to the default OM address /127.0.0.1:0
2019-11-14 13:45:13,210 [main] INFO  ha.OMHANodeDetails (OMHANodeDetails.java:getOMNodeDetails(220)) - OM Service ID is not set. Setting it to the default ID: omServiceIdDefault
2019-11-14 13:45:13,211 [main] WARN  server.ServerUtils (ServerUtils.java:getDBPath(222)) - ozone.om.db.dirs is not configured. We recommend adding this setting. Falling back to ozone.metadata.dirs instead.
2019-11-14 13:45:13,212 [main] WARN  server.ServerUtils (ServerUtils.java:getDBPath(222)) - ozone.om.db.dirs is not configured. We recommend adding this setting. Falling back to ozone.metadata.dirs instead.
2019-11-14 13:45:13,752 [main] WARN  server.ServerUtils (ServerUtils.java:getDBPath(222)) - ozone.om.db.dirs is not configured. We recommend adding this setting. Falling back to ozone.metadata.dirs instead.
2019-11-14 13:45:13,760 [main] INFO  db.DBStoreBuilder (DBStoreBuilder.java:addTable(127)) - using custom profile for table: userTable
2019-11-14 13:45:13,760 [main] INFO  db.DBStoreBuilder (DBStoreBuilder.java:processTables(183)) - Using default column profile:DBProfile.DISK for Table:userTable
2019-11-14 13:45:13,760 [main] INFO  db.DBStoreBuilder (DBStoreBuilder.java:addTable(127)) - using custom profile for table: volumeTable
2019-11-14 13:45:13,761 [main] INFO  db.DBStoreBuilder (DBStoreBuilder.java:processTables(183)) - Using default column profile:DBProfile.DISK for Table:volumeTable
2019-11-14 13:45:13,761 [main] INFO  db.DBStoreBuilder (DBStoreBuilder.java:addTable(127)) - using custom profile for table: bucketTable
2019-11-14 13:45:13,761 [main] INFO  db.DBStoreBuilder (DBStoreBuilder.java:processTables(183)) - Using default column profile:DBProfile.DISK for Table:bucketTable
2019-11-14 13:45:13,761 [main] INFO  db.DBStoreBuilder (DBStoreBuilder.java:addTable(127)) - using custom profile for table: keyTable
2019-11-14 13:45:13,761 [main] INFO  db.DBStoreBuilder (DBStoreBuilder.java:processTables(183)) - Using default column profile:DBProfile.DISK for Table:keyTable
2019-11-14 13:45:13,762 [main] INFO  db.DBStoreBuilder (DBStoreBuilder.java:addTable(127)) - using custom profile for table: deletedTable
2019-11-14 13:45:13,762 [main] INFO  db.DBStoreBuilder (DBStoreBuilder.java:processTables(183)) - Using default column profile:DBProfile.DISK for Table:deletedTable
2019-11-14 13:45:13,762 [main] INFO  db.DBStoreBuilder (DBStoreBuilder.java:addTable(127)) - using custom profile for table: openKeyTable
2019-11-14 13:45:13,762 [main] INFO  db.DBStoreBuilder (DBStoreBuilder.java:processTables(183)) - Using default column profile:DBProfile.DISK for Table:openKeyTable
2019-11-14 13:45:13,762 [main] INFO  db.DBStoreBuilder (DBStoreBuilder.java:addTable(127)) - using custom profile for table: s3Table
2019-11-14 13:45:13,763 [main] INFO  db.DBStoreBuilder (DBStoreBuilder.java:processTables(183)) - Using default column profile:DBProfile.DISK for Table:s3Table
2019-11-14 13:45:13,763 [main] INFO  db.DBStoreBuilder (DBStoreBuilder.java:addTable(127)) - using custom profile for table: multipartInfoTable
2019-11-14 13:45:13,763 [main] INFO  db.DBStoreBuilder (DBStoreBuilder.java:processTables(183)) - Using default column profile:DBProfile.DISK for Table:multipartInfoTable
2019-11-14 13:45:13,763 [main] INFO  db.DBStoreBuilder (DBStoreBuilder.java:addTable(127)) - using custom profile for table: dTokenTable
2019-11-14 13:45:13,763 [main] INFO  db.DBStoreBuilder (DBStoreBuilder.java:processTables(183)) - Using default column profile:DBProfile.DISK for Table:dTokenTable
2019-11-14 13:45:13,764 [main] INFO  db.DBStoreBuilder (DBStoreBuilder.java:addTable(127)) - using custom profile for table: s3SecretTable
2019-11-14 13:45:13,764 [main] INFO  db.DBStoreBuilder (DBStoreBuilder.java:processTables(183)) - Using default column profile:DBProfile.DISK for Table:s3SecretTable
2019-11-14 13:45:13,764 [main] INFO  db.DBStoreBuilder (DBStoreBuilder.java:addTable(127)) - using custom profile for table: prefixTable
2019-11-14 13:45:13,764 [main] INFO  db.DBStoreBuilder (DBStoreBuilder.java:processTables(183)) - Using default column profile:DBProfile.DISK for Table:prefixTable
2019-11-14 13:45:13,765 [main] INFO  db.DBStoreBuilder (DBStoreBuilder.java:addTable(127)) - using custom profile for table: default
2019-11-14 13:45:13,765 [main] INFO  db.DBStoreBuilder (DBStoreBuilder.java:processTables(189)) - Using default column profile:DBProfile.DISK for Table:default
2019-11-14 13:45:13,765 [main] INFO  db.DBStoreBuilder (DBStoreBuilder.java:getDbProfile(220)) - Using default options. DBProfile.DISK
2019-11-14 13:45:14,117 [main] INFO  ipc.CallQueueManager (CallQueueManager.java:<init>(84)) - Using callQueue: class java.util.concurrent.LinkedBlockingQueue, queueCapacity: 2000, scheduler: class org.apache.hadoop.ipc.DefaultRpcScheduler, ipcBackoff: false.
2019-11-14 13:45:14,118 [Socket Reader #1 for port 42933] INFO  ipc.Server (Server.java:run(1074)) - Starting Socket Reader #1 for port 42933
2019-11-14 13:45:14,140 [main] INFO  om.OzoneManager (OzoneManager.java:start(1077)) - OzoneManager RPC server is listening at localhost/127.0.0.1:42933
2019-11-14 13:45:14,140 [main] INFO  impl.MetricsSystemImpl (MetricsSystemImpl.java:init(158)) - OzoneManager metrics system started (again)
2019-11-14 13:45:14,148 [IPC Server Responder] INFO  ipc.Server (Server.java:run(1314)) - IPC Server Responder: starting
2019-11-14 13:45:14,148 [IPC Server listener on 42933] INFO  ipc.Server (Server.java:run(1153)) - IPC Server listener on 42933: starting
2019-11-14 13:45:14,153 [main] INFO  hdfs.DFSUtil (DFSUtil.java:httpServerTemplateForNNAndJN(1641)) - Starting Web-server for ozoneManager at: http://0.0.0.0:0
2019-11-14 13:45:14,155 [main] INFO  server.AuthenticationFilter (AuthenticationFilter.java:constructSecretProvider(240)) - Unable to initialize FileSignerSecretProvider, falling back to use random secrets.
2019-11-14 13:45:14,155 [main] WARN  http.HttpRequestLog (HttpRequestLog.java:getRequestLog(97)) - Jetty request log can only be enabled using Log4j
2019-11-14 13:45:14,157 [main] INFO  http.HttpServer2 (HttpServer2.java:addGlobalFilter(975)) - Added global filter 'safety' (class=org.apache.hadoop.http.HttpServer2$QuotingInputFilter)
2019-11-14 13:45:14,158 [main] INFO  http.HttpServer2 (HttpServer2.java:addFilter(948)) - Added filter static_user_filter (class=org.apache.hadoop.http.lib.StaticUserWebFilter$StaticUserFilter) to context ozoneManager
2019-11-14 13:45:14,158 [main] INFO  http.HttpServer2 (HttpServer2.java:addFilter(958)) - Added filter static_user_filter (class=org.apache.hadoop.http.lib.StaticUserWebFilter$StaticUserFilter) to context static
2019-11-14 13:45:14,158 [main] INFO  http.HttpServer2 (HttpServer2.java:addFilter(958)) - Added filter static_user_filter (class=org.apache.hadoop.http.lib.StaticUserWebFilter$StaticUserFilter) to context logs
2019-11-14 13:45:14,160 [main] INFO  http.HttpServer2 (HttpServer2.java:bindListener(1191)) - Jetty bound to port 37249
2019-11-14 13:45:14,161 [main] INFO  server.Server (Server.java:doStart(351)) - jetty-9.3.25.v20180904, build timestamp: 2018-09-04T21:11:46Z, git hash: 3ce520221d0240229c862b122d2b06c12a625732
2019-11-14 13:45:14,163 [main] INFO  handler.ContextHandler (ContextHandler.java:doStart(781)) - Started o.e.j.s.ServletContextHandler@340b7ef6{/logs,file:///workdir/hadoop-ozone/tools/target/log,AVAILABLE}
2019-11-14 13:45:14,163 [main] INFO  handler.ContextHandler (ContextHandler.java:doStart(781)) - Started o.e.j.s.ServletContextHandler@6050462a{/static,jar:file:/home/user/.m2/repository/org/apache/hadoop/hadoop-ozone-ozone-manager/0.5.0-SNAPSHOT/hadoop-ozone-ozone-manager-0.5.0-SNAPSHOT.jar!/webapps/static,AVAILABLE}
2019-11-14 13:45:14,209 [main] INFO  handler.ContextHandler (ContextHandler.java:doStart(781)) - Started o.e.j.w.WebAppContext@425d5d46{/,file:///tmp/jetty-0.0.0.0-37249-ozoneManager-_-any-8651693907771429432.dir/webapp/,AVAILABLE}{/ozoneManager}
2019-11-14 13:45:14,210 [main] INFO  server.AbstractConnector (AbstractConnector.java:doStart(278)) - Started ServerConnector@198ef2ce{HTTP/1.1,[http/1.1]}{0.0.0.0:37249}
2019-11-14 13:45:14,210 [main] INFO  server.Server (Server.java:doStart(419)) - Started @3962ms
2019-11-14 13:45:14,210 [main] WARN  impl.MetricsSystemImpl (MetricsSystemImpl.java:register(276)) - Sink prometheus already exists!
2019-11-14 13:45:14,212 [main] INFO  server.BaseHttpServer (BaseHttpServer.java:updateConnectorAddress(215)) - HTTP server of OZONEMANAGER is listening at http://0.0.0.0:37249
2019-11-14 13:45:14,415 [main] INFO  impl.MetricsSystemImpl (MetricsSystemImpl.java:init(158)) - HddsDatanode metrics system started (again)
2019-11-14 13:45:14,459 [main] INFO  ozone.HddsDatanodeService (HddsDatanodeService.java:start(186)) - HddsDatanodeService host:pr-hdds-2481-nxhrh-893604966 ip:192.168.34.21
2019-11-14 13:45:14,492 [main] INFO  volume.HddsVolume (HddsVolume.java:<init>(176)) - Creating Volume: /workdir/hadoop-ozone/tools/target/test-dir/MiniOzoneClusterImpl-1db13fd8-7b5c-4c28-b07c-c36c47cddec3/datanode-0/data/containers/hdds of  storage type : DISK and capacity : 1482555576320
2019-11-14 13:45:14,494 [main] INFO  volume.VolumeSet (VolumeSet.java:initializeVolumeSet(170)) - Added Volume : /workdir/hadoop-ozone/tools/target/test-dir/MiniOzoneClusterImpl-1db13fd8-7b5c-4c28-b07c-c36c47cddec3/datanode-0/data/containers/hdds to VolumeSet
2019-11-14 13:45:14,497 [main] INFO  volume.ThrottledAsyncChecker (ThrottledAsyncChecker.java:schedule(141)) - Scheduling a check for /workdir/hadoop-ozone/tools/target/test-dir/MiniOzoneClusterImpl-1db13fd8-7b5c-4c28-b07c-c36c47cddec3/datanode-0/data/containers/hdds
2019-11-14 13:45:14,514 [main] INFO  volume.HddsVolumeChecker (HddsVolumeChecker.java:checkAllVolumes(204)) - Scheduled health check for volume /workdir/hadoop-ozone/tools/target/test-dir/MiniOzoneClusterImpl-1db13fd8-7b5c-4c28-b07c-c36c47cddec3/datanode-0/data/containers/hdds
2019-11-14 13:45:14,617 [main] INFO  impl.RaftServerProxy (ConfUtils.java:logGet(43)) - raft.rpc.type = GRPC (default)
2019-11-14 13:45:14,674 [main] INFO  grpc.GrpcFactory (GrpcFactory.java:checkPooledByteBufAllocatorUseCacheForAllThreads(45)) - PERFORMANCE WARNING: useCacheForAllThreads is true that may cause Netty to create a lot garbage objects and, as a result, trigger GC.
	It is recommended to disable useCacheForAllThreads by setting -Dorg.apache.ratis.thirdparty.io.netty.allocator.useCacheForAllThreads=false in command line.
2019-11-14 13:45:14,678 [main] INFO  grpc.GrpcConfigKeys$Server (ConfUtils.java:logGet(43)) - raft.grpc.server.port = 0 (default)
2019-11-14 13:45:14,679 [main] INFO  server.GrpcService (ConfUtils.java:logGet(43)) - raft.grpc.message.size.max = 33570816 (custom)
2019-11-14 13:45:14,680 [main] INFO  server.RaftServerConfigKeys (ConfUtils.java:logGet(43)) - raft.server.log.appender.buffer.byte-limit = 33554432 (custom)
2019-11-14 13:45:14,681 [main] INFO  server.GrpcService (ConfUtils.java:logGet(43)) - raft.grpc.flow.control.window = 1MB (=1048576) (default)
2019-11-14 13:45:14,682 [main] INFO  server.RaftServerConfigKeys (ConfUtils.java:logGet(43)) - raft.server.rpc.request.timeout = 3000ms (default)
2019-11-14 13:45:14,847 [main] INFO  server.RaftServerConfigKeys (ConfUtils.java:logGet(43)) - raft.server.storage.dir = [/workdir/hadoop-ozone/tools/target/test-dir/MiniOzoneClusterImpl-1db13fd8-7b5c-4c28-b07c-c36c47cddec3/datanode-0/data/ratis] (custom)
2019-11-14 13:45:14,895 [main] INFO  hdfs.DFSUtil (DFSUtil.java:httpServerTemplateForNNAndJN(1641)) - Starting Web-server for hddsDatanode at: http://0.0.0.0:0
2019-11-14 13:45:14,897 [main] INFO  server.AuthenticationFilter (AuthenticationFilter.java:constructSecretProvider(240)) - Unable to initialize FileSignerSecretProvider, falling back to use random secrets.
2019-11-14 13:45:14,898 [main] WARN  http.HttpRequestLog (HttpRequestLog.java:getRequestLog(97)) - Jetty request log can only be enabled using Log4j
2019-11-14 13:45:14,899 [main] INFO  http.HttpServer2 (HttpServer2.java:addGlobalFilter(975)) - Added global filter 'safety' (class=org.apache.hadoop.http.HttpServer2$QuotingInputFilter)
2019-11-14 13:45:14,900 [main] INFO  http.HttpServer2 (HttpServer2.java:addFilter(948)) - Added filter static_user_filter (class=org.apache.hadoop.http.lib.StaticUserWebFilter$StaticUserFilter) to context hddsDatanode
2019-11-14 13:45:14,900 [main] INFO  http.HttpServer2 (HttpServer2.java:addFilter(958)) - Added filter static_user_filter (class=org.apache.hadoop.http.lib.StaticUserWebFilter$StaticUserFilter) to context logs
2019-11-14 13:45:14,900 [main] INFO  http.HttpServer2 (HttpServer2.java:addFilter(958)) - Added filter static_user_filter (class=org.apache.hadoop.http.lib.StaticUserWebFilter$StaticUserFilter) to context static
2019-11-14 13:45:14,901 [main] INFO  http.HttpServer2 (HttpServer2.java:bindListener(1191)) - Jetty bound to port 36847
2019-11-14 13:45:14,901 [main] INFO  server.Server (Server.java:doStart(351)) - jetty-9.3.25.v20180904, build timestamp: 2018-09-04T21:11:46Z, git hash: 3ce520221d0240229c862b122d2b06c12a625732
2019-11-14 13:45:14,904 [main] INFO  handler.ContextHandler (ContextHandler.java:doStart(781)) - Started o.e.j.s.ServletContextHandler@e9ef5b6{/logs,file:///workdir/hadoop-ozone/tools/target/log,AVAILABLE}
2019-11-14 13:45:14,904 [main] INFO  handler.ContextHandler (ContextHandler.java:doStart(781)) - Started o.e.j.s.ServletContextHandler@4110765e{/static,jar:file:/home/user/.m2/repository/org/apache/hadoop/hadoop-hdds-container-service/0.5.0-SNAPSHOT/hadoop-hdds-container-service-0.5.0-SNAPSHOT.jar!/webapps/static,AVAILABLE}
2019-11-14 13:45:14,932 [main] INFO  handler.ContextHandler (ContextHandler.java:doStart(781)) - Started o.e.j.w.WebAppContext@52e04737{/,file:///tmp/jetty-0.0.0.0-36847-hddsDatanode-_-any-211873855771864631.dir/webapp/,AVAILABLE}{/hddsDatanode}
2019-11-14 13:45:14,933 [main] INFO  server.AbstractConnector (AbstractConnector.java:doStart(278)) - Started ServerConnector@5bc7e78e{HTTP/1.1,[http/1.1]}{0.0.0.0:36847}
2019-11-14 13:45:14,933 [main] INFO  server.Server (Server.java:doStart(419)) - Started @4684ms
2019-11-14 13:45:14,934 [main] WARN  impl.MetricsSystemImpl (MetricsSystemImpl.java:register(276)) - Sink prometheus already exists!
2019-11-14 13:45:14,935 [main] INFO  server.BaseHttpServer (BaseHttpServer.java:updateConnectorAddress(215)) - HTTP server of HDDSDATANODE is listening at http://0.0.0.0:36847
2019-11-14 13:45:14,936 [main] INFO  impl.MetricsSystemImpl (MetricsSystemImpl.java:init(158)) - HddsDatanode metrics system started (again)
2019-11-14 13:45:14,938 [main] INFO  ozone.HddsDatanodeService (HddsDatanodeService.java:start(186)) - HddsDatanodeService host:pr-hdds-2481-nxhrh-893604966 ip:192.168.34.21
2019-11-14 13:45:14,941 [org.apache.hadoop.util.JvmPauseMonitor$Monitor@6f39802c] INFO  util.JvmPauseMonitor (JvmPauseMonitor.java:run(188)) - Starting JVM pause monitor
2019-11-14 13:45:14,945 [main] INFO  volume.HddsVolume (HddsVolume.java:<init>(176)) - Creating Volume: /workdir/hadoop-ozone/tools/target/test-dir/MiniOzoneClusterImpl-1db13fd8-7b5c-4c28-b07c-c36c47cddec3/datanode-1/data/containers/hdds of  storage type : DISK and capacity : 1482555576320
2019-11-14 13:45:14,946 [main] INFO  volume.VolumeSet (VolumeSet.java:initializeVolumeSet(170)) - Added Volume : /workdir/hadoop-ozone/tools/target/test-dir/MiniOzoneClusterImpl-1db13fd8-7b5c-4c28-b07c-c36c47cddec3/datanode-1/data/containers/hdds to VolumeSet
2019-11-14 13:45:14,946 [main] INFO  volume.ThrottledAsyncChecker (ThrottledAsyncChecker.java:schedule(141)) - Scheduling a check for /workdir/hadoop-ozone/tools/target/test-dir/MiniOzoneClusterImpl-1db13fd8-7b5c-4c28-b07c-c36c47cddec3/datanode-1/data/containers/hdds
2019-11-14 13:45:14,947 [main] INFO  volume.HddsVolumeChecker (HddsVolumeChecker.java:checkAllVolumes(204)) - Scheduled health check for volume /workdir/hadoop-ozone/tools/target/test-dir/MiniOzoneClusterImpl-1db13fd8-7b5c-4c28-b07c-c36c47cddec3/datanode-1/data/containers/hdds
2019-11-14 13:45:14,960 [main] INFO  impl.RaftServerProxy (ConfUtils.java:logGet(43)) - raft.rpc.type = GRPC (default)
2019-11-14 13:45:14,960 [main] INFO  grpc.GrpcFactory (GrpcFactory.java:checkPooledByteBufAllocatorUseCacheForAllThreads(45)) - PERFORMANCE WARNING: useCacheForAllThreads is true that may cause Netty to create a lot garbage objects and, as a result, trigger GC.
	It is recommended to disable useCacheForAllThreads by setting -Dorg.apache.ratis.thirdparty.io.netty.allocator.useCacheForAllThreads=false in command line.
2019-11-14 13:45:14,961 [main] INFO  grpc.GrpcConfigKeys$Server (ConfUtils.java:logGet(43)) - raft.grpc.server.port = 0 (default)
2019-11-14 13:45:14,961 [main] INFO  server.GrpcService (ConfUtils.java:logGet(43)) - raft.grpc.message.size.max = 33570816 (custom)
2019-11-14 13:45:14,961 [main] INFO  server.RaftServerConfigKeys (ConfUtils.java:logGet(43)) - raft.server.log.appender.buffer.byte-limit = 33554432 (custom)
2019-11-14 13:45:14,961 [main] INFO  server.GrpcService (ConfUtils.java:logGet(43)) - raft.grpc.flow.control.window = 1MB (=1048576) (default)
2019-11-14 13:45:14,961 [main] INFO  server.RaftServerConfigKeys (ConfUtils.java:logGet(43)) - raft.server.rpc.request.timeout = 3000ms (default)
2019-11-14 13:45:14,962 [main] INFO  server.RaftServerConfigKeys (ConfUtils.java:logGet(43)) - raft.server.storage.dir = [/workdir/hadoop-ozone/tools/target/test-dir/MiniOzoneClusterImpl-1db13fd8-7b5c-4c28-b07c-c36c47cddec3/datanode-1/data/ratis] (custom)
2019-11-14 13:45:14,964 [main] INFO  hdfs.DFSUtil (DFSUtil.java:httpServerTemplateForNNAndJN(1641)) - Starting Web-server for hddsDatanode at: http://0.0.0.0:0
2019-11-14 13:45:14,965 [main] INFO  server.AuthenticationFilter (AuthenticationFilter.java:constructSecretProvider(240)) - Unable to initialize FileSignerSecretProvider, falling back to use random secrets.
2019-11-14 13:45:14,965 [main] WARN  http.HttpRequestLog (HttpRequestLog.java:getRequestLog(97)) - Jetty request log can only be enabled using Log4j
2019-11-14 13:45:14,967 [main] INFO  http.HttpServer2 (HttpServer2.java:addGlobalFilter(975)) - Added global filter 'safety' (class=org.apache.hadoop.http.HttpServer2$QuotingInputFilter)
2019-11-14 13:45:14,968 [main] INFO  http.HttpServer2 (HttpServer2.java:addFilter(948)) - Added filter static_user_filter (class=org.apache.hadoop.http.lib.StaticUserWebFilter$StaticUserFilter) to context hddsDatanode
2019-11-14 13:45:14,968 [main] INFO  http.HttpServer2 (HttpServer2.java:addFilter(958)) - Added filter static_user_filter (class=org.apache.hadoop.http.lib.StaticUserWebFilter$StaticUserFilter) to context static
2019-11-14 13:45:14,968 [main] INFO  http.HttpServer2 (HttpServer2.java:addFilter(958)) - Added filter static_user_filter (class=org.apache.hadoop.http.lib.StaticUserWebFilter$StaticUserFilter) to context logs
2019-11-14 13:45:14,969 [main] INFO  http.HttpServer2 (HttpServer2.java:bindListener(1191)) - Jetty bound to port 42134
2019-11-14 13:45:14,969 [main] INFO  server.Server (Server.java:doStart(351)) - jetty-9.3.25.v20180904, build timestamp: 2018-09-04T21:11:46Z, git hash: 3ce520221d0240229c862b122d2b06c12a625732
2019-11-14 13:45:14,971 [main] INFO  handler.ContextHandler (ContextHandler.java:doStart(781)) - Started o.e.j.s.ServletContextHandler@1dba4e06{/logs,file:///workdir/hadoop-ozone/tools/target/log,AVAILABLE}
2019-11-14 13:45:14,972 [main] INFO  handler.ContextHandler (ContextHandler.java:doStart(781)) - Started o.e.j.s.ServletContextHandler@6b2e46af{/static,jar:file:/home/user/.m2/repository/org/apache/hadoop/hadoop-hdds-container-service/0.5.0-SNAPSHOT/hadoop-hdds-container-service-0.5.0-SNAPSHOT.jar!/webapps/static,AVAILABLE}
2019-11-14 13:45:14,998 [main] INFO  handler.ContextHandler (ContextHandler.java:doStart(781)) - Started o.e.j.w.WebAppContext@22a736d7{/,file:///tmp/jetty-0.0.0.0-42134-hddsDatanode-_-any-4990461350499572506.dir/webapp/,AVAILABLE}{/hddsDatanode}
2019-11-14 13:45:14,999 [main] INFO  server.AbstractConnector (AbstractConnector.java:doStart(278)) - Started ServerConnector@23b8d9f3{HTTP/1.1,[http/1.1]}{0.0.0.0:42134}
2019-11-14 13:45:14,999 [main] INFO  server.Server (Server.java:doStart(419)) - Started @4750ms
2019-11-14 13:45:15,000 [main] WARN  impl.MetricsSystemImpl (MetricsSystemImpl.java:register(276)) - Sink prometheus already exists!
2019-11-14 13:45:15,000 [main] INFO  server.BaseHttpServer (BaseHttpServer.java:updateConnectorAddress(215)) - HTTP server of HDDSDATANODE is listening at http://0.0.0.0:42134
2019-11-14 13:45:15,001 [main] INFO  impl.MetricsSystemImpl (MetricsSystemImpl.java:init(158)) - HddsDatanode metrics system started (again)
2019-11-14 13:45:15,003 [main] INFO  ozone.HddsDatanodeService (HddsDatanodeService.java:start(186)) - HddsDatanodeService host:pr-hdds-2481-nxhrh-893604966 ip:192.168.34.21
2019-11-14 13:45:15,004 [org.apache.hadoop.util.JvmPauseMonitor$Monitor@67ebd253] INFO  util.JvmPauseMonitor (JvmPauseMonitor.java:run(188)) - Starting JVM pause monitor
2019-11-14 13:45:15,010 [main] INFO  volume.HddsVolume (HddsVolume.java:<init>(176)) - Creating Volume: /workdir/hadoop-ozone/tools/target/test-dir/MiniOzoneClusterImpl-1db13fd8-7b5c-4c28-b07c-c36c47cddec3/datanode-2/data/containers/hdds of  storage type : DISK and capacity : 1482555576320
2019-11-14 13:45:15,011 [main] INFO  volume.VolumeSet (VolumeSet.java:initializeVolumeSet(170)) - Added Volume : /workdir/hadoop-ozone/tools/target/test-dir/MiniOzoneClusterImpl-1db13fd8-7b5c-4c28-b07c-c36c47cddec3/datanode-2/data/containers/hdds to VolumeSet
2019-11-14 13:45:15,011 [main] INFO  volume.ThrottledAsyncChecker (ThrottledAsyncChecker.java:schedule(141)) - Scheduling a check for /workdir/hadoop-ozone/tools/target/test-dir/MiniOzoneClusterImpl-1db13fd8-7b5c-4c28-b07c-c36c47cddec3/datanode-2/data/containers/hdds
2019-11-14 13:45:15,011 [main] INFO  volume.HddsVolumeChecker (HddsVolumeChecker.java:checkAllVolumes(204)) - Scheduled health check for volume /workdir/hadoop-ozone/tools/target/test-dir/MiniOzoneClusterImpl-1db13fd8-7b5c-4c28-b07c-c36c47cddec3/datanode-2/data/containers/hdds
2019-11-14 13:45:15,024 [main] INFO  impl.RaftServerProxy (ConfUtils.java:logGet(43)) - raft.rpc.type = GRPC (default)
2019-11-14 13:45:15,025 [main] INFO  grpc.GrpcFactory (GrpcFactory.java:checkPooledByteBufAllocatorUseCacheForAllThreads(45)) - PERFORMANCE WARNING: useCacheForAllThreads is true that may cause Netty to create a lot garbage objects and, as a result, trigger GC.
	It is recommended to disable useCacheForAllThreads by setting -Dorg.apache.ratis.thirdparty.io.netty.allocator.useCacheForAllThreads=false in command line.
2019-11-14 13:45:15,025 [main] INFO  grpc.GrpcConfigKeys$Server (ConfUtils.java:logGet(43)) - raft.grpc.server.port = 0 (default)
2019-11-14 13:45:15,025 [main] INFO  server.GrpcService (ConfUtils.java:logGet(43)) - raft.grpc.message.size.max = 33570816 (custom)
2019-11-14 13:45:15,025 [main] INFO  server.RaftServerConfigKeys (ConfUtils.java:logGet(43)) - raft.server.log.appender.buffer.byte-limit = 33554432 (custom)
2019-11-14 13:45:15,025 [main] INFO  server.GrpcService (ConfUtils.java:logGet(43)) - raft.grpc.flow.control.window = 1MB (=1048576) (default)
2019-11-14 13:45:15,026 [main] INFO  server.RaftServerConfigKeys (ConfUtils.java:logGet(43)) - raft.server.rpc.request.timeout = 3000ms (default)
2019-11-14 13:45:15,027 [main] INFO  server.RaftServerConfigKeys (ConfUtils.java:logGet(43)) - raft.server.storage.dir = [/workdir/hadoop-ozone/tools/target/test-dir/MiniOzoneClusterImpl-1db13fd8-7b5c-4c28-b07c-c36c47cddec3/datanode-2/data/ratis] (custom)
2019-11-14 13:45:15,029 [main] INFO  hdfs.DFSUtil (DFSUtil.java:httpServerTemplateForNNAndJN(1641)) - Starting Web-server for hddsDatanode at: http://0.0.0.0:0
2019-11-14 13:45:15,030 [main] INFO  server.AuthenticationFilter (AuthenticationFilter.java:constructSecretProvider(240)) - Unable to initialize FileSignerSecretProvider, falling back to use random secrets.
2019-11-14 13:45:15,031 [main] WARN  http.HttpRequestLog (HttpRequestLog.java:getRequestLog(97)) - Jetty request log can only be enabled using Log4j
2019-11-14 13:45:15,033 [main] INFO  http.HttpServer2 (HttpServer2.java:addGlobalFilter(975)) - Added global filter 'safety' (class=org.apache.hadoop.http.HttpServer2$QuotingInputFilter)
2019-11-14 13:45:15,033 [Datanode State Machine Thread - 0] INFO  datanode.InitDatanodeState (InitDatanodeState.java:persistContainerDatanodeDetails(140)) - DatanodeDetails is persisted to /workdir/hadoop-ozone/tools/target/test-dir/MiniOzoneClusterImpl-1db13fd8-7b5c-4c28-b07c-c36c47cddec3/datanode-0/meta/datanode.id
2019-11-14 13:45:15,033 [main] INFO  http.HttpServer2 (HttpServer2.java:addFilter(948)) - Added filter static_user_filter (class=org.apache.hadoop.http.lib.StaticUserWebFilter$StaticUserFilter) to context hddsDatanode
2019-11-14 13:45:15,033 [main] INFO  http.HttpServer2 (HttpServer2.java:addFilter(958)) - Added filter static_user_filter (class=org.apache.hadoop.http.lib.StaticUserWebFilter$StaticUserFilter) to context static
2019-11-14 13:45:15,034 [main] INFO  http.HttpServer2 (HttpServer2.java:addFilter(958)) - Added filter static_user_filter (class=org.apache.hadoop.http.lib.StaticUserWebFilter$StaticUserFilter) to context logs
2019-11-14 13:45:15,035 [main] INFO  http.HttpServer2 (HttpServer2.java:bindListener(1191)) - Jetty bound to port 33295
2019-11-14 13:45:15,036 [main] INFO  server.Server (Server.java:doStart(351)) - jetty-9.3.25.v20180904, build timestamp: 2018-09-04T21:11:46Z, git hash: 3ce520221d0240229c862b122d2b06c12a625732
2019-11-14 13:45:15,037 [Datanode State Machine Thread - 0] INFO  datanode.InitDatanodeState (InitDatanodeState.java:persistContainerDatanodeDetails(140)) - DatanodeDetails is persisted to /workdir/hadoop-ozone/tools/target/test-dir/MiniOzoneClusterImpl-1db13fd8-7b5c-4c28-b07c-c36c47cddec3/datanode-1/meta/datanode.id
2019-11-14 13:45:15,039 [main] INFO  handler.ContextHandler (ContextHandler.java:doStart(781)) - Started o.e.j.s.ServletContextHandler@26f46fa6{/logs,file:///workdir/hadoop-ozone/tools/target/log,AVAILABLE}
2019-11-14 13:45:15,039 [main] INFO  handler.ContextHandler (ContextHandler.java:doStart(781)) - Started o.e.j.s.ServletContextHandler@9596ce8{/static,jar:file:/home/user/.m2/repository/org/apache/hadoop/hadoop-hdds-container-service/0.5.0-SNAPSHOT/hadoop-hdds-container-service-0.5.0-SNAPSHOT.jar!/webapps/static,AVAILABLE}
2019-11-14 13:45:15,068 [main] INFO  handler.ContextHandler (ContextHandler.java:doStart(781)) - Started o.e.j.w.WebAppContext@6981f8f3{/,file:///tmp/jetty-0.0.0.0-33295-hddsDatanode-_-any-4254421566056045026.dir/webapp/,AVAILABLE}{/hddsDatanode}
2019-11-14 13:45:15,069 [main] INFO  server.AbstractConnector (AbstractConnector.java:doStart(278)) - Started ServerConnector@623dcf2a{HTTP/1.1,[http/1.1]}{0.0.0.0:33295}
2019-11-14 13:45:15,069 [main] INFO  server.Server (Server.java:doStart(419)) - Started @4821ms
2019-11-14 13:45:15,070 [main] WARN  impl.MetricsSystemImpl (MetricsSystemImpl.java:register(276)) - Sink prometheus already exists!
2019-11-14 13:45:15,072 [main] INFO  server.BaseHttpServer (BaseHttpServer.java:updateConnectorAddress(215)) - HTTP server of HDDSDATANODE is listening at http://0.0.0.0:33295
2019-11-14 13:45:15,074 [main] INFO  ozone.MiniOzoneClusterImpl (MiniOzoneClusterImpl.java:lambda$waitForClusterToBeReady$2(171)) - Waiting for cluster to be ready. Got 0 of 3 DN Heartbeats.
2019-11-14 13:45:15,075 [org.apache.hadoop.util.JvmPauseMonitor$Monitor@23aad184] INFO  util.JvmPauseMonitor (JvmPauseMonitor.java:run(188)) - Starting JVM pause monitor
2019-11-14 13:45:15,078 [Datanode State Machine Thread - 0] INFO  datanode.InitDatanodeState (InitDatanodeState.java:persistContainerDatanodeDetails(140)) - DatanodeDetails is persisted to /workdir/hadoop-ozone/tools/target/test-dir/MiniOzoneClusterImpl-1db13fd8-7b5c-4c28-b07c-c36c47cddec3/datanode-2/meta/datanode.id
2019-11-14 13:45:16,074 [main] INFO  ozone.MiniOzoneClusterImpl (MiniOzoneClusterImpl.java:lambda$waitForClusterToBeReady$2(171)) - Waiting for cluster to be ready. Got 0 of 3 DN Heartbeats.
2019-11-14 13:45:17,052 [Datanode State Machine Thread - 0] INFO  ozoneimpl.OzoneContainer (OzoneContainer.java:start(230)) - Attempting to start container services.
2019-11-14 13:45:17,052 [Datanode State Machine Thread - 0] INFO  ozoneimpl.OzoneContainer (OzoneContainer.java:start(230)) - Attempting to start container services.
2019-11-14 13:45:17,058 [Datanode State Machine Thread - 0] INFO  ozoneimpl.OzoneContainer (OzoneContainer.java:startContainerScrub(194)) - Background container scanner has been disabled.
2019-11-14 13:45:17,058 [Datanode State Machine Thread - 0] INFO  ozoneimpl.OzoneContainer (OzoneContainer.java:startContainerScrub(194)) - Background container scanner has been disabled.
2019-11-14 13:45:17,058 [Datanode State Machine Thread - 0] INFO  ratis.XceiverServerRatis (XceiverServerRatis.java:start(421)) - Starting XceiverServerRatis bfde180a-cbea-4c85-9ba8-0c8be2b11c81 at port 0
2019-11-14 13:45:17,058 [Datanode State Machine Thread - 0] INFO  ratis.XceiverServerRatis (XceiverServerRatis.java:start(421)) - Starting XceiverServerRatis 75c40d31-072e-4316-95b1-c49fef33c450 at port 0
2019-11-14 13:45:17,075 [main] INFO  ozone.MiniOzoneClusterImpl (MiniOzoneClusterImpl.java:lambda$waitForClusterToBeReady$2(171)) - Waiting for cluster to be ready. Got 0 of 3 DN Heartbeats.
2019-11-14 13:45:17,090 [Datanode State Machine Thread - 0] INFO  impl.RaftServerProxy (RaftServerProxy.java:lambda$start$3(299)) - bfde180a-cbea-4c85-9ba8-0c8be2b11c81: start RPC server
2019-11-14 13:45:17,090 [Datanode State Machine Thread - 0] INFO  impl.RaftServerProxy (RaftServerProxy.java:lambda$start$3(299)) - 75c40d31-072e-4316-95b1-c49fef33c450: start RPC server
2019-11-14 13:45:17,095 [Datanode State Machine Thread - 0] INFO  ozoneimpl.OzoneContainer (OzoneContainer.java:start(230)) - Attempting to start container services.
2019-11-14 13:45:17,099 [Datanode State Machine Thread - 0] INFO  ozoneimpl.OzoneContainer (OzoneContainer.java:startContainerScrub(194)) - Background container scanner has been disabled.
2019-11-14 13:45:17,099 [Datanode State Machine Thread - 0] INFO  ratis.XceiverServerRatis (XceiverServerRatis.java:start(421)) - Starting XceiverServerRatis af1c79e4-3d23-48bd-b14c-0e82a476e394 at port 0
2019-11-14 13:45:17,108 [Datanode State Machine Thread - 0] INFO  impl.RaftServerProxy (RaftServerProxy.java:lambda$start$3(299)) - af1c79e4-3d23-48bd-b14c-0e82a476e394: start RPC server
2019-11-14 13:45:17,227 [Datanode State Machine Thread - 0] INFO  server.GrpcService (GrpcService.java:startImpl(158)) - af1c79e4-3d23-48bd-b14c-0e82a476e394: GrpcService started, listening on 0.0.0.0/0.0.0.0:46601
2019-11-14 13:45:17,227 [Datanode State Machine Thread - 0] INFO  server.GrpcService (GrpcService.java:startImpl(158)) - bfde180a-cbea-4c85-9ba8-0c8be2b11c81: GrpcService started, listening on 0.0.0.0/0.0.0.0:40757
2019-11-14 13:45:17,228 [Datanode State Machine Thread - 0] INFO  server.GrpcService (GrpcService.java:startImpl(158)) - 75c40d31-072e-4316-95b1-c49fef33c450: GrpcService started, listening on 0.0.0.0/0.0.0.0:42275
2019-11-14 13:45:17,229 [Datanode State Machine Thread - 0] INFO  ratis.XceiverServerRatis (XceiverServerRatis.java:start(431)) - XceiverServerRatis bfde180a-cbea-4c85-9ba8-0c8be2b11c81 is started using port 40757
2019-11-14 13:45:17,229 [Datanode State Machine Thread - 0] INFO  ratis.XceiverServerRatis (XceiverServerRatis.java:start(431)) - XceiverServerRatis af1c79e4-3d23-48bd-b14c-0e82a476e394 is started using port 46601
2019-11-14 13:45:17,229 [Datanode State Machine Thread - 0] INFO  ratis.XceiverServerRatis (XceiverServerRatis.java:start(431)) - XceiverServerRatis 75c40d31-072e-4316-95b1-c49fef33c450 is started using port 42275
2019-11-14 13:45:17,234 [Datanode State Machine Thread - 0] INFO  server.XceiverServerGrpc (XceiverServerGrpc.java:start(145)) - XceiverServerGrpc 75c40d31-072e-4316-95b1-c49fef33c450 is started using port 44163
2019-11-14 13:45:17,234 [Datanode State Machine Thread - 0] INFO  server.XceiverServerGrpc (XceiverServerGrpc.java:start(145)) - XceiverServerGrpc af1c79e4-3d23-48bd-b14c-0e82a476e394 is started using port 35507
2019-11-14 13:45:17,234 [Datanode State Machine Thread - 0] INFO  server.XceiverServerGrpc (XceiverServerGrpc.java:start(145)) - XceiverServerGrpc bfde180a-cbea-4c85-9ba8-0c8be2b11c81 is started using port 35765
2019-11-14 13:45:18,078 [main] INFO  ozone.MiniOzoneClusterImpl (MiniOzoneClusterImpl.java:lambda$waitForClusterToBeReady$2(171)) - Waiting for cluster to be ready. Got 0 of 3 DN Heartbeats.
2019-11-14 13:45:18,981 [IPC Server handler 3 on 36663] INFO  net.NetworkTopology (NetworkTopologyImpl.java:add(111)) - Added a new node: /default-rack/bfde180a-cbea-4c85-9ba8-0c8be2b11c81
2019-11-14 13:45:18,981 [IPC Server handler 3 on 36663] INFO  node.SCMNodeManager (SCMNodeManager.java:register(267)) - Registered Data node : bfde180a-cbea-4c85-9ba8-0c8be2b11c81{ip: 192.168.34.21, host: pr-hdds-2481-nxhrh-893604966, networkLocation: /default-rack, certSerialId: null}
2019-11-14 13:45:18,985 [EventQueue-NodeRegistrationContainerReportForDataNodeSafeModeRule] INFO  safemode.SCMSafeModeManager (DataNodeSafeModeRule.java:process(71)) - SCM in safe mode. 1 DataNodes registered, 1 required.
2019-11-14 13:45:18,985 [EventQueue-NodeRegistrationContainerReportForDataNodeSafeModeRule] INFO  safemode.SCMSafeModeManager (SCMSafeModeManager.java:validateSafeModeExitRules(177)) - ScmSafeModeManager, all rules are successfully validated
2019-11-14 13:45:18,986 [EventQueue-NodeRegistrationContainerReportForDataNodeSafeModeRule] INFO  safemode.SCMSafeModeManager (SCMSafeModeManager.java:exitSafeMode(193)) - SCM exiting safe mode.
2019-11-14 13:45:19,007 [IPC Server handler 1 on 36663] INFO  net.NetworkTopology (NetworkTopologyImpl.java:add(111)) - Added a new node: /default-rack/75c40d31-072e-4316-95b1-c49fef33c450
2019-11-14 13:45:19,007 [IPC Server handler 1 on 36663] INFO  node.SCMNodeManager (SCMNodeManager.java:register(267)) - Registered Data node : 75c40d31-072e-4316-95b1-c49fef33c450{ip: 192.168.34.21, host: pr-hdds-2481-nxhrh-893604966, networkLocation: /default-rack, certSerialId: null}
2019-11-14 13:45:19,094 [IPC Server handler 3 on 36663] INFO  net.NetworkTopology (NetworkTopologyImpl.java:add(111)) - Added a new node: /default-rack/af1c79e4-3d23-48bd-b14c-0e82a476e394
2019-11-14 13:45:19,095 [IPC Server handler 3 on 36663] INFO  node.SCMNodeManager (SCMNodeManager.java:register(267)) - Registered Data node : af1c79e4-3d23-48bd-b14c-0e82a476e394{ip: 192.168.34.21, host: pr-hdds-2481-nxhrh-893604966, networkLocation: /default-rack, certSerialId: null}
2019-11-14 13:45:19,477 [grpc-default-executor-0] INFO  impl.RaftServerProxy (RaftServerProxy.java:addNew(89)) - bfde180a-cbea-4c85-9ba8-0c8be2b11c81: addNew group-0E0C6A33EBCE:[bfde180a-cbea-4c85-9ba8-0c8be2b11c81:192.168.34.21:40757] returns group-0E0C6A33EBCE:java.util.concurrent.CompletableFuture@26c57e4e[Not completed]
2019-11-14 13:45:19,488 [pool-27-thread-1] INFO  impl.RaftServerImpl (RaftServerImpl.java:<init>(98)) - bfde180a-cbea-4c85-9ba8-0c8be2b11c81: new RaftServerImpl for group-0E0C6A33EBCE:[bfde180a-cbea-4c85-9ba8-0c8be2b11c81:192.168.34.21:40757] with ContainerStateMachine:uninitialized
2019-11-14 13:45:19,491 [pool-27-thread-1] INFO  server.RaftServerConfigKeys (ConfUtils.java:logGet(43)) - raft.server.rpc.timeout.min = 5s (custom)
2019-11-14 13:45:19,492 [pool-27-thread-1] INFO  server.RaftServerConfigKeys (ConfUtils.java:logGet(43)) - raft.server.rpc.timeout.max = 5200ms (custom)
2019-11-14 13:45:19,492 [pool-27-thread-1] INFO  server.RaftServerConfigKeys (ConfUtils.java:logGet(43)) - raft.server.rpcslowness.timeout = 120s (custom)
2019-11-14 13:45:19,493 [pool-27-thread-1] INFO  server.RaftServerConfigKeys (ConfUtils.java:logGet(43)) - raft.server.sleep.deviation.threshold = 300 (default)
2019-11-14 13:45:19,493 [pool-27-thread-1] INFO  server.RaftServerConfigKeys (ConfUtils.java:logGet(43)) - raft.server.log.appender.install.snapshot.enabled = false (custom)
2019-11-14 13:45:19,502 [pool-27-thread-1] INFO  impl.RaftServerImpl (ServerState.java:<init>(103)) - bfde180a-cbea-4c85-9ba8-0c8be2b11c81@group-0E0C6A33EBCE: ConfigurationManager, init=-1: [bfde180a-cbea-4c85-9ba8-0c8be2b11c81:192.168.34.21:40757], old=null, confs=<EMPTY_MAP>
2019-11-14 13:45:19,503 [pool-27-thread-1] INFO  server.RaftServerConfigKeys (ConfUtils.java:logGet(43)) - raft.server.storage.dir = [/workdir/hadoop-ozone/tools/target/test-dir/MiniOzoneClusterImpl-1db13fd8-7b5c-4c28-b07c-c36c47cddec3/datanode-0/data/ratis] (custom)
2019-11-14 13:45:19,511 [pool-27-thread-1] INFO  server.RaftServerConfigKeys (ConfUtils.java:logGet(43)) - raft.server.log.corruption.policy = EXCEPTION (default)
2019-11-14 13:45:19,513 [pool-27-thread-1] INFO  storage.RaftStorageDirectory (RaftStorageDirectory.java:analyzeStorage(246)) - The storage directory /workdir/hadoop-ozone/tools/target/test-dir/MiniOzoneClusterImpl-1db13fd8-7b5c-4c28-b07c-c36c47cddec3/datanode-0/data/ratis/dcaed35d-8d95-4ef4-8644-0e0c6a33ebce does not exist. Creating ...
2019-11-14 13:45:19,543 [pool-27-thread-1] INFO  storage.RaftStorageDirectory (RaftStorageDirectory.java:tryLock(328)) - Lock on /workdir/hadoop-ozone/tools/target/test-dir/MiniOzoneClusterImpl-1db13fd8-7b5c-4c28-b07c-c36c47cddec3/datanode-0/data/ratis/dcaed35d-8d95-4ef4-8644-0e0c6a33ebce/in_use.lock acquired by nodename 19331@pr-hdds-2481-nxhrh-893604966
2019-11-14 13:45:19,559 [pool-27-thread-1] INFO  storage.RaftStorage (RaftStorage.java:format(84)) - Storage directory /workdir/hadoop-ozone/tools/target/test-dir/MiniOzoneClusterImpl-1db13fd8-7b5c-4c28-b07c-c36c47cddec3/datanode-0/data/ratis/dcaed35d-8d95-4ef4-8644-0e0c6a33ebce has been successfully formatted.
2019-11-14 13:45:19,563 [pool-27-thread-1] INFO  ratis.ContainerStateMachine (ContainerStateMachine.java:loadSnapshot(223)) - group-0E0C6A33EBCE: The snapshot info is null. Setting the last applied indexto:(t:0, i:~)
2019-11-14 13:45:19,563 [pool-27-thread-1] INFO  server.RaftServerConfigKeys (ConfUtils.java:logGet(43)) - raft.server.notification.no-leader.timeout = 120s (custom)
2019-11-14 13:45:19,566 [pool-27-thread-1] INFO  server.RaftServerConfigKeys (ConfUtils.java:logGet(43)) - raft.server.log.use.memory = false (default)
2019-11-14 13:45:19,574 [pool-27-thread-1] INFO  server.RaftServerConfigKeys (ConfUtils.java:logGet(43)) - raft.server.log.purge.gap = 1000000 (custom)
2019-11-14 13:45:19,575 [pool-27-thread-1] INFO  server.RaftServerConfigKeys (ConfUtils.java:logGet(43)) - raft.server.log.appender.buffer.byte-limit = 33554432 (custom)
2019-11-14 13:45:19,578 [pool-27-thread-1] INFO  server.RaftServerConfigKeys (ConfUtils.java:logGet(43)) - raft.server.log.segment.size.max = 1048576 (custom)
2019-11-14 13:45:19,584 [pool-27-thread-1] INFO  metrics.MetricRegistries (MetricRegistriesLoader.java:load(64)) - Loaded MetricRegistries class org.apache.ratis.metrics.impl.MetricRegistriesImpl
2019-11-14 13:45:19,589 [pool-27-thread-1] WARN  impl.MetricRegistriesImpl (MetricRegistriesImpl.java:lambda$create$1(61)) - First MetricRegistry has been created without registering reporters. You may need to call MetricRegistries.global().addReportRegistration(...) before.
2019-11-14 13:45:19,597 [pool-27-thread-1] INFO  server.RaftServerConfigKeys (ConfUtils.java:logGet(43)) - raft.server.log.segment.cache.num.max = 2 (custom)
2019-11-14 13:45:19,604 [pool-27-thread-1] INFO  segmented.SegmentedRaftLogWorker (SegmentedRaftLogWorker.java:<init>(173)) - new bfde180a-cbea-4c85-9ba8-0c8be2b11c81@group-0E0C6A33EBCE-SegmentedRaftLogWorker for RaftStorage:Storage Directory /workdir/hadoop-ozone/tools/target/test-dir/MiniOzoneClusterImpl-1db13fd8-7b5c-4c28-b07c-c36c47cddec3/datanode-0/data/ratis/dcaed35d-8d95-4ef4-8644-0e0c6a33ebce
2019-11-14 13:45:19,604 [pool-27-thread-1] INFO  server.RaftServerConfigKeys (ConfUtils.java:logGet(43)) - raft.server.log.queue.byte-limit = 2147483647 (custom)
2019-11-14 13:45:19,605 [pool-27-thread-1] INFO  server.RaftServerConfigKeys (ConfUtils.java:logGet(43)) - raft.server.log.queue.element-limit = 1024 (custom)
2019-11-14 13:45:19,606 [pool-27-thread-1] INFO  server.RaftServerConfigKeys (ConfUtils.java:logGet(43)) - raft.server.log.segment.size.max = 1048576 (custom)
2019-11-14 13:45:19,607 [pool-27-thread-1] INFO  server.RaftServerConfigKeys (ConfUtils.java:logGet(43)) - raft.server.log.preallocated.size = 16384 (custom)
2019-11-14 13:45:19,608 [pool-27-thread-1] INFO  server.RaftServerConfigKeys (ConfUtils.java:logGet(43)) - raft.server.log.write.buffer.size = 33554432 (custom)
2019-11-14 13:45:19,608 [pool-27-thread-1] INFO  server.RaftServerConfigKeys (ConfUtils.java:logGet(43)) - raft.server.log.force.sync.num = 128 (default)
2019-11-14 13:45:19,610 [pool-27-thread-1] INFO  server.RaftServerConfigKeys (ConfUtils.java:logGet(43)) - raft.server.log.statemachine.data.sync = true (default)
2019-11-14 13:45:19,610 [pool-27-thread-1] INFO  server.RaftServerConfigKeys (ConfUtils.java:logGet(43)) - raft.server.log.statemachine.data.sync.timeout = 10s (default)
2019-11-14 13:45:19,611 [pool-27-thread-1] INFO  server.RaftServerConfigKeys (ConfUtils.java:logGet(43)) - raft.server.log.statemachine.data.sync.timeout.retry = -1 (default)
2019-11-14 13:45:19,626 [pool-27-thread-1] INFO  server.RaftServerConfigKeys (ConfUtils.java:logGet(43)) - raft.server.log.statemachine.data.caching.enabled = true (custom)
2019-11-14 13:45:19,631 [pool-27-thread-1] INFO  segmented.SegmentedRaftLogWorker (SegmentedRaftLogWorker.java:lambda$new$0(128)) - bfde180a-cbea-4c85-9ba8-0c8be2b11c81@group-0E0C6A33EBCE-SegmentedRaftLogWorker: flushIndex: setUnconditionally 0 -> -1
2019-11-14 13:45:19,642 [pool-27-thread-1] INFO  server.RaftServerConfigKeys (ConfUtils.java:logGet(43)) - raft.server.snapshot.auto.trigger.enabled = true (custom)
2019-11-14 13:45:19,644 [pool-27-thread-1] INFO  server.RaftServerConfigKeys (ConfUtils.java:logGet(43)) - raft.server.snapshot.auto.trigger.threshold = 10000 (custom)
2019-11-14 13:45:19,645 [pool-27-thread-1] INFO  server.RaftServerConfigKeys (ConfUtils.java:logGet(43)) - raft.server.snapshot.retention.file.num = 5 (custom)
2019-11-14 13:45:19,646 [pool-27-thread-1] INFO  server.RaftServerConfigKeys (ConfUtils.java:logGet(43)) - raft.server.retrycache.expirytime = 600000ms (custom)
2019-11-14 13:45:19,670 [pool-27-thread-1] WARN  impl.MetricRegistriesImpl (MetricRegistriesImpl.java:lambda$create$1(61)) - First MetricRegistry has been created without registering reporters. You may need to call MetricRegistries.global().addReportRegistration(...) before.
2019-11-14 13:45:19,672 [pool-27-thread-1] WARN  impl.MetricRegistriesImpl (MetricRegistriesImpl.java:lambda$create$1(61)) - First MetricRegistry has been created without registering reporters. You may need to call MetricRegistries.global().addReportRegistration(...) before.
2019-11-14 13:45:19,674 [pool-27-thread-1] INFO  impl.RaftServerImpl (RaftServerImpl.java:start(184)) - bfde180a-cbea-4c85-9ba8-0c8be2b11c81@group-0E0C6A33EBCE: start as a follower, conf=-1: [bfde180a-cbea-4c85-9ba8-0c8be2b11c81:192.168.34.21:40757], old=null
2019-11-14 13:45:19,675 [pool-27-thread-1] INFO  impl.RaftServerImpl (RaftServerImpl.java:setRole(173)) - bfde180a-cbea-4c85-9ba8-0c8be2b11c81@group-0E0C6A33EBCE: changes role from      null to FOLLOWER at term 0 for startAsFollower
2019-11-14 13:45:19,677 [pool-27-thread-1] INFO  impl.RoleInfo (RoleInfo.java:updateAndGet(143)) - bfde180a-cbea-4c85-9ba8-0c8be2b11c81: start FollowerState
2019-11-14 13:45:19,679 [pool-27-thread-1] INFO  util.JmxRegister (JmxRegister.java:tryRegister(44)) - Successfully registered JMX Bean with object name Ratis:service=RaftServer,group=group-0E0C6A33EBCE,id=bfde180a-cbea-4c85-9ba8-0c8be2b11c81
2019-11-14 13:45:19,681 [pool-27-thread-1] WARN  impl.MetricRegistriesImpl (MetricRegistriesImpl.java:lambda$create$1(61)) - First MetricRegistry has been created without registering reporters. You may need to call MetricRegistries.global().addReportRegistration(...) before.
2019-11-14 13:45:19,744 [RatisPipelineUtilsThread] INFO  pipeline.PipelineStateManager (PipelineStateManager.java:addPipeline(55)) - Created pipeline Pipeline[ Id: dcaed35d-8d95-4ef4-8644-0e0c6a33ebce, Nodes: bfde180a-cbea-4c85-9ba8-0c8be2b11c81{ip: 192.168.34.21, host: pr-hdds-2481-nxhrh-893604966, networkLocation: /default-rack, certSerialId: null}, Type:RATIS, Factor:ONE, State:ALLOCATED]
2019-11-14 13:45:19,763 [grpc-default-executor-0] INFO  impl.RaftServerProxy (RaftServerProxy.java:addNew(89)) - 75c40d31-072e-4316-95b1-c49fef33c450: addNew group-2315DB35DF11:[75c40d31-072e-4316-95b1-c49fef33c450:192.168.34.21:42275] returns group-2315DB35DF11:java.util.concurrent.CompletableFuture@26b0619[Not completed]
2019-11-14 13:45:19,783 [pool-37-thread-1] INFO  impl.RaftServerImpl (RaftServerImpl.java:<init>(98)) - 75c40d31-072e-4316-95b1-c49fef33c450: new RaftServerImpl for group-2315DB35DF11:[75c40d31-072e-4316-95b1-c49fef33c450:192.168.34.21:42275] with ContainerStateMachine:uninitialized
2019-11-14 13:45:19,785 [pool-37-thread-1] INFO  server.RaftServerConfigKeys (ConfUtils.java:logGet(43)) - raft.server.rpc.timeout.min = 5s (custom)
2019-11-14 13:45:19,785 [pool-37-thread-1] INFO  server.RaftServerConfigKeys (ConfUtils.java:logGet(43)) - raft.server.rpc.timeout.max = 5200ms (custom)
2019-11-14 13:45:19,785 [pool-37-thread-1] INFO  server.RaftServerConfigKeys (ConfUtils.java:logGet(43)) - raft.server.rpcslowness.timeout = 120s (custom)
2019-11-14 13:45:19,785 [pool-37-thread-1] INFO  server.RaftServerConfigKeys (ConfUtils.java:logGet(43)) - raft.server.sleep.deviation.threshold = 300 (default)
2019-11-14 13:45:19,785 [pool-37-thread-1] INFO  server.RaftServerConfigKeys (ConfUtils.java:logGet(43)) - raft.server.log.appender.install.snapshot.enabled = false (custom)
2019-11-14 13:45:19,785 [pool-37-thread-1] INFO  impl.RaftServerImpl (ServerState.java:<init>(103)) - 75c40d31-072e-4316-95b1-c49fef33c450@group-2315DB35DF11: ConfigurationManager, init=-1: [75c40d31-072e-4316-95b1-c49fef33c450:192.168.34.21:42275], old=null, confs=<EMPTY_MAP>
2019-11-14 13:45:19,786 [pool-37-thread-1] INFO  server.RaftServerConfigKeys (ConfUtils.java:logGet(43)) - raft.server.storage.dir = [/workdir/hadoop-ozone/tools/target/test-dir/MiniOzoneClusterImpl-1db13fd8-7b5c-4c28-b07c-c36c47cddec3/datanode-1/data/ratis] (custom)
2019-11-14 13:45:19,786 [pool-37-thread-1] INFO  server.RaftServerConfigKeys (ConfUtils.java:logGet(43)) - raft.server.log.corruption.policy = EXCEPTION (default)
2019-11-14 13:45:19,786 [pool-37-thread-1] INFO  storage.RaftStorageDirectory (RaftStorageDirectory.java:analyzeStorage(246)) - The storage directory /workdir/hadoop-ozone/tools/target/test-dir/MiniOzoneClusterImpl-1db13fd8-7b5c-4c28-b07c-c36c47cddec3/datanode-1/data/ratis/f8566468-a1fc-4c35-9afb-2315db35df11 does not exist. Creating ...
2019-11-14 13:45:19,800 [pool-37-thread-1] INFO  storage.RaftStorageDirectory (RaftStorageDirectory.java:tryLock(328)) - Lock on /workdir/hadoop-ozone/tools/target/test-dir/MiniOzoneClusterImpl-1db13fd8-7b5c-4c28-b07c-c36c47cddec3/datanode-1/data/ratis/f8566468-a1fc-4c35-9afb-2315db35df11/in_use.lock acquired by nodename 19331@pr-hdds-2481-nxhrh-893604966
2019-11-14 13:45:19,812 [pool-37-thread-1] INFO  storage.RaftStorage (RaftStorage.java:format(84)) - Storage directory /workdir/hadoop-ozone/tools/target/test-dir/MiniOzoneClusterImpl-1db13fd8-7b5c-4c28-b07c-c36c47cddec3/datanode-1/data/ratis/f8566468-a1fc-4c35-9afb-2315db35df11 has been successfully formatted.
2019-11-14 13:45:19,813 [pool-37-thread-1] INFO  ratis.ContainerStateMachine (ContainerStateMachine.java:loadSnapshot(223)) - group-2315DB35DF11: The snapshot info is null. Setting the last applied indexto:(t:0, i:~)
2019-11-14 13:45:19,814 [pool-37-thread-1] INFO  server.RaftServerConfigKeys (ConfUtils.java:logGet(43)) - raft.server.notification.no-leader.timeout = 120s (custom)
2019-11-14 13:45:19,814 [pool-37-thread-1] INFO  server.RaftServerConfigKeys (ConfUtils.java:logGet(43)) - raft.server.log.use.memory = false (default)
2019-11-14 13:45:19,814 [pool-37-thread-1] INFO  server.RaftServerConfigKeys (ConfUtils.java:logGet(43)) - raft.server.log.purge.gap = 1000000 (custom)
2019-11-14 13:45:19,814 [pool-37-thread-1] INFO  server.RaftServerConfigKeys (ConfUtils.java:logGet(43)) - raft.server.log.appender.buffer.byte-limit = 33554432 (custom)
2019-11-14 13:45:19,814 [pool-37-thread-1] INFO  server.RaftServerConfigKeys (ConfUtils.java:logGet(43)) - raft.server.log.segment.size.max = 1048576 (custom)
2019-11-14 13:45:19,814 [pool-37-thread-1] WARN  impl.MetricRegistriesImpl (MetricRegistriesImpl.java:lambda$create$1(61)) - First MetricRegistry has been created without registering reporters. You may need to call MetricRegistries.global().addReportRegistration(...) before.
2019-11-14 13:45:19,815 [pool-37-thread-1] INFO  server.RaftServerConfigKeys (ConfUtils.java:logGet(43)) - raft.server.log.segment.cache.num.max = 2 (custom)
2019-11-14 13:45:19,815 [pool-37-thread-1] INFO  segmented.SegmentedRaftLogWorker (SegmentedRaftLogWorker.java:<init>(173)) - new 75c40d31-072e-4316-95b1-c49fef33c450@group-2315DB35DF11-SegmentedRaftLogWorker for RaftStorage:Storage Directory /workdir/hadoop-ozone/tools/target/test-dir/MiniOzoneClusterImpl-1db13fd8-7b5c-4c28-b07c-c36c47cddec3/datanode-1/data/ratis/f8566468-a1fc-4c35-9afb-2315db35df11
2019-11-14 13:45:19,816 [pool-37-thread-1] INFO  server.RaftServerConfigKeys (ConfUtils.java:logGet(43)) - raft.server.log.queue.byte-limit = 2147483647 (custom)
2019-11-14 13:45:19,816 [pool-37-thread-1] INFO  server.RaftServerConfigKeys (ConfUtils.java:logGet(43)) - raft.server.log.queue.element-limit = 1024 (custom)
2019-11-14 13:45:19,816 [pool-37-thread-1] INFO  server.RaftServerConfigKeys (ConfUtils.java:logGet(43)) - raft.server.log.segment.size.max = 1048576 (custom)
2019-11-14 13:45:19,816 [pool-37-thread-1] INFO  server.RaftServerConfigKeys (ConfUtils.java:logGet(43)) - raft.server.log.preallocated.size = 16384 (custom)
2019-11-14 13:45:19,816 [pool-37-thread-1] INFO  server.RaftServerConfigKeys (ConfUtils.java:logGet(43)) - raft.server.log.write.buffer.size = 33554432 (custom)
2019-11-14 13:45:19,816 [pool-37-thread-1] INFO  server.RaftServerConfigKeys (ConfUtils.java:logGet(43)) - raft.server.log.force.sync.num = 128 (default)
2019-11-14 13:45:19,817 [pool-37-thread-1] INFO  server.RaftServerConfigKeys (ConfUtils.java:logGet(43)) - raft.server.log.statemachine.data.sync = true (default)
2019-11-14 13:45:19,817 [pool-37-thread-1] INFO  server.RaftServerConfigKeys (ConfUtils.java:logGet(43)) - raft.server.log.statemachine.data.sync.timeout = 10s (default)
2019-11-14 13:45:19,817 [pool-37-thread-1] INFO  server.RaftServerConfigKeys (ConfUtils.java:logGet(43)) - raft.server.log.statemachine.data.sync.timeout.retry = -1 (default)
2019-11-14 13:45:19,817 [pool-37-thread-1] INFO  server.RaftServerConfigKeys (ConfUtils.java:logGet(43)) - raft.server.log.statemachine.data.caching.enabled = true (custom)
2019-11-14 13:45:19,818 [pool-37-thread-1] INFO  segmented.SegmentedRaftLogWorker (SegmentedRaftLogWorker.java:lambda$new$0(128)) - 75c40d31-072e-4316-95b1-c49fef33c450@group-2315DB35DF11-SegmentedRaftLogWorker: flushIndex: setUnconditionally 0 -> -1
2019-11-14 13:45:19,818 [pool-37-thread-1] INFO  server.RaftServerConfigKeys (ConfUtils.java:logGet(43)) - raft.server.snapshot.auto.trigger.enabled = true (custom)
2019-11-14 13:45:19,818 [pool-37-thread-1] INFO  server.RaftServerConfigKeys (ConfUtils.java:logGet(43)) - raft.server.snapshot.auto.trigger.threshold = 10000 (custom)
2019-11-14 13:45:19,818 [pool-37-thread-1] INFO  server.RaftServerConfigKeys (ConfUtils.java:logGet(43)) - raft.server.snapshot.retention.file.num = 5 (custom)
2019-11-14 13:45:19,818 [pool-37-thread-1] INFO  server.RaftServerConfigKeys (ConfUtils.java:logGet(43)) - raft.server.retrycache.expirytime = 600000ms (custom)
2019-11-14 13:45:19,819 [pool-37-thread-1] WARN  impl.MetricRegistriesImpl (MetricRegistriesImpl.java:lambda$create$1(61)) - First MetricRegistry has been created without registering reporters. You may need to call MetricRegistries.global().addReportRegistration(...) before.
2019-11-14 13:45:19,819 [pool-37-thread-1] WARN  impl.MetricRegistriesImpl (MetricRegistriesImpl.java:lambda$create$1(61)) - First MetricRegistry has been created without registering reporters. You may need to call MetricRegistries.global().addReportRegistration(...) before.
2019-11-14 13:45:19,819 [pool-37-thread-1] INFO  impl.RaftServerImpl (RaftServerImpl.java:start(184)) - 75c40d31-072e-4316-95b1-c49fef33c450@group-2315DB35DF11: start as a follower, conf=-1: [75c40d31-072e-4316-95b1-c49fef33c450:192.168.34.21:42275], old=null
2019-11-14 13:45:19,819 [pool-37-thread-1] INFO  impl.RaftServerImpl (RaftServerImpl.java:setRole(173)) - 75c40d31-072e-4316-95b1-c49fef33c450@group-2315DB35DF11: changes role from      null to FOLLOWER at term 0 for startAsFollower
2019-11-14 13:45:19,819 [pool-37-thread-1] INFO  impl.RoleInfo (RoleInfo.java:updateAndGet(143)) - 75c40d31-072e-4316-95b1-c49fef33c450: start FollowerState
2019-11-14 13:45:19,820 [pool-37-thread-1] INFO  util.JmxRegister (JmxRegister.java:tryRegister(44)) - Successfully registered JMX Bean with object name Ratis:service=RaftServer,group=group-2315DB35DF11,id=75c40d31-072e-4316-95b1-c49fef33c450
2019-11-14 13:45:19,821 [pool-37-thread-1] WARN  impl.MetricRegistriesImpl (MetricRegistriesImpl.java:lambda$create$1(61)) - First MetricRegistry has been created without registering reporters. You may need to call MetricRegistries.global().addReportRegistration(...) before.
2019-11-14 13:45:19,829 [RatisPipelineUtilsThread] INFO  pipeline.PipelineStateManager (PipelineStateManager.java:addPipeline(55)) - Created pipeline Pipeline[ Id: f8566468-a1fc-4c35-9afb-2315db35df11, Nodes: 75c40d31-072e-4316-95b1-c49fef33c450{ip: 192.168.34.21, host: pr-hdds-2481-nxhrh-893604966, networkLocation: /default-rack, certSerialId: null}, Type:RATIS, Factor:ONE, State:ALLOCATED]
2019-11-14 13:45:19,845 [grpc-default-executor-0] INFO  impl.RaftServerProxy (RaftServerProxy.java:addNew(89)) - af1c79e4-3d23-48bd-b14c-0e82a476e394: addNew group-F633A1A8254E:[af1c79e4-3d23-48bd-b14c-0e82a476e394:192.168.34.21:46601] returns group-F633A1A8254E:java.util.concurrent.CompletableFuture@4cc4d76f[Not completed]
2019-11-14 13:45:19,856 [pool-47-thread-1] INFO  impl.RaftServerImpl (RaftServerImpl.java:<init>(98)) - af1c79e4-3d23-48bd-b14c-0e82a476e394: new RaftServerImpl for group-F633A1A8254E:[af1c79e4-3d23-48bd-b14c-0e82a476e394:192.168.34.21:46601] with ContainerStateMachine:uninitialized
2019-11-14 13:45:19,857 [pool-47-thread-1] INFO  server.RaftServerConfigKeys (ConfUtils.java:logGet(43)) - raft.server.rpc.timeout.min = 5s (custom)
2019-11-14 13:45:19,857 [pool-47-thread-1] INFO  server.RaftServerConfigKeys (ConfUtils.java:logGet(43)) - raft.server.rpc.timeout.max = 5200ms (custom)
2019-11-14 13:45:19,857 [pool-47-thread-1] INFO  server.RaftServerConfigKeys (ConfUtils.java:logGet(43)) - raft.server.rpcslowness.timeout = 120s (custom)
2019-11-14 13:45:19,857 [pool-47-thread-1] INFO  server.RaftServerConfigKeys (ConfUtils.java:logGet(43)) - raft.server.sleep.deviation.threshold = 300 (default)
2019-11-14 13:45:19,858 [pool-47-thread-1] INFO  server.RaftServerConfigKeys (ConfUtils.java:logGet(43)) - raft.server.log.appender.install.snapshot.enabled = false (custom)
2019-11-14 13:45:19,858 [pool-47-thread-1] INFO  impl.RaftServerImpl (ServerState.java:<init>(103)) - af1c79e4-3d23-48bd-b14c-0e82a476e394@group-F633A1A8254E: ConfigurationManager, init=-1: [af1c79e4-3d23-48bd-b14c-0e82a476e394:192.168.34.21:46601], old=null, confs=<EMPTY_MAP>
2019-11-14 13:45:19,858 [pool-47-thread-1] INFO  server.RaftServerConfigKeys (ConfUtils.java:logGet(43)) - raft.server.storage.dir = [/workdir/hadoop-ozone/tools/target/test-dir/MiniOzoneClusterImpl-1db13fd8-7b5c-4c28-b07c-c36c47cddec3/datanode-2/data/ratis] (custom)
2019-11-14 13:45:19,858 [pool-47-thread-1] INFO  server.RaftServerConfigKeys (ConfUtils.java:logGet(43)) - raft.server.log.corruption.policy = EXCEPTION (default)
2019-11-14 13:45:19,858 [pool-47-thread-1] INFO  storage.RaftStorageDirectory (RaftStorageDirectory.java:analyzeStorage(246)) - The storage directory /workdir/hadoop-ozone/tools/target/test-dir/MiniOzoneClusterImpl-1db13fd8-7b5c-4c28-b07c-c36c47cddec3/datanode-2/data/ratis/519510d7-0f98-4818-ae3f-f633a1a8254e does not exist. Creating ...
2019-11-14 13:45:19,871 [pool-47-thread-1] INFO  storage.RaftStorageDirectory (RaftStorageDirectory.java:tryLock(328)) - Lock on /workdir/hadoop-ozone/tools/target/test-dir/MiniOzoneClusterImpl-1db13fd8-7b5c-4c28-b07c-c36c47cddec3/datanode-2/data/ratis/519510d7-0f98-4818-ae3f-f633a1a8254e/in_use.lock acquired by nodename 19331@pr-hdds-2481-nxhrh-893604966
2019-11-14 13:45:19,884 [pool-47-thread-1] INFO  storage.RaftStorage (RaftStorage.java:format(84)) - Storage directory /workdir/hadoop-ozone/tools/target/test-dir/MiniOzoneClusterImpl-1db13fd8-7b5c-4c28-b07c-c36c47cddec3/datanode-2/data/ratis/519510d7-0f98-4818-ae3f-f633a1a8254e has been successfully formatted.
2019-11-14 13:45:19,885 [pool-47-thread-1] INFO  ratis.ContainerStateMachine (ContainerStateMachine.java:loadSnapshot(223)) - group-F633A1A8254E: The snapshot info is null. Setting the last applied indexto:(t:0, i:~)
2019-11-14 13:45:19,885 [pool-47-thread-1] INFO  server.RaftServerConfigKeys (ConfUtils.java:logGet(43)) - raft.server.notification.no-leader.timeout = 120s (custom)
2019-11-14 13:45:19,885 [pool-47-thread-1] INFO  server.RaftServerConfigKeys (ConfUtils.java:logGet(43)) - raft.server.log.use.memory = false (default)
2019-11-14 13:45:19,885 [pool-47-thread-1] INFO  server.RaftServerConfigKeys (ConfUtils.java:logGet(43)) - raft.server.log.purge.gap = 1000000 (custom)
2019-11-14 13:45:19,885 [pool-47-thread-1] INFO  server.RaftServerConfigKeys (ConfUtils.java:logGet(43)) - raft.server.log.appender.buffer.byte-limit = 33554432 (custom)
2019-11-14 13:45:19,885 [pool-47-thread-1] INFO  server.RaftServerConfigKeys (ConfUtils.java:logGet(43)) - raft.server.log.segment.size.max = 1048576 (custom)
2019-11-14 13:45:19,886 [pool-47-thread-1] WARN  impl.MetricRegistriesImpl (MetricRegistriesImpl.java:lambda$create$1(61)) - First MetricRegistry has been created without registering reporters. You may need to call MetricRegistries.global().addReportRegistration(...) before.
2019-11-14 13:45:19,886 [pool-47-thread-1] INFO  server.RaftServerConfigKeys (ConfUtils.java:logGet(43)) - raft.server.log.segment.cache.num.max = 2 (custom)
2019-11-14 13:45:19,886 [pool-47-thread-1] INFO  segmented.SegmentedRaftLogWorker (SegmentedRaftLogWorker.java:<init>(173)) - new af1c79e4-3d23-48bd-b14c-0e82a476e394@group-F633A1A8254E-SegmentedRaftLogWorker for RaftStorage:Storage Directory /workdir/hadoop-ozone/tools/target/test-dir/MiniOzoneClusterImpl-1db13fd8-7b5c-4c28-b07c-c36c47cddec3/datanode-2/data/ratis/519510d7-0f98-4818-ae3f-f633a1a8254e
2019-11-14 13:45:19,886 [pool-47-thread-1] INFO  server.RaftServerConfigKeys (ConfUtils.java:logGet(43)) - raft.server.log.queue.byte-limit = 2147483647 (custom)
2019-11-14 13:45:19,886 [pool-47-thread-1] INFO  server.RaftServerConfigKeys (ConfUtils.java:logGet(43)) - raft.server.log.queue.element-limit = 1024 (custom)
2019-11-14 13:45:19,886 [pool-47-thread-1] INFO  server.RaftServerConfigKeys (ConfUtils.java:logGet(43)) - raft.server.log.segment.size.max = 1048576 (custom)
2019-11-14 13:45:19,886 [pool-47-thread-1] INFO  server.RaftServerConfigKeys (ConfUtils.java:logGet(43)) - raft.server.log.preallocated.size = 16384 (custom)
2019-11-14 13:45:19,887 [pool-47-thread-1] INFO  server.RaftServerConfigKeys (ConfUtils.java:logGet(43)) - raft.server.log.write.buffer.size = 33554432 (custom)
2019-11-14 13:45:19,887 [pool-47-thread-1] INFO  server.RaftServerConfigKeys (ConfUtils.java:logGet(43)) - raft.server.log.force.sync.num = 128 (default)
2019-11-14 13:45:19,887 [pool-47-thread-1] INFO  server.RaftServerConfigKeys (ConfUtils.java:logGet(43)) - raft.server.log.statemachine.data.sync = true (default)
2019-11-14 13:45:19,887 [pool-47-thread-1] INFO  server.RaftServerConfigKeys (ConfUtils.java:logGet(43)) - raft.server.log.statemachine.data.sync.timeout = 10s (default)
2019-11-14 13:45:19,887 [pool-47-thread-1] INFO  server.RaftServerConfigKeys (ConfUtils.java:logGet(43)) - raft.server.log.statemachine.data.sync.timeout.retry = -1 (default)
2019-11-14 13:45:19,887 [pool-47-thread-1] INFO  server.RaftServerConfigKeys (ConfUtils.java:logGet(43)) - raft.server.log.statemachine.data.caching.enabled = true (custom)
2019-11-14 13:45:19,888 [pool-47-thread-1] INFO  segmented.SegmentedRaftLogWorker (SegmentedRaftLogWorker.java:lambda$new$0(128)) - af1c79e4-3d23-48bd-b14c-0e82a476e394@group-F633A1A8254E-SegmentedRaftLogWorker: flushIndex: setUnconditionally 0 -> -1
2019-11-14 13:45:19,888 [pool-47-thread-1] INFO  server.RaftServerConfigKeys (ConfUtils.java:logGet(43)) - raft.server.snapshot.auto.trigger.enabled = true (custom)
2019-11-14 13:45:19,888 [pool-47-thread-1] INFO  server.RaftServerConfigKeys (ConfUtils.java:logGet(43)) - raft.server.snapshot.auto.trigger.threshold = 10000 (custom)
2019-11-14 13:45:19,888 [pool-47-thread-1] INFO  server.RaftServerConfigKeys (ConfUtils.java:logGet(43)) - raft.server.snapshot.retention.file.num = 5 (custom)
2019-11-14 13:45:19,889 [pool-47-thread-1] INFO  server.RaftServerConfigKeys (ConfUtils.java:logGet(43)) - raft.server.retrycache.expirytime = 600000ms (custom)
2019-11-14 13:45:19,889 [pool-47-thread-1] WARN  impl.MetricRegistriesImpl (MetricRegistriesImpl.java:lambda$create$1(61)) - First MetricRegistry has been created without registering reporters. You may need to call MetricRegistries.global().addReportRegistration(...) before.
2019-11-14 13:45:19,889 [pool-47-thread-1] WARN  impl.MetricRegistriesImpl (MetricRegistriesImpl.java:lambda$create$1(61)) - First MetricRegistry has been created without registering reporters. You may need to call MetricRegistries.global().addReportRegistration(...) before.
2019-11-14 13:45:19,889 [pool-47-thread-1] INFO  impl.RaftServerImpl (RaftServerImpl.java:start(184)) - af1c79e4-3d23-48bd-b14c-0e82a476e394@group-F633A1A8254E: start as a follower, conf=-1: [af1c79e4-3d23-48bd-b14c-0e82a476e394:192.168.34.21:46601], old=null
2019-11-14 13:45:19,889 [pool-47-thread-1] INFO  impl.RaftServerImpl (RaftServerImpl.java:setRole(173)) - af1c79e4-3d23-48bd-b14c-0e82a476e394@group-F633A1A8254E: changes role from      null to FOLLOWER at term 0 for startAsFollower
2019-11-14 13:45:19,889 [pool-47-thread-1] INFO  impl.RoleInfo (RoleInfo.java:updateAndGet(143)) - af1c79e4-3d23-48bd-b14c-0e82a476e394: start FollowerState
2019-11-14 13:45:19,890 [pool-47-thread-1] INFO  util.JmxRegister (JmxRegister.java:tryRegister(44)) - Successfully registered JMX Bean with object name Ratis:service=RaftServer,group=group-F633A1A8254E,id=af1c79e4-3d23-48bd-b14c-0e82a476e394
2019-11-14 13:45:19,890 [pool-47-thread-1] WARN  impl.MetricRegistriesImpl (MetricRegistriesImpl.java:lambda$create$1(61)) - First MetricRegistry has been created without registering reporters. You may need to call MetricRegistries.global().addReportRegistration(...) before.
2019-11-14 13:45:19,898 [RatisPipelineUtilsThread] INFO  pipeline.PipelineStateManager (PipelineStateManager.java:addPipeline(55)) - Created pipeline Pipeline[ Id: 519510d7-0f98-4818-ae3f-f633a1a8254e, Nodes: af1c79e4-3d23-48bd-b14c-0e82a476e394{ip: 192.168.34.21, host: pr-hdds-2481-nxhrh-893604966, networkLocation: /default-rack, certSerialId: null}, Type:RATIS, Factor:ONE, State:ALLOCATED]
2019-11-14 13:45:19,922 [grpc-default-executor-1] INFO  impl.RaftServerProxy (RaftServerProxy.java:addNew(89)) - 75c40d31-072e-4316-95b1-c49fef33c450: addNew group-3C1549A60F01:[75c40d31-072e-4316-95b1-c49fef33c450:192.168.34.21:42275, af1c79e4-3d23-48bd-b14c-0e82a476e394:192.168.34.21:46601, bfde180a-cbea-4c85-9ba8-0c8be2b11c81:192.168.34.21:40757] returns group-3C1549A60F01:java.util.concurrent.CompletableFuture@3bb5e7c[Not completed]
2019-11-14 13:45:19,924 [grpc-default-executor-2] INFO  impl.RaftServerProxy (RaftServerProxy.java:addNew(89)) - bfde180a-cbea-4c85-9ba8-0c8be2b11c81: addNew group-3C1549A60F01:[75c40d31-072e-4316-95b1-c49fef33c450:192.168.34.21:42275, af1c79e4-3d23-48bd-b14c-0e82a476e394:192.168.34.21:46601, bfde180a-cbea-4c85-9ba8-0c8be2b11c81:192.168.34.21:40757] returns group-3C1549A60F01:java.util.concurrent.CompletableFuture@2e5b36e6[Not completed]
2019-11-14 13:45:19,925 [grpc-default-executor-1] INFO  impl.RaftServerProxy (RaftServerProxy.java:addNew(89)) - af1c79e4-3d23-48bd-b14c-0e82a476e394: addNew group-3C1549A60F01:[75c40d31-072e-4316-95b1-c49fef33c450:192.168.34.21:42275, af1c79e4-3d23-48bd-b14c-0e82a476e394:192.168.34.21:46601, bfde180a-cbea-4c85-9ba8-0c8be2b11c81:192.168.34.21:40757] returns group-3C1549A60F01:java.util.concurrent.CompletableFuture@46b9c06f[Not completed]
2019-11-14 13:45:19,925 [pool-37-thread-1] INFO  impl.RaftServerImpl (RaftServerImpl.java:<init>(98)) - 75c40d31-072e-4316-95b1-c49fef33c450: new RaftServerImpl for group-3C1549A60F01:[75c40d31-072e-4316-95b1-c49fef33c450:192.168.34.21:42275, af1c79e4-3d23-48bd-b14c-0e82a476e394:192.168.34.21:46601, bfde180a-cbea-4c85-9ba8-0c8be2b11c81:192.168.34.21:40757] with ContainerStateMachine:uninitialized
2019-11-14 13:45:19,925 [pool-37-thread-1] INFO  server.RaftServerConfigKeys (ConfUtils.java:logGet(43)) - raft.server.rpc.timeout.min = 5s (custom)
2019-11-14 13:45:19,925 [pool-37-thread-1] INFO  server.RaftServerConfigKeys (ConfUtils.java:logGet(43)) - raft.server.rpc.timeout.max = 5200ms (custom)
2019-11-14 13:45:19,925 [pool-37-thread-1] INFO  server.RaftServerConfigKeys (ConfUtils.java:logGet(43)) - raft.server.rpcslowness.timeout = 120s (custom)
2019-11-14 13:45:19,925 [pool-37-thread-1] INFO  server.RaftServerConfigKeys (ConfUtils.java:logGet(43)) - raft.server.sleep.deviation.threshold = 300 (default)
2019-11-14 13:45:19,926 [pool-37-thread-1] INFO  server.RaftServerConfigKeys (ConfUtils.java:logGet(43)) - raft.server.log.appender.install.snapshot.enabled = false (custom)
2019-11-14 13:45:19,926 [pool-37-thread-1] INFO  impl.RaftServerImpl (ServerState.java:<init>(103)) - 75c40d31-072e-4316-95b1-c49fef33c450@group-3C1549A60F01: ConfigurationManager, init=-1: [75c40d31-072e-4316-95b1-c49fef33c450:192.168.34.21:42275, af1c79e4-3d23-48bd-b14c-0e82a476e394:192.168.34.21:46601, bfde180a-cbea-4c85-9ba8-0c8be2b11c81:192.168.34.21:40757], old=null, confs=<EMPTY_MAP>
2019-11-14 13:45:19,926 [pool-37-thread-1] INFO  server.RaftServerConfigKeys (ConfUtils.java:logGet(43)) - raft.server.storage.dir = [/workdir/hadoop-ozone/tools/target/test-dir/MiniOzoneClusterImpl-1db13fd8-7b5c-4c28-b07c-c36c47cddec3/datanode-1/data/ratis] (custom)
2019-11-14 13:45:19,926 [pool-27-thread-1] INFO  impl.RaftServerImpl (RaftServerImpl.java:<init>(98)) - bfde180a-cbea-4c85-9ba8-0c8be2b11c81: new RaftServerImpl for group-3C1549A60F01:[75c40d31-072e-4316-95b1-c49fef33c450:192.168.34.21:42275, af1c79e4-3d23-48bd-b14c-0e82a476e394:192.168.34.21:46601, bfde180a-cbea-4c85-9ba8-0c8be2b11c81:192.168.34.21:40757] with ContainerStateMachine:uninitialized
2019-11-14 13:45:19,926 [pool-27-thread-1] INFO  server.RaftServerConfigKeys (ConfUtils.java:logGet(43)) - raft.server.rpc.timeout.min = 5s (custom)
2019-11-14 13:45:19,926 [pool-37-thread-1] INFO  server.RaftServerConfigKeys (ConfUtils.java:logGet(43)) - raft.server.log.corruption.policy = EXCEPTION (default)
2019-11-14 13:45:19,926 [pool-27-thread-1] INFO  server.RaftServerConfigKeys (ConfUtils.java:logGet(43)) - raft.server.rpc.timeout.max = 5200ms (custom)
2019-11-14 13:45:19,927 [pool-37-thread-1] INFO  storage.RaftStorageDirectory (RaftStorageDirectory.java:analyzeStorage(246)) - The storage directory /workdir/hadoop-ozone/tools/target/test-dir/MiniOzoneClusterImpl-1db13fd8-7b5c-4c28-b07c-c36c47cddec3/datanode-1/data/ratis/7abf374b-4964-4d4d-ad7a-3c1549a60f01 does not exist. Creating ...
2019-11-14 13:45:19,927 [pool-47-thread-1] INFO  impl.RaftServerImpl (RaftServerImpl.java:<init>(98)) - af1c79e4-3d23-48bd-b14c-0e82a476e394: new RaftServerImpl for group-3C1549A60F01:[75c40d31-072e-4316-95b1-c49fef33c450:192.168.34.21:42275, af1c79e4-3d23-48bd-b14c-0e82a476e394:192.168.34.21:46601, bfde180a-cbea-4c85-9ba8-0c8be2b11c81:192.168.34.21:40757] with ContainerStateMachine:uninitialized
2019-11-14 13:45:19,927 [pool-27-thread-1] INFO  server.RaftServerConfigKeys (ConfUtils.java:logGet(43)) - raft.server.rpcslowness.timeout = 120s (custom)
2019-11-14 13:45:19,927 [pool-47-thread-1] INFO  server.RaftServerConfigKeys (ConfUtils.java:logGet(43)) - raft.server.rpc.timeout.min = 5s (custom)
2019-11-14 13:45:19,927 [pool-27-thread-1] INFO  server.RaftServerConfigKeys (ConfUtils.java:logGet(43)) - raft.server.sleep.deviation.threshold = 300 (default)
2019-11-14 13:45:19,927 [pool-47-thread-1] INFO  server.RaftServerConfigKeys (ConfUtils.java:logGet(43)) - raft.server.rpc.timeout.max = 5200ms (custom)
2019-11-14 13:45:19,927 [pool-27-thread-1] INFO  server.RaftServerConfigKeys (ConfUtils.java:logGet(43)) - raft.server.log.appender.install.snapshot.enabled = false (custom)
2019-11-14 13:45:19,927 [pool-47-thread-1] INFO  server.RaftServerConfigKeys (ConfUtils.java:logGet(43)) - raft.server.rpcslowness.timeout = 120s (custom)
2019-11-14 13:45:19,927 [pool-27-thread-1] INFO  impl.RaftServerImpl (ServerState.java:<init>(103)) - bfde180a-cbea-4c85-9ba8-0c8be2b11c81@group-3C1549A60F01: ConfigurationManager, init=-1: [75c40d31-072e-4316-95b1-c49fef33c450:192.168.34.21:42275, af1c79e4-3d23-48bd-b14c-0e82a476e394:192.168.34.21:46601, bfde180a-cbea-4c85-9ba8-0c8be2b11c81:192.168.34.21:40757], old=null, confs=<EMPTY_MAP>
2019-11-14 13:45:19,928 [pool-47-thread-1] INFO  server.RaftServerConfigKeys (ConfUtils.java:logGet(43)) - raft.server.sleep.deviation.threshold = 300 (default)
2019-11-14 13:45:19,928 [pool-47-thread-1] INFO  server.RaftServerConfigKeys (ConfUtils.java:logGet(43)) - raft.server.log.appender.install.snapshot.enabled = false (custom)
2019-11-14 13:45:19,928 [pool-27-thread-1] INFO  server.RaftServerConfigKeys (ConfUtils.java:logGet(43)) - raft.server.storage.dir = [/workdir/hadoop-ozone/tools/target/test-dir/MiniOzoneClusterImpl-1db13fd8-7b5c-4c28-b07c-c36c47cddec3/datanode-0/data/ratis] (custom)
2019-11-14 13:45:19,928 [pool-47-thread-1] INFO  impl.RaftServerImpl (ServerState.java:<init>(103)) - af1c79e4-3d23-48bd-b14c-0e82a476e394@group-3C1549A60F01: ConfigurationManager, init=-1: [75c40d31-072e-4316-95b1-c49fef33c450:192.168.34.21:42275, af1c79e4-3d23-48bd-b14c-0e82a476e394:192.168.34.21:46601, bfde180a-cbea-4c85-9ba8-0c8be2b11c81:192.168.34.21:40757], old=null, confs=<EMPTY_MAP>
2019-11-14 13:45:19,928 [pool-47-thread-1] INFO  server.RaftServerConfigKeys (ConfUtils.java:logGet(43)) - raft.server.storage.dir = [/workdir/hadoop-ozone/tools/target/test-dir/MiniOzoneClusterImpl-1db13fd8-7b5c-4c28-b07c-c36c47cddec3/datanode-2/data/ratis] (custom)
2019-11-14 13:45:19,928 [pool-27-thread-1] INFO  server.RaftServerConfigKeys (ConfUtils.java:logGet(43)) - raft.server.log.corruption.policy = EXCEPTION (default)
2019-11-14 13:45:19,928 [pool-47-thread-1] INFO  server.RaftServerConfigKeys (ConfUtils.java:logGet(43)) - raft.server.log.corruption.policy = EXCEPTION (default)
2019-11-14 13:45:19,928 [pool-27-thread-1] INFO  storage.RaftStorageDirectory (RaftStorageDirectory.java:analyzeStorage(246)) - The storage directory /workdir/hadoop-ozone/tools/target/test-dir/MiniOzoneClusterImpl-1db13fd8-7b5c-4c28-b07c-c36c47cddec3/datanode-0/data/ratis/7abf374b-4964-4d4d-ad7a-3c1549a60f01 does not exist. Creating ...
2019-11-14 13:45:19,928 [pool-47-thread-1] INFO  storage.RaftStorageDirectory (RaftStorageDirectory.java:analyzeStorage(246)) - The storage directory /workdir/hadoop-ozone/tools/target/test-dir/MiniOzoneClusterImpl-1db13fd8-7b5c-4c28-b07c-c36c47cddec3/datanode-2/data/ratis/7abf374b-4964-4d4d-ad7a-3c1549a60f01 does not exist. Creating ...
2019-11-14 13:45:19,952 [pool-47-thread-1] INFO  storage.RaftStorageDirectory (RaftStorageDirectory.java:tryLock(328)) - Lock on /workdir/hadoop-ozone/tools/target/test-dir/MiniOzoneClusterImpl-1db13fd8-7b5c-4c28-b07c-c36c47cddec3/datanode-2/data/ratis/7abf374b-4964-4d4d-ad7a-3c1549a60f01/in_use.lock acquired by nodename 19331@pr-hdds-2481-nxhrh-893604966
2019-11-14 13:45:19,952 [pool-37-thread-1] INFO  storage.RaftStorageDirectory (RaftStorageDirectory.java:tryLock(328)) - Lock on /workdir/hadoop-ozone/tools/target/test-dir/MiniOzoneClusterImpl-1db13fd8-7b5c-4c28-b07c-c36c47cddec3/datanode-1/data/ratis/7abf374b-4964-4d4d-ad7a-3c1549a60f01/in_use.lock acquired by nodename 19331@pr-hdds-2481-nxhrh-893604966
2019-11-14 13:45:19,952 [pool-27-thread-1] INFO  storage.RaftStorageDirectory (RaftStorageDirectory.java:tryLock(328)) - Lock on /workdir/hadoop-ozone/tools/target/test-dir/MiniOzoneClusterImpl-1db13fd8-7b5c-4c28-b07c-c36c47cddec3/datanode-0/data/ratis/7abf374b-4964-4d4d-ad7a-3c1549a60f01/in_use.lock acquired by nodename 19331@pr-hdds-2481-nxhrh-893604966
2019-11-14 13:45:19,978 [pool-47-thread-1] INFO  storage.RaftStorage (RaftStorage.java:format(84)) - Storage directory /workdir/hadoop-ozone/tools/target/test-dir/MiniOzoneClusterImpl-1db13fd8-7b5c-4c28-b07c-c36c47cddec3/datanode-2/data/ratis/7abf374b-4964-4d4d-ad7a-3c1549a60f01 has been successfully formatted.
2019-11-14 13:45:19,978 [pool-27-thread-1] INFO  storage.RaftStorage (RaftStorage.java:format(84)) - Storage directory /workdir/hadoop-ozone/tools/target/test-dir/MiniOzoneClusterImpl-1db13fd8-7b5c-4c28-b07c-c36c47cddec3/datanode-0/data/ratis/7abf374b-4964-4d4d-ad7a-3c1549a60f01 has been successfully formatted.
2019-11-14 13:45:19,978 [pool-37-thread-1] INFO  storage.RaftStorage (RaftStorage.java:format(84)) - Storage directory /workdir/hadoop-ozone/tools/target/test-dir/MiniOzoneClusterImpl-1db13fd8-7b5c-4c28-b07c-c36c47cddec3/datanode-1/data/ratis/7abf374b-4964-4d4d-ad7a-3c1549a60f01 has been successfully formatted.
2019-11-14 13:45:19,978 [pool-27-thread-1] INFO  ratis.ContainerStateMachine (ContainerStateMachine.java:loadSnapshot(223)) - group-3C1549A60F01: The snapshot info is null. Setting the last applied indexto:(t:0, i:~)
2019-11-14 13:45:19,978 [pool-47-thread-1] INFO  ratis.ContainerStateMachine (ContainerStateMachine.java:loadSnapshot(223)) - group-3C1549A60F01: The snapshot info is null. Setting the last applied indexto:(t:0, i:~)
2019-11-14 13:45:19,978 [pool-37-thread-1] INFO  ratis.ContainerStateMachine (ContainerStateMachine.java:loadSnapshot(223)) - group-3C1549A60F01: The snapshot info is null. Setting the last applied indexto:(t:0, i:~)
2019-11-14 13:45:19,978 [pool-27-thread-1] INFO  server.RaftServerConfigKeys (ConfUtils.java:logGet(43)) - raft.server.notification.no-leader.timeout = 120s (custom)
2019-11-14 13:45:19,979 [pool-37-thread-1] INFO  server.RaftServerConfigKeys (ConfUtils.java:logGet(43)) - raft.server.notification.no-leader.timeout = 120s (custom)
2019-11-14 13:45:19,979 [pool-47-thread-1] INFO  server.RaftServerConfigKeys (ConfUtils.java:logGet(43)) - raft.server.notification.no-leader.timeout = 120s (custom)
2019-11-14 13:45:19,979 [pool-37-thread-1] INFO  server.RaftServerConfigKeys (ConfUtils.java:logGet(43)) - raft.server.log.use.memory = false (default)
2019-11-14 13:45:19,979 [pool-27-thread-1] INFO  server.RaftServerConfigKeys (ConfUtils.java:logGet(43)) - raft.server.log.use.memory = false (default)
2019-11-14 13:45:19,979 [pool-37-thread-1] INFO  server.RaftServerConfigKeys (ConfUtils.java:logGet(43)) - raft.server.log.purge.gap = 1000000 (custom)
2019-11-14 13:45:19,979 [pool-47-thread-1] INFO  server.RaftServerConfigKeys (ConfUtils.java:logGet(43)) - raft.server.log.use.memory = false (default)
2019-11-14 13:45:19,979 [pool-37-thread-1] INFO  server.RaftServerConfigKeys (ConfUtils.java:logGet(43)) - raft.server.log.appender.buffer.byte-limit = 33554432 (custom)
2019-11-14 13:45:19,979 [pool-27-thread-1] INFO  server.RaftServerConfigKeys (ConfUtils.java:logGet(43)) - raft.server.log.purge.gap = 1000000 (custom)
2019-11-14 13:45:19,980 [pool-37-thread-1] INFO  server.RaftServerConfigKeys (ConfUtils.java:logGet(43)) - raft.server.log.segment.size.max = 1048576 (custom)
2019-11-14 13:45:19,980 [pool-47-thread-1] INFO  server.RaftServerConfigKeys (ConfUtils.java:logGet(43)) - raft.server.log.purge.gap = 1000000 (custom)
2019-11-14 13:45:19,980 [pool-37-thread-1] INFO  server.RaftServerConfigKeys (ConfUtils.java:logGet(43)) - raft.server.log.segment.cache.num.max = 2 (custom)
2019-11-14 13:45:19,980 [pool-27-thread-1] INFO  server.RaftServerConfigKeys (ConfUtils.java:logGet(43)) - raft.server.log.appender.buffer.byte-limit = 33554432 (custom)
2019-11-14 13:45:19,980 [pool-37-thread-1] INFO  segmented.SegmentedRaftLogWorker (SegmentedRaftLogWorker.java:<init>(173)) - new 75c40d31-072e-4316-95b1-c49fef33c450@group-3C1549A60F01-SegmentedRaftLogWorker for RaftStorage:Storage Directory /workdir/hadoop-ozone/tools/target/test-dir/MiniOzoneClusterImpl-1db13fd8-7b5c-4c28-b07c-c36c47cddec3/datanode-1/data/ratis/7abf374b-4964-4d4d-ad7a-3c1549a60f01
2019-11-14 13:45:19,980 [pool-47-thread-1] INFO  server.RaftServerConfigKeys (ConfUtils.java:logGet(43)) - raft.server.log.appender.buffer.byte-limit = 33554432 (custom)
2019-11-14 13:45:19,981 [pool-37-thread-1] INFO  server.RaftServerConfigKeys (ConfUtils.java:logGet(43)) - raft.server.log.queue.byte-limit = 2147483647 (custom)
2019-11-14 13:45:19,980 [pool-27-thread-1] INFO  server.RaftServerConfigKeys (ConfUtils.java:logGet(43)) - raft.server.log.segment.size.max = 1048576 (custom)
2019-11-14 13:45:19,981 [pool-47-thread-1] INFO  server.RaftServerConfigKeys (ConfUtils.java:logGet(43)) - raft.server.log.segment.size.max = 1048576 (custom)
2019-11-14 13:45:19,981 [pool-37-thread-1] INFO  server.RaftServerConfigKeys (ConfUtils.java:logGet(43)) - raft.server.log.queue.element-limit = 1024 (custom)
2019-11-14 13:45:19,981 [pool-27-thread-1] INFO  server.RaftServerConfigKeys (ConfUtils.java:logGet(43)) - raft.server.log.segment.cache.num.max = 2 (custom)
2019-11-14 13:45:19,981 [pool-37-thread-1] INFO  server.RaftServerConfigKeys (ConfUtils.java:logGet(43)) - raft.server.log.segment.size.max = 1048576 (custom)
2019-11-14 13:45:19,981 [pool-47-thread-1] INFO  server.RaftServerConfigKeys (ConfUtils.java:logGet(43)) - raft.server.log.segment.cache.num.max = 2 (custom)
2019-11-14 13:45:19,982 [pool-37-thread-1] INFO  server.RaftServerConfigKeys (ConfUtils.java:logGet(43)) - raft.server.log.preallocated.size = 16384 (custom)
2019-11-14 13:45:19,982 [pool-27-thread-1] INFO  segmented.SegmentedRaftLogWorker (SegmentedRaftLogWorker.java:<init>(173)) - new bfde180a-cbea-4c85-9ba8-0c8be2b11c81@group-3C1549A60F01-SegmentedRaftLogWorker for RaftStorage:Storage Directory /workdir/hadoop-ozone/tools/target/test-dir/MiniOzoneClusterImpl-1db13fd8-7b5c-4c28-b07c-c36c47cddec3/datanode-0/data/ratis/7abf374b-4964-4d4d-ad7a-3c1549a60f01
2019-11-14 13:45:19,982 [pool-37-thread-1] INFO  server.RaftServerConfigKeys (ConfUtils.java:logGet(43)) - raft.server.log.write.buffer.size = 33554432 (custom)
2019-11-14 13:45:19,982 [pool-47-thread-1] INFO  segmented.SegmentedRaftLogWorker (SegmentedRaftLogWorker.java:<init>(173)) - new af1c79e4-3d23-48bd-b14c-0e82a476e394@group-3C1549A60F01-SegmentedRaftLogWorker for RaftStorage:Storage Directory /workdir/hadoop-ozone/tools/target/test-dir/MiniOzoneClusterImpl-1db13fd8-7b5c-4c28-b07c-c36c47cddec3/datanode-2/data/ratis/7abf374b-4964-4d4d-ad7a-3c1549a60f01
2019-11-14 13:45:19,982 [pool-37-thread-1] INFO  server.RaftServerConfigKeys (ConfUtils.java:logGet(43)) - raft.server.log.force.sync.num = 128 (default)
2019-11-14 13:45:19,982 [pool-27-thread-1] INFO  server.RaftServerConfigKeys (ConfUtils.java:logGet(43)) - raft.server.log.queue.byte-limit = 2147483647 (custom)
2019-11-14 13:45:19,983 [pool-47-thread-1] INFO  server.RaftServerConfigKeys (ConfUtils.java:logGet(43)) - raft.server.log.queue.byte-limit = 2147483647 (custom)
2019-11-14 13:45:19,983 [pool-37-thread-1] INFO  server.RaftServerConfigKeys (ConfUtils.java:logGet(43)) - raft.server.log.statemachine.data.sync = true (default)
2019-11-14 13:45:19,983 [pool-47-thread-1] INFO  server.RaftServerConfigKeys (ConfUtils.java:logGet(43)) - raft.server.log.queue.element-limit = 1024 (custom)
2019-11-14 13:45:19,983 [pool-27-thread-1] INFO  server.RaftServerConfigKeys (ConfUtils.java:logGet(43)) - raft.server.log.queue.element-limit = 1024 (custom)
2019-11-14 13:45:19,983 [pool-47-thread-1] INFO  server.RaftServerConfigKeys (ConfUtils.java:logGet(43)) - raft.server.log.segment.size.max = 1048576 (custom)
2019-11-14 13:45:19,983 [pool-37-thread-1] INFO  server.RaftServerConfigKeys (ConfUtils.java:logGet(43)) - raft.server.log.statemachine.data.sync.timeout = 10s (default)
2019-11-14 13:45:19,984 [pool-47-thread-1] INFO  server.RaftServerConfigKeys (ConfUtils.java:logGet(43)) - raft.server.log.preallocated.size = 16384 (custom)
2019-11-14 13:45:19,984 [pool-27-thread-1] INFO  server.RaftServerConfigKeys (ConfUtils.java:logGet(43)) - raft.server.log.segment.size.max = 1048576 (custom)
2019-11-14 13:45:19,984 [pool-47-thread-1] INFO  server.RaftServerConfigKeys (ConfUtils.java:logGet(43)) - raft.server.log.write.buffer.size = 33554432 (custom)
2019-11-14 13:45:19,984 [pool-37-thread-1] INFO  server.RaftServerConfigKeys (ConfUtils.java:logGet(43)) - raft.server.log.statemachine.data.sync.timeout.retry = -1 (default)
2019-11-14 13:45:19,985 [pool-47-thread-1] INFO  server.RaftServerConfigKeys (ConfUtils.java:logGet(43)) - raft.server.log.force.sync.num = 128 (default)
2019-11-14 13:45:19,984 [pool-27-thread-1] INFO  server.RaftServerConfigKeys (ConfUtils.java:logGet(43)) - raft.server.log.preallocated.size = 16384 (custom)
2019-11-14 13:45:19,985 [pool-47-thread-1] INFO  server.RaftServerConfigKeys (ConfUtils.java:logGet(43)) - raft.server.log.statemachine.data.sync = true (default)
2019-11-14 13:45:19,985 [pool-37-thread-1] INFO  server.RaftServerConfigKeys (ConfUtils.java:logGet(43)) - raft.server.log.statemachine.data.caching.enabled = true (custom)
2019-11-14 13:45:19,985 [pool-27-thread-1] INFO  server.RaftServerConfigKeys (ConfUtils.java:logGet(43)) - raft.server.log.write.buffer.size = 33554432 (custom)
2019-11-14 13:45:19,985 [pool-47-thread-1] INFO  server.RaftServerConfigKeys (ConfUtils.java:logGet(43)) - raft.server.log.statemachine.data.sync.timeout = 10s (default)
2019-11-14 13:45:19,986 [pool-37-thread-1] INFO  segmented.SegmentedRaftLogWorker (SegmentedRaftLogWorker.java:lambda$new$0(128)) - 75c40d31-072e-4316-95b1-c49fef33c450@group-3C1549A60F01-SegmentedRaftLogWorker: flushIndex: setUnconditionally 0 -> -1
2019-11-14 13:45:19,986 [pool-27-thread-1] INFO  server.RaftServerConfigKeys (ConfUtils.java:logGet(43)) - raft.server.log.force.sync.num = 128 (default)
2019-11-14 13:45:19,986 [pool-47-thread-1] INFO  server.RaftServerConfigKeys (ConfUtils.java:logGet(43)) - raft.server.log.statemachine.data.sync.timeout.retry = -1 (default)
2019-11-14 13:45:19,986 [pool-37-thread-1] INFO  server.RaftServerConfigKeys (ConfUtils.java:logGet(43)) - raft.server.snapshot.auto.trigger.enabled = true (custom)
2019-11-14 13:45:19,986 [pool-27-thread-1] INFO  server.RaftServerConfigKeys (ConfUtils.java:logGet(43)) - raft.server.log.statemachine.data.sync = true (default)
2019-11-14 13:45:19,987 [pool-47-thread-1] INFO  server.RaftServerConfigKeys (ConfUtils.java:logGet(43)) - raft.server.log.statemachine.data.caching.enabled = true (custom)
2019-11-14 13:45:19,986 [pool-37-thread-1] INFO  server.RaftServerConfigKeys (ConfUtils.java:logGet(43)) - raft.server.snapshot.auto.trigger.threshold = 10000 (custom)
2019-11-14 13:45:19,987 [pool-27-thread-1] INFO  server.RaftServerConfigKeys (ConfUtils.java:logGet(43)) - raft.server.log.statemachine.data.sync.timeout = 10s (default)
2019-11-14 13:45:19,987 [pool-37-thread-1] INFO  server.RaftServerConfigKeys (ConfUtils.java:logGet(43)) - raft.server.snapshot.retention.file.num = 5 (custom)
2019-11-14 13:45:19,987 [pool-27-thread-1] INFO  server.RaftServerConfigKeys (ConfUtils.java:logGet(43)) - raft.server.log.statemachine.data.sync.timeout.retry = -1 (default)
2019-11-14 13:45:19,987 [pool-37-thread-1] INFO  server.RaftServerConfigKeys (ConfUtils.java:logGet(43)) - raft.server.retrycache.expirytime = 600000ms (custom)
2019-11-14 13:45:19,987 [pool-47-thread-1] INFO  segmented.SegmentedRaftLogWorker (SegmentedRaftLogWorker.java:lambda$new$0(128)) - af1c79e4-3d23-48bd-b14c-0e82a476e394@group-3C1549A60F01-SegmentedRaftLogWorker: flushIndex: setUnconditionally 0 -> -1
2019-11-14 13:45:19,987 [pool-37-thread-1] WARN  impl.MetricRegistriesImpl (MetricRegistriesImpl.java:lambda$create$1(61)) - First MetricRegistry has been created without registering reporters. You may need to call MetricRegistries.global().addReportRegistration(...) before.
2019-11-14 13:45:19,987 [pool-27-thread-1] INFO  server.RaftServerConfigKeys (ConfUtils.java:logGet(43)) - raft.server.log.statemachine.data.caching.enabled = true (custom)
2019-11-14 13:45:19,988 [pool-37-thread-1] WARN  impl.MetricRegistriesImpl (MetricRegistriesImpl.java:lambda$create$1(61)) - First MetricRegistry has been created without registering reporters. You may need to call MetricRegistries.global().addReportRegistration(...) before.
2019-11-14 13:45:19,988 [pool-47-thread-1] INFO  server.RaftServerConfigKeys (ConfUtils.java:logGet(43)) - raft.server.snapshot.auto.trigger.enabled = true (custom)
2019-11-14 13:45:19,988 [pool-37-thread-1] INFO  impl.RaftServerImpl (RaftServerImpl.java:start(184)) - 75c40d31-072e-4316-95b1-c49fef33c450@group-3C1549A60F01: start as a follower, conf=-1: [75c40d31-072e-4316-95b1-c49fef33c450:192.168.34.21:42275, af1c79e4-3d23-48bd-b14c-0e82a476e394:192.168.34.21:46601, bfde180a-cbea-4c85-9ba8-0c8be2b11c81:192.168.34.21:40757], old=null
2019-11-14 13:45:19,988 [pool-27-thread-1] INFO  segmented.SegmentedRaftLogWorker (SegmentedRaftLogWorker.java:lambda$new$0(128)) - bfde180a-cbea-4c85-9ba8-0c8be2b11c81@group-3C1549A60F01-SegmentedRaftLogWorker: flushIndex: setUnconditionally 0 -> -1
2019-11-14 13:45:19,988 [pool-37-thread-1] INFO  impl.RaftServerImpl (RaftServerImpl.java:setRole(173)) - 75c40d31-072e-4316-95b1-c49fef33c450@group-3C1549A60F01: changes role from      null to FOLLOWER at term 0 for startAsFollower
2019-11-14 13:45:19,988 [pool-47-thread-1] INFO  server.RaftServerConfigKeys (ConfUtils.java:logGet(43)) - raft.server.snapshot.auto.trigger.threshold = 10000 (custom)
2019-11-14 13:45:19,989 [pool-27-thread-1] INFO  server.RaftServerConfigKeys (ConfUtils.java:logGet(43)) - raft.server.snapshot.auto.trigger.enabled = true (custom)
2019-11-14 13:45:19,989 [pool-37-thread-1] INFO  impl.RoleInfo (RoleInfo.java:updateAndGet(143)) - 75c40d31-072e-4316-95b1-c49fef33c450: start FollowerState
2019-11-14 13:45:19,989 [pool-27-thread-1] INFO  server.RaftServerConfigKeys (ConfUtils.java:logGet(43)) - raft.server.snapshot.auto.trigger.threshold = 10000 (custom)
2019-11-14 13:45:19,989 [pool-47-thread-1] INFO  server.RaftServerConfigKeys (ConfUtils.java:logGet(43)) - raft.server.snapshot.retention.file.num = 5 (custom)
2019-11-14 13:45:19,989 [pool-27-thread-1] INFO  server.RaftServerConfigKeys (ConfUtils.java:logGet(43)) - raft.server.snapshot.retention.file.num = 5 (custom)
2019-11-14 13:45:19,989 [pool-37-thread-1] INFO  util.JmxRegister (JmxRegister.java:tryRegister(44)) - Successfully registered JMX Bean with object name Ratis:service=RaftServer,group=group-3C1549A60F01,id=75c40d31-072e-4316-95b1-c49fef33c450
2019-11-14 13:45:19,990 [pool-27-thread-1] INFO  server.RaftServerConfigKeys (ConfUtils.java:logGet(43)) - raft.server.retrycache.expirytime = 600000ms (custom)
2019-11-14 13:45:19,990 [pool-47-thread-1] INFO  server.RaftServerConfigKeys (ConfUtils.java:logGet(43)) - raft.server.retrycache.expirytime = 600000ms (custom)
2019-11-14 13:45:19,990 [pool-27-thread-1] WARN  impl.MetricRegistriesImpl (MetricRegistriesImpl.java:lambda$create$1(61)) - First MetricRegistry has been created without registering reporters. You may need to call MetricRegistries.global().addReportRegistration(...) before.
2019-11-14 13:45:19,990 [pool-37-thread-1] WARN  impl.MetricRegistriesImpl (MetricRegistriesImpl.java:lambda$create$1(61)) - First MetricRegistry has been created without registering reporters. You may need to call MetricRegistries.global().addReportRegistration(...) before.
2019-11-14 13:45:19,991 [pool-27-thread-1] WARN  impl.MetricRegistriesImpl (MetricRegistriesImpl.java:lambda$create$1(61)) - First MetricRegistry has been created without registering reporters. You may need to call MetricRegistries.global().addReportRegistration(...) before.
2019-11-14 13:45:19,991 [pool-47-thread-1] WARN  impl.MetricRegistriesImpl (MetricRegistriesImpl.java:lambda$create$1(61)) - First MetricRegistry has been created without registering reporters. You may need to call MetricRegistries.global().addReportRegistration(...) before.
2019-11-14 13:45:19,991 [pool-27-thread-1] INFO  impl.RaftServerImpl (RaftServerImpl.java:start(184)) - bfde180a-cbea-4c85-9ba8-0c8be2b11c81@group-3C1549A60F01: start as a follower, conf=-1: [75c40d31-072e-4316-95b1-c49fef33c450:192.168.34.21:42275, af1c79e4-3d23-48bd-b14c-0e82a476e394:192.168.34.21:46601, bfde180a-cbea-4c85-9ba8-0c8be2b11c81:192.168.34.21:40757], old=null
2019-11-14 13:45:19,991 [pool-47-thread-1] WARN  impl.MetricRegistriesImpl (MetricRegistriesImpl.java:lambda$create$1(61)) - First MetricRegistry has been created without registering reporters. You may need to call MetricRegistries.global().addReportRegistration(...) before.
2019-11-14 13:45:19,991 [pool-27-thread-1] INFO  impl.RaftServerImpl (RaftServerImpl.java:setRole(173)) - bfde180a-cbea-4c85-9ba8-0c8be2b11c81@group-3C1549A60F01: changes role from      null to FOLLOWER at term 0 for startAsFollower
2019-11-14 13:45:19,992 [pool-47-thread-1] INFO  impl.RaftServerImpl (RaftServerImpl.java:start(184)) - af1c79e4-3d23-48bd-b14c-0e82a476e394@group-3C1549A60F01: start as a follower, conf=-1: [75c40d31-072e-4316-95b1-c49fef33c450:192.168.34.21:42275, af1c79e4-3d23-48bd-b14c-0e82a476e394:192.168.34.21:46601, bfde180a-cbea-4c85-9ba8-0c8be2b11c81:192.168.34.21:40757], old=null
2019-11-14 13:45:19,992 [pool-27-thread-1] INFO  impl.RoleInfo (RoleInfo.java:updateAndGet(143)) - bfde180a-cbea-4c85-9ba8-0c8be2b11c81: start FollowerState
2019-11-14 13:45:19,992 [pool-47-thread-1] INFO  impl.RaftServerImpl (RaftServerImpl.java:setRole(173)) - af1c79e4-3d23-48bd-b14c-0e82a476e394@group-3C1549A60F01: changes role from      null to FOLLOWER at term 0 for startAsFollower
2019-11-14 13:45:19,993 [pool-27-thread-1] INFO  util.JmxRegister (JmxRegister.java:tryRegister(44)) - Successfully registered JMX Bean with object name Ratis:service=RaftServer,group=group-3C1549A60F01,id=bfde180a-cbea-4c85-9ba8-0c8be2b11c81
2019-11-14 13:45:19,993 [pool-47-thread-1] INFO  impl.RoleInfo (RoleInfo.java:updateAndGet(143)) - af1c79e4-3d23-48bd-b14c-0e82a476e394: start FollowerState
2019-11-14 13:45:19,993 [pool-27-thread-1] WARN  impl.MetricRegistriesImpl (MetricRegistriesImpl.java:lambda$create$1(61)) - First MetricRegistry has been created without registering reporters. You may need to call MetricRegistries.global().addReportRegistration(...) before.
2019-11-14 13:45:19,994 [pool-47-thread-1] INFO  util.JmxRegister (JmxRegister.java:tryRegister(44)) - Successfully registered JMX Bean with object name Ratis:service=RaftServer,group=group-3C1549A60F01,id=af1c79e4-3d23-48bd-b14c-0e82a476e394
2019-11-14 13:45:19,994 [pool-47-thread-1] WARN  impl.MetricRegistriesImpl (MetricRegistriesImpl.java:lambda$create$1(61)) - First MetricRegistry has been created without registering reporters. You may need to call MetricRegistries.global().addReportRegistration(...) before.
2019-11-14 13:45:20,013 [RatisPipelineUtilsThread] INFO  pipeline.PipelineStateManager (PipelineStateManager.java:addPipeline(55)) - Created pipeline Pipeline[ Id: 7abf374b-4964-4d4d-ad7a-3c1549a60f01, Nodes: 75c40d31-072e-4316-95b1-c49fef33c450{ip: 192.168.34.21, host: pr-hdds-2481-nxhrh-893604966, networkLocation: /default-rack, certSerialId: null}bfde180a-cbea-4c85-9ba8-0c8be2b11c81{ip: 192.168.34.21, host: pr-hdds-2481-nxhrh-893604966, networkLocation: /default-rack, certSerialId: null}af1c79e4-3d23-48bd-b14c-0e82a476e394{ip: 192.168.34.21, host: pr-hdds-2481-nxhrh-893604966, networkLocation: /default-rack, certSerialId: null}, Type:RATIS, Factor:THREE, State:ALLOCATED]
2019-11-14 13:45:20,015 [main] INFO  ozone.MiniOzoneClusterImpl (MiniOzoneClusterImpl.java:lambda$waitForClusterToBeReady$2(163)) - Waiting for 4 number of pipelines out of 4, to report a leader.
2019-11-14 13:45:21,016 [main] INFO  ozone.MiniOzoneClusterImpl (MiniOzoneClusterImpl.java:lambda$waitForClusterToBeReady$2(163)) - Waiting for 4 number of pipelines out of 4, to report a leader.
2019-11-14 13:45:21,992 [Thread-178] INFO  container.ReplicationManager (ReplicationManager.java:start(162)) - Starting Replication Monitor Thread.
2019-11-14 13:45:21,995 [Thread-178] INFO  pipeline.SCMPipelineManager (SCMPipelineManager.java:finalizeAndDestroyPipeline(315)) - destroying pipeline:Pipeline[ Id: 7abf374b-4964-4d4d-ad7a-3c1549a60f01, Nodes: 75c40d31-072e-4316-95b1-c49fef33c450{ip: 192.168.34.21, host: pr-hdds-2481-nxhrh-893604966, networkLocation: /default-rack, certSerialId: null}bfde180a-cbea-4c85-9ba8-0c8be2b11c81{ip: 192.168.34.21, host: pr-hdds-2481-nxhrh-893604966, networkLocation: /default-rack, certSerialId: null}af1c79e4-3d23-48bd-b14c-0e82a476e394{ip: 192.168.34.21, host: pr-hdds-2481-nxhrh-893604966, networkLocation: /default-rack, certSerialId: null}, Type:RATIS, Factor:THREE, State:ALLOCATED]
2019-11-14 13:45:21,995 [ReplicationMonitor] INFO  container.ReplicationManager (ReplicationManager.java:run(225)) - Replication Monitor Thread took 1 milliseconds for processing 0 containers.
2019-11-14 13:45:21,996 [Thread-178] INFO  pipeline.PipelineStateManager (PipelineStateManager.java:finalizePipeline(121)) - Pipeline Pipeline[ Id: 7abf374b-4964-4d4d-ad7a-3c1549a60f01, Nodes: 75c40d31-072e-4316-95b1-c49fef33c450{ip: 192.168.34.21, host: pr-hdds-2481-nxhrh-893604966, networkLocation: /default-rack, certSerialId: null}bfde180a-cbea-4c85-9ba8-0c8be2b11c81{ip: 192.168.34.21, host: pr-hdds-2481-nxhrh-893604966, networkLocation: /default-rack, certSerialId: null}af1c79e4-3d23-48bd-b14c-0e82a476e394{ip: 192.168.34.21, host: pr-hdds-2481-nxhrh-893604966, networkLocation: /default-rack, certSerialId: null}, Type:RATIS, Factor:THREE, State:CLOSED] moved to CLOSED state
2019-11-14 13:45:22,017 [main] INFO  ozone.MiniOzoneClusterImpl (MiniOzoneClusterImpl.java:lambda$waitForClusterToBeReady$2(163)) - Waiting for 3 number of pipelines out of 4, to report a leader.
2019-11-14 13:45:22,033 [grpc-default-executor-1] INFO  impl.RaftServerProxy (RaftServerProxy.java:remove(95)) - 75c40d31-072e-4316-95b1-c49fef33c450: remove  FOLLOWER 75c40d31-072e-4316-95b1-c49fef33c450@group-3C1549A60F01:t0, leader=null, voted=null, raftlog=75c40d31-072e-4316-95b1-c49fef33c450@group-3C1549A60F01-SegmentedRaftLog:OPENED:c-1,f-1,i0, conf=-1: [75c40d31-072e-4316-95b1-c49fef33c450:192.168.34.21:42275, af1c79e4-3d23-48bd-b14c-0e82a476e394:192.168.34.21:46601, bfde180a-cbea-4c85-9ba8-0c8be2b11c81:192.168.34.21:40757], old=null RUNNING
2019-11-14 13:45:22,037 [grpc-default-executor-1] INFO  impl.RaftServerImpl (RaftServerImpl.java:lambda$shutdown$3(250)) - 75c40d31-072e-4316-95b1-c49fef33c450@group-3C1549A60F01: shutdown
2019-11-14 13:45:22,038 [grpc-default-executor-1] INFO  util.JmxRegister (JmxRegister.java:unregister(73)) - Successfully un-registered JMX Bean with object name Ratis:service=RaftServer,group=group-3C1549A60F01,id=75c40d31-072e-4316-95b1-c49fef33c450
2019-11-14 13:45:22,038 [grpc-default-executor-1] INFO  impl.RoleInfo (RoleInfo.java:shutdownFollowerState(121)) - 75c40d31-072e-4316-95b1-c49fef33c450: shutdown FollowerState
2019-11-14 13:45:22,038 [grpc-default-executor-1] INFO  impl.StateMachineUpdater (StateMachineUpdater.java:stopAndJoin(136)) - 75c40d31-072e-4316-95b1-c49fef33c450@group-3C1549A60F01-StateMachineUpdater: set stopIndex = -1
2019-11-14 13:45:22,038 [Thread-189] INFO  impl.FollowerState (FollowerState.java:run(120)) - 75c40d31-072e-4316-95b1-c49fef33c450@group-3C1549A60F01-FollowerState was interrupted: java.lang.InterruptedException: sleep interrupted
2019-11-14 13:45:22,041 [grpc-default-executor-1] INFO  impl.RaftServerImpl (ServerState.java:close(387)) - 75c40d31-072e-4316-95b1-c49fef33c450@group-3C1549A60F01: closes. applyIndex: -1
2019-11-14 13:45:22,063 [75c40d31-072e-4316-95b1-c49fef33c450@group-3C1549A60F01-SegmentedRaftLogWorker] INFO  segmented.SegmentedRaftLogWorker (SegmentedRaftLogWorker.java:run(316)) - 75c40d31-072e-4316-95b1-c49fef33c450@group-3C1549A60F01-SegmentedRaftLogWorker was interrupted, exiting. There are 0 tasks remaining in the queue.
2019-11-14 13:45:22,067 [grpc-default-executor-1] INFO  segmented.SegmentedRaftLogWorker (SegmentedRaftLogWorker.java:close(224)) - 75c40d31-072e-4316-95b1-c49fef33c450@group-3C1549A60F01-SegmentedRaftLogWorker close()
2019-11-14 13:45:22,101 [grpc-default-executor-1] INFO  impl.RaftServerProxy (RaftServerProxy.java:remove(95)) - bfde180a-cbea-4c85-9ba8-0c8be2b11c81: remove  FOLLOWER bfde180a-cbea-4c85-9ba8-0c8be2b11c81@group-3C1549A60F01:t0, leader=null, voted=null, raftlog=bfde180a-cbea-4c85-9ba8-0c8be2b11c81@group-3C1549A60F01-SegmentedRaftLog:OPENED:c-1,f-1,i0, conf=-1: [75c40d31-072e-4316-95b1-c49fef33c450:192.168.34.21:42275, af1c79e4-3d23-48bd-b14c-0e82a476e394:192.168.34.21:46601, bfde180a-cbea-4c85-9ba8-0c8be2b11c81:192.168.34.21:40757], old=null RUNNING
2019-11-14 13:45:22,102 [grpc-default-executor-1] INFO  impl.RaftServerImpl (RaftServerImpl.java:lambda$shutdown$3(250)) - bfde180a-cbea-4c85-9ba8-0c8be2b11c81@group-3C1549A60F01: shutdown
2019-11-14 13:45:22,102 [grpc-default-executor-1] INFO  util.JmxRegister (JmxRegister.java:unregister(73)) - Successfully un-registered JMX Bean with object name Ratis:service=RaftServer,group=group-3C1549A60F01,id=bfde180a-cbea-4c85-9ba8-0c8be2b11c81
2019-11-14 13:45:22,102 [grpc-default-executor-1] INFO  impl.RoleInfo (RoleInfo.java:shutdownFollowerState(121)) - bfde180a-cbea-4c85-9ba8-0c8be2b11c81: shutdown FollowerState
2019-11-14 13:45:22,102 [grpc-default-executor-1] INFO  impl.StateMachineUpdater (StateMachineUpdater.java:stopAndJoin(136)) - bfde180a-cbea-4c85-9ba8-0c8be2b11c81@group-3C1549A60F01-StateMachineUpdater: set stopIndex = -1
2019-11-14 13:45:22,103 [Thread-193] INFO  impl.FollowerState (FollowerState.java:run(120)) - bfde180a-cbea-4c85-9ba8-0c8be2b11c81@group-3C1549A60F01-FollowerState was interrupted: java.lang.InterruptedException: sleep interrupted
2019-11-14 13:45:22,104 [grpc-default-executor-1] INFO  impl.RaftServerImpl (ServerState.java:close(387)) - bfde180a-cbea-4c85-9ba8-0c8be2b11c81@group-3C1549A60F01: closes. applyIndex: -1
2019-11-14 13:45:22,105 [bfde180a-cbea-4c85-9ba8-0c8be2b11c81@group-3C1549A60F01-SegmentedRaftLogWorker] INFO  segmented.SegmentedRaftLogWorker (SegmentedRaftLogWorker.java:run(316)) - bfde180a-cbea-4c85-9ba8-0c8be2b11c81@group-3C1549A60F01-SegmentedRaftLogWorker was interrupted, exiting. There are 0 tasks remaining in the queue.
2019-11-14 13:45:22,106 [grpc-default-executor-1] INFO  segmented.SegmentedRaftLogWorker (SegmentedRaftLogWorker.java:close(224)) - bfde180a-cbea-4c85-9ba8-0c8be2b11c81@group-3C1549A60F01-SegmentedRaftLogWorker close()
2019-11-14 13:45:22,125 [grpc-default-executor-1] INFO  impl.RaftServerProxy (RaftServerProxy.java:remove(95)) - af1c79e4-3d23-48bd-b14c-0e82a476e394: remove  FOLLOWER af1c79e4-3d23-48bd-b14c-0e82a476e394@group-3C1549A60F01:t0, leader=null, voted=null, raftlog=af1c79e4-3d23-48bd-b14c-0e82a476e394@group-3C1549A60F01-SegmentedRaftLog:OPENED:c-1,f-1,i0, conf=-1: [75c40d31-072e-4316-95b1-c49fef33c450:192.168.34.21:42275, af1c79e4-3d23-48bd-b14c-0e82a476e394:192.168.34.21:46601, bfde180a-cbea-4c85-9ba8-0c8be2b11c81:192.168.34.21:40757], old=null RUNNING
2019-11-14 13:45:22,125 [grpc-default-executor-1] INFO  impl.RaftServerImpl (RaftServerImpl.java:lambda$shutdown$3(250)) - af1c79e4-3d23-48bd-b14c-0e82a476e394@group-3C1549A60F01: shutdown
2019-11-14 13:45:22,125 [grpc-default-executor-1] INFO  util.JmxRegister (JmxRegister.java:unregister(73)) - Successfully un-registered JMX Bean with object name Ratis:service=RaftServer,group=group-3C1549A60F01,id=af1c79e4-3d23-48bd-b14c-0e82a476e394
2019-11-14 13:45:22,125 [grpc-default-executor-1] INFO  impl.RoleInfo (RoleInfo.java:shutdownFollowerState(121)) - af1c79e4-3d23-48bd-b14c-0e82a476e394: shutdown FollowerState
2019-11-14 13:45:22,126 [grpc-default-executor-1] INFO  impl.StateMachineUpdater (StateMachineUpdater.java:stopAndJoin(136)) - af1c79e4-3d23-48bd-b14c-0e82a476e394@group-3C1549A60F01-StateMachineUpdater: set stopIndex = -1
2019-11-14 13:45:22,126 [Thread-194] INFO  impl.FollowerState (FollowerState.java:run(120)) - af1c79e4-3d23-48bd-b14c-0e82a476e394@group-3C1549A60F01-FollowerState was interrupted: java.lang.InterruptedException: sleep interrupted
2019-11-14 13:45:22,127 [grpc-default-executor-1] INFO  impl.RaftServerImpl (ServerState.java:close(387)) - af1c79e4-3d23-48bd-b14c-0e82a476e394@group-3C1549A60F01: closes. applyIndex: -1
2019-11-14 13:45:22,129 [af1c79e4-3d23-48bd-b14c-0e82a476e394@group-3C1549A60F01-SegmentedRaftLogWorker] INFO  segmented.SegmentedRaftLogWorker (SegmentedRaftLogWorker.java:run(316)) - af1c79e4-3d23-48bd-b14c-0e82a476e394@group-3C1549A60F01-SegmentedRaftLogWorker was interrupted, exiting. There are 0 tasks remaining in the queue.
2019-11-14 13:45:22,129 [grpc-default-executor-1] INFO  segmented.SegmentedRaftLogWorker (SegmentedRaftLogWorker.java:close(224)) - af1c79e4-3d23-48bd-b14c-0e82a476e394@group-3C1549A60F01-SegmentedRaftLogWorker close()
2019-11-14 13:45:22,139 [Thread-178] INFO  pipeline.PipelineStateManager (PipelineStateManager.java:removePipeline(106)) - Pipeline Pipeline[ Id: 7abf374b-4964-4d4d-ad7a-3c1549a60f01, Nodes: 75c40d31-072e-4316-95b1-c49fef33c450{ip: 192.168.34.21, host: pr-hdds-2481-nxhrh-893604966, networkLocation: /default-rack, certSerialId: null}bfde180a-cbea-4c85-9ba8-0c8be2b11c81{ip: 192.168.34.21, host: pr-hdds-2481-nxhrh-893604966, networkLocation: /default-rack, certSerialId: null}af1c79e4-3d23-48bd-b14c-0e82a476e394{ip: 192.168.34.21, host: pr-hdds-2481-nxhrh-893604966, networkLocation: /default-rack, certSerialId: null}, Type:RATIS, Factor:THREE, State:CLOSED] removed from db
2019-11-14 13:45:22,141 [Thread-178] INFO  pipeline.SCMPipelineManager (SCMPipelineManager.java:finalizeAndDestroyPipeline(315)) - destroying pipeline:Pipeline[ Id: dcaed35d-8d95-4ef4-8644-0e0c6a33ebce, Nodes: bfde180a-cbea-4c85-9ba8-0c8be2b11c81{ip: 192.168.34.21, host: pr-hdds-2481-nxhrh-893604966, networkLocation: /default-rack, certSerialId: null}, Type:RATIS, Factor:ONE, State:ALLOCATED]
2019-11-14 13:45:22,141 [Thread-178] INFO  pipeline.PipelineStateManager (PipelineStateManager.java:finalizePipeline(121)) - Pipeline Pipeline[ Id: dcaed35d-8d95-4ef4-8644-0e0c6a33ebce, Nodes: bfde180a-cbea-4c85-9ba8-0c8be2b11c81{ip: 192.168.34.21, host: pr-hdds-2481-nxhrh-893604966, networkLocation: /default-rack, certSerialId: null}, Type:RATIS, Factor:ONE, State:CLOSED] moved to CLOSED state
2019-11-14 13:45:22,155 [grpc-default-executor-2] INFO  impl.RaftServerProxy (RaftServerProxy.java:addNew(89)) - bfde180a-cbea-4c85-9ba8-0c8be2b11c81: addNew group-2032B8D3A0A2:[bfde180a-cbea-4c85-9ba8-0c8be2b11c81:192.168.34.21:40757] returns group-2032B8D3A0A2:java.util.concurrent.CompletableFuture@55281259[Not completed]
2019-11-14 13:45:22,157 [grpc-default-executor-1] INFO  impl.RaftServerProxy (RaftServerProxy.java:remove(95)) - bfde180a-cbea-4c85-9ba8-0c8be2b11c81: remove  FOLLOWER bfde180a-cbea-4c85-9ba8-0c8be2b11c81@group-0E0C6A33EBCE:t0, leader=null, voted=null, raftlog=bfde180a-cbea-4c85-9ba8-0c8be2b11c81@group-0E0C6A33EBCE-SegmentedRaftLog:OPENED:c-1,f-1,i0, conf=-1: [bfde180a-cbea-4c85-9ba8-0c8be2b11c81:192.168.34.21:40757], old=null RUNNING
2019-11-14 13:45:22,157 [grpc-default-executor-1] INFO  impl.RaftServerImpl (RaftServerImpl.java:lambda$shutdown$3(250)) - bfde180a-cbea-4c85-9ba8-0c8be2b11c81@group-0E0C6A33EBCE: shutdown
2019-11-14 13:45:22,157 [grpc-default-executor-1] INFO  util.JmxRegister (JmxRegister.java:unregister(73)) - Successfully un-registered JMX Bean with object name Ratis:service=RaftServer,group=group-0E0C6A33EBCE,id=bfde180a-cbea-4c85-9ba8-0c8be2b11c81
2019-11-14 13:45:22,157 [grpc-default-executor-1] INFO  impl.RoleInfo (RoleInfo.java:shutdownFollowerState(121)) - bfde180a-cbea-4c85-9ba8-0c8be2b11c81: shutdown FollowerState
2019-11-14 13:45:22,158 [grpc-default-executor-1] INFO  impl.StateMachineUpdater (StateMachineUpdater.java:stopAndJoin(136)) - bfde180a-cbea-4c85-9ba8-0c8be2b11c81@group-0E0C6A33EBCE-StateMachineUpdater: set stopIndex = -1
2019-11-14 13:45:22,158 [Thread-180] INFO  impl.FollowerState (FollowerState.java:run(120)) - bfde180a-cbea-4c85-9ba8-0c8be2b11c81@group-0E0C6A33EBCE-FollowerState was interrupted: java.lang.InterruptedException: sleep interrupted
2019-11-14 13:45:22,159 [grpc-default-executor-1] INFO  impl.RaftServerImpl (ServerState.java:close(387)) - bfde180a-cbea-4c85-9ba8-0c8be2b11c81@group-0E0C6A33EBCE: closes. applyIndex: -1
2019-11-14 13:45:22,162 [bfde180a-cbea-4c85-9ba8-0c8be2b11c81@group-0E0C6A33EBCE-SegmentedRaftLogWorker] INFO  segmented.SegmentedRaftLogWorker (SegmentedRaftLogWorker.java:run(316)) - bfde180a-cbea-4c85-9ba8-0c8be2b11c81@group-0E0C6A33EBCE-SegmentedRaftLogWorker was interrupted, exiting. There are 0 tasks remaining in the queue.
2019-11-14 13:45:22,163 [grpc-default-executor-1] INFO  segmented.SegmentedRaftLogWorker (SegmentedRaftLogWorker.java:close(224)) - bfde180a-cbea-4c85-9ba8-0c8be2b11c81@group-0E0C6A33EBCE-SegmentedRaftLogWorker close()
2019-11-14 13:45:22,165 [pool-27-thread-1] INFO  impl.RaftServerImpl (RaftServerImpl.java:<init>(98)) - bfde180a-cbea-4c85-9ba8-0c8be2b11c81: new RaftServerImpl for group-2032B8D3A0A2:[bfde180a-cbea-4c85-9ba8-0c8be2b11c81:192.168.34.21:40757] with ContainerStateMachine:uninitialized
2019-11-14 13:45:22,165 [pool-27-thread-1] INFO  server.RaftServerConfigKeys (ConfUtils.java:logGet(43)) - raft.server.rpc.timeout.min = 5s (custom)
2019-11-14 13:45:22,166 [pool-27-thread-1] INFO  server.RaftServerConfigKeys (ConfUtils.java:logGet(43)) - raft.server.rpc.timeout.max = 5200ms (custom)
2019-11-14 13:45:22,166 [pool-27-thread-1] INFO  server.RaftServerConfigKeys (ConfUtils.java:logGet(43)) - raft.server.rpcslowness.timeout = 120s (custom)
2019-11-14 13:45:22,166 [pool-27-thread-1] INFO  server.RaftServerConfigKeys (ConfUtils.java:logGet(43)) - raft.server.sleep.deviation.threshold = 300 (default)
2019-11-14 13:45:22,166 [pool-27-thread-1] INFO  server.RaftServerConfigKeys (ConfUtils.java:logGet(43)) - raft.server.log.appender.install.snapshot.enabled = false (custom)
2019-11-14 13:45:22,166 [pool-27-thread-1] INFO  impl.RaftServerImpl (ServerState.java:<init>(103)) - bfde180a-cbea-4c85-9ba8-0c8be2b11c81@group-2032B8D3A0A2: ConfigurationManager, init=-1: [bfde180a-cbea-4c85-9ba8-0c8be2b11c81:192.168.34.21:40757], old=null, confs=<EMPTY_MAP>
2019-11-14 13:45:22,167 [pool-27-thread-1] INFO  server.RaftServerConfigKeys (ConfUtils.java:logGet(43)) - raft.server.storage.dir = [/workdir/hadoop-ozone/tools/target/test-dir/MiniOzoneClusterImpl-1db13fd8-7b5c-4c28-b07c-c36c47cddec3/datanode-0/data/ratis] (custom)
2019-11-14 13:45:22,167 [pool-27-thread-1] INFO  server.RaftServerConfigKeys (ConfUtils.java:logGet(43)) - raft.server.log.corruption.policy = EXCEPTION (default)
2019-11-14 13:45:22,167 [pool-27-thread-1] INFO  storage.RaftStorageDirectory (RaftStorageDirectory.java:analyzeStorage(246)) - The storage directory /workdir/hadoop-ozone/tools/target/test-dir/MiniOzoneClusterImpl-1db13fd8-7b5c-4c28-b07c-c36c47cddec3/datanode-0/data/ratis/08f79342-05bb-49b1-b03b-2032b8d3a0a2 does not exist. Creating ...
2019-11-14 13:45:22,181 [pool-27-thread-1] INFO  storage.RaftStorageDirectory (RaftStorageDirectory.java:tryLock(328)) - Lock on /workdir/hadoop-ozone/tools/target/test-dir/MiniOzoneClusterImpl-1db13fd8-7b5c-4c28-b07c-c36c47cddec3/datanode-0/data/ratis/08f79342-05bb-49b1-b03b-2032b8d3a0a2/in_use.lock acquired by nodename 19331@pr-hdds-2481-nxhrh-893604966
2019-11-14 13:45:22,194 [pool-27-thread-1] INFO  storage.RaftStorage (RaftStorage.java:format(84)) - Storage directory /workdir/hadoop-ozone/tools/target/test-dir/MiniOzoneClusterImpl-1db13fd8-7b5c-4c28-b07c-c36c47cddec3/datanode-0/data/ratis/08f79342-05bb-49b1-b03b-2032b8d3a0a2 has been successfully formatted.
2019-11-14 13:45:22,194 [pool-27-thread-1] INFO  ratis.ContainerStateMachine (ContainerStateMachine.java:loadSnapshot(223)) - group-2032B8D3A0A2: The snapshot info is null. Setting the last applied indexto:(t:0, i:~)
2019-11-14 13:45:22,195 [pool-27-thread-1] INFO  server.RaftServerConfigKeys (ConfUtils.java:logGet(43)) - raft.server.notification.no-leader.timeout = 120s (custom)
2019-11-14 13:45:22,195 [pool-27-thread-1] INFO  server.RaftServerConfigKeys (ConfUtils.java:logGet(43)) - raft.server.log.use.memory = false (default)
2019-11-14 13:45:22,195 [pool-27-thread-1] INFO  server.RaftServerConfigKeys (ConfUtils.java:logGet(43)) - raft.server.log.purge.gap = 1000000 (custom)
2019-11-14 13:45:22,195 [pool-27-thread-1] INFO  server.RaftServerConfigKeys (ConfUtils.java:logGet(43)) - raft.server.log.appender.buffer.byte-limit = 33554432 (custom)
2019-11-14 13:45:22,195 [pool-27-thread-1] INFO  server.RaftServerConfigKeys (ConfUtils.java:logGet(43)) - raft.server.log.segment.size.max = 1048576 (custom)
2019-11-14 13:45:22,196 [pool-27-thread-1] INFO  server.RaftServerConfigKeys (ConfUtils.java:logGet(43)) - raft.server.log.segment.cache.num.max = 2 (custom)
2019-11-14 13:45:22,196 [pool-27-thread-1] INFO  segmented.SegmentedRaftLogWorker (SegmentedRaftLogWorker.java:<init>(173)) - new bfde180a-cbea-4c85-9ba8-0c8be2b11c81@group-2032B8D3A0A2-SegmentedRaftLogWorker for RaftStorage:Storage Directory /workdir/hadoop-ozone/tools/target/test-dir/MiniOzoneClusterImpl-1db13fd8-7b5c-4c28-b07c-c36c47cddec3/datanode-0/data/ratis/08f79342-05bb-49b1-b03b-2032b8d3a0a2
2019-11-14 13:45:22,196 [pool-27-thread-1] INFO  server.RaftServerConfigKeys (ConfUtils.java:logGet(43)) - raft.server.log.queue.byte-limit = 2147483647 (custom)
2019-11-14 13:45:22,196 [pool-27-thread-1] INFO  server.RaftServerConfigKeys (ConfUtils.java:logGet(43)) - raft.server.log.queue.element-limit = 1024 (custom)
2019-11-14 13:45:22,196 [pool-27-thread-1] INFO  server.RaftServerConfigKeys (ConfUtils.java:logGet(43)) - raft.server.log.segment.size.max = 1048576 (custom)
2019-11-14 13:45:22,196 [pool-27-thread-1] INFO  server.RaftServerConfigKeys (ConfUtils.java:logGet(43)) - raft.server.log.preallocated.size = 16384 (custom)
2019-11-14 13:45:22,196 [pool-27-thread-1] INFO  server.RaftServerConfigKeys (ConfUtils.java:logGet(43)) - raft.server.log.write.buffer.size = 33554432 (custom)
2019-11-14 13:45:22,197 [pool-27-thread-1] INFO  server.RaftServerConfigKeys (ConfUtils.java:logGet(43)) - raft.server.log.force.sync.num = 128 (default)
2019-11-14 13:45:22,197 [pool-27-thread-1] INFO  server.RaftServerConfigKeys (ConfUtils.java:logGet(43)) - raft.server.log.statemachine.data.sync = true (default)
2019-11-14 13:45:22,197 [pool-27-thread-1] INFO  server.RaftServerConfigKeys (ConfUtils.java:logGet(43)) - raft.server.log.statemachine.data.sync.timeout = 10s (default)
2019-11-14 13:45:22,197 [pool-27-thread-1] INFO  server.RaftServerConfigKeys (ConfUtils.java:logGet(43)) - raft.server.log.statemachine.data.sync.timeout.retry = -1 (default)
2019-11-14 13:45:22,197 [pool-27-thread-1] INFO  server.RaftServerConfigKeys (ConfUtils.java:logGet(43)) - raft.server.log.statemachine.data.caching.enabled = true (custom)
2019-11-14 13:45:22,198 [pool-27-thread-1] INFO  segmented.SegmentedRaftLogWorker (SegmentedRaftLogWorker.java:lambda$new$0(128)) - bfde180a-cbea-4c85-9ba8-0c8be2b11c81@group-2032B8D3A0A2-SegmentedRaftLogWorker: flushIndex: setUnconditionally 0 -> -1
2019-11-14 13:45:22,198 [pool-27-thread-1] INFO  server.RaftServerConfigKeys (ConfUtils.java:logGet(43)) - raft.server.snapshot.auto.trigger.enabled = true (custom)
2019-11-14 13:45:22,198 [pool-27-thread-1] INFO  server.RaftServerConfigKeys (ConfUtils.java:logGet(43)) - raft.server.snapshot.auto.trigger.threshold = 10000 (custom)
2019-11-14 13:45:22,198 [pool-27-thread-1] INFO  server.RaftServerConfigKeys (ConfUtils.java:logGet(43)) - raft.server.snapshot.retention.file.num = 5 (custom)
2019-11-14 13:45:22,199 [pool-27-thread-1] INFO  server.RaftServerConfigKeys (ConfUtils.java:logGet(43)) - raft.server.retrycache.expirytime = 600000ms (custom)
2019-11-14 13:45:22,199 [pool-27-thread-1] WARN  impl.MetricRegistriesImpl (MetricRegistriesImpl.java:lambda$create$1(61)) - First MetricRegistry has been created without registering reporters. You may need to call MetricRegistries.global().addReportRegistration(...) before.
2019-11-14 13:45:22,199 [pool-27-thread-1] WARN  impl.MetricRegistriesImpl (MetricRegistriesImpl.java:lambda$create$1(61)) - First MetricRegistry has been created without registering reporters. You may need to call MetricRegistries.global().addReportRegistration(...) before.
2019-11-14 13:45:22,199 [pool-27-thread-1] INFO  impl.RaftServerImpl (RaftServerImpl.java:start(184)) - bfde180a-cbea-4c85-9ba8-0c8be2b11c81@group-2032B8D3A0A2: start as a follower, conf=-1: [bfde180a-cbea-4c85-9ba8-0c8be2b11c81:192.168.34.21:40757], old=null
2019-11-14 13:45:22,199 [pool-27-thread-1] INFO  impl.RaftServerImpl (RaftServerImpl.java:setRole(173)) - bfde180a-cbea-4c85-9ba8-0c8be2b11c81@group-2032B8D3A0A2: changes role from      null to FOLLOWER at term 0 for startAsFollower
2019-11-14 13:45:22,200 [pool-27-thread-1] INFO  impl.RoleInfo (RoleInfo.java:updateAndGet(143)) - bfde180a-cbea-4c85-9ba8-0c8be2b11c81: start FollowerState
2019-11-14 13:45:22,200 [pool-27-thread-1] INFO  util.JmxRegister (JmxRegister.java:tryRegister(44)) - Successfully registered JMX Bean with object name Ratis:service=RaftServer,group=group-2032B8D3A0A2,id=bfde180a-cbea-4c85-9ba8-0c8be2b11c81
2019-11-14 13:45:22,200 [pool-27-thread-1] WARN  impl.MetricRegistriesImpl (MetricRegistriesImpl.java:lambda$create$1(61)) - First MetricRegistry has been created without registering reporters. You may need to call MetricRegistries.global().addReportRegistration(...) before.
2019-11-14 13:45:22,208 [RatisPipelineUtilsThread] INFO  pipeline.PipelineStateManager (PipelineStateManager.java:addPipeline(55)) - Created pipeline Pipeline[ Id: 08f79342-05bb-49b1-b03b-2032b8d3a0a2, Nodes: bfde180a-cbea-4c85-9ba8-0c8be2b11c81{ip: 192.168.34.21, host: pr-hdds-2481-nxhrh-893604966, networkLocation: /default-rack, certSerialId: null}, Type:RATIS, Factor:ONE, State:ALLOCATED]
2019-11-14 13:45:22,227 [grpc-default-executor-1] INFO  impl.RaftServerProxy (RaftServerProxy.java:addNew(89)) - bfde180a-cbea-4c85-9ba8-0c8be2b11c81: addNew group-84E6A096DD2E:[75c40d31-072e-4316-95b1-c49fef33c450:192.168.34.21:42275, af1c79e4-3d23-48bd-b14c-0e82a476e394:192.168.34.21:46601, bfde180a-cbea-4c85-9ba8-0c8be2b11c81:192.168.34.21:40757] returns group-84E6A096DD2E:java.util.concurrent.CompletableFuture@2cf4e9a0[Not completed]
2019-11-14 13:45:22,229 [grpc-default-executor-1] INFO  impl.RaftServerProxy (RaftServerProxy.java:addNew(89)) - 75c40d31-072e-4316-95b1-c49fef33c450: addNew group-84E6A096DD2E:[75c40d31-072e-4316-95b1-c49fef33c450:192.168.34.21:42275, af1c79e4-3d23-48bd-b14c-0e82a476e394:192.168.34.21:46601, bfde180a-cbea-4c85-9ba8-0c8be2b11c81:192.168.34.21:40757] returns group-84E6A096DD2E:java.util.concurrent.CompletableFuture@4b7fc40c[Not completed]
2019-11-14 13:45:22,230 [pool-27-thread-1] INFO  impl.RaftServerImpl (RaftServerImpl.java:<init>(98)) - bfde180a-cbea-4c85-9ba8-0c8be2b11c81: new RaftServerImpl for group-84E6A096DD2E:[75c40d31-072e-4316-95b1-c49fef33c450:192.168.34.21:42275, af1c79e4-3d23-48bd-b14c-0e82a476e394:192.168.34.21:46601, bfde180a-cbea-4c85-9ba8-0c8be2b11c81:192.168.34.21:40757] with ContainerStateMachine:uninitialized
2019-11-14 13:45:22,230 [pool-27-thread-1] INFO  server.RaftServerConfigKeys (ConfUtils.java:logGet(43)) - raft.server.rpc.timeout.min = 5s (custom)
2019-11-14 13:45:22,230 [grpc-default-executor-1] INFO  impl.RaftServerProxy (RaftServerProxy.java:addNew(89)) - af1c79e4-3d23-48bd-b14c-0e82a476e394: addNew group-84E6A096DD2E:[75c40d31-072e-4316-95b1-c49fef33c450:192.168.34.21:42275, af1c79e4-3d23-48bd-b14c-0e82a476e394:192.168.34.21:46601, bfde180a-cbea-4c85-9ba8-0c8be2b11c81:192.168.34.21:40757] returns group-84E6A096DD2E:java.util.concurrent.CompletableFuture@11848b35[Not completed]
2019-11-14 13:45:22,231 [pool-27-thread-1] INFO  server.RaftServerConfigKeys (ConfUtils.java:logGet(43)) - raft.server.rpc.timeout.max = 5200ms (custom)
2019-11-14 13:45:22,231 [pool-27-thread-1] INFO  server.RaftServerConfigKeys (ConfUtils.java:logGet(43)) - raft.server.rpcslowness.timeout = 120s (custom)
2019-11-14 13:45:22,231 [pool-27-thread-1] INFO  server.RaftServerConfigKeys (ConfUtils.java:logGet(43)) - raft.server.sleep.deviation.threshold = 300 (default)
2019-11-14 13:45:22,231 [pool-27-thread-1] INFO  server.RaftServerConfigKeys (ConfUtils.java:logGet(43)) - raft.server.log.appender.install.snapshot.enabled = false (custom)
2019-11-14 13:45:22,231 [pool-27-thread-1] INFO  impl.RaftServerImpl (ServerState.java:<init>(103)) - bfde180a-cbea-4c85-9ba8-0c8be2b11c81@group-84E6A096DD2E: ConfigurationManager, init=-1: [75c40d31-072e-4316-95b1-c49fef33c450:192.168.34.21:42275, af1c79e4-3d23-48bd-b14c-0e82a476e394:192.168.34.21:46601, bfde180a-cbea-4c85-9ba8-0c8be2b11c81:192.168.34.21:40757], old=null, confs=<EMPTY_MAP>
2019-11-14 13:45:22,231 [pool-37-thread-1] INFO  impl.RaftServerImpl (RaftServerImpl.java:<init>(98)) - 75c40d31-072e-4316-95b1-c49fef33c450: new RaftServerImpl for group-84E6A096DD2E:[75c40d31-072e-4316-95b1-c49fef33c450:192.168.34.21:42275, af1c79e4-3d23-48bd-b14c-0e82a476e394:192.168.34.21:46601, bfde180a-cbea-4c85-9ba8-0c8be2b11c81:192.168.34.21:40757] with ContainerStateMachine:uninitialized
2019-11-14 13:45:22,232 [pool-27-thread-1] INFO  server.RaftServerConfigKeys (ConfUtils.java:logGet(43)) - raft.server.storage.dir = [/workdir/hadoop-ozone/tools/target/test-dir/MiniOzoneClusterImpl-1db13fd8-7b5c-4c28-b07c-c36c47cddec3/datanode-0/data/ratis] (custom)
2019-11-14 13:45:22,232 [pool-37-thread-1] INFO  server.RaftServerConfigKeys (ConfUtils.java:logGet(43)) - raft.server.rpc.timeout.min = 5s (custom)
2019-11-14 13:45:22,232 [pool-37-thread-1] INFO  server.RaftServerConfigKeys (ConfUtils.java:logGet(43)) - raft.server.rpc.timeout.max = 5200ms (custom)
2019-11-14 13:45:22,232 [pool-27-thread-1] INFO  server.RaftServerConfigKeys (ConfUtils.java:logGet(43)) - raft.server.log.corruption.policy = EXCEPTION (default)
2019-11-14 13:45:22,232 [pool-37-thread-1] INFO  server.RaftServerConfigKeys (ConfUtils.java:logGet(43)) - raft.server.rpcslowness.timeout = 120s (custom)
2019-11-14 13:45:22,232 [pool-37-thread-1] INFO  server.RaftServerConfigKeys (ConfUtils.java:logGet(43)) - raft.server.sleep.deviation.threshold = 300 (default)
2019-11-14 13:45:22,232 [pool-47-thread-1] INFO  impl.RaftServerImpl (RaftServerImpl.java:<init>(98)) - af1c79e4-3d23-48bd-b14c-0e82a476e394: new RaftServerImpl for group-84E6A096DD2E:[75c40d31-072e-4316-95b1-c49fef33c450:192.168.34.21:42275, af1c79e4-3d23-48bd-b14c-0e82a476e394:192.168.34.21:46601, bfde180a-cbea-4c85-9ba8-0c8be2b11c81:192.168.34.21:40757] with ContainerStateMachine:uninitialized
2019-11-14 13:45:22,232 [pool-37-thread-1] INFO  server.RaftServerConfigKeys (ConfUtils.java:logGet(43)) - raft.server.log.appender.install.snapshot.enabled = false (custom)
2019-11-14 13:45:22,233 [pool-47-thread-1] INFO  server.RaftServerConfigKeys (ConfUtils.java:logGet(43)) - raft.server.rpc.timeout.min = 5s (custom)
2019-11-14 13:45:22,232 [pool-27-thread-1] INFO  storage.RaftStorageDirectory (RaftStorageDirectory.java:analyzeStorage(246)) - The storage directory /workdir/hadoop-ozone/tools/target/test-dir/MiniOzoneClusterImpl-1db13fd8-7b5c-4c28-b07c-c36c47cddec3/datanode-0/data/ratis/3ad8c3a1-ca3c-4415-a48a-84e6a096dd2e does not exist. Creating ...
2019-11-14 13:45:22,233 [pool-47-thread-1] INFO  server.RaftServerConfigKeys (ConfUtils.java:logGet(43)) - raft.server.rpc.timeout.max = 5200ms (custom)
2019-11-14 13:45:22,233 [pool-37-thread-1] INFO  impl.RaftServerImpl (ServerState.java:<init>(103)) - 75c40d31-072e-4316-95b1-c49fef33c450@group-84E6A096DD2E: ConfigurationManager, init=-1: [75c40d31-072e-4316-95b1-c49fef33c450:192.168.34.21:42275, af1c79e4-3d23-48bd-b14c-0e82a476e394:192.168.34.21:46601, bfde180a-cbea-4c85-9ba8-0c8be2b11c81:192.168.34.21:40757], old=null, confs=<EMPTY_MAP>
2019-11-14 13:45:22,233 [pool-47-thread-1] INFO  server.RaftServerConfigKeys (ConfUtils.java:logGet(43)) - raft.server.rpcslowness.timeout = 120s (custom)
2019-11-14 13:45:22,233 [pool-37-thread-1] INFO  server.RaftServerConfigKeys (ConfUtils.java:logGet(43)) - raft.server.storage.dir = [/workdir/hadoop-ozone/tools/target/test-dir/MiniOzoneClusterImpl-1db13fd8-7b5c-4c28-b07c-c36c47cddec3/datanode-1/data/ratis] (custom)
2019-11-14 13:45:22,233 [pool-47-thread-1] INFO  server.RaftServerConfigKeys (ConfUtils.java:logGet(43)) - raft.server.sleep.deviation.threshold = 300 (default)
2019-11-14 13:45:22,233 [pool-47-thread-1] INFO  server.RaftServerConfigKeys (ConfUtils.java:logGet(43)) - raft.server.log.appender.install.snapshot.enabled = false (custom)
2019-11-14 13:45:22,234 [pool-37-thread-1] INFO  server.RaftServerConfigKeys (ConfUtils.java:logGet(43)) - raft.server.log.corruption.policy = EXCEPTION (default)
2019-11-14 13:45:22,234 [pool-47-thread-1] INFO  impl.RaftServerImpl (ServerState.java:<init>(103)) - af1c79e4-3d23-48bd-b14c-0e82a476e394@group-84E6A096DD2E: ConfigurationManager, init=-1: [75c40d31-072e-4316-95b1-c49fef33c450:192.168.34.21:42275, af1c79e4-3d23-48bd-b14c-0e82a476e394:192.168.34.21:46601, bfde180a-cbea-4c85-9ba8-0c8be2b11c81:192.168.34.21:40757], old=null, confs=<EMPTY_MAP>
2019-11-14 13:45:22,234 [pool-37-thread-1] INFO  storage.RaftStorageDirectory (RaftStorageDirectory.java:analyzeStorage(246)) - The storage directory /workdir/hadoop-ozone/tools/target/test-dir/MiniOzoneClusterImpl-1db13fd8-7b5c-4c28-b07c-c36c47cddec3/datanode-1/data/ratis/3ad8c3a1-ca3c-4415-a48a-84e6a096dd2e does not exist. Creating ...
2019-11-14 13:45:22,234 [pool-47-thread-1] INFO  server.RaftServerConfigKeys (ConfUtils.java:logGet(43)) - raft.server.storage.dir = [/workdir/hadoop-ozone/tools/target/test-dir/MiniOzoneClusterImpl-1db13fd8-7b5c-4c28-b07c-c36c47cddec3/datanode-2/data/ratis] (custom)
2019-11-14 13:45:22,234 [pool-47-thread-1] INFO  server.RaftServerConfigKeys (ConfUtils.java:logGet(43)) - raft.server.log.corruption.policy = EXCEPTION (default)
2019-11-14 13:45:22,234 [pool-47-thread-1] INFO  storage.RaftStorageDirectory (RaftStorageDirectory.java:analyzeStorage(246)) - The storage directory /workdir/hadoop-ozone/tools/target/test-dir/MiniOzoneClusterImpl-1db13fd8-7b5c-4c28-b07c-c36c47cddec3/datanode-2/data/ratis/3ad8c3a1-ca3c-4415-a48a-84e6a096dd2e does not exist. Creating ...
2019-11-14 13:45:22,249 [pool-47-thread-1] INFO  storage.RaftStorageDirectory (RaftStorageDirectory.java:tryLock(328)) - Lock on /workdir/hadoop-ozone/tools/target/test-dir/MiniOzoneClusterImpl-1db13fd8-7b5c-4c28-b07c-c36c47cddec3/datanode-2/data/ratis/3ad8c3a1-ca3c-4415-a48a-84e6a096dd2e/in_use.lock acquired by nodename 19331@pr-hdds-2481-nxhrh-893604966
2019-11-14 13:45:22,249 [pool-27-thread-1] INFO  storage.RaftStorageDirectory (RaftStorageDirectory.java:tryLock(328)) - Lock on /workdir/hadoop-ozone/tools/target/test-dir/MiniOzoneClusterImpl-1db13fd8-7b5c-4c28-b07c-c36c47cddec3/datanode-0/data/ratis/3ad8c3a1-ca3c-4415-a48a-84e6a096dd2e/in_use.lock acquired by nodename 19331@pr-hdds-2481-nxhrh-893604966
2019-11-14 13:45:22,249 [pool-37-thread-1] INFO  storage.RaftStorageDirectory (RaftStorageDirectory.java:tryLock(328)) - Lock on /workdir/hadoop-ozone/tools/target/test-dir/MiniOzoneClusterImpl-1db13fd8-7b5c-4c28-b07c-c36c47cddec3/datanode-1/data/ratis/3ad8c3a1-ca3c-4415-a48a-84e6a096dd2e/in_use.lock acquired by nodename 19331@pr-hdds-2481-nxhrh-893604966
2019-11-14 13:45:22,264 [pool-27-thread-1] INFO  storage.RaftStorage (RaftStorage.java:format(84)) - Storage directory /workdir/hadoop-ozone/tools/target/test-dir/MiniOzoneClusterImpl-1db13fd8-7b5c-4c28-b07c-c36c47cddec3/datanode-0/data/ratis/3ad8c3a1-ca3c-4415-a48a-84e6a096dd2e has been successfully formatted.
2019-11-14 13:45:22,264 [pool-37-thread-1] INFO  storage.RaftStorage (RaftStorage.java:format(84)) - Storage directory /workdir/hadoop-ozone/tools/target/test-dir/MiniOzoneClusterImpl-1db13fd8-7b5c-4c28-b07c-c36c47cddec3/datanode-1/data/ratis/3ad8c3a1-ca3c-4415-a48a-84e6a096dd2e has been successfully formatted.
2019-11-14 13:45:22,264 [pool-27-thread-1] INFO  ratis.ContainerStateMachine (ContainerStateMachine.java:loadSnapshot(223)) - group-84E6A096DD2E: The snapshot info is null. Setting the last applied indexto:(t:0, i:~)
2019-11-14 13:45:22,264 [pool-47-thread-1] INFO  storage.RaftStorage (RaftStorage.java:format(84)) - Storage directory /workdir/hadoop-ozone/tools/target/test-dir/MiniOzoneClusterImpl-1db13fd8-7b5c-4c28-b07c-c36c47cddec3/datanode-2/data/ratis/3ad8c3a1-ca3c-4415-a48a-84e6a096dd2e has been successfully formatted.
2019-11-14 13:45:22,264 [pool-37-thread-1] INFO  ratis.ContainerStateMachine (ContainerStateMachine.java:loadSnapshot(223)) - group-84E6A096DD2E: The snapshot info is null. Setting the last applied indexto:(t:0, i:~)
2019-11-14 13:45:22,264 [pool-27-thread-1] INFO  server.RaftServerConfigKeys (ConfUtils.java:logGet(43)) - raft.server.notification.no-leader.timeout = 120s (custom)
2019-11-14 13:45:22,265 [pool-37-thread-1] INFO  server.RaftServerConfigKeys (ConfUtils.java:logGet(43)) - raft.server.notification.no-leader.timeout = 120s (custom)
2019-11-14 13:45:22,265 [pool-47-thread-1] INFO  ratis.ContainerStateMachine (ContainerStateMachine.java:loadSnapshot(223)) - group-84E6A096DD2E: The snapshot info is null. Setting the last applied indexto:(t:0, i:~)
2019-11-14 13:45:22,265 [pool-37-thread-1] INFO  server.RaftServerConfigKeys (ConfUtils.java:logGet(43)) - raft.server.log.use.memory = false (default)
2019-11-14 13:45:22,265 [pool-27-thread-1] INFO  server.RaftServerConfigKeys (ConfUtils.java:logGet(43)) - raft.server.log.use.memory = false (default)
2019-11-14 13:45:22,265 [pool-37-thread-1] INFO  server.RaftServerConfigKeys (ConfUtils.java:logGet(43)) - raft.server.log.purge.gap = 1000000 (custom)
2019-11-14 13:45:22,265 [pool-47-thread-1] INFO  server.RaftServerConfigKeys (ConfUtils.java:logGet(43)) - raft.server.notification.no-leader.timeout = 120s (custom)
2019-11-14 13:45:22,265 [pool-37-thread-1] INFO  server.RaftServerConfigKeys (ConfUtils.java:logGet(43)) - raft.server.log.appender.buffer.byte-limit = 33554432 (custom)
2019-11-14 13:45:22,265 [pool-27-thread-1] INFO  server.RaftServerConfigKeys (ConfUtils.java:logGet(43)) - raft.server.log.purge.gap = 1000000 (custom)
2019-11-14 13:45:22,266 [pool-37-thread-1] INFO  server.RaftServerConfigKeys (ConfUtils.java:logGet(43)) - raft.server.log.segment.size.max = 1048576 (custom)
2019-11-14 13:45:22,265 [pool-47-thread-1] INFO  server.RaftServerConfigKeys (ConfUtils.java:logGet(43)) - raft.server.log.use.memory = false (default)
2019-11-14 13:45:22,266 [pool-37-thread-1] INFO  server.RaftServerConfigKeys (ConfUtils.java:logGet(43)) - raft.server.log.segment.cache.num.max = 2 (custom)
2019-11-14 13:45:22,266 [pool-27-thread-1] INFO  server.RaftServerConfigKeys (ConfUtils.java:logGet(43)) - raft.server.log.appender.buffer.byte-limit = 33554432 (custom)
2019-11-14 13:45:22,266 [pool-37-thread-1] INFO  segmented.SegmentedRaftLogWorker (SegmentedRaftLogWorker.java:<init>(173)) - new 75c40d31-072e-4316-95b1-c49fef33c450@group-84E6A096DD2E-SegmentedRaftLogWorker for RaftStorage:Storage Directory /workdir/hadoop-ozone/tools/target/test-dir/MiniOzoneClusterImpl-1db13fd8-7b5c-4c28-b07c-c36c47cddec3/datanode-1/data/ratis/3ad8c3a1-ca3c-4415-a48a-84e6a096dd2e
2019-11-14 13:45:22,266 [pool-47-thread-1] INFO  server.RaftServerConfigKeys (ConfUtils.java:logGet(43)) - raft.server.log.purge.gap = 1000000 (custom)
2019-11-14 13:45:22,266 [pool-37-thread-1] INFO  server.RaftServerConfigKeys (ConfUtils.java:logGet(43)) - raft.server.log.queue.byte-limit = 2147483647 (custom)
2019-11-14 13:45:22,266 [pool-27-thread-1] INFO  server.RaftServerConfigKeys (ConfUtils.java:logGet(43)) - raft.server.log.segment.size.max = 1048576 (custom)
2019-11-14 13:45:22,266 [pool-37-thread-1] INFO  server.RaftServerConfigKeys (ConfUtils.java:logGet(43)) - raft.server.log.queue.element-limit = 1024 (custom)
2019-11-14 13:45:22,267 [pool-27-thread-1] INFO  server.RaftServerConfigKeys (ConfUtils.java:logGet(43)) - raft.server.log.segment.cache.num.max = 2 (custom)
2019-11-14 13:45:22,266 [pool-47-thread-1] INFO  server.RaftServerConfigKeys (ConfUtils.java:logGet(43)) - raft.server.log.appender.buffer.byte-limit = 33554432 (custom)
2019-11-14 13:45:22,267 [pool-27-thread-1] INFO  segmented.SegmentedRaftLogWorker (SegmentedRaftLogWorker.java:<init>(173)) - new bfde180a-cbea-4c85-9ba8-0c8be2b11c81@group-84E6A096DD2E-SegmentedRaftLogWorker for RaftStorage:Storage Directory /workdir/hadoop-ozone/tools/target/test-dir/MiniOzoneClusterImpl-1db13fd8-7b5c-4c28-b07c-c36c47cddec3/datanode-0/data/ratis/3ad8c3a1-ca3c-4415-a48a-84e6a096dd2e
2019-11-14 13:45:22,267 [pool-37-thread-1] INFO  server.RaftServerConfigKeys (ConfUtils.java:logGet(43)) - raft.server.log.segment.size.max = 1048576 (custom)
2019-11-14 13:45:22,267 [pool-27-thread-1] INFO  server.RaftServerConfigKeys (ConfUtils.java:logGet(43)) - raft.server.log.queue.byte-limit = 2147483647 (custom)
2019-11-14 13:45:22,267 [pool-47-thread-1] INFO  server.RaftServerConfigKeys (ConfUtils.java:logGet(43)) - raft.server.log.segment.size.max = 1048576 (custom)
2019-11-14 13:45:22,267 [pool-27-thread-1] INFO  server.RaftServerConfigKeys (ConfUtils.java:logGet(43)) - raft.server.log.queue.element-limit = 1024 (custom)
2019-11-14 13:45:22,267 [pool-37-thread-1] INFO  server.RaftServerConfigKeys (ConfUtils.java:logGet(43)) - raft.server.log.preallocated.size = 16384 (custom)
2019-11-14 13:45:22,268 [pool-27-thread-1] INFO  server.RaftServerConfigKeys (ConfUtils.java:logGet(43)) - raft.server.log.segment.size.max = 1048576 (custom)
2019-11-14 13:45:22,267 [pool-47-thread-1] INFO  server.RaftServerConfigKeys (ConfUtils.java:logGet(43)) - raft.server.log.segment.cache.num.max = 2 (custom)
2019-11-14 13:45:22,268 [pool-27-thread-1] INFO  server.RaftServerConfigKeys (ConfUtils.java:logGet(43)) - raft.server.log.preallocated.size = 16384 (custom)
2019-11-14 13:45:22,268 [pool-37-thread-1] INFO  server.RaftServerConfigKeys (ConfUtils.java:logGet(43)) - raft.server.log.write.buffer.size = 33554432 (custom)
2019-11-14 13:45:22,268 [pool-27-thread-1] INFO  server.RaftServerConfigKeys (ConfUtils.java:logGet(43)) - raft.server.log.write.buffer.size = 33554432 (custom)
2019-11-14 13:45:22,268 [pool-47-thread-1] INFO  segmented.SegmentedRaftLogWorker (SegmentedRaftLogWorker.java:<init>(173)) - new af1c79e4-3d23-48bd-b14c-0e82a476e394@group-84E6A096DD2E-SegmentedRaftLogWorker for RaftStorage:Storage Directory /workdir/hadoop-ozone/tools/target/test-dir/MiniOzoneClusterImpl-1db13fd8-7b5c-4c28-b07c-c36c47cddec3/datanode-2/data/ratis/3ad8c3a1-ca3c-4415-a48a-84e6a096dd2e
2019-11-14 13:45:22,268 [pool-27-thread-1] INFO  server.RaftServerConfigKeys (ConfUtils.java:logGet(43)) - raft.server.log.force.sync.num = 128 (default)
2019-11-14 13:45:22,268 [pool-37-thread-1] INFO  server.RaftServerConfigKeys (ConfUtils.java:logGet(43)) - raft.server.log.force.sync.num = 128 (default)
2019-11-14 13:45:22,269 [pool-27-thread-1] INFO  server.RaftServerConfigKeys (ConfUtils.java:logGet(43)) - raft.server.log.statemachine.data.sync = true (default)
2019-11-14 13:45:22,268 [pool-47-thread-1] INFO  server.RaftServerConfigKeys (ConfUtils.java:logGet(43)) - raft.server.log.queue.byte-limit = 2147483647 (custom)
2019-11-14 13:45:22,269 [pool-27-thread-1] INFO  server.RaftServerConfigKeys (ConfUtils.java:logGet(43)) - raft.server.log.statemachine.data.sync.timeout = 10s (default)
2019-11-14 13:45:22,269 [pool-37-thread-1] INFO  server.RaftServerConfigKeys (ConfUtils.java:logGet(43)) - raft.server.log.statemachine.data.sync = true (default)
2019-11-14 13:45:22,269 [pool-27-thread-1] INFO  server.RaftServerConfigKeys (ConfUtils.java:logGet(43)) - raft.server.log.statemachine.data.sync.timeout.retry = -1 (default)
2019-11-14 13:45:22,269 [pool-47-thread-1] INFO  server.RaftServerConfigKeys (ConfUtils.java:logGet(43)) - raft.server.log.queue.element-limit = 1024 (custom)
2019-11-14 13:45:22,269 [pool-37-thread-1] INFO  server.RaftServerConfigKeys (ConfUtils.java:logGet(43)) - raft.server.log.statemachine.data.sync.timeout = 10s (default)
2019-11-14 13:45:22,269 [pool-27-thread-1] INFO  server.RaftServerConfigKeys (ConfUtils.java:logGet(43)) - raft.server.log.statemachine.data.caching.enabled = true (custom)
2019-11-14 13:45:22,269 [pool-47-thread-1] INFO  server.RaftServerConfigKeys (ConfUtils.java:logGet(43)) - raft.server.log.segment.size.max = 1048576 (custom)
2019-11-14 13:45:22,269 [pool-37-thread-1] INFO  server.RaftServerConfigKeys (ConfUtils.java:logGet(43)) - raft.server.log.statemachine.data.sync.timeout.retry = -1 (default)
2019-11-14 13:45:22,270 [pool-47-thread-1] INFO  server.RaftServerConfigKeys (ConfUtils.java:logGet(43)) - raft.server.log.preallocated.size = 16384 (custom)
2019-11-14 13:45:22,270 [pool-27-thread-1] INFO  segmented.SegmentedRaftLogWorker (SegmentedRaftLogWorker.java:lambda$new$0(128)) - bfde180a-cbea-4c85-9ba8-0c8be2b11c81@group-84E6A096DD2E-SegmentedRaftLogWorker: flushIndex: setUnconditionally 0 -> -1
2019-11-14 13:45:22,270 [pool-37-thread-1] INFO  server.RaftServerConfigKeys (ConfUtils.java:logGet(43)) - raft.server.log.statemachine.data.caching.enabled = true (custom)
2019-11-14 13:45:22,270 [pool-47-thread-1] INFO  server.RaftServerConfigKeys (ConfUtils.java:logGet(43)) - raft.server.log.write.buffer.size = 33554432 (custom)
2019-11-14 13:45:22,270 [pool-27-thread-1] INFO  server.RaftServerConfigKeys (ConfUtils.java:logGet(43)) - raft.server.snapshot.auto.trigger.enabled = true (custom)
2019-11-14 13:45:22,271 [pool-37-thread-1] INFO  segmented.SegmentedRaftLogWorker (SegmentedRaftLogWorker.java:lambda$new$0(128)) - 75c40d31-072e-4316-95b1-c49fef33c450@group-84E6A096DD2E-SegmentedRaftLogWorker: flushIndex: setUnconditionally 0 -> -1
2019-11-14 13:45:22,270 [pool-47-thread-1] INFO  server.RaftServerConfigKeys (ConfUtils.java:logGet(43)) - raft.server.log.force.sync.num = 128 (default)
2019-11-14 13:45:22,271 [pool-27-thread-1] INFO  server.RaftServerConfigKeys (ConfUtils.java:logGet(43)) - raft.server.snapshot.auto.trigger.threshold = 10000 (custom)
2019-11-14 13:45:22,271 [pool-37-thread-1] INFO  server.RaftServerConfigKeys (ConfUtils.java:logGet(43)) - raft.server.snapshot.auto.trigger.enabled = true (custom)
2019-11-14 13:45:22,271 [pool-47-thread-1] INFO  server.RaftServerConfigKeys (ConfUtils.java:logGet(43)) - raft.server.log.statemachine.data.sync = true (default)
2019-11-14 13:45:22,271 [pool-37-thread-1] INFO  server.RaftServerConfigKeys (ConfUtils.java:logGet(43)) - raft.server.snapshot.auto.trigger.threshold = 10000 (custom)
2019-11-14 13:45:22,271 [pool-27-thread-1] INFO  server.RaftServerConfigKeys (ConfUtils.java:logGet(43)) - raft.server.snapshot.retention.file.num = 5 (custom)
2019-11-14 13:45:22,271 [pool-37-thread-1] INFO  server.RaftServerConfigKeys (ConfUtils.java:logGet(43)) - raft.server.snapshot.retention.file.num = 5 (custom)
2019-11-14 13:45:22,271 [pool-47-thread-1] INFO  server.RaftServerConfigKeys (ConfUtils.java:logGet(43)) - raft.server.log.statemachine.data.sync.timeout = 10s (default)
2019-11-14 13:45:22,272 [pool-37-thread-1] INFO  server.RaftServerConfigKeys (ConfUtils.java:logGet(43)) - raft.server.retrycache.expirytime = 600000ms (custom)
2019-11-14 13:45:22,272 [pool-27-thread-1] INFO  server.RaftServerConfigKeys (ConfUtils.java:logGet(43)) - raft.server.retrycache.expirytime = 600000ms (custom)
2019-11-14 13:45:22,272 [pool-37-thread-1] WARN  impl.MetricRegistriesImpl (MetricRegistriesImpl.java:lambda$create$1(61)) - First MetricRegistry has been created without registering reporters. You may need to call MetricRegistries.global().addReportRegistration(...) before.
2019-11-14 13:45:22,272 [pool-27-thread-1] WARN  impl.MetricRegistriesImpl (MetricRegistriesImpl.java:lambda$create$1(61)) - First MetricRegistry has been created without registering reporters. You may need to call MetricRegistries.global().addReportRegistration(...) before.
2019-11-14 13:45:22,272 [pool-47-thread-1] INFO  server.RaftServerConfigKeys (ConfUtils.java:logGet(43)) - raft.server.log.statemachine.data.sync.timeout.retry = -1 (default)
2019-11-14 13:45:22,272 [pool-27-thread-1] WARN  impl.MetricRegistriesImpl (MetricRegistriesImpl.java:lambda$create$1(61)) - First MetricRegistry has been created without registering reporters. You may need to call MetricRegistries.global().addReportRegistration(...) before.
2019-11-14 13:45:22,272 [pool-37-thread-1] WARN  impl.MetricRegistriesImpl (MetricRegistriesImpl.java:lambda$create$1(61)) - First MetricRegistry has been created without registering reporters. You may need to call MetricRegistries.global().addReportRegistration(...) before.
2019-11-14 13:45:22,272 [pool-47-thread-1] INFO  server.RaftServerConfigKeys (ConfUtils.java:logGet(43)) - raft.server.log.statemachine.data.caching.enabled = true (custom)
2019-11-14 13:45:22,273 [pool-27-thread-1] INFO  impl.RaftServerImpl (RaftServerImpl.java:start(184)) - bfde180a-cbea-4c85-9ba8-0c8be2b11c81@group-84E6A096DD2E: start as a follower, conf=-1: [75c40d31-072e-4316-95b1-c49fef33c450:192.168.34.21:42275, af1c79e4-3d23-48bd-b14c-0e82a476e394:192.168.34.21:46601, bfde180a-cbea-4c85-9ba8-0c8be2b11c81:192.168.34.21:40757], old=null
2019-11-14 13:45:22,273 [pool-37-thread-1] INFO  impl.RaftServerImpl (RaftServerImpl.java:start(184)) - 75c40d31-072e-4316-95b1-c49fef33c450@group-84E6A096DD2E: start as a follower, conf=-1: [75c40d31-072e-4316-95b1-c49fef33c450:192.168.34.21:42275, af1c79e4-3d23-48bd-b14c-0e82a476e394:192.168.34.21:46601, bfde180a-cbea-4c85-9ba8-0c8be2b11c81:192.168.34.21:40757], old=null
2019-11-14 13:45:22,273 [pool-27-thread-1] INFO  impl.RaftServerImpl (RaftServerImpl.java:setRole(173)) - bfde180a-cbea-4c85-9ba8-0c8be2b11c81@group-84E6A096DD2E: changes role from      null to FOLLOWER at term 0 for startAsFollower
2019-11-14 13:45:22,273 [pool-47-thread-1] INFO  segmented.SegmentedRaftLogWorker (SegmentedRaftLogWorker.java:lambda$new$0(128)) - af1c79e4-3d23-48bd-b14c-0e82a476e394@group-84E6A096DD2E-SegmentedRaftLogWorker: flushIndex: setUnconditionally 0 -> -1
2019-11-14 13:45:22,273 [pool-27-thread-1] INFO  impl.RoleInfo (RoleInfo.java:updateAndGet(143)) - bfde180a-cbea-4c85-9ba8-0c8be2b11c81: start FollowerState
2019-11-14 13:45:22,273 [pool-37-thread-1] INFO  impl.RaftServerImpl (RaftServerImpl.java:setRole(173)) - 75c40d31-072e-4316-95b1-c49fef33c450@group-84E6A096DD2E: changes role from      null to FOLLOWER at term 0 for startAsFollower
2019-11-14 13:45:22,273 [pool-47-thread-1] INFO  server.RaftServerConfigKeys (ConfUtils.java:logGet(43)) - raft.server.snapshot.auto.trigger.enabled = true (custom)
2019-11-14 13:45:22,273 [pool-37-thread-1] INFO  impl.RoleInfo (RoleInfo.java:updateAndGet(143)) - 75c40d31-072e-4316-95b1-c49fef33c450: start FollowerState
2019-11-14 13:45:22,274 [pool-47-thread-1] INFO  server.RaftServerConfigKeys (ConfUtils.java:logGet(43)) - raft.server.snapshot.auto.trigger.threshold = 10000 (custom)
2019-11-14 13:45:22,274 [pool-27-thread-1] INFO  util.JmxRegister (JmxRegister.java:tryRegister(44)) - Successfully registered JMX Bean with object name Ratis:service=RaftServer,group=group-84E6A096DD2E,id=bfde180a-cbea-4c85-9ba8-0c8be2b11c81
2019-11-14 13:45:22,274 [pool-47-thread-1] INFO  server.RaftServerConfigKeys (ConfUtils.java:logGet(43)) - raft.server.snapshot.retention.file.num = 5 (custom)
2019-11-14 13:45:22,274 [pool-37-thread-1] INFO  util.JmxRegister (JmxRegister.java:tryRegister(44)) - Successfully registered JMX Bean with object name Ratis:service=RaftServer,group=group-84E6A096DD2E,id=75c40d31-072e-4316-95b1-c49fef33c450
2019-11-14 13:45:22,274 [pool-27-thread-1] WARN  impl.MetricRegistriesImpl (MetricRegistriesImpl.java:lambda$create$1(61)) - First MetricRegistry has been created without registering reporters. You may need to call MetricRegistries.global().addReportRegistration(...) before.
2019-11-14 13:45:22,274 [pool-47-thread-1] INFO  server.RaftServerConfigKeys (ConfUtils.java:logGet(43)) - raft.server.retrycache.expirytime = 600000ms (custom)
2019-11-14 13:45:22,274 [pool-37-thread-1] WARN  impl.MetricRegistriesImpl (MetricRegistriesImpl.java:lambda$create$1(61)) - First MetricRegistry has been created without registering reporters. You may need to call MetricRegistries.global().addReportRegistration(...) before.
2019-11-14 13:45:22,274 [pool-47-thread-1] WARN  impl.MetricRegistriesImpl (MetricRegistriesImpl.java:lambda$create$1(61)) - First MetricRegistry has been created without registering reporters. You may need to call MetricRegistries.global().addReportRegistration(...) before.
2019-11-14 13:45:22,275 [pool-47-thread-1] WARN  impl.MetricRegistriesImpl (MetricRegistriesImpl.java:lambda$create$1(61)) - First MetricRegistry has been created without registering reporters. You may need to call MetricRegistries.global().addReportRegistration(...) before.
2019-11-14 13:45:22,275 [pool-47-thread-1] INFO  impl.RaftServerImpl (RaftServerImpl.java:start(184)) - af1c79e4-3d23-48bd-b14c-0e82a476e394@group-84E6A096DD2E: start as a follower, conf=-1: [75c40d31-072e-4316-95b1-c49fef33c450:192.168.34.21:42275, af1c79e4-3d23-48bd-b14c-0e82a476e394:192.168.34.21:46601, bfde180a-cbea-4c85-9ba8-0c8be2b11c81:192.168.34.21:40757], old=null
2019-11-14 13:45:22,275 [pool-47-thread-1] INFO  impl.RaftServerImpl (RaftServerImpl.java:setRole(173)) - af1c79e4-3d23-48bd-b14c-0e82a476e394@group-84E6A096DD2E: changes role from      null to FOLLOWER at term 0 for startAsFollower
2019-11-14 13:45:22,275 [pool-47-thread-1] INFO  impl.RoleInfo (RoleInfo.java:updateAndGet(143)) - af1c79e4-3d23-48bd-b14c-0e82a476e394: start FollowerState
2019-11-14 13:45:22,276 [pool-47-thread-1] INFO  util.JmxRegister (JmxRegister.java:tryRegister(44)) - Successfully registered JMX Bean with object name Ratis:service=RaftServer,group=group-84E6A096DD2E,id=af1c79e4-3d23-48bd-b14c-0e82a476e394
2019-11-14 13:45:22,276 [pool-47-thread-1] WARN  impl.MetricRegistriesImpl (MetricRegistriesImpl.java:lambda$create$1(61)) - First MetricRegistry has been created without registering reporters. You may need to call MetricRegistries.global().addReportRegistration(...) before.
2019-11-14 13:45:22,292 [RatisPipelineUtilsThread] INFO  pipeline.PipelineStateManager (PipelineStateManager.java:addPipeline(55)) - Created pipeline Pipeline[ Id: 3ad8c3a1-ca3c-4415-a48a-84e6a096dd2e, Nodes: 75c40d31-072e-4316-95b1-c49fef33c450{ip: 192.168.34.21, host: pr-hdds-2481-nxhrh-893604966, networkLocation: /default-rack, certSerialId: null}bfde180a-cbea-4c85-9ba8-0c8be2b11c81{ip: 192.168.34.21, host: pr-hdds-2481-nxhrh-893604966, networkLocation: /default-rack, certSerialId: null}af1c79e4-3d23-48bd-b14c-0e82a476e394{ip: 192.168.34.21, host: pr-hdds-2481-nxhrh-893604966, networkLocation: /default-rack, certSerialId: null}, Type:RATIS, Factor:THREE, State:ALLOCATED]
2019-11-14 13:45:22,293 [Thread-178] INFO  pipeline.PipelineStateManager (PipelineStateManager.java:removePipeline(106)) - Pipeline Pipeline[ Id: dcaed35d-8d95-4ef4-8644-0e0c6a33ebce, Nodes: bfde180a-cbea-4c85-9ba8-0c8be2b11c81{ip: 192.168.34.21, host: pr-hdds-2481-nxhrh-893604966, networkLocation: /default-rack, certSerialId: null}, Type:RATIS, Factor:ONE, State:CLOSED] removed from db
2019-11-14 13:45:22,294 [Thread-178] INFO  pipeline.SCMPipelineManager (SCMPipelineManager.java:finalizeAndDestroyPipeline(315)) - destroying pipeline:Pipeline[ Id: 519510d7-0f98-4818-ae3f-f633a1a8254e, Nodes: af1c79e4-3d23-48bd-b14c-0e82a476e394{ip: 192.168.34.21, host: pr-hdds-2481-nxhrh-893604966, networkLocation: /default-rack, certSerialId: null}, Type:RATIS, Factor:ONE, State:ALLOCATED]
2019-11-14 13:45:22,295 [Thread-178] INFO  pipeline.PipelineStateManager (PipelineStateManager.java:finalizePipeline(121)) - Pipeline Pipeline[ Id: 519510d7-0f98-4818-ae3f-f633a1a8254e, Nodes: af1c79e4-3d23-48bd-b14c-0e82a476e394{ip: 192.168.34.21, host: pr-hdds-2481-nxhrh-893604966, networkLocation: /default-rack, certSerialId: null}, Type:RATIS, Factor:ONE, State:CLOSED] moved to CLOSED state
2019-11-14 13:45:22,306 [grpc-default-executor-1] INFO  impl.RaftServerProxy (RaftServerProxy.java:remove(95)) - af1c79e4-3d23-48bd-b14c-0e82a476e394: remove  FOLLOWER af1c79e4-3d23-48bd-b14c-0e82a476e394@group-F633A1A8254E:t0, leader=null, voted=null, raftlog=af1c79e4-3d23-48bd-b14c-0e82a476e394@group-F633A1A8254E-SegmentedRaftLog:OPENED:c-1,f-1,i0, conf=-1: [af1c79e4-3d23-48bd-b14c-0e82a476e394:192.168.34.21:46601], old=null RUNNING
2019-11-14 13:45:22,307 [grpc-default-executor-1] INFO  impl.RaftServerImpl (RaftServerImpl.java:lambda$shutdown$3(250)) - af1c79e4-3d23-48bd-b14c-0e82a476e394@group-F633A1A8254E: shutdown
2019-11-14 13:45:22,307 [grpc-default-executor-1] INFO  util.JmxRegister (JmxRegister.java:unregister(73)) - Successfully un-registered JMX Bean with object name Ratis:service=RaftServer,group=group-F633A1A8254E,id=af1c79e4-3d23-48bd-b14c-0e82a476e394
2019-11-14 13:45:22,308 [grpc-default-executor-1] INFO  impl.RoleInfo (RoleInfo.java:shutdownFollowerState(121)) - af1c79e4-3d23-48bd-b14c-0e82a476e394: shutdown FollowerState
2019-11-14 13:45:22,308 [grpc-default-executor-1] INFO  impl.StateMachineUpdater (StateMachineUpdater.java:stopAndJoin(136)) - af1c79e4-3d23-48bd-b14c-0e82a476e394@group-F633A1A8254E-StateMachineUpdater: set stopIndex = -1
2019-11-14 13:45:22,308 [Thread-186] INFO  impl.FollowerState (FollowerState.java:run(120)) - af1c79e4-3d23-48bd-b14c-0e82a476e394@group-F633A1A8254E-FollowerState was interrupted: java.lang.InterruptedException: sleep interrupted
2019-11-14 13:45:22,309 [grpc-default-executor-1] INFO  impl.RaftServerImpl (ServerState.java:close(387)) - af1c79e4-3d23-48bd-b14c-0e82a476e394@group-F633A1A8254E: closes. applyIndex: -1
2019-11-14 13:45:22,310 [af1c79e4-3d23-48bd-b14c-0e82a476e394@group-F633A1A8254E-SegmentedRaftLogWorker] INFO  segmented.SegmentedRaftLogWorker (SegmentedRaftLogWorker.java:run(316)) - af1c79e4-3d23-48bd-b14c-0e82a476e394@group-F633A1A8254E-SegmentedRaftLogWorker was interrupted, exiting. There are 0 tasks remaining in the queue.
2019-11-14 13:45:22,310 [grpc-default-executor-1] INFO  segmented.SegmentedRaftLogWorker (SegmentedRaftLogWorker.java:close(224)) - af1c79e4-3d23-48bd-b14c-0e82a476e394@group-F633A1A8254E-SegmentedRaftLogWorker close()
2019-11-14 13:45:22,316 [Thread-178] INFO  pipeline.PipelineStateManager (PipelineStateManager.java:removePipeline(106)) - Pipeline Pipeline[ Id: 519510d7-0f98-4818-ae3f-f633a1a8254e, Nodes: af1c79e4-3d23-48bd-b14c-0e82a476e394{ip: 192.168.34.21, host: pr-hdds-2481-nxhrh-893604966, networkLocation: /default-rack, certSerialId: null}, Type:RATIS, Factor:ONE, State:CLOSED] removed from db
2019-11-14 13:45:22,317 [Thread-178] INFO  pipeline.SCMPipelineManager (SCMPipelineManager.java:finalizeAndDestroyPipeline(315)) - destroying pipeline:Pipeline[ Id: f8566468-a1fc-4c35-9afb-2315db35df11, Nodes: 75c40d31-072e-4316-95b1-c49fef33c450{ip: 192.168.34.21, host: pr-hdds-2481-nxhrh-893604966, networkLocation: /default-rack, certSerialId: null}, Type:RATIS, Factor:ONE, State:ALLOCATED]
2019-11-14 13:45:22,327 [grpc-default-executor-1] INFO  impl.RaftServerProxy (RaftServerProxy.java:addNew(89)) - af1c79e4-3d23-48bd-b14c-0e82a476e394: addNew group-9812710D5CC3:[af1c79e4-3d23-48bd-b14c-0e82a476e394:192.168.34.21:46601] returns group-9812710D5CC3:java.util.concurrent.CompletableFuture@6578175c[Not completed]
2019-11-14 13:45:22,329 [pool-47-thread-1] INFO  impl.RaftServerImpl (RaftServerImpl.java:<init>(98)) - af1c79e4-3d23-48bd-b14c-0e82a476e394: new RaftServerImpl for group-9812710D5CC3:[af1c79e4-3d23-48bd-b14c-0e82a476e394:192.168.34.21:46601] with ContainerStateMachine:uninitialized
2019-11-14 13:45:22,329 [pool-47-thread-1] INFO  server.RaftServerConfigKeys (ConfUtils.java:logGet(43)) - raft.server.rpc.timeout.min = 5s (custom)
2019-11-14 13:45:22,329 [pool-47-thread-1] INFO  server.RaftServerConfigKeys (ConfUtils.java:logGet(43)) - raft.server.rpc.timeout.max = 5200ms (custom)
2019-11-14 13:45:22,330 [pool-47-thread-1] INFO  server.RaftServerConfigKeys (ConfUtils.java:logGet(43)) - raft.server.rpcslowness.timeout = 120s (custom)
2019-11-14 13:45:22,330 [pool-47-thread-1] INFO  server.RaftServerConfigKeys (ConfUtils.java:logGet(43)) - raft.server.sleep.deviation.threshold = 300 (default)
2019-11-14 13:45:22,330 [pool-47-thread-1] INFO  server.RaftServerConfigKeys (ConfUtils.java:logGet(43)) - raft.server.log.appender.install.snapshot.enabled = false (custom)
2019-11-14 13:45:22,330 [pool-47-thread-1] INFO  impl.RaftServerImpl (ServerState.java:<init>(103)) - af1c79e4-3d23-48bd-b14c-0e82a476e394@group-9812710D5CC3: ConfigurationManager, init=-1: [af1c79e4-3d23-48bd-b14c-0e82a476e394:192.168.34.21:46601], old=null, confs=<EMPTY_MAP>
2019-11-14 13:45:22,330 [pool-47-thread-1] INFO  server.RaftServerConfigKeys (ConfUtils.java:logGet(43)) - raft.server.storage.dir = [/workdir/hadoop-ozone/tools/target/test-dir/MiniOzoneClusterImpl-1db13fd8-7b5c-4c28-b07c-c36c47cddec3/datanode-2/data/ratis] (custom)
2019-11-14 13:45:22,331 [pool-47-thread-1] INFO  server.RaftServerConfigKeys (ConfUtils.java:logGet(43)) - raft.server.log.corruption.policy = EXCEPTION (default)
2019-11-14 13:45:22,331 [pool-47-thread-1] INFO  storage.RaftStorageDirectory (RaftStorageDirectory.java:analyzeStorage(246)) - The storage directory /workdir/hadoop-ozone/tools/target/test-dir/MiniOzoneClusterImpl-1db13fd8-7b5c-4c28-b07c-c36c47cddec3/datanode-2/data/ratis/e9a9fcf7-3fa3-4e19-967e-9812710d5cc3 does not exist. Creating ...
2019-11-14 13:45:22,342 [pool-47-thread-1] INFO  storage.RaftStorageDirectory (RaftStorageDirectory.java:tryLock(328)) - Lock on /workdir/hadoop-ozone/tools/target/test-dir/MiniOzoneClusterImpl-1db13fd8-7b5c-4c28-b07c-c36c47cddec3/datanode-2/data/ratis/e9a9fcf7-3fa3-4e19-967e-9812710d5cc3/in_use.lock acquired by nodename 19331@pr-hdds-2481-nxhrh-893604966
2019-11-14 13:45:22,356 [pool-47-thread-1] INFO  storage.RaftStorage (RaftStorage.java:format(84)) - Storage directory /workdir/hadoop-ozone/tools/target/test-dir/MiniOzoneClusterImpl-1db13fd8-7b5c-4c28-b07c-c36c47cddec3/datanode-2/data/ratis/e9a9fcf7-3fa3-4e19-967e-9812710d5cc3 has been successfully formatted.
2019-11-14 13:45:22,356 [pool-47-thread-1] INFO  ratis.ContainerStateMachine (ContainerStateMachine.java:loadSnapshot(223)) - group-9812710D5CC3: The snapshot info is null. Setting the last applied indexto:(t:0, i:~)
2019-11-14 13:45:22,356 [pool-47-thread-1] INFO  server.RaftServerConfigKeys (ConfUtils.java:logGet(43)) - raft.server.notification.no-leader.timeout = 120s (custom)
2019-11-14 13:45:22,357 [pool-47-thread-1] INFO  server.RaftServerConfigKeys (ConfUtils.java:logGet(43)) - raft.server.log.use.memory = false (default)
2019-11-14 13:45:22,357 [pool-47-thread-1] INFO  server.RaftServerConfigKeys (ConfUtils.java:logGet(43)) - raft.server.log.purge.gap = 1000000 (custom)
2019-11-14 13:45:22,357 [pool-47-thread-1] INFO  server.RaftServerConfigKeys (ConfUtils.java:logGet(43)) - raft.server.log.appender.buffer.byte-limit = 33554432 (custom)
2019-11-14 13:45:22,357 [pool-47-thread-1] INFO  server.RaftServerConfigKeys (ConfUtils.java:logGet(43)) - raft.server.log.segment.size.max = 1048576 (custom)
2019-11-14 13:45:22,357 [pool-47-thread-1] INFO  server.RaftServerConfigKeys (ConfUtils.java:logGet(43)) - raft.server.log.segment.cache.num.max = 2 (custom)
2019-11-14 13:45:22,357 [pool-47-thread-1] INFO  segmented.SegmentedRaftLogWorker (SegmentedRaftLogWorker.java:<init>(173)) - new af1c79e4-3d23-48bd-b14c-0e82a476e394@group-9812710D5CC3-SegmentedRaftLogWorker for RaftStorage:Storage Directory /workdir/hadoop-ozone/tools/target/test-dir/MiniOzoneClusterImpl-1db13fd8-7b5c-4c28-b07c-c36c47cddec3/datanode-2/data/ratis/e9a9fcf7-3fa3-4e19-967e-9812710d5cc3
2019-11-14 13:45:22,357 [pool-47-thread-1] INFO  server.RaftServerConfigKeys (ConfUtils.java:logGet(43)) - raft.server.log.queue.byte-limit = 2147483647 (custom)
2019-11-14 13:45:22,358 [pool-47-thread-1] INFO  server.RaftServerConfigKeys (ConfUtils.java:logGet(43)) - raft.server.log.queue.element-limit = 1024 (custom)
2019-11-14 13:45:22,358 [pool-47-thread-1] INFO  server.RaftServerConfigKeys (ConfUtils.java:logGet(43)) - raft.server.log.segment.size.max = 1048576 (custom)
2019-11-14 13:45:22,358 [pool-47-thread-1] INFO  server.RaftServerConfigKeys (ConfUtils.java:logGet(43)) - raft.server.log.preallocated.size = 16384 (custom)
2019-11-14 13:45:22,358 [pool-47-thread-1] INFO  server.RaftServerConfigKeys (ConfUtils.java:logGet(43)) - raft.server.log.write.buffer.size = 33554432 (custom)
2019-11-14 13:45:22,358 [pool-47-thread-1] INFO  server.RaftServerConfigKeys (ConfUtils.java:logGet(43)) - raft.server.log.force.sync.num = 128 (default)
2019-11-14 13:45:22,358 [pool-47-thread-1] INFO  server.RaftServerConfigKeys (ConfUtils.java:logGet(43)) - raft.server.log.statemachine.data.sync = true (default)
2019-11-14 13:45:22,358 [pool-47-thread-1] INFO  server.RaftServerConfigKeys (ConfUtils.java:logGet(43)) - raft.server.log.statemachine.data.sync.timeout = 10s (default)
2019-11-14 13:45:22,358 [pool-47-thread-1] INFO  server.RaftServerConfigKeys (ConfUtils.java:logGet(43)) - raft.server.log.statemachine.data.sync.timeout.retry = -1 (default)
2019-11-14 13:45:22,359 [pool-47-thread-1] INFO  server.RaftServerConfigKeys (ConfUtils.java:logGet(43)) - raft.server.log.statemachine.data.caching.enabled = true (custom)
2019-11-14 13:45:22,359 [pool-47-thread-1] INFO  segmented.SegmentedRaftLogWorker (SegmentedRaftLogWorker.java:lambda$new$0(128)) - af1c79e4-3d23-48bd-b14c-0e82a476e394@group-9812710D5CC3-SegmentedRaftLogWorker: flushIndex: setUnconditionally 0 -> -1
2019-11-14 13:45:22,359 [pool-47-thread-1] INFO  server.RaftServerConfigKeys (ConfUtils.java:logGet(43)) - raft.server.snapshot.auto.trigger.enabled = true (custom)
2019-11-14 13:45:22,359 [pool-47-thread-1] INFO  server.RaftServerConfigKeys (ConfUtils.java:logGet(43)) - raft.server.snapshot.auto.trigger.threshold = 10000 (custom)
2019-11-14 13:45:22,359 [pool-47-thread-1] INFO  server.RaftServerConfigKeys (ConfUtils.java:logGet(43)) - raft.server.snapshot.retention.file.num = 5 (custom)
2019-11-14 13:45:22,360 [pool-47-thread-1] INFO  server.RaftServerConfigKeys (ConfUtils.java:logGet(43)) - raft.server.retrycache.expirytime = 600000ms (custom)
2019-11-14 13:45:22,360 [pool-47-thread-1] WARN  impl.MetricRegistriesImpl (MetricRegistriesImpl.java:lambda$create$1(61)) - First MetricRegistry has been created without registering reporters. You may need to call MetricRegistries.global().addReportRegistration(...) before.
2019-11-14 13:45:22,360 [pool-47-thread-1] WARN  impl.MetricRegistriesImpl (MetricRegistriesImpl.java:lambda$create$1(61)) - First MetricRegistry has been created without registering reporters. You may need to call MetricRegistries.global().addReportRegistration(...) before.
2019-11-14 13:45:22,360 [pool-47-thread-1] INFO  impl.RaftServerImpl (RaftServerImpl.java:start(184)) - af1c79e4-3d23-48bd-b14c-0e82a476e394@group-9812710D5CC3: start as a follower, conf=-1: [af1c79e4-3d23-48bd-b14c-0e82a476e394:192.168.34.21:46601], old=null
2019-11-14 13:45:22,360 [pool-47-thread-1] INFO  impl.RaftServerImpl (RaftServerImpl.java:setRole(173)) - af1c79e4-3d23-48bd-b14c-0e82a476e394@group-9812710D5CC3: changes role from      null to FOLLOWER at term 0 for startAsFollower
2019-11-14 13:45:22,361 [pool-47-thread-1] INFO  impl.RoleInfo (RoleInfo.java:updateAndGet(143)) - af1c79e4-3d23-48bd-b14c-0e82a476e394: start FollowerState
2019-11-14 13:45:22,361 [pool-47-thread-1] INFO  util.JmxRegister (JmxRegister.java:tryRegister(44)) - Successfully registered JMX Bean with object name Ratis:service=RaftServer,group=group-9812710D5CC3,id=af1c79e4-3d23-48bd-b14c-0e82a476e394
2019-11-14 13:45:22,361 [pool-47-thread-1] WARN  impl.MetricRegistriesImpl (MetricRegistriesImpl.java:lambda$create$1(61)) - First MetricRegistry has been created without registering reporters. You may need to call MetricRegistries.global().addReportRegistration(...) before.
2019-11-14 13:45:22,367 [RatisPipelineUtilsThread] INFO  pipeline.PipelineStateManager (PipelineStateManager.java:addPipeline(55)) - Created pipeline Pipeline[ Id: e9a9fcf7-3fa3-4e19-967e-9812710d5cc3, Nodes: af1c79e4-3d23-48bd-b14c-0e82a476e394{ip: 192.168.34.21, host: pr-hdds-2481-nxhrh-893604966, networkLocation: /default-rack, certSerialId: null}, Type:RATIS, Factor:ONE, State:ALLOCATED]
2019-11-14 13:45:22,368 [Thread-178] INFO  pipeline.PipelineStateManager (PipelineStateManager.java:finalizePipeline(121)) - Pipeline Pipeline[ Id: f8566468-a1fc-4c35-9afb-2315db35df11, Nodes: 75c40d31-072e-4316-95b1-c49fef33c450{ip: 192.168.34.21, host: pr-hdds-2481-nxhrh-893604966, networkLocation: /default-rack, certSerialId: null}, Type:RATIS, Factor:ONE, State:CLOSED] moved to CLOSED state
2019-11-14 13:45:22,380 [grpc-default-executor-1] INFO  impl.RaftServerProxy (RaftServerProxy.java:remove(95)) - 75c40d31-072e-4316-95b1-c49fef33c450: remove  FOLLOWER 75c40d31-072e-4316-95b1-c49fef33c450@group-2315DB35DF11:t0, leader=null, voted=null, raftlog=75c40d31-072e-4316-95b1-c49fef33c450@group-2315DB35DF11-SegmentedRaftLog:OPENED:c-1,f-1,i0, conf=-1: [75c40d31-072e-4316-95b1-c49fef33c450:192.168.34.21:42275], old=null RUNNING
2019-11-14 13:45:22,380 [grpc-default-executor-1] INFO  impl.RaftServerImpl (RaftServerImpl.java:lambda$shutdown$3(250)) - 75c40d31-072e-4316-95b1-c49fef33c450@group-2315DB35DF11: shutdown
2019-11-14 13:45:22,380 [grpc-default-executor-1] INFO  util.JmxRegister (JmxRegister.java:unregister(73)) - Successfully un-registered JMX Bean with object name Ratis:service=RaftServer,group=group-2315DB35DF11,id=75c40d31-072e-4316-95b1-c49fef33c450
2019-11-14 13:45:22,381 [grpc-default-executor-1] INFO  impl.RoleInfo (RoleInfo.java:shutdownFollowerState(121)) - 75c40d31-072e-4316-95b1-c49fef33c450: shutdown FollowerState
2019-11-14 13:45:22,381 [grpc-default-executor-1] INFO  impl.StateMachineUpdater (StateMachineUpdater.java:stopAndJoin(136)) - 75c40d31-072e-4316-95b1-c49fef33c450@group-2315DB35DF11-StateMachineUpdater: set stopIndex = -1
2019-11-14 13:45:22,381 [Thread-183] INFO  impl.FollowerState (FollowerState.java:run(120)) - 75c40d31-072e-4316-95b1-c49fef33c450@group-2315DB35DF11-FollowerState was interrupted: java.lang.InterruptedException: sleep interrupted
2019-11-14 13:45:22,382 [grpc-default-executor-1] INFO  impl.RaftServerImpl (ServerState.java:close(387)) - 75c40d31-072e-4316-95b1-c49fef33c450@group-2315DB35DF11: closes. applyIndex: -1
2019-11-14 13:45:22,382 [75c40d31-072e-4316-95b1-c49fef33c450@group-2315DB35DF11-SegmentedRaftLogWorker] INFO  segmented.SegmentedRaftLogWorker (SegmentedRaftLogWorker.java:run(316)) - 75c40d31-072e-4316-95b1-c49fef33c450@group-2315DB35DF11-SegmentedRaftLogWorker was interrupted, exiting. There are 0 tasks remaining in the queue.
2019-11-14 13:45:22,383 [grpc-default-executor-1] INFO  segmented.SegmentedRaftLogWorker (SegmentedRaftLogWorker.java:close(224)) - 75c40d31-072e-4316-95b1-c49fef33c450@group-2315DB35DF11-SegmentedRaftLogWorker close()
2019-11-14 13:45:22,389 [Thread-178] INFO  pipeline.PipelineStateManager (PipelineStateManager.java:removePipeline(106)) - Pipeline Pipeline[ Id: f8566468-a1fc-4c35-9afb-2315db35df11, Nodes: 75c40d31-072e-4316-95b1-c49fef33c450{ip: 192.168.34.21, host: pr-hdds-2481-nxhrh-893604966, networkLocation: /default-rack, certSerialId: null}, Type:RATIS, Factor:ONE, State:CLOSED] removed from db
2019-11-14 13:45:22,397 [grpc-default-executor-1] INFO  impl.RaftServerProxy (RaftServerProxy.java:addNew(89)) - 75c40d31-072e-4316-95b1-c49fef33c450: addNew group-2BFA36C98C19:[75c40d31-072e-4316-95b1-c49fef33c450:192.168.34.21:42275] returns group-2BFA36C98C19:java.util.concurrent.CompletableFuture@6601769[Not completed]
2019-11-14 13:45:22,399 [pool-37-thread-1] INFO  impl.RaftServerImpl (RaftServerImpl.java:<init>(98)) - 75c40d31-072e-4316-95b1-c49fef33c450: new RaftServerImpl for group-2BFA36C98C19:[75c40d31-072e-4316-95b1-c49fef33c450:192.168.34.21:42275] with ContainerStateMachine:uninitialized
2019-11-14 13:45:22,399 [pool-37-thread-1] INFO  server.RaftServerConfigKeys (ConfUtils.java:logGet(43)) - raft.server.rpc.timeout.min = 5s (custom)
2019-11-14 13:45:22,399 [pool-37-thread-1] INFO  server.RaftServerConfigKeys (ConfUtils.java:logGet(43)) - raft.server.rpc.timeout.max = 5200ms (custom)
2019-11-14 13:45:22,399 [pool-37-thread-1] INFO  server.RaftServerConfigKeys (ConfUtils.java:logGet(43)) - raft.server.rpcslowness.timeout = 120s (custom)
2019-11-14 13:45:22,399 [pool-37-thread-1] INFO  server.RaftServerConfigKeys (ConfUtils.java:logGet(43)) - raft.server.sleep.deviation.threshold = 300 (default)
2019-11-14 13:45:22,399 [pool-37-thread-1] INFO  server.RaftServerConfigKeys (ConfUtils.java:logGet(43)) - raft.server.log.appender.install.snapshot.enabled = false (custom)
2019-11-14 13:45:22,399 [pool-37-thread-1] INFO  impl.RaftServerImpl (ServerState.java:<init>(103)) - 75c40d31-072e-4316-95b1-c49fef33c450@group-2BFA36C98C19: ConfigurationManager, init=-1: [75c40d31-072e-4316-95b1-c49fef33c450:192.168.34.21:42275], old=null, confs=<EMPTY_MAP>
2019-11-14 13:45:22,400 [pool-37-thread-1] INFO  server.RaftServerConfigKeys (ConfUtils.java:logGet(43)) - raft.server.storage.dir = [/workdir/hadoop-ozone/tools/target/test-dir/MiniOzoneClusterImpl-1db13fd8-7b5c-4c28-b07c-c36c47cddec3/datanode-1/data/ratis] (custom)
2019-11-14 13:45:22,400 [pool-37-thread-1] INFO  server.RaftServerConfigKeys (ConfUtils.java:logGet(43)) - raft.server.log.corruption.policy = EXCEPTION (default)
2019-11-14 13:45:22,400 [pool-37-thread-1] INFO  storage.RaftStorageDirectory (RaftStorageDirectory.java:analyzeStorage(246)) - The storage directory /workdir/hadoop-ozone/tools/target/test-dir/MiniOzoneClusterImpl-1db13fd8-7b5c-4c28-b07c-c36c47cddec3/datanode-1/data/ratis/c25673a7-b9b5-4889-b220-2bfa36c98c19 does not exist. Creating ...
2019-11-14 13:45:22,404 [pool-37-thread-1] INFO  storage.RaftStorageDirectory (RaftStorageDirectory.java:tryLock(328)) - Lock on /workdir/hadoop-ozone/tools/target/test-dir/MiniOzoneClusterImpl-1db13fd8-7b5c-4c28-b07c-c36c47cddec3/datanode-1/data/ratis/c25673a7-b9b5-4889-b220-2bfa36c98c19/in_use.lock acquired by nodename 19331@pr-hdds-2481-nxhrh-893604966
2019-11-14 13:45:22,407 [pool-37-thread-1] INFO  storage.RaftStorage (RaftStorage.java:format(84)) - Storage directory /workdir/hadoop-ozone/tools/target/test-dir/MiniOzoneClusterImpl-1db13fd8-7b5c-4c28-b07c-c36c47cddec3/datanode-1/data/ratis/c25673a7-b9b5-4889-b220-2bfa36c98c19 has been successfully formatted.
2019-11-14 13:45:22,408 [pool-37-thread-1] INFO  ratis.ContainerStateMachine (ContainerStateMachine.java:loadSnapshot(223)) - group-2BFA36C98C19: The snapshot info is null. Setting the last applied indexto:(t:0, i:~)
2019-11-14 13:45:22,408 [pool-37-thread-1] INFO  server.RaftServerConfigKeys (ConfUtils.java:logGet(43)) - raft.server.notification.no-leader.timeout = 120s (custom)
2019-11-14 13:45:22,408 [pool-37-thread-1] INFO  server.RaftServerConfigKeys (ConfUtils.java:logGet(43)) - raft.server.log.use.memory = false (default)
2019-11-14 13:45:22,408 [pool-37-thread-1] INFO  server.RaftServerConfigKeys (ConfUtils.java:logGet(43)) - raft.server.log.purge.gap = 1000000 (custom)
2019-11-14 13:45:22,408 [pool-37-thread-1] INFO  server.RaftServerConfigKeys (ConfUtils.java:logGet(43)) - raft.server.log.appender.buffer.byte-limit = 33554432 (custom)
2019-11-14 13:45:22,408 [pool-37-thread-1] INFO  server.RaftServerConfigKeys (ConfUtils.java:logGet(43)) - raft.server.log.segment.size.max = 1048576 (custom)
2019-11-14 13:45:22,408 [pool-37-thread-1] INFO  server.RaftServerConfigKeys (ConfUtils.java:logGet(43)) - raft.server.log.segment.cache.num.max = 2 (custom)
2019-11-14 13:45:22,408 [pool-37-thread-1] INFO  segmented.SegmentedRaftLogWorker (SegmentedRaftLogWorker.java:<init>(173)) - new 75c40d31-072e-4316-95b1-c49fef33c450@group-2BFA36C98C19-SegmentedRaftLogWorker for RaftStorage:Storage Directory /workdir/hadoop-ozone/tools/target/test-dir/MiniOzoneClusterImpl-1db13fd8-7b5c-4c28-b07c-c36c47cddec3/datanode-1/data/ratis/c25673a7-b9b5-4889-b220-2bfa36c98c19
2019-11-14 13:45:22,409 [pool-37-thread-1] INFO  server.RaftServerConfigKeys (ConfUtils.java:logGet(43)) - raft.server.log.queue.byte-limit = 2147483647 (custom)
2019-11-14 13:45:22,409 [pool-37-thread-1] INFO  server.RaftServerConfigKeys (ConfUtils.java:logGet(43)) - raft.server.log.queue.element-limit = 1024 (custom)
2019-11-14 13:45:22,409 [pool-37-thread-1] INFO  server.RaftServerConfigKeys (ConfUtils.java:logGet(43)) - raft.server.log.segment.size.max = 1048576 (custom)
2019-11-14 13:45:22,409 [pool-37-thread-1] INFO  server.RaftServerConfigKeys (ConfUtils.java:logGet(43)) - raft.server.log.preallocated.size = 16384 (custom)
2019-11-14 13:45:22,409 [pool-37-thread-1] INFO  server.RaftServerConfigKeys (ConfUtils.java:logGet(43)) - raft.server.log.write.buffer.size = 33554432 (custom)
2019-11-14 13:45:22,409 [pool-37-thread-1] INFO  server.RaftServerConfigKeys (ConfUtils.java:logGet(43)) - raft.server.log.force.sync.num = 128 (default)
2019-11-14 13:45:22,409 [pool-37-thread-1] INFO  server.RaftServerConfigKeys (ConfUtils.java:logGet(43)) - raft.server.log.statemachine.data.sync = true (default)
2019-11-14 13:45:22,409 [pool-37-thread-1] INFO  server.RaftServerConfigKeys (ConfUtils.java:logGet(43)) - raft.server.log.statemachine.data.sync.timeout = 10s (default)
2019-11-14 13:45:22,409 [pool-37-thread-1] INFO  server.RaftServerConfigKeys (ConfUtils.java:logGet(43)) - raft.server.log.statemachine.data.sync.timeout.retry = -1 (default)
2019-11-14 13:45:22,409 [pool-37-thread-1] INFO  server.RaftServerConfigKeys (ConfUtils.java:logGet(43)) - raft.server.log.statemachine.data.caching.enabled = true (custom)
2019-11-14 13:45:22,410 [pool-37-thread-1] INFO  segmented.SegmentedRaftLogWorker (SegmentedRaftLogWorker.java:lambda$new$0(128)) - 75c40d31-072e-4316-95b1-c49fef33c450@group-2BFA36C98C19-SegmentedRaftLogWorker: flushIndex: setUnconditionally 0 -> -1
2019-11-14 13:45:22,410 [pool-37-thread-1] INFO  server.RaftServerConfigKeys (ConfUtils.java:logGet(43)) - raft.server.snapshot.auto.trigger.enabled = true (custom)
2019-11-14 13:45:22,410 [pool-37-thread-1] INFO  server.RaftServerConfigKeys (ConfUtils.java:logGet(43)) - raft.server.snapshot.auto.trigger.threshold = 10000 (custom)
2019-11-14 13:45:22,410 [pool-37-thread-1] INFO  server.RaftServerConfigKeys (ConfUtils.java:logGet(43)) - raft.server.snapshot.retention.file.num = 5 (custom)
2019-11-14 13:45:22,411 [pool-37-thread-1] INFO  server.RaftServerConfigKeys (ConfUtils.java:logGet(43)) - raft.server.retrycache.expirytime = 600000ms (custom)
2019-11-14 13:45:22,411 [pool-37-thread-1] WARN  impl.MetricRegistriesImpl (MetricRegistriesImpl.java:lambda$create$1(61)) - First MetricRegistry has been created without registering reporters. You may need to call MetricRegistries.global().addReportRegistration(...) before.
2019-11-14 13:45:22,411 [pool-37-thread-1] WARN  impl.MetricRegistriesImpl (MetricRegistriesImpl.java:lambda$create$1(61)) - First MetricRegistry has been created without registering reporters. You may need to call MetricRegistries.global().addReportRegistration(...) before.
2019-11-14 13:45:22,411 [pool-37-thread-1] INFO  impl.RaftServerImpl (RaftServerImpl.java:start(184)) - 75c40d31-072e-4316-95b1-c49fef33c450@group-2BFA36C98C19: start as a follower, conf=-1: [75c40d31-072e-4316-95b1-c49fef33c450:192.168.34.21:42275], old=null
2019-11-14 13:45:22,411 [pool-37-thread-1] INFO  impl.RaftServerImpl (RaftServerImpl.java:setRole(173)) - 75c40d31-072e-4316-95b1-c49fef33c450@group-2BFA36C98C19: changes role from      null to FOLLOWER at term 0 for startAsFollower
2019-11-14 13:45:22,411 [pool-37-thread-1] INFO  impl.RoleInfo (RoleInfo.java:updateAndGet(143)) - 75c40d31-072e-4316-95b1-c49fef33c450: start FollowerState
2019-11-14 13:45:22,412 [pool-37-thread-1] INFO  util.JmxRegister (JmxRegister.java:tryRegister(44)) - Successfully registered JMX Bean with object name Ratis:service=RaftServer,group=group-2BFA36C98C19,id=75c40d31-072e-4316-95b1-c49fef33c450
2019-11-14 13:45:22,412 [pool-37-thread-1] WARN  impl.MetricRegistriesImpl (MetricRegistriesImpl.java:lambda$create$1(61)) - First MetricRegistry has been created without registering reporters. You may need to call MetricRegistries.global().addReportRegistration(...) before.
2019-11-14 13:45:22,417 [RatisPipelineUtilsThread] INFO  pipeline.PipelineStateManager (PipelineStateManager.java:addPipeline(55)) - Created pipeline Pipeline[ Id: c25673a7-b9b5-4889-b220-2bfa36c98c19, Nodes: 75c40d31-072e-4316-95b1-c49fef33c450{ip: 192.168.34.21, host: pr-hdds-2481-nxhrh-893604966, networkLocation: /default-rack, certSerialId: null}, Type:RATIS, Factor:ONE, State:ALLOCATED]
2019-11-14 13:45:23,020 [main] INFO  ozone.MiniOzoneClusterImpl (MiniOzoneClusterImpl.java:lambda$waitForClusterToBeReady$2(163)) - Waiting for 4 number of pipelines out of 4, to report a leader.
2019-11-14 13:45:24,021 [main] INFO  ozone.MiniOzoneClusterImpl (MiniOzoneClusterImpl.java:lambda$waitForClusterToBeReady$2(163)) - Waiting for 4 number of pipelines out of 4, to report a leader.
2019-11-14 13:45:25,022 [main] INFO  ozone.MiniOzoneClusterImpl (MiniOzoneClusterImpl.java:lambda$waitForClusterToBeReady$2(163)) - Waiting for 4 number of pipelines out of 4, to report a leader.
2019-11-14 13:45:26,022 [main] INFO  ozone.MiniOzoneClusterImpl (MiniOzoneClusterImpl.java:lambda$waitForClusterToBeReady$2(163)) - Waiting for 4 number of pipelines out of 4, to report a leader.
2019-11-14 13:45:27,023 [main] INFO  ozone.MiniOzoneClusterImpl (MiniOzoneClusterImpl.java:lambda$waitForClusterToBeReady$2(163)) - Waiting for 4 number of pipelines out of 4, to report a leader.
2019-11-14 13:45:27,354 [Thread-203] INFO  impl.FollowerState (FollowerState.java:run(111)) - bfde180a-cbea-4c85-9ba8-0c8be2b11c81@group-2032B8D3A0A2-FollowerState: change to CANDIDATE, lastRpcTime:5154ms, electionTimeout:5154ms
2019-11-14 13:45:27,357 [Thread-203] INFO  impl.RoleInfo (RoleInfo.java:shutdownFollowerState(121)) - bfde180a-cbea-4c85-9ba8-0c8be2b11c81: shutdown FollowerState
2019-11-14 13:45:27,357 [Thread-203] INFO  impl.RaftServerImpl (RaftServerImpl.java:setRole(173)) - bfde180a-cbea-4c85-9ba8-0c8be2b11c81@group-2032B8D3A0A2: changes role from  FOLLOWER to CANDIDATE at term 0 for changeToCandidate
2019-11-14 13:45:27,361 [Thread-203] INFO  impl.RoleInfo (RoleInfo.java:updateAndGet(143)) - bfde180a-cbea-4c85-9ba8-0c8be2b11c81: start LeaderElection
2019-11-14 13:45:27,375 [bfde180a-cbea-4c85-9ba8-0c8be2b11c81@group-2032B8D3A0A2-LeaderElection1] INFO  impl.LeaderElection (LeaderElection.java:askForVotes(178)) - bfde180a-cbea-4c85-9ba8-0c8be2b11c81@group-2032B8D3A0A2-LeaderElection1: begin an election at term 1 for -1: [bfde180a-cbea-4c85-9ba8-0c8be2b11c81:192.168.34.21:40757], old=null
2019-11-14 13:45:27,376 [bfde180a-cbea-4c85-9ba8-0c8be2b11c81@group-2032B8D3A0A2-LeaderElection1] INFO  impl.RoleInfo (RoleInfo.java:shutdownLeaderElection(134)) - bfde180a-cbea-4c85-9ba8-0c8be2b11c81: shutdown LeaderElection
2019-11-14 13:45:27,377 [bfde180a-cbea-4c85-9ba8-0c8be2b11c81@group-2032B8D3A0A2-LeaderElection1] INFO  impl.RaftServerImpl (RaftServerImpl.java:setRole(173)) - bfde180a-cbea-4c85-9ba8-0c8be2b11c81@group-2032B8D3A0A2: changes role from CANDIDATE to LEADER at term 1 for changeToLeader
2019-11-14 13:45:27,377 [bfde180a-cbea-4c85-9ba8-0c8be2b11c81@group-2032B8D3A0A2-LeaderElection1] INFO  ratis.XceiverServerRatis (XceiverServerRatis.java:handleLeaderChangedNotification(697)) - Leader change notification received for group: group-2032B8D3A0A2 with new leaderId: bfde180a-cbea-4c85-9ba8-0c8be2b11c81
2019-11-14 13:45:27,380 [bfde180a-cbea-4c85-9ba8-0c8be2b11c81@group-2032B8D3A0A2-LeaderElection1] INFO  impl.RaftServerImpl (ServerState.java:setLeader(255)) - bfde180a-cbea-4c85-9ba8-0c8be2b11c81@group-2032B8D3A0A2: change Leader from null to bfde180a-cbea-4c85-9ba8-0c8be2b11c81 at term 1 for becomeLeader, leader elected after 5182ms
2019-11-14 13:45:27,386 [bfde180a-cbea-4c85-9ba8-0c8be2b11c81@group-2032B8D3A0A2-LeaderElection1] INFO  server.RaftServerConfigKeys (ConfUtils.java:logGet(43)) - raft.server.staging.catchup.gap = 1000 (default)
2019-11-14 13:45:27,386 [bfde180a-cbea-4c85-9ba8-0c8be2b11c81@group-2032B8D3A0A2-LeaderElection1] INFO  server.RaftServerConfigKeys (ConfUtils.java:logGet(43)) - raft.server.rpc.sleep.time = 25ms (default)
2019-11-14 13:45:27,390 [bfde180a-cbea-4c85-9ba8-0c8be2b11c81@group-2032B8D3A0A2-LeaderElection1] INFO  server.RaftServerConfigKeys (ConfUtils.java:logGet(43)) - raft.server.write.element-limit = 4096 (default)
2019-11-14 13:45:27,393 [bfde180a-cbea-4c85-9ba8-0c8be2b11c81@group-2032B8D3A0A2-LeaderElection1] INFO  server.RaftServerConfigKeys (ConfUtils.java:logGet(43)) - raft.server.watch.timeout = 10s (default)
2019-11-14 13:45:27,393 [bfde180a-cbea-4c85-9ba8-0c8be2b11c81@group-2032B8D3A0A2-LeaderElection1] INFO  server.RaftServerConfigKeys (ConfUtils.java:logGet(43)) - raft.server.watch.timeout.denomination = 1s (default)
2019-11-14 13:45:27,394 [bfde180a-cbea-4c85-9ba8-0c8be2b11c81@group-2032B8D3A0A2-LeaderElection1] INFO  server.RaftServerConfigKeys (ConfUtils.java:logGet(43)) - raft.server.watch.element-limit = 65536 (default)
2019-11-14 13:45:27,394 [EventQueue-PipelineReportForPipelineReportHandler] INFO  pipeline.PipelineStateManager (PipelineStateManager.java:openPipeline(134)) - Pipeline Pipeline[ Id: 08f79342-05bb-49b1-b03b-2032b8d3a0a2, Nodes: bfde180a-cbea-4c85-9ba8-0c8be2b11c81{ip: 192.168.34.21, host: pr-hdds-2481-nxhrh-893604966, networkLocation: /default-rack, certSerialId: null}, Type:RATIS, Factor:ONE, State:OPEN] moved to OPEN state
2019-11-14 13:45:27,399 [Thread-212] INFO  impl.FollowerState (FollowerState.java:run(111)) - af1c79e4-3d23-48bd-b14c-0e82a476e394@group-84E6A096DD2E-FollowerState: change to CANDIDATE, lastRpcTime:5123ms, electionTimeout:5123ms
2019-11-14 13:45:27,399 [Thread-212] INFO  impl.RoleInfo (RoleInfo.java:shutdownFollowerState(121)) - af1c79e4-3d23-48bd-b14c-0e82a476e394: shutdown FollowerState
2019-11-14 13:45:27,399 [Thread-212] INFO  impl.RaftServerImpl (RaftServerImpl.java:setRole(173)) - af1c79e4-3d23-48bd-b14c-0e82a476e394@group-84E6A096DD2E: changes role from  FOLLOWER to CANDIDATE at term 0 for changeToCandidate
2019-11-14 13:45:27,400 [Thread-212] INFO  impl.RoleInfo (RoleInfo.java:updateAndGet(143)) - af1c79e4-3d23-48bd-b14c-0e82a476e394: start LeaderElection
2019-11-14 13:45:27,400 [Thread-207] INFO  impl.FollowerState (FollowerState.java:run(111)) - bfde180a-cbea-4c85-9ba8-0c8be2b11c81@group-84E6A096DD2E-FollowerState: change to CANDIDATE, lastRpcTime:5126ms, electionTimeout:5126ms
2019-11-14 13:45:27,400 [Thread-207] INFO  impl.RoleInfo (RoleInfo.java:shutdownFollowerState(121)) - bfde180a-cbea-4c85-9ba8-0c8be2b11c81: shutdown FollowerState
2019-11-14 13:45:27,401 [Thread-207] INFO  impl.RaftServerImpl (RaftServerImpl.java:setRole(173)) - bfde180a-cbea-4c85-9ba8-0c8be2b11c81@group-84E6A096DD2E: changes role from  FOLLOWER to CANDIDATE at term 0 for changeToCandidate
2019-11-14 13:45:27,402 [bfde180a-cbea-4c85-9ba8-0c8be2b11c81@group-2032B8D3A0A2-LeaderElection1] INFO  impl.RoleInfo (RoleInfo.java:updateAndGet(143)) - bfde180a-cbea-4c85-9ba8-0c8be2b11c81: start LeaderState
2019-11-14 13:45:27,402 [Thread-207] INFO  impl.RoleInfo (RoleInfo.java:updateAndGet(143)) - bfde180a-cbea-4c85-9ba8-0c8be2b11c81: start LeaderElection
2019-11-14 13:45:27,413 [Thread-208] INFO  impl.FollowerState (FollowerState.java:run(111)) - 75c40d31-072e-4316-95b1-c49fef33c450@group-84E6A096DD2E-FollowerState: change to CANDIDATE, lastRpcTime:5139ms, electionTimeout:5139ms
2019-11-14 13:45:27,413 [Thread-208] INFO  impl.RoleInfo (RoleInfo.java:shutdownFollowerState(121)) - 75c40d31-072e-4316-95b1-c49fef33c450: shutdown FollowerState
2019-11-14 13:45:27,413 [Thread-208] INFO  impl.RaftServerImpl (RaftServerImpl.java:setRole(173)) - 75c40d31-072e-4316-95b1-c49fef33c450@group-84E6A096DD2E: changes role from  FOLLOWER to CANDIDATE at term 0 for changeToCandidate
2019-11-14 13:45:27,413 [Thread-208] INFO  impl.RoleInfo (RoleInfo.java:updateAndGet(143)) - 75c40d31-072e-4316-95b1-c49fef33c450: start LeaderElection
2019-11-14 13:45:27,419 [bfde180a-cbea-4c85-9ba8-0c8be2b11c81@group-2032B8D3A0A2-LeaderElection1] INFO  segmented.SegmentedRaftLogWorker (SegmentedRaftLogWorker.java:startLogSegment(385)) - bfde180a-cbea-4c85-9ba8-0c8be2b11c81@group-2032B8D3A0A2-SegmentedRaftLogWorker: Starting segment from index:0
2019-11-14 13:45:27,420 [af1c79e4-3d23-48bd-b14c-0e82a476e394@group-84E6A096DD2E-LeaderElection2] INFO  impl.LeaderElection (LeaderElection.java:askForVotes(178)) - af1c79e4-3d23-48bd-b14c-0e82a476e394@group-84E6A096DD2E-LeaderElection2: begin an election at term 1 for -1: [75c40d31-072e-4316-95b1-c49fef33c450:192.168.34.21:42275, af1c79e4-3d23-48bd-b14c-0e82a476e394:192.168.34.21:46601, bfde180a-cbea-4c85-9ba8-0c8be2b11c81:192.168.34.21:40757], old=null
2019-11-14 13:45:27,432 [bfde180a-cbea-4c85-9ba8-0c8be2b11c81@group-84E6A096DD2E-LeaderElection3] INFO  impl.LeaderElection (LeaderElection.java:askForVotes(178)) - bfde180a-cbea-4c85-9ba8-0c8be2b11c81@group-84E6A096DD2E-LeaderElection3: begin an election at term 1 for -1: [75c40d31-072e-4316-95b1-c49fef33c450:192.168.34.21:42275, af1c79e4-3d23-48bd-b14c-0e82a476e394:192.168.34.21:46601, bfde180a-cbea-4c85-9ba8-0c8be2b11c81:192.168.34.21:40757], old=null
2019-11-14 13:45:27,432 [75c40d31-072e-4316-95b1-c49fef33c450@group-84E6A096DD2E-LeaderElection4] INFO  impl.LeaderElection (LeaderElection.java:askForVotes(178)) - 75c40d31-072e-4316-95b1-c49fef33c450@group-84E6A096DD2E-LeaderElection4: begin an election at term 1 for -1: [75c40d31-072e-4316-95b1-c49fef33c450:192.168.34.21:42275, af1c79e4-3d23-48bd-b14c-0e82a476e394:192.168.34.21:46601, bfde180a-cbea-4c85-9ba8-0c8be2b11c81:192.168.34.21:40757], old=null
2019-11-14 13:45:27,441 [bfde180a-cbea-4c85-9ba8-0c8be2b11c81@group-2032B8D3A0A2-LeaderElection1] INFO  impl.RaftServerImpl (ServerState.java:setRaftConf(356)) - bfde180a-cbea-4c85-9ba8-0c8be2b11c81@group-2032B8D3A0A2: set configuration 0: [bfde180a-cbea-4c85-9ba8-0c8be2b11c81:192.168.34.21:40757], old=null at 0
2019-11-14 13:45:27,464 [af1c79e4-3d23-48bd-b14c-0e82a476e394@group-84E6A096DD2E-LeaderElection2] INFO  impl.LeaderElection (LeaderElection.java:logAndReturn(56)) - af1c79e4-3d23-48bd-b14c-0e82a476e394@group-84E6A096DD2E-LeaderElection2: Election REJECTED; received 2 response(s) [af1c79e4-3d23-48bd-b14c-0e82a476e394<-75c40d31-072e-4316-95b1-c49fef33c450#0:FAIL-t1, af1c79e4-3d23-48bd-b14c-0e82a476e394<-bfde180a-cbea-4c85-9ba8-0c8be2b11c81#0:FAIL-t1] and 0 exception(s); af1c79e4-3d23-48bd-b14c-0e82a476e394@group-84E6A096DD2E:t1, leader=null, voted=af1c79e4-3d23-48bd-b14c-0e82a476e394, raftlog=af1c79e4-3d23-48bd-b14c-0e82a476e394@group-84E6A096DD2E-SegmentedRaftLog:OPENED:c-1,f-1,i0, conf=-1: [75c40d31-072e-4316-95b1-c49fef33c450:192.168.34.21:42275, af1c79e4-3d23-48bd-b14c-0e82a476e394:192.168.34.21:46601, bfde180a-cbea-4c85-9ba8-0c8be2b11c81:192.168.34.21:40757], old=null
2019-11-14 13:45:27,464 [75c40d31-072e-4316-95b1-c49fef33c450@group-84E6A096DD2E-LeaderElection4] INFO  impl.LeaderElection (LeaderElection.java:logAndReturn(56)) - 75c40d31-072e-4316-95b1-c49fef33c450@group-84E6A096DD2E-LeaderElection4: Election REJECTED; received 2 response(s) [75c40d31-072e-4316-95b1-c49fef33c450<-af1c79e4-3d23-48bd-b14c-0e82a476e394#0:FAIL-t1, 75c40d31-072e-4316-95b1-c49fef33c450<-bfde180a-cbea-4c85-9ba8-0c8be2b11c81#0:FAIL-t1] and 0 exception(s); 75c40d31-072e-4316-95b1-c49fef33c450@group-84E6A096DD2E:t1, leader=null, voted=75c40d31-072e-4316-95b1-c49fef33c450, raftlog=75c40d31-072e-4316-95b1-c49fef33c450@group-84E6A096DD2E-SegmentedRaftLog:OPENED:c-1,f-1,i0, conf=-1: [75c40d31-072e-4316-95b1-c49fef33c450:192.168.34.21:42275, af1c79e4-3d23-48bd-b14c-0e82a476e394:192.168.34.21:46601, bfde180a-cbea-4c85-9ba8-0c8be2b11c81:192.168.34.21:40757], old=null
2019-11-14 13:45:27,466 [bfde180a-cbea-4c85-9ba8-0c8be2b11c81@group-84E6A096DD2E-LeaderElection3] INFO  impl.LeaderElection (LeaderElection.java:logAndReturn(56)) - bfde180a-cbea-4c85-9ba8-0c8be2b11c81@group-84E6A096DD2E-LeaderElection3: Election REJECTED; received 2 response(s) [bfde180a-cbea-4c85-9ba8-0c8be2b11c81<-75c40d31-072e-4316-95b1-c49fef33c450#0:FAIL-t1, bfde180a-cbea-4c85-9ba8-0c8be2b11c81<-af1c79e4-3d23-48bd-b14c-0e82a476e394#0:FAIL-t1] and 0 exception(s); bfde180a-cbea-4c85-9ba8-0c8be2b11c81@group-84E6A096DD2E:t1, leader=null, voted=bfde180a-cbea-4c85-9ba8-0c8be2b11c81, raftlog=bfde180a-cbea-4c85-9ba8-0c8be2b11c81@group-84E6A096DD2E-SegmentedRaftLog:OPENED:c-1,f-1,i0, conf=-1: [75c40d31-072e-4316-95b1-c49fef33c450:192.168.34.21:42275, af1c79e4-3d23-48bd-b14c-0e82a476e394:192.168.34.21:46601, bfde180a-cbea-4c85-9ba8-0c8be2b11c81:192.168.34.21:40757], old=null
2019-11-14 13:45:27,467 [af1c79e4-3d23-48bd-b14c-0e82a476e394@group-84E6A096DD2E-LeaderElection2] INFO  impl.RaftServerImpl (RaftServerImpl.java:setRole(173)) - af1c79e4-3d23-48bd-b14c-0e82a476e394@group-84E6A096DD2E: changes role from CANDIDATE to FOLLOWER at term 1 for DISCOVERED_A_NEW_TERM
2019-11-14 13:45:27,468 [75c40d31-072e-4316-95b1-c49fef33c450@group-84E6A096DD2E-LeaderElection4] INFO  impl.RaftServerImpl (RaftServerImpl.java:setRole(173)) - 75c40d31-072e-4316-95b1-c49fef33c450@group-84E6A096DD2E: changes role from CANDIDATE to FOLLOWER at term 1 for DISCOVERED_A_NEW_TERM
2019-11-14 13:45:27,468 [af1c79e4-3d23-48bd-b14c-0e82a476e394@group-84E6A096DD2E-LeaderElection2] INFO  impl.RoleInfo (RoleInfo.java:shutdownLeaderElection(134)) - af1c79e4-3d23-48bd-b14c-0e82a476e394: shutdown LeaderElection
2019-11-14 13:45:27,467 [bfde180a-cbea-4c85-9ba8-0c8be2b11c81@group-84E6A096DD2E-LeaderElection3] INFO  impl.RaftServerImpl (RaftServerImpl.java:setRole(173)) - bfde180a-cbea-4c85-9ba8-0c8be2b11c81@group-84E6A096DD2E: changes role from CANDIDATE to FOLLOWER at term 1 for DISCOVERED_A_NEW_TERM
2019-11-14 13:45:27,469 [75c40d31-072e-4316-95b1-c49fef33c450@group-84E6A096DD2E-LeaderElection4] INFO  impl.RoleInfo (RoleInfo.java:shutdownLeaderElection(134)) - 75c40d31-072e-4316-95b1-c49fef33c450: shutdown LeaderElection
2019-11-14 13:45:27,469 [bfde180a-cbea-4c85-9ba8-0c8be2b11c81@group-84E6A096DD2E-LeaderElection3] INFO  impl.RoleInfo (RoleInfo.java:shutdownLeaderElection(134)) - bfde180a-cbea-4c85-9ba8-0c8be2b11c81: shutdown LeaderElection
2019-11-14 13:45:27,469 [af1c79e4-3d23-48bd-b14c-0e82a476e394@group-84E6A096DD2E-LeaderElection2] INFO  impl.RoleInfo (RoleInfo.java:updateAndGet(143)) - af1c79e4-3d23-48bd-b14c-0e82a476e394: start FollowerState
2019-11-14 13:45:27,469 [bfde180a-cbea-4c85-9ba8-0c8be2b11c81@group-84E6A096DD2E-LeaderElection3] INFO  impl.RoleInfo (RoleInfo.java:updateAndGet(143)) - bfde180a-cbea-4c85-9ba8-0c8be2b11c81: start FollowerState
2019-11-14 13:45:27,469 [75c40d31-072e-4316-95b1-c49fef33c450@group-84E6A096DD2E-LeaderElection4] INFO  impl.RoleInfo (RoleInfo.java:updateAndGet(143)) - 75c40d31-072e-4316-95b1-c49fef33c450: start FollowerState
2019-11-14 13:45:27,511 [Thread-220] INFO  impl.FollowerState (FollowerState.java:run(111)) - 75c40d31-072e-4316-95b1-c49fef33c450@group-2BFA36C98C19-FollowerState: change to CANDIDATE, lastRpcTime:5099ms, electionTimeout:5099ms
2019-11-14 13:45:27,511 [Thread-220] INFO  impl.RoleInfo (RoleInfo.java:shutdownFollowerState(121)) - 75c40d31-072e-4316-95b1-c49fef33c450: shutdown FollowerState
2019-11-14 13:45:27,511 [Thread-220] INFO  impl.RaftServerImpl (RaftServerImpl.java:setRole(173)) - 75c40d31-072e-4316-95b1-c49fef33c450@group-2BFA36C98C19: changes role from  FOLLOWER to CANDIDATE at term 0 for changeToCandidate
2019-11-14 13:45:27,511 [Thread-220] INFO  impl.RoleInfo (RoleInfo.java:updateAndGet(143)) - 75c40d31-072e-4316-95b1-c49fef33c450: start LeaderElection
2019-11-14 13:45:27,516 [Thread-216] INFO  impl.FollowerState (FollowerState.java:run(111)) - af1c79e4-3d23-48bd-b14c-0e82a476e394@group-9812710D5CC3-FollowerState: change to CANDIDATE, lastRpcTime:5155ms, electionTimeout:5155ms
2019-11-14 13:45:27,516 [Thread-216] INFO  impl.RoleInfo (RoleInfo.java:shutdownFollowerState(121)) - af1c79e4-3d23-48bd-b14c-0e82a476e394: shutdown FollowerState
2019-11-14 13:45:27,516 [Thread-216] INFO  impl.RaftServerImpl (RaftServerImpl.java:setRole(173)) - af1c79e4-3d23-48bd-b14c-0e82a476e394@group-9812710D5CC3: changes role from  FOLLOWER to CANDIDATE at term 0 for changeToCandidate
2019-11-14 13:45:27,516 [Thread-216] INFO  impl.RoleInfo (RoleInfo.java:updateAndGet(143)) - af1c79e4-3d23-48bd-b14c-0e82a476e394: start LeaderElection
2019-11-14 13:45:27,528 [75c40d31-072e-4316-95b1-c49fef33c450@group-2BFA36C98C19-LeaderElection5] INFO  impl.LeaderElection (LeaderElection.java:askForVotes(178)) - 75c40d31-072e-4316-95b1-c49fef33c450@group-2BFA36C98C19-LeaderElection5: begin an election at term 1 for -1: [75c40d31-072e-4316-95b1-c49fef33c450:192.168.34.21:42275], old=null
2019-11-14 13:45:27,528 [af1c79e4-3d23-48bd-b14c-0e82a476e394@group-9812710D5CC3-LeaderElection6] INFO  impl.LeaderElection (LeaderElection.java:askForVotes(178)) - af1c79e4-3d23-48bd-b14c-0e82a476e394@group-9812710D5CC3-LeaderElection6: begin an election at term 1 for -1: [af1c79e4-3d23-48bd-b14c-0e82a476e394:192.168.34.21:46601], old=null
2019-11-14 13:45:27,528 [75c40d31-072e-4316-95b1-c49fef33c450@group-2BFA36C98C19-LeaderElection5] INFO  impl.RoleInfo (RoleInfo.java:shutdownLeaderElection(134)) - 75c40d31-072e-4316-95b1-c49fef33c450: shutdown LeaderElection
2019-11-14 13:45:27,528 [af1c79e4-3d23-48bd-b14c-0e82a476e394@group-9812710D5CC3-LeaderElection6] INFO  impl.RoleInfo (RoleInfo.java:shutdownLeaderElection(134)) - af1c79e4-3d23-48bd-b14c-0e82a476e394: shutdown LeaderElection
2019-11-14 13:45:27,528 [75c40d31-072e-4316-95b1-c49fef33c450@group-2BFA36C98C19-LeaderElection5] INFO  impl.RaftServerImpl (RaftServerImpl.java:setRole(173)) - 75c40d31-072e-4316-95b1-c49fef33c450@group-2BFA36C98C19: changes role from CANDIDATE to LEADER at term 1 for changeToLeader
2019-11-14 13:45:27,528 [af1c79e4-3d23-48bd-b14c-0e82a476e394@group-9812710D5CC3-LeaderElection6] INFO  impl.RaftServerImpl (RaftServerImpl.java:setRole(173)) - af1c79e4-3d23-48bd-b14c-0e82a476e394@group-9812710D5CC3: changes role from CANDIDATE to LEADER at term 1 for changeToLeader
2019-11-14 13:45:27,528 [75c40d31-072e-4316-95b1-c49fef33c450@group-2BFA36C98C19-LeaderElection5] INFO  ratis.XceiverServerRatis (XceiverServerRatis.java:handleLeaderChangedNotification(697)) - Leader change notification received for group: group-2BFA36C98C19 with new leaderId: 75c40d31-072e-4316-95b1-c49fef33c450
2019-11-14 13:45:27,529 [af1c79e4-3d23-48bd-b14c-0e82a476e394@group-9812710D5CC3-LeaderElection6] INFO  ratis.XceiverServerRatis (XceiverServerRatis.java:handleLeaderChangedNotification(697)) - Leader change notification received for group: group-9812710D5CC3 with new leaderId: af1c79e4-3d23-48bd-b14c-0e82a476e394
2019-11-14 13:45:27,530 [75c40d31-072e-4316-95b1-c49fef33c450@group-2BFA36C98C19-LeaderElection5] INFO  impl.RaftServerImpl (ServerState.java:setLeader(255)) - 75c40d31-072e-4316-95b1-c49fef33c450@group-2BFA36C98C19: change Leader from null to 75c40d31-072e-4316-95b1-c49fef33c450 at term 1 for becomeLeader, leader elected after 5120ms
2019-11-14 13:45:27,530 [af1c79e4-3d23-48bd-b14c-0e82a476e394@group-9812710D5CC3-LeaderElection6] INFO  impl.RaftServerImpl (ServerState.java:setLeader(255)) - af1c79e4-3d23-48bd-b14c-0e82a476e394@group-9812710D5CC3: change Leader from null to af1c79e4-3d23-48bd-b14c-0e82a476e394 at term 1 for becomeLeader, leader elected after 5172ms
2019-11-14 13:45:27,530 [75c40d31-072e-4316-95b1-c49fef33c450@group-2BFA36C98C19-LeaderElection5] INFO  server.RaftServerConfigKeys (ConfUtils.java:logGet(43)) - raft.server.staging.catchup.gap = 1000 (default)
2019-11-14 13:45:27,531 [af1c79e4-3d23-48bd-b14c-0e82a476e394@group-9812710D5CC3-LeaderElection6] INFO  server.RaftServerConfigKeys (ConfUtils.java:logGet(43)) - raft.server.staging.catchup.gap = 1000 (default)
2019-11-14 13:45:27,531 [75c40d31-072e-4316-95b1-c49fef33c450@group-2BFA36C98C19-LeaderElection5] INFO  server.RaftServerConfigKeys (ConfUtils.java:logGet(43)) - raft.server.rpc.sleep.time = 25ms (default)
2019-11-14 13:45:27,531 [af1c79e4-3d23-48bd-b14c-0e82a476e394@group-9812710D5CC3-LeaderElection6] INFO  server.RaftServerConfigKeys (ConfUtils.java:logGet(43)) - raft.server.rpc.sleep.time = 25ms (default)
2019-11-14 13:45:27,533 [af1c79e4-3d23-48bd-b14c-0e82a476e394@group-9812710D5CC3-LeaderElection6] INFO  server.RaftServerConfigKeys (ConfUtils.java:logGet(43)) - raft.server.write.element-limit = 4096 (default)
2019-11-14 13:45:27,533 [75c40d31-072e-4316-95b1-c49fef33c450@group-2BFA36C98C19-LeaderElection5] INFO  server.RaftServerConfigKeys (ConfUtils.java:logGet(43)) - raft.server.write.element-limit = 4096 (default)
2019-11-14 13:45:27,533 [af1c79e4-3d23-48bd-b14c-0e82a476e394@group-9812710D5CC3-LeaderElection6] INFO  server.RaftServerConfigKeys (ConfUtils.java:logGet(43)) - raft.server.watch.timeout = 10s (default)
2019-11-14 13:45:27,534 [af1c79e4-3d23-48bd-b14c-0e82a476e394@group-9812710D5CC3-LeaderElection6] INFO  server.RaftServerConfigKeys (ConfUtils.java:logGet(43)) - raft.server.watch.timeout.denomination = 1s (default)
2019-11-14 13:45:27,534 [75c40d31-072e-4316-95b1-c49fef33c450@group-2BFA36C98C19-LeaderElection5] INFO  server.RaftServerConfigKeys (ConfUtils.java:logGet(43)) - raft.server.watch.timeout = 10s (default)
2019-11-14 13:45:27,534 [af1c79e4-3d23-48bd-b14c-0e82a476e394@group-9812710D5CC3-LeaderElection6] INFO  server.RaftServerConfigKeys (ConfUtils.java:logGet(43)) - raft.server.watch.element-limit = 65536 (default)
2019-11-14 13:45:27,534 [75c40d31-072e-4316-95b1-c49fef33c450@group-2BFA36C98C19-LeaderElection5] INFO  server.RaftServerConfigKeys (ConfUtils.java:logGet(43)) - raft.server.watch.timeout.denomination = 1s (default)
2019-11-14 13:45:27,534 [af1c79e4-3d23-48bd-b14c-0e82a476e394@group-9812710D5CC3-LeaderElection6] INFO  impl.RoleInfo (RoleInfo.java:updateAndGet(143)) - af1c79e4-3d23-48bd-b14c-0e82a476e394: start LeaderState
2019-11-14 13:45:27,534 [EventQueue-PipelineReportForPipelineReportHandler] INFO  pipeline.PipelineStateManager (PipelineStateManager.java:openPipeline(134)) - Pipeline Pipeline[ Id: e9a9fcf7-3fa3-4e19-967e-9812710d5cc3, Nodes: af1c79e4-3d23-48bd-b14c-0e82a476e394{ip: 192.168.34.21, host: pr-hdds-2481-nxhrh-893604966, networkLocation: /default-rack, certSerialId: null}, Type:RATIS, Factor:ONE, State:OPEN] moved to OPEN state
2019-11-14 13:45:27,534 [75c40d31-072e-4316-95b1-c49fef33c450@group-2BFA36C98C19-LeaderElection5] INFO  server.RaftServerConfigKeys (ConfUtils.java:logGet(43)) - raft.server.watch.element-limit = 65536 (default)
2019-11-14 13:45:27,535 [af1c79e4-3d23-48bd-b14c-0e82a476e394@group-9812710D5CC3-LeaderElection6] INFO  segmented.SegmentedRaftLogWorker (SegmentedRaftLogWorker.java:startLogSegment(385)) - af1c79e4-3d23-48bd-b14c-0e82a476e394@group-9812710D5CC3-SegmentedRaftLogWorker: Starting segment from index:0
2019-11-14 13:45:27,535 [EventQueue-PipelineReportForPipelineReportHandler] INFO  pipeline.PipelineStateManager (PipelineStateManager.java:openPipeline(134)) - Pipeline Pipeline[ Id: c25673a7-b9b5-4889-b220-2bfa36c98c19, Nodes: 75c40d31-072e-4316-95b1-c49fef33c450{ip: 192.168.34.21, host: pr-hdds-2481-nxhrh-893604966, networkLocation: /default-rack, certSerialId: null}, Type:RATIS, Factor:ONE, State:OPEN] moved to OPEN state
2019-11-14 13:45:27,535 [75c40d31-072e-4316-95b1-c49fef33c450@group-2BFA36C98C19-LeaderElection5] INFO  impl.RoleInfo (RoleInfo.java:updateAndGet(143)) - 75c40d31-072e-4316-95b1-c49fef33c450: start LeaderState
2019-11-14 13:45:27,536 [af1c79e4-3d23-48bd-b14c-0e82a476e394@group-9812710D5CC3-LeaderElection6] INFO  impl.RaftServerImpl (ServerState.java:setRaftConf(356)) - af1c79e4-3d23-48bd-b14c-0e82a476e394@group-9812710D5CC3: set configuration 0: [af1c79e4-3d23-48bd-b14c-0e82a476e394:192.168.34.21:46601], old=null at 0
2019-11-14 13:45:27,536 [75c40d31-072e-4316-95b1-c49fef33c450@group-2BFA36C98C19-LeaderElection5] INFO  segmented.SegmentedRaftLogWorker (SegmentedRaftLogWorker.java:startLogSegment(385)) - 75c40d31-072e-4316-95b1-c49fef33c450@group-2BFA36C98C19-SegmentedRaftLogWorker: Starting segment from index:0
2019-11-14 13:45:27,537 [75c40d31-072e-4316-95b1-c49fef33c450@group-2BFA36C98C19-LeaderElection5] INFO  impl.RaftServerImpl (ServerState.java:setRaftConf(356)) - 75c40d31-072e-4316-95b1-c49fef33c450@group-2BFA36C98C19: set configuration 0: [75c40d31-072e-4316-95b1-c49fef33c450:192.168.34.21:42275], old=null at 0
2019-11-14 13:45:27,606 [bfde180a-cbea-4c85-9ba8-0c8be2b11c81@group-2032B8D3A0A2-SegmentedRaftLogWorker] INFO  segmented.SegmentedRaftLogWorker (SegmentedRaftLogWorker.java:execute(576)) - bfde180a-cbea-4c85-9ba8-0c8be2b11c81@group-2032B8D3A0A2-SegmentedRaftLogWorker: created new log segment /workdir/hadoop-ozone/tools/target/test-dir/MiniOzoneClusterImpl-1db13fd8-7b5c-4c28-b07c-c36c47cddec3/datanode-0/data/ratis/08f79342-05bb-49b1-b03b-2032b8d3a0a2/current/log_inprogress_0
2019-11-14 13:45:27,606 [af1c79e4-3d23-48bd-b14c-0e82a476e394@group-9812710D5CC3-SegmentedRaftLogWorker] INFO  segmented.SegmentedRaftLogWorker (SegmentedRaftLogWorker.java:execute(576)) - af1c79e4-3d23-48bd-b14c-0e82a476e394@group-9812710D5CC3-SegmentedRaftLogWorker: created new log segment /workdir/hadoop-ozone/tools/target/test-dir/MiniOzoneClusterImpl-1db13fd8-7b5c-4c28-b07c-c36c47cddec3/datanode-2/data/ratis/e9a9fcf7-3fa3-4e19-967e-9812710d5cc3/current/log_inprogress_0
2019-11-14 13:45:27,606 [75c40d31-072e-4316-95b1-c49fef33c450@group-2BFA36C98C19-SegmentedRaftLogWorker] INFO  segmented.SegmentedRaftLogWorker (SegmentedRaftLogWorker.java:execute(576)) - 75c40d31-072e-4316-95b1-c49fef33c450@group-2BFA36C98C19-SegmentedRaftLogWorker: created new log segment /workdir/hadoop-ozone/tools/target/test-dir/MiniOzoneClusterImpl-1db13fd8-7b5c-4c28-b07c-c36c47cddec3/datanode-1/data/ratis/c25673a7-b9b5-4889-b220-2bfa36c98c19/current/log_inprogress_0
2019-11-14 13:45:28,024 [main] INFO  ozone.MiniOzoneClusterImpl (MiniOzoneClusterImpl.java:lambda$waitForClusterToBeReady$2(163)) - Waiting for 1 number of pipelines out of 4, to report a leader.
2019-11-14 13:45:29,024 [main] INFO  ozone.MiniOzoneClusterImpl (MiniOzoneClusterImpl.java:lambda$waitForClusterToBeReady$2(163)) - Waiting for 1 number of pipelines out of 4, to report a leader.
2019-11-14 13:45:30,025 [main] INFO  ozone.MiniOzoneClusterImpl (MiniOzoneClusterImpl.java:lambda$waitForClusterToBeReady$2(163)) - Waiting for 1 number of pipelines out of 4, to report a leader.
2019-11-14 13:45:31,026 [main] INFO  ozone.MiniOzoneClusterImpl (MiniOzoneClusterImpl.java:lambda$waitForClusterToBeReady$2(163)) - Waiting for 1 number of pipelines out of 4, to report a leader.
2019-11-14 13:45:32,026 [main] INFO  ozone.MiniOzoneClusterImpl (MiniOzoneClusterImpl.java:lambda$waitForClusterToBeReady$2(163)) - Waiting for 1 number of pipelines out of 4, to report a leader.
2019-11-14 13:45:32,598 [Thread-233] INFO  impl.FollowerState (FollowerState.java:run(111)) - af1c79e4-3d23-48bd-b14c-0e82a476e394@group-84E6A096DD2E-FollowerState: change to CANDIDATE, lastRpcTime:5128ms, electionTimeout:5127ms
2019-11-14 13:45:32,598 [Thread-233] INFO  impl.RoleInfo (RoleInfo.java:shutdownFollowerState(121)) - af1c79e4-3d23-48bd-b14c-0e82a476e394: shutdown FollowerState
2019-11-14 13:45:32,599 [Thread-233] INFO  impl.RaftServerImpl (RaftServerImpl.java:setRole(173)) - af1c79e4-3d23-48bd-b14c-0e82a476e394@group-84E6A096DD2E: changes role from  FOLLOWER to CANDIDATE at term 1 for changeToCandidate
2019-11-14 13:45:32,599 [Thread-233] INFO  impl.RoleInfo (RoleInfo.java:updateAndGet(143)) - af1c79e4-3d23-48bd-b14c-0e82a476e394: start LeaderElection
2019-11-14 13:45:32,613 [Thread-235] INFO  impl.FollowerState (FollowerState.java:run(111)) - bfde180a-cbea-4c85-9ba8-0c8be2b11c81@group-84E6A096DD2E-FollowerState: change to CANDIDATE, lastRpcTime:5143ms, electionTimeout:5142ms
2019-11-14 13:45:32,613 [Thread-235] INFO  impl.RoleInfo (RoleInfo.java:shutdownFollowerState(121)) - bfde180a-cbea-4c85-9ba8-0c8be2b11c81: shutdown FollowerState
2019-11-14 13:45:32,614 [Thread-235] INFO  impl.RaftServerImpl (RaftServerImpl.java:setRole(173)) - bfde180a-cbea-4c85-9ba8-0c8be2b11c81@group-84E6A096DD2E: changes role from  FOLLOWER to CANDIDATE at term 1 for changeToCandidate
2019-11-14 13:45:32,614 [Thread-235] INFO  impl.RoleInfo (RoleInfo.java:updateAndGet(143)) - bfde180a-cbea-4c85-9ba8-0c8be2b11c81: start LeaderElection
2019-11-14 13:45:32,614 [af1c79e4-3d23-48bd-b14c-0e82a476e394@group-84E6A096DD2E-LeaderElection7] INFO  impl.LeaderElection (LeaderElection.java:askForVotes(178)) - af1c79e4-3d23-48bd-b14c-0e82a476e394@group-84E6A096DD2E-LeaderElection7: begin an election at term 2 for -1: [75c40d31-072e-4316-95b1-c49fef33c450:192.168.34.21:42275, af1c79e4-3d23-48bd-b14c-0e82a476e394:192.168.34.21:46601, bfde180a-cbea-4c85-9ba8-0c8be2b11c81:192.168.34.21:40757], old=null
2019-11-14 13:45:32,625 [grpc-default-executor-0] INFO  impl.RaftServerImpl (RaftServerImpl.java:setRole(173)) - 75c40d31-072e-4316-95b1-c49fef33c450@group-84E6A096DD2E: changes role from  FOLLOWER to FOLLOWER at term 2 for recognizeCandidate:af1c79e4-3d23-48bd-b14c-0e82a476e394
2019-11-14 13:45:32,625 [grpc-default-executor-0] INFO  impl.RoleInfo (RoleInfo.java:shutdownFollowerState(121)) - 75c40d31-072e-4316-95b1-c49fef33c450: shutdown FollowerState
2019-11-14 13:45:32,626 [Thread-234] INFO  impl.FollowerState (FollowerState.java:run(120)) - 75c40d31-072e-4316-95b1-c49fef33c450@group-84E6A096DD2E-FollowerState was interrupted: java.lang.InterruptedException: sleep interrupted
2019-11-14 13:45:32,626 [grpc-default-executor-0] INFO  impl.RoleInfo (RoleInfo.java:updateAndGet(143)) - 75c40d31-072e-4316-95b1-c49fef33c450: start FollowerState
2019-11-14 13:45:32,629 [bfde180a-cbea-4c85-9ba8-0c8be2b11c81@group-84E6A096DD2E-LeaderElection8] INFO  impl.LeaderElection (LeaderElection.java:askForVotes(178)) - bfde180a-cbea-4c85-9ba8-0c8be2b11c81@group-84E6A096DD2E-LeaderElection8: begin an election at term 2 for -1: [75c40d31-072e-4316-95b1-c49fef33c450:192.168.34.21:42275, af1c79e4-3d23-48bd-b14c-0e82a476e394:192.168.34.21:46601, bfde180a-cbea-4c85-9ba8-0c8be2b11c81:192.168.34.21:40757], old=null
2019-11-14 13:45:32,645 [bfde180a-cbea-4c85-9ba8-0c8be2b11c81@group-84E6A096DD2E-LeaderElection8] INFO  impl.LeaderElection (LeaderElection.java:logAndReturn(56)) - bfde180a-cbea-4c85-9ba8-0c8be2b11c81@group-84E6A096DD2E-LeaderElection8: Election REJECTED; received 2 response(s) [bfde180a-cbea-4c85-9ba8-0c8be2b11c81<-75c40d31-072e-4316-95b1-c49fef33c450#0:FAIL-t2, bfde180a-cbea-4c85-9ba8-0c8be2b11c81<-af1c79e4-3d23-48bd-b14c-0e82a476e394#0:FAIL-t2] and 0 exception(s); bfde180a-cbea-4c85-9ba8-0c8be2b11c81@group-84E6A096DD2E:t2, leader=null, voted=bfde180a-cbea-4c85-9ba8-0c8be2b11c81, raftlog=bfde180a-cbea-4c85-9ba8-0c8be2b11c81@group-84E6A096DD2E-SegmentedRaftLog:OPENED:c-1,f-1,i0, conf=-1: [75c40d31-072e-4316-95b1-c49fef33c450:192.168.34.21:42275, af1c79e4-3d23-48bd-b14c-0e82a476e394:192.168.34.21:46601, bfde180a-cbea-4c85-9ba8-0c8be2b11c81:192.168.34.21:40757], old=null
2019-11-14 13:45:32,646 [bfde180a-cbea-4c85-9ba8-0c8be2b11c81@group-84E6A096DD2E-LeaderElection8] INFO  impl.RaftServerImpl (RaftServerImpl.java:setRole(173)) - bfde180a-cbea-4c85-9ba8-0c8be2b11c81@group-84E6A096DD2E: changes role from CANDIDATE to FOLLOWER at term 2 for DISCOVERED_A_NEW_TERM
2019-11-14 13:45:32,646 [af1c79e4-3d23-48bd-b14c-0e82a476e394@group-84E6A096DD2E-LeaderElection7] INFO  impl.LeaderElection (LeaderElection.java:logAndReturn(56)) - af1c79e4-3d23-48bd-b14c-0e82a476e394@group-84E6A096DD2E-LeaderElection7: Election PASSED; received 2 response(s) [af1c79e4-3d23-48bd-b14c-0e82a476e394<-75c40d31-072e-4316-95b1-c49fef33c450#0:OK-t2, af1c79e4-3d23-48bd-b14c-0e82a476e394<-bfde180a-cbea-4c85-9ba8-0c8be2b11c81#0:FAIL-t2] and 0 exception(s); af1c79e4-3d23-48bd-b14c-0e82a476e394@group-84E6A096DD2E:t2, leader=null, voted=af1c79e4-3d23-48bd-b14c-0e82a476e394, raftlog=af1c79e4-3d23-48bd-b14c-0e82a476e394@group-84E6A096DD2E-SegmentedRaftLog:OPENED:c-1,f-1,i0, conf=-1: [75c40d31-072e-4316-95b1-c49fef33c450:192.168.34.21:42275, af1c79e4-3d23-48bd-b14c-0e82a476e394:192.168.34.21:46601, bfde180a-cbea-4c85-9ba8-0c8be2b11c81:192.168.34.21:40757], old=null
2019-11-14 13:45:32,649 [bfde180a-cbea-4c85-9ba8-0c8be2b11c81@group-84E6A096DD2E-LeaderElection8] INFO  impl.RoleInfo (RoleInfo.java:shutdownLeaderElection(134)) - bfde180a-cbea-4c85-9ba8-0c8be2b11c81: shutdown LeaderElection
2019-11-14 13:45:32,650 [af1c79e4-3d23-48bd-b14c-0e82a476e394@group-84E6A096DD2E-LeaderElection7] INFO  impl.RoleInfo (RoleInfo.java:shutdownLeaderElection(134)) - af1c79e4-3d23-48bd-b14c-0e82a476e394: shutdown LeaderElection
2019-11-14 13:45:32,651 [af1c79e4-3d23-48bd-b14c-0e82a476e394@group-84E6A096DD2E-LeaderElection7] INFO  impl.RaftServerImpl (RaftServerImpl.java:setRole(173)) - af1c79e4-3d23-48bd-b14c-0e82a476e394@group-84E6A096DD2E: changes role from CANDIDATE to LEADER at term 2 for changeToLeader
2019-11-14 13:45:32,651 [bfde180a-cbea-4c85-9ba8-0c8be2b11c81@group-84E6A096DD2E-LeaderElection8] INFO  impl.RoleInfo (RoleInfo.java:updateAndGet(143)) - bfde180a-cbea-4c85-9ba8-0c8be2b11c81: start FollowerState
2019-11-14 13:45:32,651 [af1c79e4-3d23-48bd-b14c-0e82a476e394@group-84E6A096DD2E-LeaderElection7] INFO  ratis.XceiverServerRatis (XceiverServerRatis.java:handleLeaderChangedNotification(697)) - Leader change notification received for group: group-84E6A096DD2E with new leaderId: af1c79e4-3d23-48bd-b14c-0e82a476e394
2019-11-14 13:45:32,652 [af1c79e4-3d23-48bd-b14c-0e82a476e394@group-84E6A096DD2E-LeaderElection7] INFO  impl.RaftServerImpl (ServerState.java:setLeader(255)) - af1c79e4-3d23-48bd-b14c-0e82a476e394@group-84E6A096DD2E: change Leader from null to af1c79e4-3d23-48bd-b14c-0e82a476e394 at term 2 for becomeLeader, leader elected after 10386ms
2019-11-14 13:45:32,652 [af1c79e4-3d23-48bd-b14c-0e82a476e394@group-84E6A096DD2E-LeaderElection7] INFO  server.RaftServerConfigKeys (ConfUtils.java:logGet(43)) - raft.server.staging.catchup.gap = 1000 (default)
2019-11-14 13:45:32,652 [af1c79e4-3d23-48bd-b14c-0e82a476e394@group-84E6A096DD2E-LeaderElection7] INFO  server.RaftServerConfigKeys (ConfUtils.java:logGet(43)) - raft.server.rpc.sleep.time = 25ms (default)
2019-11-14 13:45:32,652 [af1c79e4-3d23-48bd-b14c-0e82a476e394@group-84E6A096DD2E-LeaderElection7] INFO  server.RaftServerConfigKeys (ConfUtils.java:logGet(43)) - raft.server.write.element-limit = 4096 (default)
2019-11-14 13:45:32,653 [af1c79e4-3d23-48bd-b14c-0e82a476e394@group-84E6A096DD2E-LeaderElection7] INFO  server.RaftServerConfigKeys (ConfUtils.java:logGet(43)) - raft.server.watch.timeout = 10s (default)
2019-11-14 13:45:32,653 [af1c79e4-3d23-48bd-b14c-0e82a476e394@group-84E6A096DD2E-LeaderElection7] INFO  server.RaftServerConfigKeys (ConfUtils.java:logGet(43)) - raft.server.watch.timeout.denomination = 1s (default)
2019-11-14 13:45:32,653 [af1c79e4-3d23-48bd-b14c-0e82a476e394@group-84E6A096DD2E-LeaderElection7] INFO  server.RaftServerConfigKeys (ConfUtils.java:logGet(43)) - raft.server.watch.element-limit = 65536 (default)
2019-11-14 13:45:32,654 [EventQueue-PipelineReportForPipelineReportHandler] INFO  pipeline.PipelineStateManager (PipelineStateManager.java:openPipeline(134)) - Pipeline Pipeline[ Id: 3ad8c3a1-ca3c-4415-a48a-84e6a096dd2e, Nodes: 75c40d31-072e-4316-95b1-c49fef33c450{ip: 192.168.34.21, host: pr-hdds-2481-nxhrh-893604966, networkLocation: /default-rack, certSerialId: null}bfde180a-cbea-4c85-9ba8-0c8be2b11c81{ip: 192.168.34.21, host: pr-hdds-2481-nxhrh-893604966, networkLocation: /default-rack, certSerialId: null}af1c79e4-3d23-48bd-b14c-0e82a476e394{ip: 192.168.34.21, host: pr-hdds-2481-nxhrh-893604966, networkLocation: /default-rack, certSerialId: null}, Type:RATIS, Factor:THREE, State:OPEN] moved to OPEN state
2019-11-14 13:45:32,657 [af1c79e4-3d23-48bd-b14c-0e82a476e394@group-84E6A096DD2E-LeaderElection7] INFO  server.RaftServerConfigKeys (ConfUtils.java:logGet(43)) - raft.server.log.appender.snapshot.chunk.size.max = 16MB (=16777216) (default)
2019-11-14 13:45:32,657 [af1c79e4-3d23-48bd-b14c-0e82a476e394@group-84E6A096DD2E-LeaderElection7] INFO  server.RaftServerConfigKeys (ConfUtils.java:logGet(43)) - raft.server.log.appender.buffer.byte-limit = 33554432 (custom)
2019-11-14 13:45:32,658 [af1c79e4-3d23-48bd-b14c-0e82a476e394@group-84E6A096DD2E-LeaderElection7] INFO  server.RaftServerConfigKeys (ConfUtils.java:logGet(43)) - raft.server.log.appender.buffer.element-limit = 1 (custom)
2019-11-14 13:45:32,662 [af1c79e4-3d23-48bd-b14c-0e82a476e394@group-84E6A096DD2E-LeaderElection7] INFO  grpc.GrpcConfigKeys$Server (ConfUtils.java:logGet(43)) - raft.grpc.server.leader.outstanding.appends.max = 128 (default)
2019-11-14 13:45:32,664 [af1c79e4-3d23-48bd-b14c-0e82a476e394@group-84E6A096DD2E-LeaderElection7] INFO  server.RaftServerConfigKeys (ConfUtils.java:logGet(43)) - raft.server.rpc.request.timeout = 3000ms (default)
2019-11-14 13:45:32,664 [af1c79e4-3d23-48bd-b14c-0e82a476e394@group-84E6A096DD2E-LeaderElection7] INFO  server.RaftServerConfigKeys (ConfUtils.java:logGet(43)) - raft.server.log.appender.install.snapshot.enabled = false (custom)
2019-11-14 13:45:32,666 [af1c79e4-3d23-48bd-b14c-0e82a476e394@group-84E6A096DD2E-LeaderElection7] WARN  impl.MetricRegistriesImpl (MetricRegistriesImpl.java:lambda$create$1(61)) - First MetricRegistry has been created without registering reporters. You may need to call MetricRegistries.global().addReportRegistration(...) before.
2019-11-14 13:45:32,667 [af1c79e4-3d23-48bd-b14c-0e82a476e394@group-84E6A096DD2E-LeaderElection7] INFO  server.RaftServerConfigKeys (ConfUtils.java:logGet(43)) - raft.server.log.appender.snapshot.chunk.size.max = 16MB (=16777216) (default)
2019-11-14 13:45:32,667 [af1c79e4-3d23-48bd-b14c-0e82a476e394@group-84E6A096DD2E-LeaderElection7] INFO  server.RaftServerConfigKeys (ConfUtils.java:logGet(43)) - raft.server.log.appender.buffer.byte-limit = 33554432 (custom)
2019-11-14 13:45:32,667 [af1c79e4-3d23-48bd-b14c-0e82a476e394@group-84E6A096DD2E-LeaderElection7] INFO  server.RaftServerConfigKeys (ConfUtils.java:logGet(43)) - raft.server.log.appender.buffer.element-limit = 1 (custom)
2019-11-14 13:45:32,667 [af1c79e4-3d23-48bd-b14c-0e82a476e394@group-84E6A096DD2E-LeaderElection7] INFO  grpc.GrpcConfigKeys$Server (ConfUtils.java:logGet(43)) - raft.grpc.server.leader.outstanding.appends.max = 128 (default)
2019-11-14 13:45:32,668 [af1c79e4-3d23-48bd-b14c-0e82a476e394@group-84E6A096DD2E-LeaderElection7] INFO  server.RaftServerConfigKeys (ConfUtils.java:logGet(43)) - raft.server.rpc.request.timeout = 3000ms (default)
2019-11-14 13:45:32,668 [af1c79e4-3d23-48bd-b14c-0e82a476e394@group-84E6A096DD2E-LeaderElection7] INFO  server.RaftServerConfigKeys (ConfUtils.java:logGet(43)) - raft.server.log.appender.install.snapshot.enabled = false (custom)
2019-11-14 13:45:32,671 [af1c79e4-3d23-48bd-b14c-0e82a476e394@group-84E6A096DD2E-LeaderElection7] INFO  impl.RoleInfo (RoleInfo.java:updateAndGet(143)) - af1c79e4-3d23-48bd-b14c-0e82a476e394: start LeaderState
2019-11-14 13:45:32,672 [af1c79e4-3d23-48bd-b14c-0e82a476e394@group-84E6A096DD2E-LeaderElection7] INFO  segmented.SegmentedRaftLogWorker (SegmentedRaftLogWorker.java:startLogSegment(385)) - af1c79e4-3d23-48bd-b14c-0e82a476e394@group-84E6A096DD2E-SegmentedRaftLogWorker: Starting segment from index:0
2019-11-14 13:45:32,673 [af1c79e4-3d23-48bd-b14c-0e82a476e394@group-84E6A096DD2E-LeaderElection7] INFO  impl.RaftServerImpl (ServerState.java:setRaftConf(356)) - af1c79e4-3d23-48bd-b14c-0e82a476e394@group-84E6A096DD2E: set configuration 0: [75c40d31-072e-4316-95b1-c49fef33c450:192.168.34.21:42275, af1c79e4-3d23-48bd-b14c-0e82a476e394:192.168.34.21:46601, bfde180a-cbea-4c85-9ba8-0c8be2b11c81:192.168.34.21:40757], old=null at 0
2019-11-14 13:45:32,729 [grpc-default-executor-3] INFO  ratis.XceiverServerRatis (XceiverServerRatis.java:handleLeaderChangedNotification(697)) - Leader change notification received for group: group-84E6A096DD2E with new leaderId: af1c79e4-3d23-48bd-b14c-0e82a476e394
2019-11-14 13:45:32,730 [grpc-default-executor-3] INFO  impl.RaftServerImpl (ServerState.java:setLeader(255)) - 75c40d31-072e-4316-95b1-c49fef33c450@group-84E6A096DD2E: change Leader from null to af1c79e4-3d23-48bd-b14c-0e82a476e394 at term 2 for appendEntries, leader elected after 10464ms
2019-11-14 13:45:32,730 [grpc-default-executor-0] INFO  ratis.XceiverServerRatis (XceiverServerRatis.java:handleLeaderChangedNotification(697)) - Leader change notification received for group: group-84E6A096DD2E with new leaderId: af1c79e4-3d23-48bd-b14c-0e82a476e394
2019-11-14 13:45:32,730 [grpc-default-executor-0] INFO  impl.RaftServerImpl (ServerState.java:setLeader(255)) - bfde180a-cbea-4c85-9ba8-0c8be2b11c81@group-84E6A096DD2E: change Leader from null to af1c79e4-3d23-48bd-b14c-0e82a476e394 at term 2 for appendEntries, leader elected after 10465ms
2019-11-14 13:45:32,735 [af1c79e4-3d23-48bd-b14c-0e82a476e394@group-84E6A096DD2E-SegmentedRaftLogWorker] INFO  segmented.SegmentedRaftLogWorker (SegmentedRaftLogWorker.java:execute(576)) - af1c79e4-3d23-48bd-b14c-0e82a476e394@group-84E6A096DD2E-SegmentedRaftLogWorker: created new log segment /workdir/hadoop-ozone/tools/target/test-dir/MiniOzoneClusterImpl-1db13fd8-7b5c-4c28-b07c-c36c47cddec3/datanode-2/data/ratis/3ad8c3a1-ca3c-4415-a48a-84e6a096dd2e/current/log_inprogress_0
2019-11-14 13:45:32,757 [grpc-default-executor-3] INFO  impl.RaftServerImpl (ServerState.java:setRaftConf(356)) - 75c40d31-072e-4316-95b1-c49fef33c450@group-84E6A096DD2E: set configuration 0: [75c40d31-072e-4316-95b1-c49fef33c450:192.168.34.21:42275, af1c79e4-3d23-48bd-b14c-0e82a476e394:192.168.34.21:46601, bfde180a-cbea-4c85-9ba8-0c8be2b11c81:192.168.34.21:40757], old=null at 0
2019-11-14 13:45:32,757 [grpc-default-executor-0] INFO  impl.RaftServerImpl (ServerState.java:setRaftConf(356)) - bfde180a-cbea-4c85-9ba8-0c8be2b11c81@group-84E6A096DD2E: set configuration 0: [75c40d31-072e-4316-95b1-c49fef33c450:192.168.34.21:42275, af1c79e4-3d23-48bd-b14c-0e82a476e394:192.168.34.21:46601, bfde180a-cbea-4c85-9ba8-0c8be2b11c81:192.168.34.21:40757], old=null at 0
2019-11-14 13:45:32,757 [grpc-default-executor-3] INFO  segmented.SegmentedRaftLogWorker (SegmentedRaftLogWorker.java:startLogSegment(385)) - 75c40d31-072e-4316-95b1-c49fef33c450@group-84E6A096DD2E-SegmentedRaftLogWorker: Starting segment from index:0
2019-11-14 13:45:32,758 [grpc-default-executor-0] INFO  segmented.SegmentedRaftLogWorker (SegmentedRaftLogWorker.java:startLogSegment(385)) - bfde180a-cbea-4c85-9ba8-0c8be2b11c81@group-84E6A096DD2E-SegmentedRaftLogWorker: Starting segment from index:0
2019-11-14 13:45:32,804 [bfde180a-cbea-4c85-9ba8-0c8be2b11c81@group-84E6A096DD2E-SegmentedRaftLogWorker] INFO  segmented.SegmentedRaftLogWorker (SegmentedRaftLogWorker.java:execute(576)) - bfde180a-cbea-4c85-9ba8-0c8be2b11c81@group-84E6A096DD2E-SegmentedRaftLogWorker: created new log segment /workdir/hadoop-ozone/tools/target/test-dir/MiniOzoneClusterImpl-1db13fd8-7b5c-4c28-b07c-c36c47cddec3/datanode-0/data/ratis/3ad8c3a1-ca3c-4415-a48a-84e6a096dd2e/current/log_inprogress_0
2019-11-14 13:45:32,804 [75c40d31-072e-4316-95b1-c49fef33c450@group-84E6A096DD2E-SegmentedRaftLogWorker] INFO  segmented.SegmentedRaftLogWorker (SegmentedRaftLogWorker.java:execute(576)) - 75c40d31-072e-4316-95b1-c49fef33c450@group-84E6A096DD2E-SegmentedRaftLogWorker: created new log segment /workdir/hadoop-ozone/tools/target/test-dir/MiniOzoneClusterImpl-1db13fd8-7b5c-4c28-b07c-c36c47cddec3/datanode-1/data/ratis/3ad8c3a1-ca3c-4415-a48a-84e6a096dd2e/current/log_inprogress_0
2019-11-14 13:45:33,027 [main] INFO  ozone.MiniOzoneClusterImpl (MiniOzoneClusterImpl.java:lambda$waitForClusterToBeReady$2(171)) - Cluster is ready. Got 3 of 3 DN Heartbeats.
2019-11-14 13:45:33,844 [main] INFO  freon.RandomKeyGenerator (RandomKeyGenerator.java:call(283)) - Number of Threads: 10
2019-11-14 13:45:33,845 [main] INFO  freon.RandomKeyGenerator (RandomKeyGenerator.java:call(288)) - Number of Volumes: 1.
2019-11-14 13:45:33,845 [main] INFO  freon.RandomKeyGenerator (RandomKeyGenerator.java:call(289)) - Number of Buckets per Volume: 1.
2019-11-14 13:45:33,845 [main] INFO  freon.RandomKeyGenerator (RandomKeyGenerator.java:call(290)) - Number of Keys per Bucket: 1.
2019-11-14 13:45:33,845 [main] INFO  freon.RandomKeyGenerator (RandomKeyGenerator.java:call(291)) - Key size: 20971520 bytes
2019-11-14 13:45:33,845 [main] INFO  freon.RandomKeyGenerator (RandomKeyGenerator.java:call(292)) - Buffer size: 4096 bytes
2019-11-14 13:45:33,846 [main] INFO  freon.RandomKeyGenerator (RandomKeyGenerator.java:call(293)) - validateWrites : true
2019-11-14 13:45:33,850 [main] INFO  freon.RandomKeyGenerator (RandomKeyGenerator.java:call(307)) - Data validation is enabled.
2019-11-14 13:45:33,852 [main] INFO  freon.RandomKeyGenerator (RandomKeyGenerator.java:call(313)) - Starting progress bar Thread.

 0.00% |?                                                                                                    |  0/1 Time: 0:00:002019-11-14 13:45:33,870 [pool-53-thread-2] INFO  rpc.RpcClient (RpcClient.java:createVolume(292)) - Creating Volume: vol-0-28411, with jenkins1000 as owner.
2019-11-14 13:45:33,922 [IPC Server handler 1 on 42933] INFO  volume.OMVolumeCreateRequest (OMVolumeCreateRequest.java:validateAndUpdateCache(193)) - created volume:vol-0-28411 for user:jenkins1000
2019-11-14 13:45:33,983 [pool-53-thread-1] INFO  rpc.RpcClient (RpcClient.java:createBucket(431)) - Creating Bucket: vol-0-28411/bucket-0-69516, with Versioning false and Storage Type set to DISK and Encryption set to false 
2019-11-14 13:45:34,149 [pool-53-thread-3] INFO  impl.MetricsSystemImpl (MetricsSystemImpl.java:init(158)) - XceiverClientMetrics metrics system started (again)
 0.00% |?                                                                                                    |  0/1 Time: 0:00:01 0.00% |?                                                                                                    |  0/1 Time: 0:00:02 100.00% |?????????????????????????????????????????????????????????????????????????????????????????????????????|  1/1 Time: 0:00:03
2019-11-14 13:45:41,428 [main] INFO  pipeline.SCMPipelineManager (SCMPipelineManager.java:finalizeAndDestroyPipeline(315)) - destroying pipeline:Pipeline[ Id: 3ad8c3a1-ca3c-4415-a48a-84e6a096dd2e, Nodes: 75c40d31-072e-4316-95b1-c49fef33c450{ip: 192.168.34.21, host: pr-hdds-2481-nxhrh-893604966, networkLocation: /default-rack, certSerialId: null}bfde180a-cbea-4c85-9ba8-0c8be2b11c81{ip: 192.168.34.21, host: pr-hdds-2481-nxhrh-893604966, networkLocation: /default-rack, certSerialId: null}af1c79e4-3d23-48bd-b14c-0e82a476e394{ip: 192.168.34.21, host: pr-hdds-2481-nxhrh-893604966, networkLocation: /default-rack, certSerialId: null}, Type:RATIS, Factor:THREE, State:OPEN]
2019-11-14 13:45:41,429 [main] INFO  pipeline.PipelineStateManager (PipelineStateManager.java:finalizePipeline(121)) - Pipeline Pipeline[ Id: 3ad8c3a1-ca3c-4415-a48a-84e6a096dd2e, Nodes: 75c40d31-072e-4316-95b1-c49fef33c450{ip: 192.168.34.21, host: pr-hdds-2481-nxhrh-893604966, networkLocation: /default-rack, certSerialId: null}bfde180a-cbea-4c85-9ba8-0c8be2b11c81{ip: 192.168.34.21, host: pr-hdds-2481-nxhrh-893604966, networkLocation: /default-rack, certSerialId: null}af1c79e4-3d23-48bd-b14c-0e82a476e394{ip: 192.168.34.21, host: pr-hdds-2481-nxhrh-893604966, networkLocation: /default-rack, certSerialId: null}, Type:RATIS, Factor:THREE, State:CLOSED] moved to CLOSED state
2019-11-14 13:45:41,430 [EventQueue-CloseContainerForCloseContainerEventHandler] INFO  container.CloseContainerEventHandler (CloseContainerEventHandler.java:onMessage(61)) - Close container Event triggered for container : #1
2019-11-14 13:45:41,437 [EventQueue-CloseContainerForCloseContainerEventHandler] INFO  container.CloseContainerEventHandler (CloseContainerEventHandler.java:onMessage(61)) - Close container Event triggered for container : #2
2019-11-14 13:45:41,437 [EventQueue-CloseContainerForCloseContainerEventHandler] INFO  container.CloseContainerEventHandler (CloseContainerEventHandler.java:onMessage(61)) - Close container Event triggered for container : #3
2019-11-14 13:45:41,440 [grpc-default-executor-0] INFO  impl.RaftServerProxy (RaftServerProxy.java:remove(95)) - 75c40d31-072e-4316-95b1-c49fef33c450: remove  FOLLOWER 75c40d31-072e-4316-95b1-c49fef33c450@group-84E6A096DD2E:t2, leader=af1c79e4-3d23-48bd-b14c-0e82a476e394, voted=af1c79e4-3d23-48bd-b14c-0e82a476e394, raftlog=75c40d31-072e-4316-95b1-c49fef33c450@group-84E6A096DD2E-SegmentedRaftLog:OPENED:c76,f76,i76, conf=0: [75c40d31-072e-4316-95b1-c49fef33c450:192.168.34.21:42275, af1c79e4-3d23-48bd-b14c-0e82a476e394:192.168.34.21:46601, bfde180a-cbea-4c85-9ba8-0c8be2b11c81:192.168.34.21:40757], old=null RUNNING
2019-11-14 13:45:41,442 [grpc-default-executor-0] INFO  impl.RaftServerImpl (RaftServerImpl.java:lambda$shutdown$3(250)) - 75c40d31-072e-4316-95b1-c49fef33c450@group-84E6A096DD2E: shutdown
2019-11-14 13:45:41,442 [grpc-default-executor-0] INFO  util.JmxRegister (JmxRegister.java:unregister(73)) - Successfully un-registered JMX Bean with object name Ratis:service=RaftServer,group=group-84E6A096DD2E,id=75c40d31-072e-4316-95b1-c49fef33c450
2019-11-14 13:45:41,442 [grpc-default-executor-0] INFO  impl.RoleInfo (RoleInfo.java:shutdownFollowerState(121)) - 75c40d31-072e-4316-95b1-c49fef33c450: shutdown FollowerState
2019-11-14 13:45:41,442 [grpc-default-executor-0] INFO  impl.StateMachineUpdater (StateMachineUpdater.java:stopAndJoin(136)) - 75c40d31-072e-4316-95b1-c49fef33c450@group-84E6A096DD2E-StateMachineUpdater: set stopIndex = 76
2019-11-14 13:45:41,442 [Thread-244] INFO  impl.FollowerState (FollowerState.java:run(120)) - 75c40d31-072e-4316-95b1-c49fef33c450@group-84E6A096DD2E-FollowerState was interrupted: java.lang.InterruptedException: sleep interrupted
2019-11-14 13:45:41,443 [75c40d31-072e-4316-95b1-c49fef33c450@group-84E6A096DD2E-StateMachineUpdater] INFO  ratis.ContainerStateMachine (ContainerStateMachine.java:takeSnapshot(285)) - group-84E6A096DD2E: Taking a snapshot at:(t:2, i:74) file /workdir/hadoop-ozone/tools/target/test-dir/MiniOzoneClusterImpl-1db13fd8-7b5c-4c28-b07c-c36c47cddec3/datanode-1/data/ratis/3ad8c3a1-ca3c-4415-a48a-84e6a096dd2e/sm/snapshot.2_74
2019-11-14 13:45:41,478 [75c40d31-072e-4316-95b1-c49fef33c450@group-84E6A096DD2E-StateMachineUpdater] INFO  ratis.ContainerStateMachine (ContainerStateMachine.java:takeSnapshot(296)) - group-84E6A096DD2E: Finished taking a snapshot at:(t:2, i:74) file:/workdir/hadoop-ozone/tools/target/test-dir/MiniOzoneClusterImpl-1db13fd8-7b5c-4c28-b07c-c36c47cddec3/datanode-1/data/ratis/3ad8c3a1-ca3c-4415-a48a-84e6a096dd2e/sm/snapshot.2_74 time:35
2019-11-14 13:45:41,480 [75c40d31-072e-4316-95b1-c49fef33c450@group-84E6A096DD2E-StateMachineUpdater] INFO  impl.StateMachineUpdater (StateMachineUpdater.java:takeSnapshot(269)) - 75c40d31-072e-4316-95b1-c49fef33c450@group-84E6A096DD2E-StateMachineUpdater: Took a snapshot at index 74
2019-11-14 13:45:41,481 [75c40d31-072e-4316-95b1-c49fef33c450@group-84E6A096DD2E-StateMachineUpdater] INFO  impl.StateMachineUpdater (StateMachineUpdater.java:lambda$new$0(84)) - 75c40d31-072e-4316-95b1-c49fef33c450@group-84E6A096DD2E-StateMachineUpdater: snapshotIndex: updateIncreasingly -1 -> 74
2019-11-14 13:45:41,486 [75c40d31-072e-4316-95b1-c49fef33c450@group-84E6A096DD2E-StateMachineUpdater] INFO  ratis.ContainerStateMachine (ContainerStateMachine.java:takeSnapshot(285)) - group-84E6A096DD2E: Taking a snapshot at:(t:2, i:74) file /workdir/hadoop-ozone/tools/target/test-dir/MiniOzoneClusterImpl-1db13fd8-7b5c-4c28-b07c-c36c47cddec3/datanode-1/data/ratis/3ad8c3a1-ca3c-4415-a48a-84e6a096dd2e/sm/snapshot.2_74
2019-11-14 13:45:41,498 [75c40d31-072e-4316-95b1-c49fef33c450@group-84E6A096DD2E-StateMachineUpdater] INFO  ratis.ContainerStateMachine (ContainerStateMachine.java:takeSnapshot(296)) - group-84E6A096DD2E: Finished taking a snapshot at:(t:2, i:74) file:/workdir/hadoop-ozone/tools/target/test-dir/MiniOzoneClusterImpl-1db13fd8-7b5c-4c28-b07c-c36c47cddec3/datanode-1/data/ratis/3ad8c3a1-ca3c-4415-a48a-84e6a096dd2e/sm/snapshot.2_74 time:12
2019-11-14 13:45:41,498 [75c40d31-072e-4316-95b1-c49fef33c450@group-84E6A096DD2E-StateMachineUpdater] INFO  impl.StateMachineUpdater (StateMachineUpdater.java:takeSnapshot(269)) - 75c40d31-072e-4316-95b1-c49fef33c450@group-84E6A096DD2E-StateMachineUpdater: Took a snapshot at index 74
2019-11-14 13:45:41,498 [75c40d31-072e-4316-95b1-c49fef33c450@group-84E6A096DD2E-StateMachineUpdater] INFO  impl.StateMachineUpdater (StateMachineUpdater.java:lambda$new$0(84)) - 75c40d31-072e-4316-95b1-c49fef33c450@group-84E6A096DD2E-StateMachineUpdater: snapshotIndex: updateIncreasingly 74 -> 74
2019-11-14 13:45:41,499 [grpc-default-executor-0] INFO  impl.RaftServerImpl (ServerState.java:close(387)) - 75c40d31-072e-4316-95b1-c49fef33c450@group-84E6A096DD2E: closes. applyIndex: 76
2019-11-14 13:45:41,499 [75c40d31-072e-4316-95b1-c49fef33c450@group-84E6A096DD2E-SegmentedRaftLogWorker] INFO  segmented.SegmentedRaftLogWorker (SegmentedRaftLogWorker.java:run(316)) - 75c40d31-072e-4316-95b1-c49fef33c450@group-84E6A096DD2E-SegmentedRaftLogWorker was interrupted, exiting. There are 0 tasks remaining in the queue.
2019-11-14 13:45:41,501 [grpc-default-executor-0] INFO  segmented.SegmentedRaftLogWorker (SegmentedRaftLogWorker.java:close(224)) - 75c40d31-072e-4316-95b1-c49fef33c450@group-84E6A096DD2E-SegmentedRaftLogWorker close()
2019-11-14 13:45:41,536 [grpc-default-executor-0] INFO  interfaces.Container (KeyValueContainer.java:flushAndSyncDB(400)) - Container 1 is synced with bcsId 58.
2019-11-14 13:45:41,536 [grpc-default-executor-0] INFO  interfaces.Container (KeyValueContainer.java:flushAndSyncDB(400)) - Container 1 is synced with bcsId 58.
2019-11-14 13:45:41,552 [EventQueue-IncrementalContainerReportForIncrementalContainerReportHandler] INFO  container.IncrementalContainerReportHandler (AbstractContainerReportHandler.java:updateContainerState(171)) - Moving container #1 to QUASI_CLOSED state, datanode 75c40d31-072e-4316-95b1-c49fef33c450{ip: 192.168.34.21, host: pr-hdds-2481-nxhrh-893604966, networkLocation: /default-rack, certSerialId: null} reported QUASI_CLOSED replica.
2019-11-14 13:45:41,569 [grpc-default-executor-0] INFO  interfaces.Container (KeyValueContainer.java:flushAndSyncDB(400)) - Container 2 is synced with bcsId 74.
2019-11-14 13:45:41,569 [grpc-default-executor-0] INFO  interfaces.Container (KeyValueContainer.java:flushAndSyncDB(400)) - Container 2 is synced with bcsId 74.
2019-11-14 13:45:41,584 [EventQueue-IncrementalContainerReportForIncrementalContainerReportHandler] INFO  container.IncrementalContainerReportHandler (AbstractContainerReportHandler.java:updateContainerState(171)) - Moving container #2 to QUASI_CLOSED state, datanode 75c40d31-072e-4316-95b1-c49fef33c450{ip: 192.168.34.21, host: pr-hdds-2481-nxhrh-893604966, networkLocation: /default-rack, certSerialId: null} reported QUASI_CLOSED replica.
2019-11-14 13:45:41,613 [grpc-default-executor-0] INFO  interfaces.Container (KeyValueContainer.java:flushAndSyncDB(400)) - Container 3 is synced with bcsId 41.
2019-11-14 13:45:41,613 [grpc-default-executor-0] INFO  interfaces.Container (KeyValueContainer.java:flushAndSyncDB(400)) - Container 3 is synced with bcsId 41.
2019-11-14 13:45:41,633 [EventQueue-IncrementalContainerReportForIncrementalContainerReportHandler] INFO  container.IncrementalContainerReportHandler (AbstractContainerReportHandler.java:updateContainerState(171)) - Moving container #3 to QUASI_CLOSED state, datanode 75c40d31-072e-4316-95b1-c49fef33c450{ip: 192.168.34.21, host: pr-hdds-2481-nxhrh-893604966, networkLocation: /default-rack, certSerialId: null} reported QUASI_CLOSED replica.
2019-11-14 13:45:41,642 [grpc-default-executor-0] INFO  impl.RaftServerProxy (RaftServerProxy.java:remove(95)) - bfde180a-cbea-4c85-9ba8-0c8be2b11c81: remove  FOLLOWER bfde180a-cbea-4c85-9ba8-0c8be2b11c81@group-84E6A096DD2E:t2, leader=af1c79e4-3d23-48bd-b14c-0e82a476e394, voted=bfde180a-cbea-4c85-9ba8-0c8be2b11c81, raftlog=bfde180a-cbea-4c85-9ba8-0c8be2b11c81@group-84E6A096DD2E-SegmentedRaftLog:OPENED:c76,f76,i76, conf=0: [75c40d31-072e-4316-95b1-c49fef33c450:192.168.34.21:42275, af1c79e4-3d23-48bd-b14c-0e82a476e394:192.168.34.21:46601, bfde180a-cbea-4c85-9ba8-0c8be2b11c81:192.168.34.21:40757], old=null RUNNING
2019-11-14 13:45:41,643 [grpc-default-executor-0] INFO  impl.RaftServerImpl (RaftServerImpl.java:lambda$shutdown$3(250)) - bfde180a-cbea-4c85-9ba8-0c8be2b11c81@group-84E6A096DD2E: shutdown
2019-11-14 13:45:41,643 [grpc-default-executor-0] INFO  util.JmxRegister (JmxRegister.java:unregister(73)) - Successfully un-registered JMX Bean with object name Ratis:service=RaftServer,group=group-84E6A096DD2E,id=bfde180a-cbea-4c85-9ba8-0c8be2b11c81
2019-11-14 13:45:41,644 [grpc-default-executor-0] INFO  impl.RoleInfo (RoleInfo.java:shutdownFollowerState(121)) - bfde180a-cbea-4c85-9ba8-0c8be2b11c81: shutdown FollowerState
2019-11-14 13:45:41,644 [Thread-247] INFO  impl.FollowerState (FollowerState.java:run(120)) - bfde180a-cbea-4c85-9ba8-0c8be2b11c81@group-84E6A096DD2E-FollowerState was interrupted: java.lang.InterruptedException: sleep interrupted
2019-11-14 13:45:41,646 [grpc-default-executor-0] INFO  impl.StateMachineUpdater (StateMachineUpdater.java:stopAndJoin(136)) - bfde180a-cbea-4c85-9ba8-0c8be2b11c81@group-84E6A096DD2E-StateMachineUpdater: set stopIndex = 76
2019-11-14 13:45:41,646 [bfde180a-cbea-4c85-9ba8-0c8be2b11c81@group-84E6A096DD2E-StateMachineUpdater] INFO  ratis.ContainerStateMachine (ContainerStateMachine.java:takeSnapshot(285)) - group-84E6A096DD2E: Taking a snapshot at:(t:2, i:74) file /workdir/hadoop-ozone/tools/target/test-dir/MiniOzoneClusterImpl-1db13fd8-7b5c-4c28-b07c-c36c47cddec3/datanode-0/data/ratis/3ad8c3a1-ca3c-4415-a48a-84e6a096dd2e/sm/snapshot.2_74
2019-11-14 13:45:41,660 [bfde180a-cbea-4c85-9ba8-0c8be2b11c81@group-84E6A096DD2E-StateMachineUpdater] INFO  ratis.ContainerStateMachine (ContainerStateMachine.java:takeSnapshot(296)) - group-84E6A096DD2E: Finished taking a snapshot at:(t:2, i:74) file:/workdir/hadoop-ozone/tools/target/test-dir/MiniOzoneClusterImpl-1db13fd8-7b5c-4c28-b07c-c36c47cddec3/datanode-0/data/ratis/3ad8c3a1-ca3c-4415-a48a-84e6a096dd2e/sm/snapshot.2_74 time:14
2019-11-14 13:45:41,661 [bfde180a-cbea-4c85-9ba8-0c8be2b11c81@group-84E6A096DD2E-StateMachineUpdater] INFO  impl.StateMachineUpdater (StateMachineUpdater.java:takeSnapshot(269)) - bfde180a-cbea-4c85-9ba8-0c8be2b11c81@group-84E6A096DD2E-StateMachineUpdater: Took a snapshot at index 74
2019-11-14 13:45:41,661 [bfde180a-cbea-4c85-9ba8-0c8be2b11c81@group-84E6A096DD2E-StateMachineUpdater] INFO  impl.StateMachineUpdater (StateMachineUpdater.java:lambda$new$0(84)) - bfde180a-cbea-4c85-9ba8-0c8be2b11c81@group-84E6A096DD2E-StateMachineUpdater: snapshotIndex: updateIncreasingly -1 -> 74
2019-11-14 13:45:41,662 [bfde180a-cbea-4c85-9ba8-0c8be2b11c81@group-84E6A096DD2E-StateMachineUpdater] INFO  ratis.ContainerStateMachine (ContainerStateMachine.java:takeSnapshot(285)) - group-84E6A096DD2E: Taking a snapshot at:(t:2, i:74) file /workdir/hadoop-ozone/tools/target/test-dir/MiniOzoneClusterImpl-1db13fd8-7b5c-4c28-b07c-c36c47cddec3/datanode-0/data/ratis/3ad8c3a1-ca3c-4415-a48a-84e6a096dd2e/sm/snapshot.2_74
2019-11-14 13:45:41,674 [bfde180a-cbea-4c85-9ba8-0c8be2b11c81@group-84E6A096DD2E-StateMachineUpdater] INFO  ratis.ContainerStateMachine (ContainerStateMachine.java:takeSnapshot(296)) - group-84E6A096DD2E: Finished taking a snapshot at:(t:2, i:74) file:/workdir/hadoop-ozone/tools/target/test-dir/MiniOzoneClusterImpl-1db13fd8-7b5c-4c28-b07c-c36c47cddec3/datanode-0/data/ratis/3ad8c3a1-ca3c-4415-a48a-84e6a096dd2e/sm/snapshot.2_74 time:13
2019-11-14 13:45:41,675 [bfde180a-cbea-4c85-9ba8-0c8be2b11c81@group-84E6A096DD2E-StateMachineUpdater] INFO  impl.StateMachineUpdater (StateMachineUpdater.java:takeSnapshot(269)) - bfde180a-cbea-4c85-9ba8-0c8be2b11c81@group-84E6A096DD2E-StateMachineUpdater: Took a snapshot at index 74
2019-11-14 13:45:41,675 [bfde180a-cbea-4c85-9ba8-0c8be2b11c81@group-84E6A096DD2E-StateMachineUpdater] INFO  impl.StateMachineUpdater (StateMachineUpdater.java:lambda$new$0(84)) - bfde180a-cbea-4c85-9ba8-0c8be2b11c81@group-84E6A096DD2E-StateMachineUpdater: snapshotIndex: updateIncreasingly 74 -> 74
2019-11-14 13:45:41,675 [grpc-default-executor-0] INFO  impl.RaftServerImpl (ServerState.java:close(387)) - bfde180a-cbea-4c85-9ba8-0c8be2b11c81@group-84E6A096DD2E: closes. applyIndex: 76
2019-11-14 13:45:41,676 [bfde180a-cbea-4c85-9ba8-0c8be2b11c81@group-84E6A096DD2E-SegmentedRaftLogWorker] INFO  segmented.SegmentedRaftLogWorker (SegmentedRaftLogWorker.java:run(316)) - bfde180a-cbea-4c85-9ba8-0c8be2b11c81@group-84E6A096DD2E-SegmentedRaftLogWorker was interrupted, exiting. There are 0 tasks remaining in the queue.
2019-11-14 13:45:41,677 [grpc-default-executor-0] INFO  segmented.SegmentedRaftLogWorker (SegmentedRaftLogWorker.java:close(224)) - bfde180a-cbea-4c85-9ba8-0c8be2b11c81@group-84E6A096DD2E-SegmentedRaftLogWorker close()
2019-11-14 13:45:41,695 [grpc-default-executor-0] INFO  interfaces.Container (KeyValueContainer.java:flushAndSyncDB(400)) - Container 1 is synced with bcsId 58.
2019-11-14 13:45:41,696 [grpc-default-executor-0] INFO  interfaces.Container (KeyValueContainer.java:flushAndSyncDB(400)) - Container 1 is synced with bcsId 58.
2019-11-14 13:45:41,767 [grpc-default-executor-0] INFO  interfaces.Container (KeyValueContainer.java:flushAndSyncDB(400)) - Container 2 is synced with bcsId 74.
2019-11-14 13:45:41,767 [grpc-default-executor-0] INFO  interfaces.Container (KeyValueContainer.java:flushAndSyncDB(400)) - Container 2 is synced with bcsId 74.
2019-11-14 13:45:41,814 [grpc-default-executor-0] INFO  interfaces.Container (KeyValueContainer.java:flushAndSyncDB(400)) - Container 3 is synced with bcsId 41.
2019-11-14 13:45:41,814 [grpc-default-executor-0] INFO  interfaces.Container (KeyValueContainer.java:flushAndSyncDB(400)) - Container 3 is synced with bcsId 41.
2019-11-14 13:45:41,838 [grpc-default-executor-0] INFO  impl.RaftServerProxy (RaftServerProxy.java:remove(95)) - af1c79e4-3d23-48bd-b14c-0e82a476e394: remove    LEADER af1c79e4-3d23-48bd-b14c-0e82a476e394@group-84E6A096DD2E:t2, leader=af1c79e4-3d23-48bd-b14c-0e82a476e394, voted=af1c79e4-3d23-48bd-b14c-0e82a476e394, raftlog=af1c79e4-3d23-48bd-b14c-0e82a476e394@group-84E6A096DD2E-SegmentedRaftLog:OPENED:c76,f76,i76, conf=0: [75c40d31-072e-4316-95b1-c49fef33c450:192.168.34.21:42275, af1c79e4-3d23-48bd-b14c-0e82a476e394:192.168.34.21:46601, bfde180a-cbea-4c85-9ba8-0c8be2b11c81:192.168.34.21:40757], old=null RUNNING
2019-11-14 13:45:41,839 [grpc-default-executor-0] INFO  impl.RaftServerImpl (RaftServerImpl.java:lambda$shutdown$3(250)) - af1c79e4-3d23-48bd-b14c-0e82a476e394@group-84E6A096DD2E: shutdown
2019-11-14 13:45:41,839 [grpc-default-executor-0] INFO  util.JmxRegister (JmxRegister.java:unregister(73)) - Successfully un-registered JMX Bean with object name Ratis:service=RaftServer,group=group-84E6A096DD2E,id=af1c79e4-3d23-48bd-b14c-0e82a476e394
2019-11-14 13:45:41,839 [grpc-default-executor-0] INFO  impl.RoleInfo (RoleInfo.java:shutdownLeaderState(104)) - af1c79e4-3d23-48bd-b14c-0e82a476e394: shutdown LeaderState
2019-11-14 13:45:41,841 [grpc-default-executor-0] INFO  impl.PendingRequests (PendingRequests.java:sendNotLeaderResponses(206)) - af1c79e4-3d23-48bd-b14c-0e82a476e394@group-84E6A096DD2E-PendingRequests: sendNotLeaderResponses
2019-11-14 13:45:41,841 [org.apache.ratis.server.impl.LogAppender$AppenderDaemon$$Lambda$445/1888002329@2b7fc7eb] WARN  server.GrpcLogAppender (GrpcLogAppender.java:mayWait(151)) - af1c79e4-3d23-48bd-b14c-0e82a476e394@group-84E6A096DD2E->bfde180a-cbea-4c85-9ba8-0c8be2b11c81-GrpcLogAppender: Wait interrupted by java.lang.InterruptedException
2019-11-14 13:45:41,841 [org.apache.ratis.server.impl.LogAppender$AppenderDaemon$$Lambda$445/1888002329@4b108967] WARN  server.GrpcLogAppender (GrpcLogAppender.java:mayWait(151)) - af1c79e4-3d23-48bd-b14c-0e82a476e394@group-84E6A096DD2E->75c40d31-072e-4316-95b1-c49fef33c450-GrpcLogAppender: Wait interrupted by java.lang.InterruptedException
2019-11-14 13:45:41,846 [grpc-default-executor-0] INFO  impl.StateMachineUpdater (StateMachineUpdater.java:stopAndJoin(136)) - af1c79e4-3d23-48bd-b14c-0e82a476e394@group-84E6A096DD2E-StateMachineUpdater: set stopIndex = 76
2019-11-14 13:45:41,846 [af1c79e4-3d23-48bd-b14c-0e82a476e394@group-84E6A096DD2E-StateMachineUpdater] INFO  ratis.ContainerStateMachine (ContainerStateMachine.java:takeSnapshot(285)) - group-84E6A096DD2E: Taking a snapshot at:(t:2, i:74) file /workdir/hadoop-ozone/tools/target/test-dir/MiniOzoneClusterImpl-1db13fd8-7b5c-4c28-b07c-c36c47cddec3/datanode-2/data/ratis/3ad8c3a1-ca3c-4415-a48a-84e6a096dd2e/sm/snapshot.2_74
2019-11-14 13:45:41,847 [grpc-default-executor-3] INFO  server.GrpcServerProtocolService (GrpcServerProtocolService.java:onCompleted(113)) - 75c40d31-072e-4316-95b1-c49fef33c450: Completed APPEND_ENTRIES, lastRequest: af1c79e4-3d23-48bd-b14c-0e82a476e394->75c40d31-072e-4316-95b1-c49fef33c450#79-t2, previous=(t:2, i:76), leaderCommit=76, initializing? false, entries: <empty>
2019-11-14 13:45:41,847 [grpc-default-executor-1] INFO  server.GrpcServerProtocolService (GrpcServerProtocolService.java:onCompleted(113)) - bfde180a-cbea-4c85-9ba8-0c8be2b11c81: Completed APPEND_ENTRIES, lastRequest: af1c79e4-3d23-48bd-b14c-0e82a476e394->bfde180a-cbea-4c85-9ba8-0c8be2b11c81#79-t2, previous=(t:2, i:76), leaderCommit=76, initializing? false, entries: <empty>
2019-11-14 13:45:41,848 [grpc-default-executor-1] INFO  server.GrpcLogAppender (GrpcLogAppender.java:onCompleted(308)) - af1c79e4-3d23-48bd-b14c-0e82a476e394@group-84E6A096DD2E->75c40d31-072e-4316-95b1-c49fef33c450-AppendLogResponseHandler: follower responses appendEntries COMPLETED
2019-11-14 13:45:41,848 [grpc-default-executor-3] INFO  server.GrpcLogAppender (GrpcLogAppender.java:onCompleted(308)) - af1c79e4-3d23-48bd-b14c-0e82a476e394@group-84E6A096DD2E->bfde180a-cbea-4c85-9ba8-0c8be2b11c81-AppendLogResponseHandler: follower responses appendEntries COMPLETED
2019-11-14 13:45:41,853 [grpc-default-executor-1] INFO  impl.FollowerInfo (FollowerInfo.java:lambda$new$0(51)) - af1c79e4-3d23-48bd-b14c-0e82a476e394@group-84E6A096DD2E->75c40d31-072e-4316-95b1-c49fef33c450: nextIndex: updateUnconditionally 77 -> 76
2019-11-14 13:45:41,853 [grpc-default-executor-3] INFO  impl.FollowerInfo (FollowerInfo.java:lambda$new$0(51)) - af1c79e4-3d23-48bd-b14c-0e82a476e394@group-84E6A096DD2E->bfde180a-cbea-4c85-9ba8-0c8be2b11c81: nextIndex: updateUnconditionally 77 -> 76
2019-11-14 13:45:41,870 [af1c79e4-3d23-48bd-b14c-0e82a476e394@group-84E6A096DD2E-StateMachineUpdater] INFO  ratis.ContainerStateMachine (ContainerStateMachine.java:takeSnapshot(296)) - group-84E6A096DD2E: Finished taking a snapshot at:(t:2, i:74) file:/workdir/hadoop-ozone/tools/target/test-dir/MiniOzoneClusterImpl-1db13fd8-7b5c-4c28-b07c-c36c47cddec3/datanode-2/data/ratis/3ad8c3a1-ca3c-4415-a48a-84e6a096dd2e/sm/snapshot.2_74 time:25
2019-11-14 13:45:41,871 [af1c79e4-3d23-48bd-b14c-0e82a476e394@group-84E6A096DD2E-StateMachineUpdater] INFO  impl.StateMachineUpdater (StateMachineUpdater.java:takeSnapshot(269)) - af1c79e4-3d23-48bd-b14c-0e82a476e394@group-84E6A096DD2E-StateMachineUpdater: Took a snapshot at index 74
2019-11-14 13:45:41,871 [af1c79e4-3d23-48bd-b14c-0e82a476e394@group-84E6A096DD2E-StateMachineUpdater] INFO  impl.StateMachineUpdater (StateMachineUpdater.java:lambda$new$0(84)) - af1c79e4-3d23-48bd-b14c-0e82a476e394@group-84E6A096DD2E-StateMachineUpdater: snapshotIndex: updateIncreasingly -1 -> 74
2019-11-14 13:45:41,871 [af1c79e4-3d23-48bd-b14c-0e82a476e394@group-84E6A096DD2E-StateMachineUpdater] INFO  ratis.ContainerStateMachine (ContainerStateMachine.java:takeSnapshot(285)) - group-84E6A096DD2E: Taking a snapshot at:(t:2, i:74) file /workdir/hadoop-ozone/tools/target/test-dir/MiniOzoneClusterImpl-1db13fd8-7b5c-4c28-b07c-c36c47cddec3/datanode-2/data/ratis/3ad8c3a1-ca3c-4415-a48a-84e6a096dd2e/sm/snapshot.2_74
2019-11-14 13:45:41,884 [af1c79e4-3d23-48bd-b14c-0e82a476e394@group-84E6A096DD2E-StateMachineUpdater] INFO  ratis.ContainerStateMachine (ContainerStateMachine.java:takeSnapshot(296)) - group-84E6A096DD2E: Finished taking a snapshot at:(t:2, i:74) file:/workdir/hadoop-ozone/tools/target/test-dir/MiniOzoneClusterImpl-1db13fd8-7b5c-4c28-b07c-c36c47cddec3/datanode-2/data/ratis/3ad8c3a1-ca3c-4415-a48a-84e6a096dd2e/sm/snapshot.2_74 time:13
2019-11-14 13:45:41,884 [af1c79e4-3d23-48bd-b14c-0e82a476e394@group-84E6A096DD2E-StateMachineUpdater] INFO  impl.StateMachineUpdater (StateMachineUpdater.java:takeSnapshot(269)) - af1c79e4-3d23-48bd-b14c-0e82a476e394@group-84E6A096DD2E-StateMachineUpdater: Took a snapshot at index 74
2019-11-14 13:45:41,884 [af1c79e4-3d23-48bd-b14c-0e82a476e394@group-84E6A096DD2E-StateMachineUpdater] INFO  impl.StateMachineUpdater (StateMachineUpdater.java:lambda$new$0(84)) - af1c79e4-3d23-48bd-b14c-0e82a476e394@group-84E6A096DD2E-StateMachineUpdater: snapshotIndex: updateIncreasingly 74 -> 74
2019-11-14 13:45:41,885 [grpc-default-executor-0] INFO  impl.RaftServerImpl (ServerState.java:close(387)) - af1c79e4-3d23-48bd-b14c-0e82a476e394@group-84E6A096DD2E: closes. applyIndex: 76
2019-11-14 13:45:41,885 [af1c79e4-3d23-48bd-b14c-0e82a476e394@group-84E6A096DD2E-SegmentedRaftLogWorker] INFO  segmented.SegmentedRaftLogWorker (SegmentedRaftLogWorker.java:run(316)) - af1c79e4-3d23-48bd-b14c-0e82a476e394@group-84E6A096DD2E-SegmentedRaftLogWorker was interrupted, exiting. There are 0 tasks remaining in the queue.
2019-11-14 13:45:41,887 [grpc-default-executor-0] INFO  segmented.SegmentedRaftLogWorker (SegmentedRaftLogWorker.java:close(224)) - af1c79e4-3d23-48bd-b14c-0e82a476e394@group-84E6A096DD2E-SegmentedRaftLogWorker close()
2019-11-14 13:45:41,917 [grpc-default-executor-0] INFO  interfaces.Container (KeyValueContainer.java:flushAndSyncDB(400)) - Container 1 is synced with bcsId 58.
2019-11-14 13:45:41,917 [grpc-default-executor-0] INFO  interfaces.Container (KeyValueContainer.java:flushAndSyncDB(400)) - Container 1 is synced with bcsId 58.
2019-11-14 13:45:41,957 [grpc-default-executor-0] INFO  interfaces.Container (KeyValueContainer.java:flushAndSyncDB(400)) - Container 2 is synced with bcsId 74.
2019-11-14 13:45:41,957 [grpc-default-executor-0] INFO  interfaces.Container (KeyValueContainer.java:flushAndSyncDB(400)) - Container 2 is synced with bcsId 74.
2019-11-14 13:45:41,975 [grpc-default-executor-0] INFO  interfaces.Container (KeyValueContainer.java:flushAndSyncDB(400)) - Container 3 is synced with bcsId 41.
2019-11-14 13:45:41,975 [grpc-default-executor-0] INFO  interfaces.Container (KeyValueContainer.java:flushAndSyncDB(400)) - Container 3 is synced with bcsId 41.
2019-11-14 13:45:41,983 [main] INFO  pipeline.PipelineStateManager (PipelineStateManager.java:removePipeline(106)) - Pipeline Pipeline[ Id: 3ad8c3a1-ca3c-4415-a48a-84e6a096dd2e, Nodes: 75c40d31-072e-4316-95b1-c49fef33c450{ip: 192.168.34.21, host: pr-hdds-2481-nxhrh-893604966, networkLocation: /default-rack, certSerialId: null}bfde180a-cbea-4c85-9ba8-0c8be2b11c81{ip: 192.168.34.21, host: pr-hdds-2481-nxhrh-893604966, networkLocation: /default-rack, certSerialId: null}af1c79e4-3d23-48bd-b14c-0e82a476e394{ip: 192.168.34.21, host: pr-hdds-2481-nxhrh-893604966, networkLocation: /default-rack, certSerialId: null}, Type:RATIS, Factor:THREE, State:CLOSED] removed from db
2019-11-14 13:45:41,998 [grpc-default-executor-3] INFO  impl.RaftServerProxy (RaftServerProxy.java:addNew(89)) - 75c40d31-072e-4316-95b1-c49fef33c450: addNew group-C7D151CC06AD:[75c40d31-072e-4316-95b1-c49fef33c450:192.168.34.21:42275, af1c79e4-3d23-48bd-b14c-0e82a476e394:192.168.34.21:46601, bfde180a-cbea-4c85-9ba8-0c8be2b11c81:192.168.34.21:40757] returns group-C7D151CC06AD:java.util.concurrent.CompletableFuture@68acd61b[Not completed]
2019-11-14 13:45:41,999 [grpc-default-executor-0] INFO  impl.RaftServerProxy (RaftServerProxy.java:addNew(89)) - bfde180a-cbea-4c85-9ba8-0c8be2b11c81: addNew group-C7D151CC06AD:[75c40d31-072e-4316-95b1-c49fef33c450:192.168.34.21:42275, af1c79e4-3d23-48bd-b14c-0e82a476e394:192.168.34.21:46601, bfde180a-cbea-4c85-9ba8-0c8be2b11c81:192.168.34.21:40757] returns group-C7D151CC06AD:java.util.concurrent.CompletableFuture@4247b6c2[Not completed]
2019-11-14 13:45:42,004 [grpc-default-executor-0] INFO  impl.RaftServerProxy (RaftServerProxy.java:addNew(89)) - af1c79e4-3d23-48bd-b14c-0e82a476e394: addNew group-C7D151CC06AD:[75c40d31-072e-4316-95b1-c49fef33c450:192.168.34.21:42275, af1c79e4-3d23-48bd-b14c-0e82a476e394:192.168.34.21:46601, bfde180a-cbea-4c85-9ba8-0c8be2b11c81:192.168.34.21:40757] returns group-C7D151CC06AD:java.util.concurrent.CompletableFuture@1e34e9ea[Not completed]
2019-11-14 13:45:42,006 [pool-37-thread-1] INFO  impl.RaftServerImpl (RaftServerImpl.java:<init>(98)) - 75c40d31-072e-4316-95b1-c49fef33c450: new RaftServerImpl for group-C7D151CC06AD:[75c40d31-072e-4316-95b1-c49fef33c450:192.168.34.21:42275, af1c79e4-3d23-48bd-b14c-0e82a476e394:192.168.34.21:46601, bfde180a-cbea-4c85-9ba8-0c8be2b11c81:192.168.34.21:40757] with ContainerStateMachine:uninitialized
2019-11-14 13:45:42,007 [pool-37-thread-1] INFO  server.RaftServerConfigKeys (ConfUtils.java:logGet(43)) - raft.server.rpc.timeout.min = 5s (custom)
2019-11-14 13:45:42,007 [pool-37-thread-1] INFO  server.RaftServerConfigKeys (ConfUtils.java:logGet(43)) - raft.server.rpc.timeout.max = 5200ms (custom)
2019-11-14 13:45:42,007 [pool-37-thread-1] INFO  server.RaftServerConfigKeys (ConfUtils.java:logGet(43)) - raft.server.rpcslowness.timeout = 120s (custom)
2019-11-14 13:45:42,007 [pool-37-thread-1] INFO  server.RaftServerConfigKeys (ConfUtils.java:logGet(43)) - raft.server.sleep.deviation.threshold = 300 (default)
2019-11-14 13:45:42,008 [pool-37-thread-1] INFO  server.RaftServerConfigKeys (ConfUtils.java:logGet(43)) - raft.server.log.appender.install.snapshot.enabled = false (custom)
2019-11-14 13:45:42,008 [pool-37-thread-1] INFO  impl.RaftServerImpl (ServerState.java:<init>(103)) - 75c40d31-072e-4316-95b1-c49fef33c450@group-C7D151CC06AD: ConfigurationManager, init=-1: [75c40d31-072e-4316-95b1-c49fef33c450:192.168.34.21:42275, af1c79e4-3d23-48bd-b14c-0e82a476e394:192.168.34.21:46601, bfde180a-cbea-4c85-9ba8-0c8be2b11c81:192.168.34.21:40757], old=null, confs=<EMPTY_MAP>
2019-11-14 13:45:42,008 [pool-47-thread-1] INFO  impl.RaftServerImpl (RaftServerImpl.java:<init>(98)) - af1c79e4-3d23-48bd-b14c-0e82a476e394: new RaftServerImpl for group-C7D151CC06AD:[75c40d31-072e-4316-95b1-c49fef33c450:192.168.34.21:42275, af1c79e4-3d23-48bd-b14c-0e82a476e394:192.168.34.21:46601, bfde180a-cbea-4c85-9ba8-0c8be2b11c81:192.168.34.21:40757] with ContainerStateMachine:uninitialized
2019-11-14 13:45:42,008 [pool-37-thread-1] INFO  server.RaftServerConfigKeys (ConfUtils.java:logGet(43)) - raft.server.storage.dir = [/workdir/hadoop-ozone/tools/target/test-dir/MiniOzoneClusterImpl-1db13fd8-7b5c-4c28-b07c-c36c47cddec3/datanode-1/data/ratis] (custom)
2019-11-14 13:45:42,008 [pool-47-thread-1] INFO  server.RaftServerConfigKeys (ConfUtils.java:logGet(43)) - raft.server.rpc.timeout.min = 5s (custom)
2019-11-14 13:45:42,008 [pool-47-thread-1] INFO  server.RaftServerConfigKeys (ConfUtils.java:logGet(43)) - raft.server.rpc.timeout.max = 5200ms (custom)
2019-11-14 13:45:42,009 [pool-27-thread-1] INFO  impl.RaftServerImpl (RaftServerImpl.java:<init>(98)) - bfde180a-cbea-4c85-9ba8-0c8be2b11c81: new RaftServerImpl for group-C7D151CC06AD:[75c40d31-072e-4316-95b1-c49fef33c450:192.168.34.21:42275, af1c79e4-3d23-48bd-b14c-0e82a476e394:192.168.34.21:46601, bfde180a-cbea-4c85-9ba8-0c8be2b11c81:192.168.34.21:40757] with ContainerStateMachine:uninitialized
2019-11-14 13:45:42,009 [pool-37-thread-1] INFO  server.RaftServerConfigKeys (ConfUtils.java:logGet(43)) - raft.server.log.corruption.policy = EXCEPTION (default)
2019-11-14 13:45:42,009 [pool-47-thread-1] INFO  server.RaftServerConfigKeys (ConfUtils.java:logGet(43)) - raft.server.rpcslowness.timeout = 120s (custom)
2019-11-14 13:45:42,009 [pool-27-thread-1] INFO  server.RaftServerConfigKeys (ConfUtils.java:logGet(43)) - raft.server.rpc.timeout.min = 5s (custom)
2019-11-14 13:45:42,009 [pool-37-thread-1] INFO  storage.RaftStorageDirectory (RaftStorageDirectory.java:analyzeStorage(246)) - The storage directory /workdir/hadoop-ozone/tools/target/test-dir/MiniOzoneClusterImpl-1db13fd8-7b5c-4c28-b07c-c36c47cddec3/datanode-1/data/ratis/5aef5932-0501-4fd5-bb91-c7d151cc06ad does not exist. Creating ...
2019-11-14 13:45:42,009 [pool-47-thread-1] INFO  server.RaftServerConfigKeys (ConfUtils.java:logGet(43)) - raft.server.sleep.deviation.threshold = 300 (default)
2019-11-14 13:45:42,009 [pool-27-thread-1] INFO  server.RaftServerConfigKeys (ConfUtils.java:logGet(43)) - raft.server.rpc.timeout.max = 5200ms (custom)
2019-11-14 13:45:42,009 [pool-47-thread-1] INFO  server.RaftServerConfigKeys (ConfUtils.java:logGet(43)) - raft.server.log.appender.install.snapshot.enabled = false (custom)
2019-11-14 13:45:42,009 [pool-27-thread-1] INFO  server.RaftServerConfigKeys (ConfUtils.java:logGet(43)) - raft.server.rpcslowness.timeout = 120s (custom)
2019-11-14 13:45:42,009 [pool-47-thread-1] INFO  impl.RaftServerImpl (ServerState.java:<init>(103)) - af1c79e4-3d23-48bd-b14c-0e82a476e394@group-C7D151CC06AD: ConfigurationManager, init=-1: [75c40d31-072e-4316-95b1-c49fef33c450:192.168.34.21:42275, af1c79e4-3d23-48bd-b14c-0e82a476e394:192.168.34.21:46601, bfde180a-cbea-4c85-9ba8-0c8be2b11c81:192.168.34.21:40757], old=null, confs=<EMPTY_MAP>
2019-11-14 13:45:42,010 [pool-27-thread-1] INFO  server.RaftServerConfigKeys (ConfUtils.java:logGet(43)) - raft.server.sleep.deviation.threshold = 300 (default)
2019-11-14 13:45:42,010 [pool-27-thread-1] INFO  server.RaftServerConfigKeys (ConfUtils.java:logGet(43)) - raft.server.log.appender.install.snapshot.enabled = false (custom)
2019-11-14 13:45:42,010 [pool-47-thread-1] INFO  server.RaftServerConfigKeys (ConfUtils.java:logGet(43)) - raft.server.storage.dir = [/workdir/hadoop-ozone/tools/target/test-dir/MiniOzoneClusterImpl-1db13fd8-7b5c-4c28-b07c-c36c47cddec3/datanode-2/data/ratis] (custom)
2019-11-14 13:45:42,010 [pool-27-thread-1] INFO  impl.RaftServerImpl (ServerState.java:<init>(103)) - bfde180a-cbea-4c85-9ba8-0c8be2b11c81@group-C7D151CC06AD: ConfigurationManager, init=-1: [75c40d31-072e-4316-95b1-c49fef33c450:192.168.34.21:42275, af1c79e4-3d23-48bd-b14c-0e82a476e394:192.168.34.21:46601, bfde180a-cbea-4c85-9ba8-0c8be2b11c81:192.168.34.21:40757], old=null, confs=<EMPTY_MAP>
2019-11-14 13:45:42,010 [pool-27-thread-1] INFO  server.RaftServerConfigKeys (ConfUtils.java:logGet(43)) - raft.server.storage.dir = [/workdir/hadoop-ozone/tools/target/test-dir/MiniOzoneClusterImpl-1db13fd8-7b5c-4c28-b07c-c36c47cddec3/datanode-0/data/ratis] (custom)
2019-11-14 13:45:42,010 [pool-47-thread-1] INFO  server.RaftServerConfigKeys (ConfUtils.java:logGet(43)) - raft.server.log.corruption.policy = EXCEPTION (default)
2019-11-14 13:45:42,010 [pool-27-thread-1] INFO  server.RaftServerConfigKeys (ConfUtils.java:logGet(43)) - raft.server.log.corruption.policy = EXCEPTION (default)
2019-11-14 13:45:42,010 [pool-47-thread-1] INFO  storage.RaftStorageDirectory (RaftStorageDirectory.java:analyzeStorage(246)) - The storage directory /workdir/hadoop-ozone/tools/target/test-dir/MiniOzoneClusterImpl-1db13fd8-7b5c-4c28-b07c-c36c47cddec3/datanode-2/data/ratis/5aef5932-0501-4fd5-bb91-c7d151cc06ad does not exist. Creating ...
2019-11-14 13:45:42,010 [pool-27-thread-1] INFO  storage.RaftStorageDirectory (RaftStorageDirectory.java:analyzeStorage(246)) - The storage directory /workdir/hadoop-ozone/tools/target/test-dir/MiniOzoneClusterImpl-1db13fd8-7b5c-4c28-b07c-c36c47cddec3/datanode-0/data/ratis/5aef5932-0501-4fd5-bb91-c7d151cc06ad does not exist. Creating ...
2019-11-14 13:45:42,016 [pool-27-thread-1] INFO  storage.RaftStorageDirectory (RaftStorageDirectory.java:tryLock(328)) - Lock on /workdir/hadoop-ozone/tools/target/test-dir/MiniOzoneClusterImpl-1db13fd8-7b5c-4c28-b07c-c36c47cddec3/datanode-0/data/ratis/5aef5932-0501-4fd5-bb91-c7d151cc06ad/in_use.lock acquired by nodename 19331@pr-hdds-2481-nxhrh-893604966
2019-11-14 13:45:42,016 [pool-47-thread-1] INFO  storage.RaftStorageDirectory (RaftStorageDirectory.java:tryLock(328)) - Lock on /workdir/hadoop-ozone/tools/target/test-dir/MiniOzoneClusterImpl-1db13fd8-7b5c-4c28-b07c-c36c47cddec3/datanode-2/data/ratis/5aef5932-0501-4fd5-bb91-c7d151cc06ad/in_use.lock acquired by nodename 19331@pr-hdds-2481-nxhrh-893604966
2019-11-14 13:45:42,016 [pool-37-thread-1] INFO  storage.RaftStorageDirectory (RaftStorageDirectory.java:tryLock(328)) - Lock on /workdir/hadoop-ozone/tools/target/test-dir/MiniOzoneClusterImpl-1db13fd8-7b5c-4c28-b07c-c36c47cddec3/datanode-1/data/ratis/5aef5932-0501-4fd5-bb91-c7d151cc06ad/in_use.lock acquired by nodename 19331@pr-hdds-2481-nxhrh-893604966
2019-11-14 13:45:42,022 [pool-47-thread-1] INFO  storage.RaftStorage (RaftStorage.java:format(84)) - Storage directory /workdir/hadoop-ozone/tools/target/test-dir/MiniOzoneClusterImpl-1db13fd8-7b5c-4c28-b07c-c36c47cddec3/datanode-2/data/ratis/5aef5932-0501-4fd5-bb91-c7d151cc06ad has been successfully formatted.
2019-11-14 13:45:42,022 [pool-37-thread-1] INFO  storage.RaftStorage (RaftStorage.java:format(84)) - Storage directory /workdir/hadoop-ozone/tools/target/test-dir/MiniOzoneClusterImpl-1db13fd8-7b5c-4c28-b07c-c36c47cddec3/datanode-1/data/ratis/5aef5932-0501-4fd5-bb91-c7d151cc06ad has been successfully formatted.
2019-11-14 13:45:42,022 [pool-47-thread-1] INFO  ratis.ContainerStateMachine (ContainerStateMachine.java:loadSnapshot(223)) - group-C7D151CC06AD: The snapshot info is null. Setting the last applied indexto:(t:0, i:~)
2019-11-14 13:45:42,022 [pool-27-thread-1] INFO  storage.RaftStorage (RaftStorage.java:format(84)) - Storage directory /workdir/hadoop-ozone/tools/target/test-dir/MiniOzoneClusterImpl-1db13fd8-7b5c-4c28-b07c-c36c47cddec3/datanode-0/data/ratis/5aef5932-0501-4fd5-bb91-c7d151cc06ad has been successfully formatted.
2019-11-14 13:45:42,023 [pool-37-thread-1] INFO  ratis.ContainerStateMachine (ContainerStateMachine.java:loadSnapshot(223)) - group-C7D151CC06AD: The snapshot info is null. Setting the last applied indexto:(t:0, i:~)
2019-11-14 13:45:42,022 [pool-47-thread-1] INFO  server.RaftServerConfigKeys (ConfUtils.java:logGet(43)) - raft.server.notification.no-leader.timeout = 120s (custom)
2019-11-14 13:45:42,023 [pool-27-thread-1] INFO  ratis.ContainerStateMachine (ContainerStateMachine.java:loadSnapshot(223)) - group-C7D151CC06AD: The snapshot info is null. Setting the last applied indexto:(t:0, i:~)
2019-11-14 13:45:42,023 [pool-37-thread-1] INFO  server.RaftServerConfigKeys (ConfUtils.java:logGet(43)) - raft.server.notification.no-leader.timeout = 120s (custom)
2019-11-14 13:45:42,023 [pool-27-thread-1] INFO  server.RaftServerConfigKeys (ConfUtils.java:logGet(43)) - raft.server.notification.no-leader.timeout = 120s (custom)
2019-11-14 13:45:42,023 [pool-47-thread-1] INFO  server.RaftServerConfigKeys (ConfUtils.java:logGet(43)) - raft.server.log.use.memory = false (default)
2019-11-14 13:45:42,023 [pool-27-thread-1] INFO  server.RaftServerConfigKeys (ConfUtils.java:logGet(43)) - raft.server.log.use.memory = false (default)
2019-11-14 13:45:42,023 [pool-37-thread-1] INFO  server.RaftServerConfigKeys (ConfUtils.java:logGet(43)) - raft.server.log.use.memory = false (default)
2019-11-14 13:45:42,023 [pool-27-thread-1] INFO  server.RaftServerConfigKeys (ConfUtils.java:logGet(43)) - raft.server.log.purge.gap = 1000000 (custom)
2019-11-14 13:45:42,023 [pool-47-thread-1] INFO  server.RaftServerConfigKeys (ConfUtils.java:logGet(43)) - raft.server.log.purge.gap = 1000000 (custom)
2019-11-14 13:45:42,024 [pool-27-thread-1] INFO  server.RaftServerConfigKeys (ConfUtils.java:logGet(43)) - raft.server.log.appender.buffer.byte-limit = 33554432 (custom)
2019-11-14 13:45:42,024 [pool-37-thread-1] INFO  server.RaftServerConfigKeys (ConfUtils.java:logGet(43)) - raft.server.log.purge.gap = 1000000 (custom)
2019-11-14 13:45:42,024 [pool-27-thread-1] INFO  server.RaftServerConfigKeys (ConfUtils.java:logGet(43)) - raft.server.log.segment.size.max = 1048576 (custom)
2019-11-14 13:45:42,024 [pool-47-thread-1] INFO  server.RaftServerConfigKeys (ConfUtils.java:logGet(43)) - raft.server.log.appender.buffer.byte-limit = 33554432 (custom)
2019-11-14 13:45:42,024 [pool-37-thread-1] INFO  server.RaftServerConfigKeys (ConfUtils.java:logGet(43)) - raft.server.log.appender.buffer.byte-limit = 33554432 (custom)
2019-11-14 13:45:42,024 [pool-47-thread-1] INFO  server.RaftServerConfigKeys (ConfUtils.java:logGet(43)) - raft.server.log.segment.size.max = 1048576 (custom)
2019-11-14 13:45:42,024 [pool-27-thread-1] INFO  server.RaftServerConfigKeys (ConfUtils.java:logGet(43)) - raft.server.log.segment.cache.num.max = 2 (custom)
2019-11-14 13:45:42,024 [pool-47-thread-1] INFO  server.RaftServerConfigKeys (ConfUtils.java:logGet(43)) - raft.server.log.segment.cache.num.max = 2 (custom)
2019-11-14 13:45:42,024 [pool-37-thread-1] INFO  server.RaftServerConfigKeys (ConfUtils.java:logGet(43)) - raft.server.log.segment.size.max = 1048576 (custom)
2019-11-14 13:45:42,025 [pool-47-thread-1] INFO  segmented.SegmentedRaftLogWorker (SegmentedRaftLogWorker.java:<init>(173)) - new af1c79e4-3d23-48bd-b14c-0e82a476e394@group-C7D151CC06AD-SegmentedRaftLogWorker for RaftStorage:Storage Directory /workdir/hadoop-ozone/tools/target/test-dir/MiniOzoneClusterImpl-1db13fd8-7b5c-4c28-b07c-c36c47cddec3/datanode-2/data/ratis/5aef5932-0501-4fd5-bb91-c7d151cc06ad
2019-11-14 13:45:42,025 [pool-37-thread-1] INFO  server.RaftServerConfigKeys (ConfUtils.java:logGet(43)) - raft.server.log.segment.cache.num.max = 2 (custom)
2019-11-14 13:45:42,025 [pool-27-thread-1] INFO  segmented.SegmentedRaftLogWorker (SegmentedRaftLogWorker.java:<init>(173)) - new bfde180a-cbea-4c85-9ba8-0c8be2b11c81@group-C7D151CC06AD-SegmentedRaftLogWorker for RaftStorage:Storage Directory /workdir/hadoop-ozone/tools/target/test-dir/MiniOzoneClusterImpl-1db13fd8-7b5c-4c28-b07c-c36c47cddec3/datanode-0/data/ratis/5aef5932-0501-4fd5-bb91-c7d151cc06ad
2019-11-14 13:45:42,025 [pool-37-thread-1] INFO  segmented.SegmentedRaftLogWorker (SegmentedRaftLogWorker.java:<init>(173)) - new 75c40d31-072e-4316-95b1-c49fef33c450@group-C7D151CC06AD-SegmentedRaftLogWorker for RaftStorage:Storage Directory /workdir/hadoop-ozone/tools/target/test-dir/MiniOzoneClusterImpl-1db13fd8-7b5c-4c28-b07c-c36c47cddec3/datanode-1/data/ratis/5aef5932-0501-4fd5-bb91-c7d151cc06ad
2019-11-14 13:45:42,025 [pool-47-thread-1] INFO  server.RaftServerConfigKeys (ConfUtils.java:logGet(43)) - raft.server.log.queue.byte-limit = 2147483647 (custom)
2019-11-14 13:45:42,025 [pool-37-thread-1] INFO  server.RaftServerConfigKeys (ConfUtils.java:logGet(43)) - raft.server.log.queue.byte-limit = 2147483647 (custom)
2019-11-14 13:45:42,025 [pool-27-thread-1] INFO  server.RaftServerConfigKeys (ConfUtils.java:logGet(43)) - raft.server.log.queue.byte-limit = 2147483647 (custom)
2019-11-14 13:45:42,025 [pool-37-thread-1] INFO  server.RaftServerConfigKeys (ConfUtils.java:logGet(43)) - raft.server.log.queue.element-limit = 1024 (custom)
2019-11-14 13:45:42,025 [pool-47-thread-1] INFO  server.RaftServerConfigKeys (ConfUtils.java:logGet(43)) - raft.server.log.queue.element-limit = 1024 (custom)
2019-11-14 13:45:42,026 [pool-37-thread-1] INFO  server.RaftServerConfigKeys (ConfUtils.java:logGet(43)) - raft.server.log.segment.size.max = 1048576 (custom)
2019-11-14 13:45:42,025 [pool-27-thread-1] INFO  server.RaftServerConfigKeys (ConfUtils.java:logGet(43)) - raft.server.log.queue.element-limit = 1024 (custom)
2019-11-14 13:45:42,026 [pool-37-thread-1] INFO  server.RaftServerConfigKeys (ConfUtils.java:logGet(43)) - raft.server.log.preallocated.size = 16384 (custom)
2019-11-14 13:45:42,026 [pool-47-thread-1] INFO  server.RaftServerConfigKeys (ConfUtils.java:logGet(43)) - raft.server.log.segment.size.max = 1048576 (custom)
2019-11-14 13:45:42,026 [pool-37-thread-1] INFO  server.RaftServerConfigKeys (ConfUtils.java:logGet(43)) - raft.server.log.write.buffer.size = 33554432 (custom)
2019-11-14 13:45:42,026 [pool-27-thread-1] INFO  server.RaftServerConfigKeys (ConfUtils.java:logGet(43)) - raft.server.log.segment.size.max = 1048576 (custom)
2019-11-14 13:45:42,026 [pool-37-thread-1] INFO  server.RaftServerConfigKeys (ConfUtils.java:logGet(43)) - raft.server.log.force.sync.num = 128 (default)
2019-11-14 13:45:42,026 [pool-47-thread-1] INFO  server.RaftServerConfigKeys (ConfUtils.java:logGet(43)) - raft.server.log.preallocated.size = 16384 (custom)
2019-11-14 13:45:42,026 [pool-37-thread-1] INFO  server.RaftServerConfigKeys (ConfUtils.java:logGet(43)) - raft.server.log.statemachine.data.sync = true (default)
2019-11-14 13:45:42,026 [pool-27-thread-1] INFO  server.RaftServerConfigKeys (ConfUtils.java:logGet(43)) - raft.server.log.preallocated.size = 16384 (custom)
2019-11-14 13:45:42,027 [pool-37-thread-1] INFO  server.RaftServerConfigKeys (ConfUtils.java:logGet(43)) - raft.server.log.statemachine.data.sync.timeout = 10s (default)
2019-11-14 13:45:42,027 [pool-47-thread-1] INFO  server.RaftServerConfigKeys (ConfUtils.java:logGet(43)) - raft.server.log.write.buffer.size = 33554432 (custom)
2019-11-14 13:45:42,027 [pool-37-thread-1] INFO  server.RaftServerConfigKeys (ConfUtils.java:logGet(43)) - raft.server.log.statemachine.data.sync.timeout.retry = -1 (default)
2019-11-14 13:45:42,027 [pool-27-thread-1] INFO  server.RaftServerConfigKeys (ConfUtils.java:logGet(43)) - raft.server.log.write.buffer.size = 33554432 (custom)
2019-11-14 13:45:42,027 [pool-47-thread-1] INFO  server.RaftServerConfigKeys (ConfUtils.java:logGet(43)) - raft.server.log.force.sync.num = 128 (default)
2019-11-14 13:45:42,027 [pool-27-thread-1] INFO  server.RaftServerConfigKeys (ConfUtils.java:logGet(43)) - raft.server.log.force.sync.num = 128 (default)
2019-11-14 13:45:42,027 [pool-37-thread-1] INFO  server.RaftServerConfigKeys (ConfUtils.java:logGet(43)) - raft.server.log.statemachine.data.caching.enabled = true (custom)
2019-11-14 13:45:42,027 [pool-47-thread-1] INFO  server.RaftServerConfigKeys (ConfUtils.java:logGet(43)) - raft.server.log.statemachine.data.sync = true (default)
2019-11-14 13:45:42,027 [pool-27-thread-1] INFO  server.RaftServerConfigKeys (ConfUtils.java:logGet(43)) - raft.server.log.statemachine.data.sync = true (default)
2019-11-14 13:45:42,028 [pool-47-thread-1] INFO  server.RaftServerConfigKeys (ConfUtils.java:logGet(43)) - raft.server.log.statemachine.data.sync.timeout = 10s (default)
2019-11-14 13:45:42,028 [pool-37-thread-1] INFO  segmented.SegmentedRaftLogWorker (SegmentedRaftLogWorker.java:lambda$new$0(128)) - 75c40d31-072e-4316-95b1-c49fef33c450@group-C7D151CC06AD-SegmentedRaftLogWorker: flushIndex: setUnconditionally 0 -> -1
2019-11-14 13:45:42,028 [pool-27-thread-1] INFO  server.RaftServerConfigKeys (ConfUtils.java:logGet(43)) - raft.server.log.statemachine.data.sync.timeout = 10s (default)
2019-11-14 13:45:42,029 [pool-47-thread-1] INFO  server.RaftServerConfigKeys (ConfUtils.java:logGet(43)) - raft.server.log.statemachine.data.sync.timeout.retry = -1 (default)
2019-11-14 13:45:42,029 [pool-37-thread-1] INFO  server.RaftServerConfigKeys (ConfUtils.java:logGet(43)) - raft.server.snapshot.auto.trigger.enabled = true (custom)
2019-11-14 13:45:42,029 [pool-27-thread-1] INFO  server.RaftServerConfigKeys (ConfUtils.java:logGet(43)) - raft.server.log.statemachine.data.sync.timeout.retry = -1 (default)
2019-11-14 13:45:42,030 [pool-37-thread-1] INFO  server.RaftServerConfigKeys (ConfUtils.java:logGet(43)) - raft.server.snapshot.auto.trigger.threshold = 10000 (custom)
2019-11-14 13:45:42,030 [pool-27-thread-1] INFO  server.RaftServerConfigKeys (ConfUtils.java:logGet(43)) - raft.server.log.statemachine.data.caching.enabled = true (custom)
2019-11-14 13:45:42,030 [pool-47-thread-1] INFO  server.RaftServerConfigKeys (ConfUtils.java:logGet(43)) - raft.server.log.statemachine.data.caching.enabled = true (custom)
2019-11-14 13:45:42,030 [pool-37-thread-1] INFO  server.RaftServerConfigKeys (ConfUtils.java:logGet(43)) - raft.server.snapshot.retention.file.num = 5 (custom)
2019-11-14 13:45:42,030 [pool-27-thread-1] INFO  segmented.SegmentedRaftLogWorker (SegmentedRaftLogWorker.java:lambda$new$0(128)) - bfde180a-cbea-4c85-9ba8-0c8be2b11c81@group-C7D151CC06AD-SegmentedRaftLogWorker: flushIndex: setUnconditionally 0 -> -1
2019-11-14 13:45:42,030 [pool-37-thread-1] INFO  server.RaftServerConfigKeys (ConfUtils.java:logGet(43)) - raft.server.retrycache.expirytime = 600000ms (custom)
2019-11-14 13:45:42,030 [pool-47-thread-1] INFO  segmented.SegmentedRaftLogWorker (SegmentedRaftLogWorker.java:lambda$new$0(128)) - af1c79e4-3d23-48bd-b14c-0e82a476e394@group-C7D151CC06AD-SegmentedRaftLogWorker: flushIndex: setUnconditionally 0 -> -1
2019-11-14 13:45:42,030 [pool-27-thread-1] INFO  server.RaftServerConfigKeys (ConfUtils.java:logGet(43)) - raft.server.snapshot.auto.trigger.enabled = true (custom)
2019-11-14 13:45:42,031 [pool-47-thread-1] INFO  server.RaftServerConfigKeys (ConfUtils.java:logGet(43)) - raft.server.snapshot.auto.trigger.enabled = true (custom)
2019-11-14 13:45:42,031 [pool-27-thread-1] INFO  server.RaftServerConfigKeys (ConfUtils.java:logGet(43)) - raft.server.snapshot.auto.trigger.threshold = 10000 (custom)
2019-11-14 13:45:42,031 [pool-47-thread-1] INFO  server.RaftServerConfigKeys (ConfUtils.java:logGet(43)) - raft.server.snapshot.auto.trigger.threshold = 10000 (custom)
2019-11-14 13:45:42,031 [pool-37-thread-1] WARN  impl.MetricRegistriesImpl (MetricRegistriesImpl.java:lambda$create$1(61)) - First MetricRegistry has been created without registering reporters. You may need to call MetricRegistries.global().addReportRegistration(...) before.
2019-11-14 13:45:42,031 [pool-27-thread-1] INFO  server.RaftServerConfigKeys (ConfUtils.java:logGet(43)) - raft.server.snapshot.retention.file.num = 5 (custom)
2019-11-14 13:45:42,031 [pool-47-thread-1] INFO  server.RaftServerConfigKeys (ConfUtils.java:logGet(43)) - raft.server.snapshot.retention.file.num = 5 (custom)
2019-11-14 13:45:42,031 [pool-37-thread-1] WARN  impl.MetricRegistriesImpl (MetricRegistriesImpl.java:lambda$create$1(61)) - First MetricRegistry has been created without registering reporters. You may need to call MetricRegistries.global().addReportRegistration(...) before.
2019-11-14 13:45:42,031 [pool-47-thread-1] INFO  server.RaftServerConfigKeys (ConfUtils.java:logGet(43)) - raft.server.retrycache.expirytime = 600000ms (custom)
2019-11-14 13:45:42,031 [pool-27-thread-1] INFO  server.RaftServerConfigKeys (ConfUtils.java:logGet(43)) - raft.server.retrycache.expirytime = 600000ms (custom)
2019-11-14 13:45:42,032 [pool-47-thread-1] WARN  impl.MetricRegistriesImpl (MetricRegistriesImpl.java:lambda$create$1(61)) - First MetricRegistry has been created without registering reporters. You may need to call MetricRegistries.global().addReportRegistration(...) before.
2019-11-14 13:45:42,032 [pool-37-thread-1] INFO  impl.RaftServerImpl (RaftServerImpl.java:start(184)) - 75c40d31-072e-4316-95b1-c49fef33c450@group-C7D151CC06AD: start as a follower, conf=-1: [75c40d31-072e-4316-95b1-c49fef33c450:192.168.34.21:42275, af1c79e4-3d23-48bd-b14c-0e82a476e394:192.168.34.21:46601, bfde180a-cbea-4c85-9ba8-0c8be2b11c81:192.168.34.21:40757], old=null
2019-11-14 13:45:42,032 [pool-27-thread-1] WARN  impl.MetricRegistriesImpl (MetricRegistriesImpl.java:lambda$create$1(61)) - First MetricRegistry has been created without registering reporters. You may need to call MetricRegistries.global().addReportRegistration(...) before.
2019-11-14 13:45:42,032 [pool-47-thread-1] WARN  impl.MetricRegistriesImpl (MetricRegistriesImpl.java:lambda$create$1(61)) - First MetricRegistry has been created without registering reporters. You may need to call MetricRegistries.global().addReportRegistration(...) before.
2019-11-14 13:45:42,032 [pool-27-thread-1] WARN  impl.MetricRegistriesImpl (MetricRegistriesImpl.java:lambda$create$1(61)) - First MetricRegistry has been created without registering reporters. You may need to call MetricRegistries.global().addReportRegistration(...) before.
2019-11-14 13:45:42,032 [pool-37-thread-1] INFO  impl.RaftServerImpl (RaftServerImpl.java:setRole(173)) - 75c40d31-072e-4316-95b1-c49fef33c450@group-C7D151CC06AD: changes role from      null to FOLLOWER at term 0 for startAsFollower
2019-11-14 13:45:42,032 [pool-27-thread-1] INFO  impl.RaftServerImpl (RaftServerImpl.java:start(184)) - bfde180a-cbea-4c85-9ba8-0c8be2b11c81@group-C7D151CC06AD: start as a follower, conf=-1: [75c40d31-072e-4316-95b1-c49fef33c450:192.168.34.21:42275, af1c79e4-3d23-48bd-b14c-0e82a476e394:192.168.34.21:46601, bfde180a-cbea-4c85-9ba8-0c8be2b11c81:192.168.34.21:40757], old=null
2019-11-14 13:45:42,032 [pool-47-thread-1] INFO  impl.RaftServerImpl (RaftServerImpl.java:start(184)) - af1c79e4-3d23-48bd-b14c-0e82a476e394@group-C7D151CC06AD: start as a follower, conf=-1: [75c40d31-072e-4316-95b1-c49fef33c450:192.168.34.21:42275, af1c79e4-3d23-48bd-b14c-0e82a476e394:192.168.34.21:46601, bfde180a-cbea-4c85-9ba8-0c8be2b11c81:192.168.34.21:40757], old=null
2019-11-14 13:45:42,032 [pool-37-thread-1] INFO  impl.RoleInfo (RoleInfo.java:updateAndGet(143)) - 75c40d31-072e-4316-95b1-c49fef33c450: start FollowerState
2019-11-14 13:45:42,032 [pool-27-thread-1] INFO  impl.RaftServerImpl (RaftServerImpl.java:setRole(173)) - bfde180a-cbea-4c85-9ba8-0c8be2b11c81@group-C7D151CC06AD: changes role from      null to FOLLOWER at term 0 for startAsFollower
2019-11-14 13:45:42,032 [pool-47-thread-1] INFO  impl.RaftServerImpl (RaftServerImpl.java:setRole(173)) - af1c79e4-3d23-48bd-b14c-0e82a476e394@group-C7D151CC06AD: changes role from      null to FOLLOWER at term 0 for startAsFollower
2019-11-14 13:45:42,033 [pool-27-thread-1] INFO  impl.RoleInfo (RoleInfo.java:updateAndGet(143)) - bfde180a-cbea-4c85-9ba8-0c8be2b11c81: start FollowerState
2019-11-14 13:45:42,033 [pool-47-thread-1] INFO  impl.RoleInfo (RoleInfo.java:updateAndGet(143)) - af1c79e4-3d23-48bd-b14c-0e82a476e394: start FollowerState
2019-11-14 13:45:42,033 [pool-37-thread-1] INFO  util.JmxRegister (JmxRegister.java:tryRegister(44)) - Successfully registered JMX Bean with object name Ratis:service=RaftServer,group=group-C7D151CC06AD,id=75c40d31-072e-4316-95b1-c49fef33c450
2019-11-14 13:45:42,033 [pool-27-thread-1] INFO  util.JmxRegister (JmxRegister.java:tryRegister(44)) - Successfully registered JMX Bean with object name Ratis:service=RaftServer,group=group-C7D151CC06AD,id=bfde180a-cbea-4c85-9ba8-0c8be2b11c81
2019-11-14 13:45:42,033 [pool-47-thread-1] INFO  util.JmxRegister (JmxRegister.java:tryRegister(44)) - Successfully registered JMX Bean with object name Ratis:service=RaftServer,group=group-C7D151CC06AD,id=af1c79e4-3d23-48bd-b14c-0e82a476e394
2019-11-14 13:45:42,033 [pool-27-thread-1] WARN  impl.MetricRegistriesImpl (MetricRegistriesImpl.java:lambda$create$1(61)) - First MetricRegistry has been created without registering reporters. You may need to call MetricRegistries.global().addReportRegistration(...) before.
2019-11-14 13:45:42,033 [pool-37-thread-1] WARN  impl.MetricRegistriesImpl (MetricRegistriesImpl.java:lambda$create$1(61)) - First MetricRegistry has been created without registering reporters. You may need to call MetricRegistries.global().addReportRegistration(...) before.
2019-11-14 13:45:42,034 [pool-47-thread-1] WARN  impl.MetricRegistriesImpl (MetricRegistriesImpl.java:lambda$create$1(61)) - First MetricRegistry has been created without registering reporters. You may need to call MetricRegistries.global().addReportRegistration(...) before.
2019-11-14 13:45:42,041 [RatisPipelineUtilsThread] INFO  pipeline.PipelineStateManager (PipelineStateManager.java:addPipeline(55)) - Created pipeline Pipeline[ Id: 5aef5932-0501-4fd5-bb91-c7d151cc06ad, Nodes: 75c40d31-072e-4316-95b1-c49fef33c450{ip: 192.168.34.21, host: pr-hdds-2481-nxhrh-893604966, networkLocation: /default-rack, certSerialId: null}bfde180a-cbea-4c85-9ba8-0c8be2b11c81{ip: 192.168.34.21, host: pr-hdds-2481-nxhrh-893604966, networkLocation: /default-rack, certSerialId: null}af1c79e4-3d23-48bd-b14c-0e82a476e394{ip: 192.168.34.21, host: pr-hdds-2481-nxhrh-893604966, networkLocation: /default-rack, certSerialId: null}, Type:RATIS, Factor:THREE, State:ALLOCATED]
2019-11-14 13:45:42,089 [main] INFO  freon.RandomKeyGenerator (RandomKeyGenerator.java:call(283)) - Number of Threads: 10
2019-11-14 13:45:42,089 [main] INFO  freon.RandomKeyGenerator (RandomKeyGenerator.java:call(288)) - Number of Volumes: 1.
2019-11-14 13:45:42,090 [main] INFO  freon.RandomKeyGenerator (RandomKeyGenerator.java:call(289)) - Number of Buckets per Volume: 1.
2019-11-14 13:45:42,090 [main] INFO  freon.RandomKeyGenerator (RandomKeyGenerator.java:call(290)) - Number of Keys per Bucket: 1.
2019-11-14 13:45:42,090 [main] INFO  freon.RandomKeyGenerator (RandomKeyGenerator.java:call(291)) - Key size: 20971520 bytes
2019-11-14 13:45:42,090 [main] INFO  freon.RandomKeyGenerator (RandomKeyGenerator.java:call(292)) - Buffer size: 4096 bytes
2019-11-14 13:45:42,090 [main] INFO  freon.RandomKeyGenerator (RandomKeyGenerator.java:call(293)) - validateWrites : true
2019-11-14 13:45:42,105 [main] INFO  freon.RandomKeyGenerator (RandomKeyGenerator.java:call(307)) - Data validation is enabled.
2019-11-14 13:45:42,105 [main] INFO  freon.RandomKeyGenerator (RandomKeyGenerator.java:call(313)) - Starting progress bar Thread.

2019-11-14 13:45:42,105 [pool-59-thread-1] INFO  rpc.RpcClient (RpcClient.java:createVolume(292)) - Creating Volume: vol-0-48634, with jenkins1000 as owner.
 0.00% |?                                                                                                    |  0/1 Time: 0:00:002019-11-14 13:45:42,110 [IPC Server handler 6 on 42933] INFO  volume.OMVolumeCreateRequest (OMVolumeCreateRequest.java:validateAndUpdateCache(193)) - created volume:vol-0-48634 for user:jenkins1000
2019-11-14 13:45:42,135 [pool-59-thread-2] INFO  rpc.RpcClient (RpcClient.java:createBucket(431)) - Creating Bucket: vol-0-48634/bucket-0-33239, with Versioning false and Storage Type set to DISK and Encryption set to false 
2019-11-14 13:45:42,171 [IPC Server handler 7 on 40731] WARN  block.BlockManagerImpl (BlockManagerImpl.java:allocateBlock(200)) - Pipeline creation failed for type:RATIS factor:THREE. Retrying get pipelines call once.
org.apache.hadoop.hdds.scm.pipeline.InsufficientDatanodesException: Cannot create pipeline of factor 3 using 0 nodes.
	at org.apache.hadoop.hdds.scm.pipeline.RatisPipelineProvider.create(RatisPipelineProvider.java:153)
	at org.apache.hadoop.hdds.scm.pipeline.PipelineFactory.create(PipelineFactory.java:58)
	at org.apache.hadoop.hdds.scm.pipeline.SCMPipelineManager.createPipeline(SCMPipelineManager.java:155)
	at org.apache.hadoop.hdds.scm.block.BlockManagerImpl.allocateBlock(BlockManagerImpl.java:198)
	at org.apache.hadoop.hdds.scm.server.SCMBlockProtocolServer.allocateBlock(SCMBlockProtocolServer.java:187)
	at org.apache.hadoop.hdds.scm.protocol.ScmBlockLocationProtocolServerSideTranslatorPB.allocateScmBlock(ScmBlockLocationProtocolServerSideTranslatorPB.java:159)
	at org.apache.hadoop.hdds.scm.protocol.ScmBlockLocationProtocolServerSideTranslatorPB.processMessage(ScmBlockLocationProtocolServerSideTranslatorPB.java:117)
	at org.apache.hadoop.hdds.server.OzoneProtocolMessageDispatcher.processRequest(OzoneProtocolMessageDispatcher.java:72)
	at org.apache.hadoop.hdds.scm.protocol.ScmBlockLocationProtocolServerSideTranslatorPB.send(ScmBlockLocationProtocolServerSideTranslatorPB.java:98)
	at org.apache.hadoop.hdds.protocol.proto.ScmBlockLocationProtocolProtos$ScmBlockLocationProtocolService$2.callBlockingMethod(ScmBlockLocationProtocolProtos.java:13157)
	at org.apache.hadoop.ipc.ProtobufRpcEngine$Server$ProtoBufRpcInvoker.call(ProtobufRpcEngine.java:524)
	at org.apache.hadoop.ipc.RPC$Server.call(RPC.java:1025)
	at org.apache.hadoop.ipc.Server$RpcCall.run(Server.java:876)
	at org.apache.hadoop.ipc.Server$RpcCall.run(Server.java:822)
	at java.security.AccessController.doPrivileged(Native Method)
	at javax.security.auth.Subject.doAs(Subject.java:422)
	at org.apache.hadoop.security.UserGroupInformation.doAs(UserGroupInformation.java:1730)
	at org.apache.hadoop.ipc.Server$Handler.run(Server.java:2682)
2019-11-14 13:45:42,174 [IPC Server handler 7 on 40731] INFO  block.BlockManagerImpl (BlockManagerImpl.java:allocateBlock(212)) - Could not find available pipeline of type:RATIS and factor:THREE even after retrying
2019-11-14 13:45:42,174 [IPC Server handler 7 on 40731] ERROR block.BlockManagerImpl (BlockManagerImpl.java:allocateBlock(236)) - Unable to allocate a block for the size: 4194304, type: RATIS, factor: THREE
2019-11-14 13:45:42,175 [IPC Server handler 7 on 40731] WARN  block.BlockManagerImpl (BlockManagerImpl.java:allocateBlock(200)) - Pipeline creation failed for type:RATIS factor:THREE. Retrying get pipelines call once.
org.apache.hadoop.hdds.scm.pipeline.InsufficientDatanodesException: Cannot create pipeline of factor 3 using 0 nodes.
	at org.apache.hadoop.hdds.scm.pipeline.RatisPipelineProvider.create(RatisPipelineProvider.java:153)
	at org.apache.hadoop.hdds.scm.pipeline.PipelineFactory.create(PipelineFactory.java:58)
	at org.apache.hadoop.hdds.scm.pipeline.SCMPipelineManager.createPipeline(SCMPipelineManager.java:155)
	at org.apache.hadoop.hdds.scm.block.BlockManagerImpl.allocateBlock(BlockManagerImpl.java:198)
	at org.apache.hadoop.hdds.scm.server.SCMBlockProtocolServer.allocateBlock(SCMBlockProtocolServer.java:187)
	at org.apache.hadoop.hdds.scm.protocol.ScmBlockLocationProtocolServerSideTranslatorPB.allocateScmBlock(ScmBlockLocationProtocolServerSideTranslatorPB.java:159)
	at org.apache.hadoop.hdds.scm.protocol.ScmBlockLocationProtocolServerSideTranslatorPB.processMessage(ScmBlockLocationProtocolServerSideTranslatorPB.java:117)
	at org.apache.hadoop.hdds.server.OzoneProtocolMessageDispatcher.processRequest(OzoneProtocolMessageDispatcher.java:72)
	at org.apache.hadoop.hdds.scm.protocol.ScmBlockLocationProtocolServerSideTranslatorPB.send(ScmBlockLocationProtocolServerSideTranslatorPB.java:98)
	at org.apache.hadoop.hdds.protocol.proto.ScmBlockLocationProtocolProtos$ScmBlockLocationProtocolService$2.callBlockingMethod(ScmBlockLocationProtocolProtos.java:13157)
	at org.apache.hadoop.ipc.ProtobufRpcEngine$Server$ProtoBufRpcInvoker.call(ProtobufRpcEngine.java:524)
	at org.apache.hadoop.ipc.RPC$Server.call(RPC.java:1025)
	at org.apache.hadoop.ipc.Server$RpcCall.run(Server.java:876)
	at org.apache.hadoop.ipc.Server$RpcCall.run(Server.java:822)
	at java.security.AccessController.doPrivileged(Native Method)
	at javax.security.auth.Subject.doAs(Subject.java:422)
	at org.apache.hadoop.security.UserGroupInformation.doAs(UserGroupInformation.java:1730)
	at org.apache.hadoop.ipc.Server$Handler.run(Server.java:2682)
2019-11-14 13:45:42,175 [IPC Server handler 7 on 40731] INFO  block.BlockManagerImpl (BlockManagerImpl.java:allocateBlock(212)) - Could not find available pipeline of type:RATIS and factor:THREE even after retrying
2019-11-14 13:45:42,175 [IPC Server handler 7 on 40731] ERROR block.BlockManagerImpl (BlockManagerImpl.java:allocateBlock(236)) - Unable to allocate a block for the size: 4194304, type: RATIS, factor: THREE
2019-11-14 13:45:42,176 [IPC Server handler 7 on 40731] WARN  block.BlockManagerImpl (BlockManagerImpl.java:allocateBlock(200)) - Pipeline creation failed for type:RATIS factor:THREE. Retrying get pipelines call once.
org.apache.hadoop.hdds.scm.pipeline.InsufficientDatanodesException: Cannot create pipeline of factor 3 using 0 nodes.
	at org.apache.hadoop.hdds.scm.pipeline.RatisPipelineProvider.create(RatisPipelineProvider.java:153)
	at org.apache.hadoop.hdds.scm.pipeline.PipelineFactory.create(PipelineFactory.java:58)
	at org.apache.hadoop.hdds.scm.pipeline.SCMPipelineManager.createPipeline(SCMPipelineManager.java:155)
	at org.apache.hadoop.hdds.scm.block.BlockManagerImpl.allocateBlock(BlockManagerImpl.java:198)
	at org.apache.hadoop.hdds.scm.server.SCMBlockProtocolServer.allocateBlock(SCMBlockProtocolServer.java:187)
	at org.apache.hadoop.hdds.scm.protocol.ScmBlockLocationProtocolServerSideTranslatorPB.allocateScmBlock(ScmBlockLocationProtocolServerSideTranslatorPB.java:159)
	at org.apache.hadoop.hdds.scm.protocol.ScmBlockLocationProtocolServerSideTranslatorPB.processMessage(ScmBlockLocationProtocolServerSideTranslatorPB.java:117)
	at org.apache.hadoop.hdds.server.OzoneProtocolMessageDispatcher.processRequest(OzoneProtocolMessageDispatcher.java:72)
	at org.apache.hadoop.hdds.scm.protocol.ScmBlockLocationProtocolServerSideTranslatorPB.send(ScmBlockLocationProtocolServerSideTranslatorPB.java:98)
	at org.apache.hadoop.hdds.protocol.proto.ScmBlockLocationProtocolProtos$ScmBlockLocationProtocolService$2.callBlockingMethod(ScmBlockLocationProtocolProtos.java:13157)
	at org.apache.hadoop.ipc.ProtobufRpcEngine$Server$ProtoBufRpcInvoker.call(ProtobufRpcEngine.java:524)
	at org.apache.hadoop.ipc.RPC$Server.call(RPC.java:1025)
	at org.apache.hadoop.ipc.Server$RpcCall.run(Server.java:876)
	at org.apache.hadoop.ipc.Server$RpcCall.run(Server.java:822)
	at java.security.AccessController.doPrivileged(Native Method)
	at javax.security.auth.Subject.doAs(Subject.java:422)
	at org.apache.hadoop.security.UserGroupInformation.doAs(UserGroupInformation.java:1730)
	at org.apache.hadoop.ipc.Server$Handler.run(Server.java:2682)
2019-11-14 13:45:42,176 [IPC Server handler 7 on 40731] INFO  block.BlockManagerImpl (BlockManagerImpl.java:allocateBlock(212)) - Could not find available pipeline of type:RATIS and factor:THREE even after retrying
2019-11-14 13:45:42,177 [IPC Server handler 7 on 40731] ERROR block.BlockManagerImpl (BlockManagerImpl.java:allocateBlock(236)) - Unable to allocate a block for the size: 4194304, type: RATIS, factor: THREE
2019-11-14 13:45:42,178 [IPC Server handler 7 on 40731] WARN  block.BlockManagerImpl (BlockManagerImpl.java:allocateBlock(200)) - Pipeline creation failed for type:RATIS factor:THREE. Retrying get pipelines call once.
org.apache.hadoop.hdds.scm.pipeline.InsufficientDatanodesException: Cannot create pipeline of factor 3 using 0 nodes.
	at org.apache.hadoop.hdds.scm.pipeline.RatisPipelineProvider.create(RatisPipelineProvider.java:153)
	at org.apache.hadoop.hdds.scm.pipeline.PipelineFactory.create(PipelineFactory.java:58)
	at org.apache.hadoop.hdds.scm.pipeline.SCMPipelineManager.createPipeline(SCMPipelineManager.java:155)
	at org.apache.hadoop.hdds.scm.block.BlockManagerImpl.allocateBlock(BlockManagerImpl.java:198)
	at org.apache.hadoop.hdds.scm.server.SCMBlockProtocolServer.allocateBlock(SCMBlockProtocolServer.java:187)
	at org.apache.hadoop.hdds.scm.protocol.ScmBlockLocationProtocolServerSideTranslatorPB.allocateScmBlock(ScmBlockLocationProtocolServerSideTranslatorPB.java:159)
	at org.apache.hadoop.hdds.scm.protocol.ScmBlockLocationProtocolServerSideTranslatorPB.processMessage(ScmBlockLocationProtocolServerSideTranslatorPB.java:117)
	at org.apache.hadoop.hdds.server.OzoneProtocolMessageDispatcher.processRequest(OzoneProtocolMessageDispatcher.java:72)
	at org.apache.hadoop.hdds.scm.protocol.ScmBlockLocationProtocolServerSideTranslatorPB.send(ScmBlockLocationProtocolServerSideTranslatorPB.java:98)
	at org.apache.hadoop.hdds.protocol.proto.ScmBlockLocationProtocolProtos$ScmBlockLocationProtocolService$2.callBlockingMethod(ScmBlockLocationProtocolProtos.java:13157)
	at org.apache.hadoop.ipc.ProtobufRpcEngine$Server$ProtoBufRpcInvoker.call(ProtobufRpcEngine.java:524)
	at org.apache.hadoop.ipc.RPC$Server.call(RPC.java:1025)
	at org.apache.hadoop.ipc.Server$RpcCall.run(Server.java:876)
	at org.apache.hadoop.ipc.Server$RpcCall.run(Server.java:822)
	at java.security.AccessController.doPrivileged(Native Method)
	at javax.security.auth.Subject.doAs(Subject.java:422)
	at org.apache.hadoop.security.UserGroupInformation.doAs(UserGroupInformation.java:1730)
	at org.apache.hadoop.ipc.Server$Handler.run(Server.java:2682)
2019-11-14 13:45:42,178 [IPC Server handler 7 on 40731] INFO  block.BlockManagerImpl (BlockManagerImpl.java:allocateBlock(212)) - Could not find available pipeline of type:RATIS and factor:THREE even after retrying
2019-11-14 13:45:42,178 [IPC Server handler 7 on 40731] ERROR block.BlockManagerImpl (BlockManagerImpl.java:allocateBlock(236)) - Unable to allocate a block for the size: 4194304, type: RATIS, factor: THREE
2019-11-14 13:45:42,179 [IPC Server handler 7 on 40731] WARN  block.BlockManagerImpl (BlockManagerImpl.java:allocateBlock(200)) - Pipeline creation failed for type:RATIS factor:THREE. Retrying get pipelines call once.
org.apache.hadoop.hdds.scm.pipeline.InsufficientDatanodesException: Cannot create pipeline of factor 3 using 0 nodes.
	at org.apache.hadoop.hdds.scm.pipeline.RatisPipelineProvider.create(RatisPipelineProvider.java:153)
	at org.apache.hadoop.hdds.scm.pipeline.PipelineFactory.create(PipelineFactory.java:58)
	at org.apache.hadoop.hdds.scm.pipeline.SCMPipelineManager.createPipeline(SCMPipelineManager.java:155)
	at org.apache.hadoop.hdds.scm.block.BlockManagerImpl.allocateBlock(BlockManagerImpl.java:198)
	at org.apache.hadoop.hdds.scm.server.SCMBlockProtocolServer.allocateBlock(SCMBlockProtocolServer.java:187)
	at org.apache.hadoop.hdds.scm.protocol.ScmBlockLocationProtocolServerSideTranslatorPB.allocateScmBlock(ScmBlockLocationProtocolServerSideTranslatorPB.java:159)
	at org.apache.hadoop.hdds.scm.protocol.ScmBlockLocationProtocolServerSideTranslatorPB.processMessage(ScmBlockLocationProtocolServerSideTranslatorPB.java:117)
	at org.apache.hadoop.hdds.server.OzoneProtocolMessageDispatcher.processRequest(OzoneProtocolMessageDispatcher.java:72)
	at org.apache.hadoop.hdds.scm.protocol.ScmBlockLocationProtocolServerSideTranslatorPB.send(ScmBlockLocationProtocolServerSideTranslatorPB.java:98)
	at org.apache.hadoop.hdds.protocol.proto.ScmBlockLocationProtocolProtos$ScmBlockLocationProtocolService$2.callBlockingMethod(ScmBlockLocationProtocolProtos.java:13157)
	at org.apache.hadoop.ipc.ProtobufRpcEngine$Server$ProtoBufRpcInvoker.call(ProtobufRpcEngine.java:524)
	at org.apache.hadoop.ipc.RPC$Server.call(RPC.java:1025)
	at org.apache.hadoop.ipc.Server$RpcCall.run(Server.java:876)
	at org.apache.hadoop.ipc.Server$RpcCall.run(Server.java:822)
	at java.security.AccessController.doPrivileged(Native Method)
	at javax.security.auth.Subject.doAs(Subject.java:422)
	at org.apache.hadoop.security.UserGroupInformation.doAs(UserGroupInformation.java:1730)
	at org.apache.hadoop.ipc.Server$Handler.run(Server.java:2682)
2019-11-14 13:45:42,179 [IPC Server handler 7 on 40731] INFO  block.BlockManagerImpl (BlockManagerImpl.java:allocateBlock(212)) - Could not find available pipeline of type:RATIS and factor:THREE even after retrying
2019-11-14 13:45:42,180 [IPC Server handler 7 on 40731] ERROR block.BlockManagerImpl (BlockManagerImpl.java:allocateBlock(236)) - Unable to allocate a block for the size: 4194304, type: RATIS, factor: THREE
2019-11-14 13:45:42,184 [pool-59-thread-3] ERROR freon.RandomKeyGenerator (RandomKeyGenerator.java:createKey(735)) - Exception while adding key: key-0-97944 in bucket: bucket-0-33239 of volume: vol-0-48634.
INTERNAL_ERROR org.apache.hadoop.ozone.om.exceptions.OMException: Allocated 0 blocks. Requested 5 blocks
	at org.apache.hadoop.ozone.om.protocolPB.OzoneManagerProtocolClientSideTranslatorPB.handleError(OzoneManagerProtocolClientSideTranslatorPB.java:761)
	at org.apache.hadoop.ozone.om.protocolPB.OzoneManagerProtocolClientSideTranslatorPB.openKey(OzoneManagerProtocolClientSideTranslatorPB.java:752)
	at sun.reflect.NativeMethodAccessorImpl.invoke0(Native Method)
	at sun.reflect.NativeMethodAccessorImpl.invoke(NativeMethodAccessorImpl.java:62)
	at sun.reflect.DelegatingMethodAccessorImpl.invoke(DelegatingMethodAccessorImpl.java:43)
	at java.lang.reflect.Method.invoke(Method.java:498)
	at org.apache.hadoop.hdds.tracing.TraceAllMethod.invoke(TraceAllMethod.java:66)
	at com.sun.proxy.$Proxy37.openKey(Unknown Source)
	at org.apache.hadoop.ozone.client.rpc.RpcClient.createKey(RpcClient.java:633)
	at org.apache.hadoop.ozone.client.OzoneBucket.createKey(OzoneBucket.java:325)
	at org.apache.hadoop.ozone.freon.RandomKeyGenerator.createKey(RandomKeyGenerator.java:697)
	at org.apache.hadoop.ozone.freon.RandomKeyGenerator.access$1100(RandomKeyGenerator.java:88)
	at org.apache.hadoop.ozone.freon.RandomKeyGenerator$ObjectCreator.run(RandomKeyGenerator.java:615)
	at java.util.concurrent.Executors$RunnableAdapter.call(Executors.java:511)
	at java.util.concurrent.FutureTask.run(FutureTask.java:266)
	at java.util.concurrent.ThreadPoolExecutor.runWorker(ThreadPoolExecutor.java:1149)
	at java.util.concurrent.ThreadPoolExecutor$Worker.run(ThreadPoolExecutor.java:624)
	at java.lang.Thread.run(Thread.java:748)
 0.00% |?                                                                                                    |  0/1 Time: 0:00:01 0.00% |?                                                                                                    |  0/1 Time: 0:00:02 0.00% |?                                                                                                    |  0/1 Time: 0:00:03 0.00% |?                                                                                                    |  0/1 Time: 0:00:042019-11-14 13:45:47,047 [Thread-497] INFO  impl.FollowerState (FollowerState.java:run(111)) - bfde180a-cbea-4c85-9ba8-0c8be2b11c81@group-C7D151CC06AD-FollowerState: change to CANDIDATE, lastRpcTime:5014ms, electionTimeout:5014ms
2019-11-14 13:45:47,048 [Thread-497] INFO  impl.RoleInfo (RoleInfo.java:shutdownFollowerState(121)) - bfde180a-cbea-4c85-9ba8-0c8be2b11c81: shutdown FollowerState
2019-11-14 13:45:47,048 [Thread-497] INFO  impl.RaftServerImpl (RaftServerImpl.java:setRole(173)) - bfde180a-cbea-4c85-9ba8-0c8be2b11c81@group-C7D151CC06AD: changes role from  FOLLOWER to CANDIDATE at term 0 for changeToCandidate
2019-11-14 13:45:47,048 [Thread-497] INFO  impl.RoleInfo (RoleInfo.java:updateAndGet(143)) - bfde180a-cbea-4c85-9ba8-0c8be2b11c81: start LeaderElection
2019-11-14 13:45:47,064 [bfde180a-cbea-4c85-9ba8-0c8be2b11c81@group-C7D151CC06AD-LeaderElection9] INFO  impl.LeaderElection (LeaderElection.java:askForVotes(178)) - bfde180a-cbea-4c85-9ba8-0c8be2b11c81@group-C7D151CC06AD-LeaderElection9: begin an election at term 1 for -1: [75c40d31-072e-4316-95b1-c49fef33c450:192.168.34.21:42275, af1c79e4-3d23-48bd-b14c-0e82a476e394:192.168.34.21:46601, bfde180a-cbea-4c85-9ba8-0c8be2b11c81:192.168.34.21:40757], old=null
2019-11-14 13:45:47,069 [grpc-default-executor-0] INFO  impl.RaftServerImpl (RaftServerImpl.java:setRole(173)) - 75c40d31-072e-4316-95b1-c49fef33c450@group-C7D151CC06AD: changes role from  FOLLOWER to FOLLOWER at term 1 for recognizeCandidate:bfde180a-cbea-4c85-9ba8-0c8be2b11c81
2019-11-14 13:45:47,069 [grpc-default-executor-3] INFO  impl.RaftServerImpl (RaftServerImpl.java:setRole(173)) - af1c79e4-3d23-48bd-b14c-0e82a476e394@group-C7D151CC06AD: changes role from  FOLLOWER to FOLLOWER at term 1 for recognizeCandidate:bfde180a-cbea-4c85-9ba8-0c8be2b11c81
2019-11-14 13:45:47,070 [grpc-default-executor-0] INFO  impl.RoleInfo (RoleInfo.java:shutdownFollowerState(121)) - 75c40d31-072e-4316-95b1-c49fef33c450: shutdown FollowerState
2019-11-14 13:45:47,070 [grpc-default-executor-3] INFO  impl.RoleInfo (RoleInfo.java:shutdownFollowerState(121)) - af1c79e4-3d23-48bd-b14c-0e82a476e394: shutdown FollowerState
2019-11-14 13:45:47,070 [Thread-496] INFO  impl.FollowerState (FollowerState.java:run(120)) - 75c40d31-072e-4316-95b1-c49fef33c450@group-C7D151CC06AD-FollowerState was interrupted: java.lang.InterruptedException: sleep interrupted
2019-11-14 13:45:47,070 [grpc-default-executor-0] INFO  impl.RoleInfo (RoleInfo.java:updateAndGet(143)) - 75c40d31-072e-4316-95b1-c49fef33c450: start FollowerState
2019-11-14 13:45:47,070 [grpc-default-executor-3] INFO  impl.RoleInfo (RoleInfo.java:updateAndGet(143)) - af1c79e4-3d23-48bd-b14c-0e82a476e394: start FollowerState
2019-11-14 13:45:47,070 [Thread-498] INFO  impl.FollowerState (FollowerState.java:run(120)) - af1c79e4-3d23-48bd-b14c-0e82a476e394@group-C7D151CC06AD-FollowerState was interrupted: java.lang.InterruptedException: sleep interrupted
2019-11-14 13:45:47,090 [bfde180a-cbea-4c85-9ba8-0c8be2b11c81@group-C7D151CC06AD-LeaderElection9] INFO  impl.LeaderElection (LeaderElection.java:logAndReturn(56)) - bfde180a-cbea-4c85-9ba8-0c8be2b11c81@group-C7D151CC06AD-LeaderElection9: Election PASSED; received 1 response(s) [bfde180a-cbea-4c85-9ba8-0c8be2b11c81<-75c40d31-072e-4316-95b1-c49fef33c450#0:OK-t1] and 0 exception(s); bfde180a-cbea-4c85-9ba8-0c8be2b11c81@group-C7D151CC06AD:t1, leader=null, voted=bfde180a-cbea-4c85-9ba8-0c8be2b11c81, raftlog=bfde180a-cbea-4c85-9ba8-0c8be2b11c81@group-C7D151CC06AD-SegmentedRaftLog:OPENED:c-1,f-1,i0, conf=-1: [75c40d31-072e-4316-95b1-c49fef33c450:192.168.34.21:42275, af1c79e4-3d23-48bd-b14c-0e82a476e394:192.168.34.21:46601, bfde180a-cbea-4c85-9ba8-0c8be2b11c81:192.168.34.21:40757], old=null
2019-11-14 13:45:47,090 [bfde180a-cbea-4c85-9ba8-0c8be2b11c81@group-C7D151CC06AD-LeaderElection9] INFO  impl.RoleInfo (RoleInfo.java:shutdownLeaderElection(134)) - bfde180a-cbea-4c85-9ba8-0c8be2b11c81: shutdown LeaderElection
2019-11-14 13:45:47,092 [bfde180a-cbea-4c85-9ba8-0c8be2b11c81@group-C7D151CC06AD-LeaderElection9] INFO  impl.RaftServerImpl (RaftServerImpl.java:setRole(173)) - bfde180a-cbea-4c85-9ba8-0c8be2b11c81@group-C7D151CC06AD: changes role from CANDIDATE to LEADER at term 1 for changeToLeader
2019-11-14 13:45:47,092 [bfde180a-cbea-4c85-9ba8-0c8be2b11c81@group-C7D151CC06AD-LeaderElection9] INFO  ratis.XceiverServerRatis (XceiverServerRatis.java:handleLeaderChangedNotification(697)) - Leader change notification received for group: group-C7D151CC06AD with new leaderId: bfde180a-cbea-4c85-9ba8-0c8be2b11c81
2019-11-14 13:45:47,092 [bfde180a-cbea-4c85-9ba8-0c8be2b11c81@group-C7D151CC06AD-LeaderElection9] INFO  impl.RaftServerImpl (ServerState.java:setLeader(255)) - bfde180a-cbea-4c85-9ba8-0c8be2b11c81@group-C7D151CC06AD: change Leader from null to bfde180a-cbea-4c85-9ba8-0c8be2b11c81 at term 1 for becomeLeader, leader elected after 5068ms
2019-11-14 13:45:47,092 [bfde180a-cbea-4c85-9ba8-0c8be2b11c81@group-C7D151CC06AD-LeaderElection9] INFO  server.RaftServerConfigKeys (ConfUtils.java:logGet(43)) - raft.server.staging.catchup.gap = 1000 (default)
2019-11-14 13:45:47,092 [bfde180a-cbea-4c85-9ba8-0c8be2b11c81@group-C7D151CC06AD-LeaderElection9] INFO  server.RaftServerConfigKeys (ConfUtils.java:logGet(43)) - raft.server.rpc.sleep.time = 25ms (default)
2019-11-14 13:45:47,093 [bfde180a-cbea-4c85-9ba8-0c8be2b11c81@group-C7D151CC06AD-LeaderElection9] INFO  server.RaftServerConfigKeys (ConfUtils.java:logGet(43)) - raft.server.write.element-limit = 4096 (default)
2019-11-14 13:45:47,093 [bfde180a-cbea-4c85-9ba8-0c8be2b11c81@group-C7D151CC06AD-LeaderElection9] INFO  server.RaftServerConfigKeys (ConfUtils.java:logGet(43)) - raft.server.watch.timeout = 10s (default)
2019-11-14 13:45:47,093 [bfde180a-cbea-4c85-9ba8-0c8be2b11c81@group-C7D151CC06AD-LeaderElection9] INFO  server.RaftServerConfigKeys (ConfUtils.java:logGet(43)) - raft.server.watch.timeout.denomination = 1s (default)
2019-11-14 13:45:47,093 [bfde180a-cbea-4c85-9ba8-0c8be2b11c81@group-C7D151CC06AD-LeaderElection9] INFO  server.RaftServerConfigKeys (ConfUtils.java:logGet(43)) - raft.server.watch.element-limit = 65536 (default)
2019-11-14 13:45:47,094 [bfde180a-cbea-4c85-9ba8-0c8be2b11c81@group-C7D151CC06AD-LeaderElection9] INFO  server.RaftServerConfigKeys (ConfUtils.java:logGet(43)) - raft.server.log.appender.snapshot.chunk.size.max = 16MB (=16777216) (default)
2019-11-14 13:45:47,094 [bfde180a-cbea-4c85-9ba8-0c8be2b11c81@group-C7D151CC06AD-LeaderElection9] INFO  server.RaftServerConfigKeys (ConfUtils.java:logGet(43)) - raft.server.log.appender.buffer.byte-limit = 33554432 (custom)
2019-11-14 13:45:47,094 [EventQueue-PipelineReportForPipelineReportHandler] INFO  pipeline.PipelineStateManager (PipelineStateManager.java:openPipeline(134)) - Pipeline Pipeline[ Id: 5aef5932-0501-4fd5-bb91-c7d151cc06ad, Nodes: 75c40d31-072e-4316-95b1-c49fef33c450{ip: 192.168.34.21, host: pr-hdds-2481-nxhrh-893604966, networkLocation: /default-rack, certSerialId: null}bfde180a-cbea-4c85-9ba8-0c8be2b11c81{ip: 192.168.34.21, host: pr-hdds-2481-nxhrh-893604966, networkLocation: /default-rack, certSerialId: null}af1c79e4-3d23-48bd-b14c-0e82a476e394{ip: 192.168.34.21, host: pr-hdds-2481-nxhrh-893604966, networkLocation: /default-rack, certSerialId: null}, Type:RATIS, Factor:THREE, State:OPEN] moved to OPEN state
2019-11-14 13:45:47,094 [bfde180a-cbea-4c85-9ba8-0c8be2b11c81@group-C7D151CC06AD-LeaderElection9] INFO  server.RaftServerConfigKeys (ConfUtils.java:logGet(43)) - raft.server.log.appender.buffer.element-limit = 1 (custom)
2019-11-14 13:45:47,095 [bfde180a-cbea-4c85-9ba8-0c8be2b11c81@group-C7D151CC06AD-LeaderElection9] INFO  grpc.GrpcConfigKeys$Server (ConfUtils.java:logGet(43)) - raft.grpc.server.leader.outstanding.appends.max = 128 (default)
2019-11-14 13:45:47,096 [bfde180a-cbea-4c85-9ba8-0c8be2b11c81@group-C7D151CC06AD-LeaderElection9] INFO  server.RaftServerConfigKeys (ConfUtils.java:logGet(43)) - raft.server.rpc.request.timeout = 3000ms (default)
2019-11-14 13:45:47,097 [bfde180a-cbea-4c85-9ba8-0c8be2b11c81@group-C7D151CC06AD-LeaderElection9] INFO  server.RaftServerConfigKeys (ConfUtils.java:logGet(43)) - raft.server.log.appender.install.snapshot.enabled = false (custom)
2019-11-14 13:45:47,097 [bfde180a-cbea-4c85-9ba8-0c8be2b11c81@group-C7D151CC06AD-LeaderElection9] WARN  impl.MetricRegistriesImpl (MetricRegistriesImpl.java:lambda$create$1(61)) - First MetricRegistry has been created without registering reporters. You may need to call MetricRegistries.global().addReportRegistration(...) before.
2019-11-14 13:45:47,097 [bfde180a-cbea-4c85-9ba8-0c8be2b11c81@group-C7D151CC06AD-LeaderElection9] INFO  server.RaftServerConfigKeys (ConfUtils.java:logGet(43)) - raft.server.log.appender.snapshot.chunk.size.max = 16MB (=16777216) (default)
2019-11-14 13:45:47,097 [bfde180a-cbea-4c85-9ba8-0c8be2b11c81@group-C7D151CC06AD-LeaderElection9] INFO  server.RaftServerConfigKeys (ConfUtils.java:logGet(43)) - raft.server.log.appender.buffer.byte-limit = 33554432 (custom)
2019-11-14 13:45:47,097 [bfde180a-cbea-4c85-9ba8-0c8be2b11c81@group-C7D151CC06AD-LeaderElection9] INFO  server.RaftServerConfigKeys (ConfUtils.java:logGet(43)) - raft.server.log.appender.buffer.element-limit = 1 (custom)
2019-11-14 13:45:47,098 [bfde180a-cbea-4c85-9ba8-0c8be2b11c81@group-C7D151CC06AD-LeaderElection9] INFO  grpc.GrpcConfigKeys$Server (ConfUtils.java:logGet(43)) - raft.grpc.server.leader.outstanding.appends.max = 128 (default)
2019-11-14 13:45:47,098 [bfde180a-cbea-4c85-9ba8-0c8be2b11c81@group-C7D151CC06AD-LeaderElection9] INFO  server.RaftServerConfigKeys (ConfUtils.java:logGet(43)) - raft.server.rpc.request.timeout = 3000ms (default)
2019-11-14 13:45:47,098 [bfde180a-cbea-4c85-9ba8-0c8be2b11c81@group-C7D151CC06AD-LeaderElection9] INFO  server.RaftServerConfigKeys (ConfUtils.java:logGet(43)) - raft.server.log.appender.install.snapshot.enabled = false (custom)
2019-11-14 13:45:47,098 [bfde180a-cbea-4c85-9ba8-0c8be2b11c81@group-C7D151CC06AD-LeaderElection9] INFO  impl.RoleInfo (RoleInfo.java:updateAndGet(143)) - bfde180a-cbea-4c85-9ba8-0c8be2b11c81: start LeaderState
2019-11-14 13:45:47,099 [bfde180a-cbea-4c85-9ba8-0c8be2b11c81@group-C7D151CC06AD-LeaderElection9] INFO  segmented.SegmentedRaftLogWorker (SegmentedRaftLogWorker.java:startLogSegment(385)) - bfde180a-cbea-4c85-9ba8-0c8be2b11c81@group-C7D151CC06AD-SegmentedRaftLogWorker: Starting segment from index:0
2019-11-14 13:45:47,100 [bfde180a-cbea-4c85-9ba8-0c8be2b11c81@group-C7D151CC06AD-LeaderElection9] INFO  impl.RaftServerImpl (ServerState.java:setRaftConf(356)) - bfde180a-cbea-4c85-9ba8-0c8be2b11c81@group-C7D151CC06AD: set configuration 0: [75c40d31-072e-4316-95b1-c49fef33c450:192.168.34.21:42275, af1c79e4-3d23-48bd-b14c-0e82a476e394:192.168.34.21:46601, bfde180a-cbea-4c85-9ba8-0c8be2b11c81:192.168.34.21:40757], old=null at 0
 0.00% |?                                                                                                    |  0/1 Time: 0:00:052019-11-14 13:45:47,132 [grpc-default-executor-0] INFO  ratis.XceiverServerRatis (XceiverServerRatis.java:handleLeaderChangedNotification(697)) - Leader change notification received for group: group-C7D151CC06AD with new leaderId: bfde180a-cbea-4c85-9ba8-0c8be2b11c81
2019-11-14 13:45:47,132 [grpc-default-executor-3] INFO  ratis.XceiverServerRatis (XceiverServerRatis.java:handleLeaderChangedNotification(697)) - Leader change notification received for group: group-C7D151CC06AD with new leaderId: bfde180a-cbea-4c85-9ba8-0c8be2b11c81
2019-11-14 13:45:47,133 [grpc-default-executor-0] INFO  impl.RaftServerImpl (ServerState.java:setLeader(255)) - 75c40d31-072e-4316-95b1-c49fef33c450@group-C7D151CC06AD: change Leader from null to bfde180a-cbea-4c85-9ba8-0c8be2b11c81 at term 1 for appendEntries, leader elected after 5109ms
2019-11-14 13:45:47,133 [grpc-default-executor-3] INFO  impl.RaftServerImpl (ServerState.java:setLeader(255)) - af1c79e4-3d23-48bd-b14c-0e82a476e394@group-C7D151CC06AD: change Leader from null to bfde180a-cbea-4c85-9ba8-0c8be2b11c81 at term 1 for appendEntries, leader elected after 5109ms
2019-11-14 13:45:47,137 [grpc-default-executor-0] INFO  impl.RaftServerImpl (ServerState.java:setRaftConf(356)) - 75c40d31-072e-4316-95b1-c49fef33c450@group-C7D151CC06AD: set configuration 0: [75c40d31-072e-4316-95b1-c49fef33c450:192.168.34.21:42275, af1c79e4-3d23-48bd-b14c-0e82a476e394:192.168.34.21:46601, bfde180a-cbea-4c85-9ba8-0c8be2b11c81:192.168.34.21:40757], old=null at 0
2019-11-14 13:45:47,137 [grpc-default-executor-3] INFO  impl.RaftServerImpl (ServerState.java:setRaftConf(356)) - af1c79e4-3d23-48bd-b14c-0e82a476e394@group-C7D151CC06AD: set configuration 0: [75c40d31-072e-4316-95b1-c49fef33c450:192.168.34.21:42275, af1c79e4-3d23-48bd-b14c-0e82a476e394:192.168.34.21:46601, bfde180a-cbea-4c85-9ba8-0c8be2b11c81:192.168.34.21:40757], old=null at 0
2019-11-14 13:45:47,138 [grpc-default-executor-0] INFO  segmented.SegmentedRaftLogWorker (SegmentedRaftLogWorker.java:startLogSegment(385)) - 75c40d31-072e-4316-95b1-c49fef33c450@group-C7D151CC06AD-SegmentedRaftLogWorker: Starting segment from index:0
2019-11-14 13:45:47,138 [grpc-default-executor-3] INFO  segmented.SegmentedRaftLogWorker (SegmentedRaftLogWorker.java:startLogSegment(385)) - af1c79e4-3d23-48bd-b14c-0e82a476e394@group-C7D151CC06AD-SegmentedRaftLogWorker: Starting segment from index:0
2019-11-14 13:45:47,141 [bfde180a-cbea-4c85-9ba8-0c8be2b11c81@group-C7D151CC06AD-SegmentedRaftLogWorker] INFO  segmented.SegmentedRaftLogWorker (SegmentedRaftLogWorker.java:execute(576)) - bfde180a-cbea-4c85-9ba8-0c8be2b11c81@group-C7D151CC06AD-SegmentedRaftLogWorker: created new log segment /workdir/hadoop-ozone/tools/target/test-dir/MiniOzoneClusterImpl-1db13fd8-7b5c-4c28-b07c-c36c47cddec3/datanode-0/data/ratis/5aef5932-0501-4fd5-bb91-c7d151cc06ad/current/log_inprogress_0
2019-11-14 13:45:47,168 [75c40d31-072e-4316-95b1-c49fef33c450@group-C7D151CC06AD-SegmentedRaftLogWorker] INFO  segmented.SegmentedRaftLogWorker (SegmentedRaftLogWorker.java:execute(576)) - 75c40d31-072e-4316-95b1-c49fef33c450@group-C7D151CC06AD-SegmentedRaftLogWorker: created new log segment /workdir/hadoop-ozone/tools/target/test-dir/MiniOzoneClusterImpl-1db13fd8-7b5c-4c28-b07c-c36c47cddec3/datanode-1/data/ratis/5aef5932-0501-4fd5-bb91-c7d151cc06ad/current/log_inprogress_0
2019-11-14 13:45:47,168 [af1c79e4-3d23-48bd-b14c-0e82a476e394@group-C7D151CC06AD-SegmentedRaftLogWorker] INFO  segmented.SegmentedRaftLogWorker (SegmentedRaftLogWorker.java:execute(576)) - af1c79e4-3d23-48bd-b14c-0e82a476e394@group-C7D151CC06AD-SegmentedRaftLogWorker: created new log segment /workdir/hadoop-ozone/tools/target/test-dir/MiniOzoneClusterImpl-1db13fd8-7b5c-4c28-b07c-c36c47cddec3/datanode-2/data/ratis/5aef5932-0501-4fd5-bb91-c7d151cc06ad/current/log_inprogress_0
 100.00% |?????????????????????????????????????????????????????????????????????????????????????????????????????|  1/1 Time: 0:00:06
]]></system-out>
    <system-err><![CDATA[ERROR StatusLogger No Log4j 2 configuration file found. Using default configuration (logging only errors to the console), or user programmatically provided configurations. Set system property 'log4j2.debug' to show Log4j 2 internal initialization logging. See https://logging.apache.org/log4j/2.x/manual/configuration.html for instructions on how to configure Log4j 2
]]></system-err>
  </testcase>
</testsuite>